WARNING:root:gcloud not found in PATH.
INFO:root:Successfully integrated benchmark: libvips_libvips.
INFO:root:Please run "make test-run-afl-libvips_libvips" to test integration.
#1 [internal] load build definition from Dockerfile
#1 sha256:1bbedc2b5596bf00bcb23b16f8ce30f9f2ecdde95a86714052e3e629adaee449
#1 transferring dockerfile: 1.62kB done
#1 DONE 0.2s

#2 [internal] load .dockerignore
#2 sha256:a26245fa5f891ae9f2e8a0c29d2c5d041198ab1ad27f4a78d9d4970f1ee396d5
#2 transferring context: 2B done
#2 DONE 0.3s

#3 [internal] load metadata for gcr.io/oss-fuzz-base/base-builder:latest
#3 sha256:f10dc39cc9d418a5bc416dead31a1902b6821fdae909cd3b08f7a3fd1faba7b5
#3 DONE 0.4s

#18 [internal] load build context
#18 sha256:e3bdf079a91f609c52f99cd332f458e1444baea9029d0c27a9187dff08eceb21
#18 DONE 0.0s

#5 [ 1/14] FROM gcr.io/oss-fuzz-base/base-builder@sha256:4ad017ca53699eda684c1c444948c93a4af848fe34baee3a765d3c4693fe6a56
#5 sha256:3f10b3978a3951f6e2692fa5e5890ee5a755650381dedece7198ed0b1dcdaa8c
#5 DONE 0.0s

#4 importing cache manifest from gcr.io/fuzzbench/builders/benchmark/libvips_libvips
#4 sha256:f4650d850c1aff3a862be9bc2a3cf24e5ca6d045f10bcf74c3ae5ab1d4be0f55
#4 ERROR: gcr.io/fuzzbench/builders/benchmark/libvips_libvips:latest: not found

#6 [ 2/14] RUN apt-get update && apt-get install -y   curl   automake   cmake   nasm   gtk-doc-tools   gobject-introspection   libfftw3-dev   libexpat1-dev   libffi-dev   glib2.0-dev
#6 sha256:d5da10aef88ee4dea4cedb67adcb2f24f915721316e5a5cd7b0a4ff19156489e
#6 CACHED

#7 [ 3/14] RUN mkdir afl-testcases
#7 sha256:2d609545e2ca750543019ca2f270d31ac7f5c72451b91ca355806fdd8203659e
#7 CACHED

#18 [internal] load build context
#18 sha256:e3bdf079a91f609c52f99cd332f458e1444baea9029d0c27a9187dff08eceb21
#18 transferring context: 3.44kB done
#18 DONE 0.3s

#8 [ 4/14] RUN curl http://lcamtuf.coredump.cx/afl/demo/afl_testcases.tgz | tar xzC afl-testcases
#8 sha256:1442f4387e656536707cf192f4f8495f4599598ec96f23639900cf2be7d9cf69
#8 0.628   % Total    % Received % Xferd  Average Speed   Time    Time     Time  Current
#8 0.628                                  Dload  Upload   Total   Spent    Left  Speed
#8 0.628   0     0    0     0    0     0      0      0 --:--:-- --:--:-- --:--:--     0  0     0    0     0    0     0      0      0 --:--:-- --:--:-- --:--:--     0
#8 0.693 
#8 0.693 gzip: stdin: unexpected end of file
#8 0.694 tar: Child returned status 1
#8 0.694 tar: Error is not recoverable: exiting now
#8 ERROR: executor failed running [/bin/sh -c curl http://lcamtuf.coredump.cx/afl/demo/afl_testcases.tgz | tar xzC afl-testcases]: exit code: 2
------
 > importing cache manifest from gcr.io/fuzzbench/builders/benchmark/libvips_libvips:
------
------
 > [ 4/14] RUN curl http://lcamtuf.coredump.cx/afl/demo/afl_testcases.tgz | tar xzC afl-testcases:
------
executor failed running [/bin/sh -c curl http://lcamtuf.coredump.cx/afl/demo/afl_testcases.tgz | tar xzC afl-testcases]: exit code: 2
make: *** [docker/generated.mk:36563: .libvips_libvips-project-builder] Error 1
/bin/sh: 1: source: not found
#1 [internal] load build definition from Dockerfile
#1 sha256:49a5db5c74adad9f004bc83b409a27b5ab941cfebdbc5e76c740228e79b8ebf3
#1 transferring dockerfile: 32B done
#1 DONE 0.8s

#2 [internal] load .dockerignore
#2 sha256:1fac6658fe2fb9d3046df1bdd298cedabfa21ea55d64c210b6dd2578e88f1bdf
#2 transferring context: 2B done
#2 DONE 0.8s

#3 [internal] load metadata for gcr.io/oss-fuzz-base/base-builder:latest
#3 sha256:f10dc39cc9d418a5bc416dead31a1902b6821fdae909cd3b08f7a3fd1faba7b5
#3 DONE 0.4s

#18 [internal] load build context
#18 sha256:b1f819b447be075b0dc8f9744c40d4cdea02c3c84357673dbba44d504ab27331
#18 DONE 0.0s

#5 [ 1/14] FROM gcr.io/oss-fuzz-base/base-builder@sha256:4ad017ca53699eda684c1c444948c93a4af848fe34baee3a765d3c4693fe6a56
#5 sha256:3f10b3978a3951f6e2692fa5e5890ee5a755650381dedece7198ed0b1dcdaa8c
#5 DONE 0.0s

#4 importing cache manifest from gcr.io/fuzzbench/builders/benchmark/libvips_libvips
#4 sha256:f4650d850c1aff3a862be9bc2a3cf24e5ca6d045f10bcf74c3ae5ab1d4be0f55
#4 ERROR: gcr.io/fuzzbench/builders/benchmark/libvips_libvips:latest: not found

#6 [ 2/14] RUN apt-get update && apt-get install -y   curl   automake   cmake   nasm   gtk-doc-tools   gobject-introspection   libfftw3-dev   libexpat1-dev   libffi-dev   glib2.0-dev
#6 sha256:d5da10aef88ee4dea4cedb67adcb2f24f915721316e5a5cd7b0a4ff19156489e
#6 CACHED

#7 [ 3/14] RUN mkdir afl-testcases
#7 sha256:2d609545e2ca750543019ca2f270d31ac7f5c72451b91ca355806fdd8203659e
#7 CACHED

#18 [internal] load build context
#18 sha256:b1f819b447be075b0dc8f9744c40d4cdea02c3c84357673dbba44d504ab27331
#18 transferring context: 30B done
#18 DONE 0.2s

#8 [ 4/14] RUN curl http://lcamtuf.coredump.cx/afl/demo/afl_testcases.tgz | tar xzC afl-testcases
#8 sha256:1442f4387e656536707cf192f4f8495f4599598ec96f23639900cf2be7d9cf69
#8 0.668   % Total    % Received % Xferd  Average Speed   Time    Time     Time  Current
#8 0.668                                  Dload  Upload   Total   Spent    Left  Speed
#8 0.668   0     0    0     0    0     0      0      0 --:--:-- --:--:-- --:--:--     0  0     0    0     0    0     0      0      0 --:--:-- --:--:-- --:--:--     0
#8 0.722 
#8 0.722 gzip: stdin: unexpected end of file
#8 0.722 tar: Child returned status 1
#8 0.722 tar: Error is not recoverable: exiting now
#8 ERROR: executor failed running [/bin/sh -c curl http://lcamtuf.coredump.cx/afl/demo/afl_testcases.tgz | tar xzC afl-testcases]: exit code: 2
------
 > importing cache manifest from gcr.io/fuzzbench/builders/benchmark/libvips_libvips:
------
------
 > [ 4/14] RUN curl http://lcamtuf.coredump.cx/afl/demo/afl_testcases.tgz | tar xzC afl-testcases:
------
executor failed running [/bin/sh -c curl http://lcamtuf.coredump.cx/afl/demo/afl_testcases.tgz | tar xzC afl-testcases]: exit code: 2
make: *** [docker/generated.mk:36563: .libvips_libvips-project-builder] Error 1
