WARNING:root:gcloud not found in PATH.
INFO:root:Successfully integrated benchmark: botan_botan.
INFO:root:Please run "make test-run-afl-botan_botan" to test integration.
#1 [internal] load build definition from Dockerfile
#1 sha256:cee784f630d7698b54b1fde294cdd8759cafbfb4a8ca4bc76f1b20b4c606e66d
#1 transferring dockerfile: 991B done
#1 DONE 0.1s

#2 [internal] load .dockerignore
#2 sha256:8b55e12a62bbbbd1f56411572e0867631d650d8766216d00b3dbafcd4755eb5d
#2 transferring context: 2B done
#2 DONE 0.2s

#3 [internal] load metadata for gcr.io/oss-fuzz-base/base-builder:latest
#3 sha256:f10dc39cc9d418a5bc416dead31a1902b6821fdae909cd3b08f7a3fd1faba7b5
#3 DONE 0.4s

#10 [internal] load build context
#10 sha256:f50eeefb90eb201850421818e7a99409f7670d06642f1a9a6091a859be25abaa
#10 DONE 0.0s

#5 [1/6] FROM gcr.io/oss-fuzz-base/base-builder@sha256:77750d283f2957d1beeddda2e8f6c5604ab5f969a3616e9cac40f4261ca04c0a
#5 sha256:7999addb2cd81975cd6421c6aaef5643a901995c540a40e8df741ab4c30f6043
#5 DONE 0.0s

#4 importing cache manifest from gcr.io/fuzzbench/builders/benchmark/botan_botan
#4 sha256:cf45026665fda83efc35ec068e3b32789fc14bf2908566003132bf78c392ba20
#4 ERROR: gcr.io/fuzzbench/builders/benchmark/botan_botan:latest: not found

#5 [1/6] FROM gcr.io/oss-fuzz-base/base-builder@sha256:77750d283f2957d1beeddda2e8f6c5604ab5f969a3616e9cac40f4261ca04c0a
#5 sha256:7999addb2cd81975cd6421c6aaef5643a901995c540a40e8df741ab4c30f6043
#5 CACHED

#10 [internal] load build context
#10 sha256:f50eeefb90eb201850421818e7a99409f7670d06642f1a9a6091a859be25abaa
#10 transferring context: 1.38kB done
#10 DONE 0.2s

#6 [2/6] RUN apt-get install -y make python
#6 sha256:5ec23b703d9310ba08171ebd02d6b4527a4d060c1446b1cabe271d3d1ae460bb
#6 0.467 Reading package lists...
#6 2.102 Building dependency tree...
#6 2.319 Reading state information...
#6 2.545 make is already the newest version (4.2.1-1.2).
#6 2.545 make set to manually installed.
#6 2.545 The following additional packages will be installed:
#6 2.546   libpython2-stdlib libpython2.7-minimal libpython2.7-stdlib python2
#6 2.546   python2-minimal python2.7 python2.7-minimal
#6 2.548 Suggested packages:
#6 2.548   python2-doc python-tk python2.7-doc binfmt-support
#6 2.699 The following NEW packages will be installed:
#6 2.700   libpython2-stdlib libpython2.7-minimal libpython2.7-stdlib python-is-python2
#6 2.700   python2 python2-minimal python2.7 python2.7-minimal
#6 2.806 0 upgraded, 8 newly installed, 0 to remove and 0 not upgraded.
#6 2.806 Need to get 3819 kB of archives.
#6 2.806 After this operation, 16.5 MB of additional disk space will be used.
#6 2.806 Get:1 http://archive.ubuntu.com/ubuntu focal-updates/universe amd64 libpython2.7-minimal amd64 2.7.18-1~20.04.1 [335 kB]
#6 2.925 Get:2 http://archive.ubuntu.com/ubuntu focal-updates/universe amd64 python2.7-minimal amd64 2.7.18-1~20.04.1 [1285 kB]
#6 3.021 Get:3 http://archive.ubuntu.com/ubuntu focal/universe amd64 python2-minimal amd64 2.7.17-2ubuntu4 [27.5 kB]
#6 3.023 Get:4 http://archive.ubuntu.com/ubuntu focal-updates/universe amd64 libpython2.7-stdlib amd64 2.7.18-1~20.04.1 [1887 kB]
#6 3.165 Get:5 http://archive.ubuntu.com/ubuntu focal-updates/universe amd64 python2.7 amd64 2.7.18-1~20.04.1 [248 kB]
#6 3.183 Get:6 http://archive.ubuntu.com/ubuntu focal/universe amd64 libpython2-stdlib amd64 2.7.17-2ubuntu4 [7072 B]
#6 3.184 Get:7 http://archive.ubuntu.com/ubuntu focal/universe amd64 python2 amd64 2.7.17-2ubuntu4 [26.5 kB]
#6 3.186 Get:8 http://archive.ubuntu.com/ubuntu focal/universe amd64 python-is-python2 all 2.7.17-4 [2496 B]
#6 3.487 debconf: delaying package configuration, since apt-utils is not installed
#6 3.562 Fetched 3819 kB in 0s (8055 kB/s)
#6 3.613 Selecting previously unselected package libpython2.7-minimal:amd64.
#6 3.613 (Reading database ... (Reading database ... 5%(Reading database ... 10%(Reading database ... 15%(Reading database ... 20%(Reading database ... 25%(Reading database ... 30%(Reading database ... 35%(Reading database ... 40%(Reading database ... 45%(Reading database ... 50%(Reading database ... 55%(Reading database ... 60%(Reading database ... 65%(Reading database ... 70%(Reading database ... 75%(Reading database ... 80%(Reading database ... 85%(Reading database ... 90%(Reading database ... 95%(Reading database ... 100%(Reading database ... 21291 files and directories currently installed.)
#6 3.743 Preparing to unpack .../0-libpython2.7-minimal_2.7.18-1~20.04.1_amd64.deb ...
#6 3.749 Unpacking libpython2.7-minimal:amd64 (2.7.18-1~20.04.1) ...
#6 3.858 Selecting previously unselected package python2.7-minimal.
#6 3.861 Preparing to unpack .../1-python2.7-minimal_2.7.18-1~20.04.1_amd64.deb ...
#6 3.872 Unpacking python2.7-minimal (2.7.18-1~20.04.1) ...
#6 4.051 Selecting previously unselected package python2-minimal.
#6 4.054 Preparing to unpack .../2-python2-minimal_2.7.17-2ubuntu4_amd64.deb ...
#6 4.057 Unpacking python2-minimal (2.7.17-2ubuntu4) ...
#6 4.106 Selecting previously unselected package libpython2.7-stdlib:amd64.
#6 4.109 Preparing to unpack .../3-libpython2.7-stdlib_2.7.18-1~20.04.1_amd64.deb ...
#6 4.113 Unpacking libpython2.7-stdlib:amd64 (2.7.18-1~20.04.1) ...
#6 4.458 Selecting previously unselected package python2.7.
#6 4.462 Preparing to unpack .../4-python2.7_2.7.18-1~20.04.1_amd64.deb ...
#6 4.467 Unpacking python2.7 (2.7.18-1~20.04.1) ...
#6 4.525 Selecting previously unselected package libpython2-stdlib:amd64.
#6 4.528 Preparing to unpack .../5-libpython2-stdlib_2.7.17-2ubuntu4_amd64.deb ...
#6 4.534 Unpacking libpython2-stdlib:amd64 (2.7.17-2ubuntu4) ...
#6 4.587 Setting up libpython2.7-minimal:amd64 (2.7.18-1~20.04.1) ...
#6 4.604 Setting up python2.7-minimal (2.7.18-1~20.04.1) ...
#6 5.014 Setting up python2-minimal (2.7.17-2ubuntu4) ...
#6 5.110 Selecting previously unselected package python2.
#6 5.110 (Reading database ... (Reading database ... 5%(Reading database ... 10%(Reading database ... 15%(Reading database ... 20%(Reading database ... 25%(Reading database ... 30%(Reading database ... 35%(Reading database ... 40%(Reading database ... 45%(Reading database ... 50%(Reading database ... 55%(Reading database ... 60%(Reading database ... 65%(Reading database ... 70%(Reading database ... 75%(Reading database ... 80%(Reading database ... 85%(Reading database ... 90%(Reading database ... 95%(Reading database ... 100%(Reading database ... 22038 files and directories currently installed.)
#6 5.129 Preparing to unpack .../python2_2.7.17-2ubuntu4_amd64.deb ...
#6 5.134 Unpacking python2 (2.7.17-2ubuntu4) ...
#6 5.188 Selecting previously unselected package python-is-python2.
#6 5.191 Preparing to unpack .../python-is-python2_2.7.17-4_all.deb ...
#6 5.196 Unpacking python-is-python2 (2.7.17-4) ...
#6 5.251 Setting up libpython2.7-stdlib:amd64 (2.7.18-1~20.04.1) ...
#6 5.268 Setting up python2.7 (2.7.18-1~20.04.1) ...
#6 6.200 Setting up libpython2-stdlib:amd64 (2.7.17-2ubuntu4) ...
#6 6.216 Setting up python2 (2.7.17-2ubuntu4) ...
#6 6.232 Setting up python-is-python2 (2.7.17-4) ...
#6 6.248 Processing triggers for mime-support (3.64ubuntu1) ...
#6 DONE 6.5s

#7 [3/6] RUN git clone --depth 1 https://github.com/randombit/botan.git botan
#7 sha256:4c136cc683421b4cab04a3e80173105ad44475008eb4850363992042a4cb12ea
#7 0.453 Cloning into 'botan'...
#7 DONE 3.7s

#8 [4/6] RUN git clone --depth 1 https://github.com/randombit/crypto-corpus.git crypto-corpus
#8 sha256:069f7bae5b9f2ade5aac0e09d74121a2db0cfcbcc1ffa9fddbe64a9e4a7862bc
#8 0.435 Cloning into 'crypto-corpus'...
#8 2.924 Updating files:  74% (14046/18965)Updating files:  75% (14224/18965)Updating files:  76% (14414/18965)Updating files:  77% (14604/18965)Updating files:  78% (14793/18965)Updating files:  79% (14983/18965)Updating files:  80% (15172/18965)Updating files:  81% (15362/18965)Updating files:  82% (15552/18965)Updating files:  83% (15741/18965)Updating files:  84% (15931/18965)Updating files:  85% (16121/18965)Updating files:  86% (16310/18965)Updating files:  87% (16500/18965)Updating files:  88% (16690/18965)Updating files:  89% (16879/18965)Updating files:  90% (17069/18965)Updating files:  91% (17259/18965)Updating files:  92% (17448/18965)Updating files:  93% (17638/18965)Updating files:  94% (17828/18965)Updating files:  95% (18017/18965)Updating files:  96% (18207/18965)Updating files:  97% (18397/18965)Updating files:  98% (18586/18965)Updating files:  99% (18776/18965)Updating files: 100% (18965/18965)Updating files: 100% (18965/18965), done.
#8 DONE 3.8s

#9 [5/6] WORKDIR botan
#9 sha256:63c1b88829bbb939ca5bfd54295fff4285efb58a78cbb8a611d43a8a9d712733
#9 DONE 0.2s

#11 [6/6] COPY build.sh /src/
#11 sha256:c8c24d1964e40c0c00d8d48fe969e2498ee356512e49d60d9bc12897a61c32b7
#11 DONE 0.2s

#12 exporting to image
#12 sha256:e8c613e07b0b7ff33893b694f7759a10d42e180f2b4dc349fb57dc6b71dcab00
#12 exporting layers done
#12 writing image sha256:f5d6d6a940d8eae8a31a04036e77ef5f0d4bb250a9715587c11ab93adf3a5256
#12 writing image sha256:f5d6d6a940d8eae8a31a04036e77ef5f0d4bb250a9715587c11ab93adf3a5256 done
#12 naming to gcr.io/fuzzbench/builders/benchmark/botan_botan done
#12 DONE 0.1s

#13 exporting cache
#13 sha256:2700d4ef94dee473593c5c614b55b2dedcca7893909811a8f2b48291a1f581e4
#13 preparing build cache for export done
#13 DONE 0.0s
------
 > importing cache manifest from gcr.io/fuzzbench/builders/benchmark/botan_botan:
------
#1 [internal] load build definition from builder.Dockerfile
#1 sha256:f3a973da7b2808144eb9def1c2c89792270145840dd06ef2192d90761c2214d1
#1 transferring dockerfile: 1.35kB done
#1 DONE 0.0s

#2 [internal] load .dockerignore
#2 sha256:32a066be220f2d3cf2e93a086e7f52c59a33a5811410603f37201599b88a4365
#2 transferring context: 2B done
#2 DONE 0.1s

#3 [internal] load metadata for gcr.io/fuzzbench/builders/benchmark/botan_botan:latest
#3 sha256:b561e44f788229bb9d7a4256c7c8b5a20ae29a5f39459ab38340f0987bd34714
#3 DONE 0.0s

#5 [1/3] FROM gcr.io/fuzzbench/builders/benchmark/botan_botan
#5 sha256:66d78230fcfb9f2aecf081fd26fcab61168b045208fae792645e714eaf247d94
#5 DONE 0.0s

#4 importing cache manifest from gcr.io/fuzzbench/builders/afl/botan_botan-intermediate
#4 sha256:292f001ae02d29d9dc3b4f1d8dbb65b3a02a2d79dd1d51a0c431641948eaa463
#4 ERROR: gcr.io/fuzzbench/builders/afl/botan_botan-intermediate:latest: not found

#5 [1/3] FROM gcr.io/fuzzbench/builders/benchmark/botan_botan
#5 sha256:66d78230fcfb9f2aecf081fd26fcab61168b045208fae792645e714eaf247d94
#5 DONE 0.6s

#6 [2/3] RUN git clone https://github.com/google/AFL.git /afl &&     cd /afl &&     git checkout 61037103ae3722c8060ff7082994836a794f978e &&     AFL_NO_X86=1 make
#6 sha256:7fda05db77ce0f41c7ec3b09b7d057a75b34da6e1d69f888d5d04290d4453eeb
#6 0.338 Cloning into '/afl'...
#6 1.111 Note: switching to '61037103ae3722c8060ff7082994836a794f978e'.
#6 1.111 
#6 1.111 You are in 'detached HEAD' state. You can look around, make experimental
#6 1.111 changes and commit them, and you can discard any commits you make in this
#6 1.111 state without impacting any branches by switching back to a branch.
#6 1.111 
#6 1.111 If you want to create a new branch to retain commits you create, you may
#6 1.111 do so (now or later) by using -c with the switch command. Example:
#6 1.111 
#6 1.111   git switch -c <new-branch-name>
#6 1.111 
#6 1.111 Or undo this operation with:
#6 1.111 
#6 1.111   git switch -
#6 1.111 
#6 1.111 Turn off this advice by setting config variable advice.detachedHead to false
#6 1.111 
#6 1.111 HEAD is now at 6103710 Fix a typo filename comparison in the fuzzer (#139)
#6 1.130 [!] Note: skipping x86 compilation checks (AFL_NO_X86 set).
#6 1.131 clang -O1 -fno-omit-frame-pointer -gline-tables-only -DFUZZING_BUILD_MODE_UNSAFE_FOR_PRODUCTION -Wall -D_FORTIFY_SOURCE=2 -g -Wno-pointer-sign -DAFL_PATH=\"/usr/local/lib/afl\" -DDOC_PATH=\"/usr/local/share/doc/afl\" -DBIN_PATH=\"/usr/local/bin\" afl-gcc.c -o afl-gcc -ldl
#6 1.308 set -e; for i in afl-g++ afl-clang afl-clang++; do ln -sf afl-gcc $i; done
#6 1.311 clang -O1 -fno-omit-frame-pointer -gline-tables-only -DFUZZING_BUILD_MODE_UNSAFE_FOR_PRODUCTION -Wall -D_FORTIFY_SOURCE=2 -g -Wno-pointer-sign -DAFL_PATH=\"/usr/local/lib/afl\" -DDOC_PATH=\"/usr/local/share/doc/afl\" -DBIN_PATH=\"/usr/local/bin\" afl-fuzz.c -o afl-fuzz -ldl
#6 3.754 clang -O1 -fno-omit-frame-pointer -gline-tables-only -DFUZZING_BUILD_MODE_UNSAFE_FOR_PRODUCTION -Wall -D_FORTIFY_SOURCE=2 -g -Wno-pointer-sign -DAFL_PATH=\"/usr/local/lib/afl\" -DDOC_PATH=\"/usr/local/share/doc/afl\" -DBIN_PATH=\"/usr/local/bin\" afl-showmap.c -o afl-showmap -ldl
#6 4.070 clang -O1 -fno-omit-frame-pointer -gline-tables-only -DFUZZING_BUILD_MODE_UNSAFE_FOR_PRODUCTION -Wall -D_FORTIFY_SOURCE=2 -g -Wno-pointer-sign -DAFL_PATH=\"/usr/local/lib/afl\" -DDOC_PATH=\"/usr/local/share/doc/afl\" -DBIN_PATH=\"/usr/local/bin\" afl-tmin.c -o afl-tmin -ldl
#6 4.508 clang -O1 -fno-omit-frame-pointer -gline-tables-only -DFUZZING_BUILD_MODE_UNSAFE_FOR_PRODUCTION -Wall -D_FORTIFY_SOURCE=2 -g -Wno-pointer-sign -DAFL_PATH=\"/usr/local/lib/afl\" -DDOC_PATH=\"/usr/local/share/doc/afl\" -DBIN_PATH=\"/usr/local/bin\" afl-gotcpu.c -o afl-gotcpu -ldl
#6 4.659 clang -O1 -fno-omit-frame-pointer -gline-tables-only -DFUZZING_BUILD_MODE_UNSAFE_FOR_PRODUCTION -Wall -D_FORTIFY_SOURCE=2 -g -Wno-pointer-sign -DAFL_PATH=\"/usr/local/lib/afl\" -DDOC_PATH=\"/usr/local/share/doc/afl\" -DBIN_PATH=\"/usr/local/bin\" afl-analyze.c -o afl-analyze -ldl
#6 5.059 clang -O1 -fno-omit-frame-pointer -gline-tables-only -DFUZZING_BUILD_MODE_UNSAFE_FOR_PRODUCTION -Wall -D_FORTIFY_SOURCE=2 -g -Wno-pointer-sign -DAFL_PATH=\"/usr/local/lib/afl\" -DDOC_PATH=\"/usr/local/share/doc/afl\" -DBIN_PATH=\"/usr/local/bin\" afl-as.c -o afl-as -ldl
#6 5.299 ln -sf afl-as as
#6 5.301 [!] Note: skipping build tests (you may need to use LLVM or QEMU mode).
#6 5.303 [+] LLVM users: see llvm_mode/README.llvm for a faster alternative to afl-gcc.
#6 5.304 [+] All done! Be sure to review README - it's pretty short and useful.
#6 DONE 5.6s

#7 [3/3] RUN apt-get update &&     apt-get install wget -y &&     wget https://raw.githubusercontent.com/llvm/llvm-project/5feb80e748924606531ba28c97fe65145c65372e/compiler-rt/lib/fuzzer/afl/afl_driver.cpp -O /afl/afl_driver.cpp &&     clang -Wno-pointer-sign -c /afl/llvm_mode/afl-llvm-rt.o.c -I/afl &&     clang++ -stdlib=libc++ -std=c++11 -O2 -c /afl/afl_driver.cpp &&     ar r /libAFL.a *.o
#7 sha256:7acdce5e67604d7b567a3cc47b805046759db3bb9353a480e1b98ccc4e8ad000
#7 0.627 Hit:1 http://archive.ubuntu.com/ubuntu focal InRelease
#7 0.627 Get:2 http://archive.ubuntu.com/ubuntu focal-updates InRelease [114 kB]
#7 0.627 Hit:3 http://ppa.launchpad.net/git-core/ppa/ubuntu focal InRelease
#7 0.714 Get:4 http://archive.ubuntu.com/ubuntu focal-backports InRelease [108 kB]
#7 0.773 Get:5 http://security.ubuntu.com/ubuntu focal-security InRelease [114 kB]
#7 1.192 Get:6 http://archive.ubuntu.com/ubuntu focal-updates/universe i386 Packages [826 kB]
#7 1.316 Get:7 http://archive.ubuntu.com/ubuntu focal-updates/main i386 Packages [752 kB]
#7 1.477 Get:8 http://archive.ubuntu.com/ubuntu focal-updates/universe amd64 Packages [1133 kB]
#7 1.592 Get:9 http://security.ubuntu.com/ubuntu focal-security/restricted amd64 Packages [961 kB]
#7 1.614 Get:10 http://archive.ubuntu.com/ubuntu focal-updates/main amd64 Packages [1973 kB]
#7 2.156 Get:11 http://security.ubuntu.com/ubuntu focal-security/universe amd64 Packages [839 kB]
#7 2.256 Get:12 http://security.ubuntu.com/ubuntu focal-security/main i386 Packages [464 kB]
#7 2.296 Get:13 http://security.ubuntu.com/ubuntu focal-security/main amd64 Packages [1546 kB]
#7 2.414 Get:14 http://security.ubuntu.com/ubuntu focal-security/universe i386 Packages [656 kB]
#7 2.666 Fetched 9486 kB in 2s (4586 kB/s)
#7 2.666 Reading package lists...
#7 4.210 Reading package lists...
#7 5.648 Building dependency tree...
#7 5.865 Reading state information...
#7 6.110 wget is already the newest version (1.20.3-1ubuntu2).
#7 6.110 0 upgraded, 0 newly installed, 0 to remove and 0 not upgraded.
#7 6.118 --2022-02-10 21:11:09--  https://raw.githubusercontent.com/llvm/llvm-project/5feb80e748924606531ba28c97fe65145c65372e/compiler-rt/lib/fuzzer/afl/afl_driver.cpp
#7 6.119 Resolving raw.githubusercontent.com (raw.githubusercontent.com)... 185.199.111.133, 185.199.108.133, 185.199.109.133, ...
#7 6.121 Connecting to raw.githubusercontent.com (raw.githubusercontent.com)|185.199.111.133|:443... connected.
#7 6.144 HTTP request sent, awaiting response... 200 OK
#7 6.354 Length: 9177 (9.0K) [text/plain]
#7 6.354 Saving to: '/afl/afl_driver.cpp'
#7 6.355 
#7 6.355      0K ........                                              100% 10.7M=0.001s
#7 6.355 
#7 6.355 2022-02-10 21:11:09 (10.7 MB/s) - '/afl/afl_driver.cpp' saved [9177/9177]
#7 6.355 
#7 8.152 ar: creating /libAFL.a
#7 DONE 8.2s

#8 exporting to image
#8 sha256:e8c613e07b0b7ff33893b694f7759a10d42e180f2b4dc349fb57dc6b71dcab00
#8 exporting layers done
#8 writing image sha256:38f2ef7608cc48ef0a3bf062027bc1c1e1c95e4984df2e362ee5af76d3d9565c done
#8 naming to gcr.io/fuzzbench/builders/afl/botan_botan-intermediate done
#8 DONE 0.1s

#9 exporting cache
#9 sha256:2700d4ef94dee473593c5c614b55b2dedcca7893909811a8f2b48291a1f581e4
#9 preparing build cache for export done
#9 DONE 0.0s
------
 > importing cache manifest from gcr.io/fuzzbench/builders/afl/botan_botan-intermediate:
------
#1 [internal] load build definition from Dockerfile
#1 sha256:ea9f8bcf09b56aa82e223eefc2080d21d71ae893e5072177ee64afbcead2c86d
#1 transferring dockerfile: 2.00kB done
#1 DONE 0.0s

#2 [internal] load .dockerignore
#2 sha256:b5cf0fd8bfba9b1f34ad8dddb141f4810fcf2f34e72aa53db45817c8d8f2de3a
#2 transferring context: 34B done
#2 DONE 0.0s

#3 [internal] load metadata for docker.io/library/ubuntu:xenial
#3 sha256:f62bae18ed588840f045c881b2502661f2a89578a2f8f99b83f5200ee83dd25b
#3 DONE 0.0s

#5 [1/7] FROM docker.io/library/ubuntu:xenial
#5 sha256:14dd403f25ae9e519bd44f27dc17af7ce80f5a4f9f48ca88108364e67ec5d360
#5 DONE 0.0s

#4 importing cache manifest from gcr.io/fuzzbench/base-image
#4 sha256:9b220ebb4d4daceed1b96df9b6dca076e762f1cd612574f010b82d5b9e5ad896
#4 DONE 0.0s

#8 [internal] load build context
#8 sha256:ae04626a409a9c9296fd90654aa3698b212063f268d77bb6d302ffa32f8d42e4
#8 transferring context: 559B 0.2s done
#8 DONE 0.2s

#6 [2/7] RUN apt-get update -y && apt-get install -y     build-essential     rsync     curl     zlib1g-dev     libncurses5-dev     libgdbm-dev     libnss3-dev     libssl-dev     libreadline-dev     libffi-dev     virtualenv     libbz2-dev     liblzma-dev     libsqlite3-dev
#6 sha256:3a1b0960f17eed529eaae93dc8fd3554f2743dd584d8fa569cdbe6bc734371ac
#6 CACHED

#7 [3/7] RUN cd /tmp/ &&     curl -O https://www.python.org/ftp/python/3.8.6/Python-3.8.6.tar.xz &&     tar -xvf Python-3.8.6.tar.xz &&     cd Python-3.8.6 &&     ./configure --enable-loadable-sqlite-extensions --enable-optimizations &&     make -j install &&     rm -r /tmp/Python-3.8.6.tar.xz /tmp/Python-3.8.6
#7 sha256:c5b9d1fb3371e84dbc60b76e7b2f8d5913bc93bcd4910ab65daa03e7b2ec4bb0
#7 CACHED

#9 [4/7] COPY ./requirements.txt /
#9 sha256:eb8537a68a5e3002f0f10564fa50cc8dd0ca2b9da397ddf8958871ec2811fcdb
#9 CACHED

#10 [5/7] RUN pip3 install -r /requirements.txt
#10 sha256:aba8afef17c3e08db2693aaf1f4fe3ae46b278f963988b12a95bfe4a1829d267
#10 CACHED

#11 [6/7] RUN apt-get update -y && apt-get install -y     apt-transport-https     lsb-release
#11 sha256:74279ee3b694da3a2a69caf454883193448f7527b8d586579dd93780772ab1a3
#11 CACHED

#12 [7/7] RUN CLOUD_SDK_REPO="cloud-sdk-$(lsb_release -c -s)" &&     echo "deb https://packages.cloud.google.com/apt $CLOUD_SDK_REPO main"     | tee -a /etc/apt/sources.list.d/google-cloud-sdk.list &&     curl https://packages.cloud.google.com/apt/doc/apt-key.gpg     | apt-key add - &&     apt-get update -y &&     apt-get install -y google-cloud-sdk
#12 sha256:cb89fb29dc4597197340868c9a55b4e52efae016598e53421f0c3dc126465e8d
#12 CACHED

#13 exporting to image
#13 sha256:e8c613e07b0b7ff33893b694f7759a10d42e180f2b4dc349fb57dc6b71dcab00
#13 exporting layers done
#13 writing image sha256:db37108b741762d6fc963c78f4ea99d80edbbe38f2ea9e4cf93847b349417cfa 0.0s done
#13 naming to gcr.io/fuzzbench/base-image done
#13 DONE 0.0s

#14 exporting cache
#14 sha256:2700d4ef94dee473593c5c614b55b2dedcca7893909811a8f2b48291a1f581e4
#14 preparing build cache for export done
#14 DONE 0.0s
#1 [internal] load build definition from Dockerfile
#1 sha256:a8c0198b882083f6b817014a1e6f6966f8c01d71dafec7328329bffb01dae54f
#1 transferring dockerfile: 2.22kB done
#1 DONE 0.0s

#2 [internal] load .dockerignore
#2 sha256:f51ab3a9ad0390004d7f5cd26107eed8671d4077a3d7ef858b044e78cea89455
#2 transferring context: 34B done
#2 DONE 0.0s

#4 [internal] load metadata for gcr.io/fuzzbench/base-image:latest
#4 sha256:932022888f650cc455b10eb5123bb08c0cccacac29a693e69314abbfd28a72c3
#4 DONE 0.0s

#3 [internal] load metadata for gcr.io/fuzzbench/builders/afl/botan_botan-intermediate:latest
#3 sha256:6a0c48e5c40ff563a0bdabf309a91cc6c3f6e5bc38a5afbff4032a00a44fcf9f
#3 DONE 0.0s

#12 [internal] load build context
#12 sha256:903b294a58fd6055e68f1361c85808574b14ac0c1abfbb1cc331f10280ef0828
#12 DONE 0.0s

#5 importing cache manifest from gcr.io/fuzzbench/builders/afl/botan_botan
#5 sha256:561eee9f316fe75f4bfd10cf65d62fbe53fd2083ed5e6591d6d73dec1d30c9e2
#5 ERROR: gcr.io/fuzzbench/builders/afl/botan_botan:latest: not found

#7 [base-image 1/1] FROM gcr.io/fuzzbench/base-image
#7 sha256:4d07825694520f8b6f6a0d8592dbd345433361ae044cb7f06706c5a95e3daaad
#7 CACHED

#12 [internal] load build context
#12 sha256:903b294a58fd6055e68f1361c85808574b14ac0c1abfbb1cc331f10280ef0828
#12 transferring context: 669.86kB 0.1s done
#12 DONE 0.3s

#6 [stage-1  1/13] FROM gcr.io/fuzzbench/builders/afl/botan_botan-intermediate
#6 sha256:23cf09422c84445a01f1e81805480b9eb757a18ce8fbb61fa46e6035811ae0eb
#6 DONE 0.4s

#8 [stage-1  2/13] COPY --from=base-image /usr/local/bin/python3* /usr/local/bin/
#8 sha256:cfad84de251af3914fddd2a2719fda103aeabeec31db146aedc076665d3228a6
#8 DONE 0.3s

#9 [stage-1  3/13] COPY --from=base-image /usr/local/lib/python3.8 /usr/local/lib/python3.8
#9 sha256:4a5e6a8345aed8d508a78c9ac117f20760d9fa660d0ce60f5816af2a1cbc3993
#9 DONE 13.8s

#10 [stage-1  4/13] COPY --from=base-image /usr/local/include/python3.8 /usr/local/include/python3.8
#10 sha256:de758f8fac3901b17f2466a3909b9438cc5ad32ff018b16120886314d615ea7b
#10 DONE 0.4s

#11 [stage-1  5/13] COPY --from=base-image /usr/local/lib/python3.8/site-packages /usr/local/lib/python3.8/site-packages
#11 sha256:c213ad4706dd42b363ed9285116422f5fded8ef802f56b1acaf2141f11b54e34
#11 DONE 16.3s

#13 [stage-1  6/13] COPY fuzzers /src/fuzzers
#13 sha256:97a0bd16e2342a8ff75bff7e0dce2d5f9c0f47a613b220a9a39e2913b5695b0e
#13 DONE 0.3s

#14 [stage-1  7/13] RUN touch /src/__init__.py
#14 sha256:3cabc24218d73c5803a6679b7d8b6633a9d2de5cab507ac111a97ccaee0a5842
#14 DONE 0.5s

#15 [stage-1  8/13] COPY benchmarks/botan_botan/benchmark.yaml /
#15 sha256:642efb56c98ed827e7cca7e5b39defd5f99e86285621c7b5cf3ace98f9c8f6f4
#15 DONE 0.2s

#16 [stage-1  9/13] RUN mkdir /opt/fuzzbench/
#16 sha256:515c946be5013d22cda7572a3fe3a5733b7f3dc474df68e57425395a1b45e04b
#16 DONE 0.9s

#17 [stage-1 10/13] COPY docker/benchmark-builder/checkout_commit.py /opt/fuzzbench/
#17 sha256:85e2ccaf0cde54248b76df6696aad28cb5f25e42e070a823a1cd1ae594691d5b
#17 DONE 0.2s

#18 [stage-1 11/13] RUN export CHECKOUT_COMMIT=$(cat /benchmark.yaml | tr -d ' ' | grep 'commit:' | cut -d ':' -f2) &&     python3 -u /opt/fuzzbench/checkout_commit.py $CHECKOUT_COMMIT /src
#18 sha256:c6e6069b893efe1ff7d950ede6d26c072c55f2e2dc482f407ec10c8665f5e7f2
#18 0.498 Checking out commit 60835ac4
#18 28.43 From https://github.com/randombit/botan
#18 28.43  * [new tag]             1.10.0       -> 1.10.0
#18 28.43  * [new tag]             1.10.0-rc1   -> 1.10.0-rc1
#18 28.43  * [new tag]             1.10.1       -> 1.10.1
#18 28.43  * [new tag]             1.11.0       -> 1.11.0
#18 28.43  * [new tag]             1.11.1       -> 1.11.1
#18 28.43  * [new tag]             1.11.10      -> 1.11.10
#18 28.43  * [new tag]             1.11.11      -> 1.11.11
#18 28.43  * [new tag]             1.11.12      -> 1.11.12
#18 28.43  * [new tag]             1.11.13      -> 1.11.13
#18 28.43  * [new tag]             1.11.14      -> 1.11.14
#18 28.43  * [new tag]             1.11.15      -> 1.11.15
#18 28.43  * [new tag]             1.11.16      -> 1.11.16
#18 28.43  * [new tag]             1.11.17      -> 1.11.17
#18 28.43  * [new tag]             1.11.18      -> 1.11.18
#18 28.43  * [new tag]             1.11.19      -> 1.11.19
#18 28.43  * [new tag]             1.11.2       -> 1.11.2
#18 28.43  * [new tag]             1.11.20      -> 1.11.20
#18 28.43  * [new tag]             1.11.21      -> 1.11.21
#18 28.43  * [new tag]             1.11.22      -> 1.11.22
#18 28.43  * [new tag]             1.11.23      -> 1.11.23
#18 28.43  * [new tag]             1.11.24      -> 1.11.24
#18 28.43  * [new tag]             1.11.25      -> 1.11.25
#18 28.43  * [new tag]             1.11.26      -> 1.11.26
#18 28.43  * [new tag]             1.11.27      -> 1.11.27
#18 28.43  * [new tag]             1.11.28      -> 1.11.28
#18 28.43  * [new tag]             1.11.29      -> 1.11.29
#18 28.44  * [new tag]             1.11.3       -> 1.11.3
#18 28.44  * [new tag]             1.11.30      -> 1.11.30
#18 28.44  * [new tag]             1.11.31      -> 1.11.31
#18 28.44  * [new tag]             1.11.32      -> 1.11.32
#18 28.44  * [new tag]             1.11.33      -> 1.11.33
#18 28.44  * [new tag]             1.11.34      -> 1.11.34
#18 28.44  * [new tag]             1.11.4       -> 1.11.4
#18 28.44  * [new tag]             1.11.5       -> 1.11.5
#18 28.44  * [new tag]             1.11.6       -> 1.11.6
#18 28.44  * [new tag]             1.11.7       -> 1.11.7
#18 28.44  * [new tag]             1.11.8       -> 1.11.8
#18 28.44  * [new tag]             1.11.9       -> 1.11.9
#18 28.44  * [new tag]             1.5.10       -> 1.5.10
#18 28.44  * [new tag]             1.5.11       -> 1.5.11
#18 28.44  * [new tag]             1.5.12       -> 1.5.12
#18 28.44  * [new tag]             1.5.13       -> 1.5.13
#18 28.44  * [new tag]             1.5.6        -> 1.5.6
#18 28.44  * [new tag]             1.5.7        -> 1.5.7
#18 28.44  * [new tag]             1.5.8        -> 1.5.8
#18 28.44  * [new tag]             1.5.9        -> 1.5.9
#18 28.44  * [new tag]             1.6.0        -> 1.6.0
#18 28.44  * [new tag]             1.6.1        -> 1.6.1
#18 28.44  * [new tag]             1.6.2        -> 1.6.2
#18 28.44  * [new tag]             1.6.3        -> 1.6.3
#18 28.44  * [new tag]             1.7.0        -> 1.7.0
#18 28.44  * [new tag]             1.7.1        -> 1.7.1
#18 28.44  * [new tag]             1.7.10       -> 1.7.10
#18 28.44  * [new tag]             1.7.11       -> 1.7.11
#18 28.44  * [new tag]             1.7.12       -> 1.7.12
#18 28.44  * [new tag]             1.7.13       -> 1.7.13
#18 28.44  * [new tag]             1.7.14       -> 1.7.14
#18 28.44  * [new tag]             1.7.15       -> 1.7.15
#18 28.44  * [new tag]             1.7.16       -> 1.7.16
#18 28.44  * [new tag]             1.7.17       -> 1.7.17
#18 28.44  * [new tag]             1.7.18       -> 1.7.18
#18 28.44  * [new tag]             1.7.19       -> 1.7.19
#18 28.44  * [new tag]             1.7.2        -> 1.7.2
#18 28.44  * [new tag]             1.7.20       -> 1.7.20
#18 28.44  * [new tag]             1.7.21       -> 1.7.21
#18 28.44  * [new tag]             1.7.22       -> 1.7.22
#18 28.44  * [new tag]             1.7.23       -> 1.7.23
#18 28.44  * [new tag]             1.7.24       -> 1.7.24
#18 28.44  * [new tag]             1.7.3        -> 1.7.3
#18 28.44  * [new tag]             1.7.4        -> 1.7.4
#18 28.44  * [new tag]             1.7.5        -> 1.7.5
#18 28.44  * [new tag]             1.7.6        -> 1.7.6
#18 28.45  * [new tag]             1.7.7        -> 1.7.7
#18 28.45  * [new tag]             1.7.8        -> 1.7.8
#18 28.45  * [new tag]             1.7.9        -> 1.7.9
#18 28.45  * [new tag]             1.8.0        -> 1.8.0
#18 28.45  * [new tag]             1.8.1        -> 1.8.1
#18 28.45  * [new tag]             1.8.2        -> 1.8.2
#18 28.45  * [new tag]             1.8.3        -> 1.8.3
#18 28.45  * [new tag]             1.8.4        -> 1.8.4
#18 28.45  * [new tag]             1.8.5        -> 1.8.5
#18 28.45  * [new tag]             1.8.6        -> 1.8.6
#18 28.45  * [new tag]             1.8.7        -> 1.8.7
#18 28.45  * [new tag]             1.8.8        -> 1.8.8
#18 28.45  * [new tag]             1.9.0        -> 1.9.0
#18 28.45  * [new tag]             1.9.1        -> 1.9.1
#18 28.45  * [new tag]             1.9.10       -> 1.9.10
#18 28.45  * [new tag]             1.9.11       -> 1.9.11
#18 28.45  * [new tag]             1.9.12       -> 1.9.12
#18 28.45  * [new tag]             1.9.13       -> 1.9.13
#18 28.45  * [new tag]             1.9.14       -> 1.9.14
#18 28.45  * [new tag]             1.9.15       -> 1.9.15
#18 28.45  * [new tag]             1.9.16       -> 1.9.16
#18 28.45  * [new tag]             1.9.17       -> 1.9.17
#18 28.45  * [new tag]             1.9.18       -> 1.9.18
#18 28.45  * [new tag]             1.9.2        -> 1.9.2
#18 28.45  * [new tag]             1.9.3        -> 1.9.3
#18 28.45  * [new tag]             1.9.4        -> 1.9.4
#18 28.45  * [new tag]             1.9.5        -> 1.9.5
#18 28.45  * [new tag]             1.9.6        -> 1.9.6
#18 28.45  * [new tag]             1.9.7        -> 1.9.7
#18 28.45  * [new tag]             1.9.8        -> 1.9.8
#18 28.45  * [new tag]             1.9.9        -> 1.9.9
#18 28.45  * [new tag]             2.0.0        -> 2.0.0
#18 28.45  * [new tag]             2.0.1        -> 2.0.1
#18 28.45  * [new tag]             2.1.0        -> 2.1.0
#18 28.45  * [new tag]             2.10.0       -> 2.10.0
#18 28.45  * [new tag]             2.11.0       -> 2.11.0
#18 28.45  * [new tag]             2.12.0       -> 2.12.0
#18 28.45  * [new tag]             2.12.1       -> 2.12.1
#18 28.45  * [new tag]             2.13.0       -> 2.13.0
#18 28.45  * [new tag]             2.14.0       -> 2.14.0
#18 28.45  * [new tag]             2.15.0       -> 2.15.0
#18 28.45  * [new tag]             2.16.0       -> 2.16.0
#18 28.45  * [new tag]             2.17.0       -> 2.17.0
#18 28.45  * [new tag]             2.2.0        -> 2.2.0
#18 28.45  * [new tag]             2.3.0        -> 2.3.0
#18 28.45  * [new tag]             2.4.0        -> 2.4.0
#18 28.45  * [new tag]             2.5.0        -> 2.5.0
#18 28.46  * [new tag]             2.6.0        -> 2.6.0
#18 28.46  * [new tag]             2.7.0        -> 2.7.0
#18 28.46  * [new tag]             2.8.0        -> 2.8.0
#18 28.46  * [new tag]             2.9.0        -> 2.9.0
#18 28.46  * [new tag]             3.0.0-alpha0 -> 3.0.0-alpha0
#18 28.46 error: pathspec '60835ac4' did not match any file(s) known to git
#18 29.11 error: pathspec '60835ac4' did not match any file(s) known to git
#18 29.12 error: pathspec '60835ac4' did not match any file(s) known to git
#18 29.13 error: pathspec '60835ac4' did not match any file(s) known to git
#18 29.30 Checkout unsuccessful.
#18 DONE 29.5s

#19 [stage-1 12/13] RUN echo "#!/bin/bash\nPYTHONPATH=/src python3 -u -c "from fuzzers import utils; utils.initialize_env(); from fuzzers.afl import fuzzer; fuzzer.build()"" > /usr/bin/fuzzer_build &&     chmod +x /usr/bin/fuzzer_build
#19 sha256:3217796ba08dd4475a8136f1f3a7c72b4cbcb4571cd2b4dfeceaed2305ee9ace
#19 DONE 0.7s

#20 [stage-1 13/13] RUN echo "Run fuzzer_build to build the target" && if [ -z "$debug_builder" ] ; then fuzzer_build; fi
#20 sha256:7b088e119daecce0eb9f77c9737308583a87c7e56468e9952d8403427cc5f151
#20 0.433 Run fuzzer_build to build the target
#20 0.553 FUZZ_TARGET = botan
#20 0.553 CFLAGS = -DFUZZING_BUILD_MODE_UNSAFE_FOR_PRODUCTION -pthread -Wl,--no-as-needed -Wl,-ldl -Wl,-lm -Wno-unused-command-line-argument -O3
#20 0.553 CXXFLAGS = -DFUZZING_BUILD_MODE_UNSAFE_FOR_PRODUCTION -pthread -Wl,--no-as-needed -Wl,-ldl -Wl,-lm -Wno-unused-command-line-argument -stdlib=libc++ -O3
#20 0.561 Building benchmark botan_botan with fuzzer afl
#20 0.564 + cd /src/botan
#20 0.564 + ./configure.py --cc=clang --cc-bin=clang++ '--cc-abi-flags=-DFUZZING_BUILD_MODE_UNSAFE_FOR_PRODUCTION -pthread -Wl,--no-as-needed -Wl,-ldl -Wl,-lm -Wno-unused-command-line-argument -stdlib=libc++ -O3 -fsanitize-coverage=trace-pc-guard' --unsafe-fuzzer-mode --disable-shared --disable-modules=locking_allocator
#20 0.965    INFO: ./configure.py invoked with options "--cc=clang --cc-bin=clang++ --cc-abi-flags=-DFUZZING_BUILD_MODE_UNSAFE_FOR_PRODUCTION -pthread -Wl,--no-as-needed -Wl,-ldl -Wl,-lm -Wno-unused-command-line-argument -stdlib=libc++ -O3 -fsanitize-coverage=trace-pc-guard --unsafe-fuzzer-mode --disable-shared --disable-modules=locking_allocator"
#20 0.971    INFO: Configuring to build Botan 3.0.0-alpha0 (revision git:e068d80953469fc8a3ec1715d0f64756d972daba)
#20 0.972    INFO: Running under 2.7.18 (default, Mar  8 2021, 13:02:45) [GCC 9.3.0]
#20 0.972    INFO: Implicit --cxxflags=-DFUZZING_BUILD_MODE_UNSAFE_FOR_PRODUCTION -pthread -Wl,--no-as-needed -Wl,-ldl -Wl,-lm -Wno-unused-command-line-argument -stdlib=libc++ -O3 -fsanitize-coverage=trace-pc-guard due to environment variable CXXFLAGS
#20 0.974    INFO: Autodetected platform information: OS="Linux" machine="x86_64" proc="x86_64"
#20 0.975    INFO: Guessing target OS is linux (use --os to set)
#20 0.975    INFO: Guessing target processor is a x86_64 (use --cpu to set)
#20 0.977    INFO: Using /etc/ssl/certs/ca-certificates.crt as system certificate store
#20 0.998    INFO: Auto-detected compiler version 14.0
#20 1.023    INFO: Auto-detected compiler arch x86_64
#20 1.023    INFO: Target is clang:14.0-linux-x86_64
#20 1.023    INFO: Assuming target x86_64 is little endian
#20 1.048    INFO: Skipping (dependency failure): asio certstor_sqlite3 sessions_sqlite3
#20 1.048    INFO: Skipping (disabled by user): locking_allocator
#20 1.048    INFO: Skipping (incompatible CPU): aes_armv8 aes_power8 sha1_armv8 sha2_32_armv8 shacal2_armv8 sm4_armv8
#20 1.048    INFO: Skipping (incompatible OS): certstor_system_macos certstor_system_windows commoncrypto getentropy win32_stats
#20 1.048    INFO: Skipping (no enabled compression schemes): compression
#20 1.048    INFO: Skipping (requires external dependency): boost bzip2 lzma sqlite3 tpm zlib
#20 1.048    INFO: Loading modules: adler32 aead aes aes_ni aes_vperm argon2 argon2fmt aria asn1 auto_rng base base32 base58 base64 bcrypt bcrypt_pbkdf bigint blake2 blake2mac block blowfish camellia cascade cast128 cbc ccm cecpq1 certstor_flatfile certstor_sql certstor_system cfb chacha chacha20poly1305 chacha_avx2 chacha_rng chacha_simd32 checksum cmac comb4p cpuid crc24 crc32 cryptobox ctr curve25519 des dh dl_algo dl_group dlies dsa dyn_load eax ec_group ec_h2c ecc_key ecdh ecdsa ecgdsa ecies eckcdsa ed25519 elgamal eme_oaep eme_pkcs1 eme_raw emsa1 emsa_pkcs1 emsa_pssr emsa_raw emsa_x931 entropy fd_unix ffi filters fpe_fe1 gcm ghash ghash_cpu ghash_vperm gmac gost_28147 gost_3410 gost_3411 hash hash_id hex hkdf hmac hmac_drbg hotp http_util idea idea_sse2 iso9796 kdf kdf1 kdf1_iso18033 kdf2 keccak keypair kyber kyber_90s kyber_common lion mac mce md4 md5 mdx_hash mem_pool mgf1 mode_pad modes mp newhope nist_keywrap noekeon noekeon_simd numbertheory ocb ofb par_hash passhash9 pbes2 pbkdf pbkdf2 pem pgp_s2k pk_pad pkcs11 poly1305 poly_dbl prf_tls prf_x942 processor_rng psk_db pubkey rc4 rdseed rfc3394 rfc6979 rmd160 rng roughtime rsa salsa20 scrypt seed serpent serpent_avx2 serpent_simd sessions_sql sha1 sha1_sse2 sha1_x86 sha2_32 sha2_32_bmi2 sha2_32_x86 sha2_64 sha2_64_bmi2 sha3 sha3_bmi2 shacal2 shacal2_avx2 shacal2_simd shacal2_x86 shake shake_cipher simd simd_avx2 siphash siv skein sm2 sm3 sm4 socket sodium sp800_108 sp800_56a sp800_56c srp6 stateful_rng stream streebog system_rng thread_utils threefish_512 threefish_512_avx2 tls tls_cbc tss twofish utils uuid whirlpool x509 x919_mac xmss xts zfec zfec_sse2 zfec_vperm
#20 1.606    INFO: Using symlink to link files into build dir (use --link-method to change)
#20 1.673    INFO: Botan 3.0.0-alpha0 (revision git:e068d80953469fc8a3ec1715d0f64756d972daba) (unreleased undated) build setup is complete
#20 1.673 WARNING: The fuzzer mode flag is labeled unsafe for a reason, this version is for testing only
#20 1.679 ++ nproc
#20 1.681 + make -j8 libbotan-2.a
#20 1.686 make: *** No rule to make target 'libbotan-2.a'.  Stop.
#20 1.687 Traceback (most recent call last):
#20 1.687   File "<string>", line 1, in <module>
#20 1.687   File "/src/fuzzers/afl/fuzzer.py", line 40, in build
#20 1.687     utils.build_benchmark()
#20 1.687   File "/src/fuzzers/utils.py", line 82, in build_benchmark
#20 1.688     subprocess.check_call(['/bin/bash', '-ex', build_script], env=env)
#20 1.688   File "/usr/local/lib/python3.8/subprocess.py", line 364, in check_call
#20 1.688     raise CalledProcessError(retcode, cmd)
#20 1.688 subprocess.CalledProcessError: Command '['/bin/bash', '-ex', '/src/build.sh']' returned non-zero exit status 2.
#20 ERROR: executor failed running [/bin/sh -c echo "Run fuzzer_build to build the target" && if [ -z "$debug_builder" ] ; then fuzzer_build; fi]: exit code: 1
------
 > importing cache manifest from gcr.io/fuzzbench/builders/afl/botan_botan:
------
------
 > [stage-1 13/13] RUN echo "Run fuzzer_build to build the target" && if [ -z "$debug_builder" ] ; then fuzzer_build; fi:
------
executor failed running [/bin/sh -c echo "Run fuzzer_build to build the target" && if [ -z "$debug_builder" ] ; then fuzzer_build; fi]: exit code: 1
make: *** [docker/generated.mk:2668640: .afl-botan_botan-builder] Error 1
/bin/sh: 1: source: not found
#2 [internal] load .dockerignore
#2 sha256:5206cbb9bb91cd90db03c18d54af6f14d7d69c5380c4d89822006b691f43a64e
#2 transferring context: 2B done
#2 DONE 0.2s

#1 [internal] load build definition from Dockerfile
#1 sha256:ce3ff37167227867d7f06b463985fc40e6179d8288a613b08633307219b5a7d3
#1 transferring dockerfile: 32B done
#1 DONE 0.2s

#3 [internal] load metadata for gcr.io/oss-fuzz-base/base-builder:latest
#3 sha256:f10dc39cc9d418a5bc416dead31a1902b6821fdae909cd3b08f7a3fd1faba7b5
#3 DONE 0.5s

#5 [1/6] FROM gcr.io/oss-fuzz-base/base-builder@sha256:77750d283f2957d1beeddda2e8f6c5604ab5f969a3616e9cac40f4261ca04c0a
#5 sha256:7999addb2cd81975cd6421c6aaef5643a901995c540a40e8df741ab4c30f6043
#5 DONE 0.0s

#4 importing cache manifest from gcr.io/fuzzbench/builders/benchmark/botan_botan
#4 sha256:cf45026665fda83efc35ec068e3b32789fc14bf2908566003132bf78c392ba20
#4 DONE 0.0s

#10 [internal] load build context
#10 sha256:7f711da45ee0fd99c2f329e0e5013902a0a15188959f6a2d119f31c53c055591
#10 transferring context: 30B done
#10 DONE 0.1s

#7 [3/6] RUN git clone --depth 1 https://github.com/randombit/botan.git botan
#7 sha256:4c136cc683421b4cab04a3e80173105ad44475008eb4850363992042a4cb12ea
#7 CACHED

#8 [4/6] RUN git clone --depth 1 https://github.com/randombit/crypto-corpus.git crypto-corpus
#8 sha256:069f7bae5b9f2ade5aac0e09d74121a2db0cfcbcc1ffa9fddbe64a9e4a7862bc
#8 CACHED

#9 [5/6] WORKDIR botan
#9 sha256:63c1b88829bbb939ca5bfd54295fff4285efb58a78cbb8a611d43a8a9d712733
#9 CACHED

#6 [2/6] RUN apt-get install -y make python
#6 sha256:5ec23b703d9310ba08171ebd02d6b4527a4d060c1446b1cabe271d3d1ae460bb
#6 CACHED

#11 [6/6] COPY build.sh /src/
#11 sha256:a4d77f0104b2574de280ec2b73af1e2bb8f3b2919557548000eab79545278f04
#11 CACHED

#12 exporting to image
#12 sha256:e8c613e07b0b7ff33893b694f7759a10d42e180f2b4dc349fb57dc6b71dcab00
#12 exporting layers done
#12 writing image sha256:f5d6d6a940d8eae8a31a04036e77ef5f0d4bb250a9715587c11ab93adf3a5256 0.0s done
#12 naming to gcr.io/fuzzbench/builders/benchmark/botan_botan done
#12 DONE 0.4s

#13 exporting cache
#13 sha256:2700d4ef94dee473593c5c614b55b2dedcca7893909811a8f2b48291a1f581e4
#13 preparing build cache for export done
#13 DONE 0.0s
#1 [internal] load build definition from builder.Dockerfile
#1 sha256:5f996878b1282ae8e57bce3dd957e73c93176e9ffc005840ed7c2e7db62d0837
#1 transferring dockerfile: 46B done
#1 DONE 0.1s

#2 [internal] load .dockerignore
#2 sha256:966ee9cc4bc3cbd4bc9d6f08c249757b834d08700c279eef0ba720085e0c359f
#2 transferring context: 2B done
#2 DONE 0.1s

#3 [internal] load metadata for gcr.io/fuzzbench/builders/benchmark/botan_botan:latest
#3 sha256:b561e44f788229bb9d7a4256c7c8b5a20ae29a5f39459ab38340f0987bd34714
#3 DONE 0.0s

#5 [1/3] FROM gcr.io/fuzzbench/builders/benchmark/botan_botan
#5 sha256:66d78230fcfb9f2aecf081fd26fcab61168b045208fae792645e714eaf247d94
#5 DONE 0.0s

#4 importing cache manifest from gcr.io/fuzzbench/builders/afl/botan_botan-intermediate
#4 sha256:292f001ae02d29d9dc3b4f1d8dbb65b3a02a2d79dd1d51a0c431641948eaa463
#4 DONE 0.0s

#6 [2/3] RUN git clone https://github.com/google/AFL.git /afl &&     cd /afl &&     git checkout 61037103ae3722c8060ff7082994836a794f978e &&     AFL_NO_X86=1 make
#6 sha256:7fda05db77ce0f41c7ec3b09b7d057a75b34da6e1d69f888d5d04290d4453eeb
#6 CACHED

#7 [3/3] RUN apt-get update &&     apt-get install wget -y &&     wget https://raw.githubusercontent.com/llvm/llvm-project/5feb80e748924606531ba28c97fe65145c65372e/compiler-rt/lib/fuzzer/afl/afl_driver.cpp -O /afl/afl_driver.cpp &&     clang -Wno-pointer-sign -c /afl/llvm_mode/afl-llvm-rt.o.c -I/afl &&     clang++ -stdlib=libc++ -std=c++11 -O2 -c /afl/afl_driver.cpp &&     ar r /libAFL.a *.o
#7 sha256:7acdce5e67604d7b567a3cc47b805046759db3bb9353a480e1b98ccc4e8ad000
#7 CACHED

#8 exporting to image
#8 sha256:e8c613e07b0b7ff33893b694f7759a10d42e180f2b4dc349fb57dc6b71dcab00
#8 exporting layers done
#8 writing image sha256:38f2ef7608cc48ef0a3bf062027bc1c1e1c95e4984df2e362ee5af76d3d9565c
#8 writing image sha256:38f2ef7608cc48ef0a3bf062027bc1c1e1c95e4984df2e362ee5af76d3d9565c 0.0s done
#8 naming to gcr.io/fuzzbench/builders/afl/botan_botan-intermediate done
#8 DONE 0.4s

#9 exporting cache
#9 sha256:2700d4ef94dee473593c5c614b55b2dedcca7893909811a8f2b48291a1f581e4
#9 preparing build cache for export done
#9 DONE 0.0s
#1 [internal] load build definition from Dockerfile
#1 sha256:161950d2cd7a0548446dc45dcc6a9761535b2f9fa6e48ace4c8149f3274f1a3f
#1 transferring dockerfile: 2.00kB done
#1 DONE 0.3s

#2 [internal] load .dockerignore
#2 sha256:c21a043f67d50ccba2555951b95e3fd2c3c1226bb1db086dc07f4dd51d41219e
#2 transferring context: 34B done
#2 DONE 0.3s

#3 [internal] load metadata for docker.io/library/ubuntu:xenial
#3 sha256:f62bae18ed588840f045c881b2502661f2a89578a2f8f99b83f5200ee83dd25b
#3 DONE 0.0s

#5 [1/7] FROM docker.io/library/ubuntu:xenial
#5 sha256:14dd403f25ae9e519bd44f27dc17af7ce80f5a4f9f48ca88108364e67ec5d360
#5 DONE 0.0s

#4 importing cache manifest from gcr.io/fuzzbench/base-image
#4 sha256:9b220ebb4d4daceed1b96df9b6dca076e762f1cd612574f010b82d5b9e5ad896
#4 DONE 0.0s

#8 [internal] load build context
#8 sha256:c1a7d55b690a49a620d7991492e0ff3d7cb453b043e01161bd7c94a1f07ef2ed
#8 transferring context: 559B 0.0s done
#8 DONE 0.1s

#10 [5/7] RUN pip3 install -r /requirements.txt
#10 sha256:3da5b451c407caab56abaa08554b798b65f902aed1cf9ae89dde87663332f7f9
#10 CACHED

#11 [6/7] RUN apt-get update -y && apt-get install -y     apt-transport-https     lsb-release
#11 sha256:aa77689add2d02245405d7b874c942897e9ede79755cd5121fd27993a9079db9
#11 CACHED

#6 [2/7] RUN apt-get update -y && apt-get install -y     build-essential     rsync     curl     zlib1g-dev     libncurses5-dev     libgdbm-dev     libnss3-dev     libssl-dev     libreadline-dev     libffi-dev     virtualenv     libbz2-dev     liblzma-dev     libsqlite3-dev
#6 sha256:3a1b0960f17eed529eaae93dc8fd3554f2743dd584d8fa569cdbe6bc734371ac
#6 CACHED

#7 [3/7] RUN cd /tmp/ &&     curl -O https://www.python.org/ftp/python/3.8.6/Python-3.8.6.tar.xz &&     tar -xvf Python-3.8.6.tar.xz &&     cd Python-3.8.6 &&     ./configure --enable-loadable-sqlite-extensions --enable-optimizations &&     make -j install &&     rm -r /tmp/Python-3.8.6.tar.xz /tmp/Python-3.8.6
#7 sha256:c5b9d1fb3371e84dbc60b76e7b2f8d5913bc93bcd4910ab65daa03e7b2ec4bb0
#7 CACHED

#9 [4/7] COPY ./requirements.txt /
#9 sha256:be3593c534082377a18769f2290eb270ffd3c535875130515a7920a4d4c3e846
#9 CACHED

#12 [7/7] RUN CLOUD_SDK_REPO="cloud-sdk-$(lsb_release -c -s)" &&     echo "deb https://packages.cloud.google.com/apt $CLOUD_SDK_REPO main"     | tee -a /etc/apt/sources.list.d/google-cloud-sdk.list &&     curl https://packages.cloud.google.com/apt/doc/apt-key.gpg     | apt-key add - &&     apt-get update -y &&     apt-get install -y google-cloud-sdk
#12 sha256:79bb69b12da14d2f74075279f4169a6379d2d0f93dd4829d38415235a3f37629
#12 CACHED

#13 exporting to image
#13 sha256:e8c613e07b0b7ff33893b694f7759a10d42e180f2b4dc349fb57dc6b71dcab00
#13 exporting layers done
#13 writing image sha256:db37108b741762d6fc963c78f4ea99d80edbbe38f2ea9e4cf93847b349417cfa 0.0s done
#13 naming to gcr.io/fuzzbench/base-image
#13 naming to gcr.io/fuzzbench/base-image done
#13 DONE 0.1s

#14 exporting cache
#14 sha256:2700d4ef94dee473593c5c614b55b2dedcca7893909811a8f2b48291a1f581e4
#14 preparing build cache for export done
#14 DONE 0.0s
#1 [internal] load build definition from Dockerfile
#1 sha256:1ef9aa4628367fb7fd4d962d4741ef097baa33e68d171e9563946fac45ebec42
#1 transferring dockerfile: 2.22kB done
#1 DONE 0.1s

#2 [internal] load .dockerignore
#2 sha256:b47eed0d112f2e77570e881ec868300ae38636825d96a500b3065272c83ef8c3
#2 transferring context: 34B done
#2 DONE 0.1s

#4 [internal] load metadata for gcr.io/fuzzbench/base-image:latest
#4 sha256:932022888f650cc455b10eb5123bb08c0cccacac29a693e69314abbfd28a72c3
#4 DONE 0.0s

#3 [internal] load metadata for gcr.io/fuzzbench/builders/afl/botan_botan-intermediate:latest
#3 sha256:6a0c48e5c40ff563a0bdabf309a91cc6c3f6e5bc38a5afbff4032a00a44fcf9f
#3 DONE 0.0s

#12 [internal] load build context
#12 sha256:9bf88fb56f350f8d478e784699ed41b763ddc1983c4bf78e9aca008324118b64
#12 DONE 0.0s

#7 [base-image 1/1] FROM gcr.io/fuzzbench/base-image
#7 sha256:4d07825694520f8b6f6a0d8592dbd345433361ae044cb7f06706c5a95e3daaad
#7 DONE 0.0s

#6 [stage-1  1/13] FROM gcr.io/fuzzbench/builders/afl/botan_botan-intermediate
#6 sha256:23cf09422c84445a01f1e81805480b9eb757a18ce8fbb61fa46e6035811ae0eb
#6 DONE 0.0s

#5 importing cache manifest from gcr.io/fuzzbench/builders/afl/botan_botan
#5 sha256:561eee9f316fe75f4bfd10cf65d62fbe53fd2083ed5e6591d6d73dec1d30c9e2
#5 ERROR: gcr.io/fuzzbench/builders/afl/botan_botan:latest: not found

#12 [internal] load build context
#12 sha256:9bf88fb56f350f8d478e784699ed41b763ddc1983c4bf78e9aca008324118b64
#12 transferring context: 669.86kB 0.1s done
#12 DONE 0.2s

#17 [stage-1 10/13] COPY docker/benchmark-builder/checkout_commit.py /opt/fuzzbench/
#17 sha256:0716b177389e446f1be5104fd3744a01aeb6656243ddaadd1f5047e29d18e993
#17 CACHED

#10 [stage-1  4/13] COPY --from=base-image /usr/local/include/python3.8 /usr/local/include/python3.8
#10 sha256:de758f8fac3901b17f2466a3909b9438cc5ad32ff018b16120886314d615ea7b
#10 CACHED

#11 [stage-1  5/13] COPY --from=base-image /usr/local/lib/python3.8/site-packages /usr/local/lib/python3.8/site-packages
#11 sha256:c213ad4706dd42b363ed9285116422f5fded8ef802f56b1acaf2141f11b54e34
#11 CACHED

#15 [stage-1  8/13] COPY benchmarks/botan_botan/benchmark.yaml /
#15 sha256:393f570956a65b6f975fa3b9d5d13864a06a1c902a2f7cd69c73e88293fe61be
#15 CACHED

#16 [stage-1  9/13] RUN mkdir /opt/fuzzbench/
#16 sha256:74204f498357199d80c8d025d075ddb37fc66da134d6ae158397549d9130f05f
#16 CACHED

#8 [stage-1  2/13] COPY --from=base-image /usr/local/bin/python3* /usr/local/bin/
#8 sha256:cfad84de251af3914fddd2a2719fda103aeabeec31db146aedc076665d3228a6
#8 CACHED

#9 [stage-1  3/13] COPY --from=base-image /usr/local/lib/python3.8 /usr/local/lib/python3.8
#9 sha256:4a5e6a8345aed8d508a78c9ac117f20760d9fa660d0ce60f5816af2a1cbc3993
#9 CACHED

#13 [stage-1  6/13] COPY fuzzers /src/fuzzers
#13 sha256:36d7c34ca9ae0671155a96f785de579764d9d2b11694413b480fd28c75110524
#13 CACHED

#14 [stage-1  7/13] RUN touch /src/__init__.py
#14 sha256:5f749f74d919b1f949bfbdd6aec7038efcaffc15e6ec5f8d35326bbcc1ca763a
#14 CACHED

#18 [stage-1 11/13] RUN export CHECKOUT_COMMIT=$(cat /benchmark.yaml | tr -d ' ' | grep 'commit:' | cut -d ':' -f2) &&     python3 -u /opt/fuzzbench/checkout_commit.py $CHECKOUT_COMMIT /src
#18 sha256:d984b056c8d2963e99454eeabe39883a7c24c0f5a54c769daa49ce2f3a61a2d2
#18 CACHED

#19 [stage-1 12/13] RUN echo "#!/bin/bash\nPYTHONPATH=/src python3 -u -c "from fuzzers import utils; utils.initialize_env(); from fuzzers.afl import fuzzer; fuzzer.build()"" > /usr/bin/fuzzer_build &&     chmod +x /usr/bin/fuzzer_build
#19 sha256:00c573cfd3196f66792ef1543c3caed1124562d8afd460758ff0f33dd3ad689e
#19 CACHED

#20 [stage-1 13/13] RUN echo "Run fuzzer_build to build the target" && if [ -z "$debug_builder" ] ; then fuzzer_build; fi
#20 sha256:f27ddd954e90edffa59adb20a57d9c347e92152ad48e80e256e61af389f894fb
#20 0.425 Run fuzzer_build to build the target
#20 0.549 FUZZ_TARGET = botan
#20 0.549 CFLAGS = -DFUZZING_BUILD_MODE_UNSAFE_FOR_PRODUCTION -pthread -Wl,--no-as-needed -Wl,-ldl -Wl,-lm -Wno-unused-command-line-argument -O3
#20 0.549 CXXFLAGS = -DFUZZING_BUILD_MODE_UNSAFE_FOR_PRODUCTION -pthread -Wl,--no-as-needed -Wl,-ldl -Wl,-lm -Wno-unused-command-line-argument -stdlib=libc++ -O3
#20 0.554 Building benchmark botan_botan with fuzzer afl
#20 0.557 + cd /src/botan
#20 0.558 + ./configure.py --cc=clang --cc-bin=clang++ '--cc-abi-flags=-DFUZZING_BUILD_MODE_UNSAFE_FOR_PRODUCTION -pthread -Wl,--no-as-needed -Wl,-ldl -Wl,-lm -Wno-unused-command-line-argument -stdlib=libc++ -O3 -fsanitize-coverage=trace-pc-guard' --unsafe-fuzzer-mode --disable-shared --disable-modules=locking_allocator
#20 0.780    INFO: ./configure.py invoked with options "--cc=clang --cc-bin=clang++ --cc-abi-flags=-DFUZZING_BUILD_MODE_UNSAFE_FOR_PRODUCTION -pthread -Wl,--no-as-needed -Wl,-ldl -Wl,-lm -Wno-unused-command-line-argument -stdlib=libc++ -O3 -fsanitize-coverage=trace-pc-guard --unsafe-fuzzer-mode --disable-shared --disable-modules=locking_allocator"
#20 0.784    INFO: Configuring to build Botan 3.0.0-alpha0 (revision git:e068d80953469fc8a3ec1715d0f64756d972daba)
#20 0.785    INFO: Running under 2.7.18 (default, Mar  8 2021, 13:02:45) [GCC 9.3.0]
#20 0.785    INFO: Implicit --cxxflags=-DFUZZING_BUILD_MODE_UNSAFE_FOR_PRODUCTION -pthread -Wl,--no-as-needed -Wl,-ldl -Wl,-lm -Wno-unused-command-line-argument -stdlib=libc++ -O3 -fsanitize-coverage=trace-pc-guard due to environment variable CXXFLAGS
#20 0.787    INFO: Autodetected platform information: OS="Linux" machine="x86_64" proc="x86_64"
#20 0.788    INFO: Guessing target OS is linux (use --os to set)
#20 0.788    INFO: Guessing target processor is a x86_64 (use --cpu to set)
#20 0.789    INFO: Using /etc/ssl/certs/ca-certificates.crt as system certificate store
#20 0.805    INFO: Auto-detected compiler version 14.0
#20 0.821    INFO: Auto-detected compiler arch x86_64
#20 0.821    INFO: Target is clang:14.0-linux-x86_64
#20 0.821    INFO: Assuming target x86_64 is little endian
#20 0.842    INFO: Skipping (dependency failure): asio certstor_sqlite3 sessions_sqlite3
#20 0.842    INFO: Skipping (disabled by user): locking_allocator
#20 0.842    INFO: Skipping (incompatible CPU): aes_armv8 aes_power8 sha1_armv8 sha2_32_armv8 shacal2_armv8 sm4_armv8
#20 0.842    INFO: Skipping (incompatible OS): certstor_system_macos certstor_system_windows commoncrypto getentropy win32_stats
#20 0.842    INFO: Skipping (no enabled compression schemes): compression
#20 0.842    INFO: Skipping (requires external dependency): boost bzip2 lzma sqlite3 tpm zlib
#20 0.843    INFO: Loading modules: adler32 aead aes aes_ni aes_vperm argon2 argon2fmt aria asn1 auto_rng base base32 base58 base64 bcrypt bcrypt_pbkdf bigint blake2 blake2mac block blowfish camellia cascade cast128 cbc ccm cecpq1 certstor_flatfile certstor_sql certstor_system cfb chacha chacha20poly1305 chacha_avx2 chacha_rng chacha_simd32 checksum cmac comb4p cpuid crc24 crc32 cryptobox ctr curve25519 des dh dl_algo dl_group dlies dsa dyn_load eax ec_group ec_h2c ecc_key ecdh ecdsa ecgdsa ecies eckcdsa ed25519 elgamal eme_oaep eme_pkcs1 eme_raw emsa1 emsa_pkcs1 emsa_pssr emsa_raw emsa_x931 entropy fd_unix ffi filters fpe_fe1 gcm ghash ghash_cpu ghash_vperm gmac gost_28147 gost_3410 gost_3411 hash hash_id hex hkdf hmac hmac_drbg hotp http_util idea idea_sse2 iso9796 kdf kdf1 kdf1_iso18033 kdf2 keccak keypair kyber kyber_90s kyber_common lion mac mce md4 md5 mdx_hash mem_pool mgf1 mode_pad modes mp newhope nist_keywrap noekeon noekeon_simd numbertheory ocb ofb par_hash passhash9 pbes2 pbkdf pbkdf2 pem pgp_s2k pk_pad pkcs11 poly1305 poly_dbl prf_tls prf_x942 processor_rng psk_db pubkey rc4 rdseed rfc3394 rfc6979 rmd160 rng roughtime rsa salsa20 scrypt seed serpent serpent_avx2 serpent_simd sessions_sql sha1 sha1_sse2 sha1_x86 sha2_32 sha2_32_bmi2 sha2_32_x86 sha2_64 sha2_64_bmi2 sha3 sha3_bmi2 shacal2 shacal2_avx2 shacal2_simd shacal2_x86 shake shake_cipher simd simd_avx2 siphash siv skein sm2 sm3 sm4 socket sodium sp800_108 sp800_56a sp800_56c srp6 stateful_rng stream streebog system_rng thread_utils threefish_512 threefish_512_avx2 tls tls_cbc tss twofish utils uuid whirlpool x509 x919_mac xmss xts zfec zfec_sse2 zfec_vperm
#20 1.394    INFO: Using symlink to link files into build dir (use --link-method to change)
#20 1.452    INFO: Botan 3.0.0-alpha0 (revision git:e068d80953469fc8a3ec1715d0f64756d972daba) (unreleased undated) build setup is complete
#20 1.452 WARNING: The fuzzer mode flag is labeled unsafe for a reason, this version is for testing only
#20 1.458 ++ nproc
#20 1.460 + make -j8 libbotan-2.a
#20 1.467 make: *** No rule to make target 'libbotan-2.a'.  Stop.
#20 1.467 Traceback (most recent call last):
#20 1.467   File "<string>", line 1, in <module>
#20 1.468   File "/src/fuzzers/afl/fuzzer.py", line 40, in build
#20 1.468     utils.build_benchmark()
#20 1.468   File "/src/fuzzers/utils.py", line 82, in build_benchmark
#20 1.468     subprocess.check_call(['/bin/bash', '-ex', build_script], env=env)
#20 1.468   File "/usr/local/lib/python3.8/subprocess.py", line 364, in check_call
#20 1.469     raise CalledProcessError(retcode, cmd)
#20 1.469 subprocess.CalledProcessError: Command '['/bin/bash', '-ex', '/src/build.sh']' returned non-zero exit status 2.
#20 ERROR: executor failed running [/bin/sh -c echo "Run fuzzer_build to build the target" && if [ -z "$debug_builder" ] ; then fuzzer_build; fi]: exit code: 1
------
 > importing cache manifest from gcr.io/fuzzbench/builders/afl/botan_botan:
------
------
 > [stage-1 13/13] RUN echo "Run fuzzer_build to build the target" && if [ -z "$debug_builder" ] ; then fuzzer_build; fi:
------
executor failed running [/bin/sh -c echo "Run fuzzer_build to build the target" && if [ -z "$debug_builder" ] ; then fuzzer_build; fi]: exit code: 1
make: *** [docker/generated.mk:2668640: .afl-botan_botan-builder] Error 1
