WARNING:root:gcloud not found in PATH.
INFO:root:Successfully integrated benchmark: xerces-c_xerces_fuzz_common.
INFO:root:Please run "make test-run-afl-xerces-c_xerces_fuzz_common" to test integration.
#1 [internal] load build definition from Dockerfile
#1 sha256:cc8f5a802a56b0ff00006725b624595f8e3c2db13d70da57a102a3a8407ed808
#1 transferring dockerfile: 1.25kB done
#1 DONE 0.0s

#2 [internal] load .dockerignore
#2 sha256:4c6b847a6fd26c64f79ccfe32d3e265f73103a0ed69fb324bb2a3518aaeb1175
#2 transferring context: 2B done
#2 DONE 0.0s

#3 [internal] load metadata for gcr.io/oss-fuzz-base/base-builder:latest
#3 sha256:f10dc39cc9d418a5bc416dead31a1902b6821fdae909cd3b08f7a3fd1faba7b5
#3 DONE 0.3s

#10 [internal] load build context
#10 sha256:b0b0d71a0a9ba231803a1911901b881f7a4215a076c8f73a3f0302eae54a772a
#10 DONE 0.0s

#5 [1/6] FROM gcr.io/oss-fuzz-base/base-builder@sha256:f4e5ea12494fab091c5d830cf803b3421f2860f729b9d1b07da44924396cf8cf
#5 sha256:ef290950573a2779ee526af357b28fbddfc20d7409aa51f58f777c9e972cba29
#5 DONE 0.0s

#4 importing cache manifest from gcr.io/fuzzbench/builders/benchmark/xerces-c_xerces_fuzz_common
#4 sha256:9afd0bceca54c5f81ff68bc645ee83d6cc384c4e50daadea58571353470fb0b2
#4 ERROR: gcr.io/fuzzbench/builders/benchmark/xerces-c_xerces_fuzz_common:latest: not found

#6 [2/6] RUN apt-get update && apt-get install -y make autoconf automake libtool wget zlib1g-dev libtool ninja-build cmake subversion
#6 sha256:49a7be0d1426a251f412403b6f3dd299746dfa7d77c2a0d17974e8e219c1ab51
#6 CACHED

#7 [3/6] RUN svn co https://svn.apache.org/repos/asf/xerces/c/trunk /src/xerces-c
#7 sha256:2d69086665ffa0ba5e8cd5f963a9e6563ce2c73682d46e1d7780d66f0f453ddb
#7 CACHED

#8 [4/6] RUN git clone --depth 1 https://github.com/google/libprotobuf-mutator.git
#8 sha256:bee7b0dcd969c3fa01d5a1c50ef58aceb1d1ff26454b357d14091e8c06c30b6c
#8 CACHED

#10 [internal] load build context
#10 sha256:b0b0d71a0a9ba231803a1911901b881f7a4215a076c8f73a3f0302eae54a772a
#10 transferring context: 20.44kB done
#10 DONE 0.0s

#9 [5/6] RUN (mkdir LPM && cd LPM && cmake ../libprotobuf-mutator -GNinja -DLIB_PROTO_MUTATOR_DOWNLOAD_PROTOBUF=ON -DLIB_PROTO_MUTATOR_TESTING=OFF -DCMAKE_BUILD_TYPE=Release && ninja)
#9 sha256:64be309b4d5ca6af803e12213c3728ca03cc31a94bed735864af4240930a4c69
#9 0.456 -- The CXX compiler identification is Clang 14.0.0
#9 0.472 -- Detecting CXX compiler ABI info
#9 0.566 -- Detecting CXX compiler ABI info - done
#9 0.585 -- Check for working CXX compiler: /usr/local/bin/clang++ - skipped
#9 0.585 -- Detecting CXX compile features
#9 0.586 -- Detecting CXX compile features - done
#9 0.665 -- The C compiler identification is Clang 14.0.0
#9 0.676 -- Detecting C compiler ABI info
#9 0.761 -- Detecting C compiler ABI info - done
#9 0.779 -- Check for working C compiler: /usr/local/bin/clang - skipped
#9 0.779 -- Detecting C compile features
#9 0.780 -- Detecting C compile features - done
#9 0.785 -- Looking for pthread.h
#9 0.881 -- Looking for pthread.h - found
#9 0.882 -- Performing Test CMAKE_HAVE_LIBC_PTHREAD
#9 0.983 -- Performing Test CMAKE_HAVE_LIBC_PTHREAD - Failed
#9 0.983 -- Check if compiler accepts -pthread
#9 1.088 -- Check if compiler accepts -pthread - yes
#9 1.091 -- Found Threads: TRUE  
#9 1.104 -- Could NOT find LibLZMA (missing: LIBLZMA_LIBRARY LIBLZMA_INCLUDE_DIR LIBLZMA_HAS_AUTO_DECODER LIBLZMA_HAS_EASY_ENCODER LIBLZMA_HAS_LZMA_PRESET) 
#9 1.119 -- Found ZLIB: /usr/lib/x86_64-linux-gnu/libz.so (found version "1.2.11") 
#9 1.120 -- Performing Test LIB_PROTO_MUTATOR_HAS_SANITIZE_ADDRESS
#9 1.352 -- Performing Test LIB_PROTO_MUTATOR_HAS_SANITIZE_ADDRESS - Success
#9 1.354 -- Performing Test LIB_PROTO_MUTATOR_HAS_SANITIZE_SCOPE
#9 1.596 -- Performing Test LIB_PROTO_MUTATOR_HAS_SANITIZE_SCOPE - Success
#9 1.599 -- Performing Test LIB_PROTO_MUTATOR_HAS_NO_COVERAGE
#9 1.693 -- Performing Test LIB_PROTO_MUTATOR_HAS_NO_COVERAGE - Success
#9 1.695 -- Performing Test LIB_PROTO_MUTATOR_HAS_SANITIZE_FUZZER
#9 1.880 -- Performing Test LIB_PROTO_MUTATOR_HAS_SANITIZE_FUZZER - Success
#9 1.883 -- Performing Test LIB_PROTO_MUTATOR_HAS_NO_SANITIZE_FUZZER
#9 1.979 -- Performing Test LIB_PROTO_MUTATOR_HAS_NO_SANITIZE_FUZZER - Success
#9 1.981 -- Performing Test LIB_PROTO_MUTATOR_HAS_WSTRING_CONVERSION
#9 2.075 -- Performing Test LIB_PROTO_MUTATOR_HAS_WSTRING_CONVERSION - Success
#9 2.091 -- Could NOT find Protobuf (missing: Protobuf_LIBRARIES Protobuf_INCLUDE_DIR) 
#9 2.190 -- Configuring done
#9 2.193 CMake Error: The following variables are used in this project, but they are set to NOTFOUND.
#9 2.193 Please set them or make sure they are set and tested correctly in the CMake files:
#9 2.193 LIBLZMA_LIBRARY (ADVANCED)
#9 2.193     linked by target "libxml2_example" in directory /src/libprotobuf-mutator/examples/libxml2
#9 2.193 
#9 2.222 -- Generating done
#9 2.226 CMake Generate step failed.  Build files cannot be regenerated correctly.
#9 ERROR: executor failed running [/bin/sh -c (mkdir LPM && cd LPM && cmake ../libprotobuf-mutator -GNinja -DLIB_PROTO_MUTATOR_DOWNLOAD_PROTOBUF=ON -DLIB_PROTO_MUTATOR_TESTING=OFF -DCMAKE_BUILD_TYPE=Release && ninja)]: exit code: 1
------
 > importing cache manifest from gcr.io/fuzzbench/builders/benchmark/xerces-c_xerces_fuzz_common:
------
------
 > [5/6] RUN (mkdir LPM && cd LPM && cmake ../libprotobuf-mutator -GNinja -DLIB_PROTO_MUTATOR_DOWNLOAD_PROTOBUF=ON -DLIB_PROTO_MUTATOR_TESTING=OFF -DCMAKE_BUILD_TYPE=Release && ninja):
------
executor failed running [/bin/sh -c (mkdir LPM && cd LPM && cmake ../libprotobuf-mutator -GNinja -DLIB_PROTO_MUTATOR_DOWNLOAD_PROTOBUF=ON -DLIB_PROTO_MUTATOR_TESTING=OFF -DCMAKE_BUILD_TYPE=Release && ninja)]: exit code: 1
make: *** [docker/generated.mk:72079: .xerces-c_xerces_fuzz_common-project-builder] Error 1
/bin/sh: 1: source: not found
#1 [internal] load build definition from Dockerfile
#1 sha256:c415b924af36c26e6481c261ac95a4402a3cd3f4b30e144cc573cc07dae77fbd
#1 transferring dockerfile: 32B done
#1 DONE 0.0s

#2 [internal] load .dockerignore
#2 sha256:5f70e59d68355ef9008876b1af3eadcd086139ae303a19b1243c958d6046b581
#2 transferring context: 2B done
#2 DONE 0.0s

#3 [internal] load metadata for gcr.io/oss-fuzz-base/base-builder:latest
#3 sha256:f10dc39cc9d418a5bc416dead31a1902b6821fdae909cd3b08f7a3fd1faba7b5
#3 DONE 0.4s

#10 [internal] load build context
#10 sha256:71d9ade584d35604fca4c68a815053ad6a5a5feaff5bd59ae946ab9160a93a06
#10 DONE 0.0s

#5 [1/6] FROM gcr.io/oss-fuzz-base/base-builder@sha256:f4e5ea12494fab091c5d830cf803b3421f2860f729b9d1b07da44924396cf8cf
#5 sha256:ef290950573a2779ee526af357b28fbddfc20d7409aa51f58f777c9e972cba29
#5 DONE 0.0s

#4 importing cache manifest from gcr.io/fuzzbench/builders/benchmark/xerces-c_xerces_fuzz_common
#4 sha256:9afd0bceca54c5f81ff68bc645ee83d6cc384c4e50daadea58571353470fb0b2
#4 ERROR: gcr.io/fuzzbench/builders/benchmark/xerces-c_xerces_fuzz_common:latest: not found

#6 [2/6] RUN apt-get update && apt-get install -y make autoconf automake libtool wget zlib1g-dev libtool ninja-build cmake subversion
#6 sha256:49a7be0d1426a251f412403b6f3dd299746dfa7d77c2a0d17974e8e219c1ab51
#6 CACHED

#7 [3/6] RUN svn co https://svn.apache.org/repos/asf/xerces/c/trunk /src/xerces-c
#7 sha256:2d69086665ffa0ba5e8cd5f963a9e6563ce2c73682d46e1d7780d66f0f453ddb
#7 CACHED

#8 [4/6] RUN git clone --depth 1 https://github.com/google/libprotobuf-mutator.git
#8 sha256:bee7b0dcd969c3fa01d5a1c50ef58aceb1d1ff26454b357d14091e8c06c30b6c
#8 CACHED

#10 [internal] load build context
#10 sha256:71d9ade584d35604fca4c68a815053ad6a5a5feaff5bd59ae946ab9160a93a06
#10 transferring context: 300B done
#10 DONE 0.0s

#9 [5/6] RUN (mkdir LPM && cd LPM && cmake ../libprotobuf-mutator -GNinja -DLIB_PROTO_MUTATOR_DOWNLOAD_PROTOBUF=ON -DLIB_PROTO_MUTATOR_TESTING=OFF -DCMAKE_BUILD_TYPE=Release && ninja)
#9 sha256:64be309b4d5ca6af803e12213c3728ca03cc31a94bed735864af4240930a4c69
#9 0.446 -- The CXX compiler identification is Clang 14.0.0
#9 0.461 -- Detecting CXX compiler ABI info
#9 0.556 -- Detecting CXX compiler ABI info - done
#9 0.571 -- Check for working CXX compiler: /usr/local/bin/clang++ - skipped
#9 0.572 -- Detecting CXX compile features
#9 0.573 -- Detecting CXX compile features - done
#9 0.654 -- The C compiler identification is Clang 14.0.0
#9 0.669 -- Detecting C compiler ABI info
#9 0.757 -- Detecting C compiler ABI info - done
#9 0.771 -- Check for working C compiler: /usr/local/bin/clang - skipped
#9 0.772 -- Detecting C compile features
#9 0.773 -- Detecting C compile features - done
#9 0.779 -- Looking for pthread.h
#9 0.878 -- Looking for pthread.h - found
#9 0.878 -- Performing Test CMAKE_HAVE_LIBC_PTHREAD
#9 0.981 -- Performing Test CMAKE_HAVE_LIBC_PTHREAD - Failed
#9 0.981 -- Check if compiler accepts -pthread
#9 1.082 -- Check if compiler accepts -pthread - yes
#9 1.084 -- Found Threads: TRUE  
#9 1.095 -- Could NOT find LibLZMA (missing: LIBLZMA_LIBRARY LIBLZMA_INCLUDE_DIR LIBLZMA_HAS_AUTO_DECODER LIBLZMA_HAS_EASY_ENCODER LIBLZMA_HAS_LZMA_PRESET) 
#9 1.109 -- Found ZLIB: /usr/lib/x86_64-linux-gnu/libz.so (found version "1.2.11") 
#9 1.111 -- Performing Test LIB_PROTO_MUTATOR_HAS_SANITIZE_ADDRESS
#9 1.352 -- Performing Test LIB_PROTO_MUTATOR_HAS_SANITIZE_ADDRESS - Success
#9 1.354 -- Performing Test LIB_PROTO_MUTATOR_HAS_SANITIZE_SCOPE
#9 1.604 -- Performing Test LIB_PROTO_MUTATOR_HAS_SANITIZE_SCOPE - Success
#9 1.606 -- Performing Test LIB_PROTO_MUTATOR_HAS_NO_COVERAGE
#9 1.699 -- Performing Test LIB_PROTO_MUTATOR_HAS_NO_COVERAGE - Success
#9 1.701 -- Performing Test LIB_PROTO_MUTATOR_HAS_SANITIZE_FUZZER
#9 1.884 -- Performing Test LIB_PROTO_MUTATOR_HAS_SANITIZE_FUZZER - Success
#9 1.886 -- Performing Test LIB_PROTO_MUTATOR_HAS_NO_SANITIZE_FUZZER
#9 1.979 -- Performing Test LIB_PROTO_MUTATOR_HAS_NO_SANITIZE_FUZZER - Success
#9 1.980 -- Performing Test LIB_PROTO_MUTATOR_HAS_WSTRING_CONVERSION
#9 2.072 -- Performing Test LIB_PROTO_MUTATOR_HAS_WSTRING_CONVERSION - Success
#9 2.089 -- Could NOT find Protobuf (missing: Protobuf_LIBRARIES Protobuf_INCLUDE_DIR) 
#9 2.183 -- Configuring done
#9 2.185 CMake Error: The following variables are used in this project, but they are set to NOTFOUND.
#9 2.185 Please set them or make sure they are set and tested correctly in the CMake files:
#9 2.185 LIBLZMA_LIBRARY (ADVANCED)
#9 2.185     linked by target "libxml2_example" in directory /src/libprotobuf-mutator/examples/libxml2
#9 2.185 
#9 2.214 -- Generating done
#9 2.218 CMake Generate step failed.  Build files cannot be regenerated correctly.
#9 ERROR: executor failed running [/bin/sh -c (mkdir LPM && cd LPM && cmake ../libprotobuf-mutator -GNinja -DLIB_PROTO_MUTATOR_DOWNLOAD_PROTOBUF=ON -DLIB_PROTO_MUTATOR_TESTING=OFF -DCMAKE_BUILD_TYPE=Release && ninja)]: exit code: 1
------
 > importing cache manifest from gcr.io/fuzzbench/builders/benchmark/xerces-c_xerces_fuzz_common:
------
------
 > [5/6] RUN (mkdir LPM && cd LPM && cmake ../libprotobuf-mutator -GNinja -DLIB_PROTO_MUTATOR_DOWNLOAD_PROTOBUF=ON -DLIB_PROTO_MUTATOR_TESTING=OFF -DCMAKE_BUILD_TYPE=Release && ninja):
------
executor failed running [/bin/sh -c (mkdir LPM && cd LPM && cmake ../libprotobuf-mutator -GNinja -DLIB_PROTO_MUTATOR_DOWNLOAD_PROTOBUF=ON -DLIB_PROTO_MUTATOR_TESTING=OFF -DCMAKE_BUILD_TYPE=Release && ninja)]: exit code: 1
make: *** [docker/generated.mk:72079: .xerces-c_xerces_fuzz_common-project-builder] Error 1
