WARNING:root:gcloud not found in PATH.
INFO:root:Successfully integrated benchmark: mtail_mtail.
INFO:root:Please run "make test-run-afl-mtail_mtail" to test integration.
#1 [internal] load build definition from Dockerfile
#1 sha256:aba5427cc5c9f04a7ebaaef9766dd83dda73b19cb656c56a9d0100fdb369607a
#1 transferring dockerfile: 901B done
#1 DONE 0.7s

#2 [internal] load .dockerignore
#2 sha256:ae8896e0b7969513c2d38c741d5672ccbcaa58f330037aa63e4406e9a18d8f46
#2 transferring context: 2B done
#2 DONE 0.8s

#3 [internal] load metadata for gcr.io/oss-fuzz-base/base-builder:latest
#3 sha256:f10dc39cc9d418a5bc416dead31a1902b6821fdae909cd3b08f7a3fd1faba7b5
#3 DONE 0.4s

#9 [internal] load build context
#9 sha256:feb011e45d83e98d7740e7189b97a71a2535c5dc406ffb81957fa88f17850b87
#9 DONE 0.0s

#5 [1/5] FROM gcr.io/oss-fuzz-base/base-builder@sha256:112044a9815d235113677d459cf2ece740a51f2b85081c8f66943dcdc72ddf7f
#5 sha256:4aee4bf9f7280ac8b7f02b8d29e6e084dd034d2c294b4e3e05d8ce7048a1450f
#5 DONE 0.0s

#4 importing cache manifest from gcr.io/fuzzbench/builders/benchmark/mtail_mtail
#4 sha256:8a30381ae2ec8cc111210801e94bf49a838afe38d6a74d0f76feea248913cbfe
#4 ERROR: gcr.io/fuzzbench/builders/benchmark/mtail_mtail:latest: not found

#5 [1/5] FROM gcr.io/oss-fuzz-base/base-builder@sha256:112044a9815d235113677d459cf2ece740a51f2b85081c8f66943dcdc72ddf7f
#5 sha256:4aee4bf9f7280ac8b7f02b8d29e6e084dd034d2c294b4e3e05d8ce7048a1450f
#5 CACHED

#9 [internal] load build context
#9 sha256:feb011e45d83e98d7740e7189b97a71a2535c5dc406ffb81957fa88f17850b87
#9 transferring context: 1.16kB done
#9 DONE 0.3s

#6 [2/5] RUN mkdir -p github.com/google
#6 sha256:a8468aef166388419d559e167b05d70c3097dea7b5b605ae7504e0cd2d056f6e
#6 DONE 0.9s

#7 [3/5] RUN git clone --depth 1 https://github.com/google/mtail github.com/google/mtail
#7 sha256:62218dbca8d318709d0822b40ca6365a43d60ab132f87ce86828c25dc432aa40
#7 0.545 Cloning into 'github.com/google/mtail'...
#7 DONE 1.8s

#8 [4/5] WORKDIR github.com/google/mtail
#8 sha256:5cd5c3ba40ffd9ac6bd885d53fec0fd04e6f2ff3cc903d367fd3f32ac1ef19d5
#8 DONE 0.4s

#10 [5/5] COPY build.sh /src/
#10 sha256:1dd906960bb3d82f6c0b1f3b973c3e8c0e58364035d3225d6cc3406dc2e5b32f
#10 DONE 0.3s

#11 exporting to image
#11 sha256:e8c613e07b0b7ff33893b694f7759a10d42e180f2b4dc349fb57dc6b71dcab00
#11 exporting layers done
#11 writing image sha256:2c20268b390c7666fece7dce5c659d61afb45cce491903f14d960c1d41320842 0.0s done
#11 naming to gcr.io/fuzzbench/builders/benchmark/mtail_mtail done
#11 DONE 0.4s

#12 exporting cache
#12 sha256:2700d4ef94dee473593c5c614b55b2dedcca7893909811a8f2b48291a1f581e4
#12 preparing build cache for export done
#12 DONE 0.0s
------
 > importing cache manifest from gcr.io/fuzzbench/builders/benchmark/mtail_mtail:
------
#1 [internal] load build definition from builder.Dockerfile
#1 sha256:2b7004c50651cec77d7f86c7976c9b36028214ab6e6676107cf3c6b26f43088b
#1 transferring dockerfile:
#1 ...

#2 [internal] load .dockerignore
#2 sha256:78d7480b783686a4c1550b7b83f88e4e30cea62a485d624e17d0f5fd8ca1a58b
#2 transferring context: 2B done
#2 DONE 0.2s

#1 [internal] load build definition from builder.Dockerfile
#1 sha256:2b7004c50651cec77d7f86c7976c9b36028214ab6e6676107cf3c6b26f43088b
#1 transferring dockerfile: 46B done
#1 DONE 0.3s

#3 [internal] load metadata for gcr.io/fuzzbench/builders/benchmark/mtail_mtail:latest
#3 sha256:ee700a01a922a1faf7c8044349016e5f6189ceafa528a438dfd5a8ec82462e6e
#3 DONE 0.0s

#5 [1/3] FROM gcr.io/fuzzbench/builders/benchmark/mtail_mtail
#5 sha256:c5cc3de0f1f1309a6b8a5c667d7fc9fef3f9e357ce649a1ed638a37d39efebd6
#5 DONE 0.0s

#4 importing cache manifest from gcr.io/fuzzbench/builders/afl/mtail_mtail-intermediate
#4 sha256:47400aac586414877177b2dbb82cbd5e7930fd2249f13588cad356a67bd5e1e4
#4 ERROR: gcr.io/fuzzbench/builders/afl/mtail_mtail-intermediate:latest: not found

#5 [1/3] FROM gcr.io/fuzzbench/builders/benchmark/mtail_mtail
#5 sha256:c5cc3de0f1f1309a6b8a5c667d7fc9fef3f9e357ce649a1ed638a37d39efebd6
#5 DONE 1.0s

#6 [2/3] RUN git clone https://github.com/google/AFL.git /afl &&     cd /afl &&     git checkout 61037103ae3722c8060ff7082994836a794f978e &&     AFL_NO_X86=1 make
#6 sha256:19a6a2ef0652844874026fe5dbe4381e6e9ecc7dd2f6983cc75a844fb53b6ada
#6 0.470 Cloning into '/afl'...
#6 1.328 Note: switching to '61037103ae3722c8060ff7082994836a794f978e'.
#6 1.328 
#6 1.328 You are in 'detached HEAD' state. You can look around, make experimental
#6 1.328 changes and commit them, and you can discard any commits you make in this
#6 1.328 state without impacting any branches by switching back to a branch.
#6 1.328 
#6 1.328 If you want to create a new branch to retain commits you create, you may
#6 1.328 do so (now or later) by using -c with the switch command. Example:
#6 1.328 
#6 1.328   git switch -c <new-branch-name>
#6 1.328 
#6 1.328 Or undo this operation with:
#6 1.328 
#6 1.328   git switch -
#6 1.328 
#6 1.328 Turn off this advice by setting config variable advice.detachedHead to false
#6 1.328 
#6 1.328 HEAD is now at 6103710 Fix a typo filename comparison in the fuzzer (#139)
#6 1.443 [!] Note: skipping x86 compilation checks (AFL_NO_X86 set).
#6 1.443 clang -O1 -fno-omit-frame-pointer -gline-tables-only -DFUZZING_BUILD_MODE_UNSAFE_FOR_PRODUCTION -Wall -D_FORTIFY_SOURCE=2 -g -Wno-pointer-sign -DAFL_PATH=\"/usr/local/lib/afl\" -DDOC_PATH=\"/usr/local/share/doc/afl\" -DBIN_PATH=\"/usr/local/bin\" afl-gcc.c -o afl-gcc -ldl
#6 1.624 set -e; for i in afl-g++ afl-clang afl-clang++; do ln -sf afl-gcc $i; done
#6 1.628 clang -O1 -fno-omit-frame-pointer -gline-tables-only -DFUZZING_BUILD_MODE_UNSAFE_FOR_PRODUCTION -Wall -D_FORTIFY_SOURCE=2 -g -Wno-pointer-sign -DAFL_PATH=\"/usr/local/lib/afl\" -DDOC_PATH=\"/usr/local/share/doc/afl\" -DBIN_PATH=\"/usr/local/bin\" afl-fuzz.c -o afl-fuzz -ldl
#6 3.992 clang -O1 -fno-omit-frame-pointer -gline-tables-only -DFUZZING_BUILD_MODE_UNSAFE_FOR_PRODUCTION -Wall -D_FORTIFY_SOURCE=2 -g -Wno-pointer-sign -DAFL_PATH=\"/usr/local/lib/afl\" -DDOC_PATH=\"/usr/local/share/doc/afl\" -DBIN_PATH=\"/usr/local/bin\" afl-showmap.c -o afl-showmap -ldl
#6 4.303 clang -O1 -fno-omit-frame-pointer -gline-tables-only -DFUZZING_BUILD_MODE_UNSAFE_FOR_PRODUCTION -Wall -D_FORTIFY_SOURCE=2 -g -Wno-pointer-sign -DAFL_PATH=\"/usr/local/lib/afl\" -DDOC_PATH=\"/usr/local/share/doc/afl\" -DBIN_PATH=\"/usr/local/bin\" afl-tmin.c -o afl-tmin -ldl
#6 4.728 clang -O1 -fno-omit-frame-pointer -gline-tables-only -DFUZZING_BUILD_MODE_UNSAFE_FOR_PRODUCTION -Wall -D_FORTIFY_SOURCE=2 -g -Wno-pointer-sign -DAFL_PATH=\"/usr/local/lib/afl\" -DDOC_PATH=\"/usr/local/share/doc/afl\" -DBIN_PATH=\"/usr/local/bin\" afl-gotcpu.c -o afl-gotcpu -ldl
#6 4.876 clang -O1 -fno-omit-frame-pointer -gline-tables-only -DFUZZING_BUILD_MODE_UNSAFE_FOR_PRODUCTION -Wall -D_FORTIFY_SOURCE=2 -g -Wno-pointer-sign -DAFL_PATH=\"/usr/local/lib/afl\" -DDOC_PATH=\"/usr/local/share/doc/afl\" -DBIN_PATH=\"/usr/local/bin\" afl-analyze.c -o afl-analyze -ldl
#6 5.273 clang -O1 -fno-omit-frame-pointer -gline-tables-only -DFUZZING_BUILD_MODE_UNSAFE_FOR_PRODUCTION -Wall -D_FORTIFY_SOURCE=2 -g -Wno-pointer-sign -DAFL_PATH=\"/usr/local/lib/afl\" -DDOC_PATH=\"/usr/local/share/doc/afl\" -DBIN_PATH=\"/usr/local/bin\" afl-as.c -o afl-as -ldl
#6 5.511 ln -sf afl-as as
#6 5.512 [!] Note: skipping build tests (you may need to use LLVM or QEMU mode).
#6 5.515 [+] LLVM users: see llvm_mode/README.llvm for a faster alternative to afl-gcc.
#6 5.516 [+] All done! Be sure to review README - it's pretty short and useful.
#6 DONE 6.0s

#7 [3/3] RUN apt-get update &&     apt-get install wget -y &&     wget https://raw.githubusercontent.com/llvm/llvm-project/5feb80e748924606531ba28c97fe65145c65372e/compiler-rt/lib/fuzzer/afl/afl_driver.cpp -O /afl/afl_driver.cpp &&     clang -Wno-pointer-sign -c /afl/llvm_mode/afl-llvm-rt.o.c -I/afl &&     clang++ -stdlib=libc++ -std=c++11 -O2 -c /afl/afl_driver.cpp &&     ar r /libAFL.a *.o
#7 sha256:aceeea3eea4edc63aa815e77bd12f0ab1c7968a63966a330fd6c846e9414aa15
#7 0.794 Hit:1 http://ppa.launchpad.net/git-core/ppa/ubuntu focal InRelease
#7 0.794 Hit:2 http://archive.ubuntu.com/ubuntu focal InRelease
#7 0.799 Get:3 http://archive.ubuntu.com/ubuntu focal-updates InRelease [114 kB]
#7 0.896 Get:4 http://archive.ubuntu.com/ubuntu focal-backports InRelease [108 kB]
#7 0.916 Get:5 http://security.ubuntu.com/ubuntu focal-security InRelease [114 kB]
#7 1.344 Get:6 http://archive.ubuntu.com/ubuntu focal-updates/universe amd64 Packages [1134 kB]
#7 1.479 Get:7 http://archive.ubuntu.com/ubuntu focal-updates/main amd64 Packages [1984 kB]
#7 1.627 Get:8 http://archive.ubuntu.com/ubuntu focal-updates/main i386 Packages [755 kB]
#7 1.683 Get:9 http://archive.ubuntu.com/ubuntu focal-updates/universe i386 Packages [827 kB]
#7 2.073 Fetched 5036 kB in 1s (4070 kB/s)
#7 2.073 Reading package lists...
#7 3.576 Reading package lists...
#7 4.991 Building dependency tree...
#7 5.202 Reading state information...
#7 5.450 wget is already the newest version (1.20.3-1ubuntu2).
#7 5.450 0 upgraded, 0 newly installed, 0 to remove and 0 not upgraded.
#7 5.455 --2022-02-18 07:48:36--  https://raw.githubusercontent.com/llvm/llvm-project/5feb80e748924606531ba28c97fe65145c65372e/compiler-rt/lib/fuzzer/afl/afl_driver.cpp
#7 5.458 Resolving raw.githubusercontent.com (raw.githubusercontent.com)... 185.199.108.133, 185.199.109.133, 185.199.111.133, ...
#7 5.460 Connecting to raw.githubusercontent.com (raw.githubusercontent.com)|185.199.108.133|:443... connected.
#7 5.483 HTTP request sent, awaiting response... 200 OK
#7 5.643 Length: 9177 (9.0K) [text/plain]
#7 5.643 Saving to: '/afl/afl_driver.cpp'
#7 5.643 
#7 5.643      0K ........                                              100% 8.39M=0.001s
#7 5.644 
#7 5.644 2022-02-18 07:48:36 (8.39 MB/s) - '/afl/afl_driver.cpp' saved [9177/9177]
#7 5.644 
#7 7.466 ar: creating /libAFL.a
#7 DONE 8.4s

#8 exporting to image
#8 sha256:e8c613e07b0b7ff33893b694f7759a10d42e180f2b4dc349fb57dc6b71dcab00
#8 exporting layers done
#8 writing image sha256:948901ae2652082c9732d2b7e8fd5d0d95f6405d91e1eb92003d435c157fbe0c 0.0s done
#8 naming to gcr.io/fuzzbench/builders/afl/mtail_mtail-intermediate 0.0s done
#8 DONE 0.3s

#9 exporting cache
#9 sha256:2700d4ef94dee473593c5c614b55b2dedcca7893909811a8f2b48291a1f581e4
#9 preparing build cache for export done
#9 DONE 0.0s
------
 > importing cache manifest from gcr.io/fuzzbench/builders/afl/mtail_mtail-intermediate:
------
#1 [internal] load build definition from Dockerfile
#1 sha256:a0a9fdee62bc7a3afe506ceaeeefe48aedf8d0438622c6aa614e198977318297
#1 transferring dockerfile: 2.00kB done
#1 DONE 0.1s

#2 [internal] load .dockerignore
#2 sha256:cc36368bfa79473a53bcf2cdd89a3bab2c992cd469792a14fadc16bd66935313
#2 transferring context: 34B done
#2 DONE 0.1s

#3 [internal] load metadata for docker.io/library/ubuntu:xenial
#3 sha256:f62bae18ed588840f045c881b2502661f2a89578a2f8f99b83f5200ee83dd25b
#3 DONE 0.0s

#5 [1/7] FROM docker.io/library/ubuntu:xenial
#5 sha256:14dd403f25ae9e519bd44f27dc17af7ce80f5a4f9f48ca88108364e67ec5d360
#5 DONE 0.0s

#4 importing cache manifest from gcr.io/fuzzbench/base-image
#4 sha256:9b220ebb4d4daceed1b96df9b6dca076e762f1cd612574f010b82d5b9e5ad896
#4 DONE 0.0s

#8 [internal] load build context
#8 sha256:e19abdff3041f2521b1e0f9df7b05b0a0ceca068de16208280473f6473f13f16
#8 transferring context: 559B 0.0s done
#8 DONE 0.1s

#7 [3/7] RUN cd /tmp/ &&     curl -O https://www.python.org/ftp/python/3.8.6/Python-3.8.6.tar.xz &&     tar -xvf Python-3.8.6.tar.xz &&     cd Python-3.8.6 &&     ./configure --enable-loadable-sqlite-extensions --enable-optimizations &&     make -j install &&     rm -r /tmp/Python-3.8.6.tar.xz /tmp/Python-3.8.6
#7 sha256:c5b9d1fb3371e84dbc60b76e7b2f8d5913bc93bcd4910ab65daa03e7b2ec4bb0
#7 CACHED

#9 [4/7] COPY ./requirements.txt /
#9 sha256:7339cc6af8df46f322297ac71dd8a7097382a73d8bad1da9782e9ce0fb300a66
#9 CACHED

#10 [5/7] RUN pip3 install -r /requirements.txt
#10 sha256:b204b14b1630b922ad8eb67223ffb6cc839fe551c7b900a94ee138700dc8f6ed
#10 CACHED

#11 [6/7] RUN apt-get update -y && apt-get install -y     apt-transport-https     lsb-release
#11 sha256:f54507e8ce02eb57940db71bd95b0d2f21ccb0ef4770df9c1d6e391cdda20c86
#11 CACHED

#6 [2/7] RUN apt-get update -y && apt-get install -y     build-essential     rsync     curl     zlib1g-dev     libncurses5-dev     libgdbm-dev     libnss3-dev     libssl-dev     libreadline-dev     libffi-dev     virtualenv     libbz2-dev     liblzma-dev     libsqlite3-dev
#6 sha256:3a1b0960f17eed529eaae93dc8fd3554f2743dd584d8fa569cdbe6bc734371ac
#6 CACHED

#12 [7/7] RUN CLOUD_SDK_REPO="cloud-sdk-$(lsb_release -c -s)" &&     echo "deb https://packages.cloud.google.com/apt $CLOUD_SDK_REPO main"     | tee -a /etc/apt/sources.list.d/google-cloud-sdk.list &&     curl https://packages.cloud.google.com/apt/doc/apt-key.gpg     | apt-key add - &&     apt-get update -y &&     apt-get install -y google-cloud-sdk
#12 sha256:136ea2a217308bba64dfc47033da25ad2ec44555a680703350680b20d9ebafff
#12 CACHED

#13 exporting to image
#13 sha256:e8c613e07b0b7ff33893b694f7759a10d42e180f2b4dc349fb57dc6b71dcab00
#13 exporting layers done
#13 writing image sha256:7c312afc0c92be055a6e596de5bde5bb2ff79522f51f5d5c5b849c01586f4ff7 0.0s done
#13 naming to gcr.io/fuzzbench/base-image done
#13 DONE 0.2s

#14 exporting cache
#14 sha256:2700d4ef94dee473593c5c614b55b2dedcca7893909811a8f2b48291a1f581e4
#14 preparing build cache for export done
#14 DONE 0.0s
#1 [internal] load build definition from Dockerfile
#1 sha256:0ae4bee3953dee6a6ff5ea977b187f9a50e5b88714ab042d6d8411870bf74664
#1 transferring dockerfile: 2.22kB done
#1 DONE 0.1s

#2 [internal] load .dockerignore
#2 sha256:f8a988de2b877cfbb81507c8a2eae17ac4a77d1466f80d4aa6c350599510ec72
#2 transferring context: 34B done
#2 DONE 0.1s

#4 [internal] load metadata for gcr.io/fuzzbench/base-image:latest
#4 sha256:932022888f650cc455b10eb5123bb08c0cccacac29a693e69314abbfd28a72c3
#4 DONE 0.0s

#3 [internal] load metadata for gcr.io/fuzzbench/builders/afl/mtail_mtail-intermediate:latest
#3 sha256:ec493c9f4444424822037612cbfd947fc1da5f735aa471ea5a891da5a21fefff
#3 DONE 0.0s

#12 [internal] load build context
#12 sha256:0eb22fc36dae3ae94373f17dfafd45c71b8466881f6b22d526bfeda6b8650020
#12 DONE 0.0s

#7 [base-image 1/1] FROM gcr.io/fuzzbench/base-image
#7 sha256:4d07825694520f8b6f6a0d8592dbd345433361ae044cb7f06706c5a95e3daaad
#7 DONE 0.0s

#6 [stage-1  1/13] FROM gcr.io/fuzzbench/builders/afl/mtail_mtail-intermediate
#6 sha256:7537b6682d12c7affb304749a72cf0ec06ff18d4ec3a57d1bb7bd33c266f3ca2
#6 DONE 0.0s

#5 importing cache manifest from gcr.io/fuzzbench/builders/afl/mtail_mtail
#5 sha256:e7f100bc09fa70c19ebe2ab916ebd7b1cc4300a18f0c9c84e543e760d7a94cd8
#5 ERROR: gcr.io/fuzzbench/builders/afl/mtail_mtail:latest: not found

#7 [base-image 1/1] FROM gcr.io/fuzzbench/base-image
#7 sha256:4d07825694520f8b6f6a0d8592dbd345433361ae044cb7f06706c5a95e3daaad
#7 CACHED

#12 [internal] load build context
#12 sha256:0eb22fc36dae3ae94373f17dfafd45c71b8466881f6b22d526bfeda6b8650020
#12 transferring context: 669.86kB 0.1s done
#12 DONE 0.3s

#6 [stage-1  1/13] FROM gcr.io/fuzzbench/builders/afl/mtail_mtail-intermediate
#6 sha256:7537b6682d12c7affb304749a72cf0ec06ff18d4ec3a57d1bb7bd33c266f3ca2
#6 DONE 1.0s

#8 [stage-1  2/13] COPY --from=base-image /usr/local/bin/python3* /usr/local/bin/
#8 sha256:66f2578ba5f6475044c943cee7f22f4d86087a3b27a4f0abe3dce6c2cfab87b3
#8 DONE 0.8s

#9 [stage-1  3/13] COPY --from=base-image /usr/local/lib/python3.8 /usr/local/lib/python3.8
#9 sha256:0a80d1b6e44ae5d9d5e6292398f2e2b6ecae4c5e275c511d7ab13e73ea4d3e5b
#9 DONE 39.9s

#10 [stage-1  4/13] COPY --from=base-image /usr/local/include/python3.8 /usr/local/include/python3.8
#10 sha256:f9784f2ccfdbfe0834dcd188f1282cd1bf9fe24c4cbb03fdfad5a698ecd6d039
#10 DONE 0.4s

#11 [stage-1  5/13] COPY --from=base-image /usr/local/lib/python3.8/site-packages /usr/local/lib/python3.8/site-packages
#11 sha256:e7e94f4588a423e35b1b6c0e8b9bab55ba938b0c2c52d6de32ad617e7d4186da
#11 DONE 45.0s

#13 [stage-1  6/13] COPY fuzzers /src/fuzzers
#13 sha256:4f6c772b5806c4bc3750e49650baeb1e82adca00b0c80b3378fac13ceca00056
#13 DONE 0.5s

#14 [stage-1  7/13] RUN touch /src/__init__.py
#14 sha256:32ea3ab34eb7a38551a59c3e7e3f920d6f93fd2e5246cba5ebc2655056c2c5b7
#14 DONE 1.0s

#15 [stage-1  8/13] COPY benchmarks/mtail_mtail/benchmark.yaml /
#15 sha256:8f1986efa27971324720936d74d8d572baf9761d2c03d9a904fa6fc7e2711481
#15 DONE 2.3s

#16 [stage-1  9/13] RUN mkdir /opt/fuzzbench/
#16 sha256:6ffcfd42556bec4d8d77c2afa399fcf7b0e5f8e8bad3e4c5e6f3c36c83ae9c0b
#16 DONE 0.8s

#17 [stage-1 10/13] COPY docker/benchmark-builder/checkout_commit.py /opt/fuzzbench/
#17 sha256:a34fc1a6503662bba785797117908f82d4a2bb3969bf859fe60a824d354018f3
#17 DONE 0.3s

#18 [stage-1 11/13] RUN export CHECKOUT_COMMIT=$(cat /benchmark.yaml | tr -d ' ' | grep 'commit:' | cut -d ':' -f2) &&     python3 -u /opt/fuzzbench/checkout_commit.py $CHECKOUT_COMMIT /src
#18 sha256:d4d2bc968fb9fc5aef1725ade4c85a7b067ab1ac52b5c6c1b122d700f22a1b32
#18 0.540 Checking out commit d561c49a
#18 0.556 error: pathspec 'd561c49a' did not match any file(s) known to git
#18 0.564 error: pathspec 'd561c49a' did not match any file(s) known to git
#18 0.673 Checkout unsuccessful.
#18 DONE 0.8s

#19 [stage-1 12/13] RUN echo "#!/bin/bash\nPYTHONPATH=/src python3 -u -c "from fuzzers import utils; utils.initialize_env(); from fuzzers.afl import fuzzer; fuzzer.build()"" > /usr/bin/fuzzer_build &&     chmod +x /usr/bin/fuzzer_build
#19 sha256:fa15e505180f7b3b4b53176750aca844acf0ead91f14de566d208f627cb835b7
#19 DONE 0.9s

#20 [stage-1 13/13] RUN echo "Run fuzzer_build to build the target" && if [ -z "$debug_builder" ] ; then fuzzer_build; fi
#20 sha256:757358a866537a9d6fab798315ce21f510f0ee1c85edfd1a10a78a1f169ebcf8
#20 0.553 Run fuzzer_build to build the target
#20 0.672 FUZZ_TARGET = mtail
#20 0.672 CFLAGS = -DFUZZING_BUILD_MODE_UNSAFE_FOR_PRODUCTION -pthread -Wl,--no-as-needed -Wl,-ldl -Wl,-lm -Wno-unused-command-line-argument -O3
#20 0.672 CXXFLAGS = -DFUZZING_BUILD_MODE_UNSAFE_FOR_PRODUCTION -pthread -Wl,--no-as-needed -Wl,-ldl -Wl,-lm -Wno-unused-command-line-argument -stdlib=libc++ -O3
#20 0.686 Building benchmark mtail_mtail with fuzzer afl
#20 0.689 + export GOPATH=:/
#20 0.689 + GOPATH=:/
#20 0.689 + make GO111MODULE=off --debug install_deps
#20 0.692 GNU Make 4.2.1
#20 0.692 Built for x86_64-pc-linux-gnu
#20 0.692 Copyright (C) 1988-2016 Free Software Foundation, Inc.
#20 0.692 License GPLv3+: GNU GPL version 3 or later <http://gnu.org/licenses/gpl.html>
#20 0.692 This is free software: you are free to change and redistribute it.
#20 0.692 There is NO WARRANTY, to the extent permitted by law.
#20 0.692 Reading makefiles...
#20 0.700 make: go: Command not found
#20 0.701 make: go: Command not found
#20 0.701 make: go: Command not found
#20 0.702 make: go: Command not found
#20 0.702 make: go: Command not found
#20 0.703 make: go: Command not found
#20 0.703 make: go: Command not found
#20 0.704 make: go: Command not found
#20 0.704 make: go: Command not found
#20 0.716 make: go: Command not found
#20 0.904 make: go: Command not found
#20 0.905 make: go: Command not found
#20 0.962 make: go: Command not found
#20 0.974 make: go: Command not found
#20 0.975 /bin/sh: 1: go: not found
#20 0.999 make: go: Command not found
#20 1.006 make: go: Command not found
#20 1.018 make: go: Command not found
#20 1.018 make: go: Command not found
#20 1.019 make: go: Command not found
#20 1.019 make: go: Command not found
#20 1.020 Updating makefiles....
#20 1.020 Updating goal targets....
#20 1.020  File 'install_deps' does not exist.
#20 1.020    File '.dep-stamp' does not exist.
#20 1.020      File 'print-version' does not exist.
#20 1.020     Must remake target 'print-version'.
#20 1.020 which go
#20 1.021 make: *** [Makefile:156: print-version] Error 1
#20 1.022 Traceback (most recent call last):
#20 1.022   File "<string>", line 1, in <module>
#20 1.022   File "/src/fuzzers/afl/fuzzer.py", line 40, in build
#20 1.023     utils.build_benchmark()
#20 1.023   File "/src/fuzzers/utils.py", line 82, in build_benchmark
#20 1.023     subprocess.check_call(['/bin/bash', '-ex', build_script], env=env)
#20 1.023   File "/usr/local/lib/python3.8/subprocess.py", line 364, in check_call
#20 1.023     raise CalledProcessError(retcode, cmd)
#20 1.023 subprocess.CalledProcessError: Command '['/bin/bash', '-ex', '/src/build.sh']' returned non-zero exit status 2.
#20 ERROR: executor failed running [/bin/sh -c echo "Run fuzzer_build to build the target" && if [ -z "$debug_builder" ] ; then fuzzer_build; fi]: exit code: 1
------
 > importing cache manifest from gcr.io/fuzzbench/builders/afl/mtail_mtail:
------
------
 > [stage-1 13/13] RUN echo "Run fuzzer_build to build the target" && if [ -z "$debug_builder" ] ; then fuzzer_build; fi:
------
executor failed running [/bin/sh -c echo "Run fuzzer_build to build the target" && if [ -z "$debug_builder" ] ; then fuzzer_build; fi]: exit code: 1
make: *** [docker/generated.mk:2845932: .afl-mtail_mtail-builder] Error 1
/bin/sh: 1: source: not found
#2 [internal] load .dockerignore
#2 sha256:3db15f7c8c6e454324ceda6e428d3ab2defe714d682ae065e6b410cbfd425bca
#2 transferring context: 2B done
#2 DONE 0.3s

#1 [internal] load build definition from Dockerfile
#1 sha256:7eca4f0e3798f31fab0611c8ce71c1311f41fe5ed44228548b85ccc3d8cbd7a0
#1 transferring dockerfile: 32B done
#1 DONE 0.4s

#3 [internal] load metadata for gcr.io/oss-fuzz-base/base-builder:latest
#3 sha256:f10dc39cc9d418a5bc416dead31a1902b6821fdae909cd3b08f7a3fd1faba7b5
#3 DONE 0.5s

#9 [internal] load build context
#9 sha256:a4099207a338d4ec32a3d81012756929ded9a8ed3c45c0b0535fe8376c760f98
#9 DONE 0.0s

#5 [1/5] FROM gcr.io/oss-fuzz-base/base-builder@sha256:112044a9815d235113677d459cf2ece740a51f2b85081c8f66943dcdc72ddf7f
#5 sha256:4aee4bf9f7280ac8b7f02b8d29e6e084dd034d2c294b4e3e05d8ce7048a1450f
#5 DONE 0.0s

#4 importing cache manifest from gcr.io/fuzzbench/builders/benchmark/mtail_mtail
#4 sha256:8a30381ae2ec8cc111210801e94bf49a838afe38d6a74d0f76feea248913cbfe
#4 DONE 0.0s

#9 [internal] load build context
#9 sha256:a4099207a338d4ec32a3d81012756929ded9a8ed3c45c0b0535fe8376c760f98
#9 transferring context: 30B done
#9 DONE 0.1s

#8 [4/5] WORKDIR github.com/google/mtail
#8 sha256:5cd5c3ba40ffd9ac6bd885d53fec0fd04e6f2ff3cc903d367fd3f32ac1ef19d5
#8 CACHED

#6 [2/5] RUN mkdir -p github.com/google
#6 sha256:a8468aef166388419d559e167b05d70c3097dea7b5b605ae7504e0cd2d056f6e
#6 CACHED

#7 [3/5] RUN git clone --depth 1 https://github.com/google/mtail github.com/google/mtail
#7 sha256:62218dbca8d318709d0822b40ca6365a43d60ab132f87ce86828c25dc432aa40
#7 CACHED

#10 [5/5] COPY build.sh /src/
#10 sha256:a69f0bffb8b5f4f4d9cc8761af9e47f5b3b5c1db326be0e0775c2c87685bda21
#10 CACHED

#11 exporting to image
#11 sha256:e8c613e07b0b7ff33893b694f7759a10d42e180f2b4dc349fb57dc6b71dcab00
#11 exporting layers done
#11 writing image sha256:2c20268b390c7666fece7dce5c659d61afb45cce491903f14d960c1d41320842 0.1s done
#11 naming to gcr.io/fuzzbench/builders/benchmark/mtail_mtail done
#11 DONE 3.2s

#12 exporting cache
#12 sha256:2700d4ef94dee473593c5c614b55b2dedcca7893909811a8f2b48291a1f581e4
#12 preparing build cache for export done
#12 DONE 0.0s
#2 [internal] load .dockerignore
#2 sha256:067abec968404d1bd62f236f0f73a322c9cba295810ddb335d4110d9fa0e68e6
#2 transferring context: 2B done
#2 DONE 1.4s

#1 [internal] load build definition from builder.Dockerfile
#1 sha256:9fe49bacbded88af5550c6277fa5ca2541f9d4ec57494021642be0ff827f2f22
#1 transferring dockerfile: 46B done
#1 DONE 1.4s

#3 [internal] load metadata for gcr.io/fuzzbench/builders/benchmark/mtail_mtail:latest
#3 sha256:ee700a01a922a1faf7c8044349016e5f6189ceafa528a438dfd5a8ec82462e6e
#3 DONE 0.0s

#4 importing cache manifest from gcr.io/fuzzbench/builders/afl/mtail_mtail-intermediate
#4 sha256:47400aac586414877177b2dbb82cbd5e7930fd2249f13588cad356a67bd5e1e4
#4 DONE 0.0s

#5 [1/3] FROM gcr.io/fuzzbench/builders/benchmark/mtail_mtail
#5 sha256:c5cc3de0f1f1309a6b8a5c667d7fc9fef3f9e357ce649a1ed638a37d39efebd6
#5 DONE 0.0s

#6 [2/3] RUN git clone https://github.com/google/AFL.git /afl &&     cd /afl &&     git checkout 61037103ae3722c8060ff7082994836a794f978e &&     AFL_NO_X86=1 make
#6 sha256:19a6a2ef0652844874026fe5dbe4381e6e9ecc7dd2f6983cc75a844fb53b6ada
#6 CACHED

#7 [3/3] RUN apt-get update &&     apt-get install wget -y &&     wget https://raw.githubusercontent.com/llvm/llvm-project/5feb80e748924606531ba28c97fe65145c65372e/compiler-rt/lib/fuzzer/afl/afl_driver.cpp -O /afl/afl_driver.cpp &&     clang -Wno-pointer-sign -c /afl/llvm_mode/afl-llvm-rt.o.c -I/afl &&     clang++ -stdlib=libc++ -std=c++11 -O2 -c /afl/afl_driver.cpp &&     ar r /libAFL.a *.o
#7 sha256:aceeea3eea4edc63aa815e77bd12f0ab1c7968a63966a330fd6c846e9414aa15
#7 CACHED

#8 exporting to image
#8 sha256:e8c613e07b0b7ff33893b694f7759a10d42e180f2b4dc349fb57dc6b71dcab00
#8 exporting layers done
#8 writing image sha256:948901ae2652082c9732d2b7e8fd5d0d95f6405d91e1eb92003d435c157fbe0c 0.0s done
#8 naming to gcr.io/fuzzbench/builders/afl/mtail_mtail-intermediate done
#8 DONE 0.4s

#9 exporting cache
#9 sha256:2700d4ef94dee473593c5c614b55b2dedcca7893909811a8f2b48291a1f581e4
#9 preparing build cache for export done
#9 DONE 0.0s
#1 [internal] load build definition from Dockerfile
#1 sha256:5111aec814aa1dae7ff8c49d220619d8dfda65f81d6cc261798802548da6b828
#1 transferring dockerfile: 2.00kB done
#1 DONE 0.1s

#2 [internal] load .dockerignore
#2 sha256:2a0b42ff5c604cd407295c4d4fcef38d5d91edf9efe1d18b3af1b2008f926a14
#2 transferring context: 34B done
#2 DONE 0.2s

#3 [internal] load metadata for docker.io/library/ubuntu:xenial
#3 sha256:f62bae18ed588840f045c881b2502661f2a89578a2f8f99b83f5200ee83dd25b
#3 DONE 0.0s

#5 [1/7] FROM docker.io/library/ubuntu:xenial
#5 sha256:14dd403f25ae9e519bd44f27dc17af7ce80f5a4f9f48ca88108364e67ec5d360
#5 DONE 0.0s

#4 importing cache manifest from gcr.io/fuzzbench/base-image
#4 sha256:9b220ebb4d4daceed1b96df9b6dca076e762f1cd612574f010b82d5b9e5ad896
#4 DONE 0.0s

#8 [internal] load build context
#8 sha256:2972967cab4424d8e9a35f781fa59dcaa4c89a8b800ded297f5739ed205355fa
#8 transferring context: 559B 0.0s done
#8 DONE 0.1s

#6 [2/7] RUN apt-get update -y && apt-get install -y     build-essential     rsync     curl     zlib1g-dev     libncurses5-dev     libgdbm-dev     libnss3-dev     libssl-dev     libreadline-dev     libffi-dev     virtualenv     libbz2-dev     liblzma-dev     libsqlite3-dev
#6 sha256:3a1b0960f17eed529eaae93dc8fd3554f2743dd584d8fa569cdbe6bc734371ac
#6 CACHED

#7 [3/7] RUN cd /tmp/ &&     curl -O https://www.python.org/ftp/python/3.8.6/Python-3.8.6.tar.xz &&     tar -xvf Python-3.8.6.tar.xz &&     cd Python-3.8.6 &&     ./configure --enable-loadable-sqlite-extensions --enable-optimizations &&     make -j install &&     rm -r /tmp/Python-3.8.6.tar.xz /tmp/Python-3.8.6
#7 sha256:c5b9d1fb3371e84dbc60b76e7b2f8d5913bc93bcd4910ab65daa03e7b2ec4bb0
#7 CACHED

#9 [4/7] COPY ./requirements.txt /
#9 sha256:497236cc97734cc67043446be231219aeed714451765b2440a27ab11a4dc49c6
#9 CACHED

#10 [5/7] RUN pip3 install -r /requirements.txt
#10 sha256:9cdf039ffa07f5336b824a6e64c2959f8006a2257a9ad116623f95fd14270a55
#10 CACHED

#11 [6/7] RUN apt-get update -y && apt-get install -y     apt-transport-https     lsb-release
#11 sha256:2f9a387d4be444f7a4d7f594b25899f7f04ab6cc9be492fcd4bc5a741be5eb0a
#11 CACHED

#12 [7/7] RUN CLOUD_SDK_REPO="cloud-sdk-$(lsb_release -c -s)" &&     echo "deb https://packages.cloud.google.com/apt $CLOUD_SDK_REPO main"     | tee -a /etc/apt/sources.list.d/google-cloud-sdk.list &&     curl https://packages.cloud.google.com/apt/doc/apt-key.gpg     | apt-key add - &&     apt-get update -y &&     apt-get install -y google-cloud-sdk
#12 sha256:b3665d6b63ad5d36f3fee91a93c1b5ed714cd82ecbbe367fb0067fe177c1eae7
#12 CACHED

#13 exporting to image
#13 sha256:e8c613e07b0b7ff33893b694f7759a10d42e180f2b4dc349fb57dc6b71dcab00
#13 exporting layers done
#13 writing image sha256:7c312afc0c92be055a6e596de5bde5bb2ff79522f51f5d5c5b849c01586f4ff7 0.0s done
#13 naming to gcr.io/fuzzbench/base-image done
#13 DONE 0.2s

#14 exporting cache
#14 sha256:2700d4ef94dee473593c5c614b55b2dedcca7893909811a8f2b48291a1f581e4
#14 preparing build cache for export done
#14 DONE 0.0s
#1 [internal] load build definition from Dockerfile
#1 sha256:fad76d6d65f5a503679cdc5a3dc8508872c99191b104cf1d5772e5a12b41cbca
#1 transferring dockerfile: 2.22kB done
#1 DONE 0.1s

#2 [internal] load .dockerignore
#2 sha256:6d341a8459d1a9fd4cd89077ba73174c277fe4f8a326b3a8ddd870bcf42a6aa1
#2 transferring context: 34B done
#2 DONE 0.1s

#4 [internal] load metadata for gcr.io/fuzzbench/base-image:latest
#4 sha256:932022888f650cc455b10eb5123bb08c0cccacac29a693e69314abbfd28a72c3
#4 DONE 0.0s

#3 [internal] load metadata for gcr.io/fuzzbench/builders/afl/mtail_mtail-intermediate:latest
#3 sha256:ec493c9f4444424822037612cbfd947fc1da5f735aa471ea5a891da5a21fefff
#3 DONE 0.0s

#12 [internal] load build context
#12 sha256:f65ac2f71f3bc1ce0a2cb11503064c42fee2b2bf4e2bccd62215d84be1138e60
#12 DONE 0.0s

#7 [base-image 1/1] FROM gcr.io/fuzzbench/base-image
#7 sha256:4d07825694520f8b6f6a0d8592dbd345433361ae044cb7f06706c5a95e3daaad
#7 DONE 0.0s

#6 [stage-1  1/13] FROM gcr.io/fuzzbench/builders/afl/mtail_mtail-intermediate
#6 sha256:7537b6682d12c7affb304749a72cf0ec06ff18d4ec3a57d1bb7bd33c266f3ca2
#6 DONE 0.0s

#5 importing cache manifest from gcr.io/fuzzbench/builders/afl/mtail_mtail
#5 sha256:e7f100bc09fa70c19ebe2ab916ebd7b1cc4300a18f0c9c84e543e760d7a94cd8
#5 ERROR: gcr.io/fuzzbench/builders/afl/mtail_mtail:latest: not found

#12 [internal] load build context
#12 sha256:f65ac2f71f3bc1ce0a2cb11503064c42fee2b2bf4e2bccd62215d84be1138e60
#12 transferring context: 669.86kB 0.1s done
#12 DONE 0.6s

#16 [stage-1  9/13] RUN mkdir /opt/fuzzbench/
#16 sha256:335efe865a65b485787e5aae6046adb7358e1a0fedf6ba0d3155bb961ff7e74f
#16 CACHED

#17 [stage-1 10/13] COPY docker/benchmark-builder/checkout_commit.py /opt/fuzzbench/
#17 sha256:495092940047ab913825be66f204d68e90dcefd10c11cfd483b85967a1ed950f
#17 CACHED

#9 [stage-1  3/13] COPY --from=base-image /usr/local/lib/python3.8 /usr/local/lib/python3.8
#9 sha256:0a80d1b6e44ae5d9d5e6292398f2e2b6ecae4c5e275c511d7ab13e73ea4d3e5b
#9 CACHED

#10 [stage-1  4/13] COPY --from=base-image /usr/local/include/python3.8 /usr/local/include/python3.8
#10 sha256:f9784f2ccfdbfe0834dcd188f1282cd1bf9fe24c4cbb03fdfad5a698ecd6d039
#10 CACHED

#11 [stage-1  5/13] COPY --from=base-image /usr/local/lib/python3.8/site-packages /usr/local/lib/python3.8/site-packages
#11 sha256:e7e94f4588a423e35b1b6c0e8b9bab55ba938b0c2c52d6de32ad617e7d4186da
#11 CACHED

#18 [stage-1 11/13] RUN export CHECKOUT_COMMIT=$(cat /benchmark.yaml | tr -d ' ' | grep 'commit:' | cut -d ':' -f2) &&     python3 -u /opt/fuzzbench/checkout_commit.py $CHECKOUT_COMMIT /src
#18 sha256:18b0720434243ecb39ce231162b095c776de6985bae94dbcf59942a04c3dbcea
#18 CACHED

#14 [stage-1  7/13] RUN touch /src/__init__.py
#14 sha256:dec132c880dd6257de4be2742a181c7293d5a8bd763af62734b92bec7ed9d17a
#14 CACHED

#13 [stage-1  6/13] COPY fuzzers /src/fuzzers
#13 sha256:2749700bc8701f5f312d218cf6e5b088fc706703a27381916fa10b1479d2f21e
#13 CACHED

#15 [stage-1  8/13] COPY benchmarks/mtail_mtail/benchmark.yaml /
#15 sha256:fc3814664828584872d8895d1ccfc71885121b1f52e624df5b795db5555ae6c1
#15 CACHED

#8 [stage-1  2/13] COPY --from=base-image /usr/local/bin/python3* /usr/local/bin/
#8 sha256:66f2578ba5f6475044c943cee7f22f4d86087a3b27a4f0abe3dce6c2cfab87b3
#8 CACHED

#19 [stage-1 12/13] RUN echo "#!/bin/bash\nPYTHONPATH=/src python3 -u -c "from fuzzers import utils; utils.initialize_env(); from fuzzers.afl import fuzzer; fuzzer.build()"" > /usr/bin/fuzzer_build &&     chmod +x /usr/bin/fuzzer_build
#19 sha256:a3fac6f1b74a04a5bc297d685a4ba6db8750deb0f267dc3ecb0b21ae526c550c
#19 CACHED

#20 [stage-1 13/13] RUN echo "Run fuzzer_build to build the target" && if [ -z "$debug_builder" ] ; then fuzzer_build; fi
#20 sha256:76aef1553d12ef5896e18002fa7a5302f3f72042d4b7e78717003d50e64054cd
#20 0.824 Run fuzzer_build to build the target
#20 0.935 FUZZ_TARGET = mtail
#20 0.935 CFLAGS = -DFUZZING_BUILD_MODE_UNSAFE_FOR_PRODUCTION -pthread -Wl,--no-as-needed -Wl,-ldl -Wl,-lm -Wno-unused-command-line-argument -O3
#20 0.935 CXXFLAGS = -DFUZZING_BUILD_MODE_UNSAFE_FOR_PRODUCTION -pthread -Wl,--no-as-needed -Wl,-ldl -Wl,-lm -Wno-unused-command-line-argument -stdlib=libc++ -O3
#20 0.940 Building benchmark mtail_mtail with fuzzer afl
#20 0.944 + export GOPATH=:/
#20 0.944 + GOPATH=:/
#20 0.944 + make GO111MODULE=off --debug install_deps
#20 0.945 GNU Make 4.2.1
#20 0.945 Built for x86_64-pc-linux-gnu
#20 0.945 Copyright (C) 1988-2016 Free Software Foundation, Inc.
#20 0.945 License GPLv3+: GNU GPL version 3 or later <http://gnu.org/licenses/gpl.html>
#20 0.945 This is free software: you are free to change and redistribute it.
#20 0.945 There is NO WARRANTY, to the extent permitted by law.
#20 0.946 Reading makefiles...
#20 0.952 make: go: Command not found
#20 0.952 make: go: Command not found
#20 0.953 make: go: Command not found
#20 0.953 make: go: Command not found
#20 0.953 make: go: Command not found
#20 0.954 make: go: Command not found
#20 0.955 make: go: Command not found
#20 0.955 make: go: Command not found
#20 0.956 make: go: Command not found
#20 0.966 make: go: Command not found
#20 1.026 make: go: Command not found
#20 1.027 make: go: Command not found
#20 1.083 make: go: Command not found
#20 1.094 make: go: Command not found
#20 1.095 /bin/sh: 1: go: not found
#20 1.108 make: go: Command not found
#20 1.114 make: go: Command not found
#20 1.127 make: go: Command not found
#20 1.128 make: go: Command not found
#20 1.128 make: go: Command not found
#20 1.129 make: go: Command not found
#20 1.129 Updating makefiles....
#20 1.129 Updating goal targets....
#20 1.129  File 'install_deps' does not exist.
#20 1.129    File '.dep-stamp' does not exist.
#20 1.129      File 'print-version' does not exist.
#20 1.129     Must remake target 'print-version'.
#20 1.130 which go
#20 1.131 make: *** [Makefile:156: print-version] Error 1
#20 1.131 Traceback (most recent call last):
#20 1.131   File "<string>", line 1, in <module>
#20 1.132   File "/src/fuzzers/afl/fuzzer.py", line 40, in build
#20 1.132     utils.build_benchmark()
#20 1.132   File "/src/fuzzers/utils.py", line 82, in build_benchmark
#20 1.132     subprocess.check_call(['/bin/bash', '-ex', build_script], env=env)
#20 1.132   File "/usr/local/lib/python3.8/subprocess.py", line 364, in check_call
#20 1.133     raise CalledProcessError(retcode, cmd)
#20 1.133 subprocess.CalledProcessError: Command '['/bin/bash', '-ex', '/src/build.sh']' returned non-zero exit status 2.
#20 ERROR: executor failed running [/bin/sh -c echo "Run fuzzer_build to build the target" && if [ -z "$debug_builder" ] ; then fuzzer_build; fi]: exit code: 1
------
 > importing cache manifest from gcr.io/fuzzbench/builders/afl/mtail_mtail:
------
------
 > [stage-1 13/13] RUN echo "Run fuzzer_build to build the target" && if [ -z "$debug_builder" ] ; then fuzzer_build; fi:
------
executor failed running [/bin/sh -c echo "Run fuzzer_build to build the target" && if [ -z "$debug_builder" ] ; then fuzzer_build; fi]: exit code: 1
make: *** [docker/generated.mk:2845932: .afl-mtail_mtail-builder] Error 1
