WARNING:root:gcloud not found in PATH.
INFO:root:Successfully integrated benchmark: pcre2_pcre2.
INFO:root:Please run "make test-run-afl-pcre2_pcre2" to test integration.
#2 [internal] load .dockerignore
#2 sha256:7728ded5508c55a7c199061c4089b72331651bf45ff6975011b3b0393bcb023a
#2 transferring context: 2B done
#2 DONE 0.2s

#1 [internal] load build definition from Dockerfile
#1 sha256:6081a88d5b6f64dba401cfe518160e9d17653354490dfdb860dd064bed322bcb
#1 transferring dockerfile: 909B done
#1 DONE 0.2s

#3 [internal] load metadata for gcr.io/oss-fuzz-base/base-builder:latest
#3 sha256:f10dc39cc9d418a5bc416dead31a1902b6821fdae909cd3b08f7a3fd1faba7b5
#3 DONE 0.4s

#9 [internal] load build context
#9 sha256:c9dca589a3a28a878796db38c6750b26f925e21a4abb7d47b4bc83dcf3af5fdd
#9 DONE 0.0s

#5 [1/5] FROM gcr.io/oss-fuzz-base/base-builder@sha256:f4e5ea12494fab091c5d830cf803b3421f2860f729b9d1b07da44924396cf8cf
#5 sha256:ef290950573a2779ee526af357b28fbddfc20d7409aa51f58f777c9e972cba29
#5 DONE 0.0s

#4 importing cache manifest from gcr.io/fuzzbench/builders/benchmark/pcre2_pcre2
#4 sha256:c70dae69ea9a0ab909c27031716b36628ae30ec52df38249654e51db59cb910a
#4 ERROR: gcr.io/fuzzbench/builders/benchmark/pcre2_pcre2:latest: not found

#5 [1/5] FROM gcr.io/oss-fuzz-base/base-builder@sha256:f4e5ea12494fab091c5d830cf803b3421f2860f729b9d1b07da44924396cf8cf
#5 sha256:ef290950573a2779ee526af357b28fbddfc20d7409aa51f58f777c9e972cba29
#5 CACHED

#9 [internal] load build context
#9 sha256:c9dca589a3a28a878796db38c6750b26f925e21a4abb7d47b4bc83dcf3af5fdd
#9 transferring context: 1.12kB done
#9 DONE 0.1s

#6 [2/5] RUN apt-get update && apt-get install -y make autoconf automake libtool subversion
#6 sha256:aef11698bf433205f6fcb526aac49855ce66807e8150dc6641a44ff231424105
#6 0.625 Get:1 http://security.ubuntu.com/ubuntu focal-security InRelease [114 kB]
#6 0.675 Hit:2 http://archive.ubuntu.com/ubuntu focal InRelease
#6 0.675 Get:3 http://archive.ubuntu.com/ubuntu focal-updates InRelease [114 kB]
#6 0.675 Hit:4 http://ppa.launchpad.net/git-core/ppa/ubuntu focal InRelease
#6 0.739 Get:5 http://archive.ubuntu.com/ubuntu focal-backports InRelease [108 kB]
#6 1.222 Get:6 http://security.ubuntu.com/ubuntu focal-security/universe amd64 Packages [840 kB]
#6 1.415 Get:7 http://security.ubuntu.com/ubuntu focal-security/main amd64 Packages [1546 kB]
#6 1.416 Get:8 http://archive.ubuntu.com/ubuntu focal-updates/main i386 Packages [752 kB]
#6 1.764 Get:9 http://security.ubuntu.com/ubuntu focal-security/main i386 Packages [464 kB]
#6 1.853 Get:10 http://security.ubuntu.com/ubuntu focal-security/universe i386 Packages [657 kB]
#6 1.884 Get:11 http://archive.ubuntu.com/ubuntu focal-updates/universe i386 Packages [827 kB]
#6 1.994 Get:12 http://archive.ubuntu.com/ubuntu focal-updates/universe amd64 Packages [1134 kB]
#6 2.078 Get:13 http://archive.ubuntu.com/ubuntu focal-updates/main amd64 Packages [1973 kB]
#6 2.519 Fetched 8529 kB in 2s (4643 kB/s)
#6 2.519 Reading package lists...
#6 4.288 Reading package lists...
#6 5.740 Building dependency tree...
#6 5.956 Reading state information...
#6 6.174 make is already the newest version (4.2.1-1.2).
#6 6.174 make set to manually installed.
#6 6.174 subversion is already the newest version (1.13.0-3).
#6 6.174 The following additional packages will be installed:
#6 6.176   autotools-dev libltdl-dev libltdl7 libsigsegv2 m4
#6 6.178 Suggested packages:
#6 6.178   autoconf-archive gnu-standards autoconf-doc gettext libtool-doc gfortran
#6 6.178   | fortran95-compiler gcj-jdk m4-doc
#6 6.219 The following NEW packages will be installed:
#6 6.221   autoconf automake autotools-dev libltdl-dev libltdl7 libsigsegv2 libtool m4
#6 6.298 0 upgraded, 8 newly installed, 0 to remove and 3 not upgraded.
#6 6.298 Need to get 1457 kB of archives.
#6 6.298 After this operation, 6651 kB of additional disk space will be used.
#6 6.298 Get:1 http://archive.ubuntu.com/ubuntu focal/main amd64 libsigsegv2 amd64 2.12-2 [13.9 kB]
#6 6.325 Get:2 http://archive.ubuntu.com/ubuntu focal/main amd64 m4 amd64 1.4.18-4 [199 kB]
#6 6.399 Get:3 http://archive.ubuntu.com/ubuntu focal/main amd64 autoconf all 2.69-11.1 [321 kB]
#6 6.436 Get:4 http://archive.ubuntu.com/ubuntu focal/main amd64 autotools-dev all 20180224.1 [39.6 kB]
#6 6.439 Get:5 http://archive.ubuntu.com/ubuntu focal/main amd64 automake all 1:1.16.1-4ubuntu6 [522 kB]
#6 6.499 Get:6 http://archive.ubuntu.com/ubuntu focal/main amd64 libltdl7 amd64 2.4.6-14 [38.5 kB]
#6 6.504 Get:7 http://archive.ubuntu.com/ubuntu focal/main amd64 libltdl-dev amd64 2.4.6-14 [162 kB]
#6 6.523 Get:8 http://archive.ubuntu.com/ubuntu focal/main amd64 libtool all 2.4.6-14 [161 kB]
#6 6.822 debconf: delaying package configuration, since apt-utils is not installed
#6 6.898 Fetched 1457 kB in 0s (4711 kB/s)
#6 7.005 Selecting previously unselected package libsigsegv2:amd64.
#6 7.005 (Reading database ... (Reading database ... 5%(Reading database ... 10%(Reading database ... 15%(Reading database ... 20%(Reading database ... 25%(Reading database ... 30%(Reading database ... 35%(Reading database ... 40%(Reading database ... 45%(Reading database ... 50%(Reading database ... 55%(Reading database ... 60%(Reading database ... 65%(Reading database ... 70%(Reading database ... 75%(Reading database ... 80%(Reading database ... 85%(Reading database ... 90%(Reading database ... 95%(Reading database ... 100%(Reading database ... 21291 files and directories currently installed.)
#6 7.027 Preparing to unpack .../0-libsigsegv2_2.12-2_amd64.deb ...
#6 7.076 Unpacking libsigsegv2:amd64 (2.12-2) ...
#6 7.206 Selecting previously unselected package m4.
#6 7.209 Preparing to unpack .../1-m4_1.4.18-4_amd64.deb ...
#6 7.234 Unpacking m4 (1.4.18-4) ...
#6 7.391 Selecting previously unselected package autoconf.
#6 7.394 Preparing to unpack .../2-autoconf_2.69-11.1_all.deb ...
#6 7.398 Unpacking autoconf (2.69-11.1) ...
#6 7.506 Selecting previously unselected package autotools-dev.
#6 7.509 Preparing to unpack .../3-autotools-dev_20180224.1_all.deb ...
#6 7.516 Unpacking autotools-dev (20180224.1) ...
#6 7.584 Selecting previously unselected package automake.
#6 7.588 Preparing to unpack .../4-automake_1%3a1.16.1-4ubuntu6_all.deb ...
#6 7.604 Unpacking automake (1:1.16.1-4ubuntu6) ...
#6 7.730 Selecting previously unselected package libltdl7:amd64.
#6 7.733 Preparing to unpack .../5-libltdl7_2.4.6-14_amd64.deb ...
#6 7.745 Unpacking libltdl7:amd64 (2.4.6-14) ...
#6 7.804 Selecting previously unselected package libltdl-dev:amd64.
#6 7.807 Preparing to unpack .../6-libltdl-dev_2.4.6-14_amd64.deb ...
#6 7.822 Unpacking libltdl-dev:amd64 (2.4.6-14) ...
#6 7.928 Selecting previously unselected package libtool.
#6 7.931 Preparing to unpack .../7-libtool_2.4.6-14_all.deb ...
#6 7.935 Unpacking libtool (2.4.6-14) ...
#6 8.069 Setting up autotools-dev (20180224.1) ...
#6 8.098 Setting up libsigsegv2:amd64 (2.12-2) ...
#6 8.118 Setting up libltdl7:amd64 (2.4.6-14) ...
#6 8.136 Setting up libtool (2.4.6-14) ...
#6 8.172 Setting up m4 (1.4.18-4) ...
#6 8.199 Setting up autoconf (2.69-11.1) ...
#6 8.248 Setting up automake (1:1.16.1-4ubuntu6) ...
#6 8.292 update-alternatives: using /usr/bin/automake-1.16 to provide /usr/bin/automake (automake) in auto mode
#6 8.293 update-alternatives: warning: skip creation of /usr/share/man/man1/automake.1.gz because associated file /usr/share/man/man1/automake-1.16.1.gz (of link group automake) doesn't exist
#6 8.293 update-alternatives: warning: skip creation of /usr/share/man/man1/aclocal.1.gz because associated file /usr/share/man/man1/aclocal-1.16.1.gz (of link group automake) doesn't exist
#6 8.316 Setting up libltdl-dev:amd64 (2.4.6-14) ...
#6 8.341 Processing triggers for libc-bin (2.31-0ubuntu9.2) ...
#6 DONE 8.7s

#7 [3/5] RUN svn co svn://vcs.exim.org/pcre2/code/trunk pcre2
#7 sha256:6c3b16649dedf805c569a7d16dc6f15d8ef0d9e3383d20fa6588d380711813c7
#7 0.697 A    pcre2/configure.ac
#7 0.699 A    pcre2/HACKING
#7 0.699 A    pcre2/maint
#7 0.700 A    pcre2/maint/ucptestdata
#7 0.701 A    pcre2/maint/ucptestdata/testinput1
#7 0.702 A    pcre2/maint/ucptestdata/testinput2
#7 0.704 A    pcre2/maint/ucptestdata/testoutput1
#7 0.705 A    pcre2/maint/ucptestdata/testoutput2
#7 0.711 A    pcre2/maint/MultiStage2.py
#7 0.712 A    pcre2/maint/utf8.c
#7 0.713 A    pcre2/maint/ucptest.c
#7 0.714 A    pcre2/maint/pcre2_chartables.c.non-standard
#7 0.714 A    pcre2/maint/ManyConfigTests
#7 0.715 A    pcre2/maint/README
#7 0.716 A    pcre2/maint/GenerateUtt.py
#7 0.716 A    pcre2/maint/Unicode.tables
#7 0.722 A    pcre2/maint/Unicode.tables/emoji-data.txt
#7 0.725 A    pcre2/maint/Unicode.tables/CaseFolding.txt
#7 0.734 A    pcre2/maint/Unicode.tables/DerivedGeneralCategory.txt
#7 0.798 A    pcre2/maint/Unicode.tables/UnicodeData.txt
#7 0.803 A    pcre2/maint/Unicode.tables/GraphemeBreakProperty.txt
#7 0.804 A    pcre2/maint/Unicode.tables/ScriptExtensions.txt
#7 0.829 A    pcre2/maint/Unicode.tables/Scripts.txt
#7 0.844 A    pcre2/libpcre2-posix.pc.in
#7 0.845 A    pcre2/Makefile.am
#7 0.846 A    pcre2/pcre2_fuzzer.options
#7 0.847 A    pcre2/autogen.sh
#7 0.848 A    pcre2/NEWS
#7 0.848 A    pcre2/libpcre2-8.pc.in
#7 0.849 A    pcre2/CMakeLists.txt
#7 0.850 A    pcre2/config-cmake.h.in
#7 0.850 A    pcre2/cmake
#7 0.851 A    pcre2/cmake/COPYING-CMAKE-SCRIPTS
#7 0.852 A    pcre2/cmake/FindEditline.cmake
#7 0.853 A    pcre2/cmake/pcre2-config.cmake.in
#7 0.853 A    pcre2/cmake/FindReadline.cmake
#7 0.854 A    pcre2/cmake/FindPackageHandleStandardArgs.cmake
#7 0.855 A    pcre2/cmake/pcre2-config-version.cmake.in
#7 0.860 A    pcre2/CleanTxt
#7 0.861 A    pcre2/pcre2-config.in
#7 0.862 A    pcre2/Detrail
#7 0.862 A    pcre2/AUTHORS
#7 0.862 A    pcre2/src
#7 0.863 A    pcre2/src/sljit
#7 0.864 A    pcre2/src/sljit/sljitNativeSPARC_32.c
#7 0.865 A    pcre2/src/sljit/sljitNativeMIPS_32.c
#7 0.865 A    pcre2/src/sljit/sljitExecAllocator.c
#7 0.867 A    pcre2/src/sljit/sljitLir.c
#7 0.868 A    pcre2/src/sljit/sljitNativeMIPS_common.c
#7 0.870 A    pcre2/src/sljit/sljitNativeSPARC_common.c
#7 0.871 A    pcre2/src/sljit/sljitNativeMIPS_64.c
#7 0.871 A    pcre2/src/sljit/sljitProtExecAllocator.c
#7 0.873 A    pcre2/src/sljit/sljitNativeARM_32.c
#7 0.875 A    pcre2/src/sljit/sljitLir.h
#7 0.875 A    pcre2/src/sljit/sljitNativePPC_32.c
#7 0.877 A    pcre2/src/sljit/sljitNativeS390X.c
#7 0.879 A    pcre2/src/sljit/sljitNativeARM_64.c
#7 0.883 A    pcre2/src/sljit/sljitNativeARM_T2_32.c
#7 0.884 A    pcre2/src/sljit/sljitUtils.c
#7 0.886 A    pcre2/src/sljit/sljitNativeX86_32.c
#7 0.889 A    pcre2/src/sljit/sljitNativePPC_common.c
#7 0.890 A    pcre2/src/sljit/sljitNativePPC_64.c
#7 0.890 A    pcre2/src/sljit/sljitWXExecAllocator.c
#7 0.892 A    pcre2/src/sljit/sljitNativeX86_common.c
#7 0.893 A    pcre2/src/sljit/sljitNativeX86_64.c
#7 0.895 A    pcre2/src/sljit/sljitConfigInternal.h
#7 0.895 A    pcre2/src/sljit/sljitConfig.h
#7 0.915 A    pcre2/src/pcre2_ucd.c
#7 0.932 A    pcre2/src/pcre2_substitute.c
#7 0.933 A    pcre2/src/pcre2_find_bracket.c
#7 0.934 A    pcre2/src/pcre2_extuni.c
#7 0.935 A    pcre2/src/pcre2_valid_utf.c
#7 0.945 A    pcre2/src/pcre2test.c
#7 0.946 A    pcre2/src/pcre2_substring.c
#7 0.948 A    pcre2/src/pcre2_convert.c
#7 0.949 A    pcre2/src/pcre2_context.c
#7 0.951 A    pcre2/src/pcre2_jit_test.c
#7 0.953 A    pcre2/src/pcre2_auto_possess.c
#7 0.954 A    pcre2/src/pcre2_pattern_info.c
#7 0.959 A    pcre2/src/pcre2.h.in
#7 0.960 A    pcre2/src/pcre2_fuzzsupport.c
#7 0.961 A    pcre2/src/pcre2_ucp.h
#7 0.976 A    pcre2/src/pcre2_jit_compile.c
#7 0.979 A    pcre2/src/pcre2grep.c
#7 0.981 A    pcre2/src/pcre2_jit_simd_inc.h
#7 0.985 A    pcre2/src/pcre2.h.generic
#7 0.985 A    pcre2/src/pcre2_jit_misc.c
#7 0.986 A    pcre2/src/pcre2_jit_match.c
#7 0.987 A    pcre2/src/pcre2posix.c
#7 0.990 A    pcre2/src/pcre2_dfa_match.c
#7 0.991 A    pcre2/src/pcre2_printint.c
#7 0.993 A    pcre2/src/pcre2_study.c
#7 0.994 A    pcre2/src/pcre2posix.h
#7 0.994 A    pcre2/src/pcre2_chartables.c.dist
#7 0.997 A    pcre2/src/pcre2_tables.c
#7 1.001 A    pcre2/src/pcre2_internal.h
#7 1.002 A    pcre2/src/config.h.in
#7 1.003 A    pcre2/src/pcre2_dftables.c
#7 1.004 A    pcre2/src/pcre2_ord2utf.c
#7 1.005 A    pcre2/src/pcre2_match_data.c
#7 1.006 A    pcre2/src/pcre2demo.c
#7 1.006 A    pcre2/src/pcre2_string_utils.c
#7 1.007 A    pcre2/src/pcre2_serialize.c
#7 1.033 A    pcre2/src/pcre2_script_run.c
#7 1.050 A    pcre2/src/pcre2_compile.c
#7 1.051 A    pcre2/src/pcre2_error.c
#7 1.052 A    pcre2/src/config.h.generic
#7 1.058 A    pcre2/src/pcre2_match.c
#7 1.059 A    pcre2/src/pcre2_intmodedep.h
#7 1.060 A    pcre2/src/pcre2_xclass.c
#7 1.061 A    pcre2/src/pcre2_newline.c
#7 1.062 A    pcre2/src/pcre2_jit_neon_inc.h
#7 1.063 A    pcre2/src/pcre2_config.c
#7 1.064 A    pcre2/src/pcre2_maketables.c
#7 1.092 A    pcre2/132html
#7 1.093 A    pcre2/README
#7 1.094 A    pcre2/LICENCE
#7 1.095 A    pcre2/pcre2_fuzzer.dict
#7 1.096 A    pcre2/RunTest
#7 1.096 A    pcre2/.gitignore
#7 1.097 A    pcre2/doc
#7 1.097 A    pcre2/doc/pcre2_jit_stack_assign.3
#7 1.098 A    pcre2/doc/pcre2_set_compile_extra_options.3
#7 1.099 A    pcre2/doc/pcre2_substring_free.3
#7 1.099 A    pcre2/doc/pcre2sample.3
#7 1.100 A    pcre2/doc/pcre2_match_context_create.3
#7 1.101 A    pcre2/doc/pcre2demo.3
#7 1.102 A    pcre2/doc/pcre2_match_data_free.3
#7 1.103 A    pcre2/doc/pcre2_converted_pattern_free.3
#7 1.104 A    pcre2/doc/pcre2_compile.3
#7 1.106 A    pcre2/doc/pcre2_serialize_free.3
#7 1.107 A    pcre2/doc/pcre2serialize.3
#7 1.108 A    pcre2/doc/pcre2_compile_context_free.3
#7 1.109 A    pcre2/doc/pcre2-config.txt
#7 1.110 A    pcre2/doc/pcre2_set_recursion_memory_management.3
#7 1.111 A    pcre2/doc/pcre2_set_substitute_callout.3
#7 1.112 A    pcre2/doc/pcre2_substring_get_byname.3
#7 1.113 A    pcre2/doc/pcre2_substitute.3
#7 1.115 A    pcre2/doc/pcre2_set_glob_separator.3
#7 1.116 A    pcre2/doc/pcre2_set_glob_escape.3
#7 1.117 A    pcre2/doc/pcre2_set_callout.3
#7 1.119 A    pcre2/doc/pcre2test.1
#7 1.120 A    pcre2/doc/pcre2_get_ovector_pointer.3
#7 1.121 A    pcre2/doc/pcre2-config.1
#7 1.122 A    pcre2/doc/pcre2compat.3
#7 1.123 A    pcre2/doc/pcre2_substring_length_bynumber.3
#7 1.124 A    pcre2/doc/pcre2_convert_context_free.3
#7 1.125 A    pcre2/doc/pcre2_pattern_info.3
#7 1.126 A    pcre2/doc/pcre2_code_copy_with_tables.3
#7 1.127 A    pcre2/doc/pcre2_match_context_copy.3
#7 1.128 A    pcre2/doc/pcre2_get_error_message.3
#7 1.130 A    pcre2/doc/pcre2grep.1
#7 1.131 A    pcre2/doc/pcre2_set_max_pattern_length.3
#7 1.131 A    pcre2/doc/pcre2_set_character_tables.3
#7 1.132 A    pcre2/doc/pcre2_jit_match.3
#7 1.133 A    pcre2/doc/pcre2posix.3
#7 1.134 A    pcre2/doc/index.html.src
#7 1.135 A    pcre2/doc/pcre2_dfa_match.3
#7 1.136 A    pcre2/doc/pcre2_substring_list_get.3
#7 1.139 A    pcre2/doc/pcre2api.3
#7 1.140 A    pcre2/doc/pcre2_general_context_copy.3
#7 1.141 A    pcre2/doc/pcre2_substring_number_from_name.3
#7 1.142 A    pcre2/doc/pcre2_set_compile_recursion_guard.3
#7 1.142 A    pcre2/doc/pcre2_compile_context_create.3
#7 1.143 A    pcre2/doc/pcre2.3
#7 1.144 A    pcre2/doc/pcre2_set_heap_limit.3
#7 1.145 A    pcre2/doc/pcre2unicode.3
#7 1.146 A    pcre2/doc/pcre2_match_data_create_from_pattern.3
#7 1.147 A    pcre2/doc/pcre2_serialize_decode.3
#7 1.148 A    pcre2/doc/pcre2_match.3
#7 1.150 A    pcre2/doc/pcre2test.txt
#7 1.151 A    pcre2/doc/pcre2_jit_stack_create.3
#7 1.152 A    pcre2/doc/pcre2_set_offset_limit.3
#7 1.152 A    pcre2/doc/pcre2_set_bsr.3
#7 1.153 A    pcre2/doc/pcre2_match_context_free.3
#7 1.154 A    pcre2/doc/pcre2_general_context_create.3
#7 1.155 A    pcre2/doc/pcre2_code_copy.3
#7 1.155 A    pcre2/doc/pcre2_config.3
#7 1.156 A    pcre2/doc/pcre2_set_match_limit.3
#7 1.157 A    pcre2/doc/pcre2_substring_copy_byname.3
#7 1.158 A    pcre2/doc/pcre2_convert_context_create.3
#7 1.158 A    pcre2/doc/html
#7 1.159 A    pcre2/doc/html/pcre2_substring_free.html
#7 1.159 A    pcre2/doc/html/pcre2_set_compile_extra_options.html
#7 1.160 A    pcre2/doc/html/pcre2demo.html
#7 1.161 A    pcre2/doc/html/pcre2unicode.html
#7 1.162 A    pcre2/doc/html/pcre2_get_ovector_count.html
#7 1.163 A    pcre2/doc/html/pcre2_match_context_copy.html
#7 1.163 A    pcre2/doc/html/pcre2_substring_nametable_scan.html
#7 1.164 A    pcre2/doc/html/pcre2_compile_context_free.html
#7 1.165 A    pcre2/doc/html/pcre2_set_max_pattern_length.html
#7 1.166 A    pcre2/doc/html/pcre2grep.html
#7 1.167 A    pcre2/doc/html/pcre2_set_offset_limit.html
#7 1.168 A    pcre2/doc/html/pcre2build.html
#7 1.169 A    pcre2/doc/html/pcre2_jit_match.html
#7 1.169 A    pcre2/doc/html/pcre2callout.html
#7 1.170 A    pcre2/doc/html/pcre2_serialize_encode.html
#7 1.171 A    pcre2/doc/html/pcre2_dfa_match.html
#7 1.172 A    pcre2/doc/html/pcre2_convert_context_create.html
#7 1.172 A    pcre2/doc/html/pcre2_match_data_create.html
#7 1.173 A    pcre2/doc/html/pcre2_set_substitute_callout.html
#7 1.176 A    pcre2/doc/html/pcre2api.html
#7 1.177 A    pcre2/doc/html/pcre2_substring_list_get.html
#7 1.177 A    pcre2/doc/html/pcre2perform.html
#7 1.178 A    pcre2/doc/html/pcre2_set_newline.html
#7 1.179 A    pcre2/doc/html/pcre2_set_compile_recursion_guard.html
#7 1.179 A    pcre2/doc/html/pcre2_convert_context_free.html
#7 1.180 A    pcre2/doc/html/pcre2_set_heap_limit.html
#7 1.181 A    pcre2/doc/html/pcre2jit.html
#7 1.182 A    pcre2/doc/html/pcre2syntax.html
#7 1.183 A    pcre2/doc/html/pcre2serialize.html
#7 1.184 A    pcre2/doc/html/pcre2_serialize_free.html
#7 1.184 A    pcre2/doc/html/pcre2_compile.html
#7 1.185 A    pcre2/doc/html/pcre2_code_copy_with_tables.html
#7 1.186 A    pcre2/doc/html/pcre2_serialize_decode.html
#7 1.187 A    pcre2/doc/html/pcre2matching.html
#7 1.188 A    pcre2/doc/html/NON-AUTOTOOLS-BUILD.txt
#7 1.188 A    pcre2/doc/html/pcre2_jit_stack_create.html
#7 1.189 A    pcre2/doc/html/pcre2_serialize_get_number_of_codes.html
#7 1.190 A    pcre2/doc/html/pcre2_set_character_tables.html
#7 1.191 A    pcre2/doc/html/pcre2_set_recursion_memory_management.html
#7 1.192 A    pcre2/doc/html/pcre2_code_free.html
#7 1.194 A    pcre2/doc/html/index.html
#7 1.198 A    pcre2/doc/html/pcre2pattern.html
#7 1.199 A    pcre2/doc/html/pcre2_jit_stack_assign.html
#7 1.199 A    pcre2/doc/html/pcre2_get_ovector_pointer.html
#7 1.202 A    pcre2/doc/html/pcre2test.html
#7 1.203 A    pcre2/doc/html/pcre2_set_recursion_limit.html
#7 1.204 A    pcre2/doc/html/pcre2_general_context_free.html
#7 1.205 A    pcre2/doc/html/pcre2_substring_get_bynumber.html
#7 1.206 A    pcre2/doc/html/pcre2_match_context_create.html
#7 1.207 A    pcre2/doc/html/pcre2_substring_length_bynumber.html
#7 1.209 A    pcre2/doc/html/pcre2compat.html
#7 1.210 A    pcre2/doc/html/pcre2_compile_context_copy.html
#7 1.211 A    pcre2/doc/html/pcre2_converted_pattern_free.html
#7 1.212 A    pcre2/doc/html/pcre2_pattern_info.html
#7 1.213 A    pcre2/doc/html/pcre2_set_parens_nest_limit.html
#7 1.214 A    pcre2/doc/html/pcre2_get_startchar.html
#7 1.215 A    pcre2/doc/html/pcre2_get_error_message.html
#7 1.216 A    pcre2/doc/html/pcre2_jit_compile.html
#7 1.217 A    pcre2/doc/html/pcre2_set_bsr.html
#7 1.217 A    pcre2/doc/html/pcre2_match_context_free.html
#7 1.218 A    pcre2/doc/html/pcre2limits.html
#7 1.219 A    pcre2/doc/html/pcre2_jit_free_unused_memory.html
#7 1.220 A    pcre2/doc/html/pcre2_substring_copy_byname.html
#7 1.221 A    pcre2/doc/html/pcre2_set_match_limit.html
#7 1.221 A    pcre2/doc/html/pcre2_config.html
#7 1.222 A    pcre2/doc/html/pcre2_substitute.html
#7 1.223 A    pcre2/doc/html/pcre2_substring_copy_bynumber.html
#7 1.224 A    pcre2/doc/html/pcre2_get_match_data_size.html
#7 1.224 A    pcre2/doc/html/pcre2_convert_context_copy.html
#7 1.226 A    pcre2/doc/html/pcre2.html
#7 1.230 A    pcre2/doc/html/pcre2convert.html
#7 1.231 A    pcre2/doc/html/pcre2sample.html
#7 1.232 A    pcre2/doc/html/pcre2-config.html
#7 1.233 A    pcre2/doc/html/pcre2_match_data_free.html
#7 1.234 A    pcre2/doc/html/pcre2_match_data_create_from_pattern.html
#7 1.235 A    pcre2/doc/html/pcre2_get_mark.html
#7 1.236 A    pcre2/doc/html/pcre2_match.html
#7 1.237 A    pcre2/doc/html/pcre2partial.html
#7 1.238 A    pcre2/doc/html/pcre2posix.html
#7 1.239 A    pcre2/doc/html/pcre2_code_copy.html
#7 1.240 A    pcre2/doc/html/pcre2_general_context_create.html
#7 1.241 A    pcre2/doc/html/pcre2_maketables.html
#7 1.241 A    pcre2/doc/html/pcre2_callout_enumerate.html
#7 1.242 A    pcre2/doc/html/pcre2_maketables_free.html
#7 1.243 A    pcre2/doc/html/pcre2_substring_get_byname.html
#7 1.244 A    pcre2/doc/html/pcre2_substring_number_from_name.html
#7 1.245 A    pcre2/doc/html/pcre2_general_context_copy.html
#7 1.246 A    pcre2/doc/html/pcre2_jit_stack_free.html
#7 1.247 A    pcre2/doc/html/pcre2_substring_length_byname.html
#7 1.248 A    pcre2/doc/html/pcre2_substring_list_free.html
#7 1.249 A    pcre2/doc/html/pcre2_set_depth_limit.html
#7 1.250 A    pcre2/doc/html/pcre2_pattern_convert.html
#7 1.251 A    pcre2/doc/html/README.txt
#7 1.252 A    pcre2/doc/html/pcre2_set_glob_separator.html
#7 1.253 A    pcre2/doc/html/pcre2_set_glob_escape.html
#7 1.254 A    pcre2/doc/html/pcre2_set_callout.html
#7 1.255 A    pcre2/doc/html/pcre2_compile_context_create.html
#7 1.316 A    pcre2/doc/pcre2_maketables.3
#7 1.317 A    pcre2/doc/pcre2_callout_enumerate.3
#7 1.318 A    pcre2/doc/pcre2perform.3
#7 1.319 A    pcre2/doc/pcre2grep.txt
#7 1.320 A    pcre2/doc/pcre2_jit_stack_free.3
#7 1.321 A    pcre2/doc/pcre2_substring_length_byname.3
#7 1.322 A    pcre2/doc/pcre2_substring_list_free.3
#7 1.322 A    pcre2/doc/pcre2_substring_copy_bynumber.3
#7 1.326 A    pcre2/doc/pcre2pattern.3
#7 1.327 A    pcre2/doc/pcre2convert.3
#7 1.328 A    pcre2/doc/pcre2_general_context_free.3
#7 1.329 A    pcre2/doc/pcre2_set_recursion_limit.3
#7 1.330 A    pcre2/doc/pcre2_substring_get_bynumber.3
#7 1.331 A    pcre2/doc/pcre2_compile_context_copy.3
#7 1.332 A    pcre2/doc/pcre2jit.3
#7 1.334 A    pcre2/doc/pcre2syntax.3
#7 1.334 A    pcre2/doc/pcre2_get_ovector_count.3
#7 1.335 A    pcre2/doc/pcre2_get_mark.3
#7 1.336 A    pcre2/doc/pcre2_set_parens_nest_limit.3
#7 1.337 A    pcre2/doc/pcre2_get_startchar.3
#7 1.338 A    pcre2/doc/pcre2matching.3
#7 1.339 A    pcre2/doc/pcre2_substring_nametable_scan.3
#7 1.340 A    pcre2/doc/pcre2partial.3
#7 1.349 A    pcre2/doc/pcre2.txt
#7 1.349 A    pcre2/doc/pcre2_jit_compile.3
#7 1.350 A    pcre2/doc/pcre2_serialize_get_number_of_codes.3
#7 1.351 A    pcre2/doc/pcre2build.3
#7 1.352 A    pcre2/doc/pcre2limits.3
#7 1.352 A    pcre2/doc/pcre2_jit_free_unused_memory.3
#7 1.353 A    pcre2/doc/pcre2callout.3
#7 1.354 A    pcre2/doc/pcre2_serialize_encode.3
#7 1.355 A    pcre2/doc/pcre2_match_data_create.3
#7 1.355 A    pcre2/doc/pcre2_maketables_free.3
#7 1.356 A    pcre2/doc/pcre2_code_free.3
#7 1.357 A    pcre2/doc/pcre2_set_newline.3
#7 1.358 A    pcre2/doc/pcre2_pattern_convert.3
#7 1.358 A    pcre2/doc/pcre2_set_depth_limit.3
#7 1.359 A    pcre2/doc/pcre2_get_match_data_size.3
#7 1.360 A    pcre2/doc/pcre2_convert_context_copy.3
#7 1.378 A    pcre2/COPYING
#7 1.379 A    pcre2/testdata
#7 1.380 A    pcre2/testdata/testoutput8-8-2
#7 1.381 A    pcre2/testdata/testoutput8-8-3
#7 1.382 A    pcre2/testdata/testoutput8-8-4
#7 1.383 A    pcre2/testdata/grepinput3
#7 1.384 A    pcre2/testdata/grepinput8
#7 1.384 A    pcre2/testdata/grepoutput8
#7 1.385 A    pcre2/testdata/testoutput8-32-2
#7 1.386 A    pcre2/testdata/testinputEBC
#7 1.387 A    pcre2/testdata/testoutput22-8
#7 1.388 A    pcre2/testdata/testoutput8-32-3
#7 1.388 A    pcre2/testdata/testoutputEBC
#7 1.389 A    pcre2/testdata/testoutput8-32-4
#7 1.390 A    pcre2/testdata/grepinput
#7 1.391 A    pcre2/testdata/valgrind-jit.supp
#7 1.392 A    pcre2/testdata/grepoutputC
#7 1.392 A    pcre2/testdata/testoutput14-32
#7 1.393 A    pcre2/testdata/testoutput12-16
#7 1.394 A    pcre2/testdata/testoutput22-16
#7 1.395 A    pcre2/testdata/greplist
#7 1.395 A    pcre2/testdata/grepinputM
#7 1.396 A    pcre2/testdata/grepoutputN
#7 1.397 A    pcre2/testdata/grepoutputCN
#7 1.397 A    pcre2/testdata/wintestinput3
#7 1.399 A    pcre2/testdata/testoutput10
#7 1.399 A    pcre2/testdata/wintestoutput3
#7 1.400 A    pcre2/testdata/testoutput13
#7 1.401 A    pcre2/testdata/testoutput15
#7 1.401 A    pcre2/testdata/testoutput16
#7 1.402 A    pcre2/testdata/testoutput17
#7 1.403 A    pcre2/testdata/testoutput18
#7 1.404 A    pcre2/testdata/testoutput14-8
#7 1.404 A    pcre2/testdata/testoutput19
#7 1.407 A    pcre2/testdata/testoutput1
#7 1.411 A    pcre2/testdata/testoutput2
#7 1.412 A    pcre2/testdata/testoutput3
#7 1.414 A    pcre2/testdata/testoutput4
#7 1.415 A    pcre2/testdata/testoutput5
#7 1.417 A    pcre2/testdata/testoutput6
#7 1.418 A    pcre2/testdata/testoutput11-16
#7 1.420 A    pcre2/testdata/testoutput7
#7 1.421 A    pcre2/testdata/testoutput9
#7 1.421 A    pcre2/testdata/grepfilelist
#7 1.422 A    pcre2/testdata/testinput10
#7 1.423 A    pcre2/testdata/testinput11
#7 1.424 A    pcre2/testdata/testinput12
#7 1.424 A    pcre2/testdata/grepbinary
#7 1.425 A    pcre2/testdata/testoutput20
#7 1.426 A    pcre2/testdata/testinput13
#7 1.426 A    pcre2/testdata/grepinputv
#7 1.427 A    pcre2/testdata/testoutput21
#7 1.428 A    pcre2/testdata/testinput14
#7 1.428 A    pcre2/testdata/testinput15
#7 1.429 A    pcre2/testdata/grepinputx
#7 1.430 A    pcre2/testdata/testoutput23
#7 1.431 A    pcre2/testdata/testinput16
#7 1.431 A    pcre2/testdata/testoutput24
#7 1.432 A    pcre2/testdata/testoutput25
#7 1.433 A    pcre2/testdata/testinput17
#7 1.434 A    pcre2/testdata/testinput18
#7 1.434 A    pcre2/testdata/testinput19
#7 1.435 A    pcre2/testdata/testoutput8-16-2
#7 1.436 A    pcre2/testdata/testoutput8-16-3
#7 1.437 A    pcre2/testdata/testoutput8-16-4
#7 1.438 A    pcre2/testdata/testoutput12-32
#7 1.439 A    pcre2/testdata/testoutput22-32
#7 1.440 A    pcre2/testdata/testoutput14-16
#7 1.440 A    pcre2/testdata/testinput20
#7 1.441 A    pcre2/testdata/testinput21
#7 1.442 A    pcre2/testdata/testinput22
#7 1.442 A    pcre2/testdata/greppatN4
#7 1.443 A    pcre2/testdata/testinput23
#7 1.444 A    pcre2/testdata/testinput24
#7 1.444 A    pcre2/testdata/testinput25
#7 1.445 A    pcre2/testdata/testbtables
#7 1.446 A    pcre2/testdata/grepoutput
#7 1.448 A    pcre2/testdata/testinput1
#7 1.451 A    pcre2/testdata/testinput2
#7 1.452 A    pcre2/testdata/testinput3
#7 1.454 A    pcre2/testdata/testinput4
#7 1.455 A    pcre2/testdata/testoutput11-32
#7 1.456 A    pcre2/testdata/testoutput3A
#7 1.458 A    pcre2/testdata/testinput5
#7 1.458 A    pcre2/testdata/testoutput3B
#7 1.461 A    pcre2/testdata/testinput6
#7 1.463 A    pcre2/testdata/testinput7
#7 1.463 A    pcre2/testdata/testinput8
#7 1.464 A    pcre2/testdata/testinput9
#7 1.497 A    pcre2/CheckMan
#7 1.498 A    pcre2/RunTest.bat
#7 1.498 A    pcre2/perltest.sh
#7 1.499 A    pcre2/NON-AUTOTOOLS-BUILD
#7 1.499 A    pcre2/m4
#7 1.500 A    pcre2/m4/pcre2_visibility.m4
#7 1.501 A    pcre2/m4/ax_pthread.m4
#7 1.504 A    pcre2/RunGrepTest
#7 1.506 A    pcre2/ChangeLog
#7 1.507 A    pcre2/RunGrepTest.bat
#7 1.508 A    pcre2/libpcre2-32.pc.in
#7 1.508 A    pcre2/libpcre2-16.pc.in
#7 1.509 A    pcre2/PrepareRelease
#7 1.512  U   pcre2
#7 1.529 Checked out revision 1317.
#7 DONE 2.3s

#8 [4/5] WORKDIR pcre2
#8 sha256:51567aee23b262788306f143a7813a3e25a230401703a5f187a439719d908110
#8 DONE 0.2s

#10 [5/5] COPY build.sh /src/
#10 sha256:d5b776d18dd398c79ab440083825320d583b2630d337f29fe4dacb6043852193
#10 DONE 0.2s

#11 exporting to image
#11 sha256:e8c613e07b0b7ff33893b694f7759a10d42e180f2b4dc349fb57dc6b71dcab00
#11 exporting layers done
#11 writing image sha256:b132b7f4dd9a1351feeb4c60d435aa34005b9797eade081fb97537637c2fe87c
#11 writing image sha256:b132b7f4dd9a1351feeb4c60d435aa34005b9797eade081fb97537637c2fe87c done
#11 naming to gcr.io/fuzzbench/builders/benchmark/pcre2_pcre2 done
#11 DONE 0.2s

#12 exporting cache
#12 sha256:2700d4ef94dee473593c5c614b55b2dedcca7893909811a8f2b48291a1f581e4
#12 preparing build cache for export done
#12 DONE 0.0s
------
 > importing cache manifest from gcr.io/fuzzbench/builders/benchmark/pcre2_pcre2:
------
#1 [internal] load build definition from builder.Dockerfile
#1 sha256:e7c5210955c36a9ce3601fbd4768d856d73bbee2f842c67d75d9e83e3f13ea56
#1 transferring dockerfile: 1.35kB done
#1 DONE 0.1s

#2 [internal] load .dockerignore
#2 sha256:b6ebc8e1dcfeacf449aef933747263617c8e7bbdcb5c46cf8038ca5702d35d6e
#2 transferring context: 2B done
#2 DONE 0.1s

#3 [internal] load metadata for gcr.io/fuzzbench/builders/benchmark/pcre2_pcre2:latest
#3 sha256:37a9b63ec17705449df23804373bb0e6e432a2a32058efa030d2f4671f81f539
#3 DONE 0.0s

#5 [1/3] FROM gcr.io/fuzzbench/builders/benchmark/pcre2_pcre2
#5 sha256:ececf6e1fbc3d0f58da7f10b9c3754f88d8608db04c7c3f7457083702c81ad26
#5 DONE 0.0s

#4 importing cache manifest from gcr.io/fuzzbench/builders/afl/pcre2_pcre2-intermediate
#4 sha256:0b6229f03f3cc0f943c69084f62c0756bd51c121e3ff9ebd548c45c4c7ba3445
#4 ERROR: gcr.io/fuzzbench/builders/afl/pcre2_pcre2-intermediate:latest: not found

#5 [1/3] FROM gcr.io/fuzzbench/builders/benchmark/pcre2_pcre2
#5 sha256:ececf6e1fbc3d0f58da7f10b9c3754f88d8608db04c7c3f7457083702c81ad26
#5 DONE 0.5s

#6 [2/3] RUN git clone https://github.com/google/AFL.git /afl &&     cd /afl &&     git checkout 61037103ae3722c8060ff7082994836a794f978e &&     AFL_NO_X86=1 make
#6 sha256:de993ca6e0e3c38fadc52913ddaad815069362fffa87c3e4be9a4f1cad3d0b07
#6 0.363 Cloning into '/afl'...
#6 1.249 Note: switching to '61037103ae3722c8060ff7082994836a794f978e'.
#6 1.249 
#6 1.249 You are in 'detached HEAD' state. You can look around, make experimental
#6 1.249 changes and commit them, and you can discard any commits you make in this
#6 1.249 state without impacting any branches by switching back to a branch.
#6 1.249 
#6 1.249 If you want to create a new branch to retain commits you create, you may
#6 1.249 do so (now or later) by using -c with the switch command. Example:
#6 1.249 
#6 1.249   git switch -c <new-branch-name>
#6 1.249 
#6 1.249 Or undo this operation with:
#6 1.249 
#6 1.249   git switch -
#6 1.249 
#6 1.249 Turn off this advice by setting config variable advice.detachedHead to false
#6 1.249 
#6 1.249 HEAD is now at 6103710 Fix a typo filename comparison in the fuzzer (#139)
#6 1.267 [!] Note: skipping x86 compilation checks (AFL_NO_X86 set).
#6 1.267 clang -O1 -fno-omit-frame-pointer -gline-tables-only -DFUZZING_BUILD_MODE_UNSAFE_FOR_PRODUCTION -Wall -D_FORTIFY_SOURCE=2 -g -Wno-pointer-sign -DAFL_PATH=\"/usr/local/lib/afl\" -DDOC_PATH=\"/usr/local/share/doc/afl\" -DBIN_PATH=\"/usr/local/bin\" afl-gcc.c -o afl-gcc -ldl
#6 1.445 set -e; for i in afl-g++ afl-clang afl-clang++; do ln -sf afl-gcc $i; done
#6 1.450 clang -O1 -fno-omit-frame-pointer -gline-tables-only -DFUZZING_BUILD_MODE_UNSAFE_FOR_PRODUCTION -Wall -D_FORTIFY_SOURCE=2 -g -Wno-pointer-sign -DAFL_PATH=\"/usr/local/lib/afl\" -DDOC_PATH=\"/usr/local/share/doc/afl\" -DBIN_PATH=\"/usr/local/bin\" afl-fuzz.c -o afl-fuzz -ldl
#6 3.851 clang -O1 -fno-omit-frame-pointer -gline-tables-only -DFUZZING_BUILD_MODE_UNSAFE_FOR_PRODUCTION -Wall -D_FORTIFY_SOURCE=2 -g -Wno-pointer-sign -DAFL_PATH=\"/usr/local/lib/afl\" -DDOC_PATH=\"/usr/local/share/doc/afl\" -DBIN_PATH=\"/usr/local/bin\" afl-showmap.c -o afl-showmap -ldl
#6 4.175 clang -O1 -fno-omit-frame-pointer -gline-tables-only -DFUZZING_BUILD_MODE_UNSAFE_FOR_PRODUCTION -Wall -D_FORTIFY_SOURCE=2 -g -Wno-pointer-sign -DAFL_PATH=\"/usr/local/lib/afl\" -DDOC_PATH=\"/usr/local/share/doc/afl\" -DBIN_PATH=\"/usr/local/bin\" afl-tmin.c -o afl-tmin -ldl
#6 4.610 clang -O1 -fno-omit-frame-pointer -gline-tables-only -DFUZZING_BUILD_MODE_UNSAFE_FOR_PRODUCTION -Wall -D_FORTIFY_SOURCE=2 -g -Wno-pointer-sign -DAFL_PATH=\"/usr/local/lib/afl\" -DDOC_PATH=\"/usr/local/share/doc/afl\" -DBIN_PATH=\"/usr/local/bin\" afl-gotcpu.c -o afl-gotcpu -ldl
#6 4.769 clang -O1 -fno-omit-frame-pointer -gline-tables-only -DFUZZING_BUILD_MODE_UNSAFE_FOR_PRODUCTION -Wall -D_FORTIFY_SOURCE=2 -g -Wno-pointer-sign -DAFL_PATH=\"/usr/local/lib/afl\" -DDOC_PATH=\"/usr/local/share/doc/afl\" -DBIN_PATH=\"/usr/local/bin\" afl-analyze.c -o afl-analyze -ldl
#6 5.178 clang -O1 -fno-omit-frame-pointer -gline-tables-only -DFUZZING_BUILD_MODE_UNSAFE_FOR_PRODUCTION -Wall -D_FORTIFY_SOURCE=2 -g -Wno-pointer-sign -DAFL_PATH=\"/usr/local/lib/afl\" -DDOC_PATH=\"/usr/local/share/doc/afl\" -DBIN_PATH=\"/usr/local/bin\" afl-as.c -o afl-as -ldl
#6 5.414 ln -sf afl-as as
#6 5.416 [!] Note: skipping build tests (you may need to use LLVM or QEMU mode).
#6 5.419 [+] LLVM users: see llvm_mode/README.llvm for a faster alternative to afl-gcc.
#6 5.420 [+] All done! Be sure to review README - it's pretty short and useful.
#6 DONE 5.8s

#7 [3/3] RUN apt-get update &&     apt-get install wget -y &&     wget https://raw.githubusercontent.com/llvm/llvm-project/5feb80e748924606531ba28c97fe65145c65372e/compiler-rt/lib/fuzzer/afl/afl_driver.cpp -O /afl/afl_driver.cpp &&     clang -Wno-pointer-sign -c /afl/llvm_mode/afl-llvm-rt.o.c -I/afl &&     clang++ -stdlib=libc++ -std=c++11 -O2 -c /afl/afl_driver.cpp &&     ar r /libAFL.a *.o
#7 sha256:3b1cd4e7b44364379db0d2ee486bfaa010a6aeebd0df59d20facdfff18fbcbb5
#7 0.760 Hit:1 http://security.ubuntu.com/ubuntu focal-security InRelease
#7 0.760 Hit:2 http://archive.ubuntu.com/ubuntu focal InRelease
#7 0.760 Hit:3 http://archive.ubuntu.com/ubuntu focal-updates InRelease
#7 0.760 Hit:4 http://ppa.launchpad.net/git-core/ppa/ubuntu focal InRelease
#7 0.782 Hit:5 http://archive.ubuntu.com/ubuntu focal-backports InRelease
#7 1.735 Reading package lists...
#7 3.285 Reading package lists...
#7 4.718 Building dependency tree...
#7 4.930 Reading state information...
#7 5.187 wget is already the newest version (1.20.3-1ubuntu2).
#7 5.187 0 upgraded, 0 newly installed, 0 to remove and 3 not upgraded.
#7 5.192 --2022-02-15 19:50:06--  https://raw.githubusercontent.com/llvm/llvm-project/5feb80e748924606531ba28c97fe65145c65372e/compiler-rt/lib/fuzzer/afl/afl_driver.cpp
#7 5.195 Resolving raw.githubusercontent.com (raw.githubusercontent.com)... 185.199.111.133, 185.199.110.133, 185.199.109.133, ...
#7 5.197 Connecting to raw.githubusercontent.com (raw.githubusercontent.com)|185.199.111.133|:443... connected.
#7 5.224 HTTP request sent, awaiting response... 200 OK
#7 5.244 Length: 9177 (9.0K) [text/plain]
#7 5.244 Saving to: '/afl/afl_driver.cpp'
#7 5.244 
#7 5.244      0K ........                                              100% 12.0M=0.001s
#7 5.245 
#7 5.245 2022-02-15 19:50:06 (12.0 MB/s) - '/afl/afl_driver.cpp' saved [9177/9177]
#7 5.245 
#7 6.966 ar: creating /libAFL.a
#7 DONE 7.4s

#8 exporting to image
#8 sha256:e8c613e07b0b7ff33893b694f7759a10d42e180f2b4dc349fb57dc6b71dcab00
#8 exporting layers done
#8 writing image sha256:96656e2ad230291ecfe6ee7a2ba4087d88ea7a3586ca4e0cffe6ac18caf35709
#8 writing image sha256:96656e2ad230291ecfe6ee7a2ba4087d88ea7a3586ca4e0cffe6ac18caf35709 done
#8 naming to gcr.io/fuzzbench/builders/afl/pcre2_pcre2-intermediate done
#8 DONE 0.1s

#9 exporting cache
#9 sha256:2700d4ef94dee473593c5c614b55b2dedcca7893909811a8f2b48291a1f581e4
#9 preparing build cache for export done
#9 DONE 0.0s
------
 > importing cache manifest from gcr.io/fuzzbench/builders/afl/pcre2_pcre2-intermediate:
------
#1 [internal] load build definition from Dockerfile
#1 sha256:f351608fafb4f07d5dd88f539cff331bcf462cc73cb342a887c309355dedd3d7
#1 transferring dockerfile: 2.00kB done
#1 DONE 0.1s

#2 [internal] load .dockerignore
#2 sha256:557872f354e0a4fc2df9d992515927bbc2a524c2860b6ca3db58ec0df6125bfc
#2 transferring context: 34B done
#2 DONE 0.1s

#3 [internal] load metadata for docker.io/library/ubuntu:xenial
#3 sha256:f62bae18ed588840f045c881b2502661f2a89578a2f8f99b83f5200ee83dd25b
#3 DONE 0.0s

#5 [1/7] FROM docker.io/library/ubuntu:xenial
#5 sha256:14dd403f25ae9e519bd44f27dc17af7ce80f5a4f9f48ca88108364e67ec5d360
#5 DONE 0.0s

#4 importing cache manifest from gcr.io/fuzzbench/base-image
#4 sha256:9b220ebb4d4daceed1b96df9b6dca076e762f1cd612574f010b82d5b9e5ad896
#4 DONE 0.0s

#8 [internal] load build context
#8 sha256:c94e611fd0c9f0f05e78c780926a0a9e41b251f593f529c384d4939ae6603738
#8 transferring context: 559B 0.2s done
#8 DONE 0.2s

#7 [3/7] RUN cd /tmp/ &&     curl -O https://www.python.org/ftp/python/3.8.6/Python-3.8.6.tar.xz &&     tar -xvf Python-3.8.6.tar.xz &&     cd Python-3.8.6 &&     ./configure --enable-loadable-sqlite-extensions --enable-optimizations &&     make -j install &&     rm -r /tmp/Python-3.8.6.tar.xz /tmp/Python-3.8.6
#7 sha256:c5b9d1fb3371e84dbc60b76e7b2f8d5913bc93bcd4910ab65daa03e7b2ec4bb0
#7 CACHED

#9 [4/7] COPY ./requirements.txt /
#9 sha256:492c41add07adf89b1c49eec569ecf7543ef3f494e5ea0a3bcd1c036a34f614e
#9 CACHED

#10 [5/7] RUN pip3 install -r /requirements.txt
#10 sha256:31448cd95cf9fcc2afd40fadc8cd888f3e5acd636e6dbcc830830d8a2dc68b89
#10 CACHED

#11 [6/7] RUN apt-get update -y && apt-get install -y     apt-transport-https     lsb-release
#11 sha256:eccd2e2fd8890a1a20bf25ccadae68448e09ed36cde7932dddd42754d1d42bb2
#11 CACHED

#6 [2/7] RUN apt-get update -y && apt-get install -y     build-essential     rsync     curl     zlib1g-dev     libncurses5-dev     libgdbm-dev     libnss3-dev     libssl-dev     libreadline-dev     libffi-dev     virtualenv     libbz2-dev     liblzma-dev     libsqlite3-dev
#6 sha256:3a1b0960f17eed529eaae93dc8fd3554f2743dd584d8fa569cdbe6bc734371ac
#6 CACHED

#12 [7/7] RUN CLOUD_SDK_REPO="cloud-sdk-$(lsb_release -c -s)" &&     echo "deb https://packages.cloud.google.com/apt $CLOUD_SDK_REPO main"     | tee -a /etc/apt/sources.list.d/google-cloud-sdk.list &&     curl https://packages.cloud.google.com/apt/doc/apt-key.gpg     | apt-key add - &&     apt-get update -y &&     apt-get install -y google-cloud-sdk
#12 sha256:be4d6dc8e9ee9e9f2ea65ee1b7bcd696d8e72c196d2485a26761a529bdf552d3
#12 CACHED

#13 exporting to image
#13 sha256:e8c613e07b0b7ff33893b694f7759a10d42e180f2b4dc349fb57dc6b71dcab00
#13 exporting layers done
#13 writing image sha256:1b41dae4427763f93f7c63356068c8d0b6b6eda4730248e26cddeebab7c25a95 0.0s done
#13 naming to gcr.io/fuzzbench/base-image
#13 naming to gcr.io/fuzzbench/base-image done
#13 DONE 0.1s

#14 exporting cache
#14 sha256:2700d4ef94dee473593c5c614b55b2dedcca7893909811a8f2b48291a1f581e4
#14 preparing build cache for export done
#14 DONE 0.0s
#1 [internal] load build definition from Dockerfile
#1 sha256:4a966b99757095a89da5c85ca41fa826521e1993ba72383c9dc8dd18a93d23b3
#1 transferring dockerfile: 2.22kB done
#1 DONE 0.1s

#2 [internal] load .dockerignore
#2 sha256:916e8f6333a0fde2ba013aa30754cdb64173cd5fcef81ecec4a25c95dda0c1fd
#2 transferring context: 34B done
#2 DONE 0.1s

#4 [internal] load metadata for gcr.io/fuzzbench/base-image:latest
#4 sha256:932022888f650cc455b10eb5123bb08c0cccacac29a693e69314abbfd28a72c3
#4 DONE 0.0s

#3 [internal] load metadata for gcr.io/fuzzbench/builders/afl/pcre2_pcre2-intermediate:latest
#3 sha256:8e2f20ac40ee2fdf8a6e3d7b21ee88bdf93090e20668ac5c79b9e182310b1aae
#3 DONE 0.0s

#12 [internal] load build context
#12 sha256:087d4e6018074bbdfe7ee1c1dc89955470c7489adc995443b2ada861e486d293
#12 DONE 0.0s

#7 [base-image 1/1] FROM gcr.io/fuzzbench/base-image
#7 sha256:4d07825694520f8b6f6a0d8592dbd345433361ae044cb7f06706c5a95e3daaad
#7 DONE 0.0s

#6 [stage-1  1/13] FROM gcr.io/fuzzbench/builders/afl/pcre2_pcre2-intermediate
#6 sha256:3575af75940724c8b8aac3b976a36985e977c724cf8b58836e4dd9eef369c6b6
#6 DONE 0.0s

#5 importing cache manifest from gcr.io/fuzzbench/builders/afl/pcre2_pcre2
#5 sha256:2a542eacb2858f04d4b14f243494525c7056e565e0f66caf2ff380baf5ccf9d2
#5 ERROR: gcr.io/fuzzbench/builders/afl/pcre2_pcre2:latest: not found

#7 [base-image 1/1] FROM gcr.io/fuzzbench/base-image
#7 sha256:4d07825694520f8b6f6a0d8592dbd345433361ae044cb7f06706c5a95e3daaad
#7 CACHED

#12 [internal] load build context
#12 sha256:087d4e6018074bbdfe7ee1c1dc89955470c7489adc995443b2ada861e486d293
#12 transferring context: 669.86kB 0.1s done
#12 DONE 0.2s

#6 [stage-1  1/13] FROM gcr.io/fuzzbench/builders/afl/pcre2_pcre2-intermediate
#6 sha256:3575af75940724c8b8aac3b976a36985e977c724cf8b58836e4dd9eef369c6b6
#6 DONE 0.5s

#8 [stage-1  2/13] COPY --from=base-image /usr/local/bin/python3* /usr/local/bin/
#8 sha256:a38e6755452fb67d68fbcdf8bca37bed731b2753054567b6310789024221f20f
#8 DONE 0.3s

#9 [stage-1  3/13] COPY --from=base-image /usr/local/lib/python3.8 /usr/local/lib/python3.8
#9 sha256:559525f45bf2a45e33023ff55ef68b20931a1ae9a104c0f8c70a5b31987bcaf4
#9 DONE 16.9s

#10 [stage-1  4/13] COPY --from=base-image /usr/local/include/python3.8 /usr/local/include/python3.8
#10 sha256:5fee77e6de5d1bbd94c55239e2cea2913013e653627d4a8064d83a4ef8661733
#10 DONE 0.1s

#11 [stage-1  5/13] COPY --from=base-image /usr/local/lib/python3.8/site-packages /usr/local/lib/python3.8/site-packages
#11 sha256:878476c322f5fcf9d488cefbc000d6ce2ec0e78b6031256fdcdef3059f74889d
#11 DONE 20.7s

#13 [stage-1  6/13] COPY fuzzers /src/fuzzers
#13 sha256:9a892d0e6479d5cdf7b27a07df6d5de022700cd69f2d6644e5edbab027d03b11
#13 DONE 0.6s

#14 [stage-1  7/13] RUN touch /src/__init__.py
#14 sha256:5bd7dc3967ca338ed3b341ae4280358f94affcd9a4b3ac3a9e7fc3d53e052576
#14 DONE 1.2s

#15 [stage-1  8/13] COPY benchmarks/pcre2_pcre2/benchmark.yaml /
#15 sha256:2635537991997dc2f8a7078994b222dc11fc73a01b9965caab8f1e3533c4f82a
#15 DONE 0.3s

#16 [stage-1  9/13] RUN mkdir /opt/fuzzbench/
#16 sha256:d0698a8d3151521088aa10389b8fb3caa2234a6d169f6027d3b5cc97fff66643
#16 DONE 0.9s

#17 [stage-1 10/13] COPY docker/benchmark-builder/checkout_commit.py /opt/fuzzbench/
#17 sha256:4488ca832aff3c2ac4e8aa9a8f162141206b7e15e372df6d492185be770114c1
#17 DONE 0.4s

#18 [stage-1 11/13] RUN export CHECKOUT_COMMIT=$(cat /benchmark.yaml | tr -d ' ' | grep 'commit:' | cut -d ':' -f2) &&     python3 -u /opt/fuzzbench/checkout_commit.py $CHECKOUT_COMMIT /src
#18 sha256:8badfd44abf4ede22d8cb4710776f9387d82a4b705b36221ef287a4857f97ab7
#18 0.603 Checking out commit d561c49a
#18 0.615 error: pathspec 'd561c49a' did not match any file(s) known to git
#18 0.622 error: pathspec 'd561c49a' did not match any file(s) known to git
#18 0.746 Checkout unsuccessful.
#18 DONE 0.9s

#19 [stage-1 12/13] RUN echo "#!/bin/bash\nPYTHONPATH=/src python3 -u -c "from fuzzers import utils; utils.initialize_env(); from fuzzers.afl import fuzzer; fuzzer.build()"" > /usr/bin/fuzzer_build &&     chmod +x /usr/bin/fuzzer_build
#19 sha256:e147ddfd40ad6d1ad045e550b731f167b92aa22046263c25f96e3e7b26002ff0
#19 DONE 0.8s

#20 [stage-1 13/13] RUN echo "Run fuzzer_build to build the target" && if [ -z "$debug_builder" ] ; then fuzzer_build; fi
#20 sha256:bc7d88177608d0626c32c90d3f68363e7e8a46b5976cd4439ea4163e7df25953
#20 0.676 Run fuzzer_build to build the target
#20 0.811 FUZZ_TARGET = pcre2
#20 0.811 CFLAGS = -DFUZZING_BUILD_MODE_UNSAFE_FOR_PRODUCTION -pthread -Wl,--no-as-needed -Wl,-ldl -Wl,-lm -Wno-unused-command-line-argument -O3
#20 0.811 CXXFLAGS = -DFUZZING_BUILD_MODE_UNSAFE_FOR_PRODUCTION -pthread -Wl,--no-as-needed -Wl,-ldl -Wl,-lm -Wno-unused-command-line-argument -stdlib=libc++ -O3
#20 0.817 Building benchmark pcre2_pcre2 with fuzzer afl
#20 0.821 + ./autogen.sh
#20 0.822 Looking for a version of libtoolize (which can have different names)...
#20 0.826 Did not find glibtoolize
#20 0.826 Did not find libtoolize15
#20 0.826 Did not find libtoolize14
#20 1.124 Found libtoolize
#20 1.124 + libtoolize -c -f
#20 1.516 libtoolize: putting auxiliary files in '.'.
#20 1.516 libtoolize: copying file './ltmain.sh'
#20 1.584 libtoolize: putting macros in AC_CONFIG_MACRO_DIRS, 'm4'.
#20 1.584 libtoolize: copying file 'm4/libtool.m4'
#20 1.595 libtoolize: copying file 'm4/ltoptions.m4'
#20 1.606 libtoolize: copying file 'm4/ltsugar.m4'
#20 1.616 libtoolize: copying file 'm4/ltversion.m4'
#20 1.627 libtoolize: copying file 'm4/lt~obsolete.m4'
#20 1.642 + rm -rf autom4te.cache Makefile.in aclocal.m4
#20 1.643 + aclocal --force -I m4
#20 3.813 + autoconf -f -W all,no-obsolete
#20 4.687 + autoheader -f -W all
#20 5.386 + automake -a -c -f -W all,no-portability
#20 6.314 configure.ac:61: installing './ar-lib'
#20 6.318 configure.ac:45: installing './compile'
#20 6.321 configure.ac:67: installing './config.guess'
#20 6.325 configure.ac:67: installing './config.sub'
#20 6.329 configure.ac:28: installing './install-sh'
#20 6.333 configure.ac:28: installing './missing'
#20 6.402 Makefile.am: installing './INSTALL'
#20 6.480 Makefile.am: installing './depcomp'
#20 6.740 parallel-tests: installing './test-driver'
#20 6.809 + rm -rf autom4te.cache
#20 6.811 + exit 0
#20 6.811 + ./configure --enable-fuzz-support --enable-never-backslash-C --with-match-limit=1000 --with-match-limit-recursion=1000
#20 7.060 checking for a BSD-compatible install... /usr/bin/install -c
#20 7.075 checking whether build environment is sane... yes
#20 7.091 checking for a thread-safe mkdir -p... /usr/bin/mkdir -p
#20 7.095 checking for gawk... no
#20 7.096 checking for mawk... mawk
#20 7.097 checking whether make sets $(MAKE)... yes
#20 7.114 checking whether make supports nested variables... yes
#20 7.134 checking whether make supports nested variables... (cached) yes
#20 7.136 checking for gcc... clang
#20 7.209 checking whether the C compiler works... yes
#20 7.325 checking for C compiler default output file name... a.out
#20 7.327 checking for suffix of executables... 
#20 7.448 checking whether we are cross compiling... no
#20 7.577 checking for suffix of object files... o
#20 7.606 checking whether we are using the GNU C compiler... yes
#20 7.634 checking whether clang accepts -g... yes
#20 7.655 checking for clang option to accept ISO C89... none needed
#20 7.701 checking whether clang understands -c and -o together... yes
#20 7.747 checking whether make supports the include directive... yes (GNU style)
#20 7.761 checking dependency style of clang... gcc3
#20 7.819 checking how to run the C preprocessor... clang -E
#20 7.915 checking for grep that handles long lines and -e... /usr/bin/grep
#20 7.919 checking for egrep... /usr/bin/grep -E
#20 7.922 checking for ANSI C header files... yes
#20 8.174 checking for sys/types.h... yes
#20 8.230 checking for sys/stat.h... yes
#20 8.285 checking for stdlib.h... yes
#20 8.342 checking for string.h... yes
#20 8.400 checking for memory.h... yes
#20 8.457 checking for strings.h... yes
#20 8.514 checking for inttypes.h... yes
#20 8.575 checking for stdint.h... yes
#20 8.636 checking for unistd.h... yes
#20 8.697 checking minix/config.h usability... no
#20 8.759 checking minix/config.h presence... no
#20 8.784 checking for minix/config.h... no
#20 8.785 checking whether it is safe to define __EXTENSIONS__... yes
#20 8.851 checking for ar... ar
#20 8.852 checking the archiver (ar) interface... ar
#20 8.884 checking for int64_t... yes
#20 9.047 checking build system type... x86_64-pc-linux-gnu
#20 9.138 checking host system type... x86_64-pc-linux-gnu
#20 9.139 checking how to print strings... printf
#20 9.197 checking for a sed that does not truncate output... /usr/bin/sed
#20 9.206 checking for fgrep... /usr/bin/grep -F
#20 9.209 checking for ld used by clang... /usr/bin/ld
#20 9.228 checking if the linker (/usr/bin/ld) is GNU ld... yes
#20 9.233 checking for BSD- or MS-compatible name lister (nm)... /usr/bin/nm -B
#20 9.240 checking the name lister (/usr/bin/nm -B) interface... BSD nm
#20 9.272 checking whether ln -s works... yes
#20 9.273 checking the maximum length of command line arguments... 1572864
#20 9.286 checking how to convert x86_64-pc-linux-gnu file names to x86_64-pc-linux-gnu format... func_convert_file_noop
#20 9.287 checking how to convert x86_64-pc-linux-gnu file names to toolchain format... func_convert_file_noop
#20 9.288 checking for /usr/bin/ld option to reload object files... -r
#20 9.289 checking for objdump... objdump
#20 9.290 checking how to recognize dependent libraries... pass_all
#20 9.292 checking for dlltool... no
#20 9.293 checking how to associate runtime and link libraries... printf %s\n
#20 9.294 checking for archiver @FILE support... @
#20 9.336 checking for strip... strip
#20 9.337 checking for ranlib... ranlib
#20 9.339 checking command to parse /usr/bin/nm -B output from clang object... ok
#20 9.513 checking for sysroot... no
#20 9.514 checking for a working dd... /usr/bin/dd
#20 9.526 checking how to truncate binary pipes... /usr/bin/dd bs=4096 count=1
#20 9.558 checking for mt... no
#20 9.559 checking if : is a manifest tool... no
#20 9.569 checking for dlfcn.h... yes
#20 9.636 checking for objdir... .libs
#20 9.812 checking if clang supports -fno-rtti -fno-exceptions... yes
#20 9.844 checking for clang option to produce PIC... -fPIC -DPIC
#20 9.844 checking if clang PIC flag -fPIC -DPIC works... yes
#20 9.877 checking if clang static flag -static works... yes
#20 10.05 checking if clang supports -c -o file.o... yes
#20 10.10 checking if clang supports -c -o file.o... (cached) yes
#20 10.10 checking whether the clang linker (/usr/bin/ld -m elf_x86_64) supports shared libraries... yes
#20 10.12 checking whether -lc should be explicitly linked in... no
#20 10.17 checking dynamic linker characteristics... GNU/Linux ld.so
#20 10.36 checking how to hardcode library paths into programs... immediate
#20 10.36 checking whether stripping libraries is possible... yes
#20 10.36 checking if libtool supports shared libraries... yes
#20 10.36 checking whether to build shared libraries... yes
#20 10.36 checking whether to build static libraries... yes
#20 10.37 checking whether ln -s works... yes
#20 10.37 checking whether the -Werror option is usable... yes
#20 10.40 checking for simple visibility declarations... yes
#20 10.43 checking for __attribute__((uninitialized))... yes
#20 10.47 checking limits.h usability... yes
#20 10.53 checking limits.h presence... yes
#20 10.55 checking for limits.h... yes
#20 10.56 checking for sys/types.h... (cached) yes
#20 10.57 checking for sys/stat.h... (cached) yes
#20 10.58 checking dirent.h usability... yes
#20 10.65 checking dirent.h presence... yes
#20 10.67 checking for dirent.h... yes
#20 10.68 checking windows.h usability... no
#20 10.75 checking windows.h presence... no
#20 10.77 checking for windows.h... no
#20 10.77 checking sys/wait.h usability... yes
#20 10.84 checking sys/wait.h presence... yes
#20 10.87 checking for sys/wait.h... yes
#20 10.87 checking for an ANSI C-conforming const... yes
#20 10.90 checking for size_t... yes
#20 11.03 checking for bcopy... yes
#20 11.17 checking for memfd_create... yes
#20 11.31 checking for memmove... yes
#20 11.45 checking for mkostemp... yes
#20 11.59 checking for secure_getenv... yes
#20 11.73 checking for strerror... yes
#20 11.87 checking zlib.h usability... no
#20 11.93 checking zlib.h presence... no
#20 11.96 checking for zlib.h... no
#20 11.96 checking for gzopen in -lz... no
#20 12.04 checking bzlib.h usability... no
#20 12.10 checking bzlib.h presence... no
#20 12.13 checking for bzlib.h... no
#20 12.13 checking for libbz2... no
#20 12.23 
#20 12.23 WARNING: --with-match-limit-recursion is an obsolete option. Please use
#20 12.23   --with-match-limit-depth in future. If both are set, --with-match-limit-depth
#20 12.23   will be used. See also --with-heap-limit.
#20 12.23 
#20 12.24 checking whether Intel CET is enabled... no
#20 12.32 checking that generated files are newer than configure... done
#20 12.32 configure: creating ./config.status
#20 13.10 config.status: creating Makefile
#20 13.13 config.status: creating libpcre2-8.pc
#20 13.15 config.status: creating libpcre2-16.pc
#20 13.18 config.status: creating libpcre2-32.pc
#20 13.21 config.status: creating libpcre2-posix.pc
#20 13.23 config.status: creating pcre2-config
#20 13.26 config.status: creating src/pcre2.h
#20 13.29 config.status: creating src/config.h
#20 13.31 config.status: executing depfiles commands
#20 13.91 config.status: executing libtool commands
#20 13.93 config.status: executing script-chmod commands
#20 13.93 config.status: executing delete-old-chartables commands
#20 13.94 
#20 13.94 pcre2-10.37 configuration summary:
#20 13.94 
#20 13.94     Install prefix ..................... : /usr/local
#20 13.94     C preprocessor ..................... : clang -E
#20 13.94     C compiler ......................... : clang
#20 13.94     Linker ............................. : /usr/bin/ld -m elf_x86_64
#20 13.94     C preprocessor flags ............... : 
#20 13.94     C compiler flags ................... : -DFUZZING_BUILD_MODE_UNSAFE_FOR_PRODUCTION -pthread -Wl,--no-as-needed -Wl,-ldl -Wl,-lm -Wno-unused-command-line-argument -O3 -fsanitize-coverage=trace-pc-guard -fvisibility=hidden
#20 13.94     Linker flags ....................... : 
#20 13.94     Extra libraries .................... : 
#20 13.94 
#20 13.94     Build 8-bit pcre2 library .......... : yes
#20 13.94     Build 16-bit pcre2 library ......... : no
#20 13.94     Build 32-bit pcre2 library ......... : no
#20 13.94     Include debugging code ............. : no
#20 13.94     Enable JIT compiling support ....... : no
#20 13.94     Use SELinux allocator in JIT ....... : no
#20 13.94     Enable Unicode support ............. : yes
#20 13.94     Newline char/sequence .............. : lf
#20 13.94     \R matches only ANYCRLF ............ : no
#20 13.94     \C is disabled ..................... : yes
#20 13.94     EBCDIC coding ...................... : no
#20 13.94     EBCDIC code for NL ................. : n/a
#20 13.94     Rebuild char tables ................ : no
#20 13.94     Internal link size ................. : 2
#20 13.94     Nested parentheses limit ........... : 250
#20 13.94     Heap limit ......................... : 20000000 kibibytes
#20 13.94     Match limit ........................ : 1000
#20 13.94     Match depth limit .................. : 1000
#20 13.94     Build shared libs .................. : yes
#20 13.94     Build static libs .................. : yes
#20 13.94     Use JIT in pcre2grep ............... : no
#20 13.94     Enable callouts in pcre2grep ....... : yes
#20 13.94     Enable fork in pcre2grep callouts .. : yes
#20 13.94     Initial buffer size for pcre2grep .. : 20480
#20 13.94     Maximum buffer size for pcre2grep .. : 1048576
#20 13.94     Link pcre2grep with libz ........... : no
#20 13.94     Link pcre2grep with libbz2 ......... : no
#20 13.94     Link pcre2test with libedit ........ : no
#20 13.94     Link pcre2test with libreadline .... : no
#20 13.94     Valgrind support ................... : no
#20 13.94     Code coverage ...................... : no
#20 13.94     Fuzzer support ..................... : yes
#20 13.94     Use %zu and %td .................... : auto
#20 13.94 
#20 14.02 ++ nproc
#20 14.02 + make -j8 clean
#20 14.03 test -z "src/pcre2_chartables.c testSinput test3input test3output test3outputA test3outputB testtry teststdout teststderr teststderrgrep testtemp1grep testtemp2grep testtrygrep testNinputgrep" || rm -f src/pcre2_chartables.c testSinput test3input test3output test3outputA test3outputB testtry teststdout teststderr teststderrgrep testtemp1grep testtemp2grep testtrygrep testNinputgrep
#20 14.03 test -z "libpcre2-8.la   libpcre2-posix.la" || rm -f libpcre2-8.la   libpcre2-posix.la
#20 14.03 rm -rf .libs _libs
#20 14.03 test -z ".libs/libpcre2-fuzzsupport.a" || rm -f .libs/libpcre2-fuzzsupport.a
#20 14.03 rm -f *.o
#20 14.03 test -z "RunTest.log RunGrepTest.log" || rm -f RunTest.log RunGrepTest.log
#20 14.03  rm -f pcre2grep pcre2test
#20 14.04  rm -f pcre2fuzzcheck
#20 14.04 rm -rf src/.libs src/_libs
#20 14.04 rm -f *.lo
#20 14.04 rm -f src/*.o
#20 14.04 test -z "RunTest.trs RunGrepTest.trs" || rm -f RunTest.trs RunGrepTest.trs
#20 14.04 rm -f src/*.lo
#20 14.04 test -z "test-suite.log" || rm -f test-suite.log
#20 14.04 rm -f ./so_locations
#20 14.04 ++ nproc
#20 14.04 + make -j8 all
#20 14.05 rm -f src/pcre2_chartables.c
#20 14.06 ln -s /src/pcre2/src/pcre2_chartables.c.dist /src/pcre2/src/pcre2_chartables.c
#20 14.06 make  all-am
#20 14.07 make[1]: Entering directory '/src/pcre2'
#20 14.09   CC       src/pcre2grep-pcre2grep.o
#20 14.09   CC       src/libpcre2_8_la-pcre2_auto_possess.lo
#20 14.09   CC       src/libpcre2_8_la-pcre2_compile.lo
#20 14.09   CC       src/libpcre2_8_la-pcre2_config.lo
#20 14.09   CC       src/libpcre2_8_la-pcre2_context.lo
#20 14.09   CC       src/libpcre2_8_la-pcre2_convert.lo
#20 14.09   CC       src/libpcre2_8_la-pcre2_dfa_match.lo
#20 14.09   CC       src/libpcre2_8_la-pcre2_error.lo
#20 15.08   CC       src/libpcre2_8_la-pcre2_extuni.lo
#20 15.09   CC       src/libpcre2_8_la-pcre2_find_bracket.lo
#20 15.18   CC       src/libpcre2_8_la-pcre2_jit_compile.lo
#20 15.54   CC       src/libpcre2_8_la-pcre2_maketables.lo
#20 15.57   CC       src/libpcre2_8_la-pcre2_match.lo
#20 15.58   CC       src/libpcre2_8_la-pcre2_match_data.lo
#20 15.66   CC       src/libpcre2_8_la-pcre2_newline.lo
#20 15.84   CC       src/libpcre2_8_la-pcre2_ord2utf.lo
#20 15.93   CC       src/libpcre2_8_la-pcre2_pattern_info.lo
#20 16.05   CC       src/libpcre2_8_la-pcre2_script_run.lo
#20 16.10   CC       src/libpcre2_8_la-pcre2_serialize.lo
#20 16.19   CC       src/libpcre2_8_la-pcre2_string_utils.lo
#20 16.41   CC       src/libpcre2_8_la-pcre2_study.lo
#20 16.48   CC       src/libpcre2_8_la-pcre2_substitute.lo
#20 16.59   CC       src/libpcre2_8_la-pcre2_substring.lo
#20 16.60   CC       src/libpcre2_8_la-pcre2_tables.lo
#20 16.67   CC       src/libpcre2_8_la-pcre2_ucd.lo
#20 16.91   CC       src/libpcre2_8_la-pcre2_valid_utf.lo
#20 17.35   CC       src/libpcre2_8_la-pcre2_xclass.lo
#20 17.42   CC       src/libpcre2_8_la-pcre2_chartables.lo
#20 17.53   CC       src/pcre2test-pcre2test.o
#20 17.74   CC       src/libpcre2_posix_la-pcre2posix.lo
#20 17.89   CC       src/pcre2fuzzcheck-pcre2_fuzzsupport.o
#20 18.01   CC       src/_libs_libpcre2_fuzzsupport_a-pcre2_fuzzsupport.o
#20 18.14   AR       .libs/libpcre2-fuzzsupport.a
#20 18.14 ar: `u' modifier ignored since `D' is the default (see `U')
#20 36.60   CCLD     libpcre2-8.la
#20 36.90   CCLD     libpcre2-posix.la
#20 36.90   CCLD     pcre2grep
#20 36.91   CCLD     pcre2fuzzcheck
#20 37.11   CCLD     pcre2test
#20 37.38 make[1]: Leaving directory '/src/pcre2'
#20 37.38 + clang++ -DFUZZING_BUILD_MODE_UNSAFE_FOR_PRODUCTION -pthread -Wl,--no-as-needed -Wl,-ldl -Wl,-lm -Wno-unused-command-line-argument -stdlib=libc++ -O3 -fsanitize-coverage=trace-pc-guard -o /out/pcre2_fuzzer /libAFL.a .libs/libpcre2-fuzzsupport.a .libs/libpcre2-8.a
#20 37.63 + cp pcre2_fuzzer.options pcre2_fuzzer.dict /out/
#20 37.65 [post_build] Copying afl-fuzz to $OUT directory
#20 DONE 37.9s

#21 exporting to image
#21 sha256:e8c613e07b0b7ff33893b694f7759a10d42e180f2b4dc349fb57dc6b71dcab00
#21 exporting layers done
#21 writing image sha256:3b725b8e67373749e09d341ae841a57c84e2ad08a8d80a9ab7f57e05b65f2558 0.0s done
#21 naming to gcr.io/fuzzbench/builders/afl/pcre2_pcre2 done
#21 DONE 0.2s

#22 exporting cache
#22 sha256:2700d4ef94dee473593c5c614b55b2dedcca7893909811a8f2b48291a1f581e4
#22 preparing build cache for export done
#22 DONE 0.0s
------
 > importing cache manifest from gcr.io/fuzzbench/builders/afl/pcre2_pcre2:
------
#1 [internal] load build definition from runner.Dockerfile
#1 sha256:1c3109961a9f5724dc0b5c42689073a9f080973dc83a2076043ea77523507acb
#1 transferring dockerfile: 656B done
#1 DONE 0.0s

#2 [internal] load .dockerignore
#2 sha256:cf1266feb94943cef0b518baae824f02ce41d3cf23e9e93208b9a8c8297c054d
#2 transferring context: 2B done
#2 DONE 0.2s

#3 [internal] load metadata for gcr.io/fuzzbench/base-image:latest
#3 sha256:932022888f650cc455b10eb5123bb08c0cccacac29a693e69314abbfd28a72c3
#3 DONE 0.0s

#4 [1/1] FROM gcr.io/fuzzbench/base-image
#4 sha256:4d07825694520f8b6f6a0d8592dbd345433361ae044cb7f06706c5a95e3daaad
#4 DONE 0.0s

#5 importing cache manifest from gcr.io/fuzzbench/runners/afl/pcre2_pcre2-intermediate
#5 sha256:952f80cae82974082684a15e5189ddea5ae9aff68f326626e95acbfdae433fc9
#5 ERROR: gcr.io/fuzzbench/runners/afl/pcre2_pcre2-intermediate:latest: not found

#4 [1/1] FROM gcr.io/fuzzbench/base-image
#4 sha256:4d07825694520f8b6f6a0d8592dbd345433361ae044cb7f06706c5a95e3daaad
#4 CACHED

#6 exporting to image
#6 sha256:e8c613e07b0b7ff33893b694f7759a10d42e180f2b4dc349fb57dc6b71dcab00
#6 exporting layers done
#6 writing image sha256:f628be35cc855f974311f766983553d871b30d9c984bee14f7b4c66660cfb533
#6 writing image sha256:f628be35cc855f974311f766983553d871b30d9c984bee14f7b4c66660cfb533 done
#6 naming to gcr.io/fuzzbench/runners/afl/pcre2_pcre2-intermediate done
#6 DONE 0.1s

#7 exporting cache
#7 sha256:2700d4ef94dee473593c5c614b55b2dedcca7893909811a8f2b48291a1f581e4
#7 preparing build cache for export done
#7 DONE 0.0s
------
 > importing cache manifest from gcr.io/fuzzbench/runners/afl/pcre2_pcre2-intermediate:
------
#1 [internal] load build definition from Dockerfile
#1 sha256:c342a68cf16f6459a5f7bfef333ac1dfc5d2adb98de5705e01f73077f417902c
#1 transferring dockerfile: 3.17kB done
#1 DONE 0.1s

#2 [internal] load .dockerignore
#2 sha256:638128054d034f422a21cf2bfe671b93597cb6345954e86b6749f5bef4733b80
#2 transferring context: 34B done
#2 DONE 0.1s

#3 [internal] load metadata for gcr.io/fuzzbench/runners/afl/pcre2_pcre2-intermediate:latest
#3 sha256:c7c7e17e3e4bf93e55c582515d8ebfbcfda2988141eee605b5ee8bba02f663d9
#3 DONE 0.0s

#4 [internal] load metadata for gcr.io/fuzzbench/builders/afl/pcre2_pcre2:latest
#4 sha256:f50b6e10262ff1e9fb5a86e571843ab32b84ff1d9ab2cb8921180d7120b3e35f
#4 DONE 0.0s

#12 [internal] load build context
#12 sha256:c6bcfe06467d40b410b915437e3ef3bce1aa8403fe63a38171b19fa34d385d53
#12 DONE 0.0s

#6 [stage-1  1/13] FROM gcr.io/fuzzbench/runners/afl/pcre2_pcre2-intermediate
#6 sha256:3110f02fbd524e5685eee3e8b129820c06da67b95fdeb02ff40291ae4ba9cafb
#6 DONE 0.0s

#10 [builder 1/1] FROM gcr.io/fuzzbench/builders/afl/pcre2_pcre2
#10 sha256:6a8ca57f90be4774551de4ff9109b4e333570280d9fcdcc5c1446e314987e9ce
#10 DONE 0.0s

#5 importing cache manifest from gcr.io/fuzzbench/runners/afl/pcre2_pcre2
#5 sha256:8581670795c9670f1754ac95d26973731b71fafe67e8cca270c45cd118db1795
#5 ERROR: gcr.io/fuzzbench/runners/afl/pcre2_pcre2:latest: not found

#12 [internal] load build context
#12 sha256:c6bcfe06467d40b410b915437e3ef3bce1aa8403fe63a38171b19fa34d385d53
#12 ...

#10 [builder 1/1] FROM gcr.io/fuzzbench/builders/afl/pcre2_pcre2
#10 sha256:6a8ca57f90be4774551de4ff9109b4e333570280d9fcdcc5c1446e314987e9ce
#10 DONE 0.5s

#12 [internal] load build context
#12 sha256:c6bcfe06467d40b410b915437e3ef3bce1aa8403fe63a38171b19fa34d385d53
#12 transferring context: 17.56MB 0.6s done
#12 DONE 0.7s

#7 [stage-1  2/13] RUN apt-get update -y && apt-get install -y     libglib2.0-0     libxml2     libarchive13     libgss3
#7 sha256:fcf22cc885a6d198bd6ec6a7061f636a52a0e831d5a8f6982639fbec3f6589bd
#7 CACHED

#8 [stage-1  3/13] RUN mkdir -p /out
#8 sha256:aff07859aa86e8c4e122f069da8cfe6f60ae6d14ce169fdfdcf3c34fbf1c105c
#8 CACHED

#9 [stage-1  4/13] WORKDIR /out
#9 sha256:935c6723583715696f3408caadc5df11af96cc0d5691fdbf4f504c3c5310bf51
#9 CACHED

#11 [stage-1  5/13] COPY --from=builder /out/ ./
#11 sha256:3b27b6ef4c955eca31dc9cdbfc716d7c80559536560b5d5b83498247aaaf3f71
#11 DONE 0.2s

#13 [stage-1  6/13] COPY benchmarks /src/benchmarks
#13 sha256:2bc1004a25cda6c1702e6ea6080cbb36711d1364721259559fc9c8a35391ee36
#13 DONE 1.0s

#14 [stage-1  7/13] COPY fuzzers /src/fuzzers
#14 sha256:869e77323337cba6a955287255f52cf7edb0d373127c8416fbca7f290b9d417f
#14 DONE 0.2s

#15 [stage-1  8/13] RUN touch __init__.py
#15 sha256:669b69283c4e87222eaa7ea56ee74cf67c3afd482d6a7e158c0746e278ce9a29
#15 DONE 0.6s

#16 [stage-1  9/13] RUN mkdir -p /out/seeds /out/corpus
#16 sha256:ec0a06237ffca0f257cffaf039d3b6644b3003784d7395b4d9b96c5060440258
#16 DONE 0.8s

#17 [stage-1 10/13] COPY common /src/common
#17 sha256:365bc82fe273965f2c87c636a07c9861bd08250f3c0e77ecde36062aa971f1bd
#17 DONE 0.4s

#18 [stage-1 11/13] COPY experiment/runner.py /src/experiment/runner.py
#18 sha256:f7158f49771406ae657994bf39727c55b2268793faa681e638f9b30efa7fe502
#18 DONE 0.3s

#19 [stage-1 12/13] COPY docker/benchmark-runner /src/docker/benchmark-runner
#19 sha256:44af0309bb824df6727b89ff3b8be7dc9287bc03a4c245396c1d16521b188b1c
#19 DONE 0.3s

#20 [stage-1 13/13] RUN chmod +x /src/docker/benchmark-runner/startup-runner.sh
#20 sha256:c0eae8056a756cad7be707774cf12c08c1d5e0dd16e55134a9bcdba5119e61e9
#20 DONE 1.2s

#21 exporting to image
#21 sha256:e8c613e07b0b7ff33893b694f7759a10d42e180f2b4dc349fb57dc6b71dcab00
#21 exporting layers done
#21 writing image sha256:a472e817f55b96f4289069647eab7df6c3db3e690e4bb1bf9a2460e46fccb542 done
#21 naming to gcr.io/fuzzbench/runners/afl/pcre2_pcre2 0.0s done
#21 DONE 0.1s

#22 exporting cache
#22 sha256:2700d4ef94dee473593c5c614b55b2dedcca7893909811a8f2b48291a1f581e4
#22 preparing build cache for export done
#22 DONE 0.0s
------
 > importing cache manifest from gcr.io/fuzzbench/runners/afl/pcre2_pcre2:
------
INFO:root:Doing trial as part of experiment.
INFO:root:Starting trial.
ERROR:root:Fuzz target binary not found.
INFO:root:Doing final sync.
ERROR:root:Call to <function get_stats at 0x7f348c416f70> failed. Extras: {'traceback': 'Traceback (most recent call last):\n  File "/src/experiment/runner.py", line 374, in record_stats\n    stats_json_str = fuzzer_module_get_stats(output_corpus,\n  File "/src/fuzzers/afl/fuzzer.py", line 51, in get_stats\n    with open(stats_file) as file_handle:\nFileNotFoundError: [Errno 2] No such file or directory: \'/out/corpus/fuzzer_stats\'\n'}
/bin/sh: 1: source: not found
#2 [internal] load .dockerignore
#2 sha256:c16955884800d2c566d238f60c829735032e9c6f52a0db33c032c532bb752468
#2 transferring context:
#2 ...

#1 [internal] load build definition from Dockerfile
#1 sha256:ff635b051cac5a30887aefbfe6e97c2fe9918d5750b8a2b59c6e0571d1944f55
#1 transferring dockerfile: 32B done
#1 DONE 0.7s

#2 [internal] load .dockerignore
#2 sha256:c16955884800d2c566d238f60c829735032e9c6f52a0db33c032c532bb752468
#2 transferring context: 2B done
#2 DONE 0.7s

#3 [internal] load metadata for gcr.io/oss-fuzz-base/base-builder:latest
#3 sha256:f10dc39cc9d418a5bc416dead31a1902b6821fdae909cd3b08f7a3fd1faba7b5
#3 DONE 0.4s

#5 [1/5] FROM gcr.io/oss-fuzz-base/base-builder@sha256:f4e5ea12494fab091c5d830cf803b3421f2860f729b9d1b07da44924396cf8cf
#5 sha256:ef290950573a2779ee526af357b28fbddfc20d7409aa51f58f777c9e972cba29
#5 DONE 0.0s

#4 importing cache manifest from gcr.io/fuzzbench/builders/benchmark/pcre2_pcre2
#4 sha256:c70dae69ea9a0ab909c27031716b36628ae30ec52df38249654e51db59cb910a
#4 DONE 0.0s

#9 [internal] load build context
#9 sha256:89629bfffa17fd401c3bbdc1d8c5d5a957fe95ef1c5ea84d5c34616eabc43742
#9 transferring context: 30B done
#9 DONE 0.1s

#7 [3/5] RUN svn co svn://vcs.exim.org/pcre2/code/trunk pcre2
#7 sha256:6c3b16649dedf805c569a7d16dc6f15d8ef0d9e3383d20fa6588d380711813c7
#7 CACHED

#8 [4/5] WORKDIR pcre2
#8 sha256:51567aee23b262788306f143a7813a3e25a230401703a5f187a439719d908110
#8 CACHED

#6 [2/5] RUN apt-get update && apt-get install -y make autoconf automake libtool subversion
#6 sha256:aef11698bf433205f6fcb526aac49855ce66807e8150dc6641a44ff231424105
#6 CACHED

#10 [5/5] COPY build.sh /src/
#10 sha256:1ca5dd30ee00c600c2d61e13e2a1025d54aff565ec6f08047234f612d2e8b686
#10 CACHED

#11 exporting to image
#11 sha256:e8c613e07b0b7ff33893b694f7759a10d42e180f2b4dc349fb57dc6b71dcab00
#11 exporting layers done
#11 writing image sha256:b132b7f4dd9a1351feeb4c60d435aa34005b9797eade081fb97537637c2fe87c
#11 writing image sha256:b132b7f4dd9a1351feeb4c60d435aa34005b9797eade081fb97537637c2fe87c done
#11 naming to gcr.io/fuzzbench/builders/benchmark/pcre2_pcre2 done
#11 DONE 0.1s

#12 exporting cache
#12 sha256:2700d4ef94dee473593c5c614b55b2dedcca7893909811a8f2b48291a1f581e4
#12 preparing build cache for export done
#12 DONE 0.0s
#1 [internal] load build definition from builder.Dockerfile
#1 sha256:09d5fe42c63f1643709137245252e69a3906badffafbba4da69d0bcd8952d0b2
#1 transferring dockerfile: 1.35kB done
#1 DONE 0.0s

#2 [internal] load .dockerignore
#2 sha256:6fcfbc0f1bf1dafba053c53bda3218c87a5f0d9c437b8ccf436037d8447d6369
#2 transferring context: 2B done
#2 DONE 0.0s

#3 [internal] load metadata for gcr.io/fuzzbench/builders/benchmark/pcre2_pcre2:latest
#3 sha256:37a9b63ec17705449df23804373bb0e6e432a2a32058efa030d2f4671f81f539
#3 DONE 0.0s

#4 importing cache manifest from gcr.io/fuzzbench/builders/afl/pcre2_pcre2-intermediate
#4 sha256:0b6229f03f3cc0f943c69084f62c0756bd51c121e3ff9ebd548c45c4c7ba3445
#4 DONE 0.0s

#5 [1/3] FROM gcr.io/fuzzbench/builders/benchmark/pcre2_pcre2
#5 sha256:ececf6e1fbc3d0f58da7f10b9c3754f88d8608db04c7c3f7457083702c81ad26
#5 DONE 0.0s

#6 [2/3] RUN git clone https://github.com/google/AFL.git /afl &&     cd /afl &&     git checkout 61037103ae3722c8060ff7082994836a794f978e &&     AFL_NO_X86=1 make
#6 sha256:de993ca6e0e3c38fadc52913ddaad815069362fffa87c3e4be9a4f1cad3d0b07
#6 CACHED

#7 [3/3] RUN apt-get update &&     apt-get install wget -y &&     wget https://raw.githubusercontent.com/llvm/llvm-project/5feb80e748924606531ba28c97fe65145c65372e/compiler-rt/lib/fuzzer/afl/afl_driver.cpp -O /afl/afl_driver.cpp &&     clang -Wno-pointer-sign -c /afl/llvm_mode/afl-llvm-rt.o.c -I/afl &&     clang++ -stdlib=libc++ -std=c++11 -O2 -c /afl/afl_driver.cpp &&     ar r /libAFL.a *.o
#7 sha256:3b1cd4e7b44364379db0d2ee486bfaa010a6aeebd0df59d20facdfff18fbcbb5
#7 CACHED

#8 exporting to image
#8 sha256:e8c613e07b0b7ff33893b694f7759a10d42e180f2b4dc349fb57dc6b71dcab00
#8 exporting layers done
#8 writing image sha256:96656e2ad230291ecfe6ee7a2ba4087d88ea7a3586ca4e0cffe6ac18caf35709 done
#8 naming to gcr.io/fuzzbench/builders/afl/pcre2_pcre2-intermediate done
#8 DONE 0.2s

#9 exporting cache
#9 sha256:2700d4ef94dee473593c5c614b55b2dedcca7893909811a8f2b48291a1f581e4
#9 preparing build cache for export done
#9 DONE 0.0s
#2 [internal] load .dockerignore
#2 sha256:3071133ebe632b2067cb2dc104cc5705462d1888ed4bf1893fca9af0aed16ad6
#2 transferring context: 34B done
#2 DONE 0.7s

#1 [internal] load build definition from Dockerfile
#1 sha256:f8bcba5c432dfc9638ff604c0a3426c982fe26f2399c9fb7e82d71b8d211c9a3
#1 transferring dockerfile: 2.00kB done
#1 DONE 0.7s

#3 [internal] load metadata for docker.io/library/ubuntu:xenial
#3 sha256:f62bae18ed588840f045c881b2502661f2a89578a2f8f99b83f5200ee83dd25b
#3 DONE 0.0s

#5 [1/7] FROM docker.io/library/ubuntu:xenial
#5 sha256:14dd403f25ae9e519bd44f27dc17af7ce80f5a4f9f48ca88108364e67ec5d360
#5 DONE 0.0s

#4 importing cache manifest from gcr.io/fuzzbench/base-image
#4 sha256:9b220ebb4d4daceed1b96df9b6dca076e762f1cd612574f010b82d5b9e5ad896
#4 DONE 0.0s

#8 [internal] load build context
#8 sha256:a8c1cc4827ce2e1b97c3c608b02fbec77aa4344d55bbea88355d4db05b2e2915
#8 transferring context: 559B 0.2s done
#8 DONE 0.2s

#6 [2/7] RUN apt-get update -y && apt-get install -y     build-essential     rsync     curl     zlib1g-dev     libncurses5-dev     libgdbm-dev     libnss3-dev     libssl-dev     libreadline-dev     libffi-dev     virtualenv     libbz2-dev     liblzma-dev     libsqlite3-dev
#6 sha256:3a1b0960f17eed529eaae93dc8fd3554f2743dd584d8fa569cdbe6bc734371ac
#6 CACHED

#7 [3/7] RUN cd /tmp/ &&     curl -O https://www.python.org/ftp/python/3.8.6/Python-3.8.6.tar.xz &&     tar -xvf Python-3.8.6.tar.xz &&     cd Python-3.8.6 &&     ./configure --enable-loadable-sqlite-extensions --enable-optimizations &&     make -j install &&     rm -r /tmp/Python-3.8.6.tar.xz /tmp/Python-3.8.6
#7 sha256:c5b9d1fb3371e84dbc60b76e7b2f8d5913bc93bcd4910ab65daa03e7b2ec4bb0
#7 CACHED

#9 [4/7] COPY ./requirements.txt /
#9 sha256:f6ce65a226e7f88df9f42515a0b2688db6094c5f164a9835a68a1295f09ca5c2
#9 CACHED

#10 [5/7] RUN pip3 install -r /requirements.txt
#10 sha256:8765460d43d7bc76d399e132b7c71e72a8e12b9deaefcf87c188ae207218ee3e
#10 CACHED

#11 [6/7] RUN apt-get update -y && apt-get install -y     apt-transport-https     lsb-release
#11 sha256:c58d3fe4807c2eb748b063791f5618596a876edfcb6a4c55ac30d458b004893d
#11 CACHED

#12 [7/7] RUN CLOUD_SDK_REPO="cloud-sdk-$(lsb_release -c -s)" &&     echo "deb https://packages.cloud.google.com/apt $CLOUD_SDK_REPO main"     | tee -a /etc/apt/sources.list.d/google-cloud-sdk.list &&     curl https://packages.cloud.google.com/apt/doc/apt-key.gpg     | apt-key add - &&     apt-get update -y &&     apt-get install -y google-cloud-sdk
#12 sha256:83ca61fc62ee77112b021e012c9fef1792f4ecc1557824a31bfd87006e91c097
#12 CACHED

#13 exporting to image
#13 sha256:e8c613e07b0b7ff33893b694f7759a10d42e180f2b4dc349fb57dc6b71dcab00
#13 exporting layers done
#13 writing image sha256:1b41dae4427763f93f7c63356068c8d0b6b6eda4730248e26cddeebab7c25a95
#13 writing image sha256:1b41dae4427763f93f7c63356068c8d0b6b6eda4730248e26cddeebab7c25a95 0.0s done
#13 naming to gcr.io/fuzzbench/base-image done
#13 DONE 0.1s

#14 exporting cache
#14 sha256:2700d4ef94dee473593c5c614b55b2dedcca7893909811a8f2b48291a1f581e4
#14 preparing build cache for export done
#14 DONE 0.0s
#1 [internal] load build definition from Dockerfile
#1 sha256:608bcb0b45133ae0ab96acd70b6111e7f85bef9029b18292755c0ad9ac7975bf
#1 transferring dockerfile: 2.22kB done
#1 DONE 0.1s

#2 [internal] load .dockerignore
#2 sha256:cbef4d949802f3ae3e267a36a9abe65ef561916907c27276f53f612bd79ed063
#2 transferring context: 34B done
#2 DONE 0.1s

#4 [internal] load metadata for gcr.io/fuzzbench/base-image:latest
#4 sha256:932022888f650cc455b10eb5123bb08c0cccacac29a693e69314abbfd28a72c3
#4 DONE 0.0s

#3 [internal] load metadata for gcr.io/fuzzbench/builders/afl/pcre2_pcre2-intermediate:latest
#3 sha256:8e2f20ac40ee2fdf8a6e3d7b21ee88bdf93090e20668ac5c79b9e182310b1aae
#3 DONE 0.0s

#7 [base-image 1/1] FROM gcr.io/fuzzbench/base-image
#7 sha256:4d07825694520f8b6f6a0d8592dbd345433361ae044cb7f06706c5a95e3daaad
#7 DONE 0.0s

#6 [stage-1  1/13] FROM gcr.io/fuzzbench/builders/afl/pcre2_pcre2-intermediate
#6 sha256:3575af75940724c8b8aac3b976a36985e977c724cf8b58836e4dd9eef369c6b6
#6 DONE 0.0s

#5 importing cache manifest from gcr.io/fuzzbench/builders/afl/pcre2_pcre2
#5 sha256:2a542eacb2858f04d4b14f243494525c7056e565e0f66caf2ff380baf5ccf9d2
#5 DONE 0.0s

#12 [internal] load build context
#12 sha256:e6b253437c8152859377f39d6ddf79142426a10af51b55820dbc18bf8ef2f751
#12 transferring context: 669.86kB 0.1s done
#12 DONE 0.2s

#8 [stage-1  2/13] COPY --from=base-image /usr/local/bin/python3* /usr/local/bin/
#8 sha256:a38e6755452fb67d68fbcdf8bca37bed731b2753054567b6310789024221f20f
#8 CACHED

#18 [stage-1 11/13] RUN export CHECKOUT_COMMIT=$(cat /benchmark.yaml | tr -d ' ' | grep 'commit:' | cut -d ':' -f2) &&     python3 -u /opt/fuzzbench/checkout_commit.py $CHECKOUT_COMMIT /src
#18 sha256:2f78a293ad4b862f42b742c4ead8cda7214c0c71751c9f0cdef7c8a7e0a6a79a
#18 CACHED

#10 [stage-1  4/13] COPY --from=base-image /usr/local/include/python3.8 /usr/local/include/python3.8
#10 sha256:5fee77e6de5d1bbd94c55239e2cea2913013e653627d4a8064d83a4ef8661733
#10 CACHED

#19 [stage-1 12/13] RUN echo "#!/bin/bash\nPYTHONPATH=/src python3 -u -c "from fuzzers import utils; utils.initialize_env(); from fuzzers.afl import fuzzer; fuzzer.build()"" > /usr/bin/fuzzer_build &&     chmod +x /usr/bin/fuzzer_build
#19 sha256:db7109ca4055a360cde070941ecd1bab28599a2e7a53518b7c74e56bb902c843
#19 CACHED

#16 [stage-1  9/13] RUN mkdir /opt/fuzzbench/
#16 sha256:eafd661c56693b2547dccbfceba71fadfa2bd77c661185677c7bdedb5b90bed4
#16 CACHED

#11 [stage-1  5/13] COPY --from=base-image /usr/local/lib/python3.8/site-packages /usr/local/lib/python3.8/site-packages
#11 sha256:878476c322f5fcf9d488cefbc000d6ce2ec0e78b6031256fdcdef3059f74889d
#11 CACHED

#13 [stage-1  6/13] COPY fuzzers /src/fuzzers
#13 sha256:08631cc8d460e251dd65a05548952453609e73a5ea7660ac48f3d4f87d48e927
#13 CACHED

#14 [stage-1  7/13] RUN touch /src/__init__.py
#14 sha256:96b349d2af80bd595c8ee14f4d44f816a287c34fb4a9b37704eb3d334613bf3c
#14 CACHED

#15 [stage-1  8/13] COPY benchmarks/pcre2_pcre2/benchmark.yaml /
#15 sha256:bd668fc38ca4561f7beacf7c284859b8a034133d06f814ff720762cfd1353972
#15 CACHED

#9 [stage-1  3/13] COPY --from=base-image /usr/local/lib/python3.8 /usr/local/lib/python3.8
#9 sha256:559525f45bf2a45e33023ff55ef68b20931a1ae9a104c0f8c70a5b31987bcaf4
#9 CACHED

#17 [stage-1 10/13] COPY docker/benchmark-builder/checkout_commit.py /opt/fuzzbench/
#17 sha256:c830598fe7775b98bf5c727366cdac3bd662f8c99aa3df9a5267eed12694a103
#17 CACHED

#20 [stage-1 13/13] RUN echo "Run fuzzer_build to build the target" && if [ -z "$debug_builder" ] ; then fuzzer_build; fi
#20 sha256:7951e9d622d47ccb35f96019805114dfeace9bd516114a7e492dc376e278f9d2
#20 CACHED

#21 exporting to image
#21 sha256:e8c613e07b0b7ff33893b694f7759a10d42e180f2b4dc349fb57dc6b71dcab00
#21 exporting layers done
#21 writing image sha256:3b725b8e67373749e09d341ae841a57c84e2ad08a8d80a9ab7f57e05b65f2558 0.0s done
#21 naming to gcr.io/fuzzbench/builders/afl/pcre2_pcre2 done
#21 DONE 0.5s

#22 exporting cache
#22 sha256:2700d4ef94dee473593c5c614b55b2dedcca7893909811a8f2b48291a1f581e4
#22 preparing build cache for export done
#22 DONE 0.0s
#1 [internal] load build definition from runner.Dockerfile
#1 sha256:db1127ac807f1687cd2fc72e831548cc6537c5d954e23083efe4059146df18fc
#1 transferring dockerfile: 656B done
#1 DONE 0.1s

#2 [internal] load .dockerignore
#2 sha256:567237e74e464129f61341ebb70a7969caebc0ad9ab5d4b5a234ad3b856d577f
#2 transferring context: 2B done
#2 DONE 0.1s

#3 [internal] load metadata for gcr.io/fuzzbench/base-image:latest
#3 sha256:932022888f650cc455b10eb5123bb08c0cccacac29a693e69314abbfd28a72c3
#3 DONE 0.0s

#4 importing cache manifest from gcr.io/fuzzbench/runners/afl/pcre2_pcre2-intermediate
#4 sha256:952f80cae82974082684a15e5189ddea5ae9aff68f326626e95acbfdae433fc9
#4 DONE 0.0s

#5 [1/1] FROM gcr.io/fuzzbench/base-image
#5 sha256:4d07825694520f8b6f6a0d8592dbd345433361ae044cb7f06706c5a95e3daaad
#5 CACHED

#6 exporting to image
#6 sha256:e8c613e07b0b7ff33893b694f7759a10d42e180f2b4dc349fb57dc6b71dcab00
#6 exporting layers done
#6 writing image sha256:f628be35cc855f974311f766983553d871b30d9c984bee14f7b4c66660cfb533 0.0s done
#6 naming to gcr.io/fuzzbench/runners/afl/pcre2_pcre2-intermediate done
#6 DONE 0.1s

#7 exporting cache
#7 sha256:2700d4ef94dee473593c5c614b55b2dedcca7893909811a8f2b48291a1f581e4
#7 preparing build cache for export done
#7 DONE 0.0s
#1 [internal] load build definition from Dockerfile
#1 sha256:8b7514a633f3be90b081d5d1e49de4184b3019a8644544c63c8a3527a22636d3
#1 transferring dockerfile: 3.17kB done
#1 DONE 0.0s

#2 [internal] load .dockerignore
#2 sha256:7a0e75966266e02a44631dd46e202ecde8ad7d4d106c9fd271f124681d921054
#2 transferring context: 34B done
#2 DONE 0.1s

#3 [internal] load metadata for gcr.io/fuzzbench/runners/afl/pcre2_pcre2-intermediate:latest
#3 sha256:c7c7e17e3e4bf93e55c582515d8ebfbcfda2988141eee605b5ee8bba02f663d9
#3 DONE 0.0s

#4 [internal] load metadata for gcr.io/fuzzbench/builders/afl/pcre2_pcre2:latest
#4 sha256:f50b6e10262ff1e9fb5a86e571843ab32b84ff1d9ab2cb8921180d7120b3e35f
#4 DONE 0.0s

#6 [stage-1  1/13] FROM gcr.io/fuzzbench/runners/afl/pcre2_pcre2-intermediate
#6 sha256:3110f02fbd524e5685eee3e8b129820c06da67b95fdeb02ff40291ae4ba9cafb
#6 DONE 0.0s

#5 importing cache manifest from gcr.io/fuzzbench/runners/afl/pcre2_pcre2
#5 sha256:8581670795c9670f1754ac95d26973731b71fafe67e8cca270c45cd118db1795
#5 DONE 0.0s

#10 [builder 1/1] FROM gcr.io/fuzzbench/builders/afl/pcre2_pcre2
#10 sha256:6a8ca57f90be4774551de4ff9109b4e333570280d9fcdcc5c1446e314987e9ce
#10 DONE 0.0s

#12 [internal] load build context
#12 sha256:4023fd2109f25d09606ac31dc85136e2d108c86d00b61cedfdb0abacf526192d
#12 transferring context: 17.56MB 0.6s done
#12 DONE 0.8s

#9 [stage-1  4/13] WORKDIR /out
#9 sha256:935c6723583715696f3408caadc5df11af96cc0d5691fdbf4f504c3c5310bf51
#9 CACHED

#17 [stage-1 10/13] COPY common /src/common
#17 sha256:e5e89a7507c8952a9b8d6ba9d8b961422689fea3813d0ddf6c6243f1bd518582
#17 CACHED

#19 [stage-1 12/13] COPY docker/benchmark-runner /src/docker/benchmark-runner
#19 sha256:f806101bfdc43cd7f350011b37b4e1468df4815f2dcd4fdff16dcc4f958e5391
#19 CACHED

#11 [stage-1  5/13] COPY --from=builder /out/ ./
#11 sha256:3b27b6ef4c955eca31dc9cdbfc716d7c80559536560b5d5b83498247aaaf3f71
#11 CACHED

#13 [stage-1  6/13] COPY benchmarks /src/benchmarks
#13 sha256:227ccc3d1f5be73f3cd032b6fc434cdbd18452d49704b5e5b78c02447e0fd367
#13 CACHED

#15 [stage-1  8/13] RUN touch __init__.py
#15 sha256:2d8b329d694229ab87e3346498b60e0435b0ab369e7854a372dd09c7f9df3cdd
#15 CACHED

#18 [stage-1 11/13] COPY experiment/runner.py /src/experiment/runner.py
#18 sha256:251e4d7137f903d1c2e9f41bce3a5d6377898f0f8ef4a691e6c9d9e177b90695
#18 CACHED

#8 [stage-1  3/13] RUN mkdir -p /out
#8 sha256:aff07859aa86e8c4e122f069da8cfe6f60ae6d14ce169fdfdcf3c34fbf1c105c
#8 CACHED

#14 [stage-1  7/13] COPY fuzzers /src/fuzzers
#14 sha256:94aa09e16d177dd281a16a8292f24b9586f7d5800cbd22ecd67dd069e92da9c1
#14 CACHED

#16 [stage-1  9/13] RUN mkdir -p /out/seeds /out/corpus
#16 sha256:e1cd4f71f98ea864237a7cf271dfb1f1bfd045cfbf7cb4102fc4b303bf0fc3be
#16 CACHED

#7 [stage-1  2/13] RUN apt-get update -y && apt-get install -y     libglib2.0-0     libxml2     libarchive13     libgss3
#7 sha256:fcf22cc885a6d198bd6ec6a7061f636a52a0e831d5a8f6982639fbec3f6589bd
#7 CACHED

#20 [stage-1 13/13] RUN chmod +x /src/docker/benchmark-runner/startup-runner.sh
#20 sha256:94d564f66b90cedb798e2f2879636edae282f72969f2068e204ffff32964e78f
#20 CACHED

#21 exporting to image
#21 sha256:e8c613e07b0b7ff33893b694f7759a10d42e180f2b4dc349fb57dc6b71dcab00
#21 exporting layers done
#21 writing image sha256:a472e817f55b96f4289069647eab7df6c3db3e690e4bb1bf9a2460e46fccb542 0.0s done
#21 naming to gcr.io/fuzzbench/runners/afl/pcre2_pcre2 done
#21 DONE 0.2s

#22 exporting cache
#22 sha256:2700d4ef94dee473593c5c614b55b2dedcca7893909811a8f2b48291a1f581e4
#22 preparing build cache for export done
#22 DONE 0.0s
INFO:root:Doing trial as part of experiment.
INFO:root:Starting trial.
ERROR:root:Fuzz target binary not found.
INFO:root:Doing final sync.
ERROR:root:Call to <function get_stats at 0x7f26ff001f70> failed. Extras: {'traceback': 'Traceback (most recent call last):\n  File "/src/experiment/runner.py", line 374, in record_stats\n    stats_json_str = fuzzer_module_get_stats(output_corpus,\n  File "/src/fuzzers/afl/fuzzer.py", line 51, in get_stats\n    with open(stats_file) as file_handle:\nFileNotFoundError: [Errno 2] No such file or directory: \'/out/corpus/fuzzer_stats\'\n'}
