WARNING:root:gcloud not found in PATH.
INFO:root:Successfully integrated benchmark: loki_loki.
INFO:root:Please run "make test-run-afl-loki_loki" to test integration.
#1 [internal] load build definition from Dockerfile
#1 sha256:1c20ed939f39c24bf22167cd013e4f9f4dbef395cc99638369e57a89ebf1b727
#1 transferring dockerfile: 821B done
#1 DONE 0.1s

#2 [internal] load .dockerignore
#2 sha256:5243f4088a94f204f66d1bc07f2ef60d68b63064b3b4a20a3221d41bd73e5ad9
#2 transferring context: 2B done
#2 DONE 0.1s

#3 [internal] load metadata for gcr.io/oss-fuzz-base/base-builder:latest
#3 sha256:f10dc39cc9d418a5bc416dead31a1902b6821fdae909cd3b08f7a3fd1faba7b5
#3 DONE 0.6s

#7 [internal] load build context
#7 sha256:524ff73d9b28c9aa17d0215d67a1d6f61c1fe10cfcacf27c565ee9abf8b39083
#7 DONE 0.0s

#5 [1/4] FROM gcr.io/oss-fuzz-base/base-builder@sha256:41d7bbe7827592680a606c9bba1aeb6e23c7502ce8b633923b06542f4c706e7c
#5 sha256:660db69324ed478291dd329cbbfe422dccbc173f9ab806c069fac341073eab8c
#5 DONE 0.0s

#4 importing cache manifest from gcr.io/fuzzbench/builders/benchmark/loki_loki
#4 sha256:dd413d589c54b2f566ac48e4c2ca052218d3974996cb92497f7d5202fbe3c287
#4 ERROR: gcr.io/fuzzbench/builders/benchmark/loki_loki:latest: not found

#5 [1/4] FROM gcr.io/oss-fuzz-base/base-builder@sha256:41d7bbe7827592680a606c9bba1aeb6e23c7502ce8b633923b06542f4c706e7c
#5 sha256:660db69324ed478291dd329cbbfe422dccbc173f9ab806c069fac341073eab8c
#5 CACHED

#7 [internal] load build context
#7 sha256:524ff73d9b28c9aa17d0215d67a1d6f61c1fe10cfcacf27c565ee9abf8b39083
#7 transferring context: 794B done
#7 DONE 0.3s

#6 [2/4] RUN go get github.com/grafana/loki/pkg/logql/...
#6 sha256:f2a96511cd649e080541c042efb1f9800c6fe86fead112f34af4714ac4a3d45f
#6 0.613 /bin/sh: 1: go: not found
#6 ERROR: executor failed running [/bin/sh -c go get github.com/grafana/loki/pkg/logql/...]: exit code: 127
------
 > importing cache manifest from gcr.io/fuzzbench/builders/benchmark/loki_loki:
------
------
 > [2/4] RUN go get github.com/grafana/loki/pkg/logql/...:
------
executor failed running [/bin/sh -c go get github.com/grafana/loki/pkg/logql/...]: exit code: 127
make: *** [docker/generated.mk:42813: .loki_loki-project-builder] Error 1
/bin/sh: 1: source: not found
#2 [internal] load .dockerignore
#2 sha256:9221f0d355af695fa738566e4d5b03380e7dd135168b147389eb52c789025976
#2 transferring context: 2B done
#2 DONE 0.2s

#1 [internal] load build definition from Dockerfile
#1 sha256:b9c4fd997c9dc39997a8b544ad8d2e0040eb10bdc6f6306cb5807ab559a36e73
#1 transferring dockerfile: 32B done
#1 DONE 0.2s

#3 [internal] load metadata for gcr.io/oss-fuzz-base/base-builder:latest
#3 sha256:f10dc39cc9d418a5bc416dead31a1902b6821fdae909cd3b08f7a3fd1faba7b5
#3 DONE 0.4s

#7 [internal] load build context
#7 sha256:741af6bfec9f0402560860664358e165d17894499664e35aec73c5c8302883cf
#7 DONE 0.0s

#5 [1/4] FROM gcr.io/oss-fuzz-base/base-builder@sha256:41d7bbe7827592680a606c9bba1aeb6e23c7502ce8b633923b06542f4c706e7c
#5 sha256:660db69324ed478291dd329cbbfe422dccbc173f9ab806c069fac341073eab8c
#5 DONE 0.0s

#4 importing cache manifest from gcr.io/fuzzbench/builders/benchmark/loki_loki
#4 sha256:dd413d589c54b2f566ac48e4c2ca052218d3974996cb92497f7d5202fbe3c287
#4 ERROR: gcr.io/fuzzbench/builders/benchmark/loki_loki:latest: not found

#5 [1/4] FROM gcr.io/oss-fuzz-base/base-builder@sha256:41d7bbe7827592680a606c9bba1aeb6e23c7502ce8b633923b06542f4c706e7c
#5 sha256:660db69324ed478291dd329cbbfe422dccbc173f9ab806c069fac341073eab8c
#5 CACHED

#7 [internal] load build context
#7 sha256:741af6bfec9f0402560860664358e165d17894499664e35aec73c5c8302883cf
#7 transferring context: 30B done
#7 DONE 0.1s

#6 [2/4] RUN go get github.com/grafana/loki/pkg/logql/...
#6 sha256:f2a96511cd649e080541c042efb1f9800c6fe86fead112f34af4714ac4a3d45f
#6 0.407 /bin/sh: 1: go: not found
#6 ERROR: executor failed running [/bin/sh -c go get github.com/grafana/loki/pkg/logql/...]: exit code: 127
------
 > importing cache manifest from gcr.io/fuzzbench/builders/benchmark/loki_loki:
------
------
 > [2/4] RUN go get github.com/grafana/loki/pkg/logql/...:
------
executor failed running [/bin/sh -c go get github.com/grafana/loki/pkg/logql/...]: exit code: 127
make: *** [docker/generated.mk:42813: .loki_loki-project-builder] Error 1
