WARNING:root:gcloud not found in PATH.
INFO:root:Successfully integrated benchmark: yara_yara.
INFO:root:Please run "make test-run-afl-yara_yara" to test integration.
#1 [internal] load build definition from Dockerfile
#1 sha256:e114b7562c2462a08fcc28d5b2b22c214bab1a7cb53e7b1fa61cde45af13c1a5
#1 transferring dockerfile: 942B done
#1 DONE 0.3s

#2 [internal] load .dockerignore
#2 sha256:e1962ca2ecd0d8390ebb1a80c28259527a9c88cf185ec31092572f6fa2311919
#2 transferring context: 2B done
#2 DONE 0.3s

#3 [internal] load metadata for gcr.io/oss-fuzz-base/base-builder:latest
#3 sha256:f10dc39cc9d418a5bc416dead31a1902b6821fdae909cd3b08f7a3fd1faba7b5
#3 DONE 0.4s

#8 [internal] load build context
#8 sha256:10d14e42967de9b4f4226fcf477fde92e72849ae3c0a133c76e87cb9cbce2ff8
#8 DONE 0.0s

#5 [1/5] FROM gcr.io/oss-fuzz-base/base-builder@sha256:f4e5ea12494fab091c5d830cf803b3421f2860f729b9d1b07da44924396cf8cf
#5 sha256:ef290950573a2779ee526af357b28fbddfc20d7409aa51f58f777c9e972cba29
#5 DONE 0.0s

#4 importing cache manifest from gcr.io/fuzzbench/builders/benchmark/yara_yara
#4 sha256:32e0034a5a2adda65251af997899d41934872c954b22d26965fd56eb7b7abcb7
#4 ERROR: gcr.io/fuzzbench/builders/benchmark/yara_yara:latest: not found

#5 [1/5] FROM gcr.io/oss-fuzz-base/base-builder@sha256:f4e5ea12494fab091c5d830cf803b3421f2860f729b9d1b07da44924396cf8cf
#5 sha256:ef290950573a2779ee526af357b28fbddfc20d7409aa51f58f777c9e972cba29
#5 CACHED

#8 [internal] load build context
#8 sha256:10d14e42967de9b4f4226fcf477fde92e72849ae3c0a133c76e87cb9cbce2ff8
#8 transferring context: 1.43kB done
#8 DONE 0.7s

#6 [2/5] RUN   apt-get update && apt-get install -y   automake   autoconf   make   libtool   pkg-config
#6 sha256:0f85f2f7d9d23da933cfeab0b2b919b74dd58b2b113863a1aa9ebcf0931030db
#6 1.213 Hit:1 http://ppa.launchpad.net/git-core/ppa/ubuntu focal InRelease
#6 1.213 Hit:2 http://archive.ubuntu.com/ubuntu focal InRelease
#6 1.219 Get:3 http://archive.ubuntu.com/ubuntu focal-updates InRelease [114 kB]
#6 1.307 Get:4 http://archive.ubuntu.com/ubuntu focal-backports InRelease [108 kB]
#6 1.331 Get:5 http://security.ubuntu.com/ubuntu focal-security InRelease [114 kB]
#6 1.764 Get:6 http://archive.ubuntu.com/ubuntu focal-updates/main i386 Packages [752 kB]
#6 1.861 Get:7 http://archive.ubuntu.com/ubuntu focal-updates/universe amd64 Packages [1134 kB]
#6 1.945 Get:8 http://archive.ubuntu.com/ubuntu focal-updates/main amd64 Packages [1973 kB]
#6 2.092 Get:9 http://archive.ubuntu.com/ubuntu focal-updates/universe i386 Packages [827 kB]
#6 2.149 Get:10 http://security.ubuntu.com/ubuntu focal-security/universe i386 Packages [657 kB]
#6 2.523 Get:11 http://security.ubuntu.com/ubuntu focal-security/main i386 Packages [464 kB]
#6 2.572 Get:12 http://security.ubuntu.com/ubuntu focal-security/universe amd64 Packages [840 kB]
#6 2.679 Get:13 http://security.ubuntu.com/ubuntu focal-security/main amd64 Packages [1546 kB]
#6 3.145 Fetched 8529 kB in 2s (4696 kB/s)
#6 3.145 Reading package lists...
#6 4.680 Reading package lists...
#6 6.098 Building dependency tree...
#6 6.311 Reading state information...
#6 6.519 make is already the newest version (4.2.1-1.2).
#6 6.519 make set to manually installed.
#6 6.519 The following additional packages will be installed:
#6 6.520   autotools-dev libltdl-dev libltdl7 libsigsegv2 m4
#6 6.522 Suggested packages:
#6 6.522   autoconf-archive gnu-standards autoconf-doc gettext libtool-doc gfortran
#6 6.522   | fortran95-compiler gcj-jdk m4-doc
#6 6.566 The following NEW packages will be installed:
#6 6.567   autoconf automake autotools-dev libltdl-dev libltdl7 libsigsegv2 libtool m4
#6 6.568   pkg-config
#6 6.643 0 upgraded, 9 newly installed, 0 to remove and 3 not upgraded.
#6 6.643 Need to get 1503 kB of archives.
#6 6.643 After this operation, 6845 kB of additional disk space will be used.
#6 6.643 Get:1 http://archive.ubuntu.com/ubuntu focal/main amd64 libsigsegv2 amd64 2.12-2 [13.9 kB]
#6 6.670 Get:2 http://archive.ubuntu.com/ubuntu focal/main amd64 m4 amd64 1.4.18-4 [199 kB]
#6 6.740 Get:3 http://archive.ubuntu.com/ubuntu focal/main amd64 autoconf all 2.69-11.1 [321 kB]
#6 6.772 Get:4 http://archive.ubuntu.com/ubuntu focal/main amd64 autotools-dev all 20180224.1 [39.6 kB]
#6 6.775 Get:5 http://archive.ubuntu.com/ubuntu focal/main amd64 automake all 1:1.16.1-4ubuntu6 [522 kB]
#6 6.817 Get:6 http://archive.ubuntu.com/ubuntu focal/main amd64 libltdl7 amd64 2.4.6-14 [38.5 kB]
#6 6.821 Get:7 http://archive.ubuntu.com/ubuntu focal/main amd64 libltdl-dev amd64 2.4.6-14 [162 kB]
#6 6.836 Get:8 http://archive.ubuntu.com/ubuntu focal/main amd64 libtool all 2.4.6-14 [161 kB]
#6 6.852 Get:9 http://archive.ubuntu.com/ubuntu focal/main amd64 pkg-config amd64 0.29.1-0ubuntu4 [45.5 kB]
#6 7.106 debconf: delaying package configuration, since apt-utils is not installed
#6 7.185 Fetched 1503 kB in 0s (5446 kB/s)
#6 7.304 Selecting previously unselected package libsigsegv2:amd64.
#6 7.304 (Reading database ... (Reading database ... 5%(Reading database ... 10%(Reading database ... 15%(Reading database ... 20%(Reading database ... 25%(Reading database ... 30%(Reading database ... 35%(Reading database ... 40%(Reading database ... 45%(Reading database ... 50%(Reading database ... 55%(Reading database ... 60%(Reading database ... 65%(Reading database ... 70%(Reading database ... 75%(Reading database ... 80%(Reading database ... 85%(Reading database ... 90%(Reading database ... 95%(Reading database ... 100%(Reading database ... 21291 files and directories currently installed.)
#6 7.325 Preparing to unpack .../0-libsigsegv2_2.12-2_amd64.deb ...
#6 7.385 Unpacking libsigsegv2:amd64 (2.12-2) ...
#6 7.506 Selecting previously unselected package m4.
#6 7.509 Preparing to unpack .../1-m4_1.4.18-4_amd64.deb ...
#6 7.537 Unpacking m4 (1.4.18-4) ...
#6 7.700 Selecting previously unselected package autoconf.
#6 7.704 Preparing to unpack .../2-autoconf_2.69-11.1_all.deb ...
#6 7.721 Unpacking autoconf (2.69-11.1) ...
#6 7.851 Selecting previously unselected package autotools-dev.
#6 7.854 Preparing to unpack .../3-autotools-dev_20180224.1_all.deb ...
#6 7.869 Unpacking autotools-dev (20180224.1) ...
#6 7.994 Selecting previously unselected package automake.
#6 7.997 Preparing to unpack .../4-automake_1%3a1.16.1-4ubuntu6_all.deb ...
#6 8.015 Unpacking automake (1:1.16.1-4ubuntu6) ...
#6 8.194 Selecting previously unselected package libltdl7:amd64.
#6 8.197 Preparing to unpack .../5-libltdl7_2.4.6-14_amd64.deb ...
#6 8.214 Unpacking libltdl7:amd64 (2.4.6-14) ...
#6 8.301 Selecting previously unselected package libltdl-dev:amd64.
#6 8.304 Preparing to unpack .../6-libltdl-dev_2.4.6-14_amd64.deb ...
#6 8.320 Unpacking libltdl-dev:amd64 (2.4.6-14) ...
#6 8.438 Selecting previously unselected package libtool.
#6 8.442 Preparing to unpack .../7-libtool_2.4.6-14_all.deb ...
#6 8.448 Unpacking libtool (2.4.6-14) ...
#6 8.566 Selecting previously unselected package pkg-config.
#6 8.569 Preparing to unpack .../8-pkg-config_0.29.1-0ubuntu4_amd64.deb ...
#6 8.581 Unpacking pkg-config (0.29.1-0ubuntu4) ...
#6 8.678 Setting up autotools-dev (20180224.1) ...
#6 8.733 Setting up libsigsegv2:amd64 (2.12-2) ...
#6 8.783 Setting up pkg-config (0.29.1-0ubuntu4) ...
#6 8.924 Setting up libltdl7:amd64 (2.4.6-14) ...
#6 8.966 Setting up libtool (2.4.6-14) ...
#6 9.021 Setting up m4 (1.4.18-4) ...
#6 9.071 Setting up autoconf (2.69-11.1) ...
#6 9.149 Setting up automake (1:1.16.1-4ubuntu6) ...
#6 9.200 update-alternatives: using /usr/bin/automake-1.16 to provide /usr/bin/automake (automake) in auto mode
#6 9.200 update-alternatives: warning: skip creation of /usr/share/man/man1/automake.1.gz because associated file /usr/share/man/man1/automake-1.16.1.gz (of link group automake) doesn't exist
#6 9.200 update-alternatives: warning: skip creation of /usr/share/man/man1/aclocal.1.gz because associated file /usr/share/man/man1/aclocal-1.16.1.gz (of link group automake) doesn't exist
#6 9.225 Setting up libltdl-dev:amd64 (2.4.6-14) ...
#6 9.285 Processing triggers for libc-bin (2.31-0ubuntu9.2) ...
#6 DONE 9.6s

#7 [3/5] RUN git clone --depth 1 https://github.com/VirusTotal/yara.git
#7 sha256:337af5665fe624492c04fc4c20553483df03f361ff59fc637ab0c8e663427450
#7 0.419 Cloning into 'yara'...
#7 DONE 1.9s

#9 [4/5] COPY build.sh /src/
#9 sha256:8111a52a01c57288098d20fe3d95f0185057b79c39071d3f567b342922c68872
#9 DONE 0.2s

#10 [5/5] WORKDIR yara
#10 sha256:33950de693c628ec42f0fd8805bc181012b41298089bdc3865320fff7781d8d6
#10 DONE 0.2s

#11 exporting to image
#11 sha256:e8c613e07b0b7ff33893b694f7759a10d42e180f2b4dc349fb57dc6b71dcab00
#11 exporting layers done
#11 writing image sha256:38877f239812395c93ba673c8a457e7db2fb069dcb11e6d4ed2e817a915a4735
#11 writing image sha256:38877f239812395c93ba673c8a457e7db2fb069dcb11e6d4ed2e817a915a4735 0.0s done
#11 naming to gcr.io/fuzzbench/builders/benchmark/yara_yara done
#11 DONE 0.2s

#12 exporting cache
#12 sha256:2700d4ef94dee473593c5c614b55b2dedcca7893909811a8f2b48291a1f581e4
#12 preparing build cache for export done
#12 DONE 0.0s
------
 > importing cache manifest from gcr.io/fuzzbench/builders/benchmark/yara_yara:
------
#1 [internal] load build definition from builder.Dockerfile
#1 sha256:b3336ddf0307370447a93e53e8638a64adec607e1faea80cbde8a73017ce7226
#1 transferring dockerfile: 46B done
#1 DONE 0.1s

#2 [internal] load .dockerignore
#2 sha256:d73f81f044fe4441d712d07f71a7dff533cb878bc807b276162811223ee1c961
#2 transferring context: 2B done
#2 DONE 0.1s

#3 [internal] load metadata for gcr.io/fuzzbench/builders/benchmark/yara_yara:latest
#3 sha256:34bd4adcc46552fc75b8144d67e4a66282011b1486484d9c5b30a5b77ce52fe6
#3 DONE 0.0s

#5 [1/3] FROM gcr.io/fuzzbench/builders/benchmark/yara_yara
#5 sha256:79ba9eafc1e4c4aea4f71c51dc068b58b89dfb26df89d2ee3a07f65e6fc05b4f
#5 DONE 0.0s

#4 importing cache manifest from gcr.io/fuzzbench/builders/afl/yara_yara-intermediate
#4 sha256:9fc3cd48949f595d6e981d4cc73ee65c8e4739387c412619a39be3ae8b22394c
#4 ERROR: gcr.io/fuzzbench/builders/afl/yara_yara-intermediate:latest: not found

#5 [1/3] FROM gcr.io/fuzzbench/builders/benchmark/yara_yara
#5 sha256:79ba9eafc1e4c4aea4f71c51dc068b58b89dfb26df89d2ee3a07f65e6fc05b4f
#5 DONE 0.7s

#6 [2/3] RUN git clone https://github.com/google/AFL.git /afl &&     cd /afl &&     git checkout 61037103ae3722c8060ff7082994836a794f978e &&     AFL_NO_X86=1 make
#6 sha256:111e0c1a0c401dc896b3d0676eaae5d010bc979ca62295dd910239bf5b79a90b
#6 0.417 Cloning into '/afl'...
#6 1.180 Note: switching to '61037103ae3722c8060ff7082994836a794f978e'.
#6 1.180 
#6 1.180 You are in 'detached HEAD' state. You can look around, make experimental
#6 1.180 changes and commit them, and you can discard any commits you make in this
#6 1.180 state without impacting any branches by switching back to a branch.
#6 1.180 
#6 1.180 If you want to create a new branch to retain commits you create, you may
#6 1.180 do so (now or later) by using -c with the switch command. Example:
#6 1.180 
#6 1.180   git switch -c <new-branch-name>
#6 1.180 
#6 1.180 Or undo this operation with:
#6 1.180 
#6 1.180   git switch -
#6 1.180 
#6 1.180 Turn off this advice by setting config variable advice.detachedHead to false
#6 1.180 
#6 1.180 HEAD is now at 6103710 Fix a typo filename comparison in the fuzzer (#139)
#6 1.198 [!] Note: skipping x86 compilation checks (AFL_NO_X86 set).
#6 1.198 clang -O1 -fno-omit-frame-pointer -gline-tables-only -DFUZZING_BUILD_MODE_UNSAFE_FOR_PRODUCTION -Wall -D_FORTIFY_SOURCE=2 -g -Wno-pointer-sign -DAFL_PATH=\"/usr/local/lib/afl\" -DDOC_PATH=\"/usr/local/share/doc/afl\" -DBIN_PATH=\"/usr/local/bin\" afl-gcc.c -o afl-gcc -ldl
#6 1.384 set -e; for i in afl-g++ afl-clang afl-clang++; do ln -sf afl-gcc $i; done
#6 1.389 clang -O1 -fno-omit-frame-pointer -gline-tables-only -DFUZZING_BUILD_MODE_UNSAFE_FOR_PRODUCTION -Wall -D_FORTIFY_SOURCE=2 -g -Wno-pointer-sign -DAFL_PATH=\"/usr/local/lib/afl\" -DDOC_PATH=\"/usr/local/share/doc/afl\" -DBIN_PATH=\"/usr/local/bin\" afl-fuzz.c -o afl-fuzz -ldl
#6 3.754 clang -O1 -fno-omit-frame-pointer -gline-tables-only -DFUZZING_BUILD_MODE_UNSAFE_FOR_PRODUCTION -Wall -D_FORTIFY_SOURCE=2 -g -Wno-pointer-sign -DAFL_PATH=\"/usr/local/lib/afl\" -DDOC_PATH=\"/usr/local/share/doc/afl\" -DBIN_PATH=\"/usr/local/bin\" afl-showmap.c -o afl-showmap -ldl
#6 4.068 clang -O1 -fno-omit-frame-pointer -gline-tables-only -DFUZZING_BUILD_MODE_UNSAFE_FOR_PRODUCTION -Wall -D_FORTIFY_SOURCE=2 -g -Wno-pointer-sign -DAFL_PATH=\"/usr/local/lib/afl\" -DDOC_PATH=\"/usr/local/share/doc/afl\" -DBIN_PATH=\"/usr/local/bin\" afl-tmin.c -o afl-tmin -ldl
#6 4.493 clang -O1 -fno-omit-frame-pointer -gline-tables-only -DFUZZING_BUILD_MODE_UNSAFE_FOR_PRODUCTION -Wall -D_FORTIFY_SOURCE=2 -g -Wno-pointer-sign -DAFL_PATH=\"/usr/local/lib/afl\" -DDOC_PATH=\"/usr/local/share/doc/afl\" -DBIN_PATH=\"/usr/local/bin\" afl-gotcpu.c -o afl-gotcpu -ldl
#6 4.638 clang -O1 -fno-omit-frame-pointer -gline-tables-only -DFUZZING_BUILD_MODE_UNSAFE_FOR_PRODUCTION -Wall -D_FORTIFY_SOURCE=2 -g -Wno-pointer-sign -DAFL_PATH=\"/usr/local/lib/afl\" -DDOC_PATH=\"/usr/local/share/doc/afl\" -DBIN_PATH=\"/usr/local/bin\" afl-analyze.c -o afl-analyze -ldl
#6 5.032 clang -O1 -fno-omit-frame-pointer -gline-tables-only -DFUZZING_BUILD_MODE_UNSAFE_FOR_PRODUCTION -Wall -D_FORTIFY_SOURCE=2 -g -Wno-pointer-sign -DAFL_PATH=\"/usr/local/lib/afl\" -DDOC_PATH=\"/usr/local/share/doc/afl\" -DBIN_PATH=\"/usr/local/bin\" afl-as.c -o afl-as -ldl
#6 5.268 ln -sf afl-as as
#6 5.270 [!] Note: skipping build tests (you may need to use LLVM or QEMU mode).
#6 5.273 [+] LLVM users: see llvm_mode/README.llvm for a faster alternative to afl-gcc.
#6 5.274 [+] All done! Be sure to review README - it's pretty short and useful.
#6 DONE 5.7s

#7 [3/3] RUN apt-get update &&     apt-get install wget -y &&     wget https://raw.githubusercontent.com/llvm/llvm-project/5feb80e748924606531ba28c97fe65145c65372e/compiler-rt/lib/fuzzer/afl/afl_driver.cpp -O /afl/afl_driver.cpp &&     clang -Wno-pointer-sign -c /afl/llvm_mode/afl-llvm-rt.o.c -I/afl &&     clang++ -stdlib=libc++ -std=c++11 -O2 -c /afl/afl_driver.cpp &&     ar r /libAFL.a *.o
#7 sha256:162b5ff375cc6e9c4391db236eea77fc2b5ac816739a70c73620bdd2768faa6c
#7 0.791 Hit:1 http://archive.ubuntu.com/ubuntu focal InRelease
#7 0.791 Hit:2 http://archive.ubuntu.com/ubuntu focal-updates InRelease
#7 0.791 Hit:3 http://archive.ubuntu.com/ubuntu focal-backports InRelease
#7 0.791 Hit:4 http://ppa.launchpad.net/git-core/ppa/ubuntu focal InRelease
#7 0.878 Hit:5 http://security.ubuntu.com/ubuntu focal-security InRelease
#7 1.812 Reading package lists...
#7 3.303 Reading package lists...
#7 4.711 Building dependency tree...
#7 4.923 Reading state information...
#7 5.168 wget is already the newest version (1.20.3-1ubuntu2).
#7 5.168 0 upgraded, 0 newly installed, 0 to remove and 3 not upgraded.
#7 5.179 --2022-02-15 21:03:51--  https://raw.githubusercontent.com/llvm/llvm-project/5feb80e748924606531ba28c97fe65145c65372e/compiler-rt/lib/fuzzer/afl/afl_driver.cpp
#7 5.182 Resolving raw.githubusercontent.com (raw.githubusercontent.com)... 185.199.111.133, 185.199.108.133, 185.199.109.133, ...
#7 5.194 Connecting to raw.githubusercontent.com (raw.githubusercontent.com)|185.199.111.133|:443... connected.
#7 5.219 HTTP request sent, awaiting response... 200 OK
#7 5.239 Length: 9177 (9.0K) [text/plain]
#7 5.239 Saving to: '/afl/afl_driver.cpp'
#7 5.239 
#7 5.239      0K ........                                              100% 6.82M=0.001s
#7 5.241 
#7 5.241 2022-02-15 21:03:52 (6.82 MB/s) - '/afl/afl_driver.cpp' saved [9177/9177]
#7 5.241 
#7 7.279 ar: creating /libAFL.a
#7 DONE 7.8s

#8 exporting to image
#8 sha256:e8c613e07b0b7ff33893b694f7759a10d42e180f2b4dc349fb57dc6b71dcab00
#8 exporting layers done
#8 writing image sha256:0364b82c52d5eb896618e5f6f5483319cd131d59e20e4701482bf8b1bd50935b 0.0s done
#8 naming to gcr.io/fuzzbench/builders/afl/yara_yara-intermediate done
#8 DONE 0.3s

#9 exporting cache
#9 sha256:2700d4ef94dee473593c5c614b55b2dedcca7893909811a8f2b48291a1f581e4
#9 preparing build cache for export done
#9 DONE 0.0s
------
 > importing cache manifest from gcr.io/fuzzbench/builders/afl/yara_yara-intermediate:
------
#1 [internal] load build definition from Dockerfile
#1 sha256:76b6dd6e506dbdaed528ddd45f5873a26d8d2b9475046856f8d180de132588bc
#1 transferring dockerfile: 2.00kB done
#1 DONE 0.0s

#2 [internal] load .dockerignore
#2 sha256:e9deae73f239446fe56ab307f4968a2d57682bb65241593934468cc6b3932896
#2 transferring context: 34B done
#2 DONE 0.1s

#3 [internal] load metadata for docker.io/library/ubuntu:xenial
#3 sha256:f62bae18ed588840f045c881b2502661f2a89578a2f8f99b83f5200ee83dd25b
#3 DONE 0.0s

#5 [1/7] FROM docker.io/library/ubuntu:xenial
#5 sha256:14dd403f25ae9e519bd44f27dc17af7ce80f5a4f9f48ca88108364e67ec5d360
#5 DONE 0.0s

#4 importing cache manifest from gcr.io/fuzzbench/base-image
#4 sha256:9b220ebb4d4daceed1b96df9b6dca076e762f1cd612574f010b82d5b9e5ad896
#4 DONE 0.0s

#8 [internal] load build context
#8 sha256:00a79b015108e8a1586a78628943fa716ab3a8b6b9dd6d35ed0a6116a32e1124
#8 transferring context: 559B 0.0s done
#8 DONE 0.1s

#7 [3/7] RUN cd /tmp/ &&     curl -O https://www.python.org/ftp/python/3.8.6/Python-3.8.6.tar.xz &&     tar -xvf Python-3.8.6.tar.xz &&     cd Python-3.8.6 &&     ./configure --enable-loadable-sqlite-extensions --enable-optimizations &&     make -j install &&     rm -r /tmp/Python-3.8.6.tar.xz /tmp/Python-3.8.6
#7 sha256:c5b9d1fb3371e84dbc60b76e7b2f8d5913bc93bcd4910ab65daa03e7b2ec4bb0
#7 CACHED

#10 [5/7] RUN pip3 install -r /requirements.txt
#10 sha256:83a58058cbe0816503e4814970932ee3d2ed789118daae30370213b65a362288
#10 CACHED

#11 [6/7] RUN apt-get update -y && apt-get install -y     apt-transport-https     lsb-release
#11 sha256:630863c8bee623daadd84b1d5387e13ad66fd10523d5069986b5a7223d4fdc42
#11 CACHED

#6 [2/7] RUN apt-get update -y && apt-get install -y     build-essential     rsync     curl     zlib1g-dev     libncurses5-dev     libgdbm-dev     libnss3-dev     libssl-dev     libreadline-dev     libffi-dev     virtualenv     libbz2-dev     liblzma-dev     libsqlite3-dev
#6 sha256:3a1b0960f17eed529eaae93dc8fd3554f2743dd584d8fa569cdbe6bc734371ac
#6 CACHED

#9 [4/7] COPY ./requirements.txt /
#9 sha256:5093675e6c6167c29e8a224dbde530c667c7e09d5d836f2493157a48451e808b
#9 CACHED

#12 [7/7] RUN CLOUD_SDK_REPO="cloud-sdk-$(lsb_release -c -s)" &&     echo "deb https://packages.cloud.google.com/apt $CLOUD_SDK_REPO main"     | tee -a /etc/apt/sources.list.d/google-cloud-sdk.list &&     curl https://packages.cloud.google.com/apt/doc/apt-key.gpg     | apt-key add - &&     apt-get update -y &&     apt-get install -y google-cloud-sdk
#12 sha256:a84c1af33b93813afff065c598a8cbf654853aaf1fa5a89e5061253c0b005a2b
#12 CACHED

#13 exporting to image
#13 sha256:e8c613e07b0b7ff33893b694f7759a10d42e180f2b4dc349fb57dc6b71dcab00
#13 exporting layers done
#13 writing image sha256:139540fb22a119f888cb3e5ed6e013e8d868574697f5fb839e5da9e23de73e0a
#13 writing image sha256:139540fb22a119f888cb3e5ed6e013e8d868574697f5fb839e5da9e23de73e0a done
#13 naming to gcr.io/fuzzbench/base-image done
#13 DONE 0.1s

#14 exporting cache
#14 sha256:2700d4ef94dee473593c5c614b55b2dedcca7893909811a8f2b48291a1f581e4
#14 preparing build cache for export done
#14 DONE 0.0s
#1 [internal] load build definition from Dockerfile
#1 sha256:7f96b83c89149bafb94535d6abcb9d376658d314c6e595573c990a42a22e93a3
#1 transferring dockerfile: 2.22kB done
#1 DONE 0.0s

#2 [internal] load .dockerignore
#2 sha256:da0121b5bc5eb5ca007ad9ba15d527929631b165953fe2fa3a127947c4e4cd67
#2 transferring context: 34B done
#2 DONE 0.0s

#3 [internal] load metadata for gcr.io/fuzzbench/base-image:latest
#3 sha256:932022888f650cc455b10eb5123bb08c0cccacac29a693e69314abbfd28a72c3
#3 DONE 0.0s

#4 [internal] load metadata for gcr.io/fuzzbench/builders/afl/yara_yara-intermediate:latest
#4 sha256:89b1ce4c804f3a3cfddc5b113ced0e3f497542c4df793e1d48444aa082e7efeb
#4 DONE 0.0s

#12 [internal] load build context
#12 sha256:1978632e350cde7fb7b96a73ecf64d30e29cf87e88cc0cabfb8c4c631aa9c262
#12 DONE 0.0s

#7 [base-image 1/1] FROM gcr.io/fuzzbench/base-image
#7 sha256:4d07825694520f8b6f6a0d8592dbd345433361ae044cb7f06706c5a95e3daaad
#7 DONE 0.0s

#6 [stage-1  1/13] FROM gcr.io/fuzzbench/builders/afl/yara_yara-intermediate
#6 sha256:b1790001f71c23a6ea76fe91cee1608441c6ea324099aea1d302e67cf0c878e1
#6 DONE 0.0s

#5 importing cache manifest from gcr.io/fuzzbench/builders/afl/yara_yara
#5 sha256:b5c03bcf769f5c9a001eb7bd5ce7128ec32935770891ed37037ae82194436133
#5 ERROR: gcr.io/fuzzbench/builders/afl/yara_yara:latest: not found

#7 [base-image 1/1] FROM gcr.io/fuzzbench/base-image
#7 sha256:4d07825694520f8b6f6a0d8592dbd345433361ae044cb7f06706c5a95e3daaad
#7 CACHED

#12 [internal] load build context
#12 sha256:1978632e350cde7fb7b96a73ecf64d30e29cf87e88cc0cabfb8c4c631aa9c262
#12 transferring context: 669.85kB 0.1s done
#12 DONE 0.2s

#6 [stage-1  1/13] FROM gcr.io/fuzzbench/builders/afl/yara_yara-intermediate
#6 sha256:b1790001f71c23a6ea76fe91cee1608441c6ea324099aea1d302e67cf0c878e1
#6 DONE 0.7s

#8 [stage-1  2/13] COPY --from=base-image /usr/local/bin/python3* /usr/local/bin/
#8 sha256:0b7176789a4ed40a1879e537eae7ab1bdd446c9d7af6bc1bcad969970f95633c
#8 DONE 0.5s

#9 [stage-1  3/13] COPY --from=base-image /usr/local/lib/python3.8 /usr/local/lib/python3.8
#9 sha256:9b43cc9e7bb2cb31000d986ccfb8ef3e70b8a56abd290f92fb52d676ae6af7f5
#9 DONE 13.7s

#10 [stage-1  4/13] COPY --from=base-image /usr/local/include/python3.8 /usr/local/include/python3.8
#10 sha256:7237fe633bafb62fc6d716a05926701b69862ba8360efdccad39dd40eb01fb12
#10 DONE 0.1s

#11 [stage-1  5/13] COPY --from=base-image /usr/local/lib/python3.8/site-packages /usr/local/lib/python3.8/site-packages
#11 sha256:5164dd615e8c4454170466a5ecc1d987a3eded3d37acf0b1d60c3b4f96064a00
#11 DONE 20.7s

#13 [stage-1  6/13] COPY fuzzers /src/fuzzers
#13 sha256:ed232351d3a0c01c411dc7b6000327e24ff886d0e6c1ed3abbaf81ee6de2ee35
#13 DONE 0.2s

#14 [stage-1  7/13] RUN touch /src/__init__.py
#14 sha256:7999ea048b5f96d17297a50cfdf8af4ba52f5b703598d4c78efa8524c00eab85
#14 DONE 2.5s

#15 [stage-1  8/13] COPY benchmarks/yara_yara/benchmark.yaml /
#15 sha256:bd70a966a85673803d06cdafcb7484b15f3db90dec40785b8d457b9cca8f9f4a
#15 DONE 0.3s

#16 [stage-1  9/13] RUN mkdir /opt/fuzzbench/
#16 sha256:31a3b9f83be42b5dd69676f69a654d78292a32e9f4fb43866d0ec2ffb9595f8e
#16 DONE 0.6s

#17 [stage-1 10/13] COPY docker/benchmark-builder/checkout_commit.py /opt/fuzzbench/
#17 sha256:d33be6f5cfad7e04c1efb07c5c28fc239e58a5d6488ecf165ffa6a66cc4651ce
#17 DONE 0.2s

#18 [stage-1 11/13] RUN export CHECKOUT_COMMIT=$(cat /benchmark.yaml | tr -d ' ' | grep 'commit:' | cut -d ':' -f2) &&     python3 -u /opt/fuzzbench/checkout_commit.py $CHECKOUT_COMMIT /src
#18 sha256:0d5f6ee4eb0e3aff457c8c736316e647945cbe4e1050b71e3a85d8b61676968d
#18 0.491 Checking out commit 84faf557
#18 6.040 From https://github.com/VirusTotal/yara
#18 6.040  * [new tag]           v2.0.0      -> v2.0.0
#18 6.041  * [new tag]           v2.1.0      -> v2.1.0
#18 6.041  * [new tag]           v3.0.0      -> v3.0.0
#18 6.041  * [new tag]           v3.1.0      -> v3.1.0
#18 6.041  * [new tag]           v3.10.0     -> v3.10.0
#18 6.042  * [new tag]           v3.10.0-rc1 -> v3.10.0-rc1
#18 6.042  * [new tag]           v3.11.0     -> v3.11.0
#18 6.042  * [new tag]           v3.2.0      -> v3.2.0
#18 6.042  * [new tag]           v3.3.0      -> v3.3.0
#18 6.042  * [new tag]           v3.4.0      -> v3.4.0
#18 6.043  * [new tag]           v3.6.0      -> v3.6.0
#18 6.043  * [new tag]           v3.7.0      -> v3.7.0
#18 6.043  * [new tag]           v3.8.0      -> v3.8.0
#18 6.043  * [new tag]           v3.8.1      -> v3.8.1
#18 6.044  * [new tag]           v3.9.0      -> v3.9.0
#18 6.044  * [new tag]           v4.0.0      -> v4.0.0
#18 6.044  * [new tag]           v4.0.0-rc1  -> v4.0.0-rc1
#18 6.044  * [new tag]           v4.0.0-rc2  -> v4.0.0-rc2
#18 6.045  * [new tag]           v4.0.0-rc3  -> v4.0.0-rc3
#18 6.045  * [new tag]           v4.0.1      -> v4.0.1
#18 6.045  * [new tag]           v4.0.2      -> v4.0.2
#18 6.045  * [new tag]           v4.1.0      -> v4.1.0
#18 6.046  * [new tag]           v4.1.0-rc1  -> v4.1.0-rc1
#18 6.046  * [new tag]           v4.1.0-rc2  -> v4.1.0-rc2
#18 6.046  * [new tag]           v4.2.0-rc1  -> v4.2.0-rc1
#18 6.053 error: pathspec '84faf557' did not match any file(s) known to git
#18 6.058 error: pathspec '84faf557' did not match any file(s) known to git
#18 6.064 error: pathspec '84faf557' did not match any file(s) known to git
#18 6.098 error: pathspec '84faf557' did not match any file(s) known to git
#18 6.116 error: pathspec '84faf557' did not match any file(s) known to git
#18 6.121 error: pathspec '84faf557' did not match any file(s) known to git
#18 6.159 Checkout unsuccessful.
#18 DONE 6.6s

#19 [stage-1 12/13] RUN echo "#!/bin/bash\nPYTHONPATH=/src python3 -u -c "from fuzzers import utils; utils.initialize_env(); from fuzzers.afl import fuzzer; fuzzer.build()"" > /usr/bin/fuzzer_build &&     chmod +x /usr/bin/fuzzer_build
#19 sha256:d8e2f049abe4edd5ff2f335914f4ee474101a8266b7416e526d3843ab9b3a12e
#19 DONE 0.8s

#20 [stage-1 13/13] RUN echo "Run fuzzer_build to build the target" && if [ -z "$debug_builder" ] ; then fuzzer_build; fi
#20 sha256:90579d36fb8ad3e14e918b8993821d33e5be15a340735e88a349cacbc59e18bf
#20 0.623 Run fuzzer_build to build the target
#20 0.748 FUZZ_TARGET = yara
#20 0.748 CFLAGS = -DFUZZING_BUILD_MODE_UNSAFE_FOR_PRODUCTION -pthread -Wl,--no-as-needed -Wl,-ldl -Wl,-lm -Wno-unused-command-line-argument -O3
#20 0.748 CXXFLAGS = -DFUZZING_BUILD_MODE_UNSAFE_FOR_PRODUCTION -pthread -Wl,--no-as-needed -Wl,-ldl -Wl,-lm -Wno-unused-command-line-argument -stdlib=libc++ -O3
#20 0.767 Building benchmark yara_yara with fuzzer afl
#20 0.771 + ./bootstrap.sh
#20 5.262 libtoolize: putting auxiliary files in AC_CONFIG_AUX_DIR, 'build-aux'.
#20 5.262 libtoolize: copying file 'build-aux/ltmain.sh'
#20 5.305 libtoolize: putting macros in AC_CONFIG_MACRO_DIRS, 'm4'.
#20 5.305 libtoolize: copying file 'm4/libtool.m4'
#20 5.345 libtoolize: copying file 'm4/ltoptions.m4'
#20 5.389 libtoolize: copying file 'm4/ltsugar.m4'
#20 5.433 libtoolize: copying file 'm4/ltversion.m4'
#20 5.477 libtoolize: copying file 'm4/lt~obsolete.m4'
#20 9.350 configure.ac:20: installing 'build-aux/ar-lib'
#20 9.354 configure.ac:20: installing 'build-aux/compile'
#20 9.357 configure.ac:38: installing 'build-aux/config.guess'
#20 9.361 configure.ac:38: installing 'build-aux/config.sub'
#20 9.365 configure.ac:8: installing 'build-aux/install-sh'
#20 9.369 configure.ac:8: installing 'build-aux/missing'
#20 9.446 Makefile.am: installing 'build-aux/depcomp'
#20 9.492 parallel-tests: installing 'build-aux/test-driver'
#20 9.606 configure.ac: installing 'build-aux/ylwrap'
#20 9.670 + ./configure --enable-macho --enable-debug --enable-dex --enable-dotnet --without-crypto
#20 9.921 checking whether make supports nested variables... yes
#20 9.943 checking for a BSD-compatible install... /usr/bin/install -c
#20 9.960 checking whether build environment is sane... yes
#20 9.976 checking for a thread-safe mkdir -p... /usr/bin/mkdir -p
#20 9.980 checking for gawk... no
#20 9.981 checking for mawk... mawk
#20 9.982 checking whether make sets $(MAKE)... yes
#20 10.01 checking whether make supports the include directive... yes (GNU style)
#20 10.02 checking for gcc... clang
#20 10.13 checking whether the C compiler works... yes
#20 10.26 checking for C compiler default output file name... a.out
#20 10.26 checking for suffix of executables... 
#20 10.39 checking whether we are cross compiling... no
#20 10.52 checking for suffix of object files... o
#20 10.55 checking whether we are using the GNU C compiler... yes
#20 10.58 checking whether clang accepts -g... yes
#20 10.60 checking for clang option to accept ISO C89... none needed
#20 10.65 checking whether clang understands -c and -o together... yes
#20 10.69 checking dependency style of clang... gcc3
#20 10.74 checking for ar... ar
#20 10.75 checking the archiver (ar) interface... ar
#20 10.78 checking for gcc... (cached) clang
#20 10.85 checking whether we are using the GNU C compiler... (cached) yes
#20 10.85 checking whether clang accepts -g... (cached) yes
#20 10.85 checking for clang option to accept ISO C89... (cached) none needed
#20 10.85 checking whether clang understands -c and -o together... (cached) yes
#20 10.85 checking dependency style of clang... (cached) gcc3
#20 10.85 checking for clang option to accept ISO C99... none needed
#20 10.92 checking for flex... no
#20 10.92 checking for lex... no
#20 10.92 checking for bison... no
#20 10.92 checking for byacc... no
#20 10.92 checking for inline... inline
#20 10.95 checking how to run the C preprocessor... clang -E
#20 11.04 checking for grep that handles long lines and -e... /usr/bin/grep
#20 11.05 checking for egrep... /usr/bin/grep -E
#20 11.05 checking for ANSI C header files... yes
#20 11.29 checking for sys/types.h... yes
#20 11.34 checking for sys/stat.h... yes
#20 11.40 checking for stdlib.h... yes
#20 11.46 checking for string.h... yes
#20 11.52 checking for memory.h... yes
#20 11.57 checking for strings.h... yes
#20 11.63 checking for inttypes.h... yes
#20 11.69 checking for stdint.h... yes
#20 11.75 checking for unistd.h... yes
#20 11.81 checking whether byte ordering is bigendian... no
#20 11.93 checking for special C compiler options needed for large files... no
#20 11.93 checking for _FILE_OFFSET_BITS value needed for large files... no
#20 11.98 checking build system type... x86_64-pc-linux-gnu
#20 12.08 checking host system type... x86_64-pc-linux-gnu
#20 12.08 checking how to print strings... printf
#20 12.14 checking for a sed that does not truncate output... /usr/bin/sed
#20 12.15 checking for fgrep... /usr/bin/grep -F
#20 12.15 checking for ld used by clang... /usr/bin/ld
#20 12.17 checking if the linker (/usr/bin/ld) is GNU ld... yes
#20 12.18 checking for BSD- or MS-compatible name lister (nm)... /usr/bin/nm -B
#20 12.19 checking the name lister (/usr/bin/nm -B) interface... BSD nm
#20 12.22 checking whether ln -s works... yes
#20 12.22 checking the maximum length of command line arguments... 1572864
#20 12.24 checking how to convert x86_64-pc-linux-gnu file names to x86_64-pc-linux-gnu format... func_convert_file_noop
#20 12.24 checking how to convert x86_64-pc-linux-gnu file names to toolchain format... func_convert_file_noop
#20 12.24 checking for /usr/bin/ld option to reload object files... -r
#20 12.24 checking for objdump... objdump
#20 12.24 checking how to recognize dependent libraries... pass_all
#20 12.24 checking for dlltool... no
#20 12.24 checking how to associate runtime and link libraries... printf %s\n
#20 12.25 checking for archiver @FILE support... @
#20 12.29 checking for strip... strip
#20 12.29 checking for ranlib... ranlib
#20 12.29 checking command to parse /usr/bin/nm -B output from clang object... ok
#20 12.48 checking for sysroot... no
#20 12.48 checking for a working dd... /usr/bin/dd
#20 12.49 checking how to truncate binary pipes... /usr/bin/dd bs=4096 count=1
#20 12.52 checking for mt... no
#20 12.53 checking if : is a manifest tool... no
#20 12.54 checking for dlfcn.h... yes
#20 12.60 checking for objdir... .libs
#20 12.76 checking if clang supports -fno-rtti -fno-exceptions... yes
#20 12.80 checking for clang option to produce PIC... -fPIC -DPIC
#20 12.80 checking if clang PIC flag -fPIC -DPIC works... yes
#20 12.83 checking if clang static flag -static works... yes
#20 13.00 checking if clang supports -c -o file.o... yes
#20 13.06 checking if clang supports -c -o file.o... (cached) yes
#20 13.06 checking whether the clang linker (/usr/bin/ld -m elf_x86_64) supports shared libraries... yes
#20 13.08 checking whether -lc should be explicitly linked in... no
#20 13.14 checking dynamic linker characteristics... GNU/Linux ld.so
#20 13.31 checking how to hardcode library paths into programs... immediate
#20 13.31 checking whether stripping libraries is possible... yes
#20 13.34 checking if libtool supports shared libraries... yes
#20 13.34 checking whether to build shared libraries... yes
#20 13.34 checking whether to build static libraries... yes
#20 13.34 checking for the pthreads library -lpthreads... no
#20 13.43 checking whether pthreads work without any flags... yes
#20 13.58 checking for joinable pthread attribute... PTHREAD_CREATE_JOINABLE
#20 13.71 checking if more special flags are required for pthreads... no
#20 13.72 checking whether to check for GCC pthread/shared inconsistencies... no
#20 13.80 checking for isnan in -lm... yes
#20 13.92 checking for log2 in -lm... yes
#20 14.06 checking for strlcpy... no
#20 14.21 checking for strlcat... no
#20 14.35 checking for memmem... yes
#20 14.49 checking for timegm... yes
#20 14.63 checking for _mkgmtime... no
#20 14.78 checking for clock_gettime... yes
#20 14.91 checking stdbool.h usability... yes
#20 14.97 checking stdbool.h presence... yes
#20 14.99 checking for stdbool.h... yes
#20 14.99 checking for pkg-config... /usr/bin/pkg-config
#20 15.00 checking pkg-config is at least version 0.9.0... yes
#20 15.00 configure: WARNING:
#20 15.00 *****************************************************************
#20 15.00   The dotnet module is enabled by default now. No need to specify
#20 15.00   --enable-dotnet. To disable this module please use
#20 15.00   --disable-dotnet.
#20 15.00 *****************************************************************
#20 15.00 
#20 15.01 configure: WARNING:
#20 15.01 
#20 15.01 *****************************************************************
#20 15.01   Could not find OpenSSL library. Some features in "pe" module
#20 15.01   have been disabled. If you want to enable all features please
#20 15.01   install OpenSSL and run this script again.
#20 15.01 *****************************************************************
#20 15.01 
#20 15.01 checking for Microsoft Crypto API... checking for wincrypt.h... no
#20 15.04 checking for MacOSX Common Crypto API... checking CommonCrypto/CommonCrypto.h usability... no
#20 15.10 checking CommonCrypto/CommonCrypto.h presence... no
#20 15.13 checking for CommonCrypto/CommonCrypto.h... no
#20 15.13 configure: WARNING:
#20 15.13 
#20 15.13 *****************************************************************
#20 15.13   Could not find alternative APIs for hash functions. The "hash"
#20 15.13   module has been disabled.
#20 15.13 *****************************************************************
#20 15.13             
#20 15.18 checking that generated files are newer than configure... done
#20 15.18 configure: creating ./config.status
#20 15.96 config.status: creating Makefile
#20 15.99 config.status: creating libyara/Makefile
#20 16.02 config.status: creating libyara/yara.pc
#20 16.05 config.status: executing depfiles commands
#20 16.59 config.status: executing libtool commands
#20 16.68 + make clean
#20 16.69 Making clean in libyara
#20 16.70 make[1]: Entering directory '/src/yara/libyara'
#20 16.70 test -z "libyara.la" || rm -f libyara.la
#20 16.71 rm -f ./so_locations
#20 16.71 rm -rf .libs _libs
#20 16.71 rm -rf modules/console/.libs modules/console/_libs
#20 16.71 rm -rf modules/cuckoo/.libs modules/cuckoo/_libs
#20 16.72 rm -rf modules/dex/.libs modules/dex/_libs
#20 16.72 rm -rf modules/dotnet/.libs modules/dotnet/_libs
#20 16.72 rm -rf modules/elf/.libs modules/elf/_libs
#20 16.73 rm -rf modules/hash/.libs modules/hash/_libs
#20 16.73 rm -rf modules/macho/.libs modules/macho/_libs
#20 16.73 rm -rf modules/magic/.libs modules/magic/_libs
#20 16.74 rm -rf modules/math/.libs modules/math/_libs
#20 16.74 rm -rf modules/pb_tests/.libs modules/pb_tests/_libs
#20 16.74 rm -rf modules/pe/.libs modules/pe/_libs
#20 16.74 rm -rf modules/tests/.libs modules/tests/_libs
#20 16.75 rm -rf modules/time/.libs modules/time/_libs
#20 16.75 rm -rf proc/.libs proc/_libs
#20 16.75 rm -f *.o
#20 16.76 rm -f modules/console/*.o
#20 16.76 rm -f modules/console/*.lo
#20 16.76 rm -f modules/cuckoo/*.o
#20 16.77 rm -f modules/cuckoo/*.lo
#20 16.77 rm -f modules/dex/*.o
#20 16.77 rm -f modules/dex/*.lo
#20 16.77 rm -f modules/dotnet/*.o
#20 16.78 rm -f modules/dotnet/*.lo
#20 16.78 rm -f modules/elf/*.o
#20 16.78 rm -f modules/elf/*.lo
#20 16.78 rm -f modules/hash/*.o
#20 16.79 rm -f modules/hash/*.lo
#20 16.79 rm -f modules/macho/*.o
#20 16.79 rm -f modules/macho/*.lo
#20 16.80 rm -f modules/magic/*.o
#20 16.80 rm -f modules/magic/*.lo
#20 16.80 rm -f modules/math/*.o
#20 16.81 rm -f modules/math/*.lo
#20 16.81 rm -f modules/pb_tests/*.o
#20 16.81 rm -f modules/pb_tests/*.lo
#20 16.81 rm -f modules/pe/*.o
#20 16.82 rm -f modules/pe/*.lo
#20 16.82 rm -f modules/tests/*.o
#20 16.82 rm -f modules/tests/*.lo
#20 16.83 rm -f modules/time/*.o
#20 16.83 rm -f modules/time/*.lo
#20 16.83 rm -f proc/*.o
#20 16.83 rm -f proc/*.lo
#20 16.84 test -z "" || rm -f 
#20 16.84 rm -f *.lo
#20 16.84 make[1]: Leaving directory '/src/yara/libyara'
#20 16.85 make[1]: Entering directory '/src/yara'
#20 16.85  rm -f yara yarac
#20 16.85  rm -f test-arena test-alignment test-atoms test-api test-rules test-pe test-elf test-version test-bitmask test-math test-stack test-re-split test-async test-exception test-macho test-dex test-dotnet
#20 16.85 test -z "tests/mapper" || rm -f tests/mapper
#20 16.86 rm -rf .libs _libs
#20 16.86 rm -rf tests/.libs tests/_libs
#20 16.86 rm -f *.o
#20 16.87 rm -f cli/*.o
#20 16.87 rm -f tests/*.o
#20 16.87 test -z "" || rm -f 
#20 16.88 test -z "test-arena.log test-alignment.log test-atoms.log test-api.log test-rules.log test-pe.log test-elf.log test-version.log test-bitmask.log test-math.log test-stack.log test-re-split.log test-async.log test-exception.log test-macho.log test-dex.log test-dotnet.log" || rm -f test-arena.log test-alignment.log test-atoms.log test-api.log test-rules.log test-pe.log test-elf.log test-version.log test-bitmask.log test-math.log test-stack.log test-re-split.log test-async.log test-exception.log test-macho.log test-dex.log test-dotnet.log
#20 16.88 test -z "test-arena.trs test-alignment.trs test-atoms.trs test-api.trs test-rules.trs test-pe.trs test-elf.trs test-version.trs test-bitmask.trs test-math.trs test-stack.trs test-re-split.trs test-async.trs test-exception.trs test-macho.trs test-dex.trs test-dotnet.trs" || rm -f test-arena.trs test-alignment.trs test-atoms.trs test-api.trs test-rules.trs test-pe.trs test-elf.trs test-version.trs test-bitmask.trs test-math.trs test-stack.trs test-re-split.trs test-async.trs test-exception.trs test-macho.trs test-dex.trs test-dotnet.trs
#20 16.88 test -z "test-suite.log" || rm -f test-suite.log
#20 16.89 rm -f *.lo
#20 16.89 make[1]: Leaving directory '/src/yara'
#20 16.89 ++ nproc
#20 16.90 + make -j8 all
#20 16.91 Making all in libyara
#20 16.91 make[1]: Entering directory '/src/yara/libyara'
#20 16.91 make  all-am
#20 16.92 make[2]: Entering directory '/src/yara/libyara'
#20 16.93   CC       grammar.lo
#20 16.93   CC       ahocorasick.lo
#20 16.93   CC       arena.lo
#20 16.94   CC       atoms.lo
#20 16.94   CC       base64.lo
#20 16.94   CC       bitmask.lo
#20 16.94   CC       compiler.lo
#20 16.94   CC       endian.lo
#20 17.38   CC       exec.lo
#20 17.54   CC       exefiles.lo
#20 18.01   CC       filemap.lo
#20 18.16   CC       hash.lo
#20 18.24   CC       hex_grammar.lo
#20 18.25   CC       hex_lexer.lo
#20 18.52   CC       lexer.lo
#20 18.67   CC       libyara.lo
#20 19.23   CC       mem.lo
#20 19.47   CC       modules.lo
#20 19.50   CC       notebook.lo
#20 19.65   CC       object.lo
#20 19.82   CC       parser.lo
#20 20.12   CC       proc.lo
#20 20.29   CC       re.lo
#20 20.48   CC       re_grammar.lo
#20 20.77   CC       re_lexer.lo
#20 20.81   CC       rules.lo
#20 21.48   CC       scan.lo
#20 21.50   CC       scanner.lo
#20 21.68   CC       sizedstr.lo
#20 21.84   CC       stack.lo
#20 21.87   CC       stopwatch.lo
#20 22.42   CC       strutils.lo
#20 22.52   CC       stream.lo
#20 22.58   CC       threading.lo
#20 22.77   CC       modules/tests/tests.lo
#20 22.86   CC       modules/elf/elf.lo
#20 22.98   CC       modules/math/math.lo
#20 22.99   CC       modules/time/time.lo
#20 23.13   CC       modules/pe/pe.lo
#20 23.16   CC       modules/pe/pe_utils.lo
#20 23.16   CC       modules/console/console.lo
#20 23.24   CC       modules/dotnet/dotnet.lo
#20 23.80   CC       modules/macho/macho.lo
#20 24.00   CC       modules/dex/dex.lo
#20 24.23   CC       proc/linux.lo
#20 28.11   CCLD     libyara.la
#20 28.67 make[2]: Leaving directory '/src/yara/libyara'
#20 28.67 make[1]: Leaving directory '/src/yara/libyara'
#20 28.67 make[1]: Entering directory '/src/yara'
#20 28.68   CC       cli/args.o
#20 28.68   CC       cli/common.o
#20 28.68   CC       cli/threading.o
#20 28.68   CC       cli/yara.o
#20 28.68   CC       cli/yarac.o
#20 28.88   CCLD     yarac
#20 29.15   CCLD     yara
#20 29.42 make[1]: Leaving directory '/src/yara'
#20 29.42 + make install
#20 29.44 Making install in libyara
#20 29.46 make[1]: Entering directory '/src/yara/libyara'
#20 29.46 make  install-am
#20 29.51 make[2]: Entering directory '/src/yara/libyara'
#20 29.55 make[3]: Entering directory '/src/yara/libyara'
#20 29.55  /usr/bin/mkdir -p '/usr/local/lib'
#20 29.56  /bin/bash ../libtool   --mode=install /usr/bin/install -c   libyara.la '/usr/local/lib'
#20 29.60 libtool: install: /usr/bin/install -c .libs/libyara.so.9.0.1 /usr/local/lib/libyara.so.9.0.1
#20 29.60 libtool: install: (cd /usr/local/lib && { ln -s -f libyara.so.9.0.1 libyara.so.9 || { rm -f libyara.so.9 && ln -s libyara.so.9.0.1 libyara.so.9; }; })
#20 29.61 libtool: install: (cd /usr/local/lib && { ln -s -f libyara.so.9.0.1 libyara.so || { rm -f libyara.so && ln -s libyara.so.9.0.1 libyara.so; }; })
#20 29.61 libtool: install: /usr/bin/install -c .libs/libyara.lai /usr/local/lib/libyara.la
#20 29.61 libtool: install: /usr/bin/install -c .libs/libyara.a /usr/local/lib/libyara.a
#20 29.62 libtool: install: chmod 644 /usr/local/lib/libyara.a
#20 29.63 libtool: install: ranlib /usr/local/lib/libyara.a
#20 29.72 libtool: finish: PATH="/usr/local/sbin:/usr/local/bin:/usr/sbin:/usr/bin:/sbin:/bin:/out:/sbin" ldconfig -n /usr/local/lib
#20 29.73 ----------------------------------------------------------------------
#20 29.73 Libraries have been installed in:
#20 29.73    /usr/local/lib
#20 29.73 
#20 29.73 If you ever happen to want to link against installed libraries
#20 29.73 in a given directory, LIBDIR, you must either use libtool, and
#20 29.73 specify the full pathname of the library, or use the '-LLIBDIR'
#20 29.73 flag during linking and do at least one of the following:
#20 29.73    - add LIBDIR to the 'LD_LIBRARY_PATH' environment variable
#20 29.73      during execution
#20 29.73    - add LIBDIR to the 'LD_RUN_PATH' environment variable
#20 29.73      during linking
#20 29.73    - use the '-Wl,-rpath -Wl,LIBDIR' linker flag
#20 29.73    - have your system administrator add LIBDIR to '/etc/ld.so.conf'
#20 29.73 
#20 29.73 See any operating system documentation about shared libraries for
#20 29.73 more information, such as the ld(1) and ld.so(8) manual pages.
#20 29.73 ----------------------------------------------------------------------
#20 29.73  /usr/bin/mkdir -p '/usr/local/include'
#20 29.73  /usr/bin/install -c -m 644 include/yara.h '/usr/local/include'
#20 29.74  /usr/bin/mkdir -p '/usr/local/lib/pkgconfig'
#20 29.74  /usr/bin/install -c -m 644 yara.pc '/usr/local/lib/pkgconfig'
#20 29.75  /usr/bin/mkdir -p '/usr/local/include/yara'
#20 29.75  /usr/bin/install -c -m 644 include/yara/ahocorasick.h include/yara/arena.h include/yara/atoms.h include/yara/base64.h include/yara/bitmask.h include/yara/compiler.h include/yara/error.h include/yara/exec.h include/yara/exefiles.h include/yara/filemap.h include/yara/hash.h include/yara/integers.h include/yara/libyara.h include/yara/limits.h include/yara/mem.h include/yara/modules.h include/yara/notebook.h include/yara/object.h include/yara/parser.h include/yara/proc.h include/yara/re.h include/yara/rules.h include/yara/scan.h include/yara/scanner.h include/yara/sizedstr.h include/yara/stack.h include/yara/stopwatch.h include/yara/stream.h include/yara/strutils.h include/yara/threading.h include/yara/types.h include/yara/utils.h '/usr/local/include/yara'
#20 29.76 make[3]: Leaving directory '/src/yara/libyara'
#20 29.76 make[2]: Leaving directory '/src/yara/libyara'
#20 29.76 make[1]: Leaving directory '/src/yara/libyara'
#20 29.78 make[1]: Entering directory '/src/yara'
#20 29.80 make[2]: Entering directory '/src/yara'
#20 29.80  /usr/bin/mkdir -p '/usr/local/bin'
#20 29.80   /bin/bash ./libtool   --mode=install /usr/bin/install -c yara yarac '/usr/local/bin'
#20 29.86 libtool: install: /usr/bin/install -c .libs/yara /usr/local/bin/yara
#20 29.89 libtool: install: /usr/bin/install -c .libs/yarac /usr/local/bin/yarac
#20 29.89  /usr/bin/mkdir -p '/usr/local/share/man/man1'
#20 29.90  /usr/bin/install -c -m 644 'yara.man' '/usr/local/share/man/man1/yara.1'
#20 29.92  /usr/bin/install -c -m 644 'yarac.man' '/usr/local/share/man/man1/yarac.1'
#20 29.93 make[2]: Leaving directory '/src/yara'
#20 29.93 make[1]: Leaving directory '/src/yara'
#20 29.93 ++ find /src/yara/tests/oss-fuzz/ -name '*.cc'
#20 29.93 + fuzzers='/src/yara/tests/oss-fuzz/dex_fuzzer.cc
#20 29.93 /src/yara/tests/oss-fuzz/macho_fuzzer.cc
#20 29.93 /src/yara/tests/oss-fuzz/dotnet_fuzzer.cc
#20 29.93 /src/yara/tests/oss-fuzz/pe_fuzzer.cc
#20 29.93 /src/yara/tests/oss-fuzz/rules_fuzzer.cc
#20 29.93 /src/yara/tests/oss-fuzz/elf_fuzzer.cc'
#20 29.93 + for f in $fuzzers
#20 29.93 ++ basename -s .cc /src/yara/tests/oss-fuzz/dex_fuzzer.cc
#20 29.93 + fuzzer_name=dex_fuzzer
#20 29.93 + echo 'Building dex_fuzzer'
#20 29.93 Building dex_fuzzer
#20 29.93 + clang++ -DFUZZING_BUILD_MODE_UNSAFE_FOR_PRODUCTION -pthread -Wl,--no-as-needed -Wl,-ldl -Wl,-lm -Wno-unused-command-line-argument -stdlib=libc++ -O3 -fsanitize-coverage=trace-pc-guard -std=c++11 -I. /src/yara/tests/oss-fuzz/dex_fuzzer.cc -o /out/dex_fuzzer ./libyara/.libs/libyara.a /libAFL.a
#20 30.71 + '[' -d /src/yara/tests/oss-fuzz/dex_fuzzer_corpus ']'
#20 30.71 + zip -j /out/dex_fuzzer_seed_corpus.zip /src/yara/tests/oss-fuzz/dex_fuzzer_corpus/1cf540db2f048bb21bd89379a57279b9ff4c308558715a3baee666a47393d86e /src/yara/tests/oss-fuzz/dex_fuzzer_corpus/25ef27f9543444652f0c68fe412d3da627a1d2a590b0a2b30e47466c1e962136 /src/yara/tests/oss-fuzz/dex_fuzzer_corpus/27fb31059503773723597edb875c937af971a6c15f91aac8c03c1fbdfa9e918c /src/yara/tests/oss-fuzz/dex_fuzzer_corpus/3ba9c082050f62e725c87ce4cf9f592fe9f177faf3a0c879f8fbe87312ca4b2c /src/yara/tests/oss-fuzz/dex_fuzzer_corpus/b1203d95c56f02e7e6dbea714275cc05b47ac2510958b85f436571b801af44e7 /src/yara/tests/oss-fuzz/dex_fuzzer_corpus/b343d1058063e6e4b652ccf0589f93d0dbb6b092960e4aebc3c3c58894831359 /src/yara/tests/oss-fuzz/dex_fuzzer_corpus/crash.poc
#20 30.72   adding: 1cf540db2f048bb21bd89379a57279b9ff4c308558715a3baee666a47393d86e (deflated 51%)
#20 30.73   adding: 25ef27f9543444652f0c68fe412d3da627a1d2a590b0a2b30e47466c1e962136 (deflated 55%)
#20 30.73   adding: 27fb31059503773723597edb875c937af971a6c15f91aac8c03c1fbdfa9e918c (deflated 51%)
#20 30.73   adding: 3ba9c082050f62e725c87ce4cf9f592fe9f177faf3a0c879f8fbe87312ca4b2c (deflated 49%)
#20 30.73   adding: b1203d95c56f02e7e6dbea714275cc05b47ac2510958b85f436571b801af44e7 (deflated 75%)
#20 30.73   adding: b343d1058063e6e4b652ccf0589f93d0dbb6b092960e4aebc3c3c58894831359 (deflated 51%)
#20 30.74   adding: crash.poc (deflated 96%)
#20 30.74 + for f in $fuzzers
#20 30.74 ++ basename -s .cc /src/yara/tests/oss-fuzz/macho_fuzzer.cc
#20 30.74 + fuzzer_name=macho_fuzzer
#20 30.74 + echo 'Building macho_fuzzer'
#20 30.74 Building macho_fuzzer
#20 30.74 + clang++ -DFUZZING_BUILD_MODE_UNSAFE_FOR_PRODUCTION -pthread -Wl,--no-as-needed -Wl,-ldl -Wl,-lm -Wno-unused-command-line-argument -stdlib=libc++ -O3 -fsanitize-coverage=trace-pc-guard -std=c++11 -I. /src/yara/tests/oss-fuzz/macho_fuzzer.cc -o /out/macho_fuzzer ./libyara/.libs/libyara.a /libAFL.a
#20 31.29 + '[' -d /src/yara/tests/oss-fuzz/macho_fuzzer_corpus ']'
#20 31.29 + zip -j /out/macho_fuzzer_seed_corpus.zip /src/yara/tests/oss-fuzz/macho_fuzzer_corpus/1443c3cfb47c5eb41022a7063c24ab1bc9e45bfc31e98d5e6d3aa8377599b983 /src/yara/tests/oss-fuzz/macho_fuzzer_corpus/589f7b0e30d885ed91229646e58ccc7615007d2fab06451fef8785c6126adba7 /src/yara/tests/oss-fuzz/macho_fuzzer_corpus/5eefacbe52990526e4953802249447dd8c0a4b537459ca41e005a7173ca46138 /src/yara/tests/oss-fuzz/macho_fuzzer_corpus/6164a837fd33574f37464a765ab461fff94b52e659b114fb6109f2635678c564 /src/yara/tests/oss-fuzz/macho_fuzzer_corpus/66528aeb35dd705cc26a7daf4b8eda684f620efebfa0740fab84043e371ed566 /src/yara/tests/oss-fuzz/macho_fuzzer_corpus/678d89b32eecd7d01390aaaf3507935b27854f4f3a7055e3f6b1b0ccf0ca5072 /src/yara/tests/oss-fuzz/macho_fuzzer_corpus/6af5d157184d9144f86668f83e81760898df5db3c9e209596eb5fd9a91a7eeba /src/yara/tests/oss-fuzz/macho_fuzzer_corpus/797d1d450421b771482c0cc03f472e4eccbc9e4f544b6c12c1d4f070dec3c381 /src/yara/tests/oss-fuzz/macho_fuzzer_corpus/85494d8cb5753f1ad09be39428135feb35eb4ef44f39d6e1e75e2ad30d93e158 /src/yara/tests/oss-fuzz/macho_fuzzer_corpus/b225048e85b14f08a43dd4752b9bb4b20840f5a8726eac0ff765d45c9e619828 /src/yara/tests/oss-fuzz/macho_fuzzer_corpus/fda81421d7403180923717a94e77aade8c9286d5b8de3ae0e2812343b666c6a7
#20 31.29   adding: 1443c3cfb47c5eb41022a7063c24ab1bc9e45bfc31e98d5e6d3aa8377599b983 (deflated 59%)
#20 31.29   adding: 589f7b0e30d885ed91229646e58ccc7615007d2fab06451fef8785c6126adba7 (deflated 70%)
#20 31.29   adding: 5eefacbe52990526e4953802249447dd8c0a4b537459ca41e005a7173ca46138 (deflated 7%)
#20 31.29   adding: 6164a837fd33574f37464a765ab461fff94b52e659b114fb6109f2635678c564 (deflated 90%)
#20 31.29   adding: 66528aeb35dd705cc26a7daf4b8eda684f620efebfa0740fab84043e371ed566 (deflated 95%)
#20 31.30   adding: 678d89b32eecd7d01390aaaf3507935b27854f4f3a7055e3f6b1b0ccf0ca5072 (deflated 1%)
#20 31.30   adding: 6af5d157184d9144f86668f83e81760898df5db3c9e209596eb5fd9a91a7eeba (deflated 95%)
#20 31.30   adding: 797d1d450421b771482c0cc03f472e4eccbc9e4f544b6c12c1d4f070dec3c381 (deflated 74%)
#20 31.30   adding: 85494d8cb5753f1ad09be39428135feb35eb4ef44f39d6e1e75e2ad30d93e158 (deflated 10%)
#20 31.30   adding: b225048e85b14f08a43dd4752b9bb4b20840f5a8726eac0ff765d45c9e619828 (deflated 80%)
#20 31.30   adding: fda81421d7403180923717a94e77aade8c9286d5b8de3ae0e2812343b666c6a7 (deflated 83%)
#20 31.30 + for f in $fuzzers
#20 31.30 ++ basename -s .cc /src/yara/tests/oss-fuzz/dotnet_fuzzer.cc
#20 31.30 + fuzzer_name=dotnet_fuzzer
#20 31.30 + echo 'Building dotnet_fuzzer'
#20 31.30 Building dotnet_fuzzer
#20 31.30 + clang++ -DFUZZING_BUILD_MODE_UNSAFE_FOR_PRODUCTION -pthread -Wl,--no-as-needed -Wl,-ldl -Wl,-lm -Wno-unused-command-line-argument -stdlib=libc++ -O3 -fsanitize-coverage=trace-pc-guard -std=c++11 -I. /src/yara/tests/oss-fuzz/dotnet_fuzzer.cc -o /out/dotnet_fuzzer ./libyara/.libs/libyara.a /libAFL.a
#20 31.84 + '[' -d /src/yara/tests/oss-fuzz/dotnet_fuzzer_corpus ']'
#20 31.84 + zip -j /out/dotnet_fuzzer_seed_corpus.zip /src/yara/tests/oss-fuzz/dotnet_fuzzer_corpus/buggy_stream_names /src/yara/tests/oss-fuzz/dotnet_fuzzer_corpus/clusterfuzz-testcase-minimized-dotnet_fuzzer-5105966966636544 /src/yara/tests/oss-fuzz/dotnet_fuzzer_corpus/clusterfuzz-testcase-minimized-dotnet_fuzzer-5195285818507264 /src/yara/tests/oss-fuzz/dotnet_fuzzer_corpus/clusterfuzz-testcase-minimized-dotnet_fuzzer-5636481138556928 /src/yara/tests/oss-fuzz/dotnet_fuzzer_corpus/clusterfuzz-testcase-minimized-dotnet_fuzzer-5725060321509376 /src/yara/tests/oss-fuzz/dotnet_fuzzer_corpus/clusterfuzz-testcase-minimized-dotnet_fuzzer-5880393521430528 /src/yara/tests/oss-fuzz/dotnet_fuzzer_corpus/obfuscated
#20 31.84   adding: buggy_stream_names (deflated 6%)
#20 31.85   adding: clusterfuzz-testcase-minimized-dotnet_fuzzer-5105966966636544 (deflated 89%)
#20 31.85   adding: clusterfuzz-testcase-minimized-dotnet_fuzzer-5195285818507264 (deflated 67%)
#20 31.85   adding: clusterfuzz-testcase-minimized-dotnet_fuzzer-5636481138556928 (deflated 67%)
#20 31.85   adding: clusterfuzz-testcase-minimized-dotnet_fuzzer-5725060321509376 (deflated 91%)
#20 31.85   adding: clusterfuzz-testcase-minimized-dotnet_fuzzer-5880393521430528 (deflated 69%)
#20 31.85   adding: obfuscated (deflated 59%)
#20 31.85 + for f in $fuzzers
#20 31.85 ++ basename -s .cc /src/yara/tests/oss-fuzz/pe_fuzzer.cc
#20 31.85 + fuzzer_name=pe_fuzzer
#20 31.85 + echo 'Building pe_fuzzer'
#20 31.85 Building pe_fuzzer
#20 31.85 + clang++ -DFUZZING_BUILD_MODE_UNSAFE_FOR_PRODUCTION -pthread -Wl,--no-as-needed -Wl,-ldl -Wl,-lm -Wno-unused-command-line-argument -stdlib=libc++ -O3 -fsanitize-coverage=trace-pc-guard -std=c++11 -I. /src/yara/tests/oss-fuzz/pe_fuzzer.cc -o /out/pe_fuzzer ./libyara/.libs/libyara.a /libAFL.a
#20 32.40 + '[' -d /src/yara/tests/oss-fuzz/pe_fuzzer_corpus ']'
#20 32.40 + zip -j /out/pe_fuzzer_seed_corpus.zip /src/yara/tests/oss-fuzz/pe_fuzzer_corpus/00388b550a2603a9e219bcb48acaf8cc115653cb1ea84cb4bccceb1aabe755b6 /src/yara/tests/oss-fuzz/pe_fuzzer_corpus/12f50a7dbf0c42f61ae1c351b2a9f75e8edb3bb55e582619edc7ece4eb0a3094 /src/yara/tests/oss-fuzz/pe_fuzzer_corpus/967af267b4124bada8f507cebf25f2192d146a4d63be71b45bfc03c5da7f21a7 /src/yara/tests/oss-fuzz/pe_fuzzer_corpus/99e98cb7096dee974e28fea0f76f1c30bc44fd5762cb12b2702910a28b28f95f /src/yara/tests/oss-fuzz/pe_fuzzer_corpus/clusterfuzz-testcase-minimized-5211130361282560 /src/yara/tests/oss-fuzz/pe_fuzzer_corpus/clusterfuzz-testcase-minimized-5839717883969536 /src/yara/tests/oss-fuzz/pe_fuzzer_corpus/clusterfuzz-testcase-minimized-pe_fuzzer-5671228022718464 /src/yara/tests/oss-fuzz/pe_fuzzer_corpus/clusterfuzz-testcase-minimized-pe_fuzzer-5741846293643264 /src/yara/tests/oss-fuzz/pe_fuzzer_corpus/e5af0352010b1879ac1c63a69d3d9a02d577fa834165f855bd5ebee0f1105de1
#20 32.40   adding: 00388b550a2603a9e219bcb48acaf8cc115653cb1ea84cb4bccceb1aabe755b6 (deflated 60%)
#20 32.41   adding: 12f50a7dbf0c42f61ae1c351b2a9f75e8edb3bb55e582619edc7ece4eb0a3094 (deflated 59%)
#20 32.41   adding: 967af267b4124bada8f507cebf25f2192d146a4d63be71b45bfc03c5da7f21a7 (deflated 77%)
#20 32.41   adding: 99e98cb7096dee974e28fea0f76f1c30bc44fd5762cb12b2702910a28b28f95f (deflated 60%)
#20 32.41   adding: clusterfuzz-testcase-minimized-5211130361282560 (deflated 92%)
#20 32.41   adding: clusterfuzz-testcase-minimized-5839717883969536 (deflated 96%)
#20 32.41   adding: clusterfuzz-testcase-minimized-pe_fuzzer-5671228022718464 (deflated 100%)
#20 32.41   adding: clusterfuzz-testcase-minimized-pe_fuzzer-5741846293643264 (deflated 83%)
#20 32.42   adding: e5af0352010b1879ac1c63a69d3d9a02d577fa834165f855bd5ebee0f1105de1 (deflated 64%)
#20 32.42 + for f in $fuzzers
#20 32.42 ++ basename -s .cc /src/yara/tests/oss-fuzz/rules_fuzzer.cc
#20 32.42 + fuzzer_name=rules_fuzzer
#20 32.42 + echo 'Building rules_fuzzer'
#20 32.42 Building rules_fuzzer
#20 32.42 + clang++ -DFUZZING_BUILD_MODE_UNSAFE_FOR_PRODUCTION -pthread -Wl,--no-as-needed -Wl,-ldl -Wl,-lm -Wno-unused-command-line-argument -stdlib=libc++ -O3 -fsanitize-coverage=trace-pc-guard -std=c++11 -I. /src/yara/tests/oss-fuzz/rules_fuzzer.cc -o /out/rules_fuzzer ./libyara/.libs/libyara.a /libAFL.a
#20 32.95 + '[' -d /src/yara/tests/oss-fuzz/rules_fuzzer_corpus ']'
#20 32.95 + zip -j /out/rules_fuzzer_seed_corpus.zip /src/yara/tests/oss-fuzz/rules_fuzzer_corpus/1 /src/yara/tests/oss-fuzz/rules_fuzzer_corpus/2 /src/yara/tests/oss-fuzz/rules_fuzzer_corpus/3 /src/yara/tests/oss-fuzz/rules_fuzzer_corpus/4 /src/yara/tests/oss-fuzz/rules_fuzzer_corpus/5 /src/yara/tests/oss-fuzz/rules_fuzzer_corpus/6 /src/yara/tests/oss-fuzz/rules_fuzzer_corpus/7 /src/yara/tests/oss-fuzz/rules_fuzzer_corpus/8
#20 32.95   adding: 1 (stored 0%)
#20 32.97   adding: 2 (deflated 69%)
#20 32.97   adding: 3 (stored 0%)
#20 32.97   adding: 4 (deflated 34%)
#20 32.97   adding: 5 (deflated 12%)
#20 32.97   adding: 6 (stored 0%)
#20 32.97   adding: 7 (stored 0%)
#20 32.97   adding: 8 (stored 0%)
#20 32.97 + for f in $fuzzers
#20 32.97 ++ basename -s .cc /src/yara/tests/oss-fuzz/elf_fuzzer.cc
#20 32.97 + fuzzer_name=elf_fuzzer
#20 32.97 + echo 'Building elf_fuzzer'
#20 32.97 Building elf_fuzzer
#20 32.97 + clang++ -DFUZZING_BUILD_MODE_UNSAFE_FOR_PRODUCTION -pthread -Wl,--no-as-needed -Wl,-ldl -Wl,-lm -Wno-unused-command-line-argument -stdlib=libc++ -O3 -fsanitize-coverage=trace-pc-guard -std=c++11 -I. /src/yara/tests/oss-fuzz/elf_fuzzer.cc -o /out/elf_fuzzer ./libyara/.libs/libyara.a /libAFL.a
#20 33.51 + '[' -d /src/yara/tests/oss-fuzz/elf_fuzzer_corpus ']'
#20 33.51 + zip -j /out/elf_fuzzer_seed_corpus.zip /src/yara/tests/oss-fuzz/elf_fuzzer_corpus/crash-03bca75466ee42801a8bff280de04afc3d1a3637 /src/yara/tests/oss-fuzz/elf_fuzzer_corpus/crash-086300bbce1c6537573057336a343a82d483e2c0 /src/yara/tests/oss-fuzz/elf_fuzzer_corpus/crash-2cafe4de66d87a83d83aaf65d8e4cea48f2c1144 /src/yara/tests/oss-fuzz/elf_fuzzer_corpus/crash-370485c5b087f780a2447a03d775f7188e323d31 /src/yara/tests/oss-fuzz/elf_fuzzer_corpus/crash-49bb55d669fda0683f945b89396a6bd458caf2d8 /src/yara/tests/oss-fuzz/elf_fuzzer_corpus/crash-49d00b6b033eaeb07cd39809dbc1d7ba2df196ec /src/yara/tests/oss-fuzz/elf_fuzzer_corpus/crash-723296cdc1c0dba83ea767d69286429e608c46c3 /src/yara/tests/oss-fuzz/elf_fuzzer_corpus/crash-7dc27920ae1cb85333e7f2735a45014488134673 /src/yara/tests/oss-fuzz/elf_fuzzer_corpus/crash-7e945ce5f43f515ea078c558a2e3205089d414e5 /src/yara/tests/oss-fuzz/elf_fuzzer_corpus/crash-a809561e75b94bd5d4d8cf7488d9e2663fc1ccdc /src/yara/tests/oss-fuzz/elf_fuzzer_corpus/crash-a8715a38a94161c9509309f5dbb5a7936aba8376 /src/yara/tests/oss-fuzz/elf_fuzzer_corpus/crash-aee928239444a7b039500d4499035e6d30cb89da /src/yara/tests/oss-fuzz/elf_fuzzer_corpus/crash-c4002396c52065d21fe1c1f05f8937aab8d59c18 /src/yara/tests/oss-fuzz/elf_fuzzer_corpus/crash-c610b3036f195ad7fb05248a530278aad37b438d /src/yara/tests/oss-fuzz/elf_fuzzer_corpus/crash-c6569e6e28f0a18bb2f3bf49c982333a359bed67 /src/yara/tests/oss-fuzz/elf_fuzzer_corpus/crash-cc6844f44825a785de1b079c88f728e1c0f779fb /src/yara/tests/oss-fuzz/elf_fuzzer_corpus/crash-f1fd008da535b110853885221ebfaac3f262a1c1e280f10929f7b353c44996c8 /src/yara/tests/oss-fuzz/elf_fuzzer_corpus/poc-6bf54fca69bb5029676d747b12c74b597dd8c5939343ea8f2cbfea9e666dd6b1 /src/yara/tests/oss-fuzz/elf_fuzzer_corpus/poc-789fc6da83de39c3ff394a950b0831f6fe5b63a85a46aaa236048b5c1dcf0e59 /src/yara/tests/oss-fuzz/elf_fuzzer_corpus/poc-939e9cd87b0d80834210fbf54edc66341aebf416d7509f6633f1d49766978b22 /src/yara/tests/oss-fuzz/elf_fuzzer_corpus/poc-93a9fd1909dd49fc2a9b654333504f249cdac58126d3cfc4728577e78cb3eb89 /src/yara/tests/oss-fuzz/elf_fuzzer_corpus/poc-b5b03a1f305b2cc1c158e01fee6c08c65145325d4e073f04d969329577077862 /src/yara/tests/oss-fuzz/elf_fuzzer_corpus/poc-fa8bbacb5a12f057a0ed3999c37d78b4991e6b201bda4dc9a75a7c7970c7690d
#20 33.52   adding: crash-03bca75466ee42801a8bff280de04afc3d1a3637 (deflated 32%)
#20 33.52   adding: crash-086300bbce1c6537573057336a343a82d483e2c0 (deflated 82%)
#20 33.52   adding: crash-2cafe4de66d87a83d83aaf65d8e4cea48f2c1144 (deflated 82%)
#20 33.52   adding: crash-370485c5b087f780a2447a03d775f7188e323d31 (deflated 81%)
#20 33.52   adding: crash-49bb55d669fda0683f945b89396a6bd458caf2d8 (deflated 75%)
#20 33.52   adding: crash-49d00b6b033eaeb07cd39809dbc1d7ba2df196ec (deflated 82%)
#20 33.52   adding: crash-723296cdc1c0dba83ea767d69286429e608c46c3 (deflated 79%)
#20 33.52   adding: crash-7dc27920ae1cb85333e7f2735a45014488134673 (deflated 78%)
#20 33.53   adding: crash-7e945ce5f43f515ea078c558a2e3205089d414e5 (deflated 76%)
#20 33.53   adding: crash-a809561e75b94bd5d4d8cf7488d9e2663fc1ccdc (deflated 75%)
#20 33.53   adding: crash-a8715a38a94161c9509309f5dbb5a7936aba8376 (deflated 75%)
#20 33.53   adding: crash-aee928239444a7b039500d4499035e6d30cb89da (deflated 82%)
#20 33.53   adding: crash-c4002396c52065d21fe1c1f05f8937aab8d59c18 (deflated 79%)
#20 33.53   adding: crash-c610b3036f195ad7fb05248a530278aad37b438d (deflated 70%)
#20 33.53   adding: crash-c6569e6e28f0a18bb2f3bf49c982333a359bed67 (deflated 75%)
#20 33.53   adding: crash-cc6844f44825a785de1b079c88f728e1c0f779fb (deflated 78%)
#20 33.53   adding: crash-f1fd008da535b110853885221ebfaac3f262a1c1e280f10929f7b353c44996c8 (deflated 65%)
#20 33.53   adding: poc-6bf54fca69bb5029676d747b12c74b597dd8c5939343ea8f2cbfea9e666dd6b1 (deflated 70%)
#20 33.53   adding: poc-789fc6da83de39c3ff394a950b0831f6fe5b63a85a46aaa236048b5c1dcf0e59 (deflated 35%)
#20 33.53   adding: poc-939e9cd87b0d80834210fbf54edc66341aebf416d7509f6633f1d49766978b22 (deflated 65%)
#20 33.53   adding: poc-93a9fd1909dd49fc2a9b654333504f249cdac58126d3cfc4728577e78cb3eb89 (deflated 79%)
#20 33.54   adding: poc-b5b03a1f305b2cc1c158e01fee6c08c65145325d4e073f04d969329577077862 (deflated 65%)
#20 33.54   adding: poc-fa8bbacb5a12f057a0ed3999c37d78b4991e6b201bda4dc9a75a7c7970c7690d (deflated 12%)
#20 33.54 + find /src/yara/tests/oss-fuzz -name '*.dict' -exec cp '{}' /out ';'
#20 33.55 + find /src/yara/tests/oss-fuzz -name '*.options' -exec cp '{}' /out ';'
#20 33.55 [post_build] Copying afl-fuzz to $OUT directory
#20 DONE 34.5s

#21 exporting to image
#21 sha256:e8c613e07b0b7ff33893b694f7759a10d42e180f2b4dc349fb57dc6b71dcab00
#21 exporting layers done
#21 writing image sha256:99645662932698aaf66a582c931e4340b218e9aa2c3b126c8206a09d12321e65 0.0s done
#21 naming to gcr.io/fuzzbench/builders/afl/yara_yara 0.0s done
#21 DONE 0.3s

#22 exporting cache
#22 sha256:2700d4ef94dee473593c5c614b55b2dedcca7893909811a8f2b48291a1f581e4
#22 preparing build cache for export done
#22 DONE 0.0s
------
 > importing cache manifest from gcr.io/fuzzbench/builders/afl/yara_yara:
------
#1 [internal] load build definition from runner.Dockerfile
#1 sha256:2b5d1b533460515c7d6e6b0cd8c185507d7f85ac6c8c11c5dbf8cf30a422b90e
#1 transferring dockerfile: 656B done
#1 DONE 0.1s

#2 [internal] load .dockerignore
#2 sha256:bc04ec5a78b43e0b3f09c52d95c9fb3fd61fb65be64288d5ea19e712c99e317d
#2 transferring context: 2B done
#2 DONE 0.1s

#3 [internal] load metadata for gcr.io/fuzzbench/base-image:latest
#3 sha256:932022888f650cc455b10eb5123bb08c0cccacac29a693e69314abbfd28a72c3
#3 DONE 0.0s

#5 [1/1] FROM gcr.io/fuzzbench/base-image
#5 sha256:4d07825694520f8b6f6a0d8592dbd345433361ae044cb7f06706c5a95e3daaad
#5 DONE 0.0s

#4 importing cache manifest from gcr.io/fuzzbench/runners/afl/yara_yara-intermediate
#4 sha256:e962ae20a148150d14b82e5aa0866ddd906808283ad015be5f655aa0e920cede
#4 ERROR: gcr.io/fuzzbench/runners/afl/yara_yara-intermediate:latest: not found

#5 [1/1] FROM gcr.io/fuzzbench/base-image
#5 sha256:4d07825694520f8b6f6a0d8592dbd345433361ae044cb7f06706c5a95e3daaad
#5 CACHED

#6 exporting to image
#6 sha256:e8c613e07b0b7ff33893b694f7759a10d42e180f2b4dc349fb57dc6b71dcab00
#6 exporting layers done
#6 writing image sha256:3e4588a9aebaeeab0d6e65a047af35e4caf540bb58ccd8719f28cf6fa6b3868f
#6 writing image sha256:3e4588a9aebaeeab0d6e65a047af35e4caf540bb58ccd8719f28cf6fa6b3868f done
#6 naming to gcr.io/fuzzbench/runners/afl/yara_yara-intermediate 0.0s done
#6 DONE 0.1s

#7 exporting cache
#7 sha256:2700d4ef94dee473593c5c614b55b2dedcca7893909811a8f2b48291a1f581e4
#7 preparing build cache for export done
#7 DONE 0.0s
------
 > importing cache manifest from gcr.io/fuzzbench/runners/afl/yara_yara-intermediate:
------
#1 [internal] load build definition from Dockerfile
#1 sha256:71e0e069a5713ac130432efe4acf2e1944f92648cf1f623c2773d34dcb7ecb43
#1 transferring dockerfile: 3.17kB done
#1 DONE 0.1s

#2 [internal] load .dockerignore
#2 sha256:30b5a0614b75a5c2712c32c3f209fdf724a109562e65738ab897cbf125346b25
#2 transferring context: 34B done
#2 DONE 0.2s

#3 [internal] load metadata for gcr.io/fuzzbench/runners/afl/yara_yara-intermediate:latest
#3 sha256:c73bc78ff97cfcd62a9166e62c02e835ec6c6ec3423ddfb8c86412e1a7cba2ae
#3 DONE 0.0s

#4 [internal] load metadata for gcr.io/fuzzbench/builders/afl/yara_yara:latest
#4 sha256:e409431918b7b113c922e4b1e42ea2da0b90686a56624b827cb6b53dc3d9f06c
#4 DONE 0.0s

#12 [internal] load build context
#12 sha256:dcef435f8de238a4b61007ba8e19a2e0153c328f8d5ae23b33feb4ad11ab25a4
#12 DONE 0.0s

#10 [builder 1/1] FROM gcr.io/fuzzbench/builders/afl/yara_yara
#10 sha256:a8537416a4cc560dbc711c8f95566b0d6e1ccee5a903703100bff74bf154c8c2
#10 DONE 0.0s

#5 importing cache manifest from gcr.io/fuzzbench/runners/afl/yara_yara
#5 sha256:88c76230c0cdda13534266d0a5e1c38a3bebdab44f3393b82b3de674fda20eb5
#5 ERROR: gcr.io/fuzzbench/runners/afl/yara_yara:latest: not found

#6 [stage-1  1/13] FROM gcr.io/fuzzbench/runners/afl/yara_yara-intermediate
#6 sha256:cea408ec90414e4f5add6c1951851dbda6e37d138eac2e2223f994f116d48e5d
#6 DONE 0.0s

#12 [internal] load build context
#12 sha256:dcef435f8de238a4b61007ba8e19a2e0153c328f8d5ae23b33feb4ad11ab25a4
#12 transferring context: 17.56MB 0.7s done
#12 DONE 0.8s

#10 [builder 1/1] FROM gcr.io/fuzzbench/builders/afl/yara_yara
#10 sha256:a8537416a4cc560dbc711c8f95566b0d6e1ccee5a903703100bff74bf154c8c2
#10 DONE 1.8s

#7 [stage-1  2/13] RUN apt-get update -y && apt-get install -y     libglib2.0-0     libxml2     libarchive13     libgss3
#7 sha256:a5e77748175ee98e5219dd897278ade62a6b16210d8466b59d0f35e94f51c6bc
#7 CACHED

#8 [stage-1  3/13] RUN mkdir -p /out
#8 sha256:bdece6256e6e057380362cebea2062444510981e0d49b677233d30b612867129
#8 CACHED

#9 [stage-1  4/13] WORKDIR /out
#9 sha256:876762175bf62e3a6de83951a019bfc91c433fbf5466e102313a0638276bbfb4
#9 CACHED

#11 [stage-1  5/13] COPY --from=builder /out/ ./
#11 sha256:fe2af233dbb12079b742be3da82d803d15453e9c4c4661ee17d451f4182acae3
#11 DONE 0.4s

#13 [stage-1  6/13] COPY benchmarks /src/benchmarks
#13 sha256:db24c028add3dade8cd529fd4c86b319566c231ed5403fcf77d890aa36f6df45
#13 DONE 1.3s

#14 [stage-1  7/13] COPY fuzzers /src/fuzzers
#14 sha256:37d9f7e3a2c20347ee2e98970a16cb10cf1d256edab3c5f118eb0edcd87a8c5d
#14 DONE 0.3s

#15 [stage-1  8/13] RUN touch __init__.py
#15 sha256:9c387ef25e78e847e9642199c8cd588cc117edde1787b07477966cb4606196e7
#15 DONE 0.6s

#16 [stage-1  9/13] RUN mkdir -p /out/seeds /out/corpus
#16 sha256:4acd7b00a1e1ad738bc9c1f84cf723e1b849a66b143713e3c2ad604a3c4f1e44
#16 DONE 0.7s

#17 [stage-1 10/13] COPY common /src/common
#17 sha256:7c6b8e4b0f30f43ed12156bf9045d7c5e0218900e3292168f49c5f12c2cece15
#17 DONE 0.2s

#18 [stage-1 11/13] COPY experiment/runner.py /src/experiment/runner.py
#18 sha256:a98f810af98ec3f8d25c6118da29f6b2bd77afa5fbe774e9fd96ba5a19fd6a22
#18 DONE 0.1s

#19 [stage-1 12/13] COPY docker/benchmark-runner /src/docker/benchmark-runner
#19 sha256:c162f9ab70a5f78497bfedb78a4a977af8cd8789879a0a0c199c85ff9b867dc9
#19 DONE 0.1s

#20 [stage-1 13/13] RUN chmod +x /src/docker/benchmark-runner/startup-runner.sh
#20 sha256:94dcbc8991cb91d11d8add3a7b626b7cfd12e0c9fee8471dea8fb6d995af3fc9
#20 DONE 0.4s

#21 exporting to image
#21 sha256:e8c613e07b0b7ff33893b694f7759a10d42e180f2b4dc349fb57dc6b71dcab00
#21 exporting layers done
#21 writing image sha256:11f1a38c9a86776fb4540073d8e95917009a92549ec449c087d40afc6bda9f3b done
#21 naming to gcr.io/fuzzbench/runners/afl/yara_yara 0.0s done
#21 DONE 0.1s

#22 exporting cache
#22 sha256:2700d4ef94dee473593c5c614b55b2dedcca7893909811a8f2b48291a1f581e4
#22 preparing build cache for export done
#22 DONE 0.0s
------
 > importing cache manifest from gcr.io/fuzzbench/runners/afl/yara_yara:
------
INFO:root:Doing trial as part of experiment.
INFO:root:Starting trial.
ERROR:root:Fuzz target binary not found.
INFO:root:Doing final sync.
ERROR:root:Call to <function get_stats at 0x7fc7bcaecf70> failed. Extras: {'traceback': 'Traceback (most recent call last):\n  File "/src/experiment/runner.py", line 374, in record_stats\n    stats_json_str = fuzzer_module_get_stats(output_corpus,\n  File "/src/fuzzers/afl/fuzzer.py", line 51, in get_stats\n    with open(stats_file) as file_handle:\nFileNotFoundError: [Errno 2] No such file or directory: \'/out/corpus/fuzzer_stats\'\n'}
/bin/sh: 1: source: not found
#2 [internal] load .dockerignore
#2 sha256:58f993eef378b6d29c3fb833d20ad422cbd41269fdb9409b7a993bbe66d6344c
#2 transferring context: 2B done
#2 DONE 0.3s

#1 [internal] load build definition from Dockerfile
#1 sha256:727ac99c0d3a24291d91d4996c5be5d08e89e8b9dd1882d5b56655522d1b72a6
#1 transferring dockerfile: 32B 0.0s done
#1 DONE 0.3s

#3 [internal] load metadata for gcr.io/oss-fuzz-base/base-builder:latest
#3 sha256:f10dc39cc9d418a5bc416dead31a1902b6821fdae909cd3b08f7a3fd1faba7b5
#3 DONE 0.4s

#5 [1/5] FROM gcr.io/oss-fuzz-base/base-builder@sha256:f4e5ea12494fab091c5d830cf803b3421f2860f729b9d1b07da44924396cf8cf
#5 sha256:ef290950573a2779ee526af357b28fbddfc20d7409aa51f58f777c9e972cba29
#5 DONE 0.0s

#4 importing cache manifest from gcr.io/fuzzbench/builders/benchmark/yara_yara
#4 sha256:32e0034a5a2adda65251af997899d41934872c954b22d26965fd56eb7b7abcb7
#4 DONE 0.0s

#8 [internal] load build context
#8 sha256:f4fbff74175878c84a99d2c3f4cb5255fd2444462294e3735af02d0c5014904f
#8 transferring context: 30B done
#8 DONE 0.1s

#6 [2/5] RUN   apt-get update && apt-get install -y   automake   autoconf   make   libtool   pkg-config
#6 sha256:0f85f2f7d9d23da933cfeab0b2b919b74dd58b2b113863a1aa9ebcf0931030db
#6 CACHED

#7 [3/5] RUN git clone --depth 1 https://github.com/VirusTotal/yara.git
#7 sha256:337af5665fe624492c04fc4c20553483df03f361ff59fc637ab0c8e663427450
#7 CACHED

#9 [4/5] COPY build.sh /src/
#9 sha256:a404b6c339eed96b854cb0be2e0c07fb30245afe43f14ae04ff65be203a83e7c
#9 CACHED

#10 [5/5] WORKDIR yara
#10 sha256:a5cc8d5f033a706cda48355f2211e1fb5c7405e901c4ebb001cb7f11554135f3
#10 CACHED

#11 exporting to image
#11 sha256:e8c613e07b0b7ff33893b694f7759a10d42e180f2b4dc349fb57dc6b71dcab00
#11 exporting layers done
#11 writing image sha256:38877f239812395c93ba673c8a457e7db2fb069dcb11e6d4ed2e817a915a4735 0.0s done
#11 naming to gcr.io/fuzzbench/builders/benchmark/yara_yara done
#11 DONE 0.3s

#12 exporting cache
#12 sha256:2700d4ef94dee473593c5c614b55b2dedcca7893909811a8f2b48291a1f581e4
#12 preparing build cache for export done
#12 DONE 0.0s
#1 [internal] load build definition from builder.Dockerfile
#1 sha256:606d7128effeb204a3c53a6facf0be2c2dbd3efb4d6c86301d1377039f4cf575
#1 transferring dockerfile: 1.35kB done
#1 DONE 0.1s

#2 [internal] load .dockerignore
#2 sha256:e0e3747b954f89844bdb2469e8a3dba6e5576008019332ec92e0092a0a6c2303
#2 transferring context: 2B done
#2 DONE 0.1s

#3 [internal] load metadata for gcr.io/fuzzbench/builders/benchmark/yara_yara:latest
#3 sha256:34bd4adcc46552fc75b8144d67e4a66282011b1486484d9c5b30a5b77ce52fe6
#3 DONE 0.0s

#5 [1/3] FROM gcr.io/fuzzbench/builders/benchmark/yara_yara
#5 sha256:79ba9eafc1e4c4aea4f71c51dc068b58b89dfb26df89d2ee3a07f65e6fc05b4f
#5 DONE 0.0s

#4 importing cache manifest from gcr.io/fuzzbench/builders/afl/yara_yara-intermediate
#4 sha256:9fc3cd48949f595d6e981d4cc73ee65c8e4739387c412619a39be3ae8b22394c
#4 DONE 0.0s

#6 [2/3] RUN git clone https://github.com/google/AFL.git /afl &&     cd /afl &&     git checkout 61037103ae3722c8060ff7082994836a794f978e &&     AFL_NO_X86=1 make
#6 sha256:111e0c1a0c401dc896b3d0676eaae5d010bc979ca62295dd910239bf5b79a90b
#6 CACHED

#7 [3/3] RUN apt-get update &&     apt-get install wget -y &&     wget https://raw.githubusercontent.com/llvm/llvm-project/5feb80e748924606531ba28c97fe65145c65372e/compiler-rt/lib/fuzzer/afl/afl_driver.cpp -O /afl/afl_driver.cpp &&     clang -Wno-pointer-sign -c /afl/llvm_mode/afl-llvm-rt.o.c -I/afl &&     clang++ -stdlib=libc++ -std=c++11 -O2 -c /afl/afl_driver.cpp &&     ar r /libAFL.a *.o
#7 sha256:162b5ff375cc6e9c4391db236eea77fc2b5ac816739a70c73620bdd2768faa6c
#7 CACHED

#8 exporting to image
#8 sha256:e8c613e07b0b7ff33893b694f7759a10d42e180f2b4dc349fb57dc6b71dcab00
#8 exporting layers done
#8 writing image sha256:0364b82c52d5eb896618e5f6f5483319cd131d59e20e4701482bf8b1bd50935b 0.0s done
#8 naming to gcr.io/fuzzbench/builders/afl/yara_yara-intermediate done
#8 DONE 0.4s

#9 exporting cache
#9 sha256:2700d4ef94dee473593c5c614b55b2dedcca7893909811a8f2b48291a1f581e4
#9 preparing build cache for export
#9 preparing build cache for export done
#9 DONE 0.0s
#1 [internal] load build definition from Dockerfile
#1 sha256:e53151d95f9d6f5acd4dde7c3b86df87495d449b276cdea9e58b7b80a2b109c8
#1 transferring dockerfile: 2.00kB done
#1 DONE 0.1s

#2 [internal] load .dockerignore
#2 sha256:42cead40f498bb71697fbfabc53369d68d0ffaa9e86c843035ee80fa763124a5
#2 transferring context: 34B done
#2 DONE 0.1s

#3 [internal] load metadata for docker.io/library/ubuntu:xenial
#3 sha256:f62bae18ed588840f045c881b2502661f2a89578a2f8f99b83f5200ee83dd25b
#3 DONE 0.0s

#5 [1/7] FROM docker.io/library/ubuntu:xenial
#5 sha256:14dd403f25ae9e519bd44f27dc17af7ce80f5a4f9f48ca88108364e67ec5d360
#5 DONE 0.0s

#4 importing cache manifest from gcr.io/fuzzbench/base-image
#4 sha256:9b220ebb4d4daceed1b96df9b6dca076e762f1cd612574f010b82d5b9e5ad896
#4 DONE 0.0s

#8 [internal] load build context
#8 sha256:fbc955bcd5b84c4c8ff89a219c2c806516ae4af9d736f6a427915ffeba4b31dd
#8 transferring context: 559B 0.1s done
#8 DONE 0.2s

#7 [3/7] RUN cd /tmp/ &&     curl -O https://www.python.org/ftp/python/3.8.6/Python-3.8.6.tar.xz &&     tar -xvf Python-3.8.6.tar.xz &&     cd Python-3.8.6 &&     ./configure --enable-loadable-sqlite-extensions --enable-optimizations &&     make -j install &&     rm -r /tmp/Python-3.8.6.tar.xz /tmp/Python-3.8.6
#7 sha256:c5b9d1fb3371e84dbc60b76e7b2f8d5913bc93bcd4910ab65daa03e7b2ec4bb0
#7 CACHED

#9 [4/7] COPY ./requirements.txt /
#9 sha256:1677190d5eb3518db1d8de8bfa1db2d45bc673f87dd0b4669da2836ed464dc6e
#9 CACHED

#10 [5/7] RUN pip3 install -r /requirements.txt
#10 sha256:b980a56b177c847b6bca589aae3f40277efbc356b905cf05e5462aa4475850a6
#10 CACHED

#11 [6/7] RUN apt-get update -y && apt-get install -y     apt-transport-https     lsb-release
#11 sha256:a7c78e4950c506be1caf4a720ef4cacca1e7e0d6f9cbbda6caf20c46af834f7b
#11 CACHED

#6 [2/7] RUN apt-get update -y && apt-get install -y     build-essential     rsync     curl     zlib1g-dev     libncurses5-dev     libgdbm-dev     libnss3-dev     libssl-dev     libreadline-dev     libffi-dev     virtualenv     libbz2-dev     liblzma-dev     libsqlite3-dev
#6 sha256:3a1b0960f17eed529eaae93dc8fd3554f2743dd584d8fa569cdbe6bc734371ac
#6 CACHED

#12 [7/7] RUN CLOUD_SDK_REPO="cloud-sdk-$(lsb_release -c -s)" &&     echo "deb https://packages.cloud.google.com/apt $CLOUD_SDK_REPO main"     | tee -a /etc/apt/sources.list.d/google-cloud-sdk.list &&     curl https://packages.cloud.google.com/apt/doc/apt-key.gpg     | apt-key add - &&     apt-get update -y &&     apt-get install -y google-cloud-sdk
#12 sha256:5a5995084e397456ab44450b216b94a3c5da384d6f18d8000f769c26e9068a28
#12 CACHED

#13 exporting to image
#13 sha256:e8c613e07b0b7ff33893b694f7759a10d42e180f2b4dc349fb57dc6b71dcab00
#13 exporting layers done
#13 writing image sha256:139540fb22a119f888cb3e5ed6e013e8d868574697f5fb839e5da9e23de73e0a
#13 writing image sha256:139540fb22a119f888cb3e5ed6e013e8d868574697f5fb839e5da9e23de73e0a 0.0s done
#13 naming to gcr.io/fuzzbench/base-image done
#13 DONE 0.1s

#14 exporting cache
#14 sha256:2700d4ef94dee473593c5c614b55b2dedcca7893909811a8f2b48291a1f581e4
#14 preparing build cache for export done
#14 DONE 0.0s
#2 [internal] load .dockerignore
#2 sha256:c06cc211f9f1a62cb3fe9f5f73ef5e182f57bf20909c5503be5a50d276411031
#2 transferring context: 34B done
#2 DONE 0.2s

#1 [internal] load build definition from Dockerfile
#1 sha256:baa61b2634b165118e4a52c91436d582c3312cf7e0eb66c13f0b78c2dca0990c
#1 transferring dockerfile: 2.22kB done
#1 DONE 0.2s

#4 [internal] load metadata for gcr.io/fuzzbench/base-image:latest
#4 sha256:932022888f650cc455b10eb5123bb08c0cccacac29a693e69314abbfd28a72c3
#4 DONE 0.0s

#3 [internal] load metadata for gcr.io/fuzzbench/builders/afl/yara_yara-intermediate:latest
#3 sha256:89b1ce4c804f3a3cfddc5b113ced0e3f497542c4df793e1d48444aa082e7efeb
#3 DONE 0.0s

#7 [base-image 1/1] FROM gcr.io/fuzzbench/base-image
#7 sha256:4d07825694520f8b6f6a0d8592dbd345433361ae044cb7f06706c5a95e3daaad
#7 DONE 0.0s

#6 [stage-1  1/13] FROM gcr.io/fuzzbench/builders/afl/yara_yara-intermediate
#6 sha256:b1790001f71c23a6ea76fe91cee1608441c6ea324099aea1d302e67cf0c878e1
#6 DONE 0.0s

#5 importing cache manifest from gcr.io/fuzzbench/builders/afl/yara_yara
#5 sha256:b5c03bcf769f5c9a001eb7bd5ce7128ec32935770891ed37037ae82194436133
#5 DONE 0.0s

#12 [internal] load build context
#12 sha256:c61c00d87f3c421f7347f88b73559a738f703af467302787799737407deb59bc
#12 transferring context: 669.85kB 0.1s done
#12 DONE 0.2s

#16 [stage-1  9/13] RUN mkdir /opt/fuzzbench/
#16 sha256:6844d3766323ac8525b30bafec1362ce2b48436dba5728ffd7f33dbd50a787c7
#16 CACHED

#10 [stage-1  4/13] COPY --from=base-image /usr/local/include/python3.8 /usr/local/include/python3.8
#10 sha256:7237fe633bafb62fc6d716a05926701b69862ba8360efdccad39dd40eb01fb12
#10 CACHED

#18 [stage-1 11/13] RUN export CHECKOUT_COMMIT=$(cat /benchmark.yaml | tr -d ' ' | grep 'commit:' | cut -d ':' -f2) &&     python3 -u /opt/fuzzbench/checkout_commit.py $CHECKOUT_COMMIT /src
#18 sha256:897c5027ff548bf648d637bb3d7856b321a5cdc33b30f15b07632faa82ee2017
#18 CACHED

#8 [stage-1  2/13] COPY --from=base-image /usr/local/bin/python3* /usr/local/bin/
#8 sha256:0b7176789a4ed40a1879e537eae7ab1bdd446c9d7af6bc1bcad969970f95633c
#8 CACHED

#9 [stage-1  3/13] COPY --from=base-image /usr/local/lib/python3.8 /usr/local/lib/python3.8
#9 sha256:9b43cc9e7bb2cb31000d986ccfb8ef3e70b8a56abd290f92fb52d676ae6af7f5
#9 CACHED

#15 [stage-1  8/13] COPY benchmarks/yara_yara/benchmark.yaml /
#15 sha256:945ab5a2c0fcfa217827d5f6985347f5d51cffaf2b0314a44414b77adf0c8ea5
#15 CACHED

#19 [stage-1 12/13] RUN echo "#!/bin/bash\nPYTHONPATH=/src python3 -u -c "from fuzzers import utils; utils.initialize_env(); from fuzzers.afl import fuzzer; fuzzer.build()"" > /usr/bin/fuzzer_build &&     chmod +x /usr/bin/fuzzer_build
#19 sha256:c729baeaa1f47a772c1ae164d2d018672be93d8109b5c8f7e73b268225b0a54d
#19 CACHED

#11 [stage-1  5/13] COPY --from=base-image /usr/local/lib/python3.8/site-packages /usr/local/lib/python3.8/site-packages
#11 sha256:5164dd615e8c4454170466a5ecc1d987a3eded3d37acf0b1d60c3b4f96064a00
#11 CACHED

#13 [stage-1  6/13] COPY fuzzers /src/fuzzers
#13 sha256:42d51c6b171238cba4a9b5b5237a1ef366f6e30b0ba0fa946c5e990b83e1f3a6
#13 CACHED

#14 [stage-1  7/13] RUN touch /src/__init__.py
#14 sha256:52ded5c522053ab39b33291c1e57fe2890cdee5d849d0883b18ea15e0f05ceae
#14 CACHED

#17 [stage-1 10/13] COPY docker/benchmark-builder/checkout_commit.py /opt/fuzzbench/
#17 sha256:55d2eddee52084aa07ac045806d4ba5cca60f20cbfbb6887ca90c0e1ae4d3d11
#17 CACHED

#20 [stage-1 13/13] RUN echo "Run fuzzer_build to build the target" && if [ -z "$debug_builder" ] ; then fuzzer_build; fi
#20 sha256:70391109b430e9da5413487be3bd61ff3569dd8b93406bf7f5fe4094f388ea40
#20 CACHED

#21 exporting to image
#21 sha256:e8c613e07b0b7ff33893b694f7759a10d42e180f2b4dc349fb57dc6b71dcab00
#21 exporting layers done
#21 writing image sha256:99645662932698aaf66a582c931e4340b218e9aa2c3b126c8206a09d12321e65 0.0s done
#21 naming to gcr.io/fuzzbench/builders/afl/yara_yara done
#21 DONE 0.5s

#22 exporting cache
#22 sha256:2700d4ef94dee473593c5c614b55b2dedcca7893909811a8f2b48291a1f581e4
#22 preparing build cache for export done
#22 DONE 0.0s
#1 [internal] load build definition from runner.Dockerfile
#1 sha256:3a79231f4a30b0ae794c8b4230966346aaea14e8dc8c5cad9e74df7863153ee7
#1 transferring dockerfile: 656B done
#1 DONE 0.1s

#2 [internal] load .dockerignore
#2 sha256:0575420a9ffb7671ba1ef165b9fdc98b061f322136c7044f757a3896418f2b77
#2 transferring context: 2B done
#2 DONE 0.1s

#3 [internal] load metadata for gcr.io/fuzzbench/base-image:latest
#3 sha256:932022888f650cc455b10eb5123bb08c0cccacac29a693e69314abbfd28a72c3
#3 DONE 0.0s

#5 importing cache manifest from gcr.io/fuzzbench/runners/afl/yara_yara-intermediate
#5 sha256:e962ae20a148150d14b82e5aa0866ddd906808283ad015be5f655aa0e920cede
#5 DONE 0.0s

#4 [1/1] FROM gcr.io/fuzzbench/base-image
#4 sha256:4d07825694520f8b6f6a0d8592dbd345433361ae044cb7f06706c5a95e3daaad
#4 CACHED

#6 exporting to image
#6 sha256:e8c613e07b0b7ff33893b694f7759a10d42e180f2b4dc349fb57dc6b71dcab00
#6 exporting layers done
#6 writing image sha256:3e4588a9aebaeeab0d6e65a047af35e4caf540bb58ccd8719f28cf6fa6b3868f 0.0s done
#6 naming to gcr.io/fuzzbench/runners/afl/yara_yara-intermediate done
#6 DONE 0.2s

#7 exporting cache
#7 sha256:2700d4ef94dee473593c5c614b55b2dedcca7893909811a8f2b48291a1f581e4
#7 preparing build cache for export done
#7 DONE 0.0s
#1 [internal] load build definition from Dockerfile
#1 sha256:f1ad1e54406ac338bc6d3c3e6d961e18cadab843a929749ebe71eea4b449ec39
#1 transferring dockerfile: 3.17kB done
#1 DONE 0.1s

#2 [internal] load .dockerignore
#2 sha256:d84e33b661d2fe375983031ea2ba1784f0c38a728f0d9e8dbd8a32167590edac
#2 transferring context: 34B done
#2 DONE 0.1s

#3 [internal] load metadata for gcr.io/fuzzbench/runners/afl/yara_yara-intermediate:latest
#3 sha256:c73bc78ff97cfcd62a9166e62c02e835ec6c6ec3423ddfb8c86412e1a7cba2ae
#3 DONE 0.0s

#4 [internal] load metadata for gcr.io/fuzzbench/builders/afl/yara_yara:latest
#4 sha256:e409431918b7b113c922e4b1e42ea2da0b90686a56624b827cb6b53dc3d9f06c
#4 DONE 0.0s

#6 [stage-1  1/13] FROM gcr.io/fuzzbench/runners/afl/yara_yara-intermediate
#6 sha256:cea408ec90414e4f5add6c1951851dbda6e37d138eac2e2223f994f116d48e5d
#6 DONE 0.0s

#5 importing cache manifest from gcr.io/fuzzbench/runners/afl/yara_yara
#5 sha256:88c76230c0cdda13534266d0a5e1c38a3bebdab44f3393b82b3de674fda20eb5
#5 DONE 0.0s

#10 [builder 1/1] FROM gcr.io/fuzzbench/builders/afl/yara_yara
#10 sha256:a8537416a4cc560dbc711c8f95566b0d6e1ccee5a903703100bff74bf154c8c2
#10 DONE 0.0s

#12 [internal] load build context
#12 sha256:516aabd758ebb7a635fd6b593c1053f4c120873949ca9d2491bfecfe5e73cea3
#12 transferring context: 17.56MB 0.7s done
#12 DONE 0.7s

#13 [stage-1  6/13] COPY benchmarks /src/benchmarks
#13 sha256:c9c65bab1182d1232eb588e800e22b44bab06a863da84e5148dcbe4abed6aa8c
#13 CACHED

#14 [stage-1  7/13] COPY fuzzers /src/fuzzers
#14 sha256:5d1d0c5c4aa68c3356c78c6ccc1730e8f76b71007a64e98aa2e9e80d31989546
#14 CACHED

#8 [stage-1  3/13] RUN mkdir -p /out
#8 sha256:bdece6256e6e057380362cebea2062444510981e0d49b677233d30b612867129
#8 CACHED

#17 [stage-1 10/13] COPY common /src/common
#17 sha256:1b5fd0a36232f76265a222f766361a38ac7edf0be4e623e2261241d0432960d5
#17 CACHED

#16 [stage-1  9/13] RUN mkdir -p /out/seeds /out/corpus
#16 sha256:6171b42f60624812b60ebdc0df1474c899408a887299e996d9819b94c7ed481b
#16 CACHED

#18 [stage-1 11/13] COPY experiment/runner.py /src/experiment/runner.py
#18 sha256:17139d4aac0cd3855fcecbb3f86f07cd158631d0e4c074f43081048b61a8df53
#18 CACHED

#7 [stage-1  2/13] RUN apt-get update -y && apt-get install -y     libglib2.0-0     libxml2     libarchive13     libgss3
#7 sha256:a5e77748175ee98e5219dd897278ade62a6b16210d8466b59d0f35e94f51c6bc
#7 CACHED

#9 [stage-1  4/13] WORKDIR /out
#9 sha256:876762175bf62e3a6de83951a019bfc91c433fbf5466e102313a0638276bbfb4
#9 CACHED

#11 [stage-1  5/13] COPY --from=builder /out/ ./
#11 sha256:fe2af233dbb12079b742be3da82d803d15453e9c4c4661ee17d451f4182acae3
#11 CACHED

#19 [stage-1 12/13] COPY docker/benchmark-runner /src/docker/benchmark-runner
#19 sha256:d24156e9eeee6dc16659c8257a892d725551fba2e890811835bc1beb0dd4b688
#19 CACHED

#15 [stage-1  8/13] RUN touch __init__.py
#15 sha256:00f597a221888c98f7408e5aeed515bba8feac211fbecf7e5d526923959feec2
#15 CACHED

#20 [stage-1 13/13] RUN chmod +x /src/docker/benchmark-runner/startup-runner.sh
#20 sha256:3bd505bbf1443a895ca32c28745574df26771f2db7c39e9ba54f67c9f8860aa6
#20 CACHED

#21 exporting to image
#21 sha256:e8c613e07b0b7ff33893b694f7759a10d42e180f2b4dc349fb57dc6b71dcab00
#21 exporting layers done
#21 writing image sha256:11f1a38c9a86776fb4540073d8e95917009a92549ec449c087d40afc6bda9f3b 0.0s done
#21 naming to gcr.io/fuzzbench/runners/afl/yara_yara
#21 naming to gcr.io/fuzzbench/runners/afl/yara_yara done
#21 DONE 0.3s

#22 exporting cache
#22 sha256:2700d4ef94dee473593c5c614b55b2dedcca7893909811a8f2b48291a1f581e4
#22 preparing build cache for export done
#22 DONE 0.0s
INFO:root:Doing trial as part of experiment.
INFO:root:Starting trial.
ERROR:root:Fuzz target binary not found.
INFO:root:Doing final sync.
ERROR:root:Call to <function get_stats at 0x7f15db414f70> failed. Extras: {'traceback': 'Traceback (most recent call last):\n  File "/src/experiment/runner.py", line 374, in record_stats\n    stats_json_str = fuzzer_module_get_stats(output_corpus,\n  File "/src/fuzzers/afl/fuzzer.py", line 51, in get_stats\n    with open(stats_file) as file_handle:\nFileNotFoundError: [Errno 2] No such file or directory: \'/out/corpus/fuzzer_stats\'\n'}
