WARNING:root:gcloud not found in PATH.
INFO:root:Successfully integrated benchmark: xerces-c_parse_target.
INFO:root:Please run "make test-run-afl-xerces-c_parse_target" to test integration.
#1 [internal] load build definition from Dockerfile
#1 sha256:5d2ee3a1d450565102f21555c4115806973f4c847a99e9c7f9c864667ab8c2ff
#1 transferring dockerfile: 1.25kB done
#1 DONE 0.0s

#2 [internal] load .dockerignore
#2 sha256:3b5b13badfe2df2d73fc1abae42cb91f50e5a996492b3ca7db83be6dd9c1d1f3
#2 transferring context: 2B done
#2 DONE 0.0s

#3 [internal] load metadata for gcr.io/oss-fuzz-base/base-builder:latest
#3 sha256:f10dc39cc9d418a5bc416dead31a1902b6821fdae909cd3b08f7a3fd1faba7b5
#3 DONE 0.3s

#10 [internal] load build context
#10 sha256:a81d794d320345343df21abfe9d64678d388209630e0d615fe98fe288f4a45a8
#10 DONE 0.0s

#5 [1/6] FROM gcr.io/oss-fuzz-base/base-builder@sha256:f4e5ea12494fab091c5d830cf803b3421f2860f729b9d1b07da44924396cf8cf
#5 sha256:ef290950573a2779ee526af357b28fbddfc20d7409aa51f58f777c9e972cba29
#5 DONE 0.0s

#4 importing cache manifest from gcr.io/fuzzbench/builders/benchmark/xerces-c_parse_target
#4 sha256:c6576c4534f8d84b4fa8215540dfcdae35bc1af763d9c1ac8301194f0057f37b
#4 ERROR: gcr.io/fuzzbench/builders/benchmark/xerces-c_parse_target:latest: not found

#6 [2/6] RUN apt-get update && apt-get install -y make autoconf automake libtool wget zlib1g-dev libtool ninja-build cmake subversion
#6 sha256:49a7be0d1426a251f412403b6f3dd299746dfa7d77c2a0d17974e8e219c1ab51
#6 CACHED

#7 [3/6] RUN svn co https://svn.apache.org/repos/asf/xerces/c/trunk /src/xerces-c
#7 sha256:2d69086665ffa0ba5e8cd5f963a9e6563ce2c73682d46e1d7780d66f0f453ddb
#7 CACHED

#8 [4/6] RUN git clone --depth 1 https://github.com/google/libprotobuf-mutator.git
#8 sha256:bee7b0dcd969c3fa01d5a1c50ef58aceb1d1ff26454b357d14091e8c06c30b6c
#8 CACHED

#10 [internal] load build context
#10 sha256:a81d794d320345343df21abfe9d64678d388209630e0d615fe98fe288f4a45a8
#10 transferring context: 20.44kB done
#10 DONE 0.0s

#9 [5/6] RUN (mkdir LPM && cd LPM && cmake ../libprotobuf-mutator -GNinja -DLIB_PROTO_MUTATOR_DOWNLOAD_PROTOBUF=ON -DLIB_PROTO_MUTATOR_TESTING=OFF -DCMAKE_BUILD_TYPE=Release && ninja)
#9 sha256:64be309b4d5ca6af803e12213c3728ca03cc31a94bed735864af4240930a4c69
#9 0.436 -- The CXX compiler identification is Clang 14.0.0
#9 0.451 -- Detecting CXX compiler ABI info
#9 0.540 -- Detecting CXX compiler ABI info - done
#9 0.556 -- Check for working CXX compiler: /usr/local/bin/clang++ - skipped
#9 0.556 -- Detecting CXX compile features
#9 0.557 -- Detecting CXX compile features - done
#9 0.634 -- The C compiler identification is Clang 14.0.0
#9 0.646 -- Detecting C compiler ABI info
#9 0.731 -- Detecting C compiler ABI info - done
#9 0.750 -- Check for working C compiler: /usr/local/bin/clang - skipped
#9 0.751 -- Detecting C compile features
#9 0.752 -- Detecting C compile features - done
#9 0.760 -- Looking for pthread.h
#9 0.855 -- Looking for pthread.h - found
#9 0.856 -- Performing Test CMAKE_HAVE_LIBC_PTHREAD
#9 0.961 -- Performing Test CMAKE_HAVE_LIBC_PTHREAD - Failed
#9 0.961 -- Check if compiler accepts -pthread
#9 1.060 -- Check if compiler accepts -pthread - yes
#9 1.063 -- Found Threads: TRUE  
#9 1.076 -- Could NOT find LibLZMA (missing: LIBLZMA_LIBRARY LIBLZMA_INCLUDE_DIR LIBLZMA_HAS_AUTO_DECODER LIBLZMA_HAS_EASY_ENCODER LIBLZMA_HAS_LZMA_PRESET) 
#9 1.091 -- Found ZLIB: /usr/lib/x86_64-linux-gnu/libz.so (found version "1.2.11") 
#9 1.092 -- Performing Test LIB_PROTO_MUTATOR_HAS_SANITIZE_ADDRESS
#9 1.328 -- Performing Test LIB_PROTO_MUTATOR_HAS_SANITIZE_ADDRESS - Success
#9 1.330 -- Performing Test LIB_PROTO_MUTATOR_HAS_SANITIZE_SCOPE
#9 1.568 -- Performing Test LIB_PROTO_MUTATOR_HAS_SANITIZE_SCOPE - Success
#9 1.570 -- Performing Test LIB_PROTO_MUTATOR_HAS_NO_COVERAGE
#9 1.663 -- Performing Test LIB_PROTO_MUTATOR_HAS_NO_COVERAGE - Success
#9 1.666 -- Performing Test LIB_PROTO_MUTATOR_HAS_SANITIZE_FUZZER
#9 1.850 -- Performing Test LIB_PROTO_MUTATOR_HAS_SANITIZE_FUZZER - Success
#9 1.852 -- Performing Test LIB_PROTO_MUTATOR_HAS_NO_SANITIZE_FUZZER
#9 1.945 -- Performing Test LIB_PROTO_MUTATOR_HAS_NO_SANITIZE_FUZZER - Success
#9 1.947 -- Performing Test LIB_PROTO_MUTATOR_HAS_WSTRING_CONVERSION
#9 2.041 -- Performing Test LIB_PROTO_MUTATOR_HAS_WSTRING_CONVERSION - Success
#9 2.055 -- Could NOT find Protobuf (missing: Protobuf_LIBRARIES Protobuf_INCLUDE_DIR) 
#9 2.167 -- Configuring done
#9 2.170 CMake Error: The following variables are used in this project, but they are set to NOTFOUND.
#9 2.170 Please set them or make sure they are set and tested correctly in the CMake files:
#9 2.170 LIBLZMA_LIBRARY (ADVANCED)
#9 2.170     linked by target "libxml2_example" in directory /src/libprotobuf-mutator/examples/libxml2
#9 2.170 
#9 2.200 -- Generating done
#9 2.204 CMake Generate step failed.  Build files cannot be regenerated correctly.
#9 ERROR: executor failed running [/bin/sh -c (mkdir LPM && cd LPM && cmake ../libprotobuf-mutator -GNinja -DLIB_PROTO_MUTATOR_DOWNLOAD_PROTOBUF=ON -DLIB_PROTO_MUTATOR_TESTING=OFF -DCMAKE_BUILD_TYPE=Release && ninja)]: exit code: 1
------
 > importing cache manifest from gcr.io/fuzzbench/builders/benchmark/xerces-c_parse_target:
------
------
 > [5/6] RUN (mkdir LPM && cd LPM && cmake ../libprotobuf-mutator -GNinja -DLIB_PROTO_MUTATOR_DOWNLOAD_PROTOBUF=ON -DLIB_PROTO_MUTATOR_TESTING=OFF -DCMAKE_BUILD_TYPE=Release && ninja):
------
executor failed running [/bin/sh -c (mkdir LPM && cd LPM && cmake ../libprotobuf-mutator -GNinja -DLIB_PROTO_MUTATOR_DOWNLOAD_PROTOBUF=ON -DLIB_PROTO_MUTATOR_TESTING=OFF -DCMAKE_BUILD_TYPE=Release && ninja)]: exit code: 1
make: *** [docker/generated.mk:71809: .xerces-c_parse_target-project-builder] Error 1
/bin/sh: 1: source: not found
#1 [internal] load build definition from Dockerfile
#1 sha256:b2aee45288c0cf57a7d69394cf875ed34f2eeedb7a64795af800156b4c29349f
#1 transferring dockerfile: 32B done
#1 DONE 0.0s

#2 [internal] load .dockerignore
#2 sha256:6d96d6e9b391e9f0319b8ad84c910ad3573c2360471b9d9aaa93358ac0ec61ba
#2 transferring context: 2B done
#2 DONE 0.0s

#3 [internal] load metadata for gcr.io/oss-fuzz-base/base-builder:latest
#3 sha256:f10dc39cc9d418a5bc416dead31a1902b6821fdae909cd3b08f7a3fd1faba7b5
#3 DONE 0.4s

#10 [internal] load build context
#10 sha256:1b3e952b72a9e44679e913d3a43910f66f05b51eab6171cf159b9028c33d6e83
#10 DONE 0.0s

#5 [1/6] FROM gcr.io/oss-fuzz-base/base-builder@sha256:f4e5ea12494fab091c5d830cf803b3421f2860f729b9d1b07da44924396cf8cf
#5 sha256:ef290950573a2779ee526af357b28fbddfc20d7409aa51f58f777c9e972cba29
#5 DONE 0.0s

#4 importing cache manifest from gcr.io/fuzzbench/builders/benchmark/xerces-c_parse_target
#4 sha256:c6576c4534f8d84b4fa8215540dfcdae35bc1af763d9c1ac8301194f0057f37b
#4 ERROR: gcr.io/fuzzbench/builders/benchmark/xerces-c_parse_target:latest: not found

#6 [2/6] RUN apt-get update && apt-get install -y make autoconf automake libtool wget zlib1g-dev libtool ninja-build cmake subversion
#6 sha256:49a7be0d1426a251f412403b6f3dd299746dfa7d77c2a0d17974e8e219c1ab51
#6 CACHED

#7 [3/6] RUN svn co https://svn.apache.org/repos/asf/xerces/c/trunk /src/xerces-c
#7 sha256:2d69086665ffa0ba5e8cd5f963a9e6563ce2c73682d46e1d7780d66f0f453ddb
#7 CACHED

#8 [4/6] RUN git clone --depth 1 https://github.com/google/libprotobuf-mutator.git
#8 sha256:bee7b0dcd969c3fa01d5a1c50ef58aceb1d1ff26454b357d14091e8c06c30b6c
#8 CACHED

#10 [internal] load build context
#10 sha256:1b3e952b72a9e44679e913d3a43910f66f05b51eab6171cf159b9028c33d6e83
#10 transferring context: 300B done
#10 DONE 0.2s

#9 [5/6] RUN (mkdir LPM && cd LPM && cmake ../libprotobuf-mutator -GNinja -DLIB_PROTO_MUTATOR_DOWNLOAD_PROTOBUF=ON -DLIB_PROTO_MUTATOR_TESTING=OFF -DCMAKE_BUILD_TYPE=Release && ninja)
#9 sha256:64be309b4d5ca6af803e12213c3728ca03cc31a94bed735864af4240930a4c69
#9 1.088 -- The CXX compiler identification is Clang 14.0.0
#9 1.106 -- Detecting CXX compiler ABI info
#9 1.201 -- Detecting CXX compiler ABI info - done
#9 1.220 -- Check for working CXX compiler: /usr/local/bin/clang++ - skipped
#9 1.220 -- Detecting CXX compile features
#9 1.221 -- Detecting CXX compile features - done
#9 1.300 -- The C compiler identification is Clang 14.0.0
#9 1.313 -- Detecting C compiler ABI info
#9 1.397 -- Detecting C compiler ABI info - done
#9 1.415 -- Check for working C compiler: /usr/local/bin/clang - skipped
#9 1.416 -- Detecting C compile features
#9 1.416 -- Detecting C compile features - done
#9 1.422 -- Looking for pthread.h
#9 1.516 -- Looking for pthread.h - found
#9 1.516 -- Performing Test CMAKE_HAVE_LIBC_PTHREAD
#9 1.616 -- Performing Test CMAKE_HAVE_LIBC_PTHREAD - Failed
#9 1.617 -- Check if compiler accepts -pthread
#9 1.723 -- Check if compiler accepts -pthread - yes
#9 1.725 -- Found Threads: TRUE  
#9 1.736 -- Could NOT find LibLZMA (missing: LIBLZMA_LIBRARY LIBLZMA_INCLUDE_DIR LIBLZMA_HAS_AUTO_DECODER LIBLZMA_HAS_EASY_ENCODER LIBLZMA_HAS_LZMA_PRESET) 
#9 1.752 -- Found ZLIB: /usr/lib/x86_64-linux-gnu/libz.so (found version "1.2.11") 
#9 1.753 -- Performing Test LIB_PROTO_MUTATOR_HAS_SANITIZE_ADDRESS
#9 1.996 -- Performing Test LIB_PROTO_MUTATOR_HAS_SANITIZE_ADDRESS - Success
#9 1.998 -- Performing Test LIB_PROTO_MUTATOR_HAS_SANITIZE_SCOPE
#9 2.240 -- Performing Test LIB_PROTO_MUTATOR_HAS_SANITIZE_SCOPE - Success
#9 2.242 -- Performing Test LIB_PROTO_MUTATOR_HAS_NO_COVERAGE
#9 2.338 -- Performing Test LIB_PROTO_MUTATOR_HAS_NO_COVERAGE - Success
#9 2.340 -- Performing Test LIB_PROTO_MUTATOR_HAS_SANITIZE_FUZZER
#9 2.521 -- Performing Test LIB_PROTO_MUTATOR_HAS_SANITIZE_FUZZER - Success
#9 2.524 -- Performing Test LIB_PROTO_MUTATOR_HAS_NO_SANITIZE_FUZZER
#9 2.618 -- Performing Test LIB_PROTO_MUTATOR_HAS_NO_SANITIZE_FUZZER - Success
#9 2.620 -- Performing Test LIB_PROTO_MUTATOR_HAS_WSTRING_CONVERSION
#9 2.716 -- Performing Test LIB_PROTO_MUTATOR_HAS_WSTRING_CONVERSION - Success
#9 2.732 -- Could NOT find Protobuf (missing: Protobuf_LIBRARIES Protobuf_INCLUDE_DIR) 
#9 2.830 -- Configuring done
#9 2.832 CMake Error: The following variables are used in this project, but they are set to NOTFOUND.
#9 2.832 Please set them or make sure they are set and tested correctly in the CMake files:
#9 2.832 LIBLZMA_LIBRARY (ADVANCED)
#9 2.832     linked by target "libxml2_example" in directory /src/libprotobuf-mutator/examples/libxml2
#9 2.832 
#9 2.856 -- Generating done
#9 2.860 CMake Generate step failed.  Build files cannot be regenerated correctly.
#9 ERROR: executor failed running [/bin/sh -c (mkdir LPM && cd LPM && cmake ../libprotobuf-mutator -GNinja -DLIB_PROTO_MUTATOR_DOWNLOAD_PROTOBUF=ON -DLIB_PROTO_MUTATOR_TESTING=OFF -DCMAKE_BUILD_TYPE=Release && ninja)]: exit code: 1
------
 > importing cache manifest from gcr.io/fuzzbench/builders/benchmark/xerces-c_parse_target:
------
------
 > [5/6] RUN (mkdir LPM && cd LPM && cmake ../libprotobuf-mutator -GNinja -DLIB_PROTO_MUTATOR_DOWNLOAD_PROTOBUF=ON -DLIB_PROTO_MUTATOR_TESTING=OFF -DCMAKE_BUILD_TYPE=Release && ninja):
------
executor failed running [/bin/sh -c (mkdir LPM && cd LPM && cmake ../libprotobuf-mutator -GNinja -DLIB_PROTO_MUTATOR_DOWNLOAD_PROTOBUF=ON -DLIB_PROTO_MUTATOR_TESTING=OFF -DCMAKE_BUILD_TYPE=Release && ninja)]: exit code: 1
make: *** [docker/generated.mk:71809: .xerces-c_parse_target-project-builder] Error 1
