WARNING:root:gcloud not found in PATH.
INFO:root:Successfully integrated benchmark: cpython2_cpython2.
INFO:root:Please run "make test-run-afl-cpython2_cpython2" to test integration.
#2 [internal] load .dockerignore
#2 sha256:d0f4c2240043cc45ea86d515d96bfbc254b432eacdea4e25f564f21954aacb60
#2 transferring context:
#2 transferring context: 2B done
#2 DONE 0.3s

#1 [internal] load build definition from Dockerfile
#1 sha256:caaac10ab3287c3b5e837b6c632d78d36067c135ad117f11e2d0c693c56f8f74
#1 transferring dockerfile: 2B done
#1 DONE 0.3s
failed to solve with frontend dockerfile.v0: failed to read dockerfile: open /var/lib/docker/tmp/buildkit-mount640624633/Dockerfile: no such file or directory
make: *** [docker/generated.mk:9378: .cpython2_cpython2-project-builder] Error 1
/bin/sh: 1: source: not found
#2 [internal] load .dockerignore
#2 sha256:bbdcaed478f8b238d5ecec5ac4e7173eaad3d21d2cf59d85b97d66c0f1f3fd5a
#2 transferring context: 2B done
#2 DONE 0.2s

#1 [internal] load build definition from Dockerfile
#1 sha256:e2d3b780c1b33c650c8d5ddb1ca7d640809a8f5bb6a4a4f29e12397f9573ae61
#1 transferring dockerfile: 2B done
#1 DONE 0.2s
failed to solve with frontend dockerfile.v0: failed to read dockerfile: open /var/lib/docker/tmp/buildkit-mount180898011/Dockerfile: no such file or directory
make: *** [docker/generated.mk:9378: .cpython2_cpython2-project-builder] Error 1
