WARNING:root:gcloud not found in PATH.
INFO:root:Successfully integrated benchmark: libvips_libvips.
INFO:root:Please run "make test-run-afl-libvips_libvips" to test integration.
#2 [internal] load .dockerignore
#2 sha256:6a7ecde6af11667a9afa1ca7fc7f31e4959302a6031b26f9a08f8df8d98ced8b
#2 transferring context: 2B done
#2 ...

#1 [internal] load build definition from Dockerfile
#1 sha256:28510d1a94be873a1e8d94ee342ef233c2fab4e6059070bc664823fd35b9d26c
#1 transferring dockerfile: 1.62kB done
#1 DONE 0.3s

#2 [internal] load .dockerignore
#2 sha256:6a7ecde6af11667a9afa1ca7fc7f31e4959302a6031b26f9a08f8df8d98ced8b
#2 DONE 0.3s

#3 [internal] load metadata for gcr.io/oss-fuzz-base/base-builder:latest
#3 sha256:f10dc39cc9d418a5bc416dead31a1902b6821fdae909cd3b08f7a3fd1faba7b5
#3 DONE 0.4s

#18 [internal] load build context
#18 sha256:0a8cb2b1ebac24617c3dfd323c0adaa9764d6f246fa06a1a7ccc7169848bdc97
#18 DONE 0.0s

#5 [ 1/14] FROM gcr.io/oss-fuzz-base/base-builder@sha256:4ad017ca53699eda684c1c444948c93a4af848fe34baee3a765d3c4693fe6a56
#5 sha256:3f10b3978a3951f6e2692fa5e5890ee5a755650381dedece7198ed0b1dcdaa8c
#5 DONE 0.0s

#4 importing cache manifest from gcr.io/fuzzbench/builders/benchmark/libvips_libvips
#4 sha256:f4650d850c1aff3a862be9bc2a3cf24e5ca6d045f10bcf74c3ae5ab1d4be0f55
#4 ERROR: gcr.io/fuzzbench/builders/benchmark/libvips_libvips:latest: not found

#18 [internal] load build context
#18 sha256:0a8cb2b1ebac24617c3dfd323c0adaa9764d6f246fa06a1a7ccc7169848bdc97
#18 transferring context: 3.56kB done
#18 DONE 0.1s

#6 [ 2/14] RUN apt-get update && apt-get install -y   curl   automake   cmake   nasm   gtk-doc-tools   gobject-introspection   libfftw3-dev   libexpat1-dev   libffi-dev   glib2.0-dev
#6 sha256:d5da10aef88ee4dea4cedb67adcb2f24f915721316e5a5cd7b0a4ff19156489e
#6 CACHED

#7 [ 3/14] RUN mkdir afl-testcases
#7 sha256:2d609545e2ca750543019ca2f270d31ac7f5c72451b91ca355806fdd8203659e
#7 CACHED

#8 [ 4/14] RUN curl http://lcamtuf.coredump.cx/afl/demo/afl_testcases.tgz | tar xzC afl-testcases
#8 sha256:1442f4387e656536707cf192f4f8495f4599598ec96f23639900cf2be7d9cf69
#8 0.538   % Total    % Received % Xferd  Average Speed   Time    Time     Time  Current
#8 0.538                                  Dload  Upload   Total   Spent    Left  Speed
#8 0.538   0     0    0     0    0     0      0      0 --:--:-- --:--:-- --:--:--     0  0     0    0     0    0     0      0      0 --:--:-- --:--:-- --:--:--     0
#8 0.673 
#8 0.673 gzip: stdin: unexpected end of file
#8 0.674 tar: Child returned status 1
#8 0.674 tar: Error is not recoverable: exiting now
#8 ERROR: executor failed running [/bin/sh -c curl http://lcamtuf.coredump.cx/afl/demo/afl_testcases.tgz | tar xzC afl-testcases]: exit code: 2
------
 > importing cache manifest from gcr.io/fuzzbench/builders/benchmark/libvips_libvips:
------
------
 > [ 4/14] RUN curl http://lcamtuf.coredump.cx/afl/demo/afl_testcases.tgz | tar xzC afl-testcases:
------
executor failed running [/bin/sh -c curl http://lcamtuf.coredump.cx/afl/demo/afl_testcases.tgz | tar xzC afl-testcases]: exit code: 2
make: *** [docker/generated.mk:36563: .libvips_libvips-project-builder] Error 1
/bin/sh: 1: source: not found
#1 [internal] load build definition from Dockerfile
#1 sha256:8a1c2cd2a4c06615ad0903a1c5a17b95cda58acaa6d5c2dda8e7c5a708f8eda1
#1 transferring dockerfile: 32B done
#1 DONE 0.3s

#2 [internal] load .dockerignore
#2 sha256:c963aa87cd18b8e5d83960a7dace280050d4678d4230a3abcc45d3528007bbf3
#2 transferring context: 2B done
#2 DONE 0.3s

#3 [internal] load metadata for gcr.io/oss-fuzz-base/base-builder:latest
#3 sha256:f10dc39cc9d418a5bc416dead31a1902b6821fdae909cd3b08f7a3fd1faba7b5
#3 DONE 0.4s

#18 [internal] load build context
#18 sha256:2079f64a77bc47aefd1384b9b9991bce583742726e9472b9d8b30e6a1d9a6302
#18 DONE 0.0s

#5 [ 1/14] FROM gcr.io/oss-fuzz-base/base-builder@sha256:4ad017ca53699eda684c1c444948c93a4af848fe34baee3a765d3c4693fe6a56
#5 sha256:3f10b3978a3951f6e2692fa5e5890ee5a755650381dedece7198ed0b1dcdaa8c
#5 DONE 0.0s

#4 importing cache manifest from gcr.io/fuzzbench/builders/benchmark/libvips_libvips
#4 sha256:f4650d850c1aff3a862be9bc2a3cf24e5ca6d045f10bcf74c3ae5ab1d4be0f55
#4 ERROR: gcr.io/fuzzbench/builders/benchmark/libvips_libvips:latest: not found

#6 [ 2/14] RUN apt-get update && apt-get install -y   curl   automake   cmake   nasm   gtk-doc-tools   gobject-introspection   libfftw3-dev   libexpat1-dev   libffi-dev   glib2.0-dev
#6 sha256:d5da10aef88ee4dea4cedb67adcb2f24f915721316e5a5cd7b0a4ff19156489e
#6 CACHED

#7 [ 3/14] RUN mkdir afl-testcases
#7 sha256:2d609545e2ca750543019ca2f270d31ac7f5c72451b91ca355806fdd8203659e
#7 CACHED

#18 [internal] load build context
#18 sha256:2079f64a77bc47aefd1384b9b9991bce583742726e9472b9d8b30e6a1d9a6302
#18 transferring context: 30B done
#18 DONE 0.2s

#8 [ 4/14] RUN curl http://lcamtuf.coredump.cx/afl/demo/afl_testcases.tgz | tar xzC afl-testcases
#8 sha256:1442f4387e656536707cf192f4f8495f4599598ec96f23639900cf2be7d9cf69
#8 0.618   % Total    % Received % Xferd  Average Speed   Time    Time     Time  Current
#8 0.618                                  Dload  Upload   Total   Spent    Left  Speed
#8 0.618   0     0    0     0    0     0      0      0 --:--:-- --:--:-- --:--:--     0  0     0    0     0    0     0      0      0 --:--:-- --:--:-- --:--:--     0
#8 0.673 
#8 0.673 gzip: stdin: unexpected end of file
#8 0.674 tar: Child returned status 1
#8 0.674 tar: Error is not recoverable: exiting now
#8 ERROR: executor failed running [/bin/sh -c curl http://lcamtuf.coredump.cx/afl/demo/afl_testcases.tgz | tar xzC afl-testcases]: exit code: 2
------
 > importing cache manifest from gcr.io/fuzzbench/builders/benchmark/libvips_libvips:
------
------
 > [ 4/14] RUN curl http://lcamtuf.coredump.cx/afl/demo/afl_testcases.tgz | tar xzC afl-testcases:
------
executor failed running [/bin/sh -c curl http://lcamtuf.coredump.cx/afl/demo/afl_testcases.tgz | tar xzC afl-testcases]: exit code: 2
make: *** [docker/generated.mk:36563: .libvips_libvips-project-builder] Error 1
