WARNING:root:gcloud not found in PATH.
INFO:root:Successfully integrated benchmark: tpm2-tss_tpm2-tss.
INFO:root:Please run "make test-run-afl-tpm2-tss_tpm2-tss" to test integration.
#1 [internal] load build definition from Dockerfile
#1 sha256:d40a6b770556d7cf72b70469bee1d04f30bf8975474ee0da3d9dbc032bb11741
#1 transferring dockerfile: 2.96kB done
#1 DONE 0.0s

#2 [internal] load .dockerignore
#2 sha256:e36832bface3e0f1c2cabdc0e52390ad3666ab3eedd335e782956b3a44501179
#2 transferring context: 2B done
#2 DONE 0.0s

#3 [internal] load metadata for gcr.io/oss-fuzz-base/base-builder:latest
#3 sha256:f10dc39cc9d418a5bc416dead31a1902b6821fdae909cd3b08f7a3fd1faba7b5
#3 DONE 0.4s

#23 [internal] load build context
#23 sha256:4e0af046de49631ea85325a9a0148a1adda2851e1ed7fc4f84fc182659ad5727
#23 DONE 0.0s

#5 [ 1/19] FROM gcr.io/oss-fuzz-base/base-builder@sha256:f4e5ea12494fab091c5d830cf803b3421f2860f729b9d1b07da44924396cf8cf
#5 sha256:ef290950573a2779ee526af357b28fbddfc20d7409aa51f58f777c9e972cba29
#5 DONE 0.0s

#4 importing cache manifest from gcr.io/fuzzbench/builders/benchmark/tpm2-tss_tpm2-tss
#4 sha256:69f1a3868b6d602d80bddbd88e71a10bb4cec3ff0ae730ce2c53bb91668dc272
#4 ERROR: gcr.io/fuzzbench/builders/benchmark/tpm2-tss_tpm2-tss:latest: not found

#5 [ 1/19] FROM gcr.io/oss-fuzz-base/base-builder@sha256:f4e5ea12494fab091c5d830cf803b3421f2860f729b9d1b07da44924396cf8cf
#5 sha256:ef290950573a2779ee526af357b28fbddfc20d7409aa51f58f777c9e972cba29
#5 CACHED

#23 [internal] load build context
#23 sha256:4e0af046de49631ea85325a9a0148a1adda2851e1ed7fc4f84fc182659ad5727
#23 transferring context: 1.20kB done
#23 DONE 0.6s

#6 [ 2/19] RUN apt-get update &&     apt-get install -y     autoconf-archive     curl     libcmocka0     libcmocka-dev     net-tools     build-essential     git     pkg-config     gcc     g++     m4     libtool     automake     libgcrypt20-dev     libssl-dev     autoconf     gnulib     wget     doxygen     libdbus-1-dev     libglib2.0-dev     clang-6.0     clang-tools-6.0     pandoc     lcov     libcurl4-openssl-dev     dbus-x11     python-yaml     python3-yaml     vim-common     python3-pip     libsqlite3-dev     python-cryptography     python3-cryptography
#6 sha256:a672e012b5c799fe0417582a60448ce81880a7e407a7f68e2a9c059bd30ceeb1
#6 0.632 Hit:1 http://ppa.launchpad.net/git-core/ppa/ubuntu focal InRelease
#6 0.645 Hit:2 http://archive.ubuntu.com/ubuntu focal InRelease
#6 0.670 Get:3 http://archive.ubuntu.com/ubuntu focal-updates InRelease [114 kB]
#6 0.770 Get:4 http://archive.ubuntu.com/ubuntu focal-backports InRelease [108 kB]
#6 0.786 Get:5 http://security.ubuntu.com/ubuntu focal-security InRelease [114 kB]
#6 1.201 Get:6 http://archive.ubuntu.com/ubuntu focal-updates/universe i386 Packages [827 kB]
#6 1.327 Get:7 http://archive.ubuntu.com/ubuntu focal-updates/universe amd64 Packages [1134 kB]
#6 1.407 Get:8 http://archive.ubuntu.com/ubuntu focal-updates/main amd64 Packages [1973 kB]
#6 1.553 Get:9 http://archive.ubuntu.com/ubuntu focal-updates/main i386 Packages [752 kB]
#6 1.608 Get:10 http://security.ubuntu.com/ubuntu focal-security/main amd64 Packages [1546 kB]
#6 2.122 Get:11 http://security.ubuntu.com/ubuntu focal-security/main i386 Packages [464 kB]
#6 2.157 Get:12 http://security.ubuntu.com/ubuntu focal-security/universe i386 Packages [657 kB]
#6 2.205 Get:13 http://security.ubuntu.com/ubuntu focal-security/universe amd64 Packages [840 kB]
#6 2.440 Fetched 8529 kB in 2s (4731 kB/s)
#6 2.440 Reading package lists...
#6 4.166 Reading package lists...
#6 5.589 Building dependency tree...
#6 5.800 Reading state information...
#6 6.022 g++ is already the newest version (4:9.3.0-1ubuntu2).
#6 6.022 g++ set to manually installed.
#6 6.022 gcc is already the newest version (4:9.3.0-1ubuntu2).
#6 6.022 gcc set to manually installed.
#6 6.022 build-essential is already the newest version (12.8ubuntu1.1).
#6 6.022 curl is already the newest version (7.68.0-1ubuntu2.7).
#6 6.022 wget is already the newest version (1.20.3-1ubuntu2).
#6 6.022 git is already the newest version (1:2.35.1-0ppa1~ubuntu20.04.1).
#6 6.022 The following additional packages will be installed:
#6 6.022   alsa-topology-conf alsa-ucm-conf autopoint autotools-dev binfmt-support
#6 6.022   bison cmocka-doc fontconfig-config fonts-dejavu-core gettext gettext-base
#6 6.022   gperf javascript-common libasound2 libasound2-data libauthen-sasl-perl
#6 6.022   libblkid-dev libcanberra0 libclang-common-6.0-dev libclang1-10 libclang1-6.0
#6 6.022   libcommon-sense-perl libcroco3 libdata-dump-perl libencode-locale-perl
#6 6.022   libexpat1-dev libffi-dev libfile-listing-perl libfont-afm-perl
#6 6.022   libfontconfig1 libfreetype6 libgc1c2 libgd-perl libgd3 libglib2.0-dev-bin
#6 6.022   libgpg-error-dev libgpm2 libhtml-form-perl libhtml-format-perl
#6 6.022   libhtml-parser-perl libhtml-tagset-perl libhtml-tree-perl
#6 6.022   libhttp-cookies-perl libhttp-daemon-perl libhttp-date-perl
#6 6.022   libhttp-message-perl libhttp-negotiate-perl libio-html-perl
#6 6.022   libio-socket-ssl-perl libjbig0 libjpeg-turbo8 libjpeg8 libjs-jquery
#6 6.022   libjson-perl libjson-xs-perl libjsoncpp1 libllvm10 libllvm6.0 libltdl-dev
#6 6.023   libltdl7 liblwp-mediatypes-perl liblwp-protocol-https-perl libmailtools-perl
#6 6.023   libmount-dev libncurses-dev libnet-http-perl libnet-smtp-ssl-perl
#6 6.023   libnet-ssleay-perl libobjc-9-dev libobjc4 libogg0 libomp-10-dev libomp-dev
#6 6.023   libomp5-10 libpcre16-3 libpcre2-16-0 libpcre2-32-0 libpcre2-dev
#6 6.023   libpcre2-posix2 libpcre3-dev libpcre32-3 libpcrecpp0v5 libperlio-gzip-perl
#6 6.023   libpipeline1 libpng16-16 libpython2-stdlib libpython2.7-minimal
#6 6.023   libpython2.7-stdlib libpython3-dev libpython3.8 libpython3.8-dev
#6 6.023   libselinux1-dev libsepol1-dev libsigsegv2 libtdb1 libtext-unidecode-perl
#6 6.023   libtiff5 libtimedate-perl libtinfo-dev libtry-tiny-perl
#6 6.023   libtypes-serialiser-perl liburi-perl libvorbis0a libvorbisfile3 libwebp6
#6 6.023   libwww-perl libwww-robotrules-perl libxapian30 libxml-libxml-perl
#6 6.023   libxml-namespacesupport-perl libxml-parser-perl libxml-sax-base-perl
#6 6.023   libxml-sax-expat-perl libxml-sax-perl libxpm4 llvm-6.0 llvm-6.0-dev
#6 6.024   llvm-6.0-runtime pandoc-data perl-openssl-defaults python-cffi-backend
#6 6.024   python-enum34 python-ipaddress python-pip-whl python-six python2
#6 6.024   python2-minimal python2.7 python2.7-minimal python3-cffi-backend python3-dev
#6 6.024   python3-distutils python3-lib2to3 python3-setuptools python3-wheel
#6 6.024   python3.8-dev sound-theme-freedesktop tex-common texinfo uuid-dev vim
#6 6.024   vim-runtime xxd zlib1g-dev
#6 6.026 Suggested packages:
#6 6.026   gnu-standards autoconf-doc bison-doc gnustep gnustep-devel doxygen-latex
#6 6.026   doxygen-doc doxygen-gui graphviz gettext-doc libasprintf-dev
#6 6.026   libgettextpo-dev clisp apache2 | lighttpd | httpd libasound2-plugins
#6 6.026   alsa-utils libdigest-hmac-perl libgssapi-perl libcanberra-gtk0
#6 6.026   libcanberra-pulse libcurl4-doc libidn11-dev libkrb5-dev libldap2-dev
#6 6.026   librtmp-dev libssh2-1-dev libgcrypt20-doc libgd-tools libgirepository1.0-dev
#6 6.026   libglib2.0-doc libgdk-pixbuf2.0-bin | libgdk-pixbuf2.0-dev libxml2-utils gpm
#6 6.026   libtool-doc libcrypt-ssleay-perl ncurses-doc libomp-10-doc sqlite3-doc
#6 6.026   libssl-doc gfortran | fortran95-compiler gcj-jdk libauthen-ntlm-perl
#6 6.026   xapian-tools libxml-sax-expatxs-perl m4-doc texlive-latex-recommended
#6 6.026   texlive-xetex texlive-luatex pandoc-citeproc texlive-latex-extra context
#6 6.026   wkhtmltopdf librsvg2-bin groff ghc nodejs php python ruby r-base-core
#6 6.026   libjs-mathjax node-katex python-cryptography-doc python-cryptography-vectors
#6 6.026   python-enum34-doc python2-doc python-tk python2.7-doc
#6 6.026   python3-cryptography-vectors python-setuptools-doc debhelper texlive-base
#6 6.026   texlive-latex-base texlive-plain-generic texlive-fonts-recommended ctags
#6 6.026   vim-doc vim-scripts
#6 6.595 The following NEW packages will be installed:
#6 6.595   alsa-topology-conf alsa-ucm-conf autoconf autoconf-archive automake
#6 6.595   autopoint autotools-dev binfmt-support bison clang-6.0 clang-tools-6.0
#6 6.595   cmocka-doc dbus-x11 doxygen fontconfig-config fonts-dejavu-core gettext
#6 6.595   gettext-base gnulib gperf javascript-common lcov libasound2 libasound2-data
#6 6.595   libauthen-sasl-perl libblkid-dev libcanberra0 libclang-common-6.0-dev
#6 6.595   libclang1-10 libclang1-6.0 libcmocka-dev libcmocka0 libcommon-sense-perl
#6 6.595   libcroco3 libcurl4-openssl-dev libdata-dump-perl libdbus-1-dev
#6 6.595   libencode-locale-perl libexpat1-dev libffi-dev libfile-listing-perl
#6 6.595   libfont-afm-perl libfontconfig1 libfreetype6 libgc1c2 libgcrypt20-dev
#6 6.595   libgd-perl libgd3 libglib2.0-dev libglib2.0-dev-bin libgpg-error-dev libgpm2
#6 6.595   libhtml-form-perl libhtml-format-perl libhtml-parser-perl
#6 6.595   libhtml-tagset-perl libhtml-tree-perl libhttp-cookies-perl
#6 6.595   libhttp-daemon-perl libhttp-date-perl libhttp-message-perl
#6 6.595   libhttp-negotiate-perl libio-html-perl libio-socket-ssl-perl libjbig0
#6 6.595   libjpeg-turbo8 libjpeg8 libjs-jquery libjson-perl libjson-xs-perl
#6 6.596   libjsoncpp1 libllvm10 libllvm6.0 libltdl-dev libltdl7 liblwp-mediatypes-perl
#6 6.596   liblwp-protocol-https-perl libmailtools-perl libmount-dev libncurses-dev
#6 6.596   libnet-http-perl libnet-smtp-ssl-perl libnet-ssleay-perl libobjc-9-dev
#6 6.596   libobjc4 libogg0 libomp-10-dev libomp-dev libomp5-10 libpcre16-3
#6 6.596   libpcre2-16-0 libpcre2-32-0 libpcre2-dev libpcre2-posix2 libpcre3-dev
#6 6.596   libpcre32-3 libpcrecpp0v5 libperlio-gzip-perl libpipeline1 libpng16-16
#6 6.596   libpython2-stdlib libpython2.7-minimal libpython2.7-stdlib libpython3-dev
#6 6.596   libpython3.8 libpython3.8-dev libselinux1-dev libsepol1-dev libsigsegv2
#6 6.596   libsqlite3-dev libssl-dev libtdb1 libtext-unidecode-perl libtiff5
#6 6.596   libtimedate-perl libtinfo-dev libtool libtry-tiny-perl
#6 6.596   libtypes-serialiser-perl liburi-perl libvorbis0a libvorbisfile3 libwebp6
#6 6.596   libwww-perl libwww-robotrules-perl libxapian30 libxml-libxml-perl
#6 6.596   libxml-namespacesupport-perl libxml-parser-perl libxml-sax-base-perl
#6 6.596   libxml-sax-expat-perl libxml-sax-perl libxpm4 llvm-6.0 llvm-6.0-dev
#6 6.597   llvm-6.0-runtime m4 net-tools pandoc pandoc-data perl-openssl-defaults
#6 6.597   pkg-config python-cffi-backend python-cryptography python-enum34
#6 6.597   python-ipaddress python-pip-whl python-six python-yaml python2
#6 6.597   python2-minimal python2.7 python2.7-minimal python3-cffi-backend
#6 6.597   python3-cryptography python3-dev python3-distutils python3-lib2to3
#6 6.597   python3-pip python3-setuptools python3-wheel python3-yaml python3.8-dev
#6 6.597   sound-theme-freedesktop tex-common texinfo uuid-dev vim vim-common
#6 6.597   vim-runtime xxd zlib1g-dev
#6 6.685 0 upgraded, 172 newly installed, 0 to remove and 3 not upgraded.
#6 6.685 Need to get 229 MB of archives.
#6 6.685 After this operation, 1145 MB of additional disk space will be used.
#6 6.685 Get:1 http://archive.ubuntu.com/ubuntu focal/universe amd64 autoconf-archive all 20190106-2.1ubuntu1 [665 kB]
#6 6.854 Get:2 http://archive.ubuntu.com/ubuntu focal-updates/universe amd64 libpython2.7-minimal amd64 2.7.18-1~20.04.1 [335 kB]
#6 6.879 Get:3 http://archive.ubuntu.com/ubuntu focal-updates/universe amd64 python2.7-minimal amd64 2.7.18-1~20.04.1 [1285 kB]
#6 6.979 Get:4 http://archive.ubuntu.com/ubuntu focal/universe amd64 python2-minimal amd64 2.7.17-2ubuntu4 [27.5 kB]
#6 6.981 Get:5 http://archive.ubuntu.com/ubuntu focal-updates/universe amd64 libpython2.7-stdlib amd64 2.7.18-1~20.04.1 [1887 kB]
#6 7.140 Get:6 http://archive.ubuntu.com/ubuntu focal-updates/universe amd64 python2.7 amd64 2.7.18-1~20.04.1 [248 kB]
#6 7.158 Get:7 http://archive.ubuntu.com/ubuntu focal/universe amd64 libpython2-stdlib amd64 2.7.17-2ubuntu4 [7072 B]
#6 7.159 Get:8 http://archive.ubuntu.com/ubuntu focal/universe amd64 python2 amd64 2.7.17-2ubuntu4 [26.5 kB]
#6 7.161 Get:9 http://archive.ubuntu.com/ubuntu focal/universe amd64 tex-common all 6.13 [32.7 kB]
#6 7.163 Get:10 http://archive.ubuntu.com/ubuntu focal/main amd64 python3-cffi-backend amd64 1.14.0-1build1 [68.7 kB]
#6 7.168 Get:11 http://archive.ubuntu.com/ubuntu focal-updates/main amd64 python3-yaml amd64 5.3.1-1ubuntu0.1 [136 kB]
#6 7.490 Get:12 http://archive.ubuntu.com/ubuntu focal-updates/main amd64 xxd amd64 2:8.1.2269-1ubuntu5.7 [50.0 kB]
#6 7.491 Get:13 http://archive.ubuntu.com/ubuntu focal-updates/main amd64 vim-common all 2:8.1.2269-1ubuntu5.7 [85.0 kB]
#6 7.493 Get:14 http://archive.ubuntu.com/ubuntu focal/main amd64 gettext-base amd64 0.19.8.1-10build1 [50.2 kB]
#6 7.494 Get:15 http://archive.ubuntu.com/ubuntu focal/main amd64 libpipeline1 amd64 1.5.2-2build1 [27.7 kB]
#6 7.495 Get:16 http://archive.ubuntu.com/ubuntu focal/main amd64 libpng16-16 amd64 1.6.37-2 [179 kB]
#6 7.497 Get:17 http://archive.ubuntu.com/ubuntu focal/main amd64 alsa-topology-conf all 1.2.2-1 [7364 B]
#6 7.497 Get:18 http://archive.ubuntu.com/ubuntu focal-updates/main amd64 alsa-ucm-conf all 1.2.2-1ubuntu0.11 [26.9 kB]
#6 7.498 Get:19 http://archive.ubuntu.com/ubuntu focal/main amd64 libsigsegv2 amd64 2.12-2 [13.9 kB]
#6 7.499 Get:20 http://archive.ubuntu.com/ubuntu focal/main amd64 m4 amd64 1.4.18-4 [199 kB]
#6 7.516 Get:21 http://archive.ubuntu.com/ubuntu focal/main amd64 autoconf all 2.69-11.1 [321 kB]
#6 7.540 Get:22 http://archive.ubuntu.com/ubuntu focal/main amd64 autotools-dev all 20180224.1 [39.6 kB]
#6 7.544 Get:23 http://archive.ubuntu.com/ubuntu focal/main amd64 automake all 1:1.16.1-4ubuntu6 [522 kB]
#6 7.582 Get:24 http://archive.ubuntu.com/ubuntu focal/main amd64 autopoint all 0.19.8.1-10build1 [412 kB]
#6 7.613 Get:25 http://archive.ubuntu.com/ubuntu focal/universe amd64 binfmt-support amd64 2.2.0-2 [58.2 kB]
#6 7.617 Get:26 http://archive.ubuntu.com/ubuntu focal/main amd64 bison amd64 2:3.5.1+dfsg-1 [657 kB]
#6 7.665 Get:27 http://archive.ubuntu.com/ubuntu focal/main amd64 libjsoncpp1 amd64 1.7.4-3.1ubuntu2 [75.6 kB]
#6 7.671 Get:28 http://archive.ubuntu.com/ubuntu focal/universe amd64 libllvm6.0 amd64 1:6.0.1-14 [15.2 MB]
#6 8.870 Get:29 http://archive.ubuntu.com/ubuntu focal/main amd64 libgc1c2 amd64 1:7.6.4-0.4ubuntu1 [83.9 kB]
#6 8.872 Get:30 http://archive.ubuntu.com/ubuntu focal-updates/universe amd64 libobjc4 amd64 10.3.0-1ubuntu1~20.04 [42.8 kB]
#6 8.873 Get:31 http://archive.ubuntu.com/ubuntu focal-updates/universe amd64 libobjc-9-dev amd64 9.3.0-17ubuntu1~20.04 [226 kB]
#6 8.878 Get:32 http://archive.ubuntu.com/ubuntu focal/universe amd64 libclang-common-6.0-dev amd64 1:6.0.1-14 [3015 kB]
#6 9.065 Get:33 http://archive.ubuntu.com/ubuntu focal/universe amd64 libclang1-6.0 amd64 1:6.0.1-14 [7472 kB]
#6 9.654 Get:34 http://archive.ubuntu.com/ubuntu focal/universe amd64 clang-6.0 amd64 1:6.0.1-14 [9831 kB]
#6 10.41 Get:35 http://archive.ubuntu.com/ubuntu focal/universe amd64 clang-tools-6.0 amd64 1:6.0.1-14 [69.3 MB]
#6 15.93 Get:36 http://archive.ubuntu.com/ubuntu focal-updates/main amd64 dbus-x11 amd64 1.12.16-2ubuntu2.1 [22.6 kB]
#6 15.93 Get:37 http://archive.ubuntu.com/ubuntu focal/main amd64 libllvm10 amd64 1:10.0.0-4ubuntu1 [15.3 MB]
#6 16.86 Get:38 http://archive.ubuntu.com/ubuntu focal/universe amd64 libclang1-10 amd64 1:10.0.0-4ubuntu1 [7571 kB]
#6 17.33 Get:39 http://archive.ubuntu.com/ubuntu focal/universe amd64 libxapian30 amd64 1.4.14-2 [661 kB]
#6 17.38 Get:40 http://archive.ubuntu.com/ubuntu focal/universe amd64 doxygen amd64 1.8.17-0ubuntu2 [9630 kB]
#6 18.14 Get:41 http://archive.ubuntu.com/ubuntu focal/main amd64 fonts-dejavu-core all 2.37-1 [1041 kB]
#6 18.18 Get:42 http://archive.ubuntu.com/ubuntu focal/main amd64 fontconfig-config all 2.13.1-2ubuntu3 [28.8 kB]
#6 18.18 Get:43 http://archive.ubuntu.com/ubuntu focal/main amd64 libcroco3 amd64 0.6.13-1 [82.5 kB]
#6 18.18 Get:44 http://archive.ubuntu.com/ubuntu focal/main amd64 gettext amd64 0.19.8.1-10build1 [895 kB]
#6 18.25 Get:45 http://archive.ubuntu.com/ubuntu focal/universe amd64 gnulib all 20200127~e313a53-1 [4277 kB]
#6 18.57 Get:46 http://archive.ubuntu.com/ubuntu focal/universe amd64 gperf amd64 3.1-1build1 [103 kB]
#6 18.58 Get:47 http://archive.ubuntu.com/ubuntu focal/main amd64 javascript-common all 11 [6066 B]
#6 18.58 Get:48 http://archive.ubuntu.com/ubuntu focal/main amd64 libjson-perl all 4.02000-2 [80.9 kB]
#6 18.58 Get:49 http://archive.ubuntu.com/ubuntu focal/main amd64 libperlio-gzip-perl amd64 0.19-1build5 [14.6 kB]
#6 18.58 Get:50 http://archive.ubuntu.com/ubuntu focal/universe amd64 lcov all 1.14-2 [97.1 kB]
#6 18.59 Get:51 http://archive.ubuntu.com/ubuntu focal-updates/main amd64 libasound2-data all 1.2.2-2.1ubuntu2.5 [20.1 kB]
#6 18.59 Get:52 http://archive.ubuntu.com/ubuntu focal-updates/main amd64 libasound2 amd64 1.2.2-2.1ubuntu2.5 [335 kB]
#6 18.62 Get:53 http://archive.ubuntu.com/ubuntu focal/main amd64 libltdl7 amd64 2.4.6-14 [38.5 kB]
#6 18.62 Get:54 http://archive.ubuntu.com/ubuntu focal-updates/main amd64 libtdb1 amd64 1.4.3-0ubuntu0.20.04.1 [44.2 kB]
#6 18.62 Get:55 http://archive.ubuntu.com/ubuntu focal/main amd64 libogg0 amd64 1.3.4-0ubuntu1 [24.0 kB]
#6 18.64 Get:56 http://archive.ubuntu.com/ubuntu focal/main amd64 libvorbis0a amd64 1.3.6-2ubuntu1 [87.0 kB]
#6 18.64 Get:57 http://archive.ubuntu.com/ubuntu focal/main amd64 libvorbisfile3 amd64 1.3.6-2ubuntu1 [16.1 kB]
#6 18.64 Get:58 http://archive.ubuntu.com/ubuntu focal/main amd64 sound-theme-freedesktop all 0.8-2ubuntu1 [384 kB]
#6 18.67 Get:59 http://archive.ubuntu.com/ubuntu focal/main amd64 libcanberra0 amd64 0.30-7ubuntu1 [38.1 kB]
#6 18.68 Get:60 http://archive.ubuntu.com/ubuntu focal/main amd64 libcommon-sense-perl amd64 3.74-2build6 [20.1 kB]
#6 18.68 Get:61 http://archive.ubuntu.com/ubuntu focal-updates/main amd64 libcurl4-openssl-dev amd64 7.68.0-1ubuntu2.7 [321 kB]
#6 18.70 Get:62 http://archive.ubuntu.com/ubuntu focal/main amd64 libdata-dump-perl all 1.23-1 [27.0 kB]
#6 18.70 Get:63 http://archive.ubuntu.com/ubuntu focal/main amd64 pkg-config amd64 0.29.1-0ubuntu4 [45.5 kB]
#6 18.71 Get:64 http://archive.ubuntu.com/ubuntu focal-updates/main amd64 libdbus-1-dev amd64 1.12.16-2ubuntu2.1 [167 kB]
#6 18.72 Get:65 http://archive.ubuntu.com/ubuntu focal/main amd64 libencode-locale-perl all 1.05-1 [12.3 kB]
#6 18.72 Get:66 http://archive.ubuntu.com/ubuntu focal/main amd64 libexpat1-dev amd64 2.2.9-1build1 [116 kB]
#6 18.73 Get:67 http://archive.ubuntu.com/ubuntu focal/main amd64 libtimedate-perl all 2.3200-1 [34.0 kB]
#6 18.73 Get:68 http://archive.ubuntu.com/ubuntu focal/main amd64 libhttp-date-perl all 6.05-1 [9920 B]
#6 18.73 Get:69 http://archive.ubuntu.com/ubuntu focal/main amd64 libfile-listing-perl all 6.04-1 [9774 B]
#6 18.73 Get:70 http://archive.ubuntu.com/ubuntu focal/main amd64 libfont-afm-perl all 1.20-2 [13.2 kB]
#6 18.74 Get:71 http://archive.ubuntu.com/ubuntu focal-updates/main amd64 libfreetype6 amd64 2.10.1-2ubuntu0.1 [341 kB]
#6 18.77 Get:72 http://archive.ubuntu.com/ubuntu focal/main amd64 libfontconfig1 amd64 2.13.1-2ubuntu3 [114 kB]
#6 18.78 Get:73 http://archive.ubuntu.com/ubuntu focal/main amd64 libgpg-error-dev amd64 1.37-1 [109 kB]
#6 18.78 Get:74 http://archive.ubuntu.com/ubuntu focal-updates/main amd64 libgcrypt20-dev amd64 1.8.5-5ubuntu1.1 [471 kB]
#6 18.82 Get:75 http://archive.ubuntu.com/ubuntu focal-updates/main amd64 libjpeg-turbo8 amd64 2.0.3-0ubuntu1.20.04.1 [117 kB]
#6 18.83 Get:76 http://archive.ubuntu.com/ubuntu focal/main amd64 libjpeg8 amd64 8c-2ubuntu8 [2194 B]
#6 18.83 Get:77 http://archive.ubuntu.com/ubuntu focal/main amd64 libjbig0 amd64 2.1-3.1build1 [26.7 kB]
#6 18.83 Get:78 http://archive.ubuntu.com/ubuntu focal-updates/main amd64 libwebp6 amd64 0.6.1-2ubuntu0.20.04.1 [185 kB]
#6 18.84 Get:79 http://archive.ubuntu.com/ubuntu focal-updates/main amd64 libtiff5 amd64 4.1.0+git191117-2ubuntu0.20.04.2 [162 kB]
#6 18.86 Get:80 http://archive.ubuntu.com/ubuntu focal/main amd64 libxpm4 amd64 1:3.5.12-1 [34.0 kB]
#6 18.86 Get:81 http://archive.ubuntu.com/ubuntu focal-updates/main amd64 libgd3 amd64 2.2.5-5.2ubuntu2.1 [118 kB]
#6 18.87 Get:82 http://archive.ubuntu.com/ubuntu focal/main amd64 libffi-dev amd64 3.3-4 [57.0 kB]
#6 18.87 Get:83 http://archive.ubuntu.com/ubuntu focal-updates/main amd64 python3-lib2to3 all 3.8.10-0ubuntu1~20.04 [76.3 kB]
#6 18.88 Get:84 http://archive.ubuntu.com/ubuntu focal-updates/main amd64 python3-distutils all 3.8.10-0ubuntu1~20.04 [141 kB]
#6 18.89 Get:85 http://archive.ubuntu.com/ubuntu focal-updates/main amd64 libglib2.0-dev-bin amd64 2.64.6-1~ubuntu20.04.4 [109 kB]
#6 18.90 Get:86 http://archive.ubuntu.com/ubuntu focal-updates/main amd64 uuid-dev amd64 2.34-0.1ubuntu9.3 [33.6 kB]
#6 18.90 Get:87 http://archive.ubuntu.com/ubuntu focal-updates/main amd64 libblkid-dev amd64 2.34-0.1ubuntu9.3 [167 kB]
#6 18.91 Get:88 http://archive.ubuntu.com/ubuntu focal-updates/main amd64 libmount-dev amd64 2.34-0.1ubuntu9.3 [176 kB]
#6 18.92 Get:89 http://archive.ubuntu.com/ubuntu focal/main amd64 libpcre16-3 amd64 2:8.39-12build1 [150 kB]
#6 18.93 Get:90 http://archive.ubuntu.com/ubuntu focal/main amd64 libpcre32-3 amd64 2:8.39-12build1 [140 kB]
#6 18.94 Get:91 http://archive.ubuntu.com/ubuntu focal/main amd64 libpcrecpp0v5 amd64 2:8.39-12build1 [15.5 kB]
#6 18.95 Get:92 http://archive.ubuntu.com/ubuntu focal/main amd64 libpcre3-dev amd64 2:8.39-12build1 [540 kB]
#6 18.99 Get:93 http://archive.ubuntu.com/ubuntu focal/main amd64 libsepol1-dev amd64 3.0-1 [325 kB]
#6 19.01 Get:94 http://archive.ubuntu.com/ubuntu focal/main amd64 libpcre2-16-0 amd64 10.34-7 [181 kB]
#6 19.02 Get:95 http://archive.ubuntu.com/ubuntu focal/main amd64 libpcre2-32-0 amd64 10.34-7 [169 kB]
#6 19.04 Get:96 http://archive.ubuntu.com/ubuntu focal/main amd64 libpcre2-posix2 amd64 10.34-7 [5992 B]
#6 19.04 Get:97 http://archive.ubuntu.com/ubuntu focal/main amd64 libpcre2-dev amd64 10.34-7 [670 kB]
#6 19.09 Get:98 http://archive.ubuntu.com/ubuntu focal/main amd64 libselinux1-dev amd64 3.0-1build2 [151 kB]
#6 19.10 Get:99 http://archive.ubuntu.com/ubuntu focal-updates/main amd64 zlib1g-dev amd64 1:1.2.11.dfsg-2ubuntu1.2 [155 kB]
#6 19.11 Get:100 http://archive.ubuntu.com/ubuntu focal-updates/main amd64 libglib2.0-dev amd64 2.64.6-1~ubuntu20.04.4 [1506 kB]
#6 19.22 Get:101 http://archive.ubuntu.com/ubuntu focal/main amd64 libgpm2 amd64 1.20.7-5 [15.1 kB]
#6 19.27 Get:102 http://archive.ubuntu.com/ubuntu focal/main amd64 libhtml-tagset-perl all 3.20-4 [12.5 kB]
#6 19.30 Get:103 http://archive.ubuntu.com/ubuntu focal/main amd64 liburi-perl all 1.76-2 [77.5 kB]
#6 19.34 Get:104 http://archive.ubuntu.com/ubuntu focal/main amd64 libhtml-parser-perl amd64 3.72-5 [86.3 kB]
#6 19.36 Get:105 http://archive.ubuntu.com/ubuntu focal/main amd64 libio-html-perl all 1.001-1 [14.9 kB]
#6 19.36 Get:106 http://archive.ubuntu.com/ubuntu focal/main amd64 liblwp-mediatypes-perl all 6.04-1 [19.5 kB]
#6 19.37 Get:107 http://archive.ubuntu.com/ubuntu focal/main amd64 libhttp-message-perl all 6.22-1 [76.1 kB]
#6 19.38 Get:108 http://archive.ubuntu.com/ubuntu focal/main amd64 libhtml-form-perl all 6.07-1 [22.2 kB]
#6 19.38 Get:109 http://archive.ubuntu.com/ubuntu focal/main amd64 libhtml-tree-perl all 5.07-2 [200 kB]
#6 19.39 Get:110 http://archive.ubuntu.com/ubuntu focal/main amd64 libhtml-format-perl all 2.12-1 [41.3 kB]
#6 19.40 Get:111 http://archive.ubuntu.com/ubuntu focal/main amd64 libhttp-cookies-perl all 6.08-1 [18.3 kB]
#6 19.40 Get:112 http://archive.ubuntu.com/ubuntu focal/main amd64 libhttp-daemon-perl all 6.06-1 [21.4 kB]
#6 19.40 Get:113 http://archive.ubuntu.com/ubuntu focal/main amd64 libhttp-negotiate-perl all 6.01-1 [12.5 kB]
#6 19.40 Get:114 http://archive.ubuntu.com/ubuntu focal/main amd64 perl-openssl-defaults amd64 4 [7192 B]
#6 19.40 Get:115 http://archive.ubuntu.com/ubuntu focal/main amd64 libnet-ssleay-perl amd64 1.88-2ubuntu1 [291 kB]
#6 19.42 Get:116 http://archive.ubuntu.com/ubuntu focal/main amd64 libio-socket-ssl-perl all 2.067-1 [176 kB]
#6 19.44 Get:117 http://archive.ubuntu.com/ubuntu focal/main amd64 libjs-jquery all 3.3.1~dfsg-3 [329 kB]
#6 19.46 Get:118 http://archive.ubuntu.com/ubuntu focal/main amd64 libtypes-serialiser-perl all 1.0-1 [12.1 kB]
#6 19.46 Get:119 http://archive.ubuntu.com/ubuntu focal/main amd64 libjson-xs-perl amd64 4.020-1build1 [83.7 kB]
#6 19.47 Get:120 http://archive.ubuntu.com/ubuntu focal/main amd64 libltdl-dev amd64 2.4.6-14 [162 kB]
#6 19.48 Get:121 http://archive.ubuntu.com/ubuntu focal/main amd64 libnet-http-perl all 6.19-1 [22.8 kB]
#6 19.48 Get:122 http://archive.ubuntu.com/ubuntu focal/main amd64 libtry-tiny-perl all 0.30-1 [20.5 kB]
#6 19.48 Get:123 http://archive.ubuntu.com/ubuntu focal/main amd64 libwww-robotrules-perl all 6.02-1 [12.6 kB]
#6 19.48 Get:124 http://archive.ubuntu.com/ubuntu focal/main amd64 libwww-perl all 6.43-1 [140 kB]
#6 19.49 Get:125 http://archive.ubuntu.com/ubuntu focal/main amd64 liblwp-protocol-https-perl all 6.07-2ubuntu2 [8560 B]
#6 19.50 Get:126 http://archive.ubuntu.com/ubuntu focal/main amd64 libnet-smtp-ssl-perl all 1.04-1 [5948 B]
#6 19.50 Get:127 http://archive.ubuntu.com/ubuntu focal/main amd64 libmailtools-perl all 2.21-1 [80.7 kB]
#6 19.52 Get:128 http://archive.ubuntu.com/ubuntu focal/main amd64 libncurses-dev amd64 6.2-0ubuntu2 [339 kB]
#6 19.54 Get:129 http://archive.ubuntu.com/ubuntu focal/universe amd64 libomp5-10 amd64 1:10.0.0-4ubuntu1 [300 kB]
#6 19.57 Get:130 http://archive.ubuntu.com/ubuntu focal/universe amd64 libomp-10-dev amd64 1:10.0.0-4ubuntu1 [47.7 kB]
#6 19.57 Get:131 http://archive.ubuntu.com/ubuntu focal-updates/main amd64 libpython3.8 amd64 3.8.10-0ubuntu1~20.04.2 [1625 kB]
#6 19.69 Get:132 http://archive.ubuntu.com/ubuntu focal-updates/main amd64 libpython3.8-dev amd64 3.8.10-0ubuntu1~20.04.2 [3950 kB]
#6 19.98 Get:133 http://archive.ubuntu.com/ubuntu focal/main amd64 libpython3-dev amd64 3.8.2-0ubuntu2 [7236 B]
#6 19.99 Get:134 http://archive.ubuntu.com/ubuntu focal-updates/main amd64 libsqlite3-dev amd64 3.31.1-4ubuntu0.2 [696 kB]
#6 20.04 Get:135 http://archive.ubuntu.com/ubuntu focal-updates/main amd64 libssl-dev amd64 1.1.1f-1ubuntu2.10 [1584 kB]
#6 20.15 Get:136 http://archive.ubuntu.com/ubuntu focal/universe amd64 libtext-unidecode-perl all 1.30-1 [99.0 kB]
#6 20.16 Get:137 http://archive.ubuntu.com/ubuntu focal/main amd64 libtinfo-dev amd64 6.2-0ubuntu2 [968 B]
#6 20.16 Get:138 http://archive.ubuntu.com/ubuntu focal/main amd64 libtool all 2.4.6-14 [161 kB]
#6 20.17 Get:139 http://archive.ubuntu.com/ubuntu focal/main amd64 libxml-namespacesupport-perl all 1.12-1 [13.2 kB]
#6 20.17 Get:140 http://archive.ubuntu.com/ubuntu focal/main amd64 libxml-sax-base-perl all 1.09-1 [18.8 kB]
#6 20.18 Get:141 http://archive.ubuntu.com/ubuntu focal/main amd64 libxml-sax-perl all 1.02+dfsg-1 [56.2 kB]
#6 20.18 Get:142 http://archive.ubuntu.com/ubuntu focal/main amd64 libxml-libxml-perl amd64 2.0134+dfsg-1build1 [320 kB]
#6 20.20 Get:143 http://archive.ubuntu.com/ubuntu focal/main amd64 libxml-parser-perl amd64 2.46-1 [193 kB]
#6 20.22 Get:144 http://archive.ubuntu.com/ubuntu focal/main amd64 libxml-sax-expat-perl all 0.51-1 [10.5 kB]
#6 20.22 Get:145 http://archive.ubuntu.com/ubuntu focal/universe amd64 llvm-6.0-runtime amd64 1:6.0.1-14 [207 kB]
#6 20.24 Get:146 http://archive.ubuntu.com/ubuntu focal/universe amd64 llvm-6.0 amd64 1:6.0.1-14 [4889 kB]
#6 20.60 Get:147 http://archive.ubuntu.com/ubuntu focal/universe amd64 llvm-6.0-dev amd64 1:6.0.1-14 [24.0 MB]
#6 22.54 Get:148 http://archive.ubuntu.com/ubuntu focal/main amd64 net-tools amd64 1.60+git20180626.aebd88e-1ubuntu1 [196 kB]
#6 22.55 Get:149 http://archive.ubuntu.com/ubuntu focal/universe amd64 pandoc-data all 2.5-3build2 [76.0 kB]
#6 22.55 Get:150 http://archive.ubuntu.com/ubuntu focal/universe amd64 pandoc amd64 2.5-3build2 [15.4 MB]
#6 23.67 Get:151 http://archive.ubuntu.com/ubuntu focal/universe amd64 python-cffi-backend amd64 1.14.0-1build1 [69.6 kB]
#6 23.67 Get:152 http://archive.ubuntu.com/ubuntu focal/universe amd64 python-enum34 all 1.1.6-2ubuntu1 [34.9 kB]
#6 23.67 Get:153 http://archive.ubuntu.com/ubuntu focal/universe amd64 python-ipaddress all 1.0.17-1build1 [18.4 kB]
#6 23.67 Get:154 http://archive.ubuntu.com/ubuntu focal/universe amd64 python-six all 1.14.0-2 [12.0 kB]
#6 23.67 Get:155 http://archive.ubuntu.com/ubuntu focal-updates/universe amd64 python-cryptography amd64 2.8-3ubuntu0.1 [254 kB]
#6 23.68 Get:156 http://archive.ubuntu.com/ubuntu focal-updates/universe amd64 python-pip-whl all 20.0.2-5ubuntu1.6 [1805 kB]
#6 23.73 Get:157 http://archive.ubuntu.com/ubuntu focal-updates/universe amd64 python-yaml amd64 5.3.1-1ubuntu0.1 [130 kB]
#6 23.74 Get:158 http://archive.ubuntu.com/ubuntu focal-updates/main amd64 python3-cryptography amd64 2.8-3ubuntu0.1 [211 kB]
#6 23.75 Get:159 http://archive.ubuntu.com/ubuntu focal-updates/main amd64 python3.8-dev amd64 3.8.10-0ubuntu1~20.04.2 [510 kB]
#6 23.79 Get:160 http://archive.ubuntu.com/ubuntu focal/main amd64 python3-dev amd64 3.8.2-0ubuntu2 [1212 B]
#6 23.79 Get:161 http://archive.ubuntu.com/ubuntu focal/main amd64 python3-setuptools all 45.2.0-1 [330 kB]
#6 23.82 Get:162 http://archive.ubuntu.com/ubuntu focal/universe amd64 python3-wheel all 0.34.2-1 [23.8 kB]
#6 23.82 Get:163 http://archive.ubuntu.com/ubuntu focal-updates/universe amd64 python3-pip all 20.0.2-5ubuntu1.6 [231 kB]
#6 23.83 Get:164 http://archive.ubuntu.com/ubuntu focal/universe amd64 texinfo amd64 6.7.0.dfsg.2-5 [1375 kB]
#6 23.94 Get:165 http://archive.ubuntu.com/ubuntu focal-updates/main amd64 vim-runtime all 2:8.1.2269-1ubuntu5.7 [5872 kB]
#6 24.38 Get:166 http://archive.ubuntu.com/ubuntu focal-updates/main amd64 vim amd64 2:8.1.2269-1ubuntu5.7 [1238 kB]
#6 24.47 Get:167 http://archive.ubuntu.com/ubuntu focal/universe amd64 cmocka-doc all 1.1.5-2 [84.2 kB]
#6 24.47 Get:168 http://archive.ubuntu.com/ubuntu focal/main amd64 libauthen-sasl-perl all 2.1600-1 [48.7 kB]
#6 24.48 Get:169 http://archive.ubuntu.com/ubuntu focal/universe amd64 libcmocka0 amd64 1.1.5-2 [21.1 kB]
#6 24.48 Get:170 http://archive.ubuntu.com/ubuntu focal/universe amd64 libcmocka-dev amd64 1.1.5-2 [15.9 kB]
#6 24.48 Get:171 http://archive.ubuntu.com/ubuntu focal/main amd64 libgd-perl amd64 2.71-2build1 [130 kB]
#6 24.49 Get:172 http://archive.ubuntu.com/ubuntu focal/universe amd64 libomp-dev amd64 1:10.0-50~exp1 [2824 B]
#6 24.81 debconf: delaying package configuration, since apt-utils is not installed
#6 24.88 Fetched 229 MB in 18s (12.8 MB/s)
#6 24.95 Selecting previously unselected package autoconf-archive.
#6 24.95 (Reading database ... (Reading database ... 5%(Reading database ... 10%(Reading database ... 15%(Reading database ... 20%(Reading database ... 25%(Reading database ... 30%(Reading database ... 35%(Reading database ... 40%(Reading database ... 45%(Reading database ... 50%(Reading database ... 55%(Reading database ... 60%(Reading database ... 65%(Reading database ... 70%(Reading database ... 75%(Reading database ... 80%(Reading database ... 85%(Reading database ... 90%(Reading database ... 95%(Reading database ... 100%(Reading database ... 21291 files and directories currently installed.)
#6 25.03 Preparing to unpack .../0-autoconf-archive_20190106-2.1ubuntu1_all.deb ...
#6 25.04 Unpacking autoconf-archive (20190106-2.1ubuntu1) ...
#6 25.38 Selecting previously unselected package libpython2.7-minimal:amd64.
#6 25.38 Preparing to unpack .../1-libpython2.7-minimal_2.7.18-1~20.04.1_amd64.deb ...
#6 25.40 Unpacking libpython2.7-minimal:amd64 (2.7.18-1~20.04.1) ...
#6 25.76 Selecting previously unselected package python2.7-minimal.
#6 25.77 Preparing to unpack .../2-python2.7-minimal_2.7.18-1~20.04.1_amd64.deb ...
#6 25.79 Unpacking python2.7-minimal (2.7.18-1~20.04.1) ...
#6 26.07 Selecting previously unselected package python2-minimal.
#6 26.07 Preparing to unpack .../3-python2-minimal_2.7.17-2ubuntu4_amd64.deb ...
#6 26.10 Unpacking python2-minimal (2.7.17-2ubuntu4) ...
#6 26.24 Selecting previously unselected package libpython2.7-stdlib:amd64.
#6 26.24 Preparing to unpack .../4-libpython2.7-stdlib_2.7.18-1~20.04.1_amd64.deb ...
#6 26.26 Unpacking libpython2.7-stdlib:amd64 (2.7.18-1~20.04.1) ...
#6 26.59 Selecting previously unselected package python2.7.
#6 26.59 Preparing to unpack .../5-python2.7_2.7.18-1~20.04.1_amd64.deb ...
#6 26.61 Unpacking python2.7 (2.7.18-1~20.04.1) ...
#6 26.76 Selecting previously unselected package libpython2-stdlib:amd64.
#6 26.76 Preparing to unpack .../6-libpython2-stdlib_2.7.17-2ubuntu4_amd64.deb ...
#6 26.79 Unpacking libpython2-stdlib:amd64 (2.7.17-2ubuntu4) ...
#6 26.93 Setting up libpython2.7-minimal:amd64 (2.7.18-1~20.04.1) ...
#6 26.96 Setting up python2.7-minimal (2.7.18-1~20.04.1) ...
#6 27.41 Setting up python2-minimal (2.7.17-2ubuntu4) ...
#6 27.59 Selecting previously unselected package python2.
#6 27.59 (Reading database ... (Reading database ... 5%(Reading database ... 10%(Reading database ... 15%(Reading database ... 20%(Reading database ... 25%(Reading database ... 30%(Reading database ... 35%(Reading database ... 40%(Reading database ... 45%(Reading database ... 50%(Reading database ... 55%(Reading database ... 60%(Reading database ... 65%(Reading database ... 70%(Reading database ... 75%(Reading database ... 80%(Reading database ... 85%(Reading database ... 90%(Reading database ... 95%(Reading database ... 100%(Reading database ... 23199 files and directories currently installed.)
#6 27.61 Preparing to unpack .../000-python2_2.7.17-2ubuntu4_amd64.deb ...
#6 27.64 Unpacking python2 (2.7.17-2ubuntu4) ...
#6 27.76 Selecting previously unselected package tex-common.
#6 27.76 Preparing to unpack .../001-tex-common_6.13_all.deb ...
#6 27.80 Unpacking tex-common (6.13) ...
#6 27.89 Selecting previously unselected package python3-cffi-backend.
#6 27.89 Preparing to unpack .../002-python3-cffi-backend_1.14.0-1build1_amd64.deb ...
#6 27.90 Unpacking python3-cffi-backend (1.14.0-1build1) ...
#6 27.96 Selecting previously unselected package python3-yaml.
#6 27.96 Preparing to unpack .../003-python3-yaml_5.3.1-1ubuntu0.1_amd64.deb ...
#6 27.96 Unpacking python3-yaml (5.3.1-1ubuntu0.1) ...
#6 28.03 Selecting previously unselected package xxd.
#6 28.04 Preparing to unpack .../004-xxd_2%3a8.1.2269-1ubuntu5.7_amd64.deb ...
#6 28.04 Unpacking xxd (2:8.1.2269-1ubuntu5.7) ...
#6 28.10 Selecting previously unselected package vim-common.
#6 28.10 Preparing to unpack .../005-vim-common_2%3a8.1.2269-1ubuntu5.7_all.deb ...
#6 28.12 Unpacking vim-common (2:8.1.2269-1ubuntu5.7) ...
#6 28.18 Selecting previously unselected package gettext-base.
#6 28.19 Preparing to unpack .../006-gettext-base_0.19.8.1-10build1_amd64.deb ...
#6 28.20 Unpacking gettext-base (0.19.8.1-10build1) ...
#6 28.25 Selecting previously unselected package libpipeline1:amd64.
#6 28.26 Preparing to unpack .../007-libpipeline1_1.5.2-2build1_amd64.deb ...
#6 28.26 Unpacking libpipeline1:amd64 (1.5.2-2build1) ...
#6 28.32 Selecting previously unselected package libpng16-16:amd64.
#6 28.32 Preparing to unpack .../008-libpng16-16_1.6.37-2_amd64.deb ...
#6 28.32 Unpacking libpng16-16:amd64 (1.6.37-2) ...
#6 28.39 Selecting previously unselected package alsa-topology-conf.
#6 28.40 Preparing to unpack .../009-alsa-topology-conf_1.2.2-1_all.deb ...
#6 28.40 Unpacking alsa-topology-conf (1.2.2-1) ...
#6 28.44 Selecting previously unselected package alsa-ucm-conf.
#6 28.45 Preparing to unpack .../010-alsa-ucm-conf_1.2.2-1ubuntu0.11_all.deb ...
#6 28.45 Unpacking alsa-ucm-conf (1.2.2-1ubuntu0.11) ...
#6 28.54 Selecting previously unselected package libsigsegv2:amd64.
#6 28.54 Preparing to unpack .../011-libsigsegv2_2.12-2_amd64.deb ...
#6 28.54 Unpacking libsigsegv2:amd64 (2.12-2) ...
#6 28.58 Selecting previously unselected package m4.
#6 28.58 Preparing to unpack .../012-m4_1.4.18-4_amd64.deb ...
#6 28.59 Unpacking m4 (1.4.18-4) ...
#6 28.65 Selecting previously unselected package autoconf.
#6 28.65 Preparing to unpack .../013-autoconf_2.69-11.1_all.deb ...
#6 28.66 Unpacking autoconf (2.69-11.1) ...
#6 28.73 Selecting previously unselected package autotools-dev.
#6 28.74 Preparing to unpack .../014-autotools-dev_20180224.1_all.deb ...
#6 28.74 Unpacking autotools-dev (20180224.1) ...
#6 28.78 Selecting previously unselected package automake.
#6 28.79 Preparing to unpack .../015-automake_1%3a1.16.1-4ubuntu6_all.deb ...
#6 28.80 Unpacking automake (1:1.16.1-4ubuntu6) ...
#6 28.90 Selecting previously unselected package autopoint.
#6 28.90 Preparing to unpack .../016-autopoint_0.19.8.1-10build1_all.deb ...
#6 28.90 Unpacking autopoint (0.19.8.1-10build1) ...
#6 28.97 Selecting previously unselected package binfmt-support.
#6 28.97 Preparing to unpack .../017-binfmt-support_2.2.0-2_amd64.deb ...
#6 28.99 Unpacking binfmt-support (2.2.0-2) ...
#6 29.03 Selecting previously unselected package bison.
#6 29.04 Preparing to unpack .../018-bison_2%3a3.5.1+dfsg-1_amd64.deb ...
#6 29.04 Unpacking bison (2:3.5.1+dfsg-1) ...
#6 29.14 Selecting previously unselected package libjsoncpp1:amd64.
#6 29.14 Preparing to unpack .../019-libjsoncpp1_1.7.4-3.1ubuntu2_amd64.deb ...
#6 29.14 Unpacking libjsoncpp1:amd64 (1.7.4-3.1ubuntu2) ...
#6 29.19 Selecting previously unselected package libllvm6.0:amd64.
#6 29.20 Preparing to unpack .../020-libllvm6.0_1%3a6.0.1-14_amd64.deb ...
#6 29.20 Unpacking libllvm6.0:amd64 (1:6.0.1-14) ...
#6 31.43 Selecting previously unselected package libgc1c2:amd64.
#6 31.44 Preparing to unpack .../021-libgc1c2_1%3a7.6.4-0.4ubuntu1_amd64.deb ...
#6 31.45 Unpacking libgc1c2:amd64 (1:7.6.4-0.4ubuntu1) ...
#6 31.59 Selecting previously unselected package libobjc4:amd64.
#6 31.59 Preparing to unpack .../022-libobjc4_10.3.0-1ubuntu1~20.04_amd64.deb ...
#6 31.59 Unpacking libobjc4:amd64 (10.3.0-1ubuntu1~20.04) ...
#6 31.63 Selecting previously unselected package libobjc-9-dev:amd64.
#6 31.64 Preparing to unpack .../023-libobjc-9-dev_9.3.0-17ubuntu1~20.04_amd64.deb ...
#6 31.64 Unpacking libobjc-9-dev:amd64 (9.3.0-17ubuntu1~20.04) ...
#6 31.71 Selecting previously unselected package libclang-common-6.0-dev.
#6 31.72 Preparing to unpack .../024-libclang-common-6.0-dev_1%3a6.0.1-14_amd64.deb ...
#6 31.72 Unpacking libclang-common-6.0-dev (1:6.0.1-14) ...
#6 32.21 Selecting previously unselected package libclang1-6.0.
#6 32.22 Preparing to unpack .../025-libclang1-6.0_1%3a6.0.1-14_amd64.deb ...
#6 32.22 Unpacking libclang1-6.0 (1:6.0.1-14) ...
#6 33.06 Selecting previously unselected package clang-6.0.
#6 33.06 Preparing to unpack .../026-clang-6.0_1%3a6.0.1-14_amd64.deb ...
#6 33.08 Unpacking clang-6.0 (1:6.0.1-14) ...
#6 34.12 Selecting previously unselected package clang-tools-6.0.
#6 34.12 Preparing to unpack .../027-clang-tools-6.0_1%3a6.0.1-14_amd64.deb ...
#6 34.13 Unpacking clang-tools-6.0 (1:6.0.1-14) ...
#6 40.73 Selecting previously unselected package dbus-x11.
#6 40.73 Preparing to unpack .../028-dbus-x11_1.12.16-2ubuntu2.1_amd64.deb ...
#6 40.75 Unpacking dbus-x11 (1.12.16-2ubuntu2.1) ...
#6 40.84 Selecting previously unselected package libllvm10:amd64.
#6 40.85 Preparing to unpack .../029-libllvm10_1%3a10.0.0-4ubuntu1_amd64.deb ...
#6 40.86 Unpacking libllvm10:amd64 (1:10.0.0-4ubuntu1) ...
#6 43.20 Selecting previously unselected package libclang1-10.
#6 43.20 Preparing to unpack .../030-libclang1-10_1%3a10.0.0-4ubuntu1_amd64.deb ...
#6 43.23 Unpacking libclang1-10 (1:10.0.0-4ubuntu1) ...
#6 44.07 Selecting previously unselected package libxapian30:amd64.
#6 44.07 Preparing to unpack .../031-libxapian30_1.4.14-2_amd64.deb ...
#6 44.07 Unpacking libxapian30:amd64 (1.4.14-2) ...
#6 44.18 Selecting previously unselected package doxygen.
#6 44.19 Preparing to unpack .../032-doxygen_1.8.17-0ubuntu2_amd64.deb ...
#6 44.19 Unpacking doxygen (1.8.17-0ubuntu2) ...
#6 45.31 Selecting previously unselected package fonts-dejavu-core.
#6 45.32 Preparing to unpack .../033-fonts-dejavu-core_2.37-1_all.deb ...
#6 45.34 Unpacking fonts-dejavu-core (2.37-1) ...
#6 45.52 Selecting previously unselected package fontconfig-config.
#6 45.52 Preparing to unpack .../034-fontconfig-config_2.13.1-2ubuntu3_all.deb ...
#6 45.53 Unpacking fontconfig-config (2.13.1-2ubuntu3) ...
#6 45.63 Selecting previously unselected package libcroco3:amd64.
#6 45.63 Preparing to unpack .../035-libcroco3_0.6.13-1_amd64.deb ...
#6 45.64 Unpacking libcroco3:amd64 (0.6.13-1) ...
#6 45.71 Selecting previously unselected package gettext.
#6 45.72 Preparing to unpack .../036-gettext_0.19.8.1-10build1_amd64.deb ...
#6 45.72 Unpacking gettext (0.19.8.1-10build1) ...
#6 45.94 Selecting previously unselected package gnulib.
#6 45.94 Preparing to unpack .../037-gnulib_20200127~e313a53-1_all.deb ...
#6 45.95 Unpacking gnulib (20200127~e313a53-1) ...
#6 48.22 Selecting previously unselected package gperf.
#6 48.23 Preparing to unpack .../038-gperf_3.1-1build1_amd64.deb ...
#6 48.24 Unpacking gperf (3.1-1build1) ...
#6 48.36 Selecting previously unselected package javascript-common.
#6 48.36 Preparing to unpack .../039-javascript-common_11_all.deb ...
#6 48.39 Unpacking javascript-common (11) ...
#6 48.47 Selecting previously unselected package libjson-perl.
#6 48.47 Preparing to unpack .../040-libjson-perl_4.02000-2_all.deb ...
#6 48.48 Unpacking libjson-perl (4.02000-2) ...
#6 48.56 Selecting previously unselected package libperlio-gzip-perl.
#6 48.56 Preparing to unpack .../041-libperlio-gzip-perl_0.19-1build5_amd64.deb ...
#6 48.57 Unpacking libperlio-gzip-perl (0.19-1build5) ...
#6 48.62 Selecting previously unselected package lcov.
#6 48.63 Preparing to unpack .../042-lcov_1.14-2_all.deb ...
#6 48.64 Unpacking lcov (1.14-2) ...
#6 48.72 Selecting previously unselected package libasound2-data.
#6 48.73 Preparing to unpack .../043-libasound2-data_1.2.2-2.1ubuntu2.5_all.deb ...
#6 48.73 Unpacking libasound2-data (1.2.2-2.1ubuntu2.5) ...
#6 48.88 Selecting previously unselected package libasound2:amd64.
#6 48.88 Preparing to unpack .../044-libasound2_1.2.2-2.1ubuntu2.5_amd64.deb ...
#6 48.89 Unpacking libasound2:amd64 (1.2.2-2.1ubuntu2.5) ...
#6 49.03 Selecting previously unselected package libltdl7:amd64.
#6 49.04 Preparing to unpack .../045-libltdl7_2.4.6-14_amd64.deb ...
#6 49.04 Unpacking libltdl7:amd64 (2.4.6-14) ...
#6 49.15 Selecting previously unselected package libtdb1:amd64.
#6 49.15 Preparing to unpack .../046-libtdb1_1.4.3-0ubuntu0.20.04.1_amd64.deb ...
#6 49.16 Unpacking libtdb1:amd64 (1.4.3-0ubuntu0.20.04.1) ...
#6 49.29 Selecting previously unselected package libogg0:amd64.
#6 49.30 Preparing to unpack .../047-libogg0_1.3.4-0ubuntu1_amd64.deb ...
#6 49.32 Unpacking libogg0:amd64 (1.3.4-0ubuntu1) ...
#6 49.41 Selecting previously unselected package libvorbis0a:amd64.
#6 49.42 Preparing to unpack .../048-libvorbis0a_1.3.6-2ubuntu1_amd64.deb ...
#6 49.43 Unpacking libvorbis0a:amd64 (1.3.6-2ubuntu1) ...
#6 49.55 Selecting previously unselected package libvorbisfile3:amd64.
#6 49.55 Preparing to unpack .../049-libvorbisfile3_1.3.6-2ubuntu1_amd64.deb ...
#6 49.57 Unpacking libvorbisfile3:amd64 (1.3.6-2ubuntu1) ...
#6 49.65 Selecting previously unselected package sound-theme-freedesktop.
#6 49.66 Preparing to unpack .../050-sound-theme-freedesktop_0.8-2ubuntu1_all.deb ...
#6 49.67 Unpacking sound-theme-freedesktop (0.8-2ubuntu1) ...
#6 49.83 Selecting previously unselected package libcanberra0:amd64.
#6 49.83 Preparing to unpack .../051-libcanberra0_0.30-7ubuntu1_amd64.deb ...
#6 49.84 Unpacking libcanberra0:amd64 (0.30-7ubuntu1) ...
#6 49.92 Selecting previously unselected package libcommon-sense-perl.
#6 49.92 Preparing to unpack .../052-libcommon-sense-perl_3.74-2build6_amd64.deb ...
#6 49.94 Unpacking libcommon-sense-perl (3.74-2build6) ...
#6 50.02 Selecting previously unselected package libcurl4-openssl-dev:amd64.
#6 50.03 Preparing to unpack .../053-libcurl4-openssl-dev_7.68.0-1ubuntu2.7_amd64.deb ...
#6 50.04 Unpacking libcurl4-openssl-dev:amd64 (7.68.0-1ubuntu2.7) ...
#6 50.16 Selecting previously unselected package libdata-dump-perl.
#6 50.17 Preparing to unpack .../054-libdata-dump-perl_1.23-1_all.deb ...
#6 50.17 Unpacking libdata-dump-perl (1.23-1) ...
#6 50.25 Selecting previously unselected package pkg-config.
#6 50.26 Preparing to unpack .../055-pkg-config_0.29.1-0ubuntu4_amd64.deb ...
#6 50.28 Unpacking pkg-config (0.29.1-0ubuntu4) ...
#6 50.36 Selecting previously unselected package libdbus-1-dev:amd64.
#6 50.36 Preparing to unpack .../056-libdbus-1-dev_1.12.16-2ubuntu2.1_amd64.deb ...
#6 50.37 Unpacking libdbus-1-dev:amd64 (1.12.16-2ubuntu2.1) ...
#6 50.47 Selecting previously unselected package libencode-locale-perl.
#6 50.47 Preparing to unpack .../057-libencode-locale-perl_1.05-1_all.deb ...
#6 50.48 Unpacking libencode-locale-perl (1.05-1) ...
#6 50.53 Selecting previously unselected package libexpat1-dev:amd64.
#6 50.54 Preparing to unpack .../058-libexpat1-dev_2.2.9-1build1_amd64.deb ...
#6 50.55 Unpacking libexpat1-dev:amd64 (2.2.9-1build1) ...
#6 50.64 Selecting previously unselected package libtimedate-perl.
#6 50.64 Preparing to unpack .../059-libtimedate-perl_2.3200-1_all.deb ...
#6 50.65 Unpacking libtimedate-perl (2.3200-1) ...
#6 50.71 Selecting previously unselected package libhttp-date-perl.
#6 50.71 Preparing to unpack .../060-libhttp-date-perl_6.05-1_all.deb ...
#6 50.72 Unpacking libhttp-date-perl (6.05-1) ...
#6 50.77 Selecting previously unselected package libfile-listing-perl.
#6 50.78 Preparing to unpack .../061-libfile-listing-perl_6.04-1_all.deb ...
#6 50.78 Unpacking libfile-listing-perl (6.04-1) ...
#6 50.84 Selecting previously unselected package libfont-afm-perl.
#6 50.85 Preparing to unpack .../062-libfont-afm-perl_1.20-2_all.deb ...
#6 50.86 Unpacking libfont-afm-perl (1.20-2) ...
#6 50.94 Selecting previously unselected package libfreetype6:amd64.
#6 50.95 Preparing to unpack .../063-libfreetype6_2.10.1-2ubuntu0.1_amd64.deb ...
#6 50.95 Unpacking libfreetype6:amd64 (2.10.1-2ubuntu0.1) ...
#6 51.05 Selecting previously unselected package libfontconfig1:amd64.
#6 51.06 Preparing to unpack .../064-libfontconfig1_2.13.1-2ubuntu3_amd64.deb ...
#6 51.06 Unpacking libfontconfig1:amd64 (2.13.1-2ubuntu3) ...
#6 51.15 Selecting previously unselected package libgpg-error-dev.
#6 51.16 Preparing to unpack .../065-libgpg-error-dev_1.37-1_amd64.deb ...
#6 51.17 Unpacking libgpg-error-dev (1.37-1) ...
#6 51.25 Selecting previously unselected package libgcrypt20-dev.
#6 51.25 Preparing to unpack .../066-libgcrypt20-dev_1.8.5-5ubuntu1.1_amd64.deb ...
#6 51.27 Unpacking libgcrypt20-dev (1.8.5-5ubuntu1.1) ...
#6 51.43 Selecting previously unselected package libjpeg-turbo8:amd64.
#6 51.43 Preparing to unpack .../067-libjpeg-turbo8_2.0.3-0ubuntu1.20.04.1_amd64.deb ...
#6 51.44 Unpacking libjpeg-turbo8:amd64 (2.0.3-0ubuntu1.20.04.1) ...
#6 51.51 Selecting previously unselected package libjpeg8:amd64.
#6 51.52 Preparing to unpack .../068-libjpeg8_8c-2ubuntu8_amd64.deb ...
#6 51.53 Unpacking libjpeg8:amd64 (8c-2ubuntu8) ...
#6 51.60 Selecting previously unselected package libjbig0:amd64.
#6 51.60 Preparing to unpack .../069-libjbig0_2.1-3.1build1_amd64.deb ...
#6 51.61 Unpacking libjbig0:amd64 (2.1-3.1build1) ...
#6 51.68 Selecting previously unselected package libwebp6:amd64.
#6 51.69 Preparing to unpack .../070-libwebp6_0.6.1-2ubuntu0.20.04.1_amd64.deb ...
#6 51.69 Unpacking libwebp6:amd64 (0.6.1-2ubuntu0.20.04.1) ...
#6 51.76 Selecting previously unselected package libtiff5:amd64.
#6 51.76 Preparing to unpack .../071-libtiff5_4.1.0+git191117-2ubuntu0.20.04.2_amd64.deb ...
#6 51.77 Unpacking libtiff5:amd64 (4.1.0+git191117-2ubuntu0.20.04.2) ...
#6 51.83 Selecting previously unselected package libxpm4:amd64.
#6 51.84 Preparing to unpack .../072-libxpm4_1%3a3.5.12-1_amd64.deb ...
#6 51.84 Unpacking libxpm4:amd64 (1:3.5.12-1) ...
#6 51.88 Selecting previously unselected package libgd3:amd64.
#6 51.89 Preparing to unpack .../073-libgd3_2.2.5-5.2ubuntu2.1_amd64.deb ...
#6 51.89 Unpacking libgd3:amd64 (2.2.5-5.2ubuntu2.1) ...
#6 51.96 Selecting previously unselected package libffi-dev:amd64.
#6 51.96 Preparing to unpack .../074-libffi-dev_3.3-4_amd64.deb ...
#6 51.96 Unpacking libffi-dev:amd64 (3.3-4) ...
#6 52.01 Selecting previously unselected package python3-lib2to3.
#6 52.01 Preparing to unpack .../075-python3-lib2to3_3.8.10-0ubuntu1~20.04_all.deb ...
#6 52.02 Unpacking python3-lib2to3 (3.8.10-0ubuntu1~20.04) ...
#6 52.09 Selecting previously unselected package python3-distutils.
#6 52.09 Preparing to unpack .../076-python3-distutils_3.8.10-0ubuntu1~20.04_all.deb ...
#6 52.09 Unpacking python3-distutils (3.8.10-0ubuntu1~20.04) ...
#6 52.17 Selecting previously unselected package libglib2.0-dev-bin.
#6 52.18 Preparing to unpack .../077-libglib2.0-dev-bin_2.64.6-1~ubuntu20.04.4_amd64.deb ...
#6 52.18 Unpacking libglib2.0-dev-bin (2.64.6-1~ubuntu20.04.4) ...
#6 52.24 Selecting previously unselected package uuid-dev:amd64.
#6 52.25 Preparing to unpack .../078-uuid-dev_2.34-0.1ubuntu9.3_amd64.deb ...
#6 52.25 Unpacking uuid-dev:amd64 (2.34-0.1ubuntu9.3) ...
#6 52.30 Selecting previously unselected package libblkid-dev:amd64.
#6 52.30 Preparing to unpack .../079-libblkid-dev_2.34-0.1ubuntu9.3_amd64.deb ...
#6 52.32 Unpacking libblkid-dev:amd64 (2.34-0.1ubuntu9.3) ...
#6 52.38 Selecting previously unselected package libmount-dev:amd64.
#6 52.39 Preparing to unpack .../080-libmount-dev_2.34-0.1ubuntu9.3_amd64.deb ...
#6 52.39 Unpacking libmount-dev:amd64 (2.34-0.1ubuntu9.3) ...
#6 52.46 Selecting previously unselected package libpcre16-3:amd64.
#6 52.47 Preparing to unpack .../081-libpcre16-3_2%3a8.39-12build1_amd64.deb ...
#6 52.47 Unpacking libpcre16-3:amd64 (2:8.39-12build1) ...
#6 52.54 Selecting previously unselected package libpcre32-3:amd64.
#6 52.54 Preparing to unpack .../082-libpcre32-3_2%3a8.39-12build1_amd64.deb ...
#6 52.55 Unpacking libpcre32-3:amd64 (2:8.39-12build1) ...
#6 52.63 Selecting previously unselected package libpcrecpp0v5:amd64.
#6 52.64 Preparing to unpack .../083-libpcrecpp0v5_2%3a8.39-12build1_amd64.deb ...
#6 52.64 Unpacking libpcrecpp0v5:amd64 (2:8.39-12build1) ...
#6 52.68 Selecting previously unselected package libpcre3-dev:amd64.
#6 52.69 Preparing to unpack .../084-libpcre3-dev_2%3a8.39-12build1_amd64.deb ...
#6 52.69 Unpacking libpcre3-dev:amd64 (2:8.39-12build1) ...
#6 52.79 Selecting previously unselected package libsepol1-dev:amd64.
#6 52.80 Preparing to unpack .../085-libsepol1-dev_3.0-1_amd64.deb ...
#6 52.80 Unpacking libsepol1-dev:amd64 (3.0-1) ...
#6 52.90 Selecting previously unselected package libpcre2-16-0:amd64.
#6 52.90 Preparing to unpack .../086-libpcre2-16-0_10.34-7_amd64.deb ...
#6 52.91 Unpacking libpcre2-16-0:amd64 (10.34-7) ...
#6 52.98 Selecting previously unselected package libpcre2-32-0:amd64.
#6 52.99 Preparing to unpack .../087-libpcre2-32-0_10.34-7_amd64.deb ...
#6 53.00 Unpacking libpcre2-32-0:amd64 (10.34-7) ...
#6 53.07 Selecting previously unselected package libpcre2-posix2:amd64.
#6 53.08 Preparing to unpack .../088-libpcre2-posix2_10.34-7_amd64.deb ...
#6 53.08 Unpacking libpcre2-posix2:amd64 (10.34-7) ...
#6 53.12 Selecting previously unselected package libpcre2-dev:amd64.
#6 53.13 Preparing to unpack .../089-libpcre2-dev_10.34-7_amd64.deb ...
#6 53.13 Unpacking libpcre2-dev:amd64 (10.34-7) ...
#6 53.25 Selecting previously unselected package libselinux1-dev:amd64.
#6 53.25 Preparing to unpack .../090-libselinux1-dev_3.0-1build2_amd64.deb ...
#6 53.26 Unpacking libselinux1-dev:amd64 (3.0-1build2) ...
#6 53.32 Selecting previously unselected package zlib1g-dev:amd64.
#6 53.33 Preparing to unpack .../091-zlib1g-dev_1%3a1.2.11.dfsg-2ubuntu1.2_amd64.deb ...
#6 53.33 Unpacking zlib1g-dev:amd64 (1:1.2.11.dfsg-2ubuntu1.2) ...
#6 53.39 Selecting previously unselected package libglib2.0-dev:amd64.
#6 53.39 Preparing to unpack .../092-libglib2.0-dev_2.64.6-1~ubuntu20.04.4_amd64.deb ...
#6 53.40 Unpacking libglib2.0-dev:amd64 (2.64.6-1~ubuntu20.04.4) ...
#6 53.78 Selecting previously unselected package libgpm2:amd64.
#6 53.78 Preparing to unpack .../093-libgpm2_1.20.7-5_amd64.deb ...
#6 53.79 Unpacking libgpm2:amd64 (1.20.7-5) ...
#6 53.82 Selecting previously unselected package libhtml-tagset-perl.
#6 53.83 Preparing to unpack .../094-libhtml-tagset-perl_3.20-4_all.deb ...
#6 53.83 Unpacking libhtml-tagset-perl (3.20-4) ...
#6 53.87 Selecting previously unselected package liburi-perl.
#6 53.87 Preparing to unpack .../095-liburi-perl_1.76-2_all.deb ...
#6 53.88 Unpacking liburi-perl (1.76-2) ...
#6 53.94 Selecting previously unselected package libhtml-parser-perl.
#6 53.95 Preparing to unpack .../096-libhtml-parser-perl_3.72-5_amd64.deb ...
#6 53.95 Unpacking libhtml-parser-perl (3.72-5) ...
#6 54.00 Selecting previously unselected package libio-html-perl.
#6 54.00 Preparing to unpack .../097-libio-html-perl_1.001-1_all.deb ...
#6 54.00 Unpacking libio-html-perl (1.001-1) ...
#6 54.04 Selecting previously unselected package liblwp-mediatypes-perl.
#6 54.05 Preparing to unpack .../098-liblwp-mediatypes-perl_6.04-1_all.deb ...
#6 54.05 Unpacking liblwp-mediatypes-perl (6.04-1) ...
#6 54.09 Selecting previously unselected package libhttp-message-perl.
#6 54.09 Preparing to unpack .../099-libhttp-message-perl_6.22-1_all.deb ...
#6 54.10 Unpacking libhttp-message-perl (6.22-1) ...
#6 54.14 Selecting previously unselected package libhtml-form-perl.
#6 54.15 Preparing to unpack .../100-libhtml-form-perl_6.07-1_all.deb ...
#6 54.15 Unpacking libhtml-form-perl (6.07-1) ...
#6 54.19 Selecting previously unselected package libhtml-tree-perl.
#6 54.19 Preparing to unpack .../101-libhtml-tree-perl_5.07-2_all.deb ...
#6 54.20 Unpacking libhtml-tree-perl (5.07-2) ...
#6 54.26 Selecting previously unselected package libhtml-format-perl.
#6 54.26 Preparing to unpack .../102-libhtml-format-perl_2.12-1_all.deb ...
#6 54.27 Unpacking libhtml-format-perl (2.12-1) ...
#6 54.31 Selecting previously unselected package libhttp-cookies-perl.
#6 54.32 Preparing to unpack .../103-libhttp-cookies-perl_6.08-1_all.deb ...
#6 54.32 Unpacking libhttp-cookies-perl (6.08-1) ...
#6 54.36 Selecting previously unselected package libhttp-daemon-perl.
#6 54.36 Preparing to unpack .../104-libhttp-daemon-perl_6.06-1_all.deb ...
#6 54.37 Unpacking libhttp-daemon-perl (6.06-1) ...
#6 54.40 Selecting previously unselected package libhttp-negotiate-perl.
#6 54.41 Preparing to unpack .../105-libhttp-negotiate-perl_6.01-1_all.deb ...
#6 54.41 Unpacking libhttp-negotiate-perl (6.01-1) ...
#6 54.45 Selecting previously unselected package perl-openssl-defaults:amd64.
#6 54.46 Preparing to unpack .../106-perl-openssl-defaults_4_amd64.deb ...
#6 54.46 Unpacking perl-openssl-defaults:amd64 (4) ...
#6 54.50 Selecting previously unselected package libnet-ssleay-perl.
#6 54.50 Preparing to unpack .../107-libnet-ssleay-perl_1.88-2ubuntu1_amd64.deb ...
#6 54.51 Unpacking libnet-ssleay-perl (1.88-2ubuntu1) ...
#6 54.60 Selecting previously unselected package libio-socket-ssl-perl.
#6 54.60 Preparing to unpack .../108-libio-socket-ssl-perl_2.067-1_all.deb ...
#6 54.61 Unpacking libio-socket-ssl-perl (2.067-1) ...
#6 54.67 Selecting previously unselected package libjs-jquery.
#6 54.68 Preparing to unpack .../109-libjs-jquery_3.3.1~dfsg-3_all.deb ...
#6 54.68 Unpacking libjs-jquery (3.3.1~dfsg-3) ...
#6 54.74 Selecting previously unselected package libtypes-serialiser-perl.
#6 54.75 Preparing to unpack .../110-libtypes-serialiser-perl_1.0-1_all.deb ...
#6 54.75 Unpacking libtypes-serialiser-perl (1.0-1) ...
#6 54.79 Selecting previously unselected package libjson-xs-perl.
#6 54.79 Preparing to unpack .../111-libjson-xs-perl_4.020-1build1_amd64.deb ...
#6 54.80 Unpacking libjson-xs-perl (4.020-1build1) ...
#6 54.84 Selecting previously unselected package libltdl-dev:amd64.
#6 54.85 Preparing to unpack .../112-libltdl-dev_2.4.6-14_amd64.deb ...
#6 54.85 Unpacking libltdl-dev:amd64 (2.4.6-14) ...
#6 54.92 Selecting previously unselected package libnet-http-perl.
#6 54.92 Preparing to unpack .../113-libnet-http-perl_6.19-1_all.deb ...
#6 54.93 Unpacking libnet-http-perl (6.19-1) ...
#6 54.96 Selecting previously unselected package libtry-tiny-perl.
#6 54.97 Preparing to unpack .../114-libtry-tiny-perl_0.30-1_all.deb ...
#6 54.97 Unpacking libtry-tiny-perl (0.30-1) ...
#6 55.02 Selecting previously unselected package libwww-robotrules-perl.
#6 55.02 Preparing to unpack .../115-libwww-robotrules-perl_6.02-1_all.deb ...
#6 55.03 Unpacking libwww-robotrules-perl (6.02-1) ...
#6 55.07 Selecting previously unselected package libwww-perl.
#6 55.08 Preparing to unpack .../116-libwww-perl_6.43-1_all.deb ...
#6 55.08 Unpacking libwww-perl (6.43-1) ...
#6 55.15 Selecting previously unselected package liblwp-protocol-https-perl.
#6 55.15 Preparing to unpack .../117-liblwp-protocol-https-perl_6.07-2ubuntu2_all.deb ...
#6 55.16 Unpacking liblwp-protocol-https-perl (6.07-2ubuntu2) ...
#6 55.19 Selecting previously unselected package libnet-smtp-ssl-perl.
#6 55.20 Preparing to unpack .../118-libnet-smtp-ssl-perl_1.04-1_all.deb ...
#6 55.20 Unpacking libnet-smtp-ssl-perl (1.04-1) ...
#6 55.25 Selecting previously unselected package libmailtools-perl.
#6 55.26 Preparing to unpack .../119-libmailtools-perl_2.21-1_all.deb ...
#6 55.26 Unpacking libmailtools-perl (2.21-1) ...
#6 55.33 Selecting previously unselected package libncurses-dev:amd64.
#6 55.33 Preparing to unpack .../120-libncurses-dev_6.2-0ubuntu2_amd64.deb ...
#6 55.34 Unpacking libncurses-dev:amd64 (6.2-0ubuntu2) ...
#6 55.45 Selecting previously unselected package libomp5-10:amd64.
#6 55.45 Preparing to unpack .../121-libomp5-10_1%3a10.0.0-4ubuntu1_amd64.deb ...
#6 55.46 Unpacking libomp5-10:amd64 (1:10.0.0-4ubuntu1) ...
#6 55.54 Selecting previously unselected package libomp-10-dev.
#6 55.54 Preparing to unpack .../122-libomp-10-dev_1%3a10.0.0-4ubuntu1_amd64.deb ...
#6 55.54 Unpacking libomp-10-dev (1:10.0.0-4ubuntu1) ...
#6 55.60 Selecting previously unselected package libpython3.8:amd64.
#6 55.60 Preparing to unpack .../123-libpython3.8_3.8.10-0ubuntu1~20.04.2_amd64.deb ...
#6 55.61 Unpacking libpython3.8:amd64 (3.8.10-0ubuntu1~20.04.2) ...
#6 55.82 Selecting previously unselected package libpython3.8-dev:amd64.
#6 55.82 Preparing to unpack .../124-libpython3.8-dev_3.8.10-0ubuntu1~20.04.2_amd64.deb ...
#6 55.82 Unpacking libpython3.8-dev:amd64 (3.8.10-0ubuntu1~20.04.2) ...
#6 56.30 Selecting previously unselected package libpython3-dev:amd64.
#6 56.30 Preparing to unpack .../125-libpython3-dev_3.8.2-0ubuntu2_amd64.deb ...
#6 56.31 Unpacking libpython3-dev:amd64 (3.8.2-0ubuntu2) ...
#6 56.35 Selecting previously unselected package libsqlite3-dev:amd64.
#6 56.36 Preparing to unpack .../126-libsqlite3-dev_3.31.1-4ubuntu0.2_amd64.deb ...
#6 56.36 Unpacking libsqlite3-dev:amd64 (3.31.1-4ubuntu0.2) ...
#6 56.48 Selecting previously unselected package libssl-dev:amd64.
#6 56.48 Preparing to unpack .../127-libssl-dev_1.1.1f-1ubuntu2.10_amd64.deb ...
#6 56.48 Unpacking libssl-dev:amd64 (1.1.1f-1ubuntu2.10) ...
#6 56.69 Selecting previously unselected package libtext-unidecode-perl.
#6 56.70 Preparing to unpack .../128-libtext-unidecode-perl_1.30-1_all.deb ...
#6 56.70 Unpacking libtext-unidecode-perl (1.30-1) ...
#6 56.79 Selecting previously unselected package libtinfo-dev:amd64.
#6 56.80 Preparing to unpack .../129-libtinfo-dev_6.2-0ubuntu2_amd64.deb ...
#6 56.80 Unpacking libtinfo-dev:amd64 (6.2-0ubuntu2) ...
#6 56.83 Selecting previously unselected package libtool.
#6 56.84 Preparing to unpack .../130-libtool_2.4.6-14_all.deb ...
#6 56.84 Unpacking libtool (2.4.6-14) ...
#6 56.91 Selecting previously unselected package libxml-namespacesupport-perl.
#6 56.92 Preparing to unpack .../131-libxml-namespacesupport-perl_1.12-1_all.deb ...
#6 56.92 Unpacking libxml-namespacesupport-perl (1.12-1) ...
#6 56.96 Selecting previously unselected package libxml-sax-base-perl.
#6 56.96 Preparing to unpack .../132-libxml-sax-base-perl_1.09-1_all.deb ...
#6 56.96 Unpacking libxml-sax-base-perl (1.09-1) ...
#6 57.18 Selecting previously unselected package libxml-sax-perl.
#6 57.19 Preparing to unpack .../133-libxml-sax-perl_1.02+dfsg-1_all.deb ...
#6 57.19 Unpacking libxml-sax-perl (1.02+dfsg-1) ...
#6 57.25 Selecting previously unselected package libxml-libxml-perl.
#6 57.25 Preparing to unpack .../134-libxml-libxml-perl_2.0134+dfsg-1build1_amd64.deb ...
#6 57.25 Unpacking libxml-libxml-perl (2.0134+dfsg-1build1) ...
#6 57.41 Selecting previously unselected package libxml-parser-perl.
#6 57.41 Preparing to unpack .../135-libxml-parser-perl_2.46-1_amd64.deb ...
#6 57.42 Unpacking libxml-parser-perl (2.46-1) ...
#6 57.53 Selecting previously unselected package libxml-sax-expat-perl.
#6 57.54 Preparing to unpack .../136-libxml-sax-expat-perl_0.51-1_all.deb ...
#6 57.55 Unpacking libxml-sax-expat-perl (0.51-1) ...
#6 57.64 Selecting previously unselected package llvm-6.0-runtime.
#6 57.64 Preparing to unpack .../137-llvm-6.0-runtime_1%3a6.0.1-14_amd64.deb ...
#6 57.65 Unpacking llvm-6.0-runtime (1:6.0.1-14) ...
#6 57.74 Selecting previously unselected package llvm-6.0.
#6 57.74 Preparing to unpack .../138-llvm-6.0_1%3a6.0.1-14_amd64.deb ...
#6 57.76 Unpacking llvm-6.0 (1:6.0.1-14) ...
#6 58.31 Selecting previously unselected package llvm-6.0-dev.
#6 58.32 Preparing to unpack .../139-llvm-6.0-dev_1%3a6.0.1-14_amd64.deb ...
#6 58.33 Unpacking llvm-6.0-dev (1:6.0.1-14) ...
#6 61.05 Selecting previously unselected package net-tools.
#6 61.05 Preparing to unpack .../140-net-tools_1.60+git20180626.aebd88e-1ubuntu1_amd64.deb ...
#6 61.05 Unpacking net-tools (1.60+git20180626.aebd88e-1ubuntu1) ...
#6 61.12 Selecting previously unselected package pandoc-data.
#6 61.12 Preparing to unpack .../141-pandoc-data_2.5-3build2_all.deb ...
#6 61.13 Unpacking pandoc-data (2.5-3build2) ...
#6 61.21 Selecting previously unselected package pandoc.
#6 61.21 Preparing to unpack .../142-pandoc_2.5-3build2_amd64.deb ...
#6 61.22 Unpacking pandoc (2.5-3build2) ...
#6 63.28 Selecting previously unselected package python-cffi-backend.
#6 63.29 Preparing to unpack .../143-python-cffi-backend_1.14.0-1build1_amd64.deb ...
#6 63.29 Unpacking python-cffi-backend (1.14.0-1build1) ...
#6 63.36 Selecting previously unselected package python-enum34.
#6 63.36 Preparing to unpack .../144-python-enum34_1.1.6-2ubuntu1_all.deb ...
#6 63.37 Unpacking python-enum34 (1.1.6-2ubuntu1) ...
#6 63.42 Selecting previously unselected package python-ipaddress.
#6 63.43 Preparing to unpack .../145-python-ipaddress_1.0.17-1build1_all.deb ...
#6 63.43 Unpacking python-ipaddress (1.0.17-1build1) ...
#6 63.48 Selecting previously unselected package python-six.
#6 63.49 Preparing to unpack .../146-python-six_1.14.0-2_all.deb ...
#6 63.49 Unpacking python-six (1.14.0-2) ...
#6 63.54 Selecting previously unselected package python-cryptography.
#6 63.55 Preparing to unpack .../147-python-cryptography_2.8-3ubuntu0.1_amd64.deb ...
#6 63.55 Unpacking python-cryptography (2.8-3ubuntu0.1) ...
#6 63.70 Selecting previously unselected package python-pip-whl.
#6 63.71 Preparing to unpack .../148-python-pip-whl_20.0.2-5ubuntu1.6_all.deb ...
#6 63.72 Unpacking python-pip-whl (20.0.2-5ubuntu1.6) ...
#6 63.98 Selecting previously unselected package python-yaml.
#6 63.98 Preparing to unpack .../149-python-yaml_5.3.1-1ubuntu0.1_amd64.deb ...
#6 64.00 Unpacking python-yaml (5.3.1-1ubuntu0.1) ...
#6 64.10 Selecting previously unselected package python3-cryptography.
#6 64.11 Preparing to unpack .../150-python3-cryptography_2.8-3ubuntu0.1_amd64.deb ...
#6 64.12 Unpacking python3-cryptography (2.8-3ubuntu0.1) ...
#6 64.23 Selecting previously unselected package python3.8-dev.
#6 64.24 Preparing to unpack .../151-python3.8-dev_3.8.10-0ubuntu1~20.04.2_amd64.deb ...
#6 64.25 Unpacking python3.8-dev (3.8.10-0ubuntu1~20.04.2) ...
#6 64.35 Selecting previously unselected package python3-dev.
#6 64.36 Preparing to unpack .../152-python3-dev_3.8.2-0ubuntu2_amd64.deb ...
#6 64.37 Unpacking python3-dev (3.8.2-0ubuntu2) ...
#6 64.47 Selecting previously unselected package python3-setuptools.
#6 64.48 Preparing to unpack .../153-python3-setuptools_45.2.0-1_all.deb ...
#6 64.49 Unpacking python3-setuptools (45.2.0-1) ...
#6 64.61 Selecting previously unselected package python3-wheel.
#6 64.61 Preparing to unpack .../154-python3-wheel_0.34.2-1_all.deb ...
#6 64.62 Unpacking python3-wheel (0.34.2-1) ...
#6 64.71 Selecting previously unselected package python3-pip.
#6 64.72 Preparing to unpack .../155-python3-pip_20.0.2-5ubuntu1.6_all.deb ...
#6 64.72 Unpacking python3-pip (20.0.2-5ubuntu1.6) ...
#6 64.85 Selecting previously unselected package texinfo.
#6 64.86 Preparing to unpack .../156-texinfo_6.7.0.dfsg.2-5_amd64.deb ...
#6 64.87 Unpacking texinfo (6.7.0.dfsg.2-5) ...
#6 65.13 Selecting previously unselected package vim-runtime.
#6 65.14 Preparing to unpack .../157-vim-runtime_2%3a8.1.2269-1ubuntu5.7_all.deb ...
#6 65.17 Adding 'diversion of /usr/share/vim/vim81/doc/help.txt to /usr/share/vim/vim81/doc/help.txt.vim-tiny by vim-runtime'
#6 65.25 Adding 'diversion of /usr/share/vim/vim81/doc/tags to /usr/share/vim/vim81/doc/tags.vim-tiny by vim-runtime'
#6 65.27 Unpacking vim-runtime (2:8.1.2269-1ubuntu5.7) ...
#6 66.15 Selecting previously unselected package vim.
#6 66.16 Preparing to unpack .../158-vim_2%3a8.1.2269-1ubuntu5.7_amd64.deb ...
#6 66.18 Unpacking vim (2:8.1.2269-1ubuntu5.7) ...
#6 66.43 Selecting previously unselected package cmocka-doc.
#6 66.43 Preparing to unpack .../159-cmocka-doc_1.1.5-2_all.deb ...
#6 66.44 Unpacking cmocka-doc (1.1.5-2) ...
#6 66.52 Selecting previously unselected package libauthen-sasl-perl.
#6 66.52 Preparing to unpack .../160-libauthen-sasl-perl_2.1600-1_all.deb ...
#6 66.54 Unpacking libauthen-sasl-perl (2.1600-1) ...
#6 66.63 Selecting previously unselected package libcmocka0:amd64.
#6 66.64 Preparing to unpack .../161-libcmocka0_1.1.5-2_amd64.deb ...
#6 66.64 Unpacking libcmocka0:amd64 (1.1.5-2) ...
#6 66.71 Selecting previously unselected package libcmocka-dev:amd64.
#6 66.72 Preparing to unpack .../162-libcmocka-dev_1.1.5-2_amd64.deb ...
#6 66.73 Unpacking libcmocka-dev:amd64 (1.1.5-2) ...
#6 66.82 Selecting previously unselected package libgd-perl.
#6 66.83 Preparing to unpack .../163-libgd-perl_2.71-2build1_amd64.deb ...
#6 66.83 Unpacking libgd-perl (2.71-2build1) ...
#6 66.92 Selecting previously unselected package libomp-dev.
#6 66.92 Preparing to unpack .../164-libomp-dev_1%3a10.0-50~exp1_amd64.deb ...
#6 66.92 Unpacking libomp-dev (1:10.0-50~exp1) ...
#6 67.03 Setting up libpcrecpp0v5:amd64 (2:8.39-12build1) ...
#6 67.05 Setting up libpipeline1:amd64 (1.5.2-2build1) ...
#6 67.11 Setting up javascript-common (11) ...
#6 67.19 Setting up libxapian30:amd64 (1.4.14-2) ...
#6 67.22 Setting up net-tools (1.60+git20180626.aebd88e-1ubuntu1) ...
#6 67.24 Setting up libncurses-dev:amd64 (6.2-0ubuntu2) ...
#6 67.27 Setting up libgpm2:amd64 (1.20.7-5) ...
#6 67.29 Setting up libogg0:amd64 (1.3.4-0ubuntu1) ...
#6 67.31 Setting up libxpm4:amd64 (1:3.5.12-1) ...
#6 67.33 Setting up libpcre16-3:amd64 (2:8.39-12build1) ...
#6 67.37 Setting up libfont-afm-perl (1.20-2) ...
#6 67.38 Setting up alsa-ucm-conf (1.2.2-1ubuntu0.11) ...
#6 67.39 Setting up libgc1c2:amd64 (1:7.6.4-0.4ubuntu1) ...
#6 67.40 Setting up libtdb1:amd64 (1.4.3-0ubuntu0.20.04.1) ...
#6 67.41 Setting up libhtml-tagset-perl (3.20-4) ...
#6 67.42 Setting up libauthen-sasl-perl (2.1600-1) ...
#6 67.43 Setting up liblwp-mediatypes-perl (6.04-1) ...
#6 67.44 Setting up libtry-tiny-perl (0.30-1) ...
#6 67.45 Setting up libsepol1-dev:amd64 (3.0-1) ...
#6 67.47 Setting up perl-openssl-defaults:amd64 (4) ...
#6 67.48 Setting up libcommon-sense-perl (3.74-2build6) ...
#6 67.49 Setting up libxml-namespacesupport-perl (1.12-1) ...
#6 67.50 Setting up gettext-base (0.19.8.1-10build1) ...
#6 67.51 Setting up python3-yaml (5.3.1-1ubuntu0.1) ...
#6 67.90 Setting up libencode-locale-perl (1.05-1) ...
#6 67.99 Setting up libobjc4:amd64 (10.3.0-1ubuntu1~20.04) ...
#6 68.07 Setting up autoconf-archive (20190106-2.1ubuntu1) ...
#6 68.11 Setting up libffi-dev:amd64 (3.3-4) ...
#6 68.12 Setting up libllvm6.0:amd64 (1:6.0.1-14) ...
#6 68.14 Setting up gperf (3.1-1build1) ...
#6 68.16 Setting up python3-wheel (0.34.2-1) ...
#6 68.39 Setting up libjbig0:amd64 (2.1-3.1build1) ...
#6 68.40 Setting up libclang1-6.0 (1:6.0.1-14) ...
#6 68.42 Setting up libpcre2-16-0:amd64 (10.34-7) ...
#6 68.44 Setting up xxd (2:8.1.2269-1ubuntu5.7) ...
#6 68.45 Setting up libcmocka0:amd64 (1.1.5-2) ...
#6 68.47 Setting up libpython2.7-stdlib:amd64 (2.7.18-1~20.04.1) ...
#6 68.57 Setting up libllvm10:amd64 (1:10.0.0-4ubuntu1) ...
#6 68.91 Setting up libasound2-data (1.2.2-2.1ubuntu2.5) ...
#6 69.31 Setting up tex-common (6.13) ...
#6 69.75 update-language: texlive-base not installed and configured, doing nothing!
#6 69.85 Setting up libxml-sax-base-perl (1.09-1) ...
#6 69.87 Setting up autotools-dev (20180224.1) ...
#6 69.89 Setting up libpcre2-32-0:amd64 (10.34-7) ...
#6 69.90 Setting up vim-common (2:8.1.2269-1ubuntu5.7) ...
#6 69.93 Setting up libexpat1-dev:amd64 (2.2.9-1build1) ...
#6 69.95 Setting up libsqlite3-dev:amd64 (3.31.1-4ubuntu0.2) ...
#6 69.96 Setting up libdata-dump-perl (1.23-1) ...
#6 69.98 Setting up libgpg-error-dev (1.37-1) ...
#6 70.00 Setting up libcurl4-openssl-dev:amd64 (7.68.0-1ubuntu2.7) ...
#6 70.01 Setting up libclang1-10 (1:10.0.0-4ubuntu1) ...
#6 70.03 Setting up uuid-dev:amd64 (2.34-0.1ubuntu9.3) ...
#6 70.04 Setting up libpython3.8:amd64 (3.8.10-0ubuntu1~20.04.2) ...
#6 70.06 Setting up libsigsegv2:amd64 (2.12-2) ...
#6 70.07 Setting up libssl-dev:amd64 (1.1.1f-1ubuntu2.10) ...
#6 70.09 Setting up libpng16-16:amd64 (1.6.37-2) ...
#6 70.10 Setting up libpcre32-3:amd64 (2:8.39-12build1) ...
#6 70.12 Setting up libvorbis0a:amd64 (1.3.6-2ubuntu1) ...
#6 70.14 Setting up libio-html-perl (1.001-1) ...
#6 70.15 Setting up autopoint (0.19.8.1-10build1) ...
#6 70.17 Setting up binfmt-support (2.2.0-2) ...
#6 70.47 Created symlink /etc/systemd/system/multi-user.target.wants/binfmt-support.service  /lib/systemd/system/binfmt-support.service.
#6 70.50 invoke-rc.d: could not determine current runlevel
#6 70.51 invoke-rc.d: policy-rc.d denied execution of start.
#6 70.58 Setting up libwebp6:amd64 (0.6.1-2ubuntu0.20.04.1) ...
#6 70.71 Setting up libcroco3:amd64 (0.6.13-1) ...
#6 70.78 Setting up pkg-config (0.29.1-0ubuntu4) ...
#6 70.94 Setting up fonts-dejavu-core (2.37-1) ...
#6 71.26 Setting up libpcre2-posix2:amd64 (10.34-7) ...
#6 71.32 Setting up libcmocka-dev:amd64 (1.1.5-2) ...
#6 71.39 Setting up libjpeg-turbo8:amd64 (2.0.3-0ubuntu1.20.04.1) ...
#6 71.47 Setting up libobjc-9-dev:amd64 (9.3.0-17ubuntu1~20.04) ...
#6 71.55 Setting up libltdl7:amd64 (2.4.6-14) ...
#6 71.62 Setting up libtimedate-perl (2.3200-1) ...
#6 71.69 Setting up zlib1g-dev:amd64 (1:1.2.11.dfsg-2ubuntu1.2) ...
#6 71.76 Setting up libtypes-serialiser-perl (1.0-1) ...
#6 71.82 Setting up alsa-topology-conf (1.2.2-1) ...
#6 71.89 Setting up sound-theme-freedesktop (0.8-2ubuntu1) ...
#6 71.95 Setting up llvm-6.0-runtime (1:6.0.1-14) ...
#6 72.02 Setting up libomp5-10:amd64 (1:10.0.0-4ubuntu1) ...
#6 72.08 Setting up dbus-x11 (1.12.16-2ubuntu2.1) ...
#6 72.24 Setting up libjson-perl (4.02000-2) ...
#6 72.29 Setting up gnulib (20200127~e313a53-1) ...
#6 72.31 Setting up libasound2:amd64 (1.2.2-2.1ubuntu2.5) ...
#6 72.33 Setting up python-pip-whl (20.0.2-5ubuntu1.6) ...
#6 72.34 Setting up pandoc-data (2.5-3build2) ...
#6 72.36 Setting up libjs-jquery (3.3.1~dfsg-3) ...
#6 72.38 Setting up vim-runtime (2:8.1.2269-1ubuntu5.7) ...
#6 72.57 Setting up libtext-unidecode-perl (1.30-1) ...
#6 72.58 Setting up python3-lib2to3 (3.8.10-0ubuntu1~20.04) ...
#6 72.74 Setting up libperlio-gzip-perl (0.19-1build5) ...
#6 72.76 Setting up liburi-perl (1.76-2) ...
#6 72.77 Setting up python3-cffi-backend (1.14.0-1build1) ...
#6 72.79 Setting up libjsoncpp1:amd64 (1.7.4-3.1ubuntu2) ...
#6 72.81 Setting up libnet-ssleay-perl (1.88-2ubuntu1) ...
#6 72.82 Setting up libjpeg8:amd64 (8c-2ubuntu8) ...
#6 72.84 Setting up python3-distutils (3.8.10-0ubuntu1~20.04) ...
#6 73.02 Setting up libjson-xs-perl (4.020-1build1) ...
#6 73.03 Setting up libglib2.0-dev-bin (2.64.6-1~ubuntu20.04.4) ...
#6 73.32 Setting up libtinfo-dev:amd64 (6.2-0ubuntu2) ...
#6 73.42 Setting up libblkid-dev:amd64 (2.34-0.1ubuntu9.3) ...
#6 73.48 Setting up libhttp-date-perl (6.05-1) ...
#6 73.50 Setting up gettext (0.19.8.1-10build1) ...
#6 73.51 Setting up libfile-listing-perl (6.04-1) ...
#6 73.53 Setting up libomp-10-dev (1:10.0.0-4ubuntu1) ...
#6 73.55 Setting up python3-setuptools (45.2.0-1) ...
#6 73.93 Setting up libpcre2-dev:amd64 (10.34-7) ...
#6 73.95 Setting up python2.7 (2.7.18-1~20.04.1) ...
#6 75.14 Setting up libtool (2.4.6-14) ...
#6 75.72 Setting up libpython2-stdlib:amd64 (2.7.17-2ubuntu4) ...
#6 75.79 Setting up libselinux1-dev:amd64 (3.0-1build2) ...
#6 75.81 Setting up libpcre3-dev:amd64 (2:8.39-12build1) ...
#6 75.83 Setting up fontconfig-config (2.13.1-2ubuntu3) ...
#6 76.06 Setting up llvm-6.0 (1:6.0.1-14) ...
#6 76.08 Setting up libclang-common-6.0-dev (1:6.0.1-14) ...
#6 76.10 Setting up libnet-http-perl (6.19-1) ...
#6 76.11 Setting up m4 (1.4.18-4) ...
#6 76.13 Setting up lcov (1.14-2) ...
#6 76.15 Setting up libxml-sax-perl (1.02+dfsg-1) ...
#6 76.27 update-perl-sax-parsers: Registering Perl SAX parser XML::SAX::PurePerl with priority 10...
#6 76.41 update-perl-sax-parsers: Updating overall Perl SAX parser modules info file...
#6 76.67 
#6 76.67 Creating config file /etc/perl/XML/SAX/ParserDetails.ini with new version
#6 76.73 Setting up python2 (2.7.17-2ubuntu4) ...
#6 76.75 Setting up python-six (1.14.0-2) ...
#6 77.27 Setting up llvm-6.0-dev (1:6.0.1-14) ...
#6 77.38 Setting up libvorbisfile3:amd64 (1.3.6-2ubuntu1) ...
#6 77.42 Setting up doxygen (1.8.17-0ubuntu2) ...
#6 77.48 Setting up pandoc (2.5-3build2) ...
#6 77.53 Setting up libgcrypt20-dev (1.8.5-5ubuntu1.1) ...
#6 77.60 Setting up libfreetype6:amd64 (2.10.1-2ubuntu0.1) ...
#6 77.65 Setting up libdbus-1-dev:amd64 (1.12.16-2ubuntu2.1) ...
#6 77.70 Setting up libpython3.8-dev:amd64 (3.8.10-0ubuntu1~20.04.2) ...
#6 77.76 Setting up python3-cryptography (2.8-3ubuntu0.1) ...
#6 78.18 Setting up python3-pip (20.0.2-5ubuntu1.6) ...
#6 78.64 Setting up autoconf (2.69-11.1) ...
#6 78.75 Setting up python3.8-dev (3.8.10-0ubuntu1~20.04.2) ...
#6 78.82 Setting up cmocka-doc (1.1.5-2) ...
#6 78.91 Setting up libxml-libxml-perl (2.0134+dfsg-1build1) ...
#6 79.02 update-perl-sax-parsers: Registering Perl SAX parser XML::LibXML::SAX::Parser with priority 50...
#6 79.17 update-perl-sax-parsers: Registering Perl SAX parser XML::LibXML::SAX with priority 50...
#6 79.29 update-perl-sax-parsers: Updating overall Perl SAX parser modules info file...
#6 79.54 Replacing config file /etc/perl/XML/SAX/ParserDetails.ini with new version
#6 79.65 Setting up libwww-robotrules-perl (6.02-1) ...
#6 79.73 Setting up libhtml-parser-perl (3.72-5) ...
#6 79.82 Setting up bison (2:3.5.1+dfsg-1) ...
#6 79.89 update-alternatives: using /usr/bin/bison.yacc to provide /usr/bin/yacc (yacc) in auto mode
#6 79.89 update-alternatives: warning: skip creation of /usr/share/man/man1/yacc.1.gz because associated file /usr/share/man/man1/bison.yacc.1.gz (of link group yacc) doesn't exist
#6 79.93 Setting up python-yaml (5.3.1-1ubuntu0.1) ...
#6 80.48 Setting up libtiff5:amd64 (4.1.0+git191117-2ubuntu0.20.04.2) ...
#6 80.54 Setting up libfontconfig1:amd64 (2.13.1-2ubuntu3) ...
#6 80.60 Setting up clang-6.0 (1:6.0.1-14) ...
#6 80.66 Setting up libmount-dev:amd64 (2.34-0.1ubuntu9.3) ...
#6 80.72 Setting up libio-socket-ssl-perl (2.067-1) ...
#6 80.78 Setting up libomp-dev (1:10.0-50~exp1) ...
#6 81.02 Setting up python-ipaddress (1.0.17-1build1) ...
#6 81.67 Setting up libhttp-message-perl (6.22-1) ...
#6 81.68 Setting up libhtml-form-perl (6.07-1) ...
#6 81.70 Setting up python-cffi-backend (1.14.0-1build1) ...
#6 81.71 Setting up automake (1:1.16.1-4ubuntu6) ...
#6 81.73 update-alternatives: using /usr/bin/automake-1.16 to provide /usr/bin/automake (automake) in auto mode
#6 81.73 update-alternatives: warning: skip creation of /usr/share/man/man1/automake.1.gz because associated file /usr/share/man/man1/automake-1.16.1.gz (of link group automake) doesn't exist
#6 81.73 update-alternatives: warning: skip creation of /usr/share/man/man1/aclocal.1.gz because associated file /usr/share/man/man1/aclocal-1.16.1.gz (of link group automake) doesn't exist
#6 81.74 Setting up python-enum34 (1.1.6-2ubuntu1) ...
#6 82.30 Setting up libcanberra0:amd64 (0.30-7ubuntu1) ...
#6 82.71 Setting up libhttp-negotiate-perl (6.01-1) ...
#6 82.99 Setting up vim (2:8.1.2269-1ubuntu5.7) ...
#6 83.03 update-alternatives: using /usr/bin/vim.basic to provide /usr/bin/vim (vim) in auto mode
#6 83.05 update-alternatives: using /usr/bin/vim.basic to provide /usr/bin/vimdiff (vimdiff) in auto mode
#6 83.06 update-alternatives: using /usr/bin/vim.basic to provide /usr/bin/rvim (rvim) in auto mode
#6 83.08 update-alternatives: using /usr/bin/vim.basic to provide /usr/bin/rview (rview) in auto mode
#6 83.09 update-alternatives: using /usr/bin/vim.basic to provide /usr/bin/vi (vi) in auto mode
#6 83.09 update-alternatives: warning: skip creation of /usr/share/man/da/man1/vi.1.gz because associated file /usr/share/man/da/man1/vim.1.gz (of link group vi) doesn't exist
#6 83.09 update-alternatives: warning: skip creation of /usr/share/man/de/man1/vi.1.gz because associated file /usr/share/man/de/man1/vim.1.gz (of link group vi) doesn't exist
#6 83.09 update-alternatives: warning: skip creation of /usr/share/man/fr/man1/vi.1.gz because associated file /usr/share/man/fr/man1/vim.1.gz (of link group vi) doesn't exist
#6 83.09 update-alternatives: warning: skip creation of /usr/share/man/it/man1/vi.1.gz because associated file /usr/share/man/it/man1/vim.1.gz (of link group vi) doesn't exist
#6 83.09 update-alternatives: warning: skip creation of /usr/share/man/ja/man1/vi.1.gz because associated file /usr/share/man/ja/man1/vim.1.gz (of link group vi) doesn't exist
#6 83.09 update-alternatives: warning: skip creation of /usr/share/man/pl/man1/vi.1.gz because associated file /usr/share/man/pl/man1/vim.1.gz (of link group vi) doesn't exist
#6 83.09 update-alternatives: warning: skip creation of /usr/share/man/ru/man1/vi.1.gz because associated file /usr/share/man/ru/man1/vim.1.gz (of link group vi) doesn't exist
#6 83.09 update-alternatives: warning: skip creation of /usr/share/man/man1/vi.1.gz because associated file /usr/share/man/man1/vim.1.gz (of link group vi) doesn't exist
#6 83.10 update-alternatives: using /usr/bin/vim.basic to provide /usr/bin/view (view) in auto mode
#6 83.10 update-alternatives: warning: skip creation of /usr/share/man/da/man1/view.1.gz because associated file /usr/share/man/da/man1/vim.1.gz (of link group view) doesn't exist
#6 83.10 update-alternatives: warning: skip creation of /usr/share/man/de/man1/view.1.gz because associated file /usr/share/man/de/man1/vim.1.gz (of link group view) doesn't exist
#6 83.10 update-alternatives: warning: skip creation of /usr/share/man/fr/man1/view.1.gz because associated file /usr/share/man/fr/man1/vim.1.gz (of link group view) doesn't exist
#6 83.10 update-alternatives: warning: skip creation of /usr/share/man/it/man1/view.1.gz because associated file /usr/share/man/it/man1/vim.1.gz (of link group view) doesn't exist
#6 83.10 update-alternatives: warning: skip creation of /usr/share/man/ja/man1/view.1.gz because associated file /usr/share/man/ja/man1/vim.1.gz (of link group view) doesn't exist
#6 83.10 update-alternatives: warning: skip creation of /usr/share/man/pl/man1/view.1.gz because associated file /usr/share/man/pl/man1/vim.1.gz (of link group view) doesn't exist
#6 83.10 update-alternatives: warning: skip creation of /usr/share/man/ru/man1/view.1.gz because associated file /usr/share/man/ru/man1/vim.1.gz (of link group view) doesn't exist
#6 83.10 update-alternatives: warning: skip creation of /usr/share/man/man1/view.1.gz because associated file /usr/share/man/man1/vim.1.gz (of link group view) doesn't exist
#6 83.11 update-alternatives: using /usr/bin/vim.basic to provide /usr/bin/ex (ex) in auto mode
#6 83.11 update-alternatives: warning: skip creation of /usr/share/man/da/man1/ex.1.gz because associated file /usr/share/man/da/man1/vim.1.gz (of link group ex) doesn't exist
#6 83.11 update-alternatives: warning: skip creation of /usr/share/man/de/man1/ex.1.gz because associated file /usr/share/man/de/man1/vim.1.gz (of link group ex) doesn't exist
#6 83.11 update-alternatives: warning: skip creation of /usr/share/man/fr/man1/ex.1.gz because associated file /usr/share/man/fr/man1/vim.1.gz (of link group ex) doesn't exist
#6 83.11 update-alternatives: warning: skip creation of /usr/share/man/it/man1/ex.1.gz because associated file /usr/share/man/it/man1/vim.1.gz (of link group ex) doesn't exist
#6 83.12 update-alternatives: warning: skip creation of /usr/share/man/ja/man1/ex.1.gz because associated file /usr/share/man/ja/man1/vim.1.gz (of link group ex) doesn't exist
#6 83.12 update-alternatives: warning: skip creation of /usr/share/man/pl/man1/ex.1.gz because associated file /usr/share/man/pl/man1/vim.1.gz (of link group ex) doesn't exist
#6 83.12 update-alternatives: warning: skip creation of /usr/share/man/ru/man1/ex.1.gz because associated file /usr/share/man/ru/man1/vim.1.gz (of link group ex) doesn't exist
#6 83.12 update-alternatives: warning: skip creation of /usr/share/man/man1/ex.1.gz because associated file /usr/share/man/man1/vim.1.gz (of link group ex) doesn't exist
#6 83.13 update-alternatives: using /usr/bin/vim.basic to provide /usr/bin/editor (editor) in auto mode
#6 83.13 update-alternatives: warning: skip creation of /usr/share/man/da/man1/editor.1.gz because associated file /usr/share/man/da/man1/vim.1.gz (of link group editor) doesn't exist
#6 83.13 update-alternatives: warning: skip creation of /usr/share/man/de/man1/editor.1.gz because associated file /usr/share/man/de/man1/vim.1.gz (of link group editor) doesn't exist
#6 83.13 update-alternatives: warning: skip creation of /usr/share/man/fr/man1/editor.1.gz because associated file /usr/share/man/fr/man1/vim.1.gz (of link group editor) doesn't exist
#6 83.13 update-alternatives: warning: skip creation of /usr/share/man/it/man1/editor.1.gz because associated file /usr/share/man/it/man1/vim.1.gz (of link group editor) doesn't exist
#6 83.13 update-alternatives: warning: skip creation of /usr/share/man/ja/man1/editor.1.gz because associated file /usr/share/man/ja/man1/vim.1.gz (of link group editor) doesn't exist
#6 83.13 update-alternatives: warning: skip creation of /usr/share/man/pl/man1/editor.1.gz because associated file /usr/share/man/pl/man1/vim.1.gz (of link group editor) doesn't exist
#6 83.13 update-alternatives: warning: skip creation of /usr/share/man/ru/man1/editor.1.gz because associated file /usr/share/man/ru/man1/vim.1.gz (of link group editor) doesn't exist
#6 83.13 update-alternatives: warning: skip creation of /usr/share/man/man1/editor.1.gz because associated file /usr/share/man/man1/vim.1.gz (of link group editor) doesn't exist
#6 83.17 Setting up libpython3-dev:amd64 (3.8.2-0ubuntu2) ...
#6 83.23 Setting up libhttp-cookies-perl (6.08-1) ...
#6 83.28 Setting up clang-tools-6.0 (1:6.0.1-14) ...
#6 83.35 Setting up libhtml-tree-perl (5.07-2) ...
#6 83.40 Setting up python-cryptography (2.8-3ubuntu0.1) ...
#6 84.02 Setting up libhtml-format-perl (2.12-1) ...
#6 84.07 Setting up libltdl-dev:amd64 (2.4.6-14) ...
#6 84.14 Setting up libglib2.0-dev:amd64 (2.64.6-1~ubuntu20.04.4) ...
#6 84.20 Setting up libnet-smtp-ssl-perl (1.04-1) ...
#6 84.26 Setting up libmailtools-perl (2.21-1) ...
#6 84.32 Setting up python3-dev (3.8.2-0ubuntu2) ...
#6 84.39 Setting up libgd3:amd64 (2.2.5-5.2ubuntu2.1) ...
#6 84.46 Setting up texinfo (6.7.0.dfsg.2-5) ...
#6 84.56 Setting up libhttp-daemon-perl (6.06-1) ...
#6 84.63 Setting up libgd-perl (2.71-2build1) ...
#6 84.68 Setting up liblwp-protocol-https-perl (6.07-2ubuntu2) ...
#6 84.75 Setting up libwww-perl (6.43-1) ...
#6 84.81 Setting up libxml-parser-perl (2.46-1) ...
#6 84.87 Setting up libxml-sax-expat-perl (0.51-1) ...
#6 84.97 update-perl-sax-parsers: Registering Perl SAX parser XML::SAX::Expat with priority 50...
#6 85.05 update-perl-sax-parsers: Updating overall Perl SAX parser modules info file...
#6 85.30 Replacing config file /etc/perl/XML/SAX/ParserDetails.ini with new version
#6 85.39 Processing triggers for mime-support (3.64ubuntu1) ...
#6 85.45 Processing triggers for libglib2.0-0:amd64 (2.64.6-1~ubuntu20.04.4) ...
#6 85.56 Processing triggers for libc-bin (2.31-0ubuntu9.2) ...
#6 85.95 Processing triggers for systemd (245.4-4ubuntu3.15) ...
#6 DONE 88.9s

#7 [ 3/19] RUN pip3 install cpp-coveralls
#7 sha256:d8e6aff93ddb4b34cfb6418f8fb5f25c035d840cb93d8ef33de2410789c40051
#7 1.445 Collecting cpp-coveralls
#7 1.790   Downloading https://files.pythonhosted.org/packages/93/92/1d07234b151791c173a299c4007ee050cddda43b638452c47f25880db0d8/cpp-coveralls-0.4.2.tar.gz
#7 2.194 Collecting requests (from cpp-coveralls)
#7 2.381   Downloading https://files.pythonhosted.org/packages/2d/61/08076519c80041bc0ffa1a8af0cbd3bf3e2b62af10435d269a9d0f40564d/requests-2.27.1-py2.py3-none-any.whl (63kB)
#7 2.455 Collecting urllib3[secure] (from cpp-coveralls)
#7 2.599   Downloading https://files.pythonhosted.org/packages/4e/b8/f5a25b22e803f0578e668daa33ba3701bb37858ec80e08a150bd7d2cf1b1/urllib3-1.26.8-py2.py3-none-any.whl (138kB)
#7 2.677 Collecting future (from cpp-coveralls)
#7 2.755   Downloading https://files.pythonhosted.org/packages/45/0b/38b06fd9b92dc2b68d58b75f900e97884c45bedd2ff83203d933cf5851c9/future-0.18.2.tar.gz (829kB)
#7 3.475 Collecting idna<4,>=2.5; python_version >= "3" (from requests->cpp-coveralls)
#7 3.565   Downloading https://files.pythonhosted.org/packages/04/a2/d918dcd22354d8958fe113e1a3630137e0fc8b44859ade3063982eacd2a4/idna-3.3-py3-none-any.whl (61kB)
#7 3.598 Collecting certifi>=2017.4.17 (from requests->cpp-coveralls)
#7 3.712   Downloading https://files.pythonhosted.org/packages/37/45/946c02767aabb873146011e665728b680884cd8fe70dde973c640e45b775/certifi-2021.10.8-py2.py3-none-any.whl (149kB)
#7 3.745 Collecting charset-normalizer~=2.0.0; python_version >= "3" (from requests->cpp-coveralls)
#7 3.838   Downloading https://files.pythonhosted.org/packages/06/b3/24afc8868eba069a7f03650ac750a778862dc34941a4bebeb58706715726/charset_normalizer-2.0.12-py3-none-any.whl
#7 3.869 Collecting pyOpenSSL>=0.14; extra == "secure" (from urllib3[secure]->cpp-coveralls)
#7 3.967   Downloading https://files.pythonhosted.org/packages/d5/9f/9c0e3288b85f907a008f9d31318b0e4de31b2f67724a8745e633741f609c/pyOpenSSL-22.0.0-py2.py3-none-any.whl (55kB)
#7 4.006 Collecting cryptography>=1.3.4; extra == "secure" (from urllib3[secure]->cpp-coveralls)
#7 4.823   Downloading https://files.pythonhosted.org/packages/0c/12/a55cf1ed39c2fa9a22448b82c984152fdeb7b30a66e3544eee3bd52b08fc/cryptography-36.0.1-cp36-abi3-manylinux_2_12_x86_64.manylinux2010_x86_64.whl (3.7MB)
#7 5.551 Collecting cffi>=1.12 (from cryptography>=1.3.4; extra == "secure"->urllib3[secure]->cpp-coveralls)
#7 6.107   Downloading https://files.pythonhosted.org/packages/e5/fe/1dac7533ddb73767df8ba26183a9375dde2ee136aec7c92c9fb3038108e3/cffi-1.15.0-cp38-cp38-manylinux_2_12_x86_64.manylinux2010_x86_64.whl (446kB)
#7 6.175 Collecting pycparser (from cffi>=1.12->cryptography>=1.3.4; extra == "secure"->urllib3[secure]->cpp-coveralls)
#7 6.237   Downloading https://files.pythonhosted.org/packages/62/d5/5f610ebe421e85889f2e55e33b7f9a6795bd982198517d912eb1c76e1a53/pycparser-2.21-py2.py3-none-any.whl (118kB)
#7 6.368 Installing collected packages: idna, certifi, pycparser, cffi, cryptography, pyOpenSSL, urllib3, charset-normalizer, requests, future, cpp-coveralls
#7 7.388   Running setup.py install for future: started
#7 8.476     Running setup.py install for future: finished with status 'done'
#7 8.546   Running setup.py install for cpp-coveralls: started
#7 8.941     Running setup.py install for cpp-coveralls: finished with status 'done'
#7 8.967 Successfully installed certifi-2021.10.8 cffi-1.15.0 charset-normalizer-2.0.12 cpp-coveralls-0.4.2 cryptography-36.0.1 future-0.18.2 idna-3.3 pyOpenSSL-22.0.0 pycparser-2.21 requests-2.27.1 urllib3-1.26.8
#7 9.240 WARNING: You are using pip version 19.2.3, however version 22.0.3 is available.
#7 9.240 You should consider upgrading via the 'pip install --upgrade pip' command.
#7 DONE 11.2s

#8 [ 4/19] RUN update-alternatives --install /usr/bin/clang clang /usr/bin/clang-6.0 100
#8 sha256:1c8b8bb2a16eb2bd9f8043ff31b08909ab37419746293fe9f4e04141d5002768
#8 0.590 update-alternatives: using /usr/bin/clang-6.0 to provide /usr/bin/clang (clang) in auto mode
#8 DONE 0.9s

#9 [ 5/19] RUN update-alternatives --install /usr/bin/scan-build scan-build /usr/bin/scan-build-6.0 100
#9 sha256:c8aa72a915bb1fc21c24eec716af85e4ae996294baed23ee551f29057239a97d
#9 0.535 update-alternatives: using /usr/bin/scan-build-6.0 to provide /usr/bin/scan-build (scan-build) in auto mode
#9 DONE 0.8s

#10 [ 6/19] WORKDIR /tmp
#10 sha256:9f7830322c9ca205c6f73b6f8888205a2be0aeb1ad487eca98524cda9bae7467
#10 DONE 0.4s

#11 [ 7/19] RUN wget --quiet --show-progress --progress=dot:giga "http://mirror.kumi.systems/gnu/autoconf-archive/autoconf-archive-2018.03.13.tar.xz" 		&& tar -xf autoconf-archive-2018.03.13.tar.xz         && rm autoconf-archive-2018.03.13.tar.xz         && cd autoconf-archive-2018.03.13         && ./configure --prefix=/usr         && make -j $(nproc) && make install
#11 sha256:94b8d2a0eb3263ef2d8fecdd1ab06af6af16eeeac6ab8f392965576102be560d
#11 1.205 
#11 1.205      0K                                    100% 1.18M=0.5schecking for a BSD-compatible install... /usr/bin/install -c
#11 1.598 checking whether build environment is sane... yes
#11 1.614 checking for a thread-safe mkdir -p... /usr/bin/mkdir -p
#11 1.618 checking for gawk... no
#11 1.619 checking for mawk... mawk
#11 1.620 checking whether make sets $(MAKE)... yes
#11 1.645 checking whether make supports nested variables... yes
#11 1.662 configure: GNU Autoconf Archive 2018.03.13
#11 1.662 checking for a sed that does not truncate output... /usr/bin/sed
#11 1.714 checking that generated files are newer than configure... done
#11 2.609 configure: creating ./config.status
#11 2.945 config.status: creating Makefile
#11 2.965 config.status: creating doc/Makefile
#11 3.052 Making all in doc
#11 3.064 make[1]: Entering directory '/tmp/autoconf-archive-2018.03.13/doc'
#11 3.064 make[1]: Nothing to be done for 'all'.
#11 3.064 make[1]: Leaving directory '/tmp/autoconf-archive-2018.03.13/doc'
#11 3.077 make[1]: Entering directory '/tmp/autoconf-archive-2018.03.13'
#11 3.077 make[1]: Nothing to be done for 'all-am'.
#11 3.077 make[1]: Leaving directory '/tmp/autoconf-archive-2018.03.13'
#11 3.087 Making install in doc
#11 3.100 make[1]: Entering directory '/tmp/autoconf-archive-2018.03.13/doc'
#11 3.106 make[2]: Entering directory '/tmp/autoconf-archive-2018.03.13/doc'
#11 3.106 make[2]: Nothing to be done for 'install-exec-am'.
#11 3.119  /usr/bin/mkdir -p '/usr/share/info'
#11 3.132  /usr/bin/install -c -m 644 ./autoconf-archive.info '/usr/share/info'
#11 3.140 make[2]: Leaving directory '/tmp/autoconf-archive-2018.03.13/doc'
#11 3.140 make[1]: Leaving directory '/tmp/autoconf-archive-2018.03.13/doc'
#11 3.153 make[1]: Entering directory '/tmp/autoconf-archive-2018.03.13'
#11 3.159 make[2]: Entering directory '/tmp/autoconf-archive-2018.03.13'
#11 3.159 make[2]: Nothing to be done for 'install-exec-am'.
#11 3.173  /usr/bin/mkdir -p '/usr/share/aclocal'
#11 3.183  /usr/bin/install -c -m 644 m4/ax_absolute_header.m4 m4/ax_ac_append_to_file.m4 m4/ax_ac_print_to_file.m4 m4/ax_add_am_macro.m4 m4/ax_add_am_macro_static.m4 m4/ax_add_am_trilinos_makefile_export.m4 m4/ax_add_fortify_source.m4 m4/ax_add_recursive_am_macro.m4 m4/ax_add_recursive_am_macro_static.m4 m4/ax_afs.m4 m4/ax_am_jobserver.m4 m4/ax_am_macros.m4 m4/ax_am_macros_static.m4 m4/ax_am_override_var.m4 m4/ax_append_compile_flags.m4 m4/ax_append_flag.m4 m4/ax_append_link_flags.m4 m4/ax_append_to_file.m4 m4/ax_arg_with_path_style.m4 m4/ax_asm_inline.m4 m4/ax_at_check_pattern.m4 m4/ax_auto_include_headers.m4 m4/ax_berkeley_db.m4 m4/ax_berkeley_db_cxx.m4 m4/ax_blas.m4 m4/ax_blas_f77_func.m4 m4/ax_boost_asio.m4 m4/ax_boost_base.m4 m4/ax_boost_chrono.m4 m4/ax_boost_context.m4 m4/ax_boost_coroutine.m4 m4/ax_boost_date_time.m4 m4/ax_boost_filesystem.m4 m4/ax_boost_iostreams.m4 m4/ax_boost_locale.m4 m4/ax_boost_log.m4 m4/ax_boost_log_setup.m4 m4/ax_boost_program_options.m4 m4/ax_boost_python.m4 m4/ax_boost_regex.m4 '/usr/share/aclocal'
#11 3.192  /usr/bin/install -c -m 644 m4/ax_boost_serialization.m4 m4/ax_boost_signals.m4 m4/ax_boost_system.m4 m4/ax_boost_test_exec_monitor.m4 m4/ax_boost_thread.m4 m4/ax_boost_unit_test_framework.m4 m4/ax_boost_wave.m4 m4/ax_boost_wserialization.m4 m4/ax_build_date_epoch.m4 m4/ax_c99_inline.m4 m4/ax_c___attribute__.m4 m4/ax_c_arithmetic_rshift.m4 m4/ax_c_compile_value.m4 m4/ax_c_declare_block.m4 m4/ax_c_float_words_bigendian.m4 m4/ax_c_long_long.m4 m4/ax_c_referenceable_passed_va_list.m4 m4/ax_c_var_func.m4 m4/ax_cache_size.m4 m4/ax_caolan_check_package.m4 m4/ax_caolan_search_package.m4 m4/ax_cc_for_build.m4 m4/ax_cc_maxopt.m4 m4/ax_cf_ebcdic.m4 m4/ax_cflags_aix_option.m4 m4/ax_cflags_force_c89.m4 m4/ax_cflags_hpux_option.m4 m4/ax_cflags_irix_option.m4 m4/ax_cflags_no_writable_strings.m4 m4/ax_cflags_strict_prototypes.m4 m4/ax_cflags_sun_option.m4 m4/ax_cflags_warn_all.m4 m4/ax_check_aligned_access_required.m4 m4/ax_check_allocated_ctime.m4 m4/ax_check_awk__v.m4 m4/ax_check_awk__x_escapes.m4 m4/ax_check_awk_and.m4 m4/ax_check_awk_argind.m4 m4/ax_check_awk_array_delete.m4 m4/ax_check_awk_array_delete_elem.m4 '/usr/share/aclocal'
#11 3.203  /usr/bin/install -c -m 644 m4/ax_check_awk_array_in.m4 m4/ax_check_awk_asort.m4 m4/ax_check_awk_asorti.m4 m4/ax_check_awk_associative_array.m4 m4/ax_check_awk_atan2.m4 m4/ax_check_awk_compl.m4 m4/ax_check_awk_conditional_expression.m4 m4/ax_check_awk_cos.m4 m4/ax_check_awk_environ.m4 m4/ax_check_awk_errno.m4 m4/ax_check_awk_exit.m4 m4/ax_check_awk_exp.m4 m4/ax_check_awk_gensub.m4 m4/ax_check_awk_getline.m4 m4/ax_check_awk_gsub.m4 m4/ax_check_awk_ignorecase.m4 m4/ax_check_awk_index.m4 m4/ax_check_awk_int.m4 m4/ax_check_awk_length.m4 m4/ax_check_awk_log.m4 m4/ax_check_awk_lshift.m4 m4/ax_check_awk_match_2parms.m4 m4/ax_check_awk_match_3parms.m4 m4/ax_check_awk_operator_multiply_multiply.m4 m4/ax_check_awk_operator_square.m4 m4/ax_check_awk_or.m4 m4/ax_check_awk_printf.m4 m4/ax_check_awk_rand.m4 m4/ax_check_awk_rshift.m4 m4/ax_check_awk_sin.m4 m4/ax_check_awk_split.m4 m4/ax_check_awk_sprintf.m4 m4/ax_check_awk_sqrt.m4 m4/ax_check_awk_srand.m4 m4/ax_check_awk_strftime.m4 m4/ax_check_awk_strtonum.m4 m4/ax_check_awk_sub.m4 m4/ax_check_awk_substr.m4 m4/ax_check_awk_system.m4 m4/ax_check_awk_systime.m4 '/usr/share/aclocal'
#11 3.214  /usr/bin/install -c -m 644 m4/ax_check_awk_tolower.m4 m4/ax_check_awk_toupper.m4 m4/ax_check_awk_user_defined_functions.m4 m4/ax_check_awk_var_regexp.m4 m4/ax_check_awk_variable_value_pairs.m4 m4/ax_check_awk_xor.m4 m4/ax_check_class.m4 m4/ax_check_classpath.m4 m4/ax_check_compile_flag.m4 m4/ax_check_define.m4 m4/ax_check_docbook_dtd.m4 m4/ax_check_docbook_xslt.m4 m4/ax_check_docbook_xslt_min.m4 m4/ax_check_dos_filesys.m4 m4/ax_check_enable_debug.m4 m4/ax_check_func_in.m4 m4/ax_check_gd.m4 m4/ax_check_gir_symbols_gjs.m4 m4/ax_check_girs_gjs.m4 m4/ax_check_gl.m4 m4/ax_check_glu.m4 m4/ax_check_glut.m4 m4/ax_check_glx.m4 m4/ax_check_gnu_make.m4 m4/ax_check_icu.m4 m4/ax_check_java_home.m4 m4/ax_check_java_plugin.m4 m4/ax_check_junit.m4 m4/ax_check_library.m4 m4/ax_check_link_flag.m4 m4/ax_check_mysql.m4 m4/ax_check_mysql_db.m4 m4/ax_check_mysqlr.m4 m4/ax_check_off64_t.m4 m4/ax_check_openssl.m4 m4/ax_check_page_aligned_malloc.m4 m4/ax_check_pathfind.m4 m4/ax_check_pathname_style.m4 m4/ax_check_pgsql_db.m4 m4/ax_check_posix_regcomp.m4 '/usr/share/aclocal'
#11 3.225  /usr/bin/install -c -m 644 m4/ax_check_posix_sysinfo.m4 m4/ax_check_postgres_db.m4 m4/ax_check_preproc_flag.m4 m4/ax_check_rqrd_class.m4 m4/ax_check_sign.m4 m4/ax_check_strcspn.m4 m4/ax_check_strftime.m4 m4/ax_check_struct_for.m4 m4/ax_check_symbol.m4 m4/ax_check_sys_siglist.m4 m4/ax_check_typedef.m4 m4/ax_check_uname_syscall.m4 m4/ax_check_user.m4 m4/ax_check_vscript.m4 m4/ax_check_x86_features.m4 m4/ax_check_zlib.m4 m4/ax_code_coverage.m4 m4/ax_compare_version.m4 m4/ax_compile_check_sizeof.m4 m4/ax_compiler_flags.m4 m4/ax_compiler_flags_cflags.m4 m4/ax_compiler_flags_cxxflags.m4 m4/ax_compiler_flags_gir.m4 m4/ax_compiler_flags_ldflags.m4 m4/ax_compiler_vendor.m4 m4/ax_compiler_version.m4 m4/ax_compute_relative_paths.m4 m4/ax_compute_standard_relative_paths.m4 m4/ax_cond_with_level.m4 m4/ax_config_feature.m4 m4/ax_configure_args.m4 m4/ax_count_cpus.m4 m4/ax_cpu_freq.m4 m4/ax_cpu_vendor.m4 m4/ax_create_generic_config.m4 m4/ax_create_pkgconfig_info.m4 m4/ax_create_stdint_h.m4 m4/ax_create_target_h.m4 m4/ax_cvs.m4 m4/ax_cxx_bool.m4 '/usr/share/aclocal'
#11 3.236  /usr/bin/install -c -m 644 m4/ax_cxx_compile_stdcxx.m4 m4/ax_cxx_compile_stdcxx_0x.m4 m4/ax_cxx_compile_stdcxx_11.m4 m4/ax_cxx_compile_stdcxx_14.m4 m4/ax_cxx_compile_stdcxx_17.m4 m4/ax_cxx_complex_math_in_namespace_std.m4 m4/ax_cxx_const_cast.m4 m4/ax_cxx_cppflags_std_lang.m4 m4/ax_cxx_cxxflags_std_lang.m4 m4/ax_cxx_default_template_parameters.m4 m4/ax_cxx_delete_method.m4 m4/ax_cxx_dtor_after_atexit.m4 m4/ax_cxx_dynamic_cast.m4 m4/ax_cxx_enum_computations.m4 m4/ax_cxx_enum_computations_with_cast.m4 m4/ax_cxx_erase_iterator_type.m4 m4/ax_cxx_exceptions.m4 m4/ax_cxx_explicit.m4 m4/ax_cxx_explicit_instantiations.m4 m4/ax_cxx_explicit_template_function_qualification.m4 m4/ax_cxx_extern_template.m4 m4/ax_cxx_full_specialization_syntax.m4 m4/ax_cxx_function_nontype_parameters.m4 m4/ax_cxx_function_try_blocks.m4 m4/ax_cxx_gcc_abi_demangle.m4 m4/ax_cxx_gnucxx_hashmap.m4 m4/ax_cxx_have_bad_function_call.m4 m4/ax_cxx_have_bind.m4 m4/ax_cxx_have_bit_and.m4 m4/ax_cxx_have_bit_or.m4 m4/ax_cxx_have_bit_xor.m4 m4/ax_cxx_have_complex.m4 m4/ax_cxx_have_complex_math1.m4 m4/ax_cxx_have_complex_math2.m4 m4/ax_cxx_have_cref.m4 m4/ax_cxx_have_empty_iostream.m4 m4/ax_cxx_have_ext_hash_map.m4 m4/ax_cxx_have_ext_hash_set.m4 m4/ax_cxx_have_ext_slist.m4 m4/ax_cxx_have_freeze_sstream.m4 '/usr/share/aclocal'
#11 3.248  /usr/bin/install -c -m 644 m4/ax_cxx_have_function.m4 m4/ax_cxx_have_hash.m4 m4/ax_cxx_have_ieee_math.m4 m4/ax_cxx_have_is_bind_expression.m4 m4/ax_cxx_have_is_placeholder.m4 m4/ax_cxx_have_koenig_lookup.m4 m4/ax_cxx_have_long_long_for_iostream.m4 m4/ax_cxx_have_mem_fn.m4 m4/ax_cxx_have_numeric_limits.m4 m4/ax_cxx_have_placeholders.m4 m4/ax_cxx_have_ref.m4 m4/ax_cxx_have_reference_wrapper.m4 m4/ax_cxx_have_sstream.m4 m4/ax_cxx_have_std.m4 m4/ax_cxx_have_stl.m4 m4/ax_cxx_have_string_push_back.m4 m4/ax_cxx_have_system_v_math.m4 m4/ax_cxx_have_valarray.m4 m4/ax_cxx_have_vector_at.m4 m4/ax_cxx_header_pre_stdcxx.m4 m4/ax_cxx_header_stdcxx_0x.m4 m4/ax_cxx_header_stdcxx_98.m4 m4/ax_cxx_header_stdcxx_tr1.m4 m4/ax_cxx_header_tr1_unordered_map.m4 m4/ax_cxx_header_tr1_unordered_set.m4 m4/ax_cxx_header_unordered_map.m4 m4/ax_cxx_header_unordered_set.m4 m4/ax_cxx_ldflags_std_lang.m4 m4/ax_cxx_member_constants.m4 m4/ax_cxx_member_templates.m4 m4/ax_cxx_member_templates_outside_class.m4 m4/ax_cxx_mutable.m4 m4/ax_cxx_namespace_std.m4 m4/ax_cxx_namespaces.m4 m4/ax_cxx_new_for_scoping.m4 m4/ax_cxx_old_for_scoping.m4 m4/ax_cxx_partial_ordering.m4 m4/ax_cxx_partial_specialization.m4 m4/ax_cxx_reinterpret_cast.m4 m4/ax_cxx_restrict_this.m4 '/usr/share/aclocal'
#11 3.260  /usr/bin/install -c -m 644 m4/ax_cxx_rtti.m4 m4/ax_cxx_rvalue_references.m4 m4/ax_cxx_static_cast.m4 m4/ax_cxx_stlport_hashmap.m4 m4/ax_cxx_template_keyword_qualifier.m4 m4/ax_cxx_template_qualified_base_class.m4 m4/ax_cxx_template_qualified_return_type.m4 m4/ax_cxx_template_scoped_argument_matching.m4 m4/ax_cxx_templates.m4 m4/ax_cxx_templates_as_template_arguments.m4 m4/ax_cxx_typename.m4 m4/ax_cxx_use_numtrait.m4 m4/ax_cxx_var_prettyfunc.m4 m4/ax_cxx_verbose_terminate_handler.m4 m4/ax_czmq.m4 m4/ax_decl_wchar_max.m4 m4/ax_define_integer_bits.m4 m4/ax_define_sub_path.m4 m4/ax_dirname.m4 m4/ax_dist_msi.m4 m4/ax_dist_rpm.m4 m4/ax_dll_string.m4 m4/ax_elisp.m4 m4/ax_enable_builddir.m4 m4/ax_execinfo.m4 m4/ax_expand_prefix.m4 m4/ax_ext.m4 m4/ax_ext_check_header.m4 m4/ax_ext_have_lib.m4 m4/ax_extend_srcdir.m4 m4/ax_extra_dist.m4 m4/ax_f77_cmain_fflags.m4 m4/ax_f90_header.m4 m4/ax_f90_internal_headmod.m4 m4/ax_f90_library.m4 m4/ax_f90_library_setup.m4 m4/ax_f90_module.m4 m4/ax_f90_module_extension.m4 m4/ax_f90_module_flag.m4 m4/ax_fc_check_define.m4 '/usr/share/aclocal'
#11 3.271  /usr/bin/install -c -m 644 m4/ax_file_escapes.m4 m4/ax_find_hamcrest.m4 m4/ax_find_junit.m4 m4/ax_find_scala_stdlib.m4 m4/ax_forceinline.m4 m4/ax_func_accept_argtypes.m4 m4/ax_func_getopt_long.m4 m4/ax_func_memmove.m4 m4/ax_func_mkdir.m4 m4/ax_func_posix_memalign.m4 m4/ax_func_snprintf.m4 m4/ax_func_which_gethostbyname_r.m4 m4/ax_func_which_getservbyname_r.m4 m4/ax_gcc_archflag.m4 m4/ax_gcc_builtin.m4 m4/ax_gcc_const_call.m4 m4/ax_gcc_func_attribute.m4 m4/ax_gcc_lib.m4 m4/ax_gcc_libgcc_eh.m4 m4/ax_gcc_libsupcxx.m4 m4/ax_gcc_malloc_call.m4 m4/ax_gcc_var_attribute.m4 m4/ax_gcc_warn_unused_result.m4 m4/ax_gcc_x86_avx_xgetbv.m4 m4/ax_gcc_x86_cpu_supports.m4 m4/ax_gcc_x86_cpuid.m4 m4/ax_generate_changelog.m4 m4/ax_gnu_autotest.m4 m4/ax_have_adns.m4 m4/ax_have_epoll.m4 m4/ax_have_poll.m4 m4/ax_have_qt.m4 m4/ax_have_select.m4 m4/ax_include_strcasecmp.m4 m4/ax_install_files.m4 m4/ax_is_release.m4 m4/ax_java_check_class.m4 m4/ax_java_options.m4 m4/ax_jni_include_dir.m4 m4/ax_lapack.m4 '/usr/share/aclocal'
#11 3.283  /usr/bin/install -c -m 644 m4/ax_lib_beecrypt.m4 m4/ax_lib_cgal_core.m4 m4/ax_lib_crypto.m4 m4/ax_lib_curl.m4 m4/ax_lib_ev.m4 m4/ax_lib_expat.m4 m4/ax_lib_firebird.m4 m4/ax_lib_gcrypt.m4 m4/ax_lib_gdal.m4 m4/ax_lib_hdf5.m4 m4/ax_lib_id3.m4 m4/ax_lib_libkml.m4 m4/ax_lib_metis.m4 m4/ax_lib_mysql.m4 m4/ax_lib_mysqlcppconn.m4 m4/ax_lib_netcdf4.m4 m4/ax_lib_nettle.m4 m4/ax_lib_nokalva.m4 m4/ax_lib_oracle_occi.m4 m4/ax_lib_oracle_oci.m4 m4/ax_lib_orbit2.m4 m4/ax_lib_postgresql.m4 m4/ax_lib_readline.m4 m4/ax_lib_samtools.m4 m4/ax_lib_socket_nsl.m4 m4/ax_lib_sqlite3.m4 m4/ax_lib_tabix.m4 m4/ax_lib_taglib.m4 m4/ax_lib_trace.m4 m4/ax_lib_upnp.m4 m4/ax_lib_wad.m4 m4/ax_lib_xalan.m4 m4/ax_lib_xerces.m4 m4/ax_lib_xml_security.m4 m4/ax_libgcj_jar.m4 m4/ax_libtoolize_cflags.m4 m4/ax_llvm.m4 m4/ax_lua.m4 m4/ax_luarocks_rock.m4 m4/ax_maintainer_mode_auto_silent.m4 '/usr/share/aclocal'
#11 3.295  /usr/bin/install -c -m 644 m4/ax_missing_prog.m4 m4/ax_mpi.m4 m4/ax_mpip.m4 m4/ax_need_awk.m4 m4/ax_normalize_path.m4 m4/ax_not_enable_frame_pointer.m4 m4/ax_numeric_namedlevel.m4 m4/ax_open62541_check_h.m4 m4/ax_open62541_check_lib.m4 m4/ax_open62541_path.m4 m4/ax_openmp.m4 m4/ax_patch_libtool_changing_cmds_ifs.m4 m4/ax_path_bdb.m4 m4/ax_path_generic.m4 m4/ax_path_lib_pcre.m4 m4/ax_path_milter.m4 m4/ax_path_missing.m4 m4/ax_perl_ext.m4 m4/ax_perl_ext_flags.m4 m4/ax_perl_module_version.m4 m4/ax_pgsql_priv_root.m4 m4/ax_pkg_check_modules.m4 m4/ax_pkg_mico.m4 m4/ax_pkg_swig.m4 m4/ax_prefix_config_h.m4 m4/ax_print_to_file.m4 m4/ax_printf_size_t.m4 m4/ax_prog_apache.m4 m4/ax_prog_bison.m4 m4/ax_prog_bison_version.m4 m4/ax_prog_cc_char_subscripts.m4 m4/ax_prog_cc_for_build.m4 m4/ax_prog_cc_mpi.m4 m4/ax_prog_cp_s.m4 m4/ax_prog_crontab.m4 m4/ax_prog_cxx_for_build.m4 m4/ax_prog_cxx_mpi.m4 m4/ax_prog_date.m4 m4/ax_prog_dotnetcore_version.m4 m4/ax_prog_doxygen.m4 '/usr/share/aclocal'
#11 3.307  /usr/bin/install -c -m 644 m4/ax_prog_emacs.m4 m4/ax_prog_f77_mpi.m4 m4/ax_prog_fasm.m4 m4/ax_prog_fasm_opt.m4 m4/ax_prog_fc_mpi.m4 m4/ax_prog_fig2dev.m4 m4/ax_prog_flex.m4 m4/ax_prog_flex_version.m4 m4/ax_prog_gjs.m4 m4/ax_prog_guile_version.m4 m4/ax_prog_haxe_version.m4 m4/ax_prog_help2man.m4 m4/ax_prog_hla.m4 m4/ax_prog_hla_opt.m4 m4/ax_prog_httpd.m4 m4/ax_prog_jar.m4 m4/ax_prog_java.m4 m4/ax_prog_java_cc.m4 m4/ax_prog_java_works.m4 m4/ax_prog_javac.m4 m4/ax_prog_javac_works.m4 m4/ax_prog_javadoc.m4 m4/ax_prog_javah.m4 m4/ax_prog_masm.m4 m4/ax_prog_masm_opt.m4 m4/ax_prog_md5sum.m4 m4/ax_prog_modprobe.m4 m4/ax_prog_mysql.m4 m4/ax_prog_mysqladmin.m4 m4/ax_prog_mysqld.m4 m4/ax_prog_mysqlimport.m4 m4/ax_prog_mysqlshow.m4 m4/ax_prog_nasm.m4 m4/ax_prog_nasm_opt.m4 m4/ax_prog_perl_modules.m4 m4/ax_prog_perl_version.m4 m4/ax_prog_pgclient.m4 m4/ax_prog_python_version.m4 m4/ax_prog_ruby_version.m4 m4/ax_prog_scala.m4 '/usr/share/aclocal'
#11 3.317  /usr/bin/install -c -m 644 m4/ax_prog_scalac.m4 m4/ax_prog_scp.m4 m4/ax_prog_splint.m4 m4/ax_prog_ssh.m4 m4/ax_prog_tasm.m4 m4/ax_prog_tasm_opt.m4 m4/ax_prog_tcl.m4 m4/ax_prog_xsltproc.m4 m4/ax_prog_yasm.m4 m4/ax_prog_yasm_opt.m4 m4/ax_prototype.m4 m4/ax_prototype_accept.m4 m4/ax_prototype_getsockname.m4 m4/ax_prototype_setsockopt.m4 m4/ax_pthread.m4 m4/ax_python.m4 m4/ax_python_config_var.m4 m4/ax_python_devel.m4 m4/ax_python_embed.m4 m4/ax_python_module.m4 m4/ax_python_module_version.m4 m4/ax_r_package.m4 m4/ax_recursive_eval.m4 m4/ax_require_defined.m4 m4/ax_require_one_func.m4 m4/ax_restore_flags.m4 m4/ax_restore_flags_with_prefix.m4 m4/ax_rpm_init.m4 m4/ax_ruby_devel.m4 m4/ax_ruby_ext.m4 m4/ax_save_flags.m4 m4/ax_save_flags_with_prefix.m4 m4/ax_set_default_paths_system.m4 m4/ax_short_sleep.m4 m4/ax_silent_mode.m4 m4/ax_sip_devel.m4 m4/ax_spec_file.m4 m4/ax_spec_package_version.m4 m4/ax_split_version.m4 m4/ax_string_strcasecmp.m4 '/usr/share/aclocal'
#11 3.329  /usr/bin/install -c -m 644 m4/ax_strings_strcasecmp.m4 m4/ax_struct_semun.m4 m4/ax_subdir_files.m4 m4/ax_subdirs_configure.m4 m4/ax_subst_with.m4 m4/ax_swig_enable_cxx.m4 m4/ax_swig_multi_module_support.m4 m4/ax_swig_python.m4 m4/ax_switch_flags.m4 m4/ax_sys_dev_poll.m4 m4/ax_sys_largefile_sensitive.m4 m4/ax_sys_perlsharpbang.m4 m4/ax_sys_weak_alias.m4 m4/ax_sysv_ipc.m4 m4/ax_tls.m4 m4/ax_trilinos_amesos.m4 m4/ax_trilinos_base.m4 m4/ax_trilinos_epetra.m4 m4/ax_trilinos_epetraext.m4 m4/ax_trilinos_epetraext_hdf5.m4 m4/ax_trilinos_rtop.m4 m4/ax_trilinos_rythmos.m4 m4/ax_trilinos_teuchos.m4 m4/ax_trilinos_thyra.m4 m4/ax_trilinos_thyra_epetra.m4 m4/ax_trilinos_thyra_epetraext.m4 m4/ax_try_awk_anyout.m4 m4/ax_try_awk_expout.m4 m4/ax_try_compile_java.m4 m4/ax_try_run_java.m4 m4/ax_type_socklen_t.m4 m4/ax_upload.m4 m4/ax_valgrind_check.m4 m4/ax_var_pop.m4 m4/ax_var_push.m4 m4/ax_var_timezone_externals.m4 m4/ax_very_nice.m4 m4/ax_warning_default_aclocaldir.m4 m4/ax_warning_default_pkgconfig.m4 m4/ax_wint_t.m4 '/usr/share/aclocal'
#11 3.339  /usr/bin/install -c -m 644 m4/ax_with_apxs.m4 m4/ax_with_build_path.m4 m4/ax_with_curses.m4 m4/ax_with_curses_extra.m4 m4/ax_with_dmalloc.m4 m4/ax_with_mpatrol.m4 m4/ax_with_prog.m4 m4/ax_xercesc.m4 m4/ax_xsdcxx.m4 m4/ax_xtra_classpath.m4 m4/ax_zmq.m4 m4/ax_zoneinfo.m4 '/usr/share/aclocal'
#11 3.347  /usr/bin/mkdir -p '/usr/share/autoconf-archive'
#11 3.351  /usr/bin/install -c -m 644 AUTHORS COPYING COPYING.EXCEPTION README '/usr/share/autoconf-archive'
#11 3.354 make[2]: Leaving directory '/tmp/autoconf-archive-2018.03.13'
#11 3.354 make[1]: Leaving directory '/tmp/autoconf-archive-2018.03.13'
#11 DONE 3.9s

#12 [ 8/19] RUN rm -fr autoconf-archive-2018.03.13.tar.xz
#12 sha256:9b5c253e1d7ceb1de2a2fc0ad17daf39f1c13d81b9302dfc96befc0087bc587d
#12 DONE 0.8s

#13 [ 9/19] WORKDIR /tmp
#13 sha256:c0f810a551e41b3a03b613db484323c5798672579253c952c13df4302cf49137
#13 DONE 0.3s

#14 [10/19] RUN wget --quiet --show-progress --progress=dot:giga "https://downloads.sourceforge.net/project/ibmswtpm2/ibmtpm1119.tar.gz" 	&& sha256sum ibmtpm1119.tar.gz | grep ^b9eef79904e276aeaed2a6b9e4021442ef4d7dfae4adde2473bef1a6a4cd10fb 	&& mkdir -p ibmtpm1119 	&& tar xvf ibmtpm1119.tar.gz -C ibmtpm1119 	&& rm ibmtpm1119.tar.gz
#14 sha256:88d351349fed56939ca6961f561b9057e4dedfce8b1cd501575f1fbdafff0d00
#14 1.624 
#14 1.624      0K                                    100% 3.15M=0.2sb9eef79904e276aeaed2a6b9e4021442ef4d7dfae4adde2473bef1a6a4cd10fb  ibmtpm1119.tar.gz
#14 1.651 ./
#14 1.651 ./src/
#14 1.651 ./src/AsymmetricCommands.c
#14 1.651 ./src/TpmBuildSwitches.h
#14 1.652 ./src/NV_spt_fp.h
#14 1.652 ./src/CryptRand_fp.h
#14 1.652 ./src/SequenceComplete_fp.h
#14 1.652 ./src/CryptSym.h
#14 1.652 ./src/PolicyOR_fp.h
#14 1.652 ./src/PolicyNvWritten_fp.h
#14 1.652 ./src/SessionProcess_fp.h
#14 1.652 ./src/ntc2.c
#14 1.653 ./src/PolicyDuplicationSelect_fp.h
#14 1.653 ./src/ReadClock_fp.h
#14 1.653 ./src/CryptEccKeyExchange.c
#14 1.653 ./src/SetPrimaryPolicy_fp.h
#14 1.653 ./src/PolicyCounterTimer_fp.h
#14 1.653 ./src/MAC_fp.h
#14 1.653 ./src/BaseTypes.h
#14 1.654 ./src/NV_ReadPublic_fp.h
#14 1.654 ./src/GetCapability_fp.h
#14 1.654 ./src/Rewrap_fp.h
#14 1.654 ./src/CommandAudit.c
#14 1.654 ./src/HierarchyControl_fp.h
#14 1.654 ./src/EphemeralCommands.c
#14 1.654 ./src/ChangeEPS_fp.h
#14 1.654 ./src/MAC_Start_fp.h
#14 1.654 ./src/AlgorithmTests_fp.h
#14 1.655 ./src/TpmToOsslHash.h
#14 1.655 ./src/BnValues.h
#14 1.655 ./src/Object_spt.c
#14 1.655 ./src/_TPM_Hash_Data_fp.h
#14 1.655 ./src/RandomCommands.c
#14 1.655 ./src/StartupCommands.c
#14 1.656 ./src/TPMCmdp.c
#14 1.656 ./src/PolicySecret_fp.h
#14 1.656 ./src/HierarchyCommands.c
#14 1.656 ./src/DA_fp.h
#14 1.656 ./src/ActivateCredential_fp.h
#14 1.656 ./src/TPMB.h
#14 1.656 ./src/CryptEccKeyExchange_fp.h
#14 1.656 ./src/Vendor_TCG_Test_fp.h
#14 1.657 ./src/ResponseCodeProcessing_fp.h
#14 1.657 ./src/NV_GlobalWriteLock_fp.h
#14 1.657 ./src/GetTestResult_fp.h
#14 1.657 ./src/EncryptDecrypt_fp.h
#14 1.657 ./src/ClockCommands.c
#14 1.657 ./src/Commit_fp.h
#14 1.657 ./src/Clock.c
#14 1.657 ./src/Entropy.c
#14 1.657 ./src/CryptRand.h
#14 1.658 ./src/IntegrityCommands.c
#14 1.658 ./src/SequenceUpdate_fp.h
#14 1.658 ./src/ntc2lib.h
#14 1.658 ./src/Attest_spt_fp.h
#14 1.658 ./src/Policy_spt.c
#14 1.658 ./src/CryptHash_fp.h
#14 1.658 ./src/ntc2_fp.h
#14 1.658 ./src/CryptHash.h
#14 1.659 ./src/_TPM_Init_fp.h
#14 1.659 ./src/HMAC_Start_fp.h
#14 1.659 ./src/Sign_fp.h
#14 1.659 ./src/Startup_fp.h
#14 1.659 ./src/Manufacture.c
#14 1.659 ./src/EccTestData.h
#14 1.659 ./src/PCR_SetAuthValue_fp.h
#14 1.659 ./src/ObjectCommands.c
#14 1.660 ./src/EC_Ephemeral_fp.h
#14 1.660 ./src/IncrementalSelfTest_fp.h
#14 1.660 ./src/Unique.c
#14 1.660 ./src/NV_Extend_fp.h
#14 1.660 ./src/GpMacros.h
#14 1.660 ./src/TpmToOsslSym.h
#14 1.660 ./src/Marshal_fp.h
#14 1.661 ./src/PolicyCommandCode_fp.h
#14 1.661 ./src/Memory_fp.h
#14 1.661 ./src/SymmetricTestData.h
#14 1.661 ./src/TpmTypes.h
#14 1.661 ./src/EncryptDecrypt_spt.h
#14 1.662 ./src/makefile
#14 1.662 ./src/EncryptDecrypt_spt.c
#14 1.662 ./src/Time.c
#14 1.662 ./src/CommandDispatchData.h
#14 1.663 ./src/CreatePrimary_fp.h
#14 1.663 ./src/PCR.c
#14 1.663 ./src/HierarchyChangeAuth_fp.h
#14 1.663 ./src/PCR_Event_fp.h
#14 1.663 ./src/Power.c
#14 1.664 ./src/NVMem.c
#14 1.664 ./src/Import_fp.h
#14 1.664 ./src/Hierarchy.c
#14 1.664 ./src/makefile11.mak
#14 1.664 ./src/TcpServer_fp.h
#14 1.664 ./src/CryptEccMain_fp.h
#14 1.664 ./src/Global.h
#14 1.665 ./src/Context_spt_fp.h
#14 1.665 ./src/RSA_Decrypt_fp.h
#14 1.665 ./src/Power_fp.h
#14 1.665 ./src/ExecCommand.c
#14 1.665 ./src/ContextLoad_fp.h
#14 1.665 ./src/SetCommandCodeAuditStatus_fp.h
#14 1.665 ./src/HashTestData.h
#14 1.665 ./src/_TPM_Hash_End_fp.h
#14 1.666 ./src/CryptDes_fp.h
#14 1.666 ./src/Hierarchy_fp.h
#14 1.666 ./src/TpmToOsslSupport_fp.h
#14 1.666 ./src/DuplicationCommands.c
#14 1.666 ./src/Unseal_fp.h
#14 1.666 ./src/Entity_fp.h
#14 1.666 ./src/PolicyPassword_fp.h
#14 1.666 ./src/PolicyNV_fp.h
#14 1.667 ./src/Session.c
#14 1.667 ./src/ContextSave_fp.h
#14 1.667 ./src/Vendor_TCG_Test.c
#14 1.667 ./src/TpmFail_fp.h
#14 1.667 ./src/TcpServerPosix.c
#14 1.667 ./src/EvictControl_fp.h
#14 1.667 ./src/ObjectChangeAuth_fp.h
#14 1.667 ./src/TpmToOsslDesSupport_fp.h
#14 1.668 ./src/CryptPrime_fp.h
#14 1.668 ./src/ExecCommand_fp.h
#14 1.668 ./src/PP_Commands_fp.h
#14 1.668 ./src/CertifyCreation_fp.h
#14 1.668 ./src/ECC_Parameters_fp.h
#14 1.668 ./src/DictionaryCommands.c
#14 1.668 ./src/ClearControl_fp.h
#14 1.668 ./src/EncryptDecrypt2_fp.h
#14 1.668 ./src/BnMemory_fp.h
#14 1.668 ./src/ntc2lib.c
#14 1.669 ./src/CryptSelfTest.c
#14 1.669 ./src/CryptEccMain.c
#14 1.669 ./src/ECDH_ZGen_fp.h
#14 1.669 ./src/HashCommands.c
#14 1.669 ./src/ReadPublic_fp.h
#14 1.669 ./src/DictionaryAttackParameters_fp.h
#14 1.669 ./src/Hash_fp.h
#14 1.669 ./src/TpmToOsslMath.c
#14 1.669 ./src/FlushContext_fp.h
#14 1.669 ./src/DictionaryAttackLockReset_fp.h
#14 1.670 ./src/Locality_fp.h
#14 1.670 ./src/Object_fp.h
#14 1.670 ./src/RunCommand.c
#14 1.670 ./src/CryptHashData.h
#14 1.670 ./src/Context_spt.c
#14 1.670 ./src/IoBuffers.c
#14 1.670 ./src/TpmToOsslDesSupport.c
#14 1.670 ./src/Unmarshal.c
#14 1.671 ./src/PolicyAuthorizeNV_fp.h
#14 1.671 ./src/Commands.h
#14 1.671 ./src/Ticket_fp.h
#14 1.671 ./src/NVReserved.c
#14 1.671 ./src/Marshal.c
#14 1.671 ./src/PrimeData.c
#14 1.671 ./src/GetRandom_fp.h
#14 1.671 ./src/TpmSizeChecks.c
#14 1.672 ./src/SessionCommands.c
#14 1.672 ./src/CommandCodeAttributes.c
#14 1.672 ./src/Quote_fp.h
#14 1.672 ./src/BnMath_fp.h
#14 1.672 ./src/Handle.c
#14 1.672 ./src/CryptRsa_fp.h
#14 1.672 ./src/CommandDispatcher.c
#14 1.672 ./src/Bits.c
#14 1.672 ./src/CryptEccSignature.c
#14 1.673 ./src/PolicyPCR_fp.h
#14 1.673 ./src/NV.h
#14 1.673 ./src/PP.c
#14 1.673 ./src/Certify_fp.h
#14 1.673 ./src/CryptPrimeSieve_fp.h
#14 1.673 ./src/BnConvert.c
#14 1.673 ./src/Bits_fp.h
#14 1.674 ./src/RsaTestData.h
#14 1.674 ./src/TpmError.h
#14 1.674 ./src/makefile-common
#14 1.674 ./src/CapabilityCommands.c
#14 1.674 ./src/Session_fp.h
#14 1.674 ./src/CryptUtil.c
#14 1.674 ./src/Duplicate_fp.h
#14 1.674 ./src/Shutdown_fp.h
#14 1.675 ./src/PolicyGetDigest_fp.h
#14 1.675 ./src/BnMemory.c
#14 1.675 ./src/HashSequenceStart_fp.h
#14 1.675 ./src/IoBuffers_fp.h
#14 1.675 ./src/CommandDispatcher_fp.h
#14 1.675 ./src/PolicyAuthorize_fp.h
#14 1.675 ./src/NV_SetBits_fp.h
#14 1.675 ./src/AuditCommands.c
#14 1.675 ./src/BnConvert_fp.h
#14 1.675 ./src/SupportLibraryFunctionPrototypes_fp.h
#14 1.676 ./src/TpmFail.c
#14 1.676 ./src/ClockSet_fp.h
#14 1.676 ./src/CryptEccSignature_fp.h
#14 1.676 ./src/Policy_spt_fp.h
#14 1.676 ./src/NV_Write_fp.h
#14 1.676 ./src/NV_spt.c
#14 1.676 ./src/applink.c
#14 1.676 ./src/GetCommandAuditDigest_fp.h
#14 1.676 ./src/NVCommands.c
#14 1.677 ./src/Ticket.c
#14 1.677 ./src/SessionProcess.c
#14 1.677 ./src/VendorString.h
#14 1.677 ./src/Locality.c
#14 1.677 ./src/NV_ReadLock_fp.h
#14 1.677 ./src/PropertyCap_fp.h
#14 1.677 ./src/PCR_Read_fp.h
#14 1.677 ./src/PPPlat.c
#14 1.677 ./src/ResponseCodeProcessing.c
#14 1.678 ./src/CryptTest.h
#14 1.678 ./src/TpmTcpProtocol.h
#14 1.678 ./src/TestingCommands.c
#14 1.678 ./src/PCR_SetAuthPolicy_fp.h
#14 1.678 ./src/MakeCredential_fp.h
#14 1.678 ./src/HMAC_fp.h
#14 1.678 ./src/CryptDes.c
#14 1.678 ./src/GetTime_fp.h
#14 1.678 ./src/ContextCommands.c
#14 1.679 ./src/TpmToOsslMath_fp.h
#14 1.679 ./src/TestParms_fp.h
#14 1.679 ./src/DA.c
#14 1.679 ./src/Attest_spt.c
#14 1.679 ./src/PolicyCpHash_fp.h
#14 1.679 ./src/AttestationCommands.c
#14 1.679 ./src/StirRandom_fp.h
#14 1.680 ./src/Object_spt_fp.h
#14 1.680 ./src/SigningCommands.c
#14 1.680 ./src/EventSequenceComplete_fp.h
#14 1.680 ./src/PolicyRestart_fp.h
#14 1.680 ./src/makefile.mak
#14 1.680 ./src/ManagementCommands.c
#14 1.680 ./src/makefile.mac
#14 1.680 ./src/PolicyNameHash_fp.h
#14 1.680 ./src/Unmarshal_fp.h
#14 1.681 ./src/CryptPrimeSieve.c
#14 1.681 ./src/CryptSelfTest_fp.h
#14 1.681 ./src/CryptDataEcc.c
#14 1.681 ./src/SetAlgorithmSet_fp.h
#14 1.681 ./src/Memory.c
#14 1.681 ./src/AlgorithmTests.c
#14 1.681 ./src/CommandCodeAttributes_fp.h
#14 1.681 ./src/NV_Increment_fp.h
#14 1.681 ./src/LibSupport.h
#14 1.682 ./src/PRNG_TestVectors.h
#14 1.682 ./src/TpmToOsslSupport.c
#14 1.682 ./src/NV_UndefineSpace_fp.h
#14 1.682 ./src/CryptRsa.c
#14 1.682 ./src/CryptRsa.h
#14 1.682 ./src/LocalityPlat.c
#14 1.682 ./src/MathOnByteBuffers.c
#14 1.682 ./src/NV_UndefineSpaceSpecial_fp.h
#14 1.682 ./src/Create_fp.h
#14 1.682 ./src/PCR_Reset_fp.h
#14 1.683 ./src/PolicyLocality_fp.h
#14 1.683 ./src/RsaKeyCache.c
#14 1.683 ./src/SelfTest_fp.h
#14 1.683 ./src/Platform_fp.h
#14 1.683 ./src/CryptEcc.h
#14 1.683 ./src/NVDynamic.c
#14 1.683 ./src/Clear_fp.h
#14 1.683 ./src/CommandAttributes.h
#14 1.683 ./src/EACommands.c
#14 1.684 ./src/PropertyCap.c
#14 1.684 ./src/Tpm.h
#14 1.684 ./src/EncryptDecrypt_spt_fp.h
#14 1.684 ./src/makefile11
#14 1.684 ./src/CommandAttributeData.h
#14 1.684 ./src/ZGen_2Phase_fp.h
#14 1.684 ./src/TpmSizeChecks_fp.h
#14 1.684 ./src/CreateLoaded_fp.h
#14 1.685 ./src/NV_ChangeAuth_fp.h
#14 1.685 ./src/Response_fp.h
#14 1.685 ./src/InternalRoutines.h
#14 1.685 ./src/RsaKeyCache_fp.h
#14 1.685 ./src/SelfTest.h
#14 1.685 ./src/Global.c
#14 1.685 ./src/CryptSym.c
#14 1.685 ./src/Manufacture_fp.h
#14 1.685 ./src/Simulator_fp.h
#14 1.685 ./src/LoadExternal_fp.h
#14 1.686 ./src/PlatformData.h
#14 1.686 ./src/PolicySigned_fp.h
#14 1.686 ./src/PCR_Extend_fp.h
#14 1.686 ./src/PlatformData.c
#14 1.686 ./src/NV_DefineSpace_fp.h
#14 1.686 ./src/Object.c
#14 1.686 ./src/TcpServer.c
#14 1.686 ./src/NVReserved_fp.h
#14 1.686 ./src/Response.c
#14 1.687 ./src/SymmetricCommands.c
#14 1.687 ./src/PolicyPhysicalPresence_fp.h
#14 1.687 ./src/Load_fp.h
#14 1.687 ./src/TPMCmds.c
#14 1.687 ./src/Handle_fp.h
#14 1.687 ./src/BnEccData.c
#14 1.687 ./src/Entity.c
#14 1.687 ./src/Cancel.c
#14 1.687 ./src/CompilerDependencies.h
#14 1.688 ./src/PCR_Allocate_fp.h
#14 1.688 ./src/CryptUtil_fp.h
#14 1.688 ./src/CryptPrime.c
#14 1.688 ./src/StartAuthSession_fp.h
#14 1.688 ./src/NV_Certify_fp.h
#14 1.688 ./src/PowerPlat.c
#14 1.688 ./src/CryptHash.c
#14 1.688 ./src/NV_Read_fp.h
#14 1.688 ./src/ChangePPS_fp.h
#14 1.689 ./src/CryptSym_fp.h
#14 1.689 ./src/NV_WriteLock_fp.h
#14 1.689 ./src/CommandAudit_fp.h
#14 1.689 ./src/ClockRateAdjust_fp.h
#14 1.689 ./src/NVDynamic_fp.h
#14 1.689 ./src/SymmetricTest.h
#14 1.689 ./src/TpmToOsslMath.h
#14 1.689 ./src/CryptRand.c
#14 1.689 ./src/MathOnByteBuffers_fp.h
#14 1.690 ./src/RSA_Encrypt_fp.h
#14 1.690 ./src/BnMath.c
#14 1.690 ./src/AlgorithmCap.c
#14 1.690 ./src/VerifySignature_fp.h
#14 1.690 ./src/AlgorithmCap_fp.h
#14 1.690 ./src/PolicyTicket_fp.h
#14 1.690 ./src/PP_fp.h
#14 1.690 ./src/PolicyTemplate_fp.h
#14 1.690 ./src/TcpServerPosix_fp.h
#14 1.690 ./src/ECDH_KeyGen_fp.h
#14 1.691 ./src/CryptHashData.c
#14 1.691 ./src/_TPM_Hash_Start_fp.h
#14 1.691 ./src/Implementation.h
#14 1.691 ./src/Capabilities.h
#14 1.691 ./src/GetSessionAuditDigest_fp.h
#14 1.691 ./src/Time_fp.h
#14 1.691 ./src/PolicyAuthValue_fp.h
#14 1.691 ./src/PCR_fp.h
#14 1.692 ./src/swap.h
#14 1.692 ./tpmvstudio/
#14 1.692 ./tpmvstudio/tpm_server/
#14 1.692 ./tpmvstudio/tpm_server/tpm_server.vcxproj
#14 1.692 ./tpmvstudio/tpm_server/tpm_server.sln
#14 1.692 ./tpmvstudio/tpm_server/tpm_server.vcxproj.filters
#14 1.692 ./ibmtpm.doc
#14 1.692 ./LICENSE
#14 DONE 2.0s

#15 [11/19] WORKDIR ibmtpm1119/src
#15 sha256:715dacc11f7e7936fdc7c138bd27048bb2d658a0ee92d826ef5b19b7412efdae
#15 DONE 0.3s

#16 [12/19] RUN CFLAGS="-I/usr/local/openssl/include" make -j$(nproc) && cp tpm_server /usr/local/bin
#16 sha256:8fdd65ece3f8249db23686aadc33503d254838b8c66346c8a532b8c2554df9ea
#16 0.432 /usr/bin/gcc -Wall -Wmissing-declarations -Wmissing-prototypes -Wnested-externs -Werror -Wsign-compare -c -ggdb -O0 -DTPM_POSIX -D_POSIX_ -DTPM_NUVOTON -I../utils -I. -DNO_BIT_FIELD_STRUCTURES AlgorithmCap.c -o AlgorithmCap.o
#16 0.443 /usr/bin/gcc -Wall -Wmissing-declarations -Wmissing-prototypes -Wnested-externs -Werror -Wsign-compare -c -ggdb -O0 -DTPM_POSIX -D_POSIX_ -DTPM_NUVOTON -I../utils -I. -DNO_BIT_FIELD_STRUCTURES AlgorithmTests.c -o AlgorithmTests.o
#16 0.444 /usr/bin/gcc -Wall -Wmissing-declarations -Wmissing-prototypes -Wnested-externs -Werror -Wsign-compare -c -ggdb -O0 -DTPM_POSIX -D_POSIX_ -DTPM_NUVOTON -I../utils -I. -DNO_BIT_FIELD_STRUCTURES AsymmetricCommands.c -o AsymmetricCommands.o
#16 0.444 /usr/bin/gcc -Wall -Wmissing-declarations -Wmissing-prototypes -Wnested-externs -Werror -Wsign-compare -c -ggdb -O0 -DTPM_POSIX -D_POSIX_ -DTPM_NUVOTON -I../utils -I. -DNO_BIT_FIELD_STRUCTURES Attest_spt.c -o Attest_spt.o
#16 0.445 /usr/bin/gcc -Wall -Wmissing-declarations -Wmissing-prototypes -Wnested-externs -Werror -Wsign-compare -c -ggdb -O0 -DTPM_POSIX -D_POSIX_ -DTPM_NUVOTON -I../utils -I. -DNO_BIT_FIELD_STRUCTURES AttestationCommands.c -o AttestationCommands.o
#16 0.445 /usr/bin/gcc -Wall -Wmissing-declarations -Wmissing-prototypes -Wnested-externs -Werror -Wsign-compare -c -ggdb -O0 -DTPM_POSIX -D_POSIX_ -DTPM_NUVOTON -I../utils -I. -DNO_BIT_FIELD_STRUCTURES AuditCommands.c -o AuditCommands.o
#16 0.446 /usr/bin/gcc -Wall -Wmissing-declarations -Wmissing-prototypes -Wnested-externs -Werror -Wsign-compare -c -ggdb -O0 -DTPM_POSIX -D_POSIX_ -DTPM_NUVOTON -I../utils -I. -DNO_BIT_FIELD_STRUCTURES Bits.c -o Bits.o
#16 0.447 /usr/bin/gcc -Wall -Wmissing-declarations -Wmissing-prototypes -Wnested-externs -Werror -Wsign-compare -c -ggdb -O0 -DTPM_POSIX -D_POSIX_ -DTPM_NUVOTON -I../utils -I. -DNO_BIT_FIELD_STRUCTURES BnConvert.c -o BnConvert.o
#16 1.121 /usr/bin/gcc -Wall -Wmissing-declarations -Wmissing-prototypes -Wnested-externs -Werror -Wsign-compare -c -ggdb -O0 -DTPM_POSIX -D_POSIX_ -DTPM_NUVOTON -I../utils -I. -DNO_BIT_FIELD_STRUCTURES BnEccData.c -o BnEccData.o
#16 1.122 /usr/bin/gcc -Wall -Wmissing-declarations -Wmissing-prototypes -Wnested-externs -Werror -Wsign-compare -c -ggdb -O0 -DTPM_POSIX -D_POSIX_ -DTPM_NUVOTON -I../utils -I. -DNO_BIT_FIELD_STRUCTURES BnMath.c -o BnMath.o
#16 1.123 /usr/bin/gcc -Wall -Wmissing-declarations -Wmissing-prototypes -Wnested-externs -Werror -Wsign-compare -c -ggdb -O0 -DTPM_POSIX -D_POSIX_ -DTPM_NUVOTON -I../utils -I. -DNO_BIT_FIELD_STRUCTURES BnMemory.c -o BnMemory.o
#16 1.123 /usr/bin/gcc -Wall -Wmissing-declarations -Wmissing-prototypes -Wnested-externs -Werror -Wsign-compare -c -ggdb -O0 -DTPM_POSIX -D_POSIX_ -DTPM_NUVOTON -I../utils -I. -DNO_BIT_FIELD_STRUCTURES Cancel.c -o Cancel.o
#16 1.124 /usr/bin/gcc -Wall -Wmissing-declarations -Wmissing-prototypes -Wnested-externs -Werror -Wsign-compare -c -ggdb -O0 -DTPM_POSIX -D_POSIX_ -DTPM_NUVOTON -I../utils -I. -DNO_BIT_FIELD_STRUCTURES CapabilityCommands.c -o CapabilityCommands.o
#16 1.125 /usr/bin/gcc -Wall -Wmissing-declarations -Wmissing-prototypes -Wnested-externs -Werror -Wsign-compare -c -ggdb -O0 -DTPM_POSIX -D_POSIX_ -DTPM_NUVOTON -I../utils -I. -DNO_BIT_FIELD_STRUCTURES Clock.c -o Clock.o
#16 1.126 /usr/bin/gcc -Wall -Wmissing-declarations -Wmissing-prototypes -Wnested-externs -Werror -Wsign-compare -c -ggdb -O0 -DTPM_POSIX -D_POSIX_ -DTPM_NUVOTON -I../utils -I. -DNO_BIT_FIELD_STRUCTURES ClockCommands.c -o ClockCommands.o
#16 1.135 /usr/bin/gcc -Wall -Wmissing-declarations -Wmissing-prototypes -Wnested-externs -Werror -Wsign-compare -c -ggdb -O0 -DTPM_POSIX -D_POSIX_ -DTPM_NUVOTON -I../utils -I. -DNO_BIT_FIELD_STRUCTURES CommandAudit.c -o CommandAudit.o
#16 1.190 /usr/bin/gcc -Wall -Wmissing-declarations -Wmissing-prototypes -Wnested-externs -Werror -Wsign-compare -c -ggdb -O0 -DTPM_POSIX -D_POSIX_ -DTPM_NUVOTON -I../utils -I. -DNO_BIT_FIELD_STRUCTURES CommandCodeAttributes.c -o CommandCodeAttributes.o
#16 1.195 /usr/bin/gcc -Wall -Wmissing-declarations -Wmissing-prototypes -Wnested-externs -Werror -Wsign-compare -c -ggdb -O0 -DTPM_POSIX -D_POSIX_ -DTPM_NUVOTON -I../utils -I. -DNO_BIT_FIELD_STRUCTURES CommandDispatcher.c -o CommandDispatcher.o
#16 1.444 /usr/bin/gcc -Wall -Wmissing-declarations -Wmissing-prototypes -Wnested-externs -Werror -Wsign-compare -c -ggdb -O0 -DTPM_POSIX -D_POSIX_ -DTPM_NUVOTON -I../utils -I. -DNO_BIT_FIELD_STRUCTURES ContextCommands.c -o ContextCommands.o
#16 1.445 /usr/bin/gcc -Wall -Wmissing-declarations -Wmissing-prototypes -Wnested-externs -Werror -Wsign-compare -c -ggdb -O0 -DTPM_POSIX -D_POSIX_ -DTPM_NUVOTON -I../utils -I. -DNO_BIT_FIELD_STRUCTURES Context_spt.c -o Context_spt.o
#16 1.455 /usr/bin/gcc -Wall -Wmissing-declarations -Wmissing-prototypes -Wnested-externs -Werror -Wsign-compare -c -ggdb -O0 -DTPM_POSIX -D_POSIX_ -DTPM_NUVOTON -I../utils -I. -DNO_BIT_FIELD_STRUCTURES CryptDes.c -o CryptDes.o
#16 1.469 /usr/bin/gcc -Wall -Wmissing-declarations -Wmissing-prototypes -Wnested-externs -Werror -Wsign-compare -c -ggdb -O0 -DTPM_POSIX -D_POSIX_ -DTPM_NUVOTON -I../utils -I. -DNO_BIT_FIELD_STRUCTURES CryptEccKeyExchange.c -o CryptEccKeyExchange.o
#16 1.484 /usr/bin/gcc -Wall -Wmissing-declarations -Wmissing-prototypes -Wnested-externs -Werror -Wsign-compare -c -ggdb -O0 -DTPM_POSIX -D_POSIX_ -DTPM_NUVOTON -I../utils -I. -DNO_BIT_FIELD_STRUCTURES CryptEccMain.c -o CryptEccMain.o
#16 1.547 /usr/bin/gcc -Wall -Wmissing-declarations -Wmissing-prototypes -Wnested-externs -Werror -Wsign-compare -c -ggdb -O0 -DTPM_POSIX -D_POSIX_ -DTPM_NUVOTON -I../utils -I. -DNO_BIT_FIELD_STRUCTURES CryptEccSignature.c -o CryptEccSignature.o
#16 1.578 /usr/bin/gcc -Wall -Wmissing-declarations -Wmissing-prototypes -Wnested-externs -Werror -Wsign-compare -c -ggdb -O0 -DTPM_POSIX -D_POSIX_ -DTPM_NUVOTON -I../utils -I. -DNO_BIT_FIELD_STRUCTURES CryptHash.c -o CryptHash.o
#16 1.709 /usr/bin/gcc -Wall -Wmissing-declarations -Wmissing-prototypes -Wnested-externs -Werror -Wsign-compare -c -ggdb -O0 -DTPM_POSIX -D_POSIX_ -DTPM_NUVOTON -I../utils -I. -DNO_BIT_FIELD_STRUCTURES CryptHashData.c -o CryptHashData.o
#16 1.752 /usr/bin/gcc -Wall -Wmissing-declarations -Wmissing-prototypes -Wnested-externs -Werror -Wsign-compare -c -ggdb -O0 -DTPM_POSIX -D_POSIX_ -DTPM_NUVOTON -I../utils -I. -DNO_BIT_FIELD_STRUCTURES CryptPrime.c -o CryptPrime.o
#16 1.779 /usr/bin/gcc -Wall -Wmissing-declarations -Wmissing-prototypes -Wnested-externs -Werror -Wsign-compare -c -ggdb -O0 -DTPM_POSIX -D_POSIX_ -DTPM_NUVOTON -I../utils -I. -DNO_BIT_FIELD_STRUCTURES CryptPrimeSieve.c -o CryptPrimeSieve.o
#16 1.794 /usr/bin/gcc -Wall -Wmissing-declarations -Wmissing-prototypes -Wnested-externs -Werror -Wsign-compare -c -ggdb -O0 -DTPM_POSIX -D_POSIX_ -DTPM_NUVOTON -I../utils -I. -DNO_BIT_FIELD_STRUCTURES CryptRand.c -o CryptRand.o
#16 1.949 /usr/bin/gcc -Wall -Wmissing-declarations -Wmissing-prototypes -Wnested-externs -Werror -Wsign-compare -c -ggdb -O0 -DTPM_POSIX -D_POSIX_ -DTPM_NUVOTON -I../utils -I. -DNO_BIT_FIELD_STRUCTURES CryptRsa.c -o CryptRsa.o
#16 1.981 /usr/bin/gcc -Wall -Wmissing-declarations -Wmissing-prototypes -Wnested-externs -Werror -Wsign-compare -c -ggdb -O0 -DTPM_POSIX -D_POSIX_ -DTPM_NUVOTON -I../utils -I. -DNO_BIT_FIELD_STRUCTURES CryptSelfTest.c -o CryptSelfTest.o
#16 2.027 /usr/bin/gcc -Wall -Wmissing-declarations -Wmissing-prototypes -Wnested-externs -Werror -Wsign-compare -c -ggdb -O0 -DTPM_POSIX -D_POSIX_ -DTPM_NUVOTON -I../utils -I. -DNO_BIT_FIELD_STRUCTURES CryptSym.c -o CryptSym.o
#16 2.130 /usr/bin/gcc -Wall -Wmissing-declarations -Wmissing-prototypes -Wnested-externs -Werror -Wsign-compare -c -ggdb -O0 -DTPM_POSIX -D_POSIX_ -DTPM_NUVOTON -I../utils -I. -DNO_BIT_FIELD_STRUCTURES CryptUtil.c -o CryptUtil.o
#16 2.190 /usr/bin/gcc -Wall -Wmissing-declarations -Wmissing-prototypes -Wnested-externs -Werror -Wsign-compare -c -ggdb -O0 -DTPM_POSIX -D_POSIX_ -DTPM_NUVOTON -I../utils -I. -DNO_BIT_FIELD_STRUCTURES DA.c -o DA.o
#16 2.211 /usr/bin/gcc -Wall -Wmissing-declarations -Wmissing-prototypes -Wnested-externs -Werror -Wsign-compare -c -ggdb -O0 -DTPM_POSIX -D_POSIX_ -DTPM_NUVOTON -I../utils -I. -DNO_BIT_FIELD_STRUCTURES DictionaryCommands.c -o DictionaryCommands.o
#16 2.223 /usr/bin/gcc -Wall -Wmissing-declarations -Wmissing-prototypes -Wnested-externs -Werror -Wsign-compare -c -ggdb -O0 -DTPM_POSIX -D_POSIX_ -DTPM_NUVOTON -I../utils -I. -DNO_BIT_FIELD_STRUCTURES DuplicationCommands.c -o DuplicationCommands.o
#16 2.335 /usr/bin/gcc -Wall -Wmissing-declarations -Wmissing-prototypes -Wnested-externs -Werror -Wsign-compare -c -ggdb -O0 -DTPM_POSIX -D_POSIX_ -DTPM_NUVOTON -I../utils -I. -DNO_BIT_FIELD_STRUCTURES EACommands.c -o EACommands.o
#16 2.401 /usr/bin/gcc -Wall -Wmissing-declarations -Wmissing-prototypes -Wnested-externs -Werror -Wsign-compare -c -ggdb -O0 -DTPM_POSIX -D_POSIX_ -DTPM_NUVOTON -I../utils -I. -DNO_BIT_FIELD_STRUCTURES EncryptDecrypt_spt.c -o EncryptDecrypt_spt.o
#16 2.430 /usr/bin/gcc -Wall -Wmissing-declarations -Wmissing-prototypes -Wnested-externs -Werror -Wsign-compare -c -ggdb -O0 -DTPM_POSIX -D_POSIX_ -DTPM_NUVOTON -I../utils -I. -DNO_BIT_FIELD_STRUCTURES Entity.c -o Entity.o
#16 2.518 /usr/bin/gcc -Wall -Wmissing-declarations -Wmissing-prototypes -Wnested-externs -Werror -Wsign-compare -c -ggdb -O0 -DTPM_POSIX -D_POSIX_ -DTPM_NUVOTON -I../utils -I. -DNO_BIT_FIELD_STRUCTURES Entropy.c -o Entropy.o
#16 2.533 /usr/bin/gcc -Wall -Wmissing-declarations -Wmissing-prototypes -Wnested-externs -Werror -Wsign-compare -c -ggdb -O0 -DTPM_POSIX -D_POSIX_ -DTPM_NUVOTON -I../utils -I. -DNO_BIT_FIELD_STRUCTURES EphemeralCommands.c -o EphemeralCommands.o
#16 2.573 /usr/bin/gcc -Wall -Wmissing-declarations -Wmissing-prototypes -Wnested-externs -Werror -Wsign-compare -c -ggdb -O0 -DTPM_POSIX -D_POSIX_ -DTPM_NUVOTON -I../utils -I. -DNO_BIT_FIELD_STRUCTURES ExecCommand.c -o ExecCommand.o
#16 2.597 /usr/bin/gcc -Wall -Wmissing-declarations -Wmissing-prototypes -Wnested-externs -Werror -Wsign-compare -c -ggdb -O0 -DTPM_POSIX -D_POSIX_ -DTPM_NUVOTON -I../utils -I. -DNO_BIT_FIELD_STRUCTURES Global.c -o Global.o
#16 2.604 /usr/bin/gcc -Wall -Wmissing-declarations -Wmissing-prototypes -Wnested-externs -Werror -Wsign-compare -c -ggdb -O0 -DTPM_POSIX -D_POSIX_ -DTPM_NUVOTON -I../utils -I. -DNO_BIT_FIELD_STRUCTURES Handle.c -o Handle.o
#16 2.642 /usr/bin/gcc -Wall -Wmissing-declarations -Wmissing-prototypes -Wnested-externs -Werror -Wsign-compare -c -ggdb -O0 -DTPM_POSIX -D_POSIX_ -DTPM_NUVOTON -I../utils -I. -DNO_BIT_FIELD_STRUCTURES HashCommands.c -o HashCommands.o
#16 2.725 /usr/bin/gcc -Wall -Wmissing-declarations -Wmissing-prototypes -Wnested-externs -Werror -Wsign-compare -c -ggdb -O0 -DTPM_POSIX -D_POSIX_ -DTPM_NUVOTON -I../utils -I. -DNO_BIT_FIELD_STRUCTURES Hierarchy.c -o Hierarchy.o
#16 2.774 /usr/bin/gcc -Wall -Wmissing-declarations -Wmissing-prototypes -Wnested-externs -Werror -Wsign-compare -c -ggdb -O0 -DTPM_POSIX -D_POSIX_ -DTPM_NUVOTON -I../utils -I. -DNO_BIT_FIELD_STRUCTURES HierarchyCommands.c -o HierarchyCommands.o
#16 2.792 /usr/bin/gcc -Wall -Wmissing-declarations -Wmissing-prototypes -Wnested-externs -Werror -Wsign-compare -c -ggdb -O0 -DTPM_POSIX -D_POSIX_ -DTPM_NUVOTON -I../utils -I. -DNO_BIT_FIELD_STRUCTURES IoBuffers.c -o IoBuffers.o
#16 2.862 /usr/bin/gcc -Wall -Wmissing-declarations -Wmissing-prototypes -Wnested-externs -Werror -Wsign-compare -c -ggdb -O0 -DTPM_POSIX -D_POSIX_ -DTPM_NUVOTON -I../utils -I. -DNO_BIT_FIELD_STRUCTURES IntegrityCommands.c -o IntegrityCommands.o
#16 2.905 /usr/bin/gcc -Wall -Wmissing-declarations -Wmissing-prototypes -Wnested-externs -Werror -Wsign-compare -c -ggdb -O0 -DTPM_POSIX -D_POSIX_ -DTPM_NUVOTON -I../utils -I. -DNO_BIT_FIELD_STRUCTURES Locality.c -o Locality.o
#16 2.913 /usr/bin/gcc -Wall -Wmissing-declarations -Wmissing-prototypes -Wnested-externs -Werror -Wsign-compare -c -ggdb -O0 -DTPM_POSIX -D_POSIX_ -DTPM_NUVOTON -I../utils -I. -DNO_BIT_FIELD_STRUCTURES LocalityPlat.c -o LocalityPlat.o
#16 2.943 /usr/bin/gcc -Wall -Wmissing-declarations -Wmissing-prototypes -Wnested-externs -Werror -Wsign-compare -c -ggdb -O0 -DTPM_POSIX -D_POSIX_ -DTPM_NUVOTON -I../utils -I. -DNO_BIT_FIELD_STRUCTURES ManagementCommands.c -o ManagementCommands.o
#16 2.971 /usr/bin/gcc -Wall -Wmissing-declarations -Wmissing-prototypes -Wnested-externs -Werror -Wsign-compare -c -ggdb -O0 -DTPM_POSIX -D_POSIX_ -DTPM_NUVOTON -I../utils -I. -DNO_BIT_FIELD_STRUCTURES Manufacture.c -o Manufacture.o
#16 2.997 /usr/bin/gcc -Wall -Wmissing-declarations -Wmissing-prototypes -Wnested-externs -Werror -Wsign-compare -c -ggdb -O0 -DTPM_POSIX -D_POSIX_ -DTPM_NUVOTON -I../utils -I. -DNO_BIT_FIELD_STRUCTURES Marshal.c -o Marshal.o
#16 3.057 /usr/bin/gcc -Wall -Wmissing-declarations -Wmissing-prototypes -Wnested-externs -Werror -Wsign-compare -c -ggdb -O0 -DTPM_POSIX -D_POSIX_ -DTPM_NUVOTON -I../utils -I. -DNO_BIT_FIELD_STRUCTURES MathOnByteBuffers.c -o MathOnByteBuffers.o
#16 3.111 /usr/bin/gcc -Wall -Wmissing-declarations -Wmissing-prototypes -Wnested-externs -Werror -Wsign-compare -c -ggdb -O0 -DTPM_POSIX -D_POSIX_ -DTPM_NUVOTON -I../utils -I. -DNO_BIT_FIELD_STRUCTURES Memory.c -o Memory.o
#16 3.146 /usr/bin/gcc -Wall -Wmissing-declarations -Wmissing-prototypes -Wnested-externs -Werror -Wsign-compare -c -ggdb -O0 -DTPM_POSIX -D_POSIX_ -DTPM_NUVOTON -I../utils -I. -DNO_BIT_FIELD_STRUCTURES NVCommands.c -o NVCommands.o
#16 3.219 /usr/bin/gcc -Wall -Wmissing-declarations -Wmissing-prototypes -Wnested-externs -Werror -Wsign-compare -c -ggdb -O0 -DTPM_POSIX -D_POSIX_ -DTPM_NUVOTON -I../utils -I. -DNO_BIT_FIELD_STRUCTURES NVDynamic.c -o NVDynamic.o
#16 3.231 /usr/bin/gcc -Wall -Wmissing-declarations -Wmissing-prototypes -Wnested-externs -Werror -Wsign-compare -c -ggdb -O0 -DTPM_POSIX -D_POSIX_ -DTPM_NUVOTON -I../utils -I. -DNO_BIT_FIELD_STRUCTURES NVMem.c -o NVMem.o
#16 3.270 /usr/bin/gcc -Wall -Wmissing-declarations -Wmissing-prototypes -Wnested-externs -Werror -Wsign-compare -c -ggdb -O0 -DTPM_POSIX -D_POSIX_ -DTPM_NUVOTON -I../utils -I. -DNO_BIT_FIELD_STRUCTURES NVReserved.c -o NVReserved.o
#16 3.290 /usr/bin/gcc -Wall -Wmissing-declarations -Wmissing-prototypes -Wnested-externs -Werror -Wsign-compare -c -ggdb -O0 -DTPM_POSIX -D_POSIX_ -DTPM_NUVOTON -I../utils -I. -DNO_BIT_FIELD_STRUCTURES NV_spt.c -o NV_spt.o
#16 3.313 /usr/bin/gcc -Wall -Wmissing-declarations -Wmissing-prototypes -Wnested-externs -Werror -Wsign-compare -c -ggdb -O0 -DTPM_POSIX -D_POSIX_ -DTPM_NUVOTON -I../utils -I. -DNO_BIT_FIELD_STRUCTURES Object.c -o Object.o
#16 3.452 /usr/bin/gcc -Wall -Wmissing-declarations -Wmissing-prototypes -Wnested-externs -Werror -Wsign-compare -c -ggdb -O0 -DTPM_POSIX -D_POSIX_ -DTPM_NUVOTON -I../utils -I. -DNO_BIT_FIELD_STRUCTURES ObjectCommands.c -o ObjectCommands.o
#16 3.532 /usr/bin/gcc -Wall -Wmissing-declarations -Wmissing-prototypes -Wnested-externs -Werror -Wsign-compare -c -ggdb -O0 -DTPM_POSIX -D_POSIX_ -DTPM_NUVOTON -I../utils -I. -DNO_BIT_FIELD_STRUCTURES Object_spt.c -o Object_spt.o
#16 3.607 /usr/bin/gcc -Wall -Wmissing-declarations -Wmissing-prototypes -Wnested-externs -Werror -Wsign-compare -c -ggdb -O0 -DTPM_POSIX -D_POSIX_ -DTPM_NUVOTON -I../utils -I. -DNO_BIT_FIELD_STRUCTURES PCR.c -o PCR.o
#16 3.613 /usr/bin/gcc -Wall -Wmissing-declarations -Wmissing-prototypes -Wnested-externs -Werror -Wsign-compare -c -ggdb -O0 -DTPM_POSIX -D_POSIX_ -DTPM_NUVOTON -I../utils -I. -DNO_BIT_FIELD_STRUCTURES PP.c -o PP.o
#16 3.615 /usr/bin/gcc -Wall -Wmissing-declarations -Wmissing-prototypes -Wnested-externs -Werror -Wsign-compare -c -ggdb -O0 -DTPM_POSIX -D_POSIX_ -DTPM_NUVOTON -I../utils -I. -DNO_BIT_FIELD_STRUCTURES PPPlat.c -o PPPlat.o
#16 3.673 /usr/bin/gcc -Wall -Wmissing-declarations -Wmissing-prototypes -Wnested-externs -Werror -Wsign-compare -c -ggdb -O0 -DTPM_POSIX -D_POSIX_ -DTPM_NUVOTON -I../utils -I. -DNO_BIT_FIELD_STRUCTURES PlatformData.c -o PlatformData.o
#16 3.688 /usr/bin/gcc -Wall -Wmissing-declarations -Wmissing-prototypes -Wnested-externs -Werror -Wsign-compare -c -ggdb -O0 -DTPM_POSIX -D_POSIX_ -DTPM_NUVOTON -I../utils -I. -DNO_BIT_FIELD_STRUCTURES Policy_spt.c -o Policy_spt.o
#16 3.716 /usr/bin/gcc -Wall -Wmissing-declarations -Wmissing-prototypes -Wnested-externs -Werror -Wsign-compare -c -ggdb -O0 -DTPM_POSIX -D_POSIX_ -DTPM_NUVOTON -I../utils -I. -DNO_BIT_FIELD_STRUCTURES Power.c -o Power.o
#16 3.717 /usr/bin/gcc -Wall -Wmissing-declarations -Wmissing-prototypes -Wnested-externs -Werror -Wsign-compare -c -ggdb -O0 -DTPM_POSIX -D_POSIX_ -DTPM_NUVOTON -I../utils -I. -DNO_BIT_FIELD_STRUCTURES PowerPlat.c -o PowerPlat.o
#16 3.748 /usr/bin/gcc -Wall -Wmissing-declarations -Wmissing-prototypes -Wnested-externs -Werror -Wsign-compare -c -ggdb -O0 -DTPM_POSIX -D_POSIX_ -DTPM_NUVOTON -I../utils -I. -DNO_BIT_FIELD_STRUCTURES PrimeData.c -o PrimeData.o
#16 3.776 /usr/bin/gcc -Wall -Wmissing-declarations -Wmissing-prototypes -Wnested-externs -Werror -Wsign-compare -c -ggdb -O0 -DTPM_POSIX -D_POSIX_ -DTPM_NUVOTON -I../utils -I. -DNO_BIT_FIELD_STRUCTURES PropertyCap.c -o PropertyCap.o
#16 3.834 /usr/bin/gcc -Wall -Wmissing-declarations -Wmissing-prototypes -Wnested-externs -Werror -Wsign-compare -c -ggdb -O0 -DTPM_POSIX -D_POSIX_ -DTPM_NUVOTON -I../utils -I. -DNO_BIT_FIELD_STRUCTURES RandomCommands.c -o RandomCommands.o
#16 3.940 /usr/bin/gcc -Wall -Wmissing-declarations -Wmissing-prototypes -Wnested-externs -Werror -Wsign-compare -c -ggdb -O0 -DTPM_POSIX -D_POSIX_ -DTPM_NUVOTON -I../utils -I. -DNO_BIT_FIELD_STRUCTURES Response.c -o Response.o
#16 4.001 /usr/bin/gcc -Wall -Wmissing-declarations -Wmissing-prototypes -Wnested-externs -Werror -Wsign-compare -c -ggdb -O0 -DTPM_POSIX -D_POSIX_ -DTPM_NUVOTON -I../utils -I. -DNO_BIT_FIELD_STRUCTURES ResponseCodeProcessing.c -o ResponseCodeProcessing.o
#16 4.041 /usr/bin/gcc -Wall -Wmissing-declarations -Wmissing-prototypes -Wnested-externs -Werror -Wsign-compare -c -ggdb -O0 -DTPM_POSIX -D_POSIX_ -DTPM_NUVOTON -I../utils -I. -DNO_BIT_FIELD_STRUCTURES RsaKeyCache.c -o RsaKeyCache.o
#16 4.044 /usr/bin/gcc -Wall -Wmissing-declarations -Wmissing-prototypes -Wnested-externs -Werror -Wsign-compare -c -ggdb -O0 -DTPM_POSIX -D_POSIX_ -DTPM_NUVOTON -I../utils -I. -DNO_BIT_FIELD_STRUCTURES RunCommand.c -o RunCommand.o
#16 4.052 /usr/bin/gcc -Wall -Wmissing-declarations -Wmissing-prototypes -Wnested-externs -Werror -Wsign-compare -c -ggdb -O0 -DTPM_POSIX -D_POSIX_ -DTPM_NUVOTON -I../utils -I. -DNO_BIT_FIELD_STRUCTURES Session.c -o Session.o
#16 4.078 /usr/bin/gcc -Wall -Wmissing-declarations -Wmissing-prototypes -Wnested-externs -Werror -Wsign-compare -c -ggdb -O0 -DTPM_POSIX -D_POSIX_ -DTPM_NUVOTON -I../utils -I. -DNO_BIT_FIELD_STRUCTURES SessionCommands.c -o SessionCommands.o
#16 4.109 /usr/bin/gcc -Wall -Wmissing-declarations -Wmissing-prototypes -Wnested-externs -Werror -Wsign-compare -c -ggdb -O0 -DTPM_POSIX -D_POSIX_ -DTPM_NUVOTON -I../utils -I. -DNO_BIT_FIELD_STRUCTURES SessionProcess.c -o SessionProcess.o
#16 4.121 /usr/bin/gcc -Wall -Wmissing-declarations -Wmissing-prototypes -Wnested-externs -Werror -Wsign-compare -c -ggdb -O0 -DTPM_POSIX -D_POSIX_ -DTPM_NUVOTON -I../utils -I. -DNO_BIT_FIELD_STRUCTURES SigningCommands.c -o SigningCommands.o
#16 4.165 /usr/bin/gcc -Wall -Wmissing-declarations -Wmissing-prototypes -Wnested-externs -Werror -Wsign-compare -c -ggdb -O0 -DTPM_POSIX -D_POSIX_ -DTPM_NUVOTON -I../utils -I. -DNO_BIT_FIELD_STRUCTURES StartupCommands.c -o StartupCommands.o
#16 4.258 /usr/bin/gcc -Wall -Wmissing-declarations -Wmissing-prototypes -Wnested-externs -Werror -Wsign-compare -c -ggdb -O0 -DTPM_POSIX -D_POSIX_ -DTPM_NUVOTON -I../utils -I. -DNO_BIT_FIELD_STRUCTURES SymmetricCommands.c -o SymmetricCommands.o
#16 4.353 /usr/bin/gcc -Wall -Wmissing-declarations -Wmissing-prototypes -Wnested-externs -Werror -Wsign-compare -c -ggdb -O0 -DTPM_POSIX -D_POSIX_ -DTPM_NUVOTON -I../utils -I. -DNO_BIT_FIELD_STRUCTURES TPMCmdp.c -o TPMCmdp.o
#16 4.382 /usr/bin/gcc -Wall -Wmissing-declarations -Wmissing-prototypes -Wnested-externs -Werror -Wsign-compare -c -ggdb -O0 -DTPM_POSIX -D_POSIX_ -DTPM_NUVOTON -I../utils -I. -DNO_BIT_FIELD_STRUCTURES TPMCmds.c -o TPMCmds.o
#16 4.406 /usr/bin/gcc -Wall -Wmissing-declarations -Wmissing-prototypes -Wnested-externs -Werror -Wsign-compare -c -ggdb -O0 -DTPM_POSIX -D_POSIX_ -DTPM_NUVOTON -I../utils -I. -DNO_BIT_FIELD_STRUCTURES TestingCommands.c -o TestingCommands.o
#16 4.428 /usr/bin/gcc -Wall -Wmissing-declarations -Wmissing-prototypes -Wnested-externs -Werror -Wsign-compare -c -ggdb -O0 -DTPM_POSIX -D_POSIX_ -DTPM_NUVOTON -I../utils -I. -DNO_BIT_FIELD_STRUCTURES Ticket.c -o Ticket.o
#16 4.441 /usr/bin/gcc -Wall -Wmissing-declarations -Wmissing-prototypes -Wnested-externs -Werror -Wsign-compare -c -ggdb -O0 -DTPM_POSIX -D_POSIX_ -DTPM_NUVOTON -I../utils -I. -DNO_BIT_FIELD_STRUCTURES Time.c -o Time.o
#16 4.475 /usr/bin/gcc -Wall -Wmissing-declarations -Wmissing-prototypes -Wnested-externs -Werror -Wsign-compare -c -ggdb -O0 -DTPM_POSIX -D_POSIX_ -DTPM_NUVOTON -I../utils -I. -DNO_BIT_FIELD_STRUCTURES TpmFail.c -o TpmFail.o
#16 4.483 /usr/bin/gcc -Wall -Wmissing-declarations -Wmissing-prototypes -Wnested-externs -Werror -Wsign-compare -c -ggdb -O0 -DTPM_POSIX -D_POSIX_ -DTPM_NUVOTON -I../utils -I. -DNO_BIT_FIELD_STRUCTURES TpmSizeChecks.c -o TpmSizeChecks.o
#16 4.512 /usr/bin/gcc -Wall -Wmissing-declarations -Wmissing-prototypes -Wnested-externs -Werror -Wsign-compare -c -ggdb -O0 -DTPM_POSIX -D_POSIX_ -DTPM_NUVOTON -I../utils -I. -DNO_BIT_FIELD_STRUCTURES TpmToOsslDesSupport.c -o TpmToOsslDesSupport.o
#16 4.520 /usr/bin/gcc -Wall -Wmissing-declarations -Wmissing-prototypes -Wnested-externs -Werror -Wsign-compare -c -ggdb -O0 -DTPM_POSIX -D_POSIX_ -DTPM_NUVOTON -I../utils -I. -DNO_BIT_FIELD_STRUCTURES TpmToOsslMath.c -o TpmToOsslMath.o
#16 4.603 /usr/bin/gcc -Wall -Wmissing-declarations -Wmissing-prototypes -Wnested-externs -Werror -Wsign-compare -c -ggdb -O0 -DTPM_POSIX -D_POSIX_ -DTPM_NUVOTON -I../utils -I. -DNO_BIT_FIELD_STRUCTURES TpmToOsslSupport.c -o TpmToOsslSupport.o
#16 4.606 /usr/bin/gcc -Wall -Wmissing-declarations -Wmissing-prototypes -Wnested-externs -Werror -Wsign-compare -c -ggdb -O0 -DTPM_POSIX -D_POSIX_ -DTPM_NUVOTON -I../utils -I. -DNO_BIT_FIELD_STRUCTURES Unique.c -o Unique.o
#16 4.670 /usr/bin/gcc -Wall -Wmissing-declarations -Wmissing-prototypes -Wnested-externs -Werror -Wsign-compare -c -ggdb -O0 -DTPM_POSIX -D_POSIX_ -DTPM_NUVOTON -I../utils -I. -DNO_BIT_FIELD_STRUCTURES Unmarshal.c -o Unmarshal.o
#16 4.732 /usr/bin/gcc -Wall -Wmissing-declarations -Wmissing-prototypes -Wnested-externs -Werror -Wsign-compare -c -ggdb -O0 -DTPM_POSIX -D_POSIX_ -DTPM_NUVOTON -I../utils -I. -DNO_BIT_FIELD_STRUCTURES Vendor_TCG_Test.c -o Vendor_TCG_Test.o
#16 4.764 /usr/bin/gcc -Wall -Wmissing-declarations -Wmissing-prototypes -Wnested-externs -Werror -Wsign-compare -c -ggdb -O0 -DTPM_POSIX -D_POSIX_ -DTPM_NUVOTON -I../utils -I. -DNO_BIT_FIELD_STRUCTURES ntc2lib.c -o ntc2lib.o
#16 4.781 /usr/bin/gcc -Wall -Wmissing-declarations -Wmissing-prototypes -Wnested-externs -Werror -Wsign-compare -c -ggdb -O0 -DTPM_POSIX -D_POSIX_ -DTPM_NUVOTON -I../utils -I. -DNO_BIT_FIELD_STRUCTURES ntc2.c -o ntc2.o
#16 4.814 /usr/bin/gcc -Wall -Wmissing-declarations -Wmissing-prototypes -Wnested-externs -Werror -Wsign-compare -c -ggdb -O0 -DTPM_POSIX -D_POSIX_ -DTPM_NUVOTON -I../utils -I. -DNO_BIT_FIELD_STRUCTURES TcpServerPosix.c -o TcpServerPosix.o
#16 5.161 /usr/bin/gcc AlgorithmCap.o AlgorithmTests.o AsymmetricCommands.o Attest_spt.o AttestationCommands.o AuditCommands.o Bits.o BnConvert.o BnEccData.o BnMath.o BnMemory.o Cancel.o CapabilityCommands.o Clock.o ClockCommands.o CommandAudit.o CommandCodeAttributes.o CommandDispatcher.o ContextCommands.o Context_spt.o CryptDes.o CryptEccKeyExchange.o CryptEccMain.o CryptEccSignature.o CryptHash.o CryptHashData.o CryptPrime.o CryptPrimeSieve.o CryptRand.o CryptRsa.o CryptSelfTest.o CryptSym.o CryptUtil.o DA.o DictionaryCommands.o DuplicationCommands.o EACommands.o EncryptDecrypt_spt.o Entity.o Entropy.o EphemeralCommands.o ExecCommand.o Global.o Handle.o HashCommands.o Hierarchy.o HierarchyCommands.o IoBuffers.o IntegrityCommands.o Locality.o LocalityPlat.o ManagementCommands.o Manufacture.o Marshal.o MathOnByteBuffers.o Memory.o NVCommands.o NVDynamic.o NVMem.o NVReserved.o NV_spt.o Object.o ObjectCommands.o Object_spt.o PCR.o PP.o PPPlat.o PlatformData.o Policy_spt.o Power.o PowerPlat.o PrimeData.o PropertyCap.o RandomCommands.o Response.o ResponseCodeProcessing.o RsaKeyCache.o RunCommand.o Session.o SessionCommands.o SessionProcess.o SigningCommands.o StartupCommands.o SymmetricCommands.o TPMCmdp.o TPMCmds.o TestingCommands.o Ticket.o Time.o TpmFail.o TpmSizeChecks.o TpmToOsslDesSupport.o TpmToOsslMath.o TpmToOsslSupport.o Unique.o Unmarshal.o Vendor_TCG_Test.o ntc2lib.o ntc2.o TcpServerPosix.o -ggdb -DTPM_POSIX -DTPM_NUVOTON -lcrypto -lpthread -I. -o tpm_server
#16 DONE 5.6s

#17 [13/19] RUN rm -fr ibmtpm1119/src ibmtpm1119.tar.gz
#17 sha256:55d0bba3a384355c227c30a15aed7bdc9dd8fe3b2f3bb30f0392f98ce75a0fae
#17 DONE 0.8s

#18 [14/19] WORKDIR /tmp
#18 sha256:b2907c7c600296a55bc503303e322959e605f23a23f04e39f3a231a8b922d2be
#18 DONE 0.3s

#19 [15/19] RUN wget --quiet --show-progress --progress=dot:giga "https://github.com/troydhanson/uthash/archive/v2.1.0.tar.gz" 	&& tar -xf v2.1.0.tar.gz         && cp uthash-2.1.0/src/*.h /usr/include/
#19 sha256:69a7cd3702f0289a4f41727b63db44039906bc96e3d8ea66c13b6a794b1d4262
#19 0.917 
#19 0.917      0K                                     4.85M=0.04s#19 DONE 2.9s

#20 [16/19] RUN rm -rf uthash-2.1.0/ v2.1.0.tar.gz
#20 sha256:98088ff0e583a9d7b5d0f9ed44ccec8972aeeca3dd9c49e01f9b06be7d68cfce
#20 DONE 2.7s

#21 [17/19] RUN git clone --depth 1   https://github.com/tpm2-software/tpm2-tss /src/tpm2-tss/
#21 sha256:615629d315d09e683c1375563f21caf2b938c7352349982453c1f18798fe8816
#21 0.587 Cloning into '/src/tpm2-tss'...
#21 DONE 2.4s

#22 [18/19] WORKDIR /src/tpm2-tss/
#22 sha256:1a500b35c2ca33646471cb8c60ffbde70ee87b1d1c74b57ecdee06747e485d28
#22 DONE 0.2s

#24 [19/19] COPY build.sh /src/
#24 sha256:38b3bd71f72730204fc5ebc41d197960e258c496d55b4451fa21c7dfbaad7b5a
#24 DONE 0.2s

#25 exporting to image
#25 sha256:e8c613e07b0b7ff33893b694f7759a10d42e180f2b4dc349fb57dc6b71dcab00
#25 exporting layers done
#25 writing image sha256:219bf9eab724a322826b9877d2aab5588d04ca88acad0f84baa6aa675d2875ee done
#25 naming to gcr.io/fuzzbench/builders/benchmark/tpm2-tss_tpm2-tss done
#25 DONE 0.1s

#26 exporting cache
#26 sha256:2700d4ef94dee473593c5c614b55b2dedcca7893909811a8f2b48291a1f581e4
#26 preparing build cache for export done
#26 DONE 0.0s
------
 > importing cache manifest from gcr.io/fuzzbench/builders/benchmark/tpm2-tss_tpm2-tss:
------
#1 [internal] load build definition from builder.Dockerfile
#1 sha256:7b1faa0442a9823b4dd924979e66851236d2ce79cf6281cf69f93b3cd51b9491
#1 transferring dockerfile: 46B done
#1 DONE 0.0s

#2 [internal] load .dockerignore
#2 sha256:d4145ea2d29a79fd75a3a56762ea7117a0b6e3690a4cd065d632ede8ba9ed8bc
#2 transferring context: 2B done
#2 DONE 0.0s

#3 [internal] load metadata for gcr.io/fuzzbench/builders/benchmark/tpm2-tss_tpm2-tss:latest
#3 sha256:dbbd8bd02a767f6183a4cd0fde4c5ec5951738775c2bd733f8f6c77aac87507c
#3 DONE 0.0s

#5 [1/3] FROM gcr.io/fuzzbench/builders/benchmark/tpm2-tss_tpm2-tss
#5 sha256:d81fe75ccf416483e8212854c0e079eed2a521e5c2d1b84fc96da8b1371eba63
#5 DONE 0.0s

#4 importing cache manifest from gcr.io/fuzzbench/builders/afl/tpm2-tss_tpm2-tss-intermediate
#4 sha256:ca79c00b9b6d250d0ca53bfd89a90ec771faa0ca1aa055ff682f57baaf1668c2
#4 ERROR: gcr.io/fuzzbench/builders/afl/tpm2-tss_tpm2-tss-intermediate:latest: not found

#5 [1/3] FROM gcr.io/fuzzbench/builders/benchmark/tpm2-tss_tpm2-tss
#5 sha256:d81fe75ccf416483e8212854c0e079eed2a521e5c2d1b84fc96da8b1371eba63
#5 DONE 0.9s

#6 [2/3] RUN git clone https://github.com/google/AFL.git /afl &&     cd /afl &&     git checkout 61037103ae3722c8060ff7082994836a794f978e &&     AFL_NO_X86=1 make
#6 sha256:270a1bbd121137eeccd422b9d29f9d9b31f88f07f88f0d7d612c46d138af2ece
#6 0.325 Cloning into '/afl'...
#6 1.147 Note: switching to '61037103ae3722c8060ff7082994836a794f978e'.
#6 1.147 
#6 1.147 You are in 'detached HEAD' state. You can look around, make experimental
#6 1.147 changes and commit them, and you can discard any commits you make in this
#6 1.147 state without impacting any branches by switching back to a branch.
#6 1.147 
#6 1.147 If you want to create a new branch to retain commits you create, you may
#6 1.147 do so (now or later) by using -c with the switch command. Example:
#6 1.147 
#6 1.147   git switch -c <new-branch-name>
#6 1.147 
#6 1.147 Or undo this operation with:
#6 1.147 
#6 1.147   git switch -
#6 1.147 
#6 1.147 Turn off this advice by setting config variable advice.detachedHead to false
#6 1.147 
#6 1.147 HEAD is now at 6103710 Fix a typo filename comparison in the fuzzer (#139)
#6 1.224 [!] Note: skipping x86 compilation checks (AFL_NO_X86 set).
#6 1.224 clang -O1 -fno-omit-frame-pointer -gline-tables-only -DFUZZING_BUILD_MODE_UNSAFE_FOR_PRODUCTION -Wall -D_FORTIFY_SOURCE=2 -g -Wno-pointer-sign -DAFL_PATH=\"/usr/local/lib/afl\" -DDOC_PATH=\"/usr/local/share/doc/afl\" -DBIN_PATH=\"/usr/local/bin\" afl-gcc.c -o afl-gcc -ldl
#6 1.412 set -e; for i in afl-g++ afl-clang afl-clang++; do ln -sf afl-gcc $i; done
#6 1.417 clang -O1 -fno-omit-frame-pointer -gline-tables-only -DFUZZING_BUILD_MODE_UNSAFE_FOR_PRODUCTION -Wall -D_FORTIFY_SOURCE=2 -g -Wno-pointer-sign -DAFL_PATH=\"/usr/local/lib/afl\" -DDOC_PATH=\"/usr/local/share/doc/afl\" -DBIN_PATH=\"/usr/local/bin\" afl-fuzz.c -o afl-fuzz -ldl
#6 3.839 clang -O1 -fno-omit-frame-pointer -gline-tables-only -DFUZZING_BUILD_MODE_UNSAFE_FOR_PRODUCTION -Wall -D_FORTIFY_SOURCE=2 -g -Wno-pointer-sign -DAFL_PATH=\"/usr/local/lib/afl\" -DDOC_PATH=\"/usr/local/share/doc/afl\" -DBIN_PATH=\"/usr/local/bin\" afl-showmap.c -o afl-showmap -ldl
#6 4.161 clang -O1 -fno-omit-frame-pointer -gline-tables-only -DFUZZING_BUILD_MODE_UNSAFE_FOR_PRODUCTION -Wall -D_FORTIFY_SOURCE=2 -g -Wno-pointer-sign -DAFL_PATH=\"/usr/local/lib/afl\" -DDOC_PATH=\"/usr/local/share/doc/afl\" -DBIN_PATH=\"/usr/local/bin\" afl-tmin.c -o afl-tmin -ldl
#6 4.590 clang -O1 -fno-omit-frame-pointer -gline-tables-only -DFUZZING_BUILD_MODE_UNSAFE_FOR_PRODUCTION -Wall -D_FORTIFY_SOURCE=2 -g -Wno-pointer-sign -DAFL_PATH=\"/usr/local/lib/afl\" -DDOC_PATH=\"/usr/local/share/doc/afl\" -DBIN_PATH=\"/usr/local/bin\" afl-gotcpu.c -o afl-gotcpu -ldl
#6 4.741 clang -O1 -fno-omit-frame-pointer -gline-tables-only -DFUZZING_BUILD_MODE_UNSAFE_FOR_PRODUCTION -Wall -D_FORTIFY_SOURCE=2 -g -Wno-pointer-sign -DAFL_PATH=\"/usr/local/lib/afl\" -DDOC_PATH=\"/usr/local/share/doc/afl\" -DBIN_PATH=\"/usr/local/bin\" afl-analyze.c -o afl-analyze -ldl
#6 5.142 clang -O1 -fno-omit-frame-pointer -gline-tables-only -DFUZZING_BUILD_MODE_UNSAFE_FOR_PRODUCTION -Wall -D_FORTIFY_SOURCE=2 -g -Wno-pointer-sign -DAFL_PATH=\"/usr/local/lib/afl\" -DDOC_PATH=\"/usr/local/share/doc/afl\" -DBIN_PATH=\"/usr/local/bin\" afl-as.c -o afl-as -ldl
#6 5.375 ln -sf afl-as as
#6 5.377 [!] Note: skipping build tests (you may need to use LLVM or QEMU mode).
#6 5.380 [+] LLVM users: see llvm_mode/README.llvm for a faster alternative to afl-gcc.
#6 5.381 [+] All done! Be sure to review README - it's pretty short and useful.
#6 DONE 6.5s

#7 [3/3] RUN apt-get update &&     apt-get install wget -y &&     wget https://raw.githubusercontent.com/llvm/llvm-project/5feb80e748924606531ba28c97fe65145c65372e/compiler-rt/lib/fuzzer/afl/afl_driver.cpp -O /afl/afl_driver.cpp &&     clang -Wno-pointer-sign -c /afl/llvm_mode/afl-llvm-rt.o.c -I/afl &&     clang++ -stdlib=libc++ -std=c++11 -O2 -c /afl/afl_driver.cpp &&     ar r /libAFL.a *.o
#7 sha256:bdcb4e5117a882c58b9317dadb0004a289d1cf5e9bdfe3dda3d022769924ee66
#7 0.706 Hit:1 http://archive.ubuntu.com/ubuntu focal InRelease
#7 0.706 Hit:2 http://archive.ubuntu.com/ubuntu focal-updates InRelease
#7 0.706 Hit:3 http://security.ubuntu.com/ubuntu focal-security InRelease
#7 0.706 Hit:4 http://ppa.launchpad.net/git-core/ppa/ubuntu focal InRelease
#7 0.726 Hit:5 http://archive.ubuntu.com/ubuntu focal-backports InRelease
#7 1.665 Reading package lists...
#7 3.298 Reading package lists...
#7 4.738 Building dependency tree...
#7 4.956 Reading state information...
#7 5.210 wget is already the newest version (1.20.3-1ubuntu2).
#7 5.210 0 upgraded, 0 newly installed, 0 to remove and 3 not upgraded.
#7 5.216 --2022-02-15 22:02:07--  https://raw.githubusercontent.com/llvm/llvm-project/5feb80e748924606531ba28c97fe65145c65372e/compiler-rt/lib/fuzzer/afl/afl_driver.cpp
#7 5.217 Resolving raw.githubusercontent.com (raw.githubusercontent.com)... 185.199.109.133, 185.199.110.133, 185.199.111.133, ...
#7 5.229 Connecting to raw.githubusercontent.com (raw.githubusercontent.com)|185.199.109.133|:443... connected.
#7 5.252 HTTP request sent, awaiting response... 200 OK
#7 5.431 Length: 9177 (9.0K) [text/plain]
#7 5.431 Saving to: '/afl/afl_driver.cpp'
#7 5.431 
#7 5.431      0K ........                                              100% 10.3M=0.001s
#7 5.432 
#7 5.432 2022-02-15 22:02:07 (10.3 MB/s) - '/afl/afl_driver.cpp' saved [9177/9177]
#7 5.432 
#7 7.221 ar: creating /libAFL.a
#7 DONE 7.5s

#8 exporting to image
#8 sha256:e8c613e07b0b7ff33893b694f7759a10d42e180f2b4dc349fb57dc6b71dcab00
#8 exporting layers done
#8 writing image sha256:784ed59745f1cf4440f93665634690b9a0d274107a292091ff41e5bf52af8461 done
#8 naming to gcr.io/fuzzbench/builders/afl/tpm2-tss_tpm2-tss-intermediate
#8 naming to gcr.io/fuzzbench/builders/afl/tpm2-tss_tpm2-tss-intermediate done
#8 DONE 0.1s

#9 exporting cache
#9 sha256:2700d4ef94dee473593c5c614b55b2dedcca7893909811a8f2b48291a1f581e4
#9 preparing build cache for export done
#9 DONE 0.0s
------
 > importing cache manifest from gcr.io/fuzzbench/builders/afl/tpm2-tss_tpm2-tss-intermediate:
------
#1 [internal] load build definition from Dockerfile
#1 sha256:d05e52fe2950fb41cf4335e7dc2c2342e4033d1a4c8e49bc852166022695fab8
#1 transferring dockerfile: 2.00kB done
#1 DONE 0.1s

#2 [internal] load .dockerignore
#2 sha256:997b5cccfe574373384123e582502a0bc41644be4144cfc4a1def91cc75e3d8a
#2 transferring context: 34B done
#2 DONE 0.0s

#3 [internal] load metadata for docker.io/library/ubuntu:xenial
#3 sha256:f62bae18ed588840f045c881b2502661f2a89578a2f8f99b83f5200ee83dd25b
#3 DONE 0.0s

#5 [1/7] FROM docker.io/library/ubuntu:xenial
#5 sha256:14dd403f25ae9e519bd44f27dc17af7ce80f5a4f9f48ca88108364e67ec5d360
#5 DONE 0.0s

#4 importing cache manifest from gcr.io/fuzzbench/base-image
#4 sha256:9b220ebb4d4daceed1b96df9b6dca076e762f1cd612574f010b82d5b9e5ad896
#4 DONE 0.0s

#8 [internal] load build context
#8 sha256:17d3e97b01f7a54bb139bcb10de508f30a3069c92de48d33deb3dc155cd82853
#8 transferring context: 559B 0.0s done
#8 DONE 0.0s

#10 [5/7] RUN pip3 install -r /requirements.txt
#10 sha256:07dfee192afed6ca1c4e66cd0932bdb632d4b9953c793d0a9b45751c5cb81079
#10 CACHED

#7 [3/7] RUN cd /tmp/ &&     curl -O https://www.python.org/ftp/python/3.8.6/Python-3.8.6.tar.xz &&     tar -xvf Python-3.8.6.tar.xz &&     cd Python-3.8.6 &&     ./configure --enable-loadable-sqlite-extensions --enable-optimizations &&     make -j install &&     rm -r /tmp/Python-3.8.6.tar.xz /tmp/Python-3.8.6
#7 sha256:c5b9d1fb3371e84dbc60b76e7b2f8d5913bc93bcd4910ab65daa03e7b2ec4bb0
#7 CACHED

#9 [4/7] COPY ./requirements.txt /
#9 sha256:9b1b71fcfb4a5359ae0140e3caec7fe1f0894a5606fab31d2c232518a67b5ea1
#9 CACHED

#11 [6/7] RUN apt-get update -y && apt-get install -y     apt-transport-https     lsb-release
#11 sha256:7086460cfb4a3871b4150dce3a062cf89a6f487e9bfdd0d4d9edc35113db72a2
#11 CACHED

#6 [2/7] RUN apt-get update -y && apt-get install -y     build-essential     rsync     curl     zlib1g-dev     libncurses5-dev     libgdbm-dev     libnss3-dev     libssl-dev     libreadline-dev     libffi-dev     virtualenv     libbz2-dev     liblzma-dev     libsqlite3-dev
#6 sha256:3a1b0960f17eed529eaae93dc8fd3554f2743dd584d8fa569cdbe6bc734371ac
#6 CACHED

#12 [7/7] RUN CLOUD_SDK_REPO="cloud-sdk-$(lsb_release -c -s)" &&     echo "deb https://packages.cloud.google.com/apt $CLOUD_SDK_REPO main"     | tee -a /etc/apt/sources.list.d/google-cloud-sdk.list &&     curl https://packages.cloud.google.com/apt/doc/apt-key.gpg     | apt-key add - &&     apt-get update -y &&     apt-get install -y google-cloud-sdk
#12 sha256:daf26df7a892c9965e1ab7e05dcc3405fc8facfc3d287a6fcca501b03872c74d
#12 CACHED

#13 exporting to image
#13 sha256:e8c613e07b0b7ff33893b694f7759a10d42e180f2b4dc349fb57dc6b71dcab00
#13 exporting layers done
#13 writing image sha256:139540fb22a119f888cb3e5ed6e013e8d868574697f5fb839e5da9e23de73e0a done
#13 naming to gcr.io/fuzzbench/base-image done
#13 DONE 0.0s

#14 exporting cache
#14 sha256:2700d4ef94dee473593c5c614b55b2dedcca7893909811a8f2b48291a1f581e4
#14 preparing build cache for export done
#14 DONE 0.0s
#1 [internal] load build definition from Dockerfile
#1 sha256:0cce2eab6204aaca58f2cefaa7c34256197b7d83da1f5e047c6e6794ae09fbee
#1 transferring dockerfile: 2.22kB done
#1 DONE 0.0s

#2 [internal] load .dockerignore
#2 sha256:136643d844dafbae54de30b42e087e01d2fbbc6d7881e97ba4886eaa2fa52087
#2 transferring context: 34B done
#2 DONE 0.0s

#4 [internal] load metadata for gcr.io/fuzzbench/base-image:latest
#4 sha256:932022888f650cc455b10eb5123bb08c0cccacac29a693e69314abbfd28a72c3
#4 DONE 0.0s

#3 [internal] load metadata for gcr.io/fuzzbench/builders/afl/tpm2-tss_tpm2-tss-intermediate:latest
#3 sha256:c8cbdb8f62c634970b5d94c2607ebb996ea094ea26ab8a23d617a1894ca2d1c8
#3 DONE 0.0s

#12 [internal] load build context
#12 sha256:015311bae36d1cd1c1612ba5931066d6cde5f28687a0039316a4f5d4a1e4f21b
#12 DONE 0.0s

#7 [base-image 1/1] FROM gcr.io/fuzzbench/base-image
#7 sha256:4d07825694520f8b6f6a0d8592dbd345433361ae044cb7f06706c5a95e3daaad
#7 DONE 0.0s

#6 [stage-1  1/13] FROM gcr.io/fuzzbench/builders/afl/tpm2-tss_tpm2-tss-intermediate
#6 sha256:32ef8dfe9970ecad43427d790e649146f47a1f309c0543a7f57e66d65789c1ac
#6 DONE 0.0s

#5 importing cache manifest from gcr.io/fuzzbench/builders/afl/tpm2-tss_tpm2-tss
#5 sha256:2aec89f399f6e633de0cf6d0c11f38d3a413d59e93f03a2262c35dc1795fbff0
#5 ERROR: gcr.io/fuzzbench/builders/afl/tpm2-tss_tpm2-tss:latest: not found

#7 [base-image 1/1] FROM gcr.io/fuzzbench/base-image
#7 sha256:4d07825694520f8b6f6a0d8592dbd345433361ae044cb7f06706c5a95e3daaad
#7 CACHED

#12 [internal] load build context
#12 sha256:015311bae36d1cd1c1612ba5931066d6cde5f28687a0039316a4f5d4a1e4f21b
#12 transferring context: 669.87kB 0.1s done
#12 DONE 0.1s

#6 [stage-1  1/13] FROM gcr.io/fuzzbench/builders/afl/tpm2-tss_tpm2-tss-intermediate
#6 sha256:32ef8dfe9970ecad43427d790e649146f47a1f309c0543a7f57e66d65789c1ac
#6 DONE 0.3s

#8 [stage-1  2/13] COPY --from=base-image /usr/local/bin/python3* /usr/local/bin/
#8 sha256:c8560f9a5338485397cd61a000f27a37f3b76177d046185f9902e05488bb1a39
#8 DONE 0.3s

#9 [stage-1  3/13] COPY --from=base-image /usr/local/lib/python3.8 /usr/local/lib/python3.8
#9 sha256:fa3e654fd452a9032da8beb4d00ae2aadbf49fc8e8e96a032a6a2810e1f4a3bf
#9 DONE 14.6s

#10 [stage-1  4/13] COPY --from=base-image /usr/local/include/python3.8 /usr/local/include/python3.8
#10 sha256:28eed84fe5323acbe75d76fcddc9cf339881b487dfc2dd067012eb97ac5e2e19
#10 DONE 0.3s

#11 [stage-1  5/13] COPY --from=base-image /usr/local/lib/python3.8/site-packages /usr/local/lib/python3.8/site-packages
#11 sha256:2f295ee82d9dda3b8e25a6ae253d53ebda8390372221a94cf58943c4f91b0d10
#11 DONE 18.3s

#13 [stage-1  6/13] COPY fuzzers /src/fuzzers
#13 sha256:016594675516b29e80df8c111d6d6890ef70b48a3e0502137a2f666694944219
#13 DONE 0.3s

#14 [stage-1  7/13] RUN touch /src/__init__.py
#14 sha256:d89d1eb1575b3b405e0c5637412fe26e64dc2d31ea697749c967bbf6dfcbe48d
#14 DONE 0.8s

#15 [stage-1  8/13] COPY benchmarks/tpm2-tss_tpm2-tss/benchmark.yaml /
#15 sha256:0f94d1aba59c5229284d5b7c5d6bb56dae2564448c8a2e013924100e0f2ae88c
#15 DONE 0.2s

#16 [stage-1  9/13] RUN mkdir /opt/fuzzbench/
#16 sha256:9223239995ce65258fc8fdde4301596c8998b4a7ee448e4daaffbbecb78530b4
#16 DONE 0.6s

#17 [stage-1 10/13] COPY docker/benchmark-builder/checkout_commit.py /opt/fuzzbench/
#17 sha256:fdc0d5c6e67edbd847e12b23e0e627de86a6f954dfb6a81b66053c6ee2da5f7c
#17 DONE 0.2s

#18 [stage-1 11/13] RUN export CHECKOUT_COMMIT=$(cat /benchmark.yaml | tr -d ' ' | grep 'commit:' | cut -d ':' -f2) &&     python3 -u /opt/fuzzbench/checkout_commit.py $CHECKOUT_COMMIT /src
#18 sha256:2ba94027fa6266888d0a6cdd8c16b1c36d06d192191b2f7a3fd60b52ca03faa5
#18 0.430 Checking out commit eb6be050
#18 5.672 From https://github.com/tpm2-software/tpm2-tss
#18 5.672  * [new tag]           1.0        -> 1.0
#18 5.673  * [new tag]           1.1.0      -> 1.1.0
#18 5.673  * [new tag]           2.0.0      -> 2.0.0
#18 5.673  * [new tag]           2.4.0      -> 2.4.0
#18 5.673  * [new tag]           3.0.0      -> 3.0.0
#18 5.674  * [new tag]           3.1.0      -> 3.1.0
#18 5.674  * [new tag]           3.2.0-rc0  -> 3.2.0-rc0
#18 5.679 error: pathspec 'eb6be050' did not match any file(s) known to git
#18 5.691 error: pathspec 'eb6be050' did not match any file(s) known to git
#18 5.697 error: pathspec 'eb6be050' did not match any file(s) known to git
#18 5.783 Checkout unsuccessful.
#18 DONE 6.1s

#19 [stage-1 12/13] RUN echo "#!/bin/bash\nPYTHONPATH=/src python3 -u -c "from fuzzers import utils; utils.initialize_env(); from fuzzers.afl import fuzzer; fuzzer.build()"" > /usr/bin/fuzzer_build &&     chmod +x /usr/bin/fuzzer_build
#19 sha256:2ac43ecc853aa499ddd63f081b6a85e41a28518e6bb5faed61df718d688f2938
#19 DONE 0.7s

#20 [stage-1 13/13] RUN echo "Run fuzzer_build to build the target" && if [ -z "$debug_builder" ] ; then fuzzer_build; fi
#20 sha256:35dcb148d7c65853e1854e6dc9edae2096648566d3592e9d9ae81f9e528857db
#20 0.602 Run fuzzer_build to build the target
#20 0.716 FUZZ_TARGET = tpm2-tss
#20 0.716 CFLAGS = -DFUZZING_BUILD_MODE_UNSAFE_FOR_PRODUCTION -pthread -Wl,--no-as-needed -Wl,-ldl -Wl,-lm -Wno-unused-command-line-argument -O3
#20 0.716 CXXFLAGS = -DFUZZING_BUILD_MODE_UNSAFE_FOR_PRODUCTION -pthread -Wl,--no-as-needed -Wl,-ldl -Wl,-lm -Wno-unused-command-line-argument -stdlib=libc++ -O3
#20 0.725 Building benchmark tpm2-tss_tpm2-tss with fuzzer afl
#20 0.728 + cd /src/tpm2-tss/
#20 0.728 + export LD_LIBRARY_PATH=/usr/local/bin
#20 0.728 + LD_LIBRARY_PATH=/usr/local/bin
#20 0.728 + export GEN_FUZZ=1
#20 0.728 + GEN_FUZZ=1
#20 0.728 + ./bootstrap
#20 0.730 Generating file lists: src_vars.mk
#20 0.784 Generating fuzz tests
#20 10.15 aclocal: installing 'm4/ax_ac_append_to_file.m4' from '/usr/share/aclocal/ax_ac_append_to_file.m4'
#20 10.16 aclocal: installing 'm4/ax_ac_print_to_file.m4' from '/usr/share/aclocal/ax_ac_print_to_file.m4'
#20 10.16 aclocal: installing 'm4/ax_add_am_macro_static.m4' from '/usr/share/aclocal/ax_add_am_macro_static.m4'
#20 10.16 aclocal: installing 'm4/ax_add_fortify_source.m4' from '/usr/share/aclocal/ax_add_fortify_source.m4'
#20 10.17 aclocal: installing 'm4/ax_am_macros_static.m4' from '/usr/share/aclocal/ax_am_macros_static.m4'
#20 10.17 aclocal: installing 'm4/ax_check_compile_flag.m4' from '/usr/share/aclocal/ax_check_compile_flag.m4'
#20 10.17 aclocal: installing 'm4/ax_check_enable_debug.m4' from '/usr/share/aclocal/ax_check_enable_debug.m4'
#20 10.18 aclocal: installing 'm4/ax_check_link_flag.m4' from '/usr/share/aclocal/ax_check_link_flag.m4'
#20 10.18 aclocal: installing 'm4/ax_code_coverage.m4' from '/usr/share/aclocal/ax_code_coverage.m4'
#20 10.18 aclocal: installing 'm4/ax_file_escapes.m4' from '/usr/share/aclocal/ax_file_escapes.m4'
#20 10.19 aclocal: installing 'm4/ax_is_release.m4' from '/usr/share/aclocal/ax_is_release.m4'
#20 10.19 aclocal: installing 'm4/ax_normalize_path.m4' from '/usr/share/aclocal/ax_normalize_path.m4'
#20 10.19 aclocal: installing 'm4/ax_prog_doxygen.m4' from '/usr/share/aclocal/ax_prog_doxygen.m4'
#20 10.20 aclocal: installing 'm4/ax_recursive_eval.m4' from '/usr/share/aclocal/ax_recursive_eval.m4'
#20 10.20 aclocal: installing 'm4/ax_valgrind_check.m4' from '/usr/share/aclocal/ax_valgrind_check.m4'
#20 10.20 aclocal: installing 'm4/libtool.m4' from '/usr/share/aclocal/libtool.m4'
#20 10.21 aclocal: installing 'm4/ltdl.m4' from '/usr/share/aclocal/ltdl.m4'
#20 10.21 aclocal: installing 'm4/ltoptions.m4' from '/usr/share/aclocal/ltoptions.m4'
#20 10.21 aclocal: installing 'm4/ltsugar.m4' from '/usr/share/aclocal/ltsugar.m4'
#20 10.22 aclocal: installing 'm4/ltversion.m4' from '/usr/share/aclocal/ltversion.m4'
#20 10.22 aclocal: installing 'm4/lt~obsolete.m4' from '/usr/share/aclocal/lt~obsolete.m4'
#20 10.22 aclocal: installing 'm4/pkg.m4' from '/usr/share/aclocal/pkg.m4'
#20 15.36 libtoolize: putting auxiliary files in '.'.
#20 15.36 libtoolize: linking file './ltmain.sh'
#20 25.27 configure.ac:28: installing './compile'
#20 25.27 configure.ac:23: installing './config.guess'
#20 25.27 configure.ac:23: installing './config.sub'
#20 25.27 configure.ac:12: installing './install-sh'
#20 25.27 configure.ac:12: installing './missing'
#20 29.01 Makefile.am: installing './depcomp'
#20 32.75 parallel-tests: installing './test-driver'
#20 33.13 + ./configure CC=clang CXX=clang++ --enable-debug --with-fuzzing=ossfuzz --enable-tcti-fuzzing --enable-tcti-device=no --enable-tcti-mssim=no --disable-doxygen-doc --disable-shared
#20 33.41 checking for a BSD-compatible install... /usr/bin/install -c
#20 33.43 checking whether build environment is sane... yes
#20 33.45 checking for a thread-safe mkdir -p... /usr/bin/mkdir -p
#20 33.45 checking for gawk... no
#20 33.45 checking for mawk... mawk
#20 33.46 checking whether make sets $(MAKE)... yes
#20 33.47 checking whether make supports nested variables... yes
#20 33.49 checking whether make supports nested variables... (cached) yes
#20 33.52 checking build system type... x86_64-pc-linux-gnu
#20 33.64 checking host system type... x86_64-pc-linux-gnu
#20 33.64 checking whether to enable debugging... yes
#20 33.64 checking for gcc... clang
#20 33.71 checking whether the C compiler works... yes
#20 33.84 checking for C compiler default output file name... a.out
#20 33.84 checking for suffix of executables... 
#20 33.96 checking whether we are cross compiling... no
#20 34.10 checking for suffix of object files... o
#20 34.13 checking whether we are using the GNU C compiler... yes
#20 34.16 checking whether clang accepts -g... yes
#20 34.19 checking for clang option to accept ISO C89... none needed
#20 34.24 checking whether clang understands -c and -o together... yes
#20 34.28 checking whether make supports the include directive... yes (GNU style)
#20 34.30 checking dependency style of clang... gcc3
#20 34.42 checking whether we are using the GNU C++ compiler... yes
#20 34.45 checking whether clang++ accepts -g... yes
#20 34.48 checking dependency style of clang++... gcc3
#20 34.53 checking whether ln -s works... yes
#20 34.53 checking how to run the C preprocessor... clang -E
#20 34.64 checking for grep that handles long lines and -e... /usr/bin/grep
#20 34.64 checking for egrep... /usr/bin/grep -E
#20 34.64 checking for ANSI C header files... yes
#20 34.89 checking for sys/types.h... yes
#20 34.94 checking for sys/stat.h... yes
#20 34.99 checking for stdlib.h... yes
#20 35.05 checking for string.h... yes
#20 35.10 checking for memory.h... yes
#20 35.16 checking for strings.h... yes
#20 35.21 checking for inttypes.h... yes
#20 35.27 checking for stdint.h... yes
#20 35.33 checking for unistd.h... yes
#20 35.38 checking minix/config.h usability... no
#20 35.44 checking minix/config.h presence... no
#20 35.47 checking for minix/config.h... no
#20 35.47 checking whether it is safe to define __EXTENSIONS__... yes
#20 35.53 checking how to print strings... printf
#20 35.59 checking for a sed that does not truncate output... /usr/bin/sed
#20 35.60 checking for fgrep... /usr/bin/grep -F
#20 35.60 checking for ld used by clang... /usr/bin/ld
#20 35.62 checking if the linker (/usr/bin/ld) is GNU ld... yes
#20 35.63 checking for BSD- or MS-compatible name lister (nm)... /usr/bin/nm -B
#20 35.63 checking the name lister (/usr/bin/nm -B) interface... BSD nm
#20 35.67 checking the maximum length of command line arguments... 1572864
#20 35.68 checking how to convert x86_64-pc-linux-gnu file names to x86_64-pc-linux-gnu format... func_convert_file_noop
#20 35.69 checking how to convert x86_64-pc-linux-gnu file names to toolchain format... func_convert_file_noop
#20 35.69 checking for /usr/bin/ld option to reload object files... -r
#20 35.69 checking for objdump... objdump
#20 35.69 checking how to recognize dependent libraries... pass_all
#20 35.69 checking for dlltool... no
#20 35.69 checking how to associate runtime and link libraries... printf %s\n
#20 35.69 checking for ar... ar
#20 35.69 checking for archiver @FILE support... @
#20 35.74 checking for strip... strip
#20 35.74 checking for ranlib... ranlib
#20 35.74 checking command to parse /usr/bin/nm -B output from clang object... ok
#20 35.93 checking for sysroot... no
#20 35.93 checking for a working dd... /usr/bin/dd
#20 35.97 checking how to truncate binary pipes... /usr/bin/dd bs=4096 count=1
#20 36.01 checking for mt... no
#20 36.01 checking if : is a manifest tool... no
#20 36.02 checking for dlfcn.h... yes
#20 36.09 checking for objdir... .libs
#20 36.26 checking if clang supports -fno-rtti -fno-exceptions... yes
#20 36.29 checking for clang option to produce PIC... -fPIC -DPIC
#20 36.29 checking if clang PIC flag -fPIC -DPIC works... yes
#20 36.32 checking if clang static flag -static works... yes
#20 36.61 checking if clang supports -c -o file.o... yes
#20 36.66 checking if clang supports -c -o file.o... (cached) yes
#20 36.66 checking whether the clang linker (/usr/bin/ld -m elf_x86_64) supports shared libraries... yes
#20 36.69 checking dynamic linker characteristics... GNU/Linux ld.so
#20 36.87 checking how to hardcode library paths into programs... immediate
#20 36.87 checking whether stripping libraries is possible... yes
#20 36.89 checking if libtool supports shared libraries... yes
#20 36.90 checking whether to build shared libraries... no
#20 36.90 checking whether to build static libraries... yes
#20 36.90 checking how to run the C++ preprocessor... clang++ -E
#20 37.56 checking for ld used by clang++... /usr/bin/ld -m elf_x86_64
#20 37.58 checking if the linker (/usr/bin/ld -m elf_x86_64) is GNU ld... yes
#20 37.60 checking whether the clang++ linker (/usr/bin/ld -m elf_x86_64) supports shared libraries... yes
#20 37.75 checking for clang++ option to produce PIC... -fPIC -DPIC
#20 37.75 checking if clang++ PIC flag -fPIC -DPIC works... yes
#20 37.79 checking if clang++ static flag -static works... yes
#20 38.06 checking if clang++ supports -c -o file.o... yes
#20 38.11 checking if clang++ supports -c -o file.o... (cached) yes
#20 38.11 checking whether the clang++ linker (/usr/bin/ld -m elf_x86_64) supports shared libraries... yes
#20 38.11 checking dynamic linker characteristics... (cached) GNU/Linux ld.so
#20 38.11 checking how to hardcode library paths into programs... immediate
#20 38.12 checking for library containing dlopen... none required
#20 38.24 checking for dlerror... yes
#20 38.37 checking for shl_load... no
#20 38.52 checking for shl_load in -ldld... no
#20 38.59 checking for dld_link in -ldld... no
#20 38.68 checking for pkg-config... /usr/bin/pkg-config
#20 38.68 checking pkg-config is at least version 0.9.0... yes
#20 38.68 checking for strndup... yes
#20 38.81 checking for reallocarray... yes
#20 38.94 checking for CRYPTO... yes
#20 38.96 checking for EVP_sm3 in -lcrypto... yes
#20 39.11 checking for JSONC... no
#20 39.12 configure: error: Package requirements (json-c) were not met:
#20 39.12 
#20 39.12 No package 'json-c' found
#20 39.12 
#20 39.12 Consider adjusting the PKG_CONFIG_PATH environment variable if you
#20 39.12 installed software in a non-standard prefix.
#20 39.12 
#20 39.12 Alternatively, you may set the environment variables JSONC_CFLAGS
#20 39.12 and JSONC_LIBS to avoid the need to call pkg-config.
#20 39.12 See the pkg-config man page for more details.
#20 39.22 Traceback (most recent call last):
#20 39.22   File "<string>", line 1, in <module>
#20 39.22   File "/src/fuzzers/afl/fuzzer.py", line 40, in build
#20 39.22     utils.build_benchmark()
#20 39.22   File "/src/fuzzers/utils.py", line 82, in build_benchmark
#20 39.22     subprocess.check_call(['/bin/bash', '-ex', build_script], env=env)
#20 39.22   File "/usr/local/lib/python3.8/subprocess.py", line 364, in check_call
#20 39.22     raise CalledProcessError(retcode, cmd)
#20 39.22 subprocess.CalledProcessError: Command '['/bin/bash', '-ex', '/src/build.sh']' returned non-zero exit status 1.
#20 ERROR: executor failed running [/bin/sh -c echo "Run fuzzer_build to build the target" && if [ -z "$debug_builder" ] ; then fuzzer_build; fi]: exit code: 1
------
 > importing cache manifest from gcr.io/fuzzbench/builders/afl/tpm2-tss_tpm2-tss:
------
------
 > [stage-1 13/13] RUN echo "Run fuzzer_build to build the target" && if [ -z "$debug_builder" ] ; then fuzzer_build; fi:
------
executor failed running [/bin/sh -c echo "Run fuzzer_build to build the target" && if [ -z "$debug_builder" ] ; then fuzzer_build; fi]: exit code: 1
make: *** [docker/generated.mk:2721268: .afl-tpm2-tss_tpm2-tss-builder] Error 1
/bin/sh: 1: source: not found
#2 [internal] load .dockerignore
#2 sha256:70346f8a15d836d4e10537048156b4b2065e089bffb4120914762a0801f1433e
#2 transferring context: 2B done
#2 DONE 0.2s

#1 [internal] load build definition from Dockerfile
#1 sha256:ac21dd4bba69fa56ad90e13bec08a92f1abae31f5c066d6713a7ed1d9afa243b
#1 transferring dockerfile: 32B done
#1 DONE 0.3s

#3 [internal] load metadata for gcr.io/oss-fuzz-base/base-builder:latest
#3 sha256:f10dc39cc9d418a5bc416dead31a1902b6821fdae909cd3b08f7a3fd1faba7b5
#3 DONE 0.5s

#5 [ 1/19] FROM gcr.io/oss-fuzz-base/base-builder@sha256:f4e5ea12494fab091c5d830cf803b3421f2860f729b9d1b07da44924396cf8cf
#5 sha256:ef290950573a2779ee526af357b28fbddfc20d7409aa51f58f777c9e972cba29
#5 DONE 0.0s

#4 importing cache manifest from gcr.io/fuzzbench/builders/benchmark/tpm2-tss_tpm2-tss
#4 sha256:69f1a3868b6d602d80bddbd88e71a10bb4cec3ff0ae730ce2c53bb91668dc272
#4 DONE 0.0s

#23 [internal] load build context
#23 sha256:e719a14b5fab9902a02380f3f1ddf7cb543d98ba69fee74ecea5769c9d323158
#23 transferring context: 30B done
#23 DONE 0.1s

#8 [ 4/19] RUN update-alternatives --install /usr/bin/clang clang /usr/bin/clang-6.0 100
#8 sha256:1c8b8bb2a16eb2bd9f8043ff31b08909ab37419746293fe9f4e04141d5002768
#8 CACHED

#11 [ 7/19] RUN wget --quiet --show-progress --progress=dot:giga "http://mirror.kumi.systems/gnu/autoconf-archive/autoconf-archive-2018.03.13.tar.xz" 		&& tar -xf autoconf-archive-2018.03.13.tar.xz         && rm autoconf-archive-2018.03.13.tar.xz         && cd autoconf-archive-2018.03.13         && ./configure --prefix=/usr         && make -j $(nproc) && make install
#11 sha256:94b8d2a0eb3263ef2d8fecdd1ab06af6af16eeeac6ab8f392965576102be560d
#11 CACHED

#18 [14/19] WORKDIR /tmp
#18 sha256:b2907c7c600296a55bc503303e322959e605f23a23f04e39f3a231a8b922d2be
#18 CACHED

#20 [16/19] RUN rm -rf uthash-2.1.0/ v2.1.0.tar.gz
#20 sha256:98088ff0e583a9d7b5d0f9ed44ccec8972aeeca3dd9c49e01f9b06be7d68cfce
#20 CACHED

#6 [ 2/19] RUN apt-get update &&     apt-get install -y     autoconf-archive     curl     libcmocka0     libcmocka-dev     net-tools     build-essential     git     pkg-config     gcc     g++     m4     libtool     automake     libgcrypt20-dev     libssl-dev     autoconf     gnulib     wget     doxygen     libdbus-1-dev     libglib2.0-dev     clang-6.0     clang-tools-6.0     pandoc     lcov     libcurl4-openssl-dev     dbus-x11     python-yaml     python3-yaml     vim-common     python3-pip     libsqlite3-dev     python-cryptography     python3-cryptography
#6 sha256:a672e012b5c799fe0417582a60448ce81880a7e407a7f68e2a9c059bd30ceeb1
#6 CACHED

#7 [ 3/19] RUN pip3 install cpp-coveralls
#7 sha256:d8e6aff93ddb4b34cfb6418f8fb5f25c035d840cb93d8ef33de2410789c40051
#7 CACHED

#12 [ 8/19] RUN rm -fr autoconf-archive-2018.03.13.tar.xz
#12 sha256:9b5c253e1d7ceb1de2a2fc0ad17daf39f1c13d81b9302dfc96befc0087bc587d
#12 CACHED

#21 [17/19] RUN git clone --depth 1   https://github.com/tpm2-software/tpm2-tss /src/tpm2-tss/
#21 sha256:615629d315d09e683c1375563f21caf2b938c7352349982453c1f18798fe8816
#21 CACHED

#9 [ 5/19] RUN update-alternatives --install /usr/bin/scan-build scan-build /usr/bin/scan-build-6.0 100
#9 sha256:c8aa72a915bb1fc21c24eec716af85e4ae996294baed23ee551f29057239a97d
#9 CACHED

#14 [10/19] RUN wget --quiet --show-progress --progress=dot:giga "https://downloads.sourceforge.net/project/ibmswtpm2/ibmtpm1119.tar.gz" 	&& sha256sum ibmtpm1119.tar.gz | grep ^b9eef79904e276aeaed2a6b9e4021442ef4d7dfae4adde2473bef1a6a4cd10fb 	&& mkdir -p ibmtpm1119 	&& tar xvf ibmtpm1119.tar.gz -C ibmtpm1119 	&& rm ibmtpm1119.tar.gz
#14 sha256:88d351349fed56939ca6961f561b9057e4dedfce8b1cd501575f1fbdafff0d00
#14 CACHED

#19 [15/19] RUN wget --quiet --show-progress --progress=dot:giga "https://github.com/troydhanson/uthash/archive/v2.1.0.tar.gz" 	&& tar -xf v2.1.0.tar.gz         && cp uthash-2.1.0/src/*.h /usr/include/
#19 sha256:69a7cd3702f0289a4f41727b63db44039906bc96e3d8ea66c13b6a794b1d4262
#19 CACHED

#13 [ 9/19] WORKDIR /tmp
#13 sha256:c0f810a551e41b3a03b613db484323c5798672579253c952c13df4302cf49137
#13 CACHED

#16 [12/19] RUN CFLAGS="-I/usr/local/openssl/include" make -j$(nproc) && cp tpm_server /usr/local/bin
#16 sha256:8fdd65ece3f8249db23686aadc33503d254838b8c66346c8a532b8c2554df9ea
#16 CACHED

#22 [18/19] WORKDIR /src/tpm2-tss/
#22 sha256:1a500b35c2ca33646471cb8c60ffbde70ee87b1d1c74b57ecdee06747e485d28
#22 CACHED

#17 [13/19] RUN rm -fr ibmtpm1119/src ibmtpm1119.tar.gz
#17 sha256:55d0bba3a384355c227c30a15aed7bdc9dd8fe3b2f3bb30f0392f98ce75a0fae
#17 CACHED

#10 [ 6/19] WORKDIR /tmp
#10 sha256:9f7830322c9ca205c6f73b6f8888205a2be0aeb1ad487eca98524cda9bae7467
#10 CACHED

#15 [11/19] WORKDIR ibmtpm1119/src
#15 sha256:715dacc11f7e7936fdc7c138bd27048bb2d658a0ee92d826ef5b19b7412efdae
#15 CACHED

#24 [19/19] COPY build.sh /src/
#24 sha256:5140a281ad3bccc33899c5a0b7819664abfddcfffa84d0403d5b8b2c7971b41e
#24 CACHED

#25 exporting to image
#25 sha256:e8c613e07b0b7ff33893b694f7759a10d42e180f2b4dc349fb57dc6b71dcab00
#25 exporting layers done
#25 writing image sha256:219bf9eab724a322826b9877d2aab5588d04ca88acad0f84baa6aa675d2875ee
#25 writing image sha256:219bf9eab724a322826b9877d2aab5588d04ca88acad0f84baa6aa675d2875ee 0.0s done
#25 naming to gcr.io/fuzzbench/builders/benchmark/tpm2-tss_tpm2-tss done
#25 DONE 0.4s

#26 exporting cache
#26 sha256:2700d4ef94dee473593c5c614b55b2dedcca7893909811a8f2b48291a1f581e4
#26 preparing build cache for export done
#26 DONE 0.0s
#1 [internal] load build definition from builder.Dockerfile
#1 sha256:81c7ec6e9cb16223afabfd6185c9284b347d0a55afdcf3301c69566eed5618ed
#1 transferring dockerfile: 46B done
#1 DONE 0.1s

#2 [internal] load .dockerignore
#2 sha256:52b8c45e89256bcb74ab91476500fd4e91cc3fbde57e96074f4539d8a2374f28
#2 transferring context: 2B done
#2 DONE 0.1s

#3 [internal] load metadata for gcr.io/fuzzbench/builders/benchmark/tpm2-tss_tpm2-tss:latest
#3 sha256:dbbd8bd02a767f6183a4cd0fde4c5ec5951738775c2bd733f8f6c77aac87507c
#3 DONE 0.0s

#4 importing cache manifest from gcr.io/fuzzbench/builders/afl/tpm2-tss_tpm2-tss-intermediate
#4 sha256:ca79c00b9b6d250d0ca53bfd89a90ec771faa0ca1aa055ff682f57baaf1668c2
#4 DONE 0.0s

#7 [1/3] FROM gcr.io/fuzzbench/builders/benchmark/tpm2-tss_tpm2-tss
#7 sha256:d81fe75ccf416483e8212854c0e079eed2a521e5c2d1b84fc96da8b1371eba63
#7 DONE 0.0s

#5 [2/3] RUN git clone https://github.com/google/AFL.git /afl &&     cd /afl &&     git checkout 61037103ae3722c8060ff7082994836a794f978e &&     AFL_NO_X86=1 make
#5 sha256:270a1bbd121137eeccd422b9d29f9d9b31f88f07f88f0d7d612c46d138af2ece
#5 CACHED

#6 [3/3] RUN apt-get update &&     apt-get install wget -y &&     wget https://raw.githubusercontent.com/llvm/llvm-project/5feb80e748924606531ba28c97fe65145c65372e/compiler-rt/lib/fuzzer/afl/afl_driver.cpp -O /afl/afl_driver.cpp &&     clang -Wno-pointer-sign -c /afl/llvm_mode/afl-llvm-rt.o.c -I/afl &&     clang++ -stdlib=libc++ -std=c++11 -O2 -c /afl/afl_driver.cpp &&     ar r /libAFL.a *.o
#6 sha256:bdcb4e5117a882c58b9317dadb0004a289d1cf5e9bdfe3dda3d022769924ee66
#6 CACHED

#8 exporting to image
#8 sha256:e8c613e07b0b7ff33893b694f7759a10d42e180f2b4dc349fb57dc6b71dcab00
#8 exporting layers done
#8 writing image sha256:784ed59745f1cf4440f93665634690b9a0d274107a292091ff41e5bf52af8461 done
#8 naming to gcr.io/fuzzbench/builders/afl/tpm2-tss_tpm2-tss-intermediate done
#8 DONE 0.4s

#9 exporting cache
#9 sha256:2700d4ef94dee473593c5c614b55b2dedcca7893909811a8f2b48291a1f581e4
#9 preparing build cache for export done
#9 DONE 0.0s
#1 [internal] load build definition from Dockerfile
#1 sha256:eefb88d5b993bc02088b43c6e230c1787c3b9271c8901fe7f897ecf0420d959c
#1 transferring dockerfile: 2.00kB done
#1 DONE 0.1s

#2 [internal] load .dockerignore
#2 sha256:01130aef72f890a525d4075ebd103834ba14c91e03e8f3325abddd9a4c7c2d26
#2 transferring context: 34B done
#2 DONE 0.1s

#3 [internal] load metadata for docker.io/library/ubuntu:xenial
#3 sha256:f62bae18ed588840f045c881b2502661f2a89578a2f8f99b83f5200ee83dd25b
#3 DONE 0.0s

#5 [1/7] FROM docker.io/library/ubuntu:xenial
#5 sha256:14dd403f25ae9e519bd44f27dc17af7ce80f5a4f9f48ca88108364e67ec5d360
#5 DONE 0.0s

#4 importing cache manifest from gcr.io/fuzzbench/base-image
#4 sha256:9b220ebb4d4daceed1b96df9b6dca076e762f1cd612574f010b82d5b9e5ad896
#4 DONE 0.0s

#8 [internal] load build context
#8 sha256:1d9cffd1008c1fac48922aff6c39e9c9b98ff1dec89abdbfb65a00f6a33d6eeb
#8 transferring context: 559B 0.0s done
#8 DONE 0.1s

#7 [3/7] RUN cd /tmp/ &&     curl -O https://www.python.org/ftp/python/3.8.6/Python-3.8.6.tar.xz &&     tar -xvf Python-3.8.6.tar.xz &&     cd Python-3.8.6 &&     ./configure --enable-loadable-sqlite-extensions --enable-optimizations &&     make -j install &&     rm -r /tmp/Python-3.8.6.tar.xz /tmp/Python-3.8.6
#7 sha256:c5b9d1fb3371e84dbc60b76e7b2f8d5913bc93bcd4910ab65daa03e7b2ec4bb0
#7 CACHED

#9 [4/7] COPY ./requirements.txt /
#9 sha256:516e204ecc4ac83d6b9cf5346cfdc0731a0d7623765597a6dbcc55c621897ee5
#9 CACHED

#10 [5/7] RUN pip3 install -r /requirements.txt
#10 sha256:c45e49bd64704cbcb698b3b58cb32fd416918d11ce1c78a53bfe8a29deddd305
#10 CACHED

#11 [6/7] RUN apt-get update -y && apt-get install -y     apt-transport-https     lsb-release
#11 sha256:3d96ad8e9259f20a7245a916a46ec7d2345f9b84f31b850919464637d744d924
#11 CACHED

#6 [2/7] RUN apt-get update -y && apt-get install -y     build-essential     rsync     curl     zlib1g-dev     libncurses5-dev     libgdbm-dev     libnss3-dev     libssl-dev     libreadline-dev     libffi-dev     virtualenv     libbz2-dev     liblzma-dev     libsqlite3-dev
#6 sha256:3a1b0960f17eed529eaae93dc8fd3554f2743dd584d8fa569cdbe6bc734371ac
#6 CACHED

#12 [7/7] RUN CLOUD_SDK_REPO="cloud-sdk-$(lsb_release -c -s)" &&     echo "deb https://packages.cloud.google.com/apt $CLOUD_SDK_REPO main"     | tee -a /etc/apt/sources.list.d/google-cloud-sdk.list &&     curl https://packages.cloud.google.com/apt/doc/apt-key.gpg     | apt-key add - &&     apt-get update -y &&     apt-get install -y google-cloud-sdk
#12 sha256:23f56059552bffc092b0c03eb2baaa3aacf6f15e9bd921a200c50c9b84495c1f
#12 CACHED

#13 exporting to image
#13 sha256:e8c613e07b0b7ff33893b694f7759a10d42e180f2b4dc349fb57dc6b71dcab00
#13 exporting layers done
#13 writing image sha256:139540fb22a119f888cb3e5ed6e013e8d868574697f5fb839e5da9e23de73e0a 0.0s done
#13 naming to gcr.io/fuzzbench/base-image done
#13 DONE 0.1s

#14 exporting cache
#14 sha256:2700d4ef94dee473593c5c614b55b2dedcca7893909811a8f2b48291a1f581e4
#14 preparing build cache for export done
#14 DONE 0.0s
#1 [internal] load build definition from Dockerfile
#1 sha256:fa42901277bb682771d3aeaede0eb8f9a14d57864ab432b647484197fcfa7414
#1 transferring dockerfile: 2.22kB done
#1 DONE 0.1s

#2 [internal] load .dockerignore
#2 sha256:84b812567d2dadeb4a88e1874698f6d7db678847668e50e4380d2d1f74cbb83f
#2 transferring context: 34B done
#2 DONE 0.1s

#4 [internal] load metadata for gcr.io/fuzzbench/base-image:latest
#4 sha256:932022888f650cc455b10eb5123bb08c0cccacac29a693e69314abbfd28a72c3
#4 DONE 0.0s

#3 [internal] load metadata for gcr.io/fuzzbench/builders/afl/tpm2-tss_tpm2-tss-intermediate:latest
#3 sha256:c8cbdb8f62c634970b5d94c2607ebb996ea094ea26ab8a23d617a1894ca2d1c8
#3 DONE 0.0s

#12 [internal] load build context
#12 sha256:77b59cf7f861018f7c2fb763733e9be771eb4971b5480ea34f982652df89e0dd
#12 DONE 0.0s

#7 [base-image 1/1] FROM gcr.io/fuzzbench/base-image
#7 sha256:4d07825694520f8b6f6a0d8592dbd345433361ae044cb7f06706c5a95e3daaad
#7 DONE 0.0s

#6 [stage-1  1/13] FROM gcr.io/fuzzbench/builders/afl/tpm2-tss_tpm2-tss-intermediate
#6 sha256:32ef8dfe9970ecad43427d790e649146f47a1f309c0543a7f57e66d65789c1ac
#6 DONE 0.0s

#5 importing cache manifest from gcr.io/fuzzbench/builders/afl/tpm2-tss_tpm2-tss
#5 sha256:2aec89f399f6e633de0cf6d0c11f38d3a413d59e93f03a2262c35dc1795fbff0
#5 ERROR: gcr.io/fuzzbench/builders/afl/tpm2-tss_tpm2-tss:latest: not found

#12 [internal] load build context
#12 sha256:77b59cf7f861018f7c2fb763733e9be771eb4971b5480ea34f982652df89e0dd
#12 transferring context: 669.87kB 0.1s done
#12 DONE 0.3s

#18 [stage-1 11/13] RUN export CHECKOUT_COMMIT=$(cat /benchmark.yaml | tr -d ' ' | grep 'commit:' | cut -d ':' -f2) &&     python3 -u /opt/fuzzbench/checkout_commit.py $CHECKOUT_COMMIT /src
#18 sha256:571f6e0d0cd608e4cf5dfbbdc9d9150e93dd096be808318ed64cd8347b2a8c65
#18 CACHED

#8 [stage-1  2/13] COPY --from=base-image /usr/local/bin/python3* /usr/local/bin/
#8 sha256:c8560f9a5338485397cd61a000f27a37f3b76177d046185f9902e05488bb1a39
#8 CACHED

#10 [stage-1  4/13] COPY --from=base-image /usr/local/include/python3.8 /usr/local/include/python3.8
#10 sha256:28eed84fe5323acbe75d76fcddc9cf339881b487dfc2dd067012eb97ac5e2e19
#10 CACHED

#13 [stage-1  6/13] COPY fuzzers /src/fuzzers
#13 sha256:900046282b381073a0a73f696897f170821686420b8c4dd2725c13da499f6147
#13 CACHED

#11 [stage-1  5/13] COPY --from=base-image /usr/local/lib/python3.8/site-packages /usr/local/lib/python3.8/site-packages
#11 sha256:2f295ee82d9dda3b8e25a6ae253d53ebda8390372221a94cf58943c4f91b0d10
#11 CACHED

#9 [stage-1  3/13] COPY --from=base-image /usr/local/lib/python3.8 /usr/local/lib/python3.8
#9 sha256:fa3e654fd452a9032da8beb4d00ae2aadbf49fc8e8e96a032a6a2810e1f4a3bf
#9 CACHED

#14 [stage-1  7/13] RUN touch /src/__init__.py
#14 sha256:62eb4e824c9d5efe1491cf9af856771ace5079264a3f2b057bc869d1153bf5d5
#14 CACHED

#16 [stage-1  9/13] RUN mkdir /opt/fuzzbench/
#16 sha256:b07c5561697dcc10515945d49761be9089ef160dc3e3c110b47fd51d72be52c7
#16 CACHED

#17 [stage-1 10/13] COPY docker/benchmark-builder/checkout_commit.py /opt/fuzzbench/
#17 sha256:18529dfc306419ceef785cda43673bdc4f7b9a843588907f5d7bc6ba50ed995a
#17 CACHED

#15 [stage-1  8/13] COPY benchmarks/tpm2-tss_tpm2-tss/benchmark.yaml /
#15 sha256:2dd98fe509a4bb1ddbba7a02cdc8e488a3c8b179688f86019eb22272fc6055f6
#15 CACHED

#19 [stage-1 12/13] RUN echo "#!/bin/bash\nPYTHONPATH=/src python3 -u -c "from fuzzers import utils; utils.initialize_env(); from fuzzers.afl import fuzzer; fuzzer.build()"" > /usr/bin/fuzzer_build &&     chmod +x /usr/bin/fuzzer_build
#19 sha256:edcfdfbb285a58865931d3cdab883021f84a97295afa20721fbfca3f520affeb
#19 CACHED

#20 [stage-1 13/13] RUN echo "Run fuzzer_build to build the target" && if [ -z "$debug_builder" ] ; then fuzzer_build; fi
#20 sha256:f396de8269690dfb293d9cccc2bfd917c8f5fc61df4a61b8afa5e6169f8ec1d8
#20 0.532 Run fuzzer_build to build the target
#20 0.650 FUZZ_TARGET = tpm2-tss
#20 0.650 CFLAGS = -DFUZZING_BUILD_MODE_UNSAFE_FOR_PRODUCTION -pthread -Wl,--no-as-needed -Wl,-ldl -Wl,-lm -Wno-unused-command-line-argument -O3
#20 0.650 CXXFLAGS = -DFUZZING_BUILD_MODE_UNSAFE_FOR_PRODUCTION -pthread -Wl,--no-as-needed -Wl,-ldl -Wl,-lm -Wno-unused-command-line-argument -stdlib=libc++ -O3
#20 0.657 Building benchmark tpm2-tss_tpm2-tss with fuzzer afl
#20 0.661 + cd /src/tpm2-tss/
#20 0.661 + export LD_LIBRARY_PATH=/usr/local/bin
#20 0.661 + LD_LIBRARY_PATH=/usr/local/bin
#20 0.661 + export GEN_FUZZ=1
#20 0.661 + GEN_FUZZ=1
#20 0.661 + ./bootstrap
#20 0.662 Generating file lists: src_vars.mk
#20 0.717 Generating fuzz tests
#20 9.356 aclocal: installing 'm4/ax_ac_append_to_file.m4' from '/usr/share/aclocal/ax_ac_append_to_file.m4'
#20 9.360 aclocal: installing 'm4/ax_ac_print_to_file.m4' from '/usr/share/aclocal/ax_ac_print_to_file.m4'
#20 9.363 aclocal: installing 'm4/ax_add_am_macro_static.m4' from '/usr/share/aclocal/ax_add_am_macro_static.m4'
#20 9.366 aclocal: installing 'm4/ax_add_fortify_source.m4' from '/usr/share/aclocal/ax_add_fortify_source.m4'
#20 9.370 aclocal: installing 'm4/ax_am_macros_static.m4' from '/usr/share/aclocal/ax_am_macros_static.m4'
#20 9.374 aclocal: installing 'm4/ax_check_compile_flag.m4' from '/usr/share/aclocal/ax_check_compile_flag.m4'
#20 9.377 aclocal: installing 'm4/ax_check_enable_debug.m4' from '/usr/share/aclocal/ax_check_enable_debug.m4'
#20 9.380 aclocal: installing 'm4/ax_check_link_flag.m4' from '/usr/share/aclocal/ax_check_link_flag.m4'
#20 9.384 aclocal: installing 'm4/ax_code_coverage.m4' from '/usr/share/aclocal/ax_code_coverage.m4'
#20 9.387 aclocal: installing 'm4/ax_file_escapes.m4' from '/usr/share/aclocal/ax_file_escapes.m4'
#20 9.391 aclocal: installing 'm4/ax_is_release.m4' from '/usr/share/aclocal/ax_is_release.m4'
#20 9.394 aclocal: installing 'm4/ax_normalize_path.m4' from '/usr/share/aclocal/ax_normalize_path.m4'
#20 9.397 aclocal: installing 'm4/ax_prog_doxygen.m4' from '/usr/share/aclocal/ax_prog_doxygen.m4'
#20 9.401 aclocal: installing 'm4/ax_recursive_eval.m4' from '/usr/share/aclocal/ax_recursive_eval.m4'
#20 9.404 aclocal: installing 'm4/ax_valgrind_check.m4' from '/usr/share/aclocal/ax_valgrind_check.m4'
#20 9.408 aclocal: installing 'm4/libtool.m4' from '/usr/share/aclocal/libtool.m4'
#20 9.412 aclocal: installing 'm4/ltdl.m4' from '/usr/share/aclocal/ltdl.m4'
#20 9.415 aclocal: installing 'm4/ltoptions.m4' from '/usr/share/aclocal/ltoptions.m4'
#20 9.419 aclocal: installing 'm4/ltsugar.m4' from '/usr/share/aclocal/ltsugar.m4'
#20 9.422 aclocal: installing 'm4/ltversion.m4' from '/usr/share/aclocal/ltversion.m4'
#20 9.426 aclocal: installing 'm4/lt~obsolete.m4' from '/usr/share/aclocal/lt~obsolete.m4'
#20 9.430 aclocal: installing 'm4/pkg.m4' from '/usr/share/aclocal/pkg.m4'
#20 14.73 libtoolize: putting auxiliary files in '.'.
#20 14.73 libtoolize: linking file './ltmain.sh'
#20 24.58 configure.ac:28: installing './compile'
#20 24.58 configure.ac:23: installing './config.guess'
#20 24.58 configure.ac:23: installing './config.sub'
#20 24.58 configure.ac:12: installing './install-sh'
#20 24.58 configure.ac:12: installing './missing'
#20 27.75 Makefile.am: installing './depcomp'
#20 31.44 parallel-tests: installing './test-driver'
#20 31.80 + ./configure CC=clang CXX=clang++ --enable-debug --with-fuzzing=ossfuzz --enable-tcti-fuzzing --enable-tcti-device=no --enable-tcti-mssim=no --disable-doxygen-doc --disable-shared
#20 32.06 checking for a BSD-compatible install... /usr/bin/install -c
#20 32.08 checking whether build environment is sane... yes
#20 32.10 checking for a thread-safe mkdir -p... /usr/bin/mkdir -p
#20 32.10 checking for gawk... no
#20 32.10 checking for mawk... mawk
#20 32.10 checking whether make sets $(MAKE)... yes
#20 32.12 checking whether make supports nested variables... yes
#20 32.14 checking whether make supports nested variables... (cached) yes
#20 32.16 checking build system type... x86_64-pc-linux-gnu
#20 32.24 checking host system type... x86_64-pc-linux-gnu
#20 32.24 checking whether to enable debugging... yes
#20 32.24 checking for gcc... clang
#20 32.31 checking whether the C compiler works... yes
#20 32.44 checking for C compiler default output file name... a.out
#20 32.45 checking for suffix of executables... 
#20 32.57 checking whether we are cross compiling... no
#20 32.70 checking for suffix of object files... o
#20 32.73 checking whether we are using the GNU C compiler... yes
#20 32.76 checking whether clang accepts -g... yes
#20 32.78 checking for clang option to accept ISO C89... none needed
#20 32.82 checking whether clang understands -c and -o together... yes
#20 32.86 checking whether make supports the include directive... yes (GNU style)
#20 32.88 checking dependency style of clang... gcc3
#20 33.00 checking whether we are using the GNU C++ compiler... yes
#20 33.03 checking whether clang++ accepts -g... yes
#20 33.05 checking dependency style of clang++... gcc3
#20 33.11 checking whether ln -s works... yes
#20 33.11 checking how to run the C preprocessor... clang -E
#20 33.21 checking for grep that handles long lines and -e... /usr/bin/grep
#20 33.21 checking for egrep... /usr/bin/grep -E
#20 33.22 checking for ANSI C header files... yes
#20 33.45 checking for sys/types.h... yes
#20 33.50 checking for sys/stat.h... yes
#20 33.55 checking for stdlib.h... yes
#20 33.60 checking for string.h... yes
#20 33.65 checking for memory.h... yes
#20 33.72 checking for strings.h... yes
#20 33.77 checking for inttypes.h... yes
#20 33.83 checking for stdint.h... yes
#20 33.89 checking for unistd.h... yes
#20 33.95 checking minix/config.h usability... no
#20 34.01 checking minix/config.h presence... no
#20 34.04 checking for minix/config.h... no
#20 34.04 checking whether it is safe to define __EXTENSIONS__... yes
#20 34.10 checking how to print strings... printf
#20 34.15 checking for a sed that does not truncate output... /usr/bin/sed
#20 34.16 checking for fgrep... /usr/bin/grep -F
#20 34.17 checking for ld used by clang... /usr/bin/ld
#20 34.19 checking if the linker (/usr/bin/ld) is GNU ld... yes
#20 34.19 checking for BSD- or MS-compatible name lister (nm)... /usr/bin/nm -B
#20 34.20 checking the name lister (/usr/bin/nm -B) interface... BSD nm
#20 34.23 checking the maximum length of command line arguments... 1572864
#20 34.24 checking how to convert x86_64-pc-linux-gnu file names to x86_64-pc-linux-gnu format... func_convert_file_noop
#20 34.24 checking how to convert x86_64-pc-linux-gnu file names to toolchain format... func_convert_file_noop
#20 34.24 checking for /usr/bin/ld option to reload object files... -r
#20 34.24 checking for objdump... objdump
#20 34.25 checking how to recognize dependent libraries... pass_all
#20 34.25 checking for dlltool... no
#20 34.25 checking how to associate runtime and link libraries... printf %s\n
#20 34.25 checking for ar... ar
#20 34.25 checking for archiver @FILE support... @
#20 34.29 checking for strip... strip
#20 34.29 checking for ranlib... ranlib
#20 34.29 checking command to parse /usr/bin/nm -B output from clang object... ok
#20 34.46 checking for sysroot... no
#20 34.46 checking for a working dd... /usr/bin/dd
#20 34.47 checking how to truncate binary pipes... /usr/bin/dd bs=4096 count=1
#20 34.50 checking for mt... no
#20 34.50 checking if : is a manifest tool... no
#20 34.51 checking for dlfcn.h... yes
#20 34.57 checking for objdir... .libs
#20 34.74 checking if clang supports -fno-rtti -fno-exceptions... yes
#20 34.77 checking for clang option to produce PIC... -fPIC -DPIC
#20 34.77 checking if clang PIC flag -fPIC -DPIC works... yes
#20 34.80 checking if clang static flag -static works... yes
#20 34.98 checking if clang supports -c -o file.o... yes
#20 35.02 checking if clang supports -c -o file.o... (cached) yes
#20 35.02 checking whether the clang linker (/usr/bin/ld -m elf_x86_64) supports shared libraries... yes
#20 35.05 checking dynamic linker characteristics... GNU/Linux ld.so
#20 35.22 checking how to hardcode library paths into programs... immediate
#20 35.22 checking whether stripping libraries is possible... yes
#20 35.22 checking if libtool supports shared libraries... yes
#20 35.22 checking whether to build shared libraries... no
#20 35.22 checking whether to build static libraries... yes
#20 35.23 checking how to run the C++ preprocessor... clang++ -E
#20 35.52 checking for ld used by clang++... /usr/bin/ld -m elf_x86_64
#20 35.54 checking if the linker (/usr/bin/ld -m elf_x86_64) is GNU ld... yes
#20 35.56 checking whether the clang++ linker (/usr/bin/ld -m elf_x86_64) supports shared libraries... yes
#20 35.71 checking for clang++ option to produce PIC... -fPIC -DPIC
#20 35.71 checking if clang++ PIC flag -fPIC -DPIC works... yes
#20 35.74 checking if clang++ static flag -static works... yes
#20 35.96 checking if clang++ supports -c -o file.o... yes
#20 36.01 checking if clang++ supports -c -o file.o... (cached) yes
#20 36.01 checking whether the clang++ linker (/usr/bin/ld -m elf_x86_64) supports shared libraries... yes
#20 36.01 checking dynamic linker characteristics... (cached) GNU/Linux ld.so
#20 36.02 checking how to hardcode library paths into programs... immediate
#20 36.02 checking for library containing dlopen... none required
#20 36.14 checking for dlerror... yes
#20 36.27 checking for shl_load... no
#20 36.40 checking for shl_load in -ldld... no
#20 36.48 checking for dld_link in -ldld... no
#20 36.56 checking for pkg-config... /usr/bin/pkg-config
#20 36.57 checking pkg-config is at least version 0.9.0... yes
#20 36.57 checking for strndup... yes
#20 36.71 checking for reallocarray... yes
#20 36.84 checking for CRYPTO... yes
#20 36.86 checking for EVP_sm3 in -lcrypto... yes
#20 37.02 checking for JSONC... no
#20 37.04 configure: error: Package requirements (json-c) were not met:
#20 37.04 
#20 37.04 No package 'json-c' found
#20 37.04 
#20 37.04 Consider adjusting the PKG_CONFIG_PATH environment variable if you
#20 37.04 installed software in a non-standard prefix.
#20 37.04 
#20 37.04 Alternatively, you may set the environment variables JSONC_CFLAGS
#20 37.04 and JSONC_LIBS to avoid the need to call pkg-config.
#20 37.04 See the pkg-config man page for more details.
#20 37.14 Traceback (most recent call last):
#20 37.14   File "<string>", line 1, in <module>
#20 37.14   File "/src/fuzzers/afl/fuzzer.py", line 40, in build
#20 37.14     utils.build_benchmark()
#20 37.14   File "/src/fuzzers/utils.py", line 82, in build_benchmark
#20 37.14     subprocess.check_call(['/bin/bash', '-ex', build_script], env=env)
#20 37.14   File "/usr/local/lib/python3.8/subprocess.py", line 364, in check_call
#20 37.14     raise CalledProcessError(retcode, cmd)
#20 37.14 subprocess.CalledProcessError: Command '['/bin/bash', '-ex', '/src/build.sh']' returned non-zero exit status 1.
#20 ERROR: executor failed running [/bin/sh -c echo "Run fuzzer_build to build the target" && if [ -z "$debug_builder" ] ; then fuzzer_build; fi]: exit code: 1
------
 > importing cache manifest from gcr.io/fuzzbench/builders/afl/tpm2-tss_tpm2-tss:
------
------
 > [stage-1 13/13] RUN echo "Run fuzzer_build to build the target" && if [ -z "$debug_builder" ] ; then fuzzer_build; fi:
------
executor failed running [/bin/sh -c echo "Run fuzzer_build to build the target" && if [ -z "$debug_builder" ] ; then fuzzer_build; fi]: exit code: 1
make: *** [docker/generated.mk:2721268: .afl-tpm2-tss_tpm2-tss-builder] Error 1
