WARNING:root:gcloud not found in PATH.
INFO:root:Successfully integrated benchmark: dav1d_dav1d.
INFO:root:Please run "make test-run-afl-dav1d_dav1d" to test integration.
#1 [internal] load build definition from Dockerfile
#1 sha256:711b1fbf2d080e6944ac4b4016bf1a21978d33e0b19d4fe1229b4ab80e6fcd3c
#1 transferring dockerfile: 1.24kB done
#1 DONE 0.6s

#2 [internal] load .dockerignore
#2 sha256:e3219360ae3d484aa31cffc6bd9522832afdc479a193dfb88b2ac310c60585d2
#2 transferring context: 2B done
#2 DONE 0.7s

#3 [internal] load metadata for gcr.io/oss-fuzz-base/base-builder:latest
#3 sha256:f10dc39cc9d418a5bc416dead31a1902b6821fdae909cd3b08f7a3fd1faba7b5
#3 DONE 0.4s

#6 [internal] load build context
#6 sha256:65c0f4cb0eddb79ef6df4899846c131ae57a4947878228874a78d8ae5f03d174
#6 DONE 0.0s

#5 [1/9] FROM gcr.io/oss-fuzz-base/base-builder@sha256:41d7bbe7827592680a606c9bba1aeb6e23c7502ce8b633923b06542f4c706e7c
#5 sha256:660db69324ed478291dd329cbbfe422dccbc173f9ab806c069fac341073eab8c
#5 DONE 0.0s

#4 importing cache manifest from gcr.io/fuzzbench/builders/benchmark/dav1d_dav1d
#4 sha256:c640aed998096b9c705415b1977b0c71ad77d1e8e0906e3ac6ad0b2e1315b358
#4 ERROR: gcr.io/fuzzbench/builders/benchmark/dav1d_dav1d:latest: not found

#5 [1/9] FROM gcr.io/oss-fuzz-base/base-builder@sha256:41d7bbe7827592680a606c9bba1aeb6e23c7502ce8b633923b06542f4c706e7c
#5 sha256:660db69324ed478291dd329cbbfe422dccbc173f9ab806c069fac341073eab8c
#5 CACHED

#6 [internal] load build context
#6 sha256:65c0f4cb0eddb79ef6df4899846c131ae57a4947878228874a78d8ae5f03d174
#6 transferring context: 1.78kB done
#6 DONE 0.1s

#7 [2/9] ADD bionic.list /etc/apt/sources.list.d/bionic.list
#7 sha256:89f8e2bda8d4842c372bbe4168fd92741f2cb931d3759e6893ae82e2ca9d4a2e
#7 DONE 0.4s

#8 [3/9] ADD nasm_apt.pin /etc/apt/preferences
#8 sha256:6e690885b05247f68c9495b73aeb20d40fdf5bba4883f99a951b0c8b120c736a
#8 DONE 0.4s

#9 [4/9] RUN apt-get update && apt-get install -y curl python3-pip nasm &&     pip3 install meson ninja
#9 sha256:a2884799a9f6714a50af3f7dc40995884f06cc778ee8956e83481ac26311f767
#9 0.730 Hit:1 http://archive.ubuntu.com/ubuntu focal InRelease
#9 0.730 Get:2 http://archive.ubuntu.com/ubuntu focal-updates InRelease [114 kB]
#9 0.730 Hit:3 http://ppa.launchpad.net/git-core/ppa/ubuntu focal InRelease
#9 0.811 Get:4 http://archive.ubuntu.com/ubuntu focal-backports InRelease [108 kB]
#9 0.832 Get:5 http://security.ubuntu.com/ubuntu focal-security InRelease [114 kB]
#9 0.846 Get:6 http://archive.ubuntu.com/ubuntu bionic InRelease [242 kB]
#9 1.261 Get:7 http://archive.ubuntu.com/ubuntu focal-updates/main amd64 Packages [1984 kB]
#9 1.443 Get:8 http://archive.ubuntu.com/ubuntu focal-updates/universe amd64 Packages [1135 kB]
#9 1.527 Get:9 http://archive.ubuntu.com/ubuntu focal-updates/universe i386 Packages [828 kB]
#9 1.588 Get:10 http://archive.ubuntu.com/ubuntu focal-updates/main i386 Packages [755 kB]
#9 1.644 Get:11 http://archive.ubuntu.com/ubuntu focal-updates/restricted amd64 Packages [1042 kB]
#9 1.721 Get:12 http://archive.ubuntu.com/ubuntu bionic/universe i386 Packages [11.3 MB]
#9 1.763 Get:13 http://security.ubuntu.com/ubuntu focal-security/main i386 Packages [467 kB]
#9 2.188 Get:14 http://security.ubuntu.com/ubuntu focal-security/universe amd64 Packages [841 kB]
#9 2.398 Get:15 http://security.ubuntu.com/ubuntu focal-security/universe i386 Packages [657 kB]
#9 2.516 Get:16 http://security.ubuntu.com/ubuntu focal-security/main amd64 Packages [1557 kB]
#9 2.723 Get:17 http://security.ubuntu.com/ubuntu focal-security/restricted amd64 Packages [974 kB]
#9 2.900 Get:18 http://archive.ubuntu.com/ubuntu bionic/universe amd64 Packages [11.3 MB]
#9 4.826 Fetched 33.4 MB in 4s (8264 kB/s)
#9 4.826 Reading package lists...
#9 7.670 Reading package lists...
#9 10.41 Building dependency tree...
#9 10.83 Reading state information...
#9 11.18 curl is already the newest version (7.68.0-1ubuntu2.7).
#9 11.18 The following additional packages will be installed:
#9 11.18   libexpat1-dev libpython3-dev libpython3.8 libpython3.8-dev python-pip-whl
#9 11.18   python3-dev python3-distutils python3-lib2to3 python3-setuptools
#9 11.18   python3-wheel python3.8-dev zlib1g-dev
#9 11.18 Suggested packages:
#9 11.18   python-setuptools-doc
#9 11.79 The following NEW packages will be installed:
#9 11.79   libexpat1-dev libpython3-dev libpython3.8 libpython3.8-dev nasm
#9 11.79   python-pip-whl python3-dev python3-distutils python3-lib2to3 python3-pip
#9 11.79   python3-setuptools python3-wheel python3.8-dev zlib1g-dev
#9 11.91 0 upgraded, 14 newly installed, 0 to remove and 1 not upgraded.
#9 11.91 Need to get 9331 kB of archives.
#9 11.91 After this operation, 37.5 MB of additional disk space will be used.
#9 11.91 Get:1 http://archive.ubuntu.com/ubuntu focal/main amd64 libexpat1-dev amd64 2.2.9-1build1 [116 kB]
#9 12.11 Get:2 http://archive.ubuntu.com/ubuntu focal-updates/main amd64 libpython3.8 amd64 3.8.10-0ubuntu1~20.04.2 [1625 kB]
#9 12.26 Get:3 http://archive.ubuntu.com/ubuntu focal-updates/main amd64 libpython3.8-dev amd64 3.8.10-0ubuntu1~20.04.2 [3950 kB]
#9 12.56 Get:4 http://archive.ubuntu.com/ubuntu focal/main amd64 libpython3-dev amd64 3.8.2-0ubuntu2 [7236 B]
#9 12.56 Get:5 http://archive.ubuntu.com/ubuntu bionic/universe amd64 nasm amd64 2.13.02-0.1 [359 kB]
#9 12.59 Get:6 http://archive.ubuntu.com/ubuntu focal-updates/universe amd64 python-pip-whl all 20.0.2-5ubuntu1.6 [1805 kB]
#9 12.72 Get:7 http://archive.ubuntu.com/ubuntu focal-updates/main amd64 zlib1g-dev amd64 1:1.2.11.dfsg-2ubuntu1.2 [155 kB]
#9 12.73 Get:8 http://archive.ubuntu.com/ubuntu focal-updates/main amd64 python3.8-dev amd64 3.8.10-0ubuntu1~20.04.2 [510 kB]
#9 12.77 Get:9 http://archive.ubuntu.com/ubuntu focal-updates/main amd64 python3-lib2to3 all 3.8.10-0ubuntu1~20.04 [76.3 kB]
#9 12.77 Get:10 http://archive.ubuntu.com/ubuntu focal-updates/main amd64 python3-distutils all 3.8.10-0ubuntu1~20.04 [141 kB]
#9 12.79 Get:11 http://archive.ubuntu.com/ubuntu focal/main amd64 python3-dev amd64 3.8.2-0ubuntu2 [1212 B]
#9 12.79 Get:12 http://archive.ubuntu.com/ubuntu focal/main amd64 python3-setuptools all 45.2.0-1 [330 kB]
#9 12.81 Get:13 http://archive.ubuntu.com/ubuntu focal/universe amd64 python3-wheel all 0.34.2-1 [23.8 kB]
#9 12.81 Get:14 http://archive.ubuntu.com/ubuntu focal-updates/universe amd64 python3-pip all 20.0.2-5ubuntu1.6 [231 kB]
#9 13.78 debconf: delaying package configuration, since apt-utils is not installed
#9 14.20 Fetched 9331 kB in 1s (9191 kB/s)
#9 14.70 Selecting previously unselected package libexpat1-dev:amd64.
#9 14.70 (Reading database ... (Reading database ... 5%(Reading database ... 10%(Reading database ... 15%(Reading database ... 20%(Reading database ... 25%(Reading database ... 30%(Reading database ... 35%(Reading database ... 40%(Reading database ... 45%(Reading database ... 50%(Reading database ... 55%(Reading database ... 60%(Reading database ... 65%(Reading database ... 70%(Reading database ... 75%(Reading database ... 80%(Reading database ... 85%(Reading database ... 90%(Reading database ... 95%(Reading database ... 100%(Reading database ... 21291 files and directories currently installed.)
#9 14.73 Preparing to unpack .../00-libexpat1-dev_2.2.9-1build1_amd64.deb ...
#9 14.76 Unpacking libexpat1-dev:amd64 (2.2.9-1build1) ...
#9 14.96 Selecting previously unselected package libpython3.8:amd64.
#9 14.96 Preparing to unpack .../01-libpython3.8_3.8.10-0ubuntu1~20.04.2_amd64.deb ...
#9 15.00 Unpacking libpython3.8:amd64 (3.8.10-0ubuntu1~20.04.2) ...
#9 15.30 Selecting previously unselected package libpython3.8-dev:amd64.
#9 15.31 Preparing to unpack .../02-libpython3.8-dev_3.8.10-0ubuntu1~20.04.2_amd64.deb ...
#9 15.33 Unpacking libpython3.8-dev:amd64 (3.8.10-0ubuntu1~20.04.2) ...
#9 15.86 Selecting previously unselected package libpython3-dev:amd64.
#9 15.87 Preparing to unpack .../03-libpython3-dev_3.8.2-0ubuntu2_amd64.deb ...
#9 15.88 Unpacking libpython3-dev:amd64 (3.8.2-0ubuntu2) ...
#9 16.03 Selecting previously unselected package nasm.
#9 16.04 Preparing to unpack .../04-nasm_2.13.02-0.1_amd64.deb ...
#9 16.06 Unpacking nasm (2.13.02-0.1) ...
#9 16.22 Selecting previously unselected package python-pip-whl.
#9 16.22 Preparing to unpack .../05-python-pip-whl_20.0.2-5ubuntu1.6_all.deb ...
#9 16.24 Unpacking python-pip-whl (20.0.2-5ubuntu1.6) ...
#9 16.71 Selecting previously unselected package zlib1g-dev:amd64.
#9 16.71 Preparing to unpack .../06-zlib1g-dev_1%3a1.2.11.dfsg-2ubuntu1.2_amd64.deb ...
#9 16.73 Unpacking zlib1g-dev:amd64 (1:1.2.11.dfsg-2ubuntu1.2) ...
#9 16.92 Selecting previously unselected package python3.8-dev.
#9 16.92 Preparing to unpack .../07-python3.8-dev_3.8.10-0ubuntu1~20.04.2_amd64.deb ...
#9 16.94 Unpacking python3.8-dev (3.8.10-0ubuntu1~20.04.2) ...
#9 17.10 Selecting previously unselected package python3-lib2to3.
#9 17.10 Preparing to unpack .../08-python3-lib2to3_3.8.10-0ubuntu1~20.04_all.deb ...
#9 17.12 Unpacking python3-lib2to3 (3.8.10-0ubuntu1~20.04) ...
#9 17.29 Selecting previously unselected package python3-distutils.
#9 17.29 Preparing to unpack .../09-python3-distutils_3.8.10-0ubuntu1~20.04_all.deb ...
#9 17.31 Unpacking python3-distutils (3.8.10-0ubuntu1~20.04) ...
#9 17.46 Selecting previously unselected package python3-dev.
#9 17.47 Preparing to unpack .../10-python3-dev_3.8.2-0ubuntu2_amd64.deb ...
#9 17.48 Unpacking python3-dev (3.8.2-0ubuntu2) ...
#9 17.61 Selecting previously unselected package python3-setuptools.
#9 17.62 Preparing to unpack .../11-python3-setuptools_45.2.0-1_all.deb ...
#9 17.63 Unpacking python3-setuptools (45.2.0-1) ...
#9 17.81 Selecting previously unselected package python3-wheel.
#9 17.81 Preparing to unpack .../12-python3-wheel_0.34.2-1_all.deb ...
#9 17.83 Unpacking python3-wheel (0.34.2-1) ...
#9 17.96 Selecting previously unselected package python3-pip.
#9 17.97 Preparing to unpack .../13-python3-pip_20.0.2-5ubuntu1.6_all.deb ...
#9 17.98 Unpacking python3-pip (20.0.2-5ubuntu1.6) ...
#9 18.20 Setting up python3-wheel (0.34.2-1) ...
#9 18.46 Setting up libexpat1-dev:amd64 (2.2.9-1build1) ...
#9 18.51 Setting up libpython3.8:amd64 (3.8.10-0ubuntu1~20.04.2) ...
#9 18.55 Setting up nasm (2.13.02-0.1) ...
#9 18.61 Setting up zlib1g-dev:amd64 (1:1.2.11.dfsg-2ubuntu1.2) ...
#9 18.65 Setting up python-pip-whl (20.0.2-5ubuntu1.6) ...
#9 18.70 Setting up python3-lib2to3 (3.8.10-0ubuntu1~20.04) ...
#9 18.89 Setting up python3-distutils (3.8.10-0ubuntu1~20.04) ...
#9 19.12 Setting up python3-setuptools (45.2.0-1) ...
#9 19.58 Setting up libpython3.8-dev:amd64 (3.8.10-0ubuntu1~20.04.2) ...
#9 19.70 Setting up python3-pip (20.0.2-5ubuntu1.6) ...
#9 20.63 Setting up python3.8-dev (3.8.10-0ubuntu1~20.04.2) ...
#9 20.70 Setting up libpython3-dev:amd64 (3.8.2-0ubuntu2) ...
#9 20.74 Setting up python3-dev (3.8.2-0ubuntu2) ...
#9 20.80 Processing triggers for libc-bin (2.31-0ubuntu9.2) ...
#9 21.57 Collecting meson
#9 21.81   Downloading https://files.pythonhosted.org/packages/77/04/8de56b69d805406bf8c1d73934938680cec9d417fa39b4a68833729505a5/meson-0.61.2-py3-none-any.whl (850kB)
#9 22.00 Collecting ninja
#9 22.16   Downloading https://files.pythonhosted.org/packages/52/65/d212822d0f29afecbad20cc3b3f41b8eeb4b47bea728602b8ce0b2d347f5/ninja-1.10.2.3-py2.py3-none-manylinux_2_5_x86_64.manylinux1_x86_64.whl (108kB)
#9 22.23 Installing collected packages: meson, ninja
#9 23.33 Successfully installed meson-0.61.2 ninja-1.10.2.3
#9 23.60 WARNING: You are using pip version 19.2.3, however version 22.0.3 is available.
#9 23.60 You should consider upgrading via the 'pip install --upgrade pip' command.
#9 DONE 24.9s

#10 [5/9] RUN curl --silent -O https://storage.googleapis.com/aom-test-data/fuzzer/dec_fuzzer_seed_corpus.zip
#10 sha256:3096fe6c19c01e49fa97724b351229ce2a52c4794f56404520fff9ce72dd2a2a
#10 DONE 6.3s

#11 [6/9] RUN curl --silent -O https://jannau.net/dav1d_fuzzer_seed_corpus.zip
#11 sha256:ff32567d6abd1c245634607bff62c3b74dded546267ac9823d85c72e024cc95b
#11 DONE 3.6s

#12 [7/9] RUN git clone --depth 1 https://code.videolan.org/videolan/dav1d.git dav1d
#12 sha256:f4721c4e7c27d03481eaf74f28bd65945a69aeebd504914cf871db50b954e86c
#12 0.579 Cloning into 'dav1d'...
#12 DONE 2.4s

#13 [8/9] WORKDIR dav1d
#13 sha256:c6a0e1e6196684f08ba71cc3321a040c2bb18e9cd915048e176c2e23ad2fa258
#13 DONE 0.4s

#14 [9/9] COPY build.sh /src/
#14 sha256:91d832f2df3fa356c52196fa434ef7239899cc5d054e83c0f8e76fd632a71be9
#14 DONE 0.3s

#15 exporting to image
#15 sha256:e8c613e07b0b7ff33893b694f7759a10d42e180f2b4dc349fb57dc6b71dcab00
#15 exporting layers done
#15 writing image sha256:741abe7d1c0e96225faf388063e7673f4f283fa51e4a8e9e5c5b8db5cd123ccd
#15 writing image sha256:741abe7d1c0e96225faf388063e7673f4f283fa51e4a8e9e5c5b8db5cd123ccd done
#15 naming to gcr.io/fuzzbench/builders/benchmark/dav1d_dav1d done
#15 DONE 0.2s

#16 exporting cache
#16 sha256:2700d4ef94dee473593c5c614b55b2dedcca7893909811a8f2b48291a1f581e4
#16 preparing build cache for export done
#16 DONE 0.0s
------
 > importing cache manifest from gcr.io/fuzzbench/builders/benchmark/dav1d_dav1d:
------
#1 [internal] load build definition from builder.Dockerfile
#1 sha256:9e31f29d0978978e9f18102a192e9c5cc6696430603d53ee39f23991cb77e277
#1 transferring dockerfile: 46B done
#1 DONE 0.0s

#2 [internal] load .dockerignore
#2 sha256:e18889e0843c685dbeac42112e57a13de8ca102d2b7feccbd8c9eb489de2095e
#2 transferring context: 2B done
#2 DONE 0.1s

#3 [internal] load metadata for gcr.io/fuzzbench/builders/benchmark/dav1d_dav1d:latest
#3 sha256:57d6a15040b6c53c76ab0ecea70b129899c2c404c046f308baa619e67a7b5381
#3 DONE 0.0s

#5 [1/3] FROM gcr.io/fuzzbench/builders/benchmark/dav1d_dav1d
#5 sha256:b0a866b7bf802c5cb5e0f9613d542105dd25d50b475787231b1dbe9573c5a158
#5 DONE 0.0s

#4 importing cache manifest from gcr.io/fuzzbench/builders/afl/dav1d_dav1d-intermediate
#4 sha256:05b99d21cb128b924317cc6fab002b955b8f84da649d9de8b2799afc133cd104
#4 ERROR: gcr.io/fuzzbench/builders/afl/dav1d_dav1d-intermediate:latest: not found

#5 [1/3] FROM gcr.io/fuzzbench/builders/benchmark/dav1d_dav1d
#5 sha256:b0a866b7bf802c5cb5e0f9613d542105dd25d50b475787231b1dbe9573c5a158
#5 DONE 1.5s

#6 [2/3] RUN git clone https://github.com/google/AFL.git /afl &&     cd /afl &&     git checkout 61037103ae3722c8060ff7082994836a794f978e &&     AFL_NO_X86=1 make
#6 sha256:11f8f452b974104e2ddc2f76b4c36fa456ec57bbb3037705bf780e318100beba
#6 0.369 Cloning into '/afl'...
#6 1.154 Note: switching to '61037103ae3722c8060ff7082994836a794f978e'.
#6 1.154 
#6 1.154 You are in 'detached HEAD' state. You can look around, make experimental
#6 1.154 changes and commit them, and you can discard any commits you make in this
#6 1.154 state without impacting any branches by switching back to a branch.
#6 1.154 
#6 1.154 If you want to create a new branch to retain commits you create, you may
#6 1.154 do so (now or later) by using -c with the switch command. Example:
#6 1.154 
#6 1.154   git switch -c <new-branch-name>
#6 1.154 
#6 1.154 Or undo this operation with:
#6 1.154 
#6 1.154   git switch -
#6 1.154 
#6 1.154 Turn off this advice by setting config variable advice.detachedHead to false
#6 1.154 
#6 1.154 HEAD is now at 6103710 Fix a typo filename comparison in the fuzzer (#139)
#6 1.227 [!] Note: skipping x86 compilation checks (AFL_NO_X86 set).
#6 1.227 clang -O1 -fno-omit-frame-pointer -gline-tables-only -DFUZZING_BUILD_MODE_UNSAFE_FOR_PRODUCTION -Wall -D_FORTIFY_SOURCE=2 -g -Wno-pointer-sign -DAFL_PATH=\"/usr/local/lib/afl\" -DDOC_PATH=\"/usr/local/share/doc/afl\" -DBIN_PATH=\"/usr/local/bin\" afl-gcc.c -o afl-gcc -ldl
#6 1.416 set -e; for i in afl-g++ afl-clang afl-clang++; do ln -sf afl-gcc $i; done
#6 1.428 clang -O1 -fno-omit-frame-pointer -gline-tables-only -DFUZZING_BUILD_MODE_UNSAFE_FOR_PRODUCTION -Wall -D_FORTIFY_SOURCE=2 -g -Wno-pointer-sign -DAFL_PATH=\"/usr/local/lib/afl\" -DDOC_PATH=\"/usr/local/share/doc/afl\" -DBIN_PATH=\"/usr/local/bin\" afl-fuzz.c -o afl-fuzz -ldl
#6 3.803 clang -O1 -fno-omit-frame-pointer -gline-tables-only -DFUZZING_BUILD_MODE_UNSAFE_FOR_PRODUCTION -Wall -D_FORTIFY_SOURCE=2 -g -Wno-pointer-sign -DAFL_PATH=\"/usr/local/lib/afl\" -DDOC_PATH=\"/usr/local/share/doc/afl\" -DBIN_PATH=\"/usr/local/bin\" afl-showmap.c -o afl-showmap -ldl
#6 4.120 clang -O1 -fno-omit-frame-pointer -gline-tables-only -DFUZZING_BUILD_MODE_UNSAFE_FOR_PRODUCTION -Wall -D_FORTIFY_SOURCE=2 -g -Wno-pointer-sign -DAFL_PATH=\"/usr/local/lib/afl\" -DDOC_PATH=\"/usr/local/share/doc/afl\" -DBIN_PATH=\"/usr/local/bin\" afl-tmin.c -o afl-tmin -ldl
#6 4.545 clang -O1 -fno-omit-frame-pointer -gline-tables-only -DFUZZING_BUILD_MODE_UNSAFE_FOR_PRODUCTION -Wall -D_FORTIFY_SOURCE=2 -g -Wno-pointer-sign -DAFL_PATH=\"/usr/local/lib/afl\" -DDOC_PATH=\"/usr/local/share/doc/afl\" -DBIN_PATH=\"/usr/local/bin\" afl-gotcpu.c -o afl-gotcpu -ldl
#6 4.692 clang -O1 -fno-omit-frame-pointer -gline-tables-only -DFUZZING_BUILD_MODE_UNSAFE_FOR_PRODUCTION -Wall -D_FORTIFY_SOURCE=2 -g -Wno-pointer-sign -DAFL_PATH=\"/usr/local/lib/afl\" -DDOC_PATH=\"/usr/local/share/doc/afl\" -DBIN_PATH=\"/usr/local/bin\" afl-analyze.c -o afl-analyze -ldl
#6 5.086 clang -O1 -fno-omit-frame-pointer -gline-tables-only -DFUZZING_BUILD_MODE_UNSAFE_FOR_PRODUCTION -Wall -D_FORTIFY_SOURCE=2 -g -Wno-pointer-sign -DAFL_PATH=\"/usr/local/lib/afl\" -DDOC_PATH=\"/usr/local/share/doc/afl\" -DBIN_PATH=\"/usr/local/bin\" afl-as.c -o afl-as -ldl
#6 5.325 ln -sf afl-as as
#6 5.328 [!] Note: skipping build tests (you may need to use LLVM or QEMU mode).
#6 5.330 [+] LLVM users: see llvm_mode/README.llvm for a faster alternative to afl-gcc.
#6 5.331 [+] All done! Be sure to review README - it's pretty short and useful.
#6 DONE 5.8s

#7 [3/3] RUN apt-get update &&     apt-get install wget -y &&     wget https://raw.githubusercontent.com/llvm/llvm-project/5feb80e748924606531ba28c97fe65145c65372e/compiler-rt/lib/fuzzer/afl/afl_driver.cpp -O /afl/afl_driver.cpp &&     clang -Wno-pointer-sign -c /afl/llvm_mode/afl-llvm-rt.o.c -I/afl &&     clang++ -stdlib=libc++ -std=c++11 -O2 -c /afl/afl_driver.cpp &&     ar r /libAFL.a *.o
#7 sha256:2adef0f38d24174f479aaa7fb0be85630fa116672641266bb000b0bdd9ded932
#7 0.782 Hit:1 http://ppa.launchpad.net/git-core/ppa/ubuntu focal InRelease
#7 0.782 Hit:2 http://archive.ubuntu.com/ubuntu focal InRelease
#7 0.782 Hit:3 http://archive.ubuntu.com/ubuntu focal-updates InRelease
#7 0.782 Hit:4 http://security.ubuntu.com/ubuntu focal-security InRelease
#7 0.796 Hit:5 http://archive.ubuntu.com/ubuntu focal-backports InRelease
#7 0.821 Hit:6 http://archive.ubuntu.com/ubuntu bionic InRelease
#7 1.901 Reading package lists...
#7 4.730 Reading package lists...
#7 7.419 Building dependency tree...
#7 7.841 Reading state information...
#7 8.256 wget is already the newest version (1.20.3-1ubuntu2).
#7 8.256 0 upgraded, 0 newly installed, 0 to remove and 1 not upgraded.
#7 8.265 --2022-02-18 00:40:08--  https://raw.githubusercontent.com/llvm/llvm-project/5feb80e748924606531ba28c97fe65145c65372e/compiler-rt/lib/fuzzer/afl/afl_driver.cpp
#7 8.268 Resolving raw.githubusercontent.com (raw.githubusercontent.com)... 185.199.111.133, 185.199.108.133, 185.199.109.133, ...
#7 8.270 Connecting to raw.githubusercontent.com (raw.githubusercontent.com)|185.199.111.133|:443... connected.
#7 8.292 HTTP request sent, awaiting response... 200 OK
#7 8.312 Length: 9177 (9.0K) [text/plain]
#7 8.312 Saving to: '/afl/afl_driver.cpp'
#7 8.312 
#7 8.312      0K ........                                              100% 10.2M=0.001s
#7 8.313 
#7 8.313 2022-02-18 00:40:08 (10.2 MB/s) - '/afl/afl_driver.cpp' saved [9177/9177]
#7 8.313 
#7 10.08 ar: creating /libAFL.a
#7 DONE 11.2s

#8 exporting to image
#8 sha256:e8c613e07b0b7ff33893b694f7759a10d42e180f2b4dc349fb57dc6b71dcab00
#8 exporting layers done
#8 writing image sha256:3e0713f7e11b9c2597ddd23ca9d189f2662e910c532e4cb94d137d9111112261 done
#8 naming to gcr.io/fuzzbench/builders/afl/dav1d_dav1d-intermediate done
#8 DONE 0.2s

#9 exporting cache
#9 sha256:2700d4ef94dee473593c5c614b55b2dedcca7893909811a8f2b48291a1f581e4
#9 preparing build cache for export done
#9 DONE 0.0s
------
 > importing cache manifest from gcr.io/fuzzbench/builders/afl/dav1d_dav1d-intermediate:
------
#1 [internal] load build definition from Dockerfile
#1 sha256:11130d6e4e629a730ffd461b6e33aa440f5f96d2c4fc1655ff1791866509c2de
#1 transferring dockerfile: 2.00kB done
#1 DONE 0.0s

#2 [internal] load .dockerignore
#2 sha256:0bd4424cb03853d3465d5b10115cf1abd1e70bcb681339a0fc77996c644f72bd
#2 transferring context: 34B done
#2 DONE 0.1s

#3 [internal] load metadata for docker.io/library/ubuntu:xenial
#3 sha256:f62bae18ed588840f045c881b2502661f2a89578a2f8f99b83f5200ee83dd25b
#3 DONE 0.0s

#5 [1/7] FROM docker.io/library/ubuntu:xenial
#5 sha256:14dd403f25ae9e519bd44f27dc17af7ce80f5a4f9f48ca88108364e67ec5d360
#5 DONE 0.0s

#4 importing cache manifest from gcr.io/fuzzbench/base-image
#4 sha256:9b220ebb4d4daceed1b96df9b6dca076e762f1cd612574f010b82d5b9e5ad896
#4 DONE 0.0s

#8 [internal] load build context
#8 sha256:a7e7182ba09ae38bd0bfde2fa25fa910205cb4e98915ae9aa62aad2e3c89f726
#8 transferring context: 559B 0.0s done
#8 DONE 0.1s

#6 [2/7] RUN apt-get update -y && apt-get install -y     build-essential     rsync     curl     zlib1g-dev     libncurses5-dev     libgdbm-dev     libnss3-dev     libssl-dev     libreadline-dev     libffi-dev     virtualenv     libbz2-dev     liblzma-dev     libsqlite3-dev
#6 sha256:3a1b0960f17eed529eaae93dc8fd3554f2743dd584d8fa569cdbe6bc734371ac
#6 CACHED

#7 [3/7] RUN cd /tmp/ &&     curl -O https://www.python.org/ftp/python/3.8.6/Python-3.8.6.tar.xz &&     tar -xvf Python-3.8.6.tar.xz &&     cd Python-3.8.6 &&     ./configure --enable-loadable-sqlite-extensions --enable-optimizations &&     make -j install &&     rm -r /tmp/Python-3.8.6.tar.xz /tmp/Python-3.8.6
#7 sha256:c5b9d1fb3371e84dbc60b76e7b2f8d5913bc93bcd4910ab65daa03e7b2ec4bb0
#7 CACHED

#9 [4/7] COPY ./requirements.txt /
#9 sha256:0c949ddc61f1b9a0c7659055baa9214277ad8218686290b949ecfb1a691f1b48
#9 CACHED

#10 [5/7] RUN pip3 install -r /requirements.txt
#10 sha256:40fcf791905d41915ccb3b9e4dad8deead708c9f7323ac8b7014a3cf0e321e06
#10 CACHED

#11 [6/7] RUN apt-get update -y && apt-get install -y     apt-transport-https     lsb-release
#11 sha256:a267dba883b9b589e51b9eb6c95cdf2f0746952f450d5f0f5d4c018f3a7aebf7
#11 CACHED

#12 [7/7] RUN CLOUD_SDK_REPO="cloud-sdk-$(lsb_release -c -s)" &&     echo "deb https://packages.cloud.google.com/apt $CLOUD_SDK_REPO main"     | tee -a /etc/apt/sources.list.d/google-cloud-sdk.list &&     curl https://packages.cloud.google.com/apt/doc/apt-key.gpg     | apt-key add - &&     apt-get update -y &&     apt-get install -y google-cloud-sdk
#12 sha256:3004ce9790fe35cc04ab0641bd0d7a935083e18756490eb4cacdcc377f26f114
#12 CACHED

#13 exporting to image
#13 sha256:e8c613e07b0b7ff33893b694f7759a10d42e180f2b4dc349fb57dc6b71dcab00
#13 exporting layers done
#13 writing image sha256:b63d9e35e1d27432ba62a0e358b3878140f549eb12be87f86addae674564f405 0.0s done
#13 naming to gcr.io/fuzzbench/base-image done
#13 DONE 0.1s

#14 exporting cache
#14 sha256:2700d4ef94dee473593c5c614b55b2dedcca7893909811a8f2b48291a1f581e4
#14 preparing build cache for export done
#14 DONE 0.0s
#1 [internal] load build definition from Dockerfile
#1 sha256:8ce824294a678f9574eedbeebdd1612fc873dcb7482f4d77a9d6a931b3463d49
#1 transferring dockerfile: 2.22kB done
#1 DONE 0.0s

#2 [internal] load .dockerignore
#2 sha256:0e4f40e9ed70ec74870b36f3746baec2d91f1da576a8f79b5bd286c70f2bb74c
#2 transferring context: 34B done
#2 DONE 0.1s

#4 [internal] load metadata for gcr.io/fuzzbench/base-image:latest
#4 sha256:932022888f650cc455b10eb5123bb08c0cccacac29a693e69314abbfd28a72c3
#4 DONE 0.0s

#3 [internal] load metadata for gcr.io/fuzzbench/builders/afl/dav1d_dav1d-intermediate:latest
#3 sha256:110e33c5c9814bc2bdc1a8ee347435606e012bac0987ec8b2d44e606c69e6ff5
#3 DONE 0.0s

#12 [internal] load build context
#12 sha256:3212b0376af4f38ff597a81fa65af9f2b1fd3bcce44317d3eace2c41f06c9e9c
#12 DONE 0.0s

#7 [base-image 1/1] FROM gcr.io/fuzzbench/base-image
#7 sha256:4d07825694520f8b6f6a0d8592dbd345433361ae044cb7f06706c5a95e3daaad
#7 DONE 0.0s

#6 [stage-1  1/13] FROM gcr.io/fuzzbench/builders/afl/dav1d_dav1d-intermediate
#6 sha256:cd02d1dfc97d5dc9bfec05f55b79fda2b7fabadb27618529db7ba6b19ef72f47
#6 DONE 0.0s

#5 importing cache manifest from gcr.io/fuzzbench/builders/afl/dav1d_dav1d
#5 sha256:effd565d51da3ed542be14185db9ae016193d119fb47d2ce6eb14c21d7ad4184
#5 ERROR: gcr.io/fuzzbench/builders/afl/dav1d_dav1d:latest: not found

#7 [base-image 1/1] FROM gcr.io/fuzzbench/base-image
#7 sha256:4d07825694520f8b6f6a0d8592dbd345433361ae044cb7f06706c5a95e3daaad
#7 CACHED

#6 [stage-1  1/13] FROM gcr.io/fuzzbench/builders/afl/dav1d_dav1d-intermediate
#6 sha256:cd02d1dfc97d5dc9bfec05f55b79fda2b7fabadb27618529db7ba6b19ef72f47
#6 ...

#12 [internal] load build context
#12 sha256:3212b0376af4f38ff597a81fa65af9f2b1fd3bcce44317d3eace2c41f06c9e9c
#12 transferring context: 669.86kB 0.1s done
#12 DONE 0.3s

#6 [stage-1  1/13] FROM gcr.io/fuzzbench/builders/afl/dav1d_dav1d-intermediate
#6 sha256:cd02d1dfc97d5dc9bfec05f55b79fda2b7fabadb27618529db7ba6b19ef72f47
#6 DONE 0.8s

#8 [stage-1  2/13] COPY --from=base-image /usr/local/bin/python3* /usr/local/bin/
#8 sha256:876bd91b7dcbe154d1532e08b043059defe613e598d1b0c6cbfd9ce35e766889
#8 DONE 0.6s

#9 [stage-1  3/13] COPY --from=base-image /usr/local/lib/python3.8 /usr/local/lib/python3.8
#9 sha256:3bfec326d73c3f8c0314df14adb930ef35d33549d5707a9aa492462372a099db
#9 DONE 30.6s

#10 [stage-1  4/13] COPY --from=base-image /usr/local/include/python3.8 /usr/local/include/python3.8
#10 sha256:e8309c63dbcd0e400ad17b19eb8e8f06013a9d38af39e4c1a78ec2608a033917
#10 DONE 0.5s

#11 [stage-1  5/13] COPY --from=base-image /usr/local/lib/python3.8/site-packages /usr/local/lib/python3.8/site-packages
#11 sha256:6810a33eae0e37e1077aa8a66b39572c34a5cecb6c40264ad3d6a0e3abb2390a
#11 DONE 37.7s

#13 [stage-1  6/13] COPY fuzzers /src/fuzzers
#13 sha256:47e12ac32f34ebbb47af7ab2f4661bf1ad4b45132e1535ba5d2d3cec2b4bf3ff
#13 DONE 0.4s

#14 [stage-1  7/13] RUN touch /src/__init__.py
#14 sha256:bf1c325fb6275c44d3390de3d758d54d23c25290aeea114ec4c0fc13ad66b2d8
#14 DONE 0.7s

#15 [stage-1  8/13] COPY benchmarks/dav1d_dav1d/benchmark.yaml /
#15 sha256:f19308afd88ed3e9467766d1ed59cdcb0363096b424d549b2f621a51b607f8fd
#15 DONE 0.4s

#16 [stage-1  9/13] RUN mkdir /opt/fuzzbench/
#16 sha256:be2439678ee6fa0709f9f877319573f343de4406c10b59c922306a77445859c7
#16 DONE 0.6s

#17 [stage-1 10/13] COPY docker/benchmark-builder/checkout_commit.py /opt/fuzzbench/
#17 sha256:765f34e7b53c1b52312eee77e89291e0dbd9f741113b216ee147531d11be5bc0
#17 DONE 0.3s

#18 [stage-1 11/13] RUN export CHECKOUT_COMMIT=$(cat /benchmark.yaml | tr -d ' ' | grep 'commit:' | cut -d ':' -f2) &&     python3 -u /opt/fuzzbench/checkout_commit.py $CHECKOUT_COMMIT /src
#18 sha256:34182160257e695c623111326ee322f03d36b4d554b43a1979be8090f48e7904
#18 0.567 Checking out commit a1a80dd3
#18 3.763 From https://code.videolan.org/videolan/dav1d
#18 3.763  * [new tag]         0.1.0      -> 0.1.0
#18 3.764  * [new tag]         0.2.0      -> 0.2.0
#18 3.764  * [new tag]         0.2.1      -> 0.2.1
#18 3.764  * [new tag]         0.2.2      -> 0.2.2
#18 3.765  * [new tag]         0.3.0      -> 0.3.0
#18 3.765  * [new tag]         0.3.1      -> 0.3.1
#18 3.765  * [new tag]         0.4.0      -> 0.4.0
#18 3.765  * [new tag]         0.5.0      -> 0.5.0
#18 3.766  * [new tag]         0.5.1      -> 0.5.1
#18 3.766  * [new tag]         0.5.2      -> 0.5.2
#18 3.766  * [new tag]         0.6.0      -> 0.6.0
#18 3.766  * [new tag]         0.7.0      -> 0.7.0
#18 3.767  * [new tag]         0.7.1      -> 0.7.1
#18 3.767  * [new tag]         0.8.0      -> 0.8.0
#18 3.767  * [new tag]         0.8.1      -> 0.8.1
#18 3.767  * [new tag]         0.8.2      -> 0.8.2
#18 3.768  * [new tag]         0.9.0      -> 0.9.0
#18 3.768  * [new tag]         0.9.1      -> 0.9.1
#18 3.768  * [new tag]         0.9.2      -> 0.9.2
#18 3.775 error: pathspec 'a1a80dd3' did not match any file(s) known to git
#18 3.779 error: pathspec 'a1a80dd3' did not match any file(s) known to git
#18 3.786 error: pathspec 'a1a80dd3' did not match any file(s) known to git
#18 3.808 error: pathspec 'a1a80dd3' did not match any file(s) known to git
#18 3.876 Checkout unsuccessful.
#18 DONE 4.2s

#19 [stage-1 12/13] RUN echo "#!/bin/bash\nPYTHONPATH=/src python3 -u -c "from fuzzers import utils; utils.initialize_env(); from fuzzers.afl import fuzzer; fuzzer.build()"" > /usr/bin/fuzzer_build &&     chmod +x /usr/bin/fuzzer_build
#19 sha256:47bd04316cdc79b8702edc9f15e9c908083615be70b1bb014e4b9f4690ac00db
#19 DONE 1.5s

#20 [stage-1 13/13] RUN echo "Run fuzzer_build to build the target" && if [ -z "$debug_builder" ] ; then fuzzer_build; fi
#20 sha256:36295d86246bc6333cd758228df6dcba3427e48ae75133353ed38a9025112b5c
#20 0.619 Run fuzzer_build to build the target
#20 0.744 FUZZ_TARGET = dav1d
#20 0.744 CFLAGS = -DFUZZING_BUILD_MODE_UNSAFE_FOR_PRODUCTION -pthread -Wl,--no-as-needed -Wl,-ldl -Wl,-lm -Wno-unused-command-line-argument -O3
#20 0.744 CXXFLAGS = -DFUZZING_BUILD_MODE_UNSAFE_FOR_PRODUCTION -pthread -Wl,--no-as-needed -Wl,-ldl -Wl,-lm -Wno-unused-command-line-argument -stdlib=libc++ -O3
#20 0.754 Building benchmark dav1d_dav1d with fuzzer afl
#20 0.757 + build=/work/build
#20 0.757 + rm -rf /work/build
#20 0.759 + mkdir -p /work/build
#20 0.762 + meson -Denable_tools=false -Dfuzzing_engine=oss-fuzz -Db_lundef=false -Ddefault_library=static -Dbuildtype=debugoptimized -Dlogging=false -Dfuzzer_ldflags=/libAFL.a /work/build
#20 3.175 The Meson build system
#20 3.175 Version: 0.61.2
#20 3.175 Source dir: /src/dav1d
#20 3.175 Build dir: /work/build
#20 3.175 Build type: native build
#20 3.175 Project name: dav1d
#20 3.175 Project version: 0.9.2
#20 3.175 C compiler for the host machine: clang (clang 14.0.0 "clang version 14.0.0 (https://github.com/llvm/llvm-project.git aee49255074fd4ef38d97e6e70cbfbf2f9fd0fa7)")
#20 3.175 C linker for the host machine: clang ld.bfd 2.34
#20 3.175 Host machine cpu family: x86_64
#20 3.175 Host machine cpu: x86_64
#20 3.175 Fetching value of define "__ILP32__" :  
#20 3.175 Run-time dependency threads found: YES
#20 3.175 Checking for function "clock_gettime" : YES 
#20 3.175 Library dl found: YES
#20 3.175 Checking for function "dlsym" with dependency -ldl: YES 
#20 3.175 Library m found: YES
#20 3.175 Check usable header "stdatomic.h" : YES 
#20 3.175 Check usable header "unistd.h" : YES 
#20 3.175 Check usable header "io.h" : NO 
#20 3.175 Check usable header "pthread_np.h" : NO 
#20 3.175 Checking for function "getopt_long" : YES 
#20 3.175 Checking for function "_aligned_malloc" : NO 
#20 3.175 Checking for function "posix_memalign" : YES 
#20 3.175 Checking for function "pthread_getaffinity_np" with dependency threads: YES 
#20 3.175 Compiler for C supports arguments -fvisibility=hidden: YES 
#20 3.175 Compiler for C supports arguments -Wundef: YES 
#20 3.175 Compiler for C supports arguments -Werror=vla: YES 
#20 3.175 Compiler for C supports arguments -Wno-maybe-uninitialized: NO 
#20 3.175 Compiler for C supports arguments -Wno-missing-field-initializers: YES 
#20 3.175 Compiler for C supports arguments -Wno-unused-parameter: YES 
#20 3.175 Compiler for C supports arguments -Wstrict-prototypes: YES 
#20 3.175 Compiler for C supports arguments -Werror=missing-prototypes: YES 
#20 3.175 Compiler for C supports arguments -Wshorten-64-to-32: YES 
#20 3.175 Compiler for C supports arguments -fomit-frame-pointer: YES 
#20 3.175 Compiler for C supports arguments -ffast-math: YES 
#20 3.175 Compiler for C supports arguments -mpreferred-stack-boundary=6: NO 
#20 3.175 Compiler for C supports arguments -mstack-alignment=64: YES 
#20 3.175 Fetching value of define "__AVX__" :  
#20 3.175 Program nasm found: YES (/usr/bin/nasm)
#20 3.175 
#20 3.175 meson.build:421:16: ERROR: Problem encountered: nasm 2.14 or later is required, found nasm 2.13.02
#20 3.175 
#20 3.175 A full log can be found at /work/build/meson-logs/meson-log.txt
#20 3.234 Traceback (most recent call last):
#20 3.234   File "<string>", line 1, in <module>
#20 3.234   File "/src/fuzzers/afl/fuzzer.py", line 40, in build
#20 3.234     utils.build_benchmark()
#20 3.234   File "/src/fuzzers/utils.py", line 82, in build_benchmark
#20 3.235     subprocess.check_call(['/bin/bash', '-ex', build_script], env=env)
#20 3.235   File "/usr/local/lib/python3.8/subprocess.py", line 364, in check_call
#20 3.235     raise CalledProcessError(retcode, cmd)
#20 3.235 subprocess.CalledProcessError: Command '['/bin/bash', '-ex', '/src/build.sh']' returned non-zero exit status 1.
#20 ERROR: executor failed running [/bin/sh -c echo "Run fuzzer_build to build the target" && if [ -z "$debug_builder" ] ; then fuzzer_build; fi]: exit code: 1
------
 > importing cache manifest from gcr.io/fuzzbench/builders/afl/dav1d_dav1d:
------
------
 > [stage-1 13/13] RUN echo "Run fuzzer_build to build the target" && if [ -z "$debug_builder" ] ; then fuzzer_build; fi:
------
executor failed running [/bin/sh -c echo "Run fuzzer_build to build the target" && if [ -z "$debug_builder" ] ; then fuzzer_build; fi]: exit code: 1
make: *** [docker/generated.mk:2793296: .afl-dav1d_dav1d-builder] Error 1
/bin/sh: 1: source: not found
#1 [internal] load build definition from Dockerfile
#1 sha256:f9f536a849c49da7a48853225d44afa53a115188e08abe216ac99fada63d3ad5
#1 transferring dockerfile: 32B done
#1 DONE 0.1s

#2 [internal] load .dockerignore
#2 sha256:b50757c61f388ad3344d78359231146a9afe584655b50f4abdddb4d7c358003f
#2 transferring context: 2B done
#2 DONE 0.1s

#3 [internal] load metadata for gcr.io/oss-fuzz-base/base-builder:latest
#3 sha256:f10dc39cc9d418a5bc416dead31a1902b6821fdae909cd3b08f7a3fd1faba7b5
#3 DONE 0.6s

#5 [1/9] FROM gcr.io/oss-fuzz-base/base-builder@sha256:41d7bbe7827592680a606c9bba1aeb6e23c7502ce8b633923b06542f4c706e7c
#5 sha256:660db69324ed478291dd329cbbfe422dccbc173f9ab806c069fac341073eab8c
#5 DONE 0.0s

#4 importing cache manifest from gcr.io/fuzzbench/builders/benchmark/dav1d_dav1d
#4 sha256:c640aed998096b9c705415b1977b0c71ad77d1e8e0906e3ac6ad0b2e1315b358
#4 DONE 0.0s

#6 [internal] load build context
#6 sha256:cee0f8eb45841d75d87e43ff4bf78e645ed41fbdc91d679db533489d8940d01f
#6 transferring context: 91B done
#6 DONE 0.1s

#12 [7/9] RUN git clone --depth 1 https://code.videolan.org/videolan/dav1d.git dav1d
#12 sha256:4dc5e120a48a6546a36055017e13bc8e33c29d264075850733e2f40802ede3bc
#12 CACHED

#7 [2/9] ADD bionic.list /etc/apt/sources.list.d/bionic.list
#7 sha256:8b4d4553da8da688d4ea7c4ec5665cbb95accb3fd01f54c050e65188d424603c
#7 CACHED

#9 [4/9] RUN apt-get update && apt-get install -y curl python3-pip nasm &&     pip3 install meson ninja
#9 sha256:e74b557df08fefa0cd86873faf65d6e2fc8e166a7b6c7e6f889e3b2c0e038540
#9 CACHED

#13 [8/9] WORKDIR dav1d
#13 sha256:d4b663123470c80546c27dbed73c24aa94c319fe6ce66ebae88b06a5fd144c0f
#13 CACHED

#8 [3/9] ADD nasm_apt.pin /etc/apt/preferences
#8 sha256:53e67d6aa250e8ecddd3c8fa29daaf8b832b806e7acdd00c0e30d7ff2c7b364a
#8 CACHED

#10 [5/9] RUN curl --silent -O https://storage.googleapis.com/aom-test-data/fuzzer/dec_fuzzer_seed_corpus.zip
#10 sha256:1887233b5005052646b182c6043b6f2a98b18858c7358b96c1558c0f690fd02d
#10 CACHED

#11 [6/9] RUN curl --silent -O https://jannau.net/dav1d_fuzzer_seed_corpus.zip
#11 sha256:8f9c65b295a738b7d5484c3966ef43acd2a1eefb66f19569ec806ffd42d8e93a
#11 CACHED

#14 [9/9] COPY build.sh /src/
#14 sha256:c13b4d38500f7b27edaabaa9cfea8731b46deb78793598e03874dcd2347ba62b
#14 CACHED

#15 exporting to image
#15 sha256:e8c613e07b0b7ff33893b694f7759a10d42e180f2b4dc349fb57dc6b71dcab00
#15 exporting layers done
#15 writing image sha256:741abe7d1c0e96225faf388063e7673f4f283fa51e4a8e9e5c5b8db5cd123ccd 0.0s done
#15 naming to gcr.io/fuzzbench/builders/benchmark/dav1d_dav1d done
#15 DONE 0.7s

#16 exporting cache
#16 sha256:2700d4ef94dee473593c5c614b55b2dedcca7893909811a8f2b48291a1f581e4
#16 preparing build cache for export
#16 preparing build cache for export done
#16 DONE 0.0s
#1 [internal] load build definition from builder.Dockerfile
#1 sha256:426d7ab8983df06f1995a63012e8fbc8f9cb1c58dc3837176ea48f423c07e567
#1 transferring dockerfile: 46B done
#1 DONE 0.1s

#2 [internal] load .dockerignore
#2 sha256:4bbbdaae0f46482add819f4edfadf3202c9609cabf562b31191c5c886493b7c6
#2 transferring context: 2B done
#2 DONE 0.1s

#3 [internal] load metadata for gcr.io/fuzzbench/builders/benchmark/dav1d_dav1d:latest
#3 sha256:57d6a15040b6c53c76ab0ecea70b129899c2c404c046f308baa619e67a7b5381
#3 DONE 0.0s

#4 importing cache manifest from gcr.io/fuzzbench/builders/afl/dav1d_dav1d-intermediate
#4 sha256:05b99d21cb128b924317cc6fab002b955b8f84da649d9de8b2799afc133cd104
#4 DONE 0.0s

#5 [1/3] FROM gcr.io/fuzzbench/builders/benchmark/dav1d_dav1d
#5 sha256:b0a866b7bf802c5cb5e0f9613d542105dd25d50b475787231b1dbe9573c5a158
#5 DONE 0.0s

#6 [2/3] RUN git clone https://github.com/google/AFL.git /afl &&     cd /afl &&     git checkout 61037103ae3722c8060ff7082994836a794f978e &&     AFL_NO_X86=1 make
#6 sha256:11f8f452b974104e2ddc2f76b4c36fa456ec57bbb3037705bf780e318100beba
#6 CACHED

#7 [3/3] RUN apt-get update &&     apt-get install wget -y &&     wget https://raw.githubusercontent.com/llvm/llvm-project/5feb80e748924606531ba28c97fe65145c65372e/compiler-rt/lib/fuzzer/afl/afl_driver.cpp -O /afl/afl_driver.cpp &&     clang -Wno-pointer-sign -c /afl/llvm_mode/afl-llvm-rt.o.c -I/afl &&     clang++ -stdlib=libc++ -std=c++11 -O2 -c /afl/afl_driver.cpp &&     ar r /libAFL.a *.o
#7 sha256:2adef0f38d24174f479aaa7fb0be85630fa116672641266bb000b0bdd9ded932
#7 CACHED

#8 exporting to image
#8 sha256:e8c613e07b0b7ff33893b694f7759a10d42e180f2b4dc349fb57dc6b71dcab00
#8 exporting layers done
#8 writing image sha256:3e0713f7e11b9c2597ddd23ca9d189f2662e910c532e4cb94d137d9111112261 0.0s done
#8 naming to gcr.io/fuzzbench/builders/afl/dav1d_dav1d-intermediate done
#8 DONE 0.9s

#9 exporting cache
#9 sha256:2700d4ef94dee473593c5c614b55b2dedcca7893909811a8f2b48291a1f581e4
#9 preparing build cache for export done
#9 DONE 0.0s
#2 [internal] load .dockerignore
#2 sha256:a5bb9c39ef13d786d3b3780f5e9784787a25b6a322aaf1e035901b1032700194
#2 transferring context: 34B done
#2 DONE 0.1s

#1 [internal] load build definition from Dockerfile
#1 sha256:69b0a05df7f0dbd35364a4a2e8c2f55c33cf70ade3c4d7df35e31c8369cb1b2b
#1 transferring dockerfile: 2.00kB done
#1 DONE 0.2s

#3 [internal] load metadata for docker.io/library/ubuntu:xenial
#3 sha256:f62bae18ed588840f045c881b2502661f2a89578a2f8f99b83f5200ee83dd25b
#3 DONE 0.0s

#4 importing cache manifest from gcr.io/fuzzbench/base-image
#4 sha256:9b220ebb4d4daceed1b96df9b6dca076e762f1cd612574f010b82d5b9e5ad896
#4 DONE 0.0s

#5 [1/7] FROM docker.io/library/ubuntu:xenial
#5 sha256:14dd403f25ae9e519bd44f27dc17af7ce80f5a4f9f48ca88108364e67ec5d360
#5 DONE 0.0s

#8 [internal] load build context
#8 sha256:ae88a0dd964948ea77a226bad97f31361f3081a879c370b9dd6fded0d746c917
#8 transferring context: 559B 0.0s done
#8 DONE 0.1s

#11 [6/7] RUN apt-get update -y && apt-get install -y     apt-transport-https     lsb-release
#11 sha256:21fa462a6027f9af95bcd0970b9a2fe03e3fd11ef33e4d5f90a21b43d03c3c36
#11 CACHED

#6 [2/7] RUN apt-get update -y && apt-get install -y     build-essential     rsync     curl     zlib1g-dev     libncurses5-dev     libgdbm-dev     libnss3-dev     libssl-dev     libreadline-dev     libffi-dev     virtualenv     libbz2-dev     liblzma-dev     libsqlite3-dev
#6 sha256:3a1b0960f17eed529eaae93dc8fd3554f2743dd584d8fa569cdbe6bc734371ac
#6 CACHED

#7 [3/7] RUN cd /tmp/ &&     curl -O https://www.python.org/ftp/python/3.8.6/Python-3.8.6.tar.xz &&     tar -xvf Python-3.8.6.tar.xz &&     cd Python-3.8.6 &&     ./configure --enable-loadable-sqlite-extensions --enable-optimizations &&     make -j install &&     rm -r /tmp/Python-3.8.6.tar.xz /tmp/Python-3.8.6
#7 sha256:c5b9d1fb3371e84dbc60b76e7b2f8d5913bc93bcd4910ab65daa03e7b2ec4bb0
#7 CACHED

#9 [4/7] COPY ./requirements.txt /
#9 sha256:bfdd029799d05df617a8a5f50fc93ed8105bc16f1ded56dbaf915aa8e664d721
#9 CACHED

#10 [5/7] RUN pip3 install -r /requirements.txt
#10 sha256:ff5da1593aecff11a3b262ae1817619da1964050731ea8cbf09dab629e9e9901
#10 CACHED

#12 [7/7] RUN CLOUD_SDK_REPO="cloud-sdk-$(lsb_release -c -s)" &&     echo "deb https://packages.cloud.google.com/apt $CLOUD_SDK_REPO main"     | tee -a /etc/apt/sources.list.d/google-cloud-sdk.list &&     curl https://packages.cloud.google.com/apt/doc/apt-key.gpg     | apt-key add - &&     apt-get update -y &&     apt-get install -y google-cloud-sdk
#12 sha256:387fc6712608ba093c86c1fa84b31e25f7e1b9ec6c80e64bf2da09f32bfb8991
#12 CACHED

#13 exporting to image
#13 sha256:e8c613e07b0b7ff33893b694f7759a10d42e180f2b4dc349fb57dc6b71dcab00
#13 exporting layers done
#13 writing image sha256:b63d9e35e1d27432ba62a0e358b3878140f549eb12be87f86addae674564f405 0.0s done
#13 naming to gcr.io/fuzzbench/base-image done
#13 DONE 0.1s

#14 exporting cache
#14 sha256:2700d4ef94dee473593c5c614b55b2dedcca7893909811a8f2b48291a1f581e4
#14 preparing build cache for export done
#14 DONE 0.0s
#1 [internal] load build definition from Dockerfile
#1 sha256:e0570bedb416a5907c44dbddd7ed4b3262b343b0c4007682911a1e34986d5dd1
#1 transferring dockerfile: 2.22kB done
#1 DONE 0.1s

#2 [internal] load .dockerignore
#2 sha256:302240ade8bee300cd52f76e0ba932fbe9cc7f6d3a895da2c28f82ece79b1898
#2 transferring context: 34B done
#2 DONE 0.1s

#4 [internal] load metadata for gcr.io/fuzzbench/base-image:latest
#4 sha256:932022888f650cc455b10eb5123bb08c0cccacac29a693e69314abbfd28a72c3
#4 DONE 0.0s

#3 [internal] load metadata for gcr.io/fuzzbench/builders/afl/dav1d_dav1d-intermediate:latest
#3 sha256:110e33c5c9814bc2bdc1a8ee347435606e012bac0987ec8b2d44e606c69e6ff5
#3 DONE 0.0s

#12 [internal] load build context
#12 sha256:fe46c607794304baf3bbffdedfbb02f72da1ed8a85edc8130e1e912dd3b5bc27
#12 DONE 0.0s

#7 [base-image 1/1] FROM gcr.io/fuzzbench/base-image
#7 sha256:4d07825694520f8b6f6a0d8592dbd345433361ae044cb7f06706c5a95e3daaad
#7 DONE 0.0s

#6 [stage-1  1/13] FROM gcr.io/fuzzbench/builders/afl/dav1d_dav1d-intermediate
#6 sha256:cd02d1dfc97d5dc9bfec05f55b79fda2b7fabadb27618529db7ba6b19ef72f47
#6 DONE 0.0s

#5 importing cache manifest from gcr.io/fuzzbench/builders/afl/dav1d_dav1d
#5 sha256:effd565d51da3ed542be14185db9ae016193d119fb47d2ce6eb14c21d7ad4184
#5 ERROR: gcr.io/fuzzbench/builders/afl/dav1d_dav1d:latest: not found

#12 [internal] load build context
#12 sha256:fe46c607794304baf3bbffdedfbb02f72da1ed8a85edc8130e1e912dd3b5bc27
#12 transferring context: 669.86kB 0.1s done
#12 DONE 0.2s

#16 [stage-1  9/13] RUN mkdir /opt/fuzzbench/
#16 sha256:d34ec13f168e70445ba86caf0916a5b3bfa4c66d85ba9395f76142d9305c5544
#16 CACHED

#9 [stage-1  3/13] COPY --from=base-image /usr/local/lib/python3.8 /usr/local/lib/python3.8
#9 sha256:3bfec326d73c3f8c0314df14adb930ef35d33549d5707a9aa492462372a099db
#9 CACHED

#13 [stage-1  6/13] COPY fuzzers /src/fuzzers
#13 sha256:87d0254ac1747a8cd4359fe96a589cd8f9b823c2a9c83baa0754cb3f8931ac74
#13 CACHED

#15 [stage-1  8/13] COPY benchmarks/dav1d_dav1d/benchmark.yaml /
#15 sha256:4c8dcaa11ecf96d561cf1a9d2401291a2fc15cff6090713fcd786ae76d582fcc
#15 CACHED

#17 [stage-1 10/13] COPY docker/benchmark-builder/checkout_commit.py /opt/fuzzbench/
#17 sha256:0caaabddb87567292ca2a7d8b0ba581a04439e2ca8af74b66336011777bedfd0
#17 CACHED

#18 [stage-1 11/13] RUN export CHECKOUT_COMMIT=$(cat /benchmark.yaml | tr -d ' ' | grep 'commit:' | cut -d ':' -f2) &&     python3 -u /opt/fuzzbench/checkout_commit.py $CHECKOUT_COMMIT /src
#18 sha256:4e8e6d9b5e1ec8b4c7d1c77f5feccf205cf81db32d5b449a0098e59afc55d351
#18 CACHED

#8 [stage-1  2/13] COPY --from=base-image /usr/local/bin/python3* /usr/local/bin/
#8 sha256:876bd91b7dcbe154d1532e08b043059defe613e598d1b0c6cbfd9ce35e766889
#8 CACHED

#10 [stage-1  4/13] COPY --from=base-image /usr/local/include/python3.8 /usr/local/include/python3.8
#10 sha256:e8309c63dbcd0e400ad17b19eb8e8f06013a9d38af39e4c1a78ec2608a033917
#10 CACHED

#14 [stage-1  7/13] RUN touch /src/__init__.py
#14 sha256:ccd785e8f28418d9c25db6fe1496d770ee88cb32a81d09d5926fe80323dccfc6
#14 CACHED

#11 [stage-1  5/13] COPY --from=base-image /usr/local/lib/python3.8/site-packages /usr/local/lib/python3.8/site-packages
#11 sha256:6810a33eae0e37e1077aa8a66b39572c34a5cecb6c40264ad3d6a0e3abb2390a
#11 CACHED

#19 [stage-1 12/13] RUN echo "#!/bin/bash\nPYTHONPATH=/src python3 -u -c "from fuzzers import utils; utils.initialize_env(); from fuzzers.afl import fuzzer; fuzzer.build()"" > /usr/bin/fuzzer_build &&     chmod +x /usr/bin/fuzzer_build
#19 sha256:df408a2b484778d8704e7f3347fea3c4c7cd417ae23025f943be582794cb7ba9
#19 CACHED

#20 [stage-1 13/13] RUN echo "Run fuzzer_build to build the target" && if [ -z "$debug_builder" ] ; then fuzzer_build; fi
#20 sha256:a73d19922326f312b628b08c3a6ba716cd2cbcf727d2fb4a48b3d75ebb85f68c
#20 0.525 Run fuzzer_build to build the target
#20 0.640 FUZZ_TARGET = dav1d
#20 0.640 CFLAGS = -DFUZZING_BUILD_MODE_UNSAFE_FOR_PRODUCTION -pthread -Wl,--no-as-needed -Wl,-ldl -Wl,-lm -Wno-unused-command-line-argument -O3
#20 0.640 CXXFLAGS = -DFUZZING_BUILD_MODE_UNSAFE_FOR_PRODUCTION -pthread -Wl,--no-as-needed -Wl,-ldl -Wl,-lm -Wno-unused-command-line-argument -stdlib=libc++ -O3
#20 0.645 Building benchmark dav1d_dav1d with fuzzer afl
#20 0.648 + build=/work/build
#20 0.648 + rm -rf /work/build
#20 0.650 + mkdir -p /work/build
#20 0.652 + meson -Denable_tools=false -Dfuzzing_engine=oss-fuzz -Db_lundef=false -Ddefault_library=static -Dbuildtype=debugoptimized -Dlogging=false -Dfuzzer_ldflags=/libAFL.a /work/build
#20 2.962 The Meson build system
#20 2.962 Version: 0.61.2
#20 2.962 Source dir: /src/dav1d
#20 2.962 Build dir: /work/build
#20 2.962 Build type: native build
#20 2.962 Project name: dav1d
#20 2.962 Project version: 0.9.2
#20 2.962 C compiler for the host machine: clang (clang 14.0.0 "clang version 14.0.0 (https://github.com/llvm/llvm-project.git aee49255074fd4ef38d97e6e70cbfbf2f9fd0fa7)")
#20 2.962 C linker for the host machine: clang ld.bfd 2.34
#20 2.962 Host machine cpu family: x86_64
#20 2.962 Host machine cpu: x86_64
#20 2.962 Fetching value of define "__ILP32__" :  
#20 2.962 Run-time dependency threads found: YES
#20 2.962 Checking for function "clock_gettime" : YES 
#20 2.962 Library dl found: YES
#20 2.962 Checking for function "dlsym" with dependency -ldl: YES 
#20 2.962 Library m found: YES
#20 2.962 Check usable header "stdatomic.h" : YES 
#20 2.962 Check usable header "unistd.h" : YES 
#20 2.962 Check usable header "io.h" : NO 
#20 2.962 Check usable header "pthread_np.h" : NO 
#20 2.962 Checking for function "getopt_long" : YES 
#20 2.962 Checking for function "_aligned_malloc" : NO 
#20 2.962 Checking for function "posix_memalign" : YES 
#20 2.962 Checking for function "pthread_getaffinity_np" with dependency threads: YES 
#20 2.962 Compiler for C supports arguments -fvisibility=hidden: YES 
#20 2.962 Compiler for C supports arguments -Wundef: YES 
#20 2.962 Compiler for C supports arguments -Werror=vla: YES 
#20 2.962 Compiler for C supports arguments -Wno-maybe-uninitialized: NO 
#20 2.962 Compiler for C supports arguments -Wno-missing-field-initializers: YES 
#20 2.962 Compiler for C supports arguments -Wno-unused-parameter: YES 
#20 2.962 Compiler for C supports arguments -Wstrict-prototypes: YES 
#20 2.962 Compiler for C supports arguments -Werror=missing-prototypes: YES 
#20 2.962 Compiler for C supports arguments -Wshorten-64-to-32: YES 
#20 2.962 Compiler for C supports arguments -fomit-frame-pointer: YES 
#20 2.962 Compiler for C supports arguments -ffast-math: YES 
#20 2.962 Compiler for C supports arguments -mpreferred-stack-boundary=6: NO 
#20 2.962 Compiler for C supports arguments -mstack-alignment=64: YES 
#20 2.962 Fetching value of define "__AVX__" :  
#20 2.962 Program nasm found: YES (/usr/bin/nasm)
#20 2.962 
#20 2.962 meson.build:421:16: ERROR: Problem encountered: nasm 2.14 or later is required, found nasm 2.13.02
#20 2.962 
#20 2.962 A full log can be found at /work/build/meson-logs/meson-log.txt
#20 3.021 Traceback (most recent call last):
#20 3.021   File "<string>", line 1, in <module>
#20 3.021   File "/src/fuzzers/afl/fuzzer.py", line 40, in build
#20 3.021     utils.build_benchmark()
#20 3.021   File "/src/fuzzers/utils.py", line 82, in build_benchmark
#20 3.021     subprocess.check_call(['/bin/bash', '-ex', build_script], env=env)
#20 3.021   File "/usr/local/lib/python3.8/subprocess.py", line 364, in check_call
#20 3.022     raise CalledProcessError(retcode, cmd)
#20 3.022 subprocess.CalledProcessError: Command '['/bin/bash', '-ex', '/src/build.sh']' returned non-zero exit status 1.
#20 ERROR: executor failed running [/bin/sh -c echo "Run fuzzer_build to build the target" && if [ -z "$debug_builder" ] ; then fuzzer_build; fi]: exit code: 1
------
 > importing cache manifest from gcr.io/fuzzbench/builders/afl/dav1d_dav1d:
------
------
 > [stage-1 13/13] RUN echo "Run fuzzer_build to build the target" && if [ -z "$debug_builder" ] ; then fuzzer_build; fi:
------
executor failed running [/bin/sh -c echo "Run fuzzer_build to build the target" && if [ -z "$debug_builder" ] ; then fuzzer_build; fi]: exit code: 1
make: *** [docker/generated.mk:2793296: .afl-dav1d_dav1d-builder] Error 1
