WARNING:root:gcloud not found in PATH.
INFO:root:Successfully integrated benchmark: systemd_systemd.
INFO:root:Please run "make test-run-afl-systemd_systemd" to test integration.
#2 [internal] load .dockerignore
#2 sha256:cb91d351641b051e0296a8745b48c6c13d9f87f8ae193246a7287b483d8d3690
#2 ...

#1 [internal] load build definition from Dockerfile
#1 sha256:572aa815477a742b9a8555ac1d2f0c6c7c44890a8e78798a04b5e610d9a4ec48
#1 transferring dockerfile: 1.05kB done
#1 DONE 0.4s

#2 [internal] load .dockerignore
#2 sha256:cb91d351641b051e0296a8745b48c6c13d9f87f8ae193246a7287b483d8d3690
#2 transferring context: 2B done
#2 DONE 0.5s

#3 [internal] load metadata for gcr.io/oss-fuzz-base/base-builder:latest
#3 sha256:f10dc39cc9d418a5bc416dead31a1902b6821fdae909cd3b08f7a3fd1faba7b5
#3 DONE 0.5s

#9 [internal] load build context
#9 sha256:a0de339b4ea067b12ded6424520a14061bc2cbc2e169fcba689be64d9c41a500
#9 DONE 0.0s

#5 [1/5] FROM gcr.io/oss-fuzz-base/base-builder@sha256:4ad017ca53699eda684c1c444948c93a4af848fe34baee3a765d3c4693fe6a56
#5 sha256:3f10b3978a3951f6e2692fa5e5890ee5a755650381dedece7198ed0b1dcdaa8c
#5 DONE 0.0s

#4 importing cache manifest from gcr.io/fuzzbench/builders/benchmark/systemd_systemd
#4 sha256:469ba5a1d84097610766978523bb33dcf2459faed567288cabb96602b43e4e82
#4 ERROR: gcr.io/fuzzbench/builders/benchmark/systemd_systemd:latest: not found

#5 [1/5] FROM gcr.io/oss-fuzz-base/base-builder@sha256:4ad017ca53699eda684c1c444948c93a4af848fe34baee3a765d3c4693fe6a56
#5 sha256:3f10b3978a3951f6e2692fa5e5890ee5a755650381dedece7198ed0b1dcdaa8c
#5 CACHED

#9 [internal] load build context
#9 sha256:a0de339b4ea067b12ded6424520a14061bc2cbc2e169fcba689be64d9c41a500
#9 transferring context: 731B done
#9 DONE 0.2s

#6 [2/5] RUN apt-get update &&    apt-get install -y gperf m4 gettext python3-pip         libcap-dev libmount-dev libkmod-dev         pkg-config wget &&    pip3 install meson ninja
#6 sha256:78246166c4d39983c971d7d055a6147122827a0a698b44bec6f10e00a3b6b42d
#6 0.771 Hit:1 http://ppa.launchpad.net/git-core/ppa/ubuntu focal InRelease
#6 0.771 Hit:2 http://archive.ubuntu.com/ubuntu focal InRelease
#6 0.771 Get:3 http://archive.ubuntu.com/ubuntu focal-updates InRelease [114 kB]
#6 0.771 Get:4 http://security.ubuntu.com/ubuntu focal-security InRelease [114 kB]
#6 0.858 Get:5 http://archive.ubuntu.com/ubuntu focal-backports InRelease [108 kB]
#6 1.326 Get:6 http://archive.ubuntu.com/ubuntu focal-updates/universe i386 Packages [827 kB]
#6 1.471 Get:7 http://archive.ubuntu.com/ubuntu focal-updates/main i386 Packages [752 kB]
#6 1.524 Get:8 http://security.ubuntu.com/ubuntu focal-security/main amd64 Packages [1547 kB]
#6 1.528 Get:9 http://archive.ubuntu.com/ubuntu focal-updates/universe amd64 Packages [1134 kB]
#6 1.623 Get:10 http://archive.ubuntu.com/ubuntu focal-updates/main amd64 Packages [1973 kB]
#6 1.792 Get:11 http://archive.ubuntu.com/ubuntu focal-backports/universe amd64 Packages [24.8 kB]
#6 1.793 Get:12 http://archive.ubuntu.com/ubuntu focal-backports/universe i386 Packages [13.1 kB]
#6 2.467 Fetched 6606 kB in 2s (4211 kB/s)
#6 2.467 Reading package lists...
#6 4.098 Reading package lists...
#6 5.516 Building dependency tree...
#6 5.728 Reading state information...
#6 5.939 wget is already the newest version (1.20.3-1ubuntu2).
#6 5.939 The following additional packages will be installed:
#6 5.939   gettext-base libblkid-dev libcroco3 libexpat1-dev libpython3-dev
#6 5.940   libpython3.8 libpython3.8-dev libsigsegv2 python-pip-whl python3-dev
#6 5.940   python3-distutils python3-lib2to3 python3-setuptools python3-wheel
#6 5.940   python3.8-dev uuid-dev zlib1g-dev
#6 5.942 Suggested packages:
#6 5.942   gettext-doc autopoint libasprintf-dev libgettextpo-dev m4-doc
#6 5.942   python-setuptools-doc
#6 6.093 The following NEW packages will be installed:
#6 6.094   gettext gettext-base gperf libblkid-dev libcap-dev libcroco3 libexpat1-dev
#6 6.094   libkmod-dev libmount-dev libpython3-dev libpython3.8 libpython3.8-dev
#6 6.095   libsigsegv2 m4 pkg-config python-pip-whl python3-dev python3-distutils
#6 6.095   python3-lib2to3 python3-pip python3-setuptools python3-wheel python3.8-dev
#6 6.095   uuid-dev zlib1g-dev
#6 6.170 0 upgraded, 25 newly installed, 0 to remove and 0 not upgraded.
#6 6.170 Need to get 10.8 MB of archives.
#6 6.170 After this operation, 42.5 MB of additional disk space will be used.
#6 6.170 Get:1 http://archive.ubuntu.com/ubuntu focal/main amd64 gettext-base amd64 0.19.8.1-10build1 [50.2 kB]
#6 6.242 Get:2 http://archive.ubuntu.com/ubuntu focal/main amd64 libcroco3 amd64 0.6.13-1 [82.5 kB]
#6 6.269 Get:3 http://archive.ubuntu.com/ubuntu focal/main amd64 gettext amd64 0.19.8.1-10build1 [895 kB]
#6 6.355 Get:4 http://archive.ubuntu.com/ubuntu focal/universe amd64 gperf amd64 3.1-1build1 [103 kB]
#6 6.362 Get:5 http://archive.ubuntu.com/ubuntu focal/main amd64 libcap-dev amd64 1:2.32-1 [33.2 kB]
#6 6.365 Get:6 http://archive.ubuntu.com/ubuntu focal/main amd64 libexpat1-dev amd64 2.2.9-1build1 [116 kB]
#6 6.373 Get:7 http://archive.ubuntu.com/ubuntu focal/main amd64 libkmod-dev amd64 27-1ubuntu2 [22.3 kB]
#6 6.375 Get:8 http://archive.ubuntu.com/ubuntu focal-updates/main amd64 libpython3.8 amd64 3.8.10-0ubuntu1~20.04.2 [1625 kB]
#6 6.496 Get:9 http://archive.ubuntu.com/ubuntu focal-updates/main amd64 libpython3.8-dev amd64 3.8.10-0ubuntu1~20.04.2 [3950 kB]
#6 6.791 Get:10 http://archive.ubuntu.com/ubuntu focal/main amd64 libpython3-dev amd64 3.8.2-0ubuntu2 [7236 B]
#6 6.792 Get:11 http://archive.ubuntu.com/ubuntu focal/main amd64 libsigsegv2 amd64 2.12-2 [13.9 kB]
#6 6.792 Get:12 http://archive.ubuntu.com/ubuntu focal/main amd64 m4 amd64 1.4.18-4 [199 kB]
#6 6.806 Get:13 http://archive.ubuntu.com/ubuntu focal/main amd64 pkg-config amd64 0.29.1-0ubuntu4 [45.5 kB]
#6 6.810 Get:14 http://archive.ubuntu.com/ubuntu focal-updates/universe amd64 python-pip-whl all 20.0.2-5ubuntu1.6 [1805 kB]
#6 6.945 Get:15 http://archive.ubuntu.com/ubuntu focal-updates/main amd64 zlib1g-dev amd64 1:1.2.11.dfsg-2ubuntu1.2 [155 kB]
#6 6.956 Get:16 http://archive.ubuntu.com/ubuntu focal-updates/main amd64 python3.8-dev amd64 3.8.10-0ubuntu1~20.04.2 [510 kB]
#6 6.994 Get:17 http://archive.ubuntu.com/ubuntu focal-updates/main amd64 python3-lib2to3 all 3.8.10-0ubuntu1~20.04 [76.3 kB]
#6 7.000 Get:18 http://archive.ubuntu.com/ubuntu focal-updates/main amd64 python3-distutils all 3.8.10-0ubuntu1~20.04 [141 kB]
#6 7.526 Get:19 http://archive.ubuntu.com/ubuntu focal/main amd64 python3-dev amd64 3.8.2-0ubuntu2 [1212 B]
#6 7.526 Get:20 http://archive.ubuntu.com/ubuntu focal/main amd64 python3-setuptools all 45.2.0-1 [330 kB]
#6 7.530 Get:21 http://archive.ubuntu.com/ubuntu focal/universe amd64 python3-wheel all 0.34.2-1 [23.8 kB]
#6 7.530 Get:22 http://archive.ubuntu.com/ubuntu focal-updates/universe amd64 python3-pip all 20.0.2-5ubuntu1.6 [231 kB]
#6 7.534 Get:23 http://archive.ubuntu.com/ubuntu focal-updates/main amd64 uuid-dev amd64 2.34-0.1ubuntu9.3 [33.6 kB]
#6 7.535 Get:24 http://archive.ubuntu.com/ubuntu focal-updates/main amd64 libblkid-dev amd64 2.34-0.1ubuntu9.3 [167 kB]
#6 7.537 Get:25 http://archive.ubuntu.com/ubuntu focal-updates/main amd64 libmount-dev amd64 2.34-0.1ubuntu9.3 [176 kB]
#6 8.508 debconf: delaying package configuration, since apt-utils is not installed
#6 8.655 Fetched 10.8 MB in 1s (7534 kB/s)
#6 9.426 Selecting previously unselected package gettext-base.
#6 9.426 (Reading database ... (Reading database ... 5%(Reading database ... 10%(Reading database ... 15%(Reading database ... 20%(Reading database ... 25%(Reading database ... 30%(Reading database ... 35%(Reading database ... 40%(Reading database ... 45%(Reading database ... 50%(Reading database ... 55%(Reading database ... 60%(Reading database ... 65%(Reading database ... 70%(Reading database ... 75%(Reading database ... 80%(Reading database ... 85%(Reading database ... 90%(Reading database ... 95%(Reading database ... 100%(Reading database ... 21291 files and directories currently installed.)
#6 9.447 Preparing to unpack .../00-gettext-base_0.19.8.1-10build1_amd64.deb ...
#6 9.983 Unpacking gettext-base (0.19.8.1-10build1) ...
#6 10.18 Selecting previously unselected package libcroco3:amd64.
#6 10.18 Preparing to unpack .../01-libcroco3_0.6.13-1_amd64.deb ...
#6 10.20 Unpacking libcroco3:amd64 (0.6.13-1) ...
#6 10.34 Selecting previously unselected package gettext.
#6 10.34 Preparing to unpack .../02-gettext_0.19.8.1-10build1_amd64.deb ...
#6 10.36 Unpacking gettext (0.19.8.1-10build1) ...
#6 10.59 Selecting previously unselected package gperf.
#6 10.60 Preparing to unpack .../03-gperf_3.1-1build1_amd64.deb ...
#6 10.62 Unpacking gperf (3.1-1build1) ...
#6 10.74 Selecting previously unselected package libcap-dev:amd64.
#6 10.75 Preparing to unpack .../04-libcap-dev_1%3a2.32-1_amd64.deb ...
#6 10.76 Unpacking libcap-dev:amd64 (1:2.32-1) ...
#6 10.88 Selecting previously unselected package libexpat1-dev:amd64.
#6 10.88 Preparing to unpack .../05-libexpat1-dev_2.2.9-1build1_amd64.deb ...
#6 10.90 Unpacking libexpat1-dev:amd64 (2.2.9-1build1) ...
#6 11.05 Selecting previously unselected package libkmod-dev:amd64.
#6 11.05 Preparing to unpack .../06-libkmod-dev_27-1ubuntu2_amd64.deb ...
#6 11.08 Unpacking libkmod-dev:amd64 (27-1ubuntu2) ...
#6 11.26 Selecting previously unselected package libpython3.8:amd64.
#6 11.26 Preparing to unpack .../07-libpython3.8_3.8.10-0ubuntu1~20.04.2_amd64.deb ...
#6 11.28 Unpacking libpython3.8:amd64 (3.8.10-0ubuntu1~20.04.2) ...
#6 11.59 Selecting previously unselected package libpython3.8-dev:amd64.
#6 11.59 Preparing to unpack .../08-libpython3.8-dev_3.8.10-0ubuntu1~20.04.2_amd64.deb ...
#6 11.61 Unpacking libpython3.8-dev:amd64 (3.8.10-0ubuntu1~20.04.2) ...
#6 12.21 Selecting previously unselected package libpython3-dev:amd64.
#6 12.22 Preparing to unpack .../09-libpython3-dev_3.8.2-0ubuntu2_amd64.deb ...
#6 12.23 Unpacking libpython3-dev:amd64 (3.8.2-0ubuntu2) ...
#6 12.34 Selecting previously unselected package libsigsegv2:amd64.
#6 12.35 Preparing to unpack .../10-libsigsegv2_2.12-2_amd64.deb ...
#6 12.35 Unpacking libsigsegv2:amd64 (2.12-2) ...
#6 12.40 Selecting previously unselected package m4.
#6 12.40 Preparing to unpack .../11-m4_1.4.18-4_amd64.deb ...
#6 12.40 Unpacking m4 (1.4.18-4) ...
#6 12.56 Selecting previously unselected package pkg-config.
#6 12.57 Preparing to unpack .../12-pkg-config_0.29.1-0ubuntu4_amd64.deb ...
#6 12.58 Unpacking pkg-config (0.29.1-0ubuntu4) ...
#6 12.63 Selecting previously unselected package python-pip-whl.
#6 12.63 Preparing to unpack .../13-python-pip-whl_20.0.2-5ubuntu1.6_all.deb ...
#6 12.64 Unpacking python-pip-whl (20.0.2-5ubuntu1.6) ...
#6 12.81 Selecting previously unselected package zlib1g-dev:amd64.
#6 12.82 Preparing to unpack .../14-zlib1g-dev_1%3a1.2.11.dfsg-2ubuntu1.2_amd64.deb ...
#6 12.82 Unpacking zlib1g-dev:amd64 (1:1.2.11.dfsg-2ubuntu1.2) ...
#6 12.89 Selecting previously unselected package python3.8-dev.
#6 12.89 Preparing to unpack .../15-python3.8-dev_3.8.10-0ubuntu1~20.04.2_amd64.deb ...
#6 12.90 Unpacking python3.8-dev (3.8.10-0ubuntu1~20.04.2) ...
#6 12.96 Selecting previously unselected package python3-lib2to3.
#6 12.96 Preparing to unpack .../16-python3-lib2to3_3.8.10-0ubuntu1~20.04_all.deb ...
#6 12.97 Unpacking python3-lib2to3 (3.8.10-0ubuntu1~20.04) ...
#6 13.04 Selecting previously unselected package python3-distutils.
#6 13.05 Preparing to unpack .../17-python3-distutils_3.8.10-0ubuntu1~20.04_all.deb ...
#6 13.05 Unpacking python3-distutils (3.8.10-0ubuntu1~20.04) ...
#6 13.11 Selecting previously unselected package python3-dev.
#6 13.12 Preparing to unpack .../18-python3-dev_3.8.2-0ubuntu2_amd64.deb ...
#6 13.12 Unpacking python3-dev (3.8.2-0ubuntu2) ...
#6 13.16 Selecting previously unselected package python3-setuptools.
#6 13.16 Preparing to unpack .../19-python3-setuptools_45.2.0-1_all.deb ...
#6 13.16 Unpacking python3-setuptools (45.2.0-1) ...
#6 13.25 Selecting previously unselected package python3-wheel.
#6 13.25 Preparing to unpack .../20-python3-wheel_0.34.2-1_all.deb ...
#6 13.26 Unpacking python3-wheel (0.34.2-1) ...
#6 13.31 Selecting previously unselected package python3-pip.
#6 13.31 Preparing to unpack .../21-python3-pip_20.0.2-5ubuntu1.6_all.deb ...
#6 13.31 Unpacking python3-pip (20.0.2-5ubuntu1.6) ...
#6 13.40 Selecting previously unselected package uuid-dev:amd64.
#6 13.40 Preparing to unpack .../22-uuid-dev_2.34-0.1ubuntu9.3_amd64.deb ...
#6 13.40 Unpacking uuid-dev:amd64 (2.34-0.1ubuntu9.3) ...
#6 13.46 Selecting previously unselected package libblkid-dev:amd64.
#6 13.46 Preparing to unpack .../23-libblkid-dev_2.34-0.1ubuntu9.3_amd64.deb ...
#6 13.47 Unpacking libblkid-dev:amd64 (2.34-0.1ubuntu9.3) ...
#6 13.54 Selecting previously unselected package libmount-dev:amd64.
#6 13.54 Preparing to unpack .../24-libmount-dev_2.34-0.1ubuntu9.3_amd64.deb ...
#6 13.55 Unpacking libmount-dev:amd64 (2.34-0.1ubuntu9.3) ...
#6 13.64 Setting up gettext-base (0.19.8.1-10build1) ...
#6 13.65 Setting up gperf (3.1-1build1) ...
#6 13.67 Setting up python3-wheel (0.34.2-1) ...
#6 13.97 Setting up libexpat1-dev:amd64 (2.2.9-1build1) ...
#6 13.99 Setting up uuid-dev:amd64 (2.34-0.1ubuntu9.3) ...
#6 14.00 Setting up libpython3.8:amd64 (3.8.10-0ubuntu1~20.04.2) ...
#6 14.02 Setting up libsigsegv2:amd64 (2.12-2) ...
#6 14.04 Setting up libcroco3:amd64 (0.6.13-1) ...
#6 14.05 Setting up pkg-config (0.29.1-0ubuntu4) ...
#6 14.19 Setting up zlib1g-dev:amd64 (1:1.2.11.dfsg-2ubuntu1.2) ...
#6 14.21 Setting up libkmod-dev:amd64 (27-1ubuntu2) ...
#6 14.22 Setting up python-pip-whl (20.0.2-5ubuntu1.6) ...
#6 14.24 Setting up libcap-dev:amd64 (1:2.32-1) ...
#6 14.25 Setting up python3-lib2to3 (3.8.10-0ubuntu1~20.04) ...
#6 14.46 Setting up python3-distutils (3.8.10-0ubuntu1~20.04) ...
#6 14.78 Setting up libblkid-dev:amd64 (2.34-0.1ubuntu9.3) ...
#6 14.95 Setting up gettext (0.19.8.1-10build1) ...
#6 15.04 Setting up python3-setuptools (45.2.0-1) ...
#6 15.47 Setting up m4 (1.4.18-4) ...
#6 15.54 Setting up libpython3.8-dev:amd64 (3.8.10-0ubuntu1~20.04.2) ...
#6 15.62 Setting up python3-pip (20.0.2-5ubuntu1.6) ...
#6 16.08 Setting up python3.8-dev (3.8.10-0ubuntu1~20.04.2) ...
#6 16.19 Setting up libmount-dev:amd64 (2.34-0.1ubuntu9.3) ...
#6 16.30 Setting up libpython3-dev:amd64 (3.8.2-0ubuntu2) ...
#6 16.37 Setting up python3-dev (3.8.2-0ubuntu2) ...
#6 16.45 Processing triggers for libc-bin (2.31-0ubuntu9.2) ...
#6 18.06 Collecting meson
#6 18.31   Downloading https://files.pythonhosted.org/packages/77/04/8de56b69d805406bf8c1d73934938680cec9d417fa39b4a68833729505a5/meson-0.61.2-py3-none-any.whl (850kB)
#6 18.50 Collecting ninja
#6 18.67   Downloading https://files.pythonhosted.org/packages/52/65/d212822d0f29afecbad20cc3b3f41b8eeb4b47bea728602b8ce0b2d347f5/ninja-1.10.2.3-py2.py3-none-manylinux_2_5_x86_64.manylinux1_x86_64.whl (108kB)
#6 18.74 Installing collected packages: meson, ninja
#6 19.83 Successfully installed meson-0.61.2 ninja-1.10.2.3
#6 20.10 WARNING: You are using pip version 19.2.3, however version 22.0.3 is available.
#6 20.10 You should consider upgrading via the 'pip install --upgrade pip' command.
#6 DONE 21.2s

#7 [3/5] RUN git clone --depth 1 https://github.com/systemd/systemd systemd
#7 sha256:460a84bb79350e9572d8a71a980716337f19a36b1981ab63a3330540507ce0eb
#7 0.583 Cloning into 'systemd'...
#7 DONE 7.4s

#8 [4/5] WORKDIR systemd
#8 sha256:7f5d4156e84771bfbb08aef1e008fb6faa5ce86c698a585e7302a0c5360caf2e
#8 DONE 0.4s

#10 [5/5] COPY build.sh /src/
#10 sha256:f5d47231289b9ed3ba159f612909a7939e798f4ccf1b28418ab6fe95a6f2f2f8
#10 DONE 0.1s

#11 exporting to image
#11 sha256:e8c613e07b0b7ff33893b694f7759a10d42e180f2b4dc349fb57dc6b71dcab00
#11 exporting layers done
#11 writing image sha256:257468f88023a3922eb80747c4a551ecd26b18b392fc3b67b76bba98d2c95881
#11 writing image sha256:257468f88023a3922eb80747c4a551ecd26b18b392fc3b67b76bba98d2c95881 0.0s done
#11 naming to gcr.io/fuzzbench/builders/benchmark/systemd_systemd done
#11 DONE 0.3s

#12 exporting cache
#12 sha256:2700d4ef94dee473593c5c614b55b2dedcca7893909811a8f2b48291a1f581e4
#12 preparing build cache for export done
#12 DONE 0.0s
------
 > importing cache manifest from gcr.io/fuzzbench/builders/benchmark/systemd_systemd:
------
#2 [internal] load .dockerignore
#2 sha256:0d233bc2a3ea4069f353f3ff127a409e67f0f305ca3df11a221972d343ae086b
#2 transferring context: 2B done
#2 DONE 0.1s

#1 [internal] load build definition from builder.Dockerfile
#1 sha256:0771db2365e389441250a9e336db7c4cfb6a03d730a6c843af42486971579a8e
#1 transferring dockerfile: 46B done
#1 DONE 0.2s

#3 [internal] load metadata for gcr.io/fuzzbench/builders/benchmark/systemd_systemd:latest
#3 sha256:fe381842cc1e0a22028ad6eb9fee318c197de3efe4339e393dd5d0f286a6d17b
#3 DONE 0.0s

#5 [1/3] FROM gcr.io/fuzzbench/builders/benchmark/systemd_systemd
#5 sha256:040d257ad029bf1e62959b95063d7633efa6ad6d286c027fd3e3f4c117d16df1
#5 DONE 0.0s

#4 importing cache manifest from gcr.io/fuzzbench/builders/afl/systemd_systemd-intermediate
#4 sha256:abb51a1103918a81048c29b6d6a589e9edafcf05ac8bf869e230e2acf493f983
#4 ERROR: gcr.io/fuzzbench/builders/afl/systemd_systemd-intermediate:latest: not found

#5 [1/3] FROM gcr.io/fuzzbench/builders/benchmark/systemd_systemd
#5 sha256:040d257ad029bf1e62959b95063d7633efa6ad6d286c027fd3e3f4c117d16df1
#5 DONE 1.0s

#6 [2/3] RUN git clone https://github.com/google/AFL.git /afl &&     cd /afl &&     git checkout 61037103ae3722c8060ff7082994836a794f978e &&     AFL_NO_X86=1 make
#6 sha256:a435962eeb40ea60862a91aedd77d9ca00d08bb48a5629bd0f0a9b7d62677068
#6 0.493 Cloning into '/afl'...
#6 1.582 Note: switching to '61037103ae3722c8060ff7082994836a794f978e'.
#6 1.582 
#6 1.582 You are in 'detached HEAD' state. You can look around, make experimental
#6 1.582 changes and commit them, and you can discard any commits you make in this
#6 1.582 state without impacting any branches by switching back to a branch.
#6 1.582 
#6 1.582 If you want to create a new branch to retain commits you create, you may
#6 1.582 do so (now or later) by using -c with the switch command. Example:
#6 1.582 
#6 1.582   git switch -c <new-branch-name>
#6 1.582 
#6 1.582 Or undo this operation with:
#6 1.582 
#6 1.582   git switch -
#6 1.582 
#6 1.582 Turn off this advice by setting config variable advice.detachedHead to false
#6 1.582 
#6 1.582 HEAD is now at 6103710 Fix a typo filename comparison in the fuzzer (#139)
#6 1.600 [!] Note: skipping x86 compilation checks (AFL_NO_X86 set).
#6 1.600 clang -O1 -fno-omit-frame-pointer -gline-tables-only -DFUZZING_BUILD_MODE_UNSAFE_FOR_PRODUCTION -Wall -D_FORTIFY_SOURCE=2 -g -Wno-pointer-sign -DAFL_PATH=\"/usr/local/lib/afl\" -DDOC_PATH=\"/usr/local/share/doc/afl\" -DBIN_PATH=\"/usr/local/bin\" afl-gcc.c -o afl-gcc -ldl
#6 1.781 set -e; for i in afl-g++ afl-clang afl-clang++; do ln -sf afl-gcc $i; done
#6 1.785 clang -O1 -fno-omit-frame-pointer -gline-tables-only -DFUZZING_BUILD_MODE_UNSAFE_FOR_PRODUCTION -Wall -D_FORTIFY_SOURCE=2 -g -Wno-pointer-sign -DAFL_PATH=\"/usr/local/lib/afl\" -DDOC_PATH=\"/usr/local/share/doc/afl\" -DBIN_PATH=\"/usr/local/bin\" afl-fuzz.c -o afl-fuzz -ldl
#6 4.161 clang -O1 -fno-omit-frame-pointer -gline-tables-only -DFUZZING_BUILD_MODE_UNSAFE_FOR_PRODUCTION -Wall -D_FORTIFY_SOURCE=2 -g -Wno-pointer-sign -DAFL_PATH=\"/usr/local/lib/afl\" -DDOC_PATH=\"/usr/local/share/doc/afl\" -DBIN_PATH=\"/usr/local/bin\" afl-showmap.c -o afl-showmap -ldl
#6 4.488 clang -O1 -fno-omit-frame-pointer -gline-tables-only -DFUZZING_BUILD_MODE_UNSAFE_FOR_PRODUCTION -Wall -D_FORTIFY_SOURCE=2 -g -Wno-pointer-sign -DAFL_PATH=\"/usr/local/lib/afl\" -DDOC_PATH=\"/usr/local/share/doc/afl\" -DBIN_PATH=\"/usr/local/bin\" afl-tmin.c -o afl-tmin -ldl
#6 4.909 clang -O1 -fno-omit-frame-pointer -gline-tables-only -DFUZZING_BUILD_MODE_UNSAFE_FOR_PRODUCTION -Wall -D_FORTIFY_SOURCE=2 -g -Wno-pointer-sign -DAFL_PATH=\"/usr/local/lib/afl\" -DDOC_PATH=\"/usr/local/share/doc/afl\" -DBIN_PATH=\"/usr/local/bin\" afl-gotcpu.c -o afl-gotcpu -ldl
#6 5.054 clang -O1 -fno-omit-frame-pointer -gline-tables-only -DFUZZING_BUILD_MODE_UNSAFE_FOR_PRODUCTION -Wall -D_FORTIFY_SOURCE=2 -g -Wno-pointer-sign -DAFL_PATH=\"/usr/local/lib/afl\" -DDOC_PATH=\"/usr/local/share/doc/afl\" -DBIN_PATH=\"/usr/local/bin\" afl-analyze.c -o afl-analyze -ldl
#6 5.443 clang -O1 -fno-omit-frame-pointer -gline-tables-only -DFUZZING_BUILD_MODE_UNSAFE_FOR_PRODUCTION -Wall -D_FORTIFY_SOURCE=2 -g -Wno-pointer-sign -DAFL_PATH=\"/usr/local/lib/afl\" -DDOC_PATH=\"/usr/local/share/doc/afl\" -DBIN_PATH=\"/usr/local/bin\" afl-as.c -o afl-as -ldl
#6 5.693 ln -sf afl-as as
#6 5.695 [!] Note: skipping build tests (you may need to use LLVM or QEMU mode).
#6 5.696 [+] LLVM users: see llvm_mode/README.llvm for a faster alternative to afl-gcc.
#6 5.697 [+] All done! Be sure to review README - it's pretty short and useful.
#6 DONE 6.4s

#7 [3/3] RUN apt-get update &&     apt-get install wget -y &&     wget https://raw.githubusercontent.com/llvm/llvm-project/5feb80e748924606531ba28c97fe65145c65372e/compiler-rt/lib/fuzzer/afl/afl_driver.cpp -O /afl/afl_driver.cpp &&     clang -Wno-pointer-sign -c /afl/llvm_mode/afl-llvm-rt.o.c -I/afl &&     clang++ -stdlib=libc++ -std=c++11 -O2 -c /afl/afl_driver.cpp &&     ar r /libAFL.a *.o
#7 sha256:8d49de52ef158b66db7b026c6d1f50f02542eaa4b280c907ed6560a73c692ec0
#7 0.771 Hit:1 http://ppa.launchpad.net/git-core/ppa/ubuntu focal InRelease
#7 0.771 Hit:2 http://archive.ubuntu.com/ubuntu focal InRelease
#7 0.771 Hit:3 http://security.ubuntu.com/ubuntu focal-security InRelease
#7 0.781 Hit:4 http://archive.ubuntu.com/ubuntu focal-updates InRelease
#7 0.802 Hit:5 http://archive.ubuntu.com/ubuntu focal-backports InRelease
#7 1.772 Reading package lists...
#7 3.276 Reading package lists...
#7 4.734 Building dependency tree...
#7 4.949 Reading state information...
#7 5.217 wget is already the newest version (1.20.3-1ubuntu2).
#7 5.217 0 upgraded, 0 newly installed, 0 to remove and 0 not upgraded.
#7 5.241 --2022-02-17 00:17:10--  https://raw.githubusercontent.com/llvm/llvm-project/5feb80e748924606531ba28c97fe65145c65372e/compiler-rt/lib/fuzzer/afl/afl_driver.cpp
#7 5.244 Resolving raw.githubusercontent.com (raw.githubusercontent.com)... 185.199.110.133, 185.199.109.133, 185.199.111.133, ...
#7 5.246 Connecting to raw.githubusercontent.com (raw.githubusercontent.com)|185.199.110.133|:443... connected.
#7 5.269 HTTP request sent, awaiting response... 200 OK
#7 5.288 Length: 9177 (9.0K) [text/plain]
#7 5.288 Saving to: '/afl/afl_driver.cpp'
#7 5.289 
#7 5.289      0K ........                                              100% 6.45M=0.001s
#7 5.290 
#7 5.290 2022-02-17 00:17:10 (6.45 MB/s) - '/afl/afl_driver.cpp' saved [9177/9177]
#7 5.290 
#7 7.145 ar: creating /libAFL.a
#7 DONE 9.7s

#8 exporting to image
#8 sha256:e8c613e07b0b7ff33893b694f7759a10d42e180f2b4dc349fb57dc6b71dcab00
#8 exporting layers done
#8 writing image sha256:c021a9e752c38e1f842d20aaf4bf277efe8c50e3825d5d15a93194ce0df05704 done
#8 naming to gcr.io/fuzzbench/builders/afl/systemd_systemd-intermediate done
#8 DONE 0.3s

#9 exporting cache
#9 sha256:2700d4ef94dee473593c5c614b55b2dedcca7893909811a8f2b48291a1f581e4
#9 preparing build cache for export done
#9 DONE 0.0s
------
 > importing cache manifest from gcr.io/fuzzbench/builders/afl/systemd_systemd-intermediate:
------
#2 [internal] load .dockerignore
#2 sha256:74f0a9ed380427e458400e0bbd59f9248097945a505ef075bf792d1a50aacb58
#2 transferring context: 34B done
#2 ...

#1 [internal] load build definition from Dockerfile
#1 sha256:56c56afce2ebf94db845016d030292f31d6f28f891ed353b05694e3a35f72e45
#1 transferring dockerfile: 2.00kB done
#1 DONE 0.4s

#2 [internal] load .dockerignore
#2 sha256:74f0a9ed380427e458400e0bbd59f9248097945a505ef075bf792d1a50aacb58
#2 DONE 0.7s

#3 [internal] load metadata for docker.io/library/ubuntu:xenial
#3 sha256:f62bae18ed588840f045c881b2502661f2a89578a2f8f99b83f5200ee83dd25b
#3 DONE 0.0s

#5 [1/7] FROM docker.io/library/ubuntu:xenial
#5 sha256:14dd403f25ae9e519bd44f27dc17af7ce80f5a4f9f48ca88108364e67ec5d360
#5 DONE 0.0s

#4 importing cache manifest from gcr.io/fuzzbench/base-image
#4 sha256:9b220ebb4d4daceed1b96df9b6dca076e762f1cd612574f010b82d5b9e5ad896
#4 DONE 0.0s

#8 [internal] load build context
#8 sha256:e5d76481c6e7a1f713648c5f18ceda1ce9a453f353985a7b8165f463b1f857a1
#8 transferring context: 559B 0.0s done
#8 DONE 0.1s

#9 [4/7] COPY ./requirements.txt /
#9 sha256:37c7529017130b3508c83925f47289cf341c14843899379ca9769040b8603e67
#9 CACHED

#10 [5/7] RUN pip3 install -r /requirements.txt
#10 sha256:da1db29436557d322692c4d5457fe6f01bd3ac6422e9e85afe78c7a300b1802a
#10 CACHED

#11 [6/7] RUN apt-get update -y && apt-get install -y     apt-transport-https     lsb-release
#11 sha256:686a563260a5aa6b360a2fc658b0a9282d04084e6937f6f5246a9d295742a46a
#11 CACHED

#6 [2/7] RUN apt-get update -y && apt-get install -y     build-essential     rsync     curl     zlib1g-dev     libncurses5-dev     libgdbm-dev     libnss3-dev     libssl-dev     libreadline-dev     libffi-dev     virtualenv     libbz2-dev     liblzma-dev     libsqlite3-dev
#6 sha256:3a1b0960f17eed529eaae93dc8fd3554f2743dd584d8fa569cdbe6bc734371ac
#6 CACHED

#7 [3/7] RUN cd /tmp/ &&     curl -O https://www.python.org/ftp/python/3.8.6/Python-3.8.6.tar.xz &&     tar -xvf Python-3.8.6.tar.xz &&     cd Python-3.8.6 &&     ./configure --enable-loadable-sqlite-extensions --enable-optimizations &&     make -j install &&     rm -r /tmp/Python-3.8.6.tar.xz /tmp/Python-3.8.6
#7 sha256:c5b9d1fb3371e84dbc60b76e7b2f8d5913bc93bcd4910ab65daa03e7b2ec4bb0
#7 CACHED

#12 [7/7] RUN CLOUD_SDK_REPO="cloud-sdk-$(lsb_release -c -s)" &&     echo "deb https://packages.cloud.google.com/apt $CLOUD_SDK_REPO main"     | tee -a /etc/apt/sources.list.d/google-cloud-sdk.list &&     curl https://packages.cloud.google.com/apt/doc/apt-key.gpg     | apt-key add - &&     apt-get update -y &&     apt-get install -y google-cloud-sdk
#12 sha256:90e186026c1f4dbb1c5e8bcf0d28afcdaf54aca3b4b41c111c30ea8808b131dd
#12 CACHED

#13 exporting to image
#13 sha256:e8c613e07b0b7ff33893b694f7759a10d42e180f2b4dc349fb57dc6b71dcab00
#13 exporting layers done
#13 writing image sha256:d22c0bd101801931c6d6e62a988c4bfa3adad63664261e8d24ef6559eead7bbd done
#13 naming to gcr.io/fuzzbench/base-image done
#13 DONE 0.1s

#14 exporting cache
#14 sha256:2700d4ef94dee473593c5c614b55b2dedcca7893909811a8f2b48291a1f581e4
#14 preparing build cache for export done
#14 DONE 0.0s
#1 [internal] load build definition from Dockerfile
#1 sha256:9a8b499dbeeba0d785a67ed5f6537d316065e48f32c28815cdc2a28991953382
#1 transferring dockerfile: 2.22kB done
#1 DONE 0.1s

#2 [internal] load .dockerignore
#2 sha256:73ef381ff78fae6269ffd03f3c0d08c2d9cf12facd2625024d87c130f2c6916f
#2 transferring context: 34B done
#2 DONE 0.1s

#4 [internal] load metadata for gcr.io/fuzzbench/base-image:latest
#4 sha256:932022888f650cc455b10eb5123bb08c0cccacac29a693e69314abbfd28a72c3
#4 DONE 0.0s

#3 [internal] load metadata for gcr.io/fuzzbench/builders/afl/systemd_systemd-intermediate:latest
#3 sha256:5d8e06f48172041795eed7bf5b6f879f05731f768e6fd800e92203fa8be46649
#3 DONE 0.0s

#12 [internal] load build context
#12 sha256:7d3a22d110b3c29b3ee5c3ff359e4b6b65b1e2dda29bd9822f05e2d30b09fb48
#12 DONE 0.0s

#7 [base-image 1/1] FROM gcr.io/fuzzbench/base-image
#7 sha256:4d07825694520f8b6f6a0d8592dbd345433361ae044cb7f06706c5a95e3daaad
#7 DONE 0.0s

#6 [stage-1  1/13] FROM gcr.io/fuzzbench/builders/afl/systemd_systemd-intermediate
#6 sha256:3d4925ada3e4400f2094b3cacee5d4ed91d39dd4ecdaf9da6ba78266b1d22e80
#6 DONE 0.0s

#5 importing cache manifest from gcr.io/fuzzbench/builders/afl/systemd_systemd
#5 sha256:7a3f3a597a4b923e3a41e9740ca84b60f1b17000ffa5cb3a70a62a782c43be37
#5 ERROR: gcr.io/fuzzbench/builders/afl/systemd_systemd:latest: not found

#7 [base-image 1/1] FROM gcr.io/fuzzbench/base-image
#7 sha256:4d07825694520f8b6f6a0d8592dbd345433361ae044cb7f06706c5a95e3daaad
#7 CACHED

#12 [internal] load build context
#12 sha256:7d3a22d110b3c29b3ee5c3ff359e4b6b65b1e2dda29bd9822f05e2d30b09fb48
#12 transferring context: 669.87kB 0.1s done
#12 DONE 0.4s

#6 [stage-1  1/13] FROM gcr.io/fuzzbench/builders/afl/systemd_systemd-intermediate
#6 sha256:3d4925ada3e4400f2094b3cacee5d4ed91d39dd4ecdaf9da6ba78266b1d22e80
#6 DONE 1.1s

#8 [stage-1  2/13] COPY --from=base-image /usr/local/bin/python3* /usr/local/bin/
#8 sha256:548398038e348fe67aa42d6ef0ec3f88eb326bc966808c73e2de7d3720a7d662
#8 DONE 0.8s

#9 [stage-1  3/13] COPY --from=base-image /usr/local/lib/python3.8 /usr/local/lib/python3.8
#9 sha256:5012454116ead286ff397d46d4a7c308fbadf916afdff834ad3c9e222da763a7
#9 DONE 14.7s

#10 [stage-1  4/13] COPY --from=base-image /usr/local/include/python3.8 /usr/local/include/python3.8
#10 sha256:e3038e25a503b0dd7892c3a3905be525e242e36dc69ea0b7e3bde0845a5a2c6a
#10 DONE 0.2s

#11 [stage-1  5/13] COPY --from=base-image /usr/local/lib/python3.8/site-packages /usr/local/lib/python3.8/site-packages
#11 sha256:e9fe0323ab910fb3fd8abf3ba235ea451a682c343f670ca039a1c5218456eae4
#11 DONE 23.0s

#13 [stage-1  6/13] COPY fuzzers /src/fuzzers
#13 sha256:889c784c5f093afb495a4b35c7da1bebff5c0ad742c3a38de0482afd148d006a
#13 DONE 0.3s

#14 [stage-1  7/13] RUN touch /src/__init__.py
#14 sha256:ab1e3f52a63ff83632c284a48f40fa3b31f3c895f620054f2d39ba79efe9daf3
#14 DONE 2.6s

#15 [stage-1  8/13] COPY benchmarks/systemd_systemd/benchmark.yaml /
#15 sha256:98497b089eb2a5f0c9278082dbccad34ef7313af7c0dd5bef89f99e335902d30
#15 DONE 0.4s

#16 [stage-1  9/13] RUN mkdir /opt/fuzzbench/
#16 sha256:e5735e55d517fbb9adbc0f6e72cd3b3bfa3821890d33cd2d5d1df546ca4d0c17
#16 DONE 0.9s

#17 [stage-1 10/13] COPY docker/benchmark-builder/checkout_commit.py /opt/fuzzbench/
#17 sha256:d657b8d6b338d0d9ef6cbc8b17b64c6016b0b95c7e63c78430acb6c1b0d01af4
#17 DONE 0.4s

#18 [stage-1 11/13] RUN export CHECKOUT_COMMIT=$(cat /benchmark.yaml | tr -d ' ' | grep 'commit:' | cut -d ':' -f2) &&     python3 -u /opt/fuzzbench/checkout_commit.py $CHECKOUT_COMMIT /src
#18 sha256:63b0e92514fb553690ea06f1b77c350248bd987c718ab7bb07cf9b7e4ac69516
#18 0.594 Checking out commit c20c3b80
#18 57.97 From https://github.com/systemd/systemd
#18 57.97  * [new tag]               001        -> 001
#18 57.97  * [new tag]               002        -> 002
#18 57.97  * [new tag]               003        -> 003
#18 57.97  * [new tag]               004        -> 004
#18 57.97  * [new tag]               005        -> 005
#18 57.97  * [new tag]               006        -> 006
#18 57.97  * [new tag]               007        -> 007
#18 57.97  * [new tag]               008        -> 008
#18 57.97  * [new tag]               009        -> 009
#18 57.97  * [new tag]               010        -> 010
#18 57.97  * [new tag]               011        -> 011
#18 57.97  * [new tag]               012        -> 012
#18 57.97  * [new tag]               013        -> 013
#18 57.97  * [new tag]               014        -> 014
#18 57.97  * [new tag]               015        -> 015
#18 57.97  * [new tag]               016        -> 016
#18 57.97  * [new tag]               017        -> 017
#18 57.97  * [new tag]               018        -> 018
#18 57.97  * [new tag]               019        -> 019
#18 57.97  * [new tag]               020        -> 020
#18 57.98  * [new tag]               021        -> 021
#18 57.98  * [new tag]               022        -> 022
#18 57.98  * [new tag]               023        -> 023
#18 57.98  * [new tag]               024        -> 024
#18 57.98  * [new tag]               025        -> 025
#18 57.98  * [new tag]               026        -> 026
#18 57.98  * [new tag]               027        -> 027
#18 57.98  * [new tag]               028        -> 028
#18 57.98  * [new tag]               029        -> 029
#18 57.98  * [new tag]               030        -> 030
#18 57.98  * [new tag]               031        -> 031
#18 57.98  * [new tag]               032        -> 032
#18 57.98  * [new tag]               033        -> 033
#18 57.98  * [new tag]               034        -> 034
#18 57.98  * [new tag]               035        -> 035
#18 57.98  * [new tag]               036        -> 036
#18 57.98  * [new tag]               037        -> 037
#18 57.98  * [new tag]               038        -> 038
#18 57.98  * [new tag]               039        -> 039
#18 57.98  * [new tag]               040        -> 040
#18 57.98  * [new tag]               042        -> 042
#18 57.98  * [new tag]               043        -> 043
#18 57.98  * [new tag]               044        -> 044
#18 57.98  * [new tag]               045        -> 045
#18 57.98  * [new tag]               046        -> 046
#18 57.98  * [new tag]               047        -> 047
#18 57.98  * [new tag]               048        -> 048
#18 57.98  * [new tag]               049        -> 049
#18 57.98  * [new tag]               050        -> 050
#18 57.98  * [new tag]               051        -> 051
#18 57.98  * [new tag]               052        -> 052
#18 57.98  * [new tag]               053        -> 053
#18 57.98  * [new tag]               054        -> 054
#18 57.98  * [new tag]               055        -> 055
#18 57.98  * [new tag]               056        -> 056
#18 57.98  * [new tag]               057        -> 057
#18 57.98  * [new tag]               058        -> 058
#18 57.98  * [new tag]               059        -> 059
#18 57.98  * [new tag]               060        -> 060
#18 57.99  * [new tag]               061        -> 061
#18 57.99  * [new tag]               062        -> 062
#18 57.99  * [new tag]               064        -> 064
#18 57.99  * [new tag]               174        -> 174
#18 57.99  * [new tag]               175        -> 175
#18 57.99  * [new tag]               176        -> 176
#18 57.99  * [new tag]               177        -> 177
#18 57.99  * [new tag]               178        -> 178
#18 57.99  * [new tag]               179        -> 179
#18 57.99  * [new tag]               180        -> 180
#18 57.99  * [new tag]               181        -> 181
#18 57.99  * [new tag]               182        -> 182
#18 57.99  * [new tag]               v1         -> v1
#18 57.99  * [new tag]               v10        -> v10
#18 57.99  * [new tag]               v11        -> v11
#18 57.99  * [new tag]               v12        -> v12
#18 57.99  * [new tag]               v13        -> v13
#18 57.99  * [new tag]               v14        -> v14
#18 57.99  * [new tag]               v15        -> v15
#18 57.99  * [new tag]               v16        -> v16
#18 57.99  * [new tag]               v17        -> v17
#18 57.99  * [new tag]               v18        -> v18
#18 57.99  * [new tag]               v183       -> v183
#18 57.99  * [new tag]               v184       -> v184
#18 57.99  * [new tag]               v185       -> v185
#18 57.99  * [new tag]               v186       -> v186
#18 57.99  * [new tag]               v187       -> v187
#18 57.99  * [new tag]               v188       -> v188
#18 57.99  * [new tag]               v189       -> v189
#18 57.99  * [new tag]               v19        -> v19
#18 57.99  * [new tag]               v190       -> v190
#18 57.99  * [new tag]               v191       -> v191
#18 57.99  * [new tag]               v192       -> v192
#18 57.99  * [new tag]               v193       -> v193
#18 57.99  * [new tag]               v194       -> v194
#18 57.99  * [new tag]               v195       -> v195
#18 57.99  * [new tag]               v196       -> v196
#18 57.99  * [new tag]               v197       -> v197
#18 57.99  * [new tag]               v198       -> v198
#18 57.99  * [new tag]               v199       -> v199
#18 57.99  * [new tag]               v2         -> v2
#18 57.99  * [new tag]               v20        -> v20
#18 57.99  * [new tag]               v200       -> v200
#18 57.99  * [new tag]               v201       -> v201
#18 57.99  * [new tag]               v202       -> v202
#18 57.99  * [new tag]               v203       -> v203
#18 57.99  * [new tag]               v204       -> v204
#18 58.00  * [new tag]               v205       -> v205
#18 58.00  * [new tag]               v206       -> v206
#18 58.00  * [new tag]               v207       -> v207
#18 58.00  * [new tag]               v208       -> v208
#18 58.00  * [new tag]               v209       -> v209
#18 58.00  * [new tag]               v21        -> v21
#18 58.00  * [new tag]               v210       -> v210
#18 58.00  * [new tag]               v211       -> v211
#18 58.00  * [new tag]               v212       -> v212
#18 58.00  * [new tag]               v213       -> v213
#18 58.00  * [new tag]               v214       -> v214
#18 58.00  * [new tag]               v215       -> v215
#18 58.00  * [new tag]               v216       -> v216
#18 58.00  * [new tag]               v217       -> v217
#18 58.00  * [new tag]               v218       -> v218
#18 58.00  * [new tag]               v219       -> v219
#18 58.00  * [new tag]               v22        -> v22
#18 58.00  * [new tag]               v220       -> v220
#18 58.00  * [new tag]               v221       -> v221
#18 58.00  * [new tag]               v222       -> v222
#18 58.00  * [new tag]               v223       -> v223
#18 58.00  * [new tag]               v224       -> v224
#18 58.00  * [new tag]               v225       -> v225
#18 58.00  * [new tag]               v226       -> v226
#18 58.00  * [new tag]               v227       -> v227
#18 58.00  * [new tag]               v228       -> v228
#18 58.00  * [new tag]               v229       -> v229
#18 58.00  * [new tag]               v23        -> v23
#18 58.00  * [new tag]               v230       -> v230
#18 58.00  * [new tag]               v231       -> v231
#18 58.00  * [new tag]               v232       -> v232
#18 58.00  * [new tag]               v233       -> v233
#18 58.00  * [new tag]               v234       -> v234
#18 58.00  * [new tag]               v235       -> v235
#18 58.00  * [new tag]               v236       -> v236
#18 58.01  * [new tag]               v237       -> v237
#18 58.01  * [new tag]               v238       -> v238
#18 58.01  * [new tag]               v239       -> v239
#18 58.01  * [new tag]               v24        -> v24
#18 58.01  * [new tag]               v240       -> v240
#18 58.01  * [new tag]               v241       -> v241
#18 58.01  * [new tag]               v241-rc1   -> v241-rc1
#18 58.01  * [new tag]               v241-rc2   -> v241-rc2
#18 58.01  * [new tag]               v242       -> v242
#18 58.01  * [new tag]               v242-rc1   -> v242-rc1
#18 58.01  * [new tag]               v242-rc2   -> v242-rc2
#18 58.01  * [new tag]               v242-rc3   -> v242-rc3
#18 58.01  * [new tag]               v242-rc4   -> v242-rc4
#18 58.01  * [new tag]               v243       -> v243
#18 58.01  * [new tag]               v243-rc1   -> v243-rc1
#18 58.01  * [new tag]               v243-rc2   -> v243-rc2
#18 58.01  * [new tag]               v244       -> v244
#18 58.01  * [new tag]               v244-rc1   -> v244-rc1
#18 58.01  * [new tag]               v245       -> v245
#18 58.01  * [new tag]               v245-rc1   -> v245-rc1
#18 58.01  * [new tag]               v245-rc2   -> v245-rc2
#18 58.01  * [new tag]               v246       -> v246
#18 58.01  * [new tag]               v246-rc1   -> v246-rc1
#18 58.01  * [new tag]               v246-rc2   -> v246-rc2
#18 58.01  * [new tag]               v247       -> v247
#18 58.01  * [new tag]               v247-rc1   -> v247-rc1
#18 58.01  * [new tag]               v247-rc2   -> v247-rc2
#18 58.01  * [new tag]               v248       -> v248
#18 58.01  * [new tag]               v248-rc1   -> v248-rc1
#18 58.01  * [new tag]               v248-rc2   -> v248-rc2
#18 58.01  * [new tag]               v248-rc3   -> v248-rc3
#18 58.01  * [new tag]               v248-rc4   -> v248-rc4
#18 58.01  * [new tag]               v249       -> v249
#18 58.01  * [new tag]               v249-rc1   -> v249-rc1
#18 58.01  * [new tag]               v249-rc2   -> v249-rc2
#18 58.01  * [new tag]               v249-rc3   -> v249-rc3
#18 58.01  * [new tag]               v25        -> v25
#18 58.01  * [new tag]               v250       -> v250
#18 58.01  * [new tag]               v250-rc1   -> v250-rc1
#18 58.01  * [new tag]               v250-rc2   -> v250-rc2
#18 58.01  * [new tag]               v250-rc3   -> v250-rc3
#18 58.02  * [new tag]               v26        -> v26
#18 58.02  * [new tag]               v27        -> v27
#18 58.02  * [new tag]               v28        -> v28
#18 58.02  * [new tag]               v29        -> v29
#18 58.02  * [new tag]               v3         -> v3
#18 58.02  * [new tag]               v30        -> v30
#18 58.02  * [new tag]               v31        -> v31
#18 58.02  * [new tag]               v32        -> v32
#18 58.02  * [new tag]               v33        -> v33
#18 58.02  * [new tag]               v34        -> v34
#18 58.02  * [new tag]               v35        -> v35
#18 58.02  * [new tag]               v36        -> v36
#18 58.02  * [new tag]               v37        -> v37
#18 58.02  * [new tag]               v38        -> v38
#18 58.02  * [new tag]               v39        -> v39
#18 58.02  * [new tag]               v4         -> v4
#18 58.02  * [new tag]               v40        -> v40
#18 58.02  * [new tag]               v41        -> v41
#18 58.02  * [new tag]               v42        -> v42
#18 58.02  * [new tag]               v43        -> v43
#18 58.02  * [new tag]               v44        -> v44
#18 58.02  * [new tag]               v5         -> v5
#18 58.02  * [new tag]               v6         -> v6
#18 58.02  * [new tag]               v7         -> v7
#18 58.02  * [new tag]               v8         -> v8
#18 58.02  * [new tag]               v9         -> v9
#18 58.03 error: pathspec 'c20c3b80' did not match any file(s) known to git
#18 58.52 error: pathspec 'c20c3b80' did not match any file(s) known to git
#18 58.53 error: pathspec 'c20c3b80' did not match any file(s) known to git
#18 58.59 error: pathspec 'c20c3b80' did not match any file(s) known to git
#18 58.64 Checkout unsuccessful.
#18 DONE 61.2s

#19 [stage-1 12/13] RUN echo "#!/bin/bash\nPYTHONPATH=/src python3 -u -c "from fuzzers import utils; utils.initialize_env(); from fuzzers.afl import fuzzer; fuzzer.build()"" > /usr/bin/fuzzer_build &&     chmod +x /usr/bin/fuzzer_build
#19 sha256:987fcf6ca8b2d73e083ee9c7504b4d0c69bc77552217c54755cd54c699653a18
#19 DONE 3.2s

#20 [stage-1 13/13] RUN echo "Run fuzzer_build to build the target" && if [ -z "$debug_builder" ] ; then fuzzer_build; fi
#20 sha256:da94d753dd9d2fdf5923cad2fc483f45efb0fcb32780d328ec9d54a614e4b0d2
#20 1.445 Run fuzzer_build to build the target
#20 1.560 FUZZ_TARGET = systemd
#20 1.560 CFLAGS = -DFUZZING_BUILD_MODE_UNSAFE_FOR_PRODUCTION -pthread -Wl,--no-as-needed -Wl,-ldl -Wl,-lm -Wno-unused-command-line-argument -O3
#20 1.560 CXXFLAGS = -DFUZZING_BUILD_MODE_UNSAFE_FOR_PRODUCTION -pthread -Wl,--no-as-needed -Wl,-ldl -Wl,-lm -Wno-unused-command-line-argument -stdlib=libc++ -O3
#20 1.568 Building benchmark systemd_systemd with fuzzer afl
#20 1.572 + tools/oss-fuzz.sh
#20 1.574 + export LC_CTYPE=C.UTF-8
#20 1.574 + LC_CTYPE=C.UTF-8
#20 1.574 + export CC=clang
#20 1.574 + CC=clang
#20 1.574 + export CXX=clang++
#20 1.574 + CXX=clang++
#20 1.575 ++ clang --version
#20 1.575 ++ sed -nr 's/.*version ([^ ]+?) .*/\1/p'
#20 1.576 ++ sed -r 's/-$//'
#20 1.653 + clang_version=14.0.0
#20 1.653 + SANITIZER=address
#20 1.653 + flags='-O1 -fno-omit-frame-pointer -g -DFUZZING_BUILD_MODE_UNSAFE_FOR_PRODUCTION -fsanitize=address'
#20 1.653 + clang_lib=/usr/lib64/clang/14.0.0/lib/linux
#20 1.653 + '[' -d /usr/lib64/clang/14.0.0/lib/linux ']'
#20 1.653 + clang_lib=/usr/lib/clang/14.0.0/lib/linux
#20 1.653 + export 'CFLAGS=-DFUZZING_BUILD_MODE_UNSAFE_FOR_PRODUCTION -pthread -Wl,--no-as-needed -Wl,-ldl -Wl,-lm -Wno-unused-command-line-argument -O3 -fsanitize-coverage=trace-pc-guard'
#20 1.653 + CFLAGS='-DFUZZING_BUILD_MODE_UNSAFE_FOR_PRODUCTION -pthread -Wl,--no-as-needed -Wl,-ldl -Wl,-lm -Wno-unused-command-line-argument -O3 -fsanitize-coverage=trace-pc-guard'
#20 1.653 + export 'CXXFLAGS=-DFUZZING_BUILD_MODE_UNSAFE_FOR_PRODUCTION -pthread -Wl,--no-as-needed -Wl,-ldl -Wl,-lm -Wno-unused-command-line-argument -stdlib=libc++ -O3 -fsanitize-coverage=trace-pc-guard'
#20 1.653 + CXXFLAGS='-DFUZZING_BUILD_MODE_UNSAFE_FOR_PRODUCTION -pthread -Wl,--no-as-needed -Wl,-ldl -Wl,-lm -Wno-unused-command-line-argument -stdlib=libc++ -O3 -fsanitize-coverage=trace-pc-guard'
#20 1.653 + export LDFLAGS=-L/usr/lib/clang/14.0.0/lib/linux
#20 1.653 + LDFLAGS=-L/usr/lib/clang/14.0.0/lib/linux
#20 1.653 + export WORK=/work
#20 1.653 + WORK=/work
#20 1.653 + export OUT=/out
#20 1.653 + OUT=/out
#20 1.653 + mkdir -p /out
#20 1.655 + build=/work/build
#20 1.655 + rm -rf /work/build
#20 1.657 + mkdir -p /work/build
#20 1.659 + '[' -z libfuzzer ']'
#20 1.659 + fuzzflag=oss-fuzz=true
#20 1.659 + apt-get update
#20 2.150 Hit:1 http://ppa.launchpad.net/git-core/ppa/ubuntu focal InRelease
#20 2.150 Hit:2 http://archive.ubuntu.com/ubuntu focal InRelease
#20 2.150 Hit:3 http://archive.ubuntu.com/ubuntu focal-updates InRelease
#20 2.150 Hit:4 http://archive.ubuntu.com/ubuntu focal-backports InRelease
#20 2.150 Hit:5 http://security.ubuntu.com/ubuntu focal-security InRelease
#20 3.658 Reading package lists...
#20 5.102 + apt-get install -y gperf m4 gettext python3-pip libcap-dev libmount-dev libkmod-dev pkg-config wget python3-jinja2 zipmerge
#20 5.174 Reading package lists...
#20 6.585 Building dependency tree...
#20 6.797 Reading state information...
#20 7.020 gettext is already the newest version (0.19.8.1-10build1).
#20 7.020 libcap-dev is already the newest version (1:2.32-1).
#20 7.020 libkmod-dev is already the newest version (27-1ubuntu2).
#20 7.020 m4 is already the newest version (1.4.18-4).
#20 7.020 pkg-config is already the newest version (0.29.1-0ubuntu4).
#20 7.020 gperf is already the newest version (3.1-1build1).
#20 7.020 libmount-dev is already the newest version (2.34-0.1ubuntu9.3).
#20 7.020 wget is already the newest version (1.20.3-1ubuntu2).
#20 7.020 python3-pip is already the newest version (20.0.2-5ubuntu1.6).
#20 7.020 The following additional packages will be installed:
#20 7.021   libzip5 python3-markupsafe
#20 7.023 Suggested packages:
#20 7.023   python-jinja2-doc
#20 7.098 The following NEW packages will be installed:
#20 7.099   libzip5 python3-jinja2 python3-markupsafe zipmerge
#20 7.172 0 upgraded, 4 newly installed, 0 to remove and 0 not upgraded.
#20 7.172 Need to get 164 kB of archives.
#20 7.172 After this operation, 722 kB of additional disk space will be used.
#20 7.172 Get:1 http://archive.ubuntu.com/ubuntu focal/universe amd64 libzip5 amd64 1.5.1-0ubuntu1 [46.7 kB]
#20 7.241 Get:2 http://archive.ubuntu.com/ubuntu focal/main amd64 python3-markupsafe amd64 1.1.0-1build2 [13.9 kB]
#20 7.245 Get:3 http://archive.ubuntu.com/ubuntu focal/main amd64 python3-jinja2 all 2.10.1-2 [95.5 kB]
#20 7.276 Get:4 http://archive.ubuntu.com/ubuntu focal/universe amd64 zipmerge amd64 1.5.1-0ubuntu1 [7988 B]
#20 7.933 debconf: delaying package configuration, since apt-utils is not installed
#20 8.226 Fetched 164 kB in 0s (980 kB/s)
#20 9.312 Selecting previously unselected package libzip5:amd64.
#20 9.312 (Reading database ... (Reading database ... 5%(Reading database ... 10%(Reading database ... 15%(Reading database ... 20%(Reading database ... 25%(Reading database ... 30%(Reading database ... 35%(Reading database ... 40%(Reading database ... 45%(Reading database ... 50%(Reading database ... 55%(Reading database ... 60%(Reading database ... 65%(Reading database ... 70%(Reading database ... 75%(Reading database ... 80%(Reading database ... 85%(Reading database ... 90%(Reading database ... 95%(Reading database ... 100%(Reading database ... 22606 files and directories currently installed.)
#20 9.345 Preparing to unpack .../libzip5_1.5.1-0ubuntu1_amd64.deb ...
#20 9.521 Unpacking libzip5:amd64 (1.5.1-0ubuntu1) ...
#20 9.894 Selecting previously unselected package python3-markupsafe.
#20 9.897 Preparing to unpack .../python3-markupsafe_1.1.0-1build2_amd64.deb ...
#20 9.927 Unpacking python3-markupsafe (1.1.0-1build2) ...
#20 10.08 Selecting previously unselected package python3-jinja2.
#20 10.08 Preparing to unpack .../python3-jinja2_2.10.1-2_all.deb ...
#20 10.11 Unpacking python3-jinja2 (2.10.1-2) ...
#20 10.28 Selecting previously unselected package zipmerge.
#20 10.28 Preparing to unpack .../zipmerge_1.5.1-0ubuntu1_amd64.deb ...
#20 10.30 Unpacking zipmerge (1.5.1-0ubuntu1) ...
#20 10.47 Setting up libzip5:amd64 (1.5.1-0ubuntu1) ...
#20 10.55 Setting up zipmerge (1.5.1-0ubuntu1) ...
#20 10.62 Setting up python3-markupsafe (1.1.0-1build2) ...
#20 10.90 Setting up python3-jinja2 (2.10.1-2) ...
#20 11.26 Processing triggers for libc-bin (2.31-0ubuntu9.2) ...
#20 11.40 + apt-get install -y gnu-efi zstd
#20 11.48 Reading package lists...
#20 12.90 Building dependency tree...
#20 13.12 Reading state information...
#20 13.37 The following NEW packages will be installed:
#20 13.37   gnu-efi zstd
#20 13.45 0 upgraded, 2 newly installed, 0 to remove and 0 not upgraded.
#20 13.45 Need to get 462 kB of archives.
#20 13.45 After this operation, 2285 kB of additional disk space will be used.
#20 13.45 Get:1 http://archive.ubuntu.com/ubuntu focal/main amd64 gnu-efi amd64 3.0.9-1 [119 kB]
#20 13.57 Get:2 http://archive.ubuntu.com/ubuntu focal-updates/universe amd64 zstd amd64 1.4.4+dfsg-3ubuntu0.1 [343 kB]
#20 13.82 debconf: delaying package configuration, since apt-utils is not installed
#20 13.87 Fetched 462 kB in 0s (2014 kB/s)
#20 13.95 Selecting previously unselected package gnu-efi.
#20 13.95 (Reading database ... (Reading database ... 5%(Reading database ... 10%(Reading database ... 15%(Reading database ... 20%(Reading database ... 25%(Reading database ... 30%(Reading database ... 35%(Reading database ... 40%(Reading database ... 45%(Reading database ... 50%(Reading database ... 55%(Reading database ... 60%(Reading database ... 65%(Reading database ... 70%(Reading database ... 75%(Reading database ... 80%(Reading database ... 85%(Reading database ... 90%(Reading database ... 95%(Reading database ... 100%(Reading database ... 22671 files and directories currently installed.)
#20 13.97 Preparing to unpack .../gnu-efi_3.0.9-1_amd64.deb ...
#20 14.01 Unpacking gnu-efi (3.0.9-1) ...
#20 14.18 Selecting previously unselected package zstd.
#20 14.18 Preparing to unpack .../zstd_1.4.4+dfsg-3ubuntu0.1_amd64.deb ...
#20 14.20 Unpacking zstd (1.4.4+dfsg-3ubuntu0.1) ...
#20 14.39 Setting up gnu-efi (3.0.9-1) ...
#20 14.44 Setting up zstd (1.4.4+dfsg-3ubuntu0.1) ...
#20 14.53 + pip3 install -r .github/workflows/requirements.txt --require-hashes
#20 15.14 WARNING: pip is being invoked by an old script wrapper. This will fail in a future version of pip.
#20 15.14 Please see https://github.com/pypa/pip/issues/5599 for advice on fixing the underlying issue.
#20 15.14 To avoid this problem you can invoke Python with '-m pip' instead of running pip directly.
#20 15.26 WARNING: pip is configured with locations that require TLS/SSL, however the ssl module in Python is not available.
#20 15.39 WARNING: Retrying (Retry(total=4, connect=None, read=None, redirect=None, status=None)) after connection broken by 'SSLError("Can't connect to HTTPS URL because the SSL module is not available.")': /simple/meson/
#20 15.89 WARNING: Retrying (Retry(total=3, connect=None, read=None, redirect=None, status=None)) after connection broken by 'SSLError("Can't connect to HTTPS URL because the SSL module is not available.")': /simple/meson/
#20 16.90 WARNING: Retrying (Retry(total=2, connect=None, read=None, redirect=None, status=None)) after connection broken by 'SSLError("Can't connect to HTTPS URL because the SSL module is not available.")': /simple/meson/
#20 18.90 WARNING: Retrying (Retry(total=1, connect=None, read=None, redirect=None, status=None)) after connection broken by 'SSLError("Can't connect to HTTPS URL because the SSL module is not available.")': /simple/meson/
#20 22.90 WARNING: Retrying (Retry(total=0, connect=None, read=None, redirect=None, status=None)) after connection broken by 'SSLError("Can't connect to HTTPS URL because the SSL module is not available.")': /simple/meson/
#20 22.90 Could not fetch URL https://pypi.org/simple/meson/: There was a problem confirming the ssl certificate: HTTPSConnectionPool(host='pypi.org', port=443): Max retries exceeded with url: /simple/meson/ (Caused by SSLError("Can't connect to HTTPS URL because the SSL module is not available.")) - skipping
#20 22.91 ERROR: Could not find a version that satisfies the requirement meson==0.60.3 (from -r .github/workflows/requirements.txt (line 1)) (from versions: none)
#20 22.91 ERROR: No matching distribution found for meson==0.60.3 (from -r .github/workflows/requirements.txt (line 1))
#20 22.99 WARNING: pip is configured with locations that require TLS/SSL, however the ssl module in Python is not available.
#20 22.99 Could not fetch URL https://pypi.org/simple/pip/: There was a problem confirming the ssl certificate: HTTPSConnectionPool(host='pypi.org', port=443): Max retries exceeded with url: /simple/pip/ (Caused by SSLError("Can't connect to HTTPS URL because the SSL module is not available.")) - skipping
#20 23.04 Traceback (most recent call last):
#20 23.04   File "<string>", line 1, in <module>
#20 23.04   File "/src/fuzzers/afl/fuzzer.py", line 40, in build
#20 23.04     utils.build_benchmark()
#20 23.04   File "/src/fuzzers/utils.py", line 82, in build_benchmark
#20 23.04     subprocess.check_call(['/bin/bash', '-ex', build_script], env=env)
#20 23.04   File "/usr/local/lib/python3.8/subprocess.py", line 364, in check_call
#20 23.04     raise CalledProcessError(retcode, cmd)
#20 23.04 subprocess.CalledProcessError: Command '['/bin/bash', '-ex', '/src/build.sh']' returned non-zero exit status 1.
#20 ERROR: executor failed running [/bin/sh -c echo "Run fuzzer_build to build the target" && if [ -z "$debug_builder" ] ; then fuzzer_build; fi]: exit code: 1
------
 > importing cache manifest from gcr.io/fuzzbench/builders/afl/systemd_systemd:
------
------
 > [stage-1 13/13] RUN echo "Run fuzzer_build to build the target" && if [ -z "$debug_builder" ] ; then fuzzer_build; fi:
------
executor failed running [/bin/sh -c echo "Run fuzzer_build to build the target" && if [ -z "$debug_builder" ] ; then fuzzer_build; fi]: exit code: 1
make: *** [docker/generated.mk:2793836: .afl-systemd_systemd-builder] Error 1
/bin/sh: 1: source: not found
#2 [internal] load .dockerignore
#2 sha256:c94e8fb6d1b65731a7627a02d59bb0911fc29af2a7e15de3e880562af745db84
#2 transferring context: 2B done
#2 DONE 0.2s

#1 [internal] load build definition from Dockerfile
#1 sha256:4b6f7d21bae6223f731875edb92ca2d20c2fedae4a0eacdafa7213355c5c63be
#1 transferring dockerfile: 32B done
#1 DONE 0.2s

#3 [internal] load metadata for gcr.io/oss-fuzz-base/base-builder:latest
#3 sha256:f10dc39cc9d418a5bc416dead31a1902b6821fdae909cd3b08f7a3fd1faba7b5
#3 DONE 0.5s

#5 [1/5] FROM gcr.io/oss-fuzz-base/base-builder@sha256:4ad017ca53699eda684c1c444948c93a4af848fe34baee3a765d3c4693fe6a56
#5 sha256:3f10b3978a3951f6e2692fa5e5890ee5a755650381dedece7198ed0b1dcdaa8c
#5 DONE 0.0s

#4 importing cache manifest from gcr.io/fuzzbench/builders/benchmark/systemd_systemd
#4 sha256:469ba5a1d84097610766978523bb33dcf2459faed567288cabb96602b43e4e82
#4 DONE 0.0s

#9 [internal] load build context
#9 sha256:f153dc7a6bb6d3b898a69bc1011cab1c6150ae55461a78b31753617dcfc32c78
#9 transferring context: 30B done
#9 DONE 0.0s

#8 [4/5] WORKDIR systemd
#8 sha256:7f5d4156e84771bfbb08aef1e008fb6faa5ce86c698a585e7302a0c5360caf2e
#8 CACHED

#6 [2/5] RUN apt-get update &&    apt-get install -y gperf m4 gettext python3-pip         libcap-dev libmount-dev libkmod-dev         pkg-config wget &&    pip3 install meson ninja
#6 sha256:78246166c4d39983c971d7d055a6147122827a0a698b44bec6f10e00a3b6b42d
#6 CACHED

#7 [3/5] RUN git clone --depth 1 https://github.com/systemd/systemd systemd
#7 sha256:460a84bb79350e9572d8a71a980716337f19a36b1981ab63a3330540507ce0eb
#7 CACHED

#10 [5/5] COPY build.sh /src/
#10 sha256:851ddf23a49095cbf5eefe831505c9f9e8f6ce62a730f78893b0804608ff572b
#10 CACHED

#11 exporting to image
#11 sha256:e8c613e07b0b7ff33893b694f7759a10d42e180f2b4dc349fb57dc6b71dcab00
#11 exporting layers done
#11 writing image sha256:257468f88023a3922eb80747c4a551ecd26b18b392fc3b67b76bba98d2c95881 0.0s done
#11 naming to gcr.io/fuzzbench/builders/benchmark/systemd_systemd done
#11 DONE 0.2s

#12 exporting cache
#12 sha256:2700d4ef94dee473593c5c614b55b2dedcca7893909811a8f2b48291a1f581e4
#12 preparing build cache for export done
#12 DONE 0.0s
#1 [internal] load build definition from builder.Dockerfile
#1 sha256:20268a6b7102468ca0a6e8f43f97ffb22b3b4d963c9371ea0687eee9aefe941e
#1 transferring dockerfile: 46B done
#1 DONE 0.1s

#2 [internal] load .dockerignore
#2 sha256:a617ae7a1e33f236fecd5ce5f41f1a563fdc04f7ebad21fbc11ac281ea2a19e2
#2 transferring context: 2B done
#2 DONE 0.0s

#3 [internal] load metadata for gcr.io/fuzzbench/builders/benchmark/systemd_systemd:latest
#3 sha256:fe381842cc1e0a22028ad6eb9fee318c197de3efe4339e393dd5d0f286a6d17b
#3 DONE 0.0s

#4 importing cache manifest from gcr.io/fuzzbench/builders/afl/systemd_systemd-intermediate
#4 sha256:abb51a1103918a81048c29b6d6a589e9edafcf05ac8bf869e230e2acf493f983
#4 DONE 0.0s

#5 [1/3] FROM gcr.io/fuzzbench/builders/benchmark/systemd_systemd
#5 sha256:040d257ad029bf1e62959b95063d7633efa6ad6d286c027fd3e3f4c117d16df1
#5 DONE 0.0s

#6 [2/3] RUN git clone https://github.com/google/AFL.git /afl &&     cd /afl &&     git checkout 61037103ae3722c8060ff7082994836a794f978e &&     AFL_NO_X86=1 make
#6 sha256:a435962eeb40ea60862a91aedd77d9ca00d08bb48a5629bd0f0a9b7d62677068
#6 CACHED

#7 [3/3] RUN apt-get update &&     apt-get install wget -y &&     wget https://raw.githubusercontent.com/llvm/llvm-project/5feb80e748924606531ba28c97fe65145c65372e/compiler-rt/lib/fuzzer/afl/afl_driver.cpp -O /afl/afl_driver.cpp &&     clang -Wno-pointer-sign -c /afl/llvm_mode/afl-llvm-rt.o.c -I/afl &&     clang++ -stdlib=libc++ -std=c++11 -O2 -c /afl/afl_driver.cpp &&     ar r /libAFL.a *.o
#7 sha256:8d49de52ef158b66db7b026c6d1f50f02542eaa4b280c907ed6560a73c692ec0
#7 CACHED

#8 exporting to image
#8 sha256:e8c613e07b0b7ff33893b694f7759a10d42e180f2b4dc349fb57dc6b71dcab00
#8 exporting layers done
#8 writing image sha256:c021a9e752c38e1f842d20aaf4bf277efe8c50e3825d5d15a93194ce0df05704
#8 writing image sha256:c021a9e752c38e1f842d20aaf4bf277efe8c50e3825d5d15a93194ce0df05704 0.0s done
#8 naming to gcr.io/fuzzbench/builders/afl/systemd_systemd-intermediate done
#8 DONE 0.1s

#9 exporting cache
#9 sha256:2700d4ef94dee473593c5c614b55b2dedcca7893909811a8f2b48291a1f581e4
#9 preparing build cache for export done
#9 DONE 0.0s
#1 [internal] load build definition from Dockerfile
#1 sha256:4ab373e454f325f4750b2a5ede47975f59b0ca46aa106dfdb13cfd3d46e1a28c
#1 transferring dockerfile: 2.00kB done
#1 DONE 0.1s

#2 [internal] load .dockerignore
#2 sha256:c2e7b1d8e0eb8361250628acaea78050af5a5b6d9d73ae79b04703bee7e462ab
#2 transferring context: 34B done
#2 DONE 0.1s

#3 [internal] load metadata for docker.io/library/ubuntu:xenial
#3 sha256:f62bae18ed588840f045c881b2502661f2a89578a2f8f99b83f5200ee83dd25b
#3 DONE 0.0s

#5 [1/7] FROM docker.io/library/ubuntu:xenial
#5 sha256:14dd403f25ae9e519bd44f27dc17af7ce80f5a4f9f48ca88108364e67ec5d360
#5 DONE 0.0s

#4 importing cache manifest from gcr.io/fuzzbench/base-image
#4 sha256:9b220ebb4d4daceed1b96df9b6dca076e762f1cd612574f010b82d5b9e5ad896
#4 DONE 0.0s

#8 [internal] load build context
#8 sha256:75de28aead0c01e9cc1008d17bc57bd2dc4b4eda26b4898c89c2d69bfc8fd42c
#8 transferring context: 559B 0.0s done
#8 DONE 0.1s

#11 [6/7] RUN apt-get update -y && apt-get install -y     apt-transport-https     lsb-release
#11 sha256:b4e953050e8a7235f7240ab5d99a50eca69d11dfbf1bd570d607560006e0e50d
#11 CACHED

#6 [2/7] RUN apt-get update -y && apt-get install -y     build-essential     rsync     curl     zlib1g-dev     libncurses5-dev     libgdbm-dev     libnss3-dev     libssl-dev     libreadline-dev     libffi-dev     virtualenv     libbz2-dev     liblzma-dev     libsqlite3-dev
#6 sha256:3a1b0960f17eed529eaae93dc8fd3554f2743dd584d8fa569cdbe6bc734371ac
#6 CACHED

#7 [3/7] RUN cd /tmp/ &&     curl -O https://www.python.org/ftp/python/3.8.6/Python-3.8.6.tar.xz &&     tar -xvf Python-3.8.6.tar.xz &&     cd Python-3.8.6 &&     ./configure --enable-loadable-sqlite-extensions --enable-optimizations &&     make -j install &&     rm -r /tmp/Python-3.8.6.tar.xz /tmp/Python-3.8.6
#7 sha256:c5b9d1fb3371e84dbc60b76e7b2f8d5913bc93bcd4910ab65daa03e7b2ec4bb0
#7 CACHED

#9 [4/7] COPY ./requirements.txt /
#9 sha256:dfa1623be1e477e360ddb7a158ce607b06fd72477c30906aafcef83369adf8f5
#9 CACHED

#10 [5/7] RUN pip3 install -r /requirements.txt
#10 sha256:25e8ce2f620f44d24107f322d11bbce8713fe8ad659b807eae92c42c3d4423b4
#10 CACHED

#12 [7/7] RUN CLOUD_SDK_REPO="cloud-sdk-$(lsb_release -c -s)" &&     echo "deb https://packages.cloud.google.com/apt $CLOUD_SDK_REPO main"     | tee -a /etc/apt/sources.list.d/google-cloud-sdk.list &&     curl https://packages.cloud.google.com/apt/doc/apt-key.gpg     | apt-key add - &&     apt-get update -y &&     apt-get install -y google-cloud-sdk
#12 sha256:f69d7b03c08632a86048690e0920b30c9da871ad1dcdd3dbf7ef3b2796221b02
#12 CACHED

#13 exporting to image
#13 sha256:e8c613e07b0b7ff33893b694f7759a10d42e180f2b4dc349fb57dc6b71dcab00
#13 exporting layers done
#13 writing image sha256:d22c0bd101801931c6d6e62a988c4bfa3adad63664261e8d24ef6559eead7bbd 0.0s done
#13 naming to gcr.io/fuzzbench/base-image done
#13 DONE 0.1s

#14 exporting cache
#14 sha256:2700d4ef94dee473593c5c614b55b2dedcca7893909811a8f2b48291a1f581e4
#14 preparing build cache for export done
#14 DONE 0.0s
#1 [internal] load build definition from Dockerfile
#1 sha256:53a09a4e54bb068ab022c2536ecb591786e20169838b73c3bf30b3f77c705b07
#1 transferring dockerfile: 2.22kB done
#1 DONE 0.1s

#2 [internal] load .dockerignore
#2 sha256:15537682cb5a45b75a4912cde59037fecb655be31a4ac360ba703fee6938a006
#2 transferring context: 34B done
#2 DONE 0.1s

#4 [internal] load metadata for gcr.io/fuzzbench/base-image:latest
#4 sha256:932022888f650cc455b10eb5123bb08c0cccacac29a693e69314abbfd28a72c3
#4 DONE 0.0s

#3 [internal] load metadata for gcr.io/fuzzbench/builders/afl/systemd_systemd-intermediate:latest
#3 sha256:5d8e06f48172041795eed7bf5b6f879f05731f768e6fd800e92203fa8be46649
#3 DONE 0.0s

#12 [internal] load build context
#12 sha256:941b8bb02a434977e383010cd617a9cad3ed2e40a26891ecebdac4d72bf0e2c7
#12 DONE 0.0s

#7 [base-image 1/1] FROM gcr.io/fuzzbench/base-image
#7 sha256:4d07825694520f8b6f6a0d8592dbd345433361ae044cb7f06706c5a95e3daaad
#7 DONE 0.0s

#6 [stage-1  1/13] FROM gcr.io/fuzzbench/builders/afl/systemd_systemd-intermediate
#6 sha256:3d4925ada3e4400f2094b3cacee5d4ed91d39dd4ecdaf9da6ba78266b1d22e80
#6 DONE 0.0s

#5 importing cache manifest from gcr.io/fuzzbench/builders/afl/systemd_systemd
#5 sha256:7a3f3a597a4b923e3a41e9740ca84b60f1b17000ffa5cb3a70a62a782c43be37
#5 ERROR: gcr.io/fuzzbench/builders/afl/systemd_systemd:latest: not found

#12 [internal] load build context
#12 sha256:941b8bb02a434977e383010cd617a9cad3ed2e40a26891ecebdac4d72bf0e2c7
#12 transferring context: 669.87kB 0.1s done
#12 DONE 0.7s

#15 [stage-1  8/13] COPY benchmarks/systemd_systemd/benchmark.yaml /
#15 sha256:3b4ad1f18a3e47f5b507ee1aa862a937fc2d2074b85727cd3ffe8e91db18e88c
#15 CACHED

#17 [stage-1 10/13] COPY docker/benchmark-builder/checkout_commit.py /opt/fuzzbench/
#17 sha256:37bd511c93a9d9c3e78ecf3332eddf2276d43450ff6debd93b2c22672786d141
#17 CACHED

#11 [stage-1  5/13] COPY --from=base-image /usr/local/lib/python3.8/site-packages /usr/local/lib/python3.8/site-packages
#11 sha256:e9fe0323ab910fb3fd8abf3ba235ea451a682c343f670ca039a1c5218456eae4
#11 CACHED

#10 [stage-1  4/13] COPY --from=base-image /usr/local/include/python3.8 /usr/local/include/python3.8
#10 sha256:e3038e25a503b0dd7892c3a3905be525e242e36dc69ea0b7e3bde0845a5a2c6a
#10 CACHED

#13 [stage-1  6/13] COPY fuzzers /src/fuzzers
#13 sha256:dd94ae040fe277b741f55ccd0c03f0480c2b1fc7f447d223a20192833ba36b57
#13 CACHED

#14 [stage-1  7/13] RUN touch /src/__init__.py
#14 sha256:625f57f152b20351e11b8f4aebd7afa90ee971d14590025e87295321316b50c3
#14 CACHED

#16 [stage-1  9/13] RUN mkdir /opt/fuzzbench/
#16 sha256:dd723598efb184c26f9020d007df06e752331e64bf5121c3becd52aa01ef8682
#16 CACHED

#8 [stage-1  2/13] COPY --from=base-image /usr/local/bin/python3* /usr/local/bin/
#8 sha256:548398038e348fe67aa42d6ef0ec3f88eb326bc966808c73e2de7d3720a7d662
#8 CACHED

#18 [stage-1 11/13] RUN export CHECKOUT_COMMIT=$(cat /benchmark.yaml | tr -d ' ' | grep 'commit:' | cut -d ':' -f2) &&     python3 -u /opt/fuzzbench/checkout_commit.py $CHECKOUT_COMMIT /src
#18 sha256:7ff7d05afc94ef7afa02f23ad82f13f7aed32d35b22116769da1e01c923f5db9
#18 CACHED

#9 [stage-1  3/13] COPY --from=base-image /usr/local/lib/python3.8 /usr/local/lib/python3.8
#9 sha256:5012454116ead286ff397d46d4a7c308fbadf916afdff834ad3c9e222da763a7
#9 CACHED

#19 [stage-1 12/13] RUN echo "#!/bin/bash\nPYTHONPATH=/src python3 -u -c "from fuzzers import utils; utils.initialize_env(); from fuzzers.afl import fuzzer; fuzzer.build()"" > /usr/bin/fuzzer_build &&     chmod +x /usr/bin/fuzzer_build
#19 sha256:4422cec82c1c03a6504fab5a5d3095038f3b05ab2e81ca04909d275e0141dddc
#19 CACHED

#20 [stage-1 13/13] RUN echo "Run fuzzer_build to build the target" && if [ -z "$debug_builder" ] ; then fuzzer_build; fi
#20 sha256:a80f123b226d0ac6dea419008e5b3aade69fa935e3916edd5c63bb07b4c48bcb
#20 0.527 Run fuzzer_build to build the target
#20 0.639 FUZZ_TARGET = systemd
#20 0.639 CFLAGS = -DFUZZING_BUILD_MODE_UNSAFE_FOR_PRODUCTION -pthread -Wl,--no-as-needed -Wl,-ldl -Wl,-lm -Wno-unused-command-line-argument -O3
#20 0.639 CXXFLAGS = -DFUZZING_BUILD_MODE_UNSAFE_FOR_PRODUCTION -pthread -Wl,--no-as-needed -Wl,-ldl -Wl,-lm -Wno-unused-command-line-argument -stdlib=libc++ -O3
#20 0.644 Building benchmark systemd_systemd with fuzzer afl
#20 0.647 + tools/oss-fuzz.sh
#20 0.650 + export LC_CTYPE=C.UTF-8
#20 0.650 + LC_CTYPE=C.UTF-8
#20 0.651 + export CC=clang
#20 0.651 + CC=clang
#20 0.651 + export CXX=clang++
#20 0.651 + CXX=clang++
#20 0.651 ++ clang --version
#20 0.652 ++ sed -nr 's/.*version ([^ ]+?) .*/\1/p'
#20 0.652 ++ sed -r 's/-$//'
#20 0.661 + clang_version=14.0.0
#20 0.661 + SANITIZER=address
#20 0.661 + flags='-O1 -fno-omit-frame-pointer -g -DFUZZING_BUILD_MODE_UNSAFE_FOR_PRODUCTION -fsanitize=address'
#20 0.661 + clang_lib=/usr/lib64/clang/14.0.0/lib/linux
#20 0.661 + '[' -d /usr/lib64/clang/14.0.0/lib/linux ']'
#20 0.661 + clang_lib=/usr/lib/clang/14.0.0/lib/linux
#20 0.661 + export 'CFLAGS=-DFUZZING_BUILD_MODE_UNSAFE_FOR_PRODUCTION -pthread -Wl,--no-as-needed -Wl,-ldl -Wl,-lm -Wno-unused-command-line-argument -O3 -fsanitize-coverage=trace-pc-guard'
#20 0.661 + CFLAGS='-DFUZZING_BUILD_MODE_UNSAFE_FOR_PRODUCTION -pthread -Wl,--no-as-needed -Wl,-ldl -Wl,-lm -Wno-unused-command-line-argument -O3 -fsanitize-coverage=trace-pc-guard'
#20 0.661 + export 'CXXFLAGS=-DFUZZING_BUILD_MODE_UNSAFE_FOR_PRODUCTION -pthread -Wl,--no-as-needed -Wl,-ldl -Wl,-lm -Wno-unused-command-line-argument -stdlib=libc++ -O3 -fsanitize-coverage=trace-pc-guard'
#20 0.661 + CXXFLAGS='-DFUZZING_BUILD_MODE_UNSAFE_FOR_PRODUCTION -pthread -Wl,--no-as-needed -Wl,-ldl -Wl,-lm -Wno-unused-command-line-argument -stdlib=libc++ -O3 -fsanitize-coverage=trace-pc-guard'
#20 0.661 + export LDFLAGS=-L/usr/lib/clang/14.0.0/lib/linux
#20 0.661 + LDFLAGS=-L/usr/lib/clang/14.0.0/lib/linux
#20 0.661 + export WORK=/work
#20 0.661 + WORK=/work
#20 0.661 + export OUT=/out
#20 0.661 + OUT=/out
#20 0.661 + mkdir -p /out
#20 0.663 + build=/work/build
#20 0.663 + rm -rf /work/build
#20 0.665 + mkdir -p /work/build
#20 0.666 + '[' -z libfuzzer ']'
#20 0.666 + fuzzflag=oss-fuzz=true
#20 0.666 + apt-get update
#20 0.870 Hit:1 http://archive.ubuntu.com/ubuntu focal InRelease
#20 0.870 Hit:2 http://archive.ubuntu.com/ubuntu focal-updates InRelease
#20 0.870 Hit:3 http://security.ubuntu.com/ubuntu focal-security InRelease
#20 0.870 Hit:4 http://ppa.launchpad.net/git-core/ppa/ubuntu focal InRelease
#20 0.886 Hit:5 http://archive.ubuntu.com/ubuntu focal-backports InRelease
#20 2.276 Reading package lists...
#20 3.726 + apt-get install -y gperf m4 gettext python3-pip libcap-dev libmount-dev libkmod-dev pkg-config wget python3-jinja2 zipmerge
#20 3.797 Reading package lists...
#20 5.210 Building dependency tree...
#20 5.420 Reading state information...
#20 5.632 gettext is already the newest version (0.19.8.1-10build1).
#20 5.632 libcap-dev is already the newest version (1:2.32-1).
#20 5.632 libkmod-dev is already the newest version (27-1ubuntu2).
#20 5.632 m4 is already the newest version (1.4.18-4).
#20 5.632 pkg-config is already the newest version (0.29.1-0ubuntu4).
#20 5.632 gperf is already the newest version (3.1-1build1).
#20 5.632 libmount-dev is already the newest version (2.34-0.1ubuntu9.3).
#20 5.632 wget is already the newest version (1.20.3-1ubuntu2).
#20 5.632 python3-pip is already the newest version (20.0.2-5ubuntu1.6).
#20 5.632 The following additional packages will be installed:
#20 5.633   libzip5 python3-markupsafe
#20 5.635 Suggested packages:
#20 5.635   python-jinja2-doc
#20 5.710 The following NEW packages will be installed:
#20 5.711   libzip5 python3-jinja2 python3-markupsafe zipmerge
#20 5.787 0 upgraded, 4 newly installed, 0 to remove and 0 not upgraded.
#20 5.787 Need to get 164 kB of archives.
#20 5.787 After this operation, 722 kB of additional disk space will be used.
#20 5.787 Get:1 http://archive.ubuntu.com/ubuntu focal/universe amd64 libzip5 amd64 1.5.1-0ubuntu1 [46.7 kB]
#20 5.862 Get:2 http://archive.ubuntu.com/ubuntu focal/main amd64 python3-markupsafe amd64 1.1.0-1build2 [13.9 kB]
#20 5.864 Get:3 http://archive.ubuntu.com/ubuntu focal/main amd64 python3-jinja2 all 2.10.1-2 [95.5 kB]
#20 5.899 Get:4 http://archive.ubuntu.com/ubuntu focal/universe amd64 zipmerge amd64 1.5.1-0ubuntu1 [7988 B]
#20 6.206 debconf: delaying package configuration, since apt-utils is not installed
#20 6.371 Fetched 164 kB in 0s (916 kB/s)
#20 6.584 Selecting previously unselected package libzip5:amd64.
#20 6.584 (Reading database ... (Reading database ... 5%(Reading database ... 10%(Reading database ... 15%(Reading database ... 20%(Reading database ... 25%(Reading database ... 30%(Reading database ... 35%(Reading database ... 40%(Reading database ... 45%(Reading database ... 50%(Reading database ... 55%(Reading database ... 60%(Reading database ... 65%(Reading database ... 70%(Reading database ... 75%(Reading database ... 80%(Reading database ... 85%(Reading database ... 90%(Reading database ... 95%(Reading database ... 100%(Reading database ... 22606 files and directories currently installed.)
#20 6.608 Preparing to unpack .../libzip5_1.5.1-0ubuntu1_amd64.deb ...
#20 6.673 Unpacking libzip5:amd64 (1.5.1-0ubuntu1) ...
#20 6.818 Selecting previously unselected package python3-markupsafe.
#20 6.822 Preparing to unpack .../python3-markupsafe_1.1.0-1build2_amd64.deb ...
#20 6.837 Unpacking python3-markupsafe (1.1.0-1build2) ...
#20 6.932 Selecting previously unselected package python3-jinja2.
#20 6.935 Preparing to unpack .../python3-jinja2_2.10.1-2_all.deb ...
#20 6.953 Unpacking python3-jinja2 (2.10.1-2) ...
#20 7.126 Selecting previously unselected package zipmerge.
#20 7.129 Preparing to unpack .../zipmerge_1.5.1-0ubuntu1_amd64.deb ...
#20 7.146 Unpacking zipmerge (1.5.1-0ubuntu1) ...
#20 7.292 Setting up libzip5:amd64 (1.5.1-0ubuntu1) ...
#20 7.356 Setting up zipmerge (1.5.1-0ubuntu1) ...
#20 7.390 Setting up python3-markupsafe (1.1.0-1build2) ...
#20 7.627 Setting up python3-jinja2 (2.10.1-2) ...
#20 7.974 Processing triggers for libc-bin (2.31-0ubuntu9.2) ...
#20 8.129 + apt-get install -y gnu-efi zstd
#20 8.196 Reading package lists...
#20 9.613 Building dependency tree...
#20 9.824 Reading state information...
#20 10.08 The following NEW packages will be installed:
#20 10.08   gnu-efi zstd
#20 10.16 0 upgraded, 2 newly installed, 0 to remove and 0 not upgraded.
#20 10.16 Need to get 462 kB of archives.
#20 10.16 After this operation, 2285 kB of additional disk space will be used.
#20 10.16 Get:1 http://archive.ubuntu.com/ubuntu focal/main amd64 gnu-efi amd64 3.0.9-1 [119 kB]
#20 10.26 Get:2 http://archive.ubuntu.com/ubuntu focal-updates/universe amd64 zstd amd64 1.4.4+dfsg-3ubuntu0.1 [343 kB]
#20 10.52 debconf: delaying package configuration, since apt-utils is not installed
#20 10.57 Fetched 462 kB in 0s (2067 kB/s)
#20 10.68 Selecting previously unselected package gnu-efi.
#20 10.68 (Reading database ... (Reading database ... 5%(Reading database ... 10%(Reading database ... 15%(Reading database ... 20%(Reading database ... 25%(Reading database ... 30%(Reading database ... 35%(Reading database ... 40%(Reading database ... 45%(Reading database ... 50%(Reading database ... 55%(Reading database ... 60%(Reading database ... 65%(Reading database ... 70%(Reading database ... 75%(Reading database ... 80%(Reading database ... 85%(Reading database ... 90%(Reading database ... 95%(Reading database ... 100%(Reading database ... 22671 files and directories currently installed.)
#20 10.70 Preparing to unpack .../gnu-efi_3.0.9-1_amd64.deb ...
#20 10.78 Unpacking gnu-efi (3.0.9-1) ...
#20 11.36 Selecting previously unselected package zstd.
#20 11.36 Preparing to unpack .../zstd_1.4.4+dfsg-3ubuntu0.1_amd64.deb ...
#20 11.60 Unpacking zstd (1.4.4+dfsg-3ubuntu0.1) ...
#20 11.83 Setting up gnu-efi (3.0.9-1) ...
#20 11.88 Setting up zstd (1.4.4+dfsg-3ubuntu0.1) ...
#20 11.97 + pip3 install -r .github/workflows/requirements.txt --require-hashes
#20 12.55 WARNING: pip is being invoked by an old script wrapper. This will fail in a future version of pip.
#20 12.55 Please see https://github.com/pypa/pip/issues/5599 for advice on fixing the underlying issue.
#20 12.55 To avoid this problem you can invoke Python with '-m pip' instead of running pip directly.
#20 12.68 WARNING: pip is configured with locations that require TLS/SSL, however the ssl module in Python is not available.
#20 12.78 WARNING: Retrying (Retry(total=4, connect=None, read=None, redirect=None, status=None)) after connection broken by 'SSLError("Can't connect to HTTPS URL because the SSL module is not available.")': /simple/meson/
#20 13.29 WARNING: Retrying (Retry(total=3, connect=None, read=None, redirect=None, status=None)) after connection broken by 'SSLError("Can't connect to HTTPS URL because the SSL module is not available.")': /simple/meson/
#20 14.29 WARNING: Retrying (Retry(total=2, connect=None, read=None, redirect=None, status=None)) after connection broken by 'SSLError("Can't connect to HTTPS URL because the SSL module is not available.")': /simple/meson/
#20 16.29 WARNING: Retrying (Retry(total=1, connect=None, read=None, redirect=None, status=None)) after connection broken by 'SSLError("Can't connect to HTTPS URL because the SSL module is not available.")': /simple/meson/
#20 20.29 WARNING: Retrying (Retry(total=0, connect=None, read=None, redirect=None, status=None)) after connection broken by 'SSLError("Can't connect to HTTPS URL because the SSL module is not available.")': /simple/meson/
#20 20.30 Could not fetch URL https://pypi.org/simple/meson/: There was a problem confirming the ssl certificate: HTTPSConnectionPool(host='pypi.org', port=443): Max retries exceeded with url: /simple/meson/ (Caused by SSLError("Can't connect to HTTPS URL because the SSL module is not available.")) - skipping
#20 20.30 ERROR: Could not find a version that satisfies the requirement meson==0.60.3 (from -r .github/workflows/requirements.txt (line 1)) (from versions: none)
#20 20.30 ERROR: No matching distribution found for meson==0.60.3 (from -r .github/workflows/requirements.txt (line 1))
#20 20.38 WARNING: pip is configured with locations that require TLS/SSL, however the ssl module in Python is not available.
#20 20.38 Could not fetch URL https://pypi.org/simple/pip/: There was a problem confirming the ssl certificate: HTTPSConnectionPool(host='pypi.org', port=443): Max retries exceeded with url: /simple/pip/ (Caused by SSLError("Can't connect to HTTPS URL because the SSL module is not available.")) - skipping
#20 20.44 Traceback (most recent call last):
#20 20.44   File "<string>", line 1, in <module>
#20 20.44   File "/src/fuzzers/afl/fuzzer.py", line 40, in build
#20 20.44     utils.build_benchmark()
#20 20.44   File "/src/fuzzers/utils.py", line 82, in build_benchmark
#20 20.44     subprocess.check_call(['/bin/bash', '-ex', build_script], env=env)
#20 20.44   File "/usr/local/lib/python3.8/subprocess.py", line 364, in check_call
#20 20.44     raise CalledProcessError(retcode, cmd)
#20 20.44 subprocess.CalledProcessError: Command '['/bin/bash', '-ex', '/src/build.sh']' returned non-zero exit status 1.
#20 ERROR: executor failed running [/bin/sh -c echo "Run fuzzer_build to build the target" && if [ -z "$debug_builder" ] ; then fuzzer_build; fi]: exit code: 1
------
 > importing cache manifest from gcr.io/fuzzbench/builders/afl/systemd_systemd:
------
------
 > [stage-1 13/13] RUN echo "Run fuzzer_build to build the target" && if [ -z "$debug_builder" ] ; then fuzzer_build; fi:
------
executor failed running [/bin/sh -c echo "Run fuzzer_build to build the target" && if [ -z "$debug_builder" ] ; then fuzzer_build; fi]: exit code: 1
make: *** [docker/generated.mk:2793836: .afl-systemd_systemd-builder] Error 1
