WARNING:root:gcloud not found in PATH.
INFO:root:Successfully integrated benchmark: systemd_systemd.
INFO:root:Please run "make test-run-afl-systemd_systemd" to test integration.
#1 [internal] load build definition from Dockerfile
#1 sha256:4d3a865307a191f5c61ef5f850d4baf24cbfc104c61db5f5ebdd8c47d86384d4
#1 transferring dockerfile:
#1 transferring dockerfile: 1.02kB done
#1 ...

#2 [internal] load .dockerignore
#2 sha256:d669ca5c50db59d40e5c64cdee55389f5ff4a31605d9884158788604b425aa1c
#2 transferring context: 2B done
#2 DONE 1.0s

#1 [internal] load build definition from Dockerfile
#1 sha256:4d3a865307a191f5c61ef5f850d4baf24cbfc104c61db5f5ebdd8c47d86384d4
#1 DONE 1.2s

#3 [internal] load metadata for gcr.io/oss-fuzz-base/base-builder:latest
#3 sha256:f10dc39cc9d418a5bc416dead31a1902b6821fdae909cd3b08f7a3fd1faba7b5
#3 DONE 0.7s

#9 [internal] load build context
#9 sha256:832cf392860d19d6a34b4bb548cf9ccae989dcc59d98d45c28bb1f5a170f9cd2
#9 DONE 0.0s

#5 [1/5] FROM gcr.io/oss-fuzz-base/base-builder@sha256:4ad017ca53699eda684c1c444948c93a4af848fe34baee3a765d3c4693fe6a56
#5 sha256:3f10b3978a3951f6e2692fa5e5890ee5a755650381dedece7198ed0b1dcdaa8c
#5 DONE 0.0s

#4 importing cache manifest from gcr.io/fuzzbench/builders/benchmark/systemd_systemd
#4 sha256:469ba5a1d84097610766978523bb33dcf2459faed567288cabb96602b43e4e82
#4 ERROR: gcr.io/fuzzbench/builders/benchmark/systemd_systemd:latest: not found

#9 [internal] load build context
#9 sha256:832cf392860d19d6a34b4bb548cf9ccae989dcc59d98d45c28bb1f5a170f9cd2
#9 transferring context: 731B done
#9 DONE 0.3s

#6 [2/5] RUN apt-get update &&    apt-get install -y gperf m4 gettext python3-pip         libcap-dev libmount-dev libkmod-dev         pkg-config wget &&    pip3 install meson ninja
#6 sha256:78246166c4d39983c971d7d055a6147122827a0a698b44bec6f10e00a3b6b42d
#6 CACHED

#7 [3/5] RUN git clone --depth 1 https://github.com/systemd/systemd systemd
#7 sha256:460a84bb79350e9572d8a71a980716337f19a36b1981ab63a3330540507ce0eb
#7 CACHED

#8 [4/5] WORKDIR systemd
#8 sha256:7f5d4156e84771bfbb08aef1e008fb6faa5ce86c698a585e7302a0c5360caf2e
#8 CACHED

#10 [5/5] COPY build.sh /src/
#10 sha256:ca3075c5c70454640fd1a38ae2125c544296269556648346b9ad897f21d3c445
#10 DONE 2.9s

#11 exporting to image
#11 sha256:e8c613e07b0b7ff33893b694f7759a10d42e180f2b4dc349fb57dc6b71dcab00
#11 exporting layers done
#11 writing image sha256:fa3f046ec0d8d09309406329c6d91e0c7bb24fde501460e2aa53bad491d3ed9b 0.0s done
#11 naming to gcr.io/fuzzbench/builders/benchmark/systemd_systemd done
#11 DONE 0.6s

#12 exporting cache
#12 sha256:2700d4ef94dee473593c5c614b55b2dedcca7893909811a8f2b48291a1f581e4
#12 preparing build cache for export done
#12 DONE 0.0s
------
 > importing cache manifest from gcr.io/fuzzbench/builders/benchmark/systemd_systemd:
------
#1 [internal] load build definition from builder.Dockerfile
#1 sha256:2b8f489c57f9ed6985c7861a09a191ed25e7e3261dc9305e395c911e322910d2
#1 transferring dockerfile: 46B done
#1 DONE 0.1s

#2 [internal] load .dockerignore
#2 sha256:9cc9763baf749af5424230311cafe046f719e59ece9dcdb9f20584b1bf4c00a5
#2 transferring context: 2B done
#2 DONE 0.1s

#3 [internal] load metadata for gcr.io/fuzzbench/builders/benchmark/systemd_systemd:latest
#3 sha256:fe381842cc1e0a22028ad6eb9fee318c197de3efe4339e393dd5d0f286a6d17b
#3 DONE 0.0s

#5 [1/3] FROM gcr.io/fuzzbench/builders/benchmark/systemd_systemd
#5 sha256:040d257ad029bf1e62959b95063d7633efa6ad6d286c027fd3e3f4c117d16df1
#5 DONE 0.0s

#4 importing cache manifest from gcr.io/fuzzbench/builders/afl/systemd_systemd-intermediate
#4 sha256:abb51a1103918a81048c29b6d6a589e9edafcf05ac8bf869e230e2acf493f983
#4 ERROR: gcr.io/fuzzbench/builders/afl/systemd_systemd-intermediate:latest: not found

#5 [1/3] FROM gcr.io/fuzzbench/builders/benchmark/systemd_systemd
#5 sha256:040d257ad029bf1e62959b95063d7633efa6ad6d286c027fd3e3f4c117d16df1
#5 DONE 0.4s

#6 [2/3] RUN git clone https://github.com/google/AFL.git /afl &&     cd /afl &&     git checkout 61037103ae3722c8060ff7082994836a794f978e &&     AFL_NO_X86=1 make
#6 sha256:a435962eeb40ea60862a91aedd77d9ca00d08bb48a5629bd0f0a9b7d62677068
#6 0.409 Cloning into '/afl'...
#6 1.194 Note: switching to '61037103ae3722c8060ff7082994836a794f978e'.
#6 1.194 
#6 1.194 You are in 'detached HEAD' state. You can look around, make experimental
#6 1.194 changes and commit them, and you can discard any commits you make in this
#6 1.194 state without impacting any branches by switching back to a branch.
#6 1.194 
#6 1.194 If you want to create a new branch to retain commits you create, you may
#6 1.194 do so (now or later) by using -c with the switch command. Example:
#6 1.194 
#6 1.194   git switch -c <new-branch-name>
#6 1.194 
#6 1.194 Or undo this operation with:
#6 1.194 
#6 1.194   git switch -
#6 1.194 
#6 1.194 Turn off this advice by setting config variable advice.detachedHead to false
#6 1.194 
#6 1.194 HEAD is now at 6103710 Fix a typo filename comparison in the fuzzer (#139)
#6 1.267 [!] Note: skipping x86 compilation checks (AFL_NO_X86 set).
#6 1.267 clang -O1 -fno-omit-frame-pointer -gline-tables-only -DFUZZING_BUILD_MODE_UNSAFE_FOR_PRODUCTION -Wall -D_FORTIFY_SOURCE=2 -g -Wno-pointer-sign -DAFL_PATH=\"/usr/local/lib/afl\" -DDOC_PATH=\"/usr/local/share/doc/afl\" -DBIN_PATH=\"/usr/local/bin\" afl-gcc.c -o afl-gcc -ldl
#6 1.479 set -e; for i in afl-g++ afl-clang afl-clang++; do ln -sf afl-gcc $i; done
#6 1.511 clang -O1 -fno-omit-frame-pointer -gline-tables-only -DFUZZING_BUILD_MODE_UNSAFE_FOR_PRODUCTION -Wall -D_FORTIFY_SOURCE=2 -g -Wno-pointer-sign -DAFL_PATH=\"/usr/local/lib/afl\" -DDOC_PATH=\"/usr/local/share/doc/afl\" -DBIN_PATH=\"/usr/local/bin\" afl-fuzz.c -o afl-fuzz -ldl
#6 3.899 clang -O1 -fno-omit-frame-pointer -gline-tables-only -DFUZZING_BUILD_MODE_UNSAFE_FOR_PRODUCTION -Wall -D_FORTIFY_SOURCE=2 -g -Wno-pointer-sign -DAFL_PATH=\"/usr/local/lib/afl\" -DDOC_PATH=\"/usr/local/share/doc/afl\" -DBIN_PATH=\"/usr/local/bin\" afl-showmap.c -o afl-showmap -ldl
#6 4.216 clang -O1 -fno-omit-frame-pointer -gline-tables-only -DFUZZING_BUILD_MODE_UNSAFE_FOR_PRODUCTION -Wall -D_FORTIFY_SOURCE=2 -g -Wno-pointer-sign -DAFL_PATH=\"/usr/local/lib/afl\" -DDOC_PATH=\"/usr/local/share/doc/afl\" -DBIN_PATH=\"/usr/local/bin\" afl-tmin.c -o afl-tmin -ldl
#6 4.656 clang -O1 -fno-omit-frame-pointer -gline-tables-only -DFUZZING_BUILD_MODE_UNSAFE_FOR_PRODUCTION -Wall -D_FORTIFY_SOURCE=2 -g -Wno-pointer-sign -DAFL_PATH=\"/usr/local/lib/afl\" -DDOC_PATH=\"/usr/local/share/doc/afl\" -DBIN_PATH=\"/usr/local/bin\" afl-gotcpu.c -o afl-gotcpu -ldl
#6 4.807 clang -O1 -fno-omit-frame-pointer -gline-tables-only -DFUZZING_BUILD_MODE_UNSAFE_FOR_PRODUCTION -Wall -D_FORTIFY_SOURCE=2 -g -Wno-pointer-sign -DAFL_PATH=\"/usr/local/lib/afl\" -DDOC_PATH=\"/usr/local/share/doc/afl\" -DBIN_PATH=\"/usr/local/bin\" afl-analyze.c -o afl-analyze -ldl
#6 5.204 clang -O1 -fno-omit-frame-pointer -gline-tables-only -DFUZZING_BUILD_MODE_UNSAFE_FOR_PRODUCTION -Wall -D_FORTIFY_SOURCE=2 -g -Wno-pointer-sign -DAFL_PATH=\"/usr/local/lib/afl\" -DDOC_PATH=\"/usr/local/share/doc/afl\" -DBIN_PATH=\"/usr/local/bin\" afl-as.c -o afl-as -ldl
#6 5.443 ln -sf afl-as as
#6 5.445 [!] Note: skipping build tests (you may need to use LLVM or QEMU mode).
#6 5.447 [+] LLVM users: see llvm_mode/README.llvm for a faster alternative to afl-gcc.
#6 5.448 [+] All done! Be sure to review README - it's pretty short and useful.
#6 DONE 6.1s

#7 [3/3] RUN apt-get update &&     apt-get install wget -y &&     wget https://raw.githubusercontent.com/llvm/llvm-project/5feb80e748924606531ba28c97fe65145c65372e/compiler-rt/lib/fuzzer/afl/afl_driver.cpp -O /afl/afl_driver.cpp &&     clang -Wno-pointer-sign -c /afl/llvm_mode/afl-llvm-rt.o.c -I/afl &&     clang++ -stdlib=libc++ -std=c++11 -O2 -c /afl/afl_driver.cpp &&     ar r /libAFL.a *.o
#7 sha256:8d49de52ef158b66db7b026c6d1f50f02542eaa4b280c907ed6560a73c692ec0
#7 0.763 Hit:1 http://archive.ubuntu.com/ubuntu focal InRelease
#7 0.763 Hit:2 http://archive.ubuntu.com/ubuntu focal-updates InRelease
#7 0.763 Hit:3 http://security.ubuntu.com/ubuntu focal-security InRelease
#7 0.763 Hit:4 http://ppa.launchpad.net/git-core/ppa/ubuntu focal InRelease
#7 0.780 Hit:5 http://archive.ubuntu.com/ubuntu focal-backports InRelease
#7 1.792 Reading package lists...
#7 3.306 Reading package lists...
#7 4.727 Building dependency tree...
#7 4.942 Reading state information...
#7 5.199 wget is already the newest version (1.20.3-1ubuntu2).
#7 5.199 0 upgraded, 0 newly installed, 0 to remove and 0 not upgraded.
#7 5.225 --2022-02-17 00:23:16--  https://raw.githubusercontent.com/llvm/llvm-project/5feb80e748924606531ba28c97fe65145c65372e/compiler-rt/lib/fuzzer/afl/afl_driver.cpp
#7 5.228 Resolving raw.githubusercontent.com (raw.githubusercontent.com)... 185.199.108.133, 185.199.109.133, 185.199.110.133, ...
#7 5.229 Connecting to raw.githubusercontent.com (raw.githubusercontent.com)|185.199.108.133|:443... connected.
#7 5.252 HTTP request sent, awaiting response... 200 OK
#7 5.272 Length: 9177 (9.0K) [text/plain]
#7 5.272 Saving to: '/afl/afl_driver.cpp'
#7 5.272 
#7 5.272      0K ........                                              100% 6.99M=0.001s
#7 5.273 
#7 5.273 2022-02-17 00:23:16 (6.99 MB/s) - '/afl/afl_driver.cpp' saved [9177/9177]
#7 5.273 
#7 7.323 ar: creating /libAFL.a
#7 DONE 7.5s

#8 exporting to image
#8 sha256:e8c613e07b0b7ff33893b694f7759a10d42e180f2b4dc349fb57dc6b71dcab00
#8 exporting layers done
#8 writing image sha256:5a8742bf13c9d00ecd752d2e666f1b06458ec31baf2f3ff2e6223b17af83ad6c done
#8 naming to gcr.io/fuzzbench/builders/afl/systemd_systemd-intermediate done
#8 DONE 0.1s

#9 exporting cache
#9 sha256:2700d4ef94dee473593c5c614b55b2dedcca7893909811a8f2b48291a1f581e4
#9 preparing build cache for export done
#9 DONE 0.0s
------
 > importing cache manifest from gcr.io/fuzzbench/builders/afl/systemd_systemd-intermediate:
------
#1 [internal] load build definition from Dockerfile
#1 sha256:41cd3c71785b8e697f2a5605241665a2eac842a202c27de231b7523d81232ed0
#1 transferring dockerfile: 2.00kB done
#1 DONE 0.1s

#2 [internal] load .dockerignore
#2 sha256:b41fa59d0d19c0935ae8defa85d4fa790560324c055e947527e68478c574cfee
#2 transferring context: 34B done
#2 DONE 0.1s

#3 [internal] load metadata for docker.io/library/ubuntu:xenial
#3 sha256:f62bae18ed588840f045c881b2502661f2a89578a2f8f99b83f5200ee83dd25b
#3 DONE 0.0s

#4 importing cache manifest from gcr.io/fuzzbench/base-image
#4 sha256:9b220ebb4d4daceed1b96df9b6dca076e762f1cd612574f010b82d5b9e5ad896
#4 DONE 0.0s

#5 [1/7] FROM docker.io/library/ubuntu:xenial
#5 sha256:14dd403f25ae9e519bd44f27dc17af7ce80f5a4f9f48ca88108364e67ec5d360
#5 DONE 0.0s

#8 [internal] load build context
#8 sha256:b23c6c0cfecf26407c1f20bd3fe82dfe6c35efc9c7c6dc7c529909de7dbfdabc
#8 transferring context: 559B 0.0s done
#8 DONE 0.1s

#9 [4/7] COPY ./requirements.txt /
#9 sha256:59338de55c6566954e2b80a44a2701faddb58c61e220154bc6f58cd22e0c9ad3
#9 CACHED

#10 [5/7] RUN pip3 install -r /requirements.txt
#10 sha256:eaffcc599f613a990987e8831cad853a42e37c881aa81f1e630c2929e2a89530
#10 CACHED

#11 [6/7] RUN apt-get update -y && apt-get install -y     apt-transport-https     lsb-release
#11 sha256:001a3ec1b4d8ff5736b115a9075f67a12538e195fc16da6e9c7e180c09213a23
#11 CACHED

#6 [2/7] RUN apt-get update -y && apt-get install -y     build-essential     rsync     curl     zlib1g-dev     libncurses5-dev     libgdbm-dev     libnss3-dev     libssl-dev     libreadline-dev     libffi-dev     virtualenv     libbz2-dev     liblzma-dev     libsqlite3-dev
#6 sha256:3a1b0960f17eed529eaae93dc8fd3554f2743dd584d8fa569cdbe6bc734371ac
#6 CACHED

#7 [3/7] RUN cd /tmp/ &&     curl -O https://www.python.org/ftp/python/3.8.6/Python-3.8.6.tar.xz &&     tar -xvf Python-3.8.6.tar.xz &&     cd Python-3.8.6 &&     ./configure --enable-loadable-sqlite-extensions --enable-optimizations &&     make -j install &&     rm -r /tmp/Python-3.8.6.tar.xz /tmp/Python-3.8.6
#7 sha256:c5b9d1fb3371e84dbc60b76e7b2f8d5913bc93bcd4910ab65daa03e7b2ec4bb0
#7 CACHED

#12 [7/7] RUN CLOUD_SDK_REPO="cloud-sdk-$(lsb_release -c -s)" &&     echo "deb https://packages.cloud.google.com/apt $CLOUD_SDK_REPO main"     | tee -a /etc/apt/sources.list.d/google-cloud-sdk.list &&     curl https://packages.cloud.google.com/apt/doc/apt-key.gpg     | apt-key add - &&     apt-get update -y &&     apt-get install -y google-cloud-sdk
#12 sha256:39f741deafd36c9ea5228cf00a170e4cd0f11e2db0b08ce55476430110ca2b5d
#12 CACHED

#13 exporting to image
#13 sha256:e8c613e07b0b7ff33893b694f7759a10d42e180f2b4dc349fb57dc6b71dcab00
#13 exporting layers done
#13 writing image sha256:d22c0bd101801931c6d6e62a988c4bfa3adad63664261e8d24ef6559eead7bbd
#13 writing image sha256:d22c0bd101801931c6d6e62a988c4bfa3adad63664261e8d24ef6559eead7bbd 0.0s done
#13 naming to gcr.io/fuzzbench/base-image done
#13 DONE 0.1s

#14 exporting cache
#14 sha256:2700d4ef94dee473593c5c614b55b2dedcca7893909811a8f2b48291a1f581e4
#14 preparing build cache for export done
#14 DONE 0.0s
#1 [internal] load build definition from Dockerfile
#1 sha256:1773f236369706f3e2ec3410ec9c5ae47b49542c0c4a59cd7a0167c5494f609b
#1 transferring dockerfile: 2.22kB done
#1 DONE 0.1s

#2 [internal] load .dockerignore
#2 sha256:dd7cd651b758738691c8f21860f56899f6b7518ce57fd9889a2fadac8f5264df
#2 transferring context: 34B done
#2 DONE 0.1s

#3 [internal] load metadata for gcr.io/fuzzbench/builders/afl/systemd_systemd-intermediate:latest
#3 sha256:5d8e06f48172041795eed7bf5b6f879f05731f768e6fd800e92203fa8be46649
#3 DONE 0.0s

#4 [internal] load metadata for gcr.io/fuzzbench/base-image:latest
#4 sha256:932022888f650cc455b10eb5123bb08c0cccacac29a693e69314abbfd28a72c3
#4 DONE 0.0s

#12 [internal] load build context
#12 sha256:43ba93a6403fa103ab6a8ced8201d848bd40a65c714a9bdc861c2b3761799238
#12 DONE 0.0s

#7 [base-image 1/1] FROM gcr.io/fuzzbench/base-image
#7 sha256:4d07825694520f8b6f6a0d8592dbd345433361ae044cb7f06706c5a95e3daaad
#7 DONE 0.0s

#5 importing cache manifest from gcr.io/fuzzbench/builders/afl/systemd_systemd
#5 sha256:7a3f3a597a4b923e3a41e9740ca84b60f1b17000ffa5cb3a70a62a782c43be37
#5 ERROR: gcr.io/fuzzbench/builders/afl/systemd_systemd:latest: not found

#7 [base-image 1/1] FROM gcr.io/fuzzbench/base-image
#7 sha256:4d07825694520f8b6f6a0d8592dbd345433361ae044cb7f06706c5a95e3daaad
#7 CACHED

#6 [stage-1  1/13] FROM gcr.io/fuzzbench/builders/afl/systemd_systemd-intermediate
#6 sha256:3d4925ada3e4400f2094b3cacee5d4ed91d39dd4ecdaf9da6ba78266b1d22e80
#6 ...

#12 [internal] load build context
#12 sha256:43ba93a6403fa103ab6a8ced8201d848bd40a65c714a9bdc861c2b3761799238
#12 transferring context: 669.87kB 0.1s done
#12 DONE 0.1s

#6 [stage-1  1/13] FROM gcr.io/fuzzbench/builders/afl/systemd_systemd-intermediate
#6 sha256:3d4925ada3e4400f2094b3cacee5d4ed91d39dd4ecdaf9da6ba78266b1d22e80
#6 DONE 0.6s

#8 [stage-1  2/13] COPY --from=base-image /usr/local/bin/python3* /usr/local/bin/
#8 sha256:548398038e348fe67aa42d6ef0ec3f88eb326bc966808c73e2de7d3720a7d662
#8 DONE 0.7s

#9 [stage-1  3/13] COPY --from=base-image /usr/local/lib/python3.8 /usr/local/lib/python3.8
#9 sha256:5012454116ead286ff397d46d4a7c308fbadf916afdff834ad3c9e222da763a7
#9 DONE 15.3s

#10 [stage-1  4/13] COPY --from=base-image /usr/local/include/python3.8 /usr/local/include/python3.8
#10 sha256:e3038e25a503b0dd7892c3a3905be525e242e36dc69ea0b7e3bde0845a5a2c6a
#10 DONE 0.2s

#11 [stage-1  5/13] COPY --from=base-image /usr/local/lib/python3.8/site-packages /usr/local/lib/python3.8/site-packages
#11 sha256:e9fe0323ab910fb3fd8abf3ba235ea451a682c343f670ca039a1c5218456eae4
#11 DONE 23.8s

#13 [stage-1  6/13] COPY fuzzers /src/fuzzers
#13 sha256:671ddd2be2f90f499d321fa5a4f900ef7e47ddc573c1fa0e270081f7160b6af8
#13 DONE 0.4s

#14 [stage-1  7/13] RUN touch /src/__init__.py
#14 sha256:abd6b382d6799b3102eba5aa2b46f67aa2a547c14e47a85792dfe802cb2ebec3
#14 DONE 0.8s

#15 [stage-1  8/13] COPY benchmarks/systemd_systemd/benchmark.yaml /
#15 sha256:6033c203ee0ff685819c6008c8425cf322fb4c5bb4a1af2c2f4a42b0a6d53574
#15 DONE 0.4s

#16 [stage-1  9/13] RUN mkdir /opt/fuzzbench/
#16 sha256:2b3491aaa11aa0c3df74cb4818a33454a3fc5cbe407b97ef81dccd4927b415f1
#16 DONE 0.9s

#17 [stage-1 10/13] COPY docker/benchmark-builder/checkout_commit.py /opt/fuzzbench/
#17 sha256:e8ede93a1c3bad4b4ae123d34d9c9c7133cc509b037a0a28b5250ac40b807259
#17 DONE 0.4s

#18 [stage-1 11/13] RUN export CHECKOUT_COMMIT=$(cat /benchmark.yaml | tr -d ' ' | grep 'commit:' | cut -d ':' -f2) &&     python3 -u /opt/fuzzbench/checkout_commit.py $CHECKOUT_COMMIT /src
#18 sha256:a3d17575317b1711d52ed65c1a61306085732f8bd38bd92ddb7104ba47c3eaca
#18 0.558 Checking out commit 84faf557
#18 55.72 From https://github.com/systemd/systemd
#18 55.72  * [new tag]               001        -> 001
#18 55.72  * [new tag]               002        -> 002
#18 55.72  * [new tag]               003        -> 003
#18 55.72  * [new tag]               004        -> 004
#18 55.72  * [new tag]               005        -> 005
#18 55.72  * [new tag]               006        -> 006
#18 55.72  * [new tag]               007        -> 007
#18 55.72  * [new tag]               008        -> 008
#18 55.72  * [new tag]               009        -> 009
#18 55.72  * [new tag]               010        -> 010
#18 55.72  * [new tag]               011        -> 011
#18 55.72  * [new tag]               012        -> 012
#18 55.72  * [new tag]               013        -> 013
#18 55.72  * [new tag]               014        -> 014
#18 55.72  * [new tag]               015        -> 015
#18 55.72  * [new tag]               016        -> 016
#18 55.72  * [new tag]               017        -> 017
#18 55.72  * [new tag]               018        -> 018
#18 55.72  * [new tag]               019        -> 019
#18 55.72  * [new tag]               020        -> 020
#18 55.72  * [new tag]               021        -> 021
#18 55.72  * [new tag]               022        -> 022
#18 55.72  * [new tag]               023        -> 023
#18 55.72  * [new tag]               024        -> 024
#18 55.72  * [new tag]               025        -> 025
#18 55.73  * [new tag]               026        -> 026
#18 55.73  * [new tag]               027        -> 027
#18 55.73  * [new tag]               028        -> 028
#18 55.73  * [new tag]               029        -> 029
#18 55.73  * [new tag]               030        -> 030
#18 55.73  * [new tag]               031        -> 031
#18 55.73  * [new tag]               032        -> 032
#18 55.73  * [new tag]               033        -> 033
#18 55.73  * [new tag]               034        -> 034
#18 55.73  * [new tag]               035        -> 035
#18 55.73  * [new tag]               036        -> 036
#18 55.73  * [new tag]               037        -> 037
#18 55.73  * [new tag]               038        -> 038
#18 55.73  * [new tag]               039        -> 039
#18 55.73  * [new tag]               040        -> 040
#18 55.73  * [new tag]               042        -> 042
#18 55.73  * [new tag]               043        -> 043
#18 55.73  * [new tag]               044        -> 044
#18 55.73  * [new tag]               045        -> 045
#18 55.73  * [new tag]               046        -> 046
#18 55.73  * [new tag]               047        -> 047
#18 55.73  * [new tag]               048        -> 048
#18 55.73  * [new tag]               049        -> 049
#18 55.73  * [new tag]               050        -> 050
#18 55.73  * [new tag]               051        -> 051
#18 55.73  * [new tag]               052        -> 052
#18 55.73  * [new tag]               053        -> 053
#18 55.73  * [new tag]               054        -> 054
#18 55.73  * [new tag]               055        -> 055
#18 55.73  * [new tag]               056        -> 056
#18 55.73  * [new tag]               057        -> 057
#18 55.73  * [new tag]               058        -> 058
#18 55.73  * [new tag]               059        -> 059
#18 55.73  * [new tag]               060        -> 060
#18 55.73  * [new tag]               061        -> 061
#18 55.73  * [new tag]               062        -> 062
#18 55.73  * [new tag]               064        -> 064
#18 55.73  * [new tag]               174        -> 174
#18 55.73  * [new tag]               175        -> 175
#18 55.73  * [new tag]               176        -> 176
#18 55.73  * [new tag]               177        -> 177
#18 55.74  * [new tag]               178        -> 178
#18 55.74  * [new tag]               179        -> 179
#18 55.74  * [new tag]               180        -> 180
#18 55.74  * [new tag]               181        -> 181
#18 55.74  * [new tag]               182        -> 182
#18 55.74  * [new tag]               v1         -> v1
#18 55.74  * [new tag]               v10        -> v10
#18 55.74  * [new tag]               v11        -> v11
#18 55.74  * [new tag]               v12        -> v12
#18 55.74  * [new tag]               v13        -> v13
#18 55.74  * [new tag]               v14        -> v14
#18 55.74  * [new tag]               v15        -> v15
#18 55.74  * [new tag]               v16        -> v16
#18 55.74  * [new tag]               v17        -> v17
#18 55.74  * [new tag]               v18        -> v18
#18 55.74  * [new tag]               v183       -> v183
#18 55.74  * [new tag]               v184       -> v184
#18 55.74  * [new tag]               v185       -> v185
#18 55.74  * [new tag]               v186       -> v186
#18 55.74  * [new tag]               v187       -> v187
#18 55.74  * [new tag]               v188       -> v188
#18 55.74  * [new tag]               v189       -> v189
#18 55.74  * [new tag]               v19        -> v19
#18 55.74  * [new tag]               v190       -> v190
#18 55.74  * [new tag]               v191       -> v191
#18 55.74  * [new tag]               v192       -> v192
#18 55.74  * [new tag]               v193       -> v193
#18 55.74  * [new tag]               v194       -> v194
#18 55.74  * [new tag]               v195       -> v195
#18 55.74  * [new tag]               v196       -> v196
#18 55.74  * [new tag]               v197       -> v197
#18 55.74  * [new tag]               v198       -> v198
#18 55.74  * [new tag]               v199       -> v199
#18 55.74  * [new tag]               v2         -> v2
#18 55.74  * [new tag]               v20        -> v20
#18 55.74  * [new tag]               v200       -> v200
#18 55.74  * [new tag]               v201       -> v201
#18 55.74  * [new tag]               v202       -> v202
#18 55.74  * [new tag]               v203       -> v203
#18 55.74  * [new tag]               v204       -> v204
#18 55.74  * [new tag]               v205       -> v205
#18 55.74  * [new tag]               v206       -> v206
#18 55.74  * [new tag]               v207       -> v207
#18 55.74  * [new tag]               v208       -> v208
#18 55.75  * [new tag]               v209       -> v209
#18 55.75  * [new tag]               v21        -> v21
#18 55.75  * [new tag]               v210       -> v210
#18 55.75  * [new tag]               v211       -> v211
#18 55.75  * [new tag]               v212       -> v212
#18 55.75  * [new tag]               v213       -> v213
#18 55.75  * [new tag]               v214       -> v214
#18 55.75  * [new tag]               v215       -> v215
#18 55.75  * [new tag]               v216       -> v216
#18 55.75  * [new tag]               v217       -> v217
#18 55.75  * [new tag]               v218       -> v218
#18 55.75  * [new tag]               v219       -> v219
#18 55.75  * [new tag]               v22        -> v22
#18 55.75  * [new tag]               v220       -> v220
#18 55.75  * [new tag]               v221       -> v221
#18 55.75  * [new tag]               v222       -> v222
#18 55.75  * [new tag]               v223       -> v223
#18 55.75  * [new tag]               v224       -> v224
#18 55.75  * [new tag]               v225       -> v225
#18 55.75  * [new tag]               v226       -> v226
#18 55.75  * [new tag]               v227       -> v227
#18 55.75  * [new tag]               v228       -> v228
#18 55.75  * [new tag]               v229       -> v229
#18 55.75  * [new tag]               v23        -> v23
#18 55.75  * [new tag]               v230       -> v230
#18 55.75  * [new tag]               v231       -> v231
#18 55.75  * [new tag]               v232       -> v232
#18 55.75  * [new tag]               v233       -> v233
#18 55.75  * [new tag]               v234       -> v234
#18 55.75  * [new tag]               v235       -> v235
#18 55.75  * [new tag]               v236       -> v236
#18 55.75  * [new tag]               v237       -> v237
#18 55.75  * [new tag]               v238       -> v238
#18 55.75  * [new tag]               v239       -> v239
#18 55.75  * [new tag]               v24        -> v24
#18 55.75  * [new tag]               v240       -> v240
#18 55.75  * [new tag]               v241       -> v241
#18 55.75  * [new tag]               v241-rc1   -> v241-rc1
#18 55.75  * [new tag]               v241-rc2   -> v241-rc2
#18 55.75  * [new tag]               v242       -> v242
#18 55.75  * [new tag]               v242-rc1   -> v242-rc1
#18 55.75  * [new tag]               v242-rc2   -> v242-rc2
#18 55.75  * [new tag]               v242-rc3   -> v242-rc3
#18 55.75  * [new tag]               v242-rc4   -> v242-rc4
#18 55.75  * [new tag]               v243       -> v243
#18 55.75  * [new tag]               v243-rc1   -> v243-rc1
#18 55.76  * [new tag]               v243-rc2   -> v243-rc2
#18 55.76  * [new tag]               v244       -> v244
#18 55.76  * [new tag]               v244-rc1   -> v244-rc1
#18 55.76  * [new tag]               v245       -> v245
#18 55.76  * [new tag]               v245-rc1   -> v245-rc1
#18 55.76  * [new tag]               v245-rc2   -> v245-rc2
#18 55.76  * [new tag]               v246       -> v246
#18 55.76  * [new tag]               v246-rc1   -> v246-rc1
#18 55.76  * [new tag]               v246-rc2   -> v246-rc2
#18 55.76  * [new tag]               v247       -> v247
#18 55.76  * [new tag]               v247-rc1   -> v247-rc1
#18 55.76  * [new tag]               v247-rc2   -> v247-rc2
#18 55.76  * [new tag]               v248       -> v248
#18 55.76  * [new tag]               v248-rc1   -> v248-rc1
#18 55.76  * [new tag]               v248-rc2   -> v248-rc2
#18 55.76  * [new tag]               v248-rc3   -> v248-rc3
#18 55.76  * [new tag]               v248-rc4   -> v248-rc4
#18 55.76  * [new tag]               v249       -> v249
#18 55.76  * [new tag]               v249-rc1   -> v249-rc1
#18 55.76  * [new tag]               v249-rc2   -> v249-rc2
#18 55.76  * [new tag]               v249-rc3   -> v249-rc3
#18 55.76  * [new tag]               v25        -> v25
#18 55.76  * [new tag]               v250       -> v250
#18 55.76  * [new tag]               v250-rc1   -> v250-rc1
#18 55.76  * [new tag]               v250-rc2   -> v250-rc2
#18 55.76  * [new tag]               v250-rc3   -> v250-rc3
#18 55.76  * [new tag]               v26        -> v26
#18 55.76  * [new tag]               v27        -> v27
#18 55.76  * [new tag]               v28        -> v28
#18 55.76  * [new tag]               v29        -> v29
#18 55.76  * [new tag]               v3         -> v3
#18 55.76  * [new tag]               v30        -> v30
#18 55.76  * [new tag]               v31        -> v31
#18 55.76  * [new tag]               v32        -> v32
#18 55.76  * [new tag]               v33        -> v33
#18 55.76  * [new tag]               v34        -> v34
#18 55.76  * [new tag]               v35        -> v35
#18 55.76  * [new tag]               v36        -> v36
#18 55.76  * [new tag]               v37        -> v37
#18 55.76  * [new tag]               v38        -> v38
#18 55.77  * [new tag]               v39        -> v39
#18 55.77  * [new tag]               v4         -> v4
#18 55.77  * [new tag]               v40        -> v40
#18 55.77  * [new tag]               v41        -> v41
#18 55.77  * [new tag]               v42        -> v42
#18 55.77  * [new tag]               v43        -> v43
#18 55.77  * [new tag]               v44        -> v44
#18 55.77  * [new tag]               v5         -> v5
#18 55.77  * [new tag]               v6         -> v6
#18 55.77  * [new tag]               v7         -> v7
#18 55.77  * [new tag]               v8         -> v8
#18 55.77  * [new tag]               v9         -> v9
#18 55.78 error: pathspec '84faf557' did not match any file(s) known to git
#18 55.79 error: pathspec '84faf557' did not match any file(s) known to git
#18 55.80 error: pathspec '84faf557' did not match any file(s) known to git
#18 55.86 error: pathspec '84faf557' did not match any file(s) known to git
#18 55.97 Checkout unsuccessful.
#18 DONE 56.4s

#19 [stage-1 12/13] RUN echo "#!/bin/bash\nPYTHONPATH=/src python3 -u -c "from fuzzers import utils; utils.initialize_env(); from fuzzers.afl import fuzzer; fuzzer.build()"" > /usr/bin/fuzzer_build &&     chmod +x /usr/bin/fuzzer_build
#19 sha256:7936f9c1e4df346b75edf958cf03c6165858c9f5198d6cc5f511934610c5b90c
#19 DONE 1.0s

#20 [stage-1 13/13] RUN echo "Run fuzzer_build to build the target" && if [ -z "$debug_builder" ] ; then fuzzer_build; fi
#20 sha256:8bd36db666e3e6d62683df10de405ed947dfc82537673cb6908162f59e9a549c
#20 0.582 Run fuzzer_build to build the target
#20 0.715 FUZZ_TARGET = systemd
#20 0.715 CFLAGS = -DFUZZING_BUILD_MODE_UNSAFE_FOR_PRODUCTION -pthread -Wl,--no-as-needed -Wl,-ldl -Wl,-lm -Wno-unused-command-line-argument -O3
#20 0.715 CXXFLAGS = -DFUZZING_BUILD_MODE_UNSAFE_FOR_PRODUCTION -pthread -Wl,--no-as-needed -Wl,-ldl -Wl,-lm -Wno-unused-command-line-argument -stdlib=libc++ -O3
#20 0.722 Building benchmark systemd_systemd with fuzzer afl
#20 0.725 + tools/oss-fuzz.sh
#20 0.728 + export LC_CTYPE=C.UTF-8
#20 0.728 + LC_CTYPE=C.UTF-8
#20 0.728 + export CC=clang
#20 0.728 + CC=clang
#20 0.728 + export CXX=clang++
#20 0.728 + CXX=clang++
#20 0.729 ++ clang --version
#20 0.730 ++ sed -nr 's/.*version ([^ ]+?) .*/\1/p'
#20 0.730 ++ sed -r 's/-$//'
#20 0.767 + clang_version=14.0.0
#20 0.767 + SANITIZER=address
#20 0.767 + flags='-O1 -fno-omit-frame-pointer -g -DFUZZING_BUILD_MODE_UNSAFE_FOR_PRODUCTION -fsanitize=address'
#20 0.767 + clang_lib=/usr/lib64/clang/14.0.0/lib/linux
#20 0.767 + '[' -d /usr/lib64/clang/14.0.0/lib/linux ']'
#20 0.767 + clang_lib=/usr/lib/clang/14.0.0/lib/linux
#20 0.767 + export 'CFLAGS=-DFUZZING_BUILD_MODE_UNSAFE_FOR_PRODUCTION -pthread -Wl,--no-as-needed -Wl,-ldl -Wl,-lm -Wno-unused-command-line-argument -O3 -fsanitize-coverage=trace-pc-guard'
#20 0.767 + CFLAGS='-DFUZZING_BUILD_MODE_UNSAFE_FOR_PRODUCTION -pthread -Wl,--no-as-needed -Wl,-ldl -Wl,-lm -Wno-unused-command-line-argument -O3 -fsanitize-coverage=trace-pc-guard'
#20 0.767 + export 'CXXFLAGS=-DFUZZING_BUILD_MODE_UNSAFE_FOR_PRODUCTION -pthread -Wl,--no-as-needed -Wl,-ldl -Wl,-lm -Wno-unused-command-line-argument -stdlib=libc++ -O3 -fsanitize-coverage=trace-pc-guard'
#20 0.767 + CXXFLAGS='-DFUZZING_BUILD_MODE_UNSAFE_FOR_PRODUCTION -pthread -Wl,--no-as-needed -Wl,-ldl -Wl,-lm -Wno-unused-command-line-argument -stdlib=libc++ -O3 -fsanitize-coverage=trace-pc-guard'
#20 0.767 + export LDFLAGS=-L/usr/lib/clang/14.0.0/lib/linux
#20 0.767 + LDFLAGS=-L/usr/lib/clang/14.0.0/lib/linux
#20 0.767 + export WORK=/work
#20 0.767 + WORK=/work
#20 0.767 + export OUT=/out
#20 0.767 + OUT=/out
#20 0.767 + mkdir -p /out
#20 0.769 + build=/work/build
#20 0.769 + rm -rf /work/build
#20 0.771 + mkdir -p /work/build
#20 0.773 + '[' -z libfuzzer ']'
#20 0.773 + fuzzflag=oss-fuzz=true
#20 0.773 + apt-get update
#20 0.983 Hit:1 http://ppa.launchpad.net/git-core/ppa/ubuntu focal InRelease
#20 0.983 Hit:2 http://archive.ubuntu.com/ubuntu focal InRelease
#20 0.983 Hit:3 http://security.ubuntu.com/ubuntu focal-security InRelease
#20 0.991 Hit:4 http://archive.ubuntu.com/ubuntu focal-updates InRelease
#20 1.015 Hit:5 http://archive.ubuntu.com/ubuntu focal-backports InRelease
#20 2.039 Reading package lists...
#20 3.486 + apt-get install -y gperf m4 gettext python3-pip libcap-dev libmount-dev libkmod-dev pkg-config wget python3-jinja2 zipmerge
#20 3.569 Reading package lists...
#20 5.023 Building dependency tree...
#20 5.242 Reading state information...
#20 5.463 gettext is already the newest version (0.19.8.1-10build1).
#20 5.463 libcap-dev is already the newest version (1:2.32-1).
#20 5.463 libkmod-dev is already the newest version (27-1ubuntu2).
#20 5.463 m4 is already the newest version (1.4.18-4).
#20 5.463 pkg-config is already the newest version (0.29.1-0ubuntu4).
#20 5.463 gperf is already the newest version (3.1-1build1).
#20 5.463 libmount-dev is already the newest version (2.34-0.1ubuntu9.3).
#20 5.463 wget is already the newest version (1.20.3-1ubuntu2).
#20 5.463 python3-pip is already the newest version (20.0.2-5ubuntu1.6).
#20 5.463 The following additional packages will be installed:
#20 5.464   libzip5 python3-markupsafe
#20 5.466 Suggested packages:
#20 5.466   python-jinja2-doc
#20 5.542 The following NEW packages will be installed:
#20 5.543   libzip5 python3-jinja2 python3-markupsafe zipmerge
#20 5.630 0 upgraded, 4 newly installed, 0 to remove and 0 not upgraded.
#20 5.630 Need to get 164 kB of archives.
#20 5.630 After this operation, 722 kB of additional disk space will be used.
#20 5.630 Get:1 http://archive.ubuntu.com/ubuntu focal/universe amd64 libzip5 amd64 1.5.1-0ubuntu1 [46.7 kB]
#20 5.705 Get:2 http://archive.ubuntu.com/ubuntu focal/main amd64 python3-markupsafe amd64 1.1.0-1build2 [13.9 kB]
#20 5.708 Get:3 http://archive.ubuntu.com/ubuntu focal/main amd64 python3-jinja2 all 2.10.1-2 [95.5 kB]
#20 5.743 Get:4 http://archive.ubuntu.com/ubuntu focal/universe amd64 zipmerge amd64 1.5.1-0ubuntu1 [7988 B]
#20 6.158 debconf: delaying package configuration, since apt-utils is not installed
#20 6.307 Fetched 164 kB in 0s (859 kB/s)
#20 6.452 Selecting previously unselected package libzip5:amd64.
#20 6.452 (Reading database ... (Reading database ... 5%(Reading database ... 10%(Reading database ... 15%(Reading database ... 20%(Reading database ... 25%(Reading database ... 30%(Reading database ... 35%(Reading database ... 40%(Reading database ... 45%(Reading database ... 50%(Reading database ... 55%(Reading database ... 60%(Reading database ... 65%(Reading database ... 70%(Reading database ... 75%(Reading database ... 80%(Reading database ... 85%(Reading database ... 90%(Reading database ... 95%(Reading database ... 100%(Reading database ... 22606 files and directories currently installed.)
#20 6.525 Preparing to unpack .../libzip5_1.5.1-0ubuntu1_amd64.deb ...
#20 6.560 Unpacking libzip5:amd64 (1.5.1-0ubuntu1) ...
#20 6.710 Selecting previously unselected package python3-markupsafe.
#20 6.713 Preparing to unpack .../python3-markupsafe_1.1.0-1build2_amd64.deb ...
#20 6.741 Unpacking python3-markupsafe (1.1.0-1build2) ...
#20 6.911 Selecting previously unselected package python3-jinja2.
#20 6.914 Preparing to unpack .../python3-jinja2_2.10.1-2_all.deb ...
#20 6.939 Unpacking python3-jinja2 (2.10.1-2) ...
#20 7.088 Selecting previously unselected package zipmerge.
#20 7.091 Preparing to unpack .../zipmerge_1.5.1-0ubuntu1_amd64.deb ...
#20 7.114 Unpacking zipmerge (1.5.1-0ubuntu1) ...
#20 7.269 Setting up libzip5:amd64 (1.5.1-0ubuntu1) ...
#20 7.352 Setting up zipmerge (1.5.1-0ubuntu1) ...
#20 7.421 Setting up python3-markupsafe (1.1.0-1build2) ...
#20 7.691 Setting up python3-jinja2 (2.10.1-2) ...
#20 8.016 Processing triggers for libc-bin (2.31-0ubuntu9.2) ...
#20 8.169 + apt-get install -y gnu-efi zstd
#20 8.238 Reading package lists...
#20 9.680 Building dependency tree...
#20 9.906 Reading state information...
#20 10.16 The following NEW packages will be installed:
#20 10.17   gnu-efi zstd
#20 10.24 0 upgraded, 2 newly installed, 0 to remove and 0 not upgraded.
#20 10.24 Need to get 462 kB of archives.
#20 10.24 After this operation, 2285 kB of additional disk space will be used.
#20 10.24 Get:1 http://archive.ubuntu.com/ubuntu focal/main amd64 gnu-efi amd64 3.0.9-1 [119 kB]
#20 10.35 Get:2 http://archive.ubuntu.com/ubuntu focal-updates/universe amd64 zstd amd64 1.4.4+dfsg-3ubuntu0.1 [343 kB]
#20 10.61 debconf: delaying package configuration, since apt-utils is not installed
#20 10.65 Fetched 462 kB in 0s (2101 kB/s)
#20 10.77 Selecting previously unselected package gnu-efi.
#20 10.77 (Reading database ... (Reading database ... 5%(Reading database ... 10%(Reading database ... 15%(Reading database ... 20%(Reading database ... 25%(Reading database ... 30%(Reading database ... 35%(Reading database ... 40%(Reading database ... 45%(Reading database ... 50%(Reading database ... 55%(Reading database ... 60%(Reading database ... 65%(Reading database ... 70%(Reading database ... 75%(Reading database ... 80%(Reading database ... 85%(Reading database ... 90%(Reading database ... 95%(Reading database ... 100%(Reading database ... 22671 files and directories currently installed.)
#20 10.79 Preparing to unpack .../gnu-efi_3.0.9-1_amd64.deb ...
#20 10.85 Unpacking gnu-efi (3.0.9-1) ...
#20 11.04 Selecting previously unselected package zstd.
#20 11.04 Preparing to unpack .../zstd_1.4.4+dfsg-3ubuntu0.1_amd64.deb ...
#20 11.07 Unpacking zstd (1.4.4+dfsg-3ubuntu0.1) ...
#20 11.23 Setting up gnu-efi (3.0.9-1) ...
#20 11.31 Setting up zstd (1.4.4+dfsg-3ubuntu0.1) ...
#20 11.41 + pip3 install -r .github/workflows/requirements.txt --require-hashes
#20 12.05 WARNING: pip is being invoked by an old script wrapper. This will fail in a future version of pip.
#20 12.05 Please see https://github.com/pypa/pip/issues/5599 for advice on fixing the underlying issue.
#20 12.05 To avoid this problem you can invoke Python with '-m pip' instead of running pip directly.
#20 12.19 WARNING: pip is configured with locations that require TLS/SSL, however the ssl module in Python is not available.
#20 12.31 WARNING: Retrying (Retry(total=4, connect=None, read=None, redirect=None, status=None)) after connection broken by 'SSLError("Can't connect to HTTPS URL because the SSL module is not available.")': /simple/meson/
#20 12.81 WARNING: Retrying (Retry(total=3, connect=None, read=None, redirect=None, status=None)) after connection broken by 'SSLError("Can't connect to HTTPS URL because the SSL module is not available.")': /simple/meson/
#20 13.81 WARNING: Retrying (Retry(total=2, connect=None, read=None, redirect=None, status=None)) after connection broken by 'SSLError("Can't connect to HTTPS URL because the SSL module is not available.")': /simple/meson/
#20 15.81 WARNING: Retrying (Retry(total=1, connect=None, read=None, redirect=None, status=None)) after connection broken by 'SSLError("Can't connect to HTTPS URL because the SSL module is not available.")': /simple/meson/
#20 19.82 WARNING: Retrying (Retry(total=0, connect=None, read=None, redirect=None, status=None)) after connection broken by 'SSLError("Can't connect to HTTPS URL because the SSL module is not available.")': /simple/meson/
#20 19.82 Could not fetch URL https://pypi.org/simple/meson/: There was a problem confirming the ssl certificate: HTTPSConnectionPool(host='pypi.org', port=443): Max retries exceeded with url: /simple/meson/ (Caused by SSLError("Can't connect to HTTPS URL because the SSL module is not available.")) - skipping
#20 19.82 ERROR: Could not find a version that satisfies the requirement meson==0.60.3 (from -r .github/workflows/requirements.txt (line 1)) (from versions: none)
#20 19.82 ERROR: No matching distribution found for meson==0.60.3 (from -r .github/workflows/requirements.txt (line 1))
#20 19.90 WARNING: pip is configured with locations that require TLS/SSL, however the ssl module in Python is not available.
#20 19.90 Could not fetch URL https://pypi.org/simple/pip/: There was a problem confirming the ssl certificate: HTTPSConnectionPool(host='pypi.org', port=443): Max retries exceeded with url: /simple/pip/ (Caused by SSLError("Can't connect to HTTPS URL because the SSL module is not available.")) - skipping
#20 19.96 Traceback (most recent call last):
#20 19.96   File "<string>", line 1, in <module>
#20 19.96   File "/src/fuzzers/afl/fuzzer.py", line 40, in build
#20 19.96     utils.build_benchmark()
#20 19.96   File "/src/fuzzers/utils.py", line 82, in build_benchmark
#20 19.96     subprocess.check_call(['/bin/bash', '-ex', build_script], env=env)
#20 19.96   File "/usr/local/lib/python3.8/subprocess.py", line 364, in check_call
#20 19.96     raise CalledProcessError(retcode, cmd)
#20 19.96 subprocess.CalledProcessError: Command '['/bin/bash', '-ex', '/src/build.sh']' returned non-zero exit status 1.
#20 ERROR: executor failed running [/bin/sh -c echo "Run fuzzer_build to build the target" && if [ -z "$debug_builder" ] ; then fuzzer_build; fi]: exit code: 1
------
 > importing cache manifest from gcr.io/fuzzbench/builders/afl/systemd_systemd:
------
------
 > [stage-1 13/13] RUN echo "Run fuzzer_build to build the target" && if [ -z "$debug_builder" ] ; then fuzzer_build; fi:
------
executor failed running [/bin/sh -c echo "Run fuzzer_build to build the target" && if [ -z "$debug_builder" ] ; then fuzzer_build; fi]: exit code: 1
make: *** [docker/generated.mk:2793836: .afl-systemd_systemd-builder] Error 1
/bin/sh: 1: source: not found
#2 [internal] load .dockerignore
#2 sha256:f50dd278c432509dfa18dbe6cd147a87d9f793cd61005a7a2478f0c79f95bc1f
#2 transferring context: 2B done
#2 ...

#1 [internal] load build definition from Dockerfile
#1 sha256:c0db906d4c4a8c84b9d2fd276a677bd9980a35c39ceae705fa5b9801fdc4299f
#1 transferring dockerfile: 32B done
#1 DONE 1.2s

#2 [internal] load .dockerignore
#2 sha256:f50dd278c432509dfa18dbe6cd147a87d9f793cd61005a7a2478f0c79f95bc1f
#2 DONE 1.6s

#3 [internal] load metadata for gcr.io/oss-fuzz-base/base-builder:latest
#3 sha256:f10dc39cc9d418a5bc416dead31a1902b6821fdae909cd3b08f7a3fd1faba7b5
#3 DONE 0.8s

#5 [1/5] FROM gcr.io/oss-fuzz-base/base-builder@sha256:4ad017ca53699eda684c1c444948c93a4af848fe34baee3a765d3c4693fe6a56
#5 sha256:3f10b3978a3951f6e2692fa5e5890ee5a755650381dedece7198ed0b1dcdaa8c
#5 DONE 0.0s

#4 importing cache manifest from gcr.io/fuzzbench/builders/benchmark/systemd_systemd
#4 sha256:469ba5a1d84097610766978523bb33dcf2459faed567288cabb96602b43e4e82
#4 DONE 0.0s

#9 [internal] load build context
#9 sha256:147ac3b9a8001e46250880943daf0c988439f09ccb582178189c39bb8940ab8d
#9 transferring context: 30B done
#9 DONE 1.3s

#6 [2/5] RUN apt-get update &&    apt-get install -y gperf m4 gettext python3-pip         libcap-dev libmount-dev libkmod-dev         pkg-config wget &&    pip3 install meson ninja
#6 sha256:78246166c4d39983c971d7d055a6147122827a0a698b44bec6f10e00a3b6b42d
#6 CACHED

#7 [3/5] RUN git clone --depth 1 https://github.com/systemd/systemd systemd
#7 sha256:460a84bb79350e9572d8a71a980716337f19a36b1981ab63a3330540507ce0eb
#7 CACHED

#8 [4/5] WORKDIR systemd
#8 sha256:7f5d4156e84771bfbb08aef1e008fb6faa5ce86c698a585e7302a0c5360caf2e
#8 CACHED

#10 [5/5] COPY build.sh /src/
#10 sha256:c26660ea9529d948d6ace8b2de3a191e42020bc51898cc61c80cb90c85e01fb6
#10 CACHED

#11 exporting to image
#11 sha256:e8c613e07b0b7ff33893b694f7759a10d42e180f2b4dc349fb57dc6b71dcab00
#11 exporting layers done
#11 writing image sha256:fa3f046ec0d8d09309406329c6d91e0c7bb24fde501460e2aa53bad491d3ed9b
#11 writing image sha256:fa3f046ec0d8d09309406329c6d91e0c7bb24fde501460e2aa53bad491d3ed9b 0.2s done
#11 naming to gcr.io/fuzzbench/builders/benchmark/systemd_systemd done
#11 DONE 3.9s

#12 exporting cache
#12 sha256:2700d4ef94dee473593c5c614b55b2dedcca7893909811a8f2b48291a1f581e4
#12 preparing build cache for export
#12 preparing build cache for export done
#12 DONE 0.0s
#2 [internal] load .dockerignore
#2 sha256:b261dd5974b1edd5e5b2a7360c05b2a1de21fa202cadf08c50a72e7bb0227f02
#2 transferring context:
#2 transferring context: 2B done
#2 DONE 1.6s

#1 [internal] load build definition from builder.Dockerfile
#1 sha256:34c1be07a6fb4a3e23e288633b66a8df132a32bea8549b61cf44df0b38f4f635
#1 transferring dockerfile: 46B done
#1 DONE 1.8s

#3 [internal] load metadata for gcr.io/fuzzbench/builders/benchmark/systemd_systemd:latest
#3 sha256:fe381842cc1e0a22028ad6eb9fee318c197de3efe4339e393dd5d0f286a6d17b
#3 DONE 0.0s

#5 [1/3] FROM gcr.io/fuzzbench/builders/benchmark/systemd_systemd
#5 sha256:040d257ad029bf1e62959b95063d7633efa6ad6d286c027fd3e3f4c117d16df1
#5 DONE 0.0s

#4 importing cache manifest from gcr.io/fuzzbench/builders/afl/systemd_systemd-intermediate
#4 sha256:abb51a1103918a81048c29b6d6a589e9edafcf05ac8bf869e230e2acf493f983
#4 DONE 0.0s

#6 [2/3] RUN git clone https://github.com/google/AFL.git /afl &&     cd /afl &&     git checkout 61037103ae3722c8060ff7082994836a794f978e &&     AFL_NO_X86=1 make
#6 sha256:a435962eeb40ea60862a91aedd77d9ca00d08bb48a5629bd0f0a9b7d62677068
#6 CACHED

#7 [3/3] RUN apt-get update &&     apt-get install wget -y &&     wget https://raw.githubusercontent.com/llvm/llvm-project/5feb80e748924606531ba28c97fe65145c65372e/compiler-rt/lib/fuzzer/afl/afl_driver.cpp -O /afl/afl_driver.cpp &&     clang -Wno-pointer-sign -c /afl/llvm_mode/afl-llvm-rt.o.c -I/afl &&     clang++ -stdlib=libc++ -std=c++11 -O2 -c /afl/afl_driver.cpp &&     ar r /libAFL.a *.o
#7 sha256:8d49de52ef158b66db7b026c6d1f50f02542eaa4b280c907ed6560a73c692ec0
#7 CACHED

#8 exporting to image
#8 sha256:e8c613e07b0b7ff33893b694f7759a10d42e180f2b4dc349fb57dc6b71dcab00
#8 exporting layers done
#8 writing image sha256:5a8742bf13c9d00ecd752d2e666f1b06458ec31baf2f3ff2e6223b17af83ad6c
#8 writing image sha256:5a8742bf13c9d00ecd752d2e666f1b06458ec31baf2f3ff2e6223b17af83ad6c done
#8 naming to gcr.io/fuzzbench/builders/afl/systemd_systemd-intermediate done
#8 DONE 0.4s

#9 exporting cache
#9 sha256:2700d4ef94dee473593c5c614b55b2dedcca7893909811a8f2b48291a1f581e4
#9 preparing build cache for export done
#9 DONE 0.0s
#2 [internal] load .dockerignore
#2 sha256:b4b8b3394eea188b9165a53fad8e3c1dd5a63243d1aad67b4d3395749ad27dfc
#2 transferring context: 34B done
#2 DONE 0.2s

#1 [internal] load build definition from Dockerfile
#1 sha256:f6167c455576f0891de35c5a54090e454e3521cf0f1695976dc56689b175a080
#1 transferring dockerfile: 2.00kB done
#1 DONE 0.2s

#3 [internal] load metadata for docker.io/library/ubuntu:xenial
#3 sha256:f62bae18ed588840f045c881b2502661f2a89578a2f8f99b83f5200ee83dd25b
#3 DONE 0.0s

#5 [1/7] FROM docker.io/library/ubuntu:xenial
#5 sha256:14dd403f25ae9e519bd44f27dc17af7ce80f5a4f9f48ca88108364e67ec5d360
#5 DONE 0.0s

#4 importing cache manifest from gcr.io/fuzzbench/base-image
#4 sha256:9b220ebb4d4daceed1b96df9b6dca076e762f1cd612574f010b82d5b9e5ad896
#4 DONE 0.0s

#8 [internal] load build context
#8 sha256:aa3bd11f9f6f01f05ff534e4da91a23514b1a9fb15cdfcf0ba7f5baecaa1ecd7
#8 transferring context: 559B 0.0s done
#8 DONE 0.1s

#7 [3/7] RUN cd /tmp/ &&     curl -O https://www.python.org/ftp/python/3.8.6/Python-3.8.6.tar.xz &&     tar -xvf Python-3.8.6.tar.xz &&     cd Python-3.8.6 &&     ./configure --enable-loadable-sqlite-extensions --enable-optimizations &&     make -j install &&     rm -r /tmp/Python-3.8.6.tar.xz /tmp/Python-3.8.6
#7 sha256:c5b9d1fb3371e84dbc60b76e7b2f8d5913bc93bcd4910ab65daa03e7b2ec4bb0
#7 CACHED

#11 [6/7] RUN apt-get update -y && apt-get install -y     apt-transport-https     lsb-release
#11 sha256:840befdf0db93c5f256a15c11fce29a7b92d1adfb9afc38b437b958f5ee37d4b
#11 CACHED

#6 [2/7] RUN apt-get update -y && apt-get install -y     build-essential     rsync     curl     zlib1g-dev     libncurses5-dev     libgdbm-dev     libnss3-dev     libssl-dev     libreadline-dev     libffi-dev     virtualenv     libbz2-dev     liblzma-dev     libsqlite3-dev
#6 sha256:3a1b0960f17eed529eaae93dc8fd3554f2743dd584d8fa569cdbe6bc734371ac
#6 CACHED

#9 [4/7] COPY ./requirements.txt /
#9 sha256:25f9b816a87da34d6f6f6799ea7ee6a45504f2ce7e921610fc567f40a459e6c4
#9 CACHED

#10 [5/7] RUN pip3 install -r /requirements.txt
#10 sha256:259e589bf2ab8bcdd55b64135eea0f7ae83f2739f588cdd887e1026ca8ed9b5a
#10 CACHED

#12 [7/7] RUN CLOUD_SDK_REPO="cloud-sdk-$(lsb_release -c -s)" &&     echo "deb https://packages.cloud.google.com/apt $CLOUD_SDK_REPO main"     | tee -a /etc/apt/sources.list.d/google-cloud-sdk.list &&     curl https://packages.cloud.google.com/apt/doc/apt-key.gpg     | apt-key add - &&     apt-get update -y &&     apt-get install -y google-cloud-sdk
#12 sha256:0aa48706a6af05985c7842103507a0215d0ed027d44862abf925aefab70efdd7
#12 CACHED

#13 exporting to image
#13 sha256:e8c613e07b0b7ff33893b694f7759a10d42e180f2b4dc349fb57dc6b71dcab00
#13 exporting layers done
#13 writing image sha256:d22c0bd101801931c6d6e62a988c4bfa3adad63664261e8d24ef6559eead7bbd 0.0s done
#13 naming to gcr.io/fuzzbench/base-image done
#13 DONE 0.1s

#14 exporting cache
#14 sha256:2700d4ef94dee473593c5c614b55b2dedcca7893909811a8f2b48291a1f581e4
#14 preparing build cache for export done
#14 DONE 0.0s
#2 [internal] load .dockerignore
#2 sha256:ff817675707522801a2ce2b36d41a65bbb0cb2611df33781a12a3293606f6f20
#2 transferring context: 34B done
#2 DONE 0.2s

#1 [internal] load build definition from Dockerfile
#1 sha256:0a43993de6fef0ef19b83a50421a242309255b176aa8574ac1715e5dceafe36b
#1 transferring dockerfile: 2.22kB done
#1 DONE 0.2s

#4 [internal] load metadata for gcr.io/fuzzbench/base-image:latest
#4 sha256:932022888f650cc455b10eb5123bb08c0cccacac29a693e69314abbfd28a72c3
#4 DONE 0.0s

#3 [internal] load metadata for gcr.io/fuzzbench/builders/afl/systemd_systemd-intermediate:latest
#3 sha256:5d8e06f48172041795eed7bf5b6f879f05731f768e6fd800e92203fa8be46649
#3 DONE 0.0s

#12 [internal] load build context
#12 sha256:822efca5fe0585ecd25e20385b0d3d3f54331746396b0da7c0efe90a1090e32f
#12 DONE 0.0s

#7 [base-image 1/1] FROM gcr.io/fuzzbench/base-image
#7 sha256:4d07825694520f8b6f6a0d8592dbd345433361ae044cb7f06706c5a95e3daaad
#7 DONE 0.0s

#6 [stage-1  1/13] FROM gcr.io/fuzzbench/builders/afl/systemd_systemd-intermediate
#6 sha256:3d4925ada3e4400f2094b3cacee5d4ed91d39dd4ecdaf9da6ba78266b1d22e80
#6 DONE 0.0s

#5 importing cache manifest from gcr.io/fuzzbench/builders/afl/systemd_systemd
#5 sha256:7a3f3a597a4b923e3a41e9740ca84b60f1b17000ffa5cb3a70a62a782c43be37
#5 ERROR: gcr.io/fuzzbench/builders/afl/systemd_systemd:latest: not found

#12 [internal] load build context
#12 sha256:822efca5fe0585ecd25e20385b0d3d3f54331746396b0da7c0efe90a1090e32f
#12 transferring context: 669.87kB 0.1s done
#12 DONE 0.2s

#17 [stage-1 10/13] COPY docker/benchmark-builder/checkout_commit.py /opt/fuzzbench/
#17 sha256:63d1700129f6e99eb4e096738f71671b333300991d741b319db599cbaf55c39f
#17 CACHED

#8 [stage-1  2/13] COPY --from=base-image /usr/local/bin/python3* /usr/local/bin/
#8 sha256:548398038e348fe67aa42d6ef0ec3f88eb326bc966808c73e2de7d3720a7d662
#8 CACHED

#11 [stage-1  5/13] COPY --from=base-image /usr/local/lib/python3.8/site-packages /usr/local/lib/python3.8/site-packages
#11 sha256:e9fe0323ab910fb3fd8abf3ba235ea451a682c343f670ca039a1c5218456eae4
#11 CACHED

#9 [stage-1  3/13] COPY --from=base-image /usr/local/lib/python3.8 /usr/local/lib/python3.8
#9 sha256:5012454116ead286ff397d46d4a7c308fbadf916afdff834ad3c9e222da763a7
#9 CACHED

#10 [stage-1  4/13] COPY --from=base-image /usr/local/include/python3.8 /usr/local/include/python3.8
#10 sha256:e3038e25a503b0dd7892c3a3905be525e242e36dc69ea0b7e3bde0845a5a2c6a
#10 CACHED

#16 [stage-1  9/13] RUN mkdir /opt/fuzzbench/
#16 sha256:b48b8f2baf3d9d0f54ebb3bfc7a85420e23d31123ed73b70e47173a24b216dc2
#16 CACHED

#13 [stage-1  6/13] COPY fuzzers /src/fuzzers
#13 sha256:d24ce849d2c8ea5c3f9d6a29a5c56ca1632adb0430e61bb8947d275f96f808be
#13 CACHED

#18 [stage-1 11/13] RUN export CHECKOUT_COMMIT=$(cat /benchmark.yaml | tr -d ' ' | grep 'commit:' | cut -d ':' -f2) &&     python3 -u /opt/fuzzbench/checkout_commit.py $CHECKOUT_COMMIT /src
#18 sha256:230eee9380aa0eb6d71e315183fb57d75a857067ae21083c7495b02f3ad4445d
#18 CACHED

#15 [stage-1  8/13] COPY benchmarks/systemd_systemd/benchmark.yaml /
#15 sha256:13e3c84cc28f6aaf213d045d5f96f5c524ff69847e55df3084d8a14c6f6655c5
#15 CACHED

#14 [stage-1  7/13] RUN touch /src/__init__.py
#14 sha256:11f4d3ff34ef2bd6e40bd5d664bd8ffb170aa9242eab79a388c4fd2185acbfa8
#14 CACHED

#19 [stage-1 12/13] RUN echo "#!/bin/bash\nPYTHONPATH=/src python3 -u -c "from fuzzers import utils; utils.initialize_env(); from fuzzers.afl import fuzzer; fuzzer.build()"" > /usr/bin/fuzzer_build &&     chmod +x /usr/bin/fuzzer_build
#19 sha256:1a9d5f384017d16af3fdcb9a69bb470e5ad26c77a8476273d058b0a973a0b997
#19 CACHED

#20 [stage-1 13/13] RUN echo "Run fuzzer_build to build the target" && if [ -z "$debug_builder" ] ; then fuzzer_build; fi
#20 sha256:f9e392731f3c978ddbccd4f6e2995db3acb1897e48e2084000dd0a369e28a9bd
#20 0.593 Run fuzzer_build to build the target
#20 0.710 FUZZ_TARGET = systemd
#20 0.710 CFLAGS = -DFUZZING_BUILD_MODE_UNSAFE_FOR_PRODUCTION -pthread -Wl,--no-as-needed -Wl,-ldl -Wl,-lm -Wno-unused-command-line-argument -O3
#20 0.710 CXXFLAGS = -DFUZZING_BUILD_MODE_UNSAFE_FOR_PRODUCTION -pthread -Wl,--no-as-needed -Wl,-ldl -Wl,-lm -Wno-unused-command-line-argument -stdlib=libc++ -O3
#20 0.714 Building benchmark systemd_systemd with fuzzer afl
#20 0.718 + tools/oss-fuzz.sh
#20 0.721 + export LC_CTYPE=C.UTF-8
#20 0.721 + LC_CTYPE=C.UTF-8
#20 0.721 + export CC=clang
#20 0.721 + CC=clang
#20 0.722 + export CXX=clang++
#20 0.722 + CXX=clang++
#20 0.722 ++ clang --version
#20 0.723 ++ sed -nr 's/.*version ([^ ]+?) .*/\1/p'
#20 0.723 ++ sed -r 's/-$//'
#20 0.733 + clang_version=14.0.0
#20 0.733 + SANITIZER=address
#20 0.734 + flags='-O1 -fno-omit-frame-pointer -g -DFUZZING_BUILD_MODE_UNSAFE_FOR_PRODUCTION -fsanitize=address'
#20 0.734 + clang_lib=/usr/lib64/clang/14.0.0/lib/linux
#20 0.734 + '[' -d /usr/lib64/clang/14.0.0/lib/linux ']'
#20 0.734 + clang_lib=/usr/lib/clang/14.0.0/lib/linux
#20 0.734 + export 'CFLAGS=-DFUZZING_BUILD_MODE_UNSAFE_FOR_PRODUCTION -pthread -Wl,--no-as-needed -Wl,-ldl -Wl,-lm -Wno-unused-command-line-argument -O3 -fsanitize-coverage=trace-pc-guard'
#20 0.734 + CFLAGS='-DFUZZING_BUILD_MODE_UNSAFE_FOR_PRODUCTION -pthread -Wl,--no-as-needed -Wl,-ldl -Wl,-lm -Wno-unused-command-line-argument -O3 -fsanitize-coverage=trace-pc-guard'
#20 0.734 + export 'CXXFLAGS=-DFUZZING_BUILD_MODE_UNSAFE_FOR_PRODUCTION -pthread -Wl,--no-as-needed -Wl,-ldl -Wl,-lm -Wno-unused-command-line-argument -stdlib=libc++ -O3 -fsanitize-coverage=trace-pc-guard'
#20 0.734 + CXXFLAGS='-DFUZZING_BUILD_MODE_UNSAFE_FOR_PRODUCTION -pthread -Wl,--no-as-needed -Wl,-ldl -Wl,-lm -Wno-unused-command-line-argument -stdlib=libc++ -O3 -fsanitize-coverage=trace-pc-guard'
#20 0.734 + export LDFLAGS=-L/usr/lib/clang/14.0.0/lib/linux
#20 0.734 + LDFLAGS=-L/usr/lib/clang/14.0.0/lib/linux
#20 0.734 + export WORK=/work
#20 0.734 + WORK=/work
#20 0.734 + export OUT=/out
#20 0.734 + OUT=/out
#20 0.734 + mkdir -p /out
#20 0.736 + build=/work/build
#20 0.736 + rm -rf /work/build
#20 0.737 + mkdir -p /work/build
#20 0.739 + '[' -z libfuzzer ']'
#20 0.739 + fuzzflag=oss-fuzz=true
#20 0.739 + apt-get update
#20 0.938 Hit:1 http://archive.ubuntu.com/ubuntu focal InRelease
#20 0.938 Hit:2 http://archive.ubuntu.com/ubuntu focal-updates InRelease
#20 0.938 Hit:3 http://security.ubuntu.com/ubuntu focal-security InRelease
#20 0.938 Hit:4 http://ppa.launchpad.net/git-core/ppa/ubuntu focal InRelease
#20 0.952 Hit:5 http://archive.ubuntu.com/ubuntu focal-backports InRelease
#20 1.903 Reading package lists...
#20 3.395 + apt-get install -y gperf m4 gettext python3-pip libcap-dev libmount-dev libkmod-dev pkg-config wget python3-jinja2 zipmerge
#20 3.468 Reading package lists...
#20 4.916 Building dependency tree...
#20 5.140 Reading state information...
#20 5.360 gettext is already the newest version (0.19.8.1-10build1).
#20 5.360 libcap-dev is already the newest version (1:2.32-1).
#20 5.360 libkmod-dev is already the newest version (27-1ubuntu2).
#20 5.360 m4 is already the newest version (1.4.18-4).
#20 5.360 pkg-config is already the newest version (0.29.1-0ubuntu4).
#20 5.360 gperf is already the newest version (3.1-1build1).
#20 5.360 libmount-dev is already the newest version (2.34-0.1ubuntu9.3).
#20 5.360 wget is already the newest version (1.20.3-1ubuntu2).
#20 5.360 python3-pip is already the newest version (20.0.2-5ubuntu1.6).
#20 5.360 The following additional packages will be installed:
#20 5.360   libzip5 python3-markupsafe
#20 5.362 Suggested packages:
#20 5.362   python-jinja2-doc
#20 5.439 The following NEW packages will be installed:
#20 5.439   libzip5 python3-jinja2 python3-markupsafe zipmerge
#20 5.514 0 upgraded, 4 newly installed, 0 to remove and 0 not upgraded.
#20 5.514 Need to get 164 kB of archives.
#20 5.514 After this operation, 722 kB of additional disk space will be used.
#20 5.514 Get:1 http://archive.ubuntu.com/ubuntu focal/universe amd64 libzip5 amd64 1.5.1-0ubuntu1 [46.7 kB]
#20 5.579 Get:2 http://archive.ubuntu.com/ubuntu focal/main amd64 python3-markupsafe amd64 1.1.0-1build2 [13.9 kB]
#20 5.582 Get:3 http://archive.ubuntu.com/ubuntu focal/main amd64 python3-jinja2 all 2.10.1-2 [95.5 kB]
#20 5.613 Get:4 http://archive.ubuntu.com/ubuntu focal/universe amd64 zipmerge amd64 1.5.1-0ubuntu1 [7988 B]
#20 5.966 debconf: delaying package configuration, since apt-utils is not installed
#20 6.148 Fetched 164 kB in 0s (1025 kB/s)
#20 6.384 Selecting previously unselected package libzip5:amd64.
#20 6.384 (Reading database ... (Reading database ... 5%(Reading database ... 10%(Reading database ... 15%(Reading database ... 20%(Reading database ... 25%(Reading database ... 30%(Reading database ... 35%(Reading database ... 40%(Reading database ... 45%(Reading database ... 50%(Reading database ... 55%(Reading database ... 60%(Reading database ... 65%(Reading database ... 70%(Reading database ... 75%(Reading database ... 80%(Reading database ... 85%(Reading database ... 90%(Reading database ... 95%(Reading database ... 100%(Reading database ... 22606 files and directories currently installed.)
#20 6.407 Preparing to unpack .../libzip5_1.5.1-0ubuntu1_amd64.deb ...
#20 6.478 Unpacking libzip5:amd64 (1.5.1-0ubuntu1) ...
#20 6.661 Selecting previously unselected package python3-markupsafe.
#20 6.664 Preparing to unpack .../python3-markupsafe_1.1.0-1build2_amd64.deb ...
#20 6.690 Unpacking python3-markupsafe (1.1.0-1build2) ...
#20 6.876 Selecting previously unselected package python3-jinja2.
#20 6.879 Preparing to unpack .../python3-jinja2_2.10.1-2_all.deb ...
#20 6.908 Unpacking python3-jinja2 (2.10.1-2) ...
#20 7.073 Selecting previously unselected package zipmerge.
#20 7.076 Preparing to unpack .../zipmerge_1.5.1-0ubuntu1_amd64.deb ...
#20 7.105 Unpacking zipmerge (1.5.1-0ubuntu1) ...
#20 7.275 Setting up libzip5:amd64 (1.5.1-0ubuntu1) ...
#20 7.374 Setting up zipmerge (1.5.1-0ubuntu1) ...
#20 7.461 Setting up python3-markupsafe (1.1.0-1build2) ...
#20 7.745 Setting up python3-jinja2 (2.10.1-2) ...
#20 8.105 Processing triggers for libc-bin (2.31-0ubuntu9.2) ...
#20 8.263 + apt-get install -y gnu-efi zstd
#20 8.351 Reading package lists...
#20 9.799 Building dependency tree...
#20 10.02 Reading state information...
#20 10.28 The following NEW packages will be installed:
#20 10.28   gnu-efi zstd
#20 10.36 0 upgraded, 2 newly installed, 0 to remove and 0 not upgraded.
#20 10.36 Need to get 462 kB of archives.
#20 10.36 After this operation, 2285 kB of additional disk space will be used.
#20 10.36 Get:1 http://archive.ubuntu.com/ubuntu focal/main amd64 gnu-efi amd64 3.0.9-1 [119 kB]
#20 10.47 Get:2 http://archive.ubuntu.com/ubuntu focal-updates/universe amd64 zstd amd64 1.4.4+dfsg-3ubuntu0.1 [343 kB]
#20 10.72 debconf: delaying package configuration, since apt-utils is not installed
#20 10.76 Fetched 462 kB in 0s (2100 kB/s)
#20 10.89 Selecting previously unselected package gnu-efi.
#20 10.89 (Reading database ... (Reading database ... 5%(Reading database ... 10%(Reading database ... 15%(Reading database ... 20%(Reading database ... 25%(Reading database ... 30%(Reading database ... 35%(Reading database ... 40%(Reading database ... 45%(Reading database ... 50%(Reading database ... 55%(Reading database ... 60%(Reading database ... 65%(Reading database ... 70%(Reading database ... 75%(Reading database ... 80%(Reading database ... 85%(Reading database ... 90%(Reading database ... 95%(Reading database ... 100%(Reading database ... 22671 files and directories currently installed.)
#20 10.91 Preparing to unpack .../gnu-efi_3.0.9-1_amd64.deb ...
#20 10.97 Unpacking gnu-efi (3.0.9-1) ...
#20 11.15 Selecting previously unselected package zstd.
#20 11.16 Preparing to unpack .../zstd_1.4.4+dfsg-3ubuntu0.1_amd64.deb ...
#20 11.17 Unpacking zstd (1.4.4+dfsg-3ubuntu0.1) ...
#20 11.33 Setting up gnu-efi (3.0.9-1) ...
#20 11.41 Setting up zstd (1.4.4+dfsg-3ubuntu0.1) ...
#20 11.51 + pip3 install -r .github/workflows/requirements.txt --require-hashes
#20 12.09 WARNING: pip is being invoked by an old script wrapper. This will fail in a future version of pip.
#20 12.09 Please see https://github.com/pypa/pip/issues/5599 for advice on fixing the underlying issue.
#20 12.09 To avoid this problem you can invoke Python with '-m pip' instead of running pip directly.
#20 12.22 WARNING: pip is configured with locations that require TLS/SSL, however the ssl module in Python is not available.
#20 12.33 WARNING: Retrying (Retry(total=4, connect=None, read=None, redirect=None, status=None)) after connection broken by 'SSLError("Can't connect to HTTPS URL because the SSL module is not available.")': /simple/meson/
#20 12.83 WARNING: Retrying (Retry(total=3, connect=None, read=None, redirect=None, status=None)) after connection broken by 'SSLError("Can't connect to HTTPS URL because the SSL module is not available.")': /simple/meson/
#20 13.83 WARNING: Retrying (Retry(total=2, connect=None, read=None, redirect=None, status=None)) after connection broken by 'SSLError("Can't connect to HTTPS URL because the SSL module is not available.")': /simple/meson/
#20 15.83 WARNING: Retrying (Retry(total=1, connect=None, read=None, redirect=None, status=None)) after connection broken by 'SSLError("Can't connect to HTTPS URL because the SSL module is not available.")': /simple/meson/
#20 19.84 WARNING: Retrying (Retry(total=0, connect=None, read=None, redirect=None, status=None)) after connection broken by 'SSLError("Can't connect to HTTPS URL because the SSL module is not available.")': /simple/meson/
#20 19.84 Could not fetch URL https://pypi.org/simple/meson/: There was a problem confirming the ssl certificate: HTTPSConnectionPool(host='pypi.org', port=443): Max retries exceeded with url: /simple/meson/ (Caused by SSLError("Can't connect to HTTPS URL because the SSL module is not available.")) - skipping
#20 19.84 ERROR: Could not find a version that satisfies the requirement meson==0.60.3 (from -r .github/workflows/requirements.txt (line 1)) (from versions: none)
#20 19.84 ERROR: No matching distribution found for meson==0.60.3 (from -r .github/workflows/requirements.txt (line 1))
#20 19.92 WARNING: pip is configured with locations that require TLS/SSL, however the ssl module in Python is not available.
#20 19.92 Could not fetch URL https://pypi.org/simple/pip/: There was a problem confirming the ssl certificate: HTTPSConnectionPool(host='pypi.org', port=443): Max retries exceeded with url: /simple/pip/ (Caused by SSLError("Can't connect to HTTPS URL because the SSL module is not available.")) - skipping
#20 19.98 Traceback (most recent call last):
#20 19.98   File "<string>", line 1, in <module>
#20 19.98   File "/src/fuzzers/afl/fuzzer.py", line 40, in build
#20 19.98     utils.build_benchmark()
#20 19.98   File "/src/fuzzers/utils.py", line 82, in build_benchmark
#20 19.98     subprocess.check_call(['/bin/bash', '-ex', build_script], env=env)
#20 19.98   File "/usr/local/lib/python3.8/subprocess.py", line 364, in check_call
#20 19.98     raise CalledProcessError(retcode, cmd)
#20 19.98 subprocess.CalledProcessError: Command '['/bin/bash', '-ex', '/src/build.sh']' returned non-zero exit status 1.
#20 ERROR: executor failed running [/bin/sh -c echo "Run fuzzer_build to build the target" && if [ -z "$debug_builder" ] ; then fuzzer_build; fi]: exit code: 1
------
 > importing cache manifest from gcr.io/fuzzbench/builders/afl/systemd_systemd:
------
------
 > [stage-1 13/13] RUN echo "Run fuzzer_build to build the target" && if [ -z "$debug_builder" ] ; then fuzzer_build; fi:
------
executor failed running [/bin/sh -c echo "Run fuzzer_build to build the target" && if [ -z "$debug_builder" ] ; then fuzzer_build; fi]: exit code: 1
make: *** [docker/generated.mk:2793836: .afl-systemd_systemd-builder] Error 1
