WARNING:root:gcloud not found in PATH.
INFO:root:Successfully integrated benchmark: dav1d_dav1d.
INFO:root:Please run "make test-run-afl-dav1d_dav1d" to test integration.
#2 [internal] load .dockerignore
#2 sha256:7e41e8df1cb284cde227d246fe5f4c06ccffd46208f485703b44a7032e9fa119
#2 transferring context: 2B done
#2 DONE 0.7s

#1 [internal] load build definition from Dockerfile
#1 sha256:0fe9539d51adf409ed9c25d636f12baf9a9d242f8126e1541bf27bbe2abad39c
#1 transferring dockerfile: 1.14kB done
#1 DONE 0.8s

#3 [internal] load metadata for gcr.io/oss-fuzz-base/base-builder:latest
#3 sha256:f10dc39cc9d418a5bc416dead31a1902b6821fdae909cd3b08f7a3fd1faba7b5
#3 DONE 0.4s

#11 [internal] load build context
#11 sha256:dbc6cbd257c9443f17000b02f7b2f19ab1f809cd4383da98d88ff3a38a06d8a7
#11 DONE 0.0s

#5 [1/7] FROM gcr.io/oss-fuzz-base/base-builder@sha256:41d7bbe7827592680a606c9bba1aeb6e23c7502ce8b633923b06542f4c706e7c
#5 sha256:660db69324ed478291dd329cbbfe422dccbc173f9ab806c069fac341073eab8c
#5 DONE 0.0s

#4 importing cache manifest from gcr.io/fuzzbench/builders/benchmark/dav1d_dav1d
#4 sha256:c640aed998096b9c705415b1977b0c71ad77d1e8e0906e3ac6ad0b2e1315b358
#4 ERROR: gcr.io/fuzzbench/builders/benchmark/dav1d_dav1d:latest: not found

#5 [1/7] FROM gcr.io/oss-fuzz-base/base-builder@sha256:41d7bbe7827592680a606c9bba1aeb6e23c7502ce8b633923b06542f4c706e7c
#5 sha256:660db69324ed478291dd329cbbfe422dccbc173f9ab806c069fac341073eab8c
#5 CACHED

#11 [internal] load build context
#11 sha256:dbc6cbd257c9443f17000b02f7b2f19ab1f809cd4383da98d88ff3a38a06d8a7
#11 transferring context: 1.48kB done
#11 DONE 0.6s

#6 [2/7] RUN apt-get update && apt-get install -y curl python3-pip &&     pip3 install meson ninja
#6 sha256:cf7cc3e9d7f8321383db571ecafa215fcf052346e1da3b80a1f450cee162a6ba
#6 0.769 Hit:1 http://ppa.launchpad.net/git-core/ppa/ubuntu focal InRelease
#6 0.769 Hit:2 http://archive.ubuntu.com/ubuntu focal InRelease
#6 0.769 Get:3 http://archive.ubuntu.com/ubuntu focal-updates InRelease [114 kB]
#6 0.769 Get:4 http://security.ubuntu.com/ubuntu focal-security InRelease [114 kB]
#6 0.853 Get:5 http://archive.ubuntu.com/ubuntu focal-backports InRelease [108 kB]
#6 1.321 Get:6 http://security.ubuntu.com/ubuntu focal-security/main amd64 Packages [1557 kB]
#6 1.483 Get:7 http://archive.ubuntu.com/ubuntu focal-updates/main i386 Packages [755 kB]
#6 1.498 Get:8 http://security.ubuntu.com/ubuntu focal-security/restricted amd64 Packages [974 kB]
#6 1.590 Get:9 http://security.ubuntu.com/ubuntu focal-security/universe amd64 Packages [841 kB]
#6 1.669 Get:10 http://security.ubuntu.com/ubuntu focal-security/universe i386 Packages [657 kB]
#6 1.727 Get:11 http://security.ubuntu.com/ubuntu focal-security/main i386 Packages [467 kB]
#6 1.786 Get:12 http://archive.ubuntu.com/ubuntu focal-updates/universe i386 Packages [828 kB]
#6 1.907 Get:13 http://archive.ubuntu.com/ubuntu focal-updates/universe amd64 Packages [1135 kB]
#6 2.017 Get:14 http://archive.ubuntu.com/ubuntu focal-updates/restricted amd64 Packages [1042 kB]
#6 2.118 Get:15 http://archive.ubuntu.com/ubuntu focal-updates/main amd64 Packages [1984 kB]
#6 2.637 Fetched 10.6 MB in 2s (5819 kB/s)
#6 2.637 Reading package lists...
#6 4.281 Reading package lists...
#6 5.694 Building dependency tree...
#6 5.904 Reading state information...
#6 6.111 curl is already the newest version (7.68.0-1ubuntu2.7).
#6 6.111 The following additional packages will be installed:
#6 6.112   libexpat1-dev libpython3-dev libpython3.8 libpython3.8-dev python-pip-whl
#6 6.112   python3-dev python3-distutils python3-lib2to3 python3-setuptools
#6 6.112   python3-wheel python3.8-dev zlib1g-dev
#6 6.114 Suggested packages:
#6 6.114   python-setuptools-doc
#6 6.246 The following NEW packages will be installed:
#6 6.247   libexpat1-dev libpython3-dev libpython3.8 libpython3.8-dev python-pip-whl
#6 6.247   python3-dev python3-distutils python3-lib2to3 python3-pip python3-setuptools
#6 6.248   python3-wheel python3.8-dev zlib1g-dev
#6 6.322 0 upgraded, 13 newly installed, 0 to remove and 1 not upgraded.
#6 6.322 Need to get 8972 kB of archives.
#6 6.322 After this operation, 34.7 MB of additional disk space will be used.
#6 6.322 Get:1 http://archive.ubuntu.com/ubuntu focal/main amd64 libexpat1-dev amd64 2.2.9-1build1 [116 kB]
#6 6.427 Get:2 http://archive.ubuntu.com/ubuntu focal-updates/main amd64 libpython3.8 amd64 3.8.10-0ubuntu1~20.04.2 [1625 kB]
#6 6.587 Get:3 http://archive.ubuntu.com/ubuntu focal-updates/main amd64 libpython3.8-dev amd64 3.8.10-0ubuntu1~20.04.2 [3950 kB]
#6 7.045 Get:4 http://archive.ubuntu.com/ubuntu focal/main amd64 libpython3-dev amd64 3.8.2-0ubuntu2 [7236 B]
#6 7.147 Get:5 http://archive.ubuntu.com/ubuntu focal-updates/universe amd64 python-pip-whl all 20.0.2-5ubuntu1.6 [1805 kB]
#6 7.347 Get:6 http://archive.ubuntu.com/ubuntu focal-updates/main amd64 zlib1g-dev amd64 1:1.2.11.dfsg-2ubuntu1.2 [155 kB]
#6 7.363 Get:7 http://archive.ubuntu.com/ubuntu focal-updates/main amd64 python3.8-dev amd64 3.8.10-0ubuntu1~20.04.2 [510 kB]
#6 7.429 Get:8 http://archive.ubuntu.com/ubuntu focal-updates/main amd64 python3-lib2to3 all 3.8.10-0ubuntu1~20.04 [76.3 kB]
#6 7.435 Get:9 http://archive.ubuntu.com/ubuntu focal-updates/main amd64 python3-distutils all 3.8.10-0ubuntu1~20.04 [141 kB]
#6 7.446 Get:10 http://archive.ubuntu.com/ubuntu focal/main amd64 python3-dev amd64 3.8.2-0ubuntu2 [1212 B]
#6 7.446 Get:11 http://archive.ubuntu.com/ubuntu focal/main amd64 python3-setuptools all 45.2.0-1 [330 kB]
#6 7.481 Get:12 http://archive.ubuntu.com/ubuntu focal/universe amd64 python3-wheel all 0.34.2-1 [23.8 kB]
#6 7.483 Get:13 http://archive.ubuntu.com/ubuntu focal-updates/universe amd64 python3-pip all 20.0.2-5ubuntu1.6 [231 kB]
#6 7.785 debconf: delaying package configuration, since apt-utils is not installed
#6 7.875 Fetched 8972 kB in 1s (7205 kB/s)
#6 7.962 Selecting previously unselected package libexpat1-dev:amd64.
#6 7.962 (Reading database ... (Reading database ... 5%(Reading database ... 10%(Reading database ... 15%(Reading database ... 20%(Reading database ... 25%(Reading database ... 30%(Reading database ... 35%(Reading database ... 40%(Reading database ... 45%(Reading database ... 50%(Reading database ... 55%(Reading database ... 60%(Reading database ... 65%(Reading database ... 70%(Reading database ... 75%(Reading database ... 80%(Reading database ... 85%(Reading database ... 90%(Reading database ... 95%(Reading database ... 100%(Reading database ... 21291 files and directories currently installed.)
#6 7.983 Preparing to unpack .../00-libexpat1-dev_2.2.9-1build1_amd64.deb ...
#6 8.009 Unpacking libexpat1-dev:amd64 (2.2.9-1build1) ...
#6 8.197 Selecting previously unselected package libpython3.8:amd64.
#6 8.200 Preparing to unpack .../01-libpython3.8_3.8.10-0ubuntu1~20.04.2_amd64.deb ...
#6 8.238 Unpacking libpython3.8:amd64 (3.8.10-0ubuntu1~20.04.2) ...
#6 8.518 Selecting previously unselected package libpython3.8-dev:amd64.
#6 8.521 Preparing to unpack .../02-libpython3.8-dev_3.8.10-0ubuntu1~20.04.2_amd64.deb ...
#6 8.538 Unpacking libpython3.8-dev:amd64 (3.8.10-0ubuntu1~20.04.2) ...
#6 9.090 Selecting previously unselected package libpython3-dev:amd64.
#6 9.093 Preparing to unpack .../03-libpython3-dev_3.8.2-0ubuntu2_amd64.deb ...
#6 9.112 Unpacking libpython3-dev:amd64 (3.8.2-0ubuntu2) ...
#6 9.214 Selecting previously unselected package python-pip-whl.
#6 9.217 Preparing to unpack .../04-python-pip-whl_20.0.2-5ubuntu1.6_all.deb ...
#6 9.235 Unpacking python-pip-whl (20.0.2-5ubuntu1.6) ...
#6 9.483 Selecting previously unselected package zlib1g-dev:amd64.
#6 9.486 Preparing to unpack .../05-zlib1g-dev_1%3a1.2.11.dfsg-2ubuntu1.2_amd64.deb ...
#6 9.503 Unpacking zlib1g-dev:amd64 (1:1.2.11.dfsg-2ubuntu1.2) ...
#6 9.638 Selecting previously unselected package python3.8-dev.
#6 9.641 Preparing to unpack .../06-python3.8-dev_3.8.10-0ubuntu1~20.04.2_amd64.deb ...
#6 9.659 Unpacking python3.8-dev (3.8.10-0ubuntu1~20.04.2) ...
#6 9.796 Selecting previously unselected package python3-lib2to3.
#6 9.800 Preparing to unpack .../07-python3-lib2to3_3.8.10-0ubuntu1~20.04_all.deb ...
#6 9.817 Unpacking python3-lib2to3 (3.8.10-0ubuntu1~20.04) ...
#6 9.996 Selecting previously unselected package python3-distutils.
#6 9.999 Preparing to unpack .../08-python3-distutils_3.8.10-0ubuntu1~20.04_all.deb ...
#6 10.02 Unpacking python3-distutils (3.8.10-0ubuntu1~20.04) ...
#6 10.16 Selecting previously unselected package python3-dev.
#6 10.16 Preparing to unpack .../09-python3-dev_3.8.2-0ubuntu2_amd64.deb ...
#6 10.18 Unpacking python3-dev (3.8.2-0ubuntu2) ...
#6 10.30 Selecting previously unselected package python3-setuptools.
#6 10.31 Preparing to unpack .../10-python3-setuptools_45.2.0-1_all.deb ...
#6 10.32 Unpacking python3-setuptools (45.2.0-1) ...
#6 10.51 Selecting previously unselected package python3-wheel.
#6 10.52 Preparing to unpack .../11-python3-wheel_0.34.2-1_all.deb ...
#6 10.53 Unpacking python3-wheel (0.34.2-1) ...
#6 10.66 Selecting previously unselected package python3-pip.
#6 10.67 Preparing to unpack .../12-python3-pip_20.0.2-5ubuntu1.6_all.deb ...
#6 10.69 Unpacking python3-pip (20.0.2-5ubuntu1.6) ...
#6 11.06 Setting up python3-wheel (0.34.2-1) ...
#6 11.48 Setting up libexpat1-dev:amd64 (2.2.9-1build1) ...
#6 11.55 Setting up libpython3.8:amd64 (3.8.10-0ubuntu1~20.04.2) ...
#6 11.63 Setting up zlib1g-dev:amd64 (1:1.2.11.dfsg-2ubuntu1.2) ...
#6 11.71 Setting up python-pip-whl (20.0.2-5ubuntu1.6) ...
#6 11.98 Setting up python3-lib2to3 (3.8.10-0ubuntu1~20.04) ...
#6 12.23 Setting up python3-distutils (3.8.10-0ubuntu1~20.04) ...
#6 12.48 Setting up python3-setuptools (45.2.0-1) ...
#6 12.93 Setting up libpython3.8-dev:amd64 (3.8.10-0ubuntu1~20.04.2) ...
#6 13.01 Setting up python3-pip (20.0.2-5ubuntu1.6) ...
#6 13.55 Setting up python3.8-dev (3.8.10-0ubuntu1~20.04.2) ...
#6 13.69 Setting up libpython3-dev:amd64 (3.8.2-0ubuntu2) ...
#6 13.81 Setting up python3-dev (3.8.2-0ubuntu2) ...
#6 13.89 Processing triggers for libc-bin (2.31-0ubuntu9.2) ...
#6 15.09 Collecting meson
#6 15.48   Downloading https://files.pythonhosted.org/packages/77/04/8de56b69d805406bf8c1d73934938680cec9d417fa39b4a68833729505a5/meson-0.61.2-py3-none-any.whl (850kB)
#6 15.67 Collecting ninja
#6 15.94   Downloading https://files.pythonhosted.org/packages/52/65/d212822d0f29afecbad20cc3b3f41b8eeb4b47bea728602b8ce0b2d347f5/ninja-1.10.2.3-py2.py3-none-manylinux_2_5_x86_64.manylinux1_x86_64.whl (108kB)
#6 16.02 Installing collected packages: meson, ninja
#6 17.11 Successfully installed meson-0.61.2 ninja-1.10.2.3
#6 17.42 WARNING: You are using pip version 19.2.3, however version 22.0.3 is available.
#6 17.42 You should consider upgrading via the 'pip install --upgrade pip' command.
#6 DONE 18.7s

#7 [3/7] RUN curl --silent -O https://storage.googleapis.com/aom-test-data/fuzzer/dec_fuzzer_seed_corpus.zip
#7 sha256:8c4996fb6b25e5f73704a12e34b4021dc85131564af45f573ee6405198029c45
#7 DONE 6.9s

#8 [4/7] RUN curl --silent -O http://jannau.net/dav1d_fuzzer_seed_corpus.zip
#8 sha256:4b87dd7977d52375726da0de77a03b6c1011cb8e49ba545839e0a6ce246343c1
#8 DONE 0.9s

#9 [5/7] RUN git clone --depth 1 https://code.videolan.org/videolan/dav1d.git dav1d
#9 sha256:9b244db652175a9c70d3b8a712d54ed8ee5d575cc1472dc0b9ace0897065f543
#9 0.455 Cloning into 'dav1d'...
#9 DONE 2.4s

#10 [6/7] WORKDIR dav1d
#10 sha256:6369138397f459b96c95ec42b1053b4b5e845370eefa11a2aae265f7d419b35e
#10 DONE 0.5s

#12 [7/7] COPY build.sh /src/
#12 sha256:4b5139be408c81186f10c4ee34c536c75949cfc7a7899c3c49058f23c283bcb4
#12 DONE 0.3s

#13 exporting to image
#13 sha256:e8c613e07b0b7ff33893b694f7759a10d42e180f2b4dc349fb57dc6b71dcab00
#13 exporting layers done
#13 writing image sha256:3ed56bcbcf97c7e8148e90da6eadc52b3cf306deef18e8605dc7b20c89f7d425
#13 writing image sha256:3ed56bcbcf97c7e8148e90da6eadc52b3cf306deef18e8605dc7b20c89f7d425 0.0s done
#13 naming to gcr.io/fuzzbench/builders/benchmark/dav1d_dav1d done
#13 DONE 0.3s

#14 exporting cache
#14 sha256:2700d4ef94dee473593c5c614b55b2dedcca7893909811a8f2b48291a1f581e4
#14 preparing build cache for export done
#14 DONE 0.0s
------
 > importing cache manifest from gcr.io/fuzzbench/builders/benchmark/dav1d_dav1d:
------
#1 [internal] load build definition from builder.Dockerfile
#1 sha256:3aa75adae8a00a9fc537a5850e96493fd19deb1780e5c770fc16595a1614a9f6
#1 transferring dockerfile: 46B done
#1 DONE 0.1s

#2 [internal] load .dockerignore
#2 sha256:39fff2675147e9fb5fd68e63da6382d18f03e4f90c4ba3654f1e7581b097a2f8
#2 transferring context: 2B done
#2 DONE 0.1s

#3 [internal] load metadata for gcr.io/fuzzbench/builders/benchmark/dav1d_dav1d:latest
#3 sha256:57d6a15040b6c53c76ab0ecea70b129899c2c404c046f308baa619e67a7b5381
#3 DONE 0.0s

#5 [1/3] FROM gcr.io/fuzzbench/builders/benchmark/dav1d_dav1d
#5 sha256:b0a866b7bf802c5cb5e0f9613d542105dd25d50b475787231b1dbe9573c5a158
#5 DONE 0.0s

#4 importing cache manifest from gcr.io/fuzzbench/builders/afl/dav1d_dav1d-intermediate
#4 sha256:05b99d21cb128b924317cc6fab002b955b8f84da649d9de8b2799afc133cd104
#4 ERROR: gcr.io/fuzzbench/builders/afl/dav1d_dav1d-intermediate:latest: not found

#5 [1/3] FROM gcr.io/fuzzbench/builders/benchmark/dav1d_dav1d
#5 sha256:b0a866b7bf802c5cb5e0f9613d542105dd25d50b475787231b1dbe9573c5a158
#5 DONE 0.7s

#6 [2/3] RUN git clone https://github.com/google/AFL.git /afl &&     cd /afl &&     git checkout 61037103ae3722c8060ff7082994836a794f978e &&     AFL_NO_X86=1 make
#6 sha256:11f8f452b974104e2ddc2f76b4c36fa456ec57bbb3037705bf780e318100beba
#6 0.350 Cloning into '/afl'...
#6 1.091 Note: switching to '61037103ae3722c8060ff7082994836a794f978e'.
#6 1.091 
#6 1.091 You are in 'detached HEAD' state. You can look around, make experimental
#6 1.091 changes and commit them, and you can discard any commits you make in this
#6 1.091 state without impacting any branches by switching back to a branch.
#6 1.091 
#6 1.091 If you want to create a new branch to retain commits you create, you may
#6 1.091 do so (now or later) by using -c with the switch command. Example:
#6 1.091 
#6 1.091   git switch -c <new-branch-name>
#6 1.091 
#6 1.091 Or undo this operation with:
#6 1.091 
#6 1.091   git switch -
#6 1.091 
#6 1.091 Turn off this advice by setting config variable advice.detachedHead to false
#6 1.091 
#6 1.091 HEAD is now at 6103710 Fix a typo filename comparison in the fuzzer (#139)
#6 1.136 [!] Note: skipping x86 compilation checks (AFL_NO_X86 set).
#6 1.136 clang -O1 -fno-omit-frame-pointer -gline-tables-only -DFUZZING_BUILD_MODE_UNSAFE_FOR_PRODUCTION -Wall -D_FORTIFY_SOURCE=2 -g -Wno-pointer-sign -DAFL_PATH=\"/usr/local/lib/afl\" -DDOC_PATH=\"/usr/local/share/doc/afl\" -DBIN_PATH=\"/usr/local/bin\" afl-gcc.c -o afl-gcc -ldl
#6 1.325 set -e; for i in afl-g++ afl-clang afl-clang++; do ln -sf afl-gcc $i; done
#6 1.333 clang -O1 -fno-omit-frame-pointer -gline-tables-only -DFUZZING_BUILD_MODE_UNSAFE_FOR_PRODUCTION -Wall -D_FORTIFY_SOURCE=2 -g -Wno-pointer-sign -DAFL_PATH=\"/usr/local/lib/afl\" -DDOC_PATH=\"/usr/local/share/doc/afl\" -DBIN_PATH=\"/usr/local/bin\" afl-fuzz.c -o afl-fuzz -ldl
#6 3.705 clang -O1 -fno-omit-frame-pointer -gline-tables-only -DFUZZING_BUILD_MODE_UNSAFE_FOR_PRODUCTION -Wall -D_FORTIFY_SOURCE=2 -g -Wno-pointer-sign -DAFL_PATH=\"/usr/local/lib/afl\" -DDOC_PATH=\"/usr/local/share/doc/afl\" -DBIN_PATH=\"/usr/local/bin\" afl-showmap.c -o afl-showmap -ldl
#6 4.022 clang -O1 -fno-omit-frame-pointer -gline-tables-only -DFUZZING_BUILD_MODE_UNSAFE_FOR_PRODUCTION -Wall -D_FORTIFY_SOURCE=2 -g -Wno-pointer-sign -DAFL_PATH=\"/usr/local/lib/afl\" -DDOC_PATH=\"/usr/local/share/doc/afl\" -DBIN_PATH=\"/usr/local/bin\" afl-tmin.c -o afl-tmin -ldl
#6 4.449 clang -O1 -fno-omit-frame-pointer -gline-tables-only -DFUZZING_BUILD_MODE_UNSAFE_FOR_PRODUCTION -Wall -D_FORTIFY_SOURCE=2 -g -Wno-pointer-sign -DAFL_PATH=\"/usr/local/lib/afl\" -DDOC_PATH=\"/usr/local/share/doc/afl\" -DBIN_PATH=\"/usr/local/bin\" afl-gotcpu.c -o afl-gotcpu -ldl
#6 4.605 clang -O1 -fno-omit-frame-pointer -gline-tables-only -DFUZZING_BUILD_MODE_UNSAFE_FOR_PRODUCTION -Wall -D_FORTIFY_SOURCE=2 -g -Wno-pointer-sign -DAFL_PATH=\"/usr/local/lib/afl\" -DDOC_PATH=\"/usr/local/share/doc/afl\" -DBIN_PATH=\"/usr/local/bin\" afl-analyze.c -o afl-analyze -ldl
#6 5.011 clang -O1 -fno-omit-frame-pointer -gline-tables-only -DFUZZING_BUILD_MODE_UNSAFE_FOR_PRODUCTION -Wall -D_FORTIFY_SOURCE=2 -g -Wno-pointer-sign -DAFL_PATH=\"/usr/local/lib/afl\" -DDOC_PATH=\"/usr/local/share/doc/afl\" -DBIN_PATH=\"/usr/local/bin\" afl-as.c -o afl-as -ldl
#6 5.252 ln -sf afl-as as
#6 5.254 [!] Note: skipping build tests (you may need to use LLVM or QEMU mode).
#6 5.256 [+] LLVM users: see llvm_mode/README.llvm for a faster alternative to afl-gcc.
#6 5.257 [+] All done! Be sure to review README - it's pretty short and useful.
#6 DONE 5.7s

#7 [3/3] RUN apt-get update &&     apt-get install wget -y &&     wget https://raw.githubusercontent.com/llvm/llvm-project/5feb80e748924606531ba28c97fe65145c65372e/compiler-rt/lib/fuzzer/afl/afl_driver.cpp -O /afl/afl_driver.cpp &&     clang -Wno-pointer-sign -c /afl/llvm_mode/afl-llvm-rt.o.c -I/afl &&     clang++ -stdlib=libc++ -std=c++11 -O2 -c /afl/afl_driver.cpp &&     ar r /libAFL.a *.o
#7 sha256:2adef0f38d24174f479aaa7fb0be85630fa116672641266bb000b0bdd9ded932
#7 0.737 Hit:1 http://archive.ubuntu.com/ubuntu focal InRelease
#7 0.737 Hit:2 http://archive.ubuntu.com/ubuntu focal-updates InRelease
#7 0.737 Hit:3 http://security.ubuntu.com/ubuntu focal-security InRelease
#7 0.738 Hit:4 http://ppa.launchpad.net/git-core/ppa/ubuntu focal InRelease
#7 0.743 Hit:5 http://archive.ubuntu.com/ubuntu focal-backports InRelease
#7 1.649 Reading package lists...
#7 3.249 Reading package lists...
#7 4.667 Building dependency tree...
#7 4.877 Reading state information...
#7 5.126 wget is already the newest version (1.20.3-1ubuntu2).
#7 5.126 0 upgraded, 0 newly installed, 0 to remove and 1 not upgraded.
#7 5.139 --2022-02-18 00:36:40--  https://raw.githubusercontent.com/llvm/llvm-project/5feb80e748924606531ba28c97fe65145c65372e/compiler-rt/lib/fuzzer/afl/afl_driver.cpp
#7 5.142 Resolving raw.githubusercontent.com (raw.githubusercontent.com)... 185.199.111.133, 185.199.108.133, 185.199.109.133, ...
#7 5.144 Connecting to raw.githubusercontent.com (raw.githubusercontent.com)|185.199.111.133|:443... connected.
#7 5.200 HTTP request sent, awaiting response... 200 OK
#7 5.410 Length: 9177 (9.0K) [text/plain]
#7 5.410 Saving to: '/afl/afl_driver.cpp'
#7 5.410 
#7 5.410      0K ........                                              100% 6.59M=0.001s
#7 5.411 
#7 5.411 2022-02-18 00:36:40 (6.59 MB/s) - '/afl/afl_driver.cpp' saved [9177/9177]
#7 5.411 
#7 7.222 ar: creating /libAFL.a
#7 DONE 10.1s

#8 exporting to image
#8 sha256:e8c613e07b0b7ff33893b694f7759a10d42e180f2b4dc349fb57dc6b71dcab00
#8 exporting layers done
#8 writing image sha256:38f53d49cf9f52674df153de56578acb4a3d556e4a47e293697120bf2d85cf5b
#8 writing image sha256:38f53d49cf9f52674df153de56578acb4a3d556e4a47e293697120bf2d85cf5b 0.0s done
#8 naming to gcr.io/fuzzbench/builders/afl/dav1d_dav1d-intermediate 0.0s done
#8 DONE 0.5s

#9 exporting cache
#9 sha256:2700d4ef94dee473593c5c614b55b2dedcca7893909811a8f2b48291a1f581e4
#9 preparing build cache for export done
#9 DONE 0.0s
------
 > importing cache manifest from gcr.io/fuzzbench/builders/afl/dav1d_dav1d-intermediate:
------
#1 [internal] load build definition from Dockerfile
#1 sha256:35c011122988e3b20c37a2941c2e911a05440c7dc66e037acf195076369efbb2
#1 transferring dockerfile: 2.00kB done
#1 DONE 0.0s

#2 [internal] load .dockerignore
#2 sha256:a1e35c6d74457980be208f0442efc6dc3f0237d172443bd914976ab22c4ccd25
#2 transferring context: 34B done
#2 DONE 0.1s

#3 [internal] load metadata for docker.io/library/ubuntu:xenial
#3 sha256:f62bae18ed588840f045c881b2502661f2a89578a2f8f99b83f5200ee83dd25b
#3 DONE 0.0s

#5 [1/7] FROM docker.io/library/ubuntu:xenial
#5 sha256:14dd403f25ae9e519bd44f27dc17af7ce80f5a4f9f48ca88108364e67ec5d360
#5 DONE 0.0s

#4 importing cache manifest from gcr.io/fuzzbench/base-image
#4 sha256:9b220ebb4d4daceed1b96df9b6dca076e762f1cd612574f010b82d5b9e5ad896
#4 DONE 0.0s

#8 [internal] load build context
#8 sha256:d4f8a497b20a09088263178821d69cb429534d30e855c2ec8cded17464e9dc1d
#8 transferring context: 559B 0.0s done
#8 DONE 0.1s

#9 [4/7] COPY ./requirements.txt /
#9 sha256:18e692f5c556b2038e325f797d1a2bdaf31a51afbfaffd731c6eea2429e3b455
#9 CACHED

#10 [5/7] RUN pip3 install -r /requirements.txt
#10 sha256:6d417be4d3e81b656913835cbfd83bbbc3fa1e889b9cd8f1f33ce3d6cf0bd157
#10 CACHED

#11 [6/7] RUN apt-get update -y && apt-get install -y     apt-transport-https     lsb-release
#11 sha256:b4350e489acb2c9a24d7be47e4d8ee7fda0f735d9202572780353d3f20b468f1
#11 CACHED

#6 [2/7] RUN apt-get update -y && apt-get install -y     build-essential     rsync     curl     zlib1g-dev     libncurses5-dev     libgdbm-dev     libnss3-dev     libssl-dev     libreadline-dev     libffi-dev     virtualenv     libbz2-dev     liblzma-dev     libsqlite3-dev
#6 sha256:3a1b0960f17eed529eaae93dc8fd3554f2743dd584d8fa569cdbe6bc734371ac
#6 CACHED

#7 [3/7] RUN cd /tmp/ &&     curl -O https://www.python.org/ftp/python/3.8.6/Python-3.8.6.tar.xz &&     tar -xvf Python-3.8.6.tar.xz &&     cd Python-3.8.6 &&     ./configure --enable-loadable-sqlite-extensions --enable-optimizations &&     make -j install &&     rm -r /tmp/Python-3.8.6.tar.xz /tmp/Python-3.8.6
#7 sha256:c5b9d1fb3371e84dbc60b76e7b2f8d5913bc93bcd4910ab65daa03e7b2ec4bb0
#7 CACHED

#12 [7/7] RUN CLOUD_SDK_REPO="cloud-sdk-$(lsb_release -c -s)" &&     echo "deb https://packages.cloud.google.com/apt $CLOUD_SDK_REPO main"     | tee -a /etc/apt/sources.list.d/google-cloud-sdk.list &&     curl https://packages.cloud.google.com/apt/doc/apt-key.gpg     | apt-key add - &&     apt-get update -y &&     apt-get install -y google-cloud-sdk
#12 sha256:bc340faca6a16cf56b0a9c21e311f483fa513139a7e2ce9f2e548e57c1a4808b
#12 CACHED

#13 exporting to image
#13 sha256:e8c613e07b0b7ff33893b694f7759a10d42e180f2b4dc349fb57dc6b71dcab00
#13 exporting layers done
#13 writing image sha256:b63d9e35e1d27432ba62a0e358b3878140f549eb12be87f86addae674564f405 0.0s done
#13 naming to gcr.io/fuzzbench/base-image done
#13 DONE 0.1s

#14 exporting cache
#14 sha256:2700d4ef94dee473593c5c614b55b2dedcca7893909811a8f2b48291a1f581e4
#14 preparing build cache for export done
#14 DONE 0.0s
#1 [internal] load build definition from Dockerfile
#1 sha256:e2a7fb83901ede5bbf03426c610659f29adff5e7ac500d537076be9e21bb1528
#1 transferring dockerfile: 2.22kB done
#1 DONE 0.1s

#2 [internal] load .dockerignore
#2 sha256:aa90e2bebfdc936a3ef4d4dc8b07fd9ca1ef13decda4c3e7b24b2f4d451eadf8
#2 transferring context: 34B done
#2 DONE 0.1s

#4 [internal] load metadata for gcr.io/fuzzbench/base-image:latest
#4 sha256:932022888f650cc455b10eb5123bb08c0cccacac29a693e69314abbfd28a72c3
#4 DONE 0.0s

#3 [internal] load metadata for gcr.io/fuzzbench/builders/afl/dav1d_dav1d-intermediate:latest
#3 sha256:110e33c5c9814bc2bdc1a8ee347435606e012bac0987ec8b2d44e606c69e6ff5
#3 DONE 0.0s

#12 [internal] load build context
#12 sha256:0ae0da715a5b74c34ba03fa5c58bfa5b79c7b36deb816d5a1eb270c387cdd00b
#12 DONE 0.0s

#7 [base-image 1/1] FROM gcr.io/fuzzbench/base-image
#7 sha256:4d07825694520f8b6f6a0d8592dbd345433361ae044cb7f06706c5a95e3daaad
#7 DONE 0.0s

#6 [stage-1  1/13] FROM gcr.io/fuzzbench/builders/afl/dav1d_dav1d-intermediate
#6 sha256:cd02d1dfc97d5dc9bfec05f55b79fda2b7fabadb27618529db7ba6b19ef72f47
#6 DONE 0.0s

#5 importing cache manifest from gcr.io/fuzzbench/builders/afl/dav1d_dav1d
#5 sha256:effd565d51da3ed542be14185db9ae016193d119fb47d2ce6eb14c21d7ad4184
#5 ERROR: gcr.io/fuzzbench/builders/afl/dav1d_dav1d:latest: not found

#7 [base-image 1/1] FROM gcr.io/fuzzbench/base-image
#7 sha256:4d07825694520f8b6f6a0d8592dbd345433361ae044cb7f06706c5a95e3daaad
#7 CACHED

#12 [internal] load build context
#12 sha256:0ae0da715a5b74c34ba03fa5c58bfa5b79c7b36deb816d5a1eb270c387cdd00b
#12 transferring context: 669.86kB 0.1s done
#12 DONE 0.2s

#6 [stage-1  1/13] FROM gcr.io/fuzzbench/builders/afl/dav1d_dav1d-intermediate
#6 sha256:cd02d1dfc97d5dc9bfec05f55b79fda2b7fabadb27618529db7ba6b19ef72f47
#6 DONE 0.7s

#8 [stage-1  2/13] COPY --from=base-image /usr/local/bin/python3* /usr/local/bin/
#8 sha256:876bd91b7dcbe154d1532e08b043059defe613e598d1b0c6cbfd9ce35e766889
#8 DONE 0.7s

#9 [stage-1  3/13] COPY --from=base-image /usr/local/lib/python3.8 /usr/local/lib/python3.8
#9 sha256:3bfec326d73c3f8c0314df14adb930ef35d33549d5707a9aa492462372a099db
#9 DONE 31.3s

#10 [stage-1  4/13] COPY --from=base-image /usr/local/include/python3.8 /usr/local/include/python3.8
#10 sha256:e8309c63dbcd0e400ad17b19eb8e8f06013a9d38af39e4c1a78ec2608a033917
#10 DONE 0.3s

#11 [stage-1  5/13] COPY --from=base-image /usr/local/lib/python3.8/site-packages /usr/local/lib/python3.8/site-packages
#11 sha256:6810a33eae0e37e1077aa8a66b39572c34a5cecb6c40264ad3d6a0e3abb2390a
#11 DONE 52.9s

#13 [stage-1  6/13] COPY fuzzers /src/fuzzers
#13 sha256:c52f8e695f5d21771f8c2d98abdfa91c64ffb1d20170cb3e083fade181a01807
#13 DONE 0.4s

#14 [stage-1  7/13] RUN touch /src/__init__.py
#14 sha256:7008db2bf865a988f8f90ef22b1231a180cf2e30878950908ba36a364e51450c
#14 DONE 0.8s

#15 [stage-1  8/13] COPY benchmarks/dav1d_dav1d/benchmark.yaml /
#15 sha256:4ccf6a244468918e3f7999d81d947c0289e4279d12c1c269e19a15a7a75c8cc8
#15 DONE 0.4s

#16 [stage-1  9/13] RUN mkdir /opt/fuzzbench/
#16 sha256:73e9401dcc6b88ba0e3fcb0d89ae4b49a25a408425fde307d49345c25ac2134a
#16 DONE 3.4s

#17 [stage-1 10/13] COPY docker/benchmark-builder/checkout_commit.py /opt/fuzzbench/
#17 sha256:a7d38a3d906a5bdc11de27d9b7fb72038c7eaba24014e4b7dddcaeef0e5b683a
#17 DONE 0.5s

#18 [stage-1 11/13] RUN export CHECKOUT_COMMIT=$(cat /benchmark.yaml | tr -d ' ' | grep 'commit:' | cut -d ':' -f2) &&     python3 -u /opt/fuzzbench/checkout_commit.py $CHECKOUT_COMMIT /src
#18 sha256:6a6a19486091ee6b2b75445bc5da6b80fb59738bbdebce0e83ed87193a218d87
#18 0.551 Checking out commit 2cb18963
#18 3.540 From https://code.videolan.org/videolan/dav1d
#18 3.540  * [new tag]         0.1.0      -> 0.1.0
#18 3.540  * [new tag]         0.2.0      -> 0.2.0
#18 3.540  * [new tag]         0.2.1      -> 0.2.1
#18 3.540  * [new tag]         0.2.2      -> 0.2.2
#18 3.541  * [new tag]         0.3.0      -> 0.3.0
#18 3.541  * [new tag]         0.3.1      -> 0.3.1
#18 3.541  * [new tag]         0.4.0      -> 0.4.0
#18 3.541  * [new tag]         0.5.0      -> 0.5.0
#18 3.542  * [new tag]         0.5.1      -> 0.5.1
#18 3.542  * [new tag]         0.5.2      -> 0.5.2
#18 3.542  * [new tag]         0.6.0      -> 0.6.0
#18 3.542  * [new tag]         0.7.0      -> 0.7.0
#18 3.543  * [new tag]         0.7.1      -> 0.7.1
#18 3.543  * [new tag]         0.8.0      -> 0.8.0
#18 3.543  * [new tag]         0.8.1      -> 0.8.1
#18 3.543  * [new tag]         0.8.2      -> 0.8.2
#18 3.544  * [new tag]         0.9.0      -> 0.9.0
#18 3.544  * [new tag]         0.9.1      -> 0.9.1
#18 3.544  * [new tag]         0.9.2      -> 0.9.2
#18 3.552 error: pathspec '2cb18963' did not match any file(s) known to git
#18 3.557 error: pathspec '2cb18963' did not match any file(s) known to git
#18 3.564 error: pathspec '2cb18963' did not match any file(s) known to git
#18 3.581 error: pathspec '2cb18963' did not match any file(s) known to git
#18 3.612 Checkout unsuccessful.
#18 DONE 4.3s

#19 [stage-1 12/13] RUN echo "#!/bin/bash\nPYTHONPATH=/src python3 -u -c "from fuzzers import utils; utils.initialize_env(); from fuzzers.afl import fuzzer; fuzzer.build()"" > /usr/bin/fuzzer_build &&     chmod +x /usr/bin/fuzzer_build
#19 sha256:d997765ca38c6b9e30a4f2e2c0c2cdff2e7b7f1b5d8e7d6cd2878992bdd9971b
#19 DONE 1.0s

#20 [stage-1 13/13] RUN echo "Run fuzzer_build to build the target" && if [ -z "$debug_builder" ] ; then fuzzer_build; fi
#20 sha256:f91f8c0c0b1b38251048e1f7a3c21572fcd2a1c96a5401927f757281e1c2b34b
#20 0.592 Run fuzzer_build to build the target
#20 0.713 FUZZ_TARGET = dav1d
#20 0.713 CFLAGS = -DFUZZING_BUILD_MODE_UNSAFE_FOR_PRODUCTION -pthread -Wl,--no-as-needed -Wl,-ldl -Wl,-lm -Wno-unused-command-line-argument -O3
#20 0.713 CXXFLAGS = -DFUZZING_BUILD_MODE_UNSAFE_FOR_PRODUCTION -pthread -Wl,--no-as-needed -Wl,-ldl -Wl,-lm -Wno-unused-command-line-argument -stdlib=libc++ -O3
#20 0.980 Building benchmark dav1d_dav1d with fuzzer afl
#20 0.984 + build=/work/build
#20 0.984 + rm -rf /work/build
#20 0.985 + mkdir -p /work/build
#20 0.988 + meson -Dbuild_asm=false -Dbuild_tools=false -Dbuild_tests=false -Db_lundef=false -Ddefault_library=static -Dbuildtype=debug /work/build
#20 1.740 The Meson build system
#20 1.740 Version: 0.61.2
#20 1.740 Source dir: /src/dav1d
#20 1.740 Build dir: /work/build
#20 1.740 Build type: native build
#20 1.740 
#20 1.740 meson.build:25:0: ERROR: Unknown options: "build_asm, build_tests, build_tools"
#20 1.740 
#20 1.740 A full log can be found at /work/build/meson-logs/meson-log.txt
#20 1.790 Traceback (most recent call last):
#20 1.790   File "<string>", line 1, in <module>
#20 1.790   File "/src/fuzzers/afl/fuzzer.py", line 40, in build
#20 1.790     utils.build_benchmark()
#20 1.790   File "/src/fuzzers/utils.py", line 82, in build_benchmark
#20 1.791     subprocess.check_call(['/bin/bash', '-ex', build_script], env=env)
#20 1.791   File "/usr/local/lib/python3.8/subprocess.py", line 364, in check_call
#20 1.791     raise CalledProcessError(retcode, cmd)
#20 1.791 subprocess.CalledProcessError: Command '['/bin/bash', '-ex', '/src/build.sh']' returned non-zero exit status 1.
#20 ERROR: executor failed running [/bin/sh -c echo "Run fuzzer_build to build the target" && if [ -z "$debug_builder" ] ; then fuzzer_build; fi]: exit code: 1
------
 > importing cache manifest from gcr.io/fuzzbench/builders/afl/dav1d_dav1d:
------
------
 > [stage-1 13/13] RUN echo "Run fuzzer_build to build the target" && if [ -z "$debug_builder" ] ; then fuzzer_build; fi:
------
executor failed running [/bin/sh -c echo "Run fuzzer_build to build the target" && if [ -z "$debug_builder" ] ; then fuzzer_build; fi]: exit code: 1
make: *** [docker/generated.mk:2793296: .afl-dav1d_dav1d-builder] Error 1
/bin/sh: 1: source: not found
#1 [internal] load build definition from Dockerfile
#1 sha256:3c93bbbbac820966fa67350008d546f3ebf6129c8b510a0a0bf00e4b0dc0ec41
#1 transferring dockerfile:
#1 transferring dockerfile: 32B done
#1 DONE 0.8s

#2 [internal] load .dockerignore
#2 sha256:797baa89ece3a9548412e2b7fc1b496e64e732081625fd300713885eda936ca3
#2 transferring context: 2B done
#2 DONE 0.9s

#3 [internal] load metadata for gcr.io/oss-fuzz-base/base-builder:latest
#3 sha256:f10dc39cc9d418a5bc416dead31a1902b6821fdae909cd3b08f7a3fd1faba7b5
#3 DONE 0.5s

#5 [1/7] FROM gcr.io/oss-fuzz-base/base-builder@sha256:41d7bbe7827592680a606c9bba1aeb6e23c7502ce8b633923b06542f4c706e7c
#5 sha256:660db69324ed478291dd329cbbfe422dccbc173f9ab806c069fac341073eab8c
#5 DONE 0.0s

#4 importing cache manifest from gcr.io/fuzzbench/builders/benchmark/dav1d_dav1d
#4 sha256:c640aed998096b9c705415b1977b0c71ad77d1e8e0906e3ac6ad0b2e1315b358
#4 DONE 0.0s

#11 [internal] load build context
#11 sha256:71e6e487c884bc341dcdc97a8d60b1419e909e973081b9241baf6e41c3c5756a
#11 transferring context: 30B done
#11 DONE 0.1s

#10 [6/7] WORKDIR dav1d
#10 sha256:6369138397f459b96c95ec42b1053b4b5e845370eefa11a2aae265f7d419b35e
#10 CACHED

#7 [3/7] RUN curl --silent -O https://storage.googleapis.com/aom-test-data/fuzzer/dec_fuzzer_seed_corpus.zip
#7 sha256:8c4996fb6b25e5f73704a12e34b4021dc85131564af45f573ee6405198029c45
#7 CACHED

#9 [5/7] RUN git clone --depth 1 https://code.videolan.org/videolan/dav1d.git dav1d
#9 sha256:9b244db652175a9c70d3b8a712d54ed8ee5d575cc1472dc0b9ace0897065f543
#9 CACHED

#8 [4/7] RUN curl --silent -O http://jannau.net/dav1d_fuzzer_seed_corpus.zip
#8 sha256:4b87dd7977d52375726da0de77a03b6c1011cb8e49ba545839e0a6ce246343c1
#8 CACHED

#6 [2/7] RUN apt-get update && apt-get install -y curl python3-pip &&     pip3 install meson ninja
#6 sha256:cf7cc3e9d7f8321383db571ecafa215fcf052346e1da3b80a1f450cee162a6ba
#6 CACHED

#12 [7/7] COPY build.sh /src/
#12 sha256:1dc8efa7792192df717022138861b877afe3278b4dab6cabb96a16a7f1a23b50
#12 CACHED

#13 exporting to image
#13 sha256:e8c613e07b0b7ff33893b694f7759a10d42e180f2b4dc349fb57dc6b71dcab00
#13 exporting layers done
#13 writing image sha256:3ed56bcbcf97c7e8148e90da6eadc52b3cf306deef18e8605dc7b20c89f7d425
#13 writing image sha256:3ed56bcbcf97c7e8148e90da6eadc52b3cf306deef18e8605dc7b20c89f7d425 0.0s done
#13 naming to gcr.io/fuzzbench/builders/benchmark/dav1d_dav1d done
#13 DONE 0.6s

#14 exporting cache
#14 sha256:2700d4ef94dee473593c5c614b55b2dedcca7893909811a8f2b48291a1f581e4
#14 preparing build cache for export done
#14 DONE 0.0s
#1 [internal] load build definition from builder.Dockerfile
#1 sha256:36bda3959660abb067f6ba9554f2a17eee03a44fbed811a9e6fe63658a44c19f
#1 transferring dockerfile: 46B done
#1 DONE 0.1s

#2 [internal] load .dockerignore
#2 sha256:335e233a6e22991586b8bf492d26bfb45abb4805918b67f82ca798d11311f57e
#2 transferring context: 2B done
#2 DONE 0.2s

#3 [internal] load metadata for gcr.io/fuzzbench/builders/benchmark/dav1d_dav1d:latest
#3 sha256:57d6a15040b6c53c76ab0ecea70b129899c2c404c046f308baa619e67a7b5381
#3 DONE 0.0s

#4 importing cache manifest from gcr.io/fuzzbench/builders/afl/dav1d_dav1d-intermediate
#4 sha256:05b99d21cb128b924317cc6fab002b955b8f84da649d9de8b2799afc133cd104
#4 DONE 0.0s

#5 [1/3] FROM gcr.io/fuzzbench/builders/benchmark/dav1d_dav1d
#5 sha256:b0a866b7bf802c5cb5e0f9613d542105dd25d50b475787231b1dbe9573c5a158
#5 DONE 0.0s

#6 [2/3] RUN git clone https://github.com/google/AFL.git /afl &&     cd /afl &&     git checkout 61037103ae3722c8060ff7082994836a794f978e &&     AFL_NO_X86=1 make
#6 sha256:11f8f452b974104e2ddc2f76b4c36fa456ec57bbb3037705bf780e318100beba
#6 CACHED

#7 [3/3] RUN apt-get update &&     apt-get install wget -y &&     wget https://raw.githubusercontent.com/llvm/llvm-project/5feb80e748924606531ba28c97fe65145c65372e/compiler-rt/lib/fuzzer/afl/afl_driver.cpp -O /afl/afl_driver.cpp &&     clang -Wno-pointer-sign -c /afl/llvm_mode/afl-llvm-rt.o.c -I/afl &&     clang++ -stdlib=libc++ -std=c++11 -O2 -c /afl/afl_driver.cpp &&     ar r /libAFL.a *.o
#7 sha256:2adef0f38d24174f479aaa7fb0be85630fa116672641266bb000b0bdd9ded932
#7 CACHED

#8 exporting to image
#8 sha256:e8c613e07b0b7ff33893b694f7759a10d42e180f2b4dc349fb57dc6b71dcab00
#8 exporting layers done
#8 writing image sha256:38f53d49cf9f52674df153de56578acb4a3d556e4a47e293697120bf2d85cf5b 0.0s done
#8 naming to gcr.io/fuzzbench/builders/afl/dav1d_dav1d-intermediate done
#8 DONE 0.6s

#9 exporting cache
#9 sha256:2700d4ef94dee473593c5c614b55b2dedcca7893909811a8f2b48291a1f581e4
#9 preparing build cache for export done
#9 DONE 0.0s
#1 [internal] load build definition from Dockerfile
#1 sha256:4168d7ea06358c7178efc56c041357c54d349d00405c09acd76797582b4ed2fd
#1 transferring dockerfile: 2.00kB done
#1 DONE 0.1s

#2 [internal] load .dockerignore
#2 sha256:31eb93ef6d95210c4eab027286476feb81160a1b6d77fea7eb6f373a890738ce
#2 transferring context: 34B done
#2 DONE 0.3s

#3 [internal] load metadata for docker.io/library/ubuntu:xenial
#3 sha256:f62bae18ed588840f045c881b2502661f2a89578a2f8f99b83f5200ee83dd25b
#3 DONE 0.0s

#5 [1/7] FROM docker.io/library/ubuntu:xenial
#5 sha256:14dd403f25ae9e519bd44f27dc17af7ce80f5a4f9f48ca88108364e67ec5d360
#5 DONE 0.0s

#4 importing cache manifest from gcr.io/fuzzbench/base-image
#4 sha256:9b220ebb4d4daceed1b96df9b6dca076e762f1cd612574f010b82d5b9e5ad896
#4 DONE 0.0s

#8 [internal] load build context
#8 sha256:baa04b342f5010d0e2389ece38827b1270495f22c2ba5a804ff770162450d092
#8 transferring context: 559B 0.0s done
#8 DONE 0.1s

#9 [4/7] COPY ./requirements.txt /
#9 sha256:e190845b926e5e249519878637e1ce618391ef7aef91afe25a9332b42f4279be
#9 CACHED

#10 [5/7] RUN pip3 install -r /requirements.txt
#10 sha256:6e7f8c72322d96fe72a3ba44dd880d7a3dc65456d8d2b38dff7a4ca006974987
#10 CACHED

#11 [6/7] RUN apt-get update -y && apt-get install -y     apt-transport-https     lsb-release
#11 sha256:b064068554cc2eccd0d90c13771dc465e554969e3f5fc9b2b0d518d2f1bf3a6d
#11 CACHED

#6 [2/7] RUN apt-get update -y && apt-get install -y     build-essential     rsync     curl     zlib1g-dev     libncurses5-dev     libgdbm-dev     libnss3-dev     libssl-dev     libreadline-dev     libffi-dev     virtualenv     libbz2-dev     liblzma-dev     libsqlite3-dev
#6 sha256:3a1b0960f17eed529eaae93dc8fd3554f2743dd584d8fa569cdbe6bc734371ac
#6 CACHED

#7 [3/7] RUN cd /tmp/ &&     curl -O https://www.python.org/ftp/python/3.8.6/Python-3.8.6.tar.xz &&     tar -xvf Python-3.8.6.tar.xz &&     cd Python-3.8.6 &&     ./configure --enable-loadable-sqlite-extensions --enable-optimizations &&     make -j install &&     rm -r /tmp/Python-3.8.6.tar.xz /tmp/Python-3.8.6
#7 sha256:c5b9d1fb3371e84dbc60b76e7b2f8d5913bc93bcd4910ab65daa03e7b2ec4bb0
#7 CACHED

#12 [7/7] RUN CLOUD_SDK_REPO="cloud-sdk-$(lsb_release -c -s)" &&     echo "deb https://packages.cloud.google.com/apt $CLOUD_SDK_REPO main"     | tee -a /etc/apt/sources.list.d/google-cloud-sdk.list &&     curl https://packages.cloud.google.com/apt/doc/apt-key.gpg     | apt-key add - &&     apt-get update -y &&     apt-get install -y google-cloud-sdk
#12 sha256:8c2ecc4f93f939eb5a75647d7edbe9d74837ec7b2cf07c5879bfd8597f373e38
#12 CACHED

#13 exporting to image
#13 sha256:e8c613e07b0b7ff33893b694f7759a10d42e180f2b4dc349fb57dc6b71dcab00
#13 exporting layers done
#13 writing image sha256:b63d9e35e1d27432ba62a0e358b3878140f549eb12be87f86addae674564f405 0.0s done
#13 naming to gcr.io/fuzzbench/base-image done
#13 DONE 0.2s

#14 exporting cache
#14 sha256:2700d4ef94dee473593c5c614b55b2dedcca7893909811a8f2b48291a1f581e4
#14 preparing build cache for export done
#14 DONE 0.0s
#1 [internal] load build definition from Dockerfile
#1 sha256:bb917dc6ea61186dbb5c3c72f734db421129460a7d515b1f49f16d2768781c3e
#1 transferring dockerfile: 2.22kB done
#1 DONE 0.1s

#2 [internal] load .dockerignore
#2 sha256:a58783d21d1e6b4d94b3866743aa8f05fd26c78b03eaced1c1e9aca07419bfa4
#2 transferring context: 34B done
#2 DONE 0.2s

#4 [internal] load metadata for gcr.io/fuzzbench/base-image:latest
#4 sha256:932022888f650cc455b10eb5123bb08c0cccacac29a693e69314abbfd28a72c3
#4 DONE 0.0s

#3 [internal] load metadata for gcr.io/fuzzbench/builders/afl/dav1d_dav1d-intermediate:latest
#3 sha256:110e33c5c9814bc2bdc1a8ee347435606e012bac0987ec8b2d44e606c69e6ff5
#3 DONE 0.0s

#12 [internal] load build context
#12 sha256:79accdd1b0a59538004487a7048ffd85979f3ea888c007a09ff1663693b12c8e
#12 DONE 0.0s

#7 [base-image 1/1] FROM gcr.io/fuzzbench/base-image
#7 sha256:4d07825694520f8b6f6a0d8592dbd345433361ae044cb7f06706c5a95e3daaad
#7 DONE 0.0s

#6 [stage-1  1/13] FROM gcr.io/fuzzbench/builders/afl/dav1d_dav1d-intermediate
#6 sha256:cd02d1dfc97d5dc9bfec05f55b79fda2b7fabadb27618529db7ba6b19ef72f47
#6 DONE 0.0s

#5 importing cache manifest from gcr.io/fuzzbench/builders/afl/dav1d_dav1d
#5 sha256:effd565d51da3ed542be14185db9ae016193d119fb47d2ce6eb14c21d7ad4184
#5 ERROR: gcr.io/fuzzbench/builders/afl/dav1d_dav1d:latest: not found

#12 [internal] load build context
#12 sha256:79accdd1b0a59538004487a7048ffd85979f3ea888c007a09ff1663693b12c8e
#12 transferring context: 669.86kB 0.1s done
#12 DONE 0.2s

#16 [stage-1  9/13] RUN mkdir /opt/fuzzbench/
#16 sha256:f19cc4998ccda8b52b23691e818faef6b1f80cc912b8006e687741f9978b5890
#16 CACHED

#17 [stage-1 10/13] COPY docker/benchmark-builder/checkout_commit.py /opt/fuzzbench/
#17 sha256:90b59bf3b648d5e1090cbd08547d84bc8ed3f3d12d4c0f1bfdefcd2633175f87
#17 CACHED

#14 [stage-1  7/13] RUN touch /src/__init__.py
#14 sha256:00f2e4a2e1f116683407189379c90d426ffa5a78337536eb5a05aed50a696784
#14 CACHED

#11 [stage-1  5/13] COPY --from=base-image /usr/local/lib/python3.8/site-packages /usr/local/lib/python3.8/site-packages
#11 sha256:6810a33eae0e37e1077aa8a66b39572c34a5cecb6c40264ad3d6a0e3abb2390a
#11 CACHED

#9 [stage-1  3/13] COPY --from=base-image /usr/local/lib/python3.8 /usr/local/lib/python3.8
#9 sha256:3bfec326d73c3f8c0314df14adb930ef35d33549d5707a9aa492462372a099db
#9 CACHED

#15 [stage-1  8/13] COPY benchmarks/dav1d_dav1d/benchmark.yaml /
#15 sha256:2978703f2966784f8cfe39063ea043c85c0059063828fbd5117942b386f633c7
#15 CACHED

#18 [stage-1 11/13] RUN export CHECKOUT_COMMIT=$(cat /benchmark.yaml | tr -d ' ' | grep 'commit:' | cut -d ':' -f2) &&     python3 -u /opt/fuzzbench/checkout_commit.py $CHECKOUT_COMMIT /src
#18 sha256:f91d25f41f20281f39c174c80fb25433d7ad2ef4f5e97c9e13ce78a5c808eb69
#18 CACHED

#8 [stage-1  2/13] COPY --from=base-image /usr/local/bin/python3* /usr/local/bin/
#8 sha256:876bd91b7dcbe154d1532e08b043059defe613e598d1b0c6cbfd9ce35e766889
#8 CACHED

#10 [stage-1  4/13] COPY --from=base-image /usr/local/include/python3.8 /usr/local/include/python3.8
#10 sha256:e8309c63dbcd0e400ad17b19eb8e8f06013a9d38af39e4c1a78ec2608a033917
#10 CACHED

#13 [stage-1  6/13] COPY fuzzers /src/fuzzers
#13 sha256:9ccf036c500d4a49238ced875be27228be02563712f6a5b644ba6957e0ba0b5d
#13 CACHED

#19 [stage-1 12/13] RUN echo "#!/bin/bash\nPYTHONPATH=/src python3 -u -c "from fuzzers import utils; utils.initialize_env(); from fuzzers.afl import fuzzer; fuzzer.build()"" > /usr/bin/fuzzer_build &&     chmod +x /usr/bin/fuzzer_build
#19 sha256:58bc57a42a5bd53ae9098507419ce96f92cda1e489d6e25b2598f2603ffcbce6
#19 CACHED

#20 [stage-1 13/13] RUN echo "Run fuzzer_build to build the target" && if [ -z "$debug_builder" ] ; then fuzzer_build; fi
#20 sha256:c885eabf95c1c55a880848b7f7e8ba282596103c602dc2da451db1cd30bd7a67
#20 0.491 Run fuzzer_build to build the target
#20 0.603 FUZZ_TARGET = dav1d
#20 0.603 CFLAGS = -DFUZZING_BUILD_MODE_UNSAFE_FOR_PRODUCTION -pthread -Wl,--no-as-needed -Wl,-ldl -Wl,-lm -Wno-unused-command-line-argument -O3
#20 0.603 CXXFLAGS = -DFUZZING_BUILD_MODE_UNSAFE_FOR_PRODUCTION -pthread -Wl,--no-as-needed -Wl,-ldl -Wl,-lm -Wno-unused-command-line-argument -stdlib=libc++ -O3
#20 0.608 Building benchmark dav1d_dav1d with fuzzer afl
#20 0.611 + build=/work/build
#20 0.611 + rm -rf /work/build
#20 0.613 + mkdir -p /work/build
#20 0.615 + meson -Dbuild_asm=false -Dbuild_tools=false -Dbuild_tests=false -Db_lundef=false -Ddefault_library=static -Dbuildtype=debug /work/build
#20 1.140 The Meson build system
#20 1.140 Version: 0.61.2
#20 1.140 Source dir: /src/dav1d
#20 1.140 Build dir: /work/build
#20 1.140 Build type: native build
#20 1.140 
#20 1.140 meson.build:25:0: ERROR: Unknown options: "build_asm, build_tests, build_tools"
#20 1.140 
#20 1.140 A full log can be found at /work/build/meson-logs/meson-log.txt
#20 1.189 Traceback (most recent call last):
#20 1.189   File "<string>", line 1, in <module>
#20 1.189   File "/src/fuzzers/afl/fuzzer.py", line 40, in build
#20 1.190     utils.build_benchmark()
#20 1.190   File "/src/fuzzers/utils.py", line 82, in build_benchmark
#20 1.190     subprocess.check_call(['/bin/bash', '-ex', build_script], env=env)
#20 1.190   File "/usr/local/lib/python3.8/subprocess.py", line 364, in check_call
#20 1.190     raise CalledProcessError(retcode, cmd)
#20 1.190 subprocess.CalledProcessError: Command '['/bin/bash', '-ex', '/src/build.sh']' returned non-zero exit status 1.
#20 ERROR: executor failed running [/bin/sh -c echo "Run fuzzer_build to build the target" && if [ -z "$debug_builder" ] ; then fuzzer_build; fi]: exit code: 1
------
 > importing cache manifest from gcr.io/fuzzbench/builders/afl/dav1d_dav1d:
------
------
 > [stage-1 13/13] RUN echo "Run fuzzer_build to build the target" && if [ -z "$debug_builder" ] ; then fuzzer_build; fi:
------
executor failed running [/bin/sh -c echo "Run fuzzer_build to build the target" && if [ -z "$debug_builder" ] ; then fuzzer_build; fi]: exit code: 1
make: *** [docker/generated.mk:2793296: .afl-dav1d_dav1d-builder] Error 1
