WARNING:root:gcloud not found in PATH.
INFO:root:Successfully integrated benchmark: mruby_mruby.
INFO:root:Please run "make test-run-afl-mruby_mruby" to test integration.
#1 [internal] load build definition from Dockerfile
#1 sha256:d281751ac8a0f22fc91c73a4a5fbdedd51e9bca2b93decdcbc36256f6f6f39ff
#1 transferring dockerfile: 1.28kB done
#1 DONE 0.3s

#2 [internal] load .dockerignore
#2 sha256:986d3559eb2c67984eec5d6117d22ad58d2070b0c9a4dfe450fd7df990f79059
#2 transferring context: 2B done
#2 DONE 0.3s

#3 [internal] load metadata for gcr.io/oss-fuzz-base/base-builder:latest
#3 sha256:f10dc39cc9d418a5bc416dead31a1902b6821fdae909cd3b08f7a3fd1faba7b5
#3 DONE 0.5s

#5 [1/7] FROM gcr.io/oss-fuzz-base/base-builder@sha256:f4e5ea12494fab091c5d830cf803b3421f2860f729b9d1b07da44924396cf8cf
#5 sha256:ef290950573a2779ee526af357b28fbddfc20d7409aa51f58f777c9e972cba29
#5 DONE 0.0s

#11 [internal] load build context
#11 sha256:b155308a7cdcd1b6c88a2cdda9e50b32d44c85564fa8a6b8a66323b3aeec2813
#11 DONE 0.0s

#4 importing cache manifest from gcr.io/fuzzbench/builders/benchmark/mruby_mruby
#4 sha256:aec395d8c5f6b023c216d3482f7296e590a21ac6899988122844ee3a8e099c14
#4 ERROR: gcr.io/fuzzbench/builders/benchmark/mruby_mruby:latest: not found

#5 [1/7] FROM gcr.io/oss-fuzz-base/base-builder@sha256:f4e5ea12494fab091c5d830cf803b3421f2860f729b9d1b07da44924396cf8cf
#5 sha256:ef290950573a2779ee526af357b28fbddfc20d7409aa51f58f777c9e972cba29
#5 CACHED

#11 [internal] load build context
#11 sha256:b155308a7cdcd1b6c88a2cdda9e50b32d44c85564fa8a6b8a66323b3aeec2813
#11 transferring context: 2.41kB done
#11 DONE 0.1s

#6 [2/7] RUN apt-get update && apt-get install -y build-essential ruby bison ninja-build     cmake zlib1g-dev libbz2-dev liblzma-dev
#6 sha256:1646b94c27c63ded92b25499e343d2be6946047da7bbb74ab940f74e450d28a4
#6 0.666 Get:1 http://security.ubuntu.com/ubuntu focal-security InRelease [114 kB]
#6 0.700 Hit:2 http://ppa.launchpad.net/git-core/ppa/ubuntu focal InRelease
#6 0.700 Hit:3 http://archive.ubuntu.com/ubuntu focal InRelease
#6 0.700 Get:4 http://archive.ubuntu.com/ubuntu focal-updates InRelease [114 kB]
#6 0.794 Get:5 http://archive.ubuntu.com/ubuntu focal-backports InRelease [108 kB]
#6 1.239 Get:6 http://security.ubuntu.com/ubuntu focal-security/universe i386 Packages [657 kB]
#6 1.337 Get:7 http://security.ubuntu.com/ubuntu focal-security/universe amd64 Packages [840 kB]
#6 1.399 Get:8 http://security.ubuntu.com/ubuntu focal-security/main amd64 Packages [1546 kB]
#6 1.432 Get:9 http://archive.ubuntu.com/ubuntu focal-updates/main amd64 Packages [1973 kB]
#6 1.538 Get:10 http://security.ubuntu.com/ubuntu focal-security/main i386 Packages [464 kB]
#6 1.776 Get:11 http://archive.ubuntu.com/ubuntu focal-updates/universe i386 Packages [827 kB]
#6 1.838 Get:12 http://archive.ubuntu.com/ubuntu focal-updates/universe amd64 Packages [1134 kB]
#6 1.922 Get:13 http://archive.ubuntu.com/ubuntu focal-updates/main i386 Packages [752 kB]
#6 2.240 Fetched 8529 kB in 2s (5579 kB/s)
#6 2.240 Reading package lists...
#6 3.789 Reading package lists...
#6 5.231 Building dependency tree...
#6 5.448 Reading state information...
#6 5.665 build-essential is already the newest version (12.8ubuntu1.1).
#6 5.665 The following additional packages will be installed:
#6 5.666   bzip2-doc cmake-data fonts-lato javascript-common libarchive13 libjs-jquery
#6 5.667   libjsoncpp1 librhash0 libruby2.7 libsigsegv2 libuv1 m4 rake ruby-minitest
#6 5.667   ruby-net-telnet ruby-power-assert ruby-test-unit ruby-xmlrpc ruby2.7
#6 5.667   rubygems-integration
#6 5.669 Suggested packages:
#6 5.669   bison-doc cmake-doc apache2 | lighttpd | httpd lrzip liblzma-doc m4-doc ri
#6 5.669   ruby-dev bundler
#6 5.770 The following NEW packages will be installed:
#6 5.770   bison bzip2-doc cmake cmake-data fonts-lato javascript-common libarchive13
#6 5.771   libbz2-dev libjs-jquery libjsoncpp1 liblzma-dev librhash0 libruby2.7
#6 5.772   libsigsegv2 libuv1 m4 ninja-build rake ruby ruby-minitest ruby-net-telnet
#6 5.772   ruby-power-assert ruby-test-unit ruby-xmlrpc ruby2.7 rubygems-integration
#6 5.772   zlib1g-dev
#6 5.849 0 upgraded, 27 newly installed, 0 to remove and 3 not upgraded.
#6 5.849 Need to get 14.6 MB of archives.
#6 5.849 After this operation, 65.6 MB of additional disk space will be used.
#6 5.849 Get:1 http://archive.ubuntu.com/ubuntu focal/main amd64 fonts-lato all 2.0-2 [2698 kB]
#6 6.166 Get:2 http://archive.ubuntu.com/ubuntu focal-updates/main amd64 libuv1 amd64 1.34.2-1ubuntu1.3 [80.8 kB]
#6 6.173 Get:3 http://archive.ubuntu.com/ubuntu focal/main amd64 libsigsegv2 amd64 2.12-2 [13.9 kB]
#6 6.174 Get:4 http://archive.ubuntu.com/ubuntu focal/main amd64 m4 amd64 1.4.18-4 [199 kB]
#6 6.188 Get:5 http://archive.ubuntu.com/ubuntu focal/main amd64 bison amd64 2:3.5.1+dfsg-1 [657 kB]
#6 6.237 Get:6 http://archive.ubuntu.com/ubuntu focal/main amd64 bzip2-doc all 1.0.8-2 [501 kB]
#6 6.274 Get:7 http://archive.ubuntu.com/ubuntu focal/main amd64 cmake-data all 3.16.3-1ubuntu1 [1612 kB]
#6 6.394 Get:8 http://archive.ubuntu.com/ubuntu focal/main amd64 libarchive13 amd64 3.4.0-2ubuntu1 [327 kB]
#6 6.419 Get:9 http://archive.ubuntu.com/ubuntu focal/main amd64 libjsoncpp1 amd64 1.7.4-3.1ubuntu2 [75.6 kB]
#6 6.424 Get:10 http://archive.ubuntu.com/ubuntu focal/main amd64 librhash0 amd64 1.3.9-1 [113 kB]
#6 6.433 Get:11 http://archive.ubuntu.com/ubuntu focal/main amd64 cmake amd64 3.16.3-1ubuntu1 [3669 kB]
#6 6.707 Get:12 http://archive.ubuntu.com/ubuntu focal/main amd64 javascript-common all 11 [6066 B]
#6 6.708 Get:13 http://archive.ubuntu.com/ubuntu focal/main amd64 libbz2-dev amd64 1.0.8-2 [30.2 kB]
#6 6.709 Get:14 http://archive.ubuntu.com/ubuntu focal/main amd64 libjs-jquery all 3.3.1~dfsg-3 [329 kB]
#6 6.734 Get:15 http://archive.ubuntu.com/ubuntu focal/main amd64 rubygems-integration all 1.16 [5092 B]
#6 6.735 Get:16 http://archive.ubuntu.com/ubuntu focal-updates/main amd64 ruby2.7 amd64 2.7.0-5ubuntu1.6 [95.6 kB]
#6 6.742 Get:17 http://archive.ubuntu.com/ubuntu focal/main amd64 ruby amd64 1:2.7+1 [5412 B]
#6 6.742 Get:18 http://archive.ubuntu.com/ubuntu focal/main amd64 rake all 13.0.1-4 [61.6 kB]
#6 6.747 Get:19 http://archive.ubuntu.com/ubuntu focal/main amd64 ruby-minitest all 5.13.0-1 [40.9 kB]
#6 6.750 Get:20 http://archive.ubuntu.com/ubuntu focal/main amd64 ruby-net-telnet all 0.1.1-2 [12.6 kB]
#6 6.751 Get:21 http://archive.ubuntu.com/ubuntu focal/main amd64 ruby-power-assert all 1.1.7-1 [11.4 kB]
#6 6.752 Get:22 http://archive.ubuntu.com/ubuntu focal/main amd64 ruby-test-unit all 3.3.5-1 [73.2 kB]
#6 6.775 Get:23 http://archive.ubuntu.com/ubuntu focal/main amd64 ruby-xmlrpc all 0.3.0-2 [23.8 kB]
#6 6.777 Get:24 http://archive.ubuntu.com/ubuntu focal-updates/main amd64 libruby2.7 amd64 2.7.0-5ubuntu1.6 [3534 kB]
#6 7.040 Get:25 http://archive.ubuntu.com/ubuntu focal/universe amd64 ninja-build amd64 1.10.0-1build1 [107 kB]
#6 7.047 Get:26 http://archive.ubuntu.com/ubuntu focal-updates/main amd64 zlib1g-dev amd64 1:1.2.11.dfsg-2ubuntu1.2 [155 kB]
#6 7.059 Get:27 http://archive.ubuntu.com/ubuntu focal-updates/main amd64 liblzma-dev amd64 5.2.4-1ubuntu1 [147 kB]
#6 7.313 debconf: delaying package configuration, since apt-utils is not installed
#6 7.400 Fetched 14.6 MB in 1s (11.4 MB/s)
#6 7.486 Selecting previously unselected package fonts-lato.
#6 7.486 (Reading database ... (Reading database ... 5%(Reading database ... 10%(Reading database ... 15%(Reading database ... 20%(Reading database ... 25%(Reading database ... 30%(Reading database ... 35%(Reading database ... 40%(Reading database ... 45%(Reading database ... 50%(Reading database ... 55%(Reading database ... 60%(Reading database ... 65%(Reading database ... 70%(Reading database ... 75%(Reading database ... 80%(Reading database ... 85%(Reading database ... 90%(Reading database ... 95%(Reading database ... 100%(Reading database ... 21291 files and directories currently installed.)
#6 7.507 Preparing to unpack .../00-fonts-lato_2.0-2_all.deb ...
#6 7.539 Unpacking fonts-lato (2.0-2) ...
#6 7.996 Selecting previously unselected package libuv1:amd64.
#6 7.999 Preparing to unpack .../01-libuv1_1.34.2-1ubuntu1.3_amd64.deb ...
#6 8.032 Unpacking libuv1:amd64 (1.34.2-1ubuntu1.3) ...
#6 8.179 Selecting previously unselected package libsigsegv2:amd64.
#6 8.182 Preparing to unpack .../02-libsigsegv2_2.12-2_amd64.deb ...
#6 8.199 Unpacking libsigsegv2:amd64 (2.12-2) ...
#6 8.303 Selecting previously unselected package m4.
#6 8.306 Preparing to unpack .../03-m4_1.4.18-4_amd64.deb ...
#6 8.323 Unpacking m4 (1.4.18-4) ...
#6 8.484 Selecting previously unselected package bison.
#6 8.487 Preparing to unpack .../04-bison_2%3a3.5.1+dfsg-1_amd64.deb ...
#6 8.507 Unpacking bison (2:3.5.1+dfsg-1) ...
#6 8.677 Selecting previously unselected package bzip2-doc.
#6 8.680 Preparing to unpack .../05-bzip2-doc_1.0.8-2_all.deb ...
#6 8.697 Unpacking bzip2-doc (1.0.8-2) ...
#6 8.877 Selecting previously unselected package cmake-data.
#6 8.880 Preparing to unpack .../06-cmake-data_3.16.3-1ubuntu1_all.deb ...
#6 8.895 Unpacking cmake-data (3.16.3-1ubuntu1) ...
#6 9.611 Selecting previously unselected package libarchive13:amd64.
#6 9.616 Preparing to unpack .../07-libarchive13_3.4.0-2ubuntu1_amd64.deb ...
#6 9.633 Unpacking libarchive13:amd64 (3.4.0-2ubuntu1) ...
#6 9.796 Selecting previously unselected package libjsoncpp1:amd64.
#6 9.799 Preparing to unpack .../08-libjsoncpp1_1.7.4-3.1ubuntu2_amd64.deb ...
#6 9.815 Unpacking libjsoncpp1:amd64 (1.7.4-3.1ubuntu2) ...
#6 9.927 Selecting previously unselected package librhash0:amd64.
#6 9.931 Preparing to unpack .../09-librhash0_1.3.9-1_amd64.deb ...
#6 9.948 Unpacking librhash0:amd64 (1.3.9-1) ...
#6 10.05 Selecting previously unselected package cmake.
#6 10.05 Preparing to unpack .../10-cmake_3.16.3-1ubuntu1_amd64.deb ...
#6 10.07 Unpacking cmake (3.16.3-1ubuntu1) ...
#6 10.63 Selecting previously unselected package javascript-common.
#6 10.64 Preparing to unpack .../11-javascript-common_11_all.deb ...
#6 10.66 Unpacking javascript-common (11) ...
#6 10.80 Selecting previously unselected package libbz2-dev:amd64.
#6 10.80 Preparing to unpack .../12-libbz2-dev_1.0.8-2_amd64.deb ...
#6 10.81 Unpacking libbz2-dev:amd64 (1.0.8-2) ...
#6 10.90 Selecting previously unselected package libjs-jquery.
#6 10.90 Preparing to unpack .../13-libjs-jquery_3.3.1~dfsg-3_all.deb ...
#6 10.92 Unpacking libjs-jquery (3.3.1~dfsg-3) ...
#6 11.07 Selecting previously unselected package rubygems-integration.
#6 11.08 Preparing to unpack .../14-rubygems-integration_1.16_all.deb ...
#6 11.10 Unpacking rubygems-integration (1.16) ...
#6 11.22 Selecting previously unselected package ruby2.7.
#6 11.22 Preparing to unpack .../15-ruby2.7_2.7.0-5ubuntu1.6_amd64.deb ...
#6 11.23 Unpacking ruby2.7 (2.7.0-5ubuntu1.6) ...
#6 11.30 Selecting previously unselected package ruby.
#6 11.31 Preparing to unpack .../16-ruby_1%3a2.7+1_amd64.deb ...
#6 11.33 Unpacking ruby (1:2.7+1) ...
#6 11.41 Selecting previously unselected package rake.
#6 11.42 Preparing to unpack .../17-rake_13.0.1-4_all.deb ...
#6 11.43 Unpacking rake (13.0.1-4) ...
#6 11.54 Selecting previously unselected package ruby-minitest.
#6 11.55 Preparing to unpack .../18-ruby-minitest_5.13.0-1_all.deb ...
#6 11.56 Unpacking ruby-minitest (5.13.0-1) ...
#6 11.63 Selecting previously unselected package ruby-net-telnet.
#6 11.63 Preparing to unpack .../19-ruby-net-telnet_0.1.1-2_all.deb ...
#6 11.65 Unpacking ruby-net-telnet (0.1.1-2) ...
#6 11.73 Selecting previously unselected package ruby-power-assert.
#6 11.74 Preparing to unpack .../20-ruby-power-assert_1.1.7-1_all.deb ...
#6 11.75 Unpacking ruby-power-assert (1.1.7-1) ...
#6 11.84 Selecting previously unselected package ruby-test-unit.
#6 11.85 Preparing to unpack .../21-ruby-test-unit_3.3.5-1_all.deb ...
#6 11.85 Unpacking ruby-test-unit (3.3.5-1) ...
#6 11.95 Selecting previously unselected package ruby-xmlrpc.
#6 11.95 Preparing to unpack .../22-ruby-xmlrpc_0.3.0-2_all.deb ...
#6 11.97 Unpacking ruby-xmlrpc (0.3.0-2) ...
#6 12.08 Selecting previously unselected package libruby2.7:amd64.
#6 12.08 Preparing to unpack .../23-libruby2.7_2.7.0-5ubuntu1.6_amd64.deb ...
#6 12.09 Unpacking libruby2.7:amd64 (2.7.0-5ubuntu1.6) ...
#6 12.79 Selecting previously unselected package ninja-build.
#6 12.80 Preparing to unpack .../24-ninja-build_1.10.0-1build1_amd64.deb ...
#6 12.82 Unpacking ninja-build (1.10.0-1build1) ...
#6 12.96 Selecting previously unselected package zlib1g-dev:amd64.
#6 12.97 Preparing to unpack .../25-zlib1g-dev_1%3a1.2.11.dfsg-2ubuntu1.2_amd64.deb ...
#6 12.98 Unpacking zlib1g-dev:amd64 (1:1.2.11.dfsg-2ubuntu1.2) ...
#6 13.17 Selecting previously unselected package liblzma-dev:amd64.
#6 13.17 Preparing to unpack .../26-liblzma-dev_5.2.4-1ubuntu1_amd64.deb ...
#6 13.20 Unpacking liblzma-dev:amd64 (5.2.4-1ubuntu1) ...
#6 13.40 Setting up javascript-common (11) ...
#6 13.57 Setting up bzip2-doc (1.0.8-2) ...
#6 13.64 Setting up fonts-lato (2.0-2) ...
#6 13.72 Setting up ruby-power-assert (1.1.7-1) ...
#6 13.79 Setting up libarchive13:amd64 (3.4.0-2ubuntu1) ...
#6 13.85 Setting up rubygems-integration (1.16) ...
#6 13.91 Setting up ninja-build (1.10.0-1build1) ...
#6 13.96 Setting up ruby-minitest (5.13.0-1) ...
#6 14.02 Setting up libuv1:amd64 (1.34.2-1ubuntu1.3) ...
#6 14.06 Setting up ruby-test-unit (3.3.5-1) ...
#6 14.09 Setting up ruby-net-telnet (0.1.1-2) ...
#6 14.12 Setting up libsigsegv2:amd64 (2.12-2) ...
#6 14.15 Setting up liblzma-dev:amd64 (5.2.4-1ubuntu1) ...
#6 14.20 Setting up zlib1g-dev:amd64 (1:1.2.11.dfsg-2ubuntu1.2) ...
#6 14.27 Setting up librhash0:amd64 (1.3.9-1) ...
#6 14.33 Setting up cmake-data (3.16.3-1ubuntu1) ...
#6 14.41 Setting up libjs-jquery (3.3.1~dfsg-3) ...
#6 14.44 Setting up ruby-xmlrpc (0.3.0-2) ...
#6 14.48 Setting up libjsoncpp1:amd64 (1.7.4-3.1ubuntu2) ...
#6 14.52 Setting up libbz2-dev:amd64 (1.0.8-2) ...
#6 14.55 Setting up m4 (1.4.18-4) ...
#6 14.60 Setting up bison (2:3.5.1+dfsg-1) ...
#6 14.63 update-alternatives: using /usr/bin/bison.yacc to provide /usr/bin/yacc (yacc) in auto mode
#6 14.63 update-alternatives: warning: skip creation of /usr/share/man/man1/yacc.1.gz because associated file /usr/share/man/man1/bison.yacc.1.gz (of link group yacc) doesn't exist
#6 14.66 Setting up cmake (3.16.3-1ubuntu1) ...
#6 14.71 Setting up rake (13.0.1-4) ...
#6 14.75 Setting up libruby2.7:amd64 (2.7.0-5ubuntu1.6) ...
#6 14.79 Setting up ruby2.7 (2.7.0-5ubuntu1.6) ...
#6 14.86 Setting up ruby (1:2.7+1) ...
#6 14.90 Processing triggers for libc-bin (2.31-0ubuntu9.2) ...
#6 DONE 15.6s

#7 [3/7] RUN git clone --depth 1 https://github.com/mruby/mruby mruby
#7 sha256:b21e9b851baf22e59f55aebe5cf4bb74dc83ef41f76423230763b864c20dc50e
#7 0.444 Cloning into 'mruby'...
#7 DONE 1.5s

#8 [4/7] RUN git clone --depth 1 https://github.com/bshastry/mruby_seeds.git mruby_seeds
#8 sha256:71d8ca23687979448d0255ecf230cfbff7539c913dc99b7e515d56b32e2c1b08
#8 0.454 Cloning into 'mruby_seeds'...
#8 DONE 1.1s

#9 [5/7] RUN git clone --depth 1 https://github.com/google/libprotobuf-mutator.git
#9 sha256:daa93fa0e2cc5c2e2886c590b6a2cd5ecbd9bc14e8349e2fd6d846a37911652d
#9 0.463 Cloning into 'libprotobuf-mutator'...
#9 DONE 1.3s

#10 [6/7] RUN mkdir LPM;   cd LPM;   cmake /src/libprotobuf-mutator -GNinja -DLIB_PROTO_MUTATOR_DOWNLOAD_PROTOBUF=ON -DLIB_PROTO_MUTATOR_TESTING=OFF -DCMAKE_BUILD_TYPE=Release;   ninja;
#10 sha256:eb53f8542a780e4ea176e61ced361233f69235f57b4dec8df7914b192454b9dd
#10 0.691 -- The CXX compiler identification is Clang 14.0.0
#10 0.706 -- Detecting CXX compiler ABI info
#10 0.805 -- Detecting CXX compiler ABI info - done
#10 0.823 -- Check for working CXX compiler: /usr/local/bin/clang++ - skipped
#10 0.824 -- Detecting CXX compile features
#10 0.825 -- Detecting CXX compile features - done
#10 0.897 -- The C compiler identification is Clang 14.0.0
#10 0.913 -- Detecting C compiler ABI info
#10 1.001 -- Detecting C compiler ABI info - done
#10 1.020 -- Check for working C compiler: /usr/local/bin/clang - skipped
#10 1.020 -- Detecting C compile features
#10 1.021 -- Detecting C compile features - done
#10 1.026 -- Looking for pthread.h
#10 1.123 -- Looking for pthread.h - found
#10 1.123 -- Performing Test CMAKE_HAVE_LIBC_PTHREAD
#10 1.223 -- Performing Test CMAKE_HAVE_LIBC_PTHREAD - Failed
#10 1.224 -- Check if compiler accepts -pthread
#10 1.322 -- Check if compiler accepts -pthread - yes
#10 1.325 -- Found Threads: TRUE  
#10 1.339 -- Looking for lzma_auto_decoder in /usr/lib/x86_64-linux-gnu/liblzma.so
#10 1.429 -- Looking for lzma_auto_decoder in /usr/lib/x86_64-linux-gnu/liblzma.so - found
#10 1.429 -- Looking for lzma_easy_encoder in /usr/lib/x86_64-linux-gnu/liblzma.so
#10 1.515 -- Looking for lzma_easy_encoder in /usr/lib/x86_64-linux-gnu/liblzma.so - found
#10 1.515 -- Looking for lzma_lzma_preset in /usr/lib/x86_64-linux-gnu/liblzma.so
#10 1.603 -- Looking for lzma_lzma_preset in /usr/lib/x86_64-linux-gnu/liblzma.so - found
#10 1.605 -- Found LibLZMA: /usr/lib/x86_64-linux-gnu/liblzma.so (found version "5.2.4") 
#10 1.623 -- Found ZLIB: /usr/lib/x86_64-linux-gnu/libz.so (found version "1.2.11") 
#10 1.624 -- Performing Test LIB_PROTO_MUTATOR_HAS_SANITIZE_ADDRESS
#10 1.861 -- Performing Test LIB_PROTO_MUTATOR_HAS_SANITIZE_ADDRESS - Success
#10 1.863 -- Performing Test LIB_PROTO_MUTATOR_HAS_SANITIZE_SCOPE
#10 2.107 -- Performing Test LIB_PROTO_MUTATOR_HAS_SANITIZE_SCOPE - Success
#10 2.110 -- Performing Test LIB_PROTO_MUTATOR_HAS_NO_COVERAGE
#10 2.202 -- Performing Test LIB_PROTO_MUTATOR_HAS_NO_COVERAGE - Success
#10 2.204 -- Performing Test LIB_PROTO_MUTATOR_HAS_SANITIZE_FUZZER
#10 2.391 -- Performing Test LIB_PROTO_MUTATOR_HAS_SANITIZE_FUZZER - Success
#10 2.393 -- Performing Test LIB_PROTO_MUTATOR_HAS_NO_SANITIZE_FUZZER
#10 2.487 -- Performing Test LIB_PROTO_MUTATOR_HAS_NO_SANITIZE_FUZZER - Success
#10 2.488 -- Performing Test LIB_PROTO_MUTATOR_HAS_WSTRING_CONVERSION
#10 2.577 -- Performing Test LIB_PROTO_MUTATOR_HAS_WSTRING_CONVERSION - Success
#10 2.591 -- Could NOT find Protobuf (missing: Protobuf_LIBRARIES Protobuf_INCLUDE_DIR) 
#10 2.694 -- Configuring done
#10 2.721 -- Generating done
#10 2.733 -- Build files have been written to: /src/LPM
#10 2.775 [1/16] Creating directories for 'external.protobuf'
#10 18.88 [2/16] Performing download step (git clone) for 'external.protobuf'
#10 18.88 Cloning into 'external.protobuf'...
#10 18.88 HEAD is now at 909a0f36a Merge pull request #8701 from protocolbuffers/updateChangelogs
#10 18.88 Submodule 'third_party/benchmark' (https://github.com/google/benchmark.git) registered for path 'third_party/benchmark'
#10 18.88 Submodule 'third_party/googletest' (https://github.com/google/googletest.git) registered for path 'third_party/googletest'
#10 18.88 Cloning into '/src/LPM/external.protobuf/src/external.protobuf/third_party/benchmark'...
#10 18.88 Cloning into '/src/LPM/external.protobuf/src/external.protobuf/third_party/googletest'...
#10 18.88 Submodule path 'third_party/benchmark': checked out '5b7683f49e1e9223cf9927b24f6fd3d6bd82e3f8'
#10 18.88 Submodule path 'third_party/googletest': checked out '5ec7f0c4a113e2f18ac2c6cc7df51ad6afc24081'
#10 18.88 [3/16] No update step for 'external.protobuf'
#10 18.89 [4/16] No patch step for 'external.protobuf'
#10 19.94 [5/16] Performing configure step for 'external.protobuf'
#10 19.94 -- The C compiler identification is Clang 14.0.0
#10 19.94 -- The CXX compiler identification is Clang 14.0.0
#10 19.94 -- Detecting C compiler ABI info
#10 19.94 -- Detecting C compiler ABI info - done
#10 19.94 -- Check for working C compiler: /usr/local/bin/clang - skipped
#10 19.94 -- Detecting C compile features
#10 19.94 -- Detecting C compile features - done
#10 19.94 -- Detecting CXX compiler ABI info
#10 19.94 -- Detecting CXX compiler ABI info - done
#10 19.94 -- Check for working CXX compiler: /usr/local/bin/clang++ - skipped
#10 19.94 -- Detecting CXX compile features
#10 19.94 -- Detecting CXX compile features - done
#10 19.94 -- 
#10 19.94 -- 3.17.3.0
#10 19.94 -- Looking for pthread.h
#10 19.94 -- Looking for pthread.h - found
#10 19.94 -- Performing Test CMAKE_HAVE_LIBC_PTHREAD
#10 19.94 -- Performing Test CMAKE_HAVE_LIBC_PTHREAD - Success
#10 19.94 -- Found Threads: TRUE  
#10 19.94 -- Found ZLIB: /usr/lib/x86_64-linux-gnu/libz.so (found version "1.2.11") 
#10 19.94 -- Performing Test protobuf_HAVE_BUILTIN_ATOMICS
#10 19.94 -- Performing Test protobuf_HAVE_BUILTIN_ATOMICS - Success
#10 19.94 -- Configuring done
#10 19.94 -- Generating done
#10 19.94 -- Build files have been written to: /src/LPM/external.protobuf/src/external.protobuf-build
#10 157.0 [6/16] Performing build step for 'external.protobuf'
#10 157.0 [1/201] Building CXX object CMakeFiles/libprotobuf-lite.dir/src/LPM/external.protobuf/src/external.protobuf/src/google/protobuf/arena.cc.o
#10 157.0 [2/201] Building CXX object CMakeFiles/libprotobuf-lite.dir/src/LPM/external.protobuf/src/external.protobuf/src/google/protobuf/io/io_win32.cc.o
#10 157.0 [3/201] Building CXX object CMakeFiles/libprotobuf-lite.dir/src/LPM/external.protobuf/src/external.protobuf/src/google/protobuf/implicit_weak_message.cc.o
#10 157.0 [4/201] Building CXX object CMakeFiles/libprotobuf-lite.dir/src/LPM/external.protobuf/src/external.protobuf/src/google/protobuf/any_lite.cc.o
#10 157.0 [5/201] Building CXX object CMakeFiles/libprotobuf-lite.dir/src/LPM/external.protobuf/src/external.protobuf/src/google/protobuf/arenastring.cc.o
#10 157.0 [6/201] Building CXX object CMakeFiles/libprotobuf-lite.dir/src/LPM/external.protobuf/src/external.protobuf/src/google/protobuf/field_access_listener.cc.o
#10 157.0 [7/201] Building CXX object CMakeFiles/libprotobuf-lite.dir/src/LPM/external.protobuf/src/external.protobuf/src/google/protobuf/generated_enum_util.cc.o
#10 157.0 [8/201] Building CXX object CMakeFiles/libprotobuf-lite.dir/src/LPM/external.protobuf/src/external.protobuf/src/google/protobuf/io/coded_stream.cc.o
#10 157.0 [9/201] Building CXX object CMakeFiles/libprotobuf-lite.dir/src/LPM/external.protobuf/src/external.protobuf/src/google/protobuf/io/zero_copy_stream.cc.o
#10 157.0 [10/201] Building CXX object CMakeFiles/libprotobuf-lite.dir/src/LPM/external.protobuf/src/external.protobuf/src/google/protobuf/io/strtod.cc.o
#10 157.0 [11/201] Building CXX object CMakeFiles/libprotobuf-lite.dir/src/LPM/external.protobuf/src/external.protobuf/src/google/protobuf/io/zero_copy_stream_impl.cc.o
#10 157.0 [12/201] Building CXX object CMakeFiles/libprotobuf-lite.dir/src/LPM/external.protobuf/src/external.protobuf/src/google/protobuf/io/zero_copy_stream_impl_lite.cc.o
#10 157.0 [13/201] Building CXX object CMakeFiles/libprotobuf-lite.dir/src/LPM/external.protobuf/src/external.protobuf/src/google/protobuf/map.cc.o
#10 157.0 [14/201] Building CXX object CMakeFiles/libprotobuf-lite.dir/src/LPM/external.protobuf/src/external.protobuf/src/google/protobuf/generated_message_util.cc.o
#10 157.0 [15/201] Building CXX object CMakeFiles/libprotobuf-lite.dir/src/LPM/external.protobuf/src/external.protobuf/src/google/protobuf/parse_context.cc.o
#10 157.0 [16/201] Building CXX object CMakeFiles/libprotobuf-lite.dir/src/LPM/external.protobuf/src/external.protobuf/src/google/protobuf/message_lite.cc.o
#10 157.0 [17/201] Building CXX object CMakeFiles/libprotobuf-lite.dir/src/LPM/external.protobuf/src/external.protobuf/src/google/protobuf/stubs/bytestream.cc.o
#10 157.0 [18/201] Building CXX object CMakeFiles/libprotobuf-lite.dir/src/LPM/external.protobuf/src/external.protobuf/src/google/protobuf/stubs/common.cc.o
#10 157.0 [19/201] Building CXX object CMakeFiles/libprotobuf-lite.dir/src/LPM/external.protobuf/src/external.protobuf/src/google/protobuf/stubs/int128.cc.o
#10 157.0 [20/201] Building CXX object CMakeFiles/libprotobuf-lite.dir/src/LPM/external.protobuf/src/external.protobuf/src/google/protobuf/stubs/status.cc.o
#10 157.0 [21/201] Building CXX object CMakeFiles/libprotobuf-lite.dir/src/LPM/external.protobuf/src/external.protobuf/src/google/protobuf/stubs/statusor.cc.o
#10 157.0 [22/201] Building CXX object CMakeFiles/libprotobuf-lite.dir/src/LPM/external.protobuf/src/external.protobuf/src/google/protobuf/extension_set.cc.o
#10 157.0 [23/201] Building CXX object CMakeFiles/libprotobuf-lite.dir/src/LPM/external.protobuf/src/external.protobuf/src/google/protobuf/generated_message_table_driven_lite.cc.o
#10 157.0 [24/201] Building CXX object CMakeFiles/libprotobuf-lite.dir/src/LPM/external.protobuf/src/external.protobuf/src/google/protobuf/stubs/stringpiece.cc.o
#10 157.0 [25/201] Building CXX object CMakeFiles/libprotobuf-lite.dir/src/LPM/external.protobuf/src/external.protobuf/src/google/protobuf/stubs/stringprintf.cc.o
#10 157.0 [26/201] Building CXX object CMakeFiles/libprotobuf-lite.dir/src/LPM/external.protobuf/src/external.protobuf/src/google/protobuf/stubs/structurally_valid.cc.o
#10 157.0 [27/201] Building CXX object CMakeFiles/libprotobuf-lite.dir/src/LPM/external.protobuf/src/external.protobuf/src/google/protobuf/repeated_field.cc.o
#10 157.0 [28/201] Building CXX object CMakeFiles/libprotobuf-lite.dir/src/LPM/external.protobuf/src/external.protobuf/src/google/protobuf/stubs/time.cc.o
#10 157.0 [29/201] Building CXX object CMakeFiles/libprotobuf-lite.dir/src/LPM/external.protobuf/src/external.protobuf/src/google/protobuf/wire_format_lite.cc.o
#10 157.0 [30/201] Building CXX object CMakeFiles/libprotobuf-lite.dir/src/LPM/external.protobuf/src/external.protobuf/src/google/protobuf/stubs/strutil.cc.o
#10 157.0 [31/201] Linking CXX static library libprotobuf-lite.a
#10 157.0 [32/201] Building CXX object CMakeFiles/libprotoc.dir/src/LPM/external.protobuf/src/external.protobuf/src/google/protobuf/compiler/code_generator.cc.o
#10 157.0 [33/201] Building CXX object CMakeFiles/libprotoc.dir/src/LPM/external.protobuf/src/external.protobuf/src/google/protobuf/compiler/cpp/cpp_enum_field.cc.o
#10 157.0 [34/201] Building CXX object CMakeFiles/libprotoc.dir/src/LPM/external.protobuf/src/external.protobuf/src/google/protobuf/compiler/cpp/cpp_extension.cc.o
#10 157.0 [35/201] Building CXX object CMakeFiles/libprotoc.dir/src/LPM/external.protobuf/src/external.protobuf/src/google/protobuf/compiler/cpp/cpp_enum.cc.o
#10 157.0 [36/201] Building CXX object CMakeFiles/libprotoc.dir/src/LPM/external.protobuf/src/external.protobuf/src/google/protobuf/compiler/cpp/cpp_generator.cc.o
#10 157.0 [37/201] Building CXX object CMakeFiles/libprotoc.dir/src/LPM/external.protobuf/src/external.protobuf/src/google/protobuf/compiler/cpp/cpp_field.cc.o
#10 157.0 [38/201] Building CXX object CMakeFiles/libprotoc.dir/src/LPM/external.protobuf/src/external.protobuf/src/google/protobuf/compiler/cpp/cpp_map_field.cc.o
#10 157.0 [39/201] Building CXX object CMakeFiles/libprotoc.dir/src/LPM/external.protobuf/src/external.protobuf/src/google/protobuf/compiler/cpp/cpp_message_field.cc.o
#10 157.0 [40/201] Building CXX object CMakeFiles/libprotoc.dir/src/LPM/external.protobuf/src/external.protobuf/src/google/protobuf/compiler/cpp/cpp_padding_optimizer.cc.o
#10 157.0 [41/201] Building CXX object CMakeFiles/libprotoc.dir/src/LPM/external.protobuf/src/external.protobuf/src/google/protobuf/compiler/command_line_interface.cc.o
#10 157.0 [42/201] Building CXX object CMakeFiles/libprotoc.dir/src/LPM/external.protobuf/src/external.protobuf/src/google/protobuf/compiler/cpp/cpp_primitive_field.cc.o
#10 157.0 [43/201] Building CXX object CMakeFiles/libprotoc.dir/src/LPM/external.protobuf/src/external.protobuf/src/google/protobuf/compiler/cpp/cpp_service.cc.o
#10 157.0 [44/201] Building CXX object CMakeFiles/libprotoc.dir/src/LPM/external.protobuf/src/external.protobuf/src/google/protobuf/compiler/cpp/cpp_helpers.cc.o
#10 157.0 [45/201] Building CXX object CMakeFiles/libprotoc.dir/src/LPM/external.protobuf/src/external.protobuf/src/google/protobuf/compiler/cpp/cpp_parse_function_generator.cc.o
#10 157.0 [46/201] Building CXX object CMakeFiles/libprotoc.dir/src/LPM/external.protobuf/src/external.protobuf/src/google/protobuf/compiler/cpp/cpp_file.cc.o
#10 157.0 [47/201] Building CXX object CMakeFiles/libprotoc.dir/src/LPM/external.protobuf/src/external.protobuf/src/google/protobuf/compiler/csharp/csharp_doc_comment.cc.o
#10 157.0 [48/201] Building CXX object CMakeFiles/libprotoc.dir/src/LPM/external.protobuf/src/external.protobuf/src/google/protobuf/compiler/cpp/cpp_string_field.cc.o
#10 157.0 [49/201] Building CXX object CMakeFiles/libprotoc.dir/src/LPM/external.protobuf/src/external.protobuf/src/google/protobuf/compiler/csharp/csharp_enum_field.cc.o
#10 157.0 [50/201] Building CXX object CMakeFiles/libprotoc.dir/src/LPM/external.protobuf/src/external.protobuf/src/google/protobuf/compiler/csharp/csharp_generator.cc.o
#10 157.0 [51/201] Building CXX object CMakeFiles/libprotoc.dir/src/LPM/external.protobuf/src/external.protobuf/src/google/protobuf/compiler/csharp/csharp_enum.cc.o
#10 157.0 [52/201] Building CXX object CMakeFiles/libprotoc.dir/src/LPM/external.protobuf/src/external.protobuf/src/google/protobuf/compiler/csharp/csharp_helpers.cc.o
#10 157.0 [53/201] Building CXX object CMakeFiles/libprotoc.dir/src/LPM/external.protobuf/src/external.protobuf/src/google/protobuf/compiler/csharp/csharp_map_field.cc.o
#10 157.0 [54/201] Building CXX object CMakeFiles/libprotoc.dir/src/LPM/external.protobuf/src/external.protobuf/src/google/protobuf/compiler/csharp/csharp_field_base.cc.o
#10 157.0 [55/201] Building CXX object CMakeFiles/libprotobuf.dir/src/LPM/external.protobuf/src/external.protobuf/src/google/protobuf/io/zero_copy_stream.cc.o
#10 157.0 [56/201] Building CXX object CMakeFiles/libprotoc.dir/src/LPM/external.protobuf/src/external.protobuf/src/google/protobuf/compiler/csharp/csharp_message.cc.o
#10 157.0 [57/201] Building CXX object CMakeFiles/libprotoc.dir/src/LPM/external.protobuf/src/external.protobuf/src/google/protobuf/compiler/csharp/csharp_message_field.cc.o
#10 157.0 [58/201] Building CXX object CMakeFiles/libprotoc.dir/src/LPM/external.protobuf/src/external.protobuf/src/google/protobuf/compiler/csharp/csharp_primitive_field.cc.o
#10 157.0 [59/201] Building CXX object CMakeFiles/libprotoc.dir/src/LPM/external.protobuf/src/external.protobuf/src/google/protobuf/compiler/csharp/csharp_repeated_enum_field.cc.o
#10 157.0 [60/201] Building CXX object CMakeFiles/libprotoc.dir/src/LPM/external.protobuf/src/external.protobuf/src/google/protobuf/compiler/csharp/csharp_source_generator_base.cc.o
#10 157.0 [61/201] Building CXX object CMakeFiles/libprotoc.dir/src/LPM/external.protobuf/src/external.protobuf/src/google/protobuf/compiler/csharp/csharp_repeated_primitive_field.cc.o
#10 157.0 [62/201] Building CXX object CMakeFiles/libprotoc.dir/src/LPM/external.protobuf/src/external.protobuf/src/google/protobuf/compiler/csharp/csharp_reflection_class.cc.o
#10 157.0 [63/201] Building CXX object CMakeFiles/libprotoc.dir/src/LPM/external.protobuf/src/external.protobuf/src/google/protobuf/compiler/csharp/csharp_repeated_message_field.cc.o
#10 157.0 [64/201] Building CXX object CMakeFiles/libprotoc.dir/src/LPM/external.protobuf/src/external.protobuf/src/google/protobuf/compiler/csharp/csharp_wrapper_field.cc.o
#10 157.0 [65/201] Building CXX object CMakeFiles/libprotoc.dir/src/LPM/external.protobuf/src/external.protobuf/src/google/protobuf/compiler/java/java_doc_comment.cc.o
#10 157.0 [66/201] Building CXX object CMakeFiles/libprotoc.dir/src/LPM/external.protobuf/src/external.protobuf/src/google/protobuf/compiler/cpp/cpp_message.cc.o
#10 157.0 [67/201] Building CXX object CMakeFiles/libprotoc.dir/src/LPM/external.protobuf/src/external.protobuf/src/google/protobuf/compiler/java/java_context.cc.o
#10 157.0 [68/201] Building CXX object CMakeFiles/libprotoc.dir/src/LPM/external.protobuf/src/external.protobuf/src/google/protobuf/compiler/java/java_enum.cc.o
#10 157.0 [69/201] Building CXX object CMakeFiles/libprotoc.dir/src/LPM/external.protobuf/src/external.protobuf/src/google/protobuf/compiler/java/java_extension_lite.cc.o
#10 157.0 [70/201] Building CXX object CMakeFiles/libprotoc.dir/src/LPM/external.protobuf/src/external.protobuf/src/google/protobuf/compiler/java/java_extension.cc.o
#10 157.0 [71/201] Building CXX object CMakeFiles/libprotoc.dir/src/LPM/external.protobuf/src/external.protobuf/src/google/protobuf/compiler/java/java_enum_field.cc.o
#10 157.0 [72/201] Building CXX object CMakeFiles/libprotoc.dir/src/LPM/external.protobuf/src/external.protobuf/src/google/protobuf/compiler/java/java_enum_lite.cc.o
#10 157.0 [73/201] Building CXX object CMakeFiles/libprotoc.dir/src/LPM/external.protobuf/src/external.protobuf/src/google/protobuf/compiler/java/java_enum_field_lite.cc.o
#10 157.0 [74/201] Building CXX object CMakeFiles/libprotoc.dir/src/LPM/external.protobuf/src/external.protobuf/src/google/protobuf/compiler/java/java_field.cc.o
#10 157.0 [75/201] Building CXX object CMakeFiles/libprotoc.dir/src/LPM/external.protobuf/src/external.protobuf/src/google/protobuf/compiler/java/java_generator.cc.o
#10 157.0 [76/201] Building CXX object CMakeFiles/libprotoc.dir/src/LPM/external.protobuf/src/external.protobuf/src/google/protobuf/compiler/java/java_generator_factory.cc.o
#10 157.0 [77/201] Building CXX object CMakeFiles/libprotoc.dir/src/LPM/external.protobuf/src/external.protobuf/src/google/protobuf/compiler/java/java_file.cc.o
#10 157.0 [78/201] Building CXX object CMakeFiles/libprotoc.dir/src/LPM/external.protobuf/src/external.protobuf/src/google/protobuf/compiler/java/java_kotlin_generator.cc.o
#10 157.0 [79/201] Building CXX object CMakeFiles/libprotoc.dir/src/LPM/external.protobuf/src/external.protobuf/src/google/protobuf/compiler/java/java_map_field_lite.cc.o
#10 157.0 [80/201] Building CXX object CMakeFiles/libprotoc.dir/src/LPM/external.protobuf/src/external.protobuf/src/google/protobuf/compiler/java/java_map_field.cc.o
#10 157.0 [81/201] Building CXX object CMakeFiles/libprotoc.dir/src/LPM/external.protobuf/src/external.protobuf/src/google/protobuf/compiler/java/java_message_builder.cc.o
#10 157.0 [82/201] Building CXX object CMakeFiles/libprotoc.dir/src/LPM/external.protobuf/src/external.protobuf/src/google/protobuf/compiler/java/java_message_builder_lite.cc.o
#10 157.0 [83/201] Building CXX object CMakeFiles/libprotoc.dir/src/LPM/external.protobuf/src/external.protobuf/src/google/protobuf/compiler/java/java_helpers.cc.o
#10 157.0 [84/201] Building CXX object CMakeFiles/libprotoc.dir/src/LPM/external.protobuf/src/external.protobuf/src/google/protobuf/compiler/java/java_message_field.cc.o
#10 157.0 [85/201] Building CXX object CMakeFiles/libprotoc.dir/src/LPM/external.protobuf/src/external.protobuf/src/google/protobuf/compiler/java/java_message_field_lite.cc.o
#10 157.0 [86/201] Building CXX object CMakeFiles/libprotoc.dir/src/LPM/external.protobuf/src/external.protobuf/src/google/protobuf/compiler/java/java_message.cc.o
#10 157.0 [87/201] Building CXX object CMakeFiles/libprotoc.dir/src/LPM/external.protobuf/src/external.protobuf/src/google/protobuf/compiler/js/well_known_types_embed.cc.o
#10 157.0 [88/201] Building CXX object CMakeFiles/libprotoc.dir/src/LPM/external.protobuf/src/external.protobuf/src/google/protobuf/compiler/java/java_name_resolver.cc.o
#10 157.0 [89/201] Building CXX object CMakeFiles/libprotoc.dir/src/LPM/external.protobuf/src/external.protobuf/src/google/protobuf/compiler/java/java_message_lite.cc.o
#10 157.0 [90/201] Building CXX object CMakeFiles/libprotoc.dir/src/LPM/external.protobuf/src/external.protobuf/src/google/protobuf/compiler/java/java_string_field.cc.o
#10 157.0 [91/201] Building CXX object CMakeFiles/libprotoc.dir/src/LPM/external.protobuf/src/external.protobuf/src/google/protobuf/compiler/java/java_service.cc.o
#10 157.0 [92/201] Building CXX object CMakeFiles/libprotoc.dir/src/LPM/external.protobuf/src/external.protobuf/src/google/protobuf/compiler/java/java_primitive_field_lite.cc.o
#10 157.0 [93/201] Building CXX object CMakeFiles/libprotoc.dir/src/LPM/external.protobuf/src/external.protobuf/src/google/protobuf/compiler/java/java_shared_code_generator.cc.o
#10 157.0 [94/201] Building CXX object CMakeFiles/libprotoc.dir/src/LPM/external.protobuf/src/external.protobuf/src/google/protobuf/compiler/java/java_primitive_field.cc.o
#10 157.0 [95/201] Building CXX object CMakeFiles/libprotoc.dir/src/LPM/external.protobuf/src/external.protobuf/src/google/protobuf/compiler/java/java_string_field_lite.cc.o
#10 157.0 [96/201] Building CXX object CMakeFiles/libprotoc.dir/src/LPM/external.protobuf/src/external.protobuf/src/google/protobuf/compiler/objectivec/objectivec_enum.cc.o
#10 157.0 [97/201] Building CXX object CMakeFiles/libprotoc.dir/src/LPM/external.protobuf/src/external.protobuf/src/google/protobuf/compiler/objectivec/objectivec_enum_field.cc.o
#10 157.0 [98/201] Building CXX object CMakeFiles/libprotoc.dir/src/LPM/external.protobuf/src/external.protobuf/src/google/protobuf/compiler/objectivec/objectivec_extension.cc.o
#10 157.0 [99/201] Building CXX object CMakeFiles/libprotoc.dir/src/LPM/external.protobuf/src/external.protobuf/src/google/protobuf/compiler/objectivec/objectivec_generator.cc.o
#10 157.0 [100/201] Building CXX object CMakeFiles/libprotoc.dir/src/LPM/external.protobuf/src/external.protobuf/src/google/protobuf/compiler/objectivec/objectivec_field.cc.o
#10 157.0 [101/201] Building CXX object CMakeFiles/libprotoc.dir/src/LPM/external.protobuf/src/external.protobuf/src/google/protobuf/compiler/objectivec/objectivec_map_field.cc.o
#10 157.0 [102/201] Building CXX object CMakeFiles/libprotoc.dir/src/LPM/external.protobuf/src/external.protobuf/src/google/protobuf/compiler/objectivec/objectivec_oneof.cc.o
#10 157.0 [103/201] Building CXX object CMakeFiles/libprotoc.dir/src/LPM/external.protobuf/src/external.protobuf/src/google/protobuf/compiler/objectivec/objectivec_message_field.cc.o
#10 157.0 [104/201] Building CXX object CMakeFiles/libprotoc.dir/src/LPM/external.protobuf/src/external.protobuf/src/google/protobuf/compiler/objectivec/objectivec_file.cc.o
#10 157.0 [105/201] Building CXX object CMakeFiles/libprotoc.dir/src/LPM/external.protobuf/src/external.protobuf/src/google/protobuf/compiler/objectivec/objectivec_primitive_field.cc.o
#10 157.0 [106/201] Building CXX object CMakeFiles/libprotoc.dir/src/LPM/external.protobuf/src/external.protobuf/src/google/protobuf/compiler/objectivec/objectivec_message.cc.o
#10 157.0 [107/201] Building CXX object CMakeFiles/libprotoc.dir/src/LPM/external.protobuf/src/external.protobuf/src/google/protobuf/compiler/objectivec/objectivec_helpers.cc.o
#10 157.0 [108/201] Building CXX object CMakeFiles/libprotoc.dir/src/LPM/external.protobuf/src/external.protobuf/src/google/protobuf/compiler/plugin.cc.o
#10 157.0 [109/201] Building CXX object CMakeFiles/libprotoc.dir/src/LPM/external.protobuf/src/external.protobuf/src/google/protobuf/compiler/subprocess.cc.o
#10 157.0 [110/201] Building CXX object CMakeFiles/libprotoc.dir/src/LPM/external.protobuf/src/external.protobuf/src/google/protobuf/compiler/zip_writer.cc.o
#10 157.0 [111/201] Building CXX object CMakeFiles/libprotoc.dir/src/LPM/external.protobuf/src/external.protobuf/src/google/protobuf/compiler/plugin.pb.cc.o
#10 157.0 [112/201] Building CXX object CMakeFiles/libprotobuf.dir/src/LPM/external.protobuf/src/external.protobuf/src/google/protobuf/any_lite.cc.o
#10 157.0 [113/201] Building CXX object CMakeFiles/libprotobuf.dir/src/LPM/external.protobuf/src/external.protobuf/src/google/protobuf/arena.cc.o
#10 157.0 [114/201] Building CXX object CMakeFiles/libprotoc.dir/src/LPM/external.protobuf/src/external.protobuf/src/google/protobuf/compiler/ruby/ruby_generator.cc.o
#10 157.0 [115/201] Building CXX object CMakeFiles/libprotobuf.dir/src/LPM/external.protobuf/src/external.protobuf/src/google/protobuf/arenastring.cc.o
#10 157.0 [116/201] Building CXX object CMakeFiles/libprotoc.dir/src/LPM/external.protobuf/src/external.protobuf/src/google/protobuf/compiler/js/js_generator.cc.o
#10 157.0 [117/201] Building CXX object CMakeFiles/libprotobuf.dir/src/LPM/external.protobuf/src/external.protobuf/src/google/protobuf/io/io_win32.cc.o
#10 157.0 [118/201] Building CXX object CMakeFiles/libprotobuf.dir/src/LPM/external.protobuf/src/external.protobuf/src/google/protobuf/field_access_listener.cc.o
#10 157.0 [119/201] Building CXX object CMakeFiles/libprotobuf.dir/src/LPM/external.protobuf/src/external.protobuf/src/google/protobuf/generated_enum_util.cc.o
#10 157.0 [120/201] Building CXX object CMakeFiles/libprotoc.dir/src/LPM/external.protobuf/src/external.protobuf/src/google/protobuf/compiler/python/python_generator.cc.o
#10 157.0 [121/201] Building CXX object CMakeFiles/libprotobuf.dir/src/LPM/external.protobuf/src/external.protobuf/src/google/protobuf/implicit_weak_message.cc.o
#10 157.0 [122/201] Building CXX object CMakeFiles/libprotobuf.dir/src/LPM/external.protobuf/src/external.protobuf/src/google/protobuf/io/strtod.cc.o
#10 157.0 [123/201] Building CXX object CMakeFiles/libprotobuf.dir/src/LPM/external.protobuf/src/external.protobuf/src/google/protobuf/io/coded_stream.cc.o
#10 157.0 [124/201] Building CXX object CMakeFiles/libprotobuf.dir/src/LPM/external.protobuf/src/external.protobuf/src/google/protobuf/io/zero_copy_stream_impl.cc.o
#10 157.0 [125/201] Building CXX object CMakeFiles/libprotoc.dir/src/LPM/external.protobuf/src/external.protobuf/src/google/protobuf/compiler/php/php_generator.cc.o
#10 157.0 [126/201] Building CXX object CMakeFiles/libprotobuf.dir/src/LPM/external.protobuf/src/external.protobuf/src/google/protobuf/io/zero_copy_stream_impl_lite.cc.o
#10 157.0 [127/201] Building CXX object CMakeFiles/libprotobuf.dir/src/LPM/external.protobuf/src/external.protobuf/src/google/protobuf/map.cc.o
#10 157.0 [128/201] Building CXX object CMakeFiles/libprotobuf.dir/src/LPM/external.protobuf/src/external.protobuf/src/google/protobuf/stubs/bytestream.cc.o
#10 157.0 [129/201] Building CXX object CMakeFiles/libprotobuf.dir/src/LPM/external.protobuf/src/external.protobuf/src/google/protobuf/stubs/int128.cc.o
#10 157.0 [130/201] Building CXX object CMakeFiles/libprotobuf.dir/src/LPM/external.protobuf/src/external.protobuf/src/google/protobuf/message_lite.cc.o
#10 157.0 [131/201] Building CXX object CMakeFiles/libprotobuf.dir/src/LPM/external.protobuf/src/external.protobuf/src/google/protobuf/extension_set.cc.o
#10 157.0 [132/201] Building CXX object CMakeFiles/libprotobuf.dir/src/LPM/external.protobuf/src/external.protobuf/src/google/protobuf/stubs/common.cc.o
#10 157.0 [133/201] Building CXX object CMakeFiles/libprotobuf.dir/src/LPM/external.protobuf/src/external.protobuf/src/google/protobuf/generated_message_util.cc.o
#10 157.0 [134/201] Building CXX object CMakeFiles/libprotobuf.dir/src/LPM/external.protobuf/src/external.protobuf/src/google/protobuf/parse_context.cc.o
#10 157.0 [135/201] Building CXX object CMakeFiles/libprotobuf.dir/src/LPM/external.protobuf/src/external.protobuf/src/google/protobuf/stubs/statusor.cc.o
#10 157.0 [136/201] Building CXX object CMakeFiles/libprotobuf.dir/src/LPM/external.protobuf/src/external.protobuf/src/google/protobuf/generated_message_table_driven_lite.cc.o
#10 157.0 [137/201] Building CXX object CMakeFiles/libprotobuf.dir/src/LPM/external.protobuf/src/external.protobuf/src/google/protobuf/stubs/status.cc.o
#10 157.0 [138/201] Building CXX object CMakeFiles/libprotobuf.dir/src/LPM/external.protobuf/src/external.protobuf/src/google/protobuf/stubs/stringpiece.cc.o
#10 157.0 [139/201] Building CXX object CMakeFiles/libprotobuf.dir/src/LPM/external.protobuf/src/external.protobuf/src/google/protobuf/stubs/stringprintf.cc.o
#10 157.0 [140/201] Building CXX object CMakeFiles/libprotobuf.dir/src/LPM/external.protobuf/src/external.protobuf/src/google/protobuf/repeated_field.cc.o
#10 157.0 [141/201] Building CXX object CMakeFiles/libprotobuf.dir/src/LPM/external.protobuf/src/external.protobuf/src/google/protobuf/stubs/structurally_valid.cc.o
#10 157.0 [142/201] Building CXX object CMakeFiles/libprotobuf.dir/src/LPM/external.protobuf/src/external.protobuf/src/google/protobuf/stubs/time.cc.o
#10 157.0 [143/201] Building CXX object CMakeFiles/libprotobuf.dir/src/LPM/external.protobuf/src/external.protobuf/src/google/protobuf/any.cc.o
#10 157.0 [144/201] Building CXX object CMakeFiles/libprotobuf.dir/src/LPM/external.protobuf/src/external.protobuf/src/google/protobuf/wire_format_lite.cc.o
#10 157.0 [145/201] Building CXX object CMakeFiles/libprotobuf.dir/src/LPM/external.protobuf/src/external.protobuf/src/google/protobuf/any.pb.cc.o
#10 157.0 [146/201] Building CXX object CMakeFiles/libprotobuf.dir/src/LPM/external.protobuf/src/external.protobuf/src/google/protobuf/stubs/strutil.cc.o
#10 157.0 [147/201] Building CXX object CMakeFiles/libprotobuf.dir/src/LPM/external.protobuf/src/external.protobuf/src/google/protobuf/api.pb.cc.o
#10 157.0 [148/201] Building CXX object CMakeFiles/libprotobuf.dir/src/LPM/external.protobuf/src/external.protobuf/src/google/protobuf/compiler/importer.cc.o
#10 157.0 [149/201] Building CXX object CMakeFiles/libprotobuf.dir/src/LPM/external.protobuf/src/external.protobuf/src/google/protobuf/duration.pb.cc.o
#10 157.0 [150/201] Building CXX object CMakeFiles/libprotobuf.dir/src/LPM/external.protobuf/src/external.protobuf/src/google/protobuf/empty.pb.cc.o
#10 157.0 [151/201] Building CXX object CMakeFiles/libprotobuf.dir/src/LPM/external.protobuf/src/external.protobuf/src/google/protobuf/dynamic_message.cc.o
#10 157.0 [152/201] Building CXX object CMakeFiles/libprotobuf.dir/src/LPM/external.protobuf/src/external.protobuf/src/google/protobuf/extension_set_heavy.cc.o
#10 157.0 [153/201] Building CXX object CMakeFiles/libprotobuf.dir/src/LPM/external.protobuf/src/external.protobuf/src/google/protobuf/field_mask.pb.cc.o
#10 157.0 [154/201] Building CXX object CMakeFiles/libprotobuf.dir/src/LPM/external.protobuf/src/external.protobuf/src/google/protobuf/io/gzip_stream.cc.o
#10 157.0 [155/201] Building CXX object CMakeFiles/libprotobuf.dir/src/LPM/external.protobuf/src/external.protobuf/src/google/protobuf/compiler/parser.cc.o
#10 157.0 [156/201] Building CXX object CMakeFiles/libprotobuf.dir/src/LPM/external.protobuf/src/external.protobuf/src/google/protobuf/io/printer.cc.o
#10 157.0 [157/201] Building CXX object CMakeFiles/libprotobuf.dir/src/LPM/external.protobuf/src/external.protobuf/src/google/protobuf/io/tokenizer.cc.o
#10 157.0 [158/201] Building CXX object CMakeFiles/libprotobuf.dir/src/LPM/external.protobuf/src/external.protobuf/src/google/protobuf/descriptor_database.cc.o
#10 157.0 [159/201] Building CXX object CMakeFiles/libprotobuf.dir/src/LPM/external.protobuf/src/external.protobuf/src/google/protobuf/service.cc.o
#10 157.0 [160/201] Building CXX object CMakeFiles/libprotobuf.dir/src/LPM/external.protobuf/src/external.protobuf/src/google/protobuf/generated_message_reflection.cc.o
#10 157.0 [161/201] Building CXX object CMakeFiles/libprotobuf.dir/src/LPM/external.protobuf/src/external.protobuf/src/google/protobuf/map_field.cc.o
#10 157.0 [162/201] Building CXX object CMakeFiles/libprotobuf.dir/src/LPM/external.protobuf/src/external.protobuf/src/google/protobuf/generated_message_table_driven.cc.o
#10 157.0 [163/201] Building CXX object CMakeFiles/libprotobuf.dir/src/LPM/external.protobuf/src/external.protobuf/src/google/protobuf/message.cc.o
#10 157.0 [164/201] Building CXX object CMakeFiles/libprotobuf.dir/src/LPM/external.protobuf/src/external.protobuf/src/google/protobuf/source_context.pb.cc.o
#10 157.0 [165/201] Building CXX object CMakeFiles/libprotobuf.dir/src/LPM/external.protobuf/src/external.protobuf/src/google/protobuf/stubs/substitute.cc.o
#10 157.0 [166/201] Building CXX object CMakeFiles/libprotobuf.dir/src/LPM/external.protobuf/src/external.protobuf/src/google/protobuf/reflection_ops.cc.o
#10 157.0 [167/201] Building CXX object CMakeFiles/libprotobuf.dir/src/LPM/external.protobuf/src/external.protobuf/src/google/protobuf/descriptor.pb.cc.o
#10 157.0 [168/201] Building CXX object CMakeFiles/libprotobuf.dir/src/LPM/external.protobuf/src/external.protobuf/src/google/protobuf/timestamp.pb.cc.o
#10 157.0 [169/201] Building CXX object CMakeFiles/libprotobuf.dir/src/LPM/external.protobuf/src/external.protobuf/src/google/protobuf/util/delimited_message_util.cc.o
#10 157.0 [170/201] Building CXX object CMakeFiles/libprotobuf.dir/src/LPM/external.protobuf/src/external.protobuf/src/google/protobuf/util/field_comparator.cc.o
#10 157.0 [171/201] Building CXX object CMakeFiles/libprotobuf.dir/src/LPM/external.protobuf/src/external.protobuf/src/google/protobuf/unknown_field_set.cc.o
#10 157.0 [172/201] Building CXX object CMakeFiles/libprotobuf.dir/src/LPM/external.protobuf/src/external.protobuf/src/google/protobuf/struct.pb.cc.o
#10 157.0 [173/201] Building CXX object CMakeFiles/libprotobuf.dir/src/LPM/external.protobuf/src/external.protobuf/src/google/protobuf/util/internal/error_listener.cc.o
#10 157.0 [174/201] Building CXX object CMakeFiles/libprotobuf.dir/src/LPM/external.protobuf/src/external.protobuf/src/google/protobuf/util/field_mask_util.cc.o
#10 157.0 [175/201] Building CXX object CMakeFiles/libprotobuf.dir/src/LPM/external.protobuf/src/external.protobuf/src/google/protobuf/type.pb.cc.o
#10 157.0 [176/201] Building CXX object CMakeFiles/libprotobuf.dir/src/LPM/external.protobuf/src/external.protobuf/src/google/protobuf/util/internal/json_escaping.cc.o
#10 157.0 [177/201] Building CXX object CMakeFiles/libprotobuf.dir/src/LPM/external.protobuf/src/external.protobuf/src/google/protobuf/util/internal/datapiece.cc.o
#10 157.0 [178/201] Building CXX object CMakeFiles/libprotobuf.dir/src/LPM/external.protobuf/src/external.protobuf/src/google/protobuf/util/internal/field_mask_utility.cc.o
#10 157.0 [179/201] Building CXX object CMakeFiles/libprotobuf.dir/src/LPM/external.protobuf/src/external.protobuf/src/google/protobuf/util/internal/json_objectwriter.cc.o
#10 157.0 [180/201] Building CXX object CMakeFiles/libprotobuf.dir/src/LPM/external.protobuf/src/external.protobuf/src/google/protobuf/util/internal/default_value_objectwriter.cc.o
#10 157.0 [181/201] Building CXX object CMakeFiles/libprotobuf.dir/src/LPM/external.protobuf/src/external.protobuf/src/google/protobuf/util/internal/json_stream_parser.cc.o
#10 157.0 [182/201] Building CXX object CMakeFiles/libprotobuf.dir/src/LPM/external.protobuf/src/external.protobuf/src/google/protobuf/util/internal/object_writer.cc.o
#10 157.0 [183/201] Building CXX object CMakeFiles/libprotobuf.dir/src/LPM/external.protobuf/src/external.protobuf/src/google/protobuf/text_format.cc.o
#10 157.0 [184/201] Building CXX object CMakeFiles/libprotobuf.dir/src/LPM/external.protobuf/src/external.protobuf/src/google/protobuf/util/internal/proto_writer.cc.o
#10 157.0 [185/201] Building CXX object CMakeFiles/libprotobuf.dir/src/LPM/external.protobuf/src/external.protobuf/src/google/protobuf/util/internal/protostream_objectsource.cc.o
#10 157.0 [186/201] Building CXX object CMakeFiles/libprotobuf.dir/src/LPM/external.protobuf/src/external.protobuf/src/google/protobuf/util/internal/type_info_test_helper.cc.o
#10 157.0 [187/201] Building CXX object CMakeFiles/libprotobuf.dir/src/LPM/external.protobuf/src/external.protobuf/src/google/protobuf/util/internal/type_info.cc.o
#10 157.0 [188/201] Building CXX object CMakeFiles/libprotobuf.dir/src/LPM/external.protobuf/src/external.protobuf/src/google/protobuf/util/json_util.cc.o
#10 157.0 [189/201] Building CXX object CMakeFiles/libprotobuf.dir/src/LPM/external.protobuf/src/external.protobuf/src/google/protobuf/util/time_util.cc.o
#10 157.0 [190/201] Building CXX object CMakeFiles/libprotobuf.dir/src/LPM/external.protobuf/src/external.protobuf/src/google/protobuf/util/internal/protostream_objectwriter.cc.o
#10 157.0 [191/201] Building CXX object CMakeFiles/libprotobuf.dir/src/LPM/external.protobuf/src/external.protobuf/src/google/protobuf/util/internal/utility.cc.o
#10 157.0 [192/201] Building CXX object CMakeFiles/protoc.dir/src/LPM/external.protobuf/src/external.protobuf/src/google/protobuf/compiler/main.cc.o
#10 157.0 [193/201] Building CXX object CMakeFiles/libprotobuf.dir/src/LPM/external.protobuf/src/external.protobuf/src/google/protobuf/descriptor.cc.o
#10 157.0 [194/201] Building CXX object CMakeFiles/libprotobuf.dir/src/LPM/external.protobuf/src/external.protobuf/src/google/protobuf/wrappers.pb.cc.o
#10 157.0 [195/201] Building CXX object CMakeFiles/libprotobuf.dir/src/LPM/external.protobuf/src/external.protobuf/src/google/protobuf/util/type_resolver_util.cc.o
#10 157.0 [196/201] Building CXX object CMakeFiles/libprotobuf.dir/src/LPM/external.protobuf/src/external.protobuf/src/google/protobuf/util/message_differencer.cc.o
#10 157.0 [197/201] Building CXX object CMakeFiles/libprotobuf.dir/src/LPM/external.protobuf/src/external.protobuf/src/google/protobuf/wire_format.cc.o
#10 157.0 [198/201] Linking CXX static library libprotobuf.a
#10 157.0 [199/201] Linking CXX static library libprotoc.a
#10 157.0 [200/201] Linking CXX executable protoc-3.17.3.0
#10 157.0 [201/201] Creating executable symlink protoc
#10 157.3 [7/16] Performing install step for 'external.protobuf'
#10 157.3 [0/1] Install the project...
#10 157.3 -- Install configuration: "Release"
#10 157.3 -- Installing: /src/LPM/external.protobuf/lib/libprotobuf-lite.a
#10 157.3 -- Installing: /src/LPM/external.protobuf/lib/libprotobuf.a
#10 157.3 -- Installing: /src/LPM/external.protobuf/lib/libprotoc.a
#10 157.3 -- Installing: /src/LPM/external.protobuf/bin/protoc-3.17.3.0
#10 157.3 -- Installing: /src/LPM/external.protobuf/bin/protoc
#10 157.3 -- Set runtime path of "/src/LPM/external.protobuf/bin/protoc-3.17.3.0" to "$ORIGIN/../lib"
#10 157.3 -- Installing: /src/LPM/external.protobuf/lib/pkgconfig/protobuf.pc
#10 157.3 -- Installing: /src/LPM/external.protobuf/lib/pkgconfig/protobuf-lite.pc
#10 157.3 -- Installing: /src/LPM/external.protobuf/include/google/protobuf/any.h
#10 157.3 -- Installing: /src/LPM/external.protobuf/include/google/protobuf/any.pb.h
#10 157.3 -- Installing: /src/LPM/external.protobuf/include/google/protobuf/api.pb.h
#10 157.3 -- Installing: /src/LPM/external.protobuf/include/google/protobuf/arena.h
#10 157.3 -- Installing: /src/LPM/external.protobuf/include/google/protobuf/arena_impl.h
#10 157.3 -- Installing: /src/LPM/external.protobuf/include/google/protobuf/arenastring.h
#10 157.3 -- Installing: /src/LPM/external.protobuf/include/google/protobuf/compiler/code_generator.h
#10 157.3 -- Installing: /src/LPM/external.protobuf/include/google/protobuf/compiler/command_line_interface.h
#10 157.3 -- Installing: /src/LPM/external.protobuf/include/google/protobuf/compiler/cpp/cpp_generator.h
#10 157.3 -- Installing: /src/LPM/external.protobuf/include/google/protobuf/compiler/csharp/csharp_generator.h
#10 157.3 -- Installing: /src/LPM/external.protobuf/include/google/protobuf/compiler/csharp/csharp_names.h
#10 157.3 -- Installing: /src/LPM/external.protobuf/include/google/protobuf/compiler/importer.h
#10 157.3 -- Installing: /src/LPM/external.protobuf/include/google/protobuf/compiler/java/java_generator.h
#10 157.3 -- Installing: /src/LPM/external.protobuf/include/google/protobuf/compiler/java/java_kotlin_generator.h
#10 157.3 -- Installing: /src/LPM/external.protobuf/include/google/protobuf/compiler/java/java_names.h
#10 157.3 -- Installing: /src/LPM/external.protobuf/include/google/protobuf/compiler/js/js_generator.h
#10 157.3 -- Installing: /src/LPM/external.protobuf/include/google/protobuf/compiler/js/well_known_types_embed.h
#10 157.3 -- Installing: /src/LPM/external.protobuf/include/google/protobuf/compiler/objectivec/objectivec_generator.h
#10 157.3 -- Installing: /src/LPM/external.protobuf/include/google/protobuf/compiler/objectivec/objectivec_helpers.h
#10 157.3 -- Installing: /src/LPM/external.protobuf/include/google/protobuf/compiler/parser.h
#10 157.3 -- Installing: /src/LPM/external.protobuf/include/google/protobuf/compiler/php/php_generator.h
#10 157.3 -- Installing: /src/LPM/external.protobuf/include/google/protobuf/compiler/plugin.h
#10 157.3 -- Installing: /src/LPM/external.protobuf/include/google/protobuf/compiler/plugin.pb.h
#10 157.3 -- Installing: /src/LPM/external.protobuf/include/google/protobuf/compiler/python/python_generator.h
#10 157.3 -- Installing: /src/LPM/external.protobuf/include/google/protobuf/compiler/ruby/ruby_generator.h
#10 157.3 -- Installing: /src/LPM/external.protobuf/include/google/protobuf/descriptor.h
#10 157.3 -- Installing: /src/LPM/external.protobuf/include/google/protobuf/descriptor.pb.h
#10 157.3 -- Installing: /src/LPM/external.protobuf/include/google/protobuf/descriptor_database.h
#10 157.3 -- Installing: /src/LPM/external.protobuf/include/google/protobuf/duration.pb.h
#10 157.3 -- Installing: /src/LPM/external.protobuf/include/google/protobuf/dynamic_message.h
#10 157.3 -- Installing: /src/LPM/external.protobuf/include/google/protobuf/empty.pb.h
#10 157.3 -- Installing: /src/LPM/external.protobuf/include/google/protobuf/extension_set.h
#10 157.3 -- Installing: /src/LPM/external.protobuf/include/google/protobuf/extension_set_inl.h
#10 157.3 -- Installing: /src/LPM/external.protobuf/include/google/protobuf/field_access_listener.h
#10 157.3 -- Installing: /src/LPM/external.protobuf/include/google/protobuf/field_mask.pb.h
#10 157.3 -- Installing: /src/LPM/external.protobuf/include/google/protobuf/generated_enum_reflection.h
#10 157.3 -- Installing: /src/LPM/external.protobuf/include/google/protobuf/generated_enum_util.h
#10 157.3 -- Installing: /src/LPM/external.protobuf/include/google/protobuf/generated_message_reflection.h
#10 157.3 -- Installing: /src/LPM/external.protobuf/include/google/protobuf/generated_message_table_driven.h
#10 157.3 -- Installing: /src/LPM/external.protobuf/include/google/protobuf/generated_message_tctable_decl.h
#10 157.3 -- Installing: /src/LPM/external.protobuf/include/google/protobuf/generated_message_tctable_impl.h
#10 157.3 -- Installing: /src/LPM/external.protobuf/include/google/protobuf/generated_message_tctable_impl.inc
#10 157.3 -- Installing: /src/LPM/external.protobuf/include/google/protobuf/generated_message_util.h
#10 157.3 -- Installing: /src/LPM/external.protobuf/include/google/protobuf/has_bits.h
#10 157.3 -- Installing: /src/LPM/external.protobuf/include/google/protobuf/implicit_weak_message.h
#10 157.3 -- Installing: /src/LPM/external.protobuf/include/google/protobuf/io/coded_stream.h
#10 157.3 -- Installing: /src/LPM/external.protobuf/include/google/protobuf/io/gzip_stream.h
#10 157.3 -- Installing: /src/LPM/external.protobuf/include/google/protobuf/io/io_win32.h
#10 157.3 -- Installing: /src/LPM/external.protobuf/include/google/protobuf/io/printer.h
#10 157.3 -- Installing: /src/LPM/external.protobuf/include/google/protobuf/io/strtod.h
#10 157.3 -- Installing: /src/LPM/external.protobuf/include/google/protobuf/io/tokenizer.h
#10 157.3 -- Installing: /src/LPM/external.protobuf/include/google/protobuf/io/zero_copy_stream.h
#10 157.3 -- Installing: /src/LPM/external.protobuf/include/google/protobuf/io/zero_copy_stream_impl.h
#10 157.3 -- Installing: /src/LPM/external.protobuf/include/google/protobuf/io/zero_copy_stream_impl_lite.h
#10 157.3 -- Installing: /src/LPM/external.protobuf/include/google/protobuf/map.h
#10 157.3 -- Installing: /src/LPM/external.protobuf/include/google/protobuf/map_entry.h
#10 157.3 -- Installing: /src/LPM/external.protobuf/include/google/protobuf/map_entry_lite.h
#10 157.3 -- Installing: /src/LPM/external.protobuf/include/google/protobuf/map_field.h
#10 157.3 -- Installing: /src/LPM/external.protobuf/include/google/protobuf/map_field_inl.h
#10 157.3 -- Installing: /src/LPM/external.protobuf/include/google/protobuf/map_field_lite.h
#10 157.3 -- Installing: /src/LPM/external.protobuf/include/google/protobuf/map_type_handler.h
#10 157.3 -- Installing: /src/LPM/external.protobuf/include/google/protobuf/message.h
#10 157.3 -- Installing: /src/LPM/external.protobuf/include/google/protobuf/message_lite.h
#10 157.3 -- Installing: /src/LPM/external.protobuf/include/google/protobuf/metadata.h
#10 157.3 -- Installing: /src/LPM/external.protobuf/include/google/protobuf/metadata_lite.h
#10 157.3 -- Installing: /src/LPM/external.protobuf/include/google/protobuf/parse_context.h
#10 157.3 -- Installing: /src/LPM/external.protobuf/include/google/protobuf/port.h
#10 157.3 -- Installing: /src/LPM/external.protobuf/include/google/protobuf/port_def.inc
#10 157.3 -- Installing: /src/LPM/external.protobuf/include/google/protobuf/port_undef.inc
#10 157.3 -- Installing: /src/LPM/external.protobuf/include/google/protobuf/reflection.h
#10 157.3 -- Installing: /src/LPM/external.protobuf/include/google/protobuf/reflection_ops.h
#10 157.3 -- Installing: /src/LPM/external.protobuf/include/google/protobuf/repeated_field.h
#10 157.3 -- Installing: /src/LPM/external.protobuf/include/google/protobuf/service.h
#10 157.3 -- Installing: /src/LPM/external.protobuf/include/google/protobuf/source_context.pb.h
#10 157.3 -- Installing: /src/LPM/external.protobuf/include/google/protobuf/struct.pb.h
#10 157.3 -- Installing: /src/LPM/external.protobuf/include/google/protobuf/stubs/bytestream.h
#10 157.3 -- Installing: /src/LPM/external.protobuf/include/google/protobuf/stubs/callback.h
#10 157.3 -- Installing: /src/LPM/external.protobuf/include/google/protobuf/stubs/casts.h
#10 157.3 -- Installing: /src/LPM/external.protobuf/include/google/protobuf/stubs/common.h
#10 157.3 -- Installing: /src/LPM/external.protobuf/include/google/protobuf/stubs/hash.h
#10 157.3 -- Installing: /src/LPM/external.protobuf/include/google/protobuf/stubs/logging.h
#10 157.3 -- Installing: /src/LPM/external.protobuf/include/google/protobuf/stubs/macros.h
#10 157.3 -- Installing: /src/LPM/external.protobuf/include/google/protobuf/stubs/map_util.h
#10 157.3 -- Installing: /src/LPM/external.protobuf/include/google/protobuf/stubs/mutex.h
#10 157.3 -- Installing: /src/LPM/external.protobuf/include/google/protobuf/stubs/once.h
#10 157.3 -- Installing: /src/LPM/external.protobuf/include/google/protobuf/stubs/platform_macros.h
#10 157.3 -- Installing: /src/LPM/external.protobuf/include/google/protobuf/stubs/port.h
#10 157.3 -- Installing: /src/LPM/external.protobuf/include/google/protobuf/stubs/status.h
#10 157.3 -- Installing: /src/LPM/external.protobuf/include/google/protobuf/stubs/stl_util.h
#10 157.3 -- Installing: /src/LPM/external.protobuf/include/google/protobuf/stubs/stringpiece.h
#10 157.3 -- Installing: /src/LPM/external.protobuf/include/google/protobuf/stubs/strutil.h
#10 157.3 -- Installing: /src/LPM/external.protobuf/include/google/protobuf/stubs/template_util.h
#10 157.3 -- Installing: /src/LPM/external.protobuf/include/google/protobuf/text_format.h
#10 157.3 -- Installing: /src/LPM/external.protobuf/include/google/protobuf/timestamp.pb.h
#10 157.3 -- Installing: /src/LPM/external.protobuf/include/google/protobuf/type.pb.h
#10 157.3 -- Installing: /src/LPM/external.protobuf/include/google/protobuf/unknown_field_set.h
#10 157.3 -- Installing: /src/LPM/external.protobuf/include/google/protobuf/util/delimited_message_util.h
#10 157.3 -- Installing: /src/LPM/external.protobuf/include/google/protobuf/util/field_comparator.h
#10 157.3 -- Installing: /src/LPM/external.protobuf/include/google/protobuf/util/field_mask_util.h
#10 157.3 -- Installing: /src/LPM/external.protobuf/include/google/protobuf/util/json_util.h
#10 157.3 -- Installing: /src/LPM/external.protobuf/include/google/protobuf/util/message_differencer.h
#10 157.3 -- Installing: /src/LPM/external.protobuf/include/google/protobuf/util/time_util.h
#10 157.3 -- Installing: /src/LPM/external.protobuf/include/google/protobuf/util/type_resolver.h
#10 157.3 -- Installing: /src/LPM/external.protobuf/include/google/protobuf/util/type_resolver_util.h
#10 157.3 -- Installing: /src/LPM/external.protobuf/include/google/protobuf/wire_format.h
#10 157.3 -- Installing: /src/LPM/external.protobuf/include/google/protobuf/wire_format_lite.h
#10 157.3 -- Installing: /src/LPM/external.protobuf/include/google/protobuf/wrappers.pb.h
#10 157.3 -- Installing: /src/LPM/external.protobuf/include/google/protobuf/any.proto
#10 157.3 -- Installing: /src/LPM/external.protobuf/include/google/protobuf/api.proto
#10 157.3 -- Installing: /src/LPM/external.protobuf/include/google/protobuf/compiler/plugin.proto
#10 157.3 -- Installing: /src/LPM/external.protobuf/include/google/protobuf/descriptor.proto
#10 157.3 -- Installing: /src/LPM/external.protobuf/include/google/protobuf/duration.proto
#10 157.3 -- Installing: /src/LPM/external.protobuf/include/google/protobuf/empty.proto
#10 157.3 -- Installing: /src/LPM/external.protobuf/include/google/protobuf/field_mask.proto
#10 157.3 -- Installing: /src/LPM/external.protobuf/include/google/protobuf/source_context.proto
#10 157.3 -- Installing: /src/LPM/external.protobuf/include/google/protobuf/struct.proto
#10 157.3 -- Installing: /src/LPM/external.protobuf/include/google/protobuf/timestamp.proto
#10 157.3 -- Installing: /src/LPM/external.protobuf/include/google/protobuf/type.proto
#10 157.3 -- Installing: /src/LPM/external.protobuf/include/google/protobuf/wrappers.proto
#10 157.3 -- Up-to-date: /src/LPM/external.protobuf/include/google/protobuf/descriptor.proto
#10 157.3 -- Up-to-date: /src/LPM/external.protobuf/include/google/protobuf/any.proto
#10 157.3 -- Up-to-date: /src/LPM/external.protobuf/include/google/protobuf/api.proto
#10 157.3 -- Up-to-date: /src/LPM/external.protobuf/include/google/protobuf/duration.proto
#10 157.3 -- Up-to-date: /src/LPM/external.protobuf/include/google/protobuf/empty.proto
#10 157.3 -- Up-to-date: /src/LPM/external.protobuf/include/google/protobuf/field_mask.proto
#10 157.3 -- Up-to-date: /src/LPM/external.protobuf/include/google/protobuf/source_context.proto
#10 157.3 -- Up-to-date: /src/LPM/external.protobuf/include/google/protobuf/struct.proto
#10 157.3 -- Up-to-date: /src/LPM/external.protobuf/include/google/protobuf/timestamp.proto
#10 157.3 -- Up-to-date: /src/LPM/external.protobuf/include/google/protobuf/type.proto
#10 157.3 -- Up-to-date: /src/LPM/external.protobuf/include/google/protobuf/wrappers.proto
#10 157.3 -- Up-to-date: /src/LPM/external.protobuf/include/google/protobuf/compiler/plugin.proto
#10 157.3 -- Installing: /src/LPM/external.protobuf/lib/cmake/protobuf/protobuf-targets.cmake
#10 157.3 -- Installing: /src/LPM/external.protobuf/lib/cmake/protobuf/protobuf-targets-release.cmake
#10 157.3 -- Up-to-date: /src/LPM/external.protobuf/lib/cmake/protobuf
#10 157.3 -- Installing: /src/LPM/external.protobuf/lib/cmake/protobuf/protobuf-config.cmake
#10 157.3 -- Installing: /src/LPM/external.protobuf/lib/cmake/protobuf/protobuf-module.cmake
#10 157.3 -- Installing: /src/LPM/external.protobuf/lib/cmake/protobuf/protobuf-options.cmake
#10 157.3 -- Installing: /src/LPM/external.protobuf/lib/cmake/protobuf/protobuf-config-version.cmake
#10 157.3 [8/16] Completed 'external.protobuf'
#10 158.6 [9/16] Building CXX object src/CMakeFiles/protobuf-mutator.dir/utf8_fix.cc.o
#10 160.7 [10/16] Building CXX object src/libfuzzer/CMakeFiles/protobuf-mutator-libfuzzer.dir/libfuzzer_mutator.cc.o
#10 160.8 [11/16] Building CXX object src/CMakeFiles/protobuf-mutator.dir/text_format.cc.o
#10 161.2 [12/16] Building CXX object src/libfuzzer/CMakeFiles/protobuf-mutator-libfuzzer.dir/libfuzzer_macro.cc.o
#10 161.3 [13/16] Building CXX object src/CMakeFiles/protobuf-mutator.dir/binary_format.cc.o
#10 164.1 [14/16] Building CXX object src/CMakeFiles/protobuf-mutator.dir/mutator.cc.o
#10 164.2 [15/16] Linking CXX static library src/libprotobuf-mutator.a
#10 164.2 [16/16] Linking CXX static library src/libfuzzer/libprotobuf-mutator-libfuzzer.a
#10 DONE 167.8s

#12 [7/7] COPY build.sh /src
#12 sha256:f05803896def724f0a09fbb3b70694e0c111b05048dc0c9bad6a0f90e39e6cf8
#12 DONE 0.1s

#13 exporting to image
#13 sha256:e8c613e07b0b7ff33893b694f7759a10d42e180f2b4dc349fb57dc6b71dcab00
#13 exporting layers done
#13 writing image sha256:cd8caa2104466552804cb8ce21cf59b1ad5e50c4e03e84a489810ea0c106e186
#13 writing image sha256:cd8caa2104466552804cb8ce21cf59b1ad5e50c4e03e84a489810ea0c106e186 done
#13 naming to gcr.io/fuzzbench/builders/benchmark/mruby_mruby done
#13 DONE 0.1s

#14 exporting cache
#14 sha256:2700d4ef94dee473593c5c614b55b2dedcca7893909811a8f2b48291a1f581e4
#14 preparing build cache for export done
#14 DONE 0.0s
------
 > importing cache manifest from gcr.io/fuzzbench/builders/benchmark/mruby_mruby:
------
#1 [internal] load build definition from builder.Dockerfile
#1 sha256:eb624695ca4701861f5c72fc9af5b8749b3b397c74c7338aa9dfaa6aad649a59
#1 transferring dockerfile: 1.35kB done
#1 DONE 0.1s

#2 [internal] load .dockerignore
#2 sha256:8e711eb3b377d6e0386263956dc19a6243c272cfc5a1c316b52a68b62ba3da76
#2 transferring context: 2B done
#2 DONE 0.1s

#3 [internal] load metadata for gcr.io/fuzzbench/builders/benchmark/mruby_mruby:latest
#3 sha256:401d1c5e52735def5d67a9192cd2ec67a9c9c34b9b8167ffa8b5910e37750c65
#3 DONE 0.0s

#5 [1/3] FROM gcr.io/fuzzbench/builders/benchmark/mruby_mruby
#5 sha256:000ebf5a8716551113c159d1c7b9c19599303032e3d40dfe088cf4c5eb34f5f3
#5 DONE 0.0s

#4 importing cache manifest from gcr.io/fuzzbench/builders/afl/mruby_mruby-intermediate
#4 sha256:aa92371f9e7f10284e22d0ba11da53d485179d9dfabacee9c595de598d88b102
#4 ERROR: gcr.io/fuzzbench/builders/afl/mruby_mruby-intermediate:latest: not found

#5 [1/3] FROM gcr.io/fuzzbench/builders/benchmark/mruby_mruby
#5 sha256:000ebf5a8716551113c159d1c7b9c19599303032e3d40dfe088cf4c5eb34f5f3
#5 DONE 0.3s

#6 [2/3] RUN git clone https://github.com/google/AFL.git /afl &&     cd /afl &&     git checkout 61037103ae3722c8060ff7082994836a794f978e &&     AFL_NO_X86=1 make
#6 sha256:d46109bb97c8e06b3fd88736cdbb848e847d5fd1e92ce9517715c775ca517c55
#6 0.343 Cloning into '/afl'...
#6 1.824 Note: switching to '61037103ae3722c8060ff7082994836a794f978e'.
#6 1.824 
#6 1.824 You are in 'detached HEAD' state. You can look around, make experimental
#6 1.824 changes and commit them, and you can discard any commits you make in this
#6 1.824 state without impacting any branches by switching back to a branch.
#6 1.824 
#6 1.824 If you want to create a new branch to retain commits you create, you may
#6 1.824 do so (now or later) by using -c with the switch command. Example:
#6 1.824 
#6 1.824   git switch -c <new-branch-name>
#6 1.824 
#6 1.824 Or undo this operation with:
#6 1.824 
#6 1.824   git switch -
#6 1.824 
#6 1.824 Turn off this advice by setting config variable advice.detachedHead to false
#6 1.824 
#6 1.824 HEAD is now at 6103710 Fix a typo filename comparison in the fuzzer (#139)
#6 1.841 [!] Note: skipping x86 compilation checks (AFL_NO_X86 set).
#6 1.842 clang -O1 -fno-omit-frame-pointer -gline-tables-only -DFUZZING_BUILD_MODE_UNSAFE_FOR_PRODUCTION -Wall -D_FORTIFY_SOURCE=2 -g -Wno-pointer-sign -DAFL_PATH=\"/usr/local/lib/afl\" -DDOC_PATH=\"/usr/local/share/doc/afl\" -DBIN_PATH=\"/usr/local/bin\" afl-gcc.c -o afl-gcc -ldl
#6 2.022 set -e; for i in afl-g++ afl-clang afl-clang++; do ln -sf afl-gcc $i; done
#6 2.026 clang -O1 -fno-omit-frame-pointer -gline-tables-only -DFUZZING_BUILD_MODE_UNSAFE_FOR_PRODUCTION -Wall -D_FORTIFY_SOURCE=2 -g -Wno-pointer-sign -DAFL_PATH=\"/usr/local/lib/afl\" -DDOC_PATH=\"/usr/local/share/doc/afl\" -DBIN_PATH=\"/usr/local/bin\" afl-fuzz.c -o afl-fuzz -ldl
#6 4.395 clang -O1 -fno-omit-frame-pointer -gline-tables-only -DFUZZING_BUILD_MODE_UNSAFE_FOR_PRODUCTION -Wall -D_FORTIFY_SOURCE=2 -g -Wno-pointer-sign -DAFL_PATH=\"/usr/local/lib/afl\" -DDOC_PATH=\"/usr/local/share/doc/afl\" -DBIN_PATH=\"/usr/local/bin\" afl-showmap.c -o afl-showmap -ldl
#6 4.713 clang -O1 -fno-omit-frame-pointer -gline-tables-only -DFUZZING_BUILD_MODE_UNSAFE_FOR_PRODUCTION -Wall -D_FORTIFY_SOURCE=2 -g -Wno-pointer-sign -DAFL_PATH=\"/usr/local/lib/afl\" -DDOC_PATH=\"/usr/local/share/doc/afl\" -DBIN_PATH=\"/usr/local/bin\" afl-tmin.c -o afl-tmin -ldl
#6 5.146 clang -O1 -fno-omit-frame-pointer -gline-tables-only -DFUZZING_BUILD_MODE_UNSAFE_FOR_PRODUCTION -Wall -D_FORTIFY_SOURCE=2 -g -Wno-pointer-sign -DAFL_PATH=\"/usr/local/lib/afl\" -DDOC_PATH=\"/usr/local/share/doc/afl\" -DBIN_PATH=\"/usr/local/bin\" afl-gotcpu.c -o afl-gotcpu -ldl
#6 5.297 clang -O1 -fno-omit-frame-pointer -gline-tables-only -DFUZZING_BUILD_MODE_UNSAFE_FOR_PRODUCTION -Wall -D_FORTIFY_SOURCE=2 -g -Wno-pointer-sign -DAFL_PATH=\"/usr/local/lib/afl\" -DDOC_PATH=\"/usr/local/share/doc/afl\" -DBIN_PATH=\"/usr/local/bin\" afl-analyze.c -o afl-analyze -ldl
#6 5.693 clang -O1 -fno-omit-frame-pointer -gline-tables-only -DFUZZING_BUILD_MODE_UNSAFE_FOR_PRODUCTION -Wall -D_FORTIFY_SOURCE=2 -g -Wno-pointer-sign -DAFL_PATH=\"/usr/local/lib/afl\" -DDOC_PATH=\"/usr/local/share/doc/afl\" -DBIN_PATH=\"/usr/local/bin\" afl-as.c -o afl-as -ldl
#6 5.927 ln -sf afl-as as
#6 5.929 [!] Note: skipping build tests (you may need to use LLVM or QEMU mode).
#6 5.931 [+] LLVM users: see llvm_mode/README.llvm for a faster alternative to afl-gcc.
#6 5.932 [+] All done! Be sure to review README - it's pretty short and useful.
#6 DONE 6.1s

#7 [3/3] RUN apt-get update &&     apt-get install wget -y &&     wget https://raw.githubusercontent.com/llvm/llvm-project/5feb80e748924606531ba28c97fe65145c65372e/compiler-rt/lib/fuzzer/afl/afl_driver.cpp -O /afl/afl_driver.cpp &&     clang -Wno-pointer-sign -c /afl/llvm_mode/afl-llvm-rt.o.c -I/afl &&     clang++ -stdlib=libc++ -std=c++11 -O2 -c /afl/afl_driver.cpp &&     ar r /libAFL.a *.o
#7 sha256:698315c9c9d06a1ea7e04e4ab9e77bbe7559709c39d76a891f67937b8a6fe20a
#7 0.699 Hit:1 http://ppa.launchpad.net/git-core/ppa/ubuntu focal InRelease
#7 0.699 Hit:2 http://archive.ubuntu.com/ubuntu focal InRelease
#7 0.699 Hit:3 http://security.ubuntu.com/ubuntu focal-security InRelease
#7 0.706 Hit:4 http://archive.ubuntu.com/ubuntu focal-updates InRelease
#7 0.729 Hit:5 http://archive.ubuntu.com/ubuntu focal-backports InRelease
#7 1.563 Reading package lists...
#7 3.068 Reading package lists...
#7 4.487 Building dependency tree...
#7 4.698 Reading state information...
#7 4.946 wget is already the newest version (1.20.3-1ubuntu2).
#7 4.946 0 upgraded, 0 newly installed, 0 to remove and 3 not upgraded.
#7 4.951 --2022-02-15 20:28:19--  https://raw.githubusercontent.com/llvm/llvm-project/5feb80e748924606531ba28c97fe65145c65372e/compiler-rt/lib/fuzzer/afl/afl_driver.cpp
#7 4.953 Resolving raw.githubusercontent.com (raw.githubusercontent.com)... 185.199.111.133, 185.199.109.133, 185.199.108.133, ...
#7 4.955 Connecting to raw.githubusercontent.com (raw.githubusercontent.com)|185.199.111.133|:443... connected.
#7 4.982 HTTP request sent, awaiting response... 200 OK
#7 5.172 Length: 9177 (9.0K) [text/plain]
#7 5.172 Saving to: '/afl/afl_driver.cpp'
#7 5.172 
#7 5.172      0K ........                                              100% 7.99M=0.001s
#7 5.173 
#7 5.173 2022-02-15 20:28:19 (7.99 MB/s) - '/afl/afl_driver.cpp' saved [9177/9177]
#7 5.173 
#7 6.881 ar: creating /libAFL.a
#7 DONE 7.0s

#8 exporting to image
#8 sha256:e8c613e07b0b7ff33893b694f7759a10d42e180f2b4dc349fb57dc6b71dcab00
#8 exporting layers done
#8 writing image sha256:334094ba9687adae3587903a0d7a400f0f4e794e3d3e64e8b863afc12b9c38c6
#8 writing image sha256:334094ba9687adae3587903a0d7a400f0f4e794e3d3e64e8b863afc12b9c38c6 done
#8 naming to gcr.io/fuzzbench/builders/afl/mruby_mruby-intermediate done
#8 DONE 0.1s

#9 exporting cache
#9 sha256:2700d4ef94dee473593c5c614b55b2dedcca7893909811a8f2b48291a1f581e4
#9 preparing build cache for export done
#9 DONE 0.0s
------
 > importing cache manifest from gcr.io/fuzzbench/builders/afl/mruby_mruby-intermediate:
------
#1 [internal] load build definition from Dockerfile
#1 sha256:412a03f27c6235818d970bb918a93e2dfc486126d94db414544fec4b362522b9
#1 transferring dockerfile: 2.00kB done
#1 DONE 0.0s

#2 [internal] load .dockerignore
#2 sha256:fd4001b8c66d61313f1bef42ed22aee6503baf2c0ebcdf17d93d8c160f5d4ab3
#2 transferring context: 143B done
#2 DONE 0.0s

#3 [internal] load metadata for docker.io/library/ubuntu:xenial
#3 sha256:f62bae18ed588840f045c881b2502661f2a89578a2f8f99b83f5200ee83dd25b
#3 DONE 0.0s

#8 [internal] load build context
#8 sha256:d197ff7623c84d35308cb9176aa141bdd2700787bfb2352a7c949f6ed742896c
#8 DONE 0.0s

#5 [1/7] FROM docker.io/library/ubuntu:xenial
#5 sha256:14dd403f25ae9e519bd44f27dc17af7ce80f5a4f9f48ca88108364e67ec5d360
#5 DONE 0.0s

#4 importing cache manifest from gcr.io/fuzzbench/base-image
#4 sha256:9b220ebb4d4daceed1b96df9b6dca076e762f1cd612574f010b82d5b9e5ad896
#4 DONE 1.2s

#8 [internal] load build context
#8 sha256:d197ff7623c84d35308cb9176aa141bdd2700787bfb2352a7c949f6ed742896c
#8 transferring context: 559B done
#8 DONE 0.0s

#7 [3/7] RUN cd /tmp/ &&     curl -O https://www.python.org/ftp/python/3.8.6/Python-3.8.6.tar.xz &&     tar -xvf Python-3.8.6.tar.xz &&     cd Python-3.8.6 &&     ./configure --enable-loadable-sqlite-extensions --enable-optimizations &&     make -j install &&     rm -r /tmp/Python-3.8.6.tar.xz /tmp/Python-3.8.6
#7 sha256:c5b9d1fb3371e84dbc60b76e7b2f8d5913bc93bcd4910ab65daa03e7b2ec4bb0
#7 CACHED

#9 [4/7] COPY ./requirements.txt /
#9 sha256:7cc61580fd2d0e680464464b5c1aa4fd8d13d12768e8aa193447ef62b12a58ee
#9 CACHED

#10 [5/7] RUN pip3 install -r /requirements.txt
#10 sha256:61c805496b08d95373d2612cf2e841c8ab851345611dfafe1b1766c5f3b01f4a
#10 CACHED

#11 [6/7] RUN apt-get update -y && apt-get install -y     apt-transport-https     lsb-release
#11 sha256:701f8bdc24e1635e63d9a510cec10511ca8ebad1ca756788e5d872b82954a342
#11 CACHED

#6 [2/7] RUN apt-get update -y && apt-get install -y     build-essential     rsync     curl     zlib1g-dev     libncurses5-dev     libgdbm-dev     libnss3-dev     libssl-dev     libreadline-dev     libffi-dev     virtualenv     libbz2-dev     liblzma-dev     libsqlite3-dev
#6 sha256:3a1b0960f17eed529eaae93dc8fd3554f2743dd584d8fa569cdbe6bc734371ac
#6 CACHED

#12 [7/7] RUN CLOUD_SDK_REPO="cloud-sdk-$(lsb_release -c -s)" &&     echo "deb https://packages.cloud.google.com/apt $CLOUD_SDK_REPO main"     | tee -a /etc/apt/sources.list.d/google-cloud-sdk.list &&     curl https://packages.cloud.google.com/apt/doc/apt-key.gpg     | apt-key add - &&     apt-get update -y &&     apt-get install -y google-cloud-sdk
#12 sha256:c662d6455481022f23c053d9278c4cfc0bf883aa06ae72fea938ec34c9e9c878
#12 pulling sha256:d43d788a5b78dedfd0ad07fa73d8c663ff6efa4ca58aadc9b92c9ba3c7df2a63
#12 pulling sha256:079eee7db5531b9a5e7c1e2047957c85fcb376fc73165a5a5f5c4375d4220b9e
#12 pulling sha256:05677669dc3f390476cb4983e47151c636b02078ccbe27dce0acd814c0e2b8ad
#12 pulling sha256:05677669dc3f390476cb4983e47151c636b02078ccbe27dce0acd814c0e2b8ad 0.7s done
#12 pulling sha256:2cc0a9c24837831360554b6da1e30789d2ee19f040517d06cf00a06ecd73c9db
#12 pulling sha256:d43d788a5b78dedfd0ad07fa73d8c663ff6efa4ca58aadc9b92c9ba3c7df2a63 17.3s done
#12 pulling sha256:f9366d4a8ad781c152ba162aa89f63cc03a74abf81bee62621ac3c4608e04c92
#12 pulling sha256:f9366d4a8ad781c152ba162aa89f63cc03a74abf81bee62621ac3c4608e04c92 0.7s done
#12 pulling sha256:ef362f505b7ef9e884e339f581bac4199d6c22b6826831e29f01dcf69099ca6b
#12 pulling sha256:079eee7db5531b9a5e7c1e2047957c85fcb376fc73165a5a5f5c4375d4220b9e 24.9s done
#12 pulling sha256:ef362f505b7ef9e884e339f581bac4199d6c22b6826831e29f01dcf69099ca6b 39.3s done
/bin/sh: 1: source: not found
#2 [internal] load .dockerignore
#2 sha256:aa2531c8fd0b3e1490d8fcf8f70f6261db93ab874b1565d2c80f69af079dba59
#2 transferring context:
#2 transferring context: 2B done
#2 DONE 0.7s

#1 [internal] load build definition from Dockerfile
#1 sha256:6d64e699346236cf5d35917f2b1b3a9adbdb2ce3bd1499560b4fd952ee93783a
#1 transferring dockerfile: 32B done
#1 DONE 0.8s

#3 [internal] load metadata for gcr.io/oss-fuzz-base/base-builder:latest
#3 sha256:f10dc39cc9d418a5bc416dead31a1902b6821fdae909cd3b08f7a3fd1faba7b5
#3 DONE 0.5s

#5 [1/7] FROM gcr.io/oss-fuzz-base/base-builder@sha256:f4e5ea12494fab091c5d830cf803b3421f2860f729b9d1b07da44924396cf8cf
#5 sha256:ef290950573a2779ee526af357b28fbddfc20d7409aa51f58f777c9e972cba29
#5 DONE 0.0s

#4 importing cache manifest from gcr.io/fuzzbench/builders/benchmark/mruby_mruby
#4 sha256:aec395d8c5f6b023c216d3482f7296e590a21ac6899988122844ee3a8e099c14
#4 DONE 0.0s

#11 [internal] load build context
#11 sha256:7f6bcf2367fce966c067b694a71cdac6b7d7436deb412dacef2d91ef6055a209
#11 transferring context: 30B done
#11 DONE 0.4s

#6 [2/7] RUN apt-get update && apt-get install -y build-essential ruby bison ninja-build     cmake zlib1g-dev libbz2-dev liblzma-dev
#6 sha256:1646b94c27c63ded92b25499e343d2be6946047da7bbb74ab940f74e450d28a4
#6 CACHED

#7 [3/7] RUN git clone --depth 1 https://github.com/mruby/mruby mruby
#7 sha256:b21e9b851baf22e59f55aebe5cf4bb74dc83ef41f76423230763b864c20dc50e
#7 CACHED

#8 [4/7] RUN git clone --depth 1 https://github.com/bshastry/mruby_seeds.git mruby_seeds
#8 sha256:71d8ca23687979448d0255ecf230cfbff7539c913dc99b7e515d56b32e2c1b08
#8 CACHED

#9 [5/7] RUN git clone --depth 1 https://github.com/google/libprotobuf-mutator.git
#9 sha256:daa93fa0e2cc5c2e2886c590b6a2cd5ecbd9bc14e8349e2fd6d846a37911652d
#9 CACHED

#10 [6/7] RUN mkdir LPM;   cd LPM;   cmake /src/libprotobuf-mutator -GNinja -DLIB_PROTO_MUTATOR_DOWNLOAD_PROTOBUF=ON -DLIB_PROTO_MUTATOR_TESTING=OFF -DCMAKE_BUILD_TYPE=Release;   ninja;
#10 sha256:eb53f8542a780e4ea176e61ced361233f69235f57b4dec8df7914b192454b9dd
#10 CACHED

#12 [7/7] COPY build.sh /src
#12 sha256:9889aee6603448d0ac7642212ee276ca2f1f762e27e2de0677c1df9d0dd3689e
#12 CACHED

#13 exporting to image
#13 sha256:e8c613e07b0b7ff33893b694f7759a10d42e180f2b4dc349fb57dc6b71dcab00
#13 exporting layers done
#13 writing image sha256:cd8caa2104466552804cb8ce21cf59b1ad5e50c4e03e84a489810ea0c106e186
#13 writing image sha256:cd8caa2104466552804cb8ce21cf59b1ad5e50c4e03e84a489810ea0c106e186 done
#13 naming to gcr.io/fuzzbench/builders/benchmark/mruby_mruby done
#13 DONE 0.3s

#14 exporting cache
#14 sha256:2700d4ef94dee473593c5c614b55b2dedcca7893909811a8f2b48291a1f581e4
#14 preparing build cache for export done
#14 DONE 0.0s
#2 [internal] load .dockerignore
#2 sha256:06ac9ca2b7e5668eb4fb1d06f93f6bc08041283e110943a115d008e32e60da8a
#2 transferring context: 2B done
#2 ...

#1 [internal] load build definition from builder.Dockerfile
#1 sha256:67934b13377ede97f40c9794f75baa4cdf99c36d2eada271d0ee077fdbebec87
#1 transferring dockerfile: 46B done
#1 DONE 0.2s

#2 [internal] load .dockerignore
#2 sha256:06ac9ca2b7e5668eb4fb1d06f93f6bc08041283e110943a115d008e32e60da8a
#2 DONE 0.3s

#3 [internal] load metadata for gcr.io/fuzzbench/builders/benchmark/mruby_mruby:latest
#3 sha256:401d1c5e52735def5d67a9192cd2ec67a9c9c34b9b8167ffa8b5910e37750c65
#3 DONE 0.0s

#4 importing cache manifest from gcr.io/fuzzbench/builders/afl/mruby_mruby-intermediate
#4 sha256:aa92371f9e7f10284e22d0ba11da53d485179d9dfabacee9c595de598d88b102
#4 DONE 0.0s

#5 [1/3] FROM gcr.io/fuzzbench/builders/benchmark/mruby_mruby
#5 sha256:000ebf5a8716551113c159d1c7b9c19599303032e3d40dfe088cf4c5eb34f5f3
#5 DONE 0.0s

#6 [2/3] RUN git clone https://github.com/google/AFL.git /afl &&     cd /afl &&     git checkout 61037103ae3722c8060ff7082994836a794f978e &&     AFL_NO_X86=1 make
#6 sha256:d46109bb97c8e06b3fd88736cdbb848e847d5fd1e92ce9517715c775ca517c55
#6 CACHED

#7 [3/3] RUN apt-get update &&     apt-get install wget -y &&     wget https://raw.githubusercontent.com/llvm/llvm-project/5feb80e748924606531ba28c97fe65145c65372e/compiler-rt/lib/fuzzer/afl/afl_driver.cpp -O /afl/afl_driver.cpp &&     clang -Wno-pointer-sign -c /afl/llvm_mode/afl-llvm-rt.o.c -I/afl &&     clang++ -stdlib=libc++ -std=c++11 -O2 -c /afl/afl_driver.cpp &&     ar r /libAFL.a *.o
#7 sha256:698315c9c9d06a1ea7e04e4ab9e77bbe7559709c39d76a891f67937b8a6fe20a
#7 CACHED

#8 exporting to image
#8 sha256:e8c613e07b0b7ff33893b694f7759a10d42e180f2b4dc349fb57dc6b71dcab00
#8 exporting layers done
#8 writing image sha256:334094ba9687adae3587903a0d7a400f0f4e794e3d3e64e8b863afc12b9c38c6 done
#8 naming to gcr.io/fuzzbench/builders/afl/mruby_mruby-intermediate done
#8 DONE 0.4s

#9 exporting cache
#9 sha256:2700d4ef94dee473593c5c614b55b2dedcca7893909811a8f2b48291a1f581e4
#9 preparing build cache for export done
#9 DONE 0.0s
#12 pulling sha256:2cc0a9c24837831360554b6da1e30789d2ee19f040517d06cf00a06ecd73c9db 84.4s done
#1 [internal] load build definition from Dockerfile
#1 sha256:8209b3e7e9fd8227883c142646433c8dc0aec3e2fc36249669d139e567a7b692
#1 transferring dockerfile: 2.00kB done
#1 DONE 0.2s

#2 [internal] load .dockerignore
#2 sha256:b512e4f4e315dce041e3083dc3a50eed010442d5c020a76acdc5a175bc9b880c
#2 transferring context: 143B done
#2 DONE 0.3s

#3 [internal] load metadata for docker.io/library/ubuntu:xenial
#3 sha256:f62bae18ed588840f045c881b2502661f2a89578a2f8f99b83f5200ee83dd25b
#3 DONE 0.0s

#5 [1/7] FROM docker.io/library/ubuntu:xenial
#5 sha256:14dd403f25ae9e519bd44f27dc17af7ce80f5a4f9f48ca88108364e67ec5d360
#5 DONE 0.0s

#8 [internal] load build context
#8 sha256:322de145623fed2d2207143ac40681371cbec352a585789fbc8b858b5e4f5168
#8 DONE 0.0s

#4 importing cache manifest from gcr.io/fuzzbench/base-image
#4 sha256:9b220ebb4d4daceed1b96df9b6dca076e762f1cd612574f010b82d5b9e5ad896
#4 DONE 1.4s

#8 [internal] load build context
#8 sha256:322de145623fed2d2207143ac40681371cbec352a585789fbc8b858b5e4f5168
#8 transferring context: 559B done
#8 DONE 0.1s
#12 CACHED

#13 exporting to image
#13 sha256:e8c613e07b0b7ff33893b694f7759a10d42e180f2b4dc349fb57dc6b71dcab00
#13 exporting layers done
#13 writing image sha256:139540fb22a119f888cb3e5ed6e013e8d868574697f5fb839e5da9e23de73e0a 0.0s done
#13 naming to gcr.io/fuzzbench/base-image done
#13 DONE 0.0s

#14 exporting cache
#14 sha256:2700d4ef94dee473593c5c614b55b2dedcca7893909811a8f2b48291a1f581e4
#14 preparing build cache for export done
#14 DONE 0.0s

#13 exporting to image
#13 sha256:e8c613e07b0b7ff33893b694f7759a10d42e180f2b4dc349fb57dc6b71dcab00
#13 exporting layers done
#13 writing image sha256:139540fb22a119f888cb3e5ed6e013e8d868574697f5fb839e5da9e23de73e0a done
#13 naming to gcr.io/fuzzbench/base-image done
#13 DONE 0.1s

#14 exporting cache
#14 sha256:2700d4ef94dee473593c5c614b55b2dedcca7893909811a8f2b48291a1f581e4
#14 preparing build cache for export done
#14 DONE 0.0s
#1 [internal] load build definition from Dockerfile
#1 sha256:5134300f25334acb27a2dca58672d8c9611bab035084a5a04cd9ab7dbcafb7d4
#1 transferring dockerfile: 2.22kB done
#1 DONE 0.0s

#2 [internal] load .dockerignore
#2 sha256:64029edf47fee6bbadad73b4e02b8cc08bda7a107ec5877c5865aaeff62a43c3
#2 transferring context: 34B done
#2 DONE 0.0s

#4 [internal] load metadata for gcr.io/fuzzbench/base-image:latest
#4 sha256:932022888f650cc455b10eb5123bb08c0cccacac29a693e69314abbfd28a72c3
#1 [internal] load build definition from Dockerfile
#1 sha256:fd31f172f07c38287c36e1c0902df9b1d3d3a8839e61e3d04877bca89e8917d1
#1 transferring dockerfile: 2.22kB done
#4 DONE 0.0s

#3 [internal] load metadata for gcr.io/fuzzbench/builders/afl/mruby_mruby-intermediate:latest
#3 sha256:cbad6349d6339e1d8d61dace86dd80a5917ad78b2f1bf9b46b0be1db0b6d3a3d
#3 DONE 0.0s

#12 [internal] load build context
#12 sha256:edeb57a4c4f7faa828cfd8c8dee13c4e07ac50e9835a902a7d9fca5050f4fdf9
#12 DONE 0.0s

#7 [base-image 1/1] FROM gcr.io/fuzzbench/base-image
#7 sha256:4d07825694520f8b6f6a0d8592dbd345433361ae044cb7f06706c5a95e3daaad
#7 DONE 0.0s

#6 [stage-1  1/13] FROM gcr.io/fuzzbench/builders/afl/mruby_mruby-intermediate
#6 sha256:8c8867a3b193d0798112b897a8ed18a431a55161addb16521e7783b3be068d2b
#6 DONE 0.0s

#5 importing cache manifest from gcr.io/fuzzbench/builders/afl/mruby_mruby
#5 sha256:42043a985b3080eab4a149929d10544993fb8080f9f7c7065629d5adbccaa51d
#1 DONE 0.3s

#2 [internal] load .dockerignore
#2 sha256:0e4bbfa632d9b258a8510cec4c3c35b99d54e7fa4b74de7943c9368635985d35
#2 transferring context: 34B done
#2 DONE 0.3s
#5 ERROR: gcr.io/fuzzbench/builders/afl/mruby_mruby:latest: not found

#4 [internal] load metadata for gcr.io/fuzzbench/base-image:latest
#4 sha256:932022888f650cc455b10eb5123bb08c0cccacac29a693e69314abbfd28a72c3
#4 DONE 0.0s

#3 [internal] load metadata for gcr.io/fuzzbench/builders/afl/mruby_mruby-intermediate:latest
#3 sha256:cbad6349d6339e1d8d61dace86dd80a5917ad78b2f1bf9b46b0be1db0b6d3a3d
#3 DONE 0.0s

#11 [internal] load build context
#11 sha256:d087d083becd9e05f3eb21cc7dee951fa4794174ceb256e89662269ba2764f46
#11 DONE 0.0s

#6 [base-image 1/1] FROM gcr.io/fuzzbench/base-image
#6 sha256:4d07825694520f8b6f6a0d8592dbd345433361ae044cb7f06706c5a95e3daaad
#6 DONE 0.1s

#17 importing cache manifest from gcr.io/fuzzbench/builders/afl/mruby_mruby
#17 sha256:42043a985b3080eab4a149929d10544993fb8080f9f7c7065629d5adbccaa51d

#7 [base-image 1/1] FROM gcr.io/fuzzbench/base-image
#7 sha256:4d07825694520f8b6f6a0d8592dbd345433361ae044cb7f06706c5a95e3daaad
#7 DONE 0.1s

#12 [internal] load build context
#12 sha256:edeb57a4c4f7faa828cfd8c8dee13c4e07ac50e9835a902a7d9fca5050f4fdf9
#12 transferring context: 669.86kB 0.1s done
#12 DONE 0.1s

#6 [stage-1  1/13] FROM gcr.io/fuzzbench/builders/afl/mruby_mruby-intermediate
#6 sha256:8c8867a3b193d0798112b897a8ed18a431a55161addb16521e7783b3be068d2b
#17 ...
#6 DONE 0.2s

#5 [stage-1  1/13] FROM gcr.io/fuzzbench/builders/afl/mruby_mruby-intermediate
#5 sha256:8c8867a3b193d0798112b897a8ed18a431a55161addb16521e7783b3be068d2b
#5 DONE 0.2s

#17 importing cache manifest from gcr.io/fuzzbench/builders/afl/mruby_mruby
#17 sha256:42043a985b3080eab4a149929d10544993fb8080f9f7c7065629d5adbccaa51d
#17 ERROR: gcr.io/fuzzbench/builders/afl/mruby_mruby:latest: not found

#11 [internal] load build context
#11 sha256:d087d083becd9e05f3eb21cc7dee951fa4794174ceb256e89662269ba2764f46
#11 transferring context: 669.86kB 0.1s done
#11 DONE 0.1s

#8 [stage-1  2/13] COPY --from=base-image /usr/local/bin/python3* /usr/local/bin/
#8 sha256:5a8d9498342e2cfd94d12a83c6a75764384683144ec9b48ab9015062aa23a132

#7 [stage-1  2/13] COPY --from=base-image /usr/local/bin/python3* /usr/local/bin/
#7 sha256:5a8d9498342e2cfd94d12a83c6a75764384683144ec9b48ab9015062aa23a132
#7 DONE 0.5s
#8 DONE 0.5s

#9 [stage-1  3/13] COPY --from=base-image /usr/local/lib/python3.8 /usr/local/lib/python3.8
#9 sha256:6c1bae01c36afb2b7f6708cab31e910510ddbf0cb0664248cdfc593dba54e008

#8 [stage-1  3/13] COPY --from=base-image /usr/local/lib/python3.8 /usr/local/lib/python3.8
#8 sha256:6c1bae01c36afb2b7f6708cab31e910510ddbf0cb0664248cdfc593dba54e008
#9 DONE 24.2s

#10 [stage-1  4/13] COPY --from=base-image /usr/local/include/python3.8 /usr/local/include/python3.8
#10 sha256:021451c80e05541dfe9187f700abef9c3e513a000e9b2619d4a002821d0d4c40
#8 DONE 24.2s

#9 [stage-1  4/13] COPY --from=base-image /usr/local/include/python3.8 /usr/local/include/python3.8
#9 sha256:021451c80e05541dfe9187f700abef9c3e513a000e9b2619d4a002821d0d4c40
#10 DONE 0.5s
#9 DONE 0.5s

#10 [stage-1  5/13] COPY --from=base-image /usr/local/lib/python3.8/site-packages /usr/local/lib/python3.8/site-packages
#10 sha256:fc77084d28dd71a7b5e119ef0fc670304817aa7f7056fed9e6ce0188cba2b997

#11 [stage-1  5/13] COPY --from=base-image /usr/local/lib/python3.8/site-packages /usr/local/lib/python3.8/site-packages
#11 sha256:fc77084d28dd71a7b5e119ef0fc670304817aa7f7056fed9e6ce0188cba2b997
#11 DONE 31.1s

#13 [stage-1  6/13] COPY fuzzers /src/fuzzers
#13 sha256:ffc8bba94ad88d30514362968e67c3c72c6d8d50dbee101e9d71dd54dbe081e4
#10 DONE 31.1s
#13 DONE 0.4s

#14 [stage-1  7/13] RUN touch /src/__init__.py
#14 sha256:70579c59656c535eb378fbf3f18b7d99174386eaec4924f81d7ddc218e7e6555
#14 DONE 0.7s

#15 [stage-1  8/13] COPY benchmarks/mruby_mruby/benchmark.yaml /
#15 sha256:715bbb65c6949c1c1d5402025641922efa8db28c987bcd0825f6481b20a53548
#15 DONE 0.2s

#16 [stage-1  9/13] RUN mkdir /opt/fuzzbench/
#16 sha256:6b04de1fedb1176103b8684ef50edf996103e1b87762098c742d3018bf067f04
#16 DONE 0.6s

#17 [stage-1 10/13] COPY docker/benchmark-builder/checkout_commit.py /opt/fuzzbench/
#17 sha256:b06df0d18bf5b7a06b13023c5193849778bb840e016fcdda2c6f2eb2a337199c
#17 DONE 0.2s

#18 [stage-1 11/13] RUN export CHECKOUT_COMMIT=$(cat /benchmark.yaml | tr -d ' ' | grep 'commit:' | cut -d ':' -f2) &&     python3 -u /opt/fuzzbench/checkout_commit.py $CHECKOUT_COMMIT /src
#18 sha256:8a0975c62a1b4748648a083ae62da7bc115845f73d2c08bc5ed2f0bf73a0dd68
#18 0.690 Checking out commit 84faf557
#18 3.044 From https://github.com/google/libprotobuf-mutator
#18 3.044  * [new tag]         v1.0       -> v1.0
#18 3.051 error: pathspec '84faf557' did not match any file(s) known to git
#18 3.578 error: pathspec '84faf557' did not match any file(s) known to git
#18 10.12 From https://github.com/mruby/mruby
#18 10.12  * [new tag]             1.0.0         -> 1.0.0
#18 10.12  * [new tag]             1.1.0         -> 1.1.0
#18 10.12  * [new tag]             1.2.0         -> 1.2.0
#18 10.12  * [new tag]             1.3.0         -> 1.3.0
#18 10.12  * [new tag]             1.4.0         -> 1.4.0
#18 10.13  * [new tag]             1.4.1         -> 1.4.1
#18 10.13  * [new tag]             2.0.0         -> 2.0.0
#18 10.13  * [new tag]             2.0.1         -> 2.0.1
#18 10.13  * [new tag]             2.1.0         -> 2.1.0
#18 10.13  * [new tag]             2.1.0-rc      -> 2.1.0-rc
#18 10.13  * [new tag]             2.1.1         -> 2.1.1
#18 10.13  * [new tag]             2.1.1-rc      -> 2.1.1-rc
#18 10.13  * [new tag]             2.1.1-rc2     -> 2.1.1-rc2
#18 10.13  * [new tag]             2.1.2         -> 2.1.2
#18 10.13  * [new tag]             2.1.2-rc      -> 2.1.2-rc
#18 10.13  * [new tag]             2.1.2-rc2     -> 2.1.2-rc2
#18 10.13  * [new tag]             3.0.0         -> 3.0.0
#18 10.13  * [new tag]             3.0.0-preview -> 3.0.0-preview
#18 10.13  * [new tag]             3.0.0-rc      -> 3.0.0-rc
#18 10.14 error: pathspec '84faf557' did not match any file(s) known to git
#18 10.14 error: pathspec '84faf557' did not match any file(s) known to git
#18 10.15 error: pathspec '84faf557' did not match any file(s) known to git
#18 10.23 error: pathspec '84faf557' did not match any file(s) known to git
#18 10.24 error: pathspec '84faf557' did not match any file(s) known to git
#18 10.26 error: pathspec '84faf557' did not match any file(s) known to git
#18 10.27 error: pathspec '84faf557' did not match any file(s) known to git
#18 10.27 error: pathspec '84faf557' did not match any file(s) known to git
#18 10.28 error: pathspec '84faf557' did not match any file(s) known to git
#18 10.31 Checkout unsuccessful.
#18 DONE 10.7s

#19 [stage-1 12/13] RUN echo "#!/bin/bash\nPYTHONPATH=/src python3 -u -c "from fuzzers import utils; utils.initialize_env(); from fuzzers.afl import fuzzer; fuzzer.build()"" > /usr/bin/fuzzer_build &&     chmod +x /usr/bin/fuzzer_build
#19 sha256:d1327a760379487aed84fe783be98128a40885080f0b775878f7582638d7a164
#19 DONE 1.4s

#20 [stage-1 13/13] RUN echo "Run fuzzer_build to build the target" && if [ -z "$debug_builder" ] ; then fuzzer_build; fi
#20 sha256:749d0c98c60c4411c7a75b2d34e471579dc8449348429e82c2e1b1fe871e2fa3
#20 0.611 Run fuzzer_build to build the target
#20 0.730 FUZZ_TARGET = mruby
#20 0.730 CFLAGS = -DFUZZING_BUILD_MODE_UNSAFE_FOR_PRODUCTION -pthread -Wl,--no-as-needed -Wl,-ldl -Wl,-lm -Wno-unused-command-line-argument -O3
#20 0.730 CXXFLAGS = -DFUZZING_BUILD_MODE_UNSAFE_FOR_PRODUCTION -pthread -Wl,--no-as-needed -Wl,-ldl -Wl,-lm -Wno-unused-command-line-argument -stdlib=libc++ -O3
#20 0.736 Building benchmark mruby_mruby with fuzzer afl
#20 0.739 + cd /src/mruby
#20 0.739 + export LD=clang
#20 0.739 + LD=clang
#20 0.740 + export 'LDFLAGS=-DFUZZING_BUILD_MODE_UNSAFE_FOR_PRODUCTION -pthread -Wl,--no-as-needed -Wl,-ldl -Wl,-lm -Wno-unused-command-line-argument -O3 -fsanitize-coverage=trace-pc-guard'
#20 0.740 + LDFLAGS='-DFUZZING_BUILD_MODE_UNSAFE_FOR_PRODUCTION -pthread -Wl,--no-as-needed -Wl,-ldl -Wl,-lm -Wno-unused-command-line-argument -O3 -fsanitize-coverage=trace-pc-guard'
#20 0.740 ++ nproc
#20 0.741 + make clean all -j8
#20 0.744 rake clean
#20 0.744 rake
#20 1.123 CPP   src/load.c -> build/host/src/load.pi
#20 1.129 Cleaned up target build folder
#20 1.165 CPP   src/pool.c -> build/host/src/pool.pi
#20 1.206 CPP   src/hash.c -> build/host/src/hash.pi
#20 1.250 CPP   src/readflt.c -> build/host/src/readflt.pi
#20 1.290 CPP   src/fmt_fp.c -> build/host/src/fmt_fp.pi
#20 1.330 CPP   src/array.c -> build/host/src/array.pi
#20 1.377 CPP   src/init.c -> build/host/src/init.pi
#20 1.415 CPP   src/vm.c -> build/host/src/vm.pi
#20 1.477 CPP   src/cdump.c -> build/host/src/cdump.pi
#20 1.517 CPP   src/range.c -> build/host/src/range.pi
#20 1.555 CPP   src/string.c -> build/host/src/string.pi
#20 1.607 CPP   src/class.c -> build/host/src/class.pi
#20 1.654 CPP   src/gc.c -> build/host/src/gc.pi
#20 1.699 CPP   src/enum.c -> build/host/src/enum.pi
#20 1.745 CPP   src/backtrace.c -> build/host/src/backtrace.pi
#20 1.786 CPP   src/print.c -> build/host/src/print.pi
#20 1.825 CPP   src/debug.c -> build/host/src/debug.pi
#20 1.865 CPP   src/readint.c -> build/host/src/readint.pi
#20 1.902 CPP   src/compar.c -> build/host/src/compar.pi
#20 1.939 CPP   src/dump.c -> build/host/src/dump.pi
#20 1.978 CPP   src/kernel.c -> build/host/src/kernel.pi
#20 2.020 CPP   src/state.c -> build/host/src/state.pi
#20 2.072 CPP   src/version.c -> build/host/src/version.pi
#20 2.109 CPP   src/object.c -> build/host/src/object.pi
#20 2.151 CPP   src/symbol.c -> build/host/src/symbol.pi
#20 2.194 CPP   src/variable.c -> build/host/src/variable.pi
#20 2.235 CPP   src/numeric.c -> build/host/src/numeric.pi
#20 2.278 CPP   src/codedump.c -> build/host/src/codedump.pi
#20 2.326 CPP   src/proc.c -> build/host/src/proc.pi
#20 2.364 CPP   src/etc.c -> build/host/src/etc.pi
#20 2.402 CPP   src/error.c -> build/host/src/error.pi
#20 2.448 CPP   mrbgems/mruby-compiler/core/codegen.c -> build/host/mrbgems/mruby-compiler/core/codegen.pi
#20 2.504 CPP   mrbgems/mruby-compiler/core/y.tab.c -> build/host/mrbgems/mruby-compiler/core/y.tab.pi
#20 2.577 CC    mrbgems/mruby-bin-mrbc/tools/mrbc/mrbc.c -> build/host/mrbc/mrbgems/mruby-bin-mrbc/tools/mrbc/mrbc.o
#20 2.752 CC    src/load.c -> build/host/mrbc/src/load.o
#20 3.064 CC    src/pool.c -> build/host/mrbc/src/pool.o
#20 3.172 CC    src/hash.c -> build/host/mrbc/src/hash.o
#20 3.744 CC    src/readflt.c -> build/host/mrbc/src/readflt.o
#20 3.846 CC    src/fmt_fp.c -> build/host/mrbc/src/fmt_fp.o
#20 4.011 CC    src/array.c -> build/host/mrbc/src/array.o
#20 5.119 CC    src/init.c -> build/host/mrbc/src/init.o
#20 5.191 CC    src/vm.c -> build/host/mrbc/src/vm.o
#20 9.617 CC    src/cdump.c -> build/host/mrbc/src/cdump.o
#20 9.888 CC    src/range.c -> build/host/mrbc/src/range.o
#20 10.10 CC    src/string.c -> build/host/mrbc/src/string.o
#20 11.14 CC    src/class.c -> build/host/mrbc/src/class.o
#20 12.38 CC    src/gc.c -> build/host/mrbc/src/gc.o
#20 12.95 CC    src/enum.c -> build/host/mrbc/src/enum.o
#20 13.03 CC    src/backtrace.c -> build/host/mrbc/src/backtrace.o
#20 13.20 CC    src/print.c -> build/host/mrbc/src/print.o
#20 13.30 CC    src/debug.c -> build/host/mrbc/src/debug.o
#20 13.46 CC    src/readint.c -> build/host/mrbc/src/readint.o
#20 13.55 CC    src/compar.c -> build/host/mrbc/src/compar.o
#20 13.62 CC    src/dump.c -> build/host/mrbc/src/dump.o
#20 13.94 CC    src/kernel.c -> build/host/mrbc/src/kernel.o
#20 14.14 CC    src/state.c -> build/host/mrbc/src/state.o
#20 14.28 CC    src/version.c -> build/host/mrbc/src/version.o
#20 14.35 CC    src/object.c -> build/host/mrbc/src/object.o
#20 14.56 CC    src/symbol.c -> build/host/mrbc/src/symbol.o
#20 14.81 CC    src/variable.c -> build/host/mrbc/src/variable.o
#20 15.49 CC    src/numeric.c -> build/host/mrbc/src/numeric.o
#20 16.00 CC    src/codedump.c -> build/host/mrbc/src/codedump.o
#20 16.98 CC    src/proc.c -> build/host/mrbc/src/proc.o
#20 17.21 CC    src/etc.c -> build/host/mrbc/src/etc.o
#20 17.33 CC    src/error.c -> build/host/mrbc/src/error.o
#20 17.61 CC    mrbgems/mruby-compiler/core/codegen.c -> build/host/mrbc/mrbgems/mruby-compiler/core/codegen.o
#20 19.90 CC    mrbgems/mruby-compiler/core/y.tab.c -> build/host/mrbc/mrbgems/mruby-compiler/core/y.tab.o
#20 23.13 AR    build/host/mrbc/lib/libmruby_core.a 
#20 23.14 ar: creating /src/mruby/build/host/mrbc/lib/libmruby_core.a
#20 23.17 LD    build/host/mrbc/bin/mrbc 
#20 23.34 GEN   mrblib/*.rb -> build/host/mrblib/mrblib.c
#20 23.34       MRBC mrblib/00class.rb 
#20 23.34            mrblib/10error.rb 
#20 23.34            mrblib/array.rb 
#20 23.34            mrblib/compar.rb 
#20 23.34            mrblib/enum.rb 
#20 23.34            mrblib/hash.rb 
#20 23.34            mrblib/kernel.rb 
#20 23.34            mrblib/numeric.rb 
#20 23.34            mrblib/range.rb 
#20 23.34            mrblib/string.rb 
#20 23.34            mrblib/symbol.rb 
#20 23.36 CPP   build/host/mrblib/mrblib.c -> build/host/mrblib/mrblib.pi
#20 23.42 GEN   build/host/mrbgems/mruby-compar-ext/gem_init.c 
#20 23.42       MRBC mrbgems/mruby-compar-ext/mrblib/compar.rb 
#20 23.42 CPP   build/host/mrbgems/mruby-compar-ext/gem_init.c -> build/host/mrbgems/mruby-compar-ext/gem_init.pi
#20 23.46 GEN   build/host/mrbgems/mruby-enum-ext/gem_init.c 
#20 23.46       MRBC mrbgems/mruby-enum-ext/mrblib/enum.rb 
#20 23.47 CPP   build/host/mrbgems/mruby-enum-ext/gem_init.c -> build/host/mrbgems/mruby-enum-ext/gem_init.pi
#20 23.52 CPP   mrbgems/mruby-string-ext/src/string.c -> build/host/mrbgems/mruby-string-ext/src/string.pi
#20 23.56 GEN   build/host/mrbgems/mruby-string-ext/gem_init.c 
#20 23.56       MRBC mrbgems/mruby-string-ext/mrblib/string.rb 
#20 23.58 CPP   build/host/mrbgems/mruby-string-ext/gem_init.c -> build/host/mrbgems/mruby-string-ext/gem_init.pi
#20 23.62 CPP   mrbgems/mruby-numeric-ext/src/numeric_ext.c -> build/host/mrbgems/mruby-numeric-ext/src/numeric_ext.pi
#20 23.66 GEN   build/host/mrbgems/mruby-numeric-ext/gem_init.c 
#20 23.66       MRBC mrbgems/mruby-numeric-ext/mrblib/numeric_ext.rb 
#20 23.67 CPP   build/host/mrbgems/mruby-numeric-ext/gem_init.c -> build/host/mrbgems/mruby-numeric-ext/gem_init.pi
#20 23.71 CPP   mrbgems/mruby-array-ext/src/array.c -> build/host/mrbgems/mruby-array-ext/src/array.pi
#20 23.75 GEN   build/host/mrbgems/mruby-array-ext/gem_init.c 
#20 23.75       MRBC mrbgems/mruby-array-ext/mrblib/array.rb 
#20 23.76 CPP   build/host/mrbgems/mruby-array-ext/gem_init.c -> build/host/mrbgems/mruby-array-ext/gem_init.pi
#20 23.81 CPP   mrbgems/mruby-hash-ext/src/hash-ext.c -> build/host/mrbgems/mruby-hash-ext/src/hash-ext.pi
#20 23.84 GEN   build/host/mrbgems/mruby-hash-ext/gem_init.c 
#20 23.84       MRBC mrbgems/mruby-hash-ext/mrblib/hash.rb 
#20 23.85 CPP   build/host/mrbgems/mruby-hash-ext/gem_init.c -> build/host/mrbgems/mruby-hash-ext/gem_init.pi
#20 23.90 CPP   mrbgems/mruby-range-ext/src/range.c -> build/host/mrbgems/mruby-range-ext/src/range.pi
#20 23.93 GEN   build/host/mrbgems/mruby-range-ext/gem_init.c 
#20 23.93       MRBC mrbgems/mruby-range-ext/mrblib/range.rb 
#20 23.94 CPP   build/host/mrbgems/mruby-range-ext/gem_init.c -> build/host/mrbgems/mruby-range-ext/gem_init.pi
#20 23.99 CPP   mrbgems/mruby-proc-ext/src/proc.c -> build/host/mrbgems/mruby-proc-ext/src/proc.pi
#20 24.03 GEN   build/host/mrbgems/mruby-proc-ext/gem_init.c 
#20 24.03       MRBC mrbgems/mruby-proc-ext/mrblib/proc.rb 
#20 24.04 CPP   build/host/mrbgems/mruby-proc-ext/gem_init.c -> build/host/mrbgems/mruby-proc-ext/gem_init.pi
#20 24.09 CPP   mrbgems/mruby-symbol-ext/src/symbol.c -> build/host/mrbgems/mruby-symbol-ext/src/symbol.pi
#20 24.14 GEN   build/host/mrbgems/mruby-symbol-ext/gem_init.c 
#20 24.14       MRBC mrbgems/mruby-symbol-ext/mrblib/symbol.rb 
#20 24.14 CPP   build/host/mrbgems/mruby-symbol-ext/gem_init.c -> build/host/mrbgems/mruby-symbol-ext/gem_init.pi
#20 24.18 CPP   mrbgems/mruby-object-ext/src/object.c -> build/host/mrbgems/mruby-object-ext/src/object.pi
#20 24.22 GEN   build/host/mrbgems/mruby-object-ext/gem_init.c 
#20 24.22       MRBC mrbgems/mruby-object-ext/mrblib/object.rb 
#20 24.23 CPP   build/host/mrbgems/mruby-object-ext/gem_init.c -> build/host/mrbgems/mruby-object-ext/gem_init.pi
#20 24.27 CPP   mrbgems/mruby-objectspace/src/mruby_objectspace.c -> build/host/mrbgems/mruby-objectspace/src/mruby_objectspace.pi
#20 24.32 GEN   build/host/mrbgems/mruby-objectspace/gem_init.c 
#20 24.32 CPP   build/host/mrbgems/mruby-objectspace/gem_init.c -> build/host/mrbgems/mruby-objectspace/gem_init.pi
#20 24.35 CPP   mrbgems/mruby-fiber/src/fiber.c -> build/host/mrbgems/mruby-fiber/src/fiber.pi
#20 24.39 GEN   build/host/mrbgems/mruby-fiber/gem_init.c 
#20 24.39 CPP   build/host/mrbgems/mruby-fiber/gem_init.c -> build/host/mrbgems/mruby-fiber/gem_init.pi
#20 24.43 GEN   build/host/mrbgems/mruby-enumerator/gem_init.c 
#20 24.43       MRBC mrbgems/mruby-enumerator/mrblib/enumerator.rb 
#20 24.44 CPP   build/host/mrbgems/mruby-enumerator/gem_init.c -> build/host/mrbgems/mruby-enumerator/gem_init.pi
#20 24.48 GEN   build/host/mrbgems/mruby-enum-lazy/gem_init.c 
#20 24.48       MRBC mrbgems/mruby-enum-lazy/mrblib/lazy.rb 
#20 24.49 CPP   build/host/mrbgems/mruby-enum-lazy/gem_init.c -> build/host/mrbgems/mruby-enum-lazy/gem_init.pi
#20 24.54 GEN   build/host/mrbgems/mruby-toplevel-ext/gem_init.c 
#20 24.54       MRBC mrbgems/mruby-toplevel-ext/mrblib/toplevel.rb 
#20 24.55 CPP   build/host/mrbgems/mruby-toplevel-ext/gem_init.c -> build/host/mrbgems/mruby-toplevel-ext/gem_init.pi
#20 24.59 CPP   mrbgems/mruby-kernel-ext/src/kernel.c -> build/host/mrbgems/mruby-kernel-ext/src/kernel.pi
#20 24.63 GEN   build/host/mrbgems/mruby-kernel-ext/gem_init.c 
#20 24.63 CPP   build/host/mrbgems/mruby-kernel-ext/gem_init.c -> build/host/mrbgems/mruby-kernel-ext/gem_init.pi
#20 24.67 CPP   mrbgems/mruby-class-ext/src/class.c -> build/host/mrbgems/mruby-class-ext/src/class.pi
#20 24.71 GEN   build/host/mrbgems/mruby-class-ext/gem_init.c 
#20 24.71       MRBC mrbgems/mruby-class-ext/mrblib/module.rb 
#20 24.72 CPP   build/host/mrbgems/mruby-class-ext/gem_init.c -> build/host/mrbgems/mruby-class-ext/gem_init.pi
#20 24.76 CPP   mrbgems/mruby-errno/src/errno.c -> build/host/mrbgems/mruby-errno/src/errno.pi
#20 24.81 GEN   build/host/mrbgems/mruby-errno/gem_init.c 
#20 24.81 CPP   build/host/mrbgems/mruby-errno/gem_init.c -> build/host/mrbgems/mruby-errno/gem_init.pi
#20 24.85 CPP   mrbgems/mruby-pack/src/pack.c -> build/host/mrbgems/mruby-pack/src/pack.pi
#20 24.89 GEN   build/host/mrbgems/mruby-pack/gem_init.c 
#20 24.89 CPP   build/host/mrbgems/mruby-pack/gem_init.c -> build/host/mrbgems/mruby-pack/gem_init.pi
#20 24.93 CPP   mrbgems/mruby-sprintf/src/sprintf.c -> build/host/mrbgems/mruby-sprintf/src/sprintf.pi
#20 24.97 GEN   build/host/mrbgems/mruby-sprintf/gem_init.c 
#20 24.97       MRBC mrbgems/mruby-sprintf/mrblib/string.rb 
#20 24.98 CPP   build/host/mrbgems/mruby-sprintf/gem_init.c -> build/host/mrbgems/mruby-sprintf/gem_init.pi
#20 25.02 CPP   mrbgems/mruby-time/src/time.c -> build/host/mrbgems/mruby-time/src/time.pi
#20 25.06 GEN   build/host/mrbgems/mruby-time/gem_init.c 
#20 25.06       MRBC mrbgems/mruby-time/mrblib/time.rb 
#20 25.07 CPP   build/host/mrbgems/mruby-time/gem_init.c -> build/host/mrbgems/mruby-time/gem_init.pi
#20 25.11 CPP   mrbgems/mruby-struct/src/struct.c -> build/host/mrbgems/mruby-struct/src/struct.pi
#20 25.16 GEN   build/host/mrbgems/mruby-struct/gem_init.c 
#20 25.16       MRBC mrbgems/mruby-struct/mrblib/struct.rb 
#20 25.17 CPP   build/host/mrbgems/mruby-struct/gem_init.c -> build/host/mrbgems/mruby-struct/gem_init.pi
#20 25.22 CPP   mrbgems/mruby-random/src/random.c -> build/host/mrbgems/mruby-random/src/random.pi
#20 25.26 GEN   build/host/mrbgems/mruby-random/gem_init.c 
#20 25.26 CPP   build/host/mrbgems/mruby-random/gem_init.c -> build/host/mrbgems/mruby-random/gem_init.pi
#20 25.30 CPP   mrbgems/mruby-io/src/mruby_io_gem.c -> build/host/mrbgems/mruby-io/src/mruby_io_gem.pi
#20 25.33 CPP   mrbgems/mruby-io/src/io.c -> build/host/mrbgems/mruby-io/src/io.pi
#20 25.39 CPP   mrbgems/mruby-io/src/file.c -> build/host/mrbgems/mruby-io/src/file.pi
#20 25.44 CPP   mrbgems/mruby-io/src/file_test.c -> build/host/mrbgems/mruby-io/src/file_test.pi
#20 25.49 GEN   build/host/mrbgems/mruby-io/gem_init.c 
#20 25.49       MRBC mrbgems/mruby-io/mrblib/file.rb 
#20 25.49            mrbgems/mruby-io/mrblib/file_constants.rb 
#20 25.49            mrbgems/mruby-io/mrblib/io.rb 
#20 25.49            mrbgems/mruby-io/mrblib/kernel.rb 
#20 25.51 CPP   build/host/mrbgems/mruby-io/gem_init.c -> build/host/mrbgems/mruby-io/gem_init.pi
#20 25.56 CPP   mrbgems/mruby-socket/src/socket.c -> build/host/mrbgems/mruby-socket/src/socket.pi
#20 25.62 GEN   build/host/mrbgems/mruby-socket/gem_init.c 
#20 25.62       MRBC mrbgems/mruby-socket/mrblib/socket.rb 
#20 25.63 CPP   build/host/mrbgems/mruby-socket/gem_init.c -> build/host/mrbgems/mruby-socket/gem_init.pi
#20 25.68 CPP   mrbgems/mruby-print/src/print.c -> build/host/mrbgems/mruby-print/src/print.pi
#20 25.72 GEN   build/host/mrbgems/mruby-print/gem_init.c 
#20 25.72       MRBC mrbgems/mruby-print/mrblib/print.rb 
#20 25.73 CPP   build/host/mrbgems/mruby-print/gem_init.c -> build/host/mrbgems/mruby-print/gem_init.pi
#20 25.77 CPP   mrbgems/mruby-math/src/math.c -> build/host/mrbgems/mruby-math/src/math.pi
#20 25.81 GEN   build/host/mrbgems/mruby-math/gem_init.c 
#20 25.81 CPP   build/host/mrbgems/mruby-math/gem_init.c -> build/host/mrbgems/mruby-math/gem_init.pi
#20 25.84 CPP   mrbgems/mruby-rational/src/rational.c -> build/host/mrbgems/mruby-rational/src/rational.pi
#20 25.88 GEN   build/host/mrbgems/mruby-rational/gem_init.c 
#20 25.88       MRBC mrbgems/mruby-rational/mrblib/rational.rb 
#20 25.89 CPP   build/host/mrbgems/mruby-rational/gem_init.c -> build/host/mrbgems/mruby-rational/gem_init.pi
#20 25.93 CPP   mrbgems/mruby-complex/src/complex.c -> build/host/mrbgems/mruby-complex/src/complex.pi
#20 25.96 GEN   build/host/mrbgems/mruby-complex/gem_init.c 
#20 25.96       MRBC mrbgems/mruby-complex/mrblib/complex.rb 
#20 25.97 CPP   build/host/mrbgems/mruby-complex/gem_init.c -> build/host/mrbgems/mruby-complex/gem_init.pi
#20 26.02 CPP   mrbgems/mruby-metaprog/src/metaprog.c -> build/host/mrbgems/mruby-metaprog/src/metaprog.pi
#20 26.06 GEN   build/host/mrbgems/mruby-metaprog/gem_init.c 
#20 26.06 CPP   build/host/mrbgems/mruby-metaprog/gem_init.c -> build/host/mrbgems/mruby-metaprog/gem_init.pi
#20 26.10 CPP   mrbgems/mruby-method/src/method.c -> build/host/mrbgems/mruby-method/src/method.pi
#20 26.14 GEN   build/host/mrbgems/mruby-method/gem_init.c 
#20 26.14       MRBC mrbgems/mruby-method/mrblib/kernel.rb 
#20 26.14            mrbgems/mruby-method/mrblib/method.rb 
#20 26.15 CPP   build/host/mrbgems/mruby-method/gem_init.c -> build/host/mrbgems/mruby-method/gem_init.pi
#20 26.19 CPP   mrbgems/mruby-eval/src/eval.c -> build/host/mrbgems/mruby-eval/src/eval.pi
#20 26.23 GEN   build/host/mrbgems/mruby-eval/gem_init.c 
#20 26.23 CPP   build/host/mrbgems/mruby-eval/gem_init.c -> build/host/mrbgems/mruby-eval/gem_init.pi
#20 26.27 CPP   build/host/mrbgems/gem_init.c -> build/host/mrbgems/gem_init.pi
#20 26.30 CPP   mrbgems/mruby-bin-mrbc/tools/mrbc/mrbc.c -> build/host/mrbgems/mruby-bin-mrbc/tools/mrbc/mrbc.pi
#20 26.35 CPP   mrbgems/mruby-bin-mirb/tools/mirb/mirb.c -> build/host/mrbgems/mruby-bin-mirb/tools/mirb/mirb.pi
#20 26.39 CPP   mrbgems/mruby-bin-mruby/tools/mruby/mruby.c -> build/host/mrbgems/mruby-bin-mruby/tools/mruby/mruby.pi
#20 26.43 CPP   mrbgems/mruby-bin-strip/tools/mruby-strip/mruby-strip.c -> build/host/mrbgems/mruby-bin-strip/tools/mruby-strip/mruby-strip.pi
#20 26.57 GEN   build/host/presym 
#20 26.57 GEN   build/host/include/mruby/presym/id.h 
#20 26.57 GEN   build/host/include/mruby/presym/table.h 
#20 26.57 CC    src/load.c -> build/host/src/load.o
#20 26.90 CC    src/pool.c -> build/host/src/pool.o
#20 27.01 CC    src/hash.c -> build/host/src/hash.o
#20 27.59 CC    src/readflt.c -> build/host/src/readflt.o
#20 27.69 CC    src/fmt_fp.c -> build/host/src/fmt_fp.o
#20 27.84 CC    src/array.c -> build/host/src/array.o
#20 28.95 CC    src/init.c -> build/host/src/init.o
#20 29.02 CC    src/vm.c -> build/host/src/vm.o
#20 33.46 CC    src/cdump.c -> build/host/src/cdump.o
#20 33.73 CC    src/range.c -> build/host/src/range.o
#20 33.94 CC    src/string.c -> build/host/src/string.o
#20 34.99 CC    src/class.c -> build/host/src/class.o
#20 36.24 CC    src/gc.c -> build/host/src/gc.o
#20 36.81 CC    src/enum.c -> build/host/src/enum.o
#20 36.89 CC    src/backtrace.c -> build/host/src/backtrace.o
#20 37.06 CC    src/print.c -> build/host/src/print.o
#20 37.17 CC    src/debug.c -> build/host/src/debug.o
#20 37.33 CC    src/readint.c -> build/host/src/readint.o
#20 37.41 CC    src/compar.c -> build/host/src/compar.o
#20 37.48 CC    src/dump.c -> build/host/src/dump.o
#20 37.80 CC    src/kernel.c -> build/host/src/kernel.o
#20 38.01 CC    src/state.c -> build/host/src/state.o
#20 38.16 CC    src/version.c -> build/host/src/version.o
#20 38.23 CC    src/object.c -> build/host/src/object.o
#20 38.44 CC    src/symbol.c -> build/host/src/symbol.o
#20 38.73 CC    src/variable.c -> build/host/src/variable.o
#20 39.37 CC    src/numeric.c -> build/host/src/numeric.o
#20 39.92 CC    src/codedump.c -> build/host/src/codedump.o
#20 40.90 CC    src/proc.c -> build/host/src/proc.o
#20 41.14 CC    src/etc.c -> build/host/src/etc.o
#20 41.26 CC    src/error.c -> build/host/src/error.o
#20 41.55 CC    mrbgems/mruby-compiler/core/codegen.c -> build/host/mrbgems/mruby-compiler/core/codegen.o
#20 43.81 CC    mrbgems/mruby-compiler/core/y.tab.c -> build/host/mrbgems/mruby-compiler/core/y.tab.o
#20 47.00 AR    build/host/lib/libmruby_core.a 
#20 47.00 ar: creating /src/mruby/build/host/lib/libmruby_core.a
#20 47.09 CC    build/host/mrblib/mrblib.c -> build/host/mrblib/mrblib.o
#20 47.26 CC    build/host/mrbgems/mruby-compar-ext/gem_init.c -> build/host/mrbgems/mruby-compar-ext/gem_init.o
#20 47.37 CC    build/host/mrbgems/mruby-enum-ext/gem_init.c -> build/host/mrbgems/mruby-enum-ext/gem_init.o
#20 47.51 CC    mrbgems/mruby-string-ext/src/string.c -> build/host/mrbgems/mruby-string-ext/src/string.o
#20 47.98 CC    build/host/mrbgems/mruby-string-ext/gem_init.c -> build/host/mrbgems/mruby-string-ext/gem_init.o
#20 48.10 CC    mrbgems/mruby-numeric-ext/src/numeric_ext.c -> build/host/mrbgems/mruby-numeric-ext/src/numeric_ext.o
#20 48.21 CC    build/host/mrbgems/mruby-numeric-ext/gem_init.c -> build/host/mrbgems/mruby-numeric-ext/gem_init.o
#20 48.30 CC    mrbgems/mruby-array-ext/src/array.c -> build/host/mrbgems/mruby-array-ext/src/array.o
#20 48.50 CC    build/host/mrbgems/mruby-array-ext/gem_init.c -> build/host/mrbgems/mruby-array-ext/gem_init.o
#20 48.63 CC    mrbgems/mruby-hash-ext/src/hash-ext.c -> build/host/mrbgems/mruby-hash-ext/src/hash-ext.o
#20 48.73 CC    build/host/mrbgems/mruby-hash-ext/gem_init.c -> build/host/mrbgems/mruby-hash-ext/gem_init.o
#20 48.85 CC    mrbgems/mruby-range-ext/src/range.c -> build/host/mrbgems/mruby-range-ext/src/range.o
#20 48.95 CC    build/host/mrbgems/mruby-range-ext/gem_init.c -> build/host/mrbgems/mruby-range-ext/gem_init.o
#20 49.06 CC    mrbgems/mruby-proc-ext/src/proc.c -> build/host/mrbgems/mruby-proc-ext/src/proc.o
#20 49.20 CC    build/host/mrbgems/mruby-proc-ext/gem_init.c -> build/host/mrbgems/mruby-proc-ext/gem_init.o
#20 49.31 CC    mrbgems/mruby-symbol-ext/src/symbol.c -> build/host/mrbgems/mruby-symbol-ext/src/symbol.o
#20 49.39 CC    build/host/mrbgems/mruby-symbol-ext/gem_init.c -> build/host/mrbgems/mruby-symbol-ext/gem_init.o
#20 49.49 CC    mrbgems/mruby-object-ext/src/object.c -> build/host/mrbgems/mruby-object-ext/src/object.o
#20 49.60 CC    build/host/mrbgems/mruby-object-ext/gem_init.c -> build/host/mrbgems/mruby-object-ext/gem_init.o
#20 49.69 CC    mrbgems/mruby-objectspace/src/mruby_objectspace.c -> build/host/mrbgems/mruby-objectspace/src/mruby_objectspace.o
#20 49.84 CC    build/host/mrbgems/mruby-objectspace/gem_init.c -> build/host/mrbgems/mruby-objectspace/gem_init.o
#20 49.91 CC    mrbgems/mruby-fiber/src/fiber.c -> build/host/mrbgems/mruby-fiber/src/fiber.o
#20 50.09 CC    build/host/mrbgems/mruby-fiber/gem_init.c -> build/host/mrbgems/mruby-fiber/gem_init.o
#20 50.17 CC    build/host/mrbgems/mruby-enumerator/gem_init.c -> build/host/mrbgems/mruby-enumerator/gem_init.o
#20 50.28 CC    build/host/mrbgems/mruby-enum-lazy/gem_init.c -> build/host/mrbgems/mruby-enum-lazy/gem_init.o
#20 50.39 CC    build/host/mrbgems/mruby-toplevel-ext/gem_init.c -> build/host/mrbgems/mruby-toplevel-ext/gem_init.o
#20 50.49 CC    mrbgems/mruby-kernel-ext/src/kernel.c -> build/host/mrbgems/mruby-kernel-ext/src/kernel.o
#20 50.64 CC    build/host/mrbgems/mruby-kernel-ext/gem_init.c -> build/host/mrbgems/mruby-kernel-ext/gem_init.o
#20 50.71 CC    mrbgems/mruby-class-ext/src/class.c -> build/host/mrbgems/mruby-class-ext/src/class.o
#20 50.81 CC    build/host/mrbgems/mruby-class-ext/gem_init.c -> build/host/mrbgems/mruby-class-ext/gem_init.o
#20 50.91 CC    mrbgems/mruby-errno/src/errno.c -> build/host/mrbgems/mruby-errno/src/errno.o
#20 51.15 CC    build/host/mrbgems/mruby-errno/gem_init.c -> build/host/mrbgems/mruby-errno/gem_init.o
#20 51.22 CC    mrbgems/mruby-pack/src/pack.c -> build/host/mrbgems/mruby-pack/src/pack.o
#20 52.09 CC    build/host/mrbgems/mruby-pack/gem_init.c -> build/host/mrbgems/mruby-pack/gem_init.o
#20 52.16 CC    mrbgems/mruby-sprintf/src/sprintf.c -> build/host/mrbgems/mruby-sprintf/src/sprintf.o
#20 52.68 CC    build/host/mrbgems/mruby-sprintf/gem_init.c -> build/host/mrbgems/mruby-sprintf/gem_init.o
#20 52.78 CC    mrbgems/mruby-time/src/time.c -> build/host/mrbgems/mruby-time/src/time.o
#20 53.08 CC    build/host/mrbgems/mruby-time/gem_init.c -> build/host/mrbgems/mruby-time/gem_init.o
#20 53.18 CC    mrbgems/mruby-struct/src/struct.c -> build/host/mrbgems/mruby-struct/src/struct.o
#20 53.50 CC    build/host/mrbgems/mruby-struct/gem_init.c -> build/host/mrbgems/mruby-struct/gem_init.o
#20 53.60 CC    mrbgems/mruby-random/src/random.c -> build/host/mrbgems/mruby-random/src/random.o
#20 53.83 CC    build/host/mrbgems/mruby-random/gem_init.c -> build/host/mrbgems/mruby-random/gem_init.o
#20 53.90 CC    mrbgems/mruby-io/src/mruby_io_gem.c -> build/host/mrbgems/mruby-io/src/mruby_io_gem.o
#20 53.97 CC    mrbgems/mruby-io/src/io.c -> build/host/mrbgems/mruby-io/src/io.o
#20 54.44 CC    mrbgems/mruby-io/src/file.c -> build/host/mrbgems/mruby-io/src/file.o
#20 54.63 CC    mrbgems/mruby-io/src/file_test.c -> build/host/mrbgems/mruby-io/src/file_test.o
#20 54.76 CC    build/host/mrbgems/mruby-io/gem_init.c -> build/host/mrbgems/mruby-io/gem_init.o
#20 54.91 CC    mrbgems/mruby-socket/src/socket.c -> build/host/mrbgems/mruby-socket/src/socket.o
#20 55.29 CC    build/host/mrbgems/mruby-socket/gem_init.c -> build/host/mrbgems/mruby-socket/gem_init.o
#20 55.45 CC    mrbgems/mruby-print/src/print.c -> build/host/mrbgems/mruby-print/src/print.o
#20 55.54 CC    build/host/mrbgems/mruby-print/gem_init.c -> build/host/mrbgems/mruby-print/gem_init.o
#20 55.64 CC    mrbgems/mruby-math/src/math.c -> build/host/mrbgems/mruby-math/src/math.o
#20 55.77 CC    build/host/mrbgems/mruby-math/gem_init.c -> build/host/mrbgems/mruby-math/gem_init.o
#20 55.84 CC    mrbgems/mruby-rational/src/rational.c -> build/host/mrbgems/mruby-rational/src/rational.o
#20 56.08 CC    build/host/mrbgems/mruby-rational/gem_init.c -> build/host/mrbgems/mruby-rational/gem_init.o
#20 56.18 CC    mrbgems/mruby-complex/src/complex.c -> build/host/mrbgems/mruby-complex/src/complex.o
#20 56.36 CC    build/host/mrbgems/mruby-complex/gem_init.c -> build/host/mrbgems/mruby-complex/gem_init.o
#20 56.47 CC    mrbgems/mruby-metaprog/src/metaprog.c -> build/host/mrbgems/mruby-metaprog/src/metaprog.o
#20 56.77 CC    build/host/mrbgems/mruby-metaprog/gem_init.c -> build/host/mrbgems/mruby-metaprog/gem_init.o
#20 56.84 CC    mrbgems/mruby-method/src/method.c -> build/host/mrbgems/mruby-method/src/method.o
#20 57.10 CC    build/host/mrbgems/mruby-method/gem_init.c -> build/host/mrbgems/mruby-method/gem_init.o
#20 57.20 CC    mrbgems/mruby-eval/src/eval.c -> build/host/mrbgems/mruby-eval/src/eval.o
#20 57.34 CC    build/host/mrbgems/mruby-eval/gem_init.c -> build/host/mrbgems/mruby-eval/gem_init.o
#20 57.41 CC    build/host/mrbgems/gem_init.c -> build/host/mrbgems/gem_init.o
#20 57.49 AR    build/host/lib/libmruby.a 
#20 57.49 ar: creating /src/mruby/build/host/lib/libmruby.a
#20 57.54 CC    mrbgems/mruby-bin-mrbc/tools/mrbc/mrbc.c -> build/host/mrbgems/mruby-bin-mrbc/tools/mrbc/mrbc.o
#20 57.72 LD    build/host/bin/mrbc 
#20 57.91 INSTALL build/host/bin/mrbc -> bin/mrbc
#20 57.91 INSTALL build/host/bin/mruby-config -> bin/mruby-config
#20 57.91 CC    mrbgems/mruby-bin-mirb/tools/mirb/mirb.c -> build/host/mrbgems/mruby-bin-mirb/tools/mirb/mirb.o
#20 58.15 LD    build/host/bin/mirb 
#20 58.38 INSTALL build/host/bin/mirb -> bin/mirb
#20 58.38 CC    mrbgems/mruby-bin-mruby/tools/mruby/mruby.c -> build/host/mrbgems/mruby-bin-mruby/tools/mruby/mruby.o
#20 58.59 LD    build/host/bin/mruby 
#20 58.82 INSTALL build/host/bin/mruby -> bin/mruby
#20 58.82 CC    mrbgems/mruby-bin-strip/tools/mruby-strip/mruby-strip.c -> build/host/mrbgems/mruby-bin-strip/tools/mruby-strip/mruby-strip.o
#20 58.93 LD    build/host/bin/mruby-strip 
#20 59.17 INSTALL build/host/bin/mruby-strip -> bin/mruby-strip
#20 59.17 
#20 59.17 Build summary:
#20 59.17 
#20 59.17 ================================================
#20 59.17       Config Name: host
#20 59.17  Output Directory: build/host
#20 59.17          Binaries: mrbc, mruby-config
#20 59.17     Included Gems:
#20 59.17              mruby-array-ext - Array class extension
#20 59.17              mruby-bin-config - mruby-config command
#20 59.17              mruby-bin-mirb - mirb command
#20 59.17                - Binaries: mirb
#20 59.17              mruby-bin-mrbc - mruby compiler executable
#20 59.17              mruby-bin-mruby - mruby command
#20 59.17                - Binaries: mruby
#20 59.17              mruby-bin-strip - irep dump debug section remover command
#20 59.17                - Binaries: mruby-strip
#20 59.17              mruby-class-ext - class/module extension
#20 59.17              mruby-compar-ext - Comparable module extension
#20 59.17              mruby-compiler - mruby compiler library
#20 59.17              mruby-complex - Complex class
#20 59.17              mruby-enum-ext - Enumerable module extension
#20 59.17              mruby-enum-lazy - Enumerator::Lazy class
#20 59.17              mruby-enumerator - Enumerator class
#20 59.17              mruby-errno
#20 59.17              mruby-eval - standard Kernel#eval method
#20 59.17              mruby-fiber - Fiber class
#20 59.17              mruby-hash-ext - Hash class extension
#20 59.17              mruby-io - IO and File class
#20 59.17              mruby-kernel-ext - extensional function-like methods
#20 59.17              mruby-math - standard Math module
#20 59.17              mruby-metaprog - Meta-programming features for mruby
#20 59.17              mruby-method - Method and UnboundMethod class
#20 59.17              mruby-numeric-ext - Numeric class extension
#20 59.17              mruby-object-ext - extensional methods shared by all objects
#20 59.17              mruby-objectspace - ObjectSpace class
#20 59.17              mruby-pack - Array#pack and String#unpack method
#20 59.17              mruby-print - standard print/puts/p
#20 59.17              mruby-proc-ext - Proc class extension
#20 59.17              mruby-random - Random class
#20 59.17              mruby-range-ext - Range class extension
#20 59.17              mruby-rational - Rational class
#20 59.17              mruby-socket - standard socket class
#20 59.17              mruby-sprintf - standard Kernel#sprintf method
#20 59.17              mruby-string-ext - String class extension
#20 59.17              mruby-struct - standard Struct class
#20 59.17              mruby-symbol-ext - Symbol class extension
#20 59.17              mruby-time - standard Time class
#20 59.17              mruby-toplevel-ext - toplevel object (main) methods extension
#20 59.17 ================================================
#20 59.17 
#20 59.17 ================================================
#20 59.17       Config Name: host/mrbc
#20 59.17  Output Directory: build/host/mrbc
#20 59.17          Binaries: mrbc
#20 59.17     Included Gems:
#20 59.17              mruby-bin-mrbc - mruby compiler executable
#20 59.17              mruby-compiler - mruby compiler library
#20 59.17 ================================================
#20 59.17 
#20 59.21 + FUZZ_TARGET=/src/mruby/oss-fuzz/mruby_fuzzer.c
#20 59.21 ++ basename /src/mruby/oss-fuzz/mruby_fuzzer.c .c
#20 59.21 + name=mruby_fuzzer
#20 59.21 + clang -c -DFUZZING_BUILD_MODE_UNSAFE_FOR_PRODUCTION -pthread -Wl,--no-as-needed -Wl,-ldl -Wl,-lm -Wno-unused-command-line-argument -O3 -fsanitize-coverage=trace-pc-guard -Iinclude /src/mruby/oss-fuzz/mruby_fuzzer.c -o /out/mruby_fuzzer.o
#20 59.29 + clang++ -DFUZZING_BUILD_MODE_UNSAFE_FOR_PRODUCTION -pthread -Wl,--no-as-needed -Wl,-ldl -Wl,-lm -Wno-unused-command-line-argument -stdlib=libc++ -O3 -fsanitize-coverage=trace-pc-guard /out/mruby_fuzzer.o /libAFL.a -lm /src/mruby/build/host/lib/libmruby.a -o /out/mruby_fuzzer
#20 59.64 + rm -f /out/mruby_fuzzer.o
#20 59.64 + [[ -DFUZZING_BUILD_MODE_UNSAFE_FOR_PRODUCTION -pthread -Wl,--no-as-needed -Wl,-ldl -Wl,-lm -Wno-unused-command-line-argument -O3 -fsanitize-coverage=trace-pc-guard != *sanitize=memory* ]]
#20 59.64 + PROTO_FUZZ_TARGET=/src/mruby/oss-fuzz/mruby_proto_fuzzer.cpp
#20 59.64 + PROTO_CONVERTER=/src/mruby/oss-fuzz/proto_to_ruby.cpp
#20 59.64 + rm -rf /src/mruby/genfiles
#20 59.64 + mkdir /src/mruby/genfiles
#20 59.65 + /src/LPM/external.protobuf/bin/protoc --proto_path=/src/mruby/oss-fuzz ruby.proto --cpp_out=/src/mruby/genfiles
#20 59.68 + clang++ -c -DFUZZING_BUILD_MODE_UNSAFE_FOR_PRODUCTION -pthread -Wl,--no-as-needed -Wl,-ldl -Wl,-lm -Wno-unused-command-line-argument -stdlib=libc++ -O3 -fsanitize-coverage=trace-pc-guard /src/mruby/genfiles/ruby.pb.cc -o /src/mruby/genfiles/ruby.pb.o -I /src/LPM/external.protobuf/include
#20 66.01 + clang++ -I /src/mruby/include -I /src/LPM/external.protobuf/include -DFUZZING_BUILD_MODE_UNSAFE_FOR_PRODUCTION -pthread -Wl,--no-as-needed -Wl,-ldl -Wl,-lm -Wno-unused-command-line-argument -stdlib=libc++ -O3 -fsanitize-coverage=trace-pc-guard /src/mruby/oss-fuzz/mruby_proto_fuzzer.cpp /src/mruby/genfiles/ruby.pb.o /src/mruby/oss-fuzz/proto_to_ruby.cpp -I /src/mruby/genfiles -I /src/libprotobuf-mutator -I /src/mruby/include -lz -lm /src/LPM/src/libfuzzer/libprotobuf-mutator-libfuzzer.a /src/LPM/src/libprotobuf-mutator.a /src/LPM/external.protobuf/lib/libprotobuf.a /src/mruby/build/host/lib/libmruby.a /libAFL.a -o /out/mruby_proto_fuzzer
#20 73.28 + cp /src/mruby/oss-fuzz/config/mruby_proto_fuzzer.options /out
#20 73.28 + cp /src/mruby/oss-fuzz/config/mruby.dict /out
#20 73.28 + cp /src/mruby/oss-fuzz/config/mruby_fuzzer.options /out
#20 73.29 + zip -rq /out/mruby_fuzzer_seed_corpus /src/mruby_seeds
#20 73.34 [post_build] Copying afl-fuzz to $OUT directory
#20 DONE 73.8s

#21 exporting to image
#21 sha256:e8c613e07b0b7ff33893b694f7759a10d42e180f2b4dc349fb57dc6b71dcab00
#21 exporting layers done
#21 writing image sha256:c761e2dfaf84ab197ba797a90ff3f9011103cc4d9d4d88e9455d4980446352d3

#21 exporting to image
#21 sha256:e8c613e07b0b7ff33893b694f7759a10d42e180f2b4dc349fb57dc6b71dcab00
#21 exporting layers done
#21 writing image sha256:c761e2dfaf84ab197ba797a90ff3f9011103cc4d9d4d88e9455d4980446352d3 0.0s done
#21 naming to gcr.io/fuzzbench/builders/afl/mruby_mruby 0.0s done
#21 DONE 0.2s

#22 exporting cache
#22 sha256:2700d4ef94dee473593c5c614b55b2dedcca7893909811a8f2b48291a1f581e4
#22 preparing build cache for export
#22 preparing build cache for export 0.3s done
#22 DONE 0.3s
------
 > importing cache manifest from gcr.io/fuzzbench/builders/afl/mruby_mruby:
------
#21 writing image sha256:c761e2dfaf84ab197ba797a90ff3f9011103cc4d9d4d88e9455d4980446352d3 0.0s done
#21 naming to gcr.io/fuzzbench/builders/afl/mruby_mruby done
#21 DONE 0.5s

#22 exporting cache
#22 sha256:2700d4ef94dee473593c5c614b55b2dedcca7893909811a8f2b48291a1f581e4
#22 preparing build cache for export done
#22 DONE 0.0s
------
 > importing cache manifest from gcr.io/fuzzbench/builders/afl/mruby_mruby:
------
#2 [internal] load .dockerignore
#2 sha256:533d5d707895ccd943bd7f628009743dfeaf1718d20288d930caec8ac784d8b1
#2 transferring context: 2B done
#2 [internal] load .dockerignore
#2 sha256:519b4c1883bbb8528c138c07840a52fcf39728370f300dce685c83d50714f682
#2 DONE 0.3s

#1 [internal] load build definition from runner.Dockerfile
#1 sha256:c95a371ac9a0e135bfe8c41d09ef5379b0c65a1d7427dd38f82321dcdec3ccd7
#1 transferring dockerfile: 656B done
#1 DONE 0.4s
#2 transferring context: 2B done

#3 [internal] load metadata for gcr.io/fuzzbench/base-image:latest
#3 sha256:932022888f650cc455b10eb5123bb08c0cccacac29a693e69314abbfd28a72c3
#3 DONE 0.0s

#4 [1/1] FROM gcr.io/fuzzbench/base-image
#4 sha256:4d07825694520f8b6f6a0d8592dbd345433361ae044cb7f06706c5a95e3daaad
#4 DONE 0.0s

#5 importing cache manifest from gcr.io/fuzzbench/runners/afl/mruby_mruby-intermediate
#5 sha256:ad434418974eb8f0cdc30f44ddfff9804481914eee95c0d72b953c2bb93a7751
#2 DONE 0.6s

#1 [internal] load build definition from runner.Dockerfile
#1 sha256:2ddb75d0b18dc8445f6765f050074dfd949a7cca70b9e42df8cbd64c0257c6e2
#1 transferring dockerfile: 656B done
#1 DONE 0.7s
#5 ERROR: gcr.io/fuzzbench/runners/afl/mruby_mruby-intermediate:latest: not found

#3 [internal] load metadata for gcr.io/fuzzbench/base-image:latest
#3 sha256:932022888f650cc455b10eb5123bb08c0cccacac29a693e69314abbfd28a72c3

#4 [1/1] FROM gcr.io/fuzzbench/base-image
#4 sha256:4d07825694520f8b6f6a0d8592dbd345433361ae044cb7f06706c5a95e3daaad
#4 CACHED

#6 exporting to image
#6 sha256:e8c613e07b0b7ff33893b694f7759a10d42e180f2b4dc349fb57dc6b71dcab00
#6 exporting layers done
#6 writing image sha256:3e4588a9aebaeeab0d6e65a047af35e4caf540bb58ccd8719f28cf6fa6b3868f 0.0s done
#6 naming to gcr.io/fuzzbench/runners/afl/mruby_mruby-intermediate 0.0s done
#6 DONE 0.1s

#7 exporting cache
#7 sha256:2700d4ef94dee473593c5c614b55b2dedcca7893909811a8f2b48291a1f581e4
#7 preparing build cache for export done
#7 DONE 0.0s
------
 > importing cache manifest from gcr.io/fuzzbench/runners/afl/mruby_mruby-intermediate:
------
#3 DONE 0.0s

#4 [1/1] FROM gcr.io/fuzzbench/base-image
#4 sha256:4d07825694520f8b6f6a0d8592dbd345433361ae044cb7f06706c5a95e3daaad
#4 CACHED

#6 exporting to image
#6 sha256:e8c613e07b0b7ff33893b694f7759a10d42e180f2b4dc349fb57dc6b71dcab00
#6 exporting layers done
#6 writing image sha256:3e4588a9aebaeeab0d6e65a047af35e4caf540bb58ccd8719f28cf6fa6b3868f
#6 writing image sha256:3e4588a9aebaeeab0d6e65a047af35e4caf540bb58ccd8719f28cf6fa6b3868f done
#6 naming to gcr.io/fuzzbench/runners/afl/mruby_mruby-intermediate done
#6 DONE 0.1s

#7 exporting cache
#7 sha256:2700d4ef94dee473593c5c614b55b2dedcca7893909811a8f2b48291a1f581e4
#7 preparing build cache for export done
#7 DONE 0.0s

#5 importing cache manifest from gcr.io/fuzzbench/runners/afl/mruby_mruby-intermediate
#5 sha256:ad434418974eb8f0cdc30f44ddfff9804481914eee95c0d72b953c2bb93a7751
#5 ERROR: gcr.io/fuzzbench/runners/afl/mruby_mruby-intermediate:latest: not found
------
 > importing cache manifest from gcr.io/fuzzbench/runners/afl/mruby_mruby-intermediate:
------
#2 [internal] load .dockerignore
#2 sha256:63f72b9904671c59b5bfb49f42152c61352bfcb1ccfa76020ec3f83dcf6fcab5
#2 transferring context: 34B done
#2 DONE 0.2s

#1 [internal] load build definition from Dockerfile
#1 sha256:44f1b5bf81977c81a2dc298f959b7dac1f9c3c2eee0853d47a094eade15a7f17
#1 transferring dockerfile: 3.17kB done
#1 DONE 0.2s

#3 [internal] load metadata for gcr.io/fuzzbench/builders/afl/mruby_mruby:latest
#3 sha256:4a44fa6531ae050535aeb43a297aa5c882bd840c620b788b2b0f6f00431e6906
#3 DONE 0.0s

#4 [internal] load metadata for gcr.io/fuzzbench/runners/afl/mruby_mruby-intermediate:latest
#4 sha256:6d3884329400bb9a111e78a1170f98ac5561c654fb9b96352e64bbf8104b001f
#4 DONE 0.0s

#12 [internal] load build context
#12 sha256:6ee8c2f088e3a6c101a0187c9fa3b28b1668a66cabd9ba4ee6a99ac46ad110ff
#12 DONE 0.0s

#10 [builder 1/1] FROM gcr.io/fuzzbench/builders/afl/mruby_mruby
#10 sha256:f5f67f44bd4febcf090034d7f42c905594a3b23b9925b9c9b35ecdef940be216
#10 DONE 0.0s

#5 importing cache manifest from gcr.io/fuzzbench/runners/afl/mruby_mruby
#5 sha256:31b9527f5de33675fd7d12bcb068e68bdb15cac7e5e4e886668b99927f7a8fed
#1 [internal] load build definition from Dockerfile
#1 sha256:ab93ac2769b4d2c6e7b1416da625c04697c98060627e65586d721155b25e6ac0
#1 DONE 0.0s

#2 [internal] load .dockerignore
#2 sha256:4071da450f85084ed68d759470e11265eb97474aec24f7362dc6ec39ad48319b
#5 ERROR: gcr.io/fuzzbench/runners/afl/mruby_mruby:latest: not found

#6 [stage-1  1/13] FROM gcr.io/fuzzbench/runners/afl/mruby_mruby-intermediate
#6 sha256:a6f2146d07d022fdabaeb9cfad184d46683fd540c7747cabe42ef7fc887717d6
#6 CACHED

#12 [internal] load build context
#12 sha256:6ee8c2f088e3a6c101a0187c9fa3b28b1668a66cabd9ba4ee6a99ac46ad110ff
#2 transferring context: 34B done
#2 DONE 0.1s

#1 [internal] load build definition from Dockerfile
#1 sha256:ab93ac2769b4d2c6e7b1416da625c04697c98060627e65586d721155b25e6ac0
#1 transferring dockerfile: 3.17kB done
#1 DONE 0.2s

#4 [internal] load metadata for gcr.io/fuzzbench/runners/afl/mruby_mruby-intermediate:latest
#4 sha256:6d3884329400bb9a111e78a1170f98ac5561c654fb9b96352e64bbf8104b001f
#4 DONE 0.0s

#3 [internal] load metadata for gcr.io/fuzzbench/builders/afl/mruby_mruby:latest
#3 sha256:4a44fa6531ae050535aeb43a297aa5c882bd840c620b788b2b0f6f00431e6906
#3 DONE 0.0s

#6 [stage-1  1/13] FROM gcr.io/fuzzbench/runners/afl/mruby_mruby-intermediate
#6 sha256:a6f2146d07d022fdabaeb9cfad184d46683fd540c7747cabe42ef7fc887717d6
#6 CACHED

#12 [internal] load build context
#12 sha256:72377d339bf5611e382b4a2e167a516adbf9881dc2211ad4633fe44ee7fabe27
#12 DONE 0.0s

#10 [builder 1/1] FROM gcr.io/fuzzbench/builders/afl/mruby_mruby
#10 sha256:f5f67f44bd4febcf090034d7f42c905594a3b23b9925b9c9b35ecdef940be216
#10 ...

#5 importing cache manifest from gcr.io/fuzzbench/runners/afl/mruby_mruby
#5 sha256:31b9527f5de33675fd7d12bcb068e68bdb15cac7e5e4e886668b99927f7a8fed
#5 ERROR: gcr.io/fuzzbench/runners/afl/mruby_mruby:latest: not found

#12 [internal] load build context
#12 sha256:72377d339bf5611e382b4a2e167a516adbf9881dc2211ad4633fe44ee7fabe27
#12 transferring context: 17.56MB 0.7s done
#12 DONE 0.8s

#7 [stage-1  2/13] RUN apt-get update -y && apt-get install -y     libglib2.0-0     libxml2     libarchive13     libgss3
#7 sha256:de21028df7c58daf5b08380a3e299a2d71cec629c8db0b7e39054ecadd1e9e4f
#7 0.735 Get:1 http://security.ubuntu.com/ubuntu xenial-security InRelease [99.8 kB]
#7 0.751 Hit:2 http://archive.ubuntu.com/ubuntu xenial InRelease
#7 0.760 Get:3 http://archive.ubuntu.com/ubuntu xenial-updates InRelease [99.8 kB]
#12 ...

#10 [builder 1/1] FROM gcr.io/fuzzbench/builders/afl/mruby_mruby
#10 sha256:f5f67f44bd4febcf090034d7f42c905594a3b23b9925b9c9b35ecdef940be216
#10 DONE 0.9s

#12 [internal] load build context
#12 sha256:72377d339bf5611e382b4a2e167a516adbf9881dc2211ad4633fe44ee7fabe27
#7 ...

#10 [builder 1/1] FROM gcr.io/fuzzbench/builders/afl/mruby_mruby
#10 sha256:f5f67f44bd4febcf090034d7f42c905594a3b23b9925b9c9b35ecdef940be216
#10 DONE 0.9s

#7 [stage-1  2/13] RUN apt-get update -y && apt-get install -y     libglib2.0-0     libxml2     libarchive13     libgss3
#7 sha256:de21028df7c58daf5b08380a3e299a2d71cec629c8db0b7e39054ecadd1e9e4f
#7 0.842 Get:4 http://archive.ubuntu.com/ubuntu xenial-backports InRelease [97.4 kB]
#7 0.880 Hit:5 https://packages.cloud.google.com/apt cloud-sdk-xenial InRelease
#12 transferring context: 17.56MB 0.7s done
#12 DONE 0.8s

#7 [stage-1  2/13] RUN apt-get update -y && apt-get install -y     libglib2.0-0     libxml2     libarchive13     libgss3
#7 sha256:de21028df7c58daf5b08380a3e299a2d71cec629c8db0b7e39054ecadd1e9e4f
#7 0.735 Get:1 http://security.ubuntu.com/ubuntu xenial-security InRelease [99.8 kB]
#7 0.751 Hit:2 http://archive.ubuntu.com/ubuntu xenial InRelease
#7 0.760 Get:3 http://archive.ubuntu.com/ubuntu xenial-updates InRelease [99.8 kB]
#7 0.842 Get:4 http://archive.ubuntu.com/ubuntu xenial-backports InRelease [97.4 kB]
#7 0.880 Hit:5 https://packages.cloud.google.com/apt cloud-sdk-xenial InRelease
#7 1.542 Fetched 297 kB in 0s (341 kB/s)
#7 1.542 Reading package lists...#7 1.542 Fetched 297 kB in 0s (341 kB/s)
#7 1.542 Reading package lists...

#7 2.989 Reading package lists...#7 2.989 Reading package lists...
#7 4.344 Building dependency tree...
#7 4.344 Building dependency tree...
#7 4.512 Reading state information...
#7 4.512 Reading state information...

#7 4.653 The following additional packages will be installed:
#7 4.653   libglib2.0-data libgmp-dev libgmpxx4ldbl libgnutls-dev libgnutls-openssl27
#7 4.653   libgnutls28-dev libgnutlsxx28 libicu55 libidn11-dev liblzo2-2 libp11-kit-dev
#7 4.653 The following additional packages will be installed:
#7 4.653   libglib2.0-data libgmp-dev libgmpxx4ldbl libgnutls-dev libgnutls-openssl27
#7 4.653   libgnutls28-dev libgnutlsxx28 libicu55 libidn11-dev liblzo2-2 libp11-kit-dev
#7 4.654   libshishi-dev libshishi0 libtasn1-6-dev libtasn1-doc nettle-dev pkg-config
#7 4.654   sgml-base shared-mime-info shishi-common xdg-user-dirs xml-core
#7 4.656 Suggested packages:
#7 4.656   lrzip gmp-doc libgmp10-doc libmpfr-dev gnutls-doc gnutls-bin guile-gnutls
#7 4.656   shishi sgml-base-doc debhelper
#7 4.657 The following NEW packages will be installed:
#7 4.657   libarchive13 libglib2.0-0 libglib2.0-data libgmp-dev libgmpxx4ldbl
#7 4.657   libgnutls-dev libgnutls-openssl27 libgnutls28-dev libgnutlsxx28 libgss3
#7 4.657   libicu55 libidn11-dev liblzo2-2 libp11-kit-dev libshishi-dev libshishi0
#7 4.658   libtasn1-6-dev libtasn1-doc libxml2 nettle-dev pkg-config sgml-base
#7 4.658   shared-mime-info shishi-common xdg-user-dirs xml-core
#7 4.654   libshishi-dev libshishi0 libtasn1-6-dev libtasn1-doc nettle-dev pkg-config
#7 4.654   sgml-base shared-mime-info shishi-common xdg-user-dirs xml-core
#7 4.656 Suggested packages:
#7 4.656   lrzip gmp-doc libgmp10-doc libmpfr-dev gnutls-doc gnutls-bin guile-gnutls
#7 4.656   shishi sgml-base-doc debhelper
#7 4.657 The following NEW packages will be installed:
#7 4.657   libarchive13 libglib2.0-0 libglib2.0-data libgmp-dev libgmpxx4ldbl
#7 4.657   libgnutls-dev libgnutls-openssl27 libgnutls28-dev libgnutlsxx28 libgss3
#7 4.657   libicu55 libidn11-dev liblzo2-2 libp11-kit-dev libshishi-dev libshishi0
#7 4.658   libtasn1-6-dev libtasn1-doc libxml2 nettle-dev pkg-config sgml-base
#7 4.658   shared-mime-info shishi-common xdg-user-dirs xml-core
#7 4.934 0 upgraded, 26 newly installed, 0 to remove and 0 not upgraded.
#7 4.934 Need to get 13.7 MB of archives.
#7 4.934 After this operation, 52.9 MB of additional disk space will be used.
#7 4.934 Get:1 http://archive.ubuntu.com/ubuntu xenial-updates/main amd64 libglib2.0-0 amd64 2.48.2-0ubuntu4.8 [1120 kB]
#7 4.934 0 upgraded, 26 newly installed, 0 to remove and 0 not upgraded.
#7 4.934 Need to get 13.7 MB of archives.
#7 4.934 After this operation, 52.9 MB of additional disk space will be used.
#7 4.934 Get:1 http://archive.ubuntu.com/ubuntu xenial-updates/main amd64 libglib2.0-0 amd64 2.48.2-0ubuntu4.8 [1120 kB]
#7 5.141 Get:2 http://archive.ubuntu.com/ubuntu xenial/main amd64 sgml-base all 1.26+nmu4ubuntu1 [12.5 kB]
#7 5.142 Get:3 http://archive.ubuntu.com/ubuntu xenial/main amd64 liblzo2-2 amd64 2.08-1.2 [48.7 kB]
#7 5.146 Get:4 http://archive.ubuntu.com/ubuntu xenial-updates/main amd64 libgnutls-openssl27 amd64 3.4.10-4ubuntu1.9 [21.9 kB]
#7 5.141 Get:2 http://archive.ubuntu.com/ubuntu xenial/main amd64 sgml-base all 1.26+nmu4ubuntu1 [12.5 kB]
#7 5.142 Get:3 http://archive.ubuntu.com/ubuntu xenial/main amd64 liblzo2-2 amd64 2.08-1.2 [48.7 kB]
#7 5.146 Get:4 http://archive.ubuntu.com/ubuntu xenial-updates/main amd64 libgnutls-openssl27 amd64 3.4.10-4ubuntu1.9 [21.9 kB]
#7 5.148 Get:5 http://archive.ubuntu.com/ubuntu xenial-updates/main amd64 libglib2.0-data all 2.48.2-0ubuntu4.8 [131 kB]
#7 5.157 Get:6 http://archive.ubuntu.com/ubuntu xenial-updates/main amd64 libicu55 amd64 55.1-7ubuntu0.5 [7650 kB]
#7 5.148 Get:5 http://archive.ubuntu.com/ubuntu xenial-updates/main amd64 libglib2.0-data all 2.48.2-0ubuntu4.8 [131 kB]
#7 5.157 Get:6 http://archive.ubuntu.com/ubuntu xenial-updates/main amd64 libicu55 amd64 55.1-7ubuntu0.5 [7650 kB]
#7 5.880 Get:7 http://archive.ubuntu.com/ubuntu xenial-updates/main amd64 libxml2 amd64 2.9.3+dfsg1-1ubuntu0.7 [698 kB]
#7 5.880 Get:7 http://archive.ubuntu.com/ubuntu xenial-updates/main amd64 libxml2 amd64 2.9.3+dfsg1-1ubuntu0.7 [698 kB]
#7 5.931 Get:8 http://archive.ubuntu.com/ubuntu xenial-updates/main amd64 shared-mime-info amd64 1.5-2ubuntu0.2 [405 kB]
#7 5.961 Get:9 http://archive.ubuntu.com/ubuntu xenial-updates/main amd64 xdg-user-dirs amd64 0.15-2ubuntu6.16.04.1 [61.8 kB]
#7 5.931 Get:8 http://archive.ubuntu.com/ubuntu xenial-updates/main amd64 shared-mime-info amd64 1.5-2ubuntu0.2 [405 kB]
#7 5.961 Get:9 http://archive.ubuntu.com/ubuntu xenial-updates/main amd64 xdg-user-dirs amd64 0.15-2ubuntu6.16.04.1 [61.8 kB]
#7 5.965 Get:10 http://archive.ubuntu.com/ubuntu xenial/main amd64 xml-core all 0.13+nmu2 [23.3 kB]
#7 5.967 Get:11 http://archive.ubuntu.com/ubuntu xenial-updates/main amd64 libarchive13 amd64 3.1.2-11ubuntu0.16.04.8 [262 kB]
#7 5.987 Get:12 http://archive.ubuntu.com/ubuntu xenial/main amd64 libgmpxx4ldbl amd64 2:6.1.0+dfsg-2 [8948 B]
#7 5.965 Get:10 http://archive.ubuntu.com/ubuntu xenial/main amd64 xml-core all 0.13+nmu2 [23.3 kB]
#7 5.967 Get:11 http://archive.ubuntu.com/ubuntu xenial-updates/main amd64 libarchive13 amd64 3.1.2-11ubuntu0.16.04.8 [262 kB]
#7 5.987 Get:12 http://archive.ubuntu.com/ubuntu xenial/main amd64 libgmpxx4ldbl amd64 2:6.1.0+dfsg-2 [8948 B]
#7 5.987 Get:13 http://archive.ubuntu.com/ubuntu xenial/main amd64 libgmp-dev amd64 2:6.1.0+dfsg-2 [314 kB]
#7 6.011 Get:14 http://archive.ubuntu.com/ubuntu xenial-updates/main amd64 libgnutlsxx28 amd64 3.4.10-4ubuntu1.9 [13.8 kB]
#7 6.012 Get:15 http://archive.ubuntu.com/ubuntu xenial-updates/main amd64 nettle-dev amd64 3.2-1ubuntu0.16.04.2 [938 kB]
#7 6.082 Get:16 http://archive.ubuntu.com/ubuntu xenial-updates/main amd64 libtasn1-6-dev amd64 4.7-3ubuntu0.16.04.3 [85.9 kB]
#7 5.987 Get:13 http://archive.ubuntu.com/ubuntu xenial/main amd64 libgmp-dev amd64 2:6.1.0+dfsg-2 [314 kB]
#7 6.011 Get:14 http://archive.ubuntu.com/ubuntu xenial-updates/main amd64 libgnutlsxx28 amd64 3.4.10-4ubuntu1.9 [13.8 kB]
#7 6.012 Get:15 http://archive.ubuntu.com/ubuntu xenial-updates/main amd64 nettle-dev amd64 3.2-1ubuntu0.16.04.2 [938 kB]
#7 6.082 Get:16 http://archive.ubuntu.com/ubuntu xenial-updates/main amd64 libtasn1-6-dev amd64 4.7-3ubuntu0.16.04.3 [85.9 kB]
#7 6.089 Get:17 http://archive.ubuntu.com/ubuntu xenial-updates/main amd64 libp11-kit-dev amd64 0.23.2-5~ubuntu16.04.2 [56.6 kB]
#7 6.093 Get:18 http://archive.ubuntu.com/ubuntu xenial/main amd64 pkg-config amd64 0.29.1-0ubuntu1 [45.0 kB]
#7 6.096 Get:19 http://archive.ubuntu.com/ubuntu xenial-updates/main amd64 libidn11-dev amd64 1.32-3ubuntu1.2 [518 kB]
#7 6.135 Get:20 http://archive.ubuntu.com/ubuntu xenial-updates/main amd64 libgnutls-dev amd64 3.4.10-4ubuntu1.9 [553 kB]
#7 6.089 Get:17 http://archive.ubuntu.com/ubuntu xenial-updates/main amd64 libp11-kit-dev amd64 0.23.2-5~ubuntu16.04.2 [56.6 kB]#7 6.177 Get:21 http://archive.ubuntu.com/ubuntu xenial-updates/main amd64 libgnutls28-dev amd64 3.4.10-4ubuntu1.9 [8156 B]

#7 6.093 Get:18 http://archive.ubuntu.com/ubuntu xenial/main amd64 pkg-config amd64 0.29.1-0ubuntu1 [45.0 kB]#7 6.177 Get:22 http://archive.ubuntu.com/ubuntu xenial/universe amd64 shishi-common all 1.0.2-6build1 [60.6 kB]

#7 6.096 Get:19 http://archive.ubuntu.com/ubuntu xenial-updates/main amd64 libidn11-dev amd64 1.32-3ubuntu1.2 [518 kB]#7 6.181 Get:23 http://archive.ubuntu.com/ubuntu xenial/universe amd64 libshishi0 amd64 1.0.2-6build1 [159 kB]

#7 6.135 Get:20 http://archive.ubuntu.com/ubuntu xenial-updates/main amd64 libgnutls-dev amd64 3.4.10-4ubuntu1.9 [553 kB]#7 6.194 Get:24 http://archive.ubuntu.com/ubuntu xenial/universe amd64 libshishi-dev amd64 1.0.2-6build1 [157 kB]

#7 6.177 Get:21 http://archive.ubuntu.com/ubuntu xenial-updates/main amd64 libgnutls28-dev amd64 3.4.10-4ubuntu1.9 [8156 B]
#7 6.177 Get:22 http://archive.ubuntu.com/ubuntu xenial/universe amd64 shishi-common all 1.0.2-6build1 [60.6 kB]
#7 6.181 Get:23 http://archive.ubuntu.com/ubuntu xenial/universe amd64 libshishi0 amd64 1.0.2-6build1 [159 kB]
#7 6.194 Get:24 http://archive.ubuntu.com/ubuntu xenial/universe amd64 libshishi-dev amd64 1.0.2-6build1 [157 kB]
#7 6.206 Get:25 http://archive.ubuntu.com/ubuntu xenial/universe amd64 libgss3 amd64 1.0.3-2 [65.2 kB]
#7 6.210 Get:26 http://archive.ubuntu.com/ubuntu xenial-updates/main amd64 libtasn1-doc all 4.7-3ubuntu0.16.04.3 [299 kB]
#7 6.206 Get:25 http://archive.ubuntu.com/ubuntu xenial/universe amd64 libgss3 amd64 1.0.3-2 [65.2 kB]
#7 6.210 Get:26 http://archive.ubuntu.com/ubuntu xenial-updates/main amd64 libtasn1-doc all 4.7-3ubuntu0.16.04.3 [299 kB]
#7 6.369 debconf: delaying package configuration, since apt-utils is not installed
#7 6.426 Fetched 13.7 MB in 1s (10.1 MB/s)
#7 6.369 debconf: delaying package configuration, since apt-utils is not installed
#7 6.426 Fetched 13.7 MB in 1s (10.1 MB/s)
#7 6.546 Selecting previously unselected package libglib2.0-0:amd64.#7 6.546 Selecting previously unselected package libglib2.0-0:amd64.

#7 6.546 (Reading database ... (Reading database ... 5%(Reading database ... 10%(Reading database ... 15%(Reading database ... 20%(Reading database ... 25%(Reading database ... 30%(Reading database ... 35%(Reading database ... 40%(Reading database ... 45%(Reading database ... 50%(Reading database ... 55%(Reading database ... 60%(Reading database ... 65%(Reading database ... 70%(Reading database ... 75%(Reading database ... 80%(Reading database ... 85%(Reading database ... 90%(Reading database ... 95%(Reading database ... 100%(Reading database ... 49411 files and directories currently installed.)
#7 6.546 (Reading database ... (Reading database ... 5%(Reading database ... 10%(Reading database ... 15%(Reading database ... 20%(Reading database ... 25%(Reading database ... 30%(Reading database ... 35%(Reading database ... 40%(Reading database ... 45%(Reading database ... 50%(Reading database ... 55%(Reading database ... 60%(Reading database ... 65%(Reading database ... 70%(Reading database ... 75%(Reading database ... 80%(Reading database ... 85%(Reading database ... 90%(Reading database ... 95%(Reading database ... 100%(Reading database ... 49411 files and directories currently installed.)#7 6.575 Preparing to unpack .../libglib2.0-0_2.48.2-0ubuntu4.8_amd64.deb ...

#7 6.575 Preparing to unpack .../libglib2.0-0_2.48.2-0ubuntu4.8_amd64.deb ...#7 6.609 Unpacking libglib2.0-0:amd64 (2.48.2-0ubuntu4.8) ...

#7 6.609 Unpacking libglib2.0-0:amd64 (2.48.2-0ubuntu4.8) ...
#7 6.945 Selecting previously unselected package sgml-base.
#7 6.950 Preparing to unpack .../sgml-base_1.26+nmu4ubuntu1_all.deb ...
#7 6.981 Unpacking sgml-base (1.26+nmu4ubuntu1) ...
#7 6.945 Selecting previously unselected package sgml-base.
#7 6.950 Preparing to unpack .../sgml-base_1.26+nmu4ubuntu1_all.deb ...
#7 6.981 Unpacking sgml-base (1.26+nmu4ubuntu1) ...
#7 7.167 Selecting previously unselected package liblzo2-2:amd64.#7 7.167 Selecting previously unselected package liblzo2-2:amd64.

#7 7.172 Preparing to unpack .../liblzo2-2_2.08-1.2_amd64.deb ...#7 7.172 Preparing to unpack .../liblzo2-2_2.08-1.2_amd64.deb ...

#7 7.199 Unpacking liblzo2-2:amd64 (2.08-1.2) ...#7 7.199 Unpacking liblzo2-2:amd64 (2.08-1.2) ...

#7 7.328 Selecting previously unselected package libgnutls-openssl27:amd64.
#7 7.334 Preparing to unpack .../libgnutls-openssl27_3.4.10-4ubuntu1.9_amd64.deb ...
#7 7.351 Unpacking libgnutls-openssl27:amd64 (3.4.10-4ubuntu1.9) ...
#7 7.328 Selecting previously unselected package libgnutls-openssl27:amd64.
#7 7.334 Preparing to unpack .../libgnutls-openssl27_3.4.10-4ubuntu1.9_amd64.deb ...
#7 7.351 Unpacking libgnutls-openssl27:amd64 (3.4.10-4ubuntu1.9) ...
#7 7.478 Selecting previously unselected package libglib2.0-data.
#7 7.483 Preparing to unpack .../libglib2.0-data_2.48.2-0ubuntu4.8_all.deb ...
#7 7.492 Unpacking libglib2.0-data (2.48.2-0ubuntu4.8) ...
#7 7.478 Selecting previously unselected package libglib2.0-data.
#7 7.483 Preparing to unpack .../libglib2.0-data_2.48.2-0ubuntu4.8_all.deb ...
#7 7.492 Unpacking libglib2.0-data (2.48.2-0ubuntu4.8) ...
#7 7.652 Selecting previously unselected package libicu55:amd64.
#7 7.657 Preparing to unpack .../libicu55_55.1-7ubuntu0.5_amd64.deb ...
#7 7.674 Unpacking libicu55:amd64 (55.1-7ubuntu0.5) ...
#7 7.652 Selecting previously unselected package libicu55:amd64.
#7 7.657 Preparing to unpack .../libicu55_55.1-7ubuntu0.5_amd64.deb ...
#7 7.674 Unpacking libicu55:amd64 (55.1-7ubuntu0.5) ...
#7 8.728 Selecting previously unselected package libxml2:amd64.
#7 8.733 Preparing to unpack .../libxml2_2.9.3+dfsg1-1ubuntu0.7_amd64.deb ...
#7 8.776 Unpacking libxml2:amd64 (2.9.3+dfsg1-1ubuntu0.7) ...#7 8.728 Selecting previously unselected package libxml2:amd64.

#7 8.733 Preparing to unpack .../libxml2_2.9.3+dfsg1-1ubuntu0.7_amd64.deb ...
#7 8.776 Unpacking libxml2:amd64 (2.9.3+dfsg1-1ubuntu0.7) ...
#7 9.062 Selecting previously unselected package shared-mime-info.#7 9.062 Selecting previously unselected package shared-mime-info.

#7 9.067 Preparing to unpack .../shared-mime-info_1.5-2ubuntu0.2_amd64.deb ...
#7 9.093 Unpacking shared-mime-info (1.5-2ubuntu0.2) ...
#7 9.067 Preparing to unpack .../shared-mime-info_1.5-2ubuntu0.2_amd64.deb ...
#7 9.093 Unpacking shared-mime-info (1.5-2ubuntu0.2) ...
#7 9.295 Selecting previously unselected package xdg-user-dirs.#7 9.295 Selecting previously unselected package xdg-user-dirs.

#7 9.300 Preparing to unpack .../xdg-user-dirs_0.15-2ubuntu6.16.04.1_amd64.deb ...#7 9.300 Preparing to unpack .../xdg-user-dirs_0.15-2ubuntu6.16.04.1_amd64.deb ...

#7 9.312 Unpacking xdg-user-dirs (0.15-2ubuntu6.16.04.1) ...#7 9.312 Unpacking xdg-user-dirs (0.15-2ubuntu6.16.04.1) ...

#7 9.545 Selecting previously unselected package xml-core.
#7 9.550 Preparing to unpack .../xml-core_0.13+nmu2_all.deb ...
#7 9.570 Unpacking xml-core (0.13+nmu2) ...
#7 9.545 Selecting previously unselected package xml-core.
#7 9.550 Preparing to unpack .../xml-core_0.13+nmu2_all.deb ...
#7 9.570 Unpacking xml-core (0.13+nmu2) ...
#7 9.739 Selecting previously unselected package libarchive13:amd64.
#7 9.744 Preparing to unpack .../libarchive13_3.1.2-11ubuntu0.16.04.8_amd64.deb ...
#7 9.764 Unpacking libarchive13:amd64 (3.1.2-11ubuntu0.16.04.8) ...
#7 9.739 Selecting previously unselected package libarchive13:amd64.
#7 9.744 Preparing to unpack .../libarchive13_3.1.2-11ubuntu0.16.04.8_amd64.deb ...
#7 9.764 Unpacking libarchive13:amd64 (3.1.2-11ubuntu0.16.04.8) ...
#7 9.926 Selecting previously unselected package libgmpxx4ldbl:amd64.#7 9.926 Selecting previously unselected package libgmpxx4ldbl:amd64.

#7 9.931 Preparing to unpack .../libgmpxx4ldbl_2%3a6.1.0+dfsg-2_amd64.deb ...#7 9.931 Preparing to unpack .../libgmpxx4ldbl_2%3a6.1.0+dfsg-2_amd64.deb ...

#7 9.963 Unpacking libgmpxx4ldbl:amd64 (2:6.1.0+dfsg-2) ...#7 9.963 Unpacking libgmpxx4ldbl:amd64 (2:6.1.0+dfsg-2) ...

#7 10.06 Selecting previously unselected package libgmp-dev:amd64.#7 10.06 Selecting previously unselected package libgmp-dev:amd64.

#7 10.06 Preparing to unpack .../libgmp-dev_2%3a6.1.0+dfsg-2_amd64.deb ...#7 10.06 Preparing to unpack .../libgmp-dev_2%3a6.1.0+dfsg-2_amd64.deb ...

#7 10.08 Unpacking libgmp-dev:amd64 (2:6.1.0+dfsg-2) ...#7 10.08 Unpacking libgmp-dev:amd64 (2:6.1.0+dfsg-2) ...

#7 10.20 Selecting previously unselected package libgnutlsxx28:amd64.#7 10.20 Selecting previously unselected package libgnutlsxx28:amd64.

#7 10.21 Preparing to unpack .../libgnutlsxx28_3.4.10-4ubuntu1.9_amd64.deb ...#7 10.21 Preparing to unpack .../libgnutlsxx28_3.4.10-4ubuntu1.9_amd64.deb ...

#7 10.22 Unpacking libgnutlsxx28:amd64 (3.4.10-4ubuntu1.9) ...#7 10.22 Unpacking libgnutlsxx28:amd64 (3.4.10-4ubuntu1.9) ...

#7 10.30 Selecting previously unselected package nettle-dev.#7 10.30 Selecting previously unselected package nettle-dev.

#7 10.30 Preparing to unpack .../nettle-dev_3.2-1ubuntu0.16.04.2_amd64.deb ...#7 10.30 Preparing to unpack .../nettle-dev_3.2-1ubuntu0.16.04.2_amd64.deb ...

#7 10.31 Unpacking nettle-dev (3.2-1ubuntu0.16.04.2) ...#7 10.31 Unpacking nettle-dev (3.2-1ubuntu0.16.04.2) ...

#7 10.54 Selecting previously unselected package libtasn1-6-dev:amd64.#7 10.54 Selecting previously unselected package libtasn1-6-dev:amd64.

#7 10.54 Preparing to unpack .../libtasn1-6-dev_4.7-3ubuntu0.16.04.3_amd64.deb ...#7 10.54 Preparing to unpack .../libtasn1-6-dev_4.7-3ubuntu0.16.04.3_amd64.deb ...

#7 10.56 Unpacking libtasn1-6-dev:amd64 (4.7-3ubuntu0.16.04.3) ...#7 10.56 Unpacking libtasn1-6-dev:amd64 (4.7-3ubuntu0.16.04.3) ...

#7 10.68 Selecting previously unselected package libp11-kit-dev:amd64.#7 10.68 Selecting previously unselected package libp11-kit-dev:amd64.

#7 10.68 Preparing to unpack .../libp11-kit-dev_0.23.2-5~ubuntu16.04.2_amd64.deb ...#7 10.68 Preparing to unpack .../libp11-kit-dev_0.23.2-5~ubuntu16.04.2_amd64.deb ...

#7 10.69 Unpacking libp11-kit-dev:amd64 (0.23.2-5~ubuntu16.04.2) ...#7 10.69 Unpacking libp11-kit-dev:amd64 (0.23.2-5~ubuntu16.04.2) ...

#7 10.84 Selecting previously unselected package pkg-config.#7 10.84 Selecting previously unselected package pkg-config.

#7 10.85 Preparing to unpack .../pkg-config_0.29.1-0ubuntu1_amd64.deb ...#7 10.85 Preparing to unpack .../pkg-config_0.29.1-0ubuntu1_amd64.deb ...

#7 10.87 Unpacking pkg-config (0.29.1-0ubuntu1) ...#7 10.87 Unpacking pkg-config (0.29.1-0ubuntu1) ...

#7 10.95 Selecting previously unselected package libidn11-dev.#7 10.95 Selecting previously unselected package libidn11-dev.

#7 10.95 Preparing to unpack .../libidn11-dev_1.32-3ubuntu1.2_amd64.deb ...#7 10.95 Preparing to unpack .../libidn11-dev_1.32-3ubuntu1.2_amd64.deb ...

#7 10.96 Unpacking libidn11-dev (1.32-3ubuntu1.2) ...
#7 10.96 Unpacking libidn11-dev (1.32-3ubuntu1.2) ...#7 11.03 Selecting previously unselected package libgnutls-dev:amd64.

#7 11.03 Selecting previously unselected package libgnutls-dev:amd64.#7 11.04 Preparing to unpack .../libgnutls-dev_3.4.10-4ubuntu1.9_amd64.deb ...

#7 11.04 Preparing to unpack .../libgnutls-dev_3.4.10-4ubuntu1.9_amd64.deb ...#7 11.04 Unpacking libgnutls-dev:amd64 (3.4.10-4ubuntu1.9) ...

#7 11.04 Unpacking libgnutls-dev:amd64 (3.4.10-4ubuntu1.9) ...
#7 11.18 Selecting previously unselected package libgnutls28-dev:amd64.#7 11.18 Selecting previously unselected package libgnutls28-dev:amd64.

#7 11.19 Preparing to unpack .../libgnutls28-dev_3.4.10-4ubuntu1.9_amd64.deb ...#7 11.19 Preparing to unpack .../libgnutls28-dev_3.4.10-4ubuntu1.9_amd64.deb ...

#7 11.19 Unpacking libgnutls28-dev:amd64 (3.4.10-4ubuntu1.9) ...#7 11.19 Unpacking libgnutls28-dev:amd64 (3.4.10-4ubuntu1.9) ...

#7 11.24 Selecting previously unselected package shishi-common.#7 11.24 Selecting previously unselected package shishi-common.

#7 11.24 Preparing to unpack .../shishi-common_1.0.2-6build1_all.deb ...#7 11.24 Preparing to unpack .../shishi-common_1.0.2-6build1_all.deb ...

#7 11.25 Unpacking shishi-common (1.0.2-6build1) ...#7 11.25 Unpacking shishi-common (1.0.2-6build1) ...

#7 11.30 Selecting previously unselected package libshishi0.#7 11.30 Selecting previously unselected package libshishi0.

#7 11.30 Preparing to unpack .../libshishi0_1.0.2-6build1_amd64.deb ...#7 11.30 Preparing to unpack .../libshishi0_1.0.2-6build1_amd64.deb ...

#7 11.31 Unpacking libshishi0 (1.0.2-6build1) ...#7 11.31 Unpacking libshishi0 (1.0.2-6build1) ...

#7 11.38 Selecting previously unselected package libshishi-dev.#7 11.38 Selecting previously unselected package libshishi-dev.

#7 11.38 Preparing to unpack .../libshishi-dev_1.0.2-6build1_amd64.deb ...#7 11.38 Preparing to unpack .../libshishi-dev_1.0.2-6build1_amd64.deb ...

#7 11.39 Unpacking libshishi-dev (1.0.2-6build1) ...#7 11.39 Unpacking libshishi-dev (1.0.2-6build1) ...

#7 11.48 Selecting previously unselected package libgss3.#7 11.48 Selecting previously unselected package libgss3.

#7 11.48 Preparing to unpack .../libgss3_1.0.3-2_amd64.deb ...#7 11.48 Preparing to unpack .../libgss3_1.0.3-2_amd64.deb ...

#7 11.49 Unpacking libgss3 (1.0.3-2) ...#7 11.49 Unpacking libgss3 (1.0.3-2) ...

#7 11.54 Selecting previously unselected package libtasn1-doc.#7 11.54 Selecting previously unselected package libtasn1-doc.

#7 11.55 Preparing to unpack .../libtasn1-doc_4.7-3ubuntu0.16.04.3_all.deb ...#7 11.55 Preparing to unpack .../libtasn1-doc_4.7-3ubuntu0.16.04.3_all.deb ...

#7 11.55 Unpacking libtasn1-doc (4.7-3ubuntu0.16.04.3) ...#7 11.55 Unpacking libtasn1-doc (4.7-3ubuntu0.16.04.3) ...

#7 11.60 Processing triggers for libc-bin (2.23-0ubuntu11.3) ...#7 11.60 Processing triggers for libc-bin (2.23-0ubuntu11.3) ...

#7 11.67 Setting up libglib2.0-0:amd64 (2.48.2-0ubuntu4.8) ...
#7 11.69 No schema files found: doing nothing.
#7 11.67 Setting up libglib2.0-0:amd64 (2.48.2-0ubuntu4.8) ...#7 11.70 Setting up sgml-base (1.26+nmu4ubuntu1) ...

#7 11.69 No schema files found: doing nothing.
#7 11.70 Setting up sgml-base (1.26+nmu4ubuntu1) ...
#7 11.77 Setting up liblzo2-2:amd64 (2.08-1.2) ...#7 11.77 Setting up liblzo2-2:amd64 (2.08-1.2) ...

#7 11.79 Setting up libgnutls-openssl27:amd64 (3.4.10-4ubuntu1.9) ...#7 11.79 Setting up libgnutls-openssl27:amd64 (3.4.10-4ubuntu1.9) ...

#7 11.81 Setting up libglib2.0-data (2.48.2-0ubuntu4.8) ...#7 11.81 Setting up libglib2.0-data (2.48.2-0ubuntu4.8) ...

#7 11.82 Setting up libicu55:amd64 (55.1-7ubuntu0.5) ...#7 11.82 Setting up libicu55:amd64 (55.1-7ubuntu0.5) ...

#7 11.84 Setting up libxml2:amd64 (2.9.3+dfsg1-1ubuntu0.7) ...#7 11.84 Setting up libxml2:amd64 (2.9.3+dfsg1-1ubuntu0.7) ...

#7 11.85 Setting up shared-mime-info (1.5-2ubuntu0.2) ...#7 11.85 Setting up shared-mime-info (1.5-2ubuntu0.2) ...

#7 14.21 Setting up xdg-user-dirs (0.15-2ubuntu6.16.04.1) ...
#7 14.23 Setting up xml-core (0.13+nmu2) ...
#7 14.21 Setting up xdg-user-dirs (0.15-2ubuntu6.16.04.1) ...
#7 14.23 Setting up xml-core (0.13+nmu2) ...
#7 14.96 Setting up libarchive13:amd64 (3.1.2-11ubuntu0.16.04.8) ...#7 14.96 Setting up libarchive13:amd64 (3.1.2-11ubuntu0.16.04.8) ...

#7 15.05 Setting up libgmpxx4ldbl:amd64 (2:6.1.0+dfsg-2) ...
#7 15.05 Setting up libgmpxx4ldbl:amd64 (2:6.1.0+dfsg-2) ...#7 15.10 Setting up libgmp-dev:amd64 (2:6.1.0+dfsg-2) ...

#7 15.10 Setting up libgmp-dev:amd64 (2:6.1.0+dfsg-2) ...
#7 15.15 Setting up libgnutlsxx28:amd64 (3.4.10-4ubuntu1.9) ...
#7 15.20 Setting up nettle-dev (3.2-1ubuntu0.16.04.2) ...
#7 15.23 Setting up libtasn1-6-dev:amd64 (4.7-3ubuntu0.16.04.3) ...
#7 15.15 Setting up libgnutlsxx28:amd64 (3.4.10-4ubuntu1.9) ...
#7 15.20 Setting up nettle-dev (3.2-1ubuntu0.16.04.2) ...
#7 15.23 Setting up libtasn1-6-dev:amd64 (4.7-3ubuntu0.16.04.3) ...
#7 15.25 Setting up libp11-kit-dev:amd64 (0.23.2-5~ubuntu16.04.2) ...#7 15.25 Setting up libp11-kit-dev:amd64 (0.23.2-5~ubuntu16.04.2) ...

#7 15.27 Setting up pkg-config (0.29.1-0ubuntu1) ...#7 15.27 Setting up pkg-config (0.29.1-0ubuntu1) ...

#7 15.36 Setting up libidn11-dev (1.32-3ubuntu1.2) ...#7 15.36 Setting up libidn11-dev (1.32-3ubuntu1.2) ...

#7 15.39 Setting up libgnutls-dev:amd64 (3.4.10-4ubuntu1.9) ...#7 15.39 Setting up libgnutls-dev:amd64 (3.4.10-4ubuntu1.9) ...

#7 15.42 Setting up libgnutls28-dev:amd64 (3.4.10-4ubuntu1.9) ...#7 15.42 Setting up libgnutls28-dev:amd64 (3.4.10-4ubuntu1.9) ...

#7 15.44 Setting up shishi-common (1.0.2-6build1) ...#7 15.44 Setting up shishi-common (1.0.2-6build1) ...

#7 15.49 Setting up libshishi0 (1.0.2-6build1) ...#7 15.49 Setting up libshishi0 (1.0.2-6build1) ...

#7 15.53 Setting up libshishi-dev (1.0.2-6build1) ...#7 15.53 Setting up libshishi-dev (1.0.2-6build1) ...

#7 15.56 Setting up libgss3 (1.0.3-2) ...#7 15.56 Setting up libgss3 (1.0.3-2) ...

#7 15.61 Setting up libtasn1-doc (4.7-3ubuntu0.16.04.3) ...#7 15.61 Setting up libtasn1-doc (4.7-3ubuntu0.16.04.3) ...

#7 15.65 Processing triggers for libc-bin (2.23-0ubuntu11.3) ...#7 15.65 Processing triggers for libc-bin (2.23-0ubuntu11.3) ...

#7 15.68 Processing triggers for sgml-base (1.26+nmu4ubuntu1) ...#7 15.68 Processing triggers for sgml-base (1.26+nmu4ubuntu1) ...

#7 DONE 16.4s
#7 DONE 16.4s


#8 [stage-1  3/13] RUN mkdir -p /out
#8 [stage-1  3/13] RUN mkdir -p /out
#8 sha256:930b3ed92b5030405f2600e3208f3a6203b4469e02728e074e87129e14f2adae
#8 sha256:930b3ed92b5030405f2600e3208f3a6203b4469e02728e074e87129e14f2adae
#8 DONE 1.1s
#8 DONE 1.1s


#9 [stage-1  4/13] WORKDIR /out
#9 [stage-1  4/13] WORKDIR /out
#9 sha256:38351bc1bbdd91e7c79b9e5d4b2fd1b8ab9f44fac26e62100ddd03f4d8620000
#9 sha256:38351bc1bbdd91e7c79b9e5d4b2fd1b8ab9f44fac26e62100ddd03f4d8620000
#9 DONE 0.1s
#9 DONE 0.1s


#11 [stage-1  5/13] COPY --from=builder /out/ ./
#11 [stage-1  5/13] COPY --from=builder /out/ ./
#11 sha256:e199b6936296386a8b9d7bad8caa3e6364d72df39b6a2bdcb67185f98ff43ecc
#11 sha256:e199b6936296386a8b9d7bad8caa3e6364d72df39b6a2bdcb67185f98ff43ecc
#11 DONE 0.1s

#13 [stage-1  6/13] COPY benchmarks /src/benchmarks
#13 sha256:40933133fe0144295fa0e852ac4c5902e90bd3c1790289a444fb0af945263dd3
#11 DONE 0.1s
#13 DONE 1.3s

#14 [stage-1  7/13] COPY fuzzers /src/fuzzers
#14 sha256:8889c7ab2e4aff6b16eef652f595626a957158f893917f967a57c8310aa7676b
#14 DONE 0.2s

#15 [stage-1  8/13] RUN touch __init__.py
#15 sha256:a4da4b52c84c1eeab8337caa6d28447cfe08e82709be18f1d655910be44b96f6
#15 DONE 0.5s

#16 [stage-1  9/13] RUN mkdir -p /out/seeds /out/corpus
#16 sha256:408835f0e0efde65ec5f95b17902b12001256427751ee38833707cd5995465a7
#16 DONE 0.9s

#17 [stage-1 10/13] COPY common /src/common
#17 sha256:de4db97c0de544ab5f2d81ff34d5039934fff89865c156f8309ab46f54634525
#17 DONE 0.4s

#18 [stage-1 11/13] COPY experiment/runner.py /src/experiment/runner.py
#18 sha256:4423f204b2b2de1d1ec580a8e3f2368ff182c8c3e3d13f7ad7e06462ea7f9e4d
#18 DONE 0.3s

#19 [stage-1 12/13] COPY docker/benchmark-runner /src/docker/benchmark-runner
#19 sha256:e75bca0a2c6411d89e749e96060ac6424f571aa7ad52ff66db3b367024d7ddf7
#19 DONE 0.3s

#20 [stage-1 13/13] RUN chmod +x /src/docker/benchmark-runner/startup-runner.sh
#20 sha256:5d12a3b7d1ae18fc5dfdd165d4fe7b93f5ccab6a6b66fa8fc1432ba5e7cb9080
#20 DONE 0.8s

#21 exporting to image
#21 sha256:e8c613e07b0b7ff33893b694f7759a10d42e180f2b4dc349fb57dc6b71dcab00
#21 exporting layers done
#21 writing image sha256:de3e37ba6a5591bafe4f5492ab75913e4f12f002a259c40e905cd0a617826661 0.0s done
#21 naming to gcr.io/fuzzbench/runners/afl/mruby_mruby done
#21 DONE 0.0s

#22 exporting cache
#22 sha256:2700d4ef94dee473593c5c614b55b2dedcca7893909811a8f2b48291a1f581e4
#22 preparing build cache for export 0.0s done
#22 DONE 0.0s
------
 > importing cache manifest from gcr.io/fuzzbench/runners/afl/mruby_mruby:
------

#21 exporting to image
#21 sha256:e8c613e07b0b7ff33893b694f7759a10d42e180f2b4dc349fb57dc6b71dcab00
#21 exporting layers done
#21 writing image sha256:de3e37ba6a5591bafe4f5492ab75913e4f12f002a259c40e905cd0a617826661 0.0s done
#21 naming to gcr.io/fuzzbench/runners/afl/mruby_mruby done
#21 DONE 0.1s

#22 exporting cache
#22 sha256:2700d4ef94dee473593c5c614b55b2dedcca7893909811a8f2b48291a1f581e4
#22 preparing build cache for export 0.0s done
#22 DONE 0.0s
------
 > importing cache manifest from gcr.io/fuzzbench/runners/afl/mruby_mruby:
------
INFO:root:Doing trial as part of experiment.
INFO:root:Starting trial.
ERROR:root:Fuzz target binary not found.
INFO:root:Doing trial as part of experiment.
INFO:root:Starting trial.
ERROR:root:Fuzz target binary not found.
INFO:root:Doing final sync.
ERROR:root:Call to <function get_stats at 0x7f1b04766f70> failed. Extras: {'traceback': 'Traceback (most recent call last):\n  File "/src/experiment/runner.py", line 374, in record_stats\n    stats_json_str = fuzzer_module_get_stats(output_corpus,\n  File "/src/fuzzers/afl/fuzzer.py", line 51, in get_stats\n    with open(stats_file) as file_handle:\nFileNotFoundError: [Errno 2] No such file or directory: \'/out/corpus/fuzzer_stats\'\n'}
INFO:root:Doing final sync.
ERROR:root:Call to <function get_stats at 0x7efe3cc0ff70> failed. Extras: {'traceback': 'Traceback (most recent call last):\n  File "/src/experiment/runner.py", line 374, in record_stats\n    stats_json_str = fuzzer_module_get_stats(output_corpus,\n  File "/src/fuzzers/afl/fuzzer.py", line 51, in get_stats\n    with open(stats_file) as file_handle:\nFileNotFoundError: [Errno 2] No such file or directory: \'/out/corpus/fuzzer_stats\'\n'}
