WARNING:root:gcloud not found in PATH.
INFO:root:Successfully integrated benchmark: openjpeg_openjpeg.
INFO:root:Please run "make test-run-afl-openjpeg_openjpeg" to test integration.
#1 [internal] load build definition from Dockerfile
#1 sha256:1819259585cd9af807c7e6202b67b64c57f8ce021245716329966b979bd3083a
#1 transferring dockerfile: 1.06kB done
#1 DONE 0.0s

#2 [internal] load .dockerignore
#2 sha256:02388a4f67bcb947d842a061a9399021d9ddf3ab5db2569013aefb0d4cf13f70
#2 transferring context: 2B done
#2 DONE 0.0s

#3 [internal] load metadata for gcr.io/oss-fuzz-base/base-builder:latest
#3 sha256:f10dc39cc9d418a5bc416dead31a1902b6821fdae909cd3b08f7a3fd1faba7b5
#3 DONE 0.4s

#10 [internal] load build context
#10 sha256:cde728b96fd03127553606e459f43b91be3531996fcbf4c7d36dca093ea31019
#10 DONE 0.0s

#5 [1/6] FROM gcr.io/oss-fuzz-base/base-builder@sha256:4ad017ca53699eda684c1c444948c93a4af848fe34baee3a765d3c4693fe6a56
#5 sha256:3f10b3978a3951f6e2692fa5e5890ee5a755650381dedece7198ed0b1dcdaa8c
#5 DONE 0.0s

#4 importing cache manifest from gcr.io/fuzzbench/builders/benchmark/openjpeg_openjpeg
#4 sha256:221b85a56e92122479241ac3d55ab3075f9a7486ca9740b18ca5b8764566ee4e
#4 ERROR: gcr.io/fuzzbench/builders/benchmark/openjpeg_openjpeg:latest: not found

#5 [1/6] FROM gcr.io/oss-fuzz-base/base-builder@sha256:4ad017ca53699eda684c1c444948c93a4af848fe34baee3a765d3c4693fe6a56
#5 sha256:3f10b3978a3951f6e2692fa5e5890ee5a755650381dedece7198ed0b1dcdaa8c
#5 CACHED

#6 [2/6] RUN apt-get update && apt-get install -y make cmake g++
#6 sha256:2b271ac45883166bd9a740e5cc8a1522287c758f7288e425b999e33d32a5ed1b
#6 ...

#10 [internal] load build context
#10 sha256:cde728b96fd03127553606e459f43b91be3531996fcbf4c7d36dca093ea31019
#10 transferring context: 864B done
#10 DONE 0.1s

#6 [2/6] RUN apt-get update && apt-get install -y make cmake g++
#6 sha256:2b271ac45883166bd9a740e5cc8a1522287c758f7288e425b999e33d32a5ed1b
#6 0.571 Hit:1 http://ppa.launchpad.net/git-core/ppa/ubuntu focal InRelease
#6 0.902 Hit:2 http://archive.ubuntu.com/ubuntu focal InRelease
#6 0.905 Get:3 http://security.ubuntu.com/ubuntu focal-security InRelease [114 kB]
#6 0.917 Get:4 http://archive.ubuntu.com/ubuntu focal-updates InRelease [114 kB]
#6 1.017 Get:5 http://archive.ubuntu.com/ubuntu focal-backports InRelease [108 kB]
#6 1.273 Get:6 http://security.ubuntu.com/ubuntu focal-security/main amd64 Packages [1547 kB]
#6 1.435 Get:7 http://archive.ubuntu.com/ubuntu focal-updates/main i386 Packages [752 kB]
#6 1.536 Get:8 http://archive.ubuntu.com/ubuntu focal-updates/universe amd64 Packages [1134 kB]
#6 1.617 Get:9 http://archive.ubuntu.com/ubuntu focal-updates/universe i386 Packages [827 kB]
#6 1.678 Get:10 http://archive.ubuntu.com/ubuntu focal-updates/main amd64 Packages [1973 kB]
#6 1.993 Fetched 6568 kB in 2s (4329 kB/s)
#6 1.993 Reading package lists...
#6 3.696 Reading package lists...
#6 5.110 Building dependency tree...
#6 5.321 Reading state information...
#6 5.530 g++ is already the newest version (4:9.3.0-1ubuntu2).
#6 5.530 g++ set to manually installed.
#6 5.530 make is already the newest version (4.2.1-1.2).
#6 5.530 make set to manually installed.
#6 5.530 The following additional packages will be installed:
#6 5.532   cmake-data libarchive13 libjsoncpp1 librhash0 libuv1
#6 5.534 Suggested packages:
#6 5.534   cmake-doc ninja-build lrzip
#6 5.571 The following NEW packages will be installed:
#6 5.573   cmake cmake-data libarchive13 libjsoncpp1 librhash0 libuv1
#6 5.647 0 upgraded, 6 newly installed, 0 to remove and 0 not upgraded.
#6 5.647 Need to get 5877 kB of archives.
#6 5.647 After this operation, 29.5 MB of additional disk space will be used.
#6 5.647 Get:1 http://archive.ubuntu.com/ubuntu focal-updates/main amd64 libuv1 amd64 1.34.2-1ubuntu1.3 [80.8 kB]
#6 5.731 Get:2 http://archive.ubuntu.com/ubuntu focal/main amd64 cmake-data all 3.16.3-1ubuntu1 [1612 kB]
#6 5.884 Get:3 http://archive.ubuntu.com/ubuntu focal/main amd64 libarchive13 amd64 3.4.0-2ubuntu1 [327 kB]
#6 5.910 Get:4 http://archive.ubuntu.com/ubuntu focal/main amd64 libjsoncpp1 amd64 1.7.4-3.1ubuntu2 [75.6 kB]
#6 5.916 Get:5 http://archive.ubuntu.com/ubuntu focal/main amd64 librhash0 amd64 1.3.9-1 [113 kB]
#6 5.925 Get:6 http://archive.ubuntu.com/ubuntu focal/main amd64 cmake amd64 3.16.3-1ubuntu1 [3669 kB]
#6 6.900 debconf: delaying package configuration, since apt-utils is not installed
#6 7.175 Fetched 5877 kB in 1s (9558 kB/s)
#6 7.624 Selecting previously unselected package libuv1:amd64.
#6 7.624 (Reading database ... (Reading database ... 5%(Reading database ... 10%(Reading database ... 15%(Reading database ... 20%(Reading database ... 25%(Reading database ... 30%(Reading database ... 35%(Reading database ... 40%(Reading database ... 45%(Reading database ... 50%(Reading database ... 55%(Reading database ... 60%(Reading database ... 65%(Reading database ... 70%(Reading database ... 75%(Reading database ... 80%(Reading database ... 85%(Reading database ... 90%(Reading database ... 95%(Reading database ... 100%(Reading database ... 21291 files and directories currently installed.)
#6 7.647 Preparing to unpack .../0-libuv1_1.34.2-1ubuntu1.3_amd64.deb ...
#6 7.784 Unpacking libuv1:amd64 (1.34.2-1ubuntu1.3) ...
#6 9.884 Selecting previously unselected package cmake-data.
#6 9.887 Preparing to unpack .../1-cmake-data_3.16.3-1ubuntu1_all.deb ...
#6 10.02 Unpacking cmake-data (3.16.3-1ubuntu1) ...
#6 11.07 Selecting previously unselected package libarchive13:amd64.
#6 11.08 Preparing to unpack .../2-libarchive13_3.4.0-2ubuntu1_amd64.deb ...
#6 11.08 Unpacking libarchive13:amd64 (3.4.0-2ubuntu1) ...
#6 11.19 Selecting previously unselected package libjsoncpp1:amd64.
#6 11.19 Preparing to unpack .../3-libjsoncpp1_1.7.4-3.1ubuntu2_amd64.deb ...
#6 11.20 Unpacking libjsoncpp1:amd64 (1.7.4-3.1ubuntu2) ...
#6 11.30 Selecting previously unselected package librhash0:amd64.
#6 11.31 Preparing to unpack .../4-librhash0_1.3.9-1_amd64.deb ...
#6 11.31 Unpacking librhash0:amd64 (1.3.9-1) ...
#6 11.38 Selecting previously unselected package cmake.
#6 11.38 Preparing to unpack .../5-cmake_3.16.3-1ubuntu1_amd64.deb ...
#6 11.39 Unpacking cmake (3.16.3-1ubuntu1) ...
#6 11.89 Setting up libarchive13:amd64 (3.4.0-2ubuntu1) ...
#6 11.94 Setting up libuv1:amd64 (1.34.2-1ubuntu1.3) ...
#6 11.98 Setting up librhash0:amd64 (1.3.9-1) ...
#6 12.02 Setting up cmake-data (3.16.3-1ubuntu1) ...
#6 12.05 Setting up libjsoncpp1:amd64 (1.7.4-3.1ubuntu2) ...
#6 12.09 Setting up cmake (3.16.3-1ubuntu1) ...
#6 12.12 Processing triggers for libc-bin (2.31-0ubuntu9.2) ...
#6 DONE 12.9s

#7 [3/6] RUN git clone --depth 1 https://github.com/uclouvain/openjpeg openjpeg
#7 sha256:07f7e5fdec42e728e01dad3eaf2c0c9e50aa551c747907b9fc09c422fa20d4ce
#7 0.444 Cloning into 'openjpeg'...
#7 DONE 3.5s

#8 [4/6] RUN git clone --depth 1 https://github.com/uclouvain/openjpeg-data openjpeg/data
#8 sha256:1528a39cf380cbbed769496cd81b8576c3b3d017b7aeda49bf4c767482ede9aa
#8 0.433 Cloning into 'openjpeg/data'...
#8 45.67 Updating files:  10% (132/1256)Updating files:  11% (139/1256)Updating files:  12% (151/1256)Updating files:  13% (164/1256)Updating files:  14% (176/1256)Updating files:  15% (189/1256)Updating files:  15% (196/1256)Updating files:  16% (201/1256)Updating files:  17% (214/1256)Updating files:  18% (227/1256)Updating files:  19% (239/1256)Updating files:  20% (252/1256)Updating files:  21% (264/1256)Updating files:  22% (277/1256)Updating files:  23% (289/1256)Updating files:  24% (302/1256)Updating files:  25% (314/1256)Updating files:  26% (327/1256)Updating files:  27% (340/1256)Updating files:  28% (352/1256)Updating files:  29% (365/1256)Updating files:  30% (377/1256)Updating files:  31% (390/1256)Updating files:  32% (402/1256)Updating files:  33% (415/1256)Updating files:  34% (428/1256)Updating files:  35% (440/1256)Updating files:  36% (453/1256)Updating files:  37% (465/1256)Updating files:  38% (478/1256)Updating files:  39% (490/1256)Updating files:  40% (503/1256)Updating files:  41% (515/1256)Updating files:  42% (528/1256)Updating files:  43% (541/1256)Updating files:  44% (553/1256)Updating files:  45% (566/1256)Updating files:  46% (578/1256)Updating files:  47% (591/1256)Updating files:  48% (603/1256)Updating files:  49% (616/1256)Updating files:  50% (628/1256)Updating files:  51% (641/1256)Updating files:  52% (654/1256)Updating files:  53% (666/1256)Updating files:  54% (679/1256)Updating files:  55% (691/1256)Updating files:  56% (704/1256)Updating files:  57% (716/1256)Updating files:  58% (729/1256)Updating files:  59% (742/1256)Updating files:  60% (754/1256)Updating files:  61% (767/1256)Updating files:  62% (779/1256)Updating files:  63% (792/1256)Updating files:  64% (804/1256)Updating files:  65% (817/1256)Updating files:  66% (829/1256)Updating files:  67% (842/1256)Updating files:  68% (855/1256)Updating files:  69% (867/1256)Updating files:  70% (880/1256)Updating files:  71% (892/1256)Updating files:  72% (905/1256)Updating files:  73% (917/1256)Updating files:  74% (930/1256)Updating files:  75% (942/1256)Updating files:  75% (952/1256)Updating files:  76% (955/1256)Updating files:  77% (968/1256)Updating files:  78% (980/1256)Updating files:  79% (993/1256)Updating files:  80% (1005/1256)Updating files:  81% (1018/1256)Updating files:  82% (1030/1256)Updating files:  82% (1037/1256)Updating files:  83% (1043/1256)Updating files:  84% (1056/1256)Updating files:  85% (1068/1256)Updating files:  86% (1081/1256)Updating files:  87% (1093/1256)Updating files:  88% (1106/1256)Updating files:  89% (1118/1256)Updating files:  90% (1131/1256)Updating files:  91% (1143/1256)Updating files:  92% (1156/1256)Updating files:  93% (1169/1256)Updating files:  94% (1181/1256)Updating files:  95% (1194/1256)Updating files:  96% (1206/1256)Updating files:  97% (1219/1256)Updating files:  98% (1231/1256)Updating files:  99% (1244/1256)Updating files: 100% (1256/1256)Updating files: 100% (1256/1256), done.
#8 DONE 52.1s

#9 [5/6] WORKDIR openjpeg
#9 sha256:cba7b93b8a2e4780dfdf0be7a9f1706a3d26e30b75f05c85f7c11293e293cd89
#9 DONE 0.1s

#11 [6/6] COPY build.sh /src/
#11 sha256:86f85e4379f268d99b62089708a638d51b093bfd7107f5a3fde37648d0162ec0
#11 DONE 0.2s

#12 exporting to image
#12 sha256:e8c613e07b0b7ff33893b694f7759a10d42e180f2b4dc349fb57dc6b71dcab00
#12 exporting layers done
#12 writing image sha256:179372e69e302b07c1211b1afc9fff3b00ab8ff85f1b07731e56a78e85874507 done
#12 naming to gcr.io/fuzzbench/builders/benchmark/openjpeg_openjpeg 0.0s done
#12 DONE 0.3s

#13 exporting cache
#13 sha256:2700d4ef94dee473593c5c614b55b2dedcca7893909811a8f2b48291a1f581e4
#13 preparing build cache for export done
#13 DONE 0.0s
------
 > importing cache manifest from gcr.io/fuzzbench/builders/benchmark/openjpeg_openjpeg:
------
#1 [internal] load build definition from builder.Dockerfile
#1 sha256:de8ddbb593b12d07de3b5eb610d233e6bbe0817ed1f1faac3a05edcde78494a7
#1 transferring dockerfile: 1.35kB done
#1 DONE 0.1s

#2 [internal] load .dockerignore
#2 sha256:34f4921cf07e8cb8b69ed5ef76073349a81c2e530abdb54cad246dbdf7560ec3
#2 transferring context: 2B done
#2 DONE 0.1s

#3 [internal] load metadata for gcr.io/fuzzbench/builders/benchmark/openjpeg_openjpeg:latest
#3 sha256:06c0319e2b4fabbc4de59f9d310a732151941eb6b78f7a844029c27cec5991eb
#3 DONE 0.0s

#5 [1/3] FROM gcr.io/fuzzbench/builders/benchmark/openjpeg_openjpeg
#5 sha256:099aff94a7475423678f4ee69fa6a3fe351d7b4140e60c492481f881a37882ee
#5 DONE 0.0s

#4 importing cache manifest from gcr.io/fuzzbench/builders/afl/openjpeg_openjpeg-intermediate
#4 sha256:2bc60283aafba588135c86406c6c20774b85057df6c610aed8ef7cc4255962ea
#4 ERROR: gcr.io/fuzzbench/builders/afl/openjpeg_openjpeg-intermediate:latest: not found

#5 [1/3] FROM gcr.io/fuzzbench/builders/benchmark/openjpeg_openjpeg
#5 sha256:099aff94a7475423678f4ee69fa6a3fe351d7b4140e60c492481f881a37882ee
#5 DONE 0.5s

#6 [2/3] RUN git clone https://github.com/google/AFL.git /afl &&     cd /afl &&     git checkout 61037103ae3722c8060ff7082994836a794f978e &&     AFL_NO_X86=1 make
#6 sha256:12217948f866786cd06f02cfa6e7310397ab6c8ed60cdfe88c3b2b7a67e112e2
#6 0.465 Cloning into '/afl'...
#6 1.403 Note: switching to '61037103ae3722c8060ff7082994836a794f978e'.
#6 1.403 
#6 1.403 You are in 'detached HEAD' state. You can look around, make experimental
#6 1.403 changes and commit them, and you can discard any commits you make in this
#6 1.403 state without impacting any branches by switching back to a branch.
#6 1.403 
#6 1.403 If you want to create a new branch to retain commits you create, you may
#6 1.403 do so (now or later) by using -c with the switch command. Example:
#6 1.403 
#6 1.403   git switch -c <new-branch-name>
#6 1.403 
#6 1.403 Or undo this operation with:
#6 1.403 
#6 1.403   git switch -
#6 1.403 
#6 1.403 Turn off this advice by setting config variable advice.detachedHead to false
#6 1.403 
#6 1.403 HEAD is now at 6103710 Fix a typo filename comparison in the fuzzer (#139)
#6 1.447 [!] Note: skipping x86 compilation checks (AFL_NO_X86 set).
#6 1.447 clang -O1 -fno-omit-frame-pointer -gline-tables-only -DFUZZING_BUILD_MODE_UNSAFE_FOR_PRODUCTION -Wall -D_FORTIFY_SOURCE=2 -g -Wno-pointer-sign -DAFL_PATH=\"/usr/local/lib/afl\" -DDOC_PATH=\"/usr/local/share/doc/afl\" -DBIN_PATH=\"/usr/local/bin\" afl-gcc.c -o afl-gcc -ldl
#6 1.642 set -e; for i in afl-g++ afl-clang afl-clang++; do ln -sf afl-gcc $i; done
#6 1.655 clang -O1 -fno-omit-frame-pointer -gline-tables-only -DFUZZING_BUILD_MODE_UNSAFE_FOR_PRODUCTION -Wall -D_FORTIFY_SOURCE=2 -g -Wno-pointer-sign -DAFL_PATH=\"/usr/local/lib/afl\" -DDOC_PATH=\"/usr/local/share/doc/afl\" -DBIN_PATH=\"/usr/local/bin\" afl-fuzz.c -o afl-fuzz -ldl
#6 4.186 clang -O1 -fno-omit-frame-pointer -gline-tables-only -DFUZZING_BUILD_MODE_UNSAFE_FOR_PRODUCTION -Wall -D_FORTIFY_SOURCE=2 -g -Wno-pointer-sign -DAFL_PATH=\"/usr/local/lib/afl\" -DDOC_PATH=\"/usr/local/share/doc/afl\" -DBIN_PATH=\"/usr/local/bin\" afl-showmap.c -o afl-showmap -ldl
#6 4.500 clang -O1 -fno-omit-frame-pointer -gline-tables-only -DFUZZING_BUILD_MODE_UNSAFE_FOR_PRODUCTION -Wall -D_FORTIFY_SOURCE=2 -g -Wno-pointer-sign -DAFL_PATH=\"/usr/local/lib/afl\" -DDOC_PATH=\"/usr/local/share/doc/afl\" -DBIN_PATH=\"/usr/local/bin\" afl-tmin.c -o afl-tmin -ldl
#6 4.927 clang -O1 -fno-omit-frame-pointer -gline-tables-only -DFUZZING_BUILD_MODE_UNSAFE_FOR_PRODUCTION -Wall -D_FORTIFY_SOURCE=2 -g -Wno-pointer-sign -DAFL_PATH=\"/usr/local/lib/afl\" -DDOC_PATH=\"/usr/local/share/doc/afl\" -DBIN_PATH=\"/usr/local/bin\" afl-gotcpu.c -o afl-gotcpu -ldl
#6 5.076 clang -O1 -fno-omit-frame-pointer -gline-tables-only -DFUZZING_BUILD_MODE_UNSAFE_FOR_PRODUCTION -Wall -D_FORTIFY_SOURCE=2 -g -Wno-pointer-sign -DAFL_PATH=\"/usr/local/lib/afl\" -DDOC_PATH=\"/usr/local/share/doc/afl\" -DBIN_PATH=\"/usr/local/bin\" afl-analyze.c -o afl-analyze -ldl
#6 5.471 clang -O1 -fno-omit-frame-pointer -gline-tables-only -DFUZZING_BUILD_MODE_UNSAFE_FOR_PRODUCTION -Wall -D_FORTIFY_SOURCE=2 -g -Wno-pointer-sign -DAFL_PATH=\"/usr/local/lib/afl\" -DDOC_PATH=\"/usr/local/share/doc/afl\" -DBIN_PATH=\"/usr/local/bin\" afl-as.c -o afl-as -ldl
#6 5.706 ln -sf afl-as as
#6 5.709 [!] Note: skipping build tests (you may need to use LLVM or QEMU mode).
#6 5.711 [+] LLVM users: see llvm_mode/README.llvm for a faster alternative to afl-gcc.
#6 5.712 [+] All done! Be sure to review README - it's pretty short and useful.
#6 DONE 6.0s

#7 [3/3] RUN apt-get update &&     apt-get install wget -y &&     wget https://raw.githubusercontent.com/llvm/llvm-project/5feb80e748924606531ba28c97fe65145c65372e/compiler-rt/lib/fuzzer/afl/afl_driver.cpp -O /afl/afl_driver.cpp &&     clang -Wno-pointer-sign -c /afl/llvm_mode/afl-llvm-rt.o.c -I/afl &&     clang++ -stdlib=libc++ -std=c++11 -O2 -c /afl/afl_driver.cpp &&     ar r /libAFL.a *.o
#7 sha256:7779d0e02092fb59355853df8fe58dbeafd7260f040a90b0ed8e1cfb4d317da9
#7 0.805 Hit:1 http://archive.ubuntu.com/ubuntu focal InRelease
#7 0.805 Hit:2 http://archive.ubuntu.com/ubuntu focal-updates InRelease
#7 0.805 Hit:3 http://ppa.launchpad.net/git-core/ppa/ubuntu focal InRelease
#7 0.826 Hit:4 http://archive.ubuntu.com/ubuntu focal-backports InRelease
#7 0.945 Hit:5 http://security.ubuntu.com/ubuntu focal-security InRelease
#7 1.717 Reading package lists...
#7 3.307 Reading package lists...
#7 4.784 Building dependency tree...
#7 5.002 Reading state information...
#7 5.268 wget is already the newest version (1.20.3-1ubuntu2).
#7 5.268 0 upgraded, 0 newly installed, 0 to remove and 0 not upgraded.
#7 5.273 --2022-02-16 12:26:36--  https://raw.githubusercontent.com/llvm/llvm-project/5feb80e748924606531ba28c97fe65145c65372e/compiler-rt/lib/fuzzer/afl/afl_driver.cpp
#7 5.276 Resolving raw.githubusercontent.com (raw.githubusercontent.com)... 185.199.109.133, 185.199.110.133, 185.199.111.133, ...
#7 5.278 Connecting to raw.githubusercontent.com (raw.githubusercontent.com)|185.199.109.133|:443... connected.
#7 5.300 HTTP request sent, awaiting response... 200 OK
#7 5.484 Length: 9177 (9.0K) [text/plain]
#7 5.484 Saving to: '/afl/afl_driver.cpp'
#7 5.485 
#7 5.485      0K ........                                              100% 7.39M=0.001s
#7 5.486 
#7 5.486 2022-02-16 12:26:36 (7.39 MB/s) - '/afl/afl_driver.cpp' saved [9177/9177]
#7 5.486 
#7 7.269 ar: creating /libAFL.a
#7 DONE 7.5s

#8 exporting to image
#8 sha256:e8c613e07b0b7ff33893b694f7759a10d42e180f2b4dc349fb57dc6b71dcab00
#8 exporting layers done
#8 writing image sha256:2c3c3a2b4950e800d28653eebbbc86cae0ef8c8516ee935581bf6d34ef9c2e5c done
#8 naming to gcr.io/fuzzbench/builders/afl/openjpeg_openjpeg-intermediate
#8 naming to gcr.io/fuzzbench/builders/afl/openjpeg_openjpeg-intermediate done
#8 DONE 0.1s

#9 exporting cache
#9 sha256:2700d4ef94dee473593c5c614b55b2dedcca7893909811a8f2b48291a1f581e4
#9 preparing build cache for export done
#9 DONE 0.0s
------
 > importing cache manifest from gcr.io/fuzzbench/builders/afl/openjpeg_openjpeg-intermediate:
------
#1 [internal] load build definition from Dockerfile
#1 sha256:3fcf92565856158aaf36e0d9644205c62056cf010923c94baa11bd6c9d7bda17
#1 DONE 0.0s

#1 [internal] load build definition from Dockerfile
#1 sha256:3fcf92565856158aaf36e0d9644205c62056cf010923c94baa11bd6c9d7bda17
#1 transferring dockerfile: 2.00kB done
#1 DONE 0.0s

#2 [internal] load .dockerignore
#2 sha256:70fcd764ddf8ceb9ccaa12d369968a29460f80c02995244db50b3af32fbb0f4d
#2 transferring context: 34B done
#2 DONE 0.0s

#3 [internal] load metadata for docker.io/library/ubuntu:xenial
#3 sha256:f62bae18ed588840f045c881b2502661f2a89578a2f8f99b83f5200ee83dd25b
#3 DONE 0.0s

#5 [1/7] FROM docker.io/library/ubuntu:xenial
#5 sha256:14dd403f25ae9e519bd44f27dc17af7ce80f5a4f9f48ca88108364e67ec5d360
#5 DONE 0.0s

#4 importing cache manifest from gcr.io/fuzzbench/base-image
#4 sha256:9b220ebb4d4daceed1b96df9b6dca076e762f1cd612574f010b82d5b9e5ad896
#4 DONE 0.0s

#8 [internal] load build context
#8 sha256:ecfa487b21308c4cc9ace14150938c221a391068d184f0ed61ef2afd1ef357e2
#8 transferring context: 559B 0.2s done
#8 DONE 0.2s

#9 [4/7] COPY ./requirements.txt /
#9 sha256:210fb2690cc0c0645e6d31c437d1b243eb493cb28c99e27f967d15f09dc7b747
#9 CACHED

#10 [5/7] RUN pip3 install -r /requirements.txt
#10 sha256:d339101f545845f1f89d71f0cd74babfe60a0db2fda9d2dcd00f9d65f6c539a7
#10 CACHED

#11 [6/7] RUN apt-get update -y && apt-get install -y     apt-transport-https     lsb-release
#11 sha256:35be0eb799bade7156bbfbbaa1dbd761d068c47b3e41814cbec3b6d8883f014c
#11 CACHED

#6 [2/7] RUN apt-get update -y && apt-get install -y     build-essential     rsync     curl     zlib1g-dev     libncurses5-dev     libgdbm-dev     libnss3-dev     libssl-dev     libreadline-dev     libffi-dev     virtualenv     libbz2-dev     liblzma-dev     libsqlite3-dev
#6 sha256:3a1b0960f17eed529eaae93dc8fd3554f2743dd584d8fa569cdbe6bc734371ac
#6 CACHED

#7 [3/7] RUN cd /tmp/ &&     curl -O https://www.python.org/ftp/python/3.8.6/Python-3.8.6.tar.xz &&     tar -xvf Python-3.8.6.tar.xz &&     cd Python-3.8.6 &&     ./configure --enable-loadable-sqlite-extensions --enable-optimizations &&     make -j install &&     rm -r /tmp/Python-3.8.6.tar.xz /tmp/Python-3.8.6
#7 sha256:c5b9d1fb3371e84dbc60b76e7b2f8d5913bc93bcd4910ab65daa03e7b2ec4bb0
#7 CACHED

#12 [7/7] RUN CLOUD_SDK_REPO="cloud-sdk-$(lsb_release -c -s)" &&     echo "deb https://packages.cloud.google.com/apt $CLOUD_SDK_REPO main"     | tee -a /etc/apt/sources.list.d/google-cloud-sdk.list &&     curl https://packages.cloud.google.com/apt/doc/apt-key.gpg     | apt-key add - &&     apt-get update -y &&     apt-get install -y google-cloud-sdk
#12 sha256:1aafd1e9bbee87b6357760ce3ed0b2bb8acdec14dfae56ca4eece13b5addf627
#12 CACHED

#13 exporting to image
#13 sha256:e8c613e07b0b7ff33893b694f7759a10d42e180f2b4dc349fb57dc6b71dcab00
#13 exporting layers done
#13 writing image sha256:139540fb22a119f888cb3e5ed6e013e8d868574697f5fb839e5da9e23de73e0a 0.0s done
#13 naming to gcr.io/fuzzbench/base-image done
#13 DONE 0.0s

#14 exporting cache
#14 sha256:2700d4ef94dee473593c5c614b55b2dedcca7893909811a8f2b48291a1f581e4
#14 preparing build cache for export done
#14 DONE 0.0s
#1 [internal] load build definition from Dockerfile
#1 sha256:1b255aff1e1f2df7f4f7ccee1c87528ee54e1ed66d688071e5676c684cddb5e7
#1 transferring dockerfile: 2.22kB done
#1 DONE 0.0s

#2 [internal] load .dockerignore
#2 sha256:146eb223bd134092af5e1bfffca893586b47c1f39b6928f7292f47027d6c0c38
#2 transferring context: 34B done
#2 DONE 0.0s

#3 [internal] load metadata for gcr.io/fuzzbench/base-image:latest
#3 sha256:932022888f650cc455b10eb5123bb08c0cccacac29a693e69314abbfd28a72c3
#3 DONE 0.0s

#4 [internal] load metadata for gcr.io/fuzzbench/builders/afl/openjpeg_openjpeg-intermediate:latest
#4 sha256:92b34fc605a468aa89c080c6e82b7e1b8976f9390ca10dfc87158d842de8a4f0
#4 DONE 0.0s

#12 [internal] load build context
#12 sha256:58e7aad2f0c650c2d268db732a4e8c8481a8e0436a5c860d077d38b53ec0ab88
#12 DONE 0.0s

#7 [base-image 1/1] FROM gcr.io/fuzzbench/base-image
#7 sha256:4d07825694520f8b6f6a0d8592dbd345433361ae044cb7f06706c5a95e3daaad
#7 DONE 0.0s

#6 [stage-1  1/13] FROM gcr.io/fuzzbench/builders/afl/openjpeg_openjpeg-intermediate
#6 sha256:a2ddd06547a38bb2cfd89301ab7828ed3852e82b39e3c6f361463739b7096061
#6 DONE 0.0s

#5 importing cache manifest from gcr.io/fuzzbench/builders/afl/openjpeg_openjpeg
#5 sha256:46b22e7dce95f3cffb61035caa8a004f04d6e84e5d033c3cc22c4b7a6b6e5744
#5 ERROR: gcr.io/fuzzbench/builders/afl/openjpeg_openjpeg:latest: not found

#7 [base-image 1/1] FROM gcr.io/fuzzbench/base-image
#7 sha256:4d07825694520f8b6f6a0d8592dbd345433361ae044cb7f06706c5a95e3daaad
#7 CACHED

#12 [internal] load build context
#12 sha256:58e7aad2f0c650c2d268db732a4e8c8481a8e0436a5c860d077d38b53ec0ab88
#12 transferring context: 669.87kB 0.1s done
#12 DONE 0.1s

#6 [stage-1  1/13] FROM gcr.io/fuzzbench/builders/afl/openjpeg_openjpeg-intermediate
#6 sha256:a2ddd06547a38bb2cfd89301ab7828ed3852e82b39e3c6f361463739b7096061
#6 DONE 0.2s

#8 [stage-1  2/13] COPY --from=base-image /usr/local/bin/python3* /usr/local/bin/
#8 sha256:61da9c61f5bd0956a8294e3762b2556bf3203e9b3bdc843b4fc6a92ca2407f75
#8 DONE 0.5s

#9 [stage-1  3/13] COPY --from=base-image /usr/local/lib/python3.8 /usr/local/lib/python3.8
#9 sha256:0135d4d2e0ebc068fc5b9ea220f1d756d98f94a10e900db76dc7aaa2eacd6e0d
#9 DONE 19.4s

#10 [stage-1  4/13] COPY --from=base-image /usr/local/include/python3.8 /usr/local/include/python3.8
#10 sha256:77dbe5fa04838c5068f67dc6dbf3fe97d90b62c3ad81f199fcdba28f02a2960a
#10 DONE 0.3s

#11 [stage-1  5/13] COPY --from=base-image /usr/local/lib/python3.8/site-packages /usr/local/lib/python3.8/site-packages
#11 sha256:8db66d8f99dea95081f44631d98c24ec365102ae8e9ab50ce2fcfd43984c7dae
#11 DONE 21.7s

#13 [stage-1  6/13] COPY fuzzers /src/fuzzers
#13 sha256:30795a5f8cc2727e9948c7577efb27fbf71aa36b40788b6a10efcb95738f5ec8
#13 DONE 0.4s

#14 [stage-1  7/13] RUN touch /src/__init__.py
#14 sha256:66fa75c525ec5eb94aea1e91996c594ebc74f5634de662653c61fb365158f376
#14 DONE 0.9s

#15 [stage-1  8/13] COPY benchmarks/openjpeg_openjpeg/benchmark.yaml /
#15 sha256:9da4dd090ebd9e23850d86ae6189e8aef0193522dd57ab15bb080e0ced0e87f8
#15 DONE 0.3s

#16 [stage-1  9/13] RUN mkdir /opt/fuzzbench/
#16 sha256:1fae7884cafaaf424b247b7db3acc0c0b6351f2b49040866572176db675ba0bd
#16 DONE 0.7s

#17 [stage-1 10/13] COPY docker/benchmark-builder/checkout_commit.py /opt/fuzzbench/
#17 sha256:3d674c2b0bb245a30372937bf982c08d70edb84c1e152eb409edb666a5112b26
#17 DONE 0.3s

#18 [stage-1 11/13] RUN export CHECKOUT_COMMIT=$(cat /benchmark.yaml | tr -d ' ' | grep 'commit:' | cut -d ':' -f2) &&     python3 -u /opt/fuzzbench/checkout_commit.py $CHECKOUT_COMMIT /src
#18 sha256:b079024deedf2d121d2db9960b7be2522303c2ac7ddce27ccc495faca73b7242
#18 0.440 Checking out commit 71f4914c
#18 5.202 From https://github.com/uclouvain/openjpeg
#18 5.202  * [new tag]           v2.2.0     -> v2.2.0
#18 5.202  * [new tag]           v2.3.0     -> v2.3.0
#18 5.203  * [new tag]           v2.3.1     -> v2.3.1
#18 5.203  * [new tag]           v2.4.0     -> v2.4.0
#18 5.210 error: pathspec '71f4914c' did not match any file(s) known to git
#18 5.235 error: pathspec '71f4914c' did not match any file(s) known to git
#18 5.243 error: pathspec '71f4914c' did not match any file(s) known to git
#18 5.293 Checkout unsuccessful.
#18 DONE 5.5s

#19 [stage-1 12/13] RUN echo "#!/bin/bash\nPYTHONPATH=/src python3 -u -c "from fuzzers import utils; utils.initialize_env(); from fuzzers.afl import fuzzer; fuzzer.build()"" > /usr/bin/fuzzer_build &&     chmod +x /usr/bin/fuzzer_build
#19 sha256:951261dba4c932bfe98b657f0783e915ceb13022675ba7b8bc7ecee2ad49a4cf
#19 DONE 1.0s

#20 [stage-1 13/13] RUN echo "Run fuzzer_build to build the target" && if [ -z "$debug_builder" ] ; then fuzzer_build; fi
#20 sha256:5376184320e272e7baa9c32e17f1943c7dbb622265e4530720dd62171caaff86
#20 0.559 Run fuzzer_build to build the target
#20 0.700 FUZZ_TARGET = openjpeg
#20 0.700 CFLAGS = -DFUZZING_BUILD_MODE_UNSAFE_FOR_PRODUCTION -pthread -Wl,--no-as-needed -Wl,-ldl -Wl,-lm -Wno-unused-command-line-argument -O3
#20 0.700 CXXFLAGS = -DFUZZING_BUILD_MODE_UNSAFE_FOR_PRODUCTION -pthread -Wl,--no-as-needed -Wl,-ldl -Wl,-lm -Wno-unused-command-line-argument -stdlib=libc++ -O3
#20 0.709 Building benchmark openjpeg_openjpeg with fuzzer afl
#20 0.712 + mkdir build
#20 0.715 + cd build
#20 0.715 + cmake ..
#20 0.782 CMake Deprecation Warning at CMakeLists.txt:10 (cmake_minimum_required):
#20 0.782   Compatibility with CMake < 2.8.12 will be removed from a future version of
#20 0.782   CMake.
#20 0.782 
#20 0.782   Update the VERSION argument <min> value or use a ...<max> suffix to tell
#20 0.782   CMake that the project does not need compatibility with older versions.
#20 0.782 
#20 0.782 
#20 1.096 -- The C compiler identification is Clang 14.0.0
#20 1.145 -- Detecting C compiler ABI info
#20 1.312 -- Detecting C compiler ABI info - done
#20 1.363 -- Check for working C compiler: /usr/local/bin/clang - skipped
#20 1.368 -- Detecting C compile features
#20 1.370 -- Detecting C compile features - done
#20 1.376 -- Looking for string.h
#20 1.544 -- Looking for string.h - found
#20 1.545 -- Looking for memory.h
#20 1.707 -- Looking for memory.h - found
#20 1.708 -- Looking for stdlib.h
#20 1.873 -- Looking for stdlib.h - found
#20 1.874 -- Looking for stdio.h
#20 2.045 -- Looking for stdio.h - found
#20 2.046 -- Looking for math.h
#20 2.232 -- Looking for math.h - found
#20 2.233 -- Looking for float.h
#20 2.389 -- Looking for float.h - found
#20 2.390 -- Looking for time.h
#20 2.555 -- Looking for time.h - found
#20 2.556 -- Looking for stdarg.h
#20 2.718 -- Looking for stdarg.h - found
#20 2.719 -- Looking for ctype.h
#20 2.888 -- Looking for ctype.h - found
#20 2.889 -- Looking for assert.h
#20 3.054 -- Looking for assert.h - found
#20 3.054 -- Looking for stdint.h
#20 3.225 -- Looking for stdint.h - found
#20 3.226 -- Looking for inttypes.h
#20 3.392 -- Looking for inttypes.h - found
#20 3.393 -- Looking for strings.h
#20 3.564 -- Looking for strings.h - found
#20 3.564 -- Looking for sys/stat.h
#20 3.725 -- Looking for sys/stat.h - found
#20 3.726 -- Looking for sys/types.h
#20 3.888 -- Looking for sys/types.h - found
#20 3.889 -- Looking for unistd.h
#20 4.054 -- Looking for unistd.h - found
#20 4.055 -- Checking for 64-bit off_t
#20 4.216 -- Checking for 64-bit off_t - present
#20 4.216 -- Checking for fseeko/ftello
#20 4.392 -- Checking for fseeko/ftello - present
#20 4.392 -- Large File support - found
#20 4.400 -- Looking for include file malloc.h
#20 4.577 -- Looking for include file malloc.h - found
#20 4.584 -- Looking for _aligned_malloc
#20 4.641 -- Looking for _aligned_malloc - not found
#20 4.642 -- Looking for posix_memalign
#20 4.821 -- Looking for posix_memalign - found
#20 4.822 -- Looking for memalign
#20 4.990 -- Looking for memalign - found
#20 5.378 -- Could NOT find PkgConfig (missing: PKG_CONFIG_EXECUTABLE) 
#20 5.398 -- Could NOT find ZLIB (missing: ZLIB_LIBRARY ZLIB_INCLUDE_DIR) 
#20 5.398 -- Z lib not found, activate BUILD_THIRDPARTY if you want build it (necessary to build libPNG)
#20 5.406 -- Could NOT find TIFF (missing: TIFF_LIBRARY TIFF_INCLUDE_DIR) 
#20 5.407 -- TIFF lib not found, activate BUILD_THIRDPARTY if you want build it
#20 5.411 -- Could NOT find LCMS2 (missing: LCMS2_LIBRARY LCMS2_INCLUDE_DIR) 
#20 5.415 -- Could NOT find LCMS (missing: LCMS_LIBRARY LCMS_INCLUDE_DIR) 
#20 5.415 -- LCMS2 or LCMS lib not found, activate BUILD_THIRDPARTY if you want build it
#20 5.448 -- Configuring done
#20 5.484 -- Generating done
#20 5.487 -- Build files have been written to: /src/openjpeg/build
#20 5.499 + make clean -s
#20 5.543 ++ nproc
#20 5.550 + make -j8 -s
#20 5.585 [  1%] Building C object src/lib/openjp2/CMakeFiles/openjp2.dir/thread.c.o
#20 5.585 [  2%] Building C object src/lib/openjp2/CMakeFiles/openjp2_static.dir/thread.c.o
#20 5.585 [  4%] Building C object src/lib/openjp2/CMakeFiles/openjp2.dir/bio.c.o
#20 5.585 [  7%] Building C object src/lib/openjp2/CMakeFiles/openjp2.dir/cio.c.o
#20 5.585 [  8%] Building C object src/lib/openjp2/CMakeFiles/openjp2_static.dir/bio.c.o
#20 5.585 [ 10%] Building C object src/lib/openjp2/CMakeFiles/openjp2_static.dir/cio.c.o
#20 5.585 [ 10%] Building C object src/lib/openjp2/CMakeFiles/openjp2.dir/dwt.c.o
#20 5.586 [ 11%] Building C object src/lib/openjp2/CMakeFiles/openjp2_static.dir/dwt.c.o
#20 5.759 [ 14%] Building C object src/lib/openjp2/CMakeFiles/openjp2_static.dir/event.c.o
#20 5.759 [ 14%] Building C object src/lib/openjp2/CMakeFiles/openjp2.dir/event.c.o
#20 5.887 [ 17%] Building C object src/lib/openjp2/CMakeFiles/openjp2_static.dir/ht_dec.c.o
#20 5.887 [ 17%] Building C object src/lib/openjp2/CMakeFiles/openjp2.dir/ht_dec.c.o
#20 5.932 [ 19%] Building C object src/lib/openjp2/CMakeFiles/openjp2_static.dir/image.c.o
#20 5.933 [ 20%] Building C object src/lib/openjp2/CMakeFiles/openjp2.dir/image.c.o
#20 5.971 [ 22%] Building C object src/lib/openjp2/CMakeFiles/openjp2_static.dir/invert.c.o
#20 5.971 [ 23%] Building C object src/lib/openjp2/CMakeFiles/openjp2.dir/invert.c.o
#20 6.186 [ 26%] Building C object src/lib/openjp2/CMakeFiles/openjp2.dir/j2k.c.o
#20 6.186 [ 26%] Building C object src/lib/openjp2/CMakeFiles/openjp2_static.dir/j2k.c.o
#20 6.303 [ 28%] Building C object src/lib/openjp2/CMakeFiles/openjp2_static.dir/jp2.c.o
#20 6.310 [ 29%] Building C object src/lib/openjp2/CMakeFiles/openjp2.dir/jp2.c.o
#20 6.454 /src/openjpeg/src/lib/openjp2/j2k.c:7799:29: warning: implicit conversion from 'int' to 'float' changes value from 2147483647 to 2147483648 [-Wimplicit-const-int-float-conversion]
#20 6.457             if (temp_size > INT_MAX) {
#20 6.458                           ~ ^~~~~~~
#20 6.458 /usr/local/lib/clang/14.0.0/include/limits.h:46:/src/openjpeg/src/lib/openjp2/j2k.c:7799:29: warning: implicit conversion from 'int' to 'float' changes value from 2147483647 to 2147483648 [-Wimplicit-const-int-float-conversion]
#20 6.460             if (temp_size > INT_MAX) {
#20 6.460                           ~ ^~~~~~~
#20 6.460 /usr/local/lib/clang/14.0.0/include/limits.h:46:19: note: expanded from macro 'INT_MAX'
#20 6.460 #define INT_MAX   __INT_MAX__
#20 6.460                   ^~~~~~~~~~~
#20 6.460 <built-in>:39:21: note: expanded from here
#20 6.460 #define __INT_MAX__ 2147483647
#20 6.461                     ^~~~~~~~~~
#20 6.461 19: note: expanded from macro 'INT_MAX'
#20 6.462 #define INT_MAX   __INT_MAX__
#20 6.462                   ^~~~~~~~~~~
#20 6.462 <built-in>:39:21: note: expanded from here
#20 6.462 #define __INT_MAX__ 2147483647
#20 6.462                     ^~~~~~~~~~
#20 7.477 [ 31%] Building C object src/lib/openjp2/CMakeFiles/openjp2_static.dir/mct.c.o
#20 7.535 [ 32%] Building C object src/lib/openjp2/CMakeFiles/openjp2.dir/mct.c.o
#20 7.839 [ 34%] Building C object src/lib/openjp2/CMakeFiles/openjp2_static.dir/mqc.c.o
#20 7.874 [ 35%] Building C object src/lib/openjp2/CMakeFiles/openjp2.dir/mqc.c.o
#20 7.971 [ 37%] Building C object src/lib/openjp2/CMakeFiles/openjp2_static.dir/openjpeg.c.o
#20 8.035 [ 38%] Building C object src/lib/openjp2/CMakeFiles/openjp2.dir/openjpeg.c.o
#20 8.170 [ 40%] Building C object src/lib/openjp2/CMakeFiles/openjp2_static.dir/opj_clock.c.o
#20 8.208 [ 41%] Building C object src/lib/openjp2/CMakeFiles/openjp2.dir/opj_clock.c.o
#20 8.298 [ 43%] Building C object src/lib/openjp2/CMakeFiles/openjp2_static.dir/pi.c.o
#20 8.307 [ 44%] Building C object src/lib/openjp2/CMakeFiles/openjp2_static.dir/t1.c.o
#20 8.337 [ 46%] Building C object src/lib/openjp2/CMakeFiles/openjp2.dir/pi.c.o
#20 8.367 [ 47%] Building C object src/lib/openjp2/CMakeFiles/openjp2.dir/t1.c.o
#20 9.729 [ 49%] Building C object src/lib/openjp2/CMakeFiles/openjp2_static.dir/t2.c.o
#20 9.752 [ 50%] Building C object src/lib/openjp2/CMakeFiles/openjp2_static.dir/tcd.c.o
#20 9.771 [ 52%] Building C object src/lib/openjp2/CMakeFiles/openjp2.dir/t2.c.o
#20 9.786 [ 53%] Building C object src/lib/openjp2/CMakeFiles/openjp2.dir/tcd.c.o
#20 9.930 /src/openjpeg/src/lib/openjp2/tcd.c:2265:35: warning: implicit conversion from 'int' to 'float' changes value from 2147483647 to 2147483648 [-Wimplicit-const-int-float-conversion]
#20 9.930                     if (l_value > INT_MAX) {
#20 9.930                                 ~ ^~~~~~~
#20 9.930 /usr/local/lib/clang/14.0.0/include/limits.h:46:19: note: expanded from macro 'INT_MAX'
#20 9.930 #define INT_MAX   __INT_MAX__
#20 9.930                   ^~~~~~~~~~~
#20 9.930 <built-in>:39:21: note: expanded from here
#20 9.931 #define __INT_MAX__ 2147483647
#20 9.931                     ^~~~~~~~~~
#20 9.957 /src/openjpeg/src/lib/openjp2/tcd.c:2265:35: warning: implicit conversion from 'int' to 'float' changes value from 2147483647 to 2147483648 [-Wimplicit-const-int-float-conversion]
#20 9.957                     if (l_value > INT_MAX) {
#20 9.957                                 ~ ^~~~~~~
#20 9.957 /usr/local/lib/clang/14.0.0/include/limits.h:46:19: note: expanded from macro 'INT_MAX'
#20 9.958 #define INT_MAX   __INT_MAX__
#20 9.958                   ^~~~~~~~~~~
#20 9.958 <built-in>:39:21: note: expanded from here
#20 9.958 #define __INT_MAX__ 2147483647
#20 9.958                     ^~~~~~~~~~
#20 10.57 [ 55%] Building C object src/lib/openjp2/CMakeFiles/openjp2_static.dir/tgt.c.o
#20 10.64 [ 56%] Building C object src/lib/openjp2/CMakeFiles/openjp2.dir/tgt.c.o
#20 10.88 [ 58%] Building C object src/lib/openjp2/CMakeFiles/openjp2_static.dir/function_list.c.o
#20 10.96 [ 59%] Building C object src/lib/openjp2/CMakeFiles/openjp2.dir/function_list.c.o
#20 11.03 [ 61%] Building C object src/lib/openjp2/CMakeFiles/openjp2_static.dir/opj_malloc.c.o
#20 11.11 [ 62%] Building C object src/lib/openjp2/CMakeFiles/openjp2.dir/opj_malloc.c.o
#20 11.19 [ 64%] Building C object src/lib/openjp2/CMakeFiles/openjp2_static.dir/sparse_array.c.o
#20 11.27 [ 65%] Building C object src/lib/openjp2/CMakeFiles/openjp2.dir/sparse_array.c.o
#20 11.33 1 warning generated.
#20 11.45 1 warning generated.
#20 11.67 1 warning generated.
#20 11.71 1 warning generated.
#20 16.72 [ 67%] Linking C static library ../../../bin/libopenjp2.a
#20 16.85 [ 67%] Built target openjp2_static
#20 17.26 [ 68%] Linking C shared library ../../../bin/libopenjp2.so
#20 17.42 [ 68%] Built target openjp2
#20 17.43 [ 71%] Building C object src/bin/jp2/CMakeFiles/opj_compress.dir/opj_compress.c.o
#20 17.43 [ 73%] Building C object src/bin/jp2/CMakeFiles/opj_compress.dir/convert.c.o
#20 17.43 [ 73%] Building C object src/bin/jp2/CMakeFiles/opj_dump.dir/opj_dump.c.o
#20 17.43 [ 77%] Building C object src/bin/jp2/CMakeFiles/opj_compress.dir/convertbmp.c.o
#20 17.43 [ 77%] Building C object src/bin/jp2/CMakeFiles/opj_dump.dir/convert.c.o
#20 17.43 [ 77%] Building C object src/bin/jp2/CMakeFiles/opj_decompress.dir/opj_decompress.c.o
#20 17.43 [ 80%] Building C object src/bin/jp2/CMakeFiles/opj_dump.dir/convertbmp.c.o
#20 17.43 [ 80%] Building C object src/bin/jp2/CMakeFiles/opj_compress.dir/index.c.o
#20 17.72 [ 82%] Building C object src/bin/jp2/CMakeFiles/opj_compress.dir/__/common/color.c.o
#20 18.11 [ 83%] Building C object src/bin/jp2/CMakeFiles/opj_compress.dir/__/common/opj_getopt.c.o
#20 18.19 [ 85%] Building C object src/bin/jp2/CMakeFiles/opj_decompress.dir/convert.c.o
#20 18.19 [ 86%] Building C object src/bin/jp2/CMakeFiles/opj_dump.dir/index.c.o
#20 18.19 [ 88%] Building C object src/bin/jp2/CMakeFiles/opj_dump.dir/__/common/color.c.o
#20 18.27 [ 89%] Building C object src/bin/jp2/CMakeFiles/opj_dump.dir/__/common/opj_getopt.c.o
#20 18.30 [ 91%] Building C object src/bin/jp2/CMakeFiles/opj_decompress.dir/convertbmp.c.o
#20 18.33 [ 92%] Building C object src/bin/jp2/CMakeFiles/opj_decompress.dir/index.c.o
#20 18.42 [ 94%] Building C object src/bin/jp2/CMakeFiles/opj_decompress.dir/__/common/color.c.o
#20 18.72 [ 95%] Building C object src/bin/jp2/CMakeFiles/opj_decompress.dir/__/common/opj_getopt.c.o
#20 19.08 [ 97%] Linking C executable ../../../bin/opj_dump
#20 19.18 [ 98%] Linking C executable ../../../bin/opj_compress
#20 19.21 [ 98%] Built target opj_dump
#20 19.32 [ 98%] Built target opj_compress
#20 19.62 [100%] Linking C executable ../../../bin/opj_decompress
#20 19.80 [100%] Built target opj_decompress
#20 19.82 + cd ..
#20 19.82 + ./tests/fuzzers/build_google_oss_fuzzers.sh
#20 19.82 Building fuzzer opj_decompress_fuzzer
#20 20.17 + ./tests/fuzzers/build_seed_corpus.sh
#20 20.18   adding: file1.jp2 (deflated 0%)
#20 20.21   adding: file2.jp2 (deflated 0%)
#20 20.23   adding: file3.jp2 (deflated 0%)
#20 20.24   adding: file4.jp2 (deflated 0%)
#20 20.25   adding: file5.jp2 (deflated 0%)
#20 20.27   adding: file6.jp2 (deflated 0%)
#20 20.29   adding: file7.jp2 (deflated 1%)
#20 20.34   adding: file8.jp2 (deflated 0%)
#20 20.35   adding: file9.jp2 (deflated 0%)
#20 20.36   adding: subsampling_1.jp2 (deflated 0%)
#20 20.38   adding: subsampling_2.jp2 (deflated 0%)
#20 20.40   adding: zoo1.jp2 (deflated 0%)
#20 20.56   adding: zoo2.jp2 (deflated 0%)
#20 20.67   adding: p0_01.j2k (stored 0%)
#20 20.67   adding: p0_02.j2k (deflated 1%)
#20 20.67   adding: p0_03.j2k (deflated 3%)
#20 20.67   adding: p0_04.j2k (deflated 0%)
#20 20.68   adding: p0_05.j2k (deflated 0%)
#20 20.73   adding: p0_06.j2k (deflated 0%)
#20 20.73   adding: p0_07.j2k (deflated 1%)
#20 21.10   adding: p0_08.j2k (deflated 0%)
#20 21.26   adding: p0_09.j2k (deflated 1%)
#20 21.26   adding: p0_10.j2k (deflated 1%)
#20 21.26   adding: p0_11.j2k (deflated 8%)
#20 21.26   adding: p0_12.j2k (deflated 23%)
#20 21.26   adding: p0_13.j2k (deflated 71%)
#20 21.26   adding: p0_14.j2k (deflated 45%)
#20 21.26   adding: p0_15.j2k (deflated 3%)
#20 21.26   adding: p0_16.j2k (stored 0%)
#20 21.26   adding: p1_01.j2k (deflated 1%)
#20 21.26   adding: p1_02.j2k (deflated 0%)
#20 21.27   adding: p1_03.j2k (deflated 0%)
#20 21.33   adding: p1_04.j2k (deflated 28%)
#20 21.34   adding: p1_05.j2k (deflated 78%)
#20 21.35   adding: p1_06.j2k (deflated 43%)
#20 21.35   adding: p1_07.j2k (deflated 37%)
#20 21.40   adding: Bretagne1_ht.j2k (deflated 0%)
#20 21.42   adding: Bretagne1_ht_lossy.j2k (deflated 0%)
#20 21.43   adding: byte_causal.jhc (deflated 4%)
#20 21.43   adding: byte.jph (deflated 22%)
#20 21.44 [post_build] Copying afl-fuzz to $OUT directory
#20 DONE 22.1s

#21 exporting to image
#21 sha256:e8c613e07b0b7ff33893b694f7759a10d42e180f2b4dc349fb57dc6b71dcab00
#21 exporting layers done
#21 writing image sha256:85d68953c2d754385106a6c801dd03a466c9edc57efa182319eda0831ed1d1c5
#21 writing image sha256:85d68953c2d754385106a6c801dd03a466c9edc57efa182319eda0831ed1d1c5 0.0s done
#21 naming to gcr.io/fuzzbench/builders/afl/openjpeg_openjpeg 0.0s done
#21 DONE 0.3s

#22 exporting cache
#22 sha256:2700d4ef94dee473593c5c614b55b2dedcca7893909811a8f2b48291a1f581e4
#22 preparing build cache for export done
#22 DONE 0.0s
------
 > importing cache manifest from gcr.io/fuzzbench/builders/afl/openjpeg_openjpeg:
------
#1 [internal] load build definition from runner.Dockerfile
#1 sha256:230519c466110442ca3bab2ef0465fc1a090c12fc3dc33f71da0a87d62abfb35
#1 transferring dockerfile: 656B done
#1 DONE 0.1s

#2 [internal] load .dockerignore
#2 sha256:026bac5dbb0847fb542df65b542b8cf443ca9dbb397c9a6cf7c11d9462d55f79
#2 transferring context: 2B done
#2 DONE 0.1s

#3 [internal] load metadata for gcr.io/fuzzbench/base-image:latest
#3 sha256:932022888f650cc455b10eb5123bb08c0cccacac29a693e69314abbfd28a72c3
#3 DONE 0.0s

#4 [1/1] FROM gcr.io/fuzzbench/base-image
#4 sha256:4d07825694520f8b6f6a0d8592dbd345433361ae044cb7f06706c5a95e3daaad
#4 DONE 0.0s

#5 importing cache manifest from gcr.io/fuzzbench/runners/afl/openjpeg_openjpeg-intermediate
#5 sha256:edaaa43b9b4317b46149aa6fcfff828ef840335badd4fe185df91d65aa9aebc2
#5 ERROR: gcr.io/fuzzbench/runners/afl/openjpeg_openjpeg-intermediate:latest: not found

#4 [1/1] FROM gcr.io/fuzzbench/base-image
#4 sha256:4d07825694520f8b6f6a0d8592dbd345433361ae044cb7f06706c5a95e3daaad
#4 CACHED

#6 exporting to image
#6 sha256:e8c613e07b0b7ff33893b694f7759a10d42e180f2b4dc349fb57dc6b71dcab00
#6 exporting layers done
#6 writing image sha256:3e4588a9aebaeeab0d6e65a047af35e4caf540bb58ccd8719f28cf6fa6b3868f
#6 writing image sha256:3e4588a9aebaeeab0d6e65a047af35e4caf540bb58ccd8719f28cf6fa6b3868f 0.0s done
#6 naming to gcr.io/fuzzbench/runners/afl/openjpeg_openjpeg-intermediate 0.0s done
#6 DONE 0.1s

#7 exporting cache
#7 sha256:2700d4ef94dee473593c5c614b55b2dedcca7893909811a8f2b48291a1f581e4
#7 preparing build cache for export done
#7 DONE 0.0s
------
 > importing cache manifest from gcr.io/fuzzbench/runners/afl/openjpeg_openjpeg-intermediate:
------
#1 [internal] load build definition from Dockerfile
#1 sha256:3a52c21b04aebb6ed93422f3d50fc8150800653e8fd0dbf70a9714758f43ba21
#1 transferring dockerfile: 3.17kB done
#1 DONE 0.1s

#2 [internal] load .dockerignore
#2 sha256:5bc07a944fafbddd3fc5b0f8e53e1d1ed8f34284b01e070c31c05793bc7e1b39
#2 transferring context: 34B done
#2 DONE 0.1s

#4 [internal] load metadata for gcr.io/fuzzbench/runners/afl/openjpeg_openjpeg-intermediate:latest
#4 sha256:35eb7e3d6dba4ae2cee563fd797f05932449b17386698ca24b7c4660b521be0b
#4 DONE 0.0s

#3 [internal] load metadata for gcr.io/fuzzbench/builders/afl/openjpeg_openjpeg:latest
#3 sha256:9e2baab4d0c5f47783ee0bdce77f105e79e5b027dd857992977ccf9adc8b6c7e
#3 DONE 0.0s

#12 [internal] load build context
#12 sha256:6d1fe336617485bf9ecdaa37f5c088c9f2d937847ca49f66d7295cd895f61a33
#12 DONE 0.0s

#6 [stage-1  1/13] FROM gcr.io/fuzzbench/runners/afl/openjpeg_openjpeg-intermediate
#6 sha256:a41db044f69d4f12b4e4e3ad7b945d7b34c0601b9c22014bed3eb623e77ba2c7
#6 DONE 0.0s

#10 [builder 1/1] FROM gcr.io/fuzzbench/builders/afl/openjpeg_openjpeg
#10 sha256:a2aaac51b945bce2c17399a97b652d132931119cab21d072855557ecb50b3b65
#10 DONE 0.0s

#5 importing cache manifest from gcr.io/fuzzbench/runners/afl/openjpeg_openjpeg
#5 sha256:3a3208cf78523a0e4ad796369468f3eeb69ccc1bd4bad705eb775e28fde49832
#5 ERROR: gcr.io/fuzzbench/runners/afl/openjpeg_openjpeg:latest: not found

#12 [internal] load build context
#12 sha256:6d1fe336617485bf9ecdaa37f5c088c9f2d937847ca49f66d7295cd895f61a33
#12 transferring context: 17.64MB 0.7s done
#12 DONE 0.8s

#10 [builder 1/1] FROM gcr.io/fuzzbench/builders/afl/openjpeg_openjpeg
#10 sha256:a2aaac51b945bce2c17399a97b652d132931119cab21d072855557ecb50b3b65
#10 DONE 1.4s

#7 [stage-1  2/13] RUN apt-get update -y && apt-get install -y     libglib2.0-0     libxml2     libarchive13     libgss3
#7 sha256:605f84a01355f0d3e3e987d3d2ed5ab3600718b98ed57ec0987fe6212d223741
#7 CACHED

#8 [stage-1  3/13] RUN mkdir -p /out
#8 sha256:557e35acef6df267dd3ad53125aca5fc628ca61479d6c9990f010db61e502967
#8 CACHED

#9 [stage-1  4/13] WORKDIR /out
#9 sha256:8cad8031839619efd2332fe08dd9dbca6395276b630e5ff00051c16fa3fbed65
#9 CACHED

#11 [stage-1  5/13] COPY --from=builder /out/ ./
#11 sha256:35a011ad91ee3318aa8562e95afc31c9a58167e009a00a051360939d14d060c1
#11 DONE 0.4s

#13 [stage-1  6/13] COPY benchmarks /src/benchmarks
#13 sha256:f6758b5f1bd6f5c0e7105eb4ffeab93992582040221ac8808f730250394748e5
#13 DONE 0.8s

#14 [stage-1  7/13] COPY fuzzers /src/fuzzers
#14 sha256:5cfd89ff49ed1db5a74c29660953f81cb4afb7a0b35e5a9bc5f3e61ff3a26f2d
#14 DONE 0.2s

#15 [stage-1  8/13] RUN touch __init__.py
#15 sha256:c66139c52fe53d0d38498379e3c344722504ff71f4bd32e4d7b2283846c67a89
#15 DONE 0.7s

#16 [stage-1  9/13] RUN mkdir -p /out/seeds /out/corpus
#16 sha256:2dd05e50980bb6c9fe62d8ac987ede1875f303b88f2c99b67e507bb660b655b1
#16 DONE 0.9s

#17 [stage-1 10/13] COPY common /src/common
#17 sha256:bca18bd49ac8387480fbaa8bb80358f7698c169c1e9f135ee60c4f4144ffedec
#17 DONE 0.4s

#18 [stage-1 11/13] COPY experiment/runner.py /src/experiment/runner.py
#18 sha256:5d50d0387ad72dd3422ab35e5964038d3f15275c1ef3a4dff3a6d8a6736bd2c2
#18 DONE 0.3s

#19 [stage-1 12/13] COPY docker/benchmark-runner /src/docker/benchmark-runner
#19 sha256:ae18cddb08065eb2b9ec854b51b8cdc3d4a27f5ac135df6c7eb5865dcc88e20b
#19 DONE 0.3s

#20 [stage-1 13/13] RUN chmod +x /src/docker/benchmark-runner/startup-runner.sh
#20 sha256:2bc7e4f2b74602401de55c04130323193768748123a628d60b57882f0ccc779f
#20 DONE 0.7s

#21 exporting to image
#21 sha256:e8c613e07b0b7ff33893b694f7759a10d42e180f2b4dc349fb57dc6b71dcab00
#21 exporting layers done
#21 writing image sha256:d05cb3c4b3eab752c1bd4a0ac4aa63cdeb5e9ced7c1ffb11532fd4733d108a69
#21 writing image sha256:d05cb3c4b3eab752c1bd4a0ac4aa63cdeb5e9ced7c1ffb11532fd4733d108a69 0.0s done
#21 naming to gcr.io/fuzzbench/runners/afl/openjpeg_openjpeg done
#21 DONE 0.1s

#22 exporting cache
#22 sha256:2700d4ef94dee473593c5c614b55b2dedcca7893909811a8f2b48291a1f581e4
#22 preparing build cache for export done
#22 DONE 0.0s
------
 > importing cache manifest from gcr.io/fuzzbench/runners/afl/openjpeg_openjpeg:
------
INFO:root:Doing trial as part of experiment.
INFO:root:Starting trial.
ERROR:root:Fuzz target binary not found.
INFO:root:Doing final sync.
ERROR:root:Call to <function get_stats at 0x7fe6cbcccf70> failed. Extras: {'traceback': 'Traceback (most recent call last):\n  File "/src/experiment/runner.py", line 374, in record_stats\n    stats_json_str = fuzzer_module_get_stats(output_corpus,\n  File "/src/fuzzers/afl/fuzzer.py", line 51, in get_stats\n    with open(stats_file) as file_handle:\nFileNotFoundError: [Errno 2] No such file or directory: \'/out/corpus/fuzzer_stats\'\n'}
/bin/sh: 1: source: not found
#2 [internal] load .dockerignore
#2 sha256:d274186cd5e4b774bcd9f35e8c71e683981850fb86743057e51e9e2b792b27ee
#2 transferring context: 2B done
#2 DONE 0.3s

#1 [internal] load build definition from Dockerfile
#1 sha256:933e76fbaf0d4f828c341fa43eafeb116629ef5e4e72555e4179a49f74e366c9
#1 transferring dockerfile: 32B done
#1 DONE 0.2s

#3 [internal] load metadata for gcr.io/oss-fuzz-base/base-builder:latest
#3 sha256:f10dc39cc9d418a5bc416dead31a1902b6821fdae909cd3b08f7a3fd1faba7b5
#3 DONE 0.4s

#5 [1/6] FROM gcr.io/oss-fuzz-base/base-builder@sha256:4ad017ca53699eda684c1c444948c93a4af848fe34baee3a765d3c4693fe6a56
#5 sha256:3f10b3978a3951f6e2692fa5e5890ee5a755650381dedece7198ed0b1dcdaa8c
#5 DONE 0.0s

#4 importing cache manifest from gcr.io/fuzzbench/builders/benchmark/openjpeg_openjpeg
#4 sha256:221b85a56e92122479241ac3d55ab3075f9a7486ca9740b18ca5b8764566ee4e
#4 DONE 0.0s

#10 [internal] load build context
#10 sha256:c50de72bb9a91ea07a87f6e30818b305bdd3bf14b0b55d624454c17bf42e1d9d
#10 transferring context: 30B done
#10 DONE 0.1s

#8 [4/6] RUN git clone --depth 1 https://github.com/uclouvain/openjpeg-data openjpeg/data
#8 sha256:1528a39cf380cbbed769496cd81b8576c3b3d017b7aeda49bf4c767482ede9aa
#8 CACHED

#9 [5/6] WORKDIR openjpeg
#9 sha256:cba7b93b8a2e4780dfdf0be7a9f1706a3d26e30b75f05c85f7c11293e293cd89
#9 CACHED

#6 [2/6] RUN apt-get update && apt-get install -y make cmake g++
#6 sha256:2b271ac45883166bd9a740e5cc8a1522287c758f7288e425b999e33d32a5ed1b
#6 CACHED

#7 [3/6] RUN git clone --depth 1 https://github.com/uclouvain/openjpeg openjpeg
#7 sha256:07f7e5fdec42e728e01dad3eaf2c0c9e50aa551c747907b9fc09c422fa20d4ce
#7 CACHED

#11 [6/6] COPY build.sh /src/
#11 sha256:2ed39145c1c9b7a743e6e5ee8dd992a0bfc31174bfd9ad3190c7636badcf210c
#11 CACHED

#12 exporting to image
#12 sha256:e8c613e07b0b7ff33893b694f7759a10d42e180f2b4dc349fb57dc6b71dcab00
#12 exporting layers done
#12 writing image sha256:179372e69e302b07c1211b1afc9fff3b00ab8ff85f1b07731e56a78e85874507 done
#12 naming to gcr.io/fuzzbench/builders/benchmark/openjpeg_openjpeg done
#12 DONE 0.3s

#13 exporting cache
#13 sha256:2700d4ef94dee473593c5c614b55b2dedcca7893909811a8f2b48291a1f581e4
#13 preparing build cache for export done
#13 DONE 0.0s
#1 [internal] load build definition from builder.Dockerfile
#1 sha256:0459800054b61910cbedfcd6cc8856151a6caa0d181bda0dc81d5da834f31c1b
#1 transferring dockerfile: 1.35kB done
#1 DONE 0.1s

#2 [internal] load .dockerignore
#2 sha256:28202c0537a3fc3cdce42dbe3930048b1a136acfe7c367f182ac03074ee4492a
#2 transferring context: 2B done
#2 DONE 0.1s

#3 [internal] load metadata for gcr.io/fuzzbench/builders/benchmark/openjpeg_openjpeg:latest
#3 sha256:06c0319e2b4fabbc4de59f9d310a732151941eb6b78f7a844029c27cec5991eb
#3 DONE 0.0s

#4 importing cache manifest from gcr.io/fuzzbench/builders/afl/openjpeg_openjpeg-intermediate
#4 sha256:2bc60283aafba588135c86406c6c20774b85057df6c610aed8ef7cc4255962ea
#4 DONE 0.0s

#5 [1/3] FROM gcr.io/fuzzbench/builders/benchmark/openjpeg_openjpeg
#5 sha256:099aff94a7475423678f4ee69fa6a3fe351d7b4140e60c492481f881a37882ee
#5 DONE 0.0s

#6 [2/3] RUN git clone https://github.com/google/AFL.git /afl &&     cd /afl &&     git checkout 61037103ae3722c8060ff7082994836a794f978e &&     AFL_NO_X86=1 make
#6 sha256:12217948f866786cd06f02cfa6e7310397ab6c8ed60cdfe88c3b2b7a67e112e2
#6 CACHED

#7 [3/3] RUN apt-get update &&     apt-get install wget -y &&     wget https://raw.githubusercontent.com/llvm/llvm-project/5feb80e748924606531ba28c97fe65145c65372e/compiler-rt/lib/fuzzer/afl/afl_driver.cpp -O /afl/afl_driver.cpp &&     clang -Wno-pointer-sign -c /afl/llvm_mode/afl-llvm-rt.o.c -I/afl &&     clang++ -stdlib=libc++ -std=c++11 -O2 -c /afl/afl_driver.cpp &&     ar r /libAFL.a *.o
#7 sha256:7779d0e02092fb59355853df8fe58dbeafd7260f040a90b0ed8e1cfb4d317da9
#7 CACHED

#8 exporting to image
#8 sha256:e8c613e07b0b7ff33893b694f7759a10d42e180f2b4dc349fb57dc6b71dcab00
#8 exporting layers done
#8 writing image sha256:2c3c3a2b4950e800d28653eebbbc86cae0ef8c8516ee935581bf6d34ef9c2e5c 0.0s done
#8 naming to gcr.io/fuzzbench/builders/afl/openjpeg_openjpeg-intermediate done
#8 DONE 0.3s

#9 exporting cache
#9 sha256:2700d4ef94dee473593c5c614b55b2dedcca7893909811a8f2b48291a1f581e4
#9 preparing build cache for export done
#9 DONE 0.0s
#2 [internal] load .dockerignore
#2 sha256:e1d64c9533c97454535efede03a6e7877859eb2306a6e0151a4549525fa5ff25
#2 transferring context: 34B done
#2 DONE 0.2s

#1 [internal] load build definition from Dockerfile
#1 sha256:de8a5dd7e4878095470021b6bf8040746a0dc2e7f3386fe30a967316ffa2c9bb
#1 transferring dockerfile: 2.00kB done
#1 DONE 0.2s

#3 [internal] load metadata for docker.io/library/ubuntu:xenial
#3 sha256:f62bae18ed588840f045c881b2502661f2a89578a2f8f99b83f5200ee83dd25b
#3 DONE 0.0s

#5 [1/7] FROM docker.io/library/ubuntu:xenial
#5 sha256:14dd403f25ae9e519bd44f27dc17af7ce80f5a4f9f48ca88108364e67ec5d360
#5 DONE 0.0s

#4 importing cache manifest from gcr.io/fuzzbench/base-image
#4 sha256:9b220ebb4d4daceed1b96df9b6dca076e762f1cd612574f010b82d5b9e5ad896
#4 DONE 0.0s

#8 [internal] load build context
#8 sha256:981e9136cd8fb82aa15707cdbb7d11308f57e208f1303c56a3c476f80d27f76c
#8 transferring context: 559B 0.2s done
#8 DONE 0.2s

#10 [5/7] RUN pip3 install -r /requirements.txt
#10 sha256:3dbe4c368579df6e7ba54ed17fbe7ca682aa45a074d0050333ec5cbdb76061d8
#10 CACHED

#11 [6/7] RUN apt-get update -y && apt-get install -y     apt-transport-https     lsb-release
#11 sha256:2de3c6681dbc16cbb969897f33b32ac74b1502a23b7df8c8e75998f731eab6b1
#11 CACHED

#6 [2/7] RUN apt-get update -y && apt-get install -y     build-essential     rsync     curl     zlib1g-dev     libncurses5-dev     libgdbm-dev     libnss3-dev     libssl-dev     libreadline-dev     libffi-dev     virtualenv     libbz2-dev     liblzma-dev     libsqlite3-dev
#6 sha256:3a1b0960f17eed529eaae93dc8fd3554f2743dd584d8fa569cdbe6bc734371ac
#6 CACHED

#7 [3/7] RUN cd /tmp/ &&     curl -O https://www.python.org/ftp/python/3.8.6/Python-3.8.6.tar.xz &&     tar -xvf Python-3.8.6.tar.xz &&     cd Python-3.8.6 &&     ./configure --enable-loadable-sqlite-extensions --enable-optimizations &&     make -j install &&     rm -r /tmp/Python-3.8.6.tar.xz /tmp/Python-3.8.6
#7 sha256:c5b9d1fb3371e84dbc60b76e7b2f8d5913bc93bcd4910ab65daa03e7b2ec4bb0
#7 CACHED

#9 [4/7] COPY ./requirements.txt /
#9 sha256:5bbd7661af930900c07530c85a65d384c809a091bce09e0fc98be8cd4e14b601
#9 CACHED

#12 [7/7] RUN CLOUD_SDK_REPO="cloud-sdk-$(lsb_release -c -s)" &&     echo "deb https://packages.cloud.google.com/apt $CLOUD_SDK_REPO main"     | tee -a /etc/apt/sources.list.d/google-cloud-sdk.list &&     curl https://packages.cloud.google.com/apt/doc/apt-key.gpg     | apt-key add - &&     apt-get update -y &&     apt-get install -y google-cloud-sdk
#12 sha256:a741b6a6ec64208f7f58378cc1db1254ab0e51423f6a554d7269b371949865ae
#12 CACHED

#13 exporting to image
#13 sha256:e8c613e07b0b7ff33893b694f7759a10d42e180f2b4dc349fb57dc6b71dcab00
#13 exporting layers done
#13 writing image sha256:139540fb22a119f888cb3e5ed6e013e8d868574697f5fb839e5da9e23de73e0a 0.0s done
#13 naming to gcr.io/fuzzbench/base-image done
#13 DONE 0.2s

#14 exporting cache
#14 sha256:2700d4ef94dee473593c5c614b55b2dedcca7893909811a8f2b48291a1f581e4
#14 preparing build cache for export done
#14 DONE 0.0s
#1 [internal] load build definition from Dockerfile
#1 sha256:a3519e4f32db93a0cd653d5ed7b63276897bee9ccd2c4833d58b6f9cb3abd65d
#1 transferring dockerfile: 2.22kB done
#1 DONE 0.1s

#2 [internal] load .dockerignore
#2 sha256:a2597a7ecb8dc36eec251cbdf9766b7f756aec8aee5992199aea6b403823dbdf
#2 transferring context: 34B done
#2 DONE 0.1s

#4 [internal] load metadata for gcr.io/fuzzbench/base-image:latest
#4 sha256:932022888f650cc455b10eb5123bb08c0cccacac29a693e69314abbfd28a72c3
#4 DONE 0.0s

#3 [internal] load metadata for gcr.io/fuzzbench/builders/afl/openjpeg_openjpeg-intermediate:latest
#3 sha256:92b34fc605a468aa89c080c6e82b7e1b8976f9390ca10dfc87158d842de8a4f0
#3 DONE 0.0s

#7 [base-image 1/1] FROM gcr.io/fuzzbench/base-image
#7 sha256:4d07825694520f8b6f6a0d8592dbd345433361ae044cb7f06706c5a95e3daaad
#7 DONE 0.0s

#6 [stage-1  1/13] FROM gcr.io/fuzzbench/builders/afl/openjpeg_openjpeg-intermediate
#6 sha256:a2ddd06547a38bb2cfd89301ab7828ed3852e82b39e3c6f361463739b7096061
#6 DONE 0.0s

#5 importing cache manifest from gcr.io/fuzzbench/builders/afl/openjpeg_openjpeg
#5 sha256:46b22e7dce95f3cffb61035caa8a004f04d6e84e5d033c3cc22c4b7a6b6e5744
#5 DONE 0.0s

#12 [internal] load build context
#12 sha256:1f46e82785c5c2278fd5b70b946c32931f303512cb1183e64a8869bdc561ba49
#12 transferring context: 669.87kB 0.1s done
#12 DONE 0.2s

#16 [stage-1  9/13] RUN mkdir /opt/fuzzbench/
#16 sha256:7cf4f30984b1b2d7602e26ecece03246ab4ae8cfb899336fdab628d18339329c
#16 CACHED

#9 [stage-1  3/13] COPY --from=base-image /usr/local/lib/python3.8 /usr/local/lib/python3.8
#9 sha256:0135d4d2e0ebc068fc5b9ea220f1d756d98f94a10e900db76dc7aaa2eacd6e0d
#9 CACHED

#11 [stage-1  5/13] COPY --from=base-image /usr/local/lib/python3.8/site-packages /usr/local/lib/python3.8/site-packages
#11 sha256:8db66d8f99dea95081f44631d98c24ec365102ae8e9ab50ce2fcfd43984c7dae
#11 CACHED

#17 [stage-1 10/13] COPY docker/benchmark-builder/checkout_commit.py /opt/fuzzbench/
#17 sha256:73b919a1fd15184b9ee4ac5c7fc378877bee0dc8c15c6e47397730086aa91b26
#17 CACHED

#19 [stage-1 12/13] RUN echo "#!/bin/bash\nPYTHONPATH=/src python3 -u -c "from fuzzers import utils; utils.initialize_env(); from fuzzers.afl import fuzzer; fuzzer.build()"" > /usr/bin/fuzzer_build &&     chmod +x /usr/bin/fuzzer_build
#19 sha256:f78a2837a3ae0321010e2fdf8d1a907584110ad926b970dff2c96acd6ddc58a1
#19 CACHED

#8 [stage-1  2/13] COPY --from=base-image /usr/local/bin/python3* /usr/local/bin/
#8 sha256:61da9c61f5bd0956a8294e3762b2556bf3203e9b3bdc843b4fc6a92ca2407f75
#8 CACHED

#14 [stage-1  7/13] RUN touch /src/__init__.py
#14 sha256:92aa7cc950a1c30976f8bf082db274ba3497b0484d3c076add0896dda7234404
#14 CACHED

#15 [stage-1  8/13] COPY benchmarks/openjpeg_openjpeg/benchmark.yaml /
#15 sha256:6d05677b19f32fabb6024e6fe8097da99922fd28ad9fc3c49de4e7974460ef3f
#15 CACHED

#18 [stage-1 11/13] RUN export CHECKOUT_COMMIT=$(cat /benchmark.yaml | tr -d ' ' | grep 'commit:' | cut -d ':' -f2) &&     python3 -u /opt/fuzzbench/checkout_commit.py $CHECKOUT_COMMIT /src
#18 sha256:e3f21415c4c3976ec0f6c3f4fd800d73cad7734067c02621751de8e53c09dd83
#18 CACHED

#10 [stage-1  4/13] COPY --from=base-image /usr/local/include/python3.8 /usr/local/include/python3.8
#10 sha256:77dbe5fa04838c5068f67dc6dbf3fe97d90b62c3ad81f199fcdba28f02a2960a
#10 CACHED

#13 [stage-1  6/13] COPY fuzzers /src/fuzzers
#13 sha256:e615527979ec3bc627d0ce94a94e465b86291754cc3143ec841843f96a217b05
#13 CACHED

#20 [stage-1 13/13] RUN echo "Run fuzzer_build to build the target" && if [ -z "$debug_builder" ] ; then fuzzer_build; fi
#20 sha256:1c2dba4a9bfc925ca8d62e5697a76f53f1659d486069345b1d26a7b6219a4084
#20 CACHED

#21 exporting to image
#21 sha256:e8c613e07b0b7ff33893b694f7759a10d42e180f2b4dc349fb57dc6b71dcab00
#21 exporting layers done
#21 writing image sha256:85d68953c2d754385106a6c801dd03a466c9edc57efa182319eda0831ed1d1c5 0.0s done
#21 naming to gcr.io/fuzzbench/builders/afl/openjpeg_openjpeg done
#21 DONE 0.5s

#22 exporting cache
#22 sha256:2700d4ef94dee473593c5c614b55b2dedcca7893909811a8f2b48291a1f581e4
#22 preparing build cache for export done
#22 DONE 0.0s
#1 [internal] load build definition from runner.Dockerfile
#1 sha256:0304ed04a20e2b77088bdd3b9ad49e8a0459294d59bc3d01e98666b7987e49d8
#1 transferring dockerfile: 656B done
#1 DONE 0.1s

#2 [internal] load .dockerignore
#2 sha256:6021a95ccf8713c75cd574e7f2bdf0e7c4aea2ed33b7a87add034b721f8164e0
#2 transferring context: 2B done
#2 DONE 0.1s

#3 [internal] load metadata for gcr.io/fuzzbench/base-image:latest
#3 sha256:932022888f650cc455b10eb5123bb08c0cccacac29a693e69314abbfd28a72c3
#3 DONE 0.0s

#5 importing cache manifest from gcr.io/fuzzbench/runners/afl/openjpeg_openjpeg-intermediate
#5 sha256:edaaa43b9b4317b46149aa6fcfff828ef840335badd4fe185df91d65aa9aebc2
#5 DONE 0.0s

#4 [1/1] FROM gcr.io/fuzzbench/base-image
#4 sha256:4d07825694520f8b6f6a0d8592dbd345433361ae044cb7f06706c5a95e3daaad
#4 CACHED

#6 exporting to image
#6 sha256:e8c613e07b0b7ff33893b694f7759a10d42e180f2b4dc349fb57dc6b71dcab00
#6 exporting layers done
#6 writing image sha256:3e4588a9aebaeeab0d6e65a047af35e4caf540bb58ccd8719f28cf6fa6b3868f
#6 writing image sha256:3e4588a9aebaeeab0d6e65a047af35e4caf540bb58ccd8719f28cf6fa6b3868f 0.0s done
#6 naming to gcr.io/fuzzbench/runners/afl/openjpeg_openjpeg-intermediate done
#6 DONE 0.1s

#7 exporting cache
#7 sha256:2700d4ef94dee473593c5c614b55b2dedcca7893909811a8f2b48291a1f581e4
#7 preparing build cache for export done
#7 DONE 0.0s
#1 [internal] load build definition from Dockerfile
#1 sha256:0393769cc38086b41d1de4b903ab9a0de2c7ad4d00d52ce735eb9a3eb93254c1
#1 transferring dockerfile: 3.17kB done
#1 DONE 0.1s

#2 [internal] load .dockerignore
#2 sha256:ce2d84b766a1be89f254cd12ee639ef5a49d85563cad4a5bc26ebb2b90dff66a
#2 transferring context: 34B done
#2 DONE 0.1s

#4 [internal] load metadata for gcr.io/fuzzbench/builders/afl/openjpeg_openjpeg:latest
#4 sha256:9e2baab4d0c5f47783ee0bdce77f105e79e5b027dd857992977ccf9adc8b6c7e
#4 DONE 0.0s

#3 [internal] load metadata for gcr.io/fuzzbench/runners/afl/openjpeg_openjpeg-intermediate:latest
#3 sha256:35eb7e3d6dba4ae2cee563fd797f05932449b17386698ca24b7c4660b521be0b
#3 DONE 0.0s

#6 [stage-1  1/13] FROM gcr.io/fuzzbench/runners/afl/openjpeg_openjpeg-intermediate
#6 sha256:a41db044f69d4f12b4e4e3ad7b945d7b34c0601b9c22014bed3eb623e77ba2c7
#6 DONE 0.0s

#5 importing cache manifest from gcr.io/fuzzbench/runners/afl/openjpeg_openjpeg
#5 sha256:3a3208cf78523a0e4ad796369468f3eeb69ccc1bd4bad705eb775e28fde49832
#5 DONE 0.0s

#10 [builder 1/1] FROM gcr.io/fuzzbench/builders/afl/openjpeg_openjpeg
#10 sha256:a2aaac51b945bce2c17399a97b652d132931119cab21d072855557ecb50b3b65
#10 DONE 0.0s

#12 [internal] load build context
#12 sha256:e33e7e8b21bf4557eddd6bca5b348c29a9821bd2fd86281de64862b62ab046b9
#12 transferring context: 17.64MB 0.6s done
#12 DONE 0.7s

#14 [stage-1  7/13] COPY fuzzers /src/fuzzers
#14 sha256:f57c8e80f1744466566a022e94a724bd0d8312b82d66cce3daa51e94906b10aa
#14 CACHED

#15 [stage-1  8/13] RUN touch __init__.py
#15 sha256:14a2198a086cb10594b742da6bf58e33ab83ec902a8d2bdd812d3b5684cef0a9
#15 CACHED

#8 [stage-1  3/13] RUN mkdir -p /out
#8 sha256:557e35acef6df267dd3ad53125aca5fc628ca61479d6c9990f010db61e502967
#8 CACHED

#17 [stage-1 10/13] COPY common /src/common
#17 sha256:26dcc81eb2e46e633f3f3b21b00e64fe59f998b5dce7534f01486827685dbb25
#17 CACHED

#19 [stage-1 12/13] COPY docker/benchmark-runner /src/docker/benchmark-runner
#19 sha256:c896416a4fb604b848788acdb5591ae1d14d29efd101bc3ce2348a328ce4105e
#19 CACHED

#18 [stage-1 11/13] COPY experiment/runner.py /src/experiment/runner.py
#18 sha256:16f0928c80ec8de57dcae75918e515b163a59f10b1ed6aa84ae24d584972fa0a
#18 CACHED

#9 [stage-1  4/13] WORKDIR /out
#9 sha256:8cad8031839619efd2332fe08dd9dbca6395276b630e5ff00051c16fa3fbed65
#9 CACHED

#16 [stage-1  9/13] RUN mkdir -p /out/seeds /out/corpus
#16 sha256:fed17e0ea553db37bfce436b08df18ef83fbb7bb28ce3c64a29e00de3ebc1127
#16 CACHED

#7 [stage-1  2/13] RUN apt-get update -y && apt-get install -y     libglib2.0-0     libxml2     libarchive13     libgss3
#7 sha256:605f84a01355f0d3e3e987d3d2ed5ab3600718b98ed57ec0987fe6212d223741
#7 CACHED

#11 [stage-1  5/13] COPY --from=builder /out/ ./
#11 sha256:35a011ad91ee3318aa8562e95afc31c9a58167e009a00a051360939d14d060c1
#11 CACHED

#13 [stage-1  6/13] COPY benchmarks /src/benchmarks
#13 sha256:d912e6cd0d4d3a09e41db04916a42f2b12f511de37ca7af359be27bf5c5cd8f8
#13 CACHED

#20 [stage-1 13/13] RUN chmod +x /src/docker/benchmark-runner/startup-runner.sh
#20 sha256:1ed194a4cdcebff7f19e65a3ae993a774f562b275c3abe463cf2eb0a23876490
#20 CACHED

#21 exporting to image
#21 sha256:e8c613e07b0b7ff33893b694f7759a10d42e180f2b4dc349fb57dc6b71dcab00
#21 exporting layers done
#21 writing image sha256:d05cb3c4b3eab752c1bd4a0ac4aa63cdeb5e9ced7c1ffb11532fd4733d108a69
#21 writing image sha256:d05cb3c4b3eab752c1bd4a0ac4aa63cdeb5e9ced7c1ffb11532fd4733d108a69 0.0s done
#21 naming to gcr.io/fuzzbench/runners/afl/openjpeg_openjpeg done
#21 DONE 0.3s

#22 exporting cache
#22 sha256:2700d4ef94dee473593c5c614b55b2dedcca7893909811a8f2b48291a1f581e4
#22 preparing build cache for export done
#22 DONE 0.0s
INFO:root:Doing trial as part of experiment.
INFO:root:Starting trial.
ERROR:root:Fuzz target binary not found.
INFO:root:Doing final sync.
ERROR:root:Call to <function get_stats at 0x7f0996205f70> failed. Extras: {'traceback': 'Traceback (most recent call last):\n  File "/src/experiment/runner.py", line 374, in record_stats\n    stats_json_str = fuzzer_module_get_stats(output_corpus,\n  File "/src/fuzzers/afl/fuzzer.py", line 51, in get_stats\n    with open(stats_file) as file_handle:\nFileNotFoundError: [Errno 2] No such file or directory: \'/out/corpus/fuzzer_stats\'\n'}
