WARNING:root:gcloud not found in PATH.
INFO:root:Successfully integrated benchmark: tidy-html5_tidy_config_fuzzer.
INFO:root:Please run "make test-run-afl-tidy-html5_tidy_config_fuzzer" to test integration.
#1 [internal] load build definition from Dockerfile
#1 sha256:8111f8d4de58ca3ebda7812297b46e9c08b5fc81368451cdcd158a0d7627018f
#1 transferring dockerfile: 1.02kB done
#1 DONE 0.7s

#2 [internal] load .dockerignore
#2 sha256:bb8551bbde7f5f1692d26706174613354a5a5e45a5256ef00291752faf6e01f7
#2 transferring context: 2B done
#2 DONE 0.7s

#3 [internal] load metadata for gcr.io/oss-fuzz-base/base-builder:latest
#3 sha256:f10dc39cc9d418a5bc416dead31a1902b6821fdae909cd3b08f7a3fd1faba7b5
#3 DONE 0.4s

#9 [internal] load build context
#9 sha256:1ee95b130d59b3d30b002b34a2df4020c9173ff5440d7e28b0b005e59d7acb0f
#9 DONE 0.0s

#5 [1/6] FROM gcr.io/oss-fuzz-base/base-builder@sha256:f4e5ea12494fab091c5d830cf803b3421f2860f729b9d1b07da44924396cf8cf
#5 sha256:ef290950573a2779ee526af357b28fbddfc20d7409aa51f58f777c9e972cba29
#5 DONE 0.0s

#4 importing cache manifest from gcr.io/fuzzbench/builders/benchmark/tidy-html5_tidy_config_fuzzer
#4 sha256:41b4404ddbadb5d387dcc6ad67b0a392f3aef2d6bc2848859719b0cb29d4d1ac
#4 ERROR: gcr.io/fuzzbench/builders/benchmark/tidy-html5_tidy_config_fuzzer:latest: not found

#9 [internal] load build context
#9 sha256:1ee95b130d59b3d30b002b34a2df4020c9173ff5440d7e28b0b005e59d7acb0f
#9 transferring context: 3.67kB done
#9 DONE 0.1s

#6 [2/6] RUN apt-get update &&     apt-get install -y --no-install-recommends         cmake ninja-build &&     apt-get clean
#6 sha256:f970db4514ebb1e89648b4f8cc5e12a903b122b625f6a126818ef81e31ca391a
#6 CACHED

#7 [3/6] RUN git clone https://github.com/htacg/tidy-html5.git tidy-html5
#7 sha256:b9450b7f585a40e8df9f76d2bae4b4f45f6abf5c198e492ce8a5ae7376c7e963
#7 CACHED

#8 [4/6] WORKDIR tidy-html5
#8 sha256:2fab03d1537c0a331b29a43d3832af4fae175a57f86d4d01022f382e4bd2e7f1
#8 CACHED

#10 [5/6] COPY build.sh /src/
#10 sha256:5009d09851f6125f80e06fac1ad990657135ba26ac2f1ac5a0012894aac0cfa9
#10 CACHED

#11 [6/6] COPY *.c *.h *.options /src/
#11 sha256:5b7c757eb3e447f19656d57fb9df27078587c0f9c91883f8bdee2f624e67ece7
#11 CACHED

#12 exporting to image
#12 sha256:e8c613e07b0b7ff33893b694f7759a10d42e180f2b4dc349fb57dc6b71dcab00
#12 exporting layers done
#12 writing image sha256:a1f01134b1631723a7b7a5bba290534aaf1e3bf7984a371993bb6b64e6646990 0.0s done
#12 naming to gcr.io/fuzzbench/builders/benchmark/tidy-html5_tidy_config_fuzzer 0.0s done
#12 DONE 0.4s

#13 exporting cache
#13 sha256:2700d4ef94dee473593c5c614b55b2dedcca7893909811a8f2b48291a1f581e4
#13 preparing build cache for export done
#13 DONE 0.0s
------
 > importing cache manifest from gcr.io/fuzzbench/builders/benchmark/tidy-html5_tidy_config_fuzzer:
------
#1 [internal] load build definition from builder.Dockerfile
#1 sha256:34e81d50c7851df5048abe71706f990a692051671a99998db5f50b2f083f1969
#1 transferring dockerfile: 46B done
#1 DONE 0.1s

#2 [internal] load .dockerignore
#2 sha256:321c6fa7b276922d4df0091a747b1d20f39bd726c44137756747fb7aee0d5f0d
#2 transferring context: 2B done
#2 DONE 0.1s

#3 [internal] load metadata for gcr.io/fuzzbench/builders/benchmark/tidy-html5_tidy_config_fuzzer:latest
#3 sha256:639498c3947231f9060f6846229f00f4f58bb81a38ca1782d23dfd1512038727
#3 DONE 0.0s

#5 [1/3] FROM gcr.io/fuzzbench/builders/benchmark/tidy-html5_tidy_config_fuzzer
#5 sha256:2aa2900fdab03cccd47a1dd84487dde3899f10706b6acc1c5bf9bce280f01289
#5 DONE 0.0s

#4 importing cache manifest from gcr.io/fuzzbench/builders/afl/tidy-html5_tidy_config_fuzzer-intermediate
#4 sha256:09f2ea22146a32b5c6eb7d77bfef471c8a36bc95687026938531a22217cc8f83
#4 ERROR: gcr.io/fuzzbench/builders/afl/tidy-html5_tidy_config_fuzzer-intermediate:latest: not found

#6 [2/3] RUN git clone https://github.com/google/AFL.git /afl &&     cd /afl &&     git checkout 61037103ae3722c8060ff7082994836a794f978e &&     AFL_NO_X86=1 make
#6 sha256:ff97a532d383dee56c878e56dc810f13970860aacf7dc9047db3285f0b7babfa
#6 CACHED

#7 [3/3] RUN apt-get update &&     apt-get install wget -y &&     wget https://raw.githubusercontent.com/llvm/llvm-project/5feb80e748924606531ba28c97fe65145c65372e/compiler-rt/lib/fuzzer/afl/afl_driver.cpp -O /afl/afl_driver.cpp &&     clang -Wno-pointer-sign -c /afl/llvm_mode/afl-llvm-rt.o.c -I/afl &&     clang++ -stdlib=libc++ -std=c++11 -O2 -c /afl/afl_driver.cpp &&     ar r /libAFL.a *.o
#7 sha256:9d9e2d899cca0b2fd3bfcb0cf60aaf6fbefa0d1cdccb6b88f27848d3af8ccded
#7 CACHED

#8 exporting to image
#8 sha256:e8c613e07b0b7ff33893b694f7759a10d42e180f2b4dc349fb57dc6b71dcab00
#8 exporting layers done
#8 writing image sha256:0e5019a80b69858625c26493b3393c366af046fb91dc25cd79ff10ca3dcfedf7
#8 writing image sha256:0e5019a80b69858625c26493b3393c366af046fb91dc25cd79ff10ca3dcfedf7 0.0s done
#8 naming to gcr.io/fuzzbench/builders/afl/tidy-html5_tidy_config_fuzzer-intermediate 0.0s done
#8 DONE 0.3s

#9 exporting cache
#9 sha256:2700d4ef94dee473593c5c614b55b2dedcca7893909811a8f2b48291a1f581e4
#9 preparing build cache for export done
#9 DONE 0.0s
------
 > importing cache manifest from gcr.io/fuzzbench/builders/afl/tidy-html5_tidy_config_fuzzer-intermediate:
------
#2 [internal] load .dockerignore
#2 sha256:019de98df24d39e0fb56b2e00ba4341975a5f2ff628fe9b8627ddf87c1039756
#2 transferring context: 34B done
#2 DONE 0.1s

#1 [internal] load build definition from Dockerfile
#1 sha256:2fd4fc1be48e8a723242393d4e50f7aa78bcf29fbe1d712361b4348f94b241da
#1 transferring dockerfile: 2.00kB done
#1 DONE 0.2s

#3 [internal] load metadata for docker.io/library/ubuntu:xenial
#3 sha256:f62bae18ed588840f045c881b2502661f2a89578a2f8f99b83f5200ee83dd25b
#3 DONE 0.0s

#4 importing cache manifest from gcr.io/fuzzbench/base-image
#4 sha256:9b220ebb4d4daceed1b96df9b6dca076e762f1cd612574f010b82d5b9e5ad896
#4 DONE 0.0s

#5 [1/7] FROM docker.io/library/ubuntu:xenial
#5 sha256:14dd403f25ae9e519bd44f27dc17af7ce80f5a4f9f48ca88108364e67ec5d360
#5 DONE 0.0s

#8 [internal] load build context
#8 sha256:cc72127ee05c16a96b9f79e892f475d544057a888f4d403c978687b2327fee28
#8 transferring context: 559B 0.0s done
#8 DONE 0.1s

#11 [6/7] RUN apt-get update -y && apt-get install -y     apt-transport-https     lsb-release
#11 sha256:47c47829ac6d32975501fc7797af69e14c779d3170eb37d2e6f7e0adbdfe08ce
#11 CACHED

#7 [3/7] RUN cd /tmp/ &&     curl -O https://www.python.org/ftp/python/3.8.6/Python-3.8.6.tar.xz &&     tar -xvf Python-3.8.6.tar.xz &&     cd Python-3.8.6 &&     ./configure --enable-loadable-sqlite-extensions --enable-optimizations &&     make -j install &&     rm -r /tmp/Python-3.8.6.tar.xz /tmp/Python-3.8.6
#7 sha256:c5b9d1fb3371e84dbc60b76e7b2f8d5913bc93bcd4910ab65daa03e7b2ec4bb0
#7 CACHED

#10 [5/7] RUN pip3 install -r /requirements.txt
#10 sha256:178ffbb44a6f79024df501531d7ee3994e25f6993ac3a9806de63fc2669f0bdd
#10 CACHED

#6 [2/7] RUN apt-get update -y && apt-get install -y     build-essential     rsync     curl     zlib1g-dev     libncurses5-dev     libgdbm-dev     libnss3-dev     libssl-dev     libreadline-dev     libffi-dev     virtualenv     libbz2-dev     liblzma-dev     libsqlite3-dev
#6 sha256:3a1b0960f17eed529eaae93dc8fd3554f2743dd584d8fa569cdbe6bc734371ac
#6 CACHED

#9 [4/7] COPY ./requirements.txt /
#9 sha256:0a3ce035359c2d31af6c0b9bfd13f0dea1d6fd09d4b927eeeb90ae4269498165
#9 CACHED

#12 [7/7] RUN CLOUD_SDK_REPO="cloud-sdk-$(lsb_release -c -s)" &&     echo "deb https://packages.cloud.google.com/apt $CLOUD_SDK_REPO main"     | tee -a /etc/apt/sources.list.d/google-cloud-sdk.list &&     curl https://packages.cloud.google.com/apt/doc/apt-key.gpg     | apt-key add - &&     apt-get update -y &&     apt-get install -y google-cloud-sdk
#12 sha256:8bd5f315b0fc3f296265404127e403684aa28f6685687e156e222743ed373836
#12 CACHED

#13 exporting to image
#13 sha256:e8c613e07b0b7ff33893b694f7759a10d42e180f2b4dc349fb57dc6b71dcab00
#13 exporting layers done
#13 writing image sha256:5bcafeca90d09e5a030feed2ced83edfc14622deae3e4a98f2d89504ec6deb0e
#13 writing image sha256:5bcafeca90d09e5a030feed2ced83edfc14622deae3e4a98f2d89504ec6deb0e 0.0s done
#13 naming to gcr.io/fuzzbench/base-image done
#13 DONE 0.1s

#14 exporting cache
#14 sha256:2700d4ef94dee473593c5c614b55b2dedcca7893909811a8f2b48291a1f581e4
#14 preparing build cache for export done
#14 DONE 0.0s
#1 [internal] load build definition from Dockerfile
#1 sha256:a4b6886ae1099f763873c219272b87f5effa092c60addf1b06eab7f00318e42b
#1 transferring dockerfile: 2.22kB done
#1 DONE 0.1s

#2 [internal] load .dockerignore
#2 sha256:26bb428c43094081bd4f4988aff3618aafd0e8a05a1e0891a5b008d3a6ce0dde
#2 transferring context: 34B done
#2 DONE 0.1s

#4 [internal] load metadata for gcr.io/fuzzbench/base-image:latest
#4 sha256:932022888f650cc455b10eb5123bb08c0cccacac29a693e69314abbfd28a72c3
#4 DONE 0.0s

#3 [internal] load metadata for gcr.io/fuzzbench/builders/afl/tidy-html5_tidy_config_fuzzer-intermediate:latest
#3 sha256:096d7a32ce7f632d0f4667d4c49f55fd6e175f7adbadddb053eb3ebe1fcef10a
#3 DONE 0.0s

#12 [internal] load build context
#12 sha256:f006b1a552cc69cd05c940f2046bb8040f8c5ced63434a00bb5c0dbe411a4e15
#12 DONE 0.0s

#7 [base-image 1/1] FROM gcr.io/fuzzbench/base-image
#7 sha256:4d07825694520f8b6f6a0d8592dbd345433361ae044cb7f06706c5a95e3daaad
#7 DONE 0.0s

#6 [stage-1  1/13] FROM gcr.io/fuzzbench/builders/afl/tidy-html5_tidy_config_fuzzer-intermediate
#6 sha256:fc53a61b6ec1214e2683fae66775f2657dd46e1d97138f6f6a479be7d8251278
#6 DONE 0.0s

#5 importing cache manifest from gcr.io/fuzzbench/builders/afl/tidy-html5_tidy_config_fuzzer
#5 sha256:8567c2aa0ede50f9894e94b75e812ad81d5e2d693c94f68cbfcd50abbbb593cc
#5 ERROR: gcr.io/fuzzbench/builders/afl/tidy-html5_tidy_config_fuzzer:latest: not found

#12 [internal] load build context
#12 sha256:f006b1a552cc69cd05c940f2046bb8040f8c5ced63434a00bb5c0dbe411a4e15
#12 transferring context: 669.91kB 0.1s done
#12 DONE 0.2s

#8 [stage-1  2/13] COPY --from=base-image /usr/local/bin/python3* /usr/local/bin/
#8 sha256:99d19197225f553168974a8dc330070312928b3ec3a83ef851c73a25fee3d1ec
#8 CACHED

#9 [stage-1  3/13] COPY --from=base-image /usr/local/lib/python3.8 /usr/local/lib/python3.8
#9 sha256:e7dd087025b856e7152e2469e3aef118767cb129bc7f01fe26308b5c7f6b4885
#9 CACHED

#10 [stage-1  4/13] COPY --from=base-image /usr/local/include/python3.8 /usr/local/include/python3.8
#10 sha256:3d426bae5fe0e69982e5ac47a5da45cd9197ba2c4c1d04636f1b5d0db1834335
#10 CACHED

#11 [stage-1  5/13] COPY --from=base-image /usr/local/lib/python3.8/site-packages /usr/local/lib/python3.8/site-packages
#11 sha256:081cc0e68725c010e832e288e85fca0cba6410d685635936c1a20f72cdc8eea2
#11 CACHED

#13 [stage-1  6/13] COPY fuzzers /src/fuzzers
#13 sha256:b80aaae88d0053aea5ab57c48437c20d4d859543ae9cdf425a6a11e54622f194
#13 CACHED

#14 [stage-1  7/13] RUN touch /src/__init__.py
#14 sha256:0926114d39da2ebdb74cf532dc03f951c7956f16698ae0f01c1a0ed3dbe54490
#14 DONE 1.1s

#15 [stage-1  8/13] COPY benchmarks/tidy-html5_tidy_config_fuzzer/benchmark.yaml /
#15 sha256:0ba612cf6e434dbfbee15dd48c465340d40f71197bc99e7aed69ca21d6f57be4
#15 DONE 0.5s

#16 [stage-1  9/13] RUN mkdir /opt/fuzzbench/
#16 sha256:842d50a9a53800f296a4e8c236b4e6615b023654ca1f9021aec0feeacb8cf078
#16 DONE 0.7s

#17 [stage-1 10/13] COPY docker/benchmark-builder/checkout_commit.py /opt/fuzzbench/
#17 sha256:ca2644b9200db64dd9b0eb6acb5794b0571d4f749bb090f563fe7a9db7a82dfd
#17 DONE 0.3s

#18 [stage-1 11/13] RUN export CHECKOUT_COMMIT=$(cat /benchmark.yaml | tr -d ' ' | grep 'commit:' | cut -d ':' -f2) &&     python3 -u /opt/fuzzbench/checkout_commit.py $CHECKOUT_COMMIT /src
#18 sha256:0e0cb33de436c1b3f7091af578a89dce27709bedd61d870200172f9fa2a4baa8
#18 0.478 Checking out commit b6aefa51
#18 0.482 error: pathspec 'b6aefa51' did not match any file(s) known to git
#18 0.487 error: pathspec 'b6aefa51' did not match any file(s) known to git
#18 0.495 error: pathspec 'b6aefa51' did not match any file(s) known to git
#18 0.539 Checkout unsuccessful.
#18 DONE 0.8s

#19 [stage-1 12/13] RUN echo "#!/bin/bash\nPYTHONPATH=/src python3 -u -c "from fuzzers import utils; utils.initialize_env(); from fuzzers.afl import fuzzer; fuzzer.build()"" > /usr/bin/fuzzer_build &&     chmod +x /usr/bin/fuzzer_build
#19 sha256:0c0fb3ad9a28d8c821b04cee0e048c13247a06f19c60c97592837feb89caa83c
#19 DONE 1.1s

#20 [stage-1 13/13] RUN echo "Run fuzzer_build to build the target" && if [ -z "$debug_builder" ] ; then fuzzer_build; fi
#20 sha256:50ff979146aa0420687a051eba362c08aab780a7f1c6e90ca65feb21108fad22
#20 0.550 Run fuzzer_build to build the target
#20 0.665 FUZZ_TARGET = tidy_config_fuzzer
#20 0.665 CFLAGS = -DFUZZING_BUILD_MODE_UNSAFE_FOR_PRODUCTION -pthread -Wl,--no-as-needed -Wl,-ldl -Wl,-lm -Wno-unused-command-line-argument -O3
#20 0.665 CXXFLAGS = -DFUZZING_BUILD_MODE_UNSAFE_FOR_PRODUCTION -pthread -Wl,--no-as-needed -Wl,-ldl -Wl,-lm -Wno-unused-command-line-argument -stdlib=libc++ -O3
#20 0.670 Building benchmark tidy-html5_tidy_config_fuzzer with fuzzer afl
#20 0.673 + mkdir -p /work/tidy-html5
#20 0.676 + cd /work/tidy-html5
#20 0.676 + cmake -GNinja /src/tidy-html5/
#20 0.890 -- The C compiler identification is Clang 14.0.0
#20 1.143 -- The CXX compiler identification is Clang 14.0.0
#20 1.156 -- Detecting C compiler ABI info
#20 1.317 -- Detecting C compiler ABI info - done
#20 1.367 -- Check for working C compiler: /usr/local/bin/clang - skipped
#20 1.368 -- Detecting C compile features
#20 1.368 -- Detecting C compile features - done
#20 1.376 -- Detecting CXX compiler ABI info
#20 1.564 -- Detecting CXX compiler ABI info - done
#20 1.631 -- Check for working CXX compiler: /usr/local/bin/clang++ - skipped
#20 1.631 -- Detecting CXX compile features
#20 1.632 -- Detecting CXX compile features - done
#20 1.634 -> TIDY_SO_VERSION = 59. This is an ODD (development) release.
#20 1.634 -- *** Debug Logging is NOT enabled.
#20 1.634 -- *** Building support for runtime configuration files.
#20 1.634 -- *** Also building DLL library SHARED, version 5.9.20, date 2022.01.25
#20 1.636 -- *** NOTE: xsltproc NOT FOUND! Can NOT generate man page.
#20 1.636 -- *** You need to install xsltproc in your system.
#20 1.650 -- Configuring done
#20 1.662 -- Generating done
#20 1.671 -- Build files have been written to: /work/tidy-html5
#20 1.675 + ninja
#20 1.897 [1/56] Building C object CMakeFiles/tidy-share.dir/src/charsets.c.o
#20 1.990 [2/56] Building C object CMakeFiles/tidy-share.dir/src/entities.c.o
#20 2.172 [3/56] Building C object CMakeFiles/tidy-share.dir/src/istack.c.o
#20 2.269 [4/56] Building C object CMakeFiles/tidy-share.dir/src/tags.c.o
#20 2.344 [5/56] Building C object CMakeFiles/tidy-share.dir/src/alloc.c.o
#20 2.612 [6/56] Building C object CMakeFiles/tidy-share.dir/src/buffio.c.o
#20 2.661 [7/56] Building C object CMakeFiles/tidy-share.dir/src/message.c.o
#20 2.844 [8/56] Building C object CMakeFiles/tidy-share.dir/src/fileio.c.o
#20 3.136 [9/56] Building C object CMakeFiles/tidy-share.dir/src/tagask.c.o
#20 3.309 [10/56] Building C object CMakeFiles/tidy-share.dir/src/streamio.c.o
#20 3.434 [11/56] Building C object CMakeFiles/tidy-share.dir/src/clean.c.o
#20 3.502 [12/56] Building C object CMakeFiles/tidy-share.dir/src/tmbstr.c.o
#20 3.568 [13/56] Building C object CMakeFiles/tidy-share.dir/src/attrs.c.o
#20 3.598 [14/56] Building C object CMakeFiles/tidy-share.dir/src/config.c.o
#20 3.660 [15/56] Building C object CMakeFiles/tidy-share.dir/src/utf8.c.o
#20 3.712 [16/56] Building C object CMakeFiles/tidy-share.dir/src/access.c.o
#20 3.722 [17/56] Building C object CMakeFiles/tidy-share.dir/src/mappedio.c.o
#20 3.828 [18/56] Building C object CMakeFiles/tidy-share.dir/src/gdoc.c.o
#20 3.850 [19/56] Building C object CMakeFiles/tidy-share.dir/src/sprtf.c.o
#20 4.026 [20/56] Building C object CMakeFiles/tidy-share.dir/src/messageobj.c.o
#20 4.164 [21/56] Building C object CMakeFiles/tidy-share.dir/src/language.c.o
#20 4.224 [22/56] Building C object CMakeFiles/tidy-share.dir/src/attrdict.c.o
#20 4.239 [23/56] Building C object CMakeFiles/tidy-static.dir/src/istack.c.o
#20 4.584 [24/56] Building C object CMakeFiles/tidy-share.dir/src/tidylib.c.o
#20 4.622 [25/56] Building C object CMakeFiles/tidy-static.dir/src/entities.c.o
#20 4.871 [26/56] Building C object CMakeFiles/tidy-static.dir/src/tags.c.o
#20 4.892 [27/56] Building C object CMakeFiles/tidy-static.dir/src/charsets.c.o
#20 5.108 [28/56] Building C object CMakeFiles/tidy-share.dir/src/lexer.c.o
#20 5.378 [29/56] Building C object CMakeFiles/tidy-share.dir/src/parser.c.o
#20 5.378 /src/tidy-html5/src/parser.c:2793:11: warning: variable 'head' set but not used [-Wunused-but-set-variable]
#20 5.378     Node *head = NULL;
#20 5.378           ^
#20 5.378 1 warning generated.
#20 5.617 [30/56] Building C object CMakeFiles/tidy-static.dir/src/message.c.o
#20 5.621 [31/56] Building C object CMakeFiles/tidy-static.dir/src/alloc.c.o
#20 5.678 [32/56] Building C object CMakeFiles/tidy-static.dir/src/attrs.c.o
#20 5.705 [33/56] Building C object CMakeFiles/tidy-static.dir/src/access.c.o
#20 5.907 [34/56] Building C object CMakeFiles/tidy-static.dir/src/buffio.c.o
#20 5.930 [35/56] Building C object CMakeFiles/tidy-static.dir/src/fileio.c.o
#20 6.164 [36/56] Building C object CMakeFiles/tidy-static.dir/src/tagask.c.o
#20 6.182 [37/56] Building C object CMakeFiles/tidy-static.dir/src/streamio.c.o
#20 6.332 [38/56] Building C object CMakeFiles/tidy-static.dir/src/tmbstr.c.o
#20 6.342 [39/56] Building C object CMakeFiles/tidy-static.dir/src/config.c.o
#20 6.451 [40/56] Building C object CMakeFiles/tidy-static.dir/src/mappedio.c.o
#20 6.527 [41/56] Building C object CMakeFiles/tidy-static.dir/src/utf8.c.o
#20 6.546 [42/56] Building C object CMakeFiles/tidy-static.dir/src/clean.c.o
#20 6.612 [43/56] Building C object CMakeFiles/tidy-static.dir/src/gdoc.c.o
#20 6.688 [44/56] Building C object CMakeFiles/tidy-static.dir/src/sprtf.c.o
#20 6.961 [45/56] Building C object CMakeFiles/tidy-static.dir/src/messageobj.c.o
#20 6.975 [46/56] Building C object CMakeFiles/tidy-static.dir/src/language.c.o
#20 6.988 [47/56] Building C object CMakeFiles/tidy-share.dir/src/pprint.c.o
#20 7.076 [48/56] Building C object CMakeFiles/tidy-static.dir/src/parser.c.o
#20 7.077 /src/tidy-html5/src/parser.c:2793:11: warning: variable 'head' set but not used [-Wunused-but-set-variable]
#20 7.077     Node *head = NULL;
#20 7.077           ^
#20 7.077 1 warning generated.
#20 7.165 [49/56] Linking C shared library libtidy.so
#20 7.187 [50/56] Building C object CMakeFiles/tidy-static.dir/src/attrdict.c.o
#20 7.220 [51/56] Building C object CMakeFiles/tidy-static.dir/src/tidylib.c.o
#20 7.344 [52/56] Building C object CMakeFiles/tidy-static.dir/src/lexer.c.o
#20 7.800 [53/56] Building C object CMakeFiles/tidy.dir/console/tidy.c.o
#20 7.800 /src/tidy-html5/console/tidy.c:2085:10: warning: variable 'accessWarnings' set but not used [-Wunused-but-set-variable]
#20 7.800     uint accessWarnings = 0;
#20 7.800          ^
#20 7.800 1 warning generated.
#20 8.370 [54/56] Building C object CMakeFiles/tidy-static.dir/src/pprint.c.o
#20 8.388 [55/56] Linking C static library libtidy.a
#20 8.557 [56/56] Linking C executable tidy
#20 8.558 + for fuzzer in tidy_config_fuzzer tidy_fuzzer
#20 8.558 + clang -DFUZZING_BUILD_MODE_UNSAFE_FOR_PRODUCTION -pthread -Wl,--no-as-needed -Wl,-ldl -Wl,-lm -Wno-unused-command-line-argument -O3 -fsanitize-coverage=trace-pc-guard -c -I/src/tidy-html5/include /src/tidy_config_fuzzer.c -o tidy_config_fuzzer.o
#20 8.627 + clang++ -DFUZZING_BUILD_MODE_UNSAFE_FOR_PRODUCTION -pthread -Wl,--no-as-needed -Wl,-ldl -Wl,-lm -Wno-unused-command-line-argument -stdlib=libc++ -O3 -fsanitize-coverage=trace-pc-guard -std=c++11 tidy_config_fuzzer.o -o /out/tidy_config_fuzzer -lFuzzingEngine libtidys.a
#20 8.639 clang-14: error: no such file or directory: 'libtidys.a'
#20 8.641 Traceback (most recent call last):
#20 8.641   File "<string>", line 1, in <module>
#20 8.642   File "/src/fuzzers/afl/fuzzer.py", line 40, in build
#20 8.642     utils.build_benchmark()
#20 8.642   File "/src/fuzzers/utils.py", line 82, in build_benchmark
#20 8.642     subprocess.check_call(['/bin/bash', '-ex', build_script], env=env)
#20 8.642   File "/usr/local/lib/python3.8/subprocess.py", line 364, in check_call
#20 8.643     raise CalledProcessError(retcode, cmd)
#20 8.643 subprocess.CalledProcessError: Command '['/bin/bash', '-ex', '/src/build.sh']' returned non-zero exit status 1.
#20 ERROR: executor failed running [/bin/sh -c echo "Run fuzzer_build to build the target" && if [ -z "$debug_builder" ] ; then fuzzer_build; fi]: exit code: 1
------
 > importing cache manifest from gcr.io/fuzzbench/builders/afl/tidy-html5_tidy_config_fuzzer:
------
------
 > [stage-1 13/13] RUN echo "Run fuzzer_build to build the target" && if [ -z "$debug_builder" ] ; then fuzzer_build; fi:
------
executor failed running [/bin/sh -c echo "Run fuzzer_build to build the target" && if [ -z "$debug_builder" ] ; then fuzzer_build; fi]: exit code: 1
make: *** [docker/generated.mk:2720412: .afl-tidy-html5_tidy_config_fuzzer-builder] Error 1
/bin/sh: 1: source: not found
#1 [internal] load build definition from Dockerfile
#1 sha256:1a904f93fb080504c6ccb6d50275b39995120cbda1e6b3a858413bb8f992e648
#1 transferring dockerfile: 32B done
#1 DONE 0.4s

#2 [internal] load .dockerignore
#2 sha256:8bfa77959b15c49ba5c07eef1c787b26bf11f775647f2eb24fd1d9e6dfc1cc5e
#2 transferring context: 2B done
#2 DONE 0.4s

#3 [internal] load metadata for gcr.io/oss-fuzz-base/base-builder:latest
#3 sha256:f10dc39cc9d418a5bc416dead31a1902b6821fdae909cd3b08f7a3fd1faba7b5
#3 DONE 0.5s

#4 importing cache manifest from gcr.io/fuzzbench/builders/benchmark/tidy-html5_tidy_config_fuzzer
#4 sha256:41b4404ddbadb5d387dcc6ad67b0a392f3aef2d6bc2848859719b0cb29d4d1ac
#4 DONE 0.0s

#5 [1/6] FROM gcr.io/oss-fuzz-base/base-builder@sha256:f4e5ea12494fab091c5d830cf803b3421f2860f729b9d1b07da44924396cf8cf
#5 sha256:ef290950573a2779ee526af357b28fbddfc20d7409aa51f58f777c9e972cba29
#5 DONE 0.0s

#9 [internal] load build context
#9 sha256:9e56324729a68d5db5f8c7b1700b8e880bc918015e0d5ec95902f359432cd634
#9 transferring context: 354B done
#9 DONE 0.1s

#6 [2/6] RUN apt-get update &&     apt-get install -y --no-install-recommends         cmake ninja-build &&     apt-get clean
#6 sha256:f970db4514ebb1e89648b4f8cc5e12a903b122b625f6a126818ef81e31ca391a
#6 CACHED

#7 [3/6] RUN git clone https://github.com/htacg/tidy-html5.git tidy-html5
#7 sha256:b9450b7f585a40e8df9f76d2bae4b4f45f6abf5c198e492ce8a5ae7376c7e963
#7 CACHED

#8 [4/6] WORKDIR tidy-html5
#8 sha256:2fab03d1537c0a331b29a43d3832af4fae175a57f86d4d01022f382e4bd2e7f1
#8 CACHED

#10 [5/6] COPY build.sh /src/
#10 sha256:a7410c132f109a96d17f10a2e9577167d394da637172fbb070d5833e4cd9139d
#10 CACHED

#11 [6/6] COPY *.c *.h *.options /src/
#11 sha256:2e6c647a97819cefa36783e244174826b51ddd4bb22f1c8b2ef6dd742ada1166
#11 CACHED

#12 exporting to image
#12 sha256:e8c613e07b0b7ff33893b694f7759a10d42e180f2b4dc349fb57dc6b71dcab00
#12 exporting layers done
#12 writing image sha256:a1f01134b1631723a7b7a5bba290534aaf1e3bf7984a371993bb6b64e6646990
#12 writing image sha256:a1f01134b1631723a7b7a5bba290534aaf1e3bf7984a371993bb6b64e6646990 0.0s done
#12 naming to gcr.io/fuzzbench/builders/benchmark/tidy-html5_tidy_config_fuzzer done
#12 DONE 0.4s

#13 exporting cache
#13 sha256:2700d4ef94dee473593c5c614b55b2dedcca7893909811a8f2b48291a1f581e4
#13 preparing build cache for export done
#13 DONE 0.0s
#1 [internal] load build definition from builder.Dockerfile
#1 sha256:bb6b4f3707ded3c55c412d31a5904cc290504ca0a217e763fe575637f795c02a
#1 transferring dockerfile: 46B done
#1 DONE 0.1s

#2 [internal] load .dockerignore
#2 sha256:96fffa2995a40363f47c2376558d451f0d08c5802ccaf939245d55e410b75e45
#2 transferring context: 2B done
#2 DONE 0.1s

#3 [internal] load metadata for gcr.io/fuzzbench/builders/benchmark/tidy-html5_tidy_config_fuzzer:latest
#3 sha256:639498c3947231f9060f6846229f00f4f58bb81a38ca1782d23dfd1512038727
#3 DONE 0.0s

#4 importing cache manifest from gcr.io/fuzzbench/builders/afl/tidy-html5_tidy_config_fuzzer-intermediate
#4 sha256:09f2ea22146a32b5c6eb7d77bfef471c8a36bc95687026938531a22217cc8f83
#4 DONE 0.0s

#5 [1/3] FROM gcr.io/fuzzbench/builders/benchmark/tidy-html5_tidy_config_fuzzer
#5 sha256:2aa2900fdab03cccd47a1dd84487dde3899f10706b6acc1c5bf9bce280f01289
#5 DONE 0.0s

#6 [2/3] RUN git clone https://github.com/google/AFL.git /afl &&     cd /afl &&     git checkout 61037103ae3722c8060ff7082994836a794f978e &&     AFL_NO_X86=1 make
#6 sha256:ff97a532d383dee56c878e56dc810f13970860aacf7dc9047db3285f0b7babfa
#6 CACHED

#7 [3/3] RUN apt-get update &&     apt-get install wget -y &&     wget https://raw.githubusercontent.com/llvm/llvm-project/5feb80e748924606531ba28c97fe65145c65372e/compiler-rt/lib/fuzzer/afl/afl_driver.cpp -O /afl/afl_driver.cpp &&     clang -Wno-pointer-sign -c /afl/llvm_mode/afl-llvm-rt.o.c -I/afl &&     clang++ -stdlib=libc++ -std=c++11 -O2 -c /afl/afl_driver.cpp &&     ar r /libAFL.a *.o
#7 sha256:9d9e2d899cca0b2fd3bfcb0cf60aaf6fbefa0d1cdccb6b88f27848d3af8ccded
#7 CACHED

#8 exporting to image
#8 sha256:e8c613e07b0b7ff33893b694f7759a10d42e180f2b4dc349fb57dc6b71dcab00
#8 exporting layers done
#8 writing image sha256:0e5019a80b69858625c26493b3393c366af046fb91dc25cd79ff10ca3dcfedf7 0.0s done
#8 naming to gcr.io/fuzzbench/builders/afl/tidy-html5_tidy_config_fuzzer-intermediate done
#8 DONE 0.4s

#9 exporting cache
#9 sha256:2700d4ef94dee473593c5c614b55b2dedcca7893909811a8f2b48291a1f581e4
#9 preparing build cache for export done
#9 DONE 0.0s
#1 [internal] load build definition from Dockerfile
#1 sha256:098b9e696e9017553ab75cf3a51975dda22ec37e05fae549b6a0a8b1a49a32a9
#1 transferring dockerfile: 2.00kB done
#1 DONE 0.1s

#2 [internal] load .dockerignore
#2 sha256:9a34e2da59e5837ad1f6a640b2b496ab656ab7cfa2f2d41f93c3a8aeaffac212
#2 transferring context: 34B done
#2 DONE 0.1s

#3 [internal] load metadata for docker.io/library/ubuntu:xenial
#3 sha256:f62bae18ed588840f045c881b2502661f2a89578a2f8f99b83f5200ee83dd25b
#3 DONE 0.0s

#4 importing cache manifest from gcr.io/fuzzbench/base-image
#4 sha256:9b220ebb4d4daceed1b96df9b6dca076e762f1cd612574f010b82d5b9e5ad896
#4 DONE 0.0s

#5 [1/7] FROM docker.io/library/ubuntu:xenial
#5 sha256:14dd403f25ae9e519bd44f27dc17af7ce80f5a4f9f48ca88108364e67ec5d360
#5 DONE 0.0s

#8 [internal] load build context
#8 sha256:570f31b78dd77f0e1da8f963cf766912abf16ffbb4849df873de31bc89b7a6f7
#8 transferring context: 559B 0.0s done
#8 DONE 0.1s

#10 [5/7] RUN pip3 install -r /requirements.txt
#10 sha256:6b35ce4b58feac575cb93ebc35dc998d7d5d688f07bc8eeb543832e6572c0d9f
#10 CACHED

#11 [6/7] RUN apt-get update -y && apt-get install -y     apt-transport-https     lsb-release
#11 sha256:d1c792764617b8cc2d6b26b28b769352db6efc9cb3d870a69338a215d7407900
#11 CACHED

#6 [2/7] RUN apt-get update -y && apt-get install -y     build-essential     rsync     curl     zlib1g-dev     libncurses5-dev     libgdbm-dev     libnss3-dev     libssl-dev     libreadline-dev     libffi-dev     virtualenv     libbz2-dev     liblzma-dev     libsqlite3-dev
#6 sha256:3a1b0960f17eed529eaae93dc8fd3554f2743dd584d8fa569cdbe6bc734371ac
#6 CACHED

#7 [3/7] RUN cd /tmp/ &&     curl -O https://www.python.org/ftp/python/3.8.6/Python-3.8.6.tar.xz &&     tar -xvf Python-3.8.6.tar.xz &&     cd Python-3.8.6 &&     ./configure --enable-loadable-sqlite-extensions --enable-optimizations &&     make -j install &&     rm -r /tmp/Python-3.8.6.tar.xz /tmp/Python-3.8.6
#7 sha256:c5b9d1fb3371e84dbc60b76e7b2f8d5913bc93bcd4910ab65daa03e7b2ec4bb0
#7 CACHED

#9 [4/7] COPY ./requirements.txt /
#9 sha256:3139cfb0191161408ea9cbc7008b5f93c7945c1a75327d02b87881f7f369e2ec
#9 CACHED

#12 [7/7] RUN CLOUD_SDK_REPO="cloud-sdk-$(lsb_release -c -s)" &&     echo "deb https://packages.cloud.google.com/apt $CLOUD_SDK_REPO main"     | tee -a /etc/apt/sources.list.d/google-cloud-sdk.list &&     curl https://packages.cloud.google.com/apt/doc/apt-key.gpg     | apt-key add - &&     apt-get update -y &&     apt-get install -y google-cloud-sdk
#12 sha256:2da801e2a027948bb3b108ed85913e10cbc8597ae5c51d370013df078b7f0d60
#12 CACHED

#13 exporting to image
#13 sha256:e8c613e07b0b7ff33893b694f7759a10d42e180f2b4dc349fb57dc6b71dcab00
#13 exporting layers done
#13 writing image sha256:5bcafeca90d09e5a030feed2ced83edfc14622deae3e4a98f2d89504ec6deb0e
#13 writing image sha256:5bcafeca90d09e5a030feed2ced83edfc14622deae3e4a98f2d89504ec6deb0e done
#13 naming to gcr.io/fuzzbench/base-image done
#13 DONE 0.1s

#14 exporting cache
#14 sha256:2700d4ef94dee473593c5c614b55b2dedcca7893909811a8f2b48291a1f581e4
#14 preparing build cache for export done
#14 DONE 0.0s
#1 [internal] load build definition from Dockerfile
#1 sha256:e529f92afc7e1653c13d85a0773afd5bf1f23ae75fa9b706a4f86a4295045f09
#1 transferring dockerfile: 2.22kB done
#1 DONE 0.1s

#2 [internal] load .dockerignore
#2 sha256:502f04b420ab2d21c33e278eb7c3c1b7cc75dd13a2eb4ba130d382430836c83a
#2 transferring context: 34B done
#2 DONE 0.1s

#4 [internal] load metadata for gcr.io/fuzzbench/base-image:latest
#4 sha256:932022888f650cc455b10eb5123bb08c0cccacac29a693e69314abbfd28a72c3
#4 DONE 0.0s

#3 [internal] load metadata for gcr.io/fuzzbench/builders/afl/tidy-html5_tidy_config_fuzzer-intermediate:latest
#3 sha256:096d7a32ce7f632d0f4667d4c49f55fd6e175f7adbadddb053eb3ebe1fcef10a
#3 DONE 0.0s

#12 [internal] load build context
#12 sha256:961991816c67a04bc8bc185c37d891385bb766f54862af75029623edd69c0a8c
#12 DONE 0.0s

#7 [base-image 1/1] FROM gcr.io/fuzzbench/base-image
#7 sha256:4d07825694520f8b6f6a0d8592dbd345433361ae044cb7f06706c5a95e3daaad
#7 DONE 0.0s

#6 [stage-1  1/13] FROM gcr.io/fuzzbench/builders/afl/tidy-html5_tidy_config_fuzzer-intermediate
#6 sha256:fc53a61b6ec1214e2683fae66775f2657dd46e1d97138f6f6a479be7d8251278
#6 DONE 0.0s

#5 importing cache manifest from gcr.io/fuzzbench/builders/afl/tidy-html5_tidy_config_fuzzer
#5 sha256:8567c2aa0ede50f9894e94b75e812ad81d5e2d693c94f68cbfcd50abbbb593cc
#5 ERROR: gcr.io/fuzzbench/builders/afl/tidy-html5_tidy_config_fuzzer:latest: not found

#12 [internal] load build context
#12 sha256:961991816c67a04bc8bc185c37d891385bb766f54862af75029623edd69c0a8c
#12 transferring context: 669.91kB 0.1s done
#12 DONE 0.3s

#9 [stage-1  3/13] COPY --from=base-image /usr/local/lib/python3.8 /usr/local/lib/python3.8
#9 sha256:e7dd087025b856e7152e2469e3aef118767cb129bc7f01fe26308b5c7f6b4885
#9 CACHED

#14 [stage-1  7/13] RUN touch /src/__init__.py
#14 sha256:a3b3fe139f29b2b3abd553891bbb97fcbd2a426967a07dc48f7b2769d82c2a67
#14 CACHED

#17 [stage-1 10/13] COPY docker/benchmark-builder/checkout_commit.py /opt/fuzzbench/
#17 sha256:d13f0f2ba06e7df32c71357c5f1d18468e47ad6814343613adfadcb30a8796a9
#17 CACHED

#15 [stage-1  8/13] COPY benchmarks/tidy-html5_tidy_config_fuzzer/benchmark.yaml /
#15 sha256:2a95e91a11af637679a9fbe03900fdb74b573743ca5138b719a57b2265dd3878
#15 CACHED

#18 [stage-1 11/13] RUN export CHECKOUT_COMMIT=$(cat /benchmark.yaml | tr -d ' ' | grep 'commit:' | cut -d ':' -f2) &&     python3 -u /opt/fuzzbench/checkout_commit.py $CHECKOUT_COMMIT /src
#18 sha256:99fa726b0ad9d02ad039c450b46c51b2f14f65028f3032aabd781c6273b8d394
#18 CACHED

#10 [stage-1  4/13] COPY --from=base-image /usr/local/include/python3.8 /usr/local/include/python3.8
#10 sha256:3d426bae5fe0e69982e5ac47a5da45cd9197ba2c4c1d04636f1b5d0db1834335
#10 CACHED

#11 [stage-1  5/13] COPY --from=base-image /usr/local/lib/python3.8/site-packages /usr/local/lib/python3.8/site-packages
#11 sha256:081cc0e68725c010e832e288e85fca0cba6410d685635936c1a20f72cdc8eea2
#11 CACHED

#13 [stage-1  6/13] COPY fuzzers /src/fuzzers
#13 sha256:db1aa83ea0a650fa68b85e277ef37ed02c8d9b034c330a35c99307f8069356ea
#13 CACHED

#8 [stage-1  2/13] COPY --from=base-image /usr/local/bin/python3* /usr/local/bin/
#8 sha256:99d19197225f553168974a8dc330070312928b3ec3a83ef851c73a25fee3d1ec
#8 CACHED

#16 [stage-1  9/13] RUN mkdir /opt/fuzzbench/
#16 sha256:f85360081658101e233f33c18c3ac3c9f49d0c7e4c963e8bdb89bf238b885842
#16 CACHED

#19 [stage-1 12/13] RUN echo "#!/bin/bash\nPYTHONPATH=/src python3 -u -c "from fuzzers import utils; utils.initialize_env(); from fuzzers.afl import fuzzer; fuzzer.build()"" > /usr/bin/fuzzer_build &&     chmod +x /usr/bin/fuzzer_build
#19 sha256:c63a14521c4991129ecd2711f390011fa6446755b74290d2045b732084bc09d5
#19 CACHED

#20 [stage-1 13/13] RUN echo "Run fuzzer_build to build the target" && if [ -z "$debug_builder" ] ; then fuzzer_build; fi
#20 sha256:b67eaf2d43b52ad7354931cf65f47dfc4d343d33e8afdc701867366bd6e28e87
#20 0.435 Run fuzzer_build to build the target
#20 0.549 FUZZ_TARGET = tidy_config_fuzzer
#20 0.549 CFLAGS = -DFUZZING_BUILD_MODE_UNSAFE_FOR_PRODUCTION -pthread -Wl,--no-as-needed -Wl,-ldl -Wl,-lm -Wno-unused-command-line-argument -O3
#20 0.549 CXXFLAGS = -DFUZZING_BUILD_MODE_UNSAFE_FOR_PRODUCTION -pthread -Wl,--no-as-needed -Wl,-ldl -Wl,-lm -Wno-unused-command-line-argument -stdlib=libc++ -O3
#20 0.553 Building benchmark tidy-html5_tidy_config_fuzzer with fuzzer afl
#20 0.556 + mkdir -p /work/tidy-html5
#20 0.558 + cd /work/tidy-html5
#20 0.558 + cmake -GNinja /src/tidy-html5/
#20 0.770 -- The C compiler identification is Clang 14.0.0
#20 1.023 -- The CXX compiler identification is Clang 14.0.0
#20 1.036 -- Detecting C compiler ABI info
#20 1.187 -- Detecting C compiler ABI info - done
#20 1.235 -- Check for working C compiler: /usr/local/bin/clang - skipped
#20 1.236 -- Detecting C compile features
#20 1.237 -- Detecting C compile features - done
#20 1.250 -- Detecting CXX compiler ABI info
#20 1.437 -- Detecting CXX compiler ABI info - done
#20 1.502 -- Check for working CXX compiler: /usr/local/bin/clang++ - skipped
#20 1.502 -- Detecting CXX compile features
#20 1.504 -- Detecting CXX compile features - done
#20 1.505 -> TIDY_SO_VERSION = 59. This is an ODD (development) release.
#20 1.505 -- *** Debug Logging is NOT enabled.
#20 1.505 -- *** Building support for runtime configuration files.
#20 1.506 -- *** Also building DLL library SHARED, version 5.9.20, date 2022.01.25
#20 1.507 -- *** NOTE: xsltproc NOT FOUND! Can NOT generate man page.
#20 1.507 -- *** You need to install xsltproc in your system.
#20 1.521 -- Configuring done
#20 1.533 -- Generating done
#20 1.543 -- Build files have been written to: /work/tidy-html5
#20 1.547 + ninja
#20 1.855 [1/56] Building C object CMakeFiles/tidy-share.dir/src/charsets.c.o
#20 1.868 [2/56] Building C object CMakeFiles/tidy-share.dir/src/entities.c.o
#20 1.956 [3/56] Building C object CMakeFiles/tidy-share.dir/src/istack.c.o
#20 2.135 [4/56] Building C object CMakeFiles/tidy-share.dir/src/alloc.c.o
#20 2.255 [5/56] Building C object CMakeFiles/tidy-share.dir/src/tags.c.o
#20 2.525 [6/56] Building C object CMakeFiles/tidy-share.dir/src/buffio.c.o
#20 2.678 [7/56] Building C object CMakeFiles/tidy-share.dir/src/fileio.c.o
#20 2.712 [8/56] Building C object CMakeFiles/tidy-share.dir/src/message.c.o
#20 2.890 [9/56] Building C object CMakeFiles/tidy-share.dir/src/tagask.c.o
#20 3.205 [10/56] Building C object CMakeFiles/tidy-share.dir/src/attrs.c.o
#20 3.301 [11/56] Building C object CMakeFiles/tidy-share.dir/src/streamio.c.o
#20 3.345 [12/56] Building C object CMakeFiles/tidy-share.dir/src/tmbstr.c.o
#20 3.368 [13/56] Building C object CMakeFiles/tidy-share.dir/src/config.c.o
#20 3.380 [14/56] Building C object CMakeFiles/tidy-share.dir/src/clean.c.o
#20 3.439 [15/56] Building C object CMakeFiles/tidy-share.dir/src/utf8.c.o
#20 3.562 [16/56] Building C object CMakeFiles/tidy-share.dir/src/mappedio.c.o
#20 3.599 [17/56] Building C object CMakeFiles/tidy-share.dir/src/access.c.o
#20 3.633 [18/56] Building C object CMakeFiles/tidy-share.dir/src/sprtf.c.o
#20 3.636 [19/56] Building C object CMakeFiles/tidy-share.dir/src/gdoc.c.o
#20 3.821 [20/56] Building C object CMakeFiles/tidy-share.dir/src/messageobj.c.o
#20 3.936 [21/56] Building C object CMakeFiles/tidy-share.dir/src/attrdict.c.o
#20 3.950 [22/56] Building C object CMakeFiles/tidy-share.dir/src/language.c.o
#20 4.148 [23/56] Building C object CMakeFiles/tidy-static.dir/src/istack.c.o
#20 4.311 [24/56] Building C object CMakeFiles/tidy-static.dir/src/entities.c.o
#20 4.436 [25/56] Building C object CMakeFiles/tidy-share.dir/src/tidylib.c.o
#20 4.490 [26/56] Building C object CMakeFiles/tidy-static.dir/src/tags.c.o
#20 4.649 [27/56] Building C object CMakeFiles/tidy-static.dir/src/charsets.c.o
#20 4.852 [28/56] Building C object CMakeFiles/tidy-share.dir/src/lexer.c.o
#20 5.415 [29/56] Building C object CMakeFiles/tidy-static.dir/src/message.c.o
#20 5.502 [30/56] Building C object CMakeFiles/tidy-share.dir/src/parser.c.o
#20 5.503 /src/tidy-html5/src/parser.c:2793:11: warning: variable 'head' set but not used [-Wunused-but-set-variable]
#20 5.503     Node *head = NULL;
#20 5.503           ^
#20 5.503 1 warning generated.
#20 5.545 [31/56] Building C object CMakeFiles/tidy-static.dir/src/attrs.c.o
#20 5.677 [32/56] Building C object CMakeFiles/tidy-static.dir/src/alloc.c.o
#20 5.759 [33/56] Building C object CMakeFiles/tidy-static.dir/src/buffio.c.o
#20 5.894 [34/56] Building C object CMakeFiles/tidy-static.dir/src/fileio.c.o
#20 5.908 [35/56] Building C object CMakeFiles/tidy-static.dir/src/access.c.o
#20 6.027 [36/56] Building C object CMakeFiles/tidy-static.dir/src/tagask.c.o
#20 6.159 [37/56] Building C object CMakeFiles/tidy-static.dir/src/config.c.o
#20 6.228 [38/56] Building C object CMakeFiles/tidy-static.dir/src/clean.c.o
#20 6.274 [39/56] Building C object CMakeFiles/tidy-static.dir/src/utf8.c.o
#20 6.301 [40/56] Building C object CMakeFiles/tidy-static.dir/src/streamio.c.o
#20 6.350 [41/56] Building C object CMakeFiles/tidy-static.dir/src/mappedio.c.o
#20 6.382 [42/56] Building C object CMakeFiles/tidy-static.dir/src/tmbstr.c.o
#20 6.467 [43/56] Building C object CMakeFiles/tidy-static.dir/src/gdoc.c.o
#20 6.488 [44/56] Building C object CMakeFiles/tidy-static.dir/src/sprtf.c.o
#20 6.864 [45/56] Building C object CMakeFiles/tidy-static.dir/src/messageobj.c.o
#20 6.928 [46/56] Building C object CMakeFiles/tidy-static.dir/src/language.c.o
#20 7.024 [47/56] Building C object CMakeFiles/tidy-static.dir/src/parser.c.o
#20 7.024 /src/tidy-html5/src/parser.c:2793:11: warning: variable 'head' set but not used [-Wunused-but-set-variable]
#20 7.024     Node *head = NULL;
#20 7.024           ^
#20 7.024 1 warning generated.
#20 7.077 [48/56] Building C object CMakeFiles/tidy-share.dir/src/pprint.c.o
#20 7.105 [49/56] Building C object CMakeFiles/tidy-static.dir/src/lexer.c.o
#20 7.115 [50/56] Building C object CMakeFiles/tidy-static.dir/src/attrdict.c.o
#20 7.135 [51/56] Building C object CMakeFiles/tidy-static.dir/src/tidylib.c.o
#20 7.201 [52/56] Linking C shared library libtidy.so
#20 7.713 [53/56] Building C object CMakeFiles/tidy.dir/console/tidy.c.o
#20 7.713 /src/tidy-html5/console/tidy.c:2085:10: warning: variable 'accessWarnings' set but not used [-Wunused-but-set-variable]
#20 7.713     uint accessWarnings = 0;
#20 7.713          ^
#20 7.713 1 warning generated.
#20 8.224 [54/56] Building C object CMakeFiles/tidy-static.dir/src/pprint.c.o
#20 8.239 [55/56] Linking C static library libtidy.a
#20 8.410 [56/56] Linking C executable tidy
#20 8.411 + for fuzzer in tidy_config_fuzzer tidy_fuzzer
#20 8.411 + clang -DFUZZING_BUILD_MODE_UNSAFE_FOR_PRODUCTION -pthread -Wl,--no-as-needed -Wl,-ldl -Wl,-lm -Wno-unused-command-line-argument -O3 -fsanitize-coverage=trace-pc-guard -c -I/src/tidy-html5/include /src/tidy_config_fuzzer.c -o tidy_config_fuzzer.o
#20 8.480 + clang++ -DFUZZING_BUILD_MODE_UNSAFE_FOR_PRODUCTION -pthread -Wl,--no-as-needed -Wl,-ldl -Wl,-lm -Wno-unused-command-line-argument -stdlib=libc++ -O3 -fsanitize-coverage=trace-pc-guard -std=c++11 tidy_config_fuzzer.o -o /out/tidy_config_fuzzer -lFuzzingEngine libtidys.a
#20 8.487 clang-14: error: no such file or directory: 'libtidys.a'
#20 8.489 Traceback (most recent call last):
#20 8.489   File "<string>", line 1, in <module>
#20 8.490   File "/src/fuzzers/afl/fuzzer.py", line 40, in build
#20 8.490     utils.build_benchmark()
#20 8.490   File "/src/fuzzers/utils.py", line 82, in build_benchmark
#20 8.490     subprocess.check_call(['/bin/bash', '-ex', build_script], env=env)
#20 8.490   File "/usr/local/lib/python3.8/subprocess.py", line 364, in check_call
#20 8.490     raise CalledProcessError(retcode, cmd)
#20 8.490 subprocess.CalledProcessError: Command '['/bin/bash', '-ex', '/src/build.sh']' returned non-zero exit status 1.
#20 ERROR: executor failed running [/bin/sh -c echo "Run fuzzer_build to build the target" && if [ -z "$debug_builder" ] ; then fuzzer_build; fi]: exit code: 1
------
 > importing cache manifest from gcr.io/fuzzbench/builders/afl/tidy-html5_tidy_config_fuzzer:
------
------
 > [stage-1 13/13] RUN echo "Run fuzzer_build to build the target" && if [ -z "$debug_builder" ] ; then fuzzer_build; fi:
------
executor failed running [/bin/sh -c echo "Run fuzzer_build to build the target" && if [ -z "$debug_builder" ] ; then fuzzer_build; fi]: exit code: 1
make: *** [docker/generated.mk:2720412: .afl-tidy-html5_tidy_config_fuzzer-builder] Error 1
