WARNING:root:gcloud not found in PATH.
INFO:root:Successfully integrated benchmark: go-attestation_go-attestation.
INFO:root:Please run "make test-run-afl-go-attestation_go-attestation" to test integration.
#2 [internal] load .dockerignore
#2 sha256:cf7f0806761194fd407f03fdd0d206ff7bd5e5851ee4dbe1e64376f467e74b17
#2 transferring context: 2B done
#2 ...

#1 [internal] load build definition from Dockerfile
#1 sha256:d8f4b81c723a8229dcafb11a0c56628b48deed0540062c40b4997e360aaa0f84
#1 transferring dockerfile: 866B done
#1 DONE 0.2s

#2 [internal] load .dockerignore
#2 sha256:cf7f0806761194fd407f03fdd0d206ff7bd5e5851ee4dbe1e64376f467e74b17
#2 DONE 0.3s

#3 [internal] load metadata for gcr.io/oss-fuzz-base/base-builder:latest
#3 sha256:f10dc39cc9d418a5bc416dead31a1902b6821fdae909cd3b08f7a3fd1faba7b5
#3 DONE 0.4s

#8 [internal] load build context
#8 sha256:2f63e4fea02bec9e15b0b68593279ee1248d2f889fe07cc601f8f1eebc317fb8
#8 DONE 0.0s

#5 [1/4] FROM gcr.io/oss-fuzz-base/base-builder@sha256:f4e5ea12494fab091c5d830cf803b3421f2860f729b9d1b07da44924396cf8cf
#5 sha256:ef290950573a2779ee526af357b28fbddfc20d7409aa51f58f777c9e972cba29
#5 DONE 0.0s

#4 importing cache manifest from gcr.io/fuzzbench/builders/benchmark/go-attestation_go-attestation
#4 sha256:fd79057ff2399e5649beeb43335aa60ace090c11db5c8ee14c356160e502e4fb
#4 ERROR: gcr.io/fuzzbench/builders/benchmark/go-attestation_go-attestation:latest: not found

#5 [1/4] FROM gcr.io/oss-fuzz-base/base-builder@sha256:f4e5ea12494fab091c5d830cf803b3421f2860f729b9d1b07da44924396cf8cf
#5 sha256:ef290950573a2779ee526af357b28fbddfc20d7409aa51f58f777c9e972cba29
#5 CACHED

#8 [internal] load build context
#8 sha256:2f63e4fea02bec9e15b0b68593279ee1248d2f889fe07cc601f8f1eebc317fb8
#8 transferring context: 1.51kB done
#8 DONE 0.2s

#6 [2/4] RUN go get -u -d github.com/google/go-attestation/...
#6 sha256:4c1683cfce2bff39fbb781cd3551f4a8fd414f3b43054e27e4a8fd0945af4e33
#6 0.524 /bin/sh: 1: go: not found
#6 ERROR: executor failed running [/bin/sh -c go get -u -d github.com/google/go-attestation/...]: exit code: 127
------
 > importing cache manifest from gcr.io/fuzzbench/builders/benchmark/go-attestation_go-attestation:
------
------
 > [2/4] RUN go get -u -d github.com/google/go-attestation/...:
------
executor failed running [/bin/sh -c go get -u -d github.com/google/go-attestation/...]: exit code: 127
make: *** [docker/generated.mk:18032: .go-attestation_go-attestation-project-builder] Error 1
/bin/sh: 1: source: not found
#2 [internal] load .dockerignore
#2 sha256:9ea9df4f90c87f498087954bec176e7b0706bff77cab6063ce7099744c06d4cb
#2 transferring context: 2B done
#2 DONE 0.2s

#1 [internal] load build definition from Dockerfile
#1 sha256:cfc132750696bbc27e2e3503b07d29b58bc368ea1870ebbc4606a1e29604a227
#1 transferring dockerfile: 32B done
#1 DONE 0.2s

#3 [internal] load metadata for gcr.io/oss-fuzz-base/base-builder:latest
#3 sha256:f10dc39cc9d418a5bc416dead31a1902b6821fdae909cd3b08f7a3fd1faba7b5
#3 DONE 0.5s

#8 [internal] load build context
#8 sha256:fa8c8a828365947188b2e3b96dca5b17107c9f71cca0cbb81a52daa5a5a041c8
#8 DONE 0.0s

#5 [1/4] FROM gcr.io/oss-fuzz-base/base-builder@sha256:f4e5ea12494fab091c5d830cf803b3421f2860f729b9d1b07da44924396cf8cf
#5 sha256:ef290950573a2779ee526af357b28fbddfc20d7409aa51f58f777c9e972cba29
#5 DONE 0.0s

#4 importing cache manifest from gcr.io/fuzzbench/builders/benchmark/go-attestation_go-attestation
#4 sha256:fd79057ff2399e5649beeb43335aa60ace090c11db5c8ee14c356160e502e4fb
#4 ERROR: gcr.io/fuzzbench/builders/benchmark/go-attestation_go-attestation:latest: not found

#5 [1/4] FROM gcr.io/oss-fuzz-base/base-builder@sha256:f4e5ea12494fab091c5d830cf803b3421f2860f729b9d1b07da44924396cf8cf
#5 sha256:ef290950573a2779ee526af357b28fbddfc20d7409aa51f58f777c9e972cba29
#5 CACHED

#8 [internal] load build context
#8 sha256:fa8c8a828365947188b2e3b96dca5b17107c9f71cca0cbb81a52daa5a5a041c8
#8 transferring context: 30B done
#8 DONE 0.2s

#6 [2/4] RUN go get -u -d github.com/google/go-attestation/...
#6 sha256:4c1683cfce2bff39fbb781cd3551f4a8fd414f3b43054e27e4a8fd0945af4e33
#6 0.580 /bin/sh: 1: go: not found
#6 ERROR: executor failed running [/bin/sh -c go get -u -d github.com/google/go-attestation/...]: exit code: 127
------
 > importing cache manifest from gcr.io/fuzzbench/builders/benchmark/go-attestation_go-attestation:
------
------
 > [2/4] RUN go get -u -d github.com/google/go-attestation/...:
------
executor failed running [/bin/sh -c go get -u -d github.com/google/go-attestation/...]: exit code: 127
make: *** [docker/generated.mk:18032: .go-attestation_go-attestation-project-builder] Error 1
