WARNING:root:gcloud not found in PATH.
INFO:root:Successfully integrated benchmark: llvm_llvm.
INFO:root:Please run "make test-run-afl-llvm_llvm" to test integration.
#2 [internal] load .dockerignore
#2 sha256:79940967fc03e6be809be892756be2ea321bf9d0a48e50fa2e332b4527dc168f
#2 transferring context: 2B done
#2 DONE 0.8s

#1 [internal] load build definition from Dockerfile
#1 sha256:1e021ae437e61ff2047fffb592c65622ede122011b8fa23c96911a4044d22783
#1 transferring dockerfile: 1.03kB done
#1 DONE 0.9s

#3 [internal] load metadata for gcr.io/oss-fuzz-base/base-builder:latest
#3 sha256:f10dc39cc9d418a5bc416dead31a1902b6821fdae909cd3b08f7a3fd1faba7b5
#3 DONE 0.4s

#9 [internal] load build context
#9 sha256:42fed01232ac678a6f51dfb75c7a362042308fdef469a48a40186b187cb9120a
#9 DONE 0.0s

#5 [1/5] FROM gcr.io/oss-fuzz-base/base-builder@sha256:41d7bbe7827592680a606c9bba1aeb6e23c7502ce8b633923b06542f4c706e7c
#5 sha256:660db69324ed478291dd329cbbfe422dccbc173f9ab806c069fac341073eab8c
#5 DONE 0.0s

#4 importing cache manifest from gcr.io/fuzzbench/builders/benchmark/llvm_llvm
#4 sha256:36d38498ea4d959feff3c1344f2266b2bc104eb1103d4fe7c75c016d481f7c90
#4 ERROR: gcr.io/fuzzbench/builders/benchmark/llvm_llvm:latest: not found

#5 [1/5] FROM gcr.io/oss-fuzz-base/base-builder@sha256:41d7bbe7827592680a606c9bba1aeb6e23c7502ce8b633923b06542f4c706e7c
#5 sha256:660db69324ed478291dd329cbbfe422dccbc173f9ab806c069fac341073eab8c
#5 CACHED

#6 [2/5] RUN apt-get update -y
#6 sha256:788a2818839f07bea2bd16817eb04bc5639f06408cf121d2cefa691dac0d920c
#6 ...

#9 [internal] load build context
#9 sha256:42fed01232ac678a6f51dfb75c7a362042308fdef469a48a40186b187cb9120a
#9 transferring context: 5.68kB done
#9 DONE 0.1s

#6 [2/5] RUN apt-get update -y
#6 sha256:788a2818839f07bea2bd16817eb04bc5639f06408cf121d2cefa691dac0d920c
#6 0.659 Hit:1 http://ppa.launchpad.net/git-core/ppa/ubuntu focal InRelease
#6 0.659 Hit:2 http://archive.ubuntu.com/ubuntu focal InRelease
#6 0.678 Get:3 http://archive.ubuntu.com/ubuntu focal-updates InRelease [114 kB]
#6 0.781 Get:4 http://archive.ubuntu.com/ubuntu focal-backports InRelease [108 kB]
#6 0.819 Get:5 http://security.ubuntu.com/ubuntu focal-security InRelease [114 kB]
#6 1.190 Get:6 http://archive.ubuntu.com/ubuntu focal-updates/universe i386 Packages [827 kB]
#6 1.429 Get:7 http://security.ubuntu.com/ubuntu focal-security/restricted amd64 Packages [974 kB]
#6 1.866 Get:8 http://security.ubuntu.com/ubuntu focal-security/main amd64 Packages [1557 kB]
#6 1.993 Get:9 http://archive.ubuntu.com/ubuntu focal-updates/main i386 Packages [755 kB]
#6 2.000 Get:10 http://security.ubuntu.com/ubuntu focal-security/universe i386 Packages [657 kB]
#6 2.052 Get:11 http://security.ubuntu.com/ubuntu focal-security/universe amd64 Packages [841 kB]
#6 2.119 Get:12 http://security.ubuntu.com/ubuntu focal-security/main i386 Packages [467 kB]
#6 2.594 Get:13 http://archive.ubuntu.com/ubuntu focal-updates/restricted amd64 Packages [1042 kB]
#6 4.059 Get:14 http://archive.ubuntu.com/ubuntu focal-updates/main amd64 Packages [1984 kB]
#6 4.997 Get:15 http://archive.ubuntu.com/ubuntu focal-updates/universe amd64 Packages [1134 kB]
#6 5.646 Fetched 10.6 MB in 5s (2135 kB/s)
#6 5.646 Reading package lists...
#6 DONE 7.6s

#7 [3/5] RUN apt-get install -y autoconf automake libtool curl make g++ unzip wget git     binutils liblzma-dev libz-dev python-all cmake ninja-build subversion     pkg-config
#7 sha256:c993c5d88a21d28090ba6110fb15169aef702d8e275097985c5b57ae42b7d625
#7 0.591 Reading package lists...
#7 2.119 Building dependency tree...
#7 2.343 Reading state information...
#7 2.560 g++ is already the newest version (4:9.3.0-1ubuntu2).
#7 2.560 g++ set to manually installed.
#7 2.560 make is already the newest version (4.2.1-1.2).
#7 2.560 make set to manually installed.
#7 2.560 unzip is already the newest version (6.0-25ubuntu1).
#7 2.560 unzip set to manually installed.
#7 2.560 subversion is already the newest version (1.13.0-3).
#7 2.560 binutils is already the newest version (2.34-6ubuntu1.3).
#7 2.560 curl is already the newest version (7.68.0-1ubuntu2.7).
#7 2.560 wget is already the newest version (1.20.3-1ubuntu2).
#7 2.560 git is already the newest version (1:2.35.1-0ppa1~ubuntu20.04.1).
#7 2.560 The following additional packages will be installed:
#7 2.560   autotools-dev cmake-data libarchive13 libjsoncpp1 libltdl-dev libltdl7
#7 2.560   libpython2-stdlib libpython2.7-minimal libpython2.7-stdlib librhash0
#7 2.561   libsigsegv2 libuv1 m4 python2 python2-minimal python2.7 python2.7-minimal
#7 2.563 Suggested packages:
#7 2.563   autoconf-archive gnu-standards autoconf-doc gettext cmake-doc lrzip
#7 2.563   libtool-doc liblzma-doc gfortran | fortran95-compiler gcj-jdk m4-doc
#7 2.563   python2-doc python-tk python2.7-doc binfmt-support
#7 2.727 The following NEW packages will be installed:
#7 2.727   autoconf automake autotools-dev cmake cmake-data libarchive13 libjsoncpp1
#7 2.728   libltdl-dev libltdl7 liblzma-dev libpython2-stdlib libpython2.7-minimal
#7 2.728   libpython2.7-stdlib librhash0 libsigsegv2 libtool libuv1 m4 ninja-build
#7 2.729   pkg-config python-all python2 python2-minimal python2.7 python2.7-minimal
#7 2.729   zlib1g-dev
#7 2.824 0 upgraded, 26 newly installed, 0 to remove and 1 not upgraded.
#7 2.824 Need to get 11.6 MB of archives.
#7 2.824 After this operation, 54.4 MB of additional disk space will be used.
#7 2.824 Get:1 http://archive.ubuntu.com/ubuntu focal-updates/universe amd64 libpython2.7-minimal amd64 2.7.18-1~20.04.1 [335 kB]
#7 3.526 Get:2 http://archive.ubuntu.com/ubuntu focal-updates/universe amd64 python2.7-minimal amd64 2.7.18-1~20.04.1 [1285 kB]
#7 10.56 Get:3 http://archive.ubuntu.com/ubuntu focal/universe amd64 python2-minimal amd64 2.7.17-2ubuntu4 [27.5 kB]
#7 10.70 Get:4 http://archive.ubuntu.com/ubuntu focal-updates/universe amd64 libpython2.7-stdlib amd64 2.7.18-1~20.04.1 [1887 kB]
#7 18.39 Get:5 http://archive.ubuntu.com/ubuntu focal-updates/universe amd64 python2.7 amd64 2.7.18-1~20.04.1 [248 kB]
#7 18.78 Get:6 http://archive.ubuntu.com/ubuntu focal/universe amd64 libpython2-stdlib amd64 2.7.17-2ubuntu4 [7072 B]
#7 18.80 Get:7 http://archive.ubuntu.com/ubuntu focal/universe amd64 python2 amd64 2.7.17-2ubuntu4 [26.5 kB]
#7 18.86 Get:8 http://archive.ubuntu.com/ubuntu focal-updates/main amd64 libuv1 amd64 1.34.2-1ubuntu1.3 [80.8 kB]
#7 19.07 Get:9 http://archive.ubuntu.com/ubuntu focal/main amd64 libsigsegv2 amd64 2.12-2 [13.9 kB]
#7 19.11 Get:10 http://archive.ubuntu.com/ubuntu focal/main amd64 m4 amd64 1.4.18-4 [199 kB]
#7 20.23 Get:11 http://archive.ubuntu.com/ubuntu focal/main amd64 autoconf all 2.69-11.1 [321 kB]
#7 20.95 Get:12 http://archive.ubuntu.com/ubuntu focal/main amd64 autotools-dev all 20180224.1 [39.6 kB]
#7 21.02 Get:13 http://archive.ubuntu.com/ubuntu focal/main amd64 automake all 1:1.16.1-4ubuntu6 [522 kB]
#7 22.58 Get:14 http://archive.ubuntu.com/ubuntu focal/main amd64 cmake-data all 3.16.3-1ubuntu1 [1612 kB]
#7 28.72 Get:15 http://archive.ubuntu.com/ubuntu focal-updates/main amd64 libarchive13 amd64 3.4.0-2ubuntu1.1 [327 kB]
#7 29.83 Get:16 http://archive.ubuntu.com/ubuntu focal/main amd64 libjsoncpp1 amd64 1.7.4-3.1ubuntu2 [75.6 kB]
#7 29.98 Get:17 http://archive.ubuntu.com/ubuntu focal/main amd64 librhash0 amd64 1.3.9-1 [113 kB]
#7 30.14 Get:18 http://archive.ubuntu.com/ubuntu focal/main amd64 cmake amd64 3.16.3-1ubuntu1 [3669 kB]
#7 46.85 Get:19 http://archive.ubuntu.com/ubuntu focal/main amd64 libltdl7 amd64 2.4.6-14 [38.5 kB]
#7 46.96 Get:20 http://archive.ubuntu.com/ubuntu focal/main amd64 libltdl-dev amd64 2.4.6-14 [162 kB]
#7 47.50 Get:21 http://archive.ubuntu.com/ubuntu focal/main amd64 libtool all 2.4.6-14 [161 kB]
#7 47.94 Get:22 http://archive.ubuntu.com/ubuntu focal/universe amd64 ninja-build amd64 1.10.0-1build1 [107 kB]
#7 48.30 Get:23 http://archive.ubuntu.com/ubuntu focal/main amd64 pkg-config amd64 0.29.1-0ubuntu4 [45.5 kB]
#7 48.56 Get:24 http://archive.ubuntu.com/ubuntu focal/universe amd64 python-all amd64 2.7.17-2ubuntu4 [1100 B]
#7 48.56 Get:25 http://archive.ubuntu.com/ubuntu focal-updates/main amd64 zlib1g-dev amd64 1:1.2.11.dfsg-2ubuntu1.2 [155 kB]
#7 49.73 Get:26 http://archive.ubuntu.com/ubuntu focal-updates/main amd64 liblzma-dev amd64 5.2.4-1ubuntu1 [147 kB]
#7 50.62 debconf: delaying package configuration, since apt-utils is not installed
#7 50.81 Fetched 11.6 MB in 47s (244 kB/s)
#7 51.24 Selecting previously unselected package libpython2.7-minimal:amd64.
#7 51.24 (Reading database ... (Reading database ... 5%(Reading database ... 10%(Reading database ... 15%(Reading database ... 20%(Reading database ... 25%(Reading database ... 30%(Reading database ... 35%(Reading database ... 40%(Reading database ... 45%(Reading database ... 50%(Reading database ... 55%(Reading database ... 60%(Reading database ... 65%(Reading database ... 70%(Reading database ... 75%(Reading database ... 80%(Reading database ... 85%(Reading database ... 90%(Reading database ... 95%(Reading database ... 100%(Reading database ... 21291 files and directories currently installed.)
#7 51.27 Preparing to unpack .../0-libpython2.7-minimal_2.7.18-1~20.04.1_amd64.deb ...
#7 51.47 Unpacking libpython2.7-minimal:amd64 (2.7.18-1~20.04.1) ...
#7 51.70 Selecting previously unselected package python2.7-minimal.
#7 51.71 Preparing to unpack .../1-python2.7-minimal_2.7.18-1~20.04.1_amd64.deb ...
#7 51.72 Unpacking python2.7-minimal (2.7.18-1~20.04.1) ...
#7 51.89 Selecting previously unselected package python2-minimal.
#7 51.89 Preparing to unpack .../2-python2-minimal_2.7.17-2ubuntu4_amd64.deb ...
#7 51.89 Unpacking python2-minimal (2.7.17-2ubuntu4) ...
#7 51.94 Selecting previously unselected package libpython2.7-stdlib:amd64.
#7 51.94 Preparing to unpack .../3-libpython2.7-stdlib_2.7.18-1~20.04.1_amd64.deb ...
#7 51.94 Unpacking libpython2.7-stdlib:amd64 (2.7.18-1~20.04.1) ...
#7 52.21 Selecting previously unselected package python2.7.
#7 52.21 Preparing to unpack .../4-python2.7_2.7.18-1~20.04.1_amd64.deb ...
#7 52.21 Unpacking python2.7 (2.7.18-1~20.04.1) ...
#7 52.26 Selecting previously unselected package libpython2-stdlib:amd64.
#7 52.27 Preparing to unpack .../5-libpython2-stdlib_2.7.17-2ubuntu4_amd64.deb ...
#7 52.27 Unpacking libpython2-stdlib:amd64 (2.7.17-2ubuntu4) ...
#7 52.33 Setting up libpython2.7-minimal:amd64 (2.7.18-1~20.04.1) ...
#7 52.35 Setting up python2.7-minimal (2.7.18-1~20.04.1) ...
#7 52.75 Setting up python2-minimal (2.7.17-2ubuntu4) ...
#7 52.86 Selecting previously unselected package python2.
#7 52.86 (Reading database ... (Reading database ... 5%(Reading database ... 10%(Reading database ... 15%(Reading database ... 20%(Reading database ... 25%(Reading database ... 30%(Reading database ... 35%(Reading database ... 40%(Reading database ... 45%(Reading database ... 50%(Reading database ... 55%(Reading database ... 60%(Reading database ... 65%(Reading database ... 70%(Reading database ... 75%(Reading database ... 80%(Reading database ... 85%(Reading database ... 90%(Reading database ... 95%(Reading database ... 100%(Reading database ... 22038 files and directories currently installed.)
#7 52.87 Preparing to unpack .../00-python2_2.7.17-2ubuntu4_amd64.deb ...
#7 52.88 Unpacking python2 (2.7.17-2ubuntu4) ...
#7 52.93 Selecting previously unselected package libuv1:amd64.
#7 52.94 Preparing to unpack .../01-libuv1_1.34.2-1ubuntu1.3_amd64.deb ...
#7 52.95 Unpacking libuv1:amd64 (1.34.2-1ubuntu1.3) ...
#7 53.00 Selecting previously unselected package libsigsegv2:amd64.
#7 53.00 Preparing to unpack .../02-libsigsegv2_2.12-2_amd64.deb ...
#7 53.00 Unpacking libsigsegv2:amd64 (2.12-2) ...
#7 53.04 Selecting previously unselected package m4.
#7 53.04 Preparing to unpack .../03-m4_1.4.18-4_amd64.deb ...
#7 53.05 Unpacking m4 (1.4.18-4) ...
#7 53.10 Selecting previously unselected package autoconf.
#7 53.11 Preparing to unpack .../04-autoconf_2.69-11.1_all.deb ...
#7 53.11 Unpacking autoconf (2.69-11.1) ...
#7 53.19 Selecting previously unselected package autotools-dev.
#7 53.19 Preparing to unpack .../05-autotools-dev_20180224.1_all.deb ...
#7 53.20 Unpacking autotools-dev (20180224.1) ...
#7 53.24 Selecting previously unselected package automake.
#7 53.25 Preparing to unpack .../06-automake_1%3a1.16.1-4ubuntu6_all.deb ...
#7 53.25 Unpacking automake (1:1.16.1-4ubuntu6) ...
#7 53.37 Selecting previously unselected package cmake-data.
#7 53.37 Preparing to unpack .../07-cmake-data_3.16.3-1ubuntu1_all.deb ...
#7 53.38 Unpacking cmake-data (3.16.3-1ubuntu1) ...
#7 53.98 Selecting previously unselected package libarchive13:amd64.
#7 53.99 Preparing to unpack .../08-libarchive13_3.4.0-2ubuntu1.1_amd64.deb ...
#7 53.99 Unpacking libarchive13:amd64 (3.4.0-2ubuntu1.1) ...
#7 54.08 Selecting previously unselected package libjsoncpp1:amd64.
#7 54.08 Preparing to unpack .../09-libjsoncpp1_1.7.4-3.1ubuntu2_amd64.deb ...
#7 54.09 Unpacking libjsoncpp1:amd64 (1.7.4-3.1ubuntu2) ...
#7 54.15 Selecting previously unselected package librhash0:amd64.
#7 54.15 Preparing to unpack .../10-librhash0_1.3.9-1_amd64.deb ...
#7 54.16 Unpacking librhash0:amd64 (1.3.9-1) ...
#7 54.21 Selecting previously unselected package cmake.
#7 54.21 Preparing to unpack .../11-cmake_3.16.3-1ubuntu1_amd64.deb ...
#7 54.21 Unpacking cmake (3.16.3-1ubuntu1) ...
#7 54.64 Selecting previously unselected package libltdl7:amd64.
#7 54.65 Preparing to unpack .../12-libltdl7_2.4.6-14_amd64.deb ...
#7 54.65 Unpacking libltdl7:amd64 (2.4.6-14) ...
#7 54.69 Selecting previously unselected package libltdl-dev:amd64.
#7 54.69 Preparing to unpack .../13-libltdl-dev_2.4.6-14_amd64.deb ...
#7 54.70 Unpacking libltdl-dev:amd64 (2.4.6-14) ...
#7 54.76 Selecting previously unselected package libtool.
#7 54.77 Preparing to unpack .../14-libtool_2.4.6-14_all.deb ...
#7 54.77 Unpacking libtool (2.4.6-14) ...
#7 54.83 Selecting previously unselected package ninja-build.
#7 54.84 Preparing to unpack .../15-ninja-build_1.10.0-1build1_amd64.deb ...
#7 54.84 Unpacking ninja-build (1.10.0-1build1) ...
#7 54.92 Selecting previously unselected package pkg-config.
#7 54.92 Preparing to unpack .../16-pkg-config_0.29.1-0ubuntu4_amd64.deb ...
#7 54.92 Unpacking pkg-config (0.29.1-0ubuntu4) ...
#7 54.97 Selecting previously unselected package python-all.
#7 54.97 Preparing to unpack .../17-python-all_2.7.17-2ubuntu4_amd64.deb ...
#7 54.97 Unpacking python-all (2.7.17-2ubuntu4) ...
#7 55.01 Selecting previously unselected package zlib1g-dev:amd64.
#7 55.01 Preparing to unpack .../18-zlib1g-dev_1%3a1.2.11.dfsg-2ubuntu1.2_amd64.deb ...
#7 55.01 Unpacking zlib1g-dev:amd64 (1:1.2.11.dfsg-2ubuntu1.2) ...
#7 55.07 Selecting previously unselected package liblzma-dev:amd64.
#7 55.07 Preparing to unpack .../19-liblzma-dev_5.2.4-1ubuntu1_amd64.deb ...
#7 55.08 Unpacking liblzma-dev:amd64 (5.2.4-1ubuntu1) ...
#7 55.16 Setting up libarchive13:amd64 (3.4.0-2ubuntu1.1) ...
#7 55.18 Setting up ninja-build (1.10.0-1build1) ...
#7 55.20 Setting up libpython2.7-stdlib:amd64 (2.7.18-1~20.04.1) ...
#7 55.21 Setting up autotools-dev (20180224.1) ...
#7 55.22 Setting up libuv1:amd64 (1.34.2-1ubuntu1.3) ...
#7 55.23 Setting up libsigsegv2:amd64 (2.12-2) ...
#7 55.24 Setting up pkg-config (0.29.1-0ubuntu4) ...
#7 55.32 Setting up libltdl7:amd64 (2.4.6-14) ...
#7 55.34 Setting up liblzma-dev:amd64 (5.2.4-1ubuntu1) ...
#7 55.35 Setting up zlib1g-dev:amd64 (1:1.2.11.dfsg-2ubuntu1.2) ...
#7 55.36 Setting up librhash0:amd64 (1.3.9-1) ...
#7 55.37 Setting up cmake-data (3.16.3-1ubuntu1) ...
#7 55.39 Setting up libjsoncpp1:amd64 (1.7.4-3.1ubuntu2) ...
#7 55.40 Setting up python2.7 (2.7.18-1~20.04.1) ...
#7 56.36 Setting up libtool (2.4.6-14) ...
#7 56.37 Setting up libpython2-stdlib:amd64 (2.7.17-2ubuntu4) ...
#7 56.39 Setting up m4 (1.4.18-4) ...
#7 56.40 Setting up python2 (2.7.17-2ubuntu4) ...
#7 56.42 Setting up autoconf (2.69-11.1) ...
#7 56.44 Setting up cmake (3.16.3-1ubuntu1) ...
#7 56.45 Setting up automake (1:1.16.1-4ubuntu6) ...
#7 56.46 update-alternatives: using /usr/bin/automake-1.16 to provide /usr/bin/automake (automake) in auto mode
#7 56.46 update-alternatives: warning: skip creation of /usr/share/man/man1/automake.1.gz because associated file /usr/share/man/man1/automake-1.16.1.gz (of link group automake) doesn't exist
#7 56.46 update-alternatives: warning: skip creation of /usr/share/man/man1/aclocal.1.gz because associated file /usr/share/man/man1/aclocal-1.16.1.gz (of link group automake) doesn't exist
#7 56.47 Setting up python-all (2.7.17-2ubuntu4) ...
#7 56.48 Setting up libltdl-dev:amd64 (2.4.6-14) ...
#7 56.50 Processing triggers for libc-bin (2.31-0ubuntu9.2) ...
#7 56.54 Processing triggers for mime-support (3.64ubuntu1) ...
#7 DONE 57.4s

#8 [4/5] RUN git clone --depth 1 https://github.com/llvm/llvm-project.git
#8 sha256:3f4eb2554af160c6320834bb6ddc4cc1a9e35eb943891136d56f7f3dd4b80de8
#8 0.516 Cloning into 'llvm-project'...
#8 44.14 Updating files:   5% (6631/112990)Updating files:   6% (6780/112990)Updating files:   7% (7910/112990)Updating files:   8% (9040/112990)Updating files:   9% (10170/112990)Updating files:  10% (11299/112990)Updating files:  11% (12429/112990)Updating files:  12% (13559/112990)Updating files:  13% (14689/112990)Updating files:  14% (15819/112990)Updating files:  14% (15966/112990)Updating files:  15% (16949/112990)Updating files:  16% (18079/112990)Updating files:  17% (19209/112990)Updating files:  18% (20339/112990)Updating files:  19% (21469/112990)Updating files:  20% (22598/112990)Updating files:  21% (23728/112990)Updating files:  21% (24685/112990)Updating files:  22% (24858/112990)Updating files:  23% (25988/112990)Updating files:  24% (27118/112990)Updating files:  25% (28248/112990)Updating files:  26% (29378/112990)Updating files:  27% (30508/112990)Updating files:  28% (31638/112990)Updating files:  29% (32768/112990)Updating files:  30% (33897/112990)Updating files:  30% (34000/112990)Updating files:  31% (35027/112990)Updating files:  32% (36157/112990)Updating files:  33% (37287/112990)Updating files:  34% (38417/112990)Updating files:  35% (39547/112990)Updating files:  36% (40677/112990)Updating files:  37% (41807/112990)Updating files:  37% (42850/112990)Updating files:  38% (42937/112990)Updating files:  39% (44067/112990)Updating files:  40% (45196/112990)Updating files:  41% (46326/112990)Updating files:  42% (47456/112990)Updating files:  43% (48586/112990)Updating files:  44% (49716/112990)Updating files:  45% (50846/112990)Updating files:  46% (51976/112990)Updating files:  46% (51994/112990)Updating files:  47% (53106/112990)Updating files:  48% (54236/112990)Updating files:  49% (55366/112990)Updating files:  50% (56495/112990)Updating files:  50% (57612/112990)Updating files:  51% (57625/112990)Updating files:  52% (58755/112990)Updating files:  53% (59885/112990)Updating files:  54% (61015/112990)Updating files:  55% (62145/112990)Updating files:  56% (63275/112990)Updating files:  57% (64405/112990)Updating files:  57% (64760/112990)Updating files:  58% (65535/112990)Updating files:  59% (66665/112990)Updating files:  60% (67794/112990)Updating files:  61% (68924/112990)Updating files:  62% (70054/112990)Updating files:  63% (71184/112990)Updating files:  64% (72314/112990)Updating files:  65% (73444/112990)Updating files:  65% (73900/112990)Updating files:  66% (74574/112990)Updating files:  67% (75704/112990)Updating files:  68% (76834/112990)Updating files:  69% (77964/112990)Updating files:  70% (79093/112990)Updating files:  71% (80223/112990)Updating files:  71% (80964/112990)Updating files:  72% (81353/112990)Updating files:  73% (82483/112990)Updating files:  74% (83613/112990)Updating files:  74% (84255/112990)Updating files:  75% (84743/112990)Updating files:  76% (85873/112990)Updating files:  77% (87003/112990)Updating files:  78% (88133/112990)Updating files:  78% (88503/112990)Updating files:  79% (89263/112990)Updating files:  80% (90392/112990)Updating files:  81% (91522/112990)Updating files:  82% (92652/112990)Updating files:  82% (93488/112990)Updating files:  83% (93782/112990)Updating files:  84% (94912/112990)Updating files:  85% (96042/112990)Updating files:  86% (97172/112990)Updating files:  86% (98240/112990)Updating files:  87% (98302/112990)Updating files:  88% (99432/112990)Updating files:  89% (100562/112990)Updating files:  90% (101691/112990)Updating files:  91% (102821/112990)Updating files:  92% (103951/112990)Updating files:  92% (104111/112990)Updating files:  93% (105081/112990)Updating files:  94% (106211/112990)Updating files:  95% (107341/112990)Updating files:  96% (108471/112990)Updating files:  97% (109601/112990)Updating files:  97% (110100/112990)Updating files:  98% (110731/112990)Updating files:  99% (111861/112990)Updating files: 100% (112990/112990)Updating files: 100% (112990/112990), done.
#8 DONE 67.5s

#10 [5/5] COPY build.sh /src/
#10 sha256:087384d429dbc37cedf22797c4bce3fae91492485332a15d88a31751317e2e58
#10 DONE 0.1s

#11 exporting to image
#11 sha256:e8c613e07b0b7ff33893b694f7759a10d42e180f2b4dc349fb57dc6b71dcab00
#11 exporting layers done
#11 writing image sha256:875fdf83b4cc922a873e01a0ed1f4bd6fe17d4ea79bea2c217f32e875f4375db done
#11 naming to gcr.io/fuzzbench/builders/benchmark/llvm_llvm
#11 naming to gcr.io/fuzzbench/builders/benchmark/llvm_llvm 0.0s done
#11 DONE 0.2s

#12 exporting cache
#12 sha256:2700d4ef94dee473593c5c614b55b2dedcca7893909811a8f2b48291a1f581e4
#12 preparing build cache for export done
#12 DONE 0.0s
------
 > importing cache manifest from gcr.io/fuzzbench/builders/benchmark/llvm_llvm:
------
#2 [internal] load .dockerignore
#2 sha256:31d702fd350fa81aba4366824573df99e3c8639a47b997d5717fe0e54d32ab13
#2 transferring context: 2B done
#2 DONE 0.2s

#1 [internal] load build definition from builder.Dockerfile
#1 sha256:35c08d86d4217dd20f03501581513e0cd2d86fe1aa488407e32ef6f69f637032
#1 transferring dockerfile: 46B done
#1 DONE 0.2s

#3 [internal] load metadata for gcr.io/fuzzbench/builders/benchmark/llvm_llvm:latest
#3 sha256:9ebca91055ad52497741474c8c2d8ed35681492389e84dde830d5018106771ad
#3 DONE 0.0s

#5 [1/3] FROM gcr.io/fuzzbench/builders/benchmark/llvm_llvm
#5 sha256:828d8959742375f9ccc86431897aac984db48572e4cbf9ebf47fcc51bd7dc7e3
#5 DONE 0.0s

#4 importing cache manifest from gcr.io/fuzzbench/builders/afl/llvm_llvm-intermediate
#4 sha256:a4d487b316b5a3aded8688a7378190ef44f7817e229b701157b5073363a0e073
#4 ERROR: gcr.io/fuzzbench/builders/afl/llvm_llvm-intermediate:latest: not found

#5 [1/3] FROM gcr.io/fuzzbench/builders/benchmark/llvm_llvm
#5 sha256:828d8959742375f9ccc86431897aac984db48572e4cbf9ebf47fcc51bd7dc7e3
#5 DONE 0.8s

#6 [2/3] RUN git clone https://github.com/google/AFL.git /afl &&     cd /afl &&     git checkout 61037103ae3722c8060ff7082994836a794f978e &&     AFL_NO_X86=1 make
#6 sha256:0ab909f71c299ffc0e4b44831615e9393c07856e2d163942d4da41b9317866a2
#6 0.496 Cloning into '/afl'...
#6 1.246 Note: switching to '61037103ae3722c8060ff7082994836a794f978e'.
#6 1.246 
#6 1.246 You are in 'detached HEAD' state. You can look around, make experimental
#6 1.246 changes and commit them, and you can discard any commits you make in this
#6 1.246 state without impacting any branches by switching back to a branch.
#6 1.246 
#6 1.246 If you want to create a new branch to retain commits you create, you may
#6 1.246 do so (now or later) by using -c with the switch command. Example:
#6 1.246 
#6 1.246   git switch -c <new-branch-name>
#6 1.246 
#6 1.246 Or undo this operation with:
#6 1.246 
#6 1.246   git switch -
#6 1.246 
#6 1.246 Turn off this advice by setting config variable advice.detachedHead to false
#6 1.246 
#6 1.246 HEAD is now at 6103710 Fix a typo filename comparison in the fuzzer (#139)
#6 1.293 [!] Note: skipping x86 compilation checks (AFL_NO_X86 set).
#6 1.293 clang -O1 -fno-omit-frame-pointer -gline-tables-only -DFUZZING_BUILD_MODE_UNSAFE_FOR_PRODUCTION -Wall -D_FORTIFY_SOURCE=2 -g -Wno-pointer-sign -DAFL_PATH=\"/usr/local/lib/afl\" -DDOC_PATH=\"/usr/local/share/doc/afl\" -DBIN_PATH=\"/usr/local/bin\" afl-gcc.c -o afl-gcc -ldl
#6 1.473 set -e; for i in afl-g++ afl-clang afl-clang++; do ln -sf afl-gcc $i; done
#6 1.488 clang -O1 -fno-omit-frame-pointer -gline-tables-only -DFUZZING_BUILD_MODE_UNSAFE_FOR_PRODUCTION -Wall -D_FORTIFY_SOURCE=2 -g -Wno-pointer-sign -DAFL_PATH=\"/usr/local/lib/afl\" -DDOC_PATH=\"/usr/local/share/doc/afl\" -DBIN_PATH=\"/usr/local/bin\" afl-fuzz.c -o afl-fuzz -ldl
#6 3.854 clang -O1 -fno-omit-frame-pointer -gline-tables-only -DFUZZING_BUILD_MODE_UNSAFE_FOR_PRODUCTION -Wall -D_FORTIFY_SOURCE=2 -g -Wno-pointer-sign -DAFL_PATH=\"/usr/local/lib/afl\" -DDOC_PATH=\"/usr/local/share/doc/afl\" -DBIN_PATH=\"/usr/local/bin\" afl-showmap.c -o afl-showmap -ldl
#6 4.174 clang -O1 -fno-omit-frame-pointer -gline-tables-only -DFUZZING_BUILD_MODE_UNSAFE_FOR_PRODUCTION -Wall -D_FORTIFY_SOURCE=2 -g -Wno-pointer-sign -DAFL_PATH=\"/usr/local/lib/afl\" -DDOC_PATH=\"/usr/local/share/doc/afl\" -DBIN_PATH=\"/usr/local/bin\" afl-tmin.c -o afl-tmin -ldl
#6 4.603 clang -O1 -fno-omit-frame-pointer -gline-tables-only -DFUZZING_BUILD_MODE_UNSAFE_FOR_PRODUCTION -Wall -D_FORTIFY_SOURCE=2 -g -Wno-pointer-sign -DAFL_PATH=\"/usr/local/lib/afl\" -DDOC_PATH=\"/usr/local/share/doc/afl\" -DBIN_PATH=\"/usr/local/bin\" afl-gotcpu.c -o afl-gotcpu -ldl
#6 4.751 clang -O1 -fno-omit-frame-pointer -gline-tables-only -DFUZZING_BUILD_MODE_UNSAFE_FOR_PRODUCTION -Wall -D_FORTIFY_SOURCE=2 -g -Wno-pointer-sign -DAFL_PATH=\"/usr/local/lib/afl\" -DDOC_PATH=\"/usr/local/share/doc/afl\" -DBIN_PATH=\"/usr/local/bin\" afl-analyze.c -o afl-analyze -ldl
#6 5.143 clang -O1 -fno-omit-frame-pointer -gline-tables-only -DFUZZING_BUILD_MODE_UNSAFE_FOR_PRODUCTION -Wall -D_FORTIFY_SOURCE=2 -g -Wno-pointer-sign -DAFL_PATH=\"/usr/local/lib/afl\" -DDOC_PATH=\"/usr/local/share/doc/afl\" -DBIN_PATH=\"/usr/local/bin\" afl-as.c -o afl-as -ldl
#6 5.376 ln -sf afl-as as
#6 5.378 [!] Note: skipping build tests (you may need to use LLVM or QEMU mode).
#6 5.380 [+] LLVM users: see llvm_mode/README.llvm for a faster alternative to afl-gcc.
#6 5.381 [+] All done! Be sure to review README - it's pretty short and useful.
#6 DONE 6.3s

#7 [3/3] RUN apt-get update &&     apt-get install wget -y &&     wget https://raw.githubusercontent.com/llvm/llvm-project/5feb80e748924606531ba28c97fe65145c65372e/compiler-rt/lib/fuzzer/afl/afl_driver.cpp -O /afl/afl_driver.cpp &&     clang -Wno-pointer-sign -c /afl/llvm_mode/afl-llvm-rt.o.c -I/afl &&     clang++ -stdlib=libc++ -std=c++11 -O2 -c /afl/afl_driver.cpp &&     ar r /libAFL.a *.o
#7 sha256:efcf0c8b538a027a95141d54c96466b5c2db8f9ce7a4d41a721169d1a82ff02d
#7 0.833 Hit:1 http://ppa.launchpad.net/git-core/ppa/ubuntu focal InRelease
#7 0.833 Hit:2 http://archive.ubuntu.com/ubuntu focal InRelease
#7 0.833 Hit:3 http://security.ubuntu.com/ubuntu focal-security InRelease
#7 0.845 Hit:4 http://archive.ubuntu.com/ubuntu focal-updates InRelease
#7 0.869 Hit:5 http://archive.ubuntu.com/ubuntu focal-backports InRelease
#7 1.762 Reading package lists...
#7 3.413 Reading package lists...
#7 4.841 Building dependency tree...
#7 5.053 Reading state information...
#7 5.296 wget is already the newest version (1.20.3-1ubuntu2).
#7 5.296 0 upgraded, 0 newly installed, 0 to remove and 1 not upgraded.
#7 5.305 --2022-02-18 03:44:55--  https://raw.githubusercontent.com/llvm/llvm-project/5feb80e748924606531ba28c97fe65145c65372e/compiler-rt/lib/fuzzer/afl/afl_driver.cpp
#7 5.308 Resolving raw.githubusercontent.com (raw.githubusercontent.com)... 185.199.111.133, 185.199.108.133, 185.199.109.133, ...
#7 5.310 Connecting to raw.githubusercontent.com (raw.githubusercontent.com)|185.199.111.133|:443... connected.
#7 5.332 HTTP request sent, awaiting response... 200 OK
#7 5.495 Length: 9177 (9.0K) [text/plain]
#7 5.495 Saving to: '/afl/afl_driver.cpp'
#7 5.495 
#7 5.495      0K ........                                              100% 10.4M=0.001s
#7 5.496 
#7 5.496 2022-02-18 03:44:55 (10.4 MB/s) - '/afl/afl_driver.cpp' saved [9177/9177]
#7 5.496 
#7 7.263 ar: creating /libAFL.a
#7 DONE 7.7s

#8 exporting to image
#8 sha256:e8c613e07b0b7ff33893b694f7759a10d42e180f2b4dc349fb57dc6b71dcab00
#8 exporting layers done
#8 writing image sha256:2abb50e9973c6ccb6f89d50d7be868b6875276caf185d885ad57cde4eee1bc76 0.0s done
#8 naming to gcr.io/fuzzbench/builders/afl/llvm_llvm-intermediate 0.0s done
#8 DONE 0.4s

#9 exporting cache
#9 sha256:2700d4ef94dee473593c5c614b55b2dedcca7893909811a8f2b48291a1f581e4
#9 preparing build cache for export done
#9 DONE 0.0s
------
 > importing cache manifest from gcr.io/fuzzbench/builders/afl/llvm_llvm-intermediate:
------
#1 [internal] load build definition from Dockerfile
#1 sha256:ddb8f52c45d4a4e03e919a23c50b6c04efecd6e7bb66d7c5b9db01e760705353
#1 transferring dockerfile: 2.00kB done
#1 DONE 0.1s

#2 [internal] load .dockerignore
#2 sha256:1bf998b62eab468bf158dca4b791cfc5e1583fda5f1db6c2098463fe33ef50eb
#2 transferring context: 34B done
#2 DONE 0.1s

#3 [internal] load metadata for docker.io/library/ubuntu:xenial
#3 sha256:f62bae18ed588840f045c881b2502661f2a89578a2f8f99b83f5200ee83dd25b
#3 DONE 0.0s

#4 importing cache manifest from gcr.io/fuzzbench/base-image
#4 sha256:9b220ebb4d4daceed1b96df9b6dca076e762f1cd612574f010b82d5b9e5ad896
#4 DONE 0.0s

#5 [1/7] FROM docker.io/library/ubuntu:xenial
#5 sha256:14dd403f25ae9e519bd44f27dc17af7ce80f5a4f9f48ca88108364e67ec5d360
#5 DONE 0.0s

#8 [internal] load build context
#8 sha256:38969a0ac3e88cef7ee848da799f9de938a30fd116d37dc0fbaeb9809cc251e6
#8 transferring context: 559B 0.0s done
#8 DONE 0.1s

#6 [2/7] RUN apt-get update -y && apt-get install -y     build-essential     rsync     curl     zlib1g-dev     libncurses5-dev     libgdbm-dev     libnss3-dev     libssl-dev     libreadline-dev     libffi-dev     virtualenv     libbz2-dev     liblzma-dev     libsqlite3-dev
#6 sha256:3a1b0960f17eed529eaae93dc8fd3554f2743dd584d8fa569cdbe6bc734371ac
#6 CACHED

#7 [3/7] RUN cd /tmp/ &&     curl -O https://www.python.org/ftp/python/3.8.6/Python-3.8.6.tar.xz &&     tar -xvf Python-3.8.6.tar.xz &&     cd Python-3.8.6 &&     ./configure --enable-loadable-sqlite-extensions --enable-optimizations &&     make -j install &&     rm -r /tmp/Python-3.8.6.tar.xz /tmp/Python-3.8.6
#7 sha256:c5b9d1fb3371e84dbc60b76e7b2f8d5913bc93bcd4910ab65daa03e7b2ec4bb0
#7 CACHED

#9 [4/7] COPY ./requirements.txt /
#9 sha256:ba009c0685d005c37d22be62afb833e3ba9c4ceab40a72f136751e2e31eae5a0
#9 CACHED

#10 [5/7] RUN pip3 install -r /requirements.txt
#10 sha256:30e3a8bce07842fc95d301f5f29f707a5f2016614c553a4f8d3b21e7e7351203
#10 CACHED

#11 [6/7] RUN apt-get update -y && apt-get install -y     apt-transport-https     lsb-release
#11 sha256:2e619351713ba4231bb8f57dc7abea2d91d130c56256b447ffe5d6b3bc0486c9
#11 CACHED

#12 [7/7] RUN CLOUD_SDK_REPO="cloud-sdk-$(lsb_release -c -s)" &&     echo "deb https://packages.cloud.google.com/apt $CLOUD_SDK_REPO main"     | tee -a /etc/apt/sources.list.d/google-cloud-sdk.list &&     curl https://packages.cloud.google.com/apt/doc/apt-key.gpg     | apt-key add - &&     apt-get update -y &&     apt-get install -y google-cloud-sdk
#12 sha256:98ff87dfa6360bc0aa8b8d7170719273beb10c99a743a6d1dd1164b21b6c09cd
#12 CACHED

#13 exporting to image
#13 sha256:e8c613e07b0b7ff33893b694f7759a10d42e180f2b4dc349fb57dc6b71dcab00
#13 exporting layers done
#13 writing image sha256:09e6f6e2802ac0534bfe01d11fa4cd32feb0eedc67dbf711c85a04fe3547ce44
#13 writing image sha256:09e6f6e2802ac0534bfe01d11fa4cd32feb0eedc67dbf711c85a04fe3547ce44 0.0s done
#13 naming to gcr.io/fuzzbench/base-image done
#13 DONE 0.1s

#14 exporting cache
#14 sha256:2700d4ef94dee473593c5c614b55b2dedcca7893909811a8f2b48291a1f581e4
#14 preparing build cache for export done
#14 DONE 0.0s
#2 [internal] load .dockerignore
#2 sha256:a9a108173cff0265e636f6b417bfb5094ff66576c67b8d24027b452d2caf7845
#2 transferring context: 34B done
#2 DONE 0.1s

#1 [internal] load build definition from Dockerfile
#1 sha256:1126113f5c175484b3aa8ae22c55d449be25f0527103422675f0316fa61cefe9
#1 transferring dockerfile: 2.22kB done
#1 DONE 0.2s

#4 [internal] load metadata for gcr.io/fuzzbench/base-image:latest
#4 sha256:932022888f650cc455b10eb5123bb08c0cccacac29a693e69314abbfd28a72c3
#4 DONE 0.0s

#3 [internal] load metadata for gcr.io/fuzzbench/builders/afl/llvm_llvm-intermediate:latest
#3 sha256:2aa916fca4040c7794e30a3dcc81564a92d86bab13c70aa1983b33cf1ed7220b
#3 DONE 0.0s

#12 [internal] load build context
#12 sha256:1de74c057a7be931a1136d416c6e46472292533247f36b364ea66a9585cc5363
#12 DONE 0.0s

#7 [base-image 1/1] FROM gcr.io/fuzzbench/base-image
#7 sha256:4d07825694520f8b6f6a0d8592dbd345433361ae044cb7f06706c5a95e3daaad
#7 DONE 0.0s

#5 importing cache manifest from gcr.io/fuzzbench/builders/afl/llvm_llvm
#5 sha256:1af3584ffc372cfbbda4704ebc8fcf6e2f85f6dc87b148640691207864cbb4d2
#5 ERROR: gcr.io/fuzzbench/builders/afl/llvm_llvm:latest: not found

#7 [base-image 1/1] FROM gcr.io/fuzzbench/base-image
#7 sha256:4d07825694520f8b6f6a0d8592dbd345433361ae044cb7f06706c5a95e3daaad
#7 CACHED

#12 [internal] load build context
#12 sha256:1de74c057a7be931a1136d416c6e46472292533247f36b364ea66a9585cc5363
#12 transferring context: 669.85kB 0.1s done
#12 DONE 0.3s

#6 [stage-1  1/13] FROM gcr.io/fuzzbench/builders/afl/llvm_llvm-intermediate
#6 sha256:3faeb53d233c353dbdfadda4f367a115855d54d3bf0d2d6fb0b44c3323a3c44c
#6 DONE 1.0s

#8 [stage-1  2/13] COPY --from=base-image /usr/local/bin/python3* /usr/local/bin/
#8 sha256:ff55f3b7476c1bc5d7db7661b8f26886358e6ae58665bea8a8227831e25ccde4
#8 DONE 0.7s

#9 [stage-1  3/13] COPY --from=base-image /usr/local/lib/python3.8 /usr/local/lib/python3.8
#9 sha256:ba79c558d5d90eb9b4feb002ee9a9d0e9d58c2a0a271fe4048425f85e1cbee1f
#9 DONE 16.9s

#10 [stage-1  4/13] COPY --from=base-image /usr/local/include/python3.8 /usr/local/include/python3.8
#10 sha256:68961fac6563866ad41cccfda288fd05128bf614bb0b44b8ae021a4f76638571
#10 DONE 0.2s

#11 [stage-1  5/13] COPY --from=base-image /usr/local/lib/python3.8/site-packages /usr/local/lib/python3.8/site-packages
#11 sha256:5a2867bcd1c295cb4f9f401be15432deb9d4e74d7cc9f81f28e2e674ca27dfe6
#11 DONE 28.8s

#13 [stage-1  6/13] COPY fuzzers /src/fuzzers
#13 sha256:f093f55af8ff92bde483ae2da0bd5739446c0623c3e812ee1b87461e2f3f4adf
#13 DONE 0.5s

#14 [stage-1  7/13] RUN touch /src/__init__.py
#14 sha256:b0366abf891437da894949afec7f83567611c844bfef78e9951c520405de59f8
#14 DONE 0.9s

#15 [stage-1  8/13] COPY benchmarks/llvm_llvm/benchmark.yaml /
#15 sha256:60b6fe2533818733c57bd541f9b39923bdf18e55aec50f75ef6b0796fd35a90c
#15 DONE 0.4s

#16 [stage-1  9/13] RUN mkdir /opt/fuzzbench/
#16 sha256:1490f0530af21d876823ee1e19be443f8011c464b4f8fce0218b9039941056ad
#16 DONE 0.7s

#17 [stage-1 10/13] COPY docker/benchmark-builder/checkout_commit.py /opt/fuzzbench/
#17 sha256:c0002a03831b76909f2812793eb3636d0bd094a55492fc1fb6642038a33bc84a
#17 DONE 0.7s

#18 [stage-1 11/13] RUN export CHECKOUT_COMMIT=$(cat /benchmark.yaml | tr -d ' ' | grep 'commit:' | cut -d ':' -f2) &&     python3 -u /opt/fuzzbench/checkout_commit.py $CHECKOUT_COMMIT /src
#18 sha256:fd6be1ef4fc8c7d86e5d29aec1d6ff262e8771a975fbfab766cc143bfa3e392d
#18 0.640 Checking out commit 1d5a2cd8
/bin/sh: 1: source: not found
#1 [internal] load build definition from Dockerfile
#1 sha256:59a99a12a9985a1f4b3d8784ebfeddea41b4d092aad08e737b39431e313d1088
#1 transferring dockerfile:
#1 transferring dockerfile: 32B done
#1 DONE 0.5s

#2 [internal] load .dockerignore
#2 sha256:7f0cdccb751aa765686ea361c0b825aaa8749c19f5b2254b260e7c3710f54e71
#2 transferring context: 2B done
#2 DONE 0.6s

#3 [internal] load metadata for gcr.io/oss-fuzz-base/base-builder:latest
#3 sha256:f10dc39cc9d418a5bc416dead31a1902b6821fdae909cd3b08f7a3fd1faba7b5
#3 DONE 1.0s

#5 [1/5] FROM gcr.io/oss-fuzz-base/base-builder@sha256:41d7bbe7827592680a606c9bba1aeb6e23c7502ce8b633923b06542f4c706e7c
#5 sha256:660db69324ed478291dd329cbbfe422dccbc173f9ab806c069fac341073eab8c
#5 DONE 0.0s

#4 importing cache manifest from gcr.io/fuzzbench/builders/benchmark/llvm_llvm
#4 sha256:36d38498ea4d959feff3c1344f2266b2bc104eb1103d4fe7c75c016d481f7c90
#4 DONE 0.0s

#9 [internal] load build context
#9 sha256:d2ddb38369fcda91f858ff63e39fdd58022c66e1eba0f819057877f05cb666c1
#9 transferring context: 30B done
#9 DONE 0.2s

#6 [2/5] RUN apt-get update -y
#6 sha256:788a2818839f07bea2bd16817eb04bc5639f06408cf121d2cefa691dac0d920c
#6 CACHED

#7 [3/5] RUN apt-get install -y autoconf automake libtool curl make g++ unzip wget git     binutils liblzma-dev libz-dev python-all cmake ninja-build subversion     pkg-config
#7 sha256:c993c5d88a21d28090ba6110fb15169aef702d8e275097985c5b57ae42b7d625
#7 CACHED

#8 [4/5] RUN git clone --depth 1 https://github.com/llvm/llvm-project.git
#8 sha256:3f4eb2554af160c6320834bb6ddc4cc1a9e35eb943891136d56f7f3dd4b80de8
#8 CACHED

#10 [5/5] COPY build.sh /src/
#10 sha256:eea8534786ca5486570039467df2b3b61f530f5ee745cefc7050a6727686950d
#10 CACHED

#11 exporting to image
#11 sha256:e8c613e07b0b7ff33893b694f7759a10d42e180f2b4dc349fb57dc6b71dcab00
#11 exporting layers done
#11 writing image sha256:875fdf83b4cc922a873e01a0ed1f4bd6fe17d4ea79bea2c217f32e875f4375db 0.1s done
#11 naming to gcr.io/fuzzbench/builders/benchmark/llvm_llvm done
#11 DONE 1.6s

#12 exporting cache
#12 sha256:2700d4ef94dee473593c5c614b55b2dedcca7893909811a8f2b48291a1f581e4
#12 preparing build cache for export
#12 preparing build cache for export done
#12 DONE 0.0s
#2 [internal] load .dockerignore
#2 sha256:09d604ec822a2747aae78460f144a6537e81d2a7dcd29a86f0334704fe552329
#2 transferring context: 2B done
#2 ...

#1 [internal] load build definition from builder.Dockerfile
#1 sha256:8d373d500371c27144062cd54a7c55fc6d42d06680a1885a29fe05487bbfa06d
#1 transferring dockerfile: 46B done
#1 DONE 0.7s

#2 [internal] load .dockerignore
#2 sha256:09d604ec822a2747aae78460f144a6537e81d2a7dcd29a86f0334704fe552329
#2 DONE 0.9s

#3 [internal] load metadata for gcr.io/fuzzbench/builders/benchmark/llvm_llvm:latest
#3 sha256:9ebca91055ad52497741474c8c2d8ed35681492389e84dde830d5018106771ad
#3 DONE 0.0s

#4 importing cache manifest from gcr.io/fuzzbench/builders/afl/llvm_llvm-intermediate
#4 sha256:a4d487b316b5a3aded8688a7378190ef44f7817e229b701157b5073363a0e073
#4 DONE 0.0s

#5 [1/3] FROM gcr.io/fuzzbench/builders/benchmark/llvm_llvm
#5 sha256:828d8959742375f9ccc86431897aac984db48572e4cbf9ebf47fcc51bd7dc7e3
#5 DONE 0.0s

#6 [2/3] RUN git clone https://github.com/google/AFL.git /afl &&     cd /afl &&     git checkout 61037103ae3722c8060ff7082994836a794f978e &&     AFL_NO_X86=1 make
#6 sha256:0ab909f71c299ffc0e4b44831615e9393c07856e2d163942d4da41b9317866a2
#6 CACHED

#7 [3/3] RUN apt-get update &&     apt-get install wget -y &&     wget https://raw.githubusercontent.com/llvm/llvm-project/5feb80e748924606531ba28c97fe65145c65372e/compiler-rt/lib/fuzzer/afl/afl_driver.cpp -O /afl/afl_driver.cpp &&     clang -Wno-pointer-sign -c /afl/llvm_mode/afl-llvm-rt.o.c -I/afl &&     clang++ -stdlib=libc++ -std=c++11 -O2 -c /afl/afl_driver.cpp &&     ar r /libAFL.a *.o
#7 sha256:efcf0c8b538a027a95141d54c96466b5c2db8f9ce7a4d41a721169d1a82ff02d
#7 CACHED

#8 exporting to image
#8 sha256:e8c613e07b0b7ff33893b694f7759a10d42e180f2b4dc349fb57dc6b71dcab00
#8 exporting layers done
#8 writing image sha256:2abb50e9973c6ccb6f89d50d7be868b6875276caf185d885ad57cde4eee1bc76 0.0s done
#8 naming to gcr.io/fuzzbench/builders/afl/llvm_llvm-intermediate done
#8 DONE 0.8s

#9 exporting cache
#9 sha256:2700d4ef94dee473593c5c614b55b2dedcca7893909811a8f2b48291a1f581e4
#9 preparing build cache for export done
#9 DONE 0.0s
#1 [internal] load build definition from Dockerfile
#1 sha256:48b7ebab29ad1f03d7328abfd4bfb3504600b6b44a9b22a31133e6d55f932549
#1 transferring dockerfile: 2.00kB done
#1 DONE 0.1s

#2 [internal] load .dockerignore
#2 sha256:d3e00acbba864ab1dfe4563e6314ae440031e7e8781896f0364a9496a883c708
#2 transferring context: 34B done
#2 DONE 0.4s

#3 [internal] load metadata for docker.io/library/ubuntu:xenial
#3 sha256:f62bae18ed588840f045c881b2502661f2a89578a2f8f99b83f5200ee83dd25b
#3 DONE 0.0s

#5 [1/7] FROM docker.io/library/ubuntu:xenial
#5 sha256:14dd403f25ae9e519bd44f27dc17af7ce80f5a4f9f48ca88108364e67ec5d360
#5 DONE 0.0s

#4 importing cache manifest from gcr.io/fuzzbench/base-image
#4 sha256:9b220ebb4d4daceed1b96df9b6dca076e762f1cd612574f010b82d5b9e5ad896
#4 DONE 0.0s

#8 [internal] load build context
#8 sha256:56da38c7410b64bf7f9055439c4a479a9929e3576762a0687b50fc6f12031efa
#8 transferring context: 559B 0.3s done
#8 DONE 0.5s

#7 [3/7] RUN cd /tmp/ &&     curl -O https://www.python.org/ftp/python/3.8.6/Python-3.8.6.tar.xz &&     tar -xvf Python-3.8.6.tar.xz &&     cd Python-3.8.6 &&     ./configure --enable-loadable-sqlite-extensions --enable-optimizations &&     make -j install &&     rm -r /tmp/Python-3.8.6.tar.xz /tmp/Python-3.8.6
#7 sha256:c5b9d1fb3371e84dbc60b76e7b2f8d5913bc93bcd4910ab65daa03e7b2ec4bb0
#7 CACHED

#9 [4/7] COPY ./requirements.txt /
#9 sha256:6e14d074f0a2af2fa59af18ecec03266d9326cd871ed27fe192f63938df0a782
#9 CACHED

#10 [5/7] RUN pip3 install -r /requirements.txt
#10 sha256:8fe8aca3674a6504952b830d6b4ac2dcf885ae90dc5829de302855758cc35b23
#10 CACHED

#11 [6/7] RUN apt-get update -y && apt-get install -y     apt-transport-https     lsb-release
#11 sha256:58c56ed8c420d32857485fe96d4af5c863b7e38695013a858d2431630f4e0011
#11 CACHED

#6 [2/7] RUN apt-get update -y && apt-get install -y     build-essential     rsync     curl     zlib1g-dev     libncurses5-dev     libgdbm-dev     libnss3-dev     libssl-dev     libreadline-dev     libffi-dev     virtualenv     libbz2-dev     liblzma-dev     libsqlite3-dev
#6 sha256:3a1b0960f17eed529eaae93dc8fd3554f2743dd584d8fa569cdbe6bc734371ac
#6 CACHED

#12 [7/7] RUN CLOUD_SDK_REPO="cloud-sdk-$(lsb_release -c -s)" &&     echo "deb https://packages.cloud.google.com/apt $CLOUD_SDK_REPO main"     | tee -a /etc/apt/sources.list.d/google-cloud-sdk.list &&     curl https://packages.cloud.google.com/apt/doc/apt-key.gpg     | apt-key add - &&     apt-get update -y &&     apt-get install -y google-cloud-sdk
#12 sha256:2de57f1721a5ed05450945f3c311d65bccd024af732946e29188b62b9a4988f6
#12 CACHED

#13 exporting to image
#13 sha256:e8c613e07b0b7ff33893b694f7759a10d42e180f2b4dc349fb57dc6b71dcab00
#13 exporting layers done
#13 writing image sha256:09e6f6e2802ac0534bfe01d11fa4cd32feb0eedc67dbf711c85a04fe3547ce44 0.0s done
#13 naming to gcr.io/fuzzbench/base-image done
#13 DONE 0.1s

#14 exporting cache
#14 sha256:2700d4ef94dee473593c5c614b55b2dedcca7893909811a8f2b48291a1f581e4
#14 preparing build cache for export done
#14 DONE 0.0s
#1 [internal] load build definition from Dockerfile
#1 sha256:bc3940ce190f97a863c6e2ac9763cd30daf84a5f698e1497b73c962793f372e8
#1 transferring dockerfile: 2.22kB done
#1 DONE 0.0s

#2 [internal] load .dockerignore
#2 sha256:bd92bc8ce212dcb013dc72c2617e29a1eb1ce0e47e4cafd65f18ec28e0e109b4
#2 transferring context: 34B done
#2 DONE 0.1s

#4 [internal] load metadata for gcr.io/fuzzbench/base-image:latest
#4 sha256:932022888f650cc455b10eb5123bb08c0cccacac29a693e69314abbfd28a72c3
#4 DONE 0.0s

#7 [base-image 1/1] FROM gcr.io/fuzzbench/base-image
#7 sha256:4d07825694520f8b6f6a0d8592dbd345433361ae044cb7f06706c5a95e3daaad
#7 CACHED

#6 [stage-1  1/13] FROM gcr.io/fuzzbench/builders/afl/llvm_llvm-intermediate
#6 sha256:3faeb53d233c353dbdfadda4f367a115855d54d3bf0d2d6fb0b44c3323a3c44c
#6 DONE 1.0s

#8 [stage-1  2/13] COPY --from=base-image /usr/local/bin/python3* /usr/local/bin/
#8 sha256:ff55f3b7476c1bc5d7db7661b8f26886358e6ae58665bea8a8227831e25ccde4
#8 DONE 0.7s

#9 [stage-1  3/13] COPY --from=base-image /usr/local/lib/python3.8 /usr/local/lib/python3.8
#9 sha256:ba79c558d5d90eb9b4feb002ee9a9d0e9d58c2a0a271fe4048425f85e1cbee1f
#9 DONE 16.9s

#10 [stage-1  4/13] COPY --from=base-image /usr/local/include/python3.8 /usr/local/include/python3.8
#10 sha256:68961fac6563866ad41cccfda288fd05128bf614bb0b44b8ae021a4f76638571
#10 DONE 0.2s

#11 [stage-1  5/13] COPY --from=base-image /usr/local/lib/python3.8/site-packages /usr/local/lib/python3.8/site-packages
#11 sha256:5a2867bcd1c295cb4f9f401be15432deb9d4e74d7cc9f81f28e2e674ca27dfe6
#11 DONE 28.8s

#3 [internal] load metadata for gcr.io/fuzzbench/builders/afl/llvm_llvm-intermediate:latest
#3 sha256:2aa916fca4040c7794e30a3dcc81564a92d86bab13c70aa1983b33cf1ed7220b
#3 DONE 0.0s

#12 [internal] load build context
#12 sha256:ee03c4a623b38bca169baf624c8715cddef03cae2968aec484967a7a8db29a61
#12 DONE 0.0s

#5 importing cache manifest from gcr.io/fuzzbench/builders/afl/llvm_llvm
#5 sha256:1af3584ffc372cfbbda4704ebc8fcf6e2f85f6dc87b148640691207864cbb4d2
#5 ERROR: gcr.io/fuzzbench/builders/afl/llvm_llvm:latest: not found

#12 [internal] load build context
#12 sha256:ee03c4a623b38bca169baf624c8715cddef03cae2968aec484967a7a8db29a61
#12 transferring context: 669.85kB 0.1s done
#12 DONE 0.3s
#18 759.8 From https://github.com/llvm/llvm-project
#18 759.8    9dcb5275e5ce..6b53ad298e95  main       -> origin/main
#18 763.3  * [new tag]                   llvmorg-10-init -> llvmorg-10-init
#18 763.3  * [new tag]                   llvmorg-11-init -> llvmorg-11-init
#18 763.3  * [new tag]                   llvmorg-12-init -> llvmorg-12-init
#18 763.3  * [new tag]                   llvmorg-13-init -> llvmorg-13-init
#18 763.3  * [new tag]                   llvmorg-14-init -> llvmorg-14-init
#18 763.3  * [new tag]                   llvmorg-15-init -> llvmorg-15-init
#18 763.3  * [new tag]                   studio-1.4      -> studio-1.4
#18 763.5 error: pathspec '1d5a2cd8' did not match any file(s) known to git
#18 763.5 error: pathspec '1d5a2cd8' did not match any file(s) known to git
#18 763.5 error: pathspec '1d5a2cd8' did not match any file(s) known to git
#18 765.0 Checkout unsuccessful.
#18 DONE 765.4s

#19 [stage-1 12/13] RUN echo "#!/bin/bash\nPYTHONPATH=/src python3 -u -c "from fuzzers import utils; utils.initialize_env(); from fuzzers.afl import fuzzer; fuzzer.build()"" > /usr/bin/fuzzer_build &&     chmod +x /usr/bin/fuzzer_build
#19 sha256:aeedf692086ea8e9e5b40b5eb05ead4f6aae9613704aac589ffd0111ae4b826e
#19 DONE 0.9s

#20 [stage-1 13/13] RUN echo "Run fuzzer_build to build the target" && if [ -z "$debug_builder" ] ; then fuzzer_build; fi
#20 sha256:24db6fb58421e26f1ab53774d3911655c3d059e71ccc472ea9e199f7008779ea
#20 0.599 Run fuzzer_build to build the target
#20 0.728 FUZZ_TARGET = llvm
#20 0.728 CFLAGS = -DFUZZING_BUILD_MODE_UNSAFE_FOR_PRODUCTION -pthread -Wl,--no-as-needed -Wl,-ldl -Wl,-lm -Wno-unused-command-line-argument -O3
#20 0.728 CXXFLAGS = -DFUZZING_BUILD_MODE_UNSAFE_FOR_PRODUCTION -pthread -Wl,--no-as-needed -Wl,-ldl -Wl,-lm -Wno-unused-command-line-argument -stdlib=libc++ -O3
#20 0.737 Building benchmark llvm_llvm with fuzzer afl
#20 0.740 + FUZZERS=(clang-fuzzer clang-format-fuzzer clang-objc-fuzzer clangd-fuzzer llvm-itanium-demangle-fuzzer llvm-microsoft-demangle-fuzzer llvm-dwarfdump-fuzzer llvm-isel-fuzzer llvm-special-case-list-fuzzer llvm-opt-fuzzer)
#20 0.740 + readonly FUZZERS
#20 0.740 + case $SANITIZER in
#20 0.740 + LLVM_SANITIZER=Address
#20 0.740 + case "${LIB_FUZZING_ENGINE}" in
#20 0.740 + CMAKE_FUZZING_CONFIG=-DLLVM_LIB_FUZZING_ENGINE=/libAFL.a
#20 0.740 + LLVM=llvm-project/llvm
#20 0.740 + mkdir build
#20 0.743 + cd build
#20 0.743 + cmake -GNinja -DCMAKE_BUILD_TYPE=Release ../llvm-project/llvm '-DLLVM_ENABLE_PROJECTS=clang;libcxx;libcxxabi;compiler-rt;lld;clang-tools-extra' -DLLVM_ENABLE_ASSERTIONS=ON -DCMAKE_C_COMPILER=clang -DCMAKE_CXX_COMPILER=clang++ '-DCMAKE_C_FLAGS=-DFUZZING_BUILD_MODE_UNSAFE_FOR_PRODUCTION -pthread -Wl,--no-as-needed -Wl,-ldl -Wl,-lm -Wno-unused-command-line-argument -O3 -fsanitize-coverage=trace-pc-guard' '-DCMAKE_CXX_FLAGS=-DFUZZING_BUILD_MODE_UNSAFE_FOR_PRODUCTION -pthread -Wl,--no-as-needed -Wl,-ldl -Wl,-lm -Wno-unused-command-line-argument -stdlib=libc++ -O3 -fsanitize-coverage=trace-pc-guard' -DLLVM_LIB_FUZZING_ENGINE=/libAFL.a -DLLVM_NO_DEAD_STRIP=ON -DLLVM_USE_SANITIZER=Address -DLLVM_EXPERIMENTAL_TARGETS_TO_BUILD=WebAssembly
#20 1.071 -- The C compiler identification is Clang 14.0.0
#20 1.365 -- The CXX compiler identification is Clang 14.0.0
#20 1.393 -- The ASM compiler identification is Clang
#20 1.396 -- Found assembler: /usr/local/bin/clang
#20 1.408 -- Detecting C compiler ABI info
#20 1.563 -- Detecting C compiler ABI info - done
#20 1.622 -- Check for working C compiler: /usr/local/bin/clang - skipped
#20 1.627 -- Detecting C compile features
#20 1.628 -- Detecting C compile features - done
#20 1.638 -- Detecting CXX compiler ABI info
#20 1.830 -- Detecting CXX compiler ABI info - done
#20 1.908 -- Check for working CXX compiler: /usr/local/bin/clang++ - skipped
#20 1.909 -- Detecting CXX compile features
#20 1.910 -- Detecting CXX compile features - done
#20 1.924 CMake Warning at CMakeLists.txt:89 (message):
#20 1.924   Using LLVM_ENABLE_PROJECTS=libcxx is deprecated now, please use
#20 1.924   -DLLVM_ENABLE_RUNTIMES=libcxx or see the instructions at
#20 1.924   https://libcxx.llvm.org/BuildingLibcxx.html for building the runtimes.
#20 1.924 
#20 1.924 
#20 1.924 CMake Warning at CMakeLists.txt:89 (message):
#20 1.924   Using LLVM_ENABLE_PROJECTS=libcxxabi is deprecated now, please use
#20 1.924   -DLLVM_ENABLE_RUNTIMES=libcxxabi or see the instructions at
#20 1.924   https://libcxx.llvm.org/BuildingLibcxx.html for building the runtimes.
#20 1.924 
#20 1.924 
#20 1.924 -- bolt project is disabled
#20 1.924 -- clang project is enabled
#20 1.924 -- clang-tools-extra project is enabled
#20 1.924 -- compiler-rt project is enabled
#20 1.924 -- cross-project-tests project is disabled
#20 1.924 -- libc project is disabled
#20 1.924 -- libclc project is disabled
#20 1.924 -- libcxx project is enabled
#20 1.925 -- libcxxabi project is enabled
#20 1.925 -- libunwind project is disabled
#20 1.925 -- lld project is enabled
#20 1.925 -- lldb project is disabled
#20 1.925 -- mlir project is disabled
#20 1.925 -- openmp project is disabled
#20 1.925 -- polly project is disabled
#20 1.925 -- pstl project is disabled
#20 1.925 -- flang project is disabled
#20 1.968 -- Performing Test LLVM_LIBSTDCXX_MIN
#20 2.194 -- Performing Test LLVM_LIBSTDCXX_MIN - Success
#20 2.194 -- Performing Test LLVM_LIBSTDCXX_SOFT_ERROR
#20 2.408 -- Performing Test LLVM_LIBSTDCXX_SOFT_ERROR - Success
#20 2.416 -- Looking for dlfcn.h
#20 2.578 -- Looking for dlfcn.h - found
#20 2.579 -- Looking for errno.h
#20 2.741 -- Looking for errno.h - found
#20 2.741 -- Looking for fcntl.h
#20 2.908 -- Looking for fcntl.h - found
#20 2.908 -- Looking for link.h
#20 3.096 -- Looking for link.h - found
#20 3.096 -- Looking for malloc/malloc.h
#20 3.139 -- Looking for malloc/malloc.h - not found
#20 3.140 -- Looking for pthread.h
#20 3.320 -- Looking for pthread.h - found
#20 3.320 -- Looking for signal.h
#20 3.499 -- Looking for signal.h - found
#20 3.499 -- Looking for sys/ioctl.h
#20 3.663 -- Looking for sys/ioctl.h - found
#20 3.664 -- Looking for sys/mman.h
#20 3.841 -- Looking for sys/mman.h - found
#20 3.841 -- Looking for sys/param.h
#20 4.026 -- Looking for sys/param.h - found
#20 4.027 -- Looking for sys/resource.h
#20 4.202 -- Looking for sys/resource.h - found
#20 4.202 -- Looking for sys/stat.h
#20 4.367 -- Looking for sys/stat.h - found
#20 4.368 -- Looking for sys/time.h
#20 4.544 -- Looking for sys/time.h - found
#20 4.545 -- Looking for sys/types.h
#20 4.727 -- Looking for sys/types.h - found
#20 4.728 -- Looking for sysexits.h
#20 4.962 -- Looking for sysexits.h - found
#20 4.963 -- Looking for termios.h
#20 5.144 -- Looking for termios.h - found
#20 5.144 -- Looking for unistd.h
#20 5.327 -- Looking for unistd.h - found
#20 5.328 -- Looking for valgrind/valgrind.h
#20 5.366 -- Looking for valgrind/valgrind.h - not found
#20 5.367 -- Looking for fenv.h
#20 5.537 -- Looking for fenv.h - found
#20 5.611 -- Looking for FE_ALL_EXCEPT
#20 5.772 -- Looking for FE_ALL_EXCEPT - found
#20 5.773 -- Looking for FE_INEXACT
#20 5.947 -- Looking for FE_INEXACT - found
#20 5.947 -- Looking for mach/mach.h
#20 5.984 -- Looking for mach/mach.h - not found
#20 5.984 -- Looking for histedit.h
#20 6.021 -- Looking for histedit.h - not found
#20 6.022 -- Looking for CrashReporterClient.h
#20 6.058 -- Looking for CrashReporterClient.h - not found
#20 6.059 -- Looking for linux/magic.h
#20 6.238 -- Looking for linux/magic.h - found
#20 6.238 -- Looking for pthread_create in pthread
#20 6.401 -- Looking for pthread_create in pthread - found
#20 6.401 -- Looking for pthread_getspecific in pthread
#20 6.565 -- Looking for pthread_getspecific in pthread - found
#20 6.565 -- Looking for pthread_rwlock_init in pthread
#20 6.735 -- Looking for pthread_rwlock_init in pthread - found
#20 6.735 -- Looking for pthread_mutex_lock in pthread
#20 6.906 -- Looking for pthread_mutex_lock in pthread - found
#20 6.906 -- Looking for dlopen in dl
#20 7.066 -- Looking for dlopen in dl - found
#20 7.066 -- Looking for clock_gettime in rt
#20 7.234 -- Looking for clock_gettime in rt - found
#20 7.237 -- Looking for pfm_initialize in pfm
#20 7.324 -- Looking for pfm_initialize in pfm - not found
#20 7.327 -- Looking for pthread.h
#20 7.495 -- Looking for pthread.h - found
#20 7.496 -- Performing Test CMAKE_HAVE_LIBC_PTHREAD
#20 7.667 -- Performing Test CMAKE_HAVE_LIBC_PTHREAD - Success
#20 7.670 -- Found Threads: TRUE  
#20 7.698 -- Found ZLIB: /usr/lib/x86_64-linux-gnu/libz.so (found version "1.2.11") 
#20 7.699 -- Looking for compress2
#20 7.874 -- Looking for compress2 - found
#20 7.905 -- Could NOT find LibXml2 (missing: LIBXML2_LIBRARY LIBXML2_INCLUDE_DIR) 
#20 7.910 -- Could NOT find Terminfo (missing: Terminfo_LIBRARIES Terminfo_LINKABLE) 
#20 7.910 -- Looking for xar_open in xar
#20 7.987 -- Looking for xar_open in xar - not found
#20 7.987 -- Looking for arc4random
#20 8.049 -- Looking for arc4random - not found
#20 8.054 -- Looking for backtrace
#20 8.216 -- Looking for backtrace - found
#20 8.216 -- backtrace facility detected in default set of libraries
#20 8.217 -- Found Backtrace: /usr/include  
#20 8.219 -- Performing Test C_SUPPORTS_WERROR_UNGUARDED_AVAILABILITY_NEW
#20 8.363 -- Performing Test C_SUPPORTS_WERROR_UNGUARDED_AVAILABILITY_NEW - Success
#20 8.364 -- Looking for __register_frame
#20 8.523 -- Looking for __register_frame - found
#20 8.524 -- Looking for __deregister_frame
#20 8.682 -- Looking for __deregister_frame - found
#20 8.682 -- Looking for __unw_add_dynamic_fde
#20 8.848 -- Looking for __unw_add_dynamic_fde - not found
#20 8.848 -- Looking for _Unwind_Backtrace
#20 9.016 -- Looking for _Unwind_Backtrace - found
#20 9.017 -- Looking for getpagesize
#20 9.184 -- Looking for getpagesize - found
#20 9.185 -- Looking for sysconf
#20 9.349 -- Looking for sysconf - found
#20 9.349 -- Looking for getrusage
#20 9.509 -- Looking for getrusage - found
#20 9.509 -- Looking for setrlimit
#20 9.670 -- Looking for setrlimit - found
#20 9.670 -- Looking for isatty
#20 9.834 -- Looking for isatty - found
#20 9.835 -- Looking for futimens
#20 10.00 -- Looking for futimens - found
#20 10.00 -- Looking for futimes
#20 10.16 -- Looking for futimes - found
#20 10.17 -- Looking for lseek64
#20 10.34 -- Looking for lseek64 - found
#20 10.34 -- Looking for mallctl
#20 10.42 -- Looking for mallctl - not found
#20 10.42 -- Looking for mallinfo
#20 10.59 -- Looking for mallinfo - found
#20 10.59 -- Looking for mallinfo2
#20 10.64 -- Looking for mallinfo2 - not found
#20 10.64 -- Looking for malloc_zone_statistics
#20 10.68 -- Looking for malloc_zone_statistics - not found
#20 10.68 -- Looking for getrlimit
#20 10.85 -- Looking for getrlimit - found
#20 10.85 -- Looking for posix_spawn
#20 11.03 -- Looking for posix_spawn - found
#20 11.03 -- Looking for pread
#20 11.21 -- Looking for pread - found
#20 11.21 -- Looking for sbrk
#20 11.38 -- Looking for sbrk - found
#20 11.38 -- Looking for strerror
#20 11.53 -- Looking for strerror - found
#20 11.53 -- Looking for strerror_r
#20 11.69 -- Looking for strerror_r - found
#20 11.69 -- Looking for strerror_s
#20 11.73 -- Looking for strerror_s - not found
#20 11.73 -- Looking for setenv
#20 11.89 -- Looking for setenv - found
#20 11.89 -- Looking for dlopen
#20 12.04 -- Looking for dlopen - found
#20 12.04 -- Looking for dladdr
#20 12.08 -- Looking for dladdr - not found
#20 12.08 -- Performing Test HAVE_STRUCT_STAT_ST_MTIMESPEC_TV_NSEC
#20 12.13 -- Performing Test HAVE_STRUCT_STAT_ST_MTIMESPEC_TV_NSEC - Failed
#20 12.13 -- Performing Test HAVE_STRUCT_STAT_ST_MTIM_TV_NSEC
#20 12.28 -- Performing Test HAVE_STRUCT_STAT_ST_MTIM_TV_NSEC - Success
#20 12.28 -- Looking for __GLIBC__
#20 12.43 -- Looking for __GLIBC__ - found
#20 12.43 -- Looking for pthread_getname_np
#20 12.59 -- Looking for pthread_getname_np - found
#20 12.59 -- Looking for pthread_setname_np
#20 12.75 -- Looking for pthread_setname_np - found
#20 12.75 -- Looking for proc_pid_rusage
#20 12.79 -- Looking for proc_pid_rusage - not found
#20 12.79 -- Performing Test HAVE_STD_IS_TRIVIALLY_COPYABLE
#20 13.02 -- Performing Test HAVE_STD_IS_TRIVIALLY_COPYABLE - Success
#20 13.03 -- Performing Test HAVE_CXX_ATOMICS_WITHOUT_LIB
#20 13.48 -- Performing Test HAVE_CXX_ATOMICS_WITHOUT_LIB - Success
#20 13.48 -- Performing Test HAVE_CXX_ATOMICS64_WITHOUT_LIB
#20 13.92 -- Performing Test HAVE_CXX_ATOMICS64_WITHOUT_LIB - Success
#20 13.92 -- Performing Test LLVM_HAS_ATOMICS
#20 14.11 -- Performing Test LLVM_HAS_ATOMICS - Success
#20 14.11 -- Performing Test SUPPORTS_VARIADIC_MACROS_FLAG
#20 14.29 -- Performing Test SUPPORTS_VARIADIC_MACROS_FLAG - Success
#20 14.29 -- Performing Test SUPPORTS_GNU_ZERO_VARIADIC_MACRO_ARGUMENTS_FLAG
#20 14.46 -- Performing Test SUPPORTS_GNU_ZERO_VARIADIC_MACRO_ARGUMENTS_FLAG - Success
#20 14.48 -- Native target architecture is X86
#20 14.48 -- Threads enabled.
#20 14.48 -- Doxygen disabled.
#20 14.48 -- Go bindings disabled.
#20 14.48 -- Ninja version: 1.10.0
#20 14.48 -- Could NOT find OCaml (missing: OCAMLFIND OCAML_VERSION OCAML_STDLIB_PATH) 
#20 14.49 -- Could NOT find OCaml (missing: OCAMLFIND OCAML_VERSION OCAML_STDLIB_PATH) 
#20 14.49 -- OCaml bindings disabled.
#20 14.49 -- Could NOT find Python module pygments
#20 14.49 -- Could NOT find Python module pygments.lexers.c_cpp
#20 14.49 -- Could NOT find Python module yaml
#20 14.49 -- LLVM host triple: x86_64-unknown-linux-gnu
#20 14.49 -- LLVM default target triple: x86_64-unknown-linux-gnu
#20 14.54 -- Performing Test C_SUPPORTS_FPIC
#20 14.67 -- Performing Test C_SUPPORTS_FPIC - Success
#20 14.68 -- Performing Test CXX_SUPPORTS_FPIC
#20 14.85 -- Performing Test CXX_SUPPORTS_FPIC - Success
#20 14.85 -- Building with -fPIC
#20 14.85 -- Performing Test C_SUPPORTS_FNO_SEMANTIC_INTERPOSITION
#20 15.00 -- Performing Test C_SUPPORTS_FNO_SEMANTIC_INTERPOSITION - Success
#20 15.00 -- Performing Test CXX_SUPPORTS_FNO_SEMANTIC_INTERPOSITION
#20 15.17 -- Performing Test CXX_SUPPORTS_FNO_SEMANTIC_INTERPOSITION - Success
#20 15.17 -- Performing Test SUPPORTS_FVISIBILITY_INLINES_HIDDEN_FLAG
#20 15.35 -- Performing Test SUPPORTS_FVISIBILITY_INLINES_HIDDEN_FLAG - Success
#20 15.35 -- Performing Test C_SUPPORTS_WERROR_DATE_TIME
#20 15.49 -- Performing Test C_SUPPORTS_WERROR_DATE_TIME - Success
#20 15.49 -- Performing Test CXX_SUPPORTS_WERROR_DATE_TIME
#20 15.67 -- Performing Test CXX_SUPPORTS_WERROR_DATE_TIME - Success
#20 15.67 -- Performing Test CXX_SUPPORTS_WERROR_UNGUARDED_AVAILABILITY_NEW
#20 15.85 -- Performing Test CXX_SUPPORTS_WERROR_UNGUARDED_AVAILABILITY_NEW - Success
#20 15.85 -- Performing Test CXX_SUPPORTS_MISSING_FIELD_INITIALIZERS_FLAG
#20 16.02 -- Performing Test CXX_SUPPORTS_MISSING_FIELD_INITIALIZERS_FLAG - Success
#20 16.02 -- Performing Test C_SUPPORTS_CXX98_COMPAT_EXTRA_SEMI_FLAG
#20 16.16 -- Performing Test C_SUPPORTS_CXX98_COMPAT_EXTRA_SEMI_FLAG - Success
#20 16.16 -- Performing Test CXX_SUPPORTS_CXX98_COMPAT_EXTRA_SEMI_FLAG
#20 16.34 -- Performing Test CXX_SUPPORTS_CXX98_COMPAT_EXTRA_SEMI_FLAG - Success
#20 16.34 -- Performing Test C_SUPPORTS_IMPLICIT_FALLTHROUGH_FLAG
#20 16.48 -- Performing Test C_SUPPORTS_IMPLICIT_FALLTHROUGH_FLAG - Success
#20 16.48 -- Performing Test CXX_SUPPORTS_IMPLICIT_FALLTHROUGH_FLAG
#20 16.66 -- Performing Test CXX_SUPPORTS_IMPLICIT_FALLTHROUGH_FLAG - Success
#20 16.66 -- Performing Test C_SUPPORTS_COVERED_SWITCH_DEFAULT_FLAG
#20 16.80 -- Performing Test C_SUPPORTS_COVERED_SWITCH_DEFAULT_FLAG - Success
#20 16.80 -- Performing Test CXX_SUPPORTS_COVERED_SWITCH_DEFAULT_FLAG
#20 16.98 -- Performing Test CXX_SUPPORTS_COVERED_SWITCH_DEFAULT_FLAG - Success
#20 16.98 -- Performing Test CXX_SUPPORTS_CLASS_MEMACCESS_FLAG
#20 17.16 -- Performing Test CXX_SUPPORTS_CLASS_MEMACCESS_FLAG - Failed
#20 17.16 -- Performing Test CXX_SUPPORTS_NOEXCEPT_TYPE_FLAG
#20 17.34 -- Performing Test CXX_SUPPORTS_NOEXCEPT_TYPE_FLAG - Success
#20 17.34 -- Performing Test CXX_WONT_WARN_ON_FINAL_NONVIRTUALDTOR
#20 17.55 -- Performing Test CXX_WONT_WARN_ON_FINAL_NONVIRTUALDTOR - Success
#20 17.55 -- Performing Test CXX_SUPPORTS_SUGGEST_OVERRIDE_FLAG
#20 17.77 -- Performing Test CXX_SUPPORTS_SUGGEST_OVERRIDE_FLAG - Success
#20 17.77 -- Performing Test CXX_WSUGGEST_OVERRIDE_ALLOWS_ONLY_FINAL
#20 17.97 -- Performing Test CXX_WSUGGEST_OVERRIDE_ALLOWS_ONLY_FINAL - Success
#20 17.97 -- Performing Test C_WCOMMENT_ALLOWS_LINE_WRAP
#20 18.30 -- Performing Test C_WCOMMENT_ALLOWS_LINE_WRAP - Success
#20 18.30 -- Performing Test C_SUPPORTS_STRING_CONVERSION_FLAG
#20 18.44 -- Performing Test C_SUPPORTS_STRING_CONVERSION_FLAG - Success
#20 18.44 -- Performing Test CXX_SUPPORTS_STRING_CONVERSION_FLAG
#20 18.61 -- Performing Test CXX_SUPPORTS_STRING_CONVERSION_FLAG - Success
#20 18.62 -- Performing Test C_SUPPORTS_MISLEADING_INDENTATION_FLAG
#20 18.75 -- Performing Test C_SUPPORTS_MISLEADING_INDENTATION_FLAG - Success
#20 18.75 -- Performing Test CXX_SUPPORTS_MISLEADING_INDENTATION_FLAG
#20 18.93 -- Performing Test CXX_SUPPORTS_MISLEADING_INDENTATION_FLAG - Success
#20 18.93 -- Performing Test C_SUPPORTS_FNO_OMIT_FRAME_POINTER
#20 19.07 -- Performing Test C_SUPPORTS_FNO_OMIT_FRAME_POINTER - Success
#20 19.08 -- Performing Test CXX_SUPPORTS_FNO_OMIT_FRAME_POINTER
#20 19.26 -- Performing Test CXX_SUPPORTS_FNO_OMIT_FRAME_POINTER - Success
#20 19.26 -- Performing Test C_SUPPORTS_GLINE_TABLES_ONLY
#20 19.40 -- Performing Test C_SUPPORTS_GLINE_TABLES_ONLY - Success
#20 19.40 -- Performing Test CXX_SUPPORTS_GLINE_TABLES_ONLY
#20 19.58 -- Performing Test CXX_SUPPORTS_GLINE_TABLES_ONLY - Success
#20 19.58 -- Performing Test C_SUPPORTS_FSANITIZE_USE_AFTER_SCOPE_FLAG
#20 19.85 -- Performing Test C_SUPPORTS_FSANITIZE_USE_AFTER_SCOPE_FLAG - Success
#20 19.86 -- Performing Test CXX_SUPPORTS_FSANITIZE_USE_AFTER_SCOPE_FLAG
#20 20.11 -- Performing Test CXX_SUPPORTS_FSANITIZE_USE_AFTER_SCOPE_FLAG - Success
#20 20.11 -- Performing Test LINKER_SUPPORTS_COLOR_DIAGNOSTICS
#20 20.17 -- Performing Test LINKER_SUPPORTS_COLOR_DIAGNOSTICS - Failed
#20 20.17 -- Performing Test C_SUPPORTS_FNO_FUNCTION_SECTIONS
#20 20.40 -- Performing Test C_SUPPORTS_FNO_FUNCTION_SECTIONS - Success
#20 20.41 -- Performing Test C_SUPPORTS_FFUNCTION_SECTIONS
#20 20.65 -- Performing Test C_SUPPORTS_FFUNCTION_SECTIONS - Success
#20 20.65 -- Performing Test CXX_SUPPORTS_FFUNCTION_SECTIONS
#20 20.91 -- Performing Test CXX_SUPPORTS_FFUNCTION_SECTIONS - Success
#20 20.92 -- Performing Test C_SUPPORTS_FDATA_SECTIONS
#20 21.14 -- Performing Test C_SUPPORTS_FDATA_SECTIONS - Success
#20 21.15 -- Performing Test CXX_SUPPORTS_FDATA_SECTIONS
#20 21.42 -- Performing Test CXX_SUPPORTS_FDATA_SECTIONS - Success
#20 21.42 -- Looking for os_signpost_interval_begin
#20 21.46 -- Looking for os_signpost_interval_begin - not found
#20 21.94 -- Found Python3: /usr/local/bin/python3.8 (found suitable version "3.8.6", minimum required is "3.6") found components: Interpreter 
#20 24.96 -- Linker detection: GNU ld
#20 24.99 -- Performing Test HAS_WERROR_GLOBAL_CTORS
#20 25.56 -- Performing Test HAS_WERROR_GLOBAL_CTORS - Success
#20 25.56 -- Performing Test LLVM_HAS_NOGLOBAL_CTOR_MUTEX
#20 27.33 -- Performing Test LLVM_HAS_NOGLOBAL_CTOR_MUTEX - Failed
#20 27.55 -- Found Git: /usr/bin/git (found version "2.35.1") 
#20 28.65 -- Targeting AArch64
#20 28.77 -- Targeting AMDGPU
#20 28.91 -- Targeting ARM
#20 28.99 -- Targeting AVR
#20 29.04 -- Targeting BPF
#20 29.10 -- Targeting Hexagon
#20 29.17 -- Targeting Lanai
#20 29.23 -- Targeting Mips
#20 29.31 -- Targeting MSP430
#20 29.37 -- Targeting NVPTX
#20 29.47 -- Targeting PowerPC
#20 29.54 -- Targeting RISCV
#20 29.60 -- Targeting Sparc
#20 29.65 -- Targeting SystemZ
#20 29.71 -- Targeting VE
#20 29.76 -- Targeting WebAssembly
#20 29.82 -- Targeting X86
#20 29.92 -- Targeting XCore
#20 31.80 -- Performing Test LIBCXXABI_SUPPORTS_TARGET_EQ_X86_64_UNKNOWN_LINUX_GNU_FLAG
#20 32.42 -- Performing Test LIBCXXABI_SUPPORTS_TARGET_EQ_X86_64_UNKNOWN_LINUX_GNU_FLAG - Success
#20 32.43 -- Looking for fopen in c
#20 33.00 -- Looking for fopen in c - found
#20 33.00 -- Looking for __gcc_personality_v0 in gcc_s
#20 33.56 -- Looking for __gcc_personality_v0 in gcc_s - found
#20 33.56 -- Looking for __aeabi_uldivmod in gcc
#20 34.18 -- Looking for __aeabi_uldivmod in gcc - not found
#20 34.18 -- Performing Test LIBCXXABI_SUPPORTS_NOSTDLIBXX_FLAG
#20 34.73 -- Performing Test LIBCXXABI_SUPPORTS_NOSTDLIBXX_FLAG - Success
#20 34.73 -- Performing Test LIBCXXABI_HAS_COMMENT_LIB_PRAGMA
#20 34.95 -- Performing Test LIBCXXABI_HAS_COMMENT_LIB_PRAGMA - Success
#20 34.95 -- Performing Test LIBCXXABI_HAS_NOSTDINCXX_FLAG
#20 35.15 -- Performing Test LIBCXXABI_HAS_NOSTDINCXX_FLAG - Success
#20 35.15 -- Looking for dladdr in dl
#20 35.37 -- Looking for dladdr in dl - found
#20 35.37 -- Looking for pthread_once in pthread
#20 35.55 -- Looking for pthread_once in pthread - found
#20 35.55 -- Looking for __cxa_thread_atexit_impl in c
#20 35.77 -- Looking for __cxa_thread_atexit_impl in c - found
#20 35.77 -- Looking for write in System
#20 35.92 -- Looking for write in System - not found
#20 35.92 -- Performing Test LIBCXXABI_SUPPORTS_WERROR_EQ_RETURN_TYPE_FLAG
#20 36.15 -- Performing Test LIBCXXABI_SUPPORTS_WERROR_EQ_RETURN_TYPE_FLAG - Success
#20 36.15 -- Performing Test LIBCXXABI_SUPPORTS_W_FLAG
#20 36.34 -- Performing Test LIBCXXABI_SUPPORTS_W_FLAG - Success
#20 36.35 -- Performing Test LIBCXXABI_SUPPORTS_WALL_FLAG
#20 36.55 -- Performing Test LIBCXXABI_SUPPORTS_WALL_FLAG - Success
#20 36.55 -- Performing Test LIBCXXABI_SUPPORTS_WCHAR_SUBSCRIPTS_FLAG
#20 36.76 -- Performing Test LIBCXXABI_SUPPORTS_WCHAR_SUBSCRIPTS_FLAG - Success
#20 36.76 -- Performing Test LIBCXXABI_SUPPORTS_WCONVERSION_FLAG
#20 36.98 -- Performing Test LIBCXXABI_SUPPORTS_WCONVERSION_FLAG - Success
#20 36.99 -- Performing Test LIBCXXABI_SUPPORTS_WMISMATCHED_TAGS_FLAG
#20 37.16 -- Performing Test LIBCXXABI_SUPPORTS_WMISMATCHED_TAGS_FLAG - Success
#20 37.17 -- Performing Test LIBCXXABI_SUPPORTS_WMISSING_BRACES_FLAG
#20 37.35 -- Performing Test LIBCXXABI_SUPPORTS_WMISSING_BRACES_FLAG - Success
#20 37.36 -- Performing Test LIBCXXABI_SUPPORTS_WNEWLINE_EOF_FLAG
#20 37.56 -- Performing Test LIBCXXABI_SUPPORTS_WNEWLINE_EOF_FLAG - Success
#20 37.56 -- Performing Test LIBCXXABI_SUPPORTS_WUNUSED_FUNCTION_FLAG
#20 37.74 -- Performing Test LIBCXXABI_SUPPORTS_WUNUSED_FUNCTION_FLAG - Success
#20 37.74 -- Performing Test LIBCXXABI_SUPPORTS_WSHADOW_FLAG
#20 37.93 -- Performing Test LIBCXXABI_SUPPORTS_WSHADOW_FLAG - Success
#20 37.93 -- Performing Test LIBCXXABI_SUPPORTS_WSHORTEN_64_TO_32_FLAG
#20 38.10 -- Performing Test LIBCXXABI_SUPPORTS_WSHORTEN_64_TO_32_FLAG - Success
#20 38.11 -- Performing Test LIBCXXABI_SUPPORTS_WSIGN_COMPARE_FLAG
#20 38.28 -- Performing Test LIBCXXABI_SUPPORTS_WSIGN_COMPARE_FLAG - Success
#20 38.28 -- Performing Test LIBCXXABI_SUPPORTS_WSIGN_CONVERSION_FLAG
#20 38.46 -- Performing Test LIBCXXABI_SUPPORTS_WSIGN_CONVERSION_FLAG - Success
#20 38.46 -- Performing Test LIBCXXABI_SUPPORTS_WSTRICT_ALIASING_EQ_2_FLAG
#20 38.63 -- Performing Test LIBCXXABI_SUPPORTS_WSTRICT_ALIASING_EQ_2_FLAG - Success
#20 38.64 -- Performing Test LIBCXXABI_SUPPORTS_WSTRICT_OVERFLOW_EQ_4_FLAG
#20 38.80 -- Performing Test LIBCXXABI_SUPPORTS_WSTRICT_OVERFLOW_EQ_4_FLAG - Success
#20 38.81 -- Performing Test LIBCXXABI_SUPPORTS_WUNUSED_PARAMETER_FLAG
#20 39.01 -- Performing Test LIBCXXABI_SUPPORTS_WUNUSED_PARAMETER_FLAG - Success
#20 39.01 -- Performing Test LIBCXXABI_SUPPORTS_WUNUSED_VARIABLE_FLAG
#20 39.22 -- Performing Test LIBCXXABI_SUPPORTS_WUNUSED_VARIABLE_FLAG - Success
#20 39.22 -- Performing Test LIBCXXABI_SUPPORTS_WWRITE_STRINGS_FLAG
#20 39.43 -- Performing Test LIBCXXABI_SUPPORTS_WWRITE_STRINGS_FLAG - Success
#20 39.43 -- Performing Test LIBCXXABI_SUPPORTS_WUNDEF_FLAG
#20 39.67 -- Performing Test LIBCXXABI_SUPPORTS_WUNDEF_FLAG - Success
#20 39.68 -- Performing Test LIBCXXABI_SUPPORTS_WNO_SUGGEST_OVERRIDE_FLAG
#20 39.89 -- Performing Test LIBCXXABI_SUPPORTS_WNO_SUGGEST_OVERRIDE_FLAG - Success
#20 39.89 -- Performing Test LIBCXXABI_SUPPORTS_WNO_ERROR_FLAG
#20 40.11 -- Performing Test LIBCXXABI_SUPPORTS_WNO_ERROR_FLAG - Success
#20 40.12 -- Performing Test LIBCXXABI_SUPPORTS_WX_FLAG
#20 40.34 -- Performing Test LIBCXXABI_SUPPORTS_WX_FLAG - Failed
#20 40.34 -- Performing Test LIBCXXABI_SUPPORTS_PEDANTIC_FLAG
#20 40.54 -- Performing Test LIBCXXABI_SUPPORTS_PEDANTIC_FLAG - Success
#20 40.55 -- Performing Test LIBCXXABI_SUPPORTS_FSTRICT_ALIASING_FLAG
#20 40.72 -- Performing Test LIBCXXABI_SUPPORTS_FSTRICT_ALIASING_FLAG - Success
#20 40.72 -- Performing Test LIBCXXABI_SUPPORTS_EHSC_FLAG
#20 40.81 -- Performing Test LIBCXXABI_SUPPORTS_EHSC_FLAG - Failed
#20 40.82 -- Performing Test LIBCXXABI_SUPPORTS_FUNWIND_TABLES_FLAG
#20 40.98 -- Performing Test LIBCXXABI_SUPPORTS_FUNWIND_TABLES_FLAG - Success
#20 41.00 -- Could not find ParallelSTL, libc++abi will not attempt to use it but the build may fail if the libc++ in use needs it to be available.
#20 41.06 -- Performing Test LIBCXX_SUPPORTS_TARGET_EQ_X86_64_UNKNOWN_LINUX_GNU_FLAG
#20 41.56 -- Performing Test LIBCXX_SUPPORTS_TARGET_EQ_X86_64_UNKNOWN_LINUX_GNU_FLAG - Success
#20 41.58 -- Performing Test LIBCXX_SUPPORTS_UNWINDLIB_NONE_FLAG
#20 42.08 -- Performing Test LIBCXX_SUPPORTS_UNWINDLIB_NONE_FLAG - Failed
#20 42.08 -- Looking for fopen in c
#20 42.69 -- Looking for fopen in c - found
#20 42.69 -- Looking for __gcc_personality_v0 in gcc_s
#20 43.24 -- Looking for __gcc_personality_v0 in gcc_s - found
#20 43.24 -- Performing Test LIBCXX_SUPPORTS_NOSTDLIBXX_FLAG
#20 43.78 -- Performing Test LIBCXX_SUPPORTS_NOSTDLIBXX_FLAG - Success
#20 43.78 -- Performing Test LIBCXX_HAS_COMMENT_LIB_PRAGMA
#20 43.98 -- Performing Test LIBCXX_HAS_COMMENT_LIB_PRAGMA - Success
#20 43.98 -- Looking for pthread_create in pthread
#20 44.19 -- Looking for pthread_create in pthread - found
#20 44.19 -- Looking for ccos in m
#20 44.38 -- Looking for ccos in m - found
#20 44.38 -- Looking for clock_gettime in rt
#20 44.59 -- Looking for clock_gettime in rt - found
#20 44.59 -- Looking for __atomic_fetch_add_8 in atomic
#20 44.76 -- Looking for __atomic_fetch_add_8 in atomic - found
#20 44.77 -- Looking for cxxabi.h in /src/llvm-project/libcxx/../libcxxabi/include
#20 44.77 -- Looking for cxxabi.h in /src/llvm-project/libcxx/../libcxxabi/include - found
#20 44.78 -- Looking for __cxxabi_config.h in /src/llvm-project/libcxx/../libcxxabi/include
#20 44.78 -- Looking for __cxxabi_config.h in /src/llvm-project/libcxx/../libcxxabi/include - found
#20 44.79 -- Performing Test LIBCXX_SUPPORTS_FNO_OMIT_FRAME_POINTER_FLAG
#20 44.97 -- Performing Test LIBCXX_SUPPORTS_FNO_OMIT_FRAME_POINTER_FLAG - Success
#20 44.97 -- Performing Test LIBCXX_SUPPORTS_GLINE_TABLES_ONLY_FLAG
#20 45.15 -- Performing Test LIBCXX_SUPPORTS_GLINE_TABLES_ONLY_FLAG - Success
#20 45.27 -- Performing Test LIBCXX_SUPPORTS_FALIGNED_ALLOCATION_FLAG
#20 45.50 -- Performing Test LIBCXX_SUPPORTS_FALIGNED_ALLOCATION_FLAG - Success
#20 45.50 -- Performing Test LIBCXX_SUPPORTS_NOSTDINCXX_FLAG
#20 45.72 -- Performing Test LIBCXX_SUPPORTS_NOSTDINCXX_FLAG - Success
#20 45.72 -- Performing Test LIBCXX_SUPPORTS_FVISIBILITY_INLINES_HIDDEN_FLAG
#20 45.95 -- Performing Test LIBCXX_SUPPORTS_FVISIBILITY_INLINES_HIDDEN_FLAG - Success
#20 45.95 -- Performing Test LIBCXX_SUPPORTS_FVISIBILITY_EQ_HIDDEN_FLAG
#20 46.18 -- Performing Test LIBCXX_SUPPORTS_FVISIBILITY_EQ_HIDDEN_FLAG - Success
#20 46.19 -- Performing Test LIBCXX_SUPPORTS_WALL_FLAG
#20 46.37 -- Performing Test LIBCXX_SUPPORTS_WALL_FLAG - Success
#20 46.37 -- Performing Test LIBCXX_SUPPORTS_WEXTRA_FLAG
#20 46.55 -- Performing Test LIBCXX_SUPPORTS_WEXTRA_FLAG - Success
#20 46.55 -- Performing Test LIBCXX_SUPPORTS_W_FLAG
#20 46.73 -- Performing Test LIBCXX_SUPPORTS_W_FLAG - Success
#20 46.73 -- Performing Test LIBCXX_SUPPORTS_WWRITE_STRINGS_FLAG
#20 46.93 -- Performing Test LIBCXX_SUPPORTS_WWRITE_STRINGS_FLAG - Success
#20 46.94 -- Performing Test LIBCXX_SUPPORTS_WNO_UNUSED_PARAMETER_FLAG
#20 47.13 -- Performing Test LIBCXX_SUPPORTS_WNO_UNUSED_PARAMETER_FLAG - Success
#20 47.14 -- Performing Test LIBCXX_SUPPORTS_WNO_LONG_LONG_FLAG
#20 47.37 -- Performing Test LIBCXX_SUPPORTS_WNO_LONG_LONG_FLAG - Success
#20 47.38 -- Performing Test LIBCXX_SUPPORTS_WERROR_EQ_RETURN_TYPE_FLAG
#20 47.61 -- Performing Test LIBCXX_SUPPORTS_WERROR_EQ_RETURN_TYPE_FLAG - Success
#20 47.61 -- Performing Test LIBCXX_SUPPORTS_WEXTRA_SEMI_FLAG
#20 47.86 -- Performing Test LIBCXX_SUPPORTS_WEXTRA_SEMI_FLAG - Success
#20 47.86 -- Performing Test LIBCXX_SUPPORTS_WUNDEF_FLAG
#20 48.08 -- Performing Test LIBCXX_SUPPORTS_WUNDEF_FLAG - Success
#20 48.08 -- Performing Test LIBCXX_SUPPORTS_WFORMAT_NONLITERAL_FLAG
#20 48.30 -- Performing Test LIBCXX_SUPPORTS_WFORMAT_NONLITERAL_FLAG - Success
#20 48.30 -- Performing Test LIBCXX_SUPPORTS_WNO_USER_DEFINED_LITERALS_FLAG
#20 48.52 -- Performing Test LIBCXX_SUPPORTS_WNO_USER_DEFINED_LITERALS_FLAG - Success
#20 48.53 -- Performing Test LIBCXX_SUPPORTS_WNO_COVERED_SWITCH_DEFAULT_FLAG
#20 48.75 -- Performing Test LIBCXX_SUPPORTS_WNO_COVERED_SWITCH_DEFAULT_FLAG - Success
#20 48.76 -- Performing Test LIBCXX_SUPPORTS_WNO_SUGGEST_OVERRIDE_FLAG
#20 49.00 -- Performing Test LIBCXX_SUPPORTS_WNO_SUGGEST_OVERRIDE_FLAG - Success
#20 49.00 -- Performing Test LIBCXX_SUPPORTS_WNO_ERROR_FLAG
#20 49.21 -- Performing Test LIBCXX_SUPPORTS_WNO_ERROR_FLAG - Success
#20 49.22 -- Performing Test LIBCXX_SUPPORTS_EHSC_FLAG
#20 49.29 -- Performing Test LIBCXX_SUPPORTS_EHSC_FLAG - Failed
#20 49.41 -- Adding Benchmark: algorithms.bench.cpp
#20 49.41 -- Adding Benchmark: algorithms.partition_point.bench.cpp
#20 49.41 -- Adding Benchmark: allocation.bench.cpp
#20 49.42 -- Adding Benchmark: deque.bench.cpp
#20 49.42 -- Adding Benchmark: filesystem.bench.cpp
#20 49.42 -- Adding Benchmark: format.bench.cpp
#20 49.43 -- Adding Benchmark: format_to.bench.cpp
#20 49.43 -- Adding Benchmark: format_to_n.bench.cpp
#20 49.43 -- Adding Benchmark: formatted_size.bench.cpp
#20 49.43 -- Adding Benchmark: formatter_float.bench.cpp
#20 49.44 -- Adding Benchmark: function.bench.cpp
#20 49.44 -- Adding Benchmark: map.bench.cpp
#20 49.44 -- Adding Benchmark: ordered_set.bench.cpp
#20 49.44 -- Adding Benchmark: std_format_spec_string_unicode.bench.cpp
#20 49.45 -- Adding Benchmark: string.bench.cpp
#20 49.45 -- Adding Benchmark: stringstream.bench.cpp
#20 49.45 -- Adding Benchmark: to_chars.bench.cpp
#20 49.45 -- Adding Benchmark: unordered_set_operations.bench.cpp
#20 49.46 -- Adding Benchmark: util_smartptr.bench.cpp
#20 49.46 -- Adding Benchmark: variant_visit_1.bench.cpp
#20 49.46 -- Adding Benchmark: variant_visit_2.bench.cpp
#20 49.46 -- Adding Benchmark: variant_visit_3.bench.cpp
#20 49.47 -- Adding Benchmark: vector_operations.bench.cpp
#20 49.56 -- Looking for unwind.h
#20 50.17 -- Looking for unwind.h - found
#20 50.17 -- Looking for rpc/xdr.h
#20 50.86 -- Looking for rpc/xdr.h - found
#20 50.89 -- Looking for fopen in c
#20 51.49 -- Looking for fopen in c - found
#20 51.49 -- Looking for __gcc_personality_v0 in gcc_s
#20 52.09 -- Looking for __gcc_personality_v0 in gcc_s - found
#20 52.09 -- Performing Test COMPILER_RT_HAS_NODEFAULTLIBS_FLAG
#20 52.60 -- Performing Test COMPILER_RT_HAS_NODEFAULTLIBS_FLAG - Success
#20 52.61 -- Performing Test COMPILER_RT_HAS_FFREESTANDING_FLAG
#20 53.08 -- Performing Test COMPILER_RT_HAS_FFREESTANDING_FLAG - Failed
#20 53.08 -- Performing Test COMPILER_RT_HAS_OMIT_FRAME_POINTER_FLAG
#20 53.54 -- Performing Test COMPILER_RT_HAS_OMIT_FRAME_POINTER_FLAG - Failed
#20 53.54 -- Performing Test COMPILER_RT_HAS_STD_C11_FLAG
#20 54.02 -- Performing Test COMPILER_RT_HAS_STD_C11_FLAG - Failed
#20 54.02 -- Performing Test COMPILER_RT_HAS_FCF_PROTECTION_FLAG
#20 54.48 -- Performing Test COMPILER_RT_HAS_FCF_PROTECTION_FLAG - Failed
#20 54.49 -- Performing Test COMPILER_RT_HAS_FPIC_FLAG
#20 54.97 -- Performing Test COMPILER_RT_HAS_FPIC_FLAG - Failed
#20 54.97 -- Performing Test COMPILER_RT_HAS_FPIE_FLAG
#20 55.46 -- Performing Test COMPILER_RT_HAS_FPIE_FLAG - Failed
#20 55.47 -- Performing Test COMPILER_RT_HAS_FNO_BUILTIN_FLAG
#20 55.95 -- Performing Test COMPILER_RT_HAS_FNO_BUILTIN_FLAG - Failed
#20 55.95 -- Performing Test COMPILER_RT_HAS_FNO_EXCEPTIONS_FLAG
#20 56.43 -- Performing Test COMPILER_RT_HAS_FNO_EXCEPTIONS_FLAG - Failed
#20 56.43 -- Performing Test COMPILER_RT_HAS_FOMIT_FRAME_POINTER_FLAG
#20 56.95 -- Performing Test COMPILER_RT_HAS_FOMIT_FRAME_POINTER_FLAG - Failed
#20 56.95 -- Performing Test COMPILER_RT_HAS_FUNWIND_TABLES_FLAG
#20 57.46 -- Performing Test COMPILER_RT_HAS_FUNWIND_TABLES_FLAG - Failed
#20 57.46 -- Performing Test COMPILER_RT_HAS_FNO_STACK_PROTECTOR_FLAG
#20 57.95 -- Performing Test COMPILER_RT_HAS_FNO_STACK_PROTECTOR_FLAG - Failed
#20 57.96 -- Performing Test COMPILER_RT_HAS_FNO_SANITIZE_SAFE_STACK_FLAG
#20 58.48 -- Performing Test COMPILER_RT_HAS_FNO_SANITIZE_SAFE_STACK_FLAG - Failed
#20 58.49 -- Performing Test COMPILER_RT_HAS_FVISIBILITY_HIDDEN_FLAG
#20 58.99 -- Performing Test COMPILER_RT_HAS_FVISIBILITY_HIDDEN_FLAG - Failed
#20 59.00 -- Performing Test COMPILER_RT_HAS_FRTTI_FLAG
#20 59.52 -- Performing Test COMPILER_RT_HAS_FRTTI_FLAG - Failed
#20 59.52 -- Performing Test COMPILER_RT_HAS_FNO_RTTI_FLAG
#20 60.00 -- Performing Test COMPILER_RT_HAS_FNO_RTTI_FLAG - Failed
#20 60.01 -- Performing Test COMPILER_RT_HAS_FNO_FUNCTION_SECTIONS_FLAG
#20 60.52 -- Performing Test COMPILER_RT_HAS_FNO_FUNCTION_SECTIONS_FLAG - Failed
#20 60.53 -- Performing Test COMPILER_RT_HAS_STD_CXX14_FLAG
#20 61.02 -- Performing Test COMPILER_RT_HAS_STD_CXX14_FLAG - Failed
#20 61.02 -- Performing Test COMPILER_RT_HAS_FTLS_MODEL_INITIAL_EXEC
#20 61.55 -- Performing Test COMPILER_RT_HAS_FTLS_MODEL_INITIAL_EXEC - Failed
#20 61.55 -- Performing Test COMPILER_RT_HAS_FNO_LTO_FLAG
#20 62.12 -- Performing Test COMPILER_RT_HAS_FNO_LTO_FLAG - Failed
#20 62.12 -- Performing Test COMPILER_RT_HAS_FNO_PROFILE_GENERATE_FLAG
#20 62.65 -- Performing Test COMPILER_RT_HAS_FNO_PROFILE_GENERATE_FLAG - Failed
#20 62.66 -- Performing Test COMPILER_RT_HAS_FNO_PROFILE_INSTR_GENERATE_FLAG
#20 63.18 -- Performing Test COMPILER_RT_HAS_FNO_PROFILE_INSTR_GENERATE_FLAG - Failed
#20 63.18 -- Performing Test COMPILER_RT_HAS_FNO_PROFILE_INSTR_USE_FLAG
#20 63.69 -- Performing Test COMPILER_RT_HAS_FNO_PROFILE_INSTR_USE_FLAG - Failed
#20 63.69 -- Performing Test COMPILER_RT_HAS_FNO_COVERAGE_MAPPING_FLAG
#20 64.17 -- Performing Test COMPILER_RT_HAS_FNO_COVERAGE_MAPPING_FLAG - Failed
#20 64.17 -- Performing Test COMPILER_RT_HAS_MSSE3_FLAG
#20 64.65 -- Performing Test COMPILER_RT_HAS_MSSE3_FLAG - Failed
#20 64.66 -- Performing Test COMPILER_RT_HAS_MSSE4_2_FLAG
#20 65.14 -- Performing Test COMPILER_RT_HAS_MSSE4_2_FLAG - Failed
#20 65.15 -- Performing Test COMPILER_RT_HAS_SYSROOT_FLAG
#20 65.64 -- Performing Test COMPILER_RT_HAS_SYSROOT_FLAG - Failed
#20 65.64 -- Performing Test COMPILER_RT_HAS_MCRC_FLAG
#20 66.12 -- Performing Test COMPILER_RT_HAS_MCRC_FLAG - Failed
#20 66.12 -- Performing Test COMPILER_RT_HAS_FNO_PARTIAL_INLINING_FLAG
#20 66.20 -- Performing Test COMPILER_RT_HAS_FNO_PARTIAL_INLINING_FLAG - Failed
#20 66.21 -- Performing Test COMPILER_RT_HAS_FVISIBILITY_INLINES_HIDDEN_FLAG
#20 66.71 -- Performing Test COMPILER_RT_HAS_FVISIBILITY_INLINES_HIDDEN_FLAG - Failed
#20 66.72 -- Performing Test COMPILER_RT_HAS_GR_FLAG
#20 66.81 -- Performing Test COMPILER_RT_HAS_GR_FLAG - Failed
#20 66.82 -- Performing Test COMPILER_RT_HAS_GS_FLAG
#20 66.91 -- Performing Test COMPILER_RT_HAS_GS_FLAG - Failed
#20 66.92 -- Performing Test COMPILER_RT_HAS_MT_FLAG
#20 67.03 -- Performing Test COMPILER_RT_HAS_MT_FLAG - Failed
#20 67.03 -- Performing Test COMPILER_RT_HAS_Oy_FLAG
#20 67.13 -- Performing Test COMPILER_RT_HAS_Oy_FLAG - Failed
#20 67.14 -- Performing Test COMPILER_RT_HAS_GLINE_TABLES_ONLY_FLAG
#20 67.66 -- Performing Test COMPILER_RT_HAS_GLINE_TABLES_ONLY_FLAG - Failed
#20 67.67 -- Performing Test COMPILER_RT_HAS_G_FLAG
#20 68.21 -- Performing Test COMPILER_RT_HAS_G_FLAG - Failed
#20 68.22 -- Performing Test COMPILER_RT_HAS_Zi_FLAG
#20 68.33 -- Performing Test COMPILER_RT_HAS_Zi_FLAG - Failed
#20 68.33 -- Performing Test COMPILER_RT_HAS_WALL_FLAG
#20 68.85 -- Performing Test COMPILER_RT_HAS_WALL_FLAG - Failed
#20 68.85 -- Performing Test COMPILER_RT_HAS_WERROR_FLAG
#20 69.36 -- Performing Test COMPILER_RT_HAS_WERROR_FLAG - Failed
#20 69.36 -- Performing Test COMPILER_RT_HAS_WFRAME_LARGER_THAN_FLAG
#20 69.87 -- Performing Test COMPILER_RT_HAS_WFRAME_LARGER_THAN_FLAG - Failed
#20 69.87 -- Performing Test COMPILER_RT_HAS_WGLOBAL_CONSTRUCTORS_FLAG
#20 70.37 -- Performing Test COMPILER_RT_HAS_WGLOBAL_CONSTRUCTORS_FLAG - Failed
#20 70.38 -- Performing Test COMPILER_RT_HAS_WC99_EXTENSIONS_FLAG
#20 70.91 -- Performing Test COMPILER_RT_HAS_WC99_EXTENSIONS_FLAG - Failed
#20 70.92 -- Performing Test COMPILER_RT_HAS_WGNU_FLAG
#20 71.40 -- Performing Test COMPILER_RT_HAS_WGNU_FLAG - Failed
#20 71.41 -- Performing Test COMPILER_RT_HAS_WNON_VIRTUAL_DTOR_FLAG
#20 71.93 -- Performing Test COMPILER_RT_HAS_WNON_VIRTUAL_DTOR_FLAG - Failed
#20 71.94 -- Performing Test COMPILER_RT_HAS_WVARIADIC_MACROS_FLAG
#20 72.42 -- Performing Test COMPILER_RT_HAS_WVARIADIC_MACROS_FLAG - Failed
#20 72.42 -- Performing Test COMPILER_RT_HAS_WUNUSED_PARAMETER_FLAG
#20 72.90 -- Performing Test COMPILER_RT_HAS_WUNUSED_PARAMETER_FLAG - Failed
#20 72.90 -- Performing Test COMPILER_RT_HAS_WCOVERED_SWITCH_DEFAULT_FLAG
#20 73.43 -- Performing Test COMPILER_RT_HAS_WCOVERED_SWITCH_DEFAULT_FLAG - Failed
#20 73.43 -- Performing Test COMPILER_RT_HAS_WSUGGEST_OVERRIDE_FLAG
#20 73.94 -- Performing Test COMPILER_RT_HAS_WSUGGEST_OVERRIDE_FLAG - Failed
#20 73.95 -- Performing Test COMPILER_RT_HAS_WNO_PEDANTIC
#20 74.48 -- Performing Test COMPILER_RT_HAS_WNO_PEDANTIC - Failed
#20 74.48 -- Performing Test COMPILER_RT_HAS_WNO_FORMAT
#20 74.97 -- Performing Test COMPILER_RT_HAS_WNO_FORMAT - Failed
#20 74.97 -- Performing Test COMPILER_RT_HAS_WNO_FORMAT_PEDANTIC
#20 75.46 -- Performing Test COMPILER_RT_HAS_WNO_FORMAT_PEDANTIC - Failed
#20 75.46 -- Performing Test COMPILER_RT_HAS_EXTERNAL_FLAG
#20 75.54 -- Performing Test COMPILER_RT_HAS_EXTERNAL_FLAG - Failed
#20 75.55 -- Performing Test COMPILER_RT_HAS_W4_FLAG
#20 75.62 -- Performing Test COMPILER_RT_HAS_W4_FLAG - Failed
#20 75.63 -- Performing Test COMPILER_RT_HAS_WX_FLAG
#20 75.70 -- Performing Test COMPILER_RT_HAS_WX_FLAG - Failed
#20 75.70 -- Performing Test COMPILER_RT_HAS_WD4146_FLAG
#20 75.79 -- Performing Test COMPILER_RT_HAS_WD4146_FLAG - Failed
#20 75.79 -- Performing Test COMPILER_RT_HAS_WD4206_FLAG
#20 75.89 -- Performing Test COMPILER_RT_HAS_WD4206_FLAG - Failed
#20 75.89 -- Performing Test COMPILER_RT_HAS_WD4291_FLAG
#20 75.99 -- Performing Test COMPILER_RT_HAS_WD4291_FLAG - Failed
#20 76.00 -- Performing Test COMPILER_RT_HAS_WD4221_FLAG
#20 76.11 -- Performing Test COMPILER_RT_HAS_WD4221_FLAG - Failed
#20 76.11 -- Performing Test COMPILER_RT_HAS_WD4391_FLAG
#20 76.20 -- Performing Test COMPILER_RT_HAS_WD4391_FLAG - Failed
#20 76.20 -- Performing Test COMPILER_RT_HAS_WD4722_FLAG
#20 76.31 -- Performing Test COMPILER_RT_HAS_WD4722_FLAG - Failed
#20 76.31 -- Performing Test COMPILER_RT_HAS_WD4800_FLAG
#20 76.43 -- Performing Test COMPILER_RT_HAS_WD4800_FLAG - Failed
#20 76.43 -- Looking for __func__
#20 77.04 -- Looking for __func__ - not found
#20 77.05 -- Performing Test COMPILER_RT_HAS_NOSTDINCXX_FLAG
#20 77.54 -- Performing Test COMPILER_RT_HAS_NOSTDINCXX_FLAG - Failed
#20 77.54 -- Performing Test COMPILER_RT_HAS_NOSTDLIBXX_FLAG
#20 78.03 -- Performing Test COMPILER_RT_HAS_NOSTDLIBXX_FLAG - Failed
#20 78.04 -- Looking for include file sys/auxv.h
#20 78.66 -- Looking for include file sys/auxv.h - not found
#20 78.66 -- Looking for dlopen in dl
#20 79.22 -- Looking for dlopen in dl - not found
#20 79.22 -- Looking for shm_open in rt
#20 79.51 -- Looking for shm_open in rt - not found
#20 79.51 -- Looking for pow in m
#20 80.07 -- Looking for pow in m - not found
#20 80.07 -- Looking for pthread_create in pthread
#20 80.65 -- Looking for pthread_create in pthread - found
#20 80.65 -- Looking for backtrace in execinfo
#20 80.89 -- Looking for backtrace in execinfo - not found
#20 80.89 -- Looking for __cxa_throw in c++
#20 81.50 -- Looking for __cxa_throw in c++ - not found
#20 81.50 -- Looking for __cxa_throw in stdc++
#20 82.26 -- Looking for __cxa_throw in stdc++ - not found
#20 82.26 -- Performing Test COMPILER_RT_HAS_Z_TEXT
#20 82.80 -- Performing Test COMPILER_RT_HAS_Z_TEXT - Failed
#20 82.80 -- Performing Test COMPILER_RT_HAS_FUSE_LD_LLD_FLAG
#20 83.33 -- Performing Test COMPILER_RT_HAS_FUSE_LD_LLD_FLAG - Failed
#20 83.34 -- Performing Test COMPILER_RT_HAS_VERSION_SCRIPT
#20 83.87 -- Performing Test COMPILER_RT_HAS_VERSION_SCRIPT - Failed
#20 84.56 -- Looking for __i386__
#20 85.16 -- Looking for __i386__ - not found
#20 85.18 -- Compiler-RT supported architectures: x86_64
#20 85.24 -- Performing Test COMPILER_RT_HAS_VISIBILITY_HIDDEN_FLAG
#20 85.28 -- Performing Test COMPILER_RT_HAS_VISIBILITY_HIDDEN_FLAG - Success
#20 85.28 -- Performing Test COMPILER_RT_HAS_FREESTANDING_FLAG
#20 85.33 -- Performing Test COMPILER_RT_HAS_FREESTANDING_FLAG - Success
#20 85.33 -- Performing Test COMPILER_RT_HAS_XRAY_COMPILER_FLAG
#20 85.37 -- Performing Test COMPILER_RT_HAS_XRAY_COMPILER_FLAG - Success
#20 85.37 -- Performing Test COMPILER_RT_HAS_ATOMIC_KEYWORD
#20 85.42 -- Performing Test COMPILER_RT_HAS_ATOMIC_KEYWORD - Success
#20 85.42 -- Performing Test COMPILER_RT_HAS_FLOAT16
#20 85.45 -- Performing Test COMPILER_RT_HAS_FLOAT16 - Failed
#20 85.45 -- Performing Test COMPILER_RT_HAS_ASM_LSE
#20 85.50 -- Performing Test COMPILER_RT_HAS_ASM_LSE - Failed
#20 85.52 -- Builtin supported architectures: x86_64
#20 85.54 -- For x86_64 builtins preferring i386/fp_mode.c to fp_mode.c
#20 85.54 -- For x86_64 builtins preferring x86_64/floatdidf.c to floatdidf.c
#20 85.54 -- For x86_64 builtins preferring x86_64/floatdisf.c to floatdisf.c
#20 85.54 -- For x86_64 builtins preferring x86_64/floatundidf.S to floatundidf.c
#20 85.54 -- For x86_64 builtins preferring x86_64/floatundisf.S to floatundisf.c
#20 85.54 -- For x86_64 builtins preferring x86_64/floatdixf.c to floatdixf.c
#20 85.54 -- For x86_64 builtins preferring x86_64/floatundixf.S to floatundixf.c
#20 85.71 -- Builtin supported architectures: x86_64
#20 85.74 -- check-shadowcallstack does nothing.
#20 85.91 -- Looking for sys/resource.h
#20 86.54 -- Looking for sys/resource.h - found
#20 86.58 -- Clang version: 15.0.0
#20 86.59 -- Performing Test CXX_SUPPORTS_NO_NESTED_ANON_TYPES_FLAG
#20 87.16 -- Performing Test CXX_SUPPORTS_NO_NESTED_ANON_TYPES_FLAG - Success
#20 87.91 -- Looking for include file sys/inotify.h
#20 88.53 -- Looking for include file sys/inotify.h - found
#20 90.78 -- Not building amdgpu-arch: hsa-runtime64 not found
#20 93.78 -- LLD version: 15.0.0
#20 96.12 -- Registering Bye as a pass plugin (static build: OFF)
#20 101.5 -- Failed to find LLVM FileCheck
#20 103.7 -- git version: v0.0.0 normalized to 0.0.0
#20 103.7 -- Version: 1.6.0
#20 103.7 -- Looking for shm_open in rt
#20 104.3 -- Looking for shm_open in rt - found
#20 104.3 -- Performing Test HAVE_CXX_FLAG_STD_CXX11
#20 104.9 -- Performing Test HAVE_CXX_FLAG_STD_CXX11 - Success
#20 104.9 -- Performing Test HAVE_CXX_FLAG_WALL
#20 105.4 -- Performing Test HAVE_CXX_FLAG_WALL - Success
#20 105.4 -- Performing Test HAVE_CXX_FLAG_WEXTRA
#20 105.9 -- Performing Test HAVE_CXX_FLAG_WEXTRA - Success
#20 106.0 -- Performing Test HAVE_CXX_FLAG_WSHADOW
#20 106.5 -- Performing Test HAVE_CXX_FLAG_WSHADOW - Success
#20 106.5 -- Performing Test HAVE_CXX_FLAG_WSUGGEST_OVERRIDE
#20 107.1 -- Performing Test HAVE_CXX_FLAG_WSUGGEST_OVERRIDE - Success
#20 107.1 -- Performing Test HAVE_CXX_FLAG_PEDANTIC
#20 107.6 -- Performing Test HAVE_CXX_FLAG_PEDANTIC - Success
#20 107.6 -- Performing Test HAVE_CXX_FLAG_PEDANTIC_ERRORS
#20 108.2 -- Performing Test HAVE_CXX_FLAG_PEDANTIC_ERRORS - Success
#20 108.2 -- Performing Test HAVE_CXX_FLAG_WSHORTEN_64_TO_32
#20 108.7 -- Performing Test HAVE_CXX_FLAG_WSHORTEN_64_TO_32 - Success
#20 108.7 -- Performing Test HAVE_CXX_FLAG_FSTRICT_ALIASING
#20 109.3 -- Performing Test HAVE_CXX_FLAG_FSTRICT_ALIASING - Success
#20 109.3 -- Performing Test HAVE_CXX_FLAG_WNO_DEPRECATED_DECLARATIONS
#20 109.8 -- Performing Test HAVE_CXX_FLAG_WNO_DEPRECATED_DECLARATIONS - Success
#20 109.8 -- Performing Test HAVE_CXX_FLAG_FNO_EXCEPTIONS
#20 110.3 -- Performing Test HAVE_CXX_FLAG_FNO_EXCEPTIONS - Success
#20 110.3 -- Performing Test HAVE_CXX_FLAG_WSTRICT_ALIASING
#20 110.9 -- Performing Test HAVE_CXX_FLAG_WSTRICT_ALIASING - Success
#20 110.9 -- Performing Test HAVE_CXX_FLAG_WD654
#20 111.0 -- Performing Test HAVE_CXX_FLAG_WD654 - Failed
#20 111.0 -- Performing Test HAVE_CXX_FLAG_WTHREAD_SAFETY
#20 111.5 -- Performing Test HAVE_CXX_FLAG_WTHREAD_SAFETY - Success
#20 111.5 -- Performing Test HAVE_THREAD_SAFETY_ATTRIBUTES
#20 111.5 -- Performing Test HAVE_THREAD_SAFETY_ATTRIBUTES
#20 113.9 -- Performing Test HAVE_THREAD_SAFETY_ATTRIBUTES -- failed to compile
#20 113.9 -- Performing Test HAVE_CXX_FLAG_COVERAGE
#20 114.5 -- Performing Test HAVE_CXX_FLAG_COVERAGE - Success
#20 114.5 -- Performing Test HAVE_GNU_POSIX_REGEX
#20 114.5 -- Performing Test HAVE_GNU_POSIX_REGEX
#20 115.7 -- Performing Test HAVE_GNU_POSIX_REGEX -- failed to compile
#20 115.7 -- Performing Test HAVE_POSIX_REGEX
#20 115.7 -- Performing Test HAVE_POSIX_REGEX
#20 118.0 -- Performing Test HAVE_POSIX_REGEX -- success
#20 118.0 -- Performing Test HAVE_STEADY_CLOCK
#20 118.0 -- Performing Test HAVE_STEADY_CLOCK
#20 118.9 -- Performing Test HAVE_STEADY_CLOCK -- success
#20 119.2 -- Configuring done
#20 120.0 CMake Error at /src/llvm-project/compiler-rt/lib/gwp_asan/tests/CMakeLists.txt:57 (add_library):
#20 120.0   Error evaluating generator expression:
#20 120.0 
#20 120.0     $<TARGET_OBJECTS:RTSanitizerCommon.x86_64>
#20 120.0 
#20 120.0   Objects of target "RTSanitizerCommon.x86_64" referenced but no such target
#20 120.0   exists.
#20 120.0 
#20 120.0 
#20 120.5 CMake Error at /src/llvm-project/compiler-rt/lib/gwp_asan/tests/CMakeLists.txt:57 (add_library):
#20 120.5   Error evaluating generator expression:
#20 120.5 
#20 120.5     $<TARGET_OBJECTS:RTSanitizerCommon.x86_64>
#20 120.5 
#20 120.5   Objects of target "RTSanitizerCommon.x86_64" referenced but no such target
#20 120.5   exists.
#20 120.5 
#20 120.5 
#20 121.0 CMake Error at /src/llvm-project/compiler-rt/lib/gwp_asan/tests/CMakeLists.txt:57 (add_library):
#20 121.0   Error evaluating generator expression:
#20 121.0 
#20 121.0     $<TARGET_OBJECTS:RTSanitizerCommon.x86_64>
#20 121.0 
#20 121.0   Objects of target "RTSanitizerCommon.x86_64" referenced but no such target
#20 121.0   exists.
#20 121.0 
#20 121.0 
#20 121.6 CMake Error at /src/llvm-project/compiler-rt/lib/gwp_asan/tests/CMakeLists.txt:57 (add_library):
#20 121.6   No SOURCES given to target: RTGwpAsanTest.x86_64
#20 121.6 
#20 121.6 
#20 121.6 CMake Generate step failed.  Build files cannot be regenerated correctly.
#20 122.0 Traceback (most recent call last):
#20 122.0   File "<string>", line 1, in <module>
#20 122.0   File "/src/fuzzers/afl/fuzzer.py", line 40, in build
#20 122.0     utils.build_benchmark()
#20 122.0   File "/src/fuzzers/utils.py", line 82, in build_benchmark
#20 122.0     subprocess.check_call(['/bin/bash', '-ex', build_script], env=env)
#20 122.0   File "/usr/local/lib/python3.8/subprocess.py", line 364, in check_call
#20 122.0     raise CalledProcessError(retcode, cmd)
#20 122.0 subprocess.CalledProcessError: Command '['/bin/bash', '-ex', '/src/build.sh']' returned non-zero exit status 1.
------
 > importing cache manifest from gcr.io/fuzzbench/builders/afl/llvm_llvm:
------
executor failed running [/bin/sh -c echo "Run fuzzer_build to build the target" && if [ -z "$debug_builder" ] ; then fuzzer_build; fi]: exit code: 1
#20 ERROR: executor failed running [/bin/sh -c echo "Run fuzzer_build to build the target" && if [ -z "$debug_builder" ] ; then fuzzer_build; fi]: exit code: 1
------
 > importing cache manifest from gcr.io/fuzzbench/builders/afl/llvm_llvm:
------
------
 > [stage-1 13/13] RUN echo "Run fuzzer_build to build the target" && if [ -z "$debug_builder" ] ; then fuzzer_build; fi:
------
executor failed running [/bin/sh -c echo "Run fuzzer_build to build the target" && if [ -z "$debug_builder" ] ; then fuzzer_build; fi]: exit code: 1
make: *** [docker/generated.mk:2828280: .afl-llvm_llvm-builder] Error 1
make: *** [docker/generated.mk:2828280: .afl-llvm_llvm-builder] Error 1
