WARNING:root:gcloud not found in PATH.
INFO:root:Successfully integrated benchmark: boringssl_fuzz_certs.
INFO:root:Please run "make test-run-afl-boringssl_fuzz_certs" to test integration.
#1 [internal] load build definition from Dockerfile
#1 sha256:af6c398450aabc36232dce78241f2c1e25360c3c9bff0e2a7a4565307bb008d9
#1 transferring dockerfile: 1.35kB done
#1 DONE 0.1s

#2 [internal] load .dockerignore
#2 sha256:754112bba1fdca8e8bdd024c995bf0d2ade006daa70b338e3586f85133de9fd8
#2 transferring context:
#2 transferring context: 2B done
#2 DONE 0.1s

#3 [internal] load metadata for gcr.io/oss-fuzz-base/base-builder:latest
#3 sha256:f10dc39cc9d418a5bc416dead31a1902b6821fdae909cd3b08f7a3fd1faba7b5
#3 DONE 0.4s

#11 [internal] load build context
#11 sha256:88559adcd620daec5e6d6b3a40c1811d7bcfb37c6732f911aa0c67bea2becce2
#11 DONE 0.0s

#5 [1/7] FROM gcr.io/oss-fuzz-base/base-builder@sha256:7f76292abe20e3a09554cd7e52e4ba7f174e2726aa0615496ca232017535a443
#5 sha256:b785341069aff1aa420741f46c0341befe7652e19f60afc8069313b0e11f206e
#5 DONE 0.0s

#4 importing cache manifest from gcr.io/fuzzbench/builders/benchmark/boringssl_fuzz_certs
#4 sha256:ca14a045d2c84e6266a5b8575b5d3e4c0f82171218271754b06985fddde39eeb
#4 ERROR: gcr.io/fuzzbench/builders/benchmark/boringssl_fuzz_certs:latest: not found

#5 [1/7] FROM gcr.io/oss-fuzz-base/base-builder@sha256:7f76292abe20e3a09554cd7e52e4ba7f174e2726aa0615496ca232017535a443
#5 sha256:b785341069aff1aa420741f46c0341befe7652e19f60afc8069313b0e11f206e
#5 CACHED

#11 [internal] load build context
#11 sha256:88559adcd620daec5e6d6b3a40c1811d7bcfb37c6732f911aa0c67bea2becce2
#11 transferring context: 7.44kB done
#11 DONE 0.0s

#6 [2/7] RUN apt-get update && apt-get install -y wget     golang binutils cmake ninja-build liblzma-dev libz-dev     pkg-config autoconf libtool
#6 sha256:cb842321c81fad95ae7a0dfa3ece063a57726e2542f60bac5304442397f072c1
#6 1.265 Hit:1 http://ppa.launchpad.net/git-core/ppa/ubuntu focal InRelease
#6 1.386 Get:2 http://security.ubuntu.com/ubuntu focal-security InRelease [114 kB]
#6 1.413 Hit:3 http://archive.ubuntu.com/ubuntu focal InRelease
#6 1.510 Get:4 http://archive.ubuntu.com/ubuntu focal-updates InRelease [114 kB]
#6 1.905 Get:5 http://archive.ubuntu.com/ubuntu focal-backports InRelease [108 kB]
#6 2.797 Get:6 http://security.ubuntu.com/ubuntu focal-security/restricted i386 Packages [26.7 kB]
#6 2.937 Get:7 http://security.ubuntu.com/ubuntu focal-security/universe amd64 Packages [870 kB]
#6 3.230 Get:8 http://security.ubuntu.com/ubuntu focal-security/universe i386 Packages [679 kB]
#6 3.308 Get:9 http://security.ubuntu.com/ubuntu focal-security/main amd64 Packages [1771 kB]
#6 3.399 Get:10 http://archive.ubuntu.com/ubuntu focal-updates/restricted i386 Packages [29.5 kB]
#6 3.441 Get:11 http://security.ubuntu.com/ubuntu focal-security/main i386 Packages [526 kB]
#6 3.483 Get:12 http://security.ubuntu.com/ubuntu focal-security/restricted amd64 Packages [1139 kB]
#6 3.562 Get:13 http://archive.ubuntu.com/ubuntu focal-updates/main i386 Packages [791 kB]
#6 3.819 Get:14 http://archive.ubuntu.com/ubuntu focal-updates/universe i386 Packages [839 kB]
#6 3.915 Get:15 http://archive.ubuntu.com/ubuntu focal-updates/restricted amd64 Packages [1214 kB]
#6 4.012 Get:16 http://archive.ubuntu.com/ubuntu focal-updates/main amd64 Packages [2185 kB]
#6 4.175 Get:17 http://archive.ubuntu.com/ubuntu focal-updates/universe amd64 Packages [1153 kB]
#6 4.260 Get:18 http://archive.ubuntu.com/ubuntu focal-backports/universe amd64 Packages [26.0 kB]
#6 4.262 Get:19 http://archive.ubuntu.com/ubuntu focal-backports/universe i386 Packages [14.4 kB]
#6 5.167 Fetched 11.6 MB in 4s (2999 kB/s)
#6 5.167 Reading package lists...
#6 8.610 Reading package lists...
#6 11.86 Building dependency tree...
#6 12.30 Reading state information...
#6 12.87 binutils is already the newest version (2.34-6ubuntu1.3).
#6 12.87 wget is already the newest version (1.20.3-1ubuntu2).
#6 12.87 The following additional packages will be installed:
#6 12.87   automake autotools-dev cmake-data golang-1.13 golang-1.13-doc golang-1.13-go
#6 12.87   golang-1.13-race-detector-runtime golang-1.13-src golang-doc golang-go
#6 12.87   golang-race-detector-runtime golang-src libarchive13 libjsoncpp1 libltdl-dev
#6 12.87   libltdl7 librhash0 libsigsegv2 libuv1 m4
#6 12.88 Suggested packages:
#6 12.88   autoconf-archive gnu-standards autoconf-doc gettext cmake-doc bzr | brz
#6 12.88   mercurial lrzip libtool-doc liblzma-doc gfortran | fortran95-compiler
#6 12.88   gcj-jdk m4-doc
#6 13.05 The following NEW packages will be installed:
#6 13.05   autoconf automake autotools-dev cmake cmake-data golang golang-1.13
#6 13.05   golang-1.13-doc golang-1.13-go golang-1.13-race-detector-runtime
#6 13.05   golang-1.13-src golang-doc golang-go golang-race-detector-runtime golang-src
#6 13.05   libarchive13 libjsoncpp1 libltdl-dev libltdl7 liblzma-dev librhash0
#6 13.05   libsigsegv2 libtool libuv1 m4 ninja-build pkg-config zlib1g-dev
#6 13.30 0 upgraded, 28 newly installed, 0 to remove and 2 not upgraded.
#6 13.30 Need to get 71.3 MB of archives.
#6 13.30 After this operation, 367 MB of additional disk space will be used.
#6 13.30 Get:1 http://archive.ubuntu.com/ubuntu focal-updates/main amd64 libuv1 amd64 1.34.2-1ubuntu1.3 [80.8 kB]
#6 13.64 Get:2 http://archive.ubuntu.com/ubuntu focal/main amd64 libsigsegv2 amd64 2.12-2 [13.9 kB]
#6 13.65 Get:3 http://archive.ubuntu.com/ubuntu focal/main amd64 m4 amd64 1.4.18-4 [199 kB]
#6 13.82 Get:4 http://archive.ubuntu.com/ubuntu focal/main amd64 autoconf all 2.69-11.1 [321 kB]
#6 13.93 Get:5 http://archive.ubuntu.com/ubuntu focal/main amd64 autotools-dev all 20180224.1 [39.6 kB]
#6 13.94 Get:6 http://archive.ubuntu.com/ubuntu focal/main amd64 automake all 1:1.16.1-4ubuntu6 [522 kB]
#6 14.02 Get:7 http://archive.ubuntu.com/ubuntu focal/main amd64 cmake-data all 3.16.3-1ubuntu1 [1612 kB]
#6 14.16 Get:8 http://archive.ubuntu.com/ubuntu focal-updates/main amd64 libarchive13 amd64 3.4.0-2ubuntu1.2 [327 kB]
#6 14.18 Get:9 http://archive.ubuntu.com/ubuntu focal/main amd64 libjsoncpp1 amd64 1.7.4-3.1ubuntu2 [75.6 kB]
#6 14.19 Get:10 http://archive.ubuntu.com/ubuntu focal/main amd64 librhash0 amd64 1.3.9-1 [113 kB]
#6 14.19 Get:11 http://archive.ubuntu.com/ubuntu focal/main amd64 cmake amd64 3.16.3-1ubuntu1 [3669 kB]
#6 14.47 Get:12 http://archive.ubuntu.com/ubuntu focal/main amd64 golang-1.13-src amd64 1.13.8-1ubuntu1 [12.6 MB]
#6 15.45 Get:13 http://archive.ubuntu.com/ubuntu focal/main amd64 golang-1.13-go amd64 1.13.8-1ubuntu1 [47.6 MB]
#6 19.25 Get:14 http://archive.ubuntu.com/ubuntu focal/main amd64 golang-1.13-doc all 1.13.8-1ubuntu1 [2525 kB]
#6 19.34 Get:15 http://archive.ubuntu.com/ubuntu focal/main amd64 golang-1.13 all 1.13.8-1ubuntu1 [11.2 kB]
#6 19.35 Get:16 http://archive.ubuntu.com/ubuntu focal/main amd64 golang-src amd64 2:1.13~1ubuntu2 [4044 B]
#6 19.36 Get:17 http://archive.ubuntu.com/ubuntu focal/main amd64 golang-go amd64 2:1.13~1ubuntu2 [22.0 kB]
#6 19.36 Get:18 http://archive.ubuntu.com/ubuntu focal/main amd64 golang-doc all 2:1.13~1ubuntu2 [2948 B]
#6 19.37 Get:19 http://archive.ubuntu.com/ubuntu focal/main amd64 golang amd64 2:1.13~1ubuntu2 [2900 B]
#6 19.38 Get:20 http://archive.ubuntu.com/ubuntu focal/main amd64 golang-1.13-race-detector-runtime amd64 0.0+svn332029-0ubuntu2 [713 kB]
#6 19.40 Get:21 http://archive.ubuntu.com/ubuntu focal/main amd64 libltdl7 amd64 2.4.6-14 [38.5 kB]
#6 19.44 Get:22 http://archive.ubuntu.com/ubuntu focal/main amd64 libltdl-dev amd64 2.4.6-14 [162 kB]
#6 19.46 Get:23 http://archive.ubuntu.com/ubuntu focal/main amd64 libtool all 2.4.6-14 [161 kB]
#6 19.47 Get:24 http://archive.ubuntu.com/ubuntu focal/universe amd64 ninja-build amd64 1.10.0-1build1 [107 kB]
#6 19.56 Get:25 http://archive.ubuntu.com/ubuntu focal/main amd64 pkg-config amd64 0.29.1-0ubuntu4 [45.5 kB]
#6 19.59 Get:26 http://archive.ubuntu.com/ubuntu focal-updates/main amd64 zlib1g-dev amd64 1:1.2.11.dfsg-2ubuntu1.3 [155 kB]
#6 19.60 Get:27 http://archive.ubuntu.com/ubuntu focal/main amd64 golang-race-detector-runtime amd64 2:1.13~1ubuntu2 [3836 B]
#6 19.62 Get:28 http://archive.ubuntu.com/ubuntu focal-updates/main amd64 liblzma-dev amd64 5.2.4-1ubuntu1.1 [147 kB]
#6 20.19 debconf: delaying package configuration, since apt-utils is not installed
#6 20.30 Fetched 71.3 MB in 7s (10.9 MB/s)
#6 20.41 Selecting previously unselected package libuv1:amd64.
#6 20.41 (Reading database ... (Reading database ... 5%(Reading database ... 10%(Reading database ... 15%(Reading database ... 20%(Reading database ... 25%(Reading database ... 30%(Reading database ... 35%(Reading database ... 40%(Reading database ... 45%(Reading database ... 50%(Reading database ... 55%(Reading database ... 60%(Reading database ... 65%(Reading database ... 70%(Reading database ... 75%(Reading database ... 80%(Reading database ... 85%(Reading database ... 90%(Reading database ... 95%(Reading database ... 100%(Reading database ... 21308 files and directories currently installed.)
#6 20.45 Preparing to unpack .../00-libuv1_1.34.2-1ubuntu1.3_amd64.deb ...
#6 20.48 Unpacking libuv1:amd64 (1.34.2-1ubuntu1.3) ...
#6 20.65 Selecting previously unselected package libsigsegv2:amd64.
#6 20.65 Preparing to unpack .../01-libsigsegv2_2.12-2_amd64.deb ...
#6 20.68 Unpacking libsigsegv2:amd64 (2.12-2) ...
#6 20.80 Selecting previously unselected package m4.
#6 20.81 Preparing to unpack .../02-m4_1.4.18-4_amd64.deb ...
#6 20.83 Unpacking m4 (1.4.18-4) ...
#6 20.97 Selecting previously unselected package autoconf.
#6 20.97 Preparing to unpack .../03-autoconf_2.69-11.1_all.deb ...
#6 20.98 Unpacking autoconf (2.69-11.1) ...
#6 21.20 Selecting previously unselected package autotools-dev.
#6 21.20 Preparing to unpack .../04-autotools-dev_20180224.1_all.deb ...
#6 21.21 Unpacking autotools-dev (20180224.1) ...
#6 21.34 Selecting previously unselected package automake.
#6 21.35 Preparing to unpack .../05-automake_1%3a1.16.1-4ubuntu6_all.deb ...
#6 21.36 Unpacking automake (1:1.16.1-4ubuntu6) ...
#6 21.62 Selecting previously unselected package cmake-data.
#6 21.63 Preparing to unpack .../06-cmake-data_3.16.3-1ubuntu1_all.deb ...
#6 21.65 Unpacking cmake-data (3.16.3-1ubuntu1) ...
#6 23.09 Selecting previously unselected package libarchive13:amd64.
#6 23.09 Preparing to unpack .../07-libarchive13_3.4.0-2ubuntu1.2_amd64.deb ...
#6 23.10 Unpacking libarchive13:amd64 (3.4.0-2ubuntu1.2) ...
#6 23.26 Selecting previously unselected package libjsoncpp1:amd64.
#6 23.27 Preparing to unpack .../08-libjsoncpp1_1.7.4-3.1ubuntu2_amd64.deb ...
#6 23.28 Unpacking libjsoncpp1:amd64 (1.7.4-3.1ubuntu2) ...
#6 23.37 Selecting previously unselected package librhash0:amd64.
#6 23.37 Preparing to unpack .../09-librhash0_1.3.9-1_amd64.deb ...
#6 23.38 Unpacking librhash0:amd64 (1.3.9-1) ...
#6 23.46 Selecting previously unselected package cmake.
#6 23.48 Preparing to unpack .../10-cmake_3.16.3-1ubuntu1_amd64.deb ...
#6 23.48 Unpacking cmake (3.16.3-1ubuntu1) ...
#6 24.43 Selecting previously unselected package golang-1.13-src.
#6 24.43 Preparing to unpack .../11-golang-1.13-src_1.13.8-1ubuntu1_amd64.deb ...
#6 24.44 Unpacking golang-1.13-src (1.13.8-1ubuntu1) ...
#6 30.11 Selecting previously unselected package golang-1.13-go.
#6 30.12 Preparing to unpack .../12-golang-1.13-go_1.13.8-1ubuntu1_amd64.deb ...
#6 30.13 Unpacking golang-1.13-go (1.13.8-1ubuntu1) ...
#6 39.07 Selecting previously unselected package golang-1.13-doc.
#6 39.07 Preparing to unpack .../13-golang-1.13-doc_1.13.8-1ubuntu1_all.deb ...
#6 39.08 Unpacking golang-1.13-doc (1.13.8-1ubuntu1) ...
#6 39.56 Selecting previously unselected package golang-1.13.
#6 39.57 Preparing to unpack .../14-golang-1.13_1.13.8-1ubuntu1_all.deb ...
#6 39.58 Unpacking golang-1.13 (1.13.8-1ubuntu1) ...
#6 39.66 Selecting previously unselected package golang-src.
#6 39.67 Preparing to unpack .../15-golang-src_2%3a1.13~1ubuntu2_amd64.deb ...
#6 39.68 Unpacking golang-src (2:1.13~1ubuntu2) ...
#6 39.79 Selecting previously unselected package golang-go.
#6 39.79 Preparing to unpack .../16-golang-go_2%3a1.13~1ubuntu2_amd64.deb ...
#6 39.82 Unpacking golang-go (2:1.13~1ubuntu2) ...
#6 39.93 Selecting previously unselected package golang-doc.
#6 39.94 Preparing to unpack .../17-golang-doc_2%3a1.13~1ubuntu2_all.deb ...
#6 39.95 Unpacking golang-doc (2:1.13~1ubuntu2) ...
#6 40.03 Selecting previously unselected package golang.
#6 40.04 Preparing to unpack .../18-golang_2%3a1.13~1ubuntu2_amd64.deb ...
#6 40.05 Unpacking golang (2:1.13~1ubuntu2) ...
#6 40.14 Selecting previously unselected package golang-1.13-race-detector-runtime.
#6 40.15 Preparing to unpack .../19-golang-1.13-race-detector-runtime_0.0+svn332029-0ubuntu2_amd64.deb ...
#6 40.16 Unpacking golang-1.13-race-detector-runtime (0.0+svn332029-0ubuntu2) ...
#6 40.52 Selecting previously unselected package libltdl7:amd64.
#6 40.52 Preparing to unpack .../20-libltdl7_2.4.6-14_amd64.deb ...
#6 40.53 Unpacking libltdl7:amd64 (2.4.6-14) ...
#6 40.60 Selecting previously unselected package libltdl-dev:amd64.
#6 40.61 Preparing to unpack .../21-libltdl-dev_2.4.6-14_amd64.deb ...
#6 40.61 Unpacking libltdl-dev:amd64 (2.4.6-14) ...
#6 40.75 Selecting previously unselected package libtool.
#6 40.75 Preparing to unpack .../22-libtool_2.4.6-14_all.deb ...
#6 40.76 Unpacking libtool (2.4.6-14) ...
#6 40.87 Selecting previously unselected package ninja-build.
#6 40.88 Preparing to unpack .../23-ninja-build_1.10.0-1build1_amd64.deb ...
#6 40.89 Unpacking ninja-build (1.10.0-1build1) ...
#6 41.01 Selecting previously unselected package pkg-config.
#6 41.01 Preparing to unpack .../24-pkg-config_0.29.1-0ubuntu4_amd64.deb ...
#6 41.02 Unpacking pkg-config (0.29.1-0ubuntu4) ...
#6 41.10 Selecting previously unselected package zlib1g-dev:amd64.
#6 41.11 Preparing to unpack .../25-zlib1g-dev_1%3a1.2.11.dfsg-2ubuntu1.3_amd64.deb ...
#6 41.12 Unpacking zlib1g-dev:amd64 (1:1.2.11.dfsg-2ubuntu1.3) ...
#6 41.21 Selecting previously unselected package golang-race-detector-runtime.
#6 41.22 Preparing to unpack .../26-golang-race-detector-runtime_2%3a1.13~1ubuntu2_amd64.deb ...
#6 41.22 Unpacking golang-race-detector-runtime (2:1.13~1ubuntu2) ...
#6 41.29 Selecting previously unselected package liblzma-dev:amd64.
#6 41.30 Preparing to unpack .../27-liblzma-dev_5.2.4-1ubuntu1.1_amd64.deb ...
#6 41.30 Unpacking liblzma-dev:amd64 (5.2.4-1ubuntu1.1) ...
#6 41.45 Setting up golang-1.13-src (1.13.8-1ubuntu1) ...
#6 41.46 Setting up golang-1.13-race-detector-runtime (0.0+svn332029-0ubuntu2) ...
#6 41.48 Setting up libarchive13:amd64 (3.4.0-2ubuntu1.2) ...
#6 41.50 Setting up ninja-build (1.10.0-1build1) ...
#6 41.51 Setting up autotools-dev (20180224.1) ...
#6 41.53 Setting up libuv1:amd64 (1.34.2-1ubuntu1.3) ...
#6 41.54 Setting up libsigsegv2:amd64 (2.12-2) ...
#6 41.56 Setting up pkg-config (0.29.1-0ubuntu4) ...
#6 41.69 Setting up golang-1.13-go (1.13.8-1ubuntu1) ...
#6 44.57 Setting up libltdl7:amd64 (2.4.6-14) ...
#6 44.58 Setting up liblzma-dev:amd64 (5.2.4-1ubuntu1.1) ...
#6 44.59 Setting up zlib1g-dev:amd64 (1:1.2.11.dfsg-2ubuntu1.3) ...
#6 44.60 Setting up librhash0:amd64 (1.3.9-1) ...
#6 44.61 Setting up cmake-data (3.16.3-1ubuntu1) ...
#6 44.63 Setting up golang-src (2:1.13~1ubuntu2) ...
#6 44.64 Setting up libjsoncpp1:amd64 (1.7.4-3.1ubuntu2) ...
#6 44.65 Setting up golang-race-detector-runtime (2:1.13~1ubuntu2) ...
#6 44.66 Setting up libtool (2.4.6-14) ...
#6 44.67 Setting up golang-go (2:1.13~1ubuntu2) ...
#6 44.70 Setting up m4 (1.4.18-4) ...
#6 44.71 Setting up golang-1.13-doc (1.13.8-1ubuntu1) ...
#6 44.72 Setting up autoconf (2.69-11.1) ...
#6 44.74 Setting up golang-1.13 (1.13.8-1ubuntu1) ...
#6 44.75 Setting up cmake (3.16.3-1ubuntu1) ...
#6 44.76 Setting up golang-doc (2:1.13~1ubuntu2) ...
#6 44.77 Setting up automake (1:1.16.1-4ubuntu6) ...
#6 44.79 update-alternatives: using /usr/bin/automake-1.16 to provide /usr/bin/automake (automake) in auto mode
#6 44.79 update-alternatives: warning: skip creation of /usr/share/man/man1/automake.1.gz because associated file /usr/share/man/man1/automake-1.16.1.gz (of link group automake) doesn't exist
#6 44.79 update-alternatives: warning: skip creation of /usr/share/man/man1/aclocal.1.gz because associated file /usr/share/man/man1/aclocal-1.16.1.gz (of link group automake) doesn't exist
#6 44.80 Setting up golang (2:1.13~1ubuntu2) ...
#6 44.82 Setting up libltdl-dev:amd64 (2.4.6-14) ...
#6 44.83 Processing triggers for libc-bin (2.31-0ubuntu9.7) ...
#6 DONE 47.7s

#7 [3/7] RUN git clone --depth 1 https://boringssl.googlesource.com/boringssl
#7 sha256:52258623c75fbe1d326d2077580aea37bcdc2f322d66f8d0639b44f485ce49ce
#7 1.349 Cloning into 'boringssl'...
#7 6.659 Updating files:  69% (4103/5928)Updating files:  70% (4150/5928)Updating files:  71% (4209/5928)Updating files:  72% (4269/5928)Updating files:  73% (4328/5928)Updating files:  74% (4387/5928)Updating files:  75% (4446/5928)Updating files:  76% (4506/5928)Updating files:  77% (4565/5928)Updating files:  78% (4624/5928)Updating files:  79% (4684/5928)Updating files:  80% (4743/5928)Updating files:  81% (4802/5928)Updating files:  82% (4861/5928)Updating files:  83% (4921/5928)Updating files:  84% (4980/5928)Updating files:  85% (5039/5928)Updating files:  86% (5099/5928)Updating files:  87% (5158/5928)Updating files:  88% (5217/5928)Updating files:  89% (5276/5928)Updating files:  90% (5336/5928)Updating files:  91% (5395/5928)Updating files:  92% (5454/5928)Updating files:  93% (5514/5928)Updating files:  94% (5573/5928)Updating files:  95% (5632/5928)Updating files:  96% (5691/5928)Updating files:  97% (5751/5928)Updating files:  98% (5810/5928)Updating files:  99% (5869/5928)Updating files: 100% (5928/5928)Updating files: 100% (5928/5928), done.
#7 DONE 8.4s

#8 [4/7] RUN git clone --depth 1 https://github.com/google/fuzzing.git
#8 sha256:990faf02e50b495cf6ecf288058f9dfca62633435c7a6c2a4fb9549c181bad56
#8 1.119 Cloning into 'fuzzing'...
#8 DONE 2.2s

#9 [5/7] RUN git clone --depth 1 https://github.com/google/libprotobuf-mutator.git
#9 sha256:7e5fa58c20304909709856a830f45f55fb14fa5f6444edbbd2fff11c86557d95
#9 0.986 Cloning into 'libprotobuf-mutator'...
#9 DONE 1.9s

#10 [6/7] RUN (mkdir LPM && cd LPM && cmake ../libprotobuf-mutator -GNinja -DLIB_PROTO_MUTATOR_DOWNLOAD_PROTOBUF=ON -DLIB_PROTO_MUTATOR_TESTING=OFF -DCMAKE_BUILD_TYPE=Release && ninja)
#10 sha256:fc16f58c45467b90f12e88d0552426d316c865a25091fc90983a415eb130a745
#10 1.602 -- The CXX compiler identification is Clang 14.0.0
#10 1.631 -- Detecting CXX compiler ABI info
#10 1.842 -- Detecting CXX compiler ABI info - done
#10 1.877 -- Check for working CXX compiler: /usr/local/bin/clang++ - skipped
#10 1.882 -- Detecting CXX compile features
#10 1.884 -- Detecting CXX compile features - done
#10 2.041 -- The C compiler identification is Clang 14.0.0
#10 2.060 -- Detecting C compiler ABI info
#10 2.248 -- Detecting C compiler ABI info - done
#10 2.287 -- Check for working C compiler: /usr/local/bin/clang - skipped
#10 2.288 -- Detecting C compile features
#10 2.290 -- Detecting C compile features - done
#10 2.302 -- Looking for pthread.h
#10 2.483 -- Looking for pthread.h - found
#10 2.483 -- Performing Test CMAKE_HAVE_LIBC_PTHREAD
#10 2.684 -- Performing Test CMAKE_HAVE_LIBC_PTHREAD - Failed
#10 2.685 -- Check if compiler accepts -pthread
#10 2.908 -- Check if compiler accepts -pthread - yes
#10 2.916 -- Found Threads: TRUE  
#10 2.939 -- Looking for lzma_auto_decoder in /usr/lib/x86_64-linux-gnu/liblzma.so
#10 3.129 -- Looking for lzma_auto_decoder in /usr/lib/x86_64-linux-gnu/liblzma.so - found
#10 3.129 -- Looking for lzma_easy_encoder in /usr/lib/x86_64-linux-gnu/liblzma.so
#10 3.315 -- Looking for lzma_easy_encoder in /usr/lib/x86_64-linux-gnu/liblzma.so - found
#10 3.316 -- Looking for lzma_lzma_preset in /usr/lib/x86_64-linux-gnu/liblzma.so
#10 3.457 -- Looking for lzma_lzma_preset in /usr/lib/x86_64-linux-gnu/liblzma.so - found
#10 3.461 -- Found LibLZMA: /usr/lib/x86_64-linux-gnu/liblzma.so (found version "5.2.4") 
#10 3.498 -- Found ZLIB: /usr/lib/x86_64-linux-gnu/libz.so (found version "1.2.11") 
#10 3.501 -- Performing Test LIB_PROTO_MUTATOR_HAS_SANITIZE_ADDRESS
#10 4.079 -- Performing Test LIB_PROTO_MUTATOR_HAS_SANITIZE_ADDRESS - Success
#10 4.083 -- Performing Test LIB_PROTO_MUTATOR_HAS_SANITIZE_SCOPE
#10 4.597 -- Performing Test LIB_PROTO_MUTATOR_HAS_SANITIZE_SCOPE - Success
#10 4.600 -- Performing Test LIB_PROTO_MUTATOR_HAS_NO_COVERAGE
#10 4.766 -- Performing Test LIB_PROTO_MUTATOR_HAS_NO_COVERAGE - Success
#10 4.769 -- Performing Test LIB_PROTO_MUTATOR_HAS_SANITIZE_FUZZER
#10 5.125 -- Performing Test LIB_PROTO_MUTATOR_HAS_SANITIZE_FUZZER - Success
#10 5.129 -- Performing Test LIB_PROTO_MUTATOR_HAS_NO_SANITIZE_FUZZER
#10 5.341 -- Performing Test LIB_PROTO_MUTATOR_HAS_NO_SANITIZE_FUZZER - Success
#10 5.344 -- Performing Test LIB_PROTO_MUTATOR_HAS_WSTRING_CONVERSION
#10 5.548 -- Performing Test LIB_PROTO_MUTATOR_HAS_WSTRING_CONVERSION - Success
#10 5.580 -- Could NOT find Protobuf (missing: Protobuf_LIBRARIES Protobuf_INCLUDE_DIR) 
#10 5.795 -- Configuring done
#10 5.851 -- Generating done
#10 5.865 -- Build files have been written to: /src/LPM
#10 5.973 [1/16] Creating directories for 'external.protobuf'
#10 34.27 [2/16] Performing download step (git clone) for 'external.protobuf'
#10 34.27 Cloning into 'external.protobuf'...
#10 34.27 HEAD is now at 909a0f36a Merge pull request #8701 from protocolbuffers/updateChangelogs
#10 34.27 Submodule 'third_party/benchmark' (https://github.com/google/benchmark.git) registered for path 'third_party/benchmark'
#10 34.27 Submodule 'third_party/googletest' (https://github.com/google/googletest.git) registered for path 'third_party/googletest'
#10 34.27 Cloning into '/src/LPM/external.protobuf/src/external.protobuf/third_party/benchmark'...
#10 34.27 Cloning into '/src/LPM/external.protobuf/src/external.protobuf/third_party/googletest'...
#10 34.27 Submodule path 'third_party/benchmark': checked out '5b7683f49e1e9223cf9927b24f6fd3d6bd82e3f8'
#10 34.27 Submodule path 'third_party/googletest': checked out '5ec7f0c4a113e2f18ac2c6cc7df51ad6afc24081'
#10 34.28 [3/16] No update step for 'external.protobuf'
#10 34.29 [4/16] No patch step for 'external.protobuf'
#10 36.43 [5/16] Performing configure step for 'external.protobuf'
#10 36.43 -- The C compiler identification is Clang 14.0.0
#10 36.43 -- The CXX compiler identification is Clang 14.0.0
#10 36.43 -- Detecting C compiler ABI info
#10 36.43 -- Detecting C compiler ABI info - done
#10 36.43 -- Check for working C compiler: /usr/local/bin/clang - skipped
#10 36.43 -- Detecting C compile features
#10 36.43 -- Detecting C compile features - done
#10 36.43 -- Detecting CXX compiler ABI info
#10 36.43 -- Detecting CXX compiler ABI info - done
#10 36.43 -- Check for working CXX compiler: /usr/local/bin/clang++ - skipped
#10 36.43 -- Detecting CXX compile features
#10 36.43 -- Detecting CXX compile features - done
#10 36.43 -- 
#10 36.43 -- 3.17.3.0
#10 36.43 -- Looking for pthread.h
#10 36.43 -- Looking for pthread.h - found
#10 36.43 -- Performing Test CMAKE_HAVE_LIBC_PTHREAD
#10 36.43 -- Performing Test CMAKE_HAVE_LIBC_PTHREAD - Success
#10 36.43 -- Found Threads: TRUE  
#10 36.43 -- Found ZLIB: /usr/lib/x86_64-linux-gnu/libz.so (found version "1.2.11") 
#10 36.43 -- Performing Test protobuf_HAVE_BUILTIN_ATOMICS
#10 36.43 -- Performing Test protobuf_HAVE_BUILTIN_ATOMICS - Success
#10 36.43 -- Configuring done
#10 36.43 -- Generating done
#10 36.43 -- Build files have been written to: /src/LPM/external.protobuf/src/external.protobuf-build
#10 336.5 [6/16] Performing build step for 'external.protobuf'
#10 336.5 [1/201] Building CXX object CMakeFiles/libprotobuf-lite.dir/src/LPM/external.protobuf/src/external.protobuf/src/google/protobuf/any_lite.cc.o
#10 336.5 [2/201] Building CXX object CMakeFiles/libprotobuf-lite.dir/src/LPM/external.protobuf/src/external.protobuf/src/google/protobuf/io/io_win32.cc.o
#10 336.5 [3/201] Building CXX object CMakeFiles/libprotobuf-lite.dir/src/LPM/external.protobuf/src/external.protobuf/src/google/protobuf/arena.cc.o
#10 336.5 [4/201] Building CXX object CMakeFiles/libprotobuf-lite.dir/src/LPM/external.protobuf/src/external.protobuf/src/google/protobuf/field_access_listener.cc.o
#10 336.5 [5/201] Building CXX object CMakeFiles/libprotobuf-lite.dir/src/LPM/external.protobuf/src/external.protobuf/src/google/protobuf/generated_enum_util.cc.o
#10 336.5 [6/201] Building CXX object CMakeFiles/libprotobuf-lite.dir/src/LPM/external.protobuf/src/external.protobuf/src/google/protobuf/arenastring.cc.o
#10 336.5 [7/201] Building CXX object CMakeFiles/libprotobuf-lite.dir/src/LPM/external.protobuf/src/external.protobuf/src/google/protobuf/implicit_weak_message.cc.o
#10 336.5 [8/201] Building CXX object CMakeFiles/libprotobuf-lite.dir/src/LPM/external.protobuf/src/external.protobuf/src/google/protobuf/io/coded_stream.cc.o
#10 336.5 [9/201] Building CXX object CMakeFiles/libprotobuf-lite.dir/src/LPM/external.protobuf/src/external.protobuf/src/google/protobuf/io/strtod.cc.o
#10 336.5 [10/201] Building CXX object CMakeFiles/libprotobuf-lite.dir/src/LPM/external.protobuf/src/external.protobuf/src/google/protobuf/io/zero_copy_stream.cc.o
#10 336.5 [11/201] Building CXX object CMakeFiles/libprotobuf-lite.dir/src/LPM/external.protobuf/src/external.protobuf/src/google/protobuf/io/zero_copy_stream_impl.cc.o
#10 336.5 [12/201] Building CXX object CMakeFiles/libprotobuf-lite.dir/src/LPM/external.protobuf/src/external.protobuf/src/google/protobuf/io/zero_copy_stream_impl_lite.cc.o
#10 336.5 [13/201] Building CXX object CMakeFiles/libprotobuf-lite.dir/src/LPM/external.protobuf/src/external.protobuf/src/google/protobuf/map.cc.o
#10 336.5 [14/201] Building CXX object CMakeFiles/libprotobuf-lite.dir/src/LPM/external.protobuf/src/external.protobuf/src/google/protobuf/message_lite.cc.o
#10 336.5 [15/201] Building CXX object CMakeFiles/libprotobuf-lite.dir/src/LPM/external.protobuf/src/external.protobuf/src/google/protobuf/parse_context.cc.o
#10 336.5 [16/201] Building CXX object CMakeFiles/libprotobuf-lite.dir/src/LPM/external.protobuf/src/external.protobuf/src/google/protobuf/stubs/bytestream.cc.o
#10 336.5 [17/201] Building CXX object CMakeFiles/libprotobuf-lite.dir/src/LPM/external.protobuf/src/external.protobuf/src/google/protobuf/generated_message_util.cc.o
#10 336.5 [18/201] Building CXX object CMakeFiles/libprotobuf-lite.dir/src/LPM/external.protobuf/src/external.protobuf/src/google/protobuf/stubs/status.cc.o
#10 336.5 [19/201] Building CXX object CMakeFiles/libprotobuf-lite.dir/src/LPM/external.protobuf/src/external.protobuf/src/google/protobuf/stubs/common.cc.o
#10 336.5 [20/201] Building CXX object CMakeFiles/libprotobuf-lite.dir/src/LPM/external.protobuf/src/external.protobuf/src/google/protobuf/stubs/int128.cc.o
#10 336.5 [21/201] Building CXX object CMakeFiles/libprotobuf-lite.dir/src/LPM/external.protobuf/src/external.protobuf/src/google/protobuf/stubs/statusor.cc.o
#10 336.5 [22/201] Building CXX object CMakeFiles/libprotobuf-lite.dir/src/LPM/external.protobuf/src/external.protobuf/src/google/protobuf/extension_set.cc.o
#10 336.5 [23/201] Building CXX object CMakeFiles/libprotobuf-lite.dir/src/LPM/external.protobuf/src/external.protobuf/src/google/protobuf/generated_message_table_driven_lite.cc.o
#10 336.5 [24/201] Building CXX object CMakeFiles/libprotobuf-lite.dir/src/LPM/external.protobuf/src/external.protobuf/src/google/protobuf/stubs/stringpiece.cc.o
#10 336.5 [25/201] Building CXX object CMakeFiles/libprotobuf-lite.dir/src/LPM/external.protobuf/src/external.protobuf/src/google/protobuf/stubs/stringprintf.cc.o
#10 336.5 [26/201] Building CXX object CMakeFiles/libprotobuf-lite.dir/src/LPM/external.protobuf/src/external.protobuf/src/google/protobuf/repeated_field.cc.o
#10 336.5 [27/201] Building CXX object CMakeFiles/libprotobuf-lite.dir/src/LPM/external.protobuf/src/external.protobuf/src/google/protobuf/stubs/time.cc.o
#10 336.5 [28/201] Building CXX object CMakeFiles/libprotobuf-lite.dir/src/LPM/external.protobuf/src/external.protobuf/src/google/protobuf/stubs/structurally_valid.cc.o
#10 336.5 [29/201] Building CXX object CMakeFiles/libprotoc.dir/src/LPM/external.protobuf/src/external.protobuf/src/google/protobuf/compiler/code_generator.cc.o
#10 336.5 [30/201] Building CXX object CMakeFiles/libprotobuf-lite.dir/src/LPM/external.protobuf/src/external.protobuf/src/google/protobuf/wire_format_lite.cc.o
#10 336.5 [31/201] Building CXX object CMakeFiles/libprotobuf-lite.dir/src/LPM/external.protobuf/src/external.protobuf/src/google/protobuf/stubs/strutil.cc.o
#10 336.5 [32/201] Linking CXX static library libprotobuf-lite.a
#10 336.5 [33/201] Building CXX object CMakeFiles/libprotoc.dir/src/LPM/external.protobuf/src/external.protobuf/src/google/protobuf/compiler/cpp/cpp_extension.cc.o
#10 336.5 [34/201] Building CXX object CMakeFiles/libprotoc.dir/src/LPM/external.protobuf/src/external.protobuf/src/google/protobuf/compiler/cpp/cpp_enum_field.cc.o
#10 336.5 [35/201] Building CXX object CMakeFiles/libprotoc.dir/src/LPM/external.protobuf/src/external.protobuf/src/google/protobuf/compiler/cpp/cpp_generator.cc.o
#10 336.5 [36/201] Building CXX object CMakeFiles/libprotoc.dir/src/LPM/external.protobuf/src/external.protobuf/src/google/protobuf/compiler/cpp/cpp_enum.cc.o
#10 336.5 [37/201] Building CXX object CMakeFiles/libprotoc.dir/src/LPM/external.protobuf/src/external.protobuf/src/google/protobuf/compiler/cpp/cpp_field.cc.o
#10 336.5 [38/201] Building CXX object CMakeFiles/libprotoc.dir/src/LPM/external.protobuf/src/external.protobuf/src/google/protobuf/compiler/cpp/cpp_map_field.cc.o
#10 336.5 [39/201] Building CXX object CMakeFiles/libprotoc.dir/src/LPM/external.protobuf/src/external.protobuf/src/google/protobuf/compiler/command_line_interface.cc.o
#10 336.5 [40/201] Building CXX object CMakeFiles/libprotoc.dir/src/LPM/external.protobuf/src/external.protobuf/src/google/protobuf/compiler/cpp/cpp_message_field.cc.o
#10 336.5 [41/201] Building CXX object CMakeFiles/libprotoc.dir/src/LPM/external.protobuf/src/external.protobuf/src/google/protobuf/compiler/cpp/cpp_primitive_field.cc.o
#10 336.5 [42/201] Building CXX object CMakeFiles/libprotoc.dir/src/LPM/external.protobuf/src/external.protobuf/src/google/protobuf/compiler/cpp/cpp_padding_optimizer.cc.o
#10 336.5 [43/201] Building CXX object CMakeFiles/libprotoc.dir/src/LPM/external.protobuf/src/external.protobuf/src/google/protobuf/compiler/cpp/cpp_helpers.cc.o
#10 336.5 [44/201] Building CXX object CMakeFiles/libprotoc.dir/src/LPM/external.protobuf/src/external.protobuf/src/google/protobuf/compiler/cpp/cpp_file.cc.o
#10 336.5 [45/201] Building CXX object CMakeFiles/libprotoc.dir/src/LPM/external.protobuf/src/external.protobuf/src/google/protobuf/compiler/cpp/cpp_service.cc.o
#10 336.5 [46/201] Building CXX object CMakeFiles/libprotoc.dir/src/LPM/external.protobuf/src/external.protobuf/src/google/protobuf/compiler/cpp/cpp_parse_function_generator.cc.o
#10 336.5 [47/201] Building CXX object CMakeFiles/libprotoc.dir/src/LPM/external.protobuf/src/external.protobuf/src/google/protobuf/compiler/csharp/csharp_doc_comment.cc.o
#10 336.5 [48/201] Building CXX object CMakeFiles/libprotoc.dir/src/LPM/external.protobuf/src/external.protobuf/src/google/protobuf/compiler/cpp/cpp_string_field.cc.o
#10 336.5 [49/201] Building CXX object CMakeFiles/libprotoc.dir/src/LPM/external.protobuf/src/external.protobuf/src/google/protobuf/compiler/csharp/csharp_enum_field.cc.o
#10 336.5 [50/201] Building CXX object CMakeFiles/libprotoc.dir/src/LPM/external.protobuf/src/external.protobuf/src/google/protobuf/compiler/csharp/csharp_enum.cc.o
#10 336.5 [51/201] Building CXX object CMakeFiles/libprotoc.dir/src/LPM/external.protobuf/src/external.protobuf/src/google/protobuf/compiler/csharp/csharp_generator.cc.o
#10 336.5 [52/201] Building CXX object CMakeFiles/libprotoc.dir/src/LPM/external.protobuf/src/external.protobuf/src/google/protobuf/compiler/csharp/csharp_map_field.cc.o
#10 336.5 [53/201] Building CXX object CMakeFiles/libprotoc.dir/src/LPM/external.protobuf/src/external.protobuf/src/google/protobuf/compiler/csharp/csharp_helpers.cc.o
#10 336.5 [54/201] Building CXX object CMakeFiles/libprotobuf.dir/src/LPM/external.protobuf/src/external.protobuf/src/google/protobuf/io/zero_copy_stream.cc.o
#10 336.5 [55/201] Building CXX object CMakeFiles/libprotoc.dir/src/LPM/external.protobuf/src/external.protobuf/src/google/protobuf/compiler/csharp/csharp_field_base.cc.o
#10 336.5 [56/201] Building CXX object CMakeFiles/libprotoc.dir/src/LPM/external.protobuf/src/external.protobuf/src/google/protobuf/compiler/csharp/csharp_message_field.cc.o
#10 336.5 [57/201] Building CXX object CMakeFiles/libprotoc.dir/src/LPM/external.protobuf/src/external.protobuf/src/google/protobuf/compiler/csharp/csharp_message.cc.o
#10 336.5 [58/201] Building CXX object CMakeFiles/libprotoc.dir/src/LPM/external.protobuf/src/external.protobuf/src/google/protobuf/compiler/csharp/csharp_repeated_enum_field.cc.o
#10 336.5 [59/201] Building CXX object CMakeFiles/libprotoc.dir/src/LPM/external.protobuf/src/external.protobuf/src/google/protobuf/compiler/csharp/csharp_primitive_field.cc.o
#10 336.5 [60/201] Building CXX object CMakeFiles/libprotoc.dir/src/LPM/external.protobuf/src/external.protobuf/src/google/protobuf/compiler/csharp/csharp_repeated_primitive_field.cc.o
#10 336.5 [61/201] Building CXX object CMakeFiles/libprotoc.dir/src/LPM/external.protobuf/src/external.protobuf/src/google/protobuf/compiler/csharp/csharp_repeated_message_field.cc.o
#10 336.5 [62/201] Building CXX object CMakeFiles/libprotoc.dir/src/LPM/external.protobuf/src/external.protobuf/src/google/protobuf/compiler/csharp/csharp_reflection_class.cc.o
#10 336.5 [63/201] Building CXX object CMakeFiles/libprotoc.dir/src/LPM/external.protobuf/src/external.protobuf/src/google/protobuf/compiler/csharp/csharp_source_generator_base.cc.o
#10 336.5 [64/201] Building CXX object CMakeFiles/libprotoc.dir/src/LPM/external.protobuf/src/external.protobuf/src/google/protobuf/compiler/java/java_doc_comment.cc.o
#10 336.5 [65/201] Building CXX object CMakeFiles/libprotoc.dir/src/LPM/external.protobuf/src/external.protobuf/src/google/protobuf/compiler/cpp/cpp_message.cc.o
#10 336.5 [66/201] Building CXX object CMakeFiles/libprotoc.dir/src/LPM/external.protobuf/src/external.protobuf/src/google/protobuf/compiler/csharp/csharp_wrapper_field.cc.o
#10 336.5 [67/201] Building CXX object CMakeFiles/libprotoc.dir/src/LPM/external.protobuf/src/external.protobuf/src/google/protobuf/compiler/java/java_context.cc.o
#10 336.5 [68/201] Building CXX object CMakeFiles/libprotoc.dir/src/LPM/external.protobuf/src/external.protobuf/src/google/protobuf/compiler/java/java_enum.cc.o
#10 336.5 [69/201] Building CXX object CMakeFiles/libprotoc.dir/src/LPM/external.protobuf/src/external.protobuf/src/google/protobuf/compiler/java/java_enum_field_lite.cc.o
#10 336.5 [70/201] Building CXX object CMakeFiles/libprotoc.dir/src/LPM/external.protobuf/src/external.protobuf/src/google/protobuf/compiler/java/java_extension_lite.cc.o
#10 336.5 [71/201] Building CXX object CMakeFiles/libprotoc.dir/src/LPM/external.protobuf/src/external.protobuf/src/google/protobuf/compiler/java/java_extension.cc.o
#10 336.5 [72/201] Building CXX object CMakeFiles/libprotoc.dir/src/LPM/external.protobuf/src/external.protobuf/src/google/protobuf/compiler/java/java_enum_field.cc.o
#10 336.5 [73/201] Building CXX object CMakeFiles/libprotoc.dir/src/LPM/external.protobuf/src/external.protobuf/src/google/protobuf/compiler/java/java_enum_lite.cc.o
#10 336.5 [74/201] Building CXX object CMakeFiles/libprotoc.dir/src/LPM/external.protobuf/src/external.protobuf/src/google/protobuf/compiler/java/java_field.cc.o
#10 336.5 [75/201] Building CXX object CMakeFiles/libprotoc.dir/src/LPM/external.protobuf/src/external.protobuf/src/google/protobuf/compiler/java/java_generator.cc.o
#10 336.5 [76/201] Building CXX object CMakeFiles/libprotoc.dir/src/LPM/external.protobuf/src/external.protobuf/src/google/protobuf/compiler/java/java_generator_factory.cc.o
#10 336.5 [77/201] Building CXX object CMakeFiles/libprotoc.dir/src/LPM/external.protobuf/src/external.protobuf/src/google/protobuf/compiler/java/java_file.cc.o
#10 336.5 [78/201] Building CXX object CMakeFiles/libprotoc.dir/src/LPM/external.protobuf/src/external.protobuf/src/google/protobuf/compiler/java/java_kotlin_generator.cc.o
#10 336.5 [79/201] Building CXX object CMakeFiles/libprotoc.dir/src/LPM/external.protobuf/src/external.protobuf/src/google/protobuf/compiler/java/java_map_field_lite.cc.o
#10 336.5 [80/201] Building CXX object CMakeFiles/libprotoc.dir/src/LPM/external.protobuf/src/external.protobuf/src/google/protobuf/compiler/java/java_map_field.cc.o
#10 336.5 [81/201] Building CXX object CMakeFiles/libprotoc.dir/src/LPM/external.protobuf/src/external.protobuf/src/google/protobuf/compiler/java/java_message_builder.cc.o
#10 336.5 [82/201] Building CXX object CMakeFiles/libprotoc.dir/src/LPM/external.protobuf/src/external.protobuf/src/google/protobuf/compiler/java/java_message_builder_lite.cc.o
#10 336.5 [83/201] Building CXX object CMakeFiles/libprotoc.dir/src/LPM/external.protobuf/src/external.protobuf/src/google/protobuf/compiler/java/java_helpers.cc.o
#10 336.5 [84/201] Building CXX object CMakeFiles/libprotoc.dir/src/LPM/external.protobuf/src/external.protobuf/src/google/protobuf/compiler/java/java_message_field_lite.cc.o
#10 336.5 [85/201] Building CXX object CMakeFiles/libprotoc.dir/src/LPM/external.protobuf/src/external.protobuf/src/google/protobuf/compiler/java/java_message_field.cc.o
#10 336.5 [86/201] Building CXX object CMakeFiles/libprotoc.dir/src/LPM/external.protobuf/src/external.protobuf/src/google/protobuf/compiler/java/java_message.cc.o
#10 336.5 [87/201] Building CXX object CMakeFiles/libprotoc.dir/src/LPM/external.protobuf/src/external.protobuf/src/google/protobuf/compiler/js/well_known_types_embed.cc.o
#10 336.5 [88/201] Building CXX object CMakeFiles/libprotoc.dir/src/LPM/external.protobuf/src/external.protobuf/src/google/protobuf/compiler/java/java_name_resolver.cc.o
#10 336.5 [89/201] Building CXX object CMakeFiles/libprotoc.dir/src/LPM/external.protobuf/src/external.protobuf/src/google/protobuf/compiler/java/java_message_lite.cc.o
#10 336.5 [90/201] Building CXX object CMakeFiles/libprotoc.dir/src/LPM/external.protobuf/src/external.protobuf/src/google/protobuf/compiler/java/java_shared_code_generator.cc.o
#10 336.5 [91/201] Building CXX object CMakeFiles/libprotoc.dir/src/LPM/external.protobuf/src/external.protobuf/src/google/protobuf/compiler/java/java_service.cc.o
#10 336.5 [92/201] Building CXX object CMakeFiles/libprotoc.dir/src/LPM/external.protobuf/src/external.protobuf/src/google/protobuf/compiler/java/java_primitive_field.cc.o
#10 336.5 [93/201] Building CXX object CMakeFiles/libprotoc.dir/src/LPM/external.protobuf/src/external.protobuf/src/google/protobuf/compiler/java/java_primitive_field_lite.cc.o
#10 336.5 [94/201] Building CXX object CMakeFiles/libprotoc.dir/src/LPM/external.protobuf/src/external.protobuf/src/google/protobuf/compiler/java/java_string_field_lite.cc.o
#10 336.5 [95/201] Building CXX object CMakeFiles/libprotoc.dir/src/LPM/external.protobuf/src/external.protobuf/src/google/protobuf/compiler/java/java_string_field.cc.o
#10 336.5 [96/201] Building CXX object CMakeFiles/libprotoc.dir/src/LPM/external.protobuf/src/external.protobuf/src/google/protobuf/compiler/objectivec/objectivec_enum.cc.o
#10 336.5 [97/201] Building CXX object CMakeFiles/libprotoc.dir/src/LPM/external.protobuf/src/external.protobuf/src/google/protobuf/compiler/objectivec/objectivec_enum_field.cc.o
#10 336.5 [98/201] Building CXX object CMakeFiles/libprotoc.dir/src/LPM/external.protobuf/src/external.protobuf/src/google/protobuf/compiler/objectivec/objectivec_extension.cc.o
#10 336.5 [99/201] Building CXX object CMakeFiles/libprotoc.dir/src/LPM/external.protobuf/src/external.protobuf/src/google/protobuf/compiler/objectivec/objectivec_generator.cc.o
#10 336.5 [100/201] Building CXX object CMakeFiles/libprotoc.dir/src/LPM/external.protobuf/src/external.protobuf/src/google/protobuf/compiler/objectivec/objectivec_field.cc.o
#10 336.5 [101/201] Building CXX object CMakeFiles/libprotoc.dir/src/LPM/external.protobuf/src/external.protobuf/src/google/protobuf/compiler/objectivec/objectivec_map_field.cc.o
#10 336.5 [102/201] Building CXX object CMakeFiles/libprotoc.dir/src/LPM/external.protobuf/src/external.protobuf/src/google/protobuf/compiler/objectivec/objectivec_file.cc.o
#10 336.5 [103/201] Building CXX object CMakeFiles/libprotoc.dir/src/LPM/external.protobuf/src/external.protobuf/src/google/protobuf/compiler/objectivec/objectivec_message_field.cc.o
#10 336.5 [104/201] Building CXX object CMakeFiles/libprotoc.dir/src/LPM/external.protobuf/src/external.protobuf/src/google/protobuf/compiler/objectivec/objectivec_message.cc.o
#10 336.5 [105/201] Building CXX object CMakeFiles/libprotoc.dir/src/LPM/external.protobuf/src/external.protobuf/src/google/protobuf/compiler/objectivec/objectivec_oneof.cc.o
#10 336.5 [106/201] Building CXX object CMakeFiles/libprotoc.dir/src/LPM/external.protobuf/src/external.protobuf/src/google/protobuf/compiler/objectivec/objectivec_primitive_field.cc.o
#10 336.5 [107/201] Building CXX object CMakeFiles/libprotoc.dir/src/LPM/external.protobuf/src/external.protobuf/src/google/protobuf/compiler/objectivec/objectivec_helpers.cc.o
#10 336.5 [108/201] Building CXX object CMakeFiles/libprotoc.dir/src/LPM/external.protobuf/src/external.protobuf/src/google/protobuf/compiler/plugin.cc.o
#10 336.5 [109/201] Building CXX object CMakeFiles/libprotoc.dir/src/LPM/external.protobuf/src/external.protobuf/src/google/protobuf/compiler/zip_writer.cc.o
#10 336.5 [110/201] Building CXX object CMakeFiles/libprotoc.dir/src/LPM/external.protobuf/src/external.protobuf/src/google/protobuf/compiler/subprocess.cc.o
#10 336.5 [111/201] Building CXX object CMakeFiles/libprotobuf.dir/src/LPM/external.protobuf/src/external.protobuf/src/google/protobuf/any_lite.cc.o
#10 336.5 [112/201] Building CXX object CMakeFiles/libprotoc.dir/src/LPM/external.protobuf/src/external.protobuf/src/google/protobuf/compiler/plugin.pb.cc.o
#10 336.5 [113/201] Building CXX object CMakeFiles/libprotobuf.dir/src/LPM/external.protobuf/src/external.protobuf/src/google/protobuf/arena.cc.o
#10 336.5 [114/201] Building CXX object CMakeFiles/libprotobuf.dir/src/LPM/external.protobuf/src/external.protobuf/src/google/protobuf/arenastring.cc.o
#10 336.5 [115/201] Building CXX object CMakeFiles/libprotoc.dir/src/LPM/external.protobuf/src/external.protobuf/src/google/protobuf/compiler/ruby/ruby_generator.cc.o
#10 336.5 [116/201] Building CXX object CMakeFiles/libprotoc.dir/src/LPM/external.protobuf/src/external.protobuf/src/google/protobuf/compiler/js/js_generator.cc.o
#10 336.5 [117/201] Building CXX object CMakeFiles/libprotobuf.dir/src/LPM/external.protobuf/src/external.protobuf/src/google/protobuf/io/io_win32.cc.o
#10 336.5 [118/201] Building CXX object CMakeFiles/libprotobuf.dir/src/LPM/external.protobuf/src/external.protobuf/src/google/protobuf/field_access_listener.cc.o
#10 336.5 [119/201] Building CXX object CMakeFiles/libprotobuf.dir/src/LPM/external.protobuf/src/external.protobuf/src/google/protobuf/generated_enum_util.cc.o
#10 336.5 [120/201] Building CXX object CMakeFiles/libprotoc.dir/src/LPM/external.protobuf/src/external.protobuf/src/google/protobuf/compiler/python/python_generator.cc.o
#10 336.5 [121/201] Building CXX object CMakeFiles/libprotobuf.dir/src/LPM/external.protobuf/src/external.protobuf/src/google/protobuf/io/strtod.cc.o
#10 336.5 [122/201] Building CXX object CMakeFiles/libprotobuf.dir/src/LPM/external.protobuf/src/external.protobuf/src/google/protobuf/implicit_weak_message.cc.o
#10 336.5 [123/201] Building CXX object CMakeFiles/libprotobuf.dir/src/LPM/external.protobuf/src/external.protobuf/src/google/protobuf/io/coded_stream.cc.o
#10 336.5 [124/201] Building CXX object CMakeFiles/libprotobuf.dir/src/LPM/external.protobuf/src/external.protobuf/src/google/protobuf/io/zero_copy_stream_impl.cc.o
#10 336.5 [125/201] Building CXX object CMakeFiles/libprotobuf.dir/src/LPM/external.protobuf/src/external.protobuf/src/google/protobuf/io/zero_copy_stream_impl_lite.cc.o
#10 336.5 [126/201] Building CXX object CMakeFiles/libprotoc.dir/src/LPM/external.protobuf/src/external.protobuf/src/google/protobuf/compiler/php/php_generator.cc.o
#10 336.5 [127/201] Building CXX object CMakeFiles/libprotobuf.dir/src/LPM/external.protobuf/src/external.protobuf/src/google/protobuf/map.cc.o
#10 336.5 [128/201] Building CXX object CMakeFiles/libprotobuf.dir/src/LPM/external.protobuf/src/external.protobuf/src/google/protobuf/stubs/bytestream.cc.o
#10 336.5 [129/201] Building CXX object CMakeFiles/libprotobuf.dir/src/LPM/external.protobuf/src/external.protobuf/src/google/protobuf/stubs/common.cc.o
#10 336.5 [130/201] Building CXX object CMakeFiles/libprotobuf.dir/src/LPM/external.protobuf/src/external.protobuf/src/google/protobuf/stubs/int128.cc.o
#10 336.5 [131/201] Building CXX object CMakeFiles/libprotobuf.dir/src/LPM/external.protobuf/src/external.protobuf/src/google/protobuf/message_lite.cc.o
#10 336.5 [132/201] Building CXX object CMakeFiles/libprotobuf.dir/src/LPM/external.protobuf/src/external.protobuf/src/google/protobuf/stubs/status.cc.o
#10 336.5 [133/201] Building CXX object CMakeFiles/libprotobuf.dir/src/LPM/external.protobuf/src/external.protobuf/src/google/protobuf/generated_message_util.cc.o
#10 336.5 [134/201] Building CXX object CMakeFiles/libprotobuf.dir/src/LPM/external.protobuf/src/external.protobuf/src/google/protobuf/parse_context.cc.o
#10 336.5 [135/201] Building CXX object CMakeFiles/libprotobuf.dir/src/LPM/external.protobuf/src/external.protobuf/src/google/protobuf/generated_message_table_driven_lite.cc.o
#10 336.5 [136/201] Building CXX object CMakeFiles/libprotobuf.dir/src/LPM/external.protobuf/src/external.protobuf/src/google/protobuf/stubs/statusor.cc.o
#10 336.5 [137/201] Building CXX object CMakeFiles/libprotobuf.dir/src/LPM/external.protobuf/src/external.protobuf/src/google/protobuf/extension_set.cc.o
#10 336.5 [138/201] Building CXX object CMakeFiles/libprotobuf.dir/src/LPM/external.protobuf/src/external.protobuf/src/google/protobuf/stubs/stringpiece.cc.o
#10 336.5 [139/201] Building CXX object CMakeFiles/libprotobuf.dir/src/LPM/external.protobuf/src/external.protobuf/src/google/protobuf/repeated_field.cc.o
#10 336.5 [140/201] Building CXX object CMakeFiles/libprotobuf.dir/src/LPM/external.protobuf/src/external.protobuf/src/google/protobuf/stubs/stringprintf.cc.o
#10 336.5 [141/201] Building CXX object CMakeFiles/libprotobuf.dir/src/LPM/external.protobuf/src/external.protobuf/src/google/protobuf/stubs/structurally_valid.cc.o
#10 336.5 [142/201] Building CXX object CMakeFiles/libprotobuf.dir/src/LPM/external.protobuf/src/external.protobuf/src/google/protobuf/stubs/time.cc.o
#10 336.5 [143/201] Building CXX object CMakeFiles/libprotobuf.dir/src/LPM/external.protobuf/src/external.protobuf/src/google/protobuf/any.cc.o
#10 336.5 [144/201] Building CXX object CMakeFiles/libprotobuf.dir/src/LPM/external.protobuf/src/external.protobuf/src/google/protobuf/any.pb.cc.o
#10 336.5 [145/201] Building CXX object CMakeFiles/libprotobuf.dir/src/LPM/external.protobuf/src/external.protobuf/src/google/protobuf/wire_format_lite.cc.o
#10 336.5 [146/201] Building CXX object CMakeFiles/libprotobuf.dir/src/LPM/external.protobuf/src/external.protobuf/src/google/protobuf/stubs/strutil.cc.o
#10 336.5 [147/201] Building CXX object CMakeFiles/libprotobuf.dir/src/LPM/external.protobuf/src/external.protobuf/src/google/protobuf/api.pb.cc.o
#10 336.5 [148/201] Building CXX object CMakeFiles/libprotobuf.dir/src/LPM/external.protobuf/src/external.protobuf/src/google/protobuf/duration.pb.cc.o
#10 336.5 [149/201] Building CXX object CMakeFiles/libprotobuf.dir/src/LPM/external.protobuf/src/external.protobuf/src/google/protobuf/compiler/importer.cc.o
#10 336.5 [150/201] Building CXX object CMakeFiles/libprotobuf.dir/src/LPM/external.protobuf/src/external.protobuf/src/google/protobuf/empty.pb.cc.o
#10 336.5 [151/201] Building CXX object CMakeFiles/libprotobuf.dir/src/LPM/external.protobuf/src/external.protobuf/src/google/protobuf/dynamic_message.cc.o
#10 336.5 [152/201] Building CXX object CMakeFiles/libprotobuf.dir/src/LPM/external.protobuf/src/external.protobuf/src/google/protobuf/field_mask.pb.cc.o
#10 336.5 [153/201] Building CXX object CMakeFiles/libprotobuf.dir/src/LPM/external.protobuf/src/external.protobuf/src/google/protobuf/extension_set_heavy.cc.o
#10 336.5 [154/201] Building CXX object CMakeFiles/libprotobuf.dir/src/LPM/external.protobuf/src/external.protobuf/src/google/protobuf/io/gzip_stream.cc.o
#10 336.5 [155/201] Building CXX object CMakeFiles/libprotobuf.dir/src/LPM/external.protobuf/src/external.protobuf/src/google/protobuf/io/printer.cc.o
#10 336.5 [156/201] Building CXX object CMakeFiles/libprotobuf.dir/src/LPM/external.protobuf/src/external.protobuf/src/google/protobuf/io/tokenizer.cc.o
#10 336.5 [157/201] Building CXX object CMakeFiles/libprotobuf.dir/src/LPM/external.protobuf/src/external.protobuf/src/google/protobuf/descriptor_database.cc.o
#10 336.5 [158/201] Building CXX object CMakeFiles/libprotobuf.dir/src/LPM/external.protobuf/src/external.protobuf/src/google/protobuf/compiler/parser.cc.o
#10 336.5 [159/201] Building CXX object CMakeFiles/libprotobuf.dir/src/LPM/external.protobuf/src/external.protobuf/src/google/protobuf/service.cc.o
#10 336.5 [160/201] Building CXX object CMakeFiles/libprotobuf.dir/src/LPM/external.protobuf/src/external.protobuf/src/google/protobuf/map_field.cc.o
#10 336.5 [161/201] Building CXX object CMakeFiles/libprotobuf.dir/src/LPM/external.protobuf/src/external.protobuf/src/google/protobuf/generated_message_table_driven.cc.o
#10 336.5 [162/201] Building CXX object CMakeFiles/libprotobuf.dir/src/LPM/external.protobuf/src/external.protobuf/src/google/protobuf/generated_message_reflection.cc.o
#10 336.5 [163/201] Building CXX object CMakeFiles/libprotobuf.dir/src/LPM/external.protobuf/src/external.protobuf/src/google/protobuf/message.cc.o
#10 336.5 [164/201] Building CXX object CMakeFiles/libprotobuf.dir/src/LPM/external.protobuf/src/external.protobuf/src/google/protobuf/source_context.pb.cc.o
#10 336.5 [165/201] Building CXX object CMakeFiles/libprotobuf.dir/src/LPM/external.protobuf/src/external.protobuf/src/google/protobuf/reflection_ops.cc.o
#10 336.5 [166/201] Building CXX object CMakeFiles/libprotobuf.dir/src/LPM/external.protobuf/src/external.protobuf/src/google/protobuf/stubs/substitute.cc.o
#10 336.5 [167/201] Building CXX object CMakeFiles/libprotobuf.dir/src/LPM/external.protobuf/src/external.protobuf/src/google/protobuf/descriptor.pb.cc.o
#10 336.5 [168/201] Building CXX object CMakeFiles/libprotobuf.dir/src/LPM/external.protobuf/src/external.protobuf/src/google/protobuf/timestamp.pb.cc.o
#10 336.5 [169/201] Building CXX object CMakeFiles/libprotobuf.dir/src/LPM/external.protobuf/src/external.protobuf/src/google/protobuf/util/delimited_message_util.cc.o
#10 336.5 [170/201] Building CXX object CMakeFiles/libprotobuf.dir/src/LPM/external.protobuf/src/external.protobuf/src/google/protobuf/unknown_field_set.cc.o
#10 336.5 [171/201] Building CXX object CMakeFiles/libprotobuf.dir/src/LPM/external.protobuf/src/external.protobuf/src/google/protobuf/util/field_comparator.cc.o
#10 336.5 [172/201] Building CXX object CMakeFiles/libprotobuf.dir/src/LPM/external.protobuf/src/external.protobuf/src/google/protobuf/struct.pb.cc.o
#10 336.5 [173/201] Building CXX object CMakeFiles/libprotobuf.dir/src/LPM/external.protobuf/src/external.protobuf/src/google/protobuf/type.pb.cc.o
#10 336.5 [174/201] Building CXX object CMakeFiles/libprotobuf.dir/src/LPM/external.protobuf/src/external.protobuf/src/google/protobuf/util/internal/error_listener.cc.o
#10 336.5 [175/201] Building CXX object CMakeFiles/libprotobuf.dir/src/LPM/external.protobuf/src/external.protobuf/src/google/protobuf/util/field_mask_util.cc.o
#10 336.5 [176/201] Building CXX object CMakeFiles/libprotobuf.dir/src/LPM/external.protobuf/src/external.protobuf/src/google/protobuf/util/internal/json_escaping.cc.o
#10 336.5 [177/201] Building CXX object CMakeFiles/libprotobuf.dir/src/LPM/external.protobuf/src/external.protobuf/src/google/protobuf/util/internal/datapiece.cc.o
#10 336.5 [178/201] Building CXX object CMakeFiles/libprotobuf.dir/src/LPM/external.protobuf/src/external.protobuf/src/google/protobuf/util/internal/field_mask_utility.cc.o
#10 336.5 [179/201] Building CXX object CMakeFiles/libprotobuf.dir/src/LPM/external.protobuf/src/external.protobuf/src/google/protobuf/util/internal/json_objectwriter.cc.o
#10 336.5 [180/201] Building CXX object CMakeFiles/libprotobuf.dir/src/LPM/external.protobuf/src/external.protobuf/src/google/protobuf/util/internal/json_stream_parser.cc.o
#10 336.5 [181/201] Building CXX object CMakeFiles/libprotobuf.dir/src/LPM/external.protobuf/src/external.protobuf/src/google/protobuf/util/internal/object_writer.cc.o
#10 336.5 [182/201] Building CXX object CMakeFiles/libprotobuf.dir/src/LPM/external.protobuf/src/external.protobuf/src/google/protobuf/util/internal/default_value_objectwriter.cc.o
#10 336.5 [183/201] Building CXX object CMakeFiles/libprotobuf.dir/src/LPM/external.protobuf/src/external.protobuf/src/google/protobuf/text_format.cc.o
#10 336.5 [184/201] Building CXX object CMakeFiles/libprotobuf.dir/src/LPM/external.protobuf/src/external.protobuf/src/google/protobuf/util/internal/proto_writer.cc.o
#10 336.5 [185/201] Building CXX object CMakeFiles/libprotobuf.dir/src/LPM/external.protobuf/src/external.protobuf/src/google/protobuf/util/internal/type_info.cc.o
#10 336.5 [186/201] Building CXX object CMakeFiles/libprotobuf.dir/src/LPM/external.protobuf/src/external.protobuf/src/google/protobuf/util/internal/type_info_test_helper.cc.o
#10 336.5 [187/201] Building CXX object CMakeFiles/libprotobuf.dir/src/LPM/external.protobuf/src/external.protobuf/src/google/protobuf/util/json_util.cc.o
#10 336.5 [188/201] Building CXX object CMakeFiles/libprotobuf.dir/src/LPM/external.protobuf/src/external.protobuf/src/google/protobuf/util/internal/protostream_objectsource.cc.o
#10 336.5 [189/201] Building CXX object CMakeFiles/libprotobuf.dir/src/LPM/external.protobuf/src/external.protobuf/src/google/protobuf/util/time_util.cc.o
#10 336.5 [190/201] Building CXX object CMakeFiles/libprotobuf.dir/src/LPM/external.protobuf/src/external.protobuf/src/google/protobuf/util/internal/utility.cc.o
#10 336.5 [191/201] Building CXX object CMakeFiles/libprotobuf.dir/src/LPM/external.protobuf/src/external.protobuf/src/google/protobuf/util/internal/protostream_objectwriter.cc.o
#10 336.5 [192/201] Building CXX object CMakeFiles/protoc.dir/src/LPM/external.protobuf/src/external.protobuf/src/google/protobuf/compiler/main.cc.o
#10 336.5 [193/201] Building CXX object CMakeFiles/libprotobuf.dir/src/LPM/external.protobuf/src/external.protobuf/src/google/protobuf/wrappers.pb.cc.o
#10 336.5 [194/201] Building CXX object CMakeFiles/libprotobuf.dir/src/LPM/external.protobuf/src/external.protobuf/src/google/protobuf/util/type_resolver_util.cc.o
#10 336.5 [195/201] Building CXX object CMakeFiles/libprotobuf.dir/src/LPM/external.protobuf/src/external.protobuf/src/google/protobuf/descriptor.cc.o
#10 336.5 [196/201] Building CXX object CMakeFiles/libprotobuf.dir/src/LPM/external.protobuf/src/external.protobuf/src/google/protobuf/util/message_differencer.cc.o
#10 336.5 [197/201] Building CXX object CMakeFiles/libprotobuf.dir/src/LPM/external.protobuf/src/external.protobuf/src/google/protobuf/wire_format.cc.o
#10 336.5 [198/201] Linking CXX static library libprotobuf.a
#10 336.5 [199/201] Linking CXX static library libprotoc.a
#10 336.5 [200/201] Linking CXX executable protoc-3.17.3.0
#10 336.5 [201/201] Creating executable symlink protoc
#10 336.9 [7/16] Performing install step for 'external.protobuf'
#10 336.9 [0/1] Install the project...
#10 336.9 -- Install configuration: "Release"
#10 336.9 -- Installing: /src/LPM/external.protobuf/lib/libprotobuf-lite.a
#10 336.9 -- Installing: /src/LPM/external.protobuf/lib/libprotobuf.a
#10 336.9 -- Installing: /src/LPM/external.protobuf/lib/libprotoc.a
#10 336.9 -- Installing: /src/LPM/external.protobuf/bin/protoc-3.17.3.0
#10 336.9 -- Installing: /src/LPM/external.protobuf/bin/protoc
#10 336.9 -- Set runtime path of "/src/LPM/external.protobuf/bin/protoc-3.17.3.0" to "$ORIGIN/../lib"
#10 336.9 -- Installing: /src/LPM/external.protobuf/lib/pkgconfig/protobuf.pc
#10 336.9 -- Installing: /src/LPM/external.protobuf/lib/pkgconfig/protobuf-lite.pc
#10 336.9 -- Installing: /src/LPM/external.protobuf/include/google/protobuf/any.h
#10 336.9 -- Installing: /src/LPM/external.protobuf/include/google/protobuf/any.pb.h
#10 336.9 -- Installing: /src/LPM/external.protobuf/include/google/protobuf/api.pb.h
#10 336.9 -- Installing: /src/LPM/external.protobuf/include/google/protobuf/arena.h
#10 336.9 -- Installing: /src/LPM/external.protobuf/include/google/protobuf/arena_impl.h
#10 336.9 -- Installing: /src/LPM/external.protobuf/include/google/protobuf/arenastring.h
#10 336.9 -- Installing: /src/LPM/external.protobuf/include/google/protobuf/compiler/code_generator.h
#10 336.9 -- Installing: /src/LPM/external.protobuf/include/google/protobuf/compiler/command_line_interface.h
#10 336.9 -- Installing: /src/LPM/external.protobuf/include/google/protobuf/compiler/cpp/cpp_generator.h
#10 336.9 -- Installing: /src/LPM/external.protobuf/include/google/protobuf/compiler/csharp/csharp_generator.h
#10 336.9 -- Installing: /src/LPM/external.protobuf/include/google/protobuf/compiler/csharp/csharp_names.h
#10 336.9 -- Installing: /src/LPM/external.protobuf/include/google/protobuf/compiler/importer.h
#10 336.9 -- Installing: /src/LPM/external.protobuf/include/google/protobuf/compiler/java/java_generator.h
#10 336.9 -- Installing: /src/LPM/external.protobuf/include/google/protobuf/compiler/java/java_kotlin_generator.h
#10 336.9 -- Installing: /src/LPM/external.protobuf/include/google/protobuf/compiler/java/java_names.h
#10 336.9 -- Installing: /src/LPM/external.protobuf/include/google/protobuf/compiler/js/js_generator.h
#10 336.9 -- Installing: /src/LPM/external.protobuf/include/google/protobuf/compiler/js/well_known_types_embed.h
#10 336.9 -- Installing: /src/LPM/external.protobuf/include/google/protobuf/compiler/objectivec/objectivec_generator.h
#10 336.9 -- Installing: /src/LPM/external.protobuf/include/google/protobuf/compiler/objectivec/objectivec_helpers.h
#10 336.9 -- Installing: /src/LPM/external.protobuf/include/google/protobuf/compiler/parser.h
#10 336.9 -- Installing: /src/LPM/external.protobuf/include/google/protobuf/compiler/php/php_generator.h
#10 336.9 -- Installing: /src/LPM/external.protobuf/include/google/protobuf/compiler/plugin.h
#10 336.9 -- Installing: /src/LPM/external.protobuf/include/google/protobuf/compiler/plugin.pb.h
#10 336.9 -- Installing: /src/LPM/external.protobuf/include/google/protobuf/compiler/python/python_generator.h
#10 336.9 -- Installing: /src/LPM/external.protobuf/include/google/protobuf/compiler/ruby/ruby_generator.h
#10 336.9 -- Installing: /src/LPM/external.protobuf/include/google/protobuf/descriptor.h
#10 336.9 -- Installing: /src/LPM/external.protobuf/include/google/protobuf/descriptor.pb.h
#10 336.9 -- Installing: /src/LPM/external.protobuf/include/google/protobuf/descriptor_database.h
#10 336.9 -- Installing: /src/LPM/external.protobuf/include/google/protobuf/duration.pb.h
#10 336.9 -- Installing: /src/LPM/external.protobuf/include/google/protobuf/dynamic_message.h
#10 336.9 -- Installing: /src/LPM/external.protobuf/include/google/protobuf/empty.pb.h
#10 336.9 -- Installing: /src/LPM/external.protobuf/include/google/protobuf/extension_set.h
#10 336.9 -- Installing: /src/LPM/external.protobuf/include/google/protobuf/extension_set_inl.h
#10 336.9 -- Installing: /src/LPM/external.protobuf/include/google/protobuf/field_access_listener.h
#10 336.9 -- Installing: /src/LPM/external.protobuf/include/google/protobuf/field_mask.pb.h
#10 336.9 -- Installing: /src/LPM/external.protobuf/include/google/protobuf/generated_enum_reflection.h
#10 336.9 -- Installing: /src/LPM/external.protobuf/include/google/protobuf/generated_enum_util.h
#10 336.9 -- Installing: /src/LPM/external.protobuf/include/google/protobuf/generated_message_reflection.h
#10 336.9 -- Installing: /src/LPM/external.protobuf/include/google/protobuf/generated_message_table_driven.h
#10 336.9 -- Installing: /src/LPM/external.protobuf/include/google/protobuf/generated_message_tctable_decl.h
#10 336.9 -- Installing: /src/LPM/external.protobuf/include/google/protobuf/generated_message_tctable_impl.h
#10 336.9 -- Installing: /src/LPM/external.protobuf/include/google/protobuf/generated_message_tctable_impl.inc
#10 336.9 -- Installing: /src/LPM/external.protobuf/include/google/protobuf/generated_message_util.h
#10 336.9 -- Installing: /src/LPM/external.protobuf/include/google/protobuf/has_bits.h
#10 336.9 -- Installing: /src/LPM/external.protobuf/include/google/protobuf/implicit_weak_message.h
#10 336.9 -- Installing: /src/LPM/external.protobuf/include/google/protobuf/io/coded_stream.h
#10 336.9 -- Installing: /src/LPM/external.protobuf/include/google/protobuf/io/gzip_stream.h
#10 336.9 -- Installing: /src/LPM/external.protobuf/include/google/protobuf/io/io_win32.h
#10 336.9 -- Installing: /src/LPM/external.protobuf/include/google/protobuf/io/printer.h
#10 336.9 -- Installing: /src/LPM/external.protobuf/include/google/protobuf/io/strtod.h
#10 336.9 -- Installing: /src/LPM/external.protobuf/include/google/protobuf/io/tokenizer.h
#10 336.9 -- Installing: /src/LPM/external.protobuf/include/google/protobuf/io/zero_copy_stream.h
#10 336.9 -- Installing: /src/LPM/external.protobuf/include/google/protobuf/io/zero_copy_stream_impl.h
#10 336.9 -- Installing: /src/LPM/external.protobuf/include/google/protobuf/io/zero_copy_stream_impl_lite.h
#10 336.9 -- Installing: /src/LPM/external.protobuf/include/google/protobuf/map.h
#10 336.9 -- Installing: /src/LPM/external.protobuf/include/google/protobuf/map_entry.h
#10 336.9 -- Installing: /src/LPM/external.protobuf/include/google/protobuf/map_entry_lite.h
#10 336.9 -- Installing: /src/LPM/external.protobuf/include/google/protobuf/map_field.h
#10 336.9 -- Installing: /src/LPM/external.protobuf/include/google/protobuf/map_field_inl.h
#10 336.9 -- Installing: /src/LPM/external.protobuf/include/google/protobuf/map_field_lite.h
#10 336.9 -- Installing: /src/LPM/external.protobuf/include/google/protobuf/map_type_handler.h
#10 336.9 -- Installing: /src/LPM/external.protobuf/include/google/protobuf/message.h
#10 336.9 -- Installing: /src/LPM/external.protobuf/include/google/protobuf/message_lite.h
#10 336.9 -- Installing: /src/LPM/external.protobuf/include/google/protobuf/metadata.h
#10 336.9 -- Installing: /src/LPM/external.protobuf/include/google/protobuf/metadata_lite.h
#10 336.9 -- Installing: /src/LPM/external.protobuf/include/google/protobuf/parse_context.h
#10 336.9 -- Installing: /src/LPM/external.protobuf/include/google/protobuf/port.h
#10 336.9 -- Installing: /src/LPM/external.protobuf/include/google/protobuf/port_def.inc
#10 336.9 -- Installing: /src/LPM/external.protobuf/include/google/protobuf/port_undef.inc
#10 336.9 -- Installing: /src/LPM/external.protobuf/include/google/protobuf/reflection.h
#10 336.9 -- Installing: /src/LPM/external.protobuf/include/google/protobuf/reflection_ops.h
#10 336.9 -- Installing: /src/LPM/external.protobuf/include/google/protobuf/repeated_field.h
#10 336.9 -- Installing: /src/LPM/external.protobuf/include/google/protobuf/service.h
#10 336.9 -- Installing: /src/LPM/external.protobuf/include/google/protobuf/source_context.pb.h
#10 336.9 -- Installing: /src/LPM/external.protobuf/include/google/protobuf/struct.pb.h
#10 336.9 -- Installing: /src/LPM/external.protobuf/include/google/protobuf/stubs/bytestream.h
#10 336.9 -- Installing: /src/LPM/external.protobuf/include/google/protobuf/stubs/callback.h
#10 336.9 -- Installing: /src/LPM/external.protobuf/include/google/protobuf/stubs/casts.h
#10 336.9 -- Installing: /src/LPM/external.protobuf/include/google/protobuf/stubs/common.h
#10 336.9 -- Installing: /src/LPM/external.protobuf/include/google/protobuf/stubs/hash.h
#10 336.9 -- Installing: /src/LPM/external.protobuf/include/google/protobuf/stubs/logging.h
#10 336.9 -- Installing: /src/LPM/external.protobuf/include/google/protobuf/stubs/macros.h
#10 336.9 -- Installing: /src/LPM/external.protobuf/include/google/protobuf/stubs/map_util.h
#10 336.9 -- Installing: /src/LPM/external.protobuf/include/google/protobuf/stubs/mutex.h
#10 336.9 -- Installing: /src/LPM/external.protobuf/include/google/protobuf/stubs/once.h
#10 336.9 -- Installing: /src/LPM/external.protobuf/include/google/protobuf/stubs/platform_macros.h
#10 336.9 -- Installing: /src/LPM/external.protobuf/include/google/protobuf/stubs/port.h
#10 336.9 -- Installing: /src/LPM/external.protobuf/include/google/protobuf/stubs/status.h
#10 336.9 -- Installing: /src/LPM/external.protobuf/include/google/protobuf/stubs/stl_util.h
#10 336.9 -- Installing: /src/LPM/external.protobuf/include/google/protobuf/stubs/stringpiece.h
#10 336.9 -- Installing: /src/LPM/external.protobuf/include/google/protobuf/stubs/strutil.h
#10 336.9 -- Installing: /src/LPM/external.protobuf/include/google/protobuf/stubs/template_util.h
#10 336.9 -- Installing: /src/LPM/external.protobuf/include/google/protobuf/text_format.h
#10 336.9 -- Installing: /src/LPM/external.protobuf/include/google/protobuf/timestamp.pb.h
#10 336.9 -- Installing: /src/LPM/external.protobuf/include/google/protobuf/type.pb.h
#10 336.9 -- Installing: /src/LPM/external.protobuf/include/google/protobuf/unknown_field_set.h
#10 336.9 -- Installing: /src/LPM/external.protobuf/include/google/protobuf/util/delimited_message_util.h
#10 336.9 -- Installing: /src/LPM/external.protobuf/include/google/protobuf/util/field_comparator.h
#10 336.9 -- Installing: /src/LPM/external.protobuf/include/google/protobuf/util/field_mask_util.h
#10 336.9 -- Installing: /src/LPM/external.protobuf/include/google/protobuf/util/json_util.h
#10 336.9 -- Installing: /src/LPM/external.protobuf/include/google/protobuf/util/message_differencer.h
#10 336.9 -- Installing: /src/LPM/external.protobuf/include/google/protobuf/util/time_util.h
#10 336.9 -- Installing: /src/LPM/external.protobuf/include/google/protobuf/util/type_resolver.h
#10 336.9 -- Installing: /src/LPM/external.protobuf/include/google/protobuf/util/type_resolver_util.h
#10 336.9 -- Installing: /src/LPM/external.protobuf/include/google/protobuf/wire_format.h
#10 336.9 -- Installing: /src/LPM/external.protobuf/include/google/protobuf/wire_format_lite.h
#10 336.9 -- Installing: /src/LPM/external.protobuf/include/google/protobuf/wrappers.pb.h
#10 336.9 -- Installing: /src/LPM/external.protobuf/include/google/protobuf/any.proto
#10 336.9 -- Installing: /src/LPM/external.protobuf/include/google/protobuf/api.proto
#10 336.9 -- Installing: /src/LPM/external.protobuf/include/google/protobuf/compiler/plugin.proto
#10 336.9 -- Installing: /src/LPM/external.protobuf/include/google/protobuf/descriptor.proto
#10 336.9 -- Installing: /src/LPM/external.protobuf/include/google/protobuf/duration.proto
#10 336.9 -- Installing: /src/LPM/external.protobuf/include/google/protobuf/empty.proto
#10 336.9 -- Installing: /src/LPM/external.protobuf/include/google/protobuf/field_mask.proto
#10 336.9 -- Installing: /src/LPM/external.protobuf/include/google/protobuf/source_context.proto
#10 336.9 -- Installing: /src/LPM/external.protobuf/include/google/protobuf/struct.proto
#10 336.9 -- Installing: /src/LPM/external.protobuf/include/google/protobuf/timestamp.proto
#10 336.9 -- Installing: /src/LPM/external.protobuf/include/google/protobuf/type.proto
#10 336.9 -- Installing: /src/LPM/external.protobuf/include/google/protobuf/wrappers.proto
#10 336.9 -- Up-to-date: /src/LPM/external.protobuf/include/google/protobuf/descriptor.proto
#10 336.9 -- Up-to-date: /src/LPM/external.protobuf/include/google/protobuf/any.proto
#10 336.9 -- Up-to-date: /src/LPM/external.protobuf/include/google/protobuf/api.proto
#10 336.9 -- Up-to-date: /src/LPM/external.protobuf/include/google/protobuf/duration.proto
#10 336.9 -- Up-to-date: /src/LPM/external.protobuf/include/google/protobuf/empty.proto
#10 336.9 -- Up-to-date: /src/LPM/external.protobuf/include/google/protobuf/field_mask.proto
#10 336.9 -- Up-to-date: /src/LPM/external.protobuf/include/google/protobuf/source_context.proto
#10 336.9 -- Up-to-date: /src/LPM/external.protobuf/include/google/protobuf/struct.proto
#10 336.9 -- Up-to-date: /src/LPM/external.protobuf/include/google/protobuf/timestamp.proto
#10 336.9 -- Up-to-date: /src/LPM/external.protobuf/include/google/protobuf/type.proto
#10 336.9 -- Up-to-date: /src/LPM/external.protobuf/include/google/protobuf/wrappers.proto
#10 336.9 -- Up-to-date: /src/LPM/external.protobuf/include/google/protobuf/compiler/plugin.proto
#10 336.9 -- Installing: /src/LPM/external.protobuf/lib/cmake/protobuf/protobuf-targets.cmake
#10 336.9 -- Installing: /src/LPM/external.protobuf/lib/cmake/protobuf/protobuf-targets-release.cmake
#10 336.9 -- Up-to-date: /src/LPM/external.protobuf/lib/cmake/protobuf
#10 336.9 -- Installing: /src/LPM/external.protobuf/lib/cmake/protobuf/protobuf-config.cmake
#10 336.9 -- Installing: /src/LPM/external.protobuf/lib/cmake/protobuf/protobuf-module.cmake
#10 336.9 -- Installing: /src/LPM/external.protobuf/lib/cmake/protobuf/protobuf-options.cmake
#10 336.9 -- Installing: /src/LPM/external.protobuf/lib/cmake/protobuf/protobuf-config-version.cmake
#10 336.9 [8/16] Completed 'external.protobuf'
#10 340.5 [9/16] Building CXX object src/CMakeFiles/protobuf-mutator.dir/utf8_fix.cc.o
#10 343.4 [10/16] Building CXX object src/CMakeFiles/protobuf-mutator.dir/text_format.cc.o
#10 343.8 [11/16] Building CXX object src/CMakeFiles/protobuf-mutator.dir/binary_format.cc.o
#10 344.3 [12/16] Building CXX object src/libfuzzer/CMakeFiles/protobuf-mutator-libfuzzer.dir/libfuzzer_mutator.cc.o
#10 344.6 [13/16] Building CXX object src/libfuzzer/CMakeFiles/protobuf-mutator-libfuzzer.dir/libfuzzer_macro.cc.o
#10 349.3 [14/16] Building CXX object src/CMakeFiles/protobuf-mutator.dir/mutator.cc.o
#10 349.3 [15/16] Linking CXX static library src/libprotobuf-mutator.a
#10 349.3 [16/16] Linking CXX static library src/libfuzzer/libprotobuf-mutator-libfuzzer.a
#10 DONE 349.4s

#12 [7/7] COPY *.cc build.sh /src/
#12 sha256:7c4f6e6399eae867691a4bcfeabdce04c262058a259383f8f181411171c93f7a
#12 DONE 0.3s

#13 exporting to image
#13 sha256:e8c613e07b0b7ff33893b694f7759a10d42e180f2b4dc349fb57dc6b71dcab00
#13 exporting layers done
#13 writing image sha256:f136f4e050af74c40559b605da18bb886589059289e1a4fc62455dd16520603b done
#13 naming to gcr.io/fuzzbench/builders/benchmark/boringssl_fuzz_certs done
#13 DONE 0.1s

#14 exporting cache
#14 sha256:2700d4ef94dee473593c5c614b55b2dedcca7893909811a8f2b48291a1f581e4
#14 preparing build cache for export done
#14 DONE 0.0s
------
 > importing cache manifest from gcr.io/fuzzbench/builders/benchmark/boringssl_fuzz_certs:
------
#1 [internal] load build definition from builder.Dockerfile
#1 sha256:b739d0ed42099c6de6132b9f79358e37fef2aef2a2d5f67912c69cc30fbe3c66
#1 transferring dockerfile: 46B done
#1 DONE 0.1s

#2 [internal] load .dockerignore
#2 sha256:c3a9f759ea1e30410c4fcb8b973aae0c816aafcc74ac9c9c31344d4e5bea7e8e
#2 transferring context: 2B done
#2 DONE 0.0s

#3 [internal] load metadata for gcr.io/fuzzbench/builders/benchmark/boringssl_fuzz_certs:latest
#3 sha256:81bd34d3a35fa8b95b3802dfce0b37579cae6c48aa927c2a47830c2421ea451e
#3 DONE 0.0s

#7 [1/3] FROM gcr.io/fuzzbench/builders/benchmark/boringssl_fuzz_certs
#7 sha256:1398d32f950428471cddf0a8de084f52badd8ae89bd7768e661bba04b20b9699
#7 DONE 0.0s

#4 importing cache manifest from gcr.io/fuzzbench/builders/afl/boringssl_fuzz_certs-intermediate
#4 sha256:b7ab300f3e4d0ab4fd883d23dd67c44ebe293ec4a9885a6ea470aa65f648fb56
#4 ERROR: gcr.io/fuzzbench/builders/afl/boringssl_fuzz_certs-intermediate:latest: not found

#7 [1/3] FROM gcr.io/fuzzbench/builders/benchmark/boringssl_fuzz_certs
#7 sha256:1398d32f950428471cddf0a8de084f52badd8ae89bd7768e661bba04b20b9699
#7 DONE 0.3s

#5 [2/3] RUN git clone https://github.com/google/AFL.git /afl &&     cd /afl &&     git checkout 61037103ae3722c8060ff7082994836a794f978e &&     AFL_NO_X86=1 make
#5 sha256:62b51a7b5755cb73e9ae84bc7afb63a81ac61521311463978cc0dcbacdc2506d
#5 0.943 Cloning into '/afl'...
#5 2.346 Note: switching to '61037103ae3722c8060ff7082994836a794f978e'.
#5 2.346 
#5 2.346 You are in 'detached HEAD' state. You can look around, make experimental
#5 2.346 changes and commit them, and you can discard any commits you make in this
#5 2.346 state without impacting any branches by switching back to a branch.
#5 2.346 
#5 2.346 If you want to create a new branch to retain commits you create, you may
#5 2.346 do so (now or later) by using -c with the switch command. Example:
#5 2.346 
#5 2.346   git switch -c <new-branch-name>
#5 2.346 
#5 2.346 Or undo this operation with:
#5 2.346 
#5 2.346   git switch -
#5 2.346 
#5 2.346 Turn off this advice by setting config variable advice.detachedHead to false
#5 2.346 
#5 2.347 HEAD is now at 6103710 Fix a typo filename comparison in the fuzzer (#139)
#5 2.393 [!] Note: skipping x86 compilation checks (AFL_NO_X86 set).
#5 2.394 clang -O1 -fno-omit-frame-pointer -gline-tables-only -DFUZZING_BUILD_MODE_UNSAFE_FOR_PRODUCTION -Wall -D_FORTIFY_SOURCE=2 -g -Wno-pointer-sign -DAFL_PATH=\"/usr/local/lib/afl\" -DDOC_PATH=\"/usr/local/share/doc/afl\" -DBIN_PATH=\"/usr/local/bin\" afl-gcc.c -o afl-gcc -ldl
#5 2.737 set -e; for i in afl-g++ afl-clang afl-clang++; do ln -sf afl-gcc $i; done
#5 2.749 clang -O1 -fno-omit-frame-pointer -gline-tables-only -DFUZZING_BUILD_MODE_UNSAFE_FOR_PRODUCTION -Wall -D_FORTIFY_SOURCE=2 -g -Wno-pointer-sign -DAFL_PATH=\"/usr/local/lib/afl\" -DDOC_PATH=\"/usr/local/share/doc/afl\" -DBIN_PATH=\"/usr/local/bin\" afl-fuzz.c -o afl-fuzz -ldl
#5 7.908 clang -O1 -fno-omit-frame-pointer -gline-tables-only -DFUZZING_BUILD_MODE_UNSAFE_FOR_PRODUCTION -Wall -D_FORTIFY_SOURCE=2 -g -Wno-pointer-sign -DAFL_PATH=\"/usr/local/lib/afl\" -DDOC_PATH=\"/usr/local/share/doc/afl\" -DBIN_PATH=\"/usr/local/bin\" afl-showmap.c -o afl-showmap -ldl
#5 8.550 clang -O1 -fno-omit-frame-pointer -gline-tables-only -DFUZZING_BUILD_MODE_UNSAFE_FOR_PRODUCTION -Wall -D_FORTIFY_SOURCE=2 -g -Wno-pointer-sign -DAFL_PATH=\"/usr/local/lib/afl\" -DDOC_PATH=\"/usr/local/share/doc/afl\" -DBIN_PATH=\"/usr/local/bin\" afl-tmin.c -o afl-tmin -ldl
#5 9.451 clang -O1 -fno-omit-frame-pointer -gline-tables-only -DFUZZING_BUILD_MODE_UNSAFE_FOR_PRODUCTION -Wall -D_FORTIFY_SOURCE=2 -g -Wno-pointer-sign -DAFL_PATH=\"/usr/local/lib/afl\" -DDOC_PATH=\"/usr/local/share/doc/afl\" -DBIN_PATH=\"/usr/local/bin\" afl-gotcpu.c -o afl-gotcpu -ldl
#5 9.735 clang -O1 -fno-omit-frame-pointer -gline-tables-only -DFUZZING_BUILD_MODE_UNSAFE_FOR_PRODUCTION -Wall -D_FORTIFY_SOURCE=2 -g -Wno-pointer-sign -DAFL_PATH=\"/usr/local/lib/afl\" -DDOC_PATH=\"/usr/local/share/doc/afl\" -DBIN_PATH=\"/usr/local/bin\" afl-analyze.c -o afl-analyze -ldl
#5 10.57 clang -O1 -fno-omit-frame-pointer -gline-tables-only -DFUZZING_BUILD_MODE_UNSAFE_FOR_PRODUCTION -Wall -D_FORTIFY_SOURCE=2 -g -Wno-pointer-sign -DAFL_PATH=\"/usr/local/lib/afl\" -DDOC_PATH=\"/usr/local/share/doc/afl\" -DBIN_PATH=\"/usr/local/bin\" afl-as.c -o afl-as -ldl
#5 11.05 ln -sf afl-as as
#5 11.05 [!] Note: skipping build tests (you may need to use LLVM or QEMU mode).
#5 11.06 [+] LLVM users: see llvm_mode/README.llvm for a faster alternative to afl-gcc.
#5 11.06 [+] All done! Be sure to review README - it's pretty short and useful.
#5 DONE 11.2s

#6 [3/3] RUN apt-get update &&     apt-get install wget -y &&     wget https://raw.githubusercontent.com/llvm/llvm-project/5feb80e748924606531ba28c97fe65145c65372e/compiler-rt/lib/fuzzer/afl/afl_driver.cpp -O /afl/afl_driver.cpp &&     clang -Wno-pointer-sign -c /afl/llvm_mode/afl-llvm-rt.o.c -I/afl &&     clang++ -stdlib=libc++ -std=c++11 -O2 -c /afl/afl_driver.cpp &&     ar r /libAFL.a *.o
#6 sha256:31b32f898d238d8f9afa05e2a169bc679e85127f8db18ba77b0852b42aad017a
#6 1.464 Hit:1 http://ppa.launchpad.net/git-core/ppa/ubuntu focal InRelease
#6 1.568 Hit:2 http://archive.ubuntu.com/ubuntu focal InRelease
#6 1.588 Hit:3 http://security.ubuntu.com/ubuntu focal-security InRelease
#6 1.666 Hit:4 http://archive.ubuntu.com/ubuntu focal-updates InRelease
#6 1.764 Hit:5 http://archive.ubuntu.com/ubuntu focal-backports InRelease
#6 3.630 Reading package lists...
#6 6.961 Reading package lists...
#6 10.13 Building dependency tree...
#6 10.56 Reading state information...
#6 11.17 wget is already the newest version (1.20.3-1ubuntu2).
#6 11.17 0 upgraded, 0 newly installed, 0 to remove and 2 not upgraded.
#6 11.18 --2022-04-23 14:23:29--  https://raw.githubusercontent.com/llvm/llvm-project/5feb80e748924606531ba28c97fe65145c65372e/compiler-rt/lib/fuzzer/afl/afl_driver.cpp
#6 11.18 Resolving raw.githubusercontent.com (raw.githubusercontent.com)... 185.199.109.133, 185.199.110.133, 185.199.111.133, ...
#6 11.18 Connecting to raw.githubusercontent.com (raw.githubusercontent.com)|185.199.109.133|:443... connected.
#6 11.21 HTTP request sent, awaiting response... 200 OK
#6 11.37 Length: 9177 (9.0K) [text/plain]
#6 11.37 Saving to: '/afl/afl_driver.cpp'
#6 11.37 
#6 11.37      0K ........                                              100% 7.90M=0.001s
#6 11.37 
#6 11.37 2022-04-23 14:23:29 (7.90 MB/s) - '/afl/afl_driver.cpp' saved [9177/9177]
#6 11.37 
#6 14.71 ar: creating /libAFL.a
#6 DONE 14.8s

#8 exporting to image
#8 sha256:e8c613e07b0b7ff33893b694f7759a10d42e180f2b4dc349fb57dc6b71dcab00
#8 exporting layers done
#8 writing image sha256:815311bb252abe59524abd07791be4efc6ef3eb6b6e3ea3b72d9c38c5d286d81 done
#8 naming to gcr.io/fuzzbench/builders/afl/boringssl_fuzz_certs-intermediate done
#8 DONE 0.1s

#9 exporting cache
#9 sha256:2700d4ef94dee473593c5c614b55b2dedcca7893909811a8f2b48291a1f581e4
#9 preparing build cache for export done
#9 DONE 0.0s
------
 > importing cache manifest from gcr.io/fuzzbench/builders/afl/boringssl_fuzz_certs-intermediate:
------
#1 [internal] load build definition from Dockerfile
#1 sha256:c74cdebf83692e217bb218f1170e235c7a9b5e86b12dad85cb8d20b156d77044
#1 transferring dockerfile: 2.00kB done
#1 DONE 0.0s

#2 [internal] load .dockerignore
#2 sha256:61021b7bcb23edc4271aa6500b8ef4bff0601d00976ff35c1ea8be5e50309249
#2 transferring context: 34B done
#2 DONE 0.1s

#3 [internal] load metadata for docker.io/library/ubuntu:xenial
#3 sha256:f62bae18ed588840f045c881b2502661f2a89578a2f8f99b83f5200ee83dd25b
#3 DONE 0.0s

#12 importing cache manifest from gcr.io/fuzzbench/base-image
#12 sha256:9b220ebb4d4daceed1b96df9b6dca076e762f1cd612574f010b82d5b9e5ad896
#12 DONE 0.0s

#4 [1/7] FROM docker.io/library/ubuntu:xenial
#4 sha256:14dd403f25ae9e519bd44f27dc17af7ce80f5a4f9f48ca88108364e67ec5d360
#4 DONE 0.0s

#7 [internal] load build context
#7 sha256:0be57e3191f014c97731f0adbf06d6c4f62bc427772b80564418280a8bbb9315
#7 transferring context: 591B 0.0s done
#7 DONE 0.1s

#9 [5/7] RUN pip3 install -r /requirements.txt
#9 sha256:8b31aafdb661290b65cc7da5f5ab42b94e1872c00485eaf498f7f0ac62c98818
#9 CACHED

#10 [6/7] RUN apt-get update -y && apt-get install -y     apt-transport-https     lsb-release
#10 sha256:ebd319ba9aa21ba77e31dee0fe1aa6bb684522ad8e1074027b8dfc941b6f5c26
#10 CACHED

#5 [2/7] RUN apt-get update -y && apt-get install -y     build-essential     rsync     curl     zlib1g-dev     libncurses5-dev     libgdbm-dev     libnss3-dev     libssl-dev     libreadline-dev     libffi-dev     virtualenv     libbz2-dev     liblzma-dev     libsqlite3-dev
#5 sha256:3a1b0960f17eed529eaae93dc8fd3554f2743dd584d8fa569cdbe6bc734371ac
#5 CACHED

#6 [3/7] RUN cd /tmp/ &&     curl -O https://www.python.org/ftp/python/3.8.6/Python-3.8.6.tar.xz &&     tar -xvf Python-3.8.6.tar.xz &&     cd Python-3.8.6 &&     ./configure --enable-loadable-sqlite-extensions --enable-optimizations &&     make -j install &&     rm -r /tmp/Python-3.8.6.tar.xz /tmp/Python-3.8.6
#6 sha256:c5b9d1fb3371e84dbc60b76e7b2f8d5913bc93bcd4910ab65daa03e7b2ec4bb0
#6 CACHED

#8 [4/7] COPY ./requirements.txt /
#8 sha256:ab8e12e4e733d7301b1f20ae5fc87db07ee87c69461929d0f77893e5ae485bc5
#8 CACHED

#11 [7/7] RUN CLOUD_SDK_REPO="cloud-sdk-$(lsb_release -c -s)" &&     echo "deb https://packages.cloud.google.com/apt $CLOUD_SDK_REPO main"     | tee -a /etc/apt/sources.list.d/google-cloud-sdk.list &&     curl https://packages.cloud.google.com/apt/doc/apt-key.gpg     | apt-key add - &&     apt-get update -y &&     apt-get install -y google-cloud-sdk
#11 sha256:9968f2cffae47a7565d83fdf1c1e94f94a95d5813691d87ac9ffa380860a0292
#11 CACHED

#13 exporting to image
#13 sha256:e8c613e07b0b7ff33893b694f7759a10d42e180f2b4dc349fb57dc6b71dcab00
#13 exporting layers done
#13 writing image sha256:05b2aa84fbb14d46a2428ada51f12a750d9a6a7322c0a63b3b82bda36d00b178 done
#13 naming to gcr.io/fuzzbench/base-image done
#13 DONE 0.0s

#14 exporting cache
#14 sha256:2700d4ef94dee473593c5c614b55b2dedcca7893909811a8f2b48291a1f581e4
#14 preparing build cache for export done
#14 DONE 0.0s
#1 [internal] load build definition from Dockerfile
#1 sha256:53611d1f7f0f9f52f94d966260921c741057c57e96827ce72eaaaffa915e0ae8
#1 transferring dockerfile: 2.22kB done
#1 DONE 0.1s

#2 [internal] load .dockerignore
#2 sha256:39a0328331083c36b7534becbdb23d55b8974e6cad9eda33c7cd785d8209df72
#2 transferring context: 34B done
#2 DONE 0.0s

#6 [base-image 1/1] FROM gcr.io/fuzzbench/base-image
#6 sha256:4d07825694520f8b6f6a0d8592dbd345433361ae044cb7f06706c5a95e3daaad
#6 CACHED

#3 [internal] load metadata for gcr.io/fuzzbench/base-image:latest
#3 sha256:932022888f650cc455b10eb5123bb08c0cccacac29a693e69314abbfd28a72c3
#3 DONE 0.0s

#4 [internal] load metadata for gcr.io/fuzzbench/builders/afl/boringssl_fuzz_certs-intermediate:latest
#4 sha256:b96d17cf99a39dca2f386dbf35c61f99cc5344ded04a0a12b3c82664dccdfa0b
#4 DONE 0.0s

#11 [internal] load build context
#11 sha256:0de7314562c91c32a599a358b760632c81fa8026ddbd8cbd74493b3629e1a29b
#11 DONE 0.0s

#5 [stage-1  1/13] FROM gcr.io/fuzzbench/builders/afl/boringssl_fuzz_certs-intermediate
#5 sha256:aec89f015d1260aa4110c87751bef98602a5915599f3f6df1522af77a46e7bcb
#5 DONE 0.0s

#20 importing cache manifest from gcr.io/fuzzbench/builders/afl/boringssl_fuzz_certs
#20 sha256:ea19a8fea92422b325afbc910ad4b6c5e43e8f378433a6534df4b837bac789a6
#20 ERROR: gcr.io/fuzzbench/builders/afl/boringssl_fuzz_certs:latest: not found

#11 [internal] load build context
#11 sha256:0de7314562c91c32a599a358b760632c81fa8026ddbd8cbd74493b3629e1a29b
#11 transferring context: 742.39kB 0.2s done
#11 DONE 0.3s

#5 [stage-1  1/13] FROM gcr.io/fuzzbench/builders/afl/boringssl_fuzz_certs-intermediate
#5 sha256:aec89f015d1260aa4110c87751bef98602a5915599f3f6df1522af77a46e7bcb
#5 DONE 0.5s

#7 [stage-1  2/13] COPY --from=base-image /usr/local/bin/python3* /usr/local/bin/
#7 sha256:b7121764d4450e4dfb74c1e1d51142e551a2fd886922ca33f09d2afffc0bd26b
#7 DONE 0.4s

#8 [stage-1  3/13] COPY --from=base-image /usr/local/lib/python3.8 /usr/local/lib/python3.8
#8 sha256:37d0f30c39218bdcbda2b99208afcd104513b584a6b59833133d4b6f4afdb5a1
#8 DONE 21.5s

#9 [stage-1  4/13] COPY --from=base-image /usr/local/include/python3.8 /usr/local/include/python3.8
#9 sha256:409f4b8c3d970731cd52b95a006b8671488b821356335b636ae5c70b6903d503
#9 DONE 0.4s

#10 [stage-1  5/13] COPY --from=base-image /usr/local/lib/python3.8/site-packages /usr/local/lib/python3.8/site-packages
#10 sha256:70144bfabcb9e05dcf9d349b14eceaad8665eed63d77b2063795213afa46a1d0
#10 DONE 20.2s

#12 [stage-1  6/13] COPY fuzzers /src/fuzzers
#12 sha256:5f8b5f88d3804aac23a5acd7db069c77978c51842ad35b3a00fd0fd6c868cb41
#12 DONE 0.5s

#13 [stage-1  7/13] RUN touch /src/__init__.py
#13 sha256:5b8fd3c3148b3a15bacb41024e91d2fca413b471c7935a57dde12dd70b559e71
#13 DONE 1.7s

#14 [stage-1  8/13] COPY benchmarks/boringssl_fuzz_certs/benchmark.yaml /
#14 sha256:20de2fabc75133475d37ad9e80fbf8a13dd3d58501461441317e90661762ac2e
#14 DONE 0.5s

#15 [stage-1  9/13] RUN mkdir /opt/fuzzbench/
#15 sha256:c473163937939c259b6b70959fe49e3a587a02e2a395aa9399c24598d95b2e96
#15 DONE 1.2s

#16 [stage-1 10/13] COPY docker/benchmark-builder/checkout_commit.py /opt/fuzzbench/
#16 sha256:0a0d5418d771e1570cc1851d8077e2409cd274b267e342a46fb827b01a81b7df
#16 DONE 0.5s

#17 [stage-1 11/13] RUN export CHECKOUT_COMMIT=$(cat /benchmark.yaml | tr -d ' ' | grep 'commit:' | cut -d ':' -f2) &&     python3 -u /opt/fuzzbench/checkout_commit.py $CHECKOUT_COMMIT /src
#17 sha256:767e5672c8354e360457e0c39f84b52c33defc3712acc2a87090c43db95e5430
#17 1.291 Checking out commit 95a7b675
#17 3.147 From https://github.com/google/libprotobuf-mutator
#17 3.147  * [new tag]         v1.0       -> v1.0
#17 3.162 error: pathspec '95a7b675' did not match any file(s) known to git
#17 3.904 error: pathspec '95a7b675' did not match any file(s) known to git
#17 33.29 From https://boringssl.googlesource.com/boringssl
#17 33.29  * [new tag]             fips-20170615             -> fips-20170615
#17 33.29  * [new tag]             fips-20190808             -> fips-20190808
#17 33.29  * [new tag]             fips-20210429             -> fips-20210429
#17 33.29  * [new tag]             fips-android-20191020     -> fips-android-20191020
#17 33.29  * [new tag]             version_for_cocoapods_1.0 -> version_for_cocoapods_1.0
#17 33.29  * [new tag]             version_for_cocoapods_2.0 -> version_for_cocoapods_2.0
#17 33.29  * [new tag]             version_for_cocoapods_3.0 -> version_for_cocoapods_3.0
#17 33.29  * [new tag]             version_for_cocoapods_4.0 -> version_for_cocoapods_4.0
#17 33.29  * [new tag]             version_for_cocoapods_5.0 -> version_for_cocoapods_5.0
#17 33.29  * [new tag]             version_for_cocoapods_6.0 -> version_for_cocoapods_6.0
#17 33.29  * [new tag]             version_for_cocoapods_7.0 -> version_for_cocoapods_7.0
#17 33.29  * [new tag]             version_for_cocoapods_9.0 -> version_for_cocoapods_9.0
#17 33.31 error: pathspec '95a7b675' did not match any file(s) known to git
#17 33.33 error: pathspec '95a7b675' did not match any file(s) known to git
#17 33.35 error: pathspec '95a7b675' did not match any file(s) known to git
#17 33.53 error: pathspec '95a7b675' did not match any file(s) known to git
#17 33.65 Checkout unsuccessful.
#17 DONE 33.9s

#18 [stage-1 12/13] RUN echo "#!/bin/bash\nPYTHONPATH=/src python3 -u -c "from fuzzers import utils; utils.initialize_env(); from fuzzers.afl import fuzzer; fuzzer.build()"" > /usr/bin/fuzzer_build &&     chmod +x /usr/bin/fuzzer_build
#18 sha256:c3bf4cdde9d7cf6c36c2ec6f9e3c4a9c37ace8892b5624bb109ce7706464cc6d
#18 DONE 1.0s

#19 [stage-1 13/13] RUN echo "Run fuzzer_build to build the target" && if [ -z "$debug_builder" ] ; then fuzzer_build; fi
#19 sha256:4187e541f045165b39744abd14909d7a64f0d82a0d9e8b048e3e1d1aa835dd4e
#19 1.398 Run fuzzer_build to build the target
#19 1.626 FUZZ_TARGET = fuzz_certs
#19 1.627 CFLAGS = -DFUZZING_BUILD_MODE_UNSAFE_FOR_PRODUCTION -pthread -Wl,--no-as-needed -Wl,-ldl -Wl,-lm -Wno-unused-command-line-argument -O3
#19 1.628 CXXFLAGS = -DFUZZING_BUILD_MODE_UNSAFE_FOR_PRODUCTION -pthread -Wl,--no-as-needed -Wl,-ldl -Wl,-lm -Wno-unused-command-line-argument -stdlib=libc++ -O3
#19 1.646 Building benchmark boringssl_fuzz_certs with fuzzer afl
#19 1.651 + mkdir -p /work/boringssl
#19 1.659 + cd /work/boringssl
#19 1.659 + CFLAGS='-DFUZZING_BUILD_MODE_UNSAFE_FOR_PRODUCTION -pthread -Wl,--no-as-needed -Wl,-ldl -Wl,-lm -Wno-unused-command-line-argument -O3 -fsanitize-coverage=trace-pc-guard -DBORINGSSL_UNSAFE_FUZZER_MODE'
#19 1.659 + CXXFLAGS='-DFUZZING_BUILD_MODE_UNSAFE_FOR_PRODUCTION -pthread -Wl,--no-as-needed -Wl,-ldl -Wl,-lm -Wno-unused-command-line-argument -stdlib=libc++ -O3 -fsanitize-coverage=trace-pc-guard -DBORINGSSL_UNSAFE_FUZZER_MODE'
#19 1.659 + CMAKE_DEFINES=-DBORINGSSL_ALLOW_CXX_RUNTIME=1
#19 1.659 + [[ -DFUZZING_BUILD_MODE_UNSAFE_FOR_PRODUCTION -pthread -Wl,--no-as-needed -Wl,-ldl -Wl,-lm -Wno-unused-command-line-argument -O3 -fsanitize-coverage=trace-pc-guard -DBORINGSSL_UNSAFE_FUZZER_MODE = *sanitize=memory* ]]
#19 1.659 + cmake -GNinja -DCMAKE_C_COMPILER=clang -DCMAKE_CXX_COMPILER=clang++ '-DCMAKE_C_FLAGS=-DFUZZING_BUILD_MODE_UNSAFE_FOR_PRODUCTION -pthread -Wl,--no-as-needed -Wl,-ldl -Wl,-lm -Wno-unused-command-line-argument -O3 -fsanitize-coverage=trace-pc-guard -DBORINGSSL_UNSAFE_FUZZER_MODE' '-DCMAKE_CXX_FLAGS=-DFUZZING_BUILD_MODE_UNSAFE_FOR_PRODUCTION -pthread -Wl,--no-as-needed -Wl,-ldl -Wl,-lm -Wno-unused-command-line-argument -stdlib=libc++ -O3 -fsanitize-coverage=trace-pc-guard -DBORINGSSL_UNSAFE_FUZZER_MODE' -DBORINGSSL_ALLOW_CXX_RUNTIME=1 /src/boringssl/
#19 2.109 -- The C compiler identification is Clang 14.0.0
#19 2.134 -- Detecting C compiler ABI info
#19 2.448 -- Detecting C compiler ABI info - done
#19 2.542 -- Check for working C compiler: /usr/local/bin/clang - skipped
#19 2.543 -- Detecting C compile features
#19 2.545 -- Detecting C compile features - done
#19 3.012 -- The CXX compiler identification is Clang 14.0.0
#19 3.031 -- Detecting CXX compiler ABI info
#19 3.398 -- Detecting CXX compiler ABI info - done
#19 3.524 -- Check for working CXX compiler: /usr/local/bin/clang++ - skipped
#19 3.525 -- Detecting CXX compile features
#19 3.527 -- Detecting CXX compile features - done
#19 3.577 -- Found Perl: /usr/bin/perl (found version "5.30.0") 
#19 3.594 -- Checking for module 'libunwind-generic'
#19 3.609 --   No package 'libunwind-generic' found
#19 3.610 libunwind not found. Disabling unwind tests.
#19 3.684 -- The ASM compiler identification is Clang
#19 3.692 -- Found assembler: /usr/local/bin/clang
#19 3.737 -- Configuring done
#19 3.941 -- Generating done
#19 3.975 -- Build files have been written to: /work/boringssl
#19 3.993 + ninja
#19 4.202 [1/453] Generating rdrand-x86_64.S
#19 4.334 [2/453] Generating ghash-ssse3-x86_64.S
#19 4.358 [3/453] Generating p256_beeu-x86_64-asm.S
#19 4.505 [4/453] Generating md5-x86_64.S
#19 4.716 [5/453] Generating ghash-x86_64.S
#19 4.762 [6/453] Generating aesni-gcm-x86_64.S
#19 5.352 [7/453] Generating vpaes-x86_64.S
#19 5.410 [8/453] Generating rsaz-avx2.S
#19 5.514 [9/453] Generating aesni-x86_64.S
#19 6.125 [10/453] Generating x86_64-mont.S
#19 6.178 [11/453] Generating p256-x86_64-asm.S
#19 6.588 [12/453] Generating sha512-x86_64.S
#19 6.605 [13/453] Generating x86_64-mont5.S
#19 6.946 [14/453] Generating sha256-x86_64.S
#19 7.865 [15/453] Generating sha1-x86_64.S
#19 8.070 [16/453] Building C object crypto/fipsmodule/CMakeFiles/fipsmodule.dir/fips_shared_support.c.o
#19 8.238 [17/453] Building ASM object crypto/fipsmodule/CMakeFiles/fipsmodule.dir/aesni-gcm-x86_64.S.o
#19 8.502 [18/453] Building ASM object crypto/fipsmodule/CMakeFiles/fipsmodule.dir/aesni-x86_64.S.o
#19 8.763 [19/453] Building ASM object crypto/fipsmodule/CMakeFiles/fipsmodule.dir/ghash-ssse3-x86_64.S.o
#19 8.840 [20/453] Building CXX object crypto/test/CMakeFiles/test_support_lib.dir/malloc.cc.o
#19 8.952 [21/453] Building ASM object crypto/fipsmodule/CMakeFiles/fipsmodule.dir/ghash-x86_64.S.o
#19 9.012 [22/453] Building ASM object crypto/fipsmodule/CMakeFiles/fipsmodule.dir/md5-x86_64.S.o
#19 9.228 [23/453] Building ASM object crypto/fipsmodule/CMakeFiles/fipsmodule.dir/p256_beeu-x86_64-asm.S.o
#19 9.258 [24/453] Building ASM object crypto/fipsmodule/CMakeFiles/fipsmodule.dir/p256-x86_64-asm.S.o
#19 9.428 [25/453] Building ASM object crypto/fipsmodule/CMakeFiles/fipsmodule.dir/rdrand-x86_64.S.o
#19 9.489 [26/453] Generating crypto_test_data.cc
#19 9.533 [27/453] Building ASM object crypto/fipsmodule/CMakeFiles/fipsmodule.dir/rsaz-avx2.S.o
#19 9.798 [28/453] Building ASM object crypto/fipsmodule/CMakeFiles/fipsmodule.dir/sha1-x86_64.S.o
#19 9.818 [29/453] Building ASM object crypto/fipsmodule/CMakeFiles/fipsmodule.dir/sha256-x86_64.S.o
#19 9.988 [30/453] Building ASM object crypto/fipsmodule/CMakeFiles/fipsmodule.dir/vpaes-x86_64.S.o
#19 10.05 [31/453] Building ASM object crypto/fipsmodule/CMakeFiles/fipsmodule.dir/sha512-x86_64.S.o
#19 10.25 [32/453] Building ASM object crypto/fipsmodule/CMakeFiles/fipsmodule.dir/x86_64-mont5.S.o
#19 10.26 [33/453] Building ASM object crypto/fipsmodule/CMakeFiles/fipsmodule.dir/x86_64-mont.S.o
#19 12.63 [34/453] Building CXX object crypto/test/CMakeFiles/test_support_lib.dir/test_util.cc.o
#19 13.30 [35/453] Building CXX object crypto/test/CMakeFiles/test_support_lib.dir/wycheproof_util.cc.o
#19 14.60 [36/453] Building CXX object crypto/test/CMakeFiles/boringssl_gtest_main.dir/gtest_main.cc.o
#19 14.80 [37/453] Building CXX object crypto/test/CMakeFiles/test_support_lib.dir/abi_test.cc.o
#19 16.06 [38/453] Building CXX object crypto/test/CMakeFiles/test_support_lib.dir/file_test.cc.o
#19 16.12 [39/453] Linking CXX static library crypto/test/libtest_support_lib.a
#19 16.33 [40/453] Building CXX object CMakeFiles/crypto_test_data.dir/crypto_test_data.cc.o
#19 36.41 [41/453] Building CXX object CMakeFiles/boringssl_gtest.dir/third_party/googletest/src/gtest-all.cc.o
#19 36.45 [42/453] Linking CXX static library libboringssl_gtest.a
#19 50.73 [43/453] Building C object crypto/fipsmodule/CMakeFiles/fipsmodule.dir/bcm.c.o
#19 50.96 [44/453] Generating test/trampoline-x86_64.S
#19 51.34 [45/453] Generating chacha/chacha-x86_64.S
#19 51.73 [46/453] Generating cipher_extra/aes128gcmsiv-x86_64.S
#19 52.35 [47/453] Generating err_data.c
#19 52.80 [48/453] Generating cipher_extra/chacha20_poly1305_x86_64.S
#19 53.23 [49/453] Building C object crypto/CMakeFiles/crypto.dir/asn1/a_time.c.o
#19 53.24 [50/453] Building C object crypto/CMakeFiles/crypto.dir/asn1/a_bool.c.o
#19 53.34 [51/453] Building C object crypto/CMakeFiles/crypto.dir/asn1/a_dup.c.o
#19 53.40 [52/453] Building C object crypto/CMakeFiles/crypto.dir/asn1/a_i2d_fp.c.o
#19 53.49 [53/453] Building C object crypto/CMakeFiles/crypto.dir/asn1/a_type.c.o
#19 53.53 [54/453] Building C object crypto/CMakeFiles/crypto.dir/asn1/a_d2i_fp.c.o
#19 53.75 [55/453] Building C object crypto/CMakeFiles/crypto.dir/asn1/a_octet.c.o
#19 53.88 [56/453] Building C object crypto/CMakeFiles/crypto.dir/asn1/a_object.c.o
#19 53.92 [57/453] Building C object crypto/CMakeFiles/crypto.dir/asn1/a_print.c.o
#19 54.11 [58/453] Building C object crypto/CMakeFiles/crypto.dir/asn1/a_mbstr.c.o
#19 54.13 [59/453] Building C object crypto/CMakeFiles/crypto.dir/asn1/a_bitstr.c.o
#19 54.17 [60/453] Building C object crypto/CMakeFiles/crypto.dir/asn1/a_gentm.c.o
#19 54.30 [61/453] Building C object crypto/CMakeFiles/crypto.dir/asn1/a_utf8.c.o
#19 54.46 [62/453] Building C object crypto/CMakeFiles/crypto.dir/asn1/f_string.c.o
#19 54.55 [63/453] Building C object crypto/CMakeFiles/crypto.dir/asn1/a_strnid.c.o
#19 54.57 [64/453] Building C object crypto/CMakeFiles/crypto.dir/asn1/a_int.c.o
#19 54.61 [65/453] Building C object crypto/CMakeFiles/crypto.dir/asn1/f_int.c.o
#19 54.63 [66/453] Building C object crypto/CMakeFiles/crypto.dir/asn1/asn_pack.c.o
#19 54.64 [67/453] Building C object crypto/CMakeFiles/crypto.dir/asn1/asn1_par.c.o
#19 54.68 [68/453] Building C object crypto/CMakeFiles/crypto.dir/asn1/a_utctm.c.o
#19 55.10 [69/453] Building C object crypto/CMakeFiles/crypto.dir/asn1/asn1_lib.c.o
#19 55.14 [70/453] Building C object crypto/CMakeFiles/crypto.dir/asn1/tasn_typ.c.o
#19 55.20 [71/453] Building C object crypto/CMakeFiles/crypto.dir/asn1/tasn_fre.c.o
#19 55.32 [72/453] Building C object crypto/CMakeFiles/crypto.dir/asn1/time_support.c.o
#19 55.58 [73/453] Building C object crypto/CMakeFiles/crypto.dir/asn1/a_strex.c.o
#19 55.59 [74/453] Building C object crypto/CMakeFiles/crypto.dir/asn1/tasn_new.c.o
#19 55.67 [75/453] Building C object crypto/CMakeFiles/crypto.dir/asn1/tasn_utl.c.o
#19 55.92 [76/453] Building C object crypto/CMakeFiles/crypto.dir/bio/bio_mem.c.o
#19 55.95 [77/453] Building C object crypto/CMakeFiles/crypto.dir/bio/hexdump.c.o
#19 55.96 [78/453] Building C object crypto/CMakeFiles/crypto.dir/asn1/tasn_dec.c.o
#19 56.01 [79/453] Building C object crypto/CMakeFiles/crypto.dir/asn1/tasn_enc.c.o
#19 56.10 [80/453] Building C object crypto/CMakeFiles/crypto.dir/bio/printf.c.o
#19 56.32 [81/453] Building C object crypto/CMakeFiles/crypto.dir/bio/socket.c.o
#19 56.40 [82/453] Building C object crypto/CMakeFiles/crypto.dir/bio/connect.c.o
#19 56.41 [83/453] Building C object crypto/CMakeFiles/crypto.dir/bio/fd.c.o
#19 56.45 [84/453] Building C object crypto/CMakeFiles/crypto.dir/bn_extra/bn_asn1.c.o
#19 56.47 [85/453] Building C object crypto/CMakeFiles/crypto.dir/bio/file.c.o
#19 56.49 [86/453] Building C object crypto/CMakeFiles/crypto.dir/base64/base64.c.o
#19 56.51 [87/453] Building C object crypto/CMakeFiles/crypto.dir/bio/pair.c.o
#19 56.58 [88/453] Building C object crypto/CMakeFiles/crypto.dir/x509/asn1_gen.c.o
#19 56.72 [89/453] Building C object crypto/CMakeFiles/crypto.dir/bio/socket_helper.c.o
#19 56.85 [90/453] Building C object crypto/CMakeFiles/crypto.dir/blake2/blake2.c.o
#19 56.89 [91/453] Building C object crypto/CMakeFiles/crypto.dir/bytestring/unicode.c.o
#19 56.91 [92/453] Building C object crypto/CMakeFiles/crypto.dir/bytestring/asn1_compat.c.o
#19 57.15 [93/453] Building C object crypto/CMakeFiles/crypto.dir/buf/buf.c.o
#19 57.22 [94/453] Building C object crypto/CMakeFiles/crypto.dir/bytestring/ber.c.o
#19 57.25 [95/453] Building C object crypto/CMakeFiles/crypto.dir/bio/bio.c.o
#19 57.41 [96/453] Building C object crypto/CMakeFiles/crypto.dir/chacha/chacha.c.o
#19 57.45 [97/453] Building C object crypto/CMakeFiles/crypto.dir/cipher_extra/derive_key.c.o
#19 57.54 [98/453] Building C object crypto/CMakeFiles/crypto.dir/cipher_extra/cipher_extra.c.o
#19 57.71 [99/453] Building C object crypto/CMakeFiles/crypto.dir/cipher_extra/e_des.c.o
#19 57.98 [100/453] Building C object crypto/CMakeFiles/crypto.dir/cipher_extra/e_rc4.c.o
#19 58.00 [101/453] Building C object crypto/CMakeFiles/crypto.dir/cipher_extra/e_null.c.o
#19 58.05 [102/453] Building C object crypto/CMakeFiles/crypto.dir/cipher_extra/e_aesctrhmac.c.o
#19 58.10 [103/453] Building C object crypto/CMakeFiles/crypto.dir/bytestring/cbs.c.o
#19 58.11 [104/453] Building C object crypto/CMakeFiles/crypto.dir/cipher_extra/e_chacha20poly1305.c.o
#19 58.11 [105/453] Building C object crypto/CMakeFiles/crypto.dir/bn_extra/convert.c.o
#19 58.43 [106/453] Building C object crypto/CMakeFiles/crypto.dir/cpu_aarch64_apple.c.o
#19 58.47 [107/453] Building C object crypto/CMakeFiles/crypto.dir/cipher_extra/e_aesgcmsiv.c.o
#19 58.53 [108/453] Building C object crypto/CMakeFiles/crypto.dir/cpu_aarch64_fuchsia.c.o
#19 58.65 [109/453] Building C object crypto/CMakeFiles/crypto.dir/cpu_aarch64_win.c.o
#19 58.76 [110/453] Building C object crypto/CMakeFiles/crypto.dir/cpu_arm.c.o
#19 58.80 [111/453] Building C object crypto/CMakeFiles/crypto.dir/cpu_aarch64_linux.c.o
#19 58.88 [112/453] Building C object crypto/CMakeFiles/crypto.dir/cpu_arm_linux.c.o
#19 58.90 [113/453] Building C object crypto/CMakeFiles/crypto.dir/cpu_ppc64le.c.o
#19 59.06 [114/453] Building C object crypto/CMakeFiles/crypto.dir/crypto.c.o
#19 59.24 [115/453] Building C object crypto/CMakeFiles/crypto.dir/cmac/cmac.c.o
#19 59.31 [116/453] Building C object crypto/CMakeFiles/crypto.dir/cipher_extra/e_aesccm.c.o
#19 59.38 [117/453] Building C object crypto/CMakeFiles/crypto.dir/cpu_intel.c.o
#19 59.41 [118/453] Building C object crypto/CMakeFiles/crypto.dir/cipher_extra/e_rc2.c.o
#19 59.54 [119/453] Building C object crypto/CMakeFiles/crypto.dir/cipher_extra/tls_cbc.c.o
#19 59.63 [120/453] Building C object crypto/CMakeFiles/crypto.dir/cipher_extra/e_tls.c.o
#19 59.67 [121/453] Building C object crypto/CMakeFiles/crypto.dir/dh_extra/dh_asn1.c.o
#19 59.69 [122/453] Building C object crypto/CMakeFiles/crypto.dir/curve25519/spake25519.c.o
#19 59.76 [123/453] Building C object crypto/CMakeFiles/crypto.dir/dh_extra/params.c.o
#19 60.17 [124/453] Building C object crypto/CMakeFiles/crypto.dir/bytestring/cbb.c.o
#19 60.32 [125/453] Building C object crypto/CMakeFiles/crypto.dir/ecdh_extra/ecdh_extra.c.o
#19 60.43 [126/453] Building C object crypto/CMakeFiles/crypto.dir/conf/conf.c.o
#19 60.47 [127/453] Building C object crypto/CMakeFiles/crypto.dir/ec_extra/ec_asn1.c.o
#19 60.48 [128/453] Building C object crypto/CMakeFiles/crypto.dir/digest_extra/digest_extra.c.o
#19 60.61 [129/453] Building C object crypto/CMakeFiles/crypto.dir/dsa/dsa_asn1.c.o
#19 60.63 [130/453] Building C object crypto/CMakeFiles/crypto.dir/err_data.c.o
#19 60.64 [131/453] Building C object crypto/CMakeFiles/crypto.dir/ecdsa_extra/ecdsa_asn1.c.o
#19 60.88 [132/453] Building C object crypto/CMakeFiles/crypto.dir/ec_extra/ec_derive.c.o
#19 61.02 [133/453] Building C object crypto/CMakeFiles/crypto.dir/engine/engine.c.o
#19 61.10 [134/453] Building C object crypto/CMakeFiles/crypto.dir/ec_extra/hash_to_curve.c.o
#19 61.13 [135/453] Building C object crypto/CMakeFiles/crypto.dir/evp/digestsign.c.o
#19 61.63 [136/453] Building C object crypto/CMakeFiles/crypto.dir/evp/evp.c.o
#19 61.71 [137/453] Building C object crypto/CMakeFiles/crypto.dir/evp/evp_ctx.c.o
#19 61.73 [138/453] Building C object crypto/CMakeFiles/crypto.dir/evp/p_ec_asn1.c.o
#19 61.88 [139/453] Building C object crypto/CMakeFiles/crypto.dir/evp/p_dsa_asn1.c.o
#19 61.89 [140/453] Building C object crypto/CMakeFiles/crypto.dir/evp/p_ec.c.o
#19 61.99 [141/453] Building C object crypto/CMakeFiles/crypto.dir/evp/p_ed25519.c.o
#19 62.00 [142/453] Building C object crypto/CMakeFiles/crypto.dir/dsa/dsa.c.o
#19 62.29 [143/453] Building C object crypto/CMakeFiles/crypto.dir/evp/evp_asn1.c.o
#19 62.31 [144/453] Building C object crypto/CMakeFiles/crypto.dir/err/err.c.o
#19 62.36 [145/453] Building C object crypto/CMakeFiles/crypto.dir/evp/p_x25519.c.o
#19 62.45 [146/453] Building C object crypto/CMakeFiles/crypto.dir/evp/pbkdf.c.o
#19 62.47 [147/453] Building C object crypto/CMakeFiles/crypto.dir/evp/p_ed25519_asn1.c.o
#19 62.57 [148/453] Building C object crypto/CMakeFiles/crypto.dir/evp/p_rsa.c.o
#19 62.65 [149/453] Building C object crypto/CMakeFiles/crypto.dir/des/des.c.o
#19 62.67 [150/453] Building C object crypto/CMakeFiles/crypto.dir/evp/p_rsa_asn1.c.o
#19 62.78 [151/453] Building C object crypto/CMakeFiles/crypto.dir/evp/p_x25519_asn1.c.o
#19 62.84 [152/453] Building C object crypto/CMakeFiles/crypto.dir/evp/sign.c.o
#19 63.06 [153/453] Building C object crypto/CMakeFiles/crypto.dir/ex_data.c.o
#19 63.10 [154/453] Building C object crypto/CMakeFiles/crypto.dir/hkdf/hkdf.c.o
#19 63.48 [155/453] Building C object crypto/CMakeFiles/crypto.dir/obj/obj_xref.c.o
#19 63.50 [156/453] Building C object crypto/CMakeFiles/crypto.dir/evp/print.c.o
#19 64.01 [157/453] Building C object crypto/CMakeFiles/crypto.dir/evp/scrypt.c.o
#19 64.02 [158/453] Building C object crypto/CMakeFiles/crypto.dir/lhash/lhash.c.o
#19 64.14 [159/453] Building C object crypto/CMakeFiles/crypto.dir/hpke/hpke.c.o
#19 64.33 [160/453] Building C object crypto/CMakeFiles/crypto.dir/mem.c.o
#19 64.62 [161/453] Building C object crypto/CMakeFiles/crypto.dir/pem/pem_info.c.o
#19 64.76 [162/453] Building C object crypto/CMakeFiles/crypto.dir/pem/pem_oth.c.o
#19 64.85 [163/453] Building C object crypto/CMakeFiles/crypto.dir/pem/pem_pk8.c.o
#19 64.97 [164/453] Building C object crypto/CMakeFiles/crypto.dir/pem/pem_all.c.o
#19 65.17 [165/453] Building C object crypto/CMakeFiles/crypto.dir/pkcs7/pkcs7.c.o
#19 65.20 [166/453] Building C object crypto/CMakeFiles/crypto.dir/pem/pem_pkey.c.o
#19 65.28 [167/453] Building C object crypto/CMakeFiles/crypto.dir/pem/pem_x509.c.o
#19 65.34 [168/453] Building C object crypto/CMakeFiles/crypto.dir/obj/obj.c.o
#19 65.53 [169/453] Building C object crypto/CMakeFiles/crypto.dir/pem/pem_xaux.c.o
#19 65.56 [170/453] Building C object crypto/CMakeFiles/crypto.dir/pem/pem_lib.c.o
#19 65.59 [171/453] Building C object crypto/CMakeFiles/crypto.dir/poly1305/poly1305.c.o
#19 65.73 [172/453] Building C object crypto/CMakeFiles/crypto.dir/poly1305/poly1305_arm.c.o
#19 65.91 [173/453] Building C object crypto/CMakeFiles/crypto.dir/rand_extra/deterministic.c.o
#19 66.08 [174/453] Building C object crypto/CMakeFiles/crypto.dir/rand_extra/forkunsafe.c.o
#19 66.16 [175/453] Building C object crypto/CMakeFiles/crypto.dir/rand_extra/fuchsia.c.o
#19 66.35 [176/453] Building C object crypto/CMakeFiles/crypto.dir/pkcs8/p5_pbev2.c.o
#19 66.41 [177/453] Building C object crypto/CMakeFiles/crypto.dir/rand_extra/rand_extra.c.o
#19 66.46 [178/453] Building C object crypto/CMakeFiles/crypto.dir/pool/pool.c.o
#19 66.47 [179/453] Building C object crypto/CMakeFiles/crypto.dir/rand_extra/passive.c.o
#19 66.61 [180/453] Building C object crypto/CMakeFiles/crypto.dir/rand_extra/windows.c.o
#19 66.72 [181/453] Building C object crypto/CMakeFiles/crypto.dir/refcount_lock.c.o
#19 66.75 [182/453] Building C object crypto/CMakeFiles/crypto.dir/rc4/rc4.c.o
#19 66.97 [183/453] Building C object crypto/CMakeFiles/crypto.dir/pkcs7/pkcs7_x509.c.o
#19 67.00 [184/453] Building C object crypto/CMakeFiles/crypto.dir/refcount_c11.c.o
#19 67.07 [185/453] Building C object crypto/CMakeFiles/crypto.dir/rsa_extra/rsa_print.c.o
#19 67.09 [186/453] Building C object crypto/CMakeFiles/crypto.dir/pkcs8/pkcs8.c.o
#19 67.22 [187/453] Building C object crypto/CMakeFiles/crypto.dir/thread.c.o
#19 67.44 [188/453] Building C object crypto/CMakeFiles/crypto.dir/siphash/siphash.c.o
#19 67.45 [189/453] Building C object crypto/CMakeFiles/crypto.dir/thread_none.c.o
#19 67.47 [190/453] Building C object crypto/CMakeFiles/crypto.dir/stack/stack.c.o
#19 67.48 [191/453] Building C object crypto/CMakeFiles/crypto.dir/thread_win.c.o
#19 67.65 [192/453] Building C object crypto/CMakeFiles/crypto.dir/thread_pthread.c.o
#19 67.78 [193/453] Building C object crypto/CMakeFiles/crypto.dir/pkcs8/pkcs8_x509.c.o
#19 67.93 [194/453] Building C object crypto/CMakeFiles/crypto.dir/rsa_extra/rsa_asn1.c.o
#19 68.38 [195/453] Building C object crypto/CMakeFiles/crypto.dir/poly1305/poly1305_vec.c.o
#19 68.49 [196/453] Building C object crypto/CMakeFiles/crypto.dir/x509/a_verify.c.o
#19 68.61 [197/453] Building C object crypto/CMakeFiles/crypto.dir/x509/algorithm.c.o
#19 68.70 [198/453] Building C object crypto/CMakeFiles/crypto.dir/x509/a_digest.c.o
#19 68.96 [199/453] Building C object crypto/CMakeFiles/crypto.dir/x509/a_sign.c.o
#19 69.31 [200/453] Building C object crypto/CMakeFiles/crypto.dir/hrss/hrss.c.o
#19 69.55 [201/453] Building C object crypto/CMakeFiles/crypto.dir/trust_token/voprf.c.o
#19 69.91 [202/453] Building C object crypto/CMakeFiles/crypto.dir/trust_token/trust_token.c.o
#19 69.96 [203/453] Building C object crypto/CMakeFiles/crypto.dir/x509/by_file.c.o
#19 70.26 [204/453] Building C object crypto/CMakeFiles/crypto.dir/x509/i2d_pr.c.o
#19 70.78 [205/453] Building C object crypto/CMakeFiles/crypto.dir/x509/rsa_pss.c.o
#19 70.87 [206/453] Building C object crypto/CMakeFiles/crypto.dir/x509/by_dir.c.o
#19 71.15 [207/453] Building C object crypto/CMakeFiles/crypto.dir/x509/name_print.c.o
#19 71.21 [208/453] Building C object crypto/CMakeFiles/crypto.dir/x509/t_req.c.o
#19 71.40 [209/453] Building C object crypto/CMakeFiles/crypto.dir/trust_token/pmbtoken.c.o
#19 71.44 [210/453] Building C object crypto/CMakeFiles/crypto.dir/x509/t_crl.c.o
#19 71.97 [211/453] Building C object crypto/CMakeFiles/crypto.dir/x509/t_x509a.c.o
#19 72.35 [212/453] Building C object crypto/CMakeFiles/crypto.dir/x509/x509_d2.c.o
#19 72.41 [213/453] Building C object crypto/CMakeFiles/crypto.dir/x509/x509.c.o
#19 72.53 [214/453] Building C object crypto/CMakeFiles/crypto.dir/x509/t_x509.c.o
#19 72.66 [215/453] Building C object crypto/CMakeFiles/crypto.dir/x509/x509_def.c.o
#19 72.88 [216/453] Building C object crypto/CMakeFiles/crypto.dir/x509/x509_cmp.c.o
#19 73.27 [217/453] Building C object crypto/CMakeFiles/crypto.dir/x509/x509_req.c.o
#19 73.71 [218/453] Building C object crypto/CMakeFiles/crypto.dir/x509/x509_att.c.o
#19 73.73 [219/453] Building C object crypto/CMakeFiles/crypto.dir/x509/x509_ext.c.o
#19 73.75 [220/453] Building C object crypto/CMakeFiles/crypto.dir/curve25519/curve25519.c.o
#19 73.99 [221/453] Building CXX object tool/CMakeFiles/bssl.dir/args.cc.o
#19 74.20 [222/453] Building C object crypto/CMakeFiles/crypto.dir/x509/x509_set.c.o
#19 74.41 [223/453] Building C object crypto/CMakeFiles/crypto.dir/x509/x509_lu.c.o
#19 74.58 [224/453] Building C object crypto/CMakeFiles/crypto.dir/x509/x509_obj.c.o
#19 74.60 [225/453] Building C object crypto/CMakeFiles/crypto.dir/x509/x509_txt.c.o
#19 75.04 [226/453] Building C object crypto/CMakeFiles/crypto.dir/x509/x509_trs.c.o
#19 75.24 [227/453] Building C object crypto/CMakeFiles/crypto.dir/x509/x509_v3.c.o
#19 75.58 [228/453] Building C object crypto/CMakeFiles/crypto.dir/x509/x509cset.c.o
#19 75.66 [229/453] Building C object crypto/CMakeFiles/crypto.dir/x509/x509name.c.o
#19 75.73 [230/453] Building C object crypto/CMakeFiles/crypto.dir/x509/x509rset.c.o
#19 75.79 [231/453] Building C object crypto/CMakeFiles/crypto.dir/x509/x509spki.c.o
#19 75.94 [232/453] Building C object crypto/CMakeFiles/crypto.dir/x509/x509_vpm.c.o
#19 76.05 [233/453] Building C object crypto/CMakeFiles/crypto.dir/x509/x_algor.c.o
#19 76.25 [234/453] Building CXX object tool/CMakeFiles/bssl.dir/ciphers.cc.o
#19 76.34 [235/453] Building C object crypto/CMakeFiles/crypto.dir/x509/x_attrib.c.o
#19 76.57 [236/453] Building C object crypto/CMakeFiles/crypto.dir/x509/x_exten.c.o
#19 76.63 [237/453] Building C object crypto/CMakeFiles/crypto.dir/x509/x_info.c.o
#19 77.04 [238/453] Building C object crypto/CMakeFiles/crypto.dir/x509/x_pkey.c.o
#19 77.28 [239/453] Building C object crypto/CMakeFiles/crypto.dir/x509/x_req.c.o
#19 77.33 [240/453] Building C object crypto/CMakeFiles/crypto.dir/x509/x_name.c.o
#19 77.56 [241/453] Building C object crypto/CMakeFiles/crypto.dir/x509/x_sig.c.o
#19 77.61 [242/453] Building C object crypto/CMakeFiles/crypto.dir/x509/x_val.c.o
#19 77.66 [243/453] Building C object crypto/CMakeFiles/crypto.dir/x509/x_pubkey.c.o
#19 77.68 [244/453] Building C object crypto/CMakeFiles/crypto.dir/x509/x_spki.c.o
#19 77.68 [245/453] Building C object crypto/CMakeFiles/crypto.dir/x509/x_crl.c.o
#19 77.92 [246/453] Building C object crypto/CMakeFiles/crypto.dir/x509/x_all.c.o
#19 78.35 [247/453] Building C object crypto/CMakeFiles/crypto.dir/x509/x_x509a.c.o
#19 78.42 [248/453] Building C object crypto/CMakeFiles/crypto.dir/x509v3/pcy_map.c.o
#19 78.57 [249/453] Building C object crypto/CMakeFiles/crypto.dir/x509/x_x509.c.o
#19 78.68 [250/453] Building C object crypto/CMakeFiles/crypto.dir/x509v3/pcy_node.c.o
#19 78.80 [251/453] Building C object crypto/CMakeFiles/crypto.dir/x509v3/pcy_data.c.o
#19 78.82 [252/453] Building C object crypto/CMakeFiles/crypto.dir/x509v3/pcy_lib.c.o
#19 79.03 [253/453] Building C object crypto/CMakeFiles/crypto.dir/x509/x509_vfy.c.o
#19 79.20 [254/453] Building C object crypto/CMakeFiles/crypto.dir/x509v3/pcy_cache.c.o
#19 79.48 [255/453] Building C object crypto/CMakeFiles/crypto.dir/x509v3/v3_akeya.c.o
#19 79.59 [256/453] Building C object crypto/CMakeFiles/crypto.dir/x509v3/v3_bcons.c.o
#19 79.65 [257/453] Building C object crypto/CMakeFiles/crypto.dir/x509v3/v3_bitst.c.o
#19 79.67 [258/453] Building C object crypto/CMakeFiles/crypto.dir/x509v3/v3_akey.c.o
#19 80.15 [259/453] Building C object crypto/CMakeFiles/crypto.dir/x509v3/v3_extku.c.o
#19 80.23 [260/453] Building C object crypto/CMakeFiles/crypto.dir/x509v3/v3_alt.c.o
#19 80.47 [261/453] Building C object crypto/CMakeFiles/crypto.dir/x509v3/pcy_tree.c.o
#19 80.56 [262/453] Building C object crypto/CMakeFiles/crypto.dir/x509v3/v3_enum.c.o
#19 80.78 [263/453] Building C object crypto/CMakeFiles/crypto.dir/x509v3/v3_conf.c.o
#19 80.91 [264/453] Building C object crypto/CMakeFiles/crypto.dir/x509v3/v3_ia5.c.o
#19 80.98 [265/453] Building C object crypto/CMakeFiles/crypto.dir/x509v3/v3_cpols.c.o
#19 81.15 [266/453] Building C object crypto/CMakeFiles/crypto.dir/x509v3/v3_genn.c.o
#19 81.30 [267/453] Building C object crypto/CMakeFiles/crypto.dir/x509v3/v3_int.c.o
#19 81.47 [268/453] Building C object crypto/CMakeFiles/crypto.dir/x509v3/v3_crld.c.o
#19 81.54 [269/453] Building C object crypto/CMakeFiles/crypto.dir/x509v3/v3_info.c.o
#19 81.86 [270/453] Building C object crypto/CMakeFiles/crypto.dir/x509v3/v3_ocsp.c.o
#19 82.16 [271/453] Building C object crypto/CMakeFiles/crypto.dir/x509v3/v3_pcia.c.o
#19 82.22 [272/453] Building C object crypto/CMakeFiles/crypto.dir/x509v3/v3_lib.c.o
#19 82.34 [273/453] Building C object crypto/CMakeFiles/crypto.dir/x509v3/v3_pcons.c.o
#19 82.38 [274/453] Building CXX object tool/CMakeFiles/bssl.dir/client.cc.o
#19 82.41 [275/453] Building C object crypto/CMakeFiles/crypto.dir/x509v3/v3_pci.c.o
#19 82.58 [276/453] Building C object crypto/CMakeFiles/crypto.dir/x509v3/v3_ncons.c.o
#19 82.60 [277/453] Building C object crypto/CMakeFiles/crypto.dir/x509v3/v3_pmaps.c.o
#19 82.61 [278/453] Building ASM object crypto/CMakeFiles/crypto.dir/chacha/chacha-x86_64.S.o
#19 82.70 [279/453] Building ASM object crypto/CMakeFiles/crypto.dir/cipher_extra/aes128gcmsiv-x86_64.S.o
#19 82.73 [280/453] Building C object crypto/CMakeFiles/crypto.dir/x509v3/v3_prn.c.o
#19 82.81 [281/453] Building ASM object crypto/CMakeFiles/crypto.dir/test/trampoline-x86_64.S.o
#19 82.83 [282/453] Building ASM object crypto/CMakeFiles/crypto.dir/cipher_extra/chacha20_poly1305_x86_64.S.o
#19 83.11 [283/453] Building ASM object crypto/CMakeFiles/crypto.dir/hrss/asm/poly_rq_mul.S.o
#19 83.26 [284/453] Building C object crypto/CMakeFiles/crypto.dir/x509v3/v3_skey.c.o
#19 84.58 [285/453] Building C object crypto/CMakeFiles/crypto.dir/x509v3/v3_purp.c.o
#19 87.18 [286/453] Building C object crypto/CMakeFiles/crypto.dir/x509v3/v3_utl.c.o
#19 87.50 [287/453] Linking C static library crypto/libcrypto.a
#19 93.40 [288/453] Building CXX object crypto/CMakeFiles/crypto_test.dir/dsa/dsa_test.cc.o
#19 94.64 [289/453] Building CXX object crypto/CMakeFiles/urandom_test.dir/fipsmodule/rand/urandom_test.cc.o
#19 95.88 [290/453] Linking CXX executable crypto/urandom_test
#19 96.52 [291/453] Building CXX object tool/CMakeFiles/bssl.dir/server.cc.o
#19 102.4 [292/453] Building CXX object crypto/CMakeFiles/crypto_test.dir/digest_extra/digest_test.cc.o
#19 104.3 [293/453] Building CXX object crypto/CMakeFiles/crypto_test.dir/abi_self_test.cc.o
#19 109.4 [294/453] Building CXX object crypto/CMakeFiles/crypto_test.dir/err/err_test.cc.o
#19 109.7 [295/453] Building CXX object crypto/CMakeFiles/crypto_test.dir/base64/base64_test.cc.o
#19 113.2 [296/453] Building CXX object crypto/CMakeFiles/crypto_test.dir/blake2/blake2_test.cc.o
#19 113.6 [297/453] Building CXX object crypto/CMakeFiles/crypto_test.dir/buf/buf_test.cc.o
#19 115.7 [298/453] Building CXX object crypto/CMakeFiles/crypto_test.dir/evp/evp_extra_test.cc.o
#19 118.5 [299/453] Building CXX object crypto/CMakeFiles/crypto_test.dir/chacha/chacha_test.cc.o
#19 129.7 [300/453] Building CXX object crypto/CMakeFiles/crypto_test.dir/conf/conf_test.cc.o
#19 134.7 [301/453] Building CXX object crypto/CMakeFiles/crypto_test.dir/compiler_test.cc.o
#19 135.2 [302/453] Building CXX object crypto/CMakeFiles/crypto_test.dir/cpu_arm_linux_test.cc.o
#19 136.2 [303/453] Building CXX object crypto/CMakeFiles/crypto_test.dir/bio/bio_test.cc.o
#19 141.7 [304/453] Building CXX object crypto/CMakeFiles/crypto_test.dir/cmac/cmac_test.cc.o
#19 144.9 [305/453] Building CXX object crypto/CMakeFiles/crypto_test.dir/crypto_test.cc.o
#19 146.5 [306/453] Building CXX object crypto/CMakeFiles/crypto_test.dir/constant_time_test.cc.o
#19 147.6 [307/453] Building CXX object crypto/CMakeFiles/crypto_test.dir/cipher_extra/cipher_test.cc.o
#19 153.0 [308/453] Building CXX object crypto/CMakeFiles/crypto_test.dir/curve25519/spake25519_test.cc.o
#19 154.1 [309/453] Building CXX object crypto/CMakeFiles/crypto_test.dir/curve25519/ed25519_test.cc.o
#19 157.3 [310/453] Building CXX object crypto/CMakeFiles/crypto_test.dir/curve25519/x25519_test.cc.o
#19 163.8 [311/453] Building CXX object crypto/CMakeFiles/crypto_test.dir/dh_extra/dh_test.cc.o
#19 166.1 [312/453] Building CXX object crypto/CMakeFiles/crypto_test.dir/bytestring/bytestring_test.cc.o
#19 168.6 [313/453] Building CXX object crypto/CMakeFiles/crypto_test.dir/evp/pbkdf_test.cc.o
#19 173.4 [314/453] Building CXX object crypto/CMakeFiles/crypto_test.dir/evp/scrypt_test.cc.o
#19 173.6 [315/453] Building CXX object crypto/CMakeFiles/crypto_test.dir/ecdh_extra/ecdh_test.cc.o
#19 174.6 [316/453] Building CXX object crypto/CMakeFiles/crypto_test.dir/cipher_extra/aead_test.cc.o
#19 185.6 [317/453] Building CXX object crypto/CMakeFiles/crypto_test.dir/fipsmodule/md5/md5_test.cc.o
#19 193.2 [318/453] Building CXX object crypto/CMakeFiles/crypto_test.dir/asn1/asn1_test.cc.o
#19 194.9 [319/453] Building CXX object crypto/CMakeFiles/crypto_test.dir/evp/evp_test.cc.o
#19 195.4 [320/453] Building CXX object crypto/CMakeFiles/crypto_test.dir/fipsmodule/aes/aes_test.cc.o
#19 199.9 [321/453] Building CXX object crypto/CMakeFiles/crypto_test.dir/fipsmodule/rand/ctrdrbg_test.cc.o
#19 201.9 [322/453] Building CXX object crypto/CMakeFiles/crypto_test.dir/fipsmodule/ec/p256-nistz_test.cc.o
#19 202.2 [323/453] Building CXX object crypto/CMakeFiles/crypto_test.dir/fipsmodule/modes/gcm_test.cc.o
#19 209.6 [324/453] Building CXX object crypto/CMakeFiles/crypto_test.dir/fipsmodule/ecdsa/ecdsa_test.cc.o
#19 210.4 [325/453] Building CXX object crypto/CMakeFiles/crypto_test.dir/fipsmodule/rand/fork_detect_test.cc.o
#19 211.5 [326/453] Building CXX object crypto/CMakeFiles/crypto_test.dir/fipsmodule/sha/sha_test.cc.o
#19 220.8 [327/453] Building CXX object crypto/CMakeFiles/crypto_test.dir/hkdf/hkdf_test.cc.o
#19 227.1 [328/453] Building CXX object crypto/CMakeFiles/crypto_test.dir/impl_dispatch_test.cc.o
#19 229.2 [329/453] Building CXX object crypto/CMakeFiles/crypto_test.dir/hrss/hrss_test.cc.o
#19 231.4 [330/453] Building CXX object crypto/CMakeFiles/crypto_test.dir/hmac_extra/hmac_test.cc.o
#19 231.5 [331/453] Building CXX object crypto/CMakeFiles/crypto_test.dir/obj/obj_test.cc.o
#19 232.6 [332/453] Building CXX object crypto/CMakeFiles/crypto_test.dir/pem/pem_test.cc.o
#19 234.2 [333/453] Building CXX object crypto/CMakeFiles/crypto_test.dir/lhash/lhash_test.cc.o
#19 235.1 [334/453] Building CXX object crypto/CMakeFiles/crypto_test.dir/hpke/hpke_test.cc.o
#19 250.3 [335/453] Building CXX object crypto/CMakeFiles/crypto_test.dir/pkcs8/pkcs8_test.cc.o
#19 251.8 [336/453] Building CXX object crypto/CMakeFiles/crypto_test.dir/fipsmodule/ec/ec_test.cc.o
#19 255.0 [337/453] Building CXX object crypto/CMakeFiles/crypto_test.dir/rand_extra/rand_test.cc.o
#19 255.1 [338/453] Building CXX object crypto/CMakeFiles/crypto_test.dir/poly1305/poly1305_test.cc.o
#19 255.3 [339/453] Building CXX object crypto/CMakeFiles/crypto_test.dir/refcount_test.cc.o
#19 260.8 [340/453] Building CXX object crypto/CMakeFiles/crypto_test.dir/pool/pool_test.cc.o
#19 262.7 [341/453] Building CXX object crypto/CMakeFiles/crypto_test.dir/pkcs7/pkcs7_test.cc.o
#19 265.3 [342/453] Building CXX object crypto/CMakeFiles/crypto_test.dir/self_test.cc.o
#19 271.5 [343/453] Building CXX object crypto/CMakeFiles/crypto_test.dir/test/file_test_gtest.cc.o
#19 271.8 [344/453] Building CXX object crypto/CMakeFiles/crypto_test.dir/pkcs8/pkcs12_test.cc.o
#19 276.9 [345/453] Building CXX object crypto/CMakeFiles/crypto_test.dir/siphash/siphash_test.cc.o
#19 279.4 [346/453] Building CXX object ssl/CMakeFiles/ssl.dir/bio_ssl.cc.o
#19 279.8 [347/453] Building CXX object crypto/CMakeFiles/crypto_test.dir/thread_test.cc.o
#19 284.2 [348/453] Building CXX object crypto/CMakeFiles/crypto_test.dir/x509/x509_time_test.cc.o
#19 289.7 [349/453] Building CXX object ssl/CMakeFiles/ssl.dir/d1_pkt.cc.o
#19 290.1 [350/453] Building CXX object ssl/CMakeFiles/ssl.dir/d1_both.cc.o
#19 290.9 [351/453] Building CXX object ssl/CMakeFiles/ssl.dir/d1_lib.cc.o
#19 292.6 [352/453] Building CXX object crypto/CMakeFiles/crypto_test.dir/stack/stack_test.cc.o
#19 293.6 [353/453] Building CXX object crypto/CMakeFiles/crypto_test.dir/x509v3/tab_test.cc.o
#19 294.2 [354/453] Building CXX object ssl/CMakeFiles/ssl.dir/d1_srtp.cc.o
#19 299.1 [355/453] Building CXX object ssl/CMakeFiles/ssl.dir/dtls_method.cc.o
#19 299.2 [356/453] Building CXX object ssl/CMakeFiles/ssl.dir/dtls_record.cc.o
#19 304.9 [357/453] Building CXX object ssl/CMakeFiles/ssl.dir/encrypted_client_hello.cc.o
#19 307.2 [358/453] Building CXX object ssl/CMakeFiles/ssl.dir/handshake.cc.o
#19 308.3 [359/453] Building CXX object ssl/CMakeFiles/ssl.dir/handoff.cc.o
#19 309.2 [360/453] Building CXX object crypto/CMakeFiles/crypto_test.dir/rsa_extra/rsa_test.cc.o
#19 309.2 [361/453] Building CXX object crypto/CMakeFiles/crypto_test.dir/fipsmodule/bn/bn_test.cc.o
#19 316.2 [362/453] Building CXX object ssl/CMakeFiles/ssl.dir/extensions.cc.o
#19 317.0 [363/453] Building CXX object ssl/CMakeFiles/ssl.dir/s3_both.cc.o
#19 317.7 [364/453] Building CXX object ssl/CMakeFiles/ssl.dir/s3_lib.cc.o
#19 317.8 [365/453] Building CXX object ssl/CMakeFiles/ssl.dir/handshake_client.cc.o
#19 319.2 [366/453] Building CXX object ssl/CMakeFiles/ssl.dir/s3_pkt.cc.o
#19 319.5 [367/453] Building CXX object ssl/CMakeFiles/ssl.dir/ssl_aead_ctx.cc.o
#19 319.7 [368/453] Building CXX object ssl/CMakeFiles/ssl.dir/handshake_server.cc.o
#19 320.4 [369/453] Building CXX object ssl/CMakeFiles/ssl.dir/ssl_asn1.cc.o
#19 325.4 [370/453] Building CXX object ssl/CMakeFiles/ssl.dir/ssl_buffer.cc.o
#19 327.5 [371/453] Building CXX object ssl/CMakeFiles/ssl.dir/ssl_file.cc.o
#19 330.8 [372/453] Building CXX object ssl/CMakeFiles/ssl.dir/ssl_key_share.cc.o
#19 331.2 [373/453] Building CXX object ssl/CMakeFiles/ssl.dir/ssl_cert.cc.o
#19 332.5 [374/453] Building CXX object ssl/CMakeFiles/ssl.dir/ssl_privkey.cc.o
#19 333.9 [375/453] Building CXX object ssl/CMakeFiles/ssl.dir/ssl_cipher.cc.o
#19 334.5 [376/453] Building CXX object ssl/CMakeFiles/ssl.dir/ssl_stat.cc.o
#19 334.9 [377/453] Building CXX object ssl/CMakeFiles/ssl.dir/ssl_session.cc.o
#19 337.6 [378/453] Building CXX object ssl/CMakeFiles/ssl.dir/ssl_transcript.cc.o
#19 340.9 [379/453] Building CXX object ssl/CMakeFiles/ssl.dir/ssl_versions.cc.o
#19 341.8 [380/453] Building CXX object ssl/CMakeFiles/ssl.dir/ssl_lib.cc.o
#19 342.6 [381/453] Building CXX object ssl/CMakeFiles/ssl.dir/t1_enc.cc.o
#19 343.9 [382/453] Building CXX object ssl/CMakeFiles/ssl.dir/tls_method.cc.o
#19 344.3 [383/453] Building CXX object ssl/CMakeFiles/ssl.dir/tls_record.cc.o
#19 345.8 [384/453] Building C object ssl/CMakeFiles/ssl_test.dir/ssl_c_test.c.o
#19 346.6 [385/453] Building CXX object ssl/CMakeFiles/ssl.dir/tls13_both.cc.o
#19 347.9 [386/453] Building CXX object ssl/CMakeFiles/ssl.dir/ssl_x509.cc.o
#19 350.0 [387/453] Building CXX object ssl/test/CMakeFiles/bssl_shim.dir/async_bio.cc.o
#19 352.6 [388/453] Building CXX object crypto/CMakeFiles/crypto_test.dir/trust_token/trust_token_test.cc.o
#19 352.7 [389/453] Building CXX object ssl/CMakeFiles/ssl.dir/tls13_enc.cc.o
#19 353.1 [390/453] Building CXX object ssl/CMakeFiles/ssl.dir/tls13_client.cc.o
#19 357.7 [391/453] Building CXX object ssl/test/CMakeFiles/bssl_shim.dir/packeted_bio.cc.o
#19 358.3 [392/453] Building CXX object ssl/CMakeFiles/ssl.dir/tls13_server.cc.o
#19 358.4 [393/453] Linking CXX static library ssl/libssl.a
#19 361.2 [394/453] Building CXX object ssl/test/CMakeFiles/bssl_shim.dir/mock_quic_transport.cc.o
#19 363.2 [395/453] Building CXX object ssl/test/CMakeFiles/bssl_shim.dir/settings_writer.cc.o
#19 363.4 [396/453] Building CXX object ssl/test/CMakeFiles/handshaker.dir/async_bio.cc.o
#19 366.2 [397/453] Building CXX object ssl/CMakeFiles/ssl_test.dir/span_test.cc.o
#19 370.6 [398/453] Building CXX object ssl/test/CMakeFiles/bssl_shim.dir/handshake_util.cc.o
#19 371.1 [399/453] Building CXX object ssl/test/CMakeFiles/handshaker.dir/packeted_bio.cc.o
#19 372.2 [400/453] Building CXX object ssl/test/CMakeFiles/bssl_shim.dir/test_state.cc.o
#19 374.3 [401/453] Building CXX object ssl/test/CMakeFiles/handshaker.dir/mock_quic_transport.cc.o
#19 375.1 [402/453] Building CXX object ssl/test/CMakeFiles/bssl_shim.dir/bssl_shim.cc.o
#19 381.4 [403/453] Building CXX object tool/CMakeFiles/bssl.dir/const.cc.o
#19 381.6 [404/453] Building CXX object ssl/test/CMakeFiles/handshaker.dir/settings_writer.cc.o
#19 382.5 [405/453] Building CXX object ssl/test/CMakeFiles/handshaker.dir/handshaker.cc.o
#19 385.0 [406/453] Building CXX object ssl/test/CMakeFiles/handshaker.dir/handshake_util.cc.o
#19 386.7 [407/453] Building CXX object ssl/test/CMakeFiles/handshaker.dir/test_state.cc.o
#19 387.4 [408/453] Building CXX object tool/CMakeFiles/bssl.dir/digest.cc.o
#19 389.3 [409/453] Building CXX object tool/CMakeFiles/bssl.dir/fd.cc.o
#19 390.6 [410/453] Building CXX object tool/CMakeFiles/bssl.dir/file.cc.o
#19 394.8 [411/453] Building CXX object tool/CMakeFiles/bssl.dir/generate_ed25519.cc.o
#19 396.0 [412/453] Building CXX object tool/CMakeFiles/bssl.dir/generate_ech.cc.o
#19 397.6 [413/453] Building CXX object tool/CMakeFiles/bssl.dir/genrsa.cc.o
#19 399.5 [414/453] Building CXX object tool/CMakeFiles/bssl.dir/rand.cc.o
#19 399.8 [415/453] Building CXX object tool/CMakeFiles/bssl.dir/pkcs12.cc.o
#19 402.1 [416/453] Building C object decrepit/CMakeFiles/decrepit.dir/bio/base64_bio.c.o
#19 402.5 [417/453] Building C object decrepit/CMakeFiles/decrepit.dir/blowfish/blowfish.c.o
#19 402.7 [418/453] Building C object decrepit/CMakeFiles/decrepit.dir/cast/cast_tables.c.o
#19 403.1 [419/453] Building CXX object tool/CMakeFiles/bssl.dir/sign.cc.o
#19 403.5 [420/453] Building C object decrepit/CMakeFiles/decrepit.dir/cfb/cfb.c.o
#19 403.9 [421/453] Building C object decrepit/CMakeFiles/decrepit.dir/dh/dh_decrepit.c.o
#19 404.2 [422/453] Building C object decrepit/CMakeFiles/decrepit.dir/dsa/dsa_decrepit.c.o
#19 404.4 [423/453] Building C object decrepit/CMakeFiles/decrepit.dir/des/cfb64ede.c.o
#19 404.4 [424/453] Building C object decrepit/CMakeFiles/decrepit.dir/evp/dss1.c.o
#19 404.9 [425/453] Building C object decrepit/CMakeFiles/decrepit.dir/evp/evp_do_all.c.o
#19 405.0 [426/453] Building C object decrepit/CMakeFiles/decrepit.dir/obj/obj_decrepit.c.o
#19 405.1 [427/453] Building C object decrepit/CMakeFiles/decrepit.dir/rc4/rc4_decrepit.c.o
#19 405.4 [428/453] Building C object decrepit/CMakeFiles/decrepit.dir/cast/cast.c.o
#19 405.7 [429/453] Building C object decrepit/CMakeFiles/decrepit.dir/rsa/rsa_decrepit.c.o
#19 406.7 [430/453] Building CXX object tool/CMakeFiles/bssl.dir/tool.cc.o
#19 406.8 [431/453] Building C object decrepit/CMakeFiles/decrepit.dir/ssl/ssl_decrepit.c.o
#19 407.1 [432/453] Building C object decrepit/CMakeFiles/decrepit.dir/x509/x509_decrepit.c.o
#19 408.2 [433/453] Building C object decrepit/CMakeFiles/decrepit.dir/xts/xts.c.o
#19 408.8 [434/453] Building C object decrepit/CMakeFiles/decrepit.dir/ripemd/ripemd.c.o
#19 408.9 [435/453] Linking CXX static library decrepit/libdecrepit.a
#19 411.8 [436/453] Building CXX object tool/CMakeFiles/bssl.dir/transport_common.cc.o
#19 414.7 [437/453] Building CXX object ssl/test/CMakeFiles/bssl_shim.dir/test_config.cc.o
#19 420.3 [438/453] Linking CXX executable ssl/test/bssl_shim
#19 427.7 [439/453] Building CXX object decrepit/CMakeFiles/decrepit_test.dir/evp/evp_test.cc.o
#19 428.3 [440/453] Building CXX object decrepit/CMakeFiles/decrepit_test.dir/cast/cast_test.cc.o
#19 429.8 [441/453] Building CXX object decrepit/CMakeFiles/decrepit_test.dir/ripemd/ripemd_test.cc.o
#19 429.9 [442/453] Building CXX object decrepit/CMakeFiles/decrepit_test.dir/cfb/cfb_test.cc.o
#19 430.9 [443/453] Building CXX object ssl/test/CMakeFiles/handshaker.dir/test_config.cc.o
#19 431.0 [444/453] Building CXX object decrepit/CMakeFiles/decrepit_test.dir/blowfish/blowfish_test.cc.o
#19 433.2 [445/453] Linking CXX executable ssl/test/handshaker
#19 435.6 [446/453] Building CXX object decrepit/CMakeFiles/decrepit_test.dir/xts/xts_test.cc.o
#19 437.6 [447/453] Linking CXX executable decrepit/decrepit_test
#19 439.3 [448/453] Building CXX object crypto/CMakeFiles/crypto_test.dir/x509/x509_test.cc.o
#19 445.1 [449/453] Linking CXX executable crypto/crypto_test
#19 449.2 [450/453] Building CXX object tool/CMakeFiles/bssl.dir/speed.cc.o
#19 451.0 [451/453] Linking CXX executable tool/bssl
#19 507.5 [452/453] Building CXX object ssl/CMakeFiles/ssl_test.dir/ssl_test.cc.o
#19 509.6 [453/453] Linking CXX executable ssl/ssl_test
#19 509.6 ++ find /src/boringssl/fuzz/ -name '*.cc'
#19 509.7 + fuzzerFiles='/src/boringssl/fuzz/bn_mod_exp.cc
#19 509.7 /src/boringssl/fuzz/pkcs12.cc
#19 509.7 /src/boringssl/fuzz/client.cc
#19 509.7 /src/boringssl/fuzz/pkcs8.cc
#19 509.7 /src/boringssl/fuzz/server.cc
#19 509.7 /src/boringssl/fuzz/dtls_server.cc
#19 509.7 /src/boringssl/fuzz/bn_div.cc
#19 509.7 /src/boringssl/fuzz/read_pem.cc
#19 509.7 /src/boringssl/fuzz/ssl_ctx_api.cc
#19 509.7 /src/boringssl/fuzz/decode_client_hello_inner.cc
#19 509.7 /src/boringssl/fuzz/privkey.cc
#19 509.7 /src/boringssl/fuzz/session.cc
#19 509.7 /src/boringssl/fuzz/spki.cc
#19 509.7 /src/boringssl/fuzz/cert.cc
#19 509.7 /src/boringssl/fuzz/dtls_client.cc
#19 509.7 /src/boringssl/fuzz/arm_cpuinfo.cc'
#19 509.7 + find . -name '*.a'
#19 509.7 ./ssl/libssl.a
#19 509.7 ./crypto/test/libtest_support_lib.a
#19 509.7 ./crypto/libcrypto.a
#19 509.7 ./decrepit/libdecrepit.a
#19 509.7 ./libboringssl_gtest.a
#19 509.7 + for F in $fuzzerFiles
#19 509.7 ++ basename /src/boringssl/fuzz/bn_mod_exp.cc .cc
#19 509.7 + fuzzerName=bn_mod_exp
#19 509.7 + echo 'Building fuzzer bn_mod_exp'
#19 509.7 Building fuzzer bn_mod_exp
#19 509.7 + clang++ -DFUZZING_BUILD_MODE_UNSAFE_FOR_PRODUCTION -pthread -Wl,--no-as-needed -Wl,-ldl -Wl,-lm -Wno-unused-command-line-argument -stdlib=libc++ -O3 -fsanitize-coverage=trace-pc-guard -DBORINGSSL_UNSAFE_FUZZER_MODE -std=c++11 -o /out/bn_mod_exp /libAFL.a /src/boringssl/fuzz/bn_mod_exp.cc -I /src/boringssl/include ./ssl/libssl.a ./crypto/libcrypto.a
#19 510.8 In file included from /src/boringssl/fuzz/bn_mod_exp.cc:16:
#19 510.8 In file included from /src/boringssl/include/openssl/bytestring.h:20:
#19 510.8 /src/boringssl/include/openssl/span.h:104:34: error: no template named 'enable_if_t' in namespace 'std'
#19 510.8   using EnableIfContainer = std::enable_if_t<
#19 510.8                             ~~~~~^
#19 510.8 /src/boringssl/include/openssl/span.h:115:36: error: no template named 'EnableIfContainer'
#19 510.8   template <typename C, typename = EnableIfContainer<C>,
#19 510.8                                    ^
#19 510.8 /src/boringssl/include/openssl/span.h:116:29: error: no template named 'enable_if_t' in namespace 'std'
#19 510.8             typename = std::enable_if_t<std::is_const<T>::value, C>>
#19 510.8                        ~~~~~^
#19 510.8 /src/boringssl/include/openssl/span.h:119:36: error: no template named 'EnableIfContainer'
#19 510.8   template <typename C, typename = EnableIfContainer<C>,
#19 510.8                                    ^
#19 510.9 /src/boringssl/include/openssl/span.h:120:29: error: no template named 'enable_if_t' in namespace 'std'
#19 510.9             typename = std::enable_if_t<!std::is_const<T>::value, C>>
#19 510.9                        ~~~~~^
#19 511.0 5 errors generated.
#19 511.1 Traceback (most recent call last):
#19 511.1   File "<string>", line 1, in <module>
#19 511.1   File "/src/fuzzers/afl/fuzzer.py", line 40, in build
#19 511.1     utils.build_benchmark()
#19 511.1   File "/src/fuzzers/utils.py", line 82, in build_benchmark
#19 511.1     subprocess.check_call(['/bin/bash', '-ex', build_script], env=env)
#19 511.1   File "/usr/local/lib/python3.8/subprocess.py", line 364, in check_call
#19 511.1     raise CalledProcessError(retcode, cmd)
#19 511.1 subprocess.CalledProcessError: Command '['/bin/bash', '-ex', '/src/build.sh']' returned non-zero exit status 1.
#19 ERROR: executor failed running [/bin/sh -c echo "Run fuzzer_build to build the target" && if [ -z "$debug_builder" ] ; then fuzzer_build; fi]: exit code: 1
------
 > importing cache manifest from gcr.io/fuzzbench/builders/afl/boringssl_fuzz_certs:
------
------
 > [stage-1 13/13] RUN echo "Run fuzzer_build to build the target" && if [ -z "$debug_builder" ] ; then fuzzer_build; fi:
------
executor failed running [/bin/sh -c echo "Run fuzzer_build to build the target" && if [ -z "$debug_builder" ] ; then fuzzer_build; fi]: exit code: 1
make: *** [docker/generated.mk:278530: .afl-boringssl_fuzz_certs-builder] Error 1
