WARNING:root:gcloud not found in PATH.
INFO:root:Successfully integrated benchmark: libpng-proto_png_proto_fuzzer_example.
INFO:root:Please run "make test-run-afl-libpng-proto_png_proto_fuzzer_example" to test integration.
#1 [internal] load build definition from Dockerfile
#1 sha256:1e6b9241394429ec043741555ebe4835fa703a664ef26777a89c5957ab0dfe93
#1 transferring dockerfile: 1.23kB done
#1 DONE 0.1s

#2 [internal] load .dockerignore
#2 sha256:827e2957251e976dd8af6b9c63a5c7a621f80ebf6ef44fb0ad6fa96e6924b51b
#2 transferring context: 2B done
#2 DONE 0.1s

#3 [internal] load metadata for gcr.io/oss-fuzz-base/base-builder:latest
#3 sha256:f10dc39cc9d418a5bc416dead31a1902b6821fdae909cd3b08f7a3fd1faba7b5
#3 DONE 0.6s

#5 [1/6] FROM gcr.io/oss-fuzz-base/base-builder@sha256:41d7bbe7827592680a606c9bba1aeb6e23c7502ce8b633923b06542f4c706e7c
#5 sha256:660db69324ed478291dd329cbbfe422dccbc173f9ab806c069fac341073eab8c
#5 DONE 0.0s

#10 [internal] load build context
#10 sha256:d76cee3491b237718fa129799071d710361963d58b2403c8462ecd8384b58e33
#10 DONE 0.0s

#4 importing cache manifest from gcr.io/fuzzbench/builders/benchmark/libpng-proto_png_proto_fuzzer_example
#4 sha256:13c0e4be8462cc001d1445445bb9cd2eaa5d385ed44db5cf3e5afe38d9628cf9
#4 ERROR: gcr.io/fuzzbench/builders/benchmark/libpng-proto_png_proto_fuzzer_example:latest: not found

#5 [1/6] FROM gcr.io/oss-fuzz-base/base-builder@sha256:41d7bbe7827592680a606c9bba1aeb6e23c7502ce8b633923b06542f4c706e7c
#5 sha256:660db69324ed478291dd329cbbfe422dccbc173f9ab806c069fac341073eab8c
#5 CACHED

#6 [2/6] RUN apt-get update &&     apt-get install -y make autoconf automake libtool zlib1g-dev ninja-build cmake
#6 sha256:4fc20019cb390fb1f040bcdd39a29ed107bc04128e84b0b7eb235a06bcb8673e
#6 ...

#10 [internal] load build context
#10 sha256:d76cee3491b237718fa129799071d710361963d58b2403c8462ecd8384b58e33
#10 transferring context: 5.43kB done
#10 DONE 0.1s

#6 [2/6] RUN apt-get update &&     apt-get install -y make autoconf automake libtool zlib1g-dev ninja-build cmake
#6 sha256:4fc20019cb390fb1f040bcdd39a29ed107bc04128e84b0b7eb235a06bcb8673e
#6 0.934 Hit:1 http://ppa.launchpad.net/git-core/ppa/ubuntu focal InRelease
#6 0.934 Get:2 http://security.ubuntu.com/ubuntu focal-security InRelease [114 kB]
#6 0.937 Hit:3 http://archive.ubuntu.com/ubuntu focal InRelease
#6 0.960 Get:4 http://archive.ubuntu.com/ubuntu focal-updates InRelease [114 kB]
#6 1.053 Get:5 http://archive.ubuntu.com/ubuntu focal-backports InRelease [108 kB]
#6 1.526 Get:6 http://security.ubuntu.com/ubuntu focal-security/main i386 Packages [467 kB]
#6 1.655 Get:7 http://security.ubuntu.com/ubuntu focal-security/universe i386 Packages [657 kB]
#6 1.718 Get:8 http://archive.ubuntu.com/ubuntu focal-updates/restricted amd64 Packages [1042 kB]
#6 1.751 Get:9 http://security.ubuntu.com/ubuntu focal-security/main amd64 Packages [1557 kB]
#6 1.990 Get:10 http://security.ubuntu.com/ubuntu focal-security/restricted amd64 Packages [974 kB]
#6 2.016 Get:11 http://security.ubuntu.com/ubuntu focal-security/universe amd64 Packages [841 kB]
#6 2.061 Get:12 http://archive.ubuntu.com/ubuntu focal-updates/main amd64 Packages [1984 kB]
#6 2.350 Get:13 http://archive.ubuntu.com/ubuntu focal-updates/universe i386 Packages [827 kB]
#6 2.410 Get:14 http://archive.ubuntu.com/ubuntu focal-updates/universe amd64 Packages [1134 kB]
#6 2.472 Get:15 http://archive.ubuntu.com/ubuntu focal-updates/main i386 Packages [755 kB]
#6 3.546 Fetched 10.6 MB in 3s (4087 kB/s)
#6 3.546 Reading package lists...
#6 5.873 Reading package lists...
#6 7.835 Building dependency tree...
#6 8.121 Reading state information...
#6 8.446 make is already the newest version (4.2.1-1.2).
#6 8.446 make set to manually installed.
#6 8.446 The following additional packages will be installed:
#6 8.447   autotools-dev cmake-data libarchive13 libjsoncpp1 libltdl-dev libltdl7
#6 8.448   librhash0 libsigsegv2 libuv1 m4
#6 8.450 Suggested packages:
#6 8.450   autoconf-archive gnu-standards autoconf-doc gettext cmake-doc lrzip
#6 8.450   libtool-doc gfortran | fortran95-compiler gcj-jdk m4-doc
#6 8.547 The following NEW packages will be installed:
#6 8.549   autoconf automake autotools-dev cmake cmake-data libarchive13 libjsoncpp1
#6 8.551   libltdl-dev libltdl7 librhash0 libsigsegv2 libtool libuv1 m4 ninja-build
#6 8.551   zlib1g-dev
#6 8.631 0 upgraded, 16 newly installed, 0 to remove and 1 not upgraded.
#6 8.631 Need to get 7596 kB of archives.
#6 8.631 After this operation, 37.0 MB of additional disk space will be used.
#6 8.631 Get:1 http://archive.ubuntu.com/ubuntu focal-updates/main amd64 libuv1 amd64 1.34.2-1ubuntu1.3 [80.8 kB]
#6 8.723 Get:2 http://archive.ubuntu.com/ubuntu focal/main amd64 libsigsegv2 amd64 2.12-2 [13.9 kB]
#6 8.725 Get:3 http://archive.ubuntu.com/ubuntu focal/main amd64 m4 amd64 1.4.18-4 [199 kB]
#6 8.779 Get:4 http://archive.ubuntu.com/ubuntu focal/main amd64 autoconf all 2.69-11.1 [321 kB]
#6 8.874 Get:5 http://archive.ubuntu.com/ubuntu focal/main amd64 autotools-dev all 20180224.1 [39.6 kB]
#6 8.876 Get:6 http://archive.ubuntu.com/ubuntu focal/main amd64 automake all 1:1.16.1-4ubuntu6 [522 kB]
#6 8.963 Get:7 http://archive.ubuntu.com/ubuntu focal/main amd64 cmake-data all 3.16.3-1ubuntu1 [1612 kB]
#6 9.198 Get:8 http://archive.ubuntu.com/ubuntu focal-updates/main amd64 libarchive13 amd64 3.4.0-2ubuntu1.1 [327 kB]
#6 9.231 Get:9 http://archive.ubuntu.com/ubuntu focal/main amd64 libjsoncpp1 amd64 1.7.4-3.1ubuntu2 [75.6 kB]
#6 9.242 Get:10 http://archive.ubuntu.com/ubuntu focal/main amd64 librhash0 amd64 1.3.9-1 [113 kB]
#6 9.259 Get:11 http://archive.ubuntu.com/ubuntu focal/main amd64 cmake amd64 3.16.3-1ubuntu1 [3669 kB]
#6 9.746 Get:12 http://archive.ubuntu.com/ubuntu focal/main amd64 libltdl7 amd64 2.4.6-14 [38.5 kB]
#6 9.748 Get:13 http://archive.ubuntu.com/ubuntu focal/main amd64 libltdl-dev amd64 2.4.6-14 [162 kB]
#6 9.765 Get:14 http://archive.ubuntu.com/ubuntu focal/main amd64 libtool all 2.4.6-14 [161 kB]
#6 9.807 Get:15 http://archive.ubuntu.com/ubuntu focal/universe amd64 ninja-build amd64 1.10.0-1build1 [107 kB]
#6 9.812 Get:16 http://archive.ubuntu.com/ubuntu focal-updates/main amd64 zlib1g-dev amd64 1:1.2.11.dfsg-2ubuntu1.2 [155 kB]
#6 10.91 debconf: delaying package configuration, since apt-utils is not installed
#6 11.02 Fetched 7596 kB in 1s (6023 kB/s)
#6 11.15 Selecting previously unselected package libuv1:amd64.
#6 11.15 (Reading database ... (Reading database ... 5%(Reading database ... 10%(Reading database ... 15%(Reading database ... 20%(Reading database ... 25%(Reading database ... 30%(Reading database ... 35%(Reading database ... 40%(Reading database ... 45%(Reading database ... 50%(Reading database ... 55%(Reading database ... 60%(Reading database ... 65%(Reading database ... 70%(Reading database ... 75%(Reading database ... 80%(Reading database ... 85%(Reading database ... 90%(Reading database ... 95%(Reading database ... 100%(Reading database ... 21291 files and directories currently installed.)
#6 11.31 Preparing to unpack .../00-libuv1_1.34.2-1ubuntu1.3_amd64.deb ...
#6 11.35 Unpacking libuv1:amd64 (1.34.2-1ubuntu1.3) ...
#6 11.56 Selecting previously unselected package libsigsegv2:amd64.
#6 11.57 Preparing to unpack .../01-libsigsegv2_2.12-2_amd64.deb ...
#6 11.60 Unpacking libsigsegv2:amd64 (2.12-2) ...
#6 11.74 Selecting previously unselected package m4.
#6 11.74 Preparing to unpack .../02-m4_1.4.18-4_amd64.deb ...
#6 11.77 Unpacking m4 (1.4.18-4) ...
#6 11.96 Selecting previously unselected package autoconf.
#6 11.96 Preparing to unpack .../03-autoconf_2.69-11.1_all.deb ...
#6 12.05 Unpacking autoconf (2.69-11.1) ...
#6 12.35 Selecting previously unselected package autotools-dev.
#6 12.35 Preparing to unpack .../04-autotools-dev_20180224.1_all.deb ...
#6 12.38 Unpacking autotools-dev (20180224.1) ...
#6 12.55 Selecting previously unselected package automake.
#6 12.56 Preparing to unpack .../05-automake_1%3a1.16.1-4ubuntu6_all.deb ...
#6 12.58 Unpacking automake (1:1.16.1-4ubuntu6) ...
#6 12.84 Selecting previously unselected package cmake-data.
#6 12.85 Preparing to unpack .../06-cmake-data_3.16.3-1ubuntu1_all.deb ...
#6 12.87 Unpacking cmake-data (3.16.3-1ubuntu1) ...
#6 13.98 Selecting previously unselected package libarchive13:amd64.
#6 13.98 Preparing to unpack .../07-libarchive13_3.4.0-2ubuntu1.1_amd64.deb ...
#6 14.00 Unpacking libarchive13:amd64 (3.4.0-2ubuntu1.1) ...
#6 14.21 Selecting previously unselected package libjsoncpp1:amd64.
#6 14.21 Preparing to unpack .../08-libjsoncpp1_1.7.4-3.1ubuntu2_amd64.deb ...
#6 14.23 Unpacking libjsoncpp1:amd64 (1.7.4-3.1ubuntu2) ...
#6 14.43 Selecting previously unselected package librhash0:amd64.
#6 14.43 Preparing to unpack .../09-librhash0_1.3.9-1_amd64.deb ...
#6 14.46 Unpacking librhash0:amd64 (1.3.9-1) ...
#6 14.59 Selecting previously unselected package cmake.
#6 14.60 Preparing to unpack .../10-cmake_3.16.3-1ubuntu1_amd64.deb ...
#6 14.61 Unpacking cmake (3.16.3-1ubuntu1) ...
#6 15.48 Selecting previously unselected package libltdl7:amd64.
#6 15.49 Preparing to unpack .../11-libltdl7_2.4.6-14_amd64.deb ...
#6 15.51 Unpacking libltdl7:amd64 (2.4.6-14) ...
#6 15.66 Selecting previously unselected package libltdl-dev:amd64.
#6 15.66 Preparing to unpack .../12-libltdl-dev_2.4.6-14_amd64.deb ...
#6 15.68 Unpacking libltdl-dev:amd64 (2.4.6-14) ...
#6 16.12 Selecting previously unselected package libtool.
#6 16.13 Preparing to unpack .../13-libtool_2.4.6-14_all.deb ...
#6 16.19 Unpacking libtool (2.4.6-14) ...
#6 16.37 Selecting previously unselected package ninja-build.
#6 16.37 Preparing to unpack .../14-ninja-build_1.10.0-1build1_amd64.deb ...
#6 16.39 Unpacking ninja-build (1.10.0-1build1) ...
#6 16.75 Selecting previously unselected package zlib1g-dev:amd64.
#6 16.76 Preparing to unpack .../15-zlib1g-dev_1%3a1.2.11.dfsg-2ubuntu1.2_amd64.deb ...
#6 16.77 Unpacking zlib1g-dev:amd64 (1:1.2.11.dfsg-2ubuntu1.2) ...
#6 16.97 Setting up libarchive13:amd64 (3.4.0-2ubuntu1.1) ...
#6 17.03 Setting up ninja-build (1.10.0-1build1) ...
#6 17.08 Setting up autotools-dev (20180224.1) ...
#6 17.14 Setting up libuv1:amd64 (1.34.2-1ubuntu1.3) ...
#6 17.19 Setting up libsigsegv2:amd64 (2.12-2) ...
#6 17.24 Setting up libltdl7:amd64 (2.4.6-14) ...
#6 17.29 Setting up zlib1g-dev:amd64 (1:1.2.11.dfsg-2ubuntu1.2) ...
#6 17.34 Setting up librhash0:amd64 (1.3.9-1) ...
#6 17.41 Setting up cmake-data (3.16.3-1ubuntu1) ...
#6 17.48 Setting up libjsoncpp1:amd64 (1.7.4-3.1ubuntu2) ...
#6 17.54 Setting up libtool (2.4.6-14) ...
#6 17.63 Setting up m4 (1.4.18-4) ...
#6 17.68 Setting up autoconf (2.69-11.1) ...
#6 17.75 Setting up cmake (3.16.3-1ubuntu1) ...
#6 17.81 Setting up automake (1:1.16.1-4ubuntu6) ...
#6 17.86 update-alternatives: using /usr/bin/automake-1.16 to provide /usr/bin/automake (automake) in auto mode
#6 17.86 update-alternatives: warning: skip creation of /usr/share/man/man1/automake.1.gz because associated file /usr/share/man/man1/automake-1.16.1.gz (of link group automake) doesn't exist
#6 17.86 update-alternatives: warning: skip creation of /usr/share/man/man1/aclocal.1.gz because associated file /usr/share/man/man1/aclocal-1.16.1.gz (of link group automake) doesn't exist
#6 17.90 Setting up libltdl-dev:amd64 (2.4.6-14) ...
#6 17.96 Processing triggers for libc-bin (2.31-0ubuntu9.2) ...
#6 DONE 19.8s

#7 [3/6] RUN git clone --depth 1 https://github.com/glennrp/libpng.git
#7 sha256:5dc00fa862443af3d27d644c2d65a0faca7a433f989a2b77bf82448f15b73e4c
#7 0.681 Cloning into 'libpng'...
#7 DONE 3.5s

#8 [4/6] RUN git clone --depth 1 https://github.com/google/libprotobuf-mutator.git
#8 sha256:79e7e47577b03be5aec6785093d07e5bb1ac586af7308d0bb6d47560dcb5b8d5
#8 1.123 Cloning into 'libprotobuf-mutator'...
#8 DONE 2.4s

#9 [5/6] RUN (mkdir LPM && cd LPM && cmake ../libprotobuf-mutator -GNinja -DLIB_PROTO_MUTATOR_DOWNLOAD_PROTOBUF=ON -DLIB_PROTO_MUTATOR_TESTING=OFF && ninja)
#9 sha256:a747c847a03b50c9be0aea6acb35d8781db4f5bf879cdcce150a111643622905
#9 1.061 -- The CXX compiler identification is Clang 14.0.0
#9 1.109 -- Detecting CXX compiler ABI info
#9 1.255 -- Detecting CXX compiler ABI info - done
#9 1.287 -- Check for working CXX compiler: /usr/local/bin/clang++ - skipped
#9 1.288 -- Detecting CXX compile features
#9 1.291 -- Detecting CXX compile features - done
#9 1.414 -- The C compiler identification is Clang 14.0.0
#9 1.447 -- Detecting C compiler ABI info
#9 1.578 -- Detecting C compiler ABI info - done
#9 1.610 -- Check for working C compiler: /usr/local/bin/clang - skipped
#9 1.611 -- Detecting C compile features
#9 1.612 -- Detecting C compile features - done
#9 1.641 -- Looking for pthread.h
#9 1.785 -- Looking for pthread.h - found
#9 1.786 -- Performing Test CMAKE_HAVE_LIBC_PTHREAD
#9 1.944 -- Performing Test CMAKE_HAVE_LIBC_PTHREAD - Failed
#9 1.944 -- Check if compiler accepts -pthread
#9 2.096 -- Check if compiler accepts -pthread - yes
#9 2.105 -- Found Threads: TRUE  
#9 2.135 -- Could NOT find LibLZMA (missing: LIBLZMA_LIBRARY LIBLZMA_INCLUDE_DIR LIBLZMA_HAS_AUTO_DECODER LIBLZMA_HAS_EASY_ENCODER LIBLZMA_HAS_LZMA_PRESET) 
#9 2.169 -- Found ZLIB: /usr/lib/x86_64-linux-gnu/libz.so (found version "1.2.11") 
#9 2.172 -- Performing Test LIB_PROTO_MUTATOR_HAS_SANITIZE_ADDRESS
#9 2.655 -- Performing Test LIB_PROTO_MUTATOR_HAS_SANITIZE_ADDRESS - Success
#9 2.658 -- Performing Test LIB_PROTO_MUTATOR_HAS_SANITIZE_SCOPE
#9 3.087 -- Performing Test LIB_PROTO_MUTATOR_HAS_SANITIZE_SCOPE - Success
#9 3.090 -- Performing Test LIB_PROTO_MUTATOR_HAS_NO_COVERAGE
#9 3.224 -- Performing Test LIB_PROTO_MUTATOR_HAS_NO_COVERAGE - Success
#9 3.227 -- Performing Test LIB_PROTO_MUTATOR_HAS_SANITIZE_FUZZER
#9 3.549 -- Performing Test LIB_PROTO_MUTATOR_HAS_SANITIZE_FUZZER - Success
#9 3.552 -- Performing Test LIB_PROTO_MUTATOR_HAS_NO_SANITIZE_FUZZER
#9 3.688 -- Performing Test LIB_PROTO_MUTATOR_HAS_NO_SANITIZE_FUZZER - Success
#9 3.691 -- Performing Test LIB_PROTO_MUTATOR_HAS_WSTRING_CONVERSION
#9 3.828 -- Performing Test LIB_PROTO_MUTATOR_HAS_WSTRING_CONVERSION - Success
#9 3.865 -- Could NOT find Protobuf (missing: Protobuf_LIBRARIES Protobuf_INCLUDE_DIR) 
#9 4.067 -- Configuring done
#9 4.072 CMake Error: The following variables are used in this project, but they are set to NOTFOUND.
#9 4.072 Please set them or make sure they are set and tested correctly in the CMake files:
#9 4.072 LIBLZMA_LIBRARY (ADVANCED)
#9 4.072     linked by target "libxml2_example" in directory /src/libprotobuf-mutator/examples/libxml2
#9 4.072 
#9 4.126 -- Generating done
#9 4.132 CMake Generate step failed.  Build files cannot be regenerated correctly.
#9 ERROR: executor failed running [/bin/sh -c (mkdir LPM && cd LPM && cmake ../libprotobuf-mutator -GNinja -DLIB_PROTO_MUTATOR_DOWNLOAD_PROTOBUF=ON -DLIB_PROTO_MUTATOR_TESTING=OFF && ninja)]: exit code: 1
------
 > importing cache manifest from gcr.io/fuzzbench/builders/benchmark/libpng-proto_png_proto_fuzzer_example:
------
------
 > [5/6] RUN (mkdir LPM && cd LPM && cmake ../libprotobuf-mutator -GNinja -DLIB_PROTO_MUTATOR_DOWNLOAD_PROTOBUF=ON -DLIB_PROTO_MUTATOR_TESTING=OFF && ninja):
------
executor failed running [/bin/sh -c (mkdir LPM && cd LPM && cmake ../libprotobuf-mutator -GNinja -DLIB_PROTO_MUTATOR_DOWNLOAD_PROTOBUF=ON -DLIB_PROTO_MUTATOR_TESTING=OFF && ninja)]: exit code: 1
make: *** [docker/generated.mk:34306: .libpng-proto_png_proto_fuzzer_example-project-builder] Error 1
/bin/sh: 1: source: not found
#2 [internal] load .dockerignore
#2 sha256:8e95067c98a75ba5cdfda9c3ccb1739af511d1253a58243a2ba53d4cc0e94cb6
#2 transferring context: 2B done
#2 DONE 0.9s

#1 [internal] load build definition from Dockerfile
#1 sha256:cf092f8a7280c47f3bbff43f39d2411f0d42703cac84fb1aa2879c4d857e1c6c
#1 transferring dockerfile: 32B done
#1 DONE 0.9s

#3 [internal] load metadata for gcr.io/oss-fuzz-base/base-builder:latest
#3 sha256:f10dc39cc9d418a5bc416dead31a1902b6821fdae909cd3b08f7a3fd1faba7b5
#3 DONE 0.5s

#4 [1/6] FROM gcr.io/oss-fuzz-base/base-builder@sha256:41d7bbe7827592680a606c9bba1aeb6e23c7502ce8b633923b06542f4c706e7c
#4 sha256:660db69324ed478291dd329cbbfe422dccbc173f9ab806c069fac341073eab8c
#4 DONE 0.0s

#9 [internal] load build context
#9 sha256:9da462a415abfbd0d57280772f9bcb4e73be8ea0dcc2c058c64b5cce45f31c11
#9 DONE 0.0s

#11 importing cache manifest from gcr.io/fuzzbench/builders/benchmark/libpng-proto_png_proto_fuzzer_example
#11 sha256:13c0e4be8462cc001d1445445bb9cd2eaa5d385ed44db5cf3e5afe38d9628cf9
#11 ERROR: gcr.io/fuzzbench/builders/benchmark/libpng-proto_png_proto_fuzzer_example:latest: not found

#5 [2/6] RUN apt-get update &&     apt-get install -y make autoconf automake libtool zlib1g-dev ninja-build cmake
#5 sha256:4fc20019cb390fb1f040bcdd39a29ed107bc04128e84b0b7eb235a06bcb8673e
#5 CACHED

#6 [3/6] RUN git clone --depth 1 https://github.com/glennrp/libpng.git
#6 sha256:5dc00fa862443af3d27d644c2d65a0faca7a433f989a2b77bf82448f15b73e4c
#6 CACHED

#7 [4/6] RUN git clone --depth 1 https://github.com/google/libprotobuf-mutator.git
#7 sha256:79e7e47577b03be5aec6785093d07e5bb1ac586af7308d0bb6d47560dcb5b8d5
#7 CACHED

#9 [internal] load build context
#9 sha256:9da462a415abfbd0d57280772f9bcb4e73be8ea0dcc2c058c64b5cce45f31c11
#9 transferring context: 117B done
#9 DONE 0.2s

#8 [5/6] RUN (mkdir LPM && cd LPM && cmake ../libprotobuf-mutator -GNinja -DLIB_PROTO_MUTATOR_DOWNLOAD_PROTOBUF=ON -DLIB_PROTO_MUTATOR_TESTING=OFF && ninja)
#8 sha256:a747c847a03b50c9be0aea6acb35d8781db4f5bf879cdcce150a111643622905
#8 1.087 -- The CXX compiler identification is Clang 14.0.0
#8 1.113 -- Detecting CXX compiler ABI info
#8 1.253 -- Detecting CXX compiler ABI info - done
#8 1.285 -- Check for working CXX compiler: /usr/local/bin/clang++ - skipped
#8 1.286 -- Detecting CXX compile features
#8 1.288 -- Detecting CXX compile features - done
#8 1.407 -- The C compiler identification is Clang 14.0.0
#8 1.426 -- Detecting C compiler ABI info
#8 1.549 -- Detecting C compiler ABI info - done
#8 1.580 -- Check for working C compiler: /usr/local/bin/clang - skipped
#8 1.582 -- Detecting C compile features
#8 1.583 -- Detecting C compile features - done
#8 1.593 -- Looking for pthread.h
#8 1.731 -- Looking for pthread.h - found
#8 1.732 -- Performing Test CMAKE_HAVE_LIBC_PTHREAD
#8 1.878 -- Performing Test CMAKE_HAVE_LIBC_PTHREAD - Failed
#8 1.878 -- Check if compiler accepts -pthread
#8 2.022 -- Check if compiler accepts -pthread - yes
#8 2.025 -- Found Threads: TRUE  
#8 2.046 -- Could NOT find LibLZMA (missing: LIBLZMA_LIBRARY LIBLZMA_INCLUDE_DIR LIBLZMA_HAS_AUTO_DECODER LIBLZMA_HAS_EASY_ENCODER LIBLZMA_HAS_LZMA_PRESET) 
#8 2.078 -- Found ZLIB: /usr/lib/x86_64-linux-gnu/libz.so (found version "1.2.11") 
#8 2.080 -- Performing Test LIB_PROTO_MUTATOR_HAS_SANITIZE_ADDRESS
#8 2.508 -- Performing Test LIB_PROTO_MUTATOR_HAS_SANITIZE_ADDRESS - Success
#8 2.511 -- Performing Test LIB_PROTO_MUTATOR_HAS_SANITIZE_SCOPE
#8 2.952 -- Performing Test LIB_PROTO_MUTATOR_HAS_SANITIZE_SCOPE - Success
#8 2.955 -- Performing Test LIB_PROTO_MUTATOR_HAS_NO_COVERAGE
#8 3.089 -- Performing Test LIB_PROTO_MUTATOR_HAS_NO_COVERAGE - Success
#8 3.092 -- Performing Test LIB_PROTO_MUTATOR_HAS_SANITIZE_FUZZER
#8 3.410 -- Performing Test LIB_PROTO_MUTATOR_HAS_SANITIZE_FUZZER - Success
#8 3.413 -- Performing Test LIB_PROTO_MUTATOR_HAS_NO_SANITIZE_FUZZER
#8 3.546 -- Performing Test LIB_PROTO_MUTATOR_HAS_NO_SANITIZE_FUZZER - Success
#8 3.549 -- Performing Test LIB_PROTO_MUTATOR_HAS_WSTRING_CONVERSION
#8 3.682 -- Performing Test LIB_PROTO_MUTATOR_HAS_WSTRING_CONVERSION - Success
#8 3.706 -- Could NOT find Protobuf (missing: Protobuf_LIBRARIES Protobuf_INCLUDE_DIR) 
#8 3.900 -- Configuring done
#8 3.904 CMake Error: The following variables are used in this project, but they are set to NOTFOUND.
#8 3.904 Please set them or make sure they are set and tested correctly in the CMake files:
#8 3.904 LIBLZMA_LIBRARY (ADVANCED)
#8 3.904     linked by target "libxml2_example" in directory /src/libprotobuf-mutator/examples/libxml2
#8 3.904 
#8 3.951 -- Generating done
#8 3.958 CMake Generate step failed.  Build files cannot be regenerated correctly.
#8 ERROR: executor failed running [/bin/sh -c (mkdir LPM && cd LPM && cmake ../libprotobuf-mutator -GNinja -DLIB_PROTO_MUTATOR_DOWNLOAD_PROTOBUF=ON -DLIB_PROTO_MUTATOR_TESTING=OFF && ninja)]: exit code: 1
------
 > importing cache manifest from gcr.io/fuzzbench/builders/benchmark/libpng-proto_png_proto_fuzzer_example:
------
------
 > [5/6] RUN (mkdir LPM && cd LPM && cmake ../libprotobuf-mutator -GNinja -DLIB_PROTO_MUTATOR_DOWNLOAD_PROTOBUF=ON -DLIB_PROTO_MUTATOR_TESTING=OFF && ninja):
------
executor failed running [/bin/sh -c (mkdir LPM && cd LPM && cmake ../libprotobuf-mutator -GNinja -DLIB_PROTO_MUTATOR_DOWNLOAD_PROTOBUF=ON -DLIB_PROTO_MUTATOR_TESTING=OFF && ninja)]: exit code: 1
make: *** [docker/generated.mk:34306: .libpng-proto_png_proto_fuzzer_example-project-builder] Error 1
