WARNING:root:gcloud not found in PATH.
INFO:root:Successfully integrated benchmark: clickhouse_clickhouse.
INFO:root:Please run "make test-run-afl-clickhouse_clickhouse" to test integration.
#2 [internal] load .dockerignore
#2 sha256:b4f8aa2b46194207db8d65d0f584434e74b803f24a0d58051cd93910edd63f71
#2 transferring context:
#2 transferring context: 2B done
#2 DONE 1.2s

#1 [internal] load build definition from Dockerfile
#1 sha256:5ec72de376b762fa55d9e191e9ca10a83348a711934892c9c7dac035c1f23b1c
#1 transferring dockerfile: 32B done
#1 DONE 1.4s

#3 [internal] load metadata for gcr.io/oss-fuzz-base/base-builder:latest
#3 sha256:f10dc39cc9d418a5bc416dead31a1902b6821fdae909cd3b08f7a3fd1faba7b5
#3 DONE 0.4s

#12 [internal] load build context
#12 sha256:8c2d16ec3ff3acba634167efc840f8af9463262c675f7cd24cbedf21d81b6f6f
#12 DONE 0.0s

#5 [1/8] FROM gcr.io/oss-fuzz-base/base-builder@sha256:4ad017ca53699eda684c1c444948c93a4af848fe34baee3a765d3c4693fe6a56
#5 sha256:3f10b3978a3951f6e2692fa5e5890ee5a755650381dedece7198ed0b1dcdaa8c
#5 DONE 0.0s

#4 importing cache manifest from gcr.io/fuzzbench/builders/benchmark/clickhouse_clickhouse
#4 sha256:7fb42213e4fd05e00b69212424c6ed74c86b4003db08ea840656c421ae979e9e
#4 ERROR: gcr.io/fuzzbench/builders/benchmark/clickhouse_clickhouse:latest: not found

#5 [1/8] FROM gcr.io/oss-fuzz-base/base-builder@sha256:4ad017ca53699eda684c1c444948c93a4af848fe34baee3a765d3c4693fe6a56
#5 sha256:3f10b3978a3951f6e2692fa5e5890ee5a755650381dedece7198ed0b1dcdaa8c
#5 CACHED

#12 [internal] load build context
#12 sha256:8c2d16ec3ff3acba634167efc840f8af9463262c675f7cd24cbedf21d81b6f6f
#12 transferring context: 30B done
#12 DONE 0.1s

#6 [2/8] RUN apt-get update -y     && env DEBIAN_FRONTEND=noninteractive         apt-get install --yes --no-install-recommends             bash             wget             curl             expect             ninja-build             perl             pkg-config             python             python-lxml             python-requests             python-termcolor             sudo             tzdata
#6 sha256:24170e86a88bf3749eee468b7c8f653e4a5e388790da6713c544a220ee8c3e6e
#6 0.725 Hit:1 http://ppa.launchpad.net/git-core/ppa/ubuntu focal InRelease
#6 0.725 Hit:2 http://archive.ubuntu.com/ubuntu focal InRelease
#6 0.730 Get:3 http://archive.ubuntu.com/ubuntu focal-updates InRelease [114 kB]
#6 0.825 Get:4 http://archive.ubuntu.com/ubuntu focal-backports InRelease [108 kB]
#6 0.851 Get:5 http://security.ubuntu.com/ubuntu focal-security InRelease [114 kB]
#6 1.258 Get:6 http://archive.ubuntu.com/ubuntu focal-updates/main amd64 Packages [1973 kB]
#6 1.454 Get:7 http://archive.ubuntu.com/ubuntu focal-updates/main i386 Packages [752 kB]
#6 1.509 Get:8 http://archive.ubuntu.com/ubuntu focal-updates/universe i386 Packages [827 kB]
#6 1.571 Get:9 http://archive.ubuntu.com/ubuntu focal-updates/universe amd64 Packages [1134 kB]
#6 1.655 Get:10 http://archive.ubuntu.com/ubuntu focal-backports/universe i386 Packages [13.1 kB]
#6 1.656 Get:11 http://archive.ubuntu.com/ubuntu focal-backports/universe amd64 Packages [24.8 kB]
#6 1.658 Get:12 http://security.ubuntu.com/ubuntu focal-security/main amd64 Packages [1547 kB]
#6 2.205 Fetched 6607 kB in 2s (4230 kB/s)
#6 2.205 Reading package lists...
#6 3.694 Reading package lists...
#6 5.102 Building dependency tree...
#6 5.312 Reading state information...
#6 5.345 E: Unable to locate package python-requests
#6 5.345 E: Unable to locate package python-termcolor
#6 ERROR: executor failed running [/bin/sh -c apt-get update -y     && env DEBIAN_FRONTEND=noninteractive         apt-get install --yes --no-install-recommends             bash             wget             curl             expect             ninja-build             perl             pkg-config             python             python-lxml             python-requests             python-termcolor             sudo             tzdata]: exit code: 100
------
 > importing cache manifest from gcr.io/fuzzbench/builders/benchmark/clickhouse_clickhouse:
------
------
 > [2/8] RUN apt-get update -y     && env DEBIAN_FRONTEND=noninteractive         apt-get install --yes --no-install-recommends             bash             wget             curl             expect             ninja-build             perl             pkg-config             python             python-lxml             python-requests             python-termcolor             sudo             tzdata:
------
executor failed running [/bin/sh -c apt-get update -y     && env DEBIAN_FRONTEND=noninteractive         apt-get install --yes --no-install-recommends             bash             wget             curl             expect             ninja-build             perl             pkg-config             python             python-lxml             python-requests             python-termcolor             sudo             tzdata]: exit code: 100
make: *** [docker/generated.mk:8733: .clickhouse_clickhouse-project-builder] Error 1
/bin/sh: 1: source: not found
#1 [internal] load build definition from Dockerfile
#1 sha256:8ff063a97a65133504dd990c21dda417ffbbf5532c797c814bcc0a5b3ec66119
#1 transferring dockerfile: 32B done
#1 DONE 0.4s

#2 [internal] load .dockerignore
#2 sha256:813fd4ec00478fd2b79d62551a6f4d59dabac8e92ef527c6c4f3e95a352123ff
#2 transferring context: 2B done
#2 DONE 0.4s

#3 [internal] load metadata for gcr.io/oss-fuzz-base/base-builder:latest
#3 sha256:f10dc39cc9d418a5bc416dead31a1902b6821fdae909cd3b08f7a3fd1faba7b5
#3 DONE 0.4s

#12 [internal] load build context
#12 sha256:1ce52b23ddeeef55aa59d7c8a69bcca8bcd3585a95d2363d85e603319599ce82
#12 DONE 0.0s

#5 [1/8] FROM gcr.io/oss-fuzz-base/base-builder@sha256:4ad017ca53699eda684c1c444948c93a4af848fe34baee3a765d3c4693fe6a56
#5 sha256:3f10b3978a3951f6e2692fa5e5890ee5a755650381dedece7198ed0b1dcdaa8c
#5 DONE 0.0s

#4 importing cache manifest from gcr.io/fuzzbench/builders/benchmark/clickhouse_clickhouse
#4 sha256:7fb42213e4fd05e00b69212424c6ed74c86b4003db08ea840656c421ae979e9e
#4 ERROR: gcr.io/fuzzbench/builders/benchmark/clickhouse_clickhouse:latest: not found

#5 [1/8] FROM gcr.io/oss-fuzz-base/base-builder@sha256:4ad017ca53699eda684c1c444948c93a4af848fe34baee3a765d3c4693fe6a56
#5 sha256:3f10b3978a3951f6e2692fa5e5890ee5a755650381dedece7198ed0b1dcdaa8c
#5 CACHED

#12 [internal] load build context
#12 sha256:1ce52b23ddeeef55aa59d7c8a69bcca8bcd3585a95d2363d85e603319599ce82
#12 transferring context: 30B done
#12 DONE 0.4s

#6 [2/8] RUN apt-get update -y     && env DEBIAN_FRONTEND=noninteractive         apt-get install --yes --no-install-recommends             bash             wget             curl             expect             ninja-build             perl             pkg-config             python             python-lxml             python-requests             python-termcolor             sudo             tzdata
#6 sha256:24170e86a88bf3749eee468b7c8f653e4a5e388790da6713c544a220ee8c3e6e
#6 1.215 Hit:1 http://ppa.launchpad.net/git-core/ppa/ubuntu focal InRelease
#6 1.215 Hit:2 http://archive.ubuntu.com/ubuntu focal InRelease
#6 1.215 Get:3 http://archive.ubuntu.com/ubuntu focal-updates InRelease [114 kB]
#6 1.239 Get:4 http://security.ubuntu.com/ubuntu focal-security InRelease [114 kB]
#6 1.262 Get:5 http://archive.ubuntu.com/ubuntu focal-backports InRelease [108 kB]
#6 1.752 Get:6 http://archive.ubuntu.com/ubuntu focal-updates/main amd64 Packages [1973 kB]
#6 1.953 Get:7 http://archive.ubuntu.com/ubuntu focal-updates/universe i386 Packages [827 kB]
#6 2.019 Get:8 http://archive.ubuntu.com/ubuntu focal-updates/main i386 Packages [752 kB]
#6 2.069 Get:9 http://archive.ubuntu.com/ubuntu focal-updates/universe amd64 Packages [1134 kB]
#6 2.154 Get:10 http://archive.ubuntu.com/ubuntu focal-backports/universe i386 Packages [13.1 kB]
#6 2.155 Get:11 http://archive.ubuntu.com/ubuntu focal-backports/universe amd64 Packages [24.8 kB]
#6 2.156 Get:12 http://security.ubuntu.com/ubuntu focal-security/main amd64 Packages [1547 kB]
#6 2.758 Fetched 6607 kB in 2s (3952 kB/s)
#6 2.758 Reading package lists...
#6 4.247 Reading package lists...
#6 5.648 Building dependency tree...
#6 5.858 Reading state information...
#6 5.891 E: Unable to locate package python-requests
#6 5.891 E: Unable to locate package python-termcolor
#6 ERROR: executor failed running [/bin/sh -c apt-get update -y     && env DEBIAN_FRONTEND=noninteractive         apt-get install --yes --no-install-recommends             bash             wget             curl             expect             ninja-build             perl             pkg-config             python             python-lxml             python-requests             python-termcolor             sudo             tzdata]: exit code: 100
------
 > importing cache manifest from gcr.io/fuzzbench/builders/benchmark/clickhouse_clickhouse:
------
------
 > [2/8] RUN apt-get update -y     && env DEBIAN_FRONTEND=noninteractive         apt-get install --yes --no-install-recommends             bash             wget             curl             expect             ninja-build             perl             pkg-config             python             python-lxml             python-requests             python-termcolor             sudo             tzdata:
------
executor failed running [/bin/sh -c apt-get update -y     && env DEBIAN_FRONTEND=noninteractive         apt-get install --yes --no-install-recommends             bash             wget             curl             expect             ninja-build             perl             pkg-config             python             python-lxml             python-requests             python-termcolor             sudo             tzdata]: exit code: 100
make: *** [docker/generated.mk:8733: .clickhouse_clickhouse-project-builder] Error 1
