WARNING:root:gcloud not found in PATH.
INFO:root:Successfully integrated benchmark: tensorflow_tensorflow.
INFO:root:Please run "make test-run-afl-tensorflow_tensorflow" to test integration.
#2 [internal] load .dockerignore
#2 sha256:4a9c95ab13f5558ebd7e1cb78dec33738a64f007a029579b883f4e70cb93098e
#2 transferring context: 2B done
#2 ...

#1 [internal] load build definition from Dockerfile
#1 sha256:77b3d43f1563732e2d4c15ce679ad2077d1ecb5f58f0fcef12f1a2c7ca5542de
#1 transferring dockerfile: 32B done
#1 DONE 0.3s

#2 [internal] load .dockerignore
#2 sha256:4a9c95ab13f5558ebd7e1cb78dec33738a64f007a029579b883f4e70cb93098e
#2 DONE 0.9s

#3 [internal] load metadata for gcr.io/oss-fuzz-base/base-builder:latest
#3 sha256:f10dc39cc9d418a5bc416dead31a1902b6821fdae909cd3b08f7a3fd1faba7b5
#3 DONE 0.6s

#12 [internal] load build context
#12 sha256:dddc23e30e4e5ce4f1ad4b0921b204da0a988eeb40fac377a137c512f22ff6d1
#12 DONE 0.0s

#5 [1/8] FROM gcr.io/oss-fuzz-base/base-builder@sha256:112044a9815d235113677d459cf2ece740a51f2b85081c8f66943dcdc72ddf7f
#5 sha256:4aee4bf9f7280ac8b7f02b8d29e6e084dd034d2c294b4e3e05d8ce7048a1450f
#5 DONE 0.0s

#4 importing cache manifest from gcr.io/fuzzbench/builders/benchmark/tensorflow_tensorflow
#4 sha256:83a1e181caae138b2c36e4224b6b6f88b1c1eb4ca7140d6f53e615da70dbfe48
#4 ERROR: gcr.io/fuzzbench/builders/benchmark/tensorflow_tensorflow:latest: not found

#12 [internal] load build context
#12 sha256:dddc23e30e4e5ce4f1ad4b0921b204da0a988eeb40fac377a137c512f22ff6d1
#12 transferring context: 30B done
#12 DONE 1.0s

#10 [6/8] RUN git clone --depth 1 https://github.com/tensorflow/tensorflow tensorflow
#10 sha256:0187ba12e29f242e8128746cbfb4289be61f7ef5968440a6d14e328ce951f8b4
#10 CACHED

#11 [7/8] WORKDIR /src/tensorflow
#11 sha256:3e15200706fb9a5c723a6d4823ff7081f8a9152db2f0ac4b8a2cf6410907d90e
#11 CACHED

#6 [2/8] RUN apt-get update && apt-get install -y --no-install-recommends         curl         rsync         &&     apt-get clean &&     rm -rf /var/lib/apt/lists/*
#6 sha256:fe87010b12d222a9647397dce9361bf36e4fa048faac0daedd6afdede0c204d0
#6 CACHED

#7 [3/8] RUN python3 -m pip install numpy
#7 sha256:5009f8f9be23e3dd43df32286bbb072619efee94a0ef72e4f540c93fc50430fa
#7 CACHED

#8 [4/8] RUN ln -s /usr/local/bin/python3 /usr/local/bin/python
#8 sha256:df635b74bef56e7d392af6c8b4861aa1943199eb2cb7ccf94c15b1e0640cb45c
#8 CACHED

#9 [5/8] RUN curl -Lo /usr/bin/bazel         https://github.com/bazelbuild/bazelisk/releases/download/v1.1.0/bazelisk-linux-amd64         &&     chmod +x /usr/bin/bazel
#9 sha256:d94d21cf2112aa00e156b5a73d05a668007fa1426b093b4247fb198f901899c0
#9 CACHED

#13 [8/8] COPY build.sh /src/
#13 sha256:82aab4305f9589b23ccf0d6e6d0f32a637f3d0ffbee026f01ec01d0984444bac
#13 CACHED

#14 exporting to image
#14 sha256:e8c613e07b0b7ff33893b694f7759a10d42e180f2b4dc349fb57dc6b71dcab00
#14 exporting layers done
#14 writing image sha256:8ce790bb4e87dc12169803a32e8ab2b5bb9c4d86686ed05a338215b3c913680e
#14 writing image sha256:8ce790bb4e87dc12169803a32e8ab2b5bb9c4d86686ed05a338215b3c913680e 0.1s done
#14 naming to gcr.io/fuzzbench/builders/benchmark/tensorflow_tensorflow
#14 naming to gcr.io/fuzzbench/builders/benchmark/tensorflow_tensorflow 0.1s done
#14 DONE 1.5s

#15 exporting cache
#15 sha256:2700d4ef94dee473593c5c614b55b2dedcca7893909811a8f2b48291a1f581e4
#15 preparing build cache for export done
#15 DONE 0.0s
------
 > importing cache manifest from gcr.io/fuzzbench/builders/benchmark/tensorflow_tensorflow:
------
#1 [internal] load build definition from builder.Dockerfile
#1 sha256:4571ba8b078d021567e0fdd62a56234fd0a409978767e258a7ff6e8978420f3f
#1 transferring dockerfile: 46B done
#1 DONE 0.1s

#2 [internal] load .dockerignore
#2 sha256:55718a71c1c0ccf94398fa06441a1cf02c1d118383af6af949315d4c4650da15
#2 transferring context: 2B done
#2 DONE 0.2s

#3 [internal] load metadata for gcr.io/fuzzbench/builders/benchmark/tensorflow_tensorflow:latest
#3 sha256:f4f4876a1b6034a549ec85ff044ca0447ee36bcbb8519301d038ebe742c20e95
#3 DONE 0.0s

#5 [1/3] FROM gcr.io/fuzzbench/builders/benchmark/tensorflow_tensorflow
#5 sha256:0da68fdbceb0a0437a6d101256075170951e209676e53f8f18123dede7819a9a
#5 DONE 0.0s

#4 importing cache manifest from gcr.io/fuzzbench/builders/afl/tensorflow_tensorflow-intermediate
#4 sha256:d86fc56e9cbb241ab7ba3a8d8da9c2489cd1a53a7518e7f9cccfbb30a0402c45
#4 ERROR: gcr.io/fuzzbench/builders/afl/tensorflow_tensorflow-intermediate:latest: not found

#6 [2/3] RUN git clone https://github.com/google/AFL.git /afl &&     cd /afl &&     git checkout 61037103ae3722c8060ff7082994836a794f978e &&     AFL_NO_X86=1 make
#6 sha256:bc2bba9bf31e5fe591fdbe4a2e44ef34dbfbfe34eab1c5a5884b1d119247fb35
#6 CACHED

#7 [3/3] RUN apt-get update &&     apt-get install wget -y &&     wget https://raw.githubusercontent.com/llvm/llvm-project/5feb80e748924606531ba28c97fe65145c65372e/compiler-rt/lib/fuzzer/afl/afl_driver.cpp -O /afl/afl_driver.cpp &&     clang -Wno-pointer-sign -c /afl/llvm_mode/afl-llvm-rt.o.c -I/afl &&     clang++ -stdlib=libc++ -std=c++11 -O2 -c /afl/afl_driver.cpp &&     ar r /libAFL.a *.o
#7 sha256:151754e3df1e0485aa3cccfcd5cc17f20e21f94caefcf76f91c14577981b31ec
#7 CACHED

#8 exporting to image
#8 sha256:e8c613e07b0b7ff33893b694f7759a10d42e180f2b4dc349fb57dc6b71dcab00
#8 exporting layers done
#8 writing image sha256:b04b11d94ca4596eded3acf651d1b5cc02ef757d14a31119709f0af6d794eb70
#8 writing image sha256:b04b11d94ca4596eded3acf651d1b5cc02ef757d14a31119709f0af6d794eb70 0.4s done
#8 naming to gcr.io/fuzzbench/builders/afl/tensorflow_tensorflow-intermediate 0.1s done
#8 DONE 3.2s

#9 exporting cache
#9 sha256:2700d4ef94dee473593c5c614b55b2dedcca7893909811a8f2b48291a1f581e4
#9 preparing build cache for export done
#9 DONE 0.0s
------
 > importing cache manifest from gcr.io/fuzzbench/builders/afl/tensorflow_tensorflow-intermediate:
------
#2 [internal] load .dockerignore
#2 sha256:d1645fe4bfa52e7152bc4ee5015b7b5b98fb499674d805efeef9fb98fd91efa8
#2 ...

#1 [internal] load build definition from Dockerfile
#1 sha256:847e4227bb8e534d6d3b21c872ce96e45d0852b5e310f724d1ee8d701e339ed4
#1 transferring dockerfile: 2.00kB done
#1 DONE 0.6s

#2 [internal] load .dockerignore
#2 sha256:d1645fe4bfa52e7152bc4ee5015b7b5b98fb499674d805efeef9fb98fd91efa8
#2 transferring context: 143B done
#2 DONE 0.9s

#3 [internal] load metadata for docker.io/library/ubuntu:xenial
#3 sha256:f62bae18ed588840f045c881b2502661f2a89578a2f8f99b83f5200ee83dd25b
#3 DONE 0.0s

#11 [1/7] FROM docker.io/library/ubuntu:xenial
#11 sha256:14dd403f25ae9e519bd44f27dc17af7ce80f5a4f9f48ca88108364e67ec5d360
#11 DONE 0.0s

#4 importing cache manifest from gcr.io/fuzzbench/base-image
#4 sha256:9b220ebb4d4daceed1b96df9b6dca076e762f1cd612574f010b82d5b9e5ad896
#4 DONE 0.0s

#12 [internal] load build context
#12 sha256:fa10444d409268f4acb68c68a9772c292c287efd202a673eaaf066401731df1e
#12 transferring context: 559B done
#12 DONE 2.1s

#5 [2/7] RUN apt-get update -y && apt-get install -y     build-essential     rsync     curl     zlib1g-dev     libncurses5-dev     libgdbm-dev     libnss3-dev     libssl-dev     libreadline-dev     libffi-dev     virtualenv     libbz2-dev     liblzma-dev     libsqlite3-dev
#5 sha256:3a1b0960f17eed529eaae93dc8fd3554f2743dd584d8fa569cdbe6bc734371ac
#5 CACHED

#6 [3/7] RUN cd /tmp/ &&     curl -O https://www.python.org/ftp/python/3.8.6/Python-3.8.6.tar.xz &&     tar -xvf Python-3.8.6.tar.xz &&     cd Python-3.8.6 &&     ./configure --enable-loadable-sqlite-extensions --enable-optimizations &&     make -j install &&     rm -r /tmp/Python-3.8.6.tar.xz /tmp/Python-3.8.6
#6 sha256:c5b9d1fb3371e84dbc60b76e7b2f8d5913bc93bcd4910ab65daa03e7b2ec4bb0
#6 CACHED

#7 [4/7] COPY ./requirements.txt /
#7 sha256:97acb9c31f8a0adc21c90c2d976f20e28eaa51de38226ea5ece5e858f9083703
#7 CACHED

#8 [5/7] RUN pip3 install -r /requirements.txt
#8 sha256:129c856698f69f1187974495eccd5bfee09374bc75f5ec72ad2d2f606ca37d08
#8 CACHED

#9 [6/7] RUN apt-get update -y && apt-get install -y     apt-transport-https     lsb-release
#9 sha256:11eb1f2da12b3f4842ca81de90ebd5693cb66ca9ed4b3e5eb00c75dabd106691
#9 CACHED

#10 [7/7] RUN CLOUD_SDK_REPO="cloud-sdk-$(lsb_release -c -s)" &&     echo "deb https://packages.cloud.google.com/apt $CLOUD_SDK_REPO main"     | tee -a /etc/apt/sources.list.d/google-cloud-sdk.list &&     curl https://packages.cloud.google.com/apt/doc/apt-key.gpg     | apt-key add - &&     apt-get update -y &&     apt-get install -y google-cloud-sdk
#10 sha256:0a17f7e66d71fd6ce7e9f4b3af5068c6ea7d820fc6921c38dc3c46fd5b8b5b6b
#10 CACHED

#13 exporting to image
#13 sha256:e8c613e07b0b7ff33893b694f7759a10d42e180f2b4dc349fb57dc6b71dcab00
#13 exporting layers done
#13 writing image sha256:ef0e87506e02e8309334e3a5cc106b4cd4043dd187be24e173eb28546ac98029 0.0s done
#13 naming to gcr.io/fuzzbench/base-image done
#13 DONE 0.4s

#14 exporting cache
#14 sha256:2700d4ef94dee473593c5c614b55b2dedcca7893909811a8f2b48291a1f581e4
#14 preparing build cache for export done
#14 DONE 0.0s
#1 [internal] load build definition from Dockerfile
#1 sha256:00cf0dfcc6f4f0a66bef25df35e1205476369b9177c561cc61372587d1e6ed97
#1 transferring dockerfile:
#1 transferring dockerfile: 2.22kB done
#1 DONE 0.4s

#2 [internal] load .dockerignore
#2 sha256:71036ac690e5944f4cc534ee401a6f853cb50118d1a447a48b4b33402efd077a
#2 transferring context: 34B done
#2 DONE 0.6s

#7 [base-image 1/1] FROM gcr.io/fuzzbench/base-image
#7 sha256:4d07825694520f8b6f6a0d8592dbd345433361ae044cb7f06706c5a95e3daaad
#7 CACHED

#6 [stage-1  1/13] FROM gcr.io/fuzzbench/builders/afl/tensorflow_tensorflow-intermediate
#6 sha256:89694648d4b34c2de5660d83a35f977a122b17d056c288e24acf016f6c31ae90
#6 DONE 0.5s

#8 [stage-1  2/13] COPY --from=base-image /usr/local/bin/python3* /usr/local/bin/
#8 sha256:6de518fdb5a2c3924c7dfb6a316463de00a84bb7dad6fcd3455c7790f8613369
#8 DONE 0.5s

#9 [stage-1  3/13] COPY --from=base-image /usr/local/lib/python3.8 /usr/local/lib/python3.8
#9 sha256:cb4b0b64271e37cbffc70e48e364a6ce0a206556297d869c7d2b6504e9d4294b
#9 DONE 14.6s

#10 [stage-1  4/13] COPY --from=base-image /usr/local/include/python3.8 /usr/local/include/python3.8
#10 sha256:8c6b8b9085ad09060313b4e6e06a20401f713a72b833f539fa3012597476aeac
#10 DONE 0.3s

#11 [stage-1  5/13] COPY --from=base-image /usr/local/lib/python3.8/site-packages /usr/local/lib/python3.8/site-packages
#11 sha256:21eff37354f4b340b65abde4b0a91459eceaf1c29daa61f0f9d251ab18a27b57
#11 DONE 22.5s

#4 [internal] load metadata for gcr.io/fuzzbench/base-image:latest
#4 sha256:932022888f650cc455b10eb5123bb08c0cccacac29a693e69314abbfd28a72c3
#4 DONE 0.0s

#3 [internal] load metadata for gcr.io/fuzzbench/builders/afl/tensorflow_tensorflow-intermediate:latest
#3 sha256:2b3999da39383c4c9b67cd2813885b4d08e796723901db97341e83af53796427
#3 DONE 0.0s

#12 [internal] load build context
#12 sha256:9392e97744c2167c644adabc23eeef57363302b5c0e906e9ccb8629b4153bd2d
#12 DONE 0.0s

#5 importing cache manifest from gcr.io/fuzzbench/builders/afl/tensorflow_tensorflow
#5 sha256:ab4d3d74da97dba018c500aa643a265465791c53366c84cc90f1715b4e70f799
#5 ERROR: gcr.io/fuzzbench/builders/afl/tensorflow_tensorflow:latest: not found

#12 [internal] load build context
#12 sha256:9392e97744c2167c644adabc23eeef57363302b5c0e906e9ccb8629b4153bd2d
#12 transferring context: 669.89kB 0.1s done
#12 DONE 2.4s

#13 [stage-1  6/13] COPY fuzzers /src/fuzzers
#13 sha256:8fb329d10da30fe2b757c553dd4eb501cf4496f903dd1633b2f1b934bf03d07b
#13 CACHED

#14 [stage-1  7/13] RUN touch /src/__init__.py
#14 sha256:39b580001b9680671d95343f7d7d4f16d055afe8f013c04d307fed9291113eff
#14 CACHED

#15 [stage-1  8/13] COPY benchmarks/tensorflow_tensorflow/benchmark.yaml /
#15 sha256:1af39abbbf08e035183a5efe8e5d5f50190accf95044a79a7319c03d9c5a39a4
#15 DONE 44.2s

#16 [stage-1  9/13] RUN mkdir /opt/fuzzbench/
#16 sha256:5275ed94f90e0109e5b46d53fc68ba2702b51c419288dc55342103774e89d271
#16 DONE 10.0s

#17 [stage-1 10/13] COPY docker/benchmark-builder/checkout_commit.py /opt/fuzzbench/
#17 sha256:cf41ac2cff98f150cf3e0777a1f6511936a0acddcd4488d7b8578bb3bd2914d4
#17 DONE 0.4s

#18 [stage-1 11/13] RUN export CHECKOUT_COMMIT=$(cat /benchmark.yaml | tr -d ' ' | grep 'commit:' | cut -d ':' -f2) &&     python3 -u /opt/fuzzbench/checkout_commit.py $CHECKOUT_COMMIT /src
#18 sha256:b5ecf1f18f93bdd88570c36b463e159705f6a2068662e269b94328aee20c5474
#18 0.575 Checking out commit 1d5a2cd8
#18 164.9 From https://github.com/tensorflow/tensorflow
#18 164.9  * [new tag]                 0.12.0-rc0   -> 0.12.0-rc0
#18 164.9  * [new tag]                 0.12.0-rc1   -> 0.12.0-rc1
#18 164.9  * [new tag]                 0.12.1       -> 0.12.1
#18 164.9  * [new tag]                 0.5.0        -> 0.5.0
#18 164.9  * [new tag]                 0.6.0        -> 0.6.0
#18 164.9  * [new tag]                 v0.10.0      -> v0.10.0
#18 164.9  * [new tag]                 v0.10.0rc0   -> v0.10.0rc0
#18 164.9  * [new tag]                 v0.11.0      -> v0.11.0
#18 164.9  * [new tag]                 v0.11.0rc0   -> v0.11.0rc0
#18 164.9  * [new tag]                 v0.11.0rc1   -> v0.11.0rc1
#18 164.9  * [new tag]                 v0.11.0rc2   -> v0.11.0rc2
#18 164.9  * [new tag]                 v0.12.0      -> v0.12.0
#18 164.9  * [new tag]                 v0.7.0       -> v0.7.0
#18 164.9  * [new tag]                 v0.7.1       -> v0.7.1
#18 164.9  * [new tag]                 v0.8.0rc0    -> v0.8.0rc0
#18 164.9  * [new tag]                 v0.9.0       -> v0.9.0
#18 164.9  * [new tag]                 v0.9.0rc0    -> v0.9.0rc0
#18 164.9  * [new tag]                 v1.0.0       -> v1.0.0
#18 164.9  * [new tag]                 v1.0.0-alpha -> v1.0.0-alpha
#18 164.9  * [new tag]                 v1.0.0-rc0   -> v1.0.0-rc0
#18 164.9  * [new tag]                 v1.0.0-rc1   -> v1.0.0-rc1
#18 164.9  * [new tag]                 v1.0.0-rc2   -> v1.0.0-rc2
#18 164.9  * [new tag]                 v1.1.0       -> v1.1.0
#18 164.9  * [new tag]                 v1.1.0-rc0   -> v1.1.0-rc0
#18 164.9  * [new tag]                 v1.1.0-rc1   -> v1.1.0-rc1
#18 164.9  * [new tag]                 v1.1.0-rc2   -> v1.1.0-rc2
#18 164.9  * [new tag]                 v1.12.0      -> v1.12.0
#18 164.9  * [new tag]                 v1.12.0-rc0  -> v1.12.0-rc0
#18 164.9  * [new tag]                 v1.12.0-rc1  -> v1.12.0-rc1
#18 164.9  * [new tag]                 v1.12.0-rc2  -> v1.12.0-rc2
#18 164.9  * [new tag]                 v1.12.1      -> v1.12.1
#18 164.9  * [new tag]                 v1.2.0       -> v1.2.0
#18 164.9  * [new tag]                 v1.2.0-rc0   -> v1.2.0-rc0
#18 164.9  * [new tag]                 v1.2.0-rc1   -> v1.2.0-rc1
#18 164.9  * [new tag]                 v1.2.0-rc2   -> v1.2.0-rc2
#18 164.9  * [new tag]                 v1.3.0-rc0   -> v1.3.0-rc0
#18 164.9  * [new tag]                 v1.3.0-rc1   -> v1.3.0-rc1
#18 164.9  * [new tag]                 v1.5.0       -> v1.5.0
#18 164.9  * [new tag]                 v1.5.0-rc0   -> v1.5.0-rc0
#18 164.9  * [new tag]                 v1.5.0-rc1   -> v1.5.0-rc1
#18 164.9  * [new tag]                 v1.6.0       -> v1.6.0
#18 164.9  * [new tag]                 v1.6.0-rc0   -> v1.6.0-rc0
#18 164.9  * [new tag]                 v1.6.0-rc1   -> v1.6.0-rc1
#18 164.9  * [new tag]                 v1.7.0       -> v1.7.0
#18 164.9  * [new tag]                 v1.7.0-rc0   -> v1.7.0-rc0
#18 164.9  * [new tag]                 v1.7.0-rc1   -> v1.7.0-rc1
#18 164.9  * [new tag]                 v1.8.0       -> v1.8.0
#18 164.9  * [new tag]                 v1.8.0-rc0   -> v1.8.0-rc0
#18 164.9  * [new tag]                 v1.8.0-rc1   -> v1.8.0-rc1
#18 164.9  * [new tag]                 v1.9.0       -> v1.9.0
#18 164.9  * [new tag]                 v1.9.0-rc0   -> v1.9.0-rc0
#18 164.9  * [new tag]                 v1.9.0-rc1   -> v1.9.0-rc1
#18 164.9  * [new tag]                 v1.9.0-rc2   -> v1.9.0-rc2
#18 164.9 error: pathspec '1d5a2cd8' did not match any file(s) known to git
#18 165.0 error: pathspec '1d5a2cd8' did not match any file(s) known to git
#18 165.0 error: pathspec '1d5a2cd8' did not match any file(s) known to git
#18 165.0 error: pathspec '1d5a2cd8' did not match any file(s) known to git
#18 165.0 error: pathspec '1d5a2cd8' did not match any file(s) known to git
#18 165.1 error: pathspec '1d5a2cd8' did not match any file(s) known to git
#18 165.1 error: pathspec '1d5a2cd8' did not match any file(s) known to git
#18 165.1 error: pathspec '1d5a2cd8' did not match any file(s) known to git
#18 165.1 error: pathspec '1d5a2cd8' did not match any file(s) known to git
#18 165.2 error: pathspec '1d5a2cd8' did not match any file(s) known to git
#18 165.2 error: pathspec '1d5a2cd8' did not match any file(s) known to git
#18 165.2 error: pathspec '1d5a2cd8' did not match any file(s) known to git
#18 165.2 error: pathspec '1d5a2cd8' did not match any file(s) known to git
#18 165.2 error: pathspec '1d5a2cd8' did not match any file(s) known to git
#18 165.2 error: pathspec '1d5a2cd8' did not match any file(s) known to git
#18 165.3 error: pathspec '1d5a2cd8' did not match any file(s) known to git
#18 165.3 error: pathspec '1d5a2cd8' did not match any file(s) known to git
#18 165.3 error: pathspec '1d5a2cd8' did not match any file(s) known to git
#18 165.3 error: pathspec '1d5a2cd8' did not match any file(s) known to git
#18 165.3 error: pathspec '1d5a2cd8' did not match any file(s) known to git
#18 165.4 error: pathspec '1d5a2cd8' did not match any file(s) known to git
#18 165.4 error: pathspec '1d5a2cd8' did not match any file(s) known to git
#18 165.4 error: pathspec '1d5a2cd8' did not match any file(s) known to git
#18 165.4 error: pathspec '1d5a2cd8' did not match any file(s) known to git
#18 165.5 Checkout unsuccessful.
#18 DONE 168.9s

#19 [stage-1 12/13] RUN echo "#!/bin/bash\nPYTHONPATH=/src python3 -u -c "from fuzzers import utils; utils.initialize_env(); from fuzzers.afl import fuzzer; fuzzer.build()"" > /usr/bin/fuzzer_build &&     chmod +x /usr/bin/fuzzer_build
#19 sha256:106cf67ad7bf66c3b2e9582d778ddbedb6b6043ed5170b3bff0a75024420fb0d
#19 DONE 6.0s

#20 [stage-1 13/13] RUN echo "Run fuzzer_build to build the target" && if [ -z "$debug_builder" ] ; then fuzzer_build; fi
#20 sha256:23bd0a1a36babd28040169a5d22bebfb41c8453b0443ce76d9c765e9b37aa18f
#20 0.485 Run fuzzer_build to build the target
#20 0.609 FUZZ_TARGET = tensorflow
#20 0.609 CFLAGS = -DFUZZING_BUILD_MODE_UNSAFE_FOR_PRODUCTION -pthread -Wl,--no-as-needed -Wl,-ldl -Wl,-lm -Wno-unused-command-line-argument -O3
#20 0.609 CXXFLAGS = -DFUZZING_BUILD_MODE_UNSAFE_FOR_PRODUCTION -pthread -Wl,--no-as-needed -Wl,-ldl -Wl,-lm -Wno-unused-command-line-argument -stdlib=libc++ -O3
#20 0.614 Building benchmark tensorflow_tensorflow with fuzzer afl
#20 0.617 + PYTHON=python3
#20 0.618 + yes ''
#20 0.618 + python3 configure.py
#20 4.777 You have bazel 5.0.0 installed.
#20 4.777 Please specify the location of python. [Default is /usr/local/bin/python3]: 
#20 4.834 
#20 4.834 Found possible Python library paths:
#20 4.834   /src
#20 4.834   /usr/local/lib/python3.8/site-packages
#20 4.834 Please input the desired Python library path to use.  Default is [/src]
#20 4.883 Do you wish to build TensorFlow with ROCm support? [y/N]: No ROCm support will be enabled for TensorFlow.
#20 4.883 
#20 4.883 Do you wish to build TensorFlow with CUDA support? [y/N]: No CUDA support will be enabled for TensorFlow.
#20 4.883 
#20 4.883 Do you wish to download a fresh release of clang? (Experimental) [y/N]: Clang will not be downloaded.
#20 4.883 
#20 4.883 Please specify optimization flags to use during compilation when bazel option "--config=opt" is specified [Default is -Wno-sign-compare]: 
#20 4.883 
#20 4.883 Would you like to interactively configure ./WORKSPACE for Android builds? [y/N]: Not configuring the WORKSPACE for Android builds.
#20 4.884 
#20 4.884 Preconfigured Bazel build configs. You can use any of the below by adding "--config=<>" to your build command. See .bazelrc for more details.
#20 4.884 	--config=mkl         	# Build with MKL support.
#20 4.884 	--config=mkl_aarch64 	# Build with oneDNN and Compute Library for the Arm Architecture (ACL).
#20 4.884 	--config=monolithic  	# Config for mostly static monolithic build.
#20 4.884 	--config=numa        	# Build with NUMA support.
#20 4.884 	--config=dynamic_kernels	# (Experimental) Build kernels into separate shared objects.
#20 4.884 	--config=v1          	# Build with TensorFlow 1 API instead of TF 2 API.
#20 4.884 Preconfigured Bazel build configs to DISABLE default on features:
#20 4.884 	--config=nogcp       	# Disable GCP support.
#20 4.884 	--config=nonccl      	# Disable NVIDIA NCCL support.
#20 4.893 ++ for f in ${CFLAGS}
#20 4.893 ++ echo --conlyopt=-DFUZZING_BUILD_MODE_UNSAFE_FOR_PRODUCTION --linkopt=-DFUZZING_BUILD_MODE_UNSAFE_FOR_PRODUCTION
#20 4.893 ++ for f in ${CFLAGS}
#20 4.893 ++ echo --conlyopt=-pthread --linkopt=-pthread
#20 4.893 ++ for f in ${CFLAGS}
#20 4.893 ++ echo --conlyopt=-Wl,--no-as-needed --linkopt=-Wl,--no-as-needed
#20 4.893 ++ for f in ${CFLAGS}
#20 4.893 ++ echo --conlyopt=-Wl,-ldl --linkopt=-Wl,-ldl
#20 4.893 ++ for f in ${CFLAGS}
#20 4.893 ++ echo --conlyopt=-Wl,-lm --linkopt=-Wl,-lm
#20 4.893 ++ for f in ${CFLAGS}
#20 4.893 ++ echo --conlyopt=-Wno-unused-command-line-argument --linkopt=-Wno-unused-command-line-argument
#20 4.893 ++ for f in ${CFLAGS}
#20 4.893 ++ echo --conlyopt=-O3 --linkopt=-O3
#20 4.893 ++ for f in ${CFLAGS}
#20 4.893 ++ echo --conlyopt=-fsanitize-coverage=trace-pc-guard --linkopt=-fsanitize-coverage=trace-pc-guard
#20 4.893 ++ for f in ${CXXFLAGS}
#20 4.893 ++ echo --cxxopt=-DFUZZING_BUILD_MODE_UNSAFE_FOR_PRODUCTION --linkopt=-DFUZZING_BUILD_MODE_UNSAFE_FOR_PRODUCTION
#20 4.893 ++ for f in ${CXXFLAGS}
#20 4.893 ++ echo --cxxopt=-pthread --linkopt=-pthread
#20 4.893 ++ for f in ${CXXFLAGS}
#20 4.894 ++ echo --cxxopt=-Wl,--no-as-needed --linkopt=-Wl,--no-as-needed
#20 4.894 ++ for f in ${CXXFLAGS}
#20 4.894 ++ echo --cxxopt=-Wl,-ldl --linkopt=-Wl,-ldl
#20 4.894 ++ for f in ${CXXFLAGS}
#20 4.894 ++ echo --cxxopt=-Wl,-lm --linkopt=-Wl,-lm
#20 4.894 ++ for f in ${CXXFLAGS}
#20 4.894 ++ echo --cxxopt=-Wno-unused-command-line-argument --linkopt=-Wno-unused-command-line-argument
#20 4.894 ++ for f in ${CXXFLAGS}
#20 4.894 ++ echo --cxxopt=-stdlib=libc++ --linkopt=-stdlib=libc++
#20 4.894 ++ for f in ${CXXFLAGS}
#20 4.894 ++ echo --cxxopt=-O3 --linkopt=-O3
#20 4.894 ++ for f in ${CXXFLAGS}
#20 4.894 ++ echo --cxxopt=-fsanitize-coverage=trace-pc-guard --linkopt=-fsanitize-coverage=trace-pc-guard
#20 4.894 ++ '[' address = undefined ']'
#20 4.895 + declare -r 'EXTRA_FLAGS=--conlyopt=-DFUZZING_BUILD_MODE_UNSAFE_FOR_PRODUCTION --linkopt=-DFUZZING_BUILD_MODE_UNSAFE_FOR_PRODUCTION
#20 4.895 --conlyopt=-pthread --linkopt=-pthread
#20 4.895 --conlyopt=-Wl,--no-as-needed --linkopt=-Wl,--no-as-needed
#20 4.895 --conlyopt=-Wl,-ldl --linkopt=-Wl,-ldl
#20 4.895 --conlyopt=-Wl,-lm --linkopt=-Wl,-lm
#20 4.895 --conlyopt=-Wno-unused-command-line-argument --linkopt=-Wno-unused-command-line-argument
#20 4.895 --conlyopt=-O3 --linkopt=-O3
#20 4.895 --conlyopt=-fsanitize-coverage=trace-pc-guard --linkopt=-fsanitize-coverage=trace-pc-guard
#20 4.895 --cxxopt=-DFUZZING_BUILD_MODE_UNSAFE_FOR_PRODUCTION --linkopt=-DFUZZING_BUILD_MODE_UNSAFE_FOR_PRODUCTION
#20 4.895 --cxxopt=-pthread --linkopt=-pthread
#20 4.895 --cxxopt=-Wl,--no-as-needed --linkopt=-Wl,--no-as-needed
#20 4.895 --cxxopt=-Wl,-ldl --linkopt=-Wl,-ldl
#20 4.895 --cxxopt=-Wl,-lm --linkopt=-Wl,-lm
#20 4.895 --cxxopt=-Wno-unused-command-line-argument --linkopt=-Wno-unused-command-line-argument
#20 4.895 --cxxopt=-stdlib=libc++ --linkopt=-stdlib=libc++
#20 4.895 --cxxopt=-O3 --linkopt=-O3
#20 4.895 --cxxopt=-fsanitize-coverage=trace-pc-guard --linkopt=-fsanitize-coverage=trace-pc-guard'
#20 4.896 ++ bazel query 'tests(//tensorflow/security/fuzzing/...)'
#20 4.896 ++ grep -v identity
#20 4.904 Extracting Bazel installation...
#20 8.877 Starting local Bazel server and connecting to it...
#20 11.33 Loading: 0 packages loaded
#20 12.34 Loading: 0 packages loaded
#20 13.34 Loading: 0 packages loaded
#20 14.34 Loading: 0 packages loaded
#20 15.44 Loading: 0 packages loaded
#20 15.49 WARNING: Download from https://storage.googleapis.com/mirror.tensorflow.org/github.com/tensorflow/runtime/archive/2450470b9a30e516f9a00eb7d454a30ea021e034.tar.gz failed: class java.io.FileNotFoundException GET returned 404 Not Found
#20 16.64 Loading: 0 packages loaded
#20 17.84 Loading: 0 packages loaded
#20 18.84 Loading: 0 packages loaded
#20 20.04 Loading: 0 packages loaded
#20 21.44 Loading: 0 packages loaded
#20 23.04 Loading: 0 packages loaded
#20 24.84 Loading: 0 packages loaded
#20 27.19 Loading: 0 packages loaded
/bin/sh: 1: source: not found
#1 [internal] load build definition from Dockerfile
#1 sha256:5d69fa7a0f4e0fc437caec04629f2083f2410f186b557968183ac33ae120c85b
#1 transferring dockerfile: 32B done
#1 DONE 0.1s

#2 [internal] load .dockerignore
#2 sha256:0bafbc6e3549703a83b6cbf7ec2f9a344da4f907fead7344e2635708347e3a9d
#2 transferring context: 2B done
#2 DONE 0.2s

#3 [internal] load metadata for gcr.io/oss-fuzz-base/base-builder:latest
#3 sha256:f10dc39cc9d418a5bc416dead31a1902b6821fdae909cd3b08f7a3fd1faba7b5
#3 DONE 0.6s

#5 [1/8] FROM gcr.io/oss-fuzz-base/base-builder@sha256:112044a9815d235113677d459cf2ece740a51f2b85081c8f66943dcdc72ddf7f
#5 sha256:4aee4bf9f7280ac8b7f02b8d29e6e084dd034d2c294b4e3e05d8ce7048a1450f
#5 DONE 0.0s

#4 importing cache manifest from gcr.io/fuzzbench/builders/benchmark/tensorflow_tensorflow
#4 sha256:83a1e181caae138b2c36e4224b6b6f88b1c1eb4ca7140d6f53e615da70dbfe48
#4 DONE 0.0s

#12 [internal] load build context
#12 sha256:4823de805558685c83907300fb744678dd542a00fb124c9de10efade81ab35fb
#12 transferring context: 30B done
#12 DONE 0.1s

#10 [6/8] RUN git clone --depth 1 https://github.com/tensorflow/tensorflow tensorflow
#10 sha256:0187ba12e29f242e8128746cbfb4289be61f7ef5968440a6d14e328ce951f8b4
#10 CACHED

#11 [7/8] WORKDIR /src/tensorflow
#11 sha256:3e15200706fb9a5c723a6d4823ff7081f8a9152db2f0ac4b8a2cf6410907d90e
#11 CACHED

#6 [2/8] RUN apt-get update && apt-get install -y --no-install-recommends         curl         rsync         &&     apt-get clean &&     rm -rf /var/lib/apt/lists/*
#6 sha256:fe87010b12d222a9647397dce9361bf36e4fa048faac0daedd6afdede0c204d0
#6 CACHED

#7 [3/8] RUN python3 -m pip install numpy
#7 sha256:5009f8f9be23e3dd43df32286bbb072619efee94a0ef72e4f540c93fc50430fa
#7 CACHED

#8 [4/8] RUN ln -s /usr/local/bin/python3 /usr/local/bin/python
#8 sha256:df635b74bef56e7d392af6c8b4861aa1943199eb2cb7ccf94c15b1e0640cb45c
#8 CACHED

#9 [5/8] RUN curl -Lo /usr/bin/bazel         https://github.com/bazelbuild/bazelisk/releases/download/v1.1.0/bazelisk-linux-amd64         &&     chmod +x /usr/bin/bazel
#9 sha256:d94d21cf2112aa00e156b5a73d05a668007fa1426b093b4247fb198f901899c0
#9 CACHED

#13 [8/8] COPY build.sh /src/
#13 sha256:eaf482a4e5c7642041e3ec43f213fe62467e65141ddc592cf95e759127d2544f
#13 CACHED

#14 exporting to image
#14 sha256:e8c613e07b0b7ff33893b694f7759a10d42e180f2b4dc349fb57dc6b71dcab00
#14 exporting layers done
#14 writing image sha256:8ce790bb4e87dc12169803a32e8ab2b5bb9c4d86686ed05a338215b3c913680e 0.1s done
#14 naming to gcr.io/fuzzbench/builders/benchmark/tensorflow_tensorflow done
#14 DONE 0.6s

#15 exporting cache
#15 sha256:2700d4ef94dee473593c5c614b55b2dedcca7893909811a8f2b48291a1f581e4
#15 preparing build cache for export
#15 preparing build cache for export done
#15 DONE 0.0s
#1 [internal] load build definition from builder.Dockerfile
#1 sha256:85112ce862fd91eadc96f577c100f122af0f7c4a1b1bf87b547c6eb5ba69af7b
#1 transferring dockerfile: 46B done
#1 DONE 0.2s

#2 [internal] load .dockerignore
#2 sha256:129932c7a06f4b0545d8e3838639f02f511d85333b6bb98b4f3f54ba3dfd51dc
#2 transferring context: 2B done
#2 DONE 0.3s

#3 [internal] load metadata for gcr.io/fuzzbench/builders/benchmark/tensorflow_tensorflow:latest
#3 sha256:f4f4876a1b6034a549ec85ff044ca0447ee36bcbb8519301d038ebe742c20e95
#3 DONE 0.0s

#5 [1/3] FROM gcr.io/fuzzbench/builders/benchmark/tensorflow_tensorflow
#5 sha256:0da68fdbceb0a0437a6d101256075170951e209676e53f8f18123dede7819a9a
#5 DONE 0.0s

#4 importing cache manifest from gcr.io/fuzzbench/builders/afl/tensorflow_tensorflow-intermediate
#4 sha256:d86fc56e9cbb241ab7ba3a8d8da9c2489cd1a53a7518e7f9cccfbb30a0402c45
#4 DONE 0.0s

#6 [2/3] RUN git clone https://github.com/google/AFL.git /afl &&     cd /afl &&     git checkout 61037103ae3722c8060ff7082994836a794f978e &&     AFL_NO_X86=1 make
#6 sha256:bc2bba9bf31e5fe591fdbe4a2e44ef34dbfbfe34eab1c5a5884b1d119247fb35
#6 CACHED

#7 [3/3] RUN apt-get update &&     apt-get install wget -y &&     wget https://raw.githubusercontent.com/llvm/llvm-project/5feb80e748924606531ba28c97fe65145c65372e/compiler-rt/lib/fuzzer/afl/afl_driver.cpp -O /afl/afl_driver.cpp &&     clang -Wno-pointer-sign -c /afl/llvm_mode/afl-llvm-rt.o.c -I/afl &&     clang++ -stdlib=libc++ -std=c++11 -O2 -c /afl/afl_driver.cpp &&     ar r /libAFL.a *.o
#7 sha256:151754e3df1e0485aa3cccfcd5cc17f20e21f94caefcf76f91c14577981b31ec
#7 CACHED

#8 exporting to image
#8 sha256:e8c613e07b0b7ff33893b694f7759a10d42e180f2b4dc349fb57dc6b71dcab00
#8 exporting layers done
#8 writing image sha256:b04b11d94ca4596eded3acf651d1b5cc02ef757d14a31119709f0af6d794eb70 0.1s done
#8 naming to gcr.io/fuzzbench/builders/afl/tensorflow_tensorflow-intermediate
#8 naming to gcr.io/fuzzbench/builders/afl/tensorflow_tensorflow-intermediate done
#8 DONE 0.6s

#9 exporting cache
#9 sha256:2700d4ef94dee473593c5c614b55b2dedcca7893909811a8f2b48291a1f581e4
#9 preparing build cache for export done
#9 DONE 0.0s
#20 48.08 Loading: 0 packages loaded
#1 [internal] load build definition from Dockerfile
#1 sha256:2d75b254a8c22c98fb54fd01c57c572fa989acbce0802c87d5a678e350e931c7
#1 transferring dockerfile: 2.00kB 0.0s done
#1 ...

#2 [internal] load .dockerignore
#2 sha256:e338eb63514c98d857afb731e53d55a58c25831fcc6ec5f1694478f8f6ca6467
#2 transferring context: 34B done
#2 DONE 0.5s

#1 [internal] load build definition from Dockerfile
#1 sha256:2d75b254a8c22c98fb54fd01c57c572fa989acbce0802c87d5a678e350e931c7
#1 DONE 0.7s

#3 [internal] load metadata for docker.io/library/ubuntu:xenial
#3 sha256:f62bae18ed588840f045c881b2502661f2a89578a2f8f99b83f5200ee83dd25b
#3 DONE 0.0s

#4 importing cache manifest from gcr.io/fuzzbench/base-image
#4 sha256:9b220ebb4d4daceed1b96df9b6dca076e762f1cd612574f010b82d5b9e5ad896
#4 DONE 0.0s

#5 [1/7] FROM docker.io/library/ubuntu:xenial
#5 sha256:14dd403f25ae9e519bd44f27dc17af7ce80f5a4f9f48ca88108364e67ec5d360
#5 DONE 0.0s

#8 [internal] load build context
#8 sha256:cfc1f5cc932354b5578f2454879e063920c32faf23b682b7590185da21e000c1
#8 transferring context: 559B 0.0s done
#8 DONE 0.1s

#10 [5/7] RUN pip3 install -r /requirements.txt
#10 sha256:a156638dde08147cb2a90667aed8813cda4617d78b3943c711c08becfd3d2ef4
#10 CACHED

#11 [6/7] RUN apt-get update -y && apt-get install -y     apt-transport-https     lsb-release
#11 sha256:84318f07b417ad74a85079fecbd7823a05d6404180d3a696aff182e2dd1d2359
#11 CACHED

#6 [2/7] RUN apt-get update -y && apt-get install -y     build-essential     rsync     curl     zlib1g-dev     libncurses5-dev     libgdbm-dev     libnss3-dev     libssl-dev     libreadline-dev     libffi-dev     virtualenv     libbz2-dev     liblzma-dev     libsqlite3-dev
#6 sha256:3a1b0960f17eed529eaae93dc8fd3554f2743dd584d8fa569cdbe6bc734371ac
#6 CACHED

#7 [3/7] RUN cd /tmp/ &&     curl -O https://www.python.org/ftp/python/3.8.6/Python-3.8.6.tar.xz &&     tar -xvf Python-3.8.6.tar.xz &&     cd Python-3.8.6 &&     ./configure --enable-loadable-sqlite-extensions --enable-optimizations &&     make -j install &&     rm -r /tmp/Python-3.8.6.tar.xz /tmp/Python-3.8.6
#7 sha256:c5b9d1fb3371e84dbc60b76e7b2f8d5913bc93bcd4910ab65daa03e7b2ec4bb0
#7 CACHED

#9 [4/7] COPY ./requirements.txt /
#9 sha256:c725a6817c38bc50a156970f9011af9b3bdebec929b4a2eff66d9846ff41bb83
#9 CACHED

#12 [7/7] RUN CLOUD_SDK_REPO="cloud-sdk-$(lsb_release -c -s)" &&     echo "deb https://packages.cloud.google.com/apt $CLOUD_SDK_REPO main"     | tee -a /etc/apt/sources.list.d/google-cloud-sdk.list &&     curl https://packages.cloud.google.com/apt/doc/apt-key.gpg     | apt-key add - &&     apt-get update -y &&     apt-get install -y google-cloud-sdk
#12 sha256:abe43bb551898c6a3da9676dd827d55d65eb9675323f41eb3126e5d705029afe
#12 CACHED

#13 exporting to image
#13 sha256:e8c613e07b0b7ff33893b694f7759a10d42e180f2b4dc349fb57dc6b71dcab00
#13 exporting layers done
#13 writing image sha256:ef0e87506e02e8309334e3a5cc106b4cd4043dd187be24e173eb28546ac98029
#13 writing image sha256:ef0e87506e02e8309334e3a5cc106b4cd4043dd187be24e173eb28546ac98029 0.2s done
#13 naming to gcr.io/fuzzbench/base-image done
#13 DONE 0.4s

#14 exporting cache
#14 sha256:2700d4ef94dee473593c5c614b55b2dedcca7893909811a8f2b48291a1f581e4
#14 preparing build cache for export done
#14 DONE 0.0s
#1 [internal] load build definition from Dockerfile
#1 sha256:31783580b7783997b0f2c5de20ed08a76da4a7132f8e074df11b28861c5ff971
#1 transferring dockerfile: 2.22kB done
#1 DONE 0.6s

#2 [internal] load .dockerignore
#2 sha256:b80c4d713e47ed0185f94649d9bfe366c4904604c10a80c4a0e0298998486075
#2 transferring context: 34B done
#2 DONE 0.7s

#4 [internal] load metadata for gcr.io/fuzzbench/base-image:latest
#4 sha256:932022888f650cc455b10eb5123bb08c0cccacac29a693e69314abbfd28a72c3
#4 DONE 0.0s

#7 [base-image 1/1] FROM gcr.io/fuzzbench/base-image
#7 sha256:4d07825694520f8b6f6a0d8592dbd345433361ae044cb7f06706c5a95e3daaad
#7 CACHED

#6 [stage-1  1/13] FROM gcr.io/fuzzbench/builders/afl/tensorflow_tensorflow-intermediate
#6 sha256:89694648d4b34c2de5660d83a35f977a122b17d056c288e24acf016f6c31ae90
#6 DONE 0.5s

#8 [stage-1  2/13] COPY --from=base-image /usr/local/bin/python3* /usr/local/bin/
#8 sha256:6de518fdb5a2c3924c7dfb6a316463de00a84bb7dad6fcd3455c7790f8613369
#8 DONE 0.5s

#9 [stage-1  3/13] COPY --from=base-image /usr/local/lib/python3.8 /usr/local/lib/python3.8
#9 sha256:cb4b0b64271e37cbffc70e48e364a6ce0a206556297d869c7d2b6504e9d4294b
#9 DONE 14.6s

#10 [stage-1  4/13] COPY --from=base-image /usr/local/include/python3.8 /usr/local/include/python3.8
#10 sha256:8c6b8b9085ad09060313b4e6e06a20401f713a72b833f539fa3012597476aeac
#10 DONE 0.3s

#11 [stage-1  5/13] COPY --from=base-image /usr/local/lib/python3.8/site-packages /usr/local/lib/python3.8/site-packages
#11 sha256:21eff37354f4b340b65abde4b0a91459eceaf1c29daa61f0f9d251ab18a27b57
#11 DONE 22.5s

#3 [internal] load metadata for gcr.io/fuzzbench/builders/afl/tensorflow_tensorflow-intermediate:latest
#3 sha256:2b3999da39383c4c9b67cd2813885b4d08e796723901db97341e83af53796427
#3 DONE 0.0s

#12 [internal] load build context
#12 sha256:9f34bfd6c787f591334e16e38d42f563092161034db51ea24ac7e80be0931d5d
#12 DONE 0.0s

#5 importing cache manifest from gcr.io/fuzzbench/builders/afl/tensorflow_tensorflow
#5 sha256:ab4d3d74da97dba018c500aa643a265465791c53366c84cc90f1715b4e70f799
#5 ERROR: gcr.io/fuzzbench/builders/afl/tensorflow_tensorflow:latest: not found

#12 [internal] load build context
#12 sha256:9f34bfd6c787f591334e16e38d42f563092161034db51ea24ac7e80be0931d5d
#12 transferring context: 669.89kB 0.1s done
#12 DONE 0.2s
#20 54.34 Loading: 0 packages loaded
#20 60.82 Loading: 0 packages loaded
#20 74.64 Loading: 0 packages loaded
#20 84.95 Loading: 0 packages loaded
#20 85.79 WARNING: Download from https://mirror.bazel.build/github.com/bazelbuild/rules_cc/archive/081771d4a0e9d7d3aa0eed2ef389fa4700dfb23e.tar.gz failed: class java.io.FileNotFoundException GET returned 404 Not Found
#20 93.69 Loading: 2 packages loaded
#20 93.70 Loading: 2 packages loaded
#20 93.72 + declare -r 'FUZZERS=//tensorflow/security/fuzzing:AreAttrValuesEqual_fuzz
#20 93.72 //tensorflow/security/fuzzing:ParseAttrValue_fuzz
#20 93.72 //tensorflow/security/fuzzing:abs_fuzz
#20 93.72 //tensorflow/security/fuzzing:acos_fuzz
#20 93.72 //tensorflow/security/fuzzing:acosh_fuzz
#20 93.72 //tensorflow/security/fuzzing:add_fuzz
#20 93.72 //tensorflow/security/fuzzing:arg_def_case_fuzz
#20 93.72 //tensorflow/security/fuzzing:base64_fuzz
#20 93.72 //tensorflow/security/fuzzing:bfloat16_fuzz
#20 93.72 //tensorflow/security/fuzzing:checkpoint_reader_fuzz
#20 93.72 //tensorflow/security/fuzzing:cleanpath_fuzz
#20 93.72 //tensorflow/security/fuzzing:constant_fuzz
#20 93.72 //tensorflow/security/fuzzing:consume_leading_digits_fuzz
#20 93.72 //tensorflow/security/fuzzing:dataFormatVecPermute_fuzz
#20 93.72 //tensorflow/security/fuzzing:joinpath_fuzz
#20 93.72 //tensorflow/security/fuzzing:parseURI_fuzz
#20 93.72 //tensorflow/security/fuzzing:raggedCountSparseOutput_fuzz
#20 93.72 //tensorflow/security/fuzzing:sparseCountSparseOutput_fuzz
#20 93.72 //tensorflow/security/fuzzing:status_fuzz
#20 93.72 //tensorflow/security/fuzzing:status_group_fuzz
#20 93.72 //tensorflow/security/fuzzing:string_replace_fuzz
#20 93.72 //tensorflow/security/fuzzing:stringprintf_fuzz
#20 93.72 //tensorflow/security/fuzzing:tf2migration_fuzz
#20 93.72 //tensorflow/security/fuzzing:tstring_fuzz
#20 93.72 //tensorflow/security/fuzzing/op_fuzzing:matmul_fuzz'
#20 93.72 + bazel build --config=libc++ --conlyopt=-DFUZZING_BUILD_MODE_UNSAFE_FOR_PRODUCTION --linkopt=-DFUZZING_BUILD_MODE_UNSAFE_FOR_PRODUCTION --conlyopt=-pthread --linkopt=-pthread --conlyopt=-Wl,--no-as-needed --linkopt=-Wl,--no-as-needed --conlyopt=-Wl,-ldl --linkopt=-Wl,-ldl --conlyopt=-Wl,-lm --linkopt=-Wl,-lm --conlyopt=-Wno-unused-command-line-argument --linkopt=-Wno-unused-command-line-argument --conlyopt=-O3 --linkopt=-O3 --conlyopt=-fsanitize-coverage=trace-pc-guard --linkopt=-fsanitize-coverage=trace-pc-guard --cxxopt=-DFUZZING_BUILD_MODE_UNSAFE_FOR_PRODUCTION --linkopt=-DFUZZING_BUILD_MODE_UNSAFE_FOR_PRODUCTION --cxxopt=-pthread --linkopt=-pthread --cxxopt=-Wl,--no-as-needed --linkopt=-Wl,--no-as-needed --cxxopt=-Wl,-ldl --linkopt=-Wl,-ldl --cxxopt=-Wl,-lm --linkopt=-Wl,-lm --cxxopt=-Wno-unused-command-line-argument --linkopt=-Wno-unused-command-line-argument --cxxopt=-stdlib=libc++ --linkopt=-stdlib=libc++ --cxxopt=-O3 --linkopt=-O3 --cxxopt=-fsanitize-coverage=trace-pc-guard --linkopt=-fsanitize-coverage=trace-pc-guard --verbose_failures --strip=never --copt=/libAFL.a --linkopt=/libAFL.a --copt=-UNDEBUG -- //tensorflow/security/fuzzing:AreAttrValuesEqual_fuzz //tensorflow/security/fuzzing:ParseAttrValue_fuzz //tensorflow/security/fuzzing:abs_fuzz //tensorflow/security/fuzzing:acos_fuzz //tensorflow/security/fuzzing:acosh_fuzz //tensorflow/security/fuzzing:add_fuzz //tensorflow/security/fuzzing:arg_def_case_fuzz //tensorflow/security/fuzzing:base64_fuzz //tensorflow/security/fuzzing:bfloat16_fuzz //tensorflow/security/fuzzing:checkpoint_reader_fuzz //tensorflow/security/fuzzing:cleanpath_fuzz //tensorflow/security/fuzzing:constant_fuzz //tensorflow/security/fuzzing:consume_leading_digits_fuzz //tensorflow/security/fuzzing:dataFormatVecPermute_fuzz //tensorflow/security/fuzzing:joinpath_fuzz //tensorflow/security/fuzzing:parseURI_fuzz //tensorflow/security/fuzzing:raggedCountSparseOutput_fuzz //tensorflow/security/fuzzing:sparseCountSparseOutput_fuzz //tensorflow/security/fuzzing:status_fuzz //tensorflow/security/fuzzing:status_group_fuzz //tensorflow/security/fuzzing:string_replace_fuzz //tensorflow/security/fuzzing:stringprintf_fuzz //tensorflow/security/fuzzing:tf2migration_fuzz //tensorflow/security/fuzzing:tstring_fuzz //tensorflow/security/fuzzing/op_fuzzing:matmul_fuzz
#20 93.92 WARNING: Option 'java_toolchain' is deprecated
#20 93.92 WARNING: Option 'host_java_toolchain' is deprecated
#20 93.92 INFO: Options provided by the client:
#20 93.92   Inherited 'common' options: --isatty=0 --terminal_columns=80
#20 93.92 INFO: Reading rc options for 'build' from /src/tensorflow/.bazelrc:
#20 93.92   Inherited 'common' options: --experimental_repo_remote_exec
#20 93.92 INFO: Reading rc options for 'build' from /src/tensorflow/.bazelrc:
#20 93.92   'build' options: --define framework_shared_object=true --java_toolchain=//tensorflow/tools/toolchains/java:tf_java_toolchain --host_java_toolchain=//tensorflow/tools/toolchains/java:tf_java_toolchain --define=use_fast_cpp_protos=true --define=allow_oversize_protos=true --spawn_strategy=standalone -c opt --announce_rc --define=grpc_no_ares=true --noincompatible_remove_legacy_whole_archive --enable_platform_specific_config --define=with_xla_support=true --config=short_logs --config=v2 --define=no_aws_support=true --define=no_hdfs_support=true --experimental_cc_shared_library
#20 93.92 INFO: Reading rc options for 'build' from /src/tensorflow/.tf_configure.bazelrc:
#20 93.92   'build' options: --action_env PYTHON_BIN_PATH=/usr/local/bin/python3 --action_env PYTHON_LIB_PATH=/src --python_path=/usr/local/bin/python3 --action_env PYTHONPATH=/src
#20 93.92 INFO: Reading rc options for 'build' from /src/tensorflow/.bazelrc:
#20 93.92   'build' options: --deleted_packages=tensorflow/compiler/mlir/tfrt,tensorflow/compiler/mlir/tfrt/benchmarks,tensorflow/compiler/mlir/tfrt/jit/python_binding,tensorflow/compiler/mlir/tfrt/jit/transforms,tensorflow/compiler/mlir/tfrt/python_tests,tensorflow/compiler/mlir/tfrt/tests,tensorflow/compiler/mlir/tfrt/tests/analysis,tensorflow/compiler/mlir/tfrt/tests/jit,tensorflow/compiler/mlir/tfrt/tests/lhlo_to_tfrt,tensorflow/compiler/mlir/tfrt/tests/tf_to_corert,tensorflow/compiler/mlir/tfrt/tests/tf_to_tfrt_data,tensorflow/compiler/mlir/tfrt/tests/saved_model,tensorflow/compiler/mlir/tfrt/transforms/lhlo_gpu_to_tfrt_gpu,tensorflow/core/runtime_fallback,tensorflow/core/runtime_fallback/conversion,tensorflow/core/runtime_fallback/kernel,tensorflow/core/runtime_fallback/opdefs,tensorflow/core/runtime_fallback/runtime,tensorflow/core/runtime_fallback/util,tensorflow/core/tfrt/common,tensorflow/core/tfrt/eager,tensorflow/core/tfrt/eager/backends/cpu,tensorflow/core/tfrt/eager/backends/gpu,tensorflow/core/tfrt/eager/core_runtime,tensorflow/core/tfrt/eager/cpp_tests/core_runtime,tensorflow/core/tfrt/gpu,tensorflow/core/tfrt/run_handler_thread_pool,tensorflow/core/tfrt/runtime,tensorflow/core/tfrt/saved_model,tensorflow/core/tfrt/graph_executor,tensorflow/core/tfrt/saved_model/tests,tensorflow/core/tfrt/tpu,tensorflow/core/tfrt/utils
#20 93.92 INFO: Found applicable config definition build:short_logs in file /src/tensorflow/.bazelrc: --output_filter=DONT_MATCH_ANYTHING
#20 93.92 INFO: Found applicable config definition build:v2 in file /src/tensorflow/.bazelrc: --define=tf_api_version=2 --action_env=TF2_BEHAVIOR=1
#20 93.92 INFO: Found applicable config definition build:libc++ in file /src/tensorflow/.bazelrc: --action_env=CC --action_env=CXX --action_env=CXXFLAGS=-stdlib=libc++ --action_env=PATH --define force_libcpp=enabled --linkopt -fuse-ld=lld
#20 93.92 INFO: Found applicable config definition build:linux in file /src/tensorflow/.bazelrc: --copt=-w --host_copt=-w --define=PREFIX=/usr --define=LIBDIR=$(PREFIX)/lib --define=INCLUDEDIR=$(PREFIX)/include --define=PROTOBUF_INCLUDE_PATH=$(PREFIX)/include --cxxopt=-std=c++14 --host_cxxopt=-std=c++14 --config=dynamic_kernels --distinct_host_configuration=false --experimental_guard_against_concurrent_changes
#20 93.92 INFO: Found applicable config definition build:dynamic_kernels in file /src/tensorflow/.bazelrc: --define=dynamic_loaded_kernels=true --copt=-DAUTOLOAD_DYNAMIC_KERNELS
#20 94.22 Loading: 
#20 94.23 Loading: 0 packages loaded
#20 95.23 Loading: 0 packages loaded
#20 98.53 Loading: 0 packages loaded
#20 100.2 Loading: 0 packages loaded
#20 101.2 Loading: 0 packages loaded
#20 121.9 Loading: 0 packages loaded
#20 126.1 Loading: 0 packages loaded
#20 126.1     currently loading: tensorflow/security/fuzzing/op_fuzzing ... (2 packages)
#20 128.0 Analyzing: 25 targets (2 packages loaded, 0 targets configured)
#20 129.2 INFO: Repository local_config_python instantiated at:
#20 129.2   /src/tensorflow/WORKSPACE:15:14: in <toplevel>
#20 129.2   /src/tensorflow/tensorflow/workspace2.bzl:868:19: in workspace
#20 129.2   /src/tensorflow/tensorflow/workspace2.bzl:101:21: in _tf_toolchains
#20 129.2 Repository rule python_configure defined at:
#20 129.2   /src/tensorflow/third_party/py/python_configure.bzl:298:35: in <toplevel>
#20 129.2 INFO: Repository local_execution_config_python instantiated at:
#20 129.2   /src/tensorflow/WORKSPACE:15:14: in <toplevel>
#20 129.2   /src/tensorflow/tensorflow/workspace2.bzl:868:19: in workspace
#20 129.2   /src/tensorflow/tensorflow/workspace2.bzl:91:27: in _tf_toolchains
#20 129.2   /src/tensorflow/tensorflow/tools/toolchains/remote_config/configs.bzl:6:28: in initialize_rbe_configs
#20 129.2   /src/tensorflow/tensorflow/tools/toolchains/remote_config/rbe_config.bzl:158:27: in _tensorflow_local_config
#20 129.2 Repository rule local_python_configure defined at:
#20 129.2   /src/tensorflow/third_party/py/python_configure.bzl:279:41: in <toplevel>
#20 129.4 ERROR: An error occurred during the fetch of repository 'local_execution_config_python':
#20 129.4    Traceback (most recent call last):
#20 129.4 	File "/src/tensorflow/third_party/py/python_configure.bzl", line 216, column 39, in _create_local_python_repository
#20 129.4 		numpy_include = _get_numpy_include(repository_ctx, python_bin) + "/numpy"
#20 129.4 	File "/src/tensorflow/third_party/py/python_configure.bzl", line 190, column 19, in _get_numpy_include
#20 129.4 		return execute(
#20 129.4 	File "/src/tensorflow/third_party/remote_config/common.bzl", line 230, column 13, in execute
#20 129.4 		fail(
#20 129.4 Error in fail: Problem getting numpy include path.
#20 129.4 Traceback (most recent call last):
#20 129.4   File "<string>", line 1, in <module>
#20 129.4   File "/usr/local/lib/python3.8/site-packages/numpy/__init__.py", line 142, in <module>
#20 129.4     from . import core
#20 129.4   File "/usr/local/lib/python3.8/site-packages/numpy/core/__init__.py", line 106, in <module>
#20 129.4     from . import _dtype_ctypes
#20 129.4   File "/usr/local/lib/python3.8/site-packages/numpy/core/_dtype_ctypes.py", line 25, in <module>
#20 129.4     import _ctypes
#20 129.4 ImportError: libffi.so.6: cannot open shared object file: No such file or directory
#20 129.4 Is numpy installed?
#20 129.4 ERROR: /src/tensorflow/WORKSPACE:15:14: fetching local_python_configure rule //external:local_execution_config_python: Traceback (most recent call last):
#20 129.4 	File "/src/tensorflow/third_party/py/python_configure.bzl", line 216, column 39, in _create_local_python_repository
#20 129.4 		numpy_include = _get_numpy_include(repository_ctx, python_bin) + "/numpy"
#20 129.4 	File "/src/tensorflow/third_party/py/python_configure.bzl", line 190, column 19, in _get_numpy_include
#20 129.4 		return execute(
#20 129.4 	File "/src/tensorflow/third_party/remote_config/common.bzl", line 230, column 13, in execute
#20 129.4 		fail(
#20 129.4 Error in fail: Problem getting numpy include path.
#20 129.4 Traceback (most recent call last):
#20 129.4   File "<string>", line 1, in <module>
#20 129.4   File "/usr/local/lib/python3.8/site-packages/numpy/__init__.py", line 142, in <module>
#20 129.4     from . import core
#20 129.4   File "/usr/local/lib/python3.8/site-packages/numpy/core/__init__.py", line 106, in <module>
#20 129.4     from . import _dtype_ctypes
#20 129.4   File "/usr/local/lib/python3.8/site-packages/numpy/core/_dtype_ctypes.py", line 25, in <module>
#20 129.4     import _ctypes
#20 129.4 ImportError: libffi.so.6: cannot open shared object file: No such file or directory
#20 129.4 Is numpy installed?
#20 129.4 INFO: Repository go_sdk instantiated at:
#20 129.4   /src/tensorflow/WORKSPACE:23:14: in <toplevel>
#20 129.4   /src/tensorflow/tensorflow/workspace0.bzl:137:20: in workspace
#20 129.4   /root/.cache/bazel/_bazel_root/1c025c2968c1aa16bac5eca67aaf21d1/external/com_github_grpc_grpc/bazel/grpc_extra_deps.bzl:36:27: in grpc_extra_deps
#20 129.4   /root/.cache/bazel/_bazel_root/1c025c2968c1aa16bac5eca67aaf21d1/external/io_bazel_rules_go/go/toolchain/toolchains.bzl:379:28: in go_register_toolchains
#20 129.4   /root/.cache/bazel/_bazel_root/1c025c2968c1aa16bac5eca67aaf21d1/external/io_bazel_rules_go/go/private/sdk.bzl:65:21: in go_download_sdk
#20 129.4 Repository rule _go_download_sdk defined at:
#20 129.4   /root/.cache/bazel/_bazel_root/1c025c2968c1aa16bac5eca67aaf21d1/external/io_bazel_rules_go/go/private/sdk.bzl:53:35: in <toplevel>
#20 129.5 ERROR: Analysis of target '//tensorflow/security/fuzzing:abs_fuzz' failed; build aborted: Problem getting numpy include path.
#20 129.5 Traceback (most recent call last):
#20 129.5   File "<string>", line 1, in <module>
#20 129.5   File "/usr/local/lib/python3.8/site-packages/numpy/__init__.py", line 142, in <module>
#20 129.5     from . import core
#20 129.5   File "/usr/local/lib/python3.8/site-packages/numpy/core/__init__.py", line 106, in <module>
#20 129.5     from . import _dtype_ctypes
#20 129.5   File "/usr/local/lib/python3.8/site-packages/numpy/core/_dtype_ctypes.py", line 25, in <module>
#20 129.5     import _ctypes
#20 129.5 ImportError: libffi.so.6: cannot open shared object file: No such file or directory
#20 129.5 Is numpy installed?
#20 129.5 INFO: Elapsed time: 35.794s
#20 129.5 INFO: 0 processes.
#20 129.5 FAILED: Build did NOT complete successfully (32 packages loaded, 12 targets configured)
#20 129.6 FAILED: Build did NOT complete successfully (32 packages loaded, 12 targets configured)
#20 129.6 Traceback (most recent call last):
#20 129.6   File "<string>", line 1, in <module>
#20 129.6   File "/src/fuzzers/afl/fuzzer.py", line 40, in build
#20 129.6     utils.build_benchmark()
#20 129.6   File "/src/fuzzers/utils.py", line 82, in build_benchmark
#20 129.6     subprocess.check_call(['/bin/bash', '-ex', build_script], env=env)
#20 129.6   File "/usr/local/lib/python3.8/subprocess.py", line 364, in check_call
#20 129.6     raise CalledProcessError(retcode, cmd)
#20 129.6 subprocess.CalledProcessError: Command '['/bin/bash', '-ex', '/src/build.sh']' returned non-zero exit status 1.
#20 ERROR: executor failed running [/bin/sh -c echo "Run fuzzer_build to build the target" && if [ -z "$debug_builder" ] ; then fuzzer_build; fi]: exit code: 1
------
 > importing cache manifest from gcr.io/fuzzbench/builders/afl/tensorflow_tensorflow:
------
executor failed running [/bin/sh -c echo "Run fuzzer_build to build the target" && if [ -z "$debug_builder" ] ; then fuzzer_build; fi]: exit code: 1
------
 > importing cache manifest from gcr.io/fuzzbench/builders/afl/tensorflow_tensorflow:
------
------
 > [stage-1 13/13] RUN echo "Run fuzzer_build to build the target" && if [ -z "$debug_builder" ] ; then fuzzer_build; fi:
------
executor failed running [/bin/sh -c echo "Run fuzzer_build to build the target" && if [ -z "$debug_builder" ] ; then fuzzer_build; fi]: exit code: 1
make: *** [docker/generated.mk:2868437: .afl-tensorflow_tensorflow-builder] Error 1
make: *** [docker/generated.mk:2868437: .afl-tensorflow_tensorflow-builder] Error 1
