WARNING:root:gcloud not found in PATH.
INFO:root:Successfully integrated benchmark: libra_libra.
INFO:root:Please run "make test-run-afl-libra_libra" to test integration.
#2 [internal] load .dockerignore
#2 sha256:d5b58861749dfd31ff9effcf97622999809180cf838e28abda7285ac3d4faf52
#2 ...

#1 [internal] load build definition from Dockerfile
#1 sha256:11919fbb02da37048108b083d99d2597d3076b7c74d6b8088976fe88f892de13
#1 transferring dockerfile: 1.00kB done
#1 DONE 0.4s

#2 [internal] load .dockerignore
#2 sha256:d5b58861749dfd31ff9effcf97622999809180cf838e28abda7285ac3d4faf52
#2 transferring context: 2B done
#2 DONE 0.4s

#3 [internal] load metadata for gcr.io/oss-fuzz-base/base-builder:latest
#3 sha256:f10dc39cc9d418a5bc416dead31a1902b6821fdae909cd3b08f7a3fd1faba7b5
#3 DONE 0.4s

#9 [internal] load build context
#9 sha256:1deac4a153e3ccf1b1c0005bbc2721bd147d2530753b454ea6dee644f030d01b
#9 DONE 0.0s

#5 [1/5] FROM gcr.io/oss-fuzz-base/base-builder@sha256:77750d283f2957d1beeddda2e8f6c5604ab5f969a3616e9cac40f4261ca04c0a
#5 sha256:7999addb2cd81975cd6421c6aaef5643a901995c540a40e8df741ab4c30f6043
#5 DONE 0.0s

#4 importing cache manifest from gcr.io/fuzzbench/builders/benchmark/libra_libra
#4 sha256:8d9d668f2cfae0d827077197ea0d2cf0915f53e1826bd03fafd2a51b1519e1fe
#4 ERROR: gcr.io/fuzzbench/builders/benchmark/libra_libra:latest: not found

#5 [1/5] FROM gcr.io/oss-fuzz-base/base-builder@sha256:77750d283f2957d1beeddda2e8f6c5604ab5f969a3616e9cac40f4261ca04c0a
#5 sha256:7999addb2cd81975cd6421c6aaef5643a901995c540a40e8df741ab4c30f6043
#5 CACHED

#6 [2/5] RUN apt-get update && apt-get install -y cmake curl
#6 sha256:17d3e9515f383bb39d7d40cf0440d31694c28a8d20ec5cb28ff73220d2327e52
#6 ...

#9 [internal] load build context
#9 sha256:1deac4a153e3ccf1b1c0005bbc2721bd147d2530753b454ea6dee644f030d01b
#9 transferring context: 3.41kB done
#9 DONE 0.2s

#6 [2/5] RUN apt-get update && apt-get install -y cmake curl
#6 sha256:17d3e9515f383bb39d7d40cf0440d31694c28a8d20ec5cb28ff73220d2327e52
#6 0.831 Hit:1 http://archive.ubuntu.com/ubuntu focal InRelease
#6 0.831 Get:2 http://archive.ubuntu.com/ubuntu focal-updates InRelease [114 kB]
#6 0.831 Get:3 http://security.ubuntu.com/ubuntu focal-security InRelease [114 kB]
#6 0.831 Hit:4 http://ppa.launchpad.net/git-core/ppa/ubuntu focal InRelease
#6 0.921 Get:5 http://archive.ubuntu.com/ubuntu focal-backports InRelease [108 kB]
#6 1.421 Get:6 http://security.ubuntu.com/ubuntu focal-security/main amd64 Packages [1546 kB]
#6 1.638 Get:7 http://archive.ubuntu.com/ubuntu focal-updates/universe amd64 Packages [1133 kB]
#6 1.674 Get:8 http://security.ubuntu.com/ubuntu focal-security/universe i386 Packages [656 kB]
#6 1.780 Get:9 http://security.ubuntu.com/ubuntu focal-security/universe amd64 Packages [839 kB]
#6 1.896 Get:10 http://security.ubuntu.com/ubuntu focal-security/restricted amd64 Packages [961 kB]
#6 1.925 Get:11 http://archive.ubuntu.com/ubuntu focal-updates/main amd64 Packages [1973 kB]
#6 2.009 Get:12 http://security.ubuntu.com/ubuntu focal-security/main i386 Packages [464 kB]
#6 2.204 Get:13 http://archive.ubuntu.com/ubuntu focal-updates/main i386 Packages [752 kB]
#6 2.285 Get:14 http://archive.ubuntu.com/ubuntu focal-updates/universe i386 Packages [826 kB]
#6 2.559 Fetched 9486 kB in 2s (5362 kB/s)
#6 2.559 Reading package lists...
#6 4.292 Reading package lists...
#6 5.706 Building dependency tree...
#6 5.916 Reading state information...
#6 6.124 curl is already the newest version (7.68.0-1ubuntu2.7).
#6 6.124 The following additional packages will be installed:
#6 6.126   cmake-data libarchive13 libjsoncpp1 librhash0 libuv1
#6 6.127 Suggested packages:
#6 6.127   cmake-doc ninja-build lrzip
#6 6.184 The following NEW packages will be installed:
#6 6.186   cmake cmake-data libarchive13 libjsoncpp1 librhash0 libuv1
#6 6.267 0 upgraded, 6 newly installed, 0 to remove and 0 not upgraded.
#6 6.267 Need to get 5877 kB of archives.
#6 6.267 After this operation, 29.5 MB of additional disk space will be used.
#6 6.267 Get:1 http://archive.ubuntu.com/ubuntu focal-updates/main amd64 libuv1 amd64 1.34.2-1ubuntu1.3 [80.8 kB]
#6 6.355 Get:2 http://archive.ubuntu.com/ubuntu focal/main amd64 cmake-data all 3.16.3-1ubuntu1 [1612 kB]
#6 6.508 Get:3 http://archive.ubuntu.com/ubuntu focal/main amd64 libarchive13 amd64 3.4.0-2ubuntu1 [327 kB]
#6 6.532 Get:4 http://archive.ubuntu.com/ubuntu focal/main amd64 libjsoncpp1 amd64 1.7.4-3.1ubuntu2 [75.6 kB]
#6 6.538 Get:5 http://archive.ubuntu.com/ubuntu focal/main amd64 librhash0 amd64 1.3.9-1 [113 kB]
#6 6.547 Get:6 http://archive.ubuntu.com/ubuntu focal/main amd64 cmake amd64 3.16.3-1ubuntu1 [3669 kB]
#6 7.277 debconf: delaying package configuration, since apt-utils is not installed
#6 7.380 Fetched 5877 kB in 1s (9367 kB/s)
#6 7.470 Selecting previously unselected package libuv1:amd64.
#6 7.470 (Reading database ... (Reading database ... 5%(Reading database ... 10%(Reading database ... 15%(Reading database ... 20%(Reading database ... 25%(Reading database ... 30%(Reading database ... 35%(Reading database ... 40%(Reading database ... 45%(Reading database ... 50%(Reading database ... 55%(Reading database ... 60%(Reading database ... 65%(Reading database ... 70%(Reading database ... 75%(Reading database ... 80%(Reading database ... 85%(Reading database ... 90%(Reading database ... 95%(Reading database ... 100%(Reading database ... 21291 files and directories currently installed.)
#6 7.576 Preparing to unpack .../0-libuv1_1.34.2-1ubuntu1.3_amd64.deb ...
#6 7.598 Unpacking libuv1:amd64 (1.34.2-1ubuntu1.3) ...
#6 7.756 Selecting previously unselected package cmake-data.
#6 7.759 Preparing to unpack .../1-cmake-data_3.16.3-1ubuntu1_all.deb ...
#6 7.777 Unpacking cmake-data (3.16.3-1ubuntu1) ...
#6 8.505 Selecting previously unselected package libarchive13:amd64.
#6 8.509 Preparing to unpack .../2-libarchive13_3.4.0-2ubuntu1_amd64.deb ...
#6 8.524 Unpacking libarchive13:amd64 (3.4.0-2ubuntu1) ...
#6 8.702 Selecting previously unselected package libjsoncpp1:amd64.
#6 8.705 Preparing to unpack .../3-libjsoncpp1_1.7.4-3.1ubuntu2_amd64.deb ...
#6 8.732 Unpacking libjsoncpp1:amd64 (1.7.4-3.1ubuntu2) ...
#6 8.921 Selecting previously unselected package librhash0:amd64.
#6 8.925 Preparing to unpack .../4-librhash0_1.3.9-1_amd64.deb ...
#6 8.951 Unpacking librhash0:amd64 (1.3.9-1) ...
#6 9.094 Selecting previously unselected package cmake.
#6 9.097 Preparing to unpack .../5-cmake_3.16.3-1ubuntu1_amd64.deb ...
#6 9.122 Unpacking cmake (3.16.3-1ubuntu1) ...
#6 9.614 Setting up libarchive13:amd64 (3.4.0-2ubuntu1) ...
#6 9.665 Setting up libuv1:amd64 (1.34.2-1ubuntu1.3) ...
#6 9.713 Setting up librhash0:amd64 (1.3.9-1) ...
#6 9.760 Setting up cmake-data (3.16.3-1ubuntu1) ...
#6 9.781 Setting up libjsoncpp1:amd64 (1.7.4-3.1ubuntu2) ...
#6 9.797 Setting up cmake (3.16.3-1ubuntu1) ...
#6 9.814 Processing triggers for libc-bin (2.31-0ubuntu9.2) ...
#6 DONE 10.5s

#7 [3/5] RUN git clone --depth 1 https://github.com/libra/libra /src/libra
#7 sha256:261e5ab0672c4c2a4e91d6fb7842b501132bfb0b49bd2b536c2b38097ef7c29e
#7 0.433 Cloning into '/src/libra'...
#7 DONE 6.2s

#8 [4/5] WORKDIR /src/libra
#8 sha256:7b57d17b781fffb8ca07c940398be05efc95a8a92fcb541e9531f04e6dc59e5f
#8 DONE 0.2s

#10 [5/5] COPY build.sh /src/
#10 sha256:f1f15c941025d52ccca4163ebeedeab7e4b70e2ccbe8813f1d9287302bc6209a
#10 DONE 0.2s

#11 exporting to image
#11 sha256:e8c613e07b0b7ff33893b694f7759a10d42e180f2b4dc349fb57dc6b71dcab00
#11 exporting layers done
#11 writing image sha256:c0aad2b3b970b1eea24e9a0d1da30ad9d1b588862943109cafac5d382129f6bf done
#11 naming to gcr.io/fuzzbench/builders/benchmark/libra_libra done
#11 DONE 0.1s

#12 exporting cache
#12 sha256:2700d4ef94dee473593c5c614b55b2dedcca7893909811a8f2b48291a1f581e4
#12 preparing build cache for export done
#12 DONE 0.0s
------
 > importing cache manifest from gcr.io/fuzzbench/builders/benchmark/libra_libra:
------
#1 [internal] load build definition from builder.Dockerfile
#1 sha256:8a5c32805f4d4654b22a319f0f03682a9b0f7ef8d4495cf3343bbb321358a984
#1 transferring dockerfile: 1.35kB done
#1 DONE 0.0s

#2 [internal] load .dockerignore
#2 sha256:ed45f7ac7c72e5dd73ad4d940ce5e1b7d283afa8ad7186cab0018f6fbc1c536a
#2 transferring context: 2B done
#2 DONE 0.0s

#3 [internal] load metadata for gcr.io/fuzzbench/builders/benchmark/libra_libra:latest
#3 sha256:5877672bfed9e1811db94cc9c7ad41ed02df26b8d388c52756acc7e96821ff82
#3 DONE 0.0s

#7 [1/3] FROM gcr.io/fuzzbench/builders/benchmark/libra_libra
#7 sha256:dd3df213f8bdead3c641194b2396dc963baf93159068d2764009af76565c742f
#7 DONE 0.0s

#4 importing cache manifest from gcr.io/fuzzbench/builders/afl/libra_libra-intermediate
#4 sha256:83cd318f34d1860f2b15bbc1f3aaafb58ab5bc603342196cccbafcbf510e8af8
#4 ERROR: gcr.io/fuzzbench/builders/afl/libra_libra-intermediate:latest: not found

#7 [1/3] FROM gcr.io/fuzzbench/builders/benchmark/libra_libra
#7 sha256:dd3df213f8bdead3c641194b2396dc963baf93159068d2764009af76565c742f
#7 DONE 0.2s

#5 [2/3] RUN git clone https://github.com/google/AFL.git /afl &&     cd /afl &&     git checkout 61037103ae3722c8060ff7082994836a794f978e &&     AFL_NO_X86=1 make
#5 sha256:d62f28df8844fc51514e11e6bcd1228b7b945e27c586eae2dcaa5a3819e36b00
#5 0.372 Cloning into '/afl'...
#5 1.924 Note: switching to '61037103ae3722c8060ff7082994836a794f978e'.
#5 1.924 
#5 1.924 You are in 'detached HEAD' state. You can look around, make experimental
#5 1.924 changes and commit them, and you can discard any commits you make in this
#5 1.924 state without impacting any branches by switching back to a branch.
#5 1.924 
#5 1.924 If you want to create a new branch to retain commits you create, you may
#5 1.924 do so (now or later) by using -c with the switch command. Example:
#5 1.924 
#5 1.924   git switch -c <new-branch-name>
#5 1.924 
#5 1.924 Or undo this operation with:
#5 1.924 
#5 1.924   git switch -
#5 1.924 
#5 1.924 Turn off this advice by setting config variable advice.detachedHead to false
#5 1.924 
#5 1.924 HEAD is now at 6103710 Fix a typo filename comparison in the fuzzer (#139)
#5 1.956 [!] Note: skipping x86 compilation checks (AFL_NO_X86 set).
#5 1.956 clang -O1 -fno-omit-frame-pointer -gline-tables-only -DFUZZING_BUILD_MODE_UNSAFE_FOR_PRODUCTION -Wall -D_FORTIFY_SOURCE=2 -g -Wno-pointer-sign -DAFL_PATH=\"/usr/local/lib/afl\" -DDOC_PATH=\"/usr/local/share/doc/afl\" -DBIN_PATH=\"/usr/local/bin\" afl-gcc.c -o afl-gcc -ldl
#5 2.145 set -e; for i in afl-g++ afl-clang afl-clang++; do ln -sf afl-gcc $i; done
#5 2.150 clang -O1 -fno-omit-frame-pointer -gline-tables-only -DFUZZING_BUILD_MODE_UNSAFE_FOR_PRODUCTION -Wall -D_FORTIFY_SOURCE=2 -g -Wno-pointer-sign -DAFL_PATH=\"/usr/local/lib/afl\" -DDOC_PATH=\"/usr/local/share/doc/afl\" -DBIN_PATH=\"/usr/local/bin\" afl-fuzz.c -o afl-fuzz -ldl
#5 4.606 clang -O1 -fno-omit-frame-pointer -gline-tables-only -DFUZZING_BUILD_MODE_UNSAFE_FOR_PRODUCTION -Wall -D_FORTIFY_SOURCE=2 -g -Wno-pointer-sign -DAFL_PATH=\"/usr/local/lib/afl\" -DDOC_PATH=\"/usr/local/share/doc/afl\" -DBIN_PATH=\"/usr/local/bin\" afl-showmap.c -o afl-showmap -ldl
#5 4.932 clang -O1 -fno-omit-frame-pointer -gline-tables-only -DFUZZING_BUILD_MODE_UNSAFE_FOR_PRODUCTION -Wall -D_FORTIFY_SOURCE=2 -g -Wno-pointer-sign -DAFL_PATH=\"/usr/local/lib/afl\" -DDOC_PATH=\"/usr/local/share/doc/afl\" -DBIN_PATH=\"/usr/local/bin\" afl-tmin.c -o afl-tmin -ldl
#5 5.383 clang -O1 -fno-omit-frame-pointer -gline-tables-only -DFUZZING_BUILD_MODE_UNSAFE_FOR_PRODUCTION -Wall -D_FORTIFY_SOURCE=2 -g -Wno-pointer-sign -DAFL_PATH=\"/usr/local/lib/afl\" -DDOC_PATH=\"/usr/local/share/doc/afl\" -DBIN_PATH=\"/usr/local/bin\" afl-gotcpu.c -o afl-gotcpu -ldl
#5 5.551 clang -O1 -fno-omit-frame-pointer -gline-tables-only -DFUZZING_BUILD_MODE_UNSAFE_FOR_PRODUCTION -Wall -D_FORTIFY_SOURCE=2 -g -Wno-pointer-sign -DAFL_PATH=\"/usr/local/lib/afl\" -DDOC_PATH=\"/usr/local/share/doc/afl\" -DBIN_PATH=\"/usr/local/bin\" afl-analyze.c -o afl-analyze -ldl
#5 5.989 clang -O1 -fno-omit-frame-pointer -gline-tables-only -DFUZZING_BUILD_MODE_UNSAFE_FOR_PRODUCTION -Wall -D_FORTIFY_SOURCE=2 -g -Wno-pointer-sign -DAFL_PATH=\"/usr/local/lib/afl\" -DDOC_PATH=\"/usr/local/share/doc/afl\" -DBIN_PATH=\"/usr/local/bin\" afl-as.c -o afl-as -ldl
#5 6.223 ln -sf afl-as as
#5 6.225 [!] Note: skipping build tests (you may need to use LLVM or QEMU mode).
#5 6.227 [+] LLVM users: see llvm_mode/README.llvm for a faster alternative to afl-gcc.
#5 6.228 [+] All done! Be sure to review README - it's pretty short and useful.
#5 DONE 7.2s

#6 [3/3] RUN apt-get update &&     apt-get install wget -y &&     wget https://raw.githubusercontent.com/llvm/llvm-project/5feb80e748924606531ba28c97fe65145c65372e/compiler-rt/lib/fuzzer/afl/afl_driver.cpp -O /afl/afl_driver.cpp &&     clang -Wno-pointer-sign -c /afl/llvm_mode/afl-llvm-rt.o.c -I/afl &&     clang++ -stdlib=libc++ -std=c++11 -O2 -c /afl/afl_driver.cpp &&     ar r /libAFL.a *.o
#6 sha256:abd9fc0d25bcf80cdf6d402ca41e3d170fb332f5f1773004d73c819e0b028f78
#6 0.687 Hit:1 http://security.ubuntu.com/ubuntu focal-security InRelease
#6 0.687 Hit:2 http://archive.ubuntu.com/ubuntu focal InRelease
#6 0.687 Hit:3 http://archive.ubuntu.com/ubuntu focal-updates InRelease
#6 0.687 Hit:4 http://ppa.launchpad.net/git-core/ppa/ubuntu focal InRelease
#6 0.696 Hit:5 http://archive.ubuntu.com/ubuntu focal-backports InRelease
#6 1.606 Reading package lists...
#6 3.174 Reading package lists...
#6 4.589 Building dependency tree...
#6 4.802 Reading state information...
#6 5.048 wget is already the newest version (1.20.3-1ubuntu2).
#6 5.048 0 upgraded, 0 newly installed, 0 to remove and 0 not upgraded.
#6 5.053 --2022-02-10 21:42:48--  https://raw.githubusercontent.com/llvm/llvm-project/5feb80e748924606531ba28c97fe65145c65372e/compiler-rt/lib/fuzzer/afl/afl_driver.cpp
#6 5.056 Resolving raw.githubusercontent.com (raw.githubusercontent.com)... 185.199.111.133, 185.199.108.133, 185.199.109.133, ...
#6 5.058 Connecting to raw.githubusercontent.com (raw.githubusercontent.com)|185.199.111.133|:443... connected.
#6 5.082 HTTP request sent, awaiting response... 200 OK
#6 5.271 Length: 9177 (9.0K) [text/plain]
#6 5.271 Saving to: '/afl/afl_driver.cpp'
#6 5.271 
#6 5.271      0K ........                                              100% 6.64M=0.001s
#6 5.272 
#6 5.272 2022-02-10 21:42:48 (6.64 MB/s) - '/afl/afl_driver.cpp' saved [9177/9177]
#6 5.272 
#6 7.011 ar: creating /libAFL.a
#6 DONE 7.1s

#8 exporting to image
#8 sha256:e8c613e07b0b7ff33893b694f7759a10d42e180f2b4dc349fb57dc6b71dcab00
#8 exporting layers done
#8 writing image sha256:7f377d643a04b37778d0b352c1d351acdb3505f78087955b7e0a3d293cf97593
#8 writing image sha256:7f377d643a04b37778d0b352c1d351acdb3505f78087955b7e0a3d293cf97593 done
#8 naming to gcr.io/fuzzbench/builders/afl/libra_libra-intermediate done
#8 DONE 0.1s

#9 exporting cache
#9 sha256:2700d4ef94dee473593c5c614b55b2dedcca7893909811a8f2b48291a1f581e4
#9 preparing build cache for export done
#9 DONE 0.0s
------
 > importing cache manifest from gcr.io/fuzzbench/builders/afl/libra_libra-intermediate:
------
#1 [internal] load build definition from Dockerfile
#1 sha256:72f8c413bada3e8fc51e39056ae332ac88a63b2435f44618b8189965e33c700e
#1 transferring dockerfile: 2.00kB done
#1 DONE 0.0s

#2 [internal] load .dockerignore
#2 sha256:d8e2cb62e3c486abc99de4506df687146dcef179237c4dfa5104adb6797da6b6
#2 transferring context: 34B done
#2 DONE 0.0s

#3 [internal] load metadata for docker.io/library/ubuntu:xenial
#3 sha256:f62bae18ed588840f045c881b2502661f2a89578a2f8f99b83f5200ee83dd25b
#3 DONE 0.0s

#5 [1/7] FROM docker.io/library/ubuntu:xenial
#5 sha256:14dd403f25ae9e519bd44f27dc17af7ce80f5a4f9f48ca88108364e67ec5d360
#5 DONE 0.0s

#4 importing cache manifest from gcr.io/fuzzbench/base-image
#4 sha256:9b220ebb4d4daceed1b96df9b6dca076e762f1cd612574f010b82d5b9e5ad896
#4 DONE 0.0s

#8 [internal] load build context
#8 sha256:d733ce04537bef4e258198a2ed935ecbd6b6723afc793f19dff679ad1ccd0ebe
#8 transferring context: 559B 0.1s done
#8 DONE 0.2s

#11 [6/7] RUN apt-get update -y && apt-get install -y     apt-transport-https     lsb-release
#11 sha256:7cb853182e019051851688562279abac9b386ddd4cd9fbbf3c6b7648b4857adb
#11 CACHED

#6 [2/7] RUN apt-get update -y && apt-get install -y     build-essential     rsync     curl     zlib1g-dev     libncurses5-dev     libgdbm-dev     libnss3-dev     libssl-dev     libreadline-dev     libffi-dev     virtualenv     libbz2-dev     liblzma-dev     libsqlite3-dev
#6 sha256:3a1b0960f17eed529eaae93dc8fd3554f2743dd584d8fa569cdbe6bc734371ac
#6 CACHED

#7 [3/7] RUN cd /tmp/ &&     curl -O https://www.python.org/ftp/python/3.8.6/Python-3.8.6.tar.xz &&     tar -xvf Python-3.8.6.tar.xz &&     cd Python-3.8.6 &&     ./configure --enable-loadable-sqlite-extensions --enable-optimizations &&     make -j install &&     rm -r /tmp/Python-3.8.6.tar.xz /tmp/Python-3.8.6
#7 sha256:c5b9d1fb3371e84dbc60b76e7b2f8d5913bc93bcd4910ab65daa03e7b2ec4bb0
#7 CACHED

#9 [4/7] COPY ./requirements.txt /
#9 sha256:302256f9c258fddfa6659deb56421675d04b5c4ebbb8b13947cf528a18d35e07
#9 CACHED

#10 [5/7] RUN pip3 install -r /requirements.txt
#10 sha256:fac380df64df5e49a761cc5822d6b59b59961b2244bee976ce4f1858d13924c2
#10 CACHED

#12 [7/7] RUN CLOUD_SDK_REPO="cloud-sdk-$(lsb_release -c -s)" &&     echo "deb https://packages.cloud.google.com/apt $CLOUD_SDK_REPO main"     | tee -a /etc/apt/sources.list.d/google-cloud-sdk.list &&     curl https://packages.cloud.google.com/apt/doc/apt-key.gpg     | apt-key add - &&     apt-get update -y &&     apt-get install -y google-cloud-sdk
#12 sha256:39c65ba63234c25fbadcc1466d4f757ec05e4761217be24d71108e10ebf98400
#12 CACHED

#13 exporting to image
#13 sha256:e8c613e07b0b7ff33893b694f7759a10d42e180f2b4dc349fb57dc6b71dcab00
#13 exporting layers done
#13 writing image sha256:db37108b741762d6fc963c78f4ea99d80edbbe38f2ea9e4cf93847b349417cfa done
#13 naming to gcr.io/fuzzbench/base-image done
#13 DONE 0.0s

#14 exporting cache
#14 sha256:2700d4ef94dee473593c5c614b55b2dedcca7893909811a8f2b48291a1f581e4
#14 preparing build cache for export done
#14 DONE 0.0s
#1 [internal] load build definition from Dockerfile
#1 sha256:5f17efb780cc9aeb0d8df8ef839f189f16ba5620fbaafbe1219495d0f37d869e
#1 transferring dockerfile: 2.22kB done
#1 DONE 0.0s

#2 [internal] load .dockerignore
#2 sha256:6e73e68cd80ed1e73f9de762ed5c9be561fbb63f4cbcc496167f1f211bd46421
#2 transferring context: 34B done
#2 DONE 0.0s

#4 [internal] load metadata for gcr.io/fuzzbench/base-image:latest
#4 sha256:932022888f650cc455b10eb5123bb08c0cccacac29a693e69314abbfd28a72c3
#4 DONE 0.0s

#3 [internal] load metadata for gcr.io/fuzzbench/builders/afl/libra_libra-intermediate:latest
#3 sha256:597fd7e596cffab59ead2103c5406800d8a8a41364212adf13092f0525e5f6be
#3 DONE 0.0s

#12 [internal] load build context
#12 sha256:3ec031ce1b294a49b648166a59d3907ce1a0cd7454be7c82501c2b09a7c6ab72
#12 DONE 0.0s

#7 [base-image 1/1] FROM gcr.io/fuzzbench/base-image
#7 sha256:4d07825694520f8b6f6a0d8592dbd345433361ae044cb7f06706c5a95e3daaad
#7 DONE 0.0s

#6 [stage-1  1/13] FROM gcr.io/fuzzbench/builders/afl/libra_libra-intermediate
#6 sha256:64c76003fd3dbca198f1ce1a5e49914131cba848558d8f91ab250ff9d2222b14
#6 DONE 0.0s

#5 importing cache manifest from gcr.io/fuzzbench/builders/afl/libra_libra
#5 sha256:b41e6b7cb65475a24d031893148f1962ca96ac40aedae465d68412903434aa78
#5 ERROR: gcr.io/fuzzbench/builders/afl/libra_libra:latest: not found

#7 [base-image 1/1] FROM gcr.io/fuzzbench/base-image
#7 sha256:4d07825694520f8b6f6a0d8592dbd345433361ae044cb7f06706c5a95e3daaad
#7 CACHED

#12 [internal] load build context
#12 sha256:3ec031ce1b294a49b648166a59d3907ce1a0cd7454be7c82501c2b09a7c6ab72
#12 transferring context: 669.86kB 0.1s done
#12 DONE 0.1s

#6 [stage-1  1/13] FROM gcr.io/fuzzbench/builders/afl/libra_libra-intermediate
#6 sha256:64c76003fd3dbca198f1ce1a5e49914131cba848558d8f91ab250ff9d2222b14
#6 DONE 0.2s

#8 [stage-1  2/13] COPY --from=base-image /usr/local/bin/python3* /usr/local/bin/
#8 sha256:71cf2d10d07c71b73d62d7c289239cd8df279791350a639c50d9972a63ae3cc4
#8 DONE 0.4s

#9 [stage-1  3/13] COPY --from=base-image /usr/local/lib/python3.8 /usr/local/lib/python3.8
#9 sha256:20ea1d72381fd7aadf01433601e5f4cd03bec44429ca81f4919a68ce900f398e
#9 DONE 13.3s

#10 [stage-1  4/13] COPY --from=base-image /usr/local/include/python3.8 /usr/local/include/python3.8
#10 sha256:6b4e4c6378ea46475b27433b813b8d88b6f6eb5426664791b11f3a482b256622
#10 DONE 0.5s

#11 [stage-1  5/13] COPY --from=base-image /usr/local/lib/python3.8/site-packages /usr/local/lib/python3.8/site-packages
#11 sha256:1635ae72296c715ce47ef1d47218fa02ae956043c5a81f0f12d779739381e636
#11 DONE 15.4s

#13 [stage-1  6/13] COPY fuzzers /src/fuzzers
#13 sha256:96e271596c21d7b7f62882ad55f2602770b8a6bfe1d446d65de45e53f9c6d905
#13 DONE 0.2s

#14 [stage-1  7/13] RUN touch /src/__init__.py
#14 sha256:6986e7742a6dfe5cc0d4257cba2dccff46e6da3b16c7dae8728d74a306f1fe51
#14 DONE 0.5s

#15 [stage-1  8/13] COPY benchmarks/libra_libra/benchmark.yaml /
#15 sha256:d486178d762168a72d1527c5b20cde7ad810c6b94632ee540e613aaee32814c9
#15 DONE 0.3s

#16 [stage-1  9/13] RUN mkdir /opt/fuzzbench/
#16 sha256:e69684b1da9d125abc8d6cc312f3fb8affc7dfd2a6a75904b86a58309cf04485
#16 DONE 0.7s

#17 [stage-1 10/13] COPY docker/benchmark-builder/checkout_commit.py /opt/fuzzbench/
#17 sha256:a2c67fd917180af9a5d77f570022667970fa9cd7ec380e0293c66454070b192b
#17 DONE 0.3s

#18 [stage-1 11/13] RUN export CHECKOUT_COMMIT=$(cat /benchmark.yaml | tr -d ' ' | grep 'commit:' | cut -d ':' -f2) &&     python3 -u /opt/fuzzbench/checkout_commit.py $CHECKOUT_COMMIT /src
#18 sha256:72fb1304941b158db415d8bad7a3946363490f6c04615ed947929115f9e595d2
#18 0.564 Checking out commit 48a907ef
#18 18.38 From https://github.com/libra/libra
#18 18.38  * [new tag]             diem-core-v1.1.0      -> diem-core-v1.1.0
#18 18.38  * [new tag]             diem-core-v1.2.0      -> diem-core-v1.2.0
#18 18.38  * [new tag]             diem-framework-v1.2.0 -> diem-framework-v1.2.0
#18 18.38  * [new tag]             diem-sdk-v0.0.1       -> diem-sdk-v0.0.1
#18 18.38  * [new tag]             diem-sdk-v0.0.2       -> diem-sdk-v0.0.2
#18 18.38  * [new tag]             diem-sdk-v0.0.3       -> diem-sdk-v0.0.3
#18 18.38  * [new tag]             libra-core-v1.0.0     -> libra-core-v1.0.0
#18 18.38  * [new tag]             pre-move-repo         -> pre-move-repo
#18 18.39 error: pathspec '48a907ef' did not match any file(s) known to git
#18 18.39 error: pathspec '48a907ef' did not match any file(s) known to git
#18 18.40 error: pathspec '48a907ef' did not match any file(s) known to git
#18 18.54 Checkout unsuccessful.
#18 DONE 18.7s

#19 [stage-1 12/13] RUN echo "#!/bin/bash\nPYTHONPATH=/src python3 -u -c "from fuzzers import utils; utils.initialize_env(); from fuzzers.afl import fuzzer; fuzzer.build()"" > /usr/bin/fuzzer_build &&     chmod +x /usr/bin/fuzzer_build
#19 sha256:fd0eaa9279196ccc38f7be1151c0ee0de18915e182f145e5bf17a7bfd0318455
#19 DONE 0.8s

#20 [stage-1 13/13] RUN echo "Run fuzzer_build to build the target" && if [ -z "$debug_builder" ] ; then fuzzer_build; fi
#20 sha256:155787064690f113a22caa618600f1096197a4048b09135f260d3b1b8b18b885
#20 0.503 Run fuzzer_build to build the target
#20 0.650 FUZZ_TARGET = libra
#20 0.650 CFLAGS = -DFUZZING_BUILD_MODE_UNSAFE_FOR_PRODUCTION -pthread -Wl,--no-as-needed -Wl,-ldl -Wl,-lm -Wno-unused-command-line-argument -O3
#20 0.650 CXXFLAGS = -DFUZZING_BUILD_MODE_UNSAFE_FOR_PRODUCTION -pthread -Wl,--no-as-needed -Wl,-ldl -Wl,-lm -Wno-unused-command-line-argument -stdlib=libc++ -O3
#20 0.661 Building benchmark libra_libra with fuzzer afl
#20 0.665 + export 'CFLAGS=-O1 -fno-omit-frame-pointer -gline-tables-only -DFUZZING_BUILD_MODE_UNSAFE_FOR_PRODUCTION'
#20 0.665 + CFLAGS='-O1 -fno-omit-frame-pointer -gline-tables-only -DFUZZING_BUILD_MODE_UNSAFE_FOR_PRODUCTION'
#20 0.665 + export CXXFLAGS_EXTRA=-stdlib=libc++
#20 0.665 + CXXFLAGS_EXTRA=-stdlib=libc++
#20 0.665 + export 'CXXFLAGS=-O1 -fno-omit-frame-pointer -gline-tables-only -DFUZZING_BUILD_MODE_UNSAFE_FOR_PRODUCTION -stdlib=libc++'
#20 0.665 + CXXFLAGS='-O1 -fno-omit-frame-pointer -gline-tables-only -DFUZZING_BUILD_MODE_UNSAFE_FOR_PRODUCTION -stdlib=libc++'
#20 0.665 + cd /src/libra/testsuite/libra-fuzzer
#20 0.665 /src/build.sh: line 32: cd: /src/libra/testsuite/libra-fuzzer: No such file or directory
#20 0.666 Traceback (most recent call last):
#20 0.666   File "<string>", line 1, in <module>
#20 0.666   File "/src/fuzzers/afl/fuzzer.py", line 40, in build
#20 0.666     utils.build_benchmark()
#20 0.666   File "/src/fuzzers/utils.py", line 82, in build_benchmark
#20 0.666     subprocess.check_call(['/bin/bash', '-ex', build_script], env=env)
#20 0.666   File "/usr/local/lib/python3.8/subprocess.py", line 364, in check_call
#20 0.667     raise CalledProcessError(retcode, cmd)
#20 0.667 subprocess.CalledProcessError: Command '['/bin/bash', '-ex', '/src/build.sh']' returned non-zero exit status 1.
#20 ERROR: executor failed running [/bin/sh -c echo "Run fuzzer_build to build the target" && if [ -z "$debug_builder" ] ; then fuzzer_build; fi]: exit code: 1
------
 > importing cache manifest from gcr.io/fuzzbench/builders/afl/libra_libra:
------
------
 > [stage-1 13/13] RUN echo "Run fuzzer_build to build the target" && if [ -z "$debug_builder" ] ; then fuzzer_build; fi:
------
executor failed running [/bin/sh -c echo "Run fuzzer_build to build the target" && if [ -z "$debug_builder" ] ; then fuzzer_build; fi]: exit code: 1
make: *** [docker/generated.mk:2689868: .afl-libra_libra-builder] Error 1
/bin/sh: 1: source: not found
#2 [internal] load .dockerignore
#2 sha256:e3642b0386a679e254d3cd04a6e20dfb71d83806993da83d9e55137ac59962c9
#2 transferring context: 2B done
#2 DONE 0.7s

#1 [internal] load build definition from Dockerfile
#1 sha256:3f8f513809cc90edee736ed86f78809075baf466dad46196f71994d382750e99
#1 transferring dockerfile: 32B done
#1 DONE 0.8s

#3 [internal] load metadata for gcr.io/oss-fuzz-base/base-builder:latest
#3 sha256:f10dc39cc9d418a5bc416dead31a1902b6821fdae909cd3b08f7a3fd1faba7b5
#3 DONE 0.5s

#5 [1/5] FROM gcr.io/oss-fuzz-base/base-builder@sha256:77750d283f2957d1beeddda2e8f6c5604ab5f969a3616e9cac40f4261ca04c0a
#5 sha256:7999addb2cd81975cd6421c6aaef5643a901995c540a40e8df741ab4c30f6043
#5 DONE 0.0s

#4 importing cache manifest from gcr.io/fuzzbench/builders/benchmark/libra_libra
#4 sha256:8d9d668f2cfae0d827077197ea0d2cf0915f53e1826bd03fafd2a51b1519e1fe
#4 DONE 0.0s

#9 [internal] load build context
#9 sha256:089b8a7661055cd075c4435aa59d68c5ae169c8a66d089f6c5e3e91eb8f23525
#9 transferring context: 30B done
#9 DONE 0.1s

#6 [2/5] RUN apt-get update && apt-get install -y cmake curl
#6 sha256:17d3e9515f383bb39d7d40cf0440d31694c28a8d20ec5cb28ff73220d2327e52
#6 CACHED

#7 [3/5] RUN git clone --depth 1 https://github.com/libra/libra /src/libra
#7 sha256:261e5ab0672c4c2a4e91d6fb7842b501132bfb0b49bd2b536c2b38097ef7c29e
#7 CACHED

#8 [4/5] WORKDIR /src/libra
#8 sha256:7b57d17b781fffb8ca07c940398be05efc95a8a92fcb541e9531f04e6dc59e5f
#8 CACHED

#10 [5/5] COPY build.sh /src/
#10 sha256:99c6e61b0a5db498144d56c7aefa0da9ba252eea75f284d9a78d80524f42b6d5
#10 CACHED

#11 exporting to image
#11 sha256:e8c613e07b0b7ff33893b694f7759a10d42e180f2b4dc349fb57dc6b71dcab00
#11 exporting layers done
#11 writing image sha256:c0aad2b3b970b1eea24e9a0d1da30ad9d1b588862943109cafac5d382129f6bf 0.0s done
#11 naming to gcr.io/fuzzbench/builders/benchmark/libra_libra done
#11 DONE 0.2s

#12 exporting cache
#12 sha256:2700d4ef94dee473593c5c614b55b2dedcca7893909811a8f2b48291a1f581e4
#12 preparing build cache for export done
#12 DONE 0.0s
#1 [internal] load build definition from builder.Dockerfile
#1 sha256:96e58da26b09675afa80f02ed4294b7bfdd94d8e500fd3b37962417f0e411a3d
#1 transferring dockerfile: 46B done
#1 DONE 0.0s

#2 [internal] load .dockerignore
#2 sha256:ff97423204f11c8e5e86a95d0d4dfef12f53cd1378bcd16c9e94faf89616d726
#2 transferring context: 2B done
#2 DONE 0.1s

#3 [internal] load metadata for gcr.io/fuzzbench/builders/benchmark/libra_libra:latest
#3 sha256:5877672bfed9e1811db94cc9c7ad41ed02df26b8d388c52756acc7e96821ff82
#3 DONE 0.0s

#5 [1/3] FROM gcr.io/fuzzbench/builders/benchmark/libra_libra
#5 sha256:dd3df213f8bdead3c641194b2396dc963baf93159068d2764009af76565c742f
#5 DONE 0.0s

#4 importing cache manifest from gcr.io/fuzzbench/builders/afl/libra_libra-intermediate
#4 sha256:83cd318f34d1860f2b15bbc1f3aaafb58ab5bc603342196cccbafcbf510e8af8
#4 DONE 0.0s

#6 [2/3] RUN git clone https://github.com/google/AFL.git /afl &&     cd /afl &&     git checkout 61037103ae3722c8060ff7082994836a794f978e &&     AFL_NO_X86=1 make
#6 sha256:d62f28df8844fc51514e11e6bcd1228b7b945e27c586eae2dcaa5a3819e36b00
#6 CACHED

#7 [3/3] RUN apt-get update &&     apt-get install wget -y &&     wget https://raw.githubusercontent.com/llvm/llvm-project/5feb80e748924606531ba28c97fe65145c65372e/compiler-rt/lib/fuzzer/afl/afl_driver.cpp -O /afl/afl_driver.cpp &&     clang -Wno-pointer-sign -c /afl/llvm_mode/afl-llvm-rt.o.c -I/afl &&     clang++ -stdlib=libc++ -std=c++11 -O2 -c /afl/afl_driver.cpp &&     ar r /libAFL.a *.o
#7 sha256:abd9fc0d25bcf80cdf6d402ca41e3d170fb332f5f1773004d73c819e0b028f78
#7 CACHED

#8 exporting to image
#8 sha256:e8c613e07b0b7ff33893b694f7759a10d42e180f2b4dc349fb57dc6b71dcab00
#8 exporting layers done
#8 writing image sha256:7f377d643a04b37778d0b352c1d351acdb3505f78087955b7e0a3d293cf97593
#8 writing image sha256:7f377d643a04b37778d0b352c1d351acdb3505f78087955b7e0a3d293cf97593 done
#8 naming to gcr.io/fuzzbench/builders/afl/libra_libra-intermediate done
#8 DONE 0.2s

#9 exporting cache
#9 sha256:2700d4ef94dee473593c5c614b55b2dedcca7893909811a8f2b48291a1f581e4
#9 preparing build cache for export done
#9 DONE 0.0s
#1 [internal] load build definition from Dockerfile
#1 sha256:3763c34de9567cb88d53c4da1e3fd3da03f73b8f8ef4c02b5d1e0c83bcb338f0
#1 transferring dockerfile: 2.00kB done
#1 DONE 0.1s

#2 [internal] load .dockerignore
#2 sha256:9973078eec5d1559dabc04ef1ed99da4386ae8f7262caddc3b4ebd1f7a72e6f2
#2 transferring context: 34B done
#2 DONE 0.1s

#3 [internal] load metadata for docker.io/library/ubuntu:xenial
#3 sha256:f62bae18ed588840f045c881b2502661f2a89578a2f8f99b83f5200ee83dd25b
#3 DONE 0.0s

#5 [1/7] FROM docker.io/library/ubuntu:xenial
#5 sha256:14dd403f25ae9e519bd44f27dc17af7ce80f5a4f9f48ca88108364e67ec5d360
#5 DONE 0.0s

#4 importing cache manifest from gcr.io/fuzzbench/base-image
#4 sha256:9b220ebb4d4daceed1b96df9b6dca076e762f1cd612574f010b82d5b9e5ad896
#4 DONE 0.0s

#8 [internal] load build context
#8 sha256:7970b70784f9788c50d4932651aa6fa2e0211070bea82411ba5a40091f91e113
#8 transferring context: 559B 0.0s done
#8 DONE 0.1s

#7 [3/7] RUN cd /tmp/ &&     curl -O https://www.python.org/ftp/python/3.8.6/Python-3.8.6.tar.xz &&     tar -xvf Python-3.8.6.tar.xz &&     cd Python-3.8.6 &&     ./configure --enable-loadable-sqlite-extensions --enable-optimizations &&     make -j install &&     rm -r /tmp/Python-3.8.6.tar.xz /tmp/Python-3.8.6
#7 sha256:c5b9d1fb3371e84dbc60b76e7b2f8d5913bc93bcd4910ab65daa03e7b2ec4bb0
#7 CACHED

#9 [4/7] COPY ./requirements.txt /
#9 sha256:3332ef58b71ccf8f18c98232a347647076e33491c4146d168ca6b11f719f3fe0
#9 CACHED

#11 [6/7] RUN apt-get update -y && apt-get install -y     apt-transport-https     lsb-release
#11 sha256:05640881b1e73e77baa14012b7b69b956f0547327e209759857b08bc28b2461d
#11 CACHED

#6 [2/7] RUN apt-get update -y && apt-get install -y     build-essential     rsync     curl     zlib1g-dev     libncurses5-dev     libgdbm-dev     libnss3-dev     libssl-dev     libreadline-dev     libffi-dev     virtualenv     libbz2-dev     liblzma-dev     libsqlite3-dev
#6 sha256:3a1b0960f17eed529eaae93dc8fd3554f2743dd584d8fa569cdbe6bc734371ac
#6 CACHED

#10 [5/7] RUN pip3 install -r /requirements.txt
#10 sha256:108cb1dc988e15536800498e818426fba2f98aceb31f966ca26076878cc9424d
#10 CACHED

#12 [7/7] RUN CLOUD_SDK_REPO="cloud-sdk-$(lsb_release -c -s)" &&     echo "deb https://packages.cloud.google.com/apt $CLOUD_SDK_REPO main"     | tee -a /etc/apt/sources.list.d/google-cloud-sdk.list &&     curl https://packages.cloud.google.com/apt/doc/apt-key.gpg     | apt-key add - &&     apt-get update -y &&     apt-get install -y google-cloud-sdk
#12 sha256:6cbeea9ee4e00730d110b65d086211e9d9527c4c9a9e70d76a5b8c7ce59f860c
#12 CACHED

#13 exporting to image
#13 sha256:e8c613e07b0b7ff33893b694f7759a10d42e180f2b4dc349fb57dc6b71dcab00
#13 exporting layers done
#13 writing image sha256:db37108b741762d6fc963c78f4ea99d80edbbe38f2ea9e4cf93847b349417cfa 0.0s done
#13 naming to gcr.io/fuzzbench/base-image done
#13 DONE 0.1s

#14 exporting cache
#14 sha256:2700d4ef94dee473593c5c614b55b2dedcca7893909811a8f2b48291a1f581e4
#14 preparing build cache for export done
#14 DONE 0.0s
#1 [internal] load build definition from Dockerfile
#1 sha256:9b802958c9f8b7ac6c2735194d13c8e858a286a6c1f29b8a6cc1a7b11eefd503
#1 transferring dockerfile: 2.22kB done
#1 DONE 0.0s

#2 [internal] load .dockerignore
#2 sha256:7c1c9d13423076122252f834d3e73e0e1a6d0bf5a82740bdd5ad85a24d63d6d0
#2 transferring context: 34B done
#2 DONE 0.1s

#4 [internal] load metadata for gcr.io/fuzzbench/base-image:latest
#4 sha256:932022888f650cc455b10eb5123bb08c0cccacac29a693e69314abbfd28a72c3
#4 DONE 0.0s

#3 [internal] load metadata for gcr.io/fuzzbench/builders/afl/libra_libra-intermediate:latest
#3 sha256:597fd7e596cffab59ead2103c5406800d8a8a41364212adf13092f0525e5f6be
#3 DONE 0.0s

#12 [internal] load build context
#12 sha256:0c60e470dbf84edbe50033c5b2200cf7d7a3e192a8f5cd129195c19421b3d9b9
#12 DONE 0.0s

#7 [base-image 1/1] FROM gcr.io/fuzzbench/base-image
#7 sha256:4d07825694520f8b6f6a0d8592dbd345433361ae044cb7f06706c5a95e3daaad
#7 DONE 0.0s

#6 [stage-1  1/13] FROM gcr.io/fuzzbench/builders/afl/libra_libra-intermediate
#6 sha256:64c76003fd3dbca198f1ce1a5e49914131cba848558d8f91ab250ff9d2222b14
#6 DONE 0.0s

#5 importing cache manifest from gcr.io/fuzzbench/builders/afl/libra_libra
#5 sha256:b41e6b7cb65475a24d031893148f1962ca96ac40aedae465d68412903434aa78
#5 ERROR: gcr.io/fuzzbench/builders/afl/libra_libra:latest: not found

#12 [internal] load build context
#12 sha256:0c60e470dbf84edbe50033c5b2200cf7d7a3e192a8f5cd129195c19421b3d9b9
#12 transferring context: 669.86kB 0.1s done
#12 DONE 0.2s

#15 [stage-1  8/13] COPY benchmarks/libra_libra/benchmark.yaml /
#15 sha256:4ac723b71e18ff152ffbfbfc8a5faf7b5082e60614ad8314ef20bfd155eb90c6
#15 CACHED

#17 [stage-1 10/13] COPY docker/benchmark-builder/checkout_commit.py /opt/fuzzbench/
#17 sha256:378ab1b78eecaea3b7ab235ca020565b8b1626afa4bc0bc3294124b17f6256a1
#17 CACHED

#10 [stage-1  4/13] COPY --from=base-image /usr/local/include/python3.8 /usr/local/include/python3.8
#10 sha256:6b4e4c6378ea46475b27433b813b8d88b6f6eb5426664791b11f3a482b256622
#10 CACHED

#13 [stage-1  6/13] COPY fuzzers /src/fuzzers
#13 sha256:cd94ccde47861adb636dc1e695c711ad0313fd0be76a7ffce3e5b427463c3d3d
#13 CACHED

#8 [stage-1  2/13] COPY --from=base-image /usr/local/bin/python3* /usr/local/bin/
#8 sha256:71cf2d10d07c71b73d62d7c289239cd8df279791350a639c50d9972a63ae3cc4
#8 CACHED

#11 [stage-1  5/13] COPY --from=base-image /usr/local/lib/python3.8/site-packages /usr/local/lib/python3.8/site-packages
#11 sha256:1635ae72296c715ce47ef1d47218fa02ae956043c5a81f0f12d779739381e636
#11 CACHED

#14 [stage-1  7/13] RUN touch /src/__init__.py
#14 sha256:e05f681ee58259741ebc84cf0d6019a294ba43feaebd5f9c3f7aaebc7d48b421
#14 CACHED

#16 [stage-1  9/13] RUN mkdir /opt/fuzzbench/
#16 sha256:53472434aea13c28bc9de99843d4c65bb152aca2e79a1ee9177b47ea189f699a
#16 CACHED

#9 [stage-1  3/13] COPY --from=base-image /usr/local/lib/python3.8 /usr/local/lib/python3.8
#9 sha256:20ea1d72381fd7aadf01433601e5f4cd03bec44429ca81f4919a68ce900f398e
#9 CACHED

#18 [stage-1 11/13] RUN export CHECKOUT_COMMIT=$(cat /benchmark.yaml | tr -d ' ' | grep 'commit:' | cut -d ':' -f2) &&     python3 -u /opt/fuzzbench/checkout_commit.py $CHECKOUT_COMMIT /src
#18 sha256:18aea9952d8105820b67174a7c0696a4137a85b848bc33d96d6c780297d8659a
#18 CACHED

#19 [stage-1 12/13] RUN echo "#!/bin/bash\nPYTHONPATH=/src python3 -u -c "from fuzzers import utils; utils.initialize_env(); from fuzzers.afl import fuzzer; fuzzer.build()"" > /usr/bin/fuzzer_build &&     chmod +x /usr/bin/fuzzer_build
#19 sha256:807b374bce93b0895c855973c1c6a0c6101f5792923ef155eed401c7890446df
#19 CACHED

#20 [stage-1 13/13] RUN echo "Run fuzzer_build to build the target" && if [ -z "$debug_builder" ] ; then fuzzer_build; fi
#20 sha256:2d51acfb5a02807920924affb75f411cc30094667376e9af33401a563af14c8a
#20 0.403 Run fuzzer_build to build the target
#20 0.513 FUZZ_TARGET = libra
#20 0.513 CFLAGS = -DFUZZING_BUILD_MODE_UNSAFE_FOR_PRODUCTION -pthread -Wl,--no-as-needed -Wl,-ldl -Wl,-lm -Wno-unused-command-line-argument -O3
#20 0.513 CXXFLAGS = -DFUZZING_BUILD_MODE_UNSAFE_FOR_PRODUCTION -pthread -Wl,--no-as-needed -Wl,-ldl -Wl,-lm -Wno-unused-command-line-argument -stdlib=libc++ -O3
#20 0.517 Building benchmark libra_libra with fuzzer afl
#20 0.521 + export 'CFLAGS=-O1 -fno-omit-frame-pointer -gline-tables-only -DFUZZING_BUILD_MODE_UNSAFE_FOR_PRODUCTION'
#20 0.521 + CFLAGS='-O1 -fno-omit-frame-pointer -gline-tables-only -DFUZZING_BUILD_MODE_UNSAFE_FOR_PRODUCTION'
#20 0.521 + export CXXFLAGS_EXTRA=-stdlib=libc++
#20 0.521 + CXXFLAGS_EXTRA=-stdlib=libc++
#20 0.521 + export 'CXXFLAGS=-O1 -fno-omit-frame-pointer -gline-tables-only -DFUZZING_BUILD_MODE_UNSAFE_FOR_PRODUCTION -stdlib=libc++'
#20 0.521 + CXXFLAGS='-O1 -fno-omit-frame-pointer -gline-tables-only -DFUZZING_BUILD_MODE_UNSAFE_FOR_PRODUCTION -stdlib=libc++'
#20 0.521 + cd /src/libra/testsuite/libra-fuzzer
#20 0.521 /src/build.sh: line 32: cd: /src/libra/testsuite/libra-fuzzer: No such file or directory
#20 0.521 Traceback (most recent call last):
#20 0.521   File "<string>", line 1, in <module>
#20 0.522   File "/src/fuzzers/afl/fuzzer.py", line 40, in build
#20 0.522     utils.build_benchmark()
#20 0.522   File "/src/fuzzers/utils.py", line 82, in build_benchmark
#20 0.522     subprocess.check_call(['/bin/bash', '-ex', build_script], env=env)
#20 0.522   File "/usr/local/lib/python3.8/subprocess.py", line 364, in check_call
#20 0.522     raise CalledProcessError(retcode, cmd)
#20 0.522 subprocess.CalledProcessError: Command '['/bin/bash', '-ex', '/src/build.sh']' returned non-zero exit status 1.
#20 ERROR: executor failed running [/bin/sh -c echo "Run fuzzer_build to build the target" && if [ -z "$debug_builder" ] ; then fuzzer_build; fi]: exit code: 1
------
 > importing cache manifest from gcr.io/fuzzbench/builders/afl/libra_libra:
------
------
 > [stage-1 13/13] RUN echo "Run fuzzer_build to build the target" && if [ -z "$debug_builder" ] ; then fuzzer_build; fi:
------
executor failed running [/bin/sh -c echo "Run fuzzer_build to build the target" && if [ -z "$debug_builder" ] ; then fuzzer_build; fi]: exit code: 1
make: *** [docker/generated.mk:2689868: .afl-libra_libra-builder] Error 1
