WARNING:root:gcloud not found in PATH.
INFO:root:Successfully integrated benchmark: myanmar-tools_myanmar-tools.
INFO:root:Please run "make test-run-afl-myanmar-tools_myanmar-tools" to test integration.
#1 [internal] load build definition from Dockerfile
#1 sha256:e49f2bb49e81e97be7fc706b7c7f6ff7811a0a113aa2b40be477f1f9b9cf9751
#1 transferring dockerfile: 851B done
#1 DONE 0.1s

#2 [internal] load .dockerignore
#2 sha256:d78ff349163ed45f28b03feaa1087f2d21aae9b67d30887d522523e21e1a162c
#2 transferring context: 2B done
#2 DONE 0.0s

#3 [internal] load metadata for gcr.io/oss-fuzz-base/base-builder:latest
#3 sha256:f10dc39cc9d418a5bc416dead31a1902b6821fdae909cd3b08f7a3fd1faba7b5
#3 DONE 0.4s

#4 [1/7] FROM gcr.io/oss-fuzz-base/base-builder@sha256:f4e5ea12494fab091c5d830cf803b3421f2860f729b9d1b07da44924396cf8cf
#4 sha256:ef290950573a2779ee526af357b28fbddfc20d7409aa51f58f777c9e972cba29
#4 CACHED

#8 [internal] load build context
#8 sha256:68c4988d8f0d466c521409a0bdc49df58f33f4fc29c45e48f3715edccd957842
#8 DONE 0.0s

#10 importing cache manifest from gcr.io/fuzzbench/builders/benchmark/myanmar-tools_myanmar-tools
#10 sha256:6d24aaaef7a4e4f20e45ae36df8121924f0aa026ef79e1f74b113ccad525a46d
#10 ERROR: gcr.io/fuzzbench/builders/benchmark/myanmar-tools_myanmar-tools:latest: not found

#5 [2/5] RUN apt-get update && apt-get -y install     build-essential     cmake     libunwind-dev
#5 sha256:2ac087c6eae8db3028482439dae4b168ca94fb1a8e0859e39f912a2b72ce35c5
#5 ...

#8 [internal] load build context
#8 sha256:68c4988d8f0d466c521409a0bdc49df58f33f4fc29c45e48f3715edccd957842
#8 transferring context: 1.55kB done
#8 DONE 0.0s

#5 [2/5] RUN apt-get update && apt-get -y install     build-essential     cmake     libunwind-dev
#5 sha256:2ac087c6eae8db3028482439dae4b168ca94fb1a8e0859e39f912a2b72ce35c5
#5 1.542 Hit:1 http://archive.ubuntu.com/ubuntu focal InRelease
#5 1.542 Get:2 http://archive.ubuntu.com/ubuntu focal-updates InRelease [114 kB]
#5 1.542 Hit:3 http://ppa.launchpad.net/git-core/ppa/ubuntu focal InRelease
#5 1.625 Get:4 http://archive.ubuntu.com/ubuntu focal-backports InRelease [108 kB]
#5 1.688 Get:5 http://security.ubuntu.com/ubuntu focal-security InRelease [114 kB]
#5 2.635 Get:6 http://archive.ubuntu.com/ubuntu focal-updates/universe amd64 Packages [1134 kB]
#5 2.779 Get:7 http://archive.ubuntu.com/ubuntu focal-updates/main i386 Packages [752 kB]
#5 2.834 Get:8 http://archive.ubuntu.com/ubuntu focal-updates/universe i386 Packages [827 kB]
#5 2.901 Get:9 http://archive.ubuntu.com/ubuntu focal-updates/main amd64 Packages [1973 kB]
#5 3.803 Get:10 http://security.ubuntu.com/ubuntu focal-security/universe i386 Packages [657 kB]
#5 4.176 Get:11 http://security.ubuntu.com/ubuntu focal-security/universe amd64 Packages [840 kB]
#5 4.279 Get:12 http://security.ubuntu.com/ubuntu focal-security/main amd64 Packages [1546 kB]
#5 4.790 Fetched 8065 kB in 3s (2453 kB/s)
#5 4.790 Reading package lists...
#5 8.203 Reading package lists...
#5 11.39 Building dependency tree...
#5 11.83 Reading state information...
#5 12.38 build-essential is already the newest version (12.8ubuntu1.1).
#5 12.38 The following additional packages will be installed:
#5 12.38   cmake-data libarchive13 libjsoncpp1 liblzma-dev librhash0 libunwind8 libuv1
#5 12.39 Suggested packages:
#5 12.39   cmake-doc ninja-build lrzip liblzma-doc
#5 12.48 The following NEW packages will be installed:
#5 12.48   cmake cmake-data libarchive13 libjsoncpp1 liblzma-dev librhash0
#5 12.49   libunwind-dev libunwind8 libuv1
#5 12.59 0 upgraded, 9 newly installed, 0 to remove and 2 not upgraded.
#5 12.59 Need to get 6543 kB of archives.
#5 12.59 After this operation, 34.4 MB of additional disk space will be used.
#5 12.59 Get:1 http://archive.ubuntu.com/ubuntu focal-updates/main amd64 libuv1 amd64 1.34.2-1ubuntu1.3 [80.8 kB]
#5 12.67 Get:2 http://archive.ubuntu.com/ubuntu focal/main amd64 cmake-data all 3.16.3-1ubuntu1 [1612 kB]
#5 12.84 Get:3 http://archive.ubuntu.com/ubuntu focal/main amd64 libarchive13 amd64 3.4.0-2ubuntu1 [327 kB]
#5 12.87 Get:4 http://archive.ubuntu.com/ubuntu focal/main amd64 libjsoncpp1 amd64 1.7.4-3.1ubuntu2 [75.6 kB]
#5 12.87 Get:5 http://archive.ubuntu.com/ubuntu focal/main amd64 librhash0 amd64 1.3.9-1 [113 kB]
#5 12.88 Get:6 http://archive.ubuntu.com/ubuntu focal/main amd64 cmake amd64 3.16.3-1ubuntu1 [3669 kB]
#5 13.16 Get:7 http://archive.ubuntu.com/ubuntu focal/main amd64 libunwind8 amd64 1.2.1-9build1 [47.6 kB]
#5 13.17 Get:8 http://archive.ubuntu.com/ubuntu focal-updates/main amd64 liblzma-dev amd64 5.2.4-1ubuntu1 [147 kB]
#5 13.18 Get:9 http://archive.ubuntu.com/ubuntu focal/main amd64 libunwind-dev amd64 1.2.1-9build1 [472 kB]
#5 13.68 debconf: delaying package configuration, since apt-utils is not installed
#5 13.81 Fetched 6543 kB in 1s (9384 kB/s)
#5 13.93 Selecting previously unselected package libuv1:amd64.
#5 13.93 (Reading database ... (Reading database ... 5%(Reading database ... 10%(Reading database ... 15%(Reading database ... 20%(Reading database ... 25%(Reading database ... 30%(Reading database ... 35%(Reading database ... 40%(Reading database ... 45%(Reading database ... 50%(Reading database ... 55%(Reading database ... 60%(Reading database ... 65%(Reading database ... 70%(Reading database ... 75%(Reading database ... 80%(Reading database ... 85%(Reading database ... 90%(Reading database ... 95%(Reading database ... 100%(Reading database ... 21291 files and directories currently installed.)
#5 13.97 Preparing to unpack .../0-libuv1_1.34.2-1ubuntu1.3_amd64.deb ...
#5 14.01 Unpacking libuv1:amd64 (1.34.2-1ubuntu1.3) ...
#5 14.20 Selecting previously unselected package cmake-data.
#5 14.21 Preparing to unpack .../1-cmake-data_3.16.3-1ubuntu1_all.deb ...
#5 14.22 Unpacking cmake-data (3.16.3-1ubuntu1) ...
#5 15.90 Selecting previously unselected package libarchive13:amd64.
#5 15.90 Preparing to unpack .../2-libarchive13_3.4.0-2ubuntu1_amd64.deb ...
#5 15.93 Unpacking libarchive13:amd64 (3.4.0-2ubuntu1) ...
#5 16.12 Selecting previously unselected package libjsoncpp1:amd64.
#5 16.13 Preparing to unpack .../3-libjsoncpp1_1.7.4-3.1ubuntu2_amd64.deb ...
#5 16.14 Unpacking libjsoncpp1:amd64 (1.7.4-3.1ubuntu2) ...
#5 16.30 Selecting previously unselected package librhash0:amd64.
#5 16.30 Preparing to unpack .../4-librhash0_1.3.9-1_amd64.deb ...
#5 16.32 Unpacking librhash0:amd64 (1.3.9-1) ...
#5 16.44 Selecting previously unselected package cmake.
#5 16.44 Preparing to unpack .../5-cmake_3.16.3-1ubuntu1_amd64.deb ...
#5 16.45 Unpacking cmake (3.16.3-1ubuntu1) ...
#5 17.53 Selecting previously unselected package libunwind8:amd64.
#5 17.53 Preparing to unpack .../6-libunwind8_1.2.1-9build1_amd64.deb ...
#5 17.54 Unpacking libunwind8:amd64 (1.2.1-9build1) ...
#5 17.64 Selecting previously unselected package liblzma-dev:amd64.
#5 17.64 Preparing to unpack .../7-liblzma-dev_5.2.4-1ubuntu1_amd64.deb ...
#5 17.65 Unpacking liblzma-dev:amd64 (5.2.4-1ubuntu1) ...
#5 17.75 Selecting previously unselected package libunwind-dev:amd64.
#5 17.76 Preparing to unpack .../8-libunwind-dev_1.2.1-9build1_amd64.deb ...
#5 17.76 Unpacking libunwind-dev:amd64 (1.2.1-9build1) ...
#5 18.01 Setting up libarchive13:amd64 (3.4.0-2ubuntu1) ...
#5 18.03 Setting up libunwind8:amd64 (1.2.1-9build1) ...
#5 18.05 Setting up libuv1:amd64 (1.34.2-1ubuntu1.3) ...
#5 18.07 Setting up liblzma-dev:amd64 (5.2.4-1ubuntu1) ...
#5 18.08 Setting up librhash0:amd64 (1.3.9-1) ...
#5 18.10 Setting up cmake-data (3.16.3-1ubuntu1) ...
#5 18.12 Setting up libjsoncpp1:amd64 (1.7.4-3.1ubuntu2) ...
#5 18.14 Setting up libunwind-dev:amd64 (1.2.1-9build1) ...
#5 18.15 Setting up cmake (3.16.3-1ubuntu1) ...
#5 18.17 Processing triggers for libc-bin (2.31-0ubuntu9.2) ...
#5 DONE 18.8s

#6 [3/5] RUN git clone https://github.com/google/myanmar-tools.git
#6 sha256:1988b252553b17e4c2fcee2eb5558c209251d9101802de5399593a1b3b039bda
#6 1.202 Cloning into 'myanmar-tools'...
#6 DONE 2.8s

#7 [4/5] WORKDIR /src/myanmar-tools
#7 sha256:3e2756d870276321127f9ca81c40449cbd1fddc6be546b23975de3e3a463e941
#7 DONE 0.3s

#9 [5/5] COPY build.sh /src/
#9 sha256:92cf04c97c58491c0fff1e0525e46260e746bef6c15665a210bd60e6bbdc0995
#9 DONE 0.1s

#11 exporting to image
#11 sha256:e8c613e07b0b7ff33893b694f7759a10d42e180f2b4dc349fb57dc6b71dcab00
#11 exporting layers done
#11 writing image sha256:cfd8ba4f933d9a2003c9a8ca72f2e7ba5fc4d316a65ccb2351d99a4fec9de092
#11 writing image sha256:cfd8ba4f933d9a2003c9a8ca72f2e7ba5fc4d316a65ccb2351d99a4fec9de092 done
#11 naming to gcr.io/fuzzbench/builders/benchmark/myanmar-tools_myanmar-tools done
#11 DONE 0.1s

#12 exporting cache
#12 sha256:2700d4ef94dee473593c5c614b55b2dedcca7893909811a8f2b48291a1f581e4
#12 preparing build cache for export done
#12 DONE 0.0s
------
 > importing cache manifest from gcr.io/fuzzbench/builders/benchmark/myanmar-tools_myanmar-tools:
------
#1 [internal] load build definition from builder.Dockerfile
#1 sha256:5d2a088e0f28c3f1231a1a6f760b29c055ae7ce3cc02991e5d2c2291c68abfa9
#1 transferring dockerfile: 1.35kB 0.0s done
#1 DONE 0.1s

#2 [internal] load .dockerignore
#2 sha256:215d76626f19af547018ad6f6bc303a009aa274b5c4dcf8e4ddb69721ce43c43
#2 transferring context: 2B done
#2 DONE 0.0s

#3 [internal] load metadata for gcr.io/fuzzbench/builders/benchmark/myanmar-tools_myanmar-tools:latest
#3 sha256:1f7266f52ca150601dedf92850a447b96490b291ad02cca40b7b9ab561857a5a
#3 DONE 0.0s

#4 [1/3] FROM gcr.io/fuzzbench/builders/benchmark/myanmar-tools_myanmar-tools
#4 sha256:d187ac706080266ba06d065f0c3f27c48df1650eea454a532c8f460067480748
#4 DONE 0.0s

#7 importing cache manifest from gcr.io/fuzzbench/builders/afl/myanmar-tools_myanmar-tools-intermediate
#7 sha256:34f625eb0a9250faec5e047740b1f5960336a973dddf7dff85fd5ce27b3cba19
#7 ERROR: gcr.io/fuzzbench/builders/afl/myanmar-tools_myanmar-tools-intermediate:latest: not found

#4 [1/3] FROM gcr.io/fuzzbench/builders/benchmark/myanmar-tools_myanmar-tools
#4 sha256:d187ac706080266ba06d065f0c3f27c48df1650eea454a532c8f460067480748
#4 DONE 0.5s

#5 [2/3] RUN git clone https://github.com/google/AFL.git /afl &&     cd /afl &&     git checkout 61037103ae3722c8060ff7082994836a794f978e &&     AFL_NO_X86=1 make
#5 sha256:015441b91a9e9f4e5269e28ec3cd109855c3a80b968a311e1733efa5df42e332
#5 1.248 Cloning into '/afl'...
#5 2.200 Note: switching to '61037103ae3722c8060ff7082994836a794f978e'.
#5 2.200 
#5 2.200 You are in 'detached HEAD' state. You can look around, make experimental
#5 2.200 changes and commit them, and you can discard any commits you make in this
#5 2.200 state without impacting any branches by switching back to a branch.
#5 2.200 
#5 2.200 If you want to create a new branch to retain commits you create, you may
#5 2.200 do so (now or later) by using -c with the switch command. Example:
#5 2.200 
#5 2.200   git switch -c <new-branch-name>
#5 2.200 
#5 2.200 Or undo this operation with:
#5 2.200 
#5 2.200   git switch -
#5 2.200 
#5 2.200 Turn off this advice by setting config variable advice.detachedHead to false
#5 2.200 
#5 2.200 HEAD is now at 6103710 Fix a typo filename comparison in the fuzzer (#139)
#5 2.232 [!] Note: skipping x86 compilation checks (AFL_NO_X86 set).
#5 2.233 clang -O1 -fno-omit-frame-pointer -gline-tables-only -DFUZZING_BUILD_MODE_UNSAFE_FOR_PRODUCTION -Wall -D_FORTIFY_SOURCE=2 -g -Wno-pointer-sign -DAFL_PATH=\"/usr/local/lib/afl\" -DDOC_PATH=\"/usr/local/share/doc/afl\" -DBIN_PATH=\"/usr/local/bin\" afl-gcc.c -o afl-gcc -ldl
#5 2.576 set -e; for i in afl-g++ afl-clang afl-clang++; do ln -sf afl-gcc $i; done
#5 2.591 clang -O1 -fno-omit-frame-pointer -gline-tables-only -DFUZZING_BUILD_MODE_UNSAFE_FOR_PRODUCTION -Wall -D_FORTIFY_SOURCE=2 -g -Wno-pointer-sign -DAFL_PATH=\"/usr/local/lib/afl\" -DDOC_PATH=\"/usr/local/share/doc/afl\" -DBIN_PATH=\"/usr/local/bin\" afl-fuzz.c -o afl-fuzz -ldl
#5 7.937 clang -O1 -fno-omit-frame-pointer -gline-tables-only -DFUZZING_BUILD_MODE_UNSAFE_FOR_PRODUCTION -Wall -D_FORTIFY_SOURCE=2 -g -Wno-pointer-sign -DAFL_PATH=\"/usr/local/lib/afl\" -DDOC_PATH=\"/usr/local/share/doc/afl\" -DBIN_PATH=\"/usr/local/bin\" afl-showmap.c -o afl-showmap -ldl
#5 8.587 clang -O1 -fno-omit-frame-pointer -gline-tables-only -DFUZZING_BUILD_MODE_UNSAFE_FOR_PRODUCTION -Wall -D_FORTIFY_SOURCE=2 -g -Wno-pointer-sign -DAFL_PATH=\"/usr/local/lib/afl\" -DDOC_PATH=\"/usr/local/share/doc/afl\" -DBIN_PATH=\"/usr/local/bin\" afl-tmin.c -o afl-tmin -ldl
#5 9.496 clang -O1 -fno-omit-frame-pointer -gline-tables-only -DFUZZING_BUILD_MODE_UNSAFE_FOR_PRODUCTION -Wall -D_FORTIFY_SOURCE=2 -g -Wno-pointer-sign -DAFL_PATH=\"/usr/local/lib/afl\" -DDOC_PATH=\"/usr/local/share/doc/afl\" -DBIN_PATH=\"/usr/local/bin\" afl-gotcpu.c -o afl-gotcpu -ldl
#5 9.780 clang -O1 -fno-omit-frame-pointer -gline-tables-only -DFUZZING_BUILD_MODE_UNSAFE_FOR_PRODUCTION -Wall -D_FORTIFY_SOURCE=2 -g -Wno-pointer-sign -DAFL_PATH=\"/usr/local/lib/afl\" -DDOC_PATH=\"/usr/local/share/doc/afl\" -DBIN_PATH=\"/usr/local/bin\" afl-analyze.c -o afl-analyze -ldl
#5 10.63 clang -O1 -fno-omit-frame-pointer -gline-tables-only -DFUZZING_BUILD_MODE_UNSAFE_FOR_PRODUCTION -Wall -D_FORTIFY_SOURCE=2 -g -Wno-pointer-sign -DAFL_PATH=\"/usr/local/lib/afl\" -DDOC_PATH=\"/usr/local/share/doc/afl\" -DBIN_PATH=\"/usr/local/bin\" afl-as.c -o afl-as -ldl
#5 11.14 ln -sf afl-as as
#5 11.14 [!] Note: skipping build tests (you may need to use LLVM or QEMU mode).
#5 11.15 [+] LLVM users: see llvm_mode/README.llvm for a faster alternative to afl-gcc.
#5 11.16 [+] All done! Be sure to review README - it's pretty short and useful.
#5 DONE 11.3s

#6 [3/3] RUN apt-get update &&     apt-get install wget -y &&     wget https://raw.githubusercontent.com/llvm/llvm-project/5feb80e748924606531ba28c97fe65145c65372e/compiler-rt/lib/fuzzer/afl/afl_driver.cpp -O /afl/afl_driver.cpp &&     clang -Wno-pointer-sign -c /afl/llvm_mode/afl-llvm-rt.o.c -I/afl &&     clang++ -stdlib=libc++ -std=c++11 -O2 -c /afl/afl_driver.cpp &&     ar r /libAFL.a *.o
#6 sha256:99d62218c32273a73cf4d24211e5ed7ecf1848cee8cd40891d4a71a70946ce83
#6 1.284 Hit:1 http://ppa.launchpad.net/git-core/ppa/ubuntu focal InRelease
#6 1.284 Hit:2 http://archive.ubuntu.com/ubuntu focal InRelease
#6 1.296 Hit:3 http://archive.ubuntu.com/ubuntu focal-updates InRelease
#6 1.324 Hit:4 http://archive.ubuntu.com/ubuntu focal-backports InRelease
#6 1.412 Hit:5 http://security.ubuntu.com/ubuntu focal-security InRelease
#6 3.433 Reading package lists...
#6 6.766 Reading package lists...
#6 9.920 Building dependency tree...
#6 10.37 Reading state information...
#6 11.02 wget is already the newest version (1.20.3-1ubuntu2).
#6 11.02 0 upgraded, 0 newly installed, 0 to remove and 2 not upgraded.
#6 11.04 --2022-02-15 11:03:19--  https://raw.githubusercontent.com/llvm/llvm-project/5feb80e748924606531ba28c97fe65145c65372e/compiler-rt/lib/fuzzer/afl/afl_driver.cpp
#6 11.05 Resolving raw.githubusercontent.com (raw.githubusercontent.com)... 185.199.111.133, 185.199.108.133, 185.199.109.133, ...
#6 11.05 Connecting to raw.githubusercontent.com (raw.githubusercontent.com)|185.199.111.133|:443... connected.
#6 11.08 HTTP request sent, awaiting response... 200 OK
#6 11.27 Length: 9177 (9.0K) [text/plain]
#6 11.27 Saving to: '/afl/afl_driver.cpp'
#6 11.27 
#6 11.27      0K ........                                              100% 7.09M=0.001s
#6 11.27 
#6 11.27 2022-02-15 11:03:20 (7.09 MB/s) - '/afl/afl_driver.cpp' saved [9177/9177]
#6 11.27 
#6 14.82 ar: creating /libAFL.a
#6 DONE 15.0s

#8 exporting to image
#8 sha256:e8c613e07b0b7ff33893b694f7759a10d42e180f2b4dc349fb57dc6b71dcab00
#8 exporting layers done
#8 writing image sha256:bd3e04c77b71907a782da3bb659143fa607a28296384f6191f455d17e261690b 0.0s done
#8 naming to gcr.io/fuzzbench/builders/afl/myanmar-tools_myanmar-tools-intermediate done
#8 DONE 0.1s

#9 exporting cache
#9 sha256:2700d4ef94dee473593c5c614b55b2dedcca7893909811a8f2b48291a1f581e4
#9 preparing build cache for export done
#9 DONE 0.0s
------
 > importing cache manifest from gcr.io/fuzzbench/builders/afl/myanmar-tools_myanmar-tools-intermediate:
------
#1 [internal] load build definition from Dockerfile
#1 sha256:ed5c88061db2b91e1e4f3c2af34c266f889c1b7f1de9351294f6a38d0392ce9f
#1 transferring dockerfile: 2.00kB done
#1 DONE 0.0s

#2 [internal] load .dockerignore
#2 sha256:93b644070f8e80be1a56e4bdb54c4dcbf6ed2804989813c176ae2c8dd3051f24
#2 transferring context: 34B done
#2 DONE 0.0s

#3 [internal] load metadata for docker.io/library/ubuntu:xenial
#3 sha256:f62bae18ed588840f045c881b2502661f2a89578a2f8f99b83f5200ee83dd25b
#3 DONE 0.0s

#4 importing cache manifest from gcr.io/fuzzbench/base-image
#4 sha256:9b220ebb4d4daceed1b96df9b6dca076e762f1cd612574f010b82d5b9e5ad896
#4 DONE 0.0s

#5 [1/7] FROM docker.io/library/ubuntu:xenial
#5 sha256:14dd403f25ae9e519bd44f27dc17af7ce80f5a4f9f48ca88108364e67ec5d360
#5 DONE 0.0s

#8 [internal] load build context
#8 sha256:b910538bcb1ccace1e531e9bf5b6bd1928a5e0b9ad186bba9f8432567b728645
#8 transferring context: 559B 0.3s done
#8 DONE 0.3s

#11 [6/7] RUN apt-get update -y && apt-get install -y     apt-transport-https     lsb-release
#11 sha256:5fd4e76be42fea4c5d85351ec17de56f43cc1e6b146286faffda9bc078a815d9
#11 CACHED

#10 [5/7] RUN pip3 install -r /requirements.txt
#10 sha256:f3ff5ef03e920bb1d72e4199875f29890c798f642c26b54a60f5443da22e60f4
#10 CACHED

#6 [2/7] RUN apt-get update -y && apt-get install -y     build-essential     rsync     curl     zlib1g-dev     libncurses5-dev     libgdbm-dev     libnss3-dev     libssl-dev     libreadline-dev     libffi-dev     virtualenv     libbz2-dev     liblzma-dev     libsqlite3-dev
#6 sha256:3a1b0960f17eed529eaae93dc8fd3554f2743dd584d8fa569cdbe6bc734371ac
#6 CACHED

#7 [3/7] RUN cd /tmp/ &&     curl -O https://www.python.org/ftp/python/3.8.6/Python-3.8.6.tar.xz &&     tar -xvf Python-3.8.6.tar.xz &&     cd Python-3.8.6 &&     ./configure --enable-loadable-sqlite-extensions --enable-optimizations &&     make -j install &&     rm -r /tmp/Python-3.8.6.tar.xz /tmp/Python-3.8.6
#7 sha256:c5b9d1fb3371e84dbc60b76e7b2f8d5913bc93bcd4910ab65daa03e7b2ec4bb0
#7 CACHED

#9 [4/7] COPY ./requirements.txt /
#9 sha256:ca41a806e615da15b7dd2a2ea50d7ef740b6dfccc99b693f6c189e324cc78d48
#9 CACHED

#12 [7/7] RUN CLOUD_SDK_REPO="cloud-sdk-$(lsb_release -c -s)" &&     echo "deb https://packages.cloud.google.com/apt $CLOUD_SDK_REPO main"     | tee -a /etc/apt/sources.list.d/google-cloud-sdk.list &&     curl https://packages.cloud.google.com/apt/doc/apt-key.gpg     | apt-key add - &&     apt-get update -y &&     apt-get install -y google-cloud-sdk
#12 sha256:cd83554f49759d316a9d1a7e9fbacac3f1b602208078d39e8c5fd5264c8eb59a
#12 CACHED

#13 exporting to image
#13 sha256:e8c613e07b0b7ff33893b694f7759a10d42e180f2b4dc349fb57dc6b71dcab00
#13 exporting layers done
#13 writing image sha256:3e04b5fd0a277df2bc5cd3367dbf9178b152077681f3e4447621291a56e5d56f 0.0s done
#13 naming to gcr.io/fuzzbench/base-image done
#13 DONE 0.0s

#14 exporting cache
#14 sha256:2700d4ef94dee473593c5c614b55b2dedcca7893909811a8f2b48291a1f581e4
#14 preparing build cache for export done
#14 DONE 0.0s
#1 [internal] load build definition from Dockerfile
#1 sha256:d6b99d997ea9653f566147bd412d9628c3ba4feed8e73de7a9bd3e705f673f9f
#1 transferring dockerfile: 2.22kB done
#1 DONE 0.0s

#2 [internal] load .dockerignore
#2 sha256:04ad283fe95fa85c3aaa50c3711aeaa8518e8735ff9e0584af70ba868f589e5e
#2 transferring context: 34B done
#2 DONE 0.0s

#3 [internal] load metadata for gcr.io/fuzzbench/base-image:latest
#3 sha256:932022888f650cc455b10eb5123bb08c0cccacac29a693e69314abbfd28a72c3
#3 DONE 0.0s

#4 [internal] load metadata for gcr.io/fuzzbench/builders/afl/myanmar-tools_myanmar-tools-intermediate:latest
#4 sha256:d14b077f88900ad073f19b68ac1c48b350353700abef99877037b64d8678dda3
#4 DONE 0.0s

#5 importing cache manifest from gcr.io/fuzzbench/builders/afl/myanmar-tools_myanmar-tools
#5 sha256:d6528de137e59011c8461ac929ee2ac9014fb3e9de62381831e0cfba112a0203
#5 ...

#12 [internal] load build context
#12 sha256:83ad2a31c274c95a0facc9e9c954b27da8b4a968893fad603f3b66f078e1266d
#12 DONE 0.0s

#7 [base-image 1/1] FROM gcr.io/fuzzbench/base-image
#7 sha256:4d07825694520f8b6f6a0d8592dbd345433361ae044cb7f06706c5a95e3daaad
#7 DONE 0.0s

#6 [stage-1  1/13] FROM gcr.io/fuzzbench/builders/afl/myanmar-tools_myanmar-tools-intermediate
#6 sha256:e115ab94d89a8ea1be910b768c7b45dc60bb995a78b8070a9cfa3c9c4e9cf395
#6 DONE 0.0s

#5 importing cache manifest from gcr.io/fuzzbench/builders/afl/myanmar-tools_myanmar-tools
#5 sha256:d6528de137e59011c8461ac929ee2ac9014fb3e9de62381831e0cfba112a0203
#5 ERROR: gcr.io/fuzzbench/builders/afl/myanmar-tools_myanmar-tools:latest: not found

#7 [base-image 1/1] FROM gcr.io/fuzzbench/base-image
#7 sha256:4d07825694520f8b6f6a0d8592dbd345433361ae044cb7f06706c5a95e3daaad
#7 CACHED

#12 [internal] load build context
#12 sha256:83ad2a31c274c95a0facc9e9c954b27da8b4a968893fad603f3b66f078e1266d
#12 transferring context: 669.90kB 0.2s done
#12 DONE 0.3s

#6 [stage-1  1/13] FROM gcr.io/fuzzbench/builders/afl/myanmar-tools_myanmar-tools-intermediate
#6 sha256:e115ab94d89a8ea1be910b768c7b45dc60bb995a78b8070a9cfa3c9c4e9cf395
#6 DONE 0.3s

#8 [stage-1  2/13] COPY --from=base-image /usr/local/bin/python3* /usr/local/bin/
#8 sha256:6f04e6d0ed6b9ffa89b360180bc9a23e97f8cee5e710d345a40775d8b72ba2d3
#8 DONE 0.8s

#9 [stage-1  3/13] COPY --from=base-image /usr/local/lib/python3.8 /usr/local/lib/python3.8
#9 sha256:2c68bdf53b1d35b7cbf9c0f925cce0449489153be1d1fb58e5c09926c0d174a9
#9 DONE 19.6s

#10 [stage-1  4/13] COPY --from=base-image /usr/local/include/python3.8 /usr/local/include/python3.8
#10 sha256:12f87fa0ea8d7130b8080bd0f8acc58b694bc8e6fe12f4b98aee8fd1103c1379
#10 DONE 0.6s

#11 [stage-1  5/13] COPY --from=base-image /usr/local/lib/python3.8/site-packages /usr/local/lib/python3.8/site-packages
#11 sha256:e3254c7b8bdaf59f5cbf0ac5af90c085c6258679768226ba95c8665aefc97afc
#11 DONE 21.2s

#13 [stage-1  6/13] COPY fuzzers /src/fuzzers
#13 sha256:fd87c059a229e297523be72ba639864b741d642ff33082c891d53dd6f42c01b5
#13 DONE 0.3s

#14 [stage-1  7/13] RUN touch /src/__init__.py
#14 sha256:832960e14174829c7ed294b2df222d0445fd4260e634deb2115b27d90a5b2123
#14 DONE 2.2s

#15 [stage-1  8/13] COPY benchmarks/myanmar-tools_myanmar-tools/benchmark.yaml /
#15 sha256:ffdb40bab45753b841d7cbbc8b1206251c179765bf408d7d47a3f4dfc03c5e0b
#15 DONE 0.3s

#16 [stage-1  9/13] RUN mkdir /opt/fuzzbench/
#16 sha256:b31b95368d230162404f35b7958f4dcf2c00f02a4a1a32a07fb27de5cce593f3
#16 DONE 1.6s

#17 [stage-1 10/13] COPY docker/benchmark-builder/checkout_commit.py /opt/fuzzbench/
#17 sha256:840acc0b7a93c8eff0d9df558497c530d34199bee2feebd93e8838319ad66f4e
#17 DONE 0.4s

#18 [stage-1 11/13] RUN export CHECKOUT_COMMIT=$(cat /benchmark.yaml | tr -d ' ' | grep 'commit:' | cut -d ':' -f2) &&     python3 -u /opt/fuzzbench/checkout_commit.py $CHECKOUT_COMMIT /src
#18 sha256:eea26c798fe7d445c7f8ef62b62a18b8aa713cb8da774489580eb17b85c06dae
#18 1.455 Checking out commit 1d5a2cd8
#18 1.474 error: pathspec '1d5a2cd8' did not match any file(s) known to git
#18 1.490 error: pathspec '1d5a2cd8' did not match any file(s) known to git
#18 1.508 error: pathspec '1d5a2cd8' did not match any file(s) known to git
#18 1.554 error: pathspec '1d5a2cd8' did not match any file(s) known to git
#18 1.635 Checkout unsuccessful.
#18 DONE 2.1s

#19 [stage-1 12/13] RUN echo "#!/bin/bash\nPYTHONPATH=/src python3 -u -c "from fuzzers import utils; utils.initialize_env(); from fuzzers.afl import fuzzer; fuzzer.build()"" > /usr/bin/fuzzer_build &&     chmod +x /usr/bin/fuzzer_build
#19 sha256:bb4f846ae7a7bddbf88bdc4ec79edd198e03002e6f1753014e519de5bc614ba9
#19 DONE 2.0s

#20 [stage-1 13/13] RUN echo "Run fuzzer_build to build the target" && if [ -z "$debug_builder" ] ; then fuzzer_build; fi
#20 sha256:fcc852c5218a46e6f203bd2549cc4300a2eb1b35a2aafac0c7cf7154966332a1
#20 1.682 Run fuzzer_build to build the target
#20 1.935 FUZZ_TARGET = myanmar-tools
#20 1.935 CFLAGS = -DFUZZING_BUILD_MODE_UNSAFE_FOR_PRODUCTION -pthread -Wl,--no-as-needed -Wl,-ldl -Wl,-lm -Wno-unused-command-line-argument -O3
#20 1.935 CXXFLAGS = -DFUZZING_BUILD_MODE_UNSAFE_FOR_PRODUCTION -pthread -Wl,--no-as-needed -Wl,-ldl -Wl,-lm -Wno-unused-command-line-argument -stdlib=libc++ -O3
#20 1.956 Building benchmark myanmar-tools_myanmar-tools with fuzzer afl
#20 1.961 + cd /src/myanmar-tools/clients/cpp
#20 1.962 + mkdir build
#20 1.965 + cd build
#20 1.966 + cmake -DCMAKE_C_COMPILER=clang -DCMAKE_CXX_COMPILER=clang++ '-DCMAKE_C_FLAGS=-DFUZZING_BUILD_MODE_UNSAFE_FOR_PRODUCTION -pthread -Wl,--no-as-needed -Wl,-ldl -Wl,-lm -Wno-unused-command-line-argument -O3 -fsanitize-coverage=trace-pc-guard' '-DCMAKE_CXX_FLAGS=-DFUZZING_BUILD_MODE_UNSAFE_FOR_PRODUCTION -pthread -Wl,--no-as-needed -Wl,-ldl -Wl,-lm -Wno-unused-command-line-argument -stdlib=libc++ -O3 -fsanitize-coverage=trace-pc-guard' -DCMAKE_VERBOSE_MAKEFILE:BOOL=ON ..
#20 2.512 -- [hunter] Initializing Hunter workspace (5ead1e069b437930d0de8a21824b20fb52b37b50)
#20 2.512 -- [hunter]   https://github.com/ruslo/hunter/archive/v0.21.19.tar.gz
#20 2.513 -- [hunter]   -> /root/.hunter/_Base/Download/Hunter/0.21.19/5ead1e0
#20 4.885 -- The C compiler identification is Clang 14.0.0
#20 5.872 -- The CXX compiler identification is Clang 14.0.0
#20 6.089 -- Detecting C compiler ABI info
#20 6.513 -- Detecting C compiler ABI info - done
#20 6.620 -- Check for working C compiler: /usr/local/bin/clang - skipped
#20 6.626 -- Detecting C compile features
#20 6.629 -- Detecting C compile features - done
#20 6.648 -- Detecting CXX compiler ABI info
#20 7.089 -- Detecting CXX compiler ABI info - done
#20 7.241 -- Check for working CXX compiler: /usr/local/bin/clang++ - skipped
#20 7.243 -- Detecting CXX compile features
#20 7.245 -- Detecting CXX compile features - done
#20 7.251 -- [hunter] Calculating Toolchain-SHA1
#20 10.33 -- [hunter] Calculating Config-SHA1
#20 10.94 -- [hunter] HUNTER_ROOT: /root/.hunter
#20 10.94 -- [hunter] [ Hunter-ID: 5ead1e0 | Toolchain-ID: 916adb4 | Config-ID: ead1bc1 ]
#20 11.40 -- [hunter] GTEST_ROOT: /root/.hunter/_Base/5ead1e0/916adb4/ead1bc1/Install (ver.: 1.8.0-hunter-p11)
#20 11.74 -- [hunter] Building GTest
#20 11.75 loading initial cache file /root/.hunter/_Base/5ead1e0/916adb4/ead1bc1/cache.cmake
#20 11.75 loading initial cache file /root/.hunter/_Base/5ead1e0/916adb4/ead1bc1/Build/GTest/args.cmake
#20 12.18 -- The C compiler identification is Clang 14.0.0
#20 12.68 -- The CXX compiler identification is Clang 14.0.0
#20 12.71 -- Check for working C compiler: /usr/local/bin/clang - skipped
#20 12.71 -- Detecting C compile features
#20 12.71 -- Detecting C compile features - done
#20 12.73 -- Check for working CXX compiler: /usr/local/bin/clang++ - skipped
#20 12.73 -- Detecting CXX compile features
#20 12.73 -- Detecting CXX compile features - done
#20 12.90 -- Configuring done
#20 12.91 -- Generating done
#20 12.91 -- Build files have been written to: /root/.hunter/_Base/5ead1e0/916adb4/ead1bc1/Build/GTest/Build
#20 13.01 [  6%] Creating directories for 'GTest-Release'
#20 13.12 [ 12%] Performing download step (download, verify and extract) for 'GTest-Release'
#20 13.14 -- Downloading...
#20 13.14    dst='/root/.hunter/_Base/Download/GTest/1.8.0-hunter-p11/76c6aec/1.8.0-hunter-p11.tar.gz'
#20 13.14    timeout='none'
#20 13.14    inactivity timeout='none'
#20 13.14 -- Using src='https://github.com/hunter-packages/googletest/archive/1.8.0-hunter-p11.tar.gz'
#20 13.36 -- [download 100% complete]
#20 13.75 -- verifying file...
#20 13.75        file='/root/.hunter/_Base/Download/GTest/1.8.0-hunter-p11/76c6aec/1.8.0-hunter-p11.tar.gz'
#20 13.76 -- Downloading... done
#20 13.78 -- extracting...
#20 13.78      src='/root/.hunter/_Base/Download/GTest/1.8.0-hunter-p11/76c6aec/1.8.0-hunter-p11.tar.gz'
#20 13.78      dst='/root/.hunter/_Base/5ead1e0/916adb4/ead1bc1/Build/GTest/Source'
#20 13.78 -- extracting... [tar xfz]
#20 13.89 -- extracting... [analysis]
#20 13.89 -- extracting... [rename]
#20 13.89 -- extracting... [clean up]
#20 13.89 -- extracting... done
#20 13.91 [ 18%] No update step for 'GTest-Release'
#20 13.95 [ 25%] No patch step for 'GTest-Release'
#20 13.98 [ 31%] Performing configure step for 'GTest-Release'
#20 13.99 loading initial cache file /root/.hunter/_Base/5ead1e0/916adb4/ead1bc1/cache.cmake
#20 13.99 loading initial cache file /root/.hunter/_Base/5ead1e0/916adb4/ead1bc1/Build/GTest/args.cmake
#20 14.44 -- The C compiler identification is Clang 14.0.0
#20 14.96 -- The CXX compiler identification is Clang 14.0.0
#20 14.99 -- Check for working C compiler: /usr/local/bin/clang - skipped
#20 14.99 -- Detecting C compile features
#20 14.99 -- Detecting C compile features - done
#20 15.01 -- Check for working CXX compiler: /usr/local/bin/clang++ - skipped
#20 15.01 -- Detecting CXX compile features
#20 15.01 -- Detecting CXX compile features - done
#20 15.10 -- Found PythonInterp: /usr/bin/python (found version "3.8.10") 
#20 15.11 -- Looking for pthread.h
#20 15.50 -- Looking for pthread.h - found
#20 15.50 -- Performing Test CMAKE_HAVE_LIBC_PTHREAD
#20 15.91 -- Performing Test CMAKE_HAVE_LIBC_PTHREAD - Success
#20 15.92 -- Found Threads: TRUE  
#20 15.95 -- Configuring done
#20 15.98 -- Generating done
#20 15.99 -- Build files have been written to: /root/.hunter/_Base/5ead1e0/916adb4/ead1bc1/Build/GTest/Build/GTest-Release-prefix/src/GTest-Release-build
#20 16.01 [ 37%] Performing build step for 'GTest-Release'
#20 16.10 [  9%] Building CXX object googlemock/CMakeFiles/gmock_main.dir/__/googletest/src/gtest-all.cc.o
#20 16.11 [ 18%] Building CXX object googlemock/CMakeFiles/gmock_main.dir/src/gmock-all.cc.o
#20 16.11 [ 27%] Building CXX object googlemock/CMakeFiles/gmock.dir/src/gmock-all.cc.o
#20 16.11 [ 36%] Building CXX object googlemock/CMakeFiles/gmock.dir/__/googletest/src/gtest-all.cc.o
#20 16.12 [ 45%] Building CXX object googlemock/gtest/CMakeFiles/gtest.dir/src/gtest-all.cc.o
#20 16.12 [ 54%] Building CXX object googlemock/CMakeFiles/gmock_main.dir/src/gmock_main.cc.o
#20 45.27 [ 63%] Linking CXX static library libgmock_main.a
#20 45.39 [ 72%] Linking CXX static library libgmock.a
#20 45.47 [ 72%] Built target gmock
#20 45.48 [ 72%] Built target gmock_main
#20 45.93 [ 81%] Linking CXX static library libgtest.a
#20 45.98 [ 81%] Built target gtest
#20 46.00 [ 90%] Building CXX object googlemock/gtest/CMakeFiles/gtest_main.dir/src/gtest_main.cc.o
#20 49.75 [100%] Linking CXX static library libgtest_main.a
#20 49.83 [100%] Built target gtest_main
#20 49.88 [ 43%] Performing install step for 'GTest-Release'
#20 50.00 Consolidate compiler generated dependencies of target gmock_main
#20 50.03 [ 36%] Built target gmock_main
#20 50.08 Consolidate compiler generated dependencies of target gmock
#20 50.11 [ 63%] Built target gmock
#20 50.16 Consolidate compiler generated dependencies of target gtest
#20 50.19 [ 81%] Built target gtest
#20 50.22 Consolidate compiler generated dependencies of target gtest_main
#20 50.26 [100%] Built target gtest_main
#20 50.29 Install the project...
#20 50.30 -- Install configuration: "Release"
#20 50.30 -- Installing: /root/.hunter/_Base/5ead1e0/916adb4/ead1bc1/Build/GTest/Install/lib/libgmock.a
#20 50.31 -- Installing: /root/.hunter/_Base/5ead1e0/916adb4/ead1bc1/Build/GTest/Install/lib/libgmock_main.a
#20 50.32 -- Installing: /root/.hunter/_Base/5ead1e0/916adb4/ead1bc1/Build/GTest/Install/include/gmock
#20 50.32 -- Installing: /root/.hunter/_Base/5ead1e0/916adb4/ead1bc1/Build/GTest/Install/include/gmock/gmock-matchers.h
#20 50.32 -- Installing: /root/.hunter/_Base/5ead1e0/916adb4/ead1bc1/Build/GTest/Install/include/gmock/gmock-more-actions.h
#20 50.32 -- Installing: /root/.hunter/_Base/5ead1e0/916adb4/ead1bc1/Build/GTest/Install/include/gmock/internal
#20 50.32 -- Installing: /root/.hunter/_Base/5ead1e0/916adb4/ead1bc1/Build/GTest/Install/include/gmock/internal/gmock-internal-utils.h
#20 50.32 -- Installing: /root/.hunter/_Base/5ead1e0/916adb4/ead1bc1/Build/GTest/Install/include/gmock/internal/custom
#20 50.32 -- Installing: /root/.hunter/_Base/5ead1e0/916adb4/ead1bc1/Build/GTest/Install/include/gmock/internal/custom/gmock-matchers.h
#20 50.32 -- Installing: /root/.hunter/_Base/5ead1e0/916adb4/ead1bc1/Build/GTest/Install/include/gmock/internal/custom/gmock-port.h
#20 50.32 -- Installing: /root/.hunter/_Base/5ead1e0/916adb4/ead1bc1/Build/GTest/Install/include/gmock/internal/custom/gmock-generated-actions.h
#20 50.33 -- Installing: /root/.hunter/_Base/5ead1e0/916adb4/ead1bc1/Build/GTest/Install/include/gmock/internal/gmock-port.h
#20 50.33 -- Installing: /root/.hunter/_Base/5ead1e0/916adb4/ead1bc1/Build/GTest/Install/include/gmock/internal/gmock-generated-internal-utils.h
#20 50.33 -- Installing: /root/.hunter/_Base/5ead1e0/916adb4/ead1bc1/Build/GTest/Install/include/gmock/gmock-more-matchers.h
#20 50.33 -- Installing: /root/.hunter/_Base/5ead1e0/916adb4/ead1bc1/Build/GTest/Install/include/gmock/gmock-spec-builders.h
#20 50.33 -- Installing: /root/.hunter/_Base/5ead1e0/916adb4/ead1bc1/Build/GTest/Install/include/gmock/gmock-actions.h
#20 50.33 -- Installing: /root/.hunter/_Base/5ead1e0/916adb4/ead1bc1/Build/GTest/Install/include/gmock/gmock-generated-nice-strict.h
#20 50.33 -- Installing: /root/.hunter/_Base/5ead1e0/916adb4/ead1bc1/Build/GTest/Install/include/gmock/gmock-generated-matchers.h
#20 50.33 -- Installing: /root/.hunter/_Base/5ead1e0/916adb4/ead1bc1/Build/GTest/Install/include/gmock/gmock-generated-function-mockers.h
#20 50.33 -- Installing: /root/.hunter/_Base/5ead1e0/916adb4/ead1bc1/Build/GTest/Install/include/gmock/gmock-cardinalities.h
#20 50.33 -- Installing: /root/.hunter/_Base/5ead1e0/916adb4/ead1bc1/Build/GTest/Install/include/gmock/gmock.h
#20 50.33 -- Installing: /root/.hunter/_Base/5ead1e0/916adb4/ead1bc1/Build/GTest/Install/include/gmock/gmock-generated-actions.h
#20 50.33 -- Installing: /root/.hunter/_Base/5ead1e0/916adb4/ead1bc1/Build/GTest/Install/lib/cmake/GMock/GMockConfig.cmake
#20 50.33 -- Installing: /root/.hunter/_Base/5ead1e0/916adb4/ead1bc1/Build/GTest/Install/lib/cmake/GMock/GMockConfigVersion.cmake
#20 50.33 -- Installing: /root/.hunter/_Base/5ead1e0/916adb4/ead1bc1/Build/GTest/Install/lib/cmake/GMock/GMockTargets.cmake
#20 50.33 -- Installing: /root/.hunter/_Base/5ead1e0/916adb4/ead1bc1/Build/GTest/Install/lib/cmake/GMock/GMockTargets-release.cmake
#20 50.34 -- Installing: /root/.hunter/_Base/5ead1e0/916adb4/ead1bc1/Build/GTest/Install/lib/libgtest.a
#20 50.34 -- Installing: /root/.hunter/_Base/5ead1e0/916adb4/ead1bc1/Build/GTest/Install/lib/libgtest_main.a
#20 50.34 -- Installing: /root/.hunter/_Base/5ead1e0/916adb4/ead1bc1/Build/GTest/Install/include/gtest
#20 50.34 -- Installing: /root/.hunter/_Base/5ead1e0/916adb4/ead1bc1/Build/GTest/Install/include/gtest/gtest_prod.h
#20 50.34 -- Installing: /root/.hunter/_Base/5ead1e0/916adb4/ead1bc1/Build/GTest/Install/include/gtest/gtest-spi.h
#20 50.34 -- Installing: /root/.hunter/_Base/5ead1e0/916adb4/ead1bc1/Build/GTest/Install/include/gtest/internal
#20 50.34 -- Installing: /root/.hunter/_Base/5ead1e0/916adb4/ead1bc1/Build/GTest/Install/include/gtest/internal/gtest-port-arch.h
#20 50.34 -- Installing: /root/.hunter/_Base/5ead1e0/916adb4/ead1bc1/Build/GTest/Install/include/gtest/internal/custom
#20 50.35 -- Installing: /root/.hunter/_Base/5ead1e0/916adb4/ead1bc1/Build/GTest/Install/include/gtest/internal/custom/gtest-port.h
#20 50.35 -- Installing: /root/.hunter/_Base/5ead1e0/916adb4/ead1bc1/Build/GTest/Install/include/gtest/internal/custom/gtest-printers.h
#20 50.35 -- Installing: /root/.hunter/_Base/5ead1e0/916adb4/ead1bc1/Build/GTest/Install/include/gtest/internal/custom/gtest.h
#20 50.35 -- Installing: /root/.hunter/_Base/5ead1e0/916adb4/ead1bc1/Build/GTest/Install/include/gtest/internal/gtest-param-util-generated.h
#20 50.35 -- Installing: /root/.hunter/_Base/5ead1e0/916adb4/ead1bc1/Build/GTest/Install/include/gtest/internal/gtest-port.h
#20 50.35 -- Installing: /root/.hunter/_Base/5ead1e0/916adb4/ead1bc1/Build/GTest/Install/include/gtest/internal/gtest-linked_ptr.h
#20 50.35 -- Installing: /root/.hunter/_Base/5ead1e0/916adb4/ead1bc1/Build/GTest/Install/include/gtest/internal/gtest-type-util.h
#20 50.35 -- Installing: /root/.hunter/_Base/5ead1e0/916adb4/ead1bc1/Build/GTest/Install/include/gtest/internal/gtest-tuple.h
#20 50.36 -- Installing: /root/.hunter/_Base/5ead1e0/916adb4/ead1bc1/Build/GTest/Install/include/gtest/internal/gtest-filepath.h
#20 50.36 -- Installing: /root/.hunter/_Base/5ead1e0/916adb4/ead1bc1/Build/GTest/Install/include/gtest/internal/gtest-string.h
#20 50.36 -- Installing: /root/.hunter/_Base/5ead1e0/916adb4/ead1bc1/Build/GTest/Install/include/gtest/internal/gtest-param-util.h
#20 50.36 -- Installing: /root/.hunter/_Base/5ead1e0/916adb4/ead1bc1/Build/GTest/Install/include/gtest/internal/gtest-death-test-internal.h
#20 50.36 -- Installing: /root/.hunter/_Base/5ead1e0/916adb4/ead1bc1/Build/GTest/Install/include/gtest/internal/gtest-internal.h
#20 50.36 -- Installing: /root/.hunter/_Base/5ead1e0/916adb4/ead1bc1/Build/GTest/Install/include/gtest/gtest_pred_impl.h
#20 50.36 -- Installing: /root/.hunter/_Base/5ead1e0/916adb4/ead1bc1/Build/GTest/Install/include/gtest/gtest-typed-test.h
#20 50.36 -- Installing: /root/.hunter/_Base/5ead1e0/916adb4/ead1bc1/Build/GTest/Install/include/gtest/gtest-param-test.h
#20 50.36 -- Installing: /root/.hunter/_Base/5ead1e0/916adb4/ead1bc1/Build/GTest/Install/include/gtest/gtest-printers.h
#20 50.36 -- Installing: /root/.hunter/_Base/5ead1e0/916adb4/ead1bc1/Build/GTest/Install/include/gtest/gtest-death-test.h
#20 50.36 -- Installing: /root/.hunter/_Base/5ead1e0/916adb4/ead1bc1/Build/GTest/Install/include/gtest/gtest-message.h
#20 50.36 -- Installing: /root/.hunter/_Base/5ead1e0/916adb4/ead1bc1/Build/GTest/Install/include/gtest/gtest-test-part.h
#20 50.36 -- Installing: /root/.hunter/_Base/5ead1e0/916adb4/ead1bc1/Build/GTest/Install/include/gtest/gtest.h
#20 50.36 -- Installing: /root/.hunter/_Base/5ead1e0/916adb4/ead1bc1/Build/GTest/Install/lib/cmake/GTest/GTestConfig.cmake
#20 50.36 -- Installing: /root/.hunter/_Base/5ead1e0/916adb4/ead1bc1/Build/GTest/Install/lib/cmake/GTest/GTestConfigVersion.cmake
#20 50.36 -- Installing: /root/.hunter/_Base/5ead1e0/916adb4/ead1bc1/Build/GTest/Install/lib/cmake/GTest/GTestTargets.cmake
#20 50.37 -- Installing: /root/.hunter/_Base/5ead1e0/916adb4/ead1bc1/Build/GTest/Install/lib/cmake/GTest/GTestTargets-release.cmake
#20 50.37 loading initial cache file /root/.hunter/_Base/5ead1e0/916adb4/ead1bc1/Build/GTest/args.cmake
#20 50.40 [ 50%] Completed 'GTest-Release'
#20 50.44 [ 50%] Built target GTest-Release
#20 50.49 [ 56%] Creating directories for 'GTest-Debug'
#20 50.60 [ 62%] Performing download step (download, verify and extract) for 'GTest-Debug'
#20 50.63 -- verifying file...
#20 50.63        file='/root/.hunter/_Base/Download/GTest/1.8.0-hunter-p11/76c6aec/1.8.0-hunter-p11.tar.gz'
#20 50.65 -- File already exists and hash match (skip download):
#20 50.65   file='/root/.hunter/_Base/Download/GTest/1.8.0-hunter-p11/76c6aec/1.8.0-hunter-p11.tar.gz'
#20 50.65   SHA1='76c6aec038f7d7258bf5c4f45c4817b34039d285'
#20 50.70 -- extracting...
#20 50.70      src='/root/.hunter/_Base/Download/GTest/1.8.0-hunter-p11/76c6aec/1.8.0-hunter-p11.tar.gz'
#20 50.70      dst='/root/.hunter/_Base/5ead1e0/916adb4/ead1bc1/Build/GTest/Source'
#20 50.70 -- extracting... [tar xfz]
#20 50.80 -- extracting... [analysis]
#20 50.80 -- extracting... [rename]
#20 50.84 -- extracting... [clean up]
#20 50.84 -- extracting... done
#20 50.86 [ 68%] No update step for 'GTest-Debug'
#20 50.90 [ 75%] No patch step for 'GTest-Debug'
#20 50.93 [ 81%] Performing configure step for 'GTest-Debug'
#20 50.96 loading initial cache file /root/.hunter/_Base/5ead1e0/916adb4/ead1bc1/cache.cmake
#20 50.96 loading initial cache file /root/.hunter/_Base/5ead1e0/916adb4/ead1bc1/Build/GTest/args.cmake
#20 51.43 -- The C compiler identification is Clang 14.0.0
#20 51.94 -- The CXX compiler identification is Clang 14.0.0
#20 51.97 -- Check for working C compiler: /usr/local/bin/clang - skipped
#20 51.97 -- Detecting C compile features
#20 51.98 -- Detecting C compile features - done
#20 51.99 -- Check for working CXX compiler: /usr/local/bin/clang++ - skipped
#20 51.99 -- Detecting CXX compile features
#20 52.00 -- Detecting CXX compile features - done
#20 52.07 -- Found PythonInterp: /usr/bin/python (found version "3.8.10") 
#20 52.07 -- Looking for pthread.h
#20 52.40 -- Looking for pthread.h - found
#20 52.40 -- Performing Test CMAKE_HAVE_LIBC_PTHREAD
#20 52.79 -- Performing Test CMAKE_HAVE_LIBC_PTHREAD - Success
#20 52.79 -- Found Threads: TRUE  
#20 52.82 -- Configuring done
#20 52.86 -- Generating done
#20 52.86 -- Build files have been written to: /root/.hunter/_Base/5ead1e0/916adb4/ead1bc1/Build/GTest/Build/GTest-Debug-prefix/src/GTest-Debug-build
#20 52.89 [ 87%] Performing build step for 'GTest-Debug'
#20 53.00 [ 18%] Building CXX object googlemock/CMakeFiles/gmock_main.dir/__/googletest/src/gtest-all.cc.o
#20 53.00 [ 18%] Building CXX object googlemock/CMakeFiles/gmock_main.dir/src/gmock-all.cc.o
#20 53.00 [ 27%] Building CXX object googlemock/gtest/CMakeFiles/gtest.dir/src/gtest-all.cc.o
#20 53.01 [ 36%] Building CXX object googlemock/CMakeFiles/gmock.dir/__/googletest/src/gtest-all.cc.o
#20 53.01 [ 45%] Building CXX object googlemock/CMakeFiles/gmock_main.dir/src/gmock_main.cc.o
#20 53.02 [ 54%] Building CXX object googlemock/CMakeFiles/gmock.dir/src/gmock-all.cc.o
#20 87.09 [ 63%] Linking CXX static library libgmock_maind.a
#20 87.15 [ 63%] Built target gmock_main
#20 87.32 [ 72%] Linking CXX static library libgmockd.a
#20 87.39 [ 72%] Built target gmock
#20 87.49 [ 81%] Linking CXX static library libgtestd.a
#20 87.53 [ 81%] Built target gtest
#20 87.55 [ 90%] Building CXX object googlemock/gtest/CMakeFiles/gtest_main.dir/src/gtest_main.cc.o
#20 91.10 [100%] Linking CXX static library libgtest_maind.a
#20 91.13 [100%] Built target gtest_main
#20 91.15 [ 93%] Performing install step for 'GTest-Debug'
#20 91.25 Consolidate compiler generated dependencies of target gmock_main
#20 91.29 [ 36%] Built target gmock_main
#20 91.35 Consolidate compiler generated dependencies of target gmock
#20 91.38 [ 63%] Built target gmock
#20 91.42 Consolidate compiler generated dependencies of target gtest
#20 91.44 [ 81%] Built target gtest
#20 91.47 Consolidate compiler generated dependencies of target gtest_main
#20 91.50 [100%] Built target gtest_main
#20 91.54 Install the project...
#20 91.54 -- Install configuration: "Debug"
#20 91.54 -- Installing: /root/.hunter/_Base/5ead1e0/916adb4/ead1bc1/Build/GTest/Install/lib/libgmockd.a
#20 91.58 -- Installing: /root/.hunter/_Base/5ead1e0/916adb4/ead1bc1/Build/GTest/Install/lib/libgmock_maind.a
#20 91.62 -- Up-to-date: /root/.hunter/_Base/5ead1e0/916adb4/ead1bc1/Build/GTest/Install/include/gmock
#20 91.62 -- Up-to-date: /root/.hunter/_Base/5ead1e0/916adb4/ead1bc1/Build/GTest/Install/include/gmock/gmock-matchers.h
#20 91.62 -- Up-to-date: /root/.hunter/_Base/5ead1e0/916adb4/ead1bc1/Build/GTest/Install/include/gmock/gmock-more-actions.h
#20 91.62 -- Up-to-date: /root/.hunter/_Base/5ead1e0/916adb4/ead1bc1/Build/GTest/Install/include/gmock/internal
#20 91.62 -- Up-to-date: /root/.hunter/_Base/5ead1e0/916adb4/ead1bc1/Build/GTest/Install/include/gmock/internal/gmock-internal-utils.h
#20 91.62 -- Up-to-date: /root/.hunter/_Base/5ead1e0/916adb4/ead1bc1/Build/GTest/Install/include/gmock/internal/custom
#20 91.62 -- Up-to-date: /root/.hunter/_Base/5ead1e0/916adb4/ead1bc1/Build/GTest/Install/include/gmock/internal/custom/gmock-matchers.h
#20 91.62 -- Up-to-date: /root/.hunter/_Base/5ead1e0/916adb4/ead1bc1/Build/GTest/Install/include/gmock/internal/custom/gmock-port.h
#20 91.62 -- Up-to-date: /root/.hunter/_Base/5ead1e0/916adb4/ead1bc1/Build/GTest/Install/include/gmock/internal/custom/gmock-generated-actions.h
#20 91.62 -- Up-to-date: /root/.hunter/_Base/5ead1e0/916adb4/ead1bc1/Build/GTest/Install/include/gmock/internal/gmock-port.h
#20 91.62 -- Up-to-date: /root/.hunter/_Base/5ead1e0/916adb4/ead1bc1/Build/GTest/Install/include/gmock/internal/gmock-generated-internal-utils.h
#20 91.62 -- Up-to-date: /root/.hunter/_Base/5ead1e0/916adb4/ead1bc1/Build/GTest/Install/include/gmock/gmock-more-matchers.h
#20 91.62 -- Up-to-date: /root/.hunter/_Base/5ead1e0/916adb4/ead1bc1/Build/GTest/Install/include/gmock/gmock-spec-builders.h
#20 91.62 -- Up-to-date: /root/.hunter/_Base/5ead1e0/916adb4/ead1bc1/Build/GTest/Install/include/gmock/gmock-actions.h
#20 91.62 -- Up-to-date: /root/.hunter/_Base/5ead1e0/916adb4/ead1bc1/Build/GTest/Install/include/gmock/gmock-generated-nice-strict.h
#20 91.62 -- Up-to-date: /root/.hunter/_Base/5ead1e0/916adb4/ead1bc1/Build/GTest/Install/include/gmock/gmock-generated-matchers.h
#20 91.62 -- Up-to-date: /root/.hunter/_Base/5ead1e0/916adb4/ead1bc1/Build/GTest/Install/include/gmock/gmock-generated-function-mockers.h
#20 91.62 -- Up-to-date: /root/.hunter/_Base/5ead1e0/916adb4/ead1bc1/Build/GTest/Install/include/gmock/gmock-cardinalities.h
#20 91.62 -- Up-to-date: /root/.hunter/_Base/5ead1e0/916adb4/ead1bc1/Build/GTest/Install/include/gmock/gmock.h
#20 91.62 -- Up-to-date: /root/.hunter/_Base/5ead1e0/916adb4/ead1bc1/Build/GTest/Install/include/gmock/gmock-generated-actions.h
#20 91.63 -- Installing: /root/.hunter/_Base/5ead1e0/916adb4/ead1bc1/Build/GTest/Install/lib/cmake/GMock/GMockConfig.cmake
#20 91.63 -- Installing: /root/.hunter/_Base/5ead1e0/916adb4/ead1bc1/Build/GTest/Install/lib/cmake/GMock/GMockConfigVersion.cmake
#20 91.63 -- Installing: /root/.hunter/_Base/5ead1e0/916adb4/ead1bc1/Build/GTest/Install/lib/cmake/GMock/GMockTargets.cmake
#20 91.63 -- Installing: /root/.hunter/_Base/5ead1e0/916adb4/ead1bc1/Build/GTest/Install/lib/cmake/GMock/GMockTargets-debug.cmake
#20 91.63 -- Installing: /root/.hunter/_Base/5ead1e0/916adb4/ead1bc1/Build/GTest/Install/lib/libgtestd.a
#20 91.66 -- Installing: /root/.hunter/_Base/5ead1e0/916adb4/ead1bc1/Build/GTest/Install/lib/libgtest_maind.a
#20 91.66 -- Up-to-date: /root/.hunter/_Base/5ead1e0/916adb4/ead1bc1/Build/GTest/Install/include/gtest
#20 91.66 -- Up-to-date: /root/.hunter/_Base/5ead1e0/916adb4/ead1bc1/Build/GTest/Install/include/gtest/gtest_prod.h
#20 91.66 -- Up-to-date: /root/.hunter/_Base/5ead1e0/916adb4/ead1bc1/Build/GTest/Install/include/gtest/gtest-spi.h
#20 91.66 -- Up-to-date: /root/.hunter/_Base/5ead1e0/916adb4/ead1bc1/Build/GTest/Install/include/gtest/internal
#20 91.66 -- Up-to-date: /root/.hunter/_Base/5ead1e0/916adb4/ead1bc1/Build/GTest/Install/include/gtest/internal/gtest-port-arch.h
#20 91.66 -- Up-to-date: /root/.hunter/_Base/5ead1e0/916adb4/ead1bc1/Build/GTest/Install/include/gtest/internal/custom
#20 91.66 -- Up-to-date: /root/.hunter/_Base/5ead1e0/916adb4/ead1bc1/Build/GTest/Install/include/gtest/internal/custom/gtest-port.h
#20 91.66 -- Up-to-date: /root/.hunter/_Base/5ead1e0/916adb4/ead1bc1/Build/GTest/Install/include/gtest/internal/custom/gtest-printers.h
#20 91.66 -- Up-to-date: /root/.hunter/_Base/5ead1e0/916adb4/ead1bc1/Build/GTest/Install/include/gtest/internal/custom/gtest.h
#20 91.66 -- Up-to-date: /root/.hunter/_Base/5ead1e0/916adb4/ead1bc1/Build/GTest/Install/include/gtest/internal/gtest-param-util-generated.h
#20 91.66 -- Up-to-date: /root/.hunter/_Base/5ead1e0/916adb4/ead1bc1/Build/GTest/Install/include/gtest/internal/gtest-port.h
#20 91.66 -- Up-to-date: /root/.hunter/_Base/5ead1e0/916adb4/ead1bc1/Build/GTest/Install/include/gtest/internal/gtest-linked_ptr.h
#20 91.66 -- Up-to-date: /root/.hunter/_Base/5ead1e0/916adb4/ead1bc1/Build/GTest/Install/include/gtest/internal/gtest-type-util.h
#20 91.66 -- Up-to-date: /root/.hunter/_Base/5ead1e0/916adb4/ead1bc1/Build/GTest/Install/include/gtest/internal/gtest-tuple.h
#20 91.66 -- Up-to-date: /root/.hunter/_Base/5ead1e0/916adb4/ead1bc1/Build/GTest/Install/include/gtest/internal/gtest-filepath.h
#20 91.66 -- Up-to-date: /root/.hunter/_Base/5ead1e0/916adb4/ead1bc1/Build/GTest/Install/include/gtest/internal/gtest-string.h
#20 91.66 -- Up-to-date: /root/.hunter/_Base/5ead1e0/916adb4/ead1bc1/Build/GTest/Install/include/gtest/internal/gtest-param-util.h
#20 91.66 -- Up-to-date: /root/.hunter/_Base/5ead1e0/916adb4/ead1bc1/Build/GTest/Install/include/gtest/internal/gtest-death-test-internal.h
#20 91.66 -- Up-to-date: /root/.hunter/_Base/5ead1e0/916adb4/ead1bc1/Build/GTest/Install/include/gtest/internal/gtest-internal.h
#20 91.66 -- Up-to-date: /root/.hunter/_Base/5ead1e0/916adb4/ead1bc1/Build/GTest/Install/include/gtest/gtest_pred_impl.h
#20 91.66 -- Up-to-date: /root/.hunter/_Base/5ead1e0/916adb4/ead1bc1/Build/GTest/Install/include/gtest/gtest-typed-test.h
#20 91.66 -- Up-to-date: /root/.hunter/_Base/5ead1e0/916adb4/ead1bc1/Build/GTest/Install/include/gtest/gtest-param-test.h
#20 91.66 -- Up-to-date: /root/.hunter/_Base/5ead1e0/916adb4/ead1bc1/Build/GTest/Install/include/gtest/gtest-printers.h
#20 91.66 -- Up-to-date: /root/.hunter/_Base/5ead1e0/916adb4/ead1bc1/Build/GTest/Install/include/gtest/gtest-death-test.h
#20 91.66 -- Up-to-date: /root/.hunter/_Base/5ead1e0/916adb4/ead1bc1/Build/GTest/Install/include/gtest/gtest-message.h
#20 91.66 -- Up-to-date: /root/.hunter/_Base/5ead1e0/916adb4/ead1bc1/Build/GTest/Install/include/gtest/gtest-test-part.h
#20 91.66 -- Up-to-date: /root/.hunter/_Base/5ead1e0/916adb4/ead1bc1/Build/GTest/Install/include/gtest/gtest.h
#20 91.66 -- Installing: /root/.hunter/_Base/5ead1e0/916adb4/ead1bc1/Build/GTest/Install/lib/cmake/GTest/GTestConfig.cmake
#20 91.66 -- Installing: /root/.hunter/_Base/5ead1e0/916adb4/ead1bc1/Build/GTest/Install/lib/cmake/GTest/GTestConfigVersion.cmake
#20 91.66 -- Installing: /root/.hunter/_Base/5ead1e0/916adb4/ead1bc1/Build/GTest/Install/lib/cmake/GTest/GTestTargets.cmake
#20 91.67 -- Installing: /root/.hunter/_Base/5ead1e0/916adb4/ead1bc1/Build/GTest/Install/lib/cmake/GTest/GTestTargets-debug.cmake
#20 91.67 loading initial cache file /root/.hunter/_Base/5ead1e0/916adb4/ead1bc1/Build/GTest/args.cmake
#20 91.68 [100%] Completed 'GTest-Debug'
#20 91.70 [100%] Built target GTest-Debug
#20 91.71 -- [hunter] Build step successful (dir: /root/.hunter/_Base/5ead1e0/916adb4/ead1bc1/Build/GTest)
#20 97.70 -- [hunter] Cache saved: /root/.hunter/_Base/Cache/raw/49bc3ad4d8b356e6e8aa10ee51f46a5f42584b11.tar.bz2
#20 100.3 -- [hunter] GLOG_ROOT: /root/.hunter/_Base/5ead1e0/916adb4/ead1bc1/Install (ver.: 0.3.5-p2)
#20 100.6 -- [hunter] Building glog
#20 100.6 loading initial cache file /root/.hunter/_Base/5ead1e0/916adb4/ead1bc1/cache.cmake
#20 100.6 loading initial cache file /root/.hunter/_Base/5ead1e0/916adb4/ead1bc1/Build/glog/args.cmake
#20 101.1 -- The C compiler identification is Clang 14.0.0
#20 101.7 -- The CXX compiler identification is Clang 14.0.0
#20 101.7 -- Check for working C compiler: /usr/local/bin/clang - skipped
#20 101.7 -- Detecting C compile features
#20 101.7 -- Detecting C compile features - done
#20 101.7 -- Check for working CXX compiler: /usr/local/bin/clang++ - skipped
#20 101.7 -- Detecting CXX compile features
#20 101.7 -- Detecting CXX compile features - done
#20 101.9 -- Configuring done
#20 101.9 -- Generating done
#20 101.9 -- Build files have been written to: /root/.hunter/_Base/5ead1e0/916adb4/ead1bc1/Build/glog/Build
#20 102.0 [  6%] Creating directories for 'glog-Release'
#20 102.1 [ 12%] Performing download step (download, verify and extract) for 'glog-Release'
#20 102.1 -- Downloading...
#20 102.1    dst='/root/.hunter/_Base/Download/glog/0.3.5-p2/3e95e5b/v0.3.5-p2.tar.gz'
#20 102.1    timeout='none'
#20 102.1    inactivity timeout='none'
#20 102.1 -- Using src='https://github.com/hunter-packages/glog/archive/v0.3.5-p2.tar.gz'
#20 102.3 -- [download 100% complete]
#20 102.6 -- verifying file...
#20 102.6        file='/root/.hunter/_Base/Download/glog/0.3.5-p2/3e95e5b/v0.3.5-p2.tar.gz'
#20 102.6 -- Downloading... done
#20 102.7 -- extracting...
#20 102.7      src='/root/.hunter/_Base/Download/glog/0.3.5-p2/3e95e5b/v0.3.5-p2.tar.gz'
#20 102.7      dst='/root/.hunter/_Base/5ead1e0/916adb4/ead1bc1/Build/glog/Source'
#20 102.7 -- extracting... [tar xfz]
#20 102.7 -- extracting... [analysis]
#20 102.7 -- extracting... [rename]
#20 102.7 -- extracting... [clean up]
#20 102.7 -- extracting... done
#20 102.7 [ 18%] No update step for 'glog-Release'
#20 102.8 [ 25%] No patch step for 'glog-Release'
#20 102.8 [ 31%] Performing configure step for 'glog-Release'
#20 102.8 loading initial cache file /root/.hunter/_Base/5ead1e0/916adb4/ead1bc1/cache.cmake
#20 102.8 loading initial cache file /root/.hunter/_Base/5ead1e0/916adb4/ead1bc1/Build/glog/args.cmake
#20 103.3 -- The C compiler identification is Clang 14.0.0
#20 103.8 -- The CXX compiler identification is Clang 14.0.0
#20 103.8 -- Check for working C compiler: /usr/local/bin/clang - skipped
#20 103.8 -- Detecting C compile features
#20 103.8 -- Detecting C compile features - done
#20 103.9 -- Check for working CXX compiler: /usr/local/bin/clang++ - skipped
#20 103.9 -- Detecting CXX compile features
#20 103.9 -- Detecting CXX compile features - done
#20 103.9 -- Looking for pthread.h
#20 104.3 -- Looking for pthread.h - found
#20 104.3 -- Performing Test CMAKE_HAVE_LIBC_PTHREAD
#20 104.7 -- Performing Test CMAKE_HAVE_LIBC_PTHREAD - Success
#20 104.7 -- Found Threads: TRUE  
#20 104.7 -- Looking for dlfcn.h
#20 105.1 -- Looking for dlfcn.h - found
#20 105.1 -- Looking for execinfo.h
#20 105.4 -- Looking for execinfo.h - found
#20 105.4 -- Looking for glob.h
#20 105.8 -- Looking for glob.h - found
#20 105.8 -- Looking for inttypes.h
#20 106.2 -- Looking for inttypes.h - found
#20 106.2 -- Looking for libunwind.h
#20 106.5 -- Looking for libunwind.h - found
#20 106.5 -- Looking for memory.h
#20 106.9 -- Looking for memory.h - found
#20 106.9 -- Looking for pwd.h
#20 107.3 -- Looking for pwd.h - found
#20 107.3 -- Looking for stdint.h
#20 107.7 -- Looking for stdint.h - found
#20 107.7 -- Looking for stdlib.h
#20 108.1 -- Looking for stdlib.h - found
#20 108.1 -- Looking for string.h
#20 108.4 -- Looking for string.h - found
#20 108.4 -- Looking for strings.h
#20 108.8 -- Looking for strings.h - found
#20 108.8 -- Looking for sys/stat.h
#20 109.2 -- Looking for sys/stat.h - found
#20 109.2 -- Looking for sys/syscall.h
#20 109.5 -- Looking for sys/syscall.h - found
#20 109.5 -- Looking for sys/time.h
#20 109.8 -- Looking for sys/time.h - found
#20 109.8 -- Looking for sys/types.h
#20 110.1 -- Looking for sys/types.h - found
#20 110.1 -- Looking for sys/utsname.h
#20 110.5 -- Looking for sys/utsname.h - found
#20 110.5 -- Looking for syscall.h
#20 110.8 -- Looking for syscall.h - found
#20 110.8 -- Looking for syslog.h
#20 111.1 -- Looking for syslog.h - found
#20 111.1 -- Looking for ucontext.h
#20 111.5 -- Looking for ucontext.h - found
#20 111.5 -- Looking for unistd.h
#20 111.8 -- Looking for unistd.h - found
#20 111.8 -- Looking for unwind.h
#20 112.2 -- Looking for unwind.h - found
#20 112.2 -- Looking for C++ include ext/hash_map
#20 114.5 -- Looking for C++ include ext/hash_map - found
#20 114.5 -- Looking for C++ include ext/hash_set
#20 116.8 -- Looking for C++ include ext/hash_set - found
#20 116.8 -- Looking for C++ include ext/slist
#20 116.9 -- Looking for C++ include ext/slist - not found
#20 116.9 -- Looking for C++ include tr1/unordered_map
#20 117.0 -- Looking for C++ include tr1/unordered_map - not found
#20 117.0 -- Looking for C++ include tr1/unordered_set
#20 117.1 -- Looking for C++ include tr1/unordered_set - not found
#20 117.1 -- Looking for C++ include unordered_map
#20 118.9 -- Looking for C++ include unordered_map - found
#20 118.9 -- Looking for C++ include unordered_set
#20 120.8 -- Looking for C++ include unordered_set - found
#20 120.8 -- Looking for stddef.h
#20 121.1 -- Looking for stddef.h - found
#20 121.1 -- Check size of unsigned __int16
#20 121.2 -- Check size of unsigned __int16 - failed
#20 121.2 -- Check size of u_int16_t
#20 121.7 -- Check size of u_int16_t - done
#20 121.7 -- Check size of uint16_t
#20 122.2 -- Check size of uint16_t - done
#20 122.2 -- Looking for dladdr
#20 122.5 -- Looking for dladdr - found
#20 122.5 -- Looking for fcntl
#20 122.8 -- Looking for fcntl - found
#20 122.8 -- Looking for pread
#20 123.1 -- Looking for pread - found
#20 123.1 -- Looking for pwrite
#20 123.5 -- Looking for pwrite - found
#20 123.5 -- Looking for sigaction
#20 123.8 -- Looking for sigaction - found
#20 123.8 -- Looking for sigaltstack
#20 124.2 -- Looking for sigaltstack - found
#20 124.2 -- Performing Test HAVE_NO_DEPRECATED
#20 124.6 -- Performing Test HAVE_NO_DEPRECATED - Success
#20 124.6 -- Performing Test HAVE_NO_UNNAMED_TYPE_TEMPLATE_ARGS
#20 125.0 -- Performing Test HAVE_NO_UNNAMED_TYPE_TEMPLATE_ARGS - Success
#20 125.0 -- Looking for snprintf
#20 125.4 -- Looking for snprintf - found
#20 125.4 -- Looking for get_static_proc_name in unwind
#20 125.7 -- Looking for get_static_proc_name in unwind - not found
#20 125.8 -- Performing Test HAVE___ATTRIBUTE__
#20 126.1 -- Performing Test HAVE___ATTRIBUTE__ - Success
#20 126.1 -- Performing Test HAVE___ATTRIBUTE__VISIBILITY_DEFAULT
#20 126.5 -- Performing Test HAVE___ATTRIBUTE__VISIBILITY_DEFAULT - Success
#20 126.5 -- Performing Test HAVE___ATTRIBUTE__VISIBILITY_HIDDEN
#20 126.9 -- Performing Test HAVE___ATTRIBUTE__VISIBILITY_HIDDEN - Success
#20 126.9 -- Performing Test HAVE___BUILTIN_EXPECT
#20 127.2 -- Performing Test HAVE___BUILTIN_EXPECT - Success
#20 127.2 -- Performing Test HAVE___SYNC_VAL_COMPARE_AND_SWAP
#20 127.5 -- Performing Test HAVE___SYNC_VAL_COMPARE_AND_SWAP - Success
#20 127.5 -- Performing Test HAVE_RWLOCK
#20 127.9 -- Performing Test HAVE_RWLOCK - Success
#20 127.9 -- Performing Test HAVE___DECLSPEC
#20 128.0 -- Performing Test HAVE___DECLSPEC - Failed
#20 128.0 -- Performing Test STL_NO_NAMESPACE
#20 129.4 -- Performing Test STL_NO_NAMESPACE - Failed
#20 129.4 -- Performing Test STL_STD_NAMESPACE
#20 131.2 -- Performing Test STL_STD_NAMESPACE - Success
#20 131.2 -- Performing Test HAVE_USING_OPERATOR
#20 133.7 -- Performing Test HAVE_USING_OPERATOR - Success
#20 133.7 -- Performing Test HAVE_NAMESPACES
#20 134.1 -- Performing Test HAVE_NAMESPACES - Success
#20 134.1 -- Performing Test HAVE_MSVC_TLS
#20 134.2 -- Performing Test HAVE_MSVC_TLS - Failed
#20 134.2 -- Performing Test HAVE_CXX11_TLS
#20 134.7 -- Performing Test HAVE_CXX11_TLS - Success
#20 134.7 -- Performing Test HAVE_CYGWIN_TLS
#20 135.1 -- Performing Test HAVE_CYGWIN_TLS - Success
#20 138.8 -- Configuring done
#20 138.9 -- Generating done
#20 138.9 -- Build files have been written to: /root/.hunter/_Base/5ead1e0/916adb4/ead1bc1/Build/glog/Build/glog-Release-prefix/src/glog-Release-build
#20 138.9 [ 37%] Performing build step for 'glog-Release'
#20 139.0 [ 12%] Building CXX object CMakeFiles/glog.dir/src/demangle.cc.o
#20 139.0 [ 25%] Building CXX object CMakeFiles/glog.dir/src/logging.cc.o
#20 139.0 [ 37%] Building CXX object CMakeFiles/glog.dir/src/raw_logging.cc.o
#20 139.1 [ 50%] Building CXX object CMakeFiles/glog.dir/src/symbolize.cc.o
#20 139.1 [ 62%] Building CXX object CMakeFiles/glog.dir/src/vlog_is_on.cc.o
#20 139.1 [ 75%] Building CXX object CMakeFiles/glog.dir/src/utilities.cc.o
#20 139.1 [ 87%] Building CXX object CMakeFiles/glog.dir/src/signalhandler.cc.o
#20 143.2 /root/.hunter/_Base/5ead1e0/916adb4/ead1bc1/Build/glog/Source/src/logging.cc:1158:8: warning: unknown attribute 'thread' ignored [-Wunknown-attributes]
#20 143.2 static GLOG_THREAD_LOCAL_STORAGE bool thread_data_available = true;
#20 143.2        ^~~~~~~~~~~~~~~~~~~~~~~~~
#20 143.2 /root/.hunter/_Base/5ead1e0/916adb4/ead1bc1/Build/glog/Build/glog-Release-prefix/src/glog-Release-build/config.h:178:50: note: expanded from macro 'GLOG_THREAD_LOCAL_STORAGE'
#20 143.2 #define GLOG_THREAD_LOCAL_STORAGE __attribute__((thread))
#20 143.2                                                  ^~~~~~
#20 143.2 /root/.hunter/_Base/5ead1e0/916adb4/ead1bc1/Build/glog/Source/src/logging.cc:1159:8: warning: unknown attribute 'thread' ignored [-Wunknown-attributes]
#20 143.2 static GLOG_THREAD_LOCAL_STORAGE LogMessage::LogMessageData thread_msg_data;
#20 143.2        ^~~~~~~~~~~~~~~~~~~~~~~~~
#20 143.2 /root/.hunter/_Base/5ead1e0/916adb4/ead1bc1/Build/glog/Build/glog-Release-prefix/src/glog-Release-build/config.h:178:50: note: expanded from macro 'GLOG_THREAD_LOCAL_STORAGE'
#20 143.2 #define GLOG_THREAD_LOCAL_STORAGE __attribute__((thread))
#20 143.2                                                  ^~~~~~
#20 147.3 2 warnings generated.
#20 147.3 [100%] Linking CXX static library libglog.a
#20 147.4 [100%] Built target glog
#20 147.4 [ 43%] Performing install step for 'glog-Release'
#20 147.6 Consolidate compiler generated dependencies of target glog
#20 147.6 [100%] Built target glog
#20 147.6 Install the project...
#20 147.7 -- Install configuration: "Release"
#20 147.7 -- Installing: /root/.hunter/_Base/5ead1e0/916adb4/ead1bc1/Build/glog/Install/lib/libglog.a
#20 147.7 -- Installing: /root/.hunter/_Base/5ead1e0/916adb4/ead1bc1/Build/glog/Install/include/glog/config.h
#20 147.7 -- Installing: /root/.hunter/_Base/5ead1e0/916adb4/ead1bc1/Build/glog/Install/include/glog/logging.h
#20 147.7 -- Installing: /root/.hunter/_Base/5ead1e0/916adb4/ead1bc1/Build/glog/Install/include/glog/raw_logging.h
#20 147.7 -- Installing: /root/.hunter/_Base/5ead1e0/916adb4/ead1bc1/Build/glog/Install/include/glog/stl_logging.h
#20 147.7 -- Installing: /root/.hunter/_Base/5ead1e0/916adb4/ead1bc1/Build/glog/Install/include/glog/vlog_is_on.h
#20 147.7 -- Installing: /root/.hunter/_Base/5ead1e0/916adb4/ead1bc1/Build/glog/Install/include/glog/log_severity.h
#20 147.7 -- Installing: /root/.hunter/_Base/5ead1e0/916adb4/ead1bc1/Build/glog/Install/lib/cmake/glog/glog-config.cmake
#20 147.7 -- Installing: /root/.hunter/_Base/5ead1e0/916adb4/ead1bc1/Build/glog/Install/lib/cmake/glog/glog-config-version.cmake
#20 147.7 -- Installing: /root/.hunter/_Base/5ead1e0/916adb4/ead1bc1/Build/glog/Install/lib/cmake/glog/glog-targets.cmake
#20 147.7 -- Installing: /root/.hunter/_Base/5ead1e0/916adb4/ead1bc1/Build/glog/Install/lib/cmake/glog/glog-targets-release.cmake
#20 147.7 loading initial cache file /root/.hunter/_Base/5ead1e0/916adb4/ead1bc1/Build/glog/args.cmake
#20 147.7 [ 50%] Completed 'glog-Release'
#20 147.8 [ 50%] Built target glog-Release
#20 147.8 [ 56%] Creating directories for 'glog-Debug'
#20 147.9 [ 62%] Performing download step (download, verify and extract) for 'glog-Debug'
#20 148.0 -- verifying file...
#20 148.0        file='/root/.hunter/_Base/Download/glog/0.3.5-p2/3e95e5b/v0.3.5-p2.tar.gz'
#20 148.0 -- File already exists and hash match (skip download):
#20 148.0   file='/root/.hunter/_Base/Download/glog/0.3.5-p2/3e95e5b/v0.3.5-p2.tar.gz'
#20 148.0   SHA1='3e95e5bcfb5c9d20c3391b72f831a285a3fc238f'
#20 148.0 -- extracting...
#20 148.0      src='/root/.hunter/_Base/Download/glog/0.3.5-p2/3e95e5b/v0.3.5-p2.tar.gz'
#20 148.0      dst='/root/.hunter/_Base/5ead1e0/916adb4/ead1bc1/Build/glog/Source'
#20 148.0 -- extracting... [tar xfz]
#20 148.0 -- extracting... [analysis]
#20 148.0 -- extracting... [rename]
#20 148.0 -- extracting... [clean up]
#20 148.0 -- extracting... done
#20 148.1 [ 68%] No update step for 'glog-Debug'
#20 148.1 [ 75%] No patch step for 'glog-Debug'
#20 148.1 [ 81%] Performing configure step for 'glog-Debug'
#20 148.1 loading initial cache file /root/.hunter/_Base/5ead1e0/916adb4/ead1bc1/cache.cmake
#20 148.1 loading initial cache file /root/.hunter/_Base/5ead1e0/916adb4/ead1bc1/Build/glog/args.cmake
#20 148.6 -- The C compiler identification is Clang 14.0.0
#20 149.1 -- The CXX compiler identification is Clang 14.0.0
#20 149.1 -- Check for working C compiler: /usr/local/bin/clang - skipped
#20 149.1 -- Detecting C compile features
#20 149.1 -- Detecting C compile features - done
#20 149.1 -- Check for working CXX compiler: /usr/local/bin/clang++ - skipped
#20 149.1 -- Detecting CXX compile features
#20 149.1 -- Detecting CXX compile features - done
#20 149.2 -- Looking for pthread.h
#20 149.6 -- Looking for pthread.h - found
#20 149.6 -- Performing Test CMAKE_HAVE_LIBC_PTHREAD
#20 150.0 -- Performing Test CMAKE_HAVE_LIBC_PTHREAD - Success
#20 150.0 -- Found Threads: TRUE  
#20 150.0 -- Looking for dlfcn.h
#20 150.3 -- Looking for dlfcn.h - found
#20 150.3 -- Looking for execinfo.h
#20 150.7 -- Looking for execinfo.h - found
#20 150.7 -- Looking for glob.h
#20 151.0 -- Looking for glob.h - found
#20 151.0 -- Looking for inttypes.h
#20 151.4 -- Looking for inttypes.h - found
#20 151.4 -- Looking for libunwind.h
#20 151.7 -- Looking for libunwind.h - found
#20 151.7 -- Looking for memory.h
#20 152.0 -- Looking for memory.h - found
#20 152.0 -- Looking for pwd.h
#20 152.3 -- Looking for pwd.h - found
#20 152.3 -- Looking for stdint.h
#20 152.7 -- Looking for stdint.h - found
#20 152.7 -- Looking for stdlib.h
#20 153.0 -- Looking for stdlib.h - found
#20 153.0 -- Looking for string.h
#20 153.3 -- Looking for string.h - found
#20 153.3 -- Looking for strings.h
#20 153.6 -- Looking for strings.h - found
#20 153.6 -- Looking for sys/stat.h
#20 154.0 -- Looking for sys/stat.h - found
#20 154.0 -- Looking for sys/syscall.h
#20 154.3 -- Looking for sys/syscall.h - found
#20 154.3 -- Looking for sys/time.h
#20 154.6 -- Looking for sys/time.h - found
#20 154.6 -- Looking for sys/types.h
#20 154.9 -- Looking for sys/types.h - found
#20 154.9 -- Looking for sys/utsname.h
#20 155.2 -- Looking for sys/utsname.h - found
#20 155.2 -- Looking for syscall.h
#20 155.5 -- Looking for syscall.h - found
#20 155.5 -- Looking for syslog.h
#20 155.8 -- Looking for syslog.h - found
#20 155.8 -- Looking for ucontext.h
#20 156.1 -- Looking for ucontext.h - found
#20 156.1 -- Looking for unistd.h
#20 156.4 -- Looking for unistd.h - found
#20 156.4 -- Looking for unwind.h
#20 156.7 -- Looking for unwind.h - found
#20 156.7 -- Looking for C++ include ext/hash_map
#20 159.1 -- Looking for C++ include ext/hash_map - found
#20 159.1 -- Looking for C++ include ext/hash_set
#20 161.5 -- Looking for C++ include ext/hash_set - found
#20 161.5 -- Looking for C++ include ext/slist
#20 161.6 -- Looking for C++ include ext/slist - not found
#20 161.6 -- Looking for C++ include tr1/unordered_map
#20 161.6 -- Looking for C++ include tr1/unordered_map - not found
#20 161.6 -- Looking for C++ include tr1/unordered_set
#20 161.7 -- Looking for C++ include tr1/unordered_set - not found
#20 161.7 -- Looking for C++ include unordered_map
#20 163.5 -- Looking for C++ include unordered_map - found
#20 163.5 -- Looking for C++ include unordered_set
#20 165.5 -- Looking for C++ include unordered_set - found
#20 165.5 -- Looking for stddef.h
#20 165.8 -- Looking for stddef.h - found
#20 165.8 -- Check size of unsigned __int16
#20 165.9 -- Check size of unsigned __int16 - failed
#20 165.9 -- Check size of u_int16_t
#20 166.3 -- Check size of u_int16_t - done
#20 166.3 -- Check size of uint16_t
#20 166.7 -- Check size of uint16_t - done
#20 166.7 -- Looking for dladdr
#20 167.0 -- Looking for dladdr - found
#20 167.0 -- Looking for fcntl
#20 167.3 -- Looking for fcntl - found
#20 167.3 -- Looking for pread
#20 167.7 -- Looking for pread - found
#20 167.7 -- Looking for pwrite
#20 168.0 -- Looking for pwrite - found
#20 168.0 -- Looking for sigaction
#20 168.3 -- Looking for sigaction - found
#20 168.3 -- Looking for sigaltstack
#20 168.7 -- Looking for sigaltstack - found
#20 168.7 -- Performing Test HAVE_NO_DEPRECATED
#20 169.1 -- Performing Test HAVE_NO_DEPRECATED - Success
#20 169.1 -- Performing Test HAVE_NO_UNNAMED_TYPE_TEMPLATE_ARGS
#20 169.4 -- Performing Test HAVE_NO_UNNAMED_TYPE_TEMPLATE_ARGS - Success
#20 169.4 -- Looking for snprintf
#20 169.7 -- Looking for snprintf - found
#20 169.7 -- Looking for get_static_proc_name in unwind
#20 170.1 -- Looking for get_static_proc_name in unwind - not found
#20 170.1 -- Performing Test HAVE___ATTRIBUTE__
#20 170.4 -- Performing Test HAVE___ATTRIBUTE__ - Success
#20 170.4 -- Performing Test HAVE___ATTRIBUTE__VISIBILITY_DEFAULT
#20 170.8 -- Performing Test HAVE___ATTRIBUTE__VISIBILITY_DEFAULT - Success
#20 170.8 -- Performing Test HAVE___ATTRIBUTE__VISIBILITY_HIDDEN
#20 171.1 -- Performing Test HAVE___ATTRIBUTE__VISIBILITY_HIDDEN - Success
#20 171.1 -- Performing Test HAVE___BUILTIN_EXPECT
#20 171.5 -- Performing Test HAVE___BUILTIN_EXPECT - Success
#20 171.5 -- Performing Test HAVE___SYNC_VAL_COMPARE_AND_SWAP
#20 171.8 -- Performing Test HAVE___SYNC_VAL_COMPARE_AND_SWAP - Success
#20 171.8 -- Performing Test HAVE_RWLOCK
#20 172.2 -- Performing Test HAVE_RWLOCK - Success
#20 172.2 -- Performing Test HAVE___DECLSPEC
#20 172.3 -- Performing Test HAVE___DECLSPEC - Failed
#20 172.3 -- Performing Test STL_NO_NAMESPACE
#20 173.7 -- Performing Test STL_NO_NAMESPACE - Failed
#20 173.7 -- Performing Test STL_STD_NAMESPACE
#20 175.4 -- Performing Test STL_STD_NAMESPACE - Success
#20 175.4 -- Performing Test HAVE_USING_OPERATOR
#20 177.9 -- Performing Test HAVE_USING_OPERATOR - Success
#20 177.9 -- Performing Test HAVE_NAMESPACES
/bin/sh: 1: source: not found
#20 178.4 -- Performing Test HAVE_NAMESPACES - Success
#20 178.4 -- Performing Test HAVE_MSVC_TLS
#20 178.5 -- Performing Test HAVE_MSVC_TLS - Failed
#20 178.5 -- Performing Test HAVE_CXX11_TLS
#20 178.9 -- Performing Test HAVE_CXX11_TLS - Success
#20 178.9 -- Performing Test HAVE_CYGWIN_TLS
#20 179.4 -- Performing Test HAVE_CYGWIN_TLS - Success
#20 181.5 -- Configuring done
#20 181.6 -- Generating done
#20 181.6 -- Build files have been written to: /root/.hunter/_Base/5ead1e0/916adb4/ead1bc1/Build/glog/Build/glog-Debug-prefix/src/glog-Debug-build
#20 181.6 [ 87%] Performing build step for 'glog-Debug'
#20 181.6 [ 25%] Building CXX object CMakeFiles/glog.dir/src/logging.cc.o
#20 181.6 [ 25%] Building CXX object CMakeFiles/glog.dir/src/demangle.cc.o
#20 181.6 [ 37%] Building CXX object CMakeFiles/glog.dir/src/raw_logging.cc.o
#20 181.6 [ 50%] Building CXX object CMakeFiles/glog.dir/src/symbolize.cc.o
#20 181.7 [ 62%] Building CXX object CMakeFiles/glog.dir/src/utilities.cc.o
#20 181.7 [ 75%] Building CXX object CMakeFiles/glog.dir/src/vlog_is_on.cc.o
#20 181.7 [ 87%] Building CXX object CMakeFiles/glog.dir/src/signalhandler.cc.o
#1 [internal] load build definition from Dockerfile
#1 sha256:7e72ca0630d10ac41b7b1588f35866214a1bc9347bf70440982ee0002aea52e1
#1 transferring dockerfile: 32B done
#1 DONE 0.1s

#2 [internal] load .dockerignore
#2 sha256:c7e4436dc7cba96b70139634731ca18b8abf6c23043562da853fc545f18ab52c
#2 DONE 0.0s

#2 [internal] load .dockerignore
#2 sha256:c7e4436dc7cba96b70139634731ca18b8abf6c23043562da853fc545f18ab52c
#2 transferring context: 2B done
#2 DONE 0.1s

#3 [internal] load metadata for gcr.io/oss-fuzz-base/base-builder:latest
#3 sha256:f10dc39cc9d418a5bc416dead31a1902b6821fdae909cd3b08f7a3fd1faba7b5
#3 DONE 0.4s

#4 [1/7] FROM gcr.io/oss-fuzz-base/base-builder@sha256:f4e5ea12494fab091c5d830cf803b3421f2860f729b9d1b07da44924396cf8cf
#4 sha256:ef290950573a2779ee526af357b28fbddfc20d7409aa51f58f777c9e972cba29
#4 CACHED

#10 importing cache manifest from gcr.io/fuzzbench/builders/benchmark/myanmar-tools_myanmar-tools
#10 sha256:6d24aaaef7a4e4f20e45ae36df8121924f0aa026ef79e1f74b113ccad525a46d
#10 DONE 0.0s

#8 [internal] load build context
#8 sha256:6b1e579903b44ebdf458358ed6a6a279172ada813e98908373930f93ab942bfa
#8 transferring context: 30B done
#8 DONE 0.0s

#5 [2/5] RUN apt-get update && apt-get -y install     build-essential     cmake     libunwind-dev
#5 sha256:2ac087c6eae8db3028482439dae4b168ca94fb1a8e0859e39f912a2b72ce35c5
#5 CACHED

#7 [4/5] WORKDIR /src/myanmar-tools
#7 sha256:3e2756d870276321127f9ca81c40449cbd1fddc6be546b23975de3e3a463e941
#7 CACHED

#6 [3/5] RUN git clone https://github.com/google/myanmar-tools.git
#6 sha256:1988b252553b17e4c2fcee2eb5558c209251d9101802de5399593a1b3b039bda
#6 CACHED

#9 [5/5] COPY build.sh /src/
#9 sha256:fc927b8e32def10c30f84c218421133e0f38e69625b27d6b7570a0d7a1c6fb46
#9 CACHED

#11 exporting to image
#11 sha256:e8c613e07b0b7ff33893b694f7759a10d42e180f2b4dc349fb57dc6b71dcab00
#11 exporting layers done
#11 writing image sha256:cfd8ba4f933d9a2003c9a8ca72f2e7ba5fc4d316a65ccb2351d99a4fec9de092 done
#11 naming to gcr.io/fuzzbench/builders/benchmark/myanmar-tools_myanmar-tools done
#11 DONE 0.1s

#12 exporting cache
#12 sha256:2700d4ef94dee473593c5c614b55b2dedcca7893909811a8f2b48291a1f581e4
#12 preparing build cache for export done
#12 DONE 0.0s
#20 185.5 /root/.hunter/_Base/5ead1e0/916adb4/ead1bc1/Build/glog/Source/src/logging.cc:1158:8: warning: unknown attribute 'thread' ignored [-Wunknown-attributes]
#20 185.5 static GLOG_THREAD_LOCAL_STORAGE bool thread_data_available = true;
#20 185.5        ^~~~~~~~~~~~~~~~~~~~~~~~~
#20 185.5 /root/.hunter/_Base/5ead1e0/916adb4/ead1bc1/Build/glog/Build/glog-Debug-prefix/src/glog-Debug-build/config.h:178:50: note: expanded from macro 'GLOG_THREAD_LOCAL_STORAGE'
#20 185.5 #define GLOG_THREAD_LOCAL_STORAGE __attribute__((thread))
#20 185.5                                                  ^~~~~~
#20 185.5 /root/.hunter/_Base/5ead1e0/916adb4/ead1bc1/Build/glog/Source/src/logging.cc:1159:8: warning: unknown attribute 'thread' ignored [-Wunknown-attributes]
#20 185.5 static GLOG_THREAD_LOCAL_STORAGE LogMessage::LogMessageData thread_msg_data;
#20 185.5        ^~~~~~~~~~~~~~~~~~~~~~~~~
#20 185.5 /root/.hunter/_Base/5ead1e0/916adb4/ead1bc1/Build/glog/Build/glog-Debug-prefix/src/glog-Debug-build/config.h:178:50: note: expanded from macro 'GLOG_THREAD_LOCAL_STORAGE'
#20 185.5 #define GLOG_THREAD_LOCAL_STORAGE __attribute__((thread))
#20 185.5                                                  ^~~~~~
#1 [internal] load build definition from builder.Dockerfile
#1 sha256:1270ccd0d4ab924171d714938303f8d903eee564fa9bde23bc0e487219268326
#1 transferring dockerfile: 46B done
#1 DONE 0.0s

#2 [internal] load .dockerignore
#2 sha256:25e638e81b3f31dd90c7d7d379986adb231cffa776689676f60c8df5c88d2ba0
#2 transferring context: 2B done
#2 DONE 0.1s

#3 [internal] load metadata for gcr.io/fuzzbench/builders/benchmark/myanmar-tools_myanmar-tools:latest
#3 sha256:1f7266f52ca150601dedf92850a447b96490b291ad02cca40b7b9ab561857a5a
#3 DONE 0.0s

#4 importing cache manifest from gcr.io/fuzzbench/builders/afl/myanmar-tools_myanmar-tools-intermediate
#4 sha256:34f625eb0a9250faec5e047740b1f5960336a973dddf7dff85fd5ce27b3cba19
#4 DONE 0.0s

#5 [1/3] FROM gcr.io/fuzzbench/builders/benchmark/myanmar-tools_myanmar-tools
#5 sha256:d187ac706080266ba06d065f0c3f27c48df1650eea454a532c8f460067480748
#5 DONE 0.0s

#6 [2/3] RUN git clone https://github.com/google/AFL.git /afl &&     cd /afl &&     git checkout 61037103ae3722c8060ff7082994836a794f978e &&     AFL_NO_X86=1 make
#6 sha256:015441b91a9e9f4e5269e28ec3cd109855c3a80b968a311e1733efa5df42e332
#6 CACHED

#7 [3/3] RUN apt-get update &&     apt-get install wget -y &&     wget https://raw.githubusercontent.com/llvm/llvm-project/5feb80e748924606531ba28c97fe65145c65372e/compiler-rt/lib/fuzzer/afl/afl_driver.cpp -O /afl/afl_driver.cpp &&     clang -Wno-pointer-sign -c /afl/llvm_mode/afl-llvm-rt.o.c -I/afl &&     clang++ -stdlib=libc++ -std=c++11 -O2 -c /afl/afl_driver.cpp &&     ar r /libAFL.a *.o
#7 sha256:99d62218c32273a73cf4d24211e5ed7ecf1848cee8cd40891d4a71a70946ce83
#7 CACHED

#8 exporting to image
#8 sha256:e8c613e07b0b7ff33893b694f7759a10d42e180f2b4dc349fb57dc6b71dcab00
#8 exporting layers done
#8 writing image sha256:bd3e04c77b71907a782da3bb659143fa607a28296384f6191f455d17e261690b done
#8 naming to gcr.io/fuzzbench/builders/afl/myanmar-tools_myanmar-tools-intermediate done
#8 DONE 0.1s

#9 exporting cache
#9 sha256:2700d4ef94dee473593c5c614b55b2dedcca7893909811a8f2b48291a1f581e4
#9 preparing build cache for export done
#9 DONE 0.0s
#2 [internal] load .dockerignore
#2 sha256:dab551d4d29a2d55f73153fe93522578d82cf21d513626d32907a83e92c462fc
#2 transferring context: 34B done
#2 ...

#1 [internal] load build definition from Dockerfile
#1 sha256:d02b76f457d7a38f4db4a5bbcfb1f16ee0ec8bb34efea42604aed05bd866db1d
#1 transferring dockerfile: 2.00kB done
#1 DONE 0.6s

#2 [internal] load .dockerignore
#2 sha256:dab551d4d29a2d55f73153fe93522578d82cf21d513626d32907a83e92c462fc
#2 DONE 0.6s

#3 [internal] load metadata for docker.io/library/ubuntu:xenial
#3 sha256:f62bae18ed588840f045c881b2502661f2a89578a2f8f99b83f5200ee83dd25b
#3 DONE 0.0s

#5 [1/7] FROM docker.io/library/ubuntu:xenial
#5 sha256:14dd403f25ae9e519bd44f27dc17af7ce80f5a4f9f48ca88108364e67ec5d360
#5 DONE 0.0s

#4 importing cache manifest from gcr.io/fuzzbench/base-image
#4 sha256:9b220ebb4d4daceed1b96df9b6dca076e762f1cd612574f010b82d5b9e5ad896
#4 DONE 0.0s

#8 [internal] load build context
#8 sha256:35b22692f0e11cf09c79b7bb89dfa239bdc71fef92df5b4671be93b5803961f0
#8 transferring context: 559B 0.0s done
#8 DONE 0.1s

#11 [6/7] RUN apt-get update -y && apt-get install -y     apt-transport-https     lsb-release
#11 sha256:0e0596e1a5f88dfa48ea8818550cfe56490725956736bab95b28d1872195dc67
#11 CACHED

#10 [5/7] RUN pip3 install -r /requirements.txt
#10 sha256:ba55fe19d04868f27ddf0defcbb264d2bca2b409b833354e5c0a42933ee59a3b
#10 CACHED

#6 [2/7] RUN apt-get update -y && apt-get install -y     build-essential     rsync     curl     zlib1g-dev     libncurses5-dev     libgdbm-dev     libnss3-dev     libssl-dev     libreadline-dev     libffi-dev     virtualenv     libbz2-dev     liblzma-dev     libsqlite3-dev
#6 sha256:3a1b0960f17eed529eaae93dc8fd3554f2743dd584d8fa569cdbe6bc734371ac
#6 CACHED

#7 [3/7] RUN cd /tmp/ &&     curl -O https://www.python.org/ftp/python/3.8.6/Python-3.8.6.tar.xz &&     tar -xvf Python-3.8.6.tar.xz &&     cd Python-3.8.6 &&     ./configure --enable-loadable-sqlite-extensions --enable-optimizations &&     make -j install &&     rm -r /tmp/Python-3.8.6.tar.xz /tmp/Python-3.8.6
#7 sha256:c5b9d1fb3371e84dbc60b76e7b2f8d5913bc93bcd4910ab65daa03e7b2ec4bb0
#7 CACHED

#9 [4/7] COPY ./requirements.txt /
#9 sha256:0625e1be4173eb6f42b2747bdbc97c1072a0924806089e3ae6c340ac483aae50
#9 CACHED

#12 [7/7] RUN CLOUD_SDK_REPO="cloud-sdk-$(lsb_release -c -s)" &&     echo "deb https://packages.cloud.google.com/apt $CLOUD_SDK_REPO main"     | tee -a /etc/apt/sources.list.d/google-cloud-sdk.list &&     curl https://packages.cloud.google.com/apt/doc/apt-key.gpg     | apt-key add - &&     apt-get update -y &&     apt-get install -y google-cloud-sdk
#12 sha256:a3e186edf2b75aeeeca5124592737798f45b4bb64ebe31b7cf6e2e9b7d39f0d9
#12 CACHED

#13 exporting to image
#13 sha256:e8c613e07b0b7ff33893b694f7759a10d42e180f2b4dc349fb57dc6b71dcab00
#13 exporting layers done
#13 writing image sha256:3e04b5fd0a277df2bc5cd3367dbf9178b152077681f3e4447621291a56e5d56f done
#13 naming to gcr.io/fuzzbench/base-image done
#13 DONE 0.0s

#14 exporting cache
#14 sha256:2700d4ef94dee473593c5c614b55b2dedcca7893909811a8f2b48291a1f581e4
#14 preparing build cache for export done
#14 DONE 0.0s
#20 188.6 2 warnings generated.
#20 188.6 [100%] Linking CXX static library libglogd.a
#20 188.6 [100%] Built target glog
#20 188.6 [ 93%] Performing install step for 'glog-Debug'
#20 188.7 Consolidate compiler generated dependencies of target glog
#20 188.7 [100%] Built target glog
#1 [internal] load build definition from Dockerfile
#1 sha256:20893a2c44d03864dafc881e2dfca5abad136ae784749781a21f4d7691bfaaac
#1 transferring dockerfile: 2.22kB done
#1 DONE 0.0s

#2 [internal] load .dockerignore
#2 sha256:5fa11735aee18ce93e0228043022e86c810268db0f2df5295e906e3264b948dd
#2 transferring context: 34B done
#2 DONE 0.0s

#3 [internal] load metadata for gcr.io/fuzzbench/base-image:latest
#3 sha256:932022888f650cc455b10eb5123bb08c0cccacac29a693e69314abbfd28a72c3
#20 188.7 Install the project...
#20 188.7 -- Install configuration: "Debug"
#20 188.7 -- Installing: /root/.hunter/_Base/5ead1e0/916adb4/ead1bc1/Build/glog/Install/lib/libglogd.a
#20 188.7 -- Installing: /root/.hunter/_Base/5ead1e0/916adb4/ead1bc1/Build/glog/Install/include/glog/config.h
#20 188.7 -- Installing: /root/.hunter/_Base/5ead1e0/916adb4/ead1bc1/Build/glog/Install/include/glog/logging.h
#20 188.7 -- Installing: /root/.hunter/_Base/5ead1e0/916adb4/ead1bc1/Build/glog/Install/include/glog/raw_logging.h
#20 188.7 -- Installing: /root/.hunter/_Base/5ead1e0/916adb4/ead1bc1/Build/glog/Install/include/glog/stl_logging.h
#20 188.7 -- Installing: /root/.hunter/_Base/5ead1e0/916adb4/ead1bc1/Build/glog/Install/include/glog/vlog_is_on.h
#20 188.7 -- Up-to-date: /root/.hunter/_Base/5ead1e0/916adb4/ead1bc1/Build/glog/Install/include/glog/log_severity.h
#20 188.7 -- Installing: /root/.hunter/_Base/5ead1e0/916adb4/ead1bc1/Build/glog/Install/lib/cmake/glog/glog-config.cmake
#20 188.7 -- Installing: /root/.hunter/_Base/5ead1e0/916adb4/ead1bc1/Build/glog/Install/lib/cmake/glog/glog-config-version.cmake
#20 188.7 -- Installing: /root/.hunter/_Base/5ead1e0/916adb4/ead1bc1/Build/glog/Install/lib/cmake/glog/glog-targets.cmake
#20 188.7 -- Installing: /root/.hunter/_Base/5ead1e0/916adb4/ead1bc1/Build/glog/Install/lib/cmake/glog/glog-targets-debug.cmake
#20 188.7 loading initial cache file /root/.hunter/_Base/5ead1e0/916adb4/ead1bc1/Build/glog/args.cmake
#20 188.7 [100%] Completed 'glog-Debug'
#20 188.8 [100%] Built target glog-Debug
#20 188.8 -- [hunter] Build step successful (dir: /root/.hunter/_Base/5ead1e0/916adb4/ead1bc1/Build/glog)
#3 DONE 0.0s

#7 [base-image 1/1] FROM gcr.io/fuzzbench/base-image
#7 sha256:4d07825694520f8b6f6a0d8592dbd345433361ae044cb7f06706c5a95e3daaad
#7 CACHED

#6 [stage-1  1/13] FROM gcr.io/fuzzbench/builders/afl/myanmar-tools_myanmar-tools-intermediate
#6 sha256:e115ab94d89a8ea1be910b768c7b45dc60bb995a78b8070a9cfa3c9c4e9cf395
#6 DONE 0.3s

#8 [stage-1  2/13] COPY --from=base-image /usr/local/bin/python3* /usr/local/bin/
#8 sha256:6f04e6d0ed6b9ffa89b360180bc9a23e97f8cee5e710d345a40775d8b72ba2d3
#8 DONE 0.8s

#9 [stage-1  3/13] COPY --from=base-image /usr/local/lib/python3.8 /usr/local/lib/python3.8
#9 sha256:2c68bdf53b1d35b7cbf9c0f925cce0449489153be1d1fb58e5c09926c0d174a9
#9 DONE 19.6s

#10 [stage-1  4/13] COPY --from=base-image /usr/local/include/python3.8 /usr/local/include/python3.8
#10 sha256:12f87fa0ea8d7130b8080bd0f8acc58b694bc8e6fe12f4b98aee8fd1103c1379
#10 DONE 0.6s

#11 [stage-1  5/13] COPY --from=base-image /usr/local/lib/python3.8/site-packages /usr/local/lib/python3.8/site-packages
#11 sha256:e3254c7b8bdaf59f5cbf0ac5af90c085c6258679768226ba95c8665aefc97afc
#11 DONE 21.2s

#4 [internal] load metadata for gcr.io/fuzzbench/builders/afl/myanmar-tools_myanmar-tools-intermediate:latest
#4 sha256:d14b077f88900ad073f19b68ac1c48b350353700abef99877037b64d8678dda3
#4 DONE 0.0s

#12 [internal] load build context
#12 sha256:5adeff09eebabe50c4e2b82ae8b50a4323f4c3a6e9d121dc59e2495979976c8e
#12 DONE 0.0s

#5 importing cache manifest from gcr.io/fuzzbench/builders/afl/myanmar-tools_myanmar-tools
#5 sha256:d6528de137e59011c8461ac929ee2ac9014fb3e9de62381831e0cfba112a0203
#20 189.1 -- [hunter] Cache saved: /root/.hunter/_Base/Cache/raw/1d3508ea09cc586197bfe2ec992bc298f051a2ed.tar.bz2
#5 ERROR: gcr.io/fuzzbench/builders/afl/myanmar-tools_myanmar-tools:latest: not found

#12 [internal] load build context
#12 sha256:5adeff09eebabe50c4e2b82ae8b50a4323f4c3a6e9d121dc59e2495979976c8e
#12 transferring context: 669.90kB 0.1s done
#12 DONE 0.2s
#20 189.6 -- Downloading and extracting ICU4C...
#20 192.9 -- Configuring done
#20 192.9 -- Generating done
#20 192.9 -- Build files have been written to: /src/myanmar-tools/clients/cpp/build
#20 192.9 + make all
#20 192.9 /usr/local/bin/cmake -S/src/myanmar-tools/clients/cpp -B/src/myanmar-tools/clients/cpp/build --check-build-system CMakeFiles/Makefile.cmake 0
#20 192.9 /usr/local/bin/cmake -E cmake_progress_start /src/myanmar-tools/clients/cpp/build/CMakeFiles /src/myanmar-tools/clients/cpp/build//CMakeFiles/progress.marks
#20 192.9 make  -f CMakeFiles/Makefile2 all
#20 192.9 make[1]: Entering directory '/src/myanmar-tools/clients/cpp/build'
#20 192.9 make  -f CMakeFiles/build_model_inc.dir/build.make CMakeFiles/build_model_inc.dir/depend
#20 192.9 make[2]: Entering directory '/src/myanmar-tools/clients/cpp/build'
#20 192.9 cd /src/myanmar-tools/clients/cpp/build && /usr/local/bin/cmake -E cmake_depends "Unix Makefiles" /src/myanmar-tools/clients/cpp /src/myanmar-tools/clients/cpp /src/myanmar-tools/clients/cpp/build /src/myanmar-tools/clients/cpp/build /src/myanmar-tools/clients/cpp/build/CMakeFiles/build_model_inc.dir/DependInfo.cmake --color=
#20 192.9 make[2]: Leaving directory '/src/myanmar-tools/clients/cpp/build'
#20 192.9 make  -f CMakeFiles/build_model_inc.dir/build.make CMakeFiles/build_model_inc.dir/build
#20 193.0 make[2]: Entering directory '/src/myanmar-tools/clients/cpp/build'
#20 193.0 [ 11%] Building CXX object CMakeFiles/build_model_inc.dir/build_model_inc.cpp.o
#20 193.0 /usr/local/bin/clang++  -I/src/myanmar-tools/clients/cpp/myanmartools -I/src/myanmar-tools/clients/cpp/build -I/src/myanmar-tools/clients/cpp/build/_3rdParty/icu/source/common -DFUZZING_BUILD_MODE_UNSAFE_FOR_PRODUCTION -pthread -Wl,--no-as-needed -Wl,-ldl -Wl,-lm -Wno-unused-command-line-argument -stdlib=libc++ -O3 -fsanitize-coverage=trace-pc-guard -std=gnu++11 -MD -MT CMakeFiles/build_model_inc.dir/build_model_inc.cpp.o -MF CMakeFiles/build_model_inc.dir/build_model_inc.cpp.o.d -o CMakeFiles/build_model_inc.dir/build_model_inc.cpp.o -c /src/myanmar-tools/clients/cpp/build_model_inc.cpp
#20 195.0 [ 22%] Linking CXX executable build_model_inc
#20 195.0 /usr/local/bin/cmake -E cmake_link_script CMakeFiles/build_model_inc.dir/link.txt --verbose=1
#20 195.0 /usr/local/bin/clang++ -DFUZZING_BUILD_MODE_UNSAFE_FOR_PRODUCTION -pthread -Wl,--no-as-needed -Wl,-ldl -Wl,-lm -Wno-unused-command-line-argument -stdlib=libc++ -O3 -fsanitize-coverage=trace-pc-guard -rdynamic CMakeFiles/build_model_inc.dir/build_model_inc.cpp.o -o build_model_inc  -lpthread 
#20 195.2 make[2]: Leaving directory '/src/myanmar-tools/clients/cpp/build'
#20 195.2 [ 22%] Built target build_model_inc
#20 195.2 make  -f CMakeFiles/myanmartools.dir/build.make CMakeFiles/myanmartools.dir/depend
#20 195.3 make[2]: Entering directory '/src/myanmar-tools/clients/cpp/build'
#20 195.3 [ 33%] Generating zawgyi_model_data.inc
#20 195.3 ./build_model_inc /src/myanmar-tools/clients/cpp/resources/zawgyiUnicodeModel.dat zawgyi_model_data.inc
#20 195.3 cd /src/myanmar-tools/clients/cpp/build && /usr/local/bin/cmake -E cmake_depends "Unix Makefiles" /src/myanmar-tools/clients/cpp /src/myanmar-tools/clients/cpp /src/myanmar-tools/clients/cpp/build /src/myanmar-tools/clients/cpp/build /src/myanmar-tools/clients/cpp/build/CMakeFiles/myanmartools.dir/DependInfo.cmake --color=
#20 195.3 make[2]: Leaving directory '/src/myanmar-tools/clients/cpp/build'
#20 195.3 make  -f CMakeFiles/myanmartools.dir/build.make CMakeFiles/myanmartools.dir/build
#20 195.3 make[2]: Entering directory '/src/myanmar-tools/clients/cpp/build'
#20 195.3 [ 44%] Building CXX object CMakeFiles/myanmartools.dir/zawgyi_detector.cpp.o
#20 195.3 /usr/local/bin/clang++ -DGOOGLE_GLOG_DLL_DECL="" -Dmyanmartools_EXPORTS -I/src/myanmar-tools/clients/cpp/myanmartools -I/src/myanmar-tools/clients/cpp/build -I/src/myanmar-tools/clients/cpp/build/_3rdParty/icu/source/common -isystem /root/.hunter/_Base/5ead1e0/916adb4/ead1bc1/Install/include -DFUZZING_BUILD_MODE_UNSAFE_FOR_PRODUCTION -pthread -Wl,--no-as-needed -Wl,-ldl -Wl,-lm -Wno-unused-command-line-argument -stdlib=libc++ -O3 -fsanitize-coverage=trace-pc-guard -fPIC -std=gnu++11 -MD -MT CMakeFiles/myanmartools.dir/zawgyi_detector.cpp.o -MF CMakeFiles/myanmartools.dir/zawgyi_detector.cpp.o.d -o CMakeFiles/myanmartools.dir/zawgyi_detector.cpp.o -c /src/myanmar-tools/clients/cpp/zawgyi_detector.cpp
#20 197.0 [ 55%] Linking CXX shared library libmyanmartools.so
#20 197.0 /usr/local/bin/cmake -E cmake_link_script CMakeFiles/myanmartools.dir/link.txt --verbose=1
#20 197.0 /usr/local/bin/clang++ -fPIC -DFUZZING_BUILD_MODE_UNSAFE_FOR_PRODUCTION -pthread -Wl,--no-as-needed -Wl,-ldl -Wl,-lm -Wno-unused-command-line-argument -stdlib=libc++ -O3 -fsanitize-coverage=trace-pc-guard -shared -Wl,-soname,libmyanmartools.so -o libmyanmartools.so CMakeFiles/myanmartools.dir/zawgyi_detector.cpp.o  /root/.hunter/_Base/5ead1e0/916adb4/ead1bc1/Install/lib/libglogd.a -lunwind 
#20 197.3 make[2]: Leaving directory '/src/myanmar-tools/clients/cpp/build'
#20 197.3 [ 55%] Built target myanmartools
#20 197.3 make  -f CMakeFiles/myanmartools_c_test.dir/build.make CMakeFiles/myanmartools_c_test.dir/depend
#20 197.3 make[2]: Entering directory '/src/myanmar-tools/clients/cpp/build'
#20 197.3 cd /src/myanmar-tools/clients/cpp/build && /usr/local/bin/cmake -E cmake_depends "Unix Makefiles" /src/myanmar-tools/clients/cpp /src/myanmar-tools/clients/cpp /src/myanmar-tools/clients/cpp/build /src/myanmar-tools/clients/cpp/build /src/myanmar-tools/clients/cpp/build/CMakeFiles/myanmartools_c_test.dir/DependInfo.cmake --color=
#20 197.3 make[2]: Leaving directory '/src/myanmar-tools/clients/cpp/build'
#20 197.3 make  -f CMakeFiles/myanmartools_c_test.dir/build.make CMakeFiles/myanmartools_c_test.dir/build
#20 197.3 make[2]: Entering directory '/src/myanmar-tools/clients/cpp/build'
#20 197.3 [ 66%] Building C object CMakeFiles/myanmartools_c_test.dir/zawgyi_detector_unittest.c.o
#20 197.3 /usr/local/bin/clang -DGOOGLE_GLOG_DLL_DECL="" -I/src/myanmar-tools/clients/cpp/myanmartools -I/src/myanmar-tools/clients/cpp/build -I/src/myanmar-tools/clients/cpp/build/_3rdParty/icu/source/common -isystem /root/.hunter/_Base/5ead1e0/916adb4/ead1bc1/Install/include -DFUZZING_BUILD_MODE_UNSAFE_FOR_PRODUCTION -pthread -Wl,--no-as-needed -Wl,-ldl -Wl,-lm -Wno-unused-command-line-argument -O3 -fsanitize-coverage=trace-pc-guard -MD -MT CMakeFiles/myanmartools_c_test.dir/zawgyi_detector_unittest.c.o -MF CMakeFiles/myanmartools_c_test.dir/zawgyi_detector_unittest.c.o.d -o CMakeFiles/myanmartools_c_test.dir/zawgyi_detector_unittest.c.o -c /src/myanmar-tools/clients/cpp/zawgyi_detector_unittest.c
#20 197.3 [ 77%] Linking CXX executable myanmartools_c_test
#20 197.3 /usr/local/bin/cmake -E cmake_link_script CMakeFiles/myanmartools_c_test.dir/link.txt --verbose=1
#20 197.3 /usr/local/bin/clang++ -DFUZZING_BUILD_MODE_UNSAFE_FOR_PRODUCTION -pthread -Wl,--no-as-needed -Wl,-ldl -Wl,-lm -Wno-unused-command-line-argument -stdlib=libc++ -O3 -fsanitize-coverage=trace-pc-guard -rdynamic CMakeFiles/myanmartools_c_test.dir/zawgyi_detector_unittest.c.o -o myanmartools_c_test  -Wl,-rpath,/src/myanmar-tools/clients/cpp/build libmyanmartools.so /root/.hunter/_Base/5ead1e0/916adb4/ead1bc1/Install/lib/libglogd.a -lunwind 
#20 197.5 make[2]: Leaving directory '/src/myanmar-tools/clients/cpp/build'
#20 197.5 [ 77%] Built target myanmartools_c_test
#20 197.5 make  -f CMakeFiles/myanmartools_test.dir/build.make CMakeFiles/myanmartools_test.dir/depend
#20 197.5 make[2]: Entering directory '/src/myanmar-tools/clients/cpp/build'
#20 197.5 cd /src/myanmar-tools/clients/cpp/build && /usr/local/bin/cmake -E cmake_depends "Unix Makefiles" /src/myanmar-tools/clients/cpp /src/myanmar-tools/clients/cpp /src/myanmar-tools/clients/cpp/build /src/myanmar-tools/clients/cpp/build /src/myanmar-tools/clients/cpp/build/CMakeFiles/myanmartools_test.dir/DependInfo.cmake --color=
#20 197.5 make[2]: Leaving directory '/src/myanmar-tools/clients/cpp/build'
#20 197.5 make  -f CMakeFiles/myanmartools_test.dir/build.make CMakeFiles/myanmartools_test.dir/build
#20 197.5 make[2]: Entering directory '/src/myanmar-tools/clients/cpp/build'
#20 197.5 [ 88%] Building CXX object CMakeFiles/myanmartools_test.dir/zawgyi_detector_unittest.cpp.o
#20 197.5 /usr/local/bin/clang++ -DGOOGLE_GLOG_DLL_DECL="" -I/src/myanmar-tools/clients/cpp/myanmartools -I/src/myanmar-tools/clients/cpp/build -I/src/myanmar-tools/clients/cpp/build/_3rdParty/icu/source/common -isystem /root/.hunter/_Base/5ead1e0/916adb4/ead1bc1/Install/include -DFUZZING_BUILD_MODE_UNSAFE_FOR_PRODUCTION -pthread -Wl,--no-as-needed -Wl,-ldl -Wl,-lm -Wno-unused-command-line-argument -stdlib=libc++ -O3 -fsanitize-coverage=trace-pc-guard -std=gnu++11 -MD -MT CMakeFiles/myanmartools_test.dir/zawgyi_detector_unittest.cpp.o -MF CMakeFiles/myanmartools_test.dir/zawgyi_detector_unittest.cpp.o.d -o CMakeFiles/myanmartools_test.dir/zawgyi_detector_unittest.cpp.o -c /src/myanmar-tools/clients/cpp/zawgyi_detector_unittest.cpp
#20 200.3 [100%] Linking CXX executable myanmartools_test
#20 200.3 /usr/local/bin/cmake -E cmake_link_script CMakeFiles/myanmartools_test.dir/link.txt --verbose=1
#20 200.3 /usr/local/bin/clang++ -DFUZZING_BUILD_MODE_UNSAFE_FOR_PRODUCTION -pthread -Wl,--no-as-needed -Wl,-ldl -Wl,-lm -Wno-unused-command-line-argument -stdlib=libc++ -O3 -fsanitize-coverage=trace-pc-guard -rdynamic CMakeFiles/myanmartools_test.dir/zawgyi_detector_unittest.cpp.o -o myanmartools_test  -Wl,-rpath,/src/myanmar-tools/clients/cpp/build libmyanmartools.so /root/.hunter/_Base/5ead1e0/916adb4/ead1bc1/Install/lib/libgtest_maind.a /root/.hunter/_Base/5ead1e0/916adb4/ead1bc1/Install/lib/libglogd.a -lunwind /root/.hunter/_Base/5ead1e0/916adb4/ead1bc1/Install/lib/libgtestd.a 
#20 200.5 make[2]: Leaving directory '/src/myanmar-tools/clients/cpp/build'
#20 200.5 [100%] Built target myanmartools_test
#20 200.5 make[1]: Leaving directory '/src/myanmar-tools/clients/cpp/build'
#20 200.5 /usr/local/bin/cmake -E cmake_progress_start /src/myanmar-tools/clients/cpp/build/CMakeFiles 0
#20 200.5 + mkdir -p /out/lib
#20 200.5 + cp libmyanmartools.so /out/lib
#20 200.6 + cp /usr/lib/x86_64-linux-gnu/libunwind.so.8 /out/lib/
#20 200.6 + clang++ -DFUZZING_BUILD_MODE_UNSAFE_FOR_PRODUCTION -pthread -Wl,--no-as-needed -Wl,-ldl -Wl,-lm -Wno-unused-command-line-argument -stdlib=libc++ -O3 -fsanitize-coverage=trace-pc-guard -std=c++11 -I../public -L/out/lib '-Wl,-rpath,$ORIGIN/lib' -lmyanmartools -o /out/zawgyi_detector_fuzz_target ../zawgyi_detector_fuzz_target.cpp /libAFL.a
#20 200.7 [post_build] Copying afl-fuzz to $OUT directory
#20 DONE 202.6s

#21 exporting to image
#21 sha256:e8c613e07b0b7ff33893b694f7759a10d42e180f2b4dc349fb57dc6b71dcab00
#21 exporting layers done
#21 writing image sha256:2af908c76dd769136a513985013a42d6304d4a6928703b2854cde8dfaa19f08c
#21 writing image sha256:2af908c76dd769136a513985013a42d6304d4a6928703b2854cde8dfaa19f08c 0.0s done
#21 naming to gcr.io/fuzzbench/builders/afl/myanmar-tools_myanmar-tools done
#21 DONE 0.1s

#22 exporting cache
#22 sha256:2700d4ef94dee473593c5c614b55b2dedcca7893909811a8f2b48291a1f581e4
#22 preparing build cache for export 0.0s done
#22 DONE 0.0s
------
 > importing cache manifest from gcr.io/fuzzbench/builders/afl/myanmar-tools_myanmar-tools:
------

#21 exporting to image
#21 sha256:e8c613e07b0b7ff33893b694f7759a10d42e180f2b4dc349fb57dc6b71dcab00
#21 exporting layers done
#21 writing image sha256:2af908c76dd769136a513985013a42d6304d4a6928703b2854cde8dfaa19f08c done
#21 naming to gcr.io/fuzzbench/builders/afl/myanmar-tools_myanmar-tools done
#21 DONE 0.2s

#22 exporting cache
#22 sha256:2700d4ef94dee473593c5c614b55b2dedcca7893909811a8f2b48291a1f581e4
#22 preparing build cache for export done
#22 DONE 0.0s
------
 > importing cache manifest from gcr.io/fuzzbench/builders/afl/myanmar-tools_myanmar-tools:
------
#2 [internal] load .dockerignore
#2 sha256:37817ea62baa9fc33f8a60b8fa7f59660f70242787c86194812ce2cf57f1deca
#2 transferring context: 2B done
#2 DONE 0.1s

#1 [internal] load build definition from runner.Dockerfile
#1 sha256:4edd80c8305fdaa1769487196c09203a8fbded06b0e8a407c9cf36558fc338f5
#1 transferring dockerfile: 656B done
#2 [internal] load .dockerignore
#2 sha256:1db717f0103f1ca1793ed6d52fbc48243695105078076d0dcca45d743e43ba42
#1 DONE 0.2s
#2 transferring context: 2B done
#2 DONE 0.2s

#1 [internal] load build definition from runner.Dockerfile
#1 sha256:1709d050228a77df066adca537980a32f5790ee6f49b4f2d107f0b3b537101e4
#1 transferring dockerfile: 45B done
#1 DONE 0.2s

#3 [internal] load metadata for gcr.io/fuzzbench/base-image:latest
#3 sha256:932022888f650cc455b10eb5123bb08c0cccacac29a693e69314abbfd28a72c3
#3 DONE 0.0s

#5 [1/1] FROM gcr.io/fuzzbench/base-image
#5 sha256:4d07825694520f8b6f6a0d8592dbd345433361ae044cb7f06706c5a95e3daaad
#5 DONE 0.0s

#4 importing cache manifest from gcr.io/fuzzbench/runners/afl/myanmar-tools_myanmar-tools-intermediate
#4 sha256:b85aca2032f9516a4d74c146ed7b7ff54bd3f1c894cf429da7f3be71ebf28f26
#4 ERROR: gcr.io/fuzzbench/runners/afl/myanmar-tools_myanmar-tools-intermediate:latest: not found

#5 [1/1] FROM gcr.io/fuzzbench/base-image
#5 sha256:4d07825694520f8b6f6a0d8592dbd345433361ae044cb7f06706c5a95e3daaad
#5 CACHED

#6 exporting to image
#6 sha256:e8c613e07b0b7ff33893b694f7759a10d42e180f2b4dc349fb57dc6b71dcab00
#6 exporting layers done
#6 writing image sha256:4efbd5e416c83953b598ff82cefe236e4f25c5eeda46088ba83e35554e2d5ee7 done
#6 naming to gcr.io/fuzzbench/runners/afl/myanmar-tools_myanmar-tools-intermediate done
#6 DONE 0.1s

#7 exporting cache
#7 sha256:2700d4ef94dee473593c5c614b55b2dedcca7893909811a8f2b48291a1f581e4
#7 preparing build cache for export done
#7 DONE 0.0s
------
 > importing cache manifest from gcr.io/fuzzbench/runners/afl/myanmar-tools_myanmar-tools-intermediate:
------

#3 [internal] load metadata for gcr.io/fuzzbench/base-image:latest
#3 sha256:932022888f650cc455b10eb5123bb08c0cccacac29a693e69314abbfd28a72c3
#3 DONE 0.0s

#5 importing cache manifest from gcr.io/fuzzbench/runners/afl/myanmar-tools_myanmar-tools-intermediate
#5 sha256:b85aca2032f9516a4d74c146ed7b7ff54bd3f1c894cf429da7f3be71ebf28f26
#5 DONE 0.0s

#4 [1/1] FROM gcr.io/fuzzbench/base-image
#4 sha256:4d07825694520f8b6f6a0d8592dbd345433361ae044cb7f06706c5a95e3daaad
#4 CACHED

#6 exporting to image
#6 sha256:e8c613e07b0b7ff33893b694f7759a10d42e180f2b4dc349fb57dc6b71dcab00
#6 exporting layers done
#6 writing image sha256:4efbd5e416c83953b598ff82cefe236e4f25c5eeda46088ba83e35554e2d5ee7
#6 writing image sha256:4efbd5e416c83953b598ff82cefe236e4f25c5eeda46088ba83e35554e2d5ee7 done
#6 naming to gcr.io/fuzzbench/runners/afl/myanmar-tools_myanmar-tools-intermediate done
#6 DONE 0.0s

#7 exporting cache
#7 sha256:2700d4ef94dee473593c5c614b55b2dedcca7893909811a8f2b48291a1f581e4
#7 preparing build cache for export done
#7 DONE 0.0s
#1 [internal] load build definition from Dockerfile
#1 sha256:60f9ce7a823fda347d54d3eeb1634cb9508772d2c31149293297144671d6938a
#1 transferring dockerfile: 3.17kB done
#1 DONE 0.0s

#2 [internal] load .dockerignore
#2 sha256:94ec102c578a4aa4612c2d752a63610b73890211e6e97b9de91220fc4d2bd50e
#2 transferring context: 32B 0.0s
#2 transferring context: 34B 0.0s done
#2 DONE 0.0s
#1 [internal] load build definition from Dockerfile
#1 sha256:ea032df9e1d6b570049c9be7e80af8a8ca4a63c86c260c5d4760647bb7044d0b
#1 transferring dockerfile: 3.17kB 0.0s done
#1 DONE 0.1s

#3 [internal] load metadata for gcr.io/fuzzbench/runners/afl/myanmar-tools_myanmar-tools-intermediate:latest
#3 sha256:df042be07a63bbaf12df142e15a6033a9e9f4915146499c50ac74f766fa1501b
#3 DONE 0.0s

#4 [internal] load metadata for gcr.io/fuzzbench/builders/afl/myanmar-tools_myanmar-tools:latest
#4 sha256:e84d6b4c85505f973c832d630d6b741cabb2ff1e40fb83014e46b4d0875bf780
#4 DONE 0.0s

#17 importing cache manifest from gcr.io/fuzzbench/runners/afl/myanmar-tools_myanmar-tools
#17 sha256:291e1b5817271cf2864dfce9525730a2bef12e67ec2348839851b97cfc558485

#2 [internal] load .dockerignore
#2 sha256:f487a19048c93f69b6680889196b4250188f63706ad591400bf2e5c675fc072c
#2 transferring context: 34B 0.0s done
#2 DONE 0.1s

#3 [internal] load metadata for gcr.io/fuzzbench/runners/afl/myanmar-tools_myanmar-tools-intermediate:latest
#3 sha256:df042be07a63bbaf12df142e15a6033a9e9f4915146499c50ac74f766fa1501b
#3 DONE 0.0s
#17 ...

#11 [internal] load build context
#11 sha256:e367110a8551992a5823a7e9266cb27600fcaba208a05b953d481849842ad4d8
#11 DONE 0.0s

#5 [stage-1  1/13] FROM gcr.io/fuzzbench/runners/afl/myanmar-tools_myanmar-tools-intermediate
#5 sha256:08adcdc92a5a5f69494bc168d24b1806d83315d30979fbb7ffe65717dc6383fc
#5 DONE 0.0s

#9 [builder 1/1] FROM gcr.io/fuzzbench/builders/afl/myanmar-tools_myanmar-tools
#9 sha256:646d87e289017e3f40fedd78ade45a6dc39437294ce86f61cdc9f97175cf1df9
#9 DONE 0.0s

#5 [stage-1  1/13] FROM gcr.io/fuzzbench/runners/afl/myanmar-tools_myanmar-tools-intermediate
#5 sha256:08adcdc92a5a5f69494bc168d24b1806d83315d30979fbb7ffe65717dc6383fc
#5 DONE 0.0s

#9 [builder 1/1] FROM gcr.io/fuzzbench/builders/afl/myanmar-tools_myanmar-tools
#9 sha256:646d87e289017e3f40fedd78ade45a6dc39437294ce86f61cdc9f97175cf1df9
#9 DONE 0.0s

#4 [internal] load metadata for gcr.io/fuzzbench/builders/afl/myanmar-tools_myanmar-tools:latest
#4 sha256:e84d6b4c85505f973c832d630d6b741cabb2ff1e40fb83014e46b4d0875bf780
#4 DONE 0.0s

#11 importing cache manifest from gcr.io/fuzzbench/runners/afl/myanmar-tools_myanmar-tools
#11 sha256:291e1b5817271cf2864dfce9525730a2bef12e67ec2348839851b97cfc558485

#17 importing cache manifest from gcr.io/fuzzbench/runners/afl/myanmar-tools_myanmar-tools
#17 sha256:291e1b5817271cf2864dfce9525730a2bef12e67ec2348839851b97cfc558485
#17 ERROR: gcr.io/fuzzbench/runners/afl/myanmar-tools_myanmar-tools:latest: not found

#11 [internal] load build context
#11 sha256:e367110a8551992a5823a7e9266cb27600fcaba208a05b953d481849842ad4d8
#11 ...

#12 [internal] load build context
#12 sha256:2f72199cc03df2f8fb27193892d1cf99943a6c19039321bedc7e6a8ece366804
#12 DONE 0.0s

#9 [builder 1/1] FROM gcr.io/fuzzbench/builders/afl/myanmar-tools_myanmar-tools
#9 sha256:646d87e289017e3f40fedd78ade45a6dc39437294ce86f61cdc9f97175cf1df9
#9 ...

#11 importing cache manifest from gcr.io/fuzzbench/runners/afl/myanmar-tools_myanmar-tools
#11 sha256:291e1b5817271cf2864dfce9525730a2bef12e67ec2348839851b97cfc558485
#11 ERROR: gcr.io/fuzzbench/runners/afl/myanmar-tools_myanmar-tools:latest: not found

#12 [internal] load build context
#12 sha256:2f72199cc03df2f8fb27193892d1cf99943a6c19039321bedc7e6a8ece366804
#11 ...

#9 [builder 1/1] FROM gcr.io/fuzzbench/builders/afl/myanmar-tools_myanmar-tools
#9 sha256:646d87e289017e3f40fedd78ade45a6dc39437294ce86f61cdc9f97175cf1df9
#9 DONE 1.3s

#11 [internal] load build context
#11 sha256:e367110a8551992a5823a7e9266cb27600fcaba208a05b953d481849842ad4d8
#12 ...

#9 [builder 1/1] FROM gcr.io/fuzzbench/builders/afl/myanmar-tools_myanmar-tools
#9 sha256:646d87e289017e3f40fedd78ade45a6dc39437294ce86f61cdc9f97175cf1df9
#9 DONE 1.3s

#12 [internal] load build context
#12 sha256:2f72199cc03df2f8fb27193892d1cf99943a6c19039321bedc7e6a8ece366804
#11 transferring context: 17.54MB 1.3s done
#11 DONE 1.4s
#12 transferring context: 17.54MB 1.1s done
#12 DONE 1.2s

#7 [stage-1  3/13] RUN mkdir -p /out
#7 sha256:005220d3a940238563716247e7d69132d78348fa8f43667a7639a29966a3bfb5
#7 CACHED

#6 [stage-1  2/13] RUN apt-get update -y && apt-get install -y     libglib2.0-0     libxml2     libarchive13     libgss3
#6 sha256:05a0463bb37988d6f5e1758c022be93c2c0982edd6f0994c3976e27c4dc9d340
#6 CACHED

#8 [stage-1  4/13] WORKDIR /out
#8 sha256:3cc260509a73475c6a153f368f7521b426dd11016301ee351edc40fc2220623e

#6 [stage-1  2/13] RUN apt-get update -y && apt-get install -y     libglib2.0-0     libxml2     libarchive13     libgss3
#6 sha256:05a0463bb37988d6f5e1758c022be93c2c0982edd6f0994c3976e27c4dc9d340
#6 CACHED

#7 [stage-1  3/13] RUN mkdir -p /out
#7 sha256:005220d3a940238563716247e7d69132d78348fa8f43667a7639a29966a3bfb5
#7 CACHED

#8 [stage-1  4/13] WORKDIR /out
#8 sha256:3cc260509a73475c6a153f368f7521b426dd11016301ee351edc40fc2220623e
#8 CACHED

#10 [stage-1  5/13] COPY --from=builder /out/ ./
#10 sha256:5c7a9cc7f4ea13c33f9e79b13fd5b5f08d9e48b7ced4cc602810399d06c3e28e
#8 CACHED

#10 [stage-1  5/13] COPY --from=builder /out/ ./
#10 sha256:5c7a9cc7f4ea13c33f9e79b13fd5b5f08d9e48b7ced4cc602810399d06c3e28e
#10 DONE 0.2s

#12 [stage-1  6/13] COPY benchmarks /src/benchmarks
#12 sha256:f120b62dae4e362b0c2e1b85a09a2b871ee36a84b43e479f080ccadb09feda0e
#10 DONE 0.2s
#12 DONE 0.9s

#13 [stage-1  7/13] COPY fuzzers /src/fuzzers
#13 sha256:e5b4698e1a4a95d4bcb11424e06c9f39645220d3365cf83b6126bb28784a261b
#13 DONE 0.7s

#14 [stage-1  8/13] RUN touch __init__.py
#14 sha256:ab99af85fe1a13422dbad52022f31da6bc7081b7fe9e0653acf2ee718116b16a
#14 DONE 0.6s

#15 [stage-1  9/13] RUN mkdir -p /out/seeds /out/corpus
#15 sha256:4a6d48dc33a23fb2e88d9018eb13f4d7862b9423b2beeb56064b86fa279942f4
#15 DONE 0.9s

#16 [stage-1 10/13] COPY common /src/common
#16 sha256:91a1034749218995fa3c968e5f07ad3d02613cf58e6b58f78a0c360844bc252c
#16 DONE 0.3s

#18 [stage-1 11/13] COPY experiment/runner.py /src/experiment/runner.py
#18 sha256:937a99047199aa049ccd9d6171f439df5bfb86aa22ebdc540d4fd02134916876
#18 DONE 0.2s

#19 [stage-1 12/13] COPY docker/benchmark-runner /src/docker/benchmark-runner
#19 sha256:0accf71d90c937fe59060fcdcd746748f046332e4e61c30f9c0571c1a5beaec3
#19 DONE 0.2s

#20 [stage-1 13/13] RUN chmod +x /src/docker/benchmark-runner/startup-runner.sh
#20 sha256:098529fc0c27338a0ec55718e5d2c6aefb5141eae98569e326670ea0f7f0dd68
#20 DONE 0.7s

#21 exporting to image
#21 sha256:e8c613e07b0b7ff33893b694f7759a10d42e180f2b4dc349fb57dc6b71dcab00
#21 exporting layers done

#21 exporting to image
#21 sha256:e8c613e07b0b7ff33893b694f7759a10d42e180f2b4dc349fb57dc6b71dcab00
#21 exporting layers done
#21 writing image sha256:c4d59ac9d3caff0db9b850f2619e36d2de708de75f76e4291eafb9d1ad43594a
#21 writing image sha256:c4d59ac9d3caff0db9b850f2619e36d2de708de75f76e4291eafb9d1ad43594a done
#21 naming to gcr.io/fuzzbench/runners/afl/myanmar-tools_myanmar-tools done
#21 DONE 0.0s

#22 exporting cache
#22 sha256:2700d4ef94dee473593c5c614b55b2dedcca7893909811a8f2b48291a1f581e4
#22 preparing build cache for export 0.0s done
#22 DONE 0.0s
------
 > importing cache manifest from gcr.io/fuzzbench/runners/afl/myanmar-tools_myanmar-tools:
------
#21 writing image sha256:c4d59ac9d3caff0db9b850f2619e36d2de708de75f76e4291eafb9d1ad43594a done
#21 naming to gcr.io/fuzzbench/runners/afl/myanmar-tools_myanmar-tools done
#21 DONE 0.1s

#22 exporting cache
#22 sha256:2700d4ef94dee473593c5c614b55b2dedcca7893909811a8f2b48291a1f581e4
#22 preparing build cache for export 0.0s done
#22 DONE 0.0s
------
 > importing cache manifest from gcr.io/fuzzbench/runners/afl/myanmar-tools_myanmar-tools:
------
INFO:root:Doing trial as part of experiment.
INFO:root:Starting trial.
ERROR:root:Fuzz target binary not found.
INFO:root:Doing trial as part of experiment.
INFO:root:Starting trial.
ERROR:root:Fuzz target binary not found.
INFO:root:Doing final sync.
ERROR:root:Call to <function get_stats at 0x7f51a2bb0f70> failed. Extras: {'traceback': 'Traceback (most recent call last):\n  File "/src/experiment/runner.py", line 374, in record_stats\n    stats_json_str = fuzzer_module_get_stats(output_corpus,\n  File "/src/fuzzers/afl/fuzzer.py", line 51, in get_stats\n    with open(stats_file) as file_handle:\nFileNotFoundError: [Errno 2] No such file or directory: \'/out/corpus/fuzzer_stats\'\n'}
INFO:root:Doing final sync.
ERROR:root:Call to <function get_stats at 0x7f82da301f70> failed. Extras: {'traceback': 'Traceback (most recent call last):\n  File "/src/experiment/runner.py", line 374, in record_stats\n    stats_json_str = fuzzer_module_get_stats(output_corpus,\n  File "/src/fuzzers/afl/fuzzer.py", line 51, in get_stats\n    with open(stats_file) as file_handle:\nFileNotFoundError: [Errno 2] No such file or directory: \'/out/corpus/fuzzer_stats\'\n'}
