WARNING:root:gcloud not found in PATH.
INFO:root:Successfully integrated benchmark: mtail_mtail.
INFO:root:Please run "make test-run-afl-mtail_mtail" to test integration.
#2 [internal] load .dockerignore
#2 sha256:3c2e9771ccff985e735186dcfad398f4b32ea43bed5e9754a60018a387fcb185
#2 transferring context: 2B done
#2 DONE 0.7s

#1 [internal] load build definition from Dockerfile
#1 sha256:5897e0dcea895be2f136d452c17a2a638780dceb637bcc7ad1a2ab90c9dc5f16
#1 transferring dockerfile: 931B done
#1 DONE 0.9s

#3 [internal] load metadata for gcr.io/oss-fuzz-base/base-builder:latest
#3 sha256:f10dc39cc9d418a5bc416dead31a1902b6821fdae909cd3b08f7a3fd1faba7b5
#3 DONE 0.4s

#9 [internal] load build context
#9 sha256:1f143f259fdbdbd0206bf7ecdb069a2ebdbdb059b9272721f84014c37baad681
#9 DONE 0.0s

#5 [1/5] FROM gcr.io/oss-fuzz-base/base-builder@sha256:112044a9815d235113677d459cf2ece740a51f2b85081c8f66943dcdc72ddf7f
#5 sha256:4aee4bf9f7280ac8b7f02b8d29e6e084dd034d2c294b4e3e05d8ce7048a1450f
#5 DONE 0.0s

#4 importing cache manifest from gcr.io/fuzzbench/builders/benchmark/mtail_mtail
#4 sha256:8a30381ae2ec8cc111210801e94bf49a838afe38d6a74d0f76feea248913cbfe
#4 ERROR: gcr.io/fuzzbench/builders/benchmark/mtail_mtail:latest: not found

#9 [internal] load build context
#9 sha256:1f143f259fdbdbd0206bf7ecdb069a2ebdbdb059b9272721f84014c37baad681
#9 transferring context: 1.16kB done
#9 DONE 0.1s

#6 [2/5] RUN mkdir -p github.com/google
#6 sha256:a8468aef166388419d559e167b05d70c3097dea7b5b605ae7504e0cd2d056f6e
#6 CACHED

#7 [3/5] RUN git clone --depth 1 https://github.com/google/mtail github.com/google/mtail
#7 sha256:62218dbca8d318709d0822b40ca6365a43d60ab132f87ce86828c25dc432aa40
#7 CACHED

#8 [4/5] WORKDIR github.com/google/mtail
#8 sha256:5cd5c3ba40ffd9ac6bd885d53fec0fd04e6f2ff3cc903d367fd3f32ac1ef19d5
#8 CACHED

#10 [5/5] COPY build.sh /src/
#10 sha256:eaed9428654145ae313ae801c5320281ab44e020ce80ff901009d0ba70b5d094
#10 CACHED

#11 exporting to image
#11 sha256:e8c613e07b0b7ff33893b694f7759a10d42e180f2b4dc349fb57dc6b71dcab00
#11 exporting layers done
#11 writing image sha256:0be5e3134ace14eeb1990c99052b5e9c4c03a460c7d98b12a9f52ef93d9bc4b3 0.0s done
#11 naming to gcr.io/fuzzbench/builders/benchmark/mtail_mtail 0.0s done
#11 DONE 0.4s

#12 exporting cache
#12 sha256:2700d4ef94dee473593c5c614b55b2dedcca7893909811a8f2b48291a1f581e4
#12 preparing build cache for export done
#12 DONE 0.0s
------
 > importing cache manifest from gcr.io/fuzzbench/builders/benchmark/mtail_mtail:
------
#2 [internal] load .dockerignore
#2 sha256:bb2e92f8a1b0fd19a4ae153ea460d510e7e4ec4e47d91bc253d0ffbece89adfa
#2 transferring context: 2B done
#2 DONE 0.5s

#1 [internal] load build definition from builder.Dockerfile
#1 sha256:6958bd8db6e9ba1c488882492ae48f8f7c1b9e5b96ec84ce0c957be0e7ab9bad
#1 transferring dockerfile: 46B done
#1 DONE 0.5s

#3 [internal] load metadata for gcr.io/fuzzbench/builders/benchmark/mtail_mtail:latest
#3 sha256:ee700a01a922a1faf7c8044349016e5f6189ceafa528a438dfd5a8ec82462e6e
#3 DONE 0.0s

#5 [1/3] FROM gcr.io/fuzzbench/builders/benchmark/mtail_mtail
#5 sha256:c5cc3de0f1f1309a6b8a5c667d7fc9fef3f9e357ce649a1ed638a37d39efebd6
#5 DONE 0.0s

#4 importing cache manifest from gcr.io/fuzzbench/builders/afl/mtail_mtail-intermediate
#4 sha256:47400aac586414877177b2dbb82cbd5e7930fd2249f13588cad356a67bd5e1e4
#4 ERROR: gcr.io/fuzzbench/builders/afl/mtail_mtail-intermediate:latest: not found

#6 [2/3] RUN git clone https://github.com/google/AFL.git /afl &&     cd /afl &&     git checkout 61037103ae3722c8060ff7082994836a794f978e &&     AFL_NO_X86=1 make
#6 sha256:19a6a2ef0652844874026fe5dbe4381e6e9ecc7dd2f6983cc75a844fb53b6ada
#6 CACHED

#7 [3/3] RUN apt-get update &&     apt-get install wget -y &&     wget https://raw.githubusercontent.com/llvm/llvm-project/5feb80e748924606531ba28c97fe65145c65372e/compiler-rt/lib/fuzzer/afl/afl_driver.cpp -O /afl/afl_driver.cpp &&     clang -Wno-pointer-sign -c /afl/llvm_mode/afl-llvm-rt.o.c -I/afl &&     clang++ -stdlib=libc++ -std=c++11 -O2 -c /afl/afl_driver.cpp &&     ar r /libAFL.a *.o
#7 sha256:aceeea3eea4edc63aa815e77bd12f0ab1c7968a63966a330fd6c846e9414aa15
#7 CACHED

#8 exporting to image
#8 sha256:e8c613e07b0b7ff33893b694f7759a10d42e180f2b4dc349fb57dc6b71dcab00
#8 exporting layers done
#8 writing image sha256:796d2a3651da9ce752ec38c3561b9c2fdc31b4789e2dfe36b62197f0b8be7bca 0.0s done
#8 naming to gcr.io/fuzzbench/builders/afl/mtail_mtail-intermediate 0.0s done
#8 DONE 0.8s

#9 exporting cache
#9 sha256:2700d4ef94dee473593c5c614b55b2dedcca7893909811a8f2b48291a1f581e4
#9 preparing build cache for export done
#9 DONE 0.0s
------
 > importing cache manifest from gcr.io/fuzzbench/builders/afl/mtail_mtail-intermediate:
------
#1 [internal] load build definition from Dockerfile
#1 sha256:ea97e4f1d3aacdc0571ebad522219f8a4fe9fcbe483d69a30228fef686abe8d2
#1 transferring dockerfile: 2.00kB done
#1 DONE 0.1s

#2 [internal] load .dockerignore
#2 sha256:87fe32cea4a3fc8f780d8232b7de8103b0fc4f7ea1b6fbcdcc68e8c8459b1520
#2 transferring context: 34B done
#2 DONE 0.2s

#3 [internal] load metadata for docker.io/library/ubuntu:xenial
#3 sha256:f62bae18ed588840f045c881b2502661f2a89578a2f8f99b83f5200ee83dd25b
#3 DONE 0.0s

#5 [1/7] FROM docker.io/library/ubuntu:xenial
#5 sha256:14dd403f25ae9e519bd44f27dc17af7ce80f5a4f9f48ca88108364e67ec5d360
#5 DONE 0.0s

#4 importing cache manifest from gcr.io/fuzzbench/base-image
#4 sha256:9b220ebb4d4daceed1b96df9b6dca076e762f1cd612574f010b82d5b9e5ad896
#4 DONE 0.0s

#8 [internal] load build context
#8 sha256:670fa297bba71616408af21df8102605b757f89f1398d994dbe1e420b980f5c7
#8 transferring context: 559B 0.0s done
#8 DONE 0.1s

#6 [2/7] RUN apt-get update -y && apt-get install -y     build-essential     rsync     curl     zlib1g-dev     libncurses5-dev     libgdbm-dev     libnss3-dev     libssl-dev     libreadline-dev     libffi-dev     virtualenv     libbz2-dev     liblzma-dev     libsqlite3-dev
#6 sha256:3a1b0960f17eed529eaae93dc8fd3554f2743dd584d8fa569cdbe6bc734371ac
#6 CACHED

#7 [3/7] RUN cd /tmp/ &&     curl -O https://www.python.org/ftp/python/3.8.6/Python-3.8.6.tar.xz &&     tar -xvf Python-3.8.6.tar.xz &&     cd Python-3.8.6 &&     ./configure --enable-loadable-sqlite-extensions --enable-optimizations &&     make -j install &&     rm -r /tmp/Python-3.8.6.tar.xz /tmp/Python-3.8.6
#7 sha256:c5b9d1fb3371e84dbc60b76e7b2f8d5913bc93bcd4910ab65daa03e7b2ec4bb0
#7 CACHED

#9 [4/7] COPY ./requirements.txt /
#9 sha256:0f1f525c8e741dcc7315bf4bc9b1a6fd87090b130224afb66e5a3c9f73e30e63
#9 CACHED

#10 [5/7] RUN pip3 install -r /requirements.txt
#10 sha256:df7effb741b3ee159f574e16fd698682fbc2a0a5b593d3bd46effe8041d454bb
#10 CACHED

#11 [6/7] RUN apt-get update -y && apt-get install -y     apt-transport-https     lsb-release
#11 sha256:8eea02f35fcc63a351e73aaa96f9182a5ed6abeeb6d38956aa7efc93927d1a37
#11 CACHED

#12 [7/7] RUN CLOUD_SDK_REPO="cloud-sdk-$(lsb_release -c -s)" &&     echo "deb https://packages.cloud.google.com/apt $CLOUD_SDK_REPO main"     | tee -a /etc/apt/sources.list.d/google-cloud-sdk.list &&     curl https://packages.cloud.google.com/apt/doc/apt-key.gpg     | apt-key add - &&     apt-get update -y &&     apt-get install -y google-cloud-sdk
#12 sha256:cd4d33edfbdd9294dcef41fe12eee174d4908b51fe973f5ad4105502ec99cd99
#12 CACHED

#13 exporting to image
#13 sha256:e8c613e07b0b7ff33893b694f7759a10d42e180f2b4dc349fb57dc6b71dcab00
#13 exporting layers done
#13 writing image sha256:7c312afc0c92be055a6e596de5bde5bb2ff79522f51f5d5c5b849c01586f4ff7
#13 writing image sha256:7c312afc0c92be055a6e596de5bde5bb2ff79522f51f5d5c5b849c01586f4ff7 0.0s done
#13 naming to gcr.io/fuzzbench/base-image done
#13 DONE 0.1s

#14 exporting cache
#14 sha256:2700d4ef94dee473593c5c614b55b2dedcca7893909811a8f2b48291a1f581e4
#14 preparing build cache for export done
#14 DONE 0.0s
#2 [internal] load .dockerignore
#2 sha256:a8fa228a8d8da4a3b06ccd58a74f877e76c2b56e345bf61191208c9f9037f255
#2 transferring context: 34B done
#2 DONE 0.4s

#1 [internal] load build definition from Dockerfile
#1 sha256:f47b1459fefe2c3bc2d420e14371f9f4933716006de3a698135723e4798ed943
#1 transferring dockerfile: 2.22kB done
#1 DONE 0.3s

#4 [internal] load metadata for gcr.io/fuzzbench/base-image:latest
#4 sha256:932022888f650cc455b10eb5123bb08c0cccacac29a693e69314abbfd28a72c3
#4 DONE 0.0s

#3 [internal] load metadata for gcr.io/fuzzbench/builders/afl/mtail_mtail-intermediate:latest
#3 sha256:ec493c9f4444424822037612cbfd947fc1da5f735aa471ea5a891da5a21fefff
#3 DONE 0.0s

#12 [internal] load build context
#12 sha256:4558d74fadd05255a109eeb8ff678b646e425c999ea3e2b69244579f51f632f2
#12 DONE 0.0s

#7 [base-image 1/1] FROM gcr.io/fuzzbench/base-image
#7 sha256:4d07825694520f8b6f6a0d8592dbd345433361ae044cb7f06706c5a95e3daaad
#7 DONE 0.0s

#6 [stage-1  1/13] FROM gcr.io/fuzzbench/builders/afl/mtail_mtail-intermediate
#6 sha256:7537b6682d12c7affb304749a72cf0ec06ff18d4ec3a57d1bb7bd33c266f3ca2
#6 DONE 0.0s

#5 importing cache manifest from gcr.io/fuzzbench/builders/afl/mtail_mtail
#5 sha256:e7f100bc09fa70c19ebe2ab916ebd7b1cc4300a18f0c9c84e543e760d7a94cd8
#5 ERROR: gcr.io/fuzzbench/builders/afl/mtail_mtail:latest: not found

#12 [internal] load build context
#12 sha256:4558d74fadd05255a109eeb8ff678b646e425c999ea3e2b69244579f51f632f2
#12 transferring context: 669.86kB 0.1s done
#12 DONE 0.2s

#10 [stage-1  4/13] COPY --from=base-image /usr/local/include/python3.8 /usr/local/include/python3.8
#10 sha256:f9784f2ccfdbfe0834dcd188f1282cd1bf9fe24c4cbb03fdfad5a698ecd6d039
#10 CACHED

#11 [stage-1  5/13] COPY --from=base-image /usr/local/lib/python3.8/site-packages /usr/local/lib/python3.8/site-packages
#11 sha256:e7e94f4588a423e35b1b6c0e8b9bab55ba938b0c2c52d6de32ad617e7d4186da
#11 CACHED

#13 [stage-1  6/13] COPY fuzzers /src/fuzzers
#13 sha256:f5071f76723c1a53cc21c96df585bfe0f2f34a5b0793c53211d9df9a55722e5e
#13 CACHED

#8 [stage-1  2/13] COPY --from=base-image /usr/local/bin/python3* /usr/local/bin/
#8 sha256:66f2578ba5f6475044c943cee7f22f4d86087a3b27a4f0abe3dce6c2cfab87b3
#8 CACHED

#9 [stage-1  3/13] COPY --from=base-image /usr/local/lib/python3.8 /usr/local/lib/python3.8
#9 sha256:0a80d1b6e44ae5d9d5e6292398f2e2b6ecae4c5e275c511d7ab13e73ea4d3e5b
#9 CACHED

#14 [stage-1  7/13] RUN touch /src/__init__.py
#14 sha256:afd041a0898041ef52f1b7509def79bbdcd591ea153c1d0514b52b3495b8c28f
#14 CACHED

#15 [stage-1  8/13] COPY benchmarks/mtail_mtail/benchmark.yaml /
#15 sha256:c68341809d607b29302ca31bb0632d08c1f616ff21f0cca2e3bb79ed9701e356
#15 DONE 0.7s

#16 [stage-1  9/13] RUN mkdir /opt/fuzzbench/
#16 sha256:574ce4f652e68945786f95143be38462c980910e127a5b51cbc93942a78b8f71
#16 DONE 1.0s

#17 [stage-1 10/13] COPY docker/benchmark-builder/checkout_commit.py /opt/fuzzbench/
#17 sha256:f806562120ecbb70d23597327b1e3be43f8d0111ba9187a266bbc8adb361b555
#17 DONE 0.5s

#18 [stage-1 11/13] RUN export CHECKOUT_COMMIT=$(cat /benchmark.yaml | tr -d ' ' | grep 'commit:' | cut -d ':' -f2) &&     python3 -u /opt/fuzzbench/checkout_commit.py $CHECKOUT_COMMIT /src
#18 sha256:0be85a93da6c052eb3d1e8e6d87a27db2bb4857a32231d846aa938432ba071d0
#18 0.645 Checking out commit 06875f9b
#18 0.666 error: pathspec '06875f9b' did not match any file(s) known to git
#18 0.674 error: pathspec '06875f9b' did not match any file(s) known to git
#18 0.721 Checkout unsuccessful.
#18 DONE 1.0s

#19 [stage-1 12/13] RUN echo "#!/bin/bash\nPYTHONPATH=/src python3 -u -c "from fuzzers import utils; utils.initialize_env(); from fuzzers.afl import fuzzer; fuzzer.build()"" > /usr/bin/fuzzer_build &&     chmod +x /usr/bin/fuzzer_build
#19 sha256:b29a3b515c008519c230c8974180f9b0033016b26815a0c4d1183eafa868f0b1
#19 DONE 1.1s

#20 [stage-1 13/13] RUN echo "Run fuzzer_build to build the target" && if [ -z "$debug_builder" ] ; then fuzzer_build; fi
#20 sha256:d9c35a751d61077d00777a7ccddb325b8629d81ac501e1642a9df7f8e60dbf85
#20 0.566 Run fuzzer_build to build the target
#20 0.685 FUZZ_TARGET = mtail
#20 0.685 CFLAGS = -DFUZZING_BUILD_MODE_UNSAFE_FOR_PRODUCTION -pthread -Wl,--no-as-needed -Wl,-ldl -Wl,-lm -Wno-unused-command-line-argument -O3
#20 0.685 CXXFLAGS = -DFUZZING_BUILD_MODE_UNSAFE_FOR_PRODUCTION -pthread -Wl,--no-as-needed -Wl,-ldl -Wl,-lm -Wno-unused-command-line-argument -stdlib=libc++ -O3
#20 0.689 Building benchmark mtail_mtail with fuzzer afl
#20 0.693 + export GOPATH=:/
#20 0.693 + GOPATH=:/
#20 0.693 + make GO111MODULE=off --debug install_deps
#20 0.699 GNU Make 4.2.1
#20 0.699 Built for x86_64-pc-linux-gnu
#20 0.699 Copyright (C) 1988-2016 Free Software Foundation, Inc.
#20 0.699 License GPLv3+: GNU GPL version 3 or later <http://gnu.org/licenses/gpl.html>
#20 0.699 This is free software: you are free to change and redistribute it.
#20 0.699 There is NO WARRANTY, to the extent permitted by law.
#20 0.699 Reading makefiles...
#20 0.707 make: go: Command not found
#20 0.707 make: go: Command not found
#20 0.708 make: go: Command not found
#20 0.708 make: go: Command not found
#20 0.709 make: go: Command not found
#20 0.709 make: go: Command not found
#20 0.710 make: go: Command not found
#20 0.710 make: go: Command not found
#20 0.710 make: go: Command not found
#20 0.723 make: go: Command not found
#20 0.797 make: go: Command not found
#20 0.797 make: go: Command not found
#20 0.852 make: go: Command not found
#20 0.864 make: go: Command not found
#20 0.865 /bin/sh: 1: go: not found
#20 0.879 make: go: Command not found
#20 0.886 make: go: Command not found
#20 0.898 make: go: Command not found
#20 0.899 make: go: Command not found
#20 0.899 make: go: Command not found
#20 0.900 make: go: Command not found
#20 0.900 Updating makefiles....
#20 0.900 Updating goal targets....
#20 0.900  File 'install_deps' does not exist.
#20 0.901    File '.dep-stamp' does not exist.
#20 0.901      File 'print-version' does not exist.
#20 0.901     Must remake target 'print-version'.
#20 0.901 which go
#20 0.902 make: *** [Makefile:156: print-version] Error 1
#20 0.902 Traceback (most recent call last):
#20 0.902   File "<string>", line 1, in <module>
#20 0.903   File "/src/fuzzers/afl/fuzzer.py", line 40, in build
#20 0.903     utils.build_benchmark()
#20 0.903   File "/src/fuzzers/utils.py", line 82, in build_benchmark
#20 0.903     subprocess.check_call(['/bin/bash', '-ex', build_script], env=env)
#20 0.903   File "/usr/local/lib/python3.8/subprocess.py", line 364, in check_call
#20 0.904     raise CalledProcessError(retcode, cmd)
#20 0.904 subprocess.CalledProcessError: Command '['/bin/bash', '-ex', '/src/build.sh']' returned non-zero exit status 2.
#20 ERROR: executor failed running [/bin/sh -c echo "Run fuzzer_build to build the target" && if [ -z "$debug_builder" ] ; then fuzzer_build; fi]: exit code: 1
------
 > importing cache manifest from gcr.io/fuzzbench/builders/afl/mtail_mtail:
------
------
 > [stage-1 13/13] RUN echo "Run fuzzer_build to build the target" && if [ -z "$debug_builder" ] ; then fuzzer_build; fi:
------
executor failed running [/bin/sh -c echo "Run fuzzer_build to build the target" && if [ -z "$debug_builder" ] ; then fuzzer_build; fi]: exit code: 1
make: *** [docker/generated.mk:2845932: .afl-mtail_mtail-builder] Error 1
/bin/sh: 1: source: not found
#2 [internal] load .dockerignore
#2 sha256:d52be053192cbb44375e61934342d4dfc41284d98e9189cc5babc4c1a34b8984
#2 transferring context: 2B done
#2 DONE 0.4s

#1 [internal] load build definition from Dockerfile
#1 sha256:3b32692497d716811a74dcbc210938b82918a532d366b891d68e2dde07b0da70
#1 transferring dockerfile: 32B done
#1 DONE 0.8s

#3 [internal] load metadata for gcr.io/oss-fuzz-base/base-builder:latest
#3 sha256:f10dc39cc9d418a5bc416dead31a1902b6821fdae909cd3b08f7a3fd1faba7b5
#3 DONE 0.4s

#5 [1/5] FROM gcr.io/oss-fuzz-base/base-builder@sha256:112044a9815d235113677d459cf2ece740a51f2b85081c8f66943dcdc72ddf7f
#5 sha256:4aee4bf9f7280ac8b7f02b8d29e6e084dd034d2c294b4e3e05d8ce7048a1450f
#5 DONE 0.0s

#4 importing cache manifest from gcr.io/fuzzbench/builders/benchmark/mtail_mtail
#4 sha256:8a30381ae2ec8cc111210801e94bf49a838afe38d6a74d0f76feea248913cbfe
#4 DONE 0.0s

#9 [internal] load build context
#9 sha256:35ff20b14dd62a02e9cb9596a5c3851ad18cd563e2df7ded380a1f3c78d91c04
#9 transferring context: 30B done
#9 DONE 0.1s

#8 [4/5] WORKDIR github.com/google/mtail
#8 sha256:5cd5c3ba40ffd9ac6bd885d53fec0fd04e6f2ff3cc903d367fd3f32ac1ef19d5
#8 CACHED

#6 [2/5] RUN mkdir -p github.com/google
#6 sha256:a8468aef166388419d559e167b05d70c3097dea7b5b605ae7504e0cd2d056f6e
#6 CACHED

#7 [3/5] RUN git clone --depth 1 https://github.com/google/mtail github.com/google/mtail
#7 sha256:62218dbca8d318709d0822b40ca6365a43d60ab132f87ce86828c25dc432aa40
#7 CACHED

#10 [5/5] COPY build.sh /src/
#10 sha256:814be684cf2f4b916e769c986d15e906bc92b1eb9d9f899d170a91560671299e
#10 CACHED

#11 exporting to image
#11 sha256:e8c613e07b0b7ff33893b694f7759a10d42e180f2b4dc349fb57dc6b71dcab00
#11 exporting layers done
#11 writing image sha256:0be5e3134ace14eeb1990c99052b5e9c4c03a460c7d98b12a9f52ef93d9bc4b3 0.0s done
#11 naming to gcr.io/fuzzbench/builders/benchmark/mtail_mtail done
#11 DONE 0.4s

#12 exporting cache
#12 sha256:2700d4ef94dee473593c5c614b55b2dedcca7893909811a8f2b48291a1f581e4
#12 preparing build cache for export done
#12 DONE 0.0s
#1 [internal] load build definition from builder.Dockerfile
#1 sha256:fe666217d7440e544a171a4e341acee2c1c11dce6982b85e74f1b89f42f6b016
#1 transferring dockerfile: 46B done
#1 DONE 0.1s

#2 [internal] load .dockerignore
#2 sha256:c92de2137e78439eea1badd14d2fa19e0eef7feae509201e85a4f47880a5eb92
#2 transferring context: 2B done
#2 DONE 0.2s

#3 [internal] load metadata for gcr.io/fuzzbench/builders/benchmark/mtail_mtail:latest
#3 sha256:ee700a01a922a1faf7c8044349016e5f6189ceafa528a438dfd5a8ec82462e6e
#3 DONE 0.0s

#5 [1/3] FROM gcr.io/fuzzbench/builders/benchmark/mtail_mtail
#5 sha256:c5cc3de0f1f1309a6b8a5c667d7fc9fef3f9e357ce649a1ed638a37d39efebd6
#5 DONE 0.0s

#4 importing cache manifest from gcr.io/fuzzbench/builders/afl/mtail_mtail-intermediate
#4 sha256:47400aac586414877177b2dbb82cbd5e7930fd2249f13588cad356a67bd5e1e4
#4 DONE 0.0s

#6 [2/3] RUN git clone https://github.com/google/AFL.git /afl &&     cd /afl &&     git checkout 61037103ae3722c8060ff7082994836a794f978e &&     AFL_NO_X86=1 make
#6 sha256:19a6a2ef0652844874026fe5dbe4381e6e9ecc7dd2f6983cc75a844fb53b6ada
#6 CACHED

#7 [3/3] RUN apt-get update &&     apt-get install wget -y &&     wget https://raw.githubusercontent.com/llvm/llvm-project/5feb80e748924606531ba28c97fe65145c65372e/compiler-rt/lib/fuzzer/afl/afl_driver.cpp -O /afl/afl_driver.cpp &&     clang -Wno-pointer-sign -c /afl/llvm_mode/afl-llvm-rt.o.c -I/afl &&     clang++ -stdlib=libc++ -std=c++11 -O2 -c /afl/afl_driver.cpp &&     ar r /libAFL.a *.o
#7 sha256:aceeea3eea4edc63aa815e77bd12f0ab1c7968a63966a330fd6c846e9414aa15
#7 CACHED

#8 exporting to image
#8 sha256:e8c613e07b0b7ff33893b694f7759a10d42e180f2b4dc349fb57dc6b71dcab00
#8 exporting layers done
#8 writing image sha256:796d2a3651da9ce752ec38c3561b9c2fdc31b4789e2dfe36b62197f0b8be7bca 0.0s done
#8 naming to gcr.io/fuzzbench/builders/afl/mtail_mtail-intermediate done
#8 DONE 0.6s

#9 exporting cache
#9 sha256:2700d4ef94dee473593c5c614b55b2dedcca7893909811a8f2b48291a1f581e4
#9 preparing build cache for export done
#9 DONE 0.0s
#1 [internal] load build definition from Dockerfile
#1 sha256:acea9bbe70618ba369f5b3fd19413531fa2b4131bf3101c29bc7379dfc00aa46
#1 transferring dockerfile: 2.00kB done
#1 DONE 0.1s

#2 [internal] load .dockerignore
#2 sha256:8fb228a65c87262b8d8f28cad4c3533b6bca632c692482f1c96755edd8d78d89
#2 transferring context: 34B done
#2 DONE 0.1s

#3 [internal] load metadata for docker.io/library/ubuntu:xenial
#3 sha256:f62bae18ed588840f045c881b2502661f2a89578a2f8f99b83f5200ee83dd25b
#3 DONE 0.0s

#5 [1/7] FROM docker.io/library/ubuntu:xenial
#5 sha256:14dd403f25ae9e519bd44f27dc17af7ce80f5a4f9f48ca88108364e67ec5d360
#5 DONE 0.0s

#4 importing cache manifest from gcr.io/fuzzbench/base-image
#4 sha256:9b220ebb4d4daceed1b96df9b6dca076e762f1cd612574f010b82d5b9e5ad896
#4 DONE 0.0s

#8 [internal] load build context
#8 sha256:a8feff47e4ea26510c7ac78dcfd06fec3a6718eebd4033609bf1940c3f184e73
#8 transferring context: 559B 0.0s done
#8 DONE 0.2s

#11 [6/7] RUN apt-get update -y && apt-get install -y     apt-transport-https     lsb-release
#11 sha256:4451ab7cd467ef3254c2131d375e0822e46d1104597073f2a70617c14de80017
#11 CACHED

#6 [2/7] RUN apt-get update -y && apt-get install -y     build-essential     rsync     curl     zlib1g-dev     libncurses5-dev     libgdbm-dev     libnss3-dev     libssl-dev     libreadline-dev     libffi-dev     virtualenv     libbz2-dev     liblzma-dev     libsqlite3-dev
#6 sha256:3a1b0960f17eed529eaae93dc8fd3554f2743dd584d8fa569cdbe6bc734371ac
#6 CACHED

#7 [3/7] RUN cd /tmp/ &&     curl -O https://www.python.org/ftp/python/3.8.6/Python-3.8.6.tar.xz &&     tar -xvf Python-3.8.6.tar.xz &&     cd Python-3.8.6 &&     ./configure --enable-loadable-sqlite-extensions --enable-optimizations &&     make -j install &&     rm -r /tmp/Python-3.8.6.tar.xz /tmp/Python-3.8.6
#7 sha256:c5b9d1fb3371e84dbc60b76e7b2f8d5913bc93bcd4910ab65daa03e7b2ec4bb0
#7 CACHED

#9 [4/7] COPY ./requirements.txt /
#9 sha256:f35d48809584ddfc8c5e72410cde50fd3b59028cbede8715fd91c4891de2c0d0
#9 CACHED

#10 [5/7] RUN pip3 install -r /requirements.txt
#10 sha256:fa6cb0da7045458c60f882f0a90310e5b785a10274cabd0f877180db93ca53eb
#10 CACHED

#12 [7/7] RUN CLOUD_SDK_REPO="cloud-sdk-$(lsb_release -c -s)" &&     echo "deb https://packages.cloud.google.com/apt $CLOUD_SDK_REPO main"     | tee -a /etc/apt/sources.list.d/google-cloud-sdk.list &&     curl https://packages.cloud.google.com/apt/doc/apt-key.gpg     | apt-key add - &&     apt-get update -y &&     apt-get install -y google-cloud-sdk
#12 sha256:c6a3593986d552afde45a7813dbb9c8e72e744aa98c7bb0f7dc63b4c232b4ba5
#12 CACHED

#13 exporting to image
#13 sha256:e8c613e07b0b7ff33893b694f7759a10d42e180f2b4dc349fb57dc6b71dcab00
#13 exporting layers done
#13 writing image sha256:7c312afc0c92be055a6e596de5bde5bb2ff79522f51f5d5c5b849c01586f4ff7 0.0s done
#13 naming to gcr.io/fuzzbench/base-image done
#13 DONE 0.2s

#14 exporting cache
#14 sha256:2700d4ef94dee473593c5c614b55b2dedcca7893909811a8f2b48291a1f581e4
#14 preparing build cache for export done
#14 DONE 0.0s
#1 [internal] load build definition from Dockerfile
#1 sha256:8ea8dd5b7b102c4c0854b599a52c5c69ae005b430e919c5711afb961b69930b6
#1 transferring dockerfile: 2.22kB done
#1 DONE 0.1s

#2 [internal] load .dockerignore
#2 sha256:a9ae90860ae90869cf6401b830c08d57a8abf6a902ac45546eb9da154f34c540
#2 transferring context: 34B done
#2 DONE 0.1s

#4 [internal] load metadata for gcr.io/fuzzbench/base-image:latest
#4 sha256:932022888f650cc455b10eb5123bb08c0cccacac29a693e69314abbfd28a72c3
#4 DONE 0.0s

#3 [internal] load metadata for gcr.io/fuzzbench/builders/afl/mtail_mtail-intermediate:latest
#3 sha256:ec493c9f4444424822037612cbfd947fc1da5f735aa471ea5a891da5a21fefff
#3 DONE 0.0s

#12 [internal] load build context
#12 sha256:e9a58a90a781e531818993da8ca46913e21fbe9295a1e6adf61dd728cb4b45a2
#12 DONE 0.0s

#7 [base-image 1/1] FROM gcr.io/fuzzbench/base-image
#7 sha256:4d07825694520f8b6f6a0d8592dbd345433361ae044cb7f06706c5a95e3daaad
#7 DONE 0.0s

#6 [stage-1  1/13] FROM gcr.io/fuzzbench/builders/afl/mtail_mtail-intermediate
#6 sha256:7537b6682d12c7affb304749a72cf0ec06ff18d4ec3a57d1bb7bd33c266f3ca2
#6 DONE 0.0s

#5 importing cache manifest from gcr.io/fuzzbench/builders/afl/mtail_mtail
#5 sha256:e7f100bc09fa70c19ebe2ab916ebd7b1cc4300a18f0c9c84e543e760d7a94cd8
#5 ERROR: gcr.io/fuzzbench/builders/afl/mtail_mtail:latest: not found

#12 [internal] load build context
#12 sha256:e9a58a90a781e531818993da8ca46913e21fbe9295a1e6adf61dd728cb4b45a2
#12 transferring context: 669.86kB 0.1s done
#12 DONE 0.2s

#10 [stage-1  4/13] COPY --from=base-image /usr/local/include/python3.8 /usr/local/include/python3.8
#10 sha256:f9784f2ccfdbfe0834dcd188f1282cd1bf9fe24c4cbb03fdfad5a698ecd6d039
#10 CACHED

#11 [stage-1  5/13] COPY --from=base-image /usr/local/lib/python3.8/site-packages /usr/local/lib/python3.8/site-packages
#11 sha256:e7e94f4588a423e35b1b6c0e8b9bab55ba938b0c2c52d6de32ad617e7d4186da
#11 CACHED

#14 [stage-1  7/13] RUN touch /src/__init__.py
#14 sha256:65d45e93e1c0af5acec11478889664ecae0aa8b8f3384ab846fa30a5d58e81b7
#14 CACHED

#9 [stage-1  3/13] COPY --from=base-image /usr/local/lib/python3.8 /usr/local/lib/python3.8
#9 sha256:0a80d1b6e44ae5d9d5e6292398f2e2b6ecae4c5e275c511d7ab13e73ea4d3e5b
#9 CACHED

#15 [stage-1  8/13] COPY benchmarks/mtail_mtail/benchmark.yaml /
#15 sha256:c30c2ef5a3fb079ebbe02e58408c7b66acd8c176ae5e31254ee92be3d8d40e40
#15 CACHED

#18 [stage-1 11/13] RUN export CHECKOUT_COMMIT=$(cat /benchmark.yaml | tr -d ' ' | grep 'commit:' | cut -d ':' -f2) &&     python3 -u /opt/fuzzbench/checkout_commit.py $CHECKOUT_COMMIT /src
#18 sha256:4ee563734c6a7941636b51d107694060ce344dcb4ff4adcff2ab1d2dd57d81fe
#18 CACHED

#13 [stage-1  6/13] COPY fuzzers /src/fuzzers
#13 sha256:9e618b14d24510851053e71bf14dab441ec3e6117dc8639a4d6099acce405357
#13 CACHED

#17 [stage-1 10/13] COPY docker/benchmark-builder/checkout_commit.py /opt/fuzzbench/
#17 sha256:b4db3b7cc90958c3573fabf1f0c24359d6a2e554f3fc4dba29fed94344219b61
#17 CACHED

#8 [stage-1  2/13] COPY --from=base-image /usr/local/bin/python3* /usr/local/bin/
#8 sha256:66f2578ba5f6475044c943cee7f22f4d86087a3b27a4f0abe3dce6c2cfab87b3
#8 CACHED

#16 [stage-1  9/13] RUN mkdir /opt/fuzzbench/
#16 sha256:e847101e41f061e4e6fdc24d5a344c0d4917a2e8bb5d070ff740bb8c4575c391
#16 CACHED

#19 [stage-1 12/13] RUN echo "#!/bin/bash\nPYTHONPATH=/src python3 -u -c "from fuzzers import utils; utils.initialize_env(); from fuzzers.afl import fuzzer; fuzzer.build()"" > /usr/bin/fuzzer_build &&     chmod +x /usr/bin/fuzzer_build
#19 sha256:ebb4f6edd6526c23c52f866ef429a2aa8ac77a82fb43e6ca4d4f85fd9139a545
#19 CACHED

#20 [stage-1 13/13] RUN echo "Run fuzzer_build to build the target" && if [ -z "$debug_builder" ] ; then fuzzer_build; fi
#20 sha256:b392ea5e740877ebb9c4f2a963b79e1d9132d677d530c2e1bc4af3dad639022d
#20 0.692 Run fuzzer_build to build the target
#20 0.804 FUZZ_TARGET = mtail
#20 0.804 CFLAGS = -DFUZZING_BUILD_MODE_UNSAFE_FOR_PRODUCTION -pthread -Wl,--no-as-needed -Wl,-ldl -Wl,-lm -Wno-unused-command-line-argument -O3
#20 0.804 CXXFLAGS = -DFUZZING_BUILD_MODE_UNSAFE_FOR_PRODUCTION -pthread -Wl,--no-as-needed -Wl,-ldl -Wl,-lm -Wno-unused-command-line-argument -stdlib=libc++ -O3
#20 0.809 Building benchmark mtail_mtail with fuzzer afl
#20 0.812 + export GOPATH=:/
#20 0.812 + GOPATH=:/
#20 0.812 + make GO111MODULE=off --debug install_deps
#20 0.814 GNU Make 4.2.1
#20 0.814 Built for x86_64-pc-linux-gnu
#20 0.814 Copyright (C) 1988-2016 Free Software Foundation, Inc.
#20 0.814 License GPLv3+: GNU GPL version 3 or later <http://gnu.org/licenses/gpl.html>
#20 0.814 This is free software: you are free to change and redistribute it.
#20 0.814 There is NO WARRANTY, to the extent permitted by law.
#20 0.814 Reading makefiles...
#20 0.819 make: go: Command not found
#20 0.820 make: go: Command not found
#20 0.820 make: go: Command not found
#20 0.821 make: go: Command not found
#20 0.821 make: go: Command not found
#20 0.821 make: go: Command not found
#20 0.822 make: go: Command not found
#20 0.822 make: go: Command not found
#20 0.822 make: go: Command not found
#20 0.833 make: go: Command not found
#20 0.888 make: go: Command not found
#20 0.888 make: go: Command not found
#20 0.944 make: go: Command not found
#20 0.956 make: go: Command not found
#20 0.957 /bin/sh: 1: go: not found
#20 0.970 make: go: Command not found
#20 0.976 make: go: Command not found
#20 0.987 make: go: Command not found
#20 0.988 make: go: Command not found
#20 0.988 make: go: Command not found
#20 0.989 make: go: Command not found
#20 0.989 Updating makefiles....
#20 0.990 Updating goal targets....
#20 0.990  File 'install_deps' does not exist.
#20 0.990    File '.dep-stamp' does not exist.
#20 0.990      File 'print-version' does not exist.
#20 0.990     Must remake target 'print-version'.
#20 0.990 which go
#20 0.991 make: *** [Makefile:156: print-version] Error 1
#20 0.991 Traceback (most recent call last):
#20 0.991   File "<string>", line 1, in <module>
#20 0.992   File "/src/fuzzers/afl/fuzzer.py", line 40, in build
#20 0.992     utils.build_benchmark()
#20 0.992   File "/src/fuzzers/utils.py", line 82, in build_benchmark
#20 0.992     subprocess.check_call(['/bin/bash', '-ex', build_script], env=env)
#20 0.992   File "/usr/local/lib/python3.8/subprocess.py", line 364, in check_call
#20 0.993     raise CalledProcessError(retcode, cmd)
#20 0.993 subprocess.CalledProcessError: Command '['/bin/bash', '-ex', '/src/build.sh']' returned non-zero exit status 2.
#20 ERROR: executor failed running [/bin/sh -c echo "Run fuzzer_build to build the target" && if [ -z "$debug_builder" ] ; then fuzzer_build; fi]: exit code: 1
------
 > importing cache manifest from gcr.io/fuzzbench/builders/afl/mtail_mtail:
------
------
 > [stage-1 13/13] RUN echo "Run fuzzer_build to build the target" && if [ -z "$debug_builder" ] ; then fuzzer_build; fi:
------
executor failed running [/bin/sh -c echo "Run fuzzer_build to build the target" && if [ -z "$debug_builder" ] ; then fuzzer_build; fi]: exit code: 1
make: *** [docker/generated.mk:2845932: .afl-mtail_mtail-builder] Error 1
