WARNING:root:gcloud not found in PATH.
INFO:root:Successfully integrated benchmark: rnp_rnp.
INFO:root:Please run "make test-run-afl-rnp_rnp" to test integration.
#2 [internal] load .dockerignore
#2 sha256:b2299f3d7892e0ce10413cecc24290f8b694c5494dc08f8eeff4619f7d6810fd
#2 transferring context:
#2 transferring context: 2B done
#2 DONE 0.4s

#1 [internal] load build definition from Dockerfile
#1 sha256:144bef66e4ed42e8d8ef22f8db09a34ba53a2154bf0cda4e2472c87b9359f664
#1 transferring dockerfile: 1.07kB done
#1 DONE 0.4s

#3 [internal] load metadata for gcr.io/oss-fuzz-base/base-builder:latest
#3 sha256:f10dc39cc9d418a5bc416dead31a1902b6821fdae909cd3b08f7a3fd1faba7b5
#3 DONE 0.4s

#10 [internal] load build context
#10 sha256:200eb4209da014ff4df4364b999a94381a44f14ab8b7e02e6fa00dc0444fe4b3
#10 DONE 0.0s

#5 [1/6] FROM gcr.io/oss-fuzz-base/base-builder@sha256:4ad017ca53699eda684c1c444948c93a4af848fe34baee3a765d3c4693fe6a56
#5 sha256:3f10b3978a3951f6e2692fa5e5890ee5a755650381dedece7198ed0b1dcdaa8c
#5 DONE 0.0s

#4 importing cache manifest from gcr.io/fuzzbench/builders/benchmark/rnp_rnp
#4 sha256:b9d2186777b6b4d48cddc56bb0cd12f2b97315efb817296f6c92d5433442826f
#4 ERROR: gcr.io/fuzzbench/builders/benchmark/rnp_rnp:latest: not found

#6 [2/6] RUN apt-get update
#6 sha256:a6d77b38cea6957484d7ea86a58c6509c63c4bd904ad6c8458b9778c2cf52475
#6 CACHED

#7 [3/6] RUN apt-get install -y     make     autoconf     automake     libtool     cmake     chrpath     libbz2-dev     zlib1g-dev     libjson-c-dev     build-essential     python-minimal     wget
#7 sha256:af0e7556f0e539db89bd3c097a7d30232191aa75bb1468752516841eebc574cc
#7 ...

#10 [internal] load build context
#10 sha256:200eb4209da014ff4df4364b999a94381a44f14ab8b7e02e6fa00dc0444fe4b3
#10 transferring context: 1.62kB done
#10 DONE 0.2s

#7 [3/6] RUN apt-get install -y     make     autoconf     automake     libtool     cmake     chrpath     libbz2-dev     zlib1g-dev     libjson-c-dev     build-essential     python-minimal     wget
#7 sha256:af0e7556f0e539db89bd3c097a7d30232191aa75bb1468752516841eebc574cc
#7 0.585 Reading package lists...
#7 2.059 Building dependency tree...
#7 2.271 Reading state information...
#7 2.300 Package python-minimal is not available, but is referred to by another package.
#7 2.300 This may mean that the package is missing, has been obsoleted, or
#7 2.300 is only available from another source
#7 2.300 However the following packages replace it:
#7 2.300   python2-minimal:i386 python2-minimal
#7 2.300 
#7 2.304 E: Package 'python-minimal' has no installation candidate
#7 ERROR: executor failed running [/bin/sh -c apt-get install -y     make     autoconf     automake     libtool     cmake     chrpath     libbz2-dev     zlib1g-dev     libjson-c-dev     build-essential     python-minimal     wget]: exit code: 100
------
 > importing cache manifest from gcr.io/fuzzbench/builders/benchmark/rnp_rnp:
------
------
 > [3/6] RUN apt-get install -y     make     autoconf     automake     libtool     cmake     chrpath     libbz2-dev     zlib1g-dev     libjson-c-dev     build-essential     python-minimal     wget:
------
executor failed running [/bin/sh -c apt-get install -y     make     autoconf     automake     libtool     cmake     chrpath     libbz2-dev     zlib1g-dev     libjson-c-dev     build-essential     python-minimal     wget]: exit code: 100
make: *** [docker/generated.mk:60985: .rnp_rnp-project-builder] Error 1
/bin/sh: 1: source: not found
#2 [internal] load .dockerignore
#2 sha256:0226494aac73433d342b5ff1a1259490370365a680e5772602df836a24156014
#2 transferring context: 2B done
#2 DONE 0.2s

#1 [internal] load build definition from Dockerfile
#1 sha256:1c731888810b3f30ac095cf047b6120ea7868f3217566a0451d3744703658bea
#1 transferring dockerfile: 32B done
#1 DONE 0.2s

#3 [internal] load metadata for gcr.io/oss-fuzz-base/base-builder:latest
#3 sha256:f10dc39cc9d418a5bc416dead31a1902b6821fdae909cd3b08f7a3fd1faba7b5
#3 DONE 0.4s

#10 [internal] load build context
#10 sha256:ff7e26d2b7223c43f8d777f2c1d72c8e485cc2be18440878dae28decd4b76138
#10 DONE 0.0s

#5 [1/6] FROM gcr.io/oss-fuzz-base/base-builder@sha256:4ad017ca53699eda684c1c444948c93a4af848fe34baee3a765d3c4693fe6a56
#5 sha256:3f10b3978a3951f6e2692fa5e5890ee5a755650381dedece7198ed0b1dcdaa8c
#5 DONE 0.0s

#4 importing cache manifest from gcr.io/fuzzbench/builders/benchmark/rnp_rnp
#4 sha256:b9d2186777b6b4d48cddc56bb0cd12f2b97315efb817296f6c92d5433442826f
#4 ERROR: gcr.io/fuzzbench/builders/benchmark/rnp_rnp:latest: not found

#6 [2/6] RUN apt-get update
#6 sha256:a6d77b38cea6957484d7ea86a58c6509c63c4bd904ad6c8458b9778c2cf52475
#6 CACHED

#10 [internal] load build context
#10 sha256:ff7e26d2b7223c43f8d777f2c1d72c8e485cc2be18440878dae28decd4b76138
#10 transferring context: 30B done
#10 DONE 0.0s

#7 [3/6] RUN apt-get install -y     make     autoconf     automake     libtool     cmake     chrpath     libbz2-dev     zlib1g-dev     libjson-c-dev     build-essential     python-minimal     wget
#7 sha256:af0e7556f0e539db89bd3c097a7d30232191aa75bb1468752516841eebc574cc
#7 0.452 Reading package lists...
#7 1.871 Building dependency tree...
#7 2.081 Reading state information...
#7 2.110 Package python-minimal is not available, but is referred to by another package.
#7 2.110 This may mean that the package is missing, has been obsoleted, or
#7 2.110 is only available from another source
#7 2.110 However the following packages replace it:
#7 2.110   python2-minimal:i386 python2-minimal
#7 2.110 
#7 2.114 E: Package 'python-minimal' has no installation candidate
#7 ERROR: executor failed running [/bin/sh -c apt-get install -y     make     autoconf     automake     libtool     cmake     chrpath     libbz2-dev     zlib1g-dev     libjson-c-dev     build-essential     python-minimal     wget]: exit code: 100
------
 > importing cache manifest from gcr.io/fuzzbench/builders/benchmark/rnp_rnp:
------
------
 > [3/6] RUN apt-get install -y     make     autoconf     automake     libtool     cmake     chrpath     libbz2-dev     zlib1g-dev     libjson-c-dev     build-essential     python-minimal     wget:
------
executor failed running [/bin/sh -c apt-get install -y     make     autoconf     automake     libtool     cmake     chrpath     libbz2-dev     zlib1g-dev     libjson-c-dev     build-essential     python-minimal     wget]: exit code: 100
make: *** [docker/generated.mk:60985: .rnp_rnp-project-builder] Error 1
