WARNING:root:gcloud not found in PATH.
INFO:root:Successfully integrated benchmark: openssh_openssh.
INFO:root:Please run "make test-run-afl-openssh_openssh" to test integration.
#1 [internal] load build definition from Dockerfile
#1 sha256:32b45402ee0b47b16254526fee1e53131ba48d383f46dd097c4e0ac91f71cc25
#1 transferring dockerfile: 1.09kB done
#1 DONE 0.0s

#2 [internal] load .dockerignore
#2 sha256:8547fa5917261b83943b36bc453032101246baff170178ba388a39b2bbf59158
#2 transferring context: 2B done
#2 DONE 0.0s

#3 [internal] load metadata for gcr.io/oss-fuzz-base/base-builder:latest
#3 sha256:f10dc39cc9d418a5bc416dead31a1902b6821fdae909cd3b08f7a3fd1faba7b5
#3 DONE 0.3s

#11 [internal] load build context
#11 sha256:05eeaa3ce77858713002f067a3d63e49ce8c803e0b05a35f520542b3a1af966a
#11 DONE 0.0s

#5 [1/7] FROM gcr.io/oss-fuzz-base/base-builder@sha256:4ad017ca53699eda684c1c444948c93a4af848fe34baee3a765d3c4693fe6a56
#5 sha256:3f10b3978a3951f6e2692fa5e5890ee5a755650381dedece7198ed0b1dcdaa8c
#5 DONE 0.0s

#4 importing cache manifest from gcr.io/fuzzbench/builders/benchmark/openssh_openssh
#4 sha256:2b7e89deb048107550e867fa5978fa1ee0015d830dfb39128c7f3ecea3841cdb
#4 ERROR: gcr.io/fuzzbench/builders/benchmark/openssh_openssh:latest: not found

#6 [2/7] RUN apt-get update && apt-get install -y make autoconf automake libtool
#6 sha256:e94c22665874d420ced0c3b871f4947e168d3bab9afd9b749baffcff0f8f695f
#6 CACHED

#11 [internal] load build context
#11 sha256:05eeaa3ce77858713002f067a3d63e49ce8c803e0b05a35f520542b3a1af966a
#11 transferring context: 2.32kB done
#11 DONE 0.0s

#7 [3/7] RUN apt-get install -y libz-dev libssl1.0.0 libssl-dev libedit-dev zip
#7 sha256:769c7545d2e3bc5f2f8e2c12fbc08397a79894d1eae4d6b3567607f84f598ef8
#7 0.431 Reading package lists...
#7 1.846 Building dependency tree...
#7 2.057 Reading state information...
#7 2.087 Package libssl1.0.0 is not available, but is referred to by another package.
#7 2.087 This may mean that the package is missing, has been obsoleted, or
#7 2.087 is only available from another source
#7 2.087 
#7 2.091 E: Package 'libssl1.0.0' has no installation candidate
#7 ERROR: executor failed running [/bin/sh -c apt-get install -y libz-dev libssl1.0.0 libssl-dev libedit-dev zip]: exit code: 100
------
 > importing cache manifest from gcr.io/fuzzbench/builders/benchmark/openssh_openssh:
------
------
 > [3/7] RUN apt-get install -y libz-dev libssl1.0.0 libssl-dev libedit-dev zip:
------
executor failed running [/bin/sh -c apt-get install -y libz-dev libssl1.0.0 libssl-dev libedit-dev zip]: exit code: 100
make: *** [docker/generated.mk:50800: .openssh_openssh-project-builder] Error 1
/bin/sh: 1: source: not found
#1 [internal] load build definition from Dockerfile
#1 sha256:e67c655c97a0a1168b2fe40a96497dd36344771bbdf5caad9dcbfd6beca5c688
#1 transferring dockerfile: 32B done
#1 DONE 0.0s

#2 [internal] load .dockerignore
#2 sha256:49d7dd21a98ff8ee87d0d8db52507972de430064ef3fd238c6c382f148c2b2b7
#2 transferring context: 2B done
#2 DONE 0.0s

#3 [internal] load metadata for gcr.io/oss-fuzz-base/base-builder:latest
#3 sha256:f10dc39cc9d418a5bc416dead31a1902b6821fdae909cd3b08f7a3fd1faba7b5
#3 DONE 0.4s

#11 [internal] load build context
#11 sha256:cba8bda008ed6343f4ec953e4d1bcc496b093390959cd145183fd7a68d1b3939
#11 DONE 0.0s

#5 [1/7] FROM gcr.io/oss-fuzz-base/base-builder@sha256:4ad017ca53699eda684c1c444948c93a4af848fe34baee3a765d3c4693fe6a56
#5 sha256:3f10b3978a3951f6e2692fa5e5890ee5a755650381dedece7198ed0b1dcdaa8c
#5 DONE 0.0s

#4 importing cache manifest from gcr.io/fuzzbench/builders/benchmark/openssh_openssh
#4 sha256:2b7e89deb048107550e867fa5978fa1ee0015d830dfb39128c7f3ecea3841cdb
#4 ERROR: gcr.io/fuzzbench/builders/benchmark/openssh_openssh:latest: not found

#6 [2/7] RUN apt-get update && apt-get install -y make autoconf automake libtool
#6 sha256:e94c22665874d420ced0c3b871f4947e168d3bab9afd9b749baffcff0f8f695f
#6 CACHED

#11 [internal] load build context
#11 sha256:cba8bda008ed6343f4ec953e4d1bcc496b093390959cd145183fd7a68d1b3939
#11 transferring context: 30B done
#11 DONE 0.0s

#7 [3/7] RUN apt-get install -y libz-dev libssl1.0.0 libssl-dev libedit-dev zip
#7 sha256:769c7545d2e3bc5f2f8e2c12fbc08397a79894d1eae4d6b3567607f84f598ef8
#7 0.416 Reading package lists...
#7 1.832 Building dependency tree...
#7 2.044 Reading state information...
#7 2.073 Package libssl1.0.0 is not available, but is referred to by another package.
#7 2.073 This may mean that the package is missing, has been obsoleted, or
#7 2.073 is only available from another source
#7 2.073 
#7 2.078 E: Package 'libssl1.0.0' has no installation candidate
#7 ERROR: executor failed running [/bin/sh -c apt-get install -y libz-dev libssl1.0.0 libssl-dev libedit-dev zip]: exit code: 100
------
 > importing cache manifest from gcr.io/fuzzbench/builders/benchmark/openssh_openssh:
------
------
 > [3/7] RUN apt-get install -y libz-dev libssl1.0.0 libssl-dev libedit-dev zip:
------
executor failed running [/bin/sh -c apt-get install -y libz-dev libssl1.0.0 libssl-dev libedit-dev zip]: exit code: 100
make: *** [docker/generated.mk:50800: .openssh_openssh-project-builder] Error 1
