WARNING:root:gcloud not found in PATH.
INFO:root:Successfully integrated benchmark: solidity_solidity.
INFO:root:Please run "make test-run-afl-solidity_solidity" to test integration.
#1 [internal] load build definition from Dockerfile
#1 sha256:3b8cce261dbc9e623f9892483c94f1aacb617486939263c72ad712c0e47ed1a9
#1 transferring dockerfile: 3.08kB done
#1 DONE 0.1s

#2 [internal] load .dockerignore
#2 sha256:2cc5b2cf04a823e8965eb35d5f53a5d093f00872fd417383d35f73d38c6865e6
#2 transferring context: 2B done
#2 DONE 0.1s

#3 [internal] load metadata for gcr.io/oss-fuzz-base/base-builder:latest
#3 sha256:f10dc39cc9d418a5bc416dead31a1902b6821fdae909cd3b08f7a3fd1faba7b5
#3 DONE 0.4s

#15 [internal] load build context
#15 sha256:29b73f83c2dccc24605ff0140f86121f0e3d72d344d5103b895628152a92f5af
#15 DONE 0.0s

#5 [ 1/11] FROM gcr.io/oss-fuzz-base/base-builder@sha256:4ad017ca53699eda684c1c444948c93a4af848fe34baee3a765d3c4693fe6a56
#5 sha256:3f10b3978a3951f6e2692fa5e5890ee5a755650381dedece7198ed0b1dcdaa8c
#5 DONE 0.0s

#4 importing cache manifest from gcr.io/fuzzbench/builders/benchmark/solidity_solidity
#4 sha256:c05fea3a471b820607a299fe8f3721ee3def2f7b9b8e78851abce3cdcc7cd46d
#4 ERROR: gcr.io/fuzzbench/builders/benchmark/solidity_solidity:latest: not found

#5 [ 1/11] FROM gcr.io/oss-fuzz-base/base-builder@sha256:4ad017ca53699eda684c1c444948c93a4af848fe34baee3a765d3c4693fe6a56
#5 sha256:3f10b3978a3951f6e2692fa5e5890ee5a755650381dedece7198ed0b1dcdaa8c
#5 CACHED

#6 [ 2/11] RUN apt-get update && apt-get install -y make autoconf automake libtool     build-essential libbz2-dev ninja-build zlib1g-dev wget python python-dev     liblzma-dev uuid-dev pkg-config openjdk-8-jdk unzip mlton
#6 sha256:cb00f07cbcd97436412c7f4dbd75cae3078f966406fa442dfb0a2254c24a7931
#6 ...

#15 [internal] load build context
#15 sha256:29b73f83c2dccc24605ff0140f86121f0e3d72d344d5103b895628152a92f5af
#15 transferring context: 2.71kB done
#15 DONE 0.1s

#6 [ 2/11] RUN apt-get update && apt-get install -y make autoconf automake libtool     build-essential libbz2-dev ninja-build zlib1g-dev wget python python-dev     liblzma-dev uuid-dev pkg-config openjdk-8-jdk unzip mlton
#6 sha256:cb00f07cbcd97436412c7f4dbd75cae3078f966406fa442dfb0a2254c24a7931
#6 0.603 Hit:1 http://ppa.launchpad.net/git-core/ppa/ubuntu focal InRelease
#6 0.603 Hit:2 http://archive.ubuntu.com/ubuntu focal InRelease
#6 0.603 Get:3 http://security.ubuntu.com/ubuntu focal-security InRelease [114 kB]
#6 0.614 Get:4 http://archive.ubuntu.com/ubuntu focal-updates InRelease [114 kB]
#6 0.701 Get:5 http://archive.ubuntu.com/ubuntu focal-backports InRelease [108 kB]
#6 1.452 Fetched 336 kB in 1s (353 kB/s)
#6 1.452 Reading package lists...
#6 3.274 Reading package lists...
#6 4.708 Building dependency tree...
#6 4.920 Reading state information...
#6 5.146 make is already the newest version (4.2.1-1.2).
#6 5.146 make set to manually installed.
#6 5.146 unzip is already the newest version (6.0-25ubuntu1).
#6 5.146 unzip set to manually installed.
#6 5.146 build-essential is already the newest version (12.8ubuntu1.1).
#6 5.146 wget is already the newest version (1.20.3-1ubuntu2).
#6 5.146 The following additional packages will be installed:
#6 5.146   adwaita-icon-theme alsa-topology-conf alsa-ucm-conf at-spi2-core
#6 5.146   autotools-dev bzip2-doc ca-certificates-java fontconfig fontconfig-config
#6 5.146   fonts-dejavu-core fonts-dejavu-extra gtk-update-icon-cache
#6 5.146   hicolor-icon-theme humanity-icon-theme java-common libasound2
#6 5.146   libasound2-data libasyncns0 libatk-bridge2.0-0 libatk-wrapper-java
#6 5.146   libatk-wrapper-java-jni libatk1.0-0 libatk1.0-data libatspi2.0-0
#6 5.146   libavahi-client3 libavahi-common-data libavahi-common3 libcairo-gobject2
#6 5.146   libcairo2 libcups2 libdatrie1 libdrm-amdgpu1 libdrm-common libdrm-intel1
#6 5.146   libdrm-nouveau2 libdrm-radeon1 libdrm2 libexpat1-dev libflac8 libfontconfig1
#6 5.146   libfontenc1 libfreetype6 libfribidi0 libgail-common libgail18
#6 5.146   libgdk-pixbuf2.0-0 libgdk-pixbuf2.0-bin libgdk-pixbuf2.0-common libgif7
#6 5.146   libgl1 libgl1-mesa-dri libgl1-mesa-glx libglapi-mesa libglvnd0 libglx-mesa0
#6 5.146   libglx0 libgmp-dev libgmpxx4ldbl libgraphite2-3 libgtk2.0-0 libgtk2.0-bin
#6 5.147   libgtk2.0-common libharfbuzz0b libice-dev libice6 libjbig0 libjpeg-turbo8
#6 5.147   libjpeg8 liblcms2-2 libllvm12 libltdl-dev libltdl7 libnspr4 libnss3 libogg0
#6 5.147   libpango-1.0-0 libpangocairo-1.0-0 libpangoft2-1.0-0 libpciaccess0
#6 5.147   libpcsclite1 libpixman-1-0 libpng16-16 libpthread-stubs0-dev libpulse0
#6 5.147   libpython2-dev libpython2-stdlib libpython2.7 libpython2.7-dev
#6 5.147   libpython2.7-minimal libpython2.7-stdlib librsvg2-2 librsvg2-common
#6 5.147   libsensors-config libsensors5 libsigsegv2 libsm-dev libsm6 libsndfile1
#6 5.147   libthai-data libthai0 libtiff5 libvorbis0a libvorbisenc2 libvulkan1
#6 5.147   libwayland-client0 libwebp6 libwrap0 libx11-dev libx11-xcb1 libxau-dev
#6 5.147   libxaw7 libxcb-dri2-0 libxcb-dri3-0 libxcb-glx0 libxcb-present0
#6 5.147   libxcb-randr0 libxcb-render0 libxcb-shape0 libxcb-shm0 libxcb-sync1
#6 5.147   libxcb-xfixes0 libxcb1-dev libxcomposite1 libxcursor1 libxdamage1
#6 5.147   libxdmcp-dev libxfixes3 libxft2 libxi6 libxinerama1 libxkbfile1 libxmu6
#6 5.147   libxpm4 libxrandr2 libxrender1 libxshmfence1 libxt-dev libxt6 libxtst6
#6 5.147   libxv1 libxxf86dga1 libxxf86vm1 m4 mesa-vulkan-drivers mlton-basis
#6 5.147   mlton-compiler mlton-doc mlton-runtime-native mlton-runtime-x86-64-linux-gnu
#6 5.148   mlton-tools openjdk-8-jdk-headless openjdk-8-jre openjdk-8-jre-headless
#6 5.148   python2 python2-dev python2-minimal python2.7 python2.7-dev
#6 5.148   python2.7-minimal ubuntu-mono x11-common x11-utils x11proto-core-dev
#6 5.148   x11proto-dev xorg-sgml-doctools xtrans-dev
#6 5.151 Suggested packages:
#6 5.151   autoconf-archive gnu-standards autoconf-doc gettext default-jre
#6 5.151   libasound2-plugins alsa-utils cups-common gmp-doc libgmp10-doc libmpfr-dev
#6 5.151   gvfs libice-doc liblcms2-utils libtool-doc liblzma-doc pciutils pcscd
#6 5.151   pulseaudio librsvg2-bin lm-sensors libsm-doc gfortran | fortran95-compiler
#6 5.151   gcj-jdk libx11-doc libxcb-doc libxt-doc m4-doc openjdk-8-demo
#6 5.151   openjdk-8-source visualvm icedtea-8-plugin libnss-mdns fonts-ipafont-gothic
#6 5.151   fonts-ipafont-mincho fonts-wqy-microhei fonts-wqy-zenhei fonts-indic
#6 5.151   python2-doc python-tk python2.7-doc binfmt-support mesa-utils
#6 5.673 The following NEW packages will be installed:
#6 5.673   adwaita-icon-theme alsa-topology-conf alsa-ucm-conf at-spi2-core autoconf
#6 5.673   automake autotools-dev bzip2-doc ca-certificates-java fontconfig
#6 5.673   fontconfig-config fonts-dejavu-core fonts-dejavu-extra gtk-update-icon-cache
#6 5.674   hicolor-icon-theme humanity-icon-theme java-common libasound2
#6 5.674   libasound2-data libasyncns0 libatk-bridge2.0-0 libatk-wrapper-java
#6 5.674   libatk-wrapper-java-jni libatk1.0-0 libatk1.0-data libatspi2.0-0
#6 5.674   libavahi-client3 libavahi-common-data libavahi-common3 libbz2-dev
#6 5.674   libcairo-gobject2 libcairo2 libcups2 libdatrie1 libdrm-amdgpu1 libdrm-common
#6 5.674   libdrm-intel1 libdrm-nouveau2 libdrm-radeon1 libdrm2 libexpat1-dev libflac8
#6 5.674   libfontconfig1 libfontenc1 libfreetype6 libfribidi0 libgail-common libgail18
#6 5.674   libgdk-pixbuf2.0-0 libgdk-pixbuf2.0-bin libgdk-pixbuf2.0-common libgif7
#6 5.674   libgl1 libgl1-mesa-dri libgl1-mesa-glx libglapi-mesa libglvnd0 libglx-mesa0
#6 5.674   libglx0 libgmp-dev libgmpxx4ldbl libgraphite2-3 libgtk2.0-0 libgtk2.0-bin
#6 5.674   libgtk2.0-common libharfbuzz0b libice-dev libice6 libjbig0 libjpeg-turbo8
#6 5.674   libjpeg8 liblcms2-2 libllvm12 libltdl-dev libltdl7 liblzma-dev libnspr4
#6 5.674   libnss3 libogg0 libpango-1.0-0 libpangocairo-1.0-0 libpangoft2-1.0-0
#6 5.675   libpciaccess0 libpcsclite1 libpixman-1-0 libpng16-16 libpthread-stubs0-dev
#6 5.675   libpulse0 libpython2-dev libpython2-stdlib libpython2.7 libpython2.7-dev
#6 5.675   libpython2.7-minimal libpython2.7-stdlib librsvg2-2 librsvg2-common
#6 5.675   libsensors-config libsensors5 libsigsegv2 libsm-dev libsm6 libsndfile1
#6 5.675   libthai-data libthai0 libtiff5 libtool libvorbis0a libvorbisenc2 libvulkan1
#6 5.675   libwayland-client0 libwebp6 libwrap0 libx11-dev libx11-xcb1 libxau-dev
#6 5.675   libxaw7 libxcb-dri2-0 libxcb-dri3-0 libxcb-glx0 libxcb-present0
#6 5.675   libxcb-randr0 libxcb-render0 libxcb-shape0 libxcb-shm0 libxcb-sync1
#6 5.675   libxcb-xfixes0 libxcb1-dev libxcomposite1 libxcursor1 libxdamage1
#6 5.675   libxdmcp-dev libxfixes3 libxft2 libxi6 libxinerama1 libxkbfile1 libxmu6
#6 5.675   libxpm4 libxrandr2 libxrender1 libxshmfence1 libxt-dev libxt6 libxtst6
#6 5.675   libxv1 libxxf86dga1 libxxf86vm1 m4 mesa-vulkan-drivers mlton mlton-basis
#6 5.675   mlton-compiler mlton-doc mlton-runtime-native mlton-runtime-x86-64-linux-gnu
#6 5.675   mlton-tools ninja-build openjdk-8-jdk openjdk-8-jdk-headless openjdk-8-jre
#6 5.676   openjdk-8-jre-headless pkg-config python-dev-is-python2 python-is-python2
#6 5.676   python2 python2-dev python2-minimal python2.7 python2.7-dev
#6 5.676   python2.7-minimal ubuntu-mono uuid-dev x11-common x11-utils
#6 5.676   x11proto-core-dev x11proto-dev xorg-sgml-doctools xtrans-dev zlib1g-dev
#6 5.764 0 upgraded, 179 newly installed, 0 to remove and 0 not upgraded.
#6 5.764 Need to get 124 MB of archives.
#6 5.764 After this operation, 861 MB of additional disk space will be used.
#6 5.764 Get:1 http://archive.ubuntu.com/ubuntu focal-updates/universe amd64 libpython2.7-minimal amd64 2.7.18-1~20.04.1 [335 kB]
#6 5.893 Get:2 http://archive.ubuntu.com/ubuntu focal-updates/universe amd64 python2.7-minimal amd64 2.7.18-1~20.04.1 [1285 kB]
#6 5.998 Get:3 http://archive.ubuntu.com/ubuntu focal/universe amd64 python2-minimal amd64 2.7.17-2ubuntu4 [27.5 kB]
#6 6.001 Get:4 http://archive.ubuntu.com/ubuntu focal-updates/universe amd64 libpython2.7-stdlib amd64 2.7.18-1~20.04.1 [1887 kB]
#6 6.172 Get:5 http://archive.ubuntu.com/ubuntu focal-updates/universe amd64 python2.7 amd64 2.7.18-1~20.04.1 [248 kB]
#6 6.195 Get:6 http://archive.ubuntu.com/ubuntu focal/universe amd64 libpython2-stdlib amd64 2.7.17-2ubuntu4 [7072 B]
#6 6.195 Get:7 http://archive.ubuntu.com/ubuntu focal/universe amd64 python2 amd64 2.7.17-2ubuntu4 [26.5 kB]
#6 6.197 Get:8 http://archive.ubuntu.com/ubuntu focal/main amd64 libfribidi0 amd64 1.0.8-2 [23.8 kB]
#6 6.199 Get:9 http://archive.ubuntu.com/ubuntu focal-updates/main amd64 libdrm-common all 2.4.107-8ubuntu1~20.04.1 [5408 B]
#6 6.199 Get:10 http://archive.ubuntu.com/ubuntu focal-updates/main amd64 libdrm2 amd64 2.4.107-8ubuntu1~20.04.1 [34.1 kB]
#6 6.202 Get:11 http://archive.ubuntu.com/ubuntu focal/main amd64 libpng16-16 amd64 1.6.37-2 [179 kB]
#6 6.215 Get:12 http://archive.ubuntu.com/ubuntu focal/main amd64 hicolor-icon-theme all 0.17-2 [9976 B]
#6 6.216 Get:13 http://archive.ubuntu.com/ubuntu focal-updates/main amd64 libjpeg-turbo8 amd64 2.0.3-0ubuntu1.20.04.1 [117 kB]
#6 6.224 Get:14 http://archive.ubuntu.com/ubuntu focal/main amd64 libjpeg8 amd64 8c-2ubuntu8 [2194 B]
#6 6.247 Get:15 http://archive.ubuntu.com/ubuntu focal/main amd64 libjbig0 amd64 2.1-3.1build1 [26.7 kB]
#6 6.249 Get:16 http://archive.ubuntu.com/ubuntu focal-updates/main amd64 libwebp6 amd64 0.6.1-2ubuntu0.20.04.1 [185 kB]
#6 6.263 Get:17 http://archive.ubuntu.com/ubuntu focal-updates/main amd64 libtiff5 amd64 4.1.0+git191117-2ubuntu0.20.04.2 [162 kB]
#6 6.275 Get:18 http://archive.ubuntu.com/ubuntu focal-updates/main amd64 libgdk-pixbuf2.0-common all 2.40.0+dfsg-3ubuntu0.2 [4652 B]
#6 6.275 Get:19 http://archive.ubuntu.com/ubuntu focal-updates/main amd64 libgdk-pixbuf2.0-0 amd64 2.40.0+dfsg-3ubuntu0.2 [168 kB]
#6 6.288 Get:20 http://archive.ubuntu.com/ubuntu focal-updates/main amd64 gtk-update-icon-cache amd64 3.24.20-0ubuntu1 [28.9 kB]
#6 6.290 Get:21 http://archive.ubuntu.com/ubuntu focal-updates/main amd64 libfreetype6 amd64 2.10.1-2ubuntu0.1 [341 kB]
#6 6.315 Get:22 http://archive.ubuntu.com/ubuntu focal/main amd64 fonts-dejavu-core all 2.37-1 [1041 kB]
#6 6.392 Get:23 http://archive.ubuntu.com/ubuntu focal/main amd64 fontconfig-config all 2.13.1-2ubuntu3 [28.8 kB]
#6 6.394 Get:24 http://archive.ubuntu.com/ubuntu focal/main amd64 libfontconfig1 amd64 2.13.1-2ubuntu3 [114 kB]
#6 6.403 Get:25 http://archive.ubuntu.com/ubuntu focal/main amd64 libpixman-1-0 amd64 0.38.4-0ubuntu1 [227 kB]
#6 6.420 Get:26 http://archive.ubuntu.com/ubuntu focal/main amd64 libxcb-render0 amd64 1.14-2 [14.8 kB]
#6 6.421 Get:27 http://archive.ubuntu.com/ubuntu focal/main amd64 libxcb-shm0 amd64 1.14-2 [5584 B]
#6 6.422 Get:28 http://archive.ubuntu.com/ubuntu focal/main amd64 libxrender1 amd64 1:0.9.10-1 [18.7 kB]
#6 6.423 Get:29 http://archive.ubuntu.com/ubuntu focal/main amd64 libcairo2 amd64 1.16.0-4ubuntu1 [583 kB]
#6 6.466 Get:30 http://archive.ubuntu.com/ubuntu focal/main amd64 libcairo-gobject2 amd64 1.16.0-4ubuntu1 [17.2 kB]
#6 6.467 Get:31 http://archive.ubuntu.com/ubuntu focal/main amd64 fontconfig amd64 2.13.1-2ubuntu3 [171 kB]
#6 6.480 Get:32 http://archive.ubuntu.com/ubuntu focal/main amd64 libgraphite2-3 amd64 1.3.13-11build1 [73.5 kB]
#6 6.485 Get:33 http://archive.ubuntu.com/ubuntu focal/main amd64 libharfbuzz0b amd64 2.6.4-1ubuntu4 [391 kB]
#6 6.515 Get:34 http://archive.ubuntu.com/ubuntu focal/main amd64 libthai-data all 0.1.28-3 [134 kB]
#6 6.525 Get:35 http://archive.ubuntu.com/ubuntu focal/main amd64 libdatrie1 amd64 0.2.12-3 [18.7 kB]
#6 6.526 Get:36 http://archive.ubuntu.com/ubuntu focal/main amd64 libthai0 amd64 0.1.28-3 [18.1 kB]
#6 6.528 Get:37 http://archive.ubuntu.com/ubuntu focal/main amd64 libpango-1.0-0 amd64 1.44.7-2ubuntu4 [162 kB]
#6 6.540 Get:38 http://archive.ubuntu.com/ubuntu focal/main amd64 libpangoft2-1.0-0 amd64 1.44.7-2ubuntu4 [34.9 kB]
#6 6.542 Get:39 http://archive.ubuntu.com/ubuntu focal/main amd64 libpangocairo-1.0-0 amd64 1.44.7-2ubuntu4 [24.8 kB]
#6 6.544 Get:40 http://archive.ubuntu.com/ubuntu focal-updates/main amd64 librsvg2-2 amd64 2.48.9-1ubuntu0.20.04.1 [2253 kB]
#6 6.713 Get:41 http://archive.ubuntu.com/ubuntu focal-updates/main amd64 librsvg2-common amd64 2.48.9-1ubuntu0.20.04.1 [9212 B]
#6 6.713 Get:42 http://archive.ubuntu.com/ubuntu focal/main amd64 humanity-icon-theme all 0.6.15 [1250 kB]
#6 6.806 Get:43 http://archive.ubuntu.com/ubuntu focal/main amd64 ubuntu-mono all 19.04-0ubuntu3 [147 kB]
#6 6.817 Get:44 http://archive.ubuntu.com/ubuntu focal-updates/main amd64 adwaita-icon-theme all 3.36.1-2ubuntu0.20.04.2 [3441 kB]
#6 7.074 Get:45 http://archive.ubuntu.com/ubuntu focal/main amd64 alsa-topology-conf all 1.2.2-1 [7364 B]
#6 7.074 Get:46 http://archive.ubuntu.com/ubuntu focal-updates/main amd64 alsa-ucm-conf all 1.2.2-1ubuntu0.11 [26.9 kB]
#6 7.076 Get:47 http://archive.ubuntu.com/ubuntu focal/main amd64 libatspi2.0-0 amd64 2.36.0-2 [64.2 kB]
#6 7.081 Get:48 http://archive.ubuntu.com/ubuntu focal/main amd64 x11-common all 1:7.7+19ubuntu14 [22.3 kB]
#6 7.083 Get:49 http://archive.ubuntu.com/ubuntu focal/main amd64 libxtst6 amd64 2:1.2.3-1 [12.8 kB]
#6 7.084 Get:50 http://archive.ubuntu.com/ubuntu focal/main amd64 at-spi2-core amd64 2.36.0-2 [48.7 kB]
#6 7.087 Get:51 http://archive.ubuntu.com/ubuntu focal/main amd64 libsigsegv2 amd64 2.12-2 [13.9 kB]
#6 7.088 Get:52 http://archive.ubuntu.com/ubuntu focal/main amd64 m4 amd64 1.4.18-4 [199 kB]
#6 7.103 Get:53 http://archive.ubuntu.com/ubuntu focal/main amd64 autoconf all 2.69-11.1 [321 kB]
#6 7.146 Get:54 http://archive.ubuntu.com/ubuntu focal/main amd64 autotools-dev all 20180224.1 [39.6 kB]
#6 7.149 Get:55 http://archive.ubuntu.com/ubuntu focal/main amd64 automake all 1:1.16.1-4ubuntu6 [522 kB]
#6 7.188 Get:56 http://archive.ubuntu.com/ubuntu focal/main amd64 bzip2-doc all 1.0.8-2 [501 kB]
#6 7.225 Get:57 http://archive.ubuntu.com/ubuntu focal/main amd64 java-common all 0.72 [6816 B]
#6 7.225 Get:58 http://archive.ubuntu.com/ubuntu focal-updates/main amd64 libavahi-common-data amd64 0.7-4ubuntu7.1 [21.4 kB]
#6 7.227 Get:59 http://archive.ubuntu.com/ubuntu focal-updates/main amd64 libavahi-common3 amd64 0.7-4ubuntu7.1 [21.7 kB]
#6 7.229 Get:60 http://archive.ubuntu.com/ubuntu focal-updates/main amd64 libavahi-client3 amd64 0.7-4ubuntu7.1 [25.5 kB]
#6 7.230 Get:61 http://archive.ubuntu.com/ubuntu focal-updates/main amd64 libcups2 amd64 2.3.1-9ubuntu1.1 [233 kB]
#6 7.248 Get:62 http://archive.ubuntu.com/ubuntu focal/main amd64 liblcms2-2 amd64 2.9-4 [140 kB]
#6 7.258 Get:63 http://archive.ubuntu.com/ubuntu focal/main amd64 libnspr4 amd64 2:4.25-1 [107 kB]
#6 7.266 Get:64 http://archive.ubuntu.com/ubuntu focal-updates/main amd64 libnss3 amd64 2:3.49.1-1ubuntu1.6 [1256 kB]
#6 7.359 Get:65 http://archive.ubuntu.com/ubuntu focal/main amd64 libpcsclite1 amd64 1.8.26-3 [22.0 kB]
#6 7.361 Get:66 http://archive.ubuntu.com/ubuntu focal/main amd64 libxi6 amd64 2:1.7.10-0ubuntu1 [29.9 kB]
#6 7.363 Get:67 http://archive.ubuntu.com/ubuntu focal-updates/universe amd64 openjdk-8-jre-headless amd64 8u312-b07-0ubuntu1~20.04 [28.2 MB]
#6 9.658 Get:68 http://archive.ubuntu.com/ubuntu focal/main amd64 ca-certificates-java all 20190405ubuntu1 [12.2 kB]
#6 9.658 Get:69 http://archive.ubuntu.com/ubuntu focal/main amd64 fonts-dejavu-extra all 2.37-1 [1953 kB]
#6 9.682 Get:70 http://archive.ubuntu.com/ubuntu focal-updates/main amd64 libasound2-data all 1.2.2-2.1ubuntu2.5 [20.1 kB]
#6 9.683 Get:71 http://archive.ubuntu.com/ubuntu focal-updates/main amd64 libasound2 amd64 1.2.2-2.1ubuntu2.5 [335 kB]
#6 9.689 Get:72 http://archive.ubuntu.com/ubuntu focal/main amd64 libasyncns0 amd64 0.8-6 [12.1 kB]
#6 9.689 Get:73 http://archive.ubuntu.com/ubuntu focal/main amd64 libatk1.0-data all 2.35.1-1ubuntu2 [2964 B]
#6 9.690 Get:74 http://archive.ubuntu.com/ubuntu focal/main amd64 libatk1.0-0 amd64 2.35.1-1ubuntu2 [45.5 kB]
#6 9.691 Get:75 http://archive.ubuntu.com/ubuntu focal-updates/main amd64 libatk-bridge2.0-0 amd64 2.34.2-0ubuntu2~20.04.1 [58.2 kB]
#6 9.692 Get:76 http://archive.ubuntu.com/ubuntu focal/main amd64 libfontenc1 amd64 1:1.1.4-0ubuntu1 [14.0 kB]
#6 9.692 Get:77 http://archive.ubuntu.com/ubuntu focal-updates/main amd64 libglvnd0 amd64 1.3.2-1~ubuntu0.20.04.1 [51.4 kB]
#6 9.704 Get:78 http://archive.ubuntu.com/ubuntu focal-updates/main amd64 libglapi-mesa amd64 21.2.6-0ubuntu0.1~20.04.1 [27.3 kB]
#6 9.727 Get:79 http://archive.ubuntu.com/ubuntu focal-updates/main amd64 libx11-xcb1 amd64 2:1.6.9-2ubuntu1.2 [9372 B]
#6 9.728 Get:80 http://archive.ubuntu.com/ubuntu focal/main amd64 libxcb-dri2-0 amd64 1.14-2 [6920 B]
#6 9.730 Get:81 http://archive.ubuntu.com/ubuntu focal/main amd64 libxcb-dri3-0 amd64 1.14-2 [6552 B]
#6 9.731 Get:82 http://archive.ubuntu.com/ubuntu focal/main amd64 libxcb-glx0 amd64 1.14-2 [22.1 kB]
#6 9.732 Get:83 http://archive.ubuntu.com/ubuntu focal/main amd64 libxcb-present0 amd64 1.14-2 [5560 B]
#6 9.733 Get:84 http://archive.ubuntu.com/ubuntu focal/main amd64 libxcb-sync1 amd64 1.14-2 [8884 B]
#6 9.734 Get:85 http://archive.ubuntu.com/ubuntu focal/main amd64 libxcb-xfixes0 amd64 1.14-2 [9296 B]
#6 9.734 Get:86 http://archive.ubuntu.com/ubuntu focal/main amd64 libxfixes3 amd64 1:5.0.3-2 [10.9 kB]
#6 9.735 Get:87 http://archive.ubuntu.com/ubuntu focal/main amd64 libxshmfence1 amd64 1.3-1 [5028 B]
#6 9.750 Get:88 http://archive.ubuntu.com/ubuntu focal/main amd64 libxxf86vm1 amd64 1:1.1.4-1build1 [10.2 kB]
#6 9.760 Get:89 http://archive.ubuntu.com/ubuntu focal-updates/main amd64 libdrm-amdgpu1 amd64 2.4.107-8ubuntu1~20.04.1 [18.4 kB]
#6 9.761 Get:90 http://archive.ubuntu.com/ubuntu focal/main amd64 libpciaccess0 amd64 0.16-0ubuntu1 [17.9 kB]
#6 9.763 Get:91 http://archive.ubuntu.com/ubuntu focal-updates/main amd64 libdrm-intel1 amd64 2.4.107-8ubuntu1~20.04.1 [60.3 kB]
#6 9.767 Get:92 http://archive.ubuntu.com/ubuntu focal-updates/main amd64 libdrm-nouveau2 amd64 2.4.107-8ubuntu1~20.04.1 [16.6 kB]
#6 9.768 Get:93 http://archive.ubuntu.com/ubuntu focal-updates/main amd64 libdrm-radeon1 amd64 2.4.107-8ubuntu1~20.04.1 [19.7 kB]
#6 9.770 Get:94 http://archive.ubuntu.com/ubuntu focal-updates/main amd64 libllvm12 amd64 1:12.0.0-3ubuntu1~20.04.4 [18.8 MB]
#6 11.23 Get:95 http://archive.ubuntu.com/ubuntu focal/main amd64 libsensors-config all 1:3.6.0-2ubuntu1 [6092 B]
#6 11.23 Get:96 http://archive.ubuntu.com/ubuntu focal/main amd64 libsensors5 amd64 1:3.6.0-2ubuntu1 [27.4 kB]
#6 11.23 Get:97 http://archive.ubuntu.com/ubuntu focal/main amd64 libvulkan1 amd64 1.2.131.2-1 [93.3 kB]
#6 11.23 Get:98 http://archive.ubuntu.com/ubuntu focal-updates/main amd64 libgl1-mesa-dri amd64 21.2.6-0ubuntu0.1~20.04.1 [11.0 MB]
#6 12.06 Get:99 http://archive.ubuntu.com/ubuntu focal-updates/main amd64 libglx-mesa0 amd64 21.2.6-0ubuntu0.1~20.04.1 [137 kB]
#6 12.06 Get:100 http://archive.ubuntu.com/ubuntu focal-updates/main amd64 libglx0 amd64 1.3.2-1~ubuntu0.20.04.1 [32.6 kB]
#6 12.06 Get:101 http://archive.ubuntu.com/ubuntu focal-updates/main amd64 libgl1 amd64 1.3.2-1~ubuntu0.20.04.1 [86.9 kB]
#6 12.11 Get:102 http://archive.ubuntu.com/ubuntu focal/main amd64 libice6 amd64 2:1.0.10-0ubuntu1 [41.0 kB]
#6 12.17 Get:103 http://archive.ubuntu.com/ubuntu focal/main amd64 libsm6 amd64 2:1.2.3-1 [16.1 kB]
#6 12.17 Get:104 http://archive.ubuntu.com/ubuntu focal/main amd64 libxt6 amd64 1:1.1.5-1 [160 kB]
#6 12.22 Get:105 http://archive.ubuntu.com/ubuntu focal/main amd64 libxmu6 amd64 2:1.1.3-0ubuntu1 [45.8 kB]
#6 12.23 Get:106 http://archive.ubuntu.com/ubuntu focal/main amd64 libxpm4 amd64 1:3.5.12-1 [34.0 kB]
#6 12.23 Get:107 http://archive.ubuntu.com/ubuntu focal/main amd64 libxaw7 amd64 2:1.0.13-1 [173 kB]
#6 12.25 Get:108 http://archive.ubuntu.com/ubuntu focal/main amd64 libxcb-shape0 amd64 1.14-2 [5928 B]
#6 12.25 Get:109 http://archive.ubuntu.com/ubuntu focal/main amd64 libxcomposite1 amd64 1:0.4.5-1 [6976 B]
#6 12.25 Get:110 http://archive.ubuntu.com/ubuntu focal/main amd64 libxft2 amd64 2.3.3-0ubuntu1 [39.2 kB]
#6 12.25 Get:111 http://archive.ubuntu.com/ubuntu focal/main amd64 libxinerama1 amd64 2:1.1.4-2 [6904 B]
#6 12.25 Get:112 http://archive.ubuntu.com/ubuntu focal/main amd64 libxkbfile1 amd64 1:1.1.0-1 [65.3 kB]
#6 12.26 Get:113 http://archive.ubuntu.com/ubuntu focal/main amd64 libxrandr2 amd64 2:1.5.2-0ubuntu1 [18.5 kB]
#6 12.26 Get:114 http://archive.ubuntu.com/ubuntu focal/main amd64 libxv1 amd64 2:1.0.11-1 [10.7 kB]
#6 12.27 Get:115 http://archive.ubuntu.com/ubuntu focal/main amd64 libxxf86dga1 amd64 2:1.1.5-0ubuntu1 [12.0 kB]
#6 12.27 Get:116 http://archive.ubuntu.com/ubuntu focal/main amd64 x11-utils amd64 7.7+5 [199 kB]
#6 12.30 Get:117 http://archive.ubuntu.com/ubuntu focal/main amd64 libatk-wrapper-java all 0.37.1-1 [53.0 kB]
#6 12.30 Get:118 http://archive.ubuntu.com/ubuntu focal/main amd64 libatk-wrapper-java-jni amd64 0.37.1-1 [45.1 kB]
#6 12.30 Get:119 http://archive.ubuntu.com/ubuntu focal/main amd64 libbz2-dev amd64 1.0.8-2 [30.2 kB]
#6 12.31 Get:120 http://archive.ubuntu.com/ubuntu focal/main amd64 libexpat1-dev amd64 2.2.9-1build1 [116 kB]
#6 12.31 Get:121 http://archive.ubuntu.com/ubuntu focal/main amd64 libogg0 amd64 1.3.4-0ubuntu1 [24.0 kB]
#6 12.32 Get:122 http://archive.ubuntu.com/ubuntu focal/main amd64 libflac8 amd64 1.3.3-1build1 [103 kB]
#6 12.32 Get:123 http://archive.ubuntu.com/ubuntu focal/main amd64 libgtk2.0-common all 2.24.32-4ubuntu4 [126 kB]
#6 12.33 Get:124 http://archive.ubuntu.com/ubuntu focal/main amd64 libxcursor1 amd64 1:1.2.0-2 [20.1 kB]
#6 12.33 Get:125 http://archive.ubuntu.com/ubuntu focal/main amd64 libxdamage1 amd64 1:1.1.5-2 [6996 B]
#6 12.33 Get:126 http://archive.ubuntu.com/ubuntu focal/main amd64 libgtk2.0-0 amd64 2.24.32-4ubuntu4 [1791 kB]
#6 12.47 Get:127 http://archive.ubuntu.com/ubuntu focal/main amd64 libgail18 amd64 2.24.32-4ubuntu4 [14.7 kB]
#6 12.47 Get:128 http://archive.ubuntu.com/ubuntu focal/main amd64 libgail-common amd64 2.24.32-4ubuntu4 [116 kB]
#6 12.48 Get:129 http://archive.ubuntu.com/ubuntu focal-updates/main amd64 libgdk-pixbuf2.0-bin amd64 2.40.0+dfsg-3ubuntu0.2 [14.1 kB]
#6 12.48 Get:130 http://archive.ubuntu.com/ubuntu focal/main amd64 libgif7 amd64 5.1.9-1 [32.2 kB]
#6 12.48 Get:131 http://archive.ubuntu.com/ubuntu focal-updates/main amd64 libgl1-mesa-glx amd64 21.2.6-0ubuntu0.1~20.04.1 [5536 B]
#6 12.48 Get:132 http://archive.ubuntu.com/ubuntu focal/main amd64 libgmpxx4ldbl amd64 2:6.2.0+dfsg-4 [9128 B]
#6 12.48 Get:133 http://archive.ubuntu.com/ubuntu focal/main amd64 libgmp-dev amd64 2:6.2.0+dfsg-4 [320 kB]
#6 12.51 Get:134 http://archive.ubuntu.com/ubuntu focal/main amd64 libgtk2.0-bin amd64 2.24.32-4ubuntu4 [7728 B]
#6 12.51 Get:135 http://archive.ubuntu.com/ubuntu focal/main amd64 xorg-sgml-doctools all 1:1.11-1 [12.9 kB]
#6 12.51 Get:136 http://archive.ubuntu.com/ubuntu focal/main amd64 x11proto-dev all 2019.2-1ubuntu1 [594 kB]
#6 12.55 Get:137 http://archive.ubuntu.com/ubuntu focal/main amd64 x11proto-core-dev all 2019.2-1ubuntu1 [2620 B]
#6 12.55 Get:138 http://archive.ubuntu.com/ubuntu focal/main amd64 libice-dev amd64 2:1.0.10-0ubuntu1 [47.8 kB]
#6 12.55 Get:139 http://archive.ubuntu.com/ubuntu focal/main amd64 libltdl7 amd64 2.4.6-14 [38.5 kB]
#6 12.56 Get:140 http://archive.ubuntu.com/ubuntu focal/main amd64 libltdl-dev amd64 2.4.6-14 [162 kB]
#6 12.57 Get:141 http://archive.ubuntu.com/ubuntu focal/main amd64 libpthread-stubs0-dev amd64 0.4-1 [5384 B]
#6 12.57 Get:142 http://archive.ubuntu.com/ubuntu focal/main amd64 libvorbis0a amd64 1.3.6-2ubuntu1 [87.0 kB]
#6 12.58 Get:143 http://archive.ubuntu.com/ubuntu focal/main amd64 libvorbisenc2 amd64 1.3.6-2ubuntu1 [70.7 kB]
#6 12.58 Get:144 http://archive.ubuntu.com/ubuntu focal-updates/main amd64 libsndfile1 amd64 1.0.28-7ubuntu0.1 [170 kB]
#6 12.59 Get:145 http://archive.ubuntu.com/ubuntu focal/main amd64 libwrap0 amd64 7.6.q-30 [46.3 kB]
#6 12.61 Get:146 http://archive.ubuntu.com/ubuntu focal-updates/main amd64 libpulse0 amd64 1:13.99.1-1ubuntu3.13 [262 kB]
#6 12.63 Get:147 http://archive.ubuntu.com/ubuntu focal-updates/universe amd64 libpython2.7 amd64 2.7.18-1~20.04.1 [1038 kB]
#6 12.70 Get:148 http://archive.ubuntu.com/ubuntu focal-updates/universe amd64 libpython2.7-dev amd64 2.7.18-1~20.04.1 [2475 kB]
#6 12.89 Get:149 http://archive.ubuntu.com/ubuntu focal/universe amd64 libpython2-dev amd64 2.7.17-2ubuntu4 [7140 B]
#6 12.89 Get:150 http://archive.ubuntu.com/ubuntu focal/main amd64 libsm-dev amd64 2:1.2.3-1 [17.0 kB]
#6 12.89 Get:151 http://archive.ubuntu.com/ubuntu focal/main amd64 libtool all 2.4.6-14 [161 kB]
#6 12.90 Get:152 http://archive.ubuntu.com/ubuntu focal/main amd64 libwayland-client0 amd64 1.18.0-1 [23.9 kB]
#6 12.90 Get:153 http://archive.ubuntu.com/ubuntu focal/main amd64 libxau-dev amd64 1:1.0.9-0ubuntu1 [9552 B]
#6 12.90 Get:154 http://archive.ubuntu.com/ubuntu focal/main amd64 libxdmcp-dev amd64 1:1.1.3-0ubuntu1 [25.3 kB]
#6 12.90 Get:155 http://archive.ubuntu.com/ubuntu focal/main amd64 xtrans-dev all 1.4.0-1 [68.9 kB]
#6 12.91 Get:156 http://archive.ubuntu.com/ubuntu focal/main amd64 libxcb1-dev amd64 1.14-2 [80.5 kB]
#6 12.91 Get:157 http://archive.ubuntu.com/ubuntu focal-updates/main amd64 libx11-dev amd64 2:1.6.9-2ubuntu1.2 [647 kB]
#6 12.96 Get:158 http://archive.ubuntu.com/ubuntu focal/main amd64 libxcb-randr0 amd64 1.14-2 [16.3 kB]
#6 12.96 Get:159 http://archive.ubuntu.com/ubuntu focal/main amd64 libxt-dev amd64 1:1.1.5-1 [395 kB]
#6 12.99 Get:160 http://archive.ubuntu.com/ubuntu focal-updates/main amd64 mesa-vulkan-drivers amd64 21.2.6-0ubuntu0.1~20.04.1 [5784 kB]
#6 13.43 Get:161 http://archive.ubuntu.com/ubuntu focal/universe amd64 mlton-basis all 20130715-3 [1501 kB]
#6 13.54 Get:162 http://archive.ubuntu.com/ubuntu focal/universe amd64 mlton-runtime-x86-64-linux-gnu amd64 20130715-3 [195 kB]
#6 13.55 Get:163 http://archive.ubuntu.com/ubuntu focal/universe amd64 mlton-runtime-native amd64 20130715-3 [3012 B]
#6 13.55 Get:164 http://archive.ubuntu.com/ubuntu focal/universe amd64 mlton-compiler amd64 20130715-3 [2826 kB]
#6 13.76 Get:165 http://archive.ubuntu.com/ubuntu focal/universe amd64 mlton-tools amd64 20130715-3 [1123 kB]
#6 13.85 Get:166 http://archive.ubuntu.com/ubuntu focal/universe amd64 mlton-doc all 20130715-3 [10.0 MB]
#6 14.68 Get:167 http://archive.ubuntu.com/ubuntu focal/universe amd64 mlton all 20130715-3 [3812 B]
#6 14.68 Get:168 http://archive.ubuntu.com/ubuntu focal/universe amd64 ninja-build amd64 1.10.0-1build1 [107 kB]
#6 14.69 Get:169 http://archive.ubuntu.com/ubuntu focal-updates/universe amd64 openjdk-8-jre amd64 8u312-b07-0ubuntu1~20.04 [69.9 kB]
#6 14.69 Get:170 http://archive.ubuntu.com/ubuntu focal-updates/universe amd64 openjdk-8-jdk-headless amd64 8u312-b07-0ubuntu1~20.04 [8295 kB]
#6 15.23 Get:171 http://archive.ubuntu.com/ubuntu focal-updates/universe amd64 openjdk-8-jdk amd64 8u312-b07-0ubuntu1~20.04 [2969 kB]
#6 15.45 Get:172 http://archive.ubuntu.com/ubuntu focal/main amd64 pkg-config amd64 0.29.1-0ubuntu4 [45.5 kB]
#6 15.45 Get:173 http://archive.ubuntu.com/ubuntu focal/universe amd64 python-is-python2 all 2.7.17-4 [2496 B]
#6 15.45 Get:174 http://archive.ubuntu.com/ubuntu focal-updates/universe amd64 python2.7-dev amd64 2.7.18-1~20.04.1 [287 kB]
#6 15.47 Get:175 http://archive.ubuntu.com/ubuntu focal/universe amd64 python2-dev amd64 2.7.17-2ubuntu4 [1268 B]
#6 15.47 Get:176 http://archive.ubuntu.com/ubuntu focal/universe amd64 python-dev-is-python2 all 2.7.17-4 [1396 B]
#6 15.47 Get:177 http://archive.ubuntu.com/ubuntu focal-updates/main amd64 zlib1g-dev amd64 1:1.2.11.dfsg-2ubuntu1.2 [155 kB]
#6 15.49 Get:178 http://archive.ubuntu.com/ubuntu focal-updates/main amd64 liblzma-dev amd64 5.2.4-1ubuntu1 [147 kB]
#6 15.50 Get:179 http://archive.ubuntu.com/ubuntu focal-updates/main amd64 uuid-dev amd64 2.34-0.1ubuntu9.3 [33.6 kB]
#6 15.82 debconf: delaying package configuration, since apt-utils is not installed
#6 15.88 Fetched 124 MB in 10s (12.6 MB/s)
#6 15.92 Selecting previously unselected package libpython2.7-minimal:amd64.
#6 15.92 (Reading database ... (Reading database ... 5%(Reading database ... 10%(Reading database ... 15%(Reading database ... 20%(Reading database ... 25%(Reading database ... 30%(Reading database ... 35%(Reading database ... 40%(Reading database ... 45%(Reading database ... 50%(Reading database ... 55%(Reading database ... 60%(Reading database ... 65%(Reading database ... 70%(Reading database ... 75%(Reading database ... 80%(Reading database ... 85%(Reading database ... 90%(Reading database ... 95%(Reading database ... 100%(Reading database ... 21291 files and directories currently installed.)
#6 16.07 Preparing to unpack .../0-libpython2.7-minimal_2.7.18-1~20.04.1_amd64.deb ...
#6 16.07 Unpacking libpython2.7-minimal:amd64 (2.7.18-1~20.04.1) ...
#6 16.17 Selecting previously unselected package python2.7-minimal.
#6 16.17 Preparing to unpack .../1-python2.7-minimal_2.7.18-1~20.04.1_amd64.deb ...
#6 16.18 Unpacking python2.7-minimal (2.7.18-1~20.04.1) ...
#6 16.37 Selecting previously unselected package python2-minimal.
#6 16.37 Preparing to unpack .../2-python2-minimal_2.7.17-2ubuntu4_amd64.deb ...
#6 16.37 Unpacking python2-minimal (2.7.17-2ubuntu4) ...
#6 16.42 Selecting previously unselected package libpython2.7-stdlib:amd64.
#6 16.42 Preparing to unpack .../3-libpython2.7-stdlib_2.7.18-1~20.04.1_amd64.deb ...
#6 16.42 Unpacking libpython2.7-stdlib:amd64 (2.7.18-1~20.04.1) ...
#6 16.77 Selecting previously unselected package python2.7.
#6 16.77 Preparing to unpack .../4-python2.7_2.7.18-1~20.04.1_amd64.deb ...
#6 16.80 Unpacking python2.7 (2.7.18-1~20.04.1) ...
#6 16.86 Selecting previously unselected package libpython2-stdlib:amd64.
#6 16.86 Preparing to unpack .../5-libpython2-stdlib_2.7.17-2ubuntu4_amd64.deb ...
#6 16.86 Unpacking libpython2-stdlib:amd64 (2.7.17-2ubuntu4) ...
#6 16.93 Setting up libpython2.7-minimal:amd64 (2.7.18-1~20.04.1) ...
#6 16.95 Setting up python2.7-minimal (2.7.18-1~20.04.1) ...
#6 17.33 Setting up python2-minimal (2.7.17-2ubuntu4) ...
#6 17.45 Selecting previously unselected package python2.
#6 17.45 (Reading database ... (Reading database ... 5%(Reading database ... 10%(Reading database ... 15%(Reading database ... 20%(Reading database ... 25%(Reading database ... 30%(Reading database ... 35%(Reading database ... 40%(Reading database ... 45%(Reading database ... 50%(Reading database ... 55%(Reading database ... 60%(Reading database ... 65%(Reading database ... 70%(Reading database ... 75%(Reading database ... 80%(Reading database ... 85%(Reading database ... 90%(Reading database ... 95%(Reading database ... 100%(Reading database ... 22038 files and directories currently installed.)
#6 17.47 Preparing to unpack .../000-python2_2.7.17-2ubuntu4_amd64.deb ...
#6 17.48 Unpacking python2 (2.7.17-2ubuntu4) ...
#6 17.53 Selecting previously unselected package libfribidi0:amd64.
#6 17.54 Preparing to unpack .../001-libfribidi0_1.0.8-2_amd64.deb ...
#6 17.54 Unpacking libfribidi0:amd64 (1.0.8-2) ...
#6 17.58 Selecting previously unselected package libdrm-common.
#6 17.59 Preparing to unpack .../002-libdrm-common_2.4.107-8ubuntu1~20.04.1_all.deb ...
#6 17.59 Unpacking libdrm-common (2.4.107-8ubuntu1~20.04.1) ...
#6 17.63 Selecting previously unselected package libdrm2:amd64.
#6 17.64 Preparing to unpack .../003-libdrm2_2.4.107-8ubuntu1~20.04.1_amd64.deb ...
#6 17.64 Unpacking libdrm2:amd64 (2.4.107-8ubuntu1~20.04.1) ...
#6 17.68 Selecting previously unselected package libpng16-16:amd64.
#6 17.68 Preparing to unpack .../004-libpng16-16_1.6.37-2_amd64.deb ...
#6 17.69 Unpacking libpng16-16:amd64 (1.6.37-2) ...
#6 17.76 Selecting previously unselected package hicolor-icon-theme.
#6 17.76 Preparing to unpack .../005-hicolor-icon-theme_0.17-2_all.deb ...
#6 17.76 Unpacking hicolor-icon-theme (0.17-2) ...
#6 17.90 Selecting previously unselected package libjpeg-turbo8:amd64.
#6 17.91 Preparing to unpack .../006-libjpeg-turbo8_2.0.3-0ubuntu1.20.04.1_amd64.deb ...
#6 17.91 Unpacking libjpeg-turbo8:amd64 (2.0.3-0ubuntu1.20.04.1) ...
#6 17.97 Selecting previously unselected package libjpeg8:amd64.
#6 17.97 Preparing to unpack .../007-libjpeg8_8c-2ubuntu8_amd64.deb ...
#6 17.98 Unpacking libjpeg8:amd64 (8c-2ubuntu8) ...
#6 18.02 Selecting previously unselected package libjbig0:amd64.
#6 18.03 Preparing to unpack .../008-libjbig0_2.1-3.1build1_amd64.deb ...
#6 18.03 Unpacking libjbig0:amd64 (2.1-3.1build1) ...
#6 18.09 Selecting previously unselected package libwebp6:amd64.
#6 18.09 Preparing to unpack .../009-libwebp6_0.6.1-2ubuntu0.20.04.1_amd64.deb ...
#6 18.10 Unpacking libwebp6:amd64 (0.6.1-2ubuntu0.20.04.1) ...
#6 18.17 Selecting previously unselected package libtiff5:amd64.
#6 18.17 Preparing to unpack .../010-libtiff5_4.1.0+git191117-2ubuntu0.20.04.2_amd64.deb ...
#6 18.18 Unpacking libtiff5:amd64 (4.1.0+git191117-2ubuntu0.20.04.2) ...
#6 18.24 Selecting previously unselected package libgdk-pixbuf2.0-common.
#6 18.24 Preparing to unpack .../011-libgdk-pixbuf2.0-common_2.40.0+dfsg-3ubuntu0.2_all.deb ...
#6 18.24 Unpacking libgdk-pixbuf2.0-common (2.40.0+dfsg-3ubuntu0.2) ...
#6 18.29 Selecting previously unselected package libgdk-pixbuf2.0-0:amd64.
#6 18.29 Preparing to unpack .../012-libgdk-pixbuf2.0-0_2.40.0+dfsg-3ubuntu0.2_amd64.deb ...
#6 18.29 Unpacking libgdk-pixbuf2.0-0:amd64 (2.40.0+dfsg-3ubuntu0.2) ...
#6 18.36 Selecting previously unselected package gtk-update-icon-cache.
#6 18.37 Preparing to unpack .../013-gtk-update-icon-cache_3.24.20-0ubuntu1_amd64.deb ...
#6 18.39 No diversion 'diversion of /usr/sbin/update-icon-caches to /usr/sbin/update-icon-caches.gtk2 by libgtk-3-bin', none removed.
#6 18.40 No diversion 'diversion of /usr/share/man/man8/update-icon-caches.8.gz to /usr/share/man/man8/update-icon-caches.gtk2.8.gz by libgtk-3-bin', none removed.
#6 18.40 Unpacking gtk-update-icon-cache (3.24.20-0ubuntu1) ...
#6 18.45 Selecting previously unselected package libfreetype6:amd64.
#6 18.46 Preparing to unpack .../014-libfreetype6_2.10.1-2ubuntu0.1_amd64.deb ...
#6 18.46 Unpacking libfreetype6:amd64 (2.10.1-2ubuntu0.1) ...
#6 18.54 Selecting previously unselected package fonts-dejavu-core.
#6 18.54 Preparing to unpack .../015-fonts-dejavu-core_2.37-1_all.deb ...
#6 18.54 Unpacking fonts-dejavu-core (2.37-1) ...
#6 18.70 Selecting previously unselected package fontconfig-config.
#6 18.70 Preparing to unpack .../016-fontconfig-config_2.13.1-2ubuntu3_all.deb ...
#6 18.71 Unpacking fontconfig-config (2.13.1-2ubuntu3) ...
#6 18.76 Selecting previously unselected package libfontconfig1:amd64.
#6 18.77 Preparing to unpack .../017-libfontconfig1_2.13.1-2ubuntu3_amd64.deb ...
#6 18.77 Unpacking libfontconfig1:amd64 (2.13.1-2ubuntu3) ...
#6 18.84 Selecting previously unselected package libpixman-1-0:amd64.
#6 18.84 Preparing to unpack .../018-libpixman-1-0_0.38.4-0ubuntu1_amd64.deb ...
#6 18.84 Unpacking libpixman-1-0:amd64 (0.38.4-0ubuntu1) ...
#6 18.93 Selecting previously unselected package libxcb-render0:amd64.
#6 18.93 Preparing to unpack .../019-libxcb-render0_1.14-2_amd64.deb ...
#6 18.94 Unpacking libxcb-render0:amd64 (1.14-2) ...
#6 18.98 Selecting previously unselected package libxcb-shm0:amd64.
#6 18.98 Preparing to unpack .../020-libxcb-shm0_1.14-2_amd64.deb ...
#6 18.99 Unpacking libxcb-shm0:amd64 (1.14-2) ...
#6 19.02 Selecting previously unselected package libxrender1:amd64.
#6 19.03 Preparing to unpack .../021-libxrender1_1%3a0.9.10-1_amd64.deb ...
#6 19.03 Unpacking libxrender1:amd64 (1:0.9.10-1) ...
#6 19.07 Selecting previously unselected package libcairo2:amd64.
#6 19.08 Preparing to unpack .../022-libcairo2_1.16.0-4ubuntu1_amd64.deb ...
#6 19.08 Unpacking libcairo2:amd64 (1.16.0-4ubuntu1) ...
#6 19.18 Selecting previously unselected package libcairo-gobject2:amd64.
#6 19.18 Preparing to unpack .../023-libcairo-gobject2_1.16.0-4ubuntu1_amd64.deb ...
#6 19.19 Unpacking libcairo-gobject2:amd64 (1.16.0-4ubuntu1) ...
#6 19.23 Selecting previously unselected package fontconfig.
#6 19.23 Preparing to unpack .../024-fontconfig_2.13.1-2ubuntu3_amd64.deb ...
#6 19.24 Unpacking fontconfig (2.13.1-2ubuntu3) ...
#6 19.30 Selecting previously unselected package libgraphite2-3:amd64.
#6 19.31 Preparing to unpack .../025-libgraphite2-3_1.3.13-11build1_amd64.deb ...
#6 19.31 Unpacking libgraphite2-3:amd64 (1.3.13-11build1) ...
#6 19.37 Selecting previously unselected package libharfbuzz0b:amd64.
#6 19.37 Preparing to unpack .../026-libharfbuzz0b_2.6.4-1ubuntu4_amd64.deb ...
#6 19.37 Unpacking libharfbuzz0b:amd64 (2.6.4-1ubuntu4) ...
#6 19.46 Selecting previously unselected package libthai-data.
#6 19.47 Preparing to unpack .../027-libthai-data_0.1.28-3_all.deb ...
#6 19.47 Unpacking libthai-data (0.1.28-3) ...
#6 19.54 Selecting previously unselected package libdatrie1:amd64.
#6 19.54 Preparing to unpack .../028-libdatrie1_0.2.12-3_amd64.deb ...
#6 19.54 Unpacking libdatrie1:amd64 (0.2.12-3) ...
#6 19.58 Selecting previously unselected package libthai0:amd64.
#6 19.59 Preparing to unpack .../029-libthai0_0.1.28-3_amd64.deb ...
#6 19.59 Unpacking libthai0:amd64 (0.1.28-3) ...
#6 19.64 Selecting previously unselected package libpango-1.0-0:amd64.
#6 19.64 Preparing to unpack .../030-libpango-1.0-0_1.44.7-2ubuntu4_amd64.deb ...
#6 19.64 Unpacking libpango-1.0-0:amd64 (1.44.7-2ubuntu4) ...
#6 19.71 Selecting previously unselected package libpangoft2-1.0-0:amd64.
#6 19.71 Preparing to unpack .../031-libpangoft2-1.0-0_1.44.7-2ubuntu4_amd64.deb ...
#6 19.71 Unpacking libpangoft2-1.0-0:amd64 (1.44.7-2ubuntu4) ...
#6 19.76 Selecting previously unselected package libpangocairo-1.0-0:amd64.
#6 19.76 Preparing to unpack .../032-libpangocairo-1.0-0_1.44.7-2ubuntu4_amd64.deb ...
#6 19.77 Unpacking libpangocairo-1.0-0:amd64 (1.44.7-2ubuntu4) ...
#6 19.81 Selecting previously unselected package librsvg2-2:amd64.
#6 19.81 Preparing to unpack .../033-librsvg2-2_2.48.9-1ubuntu0.20.04.1_amd64.deb ...
#6 19.82 Unpacking librsvg2-2:amd64 (2.48.9-1ubuntu0.20.04.1) ...
#6 20.10 Selecting previously unselected package librsvg2-common:amd64.
#6 20.10 Preparing to unpack .../034-librsvg2-common_2.48.9-1ubuntu0.20.04.1_amd64.deb ...
#6 20.11 Unpacking librsvg2-common:amd64 (2.48.9-1ubuntu0.20.04.1) ...
#6 20.16 Selecting previously unselected package humanity-icon-theme.
#6 20.16 Preparing to unpack .../035-humanity-icon-theme_0.6.15_all.deb ...
#6 20.17 Unpacking humanity-icon-theme (0.6.15) ...
#6 21.42 Selecting previously unselected package ubuntu-mono.
#6 21.43 Preparing to unpack .../036-ubuntu-mono_19.04-0ubuntu3_all.deb ...
#6 21.43 Unpacking ubuntu-mono (19.04-0ubuntu3) ...
#6 22.03 Selecting previously unselected package adwaita-icon-theme.
#6 22.04 Preparing to unpack .../037-adwaita-icon-theme_3.36.1-2ubuntu0.20.04.2_all.deb ...
#6 22.04 Unpacking adwaita-icon-theme (3.36.1-2ubuntu0.20.04.2) ...
#6 22.60 Selecting previously unselected package alsa-topology-conf.
#6 22.60 Preparing to unpack .../038-alsa-topology-conf_1.2.2-1_all.deb ...
#6 22.61 Unpacking alsa-topology-conf (1.2.2-1) ...
#6 22.65 Selecting previously unselected package alsa-ucm-conf.
#6 22.66 Preparing to unpack .../039-alsa-ucm-conf_1.2.2-1ubuntu0.11_all.deb ...
#6 22.66 Unpacking alsa-ucm-conf (1.2.2-1ubuntu0.11) ...
#6 22.74 Selecting previously unselected package libatspi2.0-0:amd64.
#6 22.75 Preparing to unpack .../040-libatspi2.0-0_2.36.0-2_amd64.deb ...
#6 22.75 Unpacking libatspi2.0-0:amd64 (2.36.0-2) ...
#6 22.81 Selecting previously unselected package x11-common.
#6 22.81 Preparing to unpack .../041-x11-common_1%3a7.7+19ubuntu14_all.deb ...
#6 22.83 dpkg-query: no packages found matching nux-tools
#6 22.85 Unpacking x11-common (1:7.7+19ubuntu14) ...
#6 22.91 Selecting previously unselected package libxtst6:amd64.
#6 22.92 Preparing to unpack .../042-libxtst6_2%3a1.2.3-1_amd64.deb ...
#6 22.92 Unpacking libxtst6:amd64 (2:1.2.3-1) ...
#6 22.97 Selecting previously unselected package at-spi2-core.
#6 22.98 Preparing to unpack .../043-at-spi2-core_2.36.0-2_amd64.deb ...
#6 22.98 Unpacking at-spi2-core (2.36.0-2) ...
#6 23.04 Selecting previously unselected package libsigsegv2:amd64.
#6 23.05 Preparing to unpack .../044-libsigsegv2_2.12-2_amd64.deb ...
#6 23.05 Unpacking libsigsegv2:amd64 (2.12-2) ...
#6 23.10 Selecting previously unselected package m4.
#6 23.10 Preparing to unpack .../045-m4_1.4.18-4_amd64.deb ...
#6 23.11 Unpacking m4 (1.4.18-4) ...
#6 23.17 Selecting previously unselected package autoconf.
#6 23.17 Preparing to unpack .../046-autoconf_2.69-11.1_all.deb ...
#6 23.18 Unpacking autoconf (2.69-11.1) ...
#6 23.25 Selecting previously unselected package autotools-dev.
#6 23.26 Preparing to unpack .../047-autotools-dev_20180224.1_all.deb ...
#6 23.26 Unpacking autotools-dev (20180224.1) ...
#6 23.31 Selecting previously unselected package automake.
#6 23.31 Preparing to unpack .../048-automake_1%3a1.16.1-4ubuntu6_all.deb ...
#6 23.32 Unpacking automake (1:1.16.1-4ubuntu6) ...
#6 23.41 Selecting previously unselected package bzip2-doc.
#6 23.41 Preparing to unpack .../049-bzip2-doc_1.0.8-2_all.deb ...
#6 23.42 Unpacking bzip2-doc (1.0.8-2) ...
#6 23.48 Selecting previously unselected package java-common.
#6 23.49 Preparing to unpack .../050-java-common_0.72_all.deb ...
#6 23.49 Unpacking java-common (0.72) ...
#6 23.53 Selecting previously unselected package libavahi-common-data:amd64.
#6 23.53 Preparing to unpack .../051-libavahi-common-data_0.7-4ubuntu7.1_amd64.deb ...
#6 23.54 Unpacking libavahi-common-data:amd64 (0.7-4ubuntu7.1) ...
#6 23.58 Selecting previously unselected package libavahi-common3:amd64.
#6 23.58 Preparing to unpack .../052-libavahi-common3_0.7-4ubuntu7.1_amd64.deb ...
#6 23.59 Unpacking libavahi-common3:amd64 (0.7-4ubuntu7.1) ...
#6 23.63 Selecting previously unselected package libavahi-client3:amd64.
#6 23.64 Preparing to unpack .../053-libavahi-client3_0.7-4ubuntu7.1_amd64.deb ...
#6 23.64 Unpacking libavahi-client3:amd64 (0.7-4ubuntu7.1) ...
#6 23.69 Selecting previously unselected package libcups2:amd64.
#6 23.69 Preparing to unpack .../054-libcups2_2.3.1-9ubuntu1.1_amd64.deb ...
#6 23.70 Unpacking libcups2:amd64 (2.3.1-9ubuntu1.1) ...
#6 23.77 Selecting previously unselected package liblcms2-2:amd64.
#6 23.77 Preparing to unpack .../055-liblcms2-2_2.9-4_amd64.deb ...
#6 23.78 Unpacking liblcms2-2:amd64 (2.9-4) ...
#6 23.84 Selecting previously unselected package libnspr4:amd64.
#6 23.84 Preparing to unpack .../056-libnspr4_2%3a4.25-1_amd64.deb ...
#6 23.85 Unpacking libnspr4:amd64 (2:4.25-1) ...
#6 23.91 Selecting previously unselected package libnss3:amd64.
#6 23.91 Preparing to unpack .../057-libnss3_2%3a3.49.1-1ubuntu1.6_amd64.deb ...
#6 23.92 Unpacking libnss3:amd64 (2:3.49.1-1ubuntu1.6) ...
#6 24.13 Selecting previously unselected package libpcsclite1:amd64.
#6 24.13 Preparing to unpack .../058-libpcsclite1_1.8.26-3_amd64.deb ...
#6 24.14 Unpacking libpcsclite1:amd64 (1.8.26-3) ...
#6 24.22 Selecting previously unselected package libxi6:amd64.
#6 24.23 Preparing to unpack .../059-libxi6_2%3a1.7.10-0ubuntu1_amd64.deb ...
#6 24.23 Unpacking libxi6:amd64 (2:1.7.10-0ubuntu1) ...
#6 24.33 Selecting previously unselected package openjdk-8-jre-headless:amd64.
#6 24.33 Preparing to unpack .../060-openjdk-8-jre-headless_8u312-b07-0ubuntu1~20.04_amd64.deb ...
#6 24.34 Unpacking openjdk-8-jre-headless:amd64 (8u312-b07-0ubuntu1~20.04) ...
#6 27.21 Selecting previously unselected package ca-certificates-java.
#6 27.22 Preparing to unpack .../061-ca-certificates-java_20190405ubuntu1_all.deb ...
#6 27.26 Unpacking ca-certificates-java (20190405ubuntu1) ...
#6 27.30 Selecting previously unselected package fonts-dejavu-extra.
#6 27.31 Preparing to unpack .../062-fonts-dejavu-extra_2.37-1_all.deb ...
#6 27.31 Unpacking fonts-dejavu-extra (2.37-1) ...
#6 27.56 Selecting previously unselected package libasound2-data.
#6 27.56 Preparing to unpack .../063-libasound2-data_1.2.2-2.1ubuntu2.5_all.deb ...
#6 27.57 Unpacking libasound2-data (1.2.2-2.1ubuntu2.5) ...
#6 27.63 Selecting previously unselected package libasound2:amd64.
#6 27.64 Preparing to unpack .../064-libasound2_1.2.2-2.1ubuntu2.5_amd64.deb ...
#6 27.64 Unpacking libasound2:amd64 (1.2.2-2.1ubuntu2.5) ...
#6 27.74 Selecting previously unselected package libasyncns0:amd64.
#6 27.74 Preparing to unpack .../065-libasyncns0_0.8-6_amd64.deb ...
#6 27.75 Unpacking libasyncns0:amd64 (0.8-6) ...
#6 27.79 Selecting previously unselected package libatk1.0-data.
#6 27.80 Preparing to unpack .../066-libatk1.0-data_2.35.1-1ubuntu2_all.deb ...
#6 27.80 Unpacking libatk1.0-data (2.35.1-1ubuntu2) ...
#6 27.85 Selecting previously unselected package libatk1.0-0:amd64.
#6 27.85 Preparing to unpack .../067-libatk1.0-0_2.35.1-1ubuntu2_amd64.deb ...
#6 27.85 Unpacking libatk1.0-0:amd64 (2.35.1-1ubuntu2) ...
#6 27.90 Selecting previously unselected package libatk-bridge2.0-0:amd64.
#6 27.91 Preparing to unpack .../068-libatk-bridge2.0-0_2.34.2-0ubuntu2~20.04.1_amd64.deb ...
#6 27.91 Unpacking libatk-bridge2.0-0:amd64 (2.34.2-0ubuntu2~20.04.1) ...
#6 27.97 Selecting previously unselected package libfontenc1:amd64.
#6 27.97 Preparing to unpack .../069-libfontenc1_1%3a1.1.4-0ubuntu1_amd64.deb ...
#6 27.98 Unpacking libfontenc1:amd64 (1:1.1.4-0ubuntu1) ...
#6 28.03 Selecting previously unselected package libglvnd0:amd64.
#6 28.04 Preparing to unpack .../070-libglvnd0_1.3.2-1~ubuntu0.20.04.1_amd64.deb ...
#6 28.04 Unpacking libglvnd0:amd64 (1.3.2-1~ubuntu0.20.04.1) ...
#6 28.10 Selecting previously unselected package libglapi-mesa:amd64.
#6 28.11 Preparing to unpack .../071-libglapi-mesa_21.2.6-0ubuntu0.1~20.04.1_amd64.deb ...
#6 28.12 Unpacking libglapi-mesa:amd64 (21.2.6-0ubuntu0.1~20.04.1) ...
#6 28.17 Selecting previously unselected package libx11-xcb1:amd64.
#6 28.18 Preparing to unpack .../072-libx11-xcb1_2%3a1.6.9-2ubuntu1.2_amd64.deb ...
#6 28.18 Unpacking libx11-xcb1:amd64 (2:1.6.9-2ubuntu1.2) ...
#6 28.24 Selecting previously unselected package libxcb-dri2-0:amd64.
#6 28.24 Preparing to unpack .../073-libxcb-dri2-0_1.14-2_amd64.deb ...
#6 28.24 Unpacking libxcb-dri2-0:amd64 (1.14-2) ...
#6 28.29 Selecting previously unselected package libxcb-dri3-0:amd64.
#6 28.29 Preparing to unpack .../074-libxcb-dri3-0_1.14-2_amd64.deb ...
#6 28.30 Unpacking libxcb-dri3-0:amd64 (1.14-2) ...
#6 28.34 Selecting previously unselected package libxcb-glx0:amd64.
#6 28.34 Preparing to unpack .../075-libxcb-glx0_1.14-2_amd64.deb ...
#6 28.35 Unpacking libxcb-glx0:amd64 (1.14-2) ...
#6 28.39 Selecting previously unselected package libxcb-present0:amd64.
#6 28.40 Preparing to unpack .../076-libxcb-present0_1.14-2_amd64.deb ...
#6 28.40 Unpacking libxcb-present0:amd64 (1.14-2) ...
#6 28.45 Selecting previously unselected package libxcb-sync1:amd64.
#6 28.45 Preparing to unpack .../077-libxcb-sync1_1.14-2_amd64.deb ...
#6 28.45 Unpacking libxcb-sync1:amd64 (1.14-2) ...
#6 28.49 Selecting previously unselected package libxcb-xfixes0:amd64.
#6 28.50 Preparing to unpack .../078-libxcb-xfixes0_1.14-2_amd64.deb ...
#6 28.50 Unpacking libxcb-xfixes0:amd64 (1.14-2) ...
#6 28.54 Selecting previously unselected package libxfixes3:amd64.
#6 28.55 Preparing to unpack .../079-libxfixes3_1%3a5.0.3-2_amd64.deb ...
#6 28.55 Unpacking libxfixes3:amd64 (1:5.0.3-2) ...
#6 28.61 Selecting previously unselected package libxshmfence1:amd64.
#6 28.61 Preparing to unpack .../080-libxshmfence1_1.3-1_amd64.deb ...
#6 28.62 Unpacking libxshmfence1:amd64 (1.3-1) ...
#6 28.67 Selecting previously unselected package libxxf86vm1:amd64.
#6 28.67 Preparing to unpack .../081-libxxf86vm1_1%3a1.1.4-1build1_amd64.deb ...
#6 28.68 Unpacking libxxf86vm1:amd64 (1:1.1.4-1build1) ...
#6 28.73 Selecting previously unselected package libdrm-amdgpu1:amd64.
#6 28.73 Preparing to unpack .../082-libdrm-amdgpu1_2.4.107-8ubuntu1~20.04.1_amd64.deb ...
#6 28.76 Unpacking libdrm-amdgpu1:amd64 (2.4.107-8ubuntu1~20.04.1) ...
#6 28.80 Selecting previously unselected package libpciaccess0:amd64.
#6 28.81 Preparing to unpack .../083-libpciaccess0_0.16-0ubuntu1_amd64.deb ...
#6 28.81 Unpacking libpciaccess0:amd64 (0.16-0ubuntu1) ...
#6 28.85 Selecting previously unselected package libdrm-intel1:amd64.
#6 28.86 Preparing to unpack .../084-libdrm-intel1_2.4.107-8ubuntu1~20.04.1_amd64.deb ...
#6 28.86 Unpacking libdrm-intel1:amd64 (2.4.107-8ubuntu1~20.04.1) ...
#6 28.91 Selecting previously unselected package libdrm-nouveau2:amd64.
#6 28.91 Preparing to unpack .../085-libdrm-nouveau2_2.4.107-8ubuntu1~20.04.1_amd64.deb ...
#6 28.92 Unpacking libdrm-nouveau2:amd64 (2.4.107-8ubuntu1~20.04.1) ...
#6 28.96 Selecting previously unselected package libdrm-radeon1:amd64.
#6 28.97 Preparing to unpack .../086-libdrm-radeon1_2.4.107-8ubuntu1~20.04.1_amd64.deb ...
#6 28.97 Unpacking libdrm-radeon1:amd64 (2.4.107-8ubuntu1~20.04.1) ...
#6 29.01 Selecting previously unselected package libllvm12:amd64.
#6 29.02 Preparing to unpack .../087-libllvm12_1%3a12.0.0-3ubuntu1~20.04.4_amd64.deb ...
#6 29.02 Unpacking libllvm12:amd64 (1:12.0.0-3ubuntu1~20.04.4) ...
#6 30.94 Selecting previously unselected package libsensors-config.
#6 30.95 Preparing to unpack .../088-libsensors-config_1%3a3.6.0-2ubuntu1_all.deb ...
#6 30.95 Unpacking libsensors-config (1:3.6.0-2ubuntu1) ...
#6 31.01 Selecting previously unselected package libsensors5:amd64.
#6 31.01 Preparing to unpack .../089-libsensors5_1%3a3.6.0-2ubuntu1_amd64.deb ...
#6 31.08 Unpacking libsensors5:amd64 (1:3.6.0-2ubuntu1) ...
#6 31.14 Selecting previously unselected package libvulkan1:amd64.
#6 31.14 Preparing to unpack .../090-libvulkan1_1.2.131.2-1_amd64.deb ...
#6 31.15 Unpacking libvulkan1:amd64 (1.2.131.2-1) ...
#6 31.24 Selecting previously unselected package libgl1-mesa-dri:amd64.
#6 31.24 Preparing to unpack .../091-libgl1-mesa-dri_21.2.6-0ubuntu0.1~20.04.1_amd64.deb ...
#6 31.26 Unpacking libgl1-mesa-dri:amd64 (21.2.6-0ubuntu0.1~20.04.1) ...
#6 32.35 Selecting previously unselected package libglx-mesa0:amd64.
#6 32.35 Preparing to unpack .../092-libglx-mesa0_21.2.6-0ubuntu0.1~20.04.1_amd64.deb ...
#6 32.36 Unpacking libglx-mesa0:amd64 (21.2.6-0ubuntu0.1~20.04.1) ...
#6 32.43 Selecting previously unselected package libglx0:amd64.
#6 32.43 Preparing to unpack .../093-libglx0_1.3.2-1~ubuntu0.20.04.1_amd64.deb ...
#6 32.43 Unpacking libglx0:amd64 (1.3.2-1~ubuntu0.20.04.1) ...
#6 32.49 Selecting previously unselected package libgl1:amd64.
#6 32.50 Preparing to unpack .../094-libgl1_1.3.2-1~ubuntu0.20.04.1_amd64.deb ...
#6 32.50 Unpacking libgl1:amd64 (1.3.2-1~ubuntu0.20.04.1) ...
#6 32.57 Selecting previously unselected package libice6:amd64.
#6 32.57 Preparing to unpack .../095-libice6_2%3a1.0.10-0ubuntu1_amd64.deb ...
#6 32.58 Unpacking libice6:amd64 (2:1.0.10-0ubuntu1) ...
#6 32.64 Selecting previously unselected package libsm6:amd64.
#6 32.64 Preparing to unpack .../096-libsm6_2%3a1.2.3-1_amd64.deb ...
#6 32.65 Unpacking libsm6:amd64 (2:1.2.3-1) ...
#6 32.69 Selecting previously unselected package libxt6:amd64.
#6 32.70 Preparing to unpack .../097-libxt6_1%3a1.1.5-1_amd64.deb ...
#6 32.70 Unpacking libxt6:amd64 (1:1.1.5-1) ...
#6 32.77 Selecting previously unselected package libxmu6:amd64.
#6 32.78 Preparing to unpack .../098-libxmu6_2%3a1.1.3-0ubuntu1_amd64.deb ...
#6 32.79 Unpacking libxmu6:amd64 (2:1.1.3-0ubuntu1) ...
#6 32.84 Selecting previously unselected package libxpm4:amd64.
#6 32.85 Preparing to unpack .../099-libxpm4_1%3a3.5.12-1_amd64.deb ...
#6 32.85 Unpacking libxpm4:amd64 (1:3.5.12-1) ...
#6 32.91 Selecting previously unselected package libxaw7:amd64.
#6 32.92 Preparing to unpack .../100-libxaw7_2%3a1.0.13-1_amd64.deb ...
#6 32.92 Unpacking libxaw7:amd64 (2:1.0.13-1) ...
#6 33.00 Selecting previously unselected package libxcb-shape0:amd64.
#6 33.01 Preparing to unpack .../101-libxcb-shape0_1.14-2_amd64.deb ...
#6 33.01 Unpacking libxcb-shape0:amd64 (1.14-2) ...
#6 33.07 Selecting previously unselected package libxcomposite1:amd64.
#6 33.07 Preparing to unpack .../102-libxcomposite1_1%3a0.4.5-1_amd64.deb ...
#6 33.08 Unpacking libxcomposite1:amd64 (1:0.4.5-1) ...
#6 33.13 Selecting previously unselected package libxft2:amd64.
#6 33.13 Preparing to unpack .../103-libxft2_2.3.3-0ubuntu1_amd64.deb ...
#6 33.14 Unpacking libxft2:amd64 (2.3.3-0ubuntu1) ...
#6 33.19 Selecting previously unselected package libxinerama1:amd64.
#6 33.20 Preparing to unpack .../104-libxinerama1_2%3a1.1.4-2_amd64.deb ...
#6 33.20 Unpacking libxinerama1:amd64 (2:1.1.4-2) ...
#6 33.25 Selecting previously unselected package libxkbfile1:amd64.
#6 33.26 Preparing to unpack .../105-libxkbfile1_1%3a1.1.0-1_amd64.deb ...
#6 33.26 Unpacking libxkbfile1:amd64 (1:1.1.0-1) ...
#6 33.32 Selecting previously unselected package libxrandr2:amd64.
#6 33.33 Preparing to unpack .../106-libxrandr2_2%3a1.5.2-0ubuntu1_amd64.deb ...
#6 33.33 Unpacking libxrandr2:amd64 (2:1.5.2-0ubuntu1) ...
#6 33.39 Selecting previously unselected package libxv1:amd64.
#6 33.39 Preparing to unpack .../107-libxv1_2%3a1.0.11-1_amd64.deb ...
#6 33.40 Unpacking libxv1:amd64 (2:1.0.11-1) ...
#6 33.45 Selecting previously unselected package libxxf86dga1:amd64.
#6 33.46 Preparing to unpack .../108-libxxf86dga1_2%3a1.1.5-0ubuntu1_amd64.deb ...
#6 33.46 Unpacking libxxf86dga1:amd64 (2:1.1.5-0ubuntu1) ...
#6 33.52 Selecting previously unselected package x11-utils.
#6 33.53 Preparing to unpack .../109-x11-utils_7.7+5_amd64.deb ...
#6 33.53 Unpacking x11-utils (7.7+5) ...
#6 33.60 Selecting previously unselected package libatk-wrapper-java.
#6 33.61 Preparing to unpack .../110-libatk-wrapper-java_0.37.1-1_all.deb ...
#6 33.61 Unpacking libatk-wrapper-java (0.37.1-1) ...
#6 33.66 Selecting previously unselected package libatk-wrapper-java-jni:amd64.
#6 33.67 Preparing to unpack .../111-libatk-wrapper-java-jni_0.37.1-1_amd64.deb ...
#6 33.67 Unpacking libatk-wrapper-java-jni:amd64 (0.37.1-1) ...
#6 33.73 Selecting previously unselected package libbz2-dev:amd64.
#6 33.73 Preparing to unpack .../112-libbz2-dev_1.0.8-2_amd64.deb ...
#6 33.74 Unpacking libbz2-dev:amd64 (1.0.8-2) ...
#6 33.79 Selecting previously unselected package libexpat1-dev:amd64.
#6 33.79 Preparing to unpack .../113-libexpat1-dev_2.2.9-1build1_amd64.deb ...
#6 33.80 Unpacking libexpat1-dev:amd64 (2.2.9-1build1) ...
#6 33.87 Selecting previously unselected package libogg0:amd64.
#6 33.87 Preparing to unpack .../114-libogg0_1.3.4-0ubuntu1_amd64.deb ...
#6 33.88 Unpacking libogg0:amd64 (1.3.4-0ubuntu1) ...
#6 33.93 Selecting previously unselected package libflac8:amd64.
#6 33.94 Preparing to unpack .../115-libflac8_1.3.3-1build1_amd64.deb ...
#6 33.94 Unpacking libflac8:amd64 (1.3.3-1build1) ...
#6 33.99 Selecting previously unselected package libgtk2.0-common.
#6 34.00 Preparing to unpack .../116-libgtk2.0-common_2.24.32-4ubuntu4_all.deb ...
#6 34.00 Unpacking libgtk2.0-common (2.24.32-4ubuntu4) ...
#6 34.06 Selecting previously unselected package libxcursor1:amd64.
#6 34.06 Preparing to unpack .../117-libxcursor1_1%3a1.2.0-2_amd64.deb ...
#6 34.07 Unpacking libxcursor1:amd64 (1:1.2.0-2) ...
#6 34.11 Selecting previously unselected package libxdamage1:amd64.
#6 34.12 Preparing to unpack .../118-libxdamage1_1%3a1.1.5-2_amd64.deb ...
#6 34.12 Unpacking libxdamage1:amd64 (1:1.1.5-2) ...
#6 34.19 Selecting previously unselected package libgtk2.0-0:amd64.
#6 34.19 Preparing to unpack .../119-libgtk2.0-0_2.24.32-4ubuntu4_amd64.deb ...
#6 34.20 Unpacking libgtk2.0-0:amd64 (2.24.32-4ubuntu4) ...
#6 34.42 Selecting previously unselected package libgail18:amd64.
#6 34.43 Preparing to unpack .../120-libgail18_2.24.32-4ubuntu4_amd64.deb ...
#6 34.43 Unpacking libgail18:amd64 (2.24.32-4ubuntu4) ...
#6 34.47 Selecting previously unselected package libgail-common:amd64.
#6 34.47 Preparing to unpack .../121-libgail-common_2.24.32-4ubuntu4_amd64.deb ...
#6 34.48 Unpacking libgail-common:amd64 (2.24.32-4ubuntu4) ...
#6 34.53 Selecting previously unselected package libgdk-pixbuf2.0-bin.
#6 34.53 Preparing to unpack .../122-libgdk-pixbuf2.0-bin_2.40.0+dfsg-3ubuntu0.2_amd64.deb ...
#6 34.54 Unpacking libgdk-pixbuf2.0-bin (2.40.0+dfsg-3ubuntu0.2) ...
#6 34.59 Selecting previously unselected package libgif7:amd64.
#6 34.60 Preparing to unpack .../123-libgif7_5.1.9-1_amd64.deb ...
#6 34.60 Unpacking libgif7:amd64 (5.1.9-1) ...
#6 34.65 Selecting previously unselected package libgl1-mesa-glx:amd64.
#6 34.66 Preparing to unpack .../124-libgl1-mesa-glx_21.2.6-0ubuntu0.1~20.04.1_amd64.deb ...
#6 34.66 Unpacking libgl1-mesa-glx:amd64 (21.2.6-0ubuntu0.1~20.04.1) ...
#6 34.71 Selecting previously unselected package libgmpxx4ldbl:amd64.
#6 34.72 Preparing to unpack .../125-libgmpxx4ldbl_2%3a6.2.0+dfsg-4_amd64.deb ...
#6 34.73 Unpacking libgmpxx4ldbl:amd64 (2:6.2.0+dfsg-4) ...
#6 34.77 Selecting previously unselected package libgmp-dev:amd64.
#6 34.78 Preparing to unpack .../126-libgmp-dev_2%3a6.2.0+dfsg-4_amd64.deb ...
#6 34.78 Unpacking libgmp-dev:amd64 (2:6.2.0+dfsg-4) ...
#6 34.86 Selecting previously unselected package libgtk2.0-bin.
#6 34.87 Preparing to unpack .../127-libgtk2.0-bin_2.24.32-4ubuntu4_amd64.deb ...
#6 34.87 Unpacking libgtk2.0-bin (2.24.32-4ubuntu4) ...
#6 34.97 Selecting previously unselected package xorg-sgml-doctools.
#6 34.97 Preparing to unpack .../128-xorg-sgml-doctools_1%3a1.11-1_all.deb ...
#6 35.00 Unpacking xorg-sgml-doctools (1:1.11-1) ...
#6 35.23 Selecting previously unselected package x11proto-dev.
#6 35.23 Preparing to unpack .../129-x11proto-dev_2019.2-1ubuntu1_all.deb ...
#6 35.25 Unpacking x11proto-dev (2019.2-1ubuntu1) ...
#6 35.45 Selecting previously unselected package x11proto-core-dev.
#6 35.46 Preparing to unpack .../130-x11proto-core-dev_2019.2-1ubuntu1_all.deb ...
#6 35.52 Unpacking x11proto-core-dev (2019.2-1ubuntu1) ...
#6 35.90 Selecting previously unselected package libice-dev:amd64.
#6 35.91 Preparing to unpack .../131-libice-dev_2%3a1.0.10-0ubuntu1_amd64.deb ...
#6 35.96 Unpacking libice-dev:amd64 (2:1.0.10-0ubuntu1) ...
#6 36.76 Selecting previously unselected package libltdl7:amd64.
#6 36.77 Preparing to unpack .../132-libltdl7_2.4.6-14_amd64.deb ...
#6 36.84 Unpacking libltdl7:amd64 (2.4.6-14) ...
#6 36.89 Selecting previously unselected package libltdl-dev:amd64.
#6 36.89 Preparing to unpack .../133-libltdl-dev_2.4.6-14_amd64.deb ...
#6 36.90 Unpacking libltdl-dev:amd64 (2.4.6-14) ...
#6 36.99 Selecting previously unselected package libpthread-stubs0-dev:amd64.
#6 36.99 Preparing to unpack .../134-libpthread-stubs0-dev_0.4-1_amd64.deb ...
#6 37.00 Unpacking libpthread-stubs0-dev:amd64 (0.4-1) ...
#6 37.05 Selecting previously unselected package libvorbis0a:amd64.
#6 37.06 Preparing to unpack .../135-libvorbis0a_1.3.6-2ubuntu1_amd64.deb ...
#6 37.06 Unpacking libvorbis0a:amd64 (1.3.6-2ubuntu1) ...
#6 37.15 Selecting previously unselected package libvorbisenc2:amd64.
#6 37.15 Preparing to unpack .../136-libvorbisenc2_1.3.6-2ubuntu1_amd64.deb ...
#6 37.16 Unpacking libvorbisenc2:amd64 (1.3.6-2ubuntu1) ...
#6 37.23 Selecting previously unselected package libsndfile1:amd64.
#6 37.24 Preparing to unpack .../137-libsndfile1_1.0.28-7ubuntu0.1_amd64.deb ...
#6 37.24 Unpacking libsndfile1:amd64 (1.0.28-7ubuntu0.1) ...
#6 37.33 Selecting previously unselected package libwrap0:amd64.
#6 37.33 Preparing to unpack .../138-libwrap0_7.6.q-30_amd64.deb ...
#6 37.34 Unpacking libwrap0:amd64 (7.6.q-30) ...
#6 37.40 Selecting previously unselected package libpulse0:amd64.
#6 37.41 Preparing to unpack .../139-libpulse0_1%3a13.99.1-1ubuntu3.13_amd64.deb ...
#6 37.42 Unpacking libpulse0:amd64 (1:13.99.1-1ubuntu3.13) ...
#6 37.50 Selecting previously unselected package libpython2.7:amd64.
#6 37.50 Preparing to unpack .../140-libpython2.7_2.7.18-1~20.04.1_amd64.deb ...
#6 37.51 Unpacking libpython2.7:amd64 (2.7.18-1~20.04.1) ...
#6 37.68 Selecting previously unselected package libpython2.7-dev:amd64.
#6 37.69 Preparing to unpack .../141-libpython2.7-dev_2.7.18-1~20.04.1_amd64.deb ...
#6 37.69 Unpacking libpython2.7-dev:amd64 (2.7.18-1~20.04.1) ...
#6 38.04 Selecting previously unselected package libpython2-dev:amd64.
#6 38.04 Preparing to unpack .../142-libpython2-dev_2.7.17-2ubuntu4_amd64.deb ...
#6 38.05 Unpacking libpython2-dev:amd64 (2.7.17-2ubuntu4) ...
#6 38.15 Selecting previously unselected package libsm-dev:amd64.
#6 38.16 Preparing to unpack .../143-libsm-dev_2%3a1.2.3-1_amd64.deb ...
#6 38.17 Unpacking libsm-dev:amd64 (2:1.2.3-1) ...
#6 38.29 Selecting previously unselected package libtool.
#6 38.29 Preparing to unpack .../144-libtool_2.4.6-14_all.deb ...
#6 38.30 Unpacking libtool (2.4.6-14) ...
#6 38.45 Selecting previously unselected package libwayland-client0:amd64.
#6 38.46 Preparing to unpack .../145-libwayland-client0_1.18.0-1_amd64.deb ...
#6 38.48 Unpacking libwayland-client0:amd64 (1.18.0-1) ...
#6 38.60 Selecting previously unselected package libxau-dev:amd64.
#6 38.61 Preparing to unpack .../146-libxau-dev_1%3a1.0.9-0ubuntu1_amd64.deb ...
#6 38.61 Unpacking libxau-dev:amd64 (1:1.0.9-0ubuntu1) ...
#6 38.68 Selecting previously unselected package libxdmcp-dev:amd64.
#6 38.68 Preparing to unpack .../147-libxdmcp-dev_1%3a1.1.3-0ubuntu1_amd64.deb ...
#6 38.69 Unpacking libxdmcp-dev:amd64 (1:1.1.3-0ubuntu1) ...
#6 38.75 Selecting previously unselected package xtrans-dev.
#6 38.76 Preparing to unpack .../148-xtrans-dev_1.4.0-1_all.deb ...
#6 38.77 Unpacking xtrans-dev (1.4.0-1) ...
#6 38.88 Selecting previously unselected package libxcb1-dev:amd64.
#6 38.89 Preparing to unpack .../149-libxcb1-dev_1.14-2_amd64.deb ...
#6 38.91 Unpacking libxcb1-dev:amd64 (1.14-2) ...
#6 39.04 Selecting previously unselected package libx11-dev:amd64.
#6 39.04 Preparing to unpack .../150-libx11-dev_2%3a1.6.9-2ubuntu1.2_amd64.deb ...
#6 39.05 Unpacking libx11-dev:amd64 (2:1.6.9-2ubuntu1.2) ...
#6 39.25 Selecting previously unselected package libxcb-randr0:amd64.
#6 39.25 Preparing to unpack .../151-libxcb-randr0_1.14-2_amd64.deb ...
#6 39.26 Unpacking libxcb-randr0:amd64 (1.14-2) ...
#6 39.33 Selecting previously unselected package libxt-dev:amd64.
#6 39.33 Preparing to unpack .../152-libxt-dev_1%3a1.1.5-1_amd64.deb ...
#6 39.34 Unpacking libxt-dev:amd64 (1:1.1.5-1) ...
#6 39.47 Selecting previously unselected package mesa-vulkan-drivers:amd64.
#6 39.47 Preparing to unpack .../153-mesa-vulkan-drivers_21.2.6-0ubuntu0.1~20.04.1_amd64.deb ...
#6 39.49 Unpacking mesa-vulkan-drivers:amd64 (21.2.6-0ubuntu0.1~20.04.1) ...
#6 40.21 Selecting previously unselected package mlton-basis.
#6 40.22 Preparing to unpack .../154-mlton-basis_20130715-3_all.deb ...
#6 40.22 Unpacking mlton-basis (20130715-3) ...
#6 41.44 Selecting previously unselected package mlton-runtime-x86-64-linux-gnu.
#6 41.44 Preparing to unpack .../155-mlton-runtime-x86-64-linux-gnu_20130715-3_amd64.deb ...
#6 41.48 Unpacking mlton-runtime-x86-64-linux-gnu (20130715-3) ...
#6 41.66 Selecting previously unselected package mlton-runtime-native.
#6 41.67 Preparing to unpack .../156-mlton-runtime-native_20130715-3_amd64.deb ...
#6 41.70 Unpacking mlton-runtime-native (20130715-3) ...
#6 41.84 Selecting previously unselected package mlton-compiler.
#6 41.85 Preparing to unpack .../157-mlton-compiler_20130715-3_amd64.deb ...
#6 41.85 Unpacking mlton-compiler (20130715-3) ...
#6 42.27 Selecting previously unselected package mlton-tools.
#6 42.27 Preparing to unpack .../158-mlton-tools_20130715-3_amd64.deb ...
#6 42.29 Unpacking mlton-tools (20130715-3) ...
#6 42.49 Selecting previously unselected package mlton-doc.
#6 42.50 Preparing to unpack .../159-mlton-doc_20130715-3_all.deb ...
#6 42.51 Unpacking mlton-doc (20130715-3) ...
#6 43.02 Selecting previously unselected package mlton.
#6 43.02 Preparing to unpack .../160-mlton_20130715-3_all.deb ...
#6 43.03 Unpacking mlton (20130715-3) ...
#6 43.11 Selecting previously unselected package ninja-build.
#6 43.11 Preparing to unpack .../161-ninja-build_1.10.0-1build1_amd64.deb ...
#6 43.12 Unpacking ninja-build (1.10.0-1build1) ...
#6 43.25 Selecting previously unselected package openjdk-8-jre:amd64.
#6 43.25 Preparing to unpack .../162-openjdk-8-jre_8u312-b07-0ubuntu1~20.04_amd64.deb ...
#6 43.27 Unpacking openjdk-8-jre:amd64 (8u312-b07-0ubuntu1~20.04) ...
#6 43.37 Selecting previously unselected package openjdk-8-jdk-headless:amd64.
#6 43.38 Preparing to unpack .../163-openjdk-8-jdk-headless_8u312-b07-0ubuntu1~20.04_amd64.deb ...
#6 43.39 Unpacking openjdk-8-jdk-headless:amd64 (8u312-b07-0ubuntu1~20.04) ...
#6 44.47 Selecting previously unselected package openjdk-8-jdk:amd64.
#6 44.48 Preparing to unpack .../164-openjdk-8-jdk_8u312-b07-0ubuntu1~20.04_amd64.deb ...
#6 44.49 Unpacking openjdk-8-jdk:amd64 (8u312-b07-0ubuntu1~20.04) ...
#6 44.75 Selecting previously unselected package pkg-config.
#6 44.76 Preparing to unpack .../165-pkg-config_0.29.1-0ubuntu4_amd64.deb ...
#6 44.76 Unpacking pkg-config (0.29.1-0ubuntu4) ...
#6 44.84 Selecting previously unselected package python-is-python2.
#6 44.84 Preparing to unpack .../166-python-is-python2_2.7.17-4_all.deb ...
#6 44.84 Unpacking python-is-python2 (2.7.17-4) ...
#6 44.89 Selecting previously unselected package python2.7-dev.
#6 44.90 Preparing to unpack .../167-python2.7-dev_2.7.18-1~20.04.1_amd64.deb ...
#6 44.90 Unpacking python2.7-dev (2.7.18-1~20.04.1) ...
#6 44.97 Selecting previously unselected package python2-dev.
#6 44.97 Preparing to unpack .../168-python2-dev_2.7.17-2ubuntu4_amd64.deb ...
#6 44.98 Unpacking python2-dev (2.7.17-2ubuntu4) ...
#6 45.02 Selecting previously unselected package python-dev-is-python2.
#6 45.02 Preparing to unpack .../169-python-dev-is-python2_2.7.17-4_all.deb ...
#6 45.03 Unpacking python-dev-is-python2 (2.7.17-4) ...
#6 45.07 Selecting previously unselected package zlib1g-dev:amd64.
#6 45.08 Preparing to unpack .../170-zlib1g-dev_1%3a1.2.11.dfsg-2ubuntu1.2_amd64.deb ...
#6 45.08 Unpacking zlib1g-dev:amd64 (1:1.2.11.dfsg-2ubuntu1.2) ...
#6 45.15 Selecting previously unselected package liblzma-dev:amd64.
#6 45.15 Preparing to unpack .../171-liblzma-dev_5.2.4-1ubuntu1_amd64.deb ...
#6 45.16 Unpacking liblzma-dev:amd64 (5.2.4-1ubuntu1) ...
#6 45.22 Selecting previously unselected package uuid-dev:amd64.
#6 45.22 Preparing to unpack .../172-uuid-dev_2.34-0.1ubuntu9.3_amd64.deb ...
#6 45.23 Unpacking uuid-dev:amd64 (2.34-0.1ubuntu9.3) ...
#6 45.30 Setting up libgraphite2-3:amd64 (1.3.13-11build1) ...
#6 45.33 Setting up libxcb-dri3-0:amd64 (1.14-2) ...
#6 45.34 Setting up liblcms2-2:amd64 (2.9-4) ...
#6 45.35 Setting up libpixman-1-0:amd64 (0.38.4-0ubuntu1) ...
#6 45.36 Setting up bzip2-doc (1.0.8-2) ...
#6 45.37 Setting up libx11-xcb1:amd64 (2:1.6.9-2ubuntu1.2) ...
#6 45.39 Setting up libpciaccess0:amd64 (0.16-0ubuntu1) ...
#6 45.40 Setting up libxdamage1:amd64 (1:1.1.5-2) ...
#6 45.42 Setting up libxcb-xfixes0:amd64 (1.14-2) ...
#6 45.44 Setting up libogg0:amd64 (1.3.4-0ubuntu1) ...
#6 45.45 Setting up libxpm4:amd64 (1:3.5.12-1) ...
#6 45.46 Setting up hicolor-icon-theme (0.17-2) ...
#6 45.52 Setting up libxi6:amd64 (2:1.7.10-0ubuntu1) ...
#6 45.53 Setting up mlton-tools (20130715-3) ...
#6 45.55 Setting up java-common (0.72) ...
#6 45.57 Setting up libxrender1:amd64 (1:0.9.10-1) ...
#6 45.59 Setting up libdatrie1:amd64 (0.2.12-3) ...
#6 45.61 Setting up alsa-ucm-conf (1.2.2-1ubuntu0.11) ...
#6 45.63 Setting up libxcb-render0:amd64 (1.14-2) ...
#6 45.64 Setting up libglvnd0:amd64 (1.3.2-1~ubuntu0.20.04.1) ...
#6 45.66 Setting up libxcb-glx0:amd64 (1.14-2) ...
#6 45.67 Setting up mlton-doc (20130715-3) ...
#6 45.69 Setting up libgdk-pixbuf2.0-common (2.40.0+dfsg-3ubuntu0.2) ...
#6 45.70 Setting up libxcb-shape0:amd64 (1.14-2) ...
#6 45.72 Setting up x11-common (1:7.7+19ubuntu14) ...
#6 45.99 update-rc.d: warning: start and stop actions are no longer supported; falling back to defaults
#6 46.01 invoke-rc.d: could not determine current runlevel
#6 46.02 invoke-rc.d: policy-rc.d denied execution of start.
#6 46.03 Setting up libsensors-config (1:3.6.0-2ubuntu1) ...
#6 46.05 Setting up libxxf86dga1:amd64 (2:1.1.5-0ubuntu1) ...
#6 46.07 Setting up libxcb-shm0:amd64 (1.14-2) ...
#6 46.09 Setting up libatspi2.0-0:amd64 (2.36.0-2) ...
#6 46.10 Setting up mlton-basis (20130715-3) ...
#6 46.12 Setting up libpthread-stubs0-dev:amd64 (0.4-1) ...
#6 46.14 Setting up libjbig0:amd64 (2.1-3.1build1) ...
#6 46.15 Setting up ninja-build (1.10.0-1build1) ...
#6 46.17 Setting up libxxf86vm1:amd64 (1:1.1.4-1build1) ...
#6 46.18 Setting up libflac8:amd64 (1.3.3-1build1) ...
#6 46.20 Setting up libpython2.7-stdlib:amd64 (2.7.18-1~20.04.1) ...
#6 46.22 Setting up libxcb-present0:amd64 (1.14-2) ...
#6 46.23 Setting up libasound2-data (1.2.2-2.1ubuntu2.5) ...
#6 46.25 Setting up xtrans-dev (1.4.0-1) ...
#6 46.26 Setting up libfontenc1:amd64 (1:1.1.4-0ubuntu1) ...
#6 46.28 Setting up autotools-dev (20180224.1) ...
#6 46.30 Setting up libgmpxx4ldbl:amd64 (2:6.2.0+dfsg-4) ...
#6 46.31 Setting up libexpat1-dev:amd64 (2.2.9-1build1) ...
#6 46.33 Setting up libwrap0:amd64 (7.6.q-30) ...
#6 46.35 Setting up libnspr4:amd64 (2:4.25-1) ...
#6 46.36 Setting up libxfixes3:amd64 (1:5.0.3-2) ...
#6 46.38 Setting up libxcb-sync1:amd64 (1.14-2) ...
#6 46.40 Setting up uuid-dev:amd64 (2.34-0.1ubuntu9.3) ...
#6 46.41 Setting up libavahi-common-data:amd64 (0.7-4ubuntu7.1) ...
#6 46.43 Setting up libllvm12:amd64 (1:12.0.0-3ubuntu1~20.04.4) ...
#6 46.45 Setting up libsigsegv2:amd64 (2.12-2) ...
#6 46.46 Setting up libfribidi0:amd64 (1.0.8-2) ...
#6 46.48 Setting up libxinerama1:amd64 (2:1.1.4-2) ...
#6 46.50 Setting up libxv1:amd64 (2:1.0.11-1) ...
#6 46.51 Setting up libpng16-16:amd64 (1.6.37-2) ...
#6 46.53 Setting up libvorbis0a:amd64 (1.3.6-2ubuntu1) ...
#6 46.54 Setting up libxrandr2:amd64 (2:1.5.2-0ubuntu1) ...
#6 46.56 Setting up libwebp6:amd64 (0.6.1-2ubuntu0.20.04.1) ...
#6 46.58 Setting up pkg-config (0.29.1-0ubuntu4) ...
#6 46.67 Setting up fonts-dejavu-core (2.37-1) ...
#6 46.75 Setting up libpcsclite1:amd64 (1.8.26-3) ...
#6 46.77 Setting up libsensors5:amd64 (1:3.6.0-2ubuntu1) ...
#6 46.79 Setting up libjpeg-turbo8:amd64 (2.0.3-0ubuntu1.20.04.1) ...
#6 46.80 Setting up libltdl7:amd64 (2.4.6-14) ...
#6 46.82 Setting up libglapi-mesa:amd64 (21.2.6-0ubuntu0.1~20.04.1) ...
#6 46.83 Setting up libvulkan1:amd64 (1.2.131.2-1) ...
#6 46.85 Setting up liblzma-dev:amd64 (5.2.4-1ubuntu1) ...
#6 46.86 Setting up libxcb-dri2-0:amd64 (1.14-2) ...
#6 46.88 Setting up libgif7:amd64 (5.1.9-1) ...
#6 46.89 Setting up zlib1g-dev:amd64 (1:1.2.11.dfsg-2ubuntu1.2) ...
#6 46.91 Setting up libatk1.0-data (2.35.1-1ubuntu2) ...
#6 46.93 Setting up fonts-dejavu-extra (2.37-1) ...
#6 46.94 Setting up alsa-topology-conf (1.2.2-1) ...
#6 46.96 Setting up libasyncns0:amd64 (0.8-6) ...
#6 46.99 Setting up libxshmfence1:amd64 (1.3-1) ...
#6 47.01 Setting up libxcb-randr0:amd64 (1.14-2) ...
#6 47.03 Setting up libasound2:amd64 (1.2.2-2.1ubuntu2.5) ...
#6 47.04 Setting up libthai-data (0.1.28-3) ...
#6 47.06 Setting up xorg-sgml-doctools (1:1.11-1) ...
#6 47.08 Setting up libgtk2.0-common (2.24.32-4ubuntu4) ...
#6 47.10 Setting up libatk1.0-0:amd64 (2.35.1-1ubuntu2) ...
#6 47.11 Setting up libxkbfile1:amd64 (1:1.1.0-1) ...
#6 47.13 Setting up libdrm-common (2.4.107-8ubuntu1~20.04.1) ...
#6 47.15 Setting up libxcomposite1:amd64 (1:0.4.5-1) ...
#6 47.16 Setting up libvorbisenc2:amd64 (1.3.6-2ubuntu1) ...
#6 47.18 Setting up libbz2-dev:amd64 (1.0.8-2) ...
#6 47.19 Setting up libwayland-client0:amd64 (1.18.0-1) ...
#6 47.21 Setting up libjpeg8:amd64 (8c-2ubuntu8) ...
#6 47.23 Setting up x11proto-dev (2019.2-1ubuntu1) ...
#6 47.24 Setting up libice6:amd64 (2:1.0.10-0ubuntu1) ...
#6 47.26 Setting up libpython2.7:amd64 (2.7.18-1~20.04.1) ...
#6 47.27 Setting up libpython2.7-dev:amd64 (2.7.18-1~20.04.1) ...
#6 47.29 Setting up libgmp-dev:amd64 (2:6.2.0+dfsg-4) ...
#6 47.31 Setting up libxau-dev:amd64 (1:1.0.9-0ubuntu1) ...
#6 47.32 Setting up python2.7 (2.7.18-1~20.04.1) ...
#6 48.31 Setting up libice-dev:amd64 (2:1.0.10-0ubuntu1) ...
#6 48.32 Setting up libtool (2.4.6-14) ...
#6 48.34 Setting up libpython2-stdlib:amd64 (2.7.17-2ubuntu4) ...
#6 48.35 Setting up mlton-runtime-x86-64-linux-gnu (20130715-3) ...
#6 48.37 Setting up fontconfig-config (2.13.1-2ubuntu3) ...
#6 48.61 Setting up libxtst6:amd64 (2:1.2.3-1) ...
#6 48.62 Setting up libxcursor1:amd64 (1:1.2.0-2) ...
#6 48.64 Setting up libavahi-common3:amd64 (0.7-4ubuntu7.1) ...
#6 48.66 Setting up m4 (1.4.18-4) ...
#6 48.67 Setting up libnss3:amd64 (2:3.49.1-1ubuntu1.6) ...
#6 48.69 Setting up python2 (2.7.17-2ubuntu4) ...
#6 48.70 Setting up libatk-bridge2.0-0:amd64 (2.34.2-0ubuntu2~20.04.1) ...
#6 48.72 Setting up libthai0:amd64 (0.1.28-3) ...
#6 48.74 Setting up libxdmcp-dev:amd64 (1:1.1.3-0ubuntu1) ...
#6 48.75 Setting up libfreetype6:amd64 (2.10.1-2ubuntu0.1) ...
#6 48.77 Setting up x11proto-core-dev (2019.2-1ubuntu1) ...
#6 48.78 Setting up autoconf (2.69-11.1) ...
#6 48.81 Setting up libdrm2:amd64 (2.4.107-8ubuntu1~20.04.1) ...
#6 48.82 Setting up at-spi2-core (2.36.0-2) ...
#6 48.86 Setting up libharfbuzz0b:amd64 (2.6.4-1ubuntu4) ...
#6 48.87 Setting up libpython2-dev:amd64 (2.7.17-2ubuntu4) ...
#6 48.89 Setting up libtiff5:amd64 (4.1.0+git191117-2ubuntu0.20.04.2) ...
#6 48.91 Setting up libfontconfig1:amd64 (2.13.1-2ubuntu3) ...
#6 48.92 Setting up mlton-runtime-native (20130715-3) ...
#6 48.94 Setting up libsndfile1:amd64 (1.0.28-7ubuntu0.1) ...
#6 48.96 Setting up libsm6:amd64 (2:1.2.3-1) ...
#6 48.97 Setting up libavahi-client3:amd64 (0.7-4ubuntu7.1) ...
#6 48.99 Setting up python-is-python2 (2.7.17-4) ...
#6 49.01 Setting up mlton-compiler (20130715-3) ...
#6 49.03 Setting up libdrm-amdgpu1:amd64 (2.4.107-8ubuntu1~20.04.1) ...
#6 49.04 Setting up python2.7-dev (2.7.18-1~20.04.1) ...
#6 49.06 Setting up automake (1:1.16.1-4ubuntu6) ...
#6 49.08 update-alternatives: using /usr/bin/automake-1.16 to provide /usr/bin/automake (automake) in auto mode
#6 49.08 update-alternatives: warning: skip creation of /usr/share/man/man1/automake.1.gz because associated file /usr/share/man/man1/automake-1.16.1.gz (of link group automake) doesn't exist
#6 49.08 update-alternatives: warning: skip creation of /usr/share/man/man1/aclocal.1.gz because associated file /usr/share/man/man1/aclocal-1.16.1.gz (of link group automake) doesn't exist
#6 49.09 Setting up mesa-vulkan-drivers:amd64 (21.2.6-0ubuntu0.1~20.04.1) ...
#6 49.10 Setting up fontconfig (2.13.1-2ubuntu3) ...
#6 49.12 Regenerating fonts cache... done.
#6 51.19 Setting up libxft2:amd64 (2.3.3-0ubuntu1) ...
#6 51.27 Setting up libdrm-nouveau2:amd64 (2.4.107-8ubuntu1~20.04.1) ...
#6 51.34 Setting up libxcb1-dev:amd64 (1.14-2) ...
#6 51.41 Setting up python2-dev (2.7.17-2ubuntu4) ...
#6 51.47 Setting up libpulse0:amd64 (1:13.99.1-1ubuntu3.13) ...
#6 51.57 Setting up libsm-dev:amd64 (2:1.2.3-1) ...
#6 51.65 Setting up libdrm-radeon1:amd64 (2.4.107-8ubuntu1~20.04.1) ...
#6 51.71 Setting up libpango-1.0-0:amd64 (1.44.7-2ubuntu4) ...
#6 51.78 Setting up libdrm-intel1:amd64 (2.4.107-8ubuntu1~20.04.1) ...
#6 51.86 Setting up libgl1-mesa-dri:amd64 (21.2.6-0ubuntu0.1~20.04.1) ...
#6 51.94 Setting up libx11-dev:amd64 (2:1.6.9-2ubuntu1.2) ...
#6 52.02 Setting up libcairo2:amd64 (1.16.0-4ubuntu1) ...
#6 52.10 Setting up libltdl-dev:amd64 (2.4.6-14) ...
#6 52.22 Setting up python-dev-is-python2 (2.7.17-4) ...
#6 52.28 Setting up libgdk-pixbuf2.0-0:amd64 (2.40.0+dfsg-3ubuntu0.2) ...
#6 52.39 Setting up libxt6:amd64 (1:1.1.5-1) ...
#6 52.45 Setting up libcups2:amd64 (2.3.1-9ubuntu1.1) ...
#6 52.49 Setting up libgdk-pixbuf2.0-bin (2.40.0+dfsg-3ubuntu0.2) ...
#6 52.54 Setting up libcairo-gobject2:amd64 (1.16.0-4ubuntu1) ...
#6 52.59 Setting up mlton (20130715-3) ...
#6 52.63 Setting up libpangoft2-1.0-0:amd64 (1.44.7-2ubuntu4) ...
#6 52.65 Setting up libpangocairo-1.0-0:amd64 (1.44.7-2ubuntu4) ...
#6 52.66 Setting up gtk-update-icon-cache (3.24.20-0ubuntu1) ...
#6 52.68 Setting up libxmu6:amd64 (2:1.1.3-0ubuntu1) ...
#6 52.69 Setting up libglx-mesa0:amd64 (21.2.6-0ubuntu0.1~20.04.1) ...
#6 52.71 Setting up libglx0:amd64 (1.3.2-1~ubuntu0.20.04.1) ...
#6 52.73 Setting up libxaw7:amd64 (2:1.0.13-1) ...
#6 52.75 Setting up librsvg2-2:amd64 (2.48.9-1ubuntu0.20.04.1) ...
#6 52.77 Setting up libgl1:amd64 (1.3.2-1~ubuntu0.20.04.1) ...
#6 52.79 Setting up libxt-dev:amd64 (1:1.1.5-1) ...
#6 52.80 Setting up librsvg2-common:amd64 (2.48.9-1ubuntu0.20.04.1) ...
#6 52.83 Setting up libgl1-mesa-glx:amd64 (21.2.6-0ubuntu0.1~20.04.1) ...
#6 52.85 Setting up x11-utils (7.7+5) ...
#6 52.91 Setting up libatk-wrapper-java (0.37.1-1) ...
#6 52.93 Setting up libatk-wrapper-java-jni:amd64 (0.37.1-1) ...
#6 52.95 Setting up openjdk-8-jre-headless:amd64 (8u312-b07-0ubuntu1~20.04) ...
#6 53.08 update-alternatives: using /usr/lib/jvm/java-8-openjdk-amd64/jre/bin/rmid to provide /usr/bin/rmid (rmid) in auto mode
#6 53.09 update-alternatives: using /usr/lib/jvm/java-8-openjdk-amd64/jre/bin/java to provide /usr/bin/java (java) in auto mode
#6 53.10 update-alternatives: using /usr/lib/jvm/java-8-openjdk-amd64/jre/bin/keytool to provide /usr/bin/keytool (keytool) in auto mode
#6 53.10 update-alternatives: using /usr/lib/jvm/java-8-openjdk-amd64/jre/bin/jjs to provide /usr/bin/jjs (jjs) in auto mode
#6 53.11 update-alternatives: using /usr/lib/jvm/java-8-openjdk-amd64/jre/bin/pack200 to provide /usr/bin/pack200 (pack200) in auto mode
#6 53.11 update-alternatives: using /usr/lib/jvm/java-8-openjdk-amd64/jre/bin/rmiregistry to provide /usr/bin/rmiregistry (rmiregistry) in auto mode
#6 53.12 update-alternatives: using /usr/lib/jvm/java-8-openjdk-amd64/jre/bin/unpack200 to provide /usr/bin/unpack200 (unpack200) in auto mode
#6 53.12 update-alternatives: using /usr/lib/jvm/java-8-openjdk-amd64/jre/bin/orbd to provide /usr/bin/orbd (orbd) in auto mode
#6 53.13 update-alternatives: using /usr/lib/jvm/java-8-openjdk-amd64/jre/bin/servertool to provide /usr/bin/servertool (servertool) in auto mode
#6 53.14 update-alternatives: using /usr/lib/jvm/java-8-openjdk-amd64/jre/bin/tnameserv to provide /usr/bin/tnameserv (tnameserv) in auto mode
#6 53.14 update-alternatives: using /usr/lib/jvm/java-8-openjdk-amd64/jre/lib/jexec to provide /usr/bin/jexec (jexec) in auto mode
#6 53.50 Setting up ca-certificates-java (20190405ubuntu1) ...
#6 53.54 head: cannot open '/etc/ssl/certs/java/cacerts' for reading: No such file or directory
#6 53.94 Adding debian:Trustwave_Global_ECC_P384_Certification_Authority.pem
#6 53.94 Adding debian:DigiCert_Assured_ID_Root_G3.pem
#6 53.95 Adding debian:Hongkong_Post_Root_CA_3.pem
#6 53.96 Adding debian:Entrust_Root_Certification_Authority_-_G4.pem
#6 53.96 Adding debian:SecureSign_RootCA11.pem
#6 53.97 Adding debian:IdenTrust_Commercial_Root_CA_1.pem
#6 53.97 Adding debian:SSL.com_EV_Root_Certification_Authority_RSA_R2.pem
#6 53.98 Adding debian:AC_RAIZ_FNMT-RCM.pem
#6 53.99 Adding debian:Entrust.net_Premium_2048_Secure_Server_CA.pem
#6 53.99 Adding debian:Starfield_Class_2_CA.pem
#6 53.99 Adding debian:SSL.com_EV_Root_Certification_Authority_ECC.pem
#6 54.00 Adding debian:GTS_Root_R3.pem
#6 54.00 Adding debian:Sonera_Class_2_Root_CA.pem
#6 54.00 Adding debian:GTS_Root_R4.pem
#6 54.01 Adding debian:DigiCert_Trusted_Root_G4.pem
#6 54.02 Adding debian:DigiCert_Assured_ID_Root_CA.pem
#6 54.02 Adding debian:IdenTrust_Public_Sector_Root_CA_1.pem
#6 54.03 Adding debian:SecureTrust_CA.pem
#6 54.03 Adding debian:COMODO_ECC_Certification_Authority.pem
#6 54.04 Adding debian:Certum_Trusted_Network_CA_2.pem
#6 54.04 Adding debian:DigiCert_Assured_ID_Root_G2.pem
#6 54.05 Adding debian:DigiCert_Global_Root_CA.pem
#6 54.05 Adding debian:Entrust_Root_Certification_Authority_-_G2.pem
#6 54.05 Adding debian:Buypass_Class_3_Root_CA.pem
#6 54.06 Adding debian:Amazon_Root_CA_2.pem
#6 54.07 Adding debian:QuoVadis_Root_CA_3.pem
#6 54.07 Adding debian:USERTrust_ECC_Certification_Authority.pem
#6 54.07 Adding debian:Autoridad_de_Certificacion_Firmaprofesional_CIF_A62634068.pem
#6 54.08 Adding debian:QuoVadis_Root_CA_1_G3.pem
#6 54.08 Adding debian:D-TRUST_Root_Class_3_CA_2_2009.pem
#6 54.09 Adding debian:DigiCert_Global_Root_G2.pem
#6 54.09 Adding debian:QuoVadis_Root_CA_2.pem
#6 54.10 Adding debian:AffirmTrust_Premium.pem
#6 54.10 Adding debian:COMODO_Certification_Authority.pem
#6 54.11 Adding debian:certSIGN_Root_CA_G2.pem
#6 54.11 Adding debian:Hellenic_Academic_and_Research_Institutions_RootCA_2011.pem
#6 54.12 Adding debian:TrustCor_RootCert_CA-2.pem
#6 54.12 Adding debian:GTS_Root_R2.pem
#6 54.12 Adding debian:Security_Communication_RootCA2.pem
#6 54.13 Adding debian:CA_Disig_Root_R2.pem
#6 54.13 Adding debian:AffirmTrust_Premium_ECC.pem
#6 54.14 Adding debian:SSL.com_Root_Certification_Authority_ECC.pem
#6 54.14 Adding debian:Trustwave_Global_Certification_Authority.pem
#6 54.15 Adding debian:E-Tugra_Certification_Authority.pem
#6 54.15 Adding debian:emSign_Root_CA_-_C1.pem
#6 54.15 Adding debian:NetLock_Arany_=Class_Gold=_Ftanstvny.pem
#6 54.15 Adding debian:Microsoft_ECC_Root_Certificate_Authority_2017.pem
#6 54.16 Adding debian:Go_Daddy_Root_Certificate_Authority_-_G2.pem
#6 54.16 Adding debian:SSL.com_Root_Certification_Authority_RSA.pem
#6 54.16 Adding debian:GTS_Root_R1.pem
#6 54.17 Adding debian:TeliaSonera_Root_CA_v1.pem
#6 54.17 Adding debian:emSign_Root_CA_-_G1.pem
#6 54.17 Adding debian:OISTE_WISeKey_Global_Root_GC_CA.pem
#6 54.18 Adding debian:GeoTrust_Primary_Certification_Authority_-_G2.pem
#6 54.18 Adding debian:ePKI_Root_Certification_Authority.pem
#6 54.18 Adding debian:XRamp_Global_CA_Root.pem
#6 54.18 Adding debian:Entrust_Root_Certification_Authority_-_EC1.pem
#6 54.19 Adding debian:Secure_Global_CA.pem
#6 54.19 Adding debian:Starfield_Services_Root_Certificate_Authority_-_G2.pem
#6 54.19 Adding debian:GlobalSign_ECC_Root_CA_-_R4.pem
#6 54.19 Adding debian:Baltimore_CyberTrust_Root.pem
#6 54.20 Adding debian:Network_Solutions_Certificate_Authority.pem
#6 54.20 Adding debian:Staat_der_Nederlanden_Root_CA_-_G3.pem
#6 54.20 Adding debian:ISRG_Root_X1.pem
#6 54.21 Adding debian:EC-ACC.pem
#6 54.21 Adding debian:Actalis_Authentication_Root_CA.pem
#6 54.21 Adding debian:Global_Chambersign_Root_-_2008.pem
#6 54.22 Adding debian:Certum_Trusted_Network_CA.pem
#6 54.22 Adding debian:Amazon_Root_CA_4.pem
#6 54.22 Adding debian:Trustwave_Global_ECC_P256_Certification_Authority.pem
#6 54.22 Adding debian:DigiCert_High_Assurance_EV_Root_CA.pem
#6 54.23 Adding debian:Hellenic_Academic_and_Research_Institutions_ECC_RootCA_2015.pem
#6 54.23 Adding debian:TWCA_Root_Certification_Authority.pem
#6 54.23 Adding debian:certSIGN_ROOT_CA.pem
#6 54.24 Adding debian:Go_Daddy_Class_2_CA.pem
#6 54.24 Adding debian:GlobalSign_Root_CA_-_R3.pem
#6 54.24 Adding debian:e-Szigno_Root_CA_2017.pem
#6 54.24 Adding debian:UCA_Global_G2_Root.pem
#6 54.25 Adding debian:QuoVadis_Root_CA_3_G3.pem
#6 54.25 Adding debian:emSign_ECC_Root_CA_-_G3.pem
#6 54.25 Adding debian:GlobalSign_ECC_Root_CA_-_R5.pem
#6 54.25 Adding debian:GlobalSign_Root_CA_-_R6.pem
#6 54.26 Adding debian:Amazon_Root_CA_1.pem
#6 54.26 Adding debian:Certigna_Root_CA.pem
#6 54.26 Adding debian:Buypass_Class_2_Root_CA.pem
#6 54.27 Adding debian:SwissSign_Silver_CA_-_G2.pem
#6 54.27 Adding debian:Starfield_Root_Certificate_Authority_-_G2.pem
#6 54.28 Adding debian:TUBITAK_Kamu_SM_SSL_Kok_Sertifikasi_-_Surum_1.pem
#6 54.28 Adding debian:GlobalSign_Root_CA_-_R2.pem
#6 54.28 Adding debian:Security_Communication_Root_CA.pem
#6 54.29 Adding debian:Microsec_e-Szigno_Root_CA_2009.pem
#6 54.29 Adding debian:Certigna.pem
#6 54.29 Adding debian:Atos_TrustedRoot_2011.pem
#6 54.30 Adding debian:GDCA_TrustAUTH_R5_ROOT.pem
#6 54.30 Adding debian:GlobalSign_Root_CA.pem
#6 54.30 Adding debian:AffirmTrust_Commercial.pem
#6 54.31 Adding debian:ACCVRAIZ1.pem
#6 54.31 Adding debian:QuoVadis_Root_CA.pem
#6 54.31 Adding debian:TrustCor_ECA-1.pem
#6 54.31 Adding debian:QuoVadis_Root_CA_2_G3.pem
#6 54.32 Adding debian:NAVER_Global_Root_Certification_Authority.pem
#6 54.32 Adding debian:VeriSign_Universal_Root_Certification_Authority.pem
#6 54.32 Adding debian:emSign_ECC_Root_CA_-_C3.pem
#6 54.32 Adding debian:Entrust_Root_Certification_Authority.pem
#6 54.33 Adding debian:T-TeleSec_GlobalRoot_Class_3.pem
#6 54.33 Adding debian:USERTrust_RSA_Certification_Authority.pem
#6 54.33 Adding debian:CFCA_EV_ROOT.pem
#6 54.34 Adding debian:Izenpe.com.pem
#6 54.34 Adding debian:Chambers_of_Commerce_Root_-_2008.pem
#6 54.34 Adding debian:Comodo_AAA_Services_root.pem
#6 54.35 Adding debian:SZAFIR_ROOT_CA2.pem
#6 54.35 Adding debian:D-TRUST_Root_Class_3_CA_2_EV_2009.pem
#6 54.35 Adding debian:Trustis_FPS_Root_CA.pem
#6 54.35 Adding debian:TWCA_Global_Root_CA.pem
#6 54.36 Adding debian:Staat_der_Nederlanden_EV_Root_CA.pem
#6 54.36 Adding debian:Hongkong_Post_Root_CA_1.pem
#6 54.36 Adding debian:DigiCert_Global_Root_G3.pem
#6 54.36 Adding debian:T-TeleSec_GlobalRoot_Class_2.pem
#6 54.36 Adding debian:OISTE_WISeKey_Global_Root_GB_CA.pem
#6 54.37 Adding debian:UCA_Extended_Validation_Root.pem
#6 54.37 Adding debian:COMODO_RSA_Certification_Authority.pem
#6 54.37 Adding debian:Cybertrust_Global_Root.pem
#6 54.37 Adding debian:Amazon_Root_CA_3.pem
#6 54.38 Adding debian:SwissSign_Gold_CA_-_G2.pem
#6 54.38 Adding debian:AffirmTrust_Networking.pem
#6 54.38 Adding debian:TrustCor_RootCert_CA-1.pem
#6 54.39 Adding debian:Microsoft_RSA_Root_Certificate_Authority_2017.pem
#6 54.39 Adding debian:Hellenic_Academic_and_Research_Institutions_RootCA_2015.pem
#6 54.60 done.
#6 54.67 Setting up adwaita-icon-theme (3.36.1-2ubuntu0.20.04.2) ...
#6 54.84 update-alternatives: using /usr/share/icons/Adwaita/cursor.theme to provide /usr/share/icons/default/index.theme (x-cursor-theme) in auto mode
#6 54.88 Setting up openjdk-8-jdk-headless:amd64 (8u312-b07-0ubuntu1~20.04) ...
#6 54.93 update-alternatives: using /usr/lib/jvm/java-8-openjdk-amd64/bin/idlj to provide /usr/bin/idlj (idlj) in auto mode
#6 54.94 update-alternatives: using /usr/lib/jvm/java-8-openjdk-amd64/bin/jdeps to provide /usr/bin/jdeps (jdeps) in auto mode
#6 54.95 update-alternatives: using /usr/lib/jvm/java-8-openjdk-amd64/bin/wsimport to provide /usr/bin/wsimport (wsimport) in auto mode
#6 54.96 update-alternatives: using /usr/lib/jvm/java-8-openjdk-amd64/bin/rmic to provide /usr/bin/rmic (rmic) in auto mode
#6 54.96 update-alternatives: using /usr/lib/jvm/java-8-openjdk-amd64/bin/jinfo to provide /usr/bin/jinfo (jinfo) in auto mode
#6 54.97 update-alternatives: using /usr/lib/jvm/java-8-openjdk-amd64/bin/jsadebugd to provide /usr/bin/jsadebugd (jsadebugd) in auto mode
#6 54.98 update-alternatives: using /usr/lib/jvm/java-8-openjdk-amd64/bin/native2ascii to provide /usr/bin/native2ascii (native2ascii) in auto mode
#6 54.98 update-alternatives: using /usr/lib/jvm/java-8-openjdk-amd64/bin/jstat to provide /usr/bin/jstat (jstat) in auto mode
#6 54.99 update-alternatives: using /usr/lib/jvm/java-8-openjdk-amd64/bin/javac to provide /usr/bin/javac (javac) in auto mode
#6 54.99 update-alternatives: using /usr/lib/jvm/java-8-openjdk-amd64/bin/javah to provide /usr/bin/javah (javah) in auto mode
#6 55.00 update-alternatives: using /usr/lib/jvm/java-8-openjdk-amd64/bin/hsdb to provide /usr/bin/hsdb (hsdb) in auto mode
#6 55.00 update-alternatives: using /usr/lib/jvm/java-8-openjdk-amd64/bin/clhsdb to provide /usr/bin/clhsdb (clhsdb) in auto mode
#6 55.01 update-alternatives: using /usr/lib/jvm/java-8-openjdk-amd64/bin/jps to provide /usr/bin/jps (jps) in auto mode
#6 55.01 update-alternatives: using /usr/lib/jvm/java-8-openjdk-amd64/bin/jstack to provide /usr/bin/jstack (jstack) in auto mode
#6 55.02 update-alternatives: using /usr/lib/jvm/java-8-openjdk-amd64/bin/jrunscript to provide /usr/bin/jrunscript (jrunscript) in auto mode
#6 55.03 update-alternatives: using /usr/lib/jvm/java-8-openjdk-amd64/bin/javadoc to provide /usr/bin/javadoc (javadoc) in auto mode
#6 55.04 update-alternatives: using /usr/lib/jvm/java-8-openjdk-amd64/bin/javap to provide /usr/bin/javap (javap) in auto mode
#6 55.04 update-alternatives: using /usr/lib/jvm/java-8-openjdk-amd64/bin/jar to provide /usr/bin/jar (jar) in auto mode
#6 55.05 update-alternatives: using /usr/lib/jvm/java-8-openjdk-amd64/bin/xjc to provide /usr/bin/xjc (xjc) in auto mode
#6 55.05 update-alternatives: using /usr/lib/jvm/java-8-openjdk-amd64/bin/schemagen to provide /usr/bin/schemagen (schemagen) in auto mode
#6 55.06 update-alternatives: using /usr/lib/jvm/java-8-openjdk-amd64/bin/extcheck to provide /usr/bin/extcheck (extcheck) in auto mode
#6 55.07 update-alternatives: using /usr/lib/jvm/java-8-openjdk-amd64/bin/jmap to provide /usr/bin/jmap (jmap) in auto mode
#6 55.07 update-alternatives: using /usr/lib/jvm/java-8-openjdk-amd64/bin/jstatd to provide /usr/bin/jstatd (jstatd) in auto mode
#6 55.08 update-alternatives: using /usr/lib/jvm/java-8-openjdk-amd64/bin/jhat to provide /usr/bin/jhat (jhat) in auto mode
#6 55.09 update-alternatives: using /usr/lib/jvm/java-8-openjdk-amd64/bin/jdb to provide /usr/bin/jdb (jdb) in auto mode
#6 55.09 update-alternatives: using /usr/lib/jvm/java-8-openjdk-amd64/bin/serialver to provide /usr/bin/serialver (serialver) in auto mode
#6 55.10 update-alternatives: using /usr/lib/jvm/java-8-openjdk-amd64/bin/jfr to provide /usr/bin/jfr (jfr) in auto mode
#6 55.11 update-alternatives: using /usr/lib/jvm/java-8-openjdk-amd64/bin/wsgen to provide /usr/bin/wsgen (wsgen) in auto mode
#6 55.12 update-alternatives: using /usr/lib/jvm/java-8-openjdk-amd64/bin/jcmd to provide /usr/bin/jcmd (jcmd) in auto mode
#6 55.13 update-alternatives: using /usr/lib/jvm/java-8-openjdk-amd64/bin/jarsigner to provide /usr/bin/jarsigner (jarsigner) in auto mode
#6 55.14 Setting up libgtk2.0-0:amd64 (2.24.32-4ubuntu4) ...
#6 55.18 Setting up openjdk-8-jre:amd64 (8u312-b07-0ubuntu1~20.04) ...
#6 55.21 update-alternatives: using /usr/lib/jvm/java-8-openjdk-amd64/jre/bin/policytool to provide /usr/bin/policytool (policytool) in auto mode
#6 55.21 Setting up humanity-icon-theme (0.6.15) ...
#6 55.54 Setting up libgail18:amd64 (2.24.32-4ubuntu4) ...
#6 55.55 Setting up libgtk2.0-bin (2.24.32-4ubuntu4) ...
#6 55.57 Setting up openjdk-8-jdk:amd64 (8u312-b07-0ubuntu1~20.04) ...
#6 55.59 update-alternatives: using /usr/lib/jvm/java-8-openjdk-amd64/bin/appletviewer to provide /usr/bin/appletviewer (appletviewer) in auto mode
#6 55.60 update-alternatives: using /usr/lib/jvm/java-8-openjdk-amd64/bin/jconsole to provide /usr/bin/jconsole (jconsole) in auto mode
#6 55.61 Setting up libgail-common:amd64 (2.24.32-4ubuntu4) ...
#6 55.63 Setting up ubuntu-mono (19.04-0ubuntu3) ...
#6 55.73 Processing triggers for systemd (245.4-4ubuntu3.15) ...
#6 55.74 Processing triggers for ca-certificates (20210119~20.04.2) ...
#6 55.76 Updating certificates in /etc/ssl/certs...
#6 56.45 0 added, 0 removed; done.
#6 56.45 Running hooks in /etc/ca-certificates/update.d...
#6 56.46 
#6 56.82 done.
#6 56.82 done.
#6 56.84 Processing triggers for mime-support (3.64ubuntu1) ...
#6 56.89 Processing triggers for libc-bin (2.31-0ubuntu9.2) ...
#6 56.95 Processing triggers for libgdk-pixbuf2.0-0:amd64 (2.40.0+dfsg-3ubuntu0.2) ...
#6 DONE 58.3s

#7 [ 3/11] RUN git clone --recursive -b breaking https://github.com/ethereum/solidity.git solidity
#7 sha256:f033bdc7ecade411c74f7cf5791a5daeb8ccd61e449192d21737e703eba3149b
#7 0.613 Cloning into 'solidity'...
#7 DONE 11.9s

#8 [ 4/11] RUN git clone --depth 1 https://github.com/ethereum/solidity-fuzzing-corpus.git
#8 sha256:3a313f9e31d51a7a12e2bae149889e8464fc99083b6501dc21177dae99acaed4
#8 0.489 Cloning into 'solidity-fuzzing-corpus'...
#8 5.514 Updating files:  12% (13046/103941)Updating files:  13% (13513/103941)Updating files:  14% (14552/103941)Updating files:  15% (15592/103941)Updating files:  16% (16631/103941)Updating files:  17% (17670/103941)Updating files:  18% (18710/103941)Updating files:  19% (19749/103941)Updating files:  20% (20789/103941)Updating files:  21% (21828/103941)Updating files:  22% (22868/103941)Updating files:  23% (23907/103941)Updating files:  24% (24946/103941)Updating files:  25% (25986/103941)Updating files:  25% (26026/103941)Updating files:  26% (27025/103941)Updating files:  27% (28065/103941)Updating files:  28% (29104/103941)Updating files:  29% (30143/103941)Updating files:  30% (31183/103941)Updating files:  31% (32222/103941)Updating files:  32% (33262/103941)Updating files:  33% (34301/103941)Updating files:  34% (35340/103941)Updating files:  35% (36380/103941)Updating files:  36% (37419/103941)Updating files:  37% (38459/103941)Updating files:  38% (39498/103941)Updating files:  38% (39776/103941)Updating files:  39% (40537/103941)Updating files:  40% (41577/103941)Updating files:  41% (42616/103941)Updating files:  42% (43656/103941)Updating files:  43% (44695/103941)Updating files:  44% (45735/103941)Updating files:  45% (46774/103941)Updating files:  46% (47813/103941)Updating files:  47% (48853/103941)Updating files:  48% (49892/103941)Updating files:  49% (50932/103941)Updating files:  50% (51971/103941)Updating files:  51% (53010/103941)Updating files:  51% (53308/103941)Updating files:  52% (54050/103941)Updating files:  53% (55089/103941)Updating files:  54% (56129/103941)Updating files:  55% (57168/103941)Updating files:  56% (58207/103941)Updating files:  57% (59247/103941)Updating files:  58% (60286/103941)Updating files:  59% (61326/103941)Updating files:  60% (62365/103941)Updating files:  61% (63405/103941)Updating files:  62% (64444/103941)Updating files:  63% (65483/103941)Updating files:  63% (65750/103941)Updating files:  64% (66523/103941)Updating files:  65% (67562/103941)Updating files:  66% (68602/103941)Updating files:  67% (69641/103941)Updating files:  68% (70680/103941)Updating files:  69% (71720/103941)Updating files:  70% (72759/103941)Updating files:  71% (73799/103941)Updating files:  72% (74838/103941)Updating files:  73% (75877/103941)Updating files:  74% (76917/103941)Updating files:  75% (77956/103941)Updating files:  76% (78996/103941)Updating files:  76% (79838/103941)Updating files:  77% (80035/103941)Updating files:  78% (81074/103941)Updating files:  79% (82114/103941)Updating files:  80% (83153/103941)Updating files:  81% (84193/103941)Updating files:  82% (85232/103941)Updating files:  83% (86272/103941)Updating files:  84% (87311/103941)Updating files:  85% (88350/103941)Updating files:  86% (89390/103941)Updating files:  87% (90429/103941)Updating files:  88% (91469/103941)Updating files:  88% (92295/103941)Updating files:  89% (92508/103941)Updating files:  90% (93547/103941)Updating files:  91% (94587/103941)Updating files:  92% (95626/103941)Updating files:  93% (96666/103941)Updating files:  94% (97705/103941)Updating files:  95% (98744/103941)Updating files:  96% (99784/103941)Updating files:  97% (100823/103941)Updating files:  98% (101863/103941)Updating files:  99% (102902/103941)Updating files: 100% (103941/103941)Updating files: 100% (103941/103941), done.
#8 DONE 15.6s

#9 [ 5/11] RUN git clone --depth 1 https://github.com/google/libprotobuf-mutator.git
#9 sha256:2265912a342e8ad5806b855759771201e8aabed2d300027172049887941e0d2a
#9 0.636 Cloning into 'libprotobuf-mutator'...
#9 DONE 1.7s

#10 [ 6/11] RUN git clone --branch="v0.4.0" --recurse-submodules     https://github.com/ethereum/evmone.git
#10 sha256:310edc6349c294aa5864a7142b69c5b92bb207e2ac46e25a8c53004db3bc8f0f
#10 0.537 Cloning into 'evmone'...
#10 1.586 Note: switching to 'f2fcd90a4e727f633feb34a06faeb022b2f1e3a7'.
#10 1.586 
#10 1.586 You are in 'detached HEAD' state. You can look around, make experimental
#10 1.586 changes and commit them, and you can discard any commits you make in this
#10 1.586 state without impacting any branches by switching back to a branch.
#10 1.586 
#10 1.586 If you want to create a new branch to retain commits you create, you may
#10 1.586 do so (now or later) by using -c with the switch command. Example:
#10 1.586 
#10 1.586   git switch -c <new-branch-name>
#10 1.586 
#10 1.586 Or undo this operation with:
#10 1.586 
#10 1.586   git switch -
#10 1.586 
#10 1.586 Turn off this advice by setting config variable advice.detachedHead to false
#10 1.586 
#10 1.669 Submodule 'evmc' (https://github.com/ethereum/evmc) registered for path 'evmc'
#10 1.681 Cloning into '/src/evmone/evmc'...
#10 2.741 Submodule path 'evmc': checked out '1de783316a95fccb4fe7c24ff65840995272107e'
#10 DONE 3.2s

#11 [ 7/11] RUN cd /src;     wget -q 'https://dl.bintray.com/boostorg/release/1.73.0/source/boost_1_73_0.tar.bz2' -O boost.tar.bz2;     test "$(sha256sum boost.tar.bz2)" = "4eb3b8d442b426dc35346235c8733b5ae35ba431690e38c6a8263dce9fcbb402  boost.tar.bz2";     tar -xf boost.tar.bz2;     rm boost.tar.bz2;     cd boost_1_73_0;     CXXFLAGS="-stdlib=libc++ -pthread" LDFLAGS="-stdlib=libc++" ./bootstrap.sh --with-toolset=clang --prefix=/usr;     ./b2 toolset=clang cxxflags="-stdlib=libc++ -pthread" linkflags="-stdlib=libc++ -pthread" headers;     ./b2 toolset=clang cxxflags="-stdlib=libc++ -pthread" linkflags="-stdlib=libc++ -pthread"         link=static variant=release runtime-link=static         system filesystem unit_test_framework program_options         install -j $(($(nproc)/2));     rm -rf /src/boost_1_73_0
#11 sha256:258a94f138a860a4e904c3b31d9e83f8933aadf1cc492b66c37dd9b2387e1ea4
#11 1.432 tar: This does not look like a tar archive
#11 1.435 
#11 1.435 bzip2: Compressed file ends unexpectedly;
#11 1.435 	perhaps it is corrupted?  *Possible* reason follows.
#11 1.435 bzip2: Inappropriate ioctl for device
#11 1.435 	Input file = (stdin), output file = (stdout)
#11 1.435 
#11 1.435 It is possible that the compressed file(s) have become corrupted.
#11 1.435 You can use the -tvv option to test integrity of such files.
#11 1.435 
#11 1.435 You can use the `bzip2recover' program to attempt to recover
#11 1.435 data from undamaged sections of corrupted files.
#11 1.435 
#11 1.435 tar: Child returned status 2
#11 1.435 tar: Error is not recoverable: exiting now
#11 1.436 /bin/sh: 1: cd: can't cd to boost_1_73_0
#11 1.437 /bin/sh: 1: ./bootstrap.sh: not found
#11 1.437 /bin/sh: 1: ./b2: not found
#11 1.439 /bin/sh: 1: ./b2: not found
#11 DONE 1.8s

#12 [ 8/11] RUN mkdir /src/LPM;     cd /src/LPM;     cmake /src/libprotobuf-mutator -GNinja     -DLIB_PROTO_MUTATOR_DOWNLOAD_PROTOBUF=ON -DLIB_PROTO_MUTATOR_TESTING=OFF     -DCMAKE_BUILD_TYPE=Release -DCMAKE_INSTALL_PREFIX="/usr";     ninja;     ninja install;     cd external.protobuf;     cp -Rf bin lib include /usr;
#12 sha256:60d6a2b6e2d9f892442ee61c85aaa5b1cc343f11931809a38e08c8a9b262ffda
#12 0.738 -- The CXX compiler identification is Clang 14.0.0
#12 0.775 -- Detecting CXX compiler ABI info
#12 0.877 -- Detecting CXX compiler ABI info - done
#12 0.895 -- Check for working CXX compiler: /usr/local/bin/clang++ - skipped
#12 0.901 -- Detecting CXX compile features
#12 0.902 -- Detecting CXX compile features - done
#12 0.989 -- The C compiler identification is Clang 14.0.0
#12 1.005 -- Detecting C compiler ABI info
#12 1.094 -- Detecting C compiler ABI info - done
#12 1.112 -- Check for working C compiler: /usr/local/bin/clang - skipped
#12 1.113 -- Detecting C compile features
#12 1.114 -- Detecting C compile features - done
#12 1.130 -- Looking for pthread.h
#12 1.226 -- Looking for pthread.h - found
#12 1.226 -- Performing Test CMAKE_HAVE_LIBC_PTHREAD
#12 1.328 -- Performing Test CMAKE_HAVE_LIBC_PTHREAD - Failed
#12 1.328 -- Check if compiler accepts -pthread
#12 1.447 -- Check if compiler accepts -pthread - yes
#12 1.453 -- Found Threads: TRUE  
#12 1.465 -- Looking for lzma_auto_decoder in /usr/lib/x86_64-linux-gnu/liblzma.so
#12 1.561 -- Looking for lzma_auto_decoder in /usr/lib/x86_64-linux-gnu/liblzma.so - found
#12 1.562 -- Looking for lzma_easy_encoder in /usr/lib/x86_64-linux-gnu/liblzma.so
#12 1.652 -- Looking for lzma_easy_encoder in /usr/lib/x86_64-linux-gnu/liblzma.so - found
#12 1.652 -- Looking for lzma_lzma_preset in /usr/lib/x86_64-linux-gnu/liblzma.so
#12 1.738 -- Looking for lzma_lzma_preset in /usr/lib/x86_64-linux-gnu/liblzma.so - found
#12 1.741 -- Found LibLZMA: /usr/lib/x86_64-linux-gnu/liblzma.so (found version "5.2.4") 
#12 1.764 -- Found ZLIB: /usr/lib/x86_64-linux-gnu/libz.so (found version "1.2.11") 
#12 1.765 -- Performing Test LIB_PROTO_MUTATOR_HAS_SANITIZE_ADDRESS
#12 2.051 -- Performing Test LIB_PROTO_MUTATOR_HAS_SANITIZE_ADDRESS - Success
#12 2.053 -- Performing Test LIB_PROTO_MUTATOR_HAS_SANITIZE_SCOPE
#12 2.288 -- Performing Test LIB_PROTO_MUTATOR_HAS_SANITIZE_SCOPE - Success
#12 2.290 -- Performing Test LIB_PROTO_MUTATOR_HAS_NO_COVERAGE
#12 2.387 -- Performing Test LIB_PROTO_MUTATOR_HAS_NO_COVERAGE - Success
#12 2.388 -- Performing Test LIB_PROTO_MUTATOR_HAS_SANITIZE_FUZZER
#12 2.566 -- Performing Test LIB_PROTO_MUTATOR_HAS_SANITIZE_FUZZER - Success
#12 2.568 -- Performing Test LIB_PROTO_MUTATOR_HAS_NO_SANITIZE_FUZZER
#12 2.666 -- Performing Test LIB_PROTO_MUTATOR_HAS_NO_SANITIZE_FUZZER - Success
#12 2.668 -- Performing Test LIB_PROTO_MUTATOR_HAS_WSTRING_CONVERSION
#12 2.761 -- Performing Test LIB_PROTO_MUTATOR_HAS_WSTRING_CONVERSION - Success
#12 2.784 -- Could NOT find Protobuf (missing: Protobuf_LIBRARIES Protobuf_INCLUDE_DIR) 
#12 2.882 -- Configuring done
#12 2.927 -- Generating done
#12 2.939 -- Build files have been written to: /src/LPM
#12 2.981 [1/16] Creating directories for 'external.protobuf'
#12 18.00 [2/16] Performing download step (git clone) for 'external.protobuf'
#12 18.00 Cloning into 'external.protobuf'...
#12 18.00 HEAD is now at 909a0f36a Merge pull request #8701 from protocolbuffers/updateChangelogs
#12 18.00 Submodule 'third_party/benchmark' (https://github.com/google/benchmark.git) registered for path 'third_party/benchmark'
#12 18.00 Submodule 'third_party/googletest' (https://github.com/google/googletest.git) registered for path 'third_party/googletest'
#12 18.00 Cloning into '/src/LPM/external.protobuf/src/external.protobuf/third_party/benchmark'...
#12 18.00 Cloning into '/src/LPM/external.protobuf/src/external.protobuf/third_party/googletest'...
#12 18.00 Submodule path 'third_party/benchmark': checked out '5b7683f49e1e9223cf9927b24f6fd3d6bd82e3f8'
#12 18.00 Submodule path 'third_party/googletest': checked out '5ec7f0c4a113e2f18ac2c6cc7df51ad6afc24081'
#12 18.00 [3/16] No update step for 'external.protobuf'
#12 18.01 [4/16] No patch step for 'external.protobuf'
#12 19.14 [5/16] Performing configure step for 'external.protobuf'
#12 19.14 -- The C compiler identification is Clang 14.0.0
#12 19.14 -- The CXX compiler identification is Clang 14.0.0
#12 19.14 -- Detecting C compiler ABI info
#12 19.14 -- Detecting C compiler ABI info - done
#12 19.14 -- Check for working C compiler: /usr/local/bin/clang - skipped
#12 19.14 -- Detecting C compile features
#12 19.14 -- Detecting C compile features - done
#12 19.14 -- Detecting CXX compiler ABI info
#12 19.14 -- Detecting CXX compiler ABI info - done
#12 19.14 -- Check for working CXX compiler: /usr/local/bin/clang++ - skipped
#12 19.14 -- Detecting CXX compile features
#12 19.14 -- Detecting CXX compile features - done
#12 19.14 -- 
#12 19.14 -- 3.17.3.0
#12 19.14 -- Looking for pthread.h
#12 19.14 -- Looking for pthread.h - found
#12 19.14 -- Performing Test CMAKE_HAVE_LIBC_PTHREAD
#12 19.14 -- Performing Test CMAKE_HAVE_LIBC_PTHREAD - Success
#12 19.14 -- Found Threads: TRUE  
#12 19.14 -- Found ZLIB: /usr/lib/x86_64-linux-gnu/libz.so (found version "1.2.11") 
#12 19.14 -- Performing Test protobuf_HAVE_BUILTIN_ATOMICS
#12 19.14 -- Performing Test protobuf_HAVE_BUILTIN_ATOMICS - Success
#12 19.14 -- Configuring done
#12 19.14 -- Generating done
#12 19.14 -- Build files have been written to: /src/LPM/external.protobuf/src/external.protobuf-build
#12 158.5 [6/16] Performing build step for 'external.protobuf'
#12 158.5 [1/201] Building CXX object CMakeFiles/libprotobuf-lite.dir/src/LPM/external.protobuf/src/external.protobuf/src/google/protobuf/arena.cc.o
#12 158.5 [2/201] Building CXX object CMakeFiles/libprotobuf-lite.dir/src/LPM/external.protobuf/src/external.protobuf/src/google/protobuf/io/io_win32.cc.o
#12 158.5 [3/201] Building CXX object CMakeFiles/libprotobuf-lite.dir/src/LPM/external.protobuf/src/external.protobuf/src/google/protobuf/generated_enum_util.cc.o
#12 158.5 [4/201] Building CXX object CMakeFiles/libprotobuf-lite.dir/src/LPM/external.protobuf/src/external.protobuf/src/google/protobuf/implicit_weak_message.cc.o
#12 158.5 [5/201] Building CXX object CMakeFiles/libprotobuf-lite.dir/src/LPM/external.protobuf/src/external.protobuf/src/google/protobuf/field_access_listener.cc.o
#12 158.5 [6/201] Building CXX object CMakeFiles/libprotobuf-lite.dir/src/LPM/external.protobuf/src/external.protobuf/src/google/protobuf/any_lite.cc.o
#12 158.5 [7/201] Building CXX object CMakeFiles/libprotobuf-lite.dir/src/LPM/external.protobuf/src/external.protobuf/src/google/protobuf/io/coded_stream.cc.o
#12 158.5 [8/201] Building CXX object CMakeFiles/libprotobuf-lite.dir/src/LPM/external.protobuf/src/external.protobuf/src/google/protobuf/arenastring.cc.o
#12 158.5 [9/201] Building CXX object CMakeFiles/libprotobuf-lite.dir/src/LPM/external.protobuf/src/external.protobuf/src/google/protobuf/io/zero_copy_stream.cc.o
#12 158.5 [10/201] Building CXX object CMakeFiles/libprotobuf-lite.dir/src/LPM/external.protobuf/src/external.protobuf/src/google/protobuf/io/strtod.cc.o
#12 158.5 [11/201] Building CXX object CMakeFiles/libprotobuf-lite.dir/src/LPM/external.protobuf/src/external.protobuf/src/google/protobuf/io/zero_copy_stream_impl.cc.o
#12 158.5 [12/201] Building CXX object CMakeFiles/libprotobuf-lite.dir/src/LPM/external.protobuf/src/external.protobuf/src/google/protobuf/io/zero_copy_stream_impl_lite.cc.o
#12 158.5 [13/201] Building CXX object CMakeFiles/libprotobuf-lite.dir/src/LPM/external.protobuf/src/external.protobuf/src/google/protobuf/map.cc.o
#12 158.5 [14/201] Building CXX object CMakeFiles/libprotobuf-lite.dir/src/LPM/external.protobuf/src/external.protobuf/src/google/protobuf/stubs/bytestream.cc.o
#12 158.5 [15/201] Building CXX object CMakeFiles/libprotobuf-lite.dir/src/LPM/external.protobuf/src/external.protobuf/src/google/protobuf/message_lite.cc.o
#12 158.5 [16/201] Building CXX object CMakeFiles/libprotobuf-lite.dir/src/LPM/external.protobuf/src/external.protobuf/src/google/protobuf/generated_message_util.cc.o
#12 158.5 [17/201] Building CXX object CMakeFiles/libprotobuf-lite.dir/src/LPM/external.protobuf/src/external.protobuf/src/google/protobuf/parse_context.cc.o
#12 158.5 [18/201] Building CXX object CMakeFiles/libprotobuf-lite.dir/src/LPM/external.protobuf/src/external.protobuf/src/google/protobuf/stubs/common.cc.o
#12 158.5 [19/201] Building CXX object CMakeFiles/libprotobuf-lite.dir/src/LPM/external.protobuf/src/external.protobuf/src/google/protobuf/stubs/int128.cc.o
#12 158.5 [20/201] Building CXX object CMakeFiles/libprotobuf-lite.dir/src/LPM/external.protobuf/src/external.protobuf/src/google/protobuf/generated_message_table_driven_lite.cc.o
#12 158.5 [21/201] Building CXX object CMakeFiles/libprotobuf-lite.dir/src/LPM/external.protobuf/src/external.protobuf/src/google/protobuf/stubs/statusor.cc.o
#12 158.5 [22/201] Building CXX object CMakeFiles/libprotobuf-lite.dir/src/LPM/external.protobuf/src/external.protobuf/src/google/protobuf/stubs/status.cc.o
#12 158.5 [23/201] Building CXX object CMakeFiles/libprotobuf-lite.dir/src/LPM/external.protobuf/src/external.protobuf/src/google/protobuf/extension_set.cc.o
#12 158.5 [24/201] Building CXX object CMakeFiles/libprotobuf-lite.dir/src/LPM/external.protobuf/src/external.protobuf/src/google/protobuf/stubs/stringpiece.cc.o
#12 158.5 [25/201] Building CXX object CMakeFiles/libprotobuf-lite.dir/src/LPM/external.protobuf/src/external.protobuf/src/google/protobuf/stubs/stringprintf.cc.o
#12 158.5 [26/201] Building CXX object CMakeFiles/libprotobuf-lite.dir/src/LPM/external.protobuf/src/external.protobuf/src/google/protobuf/stubs/structurally_valid.cc.o
#12 158.5 [27/201] Building CXX object CMakeFiles/libprotobuf-lite.dir/src/LPM/external.protobuf/src/external.protobuf/src/google/protobuf/repeated_field.cc.o
#12 158.5 [28/201] Building CXX object CMakeFiles/libprotobuf-lite.dir/src/LPM/external.protobuf/src/external.protobuf/src/google/protobuf/stubs/time.cc.o
#12 158.5 [29/201] Building CXX object CMakeFiles/libprotobuf-lite.dir/src/LPM/external.protobuf/src/external.protobuf/src/google/protobuf/wire_format_lite.cc.o
#12 158.5 [30/201] Building CXX object CMakeFiles/libprotobuf-lite.dir/src/LPM/external.protobuf/src/external.protobuf/src/google/protobuf/stubs/strutil.cc.o
#12 158.5 [31/201] Linking CXX static library libprotobuf-lite.a
#12 158.5 [32/201] Building CXX object CMakeFiles/libprotoc.dir/src/LPM/external.protobuf/src/external.protobuf/src/google/protobuf/compiler/code_generator.cc.o
#12 158.5 [33/201] Building CXX object CMakeFiles/libprotoc.dir/src/LPM/external.protobuf/src/external.protobuf/src/google/protobuf/compiler/cpp/cpp_extension.cc.o
#12 158.5 [34/201] Building CXX object CMakeFiles/libprotoc.dir/src/LPM/external.protobuf/src/external.protobuf/src/google/protobuf/compiler/cpp/cpp_enum_field.cc.o
#12 158.5 [35/201] Building CXX object CMakeFiles/libprotoc.dir/src/LPM/external.protobuf/src/external.protobuf/src/google/protobuf/compiler/cpp/cpp_generator.cc.o
#12 158.5 [36/201] Building CXX object CMakeFiles/libprotoc.dir/src/LPM/external.protobuf/src/external.protobuf/src/google/protobuf/compiler/cpp/cpp_enum.cc.o
#12 158.5 [37/201] Building CXX object CMakeFiles/libprotoc.dir/src/LPM/external.protobuf/src/external.protobuf/src/google/protobuf/compiler/cpp/cpp_field.cc.o
#12 158.5 [38/201] Building CXX object CMakeFiles/libprotoc.dir/src/LPM/external.protobuf/src/external.protobuf/src/google/protobuf/compiler/cpp/cpp_map_field.cc.o
#12 158.5 [39/201] Building CXX object CMakeFiles/libprotoc.dir/src/LPM/external.protobuf/src/external.protobuf/src/google/protobuf/compiler/command_line_interface.cc.o
#12 158.5 [40/201] Building CXX object CMakeFiles/libprotoc.dir/src/LPM/external.protobuf/src/external.protobuf/src/google/protobuf/compiler/cpp/cpp_message_field.cc.o
#12 158.5 [41/201] Building CXX object CMakeFiles/libprotoc.dir/src/LPM/external.protobuf/src/external.protobuf/src/google/protobuf/compiler/cpp/cpp_service.cc.o
#12 158.5 [42/201] Building CXX object CMakeFiles/libprotoc.dir/src/LPM/external.protobuf/src/external.protobuf/src/google/protobuf/compiler/cpp/cpp_padding_optimizer.cc.o
#12 158.5 [43/201] Building CXX object CMakeFiles/libprotoc.dir/src/LPM/external.protobuf/src/external.protobuf/src/google/protobuf/compiler/cpp/cpp_helpers.cc.o
#12 158.5 [44/201] Building CXX object CMakeFiles/libprotoc.dir/src/LPM/external.protobuf/src/external.protobuf/src/google/protobuf/compiler/cpp/cpp_file.cc.o
#12 158.5 [45/201] Building CXX object CMakeFiles/libprotoc.dir/src/LPM/external.protobuf/src/external.protobuf/src/google/protobuf/compiler/cpp/cpp_primitive_field.cc.o
#12 158.5 [46/201] Building CXX object CMakeFiles/libprotoc.dir/src/LPM/external.protobuf/src/external.protobuf/src/google/protobuf/compiler/cpp/cpp_parse_function_generator.cc.o
#12 158.5 [47/201] Building CXX object CMakeFiles/libprotoc.dir/src/LPM/external.protobuf/src/external.protobuf/src/google/protobuf/compiler/csharp/csharp_doc_comment.cc.o
#12 158.5 [48/201] Building CXX object CMakeFiles/libprotoc.dir/src/LPM/external.protobuf/src/external.protobuf/src/google/protobuf/compiler/cpp/cpp_string_field.cc.o
#12 158.5 [49/201] Building CXX object CMakeFiles/libprotoc.dir/src/LPM/external.protobuf/src/external.protobuf/src/google/protobuf/compiler/csharp/csharp_enum_field.cc.o
#12 158.5 [50/201] Building CXX object CMakeFiles/libprotoc.dir/src/LPM/external.protobuf/src/external.protobuf/src/google/protobuf/compiler/csharp/csharp_enum.cc.o
#12 158.5 [51/201] Building CXX object CMakeFiles/libprotoc.dir/src/LPM/external.protobuf/src/external.protobuf/src/google/protobuf/compiler/csharp/csharp_generator.cc.o
#12 158.5 [52/201] Building CXX object CMakeFiles/libprotoc.dir/src/LPM/external.protobuf/src/external.protobuf/src/google/protobuf/compiler/csharp/csharp_map_field.cc.o
#12 158.5 [53/201] Building CXX object CMakeFiles/libprotobuf.dir/src/LPM/external.protobuf/src/external.protobuf/src/google/protobuf/io/zero_copy_stream.cc.o
#12 158.5 [54/201] Building CXX object CMakeFiles/libprotoc.dir/src/LPM/external.protobuf/src/external.protobuf/src/google/protobuf/compiler/csharp/csharp_helpers.cc.o
#12 158.5 [55/201] Building CXX object CMakeFiles/libprotoc.dir/src/LPM/external.protobuf/src/external.protobuf/src/google/protobuf/compiler/csharp/csharp_message_field.cc.o
#12 158.5 [56/201] Building CXX object CMakeFiles/libprotoc.dir/src/LPM/external.protobuf/src/external.protobuf/src/google/protobuf/compiler/csharp/csharp_field_base.cc.o
#12 158.5 [57/201] Building CXX object CMakeFiles/libprotoc.dir/src/LPM/external.protobuf/src/external.protobuf/src/google/protobuf/compiler/csharp/csharp_message.cc.o
#12 158.5 [58/201] Building CXX object CMakeFiles/libprotoc.dir/src/LPM/external.protobuf/src/external.protobuf/src/google/protobuf/compiler/csharp/csharp_repeated_enum_field.cc.o
#12 158.5 [59/201] Building CXX object CMakeFiles/libprotoc.dir/src/LPM/external.protobuf/src/external.protobuf/src/google/protobuf/compiler/csharp/csharp_primitive_field.cc.o
#12 158.5 [60/201] Building CXX object CMakeFiles/libprotoc.dir/src/LPM/external.protobuf/src/external.protobuf/src/google/protobuf/compiler/csharp/csharp_reflection_class.cc.o
#12 158.5 [61/201] Building CXX object CMakeFiles/libprotoc.dir/src/LPM/external.protobuf/src/external.protobuf/src/google/protobuf/compiler/csharp/csharp_repeated_primitive_field.cc.o
#12 158.5 [62/201] Building CXX object CMakeFiles/libprotoc.dir/src/LPM/external.protobuf/src/external.protobuf/src/google/protobuf/compiler/csharp/csharp_source_generator_base.cc.o
#12 158.5 [63/201] Building CXX object CMakeFiles/libprotoc.dir/src/LPM/external.protobuf/src/external.protobuf/src/google/protobuf/compiler/java/java_doc_comment.cc.o
#12 158.5 [64/201] Building CXX object CMakeFiles/libprotoc.dir/src/LPM/external.protobuf/src/external.protobuf/src/google/protobuf/compiler/csharp/csharp_repeated_message_field.cc.o
#12 158.5 [65/201] Building CXX object CMakeFiles/libprotoc.dir/src/LPM/external.protobuf/src/external.protobuf/src/google/protobuf/compiler/csharp/csharp_wrapper_field.cc.o
#12 158.5 [66/201] Building CXX object CMakeFiles/libprotoc.dir/src/LPM/external.protobuf/src/external.protobuf/src/google/protobuf/compiler/cpp/cpp_message.cc.o
#12 158.5 [67/201] Building CXX object CMakeFiles/libprotoc.dir/src/LPM/external.protobuf/src/external.protobuf/src/google/protobuf/compiler/java/java_context.cc.o
#12 158.5 [68/201] Building CXX object CMakeFiles/libprotoc.dir/src/LPM/external.protobuf/src/external.protobuf/src/google/protobuf/compiler/java/java_enum.cc.o
#12 158.5 [69/201] Building CXX object CMakeFiles/libprotoc.dir/src/LPM/external.protobuf/src/external.protobuf/src/google/protobuf/compiler/java/java_extension_lite.cc.o
#12 158.5 [70/201] Building CXX object CMakeFiles/libprotoc.dir/src/LPM/external.protobuf/src/external.protobuf/src/google/protobuf/compiler/java/java_enum_field_lite.cc.o
#12 158.5 [71/201] Building CXX object CMakeFiles/libprotoc.dir/src/LPM/external.protobuf/src/external.protobuf/src/google/protobuf/compiler/java/java_enum_lite.cc.o
#12 158.5 [72/201] Building CXX object CMakeFiles/libprotoc.dir/src/LPM/external.protobuf/src/external.protobuf/src/google/protobuf/compiler/java/java_extension.cc.o
#12 158.5 [73/201] Building CXX object CMakeFiles/libprotoc.dir/src/LPM/external.protobuf/src/external.protobuf/src/google/protobuf/compiler/java/java_enum_field.cc.o
#12 158.5 [74/201] Building CXX object CMakeFiles/libprotoc.dir/src/LPM/external.protobuf/src/external.protobuf/src/google/protobuf/compiler/java/java_field.cc.o
#12 158.5 [75/201] Building CXX object CMakeFiles/libprotoc.dir/src/LPM/external.protobuf/src/external.protobuf/src/google/protobuf/compiler/java/java_generator_factory.cc.o
#12 158.5 [76/201] Building CXX object CMakeFiles/libprotoc.dir/src/LPM/external.protobuf/src/external.protobuf/src/google/protobuf/compiler/java/java_generator.cc.o
#12 158.5 [77/201] Building CXX object CMakeFiles/libprotoc.dir/src/LPM/external.protobuf/src/external.protobuf/src/google/protobuf/compiler/java/java_file.cc.o
#12 158.5 [78/201] Building CXX object CMakeFiles/libprotoc.dir/src/LPM/external.protobuf/src/external.protobuf/src/google/protobuf/compiler/java/java_kotlin_generator.cc.o
#12 158.5 [79/201] Building CXX object CMakeFiles/libprotoc.dir/src/LPM/external.protobuf/src/external.protobuf/src/google/protobuf/compiler/java/java_map_field_lite.cc.o
#12 158.5 [80/201] Building CXX object CMakeFiles/libprotoc.dir/src/LPM/external.protobuf/src/external.protobuf/src/google/protobuf/compiler/java/java_message_builder.cc.o
#12 158.5 [81/201] Building CXX object CMakeFiles/libprotoc.dir/src/LPM/external.protobuf/src/external.protobuf/src/google/protobuf/compiler/java/java_helpers.cc.o
#12 158.5 [82/201] Building CXX object CMakeFiles/libprotoc.dir/src/LPM/external.protobuf/src/external.protobuf/src/google/protobuf/compiler/java/java_map_field.cc.o
#12 158.5 [83/201] Building CXX object CMakeFiles/libprotoc.dir/src/LPM/external.protobuf/src/external.protobuf/src/google/protobuf/compiler/java/java_message_builder_lite.cc.o
#12 158.5 [84/201] Building CXX object CMakeFiles/libprotoc.dir/src/LPM/external.protobuf/src/external.protobuf/src/google/protobuf/compiler/java/java_message_field.cc.o
#12 158.5 [85/201] Building CXX object CMakeFiles/libprotoc.dir/src/LPM/external.protobuf/src/external.protobuf/src/google/protobuf/compiler/java/java_message_field_lite.cc.o
#12 158.5 [86/201] Building CXX object CMakeFiles/libprotoc.dir/src/LPM/external.protobuf/src/external.protobuf/src/google/protobuf/compiler/java/java_message.cc.o
#12 158.5 [87/201] Building CXX object CMakeFiles/libprotoc.dir/src/LPM/external.protobuf/src/external.protobuf/src/google/protobuf/compiler/js/well_known_types_embed.cc.o
#12 158.5 [88/201] Building CXX object CMakeFiles/libprotoc.dir/src/LPM/external.protobuf/src/external.protobuf/src/google/protobuf/compiler/java/java_message_lite.cc.o
#12 158.5 [89/201] Building CXX object CMakeFiles/libprotoc.dir/src/LPM/external.protobuf/src/external.protobuf/src/google/protobuf/compiler/java/java_name_resolver.cc.o
#12 158.5 [90/201] Building CXX object CMakeFiles/libprotoc.dir/src/LPM/external.protobuf/src/external.protobuf/src/google/protobuf/compiler/java/java_service.cc.o
#12 158.5 [91/201] Building CXX object CMakeFiles/libprotoc.dir/src/LPM/external.protobuf/src/external.protobuf/src/google/protobuf/compiler/java/java_string_field.cc.o
#12 158.5 [92/201] Building CXX object CMakeFiles/libprotoc.dir/src/LPM/external.protobuf/src/external.protobuf/src/google/protobuf/compiler/java/java_shared_code_generator.cc.o
#12 158.5 [93/201] Building CXX object CMakeFiles/libprotoc.dir/src/LPM/external.protobuf/src/external.protobuf/src/google/protobuf/compiler/java/java_primitive_field_lite.cc.o
#12 158.5 [94/201] Building CXX object CMakeFiles/libprotoc.dir/src/LPM/external.protobuf/src/external.protobuf/src/google/protobuf/compiler/java/java_primitive_field.cc.o
#12 158.5 [95/201] Building CXX object CMakeFiles/libprotoc.dir/src/LPM/external.protobuf/src/external.protobuf/src/google/protobuf/compiler/java/java_string_field_lite.cc.o
#12 158.5 [96/201] Building CXX object CMakeFiles/libprotoc.dir/src/LPM/external.protobuf/src/external.protobuf/src/google/protobuf/compiler/objectivec/objectivec_enum.cc.o
#12 158.5 [97/201] Building CXX object CMakeFiles/libprotoc.dir/src/LPM/external.protobuf/src/external.protobuf/src/google/protobuf/compiler/objectivec/objectivec_enum_field.cc.o
#12 158.5 [98/201] Building CXX object CMakeFiles/libprotoc.dir/src/LPM/external.protobuf/src/external.protobuf/src/google/protobuf/compiler/objectivec/objectivec_extension.cc.o
#12 158.5 [99/201] Building CXX object CMakeFiles/libprotoc.dir/src/LPM/external.protobuf/src/external.protobuf/src/google/protobuf/compiler/objectivec/objectivec_generator.cc.o
#12 158.5 [100/201] Building CXX object CMakeFiles/libprotoc.dir/src/LPM/external.protobuf/src/external.protobuf/src/google/protobuf/compiler/objectivec/objectivec_map_field.cc.o
#12 158.5 [101/201] Building CXX object CMakeFiles/libprotoc.dir/src/LPM/external.protobuf/src/external.protobuf/src/google/protobuf/compiler/objectivec/objectivec_file.cc.o
#12 158.5 [102/201] Building CXX object CMakeFiles/libprotoc.dir/src/LPM/external.protobuf/src/external.protobuf/src/google/protobuf/compiler/objectivec/objectivec_field.cc.o
#12 158.5 [103/201] Building CXX object CMakeFiles/libprotoc.dir/src/LPM/external.protobuf/src/external.protobuf/src/google/protobuf/compiler/objectivec/objectivec_message_field.cc.o
#12 158.5 [104/201] Building CXX object CMakeFiles/libprotoc.dir/src/LPM/external.protobuf/src/external.protobuf/src/google/protobuf/compiler/objectivec/objectivec_oneof.cc.o
#12 158.5 [105/201] Building CXX object CMakeFiles/libprotoc.dir/src/LPM/external.protobuf/src/external.protobuf/src/google/protobuf/compiler/objectivec/objectivec_message.cc.o
#12 158.5 [106/201] Building CXX object CMakeFiles/libprotoc.dir/src/LPM/external.protobuf/src/external.protobuf/src/google/protobuf/compiler/objectivec/objectivec_primitive_field.cc.o
#12 158.5 [107/201] Building CXX object CMakeFiles/libprotoc.dir/src/LPM/external.protobuf/src/external.protobuf/src/google/protobuf/compiler/objectivec/objectivec_helpers.cc.o
#12 158.5 [108/201] Building CXX object CMakeFiles/libprotoc.dir/src/LPM/external.protobuf/src/external.protobuf/src/google/protobuf/compiler/plugin.cc.o
#12 158.5 [109/201] Building CXX object CMakeFiles/libprotoc.dir/src/LPM/external.protobuf/src/external.protobuf/src/google/protobuf/compiler/zip_writer.cc.o
#12 158.5 [110/201] Building CXX object CMakeFiles/libprotoc.dir/src/LPM/external.protobuf/src/external.protobuf/src/google/protobuf/compiler/subprocess.cc.o
#12 158.5 [111/201] Building CXX object CMakeFiles/libprotobuf.dir/src/LPM/external.protobuf/src/external.protobuf/src/google/protobuf/any_lite.cc.o
#12 158.5 [112/201] Building CXX object CMakeFiles/libprotoc.dir/src/LPM/external.protobuf/src/external.protobuf/src/google/protobuf/compiler/plugin.pb.cc.o
#12 158.5 [113/201] Building CXX object CMakeFiles/libprotobuf.dir/src/LPM/external.protobuf/src/external.protobuf/src/google/protobuf/arena.cc.o
#12 158.5 [114/201] Building CXX object CMakeFiles/libprotoc.dir/src/LPM/external.protobuf/src/external.protobuf/src/google/protobuf/compiler/ruby/ruby_generator.cc.o
#12 158.5 [115/201] Building CXX object CMakeFiles/libprotobuf.dir/src/LPM/external.protobuf/src/external.protobuf/src/google/protobuf/arenastring.cc.o
#12 158.5 [116/201] Building CXX object CMakeFiles/libprotoc.dir/src/LPM/external.protobuf/src/external.protobuf/src/google/protobuf/compiler/js/js_generator.cc.o
#12 158.5 [117/201] Building CXX object CMakeFiles/libprotobuf.dir/src/LPM/external.protobuf/src/external.protobuf/src/google/protobuf/io/io_win32.cc.o
#12 158.5 [118/201] Building CXX object CMakeFiles/libprotobuf.dir/src/LPM/external.protobuf/src/external.protobuf/src/google/protobuf/field_access_listener.cc.o
#12 158.5 [119/201] Building CXX object CMakeFiles/libprotobuf.dir/src/LPM/external.protobuf/src/external.protobuf/src/google/protobuf/generated_enum_util.cc.o
#12 158.5 [120/201] Building CXX object CMakeFiles/libprotoc.dir/src/LPM/external.protobuf/src/external.protobuf/src/google/protobuf/compiler/python/python_generator.cc.o
#12 158.5 [121/201] Building CXX object CMakeFiles/libprotobuf.dir/src/LPM/external.protobuf/src/external.protobuf/src/google/protobuf/implicit_weak_message.cc.o
#12 158.5 [122/201] Building CXX object CMakeFiles/libprotobuf.dir/src/LPM/external.protobuf/src/external.protobuf/src/google/protobuf/io/strtod.cc.o
#12 158.5 [123/201] Building CXX object CMakeFiles/libprotobuf.dir/src/LPM/external.protobuf/src/external.protobuf/src/google/protobuf/io/coded_stream.cc.o
#12 158.5 [124/201] Building CXX object CMakeFiles/libprotoc.dir/src/LPM/external.protobuf/src/external.protobuf/src/google/protobuf/compiler/php/php_generator.cc.o
#12 158.5 [125/201] Building CXX object CMakeFiles/libprotobuf.dir/src/LPM/external.protobuf/src/external.protobuf/src/google/protobuf/io/zero_copy_stream_impl.cc.o
#12 158.5 [126/201] Building CXX object CMakeFiles/libprotobuf.dir/src/LPM/external.protobuf/src/external.protobuf/src/google/protobuf/io/zero_copy_stream_impl_lite.cc.o
#12 158.5 [127/201] Building CXX object CMakeFiles/libprotobuf.dir/src/LPM/external.protobuf/src/external.protobuf/src/google/protobuf/map.cc.o
#12 158.5 [128/201] Building CXX object CMakeFiles/libprotobuf.dir/src/LPM/external.protobuf/src/external.protobuf/src/google/protobuf/stubs/bytestream.cc.o
#12 158.5 [129/201] Building CXX object CMakeFiles/libprotobuf.dir/src/LPM/external.protobuf/src/external.protobuf/src/google/protobuf/stubs/common.cc.o
#12 158.5 [130/201] Building CXX object CMakeFiles/libprotobuf.dir/src/LPM/external.protobuf/src/external.protobuf/src/google/protobuf/extension_set.cc.o
#12 158.5 [131/201] Building CXX object CMakeFiles/libprotobuf.dir/src/LPM/external.protobuf/src/external.protobuf/src/google/protobuf/stubs/int128.cc.o
#12 158.5 [132/201] Building CXX object CMakeFiles/libprotobuf.dir/src/LPM/external.protobuf/src/external.protobuf/src/google/protobuf/generated_message_util.cc.o
#12 158.5 [133/201] Building CXX object CMakeFiles/libprotobuf.dir/src/LPM/external.protobuf/src/external.protobuf/src/google/protobuf/message_lite.cc.o
#12 158.5 [134/201] Building CXX object CMakeFiles/libprotobuf.dir/src/LPM/external.protobuf/src/external.protobuf/src/google/protobuf/stubs/status.cc.o
#12 158.5 [135/201] Building CXX object CMakeFiles/libprotobuf.dir/src/LPM/external.protobuf/src/external.protobuf/src/google/protobuf/generated_message_table_driven_lite.cc.o
#12 158.5 [136/201] Building CXX object CMakeFiles/libprotobuf.dir/src/LPM/external.protobuf/src/external.protobuf/src/google/protobuf/parse_context.cc.o
#12 158.5 [137/201] Building CXX object CMakeFiles/libprotobuf.dir/src/LPM/external.protobuf/src/external.protobuf/src/google/protobuf/stubs/statusor.cc.o
#12 158.5 [138/201] Building CXX object CMakeFiles/libprotobuf.dir/src/LPM/external.protobuf/src/external.protobuf/src/google/protobuf/stubs/stringpiece.cc.o
#12 158.5 [139/201] Building CXX object CMakeFiles/libprotobuf.dir/src/LPM/external.protobuf/src/external.protobuf/src/google/protobuf/stubs/stringprintf.cc.o
#12 158.5 [140/201] Building CXX object CMakeFiles/libprotobuf.dir/src/LPM/external.protobuf/src/external.protobuf/src/google/protobuf/stubs/structurally_valid.cc.o
#12 158.5 [141/201] Building CXX object CMakeFiles/libprotobuf.dir/src/LPM/external.protobuf/src/external.protobuf/src/google/protobuf/stubs/time.cc.o
#12 158.5 [142/201] Building CXX object CMakeFiles/libprotobuf.dir/src/LPM/external.protobuf/src/external.protobuf/src/google/protobuf/repeated_field.cc.o
#12 158.5 [143/201] Building CXX object CMakeFiles/libprotobuf.dir/src/LPM/external.protobuf/src/external.protobuf/src/google/protobuf/any.cc.o
#12 158.5 [144/201] Building CXX object CMakeFiles/libprotobuf.dir/src/LPM/external.protobuf/src/external.protobuf/src/google/protobuf/wire_format_lite.cc.o
#12 158.5 [145/201] Building CXX object CMakeFiles/libprotobuf.dir/src/LPM/external.protobuf/src/external.protobuf/src/google/protobuf/any.pb.cc.o
#12 158.5 [146/201] Building CXX object CMakeFiles/libprotobuf.dir/src/LPM/external.protobuf/src/external.protobuf/src/google/protobuf/stubs/strutil.cc.o
#12 158.5 [147/201] Building CXX object CMakeFiles/libprotobuf.dir/src/LPM/external.protobuf/src/external.protobuf/src/google/protobuf/api.pb.cc.o
#12 158.5 [148/201] Building CXX object CMakeFiles/libprotobuf.dir/src/LPM/external.protobuf/src/external.protobuf/src/google/protobuf/compiler/importer.cc.o
#12 158.5 [149/201] Building CXX object CMakeFiles/libprotobuf.dir/src/LPM/external.protobuf/src/external.protobuf/src/google/protobuf/duration.pb.cc.o
#12 158.5 [150/201] Building CXX object CMakeFiles/libprotobuf.dir/src/LPM/external.protobuf/src/external.protobuf/src/google/protobuf/empty.pb.cc.o
#12 158.5 [151/201] Building CXX object CMakeFiles/libprotobuf.dir/src/LPM/external.protobuf/src/external.protobuf/src/google/protobuf/dynamic_message.cc.o
#12 158.5 [152/201] Building CXX object CMakeFiles/libprotobuf.dir/src/LPM/external.protobuf/src/external.protobuf/src/google/protobuf/field_mask.pb.cc.o
#12 158.5 [153/201] Building CXX object CMakeFiles/libprotobuf.dir/src/LPM/external.protobuf/src/external.protobuf/src/google/protobuf/io/gzip_stream.cc.o
#12 158.5 [154/201] Building CXX object CMakeFiles/libprotobuf.dir/src/LPM/external.protobuf/src/external.protobuf/src/google/protobuf/extension_set_heavy.cc.o
#12 158.5 [155/201] Building CXX object CMakeFiles/libprotobuf.dir/src/LPM/external.protobuf/src/external.protobuf/src/google/protobuf/compiler/parser.cc.o
#12 158.5 [156/201] Building CXX object CMakeFiles/libprotobuf.dir/src/LPM/external.protobuf/src/external.protobuf/src/google/protobuf/io/tokenizer.cc.o
#12 158.5 [157/201] Building CXX object CMakeFiles/libprotobuf.dir/src/LPM/external.protobuf/src/external.protobuf/src/google/protobuf/io/printer.cc.o
#12 158.5 [158/201] Building CXX object CMakeFiles/libprotobuf.dir/src/LPM/external.protobuf/src/external.protobuf/src/google/protobuf/descriptor_database.cc.o
#12 158.5 [159/201] Building CXX object CMakeFiles/libprotobuf.dir/src/LPM/external.protobuf/src/external.protobuf/src/google/protobuf/service.cc.o
#12 158.5 [160/201] Building CXX object CMakeFiles/libprotobuf.dir/src/LPM/external.protobuf/src/external.protobuf/src/google/protobuf/generated_message_reflection.cc.o
#12 158.5 [161/201] Building CXX object CMakeFiles/libprotobuf.dir/src/LPM/external.protobuf/src/external.protobuf/src/google/protobuf/map_field.cc.o
#12 158.5 [162/201] Building CXX object CMakeFiles/libprotobuf.dir/src/LPM/external.protobuf/src/external.protobuf/src/google/protobuf/generated_message_table_driven.cc.o
#12 158.5 [163/201] Building CXX object CMakeFiles/libprotobuf.dir/src/LPM/external.protobuf/src/external.protobuf/src/google/protobuf/message.cc.o
#12 158.5 [164/201] Building CXX object CMakeFiles/libprotobuf.dir/src/LPM/external.protobuf/src/external.protobuf/src/google/protobuf/reflection_ops.cc.o
#12 158.5 [165/201] Building CXX object CMakeFiles/libprotobuf.dir/src/LPM/external.protobuf/src/external.protobuf/src/google/protobuf/source_context.pb.cc.o
#12 158.5 [166/201] Building CXX object CMakeFiles/libprotobuf.dir/src/LPM/external.protobuf/src/external.protobuf/src/google/protobuf/stubs/substitute.cc.o
#12 158.5 [167/201] Building CXX object CMakeFiles/libprotobuf.dir/src/LPM/external.protobuf/src/external.protobuf/src/google/protobuf/descriptor.pb.cc.o
#12 158.5 [168/201] Building CXX object CMakeFiles/libprotobuf.dir/src/LPM/external.protobuf/src/external.protobuf/src/google/protobuf/util/delimited_message_util.cc.o
#12 158.5 [169/201] Building CXX object CMakeFiles/libprotobuf.dir/src/LPM/external.protobuf/src/external.protobuf/src/google/protobuf/timestamp.pb.cc.o
#12 158.5 [170/201] Building CXX object CMakeFiles/libprotobuf.dir/src/LPM/external.protobuf/src/external.protobuf/src/google/protobuf/unknown_field_set.cc.o
#12 158.5 [171/201] Building CXX object CMakeFiles/libprotobuf.dir/src/LPM/external.protobuf/src/external.protobuf/src/google/protobuf/util/field_comparator.cc.o
#12 158.5 [172/201] Building CXX object CMakeFiles/libprotobuf.dir/src/LPM/external.protobuf/src/external.protobuf/src/google/protobuf/struct.pb.cc.o
#12 158.5 [173/201] Building CXX object CMakeFiles/libprotobuf.dir/src/LPM/external.protobuf/src/external.protobuf/src/google/protobuf/type.pb.cc.o
#12 158.5 [174/201] Building CXX object CMakeFiles/libprotobuf.dir/src/LPM/external.protobuf/src/external.protobuf/src/google/protobuf/util/internal/error_listener.cc.o
#12 158.5 [175/201] Building CXX object CMakeFiles/libprotobuf.dir/src/LPM/external.protobuf/src/external.protobuf/src/google/protobuf/util/field_mask_util.cc.o
#12 158.5 [176/201] Building CXX object CMakeFiles/libprotobuf.dir/src/LPM/external.protobuf/src/external.protobuf/src/google/protobuf/util/internal/json_escaping.cc.o
#12 158.5 [177/201] Building CXX object CMakeFiles/libprotobuf.dir/src/LPM/external.protobuf/src/external.protobuf/src/google/protobuf/util/internal/datapiece.cc.o
#12 158.5 [178/201] Building CXX object CMakeFiles/libprotobuf.dir/src/LPM/external.protobuf/src/external.protobuf/src/google/protobuf/util/internal/field_mask_utility.cc.o
#12 158.5 [179/201] Building CXX object CMakeFiles/libprotobuf.dir/src/LPM/external.protobuf/src/external.protobuf/src/google/protobuf/util/internal/json_objectwriter.cc.o
#12 158.5 [180/201] Building CXX object CMakeFiles/libprotobuf.dir/src/LPM/external.protobuf/src/external.protobuf/src/google/protobuf/util/internal/json_stream_parser.cc.o
#12 158.5 [181/201] Building CXX object CMakeFiles/libprotobuf.dir/src/LPM/external.protobuf/src/external.protobuf/src/google/protobuf/util/internal/object_writer.cc.o
#12 158.5 [182/201] Building CXX object CMakeFiles/libprotobuf.dir/src/LPM/external.protobuf/src/external.protobuf/src/google/protobuf/util/internal/default_value_objectwriter.cc.o
#12 158.5 [183/201] Building CXX object CMakeFiles/libprotobuf.dir/src/LPM/external.protobuf/src/external.protobuf/src/google/protobuf/text_format.cc.o
#12 158.5 [184/201] Building CXX object CMakeFiles/libprotobuf.dir/src/LPM/external.protobuf/src/external.protobuf/src/google/protobuf/util/internal/protostream_objectsource.cc.o
#12 158.5 [185/201] Building CXX object CMakeFiles/libprotobuf.dir/src/LPM/external.protobuf/src/external.protobuf/src/google/protobuf/util/internal/type_info_test_helper.cc.o
#12 158.5 [186/201] Building CXX object CMakeFiles/libprotobuf.dir/src/LPM/external.protobuf/src/external.protobuf/src/google/protobuf/util/internal/proto_writer.cc.o
#12 158.5 [187/201] Building CXX object CMakeFiles/libprotobuf.dir/src/LPM/external.protobuf/src/external.protobuf/src/google/protobuf/util/time_util.cc.o
#12 158.5 [188/201] Building CXX object CMakeFiles/libprotobuf.dir/src/LPM/external.protobuf/src/external.protobuf/src/google/protobuf/util/internal/type_info.cc.o
#12 158.5 [189/201] Building CXX object CMakeFiles/libprotobuf.dir/src/LPM/external.protobuf/src/external.protobuf/src/google/protobuf/util/json_util.cc.o
#12 158.5 [190/201] Building CXX object CMakeFiles/libprotobuf.dir/src/LPM/external.protobuf/src/external.protobuf/src/google/protobuf/util/internal/utility.cc.o
#12 158.5 [191/201] Building CXX object CMakeFiles/libprotobuf.dir/src/LPM/external.protobuf/src/external.protobuf/src/google/protobuf/util/internal/protostream_objectwriter.cc.o
#12 158.5 [192/201] Building CXX object CMakeFiles/protoc.dir/src/LPM/external.protobuf/src/external.protobuf/src/google/protobuf/compiler/main.cc.o
#12 158.5 [193/201] Building CXX object CMakeFiles/libprotobuf.dir/src/LPM/external.protobuf/src/external.protobuf/src/google/protobuf/descriptor.cc.o
#12 158.5 [194/201] Building CXX object CMakeFiles/libprotobuf.dir/src/LPM/external.protobuf/src/external.protobuf/src/google/protobuf/wrappers.pb.cc.o
#12 158.5 [195/201] Building CXX object CMakeFiles/libprotobuf.dir/src/LPM/external.protobuf/src/external.protobuf/src/google/protobuf/util/type_resolver_util.cc.o
#12 158.5 [196/201] Building CXX object CMakeFiles/libprotobuf.dir/src/LPM/external.protobuf/src/external.protobuf/src/google/protobuf/util/message_differencer.cc.o
#12 158.5 [197/201] Building CXX object CMakeFiles/libprotobuf.dir/src/LPM/external.protobuf/src/external.protobuf/src/google/protobuf/wire_format.cc.o
#12 158.5 [198/201] Linking CXX static library libprotobuf.a
#12 158.5 [199/201] Linking CXX static library libprotoc.a
#12 158.5 [200/201] Linking CXX executable protoc-3.17.3.0
#12 158.5 [201/201] Creating executable symlink protoc
#12 158.6 [7/16] Performing install step for 'external.protobuf'
#12 158.6 [0/1] Install the project...
#12 158.6 -- Install configuration: "Release"
#12 158.6 -- Installing: /src/LPM/external.protobuf/lib/libprotobuf-lite.a
#12 158.6 -- Installing: /src/LPM/external.protobuf/lib/libprotobuf.a
#12 158.6 -- Installing: /src/LPM/external.protobuf/lib/libprotoc.a
#12 158.6 -- Installing: /src/LPM/external.protobuf/bin/protoc-3.17.3.0
#12 158.6 -- Installing: /src/LPM/external.protobuf/bin/protoc
#12 158.6 -- Set runtime path of "/src/LPM/external.protobuf/bin/protoc-3.17.3.0" to "$ORIGIN/../lib"
#12 158.6 -- Installing: /src/LPM/external.protobuf/lib/pkgconfig/protobuf.pc
#12 158.6 -- Installing: /src/LPM/external.protobuf/lib/pkgconfig/protobuf-lite.pc
#12 158.6 -- Installing: /src/LPM/external.protobuf/include/google/protobuf/any.h
#12 158.6 -- Installing: /src/LPM/external.protobuf/include/google/protobuf/any.pb.h
#12 158.6 -- Installing: /src/LPM/external.protobuf/include/google/protobuf/api.pb.h
#12 158.6 -- Installing: /src/LPM/external.protobuf/include/google/protobuf/arena.h
#12 158.6 -- Installing: /src/LPM/external.protobuf/include/google/protobuf/arena_impl.h
#12 158.6 -- Installing: /src/LPM/external.protobuf/include/google/protobuf/arenastring.h
#12 158.6 -- Installing: /src/LPM/external.protobuf/include/google/protobuf/compiler/code_generator.h
#12 158.6 -- Installing: /src/LPM/external.protobuf/include/google/protobuf/compiler/command_line_interface.h
#12 158.6 -- Installing: /src/LPM/external.protobuf/include/google/protobuf/compiler/cpp/cpp_generator.h
#12 158.6 -- Installing: /src/LPM/external.protobuf/include/google/protobuf/compiler/csharp/csharp_generator.h
#12 158.6 -- Installing: /src/LPM/external.protobuf/include/google/protobuf/compiler/csharp/csharp_names.h
#12 158.6 -- Installing: /src/LPM/external.protobuf/include/google/protobuf/compiler/importer.h
#12 158.6 -- Installing: /src/LPM/external.protobuf/include/google/protobuf/compiler/java/java_generator.h
#12 158.6 -- Installing: /src/LPM/external.protobuf/include/google/protobuf/compiler/java/java_kotlin_generator.h
#12 158.6 -- Installing: /src/LPM/external.protobuf/include/google/protobuf/compiler/java/java_names.h
#12 158.6 -- Installing: /src/LPM/external.protobuf/include/google/protobuf/compiler/js/js_generator.h
#12 158.6 -- Installing: /src/LPM/external.protobuf/include/google/protobuf/compiler/js/well_known_types_embed.h
#12 158.6 -- Installing: /src/LPM/external.protobuf/include/google/protobuf/compiler/objectivec/objectivec_generator.h
#12 158.6 -- Installing: /src/LPM/external.protobuf/include/google/protobuf/compiler/objectivec/objectivec_helpers.h
#12 158.6 -- Installing: /src/LPM/external.protobuf/include/google/protobuf/compiler/parser.h
#12 158.6 -- Installing: /src/LPM/external.protobuf/include/google/protobuf/compiler/php/php_generator.h
#12 158.6 -- Installing: /src/LPM/external.protobuf/include/google/protobuf/compiler/plugin.h
#12 158.6 -- Installing: /src/LPM/external.protobuf/include/google/protobuf/compiler/plugin.pb.h
#12 158.6 -- Installing: /src/LPM/external.protobuf/include/google/protobuf/compiler/python/python_generator.h
#12 158.6 -- Installing: /src/LPM/external.protobuf/include/google/protobuf/compiler/ruby/ruby_generator.h
#12 158.6 -- Installing: /src/LPM/external.protobuf/include/google/protobuf/descriptor.h
#12 158.6 -- Installing: /src/LPM/external.protobuf/include/google/protobuf/descriptor.pb.h
#12 158.6 -- Installing: /src/LPM/external.protobuf/include/google/protobuf/descriptor_database.h
#12 158.6 -- Installing: /src/LPM/external.protobuf/include/google/protobuf/duration.pb.h
#12 158.6 -- Installing: /src/LPM/external.protobuf/include/google/protobuf/dynamic_message.h
#12 158.6 -- Installing: /src/LPM/external.protobuf/include/google/protobuf/empty.pb.h
#12 158.6 -- Installing: /src/LPM/external.protobuf/include/google/protobuf/extension_set.h
#12 158.6 -- Installing: /src/LPM/external.protobuf/include/google/protobuf/extension_set_inl.h
#12 158.6 -- Installing: /src/LPM/external.protobuf/include/google/protobuf/field_access_listener.h
#12 158.6 -- Installing: /src/LPM/external.protobuf/include/google/protobuf/field_mask.pb.h
#12 158.6 -- Installing: /src/LPM/external.protobuf/include/google/protobuf/generated_enum_reflection.h
#12 158.6 -- Installing: /src/LPM/external.protobuf/include/google/protobuf/generated_enum_util.h
#12 158.6 -- Installing: /src/LPM/external.protobuf/include/google/protobuf/generated_message_reflection.h
#12 158.6 -- Installing: /src/LPM/external.protobuf/include/google/protobuf/generated_message_table_driven.h
#12 158.6 -- Installing: /src/LPM/external.protobuf/include/google/protobuf/generated_message_tctable_decl.h
#12 158.6 -- Installing: /src/LPM/external.protobuf/include/google/protobuf/generated_message_tctable_impl.h
#12 158.6 -- Installing: /src/LPM/external.protobuf/include/google/protobuf/generated_message_tctable_impl.inc
#12 158.6 -- Installing: /src/LPM/external.protobuf/include/google/protobuf/generated_message_util.h
#12 158.6 -- Installing: /src/LPM/external.protobuf/include/google/protobuf/has_bits.h
#12 158.6 -- Installing: /src/LPM/external.protobuf/include/google/protobuf/implicit_weak_message.h
#12 158.6 -- Installing: /src/LPM/external.protobuf/include/google/protobuf/io/coded_stream.h
#12 158.6 -- Installing: /src/LPM/external.protobuf/include/google/protobuf/io/gzip_stream.h
#12 158.6 -- Installing: /src/LPM/external.protobuf/include/google/protobuf/io/io_win32.h
#12 158.6 -- Installing: /src/LPM/external.protobuf/include/google/protobuf/io/printer.h
#12 158.6 -- Installing: /src/LPM/external.protobuf/include/google/protobuf/io/strtod.h
#12 158.6 -- Installing: /src/LPM/external.protobuf/include/google/protobuf/io/tokenizer.h
#12 158.6 -- Installing: /src/LPM/external.protobuf/include/google/protobuf/io/zero_copy_stream.h
#12 158.6 -- Installing: /src/LPM/external.protobuf/include/google/protobuf/io/zero_copy_stream_impl.h
#12 158.6 -- Installing: /src/LPM/external.protobuf/include/google/protobuf/io/zero_copy_stream_impl_lite.h
#12 158.6 -- Installing: /src/LPM/external.protobuf/include/google/protobuf/map.h
#12 158.6 -- Installing: /src/LPM/external.protobuf/include/google/protobuf/map_entry.h
#12 158.6 -- Installing: /src/LPM/external.protobuf/include/google/protobuf/map_entry_lite.h
#12 158.6 -- Installing: /src/LPM/external.protobuf/include/google/protobuf/map_field.h
#12 158.6 -- Installing: /src/LPM/external.protobuf/include/google/protobuf/map_field_inl.h
#12 158.6 -- Installing: /src/LPM/external.protobuf/include/google/protobuf/map_field_lite.h
#12 158.6 -- Installing: /src/LPM/external.protobuf/include/google/protobuf/map_type_handler.h
#12 158.6 -- Installing: /src/LPM/external.protobuf/include/google/protobuf/message.h
#12 158.6 -- Installing: /src/LPM/external.protobuf/include/google/protobuf/message_lite.h
#12 158.6 -- Installing: /src/LPM/external.protobuf/include/google/protobuf/metadata.h
#12 158.6 -- Installing: /src/LPM/external.protobuf/include/google/protobuf/metadata_lite.h
#12 158.6 -- Installing: /src/LPM/external.protobuf/include/google/protobuf/parse_context.h
#12 158.6 -- Installing: /src/LPM/external.protobuf/include/google/protobuf/port.h
#12 158.6 -- Installing: /src/LPM/external.protobuf/include/google/protobuf/port_def.inc
#12 158.6 -- Installing: /src/LPM/external.protobuf/include/google/protobuf/port_undef.inc
#12 158.6 -- Installing: /src/LPM/external.protobuf/include/google/protobuf/reflection.h
#12 158.6 -- Installing: /src/LPM/external.protobuf/include/google/protobuf/reflection_ops.h
#12 158.6 -- Installing: /src/LPM/external.protobuf/include/google/protobuf/repeated_field.h
#12 158.6 -- Installing: /src/LPM/external.protobuf/include/google/protobuf/service.h
#12 158.6 -- Installing: /src/LPM/external.protobuf/include/google/protobuf/source_context.pb.h
#12 158.6 -- Installing: /src/LPM/external.protobuf/include/google/protobuf/struct.pb.h
#12 158.6 -- Installing: /src/LPM/external.protobuf/include/google/protobuf/stubs/bytestream.h
#12 158.6 -- Installing: /src/LPM/external.protobuf/include/google/protobuf/stubs/callback.h
#12 158.6 -- Installing: /src/LPM/external.protobuf/include/google/protobuf/stubs/casts.h
#12 158.6 -- Installing: /src/LPM/external.protobuf/include/google/protobuf/stubs/common.h
#12 158.6 -- Installing: /src/LPM/external.protobuf/include/google/protobuf/stubs/hash.h
#12 158.6 -- Installing: /src/LPM/external.protobuf/include/google/protobuf/stubs/logging.h
#12 158.6 -- Installing: /src/LPM/external.protobuf/include/google/protobuf/stubs/macros.h
#12 158.6 -- Installing: /src/LPM/external.protobuf/include/google/protobuf/stubs/map_util.h
#12 158.6 -- Installing: /src/LPM/external.protobuf/include/google/protobuf/stubs/mutex.h
#12 158.6 -- Installing: /src/LPM/external.protobuf/include/google/protobuf/stubs/once.h
#12 158.6 -- Installing: /src/LPM/external.protobuf/include/google/protobuf/stubs/platform_macros.h
#12 158.6 -- Installing: /src/LPM/external.protobuf/include/google/protobuf/stubs/port.h
#12 158.6 -- Installing: /src/LPM/external.protobuf/include/google/protobuf/stubs/status.h
#12 158.6 -- Installing: /src/LPM/external.protobuf/include/google/protobuf/stubs/stl_util.h
#12 158.6 -- Installing: /src/LPM/external.protobuf/include/google/protobuf/stubs/stringpiece.h
#12 158.6 -- Installing: /src/LPM/external.protobuf/include/google/protobuf/stubs/strutil.h
#12 158.6 -- Installing: /src/LPM/external.protobuf/include/google/protobuf/stubs/template_util.h
#12 158.6 -- Installing: /src/LPM/external.protobuf/include/google/protobuf/text_format.h
#12 158.6 -- Installing: /src/LPM/external.protobuf/include/google/protobuf/timestamp.pb.h
#12 158.6 -- Installing: /src/LPM/external.protobuf/include/google/protobuf/type.pb.h
#12 158.6 -- Installing: /src/LPM/external.protobuf/include/google/protobuf/unknown_field_set.h
#12 158.6 -- Installing: /src/LPM/external.protobuf/include/google/protobuf/util/delimited_message_util.h
#12 158.6 -- Installing: /src/LPM/external.protobuf/include/google/protobuf/util/field_comparator.h
#12 158.6 -- Installing: /src/LPM/external.protobuf/include/google/protobuf/util/field_mask_util.h
#12 158.6 -- Installing: /src/LPM/external.protobuf/include/google/protobuf/util/json_util.h
#12 158.6 -- Installing: /src/LPM/external.protobuf/include/google/protobuf/util/message_differencer.h
#12 158.6 -- Installing: /src/LPM/external.protobuf/include/google/protobuf/util/time_util.h
#12 158.6 -- Installing: /src/LPM/external.protobuf/include/google/protobuf/util/type_resolver.h
#12 158.6 -- Installing: /src/LPM/external.protobuf/include/google/protobuf/util/type_resolver_util.h
#12 158.6 -- Installing: /src/LPM/external.protobuf/include/google/protobuf/wire_format.h
#12 158.6 -- Installing: /src/LPM/external.protobuf/include/google/protobuf/wire_format_lite.h
#12 158.6 -- Installing: /src/LPM/external.protobuf/include/google/protobuf/wrappers.pb.h
#12 158.6 -- Installing: /src/LPM/external.protobuf/include/google/protobuf/any.proto
#12 158.6 -- Installing: /src/LPM/external.protobuf/include/google/protobuf/api.proto
#12 158.6 -- Installing: /src/LPM/external.protobuf/include/google/protobuf/compiler/plugin.proto
#12 158.6 -- Installing: /src/LPM/external.protobuf/include/google/protobuf/descriptor.proto
#12 158.6 -- Installing: /src/LPM/external.protobuf/include/google/protobuf/duration.proto
#12 158.6 -- Installing: /src/LPM/external.protobuf/include/google/protobuf/empty.proto
#12 158.6 -- Installing: /src/LPM/external.protobuf/include/google/protobuf/field_mask.proto
#12 158.6 -- Installing: /src/LPM/external.protobuf/include/google/protobuf/source_context.proto
#12 158.6 -- Installing: /src/LPM/external.protobuf/include/google/protobuf/struct.proto
#12 158.6 -- Installing: /src/LPM/external.protobuf/include/google/protobuf/timestamp.proto
#12 158.6 -- Installing: /src/LPM/external.protobuf/include/google/protobuf/type.proto
#12 158.6 -- Installing: /src/LPM/external.protobuf/include/google/protobuf/wrappers.proto
#12 158.6 -- Up-to-date: /src/LPM/external.protobuf/include/google/protobuf/descriptor.proto
#12 158.6 -- Up-to-date: /src/LPM/external.protobuf/include/google/protobuf/any.proto
#12 158.6 -- Up-to-date: /src/LPM/external.protobuf/include/google/protobuf/api.proto
#12 158.6 -- Up-to-date: /src/LPM/external.protobuf/include/google/protobuf/duration.proto
#12 158.6 -- Up-to-date: /src/LPM/external.protobuf/include/google/protobuf/empty.proto
#12 158.6 -- Up-to-date: /src/LPM/external.protobuf/include/google/protobuf/field_mask.proto
#12 158.6 -- Up-to-date: /src/LPM/external.protobuf/include/google/protobuf/source_context.proto
#12 158.6 -- Up-to-date: /src/LPM/external.protobuf/include/google/protobuf/struct.proto
#12 158.6 -- Up-to-date: /src/LPM/external.protobuf/include/google/protobuf/timestamp.proto
#12 158.6 -- Up-to-date: /src/LPM/external.protobuf/include/google/protobuf/type.proto
#12 158.6 -- Up-to-date: /src/LPM/external.protobuf/include/google/protobuf/wrappers.proto
#12 158.6 -- Up-to-date: /src/LPM/external.protobuf/include/google/protobuf/compiler/plugin.proto
#12 158.6 -- Installing: /src/LPM/external.protobuf/lib/cmake/protobuf/protobuf-targets.cmake
#12 158.6 -- Installing: /src/LPM/external.protobuf/lib/cmake/protobuf/protobuf-targets-release.cmake
#12 158.6 -- Up-to-date: /src/LPM/external.protobuf/lib/cmake/protobuf
#12 158.6 -- Installing: /src/LPM/external.protobuf/lib/cmake/protobuf/protobuf-config.cmake
#12 158.6 -- Installing: /src/LPM/external.protobuf/lib/cmake/protobuf/protobuf-module.cmake
#12 158.6 -- Installing: /src/LPM/external.protobuf/lib/cmake/protobuf/protobuf-options.cmake
#12 158.6 -- Installing: /src/LPM/external.protobuf/lib/cmake/protobuf/protobuf-config-version.cmake
#12 158.7 [8/16] Completed 'external.protobuf'
#12 159.9 [9/16] Building CXX object src/CMakeFiles/protobuf-mutator.dir/utf8_fix.cc.o
#12 162.0 [10/16] Building CXX object src/CMakeFiles/protobuf-mutator.dir/binary_format.cc.o
#12 162.0 [11/16] Building CXX object src/CMakeFiles/protobuf-mutator.dir/text_format.cc.o
#12 163.0 [12/16] Building CXX object src/libfuzzer/CMakeFiles/protobuf-mutator-libfuzzer.dir/libfuzzer_mutator.cc.o
#12 163.1 [13/16] Building CXX object src/libfuzzer/CMakeFiles/protobuf-mutator-libfuzzer.dir/libfuzzer_macro.cc.o
#12 164.5 [14/16] Building CXX object src/CMakeFiles/protobuf-mutator.dir/mutator.cc.o
#12 164.6 [15/16] Linking CXX static library src/libprotobuf-mutator.a
#12 164.6 [16/16] Linking CXX static library src/libfuzzer/libprotobuf-mutator-libfuzzer.a
#12 164.6 [0/1] Install the project...
#12 164.6 -- Install configuration: "Release"
#12 164.6 -- Installing: /usr/lib/cmake/libprotobuf-mutator/libprotobuf-mutatorTargets.cmake
#12 164.6 -- Installing: /usr/lib/cmake/libprotobuf-mutator/libprotobuf-mutatorTargets-release.cmake
#12 164.6 -- Installing: /usr/lib/cmake/libprotobuf-mutator/libprotobuf-mutatorConfig.cmake
#12 164.6 -- Installing: /usr/OFF/libprotobuf-mutator.pc
#12 164.6 -- Installing: /usr/include/libprotobuf-mutator/port
#12 164.6 -- Installing: /usr/include/libprotobuf-mutator/port/protobuf.h
#12 164.6 -- Installing: /usr/include/libprotobuf-mutator/port/gtest.h
#12 164.6 -- Installing: /usr/include/libprotobuf-mutator/src
#12 164.6 -- Installing: /usr/include/libprotobuf-mutator/src/mutator.h
#12 164.6 -- Installing: /usr/include/libprotobuf-mutator/src/binary_format.h
#12 164.6 -- Installing: /usr/include/libprotobuf-mutator/src/random.h
#12 164.6 -- Installing: /usr/include/libprotobuf-mutator/src/text_format.h
#12 164.6 -- Installing: /usr/include/libprotobuf-mutator/src/libfuzzer
#12 164.6 -- Installing: /usr/include/libprotobuf-mutator/src/libfuzzer/libfuzzer_macro.h
#12 164.6 -- Installing: /usr/include/libprotobuf-mutator/src/libfuzzer/libfuzzer_mutator.h
#12 164.6 -- Installing: /usr/include/libprotobuf-mutator/src/field_instance.h
#12 164.6 -- Installing: /usr/include/libprotobuf-mutator/src/utf8_fix.h
#12 164.6 -- Installing: /usr/include/libprotobuf-mutator/src/weighted_reservoir_sampler.h
#12 164.6 -- Installing: /usr/lib/libprotobuf-mutator.a
#12 164.6 -- Installing: /usr/lib/libprotobuf-mutator-libfuzzer.a
#12 DONE 165.8s

#13 [ 9/11] RUN cd /src/evmone;     mkdir -p build;     cd build;     cmake .. -G Ninja -DBUILD_SHARED_LIBS=OFF -DCMAKE_INSTALL_PREFIX="/usr";     ninja;     ninja install;
#13 sha256:e9d2df740ed75579cced76dcb01ad76da10ab9202fd151437d8eba81807d668f
#13 0.509 -- [cable ] Cable 0.4.1 initialized
#13 0.519 CMake Warning (dev) at /usr/local/share/cmake-3.21/Modules/GNUInstallDirs.cmake:236 (message):
#13 0.519   Unable to determine default CMAKE_INSTALL_LIBDIR directory because no
#13 0.519   target architecture is known.  Please enable at least one language before
#13 0.519   including GNUInstallDirs.
#13 0.519 Call Stack (most recent call first):
#13 0.519   CMakeLists.txt:21 (include)
#13 0.519 This warning is for project developers.  Use -Wno-dev to suppress it.
#13 0.519 
#13 0.523 -- [cable ] Build type: Release
#13 0.588 -- [hunter] Initializing Hunter workspace (bc7da329d2493201de28f0c2a5fcd4de1415c477)
#13 0.588 -- [hunter]   https://github.com/ruslo/hunter/archive/v0.23.190.tar.gz
#13 0.588 -- [hunter]   -> /root/.hunter/_Base/Download/Hunter/0.23.190/bc7da32
#13 1.825 -- The CXX compiler identification is Clang 14.0.0
#13 1.842 -- Detecting CXX compiler ABI info
#13 1.938 -- Detecting CXX compiler ABI info - done
#13 1.955 -- Check for working CXX compiler: /usr/local/bin/clang++ - skipped
#13 1.955 -- Detecting CXX compile features
#13 1.956 -- Detecting CXX compile features - done
#13 1.959 -- [hunter] Calculating Toolchain-SHA1
#13 2.783 -- [hunter] Calculating Config-SHA1
#13 2.952 -- [hunter] HUNTER_ROOT: /root/.hunter
#13 2.952 -- [hunter] [ Hunter-ID: bc7da32 | Toolchain-ID: 332e262 | Config-ID: 145276e ]
#13 3.148 -- [hunter] ETHASH_ROOT: /root/.hunter/_Base/bc7da32/332e262/145276e/Install (ver.: 0.5.0)
#13 3.440 -- [hunter] Building ethash
#13 3.444 loading initial cache file /root/.hunter/_Base/bc7da32/332e262/145276e/cache.cmake
#13 3.445 loading initial cache file /root/.hunter/_Base/bc7da32/332e262/145276e/Build/ethash/args.cmake
#13 3.559 -- The C compiler identification is Clang 14.0.0
#13 3.653 -- The CXX compiler identification is Clang 14.0.0
#13 3.667 -- Check for working C compiler: /usr/local/bin/clang
#13 3.752 -- Check for working C compiler: /usr/local/bin/clang - works
#13 3.753 -- Detecting C compile features
#13 3.755 -- Detecting C compile features - done
#13 3.765 -- Check for working CXX compiler: /usr/local/bin/clang++ - skipped
#13 3.766 -- Detecting CXX compile features
#13 3.768 -- Detecting CXX compile features - done
#13 3.813 -- Configuring done
#13 3.818 -- Generating done
#13 3.824 -- Build files have been written to: /root/.hunter/_Base/bc7da32/332e262/145276e/Build/ethash/Build
#13 3.862 [1/8] Creating directories for 'ethash-Release'
#13 3.862 [1/8] Performing download step (download, verify and extract) for 'ethash-Release'
#13 3.866 -- Downloading...
#13 3.866    dst='/root/.hunter/_Base/Download/ethash/0.5.0/674af68/v0.5.0.tar.gz'
#13 3.866    timeout='none'
#13 3.866    inactivity timeout='none'
#13 3.866 -- Using src='https://github.com/chfast/ethash/archive/v0.5.0.tar.gz'
#13 4.074 -- [download 100% complete]
#13 4.318 -- verifying file...
#13 4.318        file='/root/.hunter/_Base/Download/ethash/0.5.0/674af68/v0.5.0.tar.gz'
#13 4.319 -- Downloading... done
#13 4.327 -- extracting...
#13 4.327      src='/root/.hunter/_Base/Download/ethash/0.5.0/674af68/v0.5.0.tar.gz'
#13 4.327      dst='/root/.hunter/_Base/bc7da32/332e262/145276e/Build/ethash/Source'
#13 4.328 -- extracting... [tar xfz]
#13 4.345 -- extracting... [analysis]
#13 4.345 -- extracting... [rename]
#13 4.345 -- extracting... [clean up]
#13 4.346 -- extracting... done
#13 4.349 [2/8] No update step for 'ethash-Release'
#13 4.362 [4/8] No patch step for 'ethash-Release'
#13 4.362 [4/8] Performing configure step for 'ethash-Release'
#13 4.366 loading initial cache file /root/.hunter/_Base/bc7da32/332e262/145276e/cache.cmake
#13 4.367 loading initial cache file /root/.hunter/_Base/bc7da32/332e262/145276e/Build/ethash/args.cmake
#13 4.368 -- [cable ] Cable 0.2.16 initialized
#13 4.504 -- The C compiler identification is Clang 14.0.0
#13 4.598 -- The CXX compiler identification is Clang 14.0.0
#13 4.612 -- Check for working C compiler: /usr/local/bin/clang
#13 4.699 -- Check for working C compiler: /usr/local/bin/clang - works
#13 4.700 -- Detecting C compile features
#13 4.702 -- Detecting C compile features - done
#13 4.712 -- Check for working CXX compiler: /usr/local/bin/clang++ - skipped
#13 4.712 -- Detecting CXX compile features
#13 4.714 -- Detecting CXX compile features - done
#13 4.715 -- [cable ] Build type: Release
#13 4.716 -- Performing Test fstack-protector
#13 4.813 -- Performing Test fstack-protector - Success
#13 4.816 -- Performing Test Wimplicit-fallthrough
#13 4.911 -- Performing Test Wimplicit-fallthrough - Success
#13 4.914 -- Performing Test mtune=generic
#13 5.009 -- Performing Test mtune=generic - Success
#13 5.028 -- Configuring done
#13 5.039 -- Generating done
#13 5.048 -- Build files have been written to: /root/.hunter/_Base/bc7da32/332e262/145276e/Build/ethash/Build/ethash-Release-prefix/src/ethash-Release-build
#13 5.056 [5/8] Performing build step for 'ethash-Release'
#13 5.113 [1/9] Building C object lib/ethash/CMakeFiles/ethash.dir/primes.c.o
#13 5.204 [2/9] Building C object lib/keccak/CMakeFiles/keccak.dir/keccak.c.o
#13 5.594 [3/9] Building C object lib/keccak/CMakeFiles/keccak.dir/keccakf800.c.o
#13 5.594 [4/9] Building C object lib/keccak/CMakeFiles/keccak.dir/keccakf1600.c.o
#13 5.602 [5/9] Linking C static library lib/keccak/libkeccak.a
#13 6.258 [6/9] Building CXX object lib/ethash/CMakeFiles/ethash.dir/ethash.cpp.o
#13 6.286 [7/9] Building CXX object lib/ethash/CMakeFiles/ethash.dir/managed.cpp.o
#13 6.304 [8/9] Building CXX object lib/ethash/CMakeFiles/ethash.dir/progpow.cpp.o
#13 6.315 [9/9] Linking CXX static library lib/ethash/libethash.a
#13 6.320 [6/8] Performing install step for 'ethash-Release'
#13 6.334 [0/1] Install the project...
#13 6.338 -- Install configuration: "Release"
#13 6.338 -- Installing: /root/.hunter/_Base/bc7da32/332e262/145276e/Build/ethash/Install/include
#13 6.338 -- Installing: /root/.hunter/_Base/bc7da32/332e262/145276e/Build/ethash/Install/include/ethash
#13 6.338 -- Installing: /root/.hunter/_Base/bc7da32/332e262/145276e/Build/ethash/Install/include/ethash/version.h
#13 6.338 -- Installing: /root/.hunter/_Base/bc7da32/332e262/145276e/Build/ethash/Install/include/ethash/keccak.hpp
#13 6.339 -- Installing: /root/.hunter/_Base/bc7da32/332e262/145276e/Build/ethash/Install/include/ethash/progpow.hpp
#13 6.339 -- Installing: /root/.hunter/_Base/bc7da32/332e262/145276e/Build/ethash/Install/include/ethash/keccak.h
#13 6.339 -- Installing: /root/.hunter/_Base/bc7da32/332e262/145276e/Build/ethash/Install/include/ethash/hash_types.h
#13 6.340 -- Installing: /root/.hunter/_Base/bc7da32/332e262/145276e/Build/ethash/Install/include/ethash/hash_types.hpp
#13 6.340 -- Installing: /root/.hunter/_Base/bc7da32/332e262/145276e/Build/ethash/Install/include/ethash/ethash.h
#13 6.340 -- Installing: /root/.hunter/_Base/bc7da32/332e262/145276e/Build/ethash/Install/include/ethash/ethash.hpp
#13 6.341 -- Installing: /root/.hunter/_Base/bc7da32/332e262/145276e/Build/ethash/Install/lib/cmake/ethash/ethashTargets.cmake
#13 6.342 -- Installing: /root/.hunter/_Base/bc7da32/332e262/145276e/Build/ethash/Install/lib/cmake/ethash/ethashTargets-release.cmake
#13 6.342 -- Installing: /root/.hunter/_Base/bc7da32/332e262/145276e/Build/ethash/Install/lib/cmake/ethash/ethashConfig.cmake
#13 6.342 -- Installing: /root/.hunter/_Base/bc7da32/332e262/145276e/Build/ethash/Install/lib/cmake/ethash/ethashConfigVersion.cmake
#13 6.343 -- Installing: /root/.hunter/_Base/bc7da32/332e262/145276e/Build/ethash/Install/lib/libkeccak.a
#13 6.344 -- Installing: /root/.hunter/_Base/bc7da32/332e262/145276e/Build/ethash/Install/lib/libethash.a
#13 6.350 loading initial cache file /root/.hunter/_Base/bc7da32/332e262/145276e/Build/ethash/args.cmake
#13 6.364 [8/8] Completed 'ethash-Release'
#13 6.366 -- [hunter] Build step successful (dir: /root/.hunter/_Base/bc7da32/332e262/145276e/Build/ethash)
#13 6.412 -- [hunter] Cache saved: /root/.hunter/_Base/Cache/raw/14e2e8bb500ff4fdb579278c2d7e3746f8ee01ff.tar.bz2
#13 6.791 -- The C compiler identification is Clang 14.0.0
#13 6.806 -- Detecting C compiler ABI info
#13 6.896 -- Detecting C compiler ABI info - done
#13 6.915 -- Check for working C compiler: /usr/local/bin/clang - skipped
#13 6.915 -- Detecting C compile features
#13 6.916 -- Detecting C compile features - done
#13 6.964 -- Performing Test fstack-protector
#13 7.057 -- Performing Test fstack-protector - Success
#13 7.059 -- Performing Test fstack-protector-strong
#13 7.151 -- Performing Test fstack-protector-strong - Success
#13 7.153 -- Performing Test Wimplicit-fallthrough
#13 7.247 -- Performing Test Wimplicit-fallthrough - Success
#13 7.249 -- Performing Test mtune=generic
#13 7.346 -- Performing Test mtune=generic - Success
#13 7.490 -- [hunter] INTX_ROOT: /root/.hunter/_Base/bc7da32/332e262/145276e/Install (ver.: 0.4.0)
#13 7.789 -- [hunter] Building intx
#13 7.793 loading initial cache file /root/.hunter/_Base/bc7da32/332e262/145276e/cache.cmake
#13 7.794 loading initial cache file /root/.hunter/_Base/bc7da32/332e262/145276e/Build/intx/args.cmake
#13 7.900 -- The C compiler identification is Clang 14.0.0
#13 7.996 -- The CXX compiler identification is Clang 14.0.0
#13 8.011 -- Check for working C compiler: /usr/local/bin/clang
#13 8.095 -- Check for working C compiler: /usr/local/bin/clang - works
#13 8.096 -- Detecting C compile features
#13 8.097 -- Detecting C compile features - done
#13 8.108 -- Check for working CXX compiler: /usr/local/bin/clang++ - skipped
#13 8.109 -- Detecting CXX compile features
#13 8.110 -- Detecting CXX compile features - done
#13 8.157 -- Configuring done
#13 8.161 -- Generating done
#13 8.166 -- Build files have been written to: /root/.hunter/_Base/bc7da32/332e262/145276e/Build/intx/Build
#13 8.205 [1/8] Creating directories for 'intx-Release'
#13 8.205 [1/8] Performing download step (download, verify and extract) for 'intx-Release'
#13 8.209 -- Downloading...
#13 8.209    dst='/root/.hunter/_Base/Download/intx/0.4.0/8a2a0b0/v0.4.0.tar.gz'
#13 8.209    timeout='none'
#13 8.209    inactivity timeout='none'
#13 8.209 -- Using src='https://github.com/chfast/intx/archive/v0.4.0.tar.gz'
#13 8.786 -- verifying file...
#13 8.786        file='/root/.hunter/_Base/Download/intx/0.4.0/8a2a0b0/v0.4.0.tar.gz'
#13 8.786 -- Downloading... done
#13 8.794 -- extracting...
#13 8.794      src='/root/.hunter/_Base/Download/intx/0.4.0/8a2a0b0/v0.4.0.tar.gz'
#13 8.794      dst='/root/.hunter/_Base/bc7da32/332e262/145276e/Build/intx/Source'
#13 8.794 -- extracting... [tar xfz]
#13 8.806 -- extracting... [analysis]
#13 8.806 -- extracting... [rename]
#13 8.806 -- extracting... [clean up]
#13 8.806 -- extracting... done
#13 8.810 [2/8] No update step for 'intx-Release'
#13 8.823 [4/8] No patch step for 'intx-Release'
#13 8.823 [4/8] Performing configure step for 'intx-Release'
#13 8.827 loading initial cache file /root/.hunter/_Base/bc7da32/332e262/145276e/cache.cmake
#13 8.828 loading initial cache file /root/.hunter/_Base/bc7da32/332e262/145276e/Build/intx/args.cmake
#13 8.829 -- [cable ] Cable 0.4.0 initialized
#13 8.836 CMake Warning (dev) at /usr/local/share/cmake-3.21/Modules/GNUInstallDirs.cmake:236 (message):
#13 8.836   Unable to determine default CMAKE_INSTALL_LIBDIR directory because no
#13 8.836   target architecture is known.  Please enable at least one language before
#13 8.836   including GNUInstallDirs.
#13 8.836 Call Stack (most recent call first):
#13 8.836   CMakeLists.txt:13 (include)
#13 8.836 This warning is for project developers.  Use -Wno-dev to suppress it.
#13 8.836 
#13 8.839 -- [cable ] Build type: Release
#13 8.985 -- The CXX compiler identification is Clang 14.0.0
#13 9.006 -- Check for working CXX compiler: /usr/local/bin/clang++ - skipped
#13 9.006 -- Detecting CXX compile features
#13 9.007 -- Detecting CXX compile features - done
#13 9.010 -- Performing Test fstack-protector
#13 9.098 -- Performing Test fstack-protector - Success
#13 9.100 -- Performing Test Wimplicit-fallthrough
#13 9.195 -- Performing Test Wimplicit-fallthrough - Success
#13 9.197 -- Performing Test mtune=generic
#13 9.292 -- Performing Test mtune=generic - Success
#13 9.312 -- Configuring done
#13 9.319 -- Generating done
#13 9.329 -- Build files have been written to: /root/.hunter/_Base/bc7da32/332e262/145276e/Build/intx/Build/intx-Release-prefix/src/intx-Release-build
#13 9.338 [5/8] Performing build step for 'intx-Release'
#13 10.35 [1/2] Building CXX object lib/intx/CMakeFiles/intx.dir/div.cpp.o
#13 10.35 FAILED: lib/intx/CMakeFiles/intx.dir/div.cpp.o 
#13 10.35 /usr/local/bin/clang++  -I/root/.hunter/_Base/bc7da32/332e262/145276e/Build/intx/Source/include -O1 -fno-omit-frame-pointer -gline-tables-only -DFUZZING_BUILD_MODE_UNSAFE_FOR_PRODUCTION -stdlib=libc++ -O3 -DNDEBUG -fPIC -pedantic -Werror -Wall -Wextra -Wshadow -Wconversion -Wsign-conversion -Wno-unknown-pragmas -fno-stack-protector -Wimplicit-fallthrough -mtune=generic -std=c++17 -MD -MT lib/intx/CMakeFiles/intx.dir/div.cpp.o -MF lib/intx/CMakeFiles/intx.dir/div.cpp.o.d -o lib/intx/CMakeFiles/intx.dir/div.cpp.o -c /root/.hunter/_Base/bc7da32/332e262/145276e/Build/intx/Source/lib/intx/div.cpp
#13 10.35 In file included from /root/.hunter/_Base/bc7da32/332e262/145276e/Build/intx/Source/lib/intx/div.cpp:5:
#13 10.35 In file included from /root/.hunter/_Base/bc7da32/332e262/145276e/Build/intx/Source/lib/intx/div.hpp:7:
#13 10.35 /root/.hunter/_Base/bc7da32/332e262/145276e/Build/intx/Source/include/intx/intx.hpp:217:12: error: use of bitwise '|' with boolean operands [-Werror,-Wbitwise-instead-of-logical]
#13 10.35     return (a.hi < b.hi) | ((a.hi == b.hi) & (a.lo < b.lo));
#13 10.35            ^~~~~~~~~~~~~~~~~~~~~~~~~~~~~~~~~~~~~~~~~~~~~~~~
#13 10.35                          ||
#13 10.35 /root/.hunter/_Base/bc7da32/332e262/145276e/Build/intx/Source/include/intx/intx.hpp:224:14: note: in instantiation of function template specialization 'intx::operator<<256U>' requested here
#13 10.35     return x < uint<N>(y);
#13 10.35              ^
#13 10.35 /root/.hunter/_Base/bc7da32/332e262/145276e/Build/intx/Source/include/intx/int128.hpp:773:15: note: in instantiation of function template specialization 'intx::operator<<256U, int, void>' requested here
#13 10.35         if (x < d)
#13 10.35               ^
#13 10.35 /root/.hunter/_Base/bc7da32/332e262/145276e/Build/intx/Source/include/intx/intx.hpp:961:12: note: in instantiation of function template specialization 'intx::from_string<intx::uint<256>>' requested here
#13 10.35     return from_string<uint256>(s);
#13 10.35            ^
#13 10.35 /root/.hunter/_Base/bc7da32/332e262/145276e/Build/intx/Source/include/intx/intx.hpp:217:12: note: cast one or both operands to int to silence this warning
#13 10.35     return (a.hi < b.hi) | ((a.hi == b.hi) & (a.lo < b.lo));
#13 10.35            ^
#13 10.35 /root/.hunter/_Base/bc7da32/332e262/145276e/Build/intx/Source/include/intx/intx.hpp:217:29: error: use of bitwise '&' with boolean operands [-Werror,-Wbitwise-instead-of-logical]
#13 10.35     return (a.hi < b.hi) | ((a.hi == b.hi) & (a.lo < b.lo));
#13 10.35                            ~^~~~~~~~~~~~~~~~~~~~~~~~~~~~~~~
#13 10.35                                            &&
#13 10.35 /root/.hunter/_Base/bc7da32/332e262/145276e/Build/intx/Source/include/intx/intx.hpp:217:29: note: cast one or both operands to int to silence this warning
#13 10.35 /root/.hunter/_Base/bc7da32/332e262/145276e/Build/intx/Source/include/intx/intx.hpp:172:12: error: use of bitwise '&' with boolean operands [-Werror,-Wbitwise-instead-of-logical]
#13 10.35     return (a.lo == b.lo) & (a.hi == b.hi);
#13 10.35            ^~~~~~~~~~~~~~~~~~~~~~~~~~~~~~~
#13 10.35                           &&
#13 10.35 /root/.hunter/_Base/bc7da32/332e262/145276e/Build/intx/Source/include/intx/intx.hpp:217:35: note: in instantiation of function template specialization 'intx::operator==<256U>' requested here
#13 10.35     return (a.hi < b.hi) | ((a.hi == b.hi) & (a.lo < b.lo));
#13 10.35                                   ^
#13 10.35 /root/.hunter/_Base/bc7da32/332e262/145276e/Build/intx/Source/include/intx/intx.hpp:224:14: note: in instantiation of function template specialization 'intx::operator<<512U>' requested here
#13 10.35     return x < uint<N>(y);
#13 10.35              ^
#13 10.35 /root/.hunter/_Base/bc7da32/332e262/145276e/Build/intx/Source/include/intx/int128.hpp:773:15: note: in instantiation of function template specialization 'intx::operator<<512U, int, void>' requested here
#13 10.35         if (x < d)
#13 10.35               ^
#13 10.35 /root/.hunter/_Base/bc7da32/332e262/145276e/Build/intx/Source/include/intx/intx.hpp:966:12: note: in instantiation of function template specialization 'intx::from_string<intx::uint<512>>' requested here
#13 10.35     return from_string<uint512>(s);
#13 10.35            ^
#13 10.35 /root/.hunter/_Base/bc7da32/332e262/145276e/Build/intx/Source/include/intx/intx.hpp:172:12: note: cast one or both operands to int to silence this warning
#13 10.35     return (a.lo == b.lo) & (a.hi == b.hi);
#13 10.35            ^
#13 10.35 /root/.hunter/_Base/bc7da32/332e262/145276e/Build/intx/Source/include/intx/intx.hpp:217:12: error: use of bitwise '|' with boolean operands [-Werror,-Wbitwise-instead-of-logical]
#13 10.35     return (a.hi < b.hi) | ((a.hi == b.hi) & (a.lo < b.lo));
#13 10.35            ^~~~~~~~~~~~~~~~~~~~~~~~~~~~~~~~~~~~~~~~~~~~~~~~
#13 10.35                          ||
#13 10.35 /root/.hunter/_Base/bc7da32/332e262/145276e/Build/intx/Source/include/intx/intx.hpp:224:14: note: in instantiation of function template specialization 'intx::operator<<512U>' requested here
#13 10.35     return x < uint<N>(y);
#13 10.35              ^
#13 10.35 /root/.hunter/_Base/bc7da32/332e262/145276e/Build/intx/Source/include/intx/int128.hpp:773:15: note: in instantiation of function template specialization 'intx::operator<<512U, int, void>' requested here
#13 10.35         if (x < d)
#13 10.35               ^
#13 10.35 /root/.hunter/_Base/bc7da32/332e262/145276e/Build/intx/Source/include/intx/intx.hpp:966:12: note: in instantiation of function template specialization 'intx::from_string<intx::uint<512>>' requested here
#13 10.35     return from_string<uint512>(s);
#13 10.35            ^
#13 10.35 /root/.hunter/_Base/bc7da32/332e262/145276e/Build/intx/Source/include/intx/intx.hpp:217:12: note: cast one or both operands to int to silence this warning
#13 10.35     return (a.hi < b.hi) | ((a.hi == b.hi) & (a.lo < b.lo));
#13 10.35            ^
#13 10.35 /root/.hunter/_Base/bc7da32/332e262/145276e/Build/intx/Source/include/intx/intx.hpp:217:29: error: use of bitwise '&' with boolean operands [-Werror,-Wbitwise-instead-of-logical]
#13 10.35     return (a.hi < b.hi) | ((a.hi == b.hi) & (a.lo < b.lo));
#13 10.35                            ~^~~~~~~~~~~~~~~~~~~~~~~~~~~~~~~
#13 10.35                                            &&
#13 10.35 /root/.hunter/_Base/bc7da32/332e262/145276e/Build/intx/Source/include/intx/intx.hpp:217:29: note: cast one or both operands to int to silence this warning
#13 10.35 5 errors generated.
#13 10.35 ninja: build stopped: subcommand failed.
#13 10.35 FAILED: intx-Release-prefix/src/intx-Release-stamp/intx-Release-build /root/.hunter/_Base/bc7da32/332e262/145276e/Build/intx/Build/intx-Release-prefix/src/intx-Release-stamp/intx-Release-build 
#13 10.35 cd /root/.hunter/_Base/bc7da32/332e262/145276e/Build/intx/Build/intx-Release-prefix/src/intx-Release-build && /usr/local/bin/cmake --build . --config Release -- -j8 && /usr/local/bin/cmake -E touch /root/.hunter/_Base/bc7da32/332e262/145276e/Build/intx/Build/intx-Release-prefix/src/intx-Release-stamp/intx-Release-build
#13 10.35 ninja: build stopped: subcommand failed.
#13 10.35 
#13 10.35 [hunter ** FATAL ERROR **] Build step failed (dir: /root/.hunter/_Base/bc7da32/332e262/145276e/Build/intx
#13 10.35 [hunter ** FATAL ERROR **] [Directory:/root/.hunter/_Base/Download/Hunter/0.23.190/bc7da32/Unpacked/cmake/projects/intx]
#13 10.35 
#13 10.35 ------------------------------ ERROR -----------------------------
#13 10.35     https://docs.hunter.sh/en/latest/reference/errors/error.external.build.failed.html
#13 10.35 ------------------------------------------------------------------
#13 10.35 
#13 10.35 CMake Error at /root/.hunter/_Base/Download/Hunter/0.23.190/bc7da32/Unpacked/cmake/modules/hunter_error_page.cmake:12 (message):
#13 10.35 Call Stack (most recent call first):
#13 10.35   /root/.hunter/_Base/Download/Hunter/0.23.190/bc7da32/Unpacked/cmake/modules/hunter_fatal_error.cmake:20 (hunter_error_page)
#13 10.35   /root/.hunter/_Base/Download/Hunter/0.23.190/bc7da32/Unpacked/cmake/modules/hunter_download.cmake:617 (hunter_fatal_error)
#13 10.35   /root/.hunter/_Base/Download/Hunter/0.23.190/bc7da32/Unpacked/cmake/projects/intx/hunter.cmake:43 (hunter_download)
#13 10.35   /root/.hunter/_Base/Download/Hunter/0.23.190/bc7da32/Unpacked/cmake/modules/hunter_add_package.cmake:62 (include)
#13 10.35   lib/evmone/CMakeLists.txt:7 (hunter_add_package)
#13 10.35 
#13 10.35 
#13 10.35 -- Configuring incomplete, errors occurred!
#13 10.35 See also "/src/evmone/build/CMakeFiles/CMakeOutput.log".
#13 10.37 ninja: error: loading 'build.ninja': No such file or directory
#13 10.37 ninja: error: loading 'build.ninja': No such file or directory
#13 ERROR: executor failed running [/bin/sh -c cd $SRC/evmone;     mkdir -p build;     cd build;     cmake .. -G Ninja -DBUILD_SHARED_LIBS=OFF -DCMAKE_INSTALL_PREFIX="/usr";     ninja;     ninja install;]: exit code: 1
------
 > importing cache manifest from gcr.io/fuzzbench/builders/benchmark/solidity_solidity:
------
------
 > [ 9/11] RUN cd /src/evmone;     mkdir -p build;     cd build;     cmake .. -G Ninja -DBUILD_SHARED_LIBS=OFF -DCMAKE_INSTALL_PREFIX="/usr";     ninja;     ninja install;:
------
executor failed running [/bin/sh -c cd $SRC/evmone;     mkdir -p build;     cd build;     cmake .. -G Ninja -DBUILD_SHARED_LIBS=OFF -DCMAKE_INSTALL_PREFIX="/usr";     ninja;     ninja install;]: exit code: 1
make: *** [docker/generated.mk:62595: .solidity_solidity-project-builder] Error 1
/bin/sh: 1: source: not found
#1 [internal] load build definition from Dockerfile
#1 sha256:b26621590eabba8a8ccd0d1a605e5f76feadd28a33c4de9316151be427d1a787
#1 transferring dockerfile: 32B done
#1 DONE 0.0s

#2 [internal] load .dockerignore
#2 sha256:47ef42ce574f41bc083ad4c2c83c7395fa54c9a6957c1f7bfbcd04c478de6c98
#2 transferring context: 2B done
#2 DONE 0.0s

#3 [internal] load metadata for gcr.io/oss-fuzz-base/base-builder:latest
#3 sha256:f10dc39cc9d418a5bc416dead31a1902b6821fdae909cd3b08f7a3fd1faba7b5
#3 DONE 0.5s

#15 [internal] load build context
#15 sha256:46878fc30ac0bba176347b1dd30a5368d72d036dcc6701d18551872f30a5d657
#15 DONE 0.0s

#5 [ 1/11] FROM gcr.io/oss-fuzz-base/base-builder@sha256:4ad017ca53699eda684c1c444948c93a4af848fe34baee3a765d3c4693fe6a56
#5 sha256:3f10b3978a3951f6e2692fa5e5890ee5a755650381dedece7198ed0b1dcdaa8c
#5 DONE 0.0s

#4 importing cache manifest from gcr.io/fuzzbench/builders/benchmark/solidity_solidity
#4 sha256:c05fea3a471b820607a299fe8f3721ee3def2f7b9b8e78851abce3cdcc7cd46d
#4 ERROR: gcr.io/fuzzbench/builders/benchmark/solidity_solidity:latest: not found

#15 [internal] load build context
#15 sha256:46878fc30ac0bba176347b1dd30a5368d72d036dcc6701d18551872f30a5d657
#15 ...

#6 [ 2/11] RUN apt-get update && apt-get install -y make autoconf automake libtool     build-essential libbz2-dev ninja-build zlib1g-dev wget python python-dev     liblzma-dev uuid-dev pkg-config openjdk-8-jdk unzip mlton
#6 sha256:cb00f07cbcd97436412c7f4dbd75cae3078f966406fa442dfb0a2254c24a7931
#6 CACHED

#8 [ 4/11] RUN git clone --depth 1 https://github.com/ethereum/solidity-fuzzing-corpus.git
#8 sha256:3a313f9e31d51a7a12e2bae149889e8464fc99083b6501dc21177dae99acaed4
#8 CACHED

#10 [ 6/11] RUN git clone --branch="v0.4.0" --recurse-submodules     https://github.com/ethereum/evmone.git
#10 sha256:310edc6349c294aa5864a7142b69c5b92bb207e2ac46e25a8c53004db3bc8f0f
#10 CACHED

#7 [ 3/11] RUN git clone --recursive -b breaking https://github.com/ethereum/solidity.git solidity
#7 sha256:f033bdc7ecade411c74f7cf5791a5daeb8ccd61e449192d21737e703eba3149b
#7 CACHED

#9 [ 5/11] RUN git clone --depth 1 https://github.com/google/libprotobuf-mutator.git
#9 sha256:2265912a342e8ad5806b855759771201e8aabed2d300027172049887941e0d2a
#9 CACHED

#11 [ 7/11] RUN cd /src;     wget -q 'https://dl.bintray.com/boostorg/release/1.73.0/source/boost_1_73_0.tar.bz2' -O boost.tar.bz2;     test "$(sha256sum boost.tar.bz2)" = "4eb3b8d442b426dc35346235c8733b5ae35ba431690e38c6a8263dce9fcbb402  boost.tar.bz2";     tar -xf boost.tar.bz2;     rm boost.tar.bz2;     cd boost_1_73_0;     CXXFLAGS="-stdlib=libc++ -pthread" LDFLAGS="-stdlib=libc++" ./bootstrap.sh --with-toolset=clang --prefix=/usr;     ./b2 toolset=clang cxxflags="-stdlib=libc++ -pthread" linkflags="-stdlib=libc++ -pthread" headers;     ./b2 toolset=clang cxxflags="-stdlib=libc++ -pthread" linkflags="-stdlib=libc++ -pthread"         link=static variant=release runtime-link=static         system filesystem unit_test_framework program_options         install -j $(($(nproc)/2));     rm -rf /src/boost_1_73_0
#11 sha256:258a94f138a860a4e904c3b31d9e83f8933aadf1cc492b66c37dd9b2387e1ea4
#11 CACHED

#12 [ 8/11] RUN mkdir /src/LPM;     cd /src/LPM;     cmake /src/libprotobuf-mutator -GNinja     -DLIB_PROTO_MUTATOR_DOWNLOAD_PROTOBUF=ON -DLIB_PROTO_MUTATOR_TESTING=OFF     -DCMAKE_BUILD_TYPE=Release -DCMAKE_INSTALL_PREFIX="/usr";     ninja;     ninja install;     cd external.protobuf;     cp -Rf bin lib include /usr;
#12 sha256:60d6a2b6e2d9f892442ee61c85aaa5b1cc343f11931809a38e08c8a9b262ffda
#12 CACHED

#15 [internal] load build context
#15 sha256:46878fc30ac0bba176347b1dd30a5368d72d036dcc6701d18551872f30a5d657
#15 transferring context: 30B done
#15 DONE 0.3s

#13 [ 9/11] RUN cd /src/evmone;     mkdir -p build;     cd build;     cmake .. -G Ninja -DBUILD_SHARED_LIBS=OFF -DCMAKE_INSTALL_PREFIX="/usr";     ninja;     ninja install;
#13 sha256:e9d2df740ed75579cced76dcb01ad76da10ab9202fd151437d8eba81807d668f
#13 0.621 -- [cable ] Cable 0.4.1 initialized
#13 0.627 CMake Warning (dev) at /usr/local/share/cmake-3.21/Modules/GNUInstallDirs.cmake:236 (message):
#13 0.627   Unable to determine default CMAKE_INSTALL_LIBDIR directory because no
#13 0.627   target architecture is known.  Please enable at least one language before
#13 0.627   including GNUInstallDirs.
#13 0.627 Call Stack (most recent call first):
#13 0.627   CMakeLists.txt:21 (include)
#13 0.627 This warning is for project developers.  Use -Wno-dev to suppress it.
#13 0.627 
#13 0.631 -- [cable ] Build type: Release
#13 0.689 -- [hunter] Initializing Hunter workspace (bc7da329d2493201de28f0c2a5fcd4de1415c477)
#13 0.689 -- [hunter]   https://github.com/ruslo/hunter/archive/v0.23.190.tar.gz
#13 0.689 -- [hunter]   -> /root/.hunter/_Base/Download/Hunter/0.23.190/bc7da32
#13 1.748 -- The CXX compiler identification is Clang 14.0.0
#13 1.765 -- Detecting CXX compiler ABI info
#13 1.861 -- Detecting CXX compiler ABI info - done
#13 1.880 -- Check for working CXX compiler: /usr/local/bin/clang++ - skipped
#13 1.880 -- Detecting CXX compile features
#13 1.881 -- Detecting CXX compile features - done
#13 1.885 -- [hunter] Calculating Toolchain-SHA1
#13 2.699 -- [hunter] Calculating Config-SHA1
#13 2.875 -- [hunter] HUNTER_ROOT: /root/.hunter
#13 2.875 -- [hunter] [ Hunter-ID: bc7da32 | Toolchain-ID: 332e262 | Config-ID: 145276e ]
#13 3.070 -- [hunter] ETHASH_ROOT: /root/.hunter/_Base/bc7da32/332e262/145276e/Install (ver.: 0.5.0)
#13 3.206 -- [hunter] Building ethash
#13 3.211 loading initial cache file /root/.hunter/_Base/bc7da32/332e262/145276e/cache.cmake
#13 3.211 loading initial cache file /root/.hunter/_Base/bc7da32/332e262/145276e/Build/ethash/args.cmake
#13 3.314 -- The C compiler identification is Clang 14.0.0
#13 3.412 -- The CXX compiler identification is Clang 14.0.0
#13 3.427 -- Check for working C compiler: /usr/local/bin/clang
#13 3.509 -- Check for working C compiler: /usr/local/bin/clang - works
#13 3.509 -- Detecting C compile features
#13 3.510 -- Detecting C compile features - done
#13 3.518 -- Check for working CXX compiler: /usr/local/bin/clang++ - skipped
#13 3.519 -- Detecting CXX compile features
#13 3.520 -- Detecting CXX compile features - done
#13 3.562 -- Configuring done
#13 3.565 -- Generating done
#13 3.570 -- Build files have been written to: /root/.hunter/_Base/bc7da32/332e262/145276e/Build/ethash/Build
#13 3.606 [1/8] Creating directories for 'ethash-Release'
#13 3.606 [1/8] Performing download step (download, verify and extract) for 'ethash-Release'
#13 3.611 -- Downloading...
#13 3.611    dst='/root/.hunter/_Base/Download/ethash/0.5.0/674af68/v0.5.0.tar.gz'
#13 3.611    timeout='none'
#13 3.611    inactivity timeout='none'
#13 3.611 -- Using src='https://github.com/chfast/ethash/archive/v0.5.0.tar.gz'
#13 3.665 -- [download 100% complete]
#13 3.907 -- verifying file...
#13 3.907        file='/root/.hunter/_Base/Download/ethash/0.5.0/674af68/v0.5.0.tar.gz'
#13 3.908 -- Downloading... done
#13 3.916 -- extracting...
#13 3.916      src='/root/.hunter/_Base/Download/ethash/0.5.0/674af68/v0.5.0.tar.gz'
#13 3.916      dst='/root/.hunter/_Base/bc7da32/332e262/145276e/Build/ethash/Source'
#13 3.917 -- extracting... [tar xfz]
#13 3.932 -- extracting... [analysis]
#13 3.932 -- extracting... [rename]
#13 3.932 -- extracting... [clean up]
#13 3.933 -- extracting... done
#13 3.936 [2/8] No update step for 'ethash-Release'
#13 3.950 [4/8] No patch step for 'ethash-Release'
#13 3.950 [4/8] Performing configure step for 'ethash-Release'
#13 3.954 loading initial cache file /root/.hunter/_Base/bc7da32/332e262/145276e/cache.cmake
#13 3.954 loading initial cache file /root/.hunter/_Base/bc7da32/332e262/145276e/Build/ethash/args.cmake
#13 3.956 -- [cable ] Cable 0.2.16 initialized
#13 4.099 -- The C compiler identification is Clang 14.0.0
#13 4.189 -- The CXX compiler identification is Clang 14.0.0
#13 4.205 -- Check for working C compiler: /usr/local/bin/clang
#13 4.294 -- Check for working C compiler: /usr/local/bin/clang - works
#13 4.294 -- Detecting C compile features
#13 4.295 -- Detecting C compile features - done
#13 4.303 -- Check for working CXX compiler: /usr/local/bin/clang++ - skipped
#13 4.303 -- Detecting CXX compile features
#13 4.304 -- Detecting CXX compile features - done
#13 4.306 -- [cable ] Build type: Release
#13 4.307 -- Performing Test fstack-protector
#13 4.405 -- Performing Test fstack-protector - Success
#13 4.408 -- Performing Test Wimplicit-fallthrough
#13 4.505 -- Performing Test Wimplicit-fallthrough - Success
#13 4.507 -- Performing Test mtune=generic
#13 4.600 -- Performing Test mtune=generic - Success
#13 4.615 -- Configuring done
#13 4.625 -- Generating done
#13 4.635 -- Build files have been written to: /root/.hunter/_Base/bc7da32/332e262/145276e/Build/ethash/Build/ethash-Release-prefix/src/ethash-Release-build
#13 4.644 [5/8] Performing build step for 'ethash-Release'
#13 4.700 [1/9] Building C object lib/ethash/CMakeFiles/ethash.dir/primes.c.o
#13 4.842 [2/9] Building C object lib/keccak/CMakeFiles/keccak.dir/keccak.c.o
#13 5.060 [3/9] Building C object lib/keccak/CMakeFiles/keccak.dir/keccakf1600.c.o
#13 5.218 [4/9] Building C object lib/keccak/CMakeFiles/keccak.dir/keccakf800.c.o
#13 5.226 [5/9] Linking C static library lib/keccak/libkeccak.a
#13 5.704 [6/9] Building CXX object lib/ethash/CMakeFiles/ethash.dir/ethash.cpp.o
#13 5.868 [7/9] Building CXX object lib/ethash/CMakeFiles/ethash.dir/managed.cpp.o
#13 5.891 [8/9] Building CXX object lib/ethash/CMakeFiles/ethash.dir/progpow.cpp.o
#13 5.902 [9/9] Linking CXX static library lib/ethash/libethash.a
#13 5.906 [6/8] Performing install step for 'ethash-Release'
#13 5.919 [0/1] Install the project...
#13 5.923 -- Install configuration: "Release"
#13 5.924 -- Installing: /root/.hunter/_Base/bc7da32/332e262/145276e/Build/ethash/Install/include
#13 5.924 -- Installing: /root/.hunter/_Base/bc7da32/332e262/145276e/Build/ethash/Install/include/ethash
#13 5.924 -- Installing: /root/.hunter/_Base/bc7da32/332e262/145276e/Build/ethash/Install/include/ethash/version.h
#13 5.925 -- Installing: /root/.hunter/_Base/bc7da32/332e262/145276e/Build/ethash/Install/include/ethash/keccak.hpp
#13 5.925 -- Installing: /root/.hunter/_Base/bc7da32/332e262/145276e/Build/ethash/Install/include/ethash/progpow.hpp
#13 5.925 -- Installing: /root/.hunter/_Base/bc7da32/332e262/145276e/Build/ethash/Install/include/ethash/keccak.h
#13 5.925 -- Installing: /root/.hunter/_Base/bc7da32/332e262/145276e/Build/ethash/Install/include/ethash/hash_types.h
#13 5.926 -- Installing: /root/.hunter/_Base/bc7da32/332e262/145276e/Build/ethash/Install/include/ethash/hash_types.hpp
#13 5.926 -- Installing: /root/.hunter/_Base/bc7da32/332e262/145276e/Build/ethash/Install/include/ethash/ethash.h
#13 5.926 -- Installing: /root/.hunter/_Base/bc7da32/332e262/145276e/Build/ethash/Install/include/ethash/ethash.hpp
#13 5.927 -- Installing: /root/.hunter/_Base/bc7da32/332e262/145276e/Build/ethash/Install/lib/cmake/ethash/ethashTargets.cmake
#13 5.927 -- Installing: /root/.hunter/_Base/bc7da32/332e262/145276e/Build/ethash/Install/lib/cmake/ethash/ethashTargets-release.cmake
#13 5.928 -- Installing: /root/.hunter/_Base/bc7da32/332e262/145276e/Build/ethash/Install/lib/cmake/ethash/ethashConfig.cmake
#13 5.928 -- Installing: /root/.hunter/_Base/bc7da32/332e262/145276e/Build/ethash/Install/lib/cmake/ethash/ethashConfigVersion.cmake
#13 5.929 -- Installing: /root/.hunter/_Base/bc7da32/332e262/145276e/Build/ethash/Install/lib/libkeccak.a
#13 5.930 -- Installing: /root/.hunter/_Base/bc7da32/332e262/145276e/Build/ethash/Install/lib/libethash.a
#13 5.935 loading initial cache file /root/.hunter/_Base/bc7da32/332e262/145276e/Build/ethash/args.cmake
#13 5.950 [8/8] Completed 'ethash-Release'
#13 5.951 -- [hunter] Build step successful (dir: /root/.hunter/_Base/bc7da32/332e262/145276e/Build/ethash)
#13 5.991 -- [hunter] Cache saved: /root/.hunter/_Base/Cache/raw/83a880d722a41ff8fc1be5b9e1248b105c6e2333.tar.bz2
#13 6.258 -- The C compiler identification is Clang 14.0.0
#13 6.273 -- Detecting C compiler ABI info
#13 6.359 -- Detecting C compiler ABI info - done
#13 6.378 -- Check for working C compiler: /usr/local/bin/clang - skipped
#13 6.378 -- Detecting C compile features
#13 6.379 -- Detecting C compile features - done
#13 6.412 -- Performing Test fstack-protector
#13 6.504 -- Performing Test fstack-protector - Success
#13 6.506 -- Performing Test fstack-protector-strong
#13 6.595 -- Performing Test fstack-protector-strong - Success
#13 6.598 -- Performing Test Wimplicit-fallthrough
#13 6.696 -- Performing Test Wimplicit-fallthrough - Success
#13 6.699 -- Performing Test mtune=generic
#13 6.797 -- Performing Test mtune=generic - Success
#13 6.947 -- [hunter] INTX_ROOT: /root/.hunter/_Base/bc7da32/332e262/145276e/Install (ver.: 0.4.0)
#13 7.082 -- [hunter] Building intx
#13 7.086 loading initial cache file /root/.hunter/_Base/bc7da32/332e262/145276e/cache.cmake
#13 7.087 loading initial cache file /root/.hunter/_Base/bc7da32/332e262/145276e/Build/intx/args.cmake
#13 7.190 -- The C compiler identification is Clang 14.0.0
#13 7.287 -- The CXX compiler identification is Clang 14.0.0
#13 7.301 -- Check for working C compiler: /usr/local/bin/clang
#13 7.385 -- Check for working C compiler: /usr/local/bin/clang - works
#13 7.386 -- Detecting C compile features
#13 7.388 -- Detecting C compile features - done
#13 7.398 -- Check for working CXX compiler: /usr/local/bin/clang++ - skipped
#13 7.399 -- Detecting CXX compile features
#13 7.400 -- Detecting CXX compile features - done
#13 7.449 -- Configuring done
#13 7.452 -- Generating done
#13 7.457 -- Build files have been written to: /root/.hunter/_Base/bc7da32/332e262/145276e/Build/intx/Build
#13 7.493 [1/8] Creating directories for 'intx-Release'
#13 7.493 [1/8] Performing download step (download, verify and extract) for 'intx-Release'
#13 7.498 -- Downloading...
#13 7.498    dst='/root/.hunter/_Base/Download/intx/0.4.0/8a2a0b0/v0.4.0.tar.gz'
#13 7.498    timeout='none'
#13 7.498    inactivity timeout='none'
#13 7.498 -- Using src='https://github.com/chfast/intx/archive/v0.4.0.tar.gz'
#13 7.553 -- [download 100% complete]
#13 7.794 -- verifying file...
#13 7.794        file='/root/.hunter/_Base/Download/intx/0.4.0/8a2a0b0/v0.4.0.tar.gz'
#13 7.794 -- Downloading... done
#13 7.803 -- extracting...
#13 7.803      src='/root/.hunter/_Base/Download/intx/0.4.0/8a2a0b0/v0.4.0.tar.gz'
#13 7.803      dst='/root/.hunter/_Base/bc7da32/332e262/145276e/Build/intx/Source'
#13 7.803 -- extracting... [tar xfz]
#13 7.816 -- extracting... [analysis]
#13 7.816 -- extracting... [rename]
#13 7.817 -- extracting... [clean up]
#13 7.817 -- extracting... done
#13 7.821 [2/8] No update step for 'intx-Release'
#13 7.834 [4/8] No patch step for 'intx-Release'
#13 7.834 [4/8] Performing configure step for 'intx-Release'
#13 7.838 loading initial cache file /root/.hunter/_Base/bc7da32/332e262/145276e/cache.cmake
#13 7.838 loading initial cache file /root/.hunter/_Base/bc7da32/332e262/145276e/Build/intx/args.cmake
#13 7.839 -- [cable ] Cable 0.4.0 initialized
#13 7.845 CMake Warning (dev) at /usr/local/share/cmake-3.21/Modules/GNUInstallDirs.cmake:236 (message):
#13 7.845   Unable to determine default CMAKE_INSTALL_LIBDIR directory because no
#13 7.845   target architecture is known.  Please enable at least one language before
#13 7.845   including GNUInstallDirs.
#13 7.845 Call Stack (most recent call first):
#13 7.845   CMakeLists.txt:13 (include)
#13 7.845 This warning is for project developers.  Use -Wno-dev to suppress it.
#13 7.845 
#13 7.848 -- [cable ] Build type: Release
#13 7.994 -- The CXX compiler identification is Clang 14.0.0
#13 8.010 -- Check for working CXX compiler: /usr/local/bin/clang++ - skipped
#13 8.010 -- Detecting CXX compile features
#13 8.011 -- Detecting CXX compile features - done
#13 8.014 -- Performing Test fstack-protector
#13 8.106 -- Performing Test fstack-protector - Success
#13 8.109 -- Performing Test Wimplicit-fallthrough
#13 8.203 -- Performing Test Wimplicit-fallthrough - Success
#13 8.205 -- Performing Test mtune=generic
#13 8.299 -- Performing Test mtune=generic - Success
#13 8.320 -- Configuring done
#13 8.326 -- Generating done
#13 8.336 -- Build files have been written to: /root/.hunter/_Base/bc7da32/332e262/145276e/Build/intx/Build/intx-Release-prefix/src/intx-Release-build
#13 8.344 [5/8] Performing build step for 'intx-Release'
#13 9.323 [1/2] Building CXX object lib/intx/CMakeFiles/intx.dir/div.cpp.o
#13 9.323 FAILED: lib/intx/CMakeFiles/intx.dir/div.cpp.o 
#13 9.323 /usr/local/bin/clang++  -I/root/.hunter/_Base/bc7da32/332e262/145276e/Build/intx/Source/include -O1 -fno-omit-frame-pointer -gline-tables-only -DFUZZING_BUILD_MODE_UNSAFE_FOR_PRODUCTION -stdlib=libc++ -O3 -DNDEBUG -fPIC -pedantic -Werror -Wall -Wextra -Wshadow -Wconversion -Wsign-conversion -Wno-unknown-pragmas -fno-stack-protector -Wimplicit-fallthrough -mtune=generic -std=c++17 -MD -MT lib/intx/CMakeFiles/intx.dir/div.cpp.o -MF lib/intx/CMakeFiles/intx.dir/div.cpp.o.d -o lib/intx/CMakeFiles/intx.dir/div.cpp.o -c /root/.hunter/_Base/bc7da32/332e262/145276e/Build/intx/Source/lib/intx/div.cpp
#13 9.323 In file included from /root/.hunter/_Base/bc7da32/332e262/145276e/Build/intx/Source/lib/intx/div.cpp:5:
#13 9.323 In file included from /root/.hunter/_Base/bc7da32/332e262/145276e/Build/intx/Source/lib/intx/div.hpp:7:
#13 9.323 /root/.hunter/_Base/bc7da32/332e262/145276e/Build/intx/Source/include/intx/intx.hpp:217:12: error: use of bitwise '|' with boolean operands [-Werror,-Wbitwise-instead-of-logical]
#13 9.323     return (a.hi < b.hi) | ((a.hi == b.hi) & (a.lo < b.lo));
#13 9.323            ^~~~~~~~~~~~~~~~~~~~~~~~~~~~~~~~~~~~~~~~~~~~~~~~
#13 9.323                          ||
#13 9.323 /root/.hunter/_Base/bc7da32/332e262/145276e/Build/intx/Source/include/intx/intx.hpp:224:14: note: in instantiation of function template specialization 'intx::operator<<256U>' requested here
#13 9.323     return x < uint<N>(y);
#13 9.323              ^
#13 9.323 /root/.hunter/_Base/bc7da32/332e262/145276e/Build/intx/Source/include/intx/int128.hpp:773:15: note: in instantiation of function template specialization 'intx::operator<<256U, int, void>' requested here
#13 9.323         if (x < d)
#13 9.323               ^
#13 9.323 /root/.hunter/_Base/bc7da32/332e262/145276e/Build/intx/Source/include/intx/intx.hpp:961:12: note: in instantiation of function template specialization 'intx::from_string<intx::uint<256>>' requested here
#13 9.323     return from_string<uint256>(s);
#13 9.323            ^
#13 9.323 /root/.hunter/_Base/bc7da32/332e262/145276e/Build/intx/Source/include/intx/intx.hpp:217:12: note: cast one or both operands to int to silence this warning
#13 9.323     return (a.hi < b.hi) | ((a.hi == b.hi) & (a.lo < b.lo));
#13 9.323            ^
#13 9.323 /root/.hunter/_Base/bc7da32/332e262/145276e/Build/intx/Source/include/intx/intx.hpp:217:29: error: use of bitwise '&' with boolean operands [-Werror,-Wbitwise-instead-of-logical]
#13 9.323     return (a.hi < b.hi) | ((a.hi == b.hi) & (a.lo < b.lo));
#13 9.323                            ~^~~~~~~~~~~~~~~~~~~~~~~~~~~~~~~
#13 9.323                                            &&
#13 9.323 /root/.hunter/_Base/bc7da32/332e262/145276e/Build/intx/Source/include/intx/intx.hpp:217:29: note: cast one or both operands to int to silence this warning
#13 9.323 /root/.hunter/_Base/bc7da32/332e262/145276e/Build/intx/Source/include/intx/intx.hpp:172:12: error: use of bitwise '&' with boolean operands [-Werror,-Wbitwise-instead-of-logical]
#13 9.323     return (a.lo == b.lo) & (a.hi == b.hi);
#13 9.323            ^~~~~~~~~~~~~~~~~~~~~~~~~~~~~~~
#13 9.323                           &&
#13 9.323 /root/.hunter/_Base/bc7da32/332e262/145276e/Build/intx/Source/include/intx/intx.hpp:217:35: note: in instantiation of function template specialization 'intx::operator==<256U>' requested here
#13 9.323     return (a.hi < b.hi) | ((a.hi == b.hi) & (a.lo < b.lo));
#13 9.323                                   ^
#13 9.323 /root/.hunter/_Base/bc7da32/332e262/145276e/Build/intx/Source/include/intx/intx.hpp:224:14: note: in instantiation of function template specialization 'intx::operator<<512U>' requested here
#13 9.323     return x < uint<N>(y);
#13 9.323              ^
#13 9.323 /root/.hunter/_Base/bc7da32/332e262/145276e/Build/intx/Source/include/intx/int128.hpp:773:15: note: in instantiation of function template specialization 'intx::operator<<512U, int, void>' requested here
#13 9.323         if (x < d)
#13 9.323               ^
#13 9.323 /root/.hunter/_Base/bc7da32/332e262/145276e/Build/intx/Source/include/intx/intx.hpp:966:12: note: in instantiation of function template specialization 'intx::from_string<intx::uint<512>>' requested here
#13 9.323     return from_string<uint512>(s);
#13 9.323            ^
#13 9.323 /root/.hunter/_Base/bc7da32/332e262/145276e/Build/intx/Source/include/intx/intx.hpp:172:12: note: cast one or both operands to int to silence this warning
#13 9.323     return (a.lo == b.lo) & (a.hi == b.hi);
#13 9.323            ^
#13 9.323 /root/.hunter/_Base/bc7da32/332e262/145276e/Build/intx/Source/include/intx/intx.hpp:217:12: error: use of bitwise '|' with boolean operands [-Werror,-Wbitwise-instead-of-logical]
#13 9.323     return (a.hi < b.hi) | ((a.hi == b.hi) & (a.lo < b.lo));
#13 9.323            ^~~~~~~~~~~~~~~~~~~~~~~~~~~~~~~~~~~~~~~~~~~~~~~~
#13 9.323                          ||
#13 9.323 /root/.hunter/_Base/bc7da32/332e262/145276e/Build/intx/Source/include/intx/intx.hpp:224:14: note: in instantiation of function template specialization 'intx::operator<<512U>' requested here
#13 9.323     return x < uint<N>(y);
#13 9.323              ^
#13 9.323 /root/.hunter/_Base/bc7da32/332e262/145276e/Build/intx/Source/include/intx/int128.hpp:773:15: note: in instantiation of function template specialization 'intx::operator<<512U, int, void>' requested here
#13 9.323         if (x < d)
#13 9.323               ^
#13 9.323 /root/.hunter/_Base/bc7da32/332e262/145276e/Build/intx/Source/include/intx/intx.hpp:966:12: note: in instantiation of function template specialization 'intx::from_string<intx::uint<512>>' requested here
#13 9.323     return from_string<uint512>(s);
#13 9.323            ^
#13 9.323 /root/.hunter/_Base/bc7da32/332e262/145276e/Build/intx/Source/include/intx/intx.hpp:217:12: note: cast one or both operands to int to silence this warning
#13 9.323     return (a.hi < b.hi) | ((a.hi == b.hi) & (a.lo < b.lo));
#13 9.323            ^
#13 9.323 /root/.hunter/_Base/bc7da32/332e262/145276e/Build/intx/Source/include/intx/intx.hpp:217:29: error: use of bitwise '&' with boolean operands [-Werror,-Wbitwise-instead-of-logical]
#13 9.323     return (a.hi < b.hi) | ((a.hi == b.hi) & (a.lo < b.lo));
#13 9.323                            ~^~~~~~~~~~~~~~~~~~~~~~~~~~~~~~~
#13 9.323                                            &&
#13 9.323 /root/.hunter/_Base/bc7da32/332e262/145276e/Build/intx/Source/include/intx/intx.hpp:217:29: note: cast one or both operands to int to silence this warning
#13 9.323 5 errors generated.
#13 9.323 ninja: build stopped: subcommand failed.
#13 9.324 FAILED: intx-Release-prefix/src/intx-Release-stamp/intx-Release-build /root/.hunter/_Base/bc7da32/332e262/145276e/Build/intx/Build/intx-Release-prefix/src/intx-Release-stamp/intx-Release-build 
#13 9.324 cd /root/.hunter/_Base/bc7da32/332e262/145276e/Build/intx/Build/intx-Release-prefix/src/intx-Release-build && /usr/local/bin/cmake --build . --config Release -- -j8 && /usr/local/bin/cmake -E touch /root/.hunter/_Base/bc7da32/332e262/145276e/Build/intx/Build/intx-Release-prefix/src/intx-Release-stamp/intx-Release-build
#13 9.324 ninja: build stopped: subcommand failed.
#13 9.325 
#13 9.325 [hunter ** FATAL ERROR **] Build step failed (dir: /root/.hunter/_Base/bc7da32/332e262/145276e/Build/intx
#13 9.325 [hunter ** FATAL ERROR **] [Directory:/root/.hunter/_Base/Download/Hunter/0.23.190/bc7da32/Unpacked/cmake/projects/intx]
#13 9.326 
#13 9.326 ------------------------------ ERROR -----------------------------
#13 9.326     https://docs.hunter.sh/en/latest/reference/errors/error.external.build.failed.html
#13 9.326 ------------------------------------------------------------------
#13 9.326 
#13 9.326 CMake Error at /root/.hunter/_Base/Download/Hunter/0.23.190/bc7da32/Unpacked/cmake/modules/hunter_error_page.cmake:12 (message):
#13 9.326 Call Stack (most recent call first):
#13 9.326   /root/.hunter/_Base/Download/Hunter/0.23.190/bc7da32/Unpacked/cmake/modules/hunter_fatal_error.cmake:20 (hunter_error_page)
#13 9.326   /root/.hunter/_Base/Download/Hunter/0.23.190/bc7da32/Unpacked/cmake/modules/hunter_download.cmake:617 (hunter_fatal_error)
#13 9.326   /root/.hunter/_Base/Download/Hunter/0.23.190/bc7da32/Unpacked/cmake/projects/intx/hunter.cmake:43 (hunter_download)
#13 9.326   /root/.hunter/_Base/Download/Hunter/0.23.190/bc7da32/Unpacked/cmake/modules/hunter_add_package.cmake:62 (include)
#13 9.326   lib/evmone/CMakeLists.txt:7 (hunter_add_package)
#13 9.326 
#13 9.326 
#13 9.327 -- Configuring incomplete, errors occurred!
#13 9.327 See also "/src/evmone/build/CMakeFiles/CMakeOutput.log".
#13 9.342 ninja: error: loading 'build.ninja': No such file or directory
#13 9.344 ninja: error: loading 'build.ninja': No such file or directory
#13 ERROR: executor failed running [/bin/sh -c cd $SRC/evmone;     mkdir -p build;     cd build;     cmake .. -G Ninja -DBUILD_SHARED_LIBS=OFF -DCMAKE_INSTALL_PREFIX="/usr";     ninja;     ninja install;]: exit code: 1
------
 > importing cache manifest from gcr.io/fuzzbench/builders/benchmark/solidity_solidity:
------
------
 > [ 9/11] RUN cd /src/evmone;     mkdir -p build;     cd build;     cmake .. -G Ninja -DBUILD_SHARED_LIBS=OFF -DCMAKE_INSTALL_PREFIX="/usr";     ninja;     ninja install;:
------
executor failed running [/bin/sh -c cd $SRC/evmone;     mkdir -p build;     cd build;     cmake .. -G Ninja -DBUILD_SHARED_LIBS=OFF -DCMAKE_INSTALL_PREFIX="/usr";     ninja;     ninja install;]: exit code: 1
make: *** [docker/generated.mk:62595: .solidity_solidity-project-builder] Error 1
