WARNING:root:gcloud not found in PATH.
INFO:root:Successfully integrated benchmark: dropbear_dropbear.
INFO:root:Please run "make test-run-afl-dropbear_dropbear" to test integration.
#2 [internal] load .dockerignore
#2 sha256:575dffd7919cab8e49c6f9c63ea0c8a7e7390ede112854507b4ffad41bd1cdec
#2 transferring context:
#2 ...

#1 [internal] load build definition from Dockerfile
#1 sha256:da0d9d976db94066b3327d18b5b831a295154e7b55a55d6fe92175f785e6e7a2
#1 transferring dockerfile: 1.02kB done
#1 DONE 0.1s

#2 [internal] load .dockerignore
#2 sha256:575dffd7919cab8e49c6f9c63ea0c8a7e7390ede112854507b4ffad41bd1cdec
#2 transferring context: 2B done
#2 DONE 0.2s

#3 [internal] load metadata for gcr.io/oss-fuzz-base/base-builder:latest
#3 sha256:f10dc39cc9d418a5bc416dead31a1902b6821fdae909cd3b08f7a3fd1faba7b5
#3 DONE 0.5s

#10 [internal] load build context
#10 sha256:a7869a0c05bcc3c32f19caca06d996fc5bbbf781e710549deaa7f53627e3a91b
#10 DONE 0.0s

#5 [1/6] FROM gcr.io/oss-fuzz-base/base-builder@sha256:41d7bbe7827592680a606c9bba1aeb6e23c7502ce8b633923b06542f4c706e7c
#5 sha256:660db69324ed478291dd329cbbfe422dccbc173f9ab806c069fac341073eab8c
#5 DONE 0.0s

#4 importing cache manifest from gcr.io/fuzzbench/builders/benchmark/dropbear_dropbear
#4 sha256:9b6ebc940f529bb995d1e3c2ea7f0c36eab9fbf890b01dbd4c2e12ee4d01946f
#4 ERROR: gcr.io/fuzzbench/builders/benchmark/dropbear_dropbear:latest: not found

#6 [2/6] RUN apt-get update && apt-get install -y libz-dev autoconf mercurial
#6 sha256:9396007736732ac0beaa588e2c5debc7262024a43f888f2eddacd5994b5115fb
#6 CACHED

#10 [internal] load build context
#10 sha256:a7869a0c05bcc3c32f19caca06d996fc5bbbf781e710549deaa7f53627e3a91b
#10 transferring context: 1.14kB done
#10 DONE 0.2s

#7 [3/6] RUN hg clone https://secure.ucc.asn.au/hg/dropbear dropbear
#7 sha256:d6c0f70da44331050117c6a20fdf640858b3a909b45e420ded63793b58e630b3
#7 132.2 abort: error: Connection timed out
#7 ERROR: executor failed running [/bin/sh -c hg clone https://secure.ucc.asn.au/hg/dropbear dropbear]: exit code: 255
------
 > importing cache manifest from gcr.io/fuzzbench/builders/benchmark/dropbear_dropbear:
------
------
 > [3/6] RUN hg clone https://secure.ucc.asn.au/hg/dropbear dropbear:
------
executor failed running [/bin/sh -c hg clone https://secure.ucc.asn.au/hg/dropbear dropbear]: exit code: 255
make: *** [docker/generated.mk:12245: .dropbear_dropbear-project-builder] Error 1
/bin/sh: 1: source: not found
#1 [internal] load build definition from Dockerfile
#1 sha256:01cd3f1f61349cc04934e83fb926360a005574035585da017873741c2e58bb60
#1 transferring dockerfile: 32B done
#1 DONE 0.1s

#2 [internal] load .dockerignore
#2 sha256:2468b6b30ef33c4d962df5216a559f0740fe36108dd607af300cb175dbdae6b3
#2 transferring context: 2B done
#2 DONE 0.1s

#3 [internal] load metadata for gcr.io/oss-fuzz-base/base-builder:latest
#3 sha256:f10dc39cc9d418a5bc416dead31a1902b6821fdae909cd3b08f7a3fd1faba7b5
#3 DONE 0.5s

#10 [internal] load build context
#10 sha256:a3fe821d702e4e8e1c8c14575788662553df3cdf0f9e0f68cdc6b399b7e00c34
#10 DONE 0.0s

#5 [1/6] FROM gcr.io/oss-fuzz-base/base-builder@sha256:41d7bbe7827592680a606c9bba1aeb6e23c7502ce8b633923b06542f4c706e7c
#5 sha256:660db69324ed478291dd329cbbfe422dccbc173f9ab806c069fac341073eab8c
#5 DONE 0.0s

#4 importing cache manifest from gcr.io/fuzzbench/builders/benchmark/dropbear_dropbear
#4 sha256:9b6ebc940f529bb995d1e3c2ea7f0c36eab9fbf890b01dbd4c2e12ee4d01946f
#4 ERROR: gcr.io/fuzzbench/builders/benchmark/dropbear_dropbear:latest: not found

#6 [2/6] RUN apt-get update && apt-get install -y libz-dev autoconf mercurial
#6 sha256:9396007736732ac0beaa588e2c5debc7262024a43f888f2eddacd5994b5115fb
#6 CACHED

#10 [internal] load build context
#10 sha256:a3fe821d702e4e8e1c8c14575788662553df3cdf0f9e0f68cdc6b399b7e00c34
#10 transferring context: 30B done
#10 DONE 0.1s

#7 [3/6] RUN hg clone https://secure.ucc.asn.au/hg/dropbear dropbear
#7 sha256:d6c0f70da44331050117c6a20fdf640858b3a909b45e420ded63793b58e630b3
#7 130.6 abort: error: Connection timed out
#7 ERROR: executor failed running [/bin/sh -c hg clone https://secure.ucc.asn.au/hg/dropbear dropbear]: exit code: 255
------
 > importing cache manifest from gcr.io/fuzzbench/builders/benchmark/dropbear_dropbear:
------
------
 > [3/6] RUN hg clone https://secure.ucc.asn.au/hg/dropbear dropbear:
------
executor failed running [/bin/sh -c hg clone https://secure.ucc.asn.au/hg/dropbear dropbear]: exit code: 255
make: *** [docker/generated.mk:12245: .dropbear_dropbear-project-builder] Error 1
