WARNING:root:gcloud not found in PATH.
INFO:root:Successfully integrated benchmark: dragonfly_dragonfly.
INFO:root:Please run "make test-run-afl-dragonfly_dragonfly" to test integration.
#1 [internal] load build definition from Dockerfile
#1 sha256:d59a01b6bf78cd00386a514f33d1a2d853e95ed66f5824ecdcf78c03c52b3b13
#1 transferring dockerfile: 1.29kB done
#1 DONE 0.3s

#2 [internal] load .dockerignore
#2 sha256:4c27bc4e25542dafb777f7b3fca3e056e59823f9badb0adf2e1a15cd2cb37620
#2 transferring context: 2B done
#2 DONE 0.3s

#3 [internal] load metadata for gcr.io/oss-fuzz-base/base-builder:latest
#3 sha256:f10dc39cc9d418a5bc416dead31a1902b6821fdae909cd3b08f7a3fd1faba7b5
#3 DONE 0.4s

#8 [internal] load build context
#8 sha256:6c7759dba54eeeb6b44dd5b256fb4525fec94e6c9a4c9821e57b3ea8d1663e9a
#8 DONE 0.0s

#5 [1/5] FROM gcr.io/oss-fuzz-base/base-builder@sha256:4ad017ca53699eda684c1c444948c93a4af848fe34baee3a765d3c4693fe6a56
#5 sha256:3f10b3978a3951f6e2692fa5e5890ee5a755650381dedece7198ed0b1dcdaa8c
#5 DONE 0.0s

#4 importing cache manifest from gcr.io/fuzzbench/builders/benchmark/dragonfly_dragonfly
#4 sha256:cd263b4dc9f6abfa5607ea282d02f5369418f24915da457f51b057e5b7b3833a
#4 ERROR: gcr.io/fuzzbench/builders/benchmark/dragonfly_dragonfly:latest: not found

#5 [1/5] FROM gcr.io/oss-fuzz-base/base-builder@sha256:4ad017ca53699eda684c1c444948c93a4af848fe34baee3a765d3c4693fe6a56
#5 sha256:3f10b3978a3951f6e2692fa5e5890ee5a755650381dedece7198ed0b1dcdaa8c
#5 CACHED

#8 [internal] load build context
#8 sha256:6c7759dba54eeeb6b44dd5b256fb4525fec94e6c9a4c9821e57b3ea8d1663e9a
#8 transferring context: 1.17kB done
#8 DONE 0.1s

#6 [2/5] RUN go get	github.com/go-openapi/swag 		github.com/go-openapi/validate 		gopkg.in/warnings.v0 		github.com/gorilla/mux 		github.com/prometheus/client_golang/prometheus 		github.com/pkg/errors 		github.com/sirupsen/logrus 		gopkg.in/gcfg.v1 		github.com/valyala/fasthttp 		gopkg.in/natefinch/lumberjack.v2 		github.com/emirpasic/gods/maps/treemap 		github.com/emirpasic/gods/utils 		github.com/willf/bitset
#6 sha256:3ba6aa96ee528b11ca85daa0d477f47c0ecc41d2cab31050a86aedadbc081ffa
#6 0.456 /bin/sh: 1: go: not found
#6 ERROR: executor failed running [/bin/sh -c go get	github.com/go-openapi/swag 		github.com/go-openapi/validate 		gopkg.in/warnings.v0 		github.com/gorilla/mux 		github.com/prometheus/client_golang/prometheus 		github.com/pkg/errors 		github.com/sirupsen/logrus 		gopkg.in/gcfg.v1 		github.com/valyala/fasthttp 		gopkg.in/natefinch/lumberjack.v2 		github.com/emirpasic/gods/maps/treemap 		github.com/emirpasic/gods/utils 		github.com/willf/bitset]: exit code: 127
------
 > importing cache manifest from gcr.io/fuzzbench/builders/benchmark/dragonfly_dragonfly:
------
------
 > [2/5] RUN go get	github.com/go-openapi/swag 		github.com/go-openapi/validate 		gopkg.in/warnings.v0 		github.com/gorilla/mux 		github.com/prometheus/client_golang/prometheus 		github.com/pkg/errors 		github.com/sirupsen/logrus 		gopkg.in/gcfg.v1 		github.com/valyala/fasthttp 		gopkg.in/natefinch/lumberjack.v2 		github.com/emirpasic/gods/maps/treemap 		github.com/emirpasic/gods/utils 		github.com/willf/bitset:
------
executor failed running [/bin/sh -c go get	github.com/go-openapi/swag 		github.com/go-openapi/validate 		gopkg.in/warnings.v0 		github.com/gorilla/mux 		github.com/prometheus/client_golang/prometheus 		github.com/pkg/errors 		github.com/sirupsen/logrus 		gopkg.in/gcfg.v1 		github.com/valyala/fasthttp 		gopkg.in/natefinch/lumberjack.v2 		github.com/emirpasic/gods/maps/treemap 		github.com/emirpasic/gods/utils 		github.com/willf/bitset]: exit code: 127
make: *** [docker/generated.mk:11971: .dragonfly_dragonfly-project-builder] Error 1
/bin/sh: 1: source: not found
#1 [internal] load build definition from Dockerfile
#1 sha256:7bffe8a5342c7797bf150ab064c4588cfd772cdf469fd8911769f4ee8e4d7e3f
#1 transferring dockerfile: 32B done
#1 DONE 0.1s

#2 [internal] load .dockerignore
#2 sha256:c927ec00b16847004990cfda0e67fee9c0980d7da163fa9a891ffd8212f0d8bb
#2 transferring context: 2B done
#2 DONE 0.1s

#3 [internal] load metadata for gcr.io/oss-fuzz-base/base-builder:latest
#3 sha256:f10dc39cc9d418a5bc416dead31a1902b6821fdae909cd3b08f7a3fd1faba7b5
#3 DONE 0.4s

#8 [internal] load build context
#8 sha256:0fb0c1ffe0318b2c78dbf9a5c39e179f0a47b5e23aa34df479fce930bee14263
#8 DONE 0.0s

#5 [1/5] FROM gcr.io/oss-fuzz-base/base-builder@sha256:4ad017ca53699eda684c1c444948c93a4af848fe34baee3a765d3c4693fe6a56
#5 sha256:3f10b3978a3951f6e2692fa5e5890ee5a755650381dedece7198ed0b1dcdaa8c
#5 DONE 0.0s

#4 importing cache manifest from gcr.io/fuzzbench/builders/benchmark/dragonfly_dragonfly
#4 sha256:cd263b4dc9f6abfa5607ea282d02f5369418f24915da457f51b057e5b7b3833a
#4 ERROR: gcr.io/fuzzbench/builders/benchmark/dragonfly_dragonfly:latest: not found

#5 [1/5] FROM gcr.io/oss-fuzz-base/base-builder@sha256:4ad017ca53699eda684c1c444948c93a4af848fe34baee3a765d3c4693fe6a56
#5 sha256:3f10b3978a3951f6e2692fa5e5890ee5a755650381dedece7198ed0b1dcdaa8c
#5 CACHED

#8 [internal] load build context
#8 sha256:0fb0c1ffe0318b2c78dbf9a5c39e179f0a47b5e23aa34df479fce930bee14263
#8 transferring context: 30B done
#8 DONE 0.1s

#6 [2/5] RUN go get	github.com/go-openapi/swag 		github.com/go-openapi/validate 		gopkg.in/warnings.v0 		github.com/gorilla/mux 		github.com/prometheus/client_golang/prometheus 		github.com/pkg/errors 		github.com/sirupsen/logrus 		gopkg.in/gcfg.v1 		github.com/valyala/fasthttp 		gopkg.in/natefinch/lumberjack.v2 		github.com/emirpasic/gods/maps/treemap 		github.com/emirpasic/gods/utils 		github.com/willf/bitset
#6 sha256:3ba6aa96ee528b11ca85daa0d477f47c0ecc41d2cab31050a86aedadbc081ffa
#6 0.534 /bin/sh: 1: go: not found
#6 ERROR: executor failed running [/bin/sh -c go get	github.com/go-openapi/swag 		github.com/go-openapi/validate 		gopkg.in/warnings.v0 		github.com/gorilla/mux 		github.com/prometheus/client_golang/prometheus 		github.com/pkg/errors 		github.com/sirupsen/logrus 		gopkg.in/gcfg.v1 		github.com/valyala/fasthttp 		gopkg.in/natefinch/lumberjack.v2 		github.com/emirpasic/gods/maps/treemap 		github.com/emirpasic/gods/utils 		github.com/willf/bitset]: exit code: 127
------
 > importing cache manifest from gcr.io/fuzzbench/builders/benchmark/dragonfly_dragonfly:
------
------
 > [2/5] RUN go get	github.com/go-openapi/swag 		github.com/go-openapi/validate 		gopkg.in/warnings.v0 		github.com/gorilla/mux 		github.com/prometheus/client_golang/prometheus 		github.com/pkg/errors 		github.com/sirupsen/logrus 		gopkg.in/gcfg.v1 		github.com/valyala/fasthttp 		gopkg.in/natefinch/lumberjack.v2 		github.com/emirpasic/gods/maps/treemap 		github.com/emirpasic/gods/utils 		github.com/willf/bitset:
------
executor failed running [/bin/sh -c go get	github.com/go-openapi/swag 		github.com/go-openapi/validate 		gopkg.in/warnings.v0 		github.com/gorilla/mux 		github.com/prometheus/client_golang/prometheus 		github.com/pkg/errors 		github.com/sirupsen/logrus 		gopkg.in/gcfg.v1 		github.com/valyala/fasthttp 		gopkg.in/natefinch/lumberjack.v2 		github.com/emirpasic/gods/maps/treemap 		github.com/emirpasic/gods/utils 		github.com/willf/bitset]: exit code: 127
make: *** [docker/generated.mk:11971: .dragonfly_dragonfly-project-builder] Error 1
