WARNING:root:gcloud not found in PATH.
INFO:root:Successfully integrated benchmark: fastjson_fastjson.
INFO:root:Please run "make test-run-afl-fastjson_fastjson" to test integration.
#2 [internal] load .dockerignore
#2 sha256:f49e5d5ec2e7c3b34eff4c09601c565496bb7e931ce570153b964ecda83d3b82
#2 transferring context: 2B done
#2 DONE 0.4s

#1 [internal] load build definition from Dockerfile
#1 sha256:41fa2697b6b933cf8f0b5844f67a3ea8116883fb3d5d6e7d3a1369ec8ffb75fe
#1 transferring dockerfile: 812B done
#1 DONE 0.5s

#3 [internal] load metadata for gcr.io/oss-fuzz-base/base-builder:latest
#3 sha256:f10dc39cc9d418a5bc416dead31a1902b6821fdae909cd3b08f7a3fd1faba7b5
#3 DONE 0.4s

#7 [internal] load build context
#7 sha256:457f408f6319ae07ffd39af464e218335f0d8813f53e67e2cb9bceb80c2d1275
#7 DONE 0.0s

#5 [1/4] FROM gcr.io/oss-fuzz-base/base-builder@sha256:112044a9815d235113677d459cf2ece740a51f2b85081c8f66943dcdc72ddf7f
#5 sha256:4aee4bf9f7280ac8b7f02b8d29e6e084dd034d2c294b4e3e05d8ce7048a1450f
#5 DONE 0.0s

#4 importing cache manifest from gcr.io/fuzzbench/builders/benchmark/fastjson_fastjson
#4 sha256:2f25de89ff5734f373a544e5f0d2329bbbfb3552179f8bc66c6e3bcd45c9adc3
#4 ERROR: gcr.io/fuzzbench/builders/benchmark/fastjson_fastjson:latest: not found

#5 [1/4] FROM gcr.io/oss-fuzz-base/base-builder@sha256:112044a9815d235113677d459cf2ece740a51f2b85081c8f66943dcdc72ddf7f
#5 sha256:4aee4bf9f7280ac8b7f02b8d29e6e084dd034d2c294b4e3e05d8ce7048a1450f
#5 CACHED

#7 [internal] load build context
#7 sha256:457f408f6319ae07ffd39af464e218335f0d8813f53e67e2cb9bceb80c2d1275
#7 transferring context: 770B done
#7 DONE 0.0s

#6 [2/4] RUN go get github.com/valyala/fastjson
#6 sha256:e10629107e606b87f4a7fba36407b2e242865d0cb109534597baa5c258ac8b5b
#6 0.349 /bin/sh: 1: go: not found
#6 ERROR: executor failed running [/bin/sh -c go get github.com/valyala/fastjson]: exit code: 127
------
 > importing cache manifest from gcr.io/fuzzbench/builders/benchmark/fastjson_fastjson:
------
------
 > [2/4] RUN go get github.com/valyala/fastjson:
------
executor failed running [/bin/sh -c go get github.com/valyala/fastjson]: exit code: 127
make: *** [docker/generated.mk:14292: .fastjson_fastjson-project-builder] Error 1
/bin/sh: 1: source: not found
#1 [internal] load build definition from Dockerfile
#1 sha256:2f406bb61ff41c2ce46a00b494004b7b20f06d44c394ead0d796a33cbff3fa28
#1 transferring dockerfile: 32B done
#1 DONE 0.1s

#2 [internal] load .dockerignore
#2 sha256:f079be6aef7027971b86c9dff420ba83f84b4dab2cb0c315c5b7cf8290863be9
#2 transferring context: 2B done
#2 DONE 0.1s

#3 [internal] load metadata for gcr.io/oss-fuzz-base/base-builder:latest
#3 sha256:f10dc39cc9d418a5bc416dead31a1902b6821fdae909cd3b08f7a3fd1faba7b5
#3 DONE 0.4s

#7 [internal] load build context
#7 sha256:2648dca14a0a139956c8ebc18b32048cc3e9219db70dbfa74391aae54796f62e
#7 DONE 0.0s

#5 [1/4] FROM gcr.io/oss-fuzz-base/base-builder@sha256:112044a9815d235113677d459cf2ece740a51f2b85081c8f66943dcdc72ddf7f
#5 sha256:4aee4bf9f7280ac8b7f02b8d29e6e084dd034d2c294b4e3e05d8ce7048a1450f
#5 DONE 0.0s

#4 importing cache manifest from gcr.io/fuzzbench/builders/benchmark/fastjson_fastjson
#4 sha256:2f25de89ff5734f373a544e5f0d2329bbbfb3552179f8bc66c6e3bcd45c9adc3
#4 ERROR: gcr.io/fuzzbench/builders/benchmark/fastjson_fastjson:latest: not found

#5 [1/4] FROM gcr.io/oss-fuzz-base/base-builder@sha256:112044a9815d235113677d459cf2ece740a51f2b85081c8f66943dcdc72ddf7f
#5 sha256:4aee4bf9f7280ac8b7f02b8d29e6e084dd034d2c294b4e3e05d8ce7048a1450f
#5 CACHED

#7 [internal] load build context
#7 sha256:2648dca14a0a139956c8ebc18b32048cc3e9219db70dbfa74391aae54796f62e
#7 transferring context: 30B done
#7 DONE 0.0s

#6 [2/4] RUN go get github.com/valyala/fastjson
#6 sha256:e10629107e606b87f4a7fba36407b2e242865d0cb109534597baa5c258ac8b5b
#6 0.350 /bin/sh: 1: go: not found
#6 ERROR: executor failed running [/bin/sh -c go get github.com/valyala/fastjson]: exit code: 127
------
 > importing cache manifest from gcr.io/fuzzbench/builders/benchmark/fastjson_fastjson:
------
------
 > [2/4] RUN go get github.com/valyala/fastjson:
------
executor failed running [/bin/sh -c go get github.com/valyala/fastjson]: exit code: 127
make: *** [docker/generated.mk:14292: .fastjson_fastjson-project-builder] Error 1
