WARNING:root:gcloud not found in PATH.
INFO:root:Successfully integrated benchmark: woff2_woff2.
INFO:root:Please run "make test-run-afl-woff2_woff2" to test integration.
#1 [internal] load build definition from Dockerfile
#1 sha256:2584587832854e81a08c200a424c949b0e2d9aadd325d013b102a1bbd195a793
#1 transferring dockerfile: 32B done
#1 DONE 0.1s

#2 [internal] load .dockerignore
#2 sha256:4ec340faf7f22d7790a69a5cb7df084aea8e5c479f680d4cec8a4cf86d1f7f13
#2 transferring context: 2B done
#2 DONE 0.1s

#3 [internal] load metadata for docker.io/ossfuzz/base-builder:latest
#3 sha256:1658bfc7ad2874004d53499bde356cef1fa4607e1f39114a04764c3152a57b06
#3 ERROR: pull access denied, repository does not exist or may require authorization: server message: insufficient_scope: authorization failed
------
 > [internal] load metadata for docker.io/ossfuzz/base-builder:latest:
------
failed to solve with frontend dockerfile.v0: failed to create LLB definition: pull access denied, repository does not exist or may require authorization: server message: insufficient_scope: authorization failed
make: *** [docker/generated.mk:71682: .woff2_woff2-project-builder] Error 1
/bin/sh: 1: source: not found
#1 [internal] load build definition from Dockerfile
#1 sha256:7a281a40d6b2d59ec4dc150849f6e4ff0f59a66d1f099976044a5df275142d3d
#1 transferring dockerfile: 32B done
#1 DONE 0.0s

#2 [internal] load .dockerignore
#2 sha256:1850d8c9ee088929aff8beebf51ca193699aedbe2e16d7cf61e810c3b1ef9142
#2 transferring context: 2B done
#2 DONE 0.0s

#3 [internal] load metadata for docker.io/ossfuzz/base-builder:latest
#3 sha256:1658bfc7ad2874004d53499bde356cef1fa4607e1f39114a04764c3152a57b06
#3 ERROR: pull access denied, repository does not exist or may require authorization: server message: insufficient_scope: authorization failed
------
 > [internal] load metadata for docker.io/ossfuzz/base-builder:latest:
------
failed to solve with frontend dockerfile.v0: failed to create LLB definition: pull access denied, repository does not exist or may require authorization: server message: insufficient_scope: authorization failed
make: *** [docker/generated.mk:71682: .woff2_woff2-project-builder] Error 1
