WARNING:root:gcloud not found in PATH.
INFO:root:Successfully integrated benchmark: libass_libass_fuzzer.
INFO:root:Please run "make test-run-afl-libass_libass_fuzzer" to test integration.
#1 [internal] load build definition from Dockerfile
#1 sha256:c91f3abda6fb665c382007c456f692265177da4f7736eb378543136f259f25a7
#1 transferring dockerfile: 1.16kB done
#1 DONE 0.4s

#2 [internal] load .dockerignore
#2 sha256:c441e08a336a11cfe719505062e5b57b403efbb04a6c0fded747ca2b0b2cdae5
#2 transferring context: 2B done
#2 DONE 0.3s

#3 [internal] load metadata for gcr.io/oss-fuzz-base/base-builder:latest
#3 sha256:f10dc39cc9d418a5bc416dead31a1902b6821fdae909cd3b08f7a3fd1faba7b5
#3 DONE 0.6s

#10 [internal] load build context
#10 sha256:55199871961491e944f96e1be06522cc83418ed65719f385e558b89190583323
#10 DONE 0.0s

#5 [1/6] FROM gcr.io/oss-fuzz-base/base-builder@sha256:f4e5ea12494fab091c5d830cf803b3421f2860f729b9d1b07da44924396cf8cf
#5 sha256:ef290950573a2779ee526af357b28fbddfc20d7409aa51f58f777c9e972cba29
#5 DONE 0.0s

#4 importing cache manifest from gcr.io/fuzzbench/builders/benchmark/libass_libass_fuzzer
#4 sha256:94e868c30b6110f9921e8d56cb39d9df0a46df9e83ba60f712832a0443e6c581
#4 ERROR: gcr.io/fuzzbench/builders/benchmark/libass_libass_fuzzer:latest: not found

#5 [1/6] FROM gcr.io/oss-fuzz-base/base-builder@sha256:f4e5ea12494fab091c5d830cf803b3421f2860f729b9d1b07da44924396cf8cf
#5 sha256:ef290950573a2779ee526af357b28fbddfc20d7409aa51f58f777c9e972cba29
#5 CACHED

#10 [internal] load build context
#10 sha256:55199871961491e944f96e1be06522cc83418ed65719f385e558b89190583323
#10 transferring context: 1.82kB done
#10 DONE 0.2s

#6 [2/6] RUN apt-get update && apt-get install -y make autoconf automake libtool pkg-config libfreetype6-dev libfontconfig1-dev python3-pip &&     pip3 install meson==0.53.0 ninja
#6 sha256:9b0101c8fd45f69e8491379b8e34ab2b07e6074684289fa77cd2e49570f262d8
#6 0.875 Hit:1 http://ppa.launchpad.net/git-core/ppa/ubuntu focal InRelease
#6 0.875 Hit:2 http://archive.ubuntu.com/ubuntu focal InRelease
#6 0.875 Get:3 http://archive.ubuntu.com/ubuntu focal-updates InRelease [114 kB]
#6 0.875 Get:4 http://security.ubuntu.com/ubuntu focal-security InRelease [114 kB]
#6 0.972 Get:5 http://archive.ubuntu.com/ubuntu focal-backports InRelease [108 kB]
#6 1.416 Get:6 http://security.ubuntu.com/ubuntu focal-security/universe amd64 Packages [840 kB]
#6 1.532 Get:7 http://security.ubuntu.com/ubuntu focal-security/universe i386 Packages [657 kB]
#6 1.581 Get:8 http://security.ubuntu.com/ubuntu focal-security/main amd64 Packages [1546 kB]
#6 1.625 Get:9 http://archive.ubuntu.com/ubuntu focal-updates/universe amd64 Packages [1134 kB]
#6 1.834 Get:10 http://archive.ubuntu.com/ubuntu focal-updates/main i386 Packages [752 kB]
#6 1.890 Get:11 http://archive.ubuntu.com/ubuntu focal-updates/main amd64 Packages [1973 kB]
#6 2.036 Get:12 http://archive.ubuntu.com/ubuntu focal-updates/universe i386 Packages [827 kB]
#6 2.330 Fetched 8065 kB in 1s (5425 kB/s)
#6 2.330 Reading package lists...
#6 3.864 Reading package lists...
#6 5.282 Building dependency tree...
#6 5.493 Reading state information...
#6 5.705 make is already the newest version (4.2.1-1.2).
#6 5.705 make set to manually installed.
#6 5.705 The following additional packages will be installed:
#6 5.705   autotools-dev fontconfig-config fonts-dejavu-core libexpat1-dev
#6 5.705   libfontconfig1 libfreetype-dev libfreetype6 libltdl-dev libltdl7 libpng-dev
#6 5.706   libpng-tools libpng16-16 libpython3-dev libpython3.8 libpython3.8-dev
#6 5.706   libsigsegv2 m4 python-pip-whl python3-dev python3-distutils python3-lib2to3
#6 5.706   python3-setuptools python3-wheel python3.8-dev uuid-dev zlib1g-dev
#6 5.709 Suggested packages:
#6 5.709   autoconf-archive gnu-standards autoconf-doc gettext freetype2-doc
#6 5.709   libtool-doc gfortran | fortran95-compiler gcj-jdk m4-doc
#6 5.709   python-setuptools-doc
#6 5.866 The following NEW packages will be installed:
#6 5.867   autoconf automake autotools-dev fontconfig-config fonts-dejavu-core
#6 5.867   libexpat1-dev libfontconfig1 libfontconfig1-dev libfreetype-dev libfreetype6
#6 5.867   libfreetype6-dev libltdl-dev libltdl7 libpng-dev libpng-tools libpng16-16
#6 5.868   libpython3-dev libpython3.8 libpython3.8-dev libsigsegv2 libtool m4
#6 5.868   pkg-config python-pip-whl python3-dev python3-distutils python3-lib2to3
#6 5.869   python3-pip python3-setuptools python3-wheel python3.8-dev uuid-dev
#6 5.869   zlib1g-dev
#6 5.945 0 upgraded, 33 newly installed, 0 to remove and 2 not upgraded.
#6 5.945 Need to get 13.6 MB of archives.
#6 5.945 After this operation, 51.3 MB of additional disk space will be used.
#6 5.945 Get:1 http://archive.ubuntu.com/ubuntu focal/main amd64 libpng16-16 amd64 1.6.37-2 [179 kB]
#6 6.108 Get:2 http://archive.ubuntu.com/ubuntu focal/main amd64 libsigsegv2 amd64 2.12-2 [13.9 kB]
#6 6.108 Get:3 http://archive.ubuntu.com/ubuntu focal/main amd64 m4 amd64 1.4.18-4 [199 kB]
#6 6.111 Get:4 http://archive.ubuntu.com/ubuntu focal/main amd64 autoconf all 2.69-11.1 [321 kB]
#6 6.157 Get:5 http://archive.ubuntu.com/ubuntu focal/main amd64 autotools-dev all 20180224.1 [39.6 kB]
#6 6.160 Get:6 http://archive.ubuntu.com/ubuntu focal/main amd64 automake all 1:1.16.1-4ubuntu6 [522 kB]
#6 6.198 Get:7 http://archive.ubuntu.com/ubuntu focal/main amd64 fonts-dejavu-core all 2.37-1 [1041 kB]
#6 6.275 Get:8 http://archive.ubuntu.com/ubuntu focal/main amd64 fontconfig-config all 2.13.1-2ubuntu3 [28.8 kB]
#6 6.277 Get:9 http://archive.ubuntu.com/ubuntu focal/main amd64 libexpat1-dev amd64 2.2.9-1build1 [116 kB]
#6 6.286 Get:10 http://archive.ubuntu.com/ubuntu focal-updates/main amd64 libfreetype6 amd64 2.10.1-2ubuntu0.1 [341 kB]
#6 6.311 Get:11 http://archive.ubuntu.com/ubuntu focal/main amd64 libfontconfig1 amd64 2.13.1-2ubuntu3 [114 kB]
#6 6.320 Get:12 http://archive.ubuntu.com/ubuntu focal-updates/main amd64 zlib1g-dev amd64 1:1.2.11.dfsg-2ubuntu1.2 [155 kB]
#6 6.332 Get:13 http://archive.ubuntu.com/ubuntu focal/main amd64 libpng-dev amd64 1.6.37-2 [175 kB]
#6 6.735 Get:14 http://archive.ubuntu.com/ubuntu focal-updates/main amd64 libfreetype-dev amd64 2.10.1-2ubuntu0.1 [493 kB]
#6 6.742 Get:15 http://archive.ubuntu.com/ubuntu focal-updates/main amd64 libfreetype6-dev amd64 2.10.1-2ubuntu0.1 [9812 B]
#6 6.743 Get:16 http://archive.ubuntu.com/ubuntu focal-updates/main amd64 uuid-dev amd64 2.34-0.1ubuntu9.3 [33.6 kB]
#6 6.744 Get:17 http://archive.ubuntu.com/ubuntu focal/main amd64 pkg-config amd64 0.29.1-0ubuntu4 [45.5 kB]
#6 6.745 Get:18 http://archive.ubuntu.com/ubuntu focal/main amd64 libfontconfig1-dev amd64 2.13.1-2ubuntu3 [731 kB]
#6 6.753 Get:19 http://archive.ubuntu.com/ubuntu focal/main amd64 libltdl7 amd64 2.4.6-14 [38.5 kB]
#6 6.754 Get:20 http://archive.ubuntu.com/ubuntu focal/main amd64 libltdl-dev amd64 2.4.6-14 [162 kB]
#6 6.756 Get:21 http://archive.ubuntu.com/ubuntu focal/main amd64 libpng-tools amd64 1.6.37-2 [26.1 kB]
#6 6.757 Get:22 http://archive.ubuntu.com/ubuntu focal-updates/main amd64 libpython3.8 amd64 3.8.10-0ubuntu1~20.04.2 [1625 kB]
#6 6.783 Get:23 http://archive.ubuntu.com/ubuntu focal-updates/main amd64 libpython3.8-dev amd64 3.8.10-0ubuntu1~20.04.2 [3950 kB]
#6 7.055 Get:24 http://archive.ubuntu.com/ubuntu focal/main amd64 libpython3-dev amd64 3.8.2-0ubuntu2 [7236 B]
#6 7.055 Get:25 http://archive.ubuntu.com/ubuntu focal/main amd64 libtool all 2.4.6-14 [161 kB]
#6 7.066 Get:26 http://archive.ubuntu.com/ubuntu focal-updates/universe amd64 python-pip-whl all 20.0.2-5ubuntu1.6 [1805 kB]
#6 7.203 Get:27 http://archive.ubuntu.com/ubuntu focal-updates/main amd64 python3.8-dev amd64 3.8.10-0ubuntu1~20.04.2 [510 kB]
#6 7.239 Get:28 http://archive.ubuntu.com/ubuntu focal-updates/main amd64 python3-lib2to3 all 3.8.10-0ubuntu1~20.04 [76.3 kB]
#6 7.245 Get:29 http://archive.ubuntu.com/ubuntu focal-updates/main amd64 python3-distutils all 3.8.10-0ubuntu1~20.04 [141 kB]
#6 7.255 Get:30 http://archive.ubuntu.com/ubuntu focal/main amd64 python3-dev amd64 3.8.2-0ubuntu2 [1212 B]
#6 7.255 Get:31 http://archive.ubuntu.com/ubuntu focal/main amd64 python3-setuptools all 45.2.0-1 [330 kB]
#6 7.280 Get:32 http://archive.ubuntu.com/ubuntu focal/universe amd64 python3-wheel all 0.34.2-1 [23.8 kB]
#6 7.282 Get:33 http://archive.ubuntu.com/ubuntu focal-updates/universe amd64 python3-pip all 20.0.2-5ubuntu1.6 [231 kB]
#6 7.577 debconf: delaying package configuration, since apt-utils is not installed
#6 7.661 Fetched 13.6 MB in 1s (9628 kB/s)
#6 7.770 Selecting previously unselected package libpng16-16:amd64.
#6 7.770 (Reading database ... (Reading database ... 5%(Reading database ... 10%(Reading database ... 15%(Reading database ... 20%(Reading database ... 25%(Reading database ... 30%(Reading database ... 35%(Reading database ... 40%(Reading database ... 45%(Reading database ... 50%(Reading database ... 55%(Reading database ... 60%(Reading database ... 65%(Reading database ... 70%(Reading database ... 75%(Reading database ... 80%(Reading database ... 85%(Reading database ... 90%(Reading database ... 95%(Reading database ... 100%(Reading database ... 21291 files and directories currently installed.)
#6 7.791 Preparing to unpack .../00-libpng16-16_1.6.37-2_amd64.deb ...
#6 7.832 Unpacking libpng16-16:amd64 (1.6.37-2) ...
#6 7.995 Selecting previously unselected package libsigsegv2:amd64.
#6 7.999 Preparing to unpack .../01-libsigsegv2_2.12-2_amd64.deb ...
#6 8.017 Unpacking libsigsegv2:amd64 (2.12-2) ...
#6 8.171 Selecting previously unselected package m4.
#6 8.174 Preparing to unpack .../02-m4_1.4.18-4_amd64.deb ...
#6 8.201 Unpacking m4 (1.4.18-4) ...
#6 8.380 Selecting previously unselected package autoconf.
#6 8.383 Preparing to unpack .../03-autoconf_2.69-11.1_all.deb ...
#6 8.401 Unpacking autoconf (2.69-11.1) ...
#6 8.592 Selecting previously unselected package autotools-dev.
#6 8.594 Preparing to unpack .../04-autotools-dev_20180224.1_all.deb ...
#6 8.621 Unpacking autotools-dev (20180224.1) ...
#6 8.798 Selecting previously unselected package automake.
#6 8.801 Preparing to unpack .../05-automake_1%3a1.16.1-4ubuntu6_all.deb ...
#6 8.822 Unpacking automake (1:1.16.1-4ubuntu6) ...
#6 9.011 Selecting previously unselected package fonts-dejavu-core.
#6 9.014 Preparing to unpack .../06-fonts-dejavu-core_2.37-1_all.deb ...
#6 9.028 Unpacking fonts-dejavu-core (2.37-1) ...
#6 9.312 Selecting previously unselected package fontconfig-config.
#6 9.315 Preparing to unpack .../07-fontconfig-config_2.13.1-2ubuntu3_all.deb ...
#6 9.338 Unpacking fontconfig-config (2.13.1-2ubuntu3) ...
#6 9.444 Selecting previously unselected package libexpat1-dev:amd64.
#6 9.447 Preparing to unpack .../08-libexpat1-dev_2.2.9-1build1_amd64.deb ...
#6 9.461 Unpacking libexpat1-dev:amd64 (2.2.9-1build1) ...
#6 9.589 Selecting previously unselected package libfreetype6:amd64.
#6 9.593 Preparing to unpack .../09-libfreetype6_2.10.1-2ubuntu0.1_amd64.deb ...
#6 9.602 Unpacking libfreetype6:amd64 (2.10.1-2ubuntu0.1) ...
#6 9.737 Selecting previously unselected package libfontconfig1:amd64.
#6 9.740 Preparing to unpack .../10-libfontconfig1_2.13.1-2ubuntu3_amd64.deb ...
#6 9.749 Unpacking libfontconfig1:amd64 (2.13.1-2ubuntu3) ...
#6 9.835 Selecting previously unselected package zlib1g-dev:amd64.
#6 9.838 Preparing to unpack .../11-zlib1g-dev_1%3a1.2.11.dfsg-2ubuntu1.2_amd64.deb ...
#6 9.847 Unpacking zlib1g-dev:amd64 (1:1.2.11.dfsg-2ubuntu1.2) ...
#6 9.946 Selecting previously unselected package libpng-dev:amd64.
#6 9.949 Preparing to unpack .../12-libpng-dev_1.6.37-2_amd64.deb ...
#6 9.953 Unpacking libpng-dev:amd64 (1.6.37-2) ...
#6 10.05 Selecting previously unselected package libfreetype-dev:amd64.
#6 10.05 Preparing to unpack .../13-libfreetype-dev_2.10.1-2ubuntu0.1_amd64.deb ...
#6 10.06 Unpacking libfreetype-dev:amd64 (2.10.1-2ubuntu0.1) ...
#6 10.24 Selecting previously unselected package libfreetype6-dev:amd64.
#6 10.24 Preparing to unpack .../14-libfreetype6-dev_2.10.1-2ubuntu0.1_amd64.deb ...
#6 10.26 Unpacking libfreetype6-dev:amd64 (2.10.1-2ubuntu0.1) ...
#6 10.35 Selecting previously unselected package uuid-dev:amd64.
#6 10.35 Preparing to unpack .../15-uuid-dev_2.34-0.1ubuntu9.3_amd64.deb ...
#6 10.37 Unpacking uuid-dev:amd64 (2.34-0.1ubuntu9.3) ...
#6 10.46 Selecting previously unselected package pkg-config.
#6 10.46 Preparing to unpack .../16-pkg-config_0.29.1-0ubuntu4_amd64.deb ...
#6 10.47 Unpacking pkg-config (0.29.1-0ubuntu4) ...
#6 10.51 Selecting previously unselected package libfontconfig1-dev:amd64.
#6 10.51 Preparing to unpack .../17-libfontconfig1-dev_2.13.1-2ubuntu3_amd64.deb ...
#6 10.52 Unpacking libfontconfig1-dev:amd64 (2.13.1-2ubuntu3) ...
#6 10.61 Selecting previously unselected package libltdl7:amd64.
#6 10.61 Preparing to unpack .../18-libltdl7_2.4.6-14_amd64.deb ...
#6 10.61 Unpacking libltdl7:amd64 (2.4.6-14) ...
#6 10.65 Selecting previously unselected package libltdl-dev:amd64.
#6 10.66 Preparing to unpack .../19-libltdl-dev_2.4.6-14_amd64.deb ...
#6 10.66 Unpacking libltdl-dev:amd64 (2.4.6-14) ...
#6 10.72 Selecting previously unselected package libpng-tools.
#6 10.72 Preparing to unpack .../20-libpng-tools_1.6.37-2_amd64.deb ...
#6 10.73 Unpacking libpng-tools (1.6.37-2) ...
#6 10.77 Selecting previously unselected package libpython3.8:amd64.
#6 10.77 Preparing to unpack .../21-libpython3.8_3.8.10-0ubuntu1~20.04.2_amd64.deb ...
#6 10.78 Unpacking libpython3.8:amd64 (3.8.10-0ubuntu1~20.04.2) ...
#6 11.00 Selecting previously unselected package libpython3.8-dev:amd64.
#6 11.00 Preparing to unpack .../22-libpython3.8-dev_3.8.10-0ubuntu1~20.04.2_amd64.deb ...
#6 11.01 Unpacking libpython3.8-dev:amd64 (3.8.10-0ubuntu1~20.04.2) ...
#6 11.71 Selecting previously unselected package libpython3-dev:amd64.
#6 11.72 Preparing to unpack .../23-libpython3-dev_3.8.2-0ubuntu2_amd64.deb ...
#6 11.75 Unpacking libpython3-dev:amd64 (3.8.2-0ubuntu2) ...
#6 12.00 Selecting previously unselected package libtool.
#6 12.00 Preparing to unpack .../24-libtool_2.4.6-14_all.deb ...
#6 12.03 Unpacking libtool (2.4.6-14) ...
#6 12.17 Selecting previously unselected package python-pip-whl.
#6 12.17 Preparing to unpack .../25-python-pip-whl_20.0.2-5ubuntu1.6_all.deb ...
#6 12.19 Unpacking python-pip-whl (20.0.2-5ubuntu1.6) ...
#6 12.40 Selecting previously unselected package python3.8-dev.
#6 12.41 Preparing to unpack .../26-python3.8-dev_3.8.10-0ubuntu1~20.04.2_amd64.deb ...
#6 12.42 Unpacking python3.8-dev (3.8.10-0ubuntu1~20.04.2) ...
#6 12.53 Selecting previously unselected package python3-lib2to3.
#6 12.54 Preparing to unpack .../27-python3-lib2to3_3.8.10-0ubuntu1~20.04_all.deb ...
#6 12.55 Unpacking python3-lib2to3 (3.8.10-0ubuntu1~20.04) ...
#6 12.73 Selecting previously unselected package python3-distutils.
#6 12.74 Preparing to unpack .../28-python3-distutils_3.8.10-0ubuntu1~20.04_all.deb ...
#6 12.75 Unpacking python3-distutils (3.8.10-0ubuntu1~20.04) ...
#6 12.88 Selecting previously unselected package python3-dev.
#6 12.89 Preparing to unpack .../29-python3-dev_3.8.2-0ubuntu2_amd64.deb ...
#6 12.90 Unpacking python3-dev (3.8.2-0ubuntu2) ...
#6 13.01 Selecting previously unselected package python3-setuptools.
#6 13.02 Preparing to unpack .../30-python3-setuptools_45.2.0-1_all.deb ...
#6 13.03 Unpacking python3-setuptools (45.2.0-1) ...
#6 13.18 Selecting previously unselected package python3-wheel.
#6 13.19 Preparing to unpack .../31-python3-wheel_0.34.2-1_all.deb ...
#6 13.21 Unpacking python3-wheel (0.34.2-1) ...
#6 13.34 Selecting previously unselected package python3-pip.
#6 13.34 Preparing to unpack .../32-python3-pip_20.0.2-5ubuntu1.6_all.deb ...
#6 13.35 Unpacking python3-pip (20.0.2-5ubuntu1.6) ...
#6 13.55 Setting up python3-wheel (0.34.2-1) ...
#6 13.87 Setting up autotools-dev (20180224.1) ...
#6 13.95 Setting up libexpat1-dev:amd64 (2.2.9-1build1) ...
#6 14.01 Setting up uuid-dev:amd64 (2.34-0.1ubuntu9.3) ...
#6 14.08 Setting up libpython3.8:amd64 (3.8.10-0ubuntu1~20.04.2) ...
#6 14.16 Setting up libsigsegv2:amd64 (2.12-2) ...
#6 14.23 Setting up libpng16-16:amd64 (1.6.37-2) ...
#6 14.30 Setting up pkg-config (0.29.1-0ubuntu4) ...
#6 14.46 Setting up fonts-dejavu-core (2.37-1) ...
#6 14.79 Setting up libltdl7:amd64 (2.4.6-14) ...
#6 14.87 Setting up zlib1g-dev:amd64 (1:1.2.11.dfsg-2ubuntu1.2) ...
#6 14.95 Setting up python-pip-whl (20.0.2-5ubuntu1.6) ...
#6 15.01 Setting up python3-lib2to3 (3.8.10-0ubuntu1~20.04) ...
#6 15.18 Setting up python3-distutils (3.8.10-0ubuntu1~20.04) ...
#6 15.35 Setting up python3-setuptools (45.2.0-1) ...
#6 15.75 Setting up libpng-tools (1.6.37-2) ...
#6 15.86 Setting up libtool (2.4.6-14) ...
#6 15.92 Setting up fontconfig-config (2.13.1-2ubuntu3) ...
#6 16.65 Setting up libpng-dev:amd64 (1.6.37-2) ...
#6 16.69 Setting up m4 (1.4.18-4) ...
#6 16.74 Setting up libfreetype6:amd64 (2.10.1-2ubuntu0.1) ...
#6 16.80 Setting up libpython3.8-dev:amd64 (3.8.10-0ubuntu1~20.04.2) ...
#6 16.86 Setting up python3-pip (20.0.2-5ubuntu1.6) ...
#6 17.27 Setting up autoconf (2.69-11.1) ...
#6 17.33 Setting up python3.8-dev (3.8.10-0ubuntu1~20.04.2) ...
#6 17.37 Setting up libfontconfig1:amd64 (2.13.1-2ubuntu3) ...
#6 17.43 Setting up automake (1:1.16.1-4ubuntu6) ...
#6 17.44 update-alternatives: using /usr/bin/automake-1.16 to provide /usr/bin/automake (automake) in auto mode
#6 17.44 update-alternatives: warning: skip creation of /usr/share/man/man1/automake.1.gz because associated file /usr/share/man/man1/automake-1.16.1.gz (of link group automake) doesn't exist
#6 17.44 update-alternatives: warning: skip creation of /usr/share/man/man1/aclocal.1.gz because associated file /usr/share/man/man1/aclocal-1.16.1.gz (of link group automake) doesn't exist
#6 17.45 Setting up libpython3-dev:amd64 (3.8.2-0ubuntu2) ...
#6 17.46 Setting up libfreetype-dev:amd64 (2.10.1-2ubuntu0.1) ...
#6 17.48 Setting up libltdl-dev:amd64 (2.4.6-14) ...
#6 17.49 Setting up python3-dev (3.8.2-0ubuntu2) ...
#6 17.51 Setting up libfreetype6-dev:amd64 (2.10.1-2ubuntu0.1) ...
#6 17.54 Setting up libfontconfig1-dev:amd64 (2.13.1-2ubuntu3) ...
#6 17.55 Processing triggers for libc-bin (2.31-0ubuntu9.2) ...
#6 18.71 Collecting meson==0.53.0
#6 19.00   Downloading https://files.pythonhosted.org/packages/3c/f8/71d5cb2e64515db8872fc412909811edca86776bd416e1920708b9fdba95/meson-0.53.0.tar.gz (1.5MB)
#6 20.30   Installing build dependencies: started
#6 23.66   Installing build dependencies: finished with status 'done'
#6 23.67   Getting requirements to build wheel: started
#6 25.64   Getting requirements to build wheel: finished with status 'done'
#6 25.65     Preparing wheel metadata: started
#6 27.47     Preparing wheel metadata: finished with status 'done'
#6 27.49 Collecting ninja
#6 27.71   Downloading https://files.pythonhosted.org/packages/52/65/d212822d0f29afecbad20cc3b3f41b8eeb4b47bea728602b8ce0b2d347f5/ninja-1.10.2.3-py2.py3-none-manylinux_2_5_x86_64.manylinux1_x86_64.whl (108kB)
#6 27.74 Building wheels for collected packages: meson
#6 27.74   Building wheel for meson (PEP 517): started
#6 30.23   Building wheel for meson (PEP 517): finished with status 'done'
#6 30.23   Created wheel for meson: filename=meson-0.53.0-cp38-none-any.whl size=599666 sha256=867e8d14f229d1c4a144e354c42d01e5152f7e34b160881ff95b72da3804d2fe
#6 30.23   Stored in directory: /root/.cache/pip/wheels/39/62/74/4ef6345dc75b7178edb4962ca3d1aaddd143d202061c2f5c8a
#6 30.57 Successfully built meson
#6 30.60 Installing collected packages: meson, ninja
#6 31.35 Successfully installed meson-0.53.0 ninja-1.10.2.3
#6 31.38 WARNING: You are using pip version 19.2.3, however version 22.0.3 is available.
#6 31.38 You should consider upgrading via the 'pip install --upgrade pip' command.
#6 DONE 32.6s

#7 [3/6] RUN git clone --depth 1 https://github.com/libass/libass.git
#7 sha256:97bd7619df0bf7211e9c1be7237632df52a06256e0076f5da20d617549b904cb
#7 0.576 Cloning into 'libass'...
#7 DONE 1.9s

#8 [4/6] RUN git clone --depth 1 https://github.com/behdad/fribidi.git
#8 sha256:ae1ef2fd95eed63a3a1e6d96a6ac661721be15f4a56b39efe74bbe06a03e5610
#8 0.589 Cloning into 'fribidi'...
#8 DONE 2.9s

#9 [5/6] RUN git clone --depth 1 https://github.com/harfbuzz/harfbuzz.git
#9 sha256:6a3b4b44b178e5547211a54fd3ee6c1fbf0b3446de2b8353727d026916504bb6
#9 0.557 Cloning into 'harfbuzz'...
#9 DONE 7.2s

#11 [6/6] COPY build.sh libass_fuzzer.cc *.dict *.options /src/
#11 sha256:54ed8b93e233625262c0b89a0a3711085a967f80e5bd5f6ca6aff02992c9b5a3
#11 DONE 0.8s

#12 exporting to image
#12 sha256:e8c613e07b0b7ff33893b694f7759a10d42e180f2b4dc349fb57dc6b71dcab00
#12 exporting layers done
#12 writing image sha256:ca603f4f2ae0231c7d14d25322db299ba1bf21666d8d53bac4bf2afda8adb419
#12 writing image sha256:ca603f4f2ae0231c7d14d25322db299ba1bf21666d8d53bac4bf2afda8adb419 done
#12 naming to gcr.io/fuzzbench/builders/benchmark/libass_libass_fuzzer 0.0s done
#12 DONE 0.2s

#13 exporting cache
#13 sha256:2700d4ef94dee473593c5c614b55b2dedcca7893909811a8f2b48291a1f581e4
#13 preparing build cache for export done
#13 DONE 0.0s
------
 > importing cache manifest from gcr.io/fuzzbench/builders/benchmark/libass_libass_fuzzer:
------
#1 [internal] load build definition from builder.Dockerfile
#1 sha256:a3f595acb00f1fcfe6f52c1c986e2a017ad2e0400caef8e11b74a98602743295
#1 transferring dockerfile: 46B done
#1 DONE 0.0s

#2 [internal] load .dockerignore
#2 sha256:b248afeeeb4b5e94a835b6505f6f86273adb058f3d38e286bec1c46808db1be3
#2 transferring context: 2B done
#2 DONE 0.1s

#3 [internal] load metadata for gcr.io/fuzzbench/builders/benchmark/libass_libass_fuzzer:latest
#3 sha256:1f65af8c8245fe7ac5b72b313253af8975fb9835306ec1fcd5c0c33f57ac76e8
#3 DONE 0.0s

#5 [1/3] FROM gcr.io/fuzzbench/builders/benchmark/libass_libass_fuzzer
#5 sha256:369f10bf56fee4517e53f3a78950532a7cdcc0a17097404038e13e2a2c142bfb
#5 DONE 0.0s

#4 importing cache manifest from gcr.io/fuzzbench/builders/afl/libass_libass_fuzzer-intermediate
#4 sha256:83acf45c9ac1c4ee9357072c5554848c4ee24eeb694fd819206761aa8355f566
#4 ERROR: gcr.io/fuzzbench/builders/afl/libass_libass_fuzzer-intermediate:latest: not found

#5 [1/3] FROM gcr.io/fuzzbench/builders/benchmark/libass_libass_fuzzer
#5 sha256:369f10bf56fee4517e53f3a78950532a7cdcc0a17097404038e13e2a2c142bfb
#5 DONE 1.2s

#6 [2/3] RUN git clone https://github.com/google/AFL.git /afl &&     cd /afl &&     git checkout 61037103ae3722c8060ff7082994836a794f978e &&     AFL_NO_X86=1 make
#6 sha256:07937f03c14a9436d13ea73762256cb7eb3d0ffe2ac7344b11f2a5472c5cbd59
#6 0.459 Cloning into '/afl'...
#6 1.184 Note: switching to '61037103ae3722c8060ff7082994836a794f978e'.
#6 1.184 
#6 1.184 You are in 'detached HEAD' state. You can look around, make experimental
#6 1.184 changes and commit them, and you can discard any commits you make in this
#6 1.184 state without impacting any branches by switching back to a branch.
#6 1.184 
#6 1.184 If you want to create a new branch to retain commits you create, you may
#6 1.184 do so (now or later) by using -c with the switch command. Example:
#6 1.184 
#6 1.184   git switch -c <new-branch-name>
#6 1.184 
#6 1.184 Or undo this operation with:
#6 1.184 
#6 1.184   git switch -
#6 1.184 
#6 1.184 Turn off this advice by setting config variable advice.detachedHead to false
#6 1.184 
#6 1.184 HEAD is now at 6103710 Fix a typo filename comparison in the fuzzer (#139)
#6 1.220 [!] Note: skipping x86 compilation checks (AFL_NO_X86 set).
#6 1.221 clang -O1 -fno-omit-frame-pointer -gline-tables-only -DFUZZING_BUILD_MODE_UNSAFE_FOR_PRODUCTION -Wall -D_FORTIFY_SOURCE=2 -g -Wno-pointer-sign -DAFL_PATH=\"/usr/local/lib/afl\" -DDOC_PATH=\"/usr/local/share/doc/afl\" -DBIN_PATH=\"/usr/local/bin\" afl-gcc.c -o afl-gcc -ldl
#6 1.407 set -e; for i in afl-g++ afl-clang afl-clang++; do ln -sf afl-gcc $i; done
#6 1.417 clang -O1 -fno-omit-frame-pointer -gline-tables-only -DFUZZING_BUILD_MODE_UNSAFE_FOR_PRODUCTION -Wall -D_FORTIFY_SOURCE=2 -g -Wno-pointer-sign -DAFL_PATH=\"/usr/local/lib/afl\" -DDOC_PATH=\"/usr/local/share/doc/afl\" -DBIN_PATH=\"/usr/local/bin\" afl-fuzz.c -o afl-fuzz -ldl
#6 3.788 clang -O1 -fno-omit-frame-pointer -gline-tables-only -DFUZZING_BUILD_MODE_UNSAFE_FOR_PRODUCTION -Wall -D_FORTIFY_SOURCE=2 -g -Wno-pointer-sign -DAFL_PATH=\"/usr/local/lib/afl\" -DDOC_PATH=\"/usr/local/share/doc/afl\" -DBIN_PATH=\"/usr/local/bin\" afl-showmap.c -o afl-showmap -ldl
#6 4.121 clang -O1 -fno-omit-frame-pointer -gline-tables-only -DFUZZING_BUILD_MODE_UNSAFE_FOR_PRODUCTION -Wall -D_FORTIFY_SOURCE=2 -g -Wno-pointer-sign -DAFL_PATH=\"/usr/local/lib/afl\" -DDOC_PATH=\"/usr/local/share/doc/afl\" -DBIN_PATH=\"/usr/local/bin\" afl-tmin.c -o afl-tmin -ldl
#6 4.563 clang -O1 -fno-omit-frame-pointer -gline-tables-only -DFUZZING_BUILD_MODE_UNSAFE_FOR_PRODUCTION -Wall -D_FORTIFY_SOURCE=2 -g -Wno-pointer-sign -DAFL_PATH=\"/usr/local/lib/afl\" -DDOC_PATH=\"/usr/local/share/doc/afl\" -DBIN_PATH=\"/usr/local/bin\" afl-gotcpu.c -o afl-gotcpu -ldl
#6 4.715 clang -O1 -fno-omit-frame-pointer -gline-tables-only -DFUZZING_BUILD_MODE_UNSAFE_FOR_PRODUCTION -Wall -D_FORTIFY_SOURCE=2 -g -Wno-pointer-sign -DAFL_PATH=\"/usr/local/lib/afl\" -DDOC_PATH=\"/usr/local/share/doc/afl\" -DBIN_PATH=\"/usr/local/bin\" afl-analyze.c -o afl-analyze -ldl
#6 5.121 clang -O1 -fno-omit-frame-pointer -gline-tables-only -DFUZZING_BUILD_MODE_UNSAFE_FOR_PRODUCTION -Wall -D_FORTIFY_SOURCE=2 -g -Wno-pointer-sign -DAFL_PATH=\"/usr/local/lib/afl\" -DDOC_PATH=\"/usr/local/share/doc/afl\" -DBIN_PATH=\"/usr/local/bin\" afl-as.c -o afl-as -ldl
#6 5.359 ln -sf afl-as as
#6 5.361 [!] Note: skipping build tests (you may need to use LLVM or QEMU mode).
#6 5.364 [+] LLVM users: see llvm_mode/README.llvm for a faster alternative to afl-gcc.
#6 5.365 [+] All done! Be sure to review README - it's pretty short and useful.
#6 DONE 5.9s

#7 [3/3] RUN apt-get update &&     apt-get install wget -y &&     wget https://raw.githubusercontent.com/llvm/llvm-project/5feb80e748924606531ba28c97fe65145c65372e/compiler-rt/lib/fuzzer/afl/afl_driver.cpp -O /afl/afl_driver.cpp &&     clang -Wno-pointer-sign -c /afl/llvm_mode/afl-llvm-rt.o.c -I/afl &&     clang++ -stdlib=libc++ -std=c++11 -O2 -c /afl/afl_driver.cpp &&     ar r /libAFL.a *.o
#7 sha256:8e26f7941345fc0e6cdfd4515fed0c490d0f5abe0907d64931eabe3ffcbb2696
#7 0.776 Hit:1 http://ppa.launchpad.net/git-core/ppa/ubuntu focal InRelease
#7 0.776 Hit:2 http://archive.ubuntu.com/ubuntu focal InRelease
#7 0.776 Hit:3 http://archive.ubuntu.com/ubuntu focal-updates InRelease
#7 0.794 Hit:4 http://archive.ubuntu.com/ubuntu focal-backports InRelease
#7 0.898 Hit:5 http://security.ubuntu.com/ubuntu focal-security InRelease
#7 1.705 Reading package lists...
#7 3.211 Reading package lists...
#7 4.619 Building dependency tree...
#7 4.830 Reading state information...
#7 5.074 wget is already the newest version (1.20.3-1ubuntu2).
#7 5.074 0 upgraded, 0 newly installed, 0 to remove and 2 not upgraded.
#7 5.089 --2022-02-15 09:50:43--  https://raw.githubusercontent.com/llvm/llvm-project/5feb80e748924606531ba28c97fe65145c65372e/compiler-rt/lib/fuzzer/afl/afl_driver.cpp
#7 5.091 Resolving raw.githubusercontent.com (raw.githubusercontent.com)... 185.199.111.133, 185.199.108.133, 185.199.109.133, ...
#7 5.102 Connecting to raw.githubusercontent.com (raw.githubusercontent.com)|185.199.111.133|:443... connected.
#7 5.126 HTTP request sent, awaiting response... 200 OK
#7 5.147 Length: 9177 (9.0K) [text/plain]
#7 5.147 Saving to: '/afl/afl_driver.cpp'
#7 5.147 
#7 5.147      0K ........                                              100% 5.62M=0.002s
#7 5.149 
#7 5.149 2022-02-15 09:50:43 (5.62 MB/s) - '/afl/afl_driver.cpp' saved [9177/9177]
#7 5.149 
#7 6.882 ar: creating /libAFL.a
#7 DONE 7.3s

#8 exporting to image
#8 sha256:e8c613e07b0b7ff33893b694f7759a10d42e180f2b4dc349fb57dc6b71dcab00
#8 exporting layers done
#8 writing image sha256:5a8411702aa104b3431af4f168f878e35392c0832a5de619ef589b47d65f256f 0.0s done
#8 naming to gcr.io/fuzzbench/builders/afl/libass_libass_fuzzer-intermediate 0.0s done
#8 DONE 0.3s

#9 exporting cache
#9 sha256:2700d4ef94dee473593c5c614b55b2dedcca7893909811a8f2b48291a1f581e4
#9 preparing build cache for export done
#9 DONE 0.0s
------
 > importing cache manifest from gcr.io/fuzzbench/builders/afl/libass_libass_fuzzer-intermediate:
------
#2 [internal] load .dockerignore
#2 sha256:4407cad2f4a6d450971b810980fd9ca16b32ab66c8035d40f5d402b60e46c350
#2 transferring context: 34B done
#2 DONE 0.2s

#1 [internal] load build definition from Dockerfile
#1 sha256:f1b4ad8c1553af8196fb77e9eaf82fd9b8f707e6130a0b956de23f11c639011c
#1 transferring dockerfile: 2.00kB done
#1 DONE 0.2s

#3 [internal] load metadata for docker.io/library/ubuntu:xenial
#3 sha256:f62bae18ed588840f045c881b2502661f2a89578a2f8f99b83f5200ee83dd25b
#3 DONE 0.0s

#5 [1/7] FROM docker.io/library/ubuntu:xenial
#5 sha256:14dd403f25ae9e519bd44f27dc17af7ce80f5a4f9f48ca88108364e67ec5d360
#5 DONE 0.0s

#4 importing cache manifest from gcr.io/fuzzbench/base-image
#4 sha256:9b220ebb4d4daceed1b96df9b6dca076e762f1cd612574f010b82d5b9e5ad896
#4 DONE 0.0s

#8 [internal] load build context
#8 sha256:1f562a926f2752d6d75cebe08e24e578cd3e6b54f2a3cb1ec055459c897b6351
#8 transferring context: 559B 0.0s done
#8 DONE 0.1s

#6 [2/7] RUN apt-get update -y && apt-get install -y     build-essential     rsync     curl     zlib1g-dev     libncurses5-dev     libgdbm-dev     libnss3-dev     libssl-dev     libreadline-dev     libffi-dev     virtualenv     libbz2-dev     liblzma-dev     libsqlite3-dev
#6 sha256:3a1b0960f17eed529eaae93dc8fd3554f2743dd584d8fa569cdbe6bc734371ac
#6 CACHED

#7 [3/7] RUN cd /tmp/ &&     curl -O https://www.python.org/ftp/python/3.8.6/Python-3.8.6.tar.xz &&     tar -xvf Python-3.8.6.tar.xz &&     cd Python-3.8.6 &&     ./configure --enable-loadable-sqlite-extensions --enable-optimizations &&     make -j install &&     rm -r /tmp/Python-3.8.6.tar.xz /tmp/Python-3.8.6
#7 sha256:c5b9d1fb3371e84dbc60b76e7b2f8d5913bc93bcd4910ab65daa03e7b2ec4bb0
#7 CACHED

#9 [4/7] COPY ./requirements.txt /
#9 sha256:b2ed42397b9cf466860da5cf0cd03d814f3aa5e1978542dea11e7eb8dfe26029
#9 CACHED

#10 [5/7] RUN pip3 install -r /requirements.txt
#10 sha256:b6869bc31b9f2321c0700476683e33e460c6955bab3bb5710df099d1ff223421
#10 CACHED

#11 [6/7] RUN apt-get update -y && apt-get install -y     apt-transport-https     lsb-release
#11 sha256:d60bf38112ac1b2a51b69d39b0321b16ff5d5ec73ee541579b74a7bd4bf81102
#11 CACHED

#12 [7/7] RUN CLOUD_SDK_REPO="cloud-sdk-$(lsb_release -c -s)" &&     echo "deb https://packages.cloud.google.com/apt $CLOUD_SDK_REPO main"     | tee -a /etc/apt/sources.list.d/google-cloud-sdk.list &&     curl https://packages.cloud.google.com/apt/doc/apt-key.gpg     | apt-key add - &&     apt-get update -y &&     apt-get install -y google-cloud-sdk
#12 sha256:c93d60bfd2dba9dbccb3053586e048ec760eeb7e1766b0ca3c7f40f572296f56
#12 CACHED

#13 exporting to image
#13 sha256:e8c613e07b0b7ff33893b694f7759a10d42e180f2b4dc349fb57dc6b71dcab00
#13 exporting layers done
#13 writing image sha256:3e04b5fd0a277df2bc5cd3367dbf9178b152077681f3e4447621291a56e5d56f 0.0s done
#13 naming to gcr.io/fuzzbench/base-image done
#13 DONE 0.2s

#14 exporting cache
#14 sha256:2700d4ef94dee473593c5c614b55b2dedcca7893909811a8f2b48291a1f581e4
#14 preparing build cache for export done
#14 DONE 0.0s
#1 [internal] load build definition from Dockerfile
#1 sha256:6c962da6e47d01092891755133b21159c05799020b7cb8e4ec225c661856cdc9
#1 transferring dockerfile: 2.22kB done
#1 DONE 0.1s

#2 [internal] load .dockerignore
#2 sha256:9fe17b752e6df0f762ac3c4e9a5dfafb9f2d83aa501f126a8632c1df0cea49e5
#2 transferring context: 34B done
#2 DONE 0.1s

#3 [internal] load metadata for gcr.io/fuzzbench/base-image:latest
#3 sha256:932022888f650cc455b10eb5123bb08c0cccacac29a693e69314abbfd28a72c3
#3 DONE 0.0s

#4 [internal] load metadata for gcr.io/fuzzbench/builders/afl/libass_libass_fuzzer-intermediate:latest
#4 sha256:cf9708ed270b05d70ee6a717c8b9d4c3bcbffa64496914167c1660545c29b311
#4 DONE 0.0s

#12 [internal] load build context
#12 sha256:7d099cf773802aa3d9b5307b123a63e41ffe30aee63474b7c2ebf1539defcfa3
#12 DONE 0.0s

#7 [base-image 1/1] FROM gcr.io/fuzzbench/base-image
#7 sha256:4d07825694520f8b6f6a0d8592dbd345433361ae044cb7f06706c5a95e3daaad
#7 DONE 0.0s

#6 [stage-1  1/13] FROM gcr.io/fuzzbench/builders/afl/libass_libass_fuzzer-intermediate
#6 sha256:348a13eafadaba023d4ba0ffbc340803af6047844fa840b4ac9a28721a02b1ba
#6 DONE 0.0s

#5 importing cache manifest from gcr.io/fuzzbench/builders/afl/libass_libass_fuzzer
#5 sha256:193baf8529e4f8b0235c4bbe4ee44fa61a5cd02e6116a31113a09c455f9d7578
#5 ERROR: gcr.io/fuzzbench/builders/afl/libass_libass_fuzzer:latest: not found

#7 [base-image 1/1] FROM gcr.io/fuzzbench/base-image
#7 sha256:4d07825694520f8b6f6a0d8592dbd345433361ae044cb7f06706c5a95e3daaad
#7 CACHED

#12 [internal] load build context
#12 sha256:7d099cf773802aa3d9b5307b123a63e41ffe30aee63474b7c2ebf1539defcfa3
#12 transferring context: 669.88kB 0.1s done
#12 DONE 0.2s

#6 [stage-1  1/13] FROM gcr.io/fuzzbench/builders/afl/libass_libass_fuzzer-intermediate
#6 sha256:348a13eafadaba023d4ba0ffbc340803af6047844fa840b4ac9a28721a02b1ba
#6 DONE 1.0s

#8 [stage-1  2/13] COPY --from=base-image /usr/local/bin/python3* /usr/local/bin/
#8 sha256:68e503f603dfc9f9eb65ff32c710340ced1a0f0dc109f72820f9cc5a39911081
#8 DONE 1.2s

#9 [stage-1  3/13] COPY --from=base-image /usr/local/lib/python3.8 /usr/local/lib/python3.8
#9 sha256:a2dd90876e926dbf89f1178747628c9a4ae5d6fd6b28b16b6ab14c137c9a8a58
#9 DONE 16.7s

#10 [stage-1  4/13] COPY --from=base-image /usr/local/include/python3.8 /usr/local/include/python3.8
#10 sha256:01bab5d526ea81e599239c9efef582d839b4b7463af2acd569f4b87dfb104bbf
#10 DONE 0.2s

#11 [stage-1  5/13] COPY --from=base-image /usr/local/lib/python3.8/site-packages /usr/local/lib/python3.8/site-packages
#11 sha256:0a2f1a7ff4cf4846a2df0939a35e0114a88a62b74d93ad8803e7ab2849777619
#11 DONE 25.1s

#13 [stage-1  6/13] COPY fuzzers /src/fuzzers
#13 sha256:8b0841a3016f5b95c86b894d74db7e74a2fce93614941a3ae87095d23c79ed13
#13 DONE 0.3s

#14 [stage-1  7/13] RUN touch /src/__init__.py
#14 sha256:0b2b22e0c31da1454ef161c02b454c7c73547d5a661f537ae661f87e5e8b3a48
#14 DONE 0.7s

#15 [stage-1  8/13] COPY benchmarks/libass_libass_fuzzer/benchmark.yaml /
#15 sha256:b31b08aba13b6b8fb73b7bfad63f7a9610c5d2d667b99a3fb6aabe5d9e80ab4b
#15 DONE 0.2s

#16 [stage-1  9/13] RUN mkdir /opt/fuzzbench/
#16 sha256:3a286e9bd6401035b852c8a8ad040f32bec813bfacb11ef507bf167ab17439a9
#16 DONE 2.1s

#17 [stage-1 10/13] COPY docker/benchmark-builder/checkout_commit.py /opt/fuzzbench/
#17 sha256:597f3fa03089a53f84d297110c21ae966d752ef7a613597baa21e47f73a244bf
#17 DONE 0.3s

#18 [stage-1 11/13] RUN export CHECKOUT_COMMIT=$(cat /benchmark.yaml | tr -d ' ' | grep 'commit:' | cut -d ':' -f2) &&     python3 -u /opt/fuzzbench/checkout_commit.py $CHECKOUT_COMMIT /src
#18 sha256:a7339359efd688fa4e9e31731bd8ed2d4a82c5dd0e9292305e25956c96d07849
#18 0.534 Checking out commit 84faf557
#18 22.31 From https://github.com/harfbuzz/harfbuzz
#18 22.31  * [new tag]             0.6.0              -> 0.6.0
#18 22.31  * [new tag]             0.9.1              -> 0.9.1
#18 22.31  * [new tag]             0.9.10             -> 0.9.10
#18 22.31  * [new tag]             0.9.11             -> 0.9.11
#18 22.31  * [new tag]             0.9.12             -> 0.9.12
#18 22.31  * [new tag]             0.9.13             -> 0.9.13
#18 22.31  * [new tag]             0.9.14             -> 0.9.14
#18 22.31  * [new tag]             0.9.15             -> 0.9.15
#18 22.31  * [new tag]             0.9.16             -> 0.9.16
#18 22.31  * [new tag]             0.9.17             -> 0.9.17
#18 22.31  * [new tag]             0.9.18             -> 0.9.18
#18 22.31  * [new tag]             0.9.19             -> 0.9.19
#18 22.31  * [new tag]             0.9.2              -> 0.9.2
#18 22.31  * [new tag]             0.9.20             -> 0.9.20
#18 22.31  * [new tag]             0.9.21             -> 0.9.21
#18 22.31  * [new tag]             0.9.22             -> 0.9.22
#18 22.31  * [new tag]             0.9.23             -> 0.9.23
#18 22.31  * [new tag]             0.9.24             -> 0.9.24
#18 22.31  * [new tag]             0.9.25             -> 0.9.25
#18 22.31  * [new tag]             0.9.26             -> 0.9.26
#18 22.31  * [new tag]             0.9.27             -> 0.9.27
#18 22.31  * [new tag]             0.9.28             -> 0.9.28
#18 22.31  * [new tag]             0.9.29             -> 0.9.29
#18 22.31  * [new tag]             0.9.3              -> 0.9.3
#18 22.31  * [new tag]             0.9.30             -> 0.9.30
#18 22.31  * [new tag]             0.9.31             -> 0.9.31
#18 22.31  * [new tag]             0.9.32             -> 0.9.32
#18 22.31  * [new tag]             0.9.33             -> 0.9.33
#18 22.31  * [new tag]             0.9.34             -> 0.9.34
#18 22.31  * [new tag]             0.9.35             -> 0.9.35
#18 22.31  * [new tag]             0.9.36             -> 0.9.36
#18 22.31  * [new tag]             0.9.37             -> 0.9.37
#18 22.31  * [new tag]             0.9.38             -> 0.9.38
#18 22.31  * [new tag]             0.9.39             -> 0.9.39
#18 22.31  * [new tag]             0.9.4              -> 0.9.4
#18 22.31  * [new tag]             0.9.40             -> 0.9.40
#18 22.31  * [new tag]             0.9.41             -> 0.9.41
#18 22.31  * [new tag]             0.9.42             -> 0.9.42
#18 22.31  * [new tag]             0.9.5              -> 0.9.5
#18 22.31  * [new tag]             0.9.6              -> 0.9.6
#18 22.32  * [new tag]             0.9.7              -> 0.9.7
#18 22.32  * [new tag]             0.9.8              -> 0.9.8
#18 22.32  * [new tag]             0.9.9              -> 0.9.9
#18 22.32  * [new tag]             1.0.0              -> 1.0.0
#18 22.32  * [new tag]             1.0.1              -> 1.0.1
#18 22.32  * [new tag]             1.0.2              -> 1.0.2
#18 22.32  * [new tag]             1.0.3              -> 1.0.3
#18 22.32  * [new tag]             1.0.4              -> 1.0.4
#18 22.32  * [new tag]             1.0.5              -> 1.0.5
#18 22.32  * [new tag]             1.0.6              -> 1.0.6
#18 22.32  * [new tag]             1.1.0              -> 1.1.0
#18 22.32  * [new tag]             1.1.1              -> 1.1.1
#18 22.32  * [new tag]             1.1.2              -> 1.1.2
#18 22.32  * [new tag]             1.1.3              -> 1.1.3
#18 22.32  * [new tag]             1.2.0              -> 1.2.0
#18 22.32  * [new tag]             1.2.1              -> 1.2.1
#18 22.32  * [new tag]             1.2.2              -> 1.2.2
#18 22.32  * [new tag]             1.2.3              -> 1.2.3
#18 22.32  * [new tag]             1.2.4              -> 1.2.4
#18 22.32  * [new tag]             1.2.5              -> 1.2.5
#18 22.32  * [new tag]             1.2.6              -> 1.2.6
#18 22.32  * [new tag]             1.2.7              -> 1.2.7
#18 22.32  * [new tag]             1.3.0              -> 1.3.0
#18 22.32  * [new tag]             1.3.1              -> 1.3.1
#18 22.32  * [new tag]             1.3.2              -> 1.3.2
#18 22.32  * [new tag]             1.3.3              -> 1.3.3
#18 22.32  * [new tag]             1.3.4              -> 1.3.4
#18 22.32  * [new tag]             1.4.0              -> 1.4.0
#18 22.32  * [new tag]             1.4.1              -> 1.4.1
#18 22.32  * [new tag]             1.4.2              -> 1.4.2
#18 22.32  * [new tag]             1.4.3              -> 1.4.3
#18 22.32  * [new tag]             1.4.4              -> 1.4.4
#18 22.32  * [new tag]             1.4.5              -> 1.4.5
#18 22.32  * [new tag]             1.4.6              -> 1.4.6
#18 22.32  * [new tag]             1.4.7              -> 1.4.7
#18 22.32  * [new tag]             1.4.8              -> 1.4.8
#18 22.32  * [new tag]             1.5.0              -> 1.5.0
#18 22.32  * [new tag]             1.5.1              -> 1.5.1
#18 22.32  * [new tag]             1.6.0              -> 1.6.0
#18 22.32  * [new tag]             1.6.1              -> 1.6.1
#18 22.32  * [new tag]             1.6.2              -> 1.6.2
#18 22.32  * [new tag]             1.6.3              -> 1.6.3
#18 22.32  * [new tag]             1.7.0              -> 1.7.0
#18 22.32  * [new tag]             1.7.1              -> 1.7.1
#18 22.32  * [new tag]             1.7.2              -> 1.7.2
#18 22.32  * [new tag]             1.7.3              -> 1.7.3
#18 22.33  * [new tag]             1.7.4              -> 1.7.4
#18 22.33  * [new tag]             1.7.5              -> 1.7.5
#18 22.33  * [new tag]             1.7.6              -> 1.7.6
#18 22.33  * [new tag]             1.7.7              -> 1.7.7
#18 22.33  * [new tag]             1.8.0              -> 1.8.0
#18 22.33  * [new tag]             1.8.1              -> 1.8.1
#18 22.33  * [new tag]             1.8.2              -> 1.8.2
#18 22.33  * [new tag]             1.8.3              -> 1.8.3
#18 22.33  * [new tag]             1.8.4              -> 1.8.4
#18 22.33  * [new tag]             1.8.5              -> 1.8.5
#18 22.33  * [new tag]             1.8.6              -> 1.8.6
#18 22.33  * [new tag]             1.8.7              -> 1.8.7
#18 22.33  * [new tag]             1.8.8              -> 1.8.8
#18 22.33  * [new tag]             1.9.0              -> 1.9.0
#18 22.33  * [new tag]             2.0.0              -> 2.0.0
#18 22.33  * [new tag]             2.0.1              -> 2.0.1
#18 22.33  * [new tag]             2.0.2              -> 2.0.2
#18 22.33  * [new tag]             2.1.0              -> 2.1.0
#18 22.33  * [new tag]             2.1.1              -> 2.1.1
#18 22.33  * [new tag]             2.1.2              -> 2.1.2
#18 22.33  * [new tag]             2.1.3              -> 2.1.3
#18 22.33  * [new tag]             2.2.0              -> 2.2.0
#18 22.33  * [new tag]             2.3.0              -> 2.3.0
#18 22.33  * [new tag]             2.3.1              -> 2.3.1
#18 22.33  * [new tag]             2.4.0              -> 2.4.0
#18 22.33  * [new tag]             2.5.0              -> 2.5.0
#18 22.33  * [new tag]             2.5.1              -> 2.5.1
#18 22.33  * [new tag]             2.5.2              -> 2.5.2
#18 22.33  * [new tag]             2.5.3              -> 2.5.3
#18 22.33  * [new tag]             2.6.0              -> 2.6.0
#18 22.33  * [new tag]             2.6.1              -> 2.6.1
#18 22.33  * [new tag]             2.6.2              -> 2.6.2
#18 22.33  * [new tag]             2.6.3              -> 2.6.3
#18 22.33  * [new tag]             2.6.4              -> 2.6.4
#18 22.33  * [new tag]             2.6.5              -> 2.6.5
#18 22.34  * [new tag]             2.6.6              -> 2.6.6
#18 22.34  * [new tag]             2.6.7              -> 2.6.7
#18 22.34  * [new tag]             2.6.8              -> 2.6.8
#18 22.34  * [new tag]             2.7.0              -> 2.7.0
#18 22.34  * [new tag]             2.7.1              -> 2.7.1
#18 22.34  * [new tag]             2.7.2              -> 2.7.2
#18 22.34  * [new tag]             2.7.3              -> 2.7.3
#18 22.34  * [new tag]             2.7.4              -> 2.7.4
#18 22.34  * [new tag]             2.8.0              -> 2.8.0
#18 22.34  * [new tag]             2.8.1              -> 2.8.1
#18 22.34  * [new tag]             2.8.2              -> 2.8.2
#18 22.34  * [new tag]             2.9.0              -> 2.9.0
#18 22.34  * [new tag]             2.9.1              -> 2.9.1
#18 22.34  * [new tag]             3.0.0              -> 3.0.0
#18 22.34  * [new tag]             3.1.0              -> 3.1.0
#18 22.34  * [new tag]             3.1.1              -> 3.1.1
#18 22.34  * [new tag]             3.1.2              -> 3.1.2
#18 22.34  * [new tag]             3.2.0              -> 3.2.0
#18 22.34  * [new tag]             3.3.0              -> 3.3.0
#18 22.34  * [new tag]             3.3.1              -> 3.3.1
#18 22.34  * [new tag]             3.3.2              -> 3.3.2
#18 22.34  * [new tag]             3.4.0              -> 3.4.0
#18 22.34  * [new tag]             hb-rename          -> hb-rename
#18 22.34  * [new tag]             ng-mergepoint      -> ng-mergepoint
#18 22.34  * [new tag]             ng-start           -> ng-start
#18 22.34  * [new tag]             pango-extractpoint -> pango-extractpoint
#18 22.34  * [new tag]             pango-start        -> pango-start
#18 22.35 error: pathspec '84faf557' did not match any file(s) known to git
#18 25.06 From https://github.com/behdad/fribidi
#18 25.06  * [new tag]         0.19.4         -> 0.19.4
#18 25.06  * [new tag]         0.19.5         -> 0.19.5
#18 25.06  * [new tag]         0.19.6         -> 0.19.6
#18 25.06  * [new tag]         0.19.7         -> 0.19.7
#18 25.06  * [new tag]         FRIBIDI_0_19_1 -> FRIBIDI_0_19_1
#18 25.06  * [new tag]         v1.0.0         -> v1.0.0
#18 25.06  * [new tag]         v1.0.1         -> v1.0.1
#18 25.06  * [new tag]         v1.0.10        -> v1.0.10
#18 25.06  * [new tag]         v1.0.11        -> v1.0.11
#18 25.06  * [new tag]         v1.0.2         -> v1.0.2
#18 25.06  * [new tag]         v1.0.3         -> v1.0.3
#18 25.06  * [new tag]         v1.0.4         -> v1.0.4
#18 25.06  * [new tag]         v1.0.5         -> v1.0.5
#18 25.06  * [new tag]         v1.0.6         -> v1.0.6
#18 25.06  * [new tag]         v1.0.7         -> v1.0.7
#18 25.06  * [new tag]         v1.0.8         -> v1.0.8
#18 25.06  * [new tag]         v1.0.9         -> v1.0.9
#18 25.07 error: pathspec '84faf557' did not match any file(s) known to git
#18 27.36 From https://github.com/libass/libass
#18 27.36  * [new tag]         0.10.0     -> 0.10.0
#18 27.36  * [new tag]         0.10.1     -> 0.10.1
#18 27.36  * [new tag]         0.10.2     -> 0.10.2
#18 27.36  * [new tag]         0.11.0     -> 0.11.0
#18 27.36  * [new tag]         0.11.1     -> 0.11.1
#18 27.36  * [new tag]         0.11.2     -> 0.11.2
#18 27.36  * [new tag]         0.12.0     -> 0.12.0
#18 27.36  * [new tag]         0.12.1     -> 0.12.1
#18 27.36  * [new tag]         0.12.2     -> 0.12.2
#18 27.36  * [new tag]         0.12.3     -> 0.12.3
#18 27.36  * [new tag]         0.13.0     -> 0.13.0
#18 27.36  * [new tag]         0.13.1     -> 0.13.1
#18 27.36  * [new tag]         0.13.2     -> 0.13.2
#18 27.36  * [new tag]         0.13.3     -> 0.13.3
#18 27.37  * [new tag]         0.13.4     -> 0.13.4
#18 27.37  * [new tag]         0.13.5     -> 0.13.5
#18 27.37  * [new tag]         0.13.6     -> 0.13.6
#18 27.37  * [new tag]         0.13.7     -> 0.13.7
#18 27.37  * [new tag]         0.14.0     -> 0.14.0
#18 27.37  * [new tag]         0.15.0     -> 0.15.0
#18 27.37  * [new tag]         0.15.1     -> 0.15.1
#18 27.37  * [new tag]         0.15.2     -> 0.15.2
#18 27.37  * [new tag]         0.9.10     -> 0.9.10
#18 27.37  * [new tag]         0.9.11     -> 0.9.11
#18 27.37  * [new tag]         0.9.12     -> 0.9.12
#18 27.37  * [new tag]         0.9.7      -> 0.9.7
#18 27.37  * [new tag]         0.9.8      -> 0.9.8
#18 27.37  * [new tag]         0.9.9      -> 0.9.9
#18 27.38 error: pathspec '84faf557' did not match any file(s) known to git
#18 27.39 error: pathspec '84faf557' did not match any file(s) known to git
#18 27.40 error: pathspec '84faf557' did not match any file(s) known to git
#18 27.45 error: pathspec '84faf557' did not match any file(s) known to git
#18 27.49 Checkout unsuccessful.
#18 DONE 27.8s

#19 [stage-1 12/13] RUN echo "#!/bin/bash\nPYTHONPATH=/src python3 -u -c "from fuzzers import utils; utils.initialize_env(); from fuzzers.afl import fuzzer; fuzzer.build()"" > /usr/bin/fuzzer_build &&     chmod +x /usr/bin/fuzzer_build
#19 sha256:b6b72365de48ef3a5fd61fb3121f028cd834e2e406b661d1d5721746bbeb9442
#19 DONE 1.0s

#20 [stage-1 13/13] RUN echo "Run fuzzer_build to build the target" && if [ -z "$debug_builder" ] ; then fuzzer_build; fi
#20 sha256:028fed9adcc0f006c685a01b5b85b2f51e4a23859458637ddba1ac0a655e80ed
#20 0.637 Run fuzzer_build to build the target
#20 0.763 FUZZ_TARGET = libass_fuzzer
#20 0.763 CFLAGS = -DFUZZING_BUILD_MODE_UNSAFE_FOR_PRODUCTION -pthread -Wl,--no-as-needed -Wl,-ldl -Wl,-lm -Wno-unused-command-line-argument -O3
#20 0.763 CXXFLAGS = -DFUZZING_BUILD_MODE_UNSAFE_FOR_PRODUCTION -pthread -Wl,--no-as-needed -Wl,-ldl -Wl,-lm -Wno-unused-command-line-argument -stdlib=libc++ -O3
#20 0.772 Building benchmark libass_libass_fuzzer with fuzzer afl
#20 0.775 + cd /src/fribidi
#20 0.775 + ./autogen.sh --disable-docs --enable-static=yes --enable-shared=no --with-pic=yes --prefix=/work/
#20 0.780 checking for pkg-config... /usr/bin/pkg-config
#20 0.781 checking for libtoolize... /usr/bin/libtoolize
#20 0.784 checking for autoreconf... /usr/bin/autoreconf
#20 0.786 running autoreconf --force --install --verbose
#20 1.219 autoreconf: Entering directory `.'
#20 1.221 autoreconf: configure.ac: not using Gettext
#20 2.222 autoreconf: running: aclocal --force -I m4
#20 4.350 autoreconf: configure.ac: tracing
#20 4.972 autoreconf: running: libtoolize --copy --force
#20 5.323 libtoolize: putting auxiliary files in '.'.
#20 5.323 libtoolize: copying file './ltmain.sh'
#20 5.368 libtoolize: putting macros in AC_CONFIG_MACRO_DIRS, 'm4'.
#20 5.368 libtoolize: copying file 'm4/libtool.m4'
#20 5.409 libtoolize: copying file 'm4/ltoptions.m4'
#20 5.451 libtoolize: copying file 'm4/ltsugar.m4'
#20 5.495 libtoolize: copying file 'm4/ltversion.m4'
#20 5.538 libtoolize: copying file 'm4/lt~obsolete.m4'
#20 7.530 autoreconf: running: /usr/bin/autoconf --force
#20 8.343 autoreconf: running: /usr/bin/autoheader --force
#20 8.938 autoreconf: running: automake --add-missing --copy --force-missing
#20 9.812 configure.ac:44: installing './ar-lib'
#20 9.816 configure.ac:44: installing './compile'
#20 9.820 configure.ac:48: installing './config.guess'
#20 9.824 configure.ac:48: installing './config.sub'
#20 9.828 configure.ac:41: installing './install-sh'
#20 9.832 configure.ac:41: installing './missing'
#20 9.862 Makefile.am: installing './INSTALL'
#20 9.962 bin/Makefile.am: installing './depcomp'
#20 10.02 lib/Headers.mk:25: warning: shell cat $(top_srcdir: non-POSIX variable name
#20 10.02 lib/Headers.mk:25: (probably a GNU make extension)
#20 10.02 doc/Makefile.am:16:   'lib/Headers.mk' included from here
#20 10.02 doc/Makefile.am:21: warning: shell sed '$$d' $(top_srcdir: non-POSIX variable name
#20 10.02 doc/Makefile.am:21: (probably a GNU make extension)
#20 10.11 gen.tab/Makefile.am:28: warning: 'CFLAGS' is a user variable, you should not override it;
#20 10.11 gen.tab/Makefile.am:28: use 'AM_CFLAGS' instead
#20 10.11 gen.tab/Makefile.am:29: warning: 'LDFLAGS' is a user variable, you should not override it;
#20 10.11 gen.tab/Makefile.am:29: use 'AM_LDFLAGS' instead
#20 10.15 lib/Headers.mk:25: warning: shell cat $(top_srcdir: non-POSIX variable name
#20 10.15 lib/Headers.mk:25: (probably a GNU make extension)
#20 10.15 lib/Makefile.am:15:   'lib/Headers.mk' included from here
#20 10.28 parallel-tests: installing './test-driver'
#20 10.40 autoreconf: Leaving directory `.'
#20 10.40 running configure --disable-docs --enable-static=yes --enable-shared=no --with-pic=yes --prefix=/work/
#20 10.58 configure: WARNING: unrecognized options: --disable-docs
#20 10.67 checking for a BSD-compatible install... /usr/bin/install -c
#20 10.68 checking whether build environment is sane... yes
#20 10.70 checking for a thread-safe mkdir -p... /usr/bin/mkdir -p
#20 10.71 checking for gawk... no
#20 10.71 checking for mawk... mawk
#20 10.71 checking whether make sets $(MAKE)... yes
#20 10.73 checking whether make supports nested variables... yes
#20 10.75 checking whether make supports nested variables... (cached) yes
#20 10.75 checking whether make supports the include directive... yes (GNU style)
#20 10.76 checking for gcc... clang
#20 10.88 checking whether the C compiler works... yes
#20 11.04 checking for C compiler default output file name... a.out
#20 11.04 checking for suffix of executables... 
#20 11.17 checking whether we are cross compiling... no
#20 11.30 checking for suffix of object files... o
#20 11.33 checking whether we are using the GNU C compiler... yes
#20 11.36 checking whether clang accepts -g... yes
#20 11.39 checking for clang option to accept ISO C89... none needed
#20 11.43 checking whether clang understands -c and -o together... yes
#20 11.47 checking dependency style of clang... gcc3
#20 11.53 checking for ar... ar
#20 11.53 checking the archiver (ar) interface... ar
#20 11.60 checking build system type... x86_64-pc-linux-gnu
#20 11.71 checking host system type... x86_64-pc-linux-gnu
#20 11.71 checking how to print strings... printf
#20 11.77 checking for a sed that does not truncate output... /usr/bin/sed
#20 11.78 checking for grep that handles long lines and -e... /usr/bin/grep
#20 11.78 checking for egrep... /usr/bin/grep -E
#20 11.78 checking for fgrep... /usr/bin/grep -F
#20 11.79 checking for ld used by clang... /usr/bin/ld
#20 11.81 checking if the linker (/usr/bin/ld) is GNU ld... yes
#20 11.81 checking for BSD- or MS-compatible name lister (nm)... /usr/bin/nm -B
#20 11.82 checking the name lister (/usr/bin/nm -B) interface... BSD nm
#20 11.85 checking whether ln -s works... yes
#20 11.85 checking the maximum length of command line arguments... 1572864
#20 11.87 checking how to convert x86_64-pc-linux-gnu file names to x86_64-pc-linux-gnu format... func_convert_file_noop
#20 11.87 checking how to convert x86_64-pc-linux-gnu file names to toolchain format... func_convert_file_noop
#20 11.87 checking for /usr/bin/ld option to reload object files... -r
#20 11.87 checking for objdump... objdump
#20 11.88 checking how to recognize dependent libraries... pass_all
#20 11.88 checking for dlltool... no
#20 11.88 checking how to associate runtime and link libraries... printf %s\n
#20 11.88 checking for archiver @FILE support... @
#20 11.92 checking for strip... strip
#20 11.92 checking for ranlib... ranlib
#20 11.92 checking command to parse /usr/bin/nm -B output from clang object... ok
#20 12.11 checking for sysroot... no
#20 12.11 checking for a working dd... /usr/bin/dd
#20 12.14 checking how to truncate binary pipes... /usr/bin/dd bs=4096 count=1
#20 12.19 checking for mt... no
#20 12.19 checking if : is a manifest tool... no
#20 12.20 checking how to run the C preprocessor... clang -E
#20 12.30 checking for ANSI C header files... yes
#20 12.57 checking for sys/types.h... yes
#20 12.63 checking for sys/stat.h... yes
#20 12.68 checking for stdlib.h... yes
#20 12.74 checking for string.h... yes
#20 12.79 checking for memory.h... yes
#20 12.86 checking for strings.h... yes
#20 12.92 checking for inttypes.h... yes
#20 13.01 checking for stdint.h... yes
#20 13.07 checking for unistd.h... yes
#20 13.13 checking for dlfcn.h... yes
#20 13.19 checking for objdir... .libs
#20 13.36 checking if clang supports -fno-rtti -fno-exceptions... yes
#20 13.40 checking for clang option to produce PIC... -fPIC -DPIC
#20 13.40 checking if clang PIC flag -fPIC -DPIC works... yes
#20 13.43 checking if clang static flag -static works... yes
#20 13.72 checking if clang supports -c -o file.o... yes
#20 13.77 checking if clang supports -c -o file.o... (cached) yes
#20 13.77 checking whether the clang linker (/usr/bin/ld -m elf_x86_64) supports shared libraries... yes
#20 13.80 checking dynamic linker characteristics... GNU/Linux ld.so
#20 13.98 checking how to hardcode library paths into programs... immediate
#20 13.98 checking whether stripping libraries is possible... yes
#20 14.00 checking if libtool supports shared libraries... yes
#20 14.00 checking whether to build shared libraries... no
#20 14.00 checking whether to build static libraries... yes
#20 14.01 checking for gcc... (cached) clang
#20 14.08 checking whether we are using the GNU C compiler... (cached) yes
#20 14.08 checking whether clang accepts -g... (cached) yes
#20 14.08 checking for clang option to accept ISO C89... (cached) none needed
#20 14.08 checking whether clang understands -c and -o together... (cached) yes
#20 14.08 checking dependency style of clang... (cached) gcc3
#20 14.08 checking for pkg-config... /usr/bin/pkg-config
#20 14.08 checking pkg-config is at least version 0.9.0... yes
#20 14.10 checking for native Win32... no
#20 14.10 checking for some Win32 platform... no
#20 14.10 checking for ANSI C header files... (cached) yes
#20 14.11 checking for stdlib.h... (cached) yes
#20 14.12 checking for string.h... (cached) yes
#20 14.13 checking for strings.h... (cached) yes
#20 14.14 checking wchar.h usability... yes
#20 14.20 checking wchar.h presence... yes
#20 14.22 checking for wchar.h... yes
#20 14.23 checking asm/page.h usability... no
#20 14.30 checking asm/page.h presence... no
#20 14.32 checking for asm/page.h... no
#20 14.33 checking sys/times.h usability... yes
#20 14.39 checking sys/times.h presence... yes
#20 14.41 checking for sys/times.h... yes
#20 14.41 checking for an ANSI C-conforming const... yes
#20 14.45 checking for preprocessor stringizing operator... yes
#20 14.47 checking size of int... 4
#20 14.63 checking size of short... 2
#20 14.81 checking size of void *... 8
#20 14.98 checking size of wchar_t... 4
#20 15.15 checking for gcc... gcc
#20 15.23 checking whether we are using the GNU C compiler... (cached) yes
#20 15.23 checking whether gcc accepts -g... yes
#20 15.26 checking for gcc option to accept ISO C89... (cached) none needed
#20 15.26 checking whether gcc understands -c and -o together... (cached) yes
#20 15.26 checking dependency style of gcc... (cached) gcc3
#20 15.26 checking how to run the C preprocessor... gcc -E
#20 15.39 checking for memmove... yes
#20 15.54 checking for memset... yes
#20 15.68 checking for strdup... yes
#20 15.82 checking return type of signal handlers... void
#20 15.91 checking that generated files are newer than configure... done
#20 15.91 configure: creating ./config.status
#20 16.70 config.status: creating fribidi.pc
#20 16.72 config.status: creating lib/fribidi-config.h
#20 16.75 config.status: creating Makefile
#20 16.77 config.status: creating gen.tab/Makefile
#20 16.80 config.status: creating lib/Makefile
#20 16.83 config.status: creating bin/Makefile
#20 16.86 config.status: creating doc/Makefile
#20 16.88 config.status: creating test/Makefile
#20 16.91 config.status: creating test/unicode-conformance/Makefile
#20 16.94 config.status: creating config.h
#20 16.95 config.status: executing depfiles commands
#20 17.30 config.status: executing libtool commands
#20 17.32 configure: WARNING: unrecognized options: --disable-docs
#20 17.39 + make install
#20 17.39 (cd lib && make  fribidi-unicode-version.h)
#20 17.40 make[1]: Entering directory '/src/fribidi/lib'
#20 17.40 make[2]: Entering directory '/src/fribidi/gen.tab'
#20 17.41   CC       gen-unicode-version.o
#20 17.74   CCLD     gen-unicode-version
#20 17.89   GEN      fribidi-unicode-version.h
#20 17.89 make[2]: Leaving directory '/src/fribidi/gen.tab'
#20 17.90 make[1]: Leaving directory '/src/fribidi/lib'
#20 17.90 make  install-recursive
#20 17.90 make[1]: Entering directory '/src/fribidi'
#20 17.91 Making install in gen.tab
#20 17.92 make[2]: Entering directory '/src/fribidi/gen.tab'
#20 17.92 make[3]: Entering directory '/src/fribidi/gen.tab'
#20 17.92 make[3]: Nothing to be done for 'install-exec-am'.
#20 17.92 make[3]: Nothing to be done for 'install-data-am'.
#20 17.92 make[3]: Leaving directory '/src/fribidi/gen.tab'
#20 17.92 make[2]: Leaving directory '/src/fribidi/gen.tab'
#20 17.92 Making install in lib
#20 17.93 make[2]: Entering directory '/src/fribidi/lib'
#20 17.94 make[3]: Entering directory '/src/fribidi/gen.tab'
#20 17.95   GEN      fribidi-unicode-version.h
#20 17.95   CC       gen-arabic-shaping-tab.o
#20 18.03 In file included from /usr/include/stdio.h:867,
#20 18.03                  from gen-arabic-shaping-tab.c:32:
#20 18.03 In function fprintf,
#20 18.03     inlined from die3 at gen-arabic-shaping-tab.c:89:3,
#20 18.03     inlined from main at gen-arabic-shaping-tab.c:287:5:
#20 18.03 /usr/include/x86_64-linux-gnu/bits/stdio2.h:100:10: warning: %s directive argument is null [-Wformat-overflow=]
#20 18.03   100 |   return __fprintf_chk (__stream, __USE_FORTIFY_LEVEL - 1, __fmt,
#20 18.03       |          ^~~~~~~~~~~~~~~~~~~~~~~~~~~~~~~~~~~~~~~~~~~~~~~~~~~~~~~~
#20 18.03   101 |    __va_arg_pack ());
#20 18.03       |    ~~~~~~~~~~~~~~~~~
#20 18.10   CCLD     gen-arabic-shaping-tab
#20 18.23   GEN      arabic-shaping.tab.i
#20 18.66 make[3]: Leaving directory '/src/fribidi/gen.tab'
#20 18.68 make[3]: Entering directory '/src/fribidi/gen.tab'
#20 18.68   CC       gen_bidi_type_tab-gen-bidi-type-tab.o
#20 18.83   CC       gen_bidi_type_tab-packtab.o
#20 19.15   CCLD     gen-bidi-type-tab
#20 19.28   GEN      bidi-type.tab.i
#20 19.89 make[3]: Leaving directory '/src/fribidi/gen.tab'
#20 19.90 make[3]: Entering directory '/src/fribidi/gen.tab'
#20 19.91   CC       gen_joining_type_tab-gen-joining-type-tab.o
#20 20.07   CC       gen_joining_type_tab-packtab.o
#20 20.62   CCLD     gen-joining-type-tab
#20 20.75   GEN      joining-type.tab.i
#20 21.28 make[3]: Leaving directory '/src/fribidi/gen.tab'
#20 21.30 make[3]: Entering directory '/src/fribidi/gen.tab'
#20 21.30   CC       gen_mirroring_tab-gen-mirroring-tab.o
#20 21.43   CC       gen_mirroring_tab-packtab.o
#20 21.74   CCLD     gen-mirroring-tab
#20 21.88   GEN      mirroring.tab.i
#20 21.92 make[3]: Leaving directory '/src/fribidi/gen.tab'
#20 21.94 make[3]: Entering directory '/src/fribidi/gen.tab'
#20 21.94   CC       gen_brackets_tab-gen-brackets-tab.o
#20 22.09   CC       gen_brackets_tab-packtab.o
#20 22.40   CCLD     gen-brackets-tab
#20 22.53   GEN      brackets.tab.i
#20 22.56 Reading `unidata/BidiBrackets.txt'
#20 22.78 make[3]: Leaving directory '/src/fribidi/gen.tab'
#20 22.80 make[3]: Entering directory '/src/fribidi/gen.tab'
#20 22.80   CC       gen_brackets_type_tab-gen-brackets-type-tab.o
#20 22.91   CC       gen_brackets_type_tab-packtab.o
#20 23.21   CCLD     gen-brackets-type-tab
#20 23.35   GEN      brackets-type.tab.i
#20 23.39 make[3]: Leaving directory '/src/fribidi/gen.tab'
#20 23.39 make  install-am
#20 23.40 make[3]: Entering directory '/src/fribidi/lib'
#20 23.40   CC       libfribidi_la-fribidi.lo
#20 23.62   CC       libfribidi_la-fribidi-arabic.lo
#20 23.78   CC       libfribidi_la-fribidi-bidi.lo
#20 23.88 fribidi-bidi.c:577:28: warning: implicit conversion from enumeration type 'FriBidiCharType' to different enumeration type 'FriBidiParType' [-Wenum-conversion]
#20 23.88               *pbase_dir = FRIBIDI_LEVEL_TO_DIR (base_level);
#20 23.88                          ~ ^~~~~~~~~~~~~~~~~~~~~~~~~~~~~~~~~
#20 23.88 ./fribidi-bidi-types.h:257:32: note: expanded from macro 'FRIBIDI_LEVEL_TO_DIR'
#20 23.88         (FRIBIDI_LEVEL_IS_RTL (lev) ? FRIBIDI_TYPE_RTL : FRIBIDI_TYPE_LTR)
#20 23.88                                       ^~~~~~~~~~~~~~~~
#20 23.88 fribidi-bidi.c:577:28: warning: implicit conversion from enumeration type 'FriBidiCharType' to different enumeration type 'FriBidiParType' [-Wenum-conversion]
#20 23.88               *pbase_dir = FRIBIDI_LEVEL_TO_DIR (base_level);
#20 23.88                          ~ ^~~~~~~~~~~~~~~~~~~~~~~~~~~~~~~~~
#20 23.88 ./fribidi-bidi-types.h:257:51: note: expanded from macro 'FRIBIDI_LEVEL_TO_DIR'
#20 23.88         (FRIBIDI_LEVEL_IS_RTL (lev) ? FRIBIDI_TYPE_RTL : FRIBIDI_TYPE_LTR)
#20 23.88                                                          ^~~~~~~~~~~~~~~~
#20 23.88 fribidi-bidi.c:582:14: warning: implicit conversion from enumeration type 'FriBidiCharType' to different enumeration type 'FriBidiParType' [-Wenum-conversion]
#20 23.88   base_dir = FRIBIDI_LEVEL_TO_DIR (base_level);
#20 23.88            ~ ^~~~~~~~~~~~~~~~~~~~~~~~~~~~~~~~~
#20 23.88 ./fribidi-bidi-types.h:257:32: note: expanded from macro 'FRIBIDI_LEVEL_TO_DIR'
#20 23.88         (FRIBIDI_LEVEL_IS_RTL (lev) ? FRIBIDI_TYPE_RTL : FRIBIDI_TYPE_LTR)
#20 23.88                                       ^~~~~~~~~~~~~~~~
#20 23.88 fribidi-bidi.c:582:14: warning: implicit conversion from enumeration type 'FriBidiCharType' to different enumeration type 'FriBidiParType' [-Wenum-conversion]
#20 23.88   base_dir = FRIBIDI_LEVEL_TO_DIR (base_level);
#20 23.88            ~ ^~~~~~~~~~~~~~~~~~~~~~~~~~~~~~~~~
#20 23.88 ./fribidi-bidi-types.h:257:51: note: expanded from macro 'FRIBIDI_LEVEL_TO_DIR'
#20 23.88         (FRIBIDI_LEVEL_IS_RTL (lev) ? FRIBIDI_TYPE_RTL : FRIBIDI_TYPE_LTR)
#20 23.88                                                          ^~~~~~~~~~~~~~~~
#20 23.89 fribidi-bidi.c:1392:16: warning: implicit conversion from enumeration type 'FriBidiParType' to different enumeration type 'FriBidiCharType' [-Wenum-conversion]
#20 23.89             p->type = base_dir;
#20 23.89                     ~ ^~~~~~~~
#20 24.35 5 warnings generated.
#20 24.36   CC       libfribidi_la-fribidi-bidi-types.lo
#20 24.60   CC       libfribidi_la-fribidi-char-sets.lo
#20 24.77   CC       libfribidi_la-fribidi-char-sets-cap-rtl.lo
#20 24.99   CC       libfribidi_la-fribidi-char-sets-cp1255.lo
#20 25.11   CC       libfribidi_la-fribidi-char-sets-cp1256.lo
#20 25.23   CC       libfribidi_la-fribidi-char-sets-iso8859-6.lo
#20 25.34   CC       libfribidi_la-fribidi-char-sets-iso8859-8.lo
#20 25.47   CC       libfribidi_la-fribidi-char-sets-utf8.lo
#20 25.61   CC       libfribidi_la-fribidi-deprecated.lo
#20 25.73   CC       libfribidi_la-fribidi-joining.lo
#20 25.89   CC       libfribidi_la-fribidi-joining-types.lo
#20 26.08   CC       libfribidi_la-fribidi-mirroring.lo
#20 26.20   CC       libfribidi_la-fribidi-brackets.lo
#20 26.34   CC       libfribidi_la-fribidi-run.lo
#20 26.51   CC       libfribidi_la-fribidi-shape.lo
#20 26.62   CCLD     libfribidi.la
#20 26.84 make[4]: Entering directory '/src/fribidi/lib'
#20 26.85  /usr/bin/mkdir -p '/work/lib'
#20 26.85  /bin/bash ../libtool   --mode=install /usr/bin/install -c   libfribidi.la '/work/lib'
#20 26.89 libtool: install: /usr/bin/install -c .libs/libfribidi.lai /work/lib/libfribidi.la
#20 26.89 libtool: install: /usr/bin/install -c .libs/libfribidi.a /work/lib/libfribidi.a
#20 26.90 libtool: install: chmod 644 /work/lib/libfribidi.a
#20 26.91 libtool: install: ranlib /work/lib/libfribidi.a
#20 26.98 libtool: finish: PATH="/usr/local/sbin:/usr/local/bin:/usr/sbin:/usr/bin:/sbin:/bin:/out:/sbin" ldconfig -n /work/lib
#20 26.98 ----------------------------------------------------------------------
#20 26.98 Libraries have been installed in:
#20 26.98    /work/lib
#20 26.98 
#20 26.98 If you ever happen to want to link against installed libraries
#20 26.98 in a given directory, LIBDIR, you must either use libtool, and
#20 26.98 specify the full pathname of the library, or use the '-LLIBDIR'
#20 26.98 flag during linking and do at least one of the following:
#20 26.98    - add LIBDIR to the 'LD_LIBRARY_PATH' environment variable
#20 26.98      during execution
#20 26.98    - add LIBDIR to the 'LD_RUN_PATH' environment variable
#20 26.98      during linking
#20 26.98    - use the '-Wl,-rpath -Wl,LIBDIR' linker flag
#20 26.98    - have your system administrator add LIBDIR to '/etc/ld.so.conf'
#20 26.98 
#20 26.98 See any operating system documentation about shared libraries for
#20 26.98 more information, such as the ld(1) and ld.so(8) manual pages.
#20 26.98 ----------------------------------------------------------------------
#20 26.99  /usr/bin/mkdir -p '/work/include/fribidi'
#20 26.99  /usr/bin/install -c -m 644 fribidi-config.h '/work/include/fribidi'
#20 27.00  /usr/bin/mkdir -p '/work/include/fribidi'
#20 27.00  /usr/bin/install -c -m 644 fribidi-arabic.h fribidi-begindecls.h fribidi-bidi.h fribidi-bidi-types.h fribidi-bidi-types-list.h fribidi-common.h fribidi-char-sets.h fribidi-char-sets-list.h fribidi-deprecated.h fribidi-enddecls.h fribidi-flags.h fribidi-joining.h fribidi-joining-types.h fribidi-joining-types-list.h fribidi-mirroring.h fribidi-brackets.h fribidi-shape.h fribidi-types.h fribidi-unicode.h fribidi-unicode-version.h fribidi.h '/work/include/fribidi'
#20 27.01 make[4]: Leaving directory '/src/fribidi/lib'
#20 27.01 make[3]: Leaving directory '/src/fribidi/lib'
#20 27.01 make[2]: Leaving directory '/src/fribidi/lib'
#20 27.01 Making install in bin
#20 27.01 make[2]: Entering directory '/src/fribidi/bin'
#20 27.01   CC       fribidi-main.o
#20 27.17   CC       getopt.o
#20 27.20   CC       getopt1.o
#20 27.24   CCLD     fribidi
#20 27.49   CC       fribidi-benchmark.o
#20 27.58   CCLD     fribidi-benchmark
#20 27.82   CC       fribidi-bidi-types.o
#20 27.87   CCLD     fribidi-bidi-types
#20 28.11   CC       fribidi-caprtl2utf8.o
#20 28.17   CCLD     fribidi-caprtl2utf8
#20 28.41 make[3]: Entering directory '/src/fribidi/bin'
#20 28.41  /usr/bin/mkdir -p '/work/bin'
#20 28.42   /bin/bash ../libtool   --mode=install /usr/bin/install -c fribidi '/work/bin'
#20 28.46 libtool: install: /usr/bin/install -c fribidi /work/bin/fribidi
#20 28.47 make[3]: Nothing to be done for 'install-data-am'.
#20 28.47 make[3]: Leaving directory '/src/fribidi/bin'
#20 28.47 make[2]: Leaving directory '/src/fribidi/bin'
#20 28.47 Making install in doc
#20 28.47 make[2]: Entering directory '/src/fribidi/doc'
#20 28.51 Running c2man
#20 28.52 ../missing: 81: c2man: not found
#20 28.52 WARNING: 'c2man' is missing on your system.
#20 28.52          You might have modified some files without having the proper
#20 28.52          tools for further handling them.  Check the 'README' file, it
#20 28.52          often tells you about the needed prerequisites for installing
#20 28.52          this package.  You may also peek at any GNU archive site, in
#20 28.52          case some other package contains this missing 'c2man' program.
#20 28.53 make[3]: Entering directory '/src/fribidi/doc'
#20 28.56 Running c2man
#20 28.57 ../missing: 81: c2man: not found
#20 28.57 WARNING: 'c2man' is missing on your system.
#20 28.57          You might have modified some files without having the proper
#20 28.57          tools for further handling them.  Check the 'README' file, it
#20 28.57          often tells you about the needed prerequisites for installing
#20 28.57          this package.  You may also peek at any GNU archive site, in
#20 28.57          case some other package contains this missing 'c2man' program.
#20 28.58 make[3]: Leaving directory '/src/fribidi/doc'
#20 28.59 make[3]: Entering directory '/src/fribidi/doc'
#20 28.62 Running c2man
#20 28.62 ../missing: 81: c2man: not found
#20 28.63 WARNING: 'c2man' is missing on your system.
#20 28.63          You might have modified some files without having the proper
#20 28.63          tools for further handling them.  Check the 'README' file, it
#20 28.63          often tells you about the needed prerequisites for installing
#20 28.63          this package.  You may also peek at any GNU archive site, in
#20 28.63          case some other package contains this missing 'c2man' program.
#20 28.64 make[3]: Leaving directory '/src/fribidi/doc'
#20 28.64 make[3]: Entering directory '/src/fribidi/doc'
#20 28.68 Running c2man
#20 28.68 ../missing: 81: c2man: not found
#20 28.68 WARNING: 'c2man' is missing on your system.
#20 28.68          You might have modified some files without having the proper
#20 28.68          tools for further handling them.  Check the 'README' file, it
#20 28.68          often tells you about the needed prerequisites for installing
#20 28.68          this package.  You may also peek at any GNU archive site, in
#20 28.68          case some other package contains this missing 'c2man' program.
#20 28.69 make[3]: Leaving directory '/src/fribidi/doc'
#20 28.70 make[3]: Entering directory '/src/fribidi/doc'
#20 28.73 Running c2man
#20 28.74 ../missing: 81: c2man: not found
#20 28.74 WARNING: 'c2man' is missing on your system.
#20 28.74          You might have modified some files without having the proper
#20 28.74          tools for further handling them.  Check the 'README' file, it
#20 28.74          often tells you about the needed prerequisites for installing
#20 28.74          this package.  You may also peek at any GNU archive site, in
#20 28.74          case some other package contains this missing 'c2man' program.
#20 28.75 make[3]: Leaving directory '/src/fribidi/doc'
#20 28.76 make[3]: Entering directory '/src/fribidi/doc'
#20 28.79 Running c2man
#20 28.79 ../missing: 81: c2man: not found
#20 28.79 WARNING: 'c2man' is missing on your system.
#20 28.79          You might have modified some files without having the proper
#20 28.79          tools for further handling them.  Check the 'README' file, it
#20 28.79          often tells you about the needed prerequisites for installing
#20 28.79          this package.  You may also peek at any GNU archive site, in
#20 28.79          case some other package contains this missing 'c2man' program.
#20 28.80 make[3]: Leaving directory '/src/fribidi/doc'
#20 28.81 make[3]: Entering directory '/src/fribidi/doc'
#20 28.85 Running c2man
#20 28.85 ../missing: 81: c2man: not found
#20 28.85 WARNING: 'c2man' is missing on your system.
#20 28.85          You might have modified some files without having the proper
#20 28.85          tools for further handling them.  Check the 'README' file, it
#20 28.85          often tells you about the needed prerequisites for installing
#20 28.85          this package.  You may also peek at any GNU archive site, in
#20 28.85          case some other package contains this missing 'c2man' program.
#20 28.86 make[3]: Leaving directory '/src/fribidi/doc'
#20 28.87 make[3]: Entering directory '/src/fribidi/doc'
#20 28.90 Running c2man
#20 28.91 ../missing: 81: c2man: not found
#20 28.91 WARNING: 'c2man' is missing on your system.
#20 28.91          You might have modified some files without having the proper
#20 28.91          tools for further handling them.  Check the 'README' file, it
#20 28.91          often tells you about the needed prerequisites for installing
#20 28.91          this package.  You may also peek at any GNU archive site, in
#20 28.91          case some other package contains this missing 'c2man' program.
#20 28.92 make[3]: Leaving directory '/src/fribidi/doc'
#20 28.93 make[3]: Entering directory '/src/fribidi/doc'
#20 28.96 Running c2man
#20 28.96 ../missing: 81: c2man: not found
#20 28.96 WARNING: 'c2man' is missing on your system.
#20 28.96          You might have modified some files without having the proper
#20 28.96          tools for further handling them.  Check the 'README' file, it
#20 28.96          often tells you about the needed prerequisites for installing
#20 28.96          this package.  You may also peek at any GNU archive site, in
#20 28.96          case some other package contains this missing 'c2man' program.
#20 28.97 make[3]: Leaving directory '/src/fribidi/doc'
#20 28.98 make[3]: Entering directory '/src/fribidi/doc'
#20 29.02 Running c2man
#20 29.02 ../missing: 81: c2man: not found
#20 29.02 WARNING: 'c2man' is missing on your system.
#20 29.02          You might have modified some files without having the proper
#20 29.02          tools for further handling them.  Check the 'README' file, it
#20 29.02          often tells you about the needed prerequisites for installing
#20 29.02          this package.  You may also peek at any GNU archive site, in
#20 29.02          case some other package contains this missing 'c2man' program.
#20 29.03 make[3]: Leaving directory '/src/fribidi/doc'
#20 29.04 make[3]: Entering directory '/src/fribidi/doc'
#20 29.07 Running c2man
#20 29.08 ../missing: 81: c2man: not found
#20 29.08 WARNING: 'c2man' is missing on your system.
#20 29.08          You might have modified some files without having the proper
#20 29.08          tools for further handling them.  Check the 'README' file, it
#20 29.08          often tells you about the needed prerequisites for installing
#20 29.08          this package.  You may also peek at any GNU archive site, in
#20 29.08          case some other package contains this missing 'c2man' program.
#20 29.09 make[3]: Leaving directory '/src/fribidi/doc'
#20 29.10 make[3]: Entering directory '/src/fribidi/doc'
#20 29.13 Running c2man
#20 29.13 ../missing: 81: c2man: not found
#20 29.13 WARNING: 'c2man' is missing on your system.
#20 29.13          You might have modified some files without having the proper
#20 29.13          tools for further handling them.  Check the 'README' file, it
#20 29.13          often tells you about the needed prerequisites for installing
#20 29.13          this package.  You may also peek at any GNU archive site, in
#20 29.13          case some other package contains this missing 'c2man' program.
#20 29.14 make[3]: Leaving directory '/src/fribidi/doc'
#20 29.15 make[3]: Entering directory '/src/fribidi/doc'
#20 29.18 Running c2man
#20 29.19 ../missing: 81: c2man: not found
#20 29.19 WARNING: 'c2man' is missing on your system.
#20 29.19          You might have modified some files without having the proper
#20 29.19          tools for further handling them.  Check the 'README' file, it
#20 29.19          often tells you about the needed prerequisites for installing
#20 29.19          this package.  You may also peek at any GNU archive site, in
#20 29.19          case some other package contains this missing 'c2man' program.
#20 29.20 make[3]: Leaving directory '/src/fribidi/doc'
#20 29.21 make[3]: Entering directory '/src/fribidi/doc'
#20 29.24 Running c2man
#20 29.24 ../missing: 81: c2man: not found
#20 29.25 WARNING: 'c2man' is missing on your system.
#20 29.25          You might have modified some files without having the proper
#20 29.25          tools for further handling them.  Check the 'README' file, it
#20 29.25          often tells you about the needed prerequisites for installing
#20 29.25          this package.  You may also peek at any GNU archive site, in
#20 29.25          case some other package contains this missing 'c2man' program.
#20 29.25 make[3]: Leaving directory '/src/fribidi/doc'
#20 29.26 make[3]: Entering directory '/src/fribidi/doc'
#20 29.30 Running c2man
#20 29.30 ../missing: 81: c2man: not found
#20 29.30 WARNING: 'c2man' is missing on your system.
#20 29.30          You might have modified some files without having the proper
#20 29.30          tools for further handling them.  Check the 'README' file, it
#20 29.30          often tells you about the needed prerequisites for installing
#20 29.30          this package.  You may also peek at any GNU archive site, in
#20 29.30          case some other package contains this missing 'c2man' program.
#20 29.31 make[3]: Leaving directory '/src/fribidi/doc'
#20 29.32 make[3]: Entering directory '/src/fribidi/doc'
#20 29.35 Running c2man
#20 29.36 ../missing: 81: c2man: not found
#20 29.36 WARNING: 'c2man' is missing on your system.
#20 29.36          You might have modified some files without having the proper
#20 29.36          tools for further handling them.  Check the 'README' file, it
#20 29.36          often tells you about the needed prerequisites for installing
#20 29.36          this package.  You may also peek at any GNU archive site, in
#20 29.36          case some other package contains this missing 'c2man' program.
#20 29.37 make[3]: Leaving directory '/src/fribidi/doc'
#20 29.38 make[3]: Entering directory '/src/fribidi/doc'
#20 29.41 Running c2man
#20 29.41 ../missing: 81: c2man: not found
#20 29.41 WARNING: 'c2man' is missing on your system.
#20 29.41          You might have modified some files without having the proper
#20 29.41          tools for further handling them.  Check the 'README' file, it
#20 29.41          often tells you about the needed prerequisites for installing
#20 29.41          this package.  You may also peek at any GNU archive site, in
#20 29.41          case some other package contains this missing 'c2man' program.
#20 29.42 make[3]: Leaving directory '/src/fribidi/doc'
#20 29.43 make[3]: Entering directory '/src/fribidi/doc'
#20 29.46 Running c2man
#20 29.47 ../missing: 81: c2man: not found
#20 29.47 WARNING: 'c2man' is missing on your system.
#20 29.47          You might have modified some files without having the proper
#20 29.47          tools for further handling them.  Check the 'README' file, it
#20 29.47          often tells you about the needed prerequisites for installing
#20 29.47          this package.  You may also peek at any GNU archive site, in
#20 29.47          case some other package contains this missing 'c2man' program.
#20 29.48 make[3]: Leaving directory '/src/fribidi/doc'
#20 29.49 make[3]: Entering directory '/src/fribidi/doc'
#20 29.52 Running c2man
#20 29.52 ../missing: 81: c2man: not found
#20 29.53 WARNING: 'c2man' is missing on your system.
#20 29.53          You might have modified some files without having the proper
#20 29.53          tools for further handling them.  Check the 'README' file, it
#20 29.53          often tells you about the needed prerequisites for installing
#20 29.53          this package.  You may also peek at any GNU archive site, in
#20 29.53          case some other package contains this missing 'c2man' program.
#20 29.54 make[3]: Leaving directory '/src/fribidi/doc'
#20 29.54 make[3]: Entering directory '/src/fribidi/doc'
#20 29.58 Running c2man
#20 29.58 ../missing: 81: c2man: not found
#20 29.58 WARNING: 'c2man' is missing on your system.
#20 29.58          You might have modified some files without having the proper
#20 29.58          tools for further handling them.  Check the 'README' file, it
#20 29.58          often tells you about the needed prerequisites for installing
#20 29.58          this package.  You may also peek at any GNU archive site, in
#20 29.58          case some other package contains this missing 'c2man' program.
#20 29.59 make[3]: Leaving directory '/src/fribidi/doc'
#20 29.60 make[3]: Entering directory '/src/fribidi/doc'
#20 29.64 Running c2man
#20 29.64 ../missing: 81: c2man: not found
#20 29.64 WARNING: 'c2man' is missing on your system.
#20 29.64          You might have modified some files without having the proper
#20 29.64          tools for further handling them.  Check the 'README' file, it
#20 29.64          often tells you about the needed prerequisites for installing
#20 29.64          this package.  You may also peek at any GNU archive site, in
#20 29.64          case some other package contains this missing 'c2man' program.
#20 29.65 make[3]: Leaving directory '/src/fribidi/doc'
#20 29.66 make[3]: Entering directory '/src/fribidi/doc'
#20 29.69 Running c2man
#20 29.69 ../missing: 81: c2man: not found
#20 29.70 WARNING: 'c2man' is missing on your system.
#20 29.70          You might have modified some files without having the proper
#20 29.70          tools for further handling them.  Check the 'README' file, it
#20 29.70          often tells you about the needed prerequisites for installing
#20 29.70          this package.  You may also peek at any GNU archive site, in
#20 29.70          case some other package contains this missing 'c2man' program.
#20 29.71 make[3]: Leaving directory '/src/fribidi/doc'
#20 29.71 make[3]: Entering directory '/src/fribidi/doc'
#20 29.75 Running c2man
#20 29.75 ../missing: 81: c2man: not found
#20 29.75 WARNING: 'c2man' is missing on your system.
#20 29.75          You might have modified some files without having the proper
#20 29.75          tools for further handling them.  Check the 'README' file, it
#20 29.75          often tells you about the needed prerequisites for installing
#20 29.75          this package.  You may also peek at any GNU archive site, in
#20 29.75          case some other package contains this missing 'c2man' program.
#20 29.76 make[3]: Leaving directory '/src/fribidi/doc'
#20 29.77 make[3]: Entering directory '/src/fribidi/doc'
#20 29.80 Running c2man
#20 29.80 ../missing: 81: c2man: not found
#20 29.81 WARNING: 'c2man' is missing on your system.
#20 29.81          You might have modified some files without having the proper
#20 29.81          tools for further handling them.  Check the 'README' file, it
#20 29.81          often tells you about the needed prerequisites for installing
#20 29.81          this package.  You may also peek at any GNU archive site, in
#20 29.81          case some other package contains this missing 'c2man' program.
#20 29.82 make[3]: Leaving directory '/src/fribidi/doc'
#20 29.82 make[3]: Entering directory '/src/fribidi/doc'
#20 29.86 Running c2man
#20 29.86 ../missing: 81: c2man: not found
#20 29.86 WARNING: 'c2man' is missing on your system.
#20 29.86          You might have modified some files without having the proper
#20 29.86          tools for further handling them.  Check the 'README' file, it
#20 29.86          often tells you about the needed prerequisites for installing
#20 29.86          this package.  You may also peek at any GNU archive site, in
#20 29.86          case some other package contains this missing 'c2man' program.
#20 29.87 make[3]: Leaving directory '/src/fribidi/doc'
#20 29.88 make[3]: Entering directory '/src/fribidi/doc'
#20 29.91 Running c2man
#20 29.92 ../missing: 81: c2man: not found
#20 29.92 WARNING: 'c2man' is missing on your system.
#20 29.92          You might have modified some files without having the proper
#20 29.92          tools for further handling them.  Check the 'README' file, it
#20 29.92          often tells you about the needed prerequisites for installing
#20 29.92          this package.  You may also peek at any GNU archive site, in
#20 29.92          case some other package contains this missing 'c2man' program.
#20 29.93 make[3]: Leaving directory '/src/fribidi/doc'
#20 29.94 make[3]: Entering directory '/src/fribidi/doc'
#20 29.97 Running c2man
#20 29.97 ../missing: 81: c2man: not found
#20 29.98 WARNING: 'c2man' is missing on your system.
#20 29.98          You might have modified some files without having the proper
#20 29.98          tools for further handling them.  Check the 'README' file, it
#20 29.98          often tells you about the needed prerequisites for installing
#20 29.98          this package.  You may also peek at any GNU archive site, in
#20 29.98          case some other package contains this missing 'c2man' program.
#20 29.98 make[3]: Leaving directory '/src/fribidi/doc'
#20 29.99 make[3]: Entering directory '/src/fribidi/doc'
#20 30.03 Running c2man
#20 30.03 ../missing: 81: c2man: not found
#20 30.03 WARNING: 'c2man' is missing on your system.
#20 30.03          You might have modified some files without having the proper
#20 30.03          tools for further handling them.  Check the 'README' file, it
#20 30.03          often tells you about the needed prerequisites for installing
#20 30.03          this package.  You may also peek at any GNU archive site, in
#20 30.03          case some other package contains this missing 'c2man' program.
#20 30.04 make[3]: Leaving directory '/src/fribidi/doc'
#20 30.05 make[3]: Entering directory '/src/fribidi/doc'
#20 30.08 Running c2man
#20 30.09 ../missing: 81: c2man: not found
#20 30.09 WARNING: 'c2man' is missing on your system.
#20 30.09          You might have modified some files without having the proper
#20 30.09          tools for further handling them.  Check the 'README' file, it
#20 30.09          often tells you about the needed prerequisites for installing
#20 30.09          this package.  You may also peek at any GNU archive site, in
#20 30.09          case some other package contains this missing 'c2man' program.
#20 30.10 make[3]: Leaving directory '/src/fribidi/doc'
#20 30.10 make[3]: Entering directory '/src/fribidi/doc'
#20 30.14 Running c2man
#20 30.14 ../missing: 81: c2man: not found
#20 30.14 WARNING: 'c2man' is missing on your system.
#20 30.14          You might have modified some files without having the proper
#20 30.14          tools for further handling them.  Check the 'README' file, it
#20 30.14          often tells you about the needed prerequisites for installing
#20 30.14          this package.  You may also peek at any GNU archive site, in
#20 30.14          case some other package contains this missing 'c2man' program.
#20 30.15 make[3]: Leaving directory '/src/fribidi/doc'
#20 30.16 make[3]: Entering directory '/src/fribidi/doc'
#20 30.19 Running c2man
#20 30.20 ../missing: 81: c2man: not found
#20 30.20 WARNING: 'c2man' is missing on your system.
#20 30.20          You might have modified some files without having the proper
#20 30.20          tools for further handling them.  Check the 'README' file, it
#20 30.20          often tells you about the needed prerequisites for installing
#20 30.20          this package.  You may also peek at any GNU archive site, in
#20 30.20          case some other package contains this missing 'c2man' program.
#20 30.21 make[3]: Leaving directory '/src/fribidi/doc'
#20 30.22 make[3]: Entering directory '/src/fribidi/doc'
#20 30.25 Running c2man
#20 30.25 ../missing: 81: c2man: not found
#20 30.25 WARNING: 'c2man' is missing on your system.
#20 30.25          You might have modified some files without having the proper
#20 30.25          tools for further handling them.  Check the 'README' file, it
#20 30.25          often tells you about the needed prerequisites for installing
#20 30.25          this package.  You may also peek at any GNU archive site, in
#20 30.25          case some other package contains this missing 'c2man' program.
#20 30.26 make[3]: Leaving directory '/src/fribidi/doc'
#20 30.27 make[3]: Entering directory '/src/fribidi/doc'
#20 30.29 make[3]: Nothing to be done for 'install-exec-am'.
#20 30.45  /usr/bin/mkdir -p '/work/share/man/man3'
#20 30.46  /usr/bin/install -c -m 644 fribidi_charset_to_unicode.3 fribidi_debug_status.3 fribidi_get_bidi_type.3 fribidi_get_bidi_type_name.3 fribidi_get_bidi_types.3 fribidi_get_bracket.3 fribidi_get_bracket_types.3 fribidi_get_joining_type.3 fribidi_get_joining_type_name.3 fribidi_get_joining_types.3 fribidi_get_mirror_char.3 fribidi_get_par_direction.3 fribidi_get_par_embedding_levels.3 fribidi_get_par_embedding_levels_ex.3 fribidi_get_type.3 fribidi_get_type_internal.3 fribidi_join_arabic.3 fribidi_log2vis.3 fribidi_log2vis_get_embedding_levels.3 fribidi_mirroring_status.3 fribidi_parse_charset.3 fribidi_remove_bidi_marks.3 fribidi_reorder_line.3 fribidi_reorder_nsm_status.3 fribidi_set_debug.3 fribidi_set_mirroring.3 fribidi_set_reorder_nsm.3 fribidi_shape.3 fribidi_shape_arabic.3 fribidi_shape_mirroring.3 fribidi_unicode_to_charset.3 '/work/share/man/man3'
#20 30.47 make[3]: Leaving directory '/src/fribidi/doc'
#20 30.47 make[2]: Leaving directory '/src/fribidi/doc'
#20 30.47 Making install in test
#20 30.48 make[2]: Entering directory '/src/fribidi/test'
#20 30.48 Making install in unicode-conformance
#20 30.49 make[3]: Entering directory '/src/fribidi/test/unicode-conformance'
#20 30.49 make[4]: Entering directory '/src/fribidi/test/unicode-conformance'
#20 30.49 make[4]: Nothing to be done for 'install-exec-am'.
#20 30.49 make[4]: Nothing to be done for 'install-data-am'.
#20 30.49 make[4]: Leaving directory '/src/fribidi/test/unicode-conformance'
#20 30.49 make[3]: Leaving directory '/src/fribidi/test/unicode-conformance'
#20 30.50 make[3]: Entering directory '/src/fribidi/test'
#20 30.50 make[4]: Entering directory '/src/fribidi/test'
#20 30.50 make[4]: Nothing to be done for 'install-exec-am'.
#20 30.50 make[4]: Nothing to be done for 'install-data-am'.
#20 30.50 make[4]: Leaving directory '/src/fribidi/test'
#20 30.50 make[3]: Leaving directory '/src/fribidi/test'
#20 30.50 make[2]: Leaving directory '/src/fribidi/test'
#20 30.51 make[2]: Entering directory '/src/fribidi'
#20 30.52 make[3]: Entering directory '/src/fribidi'
#20 30.52 make[3]: Nothing to be done for 'install-exec-am'.
#20 30.52  /usr/bin/mkdir -p '/work/lib/pkgconfig'
#20 30.52  /usr/bin/install -c -m 644 fribidi.pc '/work/lib/pkgconfig'
#20 30.52 make[3]: Leaving directory '/src/fribidi'
#20 30.52 make[2]: Leaving directory '/src/fribidi'
#20 30.53 make[1]: Leaving directory '/src/fribidi'
#20 30.53 + cd /src/harfbuzz
#20 30.53 + build=/work/build
#20 30.53 + rm -rf /work/build
#20 30.53 + mkdir -p /work/build
#20 30.53 ++ echo /libAFL.a
#20 30.53 + CFLAGS='-DFUZZING_BUILD_MODE_UNSAFE_FOR_PRODUCTION -pthread -Wl,--no-as-needed -Wl,-ldl -Wl,-lm -Wno-unused-command-line-argument -O3 -fsanitize-coverage=trace-pc-guard -fno-sanitize=vptr'
#20 30.53 + CXXFLAGS='-DFUZZING_BUILD_MODE_UNSAFE_FOR_PRODUCTION -pthread -Wl,--no-as-needed -Wl,-ldl -Wl,-lm -Wno-unused-command-line-argument -stdlib=libc++ -O3 -fsanitize-coverage=trace-pc-guard -fno-sanitize=vptr'
#20 30.53 + meson --default-library=static --wrap-mode=nodownload -Dfuzzer_ldflags=/libAFL.a --prefix=/work/ --libdir=lib /work/build
#20 30.76 Traceback (most recent call last):
#20 30.76   File "/usr/local/bin/meson", line 6, in <module>
#20 30.76     from mesonbuild.mesonmain import main
#20 30.76   File "/usr/local/lib/python3.8/site-packages/mesonbuild/mesonmain.py", line 25, in <module>
#20 30.76     from . import mconf, mdist, minit, minstall, mintro, msetup, mtest, rewriter, msubprojects, munstable_coredata
#20 30.76   File "/usr/local/lib/python3.8/site-packages/mesonbuild/mconf.py", line 16, in <module>
#20 30.76     from . import coredata, environment, mesonlib, build, mintro, mlog
#20 30.76   File "/usr/local/lib/python3.8/site-packages/mesonbuild/build.py", line 24, in <module>
#20 30.76     from . import dependencies
#20 30.76   File "/usr/local/lib/python3.8/site-packages/mesonbuild/dependencies/__init__.py", line 15, in <module>
#20 30.76     from .boost import BoostDependency
#20 30.76   File "/usr/local/lib/python3.8/site-packages/mesonbuild/dependencies/boost.py", line 24, in <module>
#20 30.76     from .base import (DependencyException, ExternalDependency)
#20 30.76   File "/usr/local/lib/python3.8/site-packages/mesonbuild/dependencies/base.py", line 35, in <module>
#20 30.76     from ..cmake import CMakeExecutor, CMakeTraceParser, CMakeException
#20 30.76   File "/usr/local/lib/python3.8/site-packages/mesonbuild/cmake/__init__.py", line 31, in <module>
#20 30.76     from .client import CMakeClient
#20 30.76   File "/usr/local/lib/python3.8/site-packages/mesonbuild/cmake/client.py", line 19, in <module>
#20 30.76     from .executor import CMakeExecutor
#20 30.76   File "/usr/local/lib/python3.8/site-packages/mesonbuild/cmake/executor.py", line 24, in <module>
#20 30.76     import ctypes
#20 30.76   File "/usr/local/lib/python3.8/ctypes/__init__.py", line 7, in <module>
#20 30.76     from _ctypes import Union, Structure, Array
#20 30.76 ImportError: libffi.so.6: cannot open shared object file: No such file or directory
#20 30.78 + cat build/meson-logs/meson-log.txt
#20 30.78 cat: build/meson-logs/meson-log.txt: No such file or directory
#20 30.78 Traceback (most recent call last):
#20 30.78   File "<string>", line 1, in <module>
#20 30.78   File "/src/fuzzers/afl/fuzzer.py", line 40, in build
#20 30.78     utils.build_benchmark()
#20 30.78   File "/src/fuzzers/utils.py", line 82, in build_benchmark
#20 30.78     subprocess.check_call(['/bin/bash', '-ex', build_script], env=env)
#20 30.78   File "/usr/local/lib/python3.8/subprocess.py", line 364, in check_call
#20 30.78     raise CalledProcessError(retcode, cmd)
#20 30.78 subprocess.CalledProcessError: Command '['/bin/bash', '-ex', '/src/build.sh']' returned non-zero exit status 1.
#20 ERROR: executor failed running [/bin/sh -c echo "Run fuzzer_build to build the target" && if [ -z "$debug_builder" ] ; then fuzzer_build; fi]: exit code: 1
------
 > importing cache manifest from gcr.io/fuzzbench/builders/afl/libass_libass_fuzzer:
------
------
 > [stage-1 13/13] RUN echo "Run fuzzer_build to build the target" && if [ -z "$debug_builder" ] ; then fuzzer_build; fi:
------
executor failed running [/bin/sh -c echo "Run fuzzer_build to build the target" && if [ -z "$debug_builder" ] ; then fuzzer_build; fi]: exit code: 1
make: *** [docker/generated.mk:2684932: .afl-libass_libass_fuzzer-builder] Error 1
/bin/sh: 1: source: not found
#1 [internal] load build definition from Dockerfile
#1 sha256:14caa51d1d66baef1b81eba15d67824e630d9c2624af3305acb65ee4c7031f2c
#1 transferring dockerfile: 32B done
#1 DONE 0.7s

#2 [internal] load .dockerignore
#2 sha256:aa180f461493cef84bfb67da3262fe71dfad08d12a0ebb3fb0150ae7b53b4843
#2 transferring context: 2B done
#2 DONE 0.8s

#3 [internal] load metadata for gcr.io/oss-fuzz-base/base-builder:latest
#3 sha256:f10dc39cc9d418a5bc416dead31a1902b6821fdae909cd3b08f7a3fd1faba7b5
#3 DONE 0.5s

#5 [1/6] FROM gcr.io/oss-fuzz-base/base-builder@sha256:f4e5ea12494fab091c5d830cf803b3421f2860f729b9d1b07da44924396cf8cf
#5 sha256:ef290950573a2779ee526af357b28fbddfc20d7409aa51f58f777c9e972cba29
#5 DONE 0.0s

#4 importing cache manifest from gcr.io/fuzzbench/builders/benchmark/libass_libass_fuzzer
#4 sha256:94e868c30b6110f9921e8d56cb39d9df0a46df9e83ba60f712832a0443e6c581
#4 DONE 0.0s

#10 [internal] load build context
#10 sha256:e90e16cc15297e8bff6f7863c7807b0c560d4d96493d447eead906bc141f4290
#10 transferring context: 134B done
#10 DONE 0.0s

#9 [5/6] RUN git clone --depth 1 https://github.com/harfbuzz/harfbuzz.git
#9 sha256:6a3b4b44b178e5547211a54fd3ee6c1fbf0b3446de2b8353727d026916504bb6
#9 CACHED

#7 [3/6] RUN git clone --depth 1 https://github.com/libass/libass.git
#7 sha256:97bd7619df0bf7211e9c1be7237632df52a06256e0076f5da20d617549b904cb
#7 CACHED

#8 [4/6] RUN git clone --depth 1 https://github.com/behdad/fribidi.git
#8 sha256:ae1ef2fd95eed63a3a1e6d96a6ac661721be15f4a56b39efe74bbe06a03e5610
#8 CACHED

#6 [2/6] RUN apt-get update && apt-get install -y make autoconf automake libtool pkg-config libfreetype6-dev libfontconfig1-dev python3-pip &&     pip3 install meson==0.53.0 ninja
#6 sha256:9b0101c8fd45f69e8491379b8e34ab2b07e6074684289fa77cd2e49570f262d8
#6 CACHED

#11 [6/6] COPY build.sh libass_fuzzer.cc *.dict *.options /src/
#11 sha256:be6b051821d83882199832679a6c5e80253832ce56d6d5c96e95a7adb94f2a3b
#11 CACHED

#12 exporting to image
#12 sha256:e8c613e07b0b7ff33893b694f7759a10d42e180f2b4dc349fb57dc6b71dcab00
#12 exporting layers done
#12 writing image sha256:ca603f4f2ae0231c7d14d25322db299ba1bf21666d8d53bac4bf2afda8adb419
#12 writing image sha256:ca603f4f2ae0231c7d14d25322db299ba1bf21666d8d53bac4bf2afda8adb419 done
#12 naming to gcr.io/fuzzbench/builders/benchmark/libass_libass_fuzzer done
#12 DONE 0.2s

#13 exporting cache
#13 sha256:2700d4ef94dee473593c5c614b55b2dedcca7893909811a8f2b48291a1f581e4
#13 preparing build cache for export done
#13 DONE 0.0s
#1 [internal] load build definition from builder.Dockerfile
#1 sha256:6fda145b650f493a286073e70b89801b65276f12540c148885f89fd39845024e
#1 transferring dockerfile: 46B done
#1 DONE 0.1s

#2 [internal] load .dockerignore
#2 sha256:05a7db5675dbca26f6a20b604be3f98efb86844b127f84c5e41263b4eaa31336
#2 transferring context: 2B done
#2 DONE 0.1s

#3 [internal] load metadata for gcr.io/fuzzbench/builders/benchmark/libass_libass_fuzzer:latest
#3 sha256:1f65af8c8245fe7ac5b72b313253af8975fb9835306ec1fcd5c0c33f57ac76e8
#3 DONE 0.0s

#4 importing cache manifest from gcr.io/fuzzbench/builders/afl/libass_libass_fuzzer-intermediate
#4 sha256:83acf45c9ac1c4ee9357072c5554848c4ee24eeb694fd819206761aa8355f566
#4 DONE 0.0s

#5 [1/3] FROM gcr.io/fuzzbench/builders/benchmark/libass_libass_fuzzer
#5 sha256:369f10bf56fee4517e53f3a78950532a7cdcc0a17097404038e13e2a2c142bfb
#5 DONE 0.0s

#6 [2/3] RUN git clone https://github.com/google/AFL.git /afl &&     cd /afl &&     git checkout 61037103ae3722c8060ff7082994836a794f978e &&     AFL_NO_X86=1 make
#6 sha256:07937f03c14a9436d13ea73762256cb7eb3d0ffe2ac7344b11f2a5472c5cbd59
#6 CACHED

#7 [3/3] RUN apt-get update &&     apt-get install wget -y &&     wget https://raw.githubusercontent.com/llvm/llvm-project/5feb80e748924606531ba28c97fe65145c65372e/compiler-rt/lib/fuzzer/afl/afl_driver.cpp -O /afl/afl_driver.cpp &&     clang -Wno-pointer-sign -c /afl/llvm_mode/afl-llvm-rt.o.c -I/afl &&     clang++ -stdlib=libc++ -std=c++11 -O2 -c /afl/afl_driver.cpp &&     ar r /libAFL.a *.o
#7 sha256:8e26f7941345fc0e6cdfd4515fed0c490d0f5abe0907d64931eabe3ffcbb2696
#7 CACHED

#8 exporting to image
#8 sha256:e8c613e07b0b7ff33893b694f7759a10d42e180f2b4dc349fb57dc6b71dcab00
#8 exporting layers done
#8 writing image sha256:5a8411702aa104b3431af4f168f878e35392c0832a5de619ef589b47d65f256f 0.0s done
#8 naming to gcr.io/fuzzbench/builders/afl/libass_libass_fuzzer-intermediate done
#8 DONE 0.5s

#9 exporting cache
#9 sha256:2700d4ef94dee473593c5c614b55b2dedcca7893909811a8f2b48291a1f581e4
#9 preparing build cache for export done
#9 DONE 0.0s
#1 [internal] load build definition from Dockerfile
#1 sha256:0a37e76f4832206c7d887891ff2b9d9b34331e36236026d6127383cf8517a48d
#1 transferring dockerfile: 2.00kB done
#1 DONE 0.1s

#2 [internal] load .dockerignore
#2 sha256:14851d08f342eb8431dce8c261bcf11f27c8d9ad094d4146b045b3ea0e02f20f
#2 transferring context: 34B done
#2 DONE 0.1s

#3 [internal] load metadata for docker.io/library/ubuntu:xenial
#3 sha256:f62bae18ed588840f045c881b2502661f2a89578a2f8f99b83f5200ee83dd25b
#3 DONE 0.0s

#4 importing cache manifest from gcr.io/fuzzbench/base-image
#4 sha256:9b220ebb4d4daceed1b96df9b6dca076e762f1cd612574f010b82d5b9e5ad896
#4 DONE 0.0s

#5 [1/7] FROM docker.io/library/ubuntu:xenial
#5 sha256:14dd403f25ae9e519bd44f27dc17af7ce80f5a4f9f48ca88108364e67ec5d360
#5 DONE 0.0s

#8 [internal] load build context
#8 sha256:2f4445fa65e0907edfdab12e4e7a32d9b77658abf84dcfa01020da2e8cf40b81
#8 transferring context: 559B 0.0s done
#8 DONE 0.1s

#6 [2/7] RUN apt-get update -y && apt-get install -y     build-essential     rsync     curl     zlib1g-dev     libncurses5-dev     libgdbm-dev     libnss3-dev     libssl-dev     libreadline-dev     libffi-dev     virtualenv     libbz2-dev     liblzma-dev     libsqlite3-dev
#6 sha256:3a1b0960f17eed529eaae93dc8fd3554f2743dd584d8fa569cdbe6bc734371ac
#6 CACHED

#7 [3/7] RUN cd /tmp/ &&     curl -O https://www.python.org/ftp/python/3.8.6/Python-3.8.6.tar.xz &&     tar -xvf Python-3.8.6.tar.xz &&     cd Python-3.8.6 &&     ./configure --enable-loadable-sqlite-extensions --enable-optimizations &&     make -j install &&     rm -r /tmp/Python-3.8.6.tar.xz /tmp/Python-3.8.6
#7 sha256:c5b9d1fb3371e84dbc60b76e7b2f8d5913bc93bcd4910ab65daa03e7b2ec4bb0
#7 CACHED

#9 [4/7] COPY ./requirements.txt /
#9 sha256:8759521e003f9cfc7fc46aadfc429541c720c937e8c9016904bc66d80f320566
#9 CACHED

#10 [5/7] RUN pip3 install -r /requirements.txt
#10 sha256:543c3790a057bf2d964b2f59f0ac93fa8952e3731970a6e11d85cf1b38ace72a
#10 CACHED

#11 [6/7] RUN apt-get update -y && apt-get install -y     apt-transport-https     lsb-release
#11 sha256:bd64d14698636a5aeb01c123fe76fabf4257045a9f244630f3bcbff00bbed031
#11 CACHED

#12 [7/7] RUN CLOUD_SDK_REPO="cloud-sdk-$(lsb_release -c -s)" &&     echo "deb https://packages.cloud.google.com/apt $CLOUD_SDK_REPO main"     | tee -a /etc/apt/sources.list.d/google-cloud-sdk.list &&     curl https://packages.cloud.google.com/apt/doc/apt-key.gpg     | apt-key add - &&     apt-get update -y &&     apt-get install -y google-cloud-sdk
#12 sha256:f1f21fc39faab1829f557fed6908d17f47a49bc1b838e7f913a6cceaf7fb38ad
#12 CACHED

#13 exporting to image
#13 sha256:e8c613e07b0b7ff33893b694f7759a10d42e180f2b4dc349fb57dc6b71dcab00
#13 exporting layers done
#13 writing image sha256:3e04b5fd0a277df2bc5cd3367dbf9178b152077681f3e4447621291a56e5d56f
#13 writing image sha256:3e04b5fd0a277df2bc5cd3367dbf9178b152077681f3e4447621291a56e5d56f 0.0s done
#13 naming to gcr.io/fuzzbench/base-image done
#13 DONE 0.1s

#14 exporting cache
#14 sha256:2700d4ef94dee473593c5c614b55b2dedcca7893909811a8f2b48291a1f581e4
#14 preparing build cache for export done
#14 DONE 0.0s
#1 [internal] load build definition from Dockerfile
#1 sha256:82f2d217d2e44fef56182f696b35d9973dbd28ce4ab89bf4299902833331c3a5
#1 transferring dockerfile: 2.22kB done
#1 DONE 0.1s

#2 [internal] load .dockerignore
#2 sha256:fd9cda654986a3b5a5540abf7c6b94db3e80138828e97a89e598e61346b05ca3
#2 transferring context: 34B done
#2 DONE 0.1s

#4 [internal] load metadata for gcr.io/fuzzbench/base-image:latest
#4 sha256:932022888f650cc455b10eb5123bb08c0cccacac29a693e69314abbfd28a72c3
#4 DONE 0.0s

#3 [internal] load metadata for gcr.io/fuzzbench/builders/afl/libass_libass_fuzzer-intermediate:latest
#3 sha256:cf9708ed270b05d70ee6a717c8b9d4c3bcbffa64496914167c1660545c29b311
#3 DONE 0.0s

#12 [internal] load build context
#12 sha256:e830f02869cdb5f1d7b145a771c47d00f3b01d67d5ab870780c6f77da1a83f1d
#12 DONE 0.0s

#7 [base-image 1/1] FROM gcr.io/fuzzbench/base-image
#7 sha256:4d07825694520f8b6f6a0d8592dbd345433361ae044cb7f06706c5a95e3daaad
#7 DONE 0.0s

#6 [stage-1  1/13] FROM gcr.io/fuzzbench/builders/afl/libass_libass_fuzzer-intermediate
#6 sha256:348a13eafadaba023d4ba0ffbc340803af6047844fa840b4ac9a28721a02b1ba
#6 DONE 0.0s

#5 importing cache manifest from gcr.io/fuzzbench/builders/afl/libass_libass_fuzzer
#5 sha256:193baf8529e4f8b0235c4bbe4ee44fa61a5cd02e6116a31113a09c455f9d7578
#5 ERROR: gcr.io/fuzzbench/builders/afl/libass_libass_fuzzer:latest: not found

#12 [internal] load build context
#12 sha256:e830f02869cdb5f1d7b145a771c47d00f3b01d67d5ab870780c6f77da1a83f1d
#12 transferring context: 669.88kB 0.1s done
#12 DONE 0.2s

#18 [stage-1 11/13] RUN export CHECKOUT_COMMIT=$(cat /benchmark.yaml | tr -d ' ' | grep 'commit:' | cut -d ':' -f2) &&     python3 -u /opt/fuzzbench/checkout_commit.py $CHECKOUT_COMMIT /src
#18 sha256:13544d050d5195b45f5bc6561a6403d7de55ee9ef3d5402ce31de3e694bd5007
#18 CACHED

#9 [stage-1  3/13] COPY --from=base-image /usr/local/lib/python3.8 /usr/local/lib/python3.8
#9 sha256:a2dd90876e926dbf89f1178747628c9a4ae5d6fd6b28b16b6ab14c137c9a8a58
#9 CACHED

#10 [stage-1  4/13] COPY --from=base-image /usr/local/include/python3.8 /usr/local/include/python3.8
#10 sha256:01bab5d526ea81e599239c9efef582d839b4b7463af2acd569f4b87dfb104bbf
#10 CACHED

#17 [stage-1 10/13] COPY docker/benchmark-builder/checkout_commit.py /opt/fuzzbench/
#17 sha256:07533a3982356b1202edbe3e09e609c2c522ab854f5dd5c18a6232104da2b710
#17 CACHED

#13 [stage-1  6/13] COPY fuzzers /src/fuzzers
#13 sha256:9976b0cc29ccc7b9095bb878632a2ec10c77596237483c6b017b0a381143d71f
#13 CACHED

#14 [stage-1  7/13] RUN touch /src/__init__.py
#14 sha256:899d79c905c8250c326d99cbdd8fb1ebc54114a1721b61f88a12773cb1a9cecd
#14 CACHED

#8 [stage-1  2/13] COPY --from=base-image /usr/local/bin/python3* /usr/local/bin/
#8 sha256:68e503f603dfc9f9eb65ff32c710340ced1a0f0dc109f72820f9cc5a39911081
#8 CACHED

#16 [stage-1  9/13] RUN mkdir /opt/fuzzbench/
#16 sha256:f49c2cf2623c7e3ea7509126980e4030c5c2867b2aaa1da7270e6e823bbdc117
#16 CACHED

#11 [stage-1  5/13] COPY --from=base-image /usr/local/lib/python3.8/site-packages /usr/local/lib/python3.8/site-packages
#11 sha256:0a2f1a7ff4cf4846a2df0939a35e0114a88a62b74d93ad8803e7ab2849777619
#11 CACHED

#15 [stage-1  8/13] COPY benchmarks/libass_libass_fuzzer/benchmark.yaml /
#15 sha256:4715de60e59569787cf6bec5f4b93e02a41f85571f3da27c99b37b59bca26b91
#15 CACHED

#19 [stage-1 12/13] RUN echo "#!/bin/bash\nPYTHONPATH=/src python3 -u -c "from fuzzers import utils; utils.initialize_env(); from fuzzers.afl import fuzzer; fuzzer.build()"" > /usr/bin/fuzzer_build &&     chmod +x /usr/bin/fuzzer_build
#19 sha256:d1296c1beb0c494d96b15b8cc261467176bd4c591a8d5cc034bd04cdbd7aae7c
#19 CACHED

#20 [stage-1 13/13] RUN echo "Run fuzzer_build to build the target" && if [ -z "$debug_builder" ] ; then fuzzer_build; fi
#20 sha256:9cb27c9e8c80f5c4f6f8c7ce64b51edb979b849cbd2bbde05a763b4afa2264db
#20 0.466 Run fuzzer_build to build the target
#20 0.578 FUZZ_TARGET = libass_fuzzer
#20 0.578 CFLAGS = -DFUZZING_BUILD_MODE_UNSAFE_FOR_PRODUCTION -pthread -Wl,--no-as-needed -Wl,-ldl -Wl,-lm -Wno-unused-command-line-argument -O3
#20 0.578 CXXFLAGS = -DFUZZING_BUILD_MODE_UNSAFE_FOR_PRODUCTION -pthread -Wl,--no-as-needed -Wl,-ldl -Wl,-lm -Wno-unused-command-line-argument -stdlib=libc++ -O3
#20 0.618 Building benchmark libass_libass_fuzzer with fuzzer afl
#20 0.621 + cd /src/fribidi
#20 0.621 + ./autogen.sh --disable-docs --enable-static=yes --enable-shared=no --with-pic=yes --prefix=/work/
#20 0.624 checking for pkg-config... /usr/bin/pkg-config
#20 0.626 checking for libtoolize... /usr/bin/libtoolize
#20 0.628 checking for autoreconf... /usr/bin/autoreconf
#20 0.629 running autoreconf --force --install --verbose
#20 0.974 autoreconf: Entering directory `.'
#20 0.975 autoreconf: configure.ac: not using Gettext
#20 1.976 autoreconf: running: aclocal --force -I m4
#20 3.826 autoreconf: configure.ac: tracing
#20 4.425 autoreconf: running: libtoolize --copy --force
#20 4.746 libtoolize: putting auxiliary files in '.'.
#20 4.746 libtoolize: copying file './ltmain.sh'
#20 4.789 libtoolize: putting macros in AC_CONFIG_MACRO_DIRS, 'm4'.
#20 4.789 libtoolize: copying file 'm4/libtool.m4'
#20 4.831 libtoolize: copying file 'm4/ltoptions.m4'
#20 4.875 libtoolize: copying file 'm4/ltsugar.m4'
#20 4.919 libtoolize: copying file 'm4/ltversion.m4'
#20 4.964 libtoolize: copying file 'm4/lt~obsolete.m4'
#20 6.946 autoreconf: running: /usr/bin/autoconf --force
#20 7.746 autoreconf: running: /usr/bin/autoheader --force
#20 8.683 autoreconf: running: automake --add-missing --copy --force-missing
#20 9.545 configure.ac:44: installing './ar-lib'
#20 9.549 configure.ac:44: installing './compile'
#20 9.552 configure.ac:48: installing './config.guess'
#20 9.556 configure.ac:48: installing './config.sub'
#20 9.559 configure.ac:41: installing './install-sh'
#20 9.562 configure.ac:41: installing './missing'
#20 9.582 Makefile.am: installing './INSTALL'
#20 9.648 bin/Makefile.am: installing './depcomp'
#20 9.690 lib/Headers.mk:25: warning: shell cat $(top_srcdir: non-POSIX variable name
#20 9.690 lib/Headers.mk:25: (probably a GNU make extension)
#20 9.690 doc/Makefile.am:16:   'lib/Headers.mk' included from here
#20 9.690 doc/Makefile.am:21: warning: shell sed '$$d' $(top_srcdir: non-POSIX variable name
#20 9.690 doc/Makefile.am:21: (probably a GNU make extension)
#20 9.778 gen.tab/Makefile.am:28: warning: 'CFLAGS' is a user variable, you should not override it;
#20 9.778 gen.tab/Makefile.am:28: use 'AM_CFLAGS' instead
#20 9.778 gen.tab/Makefile.am:29: warning: 'LDFLAGS' is a user variable, you should not override it;
#20 9.778 gen.tab/Makefile.am:29: use 'AM_LDFLAGS' instead
#20 9.813 lib/Headers.mk:25: warning: shell cat $(top_srcdir: non-POSIX variable name
#20 9.813 lib/Headers.mk:25: (probably a GNU make extension)
#20 9.813 lib/Makefile.am:15:   'lib/Headers.mk' included from here
#20 9.931 parallel-tests: installing './test-driver'
#20 10.04 autoreconf: Leaving directory `.'
#20 10.04 running configure --disable-docs --enable-static=yes --enable-shared=no --with-pic=yes --prefix=/work/
#20 10.21 configure: WARNING: unrecognized options: --disable-docs
#20 10.28 checking for a BSD-compatible install... /usr/bin/install -c
#20 10.30 checking whether build environment is sane... yes
#20 10.31 checking for a thread-safe mkdir -p... /usr/bin/mkdir -p
#20 10.32 checking for gawk... no
#20 10.32 checking for mawk... mawk
#20 10.32 checking whether make sets $(MAKE)... yes
#20 10.34 checking whether make supports nested variables... yes
#20 10.35 checking whether make supports nested variables... (cached) yes
#20 10.35 checking whether make supports the include directive... yes (GNU style)
#20 10.36 checking for gcc... clang
#20 10.43 checking whether the C compiler works... yes
#20 10.56 checking for C compiler default output file name... a.out
#20 10.56 checking for suffix of executables... 
#20 10.69 checking whether we are cross compiling... no
#20 10.82 checking for suffix of object files... o
#20 10.85 checking whether we are using the GNU C compiler... yes
#20 10.88 checking whether clang accepts -g... yes
#20 10.90 checking for clang option to accept ISO C89... none needed
#20 10.95 checking whether clang understands -c and -o together... yes
#20 10.99 checking dependency style of clang... gcc3
#20 11.05 checking for ar... ar
#20 11.05 checking the archiver (ar) interface... ar
#20 11.10 checking build system type... x86_64-pc-linux-gnu
#20 11.18 checking host system type... x86_64-pc-linux-gnu
#20 11.18 checking how to print strings... printf
#20 11.23 checking for a sed that does not truncate output... /usr/bin/sed
#20 11.24 checking for grep that handles long lines and -e... /usr/bin/grep
#20 11.25 checking for egrep... /usr/bin/grep -E
#20 11.25 checking for fgrep... /usr/bin/grep -F
#20 11.25 checking for ld used by clang... /usr/bin/ld
#20 11.27 checking if the linker (/usr/bin/ld) is GNU ld... yes
#20 11.27 checking for BSD- or MS-compatible name lister (nm)... /usr/bin/nm -B
#20 11.28 checking the name lister (/usr/bin/nm -B) interface... BSD nm
#20 11.31 checking whether ln -s works... yes
#20 11.31 checking the maximum length of command line arguments... 1572864
#20 11.32 checking how to convert x86_64-pc-linux-gnu file names to x86_64-pc-linux-gnu format... func_convert_file_noop
#20 11.32 checking how to convert x86_64-pc-linux-gnu file names to toolchain format... func_convert_file_noop
#20 11.32 checking for /usr/bin/ld option to reload object files... -r
#20 11.33 checking for objdump... objdump
#20 11.33 checking how to recognize dependent libraries... pass_all
#20 11.33 checking for dlltool... no
#20 11.33 checking how to associate runtime and link libraries... printf %s\n
#20 11.33 checking for archiver @FILE support... @
#20 11.37 checking for strip... strip
#20 11.38 checking for ranlib... ranlib
#20 11.38 checking command to parse /usr/bin/nm -B output from clang object... ok
#20 11.55 checking for sysroot... no
#20 11.55 checking for a working dd... /usr/bin/dd
#20 11.56 checking how to truncate binary pipes... /usr/bin/dd bs=4096 count=1
#20 11.59 checking for mt... no
#20 11.59 checking if : is a manifest tool... no
#20 11.60 checking how to run the C preprocessor... clang -E
#20 11.70 checking for ANSI C header files... yes
#20 11.95 checking for sys/types.h... yes
#20 12.01 checking for sys/stat.h... yes
#20 12.07 checking for stdlib.h... yes
#20 12.13 checking for string.h... yes
#20 12.19 checking for memory.h... yes
#20 12.25 checking for strings.h... yes
#20 12.31 checking for inttypes.h... yes
#20 12.37 checking for stdint.h... yes
#20 12.44 checking for unistd.h... yes
#20 12.51 checking for dlfcn.h... yes
#20 12.57 checking for objdir... .libs
#20 12.74 checking if clang supports -fno-rtti -fno-exceptions... yes
#20 12.78 checking for clang option to produce PIC... -fPIC -DPIC
#20 12.78 checking if clang PIC flag -fPIC -DPIC works... yes
#20 12.81 checking if clang static flag -static works... yes
#20 12.99 checking if clang supports -c -o file.o... yes
#20 13.03 checking if clang supports -c -o file.o... (cached) yes
#20 13.03 checking whether the clang linker (/usr/bin/ld -m elf_x86_64) supports shared libraries... yes
#20 13.05 checking dynamic linker characteristics... GNU/Linux ld.so
#20 13.22 checking how to hardcode library paths into programs... immediate
#20 13.22 checking whether stripping libraries is possible... yes
#20 13.23 checking if libtool supports shared libraries... yes
#20 13.23 checking whether to build shared libraries... no
#20 13.23 checking whether to build static libraries... yes
#20 13.23 checking for gcc... (cached) clang
#20 13.30 checking whether we are using the GNU C compiler... (cached) yes
#20 13.30 checking whether clang accepts -g... (cached) yes
#20 13.30 checking for clang option to accept ISO C89... (cached) none needed
#20 13.31 checking whether clang understands -c and -o together... (cached) yes
#20 13.31 checking dependency style of clang... (cached) gcc3
#20 13.31 checking for pkg-config... /usr/bin/pkg-config
#20 13.31 checking pkg-config is at least version 0.9.0... yes
#20 13.31 checking for native Win32... no
#20 13.31 checking for some Win32 platform... no
#20 13.31 checking for ANSI C header files... (cached) yes
#20 13.32 checking for stdlib.h... (cached) yes
#20 13.33 checking for string.h... (cached) yes
#20 13.34 checking for strings.h... (cached) yes
#20 13.35 checking wchar.h usability... yes
#20 13.41 checking wchar.h presence... yes
#20 13.44 checking for wchar.h... yes
#20 13.45 checking asm/page.h usability... no
#20 13.51 checking asm/page.h presence... no
#20 13.54 checking for asm/page.h... no
#20 13.54 checking sys/times.h usability... yes
#20 13.60 checking sys/times.h presence... yes
#20 13.62 checking for sys/times.h... yes
#20 13.63 checking for an ANSI C-conforming const... yes
#20 13.66 checking for preprocessor stringizing operator... yes
#20 13.68 checking size of int... 4
#20 13.85 checking size of short... 2
#20 14.02 checking size of void *... 8
#20 14.18 checking size of wchar_t... 4
#20 14.34 checking for gcc... gcc
#20 14.38 checking whether we are using the GNU C compiler... (cached) yes
#20 14.38 checking whether gcc accepts -g... yes
#20 14.41 checking for gcc option to accept ISO C89... (cached) none needed
#20 14.41 checking whether gcc understands -c and -o together... (cached) yes
#20 14.41 checking dependency style of gcc... (cached) gcc3
#20 14.41 checking how to run the C preprocessor... gcc -E
#20 14.51 checking for memmove... yes
#20 14.66 checking for memset... yes
#20 14.81 checking for strdup... yes
#20 14.94 checking return type of signal handlers... void
#20 15.03 checking that generated files are newer than configure... done
#20 15.03 configure: creating ./config.status
#20 15.82 config.status: creating fribidi.pc
#20 15.84 config.status: creating lib/fribidi-config.h
#20 15.87 config.status: creating Makefile
#20 15.89 config.status: creating gen.tab/Makefile
#20 15.92 config.status: creating lib/Makefile
#20 15.94 config.status: creating bin/Makefile
#20 15.97 config.status: creating doc/Makefile
#20 16.00 config.status: creating test/Makefile
#20 16.02 config.status: creating test/unicode-conformance/Makefile
#20 16.05 config.status: creating config.h
#20 16.06 config.status: executing depfiles commands
#20 16.30 config.status: executing libtool commands
#20 16.31 configure: WARNING: unrecognized options: --disable-docs
#20 16.36 + make install
#20 16.36 (cd lib && make  fribidi-unicode-version.h)
#20 16.37 make[1]: Entering directory '/src/fribidi/lib'
#20 16.37 make[2]: Entering directory '/src/fribidi/gen.tab'
#20 16.37   CC       gen-unicode-version.o
#20 16.55   CCLD     gen-unicode-version
#20 16.66   GEN      fribidi-unicode-version.h
#20 16.66 make[2]: Leaving directory '/src/fribidi/gen.tab'
#20 16.66 make[1]: Leaving directory '/src/fribidi/lib'
#20 16.67 make  install-recursive
#20 16.67 make[1]: Entering directory '/src/fribidi'
#20 16.67 Making install in gen.tab
#20 16.68 make[2]: Entering directory '/src/fribidi/gen.tab'
#20 16.68 make[3]: Entering directory '/src/fribidi/gen.tab'
#20 16.68 make[3]: Nothing to be done for 'install-exec-am'.
#20 16.68 make[3]: Nothing to be done for 'install-data-am'.
#20 16.68 make[3]: Leaving directory '/src/fribidi/gen.tab'
#20 16.68 make[2]: Leaving directory '/src/fribidi/gen.tab'
#20 16.68 Making install in lib
#20 16.68 make[2]: Entering directory '/src/fribidi/lib'
#20 16.69 make[3]: Entering directory '/src/fribidi/gen.tab'
#20 16.69   GEN      fribidi-unicode-version.h
#20 16.70   CC       gen-arabic-shaping-tab.o
#20 16.77 In file included from /usr/include/stdio.h:867,
#20 16.77                  from gen-arabic-shaping-tab.c:32:
#20 16.77 In function fprintf,
#20 16.77     inlined from die3 at gen-arabic-shaping-tab.c:89:3,
#20 16.77     inlined from main at gen-arabic-shaping-tab.c:287:5:
#20 16.77 /usr/include/x86_64-linux-gnu/bits/stdio2.h:100:10: warning: %s directive argument is null [-Wformat-overflow=]
#20 16.77   100 |   return __fprintf_chk (__stream, __USE_FORTIFY_LEVEL - 1, __fmt,
#20 16.77       |          ^~~~~~~~~~~~~~~~~~~~~~~~~~~~~~~~~~~~~~~~~~~~~~~~~~~~~~~~
#20 16.77   101 |    __va_arg_pack ());
#20 16.77       |    ~~~~~~~~~~~~~~~~~
#20 16.85   CCLD     gen-arabic-shaping-tab
#20 16.95   GEN      arabic-shaping.tab.i
#20 16.99 make[3]: Leaving directory '/src/fribidi/gen.tab'
#20 17.00 make[3]: Entering directory '/src/fribidi/gen.tab'
#20 17.00   CC       gen_bidi_type_tab-gen-bidi-type-tab.o
#20 17.13   CC       gen_bidi_type_tab-packtab.o
#20 17.44   CCLD     gen-bidi-type-tab
#20 17.55   GEN      bidi-type.tab.i
#20 18.16 make[3]: Leaving directory '/src/fribidi/gen.tab'
#20 18.18 make[3]: Entering directory '/src/fribidi/gen.tab'
#20 18.18   CC       gen_joining_type_tab-gen-joining-type-tab.o
#20 18.82   CC       gen_joining_type_tab-packtab.o
#20 19.12   CCLD     gen-joining-type-tab
#20 19.25   GEN      joining-type.tab.i
#20 19.78 make[3]: Leaving directory '/src/fribidi/gen.tab'
#20 19.80 make[3]: Entering directory '/src/fribidi/gen.tab'
#20 19.80   CC       gen_mirroring_tab-gen-mirroring-tab.o
#20 19.91   CC       gen_mirroring_tab-packtab.o
#20 20.23   CCLD     gen-mirroring-tab
#20 20.36   GEN      mirroring.tab.i
#20 20.40 make[3]: Leaving directory '/src/fribidi/gen.tab'
#20 20.42 make[3]: Entering directory '/src/fribidi/gen.tab'
#20 20.42   CC       gen_brackets_tab-gen-brackets-tab.o
#20 20.56   CC       gen_brackets_tab-packtab.o
#20 20.86   CCLD     gen-brackets-tab
#20 21.00   GEN      brackets.tab.i
#20 21.03 Reading `unidata/BidiBrackets.txt'
#20 21.06 make[3]: Leaving directory '/src/fribidi/gen.tab'
#20 21.08 make[3]: Entering directory '/src/fribidi/gen.tab'
#20 21.09   CC       gen_brackets_type_tab-gen-brackets-type-tab.o
#20 21.19   CC       gen_brackets_type_tab-packtab.o
#20 21.50   CCLD     gen-brackets-type-tab
#20 21.64   GEN      brackets-type.tab.i
#20 21.67 make[3]: Leaving directory '/src/fribidi/gen.tab'
#20 21.67 make  install-am
#20 21.68 make[3]: Entering directory '/src/fribidi/lib'
#20 21.68   CC       libfribidi_la-fribidi.lo
#20 21.88   CC       libfribidi_la-fribidi-arabic.lo
#20 22.04   CC       libfribidi_la-fribidi-bidi.lo
#20 22.12 fribidi-bidi.c:577:28: warning: implicit conversion from enumeration type 'FriBidiCharType' to different enumeration type 'FriBidiParType' [-Wenum-conversion]
#20 22.12               *pbase_dir = FRIBIDI_LEVEL_TO_DIR (base_level);
#20 22.12                          ~ ^~~~~~~~~~~~~~~~~~~~~~~~~~~~~~~~~
#20 22.12 ./fribidi-bidi-types.h:257:32: note: expanded from macro 'FRIBIDI_LEVEL_TO_DIR'
#20 22.12         (FRIBIDI_LEVEL_IS_RTL (lev) ? FRIBIDI_TYPE_RTL : FRIBIDI_TYPE_LTR)
#20 22.12                                       ^~~~~~~~~~~~~~~~
#20 22.12 fribidi-bidi.c:577:28: warning: implicit conversion from enumeration type 'FriBidiCharType' to different enumeration type 'FriBidiParType' [-Wenum-conversion]
#20 22.12               *pbase_dir = FRIBIDI_LEVEL_TO_DIR (base_level);
#20 22.12                          ~ ^~~~~~~~~~~~~~~~~~~~~~~~~~~~~~~~~
#20 22.12 ./fribidi-bidi-types.h:257:51: note: expanded from macro 'FRIBIDI_LEVEL_TO_DIR'
#20 22.12         (FRIBIDI_LEVEL_IS_RTL (lev) ? FRIBIDI_TYPE_RTL : FRIBIDI_TYPE_LTR)
#20 22.12                                                          ^~~~~~~~~~~~~~~~
#20 22.12 fribidi-bidi.c:582:14: warning: implicit conversion from enumeration type 'FriBidiCharType' to different enumeration type 'FriBidiParType' [-Wenum-conversion]
#20 22.12   base_dir = FRIBIDI_LEVEL_TO_DIR (base_level);
#20 22.12            ~ ^~~~~~~~~~~~~~~~~~~~~~~~~~~~~~~~~
#20 22.12 ./fribidi-bidi-types.h:257:32: note: expanded from macro 'FRIBIDI_LEVEL_TO_DIR'
#20 22.13         (FRIBIDI_LEVEL_IS_RTL (lev) ? FRIBIDI_TYPE_RTL : FRIBIDI_TYPE_LTR)
#20 22.13                                       ^~~~~~~~~~~~~~~~
#20 22.13 fribidi-bidi.c:582:14: warning: implicit conversion from enumeration type 'FriBidiCharType' to different enumeration type 'FriBidiParType' [-Wenum-conversion]
#20 22.13   base_dir = FRIBIDI_LEVEL_TO_DIR (base_level);
#20 22.13            ~ ^~~~~~~~~~~~~~~~~~~~~~~~~~~~~~~~~
#20 22.13 ./fribidi-bidi-types.h:257:51: note: expanded from macro 'FRIBIDI_LEVEL_TO_DIR'
#20 22.13         (FRIBIDI_LEVEL_IS_RTL (lev) ? FRIBIDI_TYPE_RTL : FRIBIDI_TYPE_LTR)
#20 22.13                                                          ^~~~~~~~~~~~~~~~
#20 22.14 fribidi-bidi.c:1392:16: warning: implicit conversion from enumeration type 'FriBidiParType' to different enumeration type 'FriBidiCharType' [-Wenum-conversion]
#20 22.14             p->type = base_dir;
#20 22.14                     ~ ^~~~~~~~
#20 22.60 5 warnings generated.
#20 22.62   CC       libfribidi_la-fribidi-bidi-types.lo
#20 22.84   CC       libfribidi_la-fribidi-char-sets.lo
#20 23.00   CC       libfribidi_la-fribidi-char-sets-cap-rtl.lo
#20 23.19   CC       libfribidi_la-fribidi-char-sets-cp1255.lo
#20 23.30   CC       libfribidi_la-fribidi-char-sets-cp1256.lo
#20 23.42   CC       libfribidi_la-fribidi-char-sets-iso8859-6.lo
#20 23.53   CC       libfribidi_la-fribidi-char-sets-iso8859-8.lo
#20 23.63   CC       libfribidi_la-fribidi-char-sets-utf8.lo
#20 23.76   CC       libfribidi_la-fribidi-deprecated.lo
#20 23.87   CC       libfribidi_la-fribidi-joining.lo
#20 24.02   CC       libfribidi_la-fribidi-joining-types.lo
#20 24.21   CC       libfribidi_la-fribidi-mirroring.lo
#20 24.33   CC       libfribidi_la-fribidi-brackets.lo
#20 24.46   CC       libfribidi_la-fribidi-run.lo
#20 24.64   CC       libfribidi_la-fribidi-shape.lo
#20 24.74   CCLD     libfribidi.la
#20 24.96 make[4]: Entering directory '/src/fribidi/lib'
#20 24.96  /usr/bin/mkdir -p '/work/lib'
#20 24.96  /bin/bash ../libtool   --mode=install /usr/bin/install -c   libfribidi.la '/work/lib'
#20 25.01 libtool: install: /usr/bin/install -c .libs/libfribidi.lai /work/lib/libfribidi.la
#20 25.01 libtool: install: /usr/bin/install -c .libs/libfribidi.a /work/lib/libfribidi.a
#20 25.01 libtool: install: chmod 644 /work/lib/libfribidi.a
#20 25.01 libtool: install: ranlib /work/lib/libfribidi.a
#20 25.09 libtool: finish: PATH="/usr/local/sbin:/usr/local/bin:/usr/sbin:/usr/bin:/sbin:/bin:/out:/sbin" ldconfig -n /work/lib
#20 25.09 ----------------------------------------------------------------------
#20 25.09 Libraries have been installed in:
#20 25.09    /work/lib
#20 25.09 
#20 25.09 If you ever happen to want to link against installed libraries
#20 25.09 in a given directory, LIBDIR, you must either use libtool, and
#20 25.09 specify the full pathname of the library, or use the '-LLIBDIR'
#20 25.09 flag during linking and do at least one of the following:
#20 25.09    - add LIBDIR to the 'LD_LIBRARY_PATH' environment variable
#20 25.09      during execution
#20 25.09    - add LIBDIR to the 'LD_RUN_PATH' environment variable
#20 25.09      during linking
#20 25.09    - use the '-Wl,-rpath -Wl,LIBDIR' linker flag
#20 25.09    - have your system administrator add LIBDIR to '/etc/ld.so.conf'
#20 25.09 
#20 25.09 See any operating system documentation about shared libraries for
#20 25.09 more information, such as the ld(1) and ld.so(8) manual pages.
#20 25.09 ----------------------------------------------------------------------
#20 25.09  /usr/bin/mkdir -p '/work/include/fribidi'
#20 25.10  /usr/bin/install -c -m 644 fribidi-config.h '/work/include/fribidi'
#20 25.10  /usr/bin/mkdir -p '/work/include/fribidi'
#20 25.10  /usr/bin/install -c -m 644 fribidi-arabic.h fribidi-begindecls.h fribidi-bidi.h fribidi-bidi-types.h fribidi-bidi-types-list.h fribidi-common.h fribidi-char-sets.h fribidi-char-sets-list.h fribidi-deprecated.h fribidi-enddecls.h fribidi-flags.h fribidi-joining.h fribidi-joining-types.h fribidi-joining-types-list.h fribidi-mirroring.h fribidi-brackets.h fribidi-shape.h fribidi-types.h fribidi-unicode.h fribidi-unicode-version.h fribidi.h '/work/include/fribidi'
#20 25.11 make[4]: Leaving directory '/src/fribidi/lib'
#20 25.11 make[3]: Leaving directory '/src/fribidi/lib'
#20 25.11 make[2]: Leaving directory '/src/fribidi/lib'
#20 25.11 Making install in bin
#20 25.11 make[2]: Entering directory '/src/fribidi/bin'
#20 25.12   CC       fribidi-main.o
#20 25.27   CC       getopt.o
#20 25.31   CC       getopt1.o
#20 25.34   CCLD     fribidi
#20 25.59   CC       fribidi-benchmark.o
#20 25.67   CCLD     fribidi-benchmark
#20 25.92   CC       fribidi-bidi-types.o
#20 25.97   CCLD     fribidi-bidi-types
#20 26.20   CC       fribidi-caprtl2utf8.o
#20 26.26   CCLD     fribidi-caprtl2utf8
#20 26.50 make[3]: Entering directory '/src/fribidi/bin'
#20 26.50  /usr/bin/mkdir -p '/work/bin'
#20 26.51   /bin/bash ../libtool   --mode=install /usr/bin/install -c fribidi '/work/bin'
#20 26.55 libtool: install: /usr/bin/install -c fribidi /work/bin/fribidi
#20 26.55 make[3]: Nothing to be done for 'install-data-am'.
#20 26.55 make[3]: Leaving directory '/src/fribidi/bin'
#20 26.55 make[2]: Leaving directory '/src/fribidi/bin'
#20 26.55 Making install in doc
#20 26.55 make[2]: Entering directory '/src/fribidi/doc'
#20 26.59 Running c2man
#20 26.59 ../missing: 81: c2man: not found
#20 26.59 WARNING: 'c2man' is missing on your system.
#20 26.59          You might have modified some files without having the proper
#20 26.59          tools for further handling them.  Check the 'README' file, it
#20 26.59          often tells you about the needed prerequisites for installing
#20 26.59          this package.  You may also peek at any GNU archive site, in
#20 26.59          case some other package contains this missing 'c2man' program.
#20 26.61 make[3]: Entering directory '/src/fribidi/doc'
#20 26.64 Running c2man
#20 26.64 ../missing: 81: c2man: not found
#20 26.65 WARNING: 'c2man' is missing on your system.
#20 26.65          You might have modified some files without having the proper
#20 26.65          tools for further handling them.  Check the 'README' file, it
#20 26.65          often tells you about the needed prerequisites for installing
#20 26.65          this package.  You may also peek at any GNU archive site, in
#20 26.65          case some other package contains this missing 'c2man' program.
#20 26.65 make[3]: Leaving directory '/src/fribidi/doc'
#20 26.66 make[3]: Entering directory '/src/fribidi/doc'
#20 26.69 Running c2man
#20 26.70 ../missing: 81: c2man: not found
#20 26.70 WARNING: 'c2man' is missing on your system.
#20 26.70          You might have modified some files without having the proper
#20 26.70          tools for further handling them.  Check the 'README' file, it
#20 26.70          often tells you about the needed prerequisites for installing
#20 26.70          this package.  You may also peek at any GNU archive site, in
#20 26.70          case some other package contains this missing 'c2man' program.
#20 26.71 make[3]: Leaving directory '/src/fribidi/doc'
#20 26.72 make[3]: Entering directory '/src/fribidi/doc'
#20 26.75 Running c2man
#20 26.75 ../missing: 81: c2man: not found
#20 26.76 WARNING: 'c2man' is missing on your system.
#20 26.76          You might have modified some files without having the proper
#20 26.76          tools for further handling them.  Check the 'README' file, it
#20 26.76          often tells you about the needed prerequisites for installing
#20 26.76          this package.  You may also peek at any GNU archive site, in
#20 26.76          case some other package contains this missing 'c2man' program.
#20 26.76 make[3]: Leaving directory '/src/fribidi/doc'
#20 26.77 make[3]: Entering directory '/src/fribidi/doc'
#20 26.81 Running c2man
#20 26.81 ../missing: 81: c2man: not found
#20 26.81 WARNING: 'c2man' is missing on your system.
#20 26.81          You might have modified some files without having the proper
#20 26.81          tools for further handling them.  Check the 'README' file, it
#20 26.81          often tells you about the needed prerequisites for installing
#20 26.81          this package.  You may also peek at any GNU archive site, in
#20 26.81          case some other package contains this missing 'c2man' program.
#20 26.82 make[3]: Leaving directory '/src/fribidi/doc'
#20 26.83 make[3]: Entering directory '/src/fribidi/doc'
#20 26.86 Running c2man
#20 26.86 ../missing: 81: c2man: not found
#20 26.87 WARNING: 'c2man' is missing on your system.
#20 26.87          You might have modified some files without having the proper
#20 26.87          tools for further handling them.  Check the 'README' file, it
#20 26.87          often tells you about the needed prerequisites for installing
#20 26.87          this package.  You may also peek at any GNU archive site, in
#20 26.87          case some other package contains this missing 'c2man' program.
#20 26.87 make[3]: Leaving directory '/src/fribidi/doc'
#20 26.88 make[3]: Entering directory '/src/fribidi/doc'
#20 26.92 Running c2man
#20 26.92 ../missing: 81: c2man: not found
#20 26.92 WARNING: 'c2man' is missing on your system.
#20 26.92          You might have modified some files without having the proper
#20 26.92          tools for further handling them.  Check the 'README' file, it
#20 26.92          often tells you about the needed prerequisites for installing
#20 26.92          this package.  You may also peek at any GNU archive site, in
#20 26.92          case some other package contains this missing 'c2man' program.
#20 26.93 make[3]: Leaving directory '/src/fribidi/doc'
#20 26.94 make[3]: Entering directory '/src/fribidi/doc'
#20 26.97 Running c2man
#20 26.98 ../missing: 81: c2man: not found
#20 26.98 WARNING: 'c2man' is missing on your system.
#20 26.98          You might have modified some files without having the proper
#20 26.98          tools for further handling them.  Check the 'README' file, it
#20 26.98          often tells you about the needed prerequisites for installing
#20 26.98          this package.  You may also peek at any GNU archive site, in
#20 26.98          case some other package contains this missing 'c2man' program.
#20 26.99 make[3]: Leaving directory '/src/fribidi/doc'
#20 27.00 make[3]: Entering directory '/src/fribidi/doc'
#20 27.03 Running c2man
#20 27.03 ../missing: 81: c2man: not found
#20 27.04 WARNING: 'c2man' is missing on your system.
#20 27.04          You might have modified some files without having the proper
#20 27.04          tools for further handling them.  Check the 'README' file, it
#20 27.04          often tells you about the needed prerequisites for installing
#20 27.04          this package.  You may also peek at any GNU archive site, in
#20 27.04          case some other package contains this missing 'c2man' program.
#20 27.04 make[3]: Leaving directory '/src/fribidi/doc'
#20 27.05 make[3]: Entering directory '/src/fribidi/doc'
#20 27.08 Running c2man
#20 27.09 ../missing: 81: c2man: not found
#20 27.09 WARNING: 'c2man' is missing on your system.
#20 27.09          You might have modified some files without having the proper
#20 27.09          tools for further handling them.  Check the 'README' file, it
#20 27.09          often tells you about the needed prerequisites for installing
#20 27.09          this package.  You may also peek at any GNU archive site, in
#20 27.09          case some other package contains this missing 'c2man' program.
#20 27.10 make[3]: Leaving directory '/src/fribidi/doc'
#20 27.11 make[3]: Entering directory '/src/fribidi/doc'
#20 27.14 Running c2man
#20 27.14 ../missing: 81: c2man: not found
#20 27.15 WARNING: 'c2man' is missing on your system.
#20 27.15          You might have modified some files without having the proper
#20 27.15          tools for further handling them.  Check the 'README' file, it
#20 27.15          often tells you about the needed prerequisites for installing
#20 27.15          this package.  You may also peek at any GNU archive site, in
#20 27.15          case some other package contains this missing 'c2man' program.
#20 27.16 make[3]: Leaving directory '/src/fribidi/doc'
#20 27.16 make[3]: Entering directory '/src/fribidi/doc'
#20 27.20 Running c2man
#20 27.20 ../missing: 81: c2man: not found
#20 27.20 WARNING: 'c2man' is missing on your system.
#20 27.20          You might have modified some files without having the proper
#20 27.20          tools for further handling them.  Check the 'README' file, it
#20 27.20          often tells you about the needed prerequisites for installing
#20 27.20          this package.  You may also peek at any GNU archive site, in
#20 27.20          case some other package contains this missing 'c2man' program.
#20 27.21 make[3]: Leaving directory '/src/fribidi/doc'
#20 27.22 make[3]: Entering directory '/src/fribidi/doc'
#20 27.25 Running c2man
#20 27.26 ../missing: 81: c2man: not found
#20 27.26 WARNING: 'c2man' is missing on your system.
#20 27.26          You might have modified some files without having the proper
#20 27.26          tools for further handling them.  Check the 'README' file, it
#20 27.26          often tells you about the needed prerequisites for installing
#20 27.26          this package.  You may also peek at any GNU archive site, in
#20 27.26          case some other package contains this missing 'c2man' program.
#20 27.27 make[3]: Leaving directory '/src/fribidi/doc'
#20 27.28 make[3]: Entering directory '/src/fribidi/doc'
#20 27.31 Running c2man
#20 27.31 ../missing: 81: c2man: not found
#20 27.32 WARNING: 'c2man' is missing on your system.
#20 27.32          You might have modified some files without having the proper
#20 27.32          tools for further handling them.  Check the 'README' file, it
#20 27.32          often tells you about the needed prerequisites for installing
#20 27.32          this package.  You may also peek at any GNU archive site, in
#20 27.32          case some other package contains this missing 'c2man' program.
#20 27.33 make[3]: Leaving directory '/src/fribidi/doc'
#20 27.34 make[3]: Entering directory '/src/fribidi/doc'
#20 27.37 Running c2man
#20 27.37 ../missing: 81: c2man: not found
#20 27.38 WARNING: 'c2man' is missing on your system.
#20 27.38          You might have modified some files without having the proper
#20 27.38          tools for further handling them.  Check the 'README' file, it
#20 27.38          often tells you about the needed prerequisites for installing
#20 27.38          this package.  You may also peek at any GNU archive site, in
#20 27.38          case some other package contains this missing 'c2man' program.
#20 27.38 make[3]: Leaving directory '/src/fribidi/doc'
#20 27.39 make[3]: Entering directory '/src/fribidi/doc'
#20 27.43 Running c2man
#20 27.43 ../missing: 81: c2man: not found
#20 27.43 WARNING: 'c2man' is missing on your system.
#20 27.43          You might have modified some files without having the proper
#20 27.43          tools for further handling them.  Check the 'README' file, it
#20 27.43          often tells you about the needed prerequisites for installing
#20 27.43          this package.  You may also peek at any GNU archive site, in
#20 27.43          case some other package contains this missing 'c2man' program.
#20 27.44 make[3]: Leaving directory '/src/fribidi/doc'
#20 27.45 make[3]: Entering directory '/src/fribidi/doc'
#20 27.48 Running c2man
#20 27.48 ../missing: 81: c2man: not found
#20 27.49 WARNING: 'c2man' is missing on your system.
#20 27.49          You might have modified some files without having the proper
#20 27.49          tools for further handling them.  Check the 'README' file, it
#20 27.49          often tells you about the needed prerequisites for installing
#20 27.49          this package.  You may also peek at any GNU archive site, in
#20 27.49          case some other package contains this missing 'c2man' program.
#20 27.49 make[3]: Leaving directory '/src/fribidi/doc'
#20 27.50 make[3]: Entering directory '/src/fribidi/doc'
#20 27.54 Running c2man
#20 27.54 ../missing: 81: c2man: not found
#20 27.54 WARNING: 'c2man' is missing on your system.
#20 27.54          You might have modified some files without having the proper
#20 27.54          tools for further handling them.  Check the 'README' file, it
#20 27.54          often tells you about the needed prerequisites for installing
#20 27.54          this package.  You may also peek at any GNU archive site, in
#20 27.54          case some other package contains this missing 'c2man' program.
#20 27.55 make[3]: Leaving directory '/src/fribidi/doc'
#20 27.56 make[3]: Entering directory '/src/fribidi/doc'
#20 27.60 Running c2man
#20 27.60 ../missing: 81: c2man: not found
#20 27.60 WARNING: 'c2man' is missing on your system.
#20 27.60          You might have modified some files without having the proper
#20 27.60          tools for further handling them.  Check the 'README' file, it
#20 27.60          often tells you about the needed prerequisites for installing
#20 27.60          this package.  You may also peek at any GNU archive site, in
#20 27.60          case some other package contains this missing 'c2man' program.
#20 27.61 make[3]: Leaving directory '/src/fribidi/doc'
#20 27.62 make[3]: Entering directory '/src/fribidi/doc'
#20 27.65 Running c2man
#20 27.65 ../missing: 81: c2man: not found
#20 27.66 WARNING: 'c2man' is missing on your system.
#20 27.66          You might have modified some files without having the proper
#20 27.66          tools for further handling them.  Check the 'README' file, it
#20 27.66          often tells you about the needed prerequisites for installing
#20 27.66          this package.  You may also peek at any GNU archive site, in
#20 27.66          case some other package contains this missing 'c2man' program.
#20 27.67 make[3]: Leaving directory '/src/fribidi/doc'
#20 27.67 make[3]: Entering directory '/src/fribidi/doc'
#20 27.71 Running c2man
#20 27.71 ../missing: 81: c2man: not found
#20 27.71 WARNING: 'c2man' is missing on your system.
#20 27.71          You might have modified some files without having the proper
#20 27.71          tools for further handling them.  Check the 'README' file, it
#20 27.71          often tells you about the needed prerequisites for installing
#20 27.71          this package.  You may also peek at any GNU archive site, in
#20 27.71          case some other package contains this missing 'c2man' program.
#20 27.72 make[3]: Leaving directory '/src/fribidi/doc'
#20 27.73 make[3]: Entering directory '/src/fribidi/doc'
#20 27.76 Running c2man
#20 27.76 ../missing: 81: c2man: not found
#20 27.77 WARNING: 'c2man' is missing on your system.
#20 27.77          You might have modified some files without having the proper
#20 27.77          tools for further handling them.  Check the 'README' file, it
#20 27.77          often tells you about the needed prerequisites for installing
#20 27.77          this package.  You may also peek at any GNU archive site, in
#20 27.77          case some other package contains this missing 'c2man' program.
#20 27.78 make[3]: Leaving directory '/src/fribidi/doc'
#20 27.78 make[3]: Entering directory '/src/fribidi/doc'
#20 27.82 Running c2man
#20 27.82 ../missing: 81: c2man: not found
#20 27.83 WARNING: 'c2man' is missing on your system.
#20 27.83          You might have modified some files without having the proper
#20 27.83          tools for further handling them.  Check the 'README' file, it
#20 27.83          often tells you about the needed prerequisites for installing
#20 27.83          this package.  You may also peek at any GNU archive site, in
#20 27.83          case some other package contains this missing 'c2man' program.
#20 27.84 make[3]: Leaving directory '/src/fribidi/doc'
#20 27.85 make[3]: Entering directory '/src/fribidi/doc'
#20 27.89 Running c2man
#20 27.89 ../missing: 81: c2man: not found
#20 27.89 WARNING: 'c2man' is missing on your system.
#20 27.89          You might have modified some files without having the proper
#20 27.89          tools for further handling them.  Check the 'README' file, it
#20 27.89          often tells you about the needed prerequisites for installing
#20 27.89          this package.  You may also peek at any GNU archive site, in
#20 27.89          case some other package contains this missing 'c2man' program.
#20 27.90 make[3]: Leaving directory '/src/fribidi/doc'
#20 27.91 make[3]: Entering directory '/src/fribidi/doc'
#20 27.94 Running c2man
#20 27.94 ../missing: 81: c2man: not found
#20 27.95 WARNING: 'c2man' is missing on your system.
#20 27.95          You might have modified some files without having the proper
#20 27.95          tools for further handling them.  Check the 'README' file, it
#20 27.95          often tells you about the needed prerequisites for installing
#20 27.95          this package.  You may also peek at any GNU archive site, in
#20 27.95          case some other package contains this missing 'c2man' program.
#20 27.96 make[3]: Leaving directory '/src/fribidi/doc'
#20 27.96 make[3]: Entering directory '/src/fribidi/doc'
#20 28.00 Running c2man
#20 28.00 ../missing: 81: c2man: not found
#20 28.00 WARNING: 'c2man' is missing on your system.
#20 28.00          You might have modified some files without having the proper
#20 28.00          tools for further handling them.  Check the 'README' file, it
#20 28.00          often tells you about the needed prerequisites for installing
#20 28.00          this package.  You may also peek at any GNU archive site, in
#20 28.00          case some other package contains this missing 'c2man' program.
#20 28.01 make[3]: Leaving directory '/src/fribidi/doc'
#20 28.02 make[3]: Entering directory '/src/fribidi/doc'
#20 28.05 Running c2man
#20 28.06 ../missing: 81: c2man: not found
#20 28.06 WARNING: 'c2man' is missing on your system.
#20 28.06          You might have modified some files without having the proper
#20 28.06          tools for further handling them.  Check the 'README' file, it
#20 28.06          often tells you about the needed prerequisites for installing
#20 28.06          this package.  You may also peek at any GNU archive site, in
#20 28.06          case some other package contains this missing 'c2man' program.
#20 28.07 make[3]: Leaving directory '/src/fribidi/doc'
#20 28.08 make[3]: Entering directory '/src/fribidi/doc'
#20 28.11 Running c2man
#20 28.11 ../missing: 81: c2man: not found
#20 28.12 WARNING: 'c2man' is missing on your system.
#20 28.12          You might have modified some files without having the proper
#20 28.12          tools for further handling them.  Check the 'README' file, it
#20 28.12          often tells you about the needed prerequisites for installing
#20 28.12          this package.  You may also peek at any GNU archive site, in
#20 28.12          case some other package contains this missing 'c2man' program.
#20 28.13 make[3]: Leaving directory '/src/fribidi/doc'
#20 28.13 make[3]: Entering directory '/src/fribidi/doc'
#20 28.17 Running c2man
#20 28.17 ../missing: 81: c2man: not found
#20 28.18 WARNING: 'c2man' is missing on your system.
#20 28.18          You might have modified some files without having the proper
#20 28.18          tools for further handling them.  Check the 'README' file, it
#20 28.18          often tells you about the needed prerequisites for installing
#20 28.18          this package.  You may also peek at any GNU archive site, in
#20 28.18          case some other package contains this missing 'c2man' program.
#20 28.18 make[3]: Leaving directory '/src/fribidi/doc'
#20 28.19 make[3]: Entering directory '/src/fribidi/doc'
#20 28.22 Running c2man
#20 28.23 ../missing: 81: c2man: not found
#20 28.23 WARNING: 'c2man' is missing on your system.
#20 28.23          You might have modified some files without having the proper
#20 28.23          tools for further handling them.  Check the 'README' file, it
#20 28.23          often tells you about the needed prerequisites for installing
#20 28.23          this package.  You may also peek at any GNU archive site, in
#20 28.23          case some other package contains this missing 'c2man' program.
#20 28.24 make[3]: Leaving directory '/src/fribidi/doc'
#20 28.25 make[3]: Entering directory '/src/fribidi/doc'
#20 28.28 Running c2man
#20 28.28 ../missing: 81: c2man: not found
#20 28.29 WARNING: 'c2man' is missing on your system.
#20 28.29          You might have modified some files without having the proper
#20 28.29          tools for further handling them.  Check the 'README' file, it
#20 28.29          often tells you about the needed prerequisites for installing
#20 28.29          this package.  You may also peek at any GNU archive site, in
#20 28.29          case some other package contains this missing 'c2man' program.
#20 28.30 make[3]: Leaving directory '/src/fribidi/doc'
#20 28.30 make[3]: Entering directory '/src/fribidi/doc'
#20 28.34 Running c2man
#20 28.34 ../missing: 81: c2man: not found
#20 28.34 WARNING: 'c2man' is missing on your system.
#20 28.34          You might have modified some files without having the proper
#20 28.34          tools for further handling them.  Check the 'README' file, it
#20 28.34          often tells you about the needed prerequisites for installing
#20 28.34          this package.  You may also peek at any GNU archive site, in
#20 28.34          case some other package contains this missing 'c2man' program.
#20 28.35 make[3]: Leaving directory '/src/fribidi/doc'
#20 28.36 make[3]: Entering directory '/src/fribidi/doc'
#20 28.38 make[3]: Nothing to be done for 'install-exec-am'.
#20 28.54  /usr/bin/mkdir -p '/work/share/man/man3'
#20 28.55  /usr/bin/install -c -m 644 fribidi_charset_to_unicode.3 fribidi_debug_status.3 fribidi_get_bidi_type.3 fribidi_get_bidi_type_name.3 fribidi_get_bidi_types.3 fribidi_get_bracket.3 fribidi_get_bracket_types.3 fribidi_get_joining_type.3 fribidi_get_joining_type_name.3 fribidi_get_joining_types.3 fribidi_get_mirror_char.3 fribidi_get_par_direction.3 fribidi_get_par_embedding_levels.3 fribidi_get_par_embedding_levels_ex.3 fribidi_get_type.3 fribidi_get_type_internal.3 fribidi_join_arabic.3 fribidi_log2vis.3 fribidi_log2vis_get_embedding_levels.3 fribidi_mirroring_status.3 fribidi_parse_charset.3 fribidi_remove_bidi_marks.3 fribidi_reorder_line.3 fribidi_reorder_nsm_status.3 fribidi_set_debug.3 fribidi_set_mirroring.3 fribidi_set_reorder_nsm.3 fribidi_shape.3 fribidi_shape_arabic.3 fribidi_shape_mirroring.3 fribidi_unicode_to_charset.3 '/work/share/man/man3'
#20 28.56 make[3]: Leaving directory '/src/fribidi/doc'
#20 28.56 make[2]: Leaving directory '/src/fribidi/doc'
#20 28.56 Making install in test
#20 28.56 make[2]: Entering directory '/src/fribidi/test'
#20 28.57 Making install in unicode-conformance
#20 28.57 make[3]: Entering directory '/src/fribidi/test/unicode-conformance'
#20 28.58 make[4]: Entering directory '/src/fribidi/test/unicode-conformance'
#20 28.58 make[4]: Nothing to be done for 'install-exec-am'.
#20 28.58 make[4]: Nothing to be done for 'install-data-am'.
#20 28.58 make[4]: Leaving directory '/src/fribidi/test/unicode-conformance'
#20 28.58 make[3]: Leaving directory '/src/fribidi/test/unicode-conformance'
#20 28.58 make[3]: Entering directory '/src/fribidi/test'
#20 28.59 make[4]: Entering directory '/src/fribidi/test'
#20 28.59 make[4]: Nothing to be done for 'install-exec-am'.
#20 28.59 make[4]: Nothing to be done for 'install-data-am'.
#20 28.59 make[4]: Leaving directory '/src/fribidi/test'
#20 28.59 make[3]: Leaving directory '/src/fribidi/test'
#20 28.59 make[2]: Leaving directory '/src/fribidi/test'
#20 28.59 make[2]: Entering directory '/src/fribidi'
#20 28.60 make[3]: Entering directory '/src/fribidi'
#20 28.60 make[3]: Nothing to be done for 'install-exec-am'.
#20 28.61  /usr/bin/mkdir -p '/work/lib/pkgconfig'
#20 28.61  /usr/bin/install -c -m 644 fribidi.pc '/work/lib/pkgconfig'
#20 28.61 make[3]: Leaving directory '/src/fribidi'
#20 28.61 make[2]: Leaving directory '/src/fribidi'
#20 28.61 make[1]: Leaving directory '/src/fribidi'
#20 28.61 + cd /src/harfbuzz
#20 28.61 + build=/work/build
#20 28.61 + rm -rf /work/build
#20 28.61 + mkdir -p /work/build
#20 28.62 ++ echo /libAFL.a
#20 28.62 + CFLAGS='-DFUZZING_BUILD_MODE_UNSAFE_FOR_PRODUCTION -pthread -Wl,--no-as-needed -Wl,-ldl -Wl,-lm -Wno-unused-command-line-argument -O3 -fsanitize-coverage=trace-pc-guard -fno-sanitize=vptr'
#20 28.62 + CXXFLAGS='-DFUZZING_BUILD_MODE_UNSAFE_FOR_PRODUCTION -pthread -Wl,--no-as-needed -Wl,-ldl -Wl,-lm -Wno-unused-command-line-argument -stdlib=libc++ -O3 -fsanitize-coverage=trace-pc-guard -fno-sanitize=vptr'
#20 28.62 + meson --default-library=static --wrap-mode=nodownload -Dfuzzer_ldflags=/libAFL.a --prefix=/work/ --libdir=lib /work/build
#20 28.86 Traceback (most recent call last):
#20 28.86   File "/usr/local/bin/meson", line 6, in <module>
#20 28.86     from mesonbuild.mesonmain import main
#20 28.86   File "/usr/local/lib/python3.8/site-packages/mesonbuild/mesonmain.py", line 25, in <module>
#20 28.86     from . import mconf, mdist, minit, minstall, mintro, msetup, mtest, rewriter, msubprojects, munstable_coredata
#20 28.86   File "/usr/local/lib/python3.8/site-packages/mesonbuild/mconf.py", line 16, in <module>
#20 28.86     from . import coredata, environment, mesonlib, build, mintro, mlog
#20 28.86   File "/usr/local/lib/python3.8/site-packages/mesonbuild/build.py", line 24, in <module>
#20 28.86     from . import dependencies
#20 28.86   File "/usr/local/lib/python3.8/site-packages/mesonbuild/dependencies/__init__.py", line 15, in <module>
#20 28.86     from .boost import BoostDependency
#20 28.86   File "/usr/local/lib/python3.8/site-packages/mesonbuild/dependencies/boost.py", line 24, in <module>
#20 28.86     from .base import (DependencyException, ExternalDependency)
#20 28.86   File "/usr/local/lib/python3.8/site-packages/mesonbuild/dependencies/base.py", line 35, in <module>
#20 28.86     from ..cmake import CMakeExecutor, CMakeTraceParser, CMakeException
#20 28.86   File "/usr/local/lib/python3.8/site-packages/mesonbuild/cmake/__init__.py", line 31, in <module>
#20 28.86     from .client import CMakeClient
#20 28.86   File "/usr/local/lib/python3.8/site-packages/mesonbuild/cmake/client.py", line 19, in <module>
#20 28.86     from .executor import CMakeExecutor
#20 28.86   File "/usr/local/lib/python3.8/site-packages/mesonbuild/cmake/executor.py", line 24, in <module>
#20 28.86     import ctypes
#20 28.86   File "/usr/local/lib/python3.8/ctypes/__init__.py", line 7, in <module>
#20 28.86     from _ctypes import Union, Structure, Array
#20 28.86 ImportError: libffi.so.6: cannot open shared object file: No such file or directory
#20 28.88 + cat build/meson-logs/meson-log.txt
#20 28.88 cat: build/meson-logs/meson-log.txt: No such file or directory
#20 28.88 Traceback (most recent call last):
#20 28.88   File "<string>", line 1, in <module>
#20 28.88   File "/src/fuzzers/afl/fuzzer.py", line 40, in build
#20 28.88     utils.build_benchmark()
#20 28.88   File "/src/fuzzers/utils.py", line 82, in build_benchmark
#20 28.88     subprocess.check_call(['/bin/bash', '-ex', build_script], env=env)
#20 28.88   File "/usr/local/lib/python3.8/subprocess.py", line 364, in check_call
#20 28.88     raise CalledProcessError(retcode, cmd)
#20 28.88 subprocess.CalledProcessError: Command '['/bin/bash', '-ex', '/src/build.sh']' returned non-zero exit status 1.
#20 ERROR: executor failed running [/bin/sh -c echo "Run fuzzer_build to build the target" && if [ -z "$debug_builder" ] ; then fuzzer_build; fi]: exit code: 1
------
 > importing cache manifest from gcr.io/fuzzbench/builders/afl/libass_libass_fuzzer:
------
------
 > [stage-1 13/13] RUN echo "Run fuzzer_build to build the target" && if [ -z "$debug_builder" ] ; then fuzzer_build; fi:
------
executor failed running [/bin/sh -c echo "Run fuzzer_build to build the target" && if [ -z "$debug_builder" ] ; then fuzzer_build; fi]: exit code: 1
make: *** [docker/generated.mk:2684932: .afl-libass_libass_fuzzer-builder] Error 1
