WARNING:root:gcloud not found in PATH.
INFO:root:Successfully integrated benchmark: mruby_mruby.
INFO:root:Please run "make test-run-afl-mruby_mruby" to test integration.
#2 [internal] load .dockerignore
#2 sha256:70ec4f72e152e57e2a16b7f42e596c9b94a83f932e0b00a9c9d8c502431efab9
#2 transferring context: 2B done
#2 ...

#1 [internal] load build definition from Dockerfile
#1 sha256:54032c6085ae90c3c766bf3b81168a9acfaccb6fb0860af2c44048bce85151a7
#1 transferring dockerfile: 1.00kB done
#1 DONE 0.7s

#2 [internal] load .dockerignore
#2 sha256:70ec4f72e152e57e2a16b7f42e596c9b94a83f932e0b00a9c9d8c502431efab9
#2 DONE 0.8s

#3 [internal] load metadata for gcr.io/oss-fuzz-base/base-builder:latest
#3 sha256:f10dc39cc9d418a5bc416dead31a1902b6821fdae909cd3b08f7a3fd1faba7b5
#3 DONE 0.5s

#4 [1/6] FROM gcr.io/oss-fuzz-base/base-builder@sha256:f4e5ea12494fab091c5d830cf803b3421f2860f729b9d1b07da44924396cf8cf
#4 sha256:ef290950573a2779ee526af357b28fbddfc20d7409aa51f58f777c9e972cba29
#4 DONE 0.0s

#8 [internal] load build context
#8 sha256:9dc95909ee9bbbcdfe9bbc2b8f591d3a45828335c42684c604023c832386ea25
#8 DONE 0.0s

#11 importing cache manifest from gcr.io/fuzzbench/builders/benchmark/mruby_mruby
#11 sha256:aec395d8c5f6b023c216d3482f7296e590a21ac6899988122844ee3a8e099c14
#11 ERROR: gcr.io/fuzzbench/builders/benchmark/mruby_mruby:latest: not found

#4 [1/6] FROM gcr.io/oss-fuzz-base/base-builder@sha256:f4e5ea12494fab091c5d830cf803b3421f2860f729b9d1b07da44924396cf8cf
#4 sha256:ef290950573a2779ee526af357b28fbddfc20d7409aa51f58f777c9e972cba29
#4 CACHED

#8 [internal] load build context
#8 sha256:9dc95909ee9bbbcdfe9bbc2b8f591d3a45828335c42684c604023c832386ea25
#8 transferring context: 1.33kB done
#8 DONE 0.2s

#5 [2/6] RUN apt-get update && apt-get install -y make autoconf automake libtool ruby     bison
#5 sha256:37a86ccf1aa49dba5c66d111db9e6ef30e3b959e3658bae405db944fb6904f90
#5 0.797 Hit:1 http://archive.ubuntu.com/ubuntu focal InRelease
#5 0.797 Get:2 http://archive.ubuntu.com/ubuntu focal-updates InRelease [114 kB]
#5 0.797 Hit:3 http://ppa.launchpad.net/git-core/ppa/ubuntu focal InRelease
#5 0.874 Get:4 http://archive.ubuntu.com/ubuntu focal-backports InRelease [108 kB]
#5 0.918 Get:5 http://security.ubuntu.com/ubuntu focal-security InRelease [114 kB]
#5 1.334 Get:6 http://archive.ubuntu.com/ubuntu focal-updates/main i386 Packages [752 kB]
#5 1.435 Get:7 http://archive.ubuntu.com/ubuntu focal-updates/universe i386 Packages [827 kB]
#5 1.512 Get:8 http://archive.ubuntu.com/ubuntu focal-updates/universe amd64 Packages [1134 kB]
#5 1.634 Get:9 http://archive.ubuntu.com/ubuntu focal-updates/main amd64 Packages [1973 kB]
#5 1.764 Get:10 http://security.ubuntu.com/ubuntu focal-security/main i386 Packages [464 kB]
#5 2.126 Get:11 http://security.ubuntu.com/ubuntu focal-security/universe i386 Packages [657 kB]
#5 2.255 Get:12 http://security.ubuntu.com/ubuntu focal-security/main amd64 Packages [1546 kB]
#5 2.401 Get:13 http://security.ubuntu.com/ubuntu focal-security/universe amd64 Packages [840 kB]
#5 2.737 Fetched 8529 kB in 2s (4471 kB/s)
#5 2.737 Reading package lists...
#5 4.251 Reading package lists...
#5 5.654 Building dependency tree...
#5 5.866 Reading state information...
#5 6.079 make is already the newest version (4.2.1-1.2).
#5 6.079 make set to manually installed.
#5 6.079 The following additional packages will be installed:
#5 6.079   autotools-dev fonts-lato javascript-common libjs-jquery libltdl-dev libltdl7
#5 6.080   libruby2.7 libsigsegv2 m4 rake ruby-minitest ruby-net-telnet
#5 6.080   ruby-power-assert ruby-test-unit ruby-xmlrpc ruby2.7 rubygems-integration
#5 6.082 Suggested packages:
#5 6.082   autoconf-archive gnu-standards autoconf-doc gettext bison-doc apache2
#5 6.082   | lighttpd | httpd libtool-doc gfortran | fortran95-compiler gcj-jdk m4-doc
#5 6.082   ri ruby-dev bundler
#5 6.156 The following NEW packages will be installed:
#5 6.157   autoconf automake autotools-dev bison fonts-lato javascript-common
#5 6.158   libjs-jquery libltdl-dev libltdl7 libruby2.7 libsigsegv2 libtool m4 rake
#5 6.158   ruby ruby-minitest ruby-net-telnet ruby-power-assert ruby-test-unit
#5 6.158   ruby-xmlrpc ruby2.7 rubygems-integration
#5 6.230 0 upgraded, 22 newly installed, 0 to remove and 3 not upgraded.
#5 6.230 Need to get 9010 kB of archives.
#5 6.230 After this operation, 40.2 MB of additional disk space will be used.
#5 6.230 Get:1 http://archive.ubuntu.com/ubuntu focal/main amd64 fonts-lato all 2.0-2 [2698 kB]
#5 6.540 Get:2 http://archive.ubuntu.com/ubuntu focal/main amd64 libsigsegv2 amd64 2.12-2 [13.9 kB]
#5 6.542 Get:3 http://archive.ubuntu.com/ubuntu focal/main amd64 m4 amd64 1.4.18-4 [199 kB]
#5 6.556 Get:4 http://archive.ubuntu.com/ubuntu focal/main amd64 autoconf all 2.69-11.1 [321 kB]
#5 6.580 Get:5 http://archive.ubuntu.com/ubuntu focal/main amd64 autotools-dev all 20180224.1 [39.6 kB]
#5 6.582 Get:6 http://archive.ubuntu.com/ubuntu focal/main amd64 automake all 1:1.16.1-4ubuntu6 [522 kB]
#5 6.621 Get:7 http://archive.ubuntu.com/ubuntu focal/main amd64 bison amd64 2:3.5.1+dfsg-1 [657 kB]
#5 6.670 Get:8 http://archive.ubuntu.com/ubuntu focal/main amd64 javascript-common all 11 [6066 B]
#5 6.671 Get:9 http://archive.ubuntu.com/ubuntu focal/main amd64 libjs-jquery all 3.3.1~dfsg-3 [329 kB]
#5 6.695 Get:10 http://archive.ubuntu.com/ubuntu focal/main amd64 libltdl7 amd64 2.4.6-14 [38.5 kB]
#5 6.698 Get:11 http://archive.ubuntu.com/ubuntu focal/main amd64 libltdl-dev amd64 2.4.6-14 [162 kB]
#5 6.710 Get:12 http://archive.ubuntu.com/ubuntu focal/main amd64 rubygems-integration all 1.16 [5092 B]
#5 6.710 Get:13 http://archive.ubuntu.com/ubuntu focal-updates/main amd64 ruby2.7 amd64 2.7.0-5ubuntu1.6 [95.6 kB]
#5 6.717 Get:14 http://archive.ubuntu.com/ubuntu focal/main amd64 ruby amd64 1:2.7+1 [5412 B]
#5 6.718 Get:15 http://archive.ubuntu.com/ubuntu focal/main amd64 rake all 13.0.1-4 [61.6 kB]
#5 6.722 Get:16 http://archive.ubuntu.com/ubuntu focal/main amd64 ruby-minitest all 5.13.0-1 [40.9 kB]
#5 6.726 Get:17 http://archive.ubuntu.com/ubuntu focal/main amd64 ruby-net-telnet all 0.1.1-2 [12.6 kB]
#5 6.727 Get:18 http://archive.ubuntu.com/ubuntu focal/main amd64 ruby-power-assert all 1.1.7-1 [11.4 kB]
#5 6.745 Get:19 http://archive.ubuntu.com/ubuntu focal/main amd64 ruby-test-unit all 3.3.5-1 [73.2 kB]
#5 6.751 Get:20 http://archive.ubuntu.com/ubuntu focal/main amd64 ruby-xmlrpc all 0.3.0-2 [23.8 kB]
#5 6.752 Get:21 http://archive.ubuntu.com/ubuntu focal-updates/main amd64 libruby2.7 amd64 2.7.0-5ubuntu1.6 [3534 kB]
#5 7.015 Get:22 http://archive.ubuntu.com/ubuntu focal/main amd64 libtool all 2.4.6-14 [161 kB]
#5 7.268 debconf: delaying package configuration, since apt-utils is not installed
#5 7.354 Fetched 9010 kB in 1s (10.5 MB/s)
#5 7.432 Selecting previously unselected package fonts-lato.
#5 7.432 (Reading database ... (Reading database ... 5%(Reading database ... 10%(Reading database ... 15%(Reading database ... 20%(Reading database ... 25%(Reading database ... 30%(Reading database ... 35%(Reading database ... 40%(Reading database ... 45%(Reading database ... 50%(Reading database ... 55%(Reading database ... 60%(Reading database ... 65%(Reading database ... 70%(Reading database ... 75%(Reading database ... 80%(Reading database ... 85%(Reading database ... 90%(Reading database ... 95%(Reading database ... 100%(Reading database ... 21291 files and directories currently installed.)
#5 7.455 Preparing to unpack .../00-fonts-lato_2.0-2_all.deb ...
#5 7.472 Unpacking fonts-lato (2.0-2) ...
#5 7.874 Selecting previously unselected package libsigsegv2:amd64.
#5 7.877 Preparing to unpack .../01-libsigsegv2_2.12-2_amd64.deb ...
#5 7.898 Unpacking libsigsegv2:amd64 (2.12-2) ...
#5 7.978 Selecting previously unselected package m4.
#5 7.981 Preparing to unpack .../02-m4_1.4.18-4_amd64.deb ...
#5 7.992 Unpacking m4 (1.4.18-4) ...
#5 8.109 Selecting previously unselected package autoconf.
#5 8.112 Preparing to unpack .../03-autoconf_2.69-11.1_all.deb ...
#5 8.126 Unpacking autoconf (2.69-11.1) ...
#5 8.247 Selecting previously unselected package autotools-dev.
#5 8.250 Preparing to unpack .../04-autotools-dev_20180224.1_all.deb ...
#5 8.265 Unpacking autotools-dev (20180224.1) ...
#5 8.387 Selecting previously unselected package automake.
#5 8.390 Preparing to unpack .../05-automake_1%3a1.16.1-4ubuntu6_all.deb ...
#5 8.407 Unpacking automake (1:1.16.1-4ubuntu6) ...
#5 8.583 Selecting previously unselected package bison.
#5 8.586 Preparing to unpack .../06-bison_2%3a3.5.1+dfsg-1_amd64.deb ...
#5 8.606 Unpacking bison (2:3.5.1+dfsg-1) ...
#5 8.779 Selecting previously unselected package javascript-common.
#5 8.782 Preparing to unpack .../07-javascript-common_11_all.deb ...
#5 8.801 Unpacking javascript-common (11) ...
#5 8.891 Selecting previously unselected package libjs-jquery.
#5 8.894 Preparing to unpack .../08-libjs-jquery_3.3.1~dfsg-3_all.deb ...
#5 8.908 Unpacking libjs-jquery (3.3.1~dfsg-3) ...
#5 9.029 Selecting previously unselected package libltdl7:amd64.
#5 9.032 Preparing to unpack .../09-libltdl7_2.4.6-14_amd64.deb ...
#5 9.039 Unpacking libltdl7:amd64 (2.4.6-14) ...
#5 9.135 Selecting previously unselected package libltdl-dev:amd64.
#5 9.139 Preparing to unpack .../10-libltdl-dev_2.4.6-14_amd64.deb ...
#5 9.147 Unpacking libltdl-dev:amd64 (2.4.6-14) ...
#5 9.255 Selecting previously unselected package rubygems-integration.
#5 9.258 Preparing to unpack .../11-rubygems-integration_1.16_all.deb ...
#5 9.276 Unpacking rubygems-integration (1.16) ...
#5 9.380 Selecting previously unselected package ruby2.7.
#5 9.383 Preparing to unpack .../12-ruby2.7_2.7.0-5ubuntu1.6_amd64.deb ...
#5 9.407 Unpacking ruby2.7 (2.7.0-5ubuntu1.6) ...
#5 9.559 Selecting previously unselected package ruby.
#5 9.562 Preparing to unpack .../13-ruby_1%3a2.7+1_amd64.deb ...
#5 9.584 Unpacking ruby (1:2.7+1) ...
#5 9.697 Selecting previously unselected package rake.
#5 9.701 Preparing to unpack .../14-rake_13.0.1-4_all.deb ...
#5 9.704 Unpacking rake (13.0.1-4) ...
#5 9.834 Selecting previously unselected package ruby-minitest.
#5 9.838 Preparing to unpack .../15-ruby-minitest_5.13.0-1_all.deb ...
#5 9.846 Unpacking ruby-minitest (5.13.0-1) ...
#5 9.923 Selecting previously unselected package ruby-net-telnet.
#5 9.926 Preparing to unpack .../16-ruby-net-telnet_0.1.1-2_all.deb ...
#5 9.940 Unpacking ruby-net-telnet (0.1.1-2) ...
#5 10.06 Selecting previously unselected package ruby-power-assert.
#5 10.06 Preparing to unpack .../17-ruby-power-assert_1.1.7-1_all.deb ...
#5 10.09 Unpacking ruby-power-assert (1.1.7-1) ...
#5 10.21 Selecting previously unselected package ruby-test-unit.
#5 10.21 Preparing to unpack .../18-ruby-test-unit_3.3.5-1_all.deb ...
#5 10.22 Unpacking ruby-test-unit (3.3.5-1) ...
#5 10.30 Selecting previously unselected package ruby-xmlrpc.
#5 10.30 Preparing to unpack .../19-ruby-xmlrpc_0.3.0-2_all.deb ...
#5 10.31 Unpacking ruby-xmlrpc (0.3.0-2) ...
#5 10.37 Selecting previously unselected package libruby2.7:amd64.
#5 10.37 Preparing to unpack .../20-libruby2.7_2.7.0-5ubuntu1.6_amd64.deb ...
#5 10.37 Unpacking libruby2.7:amd64 (2.7.0-5ubuntu1.6) ...
#5 11.12 Selecting previously unselected package libtool.
#5 11.13 Preparing to unpack .../21-libtool_2.4.6-14_all.deb ...
#5 11.19 Unpacking libtool (2.4.6-14) ...
#5 11.43 Setting up javascript-common (11) ...
#5 11.58 Setting up fonts-lato (2.0-2) ...
#5 11.64 Setting up ruby-power-assert (1.1.7-1) ...
#5 11.70 Setting up rubygems-integration (1.16) ...
#5 11.76 Setting up ruby-minitest (5.13.0-1) ...
#5 11.79 Setting up autotools-dev (20180224.1) ...
#5 11.84 Setting up ruby-test-unit (3.3.5-1) ...
#5 11.89 Setting up ruby-net-telnet (0.1.1-2) ...
#5 11.92 Setting up libsigsegv2:amd64 (2.12-2) ...
#5 11.96 Setting up libltdl7:amd64 (2.4.6-14) ...
#5 12.00 Setting up libjs-jquery (3.3.1~dfsg-3) ...
#5 12.04 Setting up ruby-xmlrpc (0.3.0-2) ...
#5 12.08 Setting up libtool (2.4.6-14) ...
#5 12.10 Setting up m4 (1.4.18-4) ...
#5 12.14 Setting up autoconf (2.69-11.1) ...
#5 12.18 Setting up bison (2:3.5.1+dfsg-1) ...
#5 12.21 update-alternatives: using /usr/bin/bison.yacc to provide /usr/bin/yacc (yacc) in auto mode
#5 12.21 update-alternatives: warning: skip creation of /usr/share/man/man1/yacc.1.gz because associated file /usr/share/man/man1/bison.yacc.1.gz (of link group yacc) doesn't exist
#5 12.24 Setting up automake (1:1.16.1-4ubuntu6) ...
#5 12.26 update-alternatives: using /usr/bin/automake-1.16 to provide /usr/bin/automake (automake) in auto mode
#5 12.26 update-alternatives: warning: skip creation of /usr/share/man/man1/automake.1.gz because associated file /usr/share/man/man1/automake-1.16.1.gz (of link group automake) doesn't exist
#5 12.26 update-alternatives: warning: skip creation of /usr/share/man/man1/aclocal.1.gz because associated file /usr/share/man/man1/aclocal-1.16.1.gz (of link group automake) doesn't exist
#5 12.29 Setting up libltdl-dev:amd64 (2.4.6-14) ...
#5 12.32 Setting up ruby (1:2.7+1) ...
#5 12.36 Setting up rake (13.0.1-4) ...
#5 12.40 Setting up libruby2.7:amd64 (2.7.0-5ubuntu1.6) ...
#5 12.44 Setting up ruby2.7 (2.7.0-5ubuntu1.6) ...
#5 12.48 Processing triggers for libc-bin (2.31-0ubuntu9.2) ...
#5 DONE 13.4s

#6 [3/6] RUN git clone --depth 1 https://github.com/mruby/mruby mruby
#6 sha256:ae49796f36b12e595210f4ae4e6c6f4e0698d477cb35277dce6a25c643144b3a
#6 0.423 Cloning into 'mruby'...
#6 DONE 2.3s

#7 [4/6] RUN git clone --depth 1 https://github.com/bshastry/mruby_seeds.git mruby_seeds
#7 sha256:5a616a266cfe3af03335d0db68cb716cec0ffe4e868f8dff4314176bec899914
#7 0.589 Cloning into 'mruby_seeds'...
#7 DONE 1.5s

#9 [5/6] COPY build.sh /src
#9 sha256:2ef6cc3d70bd993ff14d008dd24110ca1f560b53a08b2fd033f28d828383fc3a
#9 DONE 0.3s

#10 [6/6] WORKDIR mruby
#10 sha256:5ed6e1fd6f6df40e4529837456a613168c0fb76e06ea0d80da0b54b6636c7ad7
#10 DONE 0.2s

#12 exporting to image
#12 sha256:e8c613e07b0b7ff33893b694f7759a10d42e180f2b4dc349fb57dc6b71dcab00
#12 exporting layers done
#12 writing image sha256:20d619743d836c2633e7e91cea6672e6f00562da7095fb636c760eab709c6806 0.0s done
#12 naming to gcr.io/fuzzbench/builders/benchmark/mruby_mruby done
#12 DONE 0.2s

#13 exporting cache
#13 sha256:2700d4ef94dee473593c5c614b55b2dedcca7893909811a8f2b48291a1f581e4
#13 preparing build cache for export done
#13 DONE 0.0s
------
 > importing cache manifest from gcr.io/fuzzbench/builders/benchmark/mruby_mruby:
------
#1 [internal] load build definition from builder.Dockerfile
#1 sha256:85b6ae09f5b3bca6b6dad5bb55781b7e63bffb628cccb8195b889fe618f986f4
#1 transferring dockerfile: 1.35kB done
#1 DONE 0.1s

#2 [internal] load .dockerignore
#2 sha256:a20df7443ba4bf094a08c45bc556614b097565650f4e31c746f7ebc5750e8b9d
#2 transferring context: 2B done
#2 DONE 0.1s

#3 [internal] load metadata for gcr.io/fuzzbench/builders/benchmark/mruby_mruby:latest
#3 sha256:401d1c5e52735def5d67a9192cd2ec67a9c9c34b9b8167ffa8b5910e37750c65
#3 DONE 0.0s

#5 [1/3] FROM gcr.io/fuzzbench/builders/benchmark/mruby_mruby
#5 sha256:000ebf5a8716551113c159d1c7b9c19599303032e3d40dfe088cf4c5eb34f5f3
#5 DONE 0.0s

#4 importing cache manifest from gcr.io/fuzzbench/builders/afl/mruby_mruby-intermediate
#4 sha256:aa92371f9e7f10284e22d0ba11da53d485179d9dfabacee9c595de598d88b102
#4 ERROR: gcr.io/fuzzbench/builders/afl/mruby_mruby-intermediate:latest: not found

#5 [1/3] FROM gcr.io/fuzzbench/builders/benchmark/mruby_mruby
#5 sha256:000ebf5a8716551113c159d1c7b9c19599303032e3d40dfe088cf4c5eb34f5f3
#5 DONE 1.1s

#6 [2/3] RUN git clone https://github.com/google/AFL.git /afl &&     cd /afl &&     git checkout 61037103ae3722c8060ff7082994836a794f978e &&     AFL_NO_X86=1 make
#6 sha256:7f7ee75306aea7e84b79a2be98bef3a941f74f46dcbd3c9e907945a3d62b297a
#6 0.842 Cloning into '/afl'...
#6 1.580 Note: switching to '61037103ae3722c8060ff7082994836a794f978e'.
#6 1.580 
#6 1.580 You are in 'detached HEAD' state. You can look around, make experimental
#6 1.580 changes and commit them, and you can discard any commits you make in this
#6 1.580 state without impacting any branches by switching back to a branch.
#6 1.580 
#6 1.580 If you want to create a new branch to retain commits you create, you may
#6 1.580 do so (now or later) by using -c with the switch command. Example:
#6 1.580 
#6 1.580   git switch -c <new-branch-name>
#6 1.580 
#6 1.580 Or undo this operation with:
#6 1.580 
#6 1.580   git switch -
#6 1.580 
#6 1.580 Turn off this advice by setting config variable advice.detachedHead to false
#6 1.580 
#6 1.580 HEAD is now at 6103710 Fix a typo filename comparison in the fuzzer (#139)
#6 1.596 [!] Note: skipping x86 compilation checks (AFL_NO_X86 set).
#6 1.596 clang -O1 -fno-omit-frame-pointer -gline-tables-only -DFUZZING_BUILD_MODE_UNSAFE_FOR_PRODUCTION -Wall -D_FORTIFY_SOURCE=2 -g -Wno-pointer-sign -DAFL_PATH=\"/usr/local/lib/afl\" -DDOC_PATH=\"/usr/local/share/doc/afl\" -DBIN_PATH=\"/usr/local/bin\" afl-gcc.c -o afl-gcc -ldl
#6 1.778 set -e; for i in afl-g++ afl-clang afl-clang++; do ln -sf afl-gcc $i; done
#6 1.783 clang -O1 -fno-omit-frame-pointer -gline-tables-only -DFUZZING_BUILD_MODE_UNSAFE_FOR_PRODUCTION -Wall -D_FORTIFY_SOURCE=2 -g -Wno-pointer-sign -DAFL_PATH=\"/usr/local/lib/afl\" -DDOC_PATH=\"/usr/local/share/doc/afl\" -DBIN_PATH=\"/usr/local/bin\" afl-fuzz.c -o afl-fuzz -ldl
#6 4.149 clang -O1 -fno-omit-frame-pointer -gline-tables-only -DFUZZING_BUILD_MODE_UNSAFE_FOR_PRODUCTION -Wall -D_FORTIFY_SOURCE=2 -g -Wno-pointer-sign -DAFL_PATH=\"/usr/local/lib/afl\" -DDOC_PATH=\"/usr/local/share/doc/afl\" -DBIN_PATH=\"/usr/local/bin\" afl-showmap.c -o afl-showmap -ldl
#6 4.462 clang -O1 -fno-omit-frame-pointer -gline-tables-only -DFUZZING_BUILD_MODE_UNSAFE_FOR_PRODUCTION -Wall -D_FORTIFY_SOURCE=2 -g -Wno-pointer-sign -DAFL_PATH=\"/usr/local/lib/afl\" -DDOC_PATH=\"/usr/local/share/doc/afl\" -DBIN_PATH=\"/usr/local/bin\" afl-tmin.c -o afl-tmin -ldl
#6 4.894 clang -O1 -fno-omit-frame-pointer -gline-tables-only -DFUZZING_BUILD_MODE_UNSAFE_FOR_PRODUCTION -Wall -D_FORTIFY_SOURCE=2 -g -Wno-pointer-sign -DAFL_PATH=\"/usr/local/lib/afl\" -DDOC_PATH=\"/usr/local/share/doc/afl\" -DBIN_PATH=\"/usr/local/bin\" afl-gotcpu.c -o afl-gotcpu -ldl
#6 5.043 clang -O1 -fno-omit-frame-pointer -gline-tables-only -DFUZZING_BUILD_MODE_UNSAFE_FOR_PRODUCTION -Wall -D_FORTIFY_SOURCE=2 -g -Wno-pointer-sign -DAFL_PATH=\"/usr/local/lib/afl\" -DDOC_PATH=\"/usr/local/share/doc/afl\" -DBIN_PATH=\"/usr/local/bin\" afl-analyze.c -o afl-analyze -ldl
#6 5.437 clang -O1 -fno-omit-frame-pointer -gline-tables-only -DFUZZING_BUILD_MODE_UNSAFE_FOR_PRODUCTION -Wall -D_FORTIFY_SOURCE=2 -g -Wno-pointer-sign -DAFL_PATH=\"/usr/local/lib/afl\" -DDOC_PATH=\"/usr/local/share/doc/afl\" -DBIN_PATH=\"/usr/local/bin\" afl-as.c -o afl-as -ldl
#6 5.675 ln -sf afl-as as
#6 5.677 [!] Note: skipping build tests (you may need to use LLVM or QEMU mode).
#6 5.679 [+] LLVM users: see llvm_mode/README.llvm for a faster alternative to afl-gcc.
#6 5.680 [+] All done! Be sure to review README - it's pretty short and useful.
#6 DONE 6.2s

#7 [3/3] RUN apt-get update &&     apt-get install wget -y &&     wget https://raw.githubusercontent.com/llvm/llvm-project/5feb80e748924606531ba28c97fe65145c65372e/compiler-rt/lib/fuzzer/afl/afl_driver.cpp -O /afl/afl_driver.cpp &&     clang -Wno-pointer-sign -c /afl/llvm_mode/afl-llvm-rt.o.c -I/afl &&     clang++ -stdlib=libc++ -std=c++11 -O2 -c /afl/afl_driver.cpp &&     ar r /libAFL.a *.o
#7 sha256:00534e752b2d931ee2249c1281cb73aafe0d0e1bd20fa63ad321f3bc17c3649d
#7 1.178 Hit:1 http://security.ubuntu.com/ubuntu focal-security InRelease
#7 1.178 Hit:2 http://archive.ubuntu.com/ubuntu focal InRelease
#7 1.178 Hit:3 http://archive.ubuntu.com/ubuntu focal-updates InRelease
#7 1.178 Hit:4 http://archive.ubuntu.com/ubuntu focal-backports InRelease
#7 1.178 Hit:5 http://ppa.launchpad.net/git-core/ppa/ubuntu focal InRelease
#7 2.076 Reading package lists...
#7 3.574 Reading package lists...
#7 4.980 Building dependency tree...
#7 5.191 Reading state information...
#7 5.436 wget is already the newest version (1.20.3-1ubuntu2).
#7 5.436 0 upgraded, 0 newly installed, 0 to remove and 3 not upgraded.
#7 5.441 --2022-02-15 20:35:10--  https://raw.githubusercontent.com/llvm/llvm-project/5feb80e748924606531ba28c97fe65145c65372e/compiler-rt/lib/fuzzer/afl/afl_driver.cpp
#7 5.444 Resolving raw.githubusercontent.com (raw.githubusercontent.com)... 185.199.111.133, 185.199.109.133, 185.199.108.133, ...
#7 5.456 Connecting to raw.githubusercontent.com (raw.githubusercontent.com)|185.199.111.133|:443... connected.
#7 5.488 HTTP request sent, awaiting response... 200 OK
#7 5.675 Length: 9177 (9.0K) [text/plain]
#7 5.675 Saving to: '/afl/afl_driver.cpp'
#7 5.675 
#7 5.675      0K ........                                              100% 8.08M=0.001s
#7 5.676 
#7 5.676 2022-02-15 20:35:10 (8.08 MB/s) - '/afl/afl_driver.cpp' saved [9177/9177]
#7 5.676 
#7 7.427 ar: creating /libAFL.a
#7 DONE 8.5s

#8 exporting to image
#8 sha256:e8c613e07b0b7ff33893b694f7759a10d42e180f2b4dc349fb57dc6b71dcab00
#8 exporting layers done
#8 writing image sha256:0506dcd8f12af6ebd2536ad8f1f656ae8792b923e6199aa5f0f92b2e6af6dc11 0.0s done
#8 naming to gcr.io/fuzzbench/builders/afl/mruby_mruby-intermediate 0.0s done
#8 DONE 0.3s

#9 exporting cache
#9 sha256:2700d4ef94dee473593c5c614b55b2dedcca7893909811a8f2b48291a1f581e4
#9 preparing build cache for export done
#9 DONE 0.0s
------
 > importing cache manifest from gcr.io/fuzzbench/builders/afl/mruby_mruby-intermediate:
------
#1 [internal] load build definition from Dockerfile
#1 sha256:d795070dcc13d2a5ab102a3a71f1779f9eb4b77c9da821df0805ed363bf611dc
#1 transferring dockerfile: 2.00kB done
#1 DONE 0.1s

#2 [internal] load .dockerignore
#2 sha256:d0bc2b7dc31d43c8f4fbe6ef1bcd80e210f015d90e08b2e25781364da2ea65f0
#2 transferring context: 34B done
#2 DONE 0.1s

#3 [internal] load metadata for docker.io/library/ubuntu:xenial
#3 sha256:f62bae18ed588840f045c881b2502661f2a89578a2f8f99b83f5200ee83dd25b
#3 DONE 0.0s

#5 [1/7] FROM docker.io/library/ubuntu:xenial
#5 sha256:14dd403f25ae9e519bd44f27dc17af7ce80f5a4f9f48ca88108364e67ec5d360
#5 DONE 0.0s

#4 importing cache manifest from gcr.io/fuzzbench/base-image
#4 sha256:9b220ebb4d4daceed1b96df9b6dca076e762f1cd612574f010b82d5b9e5ad896
#4 DONE 0.0s

#8 [internal] load build context
#8 sha256:9a5b0824e9c90f9fe8f73aaf4383b6c1de2dfbea0ea5de08294a054d1990a12b
#8 transferring context: 559B 0.1s done
#8 DONE 0.2s

#9 [4/7] COPY ./requirements.txt /
#9 sha256:e64064d7850dc7748aebe643dda45082342674c8c62255bb2666fc638e8d7061
#9 CACHED

#10 [5/7] RUN pip3 install -r /requirements.txt
#10 sha256:21b59a7f1d03fe6d22f6b2c4de7c39b1e0deb7c8f079056065de67790ba7b3eb
#10 CACHED

#11 [6/7] RUN apt-get update -y && apt-get install -y     apt-transport-https     lsb-release
#11 sha256:78e85461cd9b040e5bf06007bf551e8f51633008e44d4b4a776fcb32516cc6bc
#11 CACHED

#6 [2/7] RUN apt-get update -y && apt-get install -y     build-essential     rsync     curl     zlib1g-dev     libncurses5-dev     libgdbm-dev     libnss3-dev     libssl-dev     libreadline-dev     libffi-dev     virtualenv     libbz2-dev     liblzma-dev     libsqlite3-dev
#6 sha256:3a1b0960f17eed529eaae93dc8fd3554f2743dd584d8fa569cdbe6bc734371ac
#6 CACHED

#7 [3/7] RUN cd /tmp/ &&     curl -O https://www.python.org/ftp/python/3.8.6/Python-3.8.6.tar.xz &&     tar -xvf Python-3.8.6.tar.xz &&     cd Python-3.8.6 &&     ./configure --enable-loadable-sqlite-extensions --enable-optimizations &&     make -j install &&     rm -r /tmp/Python-3.8.6.tar.xz /tmp/Python-3.8.6
#7 sha256:c5b9d1fb3371e84dbc60b76e7b2f8d5913bc93bcd4910ab65daa03e7b2ec4bb0
#7 CACHED

#12 [7/7] RUN CLOUD_SDK_REPO="cloud-sdk-$(lsb_release -c -s)" &&     echo "deb https://packages.cloud.google.com/apt $CLOUD_SDK_REPO main"     | tee -a /etc/apt/sources.list.d/google-cloud-sdk.list &&     curl https://packages.cloud.google.com/apt/doc/apt-key.gpg     | apt-key add - &&     apt-get update -y &&     apt-get install -y google-cloud-sdk
#12 sha256:bbc6a78d743f85579d3149110ac759467b1b377963be4c9a19c18b4105591608
#12 CACHED

#13 exporting to image
#13 sha256:e8c613e07b0b7ff33893b694f7759a10d42e180f2b4dc349fb57dc6b71dcab00
#13 exporting layers done
#13 writing image sha256:139540fb22a119f888cb3e5ed6e013e8d868574697f5fb839e5da9e23de73e0a
#13 writing image sha256:139540fb22a119f888cb3e5ed6e013e8d868574697f5fb839e5da9e23de73e0a 0.0s done
#13 naming to gcr.io/fuzzbench/base-image done
#13 DONE 0.1s

#14 exporting cache
#14 sha256:2700d4ef94dee473593c5c614b55b2dedcca7893909811a8f2b48291a1f581e4
#14 preparing build cache for export done
#14 DONE 0.0s
#1 [internal] load build definition from Dockerfile
#1 sha256:08a4dd858c81ad59b42d0201acf41c3a18347f9c252a4f51c22e89802c48bb28
#1 transferring dockerfile: 2.22kB done
#1 DONE 0.0s

#2 [internal] load .dockerignore
#2 sha256:6f299c44254d4c5506c7f712f826ccf4ccb14eaaef9a84772215d72bc94c48e4
#2 transferring context: 34B done
#2 DONE 0.0s

#4 [internal] load metadata for gcr.io/fuzzbench/base-image:latest
#4 sha256:932022888f650cc455b10eb5123bb08c0cccacac29a693e69314abbfd28a72c3
#4 DONE 0.0s

#3 [internal] load metadata for gcr.io/fuzzbench/builders/afl/mruby_mruby-intermediate:latest
#3 sha256:cbad6349d6339e1d8d61dace86dd80a5917ad78b2f1bf9b46b0be1db0b6d3a3d
#3 DONE 0.0s

#12 [internal] load build context
#12 sha256:073df7923c37f42f2250a2cccdf20f59960fb804e6bf8836b9059564220bfec3
#12 DONE 0.0s

#7 [base-image 1/1] FROM gcr.io/fuzzbench/base-image
#7 sha256:4d07825694520f8b6f6a0d8592dbd345433361ae044cb7f06706c5a95e3daaad
#7 DONE 0.0s

#6 [stage-1  1/13] FROM gcr.io/fuzzbench/builders/afl/mruby_mruby-intermediate
#6 sha256:8c8867a3b193d0798112b897a8ed18a431a55161addb16521e7783b3be068d2b
#6 DONE 0.0s

#5 importing cache manifest from gcr.io/fuzzbench/builders/afl/mruby_mruby
#5 sha256:42043a985b3080eab4a149929d10544993fb8080f9f7c7065629d5adbccaa51d
#5 ERROR: gcr.io/fuzzbench/builders/afl/mruby_mruby:latest: not found

#7 [base-image 1/1] FROM gcr.io/fuzzbench/base-image
#7 sha256:4d07825694520f8b6f6a0d8592dbd345433361ae044cb7f06706c5a95e3daaad
#7 CACHED

#6 [stage-1  1/13] FROM gcr.io/fuzzbench/builders/afl/mruby_mruby-intermediate
#6 sha256:8c8867a3b193d0798112b897a8ed18a431a55161addb16521e7783b3be068d2b
#6 ...

#12 [internal] load build context
#12 sha256:073df7923c37f42f2250a2cccdf20f59960fb804e6bf8836b9059564220bfec3
#12 transferring context: 669.86kB 0.1s done
#12 DONE 0.7s

#6 [stage-1  1/13] FROM gcr.io/fuzzbench/builders/afl/mruby_mruby-intermediate
#6 sha256:8c8867a3b193d0798112b897a8ed18a431a55161addb16521e7783b3be068d2b
#6 DONE 1.0s

#8 [stage-1  2/13] COPY --from=base-image /usr/local/bin/python3* /usr/local/bin/
#8 sha256:5a8d9498342e2cfd94d12a83c6a75764384683144ec9b48ab9015062aa23a132
#8 DONE 0.5s

#9 [stage-1  3/13] COPY --from=base-image /usr/local/lib/python3.8 /usr/local/lib/python3.8
#9 sha256:6c1bae01c36afb2b7f6708cab31e910510ddbf0cb0664248cdfc593dba54e008
#9 DONE 14.4s

#10 [stage-1  4/13] COPY --from=base-image /usr/local/include/python3.8 /usr/local/include/python3.8
#10 sha256:021451c80e05541dfe9187f700abef9c3e513a000e9b2619d4a002821d0d4c40
#10 DONE 0.1s

#11 [stage-1  5/13] COPY --from=base-image /usr/local/lib/python3.8/site-packages /usr/local/lib/python3.8/site-packages
#11 sha256:fc77084d28dd71a7b5e119ef0fc670304817aa7f7056fed9e6ce0188cba2b997
#11 DONE 15.9s

#13 [stage-1  6/13] COPY fuzzers /src/fuzzers
#13 sha256:6b6ead69835bc730d083b72dbfe43b264011e667350832d5416ed864654952b2
#13 DONE 0.2s

#14 [stage-1  7/13] RUN touch /src/__init__.py
#14 sha256:e2096260d515ff8b794c0734b2607785e5c23cefcaa8692ac930afa6cc4bba21
#14 DONE 0.7s

#15 [stage-1  8/13] COPY benchmarks/mruby_mruby/benchmark.yaml /
#15 sha256:9cf58c42bfef51a8cacb85fbaf4a885b431505d7d9891a8a643be36c94fa456c
#15 DONE 0.4s

#16 [stage-1  9/13] RUN mkdir /opt/fuzzbench/
#16 sha256:c02fa395279960e8e45ab20438dbd366d74bf7429c518e5fd904cf472acf2768
#16 DONE 1.0s

#17 [stage-1 10/13] COPY docker/benchmark-builder/checkout_commit.py /opt/fuzzbench/
#17 sha256:36ccad65f8613d1f570098cf158c83925a88f60fe7074ba3a413a392486dc5a4
#17 DONE 0.4s

#18 [stage-1 11/13] RUN export CHECKOUT_COMMIT=$(cat /benchmark.yaml | tr -d ' ' | grep 'commit:' | cut -d ':' -f2) &&     python3 -u /opt/fuzzbench/checkout_commit.py $CHECKOUT_COMMIT /src
#18 sha256:a9e63b770258113f4e744d9f29c35942c64e308d8c7615a3e660e250718bf6e0
#18 0.572 Checking out commit 8017ffc3
#18 7.911 From https://github.com/mruby/mruby
#18 7.911  * [new tag]             1.0.0         -> 1.0.0
#18 7.911  * [new tag]             1.1.0         -> 1.1.0
#18 7.911  * [new tag]             1.2.0         -> 1.2.0
#18 7.912  * [new tag]             1.3.0         -> 1.3.0
#18 7.912  * [new tag]             1.4.0         -> 1.4.0
#18 7.912  * [new tag]             1.4.1         -> 1.4.1
#18 7.913  * [new tag]             2.0.0         -> 2.0.0
#18 7.913  * [new tag]             2.0.1         -> 2.0.1
#18 7.913  * [new tag]             2.1.0         -> 2.1.0
#18 7.913  * [new tag]             2.1.0-rc      -> 2.1.0-rc
#18 7.914  * [new tag]             2.1.1         -> 2.1.1
#18 7.914  * [new tag]             2.1.1-rc      -> 2.1.1-rc
#18 7.914  * [new tag]             2.1.1-rc2     -> 2.1.1-rc2
#18 7.914  * [new tag]             2.1.2         -> 2.1.2
#18 7.914  * [new tag]             2.1.2-rc      -> 2.1.2-rc
#18 7.915  * [new tag]             2.1.2-rc2     -> 2.1.2-rc2
#18 7.915  * [new tag]             3.0.0         -> 3.0.0
#18 7.915  * [new tag]             3.0.0-preview -> 3.0.0-preview
#18 7.915  * [new tag]             3.0.0-rc      -> 3.0.0-rc
#18 7.924 error: pathspec '8017ffc3' did not match any file(s) known to git
#18 8.719 error: pathspec '8017ffc3' did not match any file(s) known to git
#18 8.724 error: pathspec '8017ffc3' did not match any file(s) known to git
#18 8.731 error: pathspec '8017ffc3' did not match any file(s) known to git
#18 8.748 error: pathspec '8017ffc3' did not match any file(s) known to git
#18 8.769 error: pathspec '8017ffc3' did not match any file(s) known to git
#18 8.773 error: pathspec '8017ffc3' did not match any file(s) known to git
#18 8.778 error: pathspec '8017ffc3' did not match any file(s) known to git
#18 8.785 error: pathspec '8017ffc3' did not match any file(s) known to git
#18 8.856 Checkout unsuccessful.
#18 DONE 9.4s

#19 [stage-1 12/13] RUN echo "#!/bin/bash\nPYTHONPATH=/src python3 -u -c "from fuzzers import utils; utils.initialize_env(); from fuzzers.afl import fuzzer; fuzzer.build()"" > /usr/bin/fuzzer_build &&     chmod +x /usr/bin/fuzzer_build
#19 sha256:09a2bdd6cb37c53d87255facda42445f625a2313727d92f66d1685471b49212f
#19 DONE 0.8s

#20 [stage-1 13/13] RUN echo "Run fuzzer_build to build the target" && if [ -z "$debug_builder" ] ; then fuzzer_build; fi
#20 sha256:783398673aab18421fc1572a81183eb85612cf1ea33ca1c6467627a5ad4dc6fd
#20 0.631 Run fuzzer_build to build the target
#20 0.749 FUZZ_TARGET = mruby
#20 0.749 CFLAGS = -DFUZZING_BUILD_MODE_UNSAFE_FOR_PRODUCTION -pthread -Wl,--no-as-needed -Wl,-ldl -Wl,-lm -Wno-unused-command-line-argument -O3
#20 0.749 CXXFLAGS = -DFUZZING_BUILD_MODE_UNSAFE_FOR_PRODUCTION -pthread -Wl,--no-as-needed -Wl,-ldl -Wl,-lm -Wno-unused-command-line-argument -stdlib=libc++ -O3
#20 0.772 Building benchmark mruby_mruby with fuzzer afl
#20 0.775 + export LD=clang
#20 0.775 + LD=clang
#20 0.775 + export 'LDFLAGS=-DFUZZING_BUILD_MODE_UNSAFE_FOR_PRODUCTION -pthread -Wl,--no-as-needed -Wl,-ldl -Wl,-lm -Wno-unused-command-line-argument -O3 -fsanitize-coverage=trace-pc-guard'
#20 0.775 + LDFLAGS='-DFUZZING_BUILD_MODE_UNSAFE_FOR_PRODUCTION -pthread -Wl,--no-as-needed -Wl,-ldl -Wl,-lm -Wno-unused-command-line-argument -O3 -fsanitize-coverage=trace-pc-guard'
#20 0.775 + ./minirake clean
#20 1.301 Cleaned up target build folder
#20 1.304 ++ nproc
#20 1.307 + ./minirake -j8 all
#20 1.748 CPP   src/load.c -> build/host/src/load.pi
#20 1.809 CPP   src/pool.c -> build/host/src/pool.pi
#20 1.849 CPP   src/hash.c -> build/host/src/hash.pi
#20 1.897 CPP   src/readflt.c -> build/host/src/readflt.pi
#20 1.936 CPP   src/fmt_fp.c -> build/host/src/fmt_fp.pi
#20 1.978 CPP   src/array.c -> build/host/src/array.pi
#20 2.041 CPP   src/init.c -> build/host/src/init.pi
#20 2.078 CPP   src/vm.c -> build/host/src/vm.pi
#20 2.142 CPP   src/cdump.c -> build/host/src/cdump.pi
#20 2.192 CPP   src/range.c -> build/host/src/range.pi
#20 2.230 CPP   src/string.c -> build/host/src/string.pi
#20 2.278 CPP   src/class.c -> build/host/src/class.pi
#20 2.336 CPP   src/gc.c -> build/host/src/gc.pi
#20 2.380 CPP   src/enum.c -> build/host/src/enum.pi
#20 2.420 CPP   src/backtrace.c -> build/host/src/backtrace.pi
#20 2.467 CPP   src/print.c -> build/host/src/print.pi
#20 2.505 CPP   src/debug.c -> build/host/src/debug.pi
#20 2.542 CPP   src/readint.c -> build/host/src/readint.pi
#20 2.579 CPP   src/compar.c -> build/host/src/compar.pi
#20 2.616 CPP   src/dump.c -> build/host/src/dump.pi
#20 2.656 CPP   src/kernel.c -> build/host/src/kernel.pi
#20 2.698 CPP   src/state.c -> build/host/src/state.pi
#20 2.745 CPP   src/version.c -> build/host/src/version.pi
#20 2.782 CPP   src/object.c -> build/host/src/object.pi
#20 2.821 CPP   src/symbol.c -> build/host/src/symbol.pi
#20 2.862 CPP   src/variable.c -> build/host/src/variable.pi
#20 2.900 CPP   src/numeric.c -> build/host/src/numeric.pi
#20 2.942 CPP   src/codedump.c -> build/host/src/codedump.pi
#20 2.989 CPP   src/proc.c -> build/host/src/proc.pi
#20 3.030 CPP   src/etc.c -> build/host/src/etc.pi
#20 3.067 CPP   src/error.c -> build/host/src/error.pi
#20 3.110 CPP   mrbgems/mruby-compiler/core/codegen.c -> build/host/mrbgems/mruby-compiler/core/codegen.pi
#20 3.177 CPP   mrbgems/mruby-compiler/core/y.tab.c -> build/host/mrbgems/mruby-compiler/core/y.tab.pi
#20 3.250 CC    mrbgems/mruby-bin-mrbc/tools/mrbc/mrbc.c -> build/host/mrbc/mrbgems/mruby-bin-mrbc/tools/mrbc/mrbc.o
#20 3.428 CC    src/load.c -> build/host/mrbc/src/load.o
#20 3.751 CC    src/pool.c -> build/host/mrbc/src/pool.o
#20 3.857 CC    src/hash.c -> build/host/mrbc/src/hash.o
#20 4.430 CC    src/readflt.c -> build/host/mrbc/src/readflt.o
#20 4.529 CC    src/fmt_fp.c -> build/host/mrbc/src/fmt_fp.o
#20 4.678 CC    src/array.c -> build/host/mrbc/src/array.o
#20 5.762 CC    src/init.c -> build/host/mrbc/src/init.o
#20 5.832 CC    src/vm.c -> build/host/mrbc/src/vm.o
#20 10.25 CC    src/cdump.c -> build/host/mrbc/src/cdump.o
#20 10.53 CC    src/range.c -> build/host/mrbc/src/range.o
#20 10.75 CC    src/string.c -> build/host/mrbc/src/string.o
#20 11.78 CC    src/class.c -> build/host/mrbc/src/class.o
#20 13.01 CC    src/gc.c -> build/host/mrbc/src/gc.o
#20 13.57 CC    src/enum.c -> build/host/mrbc/src/enum.o
#20 13.65 CC    src/backtrace.c -> build/host/mrbc/src/backtrace.o
#20 13.82 CC    src/print.c -> build/host/mrbc/src/print.o
#20 13.92 CC    src/debug.c -> build/host/mrbc/src/debug.o
#20 14.08 CC    src/readint.c -> build/host/mrbc/src/readint.o
#20 14.17 CC    src/compar.c -> build/host/mrbc/src/compar.o
#20 14.24 CC    src/dump.c -> build/host/mrbc/src/dump.o
#20 14.56 CC    src/kernel.c -> build/host/mrbc/src/kernel.o
#20 14.76 CC    src/state.c -> build/host/mrbc/src/state.o
#20 14.91 CC    src/version.c -> build/host/mrbc/src/version.o
#20 14.98 CC    src/object.c -> build/host/mrbc/src/object.o
#20 15.19 CC    src/symbol.c -> build/host/mrbc/src/symbol.o
#20 15.44 CC    src/variable.c -> build/host/mrbc/src/variable.o
#20 16.12 CC    src/numeric.c -> build/host/mrbc/src/numeric.o
#20 16.63 CC    src/codedump.c -> build/host/mrbc/src/codedump.o
#20 17.60 CC    src/proc.c -> build/host/mrbc/src/proc.o
#20 17.84 CC    src/etc.c -> build/host/mrbc/src/etc.o
#20 17.96 CC    src/error.c -> build/host/mrbc/src/error.o
#20 18.23 CC    mrbgems/mruby-compiler/core/codegen.c -> build/host/mrbc/mrbgems/mruby-compiler/core/codegen.o
#20 20.53 CC    mrbgems/mruby-compiler/core/y.tab.c -> build/host/mrbc/mrbgems/mruby-compiler/core/y.tab.o
#20 23.76 AR    build/host/mrbc/lib/libmruby_core.a 
#20 23.78 ar: creating /src/mruby/build/host/mrbc/lib/libmruby_core.a
#20 23.84 LD    build/host/mrbc/bin/mrbc 
#20 24.03 GEN   mrblib/*.rb -> build/host/mrblib/mrblib.c
#20 24.03       MRBC mrblib/00class.rb 
#20 24.03            mrblib/10error.rb 
#20 24.03            mrblib/array.rb 
#20 24.03            mrblib/compar.rb 
#20 24.03            mrblib/enum.rb 
#20 24.03            mrblib/hash.rb 
#20 24.03            mrblib/kernel.rb 
#20 24.03            mrblib/numeric.rb 
#20 24.03            mrblib/range.rb 
#20 24.03            mrblib/string.rb 
#20 24.03            mrblib/symbol.rb 
#20 24.05 CPP   build/host/mrblib/mrblib.c -> build/host/mrblib/mrblib.pi
#20 24.11 GEN   build/host/mrbgems/mruby-compar-ext/gem_init.c 
#20 24.11       MRBC mrbgems/mruby-compar-ext/mrblib/compar.rb 
#20 24.12 CPP   build/host/mrbgems/mruby-compar-ext/gem_init.c -> build/host/mrbgems/mruby-compar-ext/gem_init.pi
#20 24.16 GEN   build/host/mrbgems/mruby-enum-ext/gem_init.c 
#20 24.16       MRBC mrbgems/mruby-enum-ext/mrblib/enum.rb 
#20 24.18 CPP   build/host/mrbgems/mruby-enum-ext/gem_init.c -> build/host/mrbgems/mruby-enum-ext/gem_init.pi
#20 24.23 CPP   mrbgems/mruby-string-ext/src/string.c -> build/host/mrbgems/mruby-string-ext/src/string.pi
#20 24.28 GEN   build/host/mrbgems/mruby-string-ext/gem_init.c 
#20 24.28       MRBC mrbgems/mruby-string-ext/mrblib/string.rb 
#20 24.30 CPP   build/host/mrbgems/mruby-string-ext/gem_init.c -> build/host/mrbgems/mruby-string-ext/gem_init.pi
#20 24.34 CPP   mrbgems/mruby-numeric-ext/src/numeric_ext.c -> build/host/mrbgems/mruby-numeric-ext/src/numeric_ext.pi
#20 24.38 GEN   build/host/mrbgems/mruby-numeric-ext/gem_init.c 
#20 24.38       MRBC mrbgems/mruby-numeric-ext/mrblib/numeric_ext.rb 
#20 24.39 CPP   build/host/mrbgems/mruby-numeric-ext/gem_init.c -> build/host/mrbgems/mruby-numeric-ext/gem_init.pi
#20 24.43 CPP   mrbgems/mruby-array-ext/src/array.c -> build/host/mrbgems/mruby-array-ext/src/array.pi
#20 24.48 GEN   build/host/mrbgems/mruby-array-ext/gem_init.c 
#20 24.48       MRBC mrbgems/mruby-array-ext/mrblib/array.rb 
#20 24.49 CPP   build/host/mrbgems/mruby-array-ext/gem_init.c -> build/host/mrbgems/mruby-array-ext/gem_init.pi
#20 24.54 CPP   mrbgems/mruby-hash-ext/src/hash-ext.c -> build/host/mrbgems/mruby-hash-ext/src/hash-ext.pi
#20 24.58 GEN   build/host/mrbgems/mruby-hash-ext/gem_init.c 
#20 24.58       MRBC mrbgems/mruby-hash-ext/mrblib/hash.rb 
#20 24.59 CPP   build/host/mrbgems/mruby-hash-ext/gem_init.c -> build/host/mrbgems/mruby-hash-ext/gem_init.pi
#20 24.65 CPP   mrbgems/mruby-range-ext/src/range.c -> build/host/mrbgems/mruby-range-ext/src/range.pi
#20 24.68 GEN   build/host/mrbgems/mruby-range-ext/gem_init.c 
#20 24.68       MRBC mrbgems/mruby-range-ext/mrblib/range.rb 
#20 24.70 CPP   build/host/mrbgems/mruby-range-ext/gem_init.c -> build/host/mrbgems/mruby-range-ext/gem_init.pi
#20 24.74 CPP   mrbgems/mruby-proc-ext/src/proc.c -> build/host/mrbgems/mruby-proc-ext/src/proc.pi
#20 24.78 GEN   build/host/mrbgems/mruby-proc-ext/gem_init.c 
#20 24.78       MRBC mrbgems/mruby-proc-ext/mrblib/proc.rb 
#20 24.79 CPP   build/host/mrbgems/mruby-proc-ext/gem_init.c -> build/host/mrbgems/mruby-proc-ext/gem_init.pi
#20 24.83 CPP   mrbgems/mruby-symbol-ext/src/symbol.c -> build/host/mrbgems/mruby-symbol-ext/src/symbol.pi
#20 24.87 GEN   build/host/mrbgems/mruby-symbol-ext/gem_init.c 
#20 24.87       MRBC mrbgems/mruby-symbol-ext/mrblib/symbol.rb 
#20 24.88 CPP   build/host/mrbgems/mruby-symbol-ext/gem_init.c -> build/host/mrbgems/mruby-symbol-ext/gem_init.pi
#20 24.93 CPP   mrbgems/mruby-object-ext/src/object.c -> build/host/mrbgems/mruby-object-ext/src/object.pi
#20 24.97 GEN   build/host/mrbgems/mruby-object-ext/gem_init.c 
#20 24.97       MRBC mrbgems/mruby-object-ext/mrblib/object.rb 
#20 24.98 CPP   build/host/mrbgems/mruby-object-ext/gem_init.c -> build/host/mrbgems/mruby-object-ext/gem_init.pi
#20 25.02 CPP   mrbgems/mruby-objectspace/src/mruby_objectspace.c -> build/host/mrbgems/mruby-objectspace/src/mruby_objectspace.pi
#20 25.07 GEN   build/host/mrbgems/mruby-objectspace/gem_init.c 
#20 25.07 CPP   build/host/mrbgems/mruby-objectspace/gem_init.c -> build/host/mrbgems/mruby-objectspace/gem_init.pi
#20 25.10 CPP   mrbgems/mruby-fiber/src/fiber.c -> build/host/mrbgems/mruby-fiber/src/fiber.pi
#20 25.15 GEN   build/host/mrbgems/mruby-fiber/gem_init.c 
#20 25.15 CPP   build/host/mrbgems/mruby-fiber/gem_init.c -> build/host/mrbgems/mruby-fiber/gem_init.pi
#20 25.18 GEN   build/host/mrbgems/mruby-enumerator/gem_init.c 
#20 25.18       MRBC mrbgems/mruby-enumerator/mrblib/enumerator.rb 
#20 25.21 CPP   build/host/mrbgems/mruby-enumerator/gem_init.c -> build/host/mrbgems/mruby-enumerator/gem_init.pi
#20 25.25 GEN   build/host/mrbgems/mruby-enum-lazy/gem_init.c 
#20 25.25       MRBC mrbgems/mruby-enum-lazy/mrblib/lazy.rb 
#20 25.26 CPP   build/host/mrbgems/mruby-enum-lazy/gem_init.c -> build/host/mrbgems/mruby-enum-lazy/gem_init.pi
#20 25.30 GEN   build/host/mrbgems/mruby-toplevel-ext/gem_init.c 
#20 25.30       MRBC mrbgems/mruby-toplevel-ext/mrblib/toplevel.rb 
#20 25.31 CPP   build/host/mrbgems/mruby-toplevel-ext/gem_init.c -> build/host/mrbgems/mruby-toplevel-ext/gem_init.pi
#20 25.35 CPP   mrbgems/mruby-kernel-ext/src/kernel.c -> build/host/mrbgems/mruby-kernel-ext/src/kernel.pi
#20 25.40 GEN   build/host/mrbgems/mruby-kernel-ext/gem_init.c 
#20 25.40 CPP   build/host/mrbgems/mruby-kernel-ext/gem_init.c -> build/host/mrbgems/mruby-kernel-ext/gem_init.pi
#20 25.43 CPP   mrbgems/mruby-class-ext/src/class.c -> build/host/mrbgems/mruby-class-ext/src/class.pi
#20 25.47 GEN   build/host/mrbgems/mruby-class-ext/gem_init.c 
#20 25.47       MRBC mrbgems/mruby-class-ext/mrblib/module.rb 
#20 25.48 CPP   build/host/mrbgems/mruby-class-ext/gem_init.c -> build/host/mrbgems/mruby-class-ext/gem_init.pi
#20 25.53 CPP   mrbgems/mruby-errno/src/errno.c -> build/host/mrbgems/mruby-errno/src/errno.pi
#20 25.58 GEN   build/host/mrbgems/mruby-errno/gem_init.c 
#20 25.58 CPP   build/host/mrbgems/mruby-errno/gem_init.c -> build/host/mrbgems/mruby-errno/gem_init.pi
#20 25.62 CPP   mrbgems/mruby-pack/src/pack.c -> build/host/mrbgems/mruby-pack/src/pack.pi
#20 25.67 GEN   build/host/mrbgems/mruby-pack/gem_init.c 
#20 25.67 CPP   build/host/mrbgems/mruby-pack/gem_init.c -> build/host/mrbgems/mruby-pack/gem_init.pi
#20 25.70 CPP   mrbgems/mruby-sprintf/src/sprintf.c -> build/host/mrbgems/mruby-sprintf/src/sprintf.pi
#20 25.75 GEN   build/host/mrbgems/mruby-sprintf/gem_init.c 
#20 25.75       MRBC mrbgems/mruby-sprintf/mrblib/string.rb 
#20 25.76 CPP   build/host/mrbgems/mruby-sprintf/gem_init.c -> build/host/mrbgems/mruby-sprintf/gem_init.pi
#20 25.81 CPP   mrbgems/mruby-time/src/time.c -> build/host/mrbgems/mruby-time/src/time.pi
#20 25.85 GEN   build/host/mrbgems/mruby-time/gem_init.c 
#20 25.85       MRBC mrbgems/mruby-time/mrblib/time.rb 
#20 25.86 CPP   build/host/mrbgems/mruby-time/gem_init.c -> build/host/mrbgems/mruby-time/gem_init.pi
#20 25.91 CPP   mrbgems/mruby-struct/src/struct.c -> build/host/mrbgems/mruby-struct/src/struct.pi
#20 25.95 GEN   build/host/mrbgems/mruby-struct/gem_init.c 
#20 25.95       MRBC mrbgems/mruby-struct/mrblib/struct.rb 
#20 25.96 CPP   build/host/mrbgems/mruby-struct/gem_init.c -> build/host/mrbgems/mruby-struct/gem_init.pi
#20 26.00 CPP   mrbgems/mruby-random/src/random.c -> build/host/mrbgems/mruby-random/src/random.pi
#20 26.05 GEN   build/host/mrbgems/mruby-random/gem_init.c 
#20 26.05 CPP   build/host/mrbgems/mruby-random/gem_init.c -> build/host/mrbgems/mruby-random/gem_init.pi
#20 26.08 CPP   mrbgems/mruby-io/src/mruby_io_gem.c -> build/host/mrbgems/mruby-io/src/mruby_io_gem.pi
#20 26.12 CPP   mrbgems/mruby-io/src/io.c -> build/host/mrbgems/mruby-io/src/io.pi
#20 26.18 CPP   mrbgems/mruby-io/src/file.c -> build/host/mrbgems/mruby-io/src/file.pi
#20 26.23 CPP   mrbgems/mruby-io/src/file_test.c -> build/host/mrbgems/mruby-io/src/file_test.pi
#20 26.29 GEN   build/host/mrbgems/mruby-io/gem_init.c 
#20 26.29       MRBC mrbgems/mruby-io/mrblib/file.rb 
#20 26.29            mrbgems/mruby-io/mrblib/file_constants.rb 
#20 26.29            mrbgems/mruby-io/mrblib/io.rb 
#20 26.29            mrbgems/mruby-io/mrblib/kernel.rb 
#20 26.30 CPP   build/host/mrbgems/mruby-io/gem_init.c -> build/host/mrbgems/mruby-io/gem_init.pi
#20 26.35 CPP   mrbgems/mruby-socket/src/socket.c -> build/host/mrbgems/mruby-socket/src/socket.pi
#20 26.42 GEN   build/host/mrbgems/mruby-socket/gem_init.c 
#20 26.42       MRBC mrbgems/mruby-socket/mrblib/socket.rb 
#20 26.44 CPP   build/host/mrbgems/mruby-socket/gem_init.c -> build/host/mrbgems/mruby-socket/gem_init.pi
#20 26.49 CPP   mrbgems/mruby-print/src/print.c -> build/host/mrbgems/mruby-print/src/print.pi
#20 26.53 GEN   build/host/mrbgems/mruby-print/gem_init.c 
#20 26.53       MRBC mrbgems/mruby-print/mrblib/print.rb 
#20 26.54 CPP   build/host/mrbgems/mruby-print/gem_init.c -> build/host/mrbgems/mruby-print/gem_init.pi
#20 26.58 CPP   mrbgems/mruby-math/src/math.c -> build/host/mrbgems/mruby-math/src/math.pi
#20 26.62 GEN   build/host/mrbgems/mruby-math/gem_init.c 
#20 26.62 CPP   build/host/mrbgems/mruby-math/gem_init.c -> build/host/mrbgems/mruby-math/gem_init.pi
#20 26.66 CPP   mrbgems/mruby-rational/src/rational.c -> build/host/mrbgems/mruby-rational/src/rational.pi
#20 26.72 GEN   build/host/mrbgems/mruby-rational/gem_init.c 
#20 26.72       MRBC mrbgems/mruby-rational/mrblib/rational.rb 
#20 26.73 CPP   build/host/mrbgems/mruby-rational/gem_init.c -> build/host/mrbgems/mruby-rational/gem_init.pi
#20 26.77 CPP   mrbgems/mruby-complex/src/complex.c -> build/host/mrbgems/mruby-complex/src/complex.pi
#20 26.81 GEN   build/host/mrbgems/mruby-complex/gem_init.c 
#20 26.81       MRBC mrbgems/mruby-complex/mrblib/complex.rb 
#20 26.83 CPP   build/host/mrbgems/mruby-complex/gem_init.c -> build/host/mrbgems/mruby-complex/gem_init.pi
#20 26.87 CPP   mrbgems/mruby-metaprog/src/metaprog.c -> build/host/mrbgems/mruby-metaprog/src/metaprog.pi
#20 26.92 GEN   build/host/mrbgems/mruby-metaprog/gem_init.c 
#20 26.92 CPP   build/host/mrbgems/mruby-metaprog/gem_init.c -> build/host/mrbgems/mruby-metaprog/gem_init.pi
#20 26.96 CPP   mrbgems/mruby-method/src/method.c -> build/host/mrbgems/mruby-method/src/method.pi
#20 27.00 GEN   build/host/mrbgems/mruby-method/gem_init.c 
#20 27.00       MRBC mrbgems/mruby-method/mrblib/kernel.rb 
#20 27.00            mrbgems/mruby-method/mrblib/method.rb 
#20 27.02 CPP   build/host/mrbgems/mruby-method/gem_init.c -> build/host/mrbgems/mruby-method/gem_init.pi
#20 27.06 CPP   mrbgems/mruby-eval/src/eval.c -> build/host/mrbgems/mruby-eval/src/eval.pi
#20 27.09 GEN   build/host/mrbgems/mruby-eval/gem_init.c 
#20 27.09 CPP   build/host/mrbgems/mruby-eval/gem_init.c -> build/host/mrbgems/mruby-eval/gem_init.pi
#20 27.13 CPP   build/host/mrbgems/gem_init.c -> build/host/mrbgems/gem_init.pi
#20 27.17 CPP   mrbgems/mruby-bin-mrbc/tools/mrbc/mrbc.c -> build/host/mrbgems/mruby-bin-mrbc/tools/mrbc/mrbc.pi
#20 27.21 CPP   mrbgems/mruby-bin-mirb/tools/mirb/mirb.c -> build/host/mrbgems/mruby-bin-mirb/tools/mirb/mirb.pi
#20 27.26 CPP   mrbgems/mruby-bin-mruby/tools/mruby/mruby.c -> build/host/mrbgems/mruby-bin-mruby/tools/mruby/mruby.pi
#20 27.31 CPP   mrbgems/mruby-bin-strip/tools/mruby-strip/mruby-strip.c -> build/host/mrbgems/mruby-bin-strip/tools/mruby-strip/mruby-strip.pi
#20 27.42 GEN   build/host/presym 
#20 27.42 GEN   build/host/include/mruby/presym/id.h 
#20 27.42 GEN   build/host/include/mruby/presym/table.h 
#20 27.42 CC    src/load.c -> build/host/src/load.o
#20 27.73 CC    src/pool.c -> build/host/src/pool.o
#20 27.83 CC    src/hash.c -> build/host/src/hash.o
#20 28.43 CC    src/readflt.c -> build/host/src/readflt.o
#20 28.53 CC    src/fmt_fp.c -> build/host/src/fmt_fp.o
#20 28.68 CC    src/array.c -> build/host/src/array.o
#20 29.77 CC    src/init.c -> build/host/src/init.o
#20 29.86 CC    src/vm.c -> build/host/src/vm.o
#20 34.30 CC    src/cdump.c -> build/host/src/cdump.o
#20 34.60 CC    src/range.c -> build/host/src/range.o
#20 34.81 CC    src/string.c -> build/host/src/string.o
#20 35.86 CC    src/class.c -> build/host/src/class.o
#20 37.10 CC    src/gc.c -> build/host/src/gc.o
#20 37.68 CC    src/enum.c -> build/host/src/enum.o
#20 37.75 CC    src/backtrace.c -> build/host/src/backtrace.o
#20 37.92 CC    src/print.c -> build/host/src/print.o
#20 38.03 CC    src/debug.c -> build/host/src/debug.o
#20 38.19 CC    src/readint.c -> build/host/src/readint.o
#20 38.27 CC    src/compar.c -> build/host/src/compar.o
#20 38.34 CC    src/dump.c -> build/host/src/dump.o
#20 38.66 CC    src/kernel.c -> build/host/src/kernel.o
#20 38.86 CC    src/state.c -> build/host/src/state.o
#20 39.00 CC    src/version.c -> build/host/src/version.o
#20 39.07 CC    src/object.c -> build/host/src/object.o
#20 39.28 CC    src/symbol.c -> build/host/src/symbol.o
#20 39.58 CC    src/variable.c -> build/host/src/variable.o
#20 40.22 CC    src/numeric.c -> build/host/src/numeric.o
#20 40.77 CC    src/codedump.c -> build/host/src/codedump.o
#20 41.74 CC    src/proc.c -> build/host/src/proc.o
#20 41.98 CC    src/etc.c -> build/host/src/etc.o
#20 42.10 CC    src/error.c -> build/host/src/error.o
#20 42.39 CC    mrbgems/mruby-compiler/core/codegen.c -> build/host/mrbgems/mruby-compiler/core/codegen.o
#20 44.67 CC    mrbgems/mruby-compiler/core/y.tab.c -> build/host/mrbgems/mruby-compiler/core/y.tab.o
#20 47.87 AR    build/host/lib/libmruby_core.a 
#20 47.87 ar: creating /src/mruby/build/host/lib/libmruby_core.a
#20 47.90 CC    build/host/mrblib/mrblib.c -> build/host/mrblib/mrblib.o
#20 48.06 CC    build/host/mrbgems/mruby-compar-ext/gem_init.c -> build/host/mrbgems/mruby-compar-ext/gem_init.o
#20 48.16 CC    build/host/mrbgems/mruby-enum-ext/gem_init.c -> build/host/mrbgems/mruby-enum-ext/gem_init.o
#20 48.31 CC    mrbgems/mruby-string-ext/src/string.c -> build/host/mrbgems/mruby-string-ext/src/string.o
#20 48.79 CC    build/host/mrbgems/mruby-string-ext/gem_init.c -> build/host/mrbgems/mruby-string-ext/gem_init.o
#20 48.91 CC    mrbgems/mruby-numeric-ext/src/numeric_ext.c -> build/host/mrbgems/mruby-numeric-ext/src/numeric_ext.o
#20 49.02 CC    build/host/mrbgems/mruby-numeric-ext/gem_init.c -> build/host/mrbgems/mruby-numeric-ext/gem_init.o
#20 49.12 CC    mrbgems/mruby-array-ext/src/array.c -> build/host/mrbgems/mruby-array-ext/src/array.o
#20 49.31 CC    build/host/mrbgems/mruby-array-ext/gem_init.c -> build/host/mrbgems/mruby-array-ext/gem_init.o
#20 49.45 CC    mrbgems/mruby-hash-ext/src/hash-ext.c -> build/host/mrbgems/mruby-hash-ext/src/hash-ext.o
#20 49.54 CC    build/host/mrbgems/mruby-hash-ext/gem_init.c -> build/host/mrbgems/mruby-hash-ext/gem_init.o
#20 49.66 CC    mrbgems/mruby-range-ext/src/range.c -> build/host/mrbgems/mruby-range-ext/src/range.o
#20 49.76 CC    build/host/mrbgems/mruby-range-ext/gem_init.c -> build/host/mrbgems/mruby-range-ext/gem_init.o
#20 49.87 CC    mrbgems/mruby-proc-ext/src/proc.c -> build/host/mrbgems/mruby-proc-ext/src/proc.o
#20 50.00 CC    build/host/mrbgems/mruby-proc-ext/gem_init.c -> build/host/mrbgems/mruby-proc-ext/gem_init.o
#20 50.11 CC    mrbgems/mruby-symbol-ext/src/symbol.c -> build/host/mrbgems/mruby-symbol-ext/src/symbol.o
#20 50.19 CC    build/host/mrbgems/mruby-symbol-ext/gem_init.c -> build/host/mrbgems/mruby-symbol-ext/gem_init.o
#20 50.29 CC    mrbgems/mruby-object-ext/src/object.c -> build/host/mrbgems/mruby-object-ext/src/object.o
#20 50.39 CC    build/host/mrbgems/mruby-object-ext/gem_init.c -> build/host/mrbgems/mruby-object-ext/gem_init.o
#20 50.48 CC    mrbgems/mruby-objectspace/src/mruby_objectspace.c -> build/host/mrbgems/mruby-objectspace/src/mruby_objectspace.o
#20 50.61 CC    build/host/mrbgems/mruby-objectspace/gem_init.c -> build/host/mrbgems/mruby-objectspace/gem_init.o
#20 50.67 CC    mrbgems/mruby-fiber/src/fiber.c -> build/host/mrbgems/mruby-fiber/src/fiber.o
#20 50.86 CC    build/host/mrbgems/mruby-fiber/gem_init.c -> build/host/mrbgems/mruby-fiber/gem_init.o
#20 50.93 CC    build/host/mrbgems/mruby-enumerator/gem_init.c -> build/host/mrbgems/mruby-enumerator/gem_init.o
#20 51.05 CC    build/host/mrbgems/mruby-enum-lazy/gem_init.c -> build/host/mrbgems/mruby-enum-lazy/gem_init.o
#20 51.16 CC    build/host/mrbgems/mruby-toplevel-ext/gem_init.c -> build/host/mrbgems/mruby-toplevel-ext/gem_init.o
#20 51.26 CC    mrbgems/mruby-kernel-ext/src/kernel.c -> build/host/mrbgems/mruby-kernel-ext/src/kernel.o
#20 51.41 CC    build/host/mrbgems/mruby-kernel-ext/gem_init.c -> build/host/mrbgems/mruby-kernel-ext/gem_init.o
#20 51.49 CC    mrbgems/mruby-class-ext/src/class.c -> build/host/mrbgems/mruby-class-ext/src/class.o
#20 51.61 CC    build/host/mrbgems/mruby-class-ext/gem_init.c -> build/host/mrbgems/mruby-class-ext/gem_init.o
#20 51.71 CC    mrbgems/mruby-errno/src/errno.c -> build/host/mrbgems/mruby-errno/src/errno.o
#20 51.95 CC    build/host/mrbgems/mruby-errno/gem_init.c -> build/host/mrbgems/mruby-errno/gem_init.o
#20 52.03 CC    mrbgems/mruby-pack/src/pack.c -> build/host/mrbgems/mruby-pack/src/pack.o
#20 52.87 CC    build/host/mrbgems/mruby-pack/gem_init.c -> build/host/mrbgems/mruby-pack/gem_init.o
#20 52.94 CC    mrbgems/mruby-sprintf/src/sprintf.c -> build/host/mrbgems/mruby-sprintf/src/sprintf.o
#20 53.47 CC    build/host/mrbgems/mruby-sprintf/gem_init.c -> build/host/mrbgems/mruby-sprintf/gem_init.o
#20 53.57 CC    mrbgems/mruby-time/src/time.c -> build/host/mrbgems/mruby-time/src/time.o
#20 53.89 CC    build/host/mrbgems/mruby-time/gem_init.c -> build/host/mrbgems/mruby-time/gem_init.o
#20 53.99 CC    mrbgems/mruby-struct/src/struct.c -> build/host/mrbgems/mruby-struct/src/struct.o
#20 54.31 CC    build/host/mrbgems/mruby-struct/gem_init.c -> build/host/mrbgems/mruby-struct/gem_init.o
#20 54.41 CC    mrbgems/mruby-random/src/random.c -> build/host/mrbgems/mruby-random/src/random.o
#20 54.64 CC    build/host/mrbgems/mruby-random/gem_init.c -> build/host/mrbgems/mruby-random/gem_init.o
#20 54.71 CC    mrbgems/mruby-io/src/mruby_io_gem.c -> build/host/mrbgems/mruby-io/src/mruby_io_gem.o
#20 54.79 CC    mrbgems/mruby-io/src/io.c -> build/host/mrbgems/mruby-io/src/io.o
#20 55.26 CC    mrbgems/mruby-io/src/file.c -> build/host/mrbgems/mruby-io/src/file.o
#20 55.46 CC    mrbgems/mruby-io/src/file_test.c -> build/host/mrbgems/mruby-io/src/file_test.o
#20 55.60 CC    build/host/mrbgems/mruby-io/gem_init.c -> build/host/mrbgems/mruby-io/gem_init.o
#20 55.75 CC    mrbgems/mruby-socket/src/socket.c -> build/host/mrbgems/mruby-socket/src/socket.o
#20 56.15 CC    build/host/mrbgems/mruby-socket/gem_init.c -> build/host/mrbgems/mruby-socket/gem_init.o
#20 56.30 CC    mrbgems/mruby-print/src/print.c -> build/host/mrbgems/mruby-print/src/print.o
#20 56.38 CC    build/host/mrbgems/mruby-print/gem_init.c -> build/host/mrbgems/mruby-print/gem_init.o
#20 56.48 CC    mrbgems/mruby-math/src/math.c -> build/host/mrbgems/mruby-math/src/math.o
#20 56.64 CC    build/host/mrbgems/mruby-math/gem_init.c -> build/host/mrbgems/mruby-math/gem_init.o
#20 56.71 CC    mrbgems/mruby-rational/src/rational.c -> build/host/mrbgems/mruby-rational/src/rational.o
#20 56.95 CC    build/host/mrbgems/mruby-rational/gem_init.c -> build/host/mrbgems/mruby-rational/gem_init.o
#20 57.05 CC    mrbgems/mruby-complex/src/complex.c -> build/host/mrbgems/mruby-complex/src/complex.o
#20 57.25 CC    build/host/mrbgems/mruby-complex/gem_init.c -> build/host/mrbgems/mruby-complex/gem_init.o
#20 57.35 CC    mrbgems/mruby-metaprog/src/metaprog.c -> build/host/mrbgems/mruby-metaprog/src/metaprog.o
#20 57.65 CC    build/host/mrbgems/mruby-metaprog/gem_init.c -> build/host/mrbgems/mruby-metaprog/gem_init.o
#20 57.72 CC    mrbgems/mruby-method/src/method.c -> build/host/mrbgems/mruby-method/src/method.o
#20 57.97 CC    build/host/mrbgems/mruby-method/gem_init.c -> build/host/mrbgems/mruby-method/gem_init.o
#20 58.07 CC    mrbgems/mruby-eval/src/eval.c -> build/host/mrbgems/mruby-eval/src/eval.o
#20 58.21 CC    build/host/mrbgems/mruby-eval/gem_init.c -> build/host/mrbgems/mruby-eval/gem_init.o
#20 58.28 CC    build/host/mrbgems/gem_init.c -> build/host/mrbgems/gem_init.o
#20 58.36 AR    build/host/lib/libmruby.a 
#20 58.37 ar: creating /src/mruby/build/host/lib/libmruby.a
#20 58.42 CC    mrbgems/mruby-bin-mrbc/tools/mrbc/mrbc.c -> build/host/mrbgems/mruby-bin-mrbc/tools/mrbc/mrbc.o
#20 58.60 LD    build/host/bin/mrbc 
#20 58.79 INSTALL build/host/bin/mrbc -> bin/mrbc
#20 58.79 INSTALL build/host/bin/mruby-config -> bin/mruby-config
#20 58.79 CC    mrbgems/mruby-bin-mirb/tools/mirb/mirb.c -> build/host/mrbgems/mruby-bin-mirb/tools/mirb/mirb.o
#20 59.03 LD    build/host/bin/mirb 
#20 59.26 INSTALL build/host/bin/mirb -> bin/mirb
#20 59.26 CC    mrbgems/mruby-bin-mruby/tools/mruby/mruby.c -> build/host/mrbgems/mruby-bin-mruby/tools/mruby/mruby.o
#20 59.48 LD    build/host/bin/mruby 
#20 59.70 INSTALL build/host/bin/mruby -> bin/mruby
#20 59.70 CC    mrbgems/mruby-bin-strip/tools/mruby-strip/mruby-strip.c -> build/host/mrbgems/mruby-bin-strip/tools/mruby-strip/mruby-strip.o
#20 59.82 LD    build/host/bin/mruby-strip 
#20 60.05 INSTALL build/host/bin/mruby-strip -> bin/mruby-strip
#20 60.05 
#20 60.05 Build summary:
#20 60.05 
#20 60.05 ================================================
#20 60.05       Config Name: host
#20 60.05  Output Directory: build/host
#20 60.05          Binaries: mrbc, mruby-config
#20 60.05     Included Gems:
#20 60.05              mruby-array-ext - Array class extension
#20 60.05              mruby-bin-config - mruby-config command
#20 60.05              mruby-bin-mirb - mirb command
#20 60.05                - Binaries: mirb
#20 60.05              mruby-bin-mrbc - mruby compiler executable
#20 60.05              mruby-bin-mruby - mruby command
#20 60.05                - Binaries: mruby
#20 60.05              mruby-bin-strip - irep dump debug section remover command
#20 60.05                - Binaries: mruby-strip
#20 60.05              mruby-class-ext - class/module extension
#20 60.05              mruby-compar-ext - Comparable module extension
#20 60.05              mruby-compiler - mruby compiler library
#20 60.05              mruby-complex - Complex class
#20 60.05              mruby-enum-ext - Enumerable module extension
#20 60.05              mruby-enum-lazy - Enumerator::Lazy class
#20 60.05              mruby-enumerator - Enumerator class
#20 60.05              mruby-errno
#20 60.05              mruby-eval - standard Kernel#eval method
#20 60.05              mruby-fiber - Fiber class
#20 60.05              mruby-hash-ext - Hash class extension
#20 60.05              mruby-io - IO and File class
#20 60.05              mruby-kernel-ext - extensional function-like methods
#20 60.05              mruby-math - standard Math module
#20 60.05              mruby-metaprog - Meta-programming features for mruby
#20 60.05              mruby-method - Method and UnboundMethod class
#20 60.05              mruby-numeric-ext - Numeric class extension
#20 60.05              mruby-object-ext - extensional methods shared by all objects
#20 60.05              mruby-objectspace - ObjectSpace class
#20 60.05              mruby-pack - Array#pack and String#unpack method
#20 60.05              mruby-print - standard print/puts/p
#20 60.05              mruby-proc-ext - Proc class extension
#20 60.05              mruby-random - Random class
#20 60.05              mruby-range-ext - Range class extension
#20 60.05              mruby-rational - Rational class
#20 60.05              mruby-socket - standard socket class
#20 60.05              mruby-sprintf - standard Kernel#sprintf method
#20 60.05              mruby-string-ext - String class extension
#20 60.05              mruby-struct - standard Struct class
#20 60.05              mruby-symbol-ext - Symbol class extension
#20 60.05              mruby-time - standard Time class
#20 60.05              mruby-toplevel-ext - toplevel object (main) methods extension
#20 60.05 ================================================
#20 60.05 
#20 60.05 ================================================
#20 60.05       Config Name: host/mrbc
#20 60.05  Output Directory: build/host/mrbc
#20 60.05          Binaries: mrbc
#20 60.05     Included Gems:
#20 60.05              mruby-bin-mrbc - mruby compiler executable
#20 60.05              mruby-compiler - mruby compiler library
#20 60.05 ================================================
#20 60.05 
#20 60.09 + FUZZ_TARGET=/src/mruby/oss-fuzz/mruby_fuzzer.c
#20 60.09 ++ basename /src/mruby/oss-fuzz/mruby_fuzzer.c .c
#20 60.09 + name=mruby_fuzzer
#20 60.10 + clang -c -DFUZZING_BUILD_MODE_UNSAFE_FOR_PRODUCTION -pthread -Wl,--no-as-needed -Wl,-ldl -Wl,-lm -Wno-unused-command-line-argument -O3 -fsanitize-coverage=trace-pc-guard -Iinclude /src/mruby/oss-fuzz/mruby_fuzzer.c -o /out/mruby_fuzzer.o
#20 60.18 + clang++ -DFUZZING_BUILD_MODE_UNSAFE_FOR_PRODUCTION -pthread -Wl,--no-as-needed -Wl,-ldl -Wl,-lm -Wno-unused-command-line-argument -stdlib=libc++ -O3 -fsanitize-coverage=trace-pc-guard /out/mruby_fuzzer.o /libAFL.a -lm /src/mruby/build/host/lib/libmruby.a -o /out/mruby_fuzzer
#20 60.55 + rm -f /out/mruby_fuzzer.o
#20 60.59 + cp /src/mruby/oss-fuzz/config/mruby.dict /out
#20 60.59 + cp /src/mruby/oss-fuzz/config/mruby_fuzzer.options /out
#20 60.59 + find /src/mruby_seeds -exec zip -ujq /out/mruby_fuzzer_seed_corpus.zip '{}' ';'
#20 61.43 [post_build] Copying afl-fuzz to $OUT directory
#20 DONE 62.5s

#21 exporting to image
#21 sha256:e8c613e07b0b7ff33893b694f7759a10d42e180f2b4dc349fb57dc6b71dcab00
#21 exporting layers done
#21 writing image sha256:b606e3c85b0c072236d2a78be9628148f5232f2ac3f2ab084426946ad7999bd5
#21 writing image sha256:b606e3c85b0c072236d2a78be9628148f5232f2ac3f2ab084426946ad7999bd5 0.0s done
#21 naming to gcr.io/fuzzbench/builders/afl/mruby_mruby 0.0s done
#21 DONE 0.2s

#22 exporting cache
#22 sha256:2700d4ef94dee473593c5c614b55b2dedcca7893909811a8f2b48291a1f581e4
#22 preparing build cache for export done
#22 DONE 0.0s
------
 > importing cache manifest from gcr.io/fuzzbench/builders/afl/mruby_mruby:
------
#1 [internal] load build definition from runner.Dockerfile
#1 sha256:d75e86468ea97eb45fc9e287c959f433ba992799ae96aef4d79cf097e1b66efc
#1 transferring dockerfile: 656B done
#1 DONE 0.1s

#2 [internal] load .dockerignore
#2 sha256:55dbff62256fd9c1dbaf8c7acca9299de412c2261ef60f7c671d193b86b8ed57
#2 transferring context: 2B done
#2 DONE 0.1s

#3 [internal] load metadata for gcr.io/fuzzbench/base-image:latest
#3 sha256:932022888f650cc455b10eb5123bb08c0cccacac29a693e69314abbfd28a72c3
#3 DONE 0.0s

#4 [1/1] FROM gcr.io/fuzzbench/base-image
#4 sha256:4d07825694520f8b6f6a0d8592dbd345433361ae044cb7f06706c5a95e3daaad
#4 DONE 0.0s

#5 importing cache manifest from gcr.io/fuzzbench/runners/afl/mruby_mruby-intermediate
#5 sha256:ad434418974eb8f0cdc30f44ddfff9804481914eee95c0d72b953c2bb93a7751
#5 ERROR: gcr.io/fuzzbench/runners/afl/mruby_mruby-intermediate:latest: not found

#4 [1/1] FROM gcr.io/fuzzbench/base-image
#4 sha256:4d07825694520f8b6f6a0d8592dbd345433361ae044cb7f06706c5a95e3daaad
#4 CACHED

#6 exporting to image
#6 sha256:e8c613e07b0b7ff33893b694f7759a10d42e180f2b4dc349fb57dc6b71dcab00
#6 exporting layers done
#6 writing image sha256:3e4588a9aebaeeab0d6e65a047af35e4caf540bb58ccd8719f28cf6fa6b3868f
#6 writing image sha256:3e4588a9aebaeeab0d6e65a047af35e4caf540bb58ccd8719f28cf6fa6b3868f 0.0s done
#6 naming to gcr.io/fuzzbench/runners/afl/mruby_mruby-intermediate 0.0s done
#6 DONE 0.1s

#7 exporting cache
#7 sha256:2700d4ef94dee473593c5c614b55b2dedcca7893909811a8f2b48291a1f581e4
#7 preparing build cache for export done
#7 DONE 0.0s
------
 > importing cache manifest from gcr.io/fuzzbench/runners/afl/mruby_mruby-intermediate:
------
#1 [internal] load build definition from Dockerfile
#1 sha256:e0e8236f2e60a087ccd967fd96f960a76a75f437fbb3fc7a5a787fc37b722369
#1 transferring dockerfile: 3.17kB done
#1 DONE 0.1s

#2 [internal] load .dockerignore
#2 sha256:1efd58da060440d8abaafd60159f1a48eec52cbe37430286cbe1e8a984e7cead
#2 transferring context: 34B done
#2 DONE 0.1s

#3 [internal] load metadata for gcr.io/fuzzbench/runners/afl/mruby_mruby-intermediate:latest
#3 sha256:6d3884329400bb9a111e78a1170f98ac5561c654fb9b96352e64bbf8104b001f
#3 DONE 0.0s

#4 [internal] load metadata for gcr.io/fuzzbench/builders/afl/mruby_mruby:latest
#4 sha256:4a44fa6531ae050535aeb43a297aa5c882bd840c620b788b2b0f6f00431e6906
#4 DONE 0.0s

#12 [internal] load build context
#12 sha256:060ccd66856ccd4f8f2725496001e272a3e0ca007e3e062151850d41a21fdd55
#12 DONE 0.0s

#6 [stage-1  1/13] FROM gcr.io/fuzzbench/runners/afl/mruby_mruby-intermediate
#6 sha256:a6f2146d07d022fdabaeb9cfad184d46683fd540c7747cabe42ef7fc887717d6
#6 DONE 0.0s

#10 [builder 1/1] FROM gcr.io/fuzzbench/builders/afl/mruby_mruby
#10 sha256:f5f67f44bd4febcf090034d7f42c905594a3b23b9925b9c9b35ecdef940be216
#10 DONE 0.0s

#5 importing cache manifest from gcr.io/fuzzbench/runners/afl/mruby_mruby
#5 sha256:31b9527f5de33675fd7d12bcb068e68bdb15cac7e5e4e886668b99927f7a8fed
#5 ERROR: gcr.io/fuzzbench/runners/afl/mruby_mruby:latest: not found

#12 [internal] load build context
#12 sha256:060ccd66856ccd4f8f2725496001e272a3e0ca007e3e062151850d41a21fdd55
#12 transferring context: 17.56MB 0.6s done
#12 DONE 0.7s

#10 [builder 1/1] FROM gcr.io/fuzzbench/builders/afl/mruby_mruby
#10 sha256:f5f67f44bd4febcf090034d7f42c905594a3b23b9925b9c9b35ecdef940be216
#10 DONE 1.2s

#8 [stage-1  3/13] RUN mkdir -p /out
#8 sha256:930b3ed92b5030405f2600e3208f3a6203b4469e02728e074e87129e14f2adae
#8 CACHED

#7 [stage-1  2/13] RUN apt-get update -y && apt-get install -y     libglib2.0-0     libxml2     libarchive13     libgss3
#7 sha256:de21028df7c58daf5b08380a3e299a2d71cec629c8db0b7e39054ecadd1e9e4f
#7 CACHED

#9 [stage-1  4/13] WORKDIR /out
#9 sha256:38351bc1bbdd91e7c79b9e5d4b2fd1b8ab9f44fac26e62100ddd03f4d8620000
#9 CACHED

#11 [stage-1  5/13] COPY --from=builder /out/ ./
#11 sha256:e199b6936296386a8b9d7bad8caa3e6364d72df39b6a2bdcb67185f98ff43ecc
#11 DONE 0.2s

#13 [stage-1  6/13] COPY benchmarks /src/benchmarks
#13 sha256:2d54fc2b0f5928941b0848b700c7b101e1981664086185d499b23a27ae6f406c
#13 DONE 1.0s

#14 [stage-1  7/13] COPY fuzzers /src/fuzzers
#14 sha256:75810a58f197a66e75fa25717519a751d9f7657006057be42e15b2602ce23956
#14 DONE 1.0s

#15 [stage-1  8/13] RUN touch __init__.py
#15 sha256:16599d017d36bdb6800991f391eefb7ba7cd71cd836c9edc7fc15e91550cf147
#15 DONE 0.7s

#16 [stage-1  9/13] RUN mkdir -p /out/seeds /out/corpus
#16 sha256:46d6e9f3112792c7f96bd6c02b527b8632fb237807b672c04c1b57389382aa89
#16 DONE 0.7s

#17 [stage-1 10/13] COPY common /src/common
#17 sha256:bb340466ac5fa358d325d15d22cce5022ab846b12ab7e3d0d09f646ce0711018
#17 DONE 0.2s

#18 [stage-1 11/13] COPY experiment/runner.py /src/experiment/runner.py
#18 sha256:aca06a15d35d23386de05db899059ed9638113cc402c9031f60f7a8376413112
#18 DONE 0.1s

#19 [stage-1 12/13] COPY docker/benchmark-runner /src/docker/benchmark-runner
#19 sha256:00d9d20ad43d8759089a309481cdca99e97a43f438cc46bbd675922cfdfac3fc
#19 DONE 0.2s

#20 [stage-1 13/13] RUN chmod +x /src/docker/benchmark-runner/startup-runner.sh
#20 sha256:72facdaa10d1dfeb4a56d19a18028eacf82a5fbf8baecfd9d0fa22c8a7a73c33
#20 DONE 0.5s

#21 exporting to image
#21 sha256:e8c613e07b0b7ff33893b694f7759a10d42e180f2b4dc349fb57dc6b71dcab00
#21 exporting layers done
#21 writing image sha256:89f4d74f8af5eb473835a18d3d7f81cf1b055a1f0db3ea016cc936d8b5b65c3a
#21 writing image sha256:89f4d74f8af5eb473835a18d3d7f81cf1b055a1f0db3ea016cc936d8b5b65c3a done
#21 naming to gcr.io/fuzzbench/runners/afl/mruby_mruby done
#21 DONE 0.1s

#22 exporting cache
#22 sha256:2700d4ef94dee473593c5c614b55b2dedcca7893909811a8f2b48291a1f581e4
#22 preparing build cache for export done
#22 DONE 0.0s
------
 > importing cache manifest from gcr.io/fuzzbench/runners/afl/mruby_mruby:
------
INFO:root:Doing trial as part of experiment.
INFO:root:Starting trial.
ERROR:root:Fuzz target binary not found.
INFO:root:Doing final sync.
ERROR:root:Call to <function get_stats at 0x7f3d96c5cf70> failed. Extras: {'traceback': 'Traceback (most recent call last):\n  File "/src/experiment/runner.py", line 374, in record_stats\n    stats_json_str = fuzzer_module_get_stats(output_corpus,\n  File "/src/fuzzers/afl/fuzzer.py", line 51, in get_stats\n    with open(stats_file) as file_handle:\nFileNotFoundError: [Errno 2] No such file or directory: \'/out/corpus/fuzzer_stats\'\n'}
/bin/sh: 1: source: not found
#2 [internal] load .dockerignore
#2 sha256:f1a83a001bb8989cdf021f849e0ae1a3425737b8c924da6e390994e29a24a454
#2 transferring context: 2B done
#2 ...

#1 [internal] load build definition from Dockerfile
#1 sha256:ed5aa7413b3ce2c3d8924159f6f359374ac45d61984a38db381827f1842490d2
#1 transferring dockerfile: 32B done
#1 DONE 0.3s

#2 [internal] load .dockerignore
#2 sha256:f1a83a001bb8989cdf021f849e0ae1a3425737b8c924da6e390994e29a24a454
#2 DONE 0.3s

#3 [internal] load metadata for gcr.io/oss-fuzz-base/base-builder:latest
#3 sha256:f10dc39cc9d418a5bc416dead31a1902b6821fdae909cd3b08f7a3fd1faba7b5
#3 DONE 0.4s

#5 [1/6] FROM gcr.io/oss-fuzz-base/base-builder@sha256:f4e5ea12494fab091c5d830cf803b3421f2860f729b9d1b07da44924396cf8cf
#5 sha256:ef290950573a2779ee526af357b28fbddfc20d7409aa51f58f777c9e972cba29
#5 DONE 0.0s

#4 importing cache manifest from gcr.io/fuzzbench/builders/benchmark/mruby_mruby
#4 sha256:aec395d8c5f6b023c216d3482f7296e590a21ac6899988122844ee3a8e099c14
#4 DONE 0.0s

#9 [internal] load build context
#9 sha256:aed2df54daba58d8e164e4d1310ecd647b69e5d6256e162876311126365e4f62
#9 transferring context: 30B done
#9 DONE 0.0s

#10 [5/6] COPY build.sh /src
#10 sha256:f56fa7828e682d742103fff88e009d07f5f101a50de0c14bef530c0da50afe66
#10 CACHED

#7 [3/6] RUN git clone --depth 1 https://github.com/mruby/mruby mruby
#7 sha256:ae49796f36b12e595210f4ae4e6c6f4e0698d477cb35277dce6a25c643144b3a
#7 CACHED

#8 [4/6] RUN git clone --depth 1 https://github.com/bshastry/mruby_seeds.git mruby_seeds
#8 sha256:5a616a266cfe3af03335d0db68cb716cec0ffe4e868f8dff4314176bec899914
#8 CACHED

#6 [2/6] RUN apt-get update && apt-get install -y make autoconf automake libtool ruby     bison
#6 sha256:37a86ccf1aa49dba5c66d111db9e6ef30e3b959e3658bae405db944fb6904f90
#6 CACHED

#11 [6/6] WORKDIR mruby
#11 sha256:4c46b0147043774b8d5fd6a3aff8f464b78e0e116145e058d6a01bada505e0cc
#11 CACHED

#12 exporting to image
#12 sha256:e8c613e07b0b7ff33893b694f7759a10d42e180f2b4dc349fb57dc6b71dcab00
#12 exporting layers done
#12 writing image sha256:20d619743d836c2633e7e91cea6672e6f00562da7095fb636c760eab709c6806 0.0s done
#12 naming to gcr.io/fuzzbench/builders/benchmark/mruby_mruby done
#12 DONE 0.2s

#13 exporting cache
#13 sha256:2700d4ef94dee473593c5c614b55b2dedcca7893909811a8f2b48291a1f581e4
#13 preparing build cache for export done
#13 DONE 0.0s
#1 [internal] load build definition from builder.Dockerfile
#1 sha256:ea7843492c4809ec75a3dc3df753c4858522d9d2b1daf83dff89917504ba3100
#1 transferring dockerfile: 1.35kB done
#1 DONE 0.1s

#2 [internal] load .dockerignore
#2 sha256:16f0868bb129c67110d4379ebcc7ece3a2c7145469088046521d6aa64f47d391
#2 transferring context: 2B done
#2 DONE 0.1s

#3 [internal] load metadata for gcr.io/fuzzbench/builders/benchmark/mruby_mruby:latest
#3 sha256:401d1c5e52735def5d67a9192cd2ec67a9c9c34b9b8167ffa8b5910e37750c65
#3 DONE 0.0s

#5 [1/3] FROM gcr.io/fuzzbench/builders/benchmark/mruby_mruby
#5 sha256:000ebf5a8716551113c159d1c7b9c19599303032e3d40dfe088cf4c5eb34f5f3
#5 DONE 0.0s

#4 importing cache manifest from gcr.io/fuzzbench/builders/afl/mruby_mruby-intermediate
#4 sha256:aa92371f9e7f10284e22d0ba11da53d485179d9dfabacee9c595de598d88b102
#4 DONE 0.0s

#6 [2/3] RUN git clone https://github.com/google/AFL.git /afl &&     cd /afl &&     git checkout 61037103ae3722c8060ff7082994836a794f978e &&     AFL_NO_X86=1 make
#6 sha256:7f7ee75306aea7e84b79a2be98bef3a941f74f46dcbd3c9e907945a3d62b297a
#6 CACHED

#7 [3/3] RUN apt-get update &&     apt-get install wget -y &&     wget https://raw.githubusercontent.com/llvm/llvm-project/5feb80e748924606531ba28c97fe65145c65372e/compiler-rt/lib/fuzzer/afl/afl_driver.cpp -O /afl/afl_driver.cpp &&     clang -Wno-pointer-sign -c /afl/llvm_mode/afl-llvm-rt.o.c -I/afl &&     clang++ -stdlib=libc++ -std=c++11 -O2 -c /afl/afl_driver.cpp &&     ar r /libAFL.a *.o
#7 sha256:00534e752b2d931ee2249c1281cb73aafe0d0e1bd20fa63ad321f3bc17c3649d
#7 CACHED

#8 exporting to image
#8 sha256:e8c613e07b0b7ff33893b694f7759a10d42e180f2b4dc349fb57dc6b71dcab00
#8 exporting layers done
#8 writing image sha256:0506dcd8f12af6ebd2536ad8f1f656ae8792b923e6199aa5f0f92b2e6af6dc11
#8 writing image sha256:0506dcd8f12af6ebd2536ad8f1f656ae8792b923e6199aa5f0f92b2e6af6dc11 done
#8 naming to gcr.io/fuzzbench/builders/afl/mruby_mruby-intermediate done
#8 DONE 0.2s

#9 exporting cache
#9 sha256:2700d4ef94dee473593c5c614b55b2dedcca7893909811a8f2b48291a1f581e4
#9 preparing build cache for export done
#9 DONE 0.0s
#1 [internal] load build definition from Dockerfile
#1 sha256:36868f90c22d49c657514bec0e95b3fbb2091af8d26e87773aa223fb971dbdd8
#1 transferring dockerfile: 2.00kB done
#1 DONE 0.1s

#2 [internal] load .dockerignore
#2 sha256:a022a971a5052cb314566011bf71bd9b49b9a8712ffd8460100c36b95b0640f8
#2 transferring context: 34B done
#2 DONE 0.1s

#3 [internal] load metadata for docker.io/library/ubuntu:xenial
#3 sha256:f62bae18ed588840f045c881b2502661f2a89578a2f8f99b83f5200ee83dd25b
#3 DONE 0.0s

#5 [1/7] FROM docker.io/library/ubuntu:xenial
#5 sha256:14dd403f25ae9e519bd44f27dc17af7ce80f5a4f9f48ca88108364e67ec5d360
#5 DONE 0.0s

#4 importing cache manifest from gcr.io/fuzzbench/base-image
#4 sha256:9b220ebb4d4daceed1b96df9b6dca076e762f1cd612574f010b82d5b9e5ad896
#4 DONE 0.0s

#8 [internal] load build context
#8 sha256:19afba3ebaa306411333ae35b5ec2ff0d0d9002f105a8035f0ea926686b778f3
#8 transferring context: 559B 0.1s done
#8 DONE 0.2s

#6 [2/7] RUN apt-get update -y && apt-get install -y     build-essential     rsync     curl     zlib1g-dev     libncurses5-dev     libgdbm-dev     libnss3-dev     libssl-dev     libreadline-dev     libffi-dev     virtualenv     libbz2-dev     liblzma-dev     libsqlite3-dev
#6 sha256:3a1b0960f17eed529eaae93dc8fd3554f2743dd584d8fa569cdbe6bc734371ac
#6 CACHED

#7 [3/7] RUN cd /tmp/ &&     curl -O https://www.python.org/ftp/python/3.8.6/Python-3.8.6.tar.xz &&     tar -xvf Python-3.8.6.tar.xz &&     cd Python-3.8.6 &&     ./configure --enable-loadable-sqlite-extensions --enable-optimizations &&     make -j install &&     rm -r /tmp/Python-3.8.6.tar.xz /tmp/Python-3.8.6
#7 sha256:c5b9d1fb3371e84dbc60b76e7b2f8d5913bc93bcd4910ab65daa03e7b2ec4bb0
#7 CACHED

#9 [4/7] COPY ./requirements.txt /
#9 sha256:334660f52ba96e5c2198f2d609477997f8aa165c6eb355b8ee3a2a793dca0bb7
#9 CACHED

#10 [5/7] RUN pip3 install -r /requirements.txt
#10 sha256:754c283285f13048cdf3e5b56983771cac6297a75837b98fb1c5faf517fd0710
#10 CACHED

#11 [6/7] RUN apt-get update -y && apt-get install -y     apt-transport-https     lsb-release
#11 sha256:1a7966fc2f0a024bc3662358e007ae49afb8a23a3d7033f680afefd058118baa
#11 CACHED

#12 [7/7] RUN CLOUD_SDK_REPO="cloud-sdk-$(lsb_release -c -s)" &&     echo "deb https://packages.cloud.google.com/apt $CLOUD_SDK_REPO main"     | tee -a /etc/apt/sources.list.d/google-cloud-sdk.list &&     curl https://packages.cloud.google.com/apt/doc/apt-key.gpg     | apt-key add - &&     apt-get update -y &&     apt-get install -y google-cloud-sdk
#12 sha256:f0c6e058427b72d0f04f98218be68241ce444619f4f62945180f290fbd3b600e
#12 CACHED

#13 exporting to image
#13 sha256:e8c613e07b0b7ff33893b694f7759a10d42e180f2b4dc349fb57dc6b71dcab00
#13 exporting layers done
#13 writing image sha256:139540fb22a119f888cb3e5ed6e013e8d868574697f5fb839e5da9e23de73e0a 0.0s done
#13 naming to gcr.io/fuzzbench/base-image done
#13 DONE 0.1s

#14 exporting cache
#14 sha256:2700d4ef94dee473593c5c614b55b2dedcca7893909811a8f2b48291a1f581e4
#14 preparing build cache for export done
#14 DONE 0.0s
#1 [internal] load build definition from Dockerfile
#1 sha256:ba8832a2f4ec20c317ee0a9068b1784c43379f99c9e3b0d61ea13a998b4271b2
#1 transferring dockerfile: 2.22kB done
#1 DONE 0.0s

#2 [internal] load .dockerignore
#2 sha256:2e84731a03dcf61ab28ed6be18e875e65c3a62e960e17f734fb42fa2c9ba7851
#2 transferring context: 34B done
#2 DONE 0.0s

#4 [internal] load metadata for gcr.io/fuzzbench/base-image:latest
#4 sha256:932022888f650cc455b10eb5123bb08c0cccacac29a693e69314abbfd28a72c3
#4 DONE 0.0s

#3 [internal] load metadata for gcr.io/fuzzbench/builders/afl/mruby_mruby-intermediate:latest
#3 sha256:cbad6349d6339e1d8d61dace86dd80a5917ad78b2f1bf9b46b0be1db0b6d3a3d
#3 DONE 0.0s

#20 importing cache manifest from gcr.io/fuzzbench/builders/afl/mruby_mruby
#20 sha256:42043a985b3080eab4a149929d10544993fb8080f9f7c7065629d5adbccaa51d
#20 DONE 0.0s

#6 [base-image 1/1] FROM gcr.io/fuzzbench/base-image
#6 sha256:4d07825694520f8b6f6a0d8592dbd345433361ae044cb7f06706c5a95e3daaad
#6 DONE 0.0s

#5 [stage-1  1/13] FROM gcr.io/fuzzbench/builders/afl/mruby_mruby-intermediate
#5 sha256:8c8867a3b193d0798112b897a8ed18a431a55161addb16521e7783b3be068d2b
#5 DONE 0.0s

#11 [internal] load build context
#11 sha256:9156e203ed62946bf84051c4250291ef68395059f5fba07d5bd02159ead649f1
#11 transferring context: 669.86kB 0.1s done
#11 DONE 0.1s

#8 [stage-1  3/13] COPY --from=base-image /usr/local/lib/python3.8 /usr/local/lib/python3.8
#8 sha256:6c1bae01c36afb2b7f6708cab31e910510ddbf0cb0664248cdfc593dba54e008
#8 CACHED

#15 [stage-1  9/13] RUN mkdir /opt/fuzzbench/
#15 sha256:70c9f3cf25f66d6dc12c9f0f5911f6014119273733e99fc7437de2463bfb632b
#15 CACHED

#9 [stage-1  4/13] COPY --from=base-image /usr/local/include/python3.8 /usr/local/include/python3.8
#9 sha256:021451c80e05541dfe9187f700abef9c3e513a000e9b2619d4a002821d0d4c40
#9 CACHED

#13 [stage-1  7/13] RUN touch /src/__init__.py
#13 sha256:725c3f319987811d4e877d9417b215b4c40a07a43123b152ce58d0b3fefef9ba
#13 CACHED

#14 [stage-1  8/13] COPY benchmarks/mruby_mruby/benchmark.yaml /
#14 sha256:ba3761a5dd19539c9ea1732c69df3cce59bd00902d81bf0b300dd179bf0760cc
#14 CACHED

#17 [stage-1 11/13] RUN export CHECKOUT_COMMIT=$(cat /benchmark.yaml | tr -d ' ' | grep 'commit:' | cut -d ':' -f2) &&     python3 -u /opt/fuzzbench/checkout_commit.py $CHECKOUT_COMMIT /src
#17 sha256:f6b7439968f40c385f1194e58659f00dccf5145f8d2a066a7ceb84d28d958ea2
#17 CACHED

#18 [stage-1 12/13] RUN echo "#!/bin/bash\nPYTHONPATH=/src python3 -u -c "from fuzzers import utils; utils.initialize_env(); from fuzzers.afl import fuzzer; fuzzer.build()"" > /usr/bin/fuzzer_build &&     chmod +x /usr/bin/fuzzer_build
#18 sha256:b04045fceeb6bf1163c8325d5958a36f33d35b0d249beea026c199c7a955cd4b
#18 CACHED

#7 [stage-1  2/13] COPY --from=base-image /usr/local/bin/python3* /usr/local/bin/
#7 sha256:5a8d9498342e2cfd94d12a83c6a75764384683144ec9b48ab9015062aa23a132
#7 CACHED

#10 [stage-1  5/13] COPY --from=base-image /usr/local/lib/python3.8/site-packages /usr/local/lib/python3.8/site-packages
#10 sha256:fc77084d28dd71a7b5e119ef0fc670304817aa7f7056fed9e6ce0188cba2b997
#10 CACHED

#12 [stage-1  6/13] COPY fuzzers /src/fuzzers
#12 sha256:6a385a7d88c895e7c9486a2eee925a3e2e615439271424b27cac0428eadabfb3
#12 CACHED

#16 [stage-1 10/13] COPY docker/benchmark-builder/checkout_commit.py /opt/fuzzbench/
#16 sha256:65deacec493f2de78311f16e64ea7f10f13a4e492f351971744b6f077da2c084
#16 CACHED

#19 [stage-1 13/13] RUN echo "Run fuzzer_build to build the target" && if [ -z "$debug_builder" ] ; then fuzzer_build; fi
#19 sha256:f6da709baa3ee83094cc6dc8d5a49a5ff7efd2b96bab687d95f0fad9cc86f82a
#19 CACHED

#21 exporting to image
#21 sha256:e8c613e07b0b7ff33893b694f7759a10d42e180f2b4dc349fb57dc6b71dcab00
#21 exporting layers done
#21 writing image sha256:b606e3c85b0c072236d2a78be9628148f5232f2ac3f2ab084426946ad7999bd5
#21 writing image sha256:b606e3c85b0c072236d2a78be9628148f5232f2ac3f2ab084426946ad7999bd5 done
#21 naming to gcr.io/fuzzbench/builders/afl/mruby_mruby done
#21 DONE 0.1s

#22 exporting cache
#22 sha256:2700d4ef94dee473593c5c614b55b2dedcca7893909811a8f2b48291a1f581e4
#22 preparing build cache for export done
#22 DONE 0.0s
#1 [internal] load build definition from runner.Dockerfile
#1 sha256:95ed520dd3c5319f59a4f5f20b674c11340dd67b7e3da2b62bd6bd5f5ecdad03
#1 transferring dockerfile: 656B done
#1 DONE 0.1s

#2 [internal] load .dockerignore
#2 sha256:60a7ae591505da55f5b58fe23c3ace11d3547b23a25202ae35acc8d739188ac6
#2 transferring context: 2B done
#2 DONE 0.1s

#3 [internal] load metadata for gcr.io/fuzzbench/base-image:latest
#3 sha256:932022888f650cc455b10eb5123bb08c0cccacac29a693e69314abbfd28a72c3
#3 DONE 0.0s

#5 importing cache manifest from gcr.io/fuzzbench/runners/afl/mruby_mruby-intermediate
#5 sha256:ad434418974eb8f0cdc30f44ddfff9804481914eee95c0d72b953c2bb93a7751
#5 DONE 0.0s

#4 [1/1] FROM gcr.io/fuzzbench/base-image
#4 sha256:4d07825694520f8b6f6a0d8592dbd345433361ae044cb7f06706c5a95e3daaad
#4 CACHED

#6 exporting to image
#6 sha256:e8c613e07b0b7ff33893b694f7759a10d42e180f2b4dc349fb57dc6b71dcab00
#6 exporting layers done
#6 writing image sha256:3e4588a9aebaeeab0d6e65a047af35e4caf540bb58ccd8719f28cf6fa6b3868f 0.0s done
#6 naming to gcr.io/fuzzbench/runners/afl/mruby_mruby-intermediate done
#6 DONE 0.1s

#7 exporting cache
#7 sha256:2700d4ef94dee473593c5c614b55b2dedcca7893909811a8f2b48291a1f581e4
#7 preparing build cache for export done
#7 DONE 0.0s
#1 [internal] load build definition from Dockerfile
#1 sha256:1f40c32dc1517a32b27b0cdea48ee5a82dce73b2ec511c884b1d9b287ea3b112
#1 transferring dockerfile: 3.17kB done
#1 DONE 0.1s

#2 [internal] load .dockerignore
#2 sha256:8d9bcda68b86afed54a27cc351690f966bdd8789f8b567fad250a9ae663fa133
#2 transferring context: 34B done
#2 DONE 0.1s

#4 [internal] load metadata for gcr.io/fuzzbench/builders/afl/mruby_mruby:latest
#4 sha256:4a44fa6531ae050535aeb43a297aa5c882bd840c620b788b2b0f6f00431e6906
#4 DONE 0.0s

#3 [internal] load metadata for gcr.io/fuzzbench/runners/afl/mruby_mruby-intermediate:latest
#3 sha256:6d3884329400bb9a111e78a1170f98ac5561c654fb9b96352e64bbf8104b001f
#3 DONE 0.0s

#6 [stage-1  1/13] FROM gcr.io/fuzzbench/runners/afl/mruby_mruby-intermediate
#6 sha256:a6f2146d07d022fdabaeb9cfad184d46683fd540c7747cabe42ef7fc887717d6
#6 DONE 0.0s

#5 importing cache manifest from gcr.io/fuzzbench/runners/afl/mruby_mruby
#5 sha256:31b9527f5de33675fd7d12bcb068e68bdb15cac7e5e4e886668b99927f7a8fed
#5 DONE 0.0s

#10 [builder 1/1] FROM gcr.io/fuzzbench/builders/afl/mruby_mruby
#10 sha256:f5f67f44bd4febcf090034d7f42c905594a3b23b9925b9c9b35ecdef940be216
#10 DONE 0.0s

#12 [internal] load build context
#12 sha256:91035438158eade56d2ca1bd2539098827c36cb66d1235755b135726d550c282
#12 transferring context: 17.56MB 0.6s done
#12 DONE 0.7s

#7 [stage-1  2/13] RUN apt-get update -y && apt-get install -y     libglib2.0-0     libxml2     libarchive13     libgss3
#7 sha256:de21028df7c58daf5b08380a3e299a2d71cec629c8db0b7e39054ecadd1e9e4f
#7 CACHED

#17 [stage-1 10/13] COPY common /src/common
#17 sha256:2021712693ab679c09326d9db8573936370eaf6a6c762478b1a495c3623a6f35
#17 CACHED

#19 [stage-1 12/13] COPY docker/benchmark-runner /src/docker/benchmark-runner
#19 sha256:49ff5adbc94d5eed2cd5388697356c59627cc678fdf388fc4fe4dc9064bb9526
#19 CACHED

#15 [stage-1  8/13] RUN touch __init__.py
#15 sha256:8cfda4678056dd148830df5081d1013b3965cb42b84d3a1c505e56a4dd21b8c0
#15 CACHED

#16 [stage-1  9/13] RUN mkdir -p /out/seeds /out/corpus
#16 sha256:92fe0bbb541b6097a2986c417b560571f97832538d99453c5f011e811255d6e5
#16 CACHED

#13 [stage-1  6/13] COPY benchmarks /src/benchmarks
#13 sha256:0d4ad32045421dd54b339e0732b7be88a3d9758516b161dd2364cdb9e0c4d0e0
#13 CACHED

#14 [stage-1  7/13] COPY fuzzers /src/fuzzers
#14 sha256:126229a191b18ceafbe721cdca2aa5aa61ff98742b2dd852521b3353874ffafd
#14 CACHED

#18 [stage-1 11/13] COPY experiment/runner.py /src/experiment/runner.py
#18 sha256:c54e85742e2849b14870ff1fa9e77f2105d100826cd8eb47f69e6ce36f1627cd
#18 CACHED

#8 [stage-1  3/13] RUN mkdir -p /out
#8 sha256:930b3ed92b5030405f2600e3208f3a6203b4469e02728e074e87129e14f2adae
#8 CACHED

#9 [stage-1  4/13] WORKDIR /out
#9 sha256:38351bc1bbdd91e7c79b9e5d4b2fd1b8ab9f44fac26e62100ddd03f4d8620000
#9 CACHED

#11 [stage-1  5/13] COPY --from=builder /out/ ./
#11 sha256:e199b6936296386a8b9d7bad8caa3e6364d72df39b6a2bdcb67185f98ff43ecc
#11 CACHED

#20 [stage-1 13/13] RUN chmod +x /src/docker/benchmark-runner/startup-runner.sh
#20 sha256:6ec609ffed2042ab16becb4cf8045b18baeabced7697b581a4f9ded062b3d972
#20 CACHED

#21 exporting to image
#21 sha256:e8c613e07b0b7ff33893b694f7759a10d42e180f2b4dc349fb57dc6b71dcab00
#21 exporting layers done
#21 writing image sha256:89f4d74f8af5eb473835a18d3d7f81cf1b055a1f0db3ea016cc936d8b5b65c3a
#21 writing image sha256:89f4d74f8af5eb473835a18d3d7f81cf1b055a1f0db3ea016cc936d8b5b65c3a 0.0s done
#21 naming to gcr.io/fuzzbench/runners/afl/mruby_mruby done
#21 DONE 0.3s

#22 exporting cache
#22 sha256:2700d4ef94dee473593c5c614b55b2dedcca7893909811a8f2b48291a1f581e4
#22 preparing build cache for export done
#22 DONE 0.0s
INFO:root:Doing trial as part of experiment.
INFO:root:Starting trial.
ERROR:root:Fuzz target binary not found.
INFO:root:Doing final sync.
ERROR:root:Call to <function get_stats at 0x7fc783391f70> failed. Extras: {'traceback': 'Traceback (most recent call last):\n  File "/src/experiment/runner.py", line 374, in record_stats\n    stats_json_str = fuzzer_module_get_stats(output_corpus,\n  File "/src/fuzzers/afl/fuzzer.py", line 51, in get_stats\n    with open(stats_file) as file_handle:\nFileNotFoundError: [Errno 2] No such file or directory: \'/out/corpus/fuzzer_stats\'\n'}
