WARNING:root:gcloud not found in PATH.
INFO:root:Successfully integrated benchmark: expat_expat.
INFO:root:Please run "make test-run-afl-expat_expat" to test integration.
#2 [internal] load .dockerignore
#2 sha256:ae2e3225713eedd1d980bd6f057c624c5a57c6ed6e32decd3bc6dd783eae1dd2
#2 transferring context: 2B done
#2 DONE 0.3s

#1 [internal] load build definition from Dockerfile
#1 sha256:022248e69114148f59b799e5212eec7c9458964801e336f2c1d6cb7a5e68f084
#1 transferring dockerfile: 952B done
#1 DONE 0.4s

#3 [internal] load metadata for docker.io/ossfuzz/base-libfuzzer:latest
#3 sha256:de5858be1c81531f1899359595a26336a5c3505aefbbe9f5fe9f2220a7621c7e
#3 ERROR: pull access denied, repository does not exist or may require authorization: server message: insufficient_scope: authorization failed
------
 > [internal] load metadata for docker.io/ossfuzz/base-libfuzzer:latest:
------
failed to solve with frontend dockerfile.v0: failed to create LLB definition: pull access denied, repository does not exist or may require authorization: server message: insufficient_scope: authorization failed
make: *** [docker/generated.mk:13446: .expat_expat-project-builder] Error 1
/bin/sh: 1: source: not found
#2 [internal] load .dockerignore
#2 sha256:7e175a8372868d3eca9f3b2aece543d06125c368249566a03a09371973e80272
#2 transferring context: 2B done
#2 DONE 0.2s

#1 [internal] load build definition from Dockerfile
#1 sha256:a89f76ab07d0b33cfc9b3d3e29174ac85b6b62187f67d88b04c28aea42cce24e
#1 transferring dockerfile: 32B done
#1 DONE 0.2s

#3 [internal] load metadata for docker.io/ossfuzz/base-libfuzzer:latest
#3 sha256:de5858be1c81531f1899359595a26336a5c3505aefbbe9f5fe9f2220a7621c7e
#3 ERROR: pull access denied, repository does not exist or may require authorization: server message: insufficient_scope: authorization failed
------
 > [internal] load metadata for docker.io/ossfuzz/base-libfuzzer:latest:
------
failed to solve with frontend dockerfile.v0: failed to create LLB definition: pull access denied, repository does not exist or may require authorization: server message: insufficient_scope: authorization failed
make: *** [docker/generated.mk:13446: .expat_expat-project-builder] Error 1
