WARNING:root:gcloud not found in PATH.
INFO:root:Successfully integrated benchmark: tidy-html5_tidy_config_fuzzer.
INFO:root:Please run "make test-run-afl-tidy-html5_tidy_config_fuzzer" to test integration.
#2 [internal] load .dockerignore
#2 sha256:a175ba294c5ea4c453c9acff088323879a253b625ee8224935e1a5a86c284609
#2 ...

#1 [internal] load build definition from Dockerfile
#1 sha256:8579d278301d9ad5a8d12b751e0a387930961a9f4ebf9181c5305049fa1af84f
#1 transferring dockerfile: 1.05kB done
#1 DONE 0.3s

#2 [internal] load .dockerignore
#2 sha256:a175ba294c5ea4c453c9acff088323879a253b625ee8224935e1a5a86c284609
#2 transferring context: 2B done
#2 DONE 0.3s

#3 [internal] load metadata for gcr.io/oss-fuzz-base/base-builder:latest
#3 sha256:f10dc39cc9d418a5bc416dead31a1902b6821fdae909cd3b08f7a3fd1faba7b5
#3 DONE 0.5s

#9 [internal] load build context
#9 sha256:c6e664f47ec592c1923b2dce4bf2c724ea9d2d2699ba80e986a18c1850aa1d05
#9 DONE 0.0s

#5 [1/6] FROM gcr.io/oss-fuzz-base/base-builder@sha256:f4e5ea12494fab091c5d830cf803b3421f2860f729b9d1b07da44924396cf8cf
#5 sha256:ef290950573a2779ee526af357b28fbddfc20d7409aa51f58f777c9e972cba29
#5 DONE 0.0s

#4 importing cache manifest from gcr.io/fuzzbench/builders/benchmark/tidy-html5_tidy_config_fuzzer
#4 sha256:41b4404ddbadb5d387dcc6ad67b0a392f3aef2d6bc2848859719b0cb29d4d1ac
#4 ERROR: gcr.io/fuzzbench/builders/benchmark/tidy-html5_tidy_config_fuzzer:latest: not found

#9 [internal] load build context
#9 sha256:c6e664f47ec592c1923b2dce4bf2c724ea9d2d2699ba80e986a18c1850aa1d05
#9 transferring context: 15.57kB done
#9 DONE 0.2s

#8 [4/6] WORKDIR tidy-html5
#8 sha256:692120baa63fdd7dcf95cc9600ba7d442dbbde2bec87dc467b553a4c3ba8d1fc
#8 CACHED

#10 [5/6] COPY build.sh /src/
#10 sha256:fdf9a8108418e3f1d679647e45521bd519bf5d65535a95507668aee4ef58360f
#10 CACHED

#6 [2/6] RUN apt-get update &&     apt-get install -y --no-install-recommends         cmake ninja-build &&     apt-get clean
#6 sha256:f970db4514ebb1e89648b4f8cc5e12a903b122b625f6a126818ef81e31ca391a
#6 CACHED

#7 [3/6] RUN git clone -b next --single-branch     https://github.com/htacg/tidy-html5.git tidy-html5
#7 sha256:87700e3bd2efd5e5e1942fd465a776053f409ea589078125508601072d032bef
#7 CACHED

#11 [6/6] COPY *.c *.h *.options /src/
#11 sha256:646b34f07b3f1149a44925ed1302f98de6758d09f16b065016513ce87155fc04
#11 CACHED

#12 exporting to image
#12 sha256:e8c613e07b0b7ff33893b694f7759a10d42e180f2b4dc349fb57dc6b71dcab00
#12 exporting layers done
#12 writing image sha256:d369319b647e3729774206784c1cbc74751c10938ff394d5eb6be9318bb87350
#12 writing image sha256:d369319b647e3729774206784c1cbc74751c10938ff394d5eb6be9318bb87350 done
#12 naming to gcr.io/fuzzbench/builders/benchmark/tidy-html5_tidy_config_fuzzer 0.0s done
#12 DONE 0.3s

#13 exporting cache
#13 sha256:2700d4ef94dee473593c5c614b55b2dedcca7893909811a8f2b48291a1f581e4
#13 preparing build cache for export done
#13 DONE 0.0s
------
 > importing cache manifest from gcr.io/fuzzbench/builders/benchmark/tidy-html5_tidy_config_fuzzer:
------
#1 [internal] load build definition from builder.Dockerfile
#1 sha256:f9d55d89bb5221fb30cf96fe6a508aafa0420e5baa1dc5d43e6a1d03b6199378
#1 transferring dockerfile: 46B done
#1 DONE 0.1s

#2 [internal] load .dockerignore
#2 sha256:a094fbf0731c91a9a8b8e68897cdd668398de375353077d535f0e84f16d0e5f5
#2 transferring context: 2B done
#2 DONE 0.1s

#3 [internal] load metadata for gcr.io/fuzzbench/builders/benchmark/tidy-html5_tidy_config_fuzzer:latest
#3 sha256:639498c3947231f9060f6846229f00f4f58bb81a38ca1782d23dfd1512038727
#3 DONE 0.0s

#5 [1/3] FROM gcr.io/fuzzbench/builders/benchmark/tidy-html5_tidy_config_fuzzer
#5 sha256:2aa2900fdab03cccd47a1dd84487dde3899f10706b6acc1c5bf9bce280f01289
#5 DONE 0.0s

#4 importing cache manifest from gcr.io/fuzzbench/builders/afl/tidy-html5_tidy_config_fuzzer-intermediate
#4 sha256:09f2ea22146a32b5c6eb7d77bfef471c8a36bc95687026938531a22217cc8f83
#4 ERROR: gcr.io/fuzzbench/builders/afl/tidy-html5_tidy_config_fuzzer-intermediate:latest: not found

#6 [2/3] RUN git clone https://github.com/google/AFL.git /afl &&     cd /afl &&     git checkout 61037103ae3722c8060ff7082994836a794f978e &&     AFL_NO_X86=1 make
#6 sha256:ff97a532d383dee56c878e56dc810f13970860aacf7dc9047db3285f0b7babfa
#6 CACHED

#7 [3/3] RUN apt-get update &&     apt-get install wget -y &&     wget https://raw.githubusercontent.com/llvm/llvm-project/5feb80e748924606531ba28c97fe65145c65372e/compiler-rt/lib/fuzzer/afl/afl_driver.cpp -O /afl/afl_driver.cpp &&     clang -Wno-pointer-sign -c /afl/llvm_mode/afl-llvm-rt.o.c -I/afl &&     clang++ -stdlib=libc++ -std=c++11 -O2 -c /afl/afl_driver.cpp &&     ar r /libAFL.a *.o
#7 sha256:9d9e2d899cca0b2fd3bfcb0cf60aaf6fbefa0d1cdccb6b88f27848d3af8ccded
#7 CACHED

#8 exporting to image
#8 sha256:e8c613e07b0b7ff33893b694f7759a10d42e180f2b4dc349fb57dc6b71dcab00
#8 exporting layers done
#8 writing image sha256:9503aa0edd3e82b4c5fc8e9a0daafa1063ef6a874f076868f6c511443a41a963 0.0s done
#8 naming to gcr.io/fuzzbench/builders/afl/tidy-html5_tidy_config_fuzzer-intermediate 0.0s done
#8 DONE 0.5s

#9 exporting cache
#9 sha256:2700d4ef94dee473593c5c614b55b2dedcca7893909811a8f2b48291a1f581e4
#9 preparing build cache for export done
#9 DONE 0.0s
------
 > importing cache manifest from gcr.io/fuzzbench/builders/afl/tidy-html5_tidy_config_fuzzer-intermediate:
------
#1 [internal] load build definition from Dockerfile
#1 sha256:a33f8105b0f5588387dfac81c342924dd379122b9178ba3a637a5ddf99ffe8d7
#1 transferring dockerfile: 2.00kB done
#1 DONE 0.1s

#2 [internal] load .dockerignore
#2 sha256:37b11701af9b8e7fa52218590caf33beabe272a8965fd40622d10f673dc3ca18
#2 transferring context: 34B done
#2 DONE 0.1s

#3 [internal] load metadata for docker.io/library/ubuntu:xenial
#3 sha256:f62bae18ed588840f045c881b2502661f2a89578a2f8f99b83f5200ee83dd25b
#3 DONE 0.0s

#5 [1/7] FROM docker.io/library/ubuntu:xenial
#5 sha256:14dd403f25ae9e519bd44f27dc17af7ce80f5a4f9f48ca88108364e67ec5d360
#5 DONE 0.0s

#4 importing cache manifest from gcr.io/fuzzbench/base-image
#4 sha256:9b220ebb4d4daceed1b96df9b6dca076e762f1cd612574f010b82d5b9e5ad896
#4 DONE 0.0s

#8 [internal] load build context
#8 sha256:cea118bfcc6b35803642aa212dd73fdaf28e35b08f7b23dc1254c178d0bfb953
#8 transferring context: 559B 0.0s done
#8 DONE 0.1s

#9 [4/7] COPY ./requirements.txt /
#9 sha256:d24a1fe0827cdc04f2f2dcf2276acdd84a05c770a7937fa83c6194608cd9ec2a
#9 CACHED

#10 [5/7] RUN pip3 install -r /requirements.txt
#10 sha256:6be44acf14ab14ece3503f0d2ac8424588bb0f658a4486ac0635454838957f7e
#10 CACHED

#11 [6/7] RUN apt-get update -y && apt-get install -y     apt-transport-https     lsb-release
#11 sha256:0b0bc334032d3e0e520ada4dc0e365427d0021561d4c23e4e7ddd0dcd61946d5
#11 CACHED

#6 [2/7] RUN apt-get update -y && apt-get install -y     build-essential     rsync     curl     zlib1g-dev     libncurses5-dev     libgdbm-dev     libnss3-dev     libssl-dev     libreadline-dev     libffi-dev     virtualenv     libbz2-dev     liblzma-dev     libsqlite3-dev
#6 sha256:3a1b0960f17eed529eaae93dc8fd3554f2743dd584d8fa569cdbe6bc734371ac
#6 CACHED

#7 [3/7] RUN cd /tmp/ &&     curl -O https://www.python.org/ftp/python/3.8.6/Python-3.8.6.tar.xz &&     tar -xvf Python-3.8.6.tar.xz &&     cd Python-3.8.6 &&     ./configure --enable-loadable-sqlite-extensions --enable-optimizations &&     make -j install &&     rm -r /tmp/Python-3.8.6.tar.xz /tmp/Python-3.8.6
#7 sha256:c5b9d1fb3371e84dbc60b76e7b2f8d5913bc93bcd4910ab65daa03e7b2ec4bb0
#7 CACHED

#12 [7/7] RUN CLOUD_SDK_REPO="cloud-sdk-$(lsb_release -c -s)" &&     echo "deb https://packages.cloud.google.com/apt $CLOUD_SDK_REPO main"     | tee -a /etc/apt/sources.list.d/google-cloud-sdk.list &&     curl https://packages.cloud.google.com/apt/doc/apt-key.gpg     | apt-key add - &&     apt-get update -y &&     apt-get install -y google-cloud-sdk
#12 sha256:34b4701075a9fc7e7b9b535a5f3e85f0219cf3ed3b8af10c9739a4c626bfb54c
#12 CACHED

#13 exporting to image
#13 sha256:e8c613e07b0b7ff33893b694f7759a10d42e180f2b4dc349fb57dc6b71dcab00
#13 exporting layers done
#13 writing image sha256:5bcafeca90d09e5a030feed2ced83edfc14622deae3e4a98f2d89504ec6deb0e 0.0s done
#13 naming to gcr.io/fuzzbench/base-image done
#13 DONE 0.1s

#14 exporting cache
#14 sha256:2700d4ef94dee473593c5c614b55b2dedcca7893909811a8f2b48291a1f581e4
#14 preparing build cache for export
#14 preparing build cache for export done
#14 DONE 0.0s
#1 [internal] load build definition from Dockerfile
#1 sha256:8dbe9f4e682ef0f1f4a1e31b57f59c95be36e128bad09ceb23f0cefa991e3803
#1 transferring dockerfile: 2.22kB done
#1 DONE 0.1s

#2 [internal] load .dockerignore
#2 sha256:a182baddc137d74907d76b6f850a4424edb7ca984f33d54844744be1a79d692a
#2 transferring context: 34B done
#2 DONE 0.1s

#4 [internal] load metadata for gcr.io/fuzzbench/base-image:latest
#4 sha256:932022888f650cc455b10eb5123bb08c0cccacac29a693e69314abbfd28a72c3
#4 DONE 0.0s

#3 [internal] load metadata for gcr.io/fuzzbench/builders/afl/tidy-html5_tidy_config_fuzzer-intermediate:latest
#3 sha256:096d7a32ce7f632d0f4667d4c49f55fd6e175f7adbadddb053eb3ebe1fcef10a
#3 DONE 0.0s

#12 [internal] load build context
#12 sha256:e475c05400e2ae0c06d274f63e471923906d0f32ee683e737142dc5f5bf8b87f
#12 DONE 0.0s

#7 [base-image 1/1] FROM gcr.io/fuzzbench/base-image
#7 sha256:4d07825694520f8b6f6a0d8592dbd345433361ae044cb7f06706c5a95e3daaad
#7 DONE 0.0s

#6 [stage-1  1/13] FROM gcr.io/fuzzbench/builders/afl/tidy-html5_tidy_config_fuzzer-intermediate
#6 sha256:fc53a61b6ec1214e2683fae66775f2657dd46e1d97138f6f6a479be7d8251278
#6 DONE 0.0s

#5 importing cache manifest from gcr.io/fuzzbench/builders/afl/tidy-html5_tidy_config_fuzzer
#5 sha256:8567c2aa0ede50f9894e94b75e812ad81d5e2d693c94f68cbfcd50abbbb593cc
#5 ERROR: gcr.io/fuzzbench/builders/afl/tidy-html5_tidy_config_fuzzer:latest: not found

#12 [internal] load build context
#12 sha256:e475c05400e2ae0c06d274f63e471923906d0f32ee683e737142dc5f5bf8b87f
#12 transferring context: 669.91kB 0.1s done
#12 DONE 0.2s

#10 [stage-1  4/13] COPY --from=base-image /usr/local/include/python3.8 /usr/local/include/python3.8
#10 sha256:3d426bae5fe0e69982e5ac47a5da45cd9197ba2c4c1d04636f1b5d0db1834335
#10 CACHED

#11 [stage-1  5/13] COPY --from=base-image /usr/local/lib/python3.8/site-packages /usr/local/lib/python3.8/site-packages
#11 sha256:081cc0e68725c010e832e288e85fca0cba6410d685635936c1a20f72cdc8eea2
#11 CACHED

#8 [stage-1  2/13] COPY --from=base-image /usr/local/bin/python3* /usr/local/bin/
#8 sha256:99d19197225f553168974a8dc330070312928b3ec3a83ef851c73a25fee3d1ec
#8 CACHED

#9 [stage-1  3/13] COPY --from=base-image /usr/local/lib/python3.8 /usr/local/lib/python3.8
#9 sha256:e7dd087025b856e7152e2469e3aef118767cb129bc7f01fe26308b5c7f6b4885
#9 CACHED

#13 [stage-1  6/13] COPY fuzzers /src/fuzzers
#13 sha256:f0585930c6d8fabb1d158e1f97441276ef2f249ec97411bb174e469d8e3ecf9d
#13 CACHED

#14 [stage-1  7/13] RUN touch /src/__init__.py
#14 sha256:ecb6d563bce54d6e84b6a420e06e274c540ef62d88e47e5460216f369342dd98
#14 DONE 1.1s

#15 [stage-1  8/13] COPY benchmarks/tidy-html5_tidy_config_fuzzer/benchmark.yaml /
#15 sha256:da14a2df160282efef714f0651c981ed772530e284f3974570cc05070739eaf0
#15 DONE 0.5s

#16 [stage-1  9/13] RUN mkdir /opt/fuzzbench/
#16 sha256:564c4937255a8b864c6f48199daddc1014e06d02ad1bc45d6f9a77f98ee56422
#16 DONE 0.8s

#17 [stage-1 10/13] COPY docker/benchmark-builder/checkout_commit.py /opt/fuzzbench/
#17 sha256:9afdedac81742919289b7b2070a3dc83b327a7d848f76b86752627aa8bec5d94
#17 DONE 0.5s

#18 [stage-1 11/13] RUN export CHECKOUT_COMMIT=$(cat /benchmark.yaml | tr -d ' ' | grep 'commit:' | cut -d ':' -f2) &&     python3 -u /opt/fuzzbench/checkout_commit.py $CHECKOUT_COMMIT /src
#18 sha256:1f3b7926c2cf93002ffeb9534092c124955300994f3b722c525963743aeebe3c
#18 0.575 Checking out commit 3049c50d
#18 0.580 error: pathspec '3049c50d' did not match any file(s) known to git
#18 0.585 error: pathspec '3049c50d' did not match any file(s) known to git
#18 0.590 error: pathspec '3049c50d' did not match any file(s) known to git
#18 0.634 Checkout unsuccessful.
#18 DONE 1.3s

#19 [stage-1 12/13] RUN echo "#!/bin/bash\nPYTHONPATH=/src python3 -u -c "from fuzzers import utils; utils.initialize_env(); from fuzzers.afl import fuzzer; fuzzer.build()"" > /usr/bin/fuzzer_build &&     chmod +x /usr/bin/fuzzer_build
#19 sha256:7045147707d156fc7bffef40a119d964fba1960b846eeeaa0653a1c2e263a31b
#19 DONE 0.8s

#20 [stage-1 13/13] RUN echo "Run fuzzer_build to build the target" && if [ -z "$debug_builder" ] ; then fuzzer_build; fi
#20 sha256:3211ffd21568f60f7124d0ef10f47b35d03098b99319498e3fbe7f9833680887
#20 0.455 Run fuzzer_build to build the target
#20 0.573 FUZZ_TARGET = tidy_config_fuzzer
#20 0.573 CFLAGS = -DFUZZING_BUILD_MODE_UNSAFE_FOR_PRODUCTION -pthread -Wl,--no-as-needed -Wl,-ldl -Wl,-lm -Wno-unused-command-line-argument -O3
#20 0.573 CXXFLAGS = -DFUZZING_BUILD_MODE_UNSAFE_FOR_PRODUCTION -pthread -Wl,--no-as-needed -Wl,-ldl -Wl,-lm -Wno-unused-command-line-argument -stdlib=libc++ -O3
#20 0.578 Building benchmark tidy-html5_tidy_config_fuzzer with fuzzer afl
#20 0.581 + mkdir -p /work/tidy-html5
#20 0.584 + cd /work/tidy-html5
#20 0.584 + cmake -GNinja /src/tidy-html5/
#20 0.800 -- The C compiler identification is Clang 14.0.0
#20 1.048 -- The CXX compiler identification is Clang 14.0.0
#20 1.061 -- Detecting C compiler ABI info
#20 1.218 -- Detecting C compiler ABI info - done
#20 1.266 -- Check for working C compiler: /usr/local/bin/clang - skipped
#20 1.267 -- Detecting C compile features
#20 1.268 -- Detecting C compile features - done
#20 1.275 -- Detecting CXX compiler ABI info
#20 1.476 -- Detecting CXX compiler ABI info - done
#20 1.540 -- Check for working CXX compiler: /usr/local/bin/clang++ - skipped
#20 1.541 -- Detecting CXX compile features
#20 1.542 -- Detecting CXX compile features - done
#20 1.543 -> TIDY_SO_VERSION = 59. This is an ODD (development) release.
#20 1.544 -- *** Debug Logging is NOT enabled.
#20 1.544 -- *** Building support for runtime configuration files.
#20 1.544 -- *** Also building DLL library SHARED, version 5.9.20, date 2022.01.25
#20 1.545 -- *** NOTE: xsltproc NOT FOUND! Can NOT generate man page.
#20 1.545 -- *** You need to install xsltproc in your system.
#20 1.561 -- Configuring done
#20 1.576 -- Generating done
#20 1.586 -- Build files have been written to: /work/tidy-html5
#20 1.590 + ninja
#20 1.815 [1/56] Building C object CMakeFiles/tidy-share.dir/src/charsets.c.o
#20 1.876 [2/56] Building C object CMakeFiles/tidy-share.dir/src/istack.c.o
#20 2.154 [3/56] Building C object CMakeFiles/tidy-share.dir/src/entities.c.o
#20 2.346 [4/56] Building C object CMakeFiles/tidy-share.dir/src/tags.c.o
#20 2.415 [5/56] Building C object CMakeFiles/tidy-share.dir/src/alloc.c.o
#20 2.499 [6/56] Building C object CMakeFiles/tidy-share.dir/src/message.c.o
#20 2.612 [7/56] Building C object CMakeFiles/tidy-share.dir/src/fileio.c.o
#20 2.760 [8/56] Building C object CMakeFiles/tidy-share.dir/src/buffio.c.o
#20 3.028 [9/56] Building C object CMakeFiles/tidy-share.dir/src/tagask.c.o
#20 3.172 [10/56] Building C object CMakeFiles/tidy-share.dir/src/streamio.c.o
#20 3.298 [11/56] Building C object CMakeFiles/tidy-share.dir/src/config.c.o
#20 3.343 [12/56] Building C object CMakeFiles/tidy-share.dir/src/attrs.c.o
#20 3.406 [13/56] Building C object CMakeFiles/tidy-share.dir/src/utf8.c.o
#20 3.419 [14/56] Building C object CMakeFiles/tidy-share.dir/src/tmbstr.c.o
#20 3.465 [15/56] Building C object CMakeFiles/tidy-share.dir/src/clean.c.o
#20 3.516 [16/56] Building C object CMakeFiles/tidy-share.dir/src/mappedio.c.o
#20 3.652 [17/56] Building C object CMakeFiles/tidy-share.dir/src/sprtf.c.o
#20 3.687 [18/56] Building C object CMakeFiles/tidy-share.dir/src/gdoc.c.o
#20 3.712 [19/56] Building C object CMakeFiles/tidy-share.dir/src/access.c.o
#20 3.908 [20/56] Building C object CMakeFiles/tidy-share.dir/src/messageobj.c.o
#20 3.958 [21/56] Building C object CMakeFiles/tidy-share.dir/src/language.c.o
#20 3.979 [22/56] Building C object CMakeFiles/tidy-static.dir/src/istack.c.o
#20 4.018 [23/56] Building C object CMakeFiles/tidy-share.dir/src/attrdict.c.o
#20 4.378 [24/56] Building C object CMakeFiles/tidy-static.dir/src/entities.c.o
#20 4.617 [25/56] Building C object CMakeFiles/tidy-share.dir/src/tidylib.c.o
#20 4.872 [26/56] Building C object CMakeFiles/tidy-share.dir/src/lexer.c.o
#20 4.925 [27/56] Building C object CMakeFiles/tidy-static.dir/src/tags.c.o
#20 4.972 [28/56] Building C object CMakeFiles/tidy-static.dir/src/charsets.c.o
#20 5.328 [29/56] Building C object CMakeFiles/tidy-share.dir/src/parser.c.o
#20 5.329 /src/tidy-html5/src/parser.c:2793:11: warning: variable 'head' set but not used [-Wunused-but-set-variable]
#20 5.329     Node *head = NULL;
#20 5.329           ^
#20 5.329 1 warning generated.
#20 5.596 [30/56] Building C object CMakeFiles/tidy-static.dir/src/alloc.c.o
#20 5.645 [31/56] Building C object CMakeFiles/tidy-static.dir/src/attrs.c.o
#20 5.671 [32/56] Building C object CMakeFiles/tidy-static.dir/src/access.c.o
#20 5.840 [33/56] Building C object CMakeFiles/tidy-static.dir/src/message.c.o
#20 5.904 [34/56] Building C object CMakeFiles/tidy-static.dir/src/fileio.c.o
#20 6.030 [35/56] Building C object CMakeFiles/tidy-static.dir/src/buffio.c.o
#20 6.081 [36/56] Building C object CMakeFiles/tidy-static.dir/src/tagask.c.o
#20 6.325 [37/56] Building C object CMakeFiles/tidy-static.dir/src/config.c.o
#20 6.379 [38/56] Building C object CMakeFiles/tidy-static.dir/src/utf8.c.o
#20 6.482 [39/56] Building C object CMakeFiles/tidy-static.dir/src/tmbstr.c.o
#20 6.502 [40/56] Building C object CMakeFiles/tidy-static.dir/src/mappedio.c.o
#20 6.526 [41/56] Building C object CMakeFiles/tidy-static.dir/src/clean.c.o
#20 6.549 [42/56] Building C object CMakeFiles/tidy-static.dir/src/streamio.c.o
#20 6.699 [43/56] Building C object CMakeFiles/tidy-static.dir/src/sprtf.c.o
#20 6.781 [44/56] Building C object CMakeFiles/tidy-static.dir/src/gdoc.c.o
#20 6.809 [45/56] Building C object CMakeFiles/tidy-share.dir/src/pprint.c.o
#20 6.926 [46/56] Building C object CMakeFiles/tidy-static.dir/src/lexer.c.o
#20 6.944 [47/56] Building C object CMakeFiles/tidy-static.dir/src/messageobj.c.o
#20 6.971 [48/56] Building C object CMakeFiles/tidy-static.dir/src/language.c.o
#20 6.984 [49/56] Linking C shared library libtidy.so
#20 7.129 [50/56] Building C object CMakeFiles/tidy-static.dir/src/attrdict.c.o
#20 7.334 [51/56] Building C object CMakeFiles/tidy-static.dir/src/parser.c.o
#20 7.334 /src/tidy-html5/src/parser.c:2793:11: warning: variable 'head' set but not used [-Wunused-but-set-variable]
#20 7.334     Node *head = NULL;
#20 7.334           ^
#20 7.334 1 warning generated.
#20 7.395 [52/56] Building C object CMakeFiles/tidy-static.dir/src/tidylib.c.o
#20 7.875 [53/56] Building C object CMakeFiles/tidy.dir/console/tidy.c.o
#20 7.875 /src/tidy-html5/console/tidy.c:2085:10: warning: variable 'accessWarnings' set but not used [-Wunused-but-set-variable]
#20 7.875     uint accessWarnings = 0;
#20 7.875          ^
#20 7.875 1 warning generated.
#20 8.170 [54/56] Building C object CMakeFiles/tidy-static.dir/src/pprint.c.o
#20 8.188 [55/56] Linking C static library libtidy.a
#20 8.359 [56/56] Linking C executable tidy
#20 8.359 + for fuzzer in tidy_config_fuzzer tidy_fuzzer
#20 8.359 + clang -DFUZZING_BUILD_MODE_UNSAFE_FOR_PRODUCTION -pthread -Wl,--no-as-needed -Wl,-ldl -Wl,-lm -Wno-unused-command-line-argument -O3 -fsanitize-coverage=trace-pc-guard -c -I/src/tidy-html5/include /src/tidy_config_fuzzer.c -o tidy_config_fuzzer.o
#20 8.425 + clang++ -DFUZZING_BUILD_MODE_UNSAFE_FOR_PRODUCTION -pthread -Wl,--no-as-needed -Wl,-ldl -Wl,-lm -Wno-unused-command-line-argument -stdlib=libc++ -O3 -fsanitize-coverage=trace-pc-guard -std=c++11 tidy_config_fuzzer.o -o /out/tidy_config_fuzzer /libAFL.a libtidys.a
#20 8.435 clang-14: error: no such file or directory: 'libtidys.a'
#20 8.438 Traceback (most recent call last):
#20 8.438   File "<string>", line 1, in <module>
#20 8.438   File "/src/fuzzers/afl/fuzzer.py", line 40, in build
#20 8.439     utils.build_benchmark()
#20 8.439   File "/src/fuzzers/utils.py", line 82, in build_benchmark
#20 8.439     subprocess.check_call(['/bin/bash', '-ex', build_script], env=env)
#20 8.439   File "/usr/local/lib/python3.8/subprocess.py", line 364, in check_call
#20 8.439     raise CalledProcessError(retcode, cmd)
#20 8.439 subprocess.CalledProcessError: Command '['/bin/bash', '-ex', '/src/build.sh']' returned non-zero exit status 1.
#20 ERROR: executor failed running [/bin/sh -c echo "Run fuzzer_build to build the target" && if [ -z "$debug_builder" ] ; then fuzzer_build; fi]: exit code: 1
------
 > importing cache manifest from gcr.io/fuzzbench/builders/afl/tidy-html5_tidy_config_fuzzer:
------
------
 > [stage-1 13/13] RUN echo "Run fuzzer_build to build the target" && if [ -z "$debug_builder" ] ; then fuzzer_build; fi:
------
executor failed running [/bin/sh -c echo "Run fuzzer_build to build the target" && if [ -z "$debug_builder" ] ; then fuzzer_build; fi]: exit code: 1
make: *** [docker/generated.mk:2720412: .afl-tidy-html5_tidy_config_fuzzer-builder] Error 1
/bin/sh: 1: source: not found
#1 [internal] load build definition from Dockerfile
#1 sha256:92ee3f3a4b3f6b58789a72526495d5c43e45c7932e6264ccdcb727bf8c89f718
#1 transferring dockerfile:
#1 transferring dockerfile: 32B done
#1 DONE 0.3s

#2 [internal] load .dockerignore
#2 sha256:498a6527fbd1580a46235f316375821ac5a3c63e5e92b7ba2e29b94f2baa5692
#2 transferring context: 2B done
#2 DONE 0.3s

#3 [internal] load metadata for gcr.io/oss-fuzz-base/base-builder:latest
#3 sha256:f10dc39cc9d418a5bc416dead31a1902b6821fdae909cd3b08f7a3fd1faba7b5
#3 DONE 0.4s

#5 [1/6] FROM gcr.io/oss-fuzz-base/base-builder@sha256:f4e5ea12494fab091c5d830cf803b3421f2860f729b9d1b07da44924396cf8cf
#5 sha256:ef290950573a2779ee526af357b28fbddfc20d7409aa51f58f777c9e972cba29
#5 DONE 0.0s

#4 importing cache manifest from gcr.io/fuzzbench/builders/benchmark/tidy-html5_tidy_config_fuzzer
#4 sha256:41b4404ddbadb5d387dcc6ad67b0a392f3aef2d6bc2848859719b0cb29d4d1ac
#4 DONE 0.0s

#9 [internal] load build context
#9 sha256:fb32c71ecb15fb196a992819b190da5ab2cbb26235a66a27820a5d382c50b8c6
#9 transferring context: 354B done
#9 DONE 0.1s

#7 [3/6] RUN git clone -b next --single-branch     https://github.com/htacg/tidy-html5.git tidy-html5
#7 sha256:87700e3bd2efd5e5e1942fd465a776053f409ea589078125508601072d032bef
#7 CACHED

#10 [5/6] COPY build.sh /src/
#10 sha256:251ada1f12fd9e38495cc374cc44cf5e251a9e0edbfb39cdf7fa81481a9f1503
#10 CACHED

#6 [2/6] RUN apt-get update &&     apt-get install -y --no-install-recommends         cmake ninja-build &&     apt-get clean
#6 sha256:f970db4514ebb1e89648b4f8cc5e12a903b122b625f6a126818ef81e31ca391a
#6 CACHED

#8 [4/6] WORKDIR tidy-html5
#8 sha256:692120baa63fdd7dcf95cc9600ba7d442dbbde2bec87dc467b553a4c3ba8d1fc
#8 CACHED

#11 [6/6] COPY *.c *.h *.options /src/
#11 sha256:96f88cd81b4a5db30a8d3993a2add47c3b0631285469bcdf5c1f18b35f013f93
#11 CACHED

#12 exporting to image
#12 sha256:e8c613e07b0b7ff33893b694f7759a10d42e180f2b4dc349fb57dc6b71dcab00
#12 exporting layers done
#12 writing image sha256:d369319b647e3729774206784c1cbc74751c10938ff394d5eb6be9318bb87350
#12 writing image sha256:d369319b647e3729774206784c1cbc74751c10938ff394d5eb6be9318bb87350 0.0s done
#12 naming to gcr.io/fuzzbench/builders/benchmark/tidy-html5_tidy_config_fuzzer done
#12 DONE 0.3s

#13 exporting cache
#13 sha256:2700d4ef94dee473593c5c614b55b2dedcca7893909811a8f2b48291a1f581e4
#13 preparing build cache for export done
#13 DONE 0.0s
#1 [internal] load build definition from builder.Dockerfile
#1 sha256:6d816223183db7bd8f7bf2649cd5375c353a84935d1c3c8c25b95ef609d5ff9c
#1 transferring dockerfile: 46B done
#1 DONE 0.1s

#2 [internal] load .dockerignore
#2 sha256:eb75470ea3514a4a1fe284ea6f0eb73e167a804b1c520496581e986d77f0bb1c
#2 transferring context: 2B done
#2 DONE 0.1s

#3 [internal] load metadata for gcr.io/fuzzbench/builders/benchmark/tidy-html5_tidy_config_fuzzer:latest
#3 sha256:639498c3947231f9060f6846229f00f4f58bb81a38ca1782d23dfd1512038727
#3 DONE 0.0s

#4 importing cache manifest from gcr.io/fuzzbench/builders/afl/tidy-html5_tidy_config_fuzzer-intermediate
#4 sha256:09f2ea22146a32b5c6eb7d77bfef471c8a36bc95687026938531a22217cc8f83
#4 DONE 0.0s

#5 [1/3] FROM gcr.io/fuzzbench/builders/benchmark/tidy-html5_tidy_config_fuzzer
#5 sha256:2aa2900fdab03cccd47a1dd84487dde3899f10706b6acc1c5bf9bce280f01289
#5 DONE 0.0s

#6 [2/3] RUN git clone https://github.com/google/AFL.git /afl &&     cd /afl &&     git checkout 61037103ae3722c8060ff7082994836a794f978e &&     AFL_NO_X86=1 make
#6 sha256:ff97a532d383dee56c878e56dc810f13970860aacf7dc9047db3285f0b7babfa
#6 CACHED

#7 [3/3] RUN apt-get update &&     apt-get install wget -y &&     wget https://raw.githubusercontent.com/llvm/llvm-project/5feb80e748924606531ba28c97fe65145c65372e/compiler-rt/lib/fuzzer/afl/afl_driver.cpp -O /afl/afl_driver.cpp &&     clang -Wno-pointer-sign -c /afl/llvm_mode/afl-llvm-rt.o.c -I/afl &&     clang++ -stdlib=libc++ -std=c++11 -O2 -c /afl/afl_driver.cpp &&     ar r /libAFL.a *.o
#7 sha256:9d9e2d899cca0b2fd3bfcb0cf60aaf6fbefa0d1cdccb6b88f27848d3af8ccded
#7 CACHED

#8 exporting to image
#8 sha256:e8c613e07b0b7ff33893b694f7759a10d42e180f2b4dc349fb57dc6b71dcab00
#8 exporting layers done
#8 writing image sha256:9503aa0edd3e82b4c5fc8e9a0daafa1063ef6a874f076868f6c511443a41a963
#8 writing image sha256:9503aa0edd3e82b4c5fc8e9a0daafa1063ef6a874f076868f6c511443a41a963 0.0s done
#8 naming to gcr.io/fuzzbench/builders/afl/tidy-html5_tidy_config_fuzzer-intermediate done
#8 DONE 0.4s

#9 exporting cache
#9 sha256:2700d4ef94dee473593c5c614b55b2dedcca7893909811a8f2b48291a1f581e4
#9 preparing build cache for export done
#9 DONE 0.0s
#2 [internal] load .dockerignore
#2 sha256:c5fe29730f2566fc25bc4fe96590aaaabf55dce462b12b46f2a92673ab526895
#2 transferring context: 34B done
#2 DONE 0.3s

#1 [internal] load build definition from Dockerfile
#1 sha256:d5ae8638b3b6cfe2c475c8f95a3fc2ea12841164ea0f6d97de7fc58eb57c491d
#1 transferring dockerfile: 2.00kB done
#1 DONE 0.2s

#3 [internal] load metadata for docker.io/library/ubuntu:xenial
#3 sha256:f62bae18ed588840f045c881b2502661f2a89578a2f8f99b83f5200ee83dd25b
#3 DONE 0.0s

#5 [1/7] FROM docker.io/library/ubuntu:xenial
#5 sha256:14dd403f25ae9e519bd44f27dc17af7ce80f5a4f9f48ca88108364e67ec5d360
#5 DONE 0.0s

#4 importing cache manifest from gcr.io/fuzzbench/base-image
#4 sha256:9b220ebb4d4daceed1b96df9b6dca076e762f1cd612574f010b82d5b9e5ad896
#4 DONE 0.0s

#8 [internal] load build context
#8 sha256:88c2c68d63f54ed7101c5059c946e42031923a8251d1cd86d882083671eca26c
#8 transferring context: 559B 0.0s done
#8 DONE 0.1s

#7 [3/7] RUN cd /tmp/ &&     curl -O https://www.python.org/ftp/python/3.8.6/Python-3.8.6.tar.xz &&     tar -xvf Python-3.8.6.tar.xz &&     cd Python-3.8.6 &&     ./configure --enable-loadable-sqlite-extensions --enable-optimizations &&     make -j install &&     rm -r /tmp/Python-3.8.6.tar.xz /tmp/Python-3.8.6
#7 sha256:c5b9d1fb3371e84dbc60b76e7b2f8d5913bc93bcd4910ab65daa03e7b2ec4bb0
#7 CACHED

#9 [4/7] COPY ./requirements.txt /
#9 sha256:0267bc429c25a5bb71a30fb84b11b9b024197a59ff86f9b29efb9ab7644aebf7
#9 CACHED

#10 [5/7] RUN pip3 install -r /requirements.txt
#10 sha256:9a377ddbdcc3308a1e8248f3d80a7f96140961774b878f717f715c684d01714c
#10 CACHED

#11 [6/7] RUN apt-get update -y && apt-get install -y     apt-transport-https     lsb-release
#11 sha256:bd9d2f7b2f008f71535700781a2c9dd7c1d9a9adf6d2b38c7ca387b8bce0c52c
#11 CACHED

#6 [2/7] RUN apt-get update -y && apt-get install -y     build-essential     rsync     curl     zlib1g-dev     libncurses5-dev     libgdbm-dev     libnss3-dev     libssl-dev     libreadline-dev     libffi-dev     virtualenv     libbz2-dev     liblzma-dev     libsqlite3-dev
#6 sha256:3a1b0960f17eed529eaae93dc8fd3554f2743dd584d8fa569cdbe6bc734371ac
#6 CACHED

#12 [7/7] RUN CLOUD_SDK_REPO="cloud-sdk-$(lsb_release -c -s)" &&     echo "deb https://packages.cloud.google.com/apt $CLOUD_SDK_REPO main"     | tee -a /etc/apt/sources.list.d/google-cloud-sdk.list &&     curl https://packages.cloud.google.com/apt/doc/apt-key.gpg     | apt-key add - &&     apt-get update -y &&     apt-get install -y google-cloud-sdk
#12 sha256:12c29369c1734c1238fec47140bfa931620db2c9693d96ee46847cc2d00284ac
#12 CACHED

#13 exporting to image
#13 sha256:e8c613e07b0b7ff33893b694f7759a10d42e180f2b4dc349fb57dc6b71dcab00
#13 exporting layers done
#13 writing image sha256:5bcafeca90d09e5a030feed2ced83edfc14622deae3e4a98f2d89504ec6deb0e
#13 writing image sha256:5bcafeca90d09e5a030feed2ced83edfc14622deae3e4a98f2d89504ec6deb0e 0.0s done
#13 naming to gcr.io/fuzzbench/base-image done
#13 DONE 0.1s

#14 exporting cache
#14 sha256:2700d4ef94dee473593c5c614b55b2dedcca7893909811a8f2b48291a1f581e4
#14 preparing build cache for export done
#14 DONE 0.0s
#1 [internal] load build definition from Dockerfile
#1 sha256:396d8ac2f2642bd0395af5497065ef3fd14f3ed48c7de658eb790166acfd1509
#1 transferring dockerfile: 2.22kB done
#1 DONE 0.1s

#2 [internal] load .dockerignore
#2 sha256:0975c4186bc8e05e57ae45d161c8999d37aab103ee6b7abdf23a3664c602dc0d
#2 transferring context: 34B done
#2 DONE 0.1s

#4 [internal] load metadata for gcr.io/fuzzbench/base-image:latest
#4 sha256:932022888f650cc455b10eb5123bb08c0cccacac29a693e69314abbfd28a72c3
#4 DONE 0.0s

#3 [internal] load metadata for gcr.io/fuzzbench/builders/afl/tidy-html5_tidy_config_fuzzer-intermediate:latest
#3 sha256:096d7a32ce7f632d0f4667d4c49f55fd6e175f7adbadddb053eb3ebe1fcef10a
#3 DONE 0.0s

#12 [internal] load build context
#12 sha256:f61140f30622af5eaa4937290a40be7e7769adf7f2d22314726933e7ebba7ca6
#12 DONE 0.0s

#7 [base-image 1/1] FROM gcr.io/fuzzbench/base-image
#7 sha256:4d07825694520f8b6f6a0d8592dbd345433361ae044cb7f06706c5a95e3daaad
#7 DONE 0.0s

#6 [stage-1  1/13] FROM gcr.io/fuzzbench/builders/afl/tidy-html5_tidy_config_fuzzer-intermediate
#6 sha256:fc53a61b6ec1214e2683fae66775f2657dd46e1d97138f6f6a479be7d8251278
#6 DONE 0.0s

#5 importing cache manifest from gcr.io/fuzzbench/builders/afl/tidy-html5_tidy_config_fuzzer
#5 sha256:8567c2aa0ede50f9894e94b75e812ad81d5e2d693c94f68cbfcd50abbbb593cc
#5 ERROR: gcr.io/fuzzbench/builders/afl/tidy-html5_tidy_config_fuzzer:latest: not found

#12 [internal] load build context
#12 sha256:f61140f30622af5eaa4937290a40be7e7769adf7f2d22314726933e7ebba7ca6
#12 transferring context: 669.91kB 0.1s done
#12 DONE 0.2s

#15 [stage-1  8/13] COPY benchmarks/tidy-html5_tidy_config_fuzzer/benchmark.yaml /
#15 sha256:c1ed1d5d78725fead20fc523b91b3439152af25351714b1eb9948221c2745d45
#15 CACHED

#17 [stage-1 10/13] COPY docker/benchmark-builder/checkout_commit.py /opt/fuzzbench/
#17 sha256:a50ecbdc6ab29a9ac077b4534d3ba5ffb5e6b73b77f22e47c6d705e1d90ce0ac
#17 CACHED

#18 [stage-1 11/13] RUN export CHECKOUT_COMMIT=$(cat /benchmark.yaml | tr -d ' ' | grep 'commit:' | cut -d ':' -f2) &&     python3 -u /opt/fuzzbench/checkout_commit.py $CHECKOUT_COMMIT /src
#18 sha256:e9da400fa221d609ebfdaa2ef5bba818782ffd1fb6daa4cdd3589a7df54aec80
#18 CACHED

#9 [stage-1  3/13] COPY --from=base-image /usr/local/lib/python3.8 /usr/local/lib/python3.8
#9 sha256:e7dd087025b856e7152e2469e3aef118767cb129bc7f01fe26308b5c7f6b4885
#9 CACHED

#10 [stage-1  4/13] COPY --from=base-image /usr/local/include/python3.8 /usr/local/include/python3.8
#10 sha256:3d426bae5fe0e69982e5ac47a5da45cd9197ba2c4c1d04636f1b5d0db1834335
#10 CACHED

#14 [stage-1  7/13] RUN touch /src/__init__.py
#14 sha256:5ab4debab145c622954e6a273c123f13024b1698b7e341b0d463522f357f174f
#14 CACHED

#16 [stage-1  9/13] RUN mkdir /opt/fuzzbench/
#16 sha256:437cee5ff50d9cfc7a98f0533f3d9c98d7df2a01b992877ce00147f8c1c6087d
#16 CACHED

#13 [stage-1  6/13] COPY fuzzers /src/fuzzers
#13 sha256:5634826627ff9a876614a382ae3038b252c0d87101b26b6c021d2ae714e7f6d7
#13 CACHED

#8 [stage-1  2/13] COPY --from=base-image /usr/local/bin/python3* /usr/local/bin/
#8 sha256:99d19197225f553168974a8dc330070312928b3ec3a83ef851c73a25fee3d1ec
#8 CACHED

#11 [stage-1  5/13] COPY --from=base-image /usr/local/lib/python3.8/site-packages /usr/local/lib/python3.8/site-packages
#11 sha256:081cc0e68725c010e832e288e85fca0cba6410d685635936c1a20f72cdc8eea2
#11 CACHED

#19 [stage-1 12/13] RUN echo "#!/bin/bash\nPYTHONPATH=/src python3 -u -c "from fuzzers import utils; utils.initialize_env(); from fuzzers.afl import fuzzer; fuzzer.build()"" > /usr/bin/fuzzer_build &&     chmod +x /usr/bin/fuzzer_build
#19 sha256:458b6b1e7638a08952891bb7022c7c1224ff65684961f18c0ac5273690a6cccd
#19 CACHED

#20 [stage-1 13/13] RUN echo "Run fuzzer_build to build the target" && if [ -z "$debug_builder" ] ; then fuzzer_build; fi
#20 sha256:e53d55dfd671039c4d680041df8fffd30e469a77445c8310ca2c6f91036ab4cf
#20 0.467 Run fuzzer_build to build the target
#20 0.579 FUZZ_TARGET = tidy_config_fuzzer
#20 0.579 CFLAGS = -DFUZZING_BUILD_MODE_UNSAFE_FOR_PRODUCTION -pthread -Wl,--no-as-needed -Wl,-ldl -Wl,-lm -Wno-unused-command-line-argument -O3
#20 0.579 CXXFLAGS = -DFUZZING_BUILD_MODE_UNSAFE_FOR_PRODUCTION -pthread -Wl,--no-as-needed -Wl,-ldl -Wl,-lm -Wno-unused-command-line-argument -stdlib=libc++ -O3
#20 0.583 Building benchmark tidy-html5_tidy_config_fuzzer with fuzzer afl
#20 0.587 + mkdir -p /work/tidy-html5
#20 0.589 + cd /work/tidy-html5
#20 0.589 + cmake -GNinja /src/tidy-html5/
#20 0.800 -- The C compiler identification is Clang 14.0.0
#20 1.052 -- The CXX compiler identification is Clang 14.0.0
#20 1.065 -- Detecting C compiler ABI info
#20 1.214 -- Detecting C compiler ABI info - done
#20 1.262 -- Check for working C compiler: /usr/local/bin/clang - skipped
#20 1.263 -- Detecting C compile features
#20 1.264 -- Detecting C compile features - done
#20 1.271 -- Detecting CXX compiler ABI info
#20 1.463 -- Detecting CXX compiler ABI info - done
#20 1.530 -- Check for working CXX compiler: /usr/local/bin/clang++ - skipped
#20 1.530 -- Detecting CXX compile features
#20 1.531 -- Detecting CXX compile features - done
#20 1.533 -- *** Debug Logging is NOT enabled.
#20 1.533 -> TIDY_SO_VERSION = 59. This is an ODD (development) release.
#20 1.533 -- *** Building support for runtime configuration files.
#20 1.533 -- *** Also building DLL library SHARED, version 5.9.20, date 2022.01.25
#20 1.535 -- *** NOTE: xsltproc NOT FOUND! Can NOT generate man page.
#20 1.535 -- *** You need to install xsltproc in your system.
#20 1.550 -- Configuring done
#20 1.561 -- Generating done
#20 1.571 -- Build files have been written to: /work/tidy-html5
#20 1.575 + ninja
#20 1.875 [1/56] Building C object CMakeFiles/tidy-share.dir/src/charsets.c.o
#20 1.893 [2/56] Building C object CMakeFiles/tidy-share.dir/src/entities.c.o
#20 1.910 [3/56] Building C object CMakeFiles/tidy-share.dir/src/istack.c.o
#20 2.151 [4/56] Building C object CMakeFiles/tidy-share.dir/src/tags.c.o
#20 2.163 [5/56] Building C object CMakeFiles/tidy-share.dir/src/alloc.c.o
#20 2.446 [6/56] Building C object CMakeFiles/tidy-share.dir/src/buffio.c.o
#20 2.710 [7/56] Building C object CMakeFiles/tidy-share.dir/src/fileio.c.o
#20 2.882 [8/56] Building C object CMakeFiles/tidy-share.dir/src/message.c.o
#20 3.133 [9/56] Building C object CMakeFiles/tidy-share.dir/src/attrs.c.o
#20 3.147 [10/56] Building C object CMakeFiles/tidy-share.dir/src/tagask.c.o
#20 3.320 [11/56] Building C object CMakeFiles/tidy-share.dir/src/streamio.c.o
#20 3.399 [12/56] Building C object CMakeFiles/tidy-share.dir/src/tmbstr.c.o
#20 3.513 [13/56] Building C object CMakeFiles/tidy-share.dir/src/utf8.c.o
#20 3.521 [14/56] Building C object CMakeFiles/tidy-share.dir/src/access.c.o
#20 3.549 [15/56] Building C object CMakeFiles/tidy-share.dir/src/mappedio.c.o
#20 3.612 [16/56] Building C object CMakeFiles/tidy-share.dir/src/config.c.o
#20 3.629 [17/56] Building C object CMakeFiles/tidy-share.dir/src/clean.c.o
#20 3.681 [18/56] Building C object CMakeFiles/tidy-share.dir/src/sprtf.c.o
#20 3.697 [19/56] Building C object CMakeFiles/tidy-share.dir/src/gdoc.c.o
#20 3.823 [20/56] Building C object CMakeFiles/tidy-share.dir/src/attrdict.c.o
#20 3.979 [21/56] Building C object CMakeFiles/tidy-share.dir/src/messageobj.c.o
#20 4.075 [22/56] Building C object CMakeFiles/tidy-static.dir/src/istack.c.o
#20 4.093 [23/56] Building C object CMakeFiles/tidy-share.dir/src/language.c.o
#20 4.588 [24/56] Building C object CMakeFiles/tidy-share.dir/src/lexer.c.o
#20 4.605 [25/56] Building C object CMakeFiles/tidy-static.dir/src/entities.c.o
#20 4.619 [26/56] Building C object CMakeFiles/tidy-share.dir/src/tidylib.c.o
#20 4.667 [27/56] Building C object CMakeFiles/tidy-static.dir/src/tags.c.o
#20 4.898 [28/56] Building C object CMakeFiles/tidy-static.dir/src/charsets.c.o
#20 5.335 [29/56] Building C object CMakeFiles/tidy-static.dir/src/message.c.o
#20 5.449 [30/56] Building C object CMakeFiles/tidy-static.dir/src/alloc.c.o
#20 5.525 [31/56] Building C object CMakeFiles/tidy-share.dir/src/parser.c.o
#20 5.525 /src/tidy-html5/src/parser.c:2793:11: warning: variable 'head' set but not used [-Wunused-but-set-variable]
#20 5.525     Node *head = NULL;
#20 5.525           ^
#20 5.525 1 warning generated.
#20 5.546 [32/56] Building C object CMakeFiles/tidy-static.dir/src/attrs.c.o
#20 5.736 [33/56] Building C object CMakeFiles/tidy-static.dir/src/access.c.o
#20 5.792 [34/56] Building C object CMakeFiles/tidy-static.dir/src/fileio.c.o
#20 5.810 [35/56] Building C object CMakeFiles/tidy-static.dir/src/buffio.c.o
#20 5.962 [36/56] Building C object CMakeFiles/tidy-static.dir/src/tagask.c.o
#20 6.072 [37/56] Building C object CMakeFiles/tidy-static.dir/src/tmbstr.c.o
#20 6.287 [38/56] Building C object CMakeFiles/tidy-static.dir/src/clean.c.o
#20 6.316 [39/56] Building C object CMakeFiles/tidy-static.dir/src/utf8.c.o
#20 6.386 [40/56] Building C object CMakeFiles/tidy-static.dir/src/config.c.o
#20 6.436 [41/56] Building C object CMakeFiles/tidy-static.dir/src/mappedio.c.o
#20 6.470 [42/56] Building C object CMakeFiles/tidy-static.dir/src/streamio.c.o
#20 6.547 [43/56] Building C object CMakeFiles/tidy-static.dir/src/sprtf.c.o
#20 6.615 [44/56] Building C object CMakeFiles/tidy-static.dir/src/gdoc.c.o
#20 6.864 [45/56] Building C object CMakeFiles/tidy-share.dir/src/pprint.c.o
#20 6.874 [46/56] Building C object CMakeFiles/tidy-static.dir/src/language.c.o
#20 6.923 [47/56] Building C object CMakeFiles/tidy-static.dir/src/messageobj.c.o
#20 6.975 [48/56] Building C object CMakeFiles/tidy-static.dir/src/attrdict.c.o
#20 7.047 [49/56] Linking C shared library libtidy.so
#20 7.063 [50/56] Building C object CMakeFiles/tidy-static.dir/src/tidylib.c.o
#20 7.097 [51/56] Building C object CMakeFiles/tidy-static.dir/src/lexer.c.o
#20 7.222 [52/56] Building C object CMakeFiles/tidy-static.dir/src/parser.c.o
#20 7.222 /src/tidy-html5/src/parser.c:2793:11: warning: variable 'head' set but not used [-Wunused-but-set-variable]
#20 7.222     Node *head = NULL;
#20 7.222           ^
#20 7.222 1 warning generated.
#20 7.688 [53/56] Building C object CMakeFiles/tidy.dir/console/tidy.c.o
#20 7.688 /src/tidy-html5/console/tidy.c:2085:10: warning: variable 'accessWarnings' set but not used [-Wunused-but-set-variable]
#20 7.688     uint accessWarnings = 0;
#20 7.688          ^
#20 7.688 1 warning generated.
#20 8.396 [54/56] Building C object CMakeFiles/tidy-static.dir/src/pprint.c.o
#20 8.414 [55/56] Linking C static library libtidy.a
#20 8.595 [56/56] Linking C executable tidy
#20 8.596 + for fuzzer in tidy_config_fuzzer tidy_fuzzer
#20 8.596 + clang -DFUZZING_BUILD_MODE_UNSAFE_FOR_PRODUCTION -pthread -Wl,--no-as-needed -Wl,-ldl -Wl,-lm -Wno-unused-command-line-argument -O3 -fsanitize-coverage=trace-pc-guard -c -I/src/tidy-html5/include /src/tidy_config_fuzzer.c -o tidy_config_fuzzer.o
#20 8.665 + clang++ -DFUZZING_BUILD_MODE_UNSAFE_FOR_PRODUCTION -pthread -Wl,--no-as-needed -Wl,-ldl -Wl,-lm -Wno-unused-command-line-argument -stdlib=libc++ -O3 -fsanitize-coverage=trace-pc-guard -std=c++11 tidy_config_fuzzer.o -o /out/tidy_config_fuzzer /libAFL.a libtidys.a
#20 8.672 clang-14: error: no such file or directory: 'libtidys.a'
#20 8.674 Traceback (most recent call last):
#20 8.674   File "<string>", line 1, in <module>
#20 8.674   File "/src/fuzzers/afl/fuzzer.py", line 40, in build
#20 8.675     utils.build_benchmark()
#20 8.675   File "/src/fuzzers/utils.py", line 82, in build_benchmark
#20 8.675     subprocess.check_call(['/bin/bash', '-ex', build_script], env=env)
#20 8.675   File "/usr/local/lib/python3.8/subprocess.py", line 364, in check_call
#20 8.675     raise CalledProcessError(retcode, cmd)
#20 8.675 subprocess.CalledProcessError: Command '['/bin/bash', '-ex', '/src/build.sh']' returned non-zero exit status 1.
#20 ERROR: executor failed running [/bin/sh -c echo "Run fuzzer_build to build the target" && if [ -z "$debug_builder" ] ; then fuzzer_build; fi]: exit code: 1
------
 > importing cache manifest from gcr.io/fuzzbench/builders/afl/tidy-html5_tidy_config_fuzzer:
------
------
 > [stage-1 13/13] RUN echo "Run fuzzer_build to build the target" && if [ -z "$debug_builder" ] ; then fuzzer_build; fi:
------
executor failed running [/bin/sh -c echo "Run fuzzer_build to build the target" && if [ -z "$debug_builder" ] ; then fuzzer_build; fi]: exit code: 1
make: *** [docker/generated.mk:2720412: .afl-tidy-html5_tidy_config_fuzzer-builder] Error 1
