WARNING:root:gcloud not found in PATH.
INFO:root:Successfully integrated benchmark: jsoncpp_json_proto_converter.
INFO:root:Please run "make test-run-afl-jsoncpp_json_proto_converter" to test integration.
#1 [internal] load build definition from Dockerfile
#1 sha256:d5f648dea49342fe070774cfe00a4f7702f9615288c85509137568ea1f7cd6c2
#1 transferring dockerfile: 1.25kB done
#1 DONE 0.0s

#2 [internal] load .dockerignore
#2 sha256:5a9c3455e418b908a1df1f43c5ec28ba0cbe309b24b5ecef3f9bbdf320d9fda2
#2 transferring context: 2B done
#2 DONE 0.0s

#3 [internal] load metadata for gcr.io/oss-fuzz-base/base-builder:latest
#3 sha256:f10dc39cc9d418a5bc416dead31a1902b6821fdae909cd3b08f7a3fd1faba7b5
#3 DONE 0.5s

#4 [1/7] FROM gcr.io/oss-fuzz-base/base-builder@sha256:112044a9815d235113677d459cf2ece740a51f2b85081c8f66943dcdc72ddf7f
#4 sha256:4aee4bf9f7280ac8b7f02b8d29e6e084dd034d2c294b4e3e05d8ce7048a1450f
#4 DONE 0.0s

#10 [internal] load build context
#10 sha256:01cae3fbf8ac99128f7c49ce6c29b278618b58c0b006dff5b2edb627e3b691e4
#10 DONE 0.0s

#12 importing cache manifest from gcr.io/fuzzbench/builders/benchmark/jsoncpp_json_proto_converter
#12 sha256:9abbae859ada7bb35471ab178fa8d91d31bd29ff7ae69e78fd0680dc08e23d27
#12 ERROR: gcr.io/fuzzbench/builders/benchmark/jsoncpp_json_proto_converter:latest: not found

#10 [internal] load build context
#10 sha256:01cae3fbf8ac99128f7c49ce6c29b278618b58c0b006dff5b2edb627e3b691e4
#10 transferring context: 10.84kB done
#10 DONE 0.0s

#9 [6/7] RUN (mkdir LPM && cd LPM && cmake ../libprotobuf-mutator -GNinja -DLIB_PROTO_MUTATOR_DOWNLOAD_PROTOBUF=ON -DLIB_PROTO_MUTATOR_TESTING=OFF -DCMAKE_BUILD_TYPE=Release && ninja)
#9 sha256:f95fc51344b5b09afb951403177c041f561c9cbadcd1c6e31703cd8cf88eb806
#9 CACHED

#5 [2/7] RUN apt-get update -y && apt-get install -y curl wget     binutils cmake ninja-build liblzma-dev libz-dev pkg-config autoconf libtool
#5 sha256:2227ad69c22e20c5eb3e7a1167346cff9688f6d2fc262c140f4ffc66ac7a407f
#5 CACHED

#7 [4/7] WORKDIR jsoncpp
#7 sha256:b836ad85ab3ca98749054787ac991206c2eae20ace0dc8dbffd6493afc451ae8
#7 CACHED

#8 [5/7] RUN git clone --depth 1 https://github.com/google/libprotobuf-mutator.git
#8 sha256:fdd75f8b520314a69fa0cd4730e8d9b5045e6881cd6301f0f398495c7d3bbcc9
#8 CACHED

#6 [3/7] RUN git clone --depth 1 https://github.com/open-source-parsers/jsoncpp
#6 sha256:11565df669197e7e0b15ea56d81c08de6ef819a247eece3a2d409323a620deda
#6 CACHED

#11 [7/7] COPY build.sh *.proto *.h *.cc /src/
#11 sha256:5ea17dd79d7da28285ed1356b0d87b09ec622b1d308c8a1b6a752562a71d2e9a
#11 CACHED

#13 exporting to image
#13 sha256:e8c613e07b0b7ff33893b694f7759a10d42e180f2b4dc349fb57dc6b71dcab00
#13 exporting layers done
#13 writing image sha256:7a6a2a46ee7c02a5663896ccc36ff756744f26f7d5867c45fea550a29578c195 done
#13 naming to gcr.io/fuzzbench/builders/benchmark/jsoncpp_json_proto_converter done
#13 DONE 0.1s

#14 exporting cache
#14 sha256:2700d4ef94dee473593c5c614b55b2dedcca7893909811a8f2b48291a1f581e4
#14 preparing build cache for export done
#14 DONE 0.0s
------
 > importing cache manifest from gcr.io/fuzzbench/builders/benchmark/jsoncpp_json_proto_converter:
------
#1 [internal] load build definition from builder.Dockerfile
#1 sha256:4082dbe1d02ec58fe97909726b6678b767f00110e68c3f1a211331d6a8d5418a
#1 transferring dockerfile: 1.35kB done
#1 DONE 0.0s

#2 [internal] load .dockerignore
#2 sha256:0048d5ede5f93d8887db4faee35e8a19bcf04ca02ac99e5efe3e7875022ba306
#2 transferring context: 2B done
#2 DONE 0.0s

#3 [internal] load metadata for gcr.io/fuzzbench/builders/benchmark/jsoncpp_json_proto_converter:latest
#3 sha256:4276b096fa484530916537902334f90a1514c3b307e0e72ec5758a707fc2263c
#3 DONE 0.0s

#7 [1/3] FROM gcr.io/fuzzbench/builders/benchmark/jsoncpp_json_proto_converter
#7 sha256:20d8b6b3cfcb463fb3647ad0a18dfbed3f49d09fe0d2e427ed7c0f2fdc10519d
#7 DONE 0.0s

#4 importing cache manifest from gcr.io/fuzzbench/builders/afl/jsoncpp_json_proto_converter-intermediate
#4 sha256:68fa25b5d5681e5eb14511e09c6640a5686fa56593a435470c34f0f57929e2b6
#4 ERROR: gcr.io/fuzzbench/builders/afl/jsoncpp_json_proto_converter-intermediate:latest: not found

#5 [2/3] RUN git clone https://github.com/google/AFL.git /afl &&     cd /afl &&     git checkout 61037103ae3722c8060ff7082994836a794f978e &&     AFL_NO_X86=1 make
#5 sha256:d595b4cca4a04e5d9f195691f60392b614d7f46093ec41851777568aa44c0bb8
#5 CACHED

#6 [3/3] RUN apt-get update &&     apt-get install wget -y &&     wget https://raw.githubusercontent.com/llvm/llvm-project/5feb80e748924606531ba28c97fe65145c65372e/compiler-rt/lib/fuzzer/afl/afl_driver.cpp -O /afl/afl_driver.cpp &&     clang -Wno-pointer-sign -c /afl/llvm_mode/afl-llvm-rt.o.c -I/afl &&     clang++ -stdlib=libc++ -std=c++11 -O2 -c /afl/afl_driver.cpp &&     ar r /libAFL.a *.o
#6 sha256:5b6bab4dc0d47abe87ad7b2226e1cbae1ca895bd11217c499c8144ed7b728f14
#6 CACHED

#8 exporting to image
#8 sha256:e8c613e07b0b7ff33893b694f7759a10d42e180f2b4dc349fb57dc6b71dcab00
#8 exporting layers done
#8 writing image sha256:ac3d1c906f69cd0b5ad5e8e3decea8b6bc276ee80759ecd4e3ff75e2e31cbed3 done
#8 naming to gcr.io/fuzzbench/builders/afl/jsoncpp_json_proto_converter-intermediate done
#8 DONE 0.1s

#9 exporting cache
#9 sha256:2700d4ef94dee473593c5c614b55b2dedcca7893909811a8f2b48291a1f581e4
#9 preparing build cache for export done
#9 DONE 0.0s
------
 > importing cache manifest from gcr.io/fuzzbench/builders/afl/jsoncpp_json_proto_converter-intermediate:
------
#1 [internal] load build definition from Dockerfile
#1 sha256:851d1ef5fb1ac0f0cd7c3c41a7f64be7a7da5eec4cc9e9899f7000f71ae25b56
#1 transferring dockerfile: 2.00kB done
#1 DONE 0.0s

#2 [internal] load .dockerignore
#2 sha256:3641ab31dd88314d915e3b3e10dffe4a3b5d12574bf5d1e93da88a3f8c0c8097
#2 transferring context: 34B done
#2 DONE 0.1s

#3 [internal] load metadata for docker.io/library/ubuntu:xenial
#3 sha256:f62bae18ed588840f045c881b2502661f2a89578a2f8f99b83f5200ee83dd25b
#3 DONE 0.0s

#4 importing cache manifest from gcr.io/fuzzbench/base-image
#4 sha256:9b220ebb4d4daceed1b96df9b6dca076e762f1cd612574f010b82d5b9e5ad896
#4 DONE 0.0s

#5 [1/7] FROM docker.io/library/ubuntu:xenial
#5 sha256:14dd403f25ae9e519bd44f27dc17af7ce80f5a4f9f48ca88108364e67ec5d360
#5 DONE 0.0s

#8 [internal] load build context
#8 sha256:c5273463a6652dc106a3d21d80147992034cb8bdadb2d456e300702de442a551
#8 transferring context: 559B 0.3s done
#8 DONE 0.4s

#11 [6/7] RUN apt-get update -y && apt-get install -y     apt-transport-https     lsb-release
#11 sha256:ec44880f817d6471de24ce3d666b86add26723291c76bce340303c9ef763007e
#11 CACHED

#6 [2/7] RUN apt-get update -y && apt-get install -y     build-essential     rsync     curl     zlib1g-dev     libncurses5-dev     libgdbm-dev     libnss3-dev     libssl-dev     libreadline-dev     libffi-dev     virtualenv     libbz2-dev     liblzma-dev     libsqlite3-dev
#6 sha256:3a1b0960f17eed529eaae93dc8fd3554f2743dd584d8fa569cdbe6bc734371ac
#6 CACHED

#7 [3/7] RUN cd /tmp/ &&     curl -O https://www.python.org/ftp/python/3.8.6/Python-3.8.6.tar.xz &&     tar -xvf Python-3.8.6.tar.xz &&     cd Python-3.8.6 &&     ./configure --enable-loadable-sqlite-extensions --enable-optimizations &&     make -j install &&     rm -r /tmp/Python-3.8.6.tar.xz /tmp/Python-3.8.6
#7 sha256:c5b9d1fb3371e84dbc60b76e7b2f8d5913bc93bcd4910ab65daa03e7b2ec4bb0
#7 CACHED

#9 [4/7] COPY ./requirements.txt /
#9 sha256:7b71c67af207d4bd9b8e4437d1ba73dbbc24b6db8e75be7c72d49c982bdcd10e
#9 CACHED

#10 [5/7] RUN pip3 install -r /requirements.txt
#10 sha256:24706bb5365f43c98004bab892f4d04e0a479ee49e4062393832315aa654ca9e
#10 CACHED

#12 [7/7] RUN CLOUD_SDK_REPO="cloud-sdk-$(lsb_release -c -s)" &&     echo "deb https://packages.cloud.google.com/apt $CLOUD_SDK_REPO main"     | tee -a /etc/apt/sources.list.d/google-cloud-sdk.list &&     curl https://packages.cloud.google.com/apt/doc/apt-key.gpg     | apt-key add - &&     apt-get update -y &&     apt-get install -y google-cloud-sdk
#12 sha256:f40d2678d63f2ceaab0c5c3cb72f9840205784544cfce7abf034aa8bec32056e
#12 CACHED

#13 exporting to image
#13 sha256:e8c613e07b0b7ff33893b694f7759a10d42e180f2b4dc349fb57dc6b71dcab00
#13 exporting layers done
#13 writing image sha256:e1fa3f275ef7ad2553590e7204281a5a2ad685bd7462476fda6757b0aea51a9c 0.0s done
#13 naming to gcr.io/fuzzbench/base-image done
#13 DONE 0.1s

#14 exporting cache
#14 sha256:2700d4ef94dee473593c5c614b55b2dedcca7893909811a8f2b48291a1f581e4
#14 preparing build cache for export done
#14 DONE 0.0s
#1 [internal] load build definition from Dockerfile
#1 sha256:83a24c1c1feb797678ae19c961490f3a6a2ef2e54adfb9e5b79ac1e39a4a9a55
#1 transferring dockerfile: 2.22kB done
#1 DONE 0.1s

#2 [internal] load .dockerignore
#2 sha256:31c94489f40c101d9d4357b2387ec6dbd056df7639d83d0cdf4170b8aceece56
#2 transferring context: 34B done
#2 DONE 0.1s

#7 [base-image 1/1] FROM gcr.io/fuzzbench/base-image
#7 sha256:4d07825694520f8b6f6a0d8592dbd345433361ae044cb7f06706c5a95e3daaad
#7 CACHED

#4 [internal] load metadata for gcr.io/fuzzbench/base-image:latest
#4 sha256:932022888f650cc455b10eb5123bb08c0cccacac29a693e69314abbfd28a72c3
#4 DONE 0.0s

#3 [internal] load metadata for gcr.io/fuzzbench/builders/afl/jsoncpp_json_proto_converter-intermediate:latest
#3 sha256:502bbb9155700ec758df16cc521095a6bcf137dd6ae355cb696959dd1e8d6cc7
#3 DONE 0.0s

#5 importing cache manifest from gcr.io/fuzzbench/builders/afl/jsoncpp_json_proto_converter
#5 sha256:fdbadc7a7ffe85ed74f1fc8a6749b3649b875c3c2e487526df6fdf69e238daf0
#5 ...

#12 [internal] load build context
#12 sha256:6f0b4b07c3f3f82147b3ee826d3e5fdbe842b3e42c9fc20054359dae9d5de4d2
#12 DONE 0.0s

#6 [stage-1  1/13] FROM gcr.io/fuzzbench/builders/afl/jsoncpp_json_proto_converter-intermediate
#6 sha256:972adc4933c03360a1d376212d71aa08ca8d989615ce53ea256072b7a7cb9195
#6 DONE 0.0s

#5 importing cache manifest from gcr.io/fuzzbench/builders/afl/jsoncpp_json_proto_converter
#5 sha256:fdbadc7a7ffe85ed74f1fc8a6749b3649b875c3c2e487526df6fdf69e238daf0
#5 ERROR: gcr.io/fuzzbench/builders/afl/jsoncpp_json_proto_converter:latest: not found

#12 [internal] load build context
#12 sha256:6f0b4b07c3f3f82147b3ee826d3e5fdbe842b3e42c9fc20054359dae9d5de4d2
#12 transferring context: 669.91kB 0.2s done
#12 DONE 0.3s

#11 [stage-1  5/13] COPY --from=base-image /usr/local/lib/python3.8/site-packages /usr/local/lib/python3.8/site-packages
#11 sha256:8a4f97dc2661f608a6c1d842cdcf7115d838a1bd47401901073497452ef3fa29
#11 CACHED

#8 [stage-1  2/13] COPY --from=base-image /usr/local/bin/python3* /usr/local/bin/
#8 sha256:4a90a47e6b20616bf227dc269dd8120263f4ac993e6bf06470e992b4bac82cf7
#8 CACHED

#9 [stage-1  3/13] COPY --from=base-image /usr/local/lib/python3.8 /usr/local/lib/python3.8
#9 sha256:7a254415d3f720873f6e0424630e197a52ec98e97540fb3f6ddd961efe697adf
#9 CACHED

#10 [stage-1  4/13] COPY --from=base-image /usr/local/include/python3.8 /usr/local/include/python3.8
#10 sha256:754558f35bcf1f9e32ca8954173eb9273ffa55a05affec05c8b44d0098bf56a0
#10 CACHED

#13 [stage-1  6/13] COPY fuzzers /src/fuzzers
#13 sha256:e1aa4b475c4e9d9663ec311df6bea43ea0b6eff236bd98c6f1e3f3414364f6a3
#13 CACHED

#14 [stage-1  7/13] RUN touch /src/__init__.py
#14 sha256:df133095024bb0f28de71a158bee95b9a967edc6a3568e82c7f1ecf95c927375
#14 DONE 1.5s

#15 [stage-1  8/13] COPY benchmarks/jsoncpp_json_proto_converter/benchmark.yaml /
#15 sha256:768b7bdc6d585d751e85a26fffafd40d9232c6160611588572db55e6450d3051
#15 DONE 0.1s

#16 [stage-1  9/13] RUN mkdir /opt/fuzzbench/
#16 sha256:e286e66661348541dd772c16fee803bc3eabf5e8b6de69c1508a754e216fdbe8
#16 DONE 1.2s

#17 [stage-1 10/13] COPY docker/benchmark-builder/checkout_commit.py /opt/fuzzbench/
#17 sha256:79c32ffb335fdaefd35c6dcbf6db3030b6211edd21070555d81ab45a5bc6ddc8
#17 DONE 0.1s

#18 [stage-1 11/13] RUN export CHECKOUT_COMMIT=$(cat /benchmark.yaml | tr -d ' ' | grep 'commit:' | cut -d ':' -f2) &&     python3 -u /opt/fuzzbench/checkout_commit.py $CHECKOUT_COMMIT /src
#18 sha256:2fd081344e6dae7444bb421a15f6654a0f9d6d5682eb12b51816ea2a6ac32275
#18 1.317 Checking out commit 84faf557
#18 3.988 From https://github.com/open-source-parsers/jsoncpp
#18 3.989  * [new tag]         1.0.0      -> 1.0.0
#18 3.990  * [new tag]         1.1.0      -> 1.1.0
#18 3.990  * [new tag]         1.2.0      -> 1.2.0
#18 3.991  * [new tag]         1.3.0      -> 1.3.0
#18 3.992  * [new tag]         1.4.0      -> 1.4.0
#18 3.993  * [new tag]         1.4.1      -> 1.4.1
#18 3.994  * [new tag]         1.4.2      -> 1.4.2
#18 3.994  * [new tag]         1.4.3      -> 1.4.3
#18 3.995  * [new tag]         1.4.4      -> 1.4.4
#18 3.996  * [new tag]         1.5.4      -> 1.5.4
#18 3.997  * [new tag]         1.6.0      -> 1.6.0
#18 3.998  * [new tag]         1.6.1      -> 1.6.1
#18 3.999  * [new tag]         1.6.2      -> 1.6.2
#18 4.003  * [new tag]         1.6.5      -> 1.6.5
#18 4.004  * [new tag]         1.7.0      -> 1.7.0
#18 4.005  * [new tag]         1.7.1      -> 1.7.1
#18 4.006  * [new tag]         1.7.2      -> 1.7.2
#18 4.007  * [new tag]         1.7.3      -> 1.7.3
#18 4.008  * [new tag]         1.7.4      -> 1.7.4
#18 4.008  * [new tag]         1.7.5      -> 1.7.5
#18 4.009  * [new tag]         1.7.6      -> 1.7.6
#18 4.010  * [new tag]         1.7.7      -> 1.7.7
#18 4.011  * [new tag]         1.8.0      -> 1.8.0
#18 4.012  * [new tag]         1.8.1      -> 1.8.1
#18 4.013  * [new tag]         1.8.2      -> 1.8.2
#18 4.013  * [new tag]         1.8.3      -> 1.8.3
#18 4.014  * [new tag]         1.8.4      -> 1.8.4
#18 4.015  * [new tag]         1.9.0      -> 1.9.0
#18 4.016  * [new tag]         1.9.1      -> 1.9.1
#18 4.017  * [new tag]         1.9.2      -> 1.9.2
#18 4.018  * [new tag]         1.9.3      -> 1.9.3
#18 4.018  * [new tag]         1.9.4      -> 1.9.4
#18 4.019  * [new tag]         1.9.5      -> 1.9.5
#18 4.020  * [new tag]         svn-import -> svn-import
#18 4.031 error: pathspec '84faf557' did not match any file(s) known to git
#18 4.038 error: pathspec '84faf557' did not match any file(s) known to git
#18 4.051 error: pathspec '84faf557' did not match any file(s) known to git
#18 4.114 error: pathspec '84faf557' did not match any file(s) known to git
#18 4.126 error: pathspec '84faf557' did not match any file(s) known to git
#18 4.140 error: pathspec '84faf557' did not match any file(s) known to git
#18 4.153 error: pathspec '84faf557' did not match any file(s) known to git
#18 4.209 error: pathspec '84faf557' did not match any file(s) known to git
#18 4.354 Checkout unsuccessful.
#18 DONE 4.5s

#19 [stage-1 12/13] RUN echo "#!/bin/bash\nPYTHONPATH=/src python3 -u -c "from fuzzers import utils; utils.initialize_env(); from fuzzers.afl import fuzzer; fuzzer.build()"" > /usr/bin/fuzzer_build &&     chmod +x /usr/bin/fuzzer_build
#19 sha256:3a777e498e4d5877f699174e85e4573fa7423745e7a8a7a6cd91f4b1a21ab684
#19 DONE 1.3s

#20 [stage-1 13/13] RUN echo "Run fuzzer_build to build the target" && if [ -z "$debug_builder" ] ; then fuzzer_build; fi
#20 sha256:247202a398c9ecd329b1c6acd82c5013f64a39aca5c1c6b8e86fb6fac546079b
#20 1.028 Run fuzzer_build to build the target
#20 1.270 FUZZ_TARGET = json_proto_converter
#20 1.270 CFLAGS = -DFUZZING_BUILD_MODE_UNSAFE_FOR_PRODUCTION -pthread -Wl,--no-as-needed -Wl,-ldl -Wl,-lm -Wno-unused-command-line-argument -O3
#20 1.270 CXXFLAGS = -DFUZZING_BUILD_MODE_UNSAFE_FOR_PRODUCTION -pthread -Wl,--no-as-needed -Wl,-ldl -Wl,-lm -Wno-unused-command-line-argument -stdlib=libc++ -O3
#20 1.281 Building benchmark jsoncpp_json_proto_converter with fuzzer afl
#20 1.285 + mkdir -p build
#20 1.290 + cd build
#20 1.290 + cmake -DCMAKE_CXX_COMPILER=clang++ '-DCMAKE_CXX_FLAGS=-DFUZZING_BUILD_MODE_UNSAFE_FOR_PRODUCTION -pthread -Wl,--no-as-needed -Wl,-ldl -Wl,-lm -Wno-unused-command-line-argument -stdlib=libc++ -O3 -fsanitize-coverage=trace-pc-guard' -DBUILD_SHARED_LIBS=OFF -G 'Unix Makefiles' ..
#20 1.834 -- The CXX compiler identification is Clang 14.0.0
#20 1.861 -- Detecting CXX compiler ABI info
#20 2.293 -- Detecting CXX compiler ABI info - done
#20 2.431 -- Check for working CXX compiler: /usr/local/bin/clang++ - skipped
#20 2.432 -- Detecting CXX compile features
#20 2.435 -- Detecting CXX compile features - done
#20 2.437 -- JsonCpp Version: 1.9.5
#20 2.497 -- Looking for C++ include clocale
#20 2.987 -- Looking for C++ include clocale - found
#20 2.988 -- Looking for localeconv
#20 3.438 -- Looking for localeconv - found
#20 3.439 -- Looking for C++ include sys/types.h
#20 3.916 -- Looking for C++ include sys/types.h - found
#20 3.917 -- Looking for C++ include stdint.h
#20 4.371 -- Looking for C++ include stdint.h - found
#20 4.373 -- Looking for C++ include stddef.h
#20 4.846 -- Looking for C++ include stddef.h - found
#20 4.847 -- Check size of lconv
#20 5.433 -- Check size of lconv - done
#20 5.435 -- Performing Test HAVE_DECIMAL_POINT
#20 5.872 -- Performing Test HAVE_DECIMAL_POINT - Success
#20 6.796 -- Found Python3: /usr/local/bin/python3.8 (found version "3.8.6") found components: Interpreter 
#20 6.803 -- Configuring done
#20 6.902 -- Generating done
#20 6.917 -- Build files have been written to: /src/jsoncpp/build
#20 6.923 + make
#20 6.978 [  7%] Building CXX object src/lib_json/CMakeFiles/jsoncpp_static.dir/json_reader.cpp.o
#20 17.97 [ 15%] Building CXX object src/lib_json/CMakeFiles/jsoncpp_static.dir/json_value.cpp.o
#20 25.67 [ 23%] Building CXX object src/lib_json/CMakeFiles/jsoncpp_static.dir/json_writer.cpp.o
#20 32.16 [ 30%] Linking CXX static library ../../lib/libjsoncpp.a
#20 32.21 [ 30%] Built target jsoncpp_static
#20 32.25 [ 38%] Building CXX object src/lib_json/CMakeFiles/jsoncpp_object.dir/json_reader.cpp.o
#20 43.38 [ 46%] Building CXX object src/lib_json/CMakeFiles/jsoncpp_object.dir/json_value.cpp.o
#20 51.01 [ 53%] Building CXX object src/lib_json/CMakeFiles/jsoncpp_object.dir/json_writer.cpp.o
#20 57.39 [ 53%] Built target jsoncpp_object
#20 57.43 [ 61%] Building CXX object src/jsontestrunner/CMakeFiles/jsontestrunner_exe.dir/main.cpp.o
#20 62.51 [ 69%] Linking CXX executable ../../bin/jsontestrunner_exe
#20 63.15 [ 69%] Built target jsontestrunner_exe
#20 63.18 [ 76%] Building CXX object src/test_lib_json/CMakeFiles/jsoncpp_test.dir/jsontest.cpp.o
#20 69.62 [ 84%] Building CXX object src/test_lib_json/CMakeFiles/jsoncpp_test.dir/fuzz.cpp.o
#20 72.38 [ 92%] Building CXX object src/test_lib_json/CMakeFiles/jsoncpp_test.dir/main.cpp.o
#20 97.95 [100%] Linking CXX executable ../../bin/jsoncpp_test
#20 98.72 Testing ValueTest/checkNormalizeFloatingPointStr: OK
#20 98.72 Testing ValueTest/memberCount: OK
#20 98.72 Testing ValueTest/objects: OK
#20 98.72 Testing ValueTest/arrays: OK
#20 98.72 Testing ValueTest/resizeArray: OK
#20 98.72 Testing ValueTest/resizePopulatesAllMissingElements: OK
#20 98.72 Testing ValueTest/getArrayValue: OK
#20 98.72 Testing ValueTest/arrayIssue252: OK
#20 98.72 Testing ValueTest/arrayInsertAtRandomIndex: OK
#20 98.72 Testing ValueTest/null: OK
#20 98.72 Testing ValueTest/strings: OK
#20 98.72 Testing ValueTest/bools: OK
#20 98.72 Testing ValueTest/integers: OK
#20 98.72 Testing ValueTest/nonIntegers: OK
#20 98.72 Testing ValueTest/compareNull: OK
#20 98.72 Testing ValueTest/compareInt: OK
#20 98.72 Testing ValueTest/compareUInt: OK
#20 98.72 Testing ValueTest/compareDouble: OK
#20 98.72 Testing ValueTest/compareString: OK
#20 98.72 Testing ValueTest/compareBoolean: OK
#20 98.72 Testing ValueTest/compareArray: OK
#20 98.72 Testing ValueTest/compareObject: OK
#20 98.72 Testing ValueTest/compareType: OK
#20 98.72 Testing ValueTest/CopyObject: OK
#20 98.72 Testing ValueTest/typeChecksThrowExceptions: OK
#20 98.72 Testing ValueTest/offsetAccessors: OK
#20 98.72 Testing ValueTest/StaticString: OK
#20 98.72 Testing ValueTest/WideString: OK
#20 98.73 Testing ValueTest/CommentBefore: OK
#20 98.73 Testing ValueTest/zeroes: OK
#20 98.73 Testing ValueTest/zeroesInKeys: OK
#20 98.73 Testing ValueTest/specialFloats: OK
#20 98.73 Testing ValueTest/precision: OK
#20 98.73 Testing ValueTest/searchValueByPath: OK
#20 98.73 Testing FastWriterTest/dropNullPlaceholders: OK
#20 98.73 Testing FastWriterTest/enableYAMLCompatibility: OK
#20 98.73 Testing FastWriterTest/omitEndingLineFeed: OK
#20 98.73 Testing FastWriterTest/writeNumericValue: OK
#20 98.73 Testing FastWriterTest/writeArrays: OK
#20 98.73 Testing FastWriterTest/writeNestedObjects: OK
#20 98.73 Testing StyledWriterTest/writeNumericValue: OK
#20 98.73 Testing StyledWriterTest/writeArrays: OK
#20 98.73 Testing StyledWriterTest/writeNestedObjects: OK
#20 98.73 Testing StyledWriterTest/multiLineArray: OK
#20 98.73 Testing StyledWriterTest/writeValueWithComment: OK
#20 98.73 Testing StyledStreamWriterTest/writeNumericValue: OK
#20 98.73 Testing StyledStreamWriterTest/writeArrays: OK
#20 98.73 Testing StyledStreamWriterTest/writeNestedObjects: OK
#20 98.73 Testing StyledStreamWriterTest/multiLineArray: OK
#20 98.73 Testing StyledStreamWriterTest/writeValueWithComment: OK
#20 98.73 Testing StreamWriterTest/writeNumericValue: OK
#20 98.73 Testing StreamWriterTest/writeArrays: OK
#20 98.73 Testing StreamWriterTest/writeNestedObjects: OK
#20 98.73 Testing StreamWriterTest/multiLineArray: OK
#20 98.73 Testing StreamWriterTest/dropNullPlaceholders: OK
#20 98.73 Testing StreamWriterTest/enableYAMLCompatibility: OK
#20 98.73 Testing StreamWriterTest/indentation: OK
#20 98.73 Testing StreamWriterTest/writeZeroes: OK
#20 98.73 Testing StreamWriterTest/unicode: OK
#20 98.73 Testing StreamWriterTest/escapeControlCharacters: OK
#20 98.73 Testing ReaderTest/parseWithNoErrors: OK
#20 98.73 Testing ReaderTest/parseObject: OK
#20 98.73 Testing ReaderTest/parseArray: OK
#20 98.73 Testing ReaderTest/parseString: OK
#20 98.73 Testing ReaderTest/parseComment: OK
#20 98.73 Testing ReaderTest/streamParseWithNoErrors: OK
#20 98.73 Testing ReaderTest/parseWithNoErrorsTestingOffsets: OK
#20 98.73 Testing ReaderTest/parseWithOneError: OK
#20 98.73 Testing ReaderTest/parseSpecialFloat: OK
#20 98.73 Testing ReaderTest/strictModeParseNumber: OK
#20 98.73 Testing ReaderTest/parseChineseWithOneError: OK
#20 98.73 Testing ReaderTest/parseWithDetailError: OK
#20 98.73 Testing ReaderTest/pushErrorTest: OK
#20 98.73 Testing ReaderTest/allowNumericKeysTest: OK
#20 98.73 Testing CharReaderTest/parseWithNoErrors: OK
#20 98.73 Testing CharReaderTest/parseWithNoErrorsTestingOffsets: OK
#20 98.73 Testing CharReaderTest/parseNumber: OK
#20 98.73 Testing CharReaderTest/parseString: OK
#20 98.74 Testing CharReaderTest/parseComment: OK
#20 98.74 Testing CharReaderTest/parseObjectWithErrors: OK
#20 98.74 Testing CharReaderTest/parseArrayWithErrors: OK
#20 98.74 Testing CharReaderTest/parseWithOneError: OK
#20 98.74 Testing CharReaderTest/parseChineseWithOneError: OK
#20 98.74 Testing CharReaderTest/parseWithDetailError: OK
#20 98.74 Testing CharReaderTest/parseWithStackLimit: OK
#20 98.74 Testing CharReaderTest/testOperator: OK
#20 98.74 Testing CharReaderStrictModeTest/dupKeys: OK
#20 98.74 Testing CharReaderFailIfExtraTest/issue164: OK
#20 98.74 Testing CharReaderFailIfExtraTest/issue107: OK
#20 98.74 Testing CharReaderFailIfExtraTest/commentAfterObject: OK
#20 98.74 Testing CharReaderFailIfExtraTest/commentAfterArray: OK
#20 98.74 Testing CharReaderFailIfExtraTest/commentAfterBool: OK
#20 98.74 Testing CharReaderFailIfExtraTest/parseComment: OK
#20 98.74 Testing CharReaderAllowDropNullTest/issue178: OK
#20 98.74 Testing CharReaderAllowNumericKeysTest/allowNumericKeys: OK
#20 98.74 Testing CharReaderAllowSingleQuotesTest/issue182: OK
#20 98.74 Testing CharReaderAllowZeroesTest/issue176: OK
#20 98.74 Testing CharReaderAllowSpecialFloatsTest/specialFloat: OK
#20 98.74 Testing CharReaderAllowSpecialFloatsTest/issue209: OK
#20 98.74 Testing EscapeSequenceTest/readerParseEscapeSequence: OK
#20 98.74 Testing EscapeSequenceTest/charReaderParseEscapeSequence: OK
#20 98.74 Testing EscapeSequenceTest/writeEscapeSequence: OK
#20 98.74 Testing BuilderTest/settings: OK
#20 98.74 Testing BomTest/skipBom: OK
#20 98.74 Testing BomTest/notSkipBom: OK
#20 98.74 Testing IteratorTest/convert: OK
#20 98.74 Testing IteratorTest/decrement: OK
#20 98.74 Testing IteratorTest/reverseIterator: OK
#20 98.74 Testing IteratorTest/distance: OK
#20 98.74 Testing IteratorTest/nullValues: OK
#20 98.74 Testing IteratorTest/staticStringKey: OK
#20 98.74 Testing IteratorTest/names: OK
#20 98.74 Testing IteratorTest/indexes: OK
#20 98.74 Testing IteratorTest/constness: OK
#20 98.74 Testing RValueTest/moveConstruction: OK
#20 98.74 Testing FuzzTest/fuzzDoesntCrash: OK
#20 98.74 Testing MemberTemplateAs/BehavesSameAsNamedAs: OK
#20 98.74 Testing MemberTemplateIs/BehavesSameAsNamedIs: OK
#20 98.74 Testing VersionTest/VersionNumbersMatch: OK
#20 98.74 All 119 tests passed
#20 98.75 [100%] Built target jsoncpp_test
#20 98.75 + clang++ -DFUZZING_BUILD_MODE_UNSAFE_FOR_PRODUCTION -pthread -Wl,--no-as-needed -Wl,-ldl -Wl,-lm -Wno-unused-command-line-argument -stdlib=libc++ -O3 -fsanitize-coverage=trace-pc-guard -I../include /libAFL.a ../src/test_lib_json/fuzz.cpp -o /out/jsoncpp_fuzzer lib/libjsoncpp.a
#20 102.2 + cp /src/jsoncpp/src/test_lib_json/fuzz.dict /out/jsoncpp_fuzzer.dict
#20 102.2 + [[ -DFUZZING_BUILD_MODE_UNSAFE_FOR_PRODUCTION -pthread -Wl,--no-as-needed -Wl,-ldl -Wl,-lm -Wno-unused-command-line-argument -O3 -fsanitize-coverage=trace-pc-guard != *sanitize=memory* ]]
#20 102.2 + rm -rf genfiles
#20 102.2 + mkdir genfiles
#20 102.2 + ../LPM/external.protobuf/bin/protoc json.proto --cpp_out=genfiles --proto_path=/src
#20 102.2 + clang++ -DFUZZING_BUILD_MODE_UNSAFE_FOR_PRODUCTION -pthread -Wl,--no-as-needed -Wl,-ldl -Wl,-lm -Wno-unused-command-line-argument -stdlib=libc++ -O3 -fsanitize-coverage=trace-pc-guard -I genfiles -I .. -I ../libprotobuf-mutator/ -I ../LPM/external.protobuf/include -I ../include /libAFL.a /src/jsoncpp_fuzz_proto.cc genfiles/json.pb.cc /src/json_proto_converter.cc ../LPM/src/libfuzzer/libprotobuf-mutator-libfuzzer.a ../LPM/src/libprotobuf-mutator.a ../LPM/external.protobuf/lib/libprotobuf.a -o /out/jsoncpp_proto_fuzzer lib/libjsoncpp.a
#20 123.0 [post_build] Copying afl-fuzz to $OUT directory
#20 DONE 123.2s

#21 exporting to image
#21 sha256:e8c613e07b0b7ff33893b694f7759a10d42e180f2b4dc349fb57dc6b71dcab00
#21 exporting layers done
#21 writing image sha256:2116be21b4a90daa996b9b6b2655b4d12ef862808a7a4356cd06ebcf391b902d
#21 writing image sha256:2116be21b4a90daa996b9b6b2655b4d12ef862808a7a4356cd06ebcf391b902d done
#21 naming to gcr.io/fuzzbench/builders/afl/jsoncpp_json_proto_converter done
#21 DONE 0.1s

#22 exporting cache
#22 sha256:2700d4ef94dee473593c5c614b55b2dedcca7893909811a8f2b48291a1f581e4
#22 preparing build cache for export done
#22 DONE 0.0s
------
 > importing cache manifest from gcr.io/fuzzbench/builders/afl/jsoncpp_json_proto_converter:
------
#1 [internal] load build definition from runner.Dockerfile
#1 sha256:f98fad5afeaafa6262055d3278285eeee98567cf69589600b45a8e6a02ac9245
#1 transferring dockerfile: 656B done
#1 DONE 0.1s

#2 [internal] load .dockerignore
#2 sha256:8e66f62e9841d4754797b7dc73abd58500439fcca5fae353cfde2d689a285c9e
#2 transferring context: 2B 0.0s done
#2 DONE 0.0s

#4 [base-image 1/1] FROM gcr.io/fuzzbench/base-image
#4 sha256:4d07825694520f8b6f6a0d8592dbd345433361ae044cb7f06706c5a95e3daaad
#4 CACHED

#3 [internal] load metadata for gcr.io/fuzzbench/base-image:latest
#3 sha256:932022888f650cc455b10eb5123bb08c0cccacac29a693e69314abbfd28a72c3
#3 DONE 0.0s

#6 exporting to image
#6 sha256:e8c613e07b0b7ff33893b694f7759a10d42e180f2b4dc349fb57dc6b71dcab00
#6 exporting layers done
#6 writing image sha256:0be13cc299ea0e54ec5de825181e3bed3eb180c53e5a326522f59bc9b5a62000 done
#6 naming to gcr.io/fuzzbench/runners/afl/jsoncpp_json_proto_converter-intermediate done
#6 DONE 0.0s

#7 exporting cache
#7 sha256:2700d4ef94dee473593c5c614b55b2dedcca7893909811a8f2b48291a1f581e4
#7 preparing build cache for export done
#7 DONE 0.0s

#5 importing cache manifest from gcr.io/fuzzbench/runners/afl/jsoncpp_json_proto_converter-intermediate
#5 sha256:08a1b89e7837966ed0e73d99c7877d55c6985a348cce2960878de7937e2e11ad
#5 ERROR: gcr.io/fuzzbench/runners/afl/jsoncpp_json_proto_converter-intermediate:latest: not found
------
 > importing cache manifest from gcr.io/fuzzbench/runners/afl/jsoncpp_json_proto_converter-intermediate:
------
#1 [internal] load build definition from Dockerfile
#1 sha256:88df2a81dc48a7516cc9342750b938a96bd76809883a1053ef2e8e6b04539d49
#1 transferring dockerfile: 3.17kB done
#1 DONE 0.0s

#2 [internal] load .dockerignore
#2 sha256:11f708e198ef4fd9dbc06b386d4c7da57b92c1dd5111e6192e518a328f4920bc
#2 transferring context: 34B done
#2 DONE 0.0s

#3 [internal] load metadata for gcr.io/fuzzbench/builders/afl/jsoncpp_json_proto_converter:latest
#3 sha256:b46a96ca6536b10ae827885adb536058f4e719e33fe2d60fb62104495870257c
#3 DONE 0.0s

#4 [internal] load metadata for gcr.io/fuzzbench/runners/afl/jsoncpp_json_proto_converter-intermediate:latest
#4 sha256:3c7983ccf8bbd30a246452d9ec20cb568e9fe80105915bdabbc1b72913df3d64
#4 DONE 0.0s

#12 [internal] load build context
#12 sha256:3fc5c0c7ceaa4373ff7fda8ed004bc7f839b0ef09aa955e82006a97843bbe3f3
#12 DONE 0.0s

#6 [stage-1  1/13] FROM gcr.io/fuzzbench/runners/afl/jsoncpp_json_proto_converter-intermediate
#6 sha256:27390910b0646549ff82626289c084372b164bb7b8a7735dfd3119e7dcd66f87
#6 DONE 0.0s

#10 [builder 1/1] FROM gcr.io/fuzzbench/builders/afl/jsoncpp_json_proto_converter
#10 sha256:19d0e5dbc92d308b9b6d0fe8d6e6f669471af2473e4bd1a6fb6bb9e2f0f84c32
#10 DONE 0.0s

#5 importing cache manifest from gcr.io/fuzzbench/runners/afl/jsoncpp_json_proto_converter
#5 sha256:9956f4524d517b16da15180dc6ca04fdbdade32c015c9c1d072a78d1bdd5779a
#5 ERROR: gcr.io/fuzzbench/runners/afl/jsoncpp_json_proto_converter:latest: not found

#12 [internal] load build context
#12 sha256:3fc5c0c7ceaa4373ff7fda8ed004bc7f839b0ef09aa955e82006a97843bbe3f3
#12 ...

#10 [builder 1/1] FROM gcr.io/fuzzbench/builders/afl/jsoncpp_json_proto_converter
#10 sha256:19d0e5dbc92d308b9b6d0fe8d6e6f669471af2473e4bd1a6fb6bb9e2f0f84c32
#10 DONE 1.6s

#12 [internal] load build context
#12 sha256:3fc5c0c7ceaa4373ff7fda8ed004bc7f839b0ef09aa955e82006a97843bbe3f3
#12 transferring context: 19.01MB 1.6s done
#12 DONE 1.7s

#7 [stage-1  2/13] RUN apt-get update -y && apt-get install -y     libglib2.0-0     libxml2     libarchive13     libgss3
#7 sha256:f6493e5ff8cc31199c5513c5d08fa1b104f7b993dc0ee482dda304e1ac011f5c
#7 CACHED

#8 [stage-1  3/13] RUN mkdir -p /out
#8 sha256:ec075e33d61a44780eda1067bf2a5a857dbfe084f38a82ea2232b14c3b579234
#8 CACHED

#9 [stage-1  4/13] WORKDIR /out
#9 sha256:5d981cb1b17bcf563835feb62f1ff4a701454280bc24f36a378821774e613d6b
#9 CACHED

#11 [stage-1  5/13] COPY --from=builder /out/ ./
#11 sha256:7257fba68f9e14a96d06fa7cad41199087e16911e78fa4b45b2af63ee251c4af
#11 CACHED

#13 [stage-1  6/13] COPY benchmarks /src/benchmarks
#13 sha256:47e731d29e45a350469e55e0aadcfde89f9860b1bb13ea973d4700c363845d81
#13 DONE 1.5s

#14 [stage-1  7/13] COPY fuzzers /src/fuzzers
#14 sha256:013f6e2d93e768484e3178e6a0fc593d705ab8d483be4dc060d870ba5949ffa3
#14 DONE 0.4s

#15 [stage-1  8/13] RUN touch __init__.py
#15 sha256:58677962722c0f7c6499f161d0184797e377593e093270708f68815522d63a38
#15 DONE 1.3s

#16 [stage-1  9/13] RUN mkdir -p /out/seeds /out/corpus
#16 sha256:6720d1983bb2c3dca6e4567863fbe7415e4707d818c1e538473b074f45320cdf
#16 DONE 1.6s

#17 [stage-1 10/13] COPY common /src/common
#17 sha256:c20da8b059c2a8be0ba51ee51b9e95dcd87c77067825e63718d30dd2a1b71ea9
#17 DONE 0.3s

#18 [stage-1 11/13] COPY experiment/runner.py /src/experiment/runner.py
#18 sha256:873675070ad1fc3c24bedd2c689933f348da9056d46791f254e778a2cd0e8548
#18 DONE 0.3s

#19 [stage-1 12/13] COPY docker/benchmark-runner /src/docker/benchmark-runner
#19 sha256:d305b9b074f6575bf23271b14cc91276fcaa7c8200c3da325156e7104ae8a600
#19 DONE 0.2s

#20 [stage-1 13/13] RUN chmod +x /src/docker/benchmark-runner/startup-runner.sh
#20 sha256:35515238edb187491a86195b69399f4d65414245fa10cccf32f2eb6e49cc43a1
#20 DONE 1.7s

#21 exporting to image
#21 sha256:e8c613e07b0b7ff33893b694f7759a10d42e180f2b4dc349fb57dc6b71dcab00
#21 exporting layers done
#21 writing image sha256:719aafa0356c2eb74045fd18d4bc896c25713e5759846e94090fce899e8ff449 done
#21 naming to gcr.io/fuzzbench/runners/afl/jsoncpp_json_proto_converter done
#21 DONE 0.0s

#22 exporting cache
#22 sha256:2700d4ef94dee473593c5c614b55b2dedcca7893909811a8f2b48291a1f581e4
#22 preparing build cache for export done
#22 DONE 0.0s
------
 > importing cache manifest from gcr.io/fuzzbench/runners/afl/jsoncpp_json_proto_converter:
------
INFO:root:Doing trial as part of experiment.
INFO:root:Starting trial.
ERROR:root:Fuzz target binary not found.
INFO:root:Doing final sync.
ERROR:root:Call to <function get_stats at 0x7fb3814f0ee0> failed. Extras: {'traceback': 'Traceback (most recent call last):\n  File "/src/experiment/runner.py", line 374, in record_stats\n    stats_json_str = fuzzer_module_get_stats(output_corpus,\n  File "/src/fuzzers/afl/fuzzer.py", line 51, in get_stats\n    with open(stats_file) as file_handle:\nFileNotFoundError: [Errno 2] No such file or directory: \'/out/corpus/fuzzer_stats\'\n'}
/bin/sh: 1: source: not found
#1 [internal] load build definition from Dockerfile
#1 sha256:a2a504ce7a33a7bb13176d7e3453205ef033a05b5e097d4f4b6dc8dc394220af
#1 transferring dockerfile: 32B done
#1 DONE 0.0s

#2 [internal] load .dockerignore
#2 sha256:e2cd164cd2f27c1bd5f5997926a7849323d47ee9b9dbdcfeff982d1a474f050c
#2 transferring context: 2B done
#2 DONE 0.0s

#3 [internal] load metadata for gcr.io/oss-fuzz-base/base-builder:latest
#3 sha256:f10dc39cc9d418a5bc416dead31a1902b6821fdae909cd3b08f7a3fd1faba7b5
#3 DONE 0.4s

#4 [1/7] FROM gcr.io/oss-fuzz-base/base-builder@sha256:112044a9815d235113677d459cf2ece740a51f2b85081c8f66943dcdc72ddf7f
#4 sha256:4aee4bf9f7280ac8b7f02b8d29e6e084dd034d2c294b4e3e05d8ce7048a1450f
#4 DONE 0.0s

#12 importing cache manifest from gcr.io/fuzzbench/builders/benchmark/jsoncpp_json_proto_converter
#12 sha256:9abbae859ada7bb35471ab178fa8d91d31bd29ff7ae69e78fd0680dc08e23d27
#12 DONE 0.0s

#10 [internal] load build context
#10 sha256:dfc8b681ea7b028939917db1b5d02ea7ebc0d230ba2e0ae20ef44459172ef8a9
#10 transferring context: 186B done
#10 DONE 0.0s

#8 [5/7] RUN git clone --depth 1 https://github.com/google/libprotobuf-mutator.git
#8 sha256:fdd75f8b520314a69fa0cd4730e8d9b5045e6881cd6301f0f398495c7d3bbcc9
#8 CACHED

#7 [4/7] WORKDIR jsoncpp
#7 sha256:b836ad85ab3ca98749054787ac991206c2eae20ace0dc8dbffd6493afc451ae8
#7 CACHED

#6 [3/7] RUN git clone --depth 1 https://github.com/open-source-parsers/jsoncpp
#6 sha256:11565df669197e7e0b15ea56d81c08de6ef819a247eece3a2d409323a620deda
#6 CACHED

#5 [2/7] RUN apt-get update -y && apt-get install -y curl wget     binutils cmake ninja-build liblzma-dev libz-dev pkg-config autoconf libtool
#5 sha256:2227ad69c22e20c5eb3e7a1167346cff9688f6d2fc262c140f4ffc66ac7a407f
#5 CACHED

#9 [6/7] RUN (mkdir LPM && cd LPM && cmake ../libprotobuf-mutator -GNinja -DLIB_PROTO_MUTATOR_DOWNLOAD_PROTOBUF=ON -DLIB_PROTO_MUTATOR_TESTING=OFF -DCMAKE_BUILD_TYPE=Release && ninja)
#9 sha256:f95fc51344b5b09afb951403177c041f561c9cbadcd1c6e31703cd8cf88eb806
#9 CACHED

#11 [7/7] COPY build.sh *.proto *.h *.cc /src/
#11 sha256:250672048a0aded0676d6560b61299f5c722ed273ed5bcdbd66b26d834f665a4
#11 CACHED

#13 exporting to image
#13 sha256:e8c613e07b0b7ff33893b694f7759a10d42e180f2b4dc349fb57dc6b71dcab00
#13 exporting layers done
#13 writing image sha256:7a6a2a46ee7c02a5663896ccc36ff756744f26f7d5867c45fea550a29578c195
#13 writing image sha256:7a6a2a46ee7c02a5663896ccc36ff756744f26f7d5867c45fea550a29578c195 done
#13 naming to gcr.io/fuzzbench/builders/benchmark/jsoncpp_json_proto_converter done
#13 DONE 0.1s

#14 exporting cache
#14 sha256:2700d4ef94dee473593c5c614b55b2dedcca7893909811a8f2b48291a1f581e4
#14 preparing build cache for export done
#14 DONE 0.0s
#1 [internal] load build definition from builder.Dockerfile
#1 sha256:4174db8a260a846867f06fbbbb1ed3928f64319e6108d9989b120f6cda1c64e7
#1 transferring dockerfile: 1.35kB done
#1 DONE 0.0s

#2 [internal] load .dockerignore
#2 sha256:89e4b98d5ec88428efc6a9623282f9a3f231e76f2a33ac95119e8b88f6e71d8b
#2 transferring context: 2B done
#2 DONE 0.0s

#3 [internal] load metadata for gcr.io/fuzzbench/builders/benchmark/jsoncpp_json_proto_converter:latest
#3 sha256:4276b096fa484530916537902334f90a1514c3b307e0e72ec5758a707fc2263c
#3 DONE 0.0s

#7 [1/3] FROM gcr.io/fuzzbench/builders/benchmark/jsoncpp_json_proto_converter
#7 sha256:20d8b6b3cfcb463fb3647ad0a18dfbed3f49d09fe0d2e427ed7c0f2fdc10519d
#7 DONE 0.0s

#4 importing cache manifest from gcr.io/fuzzbench/builders/afl/jsoncpp_json_proto_converter-intermediate
#4 sha256:68fa25b5d5681e5eb14511e09c6640a5686fa56593a435470c34f0f57929e2b6
#4 DONE 0.0s

#5 [2/3] RUN git clone https://github.com/google/AFL.git /afl &&     cd /afl &&     git checkout 61037103ae3722c8060ff7082994836a794f978e &&     AFL_NO_X86=1 make
#5 sha256:d595b4cca4a04e5d9f195691f60392b614d7f46093ec41851777568aa44c0bb8
#5 CACHED

#6 [3/3] RUN apt-get update &&     apt-get install wget -y &&     wget https://raw.githubusercontent.com/llvm/llvm-project/5feb80e748924606531ba28c97fe65145c65372e/compiler-rt/lib/fuzzer/afl/afl_driver.cpp -O /afl/afl_driver.cpp &&     clang -Wno-pointer-sign -c /afl/llvm_mode/afl-llvm-rt.o.c -I/afl &&     clang++ -stdlib=libc++ -std=c++11 -O2 -c /afl/afl_driver.cpp &&     ar r /libAFL.a *.o
#6 sha256:5b6bab4dc0d47abe87ad7b2226e1cbae1ca895bd11217c499c8144ed7b728f14
#6 CACHED

#8 exporting to image
#8 sha256:e8c613e07b0b7ff33893b694f7759a10d42e180f2b4dc349fb57dc6b71dcab00
#8 exporting layers done
#8 writing image sha256:ac3d1c906f69cd0b5ad5e8e3decea8b6bc276ee80759ecd4e3ff75e2e31cbed3 done
#8 naming to gcr.io/fuzzbench/builders/afl/jsoncpp_json_proto_converter-intermediate done
#8 DONE 0.1s

#9 exporting cache
#9 sha256:2700d4ef94dee473593c5c614b55b2dedcca7893909811a8f2b48291a1f581e4
#9 preparing build cache for export done
#9 DONE 0.0s
#1 [internal] load build definition from Dockerfile
#1 sha256:26f93f98cd45b010a4316a03887739e81f65b8b067473f4e1a25942687be343a
#1 transferring dockerfile: 2.00kB done
#1 DONE 0.1s

#2 [internal] load .dockerignore
#2 sha256:0ef688dadfa96e9774758aa5b3e072023aa8cf1d7c3da8a3fa1f4cff0a9accf2
#2 transferring context: 34B done
#2 DONE 0.1s

#3 [internal] load metadata for docker.io/library/ubuntu:xenial
#3 sha256:f62bae18ed588840f045c881b2502661f2a89578a2f8f99b83f5200ee83dd25b
#3 DONE 0.0s

#4 [1/7] FROM docker.io/library/ubuntu:xenial
#4 sha256:14dd403f25ae9e519bd44f27dc17af7ce80f5a4f9f48ca88108364e67ec5d360
#4 DONE 0.0s

#12 importing cache manifest from gcr.io/fuzzbench/base-image
#12 sha256:9b220ebb4d4daceed1b96df9b6dca076e762f1cd612574f010b82d5b9e5ad896
#12 DONE 0.0s

#7 [internal] load build context
#7 sha256:4b3df177bca91be2c0af7b6a91bda0403e5d59ff04131b1e795b517150ab8d0e
#7 transferring context: 559B 0.3s done
#7 DONE 0.4s

#8 [4/7] COPY ./requirements.txt /
#8 sha256:acdcec5da3d9fa7a7e76ac04442d5fd1d624a8cecba185d5d3b7269b8c13ddd4
#8 CACHED

#9 [5/7] RUN pip3 install -r /requirements.txt
#9 sha256:9130b1b090ceeb56ab6741356afa224fd6038a2b88261dbef6823a0d3b3983da
#9 CACHED

#10 [6/7] RUN apt-get update -y && apt-get install -y     apt-transport-https     lsb-release
#10 sha256:d424f35f91a746f3f2409b35392c25f5af17bc9b56adfc0e8e1be35a912267e7
#10 CACHED

#5 [2/7] RUN apt-get update -y && apt-get install -y     build-essential     rsync     curl     zlib1g-dev     libncurses5-dev     libgdbm-dev     libnss3-dev     libssl-dev     libreadline-dev     libffi-dev     virtualenv     libbz2-dev     liblzma-dev     libsqlite3-dev
#5 sha256:3a1b0960f17eed529eaae93dc8fd3554f2743dd584d8fa569cdbe6bc734371ac
#5 CACHED

#6 [3/7] RUN cd /tmp/ &&     curl -O https://www.python.org/ftp/python/3.8.6/Python-3.8.6.tar.xz &&     tar -xvf Python-3.8.6.tar.xz &&     cd Python-3.8.6 &&     ./configure --enable-loadable-sqlite-extensions --enable-optimizations &&     make -j install &&     rm -r /tmp/Python-3.8.6.tar.xz /tmp/Python-3.8.6
#6 sha256:c5b9d1fb3371e84dbc60b76e7b2f8d5913bc93bcd4910ab65daa03e7b2ec4bb0
#6 CACHED

#11 [7/7] RUN CLOUD_SDK_REPO="cloud-sdk-$(lsb_release -c -s)" &&     echo "deb https://packages.cloud.google.com/apt $CLOUD_SDK_REPO main"     | tee -a /etc/apt/sources.list.d/google-cloud-sdk.list &&     curl https://packages.cloud.google.com/apt/doc/apt-key.gpg     | apt-key add - &&     apt-get update -y &&     apt-get install -y google-cloud-sdk
#11 sha256:4ec09fb2495506865c498d45a5bb17634f20d8de18573add3c089753468b2dc8
#11 CACHED

#13 exporting to image
#13 sha256:e8c613e07b0b7ff33893b694f7759a10d42e180f2b4dc349fb57dc6b71dcab00
#13 exporting layers done
#13 writing image sha256:e1fa3f275ef7ad2553590e7204281a5a2ad685bd7462476fda6757b0aea51a9c
#13 writing image sha256:e1fa3f275ef7ad2553590e7204281a5a2ad685bd7462476fda6757b0aea51a9c 0.0s done
#13 naming to gcr.io/fuzzbench/base-image done
#13 DONE 0.0s

#14 exporting cache
#14 sha256:2700d4ef94dee473593c5c614b55b2dedcca7893909811a8f2b48291a1f581e4
#14 preparing build cache for export done
#14 DONE 0.0s
#1 [internal] load build definition from Dockerfile
#1 sha256:f502c3abe719d5a7e466acd16a8df604132b23ced5e467452ba705fb33fbf482
#1 transferring dockerfile: 2.22kB done
#1 DONE 0.0s

#2 [internal] load .dockerignore
#2 sha256:740b2e4c860a49eb118b007ff7e0f00fcdbf256b82fddb255a36e25f1400c1da
#2 transferring context: 34B done
#2 DONE 0.0s

#3 [internal] load metadata for gcr.io/fuzzbench/base-image:latest
#3 sha256:932022888f650cc455b10eb5123bb08c0cccacac29a693e69314abbfd28a72c3
#3 DONE 0.0s

#5 [base-image 1/1] FROM gcr.io/fuzzbench/base-image
#5 sha256:4d07825694520f8b6f6a0d8592dbd345433361ae044cb7f06706c5a95e3daaad
#5 CACHED

#4 [internal] load metadata for gcr.io/fuzzbench/builders/afl/jsoncpp_json_proto_converter-intermediate:latest
#4 sha256:502bbb9155700ec758df16cc521095a6bcf137dd6ae355cb696959dd1e8d6cc7
#4 DONE 0.0s

#18 [stage-1  1/13] FROM gcr.io/fuzzbench/builders/afl/jsoncpp_json_proto_converter-intermediate
#18 sha256:972adc4933c03360a1d376212d71aa08ca8d989615ce53ea256072b7a7cb9195
#18 DONE 0.0s

#20 importing cache manifest from gcr.io/fuzzbench/builders/afl/jsoncpp_json_proto_converter
#20 sha256:fdbadc7a7ffe85ed74f1fc8a6749b3649b875c3c2e487526df6fdf69e238daf0
#20 DONE 0.0s

#19 [internal] load build context
#19 sha256:e6a7cf08b38d7b8a0dea0e6525ef66707fa2e912b3dbde24b375a9be3c2bff21
#19 transferring context: 669.91kB 0.2s done
#19 DONE 0.2s

#10 [stage-1  6/13] COPY fuzzers /src/fuzzers
#10 sha256:f66d0d05fbff20c42fde6c45d5e6a0fdd40b73c98d9556eceadda5dd1514cfc4
#10 CACHED

#8 [stage-1  4/13] COPY --from=base-image /usr/local/include/python3.8 /usr/local/include/python3.8
#8 sha256:754558f35bcf1f9e32ca8954173eb9273ffa55a05affec05c8b44d0098bf56a0
#8 CACHED

#11 [stage-1  7/13] RUN touch /src/__init__.py
#11 sha256:06b1d1351b9a8963f636355f39747aac13bd28843430a8192f696411d2c2717a
#11 CACHED

#12 [stage-1  8/13] COPY benchmarks/jsoncpp_json_proto_converter/benchmark.yaml /
#12 sha256:7013a4701417714c5a03a52a5847ebd62e34ec0bb1cb2284955c16036ce4e74a
#12 CACHED

#13 [stage-1  9/13] RUN mkdir /opt/fuzzbench/
#13 sha256:1157b35399d70023842f88476486d6334cd643e7c56041b4d6eefd972cd1ad4c
#13 CACHED

#15 [stage-1 11/13] RUN export CHECKOUT_COMMIT=$(cat /benchmark.yaml | tr -d ' ' | grep 'commit:' | cut -d ':' -f2) &&     python3 -u /opt/fuzzbench/checkout_commit.py $CHECKOUT_COMMIT /src
#15 sha256:bc8921c2a61ef6f654299c6810cfe5fffc4852b537c82990a182d717b5fb5dbe
#15 CACHED

#6 [stage-1  2/13] COPY --from=base-image /usr/local/bin/python3* /usr/local/bin/
#6 sha256:4a90a47e6b20616bf227dc269dd8120263f4ac993e6bf06470e992b4bac82cf7
#6 CACHED

#14 [stage-1 10/13] COPY docker/benchmark-builder/checkout_commit.py /opt/fuzzbench/
#14 sha256:3bb63f152f0dee7c5f1f08de80ef332081f4cda704962d77d3c555808bddab97
#14 CACHED

#16 [stage-1 12/13] RUN echo "#!/bin/bash\nPYTHONPATH=/src python3 -u -c "from fuzzers import utils; utils.initialize_env(); from fuzzers.afl import fuzzer; fuzzer.build()"" > /usr/bin/fuzzer_build &&     chmod +x /usr/bin/fuzzer_build
#16 sha256:82fcf3a32509d3712a38b78464516820d21be473a9a40ba8dfe2b1b056ba51d1
#16 CACHED

#7 [stage-1  3/13] COPY --from=base-image /usr/local/lib/python3.8 /usr/local/lib/python3.8
#7 sha256:7a254415d3f720873f6e0424630e197a52ec98e97540fb3f6ddd961efe697adf
#7 CACHED

#9 [stage-1  5/13] COPY --from=base-image /usr/local/lib/python3.8/site-packages /usr/local/lib/python3.8/site-packages
#9 sha256:8a4f97dc2661f608a6c1d842cdcf7115d838a1bd47401901073497452ef3fa29
#9 CACHED

#17 [stage-1 13/13] RUN echo "Run fuzzer_build to build the target" && if [ -z "$debug_builder" ] ; then fuzzer_build; fi
#17 sha256:c44209a4f302d35a3ad6d380ff9035c68d4611f57e23740cbc211de4eeef5118
#17 CACHED

#21 exporting to image
#21 sha256:e8c613e07b0b7ff33893b694f7759a10d42e180f2b4dc349fb57dc6b71dcab00
#21 exporting layers done
#21 writing image sha256:2116be21b4a90daa996b9b6b2655b4d12ef862808a7a4356cd06ebcf391b902d
#21 writing image sha256:2116be21b4a90daa996b9b6b2655b4d12ef862808a7a4356cd06ebcf391b902d done
#21 naming to gcr.io/fuzzbench/builders/afl/jsoncpp_json_proto_converter done
#21 DONE 0.1s

#22 exporting cache
#22 sha256:2700d4ef94dee473593c5c614b55b2dedcca7893909811a8f2b48291a1f581e4
#22 preparing build cache for export done
#22 DONE 0.0s
#1 [internal] load build definition from runner.Dockerfile
#1 sha256:4a86e9d5c2ec2e26d95851cf07b4d44cb1f944045deae70836ca55ab1f282dea
#1 transferring dockerfile: 656B done
#1 DONE 0.0s

#2 [internal] load .dockerignore
#2 sha256:a7303240a4c9b2dcc0ac53da8d8fd9996419a28a84875332ee115a251905b866
#2 transferring context: 2B done
#2 DONE 0.0s

#4 [base-image 1/1] FROM gcr.io/fuzzbench/base-image
#4 sha256:4d07825694520f8b6f6a0d8592dbd345433361ae044cb7f06706c5a95e3daaad
#4 CACHED

#3 [internal] load metadata for gcr.io/fuzzbench/base-image:latest
#3 sha256:932022888f650cc455b10eb5123bb08c0cccacac29a693e69314abbfd28a72c3
#3 DONE 0.0s

#5 importing cache manifest from gcr.io/fuzzbench/runners/afl/jsoncpp_json_proto_converter-intermediate
#5 sha256:08a1b89e7837966ed0e73d99c7877d55c6985a348cce2960878de7937e2e11ad
#5 DONE 0.0s

#6 exporting to image
#6 sha256:e8c613e07b0b7ff33893b694f7759a10d42e180f2b4dc349fb57dc6b71dcab00
#6 exporting layers done
#6 writing image sha256:0be13cc299ea0e54ec5de825181e3bed3eb180c53e5a326522f59bc9b5a62000 done
#6 naming to gcr.io/fuzzbench/runners/afl/jsoncpp_json_proto_converter-intermediate done
#6 DONE 0.0s

#7 exporting cache
#7 sha256:2700d4ef94dee473593c5c614b55b2dedcca7893909811a8f2b48291a1f581e4
#7 preparing build cache for export done
#7 DONE 0.0s
#1 [internal] load build definition from Dockerfile
#1 sha256:d87f464dc7935654f40a1e5ba9644b5f5264b0700b0ec430d014b42df0bcbba0
#1 transferring dockerfile: 3.17kB done
#1 DONE 0.0s

#2 [internal] load .dockerignore
#2 sha256:70b6dcfe414e34a0d878d37a7a1dcc5e3c0fa99d4ed38303da7d3695af7bbfea
#2 transferring context: 34B done
#2 DONE 0.0s

#3 [internal] load metadata for gcr.io/fuzzbench/runners/afl/jsoncpp_json_proto_converter-intermediate:latest
#3 sha256:3c7983ccf8bbd30a246452d9ec20cb568e9fe80105915bdabbc1b72913df3d64
#3 DONE 0.0s

#4 [internal] load metadata for gcr.io/fuzzbench/builders/afl/jsoncpp_json_proto_converter:latest
#4 sha256:b46a96ca6536b10ae827885adb536058f4e719e33fe2d60fb62104495870257c
#4 DONE 0.0s

#5 [stage-1  1/13] FROM gcr.io/fuzzbench/runners/afl/jsoncpp_json_proto_converter-intermediate
#5 sha256:27390910b0646549ff82626289c084372b164bb7b8a7735dfd3119e7dcd66f87
#5 DONE 0.0s

#20 importing cache manifest from gcr.io/fuzzbench/runners/afl/jsoncpp_json_proto_converter
#20 sha256:9956f4524d517b16da15180dc6ca04fdbdade32c015c9c1d072a78d1bdd5779a
#20 DONE 0.0s

#9 [builder 1/1] FROM gcr.io/fuzzbench/builders/afl/jsoncpp_json_proto_converter
#9 sha256:19d0e5dbc92d308b9b6d0fe8d6e6f669471af2473e4bd1a6fb6bb9e2f0f84c32
#9 DONE 0.0s

#11 [internal] load build context
#11 sha256:bfc35694ef15224488d487c591608d06b157bcd9a1df697bdd180de9b8371a6b
#11 transferring context: 19.01MB 1.6s done
#11 DONE 1.7s

#15 [stage-1  9/13] RUN mkdir -p /out/seeds /out/corpus
#15 sha256:a7a0a2af2c27b1b2b1d7de32019edc1d6ee53eec2895c743c94b7c968cf53210
#15 CACHED

#18 [stage-1 12/13] COPY docker/benchmark-runner /src/docker/benchmark-runner
#18 sha256:ce83693e8ff6c790728e13b10cd631956c3d19312e4b29b01f1bc8e4976e79a9
#18 CACHED

#6 [stage-1  2/13] RUN apt-get update -y && apt-get install -y     libglib2.0-0     libxml2     libarchive13     libgss3
#6 sha256:f6493e5ff8cc31199c5513c5d08fa1b104f7b993dc0ee482dda304e1ac011f5c
#6 CACHED

#13 [stage-1  7/13] COPY fuzzers /src/fuzzers
#13 sha256:b5a052f91f0e7140bcb66f4e25a80f48cb3a799acfc1bea4fe0256721534cefa
#13 CACHED

#12 [stage-1  6/13] COPY benchmarks /src/benchmarks
#12 sha256:39cc660dff46f6c08aa3d638d5fe7a2b876796d4c4cfd401326f3d362a99a992
#12 CACHED

#8 [stage-1  4/13] WORKDIR /out
#8 sha256:5d981cb1b17bcf563835feb62f1ff4a701454280bc24f36a378821774e613d6b
#8 CACHED

#17 [stage-1 11/13] COPY experiment/runner.py /src/experiment/runner.py
#17 sha256:54c06c6b187b934504afea0dd9c0f00cfb0db7a35e95676603420108bc75110b
#17 CACHED

#10 [stage-1  5/13] COPY --from=builder /out/ ./
#10 sha256:7257fba68f9e14a96d06fa7cad41199087e16911e78fa4b45b2af63ee251c4af
#10 CACHED

#14 [stage-1  8/13] RUN touch __init__.py
#14 sha256:ef653b1e5668cf32fee0e01e136d7e85497e9e2ec37d2084e74e0c4684481f13
#14 CACHED

#16 [stage-1 10/13] COPY common /src/common
#16 sha256:b720a15acece6225aea71c664dad9ac10e96b4b122a43ad97ce20aa2c4c45868
#16 CACHED

#7 [stage-1  3/13] RUN mkdir -p /out
#7 sha256:ec075e33d61a44780eda1067bf2a5a857dbfe084f38a82ea2232b14c3b579234
#7 CACHED

#19 [stage-1 13/13] RUN chmod +x /src/docker/benchmark-runner/startup-runner.sh
#19 sha256:93e3280a547c52d43797df86503314a4e0583c301122f2b92654e61958e97f5e
#19 CACHED

#21 exporting to image
#21 sha256:e8c613e07b0b7ff33893b694f7759a10d42e180f2b4dc349fb57dc6b71dcab00
#21 exporting layers done
#21 writing image sha256:719aafa0356c2eb74045fd18d4bc896c25713e5759846e94090fce899e8ff449 0.0s done
#21 naming to gcr.io/fuzzbench/runners/afl/jsoncpp_json_proto_converter done
#21 DONE 0.1s

#22 exporting cache
#22 sha256:2700d4ef94dee473593c5c614b55b2dedcca7893909811a8f2b48291a1f581e4
#22 preparing build cache for export done
#22 DONE 0.0s
INFO:root:Doing trial as part of experiment.
INFO:root:Starting trial.
ERROR:root:Fuzz target binary not found.
INFO:root:Doing final sync.
ERROR:root:Call to <function get_stats at 0x7f5aac20bee0> failed. Extras: {'traceback': 'Traceback (most recent call last):\n  File "/src/experiment/runner.py", line 374, in record_stats\n    stats_json_str = fuzzer_module_get_stats(output_corpus,\n  File "/src/fuzzers/afl/fuzzer.py", line 51, in get_stats\n    with open(stats_file) as file_handle:\nFileNotFoundError: [Errno 2] No such file or directory: \'/out/corpus/fuzzer_stats\'\n'}
