WARNING:root:gcloud not found in PATH.
INFO:root:Successfully integrated benchmark: wasmtime_wasmtime.
INFO:root:Please run "make test-run-afl-wasmtime_wasmtime" to test integration.
#1 [internal] load build definition from Dockerfile
#1 sha256:9c09f4c8bbbc1836b6b3a7ce88963e5679e5b0cde77513245f6f531fd57ebdd8
#1 transferring dockerfile: 32B done
#1 DONE 0.4s

#2 [internal] load .dockerignore
#2 sha256:d8af5e212aed659aac2af472016c018b644f7f4e4083545442c0407d5d602d32
#2 transferring context: 2B done
#2 DONE 0.4s

#3 [internal] load metadata for gcr.io/oss-fuzz-base/base-builder:latest
#3 sha256:f10dc39cc9d418a5bc416dead31a1902b6821fdae909cd3b08f7a3fd1faba7b5
#3 DONE 0.4s

#13 [internal] load build context
#13 sha256:f55d88080c87d1c916a60c53aba762cc1c622121dd080c3460ab7b28af48b069
#13 DONE 0.0s

#5 [1/9] FROM gcr.io/oss-fuzz-base/base-builder@sha256:f4e5ea12494fab091c5d830cf803b3421f2860f729b9d1b07da44924396cf8cf
#5 sha256:ef290950573a2779ee526af357b28fbddfc20d7409aa51f58f777c9e972cba29
#5 DONE 0.0s

#4 importing cache manifest from gcr.io/fuzzbench/builders/benchmark/wasmtime_wasmtime
#4 sha256:533c0bb4e0e9a1044272be6e1467b44e2852365518bd821183806ce20b30b293
#4 ERROR: gcr.io/fuzzbench/builders/benchmark/wasmtime_wasmtime:latest: not found

#13 [internal] load build context
#13 sha256:f55d88080c87d1c916a60c53aba762cc1c622121dd080c3460ab7b28af48b069
#13 transferring context: 64B done
#13 DONE 0.1s

#8 [4/9] RUN git clone --depth 1 https://github.com/bytecodealliance/regalloc.rs regalloc.rs
#8 sha256:7caf9fabef2ce707cc58ab5052beb954dd4866a8e4c9c65e1a307b0af7652686
#8 CACHED

#6 [2/9] RUN apt-get update && apt-get install -y make autoconf automake libtool curl cmake python llvm-dev libclang-dev clang
#6 sha256:66bc0ce1eb224e9ff493fe7fadec6414b98db0fd06e0576b70a9dcc480786ace
#6 CACHED

#12 [8/9] RUN git clone --depth 1 https://github.com/bytecodealliance/wasmtime-libfuzzer-corpus wasmtime-libfuzzer-corpus
#12 sha256:701981e6918d4e52201ea964b055de3e5b0a517a224e8ac36354098fac4fb27a
#12 CACHED

#11 [7/9] RUN git submodule update --init --recursive
#11 sha256:d5030274cd5b7e4cac1324ac72fdd8e0555c27523e1f11fca4b388bef119e5fc
#11 CACHED

#9 [5/9] RUN git clone --depth 1 https://github.com/bytecodealliance/wasmtime wasmtime
#9 sha256:c60fd5a5704067ef64f52be30a0292094d8f175d9963e6402dbe2cb73372c9d7
#9 CACHED

#10 [6/9] WORKDIR wasmtime
#10 sha256:4189e468d15781f64f3754dfd8c8a005e9b4d975ab1f1dc75dc3a8a314d6879c
#10 CACHED

#7 [3/9] RUN git clone --depth 1 https://github.com/bytecodealliance/wasm-tools wasm-tools
#7 sha256:e892d9080a90d002b5ee9fd87263c517f03962581eeb9c0452294595868e7c24
#7 CACHED

#14 [9/9] COPY build.sh default.options /src/
#14 sha256:5e677b8a11c004a868e4f88bbe2dade62df8babee26728406866811f172781c2
#14 CACHED

#15 exporting to image
#15 sha256:e8c613e07b0b7ff33893b694f7759a10d42e180f2b4dc349fb57dc6b71dcab00
#15 exporting layers done
#15 writing image sha256:26582ed5e75ecb0114e5fa412dcc2dbd31f88e500edef5992dce86e6df5c0376 0.0s done
#15 naming to gcr.io/fuzzbench/builders/benchmark/wasmtime_wasmtime 0.0s done
#15 DONE 0.4s

#16 exporting cache
#16 sha256:2700d4ef94dee473593c5c614b55b2dedcca7893909811a8f2b48291a1f581e4
#16 preparing build cache for export done
#16 DONE 0.0s
------
 > importing cache manifest from gcr.io/fuzzbench/builders/benchmark/wasmtime_wasmtime:
------
#1 [internal] load build definition from builder.Dockerfile
#1 sha256:f275d24be86222edce8b5776290270d2db4a1ff7597295a04df136c1116de42f
#1 transferring dockerfile: 46B done
#1 DONE 0.1s

#2 [internal] load .dockerignore
#2 sha256:e471c96c916a8c125a67a7f068aae406defcd0bb7cd83f5e317c9879562cc1d5
#2 transferring context: 2B done
#2 DONE 0.1s

#3 [internal] load metadata for gcr.io/fuzzbench/builders/benchmark/wasmtime_wasmtime:latest
#3 sha256:370e9c49955d1cbc4f79da4f86f7eca76e820617680726e0080abe7d2d3baf7f
#3 DONE 0.0s

#5 [1/3] FROM gcr.io/fuzzbench/builders/benchmark/wasmtime_wasmtime
#5 sha256:3fc09ec4a3ee0cfd57e1170183cba00944cc00f03acfbc3c46973e7a1cadf188
#5 DONE 0.0s

#4 importing cache manifest from gcr.io/fuzzbench/builders/afl/wasmtime_wasmtime-intermediate
#4 sha256:f24b014c3a2d3048fdc622f8eadfb4bcd5b87c5d10863fbfe714eaf9e6d60f1c
#4 ERROR: gcr.io/fuzzbench/builders/afl/wasmtime_wasmtime-intermediate:latest: not found

#6 [2/3] RUN git clone https://github.com/google/AFL.git /afl &&     cd /afl &&     git checkout 61037103ae3722c8060ff7082994836a794f978e &&     AFL_NO_X86=1 make
#6 sha256:3e67f3e161a0572928be652ab56e0c47e1eb6d4a3b069f5b20e15e008093f6df
#6 CACHED

#7 [3/3] RUN apt-get update &&     apt-get install wget -y &&     wget https://raw.githubusercontent.com/llvm/llvm-project/5feb80e748924606531ba28c97fe65145c65372e/compiler-rt/lib/fuzzer/afl/afl_driver.cpp -O /afl/afl_driver.cpp &&     clang -Wno-pointer-sign -c /afl/llvm_mode/afl-llvm-rt.o.c -I/afl &&     clang++ -stdlib=libc++ -std=c++11 -O2 -c /afl/afl_driver.cpp &&     ar r /libAFL.a *.o
#7 sha256:299c943450aa54cd5b1f4f8eb002fa33370c4db94d379ffb4896c92de44b5b37
#7 CACHED

#8 exporting to image
#8 sha256:e8c613e07b0b7ff33893b694f7759a10d42e180f2b4dc349fb57dc6b71dcab00
#8 exporting layers done
#8 writing image sha256:dfe1264735c836cab5a69f8e8a104b05c6e9382e292cb2fac9b9ca8e3b2fd719 0.0s done
#8 naming to gcr.io/fuzzbench/builders/afl/wasmtime_wasmtime-intermediate 0.0s done
#8 DONE 0.4s

#9 exporting cache
#9 sha256:2700d4ef94dee473593c5c614b55b2dedcca7893909811a8f2b48291a1f581e4
#9 preparing build cache for export done
#9 DONE 0.0s
------
 > importing cache manifest from gcr.io/fuzzbench/builders/afl/wasmtime_wasmtime-intermediate:
------
#1 [internal] load build definition from Dockerfile
#1 sha256:ce5f513a9ab9ec30a6840cb9a49fa122b9cbdfb3de0de6ea5ce94fa266817db6
#1 transferring dockerfile: 2.00kB done
#1 DONE 0.1s

#2 [internal] load .dockerignore
#2 sha256:27ed7dd4e4e1c89092b7e705f22b8efff74d846a90314018b8551e2d8b915ef3
#2 transferring context: 34B done
#2 DONE 0.1s

#3 [internal] load metadata for docker.io/library/ubuntu:xenial
#3 sha256:f62bae18ed588840f045c881b2502661f2a89578a2f8f99b83f5200ee83dd25b
#3 DONE 0.0s

#5 [1/7] FROM docker.io/library/ubuntu:xenial
#5 sha256:14dd403f25ae9e519bd44f27dc17af7ce80f5a4f9f48ca88108364e67ec5d360
#5 DONE 0.0s

#4 importing cache manifest from gcr.io/fuzzbench/base-image
#4 sha256:9b220ebb4d4daceed1b96df9b6dca076e762f1cd612574f010b82d5b9e5ad896
#4 DONE 0.0s

#8 [internal] load build context
#8 sha256:180817121ac4be2f5340389fc193c109e51d62037c21b11476386079c3be298b
#8 transferring context: 559B 0.0s done
#8 DONE 0.1s

#9 [4/7] COPY ./requirements.txt /
#9 sha256:b2e271727405a3287d0c42bd84ee4aeffbb25c8398c82eb33b9c18f0ed2b89c5
#9 CACHED

#10 [5/7] RUN pip3 install -r /requirements.txt
#10 sha256:0697aaa51a75c6d2c42aaac95257f1da048a9ce945a0a2ea2b79163955cc45e8
#10 CACHED

#11 [6/7] RUN apt-get update -y && apt-get install -y     apt-transport-https     lsb-release
#11 sha256:94b135f8657ceb45d3e990607a72deb3f6764079a3fdd26d480e13ec1e190408
#11 CACHED

#6 [2/7] RUN apt-get update -y && apt-get install -y     build-essential     rsync     curl     zlib1g-dev     libncurses5-dev     libgdbm-dev     libnss3-dev     libssl-dev     libreadline-dev     libffi-dev     virtualenv     libbz2-dev     liblzma-dev     libsqlite3-dev
#6 sha256:3a1b0960f17eed529eaae93dc8fd3554f2743dd584d8fa569cdbe6bc734371ac
#6 CACHED

#7 [3/7] RUN cd /tmp/ &&     curl -O https://www.python.org/ftp/python/3.8.6/Python-3.8.6.tar.xz &&     tar -xvf Python-3.8.6.tar.xz &&     cd Python-3.8.6 &&     ./configure --enable-loadable-sqlite-extensions --enable-optimizations &&     make -j install &&     rm -r /tmp/Python-3.8.6.tar.xz /tmp/Python-3.8.6
#7 sha256:c5b9d1fb3371e84dbc60b76e7b2f8d5913bc93bcd4910ab65daa03e7b2ec4bb0
#7 CACHED

#12 [7/7] RUN CLOUD_SDK_REPO="cloud-sdk-$(lsb_release -c -s)" &&     echo "deb https://packages.cloud.google.com/apt $CLOUD_SDK_REPO main"     | tee -a /etc/apt/sources.list.d/google-cloud-sdk.list &&     curl https://packages.cloud.google.com/apt/doc/apt-key.gpg     | apt-key add - &&     apt-get update -y &&     apt-get install -y google-cloud-sdk
#12 sha256:2edf9a6e569ec81de92d685fdff27bcfdf8e2b422ed0b730fe1ac24c7ef47d2f
#12 CACHED

#13 exporting to image
#13 sha256:e8c613e07b0b7ff33893b694f7759a10d42e180f2b4dc349fb57dc6b71dcab00
#13 exporting layers done
#13 writing image sha256:139540fb22a119f888cb3e5ed6e013e8d868574697f5fb839e5da9e23de73e0a
#13 writing image sha256:139540fb22a119f888cb3e5ed6e013e8d868574697f5fb839e5da9e23de73e0a 0.0s done
#13 naming to gcr.io/fuzzbench/base-image done
#13 DONE 0.1s

#14 exporting cache
#14 sha256:2700d4ef94dee473593c5c614b55b2dedcca7893909811a8f2b48291a1f581e4
#14 preparing build cache for export done
#14 DONE 0.0s
#1 [internal] load build definition from Dockerfile
#1 sha256:14b4e9972eeaed79d3f982111e6d9b9c91b46dd13cd80efeac3cfcccf127612d
#1 transferring dockerfile: 2.22kB done
#1 DONE 0.1s

#2 [internal] load .dockerignore
#2 sha256:b5aaf748e65c7dc7559bb3493571e401860bdb76b489347c8c9723adc803ad91
#2 transferring context: 34B done
#2 DONE 0.2s

#4 [internal] load metadata for gcr.io/fuzzbench/base-image:latest
#4 sha256:932022888f650cc455b10eb5123bb08c0cccacac29a693e69314abbfd28a72c3
#4 DONE 0.0s

#3 [internal] load metadata for gcr.io/fuzzbench/builders/afl/wasmtime_wasmtime-intermediate:latest
#3 sha256:7abc1651e45f905acb1c3c5648ac4f983ec9e8e350c838388a2f8dc8cae4c230
#3 DONE 0.0s

#12 [internal] load build context
#12 sha256:42b99000f3660afaf91fde1e0377b6c143e1a3c7e41dcf0ff7c8d1d2e9af6829
#12 DONE 0.0s

#7 [base-image 1/1] FROM gcr.io/fuzzbench/base-image
#7 sha256:4d07825694520f8b6f6a0d8592dbd345433361ae044cb7f06706c5a95e3daaad
#7 DONE 0.0s

#6 [stage-1  1/13] FROM gcr.io/fuzzbench/builders/afl/wasmtime_wasmtime-intermediate
#6 sha256:e861512207ba7d1ae01899adc2c47be354f6313a5fe9f745e51719bd48febc14
#6 DONE 0.0s

#5 importing cache manifest from gcr.io/fuzzbench/builders/afl/wasmtime_wasmtime
#5 sha256:13b05a4c031cd4f84bed364d2105fd4f73f3622916bb75868cdf389a0f84e747
#5 ERROR: gcr.io/fuzzbench/builders/afl/wasmtime_wasmtime:latest: not found

#12 [internal] load build context
#12 sha256:42b99000f3660afaf91fde1e0377b6c143e1a3c7e41dcf0ff7c8d1d2e9af6829
#12 transferring context: 669.87kB 0.1s done
#12 DONE 0.2s

#11 [stage-1  5/13] COPY --from=base-image /usr/local/lib/python3.8/site-packages /usr/local/lib/python3.8/site-packages
#11 sha256:99cc4917aa1e02e9695fc46c9b531d47793da1f81029cf1d3625b5698dc7cbb5
#11 CACHED

#13 [stage-1  6/13] COPY fuzzers /src/fuzzers
#13 sha256:bbdc595f79fb0e6ae718c8801d7cc1c590a1018597b9241e05a23f49ec8b83ed
#13 CACHED

#8 [stage-1  2/13] COPY --from=base-image /usr/local/bin/python3* /usr/local/bin/
#8 sha256:edb26e699e24463b02159ce08fd2aa6c1faccd328d3c2cbd739bb63aefede163
#8 CACHED

#9 [stage-1  3/13] COPY --from=base-image /usr/local/lib/python3.8 /usr/local/lib/python3.8
#9 sha256:83ca13d226cea7edd62057d02e33461a5c718c6d924fbfd2a1fd35ceeeabf203
#9 CACHED

#10 [stage-1  4/13] COPY --from=base-image /usr/local/include/python3.8 /usr/local/include/python3.8
#10 sha256:1b91c679cc0ad2fa1330dbb6e1f38d79a724fcc271f7d3c7d651a2fc5c2c1a57
#10 CACHED

#14 [stage-1  7/13] RUN touch /src/__init__.py
#14 sha256:3c157af650f1ab747395c8e514f781037540ec7c2dc8271e5f654c498c47d501
#14 CACHED

#15 [stage-1  8/13] COPY benchmarks/wasmtime_wasmtime/benchmark.yaml /
#15 sha256:0bab59ac2fea061fbb6ead924483dd65af6264975b42d7ac039dcd11e4b40a38
#15 DONE 0.6s

#16 [stage-1  9/13] RUN mkdir /opt/fuzzbench/
#16 sha256:035b5cccc54b7000fab9516925c4afa97148a234e70e38b475f25d65569194fc
#16 DONE 0.8s

#17 [stage-1 10/13] COPY docker/benchmark-builder/checkout_commit.py /opt/fuzzbench/
#17 sha256:7236551677466bf75a2d867f8dada5b1c6406edf349c879d32316487ce8ce484
#17 DONE 0.5s

#18 [stage-1 11/13] RUN export CHECKOUT_COMMIT=$(cat /benchmark.yaml | tr -d ' ' | grep 'commit:' | cut -d ':' -f2) &&     python3 -u /opt/fuzzbench/checkout_commit.py $CHECKOUT_COMMIT /src
#18 sha256:43f289631ac485b26293acc6c0538ceb6924d6d1841e70af88be486b249da0cd
#18 0.615 Checking out commit 1d5a2cd8
#18 10.40 From https://github.com/bytecodealliance/wasmtime
#18 10.40  * [new tag]             cranelift-v0.60.0 -> cranelift-v0.60.0
#18 10.40  * [new tag]             cranelift-v0.61.0 -> cranelift-v0.61.0
#18 10.40  * [new tag]             cranelift-v0.69.0 -> cranelift-v0.69.0
#18 10.40  * [new tag]             filecheck-v0.0.1  -> filecheck-v0.0.1
#18 10.40  * [new tag]             v0.12.0           -> v0.12.0
#18 10.40  * [new tag]             v0.16.0           -> v0.16.0
#18 10.40  * [new tag]             v0.17.0           -> v0.17.0
#18 10.40  * [new tag]             v0.18.0           -> v0.18.0
#18 10.40  * [new tag]             v0.19.0           -> v0.19.0
#18 10.40  * [new tag]             v0.20.0           -> v0.20.0
#18 10.40  * [new tag]             v0.21.0           -> v0.21.0
#18 10.41  * [new tag]             v0.22.0           -> v0.22.0
#18 10.41  * [new tag]             v0.23.0           -> v0.23.0
#18 10.41  * [new tag]             v0.24.0           -> v0.24.0
#18 10.41  * [new tag]             v0.25.0           -> v0.25.0
#18 10.41  * [new tag]             v0.26.0           -> v0.26.0
#18 10.41  * [new tag]             v0.27.0           -> v0.27.0
#18 10.41  * [new tag]             v0.28.0           -> v0.28.0
#18 10.41  * [new tag]             v0.29.0           -> v0.29.0
#18 10.41  * [new tag]             v0.30.0           -> v0.30.0
#18 10.41  * [new tag]             v0.31.0           -> v0.31.0
#18 10.41  * [new tag]             v0.32.0           -> v0.32.0
#18 10.41  * [new tag]             v0.33.0           -> v0.33.0
#18 10.41  * [new tag]             v0.34.0           -> v0.34.0
#18 10.54 warning: e08160845e29e4f877b4ec5969bd1f2792999004:.gitmodules, multiple configurations found for 'submodule.spec_testsuite.path'. Skipping second one!
#18 10.54 warning: e08160845e29e4f877b4ec5969bd1f2792999004:.gitmodules, multiple configurations found for 'submodule.spec_testsuite.url'. Skipping second one!
#18 10.54 warning: e08160845e29e4f877b4ec5969bd1f2792999004:.gitmodules, multiple configurations found for 'submodule.crates/c-api/examples/wasm-c-api.path'. Skipping second one!
#18 10.54 warning: e08160845e29e4f877b4ec5969bd1f2792999004:.gitmodules, multiple configurations found for 'submodule.crates/c-api/examples/wasm-c-api.url'. Skipping second one!
#18 10.54 warning: e08160845e29e4f877b4ec5969bd1f2792999004:.gitmodules, multiple configurations found for 'submodule.WASI.path'. Skipping second one!
#18 10.54 warning: e08160845e29e4f877b4ec5969bd1f2792999004:.gitmodules, multiple configurations found for 'submodule.WASI.url'. Skipping second one!
#18 10.54 warning: e08160845e29e4f877b4ec5969bd1f2792999004:.gitmodules, multiple configurations found for 'submodule.crates/wasi-nn/spec.path'. Skipping second one!
#18 10.54 warning: e08160845e29e4f877b4ec5969bd1f2792999004:.gitmodules, multiple configurations found for 'submodule.crates/wasi-nn/spec.url'. Skipping second one!
#18 10.54 warning: e08160845e29e4f877b4ec5969bd1f2792999004:.gitmodules, multiple configurations found for 'submodule.crates/wasi-crypto/spec.path'. Skipping second one!
#18 10.54 warning: e08160845e29e4f877b4ec5969bd1f2792999004:.gitmodules, multiple configurations found for 'submodule.crates/wasi-crypto/spec.url'. Skipping second one!
#18 10.79 warning: 4f9218ededdcdd7c34531723c66f5e8778116c59:.gitmodules, multiple configurations found for 'submodule.spec_testsuite.path'. Skipping second one!
#18 10.79 warning: 4f9218ededdcdd7c34531723c66f5e8778116c59:.gitmodules, multiple configurations found for 'submodule.spec_testsuite.url'. Skipping second one!
#18 10.79 warning: 4f9218ededdcdd7c34531723c66f5e8778116c59:.gitmodules, multiple configurations found for 'submodule.crates/c-api/examples/wasm-c-api.path'. Skipping second one!
#18 10.79 warning: 4f9218ededdcdd7c34531723c66f5e8778116c59:.gitmodules, multiple configurations found for 'submodule.crates/c-api/examples/wasm-c-api.url'. Skipping second one!
#18 10.79 warning: 4f9218ededdcdd7c34531723c66f5e8778116c59:.gitmodules, multiple configurations found for 'submodule.crates/wasi-common/WASI.path'. Skipping second one!
#18 10.79 warning: 4f9218ededdcdd7c34531723c66f5e8778116c59:.gitmodules, multiple configurations found for 'submodule.crates/wasi-common/WASI.url'. Skipping second one!
#18 10.79 warning: 4f9218ededdcdd7c34531723c66f5e8778116c59:.gitmodules, multiple configurations found for 'submodule.spec_testsuite.path'. Skipping second one!
#18 10.79 warning: 4f9218ededdcdd7c34531723c66f5e8778116c59:.gitmodules, multiple configurations found for 'submodule.spec_testsuite.url'. Skipping second one!
#18 10.79 warning: 4f9218ededdcdd7c34531723c66f5e8778116c59:.gitmodules, multiple configurations found for 'submodule.crates/c-api/examples/wasm-c-api.path'. Skipping second one!
#18 10.79 warning: 4f9218ededdcdd7c34531723c66f5e8778116c59:.gitmodules, multiple configurations found for 'submodule.crates/c-api/examples/wasm-c-api.url'. Skipping second one!
#18 10.79 warning: 4f9218ededdcdd7c34531723c66f5e8778116c59:.gitmodules, multiple configurations found for 'submodule.crates/wasi-common/WASI.path'. Skipping second one!
#18 10.79 warning: 4f9218ededdcdd7c34531723c66f5e8778116c59:.gitmodules, multiple configurations found for 'submodule.crates/wasi-common/WASI.url'. Skipping second one!
#18 10.79 warning: Submodule in commit 4f9218ededdcdd7c34531723c66f5e8778116c59 at path: 'crates/wasi-common/WASI' collides with a submodule named the same. Skipping it.
#18 10.82 warning: 22641de629914ff956c9132638fcc755ff7efc13:.gitmodules, multiple configurations found for 'submodule.spec_testsuite.path'. Skipping second one!
#18 10.82 warning: 22641de629914ff956c9132638fcc755ff7efc13:.gitmodules, multiple configurations found for 'submodule.spec_testsuite.url'. Skipping second one!
#18 10.82 warning: 22641de629914ff956c9132638fcc755ff7efc13:.gitmodules, multiple configurations found for 'submodule.wasmtime-api/c-examples/wasm-c-api.path'. Skipping second one!
#18 10.82 warning: 22641de629914ff956c9132638fcc755ff7efc13:.gitmodules, multiple configurations found for 'submodule.wasmtime-api/c-examples/wasm-c-api.url'. Skipping second one!
#18 10.82 warning: 22641de629914ff956c9132638fcc755ff7efc13:.gitmodules, multiple configurations found for 'submodule.wasi-common/WASI.path'. Skipping second one!
#18 10.82 warning: 22641de629914ff956c9132638fcc755ff7efc13:.gitmodules, multiple configurations found for 'submodule.wasi-common/WASI.url'. Skipping second one!
#18 11.24 Fetching submodule crates/wasi-common/WASI
#18 11.76 Fetching submodule crates/wasi-crypto/spec
#18 12.12 Fetching submodule crates/wasi-nn/spec
#18 13.21 From https://github.com/WebAssembly/wasi-nn
#18 13.21  * branch            68e73cf612eb8671e0c141b107bf1593491bdc16 -> FETCH_HEAD
#18 13.21  * branch            9e7c3277ca995d1ae07967b3298d6d3958914214 -> FETCH_HEAD
#18 13.90 From https://github.com/WebAssembly/wasi-crypto
#18 13.90  * branch            3ed3f0796db3c24e170cb86fe70d86a9e1c5d683 -> FETCH_HEAD
#18 14.47 From https://github.com/WebAssembly/WASI
#18 14.47  * branch            3b684dd2fcbf87e9854cf6a5c66651ca15e619e3 -> FETCH_HEAD
#18 14.47  * branch            449b38179e39d6cf1e575967527315f87aa677d4 -> FETCH_HEAD
#18 14.47  * branch            7c4fd252d0841488de4a6e724e600f1561797387 -> FETCH_HEAD
#18 14.47  * branch            b2cbae916b6b0340b31b5836c87f393863f64a36 -> FETCH_HEAD
#18 14.49 error: pathspec '1d5a2cd8' did not match any file(s) known to git
#18 15.63 error: pathspec '1d5a2cd8' did not match any file(s) known to git
#18 17.95 From https://github.com/bytecodealliance/wasm-tools
#18 17.95  * [new tag]         0.1.0                 -> 0.1.0
#18 17.95  * [new tag]         0.2.0                 -> 0.2.0
#18 17.95  * [new tag]         0.2.1                 -> 0.2.1
#18 17.95  * [new tag]         0.2.2                 -> 0.2.2
#18 17.95  * [new tag]         0.2.3                 -> 0.2.3
#18 17.95  * [new tag]         0.2.4                 -> 0.2.4
#18 17.95  * [new tag]         0.2.5                 -> 0.2.5
#18 17.95  * [new tag]         wasm-encoder-0.1.0    -> wasm-encoder-0.1.0
#18 17.95  * [new tag]         wasm-encoder-0.2.0    -> wasm-encoder-0.2.0
#18 17.95  * [new tag]         wasm-encoder-0.3.0    -> wasm-encoder-0.3.0
#18 17.95  * [new tag]         wasm-encoder-0.3.1    -> wasm-encoder-0.3.1
#18 17.95  * [new tag]         wasm-encoder-0.4.0    -> wasm-encoder-0.4.0
#18 17.95  * [new tag]         wasm-encoder-0.4.1    -> wasm-encoder-0.4.1
#18 17.95  * [new tag]         wasm-encoder-0.5.0    -> wasm-encoder-0.5.0
#18 17.95  * [new tag]         wasm-encoder-0.6.0    -> wasm-encoder-0.6.0
#18 17.95  * [new tag]         wasm-encoder-0.7.0    -> wasm-encoder-0.7.0
#18 17.95  * [new tag]         wasm-encoder-0.8.0    -> wasm-encoder-0.8.0
#18 17.95  * [new tag]         wasm-encoder-0.9.0    -> wasm-encoder-0.9.0
#18 17.95  * [new tag]         wasm-mutate-0.1.1     -> wasm-mutate-0.1.1
#18 17.96  * [new tag]         wasm-shrink-0.1.1     -> wasm-shrink-0.1.1
#18 17.96  * [new tag]         wasm-smith-0.1.10     -> wasm-smith-0.1.10
#18 17.96  * [new tag]         wasm-smith-0.1.11     -> wasm-smith-0.1.11
#18 17.96  * [new tag]         wasm-smith-0.1.12     -> wasm-smith-0.1.12
#18 17.96  * [new tag]         wasm-smith-0.2.0      -> wasm-smith-0.2.0
#18 17.96  * [new tag]         wasm-smith-0.3.0      -> wasm-smith-0.3.0
#18 17.96  * [new tag]         wasm-smith-0.3.1      -> wasm-smith-0.3.1
#18 17.96  * [new tag]         wasm-smith-0.3.2      -> wasm-smith-0.3.2
#18 17.96  * [new tag]         wasm-smith-0.4.1      -> wasm-smith-0.4.1
#18 17.96  * [new tag]         wasm-smith-0.4.2      -> wasm-smith-0.4.2
#18 17.96  * [new tag]         wasm-smith-0.4.3      -> wasm-smith-0.4.3
#18 17.96  * [new tag]         wasm-smith-0.4.4      -> wasm-smith-0.4.4
#18 17.96  * [new tag]         wasm-smith-0.4.5      -> wasm-smith-0.4.5
#18 17.96  * [new tag]         wasm-smith-0.5.0      -> wasm-smith-0.5.0
#18 17.96  * [new tag]         wasm-smith-0.6.0      -> wasm-smith-0.6.0
#18 17.96  * [new tag]         wasm-smith-0.7.0      -> wasm-smith-0.7.0
#18 17.96  * [new tag]         wasm-smith-0.7.1      -> wasm-smith-0.7.1
#18 17.96  * [new tag]         wasm-smith-0.7.2      -> wasm-smith-0.7.2
#18 17.96  * [new tag]         wasm-smith-0.8.0      -> wasm-smith-0.8.0
#18 17.96  * [new tag]         wasm-smith-0.9.0      -> wasm-smith-0.9.0
#18 17.96  * [new tag]         wasm-tools-1.0.1      -> wasm-tools-1.0.1
#18 17.96  * [new tag]         wasmparser-0.57.0     -> wasmparser-0.57.0
#18 17.96  * [new tag]         wasmparser-0.59.0     -> wasmparser-0.59.0
#18 17.96  * [new tag]         wasmparser-0.60.0     -> wasmparser-0.60.0
#18 17.96  * [new tag]         wasmparser-0.60.1     -> wasmparser-0.60.1
#18 17.96  * [new tag]         wasmparser-0.61.0     -> wasmparser-0.61.0
#18 17.96  * [new tag]         wasmparser-0.63.0     -> wasmparser-0.63.0
#18 17.96  * [new tag]         wasmparser-0.63.1     -> wasmparser-0.63.1
#18 17.96  * [new tag]         wasmparser-0.64.0     -> wasmparser-0.64.0
#18 17.96  * [new tag]         wasmparser-0.66.0     -> wasmparser-0.66.0
#18 17.96  * [new tag]         wasmparser-0.67.0     -> wasmparser-0.67.0
#18 17.96  * [new tag]         wasmparser-0.68.0     -> wasmparser-0.68.0
#18 17.96  * [new tag]         wasmparser-0.69.0     -> wasmparser-0.69.0
#18 17.96  * [new tag]         wasmparser-0.69.1     -> wasmparser-0.69.1
#18 17.96  * [new tag]         wasmparser-0.69.2     -> wasmparser-0.69.2
#18 17.96  * [new tag]         wasmparser-0.70.0     -> wasmparser-0.70.0
#18 17.96  * [new tag]         wasmparser-0.71.0     -> wasmparser-0.71.0
#18 17.97  * [new tag]         wasmparser-0.72.0     -> wasmparser-0.72.0
#18 17.97  * [new tag]         wasmparser-0.73.0     -> wasmparser-0.73.0
#18 17.97  * [new tag]         wasmparser-0.73.1     -> wasmparser-0.73.1
#18 17.97  * [new tag]         wasmparser-0.74.0     -> wasmparser-0.74.0
#18 17.97  * [new tag]         wasmparser-0.76.0     -> wasmparser-0.76.0
#18 17.97  * [new tag]         wasmparser-0.77.0     -> wasmparser-0.77.0
#18 17.97  * [new tag]         wasmparser-0.78.0     -> wasmparser-0.78.0
#18 17.97  * [new tag]         wasmparser-0.78.1     -> wasmparser-0.78.1
#18 17.97  * [new tag]         wasmparser-0.78.2     -> wasmparser-0.78.2
#18 17.97  * [new tag]         wasmparser-0.79.0     -> wasmparser-0.79.0
#18 17.97  * [new tag]         wasmparser-0.80.0     -> wasmparser-0.80.0
#18 17.97  * [new tag]         wasmparser-0.80.1     -> wasmparser-0.80.1
#18 17.97  * [new tag]         wasmparser-0.80.2     -> wasmparser-0.80.2
#18 17.97  * [new tag]         wasmparser-0.82.0     -> wasmparser-0.82.0
#18 17.97  * [new tag]         wasmparser-dump-0.1.0 -> wasmparser-dump-0.1.0
#18 17.97  * [new tag]         wasmprinter-0.1.0     -> wasmprinter-0.1.0
#18 17.97  * [new tag]         wasmprinter-0.2.0     -> wasmprinter-0.2.0
#18 17.97  * [new tag]         wasmprinter-0.2.1     -> wasmprinter-0.2.1
#18 17.97  * [new tag]         wasmprinter-0.2.10    -> wasmprinter-0.2.10
#18 17.97  * [new tag]         wasmprinter-0.2.11    -> wasmprinter-0.2.11
#18 17.97  * [new tag]         wasmprinter-0.2.13    -> wasmprinter-0.2.13
#18 17.97  * [new tag]         wasmprinter-0.2.14    -> wasmprinter-0.2.14
#18 17.97  * [new tag]         wasmprinter-0.2.15    -> wasmprinter-0.2.15
#18 17.97  * [new tag]         wasmprinter-0.2.16    -> wasmprinter-0.2.16
#18 17.97  * [new tag]         wasmprinter-0.2.17    -> wasmprinter-0.2.17
#18 17.97  * [new tag]         wasmprinter-0.2.18    -> wasmprinter-0.2.18
#18 17.97  * [new tag]         wasmprinter-0.2.19    -> wasmprinter-0.2.19
#18 17.97  * [new tag]         wasmprinter-0.2.2     -> wasmprinter-0.2.2
#18 17.97  * [new tag]         wasmprinter-0.2.20    -> wasmprinter-0.2.20
#18 17.97  * [new tag]         wasmprinter-0.2.21    -> wasmprinter-0.2.21
#18 17.97  * [new tag]         wasmprinter-0.2.22    -> wasmprinter-0.2.22
#18 17.97  * [new tag]         wasmprinter-0.2.24    -> wasmprinter-0.2.24
#18 17.97  * [new tag]         wasmprinter-0.2.25    -> wasmprinter-0.2.25
#18 17.97  * [new tag]         wasmprinter-0.2.26    -> wasmprinter-0.2.26
#18 17.97  * [new tag]         wasmprinter-0.2.27    -> wasmprinter-0.2.27
#18 17.97  * [new tag]         wasmprinter-0.2.28    -> wasmprinter-0.2.28
#18 17.97  * [new tag]         wasmprinter-0.2.29    -> wasmprinter-0.2.29
#18 17.97  * [new tag]         wasmprinter-0.2.3     -> wasmprinter-0.2.3
#18 17.97  * [new tag]         wasmprinter-0.2.30    -> wasmprinter-0.2.30
#18 17.97  * [new tag]         wasmprinter-0.2.32    -> wasmprinter-0.2.32
#18 17.97  * [new tag]         wasmprinter-0.2.4     -> wasmprinter-0.2.4
#18 17.97  * [new tag]         wasmprinter-0.2.5     -> wasmprinter-0.2.5
#18 17.97  * [new tag]         wasmprinter-0.2.6     -> wasmprinter-0.2.6
#18 17.98  * [new tag]         wasmprinter-0.2.7     -> wasmprinter-0.2.7
#18 17.98  * [new tag]         wasmprinter-0.2.8     -> wasmprinter-0.2.8
#18 17.98  * [new tag]         wasmprinter-0.2.9     -> wasmprinter-0.2.9
#18 17.98  * [new tag]         wasmprinter-0.3.0     -> wasmprinter-0.3.0
#18 17.98  * [new tag]         wast-11.0.0           -> wast-11.0.0
#18 17.98  * [new tag]         wast-12.0.0           -> wast-12.0.0
#18 17.98  * [new tag]         wast-13.0.0           -> wast-13.0.0
#18 17.98  * [new tag]         wast-14.0.0           -> wast-14.0.0
#18 17.98  * [new tag]         wast-15.0.0           -> wast-15.0.0
#18 17.98  * [new tag]         wast-16.0.0           -> wast-16.0.0
#18 17.98  * [new tag]         wast-17.0.0           -> wast-17.0.0
#18 17.98  * [new tag]         wast-18.0.0           -> wast-18.0.0
#18 17.98  * [new tag]         wast-19.0.0           -> wast-19.0.0
#18 17.98  * [new tag]         wast-2.0.0            -> wast-2.0.0
#18 17.98  * [new tag]         wast-20.0.0           -> wast-20.0.0
#18 17.98  * [new tag]         wast-21.0.0           -> wast-21.0.0
#18 17.98  * [new tag]         wast-22.0.0           -> wast-22.0.0
#18 17.98  * [new tag]         wast-23.0.0           -> wast-23.0.0
#18 17.98  * [new tag]         wast-24.0.0           -> wast-24.0.0
#18 17.98  * [new tag]         wast-25.0.0           -> wast-25.0.0
#18 17.98  * [new tag]         wast-25.0.1           -> wast-25.0.1
#18 17.98  * [new tag]         wast-25.0.2           -> wast-25.0.2
#18 17.98  * [new tag]         wast-26.0.0           -> wast-26.0.0
#18 17.98  * [new tag]         wast-26.0.1           -> wast-26.0.1
#18 17.98  * [new tag]         wast-27.0.0           -> wast-27.0.0
#18 17.98  * [new tag]         wast-28.0.0           -> wast-28.0.0
#18 17.98  * [new tag]         wast-29.0.0           -> wast-29.0.0
#18 17.98  * [new tag]         wast-3.0.0            -> wast-3.0.0
#18 17.98  * [new tag]         wast-3.0.1            -> wast-3.0.1
#18 17.98  * [new tag]         wast-3.0.2            -> wast-3.0.2
#18 17.98  * [new tag]         wast-3.0.3            -> wast-3.0.3
#18 17.98  * [new tag]         wast-3.0.4            -> wast-3.0.4
#18 17.98  * [new tag]         wast-30.0.0           -> wast-30.0.0
#18 17.98  * [new tag]         wast-31.0.0           -> wast-31.0.0
#18 17.98  * [new tag]         wast-32.0.0           -> wast-32.0.0
#18 17.98  * [new tag]         wast-33.0.0           -> wast-33.0.0
#18 17.98  * [new tag]         wast-35.0.0           -> wast-35.0.0
#18 17.98  * [new tag]         wast-35.0.1           -> wast-35.0.1
#18 17.98  * [new tag]         wast-35.0.2           -> wast-35.0.2
#18 17.98  * [new tag]         wast-36.0.0           -> wast-36.0.0
#18 17.98  * [new tag]         wast-37.0.0           -> wast-37.0.0
#18 17.98  * [new tag]         wast-38.0.0           -> wast-38.0.0
#18 17.98  * [new tag]         wast-38.0.1           -> wast-38.0.1
#18 17.99  * [new tag]         wast-39.0.0           -> wast-39.0.0
#18 17.99  * [new tag]         wast-4.0.0            -> wast-4.0.0
#18 17.99  * [new tag]         wast-5.0.0            -> wast-5.0.0
#18 17.99  * [new tag]         wast-5.0.1            -> wast-5.0.1
#18 17.99  * [new tag]         wast-6.0.0            -> wast-6.0.0
#18 17.99  * [new tag]         wast-7.0.0            -> wast-7.0.0
#18 17.99  * [new tag]         wast-8.0.0            -> wast-8.0.0
#18 17.99  * [new tag]         wast-9.0.0            -> wast-9.0.0
#18 17.99  * [new tag]         wast-parser-0.1.0     -> wast-parser-0.1.0
#18 17.99  * [new tag]         wast-parser-0.2.0     -> wast-parser-0.2.0
#18 17.99  * [new tag]         wat-1.0.0             -> wat-1.0.0
#18 17.99  * [new tag]         wat-1.0.1             -> wat-1.0.1
#18 17.99  * [new tag]         wat-1.0.10            -> wat-1.0.10
#18 17.99  * [new tag]         wat-1.0.12            -> wat-1.0.12
#18 17.99  * [new tag]         wat-1.0.13            -> wat-1.0.13
#18 17.99  * [new tag]         wat-1.0.14            -> wat-1.0.14
#18 17.99  * [new tag]         wat-1.0.15            -> wat-1.0.15
#18 17.99  * [new tag]         wat-1.0.16            -> wat-1.0.16
#18 17.99  * [new tag]         wat-1.0.17            -> wat-1.0.17
#18 17.99  * [new tag]         wat-1.0.18            -> wat-1.0.18
#18 17.99  * [new tag]         wat-1.0.19            -> wat-1.0.19
#18 17.99  * [new tag]         wat-1.0.2             -> wat-1.0.2
#18 17.99  * [new tag]         wat-1.0.20            -> wat-1.0.20
#18 17.99  * [new tag]         wat-1.0.21            -> wat-1.0.21
#18 17.99  * [new tag]         wat-1.0.22            -> wat-1.0.22
#18 17.99  * [new tag]         wat-1.0.23            -> wat-1.0.23
#18 17.99  * [new tag]         wat-1.0.24            -> wat-1.0.24
#18 17.99  * [new tag]         wat-1.0.25            -> wat-1.0.25
#18 17.99  * [new tag]         wat-1.0.26            -> wat-1.0.26
#18 17.99  * [new tag]         wat-1.0.27            -> wat-1.0.27
#18 17.99  * [new tag]         wat-1.0.28            -> wat-1.0.28
#18 17.99  * [new tag]         wat-1.0.29            -> wat-1.0.29
#18 17.99  * [new tag]         wat-1.0.3             -> wat-1.0.3
#18 17.99  * [new tag]         wat-1.0.30            -> wat-1.0.30
#18 17.99  * [new tag]         wat-1.0.31            -> wat-1.0.31
#18 17.99  * [new tag]         wat-1.0.32            -> wat-1.0.32
#18 17.99  * [new tag]         wat-1.0.33            -> wat-1.0.33
#18 17.99  * [new tag]         wat-1.0.34            -> wat-1.0.34
#18 17.99  * [new tag]         wat-1.0.36            -> wat-1.0.36
#18 17.99  * [new tag]         wat-1.0.37            -> wat-1.0.37
#18 17.99  * [new tag]         wat-1.0.38            -> wat-1.0.38
#18 17.99  * [new tag]         wat-1.0.39            -> wat-1.0.39
#18 18.00  * [new tag]         wat-1.0.4             -> wat-1.0.4
#18 18.00  * [new tag]         wat-1.0.40            -> wat-1.0.40
#18 18.00  * [new tag]         wat-1.0.41            -> wat-1.0.41
#18 18.00  * [new tag]         wat-1.0.5             -> wat-1.0.5
#18 18.00  * [new tag]         wat-1.0.6             -> wat-1.0.6
#18 18.00  * [new tag]         wat-1.0.7             -> wat-1.0.7
#18 18.00  * [new tag]         wat-1.0.8             -> wat-1.0.8
#18 18.00  * [new tag]         wat-1.0.9             -> wat-1.0.9
#18 18.11 error: pathspec '1d5a2cd8' did not match any file(s) known to git
#18 18.11 error: pathspec '1d5a2cd8' did not match any file(s) known to git
#18 18.12 error: pathspec '1d5a2cd8' did not match any file(s) known to git
#18 18.15 error: pathspec '1d5a2cd8' did not match any file(s) known to git
#18 18.16 error: pathspec '1d5a2cd8' did not match any file(s) known to git
#18 18.18 error: pathspec '1d5a2cd8' did not match any file(s) known to git
#18 18.32 error: pathspec '1d5a2cd8' did not match any file(s) known to git
#18 18.36 Checkout unsuccessful.
#18 DONE 18.6s

#19 [stage-1 12/13] RUN echo "#!/bin/bash\nPYTHONPATH=/src python3 -u -c "from fuzzers import utils; utils.initialize_env(); from fuzzers.afl import fuzzer; fuzzer.build()"" > /usr/bin/fuzzer_build &&     chmod +x /usr/bin/fuzzer_build
#19 sha256:b7e5565aa11bccef148bd894949dc75142b6b19a7a4f1e282d97553aab8a93a0
#19 DONE 0.9s

#20 [stage-1 13/13] RUN echo "Run fuzzer_build to build the target" && if [ -z "$debug_builder" ] ; then fuzzer_build; fi
#20 sha256:d5eec103de8c6cb12e43aec55d4d30610547a287f59d484aef8cb2bb6b788a96
#20 0.574 Run fuzzer_build to build the target
#20 0.686 FUZZ_TARGET = wasmtime
#20 0.686 CFLAGS = -DFUZZING_BUILD_MODE_UNSAFE_FOR_PRODUCTION -pthread -Wl,--no-as-needed -Wl,-ldl -Wl,-lm -Wno-unused-command-line-argument -O3
#20 0.686 CXXFLAGS = -DFUZZING_BUILD_MODE_UNSAFE_FOR_PRODUCTION -pthread -Wl,--no-as-needed -Wl,-ldl -Wl,-lm -Wno-unused-command-line-argument -stdlib=libc++ -O3
#20 0.699 Building benchmark wasmtime_wasmtime with fuzzer afl
#20 0.703 + build wasmtime '' '' --features peepmatic-fuzzing
#20 0.703 + project=wasmtime
#20 0.703 + shift
#20 0.703 + fuzzer_prefix=
#20 0.703 + shift
#20 0.703 + fuzz_targets=
#20 0.703 + shift
#20 0.703 + PROJECT_DIR=/src/wasmtime
#20 0.703 + cd /src/wasmtime/fuzz
#20 0.703 + cargo fuzz build -O --debug-assertions --features peepmatic-fuzzing
#20 0.707 /usr/local/bin/cargo: line 55: /rust/bin/cargo: No such file or directory
#20 0.708 Traceback (most recent call last):
#20 0.708   File "<string>", line 1, in <module>
#20 0.708   File "/src/fuzzers/afl/fuzzer.py", line 40, in build
#20 0.708     utils.build_benchmark()
#20 0.708   File "/src/fuzzers/utils.py", line 82, in build_benchmark
#20 0.708     subprocess.check_call(['/bin/bash', '-ex', build_script], env=env)
#20 0.708   File "/usr/local/lib/python3.8/subprocess.py", line 364, in check_call
#20 0.709     raise CalledProcessError(retcode, cmd)
#20 0.709 subprocess.CalledProcessError: Command '['/bin/bash', '-ex', '/src/build.sh']' returned non-zero exit status 127.
#20 ERROR: executor failed running [/bin/sh -c echo "Run fuzzer_build to build the target" && if [ -z "$debug_builder" ] ; then fuzzer_build; fi]: exit code: 1
------
 > importing cache manifest from gcr.io/fuzzbench/builders/afl/wasmtime_wasmtime:
------
------
 > [stage-1 13/13] RUN echo "Run fuzzer_build to build the target" && if [ -z "$debug_builder" ] ; then fuzzer_build; fi:
------
executor failed running [/bin/sh -c echo "Run fuzzer_build to build the target" && if [ -z "$debug_builder" ] ; then fuzzer_build; fi]: exit code: 1
make: *** [docker/generated.mk:2728909: .afl-wasmtime_wasmtime-builder] Error 1
/bin/sh: 1: source: not found
#2 [internal] load .dockerignore
#2 sha256:9edda25eafd9d8b0f96bc2857ab15a00d64a61d28f6a49b908be25896d0835bc
#2 transferring context: 2B done
#2 DONE 0.4s

#1 [internal] load build definition from Dockerfile
#1 sha256:9871a407637b51fc26ad40e2beb4c381b3becb3a74eff07fe0b1f0d8730973f4
#1 transferring dockerfile: 32B done
#1 DONE 0.3s

#3 [internal] load metadata for gcr.io/oss-fuzz-base/base-builder:latest
#3 sha256:f10dc39cc9d418a5bc416dead31a1902b6821fdae909cd3b08f7a3fd1faba7b5
#3 DONE 0.4s

#5 [1/9] FROM gcr.io/oss-fuzz-base/base-builder@sha256:f4e5ea12494fab091c5d830cf803b3421f2860f729b9d1b07da44924396cf8cf
#5 sha256:ef290950573a2779ee526af357b28fbddfc20d7409aa51f58f777c9e972cba29
#5 DONE 0.0s

#4 importing cache manifest from gcr.io/fuzzbench/builders/benchmark/wasmtime_wasmtime
#4 sha256:533c0bb4e0e9a1044272be6e1467b44e2852365518bd821183806ce20b30b293
#4 DONE 0.0s

#13 [internal] load build context
#13 sha256:eb33679c74264e252f7dae376fca6bb8d1451d23683d9e4b8c8d48102576a2b8
#13 transferring context: 64B done
#13 DONE 0.1s

#9 [5/9] RUN git clone --depth 1 https://github.com/bytecodealliance/wasmtime wasmtime
#9 sha256:c60fd5a5704067ef64f52be30a0292094d8f175d9963e6402dbe2cb73372c9d7
#9 CACHED

#6 [2/9] RUN apt-get update && apt-get install -y make autoconf automake libtool curl cmake python llvm-dev libclang-dev clang
#6 sha256:66bc0ce1eb224e9ff493fe7fadec6414b98db0fd06e0576b70a9dcc480786ace
#6 CACHED

#7 [3/9] RUN git clone --depth 1 https://github.com/bytecodealliance/wasm-tools wasm-tools
#7 sha256:e892d9080a90d002b5ee9fd87263c517f03962581eeb9c0452294595868e7c24
#7 CACHED

#10 [6/9] WORKDIR wasmtime
#10 sha256:4189e468d15781f64f3754dfd8c8a005e9b4d975ab1f1dc75dc3a8a314d6879c
#10 CACHED

#8 [4/9] RUN git clone --depth 1 https://github.com/bytecodealliance/regalloc.rs regalloc.rs
#8 sha256:7caf9fabef2ce707cc58ab5052beb954dd4866a8e4c9c65e1a307b0af7652686
#8 CACHED

#11 [7/9] RUN git submodule update --init --recursive
#11 sha256:d5030274cd5b7e4cac1324ac72fdd8e0555c27523e1f11fca4b388bef119e5fc
#11 CACHED

#12 [8/9] RUN git clone --depth 1 https://github.com/bytecodealliance/wasmtime-libfuzzer-corpus wasmtime-libfuzzer-corpus
#12 sha256:701981e6918d4e52201ea964b055de3e5b0a517a224e8ac36354098fac4fb27a
#12 CACHED

#14 [9/9] COPY build.sh default.options /src/
#14 sha256:f368aa59abc8e03e81e1a0eedeeb74fd5d66d6619ec5bb992fa874faabf3563e
#14 CACHED

#15 exporting to image
#15 sha256:e8c613e07b0b7ff33893b694f7759a10d42e180f2b4dc349fb57dc6b71dcab00
#15 exporting layers done
#15 writing image sha256:26582ed5e75ecb0114e5fa412dcc2dbd31f88e500edef5992dce86e6df5c0376 0.0s done
#15 naming to gcr.io/fuzzbench/builders/benchmark/wasmtime_wasmtime done
#15 DONE 0.5s

#16 exporting cache
#16 sha256:2700d4ef94dee473593c5c614b55b2dedcca7893909811a8f2b48291a1f581e4
#16 preparing build cache for export done
#16 DONE 0.0s
#1 [internal] load build definition from builder.Dockerfile
#1 sha256:3c1e1b2faa062a7dca156e59fb48c81d22e041698e592bce7ba5754283408477
#1 transferring dockerfile: 46B done
#1 DONE 0.1s

#2 [internal] load .dockerignore
#2 sha256:4c55cf2208bd8d8e7a6f8b1d0abd6439500ddee6a2b7d93d26496a0fe534a03f
#2 transferring context: 2B done
#2 DONE 0.1s

#3 [internal] load metadata for gcr.io/fuzzbench/builders/benchmark/wasmtime_wasmtime:latest
#3 sha256:370e9c49955d1cbc4f79da4f86f7eca76e820617680726e0080abe7d2d3baf7f
#3 DONE 0.0s

#4 importing cache manifest from gcr.io/fuzzbench/builders/afl/wasmtime_wasmtime-intermediate
#4 sha256:f24b014c3a2d3048fdc622f8eadfb4bcd5b87c5d10863fbfe714eaf9e6d60f1c
#4 DONE 0.0s

#5 [1/3] FROM gcr.io/fuzzbench/builders/benchmark/wasmtime_wasmtime
#5 sha256:3fc09ec4a3ee0cfd57e1170183cba00944cc00f03acfbc3c46973e7a1cadf188
#5 DONE 0.0s

#6 [2/3] RUN git clone https://github.com/google/AFL.git /afl &&     cd /afl &&     git checkout 61037103ae3722c8060ff7082994836a794f978e &&     AFL_NO_X86=1 make
#6 sha256:3e67f3e161a0572928be652ab56e0c47e1eb6d4a3b069f5b20e15e008093f6df
#6 CACHED

#7 [3/3] RUN apt-get update &&     apt-get install wget -y &&     wget https://raw.githubusercontent.com/llvm/llvm-project/5feb80e748924606531ba28c97fe65145c65372e/compiler-rt/lib/fuzzer/afl/afl_driver.cpp -O /afl/afl_driver.cpp &&     clang -Wno-pointer-sign -c /afl/llvm_mode/afl-llvm-rt.o.c -I/afl &&     clang++ -stdlib=libc++ -std=c++11 -O2 -c /afl/afl_driver.cpp &&     ar r /libAFL.a *.o
#7 sha256:299c943450aa54cd5b1f4f8eb002fa33370c4db94d379ffb4896c92de44b5b37
#7 CACHED

#8 exporting to image
#8 sha256:e8c613e07b0b7ff33893b694f7759a10d42e180f2b4dc349fb57dc6b71dcab00
#8 exporting layers done
#8 writing image sha256:dfe1264735c836cab5a69f8e8a104b05c6e9382e292cb2fac9b9ca8e3b2fd719 0.0s done
#8 naming to gcr.io/fuzzbench/builders/afl/wasmtime_wasmtime-intermediate done
#8 DONE 0.4s

#9 exporting cache
#9 sha256:2700d4ef94dee473593c5c614b55b2dedcca7893909811a8f2b48291a1f581e4
#9 preparing build cache for export done
#9 DONE 0.0s
#1 [internal] load build definition from Dockerfile
#1 sha256:5fe4eb661b348ace8acc6d8b245b3f00c2475ede55a7f82157eb68202f51852c
#1 transferring dockerfile: 2.00kB done
#1 DONE 0.1s

#2 [internal] load .dockerignore
#2 sha256:97a6cd0bf3d98646223bdac05d8730e927061ea1c43df5e5ec32cf4da22c5dd6
#2 transferring context: 34B done
#2 DONE 0.1s

#3 [internal] load metadata for docker.io/library/ubuntu:xenial
#3 sha256:f62bae18ed588840f045c881b2502661f2a89578a2f8f99b83f5200ee83dd25b
#3 DONE 0.0s

#5 [1/7] FROM docker.io/library/ubuntu:xenial
#5 sha256:14dd403f25ae9e519bd44f27dc17af7ce80f5a4f9f48ca88108364e67ec5d360
#5 DONE 0.0s

#4 importing cache manifest from gcr.io/fuzzbench/base-image
#4 sha256:9b220ebb4d4daceed1b96df9b6dca076e762f1cd612574f010b82d5b9e5ad896
#4 DONE 0.0s

#8 [internal] load build context
#8 sha256:c2f15e9f4845624c61d34383598cc17251354f429ff39a4151325c9aab9009de
#8 transferring context: 559B 0.0s done
#8 DONE 0.1s

#11 [6/7] RUN apt-get update -y && apt-get install -y     apt-transport-https     lsb-release
#11 sha256:b4086723c407089f0630ce0048a22aa5921e6ecde6d0e7cf3d35131f58d1bd8b
#11 CACHED

#10 [5/7] RUN pip3 install -r /requirements.txt
#10 sha256:52d3ef35930bac5b9e559bedebfe7786c3c668c1681cb9a85b1aaaa9a21e5704
#10 CACHED

#6 [2/7] RUN apt-get update -y && apt-get install -y     build-essential     rsync     curl     zlib1g-dev     libncurses5-dev     libgdbm-dev     libnss3-dev     libssl-dev     libreadline-dev     libffi-dev     virtualenv     libbz2-dev     liblzma-dev     libsqlite3-dev
#6 sha256:3a1b0960f17eed529eaae93dc8fd3554f2743dd584d8fa569cdbe6bc734371ac
#6 CACHED

#7 [3/7] RUN cd /tmp/ &&     curl -O https://www.python.org/ftp/python/3.8.6/Python-3.8.6.tar.xz &&     tar -xvf Python-3.8.6.tar.xz &&     cd Python-3.8.6 &&     ./configure --enable-loadable-sqlite-extensions --enable-optimizations &&     make -j install &&     rm -r /tmp/Python-3.8.6.tar.xz /tmp/Python-3.8.6
#7 sha256:c5b9d1fb3371e84dbc60b76e7b2f8d5913bc93bcd4910ab65daa03e7b2ec4bb0
#7 CACHED

#9 [4/7] COPY ./requirements.txt /
#9 sha256:c240cd6b35aa316ecd581f8fbedbb11ce5cb59d70ee79f10c118071a7394837e
#9 CACHED

#12 [7/7] RUN CLOUD_SDK_REPO="cloud-sdk-$(lsb_release -c -s)" &&     echo "deb https://packages.cloud.google.com/apt $CLOUD_SDK_REPO main"     | tee -a /etc/apt/sources.list.d/google-cloud-sdk.list &&     curl https://packages.cloud.google.com/apt/doc/apt-key.gpg     | apt-key add - &&     apt-get update -y &&     apt-get install -y google-cloud-sdk
#12 sha256:3aef3305b8d8c3167ef423c843ed667d51af82a6933b68175a980c5bb37ad358
#12 CACHED

#13 exporting to image
#13 sha256:e8c613e07b0b7ff33893b694f7759a10d42e180f2b4dc349fb57dc6b71dcab00
#13 exporting layers done
#13 writing image sha256:139540fb22a119f888cb3e5ed6e013e8d868574697f5fb839e5da9e23de73e0a done
#13 naming to gcr.io/fuzzbench/base-image done
#13 DONE 0.1s

#14 exporting cache
#14 sha256:2700d4ef94dee473593c5c614b55b2dedcca7893909811a8f2b48291a1f581e4
#14 preparing build cache for export done
#14 DONE 0.0s
#1 [internal] load build definition from Dockerfile
#1 sha256:2148376431d882ecd79b746dc1bf1ff23ad2748d7c9db93bffe1b3f9e430775b
#1 transferring dockerfile: 2.22kB done
#1 DONE 0.0s

#2 [internal] load .dockerignore
#2 sha256:0a5ad2fbfda0e6c55caf3a8a861ed1373e7d3b3b8cdb9ba24c123ba50fe9c103
#2 transferring context: 34B done
#2 DONE 0.0s

#4 [internal] load metadata for gcr.io/fuzzbench/base-image:latest
#4 sha256:932022888f650cc455b10eb5123bb08c0cccacac29a693e69314abbfd28a72c3
#4 DONE 0.0s

#3 [internal] load metadata for gcr.io/fuzzbench/builders/afl/wasmtime_wasmtime-intermediate:latest
#3 sha256:7abc1651e45f905acb1c3c5648ac4f983ec9e8e350c838388a2f8dc8cae4c230
#3 DONE 0.0s

#12 [internal] load build context
#12 sha256:100d6b0a76536e9a7ffc41d2a7faa44b004a5c61da1c8de379447c62d810fe2d
#12 DONE 0.0s

#7 [base-image 1/1] FROM gcr.io/fuzzbench/base-image
#7 sha256:4d07825694520f8b6f6a0d8592dbd345433361ae044cb7f06706c5a95e3daaad
#7 DONE 0.0s

#6 [stage-1  1/13] FROM gcr.io/fuzzbench/builders/afl/wasmtime_wasmtime-intermediate
#6 sha256:e861512207ba7d1ae01899adc2c47be354f6313a5fe9f745e51719bd48febc14
#6 DONE 0.0s

#5 importing cache manifest from gcr.io/fuzzbench/builders/afl/wasmtime_wasmtime
#5 sha256:13b05a4c031cd4f84bed364d2105fd4f73f3622916bb75868cdf389a0f84e747
#5 ERROR: gcr.io/fuzzbench/builders/afl/wasmtime_wasmtime:latest: not found

#12 [internal] load build context
#12 sha256:100d6b0a76536e9a7ffc41d2a7faa44b004a5c61da1c8de379447c62d810fe2d
#12 transferring context: 669.87kB 0.1s done
#12 DONE 0.2s

#18 [stage-1 11/13] RUN export CHECKOUT_COMMIT=$(cat /benchmark.yaml | tr -d ' ' | grep 'commit:' | cut -d ':' -f2) &&     python3 -u /opt/fuzzbench/checkout_commit.py $CHECKOUT_COMMIT /src
#18 sha256:b14fb47bd14efb60a6f640cbc0ea2d7b1f9bd2b4e9fc726151b9a97df2310e81
#18 CACHED

#13 [stage-1  6/13] COPY fuzzers /src/fuzzers
#13 sha256:5f3330a069e22c6332166ebd6cffdb1a04e4800a741ce134d00e8e9d55b73459
#13 CACHED

#14 [stage-1  7/13] RUN touch /src/__init__.py
#14 sha256:d50c73d35b73629abb8ea611df7ecb52a00f94632c5a413a2d1439777fd785b6
#14 CACHED

#9 [stage-1  3/13] COPY --from=base-image /usr/local/lib/python3.8 /usr/local/lib/python3.8
#9 sha256:83ca13d226cea7edd62057d02e33461a5c718c6d924fbfd2a1fd35ceeeabf203
#9 CACHED

#15 [stage-1  8/13] COPY benchmarks/wasmtime_wasmtime/benchmark.yaml /
#15 sha256:6a54a8d5e5cd3900c479632cdba9734d5da196ec1365edc694dcc8cea1b0e127
#15 CACHED

#8 [stage-1  2/13] COPY --from=base-image /usr/local/bin/python3* /usr/local/bin/
#8 sha256:edb26e699e24463b02159ce08fd2aa6c1faccd328d3c2cbd739bb63aefede163
#8 CACHED

#10 [stage-1  4/13] COPY --from=base-image /usr/local/include/python3.8 /usr/local/include/python3.8
#10 sha256:1b91c679cc0ad2fa1330dbb6e1f38d79a724fcc271f7d3c7d651a2fc5c2c1a57
#10 CACHED

#11 [stage-1  5/13] COPY --from=base-image /usr/local/lib/python3.8/site-packages /usr/local/lib/python3.8/site-packages
#11 sha256:99cc4917aa1e02e9695fc46c9b531d47793da1f81029cf1d3625b5698dc7cbb5
#11 CACHED

#16 [stage-1  9/13] RUN mkdir /opt/fuzzbench/
#16 sha256:3866e8922f304ebb099ff3b244302e880b5518d0c6c56fd43807e890494c9f09
#16 CACHED

#17 [stage-1 10/13] COPY docker/benchmark-builder/checkout_commit.py /opt/fuzzbench/
#17 sha256:3389fc400a9faa0964665be17a026defed654273264724eed500f2edd6a8d2fe
#17 CACHED

#19 [stage-1 12/13] RUN echo "#!/bin/bash\nPYTHONPATH=/src python3 -u -c "from fuzzers import utils; utils.initialize_env(); from fuzzers.afl import fuzzer; fuzzer.build()"" > /usr/bin/fuzzer_build &&     chmod +x /usr/bin/fuzzer_build
#19 sha256:920c97941caa77b06b0935213429436caad37e75f28a1f3a185c0ba9f863fa27
#19 CACHED

#20 [stage-1 13/13] RUN echo "Run fuzzer_build to build the target" && if [ -z "$debug_builder" ] ; then fuzzer_build; fi
#20 sha256:6413d9fc0182f2ecf6993898f4b6c744303dfae14696fd2874a0469b19025597
#20 0.403 Run fuzzer_build to build the target
#20 0.517 FUZZ_TARGET = wasmtime
#20 0.517 CFLAGS = -DFUZZING_BUILD_MODE_UNSAFE_FOR_PRODUCTION -pthread -Wl,--no-as-needed -Wl,-ldl -Wl,-lm -Wno-unused-command-line-argument -O3
#20 0.517 CXXFLAGS = -DFUZZING_BUILD_MODE_UNSAFE_FOR_PRODUCTION -pthread -Wl,--no-as-needed -Wl,-ldl -Wl,-lm -Wno-unused-command-line-argument -stdlib=libc++ -O3
#20 0.522 Building benchmark wasmtime_wasmtime with fuzzer afl
#20 0.525 + build wasmtime '' '' --features peepmatic-fuzzing
#20 0.525 + project=wasmtime
#20 0.525 + shift
#20 0.525 + fuzzer_prefix=
#20 0.525 + shift
#20 0.525 + fuzz_targets=
#20 0.525 + shift
#20 0.525 + PROJECT_DIR=/src/wasmtime
#20 0.525 + cd /src/wasmtime/fuzz
#20 0.525 + cargo fuzz build -O --debug-assertions --features peepmatic-fuzzing
#20 0.529 /usr/local/bin/cargo: line 55: /rust/bin/cargo: No such file or directory
#20 0.530 Traceback (most recent call last):
#20 0.530   File "<string>", line 1, in <module>
#20 0.530   File "/src/fuzzers/afl/fuzzer.py", line 40, in build
#20 0.530     utils.build_benchmark()
#20 0.530   File "/src/fuzzers/utils.py", line 82, in build_benchmark
#20 0.530     subprocess.check_call(['/bin/bash', '-ex', build_script], env=env)
#20 0.530   File "/usr/local/lib/python3.8/subprocess.py", line 364, in check_call
#20 0.531     raise CalledProcessError(retcode, cmd)
#20 0.531 subprocess.CalledProcessError: Command '['/bin/bash', '-ex', '/src/build.sh']' returned non-zero exit status 127.
#20 ERROR: executor failed running [/bin/sh -c echo "Run fuzzer_build to build the target" && if [ -z "$debug_builder" ] ; then fuzzer_build; fi]: exit code: 1
------
 > importing cache manifest from gcr.io/fuzzbench/builders/afl/wasmtime_wasmtime:
------
------
 > [stage-1 13/13] RUN echo "Run fuzzer_build to build the target" && if [ -z "$debug_builder" ] ; then fuzzer_build; fi:
------
executor failed running [/bin/sh -c echo "Run fuzzer_build to build the target" && if [ -z "$debug_builder" ] ; then fuzzer_build; fi]: exit code: 1
make: *** [docker/generated.mk:2728909: .afl-wasmtime_wasmtime-builder] Error 1
