WARNING:root:gcloud not found in PATH.
INFO:root:Successfully integrated benchmark: myanmar-tools_myanmar-tools.
INFO:root:Please run "make test-run-afl-myanmar-tools_myanmar-tools" to test integration.
#1 [internal] load build definition from Dockerfile
#1 sha256:ff1f58a67853329e69611739b259ead234134936597cff3255555c22d7e3336c
#1 transferring dockerfile: 891B done
#1 DONE 0.1s

#2 [internal] load .dockerignore
#2 sha256:ccee6b9c0196b0b1d91fe1241c0af9e5d3794fcf99913a88bcfcaddbb8d71585
#2 transferring context: 2B done
#2 DONE 0.1s

#3 [internal] load metadata for gcr.io/oss-fuzz-base/base-builder:latest
#3 sha256:f10dc39cc9d418a5bc416dead31a1902b6821fdae909cd3b08f7a3fd1faba7b5
#3 DONE 0.5s

#5 [1/7] FROM gcr.io/oss-fuzz-base/base-builder@sha256:f4e5ea12494fab091c5d830cf803b3421f2860f729b9d1b07da44924396cf8cf
#5 sha256:ef290950573a2779ee526af357b28fbddfc20d7409aa51f58f777c9e972cba29
#5 CACHED

#9 [internal] load build context
#9 sha256:4475fe3bb205c799eb7f47d7759af1f0e557188930596751f93b7f10d1100dfb
#9 DONE 0.0s

#4 importing cache manifest from gcr.io/fuzzbench/builders/benchmark/myanmar-tools_myanmar-tools
#4 sha256:6d24aaaef7a4e4f20e45ae36df8121924f0aa026ef79e1f74b113ccad525a46d
#4 ERROR: gcr.io/fuzzbench/builders/benchmark/myanmar-tools_myanmar-tools:latest: not found

#6 [2/5] RUN apt-get update && apt-get -y install     build-essential     cmake     libunwind-dev
#6 sha256:2ac087c6eae8db3028482439dae4b168ca94fb1a8e0859e39f912a2b72ce35c5
#6 CACHED

#7 [3/5] RUN git clone https://github.com/google/myanmar-tools.git
#7 sha256:1988b252553b17e4c2fcee2eb5558c209251d9101802de5399593a1b3b039bda
#7 CACHED

#9 [internal] load build context
#9 sha256:4475fe3bb205c799eb7f47d7759af1f0e557188930596751f93b7f10d1100dfb
#9 transferring context: 30B done
#9 DONE 0.0s

#8 [4/5] WORKDIR /src/myanmar-tools/clients/cpp/
#8 sha256:e907e370e1ca307a8dbfa2c0e3bd40d58e90e50391ef6ee1ccd8f55cb1deb5d8
#8 DONE 0.2s

#10 [5/5] COPY build.sh /src/
#10 sha256:9c051a03c1530501de488a69728f15c6d7b2fdf05d022f8e4943857fe9a44653
#10 DONE 0.1s

#11 exporting to image
#11 sha256:e8c613e07b0b7ff33893b694f7759a10d42e180f2b4dc349fb57dc6b71dcab00
#11 exporting layers done
#11 writing image sha256:f1fdabfcc20f3f97e5b02a9be92337105d637988c78ab9208cb394407c23b1ca
#11 writing image sha256:f1fdabfcc20f3f97e5b02a9be92337105d637988c78ab9208cb394407c23b1ca done
#11 naming to gcr.io/fuzzbench/builders/benchmark/myanmar-tools_myanmar-tools done
#11 DONE 0.1s

#12 exporting cache
#12 sha256:2700d4ef94dee473593c5c614b55b2dedcca7893909811a8f2b48291a1f581e4
#12 preparing build cache for export done
#12 DONE 0.0s
------
 > importing cache manifest from gcr.io/fuzzbench/builders/benchmark/myanmar-tools_myanmar-tools:
------
#1 [internal] load build definition from builder.Dockerfile
#1 sha256:a6dd462a1b99e90b60bca5dc339874372036a4c2460e569ebfa5ce78ff469f95
#1 transferring dockerfile: 1.35kB done
#1 DONE 0.0s

#2 [internal] load .dockerignore
#2 sha256:2c409937e19315fd9b9659be17e992040c995aba9b97be819ce30536a4db48bf
#2 transferring context: 2B done
#2 DONE 0.0s

#3 [internal] load metadata for gcr.io/fuzzbench/builders/benchmark/myanmar-tools_myanmar-tools:latest
#3 sha256:1f7266f52ca150601dedf92850a447b96490b291ad02cca40b7b9ab561857a5a
#3 DONE 0.0s

#4 importing cache manifest from gcr.io/fuzzbench/builders/afl/myanmar-tools_myanmar-tools-intermediate
#4 sha256:34f625eb0a9250faec5e047740b1f5960336a973dddf7dff85fd5ce27b3cba19
#4 ...

#5 [1/3] FROM gcr.io/fuzzbench/builders/benchmark/myanmar-tools_myanmar-tools
#5 sha256:d187ac706080266ba06d065f0c3f27c48df1650eea454a532c8f460067480748
#5 DONE 0.0s

#4 importing cache manifest from gcr.io/fuzzbench/builders/afl/myanmar-tools_myanmar-tools-intermediate
#4 sha256:34f625eb0a9250faec5e047740b1f5960336a973dddf7dff85fd5ce27b3cba19
#4 ERROR: gcr.io/fuzzbench/builders/afl/myanmar-tools_myanmar-tools-intermediate:latest: not found

#5 [1/3] FROM gcr.io/fuzzbench/builders/benchmark/myanmar-tools_myanmar-tools
#5 sha256:d187ac706080266ba06d065f0c3f27c48df1650eea454a532c8f460067480748
#5 DONE 0.2s

#6 [2/3] RUN git clone https://github.com/google/AFL.git /afl &&     cd /afl &&     git checkout 61037103ae3722c8060ff7082994836a794f978e &&     AFL_NO_X86=1 make
#6 sha256:c270c56a3768e696fc51a80f11b80f0ac47a5f3fb3c008c3cccc0896684d8e8e
#6 0.369 Cloning into '/afl'...
#6 1.200 Note: switching to '61037103ae3722c8060ff7082994836a794f978e'.
#6 1.200 
#6 1.200 You are in 'detached HEAD' state. You can look around, make experimental
#6 1.200 changes and commit them, and you can discard any commits you make in this
#6 1.200 state without impacting any branches by switching back to a branch.
#6 1.200 
#6 1.200 If you want to create a new branch to retain commits you create, you may
#6 1.200 do so (now or later) by using -c with the switch command. Example:
#6 1.200 
#6 1.200   git switch -c <new-branch-name>
#6 1.200 
#6 1.200 Or undo this operation with:
#6 1.200 
#6 1.200   git switch -
#6 1.200 
#6 1.200 Turn off this advice by setting config variable advice.detachedHead to false
#6 1.200 
#6 1.200 HEAD is now at 6103710 Fix a typo filename comparison in the fuzzer (#139)
#6 1.216 [!] Note: skipping x86 compilation checks (AFL_NO_X86 set).
#6 1.216 clang -O1 -fno-omit-frame-pointer -gline-tables-only -DFUZZING_BUILD_MODE_UNSAFE_FOR_PRODUCTION -Wall -D_FORTIFY_SOURCE=2 -g -Wno-pointer-sign -DAFL_PATH=\"/usr/local/lib/afl\" -DDOC_PATH=\"/usr/local/share/doc/afl\" -DBIN_PATH=\"/usr/local/bin\" afl-gcc.c -o afl-gcc -ldl
#6 1.415 set -e; for i in afl-g++ afl-clang afl-clang++; do ln -sf afl-gcc $i; done
#6 1.418 clang -O1 -fno-omit-frame-pointer -gline-tables-only -DFUZZING_BUILD_MODE_UNSAFE_FOR_PRODUCTION -Wall -D_FORTIFY_SOURCE=2 -g -Wno-pointer-sign -DAFL_PATH=\"/usr/local/lib/afl\" -DDOC_PATH=\"/usr/local/share/doc/afl\" -DBIN_PATH=\"/usr/local/bin\" afl-fuzz.c -o afl-fuzz -ldl
#6 4.849 clang -O1 -fno-omit-frame-pointer -gline-tables-only -DFUZZING_BUILD_MODE_UNSAFE_FOR_PRODUCTION -Wall -D_FORTIFY_SOURCE=2 -g -Wno-pointer-sign -DAFL_PATH=\"/usr/local/lib/afl\" -DDOC_PATH=\"/usr/local/share/doc/afl\" -DBIN_PATH=\"/usr/local/bin\" afl-showmap.c -o afl-showmap -ldl
#6 5.213 clang -O1 -fno-omit-frame-pointer -gline-tables-only -DFUZZING_BUILD_MODE_UNSAFE_FOR_PRODUCTION -Wall -D_FORTIFY_SOURCE=2 -g -Wno-pointer-sign -DAFL_PATH=\"/usr/local/lib/afl\" -DDOC_PATH=\"/usr/local/share/doc/afl\" -DBIN_PATH=\"/usr/local/bin\" afl-tmin.c -o afl-tmin -ldl
#6 5.699 clang -O1 -fno-omit-frame-pointer -gline-tables-only -DFUZZING_BUILD_MODE_UNSAFE_FOR_PRODUCTION -Wall -D_FORTIFY_SOURCE=2 -g -Wno-pointer-sign -DAFL_PATH=\"/usr/local/lib/afl\" -DDOC_PATH=\"/usr/local/share/doc/afl\" -DBIN_PATH=\"/usr/local/bin\" afl-gotcpu.c -o afl-gotcpu -ldl
#6 5.871 clang -O1 -fno-omit-frame-pointer -gline-tables-only -DFUZZING_BUILD_MODE_UNSAFE_FOR_PRODUCTION -Wall -D_FORTIFY_SOURCE=2 -g -Wno-pointer-sign -DAFL_PATH=\"/usr/local/lib/afl\" -DDOC_PATH=\"/usr/local/share/doc/afl\" -DBIN_PATH=\"/usr/local/bin\" afl-analyze.c -o afl-analyze -ldl
#6 6.288 clang -O1 -fno-omit-frame-pointer -gline-tables-only -DFUZZING_BUILD_MODE_UNSAFE_FOR_PRODUCTION -Wall -D_FORTIFY_SOURCE=2 -g -Wno-pointer-sign -DAFL_PATH=\"/usr/local/lib/afl\" -DDOC_PATH=\"/usr/local/share/doc/afl\" -DBIN_PATH=\"/usr/local/bin\" afl-as.c -o afl-as -ldl
#6 6.572 ln -sf afl-as as
#6 6.574 [!] Note: skipping build tests (you may need to use LLVM or QEMU mode).
#6 6.576 [+] LLVM users: see llvm_mode/README.llvm for a faster alternative to afl-gcc.
#6 6.577 [+] All done! Be sure to review README - it's pretty short and useful.
#6 DONE 6.9s

#7 [3/3] RUN apt-get update &&     apt-get install wget -y &&     wget https://raw.githubusercontent.com/llvm/llvm-project/5feb80e748924606531ba28c97fe65145c65372e/compiler-rt/lib/fuzzer/afl/afl_driver.cpp -O /afl/afl_driver.cpp &&     clang -Wno-pointer-sign -c /afl/llvm_mode/afl-llvm-rt.o.c -I/afl &&     clang++ -stdlib=libc++ -std=c++11 -O2 -c /afl/afl_driver.cpp &&     ar r /libAFL.a *.o
#7 sha256:23697e629d8caa08eb790b5da5e2bbd1315821ae046571fa3f1896db89a71caa
#7 0.714 Hit:1 http://archive.ubuntu.com/ubuntu focal InRelease
#7 0.714 Hit:2 http://archive.ubuntu.com/ubuntu focal-updates InRelease
#7 0.714 Hit:3 http://security.ubuntu.com/ubuntu focal-security InRelease
#7 0.714 Hit:4 http://ppa.launchpad.net/git-core/ppa/ubuntu focal InRelease
#7 0.720 Hit:5 http://archive.ubuntu.com/ubuntu focal-backports InRelease
#7 1.632 Reading package lists...
#7 3.398 Reading package lists...
#7 5.034 Building dependency tree...
#7 5.282 Reading state information...
#7 5.577 wget is already the newest version (1.20.3-1ubuntu2).
#7 5.577 0 upgraded, 0 newly installed, 0 to remove and 2 not upgraded.
#7 5.590 --2022-02-15 11:09:09--  https://raw.githubusercontent.com/llvm/llvm-project/5feb80e748924606531ba28c97fe65145c65372e/compiler-rt/lib/fuzzer/afl/afl_driver.cpp
#7 5.597 Resolving raw.githubusercontent.com (raw.githubusercontent.com)... 185.199.111.133, 185.199.108.133, 185.199.109.133, ...
#7 5.609 Connecting to raw.githubusercontent.com (raw.githubusercontent.com)|185.199.111.133|:443... connected.
#7 5.631 HTTP request sent, awaiting response... 200 OK
#7 5.823 Length: 9177 (9.0K) [text/plain]
#7 5.823 Saving to: '/afl/afl_driver.cpp'
#7 5.823 
#7 5.823      0K ........                                              100% 19.1M=0s
#7 5.823 
#7 5.823 2022-02-15 11:09:09 (19.1 MB/s) - '/afl/afl_driver.cpp' saved [9177/9177]
#7 5.823 
#7 7.823 ar: creating /libAFL.a
#7 DONE 8.1s

#8 exporting to image
#8 sha256:e8c613e07b0b7ff33893b694f7759a10d42e180f2b4dc349fb57dc6b71dcab00
#8 exporting layers done
#8 writing image sha256:1b9e0204ac75b77fe45fdb4b1fe313e820643fad91d37dfe07d41e9eb4f2a6f6 done
#8 naming to gcr.io/fuzzbench/builders/afl/myanmar-tools_myanmar-tools-intermediate done
#8 DONE 0.3s

#9 exporting cache
#9 sha256:2700d4ef94dee473593c5c614b55b2dedcca7893909811a8f2b48291a1f581e4
#9 preparing build cache for export done
#9 DONE 0.0s
------
 > importing cache manifest from gcr.io/fuzzbench/builders/afl/myanmar-tools_myanmar-tools-intermediate:
------
#1 [internal] load build definition from Dockerfile
#1 sha256:737c8b86ff6fdace9ec03c6cb054ace194741bef2907c7445f28f7449ee949fd
#1 transferring dockerfile: 2.00kB done
#1 DONE 0.0s

#2 [internal] load .dockerignore
#2 sha256:d06735d83203505fa3c667c6e9e9a2efdc6c363414be1b8331f988d5dc754a59
#2 transferring context: 34B done
#2 DONE 0.0s

#3 [internal] load metadata for docker.io/library/ubuntu:xenial
#3 sha256:f62bae18ed588840f045c881b2502661f2a89578a2f8f99b83f5200ee83dd25b
#3 DONE 0.0s

#4 importing cache manifest from gcr.io/fuzzbench/base-image
#4 sha256:9b220ebb4d4daceed1b96df9b6dca076e762f1cd612574f010b82d5b9e5ad896
#4 DONE 0.0s

#5 [1/7] FROM docker.io/library/ubuntu:xenial
#5 sha256:14dd403f25ae9e519bd44f27dc17af7ce80f5a4f9f48ca88108364e67ec5d360
#5 DONE 0.0s

#8 [internal] load build context
#8 sha256:47a8a9da6f8f28daaaaba0f0a9998e036ee563f11b5a625d4e6a5a5876d48572
#8 transferring context: 559B 0.1s done
#8 DONE 0.2s

#9 [4/7] COPY ./requirements.txt /
#9 sha256:861324f00e1ecfc609b31fa79546c1ce12bb54f51aa21bcd4271bed02ef75aba
#9 CACHED

#6 [2/7] RUN apt-get update -y && apt-get install -y     build-essential     rsync     curl     zlib1g-dev     libncurses5-dev     libgdbm-dev     libnss3-dev     libssl-dev     libreadline-dev     libffi-dev     virtualenv     libbz2-dev     liblzma-dev     libsqlite3-dev
#6 sha256:3a1b0960f17eed529eaae93dc8fd3554f2743dd584d8fa569cdbe6bc734371ac
#6 CACHED

#7 [3/7] RUN cd /tmp/ &&     curl -O https://www.python.org/ftp/python/3.8.6/Python-3.8.6.tar.xz &&     tar -xvf Python-3.8.6.tar.xz &&     cd Python-3.8.6 &&     ./configure --enable-loadable-sqlite-extensions --enable-optimizations &&     make -j install &&     rm -r /tmp/Python-3.8.6.tar.xz /tmp/Python-3.8.6
#7 sha256:c5b9d1fb3371e84dbc60b76e7b2f8d5913bc93bcd4910ab65daa03e7b2ec4bb0
#7 CACHED

#10 [5/7] RUN pip3 install -r /requirements.txt
#10 sha256:beb888e4297789c7602b48693070cce2aecd5cf58139ff83cc8d251bb5384fab
#10 CACHED

#11 [6/7] RUN apt-get update -y && apt-get install -y     apt-transport-https     lsb-release
#11 sha256:1bf9428626d1bfcea88dde02b023e4e422717aa38186e663d113415d80055606
#11 CACHED

#12 [7/7] RUN CLOUD_SDK_REPO="cloud-sdk-$(lsb_release -c -s)" &&     echo "deb https://packages.cloud.google.com/apt $CLOUD_SDK_REPO main"     | tee -a /etc/apt/sources.list.d/google-cloud-sdk.list &&     curl https://packages.cloud.google.com/apt/doc/apt-key.gpg     | apt-key add - &&     apt-get update -y &&     apt-get install -y google-cloud-sdk
#12 sha256:078d95bb54c69c968aa8f58039da5d518bc822dfc1c6aa0d4651c2f079da8ec3
#12 CACHED

#13 exporting to image
#13 sha256:e8c613e07b0b7ff33893b694f7759a10d42e180f2b4dc349fb57dc6b71dcab00
#13 exporting layers done
#13 writing image sha256:3e04b5fd0a277df2bc5cd3367dbf9178b152077681f3e4447621291a56e5d56f done
#13 naming to gcr.io/fuzzbench/base-image done
#13 DONE 0.0s

#14 exporting cache
#14 sha256:2700d4ef94dee473593c5c614b55b2dedcca7893909811a8f2b48291a1f581e4
#14 preparing build cache for export done
#14 DONE 0.0s
#1 [internal] load build definition from Dockerfile
#1 sha256:f2fee6e9d1a10ca1b6e4cd887b601efab4c0bfda5e5e48d31f34678d810a8ec9
#1 transferring dockerfile: 2.22kB done
#1 DONE 0.0s

#2 [internal] load .dockerignore
#2 sha256:fbf9d23c0d7ea336d02ec5c0d4116f444be86993190c283ace9dd596272286b9
#2 transferring context: 34B done
#2 DONE 0.0s

#4 [internal] load metadata for gcr.io/fuzzbench/base-image:latest
#4 sha256:932022888f650cc455b10eb5123bb08c0cccacac29a693e69314abbfd28a72c3
#4 DONE 0.0s

#3 [internal] load metadata for gcr.io/fuzzbench/builders/afl/myanmar-tools_myanmar-tools-intermediate:latest
#3 sha256:d14b077f88900ad073f19b68ac1c48b350353700abef99877037b64d8678dda3
#3 DONE 0.0s

#12 [internal] load build context
#12 sha256:3711ef450a0590f92d6423961830116adbdacc45a4aa9d9b89ecbf1235090d6a
#12 DONE 0.0s

#7 [base-image 1/1] FROM gcr.io/fuzzbench/base-image
#7 sha256:4d07825694520f8b6f6a0d8592dbd345433361ae044cb7f06706c5a95e3daaad
#7 DONE 0.0s

#6 [stage-1  1/13] FROM gcr.io/fuzzbench/builders/afl/myanmar-tools_myanmar-tools-intermediate
#6 sha256:e115ab94d89a8ea1be910b768c7b45dc60bb995a78b8070a9cfa3c9c4e9cf395
#6 DONE 0.0s

#5 importing cache manifest from gcr.io/fuzzbench/builders/afl/myanmar-tools_myanmar-tools
#5 sha256:d6528de137e59011c8461ac929ee2ac9014fb3e9de62381831e0cfba112a0203
#5 ERROR: gcr.io/fuzzbench/builders/afl/myanmar-tools_myanmar-tools:latest: not found

#7 [base-image 1/1] FROM gcr.io/fuzzbench/base-image
#7 sha256:4d07825694520f8b6f6a0d8592dbd345433361ae044cb7f06706c5a95e3daaad
#7 CACHED

#12 [internal] load build context
#12 sha256:3711ef450a0590f92d6423961830116adbdacc45a4aa9d9b89ecbf1235090d6a
#12 transferring context: 669.90kB 0.1s done
#12 DONE 0.2s

#6 [stage-1  1/13] FROM gcr.io/fuzzbench/builders/afl/myanmar-tools_myanmar-tools-intermediate
#6 sha256:e115ab94d89a8ea1be910b768c7b45dc60bb995a78b8070a9cfa3c9c4e9cf395
#6 DONE 0.8s

#8 [stage-1  2/13] COPY --from=base-image /usr/local/bin/python3* /usr/local/bin/
#8 sha256:6f04e6d0ed6b9ffa89b360180bc9a23e97f8cee5e710d345a40775d8b72ba2d3
#8 DONE 0.6s

#9 [stage-1  3/13] COPY --from=base-image /usr/local/lib/python3.8 /usr/local/lib/python3.8
#9 sha256:2c68bdf53b1d35b7cbf9c0f925cce0449489153be1d1fb58e5c09926c0d174a9
#9 DONE 12.3s

#10 [stage-1  4/13] COPY --from=base-image /usr/local/include/python3.8 /usr/local/include/python3.8
#10 sha256:12f87fa0ea8d7130b8080bd0f8acc58b694bc8e6fe12f4b98aee8fd1103c1379
#10 DONE 0.3s

#11 [stage-1  5/13] COPY --from=base-image /usr/local/lib/python3.8/site-packages /usr/local/lib/python3.8/site-packages
#11 sha256:e3254c7b8bdaf59f5cbf0ac5af90c085c6258679768226ba95c8665aefc97afc
#11 DONE 63.1s

#13 [stage-1  6/13] COPY fuzzers /src/fuzzers
#13 sha256:6b89ff8f4944113114b0beea9e3379f0a66f1b95548eecb4a2a341c0c225dc81
#13 DONE 1.5s

#14 [stage-1  7/13] RUN touch /src/__init__.py
#14 sha256:1cf7792585ada5ab77a50e59ef37e2b3b6597569dce7bb97b9170ed53201e3d3
#14 DONE 45.9s

#15 [stage-1  8/13] COPY benchmarks/myanmar-tools_myanmar-tools/benchmark.yaml /
#15 sha256:2c464e2ff1ac18a9e80a3a4e039e27e92af6d70bf3681d7fc6551370a691e9a5
#15 DONE 2.1s

#16 [stage-1  9/13] RUN mkdir /opt/fuzzbench/
#16 sha256:ec2c341334964c759947e71a151b02963c224731c702dbd0b44b045def22251e
#16 DONE 3.3s

#17 [stage-1 10/13] COPY docker/benchmark-builder/checkout_commit.py /opt/fuzzbench/
#17 sha256:3c9e4f58e5507579b29daec44d1e66871da99d015eaa2ed88f56407fee9fccf6
#17 DONE 0.7s

#18 [stage-1 11/13] RUN export CHECKOUT_COMMIT=$(cat /benchmark.yaml | tr -d ' ' | grep 'commit:' | cut -d ':' -f2) &&     python3 -u /opt/fuzzbench/checkout_commit.py $CHECKOUT_COMMIT /src
#18 sha256:e7e842d5b5a322c1bcbd477494064939a4002f8831009953bf77f8b2fa4c4be4
#18 1.468 Checking out commit daa6f9dd
#18 1.479 error: pathspec 'daa6f9dd' did not match any file(s) known to git
#18 1.489 error: pathspec 'daa6f9dd' did not match any file(s) known to git
#18 1.497 error: pathspec 'daa6f9dd' did not match any file(s) known to git
#18 1.517 error: pathspec 'daa6f9dd' did not match any file(s) known to git
#18 1.661 Checkout unsuccessful.
#18 DONE 2.1s

#19 [stage-1 12/13] RUN echo "#!/bin/bash\nPYTHONPATH=/src python3 -u -c "from fuzzers import utils; utils.initialize_env(); from fuzzers.afl import fuzzer; fuzzer.build()"" > /usr/bin/fuzzer_build &&     chmod +x /usr/bin/fuzzer_build
#19 sha256:a644fe7c8f1abbacbe30912f920af58b87176ec68dd8133cf89a735be6f3c682
#19 DONE 1.1s

#20 [stage-1 13/13] RUN echo "Run fuzzer_build to build the target" && if [ -z "$debug_builder" ] ; then fuzzer_build; fi
#20 sha256:a9bf9b5002a5ca9ee134ca8661573cd067c809ef0d23c736f0172d82ca25aded
#20 0.448 Run fuzzer_build to build the target
#20 0.611 FUZZ_TARGET = myanmar-tools
#20 0.611 CFLAGS = -DFUZZING_BUILD_MODE_UNSAFE_FOR_PRODUCTION -pthread -Wl,--no-as-needed -Wl,-ldl -Wl,-lm -Wno-unused-command-line-argument -O3
#20 0.611 CXXFLAGS = -DFUZZING_BUILD_MODE_UNSAFE_FOR_PRODUCTION -pthread -Wl,--no-as-needed -Wl,-ldl -Wl,-lm -Wno-unused-command-line-argument -stdlib=libc++ -O3
#20 0.629 Building benchmark myanmar-tools_myanmar-tools with fuzzer afl
#20 0.633 + cd /src/myanmar-tools/clients/cpp
#20 0.633 + mkdir build
#20 0.637 + cd build
#20 0.637 + cmake -DCMAKE_C_COMPILER=clang -DCMAKE_CXX_COMPILER=clang++ '-DCMAKE_C_FLAGS=-DFUZZING_BUILD_MODE_UNSAFE_FOR_PRODUCTION -pthread -Wl,--no-as-needed -Wl,-ldl -Wl,-lm -Wno-unused-command-line-argument -O3 -fsanitize-coverage=trace-pc-guard' '-DCMAKE_CXX_FLAGS=-DFUZZING_BUILD_MODE_UNSAFE_FOR_PRODUCTION -pthread -Wl,--no-as-needed -Wl,-ldl -Wl,-lm -Wno-unused-command-line-argument -stdlib=libc++ -O3 -fsanitize-coverage=trace-pc-guard' -DCMAKE_VERBOSE_MAKEFILE:BOOL=ON ..
#20 1.038 -- [hunter] Initializing Hunter workspace (5ead1e069b437930d0de8a21824b20fb52b37b50)
#20 1.038 -- [hunter]   https://github.com/ruslo/hunter/archive/v0.21.19.tar.gz
#20 1.038 -- [hunter]   -> /root/.hunter/_Base/Download/Hunter/0.21.19/5ead1e0
#20 2.544 -- The C compiler identification is Clang 14.0.0
#20 2.824 -- The CXX compiler identification is Clang 14.0.0
#20 2.849 -- Detecting C compiler ABI info
#20 3.022 -- Detecting C compiler ABI info - done
#20 3.072 -- Check for working C compiler: /usr/local/bin/clang - skipped
#20 3.081 -- Detecting C compile features
#20 3.083 -- Detecting C compile features - done
#20 3.093 -- Detecting CXX compiler ABI info
#20 3.289 -- Detecting CXX compiler ABI info - done
#20 3.356 -- Check for working CXX compiler: /usr/local/bin/clang++ - skipped
#20 3.356 -- Detecting CXX compile features
#20 3.358 -- Detecting CXX compile features - done
#20 3.360 -- [hunter] Calculating Toolchain-SHA1
#20 4.822 -- [hunter] Calculating Config-SHA1
#20 5.281 -- [hunter] HUNTER_ROOT: /root/.hunter
#20 5.281 -- [hunter] [ Hunter-ID: 5ead1e0 | Toolchain-ID: 916adb4 | Config-ID: ead1bc1 ]
#20 5.483 -- [hunter] GTEST_ROOT: /root/.hunter/_Base/5ead1e0/916adb4/ead1bc1/Install (ver.: 1.8.0-hunter-p11)
#20 5.774 -- [hunter] Building GTest
#20 5.778 loading initial cache file /root/.hunter/_Base/5ead1e0/916adb4/ead1bc1/cache.cmake
#20 5.779 loading initial cache file /root/.hunter/_Base/5ead1e0/916adb4/ead1bc1/Build/GTest/args.cmake
#20 5.998 -- The C compiler identification is Clang 14.0.0
#20 6.257 -- The CXX compiler identification is Clang 14.0.0
#20 6.270 -- Check for working C compiler: /usr/local/bin/clang - skipped
#20 6.271 -- Detecting C compile features
#20 6.272 -- Detecting C compile features - done
#20 6.280 -- Check for working CXX compiler: /usr/local/bin/clang++ - skipped
#20 6.281 -- Detecting CXX compile features
#20 6.282 -- Detecting CXX compile features - done
#20 6.352 -- Configuring done
#20 6.360 -- Generating done
#20 6.362 -- Build files have been written to: /root/.hunter/_Base/5ead1e0/916adb4/ead1bc1/Build/GTest/Build
#20 6.392 [  6%] Creating directories for 'GTest-Release'
#20 6.416 [ 12%] Performing download step (download, verify and extract) for 'GTest-Release'
#20 6.420 -- Downloading...
#20 6.420    dst='/root/.hunter/_Base/Download/GTest/1.8.0-hunter-p11/76c6aec/1.8.0-hunter-p11.tar.gz'
#20 6.420    timeout='none'
#20 6.420    inactivity timeout='none'
#20 6.420 -- Using src='https://github.com/hunter-packages/googletest/archive/1.8.0-hunter-p11.tar.gz'
#20 6.633 -- [download 100% complete]
#20 7.043 -- verifying file...
#20 7.043        file='/root/.hunter/_Base/Download/GTest/1.8.0-hunter-p11/76c6aec/1.8.0-hunter-p11.tar.gz'
#20 7.050 -- Downloading... done
#20 7.060 -- extracting...
#20 7.060      src='/root/.hunter/_Base/Download/GTest/1.8.0-hunter-p11/76c6aec/1.8.0-hunter-p11.tar.gz'
#20 7.060      dst='/root/.hunter/_Base/5ead1e0/916adb4/ead1bc1/Build/GTest/Source'
#20 7.061 -- extracting... [tar xfz]
#20 7.110 -- extracting... [analysis]
#20 7.110 -- extracting... [rename]
#20 7.111 -- extracting... [clean up]
#20 7.111 -- extracting... done
#20 7.117 [ 18%] No update step for 'GTest-Release'
#20 7.125 [ 25%] No patch step for 'GTest-Release'
#20 7.134 [ 31%] Performing configure step for 'GTest-Release'
#20 7.138 loading initial cache file /root/.hunter/_Base/5ead1e0/916adb4/ead1bc1/cache.cmake
#20 7.139 loading initial cache file /root/.hunter/_Base/5ead1e0/916adb4/ead1bc1/Build/GTest/args.cmake
#20 7.354 -- The C compiler identification is Clang 14.0.0
#20 7.628 -- The CXX compiler identification is Clang 14.0.0
#20 7.642 -- Check for working C compiler: /usr/local/bin/clang - skipped
#20 7.642 -- Detecting C compile features
#20 7.643 -- Detecting C compile features - done
#20 7.652 -- Check for working CXX compiler: /usr/local/bin/clang++ - skipped
#20 7.653 -- Detecting CXX compile features
#20 7.654 -- Detecting CXX compile features - done
#20 7.762 -- Found PythonInterp: /usr/bin/python (found version "3.8.10") 
#20 7.795 -- Looking for pthread.h
#20 7.997 -- Looking for pthread.h - found
#20 7.998 -- Performing Test CMAKE_HAVE_LIBC_PTHREAD
#20 8.195 -- Performing Test CMAKE_HAVE_LIBC_PTHREAD - Success
#20 8.198 -- Found Threads: TRUE  
#20 8.222 -- Configuring done
#20 8.243 -- Generating done
#20 8.245 -- Build files have been written to: /root/.hunter/_Base/5ead1e0/916adb4/ead1bc1/Build/GTest/Build/GTest-Release-prefix/src/GTest-Release-build
#20 8.258 [ 37%] Performing build step for 'GTest-Release'
#20 8.292 [  9%] Building CXX object googlemock/CMakeFiles/gmock.dir/__/googletest/src/gtest-all.cc.o
#20 8.292 [ 18%] Building CXX object googlemock/gtest/CMakeFiles/gtest.dir/src/gtest-all.cc.o
#20 8.292 [ 27%] Building CXX object googlemock/CMakeFiles/gmock_main.dir/__/googletest/src/gtest-all.cc.o
#20 8.293 [ 36%] Building CXX object googlemock/CMakeFiles/gmock_main.dir/src/gmock-all.cc.o
#20 8.293 [ 45%] Building CXX object googlemock/CMakeFiles/gmock.dir/src/gmock-all.cc.o
#20 8.293 [ 54%] Building CXX object googlemock/CMakeFiles/gmock_main.dir/src/gmock_main.cc.o
#20 23.12 [ 63%] Linking CXX static library libgtest.a
#20 23.16 [ 72%] Linking CXX static library libgmock_main.a
#20 23.19 [ 72%] Built target gtest
#20 23.19 [ 72%] Built target gmock_main
#20 23.20 [ 81%] Building CXX object googlemock/gtest/CMakeFiles/gtest_main.dir/src/gtest_main.cc.o
#20 24.08 [ 90%] Linking CXX static library libgmock.a
#20 24.10 [ 90%] Built target gmock
#20 25.07 [100%] Linking CXX static library libgtest_main.a
#20 25.08 [100%] Built target gtest_main
#20 25.10 [ 43%] Performing install step for 'GTest-Release'
#20 25.14 Consolidate compiler generated dependencies of target gmock_main
#20 25.15 [ 36%] Built target gmock_main
#20 25.17 Consolidate compiler generated dependencies of target gmock
#20 25.18 [ 63%] Built target gmock
#20 25.19 Consolidate compiler generated dependencies of target gtest
#20 25.20 [ 81%] Built target gtest
#20 25.21 Consolidate compiler generated dependencies of target gtest_main
#20 25.22 [100%] Built target gtest_main
#20 25.23 Install the project...
#20 25.23 -- Install configuration: "Release"
#20 25.23 -- Installing: /root/.hunter/_Base/5ead1e0/916adb4/ead1bc1/Build/GTest/Install/lib/libgmock.a
#20 25.23 -- Installing: /root/.hunter/_Base/5ead1e0/916adb4/ead1bc1/Build/GTest/Install/lib/libgmock_main.a
#20 25.24 -- Installing: /root/.hunter/_Base/5ead1e0/916adb4/ead1bc1/Build/GTest/Install/include/gmock
#20 25.24 -- Installing: /root/.hunter/_Base/5ead1e0/916adb4/ead1bc1/Build/GTest/Install/include/gmock/gmock-matchers.h
#20 25.24 -- Installing: /root/.hunter/_Base/5ead1e0/916adb4/ead1bc1/Build/GTest/Install/include/gmock/gmock-more-actions.h
#20 25.24 -- Installing: /root/.hunter/_Base/5ead1e0/916adb4/ead1bc1/Build/GTest/Install/include/gmock/internal
#20 25.24 -- Installing: /root/.hunter/_Base/5ead1e0/916adb4/ead1bc1/Build/GTest/Install/include/gmock/internal/gmock-internal-utils.h
#20 25.24 -- Installing: /root/.hunter/_Base/5ead1e0/916adb4/ead1bc1/Build/GTest/Install/include/gmock/internal/custom
#20 25.24 -- Installing: /root/.hunter/_Base/5ead1e0/916adb4/ead1bc1/Build/GTest/Install/include/gmock/internal/custom/gmock-matchers.h
#20 25.24 -- Installing: /root/.hunter/_Base/5ead1e0/916adb4/ead1bc1/Build/GTest/Install/include/gmock/internal/custom/gmock-port.h
#20 25.24 -- Installing: /root/.hunter/_Base/5ead1e0/916adb4/ead1bc1/Build/GTest/Install/include/gmock/internal/custom/gmock-generated-actions.h
#20 25.24 -- Installing: /root/.hunter/_Base/5ead1e0/916adb4/ead1bc1/Build/GTest/Install/include/gmock/internal/gmock-port.h
#20 25.24 -- Installing: /root/.hunter/_Base/5ead1e0/916adb4/ead1bc1/Build/GTest/Install/include/gmock/internal/gmock-generated-internal-utils.h
#20 25.24 -- Installing: /root/.hunter/_Base/5ead1e0/916adb4/ead1bc1/Build/GTest/Install/include/gmock/gmock-more-matchers.h
#20 25.24 -- Installing: /root/.hunter/_Base/5ead1e0/916adb4/ead1bc1/Build/GTest/Install/include/gmock/gmock-spec-builders.h
#20 25.24 -- Installing: /root/.hunter/_Base/5ead1e0/916adb4/ead1bc1/Build/GTest/Install/include/gmock/gmock-actions.h
#20 25.24 -- Installing: /root/.hunter/_Base/5ead1e0/916adb4/ead1bc1/Build/GTest/Install/include/gmock/gmock-generated-nice-strict.h
#20 25.24 -- Installing: /root/.hunter/_Base/5ead1e0/916adb4/ead1bc1/Build/GTest/Install/include/gmock/gmock-generated-matchers.h
#20 25.24 -- Installing: /root/.hunter/_Base/5ead1e0/916adb4/ead1bc1/Build/GTest/Install/include/gmock/gmock-generated-function-mockers.h
#20 25.24 -- Installing: /root/.hunter/_Base/5ead1e0/916adb4/ead1bc1/Build/GTest/Install/include/gmock/gmock-cardinalities.h
#20 25.24 -- Installing: /root/.hunter/_Base/5ead1e0/916adb4/ead1bc1/Build/GTest/Install/include/gmock/gmock.h
#20 25.24 -- Installing: /root/.hunter/_Base/5ead1e0/916adb4/ead1bc1/Build/GTest/Install/include/gmock/gmock-generated-actions.h
#20 25.24 -- Installing: /root/.hunter/_Base/5ead1e0/916adb4/ead1bc1/Build/GTest/Install/lib/cmake/GMock/GMockConfig.cmake
#20 25.24 -- Installing: /root/.hunter/_Base/5ead1e0/916adb4/ead1bc1/Build/GTest/Install/lib/cmake/GMock/GMockConfigVersion.cmake
#20 25.24 -- Installing: /root/.hunter/_Base/5ead1e0/916adb4/ead1bc1/Build/GTest/Install/lib/cmake/GMock/GMockTargets.cmake
#20 25.24 -- Installing: /root/.hunter/_Base/5ead1e0/916adb4/ead1bc1/Build/GTest/Install/lib/cmake/GMock/GMockTargets-release.cmake
#20 25.25 -- Installing: /root/.hunter/_Base/5ead1e0/916adb4/ead1bc1/Build/GTest/Install/lib/libgtest.a
#20 25.25 -- Installing: /root/.hunter/_Base/5ead1e0/916adb4/ead1bc1/Build/GTest/Install/lib/libgtest_main.a
#20 25.25 -- Installing: /root/.hunter/_Base/5ead1e0/916adb4/ead1bc1/Build/GTest/Install/include/gtest
#20 25.25 -- Installing: /root/.hunter/_Base/5ead1e0/916adb4/ead1bc1/Build/GTest/Install/include/gtest/gtest_prod.h
#20 25.25 -- Installing: /root/.hunter/_Base/5ead1e0/916adb4/ead1bc1/Build/GTest/Install/include/gtest/gtest-spi.h
#20 25.25 -- Installing: /root/.hunter/_Base/5ead1e0/916adb4/ead1bc1/Build/GTest/Install/include/gtest/internal
#20 25.25 -- Installing: /root/.hunter/_Base/5ead1e0/916adb4/ead1bc1/Build/GTest/Install/include/gtest/internal/gtest-port-arch.h
#20 25.25 -- Installing: /root/.hunter/_Base/5ead1e0/916adb4/ead1bc1/Build/GTest/Install/include/gtest/internal/custom
#20 25.25 -- Installing: /root/.hunter/_Base/5ead1e0/916adb4/ead1bc1/Build/GTest/Install/include/gtest/internal/custom/gtest-port.h
#20 25.25 -- Installing: /root/.hunter/_Base/5ead1e0/916adb4/ead1bc1/Build/GTest/Install/include/gtest/internal/custom/gtest-printers.h
#20 25.25 -- Installing: /root/.hunter/_Base/5ead1e0/916adb4/ead1bc1/Build/GTest/Install/include/gtest/internal/custom/gtest.h
#20 25.25 -- Installing: /root/.hunter/_Base/5ead1e0/916adb4/ead1bc1/Build/GTest/Install/include/gtest/internal/gtest-param-util-generated.h
#20 25.25 -- Installing: /root/.hunter/_Base/5ead1e0/916adb4/ead1bc1/Build/GTest/Install/include/gtest/internal/gtest-port.h
#20 25.25 -- Installing: /root/.hunter/_Base/5ead1e0/916adb4/ead1bc1/Build/GTest/Install/include/gtest/internal/gtest-linked_ptr.h
#20 25.25 -- Installing: /root/.hunter/_Base/5ead1e0/916adb4/ead1bc1/Build/GTest/Install/include/gtest/internal/gtest-type-util.h
#20 25.25 -- Installing: /root/.hunter/_Base/5ead1e0/916adb4/ead1bc1/Build/GTest/Install/include/gtest/internal/gtest-tuple.h
#20 25.25 -- Installing: /root/.hunter/_Base/5ead1e0/916adb4/ead1bc1/Build/GTest/Install/include/gtest/internal/gtest-filepath.h
#20 25.25 -- Installing: /root/.hunter/_Base/5ead1e0/916adb4/ead1bc1/Build/GTest/Install/include/gtest/internal/gtest-string.h
#20 25.25 -- Installing: /root/.hunter/_Base/5ead1e0/916adb4/ead1bc1/Build/GTest/Install/include/gtest/internal/gtest-param-util.h
#20 25.25 -- Installing: /root/.hunter/_Base/5ead1e0/916adb4/ead1bc1/Build/GTest/Install/include/gtest/internal/gtest-death-test-internal.h
#20 25.25 -- Installing: /root/.hunter/_Base/5ead1e0/916adb4/ead1bc1/Build/GTest/Install/include/gtest/internal/gtest-internal.h
#20 25.25 -- Installing: /root/.hunter/_Base/5ead1e0/916adb4/ead1bc1/Build/GTest/Install/include/gtest/gtest_pred_impl.h
#20 25.25 -- Installing: /root/.hunter/_Base/5ead1e0/916adb4/ead1bc1/Build/GTest/Install/include/gtest/gtest-typed-test.h
#20 25.26 -- Installing: /root/.hunter/_Base/5ead1e0/916adb4/ead1bc1/Build/GTest/Install/include/gtest/gtest-param-test.h
#20 25.26 -- Installing: /root/.hunter/_Base/5ead1e0/916adb4/ead1bc1/Build/GTest/Install/include/gtest/gtest-printers.h
#20 25.26 -- Installing: /root/.hunter/_Base/5ead1e0/916adb4/ead1bc1/Build/GTest/Install/include/gtest/gtest-death-test.h
#20 25.26 -- Installing: /root/.hunter/_Base/5ead1e0/916adb4/ead1bc1/Build/GTest/Install/include/gtest/gtest-message.h
#20 25.26 -- Installing: /root/.hunter/_Base/5ead1e0/916adb4/ead1bc1/Build/GTest/Install/include/gtest/gtest-test-part.h
#20 25.26 -- Installing: /root/.hunter/_Base/5ead1e0/916adb4/ead1bc1/Build/GTest/Install/include/gtest/gtest.h
#20 25.26 -- Installing: /root/.hunter/_Base/5ead1e0/916adb4/ead1bc1/Build/GTest/Install/lib/cmake/GTest/GTestConfig.cmake
#20 25.26 -- Installing: /root/.hunter/_Base/5ead1e0/916adb4/ead1bc1/Build/GTest/Install/lib/cmake/GTest/GTestConfigVersion.cmake
#20 25.26 -- Installing: /root/.hunter/_Base/5ead1e0/916adb4/ead1bc1/Build/GTest/Install/lib/cmake/GTest/GTestTargets.cmake
#20 25.26 -- Installing: /root/.hunter/_Base/5ead1e0/916adb4/ead1bc1/Build/GTest/Install/lib/cmake/GTest/GTestTargets-release.cmake
#20 25.26 loading initial cache file /root/.hunter/_Base/5ead1e0/916adb4/ead1bc1/Build/GTest/args.cmake
#20 25.27 [ 50%] Completed 'GTest-Release'
#20 25.29 [ 50%] Built target GTest-Release
#20 25.30 [ 56%] Creating directories for 'GTest-Debug'
#20 25.33 [ 62%] Performing download step (download, verify and extract) for 'GTest-Debug'
#20 25.33 -- verifying file...
#20 25.33        file='/root/.hunter/_Base/Download/GTest/1.8.0-hunter-p11/76c6aec/1.8.0-hunter-p11.tar.gz'
#20 25.34 -- File already exists and hash match (skip download):
#20 25.34   file='/root/.hunter/_Base/Download/GTest/1.8.0-hunter-p11/76c6aec/1.8.0-hunter-p11.tar.gz'
#20 25.34   SHA1='76c6aec038f7d7258bf5c4f45c4817b34039d285'
#20 25.34 -- extracting...
#20 25.34      src='/root/.hunter/_Base/Download/GTest/1.8.0-hunter-p11/76c6aec/1.8.0-hunter-p11.tar.gz'
#20 25.34      dst='/root/.hunter/_Base/5ead1e0/916adb4/ead1bc1/Build/GTest/Source'
#20 25.34 -- extracting... [tar xfz]
#20 25.39 -- extracting... [analysis]
#20 25.39 -- extracting... [rename]
#20 25.41 -- extracting... [clean up]
#20 25.41 -- extracting... done
#20 25.41 [ 68%] No update step for 'GTest-Debug'
#20 25.42 [ 75%] No patch step for 'GTest-Debug'
#20 25.43 [ 81%] Performing configure step for 'GTest-Debug'
#20 25.43 loading initial cache file /root/.hunter/_Base/5ead1e0/916adb4/ead1bc1/cache.cmake
#20 25.43 loading initial cache file /root/.hunter/_Base/5ead1e0/916adb4/ead1bc1/Build/GTest/args.cmake
#20 25.62 -- The C compiler identification is Clang 14.0.0
#20 25.87 -- The CXX compiler identification is Clang 14.0.0
#20 25.88 -- Check for working C compiler: /usr/local/bin/clang - skipped
#20 25.88 -- Detecting C compile features
#20 25.88 -- Detecting C compile features - done
#20 25.89 -- Check for working CXX compiler: /usr/local/bin/clang++ - skipped
#20 25.89 -- Detecting CXX compile features
#20 25.89 -- Detecting CXX compile features - done
#20 25.95 -- Found PythonInterp: /usr/bin/python (found version "3.8.10") 
#20 25.95 -- Looking for pthread.h
#20 26.13 -- Looking for pthread.h - found
#20 26.13 -- Performing Test CMAKE_HAVE_LIBC_PTHREAD
#20 26.29 -- Performing Test CMAKE_HAVE_LIBC_PTHREAD - Success
#20 26.30 -- Found Threads: TRUE  
#20 26.31 -- Configuring done
#20 26.33 -- Generating done
#20 26.33 -- Build files have been written to: /root/.hunter/_Base/5ead1e0/916adb4/ead1bc1/Build/GTest/Build/GTest-Debug-prefix/src/GTest-Debug-build
#20 26.34 [ 87%] Performing build step for 'GTest-Debug'
#20 26.37 [  9%] Building CXX object googlemock/CMakeFiles/gmock_main.dir/src/gmock-all.cc.o
#20 26.37 [ 27%] Building CXX object googlemock/CMakeFiles/gmock_main.dir/__/googletest/src/gtest-all.cc.o
#20 26.37 [ 27%] Building CXX object googlemock/CMakeFiles/gmock_main.dir/src/gmock_main.cc.o
#20 26.37 [ 36%] Building CXX object googlemock/gtest/CMakeFiles/gtest.dir/src/gtest-all.cc.o
#20 26.37 [ 45%] Building CXX object googlemock/CMakeFiles/gmock.dir/__/googletest/src/gtest-all.cc.o
#20 26.37 [ 54%] Building CXX object googlemock/CMakeFiles/gmock.dir/src/gmock-all.cc.o
#20 48.80 [ 63%] Linking CXX static library libgmock_maind.a
#20 48.93 [ 63%] Built target gmock_main
#20 49.50 [ 72%] Linking CXX static library libgtestd.a
#20 49.54 [ 72%] Built target gtest
#20 49.59 [ 81%] Building CXX object googlemock/gtest/CMakeFiles/gtest_main.dir/src/gtest_main.cc.o
#20 51.67 [ 90%] Linking CXX static library libgmockd.a
#20 51.80 [ 90%] Built target gmock
#20 52.83 [100%] Linking CXX static library libgtest_maind.a
#20 52.85 [100%] Built target gtest_main
#20 52.87 [ 93%] Performing install step for 'GTest-Debug'
#20 52.92 Consolidate compiler generated dependencies of target gmock_main
#20 52.94 [ 36%] Built target gmock_main
#20 52.97 Consolidate compiler generated dependencies of target gmock
#20 52.98 [ 63%] Built target gmock
#20 53.00 Consolidate compiler generated dependencies of target gtest
#20 53.02 [ 81%] Built target gtest
#20 53.05 Consolidate compiler generated dependencies of target gtest_main
#20 53.07 [100%] Built target gtest_main
#20 53.11 Install the project...
#20 53.12 -- Install configuration: "Debug"
#20 53.13 -- Installing: /root/.hunter/_Base/5ead1e0/916adb4/ead1bc1/Build/GTest/Install/lib/libgmockd.a
#20 53.16 -- Installing: /root/.hunter/_Base/5ead1e0/916adb4/ead1bc1/Build/GTest/Install/lib/libgmock_maind.a
#20 53.19 -- Up-to-date: /root/.hunter/_Base/5ead1e0/916adb4/ead1bc1/Build/GTest/Install/include/gmock
#20 53.19 -- Up-to-date: /root/.hunter/_Base/5ead1e0/916adb4/ead1bc1/Build/GTest/Install/include/gmock/gmock-matchers.h
#20 53.19 -- Up-to-date: /root/.hunter/_Base/5ead1e0/916adb4/ead1bc1/Build/GTest/Install/include/gmock/gmock-more-actions.h
#20 53.19 -- Up-to-date: /root/.hunter/_Base/5ead1e0/916adb4/ead1bc1/Build/GTest/Install/include/gmock/internal
#20 53.19 -- Up-to-date: /root/.hunter/_Base/5ead1e0/916adb4/ead1bc1/Build/GTest/Install/include/gmock/internal/gmock-internal-utils.h
#20 53.19 -- Up-to-date: /root/.hunter/_Base/5ead1e0/916adb4/ead1bc1/Build/GTest/Install/include/gmock/internal/custom
#20 53.19 -- Up-to-date: /root/.hunter/_Base/5ead1e0/916adb4/ead1bc1/Build/GTest/Install/include/gmock/internal/custom/gmock-matchers.h
#20 53.19 -- Up-to-date: /root/.hunter/_Base/5ead1e0/916adb4/ead1bc1/Build/GTest/Install/include/gmock/internal/custom/gmock-port.h
#20 53.19 -- Up-to-date: /root/.hunter/_Base/5ead1e0/916adb4/ead1bc1/Build/GTest/Install/include/gmock/internal/custom/gmock-generated-actions.h
#20 53.19 -- Up-to-date: /root/.hunter/_Base/5ead1e0/916adb4/ead1bc1/Build/GTest/Install/include/gmock/internal/gmock-port.h
#20 53.19 -- Up-to-date: /root/.hunter/_Base/5ead1e0/916adb4/ead1bc1/Build/GTest/Install/include/gmock/internal/gmock-generated-internal-utils.h
#20 53.19 -- Up-to-date: /root/.hunter/_Base/5ead1e0/916adb4/ead1bc1/Build/GTest/Install/include/gmock/gmock-more-matchers.h
#20 53.19 -- Up-to-date: /root/.hunter/_Base/5ead1e0/916adb4/ead1bc1/Build/GTest/Install/include/gmock/gmock-spec-builders.h
#20 53.20 -- Up-to-date: /root/.hunter/_Base/5ead1e0/916adb4/ead1bc1/Build/GTest/Install/include/gmock/gmock-actions.h
#20 53.20 -- Up-to-date: /root/.hunter/_Base/5ead1e0/916adb4/ead1bc1/Build/GTest/Install/include/gmock/gmock-generated-nice-strict.h
#20 53.20 -- Up-to-date: /root/.hunter/_Base/5ead1e0/916adb4/ead1bc1/Build/GTest/Install/include/gmock/gmock-generated-matchers.h
#20 53.20 -- Up-to-date: /root/.hunter/_Base/5ead1e0/916adb4/ead1bc1/Build/GTest/Install/include/gmock/gmock-generated-function-mockers.h
#20 53.20 -- Up-to-date: /root/.hunter/_Base/5ead1e0/916adb4/ead1bc1/Build/GTest/Install/include/gmock/gmock-cardinalities.h
#20 53.20 -- Up-to-date: /root/.hunter/_Base/5ead1e0/916adb4/ead1bc1/Build/GTest/Install/include/gmock/gmock.h
#20 53.20 -- Up-to-date: /root/.hunter/_Base/5ead1e0/916adb4/ead1bc1/Build/GTest/Install/include/gmock/gmock-generated-actions.h
#20 53.20 -- Installing: /root/.hunter/_Base/5ead1e0/916adb4/ead1bc1/Build/GTest/Install/lib/cmake/GMock/GMockConfig.cmake
#20 53.20 -- Installing: /root/.hunter/_Base/5ead1e0/916adb4/ead1bc1/Build/GTest/Install/lib/cmake/GMock/GMockConfigVersion.cmake
#20 53.20 -- Installing: /root/.hunter/_Base/5ead1e0/916adb4/ead1bc1/Build/GTest/Install/lib/cmake/GMock/GMockTargets.cmake
#20 53.20 -- Installing: /root/.hunter/_Base/5ead1e0/916adb4/ead1bc1/Build/GTest/Install/lib/cmake/GMock/GMockTargets-debug.cmake
#20 53.20 -- Installing: /root/.hunter/_Base/5ead1e0/916adb4/ead1bc1/Build/GTest/Install/lib/libgtestd.a
#20 53.22 -- Installing: /root/.hunter/_Base/5ead1e0/916adb4/ead1bc1/Build/GTest/Install/lib/libgtest_maind.a
#20 53.22 -- Up-to-date: /root/.hunter/_Base/5ead1e0/916adb4/ead1bc1/Build/GTest/Install/include/gtest
#20 53.23 -- Up-to-date: /root/.hunter/_Base/5ead1e0/916adb4/ead1bc1/Build/GTest/Install/include/gtest/gtest_prod.h
#20 53.23 -- Up-to-date: /root/.hunter/_Base/5ead1e0/916adb4/ead1bc1/Build/GTest/Install/include/gtest/gtest-spi.h
#20 53.23 -- Up-to-date: /root/.hunter/_Base/5ead1e0/916adb4/ead1bc1/Build/GTest/Install/include/gtest/internal
#20 53.23 -- Up-to-date: /root/.hunter/_Base/5ead1e0/916adb4/ead1bc1/Build/GTest/Install/include/gtest/internal/gtest-port-arch.h
#20 53.23 -- Up-to-date: /root/.hunter/_Base/5ead1e0/916adb4/ead1bc1/Build/GTest/Install/include/gtest/internal/custom
#20 53.23 -- Up-to-date: /root/.hunter/_Base/5ead1e0/916adb4/ead1bc1/Build/GTest/Install/include/gtest/internal/custom/gtest-port.h
#20 53.23 -- Up-to-date: /root/.hunter/_Base/5ead1e0/916adb4/ead1bc1/Build/GTest/Install/include/gtest/internal/custom/gtest-printers.h
#20 53.23 -- Up-to-date: /root/.hunter/_Base/5ead1e0/916adb4/ead1bc1/Build/GTest/Install/include/gtest/internal/custom/gtest.h
#20 53.23 -- Up-to-date: /root/.hunter/_Base/5ead1e0/916adb4/ead1bc1/Build/GTest/Install/include/gtest/internal/gtest-param-util-generated.h
#20 53.23 -- Up-to-date: /root/.hunter/_Base/5ead1e0/916adb4/ead1bc1/Build/GTest/Install/include/gtest/internal/gtest-port.h
#20 53.23 -- Up-to-date: /root/.hunter/_Base/5ead1e0/916adb4/ead1bc1/Build/GTest/Install/include/gtest/internal/gtest-linked_ptr.h
#20 53.23 -- Up-to-date: /root/.hunter/_Base/5ead1e0/916adb4/ead1bc1/Build/GTest/Install/include/gtest/internal/gtest-type-util.h
#20 53.23 -- Up-to-date: /root/.hunter/_Base/5ead1e0/916adb4/ead1bc1/Build/GTest/Install/include/gtest/internal/gtest-tuple.h
#20 53.23 -- Up-to-date: /root/.hunter/_Base/5ead1e0/916adb4/ead1bc1/Build/GTest/Install/include/gtest/internal/gtest-filepath.h
#20 53.23 -- Up-to-date: /root/.hunter/_Base/5ead1e0/916adb4/ead1bc1/Build/GTest/Install/include/gtest/internal/gtest-string.h
#20 53.23 -- Up-to-date: /root/.hunter/_Base/5ead1e0/916adb4/ead1bc1/Build/GTest/Install/include/gtest/internal/gtest-param-util.h
#20 53.23 -- Up-to-date: /root/.hunter/_Base/5ead1e0/916adb4/ead1bc1/Build/GTest/Install/include/gtest/internal/gtest-death-test-internal.h
#20 53.23 -- Up-to-date: /root/.hunter/_Base/5ead1e0/916adb4/ead1bc1/Build/GTest/Install/include/gtest/internal/gtest-internal.h
#20 53.23 -- Up-to-date: /root/.hunter/_Base/5ead1e0/916adb4/ead1bc1/Build/GTest/Install/include/gtest/gtest_pred_impl.h
#20 53.23 -- Up-to-date: /root/.hunter/_Base/5ead1e0/916adb4/ead1bc1/Build/GTest/Install/include/gtest/gtest-typed-test.h
#20 53.23 -- Up-to-date: /root/.hunter/_Base/5ead1e0/916adb4/ead1bc1/Build/GTest/Install/include/gtest/gtest-param-test.h
#20 53.23 -- Up-to-date: /root/.hunter/_Base/5ead1e0/916adb4/ead1bc1/Build/GTest/Install/include/gtest/gtest-printers.h
#20 53.23 -- Up-to-date: /root/.hunter/_Base/5ead1e0/916adb4/ead1bc1/Build/GTest/Install/include/gtest/gtest-death-test.h
#20 53.23 -- Up-to-date: /root/.hunter/_Base/5ead1e0/916adb4/ead1bc1/Build/GTest/Install/include/gtest/gtest-message.h
#20 53.23 -- Up-to-date: /root/.hunter/_Base/5ead1e0/916adb4/ead1bc1/Build/GTest/Install/include/gtest/gtest-test-part.h
#20 53.23 -- Up-to-date: /root/.hunter/_Base/5ead1e0/916adb4/ead1bc1/Build/GTest/Install/include/gtest/gtest.h
#20 53.23 -- Installing: /root/.hunter/_Base/5ead1e0/916adb4/ead1bc1/Build/GTest/Install/lib/cmake/GTest/GTestConfig.cmake
#20 53.23 -- Installing: /root/.hunter/_Base/5ead1e0/916adb4/ead1bc1/Build/GTest/Install/lib/cmake/GTest/GTestConfigVersion.cmake
#20 53.23 -- Installing: /root/.hunter/_Base/5ead1e0/916adb4/ead1bc1/Build/GTest/Install/lib/cmake/GTest/GTestTargets.cmake
#20 53.23 -- Installing: /root/.hunter/_Base/5ead1e0/916adb4/ead1bc1/Build/GTest/Install/lib/cmake/GTest/GTestTargets-debug.cmake
#20 53.24 loading initial cache file /root/.hunter/_Base/5ead1e0/916adb4/ead1bc1/Build/GTest/args.cmake
#20 53.26 [100%] Completed 'GTest-Debug'
#20 53.33 [100%] Built target GTest-Debug
#20 53.41 -- [hunter] Build step successful (dir: /root/.hunter/_Base/5ead1e0/916adb4/ead1bc1/Build/GTest)
#20 60.45 -- [hunter] Cache saved: /root/.hunter/_Base/Cache/raw/67b65e26e40b6fbc68c90ecaeb247fa12f0980c4.tar.bz2
#20 63.04 -- [hunter] GLOG_ROOT: /root/.hunter/_Base/5ead1e0/916adb4/ead1bc1/Install (ver.: 0.3.5-p2)
#20 63.33 -- [hunter] Building glog
#20 63.34 loading initial cache file /root/.hunter/_Base/5ead1e0/916adb4/ead1bc1/cache.cmake
#20 63.34 loading initial cache file /root/.hunter/_Base/5ead1e0/916adb4/ead1bc1/Build/glog/args.cmake
#20 63.73 -- The C compiler identification is Clang 14.0.0
#20 64.19 -- The CXX compiler identification is Clang 14.0.0
#20 64.22 -- Check for working C compiler: /usr/local/bin/clang - skipped
#20 64.22 -- Detecting C compile features
#20 64.22 -- Detecting C compile features - done
#20 64.24 -- Check for working CXX compiler: /usr/local/bin/clang++ - skipped
#20 64.24 -- Detecting CXX compile features
#20 64.24 -- Detecting CXX compile features - done
#20 64.41 -- Configuring done
#20 64.42 -- Generating done
#20 64.43 -- Build files have been written to: /root/.hunter/_Base/5ead1e0/916adb4/ead1bc1/Build/glog/Build
#20 64.52 [  6%] Creating directories for 'glog-Release'
#20 64.82 [ 12%] Performing download step (download, verify and extract) for 'glog-Release'
#20 64.83 -- Downloading...
#20 64.83    dst='/root/.hunter/_Base/Download/glog/0.3.5-p2/3e95e5b/v0.3.5-p2.tar.gz'
#20 64.83    timeout='none'
#20 64.83    inactivity timeout='none'
#20 64.83 -- Using src='https://github.com/hunter-packages/glog/archive/v0.3.5-p2.tar.gz'
#20 65.07 -- [download 100% complete]
#20 65.36 -- verifying file...
#20 65.36        file='/root/.hunter/_Base/Download/glog/0.3.5-p2/3e95e5b/v0.3.5-p2.tar.gz'
#20 65.37 -- Downloading... done
#20 65.38 -- extracting...
#20 65.38      src='/root/.hunter/_Base/Download/glog/0.3.5-p2/3e95e5b/v0.3.5-p2.tar.gz'
#20 65.38      dst='/root/.hunter/_Base/5ead1e0/916adb4/ead1bc1/Build/glog/Source'
#20 65.38 -- extracting... [tar xfz]
#20 65.41 -- extracting... [analysis]
#20 65.41 -- extracting... [rename]
#20 65.41 -- extracting... [clean up]
#20 65.41 -- extracting... done
#20 65.42 [ 18%] No update step for 'glog-Release'
#20 65.43 [ 25%] No patch step for 'glog-Release'
#20 65.44 [ 31%] Performing configure step for 'glog-Release'
#20 65.45 loading initial cache file /root/.hunter/_Base/5ead1e0/916adb4/ead1bc1/cache.cmake
#20 65.45 loading initial cache file /root/.hunter/_Base/5ead1e0/916adb4/ead1bc1/Build/glog/args.cmake
#20 65.80 -- The C compiler identification is Clang 14.0.0
#20 66.27 -- The CXX compiler identification is Clang 14.0.0
#20 66.30 -- Check for working C compiler: /usr/local/bin/clang - skipped
#20 66.30 -- Detecting C compile features
#20 66.30 -- Detecting C compile features - done
#20 66.32 -- Check for working CXX compiler: /usr/local/bin/clang++ - skipped
#20 66.32 -- Detecting CXX compile features
#20 66.32 -- Detecting CXX compile features - done
#20 66.39 -- Looking for pthread.h
#20 66.69 -- Looking for pthread.h - found
#20 66.69 -- Performing Test CMAKE_HAVE_LIBC_PTHREAD
#20 67.01 -- Performing Test CMAKE_HAVE_LIBC_PTHREAD - Success
#20 67.01 -- Found Threads: TRUE  
#20 67.01 -- Looking for dlfcn.h
#20 67.29 -- Looking for dlfcn.h - found
#20 67.30 -- Looking for execinfo.h
#20 67.58 -- Looking for execinfo.h - found
#20 67.58 -- Looking for glob.h
#20 68.01 -- Looking for glob.h - found
#20 68.01 -- Looking for inttypes.h
#20 68.29 -- Looking for inttypes.h - found
#20 68.29 -- Looking for libunwind.h
#20 68.58 -- Looking for libunwind.h - found
#20 68.58 -- Looking for memory.h
#20 68.86 -- Looking for memory.h - found
#20 68.86 -- Looking for pwd.h
#20 69.14 -- Looking for pwd.h - found
#20 69.14 -- Looking for stdint.h
#20 69.42 -- Looking for stdint.h - found
#20 69.42 -- Looking for stdlib.h
#20 69.74 -- Looking for stdlib.h - found
#20 69.74 -- Looking for string.h
#20 70.01 -- Looking for string.h - found
#20 70.01 -- Looking for strings.h
#20 70.28 -- Looking for strings.h - found
#20 70.28 -- Looking for sys/stat.h
#20 70.53 -- Looking for sys/stat.h - found
#20 70.53 -- Looking for sys/syscall.h
#20 70.72 -- Looking for sys/syscall.h - found
#20 70.72 -- Looking for sys/time.h
#20 70.90 -- Looking for sys/time.h - found
#20 70.90 -- Looking for sys/types.h
#20 71.09 -- Looking for sys/types.h - found
#20 71.09 -- Looking for sys/utsname.h
#20 71.28 -- Looking for sys/utsname.h - found
#20 71.28 -- Looking for syscall.h
#20 71.45 -- Looking for syscall.h - found
#20 71.45 -- Looking for syslog.h
#20 71.64 -- Looking for syslog.h - found
#20 71.64 -- Looking for ucontext.h
#20 71.82 -- Looking for ucontext.h - found
#20 71.82 -- Looking for unistd.h
#20 72.01 -- Looking for unistd.h - found
#20 72.01 -- Looking for unwind.h
#20 72.19 -- Looking for unwind.h - found
#20 72.20 -- Looking for C++ include ext/hash_map
#20 73.55 -- Looking for C++ include ext/hash_map - found
#20 73.55 -- Looking for C++ include ext/hash_set
#20 74.84 -- Looking for C++ include ext/hash_set - found
#20 74.84 -- Looking for C++ include ext/slist
#20 74.90 -- Looking for C++ include ext/slist - not found
#20 74.90 -- Looking for C++ include tr1/unordered_map
#20 74.94 -- Looking for C++ include tr1/unordered_map - not found
#20 74.95 -- Looking for C++ include tr1/unordered_set
#20 74.98 -- Looking for C++ include tr1/unordered_set - not found
#20 74.99 -- Looking for C++ include unordered_map
#20 75.96 -- Looking for C++ include unordered_map - found
#20 75.96 -- Looking for C++ include unordered_set
#20 76.92 -- Looking for C++ include unordered_set - found
#20 76.92 -- Looking for stddef.h
#20 77.07 -- Looking for stddef.h - found
#20 77.07 -- Check size of unsigned __int16
#20 77.17 -- Check size of unsigned __int16 - failed
#20 77.18 -- Check size of u_int16_t
#20 77.38 -- Check size of u_int16_t - done
#20 77.39 -- Check size of uint16_t
#20 77.58 -- Check size of uint16_t - done
#20 77.58 -- Looking for dladdr
#20 77.73 -- Looking for dladdr - found
#20 77.73 -- Looking for fcntl
#20 77.89 -- Looking for fcntl - found
#20 77.89 -- Looking for pread
#20 78.05 -- Looking for pread - found
#20 78.05 -- Looking for pwrite
#20 78.19 -- Looking for pwrite - found
#20 78.19 -- Looking for sigaction
#20 78.34 -- Looking for sigaction - found
#20 78.34 -- Looking for sigaltstack
#20 78.49 -- Looking for sigaltstack - found
#20 78.49 -- Performing Test HAVE_NO_DEPRECATED
#20 78.67 -- Performing Test HAVE_NO_DEPRECATED - Success
#20 78.67 -- Performing Test HAVE_NO_UNNAMED_TYPE_TEMPLATE_ARGS
#20 78.85 -- Performing Test HAVE_NO_UNNAMED_TYPE_TEMPLATE_ARGS - Success
#20 78.85 -- Looking for snprintf
#20 79.01 -- Looking for snprintf - found
#20 79.01 -- Looking for get_static_proc_name in unwind
#20 79.19 -- Looking for get_static_proc_name in unwind - not found
#20 79.23 -- Performing Test HAVE___ATTRIBUTE__
#20 79.39 -- Performing Test HAVE___ATTRIBUTE__ - Success
#20 79.39 -- Performing Test HAVE___ATTRIBUTE__VISIBILITY_DEFAULT
#20 79.55 -- Performing Test HAVE___ATTRIBUTE__VISIBILITY_DEFAULT - Success
#20 79.55 -- Performing Test HAVE___ATTRIBUTE__VISIBILITY_HIDDEN
#20 79.71 -- Performing Test HAVE___ATTRIBUTE__VISIBILITY_HIDDEN - Success
#20 79.71 -- Performing Test HAVE___BUILTIN_EXPECT
#20 79.87 -- Performing Test HAVE___BUILTIN_EXPECT - Success
#20 79.87 -- Performing Test HAVE___SYNC_VAL_COMPARE_AND_SWAP
#20 80.01 -- Performing Test HAVE___SYNC_VAL_COMPARE_AND_SWAP - Success
#20 80.02 -- Performing Test HAVE_RWLOCK
#20 80.17 -- Performing Test HAVE_RWLOCK - Success
#20 80.17 -- Performing Test HAVE___DECLSPEC
#20 80.20 -- Performing Test HAVE___DECLSPEC - Failed
#20 80.21 -- Performing Test STL_NO_NAMESPACE
#20 80.95 -- Performing Test STL_NO_NAMESPACE - Failed
#20 80.95 -- Performing Test STL_STD_NAMESPACE
#20 81.88 -- Performing Test STL_STD_NAMESPACE - Success
#20 81.88 -- Performing Test HAVE_USING_OPERATOR
#20 83.80 -- Performing Test HAVE_USING_OPERATOR - Success
#20 83.80 -- Performing Test HAVE_NAMESPACES
#20 84.21 -- Performing Test HAVE_NAMESPACES - Success
#20 84.21 -- Performing Test HAVE_MSVC_TLS
#20 84.30 -- Performing Test HAVE_MSVC_TLS - Failed
#20 84.30 -- Performing Test HAVE_CXX11_TLS
#20 84.69 -- Performing Test HAVE_CXX11_TLS - Success
#20 84.69 -- Performing Test HAVE_CYGWIN_TLS
#20 85.09 -- Performing Test HAVE_CYGWIN_TLS - Success
#20 89.15 -- Configuring done
#20 89.16 -- Generating done
#20 89.17 -- Build files have been written to: /root/.hunter/_Base/5ead1e0/916adb4/ead1bc1/Build/glog/Build/glog-Release-prefix/src/glog-Release-build
#20 89.19 [ 37%] Performing build step for 'glog-Release'
#20 89.31 [ 12%] Building CXX object CMakeFiles/glog.dir/src/demangle.cc.o
#20 89.32 [ 25%] Building CXX object CMakeFiles/glog.dir/src/logging.cc.o
#20 89.35 [ 37%] Building CXX object CMakeFiles/glog.dir/src/raw_logging.cc.o
#20 89.36 [ 50%] Building CXX object CMakeFiles/glog.dir/src/symbolize.cc.o
#20 89.38 [ 62%] Building CXX object CMakeFiles/glog.dir/src/utilities.cc.o
#20 89.40 [ 75%] Building CXX object CMakeFiles/glog.dir/src/vlog_is_on.cc.o
#20 89.47 [ 87%] Building CXX object CMakeFiles/glog.dir/src/signalhandler.cc.o
#20 92.63 /root/.hunter/_Base/5ead1e0/916adb4/ead1bc1/Build/glog/Source/src/logging.cc:1158:8: warning: unknown attribute 'thread' ignored [-Wunknown-attributes]
#20 92.63 static GLOG_THREAD_LOCAL_STORAGE bool thread_data_available = true;
#20 92.63        ^~~~~~~~~~~~~~~~~~~~~~~~~
#20 92.63 /root/.hunter/_Base/5ead1e0/916adb4/ead1bc1/Build/glog/Build/glog-Release-prefix/src/glog-Release-build/config.h:178:50: note: expanded from macro 'GLOG_THREAD_LOCAL_STORAGE'
#20 92.63 #define GLOG_THREAD_LOCAL_STORAGE __attribute__((thread))
#20 92.63                                                  ^~~~~~
#20 92.63 /root/.hunter/_Base/5ead1e0/916adb4/ead1bc1/Build/glog/Source/src/logging.cc:1159:8: warning: unknown attribute 'thread' ignored [-Wunknown-attributes]
#20 92.63 static GLOG_THREAD_LOCAL_STORAGE LogMessage::LogMessageData thread_msg_data;
#20 92.63        ^~~~~~~~~~~~~~~~~~~~~~~~~
#20 92.63 /root/.hunter/_Base/5ead1e0/916adb4/ead1bc1/Build/glog/Build/glog-Release-prefix/src/glog-Release-build/config.h:178:50: note: expanded from macro 'GLOG_THREAD_LOCAL_STORAGE'
#20 92.63 #define GLOG_THREAD_LOCAL_STORAGE __attribute__((thread))
#20 92.63                                                  ^~~~~~
#20 96.62 2 warnings generated.
#20 96.64 [100%] Linking CXX static library libglog.a
#20 96.71 [100%] Built target glog
#20 96.77 [ 43%] Performing install step for 'glog-Release'
#20 96.87 Consolidate compiler generated dependencies of target glog
#20 96.89 [100%] Built target glog
#20 96.90 Install the project...
#20 96.90 -- Install configuration: "Release"
#20 96.90 -- Installing: /root/.hunter/_Base/5ead1e0/916adb4/ead1bc1/Build/glog/Install/lib/libglog.a
#20 96.91 -- Installing: /root/.hunter/_Base/5ead1e0/916adb4/ead1bc1/Build/glog/Install/include/glog/config.h
#20 96.91 -- Installing: /root/.hunter/_Base/5ead1e0/916adb4/ead1bc1/Build/glog/Install/include/glog/logging.h
#20 96.91 -- Installing: /root/.hunter/_Base/5ead1e0/916adb4/ead1bc1/Build/glog/Install/include/glog/raw_logging.h
#20 96.91 -- Installing: /root/.hunter/_Base/5ead1e0/916adb4/ead1bc1/Build/glog/Install/include/glog/stl_logging.h
#20 96.91 -- Installing: /root/.hunter/_Base/5ead1e0/916adb4/ead1bc1/Build/glog/Install/include/glog/vlog_is_on.h
#20 96.91 -- Installing: /root/.hunter/_Base/5ead1e0/916adb4/ead1bc1/Build/glog/Install/include/glog/log_severity.h
#20 96.91 -- Installing: /root/.hunter/_Base/5ead1e0/916adb4/ead1bc1/Build/glog/Install/lib/cmake/glog/glog-config.cmake
#20 96.91 -- Installing: /root/.hunter/_Base/5ead1e0/916adb4/ead1bc1/Build/glog/Install/lib/cmake/glog/glog-config-version.cmake
#20 96.91 -- Installing: /root/.hunter/_Base/5ead1e0/916adb4/ead1bc1/Build/glog/Install/lib/cmake/glog/glog-targets.cmake
#20 96.91 -- Installing: /root/.hunter/_Base/5ead1e0/916adb4/ead1bc1/Build/glog/Install/lib/cmake/glog/glog-targets-release.cmake
#20 96.92 loading initial cache file /root/.hunter/_Base/5ead1e0/916adb4/ead1bc1/Build/glog/args.cmake
#20 96.93 [ 50%] Completed 'glog-Release'
#20 96.95 [ 50%] Built target glog-Release
#20 96.97 [ 56%] Creating directories for 'glog-Debug'
#20 97.05 [ 62%] Performing download step (download, verify and extract) for 'glog-Debug'
#20 97.07 -- verifying file...
#20 97.07        file='/root/.hunter/_Base/Download/glog/0.3.5-p2/3e95e5b/v0.3.5-p2.tar.gz'
#20 97.07 -- File already exists and hash match (skip download):
#20 97.07   file='/root/.hunter/_Base/Download/glog/0.3.5-p2/3e95e5b/v0.3.5-p2.tar.gz'
#20 97.07   SHA1='3e95e5bcfb5c9d20c3391b72f831a285a3fc238f'
#20 97.12 -- extracting...
#20 97.12      src='/root/.hunter/_Base/Download/glog/0.3.5-p2/3e95e5b/v0.3.5-p2.tar.gz'
#20 97.12      dst='/root/.hunter/_Base/5ead1e0/916adb4/ead1bc1/Build/glog/Source'
#20 97.12 -- extracting... [tar xfz]
#20 97.15 -- extracting... [analysis]
#20 97.15 -- extracting... [rename]
#20 97.15 -- extracting... [clean up]
#20 97.15 -- extracting... done
#20 97.16 [ 68%] No update step for 'glog-Debug'
#20 97.18 [ 75%] No patch step for 'glog-Debug'
#20 97.19 [ 81%] Performing configure step for 'glog-Debug'
#20 97.19 loading initial cache file /root/.hunter/_Base/5ead1e0/916adb4/ead1bc1/cache.cmake
#20 97.19 loading initial cache file /root/.hunter/_Base/5ead1e0/916adb4/ead1bc1/Build/glog/args.cmake
#20 97.53 -- The C compiler identification is Clang 14.0.0
#20 98.01 -- The CXX compiler identification is Clang 14.0.0
#20 98.03 -- Check for working C compiler: /usr/local/bin/clang - skipped
#20 98.03 -- Detecting C compile features
#20 98.03 -- Detecting C compile features - done
#20 98.05 -- Check for working CXX compiler: /usr/local/bin/clang++ - skipped
#20 98.05 -- Detecting CXX compile features
#20 98.05 -- Detecting CXX compile features - done
#20 98.10 -- Looking for pthread.h
#20 98.42 -- Looking for pthread.h - found
#20 98.42 -- Performing Test CMAKE_HAVE_LIBC_PTHREAD
#20 98.74 -- Performing Test CMAKE_HAVE_LIBC_PTHREAD - Success
#20 98.74 -- Found Threads: TRUE  
#20 98.75 -- Looking for dlfcn.h
#20 99.03 -- Looking for dlfcn.h - found
#20 99.03 -- Looking for execinfo.h
#20 99.32 -- Looking for execinfo.h - found
#20 99.32 -- Looking for glob.h
#20 99.67 -- Looking for glob.h - found
#20 99.67 -- Looking for inttypes.h
#20 100.0 -- Looking for inttypes.h - found
#20 100.0 -- Looking for libunwind.h
#20 100.3 -- Looking for libunwind.h - found
#20 100.3 -- Looking for memory.h
#20 100.7 -- Looking for memory.h - found
#20 100.7 -- Looking for pwd.h
#20 101.0 -- Looking for pwd.h - found
#20 101.0 -- Looking for stdint.h
#20 101.3 -- Looking for stdint.h - found
#20 101.3 -- Looking for stdlib.h
#20 101.6 -- Looking for stdlib.h - found
#20 101.6 -- Looking for string.h
#20 102.0 -- Looking for string.h - found
#20 102.0 -- Looking for strings.h
#20 102.3 -- Looking for strings.h - found
#20 102.3 -- Looking for sys/stat.h
#20 102.6 -- Looking for sys/stat.h - found
#20 102.6 -- Looking for sys/syscall.h
#20 103.1 -- Looking for sys/syscall.h - found
#20 103.1 -- Looking for sys/time.h
#20 103.5 -- Looking for sys/time.h - found
#20 103.5 -- Looking for sys/types.h
#20 103.8 -- Looking for sys/types.h - found
#20 103.8 -- Looking for sys/utsname.h
#20 104.2 -- Looking for sys/utsname.h - found
#20 104.2 -- Looking for syscall.h
#20 104.5 -- Looking for syscall.h - found
#20 104.5 -- Looking for syslog.h
#20 104.8 -- Looking for syslog.h - found
#20 104.8 -- Looking for ucontext.h
#20 105.2 -- Looking for ucontext.h - found
#20 105.2 -- Looking for unistd.h
#20 105.6 -- Looking for unistd.h - found
#20 105.6 -- Looking for unwind.h
#20 105.9 -- Looking for unwind.h - found
#20 105.9 -- Looking for C++ include ext/hash_map
#20 108.1 -- Looking for C++ include ext/hash_map - found
#20 108.1 -- Looking for C++ include ext/hash_set
#20 110.2 -- Looking for C++ include ext/hash_set - found
#20 110.2 -- Looking for C++ include ext/slist
#20 110.3 -- Looking for C++ include ext/slist - not found
#20 110.3 -- Looking for C++ include tr1/unordered_map
#20 110.4 -- Looking for C++ include tr1/unordered_map - not found
#20 110.4 -- Looking for C++ include tr1/unordered_set
#20 110.4 -- Looking for C++ include tr1/unordered_set - not found
#20 110.4 -- Looking for C++ include unordered_map
#20 112.2 -- Looking for C++ include unordered_map - found
#20 112.2 -- Looking for C++ include unordered_set
#20 114.0 -- Looking for C++ include unordered_set - found
#20 114.0 -- Looking for stddef.h
#20 114.3 -- Looking for stddef.h - found
#20 114.3 -- Check size of unsigned __int16
#20 114.5 -- Check size of unsigned __int16 - failed
#20 114.5 -- Check size of u_int16_t
#20 114.9 -- Check size of u_int16_t - done
#20 114.9 -- Check size of uint16_t
#20 115.3 -- Check size of uint16_t - done
#20 115.3 -- Looking for dladdr
#20 115.7 -- Looking for dladdr - found
#20 115.7 -- Looking for fcntl
#20 116.1 -- Looking for fcntl - found
#20 116.1 -- Looking for pread
#20 117.1 -- Looking for pread - found
#20 117.1 -- Looking for pwrite
#20 117.4 -- Looking for pwrite - found
#20 117.4 -- Looking for sigaction
#20 117.7 -- Looking for sigaction - found
#20 117.7 -- Looking for sigaltstack
#20 118.1 -- Looking for sigaltstack - found
#20 118.1 -- Performing Test HAVE_NO_DEPRECATED
#20 118.5 -- Performing Test HAVE_NO_DEPRECATED - Success
#20 118.5 -- Performing Test HAVE_NO_UNNAMED_TYPE_TEMPLATE_ARGS
#20 118.9 -- Performing Test HAVE_NO_UNNAMED_TYPE_TEMPLATE_ARGS - Success
#20 118.9 -- Looking for snprintf
#20 119.3 -- Looking for snprintf - found
#20 119.3 -- Looking for get_static_proc_name in unwind
#20 119.7 -- Looking for get_static_proc_name in unwind - not found
#20 119.7 -- Performing Test HAVE___ATTRIBUTE__
#20 120.0 -- Performing Test HAVE___ATTRIBUTE__ - Success
#20 120.0 -- Performing Test HAVE___ATTRIBUTE__VISIBILITY_DEFAULT
#20 120.4 -- Performing Test HAVE___ATTRIBUTE__VISIBILITY_DEFAULT - Success
#20 120.4 -- Performing Test HAVE___ATTRIBUTE__VISIBILITY_HIDDEN
#20 120.7 -- Performing Test HAVE___ATTRIBUTE__VISIBILITY_HIDDEN - Success
#20 120.8 -- Performing Test HAVE___BUILTIN_EXPECT
#20 121.0 -- Performing Test HAVE___BUILTIN_EXPECT - Success
#20 121.0 -- Performing Test HAVE___SYNC_VAL_COMPARE_AND_SWAP
#20 121.4 -- Performing Test HAVE___SYNC_VAL_COMPARE_AND_SWAP - Success
#20 121.4 -- Performing Test HAVE_RWLOCK
#20 121.7 -- Performing Test HAVE_RWLOCK - Success
#20 121.7 -- Performing Test HAVE___DECLSPEC
#20 121.8 -- Performing Test HAVE___DECLSPEC - Failed
#20 121.8 -- Performing Test STL_NO_NAMESPACE
#20 123.1 -- Performing Test STL_NO_NAMESPACE - Failed
#20 123.1 -- Performing Test STL_STD_NAMESPACE
#20 124.9 -- Performing Test STL_STD_NAMESPACE - Success
#20 124.9 -- Performing Test HAVE_USING_OPERATOR
#20 127.2 -- Performing Test HAVE_USING_OPERATOR - Success
#20 127.2 -- Performing Test HAVE_NAMESPACES
#20 127.6 -- Performing Test HAVE_NAMESPACES - Success
#20 127.6 -- Performing Test HAVE_MSVC_TLS
#20 127.7 -- Performing Test HAVE_MSVC_TLS - Failed
#20 127.7 -- Performing Test HAVE_CXX11_TLS
#20 128.1 -- Performing Test HAVE_CXX11_TLS - Success
#20 128.1 -- Performing Test HAVE_CYGWIN_TLS
#20 128.5 -- Performing Test HAVE_CYGWIN_TLS - Success
#20 131.6 -- Configuring done
#20 131.6 -- Generating done
#20 131.6 -- Build files have been written to: /root/.hunter/_Base/5ead1e0/916adb4/ead1bc1/Build/glog/Build/glog-Debug-prefix/src/glog-Debug-build
#20 131.6 [ 87%] Performing build step for 'glog-Debug'
#20 131.7 [ 12%] Building CXX object CMakeFiles/glog.dir/src/demangle.cc.o
#20 131.7 [ 25%] Building CXX object CMakeFiles/glog.dir/src/logging.cc.o
#20 131.7 [ 37%] Building CXX object CMakeFiles/glog.dir/src/raw_logging.cc.o
#20 131.8 [ 50%] Building CXX object CMakeFiles/glog.dir/src/symbolize.cc.o
#20 131.8 [ 62%] Building CXX object CMakeFiles/glog.dir/src/utilities.cc.o
#20 131.8 [ 75%] Building CXX object CMakeFiles/glog.dir/src/vlog_is_on.cc.o
#20 131.8 [ 87%] Building CXX object CMakeFiles/glog.dir/src/signalhandler.cc.o
#20 135.7 /root/.hunter/_Base/5ead1e0/916adb4/ead1bc1/Build/glog/Source/src/logging.cc:1158:8: warning: unknown attribute 'thread' ignored [-Wunknown-attributes]
#20 135.7 static GLOG_THREAD_LOCAL_STORAGE bool thread_data_available = true;
#20 135.7        ^~~~~~~~~~~~~~~~~~~~~~~~~
#20 135.7 /root/.hunter/_Base/5ead1e0/916adb4/ead1bc1/Build/glog/Build/glog-Debug-prefix/src/glog-Debug-build/config.h:178:50: note: expanded from macro 'GLOG_THREAD_LOCAL_STORAGE'
#20 135.7 #define GLOG_THREAD_LOCAL_STORAGE __attribute__((thread))
#20 135.7                                                  ^~~~~~
#20 135.7 /root/.hunter/_Base/5ead1e0/916adb4/ead1bc1/Build/glog/Source/src/logging.cc:1159:8: warning: unknown attribute 'thread' ignored [-Wunknown-attributes]
#20 135.7 static GLOG_THREAD_LOCAL_STORAGE LogMessage::LogMessageData thread_msg_data;
#20 135.7        ^~~~~~~~~~~~~~~~~~~~~~~~~
#20 135.7 /root/.hunter/_Base/5ead1e0/916adb4/ead1bc1/Build/glog/Build/glog-Debug-prefix/src/glog-Debug-build/config.h:178:50: note: expanded from macro 'GLOG_THREAD_LOCAL_STORAGE'
#20 135.7 #define GLOG_THREAD_LOCAL_STORAGE __attribute__((thread))
#20 135.7                                                  ^~~~~~
/bin/sh: 1: source: not found
#20 140.3 2 warnings generated.
#20 140.3 [100%] Linking CXX static library libglogd.a
#20 140.9 [100%] Built target glog
#20 141.0 [ 93%] Performing install step for 'glog-Debug'
#20 141.1 Consolidate compiler generated dependencies of target glog
#20 141.2 [100%] Built target glog
#20 141.2 Install the project...
#20 141.2 -- Install configuration: "Debug"
#20 141.2 -- Installing: /root/.hunter/_Base/5ead1e0/916adb4/ead1bc1/Build/glog/Install/lib/libglogd.a
#20 141.3 -- Installing: /root/.hunter/_Base/5ead1e0/916adb4/ead1bc1/Build/glog/Install/include/glog/config.h
#20 141.3 -- Installing: /root/.hunter/_Base/5ead1e0/916adb4/ead1bc1/Build/glog/Install/include/glog/logging.h
#20 141.3 -- Installing: /root/.hunter/_Base/5ead1e0/916adb4/ead1bc1/Build/glog/Install/include/glog/raw_logging.h
#20 141.3 -- Installing: /root/.hunter/_Base/5ead1e0/916adb4/ead1bc1/Build/glog/Install/include/glog/stl_logging.h
#20 141.3 -- Installing: /root/.hunter/_Base/5ead1e0/916adb4/ead1bc1/Build/glog/Install/include/glog/vlog_is_on.h
#20 141.3 -- Up-to-date: /root/.hunter/_Base/5ead1e0/916adb4/ead1bc1/Build/glog/Install/include/glog/log_severity.h
#20 141.3 -- Installing: /root/.hunter/_Base/5ead1e0/916adb4/ead1bc1/Build/glog/Install/lib/cmake/glog/glog-config.cmake
#20 141.3 -- Installing: /root/.hunter/_Base/5ead1e0/916adb4/ead1bc1/Build/glog/Install/lib/cmake/glog/glog-config-version.cmake
#20 141.3 -- Installing: /root/.hunter/_Base/5ead1e0/916adb4/ead1bc1/Build/glog/Install/lib/cmake/glog/glog-targets.cmake
#20 141.3 -- Installing: /root/.hunter/_Base/5ead1e0/916adb4/ead1bc1/Build/glog/Install/lib/cmake/glog/glog-targets-debug.cmake
#20 141.3 loading initial cache file /root/.hunter/_Base/5ead1e0/916adb4/ead1bc1/Build/glog/args.cmake
#20 141.3 [100%] Completed 'glog-Debug'
#20 141.3 [100%] Built target glog-Debug
#20 141.5 -- [hunter] Build step successful (dir: /root/.hunter/_Base/5ead1e0/916adb4/ead1bc1/Build/glog)
#20 142.6 -- [hunter] Cache saved: /root/.hunter/_Base/Cache/raw/42b8e2ee5842d7b87c8a21fdce01b232665dfdd8.tar.bz2
#20 143.3 -- Downloading and extracting ICU4C...
#2 [internal] load .dockerignore
#2 sha256:d9b655f2be5608f0d96e05948f1f48c7d48266a7542deca529050cd1d5dde5b8
#2 transferring context: 2B 0.1s done
#2 DONE 2.8s

#1 [internal] load build definition from Dockerfile
#1 sha256:fc8fa1e355c228904641fb9fb9f264dff9d1db07366e5b9d46a989f1c7fe776d
#1 transferring dockerfile: 32B 0.1s done
#1 DONE 3.2s

#20 148.6 -- Configuring done
#3 [internal] load metadata for gcr.io/oss-fuzz-base/base-builder:latest
#3 sha256:f10dc39cc9d418a5bc416dead31a1902b6821fdae909cd3b08f7a3fd1faba7b5
#20 149.0 -- Generating done
#20 149.0 -- Build files have been written to: /src/myanmar-tools/clients/cpp/build
#20 149.0 + make all
#20 149.0 /usr/local/bin/cmake -S/src/myanmar-tools/clients/cpp -B/src/myanmar-tools/clients/cpp/build --check-build-system CMakeFiles/Makefile.cmake 0
#20 149.0 /usr/local/bin/cmake -E cmake_progress_start /src/myanmar-tools/clients/cpp/build/CMakeFiles /src/myanmar-tools/clients/cpp/build//CMakeFiles/progress.marks
#20 149.1 make  -f CMakeFiles/Makefile2 all
#20 149.1 make[1]: Entering directory '/src/myanmar-tools/clients/cpp/build'
#20 149.1 make  -f CMakeFiles/build_model_inc.dir/build.make CMakeFiles/build_model_inc.dir/depend
#20 149.1 make[2]: Entering directory '/src/myanmar-tools/clients/cpp/build'
#20 149.1 cd /src/myanmar-tools/clients/cpp/build && /usr/local/bin/cmake -E cmake_depends "Unix Makefiles" /src/myanmar-tools/clients/cpp /src/myanmar-tools/clients/cpp /src/myanmar-tools/clients/cpp/build /src/myanmar-tools/clients/cpp/build /src/myanmar-tools/clients/cpp/build/CMakeFiles/build_model_inc.dir/DependInfo.cmake --color=
#20 149.1 make[2]: Leaving directory '/src/myanmar-tools/clients/cpp/build'
#20 149.1 make  -f CMakeFiles/build_model_inc.dir/build.make CMakeFiles/build_model_inc.dir/build
#20 149.1 make[2]: Entering directory '/src/myanmar-tools/clients/cpp/build'
#20 149.1 [ 11%] Building CXX object CMakeFiles/build_model_inc.dir/build_model_inc.cpp.o
#20 149.1 /usr/local/bin/clang++  -I/src/myanmar-tools/clients/cpp/myanmartools -I/src/myanmar-tools/clients/cpp/build -I/src/myanmar-tools/clients/cpp/build/_3rdParty/icu/source/common -DFUZZING_BUILD_MODE_UNSAFE_FOR_PRODUCTION -pthread -Wl,--no-as-needed -Wl,-ldl -Wl,-lm -Wno-unused-command-line-argument -stdlib=libc++ -O3 -fsanitize-coverage=trace-pc-guard -std=gnu++11 -MD -MT CMakeFiles/build_model_inc.dir/build_model_inc.cpp.o -MF CMakeFiles/build_model_inc.dir/build_model_inc.cpp.o.d -o CMakeFiles/build_model_inc.dir/build_model_inc.cpp.o -c /src/myanmar-tools/clients/cpp/build_model_inc.cpp
#3 DONE 1.0s

#5 [1/5] FROM gcr.io/oss-fuzz-base/base-builder@sha256:f4e5ea12494fab091c5d830cf803b3421f2860f729b9d1b07da44924396cf8cf
#5 sha256:ef290950573a2779ee526af357b28fbddfc20d7409aa51f58f777c9e972cba29
#5 DONE 0.0s

#4 importing cache manifest from gcr.io/fuzzbench/builders/benchmark/myanmar-tools_myanmar-tools
#4 sha256:6d24aaaef7a4e4f20e45ae36df8121924f0aa026ef79e1f74b113ccad525a46d
#4 DONE 0.0s

#9 [internal] load build context
#9 sha256:43941a3fdac4b615ff516da276e026eca37de048b3e72dd9d2f4cb5b42d0135a
#9 transferring context: 30B done
#9 DONE 0.1s

#6 [2/5] RUN apt-get update && apt-get -y install     build-essential     cmake     libunwind-dev
#6 sha256:2ac087c6eae8db3028482439dae4b168ca94fb1a8e0859e39f912a2b72ce35c5
#6 CACHED

#7 [3/5] RUN git clone https://github.com/google/myanmar-tools.git
#7 sha256:1988b252553b17e4c2fcee2eb5558c209251d9101802de5399593a1b3b039bda
#7 CACHED

#8 [4/5] WORKDIR /src/myanmar-tools/clients/cpp/
#8 sha256:e907e370e1ca307a8dbfa2c0e3bd40d58e90e50391ef6ee1ccd8f55cb1deb5d8
#8 CACHED

#10 [5/5] COPY build.sh /src/
#10 sha256:bdba2b478e2076e03f9a628a7c05b4d5875a5c56b04777c63c4f07223f4bd621
#10 CACHED

#11 exporting to image
#11 sha256:e8c613e07b0b7ff33893b694f7759a10d42e180f2b4dc349fb57dc6b71dcab00
#11 exporting layers done
#11 writing image sha256:f1fdabfcc20f3f97e5b02a9be92337105d637988c78ab9208cb394407c23b1ca
#11 writing image sha256:f1fdabfcc20f3f97e5b02a9be92337105d637988c78ab9208cb394407c23b1ca 0.0s done
#11 naming to gcr.io/fuzzbench/builders/benchmark/myanmar-tools_myanmar-tools done
#11 DONE 0.3s

#12 exporting cache
#12 sha256:2700d4ef94dee473593c5c614b55b2dedcca7893909811a8f2b48291a1f581e4
#12 preparing build cache for export done
#12 DONE 0.0s
#2 [internal] load .dockerignore
#2 sha256:3d30f7f0b8a494acb1c410d27d43c58ae2dd6c99c47c3f4a01212514dfe6fd42
#2 transferring context: 2B done
#2 DONE 0.2s

#1 [internal] load build definition from builder.Dockerfile
#1 sha256:fd2651c2d04bd45dcf8b66192dac5af7fc1a3e0b84966a74ece34496060ba209
#1 transferring dockerfile: 46B done
#1 DONE 0.2s

#3 [internal] load metadata for gcr.io/fuzzbench/builders/benchmark/myanmar-tools_myanmar-tools:latest
#3 sha256:1f7266f52ca150601dedf92850a447b96490b291ad02cca40b7b9ab561857a5a
#3 DONE 0.0s

#4 importing cache manifest from gcr.io/fuzzbench/builders/afl/myanmar-tools_myanmar-tools-intermediate
#4 sha256:34f625eb0a9250faec5e047740b1f5960336a973dddf7dff85fd5ce27b3cba19
#4 DONE 0.0s

#5 [1/3] FROM gcr.io/fuzzbench/builders/benchmark/myanmar-tools_myanmar-tools
#5 sha256:d187ac706080266ba06d065f0c3f27c48df1650eea454a532c8f460067480748
#5 DONE 0.0s

#6 [2/3] RUN git clone https://github.com/google/AFL.git /afl &&     cd /afl &&     git checkout 61037103ae3722c8060ff7082994836a794f978e &&     AFL_NO_X86=1 make
#6 sha256:c270c56a3768e696fc51a80f11b80f0ac47a5f3fb3c008c3cccc0896684d8e8e
#6 CACHED

#7 [3/3] RUN apt-get update &&     apt-get install wget -y &&     wget https://raw.githubusercontent.com/llvm/llvm-project/5feb80e748924606531ba28c97fe65145c65372e/compiler-rt/lib/fuzzer/afl/afl_driver.cpp -O /afl/afl_driver.cpp &&     clang -Wno-pointer-sign -c /afl/llvm_mode/afl-llvm-rt.o.c -I/afl &&     clang++ -stdlib=libc++ -std=c++11 -O2 -c /afl/afl_driver.cpp &&     ar r /libAFL.a *.o
#7 sha256:23697e629d8caa08eb790b5da5e2bbd1315821ae046571fa3f1896db89a71caa
#7 CACHED

#8 exporting to image
#8 sha256:e8c613e07b0b7ff33893b694f7759a10d42e180f2b4dc349fb57dc6b71dcab00
#8 exporting layers done
#8 writing image sha256:1b9e0204ac75b77fe45fdb4b1fe313e820643fad91d37dfe07d41e9eb4f2a6f6
#8 writing image sha256:1b9e0204ac75b77fe45fdb4b1fe313e820643fad91d37dfe07d41e9eb4f2a6f6 0.0s done
#8 naming to gcr.io/fuzzbench/builders/afl/myanmar-tools_myanmar-tools-intermediate done
#8 DONE 0.4s

#9 exporting cache
#9 sha256:2700d4ef94dee473593c5c614b55b2dedcca7893909811a8f2b48291a1f581e4
#9 preparing build cache for export done
#9 DONE 0.0s
#20 151.5 [ 22%] Linking CXX executable build_model_inc
#20 151.5 /usr/local/bin/cmake -E cmake_link_script CMakeFiles/build_model_inc.dir/link.txt --verbose=1
#20 151.5 /usr/local/bin/clang++ -DFUZZING_BUILD_MODE_UNSAFE_FOR_PRODUCTION -pthread -Wl,--no-as-needed -Wl,-ldl -Wl,-lm -Wno-unused-command-line-argument -stdlib=libc++ -O3 -fsanitize-coverage=trace-pc-guard -rdynamic CMakeFiles/build_model_inc.dir/build_model_inc.cpp.o -o build_model_inc  -lpthread 
#20 152.0 make[2]: Leaving directory '/src/myanmar-tools/clients/cpp/build'
#20 152.0 [ 22%] Built target build_model_inc
#20 152.0 make  -f CMakeFiles/myanmartools.dir/build.make CMakeFiles/myanmartools.dir/depend
#20 152.0 make[2]: Entering directory '/src/myanmar-tools/clients/cpp/build'
#20 152.0 [ 33%] Generating zawgyi_model_data.inc
#20 152.0 ./build_model_inc /src/myanmar-tools/clients/cpp/resources/zawgyiUnicodeModel.dat zawgyi_model_data.inc
#20 152.0 cd /src/myanmar-tools/clients/cpp/build && /usr/local/bin/cmake -E cmake_depends "Unix Makefiles" /src/myanmar-tools/clients/cpp /src/myanmar-tools/clients/cpp /src/myanmar-tools/clients/cpp/build /src/myanmar-tools/clients/cpp/build /src/myanmar-tools/clients/cpp/build/CMakeFiles/myanmartools.dir/DependInfo.cmake --color=
#20 152.0 make[2]: Leaving directory '/src/myanmar-tools/clients/cpp/build'
#20 152.0 make  -f CMakeFiles/myanmartools.dir/build.make CMakeFiles/myanmartools.dir/build
#20 152.0 make[2]: Entering directory '/src/myanmar-tools/clients/cpp/build'
#20 152.0 [ 44%] Building CXX object CMakeFiles/myanmartools.dir/zawgyi_detector.cpp.o
#20 152.0 /usr/local/bin/clang++ -DGOOGLE_GLOG_DLL_DECL="" -Dmyanmartools_EXPORTS -I/src/myanmar-tools/clients/cpp/myanmartools -I/src/myanmar-tools/clients/cpp/build -I/src/myanmar-tools/clients/cpp/build/_3rdParty/icu/source/common -isystem /root/.hunter/_Base/5ead1e0/916adb4/ead1bc1/Install/include -DFUZZING_BUILD_MODE_UNSAFE_FOR_PRODUCTION -pthread -Wl,--no-as-needed -Wl,-ldl -Wl,-lm -Wno-unused-command-line-argument -stdlib=libc++ -O3 -fsanitize-coverage=trace-pc-guard -fPIC -std=gnu++11 -MD -MT CMakeFiles/myanmartools.dir/zawgyi_detector.cpp.o -MF CMakeFiles/myanmartools.dir/zawgyi_detector.cpp.o.d -o CMakeFiles/myanmartools.dir/zawgyi_detector.cpp.o -c /src/myanmar-tools/clients/cpp/zawgyi_detector.cpp
#2 [internal] load .dockerignore
#2 sha256:b008c0af08e06513d16bdc64c33846a6b4dce93502d84ffa6db792fc2b6f6f1b
#2 DONE 0.0s

#1 [internal] load build definition from Dockerfile
#1 sha256:30ac6422cbf855b8bd79b81c5f7c3bad3164b54264ef6469e2547fbe9dc1b3d6
#1 transferring dockerfile: 2.00kB done
#1 DONE 0.5s

#2 [internal] load .dockerignore
#2 sha256:b008c0af08e06513d16bdc64c33846a6b4dce93502d84ffa6db792fc2b6f6f1b
#2 transferring context: 143B done
#2 DONE 0.2s

#3 [internal] load metadata for docker.io/library/ubuntu:xenial
#3 sha256:f62bae18ed588840f045c881b2502661f2a89578a2f8f99b83f5200ee83dd25b
#3 DONE 0.0s

#10 [1/7] FROM docker.io/library/ubuntu:xenial
#10 sha256:14dd403f25ae9e519bd44f27dc17af7ce80f5a4f9f48ca88108364e67ec5d360
#10 DONE 0.0s

#12 importing cache manifest from gcr.io/fuzzbench/base-image
#12 sha256:9b220ebb4d4daceed1b96df9b6dca076e762f1cd612574f010b82d5b9e5ad896
#12 DONE 0.0s

#11 [internal] load build context
#11 sha256:ca1c66db7037d399b74b4ba5ec4507d669280112a5be561e2755c89f95cd5008
#11 transferring context: 559B done
#11 DONE 0.1s

#5 [3/7] RUN cd /tmp/ &&     curl -O https://www.python.org/ftp/python/3.8.6/Python-3.8.6.tar.xz &&     tar -xvf Python-3.8.6.tar.xz &&     cd Python-3.8.6 &&     ./configure --enable-loadable-sqlite-extensions --enable-optimizations &&     make -j install &&     rm -r /tmp/Python-3.8.6.tar.xz /tmp/Python-3.8.6
#5 sha256:c5b9d1fb3371e84dbc60b76e7b2f8d5913bc93bcd4910ab65daa03e7b2ec4bb0
#5 CACHED

#6 [4/7] COPY ./requirements.txt /
#6 sha256:1db34dff8a9f1729ebda54b261228c731971eeb36a9168ba5154837777adb385
#6 CACHED

#7 [5/7] RUN pip3 install -r /requirements.txt
#7 sha256:68a68a55593344f96d8ea0acd186bf61bdb184d025c0390ed797f0c91c1c0bec
#7 CACHED

#8 [6/7] RUN apt-get update -y && apt-get install -y     apt-transport-https     lsb-release
#8 sha256:01a53e05e0a70b132e35b0e56ee12e694eaf4d8dad59ea1c848ed9d4492b1e65
#8 CACHED

#4 [2/7] RUN apt-get update -y && apt-get install -y     build-essential     rsync     curl     zlib1g-dev     libncurses5-dev     libgdbm-dev     libnss3-dev     libssl-dev     libreadline-dev     libffi-dev     virtualenv     libbz2-dev     liblzma-dev     libsqlite3-dev
#4 sha256:3a1b0960f17eed529eaae93dc8fd3554f2743dd584d8fa569cdbe6bc734371ac
#4 CACHED

#9 [7/7] RUN CLOUD_SDK_REPO="cloud-sdk-$(lsb_release -c -s)" &&     echo "deb https://packages.cloud.google.com/apt $CLOUD_SDK_REPO main"     | tee -a /etc/apt/sources.list.d/google-cloud-sdk.list &&     curl https://packages.cloud.google.com/apt/doc/apt-key.gpg     | apt-key add - &&     apt-get update -y &&     apt-get install -y google-cloud-sdk
#9 sha256:4290804a54738e8dd941a9b938c780254c8460090daa55e0506bede8cd8b9e8f
#9 CACHED

#13 exporting to image
#13 sha256:e8c613e07b0b7ff33893b694f7759a10d42e180f2b4dc349fb57dc6b71dcab00
#13 exporting layers done
#13 writing image sha256:3e04b5fd0a277df2bc5cd3367dbf9178b152077681f3e4447621291a56e5d56f
#13 writing image sha256:3e04b5fd0a277df2bc5cd3367dbf9178b152077681f3e4447621291a56e5d56f done
#13 naming to gcr.io/fuzzbench/base-image done
#13 DONE 0.1s

#14 exporting cache
#14 sha256:2700d4ef94dee473593c5c614b55b2dedcca7893909811a8f2b48291a1f581e4
#14 preparing build cache for export done
#14 DONE 0.0s
#2 [internal] load .dockerignore
#2 sha256:ee29eaa413c0d2d2c972d3445c07f05a3348249acd853f52aa29cc4a3f0e43a9
#2 transferring context:
#2 ...

#1 [internal] load build definition from Dockerfile
#1 sha256:607a4ba238eee103f7a633d887f9ce309112e5addd2b5fb48a8af9b9b6cd22df
#1 transferring dockerfile: 2.22kB done
#1 DONE 0.2s

#2 [internal] load .dockerignore
#2 sha256:ee29eaa413c0d2d2c972d3445c07f05a3348249acd853f52aa29cc4a3f0e43a9
#2 transferring context: 34B done
#2 DONE 0.2s

#7 [base-image 1/1] FROM gcr.io/fuzzbench/base-image
#7 sha256:4d07825694520f8b6f6a0d8592dbd345433361ae044cb7f06706c5a95e3daaad
#7 CACHED

#6 [stage-1  1/13] FROM gcr.io/fuzzbench/builders/afl/myanmar-tools_myanmar-tools-intermediate
#6 sha256:e115ab94d89a8ea1be910b768c7b45dc60bb995a78b8070a9cfa3c9c4e9cf395
#6 DONE 0.8s

#8 [stage-1  2/13] COPY --from=base-image /usr/local/bin/python3* /usr/local/bin/
#8 sha256:6f04e6d0ed6b9ffa89b360180bc9a23e97f8cee5e710d345a40775d8b72ba2d3
#8 DONE 0.6s

#9 [stage-1  3/13] COPY --from=base-image /usr/local/lib/python3.8 /usr/local/lib/python3.8
#9 sha256:2c68bdf53b1d35b7cbf9c0f925cce0449489153be1d1fb58e5c09926c0d174a9
#9 DONE 12.3s

#10 [stage-1  4/13] COPY --from=base-image /usr/local/include/python3.8 /usr/local/include/python3.8
#10 sha256:12f87fa0ea8d7130b8080bd0f8acc58b694bc8e6fe12f4b98aee8fd1103c1379
#10 DONE 0.3s

#11 [stage-1  5/13] COPY --from=base-image /usr/local/lib/python3.8/site-packages /usr/local/lib/python3.8/site-packages
#11 sha256:e3254c7b8bdaf59f5cbf0ac5af90c085c6258679768226ba95c8665aefc97afc
#11 DONE 63.1s

#3 [internal] load metadata for gcr.io/fuzzbench/base-image:latest
#3 sha256:932022888f650cc455b10eb5123bb08c0cccacac29a693e69314abbfd28a72c3
#3 DONE 0.0s

#4 [internal] load metadata for gcr.io/fuzzbench/builders/afl/myanmar-tools_myanmar-tools-intermediate:latest
#4 sha256:d14b077f88900ad073f19b68ac1c48b350353700abef99877037b64d8678dda3
#4 DONE 0.0s

#12 [internal] load build context
#12 sha256:ddf0a5bb641948d1c01676d9ea930fe5c1465ff4a4b69e334f7e70a0ce166120
#12 DONE 0.0s

#5 importing cache manifest from gcr.io/fuzzbench/builders/afl/myanmar-tools_myanmar-tools
#5 sha256:d6528de137e59011c8461ac929ee2ac9014fb3e9de62381831e0cfba112a0203
#20 154.8 [ 55%] Linking CXX shared library libmyanmartools.so
#20 154.8 /usr/local/bin/cmake -E cmake_link_script CMakeFiles/myanmartools.dir/link.txt --verbose=1
#20 154.8 /usr/local/bin/clang++ -fPIC -DFUZZING_BUILD_MODE_UNSAFE_FOR_PRODUCTION -pthread -Wl,--no-as-needed -Wl,-ldl -Wl,-lm -Wno-unused-command-line-argument -stdlib=libc++ -O3 -fsanitize-coverage=trace-pc-guard -shared -Wl,-soname,libmyanmartools.so -o libmyanmartools.so CMakeFiles/myanmartools.dir/zawgyi_detector.cpp.o  /root/.hunter/_Base/5ead1e0/916adb4/ead1bc1/Install/lib/libglogd.a -lunwind 
#20 155.0 make[2]: Leaving directory '/src/myanmar-tools/clients/cpp/build'
#20 155.0 [ 55%] Built target myanmartools
#20 155.0 make  -f CMakeFiles/myanmartools_c_test.dir/build.make CMakeFiles/myanmartools_c_test.dir/depend
#20 155.0 make[2]: Entering directory '/src/myanmar-tools/clients/cpp/build'
#20 155.0 cd /src/myanmar-tools/clients/cpp/build && /usr/local/bin/cmake -E cmake_depends "Unix Makefiles" /src/myanmar-tools/clients/cpp /src/myanmar-tools/clients/cpp /src/myanmar-tools/clients/cpp/build /src/myanmar-tools/clients/cpp/build /src/myanmar-tools/clients/cpp/build/CMakeFiles/myanmartools_c_test.dir/DependInfo.cmake --color=
#20 155.0 make[2]: Leaving directory '/src/myanmar-tools/clients/cpp/build'
#20 155.0 make  -f CMakeFiles/myanmartools_c_test.dir/build.make CMakeFiles/myanmartools_c_test.dir/build
#20 155.0 make[2]: Entering directory '/src/myanmar-tools/clients/cpp/build'
#20 155.0 [ 66%] Building C object CMakeFiles/myanmartools_c_test.dir/zawgyi_detector_unittest.c.o
#20 155.1 /usr/local/bin/clang -DGOOGLE_GLOG_DLL_DECL="" -I/src/myanmar-tools/clients/cpp/myanmartools -I/src/myanmar-tools/clients/cpp/build -I/src/myanmar-tools/clients/cpp/build/_3rdParty/icu/source/common -isystem /root/.hunter/_Base/5ead1e0/916adb4/ead1bc1/Install/include -DFUZZING_BUILD_MODE_UNSAFE_FOR_PRODUCTION -pthread -Wl,--no-as-needed -Wl,-ldl -Wl,-lm -Wno-unused-command-line-argument -O3 -fsanitize-coverage=trace-pc-guard -MD -MT CMakeFiles/myanmartools_c_test.dir/zawgyi_detector_unittest.c.o -MF CMakeFiles/myanmartools_c_test.dir/zawgyi_detector_unittest.c.o.d -o CMakeFiles/myanmartools_c_test.dir/zawgyi_detector_unittest.c.o -c /src/myanmar-tools/clients/cpp/zawgyi_detector_unittest.c
#20 155.1 [ 77%] Linking CXX executable myanmartools_c_test
#5 ERROR: gcr.io/fuzzbench/builders/afl/myanmar-tools_myanmar-tools:latest: not found

#12 [internal] load build context
#12 sha256:ddf0a5bb641948d1c01676d9ea930fe5c1465ff4a4b69e334f7e70a0ce166120
#20 155.1 /usr/local/bin/cmake -E cmake_link_script CMakeFiles/myanmartools_c_test.dir/link.txt --verbose=1
#20 155.1 /usr/local/bin/clang++ -DFUZZING_BUILD_MODE_UNSAFE_FOR_PRODUCTION -pthread -Wl,--no-as-needed -Wl,-ldl -Wl,-lm -Wno-unused-command-line-argument -stdlib=libc++ -O3 -fsanitize-coverage=trace-pc-guard -rdynamic CMakeFiles/myanmartools_c_test.dir/zawgyi_detector_unittest.c.o -o myanmartools_c_test  -Wl,-rpath,/src/myanmar-tools/clients/cpp/build libmyanmartools.so /root/.hunter/_Base/5ead1e0/916adb4/ead1bc1/Install/lib/libglogd.a -lunwind 
#12 transferring context: 669.90kB 0.1s done
#12 DONE 0.2s
#20 155.3 make[2]: Leaving directory '/src/myanmar-tools/clients/cpp/build'
#20 155.3 [ 77%] Built target myanmartools_c_test
#20 155.3 make  -f CMakeFiles/myanmartools_test.dir/build.make CMakeFiles/myanmartools_test.dir/depend
#20 155.3 make[2]: Entering directory '/src/myanmar-tools/clients/cpp/build'
#20 155.3 cd /src/myanmar-tools/clients/cpp/build && /usr/local/bin/cmake -E cmake_depends "Unix Makefiles" /src/myanmar-tools/clients/cpp /src/myanmar-tools/clients/cpp /src/myanmar-tools/clients/cpp/build /src/myanmar-tools/clients/cpp/build /src/myanmar-tools/clients/cpp/build/CMakeFiles/myanmartools_test.dir/DependInfo.cmake --color=
#20 155.3 make[2]: Leaving directory '/src/myanmar-tools/clients/cpp/build'
#20 155.3 make  -f CMakeFiles/myanmartools_test.dir/build.make CMakeFiles/myanmartools_test.dir/build
#20 155.3 make[2]: Entering directory '/src/myanmar-tools/clients/cpp/build'
#20 155.3 [ 88%] Building CXX object CMakeFiles/myanmartools_test.dir/zawgyi_detector_unittest.cpp.o
#20 155.3 /usr/local/bin/clang++ -DGOOGLE_GLOG_DLL_DECL="" -I/src/myanmar-tools/clients/cpp/myanmartools -I/src/myanmar-tools/clients/cpp/build -I/src/myanmar-tools/clients/cpp/build/_3rdParty/icu/source/common -isystem /root/.hunter/_Base/5ead1e0/916adb4/ead1bc1/Install/include -DFUZZING_BUILD_MODE_UNSAFE_FOR_PRODUCTION -pthread -Wl,--no-as-needed -Wl,-ldl -Wl,-lm -Wno-unused-command-line-argument -stdlib=libc++ -O3 -fsanitize-coverage=trace-pc-guard -std=gnu++11 -MD -MT CMakeFiles/myanmartools_test.dir/zawgyi_detector_unittest.cpp.o -MF CMakeFiles/myanmartools_test.dir/zawgyi_detector_unittest.cpp.o.d -o CMakeFiles/myanmartools_test.dir/zawgyi_detector_unittest.cpp.o -c /src/myanmar-tools/clients/cpp/zawgyi_detector_unittest.cpp
#20 159.0 [100%] Linking CXX executable myanmartools_test
#20 159.0 /usr/local/bin/cmake -E cmake_link_script CMakeFiles/myanmartools_test.dir/link.txt --verbose=1
#20 159.0 /usr/local/bin/clang++ -DFUZZING_BUILD_MODE_UNSAFE_FOR_PRODUCTION -pthread -Wl,--no-as-needed -Wl,-ldl -Wl,-lm -Wno-unused-command-line-argument -stdlib=libc++ -O3 -fsanitize-coverage=trace-pc-guard -rdynamic CMakeFiles/myanmartools_test.dir/zawgyi_detector_unittest.cpp.o -o myanmartools_test  -Wl,-rpath,/src/myanmar-tools/clients/cpp/build libmyanmartools.so /root/.hunter/_Base/5ead1e0/916adb4/ead1bc1/Install/lib/libgtest_maind.a /root/.hunter/_Base/5ead1e0/916adb4/ead1bc1/Install/lib/libglogd.a -lunwind /root/.hunter/_Base/5ead1e0/916adb4/ead1bc1/Install/lib/libgtestd.a 
#20 159.3 make[2]: Leaving directory '/src/myanmar-tools/clients/cpp/build'
#20 159.3 [100%] Built target myanmartools_test
#20 159.3 make[1]: Leaving directory '/src/myanmar-tools/clients/cpp/build'
#20 159.3 /usr/local/bin/cmake -E cmake_progress_start /src/myanmar-tools/clients/cpp/build/CMakeFiles 0
#20 159.3 + mkdir -p /out/lib
#20 159.3 + cp libmyanmartools.so /out/lib
#20 159.3 + cp /usr/lib/x86_64-linux-gnu/libunwind.so.8 /out/lib/
#20 159.3 + clang++ -DFUZZING_BUILD_MODE_UNSAFE_FOR_PRODUCTION -pthread -Wl,--no-as-needed -Wl,-ldl -Wl,-lm -Wno-unused-command-line-argument -stdlib=libc++ -O3 -fsanitize-coverage=trace-pc-guard -std=c++11 -I../public -L/out/lib '-Wl,-rpath,$ORIGIN/lib' -lmyanmartools -o /out/zawgyi_detector_fuzz_target ../zawgyi_detector_fuzz_target.cpp /libAFL.a
#20 159.5 [post_build] Copying afl-fuzz to $OUT directory
#20 DONE 161.1s

#21 exporting to image
#21 sha256:e8c613e07b0b7ff33893b694f7759a10d42e180f2b4dc349fb57dc6b71dcab00
#21 exporting layers done

#21 exporting to image
#21 sha256:e8c613e07b0b7ff33893b694f7759a10d42e180f2b4dc349fb57dc6b71dcab00
#21 exporting layers done
#21 writing image sha256:b465dd2700e3684cd35a93268b6f15c84fab33d85ef5c6542ede17f19fd497ca done
#21 naming to gcr.io/fuzzbench/builders/afl/myanmar-tools_myanmar-tools done
#21 DONE 0.0s

#22 exporting cache
#22 sha256:2700d4ef94dee473593c5c614b55b2dedcca7893909811a8f2b48291a1f581e4
#22 preparing build cache for export 0.1s done
#22 DONE 0.1s
------
 > importing cache manifest from gcr.io/fuzzbench/builders/afl/myanmar-tools_myanmar-tools:
------
#21 writing image sha256:b465dd2700e3684cd35a93268b6f15c84fab33d85ef5c6542ede17f19fd497ca
#21 writing image sha256:b465dd2700e3684cd35a93268b6f15c84fab33d85ef5c6542ede17f19fd497ca done
#21 naming to gcr.io/fuzzbench/builders/afl/myanmar-tools_myanmar-tools done
#21 DONE 0.1s

#22 exporting cache
#22 sha256:2700d4ef94dee473593c5c614b55b2dedcca7893909811a8f2b48291a1f581e4
#22 preparing build cache for export done
#22 DONE 0.0s
------
 > importing cache manifest from gcr.io/fuzzbench/builders/afl/myanmar-tools_myanmar-tools:
------
#1 [internal] load build definition from runner.Dockerfile
#1 sha256:69d5ff73c3fb40d955b2653298c718a95f390b1c1137c89704c8a559bd3ad8bd
#1 transferring dockerfile: 656B done
#1 DONE 0.1s

#2 [internal] load .dockerignore
#2 sha256:8bd34b791af8ad5fa01e8cfa2317bf314913daf301be61a1d75c1879f4b4d328
#2 transferring context: 2B done
#1 [internal] load build definition from runner.Dockerfile
#1 sha256:1d107b5b7d0d6acbe787286411b4da8bb5736f09a220668cd1c0824a135643af
#1 transferring dockerfile: 656B done
#2 DONE 0.1s

#3 [internal] load metadata for gcr.io/fuzzbench/base-image:latest
#3 sha256:932022888f650cc455b10eb5123bb08c0cccacac29a693e69314abbfd28a72c3
#1 DONE 0.2s

#2 [internal] load .dockerignore
#2 sha256:757c0e829632d20b6b8a05d9abdc75d0dfbc139cba8355a041d96de027f84304
#2 transferring context: 2B done
#2 DONE 0.2s
#3 DONE 0.0s

#4 [base-image 1/1] FROM gcr.io/fuzzbench/base-image
#4 sha256:4d07825694520f8b6f6a0d8592dbd345433361ae044cb7f06706c5a95e3daaad
#4 CACHED

#6 exporting to image
#6 sha256:e8c613e07b0b7ff33893b694f7759a10d42e180f2b4dc349fb57dc6b71dcab00
#6 exporting layers done

#3 [internal] load metadata for gcr.io/fuzzbench/base-image:latest
#3 sha256:932022888f650cc455b10eb5123bb08c0cccacac29a693e69314abbfd28a72c3
#6 ...

#5 importing cache manifest from gcr.io/fuzzbench/runners/afl/myanmar-tools_myanmar-tools-intermediate
#5 sha256:b85aca2032f9516a4d74c146ed7b7ff54bd3f1c894cf429da7f3be71ebf28f26
#5 ERROR: gcr.io/fuzzbench/runners/afl/myanmar-tools_myanmar-tools-intermediate:latest: not found

#6 exporting to image
#6 sha256:e8c613e07b0b7ff33893b694f7759a10d42e180f2b4dc349fb57dc6b71dcab00
#6 writing image sha256:4efbd5e416c83953b598ff82cefe236e4f25c5eeda46088ba83e35554e2d5ee7
#6 writing image sha256:4efbd5e416c83953b598ff82cefe236e4f25c5eeda46088ba83e35554e2d5ee7 0.1s done
#6 naming to gcr.io/fuzzbench/runners/afl/myanmar-tools_myanmar-tools-intermediate done
#6 DONE 0.5s

#7 exporting cache
#7 sha256:2700d4ef94dee473593c5c614b55b2dedcca7893909811a8f2b48291a1f581e4
#7 preparing build cache for export done
#7 DONE 0.0s
------
 > importing cache manifest from gcr.io/fuzzbench/runners/afl/myanmar-tools_myanmar-tools-intermediate:
------
#3 DONE 0.0s

#5 [base-image 1/1] FROM gcr.io/fuzzbench/base-image
#5 sha256:4d07825694520f8b6f6a0d8592dbd345433361ae044cb7f06706c5a95e3daaad
#5 CACHED

#6 exporting to image
#6 sha256:e8c613e07b0b7ff33893b694f7759a10d42e180f2b4dc349fb57dc6b71dcab00
#6 exporting layers done
#6 writing image sha256:4efbd5e416c83953b598ff82cefe236e4f25c5eeda46088ba83e35554e2d5ee7 done
#6 naming to gcr.io/fuzzbench/runners/afl/myanmar-tools_myanmar-tools-intermediate done
#6 DONE 0.2s

#7 exporting cache
#7 sha256:2700d4ef94dee473593c5c614b55b2dedcca7893909811a8f2b48291a1f581e4
#7 preparing build cache for export done
#7 DONE 0.0s

#4 importing cache manifest from gcr.io/fuzzbench/runners/afl/myanmar-tools_myanmar-tools-intermediate
#4 sha256:b85aca2032f9516a4d74c146ed7b7ff54bd3f1c894cf429da7f3be71ebf28f26
#1 [internal] load build definition from Dockerfile
#1 sha256:0e13caa987339b900b3a95670c9cada2a47d0aff5d086cf5a465e8b0f54fbe00
#1 transferring dockerfile: 3.17kB done
#1 DONE 0.0s

#2 [internal] load .dockerignore
#2 sha256:76ae85f4b8d5ee16e33288ca0137de06c0e8b13499b70f7c239ce58f2ccd1805
#2 transferring context: 34B done
#2 DONE 0.0s

#3 [internal] load metadata for gcr.io/fuzzbench/runners/afl/myanmar-tools_myanmar-tools-intermediate:latest
#3 sha256:df042be07a63bbaf12df142e15a6033a9e9f4915146499c50ac74f766fa1501b
#3 DONE 0.0s

#4 [internal] load metadata for gcr.io/fuzzbench/builders/afl/myanmar-tools_myanmar-tools:latest
#4 sha256:e84d6b4c85505f973c832d630d6b741cabb2ff1e40fb83014e46b4d0875bf780
#4 DONE 0.0s
#4 ERROR: gcr.io/fuzzbench/runners/afl/myanmar-tools_myanmar-tools-intermediate:latest: not found
------
 > importing cache manifest from gcr.io/fuzzbench/runners/afl/myanmar-tools_myanmar-tools-intermediate:
------

#12 [internal] load build context
#12 sha256:f4bfac72dd4b56205e3063e3e234ee113bc4561b9802f7bd9e683570c208c613
#12 DONE 0.0s

#6 [stage-1  1/13] FROM gcr.io/fuzzbench/runners/afl/myanmar-tools_myanmar-tools-intermediate
#6 sha256:08adcdc92a5a5f69494bc168d24b1806d83315d30979fbb7ffe65717dc6383fc
#6 DONE 0.0s

#10 [builder 1/1] FROM gcr.io/fuzzbench/builders/afl/myanmar-tools_myanmar-tools
#10 sha256:646d87e289017e3f40fedd78ade45a6dc39437294ce86f61cdc9f97175cf1df9
#10 DONE 0.0s

#5 importing cache manifest from gcr.io/fuzzbench/runners/afl/myanmar-tools_myanmar-tools
#5 sha256:291e1b5817271cf2864dfce9525730a2bef12e67ec2348839851b97cfc558485
#5 ERROR: gcr.io/fuzzbench/runners/afl/myanmar-tools_myanmar-tools:latest: not found

#12 [internal] load build context
#12 sha256:f4bfac72dd4b56205e3063e3e234ee113bc4561b9802f7bd9e683570c208c613
#1 [internal] load build definition from Dockerfile
#1 sha256:9dec91da06a55562e319895452e2d842929565c54a46f5cf6075337709fea371
#1 ...

#2 [internal] load .dockerignore
#2 sha256:240aceb63dca80bc7be8234ecda9e193128c29f79695150d65aed9e773160502
#2 transferring context: 34B done
#2 DONE 0.3s

#1 [internal] load build definition from Dockerfile
#1 sha256:9dec91da06a55562e319895452e2d842929565c54a46f5cf6075337709fea371
#1 transferring dockerfile: 3.17kB done
#1 DONE 0.4s
#12 transferring context: 17.54MB 0.9s done

#4 [internal] load metadata for gcr.io/fuzzbench/builders/afl/myanmar-tools_myanmar-tools:latest
#4 sha256:e84d6b4c85505f973c832d630d6b741cabb2ff1e40fb83014e46b4d0875bf780
#12 DONE 1.1s

#10 [builder 1/1] FROM gcr.io/fuzzbench/builders/afl/myanmar-tools_myanmar-tools
#10 sha256:646d87e289017e3f40fedd78ade45a6dc39437294ce86f61cdc9f97175cf1df9
#4 DONE 0.0s

#6 [stage-1  1/13] FROM gcr.io/fuzzbench/runners/afl/myanmar-tools_myanmar-tools-intermediate
#6 sha256:08adcdc92a5a5f69494bc168d24b1806d83315d30979fbb7ffe65717dc6383fc
#6 DONE 0.0s

#3 [internal] load metadata for gcr.io/fuzzbench/runners/afl/myanmar-tools_myanmar-tools-intermediate:latest
#3 sha256:df042be07a63bbaf12df142e15a6033a9e9f4915146499c50ac74f766fa1501b
#3 DONE 0.0s

#12 [internal] load build context
#12 sha256:7d44e9eea5da4103564b45eb41ebdc4cebfeea4b69cc55f67a15af75c62fd862
#12 DONE 0.0s

#10 [builder 1/1] FROM gcr.io/fuzzbench/builders/afl/myanmar-tools_myanmar-tools
#10 sha256:646d87e289017e3f40fedd78ade45a6dc39437294ce86f61cdc9f97175cf1df9
#10 ...

#5 importing cache manifest from gcr.io/fuzzbench/runners/afl/myanmar-tools_myanmar-tools
#5 sha256:291e1b5817271cf2864dfce9525730a2bef12e67ec2348839851b97cfc558485
#5 ERROR: gcr.io/fuzzbench/runners/afl/myanmar-tools_myanmar-tools:latest: not found

#12 [internal] load build context
#12 sha256:7d44e9eea5da4103564b45eb41ebdc4cebfeea4b69cc55f67a15af75c62fd862
#12 transferring context: 17.54MB 0.7s done
#12 DONE 0.9s

#10 [builder 1/1] FROM gcr.io/fuzzbench/builders/afl/myanmar-tools_myanmar-tools
#10 sha256:646d87e289017e3f40fedd78ade45a6dc39437294ce86f61cdc9f97175cf1df9
#10 DONE 3.4s
#10 DONE 3.4s

#9 [stage-1  4/13] WORKDIR /out
#9 sha256:3cc260509a73475c6a153f368f7521b426dd11016301ee351edc40fc2220623e
#9 CACHED

#7 [stage-1  2/13] RUN apt-get update -y && apt-get install -y     libglib2.0-0     libxml2     libarchive13     libgss3
#7 sha256:05a0463bb37988d6f5e1758c022be93c2c0982edd6f0994c3976e27c4dc9d340
#7 CACHED

#8 [stage-1  3/13] RUN mkdir -p /out
#8 sha256:005220d3a940238563716247e7d69132d78348fa8f43667a7639a29966a3bfb5
#8 CACHED

#11 [stage-1  5/13] COPY --from=builder /out/ ./
#11 sha256:5c7a9cc7f4ea13c33f9e79b13fd5b5f08d9e48b7ced4cc602810399d06c3e28e
#11 CACHED

#13 [stage-1  6/13] COPY benchmarks /src/benchmarks
#13 sha256:76856ff41a0cb7b8bb0793a7720b5e3ab81b00cc52eceb39339f1175141b0e54

#7 [stage-1  2/13] RUN apt-get update -y && apt-get install -y     libglib2.0-0     libxml2     libarchive13     libgss3
#7 sha256:05a0463bb37988d6f5e1758c022be93c2c0982edd6f0994c3976e27c4dc9d340
#7 CACHED

#8 [stage-1  3/13] RUN mkdir -p /out
#8 sha256:005220d3a940238563716247e7d69132d78348fa8f43667a7639a29966a3bfb5
#8 CACHED

#9 [stage-1  4/13] WORKDIR /out
#9 sha256:3cc260509a73475c6a153f368f7521b426dd11016301ee351edc40fc2220623e
#9 CACHED

#11 [stage-1  5/13] COPY --from=builder /out/ ./
#11 sha256:5c7a9cc7f4ea13c33f9e79b13fd5b5f08d9e48b7ced4cc602810399d06c3e28e
#11 CACHED
#13 DONE 1.0s

#14 [stage-1  7/13] COPY fuzzers /src/fuzzers
#14 sha256:ac9396468aeba11961b2526c7d7485128ce8ed52171641b16ca2898d868f1e09
#14 DONE 0.2s

#15 [stage-1  8/13] RUN touch __init__.py
#15 sha256:2020b9604bbe482934efc2ac98005f7656496eb29da86dc4f12a31447b23bad6
#15 DONE 0.7s

#16 [stage-1  9/13] RUN mkdir -p /out/seeds /out/corpus
#16 sha256:a4de5b1043f809fe6632af5cc9d4c7bdcdccd45f93156d04a291a6f1ae6da02a
#16 DONE 0.8s

#17 [stage-1 10/13] COPY common /src/common
#17 sha256:c8b4ea1e4eb8b61106b06c9ba045f93a869b362be824825da7aea228c96a0a75
#17 DONE 0.2s

#18 [stage-1 11/13] COPY experiment/runner.py /src/experiment/runner.py
#18 sha256:08dcf84ebf36bb541eb8ba23bb2defc381082971acc2bf54cbbcff9797c2bbaa
#18 DONE 0.1s

#19 [stage-1 12/13] COPY docker/benchmark-runner /src/docker/benchmark-runner
#19 sha256:1da91a9dc1e55914197c28eb6f9b985a5f57c271084e179bfe5e5b5b67f55bcf
#19 DONE 0.1s

#20 [stage-1 13/13] RUN chmod +x /src/docker/benchmark-runner/startup-runner.sh
#20 sha256:0ac11b4063cc60d15d18ed4856c09920c119578929506bd9823a05690eed1d4d
#20 DONE 0.6s

#21 exporting to image
#21 sha256:e8c613e07b0b7ff33893b694f7759a10d42e180f2b4dc349fb57dc6b71dcab00
#21 exporting layers done
#21 writing image sha256:36e1e3b22d3477bdb8c55503405b433abe1b288a20cc9900dd073b10954b0e27 done
#21 naming to gcr.io/fuzzbench/runners/afl/myanmar-tools_myanmar-tools done
#21 DONE 0.1s

#22 exporting cache
#22 sha256:2700d4ef94dee473593c5c614b55b2dedcca7893909811a8f2b48291a1f581e4
#22 preparing build cache for export 0.0s done
#22 DONE 0.0s
------
 > importing cache manifest from gcr.io/fuzzbench/runners/afl/myanmar-tools_myanmar-tools:
------

#21 exporting to image
#21 sha256:e8c613e07b0b7ff33893b694f7759a10d42e180f2b4dc349fb57dc6b71dcab00
#21 exporting layers done
#21 writing image sha256:36e1e3b22d3477bdb8c55503405b433abe1b288a20cc9900dd073b10954b0e27 done
#21 naming to gcr.io/fuzzbench/runners/afl/myanmar-tools_myanmar-tools done
#21 DONE 0.1s

#22 exporting cache
#22 sha256:2700d4ef94dee473593c5c614b55b2dedcca7893909811a8f2b48291a1f581e4
#22 preparing build cache for export 0.0s done
#22 DONE 0.0s
------
 > importing cache manifest from gcr.io/fuzzbench/runners/afl/myanmar-tools_myanmar-tools:
------
INFO:root:Doing trial as part of experiment.
INFO:root:Starting trial.
ERROR:root:Fuzz target binary not found.
INFO:root:Doing trial as part of experiment.
INFO:root:Starting trial.
ERROR:root:Fuzz target binary not found.
INFO:root:Doing final sync.
INFO:root:Doing final sync.
ERROR:root:Call to <function get_stats at 0x7faf51f4df70> failed. Extras: {'traceback': 'Traceback (most recent call last):\n  File "/src/experiment/runner.py", line 374, in record_stats\n    stats_json_str = fuzzer_module_get_stats(output_corpus,\n  File "/src/fuzzers/afl/fuzzer.py", line 51, in get_stats\n    with open(stats_file) as file_handle:\nFileNotFoundError: [Errno 2] No such file or directory: \'/out/corpus/fuzzer_stats\'\n'}
ERROR:root:Call to <function get_stats at 0x7ff79c7e8f70> failed. Extras: {'traceback': 'Traceback (most recent call last):\n  File "/src/experiment/runner.py", line 374, in record_stats\n    stats_json_str = fuzzer_module_get_stats(output_corpus,\n  File "/src/fuzzers/afl/fuzzer.py", line 51, in get_stats\n    with open(stats_file) as file_handle:\nFileNotFoundError: [Errno 2] No such file or directory: \'/out/corpus/fuzzer_stats\'\n'}
