WARNING:root:gcloud not found in PATH.
INFO:root:Successfully integrated benchmark: clamav_clamav.
INFO:root:Please run "make test-run-afl-clamav_clamav" to test integration.
#2 [internal] load .dockerignore
#2 sha256:ab4b3a323b05aea5c420f9fc62586f08b7a670acfeb2ef72b5ffa8cb077e876a
#2 transferring context: 2B done
#2 DONE 0.2s

#1 [internal] load build definition from Dockerfile
#1 sha256:7e0976888ce8c38e5b2dcc7d332cfab058fcd9d6c59d0e79eaac372d5038ac50
#1 transferring dockerfile: 1.13kB done
#1 DONE 0.3s

#3 [internal] load metadata for gcr.io/oss-fuzz-base/base-builder:latest
#3 sha256:f10dc39cc9d418a5bc416dead31a1902b6821fdae909cd3b08f7a3fd1faba7b5
#3 DONE 0.4s

#10 [internal] load build context
#10 sha256:452c3cd6b9b789df037e96d5ad47e61fb4fd9e73b56f1504c3fa04a04c1ac220
#10 DONE 0.0s

#5 [1/6] FROM gcr.io/oss-fuzz-base/base-builder@sha256:41d7bbe7827592680a606c9bba1aeb6e23c7502ce8b633923b06542f4c706e7c
#5 sha256:660db69324ed478291dd329cbbfe422dccbc173f9ab806c069fac341073eab8c
#5 DONE 0.0s

#4 importing cache manifest from gcr.io/fuzzbench/builders/benchmark/clamav_clamav
#4 sha256:30a27a11861af4f3df9b5b2fde643ae0b3d0bd612435c6d657e7eb4864683c05
#4 ERROR: gcr.io/fuzzbench/builders/benchmark/clamav_clamav:latest: not found

#5 [1/6] FROM gcr.io/oss-fuzz-base/base-builder@sha256:41d7bbe7827592680a606c9bba1aeb6e23c7502ce8b633923b06542f4c706e7c
#5 sha256:660db69324ed478291dd329cbbfe422dccbc173f9ab806c069fac341073eab8c
#5 CACHED

#10 [internal] load build context
#10 sha256:452c3cd6b9b789df037e96d5ad47e61fb4fd9e73b56f1504c3fa04a04c1ac220
#10 transferring context: 3.28kB done
#10 DONE 0.2s

#6 [2/6] RUN apt-get update && apt-get install -y     flex bison     automake autoconf pkg-config m4 libtool     libssl-dev     libcurl4-openssl-dev
#6 sha256:a8ce9c0615e3a7a848c3e7780377ed541ca47149820f3cdf5cd4181055b38183
#6 0.786 Hit:1 http://archive.ubuntu.com/ubuntu focal InRelease
#6 0.786 Get:2 http://archive.ubuntu.com/ubuntu focal-updates InRelease [114 kB]
#6 0.786 Get:3 http://security.ubuntu.com/ubuntu focal-security InRelease [114 kB]
#6 0.786 Hit:4 http://ppa.launchpad.net/git-core/ppa/ubuntu focal InRelease
#6 0.852 Get:5 http://archive.ubuntu.com/ubuntu focal-backports InRelease [108 kB]
#6 1.319 Get:6 http://security.ubuntu.com/ubuntu focal-security/universe i386 Packages [657 kB]
#6 1.448 Get:7 http://security.ubuntu.com/ubuntu focal-security/restricted amd64 Packages [974 kB]
#6 1.511 Get:8 http://archive.ubuntu.com/ubuntu focal-updates/main amd64 Packages [1984 kB]
#6 1.516 Get:9 http://security.ubuntu.com/ubuntu focal-security/main amd64 Packages [1557 kB]
#6 1.663 Get:10 http://security.ubuntu.com/ubuntu focal-security/universe amd64 Packages [841 kB]
#6 1.742 Get:11 http://security.ubuntu.com/ubuntu focal-security/main i386 Packages [467 kB]
#6 1.938 Get:12 http://archive.ubuntu.com/ubuntu focal-updates/universe i386 Packages [828 kB]
#6 2.000 Get:13 http://archive.ubuntu.com/ubuntu focal-updates/restricted amd64 Packages [1042 kB]
#6 2.078 Get:14 http://archive.ubuntu.com/ubuntu focal-updates/universe amd64 Packages [1135 kB]
#6 2.162 Get:15 http://archive.ubuntu.com/ubuntu focal-updates/main i386 Packages [755 kB]
#6 3.065 Fetched 10.6 MB in 2s (6187 kB/s)
#6 3.065 Reading package lists...
#6 4.571 Reading package lists...
#6 5.977 Building dependency tree...
#6 6.187 Reading state information...
#6 6.395 The following additional packages will be installed:
#6 6.397   autotools-dev libfl-dev libfl2 libltdl-dev libltdl7 libsigsegv2
#6 6.398 Suggested packages:
#6 6.398   autoconf-archive gnu-standards autoconf-doc gettext bison-doc flex-doc
#6 6.398   libcurl4-doc libidn11-dev libkrb5-dev libldap2-dev librtmp-dev libssh2-1-dev
#6 6.398   zlib1g-dev libtool-doc libssl-doc gfortran | fortran95-compiler gcj-jdk
#6 6.398   m4-doc
#6 6.449 The following NEW packages will be installed:
#6 6.449   autoconf automake autotools-dev bison flex libcurl4-openssl-dev libfl-dev
#6 6.451   libfl2 libltdl-dev libltdl7 libsigsegv2 libssl-dev libtool m4 pkg-config
#6 6.529 0 upgraded, 15 newly installed, 0 to remove and 1 not upgraded.
#6 6.529 Need to get 4399 kB of archives.
#6 6.529 After this operation, 19.6 MB of additional disk space will be used.
#6 6.529 Get:1 http://archive.ubuntu.com/ubuntu focal/main amd64 libsigsegv2 amd64 2.12-2 [13.9 kB]
#6 6.556 Get:2 http://archive.ubuntu.com/ubuntu focal/main amd64 m4 amd64 1.4.18-4 [199 kB]
#6 6.617 Get:3 http://archive.ubuntu.com/ubuntu focal/main amd64 flex amd64 2.6.4-6.2 [317 kB]
#6 6.662 Get:4 http://archive.ubuntu.com/ubuntu focal/main amd64 autoconf all 2.69-11.1 [321 kB]
#6 6.707 Get:5 http://archive.ubuntu.com/ubuntu focal/main amd64 autotools-dev all 20180224.1 [39.6 kB]
#6 6.713 Get:6 http://archive.ubuntu.com/ubuntu focal/main amd64 automake all 1:1.16.1-4ubuntu6 [522 kB]
#6 6.787 Get:7 http://archive.ubuntu.com/ubuntu focal/main amd64 bison amd64 2:3.5.1+dfsg-1 [657 kB]
#6 6.880 Get:8 http://archive.ubuntu.com/ubuntu focal-updates/main amd64 libcurl4-openssl-dev amd64 7.68.0-1ubuntu2.7 [321 kB]
#6 6.925 Get:9 http://archive.ubuntu.com/ubuntu focal/main amd64 libfl2 amd64 2.6.4-6.2 [11.5 kB]
#6 6.927 Get:10 http://archive.ubuntu.com/ubuntu focal/main amd64 libfl-dev amd64 2.6.4-6.2 [6316 B]
#6 6.927 Get:11 http://archive.ubuntu.com/ubuntu focal/main amd64 libltdl7 amd64 2.4.6-14 [38.5 kB]
#6 6.933 Get:12 http://archive.ubuntu.com/ubuntu focal/main amd64 libltdl-dev amd64 2.4.6-14 [162 kB]
#6 6.956 Get:13 http://archive.ubuntu.com/ubuntu focal-updates/main amd64 libssl-dev amd64 1.1.1f-1ubuntu2.10 [1584 kB]
#6 7.123 Get:14 http://archive.ubuntu.com/ubuntu focal/main amd64 libtool all 2.4.6-14 [161 kB]
#6 7.135 Get:15 http://archive.ubuntu.com/ubuntu focal/main amd64 pkg-config amd64 0.29.1-0ubuntu4 [45.5 kB]
#6 7.408 debconf: delaying package configuration, since apt-utils is not installed
#6 7.487 Fetched 4399 kB in 1s (6548 kB/s)
#6 7.579 Selecting previously unselected package libsigsegv2:amd64.
#6 7.579 (Reading database ... (Reading database ... 5%(Reading database ... 10%(Reading database ... 15%(Reading database ... 20%(Reading database ... 25%(Reading database ... 30%(Reading database ... 35%(Reading database ... 40%(Reading database ... 45%(Reading database ... 50%(Reading database ... 55%(Reading database ... 60%(Reading database ... 65%(Reading database ... 70%(Reading database ... 75%(Reading database ... 80%(Reading database ... 85%(Reading database ... 90%(Reading database ... 95%(Reading database ... 100%(Reading database ... 21291 files and directories currently installed.)
#6 7.600 Preparing to unpack .../00-libsigsegv2_2.12-2_amd64.deb ...
#6 7.639 Unpacking libsigsegv2:amd64 (2.12-2) ...
#6 7.723 Selecting previously unselected package m4.
#6 7.726 Preparing to unpack .../01-m4_1.4.18-4_amd64.deb ...
#6 7.741 Unpacking m4 (1.4.18-4) ...
#6 7.874 Selecting previously unselected package flex.
#6 7.877 Preparing to unpack .../02-flex_2.6.4-6.2_amd64.deb ...
#6 7.892 Unpacking flex (2.6.4-6.2) ...
#6 8.035 Selecting previously unselected package autoconf.
#6 8.038 Preparing to unpack .../03-autoconf_2.69-11.1_all.deb ...
#6 8.049 Unpacking autoconf (2.69-11.1) ...
#6 8.211 Selecting previously unselected package autotools-dev.
#6 8.214 Preparing to unpack .../04-autotools-dev_20180224.1_all.deb ...
#6 8.238 Unpacking autotools-dev (20180224.1) ...
#6 8.387 Selecting previously unselected package automake.
#6 8.390 Preparing to unpack .../05-automake_1%3a1.16.1-4ubuntu6_all.deb ...
#6 8.398 Unpacking automake (1:1.16.1-4ubuntu6) ...
#6 8.584 Selecting previously unselected package bison.
#6 8.588 Preparing to unpack .../06-bison_2%3a3.5.1+dfsg-1_amd64.deb ...
#6 8.605 Unpacking bison (2:3.5.1+dfsg-1) ...
#6 8.743 Selecting previously unselected package libcurl4-openssl-dev:amd64.
#6 8.746 Preparing to unpack .../07-libcurl4-openssl-dev_7.68.0-1ubuntu2.7_amd64.deb ...
#6 8.754 Unpacking libcurl4-openssl-dev:amd64 (7.68.0-1ubuntu2.7) ...
#6 8.908 Selecting previously unselected package libfl2:amd64.
#6 8.911 Preparing to unpack .../08-libfl2_2.6.4-6.2_amd64.deb ...
#6 8.929 Unpacking libfl2:amd64 (2.6.4-6.2) ...
#6 9.002 Selecting previously unselected package libfl-dev:amd64.
#6 9.005 Preparing to unpack .../09-libfl-dev_2.6.4-6.2_amd64.deb ...
#6 9.020 Unpacking libfl-dev:amd64 (2.6.4-6.2) ...
#6 9.106 Selecting previously unselected package libltdl7:amd64.
#6 9.109 Preparing to unpack .../10-libltdl7_2.4.6-14_amd64.deb ...
#6 9.120 Unpacking libltdl7:amd64 (2.4.6-14) ...
#6 9.205 Selecting previously unselected package libltdl-dev:amd64.
#6 9.209 Preparing to unpack .../11-libltdl-dev_2.4.6-14_amd64.deb ...
#6 9.221 Unpacking libltdl-dev:amd64 (2.4.6-14) ...
#6 9.307 Selecting previously unselected package libssl-dev:amd64.
#6 9.310 Preparing to unpack .../12-libssl-dev_1.1.1f-1ubuntu2.10_amd64.deb ...
#6 9.316 Unpacking libssl-dev:amd64 (1.1.1f-1ubuntu2.10) ...
#6 9.545 Selecting previously unselected package libtool.
#6 9.548 Preparing to unpack .../13-libtool_2.4.6-14_all.deb ...
#6 9.551 Unpacking libtool (2.4.6-14) ...
#6 9.633 Selecting previously unselected package pkg-config.
#6 9.636 Preparing to unpack .../14-pkg-config_0.29.1-0ubuntu4_amd64.deb ...
#6 9.642 Unpacking pkg-config (0.29.1-0ubuntu4) ...
#6 9.741 Setting up autotools-dev (20180224.1) ...
#6 9.769 Setting up libcurl4-openssl-dev:amd64 (7.68.0-1ubuntu2.7) ...
#6 9.787 Setting up libsigsegv2:amd64 (2.12-2) ...
#6 9.817 Setting up libssl-dev:amd64 (1.1.1f-1ubuntu2.10) ...
#6 9.841 Setting up pkg-config (0.29.1-0ubuntu4) ...
#6 9.953 Setting up libfl2:amd64 (2.6.4-6.2) ...
#6 9.986 Setting up libltdl7:amd64 (2.4.6-14) ...
#6 10.02 Setting up libtool (2.4.6-14) ...
#6 10.04 Setting up m4 (1.4.18-4) ...
#6 10.07 Setting up autoconf (2.69-11.1) ...
#6 10.12 Setting up bison (2:3.5.1+dfsg-1) ...
#6 10.15 update-alternatives: using /usr/bin/bison.yacc to provide /usr/bin/yacc (yacc) in auto mode
#6 10.15 update-alternatives: warning: skip creation of /usr/share/man/man1/yacc.1.gz because associated file /usr/share/man/man1/bison.yacc.1.gz (of link group yacc) doesn't exist
#6 10.18 Setting up automake (1:1.16.1-4ubuntu6) ...
#6 10.22 update-alternatives: using /usr/bin/automake-1.16 to provide /usr/bin/automake (automake) in auto mode
#6 10.22 update-alternatives: warning: skip creation of /usr/share/man/man1/automake.1.gz because associated file /usr/share/man/man1/automake-1.16.1.gz (of link group automake) doesn't exist
#6 10.22 update-alternatives: warning: skip creation of /usr/share/man/man1/aclocal.1.gz because associated file /usr/share/man/man1/aclocal-1.16.1.gz (of link group automake) doesn't exist
#6 10.25 Setting up flex (2.6.4-6.2) ...
#6 10.28 Setting up libfl-dev:amd64 (2.6.4-6.2) ...
#6 10.30 Setting up libltdl-dev:amd64 (2.4.6-14) ...
#6 10.31 Processing triggers for libc-bin (2.31-0ubuntu9.2) ...
#6 DONE 10.9s

#7 [3/6] RUN git clone --depth 1 https://github.com/Cisco-Talos/clamav-devel.git
#7 sha256:2ee17a39d98d60c4398ebd9ed05cd8bb3b3ad5b48dadbb709968aae7797cb0b0
#7 0.468 Cloning into 'clamav-devel'...
#7 DONE 10.2s

#8 [4/6] RUN git clone --depth 1 https://github.com/Cisco-Talos/clamav-fuzz-corpus.git
#8 sha256:3641f8627cf7a827567844c73eed0c982ffda4edfc1166927b2cea2c964e04e7
#8 0.509 Cloning into 'clamav-fuzz-corpus'...
#8 DONE 2.0s

#9 [5/6] WORKDIR clamav-devel
#9 sha256:96e48129b1fcb4330950462a6557a4b6de5331f383b45a26a7957d695ccb4114
#9 DONE 0.4s

#11 [6/6] COPY build.sh /src/
#11 sha256:36dae9f738ed5bc409b10d110a407eb02a6b9e15afa749d31dca100a5506bfd1
#11 DONE 0.3s

#12 exporting to image
#12 sha256:e8c613e07b0b7ff33893b694f7759a10d42e180f2b4dc349fb57dc6b71dcab00
#12 exporting layers done
#12 writing image sha256:5e102c6db40ab5948e4200d636aa16ea60255b7fbb42c8307fa4b3077c4d66ca 0.0s done
#12 naming to gcr.io/fuzzbench/builders/benchmark/clamav_clamav done
#12 DONE 0.3s

#13 exporting cache
#13 sha256:2700d4ef94dee473593c5c614b55b2dedcca7893909811a8f2b48291a1f581e4
#13 preparing build cache for export done
#13 DONE 0.0s
------
 > importing cache manifest from gcr.io/fuzzbench/builders/benchmark/clamav_clamav:
------
#1 [internal] load build definition from builder.Dockerfile
#1 sha256:6dae7fe235e2e9317ec291f5e8aaad47cfab2b67b6c995e8912167fe3f4e4b16
#1 transferring dockerfile: 46B done
#1 DONE 0.1s

#2 [internal] load .dockerignore
#2 sha256:db9bfd60d4d9d3e5c1978224d4c57e712b60cf08fc414eb813f1f0f0ef93ef41
#2 transferring context: 2B done
#2 DONE 0.1s

#3 [internal] load metadata for gcr.io/fuzzbench/builders/benchmark/clamav_clamav:latest
#3 sha256:4bf07f69de953fc73d256f154e7c5f2468382d727c0625c721bc57780acfb846
#3 DONE 0.0s

#5 [1/3] FROM gcr.io/fuzzbench/builders/benchmark/clamav_clamav
#5 sha256:ad8d4b93202e6aa61cf993bccdc559c407890a0ed1c6d29bf2913cb3064833a8
#5 DONE 0.0s

#4 importing cache manifest from gcr.io/fuzzbench/builders/afl/clamav_clamav-intermediate
#4 sha256:b1bb676cbc07742c476457fa231579edf78d42c3e57c26e7c764ba333e6c72db
#4 ERROR: gcr.io/fuzzbench/builders/afl/clamav_clamav-intermediate:latest: not found

#5 [1/3] FROM gcr.io/fuzzbench/builders/benchmark/clamav_clamav
#5 sha256:ad8d4b93202e6aa61cf993bccdc559c407890a0ed1c6d29bf2913cb3064833a8
#5 DONE 0.7s

#6 [2/3] RUN git clone https://github.com/google/AFL.git /afl &&     cd /afl &&     git checkout 61037103ae3722c8060ff7082994836a794f978e &&     AFL_NO_X86=1 make
#6 sha256:f6b79b8501126047d97c8c613fd3dbbd1669f7b64852ca51f1342c5df8fb148c
#6 0.358 Cloning into '/afl'...
#6 1.228 Note: switching to '61037103ae3722c8060ff7082994836a794f978e'.
#6 1.228 
#6 1.228 You are in 'detached HEAD' state. You can look around, make experimental
#6 1.228 changes and commit them, and you can discard any commits you make in this
#6 1.228 state without impacting any branches by switching back to a branch.
#6 1.228 
#6 1.228 If you want to create a new branch to retain commits you create, you may
#6 1.228 do so (now or later) by using -c with the switch command. Example:
#6 1.228 
#6 1.228   git switch -c <new-branch-name>
#6 1.228 
#6 1.228 Or undo this operation with:
#6 1.228 
#6 1.228   git switch -
#6 1.228 
#6 1.228 Turn off this advice by setting config variable advice.detachedHead to false
#6 1.228 
#6 1.228 HEAD is now at 6103710 Fix a typo filename comparison in the fuzzer (#139)
#6 1.279 [!] Note: skipping x86 compilation checks (AFL_NO_X86 set).
#6 1.279 clang -O1 -fno-omit-frame-pointer -gline-tables-only -DFUZZING_BUILD_MODE_UNSAFE_FOR_PRODUCTION -Wall -D_FORTIFY_SOURCE=2 -g -Wno-pointer-sign -DAFL_PATH=\"/usr/local/lib/afl\" -DDOC_PATH=\"/usr/local/share/doc/afl\" -DBIN_PATH=\"/usr/local/bin\" afl-gcc.c -o afl-gcc -ldl
#6 1.469 set -e; for i in afl-g++ afl-clang afl-clang++; do ln -sf afl-gcc $i; done
#6 1.475 clang -O1 -fno-omit-frame-pointer -gline-tables-only -DFUZZING_BUILD_MODE_UNSAFE_FOR_PRODUCTION -Wall -D_FORTIFY_SOURCE=2 -g -Wno-pointer-sign -DAFL_PATH=\"/usr/local/lib/afl\" -DDOC_PATH=\"/usr/local/share/doc/afl\" -DBIN_PATH=\"/usr/local/bin\" afl-fuzz.c -o afl-fuzz -ldl
#6 3.837 clang -O1 -fno-omit-frame-pointer -gline-tables-only -DFUZZING_BUILD_MODE_UNSAFE_FOR_PRODUCTION -Wall -D_FORTIFY_SOURCE=2 -g -Wno-pointer-sign -DAFL_PATH=\"/usr/local/lib/afl\" -DDOC_PATH=\"/usr/local/share/doc/afl\" -DBIN_PATH=\"/usr/local/bin\" afl-showmap.c -o afl-showmap -ldl
#6 4.152 clang -O1 -fno-omit-frame-pointer -gline-tables-only -DFUZZING_BUILD_MODE_UNSAFE_FOR_PRODUCTION -Wall -D_FORTIFY_SOURCE=2 -g -Wno-pointer-sign -DAFL_PATH=\"/usr/local/lib/afl\" -DDOC_PATH=\"/usr/local/share/doc/afl\" -DBIN_PATH=\"/usr/local/bin\" afl-tmin.c -o afl-tmin -ldl
#6 4.586 clang -O1 -fno-omit-frame-pointer -gline-tables-only -DFUZZING_BUILD_MODE_UNSAFE_FOR_PRODUCTION -Wall -D_FORTIFY_SOURCE=2 -g -Wno-pointer-sign -DAFL_PATH=\"/usr/local/lib/afl\" -DDOC_PATH=\"/usr/local/share/doc/afl\" -DBIN_PATH=\"/usr/local/bin\" afl-gotcpu.c -o afl-gotcpu -ldl
#6 4.736 clang -O1 -fno-omit-frame-pointer -gline-tables-only -DFUZZING_BUILD_MODE_UNSAFE_FOR_PRODUCTION -Wall -D_FORTIFY_SOURCE=2 -g -Wno-pointer-sign -DAFL_PATH=\"/usr/local/lib/afl\" -DDOC_PATH=\"/usr/local/share/doc/afl\" -DBIN_PATH=\"/usr/local/bin\" afl-analyze.c -o afl-analyze -ldl
#6 5.137 clang -O1 -fno-omit-frame-pointer -gline-tables-only -DFUZZING_BUILD_MODE_UNSAFE_FOR_PRODUCTION -Wall -D_FORTIFY_SOURCE=2 -g -Wno-pointer-sign -DAFL_PATH=\"/usr/local/lib/afl\" -DDOC_PATH=\"/usr/local/share/doc/afl\" -DBIN_PATH=\"/usr/local/bin\" afl-as.c -o afl-as -ldl
#6 5.381 ln -sf afl-as as
#6 5.383 [!] Note: skipping build tests (you may need to use LLVM or QEMU mode).
#6 5.384 [+] LLVM users: see llvm_mode/README.llvm for a faster alternative to afl-gcc.
#6 5.385 [+] All done! Be sure to review README - it's pretty short and useful.
#6 DONE 5.9s

#7 [3/3] RUN apt-get update &&     apt-get install wget -y &&     wget https://raw.githubusercontent.com/llvm/llvm-project/5feb80e748924606531ba28c97fe65145c65372e/compiler-rt/lib/fuzzer/afl/afl_driver.cpp -O /afl/afl_driver.cpp &&     clang -Wno-pointer-sign -c /afl/llvm_mode/afl-llvm-rt.o.c -I/afl &&     clang++ -stdlib=libc++ -std=c++11 -O2 -c /afl/afl_driver.cpp &&     ar r /libAFL.a *.o
#7 sha256:e4e202923246d7be9afa2740ea8ec669f7c4584271540378cd6c6a553c012e23
#7 0.745 Hit:1 http://ppa.launchpad.net/git-core/ppa/ubuntu focal InRelease
#7 0.745 Hit:2 http://archive.ubuntu.com/ubuntu focal InRelease
#7 0.745 Hit:3 http://archive.ubuntu.com/ubuntu focal-updates InRelease
#7 0.745 Hit:4 http://security.ubuntu.com/ubuntu focal-security InRelease
#7 0.761 Hit:5 http://archive.ubuntu.com/ubuntu focal-backports InRelease
#7 1.702 Reading package lists...
#7 3.231 Reading package lists...
#7 4.669 Building dependency tree...
#7 4.880 Reading state information...
#7 5.124 wget is already the newest version (1.20.3-1ubuntu2).
#7 5.124 0 upgraded, 0 newly installed, 0 to remove and 1 not upgraded.
#7 5.137 --2022-02-18 00:31:04--  https://raw.githubusercontent.com/llvm/llvm-project/5feb80e748924606531ba28c97fe65145c65372e/compiler-rt/lib/fuzzer/afl/afl_driver.cpp
#7 5.139 Resolving raw.githubusercontent.com (raw.githubusercontent.com)... 185.199.111.133, 185.199.108.133, 185.199.109.133, ...
#7 5.141 Connecting to raw.githubusercontent.com (raw.githubusercontent.com)|185.199.111.133|:443... connected.
#7 5.165 HTTP request sent, awaiting response... 200 OK
#7 5.185 Length: 9177 (9.0K) [text/plain]
#7 5.185 Saving to: '/afl/afl_driver.cpp'
#7 5.185 
#7 5.185      0K ........                                              100% 7.75M=0.001s
#7 5.186 
#7 5.186 2022-02-18 00:31:04 (7.75 MB/s) - '/afl/afl_driver.cpp' saved [9177/9177]
#7 5.186 
#7 6.965 ar: creating /libAFL.a
#7 DONE 7.5s

#8 exporting to image
#8 sha256:e8c613e07b0b7ff33893b694f7759a10d42e180f2b4dc349fb57dc6b71dcab00
#8 exporting layers done
#8 writing image sha256:9260f7b289696785d4fe75934895fd0e2e4b40af7958dfb989c37a62b684a3e1
#8 writing image sha256:9260f7b289696785d4fe75934895fd0e2e4b40af7958dfb989c37a62b684a3e1 done
#8 naming to gcr.io/fuzzbench/builders/afl/clamav_clamav-intermediate done
#8 DONE 0.3s

#9 exporting cache
#9 sha256:2700d4ef94dee473593c5c614b55b2dedcca7893909811a8f2b48291a1f581e4
#9 preparing build cache for export done
#9 DONE 0.0s
------
 > importing cache manifest from gcr.io/fuzzbench/builders/afl/clamav_clamav-intermediate:
------
#2 [internal] load .dockerignore
#2 sha256:ece7bc670851d06aa3691224659c7b372f2ee972ec0f05dc0ee4b239436f7860
#2 transferring context: 34B done
#2 DONE 0.2s

#1 [internal] load build definition from Dockerfile
#1 sha256:255ab06d03ebacc8dee501b89ff478f0cbb94c0e024d4a12b2e9fcafe1e4735a
#1 transferring dockerfile: 2.00kB done
#1 DONE 0.3s

#3 [internal] load metadata for docker.io/library/ubuntu:xenial
#3 sha256:f62bae18ed588840f045c881b2502661f2a89578a2f8f99b83f5200ee83dd25b
#3 DONE 0.0s

#8 [internal] load build context
#8 sha256:5e1d3e28dcfb1c8634f29a34cc9f7fef5389d2eb6162c136464e2014ef85f6a9
#8 DONE 0.0s

#5 [1/7] FROM docker.io/library/ubuntu:xenial
#5 sha256:14dd403f25ae9e519bd44f27dc17af7ce80f5a4f9f48ca88108364e67ec5d360
#5 DONE 0.0s

#4 importing cache manifest from gcr.io/fuzzbench/base-image
#4 sha256:9b220ebb4d4daceed1b96df9b6dca076e762f1cd612574f010b82d5b9e5ad896
#4 DONE 0.0s

#8 [internal] load build context
#8 sha256:5e1d3e28dcfb1c8634f29a34cc9f7fef5389d2eb6162c136464e2014ef85f6a9
#8 transferring context: 559B 0.0s done
#8 DONE 0.1s

#6 [2/7] RUN apt-get update -y && apt-get install -y     build-essential     rsync     curl     zlib1g-dev     libncurses5-dev     libgdbm-dev     libnss3-dev     libssl-dev     libreadline-dev     libffi-dev     virtualenv     libbz2-dev     liblzma-dev     libsqlite3-dev
#6 sha256:3a1b0960f17eed529eaae93dc8fd3554f2743dd584d8fa569cdbe6bc734371ac
#6 CACHED

#9 [4/7] COPY ./requirements.txt /
#9 sha256:55f87486bd9e78cb51082bfacb833866d6bfbe035a16d184d69b81b7c5c752d7
#9 CACHED

#11 [6/7] RUN apt-get update -y && apt-get install -y     apt-transport-https     lsb-release
#11 sha256:1e89aa1c170debf39a2b3c84b044163256ada3dd2217dcadcbbfd6810a47dfd0
#11 CACHED

#7 [3/7] RUN cd /tmp/ &&     curl -O https://www.python.org/ftp/python/3.8.6/Python-3.8.6.tar.xz &&     tar -xvf Python-3.8.6.tar.xz &&     cd Python-3.8.6 &&     ./configure --enable-loadable-sqlite-extensions --enable-optimizations &&     make -j install &&     rm -r /tmp/Python-3.8.6.tar.xz /tmp/Python-3.8.6
#7 sha256:c5b9d1fb3371e84dbc60b76e7b2f8d5913bc93bcd4910ab65daa03e7b2ec4bb0
#7 CACHED

#10 [5/7] RUN pip3 install -r /requirements.txt
#10 sha256:c13368709207d9a420ab609b0aa94f1933f2b770771915ebc91e0e09c2a5d131
#10 CACHED

#12 [7/7] RUN CLOUD_SDK_REPO="cloud-sdk-$(lsb_release -c -s)" &&     echo "deb https://packages.cloud.google.com/apt $CLOUD_SDK_REPO main"     | tee -a /etc/apt/sources.list.d/google-cloud-sdk.list &&     curl https://packages.cloud.google.com/apt/doc/apt-key.gpg     | apt-key add - &&     apt-get update -y &&     apt-get install -y google-cloud-sdk
#12 sha256:6732cab1fc0ab2f5e21801857264bd53f20df253bcfb4c498137ad555cf2a9f6
#12 CACHED

#13 exporting to image
#13 sha256:e8c613e07b0b7ff33893b694f7759a10d42e180f2b4dc349fb57dc6b71dcab00
#13 exporting layers done
#13 writing image sha256:b63d9e35e1d27432ba62a0e358b3878140f549eb12be87f86addae674564f405 0.0s done
#13 naming to gcr.io/fuzzbench/base-image done
#13 DONE 0.1s

#14 exporting cache
#14 sha256:2700d4ef94dee473593c5c614b55b2dedcca7893909811a8f2b48291a1f581e4
#14 preparing build cache for export done
#14 DONE 0.0s
#1 [internal] load build definition from Dockerfile
#1 sha256:4d636c6c98171a84e5aa5e2bf9474938ce8c23daf6c7827b157ac912afeaadc8
#1 transferring dockerfile: 2.22kB done
#1 DONE 0.1s

#2 [internal] load .dockerignore
#2 sha256:cf646d6d70b51808ede8a61a45316da1efdf186526bd5dd4fef8ea5ed1bd957b
#2 transferring context: 34B done
#2 DONE 0.1s

#4 [internal] load metadata for gcr.io/fuzzbench/base-image:latest
#4 sha256:932022888f650cc455b10eb5123bb08c0cccacac29a693e69314abbfd28a72c3
#4 DONE 0.0s

#3 [internal] load metadata for gcr.io/fuzzbench/builders/afl/clamav_clamav-intermediate:latest
#3 sha256:55d3bb36fffc2ef7003eba480d7bc213e8acb7e1e917b235ced41417e556e2a2
#3 DONE 0.0s

#12 [internal] load build context
#12 sha256:2f1d9732b205d4d1f83a5ec89055c05fcffec3643b4b6bc2f12815185746249d
#12 DONE 0.0s

#7 [base-image 1/1] FROM gcr.io/fuzzbench/base-image
#7 sha256:4d07825694520f8b6f6a0d8592dbd345433361ae044cb7f06706c5a95e3daaad
#7 DONE 0.0s

#6 [stage-1  1/13] FROM gcr.io/fuzzbench/builders/afl/clamav_clamav-intermediate
#6 sha256:4692dda96a0583f503a4ae12706763bc21032ec7a31a9ba71c654c98f5e15b6d
#6 DONE 0.0s

#5 importing cache manifest from gcr.io/fuzzbench/builders/afl/clamav_clamav
#5 sha256:193645782439575c9f61216c5aa7383cc2cb0232175ed12d4baefba586e877c5
#5 ERROR: gcr.io/fuzzbench/builders/afl/clamav_clamav:latest: not found

#7 [base-image 1/1] FROM gcr.io/fuzzbench/base-image
#7 sha256:4d07825694520f8b6f6a0d8592dbd345433361ae044cb7f06706c5a95e3daaad
#7 CACHED

#12 [internal] load build context
#12 sha256:2f1d9732b205d4d1f83a5ec89055c05fcffec3643b4b6bc2f12815185746249d
#12 transferring context: 669.86kB 0.1s done
#12 DONE 0.1s

#6 [stage-1  1/13] FROM gcr.io/fuzzbench/builders/afl/clamav_clamav-intermediate
#6 sha256:4692dda96a0583f503a4ae12706763bc21032ec7a31a9ba71c654c98f5e15b6d
#6 DONE 0.6s

#8 [stage-1  2/13] COPY --from=base-image /usr/local/bin/python3* /usr/local/bin/
#8 sha256:db550e26be46d3088308ac944a857a6c921e06fdb2ae192018853975f91ba91a
#8 DONE 0.6s

#9 [stage-1  3/13] COPY --from=base-image /usr/local/lib/python3.8 /usr/local/lib/python3.8
#9 sha256:3351525898aa7a894476159009e0a8295377ba08291a17b00ec86c3240b9225c
#9 DONE 17.9s

#10 [stage-1  4/13] COPY --from=base-image /usr/local/include/python3.8 /usr/local/include/python3.8
#10 sha256:65b5269cf793215ebb2dd918ac5f819ad05e146fc0fa606d8bf4d3ff40c0780d
#10 DONE 0.3s

#11 [stage-1  5/13] COPY --from=base-image /usr/local/lib/python3.8/site-packages /usr/local/lib/python3.8/site-packages
#11 sha256:a651ba13d8e746ea44f2391a40b347f9c057bfe808d0aa0511ffddf2ca90c830
#11 DONE 36.0s

#13 [stage-1  6/13] COPY fuzzers /src/fuzzers
#13 sha256:d99e0a84dd06fd86259804c3052382876f5bb7a1dc6cc2d2396891e08f986e1a
#13 DONE 0.4s

#14 [stage-1  7/13] RUN touch /src/__init__.py
#14 sha256:fe9846d45d51d40a829c1e2ac03cb66ed0bf5d61084b717e4fa677227815584a
#14 DONE 0.9s

#15 [stage-1  8/13] COPY benchmarks/clamav_clamav/benchmark.yaml /
#15 sha256:5bbc5eb9df680967b6e893d279e49db9570d3d8b5c228a3a1f984e0246302a67
#15 DONE 0.3s

#16 [stage-1  9/13] RUN mkdir /opt/fuzzbench/
#16 sha256:49b5c41c212c7c3708c54764d0bc03cf541214af65e7e58cca7d7c4a7d1c598c
#16 DONE 0.7s

#17 [stage-1 10/13] COPY docker/benchmark-builder/checkout_commit.py /opt/fuzzbench/
#17 sha256:d682f3f47cb5af325ac04d91c9236337af0185a6647a72f6464083f10848c133
#17 DONE 0.3s

#18 [stage-1 11/13] RUN export CHECKOUT_COMMIT=$(cat /benchmark.yaml | tr -d ' ' | grep 'commit:' | cut -d ':' -f2) &&     python3 -u /opt/fuzzbench/checkout_commit.py $CHECKOUT_COMMIT /src
#18 sha256:326552d8853c458c0536d4462823572d2d570b0b9fcd5ae8cb1476cce297e868
#18 0.711 Checking out commit 97136f87
#18 24.26 From https://github.com/Cisco-Talos/clamav-devel
#18 24.26  * [new tag]             clamav-0.101.0     -> clamav-0.101.0
#18 24.26  * [new tag]             clamav-0.102.0     -> clamav-0.102.0
#18 24.26  * [new tag]             clamav-0.103.0     -> clamav-0.103.0
#18 24.26  * [new tag]             clamav-0.103.0-rc  -> clamav-0.103.0-rc
#18 24.26  * [new tag]             clamav-0.103.0-rc2 -> clamav-0.103.0-rc2
#18 24.26  * [new tag]             clamav-0.96        -> clamav-0.96
#18 24.26  * [new tag]             clamav-0.96.2      -> clamav-0.96.2
#18 24.27  * [new tag]             clamav-0.96.3      -> clamav-0.96.3
#18 24.27  * [new tag]             clamav-0.96.4      -> clamav-0.96.4
#18 24.27  * [new tag]             clamav-0.96.5      -> clamav-0.96.5
#18 24.27  * [new tag]             clamav-0.96rc1     -> clamav-0.96rc1
#18 24.27  * [new tag]             clamav-0.96rc2     -> clamav-0.96rc2
#18 24.27  * [new tag]             clamav-0.97        -> clamav-0.97
#18 24.27  * [new tag]             clamav-0.97rc      -> clamav-0.97rc
#18 24.27  * [new tag]             clamav-0.98-dmgxar -> clamav-0.98-dmgxar
#18 24.27  * [new tag]             clamav-0.99-beta1  -> clamav-0.99-beta1
#18 24.27  * [new tag]             merge-llvm-79908   -> merge-llvm-79908
#18 24.27  * [new tag]             merge-llvm-80601   -> merge-llvm-80601
#18 24.27  * [new tag]             merge-llvm-83242   -> merge-llvm-83242
#18 24.27  * [new tag]             merge-llvm-90002   -> merge-llvm-90002
#18 24.27  * [new tag]             merge-llvm-91214   -> merge-llvm-91214
#18 24.27  * [new tag]             merge-llvm-91428   -> merge-llvm-91428
#18 24.27  * [new tag]             merge-llvm-92222   -> merge-llvm-92222
#18 24.27  * [new tag]             merge-llvm-94539   -> merge-llvm-94539
#18 24.27  * [new tag]             merge-llvm-97877   -> merge-llvm-97877
#18 24.27  * [new tag]             r5076              -> r5076
#18 24.28 error: pathspec '97136f87' did not match any file(s) known to git
#18 24.87 error: pathspec '97136f87' did not match any file(s) known to git
#18 24.88 error: pathspec '97136f87' did not match any file(s) known to git
#18 24.89 error: pathspec '97136f87' did not match any file(s) known to git
#18 24.94 Checkout unsuccessful.
#18 DONE 25.5s

#19 [stage-1 12/13] RUN echo "#!/bin/bash\nPYTHONPATH=/src python3 -u -c "from fuzzers import utils; utils.initialize_env(); from fuzzers.afl import fuzzer; fuzzer.build()"" > /usr/bin/fuzzer_build &&     chmod +x /usr/bin/fuzzer_build
#19 sha256:cca8e752c1d52275fbd849a59da0a9faf854d68fc14761af8a7d7dcaa8a985bf
#19 DONE 0.9s

#20 [stage-1 13/13] RUN echo "Run fuzzer_build to build the target" && if [ -z "$debug_builder" ] ; then fuzzer_build; fi
#20 sha256:59f14f9718c555a831d06b92eee429eccd05c30bad442b20ff48ce8caf49a1b4
#20 0.613 Run fuzzer_build to build the target
#20 0.730 FUZZ_TARGET = clamav
#20 0.730 CFLAGS = -DFUZZING_BUILD_MODE_UNSAFE_FOR_PRODUCTION -pthread -Wl,--no-as-needed -Wl,-ldl -Wl,-lm -Wno-unused-command-line-argument -O3
#20 0.730 CXXFLAGS = -DFUZZING_BUILD_MODE_UNSAFE_FOR_PRODUCTION -pthread -Wl,--no-as-needed -Wl,-ldl -Wl,-lm -Wno-unused-command-line-argument -stdlib=libc++ -O3
#20 0.736 Building benchmark clamav_clamav with fuzzer afl
#20 0.740 + set -ex
#20 0.740 + rm -rf /work/build
#20 0.741 + mkdir -p /work/build
#20 0.744 + cd /work/build
#20 0.744 + '[' -f /src/clamav-devel/autogen.sh ']'
#20 0.745 + apt remove -y libtool libltdl-dev libltdl7
#20 0.756 
#20 0.756 WARNING: apt does not have a stable CLI interface. Use with caution in scripts.
#20 0.756 
#20 0.839 Reading package lists...
#20 2.361 Building dependency tree...
#20 2.575 Reading state information...
#20 2.803 The following packages will be REMOVED:
#20 2.804   libltdl-dev libltdl7 libtool
#20 3.402 0 upgraded, 0 newly installed, 3 to remove and 1 not upgraded.
#20 3.402 After this operation, 2601 kB disk space will be freed.
#20 3.515 (Reading database ... (Reading database ... 5%(Reading database ... 10%(Reading database ... 15%(Reading database ... 20%(Reading database ... 25%(Reading database ... 30%(Reading database ... 35%(Reading database ... 40%(Reading database ... 45%(Reading database ... 50%(Reading database ... 55%(Reading database ... 60%(Reading database ... 65%(Reading database ... 70%(Reading database ... 75%(Reading database ... 80%(Reading database ... 85%(Reading database ... 90%(Reading database ... 95%(Reading database ... 100%(Reading database ... 21996 files and directories currently installed.)
#20 3.538 Removing libltdl-dev:amd64 (2.4.6-14) ...
#20 3.762 Removing libltdl7:amd64 (2.4.6-14) ...
#20 3.960 Removing libtool (2.4.6-14) ...
#20 4.215 Processing triggers for libc-bin (2.31-0ubuntu9.2) ...
#20 4.355 + ac_cv_c_mmap_anonymous=no
#20 4.355 + /src/clamav-devel/configure --disable-mempool --enable-fuzz=yes --with-libjson=no --with-pcre=no --enable-static=yes --enable-shared=no --disable-llvm --host=x86_64-unknown-linux-gnu
#20 4.355 /src/build.sh: line 39: /src/clamav-devel/configure: No such file or directory
#20 4.356 Traceback (most recent call last):
#20 4.356   File "<string>", line 1, in <module>
#20 4.356   File "/src/fuzzers/afl/fuzzer.py", line 40, in build
#20 4.357     utils.build_benchmark()
#20 4.357   File "/src/fuzzers/utils.py", line 82, in build_benchmark
#20 4.357     subprocess.check_call(['/bin/bash', '-ex', build_script], env=env)
#20 4.357   File "/usr/local/lib/python3.8/subprocess.py", line 364, in check_call
#20 4.357     raise CalledProcessError(retcode, cmd)
#20 4.357 subprocess.CalledProcessError: Command '['/bin/bash', '-ex', '/src/build.sh']' returned non-zero exit status 127.
#20 ERROR: executor failed running [/bin/sh -c echo "Run fuzzer_build to build the target" && if [ -z "$debug_builder" ] ; then fuzzer_build; fi]: exit code: 1
------
 > importing cache manifest from gcr.io/fuzzbench/builders/afl/clamav_clamav:
------
------
 > [stage-1 13/13] RUN echo "Run fuzzer_build to build the target" && if [ -z "$debug_builder" ] ; then fuzzer_build; fi:
------
executor failed running [/bin/sh -c echo "Run fuzzer_build to build the target" && if [ -z "$debug_builder" ] ; then fuzzer_build; fi]: exit code: 1
make: *** [docker/generated.mk:2791584: .afl-clamav_clamav-builder] Error 1
/bin/sh: 1: source: not found
#1 [internal] load build definition from Dockerfile
#1 sha256:d110012f2a069fc3d82539eaa7c788f9d1750b8a12e726acff2cb177c3b72417
#1 transferring dockerfile: 32B done
#1 DONE 0.7s

#2 [internal] load .dockerignore
#2 sha256:d84b960328968c60e53e3cecc9037b6bbd7e798087971196c0e9291551d131b7
#2 transferring context: 2B done
#2 DONE 0.8s

#3 [internal] load metadata for gcr.io/oss-fuzz-base/base-builder:latest
#3 sha256:f10dc39cc9d418a5bc416dead31a1902b6821fdae909cd3b08f7a3fd1faba7b5
#3 DONE 1.1s

#5 [1/6] FROM gcr.io/oss-fuzz-base/base-builder@sha256:41d7bbe7827592680a606c9bba1aeb6e23c7502ce8b633923b06542f4c706e7c
#5 sha256:660db69324ed478291dd329cbbfe422dccbc173f9ab806c069fac341073eab8c
#5 DONE 0.0s

#4 importing cache manifest from gcr.io/fuzzbench/builders/benchmark/clamav_clamav
#4 sha256:30a27a11861af4f3df9b5b2fde643ae0b3d0bd612435c6d657e7eb4864683c05
#4 DONE 0.0s

#10 [internal] load build context
#10 sha256:f2281142bf7e05d52722869ecc09ef051d7f5ce4b7468684b16525460aa24e06
#10 transferring context: 30B done
#10 DONE 0.1s

#8 [4/6] RUN git clone --depth 1 https://github.com/Cisco-Talos/clamav-fuzz-corpus.git
#8 sha256:3641f8627cf7a827567844c73eed0c982ffda4edfc1166927b2cea2c964e04e7
#8 CACHED

#9 [5/6] WORKDIR clamav-devel
#9 sha256:96e48129b1fcb4330950462a6557a4b6de5331f383b45a26a7957d695ccb4114
#9 CACHED

#6 [2/6] RUN apt-get update && apt-get install -y     flex bison     automake autoconf pkg-config m4 libtool     libssl-dev     libcurl4-openssl-dev
#6 sha256:a8ce9c0615e3a7a848c3e7780377ed541ca47149820f3cdf5cd4181055b38183
#6 CACHED

#7 [3/6] RUN git clone --depth 1 https://github.com/Cisco-Talos/clamav-devel.git
#7 sha256:2ee17a39d98d60c4398ebd9ed05cd8bb3b3ad5b48dadbb709968aae7797cb0b0
#7 CACHED

#11 [6/6] COPY build.sh /src/
#11 sha256:ce5eee22fd8e5356257c13fb66cf3cf49018a0892ec7bc20a1d08dfc0d497b9f
#11 CACHED

#12 exporting to image
#12 sha256:e8c613e07b0b7ff33893b694f7759a10d42e180f2b4dc349fb57dc6b71dcab00
#12 exporting layers done
#12 writing image sha256:5e102c6db40ab5948e4200d636aa16ea60255b7fbb42c8307fa4b3077c4d66ca
#12 writing image sha256:5e102c6db40ab5948e4200d636aa16ea60255b7fbb42c8307fa4b3077c4d66ca 0.0s done
#12 naming to gcr.io/fuzzbench/builders/benchmark/clamav_clamav done
#12 DONE 0.4s

#13 exporting cache
#13 sha256:2700d4ef94dee473593c5c614b55b2dedcca7893909811a8f2b48291a1f581e4
#13 preparing build cache for export done
#13 DONE 0.0s
#1 [internal] load build definition from builder.Dockerfile
#1 sha256:e565ee17b651ea7ad2818967d521887bb75eb97b65322632ac71a094422edc00
#1 transferring dockerfile: 46B done
#1 DONE 0.1s

#2 [internal] load .dockerignore
#2 sha256:b3fe9a68744f7865664873463e0d0d8908ca4a32192d1542f36c807d13b2a7e6
#2 transferring context: 2B done
#2 DONE 0.2s

#3 [internal] load metadata for gcr.io/fuzzbench/builders/benchmark/clamav_clamav:latest
#3 sha256:4bf07f69de953fc73d256f154e7c5f2468382d727c0625c721bc57780acfb846
#3 DONE 0.0s

#5 [1/3] FROM gcr.io/fuzzbench/builders/benchmark/clamav_clamav
#5 sha256:ad8d4b93202e6aa61cf993bccdc559c407890a0ed1c6d29bf2913cb3064833a8
#5 DONE 0.0s

#4 importing cache manifest from gcr.io/fuzzbench/builders/afl/clamav_clamav-intermediate
#4 sha256:b1bb676cbc07742c476457fa231579edf78d42c3e57c26e7c764ba333e6c72db
#4 DONE 0.0s

#6 [2/3] RUN git clone https://github.com/google/AFL.git /afl &&     cd /afl &&     git checkout 61037103ae3722c8060ff7082994836a794f978e &&     AFL_NO_X86=1 make
#6 sha256:f6b79b8501126047d97c8c613fd3dbbd1669f7b64852ca51f1342c5df8fb148c
#6 CACHED

#7 [3/3] RUN apt-get update &&     apt-get install wget -y &&     wget https://raw.githubusercontent.com/llvm/llvm-project/5feb80e748924606531ba28c97fe65145c65372e/compiler-rt/lib/fuzzer/afl/afl_driver.cpp -O /afl/afl_driver.cpp &&     clang -Wno-pointer-sign -c /afl/llvm_mode/afl-llvm-rt.o.c -I/afl &&     clang++ -stdlib=libc++ -std=c++11 -O2 -c /afl/afl_driver.cpp &&     ar r /libAFL.a *.o
#7 sha256:e4e202923246d7be9afa2740ea8ec669f7c4584271540378cd6c6a553c012e23
#7 CACHED

#8 exporting to image
#8 sha256:e8c613e07b0b7ff33893b694f7759a10d42e180f2b4dc349fb57dc6b71dcab00
#8 exporting layers done
#8 writing image sha256:9260f7b289696785d4fe75934895fd0e2e4b40af7958dfb989c37a62b684a3e1
#8 writing image sha256:9260f7b289696785d4fe75934895fd0e2e4b40af7958dfb989c37a62b684a3e1 0.0s done
#8 naming to gcr.io/fuzzbench/builders/afl/clamav_clamav-intermediate done
#8 DONE 0.4s

#9 exporting cache
#9 sha256:2700d4ef94dee473593c5c614b55b2dedcca7893909811a8f2b48291a1f581e4
#9 preparing build cache for export done
#9 DONE 0.0s
#2 [internal] load .dockerignore
#2 sha256:870d2b569e87728cabf19419060b21bcb62a023b902d06900178ac5db3e24935
#2 transferring context:
#2 transferring context: 34B done
#2 ...

#1 [internal] load build definition from Dockerfile
#1 sha256:4a2ac30bdf898ceb7567f2a609bad45f08e073268f6bf69e4b44c89b18fe0b62
#1 transferring dockerfile: 2.00kB done
#1 DONE 0.9s

#2 [internal] load .dockerignore
#2 sha256:870d2b569e87728cabf19419060b21bcb62a023b902d06900178ac5db3e24935
#2 DONE 1.3s

#3 [internal] load metadata for docker.io/library/ubuntu:xenial
#3 sha256:f62bae18ed588840f045c881b2502661f2a89578a2f8f99b83f5200ee83dd25b
#3 DONE 0.0s

#5 [1/7] FROM docker.io/library/ubuntu:xenial
#5 sha256:14dd403f25ae9e519bd44f27dc17af7ce80f5a4f9f48ca88108364e67ec5d360
#5 DONE 0.0s

#4 importing cache manifest from gcr.io/fuzzbench/base-image
#4 sha256:9b220ebb4d4daceed1b96df9b6dca076e762f1cd612574f010b82d5b9e5ad896
#4 DONE 0.0s

#8 [internal] load build context
#8 sha256:da497f4b8a305343ebc253e0e5ab592a9ef8b201b7cd17b4346ab68a3f28b6a8
#8 transferring context: 559B 0.0s done
#8 DONE 0.7s

#7 [3/7] RUN cd /tmp/ &&     curl -O https://www.python.org/ftp/python/3.8.6/Python-3.8.6.tar.xz &&     tar -xvf Python-3.8.6.tar.xz &&     cd Python-3.8.6 &&     ./configure --enable-loadable-sqlite-extensions --enable-optimizations &&     make -j install &&     rm -r /tmp/Python-3.8.6.tar.xz /tmp/Python-3.8.6
#7 sha256:c5b9d1fb3371e84dbc60b76e7b2f8d5913bc93bcd4910ab65daa03e7b2ec4bb0
#7 CACHED

#9 [4/7] COPY ./requirements.txt /
#9 sha256:7bfdcde9894edc17da3f91a98cfd1cb52e3407eda727f128d94ca8cc77baf743
#9 CACHED

#10 [5/7] RUN pip3 install -r /requirements.txt
#10 sha256:28a16571dcd8444f58fdb53dda27c9c5dc8a661305ca2ed7041782fa3947cf52
#10 CACHED

#11 [6/7] RUN apt-get update -y && apt-get install -y     apt-transport-https     lsb-release
#11 sha256:2ec96ac53dc2d1f1b4f92647c7ed6dac3eded2aa734a5a62d46d0079f46c1786
#11 CACHED

#6 [2/7] RUN apt-get update -y && apt-get install -y     build-essential     rsync     curl     zlib1g-dev     libncurses5-dev     libgdbm-dev     libnss3-dev     libssl-dev     libreadline-dev     libffi-dev     virtualenv     libbz2-dev     liblzma-dev     libsqlite3-dev
#6 sha256:3a1b0960f17eed529eaae93dc8fd3554f2743dd584d8fa569cdbe6bc734371ac
#6 CACHED

#12 [7/7] RUN CLOUD_SDK_REPO="cloud-sdk-$(lsb_release -c -s)" &&     echo "deb https://packages.cloud.google.com/apt $CLOUD_SDK_REPO main"     | tee -a /etc/apt/sources.list.d/google-cloud-sdk.list &&     curl https://packages.cloud.google.com/apt/doc/apt-key.gpg     | apt-key add - &&     apt-get update -y &&     apt-get install -y google-cloud-sdk
#12 sha256:47952b7ec77ec0f19b6a418a1b4b19f03ca7b485d48f0fad5c636ef4d15df17b
#12 CACHED

#13 exporting to image
#13 sha256:e8c613e07b0b7ff33893b694f7759a10d42e180f2b4dc349fb57dc6b71dcab00
#13 exporting layers done
#13 writing image sha256:b63d9e35e1d27432ba62a0e358b3878140f549eb12be87f86addae674564f405 0.0s done
#13 naming to gcr.io/fuzzbench/base-image done
#13 DONE 1.3s

#14 exporting cache
#14 sha256:2700d4ef94dee473593c5c614b55b2dedcca7893909811a8f2b48291a1f581e4
#14 preparing build cache for export done
#14 DONE 0.0s
#2 [internal] load .dockerignore
#2 sha256:7bae4705fd3063249ec62da9c584e9990a7bcceebf2553d377683d4deafc6a11
#2 transferring context:
#2 transferring context: 34B done
#2 ...

#1 [internal] load build definition from Dockerfile
#1 sha256:4768e5df68633c472c069d69f729c262c912f2da2ad2b62e6baab9e4561e82f8
#1 transferring dockerfile: 2.22kB done
#1 DONE 1.5s

#2 [internal] load .dockerignore
#2 sha256:7bae4705fd3063249ec62da9c584e9990a7bcceebf2553d377683d4deafc6a11
#2 DONE 1.8s

#4 [internal] load metadata for gcr.io/fuzzbench/base-image:latest
#4 sha256:932022888f650cc455b10eb5123bb08c0cccacac29a693e69314abbfd28a72c3
#4 DONE 0.0s

#3 [internal] load metadata for gcr.io/fuzzbench/builders/afl/clamav_clamav-intermediate:latest
#3 sha256:55d3bb36fffc2ef7003eba480d7bc213e8acb7e1e917b235ced41417e556e2a2
#3 DONE 0.0s

#12 [internal] load build context
#12 sha256:a1ec6bc4390e90c0fd5571b614307ef2048a1ffb97cd8cd855d48c3a0232dce6
#12 DONE 0.0s

#5 importing cache manifest from gcr.io/fuzzbench/builders/afl/clamav_clamav
#5 sha256:193645782439575c9f61216c5aa7383cc2cb0232175ed12d4baefba586e877c5
#5 ERROR: gcr.io/fuzzbench/builders/afl/clamav_clamav:latest: not found

#7 [base-image 1/1] FROM gcr.io/fuzzbench/base-image
#7 sha256:4d07825694520f8b6f6a0d8592dbd345433361ae044cb7f06706c5a95e3daaad
#7 DONE 0.0s

#6 [stage-1  1/13] FROM gcr.io/fuzzbench/builders/afl/clamav_clamav-intermediate
#6 sha256:4692dda96a0583f503a4ae12706763bc21032ec7a31a9ba71c654c98f5e15b6d
#6 DONE 0.0s

#12 [internal] load build context
#12 sha256:a1ec6bc4390e90c0fd5571b614307ef2048a1ffb97cd8cd855d48c3a0232dce6
#12 transferring context: 669.86kB 0.1s done
#12 DONE 0.4s

#9 [stage-1  3/13] COPY --from=base-image /usr/local/lib/python3.8 /usr/local/lib/python3.8
#9 sha256:3351525898aa7a894476159009e0a8295377ba08291a17b00ec86c3240b9225c
#9 CACHED

#14 [stage-1  7/13] RUN touch /src/__init__.py
#14 sha256:ed7a3cb81bf2f377265567effd4b2e1d671357f1faac6f032b30d054f501879f
#14 CACHED

#8 [stage-1  2/13] COPY --from=base-image /usr/local/bin/python3* /usr/local/bin/
#8 sha256:db550e26be46d3088308ac944a857a6c921e06fdb2ae192018853975f91ba91a
#8 CACHED

#11 [stage-1  5/13] COPY --from=base-image /usr/local/lib/python3.8/site-packages /usr/local/lib/python3.8/site-packages
#11 sha256:a651ba13d8e746ea44f2391a40b347f9c057bfe808d0aa0511ffddf2ca90c830
#11 CACHED

#16 [stage-1  9/13] RUN mkdir /opt/fuzzbench/
#16 sha256:5ca3630d6958261d99973f5f7b7bad41faa804a156c43606453226eb59663d33
#16 CACHED

#10 [stage-1  4/13] COPY --from=base-image /usr/local/include/python3.8 /usr/local/include/python3.8
#10 sha256:65b5269cf793215ebb2dd918ac5f819ad05e146fc0fa606d8bf4d3ff40c0780d
#10 CACHED

#13 [stage-1  6/13] COPY fuzzers /src/fuzzers
#13 sha256:e6286424529d27b1bb278beeb20c90fc253770ca2fe18fcdaf01e6c79ad6ae20
#13 CACHED

#15 [stage-1  8/13] COPY benchmarks/clamav_clamav/benchmark.yaml /
#15 sha256:89128c21acc867d10581b8e68d8b4744e174bdb5f697e2b01b21dc7946570fe9
#15 CACHED

#17 [stage-1 10/13] COPY docker/benchmark-builder/checkout_commit.py /opt/fuzzbench/
#17 sha256:ed1b275c5e2647ce82a25ce7b4de7ff5acf16b927728a538973fb2065f129dca
#17 CACHED

#18 [stage-1 11/13] RUN export CHECKOUT_COMMIT=$(cat /benchmark.yaml | tr -d ' ' | grep 'commit:' | cut -d ':' -f2) &&     python3 -u /opt/fuzzbench/checkout_commit.py $CHECKOUT_COMMIT /src
#18 sha256:64f49806f3f0273545a6a01151a470296f716cf896923e7365a5b012c792bc0f
#18 CACHED

#19 [stage-1 12/13] RUN echo "#!/bin/bash\nPYTHONPATH=/src python3 -u -c "from fuzzers import utils; utils.initialize_env(); from fuzzers.afl import fuzzer; fuzzer.build()"" > /usr/bin/fuzzer_build &&     chmod +x /usr/bin/fuzzer_build
#19 sha256:cddffd7740935fc57bdc7fbc8d8cc73711dff248ef8fa9af5adc4075395109ae
#19 CACHED

#20 [stage-1 13/13] RUN echo "Run fuzzer_build to build the target" && if [ -z "$debug_builder" ] ; then fuzzer_build; fi
#20 sha256:5d66a525b0886bf467cf3d72a2ba14efa73e27c64cc6bc203eeaaf83758ecc59
#20 0.518 Run fuzzer_build to build the target
#20 0.630 FUZZ_TARGET = clamav
#20 0.630 CFLAGS = -DFUZZING_BUILD_MODE_UNSAFE_FOR_PRODUCTION -pthread -Wl,--no-as-needed -Wl,-ldl -Wl,-lm -Wno-unused-command-line-argument -O3
#20 0.630 CXXFLAGS = -DFUZZING_BUILD_MODE_UNSAFE_FOR_PRODUCTION -pthread -Wl,--no-as-needed -Wl,-ldl -Wl,-lm -Wno-unused-command-line-argument -stdlib=libc++ -O3
#20 0.635 Building benchmark clamav_clamav with fuzzer afl
#20 0.638 + set -ex
#20 0.638 + rm -rf /work/build
#20 0.640 + mkdir -p /work/build
#20 0.642 + cd /work/build
#20 0.642 + '[' -f /src/clamav-devel/autogen.sh ']'
#20 0.642 + apt remove -y libtool libltdl-dev libltdl7
#20 0.655 
#20 0.655 WARNING: apt does not have a stable CLI interface. Use with caution in scripts.
#20 0.655 
#20 0.716 Reading package lists...
#20 2.158 Building dependency tree...
#20 2.370 Reading state information...
#20 2.595 The following packages will be REMOVED:
#20 2.597   libltdl-dev libltdl7 libtool
#20 3.110 0 upgraded, 0 newly installed, 3 to remove and 1 not upgraded.
#20 3.110 After this operation, 2601 kB disk space will be freed.
#20 3.165 (Reading database ... (Reading database ... 5%(Reading database ... 10%(Reading database ... 15%(Reading database ... 20%(Reading database ... 25%(Reading database ... 30%(Reading database ... 35%(Reading database ... 40%(Reading database ... 45%(Reading database ... 50%(Reading database ... 55%(Reading database ... 60%(Reading database ... 65%(Reading database ... 70%(Reading database ... 75%(Reading database ... 80%(Reading database ... 85%(Reading database ... 90%(Reading database ... 95%(Reading database ... 100%(Reading database ... 21996 files and directories currently installed.)
#20 3.189 Removing libltdl-dev:amd64 (2.4.6-14) ...
#20 3.451 Removing libltdl7:amd64 (2.4.6-14) ...
#20 3.717 Removing libtool (2.4.6-14) ...
#20 3.991 Processing triggers for libc-bin (2.31-0ubuntu9.2) ...
#20 4.149 + ac_cv_c_mmap_anonymous=no
#20 4.149 + /src/clamav-devel/configure --disable-mempool --enable-fuzz=yes --with-libjson=no --with-pcre=no --enable-static=yes --enable-shared=no --disable-llvm --host=x86_64-unknown-linux-gnu
#20 4.149 /src/build.sh: line 39: /src/clamav-devel/configure: No such file or directory
#20 4.150 Traceback (most recent call last):
#20 4.150   File "<string>", line 1, in <module>
#20 4.150   File "/src/fuzzers/afl/fuzzer.py", line 40, in build
#20 4.151     utils.build_benchmark()
#20 4.151   File "/src/fuzzers/utils.py", line 82, in build_benchmark
#20 4.151     subprocess.check_call(['/bin/bash', '-ex', build_script], env=env)
#20 4.151   File "/usr/local/lib/python3.8/subprocess.py", line 364, in check_call
#20 4.151     raise CalledProcessError(retcode, cmd)
#20 4.151 subprocess.CalledProcessError: Command '['/bin/bash', '-ex', '/src/build.sh']' returned non-zero exit status 127.
#20 ERROR: executor failed running [/bin/sh -c echo "Run fuzzer_build to build the target" && if [ -z "$debug_builder" ] ; then fuzzer_build; fi]: exit code: 1
------
 > importing cache manifest from gcr.io/fuzzbench/builders/afl/clamav_clamav:
------
------
 > [stage-1 13/13] RUN echo "Run fuzzer_build to build the target" && if [ -z "$debug_builder" ] ; then fuzzer_build; fi:
------
executor failed running [/bin/sh -c echo "Run fuzzer_build to build the target" && if [ -z "$debug_builder" ] ; then fuzzer_build; fi]: exit code: 1
make: *** [docker/generated.mk:2791584: .afl-clamav_clamav-builder] Error 1
