WARNING:root:gcloud not found in PATH.
INFO:root:Successfully integrated benchmark: openvswitch_openvswitch.
INFO:root:Please run "make test-run-afl-openvswitch_openvswitch" to test integration.
#1 [internal] load build definition from Dockerfile
#1 sha256:717c01cc85c2ebaf9fc3ef68c3b328a4dd45bd72e84296f417a6b4673c1ae557
#1 transferring dockerfile: 1.12kB done
#1 DONE 0.0s

#2 [internal] load .dockerignore
#2 sha256:ab0896efc82854751587d7a18a5a563e8b2ba9c21a4547f3d8b7593165003c41
#2 transferring context: 2B done
#2 DONE 0.0s

#3 [internal] load metadata for gcr.io/oss-fuzz-base/base-builder:latest
#3 sha256:f10dc39cc9d418a5bc416dead31a1902b6821fdae909cd3b08f7a3fd1faba7b5
#3 DONE 0.3s

#11 [internal] load build context
#11 sha256:4a364e9305d2c3c5ded4e06c099ede31d36f3cd4d4d91908fa7fac9edb0a6528
#11 DONE 0.0s

#5 [1/7] FROM gcr.io/oss-fuzz-base/base-builder@sha256:f4e5ea12494fab091c5d830cf803b3421f2860f729b9d1b07da44924396cf8cf
#5 sha256:ef290950573a2779ee526af357b28fbddfc20d7409aa51f58f777c9e972cba29
#5 DONE 0.0s

#4 importing cache manifest from gcr.io/fuzzbench/builders/benchmark/openvswitch_openvswitch
#4 sha256:5ce1c0a59aa4c05c9bdd2cd4a6b91a13f1ee7ef61376ce0cdb3455f67b66c9b4
#4 ERROR: gcr.io/fuzzbench/builders/benchmark/openvswitch_openvswitch:latest: not found

#5 [1/7] FROM gcr.io/oss-fuzz-base/base-builder@sha256:f4e5ea12494fab091c5d830cf803b3421f2860f729b9d1b07da44924396cf8cf
#5 sha256:ef290950573a2779ee526af357b28fbddfc20d7409aa51f58f777c9e972cba29
#5 CACHED

#11 [internal] load build context
#11 sha256:4a364e9305d2c3c5ded4e06c099ede31d36f3cd4d4d91908fa7fac9edb0a6528
#11 transferring context: 1.35kB done
#11 DONE 0.0s

#6 [2/7] RUN apt-get update && apt-get install -y make autoconf automake     libtool python python3-pip     libz-dev libssl-dev libssl1.0.0 wget
#6 sha256:dbbb38cc9f02c1afeadf444ea5c9083421cb58a7e28b0a16831f692391cef2ec
#6 0.527 Hit:1 http://ppa.launchpad.net/git-core/ppa/ubuntu focal InRelease
#6 0.527 Hit:2 http://archive.ubuntu.com/ubuntu focal InRelease
#6 0.543 Get:3 http://archive.ubuntu.com/ubuntu focal-updates InRelease [114 kB]
#6 0.641 Get:4 http://archive.ubuntu.com/ubuntu focal-backports InRelease [108 kB]
#6 0.659 Get:5 http://security.ubuntu.com/ubuntu focal-security InRelease [114 kB]
#6 1.038 Get:6 http://archive.ubuntu.com/ubuntu focal-updates/main amd64 Packages [1973 kB]
#6 1.235 Get:7 http://archive.ubuntu.com/ubuntu focal-updates/universe amd64 Packages [1134 kB]
#6 1.319 Get:8 http://archive.ubuntu.com/ubuntu focal-updates/main i386 Packages [752 kB]
#6 1.374 Get:9 http://archive.ubuntu.com/ubuntu focal-updates/universe i386 Packages [827 kB]
#6 1.435 Get:10 http://security.ubuntu.com/ubuntu focal-security/main amd64 Packages [1546 kB]
#6 1.928 Get:11 http://security.ubuntu.com/ubuntu focal-security/universe i386 Packages [657 kB]
#6 1.977 Get:12 http://security.ubuntu.com/ubuntu focal-security/main i386 Packages [464 kB]
#6 2.011 Get:13 http://security.ubuntu.com/ubuntu focal-security/universe amd64 Packages [840 kB]
#6 2.226 Fetched 8529 kB in 2s (5010 kB/s)
#6 2.226 Reading package lists...
#6 3.730 Reading package lists...
#6 5.136 Building dependency tree...
#6 5.346 Reading state information...
#6 5.374 Package libssl1.0.0 is not available, but is referred to by another package.
#6 5.374 This may mean that the package is missing, has been obsoleted, or
#6 5.374 is only available from another source
#6 5.374 
#6 5.378 E: Package 'libssl1.0.0' has no installation candidate
#6 ERROR: executor failed running [/bin/sh -c apt-get update && apt-get install -y make autoconf automake     libtool python python3-pip     libz-dev libssl-dev libssl1.0.0 wget]: exit code: 100
------
 > importing cache manifest from gcr.io/fuzzbench/builders/benchmark/openvswitch_openvswitch:
------
------
 > [2/7] RUN apt-get update && apt-get install -y make autoconf automake     libtool python python3-pip     libz-dev libssl-dev libssl1.0.0 wget:
------
executor failed running [/bin/sh -c apt-get update && apt-get install -y make autoconf automake     libtool python python3-pip     libz-dev libssl-dev libssl1.0.0 wget]: exit code: 100
make: *** [docker/generated.mk:50514: .openvswitch_openvswitch-project-builder] Error 1
/bin/sh: 1: source: not found
#1 [internal] load build definition from Dockerfile
#1 sha256:f8406bd6dc46ab318f87b74f39a1695c5d160f10b7340545671d9b300b8a33e2
#1 transferring dockerfile: 32B done
#1 DONE 0.0s

#2 [internal] load .dockerignore
#2 sha256:96f92d335b72cd5d86abb235b1a338f15bcb302527263201d2b7f9d3b2b37725
#2 transferring context: 2B done
#2 DONE 0.0s

#3 [internal] load metadata for gcr.io/oss-fuzz-base/base-builder:latest
#3 sha256:f10dc39cc9d418a5bc416dead31a1902b6821fdae909cd3b08f7a3fd1faba7b5
#3 DONE 0.3s

#4 [1/7] FROM gcr.io/oss-fuzz-base/base-builder@sha256:f4e5ea12494fab091c5d830cf803b3421f2860f729b9d1b07da44924396cf8cf
#4 sha256:ef290950573a2779ee526af357b28fbddfc20d7409aa51f58f777c9e972cba29
#4 DONE 0.0s

#10 [internal] load build context
#10 sha256:cc434ebd714d6191ffdb948e45fa2b395f5a60573065c105a3c7c76e6b44db1b
#10 DONE 0.0s

#12 importing cache manifest from gcr.io/fuzzbench/builders/benchmark/openvswitch_openvswitch
#12 sha256:5ce1c0a59aa4c05c9bdd2cd4a6b91a13f1ee7ef61376ce0cdb3455f67b66c9b4
#12 ERROR: gcr.io/fuzzbench/builders/benchmark/openvswitch_openvswitch:latest: not found

#4 [1/7] FROM gcr.io/oss-fuzz-base/base-builder@sha256:f4e5ea12494fab091c5d830cf803b3421f2860f729b9d1b07da44924396cf8cf
#4 sha256:ef290950573a2779ee526af357b28fbddfc20d7409aa51f58f777c9e972cba29
#4 CACHED

#10 [internal] load build context
#10 sha256:cc434ebd714d6191ffdb948e45fa2b395f5a60573065c105a3c7c76e6b44db1b
#10 transferring context: 30B done
#10 DONE 0.0s

#5 [2/7] RUN apt-get update && apt-get install -y make autoconf automake     libtool python python3-pip     libz-dev libssl-dev libssl1.0.0 wget
#5 sha256:dbbb38cc9f02c1afeadf444ea5c9083421cb58a7e28b0a16831f692391cef2ec
#5 0.502 Hit:1 http://archive.ubuntu.com/ubuntu focal InRelease
#5 0.502 Hit:2 http://ppa.launchpad.net/git-core/ppa/ubuntu focal InRelease
#5 0.509 Get:3 http://archive.ubuntu.com/ubuntu focal-updates InRelease [114 kB]
#5 0.602 Get:4 http://archive.ubuntu.com/ubuntu focal-backports InRelease [108 kB]
#5 0.633 Get:5 http://security.ubuntu.com/ubuntu focal-security InRelease [114 kB]
#5 1.022 Get:6 http://archive.ubuntu.com/ubuntu focal-updates/main i386 Packages [752 kB]
#5 1.125 Get:7 http://archive.ubuntu.com/ubuntu focal-updates/universe i386 Packages [827 kB]
#5 1.186 Get:8 http://archive.ubuntu.com/ubuntu focal-updates/main amd64 Packages [1973 kB]
#5 1.333 Get:9 http://archive.ubuntu.com/ubuntu focal-updates/universe amd64 Packages [1134 kB]
#5 1.417 Get:10 http://security.ubuntu.com/ubuntu focal-security/main i386 Packages [464 kB]
#5 1.753 Get:11 http://security.ubuntu.com/ubuntu focal-security/universe amd64 Packages [840 kB]
#5 1.901 Get:12 http://security.ubuntu.com/ubuntu focal-security/universe i386 Packages [657 kB]
#5 1.967 Get:13 http://security.ubuntu.com/ubuntu focal-security/main amd64 Packages [1546 kB]
#5 2.257 Fetched 8529 kB in 2s (4763 kB/s)
#5 2.257 Reading package lists...
#5 3.768 Reading package lists...
#5 5.210 Building dependency tree...
#5 5.423 Reading state information...
#5 5.456 Package libssl1.0.0 is not available, but is referred to by another package.
#5 5.456 This may mean that the package is missing, has been obsoleted, or
#5 5.456 is only available from another source
#5 5.456 
#5 5.460 E: Package 'libssl1.0.0' has no installation candidate
#5 ERROR: executor failed running [/bin/sh -c apt-get update && apt-get install -y make autoconf automake     libtool python python3-pip     libz-dev libssl-dev libssl1.0.0 wget]: exit code: 100
------
 > importing cache manifest from gcr.io/fuzzbench/builders/benchmark/openvswitch_openvswitch:
------
------
 > [2/7] RUN apt-get update && apt-get install -y make autoconf automake     libtool python python3-pip     libz-dev libssl-dev libssl1.0.0 wget:
------
executor failed running [/bin/sh -c apt-get update && apt-get install -y make autoconf automake     libtool python python3-pip     libz-dev libssl-dev libssl1.0.0 wget]: exit code: 100
make: *** [docker/generated.mk:50514: .openvswitch_openvswitch-project-builder] Error 1
