WARNING:root:gcloud not found in PATH.
INFO:root:Successfully integrated benchmark: openvswitch_openvswitch.
INFO:root:Please run "make test-run-afl-openvswitch_openvswitch" to test integration.
#1 [internal] load build definition from Dockerfile
#1 sha256:fb8dea0ac55dceeec80d52b8bddabd3fe61f208f4d19080682575c29a4b44b6b
#1 transferring dockerfile: 1.07kB done
#1 DONE 0.0s

#2 [internal] load .dockerignore
#2 sha256:6d6633eecac27f99e3017715207b5da3d15c5b585feb5a97ac0a4ce0705197c7
#2 transferring context: 2B done
#2 DONE 0.1s

#3 [internal] load metadata for gcr.io/oss-fuzz-base/base-builder:latest
#3 sha256:f10dc39cc9d418a5bc416dead31a1902b6821fdae909cd3b08f7a3fd1faba7b5
#3 DONE 0.4s

#10 [internal] load build context
#10 sha256:4d45ac091bd5b71c12d22700214d4cffc6dabd9f1c77736891c2687fbc320593
#10 DONE 0.0s

#5 [1/6] FROM gcr.io/oss-fuzz-base/base-builder@sha256:f4e5ea12494fab091c5d830cf803b3421f2860f729b9d1b07da44924396cf8cf
#5 sha256:ef290950573a2779ee526af357b28fbddfc20d7409aa51f58f777c9e972cba29
#5 DONE 0.0s

#4 importing cache manifest from gcr.io/fuzzbench/builders/benchmark/openvswitch_openvswitch
#4 sha256:5ce1c0a59aa4c05c9bdd2cd4a6b91a13f1ee7ef61376ce0cdb3455f67b66c9b4
#4 ERROR: gcr.io/fuzzbench/builders/benchmark/openvswitch_openvswitch:latest: not found

#5 [1/6] FROM gcr.io/oss-fuzz-base/base-builder@sha256:f4e5ea12494fab091c5d830cf803b3421f2860f729b9d1b07da44924396cf8cf
#5 sha256:ef290950573a2779ee526af357b28fbddfc20d7409aa51f58f777c9e972cba29
#5 CACHED

#10 [internal] load build context
#10 sha256:4d45ac091bd5b71c12d22700214d4cffc6dabd9f1c77736891c2687fbc320593
#10 transferring context: 8.79kB done
#10 DONE 0.1s

#6 [2/6] RUN apt-get update && apt-get install -y make autoconf automake     libtool python python-pip     libz-dev libssl-dev libssl1.0.0 wget
#6 sha256:9b4a966327c6a1f76424bcb6c7d6e65f0fd231b84bcb348a3a8858903eaad690
#6 0.640 Hit:1 http://archive.ubuntu.com/ubuntu focal InRelease
#6 0.640 Get:2 http://archive.ubuntu.com/ubuntu focal-updates InRelease [114 kB]
#6 0.640 Hit:3 http://ppa.launchpad.net/git-core/ppa/ubuntu focal InRelease
#6 0.738 Get:4 http://archive.ubuntu.com/ubuntu focal-backports InRelease [108 kB]
#6 0.756 Get:5 http://security.ubuntu.com/ubuntu focal-security InRelease [114 kB]
#6 1.159 Get:6 http://archive.ubuntu.com/ubuntu focal-updates/universe amd64 Packages [1134 kB]
#6 1.305 Get:7 http://archive.ubuntu.com/ubuntu focal-updates/main amd64 Packages [1973 kB]
#6 1.451 Get:8 http://archive.ubuntu.com/ubuntu focal-updates/universe i386 Packages [827 kB]
#6 1.512 Get:9 http://archive.ubuntu.com/ubuntu focal-updates/main i386 Packages [752 kB]
#6 1.567 Get:10 http://security.ubuntu.com/ubuntu focal-security/main amd64 Packages [1546 kB]
#6 2.068 Get:11 http://security.ubuntu.com/ubuntu focal-security/universe amd64 Packages [840 kB]
#6 2.131 Get:12 http://security.ubuntu.com/ubuntu focal-security/main i386 Packages [464 kB]
#6 2.164 Get:13 http://security.ubuntu.com/ubuntu focal-security/universe i386 Packages [657 kB]
#6 2.445 Fetched 8529 kB in 2s (4819 kB/s)
#6 2.445 Reading package lists...
#6 3.947 Reading package lists...
#6 5.356 Building dependency tree...
#6 5.565 Reading state information...
#6 5.594 Package libssl1.0.0 is not available, but is referred to by another package.
#6 5.594 This may mean that the package is missing, has been obsoleted, or
#6 5.594 is only available from another source
#6 5.594 
#6 5.594 Package python-pip is not available, but is referred to by another package.
#6 5.594 This may mean that the package is missing, has been obsoleted, or
#6 5.594 is only available from another source
#6 5.594 However the following packages replace it:
#6 5.594   python3-pip
#6 5.594 
#6 5.598 E: Package 'python-pip' has no installation candidate
#6 5.598 E: Package 'libssl1.0.0' has no installation candidate
#6 ERROR: executor failed running [/bin/sh -c apt-get update && apt-get install -y make autoconf automake     libtool python python-pip     libz-dev libssl-dev libssl1.0.0 wget]: exit code: 100
------
 > importing cache manifest from gcr.io/fuzzbench/builders/benchmark/openvswitch_openvswitch:
------
------
 > [2/6] RUN apt-get update && apt-get install -y make autoconf automake     libtool python python-pip     libz-dev libssl-dev libssl1.0.0 wget:
------
executor failed running [/bin/sh -c apt-get update && apt-get install -y make autoconf automake     libtool python python-pip     libz-dev libssl-dev libssl1.0.0 wget]: exit code: 100
make: *** [docker/generated.mk:50514: .openvswitch_openvswitch-project-builder] Error 1
/bin/sh: 1: source: not found
#1 [internal] load build definition from Dockerfile
#1 sha256:4f354ce3bcf750ebd246822895766402d726cb60f4202bdc8bf095ac33ae8f76
#1 transferring dockerfile: 32B done
#1 DONE 0.0s

#2 [internal] load .dockerignore
#2 sha256:ac8537f3ff61edb1e26b40f2f0c0e2c5a5737b4637e090f9403af6e02f6113de
#2 transferring context: 2B done
#2 DONE 0.0s

#3 [internal] load metadata for gcr.io/oss-fuzz-base/base-builder:latest
#3 sha256:f10dc39cc9d418a5bc416dead31a1902b6821fdae909cd3b08f7a3fd1faba7b5
#3 DONE 0.4s

#10 [internal] load build context
#10 sha256:141771bbcfe4af8d29b5aaee565454b4da50dd3ff9b58a01d07599fb714e5c12
#10 DONE 0.0s

#5 [1/6] FROM gcr.io/oss-fuzz-base/base-builder@sha256:f4e5ea12494fab091c5d830cf803b3421f2860f729b9d1b07da44924396cf8cf
#5 sha256:ef290950573a2779ee526af357b28fbddfc20d7409aa51f58f777c9e972cba29
#5 DONE 0.0s

#4 importing cache manifest from gcr.io/fuzzbench/builders/benchmark/openvswitch_openvswitch
#4 sha256:5ce1c0a59aa4c05c9bdd2cd4a6b91a13f1ee7ef61376ce0cdb3455f67b66c9b4
#4 ERROR: gcr.io/fuzzbench/builders/benchmark/openvswitch_openvswitch:latest: not found

#5 [1/6] FROM gcr.io/oss-fuzz-base/base-builder@sha256:f4e5ea12494fab091c5d830cf803b3421f2860f729b9d1b07da44924396cf8cf
#5 sha256:ef290950573a2779ee526af357b28fbddfc20d7409aa51f58f777c9e972cba29
#5 CACHED

#10 [internal] load build context
#10 sha256:141771bbcfe4af8d29b5aaee565454b4da50dd3ff9b58a01d07599fb714e5c12
#10 transferring context: 311B done
#10 DONE 0.0s

#6 [2/6] RUN apt-get update && apt-get install -y make autoconf automake     libtool python python-pip     libz-dev libssl-dev libssl1.0.0 wget
#6 sha256:9b4a966327c6a1f76424bcb6c7d6e65f0fd231b84bcb348a3a8858903eaad690
#6 0.490 Hit:1 http://ppa.launchpad.net/git-core/ppa/ubuntu focal InRelease
#6 0.490 Hit:2 http://archive.ubuntu.com/ubuntu focal InRelease
#6 0.500 Get:3 http://archive.ubuntu.com/ubuntu focal-updates InRelease [114 kB]
#6 0.594 Get:4 http://archive.ubuntu.com/ubuntu focal-backports InRelease [108 kB]
#6 0.622 Get:5 http://security.ubuntu.com/ubuntu focal-security InRelease [114 kB]
#6 1.011 Get:6 http://archive.ubuntu.com/ubuntu focal-updates/universe amd64 Packages [1134 kB]
#6 1.146 Get:7 http://archive.ubuntu.com/ubuntu focal-updates/main i386 Packages [752 kB]
#6 1.197 Get:8 http://archive.ubuntu.com/ubuntu focal-updates/main amd64 Packages [1973 kB]
#6 1.342 Get:9 http://archive.ubuntu.com/ubuntu focal-updates/universe i386 Packages [827 kB]
#6 1.404 Get:10 http://security.ubuntu.com/ubuntu focal-security/universe amd64 Packages [840 kB]
#6 1.820 Get:11 http://security.ubuntu.com/ubuntu focal-security/main i386 Packages [464 kB]
#6 1.858 Get:12 http://security.ubuntu.com/ubuntu focal-security/universe i386 Packages [657 kB]
#6 1.937 Get:13 http://security.ubuntu.com/ubuntu focal-security/main amd64 Packages [1546 kB]
#6 2.197 Fetched 8529 kB in 2s (4812 kB/s)
#6 2.197 Reading package lists...
#6 3.692 Reading package lists...
#6 5.105 Building dependency tree...
#6 5.316 Reading state information...
#6 5.344 Package libssl1.0.0 is not available, but is referred to by another package.
#6 5.344 This may mean that the package is missing, has been obsoleted, or
#6 5.344 is only available from another source
#6 5.344 
#6 5.344 Package python-pip is not available, but is referred to by another package.
#6 5.344 This may mean that the package is missing, has been obsoleted, or
#6 5.344 is only available from another source
#6 5.344 However the following packages replace it:
#6 5.344   python3-pip
#6 5.344 
#6 5.348 E: Package 'python-pip' has no installation candidate
#6 5.348 E: Package 'libssl1.0.0' has no installation candidate
#6 ERROR: executor failed running [/bin/sh -c apt-get update && apt-get install -y make autoconf automake     libtool python python-pip     libz-dev libssl-dev libssl1.0.0 wget]: exit code: 100
------
 > importing cache manifest from gcr.io/fuzzbench/builders/benchmark/openvswitch_openvswitch:
------
------
 > [2/6] RUN apt-get update && apt-get install -y make autoconf automake     libtool python python-pip     libz-dev libssl-dev libssl1.0.0 wget:
------
executor failed running [/bin/sh -c apt-get update && apt-get install -y make autoconf automake     libtool python python-pip     libz-dev libssl-dev libssl1.0.0 wget]: exit code: 100
make: *** [docker/generated.mk:50514: .openvswitch_openvswitch-project-builder] Error 1
