WARNING:root:gcloud not found in PATH.
INFO:root:Successfully integrated benchmark: opencv_imencode_fuzzer.
INFO:root:Please run "make test-run-afl-opencv_imencode_fuzzer" to test integration.
#1 [internal] load build definition from Dockerfile
#1 sha256:c190920e4e3fd2e2b7da291cbf02ea16e951aaf6ea14c7be89d33183ec066005
#1 transferring dockerfile: 937B 0.0s done
#1 DONE 0.3s

#2 [internal] load .dockerignore
#2 sha256:d48227f4b6d930da7591087bc61459ebbdff2559154f3b83ff888fa240bd27ce
#2 transferring context: 2B done
#2 DONE 0.2s

#3 [internal] load metadata for gcr.io/oss-fuzz-base/base-builder:latest
#3 sha256:f10dc39cc9d418a5bc416dead31a1902b6821fdae909cd3b08f7a3fd1faba7b5
#3 DONE 0.5s

#8 [internal] load build context
#8 sha256:902d0601ca3c6dc6f152544e56bc97664bf8a38c6f3058c9b1c6fe6951bae8d6
#8 DONE 0.0s

#4 [1/6] FROM gcr.io/oss-fuzz-base/base-builder@sha256:112044a9815d235113677d459cf2ece740a51f2b85081c8f66943dcdc72ddf7f
#4 sha256:4aee4bf9f7280ac8b7f02b8d29e6e084dd034d2c294b4e3e05d8ce7048a1450f
#4 DONE 0.0s

#11 importing cache manifest from gcr.io/fuzzbench/builders/benchmark/opencv_imencode_fuzzer
#11 sha256:8909e5ce8b7a6420d7b581b9011c59a79de5e0c7d8952291e8bf7e63cd5302a6
#11 ERROR: gcr.io/fuzzbench/builders/benchmark/opencv_imencode_fuzzer:latest: not found

#8 [internal] load build context
#8 sha256:902d0601ca3c6dc6f152544e56bc97664bf8a38c6f3058c9b1c6fe6951bae8d6
#8 transferring context: 2.35kB done
#8 DONE 0.1s

#5 [2/6] RUN apt-get update && apt-get install -y build-essential cmake pkg-config
#5 sha256:5b4cdd543f7676d762d91b87c637b12e81d197a5de05812a3f0a2dc7aead2436
#5 CACHED

#6 [3/6] RUN git clone --depth 1 https://github.com/opencv/opencv.git opencv
#6 sha256:59a9fb61118231e7c2a207bca2277cafcfad95bb7e22f5ee768b2c0e041e7f83
#6 CACHED

#7 [4/6] WORKDIR opencv/
#7 sha256:fda6c4b7e211bdd8ec1ae001cbb40929be694af912454da7105b1ff5a7d1ef7e
#7 CACHED

#9 [5/6] COPY build.sh /src/
#9 sha256:8a21e3cb7b53177f56f26c4a9a8b3b1d9dd30ef72b6bb12a61c5ee9f25430e57
#9 CACHED

#10 [6/6] COPY *.cc *.h /src/
#10 sha256:9bc2cfdfa1d17a8e31969a5b709e25f1a84ae5c0f2db6277313fe15590eb6db3
#10 CACHED

#12 exporting to image
#12 sha256:e8c613e07b0b7ff33893b694f7759a10d42e180f2b4dc349fb57dc6b71dcab00
#12 exporting layers done
#12 writing image sha256:1becccd814dbf34cc8e63e180aa81b53d32b799e754916d11e8fe1e0019dbfe9 done
#12 naming to gcr.io/fuzzbench/builders/benchmark/opencv_imencode_fuzzer done
#12 DONE 0.2s

#13 exporting cache
#13 sha256:2700d4ef94dee473593c5c614b55b2dedcca7893909811a8f2b48291a1f581e4
#13 preparing build cache for export done
#13 DONE 0.0s
------
 > importing cache manifest from gcr.io/fuzzbench/builders/benchmark/opencv_imencode_fuzzer:
------
#1 [internal] load build definition from builder.Dockerfile
#1 sha256:ae4eb8071659f60aa3cf99d7fcdd55f4e8aeb50d8a590f68025deef48fc02f5c
#1 transferring dockerfile: 46B done
#1 DONE 0.2s

#2 [internal] load .dockerignore
#2 sha256:97b7d27f9e4a907152e62ac2fc3fcdd7cc58b34fd8a556e1c4f749b9c9e9fcca
#2 transferring context: 2B done
#2 DONE 0.2s

#3 [internal] load metadata for gcr.io/fuzzbench/builders/benchmark/opencv_imencode_fuzzer:latest
#3 sha256:9dc78bea2eb08968a6bee9025ee494d9949aad645d066b5af66b22b6f1dfafa1
#3 DONE 0.0s

#5 [1/3] FROM gcr.io/fuzzbench/builders/benchmark/opencv_imencode_fuzzer
#5 sha256:485870fd83ac5d135484aa1ed9e70ef99a0f61b1457868a1a558dc84d7aa5faf
#5 DONE 0.0s

#4 importing cache manifest from gcr.io/fuzzbench/builders/afl/opencv_imencode_fuzzer-intermediate
#4 sha256:822c9d86dbeff47b14d169912a9c896fe2947703fd4c9ecc380f7aa0d89d5af4
#4 ERROR: gcr.io/fuzzbench/builders/afl/opencv_imencode_fuzzer-intermediate:latest: not found

#6 [2/3] RUN git clone https://github.com/google/AFL.git /afl &&     cd /afl &&     git checkout 61037103ae3722c8060ff7082994836a794f978e &&     AFL_NO_X86=1 make
#6 sha256:d8b7f906e2c5a0f5c662411ec4ddb7bd4bb4ac7c36e792b3ae9001a21770aa6b
#6 CACHED

#7 [3/3] RUN apt-get update &&     apt-get install wget -y &&     wget https://raw.githubusercontent.com/llvm/llvm-project/5feb80e748924606531ba28c97fe65145c65372e/compiler-rt/lib/fuzzer/afl/afl_driver.cpp -O /afl/afl_driver.cpp &&     clang -Wno-pointer-sign -c /afl/llvm_mode/afl-llvm-rt.o.c -I/afl &&     clang++ -stdlib=libc++ -std=c++11 -O2 -c /afl/afl_driver.cpp &&     ar r /libAFL.a *.o
#7 sha256:139aafe6332de5c94be28097bdf051fc20d4392b7a7134067d3809a04f04ec6e
#7 CACHED

#8 exporting to image
#8 sha256:e8c613e07b0b7ff33893b694f7759a10d42e180f2b4dc349fb57dc6b71dcab00
#8 exporting layers done
#8 writing image sha256:46f5031b711128eb84cc163599a68526005a66a2f95e2b1d5dab852aa983e026
#8 writing image sha256:46f5031b711128eb84cc163599a68526005a66a2f95e2b1d5dab852aa983e026 done
#8 naming to gcr.io/fuzzbench/builders/afl/opencv_imencode_fuzzer-intermediate done
#8 DONE 0.1s

#9 exporting cache
#9 sha256:2700d4ef94dee473593c5c614b55b2dedcca7893909811a8f2b48291a1f581e4
#9 preparing build cache for export done
#9 DONE 0.0s
------
 > importing cache manifest from gcr.io/fuzzbench/builders/afl/opencv_imencode_fuzzer-intermediate:
------
#1 [internal] load build definition from Dockerfile
#1 sha256:99d7aeeb60994c7d610325222e16d9a553287177308cadf2c090bf6e4c4f72c9
#1 transferring dockerfile: 2.00kB done
#1 DONE 0.0s

#2 [internal] load .dockerignore
#2 sha256:bc83480fcf42208119f23aee0f8fd56b4df53e40bf97494245e1ea46fef79a4e
#2 transferring context: 34B 0.0s done
#2 DONE 0.1s

#3 [internal] load metadata for docker.io/library/ubuntu:xenial
#3 sha256:f62bae18ed588840f045c881b2502661f2a89578a2f8f99b83f5200ee83dd25b
#3 DONE 0.0s

#6 importing cache manifest from gcr.io/fuzzbench/base-image
#6 sha256:9b220ebb4d4daceed1b96df9b6dca076e762f1cd612574f010b82d5b9e5ad896
#6 DONE 0.0s

#4 [1/7] FROM docker.io/library/ubuntu:xenial
#4 sha256:14dd403f25ae9e519bd44f27dc17af7ce80f5a4f9f48ca88108364e67ec5d360
#4 DONE 0.0s

#8 [internal] load build context
#8 sha256:a91b1735550fc864dca811b0d84f262192badcef17685d2af47458aabfd6d348
#8 transferring context: 559B 0.1s done
#8 DONE 0.1s

#11 [6/7] RUN apt-get update -y && apt-get install -y     apt-transport-https     lsb-release
#11 sha256:5bbeb1bd703e639da8fd647c749406b4d711f9f1d4ff59f2927ddee1fe8dcdad
#11 CACHED

#5 [2/7] RUN apt-get update -y && apt-get install -y     build-essential     rsync     curl     zlib1g-dev     libncurses5-dev     libgdbm-dev     libnss3-dev     libssl-dev     libreadline-dev     libffi-dev     virtualenv     libbz2-dev     liblzma-dev     libsqlite3-dev
#5 sha256:3a1b0960f17eed529eaae93dc8fd3554f2743dd584d8fa569cdbe6bc734371ac
#5 CACHED

#7 [3/7] RUN cd /tmp/ &&     curl -O https://www.python.org/ftp/python/3.8.6/Python-3.8.6.tar.xz &&     tar -xvf Python-3.8.6.tar.xz &&     cd Python-3.8.6 &&     ./configure --enable-loadable-sqlite-extensions --enable-optimizations &&     make -j install &&     rm -r /tmp/Python-3.8.6.tar.xz /tmp/Python-3.8.6
#7 sha256:c5b9d1fb3371e84dbc60b76e7b2f8d5913bc93bcd4910ab65daa03e7b2ec4bb0
#7 CACHED

#9 [4/7] COPY ./requirements.txt /
#9 sha256:22fbe432ea8a17d2b1243c3f28c67a92ef659bcb29fb806ae50579464245b236
#9 CACHED

#10 [5/7] RUN pip3 install -r /requirements.txt
#10 sha256:ee4f78136ad8b5ebc60d6db20b785a42f4a000f5b3a5fa076e56fa94a44f1c3c
#10 CACHED

#12 [7/7] RUN CLOUD_SDK_REPO="cloud-sdk-$(lsb_release -c -s)" &&     echo "deb https://packages.cloud.google.com/apt $CLOUD_SDK_REPO main"     | tee -a /etc/apt/sources.list.d/google-cloud-sdk.list &&     curl https://packages.cloud.google.com/apt/doc/apt-key.gpg     | apt-key add - &&     apt-get update -y &&     apt-get install -y google-cloud-sdk
#12 sha256:2c02b915f5c6e8075e7186b9ef2e3168e02975d484cd1b7f5362b8a90b8fa774
#12 CACHED

#13 exporting to image
#13 sha256:e8c613e07b0b7ff33893b694f7759a10d42e180f2b4dc349fb57dc6b71dcab00
#13 exporting layers done
#13 writing image sha256:55e5825902805b10e1ba0cd27e4af0d82c25f9e225d6218342d4b6474bd3ddae
#13 writing image sha256:55e5825902805b10e1ba0cd27e4af0d82c25f9e225d6218342d4b6474bd3ddae done
#13 naming to gcr.io/fuzzbench/base-image done
#13 DONE 0.0s

#14 exporting cache
#14 sha256:2700d4ef94dee473593c5c614b55b2dedcca7893909811a8f2b48291a1f581e4
#14 preparing build cache for export done
#14 DONE 0.0s
#1 [internal] load build definition from Dockerfile
#1 sha256:223602d1d76383fb104665bbfdfaa553b0e5b1e041d8fe59602df68400923861
#1 transferring dockerfile: 2.22kB done
#1 DONE 0.1s

#2 [internal] load .dockerignore
#2 sha256:e03db1de6ed6ececb1df7a6ae3981e1aaaa370845c2da73e01e2d4d1c75b136a
#2 transferring context: 34B done
#2 DONE 0.0s

#7 [base-image 1/1] FROM gcr.io/fuzzbench/base-image
#7 sha256:4d07825694520f8b6f6a0d8592dbd345433361ae044cb7f06706c5a95e3daaad
#7 DONE 1.0s

#6 [stage-1  1/13] FROM gcr.io/fuzzbench/builders/afl/opencv_imencode_fuzzer-intermediate
#6 sha256:2381069809cdb57264e3a7391a92a4626db3804caf56c15b302670fd4647bc01
#6 DONE 0.0s

#4 [internal] load metadata for gcr.io/fuzzbench/base-image:latest
#4 sha256:932022888f650cc455b10eb5123bb08c0cccacac29a693e69314abbfd28a72c3
#4 DONE 0.0s

#3 [internal] load metadata for gcr.io/fuzzbench/builders/afl/opencv_imencode_fuzzer-intermediate:latest
#3 sha256:5fbdc8709e1cec3b80a2fa01cbddab56a0738d67e1a577b67f8967eb175c02e4
#3 DONE 0.0s

#12 [internal] load build context
#12 sha256:b0a861b31d7db4a1fa575ce8394e6c316fd3a4403b76fd68bd64d4a3f1fc0204
#12 DONE 0.0s

#5 importing cache manifest from gcr.io/fuzzbench/builders/afl/opencv_imencode_fuzzer
#5 sha256:3f165a30e8821a3d5bdf146bc2a9d292dd174973b1fafadbd7282920b41f745d
#5 ERROR: gcr.io/fuzzbench/builders/afl/opencv_imencode_fuzzer:latest: not found

#12 [internal] load build context
#12 sha256:b0a861b31d7db4a1fa575ce8394e6c316fd3a4403b76fd68bd64d4a3f1fc0204
#12 transferring context: 669.89kB 0.3s done
#12 DONE 0.3s

#13 [stage-1  6/13] COPY fuzzers /src/fuzzers
#13 sha256:881c2d4c642e6578dc6e0322414192a38fc496136fc7f5249614fb5edce8ec34
#13 CACHED

#8 [stage-1  2/13] COPY --from=base-image /usr/local/bin/python3* /usr/local/bin/
#8 sha256:e938ba20cfe1e1d501fbc23aac6c43c6468de069d6dd68b757b93aaa78d67960
#8 CACHED

#9 [stage-1  3/13] COPY --from=base-image /usr/local/lib/python3.8 /usr/local/lib/python3.8
#9 sha256:9564e97b767db8190ef6f8b9327f1da9aacefb8b8d0266445ffd3fa33a682a26
#9 CACHED

#10 [stage-1  4/13] COPY --from=base-image /usr/local/include/python3.8 /usr/local/include/python3.8
#10 sha256:cd528ecf18fac8e9fe58e3ec4729801f6e96bf32c21de68988a74310138bfd72
#10 CACHED

#11 [stage-1  5/13] COPY --from=base-image /usr/local/lib/python3.8/site-packages /usr/local/lib/python3.8/site-packages
#11 sha256:175d88e01b58cf2503cca02d05548e08f600337be840e9076acea665e9c36971
#11 CACHED

#14 [stage-1  7/13] RUN touch /src/__init__.py
#14 sha256:ab2b45b3d9729610da806da770cb8579841ff66ae9ffe198b1cade6a1ad7480b
#14 DONE 1.9s

#15 [stage-1  8/13] COPY benchmarks/opencv_imencode_fuzzer/benchmark.yaml /
#15 sha256:b8904daa3d9255a404109fcec4c3416464fd5119ff7847aeff287161f55ca272
#15 DONE 0.1s

#16 [stage-1  9/13] RUN mkdir /opt/fuzzbench/
#16 sha256:f5bf28e971473c6446f97fbe2c5fe43e86c0b02455d53fa48941afc18ce2cc40
#16 DONE 1.9s

#17 [stage-1 10/13] COPY docker/benchmark-builder/checkout_commit.py /opt/fuzzbench/
#17 sha256:693359bf6b90341645c074f26d43bfe089a6919f18761291cc59803e9f5ef6d4
#17 DONE 0.5s

#18 [stage-1 11/13] RUN export CHECKOUT_COMMIT=$(cat /benchmark.yaml | tr -d ' ' | grep 'commit:' | cut -d ':' -f2) &&     python3 -u /opt/fuzzbench/checkout_commit.py $CHECKOUT_COMMIT /src
#18 sha256:4ea1520dec897710103fa0d303c0df0cf6489a2640a883c089d201b025a88f97
#18 1.345 Checking out commit 84faf557
#18 138.7 From https://github.com/opencv/opencv
#18 138.7  * [new tag]               2.2                  -> 2.2
#18 138.7  * [new tag]               2.4.0                -> 2.4.0
#18 138.7  * [new tag]               2.4.1                -> 2.4.1
#18 138.7  * [new tag]               2.4.10               -> 2.4.10
#18 138.7  * [new tag]               2.4.10.1             -> 2.4.10.1
#18 138.7  * [new tag]               2.4.10.2             -> 2.4.10.2
#18 138.7  * [new tag]               2.4.10.3             -> 2.4.10.3
#18 138.7  * [new tag]               2.4.10.4             -> 2.4.10.4
#18 138.7  * [new tag]               2.4.11               -> 2.4.11
#18 138.7  * [new tag]               2.4.12               -> 2.4.12
#18 138.7  * [new tag]               2.4.12.1             -> 2.4.12.1
#18 138.7  * [new tag]               2.4.12.2             -> 2.4.12.2
#18 138.7  * [new tag]               2.4.12.3             -> 2.4.12.3
#18 138.7  * [new tag]               2.4.13               -> 2.4.13
#18 138.7  * [new tag]               2.4.13.1             -> 2.4.13.1
#18 138.7  * [new tag]               2.4.2                -> 2.4.2
#18 138.7  * [new tag]               2.4.3                -> 2.4.3
#18 138.7  * [new tag]               2.4.3-rc             -> 2.4.3-rc
#18 138.7  * [new tag]               2.4.3.1              -> 2.4.3.1
#18 138.7  * [new tag]               2.4.3.2              -> 2.4.3.2
#18 138.7  * [new tag]               2.4.4                -> 2.4.4
#18 138.7  * [new tag]               2.4.4-beta           -> 2.4.4-beta
#18 138.7  * [new tag]               2.4.5                -> 2.4.5
#18 138.7  * [new tag]               2.4.6                -> 2.4.6
#18 138.7  * [new tag]               2.4.6.1              -> 2.4.6.1
#18 138.7  * [new tag]               2.4.6.2              -> 2.4.6.2
#18 138.7  * [new tag]               2.4.6.2-rc1          -> 2.4.6.2-rc1
#18 138.7  * [new tag]               2.4.7                -> 2.4.7
#18 138.7  * [new tag]               2.4.7-rc1            -> 2.4.7-rc1
#18 138.7  * [new tag]               2.4.7.1              -> 2.4.7.1
#18 138.7  * [new tag]               2.4.7.2              -> 2.4.7.2
#18 138.7  * [new tag]               2.4.8                -> 2.4.8
#18 138.7  * [new tag]               2.4.8.1              -> 2.4.8.1
#18 138.7  * [new tag]               2.4.8.2              -> 2.4.8.2
#18 138.7  * [new tag]               2.4.8.3              -> 2.4.8.3
#18 138.7  * [new tag]               2.4.9                -> 2.4.9
#18 138.7  * [new tag]               2.4.9.1              -> 2.4.9.1
#18 138.7  * [new tag]               3.0-ocl-tech-preview -> 3.0-ocl-tech-preview
#18 138.7  * [new tag]               3.0-ocl-tp2          -> 3.0-ocl-tp2
#18 138.7  * [new tag]               3.0.0                -> 3.0.0
#18 138.7  * [new tag]               3.0.0-alpha          -> 3.0.0-alpha
#18 138.7  * [new tag]               3.0.0-beta           -> 3.0.0-beta
#18 138.7  * [new tag]               3.0.0-rc1            -> 3.0.0-rc1
#18 138.7  * [new tag]               3.1.0                -> 3.1.0
#18 138.7  * [new tag]               3.2.0                -> 3.2.0
#18 138.7  * [new tag]               3.2.0-rc             -> 3.2.0-rc
#18 138.7  * [new tag]               3.3.0                -> 3.3.0
#18 138.7  * [new tag]               3.3.0-cvsdk          -> 3.3.0-cvsdk
#18 138.7  * [new tag]               3.3.0-rc             -> 3.3.0-rc
#18 138.7  * [new tag]               3.3.1                -> 3.3.1
#18 138.7  * [new tag]               3.3.1-cvsdk          -> 3.3.1-cvsdk
#18 138.7  * [new tag]               3.4.0                -> 3.4.0
#18 138.7  * [new tag]               3.4.0-rc             -> 3.4.0-rc
#18 138.7  * [new tag]               3.4.1                -> 3.4.1
#18 138.7  * [new tag]               3.4.1-cvsdk          -> 3.4.1-cvsdk
#18 138.7  * [new tag]               3.4.10               -> 3.4.10
#18 138.7  * [new tag]               3.4.11               -> 3.4.11
#18 138.7  * [new tag]               3.4.12               -> 3.4.12
#18 138.7  * [new tag]               3.4.13               -> 3.4.13
#18 138.7  * [new tag]               3.4.14               -> 3.4.14
#18 138.7  * [new tag]               3.4.15               -> 3.4.15
#18 138.7  * [new tag]               3.4.16               -> 3.4.16
#18 138.7  * [new tag]               3.4.17               -> 3.4.17
#18 138.7  * [new tag]               3.4.2                -> 3.4.2
#18 138.7  * [new tag]               3.4.2-openvino       -> 3.4.2-openvino
#18 138.7  * [new tag]               3.4.3                -> 3.4.3
#18 138.7  * [new tag]               3.4.3-openvino       -> 3.4.3-openvino
#18 138.7  * [new tag]               3.4.4                -> 3.4.4
#18 138.7  * [new tag]               3.4.5                -> 3.4.5
#18 138.7  * [new tag]               3.4.6                -> 3.4.6
#18 138.7  * [new tag]               3.4.7                -> 3.4.7
#18 138.7  * [new tag]               3.4.8                -> 3.4.8
#18 138.7  * [new tag]               3.4.9                -> 3.4.9
#18 138.7  * [new tag]               4.0.0                -> 4.0.0
#18 138.7  * [new tag]               4.0.0-alpha          -> 4.0.0-alpha
#18 138.7  * [new tag]               4.0.0-beta           -> 4.0.0-beta
#18 138.7  * [new tag]               4.0.0-openvino       -> 4.0.0-openvino
#18 138.8  * [new tag]               4.0.0-rc             -> 4.0.0-rc
#18 138.8  * [new tag]               4.0.1                -> 4.0.1
#18 138.8  * [new tag]               4.0.1-openvino       -> 4.0.1-openvino
#18 138.8  * [new tag]               4.1.0                -> 4.1.0
#18 138.8  * [new tag]               4.1.0-openvino       -> 4.1.0-openvino
#18 138.8  * [new tag]               4.1.1                -> 4.1.1
#18 138.8  * [new tag]               4.1.1-openvino       -> 4.1.1-openvino
#18 138.8  * [new tag]               4.1.2                -> 4.1.2
#18 138.8  * [new tag]               4.1.2-openvino       -> 4.1.2-openvino
#18 138.8  * [new tag]               4.2.0                -> 4.2.0
#18 138.8  * [new tag]               4.3.0                -> 4.3.0
#18 138.8  * [new tag]               4.4.0                -> 4.4.0
#18 138.8  * [new tag]               4.5.0                -> 4.5.0
#18 138.8  * [new tag]               4.5.1                -> 4.5.1
#18 138.8  * [new tag]               4.5.2                -> 4.5.2
#18 138.8  * [new tag]               4.5.3                -> 4.5.3
#18 138.8  * [new tag]               4.5.4                -> 4.5.4
#18 138.8  * [new tag]               4.5.5                -> 4.5.5
#18 138.8 error: pathspec '84faf557' did not match any file(s) known to git
#18 138.8 error: pathspec '84faf557' did not match any file(s) known to git
#18 138.9 error: pathspec '84faf557' did not match any file(s) known to git
#18 139.0 error: pathspec '84faf557' did not match any file(s) known to git
#18 139.1 error: pathspec '84faf557' did not match any file(s) known to git
#18 139.1 error: pathspec '84faf557' did not match any file(s) known to git
#18 139.2 error: pathspec '84faf557' did not match any file(s) known to git
#18 139.2 error: pathspec '84faf557' did not match any file(s) known to git
#18 139.3 error: pathspec '84faf557' did not match any file(s) known to git
#18 139.4 error: pathspec '84faf557' did not match any file(s) known to git
#18 139.4 error: pathspec '84faf557' did not match any file(s) known to git
#18 139.5 error: pathspec '84faf557' did not match any file(s) known to git
#18 139.6 error: pathspec '84faf557' did not match any file(s) known to git
#18 139.7 error: pathspec '84faf557' did not match any file(s) known to git
#18 139.7 error: pathspec '84faf557' did not match any file(s) known to git
#18 139.7 error: pathspec '84faf557' did not match any file(s) known to git
#18 139.8 error: pathspec '84faf557' did not match any file(s) known to git
#18 139.8 error: pathspec '84faf557' did not match any file(s) known to git
#18 139.8 error: pathspec '84faf557' did not match any file(s) known to git
#18 139.9 error: pathspec '84faf557' did not match any file(s) known to git
#18 140.0 error: pathspec '84faf557' did not match any file(s) known to git
#18 140.0 error: pathspec '84faf557' did not match any file(s) known to git
#18 140.3 Checkout unsuccessful.
#18 DONE 140.4s

#19 [stage-1 12/13] RUN echo "#!/bin/bash\nPYTHONPATH=/src python3 -u -c "from fuzzers import utils; utils.initialize_env(); from fuzzers.afl import fuzzer; fuzzer.build()"" > /usr/bin/fuzzer_build &&     chmod +x /usr/bin/fuzzer_build
#19 sha256:b2211465ddd946a614c4408b96d544cec82c3b5a178e3f4b8ada54feb9ab4459
#19 DONE 1.2s

#20 [stage-1 13/13] RUN echo "Run fuzzer_build to build the target" && if [ -z "$debug_builder" ] ; then fuzzer_build; fi
#20 sha256:b6ca7c82b3c3b5709e70bbde6592f588404b234ad90f94d810035296283d85e9
#20 1.315 Run fuzzer_build to build the target
#20 1.652 FUZZ_TARGET = imencode_fuzzer
#20 1.652 CFLAGS = -DFUZZING_BUILD_MODE_UNSAFE_FOR_PRODUCTION -pthread -Wl,--no-as-needed -Wl,-ldl -Wl,-lm -Wno-unused-command-line-argument -O3
#20 1.652 CXXFLAGS = -DFUZZING_BUILD_MODE_UNSAFE_FOR_PRODUCTION -pthread -Wl,--no-as-needed -Wl,-ldl -Wl,-lm -Wno-unused-command-line-argument -stdlib=libc++ -O3
#20 1.670 Building benchmark opencv_imencode_fuzzer with fuzzer afl
#20 1.670 + mkdir opencv/build
#20 1.672 mkdir: cannot create directory ‘opencv/build’: No such file or directory
#20 1.673 Traceback (most recent call last):
#20 1.673   File "<string>", line 1, in <module>
#20 1.674   File "/src/fuzzers/afl/fuzzer.py", line 40, in build
#20 1.674     utils.build_benchmark()
#20 1.674   File "/src/fuzzers/utils.py", line 82, in build_benchmark
#20 1.675     subprocess.check_call(['/bin/bash', '-ex', build_script], env=env)
#20 1.675   File "/usr/local/lib/python3.8/subprocess.py", line 364, in check_call
#20 1.675     raise CalledProcessError(retcode, cmd)
#20 1.675 subprocess.CalledProcessError: Command '['/bin/bash', '-ex', '/src/build.sh']' returned non-zero exit status 1.
#20 ERROR: executor failed running [/bin/sh -c echo "Run fuzzer_build to build the target" && if [ -z "$debug_builder" ] ; then fuzzer_build; fi]: exit code: 1
------
 > importing cache manifest from gcr.io/fuzzbench/builders/afl/opencv_imencode_fuzzer:
------
------
 > [stage-1 13/13] RUN echo "Run fuzzer_build to build the target" && if [ -z "$debug_builder" ] ; then fuzzer_build; fi:
------
executor failed running [/bin/sh -c echo "Run fuzzer_build to build the target" && if [ -z "$debug_builder" ] ; then fuzzer_build; fi]: exit code: 1
make: *** [docker/generated.mk:2854443: .afl-opencv_imencode_fuzzer-builder] Error 1
/bin/sh: 1: source: not found
#1 [internal] load build definition from Dockerfile
#1 sha256:bae43cab718cc90de0ed92f744cf4d2789864c8b7015eb7fda69582a5a877654
#1 transferring dockerfile: 32B done
#1 DONE 0.1s

#2 [internal] load .dockerignore
#2 sha256:a27b9dade5e7ff498ce4686b29e38f72b4bc1b65e7c0286f4fd436075afab6fa
#2 transferring context: 2B done
#2 DONE 0.0s

#3 [internal] load metadata for gcr.io/oss-fuzz-base/base-builder:latest
#3 sha256:f10dc39cc9d418a5bc416dead31a1902b6821fdae909cd3b08f7a3fd1faba7b5
#3 DONE 0.5s

#4 [1/6] FROM gcr.io/oss-fuzz-base/base-builder@sha256:112044a9815d235113677d459cf2ece740a51f2b85081c8f66943dcdc72ddf7f
#4 sha256:4aee4bf9f7280ac8b7f02b8d29e6e084dd034d2c294b4e3e05d8ce7048a1450f
#4 DONE 0.0s

#11 importing cache manifest from gcr.io/fuzzbench/builders/benchmark/opencv_imencode_fuzzer
#11 sha256:8909e5ce8b7a6420d7b581b9011c59a79de5e0c7d8952291e8bf7e63cd5302a6
#11 DONE 0.0s

#8 [internal] load build context
#8 sha256:9ecda977dfa37a5e0711413de1e784705e912361b82dde8c5f21381a3bec4e14
#8 transferring context: 429B done
#8 DONE 0.0s

#5 [2/6] RUN apt-get update && apt-get install -y build-essential cmake pkg-config
#5 sha256:5b4cdd543f7676d762d91b87c637b12e81d197a5de05812a3f0a2dc7aead2436
#5 CACHED

#9 [5/6] COPY build.sh /src/
#9 sha256:115b0d274260a3832599637321212f7df0ad36b6b6e52e5e78b3f4f6eb47c9bd
#9 CACHED

#6 [3/6] RUN git clone --depth 1 https://github.com/opencv/opencv.git opencv
#6 sha256:59a9fb61118231e7c2a207bca2277cafcfad95bb7e22f5ee768b2c0e041e7f83
#6 CACHED

#7 [4/6] WORKDIR opencv/
#7 sha256:fda6c4b7e211bdd8ec1ae001cbb40929be694af912454da7105b1ff5a7d1ef7e
#7 CACHED

#10 [6/6] COPY *.cc *.h /src/
#10 sha256:71cddfae5cf75d49682650baa3595f07cdbf4ef73e90dbc1daed8c88398307f4
#10 CACHED

#12 exporting to image
#12 sha256:e8c613e07b0b7ff33893b694f7759a10d42e180f2b4dc349fb57dc6b71dcab00
#12 exporting layers done
#12 writing image sha256:1becccd814dbf34cc8e63e180aa81b53d32b799e754916d11e8fe1e0019dbfe9 done
#12 naming to gcr.io/fuzzbench/builders/benchmark/opencv_imencode_fuzzer done
#12 DONE 0.1s

#13 exporting cache
#13 sha256:2700d4ef94dee473593c5c614b55b2dedcca7893909811a8f2b48291a1f581e4
#13 preparing build cache for export done
#13 DONE 0.0s
#1 [internal] load build definition from builder.Dockerfile
#1 sha256:a394dc3de0ada22dfd8abe650d0c957c7516800c49d24e833f28b48d0048de20
#1 transferring dockerfile: 46B done
#1 DONE 0.0s

#2 [internal] load .dockerignore
#2 sha256:c3c7f61ff6ef5c0a61e175612d505c7b7b51623b7fb4ee7afc4adfe1628d57c6
#2 transferring context: 2B done
#2 DONE 0.0s

#3 [internal] load metadata for gcr.io/fuzzbench/builders/benchmark/opencv_imencode_fuzzer:latest
#3 sha256:9dc78bea2eb08968a6bee9025ee494d9949aad645d066b5af66b22b6f1dfafa1
#3 DONE 0.0s

#6 [1/3] FROM gcr.io/fuzzbench/builders/benchmark/opencv_imencode_fuzzer
#6 sha256:485870fd83ac5d135484aa1ed9e70ef99a0f61b1457868a1a558dc84d7aa5faf
#6 DONE 0.0s

#7 importing cache manifest from gcr.io/fuzzbench/builders/afl/opencv_imencode_fuzzer-intermediate
#7 sha256:822c9d86dbeff47b14d169912a9c896fe2947703fd4c9ecc380f7aa0d89d5af4
#7 DONE 0.0s

#4 [2/3] RUN git clone https://github.com/google/AFL.git /afl &&     cd /afl &&     git checkout 61037103ae3722c8060ff7082994836a794f978e &&     AFL_NO_X86=1 make
#4 sha256:d8b7f906e2c5a0f5c662411ec4ddb7bd4bb4ac7c36e792b3ae9001a21770aa6b
#4 CACHED

#5 [3/3] RUN apt-get update &&     apt-get install wget -y &&     wget https://raw.githubusercontent.com/llvm/llvm-project/5feb80e748924606531ba28c97fe65145c65372e/compiler-rt/lib/fuzzer/afl/afl_driver.cpp -O /afl/afl_driver.cpp &&     clang -Wno-pointer-sign -c /afl/llvm_mode/afl-llvm-rt.o.c -I/afl &&     clang++ -stdlib=libc++ -std=c++11 -O2 -c /afl/afl_driver.cpp &&     ar r /libAFL.a *.o
#5 sha256:139aafe6332de5c94be28097bdf051fc20d4392b7a7134067d3809a04f04ec6e
#5 CACHED

#8 exporting to image
#8 sha256:e8c613e07b0b7ff33893b694f7759a10d42e180f2b4dc349fb57dc6b71dcab00
#8 exporting layers done
#8 writing image sha256:46f5031b711128eb84cc163599a68526005a66a2f95e2b1d5dab852aa983e026
#8 writing image sha256:46f5031b711128eb84cc163599a68526005a66a2f95e2b1d5dab852aa983e026 done
#8 naming to gcr.io/fuzzbench/builders/afl/opencv_imencode_fuzzer-intermediate done
#8 DONE 0.1s

#9 exporting cache
#9 sha256:2700d4ef94dee473593c5c614b55b2dedcca7893909811a8f2b48291a1f581e4
#9 preparing build cache for export done
#9 DONE 0.0s
#1 [internal] load build definition from Dockerfile
#1 sha256:590baa8450baeec363f7fc3605282fd8a1b69fa47243bc80fc6cd60050ad3420
#1 transferring dockerfile: 2.00kB done
#1 DONE 0.0s

#2 [internal] load .dockerignore
#2 sha256:0f516386bcfe89966ac5df1ed325c6f9026fd4761aab4b934e2a1e23c16cd899
#2 transferring context: 34B done
#2 DONE 0.0s

#3 [internal] load metadata for docker.io/library/ubuntu:xenial
#3 sha256:f62bae18ed588840f045c881b2502661f2a89578a2f8f99b83f5200ee83dd25b
#3 DONE 0.0s

#12 importing cache manifest from gcr.io/fuzzbench/base-image
#12 sha256:9b220ebb4d4daceed1b96df9b6dca076e762f1cd612574f010b82d5b9e5ad896
#12 DONE 0.0s

#4 [1/7] FROM docker.io/library/ubuntu:xenial
#4 sha256:14dd403f25ae9e519bd44f27dc17af7ce80f5a4f9f48ca88108364e67ec5d360
#4 DONE 0.0s

#7 [internal] load build context
#7 sha256:0f002453145fbf864208c034d2e8486e2b719b3105de1f3d3597c620497c58b2
#7 transferring context: 559B 0.0s done
#7 DONE 0.1s

#10 [6/7] RUN apt-get update -y && apt-get install -y     apt-transport-https     lsb-release
#10 sha256:10ee83f1b0722dbd2ca9dd29fd33ea9d1cba6ec4129f9629663fa81f5d6e7929
#10 CACHED

#5 [2/7] RUN apt-get update -y && apt-get install -y     build-essential     rsync     curl     zlib1g-dev     libncurses5-dev     libgdbm-dev     libnss3-dev     libssl-dev     libreadline-dev     libffi-dev     virtualenv     libbz2-dev     liblzma-dev     libsqlite3-dev
#5 sha256:3a1b0960f17eed529eaae93dc8fd3554f2743dd584d8fa569cdbe6bc734371ac
#5 CACHED

#9 [5/7] RUN pip3 install -r /requirements.txt
#9 sha256:c8f245ff5b82fe60bbef267c6d1f042fc6174f519884ac5ddbf465bb8e0ec897
#9 CACHED

#8 [4/7] COPY ./requirements.txt /
#8 sha256:fb3543c4c96fcb2d6e19b2afcda1adb62ab38fa1b8d17904e8f221300731488f
#8 CACHED

#6 [3/7] RUN cd /tmp/ &&     curl -O https://www.python.org/ftp/python/3.8.6/Python-3.8.6.tar.xz &&     tar -xvf Python-3.8.6.tar.xz &&     cd Python-3.8.6 &&     ./configure --enable-loadable-sqlite-extensions --enable-optimizations &&     make -j install &&     rm -r /tmp/Python-3.8.6.tar.xz /tmp/Python-3.8.6
#6 sha256:c5b9d1fb3371e84dbc60b76e7b2f8d5913bc93bcd4910ab65daa03e7b2ec4bb0
#6 CACHED

#11 [7/7] RUN CLOUD_SDK_REPO="cloud-sdk-$(lsb_release -c -s)" &&     echo "deb https://packages.cloud.google.com/apt $CLOUD_SDK_REPO main"     | tee -a /etc/apt/sources.list.d/google-cloud-sdk.list &&     curl https://packages.cloud.google.com/apt/doc/apt-key.gpg     | apt-key add - &&     apt-get update -y &&     apt-get install -y google-cloud-sdk
#11 sha256:62e4a56434d542bf0e08c96ee8a57a1e1863b93fa92b7424d66d57e5881efa5b
#11 CACHED

#13 exporting to image
#13 sha256:e8c613e07b0b7ff33893b694f7759a10d42e180f2b4dc349fb57dc6b71dcab00
#13 exporting layers done
#13 writing image sha256:55e5825902805b10e1ba0cd27e4af0d82c25f9e225d6218342d4b6474bd3ddae done
#13 naming to gcr.io/fuzzbench/base-image done
#13 DONE 0.0s

#14 exporting cache
#14 sha256:2700d4ef94dee473593c5c614b55b2dedcca7893909811a8f2b48291a1f581e4
#14 preparing build cache for export done
#14 DONE 0.0s
#1 [internal] load build definition from Dockerfile
#1 sha256:d9019a674bc36286e57bdb9d88f8303d52fe56a4c32c87cce257625972edacf7
#1 transferring dockerfile: 2.22kB done
#1 DONE 0.0s

#2 [internal] load .dockerignore
#2 sha256:1627a7a0a01818f488d7863014fa40402d5792f6e16deaa11227537f4f51352e
#2 transferring context: 34B done
#2 DONE 0.1s

#3 [internal] load metadata for gcr.io/fuzzbench/base-image:latest
#3 sha256:932022888f650cc455b10eb5123bb08c0cccacac29a693e69314abbfd28a72c3
#3 DONE 0.0s

#7 [base-image 1/1] FROM gcr.io/fuzzbench/base-image
#7 sha256:4d07825694520f8b6f6a0d8592dbd345433361ae044cb7f06706c5a95e3daaad
#7 DONE 1.0s

#6 [stage-1  1/13] FROM gcr.io/fuzzbench/builders/afl/opencv_imencode_fuzzer-intermediate
#6 sha256:2381069809cdb57264e3a7391a92a4626db3804caf56c15b302670fd4647bc01
#6 DONE 0.0s

#4 [internal] load metadata for gcr.io/fuzzbench/builders/afl/opencv_imencode_fuzzer-intermediate:latest
#4 sha256:5fbdc8709e1cec3b80a2fa01cbddab56a0738d67e1a577b67f8967eb175c02e4
#4 DONE 0.0s

#12 [internal] load build context
#12 sha256:34378bb4777119238b8638b3d95ce552db83861d01863f62c5d3aa4ee7fa4954
#12 DONE 0.0s

#5 importing cache manifest from gcr.io/fuzzbench/builders/afl/opencv_imencode_fuzzer
#5 sha256:3f165a30e8821a3d5bdf146bc2a9d292dd174973b1fafadbd7282920b41f745d
#5 ERROR: gcr.io/fuzzbench/builders/afl/opencv_imencode_fuzzer:latest: not found

#12 [internal] load build context
#12 sha256:34378bb4777119238b8638b3d95ce552db83861d01863f62c5d3aa4ee7fa4954
#12 transferring context: 669.89kB 0.2s done
#12 DONE 0.2s

#8 [stage-1  2/13] COPY --from=base-image /usr/local/bin/python3* /usr/local/bin/
#8 sha256:e938ba20cfe1e1d501fbc23aac6c43c6468de069d6dd68b757b93aaa78d67960
#8 CACHED

#9 [stage-1  3/13] COPY --from=base-image /usr/local/lib/python3.8 /usr/local/lib/python3.8
#9 sha256:9564e97b767db8190ef6f8b9327f1da9aacefb8b8d0266445ffd3fa33a682a26
#9 CACHED

#10 [stage-1  4/13] COPY --from=base-image /usr/local/include/python3.8 /usr/local/include/python3.8
#10 sha256:cd528ecf18fac8e9fe58e3ec4729801f6e96bf32c21de68988a74310138bfd72
#10 CACHED

#11 [stage-1  5/13] COPY --from=base-image /usr/local/lib/python3.8/site-packages /usr/local/lib/python3.8/site-packages
#11 sha256:175d88e01b58cf2503cca02d05548e08f600337be840e9076acea665e9c36971
#11 CACHED

#13 [stage-1  6/13] COPY fuzzers /src/fuzzers
#13 sha256:031264dbc611a069ca9242a675d5fd84b13ebfd6e327d9e361c2b9579a3f9c39
#13 CACHED

#14 [stage-1  7/13] RUN touch /src/__init__.py
#14 sha256:5d18f9a142b956284c9e06988f458614c17ecbae4ac48e23193b6189ad65c56f
#14 DONE 1.1s

#15 [stage-1  8/13] COPY benchmarks/opencv_imencode_fuzzer/benchmark.yaml /
#15 sha256:e5f7d0e6860b6f37e6eb9d398829ce66ffda44799a22f48b364e4e05ea42b6fb
#15 DONE 0.1s

#16 [stage-1  9/13] RUN mkdir /opt/fuzzbench/
#16 sha256:024dd1370f3e4c4fceefeb0c149630f6f30759fe0488311b7a565a1b5e4df7e7
#16 DONE 1.3s

#17 [stage-1 10/13] COPY docker/benchmark-builder/checkout_commit.py /opt/fuzzbench/
#17 sha256:f4fa17cba698347f848feeac8974ebe3aa52d2db3c23c1978f89539f61b2a0db
#17 DONE 0.3s

#18 [stage-1 11/13] RUN export CHECKOUT_COMMIT=$(cat /benchmark.yaml | tr -d ' ' | grep 'commit:' | cut -d ':' -f2) &&     python3 -u /opt/fuzzbench/checkout_commit.py $CHECKOUT_COMMIT /src
#18 sha256:dfcd697508ce8f2a224872a830cd058debb45af208d63c1bbc55ffbf0b0d6af7
#18 1.340 Checking out commit 84faf557
#18 140.8 From https://github.com/opencv/opencv
#18 140.8  * [new tag]               2.2                  -> 2.2
#18 140.8  * [new tag]               2.4.0                -> 2.4.0
#18 140.8  * [new tag]               2.4.1                -> 2.4.1
#18 140.8  * [new tag]               2.4.10               -> 2.4.10
#18 140.8  * [new tag]               2.4.10.1             -> 2.4.10.1
#18 140.8  * [new tag]               2.4.10.2             -> 2.4.10.2
#18 140.8  * [new tag]               2.4.10.3             -> 2.4.10.3
#18 140.8  * [new tag]               2.4.10.4             -> 2.4.10.4
#18 140.8  * [new tag]               2.4.11               -> 2.4.11
#18 140.8  * [new tag]               2.4.12               -> 2.4.12
#18 140.8  * [new tag]               2.4.12.1             -> 2.4.12.1
#18 140.8  * [new tag]               2.4.12.2             -> 2.4.12.2
#18 140.8  * [new tag]               2.4.12.3             -> 2.4.12.3
#18 140.8  * [new tag]               2.4.13               -> 2.4.13
#18 140.8  * [new tag]               2.4.13.1             -> 2.4.13.1
#18 140.8  * [new tag]               2.4.2                -> 2.4.2
#18 140.8  * [new tag]               2.4.3                -> 2.4.3
#18 140.8  * [new tag]               2.4.3-rc             -> 2.4.3-rc
#18 140.8  * [new tag]               2.4.3.1              -> 2.4.3.1
#18 140.8  * [new tag]               2.4.3.2              -> 2.4.3.2
#18 140.8  * [new tag]               2.4.4                -> 2.4.4
#18 140.8  * [new tag]               2.4.4-beta           -> 2.4.4-beta
#18 140.8  * [new tag]               2.4.5                -> 2.4.5
#18 140.8  * [new tag]               2.4.6                -> 2.4.6
#18 140.8  * [new tag]               2.4.6.1              -> 2.4.6.1
#18 140.8  * [new tag]               2.4.6.2              -> 2.4.6.2
#18 140.8  * [new tag]               2.4.6.2-rc1          -> 2.4.6.2-rc1
#18 140.8  * [new tag]               2.4.7                -> 2.4.7
#18 140.8  * [new tag]               2.4.7-rc1            -> 2.4.7-rc1
#18 140.8  * [new tag]               2.4.7.1              -> 2.4.7.1
#18 140.8  * [new tag]               2.4.7.2              -> 2.4.7.2
#18 140.8  * [new tag]               2.4.8                -> 2.4.8
#18 140.8  * [new tag]               2.4.8.1              -> 2.4.8.1
#18 140.8  * [new tag]               2.4.8.2              -> 2.4.8.2
#18 140.8  * [new tag]               2.4.8.3              -> 2.4.8.3
#18 140.8  * [new tag]               2.4.9                -> 2.4.9
#18 140.8  * [new tag]               2.4.9.1              -> 2.4.9.1
#18 140.8  * [new tag]               3.0-ocl-tech-preview -> 3.0-ocl-tech-preview
#18 140.8  * [new tag]               3.0-ocl-tp2          -> 3.0-ocl-tp2
#18 140.8  * [new tag]               3.0.0                -> 3.0.0
#18 140.8  * [new tag]               3.0.0-alpha          -> 3.0.0-alpha
#18 140.8  * [new tag]               3.0.0-beta           -> 3.0.0-beta
#18 140.8  * [new tag]               3.0.0-rc1            -> 3.0.0-rc1
#18 140.8  * [new tag]               3.1.0                -> 3.1.0
#18 140.8  * [new tag]               3.2.0                -> 3.2.0
#18 140.8  * [new tag]               3.2.0-rc             -> 3.2.0-rc
#18 140.8  * [new tag]               3.3.0                -> 3.3.0
#18 140.8  * [new tag]               3.3.0-cvsdk          -> 3.3.0-cvsdk
#18 140.8  * [new tag]               3.3.0-rc             -> 3.3.0-rc
#18 140.8  * [new tag]               3.3.1                -> 3.3.1
#18 140.8  * [new tag]               3.3.1-cvsdk          -> 3.3.1-cvsdk
#18 140.8  * [new tag]               3.4.0                -> 3.4.0
#18 140.8  * [new tag]               3.4.0-rc             -> 3.4.0-rc
#18 140.8  * [new tag]               3.4.1                -> 3.4.1
#18 140.8  * [new tag]               3.4.1-cvsdk          -> 3.4.1-cvsdk
#18 140.8  * [new tag]               3.4.10               -> 3.4.10
#18 140.8  * [new tag]               3.4.11               -> 3.4.11
#18 140.8  * [new tag]               3.4.12               -> 3.4.12
#18 140.8  * [new tag]               3.4.13               -> 3.4.13
#18 140.8  * [new tag]               3.4.14               -> 3.4.14
#18 140.8  * [new tag]               3.4.15               -> 3.4.15
#18 140.8  * [new tag]               3.4.16               -> 3.4.16
#18 140.8  * [new tag]               3.4.17               -> 3.4.17
#18 140.8  * [new tag]               3.4.2                -> 3.4.2
#18 140.8  * [new tag]               3.4.2-openvino       -> 3.4.2-openvino
#18 140.8  * [new tag]               3.4.3                -> 3.4.3
#18 140.8  * [new tag]               3.4.3-openvino       -> 3.4.3-openvino
#18 140.8  * [new tag]               3.4.4                -> 3.4.4
#18 140.8  * [new tag]               3.4.5                -> 3.4.5
#18 140.8  * [new tag]               3.4.6                -> 3.4.6
#18 140.8  * [new tag]               3.4.7                -> 3.4.7
#18 140.8  * [new tag]               3.4.8                -> 3.4.8
#18 140.8  * [new tag]               3.4.9                -> 3.4.9
#18 140.8  * [new tag]               4.0.0                -> 4.0.0
#18 140.8  * [new tag]               4.0.0-alpha          -> 4.0.0-alpha
#18 140.8  * [new tag]               4.0.0-beta           -> 4.0.0-beta
#18 140.8  * [new tag]               4.0.0-openvino       -> 4.0.0-openvino
#18 140.8  * [new tag]               4.0.0-rc             -> 4.0.0-rc
#18 140.8  * [new tag]               4.0.1                -> 4.0.1
#18 140.8  * [new tag]               4.0.1-openvino       -> 4.0.1-openvino
#18 140.8  * [new tag]               4.1.0                -> 4.1.0
#18 140.8  * [new tag]               4.1.0-openvino       -> 4.1.0-openvino
#18 140.8  * [new tag]               4.1.1                -> 4.1.1
#18 140.8  * [new tag]               4.1.1-openvino       -> 4.1.1-openvino
#18 140.8  * [new tag]               4.1.2                -> 4.1.2
#18 140.8  * [new tag]               4.1.2-openvino       -> 4.1.2-openvino
#18 140.8  * [new tag]               4.2.0                -> 4.2.0
#18 140.8  * [new tag]               4.3.0                -> 4.3.0
#18 140.8  * [new tag]               4.4.0                -> 4.4.0
#18 140.8  * [new tag]               4.5.0                -> 4.5.0
#18 140.8  * [new tag]               4.5.1                -> 4.5.1
#18 140.8  * [new tag]               4.5.2                -> 4.5.2
#18 140.8  * [new tag]               4.5.3                -> 4.5.3
#18 140.8  * [new tag]               4.5.4                -> 4.5.4
#18 140.8  * [new tag]               4.5.5                -> 4.5.5
#18 140.9 error: pathspec '84faf557' did not match any file(s) known to git
#18 140.9 error: pathspec '84faf557' did not match any file(s) known to git
#18 140.9 error: pathspec '84faf557' did not match any file(s) known to git
#18 141.0 error: pathspec '84faf557' did not match any file(s) known to git
#18 141.1 error: pathspec '84faf557' did not match any file(s) known to git
#18 141.1 error: pathspec '84faf557' did not match any file(s) known to git
#18 141.1 error: pathspec '84faf557' did not match any file(s) known to git
#18 141.2 error: pathspec '84faf557' did not match any file(s) known to git
#18 141.2 error: pathspec '84faf557' did not match any file(s) known to git
#18 141.3 error: pathspec '84faf557' did not match any file(s) known to git
#18 141.4 error: pathspec '84faf557' did not match any file(s) known to git
#18 141.4 error: pathspec '84faf557' did not match any file(s) known to git
#18 141.5 error: pathspec '84faf557' did not match any file(s) known to git
#18 141.6 error: pathspec '84faf557' did not match any file(s) known to git
#18 141.6 error: pathspec '84faf557' did not match any file(s) known to git
#18 141.7 error: pathspec '84faf557' did not match any file(s) known to git
#18 141.7 error: pathspec '84faf557' did not match any file(s) known to git
#18 141.8 error: pathspec '84faf557' did not match any file(s) known to git
#18 141.8 error: pathspec '84faf557' did not match any file(s) known to git
#18 141.9 error: pathspec '84faf557' did not match any file(s) known to git
#18 141.9 error: pathspec '84faf557' did not match any file(s) known to git
#18 141.9 error: pathspec '84faf557' did not match any file(s) known to git
#18 142.2 Checkout unsuccessful.
#18 DONE 142.4s

#19 [stage-1 12/13] RUN echo "#!/bin/bash\nPYTHONPATH=/src python3 -u -c "from fuzzers import utils; utils.initialize_env(); from fuzzers.afl import fuzzer; fuzzer.build()"" > /usr/bin/fuzzer_build &&     chmod +x /usr/bin/fuzzer_build
#19 sha256:ca712c1184dd958838e5ca3f10c6cb072a516e7fe422b5bd8276d7a0d3d0b7ee
#19 DONE 1.4s

#20 [stage-1 13/13] RUN echo "Run fuzzer_build to build the target" && if [ -z "$debug_builder" ] ; then fuzzer_build; fi
#20 sha256:9b44dca986ed6e9b877ee0d333c08c2eec0f88e15711cee9afe8ec420797da56
#20 1.130 Run fuzzer_build to build the target
#20 1.497 FUZZ_TARGET = imencode_fuzzer
#20 1.498 CFLAGS = -DFUZZING_BUILD_MODE_UNSAFE_FOR_PRODUCTION -pthread -Wl,--no-as-needed -Wl,-ldl -Wl,-lm -Wno-unused-command-line-argument -O3
#20 1.498 CXXFLAGS = -DFUZZING_BUILD_MODE_UNSAFE_FOR_PRODUCTION -pthread -Wl,--no-as-needed -Wl,-ldl -Wl,-lm -Wno-unused-command-line-argument -stdlib=libc++ -O3
#20 1.513 Building benchmark opencv_imencode_fuzzer with fuzzer afl
#20 1.518 + mkdir opencv/build
#20 1.525 mkdir: cannot create directory ‘opencv/build’: No such file or directory
#20 1.536 Traceback (most recent call last):
#20 1.544   File "<string>", line 1, in <module>
#20 1.545   File "/src/fuzzers/afl/fuzzer.py", line 40, in build
#20 1.560     utils.build_benchmark()
#20 1.562   File "/src/fuzzers/utils.py", line 82, in build_benchmark
#20 1.570     subprocess.check_call(['/bin/bash', '-ex', build_script], env=env)
#20 1.570   File "/usr/local/lib/python3.8/subprocess.py", line 364, in check_call
#20 1.572     raise CalledProcessError(retcode, cmd)
#20 1.572 subprocess.CalledProcessError: Command '['/bin/bash', '-ex', '/src/build.sh']' returned non-zero exit status 1.
#20 ERROR: executor failed running [/bin/sh -c echo "Run fuzzer_build to build the target" && if [ -z "$debug_builder" ] ; then fuzzer_build; fi]: exit code: 1
------
 > importing cache manifest from gcr.io/fuzzbench/builders/afl/opencv_imencode_fuzzer:
------
------
 > [stage-1 13/13] RUN echo "Run fuzzer_build to build the target" && if [ -z "$debug_builder" ] ; then fuzzer_build; fi:
------
executor failed running [/bin/sh -c echo "Run fuzzer_build to build the target" && if [ -z "$debug_builder" ] ; then fuzzer_build; fi]: exit code: 1
make: *** [docker/generated.mk:2854443: .afl-opencv_imencode_fuzzer-builder] Error 1
