WARNING:root:gcloud not found in PATH.
INFO:root:Successfully integrated benchmark: imagemagick_imagemagick.
INFO:root:Please run "make test-run-afl-imagemagick_imagemagick" to test integration.
#1 [internal] load build definition from Dockerfile
#1 sha256:dece40d27e55b7a95cfff505710dcf7ee307ba045fec5fb403e0296cff7a34e4
#1 transferring dockerfile:
#1 transferring dockerfile: 1.90kB done
#1 ...

#2 [internal] load .dockerignore
#2 sha256:7734ac9aa9de6581cab8cba46551bcdf084219b96f07acc4c5296ab7f4edcfe7
#2 transferring context: 2B done
#2 DONE 0.7s

#1 [internal] load build definition from Dockerfile
#1 sha256:dece40d27e55b7a95cfff505710dcf7ee307ba045fec5fb403e0296cff7a34e4
#1 DONE 1.0s

#3 [internal] load metadata for gcr.io/oss-fuzz-base/base-builder:latest
#3 sha256:f10dc39cc9d418a5bc416dead31a1902b6821fdae909cd3b08f7a3fd1faba7b5
#3 DONE 0.8s

#25 [internal] load build context
#25 sha256:26db97d70dba048dcdb4684091b0c3f402e2ed5f4017842e261d803d35796557
#25 DONE 0.0s

#22 http://lcamtuf.coredump.cx/afl/demo/afl_testcases.tgz
#22 sha256:c2b3d7b065c1cefc26267202ac1286747c6378df92f200e1766fa0a6721ce75b
#22 ...

#4 importing cache manifest from gcr.io/fuzzbench/builders/benchmark/imagemagick_imagemagick
#4 sha256:f38c8216b3b99fda6b82458d88c33487ccb9b95fd73fcf8d8cfa6742663edd0f
#4 ERROR: gcr.io/fuzzbench/builders/benchmark/imagemagick_imagemagick:latest: not found

#5 [ 1/19] FROM gcr.io/oss-fuzz-base/base-builder@sha256:41d7bbe7827592680a606c9bba1aeb6e23c7502ce8b633923b06542f4c706e7c
#5 sha256:660db69324ed478291dd329cbbfe422dccbc173f9ab806c069fac341073eab8c
#5 DONE 0.0s

#25 [internal] load build context
#25 sha256:26db97d70dba048dcdb4684091b0c3f402e2ed5f4017842e261d803d35796557
#25 ...

#5 [ 1/19] FROM gcr.io/oss-fuzz-base/base-builder@sha256:41d7bbe7827592680a606c9bba1aeb6e23c7502ce8b633923b06542f4c706e7c
#5 sha256:660db69324ed478291dd329cbbfe422dccbc173f9ab806c069fac341073eab8c
#5 CACHED

#25 [internal] load build context
#25 sha256:26db97d70dba048dcdb4684091b0c3f402e2ed5f4017842e261d803d35796557
#25 transferring context: 739B done
#25 DONE 0.6s

#20 http://www.bzip.org/1.0.6/bzip2-1.0.6.tar.gz
#20 sha256:aa8a1f66594c939b0aabffb1fd3ba1b5af731e7316a5d28a5fb1bedbffd85dfd
#20 DONE 1.0s

#6 [ 2/19] RUN apt-get update && apt-get install -y make autoconf automake libtool pkg-config cmake nasm autopoint
#6 sha256:dc13c099a7f19be50fbecd974850e6add8b6ca1f1ca70e2f0911b4bbce39bf1c
#6 ...

#20 http://www.bzip.org/1.0.6/bzip2-1.0.6.tar.gz
#20 sha256:aa8a1f66594c939b0aabffb1fd3ba1b5af731e7316a5d28a5fb1bedbffd85dfd
#20 DONE 0.0s

#22 http://lcamtuf.coredump.cx/afl/demo/afl_testcases.tgz
#22 sha256:c2b3d7b065c1cefc26267202ac1286747c6378df92f200e1766fa0a6721ce75b
#22 DONE 1.6s

#6 [ 2/19] RUN apt-get update && apt-get install -y make autoconf automake libtool pkg-config cmake nasm autopoint
#6 sha256:dc13c099a7f19be50fbecd974850e6add8b6ca1f1ca70e2f0911b4bbce39bf1c
#6 ...

#22 http://lcamtuf.coredump.cx/afl/demo/afl_testcases.tgz
#22 sha256:c2b3d7b065c1cefc26267202ac1286747c6378df92f200e1766fa0a6721ce75b
#22 CACHED

#6 [ 2/19] RUN apt-get update && apt-get install -y make autoconf automake libtool pkg-config cmake nasm autopoint
#6 sha256:dc13c099a7f19be50fbecd974850e6add8b6ca1f1ca70e2f0911b4bbce39bf1c
#6 0.668 Hit:1 http://archive.ubuntu.com/ubuntu focal InRelease
#6 0.668 Get:2 http://archive.ubuntu.com/ubuntu focal-updates InRelease [114 kB]
#6 0.668 Get:3 http://security.ubuntu.com/ubuntu focal-security InRelease [114 kB]
#6 0.668 Hit:4 http://ppa.launchpad.net/git-core/ppa/ubuntu focal InRelease
#6 0.750 Get:5 http://archive.ubuntu.com/ubuntu focal-backports InRelease [108 kB]
#6 1.206 Get:6 http://archive.ubuntu.com/ubuntu focal-updates/restricted amd64 Packages [1042 kB]
#6 1.327 Get:7 http://archive.ubuntu.com/ubuntu focal-updates/main i386 Packages [755 kB]
#6 1.384 Get:8 http://archive.ubuntu.com/ubuntu focal-updates/main amd64 Packages [1984 kB]
#6 1.416 Get:9 http://security.ubuntu.com/ubuntu focal-security/universe i386 Packages [657 kB]
#6 1.553 Get:10 http://archive.ubuntu.com/ubuntu focal-updates/universe i386 Packages [828 kB]
#6 1.629 Get:11 http://archive.ubuntu.com/ubuntu focal-updates/universe amd64 Packages [1135 kB]
#6 1.780 Get:12 http://security.ubuntu.com/ubuntu focal-security/main i386 Packages [467 kB]
#6 1.909 Get:13 http://security.ubuntu.com/ubuntu focal-security/restricted amd64 Packages [974 kB]
#6 2.107 Get:14 http://security.ubuntu.com/ubuntu focal-security/main amd64 Packages [1557 kB]
#6 2.330 Get:15 http://security.ubuntu.com/ubuntu focal-security/universe amd64 Packages [841 kB]
#6 2.604 Fetched 10.6 MB in 2s (5365 kB/s)
#6 2.604 Reading package lists...
#6 4.200 Reading package lists...
#6 5.651 Building dependency tree...
#6 5.870 Reading state information...
#6 6.081 make is already the newest version (4.2.1-1.2).
#6 6.081 make set to manually installed.
#6 6.081 The following additional packages will be installed:
#6 6.082   autotools-dev cmake-data libarchive13 libjsoncpp1 libltdl-dev libltdl7
#6 6.083   librhash0 libsigsegv2 libuv1 m4
#6 6.085 Suggested packages:
#6 6.085   autoconf-archive gnu-standards autoconf-doc gettext cmake-doc ninja-build
#6 6.085   lrzip libtool-doc gfortran | fortran95-compiler gcj-jdk m4-doc
#6 6.161 The following NEW packages will be installed:
#6 6.162   autoconf automake autopoint autotools-dev cmake cmake-data libarchive13
#6 6.162   libjsoncpp1 libltdl-dev libltdl7 librhash0 libsigsegv2 libtool libuv1 m4
#6 6.163   nasm pkg-config
#6 6.239 0 upgraded, 17 newly installed, 0 to remove and 1 not upgraded.
#6 6.239 Need to get 8154 kB of archives.
#6 6.239 After this operation, 40.1 MB of additional disk space will be used.
#6 6.239 Get:1 http://archive.ubuntu.com/ubuntu focal-updates/main amd64 libuv1 amd64 1.34.2-1ubuntu1.3 [80.8 kB]
#6 6.320 Get:2 http://archive.ubuntu.com/ubuntu focal/main amd64 libsigsegv2 amd64 2.12-2 [13.9 kB]
#6 6.324 Get:3 http://archive.ubuntu.com/ubuntu focal/main amd64 m4 amd64 1.4.18-4 [199 kB]
#6 6.363 Get:4 http://archive.ubuntu.com/ubuntu focal/main amd64 autoconf all 2.69-11.1 [321 kB]
#6 6.393 Get:5 http://archive.ubuntu.com/ubuntu focal/main amd64 autotools-dev all 20180224.1 [39.6 kB]
#6 6.396 Get:6 http://archive.ubuntu.com/ubuntu focal/main amd64 automake all 1:1.16.1-4ubuntu6 [522 kB]
#6 6.435 Get:7 http://archive.ubuntu.com/ubuntu focal/main amd64 autopoint all 0.19.8.1-10build1 [412 kB]
#6 6.465 Get:8 http://archive.ubuntu.com/ubuntu focal/main amd64 cmake-data all 3.16.3-1ubuntu1 [1612 kB]
#6 6.585 Get:9 http://archive.ubuntu.com/ubuntu focal-updates/main amd64 libarchive13 amd64 3.4.0-2ubuntu1.1 [327 kB]
#6 6.609 Get:10 http://archive.ubuntu.com/ubuntu focal/main amd64 libjsoncpp1 amd64 1.7.4-3.1ubuntu2 [75.6 kB]
#6 6.615 Get:11 http://archive.ubuntu.com/ubuntu focal/main amd64 librhash0 amd64 1.3.9-1 [113 kB]
#6 6.623 Get:12 http://archive.ubuntu.com/ubuntu focal/main amd64 cmake amd64 3.16.3-1ubuntu1 [3669 kB]
#6 6.897 Get:13 http://archive.ubuntu.com/ubuntu focal/main amd64 libltdl7 amd64 2.4.6-14 [38.5 kB]
#6 6.900 Get:14 http://archive.ubuntu.com/ubuntu focal/main amd64 libltdl-dev amd64 2.4.6-14 [162 kB]
#6 6.912 Get:15 http://archive.ubuntu.com/ubuntu focal/main amd64 libtool all 2.4.6-14 [161 kB]
#6 6.923 Get:16 http://archive.ubuntu.com/ubuntu focal/universe amd64 nasm amd64 2.14.02-1 [362 kB]
#6 6.951 Get:17 http://archive.ubuntu.com/ubuntu focal/main amd64 pkg-config amd64 0.29.1-0ubuntu4 [45.5 kB]
#6 7.273 debconf: delaying package configuration, since apt-utils is not installed
#6 7.363 Fetched 8154 kB in 1s (10.5 MB/s)
#6 7.484 Selecting previously unselected package libuv1:amd64.
#6 7.484 (Reading database ... (Reading database ... 5%(Reading database ... 10%(Reading database ... 15%(Reading database ... 20%(Reading database ... 25%(Reading database ... 30%(Reading database ... 35%(Reading database ... 40%(Reading database ... 45%(Reading database ... 50%(Reading database ... 55%(Reading database ... 60%(Reading database ... 65%(Reading database ... 70%(Reading database ... 75%(Reading database ... 80%(Reading database ... 85%(Reading database ... 90%(Reading database ... 95%(Reading database ... 100%(Reading database ... 21291 files and directories currently installed.)
#6 7.647 Preparing to unpack .../00-libuv1_1.34.2-1ubuntu1.3_amd64.deb ...
#6 7.693 Unpacking libuv1:amd64 (1.34.2-1ubuntu1.3) ...
#6 7.856 Selecting previously unselected package libsigsegv2:amd64.
#6 7.859 Preparing to unpack .../01-libsigsegv2_2.12-2_amd64.deb ...
#6 7.881 Unpacking libsigsegv2:amd64 (2.12-2) ...
#6 7.979 Selecting previously unselected package m4.
#6 7.982 Preparing to unpack .../02-m4_1.4.18-4_amd64.deb ...
#6 8.002 Unpacking m4 (1.4.18-4) ...
#6 8.130 Selecting previously unselected package autoconf.
#6 8.133 Preparing to unpack .../03-autoconf_2.69-11.1_all.deb ...
#6 8.146 Unpacking autoconf (2.69-11.1) ...
#6 8.304 Selecting previously unselected package autotools-dev.
#6 8.307 Preparing to unpack .../04-autotools-dev_20180224.1_all.deb ...
#6 8.327 Unpacking autotools-dev (20180224.1) ...
#6 8.475 Selecting previously unselected package automake.
#6 8.478 Preparing to unpack .../05-automake_1%3a1.16.1-4ubuntu6_all.deb ...
#6 8.490 Unpacking automake (1:1.16.1-4ubuntu6) ...
#6 8.630 Selecting previously unselected package autopoint.
#6 8.633 Preparing to unpack .../06-autopoint_0.19.8.1-10build1_all.deb ...
#6 8.655 Unpacking autopoint (0.19.8.1-10build1) ...
#6 8.801 Selecting previously unselected package cmake-data.
#6 8.804 Preparing to unpack .../07-cmake-data_3.16.3-1ubuntu1_all.deb ...
#6 8.825 Unpacking cmake-data (3.16.3-1ubuntu1) ...
#6 9.504 Selecting previously unselected package libarchive13:amd64.
#6 9.509 Preparing to unpack .../08-libarchive13_3.4.0-2ubuntu1.1_amd64.deb ...
#6 9.522 Unpacking libarchive13:amd64 (3.4.0-2ubuntu1.1) ...
#6 9.668 Selecting previously unselected package libjsoncpp1:amd64.
#6 9.672 Preparing to unpack .../09-libjsoncpp1_1.7.4-3.1ubuntu2_amd64.deb ...
#6 9.691 Unpacking libjsoncpp1:amd64 (1.7.4-3.1ubuntu2) ...
#6 9.839 Selecting previously unselected package librhash0:amd64.
#6 9.843 Preparing to unpack .../10-librhash0_1.3.9-1_amd64.deb ...
#6 9.852 Unpacking librhash0:amd64 (1.3.9-1) ...
#6 9.908 Selecting previously unselected package cmake.
#6 9.912 Preparing to unpack .../11-cmake_3.16.3-1ubuntu1_amd64.deb ...
#6 9.916 Unpacking cmake (3.16.3-1ubuntu1) ...
#6 10.51 Selecting previously unselected package libltdl7:amd64.
#6 10.51 Preparing to unpack .../12-libltdl7_2.4.6-14_amd64.deb ...
#6 10.52 Unpacking libltdl7:amd64 (2.4.6-14) ...
#6 10.56 Selecting previously unselected package libltdl-dev:amd64.
#6 10.57 Preparing to unpack .../13-libltdl-dev_2.4.6-14_amd64.deb ...
#6 10.57 Unpacking libltdl-dev:amd64 (2.4.6-14) ...
#6 10.64 Selecting previously unselected package libtool.
#6 10.65 Preparing to unpack .../14-libtool_2.4.6-14_all.deb ...
#6 10.65 Unpacking libtool (2.4.6-14) ...
#6 10.72 Selecting previously unselected package nasm.
#6 10.72 Preparing to unpack .../15-nasm_2.14.02-1_amd64.deb ...
#6 10.72 Unpacking nasm (2.14.02-1) ...
#6 10.83 Selecting previously unselected package pkg-config.
#6 10.83 Preparing to unpack .../16-pkg-config_0.29.1-0ubuntu4_amd64.deb ...
#6 10.84 Unpacking pkg-config (0.29.1-0ubuntu4) ...
#6 10.91 Setting up libarchive13:amd64 (3.4.0-2ubuntu1.1) ...
#6 10.93 Setting up autotools-dev (20180224.1) ...
#6 10.95 Setting up libuv1:amd64 (1.34.2-1ubuntu1.3) ...
#6 10.97 Setting up libsigsegv2:amd64 (2.12-2) ...
#6 10.98 Setting up autopoint (0.19.8.1-10build1) ...
#6 11.00 Setting up pkg-config (0.29.1-0ubuntu4) ...
#6 11.09 Setting up nasm (2.14.02-1) ...
#6 11.10 Setting up libltdl7:amd64 (2.4.6-14) ...
#6 11.12 Setting up librhash0:amd64 (1.3.9-1) ...
#6 11.13 Setting up cmake-data (3.16.3-1ubuntu1) ...
#6 11.16 Setting up libjsoncpp1:amd64 (1.7.4-3.1ubuntu2) ...
#6 11.17 Setting up libtool (2.4.6-14) ...
#6 11.19 Setting up m4 (1.4.18-4) ...
#6 11.20 Setting up autoconf (2.69-11.1) ...
#6 11.22 Setting up cmake (3.16.3-1ubuntu1) ...
#6 11.24 Setting up automake (1:1.16.1-4ubuntu6) ...
#6 11.25 update-alternatives: using /usr/bin/automake-1.16 to provide /usr/bin/automake (automake) in auto mode
#6 11.25 update-alternatives: warning: skip creation of /usr/share/man/man1/automake.1.gz because associated file /usr/share/man/man1/automake-1.16.1.gz (of link group automake) doesn't exist
#6 11.25 update-alternatives: warning: skip creation of /usr/share/man/man1/aclocal.1.gz because associated file /usr/share/man/man1/aclocal-1.16.1.gz (of link group automake) doesn't exist
#6 11.26 Setting up libltdl-dev:amd64 (2.4.6-14) ...
#6 11.28 Processing triggers for libc-bin (2.31-0ubuntu9.2) ...
#6 DONE 11.5s

#7 [ 3/19] RUN git clone --depth 1 https://github.com/imagemagick/imagemagick
#7 sha256:519c116bd9983c982a5f471d1fcfd2b3c13e4dc9b3287a9e8f45a34384bfde73
#7 0.473 Cloning into 'imagemagick'...
#7 DONE 5.5s

#8 [ 4/19] RUN git clone --depth 1 https://gitlab.com/libtiff/libtiff
#8 sha256:6a48b3f8728a88cb936f47ce0ac0fd00d08a70753f870496d8c4050c03bc0ef9
#8 0.507 Cloning into 'libtiff'...
#8 1.041 warning: redirecting to https://gitlab.com/libtiff/libtiff.git/
#8 DONE 2.4s

#9 [ 5/19] RUN git clone --depth 1 https://github.com/strukturag/libde265
#9 sha256:551728c75157bbcf6b4b3e916a888c0c299b2548dd73fb3ad17107e21f003404
#9 0.461 Cloning into 'libde265'...
#9 DONE 1.4s

#10 [ 6/19] RUN git clone --depth 1 https://github.com/uclouvain/openjpeg
#10 sha256:c3c4ae7e994e950d2fe2dd522a46806f55870985347e9b8b9c69952d83eacd60
#10 0.465 Cloning into 'openjpeg'...
#10 DONE 2.3s

#11 [ 7/19] RUN git clone --depth 1 https://github.com/webmproject/libwebp
#11 sha256:aa15edccc2d049c5a50c562006475bb7c74a8d69b342ef77b723c0bf34e47371
#11 0.576 Cloning into 'libwebp'...
#11 DONE 5.6s

#12 [ 8/19] RUN git clone --depth 1 https://github.com/madler/zlib
#12 sha256:8c7911b334ea4db013e5285850d1738332c76abaab8911457903119f71b70df7
#12 1.513 Cloning into 'zlib'...
#12 DONE 2.6s

#13 [ 9/19] RUN git clone --depth 1 https://github.com/libjpeg-turbo/libjpeg-turbo
#13 sha256:884bcb92b73e3bffdebac58fc0f22c6ccba7e31700106a286abbc1e6d593d179
#13 0.525 Cloning into 'libjpeg-turbo'...
#13 DONE 2.7s

#14 [10/19] RUN git clone --depth 1 https://git.savannah.nongnu.org/r/freetype/freetype2
#14 sha256:4171a1de84837df3c381cbaaebd2603b862972edb6aa0fc6099ddbbff2b29f7f
#14 0.551 Cloning into 'freetype2'...
#14 1.049 fatal: repository 'https://git.savannah.nongnu.org/r/freetype/freetype2/' not found
#14 ERROR: executor failed running [/bin/sh -c git clone --depth 1 https://git.savannah.nongnu.org/r/freetype/freetype2]: exit code: 128
------
 > importing cache manifest from gcr.io/fuzzbench/builders/benchmark/imagemagick_imagemagick:
------
------
 > [10/19] RUN git clone --depth 1 https://git.savannah.nongnu.org/r/freetype/freetype2:
------
executor failed running [/bin/sh -c git clone --depth 1 https://git.savannah.nongnu.org/r/freetype/freetype2]: exit code: 128
make: *** [docker/generated.mk:23748: .imagemagick_imagemagick-project-builder] Error 1
/bin/sh: 1: source: not found
#2 [internal] load .dockerignore
#2 sha256:b093dc31282cd9cac31bf1854c23a23b279c0598cb11945dd988cdddb4e7c18a
#2 transferring context: 2B done
#2 DONE 0.1s

#1 [internal] load build definition from Dockerfile
#1 sha256:b3000a5f25220cccfda5093be98c1c2d9bf394090868567b900ecb2ebe444b92
#1 transferring dockerfile: 32B done
#1 DONE 0.1s

#3 [internal] load metadata for gcr.io/oss-fuzz-base/base-builder:latest
#3 sha256:f10dc39cc9d418a5bc416dead31a1902b6821fdae909cd3b08f7a3fd1faba7b5
#3 DONE 0.5s

#25 [internal] load build context
#25 sha256:6aa1847cad1e93cc9a05cf3b014fc4aebdcd259aebcf165cac8a667bde2acd60
#25 DONE 0.0s

#5 [ 1/19] FROM gcr.io/oss-fuzz-base/base-builder@sha256:41d7bbe7827592680a606c9bba1aeb6e23c7502ce8b633923b06542f4c706e7c
#5 sha256:660db69324ed478291dd329cbbfe422dccbc173f9ab806c069fac341073eab8c
#5 DONE 0.0s

#20 http://www.bzip.org/1.0.6/bzip2-1.0.6.tar.gz
#20 sha256:aa8a1f66594c939b0aabffb1fd3ba1b5af731e7316a5d28a5fb1bedbffd85dfd
#20 DONE 0.3s

#22 http://lcamtuf.coredump.cx/afl/demo/afl_testcases.tgz
#22 sha256:c2b3d7b065c1cefc26267202ac1286747c6378df92f200e1766fa0a6721ce75b
#22 ...

#4 importing cache manifest from gcr.io/fuzzbench/builders/benchmark/imagemagick_imagemagick
#4 sha256:f38c8216b3b99fda6b82458d88c33487ccb9b95fd73fcf8d8cfa6742663edd0f
#4 ERROR: gcr.io/fuzzbench/builders/benchmark/imagemagick_imagemagick:latest: not found

#9 [ 5/19] RUN git clone --depth 1 https://github.com/strukturag/libde265
#9 sha256:551728c75157bbcf6b4b3e916a888c0c299b2548dd73fb3ad17107e21f003404
#9 CACHED

#10 [ 6/19] RUN git clone --depth 1 https://github.com/uclouvain/openjpeg
#10 sha256:c3c4ae7e994e950d2fe2dd522a46806f55870985347e9b8b9c69952d83eacd60
#10 CACHED

#7 [ 3/19] RUN git clone --depth 1 https://github.com/imagemagick/imagemagick
#7 sha256:519c116bd9983c982a5f471d1fcfd2b3c13e4dc9b3287a9e8f45a34384bfde73
#7 CACHED

#12 [ 8/19] RUN git clone --depth 1 https://github.com/madler/zlib
#12 sha256:8c7911b334ea4db013e5285850d1738332c76abaab8911457903119f71b70df7
#12 CACHED

#6 [ 2/19] RUN apt-get update && apt-get install -y make autoconf automake libtool pkg-config cmake nasm autopoint
#6 sha256:dc13c099a7f19be50fbecd974850e6add8b6ca1f1ca70e2f0911b4bbce39bf1c
#6 CACHED

#8 [ 4/19] RUN git clone --depth 1 https://gitlab.com/libtiff/libtiff
#8 sha256:6a48b3f8728a88cb936f47ce0ac0fd00d08a70753f870496d8c4050c03bc0ef9
#8 CACHED

#11 [ 7/19] RUN git clone --depth 1 https://github.com/webmproject/libwebp
#11 sha256:aa15edccc2d049c5a50c562006475bb7c74a8d69b342ef77b723c0bf34e47371
#11 CACHED

#13 [ 9/19] RUN git clone --depth 1 https://github.com/libjpeg-turbo/libjpeg-turbo
#13 sha256:884bcb92b73e3bffdebac58fc0f22c6ccba7e31700106a286abbc1e6d593d179
#13 CACHED

#20 http://www.bzip.org/1.0.6/bzip2-1.0.6.tar.gz
#20 sha256:aa8a1f66594c939b0aabffb1fd3ba1b5af731e7316a5d28a5fb1bedbffd85dfd
#20 CACHED

#25 [internal] load build context
#25 sha256:6aa1847cad1e93cc9a05cf3b014fc4aebdcd259aebcf165cac8a667bde2acd60
#25 transferring context: 30B done
#25 DONE 0.0s

#14 [10/19] RUN git clone --depth 1 https://git.savannah.nongnu.org/r/freetype/freetype2
#14 sha256:4171a1de84837df3c381cbaaebd2603b862972edb6aa0fc6099ddbbff2b29f7f
#14 0.367 Cloning into 'freetype2'...
#14 0.876 fatal: repository 'https://git.savannah.nongnu.org/r/freetype/freetype2/' not found
#14 ERROR: executor failed running [/bin/sh -c git clone --depth 1 https://git.savannah.nongnu.org/r/freetype/freetype2]: exit code: 128

#22 http://lcamtuf.coredump.cx/afl/demo/afl_testcases.tgz
#22 sha256:c2b3d7b065c1cefc26267202ac1286747c6378df92f200e1766fa0a6721ce75b
#22 CANCELED
------
 > importing cache manifest from gcr.io/fuzzbench/builders/benchmark/imagemagick_imagemagick:
------
------
 > [10/19] RUN git clone --depth 1 https://git.savannah.nongnu.org/r/freetype/freetype2:
------
executor failed running [/bin/sh -c git clone --depth 1 https://git.savannah.nongnu.org/r/freetype/freetype2]: exit code: 128
make: *** [docker/generated.mk:23748: .imagemagick_imagemagick-project-builder] Error 1
