WARNING:root:gcloud not found in PATH.
INFO:root:Successfully integrated benchmark: radon_radon.
INFO:root:Please run "make test-run-afl-radon_radon" to test integration.
#2 [internal] load .dockerignore
#2 sha256:7d47c0bec47dadf0cb3f10b7eccd80bd6af67acaf4313de6152b8477f03b6511
#2 ...

#1 [internal] load build definition from Dockerfile
#1 sha256:e64a28418a2765be972ed7342b429168939710c01d566a24afcba719997a210e
#1 transferring dockerfile: 32B done
#1 DONE 0.6s

#2 [internal] load .dockerignore
#2 sha256:7d47c0bec47dadf0cb3f10b7eccd80bd6af67acaf4313de6152b8477f03b6511
#2 transferring context: 2B done
#2 DONE 0.6s

#3 [internal] load metadata for gcr.io/oss-fuzz-base/base-builder:latest
#3 sha256:f10dc39cc9d418a5bc416dead31a1902b6821fdae909cd3b08f7a3fd1faba7b5
#3 DONE 0.4s

#6 [internal] load build context
#6 sha256:e6a2fc1721d77cb60b42de2e99f462c0c491154b7ec8a83754e109815f9082b6
#6 DONE 0.0s

#9 [1/4] FROM gcr.io/oss-fuzz-base/base-builder@sha256:4ad017ca53699eda684c1c444948c93a4af848fe34baee3a765d3c4693fe6a56
#9 sha256:3f10b3978a3951f6e2692fa5e5890ee5a755650381dedece7198ed0b1dcdaa8c
#9 DONE 0.0s

#4 importing cache manifest from gcr.io/fuzzbench/builders/benchmark/radon_radon
#4 sha256:b22646c109ec64e925641dda75c92195511a025af39ad22f09653c32ee92afbd
#4 ERROR: gcr.io/fuzzbench/builders/benchmark/radon_radon:latest: not found

#9 [1/4] FROM gcr.io/oss-fuzz-base/base-builder@sha256:4ad017ca53699eda684c1c444948c93a4af848fe34baee3a765d3c4693fe6a56
#9 sha256:3f10b3978a3951f6e2692fa5e5890ee5a755650381dedece7198ed0b1dcdaa8c
#9 CACHED

#6 [internal] load build context
#6 sha256:e6a2fc1721d77cb60b42de2e99f462c0c491154b7ec8a83754e109815f9082b6
#6 transferring context: 30B done
#6 DONE 0.1s

#5 [2/4] RUN go get github.com/radondb/radon/src/fuzz/sqlparser
#5 sha256:b8ca578af16e4dc19babfe9e8a32a25fd80431b4a53eb347ab6f9cebe9b56c5e
#5 0.934 /bin/sh: 1: go: not found
#5 ERROR: executor failed running [/bin/sh -c go get github.com/radondb/radon/src/fuzz/sqlparser]: exit code: 127
------
 > importing cache manifest from gcr.io/fuzzbench/builders/benchmark/radon_radon:
------
------
 > [2/4] RUN go get github.com/radondb/radon/src/fuzz/sqlparser:
------
executor failed running [/bin/sh -c go get github.com/radondb/radon/src/fuzz/sqlparser]: exit code: 127
make: *** [docker/generated.mk:60592: .radon_radon-project-builder] Error 1
/bin/sh: 1: source: not found
#2 [internal] load .dockerignore
#2 sha256:1d247b37348d65991f9731552872aecce56224f05260de8888213987473cb545
#2 transferring context: 2B done
#2 DONE 0.2s

#1 [internal] load build definition from Dockerfile
#1 sha256:9e3b3b08f92aa08c930a3bb0189254c434892ca770bb4219ee0a7cf3287e2cd8
#1 transferring dockerfile: 32B done
#1 DONE 0.2s

#3 [internal] load metadata for gcr.io/oss-fuzz-base/base-builder:latest
#3 sha256:f10dc39cc9d418a5bc416dead31a1902b6821fdae909cd3b08f7a3fd1faba7b5
#3 DONE 0.5s

#7 [internal] load build context
#7 sha256:a013023217c298a48c0e9c87fec06386fbeb7388749e34728a45999f2184bc35
#7 DONE 0.0s

#5 [1/4] FROM gcr.io/oss-fuzz-base/base-builder@sha256:4ad017ca53699eda684c1c444948c93a4af848fe34baee3a765d3c4693fe6a56
#5 sha256:3f10b3978a3951f6e2692fa5e5890ee5a755650381dedece7198ed0b1dcdaa8c
#5 DONE 0.0s

#4 importing cache manifest from gcr.io/fuzzbench/builders/benchmark/radon_radon
#4 sha256:b22646c109ec64e925641dda75c92195511a025af39ad22f09653c32ee92afbd
#4 ERROR: gcr.io/fuzzbench/builders/benchmark/radon_radon:latest: not found

#5 [1/4] FROM gcr.io/oss-fuzz-base/base-builder@sha256:4ad017ca53699eda684c1c444948c93a4af848fe34baee3a765d3c4693fe6a56
#5 sha256:3f10b3978a3951f6e2692fa5e5890ee5a755650381dedece7198ed0b1dcdaa8c
#5 CACHED

#7 [internal] load build context
#7 sha256:a013023217c298a48c0e9c87fec06386fbeb7388749e34728a45999f2184bc35
#7 transferring context: 30B done
#7 DONE 1.1s

#6 [2/4] RUN go get github.com/radondb/radon/src/fuzz/sqlparser
#6 sha256:b8ca578af16e4dc19babfe9e8a32a25fd80431b4a53eb347ab6f9cebe9b56c5e
#6 2.488 /bin/sh: 1: go: not found
#6 ERROR: executor failed running [/bin/sh -c go get github.com/radondb/radon/src/fuzz/sqlparser]: exit code: 127
------
 > importing cache manifest from gcr.io/fuzzbench/builders/benchmark/radon_radon:
------
------
 > [2/4] RUN go get github.com/radondb/radon/src/fuzz/sqlparser:
------
executor failed running [/bin/sh -c go get github.com/radondb/radon/src/fuzz/sqlparser]: exit code: 127
make: *** [docker/generated.mk:60592: .radon_radon-project-builder] Error 1
