WARNING:root:gcloud not found in PATH.
INFO:root:Successfully integrated benchmark: suricata_suricata.
INFO:root:Please run "make test-run-afl-suricata_suricata" to test integration.
#1 [internal] load build definition from Dockerfile
#1 sha256:01ab3a6718737ce75e5ea0bde7f98dc06f93b02c8bf09d96e5f6bbd8e36a2fea
#1 transferring dockerfile: 1.62kB done
#1 DONE 0.1s

#2 [internal] load .dockerignore
#2 sha256:5d17430b241095ab0ea9784337c02ca3863c6ba97e34573a2d116a5769b416c4
#2 transferring context: 2B done
#2 DONE 0.1s

#3 [internal] load metadata for gcr.io/oss-fuzz-base/base-builder:latest
#3 sha256:f10dc39cc9d418a5bc416dead31a1902b6821fdae909cd3b08f7a3fd1faba7b5
#3 DONE 0.4s

#21 [internal] load build context
#21 sha256:d51754e6413c12d0a09492391361fa08465626ec522aab2cbe95b608fe378a8d
#21 DONE 0.0s

#5 [ 1/13] FROM gcr.io/oss-fuzz-base/base-builder@sha256:4ad017ca53699eda684c1c444948c93a4af848fe34baee3a765d3c4693fe6a56
#5 sha256:3f10b3978a3951f6e2692fa5e5890ee5a755650381dedece7198ed0b1dcdaa8c
#5 DONE 0.0s

#9 http://www.digip.org/jansson/releases/jansson-2.12.tar.gz
#9 sha256:c7bf00c6cd6618d0d4fd2c9dcfbb30a2ffd7b4bb1eb60442fa0fa9c7813f6882
#9 DONE 0.1s

#7 https://www.tcpdump.org/release/libpcap-1.9.1.tar.gz
#7 sha256:d888d74865ce56719f7b9bea0d3ec3d157585e8c83507ed4c1b93822fd52ce30
#7 DONE 0.1s

#14 https://rules.emergingthreats.net/open/suricata/emerging.rules.zip
#14 sha256:4270b5772244a44d71be5706c08c384b28376c805383278d5cbea22b46717e61
#14 DONE 0.1s

#12 https://github.com/lz4/lz4/archive/v1.9.2.tar.gz
#12 sha256:1a7826f25d49a4c41dbd14ce17b2466df7048a59280a981ee46f67806be0bcd1
#12 DONE 0.2s

#4 importing cache manifest from gcr.io/fuzzbench/builders/benchmark/suricata_suricata
#4 sha256:ba18b30313668b78f89cd29d9f9a6a9895243996747a669b53662ee1ee2c5095
#4 ERROR: gcr.io/fuzzbench/builders/benchmark/suricata_suricata:latest: not found

#5 [ 1/13] FROM gcr.io/oss-fuzz-base/base-builder@sha256:4ad017ca53699eda684c1c444948c93a4af848fe34baee3a765d3c4693fe6a56
#5 sha256:3f10b3978a3951f6e2692fa5e5890ee5a755650381dedece7198ed0b1dcdaa8c
#5 CACHED

#7 https://www.tcpdump.org/release/libpcap-1.9.1.tar.gz
#7 sha256:d888d74865ce56719f7b9bea0d3ec3d157585e8c83507ed4c1b93822fd52ce30
#7 CACHED

#9 http://www.digip.org/jansson/releases/jansson-2.12.tar.gz
#9 sha256:c7bf00c6cd6618d0d4fd2c9dcfbb30a2ffd7b4bb1eb60442fa0fa9c7813f6882
#9 CACHED

#12 https://github.com/lz4/lz4/archive/v1.9.2.tar.gz
#12 sha256:1a7826f25d49a4c41dbd14ce17b2466df7048a59280a981ee46f67806be0bcd1
#12 CACHED

#14 https://rules.emergingthreats.net/open/suricata/emerging.rules.zip
#14 sha256:4270b5772244a44d71be5706c08c384b28376c805383278d5cbea22b46717e61
#14 CACHED

#21 [internal] load build context
#21 sha256:d51754e6413c12d0a09492391361fa08465626ec522aab2cbe95b608fe378a8d
#21 transferring context: 2.15kB done
#21 DONE 0.0s

#6 [ 2/13] RUN apt-get update && apt-get install -y build-essential autoconf automake libtool make pkg-config rustc cargo python flex bison zlib1g-dev libpcre3-dev
#6 sha256:c5b9afa3ef051820bc84314b8b8fcf86df186d88da9f546f4e1989cc2e0b5c53
#6 0.562 Hit:1 http://ppa.launchpad.net/git-core/ppa/ubuntu focal InRelease
#6 0.562 Hit:2 http://archive.ubuntu.com/ubuntu focal InRelease
#6 0.562 Get:3 http://security.ubuntu.com/ubuntu focal-security InRelease [114 kB]
#6 0.578 Get:4 http://archive.ubuntu.com/ubuntu focal-updates InRelease [114 kB]
#6 0.678 Get:5 http://archive.ubuntu.com/ubuntu focal-backports InRelease [108 kB]
#6 1.097 Get:6 http://security.ubuntu.com/ubuntu focal-security/main amd64 Packages [1547 kB]
#6 1.261 Get:7 http://archive.ubuntu.com/ubuntu focal-updates/main amd64 Packages [1973 kB]
#6 1.450 Get:8 http://archive.ubuntu.com/ubuntu focal-updates/universe amd64 Packages [1134 kB]
#6 1.534 Get:9 http://archive.ubuntu.com/ubuntu focal-updates/universe i386 Packages [827 kB]
#6 1.596 Get:10 http://archive.ubuntu.com/ubuntu focal-updates/main i386 Packages [752 kB]
#6 1.832 Fetched 6568 kB in 1s (4869 kB/s)
#6 1.832 Reading package lists...
#6 3.385 Reading package lists...
#6 4.838 Building dependency tree...
#6 5.055 Reading state information...
#6 5.279 make is already the newest version (4.2.1-1.2).
#6 5.279 make set to manually installed.
#6 5.279 build-essential is already the newest version (12.8ubuntu1.1).
#6 5.279 The following additional packages will be installed:
#6 5.280   autotools-dev libfl-dev libfl2 libltdl-dev libltdl7 libpcre16-3 libpcre32-3
#6 5.280   libpcrecpp0v5 libpython2-stdlib libpython2.7-minimal libpython2.7-stdlib
#6 5.281   libsigsegv2 libssh2-1 libstd-rust-1.57 libstd-rust-dev m4 python2
#6 5.281   python2-minimal python2.7 python2.7-minimal
#6 5.283 Suggested packages:
#6 5.283   autoconf-archive gnu-standards autoconf-doc gettext bison-doc cargo-doc
#6 5.283   flex-doc libtool-doc gfortran | fortran95-compiler gcj-jdk m4-doc
#6 5.283   python2-doc python-tk python2.7-doc binfmt-support lld-13 clang-13
#6 5.283 Recommended packages:
#6 5.283   llvm-13
#6 5.464 The following NEW packages will be installed:
#6 5.465   autoconf automake autotools-dev bison cargo flex libfl-dev libfl2
#6 5.465   libltdl-dev libltdl7 libpcre16-3 libpcre3-dev libpcre32-3 libpcrecpp0v5
#6 5.465   libpython2-stdlib libpython2.7-minimal libpython2.7-stdlib libsigsegv2
#6 5.466   libssh2-1 libstd-rust-1.57 libstd-rust-dev libtool m4 pkg-config
#6 5.466   python-is-python2 python2 python2-minimal python2.7 python2.7-minimal rustc
#6 5.466   zlib1g-dev
#6 5.541 0 upgraded, 31 newly installed, 0 to remove and 0 not upgraded.
#6 5.541 Need to get 86.8 MB of archives.
#6 5.541 After this operation, 385 MB of additional disk space will be used.
#6 5.541 Get:1 http://archive.ubuntu.com/ubuntu focal/main amd64 libsigsegv2 amd64 2.12-2 [13.9 kB]
#6 5.569 Get:2 http://archive.ubuntu.com/ubuntu focal/main amd64 m4 amd64 1.4.18-4 [199 kB]
#6 5.646 Get:3 http://archive.ubuntu.com/ubuntu focal/main amd64 flex amd64 2.6.4-6.2 [317 kB]
#6 5.679 Get:4 http://archive.ubuntu.com/ubuntu focal-updates/universe amd64 libpython2.7-minimal amd64 2.7.18-1~20.04.1 [335 kB]
#6 5.704 Get:5 http://archive.ubuntu.com/ubuntu focal-updates/universe amd64 python2.7-minimal amd64 2.7.18-1~20.04.1 [1285 kB]
#6 5.799 Get:6 http://archive.ubuntu.com/ubuntu focal/universe amd64 python2-minimal amd64 2.7.17-2ubuntu4 [27.5 kB]
#6 5.801 Get:7 http://archive.ubuntu.com/ubuntu focal-updates/universe amd64 libpython2.7-stdlib amd64 2.7.18-1~20.04.1 [1887 kB]
#6 5.942 Get:8 http://archive.ubuntu.com/ubuntu focal-updates/universe amd64 python2.7 amd64 2.7.18-1~20.04.1 [248 kB]
#6 5.960 Get:9 http://archive.ubuntu.com/ubuntu focal/universe amd64 libpython2-stdlib amd64 2.7.17-2ubuntu4 [7072 B]
#6 5.961 Get:10 http://archive.ubuntu.com/ubuntu focal/universe amd64 python2 amd64 2.7.17-2ubuntu4 [26.5 kB]
#6 5.962 Get:11 http://archive.ubuntu.com/ubuntu focal/main amd64 autoconf all 2.69-11.1 [321 kB]
#6 5.986 Get:12 http://archive.ubuntu.com/ubuntu focal/main amd64 autotools-dev all 20180224.1 [39.6 kB]
#6 5.989 Get:13 http://archive.ubuntu.com/ubuntu focal/main amd64 automake all 1:1.16.1-4ubuntu6 [522 kB]
#6 6.028 Get:14 http://archive.ubuntu.com/ubuntu focal/main amd64 bison amd64 2:3.5.1+dfsg-1 [657 kB]
#6 6.077 Get:15 http://archive.ubuntu.com/ubuntu focal/main amd64 libfl2 amd64 2.6.4-6.2 [11.5 kB]
#6 6.078 Get:16 http://archive.ubuntu.com/ubuntu focal/main amd64 libfl-dev amd64 2.6.4-6.2 [6316 B]
#6 6.079 Get:17 http://archive.ubuntu.com/ubuntu focal/main amd64 libltdl7 amd64 2.4.6-14 [38.5 kB]
#6 6.081 Get:18 http://archive.ubuntu.com/ubuntu focal/main amd64 libltdl-dev amd64 2.4.6-14 [162 kB]
#6 6.093 Get:19 http://archive.ubuntu.com/ubuntu focal/main amd64 libpcre16-3 amd64 2:8.39-12build1 [150 kB]
#6 6.105 Get:20 http://archive.ubuntu.com/ubuntu focal/main amd64 libpcre32-3 amd64 2:8.39-12build1 [140 kB]
#6 6.115 Get:21 http://archive.ubuntu.com/ubuntu focal/main amd64 libpcrecpp0v5 amd64 2:8.39-12build1 [15.5 kB]
#6 6.116 Get:22 http://archive.ubuntu.com/ubuntu focal/main amd64 libpcre3-dev amd64 2:8.39-12build1 [540 kB]
#6 6.156 Get:23 http://archive.ubuntu.com/ubuntu focal/universe amd64 libssh2-1 amd64 1.8.0-2.1build1 [75.4 kB]
#6 6.162 Get:24 http://archive.ubuntu.com/ubuntu focal-updates/universe amd64 libstd-rust-1.57 amd64 1.57.0+dfsg1+llvm-0ubuntu1~20.04.1 [39.7 MB]
#6 9.228 Get:25 http://archive.ubuntu.com/ubuntu focal/main amd64 libtool all 2.4.6-14 [161 kB]
#6 9.230 Get:26 http://archive.ubuntu.com/ubuntu focal/main amd64 pkg-config amd64 0.29.1-0ubuntu4 [45.5 kB]
#6 9.231 Get:27 http://archive.ubuntu.com/ubuntu focal/universe amd64 python-is-python2 all 2.7.17-4 [2496 B]
#6 9.276 Get:28 http://archive.ubuntu.com/ubuntu focal-updates/main amd64 zlib1g-dev amd64 1:1.2.11.dfsg-2ubuntu1.2 [155 kB]
#6 9.279 Get:29 http://archive.ubuntu.com/ubuntu focal-updates/universe amd64 libstd-rust-dev amd64 1.57.0+dfsg1+llvm-0ubuntu1~20.04.1 [32.9 MB]
#6 11.73 Get:30 http://archive.ubuntu.com/ubuntu focal-updates/universe amd64 rustc amd64 1.57.0+dfsg1+llvm-0ubuntu1~20.04.1 [3414 kB]
#6 12.03 Get:31 http://archive.ubuntu.com/ubuntu focal-updates/universe amd64 cargo amd64 0.58.0-0ubuntu1~20.04.1 [3446 kB]
#6 12.52 debconf: delaying package configuration, since apt-utils is not installed
#6 12.58 Fetched 86.8 MB in 7s (12.8 MB/s)
#6 12.62 Selecting previously unselected package libsigsegv2:amd64.
#6 12.62 (Reading database ... (Reading database ... 5%(Reading database ... 10%(Reading database ... 15%(Reading database ... 20%(Reading database ... 25%(Reading database ... 30%(Reading database ... 35%(Reading database ... 40%(Reading database ... 45%(Reading database ... 50%(Reading database ... 55%(Reading database ... 60%(Reading database ... 65%(Reading database ... 70%(Reading database ... 75%(Reading database ... 80%(Reading database ... 85%(Reading database ... 90%(Reading database ... 95%(Reading database ... 100%(Reading database ... 21291 files and directories currently installed.)
#6 12.64 Preparing to unpack .../0-libsigsegv2_2.12-2_amd64.deb ...
#6 12.65 Unpacking libsigsegv2:amd64 (2.12-2) ...
#6 12.68 Selecting previously unselected package m4.
#6 12.69 Preparing to unpack .../1-m4_1.4.18-4_amd64.deb ...
#6 12.69 Unpacking m4 (1.4.18-4) ...
#6 12.76 Selecting previously unselected package flex.
#6 12.76 Preparing to unpack .../2-flex_2.6.4-6.2_amd64.deb ...
#6 12.76 Unpacking flex (2.6.4-6.2) ...
#6 12.84 Selecting previously unselected package libpython2.7-minimal:amd64.
#6 12.84 Preparing to unpack .../3-libpython2.7-minimal_2.7.18-1~20.04.1_amd64.deb ...
#6 12.85 Unpacking libpython2.7-minimal:amd64 (2.7.18-1~20.04.1) ...
#6 13.03 Selecting previously unselected package python2.7-minimal.
#6 13.03 Preparing to unpack .../4-python2.7-minimal_2.7.18-1~20.04.1_amd64.deb ...
#6 13.05 Unpacking python2.7-minimal (2.7.18-1~20.04.1) ...
#6 13.27 Selecting previously unselected package python2-minimal.
#6 13.27 Preparing to unpack .../5-python2-minimal_2.7.17-2ubuntu4_amd64.deb ...
#6 13.28 Unpacking python2-minimal (2.7.17-2ubuntu4) ...
#6 13.36 Selecting previously unselected package libpython2.7-stdlib:amd64.
#6 13.36 Preparing to unpack .../6-libpython2.7-stdlib_2.7.18-1~20.04.1_amd64.deb ...
#6 13.37 Unpacking libpython2.7-stdlib:amd64 (2.7.18-1~20.04.1) ...
#6 13.65 Selecting previously unselected package python2.7.
#6 13.66 Preparing to unpack .../7-python2.7_2.7.18-1~20.04.1_amd64.deb ...
#6 13.67 Unpacking python2.7 (2.7.18-1~20.04.1) ...
#6 13.76 Selecting previously unselected package libpython2-stdlib:amd64.
#6 13.76 Preparing to unpack .../8-libpython2-stdlib_2.7.17-2ubuntu4_amd64.deb ...
#6 13.78 Unpacking libpython2-stdlib:amd64 (2.7.17-2ubuntu4) ...
#6 13.87 Setting up libpython2.7-minimal:amd64 (2.7.18-1~20.04.1) ...
#6 13.94 Setting up python2.7-minimal (2.7.18-1~20.04.1) ...
#6 14.36 Setting up python2-minimal (2.7.17-2ubuntu4) ...
#6 14.53 Selecting previously unselected package python2.
#6 14.53 (Reading database ... (Reading database ... 5%(Reading database ... 10%(Reading database ... 15%(Reading database ... 20%(Reading database ... 25%(Reading database ... 30%(Reading database ... 35%(Reading database ... 40%(Reading database ... 45%(Reading database ... 50%(Reading database ... 55%(Reading database ... 60%(Reading database ... 65%(Reading database ... 70%(Reading database ... 75%(Reading database ... 80%(Reading database ... 85%(Reading database ... 90%(Reading database ... 95%(Reading database ... 100%(Reading database ... 22178 files and directories currently installed.)
#6 14.55 Preparing to unpack .../00-python2_2.7.17-2ubuntu4_amd64.deb ...
#6 14.56 Unpacking python2 (2.7.17-2ubuntu4) ...
#6 14.63 Selecting previously unselected package autoconf.
#6 14.63 Preparing to unpack .../01-autoconf_2.69-11.1_all.deb ...
#6 14.64 Unpacking autoconf (2.69-11.1) ...
#6 14.74 Selecting previously unselected package autotools-dev.
#6 14.74 Preparing to unpack .../02-autotools-dev_20180224.1_all.deb ...
#6 14.75 Unpacking autotools-dev (20180224.1) ...
#6 14.83 Selecting previously unselected package automake.
#6 14.83 Preparing to unpack .../03-automake_1%3a1.16.1-4ubuntu6_all.deb ...
#6 14.83 Unpacking automake (1:1.16.1-4ubuntu6) ...
#6 14.99 Selecting previously unselected package bison.
#6 14.99 Preparing to unpack .../04-bison_2%3a3.5.1+dfsg-1_amd64.deb ...
#6 15.00 Unpacking bison (2:3.5.1+dfsg-1) ...
#6 15.10 Selecting previously unselected package libfl2:amd64.
#6 15.10 Preparing to unpack .../05-libfl2_2.6.4-6.2_amd64.deb ...
#6 15.11 Unpacking libfl2:amd64 (2.6.4-6.2) ...
#6 15.14 Selecting previously unselected package libfl-dev:amd64.
#6 15.15 Preparing to unpack .../06-libfl-dev_2.6.4-6.2_amd64.deb ...
#6 15.15 Unpacking libfl-dev:amd64 (2.6.4-6.2) ...
#6 15.19 Selecting previously unselected package libltdl7:amd64.
#6 15.20 Preparing to unpack .../07-libltdl7_2.4.6-14_amd64.deb ...
#6 15.20 Unpacking libltdl7:amd64 (2.4.6-14) ...
#6 15.24 Selecting previously unselected package libltdl-dev:amd64.
#6 15.24 Preparing to unpack .../08-libltdl-dev_2.4.6-14_amd64.deb ...
#6 15.25 Unpacking libltdl-dev:amd64 (2.4.6-14) ...
#6 15.31 Selecting previously unselected package libpcre16-3:amd64.
#6 15.31 Preparing to unpack .../09-libpcre16-3_2%3a8.39-12build1_amd64.deb ...
#6 15.32 Unpacking libpcre16-3:amd64 (2:8.39-12build1) ...
#6 15.39 Selecting previously unselected package libpcre32-3:amd64.
#6 15.39 Preparing to unpack .../10-libpcre32-3_2%3a8.39-12build1_amd64.deb ...
#6 15.40 Unpacking libpcre32-3:amd64 (2:8.39-12build1) ...
#6 15.47 Selecting previously unselected package libpcrecpp0v5:amd64.
#6 15.47 Preparing to unpack .../11-libpcrecpp0v5_2%3a8.39-12build1_amd64.deb ...
#6 15.48 Unpacking libpcrecpp0v5:amd64 (2:8.39-12build1) ...
#6 15.52 Selecting previously unselected package libpcre3-dev:amd64.
#6 15.52 Preparing to unpack .../12-libpcre3-dev_2%3a8.39-12build1_amd64.deb ...
#6 15.53 Unpacking libpcre3-dev:amd64 (2:8.39-12build1) ...
#6 15.64 Selecting previously unselected package libssh2-1:amd64.
#6 15.64 Preparing to unpack .../13-libssh2-1_1.8.0-2.1build1_amd64.deb ...
#6 15.64 Unpacking libssh2-1:amd64 (1.8.0-2.1build1) ...
#6 15.69 Selecting previously unselected package libstd-rust-1.57:amd64.
#6 15.69 Preparing to unpack .../14-libstd-rust-1.57_1.57.0+dfsg1+llvm-0ubuntu1~20.04.1_amd64.deb ...
#6 15.69 Unpacking libstd-rust-1.57:amd64 (1.57.0+dfsg1+llvm-0ubuntu1~20.04.1) ...
#6 20.18 Selecting previously unselected package libtool.
#6 20.18 Preparing to unpack .../15-libtool_2.4.6-14_all.deb ...
#6 20.20 Unpacking libtool (2.4.6-14) ...
#6 20.41 Selecting previously unselected package pkg-config.
#6 20.41 Preparing to unpack .../16-pkg-config_0.29.1-0ubuntu4_amd64.deb ...
#6 20.44 Unpacking pkg-config (0.29.1-0ubuntu4) ...
#6 20.59 Selecting previously unselected package python-is-python2.
#6 20.59 Preparing to unpack .../17-python-is-python2_2.7.17-4_all.deb ...
#6 20.62 Unpacking python-is-python2 (2.7.17-4) ...
#6 20.76 Selecting previously unselected package zlib1g-dev:amd64.
#6 20.77 Preparing to unpack .../18-zlib1g-dev_1%3a1.2.11.dfsg-2ubuntu1.2_amd64.deb ...
#6 20.79 Unpacking zlib1g-dev:amd64 (1:1.2.11.dfsg-2ubuntu1.2) ...
#6 20.97 Selecting previously unselected package libstd-rust-dev:amd64.
#6 20.97 Preparing to unpack .../19-libstd-rust-dev_1.57.0+dfsg1+llvm-0ubuntu1~20.04.1_amd64.deb ...
#6 20.99 Unpacking libstd-rust-dev:amd64 (1.57.0+dfsg1+llvm-0ubuntu1~20.04.1) ...
#6 24.73 Selecting previously unselected package rustc.
#6 24.74 Preparing to unpack .../20-rustc_1.57.0+dfsg1+llvm-0ubuntu1~20.04.1_amd64.deb ...
#6 24.76 Unpacking rustc (1.57.0+dfsg1+llvm-0ubuntu1~20.04.1) ...
#6 25.14 Selecting previously unselected package cargo.
#6 25.14 Preparing to unpack .../21-cargo_0.58.0-0ubuntu1~20.04.1_amd64.deb ...
#6 25.17 Unpacking cargo (0.58.0-0ubuntu1~20.04.1) ...
#6 25.62 Setting up libpcrecpp0v5:amd64 (2:8.39-12build1) ...
#6 25.67 Setting up libpcre16-3:amd64 (2:8.39-12build1) ...
#6 25.71 Setting up libpython2.7-stdlib:amd64 (2.7.18-1~20.04.1) ...
#6 25.77 Setting up autotools-dev (20180224.1) ...
#6 25.82 Setting up libsigsegv2:amd64 (2.12-2) ...
#6 25.87 Setting up libpcre32-3:amd64 (2:8.39-12build1) ...
#6 25.93 Setting up pkg-config (0.29.1-0ubuntu4) ...
#6 26.09 Setting up libfl2:amd64 (2.6.4-6.2) ...
#6 26.15 Setting up libltdl7:amd64 (2.4.6-14) ...
#6 26.20 Setting up zlib1g-dev:amd64 (1:1.2.11.dfsg-2ubuntu1.2) ...
#6 26.26 Setting up libssh2-1:amd64 (1.8.0-2.1build1) ...
#6 26.33 Setting up libstd-rust-1.57:amd64 (1.57.0+dfsg1+llvm-0ubuntu1~20.04.1) ...
#6 26.39 Setting up python2.7 (2.7.18-1~20.04.1) ...
#6 27.37 Setting up libtool (2.4.6-14) ...
#6 27.45 Setting up libpython2-stdlib:amd64 (2.7.17-2ubuntu4) ...
#6 27.50 Setting up libpcre3-dev:amd64 (2:8.39-12build1) ...
#6 27.55 Setting up m4 (1.4.18-4) ...
#6 27.60 Setting up python2 (2.7.17-2ubuntu4) ...
#6 27.65 Setting up libstd-rust-dev:amd64 (1.57.0+dfsg1+llvm-0ubuntu1~20.04.1) ...
#6 27.70 Setting up autoconf (2.69-11.1) ...
#6 27.77 Setting up rustc (1.57.0+dfsg1+llvm-0ubuntu1~20.04.1) ...
#6 27.82 Setting up bison (2:3.5.1+dfsg-1) ...
#6 27.86 update-alternatives: using /usr/bin/bison.yacc to provide /usr/bin/yacc (yacc) in auto mode
#6 27.86 update-alternatives: warning: skip creation of /usr/share/man/man1/yacc.1.gz because associated file /usr/share/man/man1/bison.yacc.1.gz (of link group yacc) doesn't exist
#6 27.89 Setting up python-is-python2 (2.7.17-4) ...
#6 27.95 Setting up automake (1:1.16.1-4ubuntu6) ...
#6 27.99 update-alternatives: using /usr/bin/automake-1.16 to provide /usr/bin/automake (automake) in auto mode
#6 27.99 update-alternatives: warning: skip creation of /usr/share/man/man1/automake.1.gz because associated file /usr/share/man/man1/automake-1.16.1.gz (of link group automake) doesn't exist
#6 27.99 update-alternatives: warning: skip creation of /usr/share/man/man1/aclocal.1.gz because associated file /usr/share/man/man1/aclocal-1.16.1.gz (of link group automake) doesn't exist
#6 28.02 Setting up flex (2.6.4-6.2) ...
#6 28.06 Setting up libfl-dev:amd64 (2.6.4-6.2) ...
#6 28.11 Setting up libltdl-dev:amd64 (2.4.6-14) ...
#6 28.16 Setting up cargo (0.58.0-0ubuntu1~20.04.1) ...
#6 28.21 Processing triggers for libc-bin (2.31-0ubuntu9.2) ...
#6 28.26 Processing triggers for mime-support (3.64ubuntu1) ...
#6 DONE 29.4s

#8 [ 3/13] ADD https://www.tcpdump.org/release/libpcap-1.9.1.tar.gz libpcap-1.9.1.tar.gz
#8 sha256:533fef164ecbc3dfe04b28e68a317bf8945da5567e80c0e1ecfd1e20c49faf29
#8 DONE 0.1s

#10 [ 4/13] ADD http://www.digip.org/jansson/releases/jansson-2.12.tar.gz jansson-2.12.tar.gz
#10 sha256:3732ee9e77262d5f62a82138dba3dfa495af08417d2949aa115ec3e33c5cee1f
#10 DONE 0.1s

#11 [ 5/13] RUN git clone --depth=1 https://github.com/yaml/libyaml
#11 sha256:7e0f7ecb8b1cbdfe8d2f1be3d3209e41e215cdc33b4eb85a13edc5b21d88ea44
#11 0.430 Cloning into 'libyaml'...
#11 DONE 1.4s

#13 [ 6/13] ADD https://github.com/lz4/lz4/archive/v1.9.2.tar.gz lz4-1.9.2.tar.gz
#13 sha256:b76ca32b3d30f2e50ebecff3811ff4475a3f200df13c6cf66dbe39946c527e07
#13 DONE 0.1s

#15 [ 7/13] ADD https://rules.emergingthreats.net/open/suricata/emerging.rules.zip emerging.rules.zip
#15 sha256:2ca6f27bb2bec5ec87a4fe3d9f11e2bc798605258f50d0d5038131b91ed5bf8c
#15 DONE 0.1s

#16 [ 8/13] RUN cargo install --force cbindgen
#16 sha256:246c230566cb4463b7cacfb15b5f9cfe5aafd95a2971902546f51b40165b09b3
#16 0.359 /usr/local/bin/cargo: line 55: /rust/bin/cargo: No such file or directory
#16 ERROR: executor failed running [/bin/sh -c cargo install --force cbindgen]: exit code: 127
------
 > importing cache manifest from gcr.io/fuzzbench/builders/benchmark/suricata_suricata:
------
------
 > [ 8/13] RUN cargo install --force cbindgen:
------
executor failed running [/bin/sh -c cargo install --force cbindgen]: exit code: 127
make: *** [docker/generated.mk:64910: .suricata_suricata-project-builder] Error 1
/bin/sh: 1: source: not found
#1 [internal] load build definition from Dockerfile
#1 sha256:f05ddb46353756378fea2bc3dc841cdea57c38aa39493f430c3be1d1742f552d
#1 transferring dockerfile: 32B done
#1 DONE 0.0s

#2 [internal] load .dockerignore
#2 sha256:56066f2b0a3e75355d071190f5e45ffa08cc4d903eba2dea8be95b5b9d1214eb
#2 transferring context: 2B done
#2 DONE 0.0s

#3 [internal] load metadata for gcr.io/oss-fuzz-base/base-builder:latest
#3 sha256:f10dc39cc9d418a5bc416dead31a1902b6821fdae909cd3b08f7a3fd1faba7b5
#3 DONE 0.4s

#21 [internal] load build context
#21 sha256:c56dedd04402d944c761e7a3077120845e82351fd91026130c79a1e041daf3ee
#21 DONE 0.0s

#9 http://www.digip.org/jansson/releases/jansson-2.12.tar.gz
#9 sha256:c7bf00c6cd6618d0d4fd2c9dcfbb30a2ffd7b4bb1eb60442fa0fa9c7813f6882
#9 DONE 0.1s

#14 https://rules.emergingthreats.net/open/suricata/emerging.rules.zip
#14 sha256:4270b5772244a44d71be5706c08c384b28376c805383278d5cbea22b46717e61
#14 DONE 0.1s

#12 https://github.com/lz4/lz4/archive/v1.9.2.tar.gz
#12 sha256:1a7826f25d49a4c41dbd14ce17b2466df7048a59280a981ee46f67806be0bcd1
#12 DONE 0.3s

#4 importing cache manifest from gcr.io/fuzzbench/builders/benchmark/suricata_suricata
#4 sha256:ba18b30313668b78f89cd29d9f9a6a9895243996747a669b53662ee1ee2c5095
#4 ERROR: gcr.io/fuzzbench/builders/benchmark/suricata_suricata:latest: not found

#5 [ 1/13] FROM gcr.io/oss-fuzz-base/base-builder@sha256:4ad017ca53699eda684c1c444948c93a4af848fe34baee3a765d3c4693fe6a56
#5 sha256:3f10b3978a3951f6e2692fa5e5890ee5a755650381dedece7198ed0b1dcdaa8c
#5 DONE 0.0s

#21 [internal] load build context
#21 sha256:c56dedd04402d944c761e7a3077120845e82351fd91026130c79a1e041daf3ee
#21 transferring context: 30B done
#21 DONE 0.0s

#7 https://www.tcpdump.org/release/libpcap-1.9.1.tar.gz
#7 sha256:d888d74865ce56719f7b9bea0d3ec3d157585e8c83507ed4c1b93822fd52ce30
#7 DONE 0.1s

#6 [ 2/13] RUN apt-get update && apt-get install -y build-essential autoconf automake libtool make pkg-config rustc cargo python flex bison zlib1g-dev libpcre3-dev
#6 sha256:c5b9afa3ef051820bc84314b8b8fcf86df186d88da9f546f4e1989cc2e0b5c53
#6 CACHED

#8 [ 3/13] ADD https://www.tcpdump.org/release/libpcap-1.9.1.tar.gz libpcap-1.9.1.tar.gz
#8 sha256:533fef164ecbc3dfe04b28e68a317bf8945da5567e80c0e1ecfd1e20c49faf29
#8 CACHED

#10 [ 4/13] ADD http://www.digip.org/jansson/releases/jansson-2.12.tar.gz jansson-2.12.tar.gz
#10 sha256:3732ee9e77262d5f62a82138dba3dfa495af08417d2949aa115ec3e33c5cee1f
#10 CACHED

#11 [ 5/13] RUN git clone --depth=1 https://github.com/yaml/libyaml
#11 sha256:7e0f7ecb8b1cbdfe8d2f1be3d3209e41e215cdc33b4eb85a13edc5b21d88ea44
#11 CACHED

#13 [ 6/13] ADD https://github.com/lz4/lz4/archive/v1.9.2.tar.gz lz4-1.9.2.tar.gz
#13 sha256:b76ca32b3d30f2e50ebecff3811ff4475a3f200df13c6cf66dbe39946c527e07
#13 CACHED

#15 [ 7/13] ADD https://rules.emergingthreats.net/open/suricata/emerging.rules.zip emerging.rules.zip
#15 sha256:2ca6f27bb2bec5ec87a4fe3d9f11e2bc798605258f50d0d5038131b91ed5bf8c
#15 CACHED

#16 [ 8/13] RUN cargo install --force cbindgen
#16 sha256:246c230566cb4463b7cacfb15b5f9cfe5aafd95a2971902546f51b40165b09b3
#16 0.337 /usr/local/bin/cargo: line 55: /rust/bin/cargo: No such file or directory
#16 ERROR: executor failed running [/bin/sh -c cargo install --force cbindgen]: exit code: 127
------
 > importing cache manifest from gcr.io/fuzzbench/builders/benchmark/suricata_suricata:
------
------
 > [ 8/13] RUN cargo install --force cbindgen:
------
executor failed running [/bin/sh -c cargo install --force cbindgen]: exit code: 127
make: *** [docker/generated.mk:64910: .suricata_suricata-project-builder] Error 1
