WARNING:root:gcloud not found in PATH.
INFO:root:Successfully integrated benchmark: janus-gateway_janus-gateway.
INFO:root:Please run "make test-run-afl-janus-gateway_janus-gateway" to test integration.
#2 [internal] load .dockerignore
#2 sha256:b4bf5c1aedb5d867bab99eed41041ef80fe2c83d5c130061477bfd9b67cee013
#2 ...

#1 [internal] load build definition from Dockerfile
#1 sha256:7fa4b144bd3739a862a9ff304ad78f85c0d7436624b4d7c16c4900b530b0b02d
#1 transferring dockerfile: 1.43kB done
#1 DONE 0.8s

#2 [internal] load .dockerignore
#2 sha256:b4bf5c1aedb5d867bab99eed41041ef80fe2c83d5c130061477bfd9b67cee013
#2 transferring context: 2B done
#2 DONE 1.0s

#3 [internal] load metadata for gcr.io/oss-fuzz-base/base-builder:latest
#3 sha256:f10dc39cc9d418a5bc416dead31a1902b6821fdae909cd3b08f7a3fd1faba7b5
#3 DONE 0.4s

#11 [internal] load build context
#11 sha256:6d86672ad735a5fa6d017f121b6a7fc05b56578cdc785c21a80762d6bb1b20b0
#11 DONE 0.0s

#5 [1/7] FROM gcr.io/oss-fuzz-base/base-builder@sha256:f4e5ea12494fab091c5d830cf803b3421f2860f729b9d1b07da44924396cf8cf
#5 sha256:ef290950573a2779ee526af357b28fbddfc20d7409aa51f58f777c9e972cba29
#5 DONE 0.0s

#4 importing cache manifest from gcr.io/fuzzbench/builders/benchmark/janus-gateway_janus-gateway
#4 sha256:51b90bfe68b7a6e506f4e0f405f3ae7156aa9368da405bbc28f9d9646386060b
#4 ERROR: gcr.io/fuzzbench/builders/benchmark/janus-gateway_janus-gateway:latest: not found

#5 [1/7] FROM gcr.io/oss-fuzz-base/base-builder@sha256:f4e5ea12494fab091c5d830cf803b3421f2860f729b9d1b07da44924396cf8cf
#5 sha256:ef290950573a2779ee526af357b28fbddfc20d7409aa51f58f777c9e972cba29
#5 CACHED

#6 [2/7] RUN apt-get update && apt-get install -y 	autoconf autoconf-archive 	automake 	gengetopt 	gtk-doc-tools 	libconfig-dev 	libglib2.0-dev 	libgnutls-dev 	libini-config-dev 	libjansson-dev 	libnice-dev 	libssl-dev 	libtool 	openssl 	pkg-config
#6 sha256:02a45d93abe9295ce12b6a9279eb44cebe88f2a6c793340c7212251922697485
#6 ...

#11 [internal] load build context
#11 sha256:6d86672ad735a5fa6d017f121b6a7fc05b56578cdc785c21a80762d6bb1b20b0
#11 transferring context: 767B done
#11 DONE 0.2s

#6 [2/7] RUN apt-get update && apt-get install -y 	autoconf autoconf-archive 	automake 	gengetopt 	gtk-doc-tools 	libconfig-dev 	libglib2.0-dev 	libgnutls-dev 	libini-config-dev 	libjansson-dev 	libnice-dev 	libssl-dev 	libtool 	openssl 	pkg-config
#6 sha256:02a45d93abe9295ce12b6a9279eb44cebe88f2a6c793340c7212251922697485
#6 0.824 Hit:1 http://ppa.launchpad.net/git-core/ppa/ubuntu focal InRelease
#6 0.824 Hit:2 http://archive.ubuntu.com/ubuntu focal InRelease
#6 0.824 Get:3 http://archive.ubuntu.com/ubuntu focal-updates InRelease [114 kB]
#6 0.919 Get:4 http://archive.ubuntu.com/ubuntu focal-backports InRelease [108 kB]
#6 0.957 Get:5 http://security.ubuntu.com/ubuntu focal-security InRelease [114 kB]
#6 1.387 Get:6 http://archive.ubuntu.com/ubuntu focal-updates/main amd64 Packages [1973 kB]
#6 1.613 Get:7 http://archive.ubuntu.com/ubuntu focal-updates/main i386 Packages [752 kB]
#6 1.668 Get:8 http://archive.ubuntu.com/ubuntu focal-updates/universe amd64 Packages [1134 kB]
#6 1.752 Get:9 http://archive.ubuntu.com/ubuntu focal-updates/universe i386 Packages [827 kB]
#6 1.810 Get:10 http://security.ubuntu.com/ubuntu focal-security/universe i386 Packages [657 kB]
#6 2.198 Get:11 http://security.ubuntu.com/ubuntu focal-security/main amd64 Packages [1546 kB]
#6 2.384 Get:12 http://security.ubuntu.com/ubuntu focal-security/universe amd64 Packages [840 kB]
#6 2.447 Get:13 http://security.ubuntu.com/ubuntu focal-security/main i386 Packages [464 kB]
#6 2.739 Fetched 8529 kB in 2s (4494 kB/s)
#6 2.739 Reading package lists...
#6 4.374 Reading package lists...
#6 5.799 Building dependency tree...
#6 6.018 Reading state information...
#6 6.048 Package libgnutls-dev is not available, but is referred to by another package.
#6 6.048 This may mean that the package is missing, has been obsoleted, or
#6 6.048 is only available from another source
#6 6.048 
#6 6.051 E: Package 'libgnutls-dev' has no installation candidate
#6 ERROR: executor failed running [/bin/sh -c apt-get update && apt-get install -y 	autoconf autoconf-archive 	automake 	gengetopt 	gtk-doc-tools 	libconfig-dev 	libglib2.0-dev 	libgnutls-dev 	libini-config-dev 	libjansson-dev 	libnice-dev 	libssl-dev 	libtool 	openssl 	pkg-config]: exit code: 100
------
 > importing cache manifest from gcr.io/fuzzbench/builders/benchmark/janus-gateway_janus-gateway:
------
------
 > [2/7] RUN apt-get update && apt-get install -y 	autoconf autoconf-archive 	automake 	gengetopt 	gtk-doc-tools 	libconfig-dev 	libglib2.0-dev 	libgnutls-dev 	libini-config-dev 	libjansson-dev 	libnice-dev 	libssl-dev 	libtool 	openssl 	pkg-config:
------
executor failed running [/bin/sh -c apt-get update && apt-get install -y 	autoconf autoconf-archive 	automake 	gengetopt 	gtk-doc-tools 	libconfig-dev 	libglib2.0-dev 	libgnutls-dev 	libini-config-dev 	libjansson-dev 	libnice-dev 	libssl-dev 	libtool 	openssl 	pkg-config]: exit code: 100
make: *** [docker/generated.mk:23432: .janus-gateway_janus-gateway-project-builder] Error 1
/bin/sh: 1: source: not found
#1 [internal] load build definition from Dockerfile
#1 sha256:d19f09bdb72da5026fa37b0bd5758a7c32bf2c5b7dda7d56841f7ebe7fd431b8
#1 transferring dockerfile: 32B done
#1 DONE 0.1s

#2 [internal] load .dockerignore
#2 sha256:abaff4582745a55f92b84da06b1a657972b13a583a0ba9c55d010498a7fb5969
#2 transferring context: 2B done
#2 DONE 0.2s

#3 [internal] load metadata for gcr.io/oss-fuzz-base/base-builder:latest
#3 sha256:f10dc39cc9d418a5bc416dead31a1902b6821fdae909cd3b08f7a3fd1faba7b5
#3 DONE 0.5s

#11 [internal] load build context
#11 sha256:fd86fc6ff2d777251a8600510e6080bf7702496f05c22b1d5039e285ae55cc6f
#11 DONE 0.0s

#5 [1/7] FROM gcr.io/oss-fuzz-base/base-builder@sha256:f4e5ea12494fab091c5d830cf803b3421f2860f729b9d1b07da44924396cf8cf
#5 sha256:ef290950573a2779ee526af357b28fbddfc20d7409aa51f58f777c9e972cba29
#5 DONE 0.0s

#4 importing cache manifest from gcr.io/fuzzbench/builders/benchmark/janus-gateway_janus-gateway
#4 sha256:51b90bfe68b7a6e506f4e0f405f3ae7156aa9368da405bbc28f9d9646386060b
#4 ERROR: gcr.io/fuzzbench/builders/benchmark/janus-gateway_janus-gateway:latest: not found

#5 [1/7] FROM gcr.io/oss-fuzz-base/base-builder@sha256:f4e5ea12494fab091c5d830cf803b3421f2860f729b9d1b07da44924396cf8cf
#5 sha256:ef290950573a2779ee526af357b28fbddfc20d7409aa51f58f777c9e972cba29
#5 CACHED

#11 [internal] load build context
#11 sha256:fd86fc6ff2d777251a8600510e6080bf7702496f05c22b1d5039e285ae55cc6f
#11 transferring context: 30B done
#11 DONE 0.2s

#6 [2/7] RUN apt-get update && apt-get install -y 	autoconf autoconf-archive 	automake 	gengetopt 	gtk-doc-tools 	libconfig-dev 	libglib2.0-dev 	libgnutls-dev 	libini-config-dev 	libjansson-dev 	libnice-dev 	libssl-dev 	libtool 	openssl 	pkg-config
#6 sha256:02a45d93abe9295ce12b6a9279eb44cebe88f2a6c793340c7212251922697485
#6 0.699 Hit:1 http://archive.ubuntu.com/ubuntu focal InRelease
#6 0.699 Get:2 http://archive.ubuntu.com/ubuntu focal-updates InRelease [114 kB]
#6 0.699 Hit:3 http://ppa.launchpad.net/git-core/ppa/ubuntu focal InRelease
#6 0.777 Get:4 http://archive.ubuntu.com/ubuntu focal-backports InRelease [108 kB]
#6 0.816 Get:5 http://security.ubuntu.com/ubuntu focal-security InRelease [114 kB]
#6 1.263 Get:6 http://archive.ubuntu.com/ubuntu focal-updates/main i386 Packages [752 kB]
#6 1.361 Get:7 http://archive.ubuntu.com/ubuntu focal-updates/universe amd64 Packages [1134 kB]
#6 1.445 Get:8 http://archive.ubuntu.com/ubuntu focal-updates/main amd64 Packages [1973 kB]
#6 1.591 Get:9 http://archive.ubuntu.com/ubuntu focal-updates/universe i386 Packages [827 kB]
#6 1.653 Get:10 http://security.ubuntu.com/ubuntu focal-security/universe amd64 Packages [840 kB]
#6 2.070 Get:11 http://security.ubuntu.com/ubuntu focal-security/main amd64 Packages [1546 kB]
#6 2.220 Get:12 http://security.ubuntu.com/ubuntu focal-security/main i386 Packages [464 kB]
#6 2.254 Get:13 http://security.ubuntu.com/ubuntu focal-security/universe i386 Packages [657 kB]
#6 2.591 Fetched 8529 kB in 2s (4666 kB/s)
#6 2.591 Reading package lists...
#6 4.085 Reading package lists...
#6 5.492 Building dependency tree...
#6 5.703 Reading state information...
#6 5.731 Package libgnutls-dev is not available, but is referred to by another package.
#6 5.731 This may mean that the package is missing, has been obsoleted, or
#6 5.731 is only available from another source
#6 5.731 
#6 5.735 E: Package 'libgnutls-dev' has no installation candidate
#6 ERROR: executor failed running [/bin/sh -c apt-get update && apt-get install -y 	autoconf autoconf-archive 	automake 	gengetopt 	gtk-doc-tools 	libconfig-dev 	libglib2.0-dev 	libgnutls-dev 	libini-config-dev 	libjansson-dev 	libnice-dev 	libssl-dev 	libtool 	openssl 	pkg-config]: exit code: 100
------
 > importing cache manifest from gcr.io/fuzzbench/builders/benchmark/janus-gateway_janus-gateway:
------
------
 > [2/7] RUN apt-get update && apt-get install -y 	autoconf autoconf-archive 	automake 	gengetopt 	gtk-doc-tools 	libconfig-dev 	libglib2.0-dev 	libgnutls-dev 	libini-config-dev 	libjansson-dev 	libnice-dev 	libssl-dev 	libtool 	openssl 	pkg-config:
------
executor failed running [/bin/sh -c apt-get update && apt-get install -y 	autoconf autoconf-archive 	automake 	gengetopt 	gtk-doc-tools 	libconfig-dev 	libglib2.0-dev 	libgnutls-dev 	libini-config-dev 	libjansson-dev 	libnice-dev 	libssl-dev 	libtool 	openssl 	pkg-config]: exit code: 100
make: *** [docker/generated.mk:23432: .janus-gateway_janus-gateway-project-builder] Error 1
