WARNING:root:gcloud not found in PATH.
INFO:root:Successfully integrated benchmark: cjson_cjson.
INFO:root:Please run "make test-run-afl-cjson_cjson" to test integration.
#2 [internal] load .dockerignore
#2 sha256:551d2c2f9aee0283fa80fe6675d69e939095323890ada191dcc069e0826ea527
#2 transferring context: 2B done
#2 DONE 0.6s

#1 [internal] load build definition from Dockerfile
#1 sha256:31d3d7c726edfb7b2e39a1ea8b563e87c70b070ba0a82117681018e393a2425d
#1 transferring dockerfile: 909B done
#1 DONE 0.5s

#3 [internal] load metadata for gcr.io/oss-fuzz-base/base-builder:latest
#3 sha256:f10dc39cc9d418a5bc416dead31a1902b6821fdae909cd3b08f7a3fd1faba7b5
#3 DONE 0.5s

#9 [internal] load build context
#9 sha256:64a534a47913922c055b34878a927aeccc197c32647bc5bf86471010133991f1
#9 DONE 0.0s

#5 [1/5] FROM gcr.io/oss-fuzz-base/base-builder@sha256:112044a9815d235113677d459cf2ece740a51f2b85081c8f66943dcdc72ddf7f
#5 sha256:4aee4bf9f7280ac8b7f02b8d29e6e084dd034d2c294b4e3e05d8ce7048a1450f
#5 DONE 0.0s

#4 importing cache manifest from gcr.io/fuzzbench/builders/benchmark/cjson_cjson
#4 sha256:f1b7d88855476cb21adb878937cc687f4bd259050743f8ddedad7185759b71a8
#4 ERROR: gcr.io/fuzzbench/builders/benchmark/cjson_cjson:latest: not found

#9 [internal] load build context
#9 sha256:64a534a47913922c055b34878a927aeccc197c32647bc5bf86471010133991f1
#9 transferring context: 30B done
#9 DONE 0.1s

#6 [2/5] RUN apt-get update && apt-get install -y cmake
#6 sha256:c41efadccd456f2e226cd78e766538015e031312db1bb5ea4d112c239de6cb0d
#6 CACHED

#7 [3/5] RUN git clone --depth 1 https://github.com/DaveGamble/cJSON.git cjson
#7 sha256:402253c2c2806b4c3b63d19d1ad098b22eecf96fee112f994df1e1e326fe745f
#7 CACHED

#8 [4/5] WORKDIR cjson
#8 sha256:94ac96f085c92d989e3491400ea2e7a585497727c0284bd68d5866262e7f495a
#8 CACHED

#10 [5/5] COPY build.sh /src/
#10 sha256:ff2715674acb3a5b41a248f557325abf798a90f0a097961894f38ee1064623f6
#10 CACHED

#11 exporting to image
#11 sha256:e8c613e07b0b7ff33893b694f7759a10d42e180f2b4dc349fb57dc6b71dcab00
#11 exporting layers done
#11 writing image sha256:5565c7559cd2e0800f885c3ea086baa1b8ffa078d900612ff9a35c7b697680f7 done
#11 naming to gcr.io/fuzzbench/builders/benchmark/cjson_cjson done
#11 DONE 0.2s

#12 exporting cache
#12 sha256:2700d4ef94dee473593c5c614b55b2dedcca7893909811a8f2b48291a1f581e4
#12 preparing build cache for export done
#12 DONE 0.0s
------
 > importing cache manifest from gcr.io/fuzzbench/builders/benchmark/cjson_cjson:
------
#2 [internal] load .dockerignore
#2 sha256:9ce23ad7124dc962032cbdb4c168027939d9ec10c0ca9489498bd83c672789c7
#2 transferring context: 2B done
#2 DONE 0.2s

#1 [internal] load build definition from builder.Dockerfile
#1 sha256:7a90e966de3c263d86e91526500b10f6ba94beff6eda8583f10c08adefdb361f
#1 transferring dockerfile: 1.35kB done
#1 DONE 0.2s

#3 [internal] load metadata for gcr.io/fuzzbench/builders/benchmark/cjson_cjson:latest
#3 sha256:37ede9f3da15a117410b48197b6d39e09feb654de88208488f0675a11e4411cb
#3 DONE 0.0s

#5 [1/3] FROM gcr.io/fuzzbench/builders/benchmark/cjson_cjson
#5 sha256:e67678847d9b608b0b322fed841f6188330ab1c8cd572f5ea900f8fec88c5fd5
#5 DONE 0.0s

#4 importing cache manifest from gcr.io/fuzzbench/builders/afl/cjson_cjson-intermediate
#4 sha256:102f443df050a03e6e020f711e1e667e07e9c10d9cee2f377a83a1b1beb4bc87
#4 ERROR: gcr.io/fuzzbench/builders/afl/cjson_cjson-intermediate:latest: not found

#6 [2/3] RUN git clone https://github.com/google/AFL.git /afl &&     cd /afl &&     git checkout 61037103ae3722c8060ff7082994836a794f978e &&     AFL_NO_X86=1 make
#6 sha256:020a596db2e7bb83fc7ca994e6a2782fae237dff52a2ff1d770012479abed60c
#6 CACHED

#7 [3/3] RUN apt-get update &&     apt-get install wget -y &&     wget https://raw.githubusercontent.com/llvm/llvm-project/5feb80e748924606531ba28c97fe65145c65372e/compiler-rt/lib/fuzzer/afl/afl_driver.cpp -O /afl/afl_driver.cpp &&     clang -Wno-pointer-sign -c /afl/llvm_mode/afl-llvm-rt.o.c -I/afl &&     clang++ -stdlib=libc++ -std=c++11 -O2 -c /afl/afl_driver.cpp &&     ar r /libAFL.a *.o
#7 sha256:b89c4b999bd39612cd2c937aebb8474009af6954f86884bdaf429bd40e1a9df5
#7 CACHED

#8 exporting to image
#8 sha256:e8c613e07b0b7ff33893b694f7759a10d42e180f2b4dc349fb57dc6b71dcab00
#8 exporting layers done
#8 writing image sha256:daa00f247523536c314fa6d54f7ef53cb5e2f831b8e5aef79c923100a79fff0e
#8 writing image sha256:daa00f247523536c314fa6d54f7ef53cb5e2f831b8e5aef79c923100a79fff0e 0.0s done
#8 naming to gcr.io/fuzzbench/builders/afl/cjson_cjson-intermediate done
#8 DONE 0.4s

#9 exporting cache
#9 sha256:2700d4ef94dee473593c5c614b55b2dedcca7893909811a8f2b48291a1f581e4
#9 preparing build cache for export done
#9 DONE 0.0s
------
 > importing cache manifest from gcr.io/fuzzbench/builders/afl/cjson_cjson-intermediate:
------
#2 [internal] load .dockerignore
#2 sha256:2befef786f971bfc28ffe95dd74b8e9723c2153c8ccd0e94719e6c9778cb5617
#2 transferring context: 34B done
#2 DONE 0.1s

#1 [internal] load build definition from Dockerfile
#1 sha256:2f8d9b26114b166d204716ceeaf2c09362c2916b9434457073962e6d5af97cc1
#1 transferring dockerfile: 2.00kB done
#1 DONE 0.2s

#3 [internal] load metadata for docker.io/library/ubuntu:xenial
#3 sha256:f62bae18ed588840f045c881b2502661f2a89578a2f8f99b83f5200ee83dd25b
#3 DONE 0.0s

#5 [1/7] FROM docker.io/library/ubuntu:xenial
#5 sha256:14dd403f25ae9e519bd44f27dc17af7ce80f5a4f9f48ca88108364e67ec5d360
#5 DONE 0.0s

#4 importing cache manifest from gcr.io/fuzzbench/base-image
#4 sha256:9b220ebb4d4daceed1b96df9b6dca076e762f1cd612574f010b82d5b9e5ad896
#4 DONE 0.0s

#8 [internal] load build context
#8 sha256:22d535ac5b7ac6e43f1ce4a4e7bd6b427e3089fdb8c8d202d769fec51520f86f
#8 transferring context: 559B 0.2s done
#8 DONE 0.2s

#11 [6/7] RUN apt-get update -y && apt-get install -y     apt-transport-https     lsb-release
#11 sha256:99e04392b807c50d34022e68dfd2cdcb34882271175014f7a6fdaf35981412a3
#11 CACHED

#6 [2/7] RUN apt-get update -y && apt-get install -y     build-essential     rsync     curl     zlib1g-dev     libncurses5-dev     libgdbm-dev     libnss3-dev     libssl-dev     libreadline-dev     libffi-dev     virtualenv     libbz2-dev     liblzma-dev     libsqlite3-dev
#6 sha256:3a1b0960f17eed529eaae93dc8fd3554f2743dd584d8fa569cdbe6bc734371ac
#6 CACHED

#7 [3/7] RUN cd /tmp/ &&     curl -O https://www.python.org/ftp/python/3.8.6/Python-3.8.6.tar.xz &&     tar -xvf Python-3.8.6.tar.xz &&     cd Python-3.8.6 &&     ./configure --enable-loadable-sqlite-extensions --enable-optimizations &&     make -j install &&     rm -r /tmp/Python-3.8.6.tar.xz /tmp/Python-3.8.6
#7 sha256:c5b9d1fb3371e84dbc60b76e7b2f8d5913bc93bcd4910ab65daa03e7b2ec4bb0
#7 CACHED

#9 [4/7] COPY ./requirements.txt /
#9 sha256:3a6c0d25d1143bbe9ef0c16589e3bd4b09cdea22085a5f63e59ce1c1d268dbc2
#9 CACHED

#10 [5/7] RUN pip3 install -r /requirements.txt
#10 sha256:d3543f289151b0558578dba98aadec5d100e1294b21a3557e1c480bc3ba8c6ee
#10 CACHED

#12 [7/7] RUN CLOUD_SDK_REPO="cloud-sdk-$(lsb_release -c -s)" &&     echo "deb https://packages.cloud.google.com/apt $CLOUD_SDK_REPO main"     | tee -a /etc/apt/sources.list.d/google-cloud-sdk.list &&     curl https://packages.cloud.google.com/apt/doc/apt-key.gpg     | apt-key add - &&     apt-get update -y &&     apt-get install -y google-cloud-sdk
#12 sha256:7c16fa22fcee827aa045d5c707dfa0884df4c0341488f103057a280eea4f0b6d
#12 CACHED

#13 exporting to image
#13 sha256:e8c613e07b0b7ff33893b694f7759a10d42e180f2b4dc349fb57dc6b71dcab00
#13 exporting layers done
#13 writing image sha256:ef0e87506e02e8309334e3a5cc106b4cd4043dd187be24e173eb28546ac98029 0.0s done
#13 naming to gcr.io/fuzzbench/base-image done
#13 DONE 0.1s

#14 exporting cache
#14 sha256:2700d4ef94dee473593c5c614b55b2dedcca7893909811a8f2b48291a1f581e4
#14 preparing build cache for export done
#14 DONE 0.0s
#1 [internal] load build definition from Dockerfile
#1 sha256:24f9dde6056b2fd0e866dd82e2d48e4a297856355a06b28d733cf55cab677887
#1 transferring dockerfile: 2.22kB done
#1 DONE 0.1s

#2 [internal] load .dockerignore
#2 sha256:7311a998f3e19e4cbae5ee59af7cbbce3a0e17d7038dc4f2c67e4b9c54676c6d
#2 transferring context: 34B done
#2 DONE 0.1s

#4 [internal] load metadata for gcr.io/fuzzbench/base-image:latest
#4 sha256:932022888f650cc455b10eb5123bb08c0cccacac29a693e69314abbfd28a72c3
#4 DONE 0.0s

#3 [internal] load metadata for gcr.io/fuzzbench/builders/afl/cjson_cjson-intermediate:latest
#3 sha256:6d6a4b402d040785610e1d37edc11199630105052eaa4cb7ec80e0f19ea58414
#3 DONE 0.0s

#12 [internal] load build context
#12 sha256:507b4ab4dc399183242f69c129e464c8e10accad113b07943e3d03ed4f59bf9b
#12 DONE 0.0s

#7 [base-image 1/1] FROM gcr.io/fuzzbench/base-image
#7 sha256:4d07825694520f8b6f6a0d8592dbd345433361ae044cb7f06706c5a95e3daaad
#7 DONE 0.0s

#6 [stage-1  1/13] FROM gcr.io/fuzzbench/builders/afl/cjson_cjson-intermediate
#6 sha256:55903ce1409c92e9b6f4024765626b69fe8527f96d648242ac9689c93f72496a
#6 DONE 0.0s

#5 importing cache manifest from gcr.io/fuzzbench/builders/afl/cjson_cjson
#5 sha256:b5b1974189fd799fc0aaac8d331cfd6522829ecb11e1c3ff9e259383be8949fe
#5 ERROR: gcr.io/fuzzbench/builders/afl/cjson_cjson:latest: not found

#12 [internal] load build context
#12 sha256:507b4ab4dc399183242f69c129e464c8e10accad113b07943e3d03ed4f59bf9b
#12 transferring context: 669.86kB 0.1s done
#12 DONE 0.1s

#9 [stage-1  3/13] COPY --from=base-image /usr/local/lib/python3.8 /usr/local/lib/python3.8
#9 sha256:d467b1c4eac40009f3b2aedbd218afc27d1bb3ce8c534168370104562cddbc41
#9 CACHED

#10 [stage-1  4/13] COPY --from=base-image /usr/local/include/python3.8 /usr/local/include/python3.8
#10 sha256:a8557d2fd862049c8b0472d61ddf1472ea7f72e1ee7bb512653e48c10ab7a1c1
#10 CACHED

#11 [stage-1  5/13] COPY --from=base-image /usr/local/lib/python3.8/site-packages /usr/local/lib/python3.8/site-packages
#11 sha256:b441b5d1f0044756d148d841d97b6b6e37fc82496a98cc4f37c114946368938a
#11 CACHED

#13 [stage-1  6/13] COPY fuzzers /src/fuzzers
#13 sha256:cb0286450718810fc4676fe9fefda4c2587fbcf315616014c2f7c07f03a7a235
#13 CACHED

#8 [stage-1  2/13] COPY --from=base-image /usr/local/bin/python3* /usr/local/bin/
#8 sha256:72aa1af9f4f3b3d97b3851645b862fd3c24f9023d14ec48b326c07e0e1e59e1d
#8 CACHED

#14 [stage-1  7/13] RUN touch /src/__init__.py
#14 sha256:f87b4f7ba0a5577c7239aae67c26e6a8f8d22269486a2fdd5af271834a8b8f03
#14 CACHED

#15 [stage-1  8/13] COPY benchmarks/cjson_cjson/benchmark.yaml /
#15 sha256:524fed8047d2a8882894876259bd35046098eb585617cc28e9f849c8e3beffc6
#15 DONE 0.4s

#16 [stage-1  9/13] RUN mkdir /opt/fuzzbench/
#16 sha256:e3530688cda71506d14b8e77ceee45244666b4ab6cc8b17f1943510a654b3eeb
#16 DONE 0.6s

#17 [stage-1 10/13] COPY docker/benchmark-builder/checkout_commit.py /opt/fuzzbench/
#17 sha256:0fb1e0af461c83855c41983675593bc5b0d511adbfe4f82c54eac50d59737471
#17 DONE 0.3s

#18 [stage-1 11/13] RUN export CHECKOUT_COMMIT=$(cat /benchmark.yaml | tr -d ' ' | grep 'commit:' | cut -d ':' -f2) &&     python3 -u /opt/fuzzbench/checkout_commit.py $CHECKOUT_COMMIT /src
#18 sha256:48ab3051c0ecfa1ea3dca133c92379c720c5ef4a9ed9bc72a18c69ff09fd44d5
#18 0.505 Checking out commit 95a7b675
#18 2.403 From https://github.com/DaveGamble/cJSON
#18 2.403  * [new tag]         v0.0.0     -> v0.0.0
#18 2.403  * [new tag]         v1.0.0     -> v1.0.0
#18 2.404  * [new tag]         v1.0.1     -> v1.0.1
#18 2.404  * [new tag]         v1.0.2     -> v1.0.2
#18 2.404  * [new tag]         v1.1.0     -> v1.1.0
#18 2.405  * [new tag]         v1.2.0     -> v1.2.0
#18 2.405  * [new tag]         v1.2.1     -> v1.2.1
#18 2.406  * [new tag]         v1.3.0     -> v1.3.0
#18 2.406  * [new tag]         v1.3.1     -> v1.3.1
#18 2.406  * [new tag]         v1.3.2     -> v1.3.2
#18 2.406  * [new tag]         v1.4.0     -> v1.4.0
#18 2.407  * [new tag]         v1.4.1     -> v1.4.1
#18 2.407  * [new tag]         v1.4.2     -> v1.4.2
#18 2.407  * [new tag]         v1.4.3     -> v1.4.3
#18 2.407  * [new tag]         v1.4.4     -> v1.4.4
#18 2.408  * [new tag]         v1.4.5     -> v1.4.5
#18 2.408  * [new tag]         v1.4.6     -> v1.4.6
#18 2.408  * [new tag]         v1.4.7     -> v1.4.7
#18 2.409  * [new tag]         v1.5.0     -> v1.5.0
#18 2.409  * [new tag]         v1.5.1     -> v1.5.1
#18 2.409  * [new tag]         v1.5.2     -> v1.5.2
#18 2.409  * [new tag]         v1.5.3     -> v1.5.3
#18 2.410  * [new tag]         v1.5.4     -> v1.5.4
#18 2.410  * [new tag]         v1.5.5     -> v1.5.5
#18 2.410  * [new tag]         v1.5.6     -> v1.5.6
#18 2.410  * [new tag]         v1.5.7     -> v1.5.7
#18 2.411  * [new tag]         v1.5.8     -> v1.5.8
#18 2.411  * [new tag]         v1.5.9     -> v1.5.9
#18 2.411  * [new tag]         v1.6.0     -> v1.6.0
#18 2.412  * [new tag]         v1.7.0     -> v1.7.0
#18 2.412  * [new tag]         v1.7.1     -> v1.7.1
#18 2.412  * [new tag]         v1.7.10    -> v1.7.10
#18 2.412  * [new tag]         v1.7.11    -> v1.7.11
#18 2.413  * [new tag]         v1.7.12    -> v1.7.12
#18 2.413  * [new tag]         v1.7.13    -> v1.7.13
#18 2.413  * [new tag]         v1.7.14    -> v1.7.14
#18 2.413  * [new tag]         v1.7.15    -> v1.7.15
#18 2.414  * [new tag]         v1.7.2     -> v1.7.2
#18 2.414  * [new tag]         v1.7.3     -> v1.7.3
#18 2.414  * [new tag]         v1.7.4     -> v1.7.4
#18 2.414  * [new tag]         v1.7.5     -> v1.7.5
#18 2.415  * [new tag]         v1.7.6     -> v1.7.6
#18 2.415  * [new tag]         v1.7.7     -> v1.7.7
#18 2.415  * [new tag]         v1.7.8     -> v1.7.8
#18 2.415  * [new tag]         v1.7.9     -> v1.7.9
#18 2.422 error: pathspec '95a7b675' did not match any file(s) known to git
#18 2.427 error: pathspec '95a7b675' did not match any file(s) known to git
#18 2.434 error: pathspec '95a7b675' did not match any file(s) known to git
#18 2.481 Checkout unsuccessful.
#18 DONE 2.8s

#19 [stage-1 12/13] RUN echo "#!/bin/bash\nPYTHONPATH=/src python3 -u -c "from fuzzers import utils; utils.initialize_env(); from fuzzers.afl import fuzzer; fuzzer.build()"" > /usr/bin/fuzzer_build &&     chmod +x /usr/bin/fuzzer_build
#19 sha256:48317799d9e64ecc0c0ea23653d3a7963b575cc9b7f88a8f83d4ba91663ec193
#19 DONE 0.7s

#20 [stage-1 13/13] RUN echo "Run fuzzer_build to build the target" && if [ -z "$debug_builder" ] ; then fuzzer_build; fi
#20 sha256:12b96cf223492d0ead1f3b99434540374b58b94f0c91767c24f5e72e86312d3d
#20 0.546 Run fuzzer_build to build the target
#20 0.667 FUZZ_TARGET = cjson
#20 0.667 CFLAGS = -DFUZZING_BUILD_MODE_UNSAFE_FOR_PRODUCTION -pthread -Wl,--no-as-needed -Wl,-ldl -Wl,-lm -Wno-unused-command-line-argument -O3
#20 0.667 CXXFLAGS = -DFUZZING_BUILD_MODE_UNSAFE_FOR_PRODUCTION -pthread -Wl,--no-as-needed -Wl,-ldl -Wl,-lm -Wno-unused-command-line-argument -stdlib=libc++ -O3
#20 0.672 Building benchmark cjson_cjson with fuzzer afl
#20 0.675 + /src/cjson/fuzzing/ossfuzz.sh
#20 0.978 -- The C compiler identification is Clang 14.0.0
#20 0.993 -- Detecting C compiler ABI info
#20 1.159 -- Detecting C compiler ABI info - done
#20 1.209 -- Check for working C compiler: /usr/local/bin/clang - skipped
#20 1.210 -- Detecting C compile features
#20 1.211 -- Detecting C compile features - done
#20 1.218 -- Performing Test FLAG_SUPPORTED_stdc89
#20 1.364 -- Performing Test FLAG_SUPPORTED_stdc89 - Success
#20 1.366 -- Performing Test FLAG_SUPPORTED_pedantic
#20 1.518 -- Performing Test FLAG_SUPPORTED_pedantic - Success
#20 1.520 -- Performing Test FLAG_SUPPORTED_Wall
#20 1.668 -- Performing Test FLAG_SUPPORTED_Wall - Success
#20 1.671 -- Performing Test FLAG_SUPPORTED_Wextra
#20 1.818 -- Performing Test FLAG_SUPPORTED_Wextra - Success
#20 1.820 -- Performing Test FLAG_SUPPORTED_Werror
#20 1.966 -- Performing Test FLAG_SUPPORTED_Werror - Success
#20 1.969 -- Performing Test FLAG_SUPPORTED_Wstrictprototypes
#20 2.119 -- Performing Test FLAG_SUPPORTED_Wstrictprototypes - Success
#20 2.122 -- Performing Test FLAG_SUPPORTED_Wwritestrings
#20 2.277 -- Performing Test FLAG_SUPPORTED_Wwritestrings - Success
#20 2.280 -- Performing Test FLAG_SUPPORTED_Wshadow
#20 2.429 -- Performing Test FLAG_SUPPORTED_Wshadow - Success
#20 2.432 -- Performing Test FLAG_SUPPORTED_Winitself
#20 2.582 -- Performing Test FLAG_SUPPORTED_Winitself - Success
#20 2.585 -- Performing Test FLAG_SUPPORTED_Wcastalign
#20 2.739 -- Performing Test FLAG_SUPPORTED_Wcastalign - Success
#20 2.742 -- Performing Test FLAG_SUPPORTED_Wformat2
#20 2.892 -- Performing Test FLAG_SUPPORTED_Wformat2 - Success
#20 2.895 -- Performing Test FLAG_SUPPORTED_Wmissingprototypes
#20 3.044 -- Performing Test FLAG_SUPPORTED_Wmissingprototypes - Success
#20 3.047 -- Performing Test FLAG_SUPPORTED_Wstrictoverflow2
#20 3.194 -- Performing Test FLAG_SUPPORTED_Wstrictoverflow2 - Success
#20 3.197 -- Performing Test FLAG_SUPPORTED_Wcastqual
#20 3.350 -- Performing Test FLAG_SUPPORTED_Wcastqual - Success
#20 3.352 -- Performing Test FLAG_SUPPORTED_Wundef
#20 3.506 -- Performing Test FLAG_SUPPORTED_Wundef - Success
#20 3.508 -- Performing Test FLAG_SUPPORTED_Wswitchdefault
#20 3.654 -- Performing Test FLAG_SUPPORTED_Wswitchdefault - Success
#20 3.656 -- Performing Test FLAG_SUPPORTED_Wconversion
#20 3.807 -- Performing Test FLAG_SUPPORTED_Wconversion - Success
#20 3.810 -- Performing Test FLAG_SUPPORTED_Wccompat
#20 3.959 -- Performing Test FLAG_SUPPORTED_Wccompat - Success
#20 3.961 -- Performing Test FLAG_SUPPORTED_fstackprotectorstrong
#20 4.109 -- Performing Test FLAG_SUPPORTED_fstackprotectorstrong - Success
#20 4.112 -- Performing Test FLAG_SUPPORTED_Wcomma
#20 4.258 -- Performing Test FLAG_SUPPORTED_Wcomma - Success
#20 4.261 -- Performing Test FLAG_SUPPORTED_Wdoublepromotion
#20 4.410 -- Performing Test FLAG_SUPPORTED_Wdoublepromotion - Success
#20 4.412 -- Performing Test FLAG_SUPPORTED_Wparentheses
#20 4.570 -- Performing Test FLAG_SUPPORTED_Wparentheses - Success
#20 4.573 -- Performing Test FLAG_SUPPORTED_Wformatoverflow
#20 4.612 -- Performing Test FLAG_SUPPORTED_Wformatoverflow - Failed
#20 4.614 -- Performing Test FLAG_SUPPORTED_Wunusedmacros
#20 4.759 -- Performing Test FLAG_SUPPORTED_Wunusedmacros - Success
#20 4.762 -- Performing Test FLAG_SUPPORTED_Wmissingvariabledeclarations
#20 4.908 -- Performing Test FLAG_SUPPORTED_Wmissingvariabledeclarations - Success
#20 4.912 -- Performing Test FLAG_SUPPORTED_Wusedbutmarkedunused
#20 5.058 -- Performing Test FLAG_SUPPORTED_Wusedbutmarkedunused - Success
#20 5.061 -- Performing Test FLAG_SUPPORTED_Wswitchenum
#20 5.206 -- Performing Test FLAG_SUPPORTED_Wswitchenum - Success
#20 5.209 -- Performing Test FLAG_SUPPORTED_fvisibilityhidden
#20 5.356 -- Performing Test FLAG_SUPPORTED_fvisibilityhidden - Success
#20 5.360 -- Configuring done
#20 5.368 -- Generating done
#20 5.370 -- Build files have been written to: /src/cjson/build
#20 5.397 [ 50%] Building C object CMakeFiles/cjson.dir/cJSON.c.o
#20 6.291 [100%] Linking C static library libcjson.a
#20 6.312 [100%] Built target cjson
#20 6.334 clang-14: warning: treating 'c' input as 'c++' when in C++ mode, this behavior is deprecated [-Wdeprecated]
#20 6.641   adding: src/cjson/fuzzing/inputs/ (stored 0%)
#20 6.641   adding: src/cjson/fuzzing/inputs/test5 (deflated 71%)
#20 6.642   adding: src/cjson/fuzzing/inputs/test8 (deflated 29%)
#20 6.642   adding: src/cjson/fuzzing/inputs/test6 (deflated 43%)
#20 6.642   adding: src/cjson/fuzzing/inputs/test9 (deflated 37%)
#20 6.642   adding: src/cjson/fuzzing/inputs/test3.uu (deflated 57%)
#20 6.642   adding: src/cjson/fuzzing/inputs/test2 (deflated 47%)
#20 6.642   adding: src/cjson/fuzzing/inputs/test10 (deflated 38%)
#20 6.642   adding: src/cjson/fuzzing/inputs/test7 (deflated 54%)
#20 6.642   adding: src/cjson/fuzzing/inputs/test3.bu (deflated 57%)
#20 6.642   adding: src/cjson/fuzzing/inputs/test3.uf (deflated 57%)
#20 6.642   adding: src/cjson/fuzzing/inputs/test11 (deflated 20%)
#20 6.642   adding: src/cjson/fuzzing/inputs/test4 (deflated 70%)
#20 6.643   adding: src/cjson/fuzzing/inputs/test3 (deflated 57%)
#20 6.643   adding: src/cjson/fuzzing/inputs/test1 (deflated 55%)
#20 6.645 [post_build] Copying afl-fuzz to $OUT directory
#20 DONE 7.2s

#21 exporting to image
#21 sha256:e8c613e07b0b7ff33893b694f7759a10d42e180f2b4dc349fb57dc6b71dcab00
#21 exporting layers done
#21 writing image sha256:27eb967665585f900201e8ae993b94684b0b663ddd2045d5564c3dba13d63c8d
#21 writing image sha256:27eb967665585f900201e8ae993b94684b0b663ddd2045d5564c3dba13d63c8d 0.0s done
#21 naming to gcr.io/fuzzbench/builders/afl/cjson_cjson done
#21 DONE 0.1s

#22 exporting cache
#22 sha256:2700d4ef94dee473593c5c614b55b2dedcca7893909811a8f2b48291a1f581e4
#22 preparing build cache for export done
#22 DONE 0.0s
------
 > importing cache manifest from gcr.io/fuzzbench/builders/afl/cjson_cjson:
------
#1 [internal] load build definition from runner.Dockerfile
#1 sha256:63d13b140ddb986406a4a287145725dca9c6c2f2a17f52aa5f8350131bb69071
#1 transferring dockerfile: 656B done
#1 DONE 0.0s

#2 [internal] load .dockerignore
#2 sha256:beef090e6f68e03fb84ccf1e5db4dc855cf4993da93874e636e277e0ea5e55e9
#2 transferring context: 2B done
#2 DONE 0.0s

#3 [internal] load metadata for gcr.io/fuzzbench/base-image:latest
#3 sha256:932022888f650cc455b10eb5123bb08c0cccacac29a693e69314abbfd28a72c3
#3 DONE 0.0s

#4 [1/1] FROM gcr.io/fuzzbench/base-image
#4 sha256:4d07825694520f8b6f6a0d8592dbd345433361ae044cb7f06706c5a95e3daaad
#4 DONE 0.0s

#5 importing cache manifest from gcr.io/fuzzbench/runners/afl/cjson_cjson-intermediate
#5 sha256:ed07e687033a25f569116be7ac7a8d277a020cca4fdf6fbbe552d78f98c57846
#5 ERROR: gcr.io/fuzzbench/runners/afl/cjson_cjson-intermediate:latest: not found

#4 [1/1] FROM gcr.io/fuzzbench/base-image
#4 sha256:4d07825694520f8b6f6a0d8592dbd345433361ae044cb7f06706c5a95e3daaad
#4 CACHED

#6 exporting to image
#6 sha256:e8c613e07b0b7ff33893b694f7759a10d42e180f2b4dc349fb57dc6b71dcab00
#6 exporting layers done
#6 writing image sha256:1bbac81dd24d178a85e6f40a81697334e100ff78f25f92131a3470403d610d33 done
#6 naming to gcr.io/fuzzbench/runners/afl/cjson_cjson-intermediate done
#6 DONE 0.2s

#7 exporting cache
#7 sha256:2700d4ef94dee473593c5c614b55b2dedcca7893909811a8f2b48291a1f581e4
#7 preparing build cache for export done
#7 DONE 0.0s
------
 > importing cache manifest from gcr.io/fuzzbench/runners/afl/cjson_cjson-intermediate:
------
#1 [internal] load build definition from Dockerfile
#1 sha256:7d5440821305138d26634a0a3f3c4dbfe7f166fb9bb7eec512a479930f12d13d
#1 transferring dockerfile: 3.17kB done
#1 DONE 0.0s

#2 [internal] load .dockerignore
#2 sha256:4d42c18a45cfeaa3329969773bf15c54f0cf51dd2b1503598feb6e7b1537bcbc
#2 transferring context: 34B done
#2 DONE 0.0s

#3 [internal] load metadata for gcr.io/fuzzbench/runners/afl/cjson_cjson-intermediate:latest
#3 sha256:27dcc9f49a75ee0989048497b308eecabb759bfc9bb086cc413046a1136d69b8
#3 DONE 0.0s

#4 [internal] load metadata for gcr.io/fuzzbench/builders/afl/cjson_cjson:latest
#4 sha256:6a974683dd9c89be30dbff0ca6e2b2cbbc0db9cfb8fcec6f829e035b85299766
#4 DONE 0.0s

#12 [internal] load build context
#12 sha256:ceabca83498af6be689bb78ceef2b6fe510f2590428772c150a486aec3bc1888
#12 DONE 0.0s

#6 [stage-1  1/13] FROM gcr.io/fuzzbench/runners/afl/cjson_cjson-intermediate
#6 sha256:206eb9a52bd449e7c992ffbb12dc8508ee4e9332953bf6e8851d98df5d67f911
#6 DONE 0.0s

#10 [builder 1/1] FROM gcr.io/fuzzbench/builders/afl/cjson_cjson
#10 sha256:b3fc4dc2fca8d3c2e74cc8470e8d17658cab2b7db64e758c57d4dc11a4976a39
#10 DONE 0.0s

#5 importing cache manifest from gcr.io/fuzzbench/runners/afl/cjson_cjson
#5 sha256:3022c46d28ccd7d35af76db94b26d5dc52e1488db860e76f452cd36a79794646
#5 ERROR: gcr.io/fuzzbench/runners/afl/cjson_cjson:latest: not found

#12 [internal] load build context
#12 sha256:ceabca83498af6be689bb78ceef2b6fe510f2590428772c150a486aec3bc1888
#12 ...

#10 [builder 1/1] FROM gcr.io/fuzzbench/builders/afl/cjson_cjson
#10 sha256:b3fc4dc2fca8d3c2e74cc8470e8d17658cab2b7db64e758c57d4dc11a4976a39
#10 DONE 0.6s

#12 [internal] load build context
#12 sha256:ceabca83498af6be689bb78ceef2b6fe510f2590428772c150a486aec3bc1888
#12 transferring context: 19.00MB 0.7s done
#12 DONE 0.7s

#7 [stage-1  2/13] RUN apt-get update -y && apt-get install -y     libglib2.0-0     libxml2     libarchive13     libgss3
#7 sha256:65f3c0957d38ada94eab6251257bef9842fb106ec44b62d8759dc363f52a1349
#7 CACHED

#8 [stage-1  3/13] RUN mkdir -p /out
#8 sha256:ce6bb8c8687f9676896553256222849b3adf4216c8e42b48a791ebe3c3ecad1f
#8 CACHED

#9 [stage-1  4/13] WORKDIR /out
#9 sha256:93058f93f88106f506bfe32621ab170b38ba73b24d71599bef23bbbdb2eb868f
#9 CACHED

#11 [stage-1  5/13] COPY --from=builder /out/ ./
#11 sha256:f2575074df0351cc7beb84d5b6234d8ac515bb50b1d2ca19fde6e735725bb244
#11 CACHED

#13 [stage-1  6/13] COPY benchmarks /src/benchmarks
#13 sha256:86b4ae3768a0628f1e815a8b0802d37e616ea783fed207ff389daa2edc2c07cf
#13 DONE 0.9s

#14 [stage-1  7/13] COPY fuzzers /src/fuzzers
#14 sha256:b31a56039d3128a7acb612bddf4faec3ae512231a0080c10d3404e9c5fc7f536
#14 DONE 0.3s

#15 [stage-1  8/13] RUN touch __init__.py
#15 sha256:69b000d12b1245f49c3879e37b1faa1a34659f52e7cf973e373ae53c2067e11e
#15 DONE 0.6s

#16 [stage-1  9/13] RUN mkdir -p /out/seeds /out/corpus
#16 sha256:c0d42797d34447737d3d5721fcce6a64bcee3e801c6ca99aee100e15b69ff9a3
#16 DONE 0.7s

#17 [stage-1 10/13] COPY common /src/common
#17 sha256:e8fa645fdc9fc477037383aac46a16fbc3a4e7efeeb02067f2e8272faedc024a
#17 DONE 0.3s

#18 [stage-1 11/13] COPY experiment/runner.py /src/experiment/runner.py
#18 sha256:23939122d8d9c24ea7ab3252c7ac7969f3f8c76b993a4a57b5bed7e3ae7912d9
#18 DONE 0.2s

#19 [stage-1 12/13] COPY docker/benchmark-runner /src/docker/benchmark-runner
#19 sha256:bad48bd1b1a2ace1353cca95e91c629af93c91b399fb8a18f2e7c7a919054db2
#19 DONE 0.2s

#20 [stage-1 13/13] RUN chmod +x /src/docker/benchmark-runner/startup-runner.sh
#20 sha256:b94ab7483146e39bd0d7d05a16e57db9e8deba3d9265fe95670de9e7d1cc4408
#20 DONE 0.6s

#21 exporting to image
#21 sha256:e8c613e07b0b7ff33893b694f7759a10d42e180f2b4dc349fb57dc6b71dcab00
#21 exporting layers done
#21 writing image sha256:b1332a639c6437c61d927e45772f3594ee389ca563802ff894579613fc77fb0f
#21 writing image sha256:b1332a639c6437c61d927e45772f3594ee389ca563802ff894579613fc77fb0f 0.0s done
#21 naming to gcr.io/fuzzbench/runners/afl/cjson_cjson done
#21 DONE 0.1s

#22 exporting cache
#22 sha256:2700d4ef94dee473593c5c614b55b2dedcca7893909811a8f2b48291a1f581e4
#22 preparing build cache for export done
#22 DONE 0.0s
------
 > importing cache manifest from gcr.io/fuzzbench/runners/afl/cjson_cjson:
------
INFO:root:Doing trial as part of experiment.
INFO:root:Starting trial.
ERROR:root:Fuzz target binary not found.
INFO:root:Doing final sync.
ERROR:root:Call to <function get_stats at 0x7f99c2050ee0> failed. Extras: {'traceback': 'Traceback (most recent call last):\n  File "/src/experiment/runner.py", line 374, in record_stats\n    stats_json_str = fuzzer_module_get_stats(output_corpus,\n  File "/src/fuzzers/afl/fuzzer.py", line 51, in get_stats\n    with open(stats_file) as file_handle:\nFileNotFoundError: [Errno 2] No such file or directory: \'/out/corpus/fuzzer_stats\'\n'}
/bin/sh: 1: source: not found
#1 [internal] load build definition from Dockerfile
#1 sha256:ece81cc017d0422fbb8a48ae5c5334c3d7a229c5b44c06e4a165ac640dd723f7
#1 transferring dockerfile:
#1 transferring dockerfile: 32B done
#1 DONE 0.8s

#2 [internal] load .dockerignore
#2 sha256:7dfaa69d69ce29ec2d3b6874156db8841230d784e93ad2aa4bdb8d7fe29e4c5d
#2 transferring context: 2B done
#2 DONE 1.5s

#3 [internal] load metadata for gcr.io/oss-fuzz-base/base-builder:latest
#3 sha256:f10dc39cc9d418a5bc416dead31a1902b6821fdae909cd3b08f7a3fd1faba7b5
#3 DONE 0.6s

#5 [1/5] FROM gcr.io/oss-fuzz-base/base-builder@sha256:112044a9815d235113677d459cf2ece740a51f2b85081c8f66943dcdc72ddf7f
#5 sha256:4aee4bf9f7280ac8b7f02b8d29e6e084dd034d2c294b4e3e05d8ce7048a1450f
#5 DONE 0.0s

#4 importing cache manifest from gcr.io/fuzzbench/builders/benchmark/cjson_cjson
#4 sha256:f1b7d88855476cb21adb878937cc687f4bd259050743f8ddedad7185759b71a8
#4 DONE 0.0s

#9 [internal] load build context
#9 sha256:4555235be426fe12d6f5ad080aad159ce26b7401ca9843c53810180364cc94c4
#9 transferring context: 30B done
#9 DONE 0.3s

#7 [3/5] RUN git clone --depth 1 https://github.com/DaveGamble/cJSON.git cjson
#7 sha256:402253c2c2806b4c3b63d19d1ad098b22eecf96fee112f994df1e1e326fe745f
#7 CACHED

#8 [4/5] WORKDIR cjson
#8 sha256:94ac96f085c92d989e3491400ea2e7a585497727c0284bd68d5866262e7f495a
#8 CACHED

#6 [2/5] RUN apt-get update && apt-get install -y cmake
#6 sha256:c41efadccd456f2e226cd78e766538015e031312db1bb5ea4d112c239de6cb0d
#6 CACHED

#10 [5/5] COPY build.sh /src/
#10 sha256:da8ba16d4303a33776124aac9f509464bfb7ba37a4d078cf52a0550876f0f3d3
#10 CACHED

#11 exporting to image
#11 sha256:e8c613e07b0b7ff33893b694f7759a10d42e180f2b4dc349fb57dc6b71dcab00
#11 exporting layers done
#11 writing image sha256:5565c7559cd2e0800f885c3ea086baa1b8ffa078d900612ff9a35c7b697680f7 0.1s done
#11 naming to gcr.io/fuzzbench/builders/benchmark/cjson_cjson done
#11 DONE 2.0s

#12 exporting cache
#12 sha256:2700d4ef94dee473593c5c614b55b2dedcca7893909811a8f2b48291a1f581e4
#12 preparing build cache for export done
#12 DONE 0.0s
#1 [internal] load build definition from builder.Dockerfile
#1 sha256:71f18377e36a2e3946bcf5bb10b3608541b37175c01672e842ef4480c55af592
#1 transferring dockerfile: 1.35kB done
#1 DONE 0.1s

#2 [internal] load .dockerignore
#2 sha256:f49973676d879b1e251bbd4119871c7c02efa83e2608a2708e37795823e8d033
#2 transferring context: 2B done
#2 DONE 0.1s

#3 [internal] load metadata for gcr.io/fuzzbench/builders/benchmark/cjson_cjson:latest
#3 sha256:37ede9f3da15a117410b48197b6d39e09feb654de88208488f0675a11e4411cb
#3 DONE 0.0s

#5 [1/3] FROM gcr.io/fuzzbench/builders/benchmark/cjson_cjson
#5 sha256:e67678847d9b608b0b322fed841f6188330ab1c8cd572f5ea900f8fec88c5fd5
#5 DONE 0.0s

#4 importing cache manifest from gcr.io/fuzzbench/builders/afl/cjson_cjson-intermediate
#4 sha256:102f443df050a03e6e020f711e1e667e07e9c10d9cee2f377a83a1b1beb4bc87
#4 DONE 0.0s

#6 [2/3] RUN git clone https://github.com/google/AFL.git /afl &&     cd /afl &&     git checkout 61037103ae3722c8060ff7082994836a794f978e &&     AFL_NO_X86=1 make
#6 sha256:020a596db2e7bb83fc7ca994e6a2782fae237dff52a2ff1d770012479abed60c
#6 CACHED

#7 [3/3] RUN apt-get update &&     apt-get install wget -y &&     wget https://raw.githubusercontent.com/llvm/llvm-project/5feb80e748924606531ba28c97fe65145c65372e/compiler-rt/lib/fuzzer/afl/afl_driver.cpp -O /afl/afl_driver.cpp &&     clang -Wno-pointer-sign -c /afl/llvm_mode/afl-llvm-rt.o.c -I/afl &&     clang++ -stdlib=libc++ -std=c++11 -O2 -c /afl/afl_driver.cpp &&     ar r /libAFL.a *.o
#7 sha256:b89c4b999bd39612cd2c937aebb8474009af6954f86884bdaf429bd40e1a9df5
#7 CACHED

#8 exporting to image
#8 sha256:e8c613e07b0b7ff33893b694f7759a10d42e180f2b4dc349fb57dc6b71dcab00
#8 exporting layers done
#8 writing image sha256:daa00f247523536c314fa6d54f7ef53cb5e2f831b8e5aef79c923100a79fff0e 0.0s done
#8 naming to gcr.io/fuzzbench/builders/afl/cjson_cjson-intermediate done
#8 DONE 0.3s

#9 exporting cache
#9 sha256:2700d4ef94dee473593c5c614b55b2dedcca7893909811a8f2b48291a1f581e4
#9 preparing build cache for export done
#9 DONE 0.0s
#2 [internal] load .dockerignore
#2 sha256:d6b40f922a3920922331076abdc079272870cac789e1a6647d341e0a2421a1cb
#2 transferring context: 34B done
#2 DONE 0.2s

#1 [internal] load build definition from Dockerfile
#1 sha256:84204e38dd6a81fe97fb3dd7176c8582433c0e5e296da726342dd30d49f7e955
#1 transferring dockerfile: 2.00kB done
#1 DONE 0.2s

#3 [internal] load metadata for docker.io/library/ubuntu:xenial
#3 sha256:f62bae18ed588840f045c881b2502661f2a89578a2f8f99b83f5200ee83dd25b
#3 DONE 0.0s

#5 [1/7] FROM docker.io/library/ubuntu:xenial
#5 sha256:14dd403f25ae9e519bd44f27dc17af7ce80f5a4f9f48ca88108364e67ec5d360
#5 DONE 0.0s

#4 importing cache manifest from gcr.io/fuzzbench/base-image
#4 sha256:9b220ebb4d4daceed1b96df9b6dca076e762f1cd612574f010b82d5b9e5ad896
#4 DONE 0.0s

#8 [internal] load build context
#8 sha256:b3c11f4f5c6685c95eb153ac9bd795c0c7606670491138db5297f38f84f9825e
#8 transferring context: 559B 0.1s done
#8 DONE 0.2s

#7 [3/7] RUN cd /tmp/ &&     curl -O https://www.python.org/ftp/python/3.8.6/Python-3.8.6.tar.xz &&     tar -xvf Python-3.8.6.tar.xz &&     cd Python-3.8.6 &&     ./configure --enable-loadable-sqlite-extensions --enable-optimizations &&     make -j install &&     rm -r /tmp/Python-3.8.6.tar.xz /tmp/Python-3.8.6
#7 sha256:c5b9d1fb3371e84dbc60b76e7b2f8d5913bc93bcd4910ab65daa03e7b2ec4bb0
#7 CACHED

#9 [4/7] COPY ./requirements.txt /
#9 sha256:f66a5eb0e223680afa07eb1389e817db192f02b2bba08f570047796f5a614ca6
#9 CACHED

#10 [5/7] RUN pip3 install -r /requirements.txt
#10 sha256:a240fbd5f5c2aa7c1155443d20f6a0dcb198c88d40429ab674659fc125084cb9
#10 CACHED

#11 [6/7] RUN apt-get update -y && apt-get install -y     apt-transport-https     lsb-release
#11 sha256:0d5f366de1cf26c05c325f20a6e195b8da6ff71921214883da61d9a1b8fbe138
#11 CACHED

#6 [2/7] RUN apt-get update -y && apt-get install -y     build-essential     rsync     curl     zlib1g-dev     libncurses5-dev     libgdbm-dev     libnss3-dev     libssl-dev     libreadline-dev     libffi-dev     virtualenv     libbz2-dev     liblzma-dev     libsqlite3-dev
#6 sha256:3a1b0960f17eed529eaae93dc8fd3554f2743dd584d8fa569cdbe6bc734371ac
#6 CACHED

#12 [7/7] RUN CLOUD_SDK_REPO="cloud-sdk-$(lsb_release -c -s)" &&     echo "deb https://packages.cloud.google.com/apt $CLOUD_SDK_REPO main"     | tee -a /etc/apt/sources.list.d/google-cloud-sdk.list &&     curl https://packages.cloud.google.com/apt/doc/apt-key.gpg     | apt-key add - &&     apt-get update -y &&     apt-get install -y google-cloud-sdk
#12 sha256:9b4236235cd5e1bd5028dd6ffa5d47e3e6e0a9c6d0f5ebe791c3a054f2e0365f
#12 CACHED

#13 exporting to image
#13 sha256:e8c613e07b0b7ff33893b694f7759a10d42e180f2b4dc349fb57dc6b71dcab00
#13 exporting layers done
#13 writing image sha256:ef0e87506e02e8309334e3a5cc106b4cd4043dd187be24e173eb28546ac98029
#13 writing image sha256:ef0e87506e02e8309334e3a5cc106b4cd4043dd187be24e173eb28546ac98029 0.0s done
#13 naming to gcr.io/fuzzbench/base-image done
#13 DONE 0.1s

#14 exporting cache
#14 sha256:2700d4ef94dee473593c5c614b55b2dedcca7893909811a8f2b48291a1f581e4
#14 preparing build cache for export done
#14 DONE 0.0s
#1 [internal] load build definition from Dockerfile
#1 sha256:9299a06f2276e9767d7b70996438d9be65bfea2a86a052b0fb80a4a6b501f8c3
#1 transferring dockerfile: 2.22kB done
#1 DONE 0.0s

#2 [internal] load .dockerignore
#2 sha256:418f5b70bf8a9b69711894c0e7e0414099e21ee9d39d6af4d23987d8265822d0
#2 transferring context: 34B done
#2 DONE 0.1s

#4 [internal] load metadata for gcr.io/fuzzbench/base-image:latest
#4 sha256:932022888f650cc455b10eb5123bb08c0cccacac29a693e69314abbfd28a72c3
#4 DONE 0.0s

#3 [internal] load metadata for gcr.io/fuzzbench/builders/afl/cjson_cjson-intermediate:latest
#3 sha256:6d6a4b402d040785610e1d37edc11199630105052eaa4cb7ec80e0f19ea58414
#3 DONE 0.0s

#5 [stage-1  1/13] FROM gcr.io/fuzzbench/builders/afl/cjson_cjson-intermediate
#5 sha256:55903ce1409c92e9b6f4024765626b69fe8527f96d648242ac9689c93f72496a
#5 DONE 0.0s

#20 importing cache manifest from gcr.io/fuzzbench/builders/afl/cjson_cjson
#20 sha256:b5b1974189fd799fc0aaac8d331cfd6522829ecb11e1c3ff9e259383be8949fe
#20 DONE 0.0s

#6 [base-image 1/1] FROM gcr.io/fuzzbench/base-image
#6 sha256:4d07825694520f8b6f6a0d8592dbd345433361ae044cb7f06706c5a95e3daaad
#6 DONE 0.0s

#11 [internal] load build context
#11 sha256:d4ff158e50e2f9b85db2e9c8c92e4f9ac83efbf633407735332d97f927ec95bc
#11 transferring context: 669.86kB 0.1s done
#11 DONE 0.1s

#16 [stage-1 10/13] COPY docker/benchmark-builder/checkout_commit.py /opt/fuzzbench/
#16 sha256:c32caf1452c22542c1b6ed959cc0d4854575c4aca063bcd6cb5dd0e0eccc7744
#16 CACHED

#13 [stage-1  7/13] RUN touch /src/__init__.py
#13 sha256:ea5db6d56328db8925bbf8c6b40955731c0b3e12955c757c7b808048e6e48052
#13 CACHED

#18 [stage-1 12/13] RUN echo "#!/bin/bash\nPYTHONPATH=/src python3 -u -c "from fuzzers import utils; utils.initialize_env(); from fuzzers.afl import fuzzer; fuzzer.build()"" > /usr/bin/fuzzer_build &&     chmod +x /usr/bin/fuzzer_build
#18 sha256:62160c4f13f111b41804792ba878e5492ab154cf1988a2325aa386bf50b21a26
#18 CACHED

#9 [stage-1  4/13] COPY --from=base-image /usr/local/include/python3.8 /usr/local/include/python3.8
#9 sha256:a8557d2fd862049c8b0472d61ddf1472ea7f72e1ee7bb512653e48c10ab7a1c1
#9 CACHED

#10 [stage-1  5/13] COPY --from=base-image /usr/local/lib/python3.8/site-packages /usr/local/lib/python3.8/site-packages
#10 sha256:b441b5d1f0044756d148d841d97b6b6e37fc82496a98cc4f37c114946368938a
#10 CACHED

#7 [stage-1  2/13] COPY --from=base-image /usr/local/bin/python3* /usr/local/bin/
#7 sha256:72aa1af9f4f3b3d97b3851645b862fd3c24f9023d14ec48b326c07e0e1e59e1d
#7 CACHED

#14 [stage-1  8/13] COPY benchmarks/cjson_cjson/benchmark.yaml /
#14 sha256:290dcab7557126ffea85cd5b718c22255cca6f5cc47fad52c1c410b689be13e1
#14 CACHED

#8 [stage-1  3/13] COPY --from=base-image /usr/local/lib/python3.8 /usr/local/lib/python3.8
#8 sha256:d467b1c4eac40009f3b2aedbd218afc27d1bb3ce8c534168370104562cddbc41
#8 CACHED

#15 [stage-1  9/13] RUN mkdir /opt/fuzzbench/
#15 sha256:42a0bb3bf919f6ec74b568c210af867d87606bfd973f491254ac0285c600f2f8
#15 CACHED

#12 [stage-1  6/13] COPY fuzzers /src/fuzzers
#12 sha256:a8fc32c8e24c3775d9e48a85ce75d40a991b5a9cb0c45a8a0f664c21dc9b102d
#12 CACHED

#17 [stage-1 11/13] RUN export CHECKOUT_COMMIT=$(cat /benchmark.yaml | tr -d ' ' | grep 'commit:' | cut -d ':' -f2) &&     python3 -u /opt/fuzzbench/checkout_commit.py $CHECKOUT_COMMIT /src
#17 sha256:195674f685162aa7ef4e6e3a30d352f7693389f221a487dbba6ab4478f3c70a5
#17 CACHED

#19 [stage-1 13/13] RUN echo "Run fuzzer_build to build the target" && if [ -z "$debug_builder" ] ; then fuzzer_build; fi
#19 sha256:b7d160077445152a5303f8bdcebfd39a95263ad8226c9cba10b5637806c2a720
#19 CACHED

#21 exporting to image
#21 sha256:e8c613e07b0b7ff33893b694f7759a10d42e180f2b4dc349fb57dc6b71dcab00
#21 exporting layers done
#21 writing image sha256:27eb967665585f900201e8ae993b94684b0b663ddd2045d5564c3dba13d63c8d
#21 writing image sha256:27eb967665585f900201e8ae993b94684b0b663ddd2045d5564c3dba13d63c8d 0.0s done
#21 naming to gcr.io/fuzzbench/builders/afl/cjson_cjson done
#21 DONE 0.2s

#22 exporting cache
#22 sha256:2700d4ef94dee473593c5c614b55b2dedcca7893909811a8f2b48291a1f581e4
#22 preparing build cache for export done
#22 DONE 0.0s
#1 [internal] load build definition from runner.Dockerfile
#1 sha256:dcce0293400ebeed2d3685f08cb8da0b25005caaebbe0982e87d703ec24f59bb
#1 transferring dockerfile: 656B done
#1 DONE 0.0s

#2 [internal] load .dockerignore
#2 sha256:7e653fd8bb24c43db87ef8bb5bc0fdc7edba3db8c635b573aaa528327fab1e68
#2 transferring context: 2B done
#2 DONE 0.1s

#3 [internal] load metadata for gcr.io/fuzzbench/base-image:latest
#3 sha256:932022888f650cc455b10eb5123bb08c0cccacac29a693e69314abbfd28a72c3
#3 DONE 0.0s

#5 importing cache manifest from gcr.io/fuzzbench/runners/afl/cjson_cjson-intermediate
#5 sha256:ed07e687033a25f569116be7ac7a8d277a020cca4fdf6fbbe552d78f98c57846
#5 DONE 0.0s

#4 [1/1] FROM gcr.io/fuzzbench/base-image
#4 sha256:4d07825694520f8b6f6a0d8592dbd345433361ae044cb7f06706c5a95e3daaad
#4 CACHED

#6 exporting to image
#6 sha256:e8c613e07b0b7ff33893b694f7759a10d42e180f2b4dc349fb57dc6b71dcab00
#6 exporting layers done
#6 writing image sha256:1bbac81dd24d178a85e6f40a81697334e100ff78f25f92131a3470403d610d33 done
#6 naming to gcr.io/fuzzbench/runners/afl/cjson_cjson-intermediate done
#6 DONE 0.1s

#7 exporting cache
#7 sha256:2700d4ef94dee473593c5c614b55b2dedcca7893909811a8f2b48291a1f581e4
#7 preparing build cache for export done
#7 DONE 0.0s
#1 [internal] load build definition from Dockerfile
#1 sha256:f72351d8cbb74d9fb0bc914aef6e43a90676d0bbc8c4c3e7de959d1fa2663529
#1 transferring dockerfile: 3.17kB done
#1 DONE 0.0s

#2 [internal] load .dockerignore
#2 sha256:4dbff2c3aabce6ee1374f2a20885ef3c4f8b6e6ad12a19f06cf2e3acb40b6abc
#2 transferring context: 34B done
#2 DONE 0.1s

#3 [internal] load metadata for gcr.io/fuzzbench/runners/afl/cjson_cjson-intermediate:latest
#3 sha256:27dcc9f49a75ee0989048497b308eecabb759bfc9bb086cc413046a1136d69b8
#3 DONE 0.0s

#4 [internal] load metadata for gcr.io/fuzzbench/builders/afl/cjson_cjson:latest
#4 sha256:6a974683dd9c89be30dbff0ca6e2b2cbbc0db9cfb8fcec6f829e035b85299766
#4 DONE 0.0s

#5 importing cache manifest from gcr.io/fuzzbench/runners/afl/cjson_cjson
#5 sha256:3022c46d28ccd7d35af76db94b26d5dc52e1488db860e76f452cd36a79794646
#5 DONE 0.0s

#10 [builder 1/1] FROM gcr.io/fuzzbench/builders/afl/cjson_cjson
#10 sha256:b3fc4dc2fca8d3c2e74cc8470e8d17658cab2b7db64e758c57d4dc11a4976a39
#10 DONE 0.0s

#6 [stage-1  1/13] FROM gcr.io/fuzzbench/runners/afl/cjson_cjson-intermediate
#6 sha256:206eb9a52bd449e7c992ffbb12dc8508ee4e9332953bf6e8851d98df5d67f911
#6 DONE 0.0s

#12 [internal] load build context
#12 sha256:48d63b99b609f1cfca9ebdf44690080a6264aedfd42217bf801525ea21e4c857
#12 transferring context: 19.00MB 0.6s done
#12 DONE 0.7s

#7 [stage-1  2/13] RUN apt-get update -y && apt-get install -y     libglib2.0-0     libxml2     libarchive13     libgss3
#7 sha256:65f3c0957d38ada94eab6251257bef9842fb106ec44b62d8759dc363f52a1349
#7 CACHED

#11 [stage-1  5/13] COPY --from=builder /out/ ./
#11 sha256:f2575074df0351cc7beb84d5b6234d8ac515bb50b1d2ca19fde6e735725bb244
#11 CACHED

#14 [stage-1  7/13] COPY fuzzers /src/fuzzers
#14 sha256:db51b9ec7b0a7981647f03a9eb85183773333c870e51d98c5e9b03fd6d74a30d
#14 CACHED

#15 [stage-1  8/13] RUN touch __init__.py
#15 sha256:7a61ddc8255cbb797792fc0cc5d91af1b7a05a85b0ac6823115ca50eed079f14
#15 CACHED

#16 [stage-1  9/13] RUN mkdir -p /out/seeds /out/corpus
#16 sha256:669bb074cab7640af7f5e4d348535009abbd280bb658c78e63b7d779deac77fd
#16 CACHED

#18 [stage-1 11/13] COPY experiment/runner.py /src/experiment/runner.py
#18 sha256:7b335c4d484faa2478be68d58f7e2406e7fb253f581fc5400cbc87f5ec45283d
#18 CACHED

#9 [stage-1  4/13] WORKDIR /out
#9 sha256:93058f93f88106f506bfe32621ab170b38ba73b24d71599bef23bbbdb2eb868f
#9 CACHED

#8 [stage-1  3/13] RUN mkdir -p /out
#8 sha256:ce6bb8c8687f9676896553256222849b3adf4216c8e42b48a791ebe3c3ecad1f
#8 CACHED

#13 [stage-1  6/13] COPY benchmarks /src/benchmarks
#13 sha256:9d6e1e448ddbb007e5511cacaf756c5ba6f4d880e7f74da4cb0afc04dac31319
#13 CACHED

#17 [stage-1 10/13] COPY common /src/common
#17 sha256:ad88d5696e75702efa0d57eab39e9cbf17954d412c4fdef7c3c818146a274c67
#17 CACHED

#19 [stage-1 12/13] COPY docker/benchmark-runner /src/docker/benchmark-runner
#19 sha256:e09f7728daf0f513014cbafcca8ec1d4c7a5b864b1066cceff529e5857e0ee11
#19 CACHED

#20 [stage-1 13/13] RUN chmod +x /src/docker/benchmark-runner/startup-runner.sh
#20 sha256:01184813b64c3668c663056455647037d9f18bf3280798356e6ae97a58bfe714
#20 CACHED

#21 exporting to image
#21 sha256:e8c613e07b0b7ff33893b694f7759a10d42e180f2b4dc349fb57dc6b71dcab00
#21 exporting layers done
#21 writing image sha256:b1332a639c6437c61d927e45772f3594ee389ca563802ff894579613fc77fb0f 0.0s done
#21 naming to gcr.io/fuzzbench/runners/afl/cjson_cjson done
#21 DONE 0.1s

#22 exporting cache
#22 sha256:2700d4ef94dee473593c5c614b55b2dedcca7893909811a8f2b48291a1f581e4
#22 preparing build cache for export done
#22 DONE 0.0s
INFO:root:Doing trial as part of experiment.
INFO:root:Starting trial.
ERROR:root:Fuzz target binary not found.
INFO:root:Doing final sync.
ERROR:root:Call to <function get_stats at 0x7f74006fdee0> failed. Extras: {'traceback': 'Traceback (most recent call last):\n  File "/src/experiment/runner.py", line 374, in record_stats\n    stats_json_str = fuzzer_module_get_stats(output_corpus,\n  File "/src/fuzzers/afl/fuzzer.py", line 51, in get_stats\n    with open(stats_file) as file_handle:\nFileNotFoundError: [Errno 2] No such file or directory: \'/out/corpus/fuzzer_stats\'\n'}
