WARNING:root:gcloud not found in PATH.
INFO:root:Successfully integrated benchmark: c-blosc_c-blosc.
INFO:root:Please run "make test-run-afl-c-blosc_c-blosc" to test integration.
#2 [internal] load .dockerignore
#2 sha256:0ecf0dcbd19ee2eebe1ff9960151cae5c790398308ace489728cc9502fbc46f6
#2 transferring context: 2B done
#2 ...

#1 [internal] load build definition from Dockerfile
#1 sha256:076a13104ba909acd3173363bc4e9805d8e1e1bf0b5a2a981dba73ca3cc93626
#1 transferring dockerfile: 973B done
#1 DONE 0.3s

#2 [internal] load .dockerignore
#2 sha256:0ecf0dcbd19ee2eebe1ff9960151cae5c790398308ace489728cc9502fbc46f6
#2 DONE 0.3s

#3 [internal] load metadata for gcr.io/oss-fuzz-base/base-builder:latest
#3 sha256:f10dc39cc9d418a5bc416dead31a1902b6821fdae909cd3b08f7a3fd1faba7b5
#3 DONE 0.7s

#9 [internal] load build context
#9 sha256:fe43fc9e11d2b4ab996948e53c77e91482fd6788b8f2ef4824ca36a446be9fe9
#9 DONE 0.0s

#5 [1/5] FROM gcr.io/oss-fuzz-base/base-builder@sha256:4ad017ca53699eda684c1c444948c93a4af848fe34baee3a765d3c4693fe6a56
#5 sha256:3f10b3978a3951f6e2692fa5e5890ee5a755650381dedece7198ed0b1dcdaa8c
#5 DONE 0.0s

#4 importing cache manifest from gcr.io/fuzzbench/builders/benchmark/c-blosc_c-blosc
#4 sha256:55b9699d08fb7496a6ea8be791e8b83df6c84113be1fc39d5b89f98b255c3f6d
#4 ERROR: gcr.io/fuzzbench/builders/benchmark/c-blosc_c-blosc:latest: not found

#6 [2/5] RUN apt-get update && apt-get install -y make autoconf automake libtool cmake
#6 sha256:0c734aecf1b283c063c3bbc6f7e827fdfd9889f2d9f9c17d96046a591ed89710
#6 CACHED

#7 [3/5] RUN git clone --depth 1 https://github.com/Blosc/c-blosc.git c-blosc
#7 sha256:efd0bbeb489bc133beb61f331307df2ea3830ed09c2ad477ab5fd6d8fe4811c5
#7 CACHED

#8 [4/5] WORKDIR c-blosc
#8 sha256:9310cfa8281b1e9f922d631314bb8ec2febfd114b35251ca133f36791b85a60e
#8 CACHED

#9 [internal] load build context
#9 sha256:fe43fc9e11d2b4ab996948e53c77e91482fd6788b8f2ef4824ca36a446be9fe9
#9 transferring context: 2.18kB done
#9 DONE 0.1s

#10 [5/5] COPY build.sh blosc_fuzzer.cc /src/
#10 sha256:e4c980c78a7a065c7ff62a98de3963c78410e241dfe26e804d8216486a4b3688
#10 DONE 0.1s

#11 exporting to image
#11 sha256:e8c613e07b0b7ff33893b694f7759a10d42e180f2b4dc349fb57dc6b71dcab00
#11 exporting layers done
#11 writing image sha256:4850c0aef3163f25f473dbcf1572da2c4d8649bfe9e70634b1ee18352c482e09
#11 writing image sha256:4850c0aef3163f25f473dbcf1572da2c4d8649bfe9e70634b1ee18352c482e09 done
#11 naming to gcr.io/fuzzbench/builders/benchmark/c-blosc_c-blosc done
#11 DONE 0.1s

#12 exporting cache
#12 sha256:2700d4ef94dee473593c5c614b55b2dedcca7893909811a8f2b48291a1f581e4
#12 preparing build cache for export done
#12 DONE 0.0s
------
 > importing cache manifest from gcr.io/fuzzbench/builders/benchmark/c-blosc_c-blosc:
------
#1 [internal] load build definition from builder.Dockerfile
#1 sha256:229e331c12a917f12b49e178fa3e0335747dd6e4cfe6b177103c78f3459ea4f0
#1 transferring dockerfile: 1.35kB done
#1 DONE 0.0s

#2 [internal] load .dockerignore
#2 sha256:d528ab0e3ee7c9444e1a71934d4725cea1d519bdb096ef1b79b83062848b9452
#2 transferring context: 2B done
#2 DONE 0.0s

#3 [internal] load metadata for gcr.io/fuzzbench/builders/benchmark/c-blosc_c-blosc:latest
#3 sha256:3132141c1baafec214a55e82209ddb5aa1077367e9a9076a1e9d1069a70a26f5
#3 DONE 0.0s

#5 [1/3] FROM gcr.io/fuzzbench/builders/benchmark/c-blosc_c-blosc
#5 sha256:1957015a57ebc8f15889d1cb077f4958a82ea0a9ab527dca9b3453cbebb8debb
#5 DONE 0.0s

#4 importing cache manifest from gcr.io/fuzzbench/builders/afl/c-blosc_c-blosc-intermediate
#4 sha256:cbcadacd11dc54132dad0e52cd38a0dbf956c2dd68315d65af3437d475e1f3dc
#4 ERROR: gcr.io/fuzzbench/builders/afl/c-blosc_c-blosc-intermediate:latest: not found

#5 [1/3] FROM gcr.io/fuzzbench/builders/benchmark/c-blosc_c-blosc
#5 sha256:1957015a57ebc8f15889d1cb077f4958a82ea0a9ab527dca9b3453cbebb8debb
#5 DONE 0.4s

#6 [2/3] RUN git clone https://github.com/google/AFL.git /afl &&     cd /afl &&     git checkout 61037103ae3722c8060ff7082994836a794f978e &&     AFL_NO_X86=1 make
#6 sha256:628fd2bb8ed1d09abfc2207dcf01ca7458145f0f81d0dc5c42b53cc04e6ef4ed
#6 0.361 Cloning into '/afl'...
#6 1.079 Note: switching to '61037103ae3722c8060ff7082994836a794f978e'.
#6 1.079 
#6 1.079 You are in 'detached HEAD' state. You can look around, make experimental
#6 1.079 changes and commit them, and you can discard any commits you make in this
#6 1.079 state without impacting any branches by switching back to a branch.
#6 1.079 
#6 1.079 If you want to create a new branch to retain commits you create, you may
#6 1.079 do so (now or later) by using -c with the switch command. Example:
#6 1.079 
#6 1.079   git switch -c <new-branch-name>
#6 1.079 
#6 1.079 Or undo this operation with:
#6 1.079 
#6 1.079   git switch -
#6 1.079 
#6 1.079 Turn off this advice by setting config variable advice.detachedHead to false
#6 1.079 
#6 1.079 HEAD is now at 6103710 Fix a typo filename comparison in the fuzzer (#139)
#6 1.097 [!] Note: skipping x86 compilation checks (AFL_NO_X86 set).
#6 1.097 clang -O1 -fno-omit-frame-pointer -gline-tables-only -DFUZZING_BUILD_MODE_UNSAFE_FOR_PRODUCTION -Wall -D_FORTIFY_SOURCE=2 -g -Wno-pointer-sign -DAFL_PATH=\"/usr/local/lib/afl\" -DDOC_PATH=\"/usr/local/share/doc/afl\" -DBIN_PATH=\"/usr/local/bin\" afl-gcc.c -o afl-gcc -ldl
#6 1.279 set -e; for i in afl-g++ afl-clang afl-clang++; do ln -sf afl-gcc $i; done
#6 1.291 clang -O1 -fno-omit-frame-pointer -gline-tables-only -DFUZZING_BUILD_MODE_UNSAFE_FOR_PRODUCTION -Wall -D_FORTIFY_SOURCE=2 -g -Wno-pointer-sign -DAFL_PATH=\"/usr/local/lib/afl\" -DDOC_PATH=\"/usr/local/share/doc/afl\" -DBIN_PATH=\"/usr/local/bin\" afl-fuzz.c -o afl-fuzz -ldl
#6 3.700 clang -O1 -fno-omit-frame-pointer -gline-tables-only -DFUZZING_BUILD_MODE_UNSAFE_FOR_PRODUCTION -Wall -D_FORTIFY_SOURCE=2 -g -Wno-pointer-sign -DAFL_PATH=\"/usr/local/lib/afl\" -DDOC_PATH=\"/usr/local/share/doc/afl\" -DBIN_PATH=\"/usr/local/bin\" afl-showmap.c -o afl-showmap -ldl
#6 4.018 clang -O1 -fno-omit-frame-pointer -gline-tables-only -DFUZZING_BUILD_MODE_UNSAFE_FOR_PRODUCTION -Wall -D_FORTIFY_SOURCE=2 -g -Wno-pointer-sign -DAFL_PATH=\"/usr/local/lib/afl\" -DDOC_PATH=\"/usr/local/share/doc/afl\" -DBIN_PATH=\"/usr/local/bin\" afl-tmin.c -o afl-tmin -ldl
#6 4.452 clang -O1 -fno-omit-frame-pointer -gline-tables-only -DFUZZING_BUILD_MODE_UNSAFE_FOR_PRODUCTION -Wall -D_FORTIFY_SOURCE=2 -g -Wno-pointer-sign -DAFL_PATH=\"/usr/local/lib/afl\" -DDOC_PATH=\"/usr/local/share/doc/afl\" -DBIN_PATH=\"/usr/local/bin\" afl-gotcpu.c -o afl-gotcpu -ldl
#6 4.600 clang -O1 -fno-omit-frame-pointer -gline-tables-only -DFUZZING_BUILD_MODE_UNSAFE_FOR_PRODUCTION -Wall -D_FORTIFY_SOURCE=2 -g -Wno-pointer-sign -DAFL_PATH=\"/usr/local/lib/afl\" -DDOC_PATH=\"/usr/local/share/doc/afl\" -DBIN_PATH=\"/usr/local/bin\" afl-analyze.c -o afl-analyze -ldl
#6 4.997 clang -O1 -fno-omit-frame-pointer -gline-tables-only -DFUZZING_BUILD_MODE_UNSAFE_FOR_PRODUCTION -Wall -D_FORTIFY_SOURCE=2 -g -Wno-pointer-sign -DAFL_PATH=\"/usr/local/lib/afl\" -DDOC_PATH=\"/usr/local/share/doc/afl\" -DBIN_PATH=\"/usr/local/bin\" afl-as.c -o afl-as -ldl
#6 5.241 ln -sf afl-as as
#6 5.244 [!] Note: skipping build tests (you may need to use LLVM or QEMU mode).
#6 5.246 [+] LLVM users: see llvm_mode/README.llvm for a faster alternative to afl-gcc.
#6 5.247 [+] All done! Be sure to review README - it's pretty short and useful.
#6 DONE 5.7s

#7 [3/3] RUN apt-get update &&     apt-get install wget -y &&     wget https://raw.githubusercontent.com/llvm/llvm-project/5feb80e748924606531ba28c97fe65145c65372e/compiler-rt/lib/fuzzer/afl/afl_driver.cpp -O /afl/afl_driver.cpp &&     clang -Wno-pointer-sign -c /afl/llvm_mode/afl-llvm-rt.o.c -I/afl &&     clang++ -stdlib=libc++ -std=c++11 -O2 -c /afl/afl_driver.cpp &&     ar r /libAFL.a *.o
#7 sha256:0ef0db3a47a62f0c741c86531da1391e148fef9b826d79baad2a29718d0a4bc2
#7 0.722 Hit:1 http://ppa.launchpad.net/git-core/ppa/ubuntu focal InRelease
#7 0.722 Hit:2 http://archive.ubuntu.com/ubuntu focal InRelease
#7 0.722 Hit:3 http://security.ubuntu.com/ubuntu focal-security InRelease
#7 0.725 Hit:4 http://archive.ubuntu.com/ubuntu focal-updates InRelease
#7 0.748 Hit:5 http://archive.ubuntu.com/ubuntu focal-backports InRelease
#7 1.677 Reading package lists...
#7 3.288 Reading package lists...
#7 4.713 Building dependency tree...
#7 4.924 Reading state information...
#7 5.170 wget is already the newest version (1.20.3-1ubuntu2).
#7 5.170 0 upgraded, 0 newly installed, 0 to remove and 0 not upgraded.
#7 5.200 --2022-02-16 11:26:26--  https://raw.githubusercontent.com/llvm/llvm-project/5feb80e748924606531ba28c97fe65145c65372e/compiler-rt/lib/fuzzer/afl/afl_driver.cpp
#7 5.203 Resolving raw.githubusercontent.com (raw.githubusercontent.com)... 185.199.109.133, 185.199.110.133, 185.199.111.133, ...
#7 5.205 Connecting to raw.githubusercontent.com (raw.githubusercontent.com)|185.199.109.133|:443... connected.
#7 5.228 HTTP request sent, awaiting response... 200 OK
#7 5.250 Length: 9177 (9.0K) [text/plain]
#7 5.250 Saving to: '/afl/afl_driver.cpp'
#7 5.250 
#7 5.250      0K ........                                              100% 8.00M=0.001s
#7 5.251 
#7 5.252 2022-02-16 11:26:26 (8.00 MB/s) - '/afl/afl_driver.cpp' saved [9177/9177]
#7 5.252 
#7 6.985 ar: creating /libAFL.a
#7 DONE 7.2s

#8 exporting to image
#8 sha256:e8c613e07b0b7ff33893b694f7759a10d42e180f2b4dc349fb57dc6b71dcab00
#8 exporting layers done
#8 writing image sha256:0e4fb74c6965780316ed1f93641d20d76b185024ed4e3de595b6d0ce79845a93
#8 writing image sha256:0e4fb74c6965780316ed1f93641d20d76b185024ed4e3de595b6d0ce79845a93 done
#8 naming to gcr.io/fuzzbench/builders/afl/c-blosc_c-blosc-intermediate done
#8 DONE 0.2s

#9 exporting cache
#9 sha256:2700d4ef94dee473593c5c614b55b2dedcca7893909811a8f2b48291a1f581e4
#9 preparing build cache for export done
#9 DONE 0.0s
------
 > importing cache manifest from gcr.io/fuzzbench/builders/afl/c-blosc_c-blosc-intermediate:
------
#1 [internal] load build definition from Dockerfile
#1 sha256:efb5c83c8605f53d113a1c5128ec34b22830ade94388328851b46aa5c805b68c
#1 transferring dockerfile: 2.00kB done
#1 DONE 0.1s

#2 [internal] load .dockerignore
#2 sha256:b937ccdc7c0a41bb84b7daa949ef07dd3e2dace97e3181e1dacae952c2c10964
#2 transferring context: 34B done
#2 DONE 0.1s

#3 [internal] load metadata for docker.io/library/ubuntu:xenial
#3 sha256:f62bae18ed588840f045c881b2502661f2a89578a2f8f99b83f5200ee83dd25b
#3 DONE 0.0s

#5 [1/7] FROM docker.io/library/ubuntu:xenial
#5 sha256:14dd403f25ae9e519bd44f27dc17af7ce80f5a4f9f48ca88108364e67ec5d360
#5 DONE 0.0s

#4 importing cache manifest from gcr.io/fuzzbench/base-image
#4 sha256:9b220ebb4d4daceed1b96df9b6dca076e762f1cd612574f010b82d5b9e5ad896
#4 DONE 0.0s

#8 [internal] load build context
#8 sha256:6af2d981cd4148258333f1853dfbceccf0ce35eea4bbbf0b162a162dbaf38cf3
#8 transferring context: 559B 0.1s done
#8 DONE 0.2s

#6 [2/7] RUN apt-get update -y && apt-get install -y     build-essential     rsync     curl     zlib1g-dev     libncurses5-dev     libgdbm-dev     libnss3-dev     libssl-dev     libreadline-dev     libffi-dev     virtualenv     libbz2-dev     liblzma-dev     libsqlite3-dev
#6 sha256:3a1b0960f17eed529eaae93dc8fd3554f2743dd584d8fa569cdbe6bc734371ac
#6 CACHED

#7 [3/7] RUN cd /tmp/ &&     curl -O https://www.python.org/ftp/python/3.8.6/Python-3.8.6.tar.xz &&     tar -xvf Python-3.8.6.tar.xz &&     cd Python-3.8.6 &&     ./configure --enable-loadable-sqlite-extensions --enable-optimizations &&     make -j install &&     rm -r /tmp/Python-3.8.6.tar.xz /tmp/Python-3.8.6
#7 sha256:c5b9d1fb3371e84dbc60b76e7b2f8d5913bc93bcd4910ab65daa03e7b2ec4bb0
#7 CACHED

#9 [4/7] COPY ./requirements.txt /
#9 sha256:0689fd2e6cb725cbafa05fb30b480f2f4a31772eaa845d260d4bc35fa0bc59dd
#9 CACHED

#10 [5/7] RUN pip3 install -r /requirements.txt
#10 sha256:533ba990d9929ddac2f68a0da3c92dd87870403ce65adf31232280b2cc40f71e
#10 CACHED

#11 [6/7] RUN apt-get update -y && apt-get install -y     apt-transport-https     lsb-release
#11 sha256:ac3841b01aaee3d347ce7d5eff8d97b226028b277e2c79444cbe61eb014023d2
#11 CACHED

#12 [7/7] RUN CLOUD_SDK_REPO="cloud-sdk-$(lsb_release -c -s)" &&     echo "deb https://packages.cloud.google.com/apt $CLOUD_SDK_REPO main"     | tee -a /etc/apt/sources.list.d/google-cloud-sdk.list &&     curl https://packages.cloud.google.com/apt/doc/apt-key.gpg     | apt-key add - &&     apt-get update -y &&     apt-get install -y google-cloud-sdk
#12 sha256:d5822e3d7a8db87ba34fc31beaed99684ff0d9d210066b0bc852e6fe6915728b
#12 CACHED

#13 exporting to image
#13 sha256:e8c613e07b0b7ff33893b694f7759a10d42e180f2b4dc349fb57dc6b71dcab00
#13 exporting layers done
#13 writing image sha256:139540fb22a119f888cb3e5ed6e013e8d868574697f5fb839e5da9e23de73e0a
#13 writing image sha256:139540fb22a119f888cb3e5ed6e013e8d868574697f5fb839e5da9e23de73e0a 0.0s done
#13 naming to gcr.io/fuzzbench/base-image done
#13 DONE 0.1s

#14 exporting cache
#14 sha256:2700d4ef94dee473593c5c614b55b2dedcca7893909811a8f2b48291a1f581e4
#14 preparing build cache for export done
#14 DONE 0.0s
#1 [internal] load build definition from Dockerfile
#1 sha256:3e2d790f251992aa94d56098c52f90740d4b43d179481c080e248d4377113365
#1 transferring dockerfile: 2.22kB done
#1 DONE 0.1s

#2 [internal] load .dockerignore
#2 sha256:c79111a030240e8b9a7a0423629935ec0e44d8ca0bf289a16f1198e39cf1356f
#2 transferring context: 34B done
#2 DONE 0.0s

#3 [internal] load metadata for gcr.io/fuzzbench/builders/afl/c-blosc_c-blosc-intermediate:latest
#3 sha256:5bbe185ee0c9ea45fa8ef1a339d4e808cf62191aa7c477cc3addea6565a73532
#3 DONE 0.0s

#4 [internal] load metadata for gcr.io/fuzzbench/base-image:latest
#4 sha256:932022888f650cc455b10eb5123bb08c0cccacac29a693e69314abbfd28a72c3
#4 DONE 0.0s

#12 [internal] load build context
#12 sha256:16ed194a0e27b1721bf3c315d9b1c5390929d96a6c7863e585b273e738c2bf32
#12 DONE 0.0s

#7 [base-image 1/1] FROM gcr.io/fuzzbench/base-image
#7 sha256:4d07825694520f8b6f6a0d8592dbd345433361ae044cb7f06706c5a95e3daaad
#7 DONE 0.0s

#6 [stage-1  1/13] FROM gcr.io/fuzzbench/builders/afl/c-blosc_c-blosc-intermediate
#6 sha256:70d6cfcb9ac686e795a88e005e384da4b69d62ab3f82cd3a4fa3334f01944ade
#6 DONE 0.0s

#5 importing cache manifest from gcr.io/fuzzbench/builders/afl/c-blosc_c-blosc
#5 sha256:8851d3678b6c0798b72451f1cee158d5c80fd7ad0f676fd51ad910c3579ea042
#5 ERROR: gcr.io/fuzzbench/builders/afl/c-blosc_c-blosc:latest: not found

#7 [base-image 1/1] FROM gcr.io/fuzzbench/base-image
#7 sha256:4d07825694520f8b6f6a0d8592dbd345433361ae044cb7f06706c5a95e3daaad
#7 CACHED

#12 [internal] load build context
#12 sha256:16ed194a0e27b1721bf3c315d9b1c5390929d96a6c7863e585b273e738c2bf32
#12 transferring context: 669.87kB 0.1s done
#12 DONE 0.1s

#6 [stage-1  1/13] FROM gcr.io/fuzzbench/builders/afl/c-blosc_c-blosc-intermediate
#6 sha256:70d6cfcb9ac686e795a88e005e384da4b69d62ab3f82cd3a4fa3334f01944ade
#6 DONE 0.2s

#8 [stage-1  2/13] COPY --from=base-image /usr/local/bin/python3* /usr/local/bin/
#8 sha256:c2e7d49a490e1113c4de89a119e4727b5308a2a7ad5b2cd8ff77c8c322c7d90f
#8 DONE 0.3s

#9 [stage-1  3/13] COPY --from=base-image /usr/local/lib/python3.8 /usr/local/lib/python3.8
#9 sha256:4785c5c8b2a0f19619a10001f322fea1563bbc6550ce788d943c2aee49ab32cd
#9 DONE 22.2s

#10 [stage-1  4/13] COPY --from=base-image /usr/local/include/python3.8 /usr/local/include/python3.8
#10 sha256:26fed9720eb0043ffbc896302b70e31e60e76653d9824949680f1a9ff2270838
#10 DONE 0.1s

#11 [stage-1  5/13] COPY --from=base-image /usr/local/lib/python3.8/site-packages /usr/local/lib/python3.8/site-packages
#11 sha256:d3d4918af943ad4c4715c4251e1934c83bbddd7d3c62a1f2496db737a7fa1dec
#11 DONE 17.4s

#13 [stage-1  6/13] COPY fuzzers /src/fuzzers
#13 sha256:f0c0fc49079189d1958b5e127f90910b788d83223d2eee416608de89495b524e
#13 DONE 0.3s

#14 [stage-1  7/13] RUN touch /src/__init__.py
#14 sha256:a26da1cd8e060b1fa87b6b0ce2552660cbc5f638da07547c773f907d598ce954
#14 DONE 0.9s

#15 [stage-1  8/13] COPY benchmarks/c-blosc_c-blosc/benchmark.yaml /
#15 sha256:1a7f18a0cc08cfafad1f25c20ecff762b4126875257fdbbb794a190d8015e2c8
#15 DONE 0.3s

#16 [stage-1  9/13] RUN mkdir /opt/fuzzbench/
#16 sha256:8a758c95eb1c4831c7761b87db9c150b3eb6718b5d4192f568cbd556fdcbcf6e
#16 DONE 0.5s

#17 [stage-1 10/13] COPY docker/benchmark-builder/checkout_commit.py /opt/fuzzbench/
#17 sha256:58fb69ce01e8fd293ec1d059c02772527e27c2a721aeb031a601dc17ad8b876e
#17 DONE 0.2s

#18 [stage-1 11/13] RUN export CHECKOUT_COMMIT=$(cat /benchmark.yaml | tr -d ' ' | grep 'commit:' | cut -d ':' -f2) &&     python3 -u /opt/fuzzbench/checkout_commit.py $CHECKOUT_COMMIT /src
#18 sha256:f15f27c315f42e38a78da21d9c860cd9ee6c74d324f652243e904d42876db0f2
#18 0.470 Checking out commit 2f517a28
#18 3.307 From https://github.com/Blosc/c-blosc
#18 3.307  * [new tag]         1.15.1     -> 1.15.1
#18 3.307  * [new tag]         v          -> v
#18 3.307  * [new tag]         v1.1.4     -> v1.1.4
#18 3.308  * [new tag]         v1.1.5     -> v1.1.5
#18 3.308  * [new tag]         v1.10.0    -> v1.10.0
#18 3.308  * [new tag]         v1.10.1    -> v1.10.1
#18 3.309  * [new tag]         v1.10.2    -> v1.10.2
#18 3.309  * [new tag]         v1.11.0    -> v1.11.0
#18 3.309  * [new tag]         v1.11.1    -> v1.11.1
#18 3.310  * [new tag]         v1.11.2    -> v1.11.2
#18 3.310  * [new tag]         v1.11.3    -> v1.11.3
#18 3.310  * [new tag]         v1.12.0    -> v1.12.0
#18 3.311  * [new tag]         v1.12.1    -> v1.12.1
#18 3.311  * [new tag]         v1.13.0    -> v1.13.0
#18 3.311  * [new tag]         v1.13.1    -> v1.13.1
#18 3.312  * [new tag]         v1.13.2    -> v1.13.2
#18 3.312  * [new tag]         v1.13.3    -> v1.13.3
#18 3.312  * [new tag]         v1.13.4    -> v1.13.4
#18 3.313  * [new tag]         v1.13.5    -> v1.13.5
#18 3.313  * [new tag]         v1.13.6    -> v1.13.6
#18 3.313  * [new tag]         v1.13.7    -> v1.13.7
#18 3.314  * [new tag]         v1.14.0    -> v1.14.0
#18 3.314  * [new tag]         v1.14.1    -> v1.14.1
#18 3.314  * [new tag]         v1.14.2    -> v1.14.2
#18 3.315  * [new tag]         v1.14.3    -> v1.14.3
#18 3.315  * [new tag]         v1.14.4    -> v1.14.4
#18 3.315  * [new tag]         v1.15.0    -> v1.15.0
#18 3.315  * [new tag]         v1.16.0    -> v1.16.0
#18 3.316  * [new tag]         v1.16.1    -> v1.16.1
#18 3.316  * [new tag]         v1.16.2    -> v1.16.2
#18 3.316  * [new tag]         v1.16.3    -> v1.16.3
#18 3.317  * [new tag]         v1.17.0    -> v1.17.0
#18 3.317  * [new tag]         v1.17.1    -> v1.17.1
#18 3.317  * [new tag]         v1.17.2    -> v1.17.2
#18 3.317  * [new tag]         v1.18.0    -> v1.18.0
#18 3.317  * [new tag]         v1.18.1    -> v1.18.1
#18 3.318  * [new tag]         v1.19.0    -> v1.19.0
#18 3.318  * [new tag]         v1.2.0     -> v1.2.0
#18 3.318  * [new tag]         v1.2.1     -> v1.2.1
#18 3.318  * [new tag]         v1.2.2     -> v1.2.2
#18 3.319  * [new tag]         v1.2.3     -> v1.2.3
#18 3.319  * [new tag]         v1.20.0    -> v1.20.0
#18 3.319  * [new tag]         v1.20.1    -> v1.20.1
#18 3.319  * [new tag]         v1.21.0    -> v1.21.0
#18 3.320  * [new tag]         v1.21.1    -> v1.21.1
#18 3.320  * [new tag]         v1.3.0     -> v1.3.0
#18 3.320  * [new tag]         v1.3.1     -> v1.3.1
#18 3.320  * [new tag]         v1.3.2     -> v1.3.2
#18 3.321  * [new tag]         v1.3.3     -> v1.3.3
#18 3.321  * [new tag]         v1.3.3-rc1 -> v1.3.3-rc1
#18 3.321  * [new tag]         v1.3.4     -> v1.3.4
#18 3.321  * [new tag]         v1.3.5     -> v1.3.5
#18 3.321  * [new tag]         v1.3.6     -> v1.3.6
#18 3.322  * [new tag]         v1.4.0     -> v1.4.0
#18 3.322  * [new tag]         v1.4.1     -> v1.4.1
#18 3.322  * [new tag]         v1.5.0     -> v1.5.0
#18 3.322  * [new tag]         v1.5.1     -> v1.5.1
#18 3.323  * [new tag]         v1.5.2     -> v1.5.2
#18 3.323  * [new tag]         v1.5.3     -> v1.5.3
#18 3.323  * [new tag]         v1.5.4     -> v1.5.4
#18 3.323  * [new tag]         v1.6.0     -> v1.6.0
#18 3.324  * [new tag]         v1.6.1     -> v1.6.1
#18 3.324  * [new tag]         v1.7.0     -> v1.7.0
#18 3.324  * [new tag]         v1.7.0-b1  -> v1.7.0-b1
#18 3.324  * [new tag]         v1.7.1     -> v1.7.1
#18 3.325  * [new tag]         v1.8.0     -> v1.8.0
#18 3.325  * [new tag]         v1.8.1     -> v1.8.1
#18 3.325  * [new tag]         v1.9.0     -> v1.9.0
#18 3.325  * [new tag]         v1.9.1     -> v1.9.1
#18 3.326  * [new tag]         v1.9.2     -> v1.9.2
#18 3.326  * [new tag]         v1.9.3     -> v1.9.3
#18 3.333 error: pathspec '2f517a28' did not match any file(s) known to git
#18 3.338 error: pathspec '2f517a28' did not match any file(s) known to git
#18 3.345 error: pathspec '2f517a28' did not match any file(s) known to git
#18 3.397 Checkout unsuccessful.
#18 DONE 4.0s

#19 [stage-1 12/13] RUN echo "#!/bin/bash\nPYTHONPATH=/src python3 -u -c "from fuzzers import utils; utils.initialize_env(); from fuzzers.afl import fuzzer; fuzzer.build()"" > /usr/bin/fuzzer_build &&     chmod +x /usr/bin/fuzzer_build
#19 sha256:08118e035280d8d98d594799c916675f678d3b43aea4f7c75e32fe295385ccec
#19 DONE 0.8s

#20 [stage-1 13/13] RUN echo "Run fuzzer_build to build the target" && if [ -z "$debug_builder" ] ; then fuzzer_build; fi
#20 sha256:e2cfc085e6b3fc2b33bc8188bab5e1368e756bcfe92e96ab60a11e55578b5cf9
#20 0.597 Run fuzzer_build to build the target
#20 0.729 FUZZ_TARGET = c-blosc
#20 0.729 CFLAGS = -DFUZZING_BUILD_MODE_UNSAFE_FOR_PRODUCTION -pthread -Wl,--no-as-needed -Wl,-ldl -Wl,-lm -Wno-unused-command-line-argument -O3
#20 0.729 CXXFLAGS = -DFUZZING_BUILD_MODE_UNSAFE_FOR_PRODUCTION -pthread -Wl,--no-as-needed -Wl,-ldl -Wl,-lm -Wno-unused-command-line-argument -stdlib=libc++ -O3
#20 0.743 Building benchmark c-blosc_c-blosc with fuzzer afl
#20 0.746 + mkdir -p build_dir
#20 0.749 + pushd build_dir
#20 0.749 + cmake ..
#20 0.749 /src/c-blosc/build_dir /src/c-blosc
#20 0.994 -- The C compiler identification is Clang 14.0.0
#20 1.012 -- Detecting C compiler ABI info
#20 1.184 -- Detecting C compiler ABI info - done
#20 1.234 -- Check for working C compiler: /usr/local/bin/clang - skipped
#20 1.235 -- Detecting C compile features
#20 1.236 -- Detecting C compile features - done
#20 1.237 Configuring for Blosc version: 1.21.2.dev
#20 1.237 -- Using LZ4 internal sources.
#20 1.237 -- Using zlib internal sources.
#20 1.237 -- Using ZSTD internal sources.
#20 1.238 -- No build type specified. Defaulting to 'Release'.
#20 1.238 -- Building for system processor x86_64
#20 1.243 -- Adding run-time support for SSE2
#20 1.243 -- Adding run-time support for AVX2
#20 1.246 -- Looking for pthread.h
#20 1.414 -- Looking for pthread.h - found
#20 1.415 -- Performing Test CMAKE_HAVE_LIBC_PTHREAD
#20 1.589 -- Performing Test CMAKE_HAVE_LIBC_PTHREAD - Success
#20 1.595 -- Found Threads: TRUE  
#20 1.975 -- The CXX compiler identification is Clang 14.0.0
#20 1.990 -- Detecting CXX compiler ABI info
#20 2.186 -- Detecting CXX compiler ABI info - done
#20 2.252 -- Check for working CXX compiler: /usr/local/bin/clang++ - skipped
#20 2.253 -- Detecting CXX compile features
#20 2.254 -- Detecting CXX compile features - done
#20 2.291 -- Configuring done
#20 2.387 -- Generating done
#20 2.392 -- Build files have been written to: /src/c-blosc/build_dir
#20 2.397 ++ nproc
#20 2.398 + make -j8
#20 2.430 [  1%] Building C object blosc/CMakeFiles/blosc_static.dir/blosclz.c.o
#20 2.430 [  1%] Building C object blosc/CMakeFiles/blosc_static.dir/blosc.c.o
#20 2.431 [  2%] Building C object blosc/CMakeFiles/blosc_static.dir/fastcopy.c.o
#20 2.431 [  3%] Building C object blosc/CMakeFiles/blosc_static.dir/shuffle-generic.c.o
#20 2.431 [  3%] Building C object blosc/CMakeFiles/blosc_static.dir/bitshuffle-generic.c.o
#20 2.432 [  4%] Building C object blosc/CMakeFiles/blosc_static.dir/shuffle-sse2.c.o
#20 2.433 [  5%] Building C object blosc/CMakeFiles/blosc_shared.dir/blosc.c.o
#20 2.433 [  5%] Building C object blosc/CMakeFiles/blosc_shared_testing.dir/blosc.c.o
#20 2.604 /src/c-blosc/blosc/blosc.c:735:11: warning: variable 'ctbytes' set but not used [-Wunused-but-set-variable]/src/c-blosc/blosc/blosc.c
#20 2.607 :735:11: warning: variable 'ctbytes' set but not used [-Wunused-but-set-variable]
#20 2.607   int32_t ctbytes = 0;           /* number of compressed bytes in block */
#20 2.608           ^
#20 2.608   int32_t ctbytes = 0;           /* number of compressed bytes in block */
#20 2.608           ^
#20 2.616 /src/c-blosc/blosc/blosc.c:735:11: warning: variable 'ctbytes' set but not used [-Wunused-but-set-variable]
#20 2.617   int32_t ctbytes = 0;           /* number of compressed bytes in block */
#20 2.617           ^
#20 2.623 [  5%] Building C object blosc/CMakeFiles/blosc_shared_testing.dir/blosclz.c.o
#20 2.845 [  5%] Building C object blosc/CMakeFiles/blosc_static.dir/bitshuffle-sse2.c.o
#20 2.874 [  6%] Building C object blosc/CMakeFiles/blosc_static.dir/shuffle-avx2.c.o
#20 2.904 [  6%] Building C object blosc/CMakeFiles/blosc_static.dir/bitshuffle-avx2.c.o
#20 3.096 [  7%] Building C object blosc/CMakeFiles/blosc_shared_testing.dir/fastcopy.c.o
#20 3.124 [  8%] Building C object blosc/CMakeFiles/blosc_static.dir/shuffle.c.o
#20 3.266 1 warning generated.
#20 3.274 1 warning[  8%] Building C object blosc/CMakeFiles/blosc_static.dir/__/internal-complibs/lz4-1.9.3/lz4.c.o
#20 3.274  generated.
#20 3.282 [  9%] Building C object blosc/CMakeFiles/blosc_shared.dir/blosclz.c.o
#20 3.290 1 warning generated.
#20 3.298 [  9%] Building C object blosc/CMakeFiles/blosc_shared_testing.dir/shuffle-generic.c.o
#20 3.342 [ 10%] Building C object blosc/CMakeFiles/blosc_static.dir/__/internal-complibs/lz4-1.9.3/lz4hc.c.o
#20 3.505 [ 10%] Building C object blosc/CMakeFiles/blosc_static.dir/__/internal-complibs/zlib-1.2.11/adler32.c.o
#20 3.523 [ 11%] Building C object blosc/CMakeFiles/blosc_shared_testing.dir/shuffle-sse2.c.o
#20 3.523 [ 11%] Building C object blosc/CMakeFiles/blosc_shared_testing.dir/bitshuffle-generic.c.o
#20 3.700 [ 12%] Building C object blosc/CMakeFiles/blosc_static.dir/__/internal-complibs/zlib-1.2.11/compress.c.o
#20 3.760 [ 12%] Building C object blosc/CMakeFiles/blosc_shared.dir/fastcopy.c.o
#20 3.778 [ 12%] Building C object blosc/CMakeFiles/blosc_static.dir/__/internal-complibs/zlib-1.2.11/crc32.c.o
#20 3.972 [ 13%] Building C object blosc/CMakeFiles/blosc_static.dir/__/internal-complibs/zlib-1.2.11/deflate.c.o
#20 3.982 [ 14%] Building C object blosc/CMakeFiles/blosc_shared_testing.dir/bitshuffle-sse2.c.o
#20 4.016 [ 14%] Building C object blosc/CMakeFiles/blosc_static.dir/__/internal-complibs/zlib-1.2.11/gzclose.c.o
#20 4.101 [ 15%] Building C object blosc/CMakeFiles/blosc_static.dir/__/internal-complibs/zlib-1.2.11/gzlib.c.o
#20 4.183 [ 16%] Building C object blosc/CMakeFiles/blosc_shared.dir/shuffle-generic.c.o
#20 4.232 [ 16%] Building C object blosc/CMakeFiles/blosc_shared_testing.dir/shuffle-avx2.c.o
#20 4.346 [ 16%] Building C object blosc/CMakeFiles/blosc_static.dir/__/internal-complibs/zlib-1.2.11/gzread.c.o
#20 4.383 [ 16%] Building C object blosc/CMakeFiles/blosc_shared.dir/bitshuffle-generic.c.o
#20 4.505 [ 17%] Building C object blosc/CMakeFiles/blosc_static.dir/__/internal-complibs/zlib-1.2.11/gzwrite.c.o
#20 4.653 [ 18%] Building C object blosc/CMakeFiles/blosc_shared_testing.dir/bitshuffle-avx2.c.o
#20 4.678 [ 18%] Building C object blosc/CMakeFiles/blosc_static.dir/__/internal-complibs/zlib-1.2.11/infback.c.o
#20 4.830 [ 19%] Building C object blosc/CMakeFiles/blosc_static.dir/__/internal-complibs/zlib-1.2.11/inffast.c.o
#20 4.833 [ 20%] Building C object blosc/CMakeFiles/blosc_shared.dir/shuffle-sse2.c.o
#20 5.178 [ 20%] Building C object blosc/CMakeFiles/blosc_static.dir/__/internal-complibs/zlib-1.2.11/inflate.c.o
#20 5.178 [ 20%] Building C object blosc/CMakeFiles/blosc_shared.dir/bitshuffle-sse2.c.o
#20 5.262 [ 21%] Building C object blosc/CMakeFiles/blosc_static.dir/__/internal-complibs/zlib-1.2.11/inftrees.c.o
#20 5.532 [ 21%] Building C object blosc/CMakeFiles/blosc_static.dir/__/internal-complibs/zlib-1.2.11/trees.c.o
#20 5.551 [ 22%] Building C object blosc/CMakeFiles/blosc_shared.dir/shuffle-avx2.c.o
#20 5.699 [ 22%] Building C object blosc/CMakeFiles/blosc_shared_testing.dir/shuffle.c.o
#20 5.835 [ 22%] Building C object blosc/CMakeFiles/blosc_shared.dir/bitshuffle-avx2.c.o
#20 5.839 [ 23%] Building C object blosc/CMakeFiles/blosc_shared_testing.dir/__/internal-complibs/lz4-1.9.3/lz4.c.o
#20 5.925 [ 23%] Building C object blosc/CMakeFiles/blosc_shared_testing.dir/__/internal-complibs/lz4-1.9.3/lz4hc.c.o
#20 6.312 [ 24%] Building C object blosc/CMakeFiles/blosc_static.dir/__/internal-complibs/zlib-1.2.11/uncompr.c.o
#20 6.385 [ 24%] Building C object blosc/CMakeFiles/blosc_static.dir/__/internal-complibs/zlib-1.2.11/zutil.c.o
#20 6.483 [ 25%] Building C object blosc/CMakeFiles/blosc_static.dir/__/internal-complibs/zstd-1.5.0/common/debug.c.o
#20 6.509 [ 25%] Building C object blosc/CMakeFiles/blosc_static.dir/__/internal-complibs/zstd-1.5.0/common/entropy_common.c.o
#20 6.586 [ 26%] Building C object blosc/CMakeFiles/blosc_static.dir/__/internal-complibs/zstd-1.5.0/common/error_private.c.o
#20 6.638 [ 27%] Building C object blosc/CMakeFiles/blosc_static.dir/__/internal-complibs/zstd-1.5.0/common/fse_decompress.c.o
#20 6.875 [ 27%] Building C object blosc/CMakeFiles/blosc_static.dir/__/internal-complibs/zstd-1.5.0/common/pool.c.o
#20 6.880 [ 28%] Building C object blosc/CMakeFiles/blosc_shared.dir/shuffle.c.o
#20 6.981 [ 29%] Building C object blosc/CMakeFiles/blosc_static.dir/__/internal-complibs/zstd-1.5.0/common/threading.c.o
#20 7.007 [ 29%] Building C object blosc/CMakeFiles/blosc_static.dir/__/internal-complibs/zstd-1.5.0/common/xxhash.c.o
#20 7.103 [ 29%] Building C object blosc/CMakeFiles/blosc_shared.dir/__/internal-complibs/lz4-1.9.3/lz4.c.o
#20 7.177 [ 30%] Building C object blosc/CMakeFiles/blosc_shared.dir/__/internal-complibs/lz4-1.9.3/lz4hc.c.o
#20 7.364 [ 31%] Building C object blosc/CMakeFiles/blosc_static.dir/__/internal-complibs/zstd-1.5.0/common/zstd_common.c.o
#20 7.502 [ 31%] Building C object blosc/CMakeFiles/blosc_static.dir/__/internal-complibs/zstd-1.5.0/compress/fse_compress.c.o
#20 7.574 [ 32%] Building C object blosc/CMakeFiles/blosc_static.dir/__/internal-complibs/zstd-1.5.0/compress/hist.c.o
#20 7.764 [ 32%] Building C object blosc/CMakeFiles/blosc_static.dir/__/internal-complibs/zstd-1.5.0/compress/huf_compress.c.o
#20 8.029 [ 33%] Building C object blosc/CMakeFiles/blosc_static.dir/__/internal-complibs/zstd-1.5.0/compress/zstd_compress.c.o
#20 8.681 [ 33%] Building C object blosc/CMakeFiles/blosc_static.dir/__/internal-complibs/zstd-1.5.0/compress/zstd_compress_literals.c.o
#20 8.872 [ 34%] Building C object blosc/CMakeFiles/blosc_static.dir/__/internal-complibs/zstd-1.5.0/compress/zstd_compress_sequences.c.o
#20 9.334 [ 34%] Building C object blosc/CMakeFiles/blosc_static.dir/__/internal-complibs/zstd-1.5.0/compress/zstd_compress_superblock.c.o
#20 9.458 /src/c-blosc/internal-complibs/zstd-1.5.0/compress/zstd_compress_superblock.c:134:12: warning: variable 'litLengthSum' set but not used [-Wunused-but-set-variable]
#20 9.459     size_t litLengthSum = 0;
#20 9.459            ^
#20 9.819 1 warning generated.
#20 9.828 [ 35%] Building C object blosc/CMakeFiles/blosc_static.dir/__/internal-complibs/zstd-1.5.0/compress/zstd_double_fast.c.o
#20 9.992 [ 35%] Building C object blosc/CMakeFiles/blosc_static.dir/__/internal-complibs/zstd-1.5.0/compress/zstd_fast.c.o
#20 12.28 [ 36%] Building C object blosc/CMakeFiles/blosc_static.dir/__/internal-complibs/zstd-1.5.0/compress/zstd_lazy.c.o
#20 12.81 [ 36%] Building C object blosc/CMakeFiles/blosc_static.dir/__/internal-complibs/zstd-1.5.0/compress/zstd_ldm.c.o
#20 13.08 [ 37%] Building C object blosc/CMakeFiles/blosc_shared_testing.dir/__/internal-complibs/zlib-1.2.11/adler32.c.o
#20 13.30 [ 37%] Building C object blosc/CMakeFiles/blosc_shared_testing.dir/__/internal-complibs/zlib-1.2.11/compress.c.o
#20 13.38 [ 38%] Building C object blosc/CMakeFiles/blosc_shared_testing.dir/__/internal-complibs/zlib-1.2.11/crc32.c.o
#20 13.66 [ 38%] Building C object blosc/CMakeFiles/blosc_shared_testing.dir/__/internal-complibs/zlib-1.2.11/deflate.c.o
#20 13.68 [ 39%] Building C object blosc/CMakeFiles/blosc_static.dir/__/internal-complibs/zstd-1.5.0/compress/zstd_opt.c.o
#20 14.12 [ 39%] Building C object blosc/CMakeFiles/blosc_static.dir/__/internal-complibs/zstd-1.5.0/compress/zstdmt_compress.c.o
#20 14.38 [ 39%] Building C object blosc/CMakeFiles/blosc_shared.dir/__/internal-complibs/zlib-1.2.11/adler32.c.o
#20 14.60 [ 40%] Building C object blosc/CMakeFiles/blosc_shared.dir/__/internal-complibs/zlib-1.2.11/compress.c.o
#20 14.69 [ 40%] Building C object blosc/CMakeFiles/blosc_shared.dir/__/internal-complibs/zlib-1.2.11/crc32.c.o
#20 14.96 [ 41%] Building C object blosc/CMakeFiles/blosc_shared.dir/__/internal-complibs/zlib-1.2.11/deflate.c.o
#20 15.00 [ 42%] Building C object blosc/CMakeFiles/blosc_shared_testing.dir/__/internal-complibs/zlib-1.2.11/gzclose.c.o
#20 15.10 [ 42%] Building C object blosc/CMakeFiles/blosc_shared_testing.dir/__/internal-complibs/zlib-1.2.11/gzlib.c.o
#20 15.28 [ 43%] Building C object blosc/CMakeFiles/blosc_static.dir/__/internal-complibs/zstd-1.5.0/decompress/huf_decompress.c.o
#20 15.38 [ 44%] Building C object blosc/CMakeFiles/blosc_shared_testing.dir/__/internal-complibs/zlib-1.2.11/gzread.c.o
#20 15.75 [ 44%] Building C object blosc/CMakeFiles/blosc_shared_testing.dir/__/internal-complibs/zlib-1.2.11/gzwrite.c.o
#20 16.13 [ 45%] Building C object blosc/CMakeFiles/blosc_shared_testing.dir/__/internal-complibs/zlib-1.2.11/infback.c.o
#20 16.29 [ 45%] Building C object blosc/CMakeFiles/blosc_static.dir/__/internal-complibs/zstd-1.5.0/decompress/zstd_ddict.c.o
#20 16.30 [ 45%] Building C object blosc/CMakeFiles/blosc_shared.dir/__/internal-complibs/zlib-1.2.11/gzclose.c.o
#20 16.39 [ 46%] Building C object blosc/CMakeFiles/blosc_shared.dir/__/internal-complibs/zlib-1.2.11/gzlib.c.o
#20 16.50 [ 47%] Building C object blosc/CMakeFiles/blosc_static.dir/__/internal-complibs/zstd-1.5.0/decompress/zstd_decompress.c.o
#20 16.66 [ 47%] Building C object blosc/CMakeFiles/blosc_shared.dir/__/internal-complibs/zlib-1.2.11/gzread.c.o
#20 16.85 [ 47%] Building C object blosc/CMakeFiles/blosc_shared_testing.dir/__/internal-complibs/zlib-1.2.11/inffast.c.o
#20 17.01 [ 48%] Building C object blosc/CMakeFiles/blosc_shared_testing.dir/__/internal-complibs/zlib-1.2.11/inflate.c.o
#20 17.04 [ 49%] Building C object blosc/CMakeFiles/blosc_shared.dir/__/internal-complibs/zlib-1.2.11/gzwrite.c.o
#20 17.26 [ 49%] Building C object blosc/CMakeFiles/blosc_shared_testing.dir/__/internal-complibs/zlib-1.2.11/inftrees.c.o
#20 17.42 [ 49%] Building C object blosc/CMakeFiles/blosc_shared.dir/__/internal-complibs/zlib-1.2.11/infback.c.o
#20 17.51 [ 50%] Building C object blosc/CMakeFiles/blosc_shared_testing.dir/__/internal-complibs/zlib-1.2.11/trees.c.o
#20 17.75 [ 50%] Building C object blosc/CMakeFiles/blosc_static.dir/__/internal-complibs/zstd-1.5.0/decompress/zstd_decompress_block.c.o
#20 18.15 [ 51%] Building C object blosc/CMakeFiles/blosc_shared.dir/__/internal-complibs/zlib-1.2.11/inffast.c.o
#20 18.23 [ 51%] Building C object blosc/CMakeFiles/blosc_shared.dir/__/internal-complibs/zlib-1.2.11/inflate.c.o
#20 18.37 [ 51%] Building C object blosc/CMakeFiles/blosc_shared_testing.dir/__/internal-complibs/zlib-1.2.11/uncompr.c.o
#20 18.40 [ 52%] Building C object blosc/CMakeFiles/blosc_shared.dir/__/internal-complibs/zlib-1.2.11/inftrees.c.o
#20 18.45 [ 53%] Building C object blosc/CMakeFiles/blosc_shared_testing.dir/__/internal-complibs/zlib-1.2.11/zutil.c.o
#20 18.56 [ 53%] Building C object blosc/CMakeFiles/blosc_shared.dir/__/internal-complibs/zlib-1.2.11/trees.c.o
#20 18.56 [ 54%] Building C object blosc/CMakeFiles/blosc_shared_testing.dir/__/internal-complibs/zstd-1.5.0/common/debug.c.o
#20 18.58 [ 54%] Building C object blosc/CMakeFiles/blosc_shared_testing.dir/__/internal-complibs/zstd-1.5.0/common/entropy_common.c.o
#20 18.65 [ 55%] Building C object blosc/CMakeFiles/blosc_shared_testing.dir/__/internal-complibs/zstd-1.5.0/common/error_private.c.o
#20 18.65 [ 56%] Building C object blosc/CMakeFiles/blosc_shared.dir/__/internal-complibs/zlib-1.2.11/uncompr.c.o
#20 18.71 [ 56%] Building C object blosc/CMakeFiles/blosc_shared_testing.dir/__/internal-complibs/zstd-1.5.0/common/fse_decompress.c.o
#20 18.74 [ 57%] Building C object blosc/CMakeFiles/blosc_shared.dir/__/internal-complibs/zlib-1.2.11/zutil.c.o
#20 18.84 [ 57%] Building C object blosc/CMakeFiles/blosc_shared.dir/__/internal-complibs/zstd-1.5.0/common/debug.c.o
#20 18.87 [ 58%] Building C object blosc/CMakeFiles/blosc_shared.dir/__/internal-complibs/zstd-1.5.0/common/entropy_common.c.o
#20 18.99 [ 59%] Building C object blosc/CMakeFiles/blosc_shared_testing.dir/__/internal-complibs/zstd-1.5.0/common/pool.c.o
#20 19.11 [ 59%] Building C object blosc/CMakeFiles/blosc_shared_testing.dir/__/internal-complibs/zstd-1.5.0/common/threading.c.o
#20 19.13 [ 60%] Building C object blosc/CMakeFiles/blosc_shared_testing.dir/__/internal-complibs/zstd-1.5.0/common/xxhash.c.o
#20 19.28 [ 60%] Building C object blosc/CMakeFiles/blosc_shared.dir/__/internal-complibs/zstd-1.5.0/common/error_private.c.o
#20 19.34 [ 61%] Building C object blosc/CMakeFiles/blosc_shared.dir/__/internal-complibs/zstd-1.5.0/common/fse_decompress.c.o
#20 19.42 [ 61%] Building C object blosc/CMakeFiles/blosc_shared.dir/__/internal-complibs/zstd-1.5.0/common/pool.c.o
#20 19.52 [ 61%] Building C object blosc/CMakeFiles/blosc_shared_testing.dir/__/internal-complibs/zstd-1.5.0/common/zstd_common.c.o
#20 19.54 [ 62%] Building C object blosc/CMakeFiles/blosc_shared.dir/__/internal-complibs/zstd-1.5.0/common/threading.c.o
#20 19.57 [ 62%] Building C object blosc/CMakeFiles/blosc_shared.dir/__/internal-complibs/zstd-1.5.0/common/xxhash.c.o
#20 19.67 [ 63%] Building C object blosc/CMakeFiles/blosc_shared_testing.dir/__/internal-complibs/zstd-1.5.0/compress/fse_compress.c.o
#20 19.78 [ 63%] Building C object blosc/CMakeFiles/blosc_shared_testing.dir/__/internal-complibs/zstd-1.5.0/compress/hist.c.o
#20 19.88 [ 64%] Building C object blosc/CMakeFiles/blosc_shared_testing.dir/__/internal-complibs/zstd-1.5.0/compress/huf_compress.c.o
#20 19.96 [ 65%] Building C object blosc/CMakeFiles/blosc_shared.dir/__/internal-complibs/zstd-1.5.0/common/zstd_common.c.o
#20 20.00 [ 65%] Building C object blosc/CMakeFiles/blosc_shared_testing.dir/__/internal-complibs/zstd-1.5.0/compress/zstd_compress.c.o
#20 20.11 [ 65%] Building C object blosc/CMakeFiles/blosc_shared.dir/__/internal-complibs/zstd-1.5.0/compress/fse_compress.c.o
#20 20.25 [ 66%] Building C object blosc/CMakeFiles/blosc_shared_testing.dir/__/internal-complibs/zstd-1.5.0/compress/zstd_compress_literals.c.o
#20 20.41 [ 67%] Building C object blosc/CMakeFiles/blosc_shared.dir/__/internal-complibs/zstd-1.5.0/compress/hist.c.o
#20 20.47 [ 67%] Building C object blosc/CMakeFiles/blosc_shared_testing.dir/__/internal-complibs/zstd-1.5.0/compress/zstd_compress_sequences.c.o
#20 20.51 [ 68%] Building C object blosc/CMakeFiles/blosc_shared_testing.dir/__/internal-complibs/zstd-1.5.0/compress/zstd_compress_superblock.c.o
#20 20.63 [ 68%] Building C object blosc/CMakeFiles/blosc_shared.dir/__/internal-complibs/zstd-1.5.0/compress/huf_compress.c.o
#20 20.63 /src/c-blosc/internal-complibs/zstd-1.5.0/compress/zstd_compress_superblock.c:134:12: warning: variable 'litLengthSum' set but not used [-Wunused-but-set-variable]
#20 20.64     size_t litLengthSum = 0;
#20 20.64            ^
#20 20.68 [ 69%] Building C object blosc/CMakeFiles/blosc_shared.dir/__/internal-complibs/zstd-1.5.0/compress/zstd_compress.c.o
#20 20.94 [ 69%] Building C object blosc/CMakeFiles/blosc_shared_testing.dir/__/internal-complibs/zstd-1.5.0/compress/zstd_double_fast.c.o
#20 20.98 [ 70%] Building C object blosc/CMakeFiles/blosc_shared_testing.dir/__/internal-complibs/zstd-1.5.0/compress/zstd_fast.c.o
#20 21.06 1 warning generated.
#20 21.07 [ 70%] Building C object blosc/CMakeFiles/blosc_shared_testing.dir/__/internal-complibs/zstd-1.5.0/compress/zstd_lazy.c.o
#20 21.68 [ 70%] Building C object blosc/CMakeFiles/blosc_shared.dir/__/internal-complibs/zstd-1.5.0/compress/zstd_compress_literals.c.o
#20 21.89 [ 71%] Building C object blosc/CMakeFiles/blosc_shared.dir/__/internal-complibs/zstd-1.5.0/compress/zstd_compress_sequences.c.o
#20 22.43 [ 71%] Building C object blosc/CMakeFiles/blosc_shared.dir/__/internal-complibs/zstd-1.5.0/compress/zstd_compress_superblock.c.o
#20 22.56 /src/c-blosc/internal-complibs/zstd-1.5.0/compress/zstd_compress_superblock.c:134:12: warning: variable 'litLengthSum' set but not used [-Wunused-but-set-variable]
#20 22.56     size_t litLengthSum = 0;
#20 22.56            ^
#20 22.98 1 warning generated.
#20 22.99 [ 72%] Building C object blosc/CMakeFiles/blosc_shared.dir/__/internal-complibs/zstd-1.5.0/compress/zstd_double_fast.c.o
#20 24.63 [ 73%] Building C object blosc/CMakeFiles/blosc_shared_testing.dir/__/internal-complibs/zstd-1.5.0/compress/zstd_ldm.c.o
#20 25.23 [ 73%] Building C object blosc/CMakeFiles/blosc_shared.dir/__/internal-complibs/zstd-1.5.0/compress/zstd_fast.c.o
#20 25.58 [ 73%] Building C object blosc/CMakeFiles/blosc_shared_testing.dir/__/internal-complibs/zstd-1.5.0/compress/zstd_opt.c.o
#20 25.79 [ 74%] Building C object blosc/CMakeFiles/blosc_shared_testing.dir/__/internal-complibs/zstd-1.5.0/compress/zstdmt_compress.c.o
#20 27.00 [ 74%] Building C object blosc/CMakeFiles/blosc_shared_testing.dir/__/internal-complibs/zstd-1.5.0/decompress/huf_decompress.c.o
#20 28.65 [ 75%] Building C object blosc/CMakeFiles/blosc_shared_testing.dir/__/internal-complibs/zstd-1.5.0/decompress/zstd_ddict.c.o
#20 28.87 [ 75%] Building C object blosc/CMakeFiles/blosc_shared_testing.dir/__/internal-complibs/zstd-1.5.0/decompress/zstd_decompress.c.o
#20 30.10 [ 76%] Building C object blosc/CMakeFiles/blosc_shared_testing.dir/__/internal-complibs/zstd-1.5.0/decompress/zstd_decompress_block.c.o
#20 30.13 [ 77%] Building C object blosc/CMakeFiles/blosc_shared.dir/__/internal-complibs/zstd-1.5.0/compress/zstd_lazy.c.o
#20 30.18 [ 77%] Building C object blosc/CMakeFiles/blosc_shared.dir/__/internal-complibs/zstd-1.5.0/compress/zstd_ldm.c.o
#20 30.79 [ 78%] Building C object blosc/CMakeFiles/blosc_shared.dir/__/internal-complibs/zstd-1.5.0/compress/zstd_opt.c.o
#20 31.10 [ 78%] Building C object blosc/CMakeFiles/blosc_shared.dir/__/internal-complibs/zstd-1.5.0/compress/zstdmt_compress.c.o
#20 32.32 [ 79%] Building C object blosc/CMakeFiles/blosc_shared.dir/__/internal-complibs/zstd-1.5.0/decompress/huf_decompress.c.o
#20 32.90 [ 79%] Building C object blosc/CMakeFiles/blosc_shared.dir/__/internal-complibs/zstd-1.5.0/decompress/zstd_ddict.c.o
#20 33.12 [ 80%] Building C object blosc/CMakeFiles/blosc_shared.dir/__/internal-complibs/zstd-1.5.0/decompress/zstd_decompress.c.o
#20 34.44 [ 80%] Building C object blosc/CMakeFiles/blosc_shared.dir/__/internal-complibs/zstd-1.5.0/decompress/zstd_decompress_block.c.o
#20 67.48 [ 81%] Linking C static library libblosc.a
#20 67.62 [ 81%] Built target blosc_static
#20 67.63 [ 81%] Building C object tests/fuzz/CMakeFiles/fuzz_compress.dir/fuzz_compress.c.o
#20 67.63 [ 82%] Building C object tests/fuzz/CMakeFiles/fuzz_decompress.dir/fuzz_decompress.c.o
#20 67.69 [ 82%] Linking CXX executable decompress_fuzzer
#20 67.70 [ 83%] Linking CXX executable compress_fuzzer
#20 68.13 [ 83%] Built target fuzz_compress
#20 68.25 [ 83%] Built target fuzz_decompress
#20 84.82 [ 83%] Linking C shared library libblosc_testing.so
#20 85.90 [ 83%] Built target blosc_shared_testing
#20 85.92 [ 86%] Building C object tests/CMakeFiles/test_shuffle_roundtrip_generic.dir/test_shuffle_roundtrip_generic.c.o
#20 85.92 [ 86%] Building C object tests/CMakeFiles/test_shuffle_roundtrip_avx2.dir/test_shuffle_roundtrip_avx2.c.o
#20 85.92 [ 86%] Building C object tests/CMakeFiles/test_shuffle_roundtrip_sse2.dir/test_shuffle_roundtrip_sse2.c.o
#20 85.92 [ 87%] Building C object tests/CMakeFiles/test_forksafe.dir/test_forksafe.c.o
#20 85.92 [ 88%] Building C object tests/CMakeFiles/test_compress_roundtrip.dir/test_compress_roundtrip.c.o
#20 85.92 [ 89%] Building C object tests/CMakeFiles/test_api.dir/test_api.c.o
#20 85.92 [ 90%] Building C object tests/CMakeFiles/test_bitshuffle_leftovers.dir/test_bitshuffle_leftovers.c.o
#20 86.06 [ 90%] Linking C executable test_shuffle_roundtrip_avx2
#20 86.07 [ 90%] Linking C executable test_bitshuffle_leftovers
#20 86.08 [ 90%] Linking C executable test_forksafe
#20 86.08 [ 90%] Linking C executable test_compress_roundtrip
#20 86.13 [ 90%] Linking C executable test_shuffle_roundtrip_generic
#20 86.24 [ 90%] Built target test_shuffle_roundtrip_avx2
#20 86.25 [ 90%] Built target test_bitshuffle_leftovers
#20 86.25 [ 91%] Building C object tests/CMakeFiles/test_compressor.dir/test_compressor.c.o
#20 86.26 [ 92%] Building C object tests/CMakeFiles/test_nthreads.dir/test_nthreads.c.o
#20 86.27 [ 92%] Built target test_forksafe
#20 86.27 [ 92%] Built target test_compress_roundtrip
#20 86.28 [ 93%] Building C object tests/CMakeFiles/test_getitem.dir/test_getitem.c.o
#20 86.28 [ 94%] Building C object tests/CMakeFiles/test_noinit.dir/test_noinit.c.o
#20 86.31 [ 94%] Built target test_shuffle_roundtrip_generic
#20 86.32 [ 95%] Building C object tests/CMakeFiles/test_maxout.dir/test_maxout.c.o
#20 86.34 [ 95%] Linking C executable test_api
#20 86.41 [ 96%] Linking C executable test_shuffle_roundtrip_sse2
#20 86.45 [ 96%] Linking C executable test_nthreads
#20 86.45 [ 96%] Linking C executable test_getitem
#20 86.45 [ 96%] Linking C executable test_noinit
#20 86.48 [ 96%] Built target test_api
#20 86.49 [ 97%] Building C object tests/CMakeFiles/test_nolock.dir/test_nolock.c.o
#20 86.57 [ 97%] Linking C executable test_compressor
#20 86.60 [ 97%] Built target test_shuffle_roundtrip_sse2
#20 86.64 [ 97%] Built target test_nthreads
#20 86.64 [ 97%] Built target test_noinit
#20 86.64 [ 97%] Built target test_getitem
#20 86.66 [ 97%] Linking C executable test_maxout
#20 86.68 [ 97%] Linking C executable test_nolock
#20 86.72 [ 97%] Built target test_compressor
#20 86.78 [ 97%] Built target test_maxout
#20 86.80 [ 97%] Built target test_nolock
#20 91.59 [ 98%] Linking C shared library libblosc.so
#20 92.50 [ 98%] Built target blosc_shared
#20 92.51 [ 98%] Building C object compat/CMakeFiles/filegen.dir/filegen.c.o
#20 92.52 [ 98%] Building C object bench/CMakeFiles/bench.dir/bench.c.o
#20 92.59 [ 99%] Linking C executable filegen
#20 92.70 [ 99%] Built target filegen
#20 92.86 [100%] Linking C executable bench
#20 92.98 [100%] Built target bench
#20 92.99 + popd
#20 92.99 /src/c-blosc
#20 93.00 ++ find /src -name '*_fuzzer.cc'
#20 93.02 + for fuzzers in $(find $SRC -name '*_fuzzer.cc')
#20 93.02 ++ basename -s .cc /src/blosc_fuzzer.cc
#20 93.02 + fuzz_basename=blosc_fuzzer
#20 93.02 + clang++ -DFUZZING_BUILD_MODE_UNSAFE_FOR_PRODUCTION -pthread -Wl,--no-as-needed -Wl,-ldl -Wl,-lm -Wno-unused-command-line-argument -stdlib=libc++ -O3 -fsanitize-coverage=trace-pc-guard -std=c++11 -I. -I../blosc/ /src/blosc_fuzzer.cc /libAFL.a ./build_dir/blosc/libblosc.a -o /out/blosc_fuzzer
#20 93.37 [post_build] Copying afl-fuzz to $OUT directory
#20 DONE 99.6s

#21 exporting to image
#21 sha256:e8c613e07b0b7ff33893b694f7759a10d42e180f2b4dc349fb57dc6b71dcab00
#21 exporting layers done
#21 writing image sha256:a018780b1ee134da305d126dd019905df1f198bee5be16780a1215f2539215b5
#21 writing image sha256:a018780b1ee134da305d126dd019905df1f198bee5be16780a1215f2539215b5 done
#21 naming to gcr.io/fuzzbench/builders/afl/c-blosc_c-blosc done
#21 DONE 0.1s

#22 exporting cache
#22 sha256:2700d4ef94dee473593c5c614b55b2dedcca7893909811a8f2b48291a1f581e4
#22 preparing build cache for export done
#22 DONE 0.0s
------
 > importing cache manifest from gcr.io/fuzzbench/builders/afl/c-blosc_c-blosc:
------
#1 [internal] load build definition from runner.Dockerfile
#1 sha256:2586a8ad54d7bbaf6966a7ea3ead16910d95537e2704680610b8b5c7cefec8c7
#1 transferring dockerfile: 656B done
#1 DONE 0.0s

#2 [internal] load .dockerignore
#2 sha256:58d10502ebacae0a1aaf0c27b44f2d6bee27bad8c292b7ea264fc132c49e7cbb
#2 transferring context: 2B done
#2 DONE 0.0s

#3 [internal] load metadata for gcr.io/fuzzbench/base-image:latest
#3 sha256:932022888f650cc455b10eb5123bb08c0cccacac29a693e69314abbfd28a72c3
#3 DONE 0.0s

#5 [1/1] FROM gcr.io/fuzzbench/base-image
#5 sha256:4d07825694520f8b6f6a0d8592dbd345433361ae044cb7f06706c5a95e3daaad
#5 DONE 0.0s

#4 importing cache manifest from gcr.io/fuzzbench/runners/afl/c-blosc_c-blosc-intermediate
#4 sha256:6f9ce66bef250c9ddd0cbafac5fb489cc92c66ee80f388598aae841f8a4f790d
#4 ERROR: gcr.io/fuzzbench/runners/afl/c-blosc_c-blosc-intermediate:latest: not found

#5 [1/1] FROM gcr.io/fuzzbench/base-image
#5 sha256:4d07825694520f8b6f6a0d8592dbd345433361ae044cb7f06706c5a95e3daaad
#5 CACHED

#6 exporting to image
#6 sha256:e8c613e07b0b7ff33893b694f7759a10d42e180f2b4dc349fb57dc6b71dcab00
#6 exporting layers done
#6 writing image sha256:3e4588a9aebaeeab0d6e65a047af35e4caf540bb58ccd8719f28cf6fa6b3868f done
#6 naming to gcr.io/fuzzbench/runners/afl/c-blosc_c-blosc-intermediate done
#6 DONE 0.0s

#7 exporting cache
#7 sha256:2700d4ef94dee473593c5c614b55b2dedcca7893909811a8f2b48291a1f581e4
#7 preparing build cache for export done
#7 DONE 0.0s
------
 > importing cache manifest from gcr.io/fuzzbench/runners/afl/c-blosc_c-blosc-intermediate:
------
#1 [internal] load build definition from Dockerfile
#1 sha256:76ca42bceb07225b7d411cd523afcb5fa3ab0a0b864a4485ff11bfa0299dd636
#1 transferring dockerfile: 3.17kB done
#1 DONE 0.0s

#2 [internal] load .dockerignore
#2 sha256:5c2d9cc6e8927cb8817532008f3e6d7b4b378c775f4f6c1f085cc1c4ce29659d
#2 transferring context: 34B done
#2 DONE 0.0s

#3 [internal] load metadata for gcr.io/fuzzbench/runners/afl/c-blosc_c-blosc-intermediate:latest
#3 sha256:62275fd70e06df17e38f14cc42155bd0361bee16befa0cda4f445faffea47d22
#3 DONE 0.0s

#4 [internal] load metadata for gcr.io/fuzzbench/builders/afl/c-blosc_c-blosc:latest
#4 sha256:89e7fb0e54fb1e1fd9fb8fa4afd9b78564c11e0edf0eee689f91c56781f87418
#4 DONE 0.0s

#12 [internal] load build context
#12 sha256:9b5e8546c26514b6cc965771817d368345106e0b03e0d0ea1103b3afaf2c8885
#12 DONE 0.0s

#6 [stage-1  1/13] FROM gcr.io/fuzzbench/runners/afl/c-blosc_c-blosc-intermediate
#6 sha256:3efdac1e681dba6ab9218459b3bdb54c97bae081170711ba37c73c1e55ce7626
#6 DONE 0.0s

#10 [builder 1/1] FROM gcr.io/fuzzbench/builders/afl/c-blosc_c-blosc
#10 sha256:376bddef6a93732c25cdc3e1fae13f81acbecee07be50cbc0971254d7a85afde
#10 DONE 0.0s

#5 importing cache manifest from gcr.io/fuzzbench/runners/afl/c-blosc_c-blosc
#5 sha256:89d99a488efd48e0ccd165e6c04d6f1f27f3607d380df7105feb4afe928daea2
#5 ERROR: gcr.io/fuzzbench/runners/afl/c-blosc_c-blosc:latest: not found

#12 [internal] load build context
#12 sha256:9b5e8546c26514b6cc965771817d368345106e0b03e0d0ea1103b3afaf2c8885
#12 transferring context: 17.64MB 0.6s done
#12 DONE 0.7s

#10 [builder 1/1] FROM gcr.io/fuzzbench/builders/afl/c-blosc_c-blosc
#10 sha256:376bddef6a93732c25cdc3e1fae13f81acbecee07be50cbc0971254d7a85afde
#10 DONE 0.6s

#7 [stage-1  2/13] RUN apt-get update -y && apt-get install -y     libglib2.0-0     libxml2     libarchive13     libgss3
#7 sha256:8572ce34746730f8247e5c5294ae2218f9d3ced47a0589a42fcd955793cf5044
#7 CACHED

#8 [stage-1  3/13] RUN mkdir -p /out
#8 sha256:66a3248039468d25de7f2fd00b0d21325efff066ef4be55dba26f4f73d850d50
#8 CACHED

#9 [stage-1  4/13] WORKDIR /out
#9 sha256:0f653dd476ba6af202e24e3059553b5a7dd0480d7d3eefc95933a286b2fba18f
#9 CACHED

#11 [stage-1  5/13] COPY --from=builder /out/ ./
#11 sha256:abff08886275bf8d3410ea47f1250c5500c81eb45bc9270f9571dd80ab7ddf9c
#11 DONE 0.2s

#13 [stage-1  6/13] COPY benchmarks /src/benchmarks
#13 sha256:b6bde0a891083948ce3c74fc670a81570e811b308adc5c5561a80969b69cb452
#13 DONE 1.0s

#14 [stage-1  7/13] COPY fuzzers /src/fuzzers
#14 sha256:e3e6f4053d2b5e22232a34ef4ab97258b00f94e62bfa82d1d7befb6c7b567a35
#14 DONE 0.3s

#15 [stage-1  8/13] RUN touch __init__.py
#15 sha256:e9f68133a4ab702135be7be374ae3d51d3b091b3ae1f9e6763bb3ca63ba5388e
#15 DONE 0.7s

#16 [stage-1  9/13] RUN mkdir -p /out/seeds /out/corpus
#16 sha256:f19a02fbc95fca34b4b3f4b8c8c17b8d94c17661465cc856e0764a23b3efc66a
#16 DONE 0.8s

#17 [stage-1 10/13] COPY common /src/common
#17 sha256:855138647be0ceb0ab49e498560885b7472c921e80a51bd847fd65584453e5ea
#17 DONE 0.3s

#18 [stage-1 11/13] COPY experiment/runner.py /src/experiment/runner.py
#18 sha256:5c4b504234f6b59dde234515743e3d8231200dcaf885dfe5b8e2dc33066ab56b
#18 DONE 0.2s

#19 [stage-1 12/13] COPY docker/benchmark-runner /src/docker/benchmark-runner
#19 sha256:ad268f19431f31a66bc2cb92ba4d2f5a0ff71a88362c79ddf62aee6e5107c01f
#19 DONE 0.2s

#20 [stage-1 13/13] RUN chmod +x /src/docker/benchmark-runner/startup-runner.sh
#20 sha256:c23de192a91525911ebdadb96b7849a389db4703c915eed03e1814d29a014823
#20 DONE 0.4s

#21 exporting to image
#21 sha256:e8c613e07b0b7ff33893b694f7759a10d42e180f2b4dc349fb57dc6b71dcab00
#21 exporting layers done
#21 writing image sha256:02cd98d9d65b013bdd971d4987553ef1da9caaff1e2214c80176346302dc4a2e done
#21 naming to gcr.io/fuzzbench/runners/afl/c-blosc_c-blosc done
#21 DONE 0.0s

#22 exporting cache
#22 sha256:2700d4ef94dee473593c5c614b55b2dedcca7893909811a8f2b48291a1f581e4
#22 preparing build cache for export done
#22 DONE 0.0s
------
 > importing cache manifest from gcr.io/fuzzbench/runners/afl/c-blosc_c-blosc:
------
INFO:root:Doing trial as part of experiment.
INFO:root:Starting trial.
ERROR:root:Fuzz target binary not found.
INFO:root:Doing final sync.
ERROR:root:Call to <function get_stats at 0x7fee531a6f70> failed. Extras: {'traceback': 'Traceback (most recent call last):\n  File "/src/experiment/runner.py", line 374, in record_stats\n    stats_json_str = fuzzer_module_get_stats(output_corpus,\n  File "/src/fuzzers/afl/fuzzer.py", line 51, in get_stats\n    with open(stats_file) as file_handle:\nFileNotFoundError: [Errno 2] No such file or directory: \'/out/corpus/fuzzer_stats\'\n'}
/bin/sh: 1: source: not found
#1 [internal] load build definition from Dockerfile
#1 sha256:a08715fbfffb7576b8ae87f845c9d26718994b509449fc73e5c66b8cdc0364ef
#1 transferring dockerfile: 32B done
#1 DONE 0.0s

#2 [internal] load .dockerignore
#2 sha256:28112fe72fa920b58bd8b6727f0ffd292459eac453f740f8b4dd972cb8517a32
#2 transferring context: 2B done
#2 DONE 0.1s

#3 [internal] load metadata for gcr.io/oss-fuzz-base/base-builder:latest
#3 sha256:f10dc39cc9d418a5bc416dead31a1902b6821fdae909cd3b08f7a3fd1faba7b5
#3 DONE 0.4s

#5 [1/5] FROM gcr.io/oss-fuzz-base/base-builder@sha256:4ad017ca53699eda684c1c444948c93a4af848fe34baee3a765d3c4693fe6a56
#5 sha256:3f10b3978a3951f6e2692fa5e5890ee5a755650381dedece7198ed0b1dcdaa8c
#5 DONE 0.0s

#4 importing cache manifest from gcr.io/fuzzbench/builders/benchmark/c-blosc_c-blosc
#4 sha256:55b9699d08fb7496a6ea8be791e8b83df6c84113be1fc39d5b89f98b255c3f6d
#4 DONE 0.0s

#9 [internal] load build context
#9 sha256:c259d779e5692825d85c5cd0d2a5d983001b0af93026134aef9b979e6807faea
#9 transferring context: 65B done
#9 DONE 0.1s

#8 [4/5] WORKDIR c-blosc
#8 sha256:9310cfa8281b1e9f922d631314bb8ec2febfd114b35251ca133f36791b85a60e
#8 CACHED

#6 [2/5] RUN apt-get update && apt-get install -y make autoconf automake libtool cmake
#6 sha256:0c734aecf1b283c063c3bbc6f7e827fdfd9889f2d9f9c17d96046a591ed89710
#6 CACHED

#7 [3/5] RUN git clone --depth 1 https://github.com/Blosc/c-blosc.git c-blosc
#7 sha256:efd0bbeb489bc133beb61f331307df2ea3830ed09c2ad477ab5fd6d8fe4811c5
#7 CACHED

#10 [5/5] COPY build.sh blosc_fuzzer.cc /src/
#10 sha256:5d169677398a60fc9253179e8092d6feb351ba297c14eb60a218aacbd487faa6
#10 CACHED

#11 exporting to image
#11 sha256:e8c613e07b0b7ff33893b694f7759a10d42e180f2b4dc349fb57dc6b71dcab00
#11 exporting layers done
#11 writing image sha256:4850c0aef3163f25f473dbcf1572da2c4d8649bfe9e70634b1ee18352c482e09 done
#11 naming to gcr.io/fuzzbench/builders/benchmark/c-blosc_c-blosc done
#11 DONE 0.2s

#12 exporting cache
#12 sha256:2700d4ef94dee473593c5c614b55b2dedcca7893909811a8f2b48291a1f581e4
#12 preparing build cache for export done
#12 DONE 0.0s
#1 [internal] load build definition from builder.Dockerfile
#1 sha256:8435cbc63049af1f2ad659c05380d6bde6c23b4d7d5951183e256635399043b6
#1 transferring dockerfile: 1.35kB done
#1 DONE 0.0s

#2 [internal] load .dockerignore
#2 sha256:5fef70ddd7109b7f2ba7cd69cc7577e8f51d1ca0eed675136ce5edafdfa0aefb
#2 transferring context: 2B done
#2 DONE 0.1s

#3 [internal] load metadata for gcr.io/fuzzbench/builders/benchmark/c-blosc_c-blosc:latest
#3 sha256:3132141c1baafec214a55e82209ddb5aa1077367e9a9076a1e9d1069a70a26f5
#3 DONE 0.0s

#5 [1/3] FROM gcr.io/fuzzbench/builders/benchmark/c-blosc_c-blosc
#5 sha256:1957015a57ebc8f15889d1cb077f4958a82ea0a9ab527dca9b3453cbebb8debb
#5 DONE 0.0s

#4 importing cache manifest from gcr.io/fuzzbench/builders/afl/c-blosc_c-blosc-intermediate
#4 sha256:cbcadacd11dc54132dad0e52cd38a0dbf956c2dd68315d65af3437d475e1f3dc
#4 DONE 0.0s

#6 [2/3] RUN git clone https://github.com/google/AFL.git /afl &&     cd /afl &&     git checkout 61037103ae3722c8060ff7082994836a794f978e &&     AFL_NO_X86=1 make
#6 sha256:628fd2bb8ed1d09abfc2207dcf01ca7458145f0f81d0dc5c42b53cc04e6ef4ed
#6 CACHED

#7 [3/3] RUN apt-get update &&     apt-get install wget -y &&     wget https://raw.githubusercontent.com/llvm/llvm-project/5feb80e748924606531ba28c97fe65145c65372e/compiler-rt/lib/fuzzer/afl/afl_driver.cpp -O /afl/afl_driver.cpp &&     clang -Wno-pointer-sign -c /afl/llvm_mode/afl-llvm-rt.o.c -I/afl &&     clang++ -stdlib=libc++ -std=c++11 -O2 -c /afl/afl_driver.cpp &&     ar r /libAFL.a *.o
#7 sha256:0ef0db3a47a62f0c741c86531da1391e148fef9b826d79baad2a29718d0a4bc2
#7 CACHED

#8 exporting to image
#8 sha256:e8c613e07b0b7ff33893b694f7759a10d42e180f2b4dc349fb57dc6b71dcab00
#8 exporting layers done
#8 writing image sha256:0e4fb74c6965780316ed1f93641d20d76b185024ed4e3de595b6d0ce79845a93 0.0s done
#8 naming to gcr.io/fuzzbench/builders/afl/c-blosc_c-blosc-intermediate done
#8 DONE 0.2s

#9 exporting cache
#9 sha256:2700d4ef94dee473593c5c614b55b2dedcca7893909811a8f2b48291a1f581e4
#9 preparing build cache for export
#9 preparing build cache for export done
#9 DONE 0.0s
#1 [internal] load build definition from Dockerfile
#1 sha256:26ff58ad18b3fe436653400ed266daf12a239adefa380ae9e307aaa33f3836cd
#1 transferring dockerfile: 2.00kB done
#1 DONE 0.1s

#2 [internal] load .dockerignore
#2 sha256:af64b440f63679b26d895f89ca8766965737c3919f3c0e6d95cbb87852415b16
#2 transferring context: 34B done
#2 DONE 0.2s

#3 [internal] load metadata for docker.io/library/ubuntu:xenial
#3 sha256:f62bae18ed588840f045c881b2502661f2a89578a2f8f99b83f5200ee83dd25b
#3 DONE 0.0s

#5 [1/7] FROM docker.io/library/ubuntu:xenial
#5 sha256:14dd403f25ae9e519bd44f27dc17af7ce80f5a4f9f48ca88108364e67ec5d360
#5 DONE 0.0s

#4 importing cache manifest from gcr.io/fuzzbench/base-image
#4 sha256:9b220ebb4d4daceed1b96df9b6dca076e762f1cd612574f010b82d5b9e5ad896
#4 DONE 0.0s

#8 [internal] load build context
#8 sha256:10935748d95d40513c9a2b78ee1e4c8f06caf9f8f7fc4566f457c2436a170056
#8 transferring context: 559B 0.2s done
#8 DONE 0.3s

#10 [5/7] RUN pip3 install -r /requirements.txt
#10 sha256:2d5370ca5757e9949519b87512b9872fdabf81f03d240b26ed7fe2ee016b8223
#10 CACHED

#11 [6/7] RUN apt-get update -y && apt-get install -y     apt-transport-https     lsb-release
#11 sha256:1b1af7640602e8323bfb8ba91a44883b288752e6e77aa815dfc006f0ac18c3f7
#11 CACHED

#6 [2/7] RUN apt-get update -y && apt-get install -y     build-essential     rsync     curl     zlib1g-dev     libncurses5-dev     libgdbm-dev     libnss3-dev     libssl-dev     libreadline-dev     libffi-dev     virtualenv     libbz2-dev     liblzma-dev     libsqlite3-dev
#6 sha256:3a1b0960f17eed529eaae93dc8fd3554f2743dd584d8fa569cdbe6bc734371ac
#6 CACHED

#7 [3/7] RUN cd /tmp/ &&     curl -O https://www.python.org/ftp/python/3.8.6/Python-3.8.6.tar.xz &&     tar -xvf Python-3.8.6.tar.xz &&     cd Python-3.8.6 &&     ./configure --enable-loadable-sqlite-extensions --enable-optimizations &&     make -j install &&     rm -r /tmp/Python-3.8.6.tar.xz /tmp/Python-3.8.6
#7 sha256:c5b9d1fb3371e84dbc60b76e7b2f8d5913bc93bcd4910ab65daa03e7b2ec4bb0
#7 CACHED

#9 [4/7] COPY ./requirements.txt /
#9 sha256:0ff9e70c93cd3a0954b7fd2a45d0c259eff22bff3b4d0a02483ffcb6d1e251ad
#9 CACHED

#12 [7/7] RUN CLOUD_SDK_REPO="cloud-sdk-$(lsb_release -c -s)" &&     echo "deb https://packages.cloud.google.com/apt $CLOUD_SDK_REPO main"     | tee -a /etc/apt/sources.list.d/google-cloud-sdk.list &&     curl https://packages.cloud.google.com/apt/doc/apt-key.gpg     | apt-key add - &&     apt-get update -y &&     apt-get install -y google-cloud-sdk
#12 sha256:02c470e71280c202f82d8557ffabc6b96833de803f35699a33b87548b715fc57
#12 CACHED

#13 exporting to image
#13 sha256:e8c613e07b0b7ff33893b694f7759a10d42e180f2b4dc349fb57dc6b71dcab00
#13 exporting layers done
#13 writing image sha256:139540fb22a119f888cb3e5ed6e013e8d868574697f5fb839e5da9e23de73e0a 0.0s done
#13 naming to gcr.io/fuzzbench/base-image done
#13 DONE 0.0s

#14 exporting cache
#14 sha256:2700d4ef94dee473593c5c614b55b2dedcca7893909811a8f2b48291a1f581e4
#14 preparing build cache for export done
#14 DONE 0.0s
#1 [internal] load build definition from Dockerfile
#1 sha256:3002cfcdc3947d5a379ac5cbbc01c2c0eb232f336c7480335f4b7c4b5213b6d9
#1 transferring dockerfile: 2.22kB done
#1 DONE 0.0s

#2 [internal] load .dockerignore
#2 sha256:846027770555750c0070878a65c2a872010097eb40cb3dadbb316df6453ca924
#2 transferring context: 34B done
#2 DONE 0.0s

#4 [internal] load metadata for gcr.io/fuzzbench/base-image:latest
#4 sha256:932022888f650cc455b10eb5123bb08c0cccacac29a693e69314abbfd28a72c3
#4 DONE 0.0s

#3 [internal] load metadata for gcr.io/fuzzbench/builders/afl/c-blosc_c-blosc-intermediate:latest
#3 sha256:5bbe185ee0c9ea45fa8ef1a339d4e808cf62191aa7c477cc3addea6565a73532
#3 DONE 0.0s

#5 importing cache manifest from gcr.io/fuzzbench/builders/afl/c-blosc_c-blosc
#5 sha256:8851d3678b6c0798b72451f1cee158d5c80fd7ad0f676fd51ad910c3579ea042
#5 DONE 0.0s

#7 [base-image 1/1] FROM gcr.io/fuzzbench/base-image
#7 sha256:4d07825694520f8b6f6a0d8592dbd345433361ae044cb7f06706c5a95e3daaad
#7 DONE 0.0s

#6 [stage-1  1/13] FROM gcr.io/fuzzbench/builders/afl/c-blosc_c-blosc-intermediate
#6 sha256:70d6cfcb9ac686e795a88e005e384da4b69d62ab3f82cd3a4fa3334f01944ade
#6 DONE 0.0s

#12 [internal] load build context
#12 sha256:6d93d648c5b958f738bfaf755df53c0b429f339b67a4ec7e4f1ed4b30b4fd643
#12 transferring context: 669.87kB 0.1s done
#12 DONE 0.1s

#13 [stage-1  6/13] COPY fuzzers /src/fuzzers
#13 sha256:7c9588f0eae40a154ba9182c6815eff3b9e81dc3d61e37088ff7578ec391478f
#13 CACHED

#14 [stage-1  7/13] RUN touch /src/__init__.py
#14 sha256:3e9a0ecf2bb28e84a3ea4b650dccd31f27d40c641cbddf27cbf1db3823125f46
#14 CACHED

#18 [stage-1 11/13] RUN export CHECKOUT_COMMIT=$(cat /benchmark.yaml | tr -d ' ' | grep 'commit:' | cut -d ':' -f2) &&     python3 -u /opt/fuzzbench/checkout_commit.py $CHECKOUT_COMMIT /src
#18 sha256:0dc63dff7c404d3408813f17819b52b7426c5487443f5d0b248cae340ddb3562
#18 CACHED

#19 [stage-1 12/13] RUN echo "#!/bin/bash\nPYTHONPATH=/src python3 -u -c "from fuzzers import utils; utils.initialize_env(); from fuzzers.afl import fuzzer; fuzzer.build()"" > /usr/bin/fuzzer_build &&     chmod +x /usr/bin/fuzzer_build
#19 sha256:2f8becd44ab7fffa456d049b4531bc5510ab65e6f096bffa22c50dc3784160ce
#19 CACHED

#8 [stage-1  2/13] COPY --from=base-image /usr/local/bin/python3* /usr/local/bin/
#8 sha256:c2e7d49a490e1113c4de89a119e4727b5308a2a7ad5b2cd8ff77c8c322c7d90f
#8 CACHED

#9 [stage-1  3/13] COPY --from=base-image /usr/local/lib/python3.8 /usr/local/lib/python3.8
#9 sha256:4785c5c8b2a0f19619a10001f322fea1563bbc6550ce788d943c2aee49ab32cd
#9 CACHED

#10 [stage-1  4/13] COPY --from=base-image /usr/local/include/python3.8 /usr/local/include/python3.8
#10 sha256:26fed9720eb0043ffbc896302b70e31e60e76653d9824949680f1a9ff2270838
#10 CACHED

#11 [stage-1  5/13] COPY --from=base-image /usr/local/lib/python3.8/site-packages /usr/local/lib/python3.8/site-packages
#11 sha256:d3d4918af943ad4c4715c4251e1934c83bbddd7d3c62a1f2496db737a7fa1dec
#11 CACHED

#16 [stage-1  9/13] RUN mkdir /opt/fuzzbench/
#16 sha256:802304abc957fd9c631b3adb102ee90ea1075b8b31178098c6be8389611b9d27
#16 CACHED

#15 [stage-1  8/13] COPY benchmarks/c-blosc_c-blosc/benchmark.yaml /
#15 sha256:6bc6bd653bd3a8f2f5cc577641b6d440f463b87befc32840fec20f76a69de6c9
#15 CACHED

#17 [stage-1 10/13] COPY docker/benchmark-builder/checkout_commit.py /opt/fuzzbench/
#17 sha256:08bd8393c4052c7a55af1930d7328793074a1500155822c84884132240863f10
#17 CACHED

#20 [stage-1 13/13] RUN echo "Run fuzzer_build to build the target" && if [ -z "$debug_builder" ] ; then fuzzer_build; fi
#20 sha256:12b3214eefd41d8b235f3eec8b0eaa2e7b4a01def58da0561683e81e14c4678c
#20 CACHED

#21 exporting to image
#21 sha256:e8c613e07b0b7ff33893b694f7759a10d42e180f2b4dc349fb57dc6b71dcab00
#21 exporting layers done
#21 writing image sha256:a018780b1ee134da305d126dd019905df1f198bee5be16780a1215f2539215b5
#21 writing image sha256:a018780b1ee134da305d126dd019905df1f198bee5be16780a1215f2539215b5 0.0s done
#21 naming to gcr.io/fuzzbench/builders/afl/c-blosc_c-blosc done
#21 DONE 0.3s

#22 exporting cache
#22 sha256:2700d4ef94dee473593c5c614b55b2dedcca7893909811a8f2b48291a1f581e4
#22 preparing build cache for export done
#22 DONE 0.0s
#1 [internal] load build definition from runner.Dockerfile
#1 sha256:ec78906da7183783e3a08fea46b614605431465d0c39e4beafeea79fb563bae0
#1 transferring dockerfile: 656B done
#1 DONE 0.1s

#2 [internal] load .dockerignore
#2 sha256:d51dcd8543972312ca5bfe2625e90c52ca9815906aaeb6c8292e2fa96772c2f7
#2 transferring context: 2B done
#2 DONE 0.1s

#3 [internal] load metadata for gcr.io/fuzzbench/base-image:latest
#3 sha256:932022888f650cc455b10eb5123bb08c0cccacac29a693e69314abbfd28a72c3
#3 DONE 0.0s

#4 importing cache manifest from gcr.io/fuzzbench/runners/afl/c-blosc_c-blosc-intermediate
#4 sha256:6f9ce66bef250c9ddd0cbafac5fb489cc92c66ee80f388598aae841f8a4f790d
#4 DONE 0.0s

#5 [1/1] FROM gcr.io/fuzzbench/base-image
#5 sha256:4d07825694520f8b6f6a0d8592dbd345433361ae044cb7f06706c5a95e3daaad
#5 CACHED

#6 exporting to image
#6 sha256:e8c613e07b0b7ff33893b694f7759a10d42e180f2b4dc349fb57dc6b71dcab00
#6 exporting layers done
#6 writing image sha256:3e4588a9aebaeeab0d6e65a047af35e4caf540bb58ccd8719f28cf6fa6b3868f
#6 writing image sha256:3e4588a9aebaeeab0d6e65a047af35e4caf540bb58ccd8719f28cf6fa6b3868f done
#6 naming to gcr.io/fuzzbench/runners/afl/c-blosc_c-blosc-intermediate done
#6 DONE 0.1s

#7 exporting cache
#7 sha256:2700d4ef94dee473593c5c614b55b2dedcca7893909811a8f2b48291a1f581e4
#7 preparing build cache for export done
#7 DONE 0.0s
#1 [internal] load build definition from Dockerfile
#1 sha256:88ac86881b8886b407aea248bfbc17116793c4998970cfb6efcbf13e2f61ddce
#1 transferring dockerfile: 3.17kB done
#1 DONE 0.1s

#2 [internal] load .dockerignore
#2 sha256:f44e03eea5ef78fd09527179cf4db221d1cbd1c6c43e08b50431b122042a7348
#2 transferring context: 34B done
#2 DONE 0.1s

#3 [internal] load metadata for gcr.io/fuzzbench/runners/afl/c-blosc_c-blosc-intermediate:latest
#3 sha256:62275fd70e06df17e38f14cc42155bd0361bee16befa0cda4f445faffea47d22
#3 DONE 0.0s

#4 [internal] load metadata for gcr.io/fuzzbench/builders/afl/c-blosc_c-blosc:latest
#4 sha256:89e7fb0e54fb1e1fd9fb8fa4afd9b78564c11e0edf0eee689f91c56781f87418
#4 DONE 0.0s

#6 [stage-1  1/13] FROM gcr.io/fuzzbench/runners/afl/c-blosc_c-blosc-intermediate
#6 sha256:3efdac1e681dba6ab9218459b3bdb54c97bae081170711ba37c73c1e55ce7626
#6 DONE 0.0s

#5 importing cache manifest from gcr.io/fuzzbench/runners/afl/c-blosc_c-blosc
#5 sha256:89d99a488efd48e0ccd165e6c04d6f1f27f3607d380df7105feb4afe928daea2
#5 DONE 0.0s

#10 [builder 1/1] FROM gcr.io/fuzzbench/builders/afl/c-blosc_c-blosc
#10 sha256:376bddef6a93732c25cdc3e1fae13f81acbecee07be50cbc0971254d7a85afde
#10 DONE 0.0s

#12 [internal] load build context
#12 sha256:a80dc03f01749068b72ee0fc001845ebfd01ea9e70f4f43b76d3b7e37537a0f7
#12 transferring context: 17.64MB 0.6s done
#12 DONE 1.0s

#17 [stage-1 10/13] COPY common /src/common
#17 sha256:67e7b922b0b4fa9110c64e0a3022a7009d50dbb196e68709a9c19d7ac0d78036
#17 CACHED

#14 [stage-1  7/13] COPY fuzzers /src/fuzzers
#14 sha256:1ffdb42d1dd7ecce9452164d4faf5ca03789c90b66b9e4886a3aa2060be6071d
#14 CACHED

#18 [stage-1 11/13] COPY experiment/runner.py /src/experiment/runner.py
#18 sha256:c04e6e5932f584560f007bdff833a7ad0a79a8b48c5bda50ef8a5c8a47377042
#18 CACHED

#7 [stage-1  2/13] RUN apt-get update -y && apt-get install -y     libglib2.0-0     libxml2     libarchive13     libgss3
#7 sha256:8572ce34746730f8247e5c5294ae2218f9d3ced47a0589a42fcd955793cf5044
#7 CACHED

#9 [stage-1  4/13] WORKDIR /out
#9 sha256:0f653dd476ba6af202e24e3059553b5a7dd0480d7d3eefc95933a286b2fba18f
#9 CACHED

#15 [stage-1  8/13] RUN touch __init__.py
#15 sha256:99cad93a76c74450dfc8eed8adc1a03a96f46a0ecd1449a95a563e18c0efb1c5
#15 CACHED

#16 [stage-1  9/13] RUN mkdir -p /out/seeds /out/corpus
#16 sha256:363e58afd74293efec506be2e2ef56669cc2f1756396cb74913af9deecb5a492
#16 CACHED

#19 [stage-1 12/13] COPY docker/benchmark-runner /src/docker/benchmark-runner
#19 sha256:f21d6513f90efa61d1b128860475cb7fa97b5dda6a6190f778647a6a9891edba
#19 CACHED

#8 [stage-1  3/13] RUN mkdir -p /out
#8 sha256:66a3248039468d25de7f2fd00b0d21325efff066ef4be55dba26f4f73d850d50
#8 CACHED

#11 [stage-1  5/13] COPY --from=builder /out/ ./
#11 sha256:abff08886275bf8d3410ea47f1250c5500c81eb45bc9270f9571dd80ab7ddf9c
#11 CACHED

#13 [stage-1  6/13] COPY benchmarks /src/benchmarks
#13 sha256:22896c99c4d86e407f8e12da2fff7515996b946de606c9e8a3c654235ace24f4
#13 CACHED

#20 [stage-1 13/13] RUN chmod +x /src/docker/benchmark-runner/startup-runner.sh
#20 sha256:09deb438b38c8a86eec3085cc84eeac94de01a8cd028bc9581f04686eec41080
#20 CACHED

#21 exporting to image
#21 sha256:e8c613e07b0b7ff33893b694f7759a10d42e180f2b4dc349fb57dc6b71dcab00
#21 exporting layers done
#21 writing image sha256:02cd98d9d65b013bdd971d4987553ef1da9caaff1e2214c80176346302dc4a2e
#21 writing image sha256:02cd98d9d65b013bdd971d4987553ef1da9caaff1e2214c80176346302dc4a2e 0.0s done
#21 naming to gcr.io/fuzzbench/runners/afl/c-blosc_c-blosc done
#21 DONE 0.1s

#22 exporting cache
#22 sha256:2700d4ef94dee473593c5c614b55b2dedcca7893909811a8f2b48291a1f581e4
#22 preparing build cache for export done
#22 DONE 0.0s
INFO:root:Doing trial as part of experiment.
INFO:root:Starting trial.
ERROR:root:Fuzz target binary not found.
INFO:root:Doing final sync.
ERROR:root:Call to <function get_stats at 0x7f3bb7cb9f70> failed. Extras: {'traceback': 'Traceback (most recent call last):\n  File "/src/experiment/runner.py", line 374, in record_stats\n    stats_json_str = fuzzer_module_get_stats(output_corpus,\n  File "/src/fuzzers/afl/fuzzer.py", line 51, in get_stats\n    with open(stats_file) as file_handle:\nFileNotFoundError: [Errno 2] No such file or directory: \'/out/corpus/fuzzer_stats\'\n'}
