WARNING:root:gcloud not found in PATH.
INFO:root:Successfully integrated benchmark: opencv_filestorage_read_file_fuzzer.
INFO:root:Please run "make test-run-afl-opencv_filestorage_read_file_fuzzer" to test integration.
#1 [internal] load build definition from Dockerfile
#1 sha256:3c2b59e2aeafd1d2f931776a6d48770e5d691b74f85eab905ba30a87437ed638
#1 transferring dockerfile: 32B done
#1 DONE 0.0s

#2 [internal] load .dockerignore
#2 sha256:c2cee6b17445cffdc5780e8a43cb9dcbc19d68d8d9da712502f153cb1bfb0b27
#2 transferring context: 2B done
#2 DONE 0.0s

#3 [internal] load metadata for gcr.io/oss-fuzz-base/base-builder:latest
#3 sha256:f10dc39cc9d418a5bc416dead31a1902b6821fdae909cd3b08f7a3fd1faba7b5
#3 DONE 0.5s

#4 [1/6] FROM gcr.io/oss-fuzz-base/base-builder@sha256:112044a9815d235113677d459cf2ece740a51f2b85081c8f66943dcdc72ddf7f
#4 sha256:4aee4bf9f7280ac8b7f02b8d29e6e084dd034d2c294b4e3e05d8ce7048a1450f
#4 DONE 0.0s

#8 [internal] load build context
#8 sha256:81d71bf6d576a582bbb8661fcf4dffa67ff63659200916975b7706502627174e
#8 DONE 0.0s

#11 importing cache manifest from gcr.io/fuzzbench/builders/benchmark/opencv_filestorage_read_file_fuzzer
#11 sha256:3faff15c97638a3d77c56599a015fb01888b10571500ca014d0e81b1b17babc5
#11 ERROR: gcr.io/fuzzbench/builders/benchmark/opencv_filestorage_read_file_fuzzer:latest: not found

#8 [internal] load build context
#8 sha256:81d71bf6d576a582bbb8661fcf4dffa67ff63659200916975b7706502627174e
#8 transferring context: 2.18kB done
#8 DONE 0.0s

#6 [3/6] RUN git clone --depth 1 https://github.com/opencv/opencv.git opencv
#6 sha256:59a9fb61118231e7c2a207bca2277cafcfad95bb7e22f5ee768b2c0e041e7f83
#6 CACHED

#7 [4/6] WORKDIR opencv/
#7 sha256:fda6c4b7e211bdd8ec1ae001cbb40929be694af912454da7105b1ff5a7d1ef7e
#7 CACHED

#9 [5/6] COPY build.sh /src/
#9 sha256:4c836f71a417b06b6919274c820f28ca7932b7a6e9a0f319bdebd0fb80a4771e
#9 CACHED

#5 [2/6] RUN apt-get update && apt-get install -y build-essential cmake pkg-config
#5 sha256:5b4cdd543f7676d762d91b87c637b12e81d197a5de05812a3f0a2dc7aead2436
#5 CACHED

#10 [6/6] COPY *.cc *.h /src/
#10 sha256:dcd9f9e107e54be220c06c51bdbdc3e34e49331323bb1404eb798c4c93398fdb
#10 CACHED

#12 exporting to image
#12 sha256:e8c613e07b0b7ff33893b694f7759a10d42e180f2b4dc349fb57dc6b71dcab00
#12 exporting layers done
#12 writing image sha256:8a497c7e790611b7a92bb9829260fb3a936252ecb7d9088bba013e8d2b52277b
#12 writing image sha256:8a497c7e790611b7a92bb9829260fb3a936252ecb7d9088bba013e8d2b52277b done
#12 naming to gcr.io/fuzzbench/builders/benchmark/opencv_filestorage_read_file_fuzzer done
#12 DONE 0.1s

#13 exporting cache
#13 sha256:2700d4ef94dee473593c5c614b55b2dedcca7893909811a8f2b48291a1f581e4
#13 preparing build cache for export done
#13 DONE 0.0s
------
 > importing cache manifest from gcr.io/fuzzbench/builders/benchmark/opencv_filestorage_read_file_fuzzer:
------
#1 [internal] load build definition from builder.Dockerfile
#1 sha256:437ee7bfd6689563d240be11152a3fc467846a0f676a0ede57348cc225e39012
#1 transferring dockerfile: 46B done
#1 DONE 0.1s

#2 [internal] load .dockerignore
#2 sha256:7068d2c5283bc077f579e5860c53f918a2604485d422a2667be395fcf8e73b9e
#2 transferring context: 2B 0.0s done
#2 DONE 0.1s

#3 [internal] load metadata for gcr.io/fuzzbench/builders/benchmark/opencv_filestorage_read_file_fuzzer:latest
#3 sha256:8711a2aacf0c7b6fc12501a6c91ca43577bc0d2e4be2ba71ee39bfafe2b54753
#3 DONE 0.0s

#7 [1/3] FROM gcr.io/fuzzbench/builders/benchmark/opencv_filestorage_read_file_fuzzer
#7 sha256:90f931d07163947ba5027c0bc03d2bf81be30eff533c4833a6aed3757e0355de
#7 DONE 0.0s

#4 importing cache manifest from gcr.io/fuzzbench/builders/afl/opencv_filestorage_read_file_fuzzer-intermediate
#4 sha256:4df6815cf09177d46e5846f8966b9e3da588aa277df4cd4a47f375d3dbfff417
#4 ERROR: gcr.io/fuzzbench/builders/afl/opencv_filestorage_read_file_fuzzer-intermediate:latest: not found

#5 [2/3] RUN git clone https://github.com/google/AFL.git /afl &&     cd /afl &&     git checkout 61037103ae3722c8060ff7082994836a794f978e &&     AFL_NO_X86=1 make
#5 sha256:84d8bd2afc846883384ca904e3934121f22bbf3b13b6a645d8963fc41a86bcb2
#5 CACHED

#6 [3/3] RUN apt-get update &&     apt-get install wget -y &&     wget https://raw.githubusercontent.com/llvm/llvm-project/5feb80e748924606531ba28c97fe65145c65372e/compiler-rt/lib/fuzzer/afl/afl_driver.cpp -O /afl/afl_driver.cpp &&     clang -Wno-pointer-sign -c /afl/llvm_mode/afl-llvm-rt.o.c -I/afl &&     clang++ -stdlib=libc++ -std=c++11 -O2 -c /afl/afl_driver.cpp &&     ar r /libAFL.a *.o
#6 sha256:33bf8d1ecc8cfb58a591dd673466202d9a4c3cf20e942a4b1fcf722644bf228f
#6 CACHED

#8 exporting to image
#8 sha256:e8c613e07b0b7ff33893b694f7759a10d42e180f2b4dc349fb57dc6b71dcab00
#8 exporting layers done
#8 writing image sha256:abe2b32671846efe952468466ad42dff64a887ab71f481b7118d3c0190ecbd7a done
#8 naming to gcr.io/fuzzbench/builders/afl/opencv_filestorage_read_file_fuzzer-intermediate done
#8 DONE 0.1s

#9 exporting cache
#9 sha256:2700d4ef94dee473593c5c614b55b2dedcca7893909811a8f2b48291a1f581e4
#9 preparing build cache for export done
#9 DONE 0.0s
------
 > importing cache manifest from gcr.io/fuzzbench/builders/afl/opencv_filestorage_read_file_fuzzer-intermediate:
------
#1 [internal] load build definition from Dockerfile
#1 sha256:11814a65a035b2a7d66f8ccbbbdd9914d5a597ed3150bbbd48ed6fa57ebc9dd4
#1 transferring dockerfile: 2.00kB done
#1 DONE 0.1s

#2 [internal] load .dockerignore
#2 sha256:a3a299d8c6a9c4fd7981b4f4f5fd971f9a076c852ed47a89a56125881e309dd3
#2 transferring context: 34B done
#2 DONE 0.1s

#3 [internal] load metadata for docker.io/library/ubuntu:xenial
#3 sha256:f62bae18ed588840f045c881b2502661f2a89578a2f8f99b83f5200ee83dd25b
#3 DONE 0.0s

#4 [1/7] FROM docker.io/library/ubuntu:xenial
#4 sha256:14dd403f25ae9e519bd44f27dc17af7ce80f5a4f9f48ca88108364e67ec5d360
#4 DONE 0.0s

#12 importing cache manifest from gcr.io/fuzzbench/base-image
#12 sha256:9b220ebb4d4daceed1b96df9b6dca076e762f1cd612574f010b82d5b9e5ad896
#12 DONE 0.0s

#7 [internal] load build context
#7 sha256:86394b4aa2f6dd814fcec422b4feb60ab6e6257642ee57ad3f0b5437f3ccc83c
#7 transferring context: 559B 0.0s done
#7 DONE 0.1s

#10 [6/7] RUN apt-get update -y && apt-get install -y     apt-transport-https     lsb-release
#10 sha256:e29e1b3b4aeabae9ba5c12f5980c01a9e23103537813b7c6396a5523e68b6022
#10 CACHED

#5 [2/7] RUN apt-get update -y && apt-get install -y     build-essential     rsync     curl     zlib1g-dev     libncurses5-dev     libgdbm-dev     libnss3-dev     libssl-dev     libreadline-dev     libffi-dev     virtualenv     libbz2-dev     liblzma-dev     libsqlite3-dev
#5 sha256:3a1b0960f17eed529eaae93dc8fd3554f2743dd584d8fa569cdbe6bc734371ac
#5 CACHED

#8 [4/7] COPY ./requirements.txt /
#8 sha256:7c0a63df15820ad3be54f81ac20d18f007c607e889f0d1ce610d655afbe4ddcc
#8 CACHED

#6 [3/7] RUN cd /tmp/ &&     curl -O https://www.python.org/ftp/python/3.8.6/Python-3.8.6.tar.xz &&     tar -xvf Python-3.8.6.tar.xz &&     cd Python-3.8.6 &&     ./configure --enable-loadable-sqlite-extensions --enable-optimizations &&     make -j install &&     rm -r /tmp/Python-3.8.6.tar.xz /tmp/Python-3.8.6
#6 sha256:c5b9d1fb3371e84dbc60b76e7b2f8d5913bc93bcd4910ab65daa03e7b2ec4bb0
#6 CACHED

#9 [5/7] RUN pip3 install -r /requirements.txt
#9 sha256:1822bdc97c4b1a16425dbffd6421a65d4efdfc883637d0578a42e2409aca797d
#9 CACHED

#11 [7/7] RUN CLOUD_SDK_REPO="cloud-sdk-$(lsb_release -c -s)" &&     echo "deb https://packages.cloud.google.com/apt $CLOUD_SDK_REPO main"     | tee -a /etc/apt/sources.list.d/google-cloud-sdk.list &&     curl https://packages.cloud.google.com/apt/doc/apt-key.gpg     | apt-key add - &&     apt-get update -y &&     apt-get install -y google-cloud-sdk
#11 sha256:2394d362025e20b743829d4d27480c8bc0755572dba7ddee2e3195fe9a1d60d4
#11 CACHED

#13 exporting to image
#13 sha256:e8c613e07b0b7ff33893b694f7759a10d42e180f2b4dc349fb57dc6b71dcab00
#13 exporting layers done
#13 writing image sha256:55e5825902805b10e1ba0cd27e4af0d82c25f9e225d6218342d4b6474bd3ddae done
#13 naming to gcr.io/fuzzbench/base-image done
#13 DONE 0.0s

#14 exporting cache
#14 sha256:2700d4ef94dee473593c5c614b55b2dedcca7893909811a8f2b48291a1f581e4
#14 preparing build cache for export done
#14 DONE 0.0s
#1 [internal] load build definition from Dockerfile
#1 sha256:8501762b158054403cc687742d7e6dd9eaeccf361b022fe78782a6a655eea530
#1 transferring dockerfile: 2.22kB done
#1 DONE 0.0s

#2 [internal] load .dockerignore
#2 sha256:e472f34682b06b8d79fddf63d3d2d65db0d5b6916307bf559acdfbb95eb7d518
#2 transferring context: 34B done
#2 DONE 0.1s

#7 [base-image 1/1] FROM gcr.io/fuzzbench/base-image
#7 sha256:4d07825694520f8b6f6a0d8592dbd345433361ae044cb7f06706c5a95e3daaad
#7 DONE 1.0s

#6 [stage-1  1/13] FROM gcr.io/fuzzbench/builders/afl/opencv_filestorage_read_file_fuzzer-intermediate
#6 sha256:f5edf8f81dbb10624d9ea5c65ce9a6fadb7bffe2f3ebdd30db393be25bfb3724
#6 DONE 0.0s

#3 [internal] load metadata for gcr.io/fuzzbench/builders/afl/opencv_filestorage_read_file_fuzzer-intermediate:latest
#3 sha256:5207154a898226468f9dcfffd800564b2b15714ece48aebb936d6a38a5ab5a4f
#3 DONE 0.0s

#4 [internal] load metadata for gcr.io/fuzzbench/base-image:latest
#4 sha256:932022888f650cc455b10eb5123bb08c0cccacac29a693e69314abbfd28a72c3
#4 DONE 0.0s

#12 [internal] load build context
#12 sha256:9960a52e8899188c2ee23687085a54e5a10014b428a51e98d725f78fa798ffba
#12 DONE 0.0s

#5 importing cache manifest from gcr.io/fuzzbench/builders/afl/opencv_filestorage_read_file_fuzzer
#5 sha256:1032924894f3a79c322d9477a81a3835f1c60ffb8ccd82d5cf27921659f85aa2
#5 ERROR: gcr.io/fuzzbench/builders/afl/opencv_filestorage_read_file_fuzzer:latest: not found

#12 [internal] load build context
#12 sha256:9960a52e8899188c2ee23687085a54e5a10014b428a51e98d725f78fa798ffba
#12 transferring context: 669.93kB 0.2s done
#12 DONE 0.2s

#9 [stage-1  3/13] COPY --from=base-image /usr/local/lib/python3.8 /usr/local/lib/python3.8
#9 sha256:5c963c6d0e4680d227efabba0415223e2f4350dab271a0e031270010c30cccef
#9 CACHED

#10 [stage-1  4/13] COPY --from=base-image /usr/local/include/python3.8 /usr/local/include/python3.8
#10 sha256:9df27e2abc6e63e1368370367a2dfcb1f1376e7ac5e2f3a4929a8f8159c57141
#10 CACHED

#11 [stage-1  5/13] COPY --from=base-image /usr/local/lib/python3.8/site-packages /usr/local/lib/python3.8/site-packages
#11 sha256:b7766ce32f8d4a0db31f3e28bb5203ed90a3d1d86e567735a8bceb5a00456db0
#11 CACHED

#13 [stage-1  6/13] COPY fuzzers /src/fuzzers
#13 sha256:9fa1c35e44a435c6e7a03b51e0f23f0ed6d31348785bd8dbae53a40e0202eec7
#13 CACHED

#8 [stage-1  2/13] COPY --from=base-image /usr/local/bin/python3* /usr/local/bin/
#8 sha256:c91405b326a035fdf6e0056e5fe402c276ebb1973133f8decd60a59427d99f43
#8 CACHED

#14 [stage-1  7/13] RUN touch /src/__init__.py
#14 sha256:063567b491c73652d0fbbd243cb7f51f1e5d4beccb54d225dee9f659b0973d39
#14 DONE 1.7s

#15 [stage-1  8/13] COPY benchmarks/opencv_filestorage_read_file_fuzzer/benchmark.yaml /
#15 sha256:1608cabf6707ad829e03de92cba381d7f5e724b236b79a86d8f0669ca1da9fe0
#15 DONE 0.2s

#16 [stage-1  9/13] RUN mkdir /opt/fuzzbench/
#16 sha256:5c931c5052265814a247c7b68ad5aa23737c3511ecb16be8a620183d50c3364a
#16 DONE 1.3s

#17 [stage-1 10/13] COPY docker/benchmark-builder/checkout_commit.py /opt/fuzzbench/
#17 sha256:58a53c48a447c928ae2e83d4b8e284602da748bfd4320b821ec70a0de99f0db7
#17 DONE 0.1s

#18 [stage-1 11/13] RUN export CHECKOUT_COMMIT=$(cat /benchmark.yaml | tr -d ' ' | grep 'commit:' | cut -d ':' -f2) &&     python3 -u /opt/fuzzbench/checkout_commit.py $CHECKOUT_COMMIT /src
#18 sha256:9b5988c2f0c7f2c47d433eac40a462b3acf1bfa2f048de724fb34cc787074710
#18 1.346 Checking out commit b27c51de
#18 141.5 From https://github.com/opencv/opencv
#18 141.5  * [new tag]               2.2                  -> 2.2
#18 141.5  * [new tag]               2.4.0                -> 2.4.0
#18 141.5  * [new tag]               2.4.1                -> 2.4.1
#18 141.5  * [new tag]               2.4.10               -> 2.4.10
#18 141.5  * [new tag]               2.4.10.1             -> 2.4.10.1
#18 141.5  * [new tag]               2.4.10.2             -> 2.4.10.2
#18 141.5  * [new tag]               2.4.10.3             -> 2.4.10.3
#18 141.5  * [new tag]               2.4.10.4             -> 2.4.10.4
#18 141.5  * [new tag]               2.4.11               -> 2.4.11
#18 141.5  * [new tag]               2.4.12               -> 2.4.12
#18 141.5  * [new tag]               2.4.12.1             -> 2.4.12.1
#18 141.5  * [new tag]               2.4.12.2             -> 2.4.12.2
#18 141.5  * [new tag]               2.4.12.3             -> 2.4.12.3
#18 141.5  * [new tag]               2.4.13               -> 2.4.13
#18 141.5  * [new tag]               2.4.13.1             -> 2.4.13.1
#18 141.5  * [new tag]               2.4.2                -> 2.4.2
#18 141.5  * [new tag]               2.4.3                -> 2.4.3
#18 141.5  * [new tag]               2.4.3-rc             -> 2.4.3-rc
#18 141.5  * [new tag]               2.4.3.1              -> 2.4.3.1
#18 141.5  * [new tag]               2.4.3.2              -> 2.4.3.2
#18 141.5  * [new tag]               2.4.4                -> 2.4.4
#18 141.5  * [new tag]               2.4.4-beta           -> 2.4.4-beta
#18 141.5  * [new tag]               2.4.5                -> 2.4.5
#18 141.5  * [new tag]               2.4.6                -> 2.4.6
#18 141.5  * [new tag]               2.4.6.1              -> 2.4.6.1
#18 141.5  * [new tag]               2.4.6.2              -> 2.4.6.2
#18 141.5  * [new tag]               2.4.6.2-rc1          -> 2.4.6.2-rc1
#18 141.5  * [new tag]               2.4.7                -> 2.4.7
#18 141.5  * [new tag]               2.4.7-rc1            -> 2.4.7-rc1
#18 141.5  * [new tag]               2.4.7.1              -> 2.4.7.1
#18 141.5  * [new tag]               2.4.7.2              -> 2.4.7.2
#18 141.5  * [new tag]               2.4.8                -> 2.4.8
#18 141.5  * [new tag]               2.4.8.1              -> 2.4.8.1
#18 141.5  * [new tag]               2.4.8.2              -> 2.4.8.2
#18 141.5  * [new tag]               2.4.8.3              -> 2.4.8.3
#18 141.5  * [new tag]               2.4.9                -> 2.4.9
#18 141.5  * [new tag]               2.4.9.1              -> 2.4.9.1
#18 141.5  * [new tag]               3.0-ocl-tech-preview -> 3.0-ocl-tech-preview
#18 141.5  * [new tag]               3.0-ocl-tp2          -> 3.0-ocl-tp2
#18 141.5  * [new tag]               3.0.0                -> 3.0.0
#18 141.5  * [new tag]               3.0.0-alpha          -> 3.0.0-alpha
#18 141.5  * [new tag]               3.0.0-beta           -> 3.0.0-beta
#18 141.5  * [new tag]               3.0.0-rc1            -> 3.0.0-rc1
#18 141.5  * [new tag]               3.1.0                -> 3.1.0
#18 141.5  * [new tag]               3.2.0                -> 3.2.0
#18 141.5  * [new tag]               3.2.0-rc             -> 3.2.0-rc
#18 141.5  * [new tag]               3.3.0                -> 3.3.0
#18 141.5  * [new tag]               3.3.0-cvsdk          -> 3.3.0-cvsdk
#18 141.5  * [new tag]               3.3.0-rc             -> 3.3.0-rc
#18 141.5  * [new tag]               3.3.1                -> 3.3.1
#18 141.5  * [new tag]               3.3.1-cvsdk          -> 3.3.1-cvsdk
#18 141.5  * [new tag]               3.4.0                -> 3.4.0
#18 141.5  * [new tag]               3.4.0-rc             -> 3.4.0-rc
#18 141.5  * [new tag]               3.4.1                -> 3.4.1
#18 141.5  * [new tag]               3.4.1-cvsdk          -> 3.4.1-cvsdk
#18 141.5  * [new tag]               3.4.10               -> 3.4.10
#18 141.5  * [new tag]               3.4.11               -> 3.4.11
#18 141.5  * [new tag]               3.4.12               -> 3.4.12
#18 141.5  * [new tag]               3.4.13               -> 3.4.13
#18 141.5  * [new tag]               3.4.14               -> 3.4.14
#18 141.5  * [new tag]               3.4.15               -> 3.4.15
#18 141.5  * [new tag]               3.4.16               -> 3.4.16
#18 141.5  * [new tag]               3.4.17               -> 3.4.17
#18 141.5  * [new tag]               3.4.2                -> 3.4.2
#18 141.5  * [new tag]               3.4.2-openvino       -> 3.4.2-openvino
#18 141.5  * [new tag]               3.4.3                -> 3.4.3
#18 141.5  * [new tag]               3.4.3-openvino       -> 3.4.3-openvino
#18 141.5  * [new tag]               3.4.4                -> 3.4.4
#18 141.5  * [new tag]               3.4.5                -> 3.4.5
#18 141.5  * [new tag]               3.4.6                -> 3.4.6
#18 141.5  * [new tag]               3.4.7                -> 3.4.7
#18 141.5  * [new tag]               3.4.8                -> 3.4.8
#18 141.5  * [new tag]               3.4.9                -> 3.4.9
#18 141.5  * [new tag]               4.0.0                -> 4.0.0
#18 141.5  * [new tag]               4.0.0-alpha          -> 4.0.0-alpha
#18 141.5  * [new tag]               4.0.0-beta           -> 4.0.0-beta
#18 141.5  * [new tag]               4.0.0-openvino       -> 4.0.0-openvino
#18 141.5  * [new tag]               4.0.0-rc             -> 4.0.0-rc
#18 141.5  * [new tag]               4.0.1                -> 4.0.1
#18 141.5  * [new tag]               4.0.1-openvino       -> 4.0.1-openvino
#18 141.5  * [new tag]               4.1.0                -> 4.1.0
#18 141.5  * [new tag]               4.1.0-openvino       -> 4.1.0-openvino
#18 141.5  * [new tag]               4.1.1                -> 4.1.1
#18 141.5  * [new tag]               4.1.1-openvino       -> 4.1.1-openvino
#18 141.5  * [new tag]               4.1.2                -> 4.1.2
#18 141.5  * [new tag]               4.1.2-openvino       -> 4.1.2-openvino
#18 141.5  * [new tag]               4.2.0                -> 4.2.0
#18 141.5  * [new tag]               4.3.0                -> 4.3.0
#18 141.5  * [new tag]               4.4.0                -> 4.4.0
#18 141.5  * [new tag]               4.5.0                -> 4.5.0
#18 141.5  * [new tag]               4.5.1                -> 4.5.1
#18 141.5  * [new tag]               4.5.2                -> 4.5.2
#18 141.5  * [new tag]               4.5.3                -> 4.5.3
#18 141.5  * [new tag]               4.5.4                -> 4.5.4
#18 141.5  * [new tag]               4.5.5                -> 4.5.5
#18 141.6 error: pathspec 'b27c51de' did not match any file(s) known to git
#18 141.6 error: pathspec 'b27c51de' did not match any file(s) known to git
#18 141.6 error: pathspec 'b27c51de' did not match any file(s) known to git
#18 141.7 error: pathspec 'b27c51de' did not match any file(s) known to git
#18 141.7 error: pathspec 'b27c51de' did not match any file(s) known to git
#18 141.7 error: pathspec 'b27c51de' did not match any file(s) known to git
#18 141.8 error: pathspec 'b27c51de' did not match any file(s) known to git
#18 141.8 error: pathspec 'b27c51de' did not match any file(s) known to git
#18 141.9 error: pathspec 'b27c51de' did not match any file(s) known to git
#18 142.0 error: pathspec 'b27c51de' did not match any file(s) known to git
#18 142.0 error: pathspec 'b27c51de' did not match any file(s) known to git
#18 142.1 error: pathspec 'b27c51de' did not match any file(s) known to git
#18 142.4 error: pathspec 'b27c51de' did not match any file(s) known to git
#18 142.4 error: pathspec 'b27c51de' did not match any file(s) known to git
#18 142.5 error: pathspec 'b27c51de' did not match any file(s) known to git
#18 142.5 error: pathspec 'b27c51de' did not match any file(s) known to git
#18 142.6 error: pathspec 'b27c51de' did not match any file(s) known to git
#18 142.6 error: pathspec 'b27c51de' did not match any file(s) known to git
#18 142.7 error: pathspec 'b27c51de' did not match any file(s) known to git
#18 142.7 error: pathspec 'b27c51de' did not match any file(s) known to git
#18 142.7 error: pathspec 'b27c51de' did not match any file(s) known to git
#18 142.7 error: pathspec 'b27c51de' did not match any file(s) known to git
#18 142.9 Checkout unsuccessful.
#18 DONE 143.1s

#19 [stage-1 12/13] RUN echo "#!/bin/bash\nPYTHONPATH=/src python3 -u -c "from fuzzers import utils; utils.initialize_env(); from fuzzers.afl import fuzzer; fuzzer.build()"" > /usr/bin/fuzzer_build &&     chmod +x /usr/bin/fuzzer_build
#19 sha256:def96e63f15535cddfdacb4445b3022480eda3dd696b35ffd24f88cbd40ffa09
#19 DONE 1.3s

#20 [stage-1 13/13] RUN echo "Run fuzzer_build to build the target" && if [ -z "$debug_builder" ] ; then fuzzer_build; fi
#20 sha256:9ee816c94c405851883f260b000f24ecf846d9c35cbbe34497e2dd855ba0fa2c
#20 1.284 Run fuzzer_build to build the target
#20 1.687 FUZZ_TARGET = filestorage_read_file_fuzzer
#20 1.687 CFLAGS = -DFUZZING_BUILD_MODE_UNSAFE_FOR_PRODUCTION -pthread -Wl,--no-as-needed -Wl,-ldl -Wl,-lm -Wno-unused-command-line-argument -O3
#20 1.687 CXXFLAGS = -DFUZZING_BUILD_MODE_UNSAFE_FOR_PRODUCTION -pthread -Wl,--no-as-needed -Wl,-ldl -Wl,-lm -Wno-unused-command-line-argument -stdlib=libc++ -O3
#20 1.698 Building benchmark opencv_filestorage_read_file_fuzzer with fuzzer afl
#20 1.708 + mkdir opencv/build
#20 1.710 mkdir: cannot create directory ‘opencv/build’: No such file or directory
#20 1.712 Traceback (most recent call last):
#20 1.712   File "<string>", line 1, in <module>
#20 1.712   File "/src/fuzzers/afl/fuzzer.py", line 40, in build
#20 1.713     utils.build_benchmark()
#20 1.713   File "/src/fuzzers/utils.py", line 82, in build_benchmark
#20 1.713     subprocess.check_call(['/bin/bash', '-ex', build_script], env=env)
#20 1.714   File "/usr/local/lib/python3.8/subprocess.py", line 364, in check_call
#20 1.714     raise CalledProcessError(retcode, cmd)
#20 1.715 subprocess.CalledProcessError: Command '['/bin/bash', '-ex', '/src/build.sh']' returned non-zero exit status 1.
#20 ERROR: executor failed running [/bin/sh -c echo "Run fuzzer_build to build the target" && if [ -z "$debug_builder" ] ; then fuzzer_build; fi]: exit code: 1
------
 > importing cache manifest from gcr.io/fuzzbench/builders/afl/opencv_filestorage_read_file_fuzzer:
------
------
 > [stage-1 13/13] RUN echo "Run fuzzer_build to build the target" && if [ -z "$debug_builder" ] ; then fuzzer_build; fi:
------
executor failed running [/bin/sh -c echo "Run fuzzer_build to build the target" && if [ -z "$debug_builder" ] ; then fuzzer_build; fi]: exit code: 1
make: *** [docker/generated.mk:2853908: .afl-opencv_filestorage_read_file_fuzzer-builder] Error 1
/bin/sh: 1: source: not found
#1 [internal] load build definition from Dockerfile
#1 sha256:e14842675e87bc1b98dbeda34c912049fb14c3c5fde97a1f7a2662cfcec0379d
#1 transferring dockerfile: 32B done
#1 DONE 0.1s

#2 [internal] load .dockerignore
#2 sha256:3cd61cc1446c6bb57d1b68d523ecb6f4c831b8bb4990105d895b1c4ea7c4d8ae
#2 transferring context: 2B 0.0s done
#2 DONE 0.1s

#3 [internal] load metadata for gcr.io/oss-fuzz-base/base-builder:latest
#3 sha256:f10dc39cc9d418a5bc416dead31a1902b6821fdae909cd3b08f7a3fd1faba7b5
#3 DONE 0.5s

#4 [1/6] FROM gcr.io/oss-fuzz-base/base-builder@sha256:112044a9815d235113677d459cf2ece740a51f2b85081c8f66943dcdc72ddf7f
#4 sha256:4aee4bf9f7280ac8b7f02b8d29e6e084dd034d2c294b4e3e05d8ce7048a1450f
#4 DONE 0.0s

#5 importing cache manifest from gcr.io/fuzzbench/builders/benchmark/opencv_filestorage_read_file_fuzzer
#5 sha256:3faff15c97638a3d77c56599a015fb01888b10571500ca014d0e81b1b17babc5
#5 DONE 0.0s

#9 [internal] load build context
#9 sha256:68631128417b0d9b4c8919923e5b8041d66e71a837bd95d24f94e7f5d3075831
#9 transferring context: 429B done
#9 DONE 0.0s

#6 [2/6] RUN apt-get update && apt-get install -y build-essential cmake pkg-config
#6 sha256:5b4cdd543f7676d762d91b87c637b12e81d197a5de05812a3f0a2dc7aead2436
#6 CACHED

#8 [4/6] WORKDIR opencv/
#8 sha256:fda6c4b7e211bdd8ec1ae001cbb40929be694af912454da7105b1ff5a7d1ef7e
#8 CACHED

#10 [5/6] COPY build.sh /src/
#10 sha256:91a5f374f3e464d48d791bab23142b9e332e7e79b8e34de767354dbe34389585
#10 CACHED

#7 [3/6] RUN git clone --depth 1 https://github.com/opencv/opencv.git opencv
#7 sha256:59a9fb61118231e7c2a207bca2277cafcfad95bb7e22f5ee768b2c0e041e7f83
#7 CACHED

#11 [6/6] COPY *.cc *.h /src/
#11 sha256:771dbd5f460c8b2430f6ee92040a7e9d03ef212da631f39614d9a43f6503b445
#11 CACHED

#12 exporting to image
#12 sha256:e8c613e07b0b7ff33893b694f7759a10d42e180f2b4dc349fb57dc6b71dcab00
#12 exporting layers done
#12 writing image sha256:8a497c7e790611b7a92bb9829260fb3a936252ecb7d9088bba013e8d2b52277b done
#12 naming to gcr.io/fuzzbench/builders/benchmark/opencv_filestorage_read_file_fuzzer done
#12 DONE 0.1s

#13 exporting cache
#13 sha256:2700d4ef94dee473593c5c614b55b2dedcca7893909811a8f2b48291a1f581e4
#13 preparing build cache for export done
#13 DONE 0.0s
#1 [internal] load build definition from builder.Dockerfile
#1 sha256:68b72078eef4e42ee26a108b9f12ba0adb30e90e657ddce96afeef321084bcdd
#1 transferring dockerfile: 46B done
#1 DONE 0.0s

#2 [internal] load .dockerignore
#2 sha256:c759aab5e775709d98d4702573d5eb4ab0929dc6d1356f38ce5fe23c5a54d81c
#2 transferring context: 2B done
#2 DONE 0.0s

#3 [internal] load metadata for gcr.io/fuzzbench/builders/benchmark/opencv_filestorage_read_file_fuzzer:latest
#3 sha256:8711a2aacf0c7b6fc12501a6c91ca43577bc0d2e4be2ba71ee39bfafe2b54753
#3 DONE 0.0s

#7 importing cache manifest from gcr.io/fuzzbench/builders/afl/opencv_filestorage_read_file_fuzzer-intermediate
#7 sha256:4df6815cf09177d46e5846f8966b9e3da588aa277df4cd4a47f375d3dbfff417
#7 DONE 0.0s

#6 [1/3] FROM gcr.io/fuzzbench/builders/benchmark/opencv_filestorage_read_file_fuzzer
#6 sha256:90f931d07163947ba5027c0bc03d2bf81be30eff533c4833a6aed3757e0355de
#6 DONE 0.0s

#4 [2/3] RUN git clone https://github.com/google/AFL.git /afl &&     cd /afl &&     git checkout 61037103ae3722c8060ff7082994836a794f978e &&     AFL_NO_X86=1 make
#4 sha256:84d8bd2afc846883384ca904e3934121f22bbf3b13b6a645d8963fc41a86bcb2
#4 CACHED

#5 [3/3] RUN apt-get update &&     apt-get install wget -y &&     wget https://raw.githubusercontent.com/llvm/llvm-project/5feb80e748924606531ba28c97fe65145c65372e/compiler-rt/lib/fuzzer/afl/afl_driver.cpp -O /afl/afl_driver.cpp &&     clang -Wno-pointer-sign -c /afl/llvm_mode/afl-llvm-rt.o.c -I/afl &&     clang++ -stdlib=libc++ -std=c++11 -O2 -c /afl/afl_driver.cpp &&     ar r /libAFL.a *.o
#5 sha256:33bf8d1ecc8cfb58a591dd673466202d9a4c3cf20e942a4b1fcf722644bf228f
#5 CACHED

#8 exporting to image
#8 sha256:e8c613e07b0b7ff33893b694f7759a10d42e180f2b4dc349fb57dc6b71dcab00
#8 exporting layers done
#8 writing image sha256:abe2b32671846efe952468466ad42dff64a887ab71f481b7118d3c0190ecbd7a
#8 writing image sha256:abe2b32671846efe952468466ad42dff64a887ab71f481b7118d3c0190ecbd7a done
#8 naming to gcr.io/fuzzbench/builders/afl/opencv_filestorage_read_file_fuzzer-intermediate done
#8 DONE 0.1s

#9 exporting cache
#9 sha256:2700d4ef94dee473593c5c614b55b2dedcca7893909811a8f2b48291a1f581e4
#9 preparing build cache for export done
#9 DONE 0.0s
#1 [internal] load build definition from Dockerfile
#1 sha256:b8f3bf47f52aa4e76534ac20b2a6c4462dd68007a64e7c5d502db8950ccd646c
#1 transferring dockerfile: 2.00kB done
#1 DONE 0.1s

#2 [internal] load .dockerignore
#2 sha256:41a8f2df330830da0e0638d6df99518f0537b3c2a89f395c12d2ee5d57e5813f
#2 transferring context:
#2 transferring context: 34B done
#2 DONE 0.1s

#3 [internal] load metadata for docker.io/library/ubuntu:xenial
#3 sha256:f62bae18ed588840f045c881b2502661f2a89578a2f8f99b83f5200ee83dd25b
#3 DONE 0.0s

#4 importing cache manifest from gcr.io/fuzzbench/base-image
#4 sha256:9b220ebb4d4daceed1b96df9b6dca076e762f1cd612574f010b82d5b9e5ad896
#4 DONE 0.0s

#5 [1/7] FROM docker.io/library/ubuntu:xenial
#5 sha256:14dd403f25ae9e519bd44f27dc17af7ce80f5a4f9f48ca88108364e67ec5d360
#5 DONE 0.0s

#8 [internal] load build context
#8 sha256:6141760970703415a91f1e03ae7ede34c82994fbfba69a5c4e91572524b8f712
#8 transferring context: 559B 0.0s done
#8 DONE 0.1s

#6 [2/7] RUN apt-get update -y && apt-get install -y     build-essential     rsync     curl     zlib1g-dev     libncurses5-dev     libgdbm-dev     libnss3-dev     libssl-dev     libreadline-dev     libffi-dev     virtualenv     libbz2-dev     liblzma-dev     libsqlite3-dev
#6 sha256:3a1b0960f17eed529eaae93dc8fd3554f2743dd584d8fa569cdbe6bc734371ac
#6 CACHED

#7 [3/7] RUN cd /tmp/ &&     curl -O https://www.python.org/ftp/python/3.8.6/Python-3.8.6.tar.xz &&     tar -xvf Python-3.8.6.tar.xz &&     cd Python-3.8.6 &&     ./configure --enable-loadable-sqlite-extensions --enable-optimizations &&     make -j install &&     rm -r /tmp/Python-3.8.6.tar.xz /tmp/Python-3.8.6
#7 sha256:c5b9d1fb3371e84dbc60b76e7b2f8d5913bc93bcd4910ab65daa03e7b2ec4bb0
#7 CACHED

#9 [4/7] COPY ./requirements.txt /
#9 sha256:997e3f092c0168336915ecc4093db757fdfdbdb575c28eef7f8e238d729ee7dc
#9 CACHED

#10 [5/7] RUN pip3 install -r /requirements.txt
#10 sha256:9480dece119a5c173b403d2b3ac74af7e8695651785e0af8bfd8b67cc2e0c168
#10 CACHED

#11 [6/7] RUN apt-get update -y && apt-get install -y     apt-transport-https     lsb-release
#11 sha256:094889e0a8c1ac4ff105df8354fe3e7ad91afb3768ffc016bbbdcf7e5513a9c0
#11 CACHED

#12 [7/7] RUN CLOUD_SDK_REPO="cloud-sdk-$(lsb_release -c -s)" &&     echo "deb https://packages.cloud.google.com/apt $CLOUD_SDK_REPO main"     | tee -a /etc/apt/sources.list.d/google-cloud-sdk.list &&     curl https://packages.cloud.google.com/apt/doc/apt-key.gpg     | apt-key add - &&     apt-get update -y &&     apt-get install -y google-cloud-sdk
#12 sha256:9e52492368d4c6417867a1a290a2193210a637bdc21e01e4f70f134cb5ab67fc
#12 CACHED

#13 exporting to image
#13 sha256:e8c613e07b0b7ff33893b694f7759a10d42e180f2b4dc349fb57dc6b71dcab00
#13 exporting layers done
#13 writing image sha256:55e5825902805b10e1ba0cd27e4af0d82c25f9e225d6218342d4b6474bd3ddae
#13 writing image sha256:55e5825902805b10e1ba0cd27e4af0d82c25f9e225d6218342d4b6474bd3ddae done
#13 naming to gcr.io/fuzzbench/base-image done
#13 DONE 0.1s

#14 exporting cache
#14 sha256:2700d4ef94dee473593c5c614b55b2dedcca7893909811a8f2b48291a1f581e4
#14 preparing build cache for export done
#14 DONE 0.0s
#1 [internal] load build definition from Dockerfile
#1 sha256:10e52ba95378ec63e4826d76098292ac688a52065ec7a6c64adaa42a4b6ce3a0
#1 transferring dockerfile: 2.22kB done
#1 DONE 0.1s

#2 [internal] load .dockerignore
#2 sha256:a5af4cc7fdd9fd7fd4f8220fc5a78620890f227d1c198fbb68385ce1d36d3d1e
#2 transferring context: 34B done
#2 DONE 0.1s

#7 [base-image 1/1] FROM gcr.io/fuzzbench/base-image
#7 sha256:4d07825694520f8b6f6a0d8592dbd345433361ae044cb7f06706c5a95e3daaad
#7 DONE 1.0s

#6 [stage-1  1/13] FROM gcr.io/fuzzbench/builders/afl/opencv_filestorage_read_file_fuzzer-intermediate
#6 sha256:f5edf8f81dbb10624d9ea5c65ce9a6fadb7bffe2f3ebdd30db393be25bfb3724
#6 DONE 0.0s

#4 [internal] load metadata for gcr.io/fuzzbench/base-image:latest
#4 sha256:932022888f650cc455b10eb5123bb08c0cccacac29a693e69314abbfd28a72c3
#4 DONE 0.0s

#3 [internal] load metadata for gcr.io/fuzzbench/builders/afl/opencv_filestorage_read_file_fuzzer-intermediate:latest
#3 sha256:5207154a898226468f9dcfffd800564b2b15714ece48aebb936d6a38a5ab5a4f
#3 DONE 0.0s

#12 [internal] load build context
#12 sha256:25c3924780e29fe8ff2d3fd8d104f9f72832f17f41faf1a85606c971a29e9e4e
#12 DONE 0.0s

#5 importing cache manifest from gcr.io/fuzzbench/builders/afl/opencv_filestorage_read_file_fuzzer
#5 sha256:1032924894f3a79c322d9477a81a3835f1c60ffb8ccd82d5cf27921659f85aa2
#5 ERROR: gcr.io/fuzzbench/builders/afl/opencv_filestorage_read_file_fuzzer:latest: not found

#12 [internal] load build context
#12 sha256:25c3924780e29fe8ff2d3fd8d104f9f72832f17f41faf1a85606c971a29e9e4e
#12 transferring context: 669.93kB 0.2s done
#12 DONE 0.2s

#9 [stage-1  3/13] COPY --from=base-image /usr/local/lib/python3.8 /usr/local/lib/python3.8
#9 sha256:5c963c6d0e4680d227efabba0415223e2f4350dab271a0e031270010c30cccef
#9 CACHED

#10 [stage-1  4/13] COPY --from=base-image /usr/local/include/python3.8 /usr/local/include/python3.8
#10 sha256:9df27e2abc6e63e1368370367a2dfcb1f1376e7ac5e2f3a4929a8f8159c57141
#10 CACHED

#11 [stage-1  5/13] COPY --from=base-image /usr/local/lib/python3.8/site-packages /usr/local/lib/python3.8/site-packages
#11 sha256:b7766ce32f8d4a0db31f3e28bb5203ed90a3d1d86e567735a8bceb5a00456db0
#11 CACHED

#13 [stage-1  6/13] COPY fuzzers /src/fuzzers
#13 sha256:bed70293b203b2a9547996b49c114075ef82a40671b3c3d3bfd3c86964efaaa0
#13 CACHED

#8 [stage-1  2/13] COPY --from=base-image /usr/local/bin/python3* /usr/local/bin/
#8 sha256:c91405b326a035fdf6e0056e5fe402c276ebb1973133f8decd60a59427d99f43
#8 CACHED

#14 [stage-1  7/13] RUN touch /src/__init__.py
#14 sha256:0efa0c0114e3c156d4697415d423950a29e3f2441bcff83134f25572344832d6
#14 DONE 1.9s

#15 [stage-1  8/13] COPY benchmarks/opencv_filestorage_read_file_fuzzer/benchmark.yaml /
#15 sha256:cef870127fcb14172bb5bc86b4f8bdb01967c64ea278169d470a14e4c8c61e3a
#15 DONE 0.2s

#16 [stage-1  9/13] RUN mkdir /opt/fuzzbench/
#16 sha256:74d944f97cdf94335e49a6fb3b3cdb641717cc62b4f888c013fb5cca6a91b732
#16 DONE 1.3s

#17 [stage-1 10/13] COPY docker/benchmark-builder/checkout_commit.py /opt/fuzzbench/
#17 sha256:b76c8b5877bfa3d9d24b1fde7f8c8832111c94e9a84327d9e6bcd08d784b9ff3
#17 DONE 0.1s

#18 [stage-1 11/13] RUN export CHECKOUT_COMMIT=$(cat /benchmark.yaml | tr -d ' ' | grep 'commit:' | cut -d ':' -f2) &&     python3 -u /opt/fuzzbench/checkout_commit.py $CHECKOUT_COMMIT /src
#18 sha256:6b487415e7ab6ce24587be050b8c3286295b0fd52d31db5c650fa1aa571810c8
#18 1.192 Checking out commit b27c51de
#18 143.2 From https://github.com/opencv/opencv
#18 143.2  * [new tag]               2.2                  -> 2.2
#18 143.2  * [new tag]               2.4.0                -> 2.4.0
#18 143.2  * [new tag]               2.4.1                -> 2.4.1
#18 143.2  * [new tag]               2.4.10               -> 2.4.10
#18 143.2  * [new tag]               2.4.10.1             -> 2.4.10.1
#18 143.2  * [new tag]               2.4.10.2             -> 2.4.10.2
#18 143.2  * [new tag]               2.4.10.3             -> 2.4.10.3
#18 143.2  * [new tag]               2.4.10.4             -> 2.4.10.4
#18 143.2  * [new tag]               2.4.11               -> 2.4.11
#18 143.2  * [new tag]               2.4.12               -> 2.4.12
#18 143.2  * [new tag]               2.4.12.1             -> 2.4.12.1
#18 143.2  * [new tag]               2.4.12.2             -> 2.4.12.2
#18 143.2  * [new tag]               2.4.12.3             -> 2.4.12.3
#18 143.2  * [new tag]               2.4.13               -> 2.4.13
#18 143.2  * [new tag]               2.4.13.1             -> 2.4.13.1
#18 143.2  * [new tag]               2.4.2                -> 2.4.2
#18 143.2  * [new tag]               2.4.3                -> 2.4.3
#18 143.2  * [new tag]               2.4.3-rc             -> 2.4.3-rc
#18 143.2  * [new tag]               2.4.3.1              -> 2.4.3.1
#18 143.2  * [new tag]               2.4.3.2              -> 2.4.3.2
#18 143.2  * [new tag]               2.4.4                -> 2.4.4
#18 143.2  * [new tag]               2.4.4-beta           -> 2.4.4-beta
#18 143.2  * [new tag]               2.4.5                -> 2.4.5
#18 143.2  * [new tag]               2.4.6                -> 2.4.6
#18 143.2  * [new tag]               2.4.6.1              -> 2.4.6.1
#18 143.2  * [new tag]               2.4.6.2              -> 2.4.6.2
#18 143.2  * [new tag]               2.4.6.2-rc1          -> 2.4.6.2-rc1
#18 143.2  * [new tag]               2.4.7                -> 2.4.7
#18 143.2  * [new tag]               2.4.7-rc1            -> 2.4.7-rc1
#18 143.2  * [new tag]               2.4.7.1              -> 2.4.7.1
#18 143.2  * [new tag]               2.4.7.2              -> 2.4.7.2
#18 143.2  * [new tag]               2.4.8                -> 2.4.8
#18 143.2  * [new tag]               2.4.8.1              -> 2.4.8.1
#18 143.2  * [new tag]               2.4.8.2              -> 2.4.8.2
#18 143.2  * [new tag]               2.4.8.3              -> 2.4.8.3
#18 143.2  * [new tag]               2.4.9                -> 2.4.9
#18 143.2  * [new tag]               2.4.9.1              -> 2.4.9.1
#18 143.2  * [new tag]               3.0-ocl-tech-preview -> 3.0-ocl-tech-preview
#18 143.2  * [new tag]               3.0-ocl-tp2          -> 3.0-ocl-tp2
#18 143.2  * [new tag]               3.0.0                -> 3.0.0
#18 143.2  * [new tag]               3.0.0-alpha          -> 3.0.0-alpha
#18 143.2  * [new tag]               3.0.0-beta           -> 3.0.0-beta
#18 143.2  * [new tag]               3.0.0-rc1            -> 3.0.0-rc1
#18 143.2  * [new tag]               3.1.0                -> 3.1.0
#18 143.2  * [new tag]               3.2.0                -> 3.2.0
#18 143.2  * [new tag]               3.2.0-rc             -> 3.2.0-rc
#18 143.2  * [new tag]               3.3.0                -> 3.3.0
#18 143.2  * [new tag]               3.3.0-cvsdk          -> 3.3.0-cvsdk
#18 143.2  * [new tag]               3.3.0-rc             -> 3.3.0-rc
#18 143.2  * [new tag]               3.3.1                -> 3.3.1
#18 143.2  * [new tag]               3.3.1-cvsdk          -> 3.3.1-cvsdk
#18 143.2  * [new tag]               3.4.0                -> 3.4.0
#18 143.2  * [new tag]               3.4.0-rc             -> 3.4.0-rc
#18 143.2  * [new tag]               3.4.1                -> 3.4.1
#18 143.2  * [new tag]               3.4.1-cvsdk          -> 3.4.1-cvsdk
#18 143.2  * [new tag]               3.4.10               -> 3.4.10
#18 143.2  * [new tag]               3.4.11               -> 3.4.11
#18 143.2  * [new tag]               3.4.12               -> 3.4.12
#18 143.2  * [new tag]               3.4.13               -> 3.4.13
#18 143.2  * [new tag]               3.4.14               -> 3.4.14
#18 143.2  * [new tag]               3.4.15               -> 3.4.15
#18 143.2  * [new tag]               3.4.16               -> 3.4.16
#18 143.2  * [new tag]               3.4.17               -> 3.4.17
#18 143.2  * [new tag]               3.4.2                -> 3.4.2
#18 143.2  * [new tag]               3.4.2-openvino       -> 3.4.2-openvino
#18 143.2  * [new tag]               3.4.3                -> 3.4.3
#18 143.2  * [new tag]               3.4.3-openvino       -> 3.4.3-openvino
#18 143.2  * [new tag]               3.4.4                -> 3.4.4
#18 143.2  * [new tag]               3.4.5                -> 3.4.5
#18 143.2  * [new tag]               3.4.6                -> 3.4.6
#18 143.2  * [new tag]               3.4.7                -> 3.4.7
#18 143.2  * [new tag]               3.4.8                -> 3.4.8
#18 143.2  * [new tag]               3.4.9                -> 3.4.9
#18 143.2  * [new tag]               4.0.0                -> 4.0.0
#18 143.2  * [new tag]               4.0.0-alpha          -> 4.0.0-alpha
#18 143.2  * [new tag]               4.0.0-beta           -> 4.0.0-beta
#18 143.2  * [new tag]               4.0.0-openvino       -> 4.0.0-openvino
#18 143.2  * [new tag]               4.0.0-rc             -> 4.0.0-rc
#18 143.2  * [new tag]               4.0.1                -> 4.0.1
#18 143.2  * [new tag]               4.0.1-openvino       -> 4.0.1-openvino
#18 143.2  * [new tag]               4.1.0                -> 4.1.0
#18 143.2  * [new tag]               4.1.0-openvino       -> 4.1.0-openvino
#18 143.2  * [new tag]               4.1.1                -> 4.1.1
#18 143.2  * [new tag]               4.1.1-openvino       -> 4.1.1-openvino
#18 143.2  * [new tag]               4.1.2                -> 4.1.2
#18 143.2  * [new tag]               4.1.2-openvino       -> 4.1.2-openvino
#18 143.2  * [new tag]               4.2.0                -> 4.2.0
#18 143.2  * [new tag]               4.3.0                -> 4.3.0
#18 143.2  * [new tag]               4.4.0                -> 4.4.0
#18 143.2  * [new tag]               4.5.0                -> 4.5.0
#18 143.2  * [new tag]               4.5.1                -> 4.5.1
#18 143.2  * [new tag]               4.5.2                -> 4.5.2
#18 143.2  * [new tag]               4.5.3                -> 4.5.3
#18 143.2  * [new tag]               4.5.4                -> 4.5.4
#18 143.2  * [new tag]               4.5.5                -> 4.5.5
#18 143.3 error: pathspec 'b27c51de' did not match any file(s) known to git
#18 143.3 error: pathspec 'b27c51de' did not match any file(s) known to git
#18 143.3 error: pathspec 'b27c51de' did not match any file(s) known to git
#18 143.6 error: pathspec 'b27c51de' did not match any file(s) known to git
#18 143.6 error: pathspec 'b27c51de' did not match any file(s) known to git
#18 143.7 error: pathspec 'b27c51de' did not match any file(s) known to git
#18 143.7 error: pathspec 'b27c51de' did not match any file(s) known to git
#18 143.8 error: pathspec 'b27c51de' did not match any file(s) known to git
#18 143.8 error: pathspec 'b27c51de' did not match any file(s) known to git
#18 143.9 error: pathspec 'b27c51de' did not match any file(s) known to git
#18 144.0 error: pathspec 'b27c51de' did not match any file(s) known to git
#18 144.0 error: pathspec 'b27c51de' did not match any file(s) known to git
#18 144.2 error: pathspec 'b27c51de' did not match any file(s) known to git
#18 144.2 error: pathspec 'b27c51de' did not match any file(s) known to git
#18 144.3 error: pathspec 'b27c51de' did not match any file(s) known to git
#18 144.3 error: pathspec 'b27c51de' did not match any file(s) known to git
#18 144.4 error: pathspec 'b27c51de' did not match any file(s) known to git
#18 144.4 error: pathspec 'b27c51de' did not match any file(s) known to git
#18 144.5 error: pathspec 'b27c51de' did not match any file(s) known to git
#18 144.5 error: pathspec 'b27c51de' did not match any file(s) known to git
#18 144.6 error: pathspec 'b27c51de' did not match any file(s) known to git
#18 144.7 error: pathspec 'b27c51de' did not match any file(s) known to git
#18 145.1 Checkout unsuccessful.
#18 DONE 146.5s

#19 [stage-1 12/13] RUN echo "#!/bin/bash\nPYTHONPATH=/src python3 -u -c "from fuzzers import utils; utils.initialize_env(); from fuzzers.afl import fuzzer; fuzzer.build()"" > /usr/bin/fuzzer_build &&     chmod +x /usr/bin/fuzzer_build
#19 sha256:09ca99e068b569081feda2ccaed3c5244c301e0d9238a9f6f481021d08ff5729
#19 DONE 1.7s

#20 [stage-1 13/13] RUN echo "Run fuzzer_build to build the target" && if [ -z "$debug_builder" ] ; then fuzzer_build; fi
#20 sha256:951ae25dab01e4548dcd009ceee1e58025d8ba7a6bb8b554bccd4dbdf597b8cf
#20 1.466 Run fuzzer_build to build the target
#20 1.909 FUZZ_TARGET = filestorage_read_file_fuzzer
#20 1.909 CFLAGS = -DFUZZING_BUILD_MODE_UNSAFE_FOR_PRODUCTION -pthread -Wl,--no-as-needed -Wl,-ldl -Wl,-lm -Wno-unused-command-line-argument -O3
#20 1.909 CXXFLAGS = -DFUZZING_BUILD_MODE_UNSAFE_FOR_PRODUCTION -pthread -Wl,--no-as-needed -Wl,-ldl -Wl,-lm -Wno-unused-command-line-argument -stdlib=libc++ -O3
#20 1.924 Building benchmark opencv_filestorage_read_file_fuzzer with fuzzer afl
#20 1.929 + mkdir opencv/build
#20 1.936 mkdir: cannot create directory ‘opencv/build’: No such file or directory
#20 1.938 Traceback (most recent call last):
#20 1.938   File "<string>", line 1, in <module>
#20 1.939   File "/src/fuzzers/afl/fuzzer.py", line 40, in build
#20 1.940     utils.build_benchmark()
#20 1.940   File "/src/fuzzers/utils.py", line 82, in build_benchmark
#20 1.941     subprocess.check_call(['/bin/bash', '-ex', build_script], env=env)
#20 1.942   File "/usr/local/lib/python3.8/subprocess.py", line 364, in check_call
#20 1.944     raise CalledProcessError(retcode, cmd)
#20 1.944 subprocess.CalledProcessError: Command '['/bin/bash', '-ex', '/src/build.sh']' returned non-zero exit status 1.
#20 ERROR: executor failed running [/bin/sh -c echo "Run fuzzer_build to build the target" && if [ -z "$debug_builder" ] ; then fuzzer_build; fi]: exit code: 1
------
 > importing cache manifest from gcr.io/fuzzbench/builders/afl/opencv_filestorage_read_file_fuzzer:
------
------
 > [stage-1 13/13] RUN echo "Run fuzzer_build to build the target" && if [ -z "$debug_builder" ] ; then fuzzer_build; fi:
------
executor failed running [/bin/sh -c echo "Run fuzzer_build to build the target" && if [ -z "$debug_builder" ] ; then fuzzer_build; fi]: exit code: 1
make: *** [docker/generated.mk:2853908: .afl-opencv_filestorage_read_file_fuzzer-builder] Error 1
