WARNING:root:gcloud not found in PATH.
INFO:root:Successfully integrated benchmark: opus_opus.
INFO:root:Please run "make test-run-afl-opus_opus" to test integration.
#2 [internal] load .dockerignore
#2 sha256:2e102cefbf121403e9d5f0a3e1a9ae73861af4d6cdfd0c1bd9847d8a6117cfaf
#2 transferring context: 2B done
#2 DONE 0.3s

#1 [internal] load build definition from Dockerfile
#1 sha256:138a952c9c423dd41987d3372082c06fe863a3f2f44574044db275b9eefebc4c
#1 transferring dockerfile: 995B done
#1 DONE 0.2s

#3 [internal] load metadata for gcr.io/oss-fuzz-base/base-builder:latest
#3 sha256:f10dc39cc9d418a5bc416dead31a1902b6821fdae909cd3b08f7a3fd1faba7b5
#3 DONE 0.5s

#10 [internal] load build context
#10 sha256:95dc041fb264eb0c65be861321b162a7b44f6560fdf01fef168a381c6bcfd196
#10 DONE 0.0s

#5 [1/6] FROM gcr.io/oss-fuzz-base/base-builder@sha256:f4e5ea12494fab091c5d830cf803b3421f2860f729b9d1b07da44924396cf8cf
#5 sha256:ef290950573a2779ee526af357b28fbddfc20d7409aa51f58f777c9e972cba29
#5 DONE 0.0s

#4 importing cache manifest from gcr.io/fuzzbench/builders/benchmark/opus_opus
#4 sha256:419f080ca1bc4f38b4fb1856ca18f33747fbd5985c201e6e3d2daf1c901db986
#4 ERROR: gcr.io/fuzzbench/builders/benchmark/opus_opus:latest: not found

#5 [1/6] FROM gcr.io/oss-fuzz-base/base-builder@sha256:f4e5ea12494fab091c5d830cf803b3421f2860f729b9d1b07da44924396cf8cf
#5 sha256:ef290950573a2779ee526af357b28fbddfc20d7409aa51f58f777c9e972cba29
#5 CACHED

#10 [internal] load build context
#10 sha256:95dc041fb264eb0c65be861321b162a7b44f6560fdf01fef168a381c6bcfd196
#10 transferring context: 1.59kB done
#10 DONE 0.4s

#6 [2/6] RUN apt-get update && apt-get install -y make autoconf automake libtool wget
#6 sha256:5105b70670ffd051b8883c33b3686d6c1245811bcf75b95a95fa1ff10043da9f
#6 0.766 Hit:1 http://archive.ubuntu.com/ubuntu focal InRelease
#6 0.766 Get:2 http://security.ubuntu.com/ubuntu focal-security InRelease [114 kB]
#6 0.766 Hit:3 http://ppa.launchpad.net/git-core/ppa/ubuntu focal InRelease
#6 0.767 Get:4 http://archive.ubuntu.com/ubuntu focal-updates InRelease [114 kB]
#6 0.857 Get:5 http://archive.ubuntu.com/ubuntu focal-backports InRelease [108 kB]
#6 1.313 Get:6 http://security.ubuntu.com/ubuntu focal-security/universe i386 Packages [657 kB]
#6 1.421 Get:7 http://security.ubuntu.com/ubuntu focal-security/universe amd64 Packages [840 kB]
#6 1.483 Get:8 http://security.ubuntu.com/ubuntu focal-security/main amd64 Packages [1546 kB]
#6 1.511 Get:9 http://archive.ubuntu.com/ubuntu focal-updates/universe amd64 Packages [1134 kB]
#6 1.719 Get:10 http://archive.ubuntu.com/ubuntu focal-updates/main i386 Packages [752 kB]
#6 1.774 Get:11 http://archive.ubuntu.com/ubuntu focal-updates/main amd64 Packages [1973 kB]
#6 1.921 Get:12 http://archive.ubuntu.com/ubuntu focal-updates/universe i386 Packages [827 kB]
#6 2.207 Fetched 8065 kB in 1s (5442 kB/s)
#6 2.207 Reading package lists...
#6 3.936 Reading package lists...
#6 5.343 Building dependency tree...
#6 5.557 Reading state information...
#6 5.763 make is already the newest version (4.2.1-1.2).
#6 5.763 make set to manually installed.
#6 5.763 wget is already the newest version (1.20.3-1ubuntu2).
#6 5.763 The following additional packages will be installed:
#6 5.765   autotools-dev libltdl-dev libltdl7 libsigsegv2 m4
#6 5.767 Suggested packages:
#6 5.767   autoconf-archive gnu-standards autoconf-doc gettext libtool-doc gfortran
#6 5.767   | fortran95-compiler gcj-jdk m4-doc
#6 5.808 The following NEW packages will be installed:
#6 5.810   autoconf automake autotools-dev libltdl-dev libltdl7 libsigsegv2 libtool m4
#6 5.883 0 upgraded, 8 newly installed, 0 to remove and 2 not upgraded.
#6 5.883 Need to get 1457 kB of archives.
#6 5.883 After this operation, 6651 kB of additional disk space will be used.
#6 5.883 Get:1 http://archive.ubuntu.com/ubuntu focal/main amd64 libsigsegv2 amd64 2.12-2 [13.9 kB]
#6 5.908 Get:2 http://archive.ubuntu.com/ubuntu focal/main amd64 m4 amd64 1.4.18-4 [199 kB]
#6 5.982 Get:3 http://archive.ubuntu.com/ubuntu focal/main amd64 autoconf all 2.69-11.1 [321 kB]
#6 6.013 Get:4 http://archive.ubuntu.com/ubuntu focal/main amd64 autotools-dev all 20180224.1 [39.6 kB]
#6 6.016 Get:5 http://archive.ubuntu.com/ubuntu focal/main amd64 automake all 1:1.16.1-4ubuntu6 [522 kB]
#6 6.055 Get:6 http://archive.ubuntu.com/ubuntu focal/main amd64 libltdl7 amd64 2.4.6-14 [38.5 kB]
#6 6.058 Get:7 http://archive.ubuntu.com/ubuntu focal/main amd64 libltdl-dev amd64 2.4.6-14 [162 kB]
#6 6.070 Get:8 http://archive.ubuntu.com/ubuntu focal/main amd64 libtool all 2.4.6-14 [161 kB]
#6 6.294 debconf: delaying package configuration, since apt-utils is not installed
#6 6.346 Fetched 1457 kB in 0s (5551 kB/s)
#6 6.389 Selecting previously unselected package libsigsegv2:amd64.
#6 6.389 (Reading database ... (Reading database ... 5%(Reading database ... 10%(Reading database ... 15%(Reading database ... 20%(Reading database ... 25%(Reading database ... 30%(Reading database ... 35%(Reading database ... 40%(Reading database ... 45%(Reading database ... 50%(Reading database ... 55%(Reading database ... 60%(Reading database ... 65%(Reading database ... 70%(Reading database ... 75%(Reading database ... 80%(Reading database ... 85%(Reading database ... 90%(Reading database ... 95%(Reading database ... 100%(Reading database ... 21291 files and directories currently installed.)
#6 6.413 Preparing to unpack .../0-libsigsegv2_2.12-2_amd64.deb ...
#6 6.424 Unpacking libsigsegv2:amd64 (2.12-2) ...
#6 6.468 Selecting previously unselected package m4.
#6 6.471 Preparing to unpack .../1-m4_1.4.18-4_amd64.deb ...
#6 6.477 Unpacking m4 (1.4.18-4) ...
#6 6.535 Selecting previously unselected package autoconf.
#6 6.538 Preparing to unpack .../2-autoconf_2.69-11.1_all.deb ...
#6 6.542 Unpacking autoconf (2.69-11.1) ...
#6 6.618 Selecting previously unselected package autotools-dev.
#6 6.621 Preparing to unpack .../3-autotools-dev_20180224.1_all.deb ...
#6 6.625 Unpacking autotools-dev (20180224.1) ...
#6 6.680 Selecting previously unselected package automake.
#6 6.683 Preparing to unpack .../4-automake_1%3a1.16.1-4ubuntu6_all.deb ...
#6 6.689 Unpacking automake (1:1.16.1-4ubuntu6) ...
#6 6.789 Selecting previously unselected package libltdl7:amd64.
#6 6.792 Preparing to unpack .../5-libltdl7_2.4.6-14_amd64.deb ...
#6 6.796 Unpacking libltdl7:amd64 (2.4.6-14) ...
#6 6.836 Selecting previously unselected package libltdl-dev:amd64.
#6 6.839 Preparing to unpack .../6-libltdl-dev_2.4.6-14_amd64.deb ...
#6 6.842 Unpacking libltdl-dev:amd64 (2.4.6-14) ...
#6 6.908 Selecting previously unselected package libtool.
#6 6.911 Preparing to unpack .../7-libtool_2.4.6-14_all.deb ...
#6 6.916 Unpacking libtool (2.4.6-14) ...
#6 6.989 Setting up autotools-dev (20180224.1) ...
#6 7.000 Setting up libsigsegv2:amd64 (2.12-2) ...
#6 7.011 Setting up libltdl7:amd64 (2.4.6-14) ...
#6 7.022 Setting up libtool (2.4.6-14) ...
#6 7.032 Setting up m4 (1.4.18-4) ...
#6 7.043 Setting up autoconf (2.69-11.1) ...
#6 7.058 Setting up automake (1:1.16.1-4ubuntu6) ...
#6 7.071 update-alternatives: using /usr/bin/automake-1.16 to provide /usr/bin/automake (automake) in auto mode
#6 7.072 update-alternatives: warning: skip creation of /usr/share/man/man1/automake.1.gz because associated file /usr/share/man/man1/automake-1.16.1.gz (of link group automake) doesn't exist
#6 7.072 update-alternatives: warning: skip creation of /usr/share/man/man1/aclocal.1.gz because associated file /usr/share/man/man1/aclocal-1.16.1.gz (of link group automake) doesn't exist
#6 7.080 Setting up libltdl-dev:amd64 (2.4.6-14) ...
#6 7.092 Processing triggers for libc-bin (2.31-0ubuntu9.2) ...
#6 DONE 7.3s

#7 [3/6] RUN git clone https://git.xiph.org/opus.git
#7 sha256:8af0e958a2b56e0a828f4f8864f97064e086ed9243dccec1f455efa204d48c9f
#7 0.431 Cloning into 'opus'...
#7 1.490 fatal: unable to access 'https://git.xiph.org/opus.git/': Failed to connect to git.xiph.org port 443: Connection refused
#7 ERROR: executor failed running [/bin/sh -c git clone https://git.xiph.org/opus.git]: exit code: 128
------
 > importing cache manifest from gcr.io/fuzzbench/builders/benchmark/opus_opus:
------
------
 > [3/6] RUN git clone https://git.xiph.org/opus.git:
------
executor failed running [/bin/sh -c git clone https://git.xiph.org/opus.git]: exit code: 128
make: *** [docker/generated.mk:50649: .opus_opus-project-builder] Error 1
/bin/sh: 1: source: not found
#1 [internal] load build definition from Dockerfile
#1 sha256:cc93ed5c2b404cfca5714416e966f0b618169634b68625ebc249cc44b7aaf86c
#1 transferring dockerfile: 32B done
#1 DONE 0.0s

#2 [internal] load .dockerignore
#2 sha256:b396912f246efeb6ee792212437a8f74460a8131161bcc4cdad97607fcffb069
#2 transferring context: 2B done
#2 DONE 0.0s

#3 [internal] load metadata for gcr.io/oss-fuzz-base/base-builder:latest
#3 sha256:f10dc39cc9d418a5bc416dead31a1902b6821fdae909cd3b08f7a3fd1faba7b5
#3 DONE 0.4s

#10 [internal] load build context
#10 sha256:a71ae2546672116a4ec4df58c8d9b37e870023e1785a92521f7c7fabe58d3139
#10 DONE 0.0s

#5 [1/6] FROM gcr.io/oss-fuzz-base/base-builder@sha256:f4e5ea12494fab091c5d830cf803b3421f2860f729b9d1b07da44924396cf8cf
#5 sha256:ef290950573a2779ee526af357b28fbddfc20d7409aa51f58f777c9e972cba29
#5 DONE 0.0s

#4 importing cache manifest from gcr.io/fuzzbench/builders/benchmark/opus_opus
#4 sha256:419f080ca1bc4f38b4fb1856ca18f33747fbd5985c201e6e3d2daf1c901db986
#4 ERROR: gcr.io/fuzzbench/builders/benchmark/opus_opus:latest: not found

#6 [2/6] RUN apt-get update && apt-get install -y make autoconf automake libtool wget
#6 sha256:5105b70670ffd051b8883c33b3686d6c1245811bcf75b95a95fa1ff10043da9f
#6 CACHED

#10 [internal] load build context
#10 sha256:a71ae2546672116a4ec4df58c8d9b37e870023e1785a92521f7c7fabe58d3139
#10 transferring context: 30B done
#10 DONE 0.0s

#7 [3/6] RUN git clone https://git.xiph.org/opus.git
#7 sha256:8af0e958a2b56e0a828f4f8864f97064e086ed9243dccec1f455efa204d48c9f
#7 0.331 Cloning into 'opus'...
#7 0.521 fatal: unable to access 'https://git.xiph.org/opus.git/': Failed to connect to git.xiph.org port 443: Connection refused
#7 ERROR: executor failed running [/bin/sh -c git clone https://git.xiph.org/opus.git]: exit code: 128
------
 > importing cache manifest from gcr.io/fuzzbench/builders/benchmark/opus_opus:
------
------
 > [3/6] RUN git clone https://git.xiph.org/opus.git:
------
executor failed running [/bin/sh -c git clone https://git.xiph.org/opus.git]: exit code: 128
make: *** [docker/generated.mk:50649: .opus_opus-project-builder] Error 1
