WARNING:root:gcloud not found in PATH.
INFO:root:Successfully integrated benchmark: minify_minify.
INFO:root:Please run "make test-run-afl-minify_minify" to test integration.
#1 [internal] load build definition from Dockerfile
#1 sha256:11c78ff9faafab47b60f9b7eb5495455dbb1a1f6d5f2240d7a7d2838bfa0254b
#1 transferring dockerfile: 843B done
#1 DONE 0.0s

#2 [internal] load .dockerignore
#2 sha256:8c8ae01130e1bfa079e0e923566b9952c22b5fe2cb758e0f6817c8d7895d3604
#2 transferring context: 2B done
#2 DONE 0.0s

#3 [internal] load metadata for gcr.io/oss-fuzz-base/base-builder:latest
#3 sha256:f10dc39cc9d418a5bc416dead31a1902b6821fdae909cd3b08f7a3fd1faba7b5
#3 DONE 0.4s

#7 [internal] load build context
#7 sha256:43e090d4b97b4a535165d84069ab419f3c3062b942a69db5c1206e8f728ea7a7
#7 DONE 0.0s

#5 [1/4] FROM gcr.io/oss-fuzz-base/base-builder@sha256:f4e5ea12494fab091c5d830cf803b3421f2860f729b9d1b07da44924396cf8cf
#5 sha256:ef290950573a2779ee526af357b28fbddfc20d7409aa51f58f777c9e972cba29
#5 DONE 0.0s

#4 importing cache manifest from gcr.io/fuzzbench/builders/benchmark/minify_minify
#4 sha256:9c922bfdb275007ce8dc1f8f9f094b7a56c54ca85aa202bf1153d591e7df4def
#4 ERROR: gcr.io/fuzzbench/builders/benchmark/minify_minify:latest: not found

#5 [1/4] FROM gcr.io/oss-fuzz-base/base-builder@sha256:f4e5ea12494fab091c5d830cf803b3421f2860f729b9d1b07da44924396cf8cf
#5 sha256:ef290950573a2779ee526af357b28fbddfc20d7409aa51f58f777c9e972cba29
#5 CACHED

#7 [internal] load build context
#7 sha256:43e090d4b97b4a535165d84069ab419f3c3062b942a69db5c1206e8f728ea7a7
#7 transferring context: 775B done
#7 DONE 0.0s

#6 [2/4] RUN go get -u github.com/tdewolff/minify
#6 sha256:8db6eff9a832f2bc31b42a4cb0bcfdf5739bf27ed95591051bcc9d1cdad1234a
#6 0.366 /bin/sh: 1: go: not found
#6 ERROR: executor failed running [/bin/sh -c go get -u github.com/tdewolff/minify]: exit code: 127
------
 > importing cache manifest from gcr.io/fuzzbench/builders/benchmark/minify_minify:
------
------
 > [2/4] RUN go get -u github.com/tdewolff/minify:
------
executor failed running [/bin/sh -c go get -u github.com/tdewolff/minify]: exit code: 127
make: *** [docker/generated.mk:42507: .minify_minify-project-builder] Error 1
/bin/sh: 1: source: not found
#1 [internal] load build definition from Dockerfile
#1 sha256:7d322a1ee5ac11142b6a8fe9fad306bc0c234e5c86969d0ba16a9034dab6c74f
#1 transferring dockerfile: 32B done
#1 DONE 0.0s

#2 [internal] load .dockerignore
#2 sha256:2506b75caa0b182504339a6754346773962d28acc670108c4a5e81b8285731e1
#2 transferring context: 2B done
#2 DONE 0.0s

#3 [internal] load metadata for gcr.io/oss-fuzz-base/base-builder:latest
#3 sha256:f10dc39cc9d418a5bc416dead31a1902b6821fdae909cd3b08f7a3fd1faba7b5
#3 DONE 0.3s

#7 [internal] load build context
#7 sha256:8d910ce7c0adf1e6c79d409520130b28a1e0cb5dd1e3e3d586fc1092fdeed2b2
#7 DONE 0.0s

#5 [1/4] FROM gcr.io/oss-fuzz-base/base-builder@sha256:f4e5ea12494fab091c5d830cf803b3421f2860f729b9d1b07da44924396cf8cf
#5 sha256:ef290950573a2779ee526af357b28fbddfc20d7409aa51f58f777c9e972cba29
#5 DONE 0.0s

#4 importing cache manifest from gcr.io/fuzzbench/builders/benchmark/minify_minify
#4 sha256:9c922bfdb275007ce8dc1f8f9f094b7a56c54ca85aa202bf1153d591e7df4def
#4 ERROR: gcr.io/fuzzbench/builders/benchmark/minify_minify:latest: not found

#5 [1/4] FROM gcr.io/oss-fuzz-base/base-builder@sha256:f4e5ea12494fab091c5d830cf803b3421f2860f729b9d1b07da44924396cf8cf
#5 sha256:ef290950573a2779ee526af357b28fbddfc20d7409aa51f58f777c9e972cba29
#5 CACHED

#7 [internal] load build context
#7 sha256:8d910ce7c0adf1e6c79d409520130b28a1e0cb5dd1e3e3d586fc1092fdeed2b2
#7 transferring context: 30B done
#7 DONE 0.0s

#6 [2/4] RUN go get -u github.com/tdewolff/minify
#6 sha256:8db6eff9a832f2bc31b42a4cb0bcfdf5739bf27ed95591051bcc9d1cdad1234a
#6 0.338 /bin/sh: 1: go: not found
#6 ERROR: executor failed running [/bin/sh -c go get -u github.com/tdewolff/minify]: exit code: 127
------
 > importing cache manifest from gcr.io/fuzzbench/builders/benchmark/minify_minify:
------
------
 > [2/4] RUN go get -u github.com/tdewolff/minify:
------
executor failed running [/bin/sh -c go get -u github.com/tdewolff/minify]: exit code: 127
make: *** [docker/generated.mk:42507: .minify_minify-project-builder] Error 1
