WARNING:root:gcloud not found in PATH.
INFO:root:Successfully integrated benchmark: json_json.
INFO:root:Please run "make test-run-afl-json_json" to test integration.
#2 [internal] load .dockerignore
#2 sha256:8621b7ff96e9f1be04d90ee4c373d6abf173279630bf6dc234526eee04fd0ba3
#2 transferring context: 2B done
#2 DONE 0.2s

#1 [internal] load build definition from Dockerfile
#1 sha256:13e49703c2b74e2c61161d0c1bba402d7531f2e623c17cd0e2c3e4faf9b20794
#1 transferring dockerfile: 911B done
#1 DONE 0.3s

#3 [internal] load metadata for docker.io/ossfuzz/base-builder:latest
#3 sha256:1658bfc7ad2874004d53499bde356cef1fa4607e1f39114a04764c3152a57b06
#3 ERROR: pull access denied, repository does not exist or may require authorization: server message: insufficient_scope: authorization failed
------
 > [internal] load metadata for docker.io/ossfuzz/base-builder:latest:
------
failed to solve with frontend dockerfile.v0: failed to create LLB definition: pull access denied, repository does not exist or may require authorization: server message: insufficient_scope: authorization failed
make: *** [docker/generated.mk:24113: .json_json-project-builder] Error 1
/bin/sh: 1: source: not found
#2 [internal] load .dockerignore
#2 sha256:2dcfbfa1efc398599d8eedccbb987d043d67d9f11386344341ee848c570fa875
#2 transferring context: 2B done
#2 DONE 0.2s

#1 [internal] load build definition from Dockerfile
#1 sha256:a0fffa771a50af5eeeb58490f7f8054c90f82d98d6f28994bb98c6130bd87564
#1 transferring dockerfile: 32B done
#1 DONE 0.3s

#3 [internal] load metadata for docker.io/ossfuzz/base-builder:latest
#3 sha256:1658bfc7ad2874004d53499bde356cef1fa4607e1f39114a04764c3152a57b06
#3 ERROR: pull access denied, repository does not exist or may require authorization: server message: insufficient_scope: authorization failed
------
 > [internal] load metadata for docker.io/ossfuzz/base-builder:latest:
------
failed to solve with frontend dockerfile.v0: failed to create LLB definition: pull access denied, repository does not exist or may require authorization: server message: insufficient_scope: authorization failed
make: *** [docker/generated.mk:24113: .json_json-project-builder] Error 1
