WARNING:root:gcloud not found in PATH.
INFO:root:Successfully integrated benchmark: git_git.
INFO:root:Please run "make test-run-afl-git_git" to test integration.
#2 [internal] load .dockerignore
#2 sha256:15c96802417365e1b2ce278b17ba286dc55af4b26592401b12ede438df0f524b
#2 ...

#1 [internal] load build definition from Dockerfile
#1 sha256:ea346094e7259d8c4a7aa83ad9a547e74a9ada83c858eefc62e9172c3255b9ef
#1 transferring dockerfile: 1.25kB done
#1 DONE 0.4s

#2 [internal] load .dockerignore
#2 sha256:15c96802417365e1b2ce278b17ba286dc55af4b26592401b12ede438df0f524b
#2 transferring context: 2B done
#2 DONE 0.4s

#3 [internal] load metadata for gcr.io/oss-fuzz-base/base-builder:latest
#3 sha256:f10dc39cc9d418a5bc416dead31a1902b6821fdae909cd3b08f7a3fd1faba7b5
#3 DONE 0.5s

#9 [internal] load build context
#9 sha256:e78e53b3c5d6e259f29cdf62c67e8dff29874a486e5797c869f4f29a1ed0661a
#9 DONE 0.0s

#5 [1/5] FROM gcr.io/oss-fuzz-base/base-builder@sha256:41d7bbe7827592680a606c9bba1aeb6e23c7502ce8b633923b06542f4c706e7c
#5 sha256:660db69324ed478291dd329cbbfe422dccbc173f9ab806c069fac341073eab8c
#5 DONE 0.0s

#4 importing cache manifest from gcr.io/fuzzbench/builders/benchmark/git_git
#4 sha256:bba7fc86d2aaed4759e29656a432c6d57c98c2a1de86eca875a6146e6c5b66d0
#4 ERROR: gcr.io/fuzzbench/builders/benchmark/git_git:latest: not found

#5 [1/5] FROM gcr.io/oss-fuzz-base/base-builder@sha256:41d7bbe7827592680a606c9bba1aeb6e23c7502ce8b633923b06542f4c706e7c
#5 sha256:660db69324ed478291dd329cbbfe422dccbc173f9ab806c069fac341073eab8c
#5 CACHED

#9 [internal] load build context
#9 sha256:e78e53b3c5d6e259f29cdf62c67e8dff29874a486e5797c869f4f29a1ed0661a
#9 transferring context: 1.35kB done
#9 DONE 0.1s

#6 [2/5] RUN apt-get update &&     apt-get install -y cvs cvsps gettext libcgi-pm-perl libcurl4-gnutls-dev         libdbd-sqlite3-perl liberror-perl libexpat1-dev libhttp-date-perl         libio-pty-perl libmailtools-perl libpcre2-dev libpcre3-dev libsvn-perl         libtime-modules-perl libyaml-perl libz-dev python subversion tcl unzip         asciidoc docbook-xsl xmlto libssl-dev zip
#6 sha256:2ec943c16c07c2fe846dc6b642d5f29ac4cda73c5c73c322408a669236547220
#6 1.106 Hit:1 http://archive.ubuntu.com/ubuntu focal InRelease
#6 1.106 Get:2 http://archive.ubuntu.com/ubuntu focal-updates InRelease [114 kB]
#6 1.108 Get:3 http://archive.ubuntu.com/ubuntu focal-backports InRelease [108 kB]
#6 1.110 Get:4 http://security.ubuntu.com/ubuntu focal-security InRelease [114 kB]
#6 1.113 Hit:5 http://ppa.launchpad.net/git-core/ppa/ubuntu focal InRelease
#6 1.477 Get:6 http://archive.ubuntu.com/ubuntu focal-updates/main amd64 Packages [1983 kB]
#6 1.683 Get:7 http://archive.ubuntu.com/ubuntu focal-updates/main i386 Packages [754 kB]
#6 1.757 Get:8 http://archive.ubuntu.com/ubuntu focal-updates/restricted amd64 Packages [1042 kB]
#6 1.816 Get:9 http://archive.ubuntu.com/ubuntu focal-updates/universe i386 Packages [827 kB]
#6 1.877 Get:10 http://archive.ubuntu.com/ubuntu focal-updates/universe amd64 Packages [1134 kB]
#6 2.172 Fetched 6076 kB in 2s (3654 kB/s)
#6 2.172 Reading package lists...
#6 3.771 Reading package lists...
#6 5.200 Building dependency tree...
#6 5.425 Reading state information...
#6 5.457 Package libtime-modules-perl is not available, but is referred to by another package.
#6 5.457 This may mean that the package is missing, has been obsoleted, or
#6 5.457 is only available from another source
#6 5.457 However the following packages replace it:
#6 5.457   libtime-parsedate-perl
#6 5.457 
#6 5.461 E: Package 'libtime-modules-perl' has no installation candidate
#6 ERROR: executor failed running [/bin/sh -c apt-get update &&     apt-get install -y cvs cvsps gettext libcgi-pm-perl libcurl4-gnutls-dev         libdbd-sqlite3-perl liberror-perl libexpat1-dev libhttp-date-perl         libio-pty-perl libmailtools-perl libpcre2-dev libpcre3-dev libsvn-perl         libtime-modules-perl libyaml-perl libz-dev python subversion tcl unzip         asciidoc docbook-xsl xmlto libssl-dev zip]: exit code: 100
------
 > importing cache manifest from gcr.io/fuzzbench/builders/benchmark/git_git:
------
------
 > [2/5] RUN apt-get update &&     apt-get install -y cvs cvsps gettext libcgi-pm-perl libcurl4-gnutls-dev         libdbd-sqlite3-perl liberror-perl libexpat1-dev libhttp-date-perl         libio-pty-perl libmailtools-perl libpcre2-dev libpcre3-dev libsvn-perl         libtime-modules-perl libyaml-perl libz-dev python subversion tcl unzip         asciidoc docbook-xsl xmlto libssl-dev zip:
------
executor failed running [/bin/sh -c apt-get update &&     apt-get install -y cvs cvsps gettext libcgi-pm-perl libcurl4-gnutls-dev         libdbd-sqlite3-perl liberror-perl libexpat1-dev libhttp-date-perl         libio-pty-perl libmailtools-perl libpcre2-dev libpcre3-dev libsvn-perl         libtime-modules-perl libyaml-perl libz-dev python subversion tcl unzip         asciidoc docbook-xsl xmlto libssl-dev zip]: exit code: 100
make: *** [docker/generated.mk:17939: .git_git-project-builder] Error 1
/bin/sh: 1: source: not found
#2 [internal] load .dockerignore
#2 sha256:b561252c8a3f3334462c7c3a1cf81391f1464ada3764f179681c13ab382d1ead
#2 transferring context: 2B done
#2 DONE 0.2s

#1 [internal] load build definition from Dockerfile
#1 sha256:7b16d47a288d860c49b672803bc8346bea01d5d3031add696c8d7c64562ac227
#1 transferring dockerfile: 32B done
#1 DONE 0.2s

#3 [internal] load metadata for gcr.io/oss-fuzz-base/base-builder:latest
#3 sha256:f10dc39cc9d418a5bc416dead31a1902b6821fdae909cd3b08f7a3fd1faba7b5
#3 DONE 0.5s

#9 [internal] load build context
#9 sha256:eb343705d32e9d2cf9ae96696efe531c793a6d2510250e21c5c12e96e2be2111
#9 DONE 0.0s

#5 [1/5] FROM gcr.io/oss-fuzz-base/base-builder@sha256:41d7bbe7827592680a606c9bba1aeb6e23c7502ce8b633923b06542f4c706e7c
#5 sha256:660db69324ed478291dd329cbbfe422dccbc173f9ab806c069fac341073eab8c
#5 DONE 0.0s

#4 importing cache manifest from gcr.io/fuzzbench/builders/benchmark/git_git
#4 sha256:bba7fc86d2aaed4759e29656a432c6d57c98c2a1de86eca875a6146e6c5b66d0
#4 ERROR: gcr.io/fuzzbench/builders/benchmark/git_git:latest: not found

#5 [1/5] FROM gcr.io/oss-fuzz-base/base-builder@sha256:41d7bbe7827592680a606c9bba1aeb6e23c7502ce8b633923b06542f4c706e7c
#5 sha256:660db69324ed478291dd329cbbfe422dccbc173f9ab806c069fac341073eab8c
#5 CACHED

#6 [2/5] RUN apt-get update &&     apt-get install -y cvs cvsps gettext libcgi-pm-perl libcurl4-gnutls-dev         libdbd-sqlite3-perl liberror-perl libexpat1-dev libhttp-date-perl         libio-pty-perl libmailtools-perl libpcre2-dev libpcre3-dev libsvn-perl         libtime-modules-perl libyaml-perl libz-dev python subversion tcl unzip         asciidoc docbook-xsl xmlto libssl-dev zip
#6 sha256:2ec943c16c07c2fe846dc6b642d5f29ac4cda73c5c73c322408a669236547220
#6 ...

#9 [internal] load build context
#9 sha256:eb343705d32e9d2cf9ae96696efe531c793a6d2510250e21c5c12e96e2be2111
#9 transferring context: 30B done
#9 DONE 0.1s

#6 [2/5] RUN apt-get update &&     apt-get install -y cvs cvsps gettext libcgi-pm-perl libcurl4-gnutls-dev         libdbd-sqlite3-perl liberror-perl libexpat1-dev libhttp-date-perl         libio-pty-perl libmailtools-perl libpcre2-dev libpcre3-dev libsvn-perl         libtime-modules-perl libyaml-perl libz-dev python subversion tcl unzip         asciidoc docbook-xsl xmlto libssl-dev zip
#6 sha256:2ec943c16c07c2fe846dc6b642d5f29ac4cda73c5c73c322408a669236547220
#6 0.722 Hit:1 http://ppa.launchpad.net/git-core/ppa/ubuntu focal InRelease
#6 0.722 Hit:2 http://archive.ubuntu.com/ubuntu focal InRelease
#6 0.722 Get:3 http://archive.ubuntu.com/ubuntu focal-updates InRelease [114 kB]
#6 0.808 Get:4 http://archive.ubuntu.com/ubuntu focal-backports InRelease [108 kB]
#6 0.856 Get:5 http://security.ubuntu.com/ubuntu focal-security InRelease [114 kB]
#6 1.249 Get:6 http://archive.ubuntu.com/ubuntu focal-updates/universe i386 Packages [827 kB]
#6 1.361 Get:7 http://archive.ubuntu.com/ubuntu focal-updates/restricted amd64 Packages [1042 kB]
#6 1.442 Get:8 http://archive.ubuntu.com/ubuntu focal-updates/main i386 Packages [754 kB]
#6 1.505 Get:9 http://archive.ubuntu.com/ubuntu focal-updates/universe amd64 Packages [1134 kB]
#6 1.590 Get:10 http://archive.ubuntu.com/ubuntu focal-updates/main amd64 Packages [1983 kB]
#6 1.905 Fetched 6076 kB in 1s (4780 kB/s)
#6 1.905 Reading package lists...
#6 3.450 Reading package lists...
#6 4.872 Building dependency tree...
#6 5.082 Reading state information...
#6 5.111 Package libtime-modules-perl is not available, but is referred to by another package.
#6 5.111 This may mean that the package is missing, has been obsoleted, or
#6 5.111 is only available from another source
#6 5.111 However the following packages replace it:
#6 5.111   libtime-parsedate-perl
#6 5.111 
#6 5.115 E: Package 'libtime-modules-perl' has no installation candidate
#6 ERROR: executor failed running [/bin/sh -c apt-get update &&     apt-get install -y cvs cvsps gettext libcgi-pm-perl libcurl4-gnutls-dev         libdbd-sqlite3-perl liberror-perl libexpat1-dev libhttp-date-perl         libio-pty-perl libmailtools-perl libpcre2-dev libpcre3-dev libsvn-perl         libtime-modules-perl libyaml-perl libz-dev python subversion tcl unzip         asciidoc docbook-xsl xmlto libssl-dev zip]: exit code: 100
------
 > importing cache manifest from gcr.io/fuzzbench/builders/benchmark/git_git:
------
------
 > [2/5] RUN apt-get update &&     apt-get install -y cvs cvsps gettext libcgi-pm-perl libcurl4-gnutls-dev         libdbd-sqlite3-perl liberror-perl libexpat1-dev libhttp-date-perl         libio-pty-perl libmailtools-perl libpcre2-dev libpcre3-dev libsvn-perl         libtime-modules-perl libyaml-perl libz-dev python subversion tcl unzip         asciidoc docbook-xsl xmlto libssl-dev zip:
------
executor failed running [/bin/sh -c apt-get update &&     apt-get install -y cvs cvsps gettext libcgi-pm-perl libcurl4-gnutls-dev         libdbd-sqlite3-perl liberror-perl libexpat1-dev libhttp-date-perl         libio-pty-perl libmailtools-perl libpcre2-dev libpcre3-dev libsvn-perl         libtime-modules-perl libyaml-perl libz-dev python subversion tcl unzip         asciidoc docbook-xsl xmlto libssl-dev zip]: exit code: 100
make: *** [docker/generated.mk:17939: .git_git-project-builder] Error 1
