WARNING:root:gcloud not found in PATH.
INFO:root:Successfully integrated benchmark: ots_ots.
INFO:root:Please run "make test-run-afl-ots_ots" to test integration.
#2 [internal] load .dockerignore
#2 sha256:28707f0b3cd5aa157be7c51c4fbb6928c77e2fac44bfae380ebad75d61f25d41
#2 transferring context: 2B done
#2 DONE 0.5s

#1 [internal] load build definition from Dockerfile
#1 sha256:802d8c7ba7d1f99dbdd74389a139703a35e939e7710846d433f841356da5f81c
#1 transferring dockerfile: 1.01kB done
#1 DONE 0.8s

#3 [internal] load metadata for gcr.io/oss-fuzz-base/base-builder:latest
#3 sha256:f10dc39cc9d418a5bc416dead31a1902b6821fdae909cd3b08f7a3fd1faba7b5
#3 DONE 0.4s

#10 [internal] load build context
#10 sha256:289d8b699d7039e3cd78dd58ceff9e321df8e02617053779f9caa6a6bf70ad55
#10 DONE 0.0s

#5 [1/6] FROM gcr.io/oss-fuzz-base/base-builder@sha256:4ad017ca53699eda684c1c444948c93a4af848fe34baee3a765d3c4693fe6a56
#5 sha256:3f10b3978a3951f6e2692fa5e5890ee5a755650381dedece7198ed0b1dcdaa8c
#5 DONE 0.0s

#4 importing cache manifest from gcr.io/fuzzbench/builders/benchmark/ots_ots
#4 sha256:a8e9732f9f8dfd6ba077d048e54b2ba50c4d8a50dccab85c3ccfc138a69e2fc4
#4 ERROR: gcr.io/fuzzbench/builders/benchmark/ots_ots:latest: not found

#5 [1/6] FROM gcr.io/oss-fuzz-base/base-builder@sha256:4ad017ca53699eda684c1c444948c93a4af848fe34baee3a765d3c4693fe6a56
#5 sha256:3f10b3978a3951f6e2692fa5e5890ee5a755650381dedece7198ed0b1dcdaa8c
#5 CACHED

#10 [internal] load build context
#10 sha256:289d8b699d7039e3cd78dd58ceff9e321df8e02617053779f9caa6a6bf70ad55
#10 transferring context: 1.19kB done
#10 DONE 0.1s

#6 [2/6] RUN apt-get update && apt-get install -y python3-pip pkg-config zlib1g-dev &&     pip3 install meson==0.52.0 ninja
#6 sha256:706a318a2528171c2acd70df05656252fa2d06ea28c549f17cbf77047c8665df
#6 0.730 Hit:1 http://archive.ubuntu.com/ubuntu focal InRelease
#6 0.730 Get:2 http://archive.ubuntu.com/ubuntu focal-updates InRelease [114 kB]
#6 0.730 Get:3 http://security.ubuntu.com/ubuntu focal-security InRelease [114 kB]
#6 0.730 Hit:4 http://ppa.launchpad.net/git-core/ppa/ubuntu focal InRelease
#6 0.808 Get:5 http://archive.ubuntu.com/ubuntu focal-backports InRelease [108 kB]
#6 1.263 Get:6 http://security.ubuntu.com/ubuntu focal-security/main amd64 Packages [1547 kB]
#6 1.419 Get:7 http://archive.ubuntu.com/ubuntu focal-updates/main amd64 Packages [1973 kB]
#6 1.601 Get:8 http://archive.ubuntu.com/ubuntu focal-updates/universe amd64 Packages [1134 kB]
#6 1.685 Get:9 http://archive.ubuntu.com/ubuntu focal-updates/main i386 Packages [752 kB]
#6 1.741 Get:10 http://archive.ubuntu.com/ubuntu focal-updates/universe i386 Packages [827 kB]
#6 1.802 Get:11 http://archive.ubuntu.com/ubuntu focal-backports/universe amd64 Packages [24.8 kB]
#6 1.804 Get:12 http://archive.ubuntu.com/ubuntu focal-backports/universe i386 Packages [13.1 kB]
#6 2.162 Fetched 6606 kB in 1s (4903 kB/s)
#6 2.162 Reading package lists...
#6 3.659 Reading package lists...
#6 5.081 Building dependency tree...
#6 5.292 Reading state information...
#6 5.504 The following additional packages will be installed:
#6 5.505   libexpat1-dev libpython3-dev libpython3.8 libpython3.8-dev python-pip-whl
#6 5.505   python3-dev python3-distutils python3-lib2to3 python3-setuptools
#6 5.505   python3-wheel python3.8-dev
#6 5.507 Suggested packages:
#6 5.507   python-setuptools-doc
#6 5.638 The following NEW packages will be installed:
#6 5.640   libexpat1-dev libpython3-dev libpython3.8 libpython3.8-dev pkg-config
#6 5.640   python-pip-whl python3-dev python3-distutils python3-lib2to3 python3-pip
#6 5.640   python3-setuptools python3-wheel python3.8-dev zlib1g-dev
#6 5.713 0 upgraded, 14 newly installed, 0 to remove and 0 not upgraded.
#6 5.713 Need to get 9018 kB of archives.
#6 5.713 After this operation, 34.9 MB of additional disk space will be used.
#6 5.713 Get:1 http://archive.ubuntu.com/ubuntu focal/main amd64 libexpat1-dev amd64 2.2.9-1build1 [116 kB]
#6 5.806 Get:2 http://archive.ubuntu.com/ubuntu focal-updates/main amd64 libpython3.8 amd64 3.8.10-0ubuntu1~20.04.2 [1625 kB]
#6 5.946 Get:3 http://archive.ubuntu.com/ubuntu focal-updates/main amd64 libpython3.8-dev amd64 3.8.10-0ubuntu1~20.04.2 [3950 kB]
#6 6.241 Get:4 http://archive.ubuntu.com/ubuntu focal/main amd64 libpython3-dev amd64 3.8.2-0ubuntu2 [7236 B]
#6 6.241 Get:5 http://archive.ubuntu.com/ubuntu focal/main amd64 pkg-config amd64 0.29.1-0ubuntu4 [45.5 kB]
#6 6.244 Get:6 http://archive.ubuntu.com/ubuntu focal-updates/universe amd64 python-pip-whl all 20.0.2-5ubuntu1.6 [1805 kB]
#6 6.378 Get:7 http://archive.ubuntu.com/ubuntu focal-updates/main amd64 zlib1g-dev amd64 1:1.2.11.dfsg-2ubuntu1.2 [155 kB]
#6 6.390 Get:8 http://archive.ubuntu.com/ubuntu focal-updates/main amd64 python3.8-dev amd64 3.8.10-0ubuntu1~20.04.2 [510 kB]
#6 6.428 Get:9 http://archive.ubuntu.com/ubuntu focal-updates/main amd64 python3-lib2to3 all 3.8.10-0ubuntu1~20.04 [76.3 kB]
#6 6.433 Get:10 http://archive.ubuntu.com/ubuntu focal-updates/main amd64 python3-distutils all 3.8.10-0ubuntu1~20.04 [141 kB]
#6 6.444 Get:11 http://archive.ubuntu.com/ubuntu focal/main amd64 python3-dev amd64 3.8.2-0ubuntu2 [1212 B]
#6 6.444 Get:12 http://archive.ubuntu.com/ubuntu focal/main amd64 python3-setuptools all 45.2.0-1 [330 kB]
#6 6.469 Get:13 http://archive.ubuntu.com/ubuntu focal/universe amd64 python3-wheel all 0.34.2-1 [23.8 kB]
#6 6.470 Get:14 http://archive.ubuntu.com/ubuntu focal-updates/universe amd64 python3-pip all 20.0.2-5ubuntu1.6 [231 kB]
#6 6.738 debconf: delaying package configuration, since apt-utils is not installed
#6 6.823 Fetched 9018 kB in 1s (10.8 MB/s)
#6 6.896 Selecting previously unselected package libexpat1-dev:amd64.
#6 6.896 (Reading database ... (Reading database ... 5%(Reading database ... 10%(Reading database ... 15%(Reading database ... 20%(Reading database ... 25%(Reading database ... 30%(Reading database ... 35%(Reading database ... 40%(Reading database ... 45%(Reading database ... 50%(Reading database ... 55%(Reading database ... 60%(Reading database ... 65%(Reading database ... 70%(Reading database ... 75%(Reading database ... 80%(Reading database ... 85%(Reading database ... 90%(Reading database ... 95%(Reading database ... 100%(Reading database ... 21291 files and directories currently installed.)
#6 6.917 Preparing to unpack .../00-libexpat1-dev_2.2.9-1build1_amd64.deb ...
#6 6.937 Unpacking libexpat1-dev:amd64 (2.2.9-1build1) ...
#6 7.100 Selecting previously unselected package libpython3.8:amd64.
#6 7.104 Preparing to unpack .../01-libpython3.8_3.8.10-0ubuntu1~20.04.2_amd64.deb ...
#6 7.137 Unpacking libpython3.8:amd64 (3.8.10-0ubuntu1~20.04.2) ...
#6 7.481 Selecting previously unselected package libpython3.8-dev:amd64.
#6 7.484 Preparing to unpack .../02-libpython3.8-dev_3.8.10-0ubuntu1~20.04.2_amd64.deb ...
#6 7.605 Unpacking libpython3.8-dev:amd64 (3.8.10-0ubuntu1~20.04.2) ...
#6 8.357 Selecting previously unselected package libpython3-dev:amd64.
#6 8.360 Preparing to unpack .../03-libpython3-dev_3.8.2-0ubuntu2_amd64.deb ...
#6 8.409 Unpacking libpython3-dev:amd64 (3.8.2-0ubuntu2) ...
#6 8.655 Selecting previously unselected package pkg-config.
#6 8.658 Preparing to unpack .../04-pkg-config_0.29.1-0ubuntu4_amd64.deb ...
#6 8.675 Unpacking pkg-config (0.29.1-0ubuntu4) ...
#6 8.798 Selecting previously unselected package python-pip-whl.
#6 8.801 Preparing to unpack .../05-python-pip-whl_20.0.2-5ubuntu1.6_all.deb ...
#6 8.818 Unpacking python-pip-whl (20.0.2-5ubuntu1.6) ...
#6 9.060 Selecting previously unselected package zlib1g-dev:amd64.
#6 9.063 Preparing to unpack .../06-zlib1g-dev_1%3a1.2.11.dfsg-2ubuntu1.2_amd64.deb ...
#6 9.081 Unpacking zlib1g-dev:amd64 (1:1.2.11.dfsg-2ubuntu1.2) ...
#6 9.212 Selecting previously unselected package python3.8-dev.
#6 9.215 Preparing to unpack .../07-python3.8-dev_3.8.10-0ubuntu1~20.04.2_amd64.deb ...
#6 9.233 Unpacking python3.8-dev (3.8.10-0ubuntu1~20.04.2) ...
#6 9.380 Selecting previously unselected package python3-lib2to3.
#6 9.383 Preparing to unpack .../08-python3-lib2to3_3.8.10-0ubuntu1~20.04_all.deb ...
#6 9.401 Unpacking python3-lib2to3 (3.8.10-0ubuntu1~20.04) ...
#6 9.564 Selecting previously unselected package python3-distutils.
#6 9.567 Preparing to unpack .../09-python3-distutils_3.8.10-0ubuntu1~20.04_all.deb ...
#6 9.585 Unpacking python3-distutils (3.8.10-0ubuntu1~20.04) ...
#6 9.723 Selecting previously unselected package python3-dev.
#6 9.727 Preparing to unpack .../10-python3-dev_3.8.2-0ubuntu2_amd64.deb ...
#6 9.745 Unpacking python3-dev (3.8.2-0ubuntu2) ...
#6 9.869 Selecting previously unselected package python3-setuptools.
#6 9.872 Preparing to unpack .../11-python3-setuptools_45.2.0-1_all.deb ...
#6 9.889 Unpacking python3-setuptools (45.2.0-1) ...
#6 10.07 Selecting previously unselected package python3-wheel.
#6 10.07 Preparing to unpack .../12-python3-wheel_0.34.2-1_all.deb ...
#6 10.09 Unpacking python3-wheel (0.34.2-1) ...
#6 10.47 Selecting previously unselected package python3-pip.
#6 10.47 Preparing to unpack .../13-python3-pip_20.0.2-5ubuntu1.6_all.deb ...
#6 10.49 Unpacking python3-pip (20.0.2-5ubuntu1.6) ...
#6 10.88 Setting up python3-wheel (0.34.2-1) ...
#6 11.21 Setting up libexpat1-dev:amd64 (2.2.9-1build1) ...
#6 11.32 Setting up libpython3.8:amd64 (3.8.10-0ubuntu1~20.04.2) ...
#6 11.38 Setting up pkg-config (0.29.1-0ubuntu4) ...
#6 11.53 Setting up zlib1g-dev:amd64 (1:1.2.11.dfsg-2ubuntu1.2) ...
#6 11.58 Setting up python-pip-whl (20.0.2-5ubuntu1.6) ...
#6 11.64 Setting up python3-lib2to3 (3.8.10-0ubuntu1~20.04) ...
#6 11.86 Setting up python3-distutils (3.8.10-0ubuntu1~20.04) ...
#6 12.09 Setting up python3-setuptools (45.2.0-1) ...
#6 12.53 Setting up libpython3.8-dev:amd64 (3.8.10-0ubuntu1~20.04.2) ...
#6 12.59 Setting up python3-pip (20.0.2-5ubuntu1.6) ...
#6 12.97 Setting up python3.8-dev (3.8.10-0ubuntu1~20.04.2) ...
#6 13.05 Setting up libpython3-dev:amd64 (3.8.2-0ubuntu2) ...
#6 13.12 Setting up python3-dev (3.8.2-0ubuntu2) ...
#6 13.19 Processing triggers for libc-bin (2.31-0ubuntu9.2) ...
#6 13.98 Collecting meson==0.52.0
#6 14.47   Downloading https://files.pythonhosted.org/packages/33/96/9961fb3afbd9a61cb7a216ce2dbf8e8bab45987fa475f5f2c8e6c7817604/meson-0.52.0.tar.gz (1.5MB)
#6 16.46 Collecting ninja
#6 16.63   Downloading https://files.pythonhosted.org/packages/52/65/d212822d0f29afecbad20cc3b3f41b8eeb4b47bea728602b8ce0b2d347f5/ninja-1.10.2.3-py2.py3-none-manylinux_2_5_x86_64.manylinux1_x86_64.whl (108kB)
#6 16.69 Installing collected packages: meson, ninja
#6 16.69   Running setup.py install for meson: started
#6 18.10     Running setup.py install for meson: finished with status 'done'
#6 18.46 Successfully installed meson-0.52.0 ninja-1.10.2.3
#6 18.71 WARNING: You are using pip version 19.2.3, however version 22.0.3 is available.
#6 18.71 You should consider upgrading via the 'pip install --upgrade pip' command.
#6 DONE 20.2s

#7 [3/6] RUN git clone --depth 1 https://github.com/khaledhosny/ots.git
#7 sha256:b8c299501c07b6e4cd9e608cdc144a484edcc89a3dc62244cfd66e3fdce05e7a
#7 0.579 Cloning into 'ots'...
#7 DONE 5.6s

#8 [4/6] WORKDIR ots
#8 sha256:7ae72f62b447014f38b2ae6045c26f161d282305fbb977323d0cb4f940771eb8
#8 DONE 0.9s

#9 [5/6] RUN git submodule update --init --recursive
#9 sha256:09be81e8af3f17243ed8240d3cf35795a96d35494e37b993c5c5bf9bedc9eabe
#9 DONE 0.9s

#11 [6/6] COPY build.sh ots-fuzzer.* /src/
#11 sha256:054d83ff2e71c5e1aea211377bdc79773cc6fe13ff41d240e98fe2ddc09e638d
#11 DONE 2.0s

#12 exporting to image
#12 sha256:e8c613e07b0b7ff33893b694f7759a10d42e180f2b4dc349fb57dc6b71dcab00
#12 exporting layers done
#12 writing image sha256:3a63c77e864eb927935b33a5fc3a3f99e0067aaa2a58f23a0bb2b94fa17b13aa
#12 writing image sha256:3a63c77e864eb927935b33a5fc3a3f99e0067aaa2a58f23a0bb2b94fa17b13aa 0.0s done
#12 naming to gcr.io/fuzzbench/builders/benchmark/ots_ots 0.0s done
#12 DONE 0.3s

#13 exporting cache
#13 sha256:2700d4ef94dee473593c5c614b55b2dedcca7893909811a8f2b48291a1f581e4
#13 preparing build cache for export done
#13 DONE 0.0s
------
 > importing cache manifest from gcr.io/fuzzbench/builders/benchmark/ots_ots:
------
#2 [internal] load .dockerignore
#2 sha256:5956c458ef874417d2ede76e0790f5e9a833b38b1174549a5c7ae6d6ed1df5b8
#2 transferring context: 2B done
#2 DONE 0.1s

#1 [internal] load build definition from builder.Dockerfile
#1 sha256:1cb4ac29c6a61860405b693f724aff28bc0204292f559230c14f4bcffc85aa2e
#1 transferring dockerfile: 46B done
#1 DONE 0.2s

#3 [internal] load metadata for gcr.io/fuzzbench/builders/benchmark/ots_ots:latest
#3 sha256:2f6f78d044ef4e499f16e9dd9a47762b3d64957a1ba0c7600a06ce6cf90bef44
#3 DONE 0.0s

#5 [1/3] FROM gcr.io/fuzzbench/builders/benchmark/ots_ots
#5 sha256:9eebb720f5b93bf539b5d934d6e5abc52503b168f6403639dacd1d9432330830
#5 DONE 0.0s

#4 importing cache manifest from gcr.io/fuzzbench/builders/afl/ots_ots-intermediate
#4 sha256:1cdf3714aaeb61aef01cbceafd6f23e49ef2ba339b4ac25c138161260e2cc072
#4 ERROR: gcr.io/fuzzbench/builders/afl/ots_ots-intermediate:latest: not found

#5 [1/3] FROM gcr.io/fuzzbench/builders/benchmark/ots_ots
#5 sha256:9eebb720f5b93bf539b5d934d6e5abc52503b168f6403639dacd1d9432330830
#5 DONE 1.2s

#6 [2/3] RUN git clone https://github.com/google/AFL.git /afl &&     cd /afl &&     git checkout 61037103ae3722c8060ff7082994836a794f978e &&     AFL_NO_X86=1 make
#6 sha256:df66aa2ce0cd6791b8497bb648ec92ad9f1952cbf3b74f8ffefa6d942bc485b6
#6 0.447 Cloning into '/afl'...
#6 1.502 Note: switching to '61037103ae3722c8060ff7082994836a794f978e'.
#6 1.502 
#6 1.502 You are in 'detached HEAD' state. You can look around, make experimental
#6 1.502 changes and commit them, and you can discard any commits you make in this
#6 1.502 state without impacting any branches by switching back to a branch.
#6 1.502 
#6 1.502 If you want to create a new branch to retain commits you create, you may
#6 1.502 do so (now or later) by using -c with the switch command. Example:
#6 1.502 
#6 1.502   git switch -c <new-branch-name>
#6 1.502 
#6 1.502 Or undo this operation with:
#6 1.502 
#6 1.502   git switch -
#6 1.502 
#6 1.502 Turn off this advice by setting config variable advice.detachedHead to false
#6 1.502 
#6 1.502 HEAD is now at 6103710 Fix a typo filename comparison in the fuzzer (#139)
#6 1.520 [!] Note: skipping x86 compilation checks (AFL_NO_X86 set).
#6 1.520 clang -O1 -fno-omit-frame-pointer -gline-tables-only -DFUZZING_BUILD_MODE_UNSAFE_FOR_PRODUCTION -Wall -D_FORTIFY_SOURCE=2 -g -Wno-pointer-sign -DAFL_PATH=\"/usr/local/lib/afl\" -DDOC_PATH=\"/usr/local/share/doc/afl\" -DBIN_PATH=\"/usr/local/bin\" afl-gcc.c -o afl-gcc -ldl
#6 1.694 set -e; for i in afl-g++ afl-clang afl-clang++; do ln -sf afl-gcc $i; done
#6 1.698 clang -O1 -fno-omit-frame-pointer -gline-tables-only -DFUZZING_BUILD_MODE_UNSAFE_FOR_PRODUCTION -Wall -D_FORTIFY_SOURCE=2 -g -Wno-pointer-sign -DAFL_PATH=\"/usr/local/lib/afl\" -DDOC_PATH=\"/usr/local/share/doc/afl\" -DBIN_PATH=\"/usr/local/bin\" afl-fuzz.c -o afl-fuzz -ldl
#6 4.105 clang -O1 -fno-omit-frame-pointer -gline-tables-only -DFUZZING_BUILD_MODE_UNSAFE_FOR_PRODUCTION -Wall -D_FORTIFY_SOURCE=2 -g -Wno-pointer-sign -DAFL_PATH=\"/usr/local/lib/afl\" -DDOC_PATH=\"/usr/local/share/doc/afl\" -DBIN_PATH=\"/usr/local/bin\" afl-showmap.c -o afl-showmap -ldl
#6 4.425 clang -O1 -fno-omit-frame-pointer -gline-tables-only -DFUZZING_BUILD_MODE_UNSAFE_FOR_PRODUCTION -Wall -D_FORTIFY_SOURCE=2 -g -Wno-pointer-sign -DAFL_PATH=\"/usr/local/lib/afl\" -DDOC_PATH=\"/usr/local/share/doc/afl\" -DBIN_PATH=\"/usr/local/bin\" afl-tmin.c -o afl-tmin -ldl
#6 4.852 clang -O1 -fno-omit-frame-pointer -gline-tables-only -DFUZZING_BUILD_MODE_UNSAFE_FOR_PRODUCTION -Wall -D_FORTIFY_SOURCE=2 -g -Wno-pointer-sign -DAFL_PATH=\"/usr/local/lib/afl\" -DDOC_PATH=\"/usr/local/share/doc/afl\" -DBIN_PATH=\"/usr/local/bin\" afl-gotcpu.c -o afl-gotcpu -ldl
#6 4.995 clang -O1 -fno-omit-frame-pointer -gline-tables-only -DFUZZING_BUILD_MODE_UNSAFE_FOR_PRODUCTION -Wall -D_FORTIFY_SOURCE=2 -g -Wno-pointer-sign -DAFL_PATH=\"/usr/local/lib/afl\" -DDOC_PATH=\"/usr/local/share/doc/afl\" -DBIN_PATH=\"/usr/local/bin\" afl-analyze.c -o afl-analyze -ldl
#6 5.389 clang -O1 -fno-omit-frame-pointer -gline-tables-only -DFUZZING_BUILD_MODE_UNSAFE_FOR_PRODUCTION -Wall -D_FORTIFY_SOURCE=2 -g -Wno-pointer-sign -DAFL_PATH=\"/usr/local/lib/afl\" -DDOC_PATH=\"/usr/local/share/doc/afl\" -DBIN_PATH=\"/usr/local/bin\" afl-as.c -o afl-as -ldl
#6 5.620 ln -sf afl-as as
#6 5.622 [!] Note: skipping build tests (you may need to use LLVM or QEMU mode).
#6 5.625 [+] LLVM users: see llvm_mode/README.llvm for a faster alternative to afl-gcc.
#6 5.626 [+] All done! Be sure to review README - it's pretty short and useful.
#6 DONE 8.5s

#7 [3/3] RUN apt-get update &&     apt-get install wget -y &&     wget https://raw.githubusercontent.com/llvm/llvm-project/5feb80e748924606531ba28c97fe65145c65372e/compiler-rt/lib/fuzzer/afl/afl_driver.cpp -O /afl/afl_driver.cpp &&     clang -Wno-pointer-sign -c /afl/llvm_mode/afl-llvm-rt.o.c -I/afl &&     clang++ -stdlib=libc++ -std=c++11 -O2 -c /afl/afl_driver.cpp &&     ar r /libAFL.a *.o
#7 sha256:e7ae1a5a7e69ca6e42841473ab112fa136281ba24312287c44d431691b5f71dc
#7 0.742 Hit:1 http://ppa.launchpad.net/git-core/ppa/ubuntu focal InRelease
#7 0.742 Hit:2 http://archive.ubuntu.com/ubuntu focal InRelease
#7 0.743 Hit:3 http://archive.ubuntu.com/ubuntu focal-updates InRelease
#7 0.744 Hit:4 http://archive.ubuntu.com/ubuntu focal-backports InRelease
#7 0.847 Hit:5 http://security.ubuntu.com/ubuntu focal-security InRelease
#7 1.884 Reading package lists...
#7 3.376 Reading package lists...
#7 4.800 Building dependency tree...
#7 5.021 Reading state information...
#7 5.265 wget is already the newest version (1.20.3-1ubuntu2).
#7 5.265 0 upgraded, 0 newly installed, 0 to remove and 0 not upgraded.
#7 5.270 --2022-02-16 20:51:18--  https://raw.githubusercontent.com/llvm/llvm-project/5feb80e748924606531ba28c97fe65145c65372e/compiler-rt/lib/fuzzer/afl/afl_driver.cpp
#7 5.273 Resolving raw.githubusercontent.com (raw.githubusercontent.com)... 185.199.108.133, 185.199.109.133, 185.199.110.133, ...
#7 5.275 Connecting to raw.githubusercontent.com (raw.githubusercontent.com)|185.199.108.133|:443... connected.
#7 5.299 HTTP request sent, awaiting response... 200 OK
#7 5.476 Length: 9177 (9.0K) [text/plain]
#7 5.476 Saving to: '/afl/afl_driver.cpp'
#7 5.476 
#7 5.476      0K ........                                              100% 10.7M=0.001s
#7 5.477 
#7 5.477 2022-02-16 20:51:18 (10.7 MB/s) - '/afl/afl_driver.cpp' saved [9177/9177]
#7 5.477 
#7 7.227 ar: creating /libAFL.a
#7 DONE 7.8s

#8 exporting to image
#8 sha256:e8c613e07b0b7ff33893b694f7759a10d42e180f2b4dc349fb57dc6b71dcab00
#8 exporting layers done
#8 writing image sha256:0db86c1f427e9acff0abc48ca9dc85869b6e9afa64c2288efef42096aa574bb1 0.0s done
#8 naming to gcr.io/fuzzbench/builders/afl/ots_ots-intermediate 0.0s done
#8 DONE 0.3s

#9 exporting cache
#9 sha256:2700d4ef94dee473593c5c614b55b2dedcca7893909811a8f2b48291a1f581e4
#9 preparing build cache for export done
#9 DONE 0.0s
------
 > importing cache manifest from gcr.io/fuzzbench/builders/afl/ots_ots-intermediate:
------
#2 [internal] load .dockerignore
#2 sha256:b02f60e92b73a7df1e57cbf1ec2fce776bf83ba35e324a58d412b221d9321eb3
#2 transferring context: 34B done
#2 DONE 0.2s

#1 [internal] load build definition from Dockerfile
#1 sha256:5938c1306d4ee0cbe0a7dfd947eef314c55b126119fa5dc23a47cbd15ab85742
#1 transferring dockerfile: 2.00kB done
#1 DONE 0.2s

#3 [internal] load metadata for docker.io/library/ubuntu:xenial
#3 sha256:f62bae18ed588840f045c881b2502661f2a89578a2f8f99b83f5200ee83dd25b
#3 DONE 0.0s

#5 [1/7] FROM docker.io/library/ubuntu:xenial
#5 sha256:14dd403f25ae9e519bd44f27dc17af7ce80f5a4f9f48ca88108364e67ec5d360
#5 DONE 0.0s

#4 importing cache manifest from gcr.io/fuzzbench/base-image
#4 sha256:9b220ebb4d4daceed1b96df9b6dca076e762f1cd612574f010b82d5b9e5ad896
#4 DONE 0.0s

#8 [internal] load build context
#8 sha256:a60b20a3c2c5a4980000cc9c900c0ec120bc075731d921a1879a48f3ebea2544
#8 transferring context: 559B 0.0s done
#8 DONE 0.1s

#10 [5/7] RUN pip3 install -r /requirements.txt
#10 sha256:be289d4cf2b791c3192fb03e49d77b3424bd104830fe03eaf74cd9826a7d8d0e
#10 CACHED

#11 [6/7] RUN apt-get update -y && apt-get install -y     apt-transport-https     lsb-release
#11 sha256:d749b00bbe2f889e8ec5094dd66809e784014c7c05964fe8b94d6f626e99653a
#11 CACHED

#6 [2/7] RUN apt-get update -y && apt-get install -y     build-essential     rsync     curl     zlib1g-dev     libncurses5-dev     libgdbm-dev     libnss3-dev     libssl-dev     libreadline-dev     libffi-dev     virtualenv     libbz2-dev     liblzma-dev     libsqlite3-dev
#6 sha256:3a1b0960f17eed529eaae93dc8fd3554f2743dd584d8fa569cdbe6bc734371ac
#6 CACHED

#7 [3/7] RUN cd /tmp/ &&     curl -O https://www.python.org/ftp/python/3.8.6/Python-3.8.6.tar.xz &&     tar -xvf Python-3.8.6.tar.xz &&     cd Python-3.8.6 &&     ./configure --enable-loadable-sqlite-extensions --enable-optimizations &&     make -j install &&     rm -r /tmp/Python-3.8.6.tar.xz /tmp/Python-3.8.6
#7 sha256:c5b9d1fb3371e84dbc60b76e7b2f8d5913bc93bcd4910ab65daa03e7b2ec4bb0
#7 CACHED

#9 [4/7] COPY ./requirements.txt /
#9 sha256:070d64087c7541ab0c92199bc00dfd045f561d9da77ec8a89f6955a7fe32a980
#9 CACHED

#12 [7/7] RUN CLOUD_SDK_REPO="cloud-sdk-$(lsb_release -c -s)" &&     echo "deb https://packages.cloud.google.com/apt $CLOUD_SDK_REPO main"     | tee -a /etc/apt/sources.list.d/google-cloud-sdk.list &&     curl https://packages.cloud.google.com/apt/doc/apt-key.gpg     | apt-key add - &&     apt-get update -y &&     apt-get install -y google-cloud-sdk
#12 sha256:35aa16b3edef3496a0a3857d8962f0633c55e7b5f9933f61687b90b7edf404b0
#12 CACHED

#13 exporting to image
#13 sha256:e8c613e07b0b7ff33893b694f7759a10d42e180f2b4dc349fb57dc6b71dcab00
#13 exporting layers done
#13 writing image sha256:139540fb22a119f888cb3e5ed6e013e8d868574697f5fb839e5da9e23de73e0a
#13 writing image sha256:139540fb22a119f888cb3e5ed6e013e8d868574697f5fb839e5da9e23de73e0a 0.0s done
#13 naming to gcr.io/fuzzbench/base-image done
#13 DONE 0.1s

#14 exporting cache
#14 sha256:2700d4ef94dee473593c5c614b55b2dedcca7893909811a8f2b48291a1f581e4
#14 preparing build cache for export done
#14 DONE 0.0s
#1 [internal] load build definition from Dockerfile
#1 sha256:73d0449dd434fcbed5cd6ce891bf8d510e8bb814d6f927718a1ff24ecafd368a
#1 transferring dockerfile: 2.22kB done
#1 DONE 0.1s

#2 [internal] load .dockerignore
#2 sha256:080598d9392441c0e50443f97682198a2ebb781cb6ec545c6228df9cdb637423
#2 transferring context: 34B done
#2 DONE 0.1s

#4 [internal] load metadata for gcr.io/fuzzbench/base-image:latest
#4 sha256:932022888f650cc455b10eb5123bb08c0cccacac29a693e69314abbfd28a72c3
#4 DONE 0.0s

#3 [internal] load metadata for gcr.io/fuzzbench/builders/afl/ots_ots-intermediate:latest
#3 sha256:b332f74010a6fd9b03cd23d109df952e3377f1377a783e061753646df7e6e156
#3 DONE 0.0s

#12 [internal] load build context
#12 sha256:860cc754c4b9b466be2e6e17e0750e520a036122b4b911b32308a0315ac91d55
#12 DONE 0.0s

#7 [base-image 1/1] FROM gcr.io/fuzzbench/base-image
#7 sha256:4d07825694520f8b6f6a0d8592dbd345433361ae044cb7f06706c5a95e3daaad
#7 DONE 0.0s

#6 [stage-1  1/13] FROM gcr.io/fuzzbench/builders/afl/ots_ots-intermediate
#6 sha256:68052655fa42c2c5a85ae6790e129faed30631af1e9fe53a047c7e8e3fdcbce5
#6 DONE 0.0s

#5 importing cache manifest from gcr.io/fuzzbench/builders/afl/ots_ots
#5 sha256:ccbc6168b36e24416c0d6edb75862e4d914ccf752b790e522c2c35f9968085b6
#5 ERROR: gcr.io/fuzzbench/builders/afl/ots_ots:latest: not found

#7 [base-image 1/1] FROM gcr.io/fuzzbench/base-image
#7 sha256:4d07825694520f8b6f6a0d8592dbd345433361ae044cb7f06706c5a95e3daaad
#7 CACHED

#12 [internal] load build context
#12 sha256:860cc754c4b9b466be2e6e17e0750e520a036122b4b911b32308a0315ac91d55
#12 transferring context: 669.84kB 0.1s done
#12 DONE 0.2s

#6 [stage-1  1/13] FROM gcr.io/fuzzbench/builders/afl/ots_ots-intermediate
#6 sha256:68052655fa42c2c5a85ae6790e129faed30631af1e9fe53a047c7e8e3fdcbce5
#6 DONE 1.0s

#8 [stage-1  2/13] COPY --from=base-image /usr/local/bin/python3* /usr/local/bin/
#8 sha256:5fab5cf5f8ebb4c3439b190f666f37730785e7a9c56b483eba82ef5cfda4449d
#8 DONE 0.8s

#9 [stage-1  3/13] COPY --from=base-image /usr/local/lib/python3.8 /usr/local/lib/python3.8
#9 sha256:6b6ecc1e88049cc8282d365d0d3de3800621b42b028d28caf9de10994c717c70
#9 DONE 38.4s

#10 [stage-1  4/13] COPY --from=base-image /usr/local/include/python3.8 /usr/local/include/python3.8
#10 sha256:3dc612db3c6e346df58addf42db56e08210dd1e96f68b97b84bb5965042e5dac
#10 DONE 0.4s

#11 [stage-1  5/13] COPY --from=base-image /usr/local/lib/python3.8/site-packages /usr/local/lib/python3.8/site-packages
#11 sha256:0df71c1e5eda665b116fb8263bf00b1a7d38d11433e7c386468b673aa760a1a0
#11 DONE 51.7s

#13 [stage-1  6/13] COPY fuzzers /src/fuzzers
#13 sha256:f43dad59eb1ea04d74158240174a437166c812e1991dd3832a49f2b13379a46c
#13 DONE 0.4s

#14 [stage-1  7/13] RUN touch /src/__init__.py
#14 sha256:675a97119ca283001fda8271907dccb05fc79a8ba3f91d1f45d5ab84509554fd
#14 DONE 2.4s

#15 [stage-1  8/13] COPY benchmarks/ots_ots/benchmark.yaml /
#15 sha256:0187a07e51d860cc2100afbd0de2e5bedf681de9b8402e76c64e629bf8787151
#15 DONE 1.6s

#16 [stage-1  9/13] RUN mkdir /opt/fuzzbench/
#16 sha256:37b637702856ae232e16c1d3e59234d09f22f62752ff9facbf860887208dd300
#16 DONE 0.7s

#17 [stage-1 10/13] COPY docker/benchmark-builder/checkout_commit.py /opt/fuzzbench/
#17 sha256:4ef96545f8b762dfb2927d66f0681beb8b058031089f461cd10d82ad89dca860
#17 DONE 1.9s

#18 [stage-1 11/13] RUN export CHECKOUT_COMMIT=$(cat /benchmark.yaml | tr -d ' ' | grep 'commit:' | cut -d ':' -f2) &&     python3 -u /opt/fuzzbench/checkout_commit.py $CHECKOUT_COMMIT /src
#18 sha256:c64298ff7bbd0f14f42642e1a892a84c763d58f535951460b8a188de04364b3c
#18 0.577 Checking out commit 84faf557
#18 2.345 From https://github.com/khaledhosny/ots
#18 2.345  * [new tag]         chrome-19  -> chrome-19
#18 2.345  * [new tag]         chrome-20  -> chrome-20
#18 2.346  * [new tag]         chrome-22  -> chrome-22
#18 2.346  * [new tag]         chrome-23  -> chrome-23
#18 2.346  * [new tag]         chrome-26  -> chrome-26
#18 2.347  * [new tag]         chrome-29  -> chrome-29
#18 2.347  * [new tag]         chrome-32  -> chrome-32
#18 2.347  * [new tag]         chrome-33  -> chrome-33
#18 2.348  * [new tag]         chrome-42  -> chrome-42
#18 2.348  * [new tag]         firefox-17 -> firefox-17
#18 2.348  * [new tag]         firefox-28 -> firefox-28
#18 2.349  * [new tag]         firefox-32 -> firefox-32
#18 2.349  * [new tag]         firefox-33 -> firefox-33
#18 2.349  * [new tag]         firefox-34 -> firefox-34
#18 2.350  * [new tag]         firefox-36 -> firefox-36
#18 2.350  * [new tag]         v4.0.0     -> v4.0.0
#18 2.350  * [new tag]         v4.0.1     -> v4.0.1
#18 2.351  * [new tag]         v5.0.0     -> v5.0.0
#18 2.351  * [new tag]         v5.0.1     -> v5.0.1
#18 2.351  * [new tag]         v5.1.0     -> v5.1.0
#18 2.352  * [new tag]         v5.2.0     -> v5.2.0
#18 2.352  * [new tag]         v6.0.0     -> v6.0.0
#18 2.352  * [new tag]         v6.1.0     -> v6.1.0
#18 2.352  * [new tag]         v6.1.1     -> v6.1.1
#18 2.353  * [new tag]         v7.0.0     -> v7.0.0
#18 2.353  * [new tag]         v7.1.7     -> v7.1.7
#18 2.353  * [new tag]         v7.1.8     -> v7.1.8
#18 2.353  * [new tag]         v7.1.9     -> v7.1.9
#18 2.354  * [new tag]         v8.0.0     -> v8.0.0
#18 2.354  * [new tag]         v8.1.0     -> v8.1.0
#18 2.354  * [new tag]         v8.1.1     -> v8.1.1
#18 2.355  * [new tag]         v8.1.2     -> v8.1.2
#18 2.355  * [new tag]         v8.1.3     -> v8.1.3
#18 2.355  * [new tag]         v8.1.4     -> v8.1.4
#18 2.355  * [new tag]         v8.2.0     -> v8.2.0
#18 2.356  * [new tag]         v8.2.1     -> v8.2.1
#18 2.363 error: pathspec '84faf557' did not match any file(s) known to git
#18 2.368 error: pathspec '84faf557' did not match any file(s) known to git
#18 2.375 error: pathspec '84faf557' did not match any file(s) known to git
#18 2.419 Checkout unsuccessful.
#18 DONE 2.7s

#19 [stage-1 12/13] RUN echo "#!/bin/bash\nPYTHONPATH=/src python3 -u -c "from fuzzers import utils; utils.initialize_env(); from fuzzers.afl import fuzzer; fuzzer.build()"" > /usr/bin/fuzzer_build &&     chmod +x /usr/bin/fuzzer_build
#19 sha256:46637e67533505e572bab4c4465e2716267201a3cb43103aafe1c23291c44235
#19 DONE 1.1s

#20 [stage-1 13/13] RUN echo "Run fuzzer_build to build the target" && if [ -z "$debug_builder" ] ; then fuzzer_build; fi
#20 sha256:89a159c613a7e67b60e86acfceee4b93af5ffb464e6f60fe67f78754205fe7c8
#20 0.560 Run fuzzer_build to build the target
#20 0.673 FUZZ_TARGET = ots
#20 0.673 CFLAGS = -DFUZZING_BUILD_MODE_UNSAFE_FOR_PRODUCTION -pthread -Wl,--no-as-needed -Wl,-ldl -Wl,-lm -Wno-unused-command-line-argument -O3
#20 0.673 CXXFLAGS = -DFUZZING_BUILD_MODE_UNSAFE_FOR_PRODUCTION -pthread -Wl,--no-as-needed -Wl,-ldl -Wl,-lm -Wno-unused-command-line-argument -stdlib=libc++ -O3
#20 0.677 Building benchmark ots_ots with fuzzer afl
#20 0.681 + build=/work/build
#20 0.681 + rm -rf /work/build
#20 0.682 + mkdir -p /work/build
#20 0.685 ++ echo /libAFL.a
#20 0.685 + meson -Dfuzzer_ldflags=/libAFL.a --wrap-mode=forcefallback /work/build
#20 1.129 Traceback (most recent call last):
#20 1.129   File "/usr/local/bin/meson", line 11, in <module>
#20 1.129     load_entry_point('meson==0.52.0', 'console_scripts', 'meson')()
#20 1.129   File "/usr/local/lib/python3.8/site-packages/pkg_resources/__init__.py", line 488, in load_entry_point
#20 1.129     return get_distribution(dist).load_entry_point(group, name)
#20 1.129   File "/usr/local/lib/python3.8/site-packages/pkg_resources/__init__.py", line 2861, in load_entry_point
#20 1.129     return ep.load()
#20 1.129   File "/usr/local/lib/python3.8/site-packages/pkg_resources/__init__.py", line 2461, in load
#20 1.129     return self.resolve()
#20 1.129   File "/usr/local/lib/python3.8/site-packages/pkg_resources/__init__.py", line 2467, in resolve
#20 1.129     module = __import__(self.module_name, fromlist=['__name__'], level=0)
#20 1.129   File "/usr/local/lib/python3.8/site-packages/mesonbuild/mesonmain.py", line 25, in <module>
#20 1.129     from . import mconf, mdist, minit, minstall, mintro, msetup, mtest, rewriter, msubprojects, munstable_coredata
#20 1.129   File "/usr/local/lib/python3.8/site-packages/mesonbuild/mconf.py", line 16, in <module>
#20 1.129     from . import coredata, environment, mesonlib, build, mintro, mlog
#20 1.129   File "/usr/local/lib/python3.8/site-packages/mesonbuild/build.py", line 24, in <module>
#20 1.129     from . import dependencies
#20 1.129   File "/usr/local/lib/python3.8/site-packages/mesonbuild/dependencies/__init__.py", line 15, in <module>
#20 1.129     from .boost import BoostDependency
#20 1.129   File "/usr/local/lib/python3.8/site-packages/mesonbuild/dependencies/boost.py", line 24, in <module>
#20 1.129     from .base import (DependencyException, ExternalDependency)
#20 1.129   File "/usr/local/lib/python3.8/site-packages/mesonbuild/dependencies/base.py", line 35, in <module>
#20 1.129     from ..cmake import CMakeExecutor, CMakeTraceParser, CMakeException
#20 1.129   File "/usr/local/lib/python3.8/site-packages/mesonbuild/cmake/__init__.py", line 30, in <module>
#20 1.129     from .client import CMakeClient
#20 1.129   File "/usr/local/lib/python3.8/site-packages/mesonbuild/cmake/client.py", line 19, in <module>
#20 1.129     from .executor import CMakeExecutor
#20 1.129   File "/usr/local/lib/python3.8/site-packages/mesonbuild/cmake/executor.py", line 27, in <module>
#20 1.129     import re, os, shutil, ctypes
#20 1.129   File "/usr/local/lib/python3.8/ctypes/__init__.py", line 7, in <module>
#20 1.129     from _ctypes import Union, Structure, Array
#20 1.129 ImportError: libffi.so.6: cannot open shared object file: No such file or directory
#20 1.152 + cat build/meson-logs/meson-log.txt
#20 1.153 cat: build/meson-logs/meson-log.txt: No such file or directory
#20 1.154 Traceback (most recent call last):
#20 1.154   File "<string>", line 1, in <module>
#20 1.154   File "/src/fuzzers/afl/fuzzer.py", line 40, in build
#20 1.154     utils.build_benchmark()
#20 1.154   File "/src/fuzzers/utils.py", line 82, in build_benchmark
#20 1.155     subprocess.check_call(['/bin/bash', '-ex', build_script], env=env)
#20 1.155   File "/usr/local/lib/python3.8/subprocess.py", line 364, in check_call
#20 1.155     raise CalledProcessError(retcode, cmd)
#20 1.155 subprocess.CalledProcessError: Command '['/bin/bash', '-ex', '/src/build.sh']' returned non-zero exit status 1.
#20 ERROR: executor failed running [/bin/sh -c echo "Run fuzzer_build to build the target" && if [ -z "$debug_builder" ] ; then fuzzer_build; fi]: exit code: 1
------
 > importing cache manifest from gcr.io/fuzzbench/builders/afl/ots_ots:
------
------
 > [stage-1 13/13] RUN echo "Run fuzzer_build to build the target" && if [ -z "$debug_builder" ] ; then fuzzer_build; fi:
------
executor failed running [/bin/sh -c echo "Run fuzzer_build to build the target" && if [ -z "$debug_builder" ] ; then fuzzer_build; fi]: exit code: 1
make: *** [docker/generated.mk:2764114: .afl-ots_ots-builder] Error 1
/bin/sh: 1: source: not found
#2 [internal] load .dockerignore
#2 sha256:aa8e73a49e7fbeb0503bba29ac09af03006280903742f927b47e6c2a73c7b4ec
#2 transferring context:
#2 transferring context: 2B done
#2 DONE 3.6s

#1 [internal] load build definition from Dockerfile
#1 sha256:164683e1618755331bfc9ee8792dd5f92c4595f2599151b14b887973348dd649
#1 transferring dockerfile: 32B done
#1 DONE 4.5s

#3 [internal] load metadata for gcr.io/oss-fuzz-base/base-builder:latest
#3 sha256:f10dc39cc9d418a5bc416dead31a1902b6821fdae909cd3b08f7a3fd1faba7b5
#3 DONE 1.1s

#5 [1/6] FROM gcr.io/oss-fuzz-base/base-builder@sha256:4ad017ca53699eda684c1c444948c93a4af848fe34baee3a765d3c4693fe6a56
#5 sha256:3f10b3978a3951f6e2692fa5e5890ee5a755650381dedece7198ed0b1dcdaa8c
#5 DONE 0.0s

#4 importing cache manifest from gcr.io/fuzzbench/builders/benchmark/ots_ots
#4 sha256:a8e9732f9f8dfd6ba077d048e54b2ba50c4d8a50dccab85c3ccfc138a69e2fc4
#4 DONE 0.0s

#10 [internal] load build context
#10 sha256:118a6c04f4a0425bd7458c98a8af3473205969884dd6b5e6cdba61d5c1df0029
#10 transferring context: 67B done
#10 DONE 1.8s

#7 [3/6] RUN git clone --depth 1 https://github.com/khaledhosny/ots.git
#7 sha256:b8c299501c07b6e4cd9e608cdc144a484edcc89a3dc62244cfd66e3fdce05e7a
#7 CACHED

#8 [4/6] WORKDIR ots
#8 sha256:7ae72f62b447014f38b2ae6045c26f161d282305fbb977323d0cb4f940771eb8
#8 CACHED

#9 [5/6] RUN git submodule update --init --recursive
#9 sha256:09be81e8af3f17243ed8240d3cf35795a96d35494e37b993c5c5bf9bedc9eabe
#9 CACHED

#6 [2/6] RUN apt-get update && apt-get install -y python3-pip pkg-config zlib1g-dev &&     pip3 install meson==0.52.0 ninja
#6 sha256:706a318a2528171c2acd70df05656252fa2d06ea28c549f17cbf77047c8665df
#6 CACHED

#11 [6/6] COPY build.sh ots-fuzzer.* /src/
#11 sha256:e394c23d1ac37cad2f73d4e7747d06c901d1162c407b4ae211de75cb4a5bdc27
#11 CACHED

#12 exporting to image
#12 sha256:e8c613e07b0b7ff33893b694f7759a10d42e180f2b4dc349fb57dc6b71dcab00
#12 exporting layers done
#12 writing image sha256:3a63c77e864eb927935b33a5fc3a3f99e0067aaa2a58f23a0bb2b94fa17b13aa
#12 writing image sha256:3a63c77e864eb927935b33a5fc3a3f99e0067aaa2a58f23a0bb2b94fa17b13aa 0.0s done
#12 naming to gcr.io/fuzzbench/builders/benchmark/ots_ots done
#12 DONE 2.0s

#13 exporting cache
#13 sha256:2700d4ef94dee473593c5c614b55b2dedcca7893909811a8f2b48291a1f581e4
#13 preparing build cache for export done
#13 DONE 0.0s
#2 [internal] load .dockerignore
#2 sha256:4aa3801666a9ff0451ab60d41866742ffd16abede102998e044a309bf568119b
#2 transferring context: 2B done
#2 DONE 0.5s

#1 [internal] load build definition from builder.Dockerfile
#1 sha256:259208ec0e24693b91f457a8b5b1fb9392099615d4ce1346d1617b863961a473
#1 transferring dockerfile: 46B done
#1 DONE 0.6s

#3 [internal] load metadata for gcr.io/fuzzbench/builders/benchmark/ots_ots:latest
#3 sha256:2f6f78d044ef4e499f16e9dd9a47762b3d64957a1ba0c7600a06ce6cf90bef44
#3 DONE 0.0s

#5 [1/3] FROM gcr.io/fuzzbench/builders/benchmark/ots_ots
#5 sha256:9eebb720f5b93bf539b5d934d6e5abc52503b168f6403639dacd1d9432330830
#5 DONE 0.0s

#4 importing cache manifest from gcr.io/fuzzbench/builders/afl/ots_ots-intermediate
#4 sha256:1cdf3714aaeb61aef01cbceafd6f23e49ef2ba339b4ac25c138161260e2cc072
#4 DONE 0.0s

#6 [2/3] RUN git clone https://github.com/google/AFL.git /afl &&     cd /afl &&     git checkout 61037103ae3722c8060ff7082994836a794f978e &&     AFL_NO_X86=1 make
#6 sha256:df66aa2ce0cd6791b8497bb648ec92ad9f1952cbf3b74f8ffefa6d942bc485b6
#6 CACHED

#7 [3/3] RUN apt-get update &&     apt-get install wget -y &&     wget https://raw.githubusercontent.com/llvm/llvm-project/5feb80e748924606531ba28c97fe65145c65372e/compiler-rt/lib/fuzzer/afl/afl_driver.cpp -O /afl/afl_driver.cpp &&     clang -Wno-pointer-sign -c /afl/llvm_mode/afl-llvm-rt.o.c -I/afl &&     clang++ -stdlib=libc++ -std=c++11 -O2 -c /afl/afl_driver.cpp &&     ar r /libAFL.a *.o
#7 sha256:e7ae1a5a7e69ca6e42841473ab112fa136281ba24312287c44d431691b5f71dc
#7 CACHED

#8 exporting to image
#8 sha256:e8c613e07b0b7ff33893b694f7759a10d42e180f2b4dc349fb57dc6b71dcab00
#8 exporting layers done
#8 writing image sha256:0db86c1f427e9acff0abc48ca9dc85869b6e9afa64c2288efef42096aa574bb1 0.0s done
#8 naming to gcr.io/fuzzbench/builders/afl/ots_ots-intermediate done
#8 DONE 0.5s

#9 exporting cache
#9 sha256:2700d4ef94dee473593c5c614b55b2dedcca7893909811a8f2b48291a1f581e4
#9 preparing build cache for export done
#9 DONE 0.0s
#2 [internal] load .dockerignore
#2 sha256:0f2bef0cbd1d70536deb6825f5d1e6d1482b0239ac521b6779120a49c91345f0
#2 transferring context: 34B done
#2 DONE 2.0s

#1 [internal] load build definition from Dockerfile
#1 sha256:04de3bb00cfc6960e3b0c654af4a62a74075aa7e1d4d9118d9fb2faab2d45e27
#1 transferring dockerfile: 2.00kB done
#1 DONE 2.2s

#3 [internal] load metadata for docker.io/library/ubuntu:xenial
#3 sha256:f62bae18ed588840f045c881b2502661f2a89578a2f8f99b83f5200ee83dd25b
#3 DONE 0.0s

#5 [1/7] FROM docker.io/library/ubuntu:xenial
#5 sha256:14dd403f25ae9e519bd44f27dc17af7ce80f5a4f9f48ca88108364e67ec5d360
#5 DONE 0.0s

#4 importing cache manifest from gcr.io/fuzzbench/base-image
#4 sha256:9b220ebb4d4daceed1b96df9b6dca076e762f1cd612574f010b82d5b9e5ad896
#4 DONE 0.0s

#8 [internal] load build context
#8 sha256:e5f45985e852cbb8a64fc429fc3f3eb5bce7900e74417108165493612e5d9d4e
#8 transferring context: 559B 0.0s done
#8 DONE 0.2s

#6 [2/7] RUN apt-get update -y && apt-get install -y     build-essential     rsync     curl     zlib1g-dev     libncurses5-dev     libgdbm-dev     libnss3-dev     libssl-dev     libreadline-dev     libffi-dev     virtualenv     libbz2-dev     liblzma-dev     libsqlite3-dev
#6 sha256:3a1b0960f17eed529eaae93dc8fd3554f2743dd584d8fa569cdbe6bc734371ac
#6 CACHED

#7 [3/7] RUN cd /tmp/ &&     curl -O https://www.python.org/ftp/python/3.8.6/Python-3.8.6.tar.xz &&     tar -xvf Python-3.8.6.tar.xz &&     cd Python-3.8.6 &&     ./configure --enable-loadable-sqlite-extensions --enable-optimizations &&     make -j install &&     rm -r /tmp/Python-3.8.6.tar.xz /tmp/Python-3.8.6
#7 sha256:c5b9d1fb3371e84dbc60b76e7b2f8d5913bc93bcd4910ab65daa03e7b2ec4bb0
#7 CACHED

#9 [4/7] COPY ./requirements.txt /
#9 sha256:0f5707ccc7dd459dbb45acafa77ed357e1d08ae6dfcd716b784e99ff46e76573
#9 CACHED

#10 [5/7] RUN pip3 install -r /requirements.txt
#10 sha256:51d4ed9801e06804f5767c875022e816ab203a0d1f9a1d75fb197e66fad0ab40
#10 CACHED

#11 [6/7] RUN apt-get update -y && apt-get install -y     apt-transport-https     lsb-release
#11 sha256:15205182b70d591598b880e14b0b28f7be46d0a1f7e8f95d7691fe38be2a1f02
#11 CACHED

#12 [7/7] RUN CLOUD_SDK_REPO="cloud-sdk-$(lsb_release -c -s)" &&     echo "deb https://packages.cloud.google.com/apt $CLOUD_SDK_REPO main"     | tee -a /etc/apt/sources.list.d/google-cloud-sdk.list &&     curl https://packages.cloud.google.com/apt/doc/apt-key.gpg     | apt-key add - &&     apt-get update -y &&     apt-get install -y google-cloud-sdk
#12 sha256:973ef143f1ec2e1e6c46b530350aa8630a32d1fde0f1b6644d4d5c7f3575f539
#12 CACHED

#13 exporting to image
#13 sha256:e8c613e07b0b7ff33893b694f7759a10d42e180f2b4dc349fb57dc6b71dcab00
#13 exporting layers done
#13 writing image sha256:139540fb22a119f888cb3e5ed6e013e8d868574697f5fb839e5da9e23de73e0a 0.0s done
#13 naming to gcr.io/fuzzbench/base-image done
#13 DONE 0.2s

#14 exporting cache
#14 sha256:2700d4ef94dee473593c5c614b55b2dedcca7893909811a8f2b48291a1f581e4
#14 preparing build cache for export done
#14 DONE 0.0s
#1 [internal] load build definition from Dockerfile
#1 sha256:7374e0e9090797148c5ba28ab49e37ea9465a472242bf55087febc23f412fc25
#1 transferring dockerfile: 2.22kB done
#1 DONE 0.1s

#2 [internal] load .dockerignore
#2 sha256:efd6685ad46559c23bee54b154dcfeaf29fe0bc6f420c5275b5d30ea14e32733
#2 transferring context: 34B done
#2 DONE 0.2s

#4 [internal] load metadata for gcr.io/fuzzbench/base-image:latest
#4 sha256:932022888f650cc455b10eb5123bb08c0cccacac29a693e69314abbfd28a72c3
#4 DONE 0.0s

#3 [internal] load metadata for gcr.io/fuzzbench/builders/afl/ots_ots-intermediate:latest
#3 sha256:b332f74010a6fd9b03cd23d109df952e3377f1377a783e061753646df7e6e156
#3 DONE 0.0s

#12 [internal] load build context
#12 sha256:6ce06503dff74cef0b7018f9fd03c4df6be1273a48377775c7f06cec6284d203
#12 DONE 0.0s

#7 [base-image 1/1] FROM gcr.io/fuzzbench/base-image
#7 sha256:4d07825694520f8b6f6a0d8592dbd345433361ae044cb7f06706c5a95e3daaad
#7 DONE 0.0s

#6 [stage-1  1/13] FROM gcr.io/fuzzbench/builders/afl/ots_ots-intermediate
#6 sha256:68052655fa42c2c5a85ae6790e129faed30631af1e9fe53a047c7e8e3fdcbce5
#6 DONE 0.0s

#5 importing cache manifest from gcr.io/fuzzbench/builders/afl/ots_ots
#5 sha256:ccbc6168b36e24416c0d6edb75862e4d914ccf752b790e522c2c35f9968085b6
#5 ERROR: gcr.io/fuzzbench/builders/afl/ots_ots:latest: not found

#12 [internal] load build context
#12 sha256:6ce06503dff74cef0b7018f9fd03c4df6be1273a48377775c7f06cec6284d203
#12 transferring context: 669.84kB 0.1s done
#12 DONE 0.5s

#17 [stage-1 10/13] COPY docker/benchmark-builder/checkout_commit.py /opt/fuzzbench/
#17 sha256:0c2fb7cdcf9313c8353dc4164dfb0ddc4c4f7a64c5059ed249a682498959e385
#17 CACHED

#9 [stage-1  3/13] COPY --from=base-image /usr/local/lib/python3.8 /usr/local/lib/python3.8
#9 sha256:6b6ecc1e88049cc8282d365d0d3de3800621b42b028d28caf9de10994c717c70
#9 CACHED

#13 [stage-1  6/13] COPY fuzzers /src/fuzzers
#13 sha256:8abc8d6abbbbd28a43aaa1e087d2e71a7762ad4749a09e216f7f8864e0da21fe
#13 CACHED

#8 [stage-1  2/13] COPY --from=base-image /usr/local/bin/python3* /usr/local/bin/
#8 sha256:5fab5cf5f8ebb4c3439b190f666f37730785e7a9c56b483eba82ef5cfda4449d
#8 CACHED

#15 [stage-1  8/13] COPY benchmarks/ots_ots/benchmark.yaml /
#15 sha256:78d4f68e27b133bd47fb0e2349c18141643e30e4ee1e6339d29d0c833bad0aad
#15 CACHED

#16 [stage-1  9/13] RUN mkdir /opt/fuzzbench/
#16 sha256:4745a74134e4d9375a967c3507025d77881129850d09eb9165fea2ee97d14f3a
#16 CACHED

#18 [stage-1 11/13] RUN export CHECKOUT_COMMIT=$(cat /benchmark.yaml | tr -d ' ' | grep 'commit:' | cut -d ':' -f2) &&     python3 -u /opt/fuzzbench/checkout_commit.py $CHECKOUT_COMMIT /src
#18 sha256:bb9a3c9cdd1d141e5544887983d4ebb8c8657800536384117889e3a2d5822983
#18 CACHED

#10 [stage-1  4/13] COPY --from=base-image /usr/local/include/python3.8 /usr/local/include/python3.8
#10 sha256:3dc612db3c6e346df58addf42db56e08210dd1e96f68b97b84bb5965042e5dac
#10 CACHED

#14 [stage-1  7/13] RUN touch /src/__init__.py
#14 sha256:8bc90101407213aa3425bbd024a79b324f7325d7a56ffb534abc0e7096d8b48f
#14 CACHED

#11 [stage-1  5/13] COPY --from=base-image /usr/local/lib/python3.8/site-packages /usr/local/lib/python3.8/site-packages
#11 sha256:0df71c1e5eda665b116fb8263bf00b1a7d38d11433e7c386468b673aa760a1a0
#11 CACHED

#19 [stage-1 12/13] RUN echo "#!/bin/bash\nPYTHONPATH=/src python3 -u -c "from fuzzers import utils; utils.initialize_env(); from fuzzers.afl import fuzzer; fuzzer.build()"" > /usr/bin/fuzzer_build &&     chmod +x /usr/bin/fuzzer_build
#19 sha256:ddff4faf0bf97cca1032fbd5e156c18998c9124d15b150182f4bb964693b7768
#19 CACHED

#20 [stage-1 13/13] RUN echo "Run fuzzer_build to build the target" && if [ -z "$debug_builder" ] ; then fuzzer_build; fi
#20 sha256:92d4bc05383207c2f98ce2a9a85daad9aa74d1885fc03d92e95c7fbc36afe4e9
#20 0.481 Run fuzzer_build to build the target
#20 0.592 FUZZ_TARGET = ots
#20 0.592 CFLAGS = -DFUZZING_BUILD_MODE_UNSAFE_FOR_PRODUCTION -pthread -Wl,--no-as-needed -Wl,-ldl -Wl,-lm -Wno-unused-command-line-argument -O3
#20 0.592 CXXFLAGS = -DFUZZING_BUILD_MODE_UNSAFE_FOR_PRODUCTION -pthread -Wl,--no-as-needed -Wl,-ldl -Wl,-lm -Wno-unused-command-line-argument -stdlib=libc++ -O3
#20 0.597 Building benchmark ots_ots with fuzzer afl
#20 0.600 + build=/work/build
#20 0.600 + rm -rf /work/build
#20 0.602 + mkdir -p /work/build
#20 0.605 ++ echo /libAFL.a
#20 0.605 + meson -Dfuzzer_ldflags=/libAFL.a --wrap-mode=forcefallback /work/build
#20 1.062 Traceback (most recent call last):
#20 1.062   File "/usr/local/bin/meson", line 11, in <module>
#20 1.062     load_entry_point('meson==0.52.0', 'console_scripts', 'meson')()
#20 1.062   File "/usr/local/lib/python3.8/site-packages/pkg_resources/__init__.py", line 488, in load_entry_point
#20 1.062     return get_distribution(dist).load_entry_point(group, name)
#20 1.062   File "/usr/local/lib/python3.8/site-packages/pkg_resources/__init__.py", line 2861, in load_entry_point
#20 1.062     return ep.load()
#20 1.062   File "/usr/local/lib/python3.8/site-packages/pkg_resources/__init__.py", line 2461, in load
#20 1.062     return self.resolve()
#20 1.062   File "/usr/local/lib/python3.8/site-packages/pkg_resources/__init__.py", line 2467, in resolve
#20 1.062     module = __import__(self.module_name, fromlist=['__name__'], level=0)
#20 1.062   File "/usr/local/lib/python3.8/site-packages/mesonbuild/mesonmain.py", line 25, in <module>
#20 1.062     from . import mconf, mdist, minit, minstall, mintro, msetup, mtest, rewriter, msubprojects, munstable_coredata
#20 1.062   File "/usr/local/lib/python3.8/site-packages/mesonbuild/mconf.py", line 16, in <module>
#20 1.062     from . import coredata, environment, mesonlib, build, mintro, mlog
#20 1.062   File "/usr/local/lib/python3.8/site-packages/mesonbuild/build.py", line 24, in <module>
#20 1.062     from . import dependencies
#20 1.062   File "/usr/local/lib/python3.8/site-packages/mesonbuild/dependencies/__init__.py", line 15, in <module>
#20 1.062     from .boost import BoostDependency
#20 1.062   File "/usr/local/lib/python3.8/site-packages/mesonbuild/dependencies/boost.py", line 24, in <module>
#20 1.062     from .base import (DependencyException, ExternalDependency)
#20 1.062   File "/usr/local/lib/python3.8/site-packages/mesonbuild/dependencies/base.py", line 35, in <module>
#20 1.062     from ..cmake import CMakeExecutor, CMakeTraceParser, CMakeException
#20 1.062   File "/usr/local/lib/python3.8/site-packages/mesonbuild/cmake/__init__.py", line 30, in <module>
#20 1.062     from .client import CMakeClient
#20 1.062   File "/usr/local/lib/python3.8/site-packages/mesonbuild/cmake/client.py", line 19, in <module>
#20 1.062     from .executor import CMakeExecutor
#20 1.062   File "/usr/local/lib/python3.8/site-packages/mesonbuild/cmake/executor.py", line 27, in <module>
#20 1.062     import re, os, shutil, ctypes
#20 1.062   File "/usr/local/lib/python3.8/ctypes/__init__.py", line 7, in <module>
#20 1.062     from _ctypes import Union, Structure, Array
#20 1.062 ImportError: libffi.so.6: cannot open shared object file: No such file or directory
#20 1.085 + cat build/meson-logs/meson-log.txt
#20 1.086 cat: build/meson-logs/meson-log.txt: No such file or directory
#20 1.087 Traceback (most recent call last):
#20 1.087   File "<string>", line 1, in <module>
#20 1.088   File "/src/fuzzers/afl/fuzzer.py", line 40, in build
#20 1.088     utils.build_benchmark()
#20 1.088   File "/src/fuzzers/utils.py", line 82, in build_benchmark
#20 1.088     subprocess.check_call(['/bin/bash', '-ex', build_script], env=env)
#20 1.088   File "/usr/local/lib/python3.8/subprocess.py", line 364, in check_call
#20 1.088     raise CalledProcessError(retcode, cmd)
#20 1.088 subprocess.CalledProcessError: Command '['/bin/bash', '-ex', '/src/build.sh']' returned non-zero exit status 1.
#20 ERROR: executor failed running [/bin/sh -c echo "Run fuzzer_build to build the target" && if [ -z "$debug_builder" ] ; then fuzzer_build; fi]: exit code: 1
------
 > importing cache manifest from gcr.io/fuzzbench/builders/afl/ots_ots:
------
------
 > [stage-1 13/13] RUN echo "Run fuzzer_build to build the target" && if [ -z "$debug_builder" ] ; then fuzzer_build; fi:
------
executor failed running [/bin/sh -c echo "Run fuzzer_build to build the target" && if [ -z "$debug_builder" ] ; then fuzzer_build; fi]: exit code: 1
make: *** [docker/generated.mk:2764114: .afl-ots_ots-builder] Error 1
