WARNING:root:gcloud not found in PATH.
INFO:root:Successfully integrated benchmark: kubernetes_kubernetes.
INFO:root:Please run "make test-run-afl-kubernetes_kubernetes" to test integration.
#1 [internal] load build definition from Dockerfile
#1 sha256:995d94da22e06e0aacbe4dce5abfa9e9959437b0b968e1f83f43ef5b2828b72d
#1 transferring dockerfile: 1.03kB done
#1 DONE 0.0s

#2 [internal] load .dockerignore
#2 sha256:4a0a698e766ee46255738594871a1b0b6f27f9ef67f46271440c7a1b57337de9
#2 transferring context: 2B done
#2 DONE 0.0s

#3 [internal] load metadata for gcr.io/oss-fuzz-base/base-builder:latest
#3 sha256:f10dc39cc9d418a5bc416dead31a1902b6821fdae909cd3b08f7a3fd1faba7b5
#3 DONE 0.4s

#5 [ 1/18] FROM gcr.io/oss-fuzz-base/base-builder@sha256:4ad017ca53699eda684c1c444948c93a4af848fe34baee3a765d3c4693fe6a56
#5 sha256:3f10b3978a3951f6e2692fa5e5890ee5a755650381dedece7198ed0b1dcdaa8c
#5 CACHED

#12 [internal] load build context
#12 sha256:a272b58c5e41a9b12bb4b4e0bb1ac5fe4d2213c45aaec00fedf2ebd354fcb7a5
#12 DONE 0.0s

#4 importing cache manifest from gcr.io/fuzzbench/builders/benchmark/kubernetes_kubernetes
#4 sha256:1c3d68b7f641336c63b48ed1b497fcf123c5d98d8015a59ad1071252e4ebfaa3
#4 ERROR: gcr.io/fuzzbench/builders/benchmark/kubernetes_kubernetes:latest: not found

#12 [internal] load build context
#12 sha256:a272b58c5e41a9b12bb4b4e0bb1ac5fe4d2213c45aaec00fedf2ebd354fcb7a5
#12 transferring context: 1.36kB done
#12 DONE 0.0s

#6 [2/8] RUN go get github.com/ianlancetaylor/demangle
#6 sha256:ed4eb69a29bd15257bd52bbc27a423031fa82928975d809a3e484c77fe644889
#6 0.468 /bin/sh: 1: go: not found
#6 ERROR: executor failed running [/bin/sh -c go get github.com/ianlancetaylor/demangle]: exit code: 127
------
 > importing cache manifest from gcr.io/fuzzbench/builders/benchmark/kubernetes_kubernetes:
------
------
 > [2/8] RUN go get github.com/ianlancetaylor/demangle:
------
executor failed running [/bin/sh -c go get github.com/ianlancetaylor/demangle]: exit code: 127
make: *** [docker/generated.mk:25735: .kubernetes_kubernetes-project-builder] Error 1
/bin/sh: 1: source: not found
#1 [internal] load build definition from Dockerfile
#1 sha256:2f5620fdefe4ae6c8df6d5e3b91ddf11a55ba2ef0780f07ff20530f552f6bf5a
#1 transferring dockerfile: 32B done
#1 DONE 0.0s

#2 [internal] load .dockerignore
#2 sha256:1e76a603545286404a5bc6f1895c618706bcf48ef22fb0897faa55ec0350132d
#2 transferring context: 2B done
#2 DONE 0.0s

#3 [internal] load metadata for gcr.io/oss-fuzz-base/base-builder:latest
#3 sha256:f10dc39cc9d418a5bc416dead31a1902b6821fdae909cd3b08f7a3fd1faba7b5
#3 DONE 0.3s

#5 [ 1/18] FROM gcr.io/oss-fuzz-base/base-builder@sha256:4ad017ca53699eda684c1c444948c93a4af848fe34baee3a765d3c4693fe6a56
#5 sha256:3f10b3978a3951f6e2692fa5e5890ee5a755650381dedece7198ed0b1dcdaa8c
#5 CACHED

#12 [internal] load build context
#12 sha256:77bc2cbb87ac83ed9e6b01d2279b273746a2e276691901ca6546ad18894a8e36
#12 DONE 0.0s

#4 importing cache manifest from gcr.io/fuzzbench/builders/benchmark/kubernetes_kubernetes
#4 sha256:1c3d68b7f641336c63b48ed1b497fcf123c5d98d8015a59ad1071252e4ebfaa3
#4 ERROR: gcr.io/fuzzbench/builders/benchmark/kubernetes_kubernetes:latest: not found

#12 [internal] load build context
#12 sha256:77bc2cbb87ac83ed9e6b01d2279b273746a2e276691901ca6546ad18894a8e36
#12 transferring context: 30B done
#12 DONE 0.0s

#6 [2/8] RUN go get github.com/ianlancetaylor/demangle
#6 sha256:ed4eb69a29bd15257bd52bbc27a423031fa82928975d809a3e484c77fe644889
#6 0.498 /bin/sh: 1: go: not found
#6 ERROR: executor failed running [/bin/sh -c go get github.com/ianlancetaylor/demangle]: exit code: 127
------
 > importing cache manifest from gcr.io/fuzzbench/builders/benchmark/kubernetes_kubernetes:
------
------
 > [2/8] RUN go get github.com/ianlancetaylor/demangle:
------
executor failed running [/bin/sh -c go get github.com/ianlancetaylor/demangle]: exit code: 127
make: *** [docker/generated.mk:25735: .kubernetes_kubernetes-project-builder] Error 1
