WARNING:root:gcloud not found in PATH.
INFO:root:Successfully integrated benchmark: clib_clib.
INFO:root:Please run "make test-run-afl-clib_clib" to test integration.
#1 [internal] load build definition from Dockerfile
#1 sha256:8cfde96c8f0e7a5dbd338e9623d96dd9baeec876755639a544dbe09581fa7b24
#1 transferring dockerfile: 32B done
#1 DONE 0.1s

#2 [internal] load .dockerignore
#2 sha256:a7e33ce830c3a418c530d840f64d3dd73106462d8b0333e5315bf195ba3df83e
#2 transferring context: 2B done
#2 DONE 0.1s

#3 [internal] load metadata for gcr.io/oss-fuzz-base/base-builder:latest
#3 sha256:f10dc39cc9d418a5bc416dead31a1902b6821fdae909cd3b08f7a3fd1faba7b5
#3 DONE 0.6s

#9 [internal] load build context
#9 sha256:c6881b863d18091bc1ffd3fdbb39197f09bd58fb10e67550b192a65bc5e41cc6
#9 DONE 0.0s

#5 [1/5] FROM gcr.io/oss-fuzz-base/base-builder@sha256:4ad017ca53699eda684c1c444948c93a4af848fe34baee3a765d3c4693fe6a56
#5 sha256:3f10b3978a3951f6e2692fa5e5890ee5a755650381dedece7198ed0b1dcdaa8c
#5 DONE 0.0s

#4 importing cache manifest from gcr.io/fuzzbench/builders/benchmark/clib_clib
#4 sha256:ac795e05a0fa8e9d8b5f5d715acf9db667f4e283e0347bad9acc91ac36a6058b
#4 ERROR: gcr.io/fuzzbench/builders/benchmark/clib_clib:latest: not found

#5 [1/5] FROM gcr.io/oss-fuzz-base/base-builder@sha256:4ad017ca53699eda684c1c444948c93a4af848fe34baee3a765d3c4693fe6a56
#5 sha256:3f10b3978a3951f6e2692fa5e5890ee5a755650381dedece7198ed0b1dcdaa8c
#5 CACHED

#9 [internal] load build context
#9 sha256:c6881b863d18091bc1ffd3fdbb39197f09bd58fb10e67550b192a65bc5e41cc6
#9 transferring context: 30B done
#9 DONE 0.0s

#6 [2/5] RUN apt-get update && apt-get install -y make cmake ninja libcurl4-gnutls-dev -qq
#6 sha256:c582a65170a32082afed32e74ce0fff3555dca5e394bc4e216096b686bd69666
#6 0.565 Hit:1 http://ppa.launchpad.net/git-core/ppa/ubuntu focal InRelease
#6 0.565 Hit:2 http://archive.ubuntu.com/ubuntu focal InRelease
#6 0.565 Get:3 http://security.ubuntu.com/ubuntu focal-security InRelease [114 kB]
#6 0.580 Get:4 http://archive.ubuntu.com/ubuntu focal-updates InRelease [114 kB]
#6 0.671 Get:5 http://archive.ubuntu.com/ubuntu focal-backports InRelease [108 kB]
#6 1.076 Get:6 http://security.ubuntu.com/ubuntu focal-security/main amd64 Packages [1547 kB]
#6 1.238 Get:7 http://archive.ubuntu.com/ubuntu focal-updates/main amd64 Packages [1973 kB]
#6 1.419 Get:8 http://archive.ubuntu.com/ubuntu focal-updates/main i386 Packages [752 kB]
#6 1.475 Get:9 http://archive.ubuntu.com/ubuntu focal-updates/universe amd64 Packages [1134 kB]
#6 1.560 Get:10 http://archive.ubuntu.com/ubuntu focal-updates/universe i386 Packages [827 kB]
#6 1.787 Fetched 6568 kB in 1s (5071 kB/s)
#6 1.787 Reading package lists...
#6 4.930 E: Unable to locate package ninja
#6 ERROR: executor failed running [/bin/sh -c apt-get update && apt-get install -y make cmake ninja libcurl4-gnutls-dev -qq]: exit code: 100
------
 > importing cache manifest from gcr.io/fuzzbench/builders/benchmark/clib_clib:
------
------
 > [2/5] RUN apt-get update && apt-get install -y make cmake ninja libcurl4-gnutls-dev -qq:
------
executor failed running [/bin/sh -c apt-get update && apt-get install -y make cmake ninja libcurl4-gnutls-dev -qq]: exit code: 100
make: *** [docker/generated.mk:8449: .clib_clib-project-builder] Error 1
/bin/sh: 1: source: not found
#1 [internal] load build definition from Dockerfile
#1 sha256:c10742bcdda6f924125055ad27570fb0130ced5e753bc64ad65766c1f6d25831
#1 transferring dockerfile: 32B done
#1 DONE 0.0s

#2 [internal] load .dockerignore
#2 sha256:ef052f0157ed2e5a1a85f056ab11f0ffbde36e818728366d07af0c6a223c193d
#2 transferring context: 2B done
#2 DONE 0.0s

#3 [internal] load metadata for gcr.io/oss-fuzz-base/base-builder:latest
#3 sha256:f10dc39cc9d418a5bc416dead31a1902b6821fdae909cd3b08f7a3fd1faba7b5
#3 DONE 0.4s

#9 [internal] load build context
#9 sha256:c1bfbe625493c9567e12a8e3575f3aefa4f5db72b533cd9010e4ecd92401da76
#9 DONE 0.0s

#5 [1/5] FROM gcr.io/oss-fuzz-base/base-builder@sha256:4ad017ca53699eda684c1c444948c93a4af848fe34baee3a765d3c4693fe6a56
#5 sha256:3f10b3978a3951f6e2692fa5e5890ee5a755650381dedece7198ed0b1dcdaa8c
#5 DONE 0.0s

#4 importing cache manifest from gcr.io/fuzzbench/builders/benchmark/clib_clib
#4 sha256:ac795e05a0fa8e9d8b5f5d715acf9db667f4e283e0347bad9acc91ac36a6058b
#4 ERROR: gcr.io/fuzzbench/builders/benchmark/clib_clib:latest: not found

#5 [1/5] FROM gcr.io/oss-fuzz-base/base-builder@sha256:4ad017ca53699eda684c1c444948c93a4af848fe34baee3a765d3c4693fe6a56
#5 sha256:3f10b3978a3951f6e2692fa5e5890ee5a755650381dedece7198ed0b1dcdaa8c
#5 CACHED

#9 [internal] load build context
#9 sha256:c1bfbe625493c9567e12a8e3575f3aefa4f5db72b533cd9010e4ecd92401da76
#9 transferring context: 30B done
#9 DONE 0.0s

#6 [2/5] RUN apt-get update && apt-get install -y make cmake ninja libcurl4-gnutls-dev -qq
#6 sha256:c582a65170a32082afed32e74ce0fff3555dca5e394bc4e216096b686bd69666
#6 0.523 Hit:1 http://ppa.launchpad.net/git-core/ppa/ubuntu focal InRelease
#6 0.523 Hit:2 http://archive.ubuntu.com/ubuntu focal InRelease
#6 0.532 Get:3 http://archive.ubuntu.com/ubuntu focal-updates InRelease [114 kB]
#6 0.623 Get:4 http://archive.ubuntu.com/ubuntu focal-backports InRelease [108 kB]
#6 0.679 Get:5 http://security.ubuntu.com/ubuntu focal-security InRelease [114 kB]
#6 1.045 Get:6 http://archive.ubuntu.com/ubuntu focal-updates/universe amd64 Packages [1134 kB]
#6 1.178 Get:7 http://archive.ubuntu.com/ubuntu focal-updates/main i386 Packages [752 kB]
#6 1.230 Get:8 http://archive.ubuntu.com/ubuntu focal-updates/main amd64 Packages [1973 kB]
#6 1.376 Get:9 http://archive.ubuntu.com/ubuntu focal-updates/universe i386 Packages [827 kB]
#6 1.438 Get:10 http://security.ubuntu.com/ubuntu focal-security/main amd64 Packages [1547 kB]
#6 1.987 Fetched 6568 kB in 2s (4290 kB/s)
#6 1.987 Reading package lists...
#6 5.143 E: Unable to locate package ninja
#6 ERROR: executor failed running [/bin/sh -c apt-get update && apt-get install -y make cmake ninja libcurl4-gnutls-dev -qq]: exit code: 100
------
 > importing cache manifest from gcr.io/fuzzbench/builders/benchmark/clib_clib:
------
------
 > [2/5] RUN apt-get update && apt-get install -y make cmake ninja libcurl4-gnutls-dev -qq:
------
executor failed running [/bin/sh -c apt-get update && apt-get install -y make cmake ninja libcurl4-gnutls-dev -qq]: exit code: 100
make: *** [docker/generated.mk:8449: .clib_clib-project-builder] Error 1
