WARNING:root:gcloud not found in PATH.
INFO:root:Successfully integrated benchmark: bloaty_bloaty.
INFO:root:Please run "make test-run-afl-bloaty_bloaty" to test integration.
#1 [internal] load build definition from Dockerfile
#1 sha256:c124131158e698ab85398b01595db2f0583e25e5ff20e10f92831d872dbe45c9
#1 transferring dockerfile: 935B done
#1 DONE 0.0s

#2 [internal] load .dockerignore
#2 sha256:895b9a93a3af21b6d824666b5053c2ebfd696bc89842d67b5a8240f0f8c44620
#2 transferring context: 2B done
#2 DONE 0.0s

#3 [internal] load metadata for gcr.io/oss-fuzz-base/base-builder:latest
#3 sha256:f10dc39cc9d418a5bc416dead31a1902b6821fdae909cd3b08f7a3fd1faba7b5
#3 DONE 0.4s

#9 [internal] load build context
#9 sha256:3565fbe8ac3dc92f20cb3e209e25cb8f8c050472a5164f24c8b6368620846fc0
#9 DONE 0.0s

#5 [1/5] FROM gcr.io/oss-fuzz-base/base-builder@sha256:f4e5ea12494fab091c5d830cf803b3421f2860f729b9d1b07da44924396cf8cf
#5 sha256:ef290950573a2779ee526af357b28fbddfc20d7409aa51f58f777c9e972cba29
#5 DONE 0.0s

#4 importing cache manifest from gcr.io/fuzzbench/builders/benchmark/bloaty_bloaty
#4 sha256:b7aa0be7cb2f342e6cf502669c40f13f41527c482d942d42adddb668e361a316
#4 ERROR: gcr.io/fuzzbench/builders/benchmark/bloaty_bloaty:latest: not found

#5 [1/5] FROM gcr.io/oss-fuzz-base/base-builder@sha256:f4e5ea12494fab091c5d830cf803b3421f2860f729b9d1b07da44924396cf8cf
#5 sha256:ef290950573a2779ee526af357b28fbddfc20d7409aa51f58f777c9e972cba29
#5 CACHED

#6 [2/5] RUN apt-get update && apt-get install -y cmake ninja-build g++
#6 sha256:dc3bc3ffcd325de26412a694a8944fd0393d8e118bcf05c25932b0dbf83b1338
#6 ...

#9 [internal] load build context
#9 sha256:3565fbe8ac3dc92f20cb3e209e25cb8f8c050472a5164f24c8b6368620846fc0
#9 transferring context: 889B done
#9 DONE 0.0s

#6 [2/5] RUN apt-get update && apt-get install -y cmake ninja-build g++
#6 sha256:dc3bc3ffcd325de26412a694a8944fd0393d8e118bcf05c25932b0dbf83b1338
#6 0.542 Hit:1 http://ppa.launchpad.net/git-core/ppa/ubuntu focal InRelease
#6 0.542 Hit:2 http://archive.ubuntu.com/ubuntu focal InRelease
#6 0.551 Get:3 http://archive.ubuntu.com/ubuntu focal-updates InRelease [114 kB]
#6 0.552 Get:4 http://security.ubuntu.com/ubuntu focal-security InRelease [114 kB]
#6 0.642 Get:5 http://archive.ubuntu.com/ubuntu focal-backports InRelease [108 kB]
#6 1.058 Get:6 http://archive.ubuntu.com/ubuntu focal-updates/universe amd64 Packages [1134 kB]
#6 1.187 Get:7 http://archive.ubuntu.com/ubuntu focal-updates/main amd64 Packages [1973 kB]
#6 1.263 Get:8 http://security.ubuntu.com/ubuntu focal-security/universe i386 Packages [657 kB]
#6 1.342 Get:9 http://archive.ubuntu.com/ubuntu focal-updates/main i386 Packages [752 kB]
#6 1.411 Get:10 http://archive.ubuntu.com/ubuntu focal-updates/universe i386 Packages [827 kB]
#6 1.525 Get:11 http://security.ubuntu.com/ubuntu focal-security/main amd64 Packages [1546 kB]
#6 1.756 Get:12 http://security.ubuntu.com/ubuntu focal-security/main i386 Packages [464 kB]
#6 1.800 Get:13 http://security.ubuntu.com/ubuntu focal-security/universe amd64 Packages [840 kB]
#6 2.019 Fetched 8529 kB in 2s (5569 kB/s)
#6 2.019 Reading package lists...
#6 3.556 Reading package lists...
#6 4.981 Building dependency tree...
#6 5.193 Reading state information...
#6 5.403 g++ is already the newest version (4:9.3.0-1ubuntu2).
#6 5.403 g++ set to manually installed.
#6 5.403 The following additional packages will be installed:
#6 5.404   cmake-data libarchive13 libjsoncpp1 librhash0 libuv1
#6 5.406 Suggested packages:
#6 5.406   cmake-doc lrzip
#6 5.468 The following NEW packages will be installed:
#6 5.470   cmake cmake-data libarchive13 libjsoncpp1 librhash0 libuv1 ninja-build
#6 5.541 0 upgraded, 7 newly installed, 0 to remove and 3 not upgraded.
#6 5.541 Need to get 5984 kB of archives.
#6 5.541 After this operation, 29.8 MB of additional disk space will be used.
#6 5.541 Get:1 http://archive.ubuntu.com/ubuntu focal-updates/main amd64 libuv1 amd64 1.34.2-1ubuntu1.3 [80.8 kB]
#6 5.618 Get:2 http://archive.ubuntu.com/ubuntu focal/main amd64 cmake-data all 3.16.3-1ubuntu1 [1612 kB]
#6 5.810 Get:3 http://archive.ubuntu.com/ubuntu focal/main amd64 libarchive13 amd64 3.4.0-2ubuntu1 [327 kB]
#6 5.845 Get:4 http://archive.ubuntu.com/ubuntu focal/main amd64 libjsoncpp1 amd64 1.7.4-3.1ubuntu2 [75.6 kB]
#6 5.853 Get:5 http://archive.ubuntu.com/ubuntu focal/main amd64 librhash0 amd64 1.3.9-1 [113 kB]
#6 5.865 Get:6 http://archive.ubuntu.com/ubuntu focal/main amd64 cmake amd64 3.16.3-1ubuntu1 [3669 kB]
#6 6.255 Get:7 http://archive.ubuntu.com/ubuntu focal/universe amd64 ninja-build amd64 1.10.0-1build1 [107 kB]
#6 6.875 debconf: delaying package configuration, since apt-utils is not installed
#6 7.354 Fetched 5984 kB in 1s (7624 kB/s)
#6 8.150 Selecting previously unselected package libuv1:amd64.
#6 8.150 (Reading database ... (Reading database ... 5%(Reading database ... 10%(Reading database ... 15%(Reading database ... 20%(Reading database ... 25%(Reading database ... 30%(Reading database ... 35%(Reading database ... 40%(Reading database ... 45%(Reading database ... 50%(Reading database ... 55%(Reading database ... 60%(Reading database ... 65%(Reading database ... 70%(Reading database ... 75%(Reading database ... 80%(Reading database ... 85%(Reading database ... 90%(Reading database ... 95%(Reading database ... 100%(Reading database ... 21291 files and directories currently installed.)
#6 8.172 Preparing to unpack .../0-libuv1_1.34.2-1ubuntu1.3_amd64.deb ...
#6 8.446 Unpacking libuv1:amd64 (1.34.2-1ubuntu1.3) ...
#6 9.888 Selecting previously unselected package cmake-data.
#6 9.892 Preparing to unpack .../1-cmake-data_3.16.3-1ubuntu1_all.deb ...
#6 9.906 Unpacking cmake-data (3.16.3-1ubuntu1) ...
#6 10.59 Selecting previously unselected package libarchive13:amd64.
#6 10.60 Preparing to unpack .../2-libarchive13_3.4.0-2ubuntu1_amd64.deb ...
#6 10.60 Unpacking libarchive13:amd64 (3.4.0-2ubuntu1) ...
#6 10.70 Selecting previously unselected package libjsoncpp1:amd64.
#6 10.71 Preparing to unpack .../3-libjsoncpp1_1.7.4-3.1ubuntu2_amd64.deb ...
#6 10.72 Unpacking libjsoncpp1:amd64 (1.7.4-3.1ubuntu2) ...
#6 10.87 Selecting previously unselected package librhash0:amd64.
#6 10.87 Preparing to unpack .../4-librhash0_1.3.9-1_amd64.deb ...
#6 10.88 Unpacking librhash0:amd64 (1.3.9-1) ...
#6 10.94 Selecting previously unselected package cmake.
#6 10.95 Preparing to unpack .../5-cmake_3.16.3-1ubuntu1_amd64.deb ...
#6 10.96 Unpacking cmake (3.16.3-1ubuntu1) ...
#6 11.45 Selecting previously unselected package ninja-build.
#6 11.45 Preparing to unpack .../6-ninja-build_1.10.0-1build1_amd64.deb ...
#6 11.46 Unpacking ninja-build (1.10.0-1build1) ...
#6 11.59 Setting up libarchive13:amd64 (3.4.0-2ubuntu1) ...
#6 11.64 Setting up ninja-build (1.10.0-1build1) ...
#6 11.65 Setting up libuv1:amd64 (1.34.2-1ubuntu1.3) ...
#6 11.67 Setting up librhash0:amd64 (1.3.9-1) ...
#6 11.69 Setting up cmake-data (3.16.3-1ubuntu1) ...
#6 11.71 Setting up libjsoncpp1:amd64 (1.7.4-3.1ubuntu2) ...
#6 11.73 Setting up cmake (3.16.3-1ubuntu1) ...
#6 11.75 Processing triggers for libc-bin (2.31-0ubuntu9.2) ...
#6 DONE 12.2s

#7 [3/5] RUN git clone --depth 1 https://github.com/google/bloaty.git bloaty
#7 sha256:711b050ff5646e79a91c08d41374bbbea9ed8e7fe5dd645cb48ffc3920bb9e04
#7 0.449 Cloning into 'bloaty'...
#7 DONE 2.6s

#8 [4/5] WORKDIR bloaty
#8 sha256:42b05e7c322f3aa6e298578c0e216bd71ec9b1e355080787919b1e08ff4a873e
#8 DONE 0.2s

#10 [5/5] COPY build.sh /src/
#10 sha256:8a0b1bc3a96de5de94b29d97d0139f12879ae678ca80165b7654945f482ec95a
#10 DONE 0.1s

#11 exporting to image
#11 sha256:e8c613e07b0b7ff33893b694f7759a10d42e180f2b4dc349fb57dc6b71dcab00
#11 exporting layers done
#11 writing image sha256:b79dd9d33c4e3ec3ab8e8260219fe35683b18fba44d7be2c612b7e3cdb11e576
#11 writing image sha256:b79dd9d33c4e3ec3ab8e8260219fe35683b18fba44d7be2c612b7e3cdb11e576 done
#11 naming to gcr.io/fuzzbench/builders/benchmark/bloaty_bloaty done
#11 DONE 0.1s

#12 exporting cache
#12 sha256:2700d4ef94dee473593c5c614b55b2dedcca7893909811a8f2b48291a1f581e4
#12 preparing build cache for export done
#12 DONE 0.0s
------
 > importing cache manifest from gcr.io/fuzzbench/builders/benchmark/bloaty_bloaty:
------
#1 [internal] load build definition from builder.Dockerfile
#1 sha256:15e9cbff94926ec2637f82262b40ed1f906d619142cbab4aac23ad27cf64caaa
#1 transferring dockerfile: 1.35kB done
#1 DONE 0.0s

#2 [internal] load .dockerignore
#2 sha256:156a99387da13db0c70ecbc43bc4cf58944c8195c7dfb2fb8952a5278723b823
#2 transferring context: 2B done
#2 DONE 0.0s

#3 [internal] load metadata for gcr.io/fuzzbench/builders/benchmark/bloaty_bloaty:latest
#3 sha256:5ca45e47aa4a63dc7020fcc3e34584f7b001e78567410d2d068068db768e7aa8
#3 DONE 0.0s

#5 [1/3] FROM gcr.io/fuzzbench/builders/benchmark/bloaty_bloaty
#5 sha256:0d85986fe63012022a6b4fa0f55bac4442646bd250e5b22e33feb55d78a5ab2d
#5 DONE 0.0s

#4 importing cache manifest from gcr.io/fuzzbench/builders/afl/bloaty_bloaty-intermediate
#4 sha256:3c2a6ec70b27d0d8404b168e9175d8680eb414f5cd6fa9acc9e428add7f3659f
#4 ERROR: gcr.io/fuzzbench/builders/afl/bloaty_bloaty-intermediate:latest: not found

#5 [1/3] FROM gcr.io/fuzzbench/builders/benchmark/bloaty_bloaty
#5 sha256:0d85986fe63012022a6b4fa0f55bac4442646bd250e5b22e33feb55d78a5ab2d
#5 DONE 0.2s

#6 [2/3] RUN git clone https://github.com/google/AFL.git /afl &&     cd /afl &&     git checkout 61037103ae3722c8060ff7082994836a794f978e &&     AFL_NO_X86=1 make
#6 sha256:4dbdb50a6028702636b7ee363ca56f949ded7e8dac20ba3fca2cdd60d21d4f08
#6 0.355 Cloning into '/afl'...
#6 2.084 Note: switching to '61037103ae3722c8060ff7082994836a794f978e'.
#6 2.084 
#6 2.084 You are in 'detached HEAD' state. You can look around, make experimental
#6 2.084 changes and commit them, and you can discard any commits you make in this
#6 2.084 state without impacting any branches by switching back to a branch.
#6 2.084 
#6 2.084 If you want to create a new branch to retain commits you create, you may
#6 2.084 do so (now or later) by using -c with the switch command. Example:
#6 2.084 
#6 2.084   git switch -c <new-branch-name>
#6 2.084 
#6 2.084 Or undo this operation with:
#6 2.084 
#6 2.084   git switch -
#6 2.084 
#6 2.084 Turn off this advice by setting config variable advice.detachedHead to false
#6 2.084 
#6 2.084 HEAD is now at 6103710 Fix a typo filename comparison in the fuzzer (#139)
#6 2.102 [!] Note: skipping x86 compilation checks (AFL_NO_X86 set).
#6 2.102 clang -O1 -fno-omit-frame-pointer -gline-tables-only -DFUZZING_BUILD_MODE_UNSAFE_FOR_PRODUCTION -Wall -D_FORTIFY_SOURCE=2 -g -Wno-pointer-sign -DAFL_PATH=\"/usr/local/lib/afl\" -DDOC_PATH=\"/usr/local/share/doc/afl\" -DBIN_PATH=\"/usr/local/bin\" afl-gcc.c -o afl-gcc -ldl
#6 2.279 set -e; for i in afl-g++ afl-clang afl-clang++; do ln -sf afl-gcc $i; done
#6 2.283 clang -O1 -fno-omit-frame-pointer -gline-tables-only -DFUZZING_BUILD_MODE_UNSAFE_FOR_PRODUCTION -Wall -D_FORTIFY_SOURCE=2 -g -Wno-pointer-sign -DAFL_PATH=\"/usr/local/lib/afl\" -DDOC_PATH=\"/usr/local/share/doc/afl\" -DBIN_PATH=\"/usr/local/bin\" afl-fuzz.c -o afl-fuzz -ldl
#6 4.874 clang -O1 -fno-omit-frame-pointer -gline-tables-only -DFUZZING_BUILD_MODE_UNSAFE_FOR_PRODUCTION -Wall -D_FORTIFY_SOURCE=2 -g -Wno-pointer-sign -DAFL_PATH=\"/usr/local/lib/afl\" -DDOC_PATH=\"/usr/local/share/doc/afl\" -DBIN_PATH=\"/usr/local/bin\" afl-showmap.c -o afl-showmap -ldl
#6 5.187 clang -O1 -fno-omit-frame-pointer -gline-tables-only -DFUZZING_BUILD_MODE_UNSAFE_FOR_PRODUCTION -Wall -D_FORTIFY_SOURCE=2 -g -Wno-pointer-sign -DAFL_PATH=\"/usr/local/lib/afl\" -DDOC_PATH=\"/usr/local/share/doc/afl\" -DBIN_PATH=\"/usr/local/bin\" afl-tmin.c -o afl-tmin -ldl
#6 5.620 clang -O1 -fno-omit-frame-pointer -gline-tables-only -DFUZZING_BUILD_MODE_UNSAFE_FOR_PRODUCTION -Wall -D_FORTIFY_SOURCE=2 -g -Wno-pointer-sign -DAFL_PATH=\"/usr/local/lib/afl\" -DDOC_PATH=\"/usr/local/share/doc/afl\" -DBIN_PATH=\"/usr/local/bin\" afl-gotcpu.c -o afl-gotcpu -ldl
#6 5.770 clang -O1 -fno-omit-frame-pointer -gline-tables-only -DFUZZING_BUILD_MODE_UNSAFE_FOR_PRODUCTION -Wall -D_FORTIFY_SOURCE=2 -g -Wno-pointer-sign -DAFL_PATH=\"/usr/local/lib/afl\" -DDOC_PATH=\"/usr/local/share/doc/afl\" -DBIN_PATH=\"/usr/local/bin\" afl-analyze.c -o afl-analyze -ldl
#6 6.170 clang -O1 -fno-omit-frame-pointer -gline-tables-only -DFUZZING_BUILD_MODE_UNSAFE_FOR_PRODUCTION -Wall -D_FORTIFY_SOURCE=2 -g -Wno-pointer-sign -DAFL_PATH=\"/usr/local/lib/afl\" -DDOC_PATH=\"/usr/local/share/doc/afl\" -DBIN_PATH=\"/usr/local/bin\" afl-as.c -o afl-as -ldl
#6 6.416 ln -sf afl-as as
#6 6.418 [!] Note: skipping build tests (you may need to use LLVM or QEMU mode).
#6 6.421 [+] LLVM users: see llvm_mode/README.llvm for a faster alternative to afl-gcc.
#6 6.422 [+] All done! Be sure to review README - it's pretty short and useful.
#6 DONE 7.1s

#7 [3/3] RUN apt-get update &&     apt-get install wget -y &&     wget https://raw.githubusercontent.com/llvm/llvm-project/5feb80e748924606531ba28c97fe65145c65372e/compiler-rt/lib/fuzzer/afl/afl_driver.cpp -O /afl/afl_driver.cpp &&     clang -Wno-pointer-sign -c /afl/llvm_mode/afl-llvm-rt.o.c -I/afl &&     clang++ -stdlib=libc++ -std=c++11 -O2 -c /afl/afl_driver.cpp &&     ar r /libAFL.a *.o
#7 sha256:8ffeed4b35fdad864a27419b7366c881f098a0a50480a86ca40fb35928d900e7
#7 0.615 Hit:1 http://archive.ubuntu.com/ubuntu focal InRelease
#7 0.615 Hit:2 http://security.ubuntu.com/ubuntu focal-security InRelease
#7 0.615 Hit:3 http://ppa.launchpad.net/git-core/ppa/ubuntu focal InRelease
#7 0.617 Hit:4 http://archive.ubuntu.com/ubuntu focal-updates InRelease
#7 0.639 Hit:5 http://archive.ubuntu.com/ubuntu focal-backports InRelease
#7 1.496 Reading package lists...
#7 2.999 Reading package lists...
#7 4.420 Building dependency tree...
#7 4.631 Reading state information...
#7 4.883 wget is already the newest version (1.20.3-1ubuntu2).
#7 4.883 0 upgraded, 0 newly installed, 0 to remove and 3 not upgraded.
#7 4.888 --2022-02-15 19:17:19--  https://raw.githubusercontent.com/llvm/llvm-project/5feb80e748924606531ba28c97fe65145c65372e/compiler-rt/lib/fuzzer/afl/afl_driver.cpp
#7 4.890 Resolving raw.githubusercontent.com (raw.githubusercontent.com)... 185.199.111.133, 185.199.110.133, 185.199.109.133, ...
#7 4.902 Connecting to raw.githubusercontent.com (raw.githubusercontent.com)|185.199.111.133|:443... connected.
#7 4.925 HTTP request sent, awaiting response... 200 OK
#7 5.110 Length: 9177 (9.0K) [text/plain]
#7 5.110 Saving to: '/afl/afl_driver.cpp'
#7 5.111 
#7 5.111      0K ........                                              100% 10.5M=0.001s
#7 5.111 
#7 5.111 2022-02-15 19:17:19 (10.5 MB/s) - '/afl/afl_driver.cpp' saved [9177/9177]
#7 5.111 
#7 6.888 ar: creating /libAFL.a
#7 DONE 7.0s

#8 exporting to image
#8 sha256:e8c613e07b0b7ff33893b694f7759a10d42e180f2b4dc349fb57dc6b71dcab00
#8 exporting layers done
#8 writing image sha256:b726dd78a0fa96f6b8aa76edef4daad206c6f12a488c737a72765fc8ed71b7cc done
#8 naming to gcr.io/fuzzbench/builders/afl/bloaty_bloaty-intermediate done
#8 DONE 0.1s

#9 exporting cache
#9 sha256:2700d4ef94dee473593c5c614b55b2dedcca7893909811a8f2b48291a1f581e4
#9 preparing build cache for export done
#9 DONE 0.0s
------
 > importing cache manifest from gcr.io/fuzzbench/builders/afl/bloaty_bloaty-intermediate:
------
#1 [internal] load build definition from Dockerfile
#1 sha256:156ed98d227f50450da2db7721d31e08a1794cdc7b84922506e43aa86aee6475
#1 transferring dockerfile: 2.00kB done
#1 DONE 0.0s

#2 [internal] load .dockerignore
#2 sha256:16e00236c09f79dade5e1c67da0ee0db7bd26a4516342645dd88677ab6df1575
#2 transferring context: 34B done
#2 DONE 0.0s

#3 [internal] load metadata for docker.io/library/ubuntu:xenial
#3 sha256:f62bae18ed588840f045c881b2502661f2a89578a2f8f99b83f5200ee83dd25b
#3 DONE 0.0s

#4 importing cache manifest from gcr.io/fuzzbench/base-image
#4 sha256:9b220ebb4d4daceed1b96df9b6dca076e762f1cd612574f010b82d5b9e5ad896
#4 DONE 0.0s

#5 [1/7] FROM docker.io/library/ubuntu:xenial
#5 sha256:14dd403f25ae9e519bd44f27dc17af7ce80f5a4f9f48ca88108364e67ec5d360
#5 DONE 0.0s

#8 [internal] load build context
#8 sha256:16fa30dcee6b9c32a2fa98bae724d36ac2a8f6af7c4568ef5055326164e5fab8
#8 transferring context: 559B 0.2s done
#8 DONE 0.2s

#6 [2/7] RUN apt-get update -y && apt-get install -y     build-essential     rsync     curl     zlib1g-dev     libncurses5-dev     libgdbm-dev     libnss3-dev     libssl-dev     libreadline-dev     libffi-dev     virtualenv     libbz2-dev     liblzma-dev     libsqlite3-dev
#6 sha256:3a1b0960f17eed529eaae93dc8fd3554f2743dd584d8fa569cdbe6bc734371ac
#6 CACHED

#7 [3/7] RUN cd /tmp/ &&     curl -O https://www.python.org/ftp/python/3.8.6/Python-3.8.6.tar.xz &&     tar -xvf Python-3.8.6.tar.xz &&     cd Python-3.8.6 &&     ./configure --enable-loadable-sqlite-extensions --enable-optimizations &&     make -j install &&     rm -r /tmp/Python-3.8.6.tar.xz /tmp/Python-3.8.6
#7 sha256:c5b9d1fb3371e84dbc60b76e7b2f8d5913bc93bcd4910ab65daa03e7b2ec4bb0
#7 CACHED

#9 [4/7] COPY ./requirements.txt /
#9 sha256:746758c8eee78b17321e1c5dfd17563fbfe7537c1432e63c9ea9867c0cefd3fd
#9 CACHED

#10 [5/7] RUN pip3 install -r /requirements.txt
#10 sha256:b41d33d04075f3029ee7b16d566b351cb7efbcfff31d7b8540a60ed79cfdfb3a
#10 CACHED

#11 [6/7] RUN apt-get update -y && apt-get install -y     apt-transport-https     lsb-release
#11 sha256:c8c4b2497ec2ea51f68d45574cafe81f57218fc2a760c356ad7a7da003ba0097
#11 CACHED

#12 [7/7] RUN CLOUD_SDK_REPO="cloud-sdk-$(lsb_release -c -s)" &&     echo "deb https://packages.cloud.google.com/apt $CLOUD_SDK_REPO main"     | tee -a /etc/apt/sources.list.d/google-cloud-sdk.list &&     curl https://packages.cloud.google.com/apt/doc/apt-key.gpg     | apt-key add - &&     apt-get update -y &&     apt-get install -y google-cloud-sdk
#12 sha256:e83580414494580ce50cd844b49dffbf818dbf330d69d984700394b546800b05
#12 CACHED

#13 exporting to image
#13 sha256:e8c613e07b0b7ff33893b694f7759a10d42e180f2b4dc349fb57dc6b71dcab00
#13 exporting layers done
#13 writing image sha256:1b41dae4427763f93f7c63356068c8d0b6b6eda4730248e26cddeebab7c25a95 0.0s done
#13 naming to gcr.io/fuzzbench/base-image done
#13 DONE 0.0s

#14 exporting cache
#14 sha256:2700d4ef94dee473593c5c614b55b2dedcca7893909811a8f2b48291a1f581e4
#14 preparing build cache for export done
#14 DONE 0.0s
#1 [internal] load build definition from Dockerfile
#1 sha256:b2478a035bba859b57be35bf62eb1c56e3bf9278b24ef28447751442878c1c7f
#1 transferring dockerfile: 2.22kB done
#1 DONE 0.0s

#2 [internal] load .dockerignore
#2 sha256:7a2db4696019b57e0e3df258c885a9284a126e619ed1915f10c1f7592d8e6cf6
#2 transferring context: 34B done
#2 DONE 0.0s

#4 [internal] load metadata for gcr.io/fuzzbench/base-image:latest
#4 sha256:932022888f650cc455b10eb5123bb08c0cccacac29a693e69314abbfd28a72c3
#4 DONE 0.0s

#3 [internal] load metadata for gcr.io/fuzzbench/builders/afl/bloaty_bloaty-intermediate:latest
#3 sha256:136fd587a10bfdcd02deaacfea788b613d9147c4de32a3cdd90e0fce72ed3bc9
#3 DONE 0.0s

#12 [internal] load build context
#12 sha256:ca9182d5dcc81f0d8b2bba215705dc7814a05b68596a675a732c7a54322d1227
#12 DONE 0.0s

#7 [base-image 1/1] FROM gcr.io/fuzzbench/base-image
#7 sha256:4d07825694520f8b6f6a0d8592dbd345433361ae044cb7f06706c5a95e3daaad
#7 DONE 0.0s

#6 [stage-1  1/13] FROM gcr.io/fuzzbench/builders/afl/bloaty_bloaty-intermediate
#6 sha256:f41f67ccf5593cc552c44ddafc0c3172a1b52abc25df7cb99fddedd29db8271a
#6 DONE 0.0s

#5 importing cache manifest from gcr.io/fuzzbench/builders/afl/bloaty_bloaty
#5 sha256:1da0833708728e9bc7f8c4845bd446bc48493b3fa07696a3cba692c1ca9b4243
#5 ERROR: gcr.io/fuzzbench/builders/afl/bloaty_bloaty:latest: not found

#7 [base-image 1/1] FROM gcr.io/fuzzbench/base-image
#7 sha256:4d07825694520f8b6f6a0d8592dbd345433361ae044cb7f06706c5a95e3daaad
#7 CACHED

#12 [internal] load build context
#12 sha256:ca9182d5dcc81f0d8b2bba215705dc7814a05b68596a675a732c7a54322d1227
#12 transferring context: 669.86kB 0.1s done
#12 DONE 0.1s

#6 [stage-1  1/13] FROM gcr.io/fuzzbench/builders/afl/bloaty_bloaty-intermediate
#6 sha256:f41f67ccf5593cc552c44ddafc0c3172a1b52abc25df7cb99fddedd29db8271a
#6 DONE 0.2s

#8 [stage-1  2/13] COPY --from=base-image /usr/local/bin/python3* /usr/local/bin/
#8 sha256:0fa1c86b016064b8a809a5f12f64fc9ae7c109a4a81144e94c2129ceb6542f6b
#8 DONE 0.3s

#9 [stage-1  3/13] COPY --from=base-image /usr/local/lib/python3.8 /usr/local/lib/python3.8
#9 sha256:b462d4e5911566fe2018d00d5206a52ac99954e8dd37bb7808b280346a97d6e1
#9 DONE 13.6s

#10 [stage-1  4/13] COPY --from=base-image /usr/local/include/python3.8 /usr/local/include/python3.8
#10 sha256:797db143817eecc24ba0fed317d060125efc234b2122b7e464631d47c2d24c27
#10 DONE 0.3s

#11 [stage-1  5/13] COPY --from=base-image /usr/local/lib/python3.8/site-packages /usr/local/lib/python3.8/site-packages
#11 sha256:d5c3fb4c4bb68c05f50ab6064d6c8f32f1a75f70277e7d180e8b9cae25bd3458
#11 DONE 17.4s

#13 [stage-1  6/13] COPY fuzzers /src/fuzzers
#13 sha256:73ad80d5cf6a6477bf0af0d95872b54662d6fe3b35180595f2f1e4801aabc0d2
#13 DONE 0.4s

#14 [stage-1  7/13] RUN touch /src/__init__.py
#14 sha256:df9dc16be6f8cce65a47c11988bd6e341079c0d390acefa5d42a938e15ff86c4
#14 DONE 0.8s

#15 [stage-1  8/13] COPY benchmarks/bloaty_bloaty/benchmark.yaml /
#15 sha256:f922690eea3555ae60e1f122690c7ffc0cf30a898857b4d91b302759512858ba
#15 DONE 0.2s

#16 [stage-1  9/13] RUN mkdir /opt/fuzzbench/
#16 sha256:1efe1a94cd2889d0e570c375aa735023e5127f5a67966b5536434017f7362a47
#16 DONE 0.6s

#17 [stage-1 10/13] COPY docker/benchmark-builder/checkout_commit.py /opt/fuzzbench/
#17 sha256:4ea2e8f1d8970ed2d4762ed8d165badcc2859380ef6edb17c208666892753378
#17 DONE 0.1s

#18 [stage-1 11/13] RUN export CHECKOUT_COMMIT=$(cat /benchmark.yaml | tr -d ' ' | grep 'commit:' | cut -d ':' -f2) &&     python3 -u /opt/fuzzbench/checkout_commit.py $CHECKOUT_COMMIT /src
#18 sha256:e2c938eb3a96a7c3f8e849dc3164a0cd7c73cb443cde50cf028177a2cbe494c3
#18 0.436 Checking out commit 329e9eaf
#18 2.186 From https://github.com/google/bloaty
#18 2.186  * [new tag]         v1.0       -> v1.0
#18 2.186  * [new tag]         v1.1       -> v1.1
#18 2.219 error: pathspec '329e9eaf' did not match any file(s) known to git
#18 2.531 error: pathspec '329e9eaf' did not match any file(s) known to git
#18 2.538 error: pathspec '329e9eaf' did not match any file(s) known to git
#18 2.572 error: pathspec '329e9eaf' did not match any file(s) known to git
#18 2.586 Checkout unsuccessful.
#18 DONE 3.1s

#19 [stage-1 12/13] RUN echo "#!/bin/bash\nPYTHONPATH=/src python3 -u -c "from fuzzers import utils; utils.initialize_env(); from fuzzers.afl import fuzzer; fuzzer.build()"" > /usr/bin/fuzzer_build &&     chmod +x /usr/bin/fuzzer_build
#19 sha256:f3e0dad0311e0652ba86ced62a067d7e2da157875fe31f5f39810dea6b696d1a
#19 DONE 0.8s

#20 [stage-1 13/13] RUN echo "Run fuzzer_build to build the target" && if [ -z "$debug_builder" ] ; then fuzzer_build; fi
#20 sha256:b3ed50e32ac37d62cdf0d281f893ba3dac076fc285d07cbab2de1126c43dd0e6
#20 0.757 Run fuzzer_build to build the target
#20 0.880 FUZZ_TARGET = bloaty
#20 0.880 CFLAGS = -DFUZZING_BUILD_MODE_UNSAFE_FOR_PRODUCTION -pthread -Wl,--no-as-needed -Wl,-ldl -Wl,-lm -Wno-unused-command-line-argument -O3
#20 0.880 CXXFLAGS = -DFUZZING_BUILD_MODE_UNSAFE_FOR_PRODUCTION -pthread -Wl,--no-as-needed -Wl,-ldl -Wl,-lm -Wno-unused-command-line-argument -stdlib=libc++ -O3
#20 0.948 Building benchmark bloaty_bloaty with fuzzer afl
#20 0.952 + cd /work
#20 0.952 + cmake -G Ninja -DBUILD_TESTING=false /src/bloaty
#20 1.201 -- The C compiler identification is Clang 14.0.0
#20 1.457 -- The CXX compiler identification is Clang 14.0.0
#20 1.468 -- Detecting C compiler ABI info
#20 1.628 -- Detecting C compiler ABI info - done
#20 1.673 -- Check for working C compiler: /usr/local/bin/clang - skipped
#20 1.673 -- Detecting C compile features
#20 1.674 -- Detecting C compile features - done
#20 1.680 -- Detecting CXX compiler ABI info
#20 1.873 -- Detecting CXX compiler ABI info - done
#20 1.935 -- Check for working CXX compiler: /usr/local/bin/clang++ - skipped
#20 1.936 -- Detecting CXX compile features
#20 1.937 -- Detecting CXX compile features - done
#20 1.955 -- Could NOT find PkgConfig (missing: PKG_CONFIG_EXECUTABLE) 
#20 1.975 -- Could NOT find ZLIB (missing: ZLIB_LIBRARY ZLIB_INCLUDE_DIR) 
#20 1.975 -- Checking for one of the modules 're2'
#20 1.976 -- Checking for one of the modules 'capstone'
#20 1.977 -- Checking for one of the modules 'protobuf'
#20 1.977 -- System re2 not found, using bundled version
#20 1.977 -- System capstone not found, using bundled version
#20 1.977 -- System protobuf not found, using bundled version
#20 1.977 -- System zlib not found, using bundled version
#20 1.977 -- Setting build type to 'RelWithDebInfo' as none was specified.
#20 2.047 Submodule 'third_party/abseil-cpp' (https://github.com/abseil/abseil-cpp.git) registered for path 'third_party/abseil-cpp'
#20 2.048 Submodule 'third_party/capstone' (https://github.com/aquynh/capstone.git) registered for path 'third_party/capstone'
#20 2.049 Submodule 'third_party/demumble' (https://github.com/nico/demumble.git) registered for path 'third_party/demumble'
#20 2.049 Submodule 'third_party/googletest' (https://github.com/google/googletest.git) registered for path 'third_party/googletest'
#20 2.050 Submodule 'third_party/protobuf' (https://github.com/protocolbuffers/protobuf.git) registered for path 'third_party/protobuf'
#20 2.051 Submodule 'third_party/re2' (https://github.com/google/re2) registered for path 'third_party/re2'
#20 2.052 Submodule 'third_party/zlib' (https://github.com/madler/zlib) registered for path 'third_party/zlib'
#20 2.135 Cloning into '/src/bloaty/third_party/abseil-cpp'...
#20 4.551 Cloning into '/src/bloaty/third_party/capstone'...
#20 10.66 Cloning into '/src/bloaty/third_party/demumble'...
#20 11.93 Cloning into '/src/bloaty/third_party/googletest'...
#20 14.41 Cloning into '/src/bloaty/third_party/protobuf'...
#20 25.63 Cloning into '/src/bloaty/third_party/re2'...
#20 26.83 Cloning into '/src/bloaty/third_party/zlib'...
#20 28.69 Submodule path 'third_party/abseil-cpp': checked out '5dd240724366295970c613ed23d0092bcf392f18'
#20 29.04 Submodule path 'third_party/capstone': checked out '852f46a467cb37559a1f3a18bd45d5ca8c6fc5e7'
#20 29.08 Submodule path 'third_party/demumble': checked out '01098eab821b33bd31b9778aea38565cd796aa85'
#20 29.20 Submodule path 'third_party/googletest': checked out '565f1b848215b77c3732bca345fe76a0431d8b34'
#20 29.66 Submodule path 'third_party/protobuf': checked out 'bc1773c42c9c3c522145a3119e989e0dff2a8d54'
#20 29.67 Submodule 'third_party/benchmark' (https://github.com/google/benchmark.git) registered for path 'third_party/protobuf/third_party/benchmark'
#20 29.68 Submodule 'third_party/googletest' (https://github.com/google/googletest.git) registered for path 'third_party/protobuf/third_party/googletest'
#20 29.68 Cloning into '/src/bloaty/third_party/protobuf/third_party/benchmark'...
#20 30.77 Cloning into '/src/bloaty/third_party/protobuf/third_party/googletest'...
#20 34.83 Submodule path 'third_party/protobuf/third_party/benchmark': checked out '5b7683f49e1e9223cf9927b24f6fd3d6bd82e3f8'
#20 34.97 Submodule path 'third_party/protobuf/third_party/googletest': checked out '5ec7f0c4a113e2f18ac2c6cc7df51ad6afc24081'
#20 35.04 Submodule path 'third_party/re2': checked out '5bd613749fd530b576b890283bfb6bc6ea6246cb'
#20 35.11 Submodule path 'third_party/zlib': checked out 'cacf7f1d4e3d44d871b605da3b647f07d718623f'
#20 35.13 -- Looking for pthread.h
#20 35.30 -- Looking for pthread.h - found
#20 35.30 -- Performing Test CMAKE_HAVE_LIBC_PTHREAD
#20 35.48 -- Performing Test CMAKE_HAVE_LIBC_PTHREAD - Success
#20 35.48 -- Found Threads: TRUE  
#20 35.49 CMake Deprecation Warning at third_party/capstone/CMakeLists.txt:1 (cmake_minimum_required):
#20 35.49   Compatibility with CMake < 2.8.12 will be removed from a future version of
#20 35.49   CMake.
#20 35.49 
#20 35.49   Update the VERSION argument <min> value or use a ...<max> suffix to tell
#20 35.49   CMake that the project does not need compatibility with older versions.
#20 35.49 
#20 35.49 
#20 35.49 CMake Warning (dev) at third_party/capstone/CMakeLists.txt:2 (project):
#20 35.49   Policy CMP0048 is not set: project() command manages VERSION variables.
#20 35.49   Run "cmake --help-policy CMP0048" for policy details.  Use the cmake_policy
#20 35.49   command to set the policy and suppress this warning.
#20 35.49 
#20 35.49   The following variable(s) would be set to empty:
#20 35.49 
#20 35.49     PROJECT_VERSION
#20 35.49     PROJECT_VERSION_MAJOR
#20 35.49     PROJECT_VERSION_MINOR
#20 35.49 This warning is for project developers.  Use -Wno-dev to suppress it.
#20 35.49 
#20 35.49 CMake Deprecation Warning at third_party/capstone/CMakeLists.txt:18 (cmake_policy):
#20 35.49   The OLD behavior for policy CMP0048 will be removed from a future version
#20 35.49   of CMake.
#20 35.49 
#20 35.49   The cmake-policies(7) manual explains that the OLD behaviors of all
#20 35.49   policies are deprecated and that a policy should be set to OLD only under
#20 35.49   specific short-term circumstances.  Projects should be ported to the NEW
#20 35.49   behavior and not rely on setting a policy to OLD.
#20 35.49 
#20 35.49 
#20 35.49 Enabling CAPSTONE_ARM_SUPPORT
#20 35.49 Enabling CAPSTONE_ARM64_SUPPORT
#20 35.49 Enabling CAPSTONE_M68K_SUPPORT
#20 35.49 Enabling CAPSTONE_MIPS_SUPPORT
#20 35.49 Enabling CAPSTONE_PPC_SUPPORT
#20 35.49 Enabling CAPSTONE_SPARC_SUPPORT
#20 35.49 Enabling CAPSTONE_SYSZ_SUPPORT
#20 35.49 Enabling CAPSTONE_XCORE_SUPPORT
#20 35.50 Enabling CAPSTONE_X86_SUPPORT
#20 35.50 Enabling CAPSTONE_TMS320C64X_SUPPORT
#20 35.50 Enabling CAPSTONE_M680X_SUPPORT
#20 35.50 Enabling CAPSTONE_EVM_SUPPORT
#20 35.50 Enabling CAPSTONE_MOS65XX_SUPPORT
#20 35.51 -- 
#20 35.51 -- 3.9.1.0
#20 35.52 -- Could NOT find ZLIB (missing: ZLIB_LIBRARY ZLIB_INCLUDE_DIR) 
#20 35.52 -- Performing Test protobuf_HAVE_BUILTIN_ATOMICS
#20 35.93 -- Performing Test protobuf_HAVE_BUILTIN_ATOMICS - Success
#20 35.96 CMake Deprecation Warning at third_party/zlib/CMakeLists.txt:1 (cmake_minimum_required):
#20 35.96   Compatibility with CMake < 2.8.12 will be removed from a future version of
#20 35.96   CMake.
#20 35.96 
#20 35.96   Update the VERSION argument <min> value or use a ...<max> suffix to tell
#20 35.96   CMake that the project does not need compatibility with older versions.
#20 35.96 
#20 35.96 
#20 35.96 CMake Warning (dev) at third_party/zlib/CMakeLists.txt:4 (project):
#20 35.96   Policy CMP0048 is not set: project() command manages VERSION variables.
#20 35.96   Run "cmake --help-policy CMP0048" for policy details.  Use the cmake_policy
#20 35.96   command to set the policy and suppress this warning.
#20 35.96 
#20 35.96   The following variable(s) would be set to empty:
#20 35.96 
#20 35.96     PROJECT_VERSION
#20 35.96     PROJECT_VERSION_MAJOR
#20 35.96     PROJECT_VERSION_MINOR
#20 35.96 This warning is for project developers.  Use -Wno-dev to suppress it.
#20 35.96 
#20 35.97 -- Looking for sys/types.h
#20 36.14 -- Looking for sys/types.h - found
#20 36.14 -- Looking for stdint.h
#20 36.31 -- Looking for stdint.h - found
#20 36.31 -- Looking for stddef.h
#20 36.47 -- Looking for stddef.h - found
#20 36.47 -- Check size of off64_t
#20 36.68 -- Check size of off64_t - done
#20 36.68 -- Looking for fseeko
#20 36.85 -- Looking for fseeko - found
#20 36.85 -- Looking for unistd.h
#20 37.02 -- Looking for unistd.h - found
#20 37.02 -- Renaming
#20 37.02 --     /src/bloaty/third_party/zlib/zconf.h
#20 37.02 -- to 'zconf.h.included' because this file is included with zlib
#20 37.02 -- but CMake generates it automatically in the build directory.
#20 37.05 -- Performing Test SUPPORTS_COLOR_ALWAYS
#20 37.19 -- Performing Test SUPPORTS_COLOR_ALWAYS - Success
#20 37.19 LIB_FUZZING_ENGINE set, building fuzz_target instead of Bloaty
#20 37.19 -- Configuring done
#20 37.28 -- Generating done
#20 37.29 -- Build files have been written to: /work
#20 37.30 ++ nproc
#20 37.31 + ninja -j8
#20 40.43 [1/356] Building CXX object third_party/re2/CMakeFiles/re2.dir/re2/filtered_re2.cc.o
#20 40.47 [2/356] Building CXX object third_party/re2/CMakeFiles/re2.dir/re2/perl_groups.cc.o
#20 40.60 [3/356] Building CXX object third_party/re2/CMakeFiles/re2.dir/re2/bitstate.cc.o
#20 40.77 [4/356] Building CXX object third_party/re2/CMakeFiles/re2.dir/re2/mimics_pcre.cc.o
#20 41.07 [5/356] Building CXX object third_party/re2/CMakeFiles/re2.dir/re2/onepass.cc.o
#20 41.29 [6/356] Building CXX object third_party/re2/CMakeFiles/re2.dir/re2/nfa.cc.o
#20 42.94 [7/356] Building CXX object third_party/re2/CMakeFiles/re2.dir/re2/compile.cc.o
#20 43.25 [8/356] Building CXX object third_party/re2/CMakeFiles/re2.dir/re2/parse.cc.o
#20 44.26 [9/356] Building CXX object third_party/re2/CMakeFiles/re2.dir/re2/dfa.cc.o
#20 45.66 [10/356] Building CXX object third_party/re2/CMakeFiles/re2.dir/re2/prefilter.cc.o
#20 46.03 [11/356] Building CXX object third_party/re2/CMakeFiles/re2.dir/re2/prog.cc.o
#20 46.08 [12/356] Building CXX object third_party/re2/CMakeFiles/re2.dir/re2/unicode_casefold.cc.o
#20 46.18 [13/356] Building CXX object third_party/re2/CMakeFiles/re2.dir/re2/re2.cc.o
#20 46.26 [14/356] Building CXX object third_party/re2/CMakeFiles/re2.dir/re2/stringpiece.cc.o
#20 46.29 [15/356] Building CXX object third_party/re2/CMakeFiles/re2.dir/re2/unicode_groups.cc.o
#20 46.33 [16/356] Building CXX object third_party/re2/CMakeFiles/re2.dir/util/rune.cc.o
#20 46.53 [17/356] Building C object third_party/capstone/CMakeFiles/capstone-static.dir/MCInst.c.o
#20 46.57 [18/356] Building C object third_party/capstone/CMakeFiles/capstone-static.dir/MCInstrDesc.c.o
#20 46.57 [19/356] Building CXX object third_party/re2/CMakeFiles/re2.dir/re2/prefilter_tree.cc.o
#20 46.67 [20/356] Building C object third_party/capstone/CMakeFiles/capstone-static.dir/MCRegisterInfo.c.o
#20 46.74 [21/356] Building C object third_party/capstone/CMakeFiles/capstone-static.dir/SStream.c.o
#20 46.86 [22/356] Building C object third_party/capstone/CMakeFiles/capstone-static.dir/utils.c.o
#20 47.11 [23/356] Building C object third_party/capstone/CMakeFiles/capstone-static.dir/cs.c.o
#20 47.22 [24/356] Building CXX object third_party/re2/CMakeFiles/re2.dir/re2/set.cc.o
#20 47.34 [25/356] Building C object third_party/capstone/CMakeFiles/capstone-static.dir/arch/ARM/ARMModule.c.o
#20 47.35 [26/356] Building CXX object third_party/re2/CMakeFiles/re2.dir/re2/simplify.cc.o
#20 47.58 [27/356] Building C object third_party/capstone/CMakeFiles/capstone-static.dir/arch/AArch64/AArch64BaseInfo.c.o
#20 47.72 [28/356] Building C object third_party/capstone/CMakeFiles/capstone-static.dir/arch/ARM/ARMMapping.c.o
#20 47.81 [29/356] Building CXX object third_party/re2/CMakeFiles/re2.dir/util/strutil.cc.o
#20 47.90 [30/356] Building CXX object third_party/re2/CMakeFiles/re2.dir/re2/regexp.cc.o
#20 47.93 [31/356] Building C object third_party/capstone/CMakeFiles/capstone-static.dir/arch/AArch64/AArch64Module.c.o
#20 48.38 [32/356] Building C object third_party/capstone/CMakeFiles/capstone-static.dir/arch/AArch64/AArch64Mapping.c.o
#20 48.77 [33/356] Building C object third_party/capstone/CMakeFiles/capstone-static.dir/arch/Mips/MipsInstPrinter.c.o
#20 48.77 [34/356] Building C object third_party/capstone/CMakeFiles/capstone-static.dir/arch/Mips/MipsMapping.c.o
#20 48.90 [35/356] Building C object third_party/capstone/CMakeFiles/capstone-static.dir/arch/Mips/MipsModule.c.o
#20 49.40 [36/356] Building CXX object third_party/re2/CMakeFiles/re2.dir/re2/tostring.cc.o
#20 49.44 [37/356] Linking CXX static library third_party/re2/libre2.a
#20 49.63 [38/356] Building C object third_party/capstone/CMakeFiles/capstone-static.dir/arch/ARM/ARMInstPrinter.c.o
#20 49.76 [39/356] Building C object third_party/capstone/CMakeFiles/capstone-static.dir/arch/PowerPC/PPCModule.c.o
#20 49.86 [40/356] Building C object third_party/capstone/CMakeFiles/capstone-static.dir/arch/PowerPC/PPCMapping.c.o
#20 50.24 [41/356] Building C object third_party/capstone/CMakeFiles/capstone-static.dir/arch/PowerPC/PPCDisassembler.c.o
#20 50.73 [42/356] Building C object third_party/capstone/CMakeFiles/capstone-static.dir/arch/Mips/MipsDisassembler.c.o
#20 50.81 [43/356] Building C object third_party/capstone/CMakeFiles/capstone-static.dir/arch/X86/X86Disassembler.c.o
#20 50.96 [44/356] Building C object third_party/capstone/CMakeFiles/capstone-static.dir/arch/X86/X86Module.c.o
#20 51.39 [45/356] Building C object third_party/capstone/CMakeFiles/capstone-static.dir/arch/X86/X86IntelInstPrinter.c.o
#20 51.80 [46/356] Building C object third_party/capstone/CMakeFiles/capstone-static.dir/arch/AArch64/AArch64Disassembler.c.o
#20 52.29 [47/356] Building C object third_party/capstone/CMakeFiles/capstone-static.dir/arch/X86/X86ATTInstPrinter.c.o
#20 52.45 [48/356] Building C object third_party/capstone/CMakeFiles/capstone-static.dir/arch/Sparc/SparcDisassembler.c.o
#20 52.58 [49/356] Building C object third_party/capstone/CMakeFiles/capstone-static.dir/arch/Sparc/SparcMapping.c.o
#20 52.59 [50/356] Building C object third_party/capstone/CMakeFiles/capstone-static.dir/arch/Sparc/SparcModule.c.o
#20 53.09 [51/356] Building C object third_party/capstone/CMakeFiles/capstone-static.dir/arch/X86/X86Mapping.c.o
#20 53.26 [52/356] Building C object third_party/capstone/CMakeFiles/capstone-static.dir/arch/PowerPC/PPCInstPrinter.c.o
#20 53.39 [53/356] Building C object third_party/capstone/CMakeFiles/capstone-static.dir/arch/SystemZ/SystemZModule.c.o
#20 53.44 [54/356] Building C object third_party/capstone/CMakeFiles/capstone-static.dir/arch/SystemZ/SystemZMCTargetDesc.c.o
#20 53.58 [55/356] Building C object third_party/capstone/CMakeFiles/capstone-static.dir/arch/SystemZ/SystemZInstPrinter.c.o
#20 53.70 [56/356] Building C object third_party/capstone/CMakeFiles/capstone-static.dir/arch/SystemZ/SystemZMapping.c.o
#20 53.91 [57/356] Building C object third_party/capstone/CMakeFiles/capstone-static.dir/arch/XCore/XCoreMapping.c.o
#20 53.96 [58/356] Building C object third_party/capstone/CMakeFiles/capstone-static.dir/arch/X86/X86DisassemblerDecoder.c.o
#20 53.98 [59/356] Building C object third_party/capstone/CMakeFiles/capstone-static.dir/arch/XCore/XCoreInstPrinter.c.o
#20 54.04 [60/356] Building C object third_party/capstone/CMakeFiles/capstone-static.dir/arch/XCore/XCoreModule.c.o
#20 54.17 [61/356] Building C object third_party/capstone/CMakeFiles/capstone-static.dir/arch/M68K/M68KModule.c.o
#20 54.27 [62/356] Building C object third_party/capstone/CMakeFiles/capstone-static.dir/arch/M68K/M68KInstPrinter.c.o
#20 54.71 [63/356] Building C object third_party/capstone/CMakeFiles/capstone-static.dir/arch/TMS320C64x/TMS320C64xInstPrinter.c.o
#20 55.57 [64/356] Building C object third_party/capstone/CMakeFiles/capstone-static.dir/arch/XCore/XCoreDisassembler.c.o
#20 56.62 [65/356] Building C object third_party/capstone/CMakeFiles/capstone-static.dir/arch/Sparc/SparcInstPrinter.c.o
#20 56.84 [66/356] Building C object third_party/capstone/CMakeFiles/capstone-static.dir/arch/TMS320C64x/TMS320C64xMapping.c.o
#20 56.85 [67/356] Building C object third_party/capstone/CMakeFiles/capstone-static.dir/arch/TMS320C64x/TMS320C64xDisassembler.c.o
#20 56.97 [68/356] Building C object third_party/capstone/CMakeFiles/capstone-static.dir/arch/TMS320C64x/TMS320C64xModule.c.o
#20 57.26 [69/356] Building C object third_party/capstone/CMakeFiles/capstone-static.dir/arch/M680X/M680XInstPrinter.c.o
#20 57.40 [70/356] Building C object third_party/capstone/CMakeFiles/capstone-static.dir/arch/M68K/M68KDisassembler.c.o
#20 57.40 [71/356] Building C object third_party/capstone/CMakeFiles/capstone-static.dir/arch/M680X/M680XModule.c.o
#20 57.53 [72/356] Building C object third_party/capstone/CMakeFiles/capstone-static.dir/arch/EVM/EVMInstPrinter.c.o
#20 57.56 [73/356] Building C object third_party/capstone/CMakeFiles/capstone-static.dir/arch/EVM/EVMDisassembler.c.o
#20 57.67 [74/356] Building CXX object third_party/protobuf/cmake/CMakeFiles/libprotobuf.dir/__/src/google/protobuf/stubs/time.cc.o
#20 57.69 [75/356] Building C object third_party/capstone/CMakeFiles/capstone-static.dir/arch/EVM/EVMModule.c.o
#20 57.70 [76/356] Building C object third_party/capstone/CMakeFiles/capstone-static.dir/arch/EVM/EVMMapping.c.o
#20 57.80 [77/356] Building C object third_party/capstone/CMakeFiles/capstone-static.dir/arch/MOS65XX/MOS65XXModule.c.o
#20 57.92 [78/356] Building C object third_party/capstone/CMakeFiles/capstone-static.dir/arch/MOS65XX/MOS65XXDisassembler.c.o
#20 58.27 [79/356] Building C object third_party/capstone/CMakeFiles/capstone-static.dir/arch/SystemZ/SystemZDisassembler.c.o
#20 58.42 [80/356] Building C object third_party/capstone/CMakeFiles/capstone-static.dir/arch/AArch64/AArch64InstPrinter.c.o
#20 58.79 [81/356] Building C object third_party/capstone/CMakeFiles/capstone-static.dir/arch/M680X/M680XDisassembler.c.o
#20 59.97 [82/356] Building CXX object third_party/protobuf/cmake/CMakeFiles/libprotobuf.dir/__/src/google/protobuf/wire_format_lite.cc.o
#20 60.01 [83/356] Building C object third_party/capstone/CMakeFiles/capstone-static.dir/arch/ARM/ARMDisassembler.c.o
#20 60.07 [84/356] Linking C static library third_party/capstone/libcapstone.a
#20 60.23 [85/356] Building CXX object third_party/protobuf/cmake/CMakeFiles/libprotobuf-lite.dir/__/src/google/protobuf/arena.cc.o
#20 60.25 [86/356] Building CXX object third_party/protobuf/cmake/CMakeFiles/libprotobuf-lite.dir/__/src/google/protobuf/io/io_win32.cc.o
#20 60.68 [87/356] Building CXX object third_party/protobuf/cmake/CMakeFiles/libprotobuf-lite.dir/__/src/google/protobuf/any_lite.cc.o
#20 61.11 [88/356] Building CXX object third_party/protobuf/cmake/CMakeFiles/libprotobuf-lite.dir/__/src/google/protobuf/generated_enum_util.cc.o
#20 62.40 [89/356] Building CXX object third_party/protobuf/cmake/CMakeFiles/libprotobuf-lite.dir/__/src/google/protobuf/io/strtod.cc.o
#20 62.70 [90/356] Building CXX object third_party/protobuf/cmake/CMakeFiles/libprotobuf-lite.dir/__/src/google/protobuf/io/zero_copy_stream.cc.o
#20 62.98 [91/356] Building CXX object third_party/protobuf/cmake/CMakeFiles/libprotobuf-lite.dir/__/src/google/protobuf/implicit_weak_message.cc.o
#20 63.45 [92/356] Building CXX object third_party/protobuf/cmake/CMakeFiles/libprotobuf-lite.dir/__/src/google/protobuf/io/zero_copy_stream_impl.cc.o
#20 63.47 [93/356] Building CXX object third_party/protobuf/cmake/CMakeFiles/libprotobuf-lite.dir/__/src/google/protobuf/io/coded_stream.cc.o
#20 64.90 [94/356] Building CXX object third_party/protobuf/cmake/CMakeFiles/libprotobuf-lite.dir/__/src/google/protobuf/io/zero_copy_stream_impl_lite.cc.o
#20 65.89 [95/356] Building CXX object third_party/protobuf/cmake/CMakeFiles/libprotobuf-lite.dir/__/src/google/protobuf/stubs/bytestream.cc.o
#20 66.66 [96/356] Building CXX object third_party/protobuf/cmake/CMakeFiles/libprotobuf-lite.dir/__/src/google/protobuf/message_lite.cc.o
#20 67.66 [97/356] Building CXX object third_party/protobuf/cmake/CMakeFiles/libprotobuf-lite.dir/__/src/google/protobuf/parse_context.cc.o
#20 68.37 [98/356] Building CXX object third_party/protobuf/cmake/CMakeFiles/libprotobuf-lite.dir/__/src/google/protobuf/stubs/common.cc.o
#20 68.66 [99/356] Building CXX object third_party/protobuf/cmake/CMakeFiles/libprotobuf-lite.dir/__/src/google/protobuf/stubs/int128.cc.o
#20 69.10 [100/356] Building CXX object third_party/protobuf/cmake/CMakeFiles/libprotobuf-lite.dir/__/src/google/protobuf/generated_message_table_driven_lite.cc.o
#20 69.14 [101/356] Building CXX object third_party/protobuf/cmake/CMakeFiles/libprotobuf-lite.dir/__/src/google/protobuf/generated_message_util.cc.o
#20 69.47 [102/356] Building CXX object third_party/protobuf/cmake/CMakeFiles/libprotobuf-lite.dir/__/src/google/protobuf/stubs/status.cc.o
#20 69.51 [103/356] Building CXX object third_party/protobuf/cmake/CMakeFiles/libprotobuf-lite.dir/__/src/google/protobuf/extension_set.cc.o
#20 70.00 [104/356] Building CXX object third_party/protobuf/cmake/CMakeFiles/libprotobuf-lite.dir/__/src/google/protobuf/stubs/statusor.cc.o
#20 70.48 [105/356] Building CXX object third_party/protobuf/cmake/CMakeFiles/libprotobuf-lite.dir/__/src/google/protobuf/repeated_field.cc.o
#20 70.75 [106/356] Building CXX object third_party/protobuf/cmake/CMakeFiles/libprotobuf-lite.dir/__/src/google/protobuf/stubs/stringprintf.cc.o
#20 71.06 [107/356] Building CXX object third_party/protobuf/cmake/CMakeFiles/libprotobuf-lite.dir/__/src/google/protobuf/stubs/stringpiece.cc.o
#20 71.65 [108/356] Building CXX object third_party/protobuf/cmake/CMakeFiles/libprotobuf-lite.dir/__/src/google/protobuf/stubs/structurally_valid.cc.o
#20 72.25 [109/356] Building CXX object third_party/protobuf/cmake/CMakeFiles/libprotobuf-lite.dir/__/src/google/protobuf/stubs/time.cc.o
#20 73.73 [110/356] Building CXX object third_party/protobuf/cmake/CMakeFiles/libprotobuf-lite.dir/__/src/google/protobuf/wire_format_lite.cc.o
#20 74.14 [111/356] Building CXX object third_party/protobuf/cmake/CMakeFiles/libprotobuf-lite.dir/__/src/google/protobuf/stubs/strutil.cc.o
#20 74.18 [112/356] Linking CXX static library third_party/protobuf/cmake/libprotobuf-lite.a
#20 74.66 [113/356] Building CXX object third_party/protobuf/cmake/CMakeFiles/libprotoc.dir/__/src/google/protobuf/compiler/code_generator.cc.o
#20 78.15 [114/356] Building CXX object third_party/protobuf/cmake/CMakeFiles/libprotoc.dir/__/src/google/protobuf/compiler/cpp/cpp_enum_field.cc.o
#20 78.24 [115/356] Building CXX object third_party/protobuf/cmake/CMakeFiles/libprotoc.dir/__/src/google/protobuf/compiler/cpp/cpp_extension.cc.o
#20 78.46 [116/356] Building CXX object third_party/protobuf/cmake/CMakeFiles/libprotoc.dir/__/src/google/protobuf/compiler/cpp/cpp_field.cc.o
#20 79.35 [117/356] Building CXX object third_party/protobuf/cmake/CMakeFiles/libprotoc.dir/__/src/google/protobuf/compiler/cpp/cpp_enum.cc.o
#20 80.03 [118/356] Building CXX object third_party/protobuf/cmake/CMakeFiles/libprotoc.dir/__/src/google/protobuf/compiler/cpp/cpp_generator.cc.o
#20 85.36 [119/356] Building CXX object third_party/protobuf/cmake/CMakeFiles/libprotoc.dir/__/src/google/protobuf/compiler/cpp/cpp_map_field.cc.o
#20 86.33 [120/356] Building CXX object third_party/protobuf/cmake/CMakeFiles/libprotoc.dir/__/src/google/protobuf/compiler/command_line_interface.cc.o
#20 86.53 [121/356] Building CXX object third_party/protobuf/cmake/CMakeFiles/libprotoc.dir/__/src/google/protobuf/compiler/cpp/cpp_message_field.cc.o
#20 86.84 [122/356] Building CXX object third_party/protobuf/cmake/CMakeFiles/libprotoc.dir/__/src/google/protobuf/compiler/cpp/cpp_padding_optimizer.cc.o
#20 87.30 [123/356] Building CXX object third_party/protobuf/cmake/CMakeFiles/libprotoc.dir/__/src/google/protobuf/compiler/cpp/cpp_primitive_field.cc.o
#20 89.96 [124/356] Building CXX object third_party/protobuf/cmake/CMakeFiles/libprotoc.dir/__/src/google/protobuf/compiler/cpp/cpp_helpers.cc.o
#20 90.51 [125/356] Building CXX object third_party/protobuf/cmake/CMakeFiles/libprotoc.dir/__/src/google/protobuf/compiler/csharp/csharp_doc_comment.cc.o
#20 91.76 [126/356] Building CXX object third_party/protobuf/cmake/CMakeFiles/libprotoc.dir/__/src/google/protobuf/compiler/csharp/csharp_enum_field.cc.o
#20 91.99 [127/356] Building CXX object third_party/protobuf/cmake/CMakeFiles/libprotoc.dir/__/src/google/protobuf/compiler/cpp/cpp_service.cc.o
#20 92.31 [128/356] Building CXX object third_party/protobuf/cmake/CMakeFiles/libprotoc.dir/__/src/google/protobuf/compiler/csharp/csharp_enum.cc.o
#20 94.02 [129/356] Building CXX object third_party/protobuf/cmake/CMakeFiles/libprotoc.dir/__/src/google/protobuf/compiler/cpp/cpp_file.cc.o
#20 94.78 [130/356] Building CXX object third_party/protobuf/cmake/CMakeFiles/libprotoc.dir/__/src/google/protobuf/compiler/cpp/cpp_string_field.cc.o
#20 95.18 [131/356] Building CXX object third_party/protobuf/cmake/CMakeFiles/libprotoc.dir/__/src/google/protobuf/compiler/csharp/csharp_generator.cc.o
#20 96.88 [132/356] Building CXX object third_party/protobuf/cmake/CMakeFiles/libprotoc.dir/__/src/google/protobuf/compiler/csharp/csharp_map_field.cc.o
#20 97.24 [133/356] Building CXX object third_party/protobuf/cmake/CMakeFiles/libprotoc.dir/__/src/google/protobuf/compiler/csharp/csharp_helpers.cc.o
#20 97.58 [134/356] Building CXX object third_party/protobuf/cmake/CMakeFiles/libprotoc.dir/__/src/google/protobuf/compiler/csharp/csharp_field_base.cc.o
#20 99.13 [135/356] Building CXX object third_party/protobuf/cmake/CMakeFiles/libprotoc.dir/__/src/google/protobuf/compiler/csharp/csharp_message_field.cc.o
#20 99.57 [136/356] Building CXX object third_party/protobuf/cmake/CMakeFiles/libprotoc.dir/__/src/google/protobuf/compiler/csharp/csharp_message.cc.o
#20 100.0 [137/356] Building CXX object third_party/protobuf/cmake/CMakeFiles/libprotoc.dir/__/src/google/protobuf/compiler/csharp/csharp_primitive_field.cc.o
#20 101.1 [138/356] Building CXX object third_party/protobuf/cmake/CMakeFiles/libprotoc.dir/__/src/google/protobuf/compiler/csharp/csharp_reflection_class.cc.o
#20 101.3 [139/356] Building CXX object third_party/protobuf/cmake/CMakeFiles/libprotoc.dir/__/src/google/protobuf/compiler/csharp/csharp_repeated_enum_field.cc.o
#20 102.0 [140/356] Building CXX object third_party/protobuf/cmake/CMakeFiles/libprotoc.dir/__/src/google/protobuf/compiler/csharp/csharp_repeated_primitive_field.cc.o
#20 102.4 [141/356] Building CXX object third_party/protobuf/cmake/CMakeFiles/libprotoc.dir/__/src/google/protobuf/compiler/csharp/csharp_repeated_message_field.cc.o
#20 103.7 [142/356] Building CXX object third_party/protobuf/cmake/CMakeFiles/libprotoc.dir/__/src/google/protobuf/compiler/csharp/csharp_source_generator_base.cc.o
#20 104.7 [143/356] Building CXX object third_party/protobuf/cmake/CMakeFiles/libprotoc.dir/__/src/google/protobuf/compiler/csharp/csharp_wrapper_field.cc.o
#20 105.1 [144/356] Building CXX object third_party/protobuf/cmake/CMakeFiles/libprotoc.dir/__/src/google/protobuf/compiler/java/java_doc_comment.cc.o
#20 106.3 [145/356] Building CXX object third_party/protobuf/cmake/CMakeFiles/libprotoc.dir/__/src/google/protobuf/compiler/cpp/cpp_message.cc.o
#20 106.6 [146/356] Building CXX object third_party/protobuf/cmake/CMakeFiles/libprotoc.dir/__/src/google/protobuf/compiler/java/java_context.cc.o
#20 107.9 [147/356] Building CXX object third_party/protobuf/cmake/CMakeFiles/libprotoc.dir/__/src/google/protobuf/compiler/java/java_enum.cc.o
#20 108.8 [148/356] Building CXX object third_party/protobuf/cmake/CMakeFiles/libprotoc.dir/__/src/google/protobuf/compiler/java/java_enum_field_lite.cc.o
#20 109.0 [149/356] Building CXX object third_party/protobuf/cmake/CMakeFiles/libprotoc.dir/__/src/google/protobuf/compiler/java/java_enum_field.cc.o
#20 110.0 [150/356] Building CXX object third_party/protobuf/cmake/CMakeFiles/libprotoc.dir/__/src/google/protobuf/compiler/java/java_enum_lite.cc.o
#20 110.2 [151/356] Building CXX object third_party/protobuf/cmake/CMakeFiles/libprotoc.dir/__/src/google/protobuf/compiler/java/java_extension_lite.cc.o
#20 110.5 [152/356] Building CXX object third_party/protobuf/cmake/CMakeFiles/libprotoc.dir/__/src/google/protobuf/compiler/java/java_extension.cc.o
#20 112.3 [153/356] Building CXX object third_party/protobuf/cmake/CMakeFiles/libprotoc.dir/__/src/google/protobuf/compiler/java/java_field.cc.o
#20 113.3 [154/356] Building CXX object third_party/protobuf/cmake/CMakeFiles/libprotoc.dir/__/src/google/protobuf/compiler/java/java_generator_factory.cc.o
#20 114.0 [155/356] Building CXX object third_party/protobuf/cmake/CMakeFiles/libprotoc.dir/__/src/google/protobuf/compiler/java/java_generator.cc.o
#20 115.2 [156/356] Building CXX object third_party/protobuf/cmake/CMakeFiles/libprotoc.dir/__/src/google/protobuf/compiler/java/java_file.cc.o
#20 117.0 [157/356] Building CXX object third_party/protobuf/cmake/CMakeFiles/libprotoc.dir/__/src/google/protobuf/compiler/java/java_map_field_lite.cc.o
#20 117.2 [158/356] Building CXX object third_party/protobuf/cmake/CMakeFiles/libprotoc.dir/__/src/google/protobuf/compiler/java/java_map_field.cc.o
#20 118.0 [159/356] Building CXX object third_party/protobuf/cmake/CMakeFiles/libprotoc.dir/__/src/google/protobuf/compiler/java/java_helpers.cc.o
#20 118.8 [160/356] Building CXX object third_party/protobuf/cmake/CMakeFiles/libprotoc.dir/__/src/google/protobuf/compiler/java/java_message_builder_lite.cc.o
#20 119.4 [161/356] Building CXX object third_party/protobuf/cmake/CMakeFiles/libprotoc.dir/__/src/google/protobuf/compiler/java/java_message_builder.cc.o
#20 120.7 [162/356] Building CXX object third_party/protobuf/cmake/CMakeFiles/libprotoc.dir/__/src/google/protobuf/compiler/java/java_message_field.cc.o
#20 120.9 [163/356] Building CXX object third_party/protobuf/cmake/CMakeFiles/libprotoc.dir/__/src/google/protobuf/compiler/java/java_message.cc.o
#20 121.5 [164/356] Building CXX object third_party/protobuf/cmake/CMakeFiles/libprotoc.dir/__/src/google/protobuf/compiler/java/java_message_field_lite.cc.o
#20 122.8 [165/356] Building CXX object third_party/protobuf/cmake/CMakeFiles/libprotoc.dir/__/src/google/protobuf/compiler/java/java_name_resolver.cc.o
#20 124.6 [166/356] Building CXX object third_party/protobuf/cmake/CMakeFiles/libprotoc.dir/__/src/google/protobuf/compiler/java/java_message_lite.cc.o
#20 124.6 [167/356] Building CXX object third_party/protobuf/cmake/CMakeFiles/libprotoc.dir/__/src/google/protobuf/compiler/js/well_known_types_embed.cc.o
#20 125.9 [168/356] Building CXX object third_party/protobuf/cmake/CMakeFiles/libprotoc.dir/__/src/google/protobuf/compiler/java/java_service.cc.o
#20 126.2 [169/356] Building CXX object third_party/protobuf/cmake/CMakeFiles/libprotoc.dir/__/src/google/protobuf/compiler/java/java_primitive_field.cc.o
#20 126.9 [170/356] Building CXX object third_party/protobuf/cmake/CMakeFiles/libprotoc.dir/__/src/google/protobuf/compiler/java/java_primitive_field_lite.cc.o
#20 126.9 [171/356] Building CXX object third_party/protobuf/cmake/CMakeFiles/libprotoc.dir/__/src/google/protobuf/compiler/java/java_shared_code_generator.cc.o
#20 127.7 [172/356] Building CXX object third_party/protobuf/cmake/CMakeFiles/libprotoc.dir/__/src/google/protobuf/compiler/java/java_string_field.cc.o
#20 128.0 [173/356] Building CXX object third_party/protobuf/cmake/CMakeFiles/libprotoc.dir/__/src/google/protobuf/compiler/java/java_string_field_lite.cc.o
#20 131.5 [174/356] Building CXX object third_party/protobuf/cmake/CMakeFiles/libprotoc.dir/__/src/google/protobuf/compiler/objectivec/objectivec_enum_field.cc.o
#20 131.5 [175/356] Building CXX object third_party/protobuf/cmake/CMakeFiles/libprotoc.dir/__/src/google/protobuf/compiler/objectivec/objectivec_enum.cc.o
#20 132.4 [176/356] Building CXX object third_party/protobuf/cmake/CMakeFiles/libprotoc.dir/__/src/google/protobuf/compiler/objectivec/objectivec_extension.cc.o
#20 132.6 [177/356] Building CXX object third_party/protobuf/cmake/CMakeFiles/libprotoc.dir/__/src/google/protobuf/compiler/objectivec/objectivec_generator.cc.o
#20 134.8 [178/356] Building CXX object third_party/protobuf/cmake/CMakeFiles/libprotoc.dir/__/src/google/protobuf/compiler/objectivec/objectivec_field.cc.o
#20 135.1 [179/356] Building CXX object third_party/protobuf/cmake/CMakeFiles/libprotoc.dir/__/src/google/protobuf/compiler/objectivec/objectivec_file.cc.o
#20 138.0 [180/356] Building CXX object third_party/protobuf/cmake/CMakeFiles/libprotoc.dir/__/src/google/protobuf/compiler/objectivec/objectivec_map_field.cc.o
#20 138.1 [181/356] Building CXX object third_party/protobuf/cmake/CMakeFiles/libprotoc.dir/__/src/google/protobuf/compiler/objectivec/objectivec_message_field.cc.o
#20 138.4 [182/356] Building CXX object third_party/protobuf/cmake/CMakeFiles/libprotoc.dir/__/src/google/protobuf/compiler/objectivec/objectivec_oneof.cc.o
#20 140.2 [183/356] Building CXX object third_party/protobuf/cmake/CMakeFiles/libprotoc.dir/__/src/google/protobuf/compiler/objectivec/objectivec_primitive_field.cc.o
#20 140.7 [184/356] Building CXX object third_party/protobuf/cmake/CMakeFiles/libprotoc.dir/__/src/google/protobuf/compiler/objectivec/objectivec_helpers.cc.o
#20 141.4 [185/356] Building CXX object third_party/protobuf/cmake/CMakeFiles/libprotoc.dir/__/src/google/protobuf/compiler/objectivec/objectivec_message.cc.o
#20 143.3 [186/356] Building CXX object third_party/protobuf/cmake/CMakeFiles/libprotoc.dir/__/src/google/protobuf/compiler/plugin.cc.o
#20 144.3 [187/356] Building CXX object third_party/protobuf/cmake/CMakeFiles/libprotoc.dir/__/src/google/protobuf/compiler/subprocess.cc.o
#20 144.7 [188/356] Building CXX object third_party/protobuf/cmake/CMakeFiles/libprotoc.dir/__/src/google/protobuf/compiler/zip_writer.cc.o
#20 145.3 [189/356] Building CXX object third_party/protobuf/cmake/CMakeFiles/libprotoc.dir/__/src/google/protobuf/compiler/plugin.pb.cc.o
#20 147.2 [190/356] Building CXX object third_party/protobuf/cmake/CMakeFiles/libprotobuf.dir/__/src/google/protobuf/stubs/structurally_valid.cc.o
#20 147.3 [191/356] Building CXX object third_party/protobuf/cmake/CMakeFiles/libprotoc.dir/__/src/google/protobuf/compiler/ruby/ruby_generator.cc.o
#20 147.3 [192/356] Building CXX object third_party/protobuf/cmake/CMakeFiles/libprotoc.dir/__/src/google/protobuf/compiler/php/php_generator.cc.o
#20 148.0 [193/356] Building CXX object third_party/protobuf/cmake/CMakeFiles/libprotobuf.dir/__/src/google/protobuf/arena.cc.o
#20 148.1 [194/356] Building CXX object third_party/protobuf/cmake/CMakeFiles/libprotobuf.dir/__/src/google/protobuf/any_lite.cc.o
#20 148.3 [195/356] Building CXX object third_party/protobuf/cmake/CMakeFiles/libprotoc.dir/__/src/google/protobuf/compiler/js/js_generator.cc.o
#20 149.0 [196/356] Building CXX object third_party/protobuf/cmake/CMakeFiles/libprotobuf.dir/__/src/google/protobuf/stubs/strutil.cc.o
#20 149.0 [197/356] Building CXX object third_party/protobuf/cmake/CMakeFiles/libprotobuf.dir/__/src/google/protobuf/io/io_win32.cc.o
#20 150.5 [198/356] Building CXX object third_party/protobuf/cmake/CMakeFiles/libprotobuf.dir/__/src/google/protobuf/generated_enum_util.cc.o
#20 151.1 [199/356] Building CXX object third_party/protobuf/cmake/CMakeFiles/libprotoc.dir/__/src/google/protobuf/compiler/python/python_generator.cc.o
#20 151.5 [200/356] Building CXX object third_party/protobuf/cmake/CMakeFiles/libprotobuf.dir/__/src/google/protobuf/io/strtod.cc.o
#20 151.5 [201/356] Building CXX object third_party/protobuf/cmake/CMakeFiles/libprotobuf.dir/__/src/google/protobuf/implicit_weak_message.cc.o
#20 152.3 [202/356] Building CXX object third_party/protobuf/cmake/CMakeFiles/libprotobuf.dir/__/src/google/protobuf/io/coded_stream.cc.o
#20 152.7 [203/356] Building CXX object third_party/protobuf/cmake/CMakeFiles/libprotobuf.dir/__/src/google/protobuf/io/zero_copy_stream.cc.o
#20 153.7 [204/356] Building CXX object third_party/protobuf/cmake/CMakeFiles/libprotobuf.dir/__/src/google/protobuf/io/zero_copy_stream_impl.cc.o
#20 154.2 [205/356] Building CXX object third_party/protobuf/cmake/CMakeFiles/libprotobuf.dir/__/src/google/protobuf/io/zero_copy_stream_impl_lite.cc.o
#20 155.9 [206/356] Building CXX object third_party/protobuf/cmake/CMakeFiles/libprotobuf.dir/__/src/google/protobuf/message_lite.cc.o
#20 156.5 [207/356] Building CXX object third_party/protobuf/cmake/CMakeFiles/libprotobuf.dir/__/src/google/protobuf/stubs/bytestream.cc.o
#20 157.7 [208/356] Building CXX object third_party/protobuf/cmake/CMakeFiles/libprotobuf.dir/__/src/google/protobuf/parse_context.cc.o
#20 158.1 [209/356] Building CXX object third_party/protobuf/cmake/CMakeFiles/libprotobuf.dir/__/src/google/protobuf/stubs/common.cc.o
#20 159.0 [210/356] Building CXX object third_party/protobuf/cmake/CMakeFiles/libprotobuf.dir/__/src/google/protobuf/stubs/int128.cc.o
#20 159.2 [211/356] Building CXX object third_party/protobuf/cmake/CMakeFiles/libprotobuf.dir/__/src/google/protobuf/generated_message_table_driven_lite.cc.o
#20 159.5 [212/356] Building CXX object third_party/protobuf/cmake/CMakeFiles/libprotobuf.dir/__/src/google/protobuf/generated_message_util.cc.o
#20 159.5 [213/356] Building CXX object third_party/protobuf/cmake/CMakeFiles/libprotobuf.dir/__/src/google/protobuf/stubs/status.cc.o
#20 159.8 [214/356] Building CXX object third_party/protobuf/cmake/CMakeFiles/libprotobuf.dir/__/src/google/protobuf/extension_set.cc.o
#20 160.4 [215/356] Building CXX object third_party/protobuf/cmake/CMakeFiles/libprotobuf.dir/__/src/google/protobuf/stubs/statusor.cc.o
#20 160.6 [216/356] Building CXX object third_party/protobuf/cmake/CMakeFiles/libprotobuf.dir/__/src/google/protobuf/repeated_field.cc.o
#20 161.1 [217/356] Building CXX object third_party/protobuf/cmake/CMakeFiles/libprotobuf.dir/__/src/google/protobuf/stubs/stringpiece.cc.o
#20 161.4 [218/356] Building CXX object third_party/protobuf/cmake/CMakeFiles/libprotobuf.dir/__/src/google/protobuf/stubs/stringprintf.cc.o
#20 162.7 [219/356] Building CXX object third_party/protobuf/cmake/CMakeFiles/libprotobuf.dir/__/src/google/protobuf/any.cc.o
#20 163.7 [220/356] Building CXX object third_party/protobuf/cmake/CMakeFiles/libprotobuf.dir/__/src/google/protobuf/any.pb.cc.o
#20 166.0 [221/356] Building CXX object third_party/protobuf/cmake/CMakeFiles/libprotobuf.dir/__/src/google/protobuf/compiler/importer.cc.o
#20 166.2 [222/356] Building CXX object third_party/protobuf/cmake/CMakeFiles/libprotobuf.dir/__/src/google/protobuf/api.pb.cc.o
#20 166.9 [223/356] Building CXX object third_party/protobuf/cmake/CMakeFiles/libprotobuf.dir/__/src/google/protobuf/duration.pb.cc.o
#20 170.0 [224/356] Building CXX object third_party/protobuf/cmake/CMakeFiles/libprotobuf.dir/__/src/google/protobuf/empty.pb.cc.o
#20 170.3 [225/356] Building CXX object third_party/protobuf/cmake/CMakeFiles/libprotobuf.dir/__/src/google/protobuf/dynamic_message.cc.o
#20 171.4 [226/356] Building CXX object third_party/protobuf/cmake/CMakeFiles/libprotobuf.dir/__/src/google/protobuf/field_mask.pb.cc.o
#20 171.5 [227/356] Building CXX object third_party/protobuf/cmake/CMakeFiles/libprotobuf.dir/__/src/google/protobuf/io/gzip_stream.cc.o
#20 172.4 [228/356] Building CXX object third_party/protobuf/cmake/CMakeFiles/libprotobuf.dir/__/src/google/protobuf/descriptor_database.cc.o
#20 172.8 [229/356] Building CXX object third_party/protobuf/cmake/CMakeFiles/libprotobuf.dir/__/src/google/protobuf/extension_set_heavy.cc.o
#20 173.9 [230/356] Building CXX object third_party/protobuf/cmake/CMakeFiles/libprotobuf.dir/__/src/google/protobuf/compiler/parser.cc.o
#20 176.0 [231/356] Building CXX object third_party/protobuf/cmake/CMakeFiles/libprotobuf.dir/__/src/google/protobuf/io/printer.cc.o
#20 176.9 [232/356] Building CXX object third_party/protobuf/cmake/CMakeFiles/libprotobuf.dir/__/src/google/protobuf/io/tokenizer.cc.o
#20 179.1 [233/356] Building CXX object third_party/protobuf/cmake/CMakeFiles/libprotobuf.dir/__/src/google/protobuf/service.cc.o
#20 180.1 [234/356] Building CXX object third_party/protobuf/cmake/CMakeFiles/libprotobuf.dir/__/src/google/protobuf/map_field.cc.o
#20 182.2 [235/356] Building CXX object third_party/protobuf/cmake/CMakeFiles/libprotobuf.dir/__/src/google/protobuf/reflection_ops.cc.o
#20 182.8 [236/356] Building CXX object third_party/protobuf/cmake/CMakeFiles/libprotobuf.dir/__/src/google/protobuf/generated_message_reflection.cc.o
#20 182.9 [237/356] Building CXX object third_party/protobuf/cmake/CMakeFiles/libprotobuf.dir/__/src/google/protobuf/generated_message_table_driven.cc.o
#20 182.9 [238/356] Building CXX object third_party/protobuf/cmake/CMakeFiles/libprotobuf.dir/__/src/google/protobuf/message.cc.o
#20 183.5 [239/356] Building CXX object third_party/protobuf/cmake/CMakeFiles/libprotobuf.dir/__/src/google/protobuf/source_context.pb.cc.o
#20 184.8 [240/356] Building CXX object third_party/protobuf/cmake/CMakeFiles/libprotobuf.dir/__/src/google/protobuf/stubs/mathlimits.cc.o
#20 185.8 [241/356] Building CXX object third_party/protobuf/cmake/CMakeFiles/libprotobuf.dir/__/src/google/protobuf/stubs/substitute.cc.o
#20 187.2 [242/356] Building CXX object third_party/protobuf/cmake/CMakeFiles/libprotobuf.dir/__/src/google/protobuf/timestamp.pb.cc.o
#20 188.5 [243/356] Building CXX object third_party/protobuf/cmake/CMakeFiles/libprotobuf.dir/__/src/google/protobuf/descriptor.pb.cc.o
#20 188.9 [244/356] Building CXX object third_party/protobuf/cmake/CMakeFiles/libprotobuf.dir/__/src/google/protobuf/util/delimited_message_util.cc.o
#20 189.7 [245/356] Building CXX object third_party/protobuf/cmake/CMakeFiles/libprotobuf.dir/__/src/google/protobuf/unknown_field_set.cc.o
#20 190.7 [246/356] Building CXX object third_party/protobuf/cmake/CMakeFiles/libprotobuf.dir/__/src/google/protobuf/struct.pb.cc.o
#20 191.7 [247/356] Building CXX object third_party/protobuf/cmake/CMakeFiles/libprotobuf.dir/__/src/google/protobuf/util/field_comparator.cc.o
#20 192.5 [248/356] Building CXX object third_party/protobuf/cmake/CMakeFiles/libprotobuf.dir/__/src/google/protobuf/type.pb.cc.o
#20 193.4 [249/356] Building CXX object third_party/protobuf/cmake/CMakeFiles/libprotobuf.dir/__/src/google/protobuf/util/internal/error_listener.cc.o
#20 195.3 [250/356] Building CXX object third_party/protobuf/cmake/CMakeFiles/libprotobuf.dir/__/src/google/protobuf/util/internal/json_escaping.cc.o
#20 195.5 [251/356] Building CXX object third_party/protobuf/cmake/CMakeFiles/libprotobuf.dir/__/src/google/protobuf/util/field_mask_util.cc.o
#20 196.9 [252/356] Building CXX object third_party/protobuf/cmake/CMakeFiles/libprotobuf.dir/__/src/google/protobuf/util/internal/datapiece.cc.o
#20 197.2 [253/356] Building CXX object third_party/protobuf/cmake/CMakeFiles/libprotobuf.dir/__/src/google/protobuf/util/internal/field_mask_utility.cc.o
#20 198.2 [254/356] Building CXX object third_party/protobuf/cmake/CMakeFiles/libprotobuf.dir/__/src/google/protobuf/util/internal/json_objectwriter.cc.o
#20 198.3 [255/356] Building CXX object third_party/protobuf/cmake/CMakeFiles/libprotobuf.dir/__/src/google/protobuf/text_format.cc.o
#20 198.7 [256/356] Building CXX object third_party/protobuf/cmake/CMakeFiles/libprotobuf.dir/__/src/google/protobuf/util/internal/default_value_objectwriter.cc.o
#20 199.7 [257/356] Building CXX object third_party/protobuf/cmake/CMakeFiles/libprotobuf.dir/__/src/google/protobuf/util/internal/object_writer.cc.o
#20 200.5 [258/356] Building CXX object third_party/protobuf/cmake/CMakeFiles/libprotobuf.dir/__/src/google/protobuf/util/internal/json_stream_parser.cc.o
#20 203.6 [259/356] Building CXX object third_party/protobuf/cmake/CMakeFiles/libprotobuf.dir/__/src/google/protobuf/util/internal/type_info_test_helper.cc.o
#20 204.2 [260/356] Building CXX object third_party/protobuf/cmake/CMakeFiles/libprotobuf.dir/__/src/google/protobuf/descriptor.cc.o
#20 204.6 [261/356] Building CXX object third_party/protobuf/cmake/CMakeFiles/libprotobuf.dir/__/src/google/protobuf/util/internal/type_info.cc.o
#20 205.3 [262/356] Building CXX object third_party/protobuf/cmake/CMakeFiles/libprotobuf.dir/__/src/google/protobuf/util/internal/protostream_objectsource.cc.o
#20 205.7 [263/356] Building CXX object third_party/protobuf/cmake/CMakeFiles/libprotobuf.dir/__/src/google/protobuf/util/internal/proto_writer.cc.o
#20 205.8 [264/356] Building CXX object third_party/protobuf/cmake/CMakeFiles/libprotobuf.dir/__/src/google/protobuf/util/json_util.cc.o
#20 206.1 [265/356] Building CXX object third_party/protobuf/cmake/CMakeFiles/libprotobuf.dir/__/src/google/protobuf/util/internal/utility.cc.o
#20 206.1 [266/356] Building C object third_party/zlib/CMakeFiles/minigzip.dir/test/minigzip.o
#20 206.1 FAILED: third_party/zlib/CMakeFiles/minigzip.dir/test/minigzip.o 
#20 206.1 /usr/local/bin/clang -DUSE_RE2 -D_LARGEFILE64_SOURCE=1 -D_LIBCXXABI_FUNC_VIS="" -I/src/bloaty/third_party/re2 -I/src/bloaty/third_party/capstone/include -I/work/third_party/zlib -I/src/bloaty -isystem /src/bloaty/third_party/protobuf/src -DFUZZING_BUILD_MODE_UNSAFE_FOR_PRODUCTION -pthread -Wl,--no-as-needed -Wl,-ldl -Wl,-lm -Wno-unused-command-line-argument -O3 -fsanitize-coverage=trace-pc-guard -O2 -g -DNDEBUG -MD -MT third_party/zlib/CMakeFiles/minigzip.dir/test/minigzip.o -MF third_party/zlib/CMakeFiles/minigzip.dir/test/minigzip.o.d -o third_party/zlib/CMakeFiles/minigzip.dir/test/minigzip.o -c /src/bloaty/third_party/zlib/test/minigzip.c
#20 206.1 /src/bloaty/third_party/zlib/test/minigzip.c:18:10: fatal error: 'zlib.h' file not found
#20 206.1 #include "zlib.h"
#20 206.1          ^~~~~~~~
#20 206.1 1 error generated.
#20 207.3 [267/356] Building CXX object third_party/protobuf/cmake/CMakeFiles/libprotobuf.dir/__/src/google/protobuf/util/internal/protostream_objectwriter.cc.o
#20 208.8 [268/356] Building CXX object third_party/protobuf/cmake/CMakeFiles/libprotobuf.dir/__/src/google/protobuf/util/time_util.cc.o
#20 208.9 [269/356] Building CXX object third_party/protobuf/cmake/CMakeFiles/protoc.dir/__/src/google/protobuf/compiler/main.cc.o
#20 209.8 [270/356] Building CXX object third_party/protobuf/cmake/CMakeFiles/libprotobuf.dir/__/src/google/protobuf/util/type_resolver_util.cc.o
#20 211.0 [271/356] Building CXX object third_party/protobuf/cmake/CMakeFiles/libprotobuf.dir/__/src/google/protobuf/wrappers.pb.cc.o
#20 213.0 [272/356] Building CXX object third_party/protobuf/cmake/CMakeFiles/libprotobuf.dir/__/src/google/protobuf/wire_format.cc.o
#20 214.1 [273/356] Building CXX object third_party/protobuf/cmake/CMakeFiles/libprotobuf.dir/__/src/google/protobuf/util/message_differencer.cc.o
#20 214.1 ninja: build stopped: subcommand failed.
#20 214.1 Traceback (most recent call last):
#20 214.1   File "<string>", line 1, in <module>
#20 214.1   File "/src/fuzzers/afl/fuzzer.py", line 40, in build
#20 214.1     utils.build_benchmark()
#20 214.1   File "/src/fuzzers/utils.py", line 82, in build_benchmark
#20 214.1     subprocess.check_call(['/bin/bash', '-ex', build_script], env=env)
#20 214.1   File "/usr/local/lib/python3.8/subprocess.py", line 364, in check_call
#20 214.1     raise CalledProcessError(retcode, cmd)
#20 214.1 subprocess.CalledProcessError: Command '['/bin/bash', '-ex', '/src/build.sh']' returned non-zero exit status 1.
#20 ERROR: executor failed running [/bin/sh -c echo "Run fuzzer_build to build the target" && if [ -z "$debug_builder" ] ; then fuzzer_build; fi]: exit code: 1
------
 > importing cache manifest from gcr.io/fuzzbench/builders/afl/bloaty_bloaty:
------
------
 > [stage-1 13/13] RUN echo "Run fuzzer_build to build the target" && if [ -z "$debug_builder" ] ; then fuzzer_build; fi:
------
executor failed running [/bin/sh -c echo "Run fuzzer_build to build the target" && if [ -z "$debug_builder" ] ; then fuzzer_build; fi]: exit code: 1
make: *** [docker/generated.mk:2672308: .afl-bloaty_bloaty-builder] Error 1
/bin/sh: 1: source: not found
#1 [internal] load build definition from Dockerfile
#1 sha256:88000dd882f0ec37eb13c1b143cd8d2f2d5df69e9f1704f353b71df8f02de4f1
#1 transferring dockerfile: 32B done
#1 DONE 0.0s

#2 [internal] load .dockerignore
#2 sha256:abcb0ddc2fccb56ff82236d700ea70691e514f61d118acc31e26a4e49ce7a5d8
#2 transferring context: 2B done
#2 DONE 0.1s

#3 [internal] load metadata for gcr.io/oss-fuzz-base/base-builder:latest
#3 sha256:f10dc39cc9d418a5bc416dead31a1902b6821fdae909cd3b08f7a3fd1faba7b5
#3 DONE 0.4s

#5 [1/5] FROM gcr.io/oss-fuzz-base/base-builder@sha256:f4e5ea12494fab091c5d830cf803b3421f2860f729b9d1b07da44924396cf8cf
#5 sha256:ef290950573a2779ee526af357b28fbddfc20d7409aa51f58f777c9e972cba29
#5 DONE 0.0s

#4 importing cache manifest from gcr.io/fuzzbench/builders/benchmark/bloaty_bloaty
#4 sha256:b7aa0be7cb2f342e6cf502669c40f13f41527c482d942d42adddb668e361a316
#4 DONE 0.0s

#9 [internal] load build context
#9 sha256:b31d172caa1825cea0f1b5e1b252665ddf41e859aa9c8813c112d128df8bcabf
#9 transferring context: 30B done
#9 DONE 0.0s

#8 [4/5] WORKDIR bloaty
#8 sha256:42b05e7c322f3aa6e298578c0e216bd71ec9b1e355080787919b1e08ff4a873e
#8 CACHED

#6 [2/5] RUN apt-get update && apt-get install -y cmake ninja-build g++
#6 sha256:dc3bc3ffcd325de26412a694a8944fd0393d8e118bcf05c25932b0dbf83b1338
#6 CACHED

#7 [3/5] RUN git clone --depth 1 https://github.com/google/bloaty.git bloaty
#7 sha256:711b050ff5646e79a91c08d41374bbbea9ed8e7fe5dd645cb48ffc3920bb9e04
#7 CACHED

#10 [5/5] COPY build.sh /src/
#10 sha256:9d7976d604cf44dc9ac5c0ae479f26df44af7c8c444f8f8556d1cf5a4e440824
#10 CACHED

#11 exporting to image
#11 sha256:e8c613e07b0b7ff33893b694f7759a10d42e180f2b4dc349fb57dc6b71dcab00
#11 exporting layers done
#11 writing image sha256:b79dd9d33c4e3ec3ab8e8260219fe35683b18fba44d7be2c612b7e3cdb11e576 0.0s done
#11 naming to gcr.io/fuzzbench/builders/benchmark/bloaty_bloaty done
#11 DONE 0.2s

#12 exporting cache
#12 sha256:2700d4ef94dee473593c5c614b55b2dedcca7893909811a8f2b48291a1f581e4
#12 preparing build cache for export done
#12 DONE 0.0s
#1 [internal] load build definition from builder.Dockerfile
#1 sha256:6ae38f4686c27c58c2d110a3c471059a3a8a4fbe95e5394db00252abe13eed1e
#1 transferring dockerfile: 46B done
#1 DONE 0.0s

#2 [internal] load .dockerignore
#2 sha256:77595b21e6b5546e0f933bc1ee056a5729f3c6453e15363b0981dae88e0937d5
#2 transferring context: 2B done
#2 DONE 0.0s

#3 [internal] load metadata for gcr.io/fuzzbench/builders/benchmark/bloaty_bloaty:latest
#3 sha256:5ca45e47aa4a63dc7020fcc3e34584f7b001e78567410d2d068068db768e7aa8
#3 DONE 0.0s

#5 [1/3] FROM gcr.io/fuzzbench/builders/benchmark/bloaty_bloaty
#5 sha256:0d85986fe63012022a6b4fa0f55bac4442646bd250e5b22e33feb55d78a5ab2d
#5 DONE 0.0s

#4 importing cache manifest from gcr.io/fuzzbench/builders/afl/bloaty_bloaty-intermediate
#4 sha256:3c2a6ec70b27d0d8404b168e9175d8680eb414f5cd6fa9acc9e428add7f3659f
#4 DONE 0.0s

#6 [2/3] RUN git clone https://github.com/google/AFL.git /afl &&     cd /afl &&     git checkout 61037103ae3722c8060ff7082994836a794f978e &&     AFL_NO_X86=1 make
#6 sha256:4dbdb50a6028702636b7ee363ca56f949ded7e8dac20ba3fca2cdd60d21d4f08
#6 CACHED

#7 [3/3] RUN apt-get update &&     apt-get install wget -y &&     wget https://raw.githubusercontent.com/llvm/llvm-project/5feb80e748924606531ba28c97fe65145c65372e/compiler-rt/lib/fuzzer/afl/afl_driver.cpp -O /afl/afl_driver.cpp &&     clang -Wno-pointer-sign -c /afl/llvm_mode/afl-llvm-rt.o.c -I/afl &&     clang++ -stdlib=libc++ -std=c++11 -O2 -c /afl/afl_driver.cpp &&     ar r /libAFL.a *.o
#7 sha256:8ffeed4b35fdad864a27419b7366c881f098a0a50480a86ca40fb35928d900e7
#7 CACHED

#8 exporting to image
#8 sha256:e8c613e07b0b7ff33893b694f7759a10d42e180f2b4dc349fb57dc6b71dcab00
#8 exporting layers done
#8 writing image sha256:b726dd78a0fa96f6b8aa76edef4daad206c6f12a488c737a72765fc8ed71b7cc done
#8 naming to gcr.io/fuzzbench/builders/afl/bloaty_bloaty-intermediate done
#8 DONE 0.1s

#9 exporting cache
#9 sha256:2700d4ef94dee473593c5c614b55b2dedcca7893909811a8f2b48291a1f581e4
#9 preparing build cache for export done
#9 DONE 0.0s
#1 [internal] load build definition from Dockerfile
#1 sha256:c4d4f0b86c23311fed09a0c7eadc32d1b87d34e19ccbdb2c14dda932fedd69ef
#1 transferring dockerfile: 2.00kB done
#1 DONE 0.0s

#2 [internal] load .dockerignore
#2 sha256:550123608f5fce55dca94dc64b301f41e75db717fca29b45c92a288e538505db
#2 transferring context: 34B done
#2 DONE 0.0s

#3 [internal] load metadata for docker.io/library/ubuntu:xenial
#3 sha256:f62bae18ed588840f045c881b2502661f2a89578a2f8f99b83f5200ee83dd25b
#3 DONE 0.0s

#5 [1/7] FROM docker.io/library/ubuntu:xenial
#5 sha256:14dd403f25ae9e519bd44f27dc17af7ce80f5a4f9f48ca88108364e67ec5d360
#5 DONE 0.0s

#4 importing cache manifest from gcr.io/fuzzbench/base-image
#4 sha256:9b220ebb4d4daceed1b96df9b6dca076e762f1cd612574f010b82d5b9e5ad896
#4 DONE 0.0s

#8 [internal] load build context
#8 sha256:f8fd076dc6d57d99b42a0114e5cb954bd54361984e98a1716f09c8c04e5855e4
#8 transferring context: 559B 0.0s done
#8 DONE 0.0s

#6 [2/7] RUN apt-get update -y && apt-get install -y     build-essential     rsync     curl     zlib1g-dev     libncurses5-dev     libgdbm-dev     libnss3-dev     libssl-dev     libreadline-dev     libffi-dev     virtualenv     libbz2-dev     liblzma-dev     libsqlite3-dev
#6 sha256:3a1b0960f17eed529eaae93dc8fd3554f2743dd584d8fa569cdbe6bc734371ac
#6 CACHED

#7 [3/7] RUN cd /tmp/ &&     curl -O https://www.python.org/ftp/python/3.8.6/Python-3.8.6.tar.xz &&     tar -xvf Python-3.8.6.tar.xz &&     cd Python-3.8.6 &&     ./configure --enable-loadable-sqlite-extensions --enable-optimizations &&     make -j install &&     rm -r /tmp/Python-3.8.6.tar.xz /tmp/Python-3.8.6
#7 sha256:c5b9d1fb3371e84dbc60b76e7b2f8d5913bc93bcd4910ab65daa03e7b2ec4bb0
#7 CACHED

#11 [6/7] RUN apt-get update -y && apt-get install -y     apt-transport-https     lsb-release
#11 sha256:7526ec163cfe812c065dc87910b6106071caea8a23e398691c2a1762884609cb
#11 CACHED

#9 [4/7] COPY ./requirements.txt /
#9 sha256:0d4e7e0669e6d23707725e970276d9e92fa966ae5d5234f82b4489d82e94fcdd
#9 CACHED

#10 [5/7] RUN pip3 install -r /requirements.txt
#10 sha256:88ed2d16a568d4c876511bae8cd2d9aa2c5e792bb6012a3b2e606d5332df8397
#10 CACHED

#12 [7/7] RUN CLOUD_SDK_REPO="cloud-sdk-$(lsb_release -c -s)" &&     echo "deb https://packages.cloud.google.com/apt $CLOUD_SDK_REPO main"     | tee -a /etc/apt/sources.list.d/google-cloud-sdk.list &&     curl https://packages.cloud.google.com/apt/doc/apt-key.gpg     | apt-key add - &&     apt-get update -y &&     apt-get install -y google-cloud-sdk
#12 sha256:e12b2f3dd9fded918df781d601dda1f5bb46b0446bbdacaa2d564965405455b3
#12 CACHED

#13 exporting to image
#13 sha256:e8c613e07b0b7ff33893b694f7759a10d42e180f2b4dc349fb57dc6b71dcab00
#13 exporting layers done
#13 writing image sha256:1b41dae4427763f93f7c63356068c8d0b6b6eda4730248e26cddeebab7c25a95 done
#13 naming to gcr.io/fuzzbench/base-image done
#13 DONE 0.0s

#14 exporting cache
#14 sha256:2700d4ef94dee473593c5c614b55b2dedcca7893909811a8f2b48291a1f581e4
#14 preparing build cache for export done
#14 DONE 0.0s
#1 [internal] load build definition from Dockerfile
#1 sha256:534e5d2bb982ada9faea7e6cc1192b500672a14a3052730adbd47ab0f4808155
#1 transferring dockerfile: 2.22kB done
#1 DONE 0.0s

#2 [internal] load .dockerignore
#2 sha256:830a3bb0088716f69e99d1ee8cfb9c44dc10f524ccb49d78319f3e4ce559d2b3
#2 transferring context: 34B done
#2 DONE 0.0s

#4 [internal] load metadata for gcr.io/fuzzbench/base-image:latest
#4 sha256:932022888f650cc455b10eb5123bb08c0cccacac29a693e69314abbfd28a72c3
#4 DONE 0.0s

#3 [internal] load metadata for gcr.io/fuzzbench/builders/afl/bloaty_bloaty-intermediate:latest
#3 sha256:136fd587a10bfdcd02deaacfea788b613d9147c4de32a3cdd90e0fce72ed3bc9
#3 DONE 0.0s

#12 [internal] load build context
#12 sha256:56bf7aabb152fa54ce241c4cb66d57bc6a75d9a2f0d48836e3af6a5cb625a2c1
#12 DONE 0.0s

#7 [base-image 1/1] FROM gcr.io/fuzzbench/base-image
#7 sha256:4d07825694520f8b6f6a0d8592dbd345433361ae044cb7f06706c5a95e3daaad
#7 DONE 0.0s

#6 [stage-1  1/13] FROM gcr.io/fuzzbench/builders/afl/bloaty_bloaty-intermediate
#6 sha256:f41f67ccf5593cc552c44ddafc0c3172a1b52abc25df7cb99fddedd29db8271a
#6 DONE 0.0s

#5 importing cache manifest from gcr.io/fuzzbench/builders/afl/bloaty_bloaty
#5 sha256:1da0833708728e9bc7f8c4845bd446bc48493b3fa07696a3cba692c1ca9b4243
#5 ERROR: gcr.io/fuzzbench/builders/afl/bloaty_bloaty:latest: not found

#12 [internal] load build context
#12 sha256:56bf7aabb152fa54ce241c4cb66d57bc6a75d9a2f0d48836e3af6a5cb625a2c1
#12 transferring context: 669.86kB 0.1s done
#12 DONE 0.1s

#8 [stage-1  2/13] COPY --from=base-image /usr/local/bin/python3* /usr/local/bin/
#8 sha256:0fa1c86b016064b8a809a5f12f64fc9ae7c109a4a81144e94c2129ceb6542f6b
#8 CACHED

#16 [stage-1  9/13] RUN mkdir /opt/fuzzbench/
#16 sha256:7b569361239a6c75875ec81ecc841538c2123e0ba5513cbe1ca97a2dc92363be
#16 CACHED

#17 [stage-1 10/13] COPY docker/benchmark-builder/checkout_commit.py /opt/fuzzbench/
#17 sha256:057fd448c73ea28206cae7c49694cfe9e1bec5622d7ac32096c306e0dc7ba430
#17 CACHED

#13 [stage-1  6/13] COPY fuzzers /src/fuzzers
#13 sha256:d657c629ab43124e94300361c0ebda3ef1587e98874cc4202d95bc8025ec96be
#13 CACHED

#9 [stage-1  3/13] COPY --from=base-image /usr/local/lib/python3.8 /usr/local/lib/python3.8
#9 sha256:b462d4e5911566fe2018d00d5206a52ac99954e8dd37bb7808b280346a97d6e1
#9 CACHED

#15 [stage-1  8/13] COPY benchmarks/bloaty_bloaty/benchmark.yaml /
#15 sha256:beca45df2b91e1f6fd23df8b651ee816b29a87db5faed00195680fcfe9e6b340
#15 CACHED

#10 [stage-1  4/13] COPY --from=base-image /usr/local/include/python3.8 /usr/local/include/python3.8
#10 sha256:797db143817eecc24ba0fed317d060125efc234b2122b7e464631d47c2d24c27
#10 CACHED

#11 [stage-1  5/13] COPY --from=base-image /usr/local/lib/python3.8/site-packages /usr/local/lib/python3.8/site-packages
#11 sha256:d5c3fb4c4bb68c05f50ab6064d6c8f32f1a75f70277e7d180e8b9cae25bd3458
#11 CACHED

#18 [stage-1 11/13] RUN export CHECKOUT_COMMIT=$(cat /benchmark.yaml | tr -d ' ' | grep 'commit:' | cut -d ':' -f2) &&     python3 -u /opt/fuzzbench/checkout_commit.py $CHECKOUT_COMMIT /src
#18 sha256:09f36621a83e9f5230c7f586f3081a3b3189c681aeb9c844a2895f5cbbe78f38
#18 CACHED

#14 [stage-1  7/13] RUN touch /src/__init__.py
#14 sha256:0cf91d4a029f7440c07f4d6a25da86289f053510e9661c8c80c7b7562f102400
#14 CACHED

#19 [stage-1 12/13] RUN echo "#!/bin/bash\nPYTHONPATH=/src python3 -u -c "from fuzzers import utils; utils.initialize_env(); from fuzzers.afl import fuzzer; fuzzer.build()"" > /usr/bin/fuzzer_build &&     chmod +x /usr/bin/fuzzer_build
#19 sha256:e8fc311fcfe4c778e745f53baa5ebaf6c9a6f0c2ef6b9e9a4a501181f28efd36
#19 CACHED

#20 [stage-1 13/13] RUN echo "Run fuzzer_build to build the target" && if [ -z "$debug_builder" ] ; then fuzzer_build; fi
#20 sha256:7cedbc6b97bcd1c1e72fb3653052fea463cc276e16b8f042f73cbbb2b2cecf9d
#20 0.412 Run fuzzer_build to build the target
#20 0.532 FUZZ_TARGET = bloaty
#20 0.532 CFLAGS = -DFUZZING_BUILD_MODE_UNSAFE_FOR_PRODUCTION -pthread -Wl,--no-as-needed -Wl,-ldl -Wl,-lm -Wno-unused-command-line-argument -O3
#20 0.532 CXXFLAGS = -DFUZZING_BUILD_MODE_UNSAFE_FOR_PRODUCTION -pthread -Wl,--no-as-needed -Wl,-ldl -Wl,-lm -Wno-unused-command-line-argument -stdlib=libc++ -O3
#20 0.539 Building benchmark bloaty_bloaty with fuzzer afl
#20 0.543 + cd /work
#20 0.543 + cmake -G Ninja -DBUILD_TESTING=false /src/bloaty
#20 0.761 -- The C compiler identification is Clang 14.0.0
#20 1.018 -- The CXX compiler identification is Clang 14.0.0
#20 1.029 -- Detecting C compiler ABI info
#20 1.169 -- Detecting C compiler ABI info - done
#20 1.217 -- Check for working C compiler: /usr/local/bin/clang - skipped
#20 1.217 -- Detecting C compile features
#20 1.218 -- Detecting C compile features - done
#20 1.225 -- Detecting CXX compiler ABI info
#20 1.409 -- Detecting CXX compiler ABI info - done
#20 1.472 -- Check for working CXX compiler: /usr/local/bin/clang++ - skipped
#20 1.472 -- Detecting CXX compile features
#20 1.473 -- Detecting CXX compile features - done
#20 1.478 -- Could NOT find PkgConfig (missing: PKG_CONFIG_EXECUTABLE) 
#20 1.496 -- Could NOT find ZLIB (missing: ZLIB_LIBRARY ZLIB_INCLUDE_DIR) 
#20 1.497 -- Checking for one of the modules 're2'
#20 1.497 -- Checking for one of the modules 'capstone'
#20 1.498 -- Checking for one of the modules 'protobuf'
#20 1.499 -- System re2 not found, using bundled version
#20 1.499 -- System capstone not found, using bundled version
#20 1.499 -- System protobuf not found, using bundled version
#20 1.499 -- System zlib not found, using bundled version
#20 1.499 -- Setting build type to 'RelWithDebInfo' as none was specified.
#20 1.541 Submodule 'third_party/abseil-cpp' (https://github.com/abseil/abseil-cpp.git) registered for path 'third_party/abseil-cpp'
#20 1.541 Submodule 'third_party/capstone' (https://github.com/aquynh/capstone.git) registered for path 'third_party/capstone'
#20 1.542 Submodule 'third_party/demumble' (https://github.com/nico/demumble.git) registered for path 'third_party/demumble'
#20 1.543 Submodule 'third_party/googletest' (https://github.com/google/googletest.git) registered for path 'third_party/googletest'
#20 1.544 Submodule 'third_party/protobuf' (https://github.com/protocolbuffers/protobuf.git) registered for path 'third_party/protobuf'
#20 1.544 Submodule 'third_party/re2' (https://github.com/google/re2) registered for path 'third_party/re2'
#20 1.545 Submodule 'third_party/zlib' (https://github.com/madler/zlib) registered for path 'third_party/zlib'
#20 1.552 Cloning into '/src/bloaty/third_party/abseil-cpp'...
#20 6.751 Cloning into '/src/bloaty/third_party/capstone'...
#20 13.17 Cloning into '/src/bloaty/third_party/demumble'...
#20 13.77 Cloning into '/src/bloaty/third_party/googletest'...
#20 16.99 Cloning into '/src/bloaty/third_party/protobuf'...
#20 27.92 Cloning into '/src/bloaty/third_party/re2'...
#20 29.29 Cloning into '/src/bloaty/third_party/zlib'...
#20 30.56 Submodule path 'third_party/abseil-cpp': checked out '5dd240724366295970c613ed23d0092bcf392f18'
#20 30.91 Submodule path 'third_party/capstone': checked out '852f46a467cb37559a1f3a18bd45d5ca8c6fc5e7'
#20 30.95 Submodule path 'third_party/demumble': checked out '01098eab821b33bd31b9778aea38565cd796aa85'
#20 31.07 Submodule path 'third_party/googletest': checked out '565f1b848215b77c3732bca345fe76a0431d8b34'
#20 31.54 Submodule path 'third_party/protobuf': checked out 'bc1773c42c9c3c522145a3119e989e0dff2a8d54'
#20 31.56 Submodule 'third_party/benchmark' (https://github.com/google/benchmark.git) registered for path 'third_party/protobuf/third_party/benchmark'
#20 31.58 Submodule 'third_party/googletest' (https://github.com/google/googletest.git) registered for path 'third_party/protobuf/third_party/googletest'
#20 31.59 Cloning into '/src/bloaty/third_party/protobuf/third_party/benchmark'...
#20 33.05 Cloning into '/src/bloaty/third_party/protobuf/third_party/googletest'...
#20 35.45 Submodule path 'third_party/protobuf/third_party/benchmark': checked out '5b7683f49e1e9223cf9927b24f6fd3d6bd82e3f8'
#20 35.59 Submodule path 'third_party/protobuf/third_party/googletest': checked out '5ec7f0c4a113e2f18ac2c6cc7df51ad6afc24081'
#20 35.66 Submodule path 'third_party/re2': checked out '5bd613749fd530b576b890283bfb6bc6ea6246cb'
#20 35.73 Submodule path 'third_party/zlib': checked out 'cacf7f1d4e3d44d871b605da3b647f07d718623f'
#20 35.75 -- Looking for pthread.h
#20 35.91 -- Looking for pthread.h - found
#20 35.91 -- Performing Test CMAKE_HAVE_LIBC_PTHREAD
#20 36.08 -- Performing Test CMAKE_HAVE_LIBC_PTHREAD - Success
#20 36.09 -- Found Threads: TRUE  
#20 36.10 CMake Deprecation Warning at third_party/capstone/CMakeLists.txt:1 (cmake_minimum_required):
#20 36.10   Compatibility with CMake < 2.8.12 will be removed from a future version of
#20 36.10   CMake.
#20 36.10 
#20 36.10   Update the VERSION argument <min> value or use a ...<max> suffix to tell
#20 36.10   CMake that the project does not need compatibility with older versions.
#20 36.10 
#20 36.10 
#20 36.10 CMake Warning (dev) at third_party/capstone/CMakeLists.txt:2 (project):
#20 36.10   Policy CMP0048 is not set: project() command manages VERSION variables.
#20 36.10   Run "cmake --help-policy CMP0048" for policy details.  Use the cmake_policy
#20 36.10   command to set the policy and suppress this warning.
#20 36.10 
#20 36.10   The following variable(s) would be set to empty:
#20 36.10 
#20 36.10     PROJECT_VERSION
#20 36.10     PROJECT_VERSION_MAJOR
#20 36.10     PROJECT_VERSION_MINOR
#20 36.10 This warning is for project developers.  Use -Wno-dev to suppress it.
#20 36.10 
#20 36.10 CMake Deprecation Warning at third_party/capstone/CMakeLists.txt:18 (cmake_policy):
#20 36.10   The OLD behavior for policy CMP0048 will be removed from a future version
#20 36.10   of CMake.
#20 36.10 
#20 36.10   The cmake-policies(7) manual explains that the OLD behaviors of all
#20 36.10   policies are deprecated and that a policy should be set to OLD only under
#20 36.10   specific short-term circumstances.  Projects should be ported to the NEW
#20 36.10   behavior and not rely on setting a policy to OLD.
#20 36.10 
#20 36.10 
#20 36.10 Enabling CAPSTONE_ARM_SUPPORT
#20 36.10 Enabling CAPSTONE_ARM64_SUPPORT
#20 36.10 Enabling CAPSTONE_M68K_SUPPORT
#20 36.10 Enabling CAPSTONE_MIPS_SUPPORT
#20 36.10 Enabling CAPSTONE_PPC_SUPPORT
#20 36.10 Enabling CAPSTONE_SPARC_SUPPORT
#20 36.10 Enabling CAPSTONE_SYSZ_SUPPORT
#20 36.10 Enabling CAPSTONE_XCORE_SUPPORT
#20 36.10 Enabling CAPSTONE_X86_SUPPORT
#20 36.10 Enabling CAPSTONE_TMS320C64X_SUPPORT
#20 36.10 Enabling CAPSTONE_M680X_SUPPORT
#20 36.10 Enabling CAPSTONE_EVM_SUPPORT
#20 36.10 Enabling CAPSTONE_MOS65XX_SUPPORT
#20 36.11 -- 
#20 36.11 -- 3.9.1.0
#20 36.12 -- Could NOT find ZLIB (missing: ZLIB_LIBRARY ZLIB_INCLUDE_DIR) 
#20 36.12 -- Performing Test protobuf_HAVE_BUILTIN_ATOMICS
#20 36.54 -- Performing Test protobuf_HAVE_BUILTIN_ATOMICS - Success
#20 36.57 CMake Deprecation Warning at third_party/zlib/CMakeLists.txt:1 (cmake_minimum_required):
#20 36.57   Compatibility with CMake < 2.8.12 will be removed from a future version of
#20 36.57   CMake.
#20 36.57 
#20 36.57   Update the VERSION argument <min> value or use a ...<max> suffix to tell
#20 36.57   CMake that the project does not need compatibility with older versions.
#20 36.57 
#20 36.57 
#20 36.57 CMake Warning (dev) at third_party/zlib/CMakeLists.txt:4 (project):
#20 36.57   Policy CMP0048 is not set: project() command manages VERSION variables.
#20 36.57   Run "cmake --help-policy CMP0048" for policy details.  Use the cmake_policy
#20 36.57   command to set the policy and suppress this warning.
#20 36.57 
#20 36.57   The following variable(s) would be set to empty:
#20 36.57 
#20 36.57     PROJECT_VERSION
#20 36.57     PROJECT_VERSION_MAJOR
#20 36.57     PROJECT_VERSION_MINOR
#20 36.57 This warning is for project developers.  Use -Wno-dev to suppress it.
#20 36.57 
#20 36.57 -- Looking for sys/types.h
#20 36.74 -- Looking for sys/types.h - found
#20 36.74 -- Looking for stdint.h
#20 36.90 -- Looking for stdint.h - found
#20 36.90 -- Looking for stddef.h
#20 37.05 -- Looking for stddef.h - found
#20 37.05 -- Check size of off64_t
#20 37.25 -- Check size of off64_t - done
#20 37.25 -- Looking for fseeko
#20 37.41 -- Looking for fseeko - found
#20 37.41 -- Looking for unistd.h
#20 37.58 -- Looking for unistd.h - found
#20 37.58 -- Renaming
#20 37.58 --     /src/bloaty/third_party/zlib/zconf.h
#20 37.58 -- to 'zconf.h.included' because this file is included with zlib
#20 37.58 -- but CMake generates it automatically in the build directory.
#20 37.59 -- Performing Test SUPPORTS_COLOR_ALWAYS
#20 37.72 -- Performing Test SUPPORTS_COLOR_ALWAYS - Success
#20 37.72 LIB_FUZZING_ENGINE set, building fuzz_target instead of Bloaty
#20 37.72 -- Configuring done
#20 37.81 -- Generating done
#20 37.83 -- Build files have been written to: /work
#20 37.84 ++ nproc
#20 37.84 + ninja -j8
#20 41.06 [1/356] Building CXX object third_party/re2/CMakeFiles/re2.dir/re2/filtered_re2.cc.o
#20 41.07 [2/356] Building CXX object third_party/re2/CMakeFiles/re2.dir/re2/bitstate.cc.o
#20 41.10 [3/356] Building CXX object third_party/re2/CMakeFiles/re2.dir/re2/perl_groups.cc.o
#20 41.33 [4/356] Building CXX object third_party/re2/CMakeFiles/re2.dir/re2/mimics_pcre.cc.o
#20 41.67 [5/356] Building CXX object third_party/re2/CMakeFiles/re2.dir/re2/onepass.cc.o
#20 41.74 [6/356] Building CXX object third_party/re2/CMakeFiles/re2.dir/re2/nfa.cc.o
#20 43.78 [7/356] Building CXX object third_party/re2/CMakeFiles/re2.dir/re2/compile.cc.o
#20 44.07 [8/356] Building CXX object third_party/re2/CMakeFiles/re2.dir/re2/parse.cc.o
#20 45.25 [9/356] Building CXX object third_party/re2/CMakeFiles/re2.dir/re2/dfa.cc.o
#20 46.96 [10/356] Building CXX object third_party/re2/CMakeFiles/re2.dir/re2/prefilter.cc.o
#20 47.41 [11/356] Building CXX object third_party/re2/CMakeFiles/re2.dir/re2/re2.cc.o
#20 47.47 [12/356] Building CXX object third_party/re2/CMakeFiles/re2.dir/re2/unicode_casefold.cc.o
#20 47.54 [13/356] Building CXX object third_party/re2/CMakeFiles/re2.dir/re2/prog.cc.o
#20 47.58 [14/356] Building CXX object third_party/re2/CMakeFiles/re2.dir/re2/stringpiece.cc.o
#20 47.62 [15/356] Building CXX object third_party/re2/CMakeFiles/re2.dir/re2/prefilter_tree.cc.o
#20 47.72 [16/356] Building CXX object third_party/re2/CMakeFiles/re2.dir/util/rune.cc.o
#20 47.73 [17/356] Building CXX object third_party/re2/CMakeFiles/re2.dir/re2/unicode_groups.cc.o
#20 47.77 [18/356] Building C object third_party/capstone/CMakeFiles/capstone-static.dir/MCInstrDesc.c.o
#20 47.89 [19/356] Building C object third_party/capstone/CMakeFiles/capstone-static.dir/MCRegisterInfo.c.o
#20 47.95 [20/356] Building C object third_party/capstone/CMakeFiles/capstone-static.dir/MCInst.c.o
#20 48.09 [21/356] Building C object third_party/capstone/CMakeFiles/capstone-static.dir/SStream.c.o
#20 48.17 [22/356] Building C object third_party/capstone/CMakeFiles/capstone-static.dir/utils.c.o
#20 48.57 [23/356] Building C object third_party/capstone/CMakeFiles/capstone-static.dir/cs.c.o
#20 48.73 [24/356] Building CXX object third_party/re2/CMakeFiles/re2.dir/re2/set.cc.o
#20 48.88 [25/356] Building C object third_party/capstone/CMakeFiles/capstone-static.dir/arch/ARM/ARMModule.c.o
#20 48.89 [26/356] Building CXX object third_party/re2/CMakeFiles/re2.dir/re2/simplify.cc.o
#20 49.18 [27/356] Building C object third_party/capstone/CMakeFiles/capstone-static.dir/arch/AArch64/AArch64BaseInfo.c.o
#20 49.31 [28/356] Building C object third_party/capstone/CMakeFiles/capstone-static.dir/arch/ARM/ARMMapping.c.o
#20 49.35 [29/356] Building CXX object third_party/re2/CMakeFiles/re2.dir/re2/regexp.cc.o
#20 49.41 [30/356] Building CXX object third_party/re2/CMakeFiles/re2.dir/util/strutil.cc.o
#20 49.50 [31/356] Building C object third_party/capstone/CMakeFiles/capstone-static.dir/arch/AArch64/AArch64Module.c.o
#20 50.12 [32/356] Building C object third_party/capstone/CMakeFiles/capstone-static.dir/arch/AArch64/AArch64Mapping.c.o
#20 50.43 [33/356] Building C object third_party/capstone/CMakeFiles/capstone-static.dir/arch/Mips/MipsInstPrinter.c.o
#20 50.58 [34/356] Building C object third_party/capstone/CMakeFiles/capstone-static.dir/arch/Mips/MipsModule.c.o
#20 50.60 [35/356] Building C object third_party/capstone/CMakeFiles/capstone-static.dir/arch/Mips/MipsMapping.c.o
#20 51.34 [36/356] Building CXX object third_party/re2/CMakeFiles/re2.dir/re2/tostring.cc.o
#20 51.37 [37/356] Linking CXX static library third_party/re2/libre2.a
#20 51.44 [38/356] Building C object third_party/capstone/CMakeFiles/capstone-static.dir/arch/ARM/ARMInstPrinter.c.o
#20 51.60 [39/356] Building C object third_party/capstone/CMakeFiles/capstone-static.dir/arch/PowerPC/PPCModule.c.o
#20 51.89 [40/356] Building C object third_party/capstone/CMakeFiles/capstone-static.dir/arch/PowerPC/PPCMapping.c.o
#20 52.30 [41/356] Building C object third_party/capstone/CMakeFiles/capstone-static.dir/arch/PowerPC/PPCDisassembler.c.o
#20 52.71 [42/356] Building C object third_party/capstone/CMakeFiles/capstone-static.dir/arch/Mips/MipsDisassembler.c.o
#20 52.86 [43/356] Building C object third_party/capstone/CMakeFiles/capstone-static.dir/arch/X86/X86Disassembler.c.o
#20 53.04 [44/356] Building C object third_party/capstone/CMakeFiles/capstone-static.dir/arch/X86/X86Module.c.o
#20 53.68 [45/356] Building C object third_party/capstone/CMakeFiles/capstone-static.dir/arch/X86/X86IntelInstPrinter.c.o
#20 54.16 [46/356] Building C object third_party/capstone/CMakeFiles/capstone-static.dir/arch/AArch64/AArch64Disassembler.c.o
#20 54.60 [47/356] Building C object third_party/capstone/CMakeFiles/capstone-static.dir/arch/X86/X86ATTInstPrinter.c.o
#20 54.91 [48/356] Building C object third_party/capstone/CMakeFiles/capstone-static.dir/arch/Sparc/SparcMapping.c.o
#20 54.95 [49/356] Building C object third_party/capstone/CMakeFiles/capstone-static.dir/arch/Sparc/SparcDisassembler.c.o
#20 55.07 [50/356] Building C object third_party/capstone/CMakeFiles/capstone-static.dir/arch/Sparc/SparcModule.c.o
#20 55.66 [51/356] Building C object third_party/capstone/CMakeFiles/capstone-static.dir/arch/X86/X86Mapping.c.o
#20 55.76 [52/356] Building C object third_party/capstone/CMakeFiles/capstone-static.dir/arch/PowerPC/PPCInstPrinter.c.o
#20 55.91 [53/356] Building C object third_party/capstone/CMakeFiles/capstone-static.dir/arch/SystemZ/SystemZModule.c.o
#20 55.97 [54/356] Building C object third_party/capstone/CMakeFiles/capstone-static.dir/arch/SystemZ/SystemZMCTargetDesc.c.o
#20 56.21 [55/356] Building C object third_party/capstone/CMakeFiles/capstone-static.dir/arch/SystemZ/SystemZInstPrinter.c.o
#20 56.38 [56/356] Building C object third_party/capstone/CMakeFiles/capstone-static.dir/arch/SystemZ/SystemZMapping.c.o
#20 56.61 [57/356] Building C object third_party/capstone/CMakeFiles/capstone-static.dir/arch/XCore/XCoreMapping.c.o
#20 56.66 [58/356] Building C object third_party/capstone/CMakeFiles/capstone-static.dir/arch/XCore/XCoreInstPrinter.c.o
#20 56.76 [59/356] Building C object third_party/capstone/CMakeFiles/capstone-static.dir/arch/XCore/XCoreModule.c.o
#20 56.85 [60/356] Building C object third_party/capstone/CMakeFiles/capstone-static.dir/arch/X86/X86DisassemblerDecoder.c.o
#20 57.01 [61/356] Building C object third_party/capstone/CMakeFiles/capstone-static.dir/arch/M68K/M68KModule.c.o
#20 57.11 [62/356] Building C object third_party/capstone/CMakeFiles/capstone-static.dir/arch/M68K/M68KInstPrinter.c.o
#20 57.62 [63/356] Building C object third_party/capstone/CMakeFiles/capstone-static.dir/arch/TMS320C64x/TMS320C64xInstPrinter.c.o
#20 58.36 [64/356] Building C object third_party/capstone/CMakeFiles/capstone-static.dir/arch/XCore/XCoreDisassembler.c.o
#20 59.64 [65/356] Building C object third_party/capstone/CMakeFiles/capstone-static.dir/arch/Sparc/SparcInstPrinter.c.o
#20 59.89 [66/356] Building C object third_party/capstone/CMakeFiles/capstone-static.dir/arch/TMS320C64x/TMS320C64xMapping.c.o
#20 60.04 [67/356] Building C object third_party/capstone/CMakeFiles/capstone-static.dir/arch/TMS320C64x/TMS320C64xModule.c.o
#20 60.08 [68/356] Building C object third_party/capstone/CMakeFiles/capstone-static.dir/arch/TMS320C64x/TMS320C64xDisassembler.c.o
#20 60.42 [69/356] Building C object third_party/capstone/CMakeFiles/capstone-static.dir/arch/M680X/M680XInstPrinter.c.o
#20 60.58 [70/356] Building C object third_party/capstone/CMakeFiles/capstone-static.dir/arch/M680X/M680XModule.c.o
#20 60.64 [71/356] Building C object third_party/capstone/CMakeFiles/capstone-static.dir/arch/M68K/M68KDisassembler.c.o
#20 60.77 [72/356] Building C object third_party/capstone/CMakeFiles/capstone-static.dir/arch/EVM/EVMDisassembler.c.o
#20 60.80 [73/356] Building C object third_party/capstone/CMakeFiles/capstone-static.dir/arch/EVM/EVMInstPrinter.c.o
#20 60.92 [74/356] Building CXX object third_party/protobuf/cmake/CMakeFiles/libprotobuf.dir/__/src/google/protobuf/stubs/time.cc.o
#20 60.96 [75/356] Building C object third_party/capstone/CMakeFiles/capstone-static.dir/arch/EVM/EVMModule.c.o
#20 60.96 [76/356] Building C object third_party/capstone/CMakeFiles/capstone-static.dir/arch/EVM/EVMMapping.c.o
#20 61.08 [77/356] Building C object third_party/capstone/CMakeFiles/capstone-static.dir/arch/MOS65XX/MOS65XXModule.c.o
#20 61.10 [78/356] Building C object third_party/capstone/CMakeFiles/capstone-static.dir/arch/SystemZ/SystemZDisassembler.c.o
#20 61.22 [79/356] Building C object third_party/capstone/CMakeFiles/capstone-static.dir/arch/MOS65XX/MOS65XXDisassembler.c.o
#20 61.70 [80/356] Building C object third_party/capstone/CMakeFiles/capstone-static.dir/arch/AArch64/AArch64InstPrinter.c.o
#20 62.23 [81/356] Building C object third_party/capstone/CMakeFiles/capstone-static.dir/arch/M680X/M680XDisassembler.c.o
#20 63.23 [82/356] Building CXX object third_party/protobuf/cmake/CMakeFiles/libprotobuf.dir/__/src/google/protobuf/wire_format_lite.cc.o
#20 63.71 [83/356] Building C object third_party/capstone/CMakeFiles/capstone-static.dir/arch/ARM/ARMDisassembler.c.o
#20 63.78 [84/356] Linking C static library third_party/capstone/libcapstone.a
#20 63.80 [85/356] Building CXX object third_party/protobuf/cmake/CMakeFiles/libprotobuf-lite.dir/__/src/google/protobuf/arena.cc.o
#20 63.83 [86/356] Building CXX object third_party/protobuf/cmake/CMakeFiles/libprotobuf-lite.dir/__/src/google/protobuf/io/io_win32.cc.o
#20 64.40 [87/356] Building CXX object third_party/protobuf/cmake/CMakeFiles/libprotobuf-lite.dir/__/src/google/protobuf/any_lite.cc.o
#20 64.58 [88/356] Building CXX object third_party/protobuf/cmake/CMakeFiles/libprotobuf-lite.dir/__/src/google/protobuf/generated_enum_util.cc.o
#20 66.28 [89/356] Building CXX object third_party/protobuf/cmake/CMakeFiles/libprotobuf-lite.dir/__/src/google/protobuf/io/strtod.cc.o
#20 66.61 [90/356] Building CXX object third_party/protobuf/cmake/CMakeFiles/libprotobuf-lite.dir/__/src/google/protobuf/io/zero_copy_stream.cc.o
#20 66.63 [91/356] Building CXX object third_party/protobuf/cmake/CMakeFiles/libprotobuf-lite.dir/__/src/google/protobuf/implicit_weak_message.cc.o
#20 67.27 [92/356] Building CXX object third_party/protobuf/cmake/CMakeFiles/libprotobuf-lite.dir/__/src/google/protobuf/io/zero_copy_stream_impl.cc.o
#20 67.70 [93/356] Building CXX object third_party/protobuf/cmake/CMakeFiles/libprotobuf-lite.dir/__/src/google/protobuf/io/coded_stream.cc.o
#20 69.10 [94/356] Building CXX object third_party/protobuf/cmake/CMakeFiles/libprotobuf-lite.dir/__/src/google/protobuf/io/zero_copy_stream_impl_lite.cc.o
#20 70.47 [95/356] Building CXX object third_party/protobuf/cmake/CMakeFiles/libprotobuf-lite.dir/__/src/google/protobuf/stubs/bytestream.cc.o
#20 71.15 [96/356] Building CXX object third_party/protobuf/cmake/CMakeFiles/libprotobuf-lite.dir/__/src/google/protobuf/message_lite.cc.o
#20 72.00 [97/356] Building CXX object third_party/protobuf/cmake/CMakeFiles/libprotobuf-lite.dir/__/src/google/protobuf/parse_context.cc.o
#20 73.03 [98/356] Building CXX object third_party/protobuf/cmake/CMakeFiles/libprotobuf-lite.dir/__/src/google/protobuf/stubs/common.cc.o
#20 73.58 [99/356] Building CXX object third_party/protobuf/cmake/CMakeFiles/libprotobuf-lite.dir/__/src/google/protobuf/stubs/int128.cc.o
#20 73.77 [100/356] Building CXX object third_party/protobuf/cmake/CMakeFiles/libprotobuf-lite.dir/__/src/google/protobuf/generated_message_util.cc.o
#20 73.77 [101/356] Building CXX object third_party/protobuf/cmake/CMakeFiles/libprotobuf-lite.dir/__/src/google/protobuf/generated_message_table_driven_lite.cc.o
#20 73.95 [102/356] Building CXX object third_party/protobuf/cmake/CMakeFiles/libprotobuf-lite.dir/__/src/google/protobuf/extension_set.cc.o
#20 74.30 [103/356] Building CXX object third_party/protobuf/cmake/CMakeFiles/libprotobuf-lite.dir/__/src/google/protobuf/stubs/status.cc.o
#20 74.66 [104/356] Building CXX object third_party/protobuf/cmake/CMakeFiles/libprotobuf-lite.dir/__/src/google/protobuf/stubs/statusor.cc.o
#20 75.25 [105/356] Building CXX object third_party/protobuf/cmake/CMakeFiles/libprotobuf-lite.dir/__/src/google/protobuf/repeated_field.cc.o
#20 75.94 [106/356] Building CXX object third_party/protobuf/cmake/CMakeFiles/libprotobuf-lite.dir/__/src/google/protobuf/stubs/stringprintf.cc.o
#20 76.03 [107/356] Building CXX object third_party/protobuf/cmake/CMakeFiles/libprotobuf-lite.dir/__/src/google/protobuf/stubs/stringpiece.cc.o
#20 76.58 [108/356] Building CXX object third_party/protobuf/cmake/CMakeFiles/libprotobuf-lite.dir/__/src/google/protobuf/stubs/structurally_valid.cc.o
#20 77.09 [109/356] Building CXX object third_party/protobuf/cmake/CMakeFiles/libprotobuf-lite.dir/__/src/google/protobuf/stubs/time.cc.o
#20 79.17 [110/356] Building CXX object third_party/protobuf/cmake/CMakeFiles/libprotobuf-lite.dir/__/src/google/protobuf/wire_format_lite.cc.o
#20 79.37 [111/356] Building CXX object third_party/protobuf/cmake/CMakeFiles/libprotobuf-lite.dir/__/src/google/protobuf/stubs/strutil.cc.o
#20 79.41 [112/356] Linking CXX static library third_party/protobuf/cmake/libprotobuf-lite.a
#20 79.87 [113/356] Building CXX object third_party/protobuf/cmake/CMakeFiles/libprotoc.dir/__/src/google/protobuf/compiler/code_generator.cc.o
#20 83.69 [114/356] Building CXX object third_party/protobuf/cmake/CMakeFiles/libprotoc.dir/__/src/google/protobuf/compiler/cpp/cpp_enum_field.cc.o
#20 83.83 [115/356] Building CXX object third_party/protobuf/cmake/CMakeFiles/libprotoc.dir/__/src/google/protobuf/compiler/cpp/cpp_extension.cc.o
#20 84.07 [116/356] Building CXX object third_party/protobuf/cmake/CMakeFiles/libprotoc.dir/__/src/google/protobuf/compiler/cpp/cpp_field.cc.o
#20 85.38 [117/356] Building CXX object third_party/protobuf/cmake/CMakeFiles/libprotoc.dir/__/src/google/protobuf/compiler/cpp/cpp_enum.cc.o
#20 85.91 [118/356] Building CXX object third_party/protobuf/cmake/CMakeFiles/libprotoc.dir/__/src/google/protobuf/compiler/cpp/cpp_generator.cc.o
#20 91.61 [119/356] Building CXX object third_party/protobuf/cmake/CMakeFiles/libprotoc.dir/__/src/google/protobuf/compiler/cpp/cpp_map_field.cc.o
#20 92.76 [120/356] Building CXX object third_party/protobuf/cmake/CMakeFiles/libprotoc.dir/__/src/google/protobuf/compiler/command_line_interface.cc.o
#20 93.19 [121/356] Building CXX object third_party/protobuf/cmake/CMakeFiles/libprotoc.dir/__/src/google/protobuf/compiler/cpp/cpp_message_field.cc.o
#20 93.58 [122/356] Building CXX object third_party/protobuf/cmake/CMakeFiles/libprotoc.dir/__/src/google/protobuf/compiler/cpp/cpp_padding_optimizer.cc.o
#20 93.94 [123/356] Building CXX object third_party/protobuf/cmake/CMakeFiles/libprotoc.dir/__/src/google/protobuf/compiler/cpp/cpp_primitive_field.cc.o
#20 96.37 [124/356] Building CXX object third_party/protobuf/cmake/CMakeFiles/libprotoc.dir/__/src/google/protobuf/compiler/cpp/cpp_helpers.cc.o
#20 97.66 [125/356] Building CXX object third_party/protobuf/cmake/CMakeFiles/libprotoc.dir/__/src/google/protobuf/compiler/csharp/csharp_doc_comment.cc.o
#20 98.86 [126/356] Building CXX object third_party/protobuf/cmake/CMakeFiles/libprotoc.dir/__/src/google/protobuf/compiler/csharp/csharp_enum_field.cc.o
#20 98.96 [127/356] Building CXX object third_party/protobuf/cmake/CMakeFiles/libprotoc.dir/__/src/google/protobuf/compiler/cpp/cpp_service.cc.o
#20 99.63 [128/356] Building CXX object third_party/protobuf/cmake/CMakeFiles/libprotoc.dir/__/src/google/protobuf/compiler/csharp/csharp_enum.cc.o
#20 101.7 [129/356] Building CXX object third_party/protobuf/cmake/CMakeFiles/libprotoc.dir/__/src/google/protobuf/compiler/cpp/cpp_file.cc.o
#20 102.1 [130/356] Building CXX object third_party/protobuf/cmake/CMakeFiles/libprotoc.dir/__/src/google/protobuf/compiler/cpp/cpp_string_field.cc.o
#20 102.9 [131/356] Building CXX object third_party/protobuf/cmake/CMakeFiles/libprotoc.dir/__/src/google/protobuf/compiler/csharp/csharp_generator.cc.o
#20 104.4 [132/356] Building CXX object third_party/protobuf/cmake/CMakeFiles/libprotoc.dir/__/src/google/protobuf/compiler/csharp/csharp_map_field.cc.o
#20 104.7 [133/356] Building CXX object third_party/protobuf/cmake/CMakeFiles/libprotoc.dir/__/src/google/protobuf/compiler/csharp/csharp_field_base.cc.o
#20 104.9 [134/356] Building CXX object third_party/protobuf/cmake/CMakeFiles/libprotoc.dir/__/src/google/protobuf/compiler/csharp/csharp_helpers.cc.o
#20 107.2 [135/356] Building CXX object third_party/protobuf/cmake/CMakeFiles/libprotoc.dir/__/src/google/protobuf/compiler/csharp/csharp_message_field.cc.o
#20 107.4 [136/356] Building CXX object third_party/protobuf/cmake/CMakeFiles/libprotoc.dir/__/src/google/protobuf/compiler/csharp/csharp_message.cc.o
#20 107.8 [137/356] Building CXX object third_party/protobuf/cmake/CMakeFiles/libprotoc.dir/__/src/google/protobuf/compiler/csharp/csharp_primitive_field.cc.o
#20 109.2 [138/356] Building CXX object third_party/protobuf/cmake/CMakeFiles/libprotoc.dir/__/src/google/protobuf/compiler/csharp/csharp_repeated_enum_field.cc.o
#20 109.3 [139/356] Building CXX object third_party/protobuf/cmake/CMakeFiles/libprotoc.dir/__/src/google/protobuf/compiler/csharp/csharp_reflection_class.cc.o
#20 109.6 [140/356] Building CXX object third_party/protobuf/cmake/CMakeFiles/libprotoc.dir/__/src/google/protobuf/compiler/csharp/csharp_repeated_primitive_field.cc.o
#20 110.3 [141/356] Building CXX object third_party/protobuf/cmake/CMakeFiles/libprotoc.dir/__/src/google/protobuf/compiler/csharp/csharp_repeated_message_field.cc.o
#20 112.1 [142/356] Building CXX object third_party/protobuf/cmake/CMakeFiles/libprotoc.dir/__/src/google/protobuf/compiler/csharp/csharp_source_generator_base.cc.o
#20 113.0 [143/356] Building CXX object third_party/protobuf/cmake/CMakeFiles/libprotoc.dir/__/src/google/protobuf/compiler/csharp/csharp_wrapper_field.cc.o
#20 113.5 [144/356] Building CXX object third_party/protobuf/cmake/CMakeFiles/libprotoc.dir/__/src/google/protobuf/compiler/java/java_doc_comment.cc.o
#20 114.6 [145/356] Building CXX object third_party/protobuf/cmake/CMakeFiles/libprotoc.dir/__/src/google/protobuf/compiler/cpp/cpp_message.cc.o
#20 114.9 [146/356] Building CXX object third_party/protobuf/cmake/CMakeFiles/libprotoc.dir/__/src/google/protobuf/compiler/java/java_context.cc.o
#20 116.4 [147/356] Building CXX object third_party/protobuf/cmake/CMakeFiles/libprotoc.dir/__/src/google/protobuf/compiler/java/java_enum.cc.o
#20 117.1 [148/356] Building CXX object third_party/protobuf/cmake/CMakeFiles/libprotoc.dir/__/src/google/protobuf/compiler/java/java_enum_field.cc.o
#20 117.2 [149/356] Building CXX object third_party/protobuf/cmake/CMakeFiles/libprotoc.dir/__/src/google/protobuf/compiler/java/java_enum_field_lite.cc.o
#20 118.7 [150/356] Building CXX object third_party/protobuf/cmake/CMakeFiles/libprotoc.dir/__/src/google/protobuf/compiler/java/java_enum_lite.cc.o
#20 119.0 [151/356] Building CXX object third_party/protobuf/cmake/CMakeFiles/libprotoc.dir/__/src/google/protobuf/compiler/java/java_extension_lite.cc.o
#20 119.3 [152/356] Building CXX object third_party/protobuf/cmake/CMakeFiles/libprotoc.dir/__/src/google/protobuf/compiler/java/java_extension.cc.o
#20 121.2 [153/356] Building CXX object third_party/protobuf/cmake/CMakeFiles/libprotoc.dir/__/src/google/protobuf/compiler/java/java_field.cc.o
#20 122.0 [154/356] Building CXX object third_party/protobuf/cmake/CMakeFiles/libprotoc.dir/__/src/google/protobuf/compiler/java/java_generator_factory.cc.o
#20 123.0 [155/356] Building CXX object third_party/protobuf/cmake/CMakeFiles/libprotoc.dir/__/src/google/protobuf/compiler/java/java_generator.cc.o
#20 124.3 [156/356] Building CXX object third_party/protobuf/cmake/CMakeFiles/libprotoc.dir/__/src/google/protobuf/compiler/java/java_file.cc.o
#20 126.3 [157/356] Building CXX object third_party/protobuf/cmake/CMakeFiles/libprotoc.dir/__/src/google/protobuf/compiler/java/java_map_field.cc.o
#20 126.4 [158/356] Building CXX object third_party/protobuf/cmake/CMakeFiles/libprotoc.dir/__/src/google/protobuf/compiler/java/java_map_field_lite.cc.o
#20 126.9 [159/356] Building CXX object third_party/protobuf/cmake/CMakeFiles/libprotoc.dir/__/src/google/protobuf/compiler/java/java_helpers.cc.o
#20 127.8 [160/356] Building CXX object third_party/protobuf/cmake/CMakeFiles/libprotoc.dir/__/src/google/protobuf/compiler/java/java_message_builder_lite.cc.o
#20 128.7 [161/356] Building CXX object third_party/protobuf/cmake/CMakeFiles/libprotoc.dir/__/src/google/protobuf/compiler/java/java_message_builder.cc.o
#20 130.1 [162/356] Building CXX object third_party/protobuf/cmake/CMakeFiles/libprotoc.dir/__/src/google/protobuf/compiler/java/java_message_field.cc.o
#20 130.4 [163/356] Building CXX object third_party/protobuf/cmake/CMakeFiles/libprotoc.dir/__/src/google/protobuf/compiler/java/java_message.cc.o
#20 130.9 [164/356] Building CXX object third_party/protobuf/cmake/CMakeFiles/libprotoc.dir/__/src/google/protobuf/compiler/java/java_message_field_lite.cc.o
#20 132.4 [165/356] Building CXX object third_party/protobuf/cmake/CMakeFiles/libprotoc.dir/__/src/google/protobuf/compiler/java/java_name_resolver.cc.o
#20 134.4 [166/356] Building CXX object third_party/protobuf/cmake/CMakeFiles/libprotoc.dir/__/src/google/protobuf/compiler/java/java_message_lite.cc.o
#20 134.4 [167/356] Building CXX object third_party/protobuf/cmake/CMakeFiles/libprotoc.dir/__/src/google/protobuf/compiler/js/well_known_types_embed.cc.o
#20 135.5 [168/356] Building CXX object third_party/protobuf/cmake/CMakeFiles/libprotoc.dir/__/src/google/protobuf/compiler/java/java_service.cc.o
#20 135.6 [169/356] Building CXX object third_party/protobuf/cmake/CMakeFiles/libprotoc.dir/__/src/google/protobuf/compiler/java/java_primitive_field.cc.o
#20 136.3 [170/356] Building CXX object third_party/protobuf/cmake/CMakeFiles/libprotoc.dir/__/src/google/protobuf/compiler/java/java_primitive_field_lite.cc.o
#20 136.9 [171/356] Building CXX object third_party/protobuf/cmake/CMakeFiles/libprotoc.dir/__/src/google/protobuf/compiler/java/java_shared_code_generator.cc.o
#20 137.6 [172/356] Building CXX object third_party/protobuf/cmake/CMakeFiles/libprotoc.dir/__/src/google/protobuf/compiler/java/java_string_field.cc.o
#20 137.9 [173/356] Building CXX object third_party/protobuf/cmake/CMakeFiles/libprotoc.dir/__/src/google/protobuf/compiler/java/java_string_field_lite.cc.o
#20 141.6 [174/356] Building CXX object third_party/protobuf/cmake/CMakeFiles/libprotoc.dir/__/src/google/protobuf/compiler/objectivec/objectivec_enum_field.cc.o
#20 141.7 [175/356] Building CXX object third_party/protobuf/cmake/CMakeFiles/libprotoc.dir/__/src/google/protobuf/compiler/objectivec/objectivec_enum.cc.o
#20 142.3 [176/356] Building CXX object third_party/protobuf/cmake/CMakeFiles/libprotoc.dir/__/src/google/protobuf/compiler/objectivec/objectivec_extension.cc.o
#20 142.9 [177/356] Building CXX object third_party/protobuf/cmake/CMakeFiles/libprotoc.dir/__/src/google/protobuf/compiler/objectivec/objectivec_generator.cc.o
#20 144.6 [178/356] Building CXX object third_party/protobuf/cmake/CMakeFiles/libprotoc.dir/__/src/google/protobuf/compiler/objectivec/objectivec_field.cc.o
#20 145.6 [179/356] Building CXX object third_party/protobuf/cmake/CMakeFiles/libprotoc.dir/__/src/google/protobuf/compiler/objectivec/objectivec_file.cc.o
#20 148.1 [180/356] Building CXX object third_party/protobuf/cmake/CMakeFiles/libprotoc.dir/__/src/google/protobuf/compiler/objectivec/objectivec_message_field.cc.o
#20 148.3 [181/356] Building CXX object third_party/protobuf/cmake/CMakeFiles/libprotoc.dir/__/src/google/protobuf/compiler/objectivec/objectivec_map_field.cc.o
#20 149.0 [182/356] Building CXX object third_party/protobuf/cmake/CMakeFiles/libprotoc.dir/__/src/google/protobuf/compiler/objectivec/objectivec_oneof.cc.o
#20 150.3 [183/356] Building CXX object third_party/protobuf/cmake/CMakeFiles/libprotoc.dir/__/src/google/protobuf/compiler/objectivec/objectivec_primitive_field.cc.o
#20 151.6 [184/356] Building CXX object third_party/protobuf/cmake/CMakeFiles/libprotoc.dir/__/src/google/protobuf/compiler/objectivec/objectivec_helpers.cc.o
#20 152.1 [185/356] Building CXX object third_party/protobuf/cmake/CMakeFiles/libprotoc.dir/__/src/google/protobuf/compiler/objectivec/objectivec_message.cc.o
#20 153.8 [186/356] Building CXX object third_party/protobuf/cmake/CMakeFiles/libprotoc.dir/__/src/google/protobuf/compiler/plugin.cc.o
#20 155.5 [187/356] Building CXX object third_party/protobuf/cmake/CMakeFiles/libprotoc.dir/__/src/google/protobuf/compiler/subprocess.cc.o
#20 155.6 [188/356] Building CXX object third_party/protobuf/cmake/CMakeFiles/libprotoc.dir/__/src/google/protobuf/compiler/zip_writer.cc.o
#20 156.0 [189/356] Building CXX object third_party/protobuf/cmake/CMakeFiles/libprotoc.dir/__/src/google/protobuf/compiler/plugin.pb.cc.o
#20 158.2 [190/356] Building CXX object third_party/protobuf/cmake/CMakeFiles/libprotoc.dir/__/src/google/protobuf/compiler/ruby/ruby_generator.cc.o
#20 158.6 [191/356] Building CXX object third_party/protobuf/cmake/CMakeFiles/libprotobuf.dir/__/src/google/protobuf/stubs/structurally_valid.cc.o
#20 158.7 [192/356] Building CXX object third_party/protobuf/cmake/CMakeFiles/libprotoc.dir/__/src/google/protobuf/compiler/php/php_generator.cc.o
#20 158.9 [193/356] Building CXX object third_party/protobuf/cmake/CMakeFiles/libprotobuf.dir/__/src/google/protobuf/arena.cc.o
#20 159.2 [194/356] Building CXX object third_party/protobuf/cmake/CMakeFiles/libprotobuf.dir/__/src/google/protobuf/any_lite.cc.o
#20 159.7 [195/356] Building CXX object third_party/protobuf/cmake/CMakeFiles/libprotoc.dir/__/src/google/protobuf/compiler/js/js_generator.cc.o
#20 159.8 [196/356] Building CXX object third_party/protobuf/cmake/CMakeFiles/libprotobuf.dir/__/src/google/protobuf/stubs/strutil.cc.o
#20 159.9 [197/356] Building CXX object third_party/protobuf/cmake/CMakeFiles/libprotobuf.dir/__/src/google/protobuf/io/io_win32.cc.o
#20 161.9 [198/356] Building CXX object third_party/protobuf/cmake/CMakeFiles/libprotobuf.dir/__/src/google/protobuf/generated_enum_util.cc.o
#20 162.0 [199/356] Building CXX object third_party/protobuf/cmake/CMakeFiles/libprotoc.dir/__/src/google/protobuf/compiler/python/python_generator.cc.o
#20 162.4 [200/356] Building CXX object third_party/protobuf/cmake/CMakeFiles/libprotobuf.dir/__/src/google/protobuf/io/strtod.cc.o
#20 162.9 [201/356] Building CXX object third_party/protobuf/cmake/CMakeFiles/libprotobuf.dir/__/src/google/protobuf/implicit_weak_message.cc.o
#20 163.7 [202/356] Building CXX object third_party/protobuf/cmake/CMakeFiles/libprotobuf.dir/__/src/google/protobuf/io/coded_stream.cc.o
#20 164.2 [203/356] Building CXX object third_party/protobuf/cmake/CMakeFiles/libprotobuf.dir/__/src/google/protobuf/io/zero_copy_stream.cc.o
#20 164.8 [204/356] Building CXX object third_party/protobuf/cmake/CMakeFiles/libprotobuf.dir/__/src/google/protobuf/io/zero_copy_stream_impl.cc.o
#20 165.3 [205/356] Building CXX object third_party/protobuf/cmake/CMakeFiles/libprotobuf.dir/__/src/google/protobuf/io/zero_copy_stream_impl_lite.cc.o
#20 167.5 [206/356] Building CXX object third_party/protobuf/cmake/CMakeFiles/libprotobuf.dir/__/src/google/protobuf/message_lite.cc.o
#20 167.7 [207/356] Building CXX object third_party/protobuf/cmake/CMakeFiles/libprotobuf.dir/__/src/google/protobuf/stubs/bytestream.cc.o
#20 169.2 [208/356] Building CXX object third_party/protobuf/cmake/CMakeFiles/libprotobuf.dir/__/src/google/protobuf/parse_context.cc.o
#20 169.3 [209/356] Building CXX object third_party/protobuf/cmake/CMakeFiles/libprotobuf.dir/__/src/google/protobuf/stubs/common.cc.o
#20 170.7 [210/356] Building CXX object third_party/protobuf/cmake/CMakeFiles/libprotobuf.dir/__/src/google/protobuf/stubs/int128.cc.o
#20 170.9 [211/356] Building CXX object third_party/protobuf/cmake/CMakeFiles/libprotobuf.dir/__/src/google/protobuf/stubs/status.cc.o
#20 171.1 [212/356] Building CXX object third_party/protobuf/cmake/CMakeFiles/libprotobuf.dir/__/src/google/protobuf/generated_message_util.cc.o
#20 171.2 [213/356] Building CXX object third_party/protobuf/cmake/CMakeFiles/libprotobuf.dir/__/src/google/protobuf/generated_message_table_driven_lite.cc.o
#20 171.5 [214/356] Building CXX object third_party/protobuf/cmake/CMakeFiles/libprotobuf.dir/__/src/google/protobuf/extension_set.cc.o
#20 171.9 [215/356] Building CXX object third_party/protobuf/cmake/CMakeFiles/libprotobuf.dir/__/src/google/protobuf/stubs/statusor.cc.o
#20 172.4 [216/356] Building CXX object third_party/protobuf/cmake/CMakeFiles/libprotobuf.dir/__/src/google/protobuf/stubs/stringpiece.cc.o
#20 172.5 [217/356] Building CXX object third_party/protobuf/cmake/CMakeFiles/libprotobuf.dir/__/src/google/protobuf/repeated_field.cc.o
#20 173.1 [218/356] Building CXX object third_party/protobuf/cmake/CMakeFiles/libprotobuf.dir/__/src/google/protobuf/stubs/stringprintf.cc.o
#20 174.6 [219/356] Building CXX object third_party/protobuf/cmake/CMakeFiles/libprotobuf.dir/__/src/google/protobuf/any.cc.o
#20 175.4 [220/356] Building CXX object third_party/protobuf/cmake/CMakeFiles/libprotobuf.dir/__/src/google/protobuf/any.pb.cc.o
#20 177.9 [221/356] Building CXX object third_party/protobuf/cmake/CMakeFiles/libprotobuf.dir/__/src/google/protobuf/compiler/importer.cc.o
#20 178.1 [222/356] Building CXX object third_party/protobuf/cmake/CMakeFiles/libprotobuf.dir/__/src/google/protobuf/api.pb.cc.o
#20 179.0 [223/356] Building CXX object third_party/protobuf/cmake/CMakeFiles/libprotobuf.dir/__/src/google/protobuf/duration.pb.cc.o
#20 182.2 [224/356] Building CXX object third_party/protobuf/cmake/CMakeFiles/libprotobuf.dir/__/src/google/protobuf/empty.pb.cc.o
#20 182.3 [225/356] Building CXX object third_party/protobuf/cmake/CMakeFiles/libprotobuf.dir/__/src/google/protobuf/dynamic_message.cc.o
#20 183.7 [226/356] Building CXX object third_party/protobuf/cmake/CMakeFiles/libprotobuf.dir/__/src/google/protobuf/field_mask.pb.cc.o
#20 183.7 [227/356] Building CXX object third_party/protobuf/cmake/CMakeFiles/libprotobuf.dir/__/src/google/protobuf/io/gzip_stream.cc.o
#20 184.6 [228/356] Building CXX object third_party/protobuf/cmake/CMakeFiles/libprotobuf.dir/__/src/google/protobuf/descriptor_database.cc.o
#20 184.8 [229/356] Building CXX object third_party/protobuf/cmake/CMakeFiles/libprotobuf.dir/__/src/google/protobuf/extension_set_heavy.cc.o
#20 185.7 [230/356] Building CXX object third_party/protobuf/cmake/CMakeFiles/libprotobuf.dir/__/src/google/protobuf/compiler/parser.cc.o
#20 188.5 [231/356] Building CXX object third_party/protobuf/cmake/CMakeFiles/libprotobuf.dir/__/src/google/protobuf/io/printer.cc.o
#20 189.2 [232/356] Building CXX object third_party/protobuf/cmake/CMakeFiles/libprotobuf.dir/__/src/google/protobuf/io/tokenizer.cc.o
#20 191.6 [233/356] Building CXX object third_party/protobuf/cmake/CMakeFiles/libprotobuf.dir/__/src/google/protobuf/service.cc.o
#20 192.4 [234/356] Building CXX object third_party/protobuf/cmake/CMakeFiles/libprotobuf.dir/__/src/google/protobuf/map_field.cc.o
#20 194.7 [235/356] Building CXX object third_party/protobuf/cmake/CMakeFiles/libprotobuf.dir/__/src/google/protobuf/reflection_ops.cc.o
#20 194.9 [236/356] Building CXX object third_party/protobuf/cmake/CMakeFiles/libprotobuf.dir/__/src/google/protobuf/message.cc.o
#20 195.2 [237/356] Building CXX object third_party/protobuf/cmake/CMakeFiles/libprotobuf.dir/__/src/google/protobuf/generated_message_reflection.cc.o
#20 195.4 [238/356] Building CXX object third_party/protobuf/cmake/CMakeFiles/libprotobuf.dir/__/src/google/protobuf/generated_message_table_driven.cc.o
#20 196.2 [239/356] Building CXX object third_party/protobuf/cmake/CMakeFiles/libprotobuf.dir/__/src/google/protobuf/source_context.pb.cc.o
#20 197.1 [240/356] Building CXX object third_party/protobuf/cmake/CMakeFiles/libprotobuf.dir/__/src/google/protobuf/stubs/mathlimits.cc.o
#20 197.9 [241/356] Building CXX object third_party/protobuf/cmake/CMakeFiles/libprotobuf.dir/__/src/google/protobuf/stubs/substitute.cc.o
#20 199.7 [242/356] Building CXX object third_party/protobuf/cmake/CMakeFiles/libprotobuf.dir/__/src/google/protobuf/timestamp.pb.cc.o
#20 200.9 [243/356] Building CXX object third_party/protobuf/cmake/CMakeFiles/libprotobuf.dir/__/src/google/protobuf/util/delimited_message_util.cc.o
#20 201.5 [244/356] Building CXX object third_party/protobuf/cmake/CMakeFiles/libprotobuf.dir/__/src/google/protobuf/descriptor.pb.cc.o
#20 202.2 [245/356] Building CXX object third_party/protobuf/cmake/CMakeFiles/libprotobuf.dir/__/src/google/protobuf/unknown_field_set.cc.o
#20 203.3 [246/356] Building CXX object third_party/protobuf/cmake/CMakeFiles/libprotobuf.dir/__/src/google/protobuf/struct.pb.cc.o
#20 204.4 [247/356] Building CXX object third_party/protobuf/cmake/CMakeFiles/libprotobuf.dir/__/src/google/protobuf/util/field_comparator.cc.o
#20 205.3 [248/356] Building CXX object third_party/protobuf/cmake/CMakeFiles/libprotobuf.dir/__/src/google/protobuf/type.pb.cc.o
#20 206.1 [249/356] Building CXX object third_party/protobuf/cmake/CMakeFiles/libprotobuf.dir/__/src/google/protobuf/util/internal/error_listener.cc.o
#20 208.1 [250/356] Building CXX object third_party/protobuf/cmake/CMakeFiles/libprotobuf.dir/__/src/google/protobuf/util/field_mask_util.cc.o
#20 208.2 [251/356] Building CXX object third_party/protobuf/cmake/CMakeFiles/libprotobuf.dir/__/src/google/protobuf/util/internal/json_escaping.cc.o
#20 209.5 [252/356] Building CXX object third_party/protobuf/cmake/CMakeFiles/libprotobuf.dir/__/src/google/protobuf/util/internal/datapiece.cc.o
#20 210.0 [253/356] Building CXX object third_party/protobuf/cmake/CMakeFiles/libprotobuf.dir/__/src/google/protobuf/util/internal/field_mask_utility.cc.o
#20 210.9 [254/356] Building CXX object third_party/protobuf/cmake/CMakeFiles/libprotobuf.dir/__/src/google/protobuf/text_format.cc.o
#20 211.0 [255/356] Building CXX object third_party/protobuf/cmake/CMakeFiles/libprotobuf.dir/__/src/google/protobuf/util/internal/json_objectwriter.cc.o
#20 211.7 [256/356] Building CXX object third_party/protobuf/cmake/CMakeFiles/libprotobuf.dir/__/src/google/protobuf/util/internal/default_value_objectwriter.cc.o
#20 212.5 [257/356] Building CXX object third_party/protobuf/cmake/CMakeFiles/libprotobuf.dir/__/src/google/protobuf/util/internal/object_writer.cc.o
#20 213.3 [258/356] Building CXX object third_party/protobuf/cmake/CMakeFiles/libprotobuf.dir/__/src/google/protobuf/util/internal/json_stream_parser.cc.o
#20 216.7 [259/356] Building CXX object third_party/protobuf/cmake/CMakeFiles/libprotobuf.dir/__/src/google/protobuf/util/internal/type_info_test_helper.cc.o
#20 217.5 [260/356] Building CXX object third_party/protobuf/cmake/CMakeFiles/libprotobuf.dir/__/src/google/protobuf/descriptor.cc.o
#20 217.7 [261/356] Building CXX object third_party/protobuf/cmake/CMakeFiles/libprotobuf.dir/__/src/google/protobuf/util/internal/type_info.cc.o
#20 218.2 [262/356] Building CXX object third_party/protobuf/cmake/CMakeFiles/libprotobuf.dir/__/src/google/protobuf/util/internal/proto_writer.cc.o
#20 218.5 [263/356] Building CXX object third_party/protobuf/cmake/CMakeFiles/libprotobuf.dir/__/src/google/protobuf/util/internal/protostream_objectsource.cc.o
#20 218.9 [264/356] Building CXX object third_party/protobuf/cmake/CMakeFiles/libprotobuf.dir/__/src/google/protobuf/util/json_util.cc.o
#20 219.1 [265/356] Building CXX object third_party/protobuf/cmake/CMakeFiles/libprotobuf.dir/__/src/google/protobuf/util/internal/utility.cc.o
#20 219.2 [266/356] Building C object third_party/zlib/CMakeFiles/minigzip.dir/test/minigzip.o
#20 219.2 FAILED: third_party/zlib/CMakeFiles/minigzip.dir/test/minigzip.o 
#20 219.2 /usr/local/bin/clang -DUSE_RE2 -D_LARGEFILE64_SOURCE=1 -D_LIBCXXABI_FUNC_VIS="" -I/src/bloaty/third_party/re2 -I/src/bloaty/third_party/capstone/include -I/work/third_party/zlib -I/src/bloaty -isystem /src/bloaty/third_party/protobuf/src -DFUZZING_BUILD_MODE_UNSAFE_FOR_PRODUCTION -pthread -Wl,--no-as-needed -Wl,-ldl -Wl,-lm -Wno-unused-command-line-argument -O3 -fsanitize-coverage=trace-pc-guard -O2 -g -DNDEBUG -MD -MT third_party/zlib/CMakeFiles/minigzip.dir/test/minigzip.o -MF third_party/zlib/CMakeFiles/minigzip.dir/test/minigzip.o.d -o third_party/zlib/CMakeFiles/minigzip.dir/test/minigzip.o -c /src/bloaty/third_party/zlib/test/minigzip.c
#20 219.2 /src/bloaty/third_party/zlib/test/minigzip.c:18:10: fatal error: 'zlib.h' file not found
#20 219.2 #include "zlib.h"
#20 219.2          ^~~~~~~~
#20 219.2 1 error generated.
#20 221.1 [267/356] Building CXX object third_party/protobuf/cmake/CMakeFiles/libprotobuf.dir/__/src/google/protobuf/util/internal/protostream_objectwriter.cc.o
#20 221.3 [268/356] Building CXX object third_party/protobuf/cmake/CMakeFiles/libprotobuf.dir/__/src/google/protobuf/util/time_util.cc.o
#20 222.0 [269/356] Building CXX object third_party/protobuf/cmake/CMakeFiles/protoc.dir/__/src/google/protobuf/compiler/main.cc.o
#20 223.3 [270/356] Building CXX object third_party/protobuf/cmake/CMakeFiles/libprotobuf.dir/__/src/google/protobuf/util/type_resolver_util.cc.o
#20 223.9 [271/356] Building CXX object third_party/protobuf/cmake/CMakeFiles/libprotobuf.dir/__/src/google/protobuf/wrappers.pb.cc.o
#20 226.3 [272/356] Building CXX object third_party/protobuf/cmake/CMakeFiles/libprotobuf.dir/__/src/google/protobuf/wire_format.cc.o
#20 227.5 [273/356] Building CXX object third_party/protobuf/cmake/CMakeFiles/libprotobuf.dir/__/src/google/protobuf/util/message_differencer.cc.o
#20 227.5 ninja: build stopped: subcommand failed.
#20 227.5 Traceback (most recent call last):
#20 227.5   File "<string>", line 1, in <module>
#20 227.5   File "/src/fuzzers/afl/fuzzer.py", line 40, in build
#20 227.5     utils.build_benchmark()
#20 227.5   File "/src/fuzzers/utils.py", line 82, in build_benchmark
#20 227.5     subprocess.check_call(['/bin/bash', '-ex', build_script], env=env)
#20 227.5   File "/usr/local/lib/python3.8/subprocess.py", line 364, in check_call
#20 227.5     raise CalledProcessError(retcode, cmd)
#20 227.5 subprocess.CalledProcessError: Command '['/bin/bash', '-ex', '/src/build.sh']' returned non-zero exit status 1.
#20 ERROR: executor failed running [/bin/sh -c echo "Run fuzzer_build to build the target" && if [ -z "$debug_builder" ] ; then fuzzer_build; fi]: exit code: 1
------
 > importing cache manifest from gcr.io/fuzzbench/builders/afl/bloaty_bloaty:
------
------
 > [stage-1 13/13] RUN echo "Run fuzzer_build to build the target" && if [ -z "$debug_builder" ] ; then fuzzer_build; fi:
------
executor failed running [/bin/sh -c echo "Run fuzzer_build to build the target" && if [ -z "$debug_builder" ] ; then fuzzer_build; fi]: exit code: 1
make: *** [docker/generated.mk:2672308: .afl-bloaty_bloaty-builder] Error 1
