WARNING:root:gcloud not found in PATH.
INFO:root:Successfully integrated benchmark: jsoncpp_json_proto_converter.
INFO:root:Please run "make test-run-afl-jsoncpp_json_proto_converter" to test integration.
#1 [internal] load build definition from Dockerfile
#1 sha256:9ecb5db012da09692d196589b43aea13b699aa7b32377d3c45fe4c172d4d0b76
#1 transferring dockerfile: 1.25kB done
#1 DONE 0.6s

#2 [internal] load .dockerignore
#2 sha256:34828f7e0dbbf140f9c99a659b3b8f2740a9ee0787cbfb87c4c52bbb4a96802c
#2 transferring context: 2B done
#2 DONE 0.7s

#3 [internal] load metadata for gcr.io/oss-fuzz-base/base-builder:latest
#3 sha256:f10dc39cc9d418a5bc416dead31a1902b6821fdae909cd3b08f7a3fd1faba7b5
#3 DONE 0.5s

#11 [internal] load build context
#11 sha256:bb49db0483f4f603230f53e127de7ef4efec06ac4b3abbf55b58bf76bf92dc88
#11 DONE 0.0s

#4 importing cache manifest from gcr.io/fuzzbench/builders/benchmark/jsoncpp_json_proto_converter
#4 sha256:9abbae859ada7bb35471ab178fa8d91d31bd29ff7ae69e78fd0680dc08e23d27
#4 ERROR: gcr.io/fuzzbench/builders/benchmark/jsoncpp_json_proto_converter:latest: not found

#5 [1/7] FROM gcr.io/oss-fuzz-base/base-builder@sha256:112044a9815d235113677d459cf2ece740a51f2b85081c8f66943dcdc72ddf7f
#5 sha256:4aee4bf9f7280ac8b7f02b8d29e6e084dd034d2c294b4e3e05d8ce7048a1450f
#5 DONE 0.0s

#11 [internal] load build context
#11 sha256:bb49db0483f4f603230f53e127de7ef4efec06ac4b3abbf55b58bf76bf92dc88
#11 transferring context: 10.84kB done
#11 DONE 0.3s

#7 [3/7] RUN git clone --depth 1 https://github.com/open-source-parsers/jsoncpp
#7 sha256:11565df669197e7e0b15ea56d81c08de6ef819a247eece3a2d409323a620deda
#7 CACHED

#8 [4/7] WORKDIR jsoncpp
#8 sha256:b836ad85ab3ca98749054787ac991206c2eae20ace0dc8dbffd6493afc451ae8
#8 CACHED

#9 [5/7] RUN git clone --depth 1 https://github.com/google/libprotobuf-mutator.git
#9 sha256:fdd75f8b520314a69fa0cd4730e8d9b5045e6881cd6301f0f398495c7d3bbcc9
#9 CACHED

#10 [6/7] RUN (mkdir LPM && cd LPM && cmake ../libprotobuf-mutator -GNinja -DLIB_PROTO_MUTATOR_DOWNLOAD_PROTOBUF=ON -DLIB_PROTO_MUTATOR_TESTING=OFF -DCMAKE_BUILD_TYPE=Release && ninja)
#10 sha256:f95fc51344b5b09afb951403177c041f561c9cbadcd1c6e31703cd8cf88eb806
#10 CACHED

#6 [2/7] RUN apt-get update -y && apt-get install -y curl wget     binutils cmake ninja-build liblzma-dev libz-dev pkg-config autoconf libtool
#6 sha256:2227ad69c22e20c5eb3e7a1167346cff9688f6d2fc262c140f4ffc66ac7a407f
#6 CACHED

#12 [7/7] COPY build.sh *.proto *.h *.cc /src/
#12 sha256:616a88dc26391eb4b777dd7dcc7d0158452b7845270aea05506083536740824f
#12 CACHED

#13 exporting to image
#13 sha256:e8c613e07b0b7ff33893b694f7759a10d42e180f2b4dc349fb57dc6b71dcab00
#13 exporting layers done
#13 writing image sha256:5433133185154411268e88d91963e43804dd674b14b6349205540e9aff36cba7 0.0s done
#13 naming to gcr.io/fuzzbench/builders/benchmark/jsoncpp_json_proto_converter 0.0s done
#13 DONE 0.3s

#14 exporting cache
#14 sha256:2700d4ef94dee473593c5c614b55b2dedcca7893909811a8f2b48291a1f581e4
#14 preparing build cache for export
#14 preparing build cache for export done
#14 DONE 0.0s
------
 > importing cache manifest from gcr.io/fuzzbench/builders/benchmark/jsoncpp_json_proto_converter:
------
#2 [internal] load .dockerignore
#2 sha256:4b471950ee9f46505ac983b7dd7ef77e40c6fb204a1cda58fd140594167cec33
#2 transferring context: 2B done
#2 ...

#1 [internal] load build definition from builder.Dockerfile
#1 sha256:238c595042e6400c17002c9b06892fdb02796e9602cc2aab06b01fbe6ff262e5
#1 transferring dockerfile: 46B done
#1 DONE 0.4s

#2 [internal] load .dockerignore
#2 sha256:4b471950ee9f46505ac983b7dd7ef77e40c6fb204a1cda58fd140594167cec33
#2 DONE 0.4s

#3 [internal] load metadata for gcr.io/fuzzbench/builders/benchmark/jsoncpp_json_proto_converter:latest
#3 sha256:4276b096fa484530916537902334f90a1514c3b307e0e72ec5758a707fc2263c
#3 DONE 0.0s

#4 [1/3] FROM gcr.io/fuzzbench/builders/benchmark/jsoncpp_json_proto_converter
#4 sha256:20d8b6b3cfcb463fb3647ad0a18dfbed3f49d09fe0d2e427ed7c0f2fdc10519d
#4 DONE 0.0s

#7 importing cache manifest from gcr.io/fuzzbench/builders/afl/jsoncpp_json_proto_converter-intermediate
#7 sha256:68fa25b5d5681e5eb14511e09c6640a5686fa56593a435470c34f0f57929e2b6
#7 ERROR: gcr.io/fuzzbench/builders/afl/jsoncpp_json_proto_converter-intermediate:latest: not found

#5 [2/3] RUN git clone https://github.com/google/AFL.git /afl &&     cd /afl &&     git checkout 61037103ae3722c8060ff7082994836a794f978e &&     AFL_NO_X86=1 make
#5 sha256:d595b4cca4a04e5d9f195691f60392b614d7f46093ec41851777568aa44c0bb8
#5 CACHED

#6 [3/3] RUN apt-get update &&     apt-get install wget -y &&     wget https://raw.githubusercontent.com/llvm/llvm-project/5feb80e748924606531ba28c97fe65145c65372e/compiler-rt/lib/fuzzer/afl/afl_driver.cpp -O /afl/afl_driver.cpp &&     clang -Wno-pointer-sign -c /afl/llvm_mode/afl-llvm-rt.o.c -I/afl &&     clang++ -stdlib=libc++ -std=c++11 -O2 -c /afl/afl_driver.cpp &&     ar r /libAFL.a *.o
#6 sha256:5b6bab4dc0d47abe87ad7b2226e1cbae1ca895bd11217c499c8144ed7b728f14
#6 CACHED

#8 exporting to image
#8 sha256:e8c613e07b0b7ff33893b694f7759a10d42e180f2b4dc349fb57dc6b71dcab00
#8 exporting layers done
#8 writing image sha256:1c97b72773135093244b20dd897dff4cb809ff5f2a9e9a11bacb200d7e2ceed4
#8 writing image sha256:1c97b72773135093244b20dd897dff4cb809ff5f2a9e9a11bacb200d7e2ceed4 0.0s done
#8 naming to gcr.io/fuzzbench/builders/afl/jsoncpp_json_proto_converter-intermediate 0.0s done
#8 DONE 0.4s

#9 exporting cache
#9 sha256:2700d4ef94dee473593c5c614b55b2dedcca7893909811a8f2b48291a1f581e4
#9 preparing build cache for export done
#9 DONE 0.0s
------
 > importing cache manifest from gcr.io/fuzzbench/builders/afl/jsoncpp_json_proto_converter-intermediate:
------
#1 [internal] load build definition from Dockerfile
#1 sha256:962dad30faf98b9fe3aacef4dd2649a66ee125298fa12fd17da6f731b6373c0b
#1 transferring dockerfile: 2.00kB done
#1 DONE 0.1s

#2 [internal] load .dockerignore
#2 sha256:ecfbf92f1e28b650f76b607e791805e2b0df633ccc8acfe04a276643dd8579bd
#2 transferring context: 143B done
#2 DONE 0.2s

#3 [internal] load metadata for docker.io/library/ubuntu:xenial
#3 sha256:f62bae18ed588840f045c881b2502661f2a89578a2f8f99b83f5200ee83dd25b
#3 DONE 0.0s

#4 importing cache manifest from gcr.io/fuzzbench/base-image
#4 sha256:9b220ebb4d4daceed1b96df9b6dca076e762f1cd612574f010b82d5b9e5ad896
#4 DONE 0.0s

#5 [1/7] FROM docker.io/library/ubuntu:xenial
#5 sha256:14dd403f25ae9e519bd44f27dc17af7ce80f5a4f9f48ca88108364e67ec5d360
#5 DONE 0.0s

#8 [internal] load build context
#8 sha256:cbfedfe05ac571fce0472f6fd0be2de6394ffbc973255d2c054aba6620edd590
#8 transferring context: 559B done
#8 DONE 0.1s

#11 [6/7] RUN apt-get update -y && apt-get install -y     apt-transport-https     lsb-release
#11 sha256:b1a9ec86881a272b67043909baa7ce0605200b27165daaed5a7cbaca8fc21365
#11 CACHED

#6 [2/7] RUN apt-get update -y && apt-get install -y     build-essential     rsync     curl     zlib1g-dev     libncurses5-dev     libgdbm-dev     libnss3-dev     libssl-dev     libreadline-dev     libffi-dev     virtualenv     libbz2-dev     liblzma-dev     libsqlite3-dev
#6 sha256:3a1b0960f17eed529eaae93dc8fd3554f2743dd584d8fa569cdbe6bc734371ac
#6 CACHED

#7 [3/7] RUN cd /tmp/ &&     curl -O https://www.python.org/ftp/python/3.8.6/Python-3.8.6.tar.xz &&     tar -xvf Python-3.8.6.tar.xz &&     cd Python-3.8.6 &&     ./configure --enable-loadable-sqlite-extensions --enable-optimizations &&     make -j install &&     rm -r /tmp/Python-3.8.6.tar.xz /tmp/Python-3.8.6
#7 sha256:c5b9d1fb3371e84dbc60b76e7b2f8d5913bc93bcd4910ab65daa03e7b2ec4bb0
#7 CACHED

#9 [4/7] COPY ./requirements.txt /
#9 sha256:ca4aeba11017cd8c8698af4d04db42b447286474bdfd64a76b93bb31a84c38d3
#9 CACHED

#10 [5/7] RUN pip3 install -r /requirements.txt
#10 sha256:4301ef7148c92afa1a8482facb8a95b351374087bb87c30d5b31f5688f259656
#10 CACHED

#12 [7/7] RUN CLOUD_SDK_REPO="cloud-sdk-$(lsb_release -c -s)" &&     echo "deb https://packages.cloud.google.com/apt $CLOUD_SDK_REPO main"     | tee -a /etc/apt/sources.list.d/google-cloud-sdk.list &&     curl https://packages.cloud.google.com/apt/doc/apt-key.gpg     | apt-key add - &&     apt-get update -y &&     apt-get install -y google-cloud-sdk
#12 sha256:a7c09179d576189114ed88e0d303a53d805a2f90e790629777bea3bb000c79d1
#12 CACHED

#13 exporting to image
#13 sha256:e8c613e07b0b7ff33893b694f7759a10d42e180f2b4dc349fb57dc6b71dcab00
#13 exporting layers done
#13 writing image sha256:e1fa3f275ef7ad2553590e7204281a5a2ad685bd7462476fda6757b0aea51a9c done
#13 naming to gcr.io/fuzzbench/base-image done
#13 DONE 0.1s

#14 exporting cache
#14 sha256:2700d4ef94dee473593c5c614b55b2dedcca7893909811a8f2b48291a1f581e4
#14 preparing build cache for export done
#14 DONE 0.0s
#1 [internal] load build definition from Dockerfile
#1 sha256:277a38d97c5cfdee517b2c5a8ed9a32813eeafbd9c72243f8b6d8fccc744a063
#1 transferring dockerfile: 2.22kB done
#1 DONE 0.1s

#2 [internal] load .dockerignore
#2 sha256:a3ad958ade5e484aa431b6ae86481cc32b6ced142f7cc6d62d384be7215b8572
#2 transferring context: 34B done
#2 DONE 0.1s

#7 [base-image 1/1] FROM gcr.io/fuzzbench/base-image
#7 sha256:4d07825694520f8b6f6a0d8592dbd345433361ae044cb7f06706c5a95e3daaad
#7 CACHED

#3 [internal] load metadata for gcr.io/fuzzbench/builders/afl/jsoncpp_json_proto_converter-intermediate:latest
#3 sha256:502bbb9155700ec758df16cc521095a6bcf137dd6ae355cb696959dd1e8d6cc7
#3 DONE 0.0s

#4 [internal] load metadata for gcr.io/fuzzbench/base-image:latest
#4 sha256:932022888f650cc455b10eb5123bb08c0cccacac29a693e69314abbfd28a72c3
#4 DONE 0.0s

#6 [stage-1  1/13] FROM gcr.io/fuzzbench/builders/afl/jsoncpp_json_proto_converter-intermediate
#6 sha256:972adc4933c03360a1d376212d71aa08ca8d989615ce53ea256072b7a7cb9195
#6 DONE 0.0s

#12 [internal] load build context
#12 sha256:6a046accd2f358a38482b5c88cdda0b00af2b31c2908a541af228b45d02015f3
#12 DONE 0.0s

#5 importing cache manifest from gcr.io/fuzzbench/builders/afl/jsoncpp_json_proto_converter
#5 sha256:fdbadc7a7ffe85ed74f1fc8a6749b3649b875c3c2e487526df6fdf69e238daf0
#5 ERROR: gcr.io/fuzzbench/builders/afl/jsoncpp_json_proto_converter:latest: not found

#12 [internal] load build context
#12 sha256:6a046accd2f358a38482b5c88cdda0b00af2b31c2908a541af228b45d02015f3
#12 transferring context: 669.91kB 0.2s done
#12 DONE 0.3s

#13 [stage-1  6/13] COPY fuzzers /src/fuzzers
#13 sha256:15ce153733737f911a165697cd2aaf87d513be784cfebbf127a7ad765fc64088
#13 CACHED

#8 [stage-1  2/13] COPY --from=base-image /usr/local/bin/python3* /usr/local/bin/
#8 sha256:4a90a47e6b20616bf227dc269dd8120263f4ac993e6bf06470e992b4bac82cf7
#8 CACHED

#9 [stage-1  3/13] COPY --from=base-image /usr/local/lib/python3.8 /usr/local/lib/python3.8
#9 sha256:7a254415d3f720873f6e0424630e197a52ec98e97540fb3f6ddd961efe697adf
#9 CACHED

#10 [stage-1  4/13] COPY --from=base-image /usr/local/include/python3.8 /usr/local/include/python3.8
#10 sha256:754558f35bcf1f9e32ca8954173eb9273ffa55a05affec05c8b44d0098bf56a0
#10 CACHED

#11 [stage-1  5/13] COPY --from=base-image /usr/local/lib/python3.8/site-packages /usr/local/lib/python3.8/site-packages
#11 sha256:8a4f97dc2661f608a6c1d842cdcf7115d838a1bd47401901073497452ef3fa29
#11 CACHED

#14 [stage-1  7/13] RUN touch /src/__init__.py
#14 sha256:7957a9e64dabca885892768f5f16c1bdd3af5cf0dcff67e2594aa14dd4afa8d1
#14 DONE 2.3s

#15 [stage-1  8/13] COPY benchmarks/jsoncpp_json_proto_converter/benchmark.yaml /
#15 sha256:d3fffa8887bb3381b46a582123ddfef165a960d717de00a33c71f8e32c7db50d
#15 DONE 0.5s

#16 [stage-1  9/13] RUN mkdir /opt/fuzzbench/
#16 sha256:530e015899e4681fdc77cc859a805ecb713d2d51a8fe028982458d1c16372127
#16 DONE 1.6s

#17 [stage-1 10/13] COPY docker/benchmark-builder/checkout_commit.py /opt/fuzzbench/
#17 sha256:f0be1e151c89dc6708f60cff047e5e2c0254e7851d7f160f9f9e8a3f2432e8bd
#17 DONE 0.6s

#18 [stage-1 11/13] RUN export CHECKOUT_COMMIT=$(cat /benchmark.yaml | tr -d ' ' | grep 'commit:' | cut -d ':' -f2) &&     python3 -u /opt/fuzzbench/checkout_commit.py $CHECKOUT_COMMIT /src
#18 sha256:0185746decbd564c986b8ca34eb6591e88765a011eb69603a31187c6d169dbaa
#18 1.401 Checking out commit 946d6455
#18 4.555 From https://github.com/open-source-parsers/jsoncpp
#18 4.555  * [new tag]         1.0.0      -> 1.0.0
#18 4.555  * [new tag]         1.1.0      -> 1.1.0
#18 4.556  * [new tag]         1.2.0      -> 1.2.0
#18 4.556  * [new tag]         1.3.0      -> 1.3.0
#18 4.556  * [new tag]         1.4.0      -> 1.4.0
#18 4.556  * [new tag]         1.4.1      -> 1.4.1
#18 4.557  * [new tag]         1.4.2      -> 1.4.2
#18 4.557  * [new tag]         1.4.3      -> 1.4.3
#18 4.557  * [new tag]         1.4.4      -> 1.4.4
#18 4.558  * [new tag]         1.5.4      -> 1.5.4
#18 4.558  * [new tag]         1.6.0      -> 1.6.0
#18 4.558  * [new tag]         1.6.1      -> 1.6.1
#18 4.559  * [new tag]         1.6.2      -> 1.6.2
#18 4.560  * [new tag]         1.6.5      -> 1.6.5
#18 4.560  * [new tag]         1.7.0      -> 1.7.0
#18 4.560  * [new tag]         1.7.1      -> 1.7.1
#18 4.561  * [new tag]         1.7.2      -> 1.7.2
#18 4.564  * [new tag]         1.7.3      -> 1.7.3
#18 4.564  * [new tag]         1.7.4      -> 1.7.4
#18 4.564  * [new tag]         1.7.5      -> 1.7.5
#18 4.565  * [new tag]         1.7.6      -> 1.7.6
#18 4.565  * [new tag]         1.7.7      -> 1.7.7
#18 4.566  * [new tag]         1.8.0      -> 1.8.0
#18 4.566  * [new tag]         1.8.1      -> 1.8.1
#18 4.567  * [new tag]         1.8.2      -> 1.8.2
#18 4.567  * [new tag]         1.8.3      -> 1.8.3
#18 4.568  * [new tag]         1.8.4      -> 1.8.4
#18 4.568  * [new tag]         1.9.0      -> 1.9.0
#18 4.569  * [new tag]         1.9.1      -> 1.9.1
#18 4.569  * [new tag]         1.9.2      -> 1.9.2
#18 4.570  * [new tag]         1.9.3      -> 1.9.3
#18 4.570  * [new tag]         1.9.4      -> 1.9.4
#18 4.570  * [new tag]         1.9.5      -> 1.9.5
#18 4.571  * [new tag]         svn-import -> svn-import
#18 4.581 error: pathspec '946d6455' did not match any file(s) known to git
#18 4.592 error: pathspec '946d6455' did not match any file(s) known to git
#18 4.607 error: pathspec '946d6455' did not match any file(s) known to git
#18 4.651 error: pathspec '946d6455' did not match any file(s) known to git
#18 4.660 error: pathspec '946d6455' did not match any file(s) known to git
#18 4.670 error: pathspec '946d6455' did not match any file(s) known to git
#18 4.681 error: pathspec '946d6455' did not match any file(s) known to git
#18 4.733 error: pathspec '946d6455' did not match any file(s) known to git
#18 4.872 Checkout unsuccessful.
#18 DONE 5.3s

#19 [stage-1 12/13] RUN echo "#!/bin/bash\nPYTHONPATH=/src python3 -u -c "from fuzzers import utils; utils.initialize_env(); from fuzzers.afl import fuzzer; fuzzer.build()"" > /usr/bin/fuzzer_build &&     chmod +x /usr/bin/fuzzer_build
#19 sha256:85cc71fa2d41dc0765a9799e33ef5f886b19c02d3e25a3de67c4df68dac5e8e0
#19 DONE 2.4s

#20 [stage-1 13/13] RUN echo "Run fuzzer_build to build the target" && if [ -z "$debug_builder" ] ; then fuzzer_build; fi
#20 sha256:175f986b12d78f9b933df07cec02127942305ab5c1bf800cab29153fbbc8cf1a
#20 1.509 Run fuzzer_build to build the target
#20 1.808 FUZZ_TARGET = json_proto_converter
#20 1.808 CFLAGS = -DFUZZING_BUILD_MODE_UNSAFE_FOR_PRODUCTION -pthread -Wl,--no-as-needed -Wl,-ldl -Wl,-lm -Wno-unused-command-line-argument -O3
#20 1.808 CXXFLAGS = -DFUZZING_BUILD_MODE_UNSAFE_FOR_PRODUCTION -pthread -Wl,--no-as-needed -Wl,-ldl -Wl,-lm -Wno-unused-command-line-argument -stdlib=libc++ -O3
#20 1.835 Building benchmark jsoncpp_json_proto_converter with fuzzer afl
#20 1.840 + mkdir -p build
#20 1.843 + cd build
#20 1.843 + cmake -DCMAKE_CXX_COMPILER=clang++ '-DCMAKE_CXX_FLAGS=-DFUZZING_BUILD_MODE_UNSAFE_FOR_PRODUCTION -pthread -Wl,--no-as-needed -Wl,-ldl -Wl,-lm -Wno-unused-command-line-argument -stdlib=libc++ -O3 -fsanitize-coverage=trace-pc-guard' -DBUILD_SHARED_LIBS=OFF -G 'Unix Makefiles' ..
#20 2.428 -- The CXX compiler identification is Clang 14.0.0
#20 2.513 -- Detecting CXX compiler ABI info
#20 2.966 -- Detecting CXX compiler ABI info - done
#20 3.126 -- Check for working CXX compiler: /usr/local/bin/clang++ - skipped
#20 3.127 -- Detecting CXX compile features
#20 3.129 -- Detecting CXX compile features - done
#20 3.131 -- JsonCpp Version: 1.9.5
#20 3.199 -- Looking for C++ include clocale
#20 3.629 -- Looking for C++ include clocale - found
#20 3.639 -- Looking for localeconv
#20 4.069 -- Looking for localeconv - found
#20 4.072 -- Looking for C++ include sys/types.h
#20 4.523 -- Looking for C++ include sys/types.h - found
#20 4.524 -- Looking for C++ include stdint.h
#20 4.981 -- Looking for C++ include stdint.h - found
#20 4.983 -- Looking for C++ include stddef.h
#20 5.475 -- Looking for C++ include stddef.h - found
#20 5.476 -- Check size of lconv
#20 6.092 -- Check size of lconv - done
#20 6.094 -- Performing Test HAVE_DECIMAL_POINT
#20 6.565 -- Performing Test HAVE_DECIMAL_POINT - Success
#20 7.565 -- Found Python3: /usr/local/bin/python3.8 (found version "3.8.6") found components: Interpreter 
#20 7.574 -- Configuring done
#20 7.698 -- Generating done
#20 7.712 -- Build files have been written to: /src/jsoncpp/build
#20 7.718 + make
#20 7.783 [  7%] Building CXX object src/lib_json/CMakeFiles/jsoncpp_static.dir/json_reader.cpp.o
#20 18.77 [ 15%] Building CXX object src/lib_json/CMakeFiles/jsoncpp_static.dir/json_value.cpp.o
#20 26.68 [ 23%] Building CXX object src/lib_json/CMakeFiles/jsoncpp_static.dir/json_writer.cpp.o
#20 33.11 [ 30%] Linking CXX static library ../../lib/libjsoncpp.a
#20 33.39 [ 30%] Built target jsoncpp_static
#20 33.41 [ 38%] Building CXX object src/lib_json/CMakeFiles/jsoncpp_object.dir/json_reader.cpp.o
#20 44.62 [ 46%] Building CXX object src/lib_json/CMakeFiles/jsoncpp_object.dir/json_value.cpp.o
#20 52.33 [ 53%] Building CXX object src/lib_json/CMakeFiles/jsoncpp_object.dir/json_writer.cpp.o
#20 58.72 [ 53%] Built target jsoncpp_object
#20 58.73 [ 61%] Building CXX object src/jsontestrunner/CMakeFiles/jsontestrunner_exe.dir/main.cpp.o
#20 63.95 [ 69%] Linking CXX executable ../../bin/jsontestrunner_exe
#20 64.63 [ 69%] Built target jsontestrunner_exe
#20 64.66 [ 76%] Building CXX object src/test_lib_json/CMakeFiles/jsoncpp_test.dir/jsontest.cpp.o
#20 71.10 [ 84%] Building CXX object src/test_lib_json/CMakeFiles/jsoncpp_test.dir/fuzz.cpp.o
#20 73.78 [ 92%] Building CXX object src/test_lib_json/CMakeFiles/jsoncpp_test.dir/main.cpp.o
#20 99.42 [100%] Linking CXX executable ../../bin/jsoncpp_test
#20 100.2 Testing ValueTest/checkNormalizeFloatingPointStr: OK
#20 100.2 Testing ValueTest/memberCount: OK
#20 100.2 Testing ValueTest/objects: OK
#20 100.2 Testing ValueTest/arrays: OK
#20 100.2 Testing ValueTest/resizeArray: OK
#20 100.2 Testing ValueTest/resizePopulatesAllMissingElements: OK
#20 100.2 Testing ValueTest/getArrayValue: OK
#20 100.2 Testing ValueTest/arrayIssue252: OK
#20 100.2 Testing ValueTest/arrayInsertAtRandomIndex: OK
#20 100.2 Testing ValueTest/null: OK
#20 100.2 Testing ValueTest/strings: OK
#20 100.2 Testing ValueTest/bools: OK
#20 100.2 Testing ValueTest/integers: OK
#20 100.2 Testing ValueTest/nonIntegers: OK
#20 100.2 Testing ValueTest/compareNull: OK
#20 100.2 Testing ValueTest/compareInt: OK
#20 100.2 Testing ValueTest/compareUInt: OK
#20 100.2 Testing ValueTest/compareDouble: OK
#20 100.2 Testing ValueTest/compareString: OK
#20 100.2 Testing ValueTest/compareBoolean: OK
#20 100.2 Testing ValueTest/compareArray: OK
#20 100.2 Testing ValueTest/compareObject: OK
#20 100.2 Testing ValueTest/compareType: OK
#20 100.2 Testing ValueTest/CopyObject: OK
#20 100.2 Testing ValueTest/typeChecksThrowExceptions: OK
#20 100.2 Testing ValueTest/offsetAccessors: OK
#20 100.2 Testing ValueTest/StaticString: OK
#20 100.2 Testing ValueTest/WideString: OK
#20 100.2 Testing ValueTest/CommentBefore: OK
#20 100.2 Testing ValueTest/zeroes: OK
#20 100.2 Testing ValueTest/zeroesInKeys: OK
#20 100.2 Testing ValueTest/specialFloats: OK
#20 100.2 Testing ValueTest/precision: OK
#20 100.2 Testing ValueTest/searchValueByPath: OK
#20 100.2 Testing FastWriterTest/dropNullPlaceholders: OK
#20 100.2 Testing FastWriterTest/enableYAMLCompatibility: OK
#20 100.2 Testing FastWriterTest/omitEndingLineFeed: OK
#20 100.2 Testing FastWriterTest/writeNumericValue: OK
#20 100.2 Testing FastWriterTest/writeArrays: OK
#20 100.2 Testing FastWriterTest/writeNestedObjects: OK
#20 100.2 Testing StyledWriterTest/writeNumericValue: OK
#20 100.2 Testing StyledWriterTest/writeArrays: OK
#20 100.2 Testing StyledWriterTest/writeNestedObjects: OK
#20 100.2 Testing StyledWriterTest/multiLineArray: OK
#20 100.2 Testing StyledWriterTest/writeValueWithComment: OK
#20 100.2 Testing StyledStreamWriterTest/writeNumericValue: OK
#20 100.2 Testing StyledStreamWriterTest/writeArrays: OK
#20 100.2 Testing StyledStreamWriterTest/writeNestedObjects: OK
#20 100.2 Testing StyledStreamWriterTest/multiLineArray: OK
#20 100.2 Testing StyledStreamWriterTest/writeValueWithComment: OK
#20 100.2 Testing StreamWriterTest/writeNumericValue: OK
#20 100.2 Testing StreamWriterTest/writeArrays: OK
#20 100.2 Testing StreamWriterTest/writeNestedObjects: OK
#20 100.2 Testing StreamWriterTest/multiLineArray: OK
#20 100.2 Testing StreamWriterTest/dropNullPlaceholders: OK
#20 100.2 Testing StreamWriterTest/enableYAMLCompatibility: OK
#20 100.2 Testing StreamWriterTest/indentation: OK
#20 100.2 Testing StreamWriterTest/writeZeroes: OK
#20 100.2 Testing StreamWriterTest/unicode: OK
#20 100.2 Testing StreamWriterTest/escapeControlCharacters: OK
#20 100.2 Testing ReaderTest/parseWithNoErrors: OK
#20 100.2 Testing ReaderTest/parseObject: OK
#20 100.2 Testing ReaderTest/parseArray: OK
#20 100.2 Testing ReaderTest/parseString: OK
#20 100.2 Testing ReaderTest/parseComment: OK
#20 100.2 Testing ReaderTest/streamParseWithNoErrors: OK
#20 100.2 Testing ReaderTest/parseWithNoErrorsTestingOffsets: OK
#20 100.2 Testing ReaderTest/parseWithOneError: OK
#20 100.2 Testing ReaderTest/parseSpecialFloat: OK
#20 100.2 Testing ReaderTest/strictModeParseNumber: OK
#20 100.2 Testing ReaderTest/parseChineseWithOneError: OK
#20 100.2 Testing ReaderTest/parseWithDetailError: OK
#20 100.2 Testing ReaderTest/pushErrorTest: OK
#20 100.2 Testing ReaderTest/allowNumericKeysTest: OK
#20 100.2 Testing CharReaderTest/parseWithNoErrors: OK
#20 100.2 Testing CharReaderTest/parseWithNoErrorsTestingOffsets: OK
#20 100.2 Testing CharReaderTest/parseNumber: OK
#20 100.2 Testing CharReaderTest/parseString: OK
#20 100.2 Testing CharReaderTest/parseComment: OK
#20 100.2 Testing CharReaderTest/parseObjectWithErrors: OK
#20 100.2 Testing CharReaderTest/parseArrayWithErrors: OK
#20 100.2 Testing CharReaderTest/parseWithOneError: OK
#20 100.2 Testing CharReaderTest/parseChineseWithOneError: OK
#20 100.2 Testing CharReaderTest/parseWithDetailError: OK
#20 100.2 Testing CharReaderTest/parseWithStackLimit: OK
#20 100.2 Testing CharReaderTest/testOperator: OK
#20 100.2 Testing CharReaderStrictModeTest/dupKeys: OK
#20 100.2 Testing CharReaderFailIfExtraTest/issue164: OK
#20 100.2 Testing CharReaderFailIfExtraTest/issue107: OK
#20 100.2 Testing CharReaderFailIfExtraTest/commentAfterObject: OK
#20 100.2 Testing CharReaderFailIfExtraTest/commentAfterArray: OK
#20 100.2 Testing CharReaderFailIfExtraTest/commentAfterBool: OK
#20 100.2 Testing CharReaderFailIfExtraTest/parseComment: OK
#20 100.2 Testing CharReaderAllowDropNullTest/issue178: OK
#20 100.2 Testing CharReaderAllowNumericKeysTest/allowNumericKeys: OK
#20 100.2 Testing CharReaderAllowSingleQuotesTest/issue182: OK
#20 100.2 Testing CharReaderAllowZeroesTest/issue176: OK
#20 100.2 Testing CharReaderAllowSpecialFloatsTest/specialFloat: OK
#20 100.2 Testing CharReaderAllowSpecialFloatsTest/issue209: OK
#20 100.2 Testing EscapeSequenceTest/readerParseEscapeSequence: OK
#20 100.2 Testing EscapeSequenceTest/charReaderParseEscapeSequence: OK
#20 100.2 Testing EscapeSequenceTest/writeEscapeSequence: OK
#20 100.2 Testing BuilderTest/settings: OK
#20 100.2 Testing BomTest/skipBom: OK
#20 100.2 Testing BomTest/notSkipBom: OK
#20 100.2 Testing IteratorTest/convert: OK
#20 100.2 Testing IteratorTest/decrement: OK
#20 100.2 Testing IteratorTest/reverseIterator: OK
#20 100.2 Testing IteratorTest/distance: OK
#20 100.2 Testing IteratorTest/nullValues: OK
#20 100.2 Testing IteratorTest/staticStringKey: OK
#20 100.2 Testing IteratorTest/names: OK
#20 100.2 Testing IteratorTest/indexes: OK
#20 100.2 Testing IteratorTest/constness: OK
#20 100.2 Testing RValueTest/moveConstruction: OK
#20 100.2 Testing FuzzTest/fuzzDoesntCrash: OK
#20 100.2 Testing MemberTemplateAs/BehavesSameAsNamedAs: OK
#20 100.2 Testing MemberTemplateIs/BehavesSameAsNamedIs: OK
#20 100.2 Testing VersionTest/VersionNumbersMatch: OK
#20 100.2 All 119 tests passed
#20 100.2 [100%] Built target jsoncpp_test
#20 100.2 + clang++ -DFUZZING_BUILD_MODE_UNSAFE_FOR_PRODUCTION -pthread -Wl,--no-as-needed -Wl,-ldl -Wl,-lm -Wno-unused-command-line-argument -stdlib=libc++ -O3 -fsanitize-coverage=trace-pc-guard -I../include /libAFL.a ../src/test_lib_json/fuzz.cpp -o /out/jsoncpp_fuzzer lib/libjsoncpp.a
#20 103.7 + cp /src/jsoncpp/src/test_lib_json/fuzz.dict /out/jsoncpp_fuzzer.dict
#20 104.1 + [[ -DFUZZING_BUILD_MODE_UNSAFE_FOR_PRODUCTION -pthread -Wl,--no-as-needed -Wl,-ldl -Wl,-lm -Wno-unused-command-line-argument -O3 -fsanitize-coverage=trace-pc-guard != *sanitize=memory* ]]
#20 104.1 + rm -rf genfiles
#20 104.1 + mkdir genfiles
#20 104.1 + ../LPM/external.protobuf/bin/protoc json.proto --cpp_out=genfiles --proto_path=/src
#20 104.1 + clang++ -DFUZZING_BUILD_MODE_UNSAFE_FOR_PRODUCTION -pthread -Wl,--no-as-needed -Wl,-ldl -Wl,-lm -Wno-unused-command-line-argument -stdlib=libc++ -O3 -fsanitize-coverage=trace-pc-guard -I genfiles -I .. -I ../libprotobuf-mutator/ -I ../LPM/external.protobuf/include -I ../include /libAFL.a /src/jsoncpp_fuzz_proto.cc genfiles/json.pb.cc /src/json_proto_converter.cc ../LPM/src/libfuzzer/libprotobuf-mutator-libfuzzer.a ../LPM/src/libprotobuf-mutator.a ../LPM/external.protobuf/lib/libprotobuf.a -o /out/jsoncpp_proto_fuzzer lib/libjsoncpp.a
#20 125.3 [post_build] Copying afl-fuzz to $OUT directory
#20 DONE 125.4s

#21 exporting to image
#21 sha256:e8c613e07b0b7ff33893b694f7759a10d42e180f2b4dc349fb57dc6b71dcab00
#21 exporting layers done
#21 writing image sha256:835527ba7998e37029779871b645ff3632c8e2f0af299139bc95695638ca3420
#21 writing image sha256:835527ba7998e37029779871b645ff3632c8e2f0af299139bc95695638ca3420 0.0s done
#21 naming to gcr.io/fuzzbench/builders/afl/jsoncpp_json_proto_converter done
#21 DONE 0.4s

#22 exporting cache
#22 sha256:2700d4ef94dee473593c5c614b55b2dedcca7893909811a8f2b48291a1f581e4
#22 preparing build cache for export done
#22 DONE 0.0s
------
 > importing cache manifest from gcr.io/fuzzbench/builders/afl/jsoncpp_json_proto_converter:
------
#1 [internal] load build definition from runner.Dockerfile
#1 sha256:2489bae5b35511832abb665502f1eb02388a8a2f669590f65a7edc9adcb14c8b
#1 transferring dockerfile: 656B done
#1 DONE 0.0s

#2 [internal] load .dockerignore
#2 sha256:0bd592ba34ae5c41e61a504ccd7a74f330cee718b3a4880119a8f041df35b4b0
#2 transferring context: 2B done
#2 DONE 0.0s

#4 [base-image 1/1] FROM gcr.io/fuzzbench/base-image
#4 sha256:4d07825694520f8b6f6a0d8592dbd345433361ae044cb7f06706c5a95e3daaad
#4 CACHED

#3 [internal] load metadata for gcr.io/fuzzbench/base-image:latest
#3 sha256:932022888f650cc455b10eb5123bb08c0cccacac29a693e69314abbfd28a72c3
#3 DONE 0.0s

#5 importing cache manifest from gcr.io/fuzzbench/runners/afl/jsoncpp_json_proto_converter-intermediate
#5 sha256:08a1b89e7837966ed0e73d99c7877d55c6985a348cce2960878de7937e2e11ad
#5 ...

#6 exporting to image
#6 sha256:e8c613e07b0b7ff33893b694f7759a10d42e180f2b4dc349fb57dc6b71dcab00
#6 exporting layers done
#6 writing image sha256:0be13cc299ea0e54ec5de825181e3bed3eb180c53e5a326522f59bc9b5a62000 done
#6 naming to gcr.io/fuzzbench/runners/afl/jsoncpp_json_proto_converter-intermediate done
#6 DONE 0.1s

#7 exporting cache
#7 sha256:2700d4ef94dee473593c5c614b55b2dedcca7893909811a8f2b48291a1f581e4
#7 preparing build cache for export done
#7 DONE 0.0s

#5 importing cache manifest from gcr.io/fuzzbench/runners/afl/jsoncpp_json_proto_converter-intermediate
#5 sha256:08a1b89e7837966ed0e73d99c7877d55c6985a348cce2960878de7937e2e11ad
#5 ERROR: gcr.io/fuzzbench/runners/afl/jsoncpp_json_proto_converter-intermediate:latest: not found
------
 > importing cache manifest from gcr.io/fuzzbench/runners/afl/jsoncpp_json_proto_converter-intermediate:
------
#1 [internal] load build definition from Dockerfile
#1 sha256:21f71583275b13b0d3d6eecb8de10c7440722d873bba078856deb27f833eb274
#1 transferring dockerfile: 3.17kB done
#1 DONE 0.1s

#2 [internal] load .dockerignore
#2 sha256:a38ce65ea6c37c7cfe03e50e3ffc45d79328a980c8425eeee7298e90c4fc7315
#2 transferring context: 34B done
#2 DONE 0.0s

#3 [internal] load metadata for gcr.io/fuzzbench/runners/afl/jsoncpp_json_proto_converter-intermediate:latest
#3 sha256:3c7983ccf8bbd30a246452d9ec20cb568e9fe80105915bdabbc1b72913df3d64
#3 DONE 0.0s

#4 [internal] load metadata for gcr.io/fuzzbench/builders/afl/jsoncpp_json_proto_converter:latest
#4 sha256:b46a96ca6536b10ae827885adb536058f4e719e33fe2d60fb62104495870257c
#4 DONE 0.0s

#12 [internal] load build context
#12 sha256:c48cf646f5b74df591fc360984ce93295a8fb767627e2e5cd9f4cac4ecc7885d
#12 DONE 0.0s

#6 [stage-1  1/13] FROM gcr.io/fuzzbench/runners/afl/jsoncpp_json_proto_converter-intermediate
#6 sha256:27390910b0646549ff82626289c084372b164bb7b8a7735dfd3119e7dcd66f87
#6 DONE 0.0s

#10 [builder 1/1] FROM gcr.io/fuzzbench/builders/afl/jsoncpp_json_proto_converter
#10 sha256:19d0e5dbc92d308b9b6d0fe8d6e6f669471af2473e4bd1a6fb6bb9e2f0f84c32
#10 DONE 0.0s

#5 importing cache manifest from gcr.io/fuzzbench/runners/afl/jsoncpp_json_proto_converter
#5 sha256:9956f4524d517b16da15180dc6ca04fdbdade32c015c9c1d072a78d1bdd5779a
#5 ERROR: gcr.io/fuzzbench/runners/afl/jsoncpp_json_proto_converter:latest: not found

#12 [internal] load build context
#12 sha256:c48cf646f5b74df591fc360984ce93295a8fb767627e2e5cd9f4cac4ecc7885d
#12 ...

#10 [builder 1/1] FROM gcr.io/fuzzbench/builders/afl/jsoncpp_json_proto_converter
#10 sha256:19d0e5dbc92d308b9b6d0fe8d6e6f669471af2473e4bd1a6fb6bb9e2f0f84c32
#10 DONE 2.8s

#12 [internal] load build context
#12 sha256:c48cf646f5b74df591fc360984ce93295a8fb767627e2e5cd9f4cac4ecc7885d
#12 transferring context: 19.01MB 2.8s done
#12 DONE 2.9s

#7 [stage-1  2/13] RUN apt-get update -y && apt-get install -y     libglib2.0-0     libxml2     libarchive13     libgss3
#7 sha256:f6493e5ff8cc31199c5513c5d08fa1b104f7b993dc0ee482dda304e1ac011f5c
#7 CACHED

#8 [stage-1  3/13] RUN mkdir -p /out
#8 sha256:ec075e33d61a44780eda1067bf2a5a857dbfe084f38a82ea2232b14c3b579234
#8 CACHED

#9 [stage-1  4/13] WORKDIR /out
#9 sha256:5d981cb1b17bcf563835feb62f1ff4a701454280bc24f36a378821774e613d6b
#9 CACHED

#11 [stage-1  5/13] COPY --from=builder /out/ ./
#11 sha256:7257fba68f9e14a96d06fa7cad41199087e16911e78fa4b45b2af63ee251c4af
#11 DONE 0.5s

#13 [stage-1  6/13] COPY benchmarks /src/benchmarks
#13 sha256:c030867c412bfb85387b21e745d9f6e94607e51a47da6ef84065c0728f97df92
#13 DONE 2.3s

#14 [stage-1  7/13] COPY fuzzers /src/fuzzers
#14 sha256:8084839ea18dbecc0cc49110d134eac01c3b87d39d56bc4199b650e8eb399f9c
#14 DONE 0.5s

#15 [stage-1  8/13] RUN touch __init__.py
#15 sha256:5d6d5ee0f0e95005b3e8e14f99acda36f3f0eeb2eea87e2031560570a721e4ca
#15 DONE 1.7s

#16 [stage-1  9/13] RUN mkdir -p /out/seeds /out/corpus
#16 sha256:872ea1220856ca6fadbffbc3c98e895b1f069251e15919ab027a3b0584452598
#16 DONE 1.6s

#17 [stage-1 10/13] COPY common /src/common
#17 sha256:3d309966d253097fbcfcc89a1ff926ca39c5b091857d81dd50ff2f45af7e6544
#17 DONE 0.3s

#18 [stage-1 11/13] COPY experiment/runner.py /src/experiment/runner.py
#18 sha256:00d60a4ae6ccafe4bccc99044daa9f141629df9e9519573aa24c635d10ed1ba2
#18 DONE 0.2s

#19 [stage-1 12/13] COPY docker/benchmark-runner /src/docker/benchmark-runner
#19 sha256:6444ccda7bbfc476adb285229413a8e2c392cbc344cbe19651ae035a44158881
#19 DONE 0.2s

#20 [stage-1 13/13] RUN chmod +x /src/docker/benchmark-runner/startup-runner.sh
#20 sha256:1c7492f76f545ebef4110ec93243592a42fba86e0ffbf90904df1e4894da4bb3
#20 DONE 1.4s

#21 exporting to image
#21 sha256:e8c613e07b0b7ff33893b694f7759a10d42e180f2b4dc349fb57dc6b71dcab00
#21 exporting layers done
#21 writing image sha256:a6230d3f85b98974f4583ae2794f5e49e95e0c9ee5e8905419f5a6e0cce31bb6
#21 writing image sha256:a6230d3f85b98974f4583ae2794f5e49e95e0c9ee5e8905419f5a6e0cce31bb6 done
#21 naming to gcr.io/fuzzbench/runners/afl/jsoncpp_json_proto_converter done
#21 DONE 0.1s

#22 exporting cache
#22 sha256:2700d4ef94dee473593c5c614b55b2dedcca7893909811a8f2b48291a1f581e4
#22 preparing build cache for export 0.0s done
#22 DONE 0.0s
------
 > importing cache manifest from gcr.io/fuzzbench/runners/afl/jsoncpp_json_proto_converter:
------
INFO:root:Doing trial as part of experiment.
INFO:root:Starting trial.
ERROR:root:Fuzz target binary not found.
INFO:root:Doing final sync.
ERROR:root:Call to <function get_stats at 0x7f92c67f3ee0> failed. Extras: {'traceback': 'Traceback (most recent call last):\n  File "/src/experiment/runner.py", line 374, in record_stats\n    stats_json_str = fuzzer_module_get_stats(output_corpus,\n  File "/src/fuzzers/afl/fuzzer.py", line 51, in get_stats\n    with open(stats_file) as file_handle:\nFileNotFoundError: [Errno 2] No such file or directory: \'/out/corpus/fuzzer_stats\'\n'}
/bin/sh: 1: source: not found
#1 [internal] load build definition from Dockerfile
#1 sha256:61c9d89245bc5577f6cf30992645b7cf20df11ecc7db985f993c951d92b218eb
#1 transferring dockerfile: 32B done
#1 DONE 0.0s

#2 [internal] load .dockerignore
#2 sha256:8bc9fdba80a02073f9a85e45429aedcb8a1aeae87360c4321cd8811caacd4fa7
#2 transferring context: 2B done
#2 DONE 0.1s

#3 [internal] load metadata for gcr.io/oss-fuzz-base/base-builder:latest
#3 sha256:f10dc39cc9d418a5bc416dead31a1902b6821fdae909cd3b08f7a3fd1faba7b5
#3 DONE 0.4s

#11 [1/7] FROM gcr.io/oss-fuzz-base/base-builder@sha256:112044a9815d235113677d459cf2ece740a51f2b85081c8f66943dcdc72ddf7f
#11 sha256:4aee4bf9f7280ac8b7f02b8d29e6e084dd034d2c294b4e3e05d8ce7048a1450f
#11 DONE 0.0s

#4 importing cache manifest from gcr.io/fuzzbench/builders/benchmark/jsoncpp_json_proto_converter
#4 sha256:9abbae859ada7bb35471ab178fa8d91d31bd29ff7ae69e78fd0680dc08e23d27
#4 DONE 0.0s

#12 [internal] load build context
#12 sha256:c9b0392c94548ccfc42bc228e6dafccc699cfed5ba62e43f1fb8f7c1e8d1c566
#12 transferring context: 186B done
#12 DONE 0.0s

#9 [6/7] RUN (mkdir LPM && cd LPM && cmake ../libprotobuf-mutator -GNinja -DLIB_PROTO_MUTATOR_DOWNLOAD_PROTOBUF=ON -DLIB_PROTO_MUTATOR_TESTING=OFF -DCMAKE_BUILD_TYPE=Release && ninja)
#9 sha256:f95fc51344b5b09afb951403177c041f561c9cbadcd1c6e31703cd8cf88eb806
#9 CACHED

#6 [3/7] RUN git clone --depth 1 https://github.com/open-source-parsers/jsoncpp
#6 sha256:11565df669197e7e0b15ea56d81c08de6ef819a247eece3a2d409323a620deda
#6 CACHED

#7 [4/7] WORKDIR jsoncpp
#7 sha256:b836ad85ab3ca98749054787ac991206c2eae20ace0dc8dbffd6493afc451ae8
#7 CACHED

#8 [5/7] RUN git clone --depth 1 https://github.com/google/libprotobuf-mutator.git
#8 sha256:fdd75f8b520314a69fa0cd4730e8d9b5045e6881cd6301f0f398495c7d3bbcc9
#8 CACHED

#5 [2/7] RUN apt-get update -y && apt-get install -y curl wget     binutils cmake ninja-build liblzma-dev libz-dev pkg-config autoconf libtool
#5 sha256:2227ad69c22e20c5eb3e7a1167346cff9688f6d2fc262c140f4ffc66ac7a407f
#5 CACHED

#10 [7/7] COPY build.sh *.proto *.h *.cc /src/
#10 sha256:7cbceb62bd18f4f8ba9be538691bdf2158c5b52c6e7a0870221a29efb20c61b7
#10 CACHED

#13 exporting to image
#13 sha256:e8c613e07b0b7ff33893b694f7759a10d42e180f2b4dc349fb57dc6b71dcab00
#13 exporting layers done
#13 writing image sha256:5433133185154411268e88d91963e43804dd674b14b6349205540e9aff36cba7
#13 writing image sha256:5433133185154411268e88d91963e43804dd674b14b6349205540e9aff36cba7 done
#13 naming to gcr.io/fuzzbench/builders/benchmark/jsoncpp_json_proto_converter done
#13 DONE 0.1s

#14 exporting cache
#14 sha256:2700d4ef94dee473593c5c614b55b2dedcca7893909811a8f2b48291a1f581e4
#14 preparing build cache for export done
#14 DONE 0.0s
#1 [internal] load build definition from builder.Dockerfile
#1 sha256:493321f6f3893e564cccbda01d79bdd2d9de432a3e1e822fae571f2e6f6331eb
#1 transferring dockerfile: 1.35kB done
#1 DONE 0.1s

#2 [internal] load .dockerignore
#2 sha256:0e85e4ced31e993e277edbf8bceadce754dbd96e993c57071023687400d897d1
#2 transferring context: 2B done
#2 DONE 0.0s

#3 [internal] load metadata for gcr.io/fuzzbench/builders/benchmark/jsoncpp_json_proto_converter:latest
#3 sha256:4276b096fa484530916537902334f90a1514c3b307e0e72ec5758a707fc2263c
#3 DONE 0.0s

#4 importing cache manifest from gcr.io/fuzzbench/builders/afl/jsoncpp_json_proto_converter-intermediate
#4 sha256:68fa25b5d5681e5eb14511e09c6640a5686fa56593a435470c34f0f57929e2b6
#4 DONE 0.0s

#5 [1/3] FROM gcr.io/fuzzbench/builders/benchmark/jsoncpp_json_proto_converter
#5 sha256:20d8b6b3cfcb463fb3647ad0a18dfbed3f49d09fe0d2e427ed7c0f2fdc10519d
#5 DONE 0.0s

#6 [2/3] RUN git clone https://github.com/google/AFL.git /afl &&     cd /afl &&     git checkout 61037103ae3722c8060ff7082994836a794f978e &&     AFL_NO_X86=1 make
#6 sha256:d595b4cca4a04e5d9f195691f60392b614d7f46093ec41851777568aa44c0bb8
#6 CACHED

#7 [3/3] RUN apt-get update &&     apt-get install wget -y &&     wget https://raw.githubusercontent.com/llvm/llvm-project/5feb80e748924606531ba28c97fe65145c65372e/compiler-rt/lib/fuzzer/afl/afl_driver.cpp -O /afl/afl_driver.cpp &&     clang -Wno-pointer-sign -c /afl/llvm_mode/afl-llvm-rt.o.c -I/afl &&     clang++ -stdlib=libc++ -std=c++11 -O2 -c /afl/afl_driver.cpp &&     ar r /libAFL.a *.o
#7 sha256:5b6bab4dc0d47abe87ad7b2226e1cbae1ca895bd11217c499c8144ed7b728f14
#7 CACHED

#8 exporting to image
#8 sha256:e8c613e07b0b7ff33893b694f7759a10d42e180f2b4dc349fb57dc6b71dcab00
#8 exporting layers done
#8 writing image sha256:1c97b72773135093244b20dd897dff4cb809ff5f2a9e9a11bacb200d7e2ceed4 done
#8 naming to gcr.io/fuzzbench/builders/afl/jsoncpp_json_proto_converter-intermediate done
#8 DONE 0.1s

#9 exporting cache
#9 sha256:2700d4ef94dee473593c5c614b55b2dedcca7893909811a8f2b48291a1f581e4
#9 preparing build cache for export done
#9 DONE 0.0s
#1 [internal] load build definition from Dockerfile
#1 sha256:6e09125eb6b2b4733ce81a42661c8f22d6be3b9c932f3963671af47d462480b1
#1 transferring dockerfile: 2.00kB done
#1 DONE 0.0s

#2 [internal] load .dockerignore
#2 sha256:d68a94e6ef14666cb15b8aa77bb8b9a7e227e829ec15c58f9a6e223379d078c1
#2 transferring context: 34B done
#2 DONE 0.0s

#3 [internal] load metadata for docker.io/library/ubuntu:xenial
#3 sha256:f62bae18ed588840f045c881b2502661f2a89578a2f8f99b83f5200ee83dd25b
#3 DONE 0.0s

#11 [1/7] FROM docker.io/library/ubuntu:xenial
#11 sha256:14dd403f25ae9e519bd44f27dc17af7ce80f5a4f9f48ca88108364e67ec5d360
#11 DONE 0.0s

#12 importing cache manifest from gcr.io/fuzzbench/base-image
#12 sha256:9b220ebb4d4daceed1b96df9b6dca076e762f1cd612574f010b82d5b9e5ad896
#12 DONE 0.0s

#6 [internal] load build context
#6 sha256:cb1769fbeecea2bee82ab4ace74e2151891b0dfc7edad40c9189f93692521ae3
#6 transferring context: 559B 0.4s done
#6 DONE 0.4s

#9 [6/7] RUN apt-get update -y && apt-get install -y     apt-transport-https     lsb-release
#9 sha256:a0c8d849c2fd0eb83a44be2dcf62f8972218e32cd92dba33fd91f5764d8bfd26
#9 CACHED

#4 [2/7] RUN apt-get update -y && apt-get install -y     build-essential     rsync     curl     zlib1g-dev     libncurses5-dev     libgdbm-dev     libnss3-dev     libssl-dev     libreadline-dev     libffi-dev     virtualenv     libbz2-dev     liblzma-dev     libsqlite3-dev
#4 sha256:3a1b0960f17eed529eaae93dc8fd3554f2743dd584d8fa569cdbe6bc734371ac
#4 CACHED

#5 [3/7] RUN cd /tmp/ &&     curl -O https://www.python.org/ftp/python/3.8.6/Python-3.8.6.tar.xz &&     tar -xvf Python-3.8.6.tar.xz &&     cd Python-3.8.6 &&     ./configure --enable-loadable-sqlite-extensions --enable-optimizations &&     make -j install &&     rm -r /tmp/Python-3.8.6.tar.xz /tmp/Python-3.8.6
#5 sha256:c5b9d1fb3371e84dbc60b76e7b2f8d5913bc93bcd4910ab65daa03e7b2ec4bb0
#5 CACHED

#7 [4/7] COPY ./requirements.txt /
#7 sha256:7d1e194ca94560a96e4a916fb7360c431ddd3c91b9a57f0842076d480c6d1bcd
#7 CACHED

#8 [5/7] RUN pip3 install -r /requirements.txt
#8 sha256:e5f785ec9c52c20eb378295793ae1b416fc720819468d7f0a4476aa6458a8aea
#8 CACHED

#10 [7/7] RUN CLOUD_SDK_REPO="cloud-sdk-$(lsb_release -c -s)" &&     echo "deb https://packages.cloud.google.com/apt $CLOUD_SDK_REPO main"     | tee -a /etc/apt/sources.list.d/google-cloud-sdk.list &&     curl https://packages.cloud.google.com/apt/doc/apt-key.gpg     | apt-key add - &&     apt-get update -y &&     apt-get install -y google-cloud-sdk
#10 sha256:5282bd8f741ae2d1ba0753d119ffaa705fd75157b85481ba4f3a52869502bf24
#10 CACHED

#13 exporting to image
#13 sha256:e8c613e07b0b7ff33893b694f7759a10d42e180f2b4dc349fb57dc6b71dcab00
#13 exporting layers done
#13 writing image sha256:e1fa3f275ef7ad2553590e7204281a5a2ad685bd7462476fda6757b0aea51a9c
#13 writing image sha256:e1fa3f275ef7ad2553590e7204281a5a2ad685bd7462476fda6757b0aea51a9c 0.0s done
#13 naming to gcr.io/fuzzbench/base-image done
#13 DONE 0.0s

#14 exporting cache
#14 sha256:2700d4ef94dee473593c5c614b55b2dedcca7893909811a8f2b48291a1f581e4
#14 preparing build cache for export done
#14 DONE 0.0s
#1 [internal] load build definition from Dockerfile
#1 sha256:f7c8a12a34a6b2a039b0a11de6353c69409b3ef162ae588588030c5bb8e2afe8
#1 transferring dockerfile: 2.22kB done
#1 DONE 0.0s

#2 [internal] load .dockerignore
#2 sha256:203fdea256796122ca371f055288d82ce869596075d7de8ae42385563fe070a5
#2 transferring context: 34B done
#2 DONE 0.1s

#3 [internal] load metadata for gcr.io/fuzzbench/base-image:latest
#3 sha256:932022888f650cc455b10eb5123bb08c0cccacac29a693e69314abbfd28a72c3
#3 DONE 0.0s

#7 [base-image 1/1] FROM gcr.io/fuzzbench/base-image
#7 sha256:4d07825694520f8b6f6a0d8592dbd345433361ae044cb7f06706c5a95e3daaad
#7 CACHED

#4 [internal] load metadata for gcr.io/fuzzbench/builders/afl/jsoncpp_json_proto_converter-intermediate:latest
#4 sha256:502bbb9155700ec758df16cc521095a6bcf137dd6ae355cb696959dd1e8d6cc7
#4 DONE 0.0s

#5 importing cache manifest from gcr.io/fuzzbench/builders/afl/jsoncpp_json_proto_converter
#5 sha256:fdbadc7a7ffe85ed74f1fc8a6749b3649b875c3c2e487526df6fdf69e238daf0
#5 DONE 0.0s

#12 [internal] load build context
#12 sha256:b184b4e480a0b58ab96d0aa92ef8cf37266203ee92b877aacec07359dcba05de
#12 DONE 0.0s

#6 [stage-1  1/13] FROM gcr.io/fuzzbench/builders/afl/jsoncpp_json_proto_converter-intermediate
#6 sha256:972adc4933c03360a1d376212d71aa08ca8d989615ce53ea256072b7a7cb9195
#6 DONE 0.0s

#12 [internal] load build context
#12 sha256:b184b4e480a0b58ab96d0aa92ef8cf37266203ee92b877aacec07359dcba05de
#12 transferring context: 669.91kB 0.2s done
#12 DONE 0.2s

#16 [stage-1  9/13] RUN mkdir /opt/fuzzbench/
#16 sha256:9acfd3ee444c4e0a64b6c951c1004885d6b8f92778bd4c38a29615da8518dd20
#16 CACHED

#14 [stage-1  7/13] RUN touch /src/__init__.py
#14 sha256:9f7fe39e40c86bc78c1c6fdcecfa07d1314b8c5c4955395ee3fa36a829c834c4
#14 CACHED

#18 [stage-1 11/13] RUN export CHECKOUT_COMMIT=$(cat /benchmark.yaml | tr -d ' ' | grep 'commit:' | cut -d ':' -f2) &&     python3 -u /opt/fuzzbench/checkout_commit.py $CHECKOUT_COMMIT /src
#18 sha256:35f53af1afc4620e07aa8b06a990c3e58f84b5cda07a9743102dea3ec4cde5b9
#18 CACHED

#17 [stage-1 10/13] COPY docker/benchmark-builder/checkout_commit.py /opt/fuzzbench/
#17 sha256:27238b1ec71d7b48a4a9b356ab1f0d163fb55a1383a15d2d0d1b15b1bc34bb50
#17 CACHED

#19 [stage-1 12/13] RUN echo "#!/bin/bash\nPYTHONPATH=/src python3 -u -c "from fuzzers import utils; utils.initialize_env(); from fuzzers.afl import fuzzer; fuzzer.build()"" > /usr/bin/fuzzer_build &&     chmod +x /usr/bin/fuzzer_build
#19 sha256:9850987d482a9d6a84f7b6fc2655a1610df60f13848b99a776c51e065e8946ef
#19 CACHED

#9 [stage-1  3/13] COPY --from=base-image /usr/local/lib/python3.8 /usr/local/lib/python3.8
#9 sha256:7a254415d3f720873f6e0424630e197a52ec98e97540fb3f6ddd961efe697adf
#9 CACHED

#10 [stage-1  4/13] COPY --from=base-image /usr/local/include/python3.8 /usr/local/include/python3.8
#10 sha256:754558f35bcf1f9e32ca8954173eb9273ffa55a05affec05c8b44d0098bf56a0
#10 CACHED

#15 [stage-1  8/13] COPY benchmarks/jsoncpp_json_proto_converter/benchmark.yaml /
#15 sha256:e326d1c1facf46f14dbbe52638fe183a6fbcc94d0359a1d1a224701072916d89
#15 CACHED

#11 [stage-1  5/13] COPY --from=base-image /usr/local/lib/python3.8/site-packages /usr/local/lib/python3.8/site-packages
#11 sha256:8a4f97dc2661f608a6c1d842cdcf7115d838a1bd47401901073497452ef3fa29
#11 CACHED

#13 [stage-1  6/13] COPY fuzzers /src/fuzzers
#13 sha256:a02d13948139ee44d183b548f7afcfe164a41b9e84305cb7c10c7f7c21b0630b
#13 CACHED

#8 [stage-1  2/13] COPY --from=base-image /usr/local/bin/python3* /usr/local/bin/
#8 sha256:4a90a47e6b20616bf227dc269dd8120263f4ac993e6bf06470e992b4bac82cf7
#8 CACHED

#20 [stage-1 13/13] RUN echo "Run fuzzer_build to build the target" && if [ -z "$debug_builder" ] ; then fuzzer_build; fi
#20 sha256:7d09af579d6f66a63c61b22795114faff6872dab543ceba6dacab15d36b7c0a3
#20 CACHED

#21 exporting to image
#21 sha256:e8c613e07b0b7ff33893b694f7759a10d42e180f2b4dc349fb57dc6b71dcab00
#21 exporting layers done
#21 writing image sha256:835527ba7998e37029779871b645ff3632c8e2f0af299139bc95695638ca3420
#21 writing image sha256:835527ba7998e37029779871b645ff3632c8e2f0af299139bc95695638ca3420 done
#21 naming to gcr.io/fuzzbench/builders/afl/jsoncpp_json_proto_converter done
#21 DONE 0.1s

#22 exporting cache
#22 sha256:2700d4ef94dee473593c5c614b55b2dedcca7893909811a8f2b48291a1f581e4
#22 preparing build cache for export done
#22 DONE 0.0s
#1 [internal] load build definition from runner.Dockerfile
#1 sha256:2227bfd7d680975e4f0444cf5c9529f8fab58e3e19d4aa85800828d45eeebcd6
#1 transferring dockerfile: 656B done
#1 DONE 0.0s

#2 [internal] load .dockerignore
#2 sha256:f384a6b4a8b51021bccb5696c70cd1643245420087b06d137c5f5790570e9006
#2 transferring context: 2B done
#2 DONE 0.0s

#4 [base-image 1/1] FROM gcr.io/fuzzbench/base-image
#4 sha256:4d07825694520f8b6f6a0d8592dbd345433361ae044cb7f06706c5a95e3daaad
#4 CACHED

#3 [internal] load metadata for gcr.io/fuzzbench/base-image:latest
#3 sha256:932022888f650cc455b10eb5123bb08c0cccacac29a693e69314abbfd28a72c3
#3 DONE 0.0s

#6 importing cache manifest from gcr.io/fuzzbench/runners/afl/jsoncpp_json_proto_converter-intermediate
#6 sha256:08a1b89e7837966ed0e73d99c7877d55c6985a348cce2960878de7937e2e11ad
#6 DONE 0.0s

#5 exporting to image
#5 sha256:e8c613e07b0b7ff33893b694f7759a10d42e180f2b4dc349fb57dc6b71dcab00
#5 exporting layers done
#5 writing image sha256:0be13cc299ea0e54ec5de825181e3bed3eb180c53e5a326522f59bc9b5a62000 done
#5 naming to gcr.io/fuzzbench/runners/afl/jsoncpp_json_proto_converter-intermediate done
#5 DONE 0.0s

#7 exporting cache
#7 sha256:2700d4ef94dee473593c5c614b55b2dedcca7893909811a8f2b48291a1f581e4
#7 preparing build cache for export done
#7 DONE 0.0s
#1 [internal] load build definition from Dockerfile
#1 sha256:8a444856b107a9aa31ca52e52f1e66ffab87ad2bd7f4457646cd0a744a54bede
#1 transferring dockerfile: 3.17kB done
#1 DONE 0.1s

#2 [internal] load .dockerignore
#2 sha256:15cd04e3a47ed3e14a32e6e223479694dd3283cebd65aa846232d833c1df8df1
#2 transferring context: 34B done
#2 DONE 0.1s

#3 [internal] load metadata for gcr.io/fuzzbench/builders/afl/jsoncpp_json_proto_converter:latest
#3 sha256:b46a96ca6536b10ae827885adb536058f4e719e33fe2d60fb62104495870257c
#3 DONE 0.0s

#4 [internal] load metadata for gcr.io/fuzzbench/runners/afl/jsoncpp_json_proto_converter-intermediate:latest
#4 sha256:3c7983ccf8bbd30a246452d9ec20cb568e9fe80105915bdabbc1b72913df3d64
#4 DONE 0.0s

#17 [stage-1  1/13] FROM gcr.io/fuzzbench/runners/afl/jsoncpp_json_proto_converter-intermediate
#17 sha256:27390910b0646549ff82626289c084372b164bb7b8a7735dfd3119e7dcd66f87
#17 DONE 0.0s

#19 importing cache manifest from gcr.io/fuzzbench/runners/afl/jsoncpp_json_proto_converter
#19 sha256:9956f4524d517b16da15180dc6ca04fdbdade32c015c9c1d072a78d1bdd5779a
#19 DONE 0.0s

#20 [builder 1/1] FROM gcr.io/fuzzbench/builders/afl/jsoncpp_json_proto_converter
#20 sha256:19d0e5dbc92d308b9b6d0fe8d6e6f669471af2473e4bd1a6fb6bb9e2f0f84c32
#20 DONE 0.0s

#18 [internal] load build context
#18 sha256:5134362ccd1da01ab4453935697fdcce244a54d89637b2d4cd598ae4e140251e
#18 transferring context: 19.01MB 1.7s done
#18 DONE 1.8s

#9 [stage-1  6/13] COPY benchmarks /src/benchmarks
#9 sha256:84b2724a049b8121cd20ae7647f02c72b08afbcac353d28cd647647cbfb336c3
#9 CACHED

#11 [stage-1  8/13] RUN touch __init__.py
#11 sha256:466dc14e2ffafe42a20e7dd98e06dc623075878b4ade43cb625109a25b43e729
#11 CACHED

#5 [stage-1  2/13] RUN apt-get update -y && apt-get install -y     libglib2.0-0     libxml2     libarchive13     libgss3
#5 sha256:f6493e5ff8cc31199c5513c5d08fa1b104f7b993dc0ee482dda304e1ac011f5c
#5 CACHED

#6 [stage-1  3/13] RUN mkdir -p /out
#6 sha256:ec075e33d61a44780eda1067bf2a5a857dbfe084f38a82ea2232b14c3b579234
#6 CACHED

#13 [stage-1 10/13] COPY common /src/common
#13 sha256:256ff25ed3fa62d38745745c6cbd3567e0ac1d4483213b063283bfd5d0954bd1
#13 CACHED

#7 [stage-1  4/13] WORKDIR /out
#7 sha256:5d981cb1b17bcf563835feb62f1ff4a701454280bc24f36a378821774e613d6b
#7 CACHED

#10 [stage-1  7/13] COPY fuzzers /src/fuzzers
#10 sha256:0bbc0d1c7a91005a7f50532bf38ff5fec54cd15686a4b5df077ca32b52d95e57
#10 CACHED

#14 [stage-1 11/13] COPY experiment/runner.py /src/experiment/runner.py
#14 sha256:b1a5b2f2d28e9ab0d8b478b897315b721723976827c9ea4d72b7bf60f4eb4a3c
#14 CACHED

#15 [stage-1 12/13] COPY docker/benchmark-runner /src/docker/benchmark-runner
#15 sha256:f8cfaa21f0be593d3458a53c1f50f0b87b4d580735e41cfd1eec1134fd1696cc
#15 CACHED

#8 [stage-1  5/13] COPY --from=builder /out/ ./
#8 sha256:7257fba68f9e14a96d06fa7cad41199087e16911e78fa4b45b2af63ee251c4af
#8 CACHED

#12 [stage-1  9/13] RUN mkdir -p /out/seeds /out/corpus
#12 sha256:75dd190c3d0bdb848c19db38ad2f62f9faebe5d076e826ca8c71539ad423695e
#12 CACHED

#16 [stage-1 13/13] RUN chmod +x /src/docker/benchmark-runner/startup-runner.sh
#16 sha256:a9191d9657f9868c0794d6a9e068e442fcf4872111aeb7646741e8ee0b2df49e
#16 CACHED

#21 exporting to image
#21 sha256:e8c613e07b0b7ff33893b694f7759a10d42e180f2b4dc349fb57dc6b71dcab00
#21 exporting layers done
#21 writing image sha256:a6230d3f85b98974f4583ae2794f5e49e95e0c9ee5e8905419f5a6e0cce31bb6
#21 writing image sha256:a6230d3f85b98974f4583ae2794f5e49e95e0c9ee5e8905419f5a6e0cce31bb6 0.0s done
#21 naming to gcr.io/fuzzbench/runners/afl/jsoncpp_json_proto_converter done
#21 DONE 0.1s

#22 exporting cache
#22 sha256:2700d4ef94dee473593c5c614b55b2dedcca7893909811a8f2b48291a1f581e4
#22 preparing build cache for export done
#22 DONE 0.0s
INFO:root:Doing trial as part of experiment.
INFO:root:Starting trial.
ERROR:root:Fuzz target binary not found.
INFO:root:Doing final sync.
ERROR:root:Call to <function get_stats at 0x7fc4556e0ee0> failed. Extras: {'traceback': 'Traceback (most recent call last):\n  File "/src/experiment/runner.py", line 374, in record_stats\n    stats_json_str = fuzzer_module_get_stats(output_corpus,\n  File "/src/fuzzers/afl/fuzzer.py", line 51, in get_stats\n    with open(stats_file) as file_handle:\nFileNotFoundError: [Errno 2] No such file or directory: \'/out/corpus/fuzzer_stats\'\n'}
