WARNING:root:gcloud not found in PATH.
INFO:root:Successfully integrated benchmark: boost_boost_ptree_xmlread_fuzzer.
INFO:root:Please run "make test-run-afl-boost_boost_ptree_xmlread_fuzzer" to test integration.
#1 [internal] load build definition from Dockerfile
#1 sha256:890b366b69d71ace436ff485a59c34c772653cace1fb66af3808faa94fd5dfff
#1 transferring dockerfile: 1.12kB done
#1 DONE 0.0s

#2 [internal] load .dockerignore
#2 sha256:fca1aeaa9a724a6ad3a7371be5f800343d82625c303bf3cd169d9d9e0e83cef5
#2 transferring context: 2B done
#2 DONE 0.0s

#3 [internal] load metadata for gcr.io/oss-fuzz-base/base-builder:latest
#3 sha256:f10dc39cc9d418a5bc416dead31a1902b6821fdae909cd3b08f7a3fd1faba7b5
#3 DONE 0.4s

#10 [internal] load build context
#10 sha256:9aa3d978c5eb62c99ab1c95ed37b0eef86130939ad4ae331c217bed1215015e1
#10 DONE 0.0s

#5 [1/6] FROM gcr.io/oss-fuzz-base/base-builder@sha256:41d7bbe7827592680a606c9bba1aeb6e23c7502ce8b633923b06542f4c706e7c
#5 sha256:660db69324ed478291dd329cbbfe422dccbc173f9ab806c069fac341073eab8c
#5 DONE 0.0s

#4 importing cache manifest from gcr.io/fuzzbench/builders/benchmark/boost_boost_ptree_xmlread_fuzzer
#4 sha256:3bba58f2cfdd084c731f23cc0e6e073788f9f82dd55d65a2e6f8aff4eea976b7
#4 ERROR: gcr.io/fuzzbench/builders/benchmark/boost_boost_ptree_xmlread_fuzzer:latest: not found

#10 [internal] load build context
#10 sha256:9aa3d978c5eb62c99ab1c95ed37b0eef86130939ad4ae331c217bed1215015e1
#10 transferring context: 2.40kB done
#10 DONE 0.0s

#6 [2/6] RUN apt-get update && apt-get install -y g++
#6 sha256:af3a28fbaef1d043919d93747061c5755e2161896ee0b66b13300fc7e54c3d90
#6 CACHED

#7 [3/6] RUN git clone --recursive https://github.com/boostorg/boost.git
#7 sha256:67869b6b2869a34d8198f8ddb8ff78e8a8b8e5a898b3f72376b5ac365e825fe2
#7 CACHED

#8 [4/6] WORKDIR boost
#8 sha256:755c9caf20b728150890ac7a5930f5fbc4bb14055a1d076889c70231e26b5020
#8 CACHED

#9 [5/6] RUN ./bootstrap.sh && ./b2 headers
#9 sha256:22cb100c1bc39190d79f2ede1ffe043110b390c776b0bd1716ee5931553a4a03
#9 CACHED

#11 [6/6] COPY build.sh boost_regex_fuzzer.cc /src/
#11 sha256:15cdca2faa05c25add4f893342d1e616220248f5bed2d81a8364225c52e3a744
#11 DONE 0.1s

#12 exporting to image
#12 sha256:e8c613e07b0b7ff33893b694f7759a10d42e180f2b4dc349fb57dc6b71dcab00
#12 exporting layers done
#12 writing image sha256:fbba3a9e34102c20d4647c811eacf93c19f3012f925257c3e0790533d74736e9
#12 writing image sha256:fbba3a9e34102c20d4647c811eacf93c19f3012f925257c3e0790533d74736e9 done
#12 naming to gcr.io/fuzzbench/builders/benchmark/boost_boost_ptree_xmlread_fuzzer done
#12 DONE 0.1s

#13 exporting cache
#13 sha256:2700d4ef94dee473593c5c614b55b2dedcca7893909811a8f2b48291a1f581e4
#13 preparing build cache for export done
#13 DONE 0.0s
------
 > importing cache manifest from gcr.io/fuzzbench/builders/benchmark/boost_boost_ptree_xmlread_fuzzer:
------
#1 [internal] load build definition from builder.Dockerfile
#1 sha256:419179bbdf6e4c11a03165fcad8977fc691a42779211c5c815557737e5a58b7d
#1 transferring dockerfile: 1.35kB done
#1 DONE 0.0s

#2 [internal] load .dockerignore
#2 sha256:d4730d7bf90fd75fa162282b4e28c66d230618c4bb8656f1384178a0ce9ceb41
#2 transferring context: 2B done
#2 DONE 0.0s

#3 [internal] load metadata for gcr.io/fuzzbench/builders/benchmark/boost_boost_ptree_xmlread_fuzzer:latest
#3 sha256:6c782da0f6fa5e429b880b84561f2f04f8a12923392d61c57511d9b9c1223a73
#3 DONE 0.0s

#5 [1/3] FROM gcr.io/fuzzbench/builders/benchmark/boost_boost_ptree_xmlread_fuzzer
#5 sha256:c73c8ec894600177c2d16d069a46d6ad050258b31c21f5199d059eaa8e66fbb3
#5 DONE 0.0s

#4 importing cache manifest from gcr.io/fuzzbench/builders/afl/boost_boost_ptree_xmlread_fuzzer-intermediate
#4 sha256:24a34c39f92d66df4d093fb6fc0e571af556d8a17ef41cadcbdd5ce2ca58d467
#4 ERROR: gcr.io/fuzzbench/builders/afl/boost_boost_ptree_xmlread_fuzzer-intermediate:latest: not found

#5 [1/3] FROM gcr.io/fuzzbench/builders/benchmark/boost_boost_ptree_xmlread_fuzzer
#5 sha256:c73c8ec894600177c2d16d069a46d6ad050258b31c21f5199d059eaa8e66fbb3
#5 DONE 0.1s

#6 [2/3] RUN git clone https://github.com/google/AFL.git /afl &&     cd /afl &&     git checkout 61037103ae3722c8060ff7082994836a794f978e &&     AFL_NO_X86=1 make
#6 sha256:b4e10e01675398d74f073eb396c62210079fc8ec4adaac1db04815264af88720
#6 0.340 Cloning into '/afl'...
#6 1.077 Note: switching to '61037103ae3722c8060ff7082994836a794f978e'.
#6 1.077 
#6 1.077 You are in 'detached HEAD' state. You can look around, make experimental
#6 1.077 changes and commit them, and you can discard any commits you make in this
#6 1.077 state without impacting any branches by switching back to a branch.
#6 1.077 
#6 1.077 If you want to create a new branch to retain commits you create, you may
#6 1.077 do so (now or later) by using -c with the switch command. Example:
#6 1.077 
#6 1.077   git switch -c <new-branch-name>
#6 1.077 
#6 1.077 Or undo this operation with:
#6 1.077 
#6 1.077   git switch -
#6 1.077 
#6 1.077 Turn off this advice by setting config variable advice.detachedHead to false
#6 1.077 
#6 1.077 HEAD is now at 6103710 Fix a typo filename comparison in the fuzzer (#139)
#6 1.119 [!] Note: skipping x86 compilation checks (AFL_NO_X86 set).
#6 1.119 clang -O1 -fno-omit-frame-pointer -gline-tables-only -DFUZZING_BUILD_MODE_UNSAFE_FOR_PRODUCTION -Wall -D_FORTIFY_SOURCE=2 -g -Wno-pointer-sign -DAFL_PATH=\"/usr/local/lib/afl\" -DDOC_PATH=\"/usr/local/share/doc/afl\" -DBIN_PATH=\"/usr/local/bin\" afl-gcc.c -o afl-gcc -ldl
#6 1.296 set -e; for i in afl-g++ afl-clang afl-clang++; do ln -sf afl-gcc $i; done
#6 1.301 clang -O1 -fno-omit-frame-pointer -gline-tables-only -DFUZZING_BUILD_MODE_UNSAFE_FOR_PRODUCTION -Wall -D_FORTIFY_SOURCE=2 -g -Wno-pointer-sign -DAFL_PATH=\"/usr/local/lib/afl\" -DDOC_PATH=\"/usr/local/share/doc/afl\" -DBIN_PATH=\"/usr/local/bin\" afl-fuzz.c -o afl-fuzz -ldl
#6 3.716 clang -O1 -fno-omit-frame-pointer -gline-tables-only -DFUZZING_BUILD_MODE_UNSAFE_FOR_PRODUCTION -Wall -D_FORTIFY_SOURCE=2 -g -Wno-pointer-sign -DAFL_PATH=\"/usr/local/lib/afl\" -DDOC_PATH=\"/usr/local/share/doc/afl\" -DBIN_PATH=\"/usr/local/bin\" afl-showmap.c -o afl-showmap -ldl
#6 4.033 clang -O1 -fno-omit-frame-pointer -gline-tables-only -DFUZZING_BUILD_MODE_UNSAFE_FOR_PRODUCTION -Wall -D_FORTIFY_SOURCE=2 -g -Wno-pointer-sign -DAFL_PATH=\"/usr/local/lib/afl\" -DDOC_PATH=\"/usr/local/share/doc/afl\" -DBIN_PATH=\"/usr/local/bin\" afl-tmin.c -o afl-tmin -ldl
#6 4.487 clang -O1 -fno-omit-frame-pointer -gline-tables-only -DFUZZING_BUILD_MODE_UNSAFE_FOR_PRODUCTION -Wall -D_FORTIFY_SOURCE=2 -g -Wno-pointer-sign -DAFL_PATH=\"/usr/local/lib/afl\" -DDOC_PATH=\"/usr/local/share/doc/afl\" -DBIN_PATH=\"/usr/local/bin\" afl-gotcpu.c -o afl-gotcpu -ldl
#6 4.635 clang -O1 -fno-omit-frame-pointer -gline-tables-only -DFUZZING_BUILD_MODE_UNSAFE_FOR_PRODUCTION -Wall -D_FORTIFY_SOURCE=2 -g -Wno-pointer-sign -DAFL_PATH=\"/usr/local/lib/afl\" -DDOC_PATH=\"/usr/local/share/doc/afl\" -DBIN_PATH=\"/usr/local/bin\" afl-analyze.c -o afl-analyze -ldl
#6 5.043 clang -O1 -fno-omit-frame-pointer -gline-tables-only -DFUZZING_BUILD_MODE_UNSAFE_FOR_PRODUCTION -Wall -D_FORTIFY_SOURCE=2 -g -Wno-pointer-sign -DAFL_PATH=\"/usr/local/lib/afl\" -DDOC_PATH=\"/usr/local/share/doc/afl\" -DBIN_PATH=\"/usr/local/bin\" afl-as.c -o afl-as -ldl
#6 5.280 ln -sf afl-as as
#6 5.282 [!] Note: skipping build tests (you may need to use LLVM or QEMU mode).
#6 5.285 [+] LLVM users: see llvm_mode/README.llvm for a faster alternative to afl-gcc.
#6 5.286 [+] All done! Be sure to review README - it's pretty short and useful.
#6 DONE 5.4s

#7 [3/3] RUN apt-get update &&     apt-get install wget -y &&     wget https://raw.githubusercontent.com/llvm/llvm-project/5feb80e748924606531ba28c97fe65145c65372e/compiler-rt/lib/fuzzer/afl/afl_driver.cpp -O /afl/afl_driver.cpp &&     clang -Wno-pointer-sign -c /afl/llvm_mode/afl-llvm-rt.o.c -I/afl &&     clang++ -stdlib=libc++ -std=c++11 -O2 -c /afl/afl_driver.cpp &&     ar r /libAFL.a *.o
#7 sha256:e0159b6117a41157c232a2d09de11c5f20ee2d0644e7d1890fc6a286aef17acc
#7 0.672 Hit:1 http://ppa.launchpad.net/git-core/ppa/ubuntu focal InRelease
#7 0.672 Hit:2 http://archive.ubuntu.com/ubuntu focal InRelease
#7 0.672 Hit:3 http://security.ubuntu.com/ubuntu focal-security InRelease
#7 0.689 Hit:4 http://archive.ubuntu.com/ubuntu focal-updates InRelease
#7 0.713 Hit:5 http://archive.ubuntu.com/ubuntu focal-backports InRelease
#7 1.520 Reading package lists...
#7 3.236 Reading package lists...
#7 4.654 Building dependency tree...
#7 4.865 Reading state information...
#7 5.109 wget is already the newest version (1.20.3-1ubuntu2).
#7 5.109 0 upgraded, 0 newly installed, 0 to remove and 0 not upgraded.
#7 5.117 --2022-02-17 08:24:36--  https://raw.githubusercontent.com/llvm/llvm-project/5feb80e748924606531ba28c97fe65145c65372e/compiler-rt/lib/fuzzer/afl/afl_driver.cpp
#7 5.119 Resolving raw.githubusercontent.com (raw.githubusercontent.com)... 185.199.109.133, 185.199.110.133, 185.199.111.133, ...
#7 5.133 Connecting to raw.githubusercontent.com (raw.githubusercontent.com)|185.199.109.133|:443... connected.
#7 5.156 HTTP request sent, awaiting response... 200 OK
#7 5.338 Length: 9177 (9.0K) [text/plain]
#7 5.338 Saving to: '/afl/afl_driver.cpp'
#7 5.339 
#7 5.339      0K ........                                              100% 11.6M=0.001s
#7 5.339 
#7 5.339 2022-02-17 08:24:36 (11.6 MB/s) - '/afl/afl_driver.cpp' saved [9177/9177]
#7 5.339 
#7 7.067 ar: creating /libAFL.a
#7 DONE 7.2s

#8 exporting to image
#8 sha256:e8c613e07b0b7ff33893b694f7759a10d42e180f2b4dc349fb57dc6b71dcab00
#8 exporting layers done
#8 writing image sha256:475471697422e350d24a776c9eba65b2e29b7ee75efad0055f2aaa929eb5c476
#8 writing image sha256:475471697422e350d24a776c9eba65b2e29b7ee75efad0055f2aaa929eb5c476 done
#8 naming to gcr.io/fuzzbench/builders/afl/boost_boost_ptree_xmlread_fuzzer-intermediate done
#8 DONE 0.1s

#9 exporting cache
#9 sha256:2700d4ef94dee473593c5c614b55b2dedcca7893909811a8f2b48291a1f581e4
#9 preparing build cache for export done
#9 DONE 0.0s
------
 > importing cache manifest from gcr.io/fuzzbench/builders/afl/boost_boost_ptree_xmlread_fuzzer-intermediate:
------
#1 [internal] load build definition from Dockerfile
#1 sha256:9d4cdf303175ef1ec5293fdac4e8c1689ebac6a81538d6e4eacc73fccf851cd3
#1 transferring dockerfile: 2.00kB done
#1 DONE 0.0s

#2 [internal] load .dockerignore
#2 sha256:24759b5192b467aa71efc1161588fc28656a999acefd029bd3737297a686483f
#2 transferring context: 34B done
#2 DONE 0.0s

#3 [internal] load metadata for docker.io/library/ubuntu:xenial
#3 sha256:f62bae18ed588840f045c881b2502661f2a89578a2f8f99b83f5200ee83dd25b
#3 DONE 0.0s

#5 [1/7] FROM docker.io/library/ubuntu:xenial
#5 sha256:14dd403f25ae9e519bd44f27dc17af7ce80f5a4f9f48ca88108364e67ec5d360
#5 DONE 0.0s

#4 importing cache manifest from gcr.io/fuzzbench/base-image
#4 sha256:9b220ebb4d4daceed1b96df9b6dca076e762f1cd612574f010b82d5b9e5ad896
#4 DONE 0.0s

#8 [internal] load build context
#8 sha256:da0bc3f0412eeab67efae003045295207120b5b4277434dc6bc4eb611a8fdc0d
#8 transferring context: 559B 0.2s done
#8 DONE 0.2s

#11 [6/7] RUN apt-get update -y && apt-get install -y     apt-transport-https     lsb-release
#11 sha256:bc1cea9c16f965fb5d84b6563638e6567453298b4c14b0178d0c3a8b861aab10
#11 CACHED

#10 [5/7] RUN pip3 install -r /requirements.txt
#10 sha256:976eea419dc7808c57377aadf066f35f6888db5b5a507f6b296b7a077c2943a1
#10 CACHED

#7 [3/7] RUN cd /tmp/ &&     curl -O https://www.python.org/ftp/python/3.8.6/Python-3.8.6.tar.xz &&     tar -xvf Python-3.8.6.tar.xz &&     cd Python-3.8.6 &&     ./configure --enable-loadable-sqlite-extensions --enable-optimizations &&     make -j install &&     rm -r /tmp/Python-3.8.6.tar.xz /tmp/Python-3.8.6
#7 sha256:c5b9d1fb3371e84dbc60b76e7b2f8d5913bc93bcd4910ab65daa03e7b2ec4bb0
#7 CACHED

#6 [2/7] RUN apt-get update -y && apt-get install -y     build-essential     rsync     curl     zlib1g-dev     libncurses5-dev     libgdbm-dev     libnss3-dev     libssl-dev     libreadline-dev     libffi-dev     virtualenv     libbz2-dev     liblzma-dev     libsqlite3-dev
#6 sha256:3a1b0960f17eed529eaae93dc8fd3554f2743dd584d8fa569cdbe6bc734371ac
#6 CACHED

#9 [4/7] COPY ./requirements.txt /
#9 sha256:dd83c105ed70f0102c8a8df6b5baf15be4c6c00b470fae1f7962c92c0d571d93
#9 CACHED

#12 [7/7] RUN CLOUD_SDK_REPO="cloud-sdk-$(lsb_release -c -s)" &&     echo "deb https://packages.cloud.google.com/apt $CLOUD_SDK_REPO main"     | tee -a /etc/apt/sources.list.d/google-cloud-sdk.list &&     curl https://packages.cloud.google.com/apt/doc/apt-key.gpg     | apt-key add - &&     apt-get update -y &&     apt-get install -y google-cloud-sdk
#12 sha256:32f6cdf07369bc4e328472bb4e8c14847b5fcdcf1ddb99208a05b00f2d58e013
#12 CACHED

#13 exporting to image
#13 sha256:e8c613e07b0b7ff33893b694f7759a10d42e180f2b4dc349fb57dc6b71dcab00
#13 exporting layers done
#13 writing image sha256:cdb478538a35041a0b5608a1313087aff20fc062fe25108e635bb6f1faebe08e 0.0s done
#13 naming to gcr.io/fuzzbench/base-image done
#13 DONE 0.0s

#14 exporting cache
#14 sha256:2700d4ef94dee473593c5c614b55b2dedcca7893909811a8f2b48291a1f581e4
#14 preparing build cache for export done
#14 DONE 0.0s
#1 [internal] load build definition from Dockerfile
#1 sha256:45c4d16357b7beed4399258a230332c13ed19ea67de17e2088a96f6e2503b023
#1 transferring dockerfile: 2.22kB done
#1 DONE 0.0s

#2 [internal] load .dockerignore
#2 sha256:54d886b475cad7b56c7be14dfc18b02714890b53aba1ab7edaa5de1bafdf71c5
#2 transferring context: 34B done
#2 DONE 0.0s

#3 [internal] load metadata for gcr.io/fuzzbench/base-image:latest
#3 sha256:932022888f650cc455b10eb5123bb08c0cccacac29a693e69314abbfd28a72c3
#3 DONE 0.0s

#4 [internal] load metadata for gcr.io/fuzzbench/builders/afl/boost_boost_ptree_xmlread_fuzzer-intermediate:latest
#4 sha256:dffc91d7b34f98d68515f97683ba3a32cfeef0bcf74b1cc9712d9a413b3aee8c
#4 DONE 0.0s

#12 [internal] load build context
#12 sha256:5a1076a779db1bae36d5f3149bd8cdc855a947262e2ddca3e9ddd54806cd0325
#12 DONE 0.0s

#7 [base-image 1/1] FROM gcr.io/fuzzbench/base-image
#7 sha256:4d07825694520f8b6f6a0d8592dbd345433361ae044cb7f06706c5a95e3daaad
#7 DONE 0.0s

#6 [stage-1  1/13] FROM gcr.io/fuzzbench/builders/afl/boost_boost_ptree_xmlread_fuzzer-intermediate
#6 sha256:e04dc55fa6acaba273ec87890db7fac040ed31064451975d059ca20f33f8461b
#6 DONE 0.0s

#5 importing cache manifest from gcr.io/fuzzbench/builders/afl/boost_boost_ptree_xmlread_fuzzer
#5 sha256:baa1d9bfe882e91e92b3f88b5ca610de6c748daa283c4389d9495463ffcb5ab0
#5 ERROR: gcr.io/fuzzbench/builders/afl/boost_boost_ptree_xmlread_fuzzer:latest: not found

#7 [base-image 1/1] FROM gcr.io/fuzzbench/base-image
#7 sha256:4d07825694520f8b6f6a0d8592dbd345433361ae044cb7f06706c5a95e3daaad
#7 CACHED

#12 [internal] load build context
#12 sha256:5a1076a779db1bae36d5f3149bd8cdc855a947262e2ddca3e9ddd54806cd0325
#12 transferring context: 669.92kB 0.1s done
#12 DONE 0.1s

#6 [stage-1  1/13] FROM gcr.io/fuzzbench/builders/afl/boost_boost_ptree_xmlread_fuzzer-intermediate
#6 sha256:e04dc55fa6acaba273ec87890db7fac040ed31064451975d059ca20f33f8461b
#6 DONE 0.2s

#8 [stage-1  2/13] COPY --from=base-image /usr/local/bin/python3* /usr/local/bin/
#8 sha256:ebbcace4a69ba20ed54bd698703e4d2ce26eecfcb2e04fd70aa863f14aed62ab
#8 DONE 0.3s

#9 [stage-1  3/13] COPY --from=base-image /usr/local/lib/python3.8 /usr/local/lib/python3.8
#9 sha256:fca08bbb12f0ab2164012d473d2ab65d25558d46001059fb28a001ae5fc0caee
#9 DONE 15.1s

#10 [stage-1  4/13] COPY --from=base-image /usr/local/include/python3.8 /usr/local/include/python3.8
#10 sha256:569b2930c53e4b7df49c0b6d55b6dcf98639d2908e654f1177fb4d65c95047dc
#10 DONE 0.3s

#11 [stage-1  5/13] COPY --from=base-image /usr/local/lib/python3.8/site-packages /usr/local/lib/python3.8/site-packages
#11 sha256:c891d33d9b44a9d13aef519e6f96f2cd027c69f6d44be9d24050070dacb2c34b
#11 DONE 24.3s

#13 [stage-1  6/13] COPY fuzzers /src/fuzzers
#13 sha256:610fed96fec1fac9e04e6c8d9f8b22a72f0e9b3ceab06e0090888c9650503cbc
#13 DONE 1.3s

#14 [stage-1  7/13] RUN touch /src/__init__.py
#14 sha256:d40a444600f797cf0dd52da77cda14bec9b07caba07ca3be466235b6edfba0a7
#14 DONE 1.5s

#15 [stage-1  8/13] COPY benchmarks/boost_boost_ptree_xmlread_fuzzer/benchmark.yaml /
#15 sha256:a912532f6691135ac891bfe399d345576da928d3b6276331ba75849bac13bee6
#15 DONE 0.4s

#16 [stage-1  9/13] RUN mkdir /opt/fuzzbench/
#16 sha256:77be797bdeebd90d8e97b74bbb227a48dfdda3746ed59fa0f90febdc5ed14a8a
#16 DONE 0.8s

#17 [stage-1 10/13] COPY docker/benchmark-builder/checkout_commit.py /opt/fuzzbench/
#17 sha256:c4ad304d3f26ba09fd985a2c9c7f9e8cef16542a201bd0d246aaadb2839b69af
#17 DONE 0.4s

#18 [stage-1 11/13] RUN export CHECKOUT_COMMIT=$(cat /benchmark.yaml | tr -d ' ' | grep 'commit:' | cut -d ':' -f2) &&     python3 -u /opt/fuzzbench/checkout_commit.py $CHECKOUT_COMMIT /src
#18 sha256:2ee6e2e78835886f2b57e2f74fbd002d0b09f10aa181e845da9fe8c028f68c82
#18 0.572 Checking out commit 88d167f9
#18 0.586 error: pathspec '88d167f9' did not match any file(s) known to git
#18 0.589 error: pathspec '88d167f9' did not match any file(s) known to git
#18 0.596 error: pathspec '88d167f9' did not match any file(s) known to git
#18 0.613 error: pathspec '88d167f9' did not match any file(s) known to git
#18 0.645 error: pathspec '88d167f9' did not match any file(s) known to git
#18 0.662 error: pathspec '88d167f9' did not match any file(s) known to git
#18 0.679 error: pathspec '88d167f9' did not match any file(s) known to git
#18 0.700 error: pathspec '88d167f9' did not match any file(s) known to git
#18 0.721 error: pathspec '88d167f9' did not match any file(s) known to git
#18 0.728 error: pathspec '88d167f9' did not match any file(s) known to git
#18 0.741 error: pathspec '88d167f9' did not match any file(s) known to git
#18 0.746 error: pathspec '88d167f9' did not match any file(s) known to git
#18 0.756 error: pathspec '88d167f9' did not match any file(s) known to git
#18 0.763 error: pathspec '88d167f9' did not match any file(s) known to git
#18 0.775 error: pathspec '88d167f9' did not match any file(s) known to git
#18 0.784 error: pathspec '88d167f9' did not match any file(s) known to git
#18 0.792 error: pathspec '88d167f9' did not match any file(s) known to git
#18 0.800 error: pathspec '88d167f9' did not match any file(s) known to git
#18 0.806 error: pathspec '88d167f9' did not match any file(s) known to git
#18 0.816 error: pathspec '88d167f9' did not match any file(s) known to git
#18 0.827 error: pathspec '88d167f9' did not match any file(s) known to git
#18 0.833 error: pathspec '88d167f9' did not match any file(s) known to git
#18 0.842 error: pathspec '88d167f9' did not match any file(s) known to git
#18 0.849 error: pathspec '88d167f9' did not match any file(s) known to git
#18 0.856 error: pathspec '88d167f9' did not match any file(s) known to git
#18 0.864 error: pathspec '88d167f9' did not match any file(s) known to git
#18 0.870 error: pathspec '88d167f9' did not match any file(s) known to git
#18 0.877 error: pathspec '88d167f9' did not match any file(s) known to git
#18 0.895 error: pathspec '88d167f9' did not match any file(s) known to git
#18 0.902 error: pathspec '88d167f9' did not match any file(s) known to git
#18 0.909 error: pathspec '88d167f9' did not match any file(s) known to git
#18 0.917 error: pathspec '88d167f9' did not match any file(s) known to git
#18 0.925 error: pathspec '88d167f9' did not match any file(s) known to git
#18 0.932 error: pathspec '88d167f9' did not match any file(s) known to git
#18 0.956 error: pathspec '88d167f9' did not match any file(s) known to git
#18 0.963 error: pathspec '88d167f9' did not match any file(s) known to git
#18 0.970 error: pathspec '88d167f9' did not match any file(s) known to git
#18 0.976 error: pathspec '88d167f9' did not match any file(s) known to git
#18 0.985 error: pathspec '88d167f9' did not match any file(s) known to git
#18 0.995 error: pathspec '88d167f9' did not match any file(s) known to git
#18 1.007 error: pathspec '88d167f9' did not match any file(s) known to git
#18 1.034 error: pathspec '88d167f9' did not match any file(s) known to git
#18 1.041 error: pathspec '88d167f9' did not match any file(s) known to git
#18 1.048 error: pathspec '88d167f9' did not match any file(s) known to git
#18 1.056 error: pathspec '88d167f9' did not match any file(s) known to git
#18 1.065 error: pathspec '88d167f9' did not match any file(s) known to git
#18 1.105 error: pathspec '88d167f9' did not match any file(s) known to git
#18 1.113 error: pathspec '88d167f9' did not match any file(s) known to git
#18 1.119 error: pathspec '88d167f9' did not match any file(s) known to git
#18 1.126 error: pathspec '88d167f9' did not match any file(s) known to git
#18 1.134 error: pathspec '88d167f9' did not match any file(s) known to git
#18 1.163 error: pathspec '88d167f9' did not match any file(s) known to git
#18 1.171 error: pathspec '88d167f9' did not match any file(s) known to git
#18 1.190 error: pathspec '88d167f9' did not match any file(s) known to git
#18 1.197 error: pathspec '88d167f9' did not match any file(s) known to git
#18 1.203 error: pathspec '88d167f9' did not match any file(s) known to git
#18 1.211 error: pathspec '88d167f9' did not match any file(s) known to git
#18 1.217 error: pathspec '88d167f9' did not match any file(s) known to git
#18 1.223 error: pathspec '88d167f9' did not match any file(s) known to git
#18 1.229 error: pathspec '88d167f9' did not match any file(s) known to git
#18 1.234 error: pathspec '88d167f9' did not match any file(s) known to git
#18 1.242 error: pathspec '88d167f9' did not match any file(s) known to git
#18 1.248 error: pathspec '88d167f9' did not match any file(s) known to git
#18 1.268 error: pathspec '88d167f9' did not match any file(s) known to git
#18 1.279 error: pathspec '88d167f9' did not match any file(s) known to git
#18 1.295 error: pathspec '88d167f9' did not match any file(s) known to git
#18 1.306 error: pathspec '88d167f9' did not match any file(s) known to git
#18 1.313 error: pathspec '88d167f9' did not match any file(s) known to git
#18 1.323 error: pathspec '88d167f9' did not match any file(s) known to git
#18 1.330 error: pathspec '88d167f9' did not match any file(s) known to git
#18 1.336 error: pathspec '88d167f9' did not match any file(s) known to git
#18 1.350 error: pathspec '88d167f9' did not match any file(s) known to git
#18 1.377 error: pathspec '88d167f9' did not match any file(s) known to git
#18 1.397 error: pathspec '88d167f9' did not match any file(s) known to git
#18 1.404 error: pathspec '88d167f9' did not match any file(s) known to git
#18 1.414 error: pathspec '88d167f9' did not match any file(s) known to git
#18 1.435 error: pathspec '88d167f9' did not match any file(s) known to git
#18 1.443 error: pathspec '88d167f9' did not match any file(s) known to git
#18 1.448 error: pathspec '88d167f9' did not match any file(s) known to git
#18 1.455 error: pathspec '88d167f9' did not match any file(s) known to git
#18 1.461 error: pathspec '88d167f9' did not match any file(s) known to git
#18 1.467 error: pathspec '88d167f9' did not match any file(s) known to git
#18 1.475 error: pathspec '88d167f9' did not match any file(s) known to git
#18 1.484 error: pathspec '88d167f9' did not match any file(s) known to git
#18 1.492 error: pathspec '88d167f9' did not match any file(s) known to git
#18 1.501 error: pathspec '88d167f9' did not match any file(s) known to git
#18 1.510 error: pathspec '88d167f9' did not match any file(s) known to git
#18 1.518 error: pathspec '88d167f9' did not match any file(s) known to git
#18 1.531 error: pathspec '88d167f9' did not match any file(s) known to git
#18 1.547 error: pathspec '88d167f9' did not match any file(s) known to git
#18 1.553 error: pathspec '88d167f9' did not match any file(s) known to git
#18 1.562 error: pathspec '88d167f9' did not match any file(s) known to git
#18 1.570 error: pathspec '88d167f9' did not match any file(s) known to git
#18 1.585 error: pathspec '88d167f9' did not match any file(s) known to git
#18 1.616 error: pathspec '88d167f9' did not match any file(s) known to git
#18 1.622 error: pathspec '88d167f9' did not match any file(s) known to git
#18 1.631 error: pathspec '88d167f9' did not match any file(s) known to git
#18 1.639 error: pathspec '88d167f9' did not match any file(s) known to git
#18 1.652 error: pathspec '88d167f9' did not match any file(s) known to git
#18 1.659 error: pathspec '88d167f9' did not match any file(s) known to git
#18 1.667 error: pathspec '88d167f9' did not match any file(s) known to git
#18 1.675 error: pathspec '88d167f9' did not match any file(s) known to git
#18 1.682 error: pathspec '88d167f9' did not match any file(s) known to git
#18 1.690 error: pathspec '88d167f9' did not match any file(s) known to git
#18 1.697 error: pathspec '88d167f9' did not match any file(s) known to git
#18 1.708 error: pathspec '88d167f9' did not match any file(s) known to git
#18 1.715 error: pathspec '88d167f9' did not match any file(s) known to git
#18 1.724 error: pathspec '88d167f9' did not match any file(s) known to git
#18 1.730 error: pathspec '88d167f9' did not match any file(s) known to git
#18 1.737 error: pathspec '88d167f9' did not match any file(s) known to git
#18 1.744 error: pathspec '88d167f9' did not match any file(s) known to git
#18 1.753 error: pathspec '88d167f9' did not match any file(s) known to git
#18 1.764 error: pathspec '88d167f9' did not match any file(s) known to git
#18 1.777 error: pathspec '88d167f9' did not match any file(s) known to git
#18 1.786 error: pathspec '88d167f9' did not match any file(s) known to git
#18 1.794 error: pathspec '88d167f9' did not match any file(s) known to git
#18 1.802 error: pathspec '88d167f9' did not match any file(s) known to git
#18 1.808 error: pathspec '88d167f9' did not match any file(s) known to git
#18 1.815 error: pathspec '88d167f9' did not match any file(s) known to git
#18 1.822 error: pathspec '88d167f9' did not match any file(s) known to git
#18 1.827 error: pathspec '88d167f9' did not match any file(s) known to git
#18 1.835 error: pathspec '88d167f9' did not match any file(s) known to git
#18 1.847 error: pathspec '88d167f9' did not match any file(s) known to git
#18 1.853 error: pathspec '88d167f9' did not match any file(s) known to git
#18 1.860 error: pathspec '88d167f9' did not match any file(s) known to git
#18 1.866 error: pathspec '88d167f9' did not match any file(s) known to git
#18 1.872 error: pathspec '88d167f9' did not match any file(s) known to git
#18 1.880 error: pathspec '88d167f9' did not match any file(s) known to git
#18 1.886 error: pathspec '88d167f9' did not match any file(s) known to git
#18 1.895 error: pathspec '88d167f9' did not match any file(s) known to git
#18 1.917 error: pathspec '88d167f9' did not match any file(s) known to git
#18 1.926 error: pathspec '88d167f9' did not match any file(s) known to git
#18 1.938 error: pathspec '88d167f9' did not match any file(s) known to git
#18 1.945 error: pathspec '88d167f9' did not match any file(s) known to git
#18 1.956 error: pathspec '88d167f9' did not match any file(s) known to git
#18 1.963 error: pathspec '88d167f9' did not match any file(s) known to git
#18 1.969 error: pathspec '88d167f9' did not match any file(s) known to git
#18 1.975 error: pathspec '88d167f9' did not match any file(s) known to git
#18 1.984 error: pathspec '88d167f9' did not match any file(s) known to git
#18 1.995 error: pathspec '88d167f9' did not match any file(s) known to git
#18 2.006 error: pathspec '88d167f9' did not match any file(s) known to git
#18 2.026 error: pathspec '88d167f9' did not match any file(s) known to git
#18 2.033 error: pathspec '88d167f9' did not match any file(s) known to git
#18 2.041 error: pathspec '88d167f9' did not match any file(s) known to git
#18 2.049 error: pathspec '88d167f9' did not match any file(s) known to git
#18 2.055 error: pathspec '88d167f9' did not match any file(s) known to git
#18 2.061 error: pathspec '88d167f9' did not match any file(s) known to git
#18 2.078 error: pathspec '88d167f9' did not match any file(s) known to git
#18 2.086 error: pathspec '88d167f9' did not match any file(s) known to git
#18 2.093 error: pathspec '88d167f9' did not match any file(s) known to git
#18 2.101 error: pathspec '88d167f9' did not match any file(s) known to git
#18 2.108 error: pathspec '88d167f9' did not match any file(s) known to git
#18 2.117 error: pathspec '88d167f9' did not match any file(s) known to git
#18 2.122 error: pathspec '88d167f9' did not match any file(s) known to git
#18 2.129 error: pathspec '88d167f9' did not match any file(s) known to git
#18 2.136 error: pathspec '88d167f9' did not match any file(s) known to git
#18 2.144 error: pathspec '88d167f9' did not match any file(s) known to git
#18 2.152 error: pathspec '88d167f9' did not match any file(s) known to git
#18 2.161 error: pathspec '88d167f9' did not match any file(s) known to git
#18 2.170 error: pathspec '88d167f9' did not match any file(s) known to git
#18 2.177 error: pathspec '88d167f9' did not match any file(s) known to git
#18 2.184 error: pathspec '88d167f9' did not match any file(s) known to git
#18 2.196 error: pathspec '88d167f9' did not match any file(s) known to git
#18 2.205 error: pathspec '88d167f9' did not match any file(s) known to git
#18 2.214 error: pathspec '88d167f9' did not match any file(s) known to git
#18 2.509 Checkout unsuccessful.
#18 DONE 3.0s

#19 [stage-1 12/13] RUN echo "#!/bin/bash\nPYTHONPATH=/src python3 -u -c "from fuzzers import utils; utils.initialize_env(); from fuzzers.afl import fuzzer; fuzzer.build()"" > /usr/bin/fuzzer_build &&     chmod +x /usr/bin/fuzzer_build
#19 sha256:4e406e07a44f133bd39c84a2b6c4c1af0f1d3cc8e4d7c67d1e72e16a3ebc46bb
#19 DONE 0.8s

#20 [stage-1 13/13] RUN echo "Run fuzzer_build to build the target" && if [ -z "$debug_builder" ] ; then fuzzer_build; fi
#20 sha256:106518537d2052f22104a69e19b5d833221900172ef8c44120d7990bb6558a51
#20 0.570 Run fuzzer_build to build the target
#20 0.699 FUZZ_TARGET = boost_ptree_xmlread_fuzzer
#20 0.699 CFLAGS = -DFUZZING_BUILD_MODE_UNSAFE_FOR_PRODUCTION -pthread -Wl,--no-as-needed -Wl,-ldl -Wl,-lm -Wno-unused-command-line-argument -O3
#20 0.699 CXXFLAGS = -DFUZZING_BUILD_MODE_UNSAFE_FOR_PRODUCTION -pthread -Wl,--no-as-needed -Wl,-ldl -Wl,-lm -Wno-unused-command-line-argument -stdlib=libc++ -O3
#20 0.713 Building benchmark boost_boost_ptree_xmlread_fuzzer with fuzzer afl
#20 0.716 + clang++ -DFUZZING_BUILD_MODE_UNSAFE_FOR_PRODUCTION -pthread -Wl,--no-as-needed -Wl,-ldl -Wl,-lm -Wno-unused-command-line-argument -stdlib=libc++ -O3 -fsanitize-coverage=trace-pc-guard -I . ../boost_regex_fuzzer.cc libs/regex/src/posix_api.cpp libs/regex/src/regex.cpp libs/regex/src/regex_debug.cpp libs/regex/src/static_mutex.cpp libs/regex/src/wide_posix_api.cpp /libAFL.a -o boost_regex_fuzzer
#20 25.21 + clang++ -DFUZZING_BUILD_MODE_UNSAFE_FOR_PRODUCTION -pthread -Wl,--no-as-needed -Wl,-ldl -Wl,-lm -Wno-unused-command-line-argument -stdlib=libc++ -O3 -fsanitize-coverage=trace-pc-guard -I . ../boost_ptree_xmlread_fuzzer.cc /libAFL.a -o boost_ptree_xmlread_fuzzer
#20 25.23 clang-14: error: no such file or directory: '../boost_ptree_xmlread_fuzzer.cc'
#20 25.23 Traceback (most recent call last):
#20 25.23   File "<string>", line 1, in <module>
#20 25.23   File "/src/fuzzers/afl/fuzzer.py", line 40, in build
#20 25.23     utils.build_benchmark()
#20 25.23   File "/src/fuzzers/utils.py", line 82, in build_benchmark
#20 25.24     subprocess.check_call(['/bin/bash', '-ex', build_script], env=env)
#20 25.24   File "/usr/local/lib/python3.8/subprocess.py", line 364, in check_call
#20 25.24     raise CalledProcessError(retcode, cmd)
#20 25.24 subprocess.CalledProcessError: Command '['/bin/bash', '-ex', '/src/build.sh']' returned non-zero exit status 1.
#20 ERROR: executor failed running [/bin/sh -c echo "Run fuzzer_build to build the target" && if [ -z "$debug_builder" ] ; then fuzzer_build; fi]: exit code: 1
------
 > importing cache manifest from gcr.io/fuzzbench/builders/afl/boost_boost_ptree_xmlread_fuzzer:
------
------
 > [stage-1 13/13] RUN echo "Run fuzzer_build to build the target" && if [ -z "$debug_builder" ] ; then fuzzer_build; fi:
------
executor failed running [/bin/sh -c echo "Run fuzzer_build to build the target" && if [ -z "$debug_builder" ] ; then fuzzer_build; fi]: exit code: 1
make: *** [docker/generated.mk:2765005: .afl-boost_boost_ptree_xmlread_fuzzer-builder] Error 1
/bin/sh: 1: source: not found
#2 [internal] load .dockerignore
#2 sha256:3e9169be15c98f4a5607494e4688354f567752683fe9c90e60272e4423075ba0
#2 transferring context: 2B done
#2 DONE 0.2s

#1 [internal] load build definition from Dockerfile
#1 sha256:9db943a97b5cfde37a46d26080d17e184613da35b6fac3134235899e55ce4a60
#1 transferring dockerfile: 32B done
#1 DONE 0.2s

#3 [internal] load metadata for gcr.io/oss-fuzz-base/base-builder:latest
#3 sha256:f10dc39cc9d418a5bc416dead31a1902b6821fdae909cd3b08f7a3fd1faba7b5
#3 DONE 0.5s

#5 [1/6] FROM gcr.io/oss-fuzz-base/base-builder@sha256:41d7bbe7827592680a606c9bba1aeb6e23c7502ce8b633923b06542f4c706e7c
#5 sha256:660db69324ed478291dd329cbbfe422dccbc173f9ab806c069fac341073eab8c
#5 DONE 0.0s

#4 importing cache manifest from gcr.io/fuzzbench/builders/benchmark/boost_boost_ptree_xmlread_fuzzer
#4 sha256:3bba58f2cfdd084c731f23cc0e6e073788f9f82dd55d65a2e6f8aff4eea976b7
#4 DONE 0.0s

#10 [internal] load build context
#10 sha256:d95086b56d5e0665ab486ff96aa1c35a0a8be890800c47cb8a954597e0ade3cb
#10 transferring context: 71B done
#10 DONE 0.1s

#9 [5/6] RUN ./bootstrap.sh && ./b2 headers
#9 sha256:22cb100c1bc39190d79f2ede1ffe043110b390c776b0bd1716ee5931553a4a03
#9 CACHED

#6 [2/6] RUN apt-get update && apt-get install -y g++
#6 sha256:af3a28fbaef1d043919d93747061c5755e2161896ee0b66b13300fc7e54c3d90
#6 CACHED

#7 [3/6] RUN git clone --recursive https://github.com/boostorg/boost.git
#7 sha256:67869b6b2869a34d8198f8ddb8ff78e8a8b8e5a898b3f72376b5ac365e825fe2
#7 CACHED

#8 [4/6] WORKDIR boost
#8 sha256:755c9caf20b728150890ac7a5930f5fbc4bb14055a1d076889c70231e26b5020
#8 CACHED

#11 [6/6] COPY build.sh boost_regex_fuzzer.cc /src/
#11 sha256:951005b5cf66faa2a2897031397f147596e84c5415cb653b187924f306e6b832
#11 CACHED

#12 exporting to image
#12 sha256:e8c613e07b0b7ff33893b694f7759a10d42e180f2b4dc349fb57dc6b71dcab00
#12 exporting layers done
#12 writing image sha256:fbba3a9e34102c20d4647c811eacf93c19f3012f925257c3e0790533d74736e9
#12 writing image sha256:fbba3a9e34102c20d4647c811eacf93c19f3012f925257c3e0790533d74736e9 0.0s done
#12 naming to gcr.io/fuzzbench/builders/benchmark/boost_boost_ptree_xmlread_fuzzer done
#12 DONE 0.3s

#13 exporting cache
#13 sha256:2700d4ef94dee473593c5c614b55b2dedcca7893909811a8f2b48291a1f581e4
#13 preparing build cache for export done
#13 DONE 0.0s
#1 [internal] load build definition from builder.Dockerfile
#1 sha256:63070709200299242d452f48b16534472206f9fa05538f19196f9454f355a450
#1 transferring dockerfile: 46B done
#1 DONE 0.1s

#2 [internal] load .dockerignore
#2 sha256:958d84e7c2374e54c3f343e9b4375c630eb63649efff256b5a72f4ba7208865a
#2 transferring context: 2B done
#2 DONE 0.1s

#3 [internal] load metadata for gcr.io/fuzzbench/builders/benchmark/boost_boost_ptree_xmlread_fuzzer:latest
#3 sha256:6c782da0f6fa5e429b880b84561f2f04f8a12923392d61c57511d9b9c1223a73
#3 DONE 0.0s

#5 [1/3] FROM gcr.io/fuzzbench/builders/benchmark/boost_boost_ptree_xmlread_fuzzer
#5 sha256:c73c8ec894600177c2d16d069a46d6ad050258b31c21f5199d059eaa8e66fbb3
#5 DONE 0.0s

#4 importing cache manifest from gcr.io/fuzzbench/builders/afl/boost_boost_ptree_xmlread_fuzzer-intermediate
#4 sha256:24a34c39f92d66df4d093fb6fc0e571af556d8a17ef41cadcbdd5ce2ca58d467
#4 DONE 0.0s

#6 [2/3] RUN git clone https://github.com/google/AFL.git /afl &&     cd /afl &&     git checkout 61037103ae3722c8060ff7082994836a794f978e &&     AFL_NO_X86=1 make
#6 sha256:b4e10e01675398d74f073eb396c62210079fc8ec4adaac1db04815264af88720
#6 CACHED

#7 [3/3] RUN apt-get update &&     apt-get install wget -y &&     wget https://raw.githubusercontent.com/llvm/llvm-project/5feb80e748924606531ba28c97fe65145c65372e/compiler-rt/lib/fuzzer/afl/afl_driver.cpp -O /afl/afl_driver.cpp &&     clang -Wno-pointer-sign -c /afl/llvm_mode/afl-llvm-rt.o.c -I/afl &&     clang++ -stdlib=libc++ -std=c++11 -O2 -c /afl/afl_driver.cpp &&     ar r /libAFL.a *.o
#7 sha256:e0159b6117a41157c232a2d09de11c5f20ee2d0644e7d1890fc6a286aef17acc
#7 CACHED

#8 exporting to image
#8 sha256:e8c613e07b0b7ff33893b694f7759a10d42e180f2b4dc349fb57dc6b71dcab00
#8 exporting layers done
#8 writing image sha256:475471697422e350d24a776c9eba65b2e29b7ee75efad0055f2aaa929eb5c476
#8 writing image sha256:475471697422e350d24a776c9eba65b2e29b7ee75efad0055f2aaa929eb5c476 0.0s done
#8 naming to gcr.io/fuzzbench/builders/afl/boost_boost_ptree_xmlread_fuzzer-intermediate done
#8 DONE 0.4s

#9 exporting cache
#9 sha256:2700d4ef94dee473593c5c614b55b2dedcca7893909811a8f2b48291a1f581e4
#9 preparing build cache for export done
#9 DONE 0.0s
#2 [internal] load .dockerignore
#2 sha256:11cfe532acd3df68798119f9a09baf347ad335462b76f3b3c19ee490cdf49293
#2 transferring context: 34B done
#2 DONE 0.2s

#1 [internal] load build definition from Dockerfile
#1 sha256:25ce5c73e452474ff9ade44180d28c4cb88aea512925889d3df1b814c3ac2ec0
#1 transferring dockerfile: 2.00kB done
#1 DONE 0.2s

#3 [internal] load metadata for docker.io/library/ubuntu:xenial
#3 sha256:f62bae18ed588840f045c881b2502661f2a89578a2f8f99b83f5200ee83dd25b
#3 DONE 0.0s

#5 [1/7] FROM docker.io/library/ubuntu:xenial
#5 sha256:14dd403f25ae9e519bd44f27dc17af7ce80f5a4f9f48ca88108364e67ec5d360
#5 DONE 0.0s

#4 importing cache manifest from gcr.io/fuzzbench/base-image
#4 sha256:9b220ebb4d4daceed1b96df9b6dca076e762f1cd612574f010b82d5b9e5ad896
#4 DONE 0.0s

#8 [internal] load build context
#8 sha256:0699c5b3dd31adb7d7b471cf014c58e53ee88054d4609df30d1f43d03f8f52cc
#8 transferring context: 559B 0.0s done
#8 DONE 0.1s

#10 [5/7] RUN pip3 install -r /requirements.txt
#10 sha256:9c984912bb67dae99ffd52b079862145896a8ca2108b849fab4fcd3170348210
#10 CACHED

#11 [6/7] RUN apt-get update -y && apt-get install -y     apt-transport-https     lsb-release
#11 sha256:32a910c5133f098fbcc201316217fc3848a8974a66ccc91776542c76fa15ba9c
#11 CACHED

#6 [2/7] RUN apt-get update -y && apt-get install -y     build-essential     rsync     curl     zlib1g-dev     libncurses5-dev     libgdbm-dev     libnss3-dev     libssl-dev     libreadline-dev     libffi-dev     virtualenv     libbz2-dev     liblzma-dev     libsqlite3-dev
#6 sha256:3a1b0960f17eed529eaae93dc8fd3554f2743dd584d8fa569cdbe6bc734371ac
#6 CACHED

#7 [3/7] RUN cd /tmp/ &&     curl -O https://www.python.org/ftp/python/3.8.6/Python-3.8.6.tar.xz &&     tar -xvf Python-3.8.6.tar.xz &&     cd Python-3.8.6 &&     ./configure --enable-loadable-sqlite-extensions --enable-optimizations &&     make -j install &&     rm -r /tmp/Python-3.8.6.tar.xz /tmp/Python-3.8.6
#7 sha256:c5b9d1fb3371e84dbc60b76e7b2f8d5913bc93bcd4910ab65daa03e7b2ec4bb0
#7 CACHED

#9 [4/7] COPY ./requirements.txt /
#9 sha256:10da3883b5cdb8521b850ab5f9610bb37c0958f86631e50c7f69dd9d489322ff
#9 CACHED

#12 [7/7] RUN CLOUD_SDK_REPO="cloud-sdk-$(lsb_release -c -s)" &&     echo "deb https://packages.cloud.google.com/apt $CLOUD_SDK_REPO main"     | tee -a /etc/apt/sources.list.d/google-cloud-sdk.list &&     curl https://packages.cloud.google.com/apt/doc/apt-key.gpg     | apt-key add - &&     apt-get update -y &&     apt-get install -y google-cloud-sdk
#12 sha256:379b8684b2163b77298bc344a6376b7fb5a18a3b9b706111d05399dd2f3323e3
#12 CACHED

#13 exporting to image
#13 sha256:e8c613e07b0b7ff33893b694f7759a10d42e180f2b4dc349fb57dc6b71dcab00
#13 exporting layers done
#13 writing image sha256:cdb478538a35041a0b5608a1313087aff20fc062fe25108e635bb6f1faebe08e
#13 writing image sha256:cdb478538a35041a0b5608a1313087aff20fc062fe25108e635bb6f1faebe08e done
#13 naming to gcr.io/fuzzbench/base-image done
#13 DONE 0.1s

#14 exporting cache
#14 sha256:2700d4ef94dee473593c5c614b55b2dedcca7893909811a8f2b48291a1f581e4
#14 preparing build cache for export done
#14 DONE 0.0s
#2 [internal] load .dockerignore
#2 sha256:2c0ea8d2708ca0e9a5b790d15cbe01c37a771feb64c90167db608bacfd328622
#2 transferring context: 34B done
#2 DONE 0.1s

#1 [internal] load build definition from Dockerfile
#1 sha256:211058eb54172467f487fbf0cc2f587f14bb9f569973e5e86f90bdda66fec77b
#1 transferring dockerfile: 2.22kB done
#1 DONE 0.2s

#4 [internal] load metadata for gcr.io/fuzzbench/base-image:latest
#4 sha256:932022888f650cc455b10eb5123bb08c0cccacac29a693e69314abbfd28a72c3
#4 DONE 0.0s

#3 [internal] load metadata for gcr.io/fuzzbench/builders/afl/boost_boost_ptree_xmlread_fuzzer-intermediate:latest
#3 sha256:dffc91d7b34f98d68515f97683ba3a32cfeef0bcf74b1cc9712d9a413b3aee8c
#3 DONE 0.0s

#12 [internal] load build context
#12 sha256:f062d4acac8a64bdf8e3f8ac7bc1f0e6f44448d1aa8cd2c702e102fe02969f38
#12 DONE 0.0s

#7 [base-image 1/1] FROM gcr.io/fuzzbench/base-image
#7 sha256:4d07825694520f8b6f6a0d8592dbd345433361ae044cb7f06706c5a95e3daaad
#7 DONE 0.0s

#6 [stage-1  1/13] FROM gcr.io/fuzzbench/builders/afl/boost_boost_ptree_xmlread_fuzzer-intermediate
#6 sha256:e04dc55fa6acaba273ec87890db7fac040ed31064451975d059ca20f33f8461b
#6 DONE 0.0s

#5 importing cache manifest from gcr.io/fuzzbench/builders/afl/boost_boost_ptree_xmlread_fuzzer
#5 sha256:baa1d9bfe882e91e92b3f88b5ca610de6c748daa283c4389d9495463ffcb5ab0
#5 ERROR: gcr.io/fuzzbench/builders/afl/boost_boost_ptree_xmlread_fuzzer:latest: not found

#12 [internal] load build context
#12 sha256:f062d4acac8a64bdf8e3f8ac7bc1f0e6f44448d1aa8cd2c702e102fe02969f38
#12 transferring context: 669.92kB 0.1s done
#12 DONE 0.1s

#10 [stage-1  4/13] COPY --from=base-image /usr/local/include/python3.8 /usr/local/include/python3.8
#10 sha256:569b2930c53e4b7df49c0b6d55b6dcf98639d2908e654f1177fb4d65c95047dc
#10 CACHED

#9 [stage-1  3/13] COPY --from=base-image /usr/local/lib/python3.8 /usr/local/lib/python3.8
#9 sha256:fca08bbb12f0ab2164012d473d2ab65d25558d46001059fb28a001ae5fc0caee
#9 CACHED

#13 [stage-1  6/13] COPY fuzzers /src/fuzzers
#13 sha256:df50afcb13fa8fc9f4254c72c0825013b2edcd09f9847cf03b29692c7fafb7d8
#13 CACHED

#15 [stage-1  8/13] COPY benchmarks/boost_boost_ptree_xmlread_fuzzer/benchmark.yaml /
#15 sha256:5baaae8067d085dcb776e3a8f4583ba846804df4cb01f72feb81e57bebb6bf69
#15 CACHED

#18 [stage-1 11/13] RUN export CHECKOUT_COMMIT=$(cat /benchmark.yaml | tr -d ' ' | grep 'commit:' | cut -d ':' -f2) &&     python3 -u /opt/fuzzbench/checkout_commit.py $CHECKOUT_COMMIT /src
#18 sha256:4297a59c483c3752c53df0a49c46b0cfc0b399c8e624986a7dfc127697a26c1b
#18 CACHED

#8 [stage-1  2/13] COPY --from=base-image /usr/local/bin/python3* /usr/local/bin/
#8 sha256:ebbcace4a69ba20ed54bd698703e4d2ce26eecfcb2e04fd70aa863f14aed62ab
#8 CACHED

#14 [stage-1  7/13] RUN touch /src/__init__.py
#14 sha256:c140d932db443871bf7a45bac2261879fe052a714ce5b4b1cabf6b0d757698f0
#14 CACHED

#16 [stage-1  9/13] RUN mkdir /opt/fuzzbench/
#16 sha256:42e832e529bbeb25eab7e4a822036215b51060118aa46e2324a53936509ec741
#16 CACHED

#11 [stage-1  5/13] COPY --from=base-image /usr/local/lib/python3.8/site-packages /usr/local/lib/python3.8/site-packages
#11 sha256:c891d33d9b44a9d13aef519e6f96f2cd027c69f6d44be9d24050070dacb2c34b
#11 CACHED

#17 [stage-1 10/13] COPY docker/benchmark-builder/checkout_commit.py /opt/fuzzbench/
#17 sha256:d08bf763e5766bf3dc03ba3d67ccd1b9e46de245aa8a66e64992735f6a71d688
#17 CACHED

#19 [stage-1 12/13] RUN echo "#!/bin/bash\nPYTHONPATH=/src python3 -u -c "from fuzzers import utils; utils.initialize_env(); from fuzzers.afl import fuzzer; fuzzer.build()"" > /usr/bin/fuzzer_build &&     chmod +x /usr/bin/fuzzer_build
#19 sha256:0e69ec18b3ac9f0d7f7a61eb25a95d029b8c80c6111725a4830dfda4dc03896b
#19 CACHED

#20 [stage-1 13/13] RUN echo "Run fuzzer_build to build the target" && if [ -z "$debug_builder" ] ; then fuzzer_build; fi
#20 sha256:36275b7e307ecbd89463fad958667d127d7f20809436b2d2c739f5635410c56a
#20 0.453 Run fuzzer_build to build the target
#20 0.572 FUZZ_TARGET = boost_ptree_xmlread_fuzzer
#20 0.572 CFLAGS = -DFUZZING_BUILD_MODE_UNSAFE_FOR_PRODUCTION -pthread -Wl,--no-as-needed -Wl,-ldl -Wl,-lm -Wno-unused-command-line-argument -O3
#20 0.572 CXXFLAGS = -DFUZZING_BUILD_MODE_UNSAFE_FOR_PRODUCTION -pthread -Wl,--no-as-needed -Wl,-ldl -Wl,-lm -Wno-unused-command-line-argument -stdlib=libc++ -O3
#20 0.577 Building benchmark boost_boost_ptree_xmlread_fuzzer with fuzzer afl
#20 0.580 + clang++ -DFUZZING_BUILD_MODE_UNSAFE_FOR_PRODUCTION -pthread -Wl,--no-as-needed -Wl,-ldl -Wl,-lm -Wno-unused-command-line-argument -stdlib=libc++ -O3 -fsanitize-coverage=trace-pc-guard -I . ../boost_regex_fuzzer.cc libs/regex/src/posix_api.cpp libs/regex/src/regex.cpp libs/regex/src/regex_debug.cpp libs/regex/src/static_mutex.cpp libs/regex/src/wide_posix_api.cpp /libAFL.a -o boost_regex_fuzzer
#20 25.60 + clang++ -DFUZZING_BUILD_MODE_UNSAFE_FOR_PRODUCTION -pthread -Wl,--no-as-needed -Wl,-ldl -Wl,-lm -Wno-unused-command-line-argument -stdlib=libc++ -O3 -fsanitize-coverage=trace-pc-guard -I . ../boost_ptree_xmlread_fuzzer.cc /libAFL.a -o boost_ptree_xmlread_fuzzer
#20 25.62 clang-14: error: no such file or directory: '../boost_ptree_xmlread_fuzzer.cc'
#20 25.62 Traceback (most recent call last):
#20 25.62   File "<string>", line 1, in <module>
#20 25.62   File "/src/fuzzers/afl/fuzzer.py", line 40, in build
#20 25.62     utils.build_benchmark()
#20 25.62   File "/src/fuzzers/utils.py", line 82, in build_benchmark
#20 25.62     subprocess.check_call(['/bin/bash', '-ex', build_script], env=env)
#20 25.62   File "/usr/local/lib/python3.8/subprocess.py", line 364, in check_call
#20 25.63     raise CalledProcessError(retcode, cmd)
#20 25.63 subprocess.CalledProcessError: Command '['/bin/bash', '-ex', '/src/build.sh']' returned non-zero exit status 1.
#20 ERROR: executor failed running [/bin/sh -c echo "Run fuzzer_build to build the target" && if [ -z "$debug_builder" ] ; then fuzzer_build; fi]: exit code: 1
------
 > importing cache manifest from gcr.io/fuzzbench/builders/afl/boost_boost_ptree_xmlread_fuzzer:
------
------
 > [stage-1 13/13] RUN echo "Run fuzzer_build to build the target" && if [ -z "$debug_builder" ] ; then fuzzer_build; fi:
------
executor failed running [/bin/sh -c echo "Run fuzzer_build to build the target" && if [ -z "$debug_builder" ] ; then fuzzer_build; fi]: exit code: 1
make: *** [docker/generated.mk:2765005: .afl-boost_boost_ptree_xmlread_fuzzer-builder] Error 1
