WARNING:root:gcloud not found in PATH.
INFO:root:Successfully integrated benchmark: c-ares_c-ares.
INFO:root:Please run "make test-run-afl-c-ares_c-ares" to test integration.
#2 [internal] load .dockerignore
#2 sha256:c94d84b254dc60caa3a69632a51503006f3761509a394fd6fa780f91afdd1814
#2 transferring context: 2B done
#2 DONE 0.3s

#1 [internal] load build definition from Dockerfile
#1 sha256:44aafb13dffdf3f5003ddb7f1a5ea1dec91475f0e419ab928c0b977bf7e73cc1
#1 transferring dockerfile: 910B done
#1 DONE 0.2s

#3 [internal] load metadata for docker.io/ossfuzz/base-libfuzzer:latest
#3 sha256:de5858be1c81531f1899359595a26336a5c3505aefbbe9f5fe9f2220a7621c7e
#3 ERROR: pull access denied, repository does not exist or may require authorization: server message: insufficient_scope: authorization failed
------
 > [internal] load metadata for docker.io/ossfuzz/base-libfuzzer:latest:
------
failed to solve with frontend dockerfile.v0: failed to create LLB definition: pull access denied, repository does not exist or may require authorization: server message: insufficient_scope: authorization failed
make: *** [docker/generated.mk:6944: .c-ares_c-ares-project-builder] Error 1
/bin/sh: 1: source: not found
#2 [internal] load .dockerignore
#2 sha256:692572bdb13793ee44eade7b11b415036b1516e2a3d8adf6ab71e91f9b8a7df1
#2 transferring context: 2B done
#2 DONE 0.2s

#1 [internal] load build definition from Dockerfile
#1 sha256:935f551e56a1934e43c21c868ae7e25f1ae4f370f18a8fd539bbf9d5ad9d7a12
#1 transferring dockerfile: 32B done
#1 DONE 0.3s

#3 [internal] load metadata for docker.io/ossfuzz/base-libfuzzer:latest
#3 sha256:de5858be1c81531f1899359595a26336a5c3505aefbbe9f5fe9f2220a7621c7e
#3 ERROR: pull access denied, repository does not exist or may require authorization: server message: insufficient_scope: authorization failed
------
 > [internal] load metadata for docker.io/ossfuzz/base-libfuzzer:latest:
------
failed to solve with frontend dockerfile.v0: failed to create LLB definition: pull access denied, repository does not exist or may require authorization: server message: insufficient_scope: authorization failed
make: *** [docker/generated.mk:6944: .c-ares_c-ares-project-builder] Error 1
