WARNING:root:gcloud not found in PATH.
INFO:root:Successfully integrated benchmark: dragonfly_dragonfly.
INFO:root:Please run "make test-run-afl-dragonfly_dragonfly" to test integration.
#2 [internal] load .dockerignore
#2 sha256:eaf9a2494d6453a2374866dcbed381892044b895945827fd357ea446443635ff
#2 transferring context: 2B done
#2 DONE 0.4s

#1 [internal] load build definition from Dockerfile
#1 sha256:9e89f6f044992899865e0945b3718c8940a78fe73fd92f41fbdb8f4acf547463
#1 transferring dockerfile: 1.26kB done
#1 DONE 0.4s

#3 [internal] load metadata for gcr.io/oss-fuzz-base/base-builder:latest
#3 sha256:f10dc39cc9d418a5bc416dead31a1902b6821fdae909cd3b08f7a3fd1faba7b5
#3 DONE 0.4s

#8 [internal] load build context
#8 sha256:f679dbaea782cb424e48d2921a6fda384caf2fdaf705dbe2dff17aa7e226ec0c
#8 DONE 0.0s

#5 [1/5] FROM gcr.io/oss-fuzz-base/base-builder@sha256:4ad017ca53699eda684c1c444948c93a4af848fe34baee3a765d3c4693fe6a56
#5 sha256:3f10b3978a3951f6e2692fa5e5890ee5a755650381dedece7198ed0b1dcdaa8c
#5 DONE 0.0s

#4 importing cache manifest from gcr.io/fuzzbench/builders/benchmark/dragonfly_dragonfly
#4 sha256:cd263b4dc9f6abfa5607ea282d02f5369418f24915da457f51b057e5b7b3833a
#4 ERROR: gcr.io/fuzzbench/builders/benchmark/dragonfly_dragonfly:latest: not found

#5 [1/5] FROM gcr.io/oss-fuzz-base/base-builder@sha256:4ad017ca53699eda684c1c444948c93a4af848fe34baee3a765d3c4693fe6a56
#5 sha256:3f10b3978a3951f6e2692fa5e5890ee5a755650381dedece7198ed0b1dcdaa8c
#5 CACHED

#8 [internal] load build context
#8 sha256:f679dbaea782cb424e48d2921a6fda384caf2fdaf705dbe2dff17aa7e226ec0c
#8 transferring context: 1.01kB done
#8 DONE 0.2s

#6 [2/5] RUN go get	github.com/go-openapi/swag 		github.com/go-openapi/validate 		gopkg.in/warnings.v0 		github.com/gorilla/mux 		github.com/prometheus/client_golang/prometheus 		github.com/pkg/errors 		github.com/sirupsen/logrus 		gopkg.in/gcfg.v1 		github.com/valyala/fasthttp 		gopkg.in/natefinch/lumberjack.v2 		github.com/emirpasic/gods/maps/treemap 		github.com/emirpasic/gods/utils 		github.com/willf/bitset
#6 sha256:3ba6aa96ee528b11ca85daa0d477f47c0ecc41d2cab31050a86aedadbc081ffa
#6 0.554 /bin/sh: 1: go: not found
#6 ERROR: executor failed running [/bin/sh -c go get	github.com/go-openapi/swag 		github.com/go-openapi/validate 		gopkg.in/warnings.v0 		github.com/gorilla/mux 		github.com/prometheus/client_golang/prometheus 		github.com/pkg/errors 		github.com/sirupsen/logrus 		gopkg.in/gcfg.v1 		github.com/valyala/fasthttp 		gopkg.in/natefinch/lumberjack.v2 		github.com/emirpasic/gods/maps/treemap 		github.com/emirpasic/gods/utils 		github.com/willf/bitset]: exit code: 127
------
 > importing cache manifest from gcr.io/fuzzbench/builders/benchmark/dragonfly_dragonfly:
------
------
 > [2/5] RUN go get	github.com/go-openapi/swag 		github.com/go-openapi/validate 		gopkg.in/warnings.v0 		github.com/gorilla/mux 		github.com/prometheus/client_golang/prometheus 		github.com/pkg/errors 		github.com/sirupsen/logrus 		gopkg.in/gcfg.v1 		github.com/valyala/fasthttp 		gopkg.in/natefinch/lumberjack.v2 		github.com/emirpasic/gods/maps/treemap 		github.com/emirpasic/gods/utils 		github.com/willf/bitset:
------
executor failed running [/bin/sh -c go get	github.com/go-openapi/swag 		github.com/go-openapi/validate 		gopkg.in/warnings.v0 		github.com/gorilla/mux 		github.com/prometheus/client_golang/prometheus 		github.com/pkg/errors 		github.com/sirupsen/logrus 		gopkg.in/gcfg.v1 		github.com/valyala/fasthttp 		gopkg.in/natefinch/lumberjack.v2 		github.com/emirpasic/gods/maps/treemap 		github.com/emirpasic/gods/utils 		github.com/willf/bitset]: exit code: 127
make: *** [docker/generated.mk:11971: .dragonfly_dragonfly-project-builder] Error 1
/bin/sh: 1: source: not found
#1 [internal] load build definition from Dockerfile
#1 sha256:c6d8b2522b1308080a293002f7f72abdf42f748a4284809e4beadedee345aefc
#1 transferring dockerfile: 32B done
#1 DONE 0.8s

#2 [internal] load .dockerignore
#2 sha256:5f98efd045c818314cbda213c1c09aed0e7b718438331d32fa735256a3f18bc1
#2 transferring context: 2B done
#2 DONE 0.8s

#3 [internal] load metadata for gcr.io/oss-fuzz-base/base-builder:latest
#3 sha256:f10dc39cc9d418a5bc416dead31a1902b6821fdae909cd3b08f7a3fd1faba7b5
#3 DONE 0.4s

#8 [internal] load build context
#8 sha256:549052241d3e6a1c50e19b4137b2521cd23a0a8990e18e8181805efff4f47c5c
#8 DONE 0.0s

#5 [1/5] FROM gcr.io/oss-fuzz-base/base-builder@sha256:4ad017ca53699eda684c1c444948c93a4af848fe34baee3a765d3c4693fe6a56
#5 sha256:3f10b3978a3951f6e2692fa5e5890ee5a755650381dedece7198ed0b1dcdaa8c
#5 DONE 0.0s

#4 importing cache manifest from gcr.io/fuzzbench/builders/benchmark/dragonfly_dragonfly
#4 sha256:cd263b4dc9f6abfa5607ea282d02f5369418f24915da457f51b057e5b7b3833a
#4 ERROR: gcr.io/fuzzbench/builders/benchmark/dragonfly_dragonfly:latest: not found

#5 [1/5] FROM gcr.io/oss-fuzz-base/base-builder@sha256:4ad017ca53699eda684c1c444948c93a4af848fe34baee3a765d3c4693fe6a56
#5 sha256:3f10b3978a3951f6e2692fa5e5890ee5a755650381dedece7198ed0b1dcdaa8c
#5 CACHED

#8 [internal] load build context
#8 sha256:549052241d3e6a1c50e19b4137b2521cd23a0a8990e18e8181805efff4f47c5c
#8 transferring context: 30B done
#8 DONE 0.1s

#6 [2/5] RUN go get	github.com/go-openapi/swag 		github.com/go-openapi/validate 		gopkg.in/warnings.v0 		github.com/gorilla/mux 		github.com/prometheus/client_golang/prometheus 		github.com/pkg/errors 		github.com/sirupsen/logrus 		gopkg.in/gcfg.v1 		github.com/valyala/fasthttp 		gopkg.in/natefinch/lumberjack.v2 		github.com/emirpasic/gods/maps/treemap 		github.com/emirpasic/gods/utils 		github.com/willf/bitset
#6 sha256:3ba6aa96ee528b11ca85daa0d477f47c0ecc41d2cab31050a86aedadbc081ffa
#6 0.429 /bin/sh: 1: go: not found
#6 ERROR: executor failed running [/bin/sh -c go get	github.com/go-openapi/swag 		github.com/go-openapi/validate 		gopkg.in/warnings.v0 		github.com/gorilla/mux 		github.com/prometheus/client_golang/prometheus 		github.com/pkg/errors 		github.com/sirupsen/logrus 		gopkg.in/gcfg.v1 		github.com/valyala/fasthttp 		gopkg.in/natefinch/lumberjack.v2 		github.com/emirpasic/gods/maps/treemap 		github.com/emirpasic/gods/utils 		github.com/willf/bitset]: exit code: 127
------
 > importing cache manifest from gcr.io/fuzzbench/builders/benchmark/dragonfly_dragonfly:
------
------
 > [2/5] RUN go get	github.com/go-openapi/swag 		github.com/go-openapi/validate 		gopkg.in/warnings.v0 		github.com/gorilla/mux 		github.com/prometheus/client_golang/prometheus 		github.com/pkg/errors 		github.com/sirupsen/logrus 		gopkg.in/gcfg.v1 		github.com/valyala/fasthttp 		gopkg.in/natefinch/lumberjack.v2 		github.com/emirpasic/gods/maps/treemap 		github.com/emirpasic/gods/utils 		github.com/willf/bitset:
------
executor failed running [/bin/sh -c go get	github.com/go-openapi/swag 		github.com/go-openapi/validate 		gopkg.in/warnings.v0 		github.com/gorilla/mux 		github.com/prometheus/client_golang/prometheus 		github.com/pkg/errors 		github.com/sirupsen/logrus 		gopkg.in/gcfg.v1 		github.com/valyala/fasthttp 		gopkg.in/natefinch/lumberjack.v2 		github.com/emirpasic/gods/maps/treemap 		github.com/emirpasic/gods/utils 		github.com/willf/bitset]: exit code: 127
make: *** [docker/generated.mk:11971: .dragonfly_dragonfly-project-builder] Error 1
