WARNING:root:gcloud not found in PATH.
INFO:root:Successfully integrated benchmark: libpng-proto_libpng_transforms_fuzzer.
INFO:root:Please run "make test-run-afl-libpng-proto_libpng_transforms_fuzzer" to test integration.
#1 [internal] load build definition from Dockerfile
#1 sha256:968ee4af4342745711090356a8036493fe91f5948c2feeaf75313f0eb0f72153
#1 transferring dockerfile: 1.35kB done
#1 DONE 0.1s

#2 [internal] load .dockerignore
#2 sha256:866731517169bbad35f8e249be02bbac891808ecd936ed418775cd75e79b2c33
#2 transferring context: 2B done
#2 DONE 0.1s

#3 [internal] load metadata for gcr.io/oss-fuzz-base/base-builder:latest
#3 sha256:f10dc39cc9d418a5bc416dead31a1902b6821fdae909cd3b08f7a3fd1faba7b5
#3 DONE 0.4s

#11 [internal] load build context
#11 sha256:26fceede79badce43dcd214ed1ddf2d43e27713e3622d2325c00843dc1f7c01e
#11 DONE 0.0s

#5 [1/7] FROM gcr.io/oss-fuzz-base/base-builder@sha256:41d7bbe7827592680a606c9bba1aeb6e23c7502ce8b633923b06542f4c706e7c
#5 sha256:660db69324ed478291dd329cbbfe422dccbc173f9ab806c069fac341073eab8c
#5 DONE 0.0s

#4 importing cache manifest from gcr.io/fuzzbench/builders/benchmark/libpng-proto_libpng_transforms_fuzzer
#4 sha256:a6c3f17486d34fb221e9830c137d3e0231dc521cdeafe222873f342eed3d53bf
#4 ERROR: gcr.io/fuzzbench/builders/benchmark/libpng-proto_libpng_transforms_fuzzer:latest: not found

#11 [internal] load build context
#11 sha256:26fceede79badce43dcd214ed1ddf2d43e27713e3622d2325c00843dc1f7c01e
#11 transferring context: 6.65kB done
#11 DONE 0.1s

#8 [4/7] RUN git clone --depth 1 https://github.com/google/libprotobuf-mutator.git
#8 sha256:79e7e47577b03be5aec6785093d07e5bb1ac586af7308d0bb6d47560dcb5b8d5
#8 CACHED

#6 [2/7] RUN apt-get update &&     apt-get install -y make autoconf automake libtool zlib1g-dev ninja-build cmake
#6 sha256:4fc20019cb390fb1f040bcdd39a29ed107bc04128e84b0b7eb235a06bcb8673e
#6 CACHED

#7 [3/7] RUN git clone --depth 1 https://github.com/glennrp/libpng.git
#7 sha256:5dc00fa862443af3d27d644c2d65a0faca7a433f989a2b77bf82448f15b73e4c
#7 CACHED

#9 [5/7] RUN git clone --depth 1 https://github.com/google/fuzzer-test-suite
#9 sha256:c6a6cf3dee462cdda80c8cb4a1d92840b9b0feb1f15d98e03477d1619a40f524
#9 CACHED

#10 [6/7] RUN (mkdir LPM && cd LPM && cmake ../libprotobuf-mutator -GNinja -DLIB_PROTO_MUTATOR_DOWNLOAD_PROTOBUF=ON -DLIB_PROTO_MUTATOR_TESTING=OFF -DCMAKE_BUILD_TYPE=Release && ninja)
#10 sha256:8cd9cd5cdcd36066abb3482613a6948d455792435931fcdbe4f352350713360a
#10 0.474 -- The CXX compiler identification is Clang 14.0.0
#10 0.488 -- Detecting CXX compiler ABI info
#10 0.568 -- Detecting CXX compiler ABI info - done
#10 0.583 -- Check for working CXX compiler: /usr/local/bin/clang++ - skipped
#10 0.584 -- Detecting CXX compile features
#10 0.585 -- Detecting CXX compile features - done
#10 0.653 -- The C compiler identification is Clang 14.0.0
#10 0.665 -- Detecting C compiler ABI info
#10 0.735 -- Detecting C compiler ABI info - done
#10 0.750 -- Check for working C compiler: /usr/local/bin/clang - skipped
#10 0.750 -- Detecting C compile features
#10 0.751 -- Detecting C compile features - done
#10 0.756 -- Looking for pthread.h
#10 0.833 -- Looking for pthread.h - found
#10 0.834 -- Performing Test CMAKE_HAVE_LIBC_PTHREAD
#10 0.915 -- Performing Test CMAKE_HAVE_LIBC_PTHREAD - Failed
#10 0.915 -- Check if compiler accepts -pthread
#10 1.004 -- Check if compiler accepts -pthread - yes
#10 1.006 -- Found Threads: TRUE  
#10 1.017 -- Could NOT find LibLZMA (missing: LIBLZMA_LIBRARY LIBLZMA_INCLUDE_DIR LIBLZMA_HAS_AUTO_DECODER LIBLZMA_HAS_EASY_ENCODER LIBLZMA_HAS_LZMA_PRESET) 
#10 1.032 -- Found ZLIB: /usr/lib/x86_64-linux-gnu/libz.so (found version "1.2.11") 
#10 1.033 -- Performing Test LIB_PROTO_MUTATOR_HAS_SANITIZE_ADDRESS
#10 1.260 -- Performing Test LIB_PROTO_MUTATOR_HAS_SANITIZE_ADDRESS - Success
#10 1.261 -- Performing Test LIB_PROTO_MUTATOR_HAS_SANITIZE_SCOPE
#10 1.494 -- Performing Test LIB_PROTO_MUTATOR_HAS_SANITIZE_SCOPE - Success
#10 1.495 -- Performing Test LIB_PROTO_MUTATOR_HAS_NO_COVERAGE
#10 1.569 -- Performing Test LIB_PROTO_MUTATOR_HAS_NO_COVERAGE - Success
#10 1.570 -- Performing Test LIB_PROTO_MUTATOR_HAS_SANITIZE_FUZZER
#10 1.736 -- Performing Test LIB_PROTO_MUTATOR_HAS_SANITIZE_FUZZER - Success
#10 1.738 -- Performing Test LIB_PROTO_MUTATOR_HAS_NO_SANITIZE_FUZZER
#10 1.810 -- Performing Test LIB_PROTO_MUTATOR_HAS_NO_SANITIZE_FUZZER - Success
#10 1.812 -- Performing Test LIB_PROTO_MUTATOR_HAS_WSTRING_CONVERSION
#10 1.885 -- Performing Test LIB_PROTO_MUTATOR_HAS_WSTRING_CONVERSION - Success
#10 1.901 -- Could NOT find Protobuf (missing: Protobuf_LIBRARIES Protobuf_INCLUDE_DIR) 
#10 1.996 -- Configuring done
#10 1.999 CMake Error: The following variables are used in this project, but they are set to NOTFOUND.
#10 1.999 Please set them or make sure they are set and tested correctly in the CMake files:
#10 1.999 LIBLZMA_LIBRARY (ADVANCED)
#10 1.999     linked by target "libxml2_example" in directory /src/libprotobuf-mutator/examples/libxml2
#10 1.999 
#10 2.024 -- Generating done
#10 2.028 CMake Generate step failed.  Build files cannot be regenerated correctly.
#10 ERROR: executor failed running [/bin/sh -c (mkdir LPM && cd LPM && cmake ../libprotobuf-mutator -GNinja -DLIB_PROTO_MUTATOR_DOWNLOAD_PROTOBUF=ON -DLIB_PROTO_MUTATOR_TESTING=OFF -DCMAKE_BUILD_TYPE=Release && ninja)]: exit code: 1
------
 > importing cache manifest from gcr.io/fuzzbench/builders/benchmark/libpng-proto_libpng_transforms_fuzzer:
------
------
 > [6/7] RUN (mkdir LPM && cd LPM && cmake ../libprotobuf-mutator -GNinja -DLIB_PROTO_MUTATOR_DOWNLOAD_PROTOBUF=ON -DLIB_PROTO_MUTATOR_TESTING=OFF -DCMAKE_BUILD_TYPE=Release && ninja):
------
executor failed running [/bin/sh -c (mkdir LPM && cd LPM && cmake ../libprotobuf-mutator -GNinja -DLIB_PROTO_MUTATOR_DOWNLOAD_PROTOBUF=ON -DLIB_PROTO_MUTATOR_TESTING=OFF -DCMAKE_BUILD_TYPE=Release && ninja)]: exit code: 1
make: *** [docker/generated.mk:34171: .libpng-proto_libpng_transforms_fuzzer-project-builder] Error 1
/bin/sh: 1: source: not found
#1 [internal] load build definition from Dockerfile
#1 sha256:26adbb93af031bd9704ea7e693d34abb011f0cdb045f598b84424aa164bb63a6
#1 transferring dockerfile: 32B done
#1 DONE 0.0s

#2 [internal] load .dockerignore
#2 sha256:7c0a2a816a61427d79ee49b464a6c8a17800f1991b9e54faa244049695936b3a
#2 transferring context: 2B done
#2 DONE 0.0s

#3 [internal] load metadata for gcr.io/oss-fuzz-base/base-builder:latest
#3 sha256:f10dc39cc9d418a5bc416dead31a1902b6821fdae909cd3b08f7a3fd1faba7b5
#3 DONE 0.4s

#11 [internal] load build context
#11 sha256:32a90472c9ad33aad28d281ec2dfa5e7be121fe6763de50c87a6315fae24eacd
#11 DONE 0.0s

#5 [1/7] FROM gcr.io/oss-fuzz-base/base-builder@sha256:41d7bbe7827592680a606c9bba1aeb6e23c7502ce8b633923b06542f4c706e7c
#5 sha256:660db69324ed478291dd329cbbfe422dccbc173f9ab806c069fac341073eab8c
#5 DONE 0.0s

#4 importing cache manifest from gcr.io/fuzzbench/builders/benchmark/libpng-proto_libpng_transforms_fuzzer
#4 sha256:a6c3f17486d34fb221e9830c137d3e0231dc521cdeafe222873f342eed3d53bf
#4 ERROR: gcr.io/fuzzbench/builders/benchmark/libpng-proto_libpng_transforms_fuzzer:latest: not found

#6 [2/7] RUN apt-get update &&     apt-get install -y make autoconf automake libtool zlib1g-dev ninja-build cmake
#6 sha256:4fc20019cb390fb1f040bcdd39a29ed107bc04128e84b0b7eb235a06bcb8673e
#6 CACHED

#7 [3/7] RUN git clone --depth 1 https://github.com/glennrp/libpng.git
#7 sha256:5dc00fa862443af3d27d644c2d65a0faca7a433f989a2b77bf82448f15b73e4c
#7 CACHED

#8 [4/7] RUN git clone --depth 1 https://github.com/google/libprotobuf-mutator.git
#8 sha256:79e7e47577b03be5aec6785093d07e5bb1ac586af7308d0bb6d47560dcb5b8d5
#8 CACHED

#9 [5/7] RUN git clone --depth 1 https://github.com/google/fuzzer-test-suite
#9 sha256:c6a6cf3dee462cdda80c8cb4a1d92840b9b0feb1f15d98e03477d1619a40f524
#9 CACHED

#11 [internal] load build context
#11 sha256:32a90472c9ad33aad28d281ec2dfa5e7be121fe6763de50c87a6315fae24eacd
#11 transferring context: 164B done
#11 DONE 0.2s

#10 [6/7] RUN (mkdir LPM && cd LPM && cmake ../libprotobuf-mutator -GNinja -DLIB_PROTO_MUTATOR_DOWNLOAD_PROTOBUF=ON -DLIB_PROTO_MUTATOR_TESTING=OFF -DCMAKE_BUILD_TYPE=Release && ninja)
#10 sha256:8cd9cd5cdcd36066abb3482613a6948d455792435931fcdbe4f352350713360a
#10 0.649 -- The CXX compiler identification is Clang 14.0.0
#10 0.662 -- Detecting CXX compiler ABI info
#10 0.739 -- Detecting CXX compiler ABI info - done
#10 0.754 -- Check for working CXX compiler: /usr/local/bin/clang++ - skipped
#10 0.754 -- Detecting CXX compile features
#10 0.755 -- Detecting CXX compile features - done
#10 0.822 -- The C compiler identification is Clang 14.0.0
#10 0.832 -- Detecting C compiler ABI info
#10 0.900 -- Detecting C compiler ABI info - done
#10 0.915 -- Check for working C compiler: /usr/local/bin/clang - skipped
#10 0.916 -- Detecting C compile features
#10 0.917 -- Detecting C compile features - done
#10 0.922 -- Looking for pthread.h
#10 1.002 -- Looking for pthread.h - found
#10 1.002 -- Performing Test CMAKE_HAVE_LIBC_PTHREAD
#10 1.092 -- Performing Test CMAKE_HAVE_LIBC_PTHREAD - Failed
#10 1.092 -- Check if compiler accepts -pthread
#10 1.180 -- Check if compiler accepts -pthread - yes
#10 1.182 -- Found Threads: TRUE  
#10 1.193 -- Could NOT find LibLZMA (missing: LIBLZMA_LIBRARY LIBLZMA_INCLUDE_DIR LIBLZMA_HAS_AUTO_DECODER LIBLZMA_HAS_EASY_ENCODER LIBLZMA_HAS_LZMA_PRESET) 
#10 1.207 -- Found ZLIB: /usr/lib/x86_64-linux-gnu/libz.so (found version "1.2.11") 
#10 1.208 -- Performing Test LIB_PROTO_MUTATOR_HAS_SANITIZE_ADDRESS
#10 1.443 -- Performing Test LIB_PROTO_MUTATOR_HAS_SANITIZE_ADDRESS - Success
#10 1.444 -- Performing Test LIB_PROTO_MUTATOR_HAS_SANITIZE_SCOPE
#10 1.676 -- Performing Test LIB_PROTO_MUTATOR_HAS_SANITIZE_SCOPE - Success
#10 1.678 -- Performing Test LIB_PROTO_MUTATOR_HAS_NO_COVERAGE
#10 1.751 -- Performing Test LIB_PROTO_MUTATOR_HAS_NO_COVERAGE - Success
#10 1.752 -- Performing Test LIB_PROTO_MUTATOR_HAS_SANITIZE_FUZZER
#10 1.920 -- Performing Test LIB_PROTO_MUTATOR_HAS_SANITIZE_FUZZER - Success
#10 1.922 -- Performing Test LIB_PROTO_MUTATOR_HAS_NO_SANITIZE_FUZZER
#10 1.997 -- Performing Test LIB_PROTO_MUTATOR_HAS_NO_SANITIZE_FUZZER - Success
#10 1.999 -- Performing Test LIB_PROTO_MUTATOR_HAS_WSTRING_CONVERSION
#10 2.083 -- Performing Test LIB_PROTO_MUTATOR_HAS_WSTRING_CONVERSION - Success
#10 2.098 -- Could NOT find Protobuf (missing: Protobuf_LIBRARIES Protobuf_INCLUDE_DIR) 
#10 2.198 -- Configuring done
#10 2.201 CMake Error: The following variables are used in this project, but they are set to NOTFOUND.
#10 2.201 Please set them or make sure they are set and tested correctly in the CMake files:
#10 2.201 LIBLZMA_LIBRARY (ADVANCED)
#10 2.201     linked by target "libxml2_example" in directory /src/libprotobuf-mutator/examples/libxml2
#10 2.201 
#10 2.225 -- Generating done
#10 2.229 CMake Generate step failed.  Build files cannot be regenerated correctly.
#10 ERROR: executor failed running [/bin/sh -c (mkdir LPM && cd LPM && cmake ../libprotobuf-mutator -GNinja -DLIB_PROTO_MUTATOR_DOWNLOAD_PROTOBUF=ON -DLIB_PROTO_MUTATOR_TESTING=OFF -DCMAKE_BUILD_TYPE=Release && ninja)]: exit code: 1
------
 > importing cache manifest from gcr.io/fuzzbench/builders/benchmark/libpng-proto_libpng_transforms_fuzzer:
------
------
 > [6/7] RUN (mkdir LPM && cd LPM && cmake ../libprotobuf-mutator -GNinja -DLIB_PROTO_MUTATOR_DOWNLOAD_PROTOBUF=ON -DLIB_PROTO_MUTATOR_TESTING=OFF -DCMAKE_BUILD_TYPE=Release && ninja):
------
executor failed running [/bin/sh -c (mkdir LPM && cd LPM && cmake ../libprotobuf-mutator -GNinja -DLIB_PROTO_MUTATOR_DOWNLOAD_PROTOBUF=ON -DLIB_PROTO_MUTATOR_TESTING=OFF -DCMAKE_BUILD_TYPE=Release && ninja)]: exit code: 1
make: *** [docker/generated.mk:34171: .libpng-proto_libpng_transforms_fuzzer-project-builder] Error 1
