WARNING:root:gcloud not found in PATH.
INFO:root:Successfully integrated benchmark: syzkaller_syzkaller.
INFO:root:Please run "make test-run-afl-syzkaller_syzkaller" to test integration.
#1 [internal] load build definition from Dockerfile
#1 sha256:504dd9f388efa3c10a503bc0f16df8891574027d2666debc708d9d2fd5c9d285
#1 transferring dockerfile: 1.04kB done
#1 DONE 0.4s

#2 [internal] load .dockerignore
#2 sha256:33bb73b76f17dcbd9d2069bc282942f0cf14380cd4e7d98080e8616604f689bd
#2 transferring context: 2B done
#2 DONE 0.4s

#3 [internal] load metadata for gcr.io/oss-fuzz-base/base-builder:latest
#3 sha256:f10dc39cc9d418a5bc416dead31a1902b6821fdae909cd3b08f7a3fd1faba7b5
#3 DONE 0.3s

#10 [internal] load build context
#10 sha256:e417e316071a1701bed01124763cfb92da8ee574317480b44cd741e0d2d90bad
#10 DONE 0.0s

#5 [1/6] FROM gcr.io/oss-fuzz-base/base-builder@sha256:4ad017ca53699eda684c1c444948c93a4af848fe34baee3a765d3c4693fe6a56
#5 sha256:3f10b3978a3951f6e2692fa5e5890ee5a755650381dedece7198ed0b1dcdaa8c
#5 DONE 0.0s

#4 importing cache manifest from gcr.io/fuzzbench/builders/benchmark/syzkaller_syzkaller
#4 sha256:2f70156c2839b8d43720a7f858bda5d02bc7bc29ba2faef2f8d67689abb4e3f5
#4 ERROR: gcr.io/fuzzbench/builders/benchmark/syzkaller_syzkaller:latest: not found

#5 [1/6] FROM gcr.io/oss-fuzz-base/base-builder@sha256:4ad017ca53699eda684c1c444948c93a4af848fe34baee3a765d3c4693fe6a56
#5 sha256:3f10b3978a3951f6e2692fa5e5890ee5a755650381dedece7198ed0b1dcdaa8c
#5 CACHED

#10 [internal] load build context
#10 sha256:e417e316071a1701bed01124763cfb92da8ee574317480b44cd741e0d2d90bad
#10 transferring context: 1.50kB done
#10 DONE 0.1s

#6 [2/6] RUN go get -u -d github.com/google/syzkaller/...
#6 sha256:e991bd622cc015e92f48986c4e696b82664dba0b71e072b4d6df8a3994b9b863
#6 0.469 /bin/sh: 1: go: not found
#6 ERROR: executor failed running [/bin/sh -c go get -u -d github.com/google/syzkaller/...]: exit code: 127
------
 > importing cache manifest from gcr.io/fuzzbench/builders/benchmark/syzkaller_syzkaller:
------
------
 > [2/6] RUN go get -u -d github.com/google/syzkaller/...:
------
executor failed running [/bin/sh -c go get -u -d github.com/google/syzkaller/...]: exit code: 127
make: *** [docker/generated.mk:65311: .syzkaller_syzkaller-project-builder] Error 1
/bin/sh: 1: source: not found
#1 [internal] load build definition from Dockerfile
#1 sha256:539fb904f85ad787b082e98941329cc0bb7853c6047205e27a1dabb471b5b9d9
#1 transferring dockerfile: 32B done
#1 DONE 0.1s

#2 [internal] load .dockerignore
#2 sha256:84562c637450698152ea3649e73c7cdbc64f1e80b4c5fc64858fb5a4947d5343
#2 transferring context: 2B done
#2 DONE 0.1s

#3 [internal] load metadata for gcr.io/oss-fuzz-base/base-builder:latest
#3 sha256:f10dc39cc9d418a5bc416dead31a1902b6821fdae909cd3b08f7a3fd1faba7b5
#3 DONE 0.7s

#10 [internal] load build context
#10 sha256:c3a854a0c47b034bc7bee86569f8602b33ee80555a8f65eef9ea53af2ff5e4cf
#10 DONE 0.0s

#5 [1/6] FROM gcr.io/oss-fuzz-base/base-builder@sha256:4ad017ca53699eda684c1c444948c93a4af848fe34baee3a765d3c4693fe6a56
#5 sha256:3f10b3978a3951f6e2692fa5e5890ee5a755650381dedece7198ed0b1dcdaa8c
#5 DONE 0.0s

#4 importing cache manifest from gcr.io/fuzzbench/builders/benchmark/syzkaller_syzkaller
#4 sha256:2f70156c2839b8d43720a7f858bda5d02bc7bc29ba2faef2f8d67689abb4e3f5
#4 ERROR: gcr.io/fuzzbench/builders/benchmark/syzkaller_syzkaller:latest: not found

#5 [1/6] FROM gcr.io/oss-fuzz-base/base-builder@sha256:4ad017ca53699eda684c1c444948c93a4af848fe34baee3a765d3c4693fe6a56
#5 sha256:3f10b3978a3951f6e2692fa5e5890ee5a755650381dedece7198ed0b1dcdaa8c
#5 CACHED

#10 [internal] load build context
#10 sha256:c3a854a0c47b034bc7bee86569f8602b33ee80555a8f65eef9ea53af2ff5e4cf
#10 transferring context: 30B done
#10 DONE 0.3s

#6 [2/6] RUN go get -u -d github.com/google/syzkaller/...
#6 sha256:e991bd622cc015e92f48986c4e696b82664dba0b71e072b4d6df8a3994b9b863
#6 0.590 /bin/sh: 1: go: not found
#6 ERROR: executor failed running [/bin/sh -c go get -u -d github.com/google/syzkaller/...]: exit code: 127
------
 > importing cache manifest from gcr.io/fuzzbench/builders/benchmark/syzkaller_syzkaller:
------
------
 > [2/6] RUN go get -u -d github.com/google/syzkaller/...:
------
executor failed running [/bin/sh -c go get -u -d github.com/google/syzkaller/...]: exit code: 127
make: *** [docker/generated.mk:65311: .syzkaller_syzkaller-project-builder] Error 1
