WARNING:root:gcloud not found in PATH.
INFO:root:Successfully integrated benchmark: racket_racket.
INFO:root:Please run "make test-run-afl-racket_racket" to test integration.
#2 [internal] load .dockerignore
#2 sha256:b4c26dd28e9e6201da0ec7791e56995e4f378dae9a0b6f6c2a45b3f120b081f4
#2 transferring context: 2B done
#2 DONE 0.9s

#1 [internal] load build definition from Dockerfile
#1 sha256:3de8c960f8f1926843c13361322687eba7a76cfa3fc46df8567233f3370bd274
#1 transferring dockerfile: 2B done
#1 DONE 0.9s
failed to solve with frontend dockerfile.v0: failed to read dockerfile: open /var/lib/docker/tmp/buildkit-mount116140810/Dockerfile: no such file or directory
make: *** [docker/generated.mk:59226: .racket_racket-project-builder] Error 1
/bin/sh: 1: source: not found
#2 [internal] load .dockerignore
#2 sha256:44a48d2e9a9828e185d8dc56e207f2722e54d81acc3de18c43981028a6d8683d
#2 transferring context: 2B done
#2 ...

#1 [internal] load build definition from Dockerfile
#1 sha256:e768ef5b86edc56d88002751c158bfb7af15e6dbe63de3320d2815ae569e492d
#1 transferring dockerfile: 2B done
#1 DONE 0.3s

#2 [internal] load .dockerignore
#2 sha256:44a48d2e9a9828e185d8dc56e207f2722e54d81acc3de18c43981028a6d8683d
#2 DONE 0.4s
failed to solve with frontend dockerfile.v0: failed to read dockerfile: open /var/lib/docker/tmp/buildkit-mount471990580/Dockerfile: no such file or directory
make: *** [docker/generated.mk:59226: .racket_racket-project-builder] Error 1
