WARNING:root:gcloud not found in PATH.
INFO:root:Successfully integrated benchmark: hermes_hermes.
INFO:root:Please run "make test-run-afl-hermes_hermes" to test integration.
#2 [internal] load .dockerignore
#2 sha256:734daaf8c4d418dcdcdb90bfcb22fbf23a7054e9d18fefd61c71fe2a9e5d62ca
#2 transferring context:
#2 transferring context: 2B done
#2 DONE 0.4s

#1 [internal] load build definition from Dockerfile
#1 sha256:ff4f82a0eb96e30c6a89d579d7668cdf724a31a8d04edfc76c008e5d3f0f3483
#1 transferring dockerfile: 1.01kB done
#1 DONE 0.4s

#3 [internal] load metadata for gcr.io/oss-fuzz-base/base-builder:latest
#3 sha256:f10dc39cc9d418a5bc416dead31a1902b6821fdae909cd3b08f7a3fd1faba7b5
#3 DONE 0.5s

#9 [internal] load build context
#9 sha256:f1d87ff091d4b56cb7199ce41cbc52903e227a44f08e9e2967b343a046a5cc31
#9 DONE 0.0s

#5 [1/5] FROM gcr.io/oss-fuzz-base/base-builder@sha256:f4e5ea12494fab091c5d830cf803b3421f2860f729b9d1b07da44924396cf8cf
#5 sha256:ef290950573a2779ee526af357b28fbddfc20d7409aa51f58f777c9e972cba29
#5 DONE 0.0s

#4 importing cache manifest from gcr.io/fuzzbench/builders/benchmark/hermes_hermes
#4 sha256:32e0bda97e4844d4376724c4ba5dfc143944afb264aea24436188d02f86c9baa
#4 ERROR: gcr.io/fuzzbench/builders/benchmark/hermes_hermes:latest: not found

#5 [1/5] FROM gcr.io/oss-fuzz-base/base-builder@sha256:f4e5ea12494fab091c5d830cf803b3421f2860f729b9d1b07da44924396cf8cf
#5 sha256:ef290950573a2779ee526af357b28fbddfc20d7409aa51f58f777c9e972cba29
#5 CACHED

#9 [internal] load build context
#9 sha256:f1d87ff091d4b56cb7199ce41cbc52903e227a44f08e9e2967b343a046a5cc31
#9 transferring context: 1.21kB done
#9 DONE 0.3s

#6 [2/5] RUN apt-get update &&     apt-get install -y make autoconf automake libtool wget libicu-dev     ninja-build python zip libreadline-dev libatomic-ops-dev
#6 sha256:2b15c830703af49ad6ea4382df8ad18f4e57d3992c6ffb875760cbda9357a785
#6 0.775 Hit:1 http://archive.ubuntu.com/ubuntu focal InRelease
#6 0.775 Get:2 http://archive.ubuntu.com/ubuntu focal-updates InRelease [114 kB]
#6 0.775 Get:3 http://security.ubuntu.com/ubuntu focal-security InRelease [114 kB]
#6 0.775 Hit:4 http://ppa.launchpad.net/git-core/ppa/ubuntu focal InRelease
#6 0.859 Get:5 http://archive.ubuntu.com/ubuntu focal-backports InRelease [108 kB]
#6 1.313 Get:6 http://security.ubuntu.com/ubuntu focal-security/main amd64 Packages [1546 kB]
#6 1.476 Get:7 http://archive.ubuntu.com/ubuntu focal-updates/main amd64 Packages [1973 kB]
#6 1.483 Get:8 http://security.ubuntu.com/ubuntu focal-security/universe i386 Packages [657 kB]
#6 1.542 Get:9 http://security.ubuntu.com/ubuntu focal-security/universe amd64 Packages [840 kB]
#6 1.779 Get:10 http://archive.ubuntu.com/ubuntu focal-updates/main i386 Packages [752 kB]
#6 1.836 Get:11 http://archive.ubuntu.com/ubuntu focal-updates/universe amd64 Packages [1134 kB]
#6 1.921 Get:12 http://archive.ubuntu.com/ubuntu focal-updates/universe i386 Packages [827 kB]
#6 2.205 Fetched 8065 kB in 1s (5512 kB/s)
#6 2.205 Reading package lists...
#6 3.702 Reading package lists...
#6 5.120 Building dependency tree...
#6 5.333 Reading state information...
#6 5.542 make is already the newest version (4.2.1-1.2).
#6 5.542 make set to manually installed.
#6 5.542 zip is already the newest version (3.0-11build1).
#6 5.542 wget is already the newest version (1.20.3-1ubuntu2).
#6 5.542 The following additional packages will be installed:
#6 5.543   autotools-dev icu-devtools libltdl-dev libltdl7 libncurses-dev
#6 5.543   libpython2-stdlib libpython2.7-minimal libpython2.7-stdlib libsigsegv2 m4
#6 5.544   python2 python2-minimal python2.7 python2.7-minimal
#6 5.546 Suggested packages:
#6 5.546   autoconf-archive gnu-standards autoconf-doc gettext icu-doc libtool-doc
#6 5.546   ncurses-doc readline-doc gfortran | fortran95-compiler gcj-jdk m4-doc
#6 5.546   python2-doc python-tk python2.7-doc binfmt-support
#6 5.699 The following NEW packages will be installed:
#6 5.700   autoconf automake autotools-dev icu-devtools libatomic-ops-dev libicu-dev
#6 5.700   libltdl-dev libltdl7 libncurses-dev libpython2-stdlib libpython2.7-minimal
#6 5.701   libpython2.7-stdlib libreadline-dev libsigsegv2 libtool m4 ninja-build
#6 5.702   python-is-python2 python2 python2-minimal python2.7 python2.7-minimal
#6 5.774 0 upgraded, 22 newly installed, 0 to remove and 2 not upgraded.
#6 5.774 Need to get 15.6 MB of archives.
#6 5.774 After this operation, 72.8 MB of additional disk space will be used.
#6 5.774 Get:1 http://archive.ubuntu.com/ubuntu focal-updates/universe amd64 libpython2.7-minimal amd64 2.7.18-1~20.04.1 [335 kB]
#6 5.904 Get:2 http://archive.ubuntu.com/ubuntu focal-updates/universe amd64 python2.7-minimal amd64 2.7.18-1~20.04.1 [1285 kB]
#6 6.000 Get:3 http://archive.ubuntu.com/ubuntu focal/universe amd64 python2-minimal amd64 2.7.17-2ubuntu4 [27.5 kB]
#6 6.001 Get:4 http://archive.ubuntu.com/ubuntu focal-updates/universe amd64 libpython2.7-stdlib amd64 2.7.18-1~20.04.1 [1887 kB]
#6 6.144 Get:5 http://archive.ubuntu.com/ubuntu focal-updates/universe amd64 python2.7 amd64 2.7.18-1~20.04.1 [248 kB]
#6 6.162 Get:6 http://archive.ubuntu.com/ubuntu focal/universe amd64 libpython2-stdlib amd64 2.7.17-2ubuntu4 [7072 B]
#6 6.163 Get:7 http://archive.ubuntu.com/ubuntu focal/universe amd64 python2 amd64 2.7.17-2ubuntu4 [26.5 kB]
#6 6.165 Get:8 http://archive.ubuntu.com/ubuntu focal/main amd64 libsigsegv2 amd64 2.12-2 [13.9 kB]
#6 6.166 Get:9 http://archive.ubuntu.com/ubuntu focal/main amd64 m4 amd64 1.4.18-4 [199 kB]
#6 6.181 Get:10 http://archive.ubuntu.com/ubuntu focal/main amd64 autoconf all 2.69-11.1 [321 kB]
#6 6.205 Get:11 http://archive.ubuntu.com/ubuntu focal/main amd64 autotools-dev all 20180224.1 [39.6 kB]
#6 6.208 Get:12 http://archive.ubuntu.com/ubuntu focal/main amd64 automake all 1:1.16.1-4ubuntu6 [522 kB]
#6 6.248 Get:13 http://archive.ubuntu.com/ubuntu focal-updates/main amd64 icu-devtools amd64 66.1-2ubuntu2.1 [189 kB]
#6 6.262 Get:14 http://archive.ubuntu.com/ubuntu focal/main amd64 libatomic-ops-dev amd64 7.6.10-1ubuntu2 [77.1 kB]
#6 6.267 Get:15 http://archive.ubuntu.com/ubuntu focal-updates/main amd64 libicu-dev amd64 66.1-2ubuntu2.1 [9451 kB]
#6 6.979 Get:16 http://archive.ubuntu.com/ubuntu focal/main amd64 libltdl7 amd64 2.4.6-14 [38.5 kB]
#6 6.980 Get:17 http://archive.ubuntu.com/ubuntu focal/main amd64 libltdl-dev amd64 2.4.6-14 [162 kB]
#6 6.992 Get:18 http://archive.ubuntu.com/ubuntu focal/main amd64 libncurses-dev amd64 6.2-0ubuntu2 [339 kB]
#6 7.018 Get:19 http://archive.ubuntu.com/ubuntu focal/main amd64 libreadline-dev amd64 8.0-4 [141 kB]
#6 7.029 Get:20 http://archive.ubuntu.com/ubuntu focal/main amd64 libtool all 2.4.6-14 [161 kB]
#6 7.041 Get:21 http://archive.ubuntu.com/ubuntu focal/universe amd64 ninja-build amd64 1.10.0-1build1 [107 kB]
#6 7.049 Get:22 http://archive.ubuntu.com/ubuntu focal/universe amd64 python-is-python2 all 2.7.17-4 [2496 B]
#6 7.310 debconf: delaying package configuration, since apt-utils is not installed
#6 7.394 Fetched 15.6 MB in 1s (11.7 MB/s)
#6 7.499 Selecting previously unselected package libpython2.7-minimal:amd64.
#6 7.499 (Reading database ... (Reading database ... 5%(Reading database ... 10%(Reading database ... 15%(Reading database ... 20%(Reading database ... 25%(Reading database ... 30%(Reading database ... 35%(Reading database ... 40%(Reading database ... 45%(Reading database ... 50%(Reading database ... 55%(Reading database ... 60%(Reading database ... 65%(Reading database ... 70%(Reading database ... 75%(Reading database ... 80%(Reading database ... 85%(Reading database ... 90%(Reading database ... 95%(Reading database ... 100%(Reading database ... 21291 files and directories currently installed.)
#6 7.520 Preparing to unpack .../0-libpython2.7-minimal_2.7.18-1~20.04.1_amd64.deb ...
#6 7.533 Unpacking libpython2.7-minimal:amd64 (2.7.18-1~20.04.1) ...
#6 7.727 Selecting previously unselected package python2.7-minimal.
#6 7.730 Preparing to unpack .../1-python2.7-minimal_2.7.18-1~20.04.1_amd64.deb ...
#6 7.751 Unpacking python2.7-minimal (2.7.18-1~20.04.1) ...
#6 8.007 Selecting previously unselected package python2-minimal.
#6 8.010 Preparing to unpack .../2-python2-minimal_2.7.17-2ubuntu4_amd64.deb ...
#6 8.021 Unpacking python2-minimal (2.7.17-2ubuntu4) ...
#6 8.134 Selecting previously unselected package libpython2.7-stdlib:amd64.
#6 8.137 Preparing to unpack .../3-libpython2.7-stdlib_2.7.18-1~20.04.1_amd64.deb ...
#6 8.154 Unpacking libpython2.7-stdlib:amd64 (2.7.18-1~20.04.1) ...
#6 8.629 Selecting previously unselected package python2.7.
#6 8.633 Preparing to unpack .../4-python2.7_2.7.18-1~20.04.1_amd64.deb ...
#6 8.651 Unpacking python2.7 (2.7.18-1~20.04.1) ...
#6 8.823 Selecting previously unselected package libpython2-stdlib:amd64.
#6 8.827 Preparing to unpack .../5-libpython2-stdlib_2.7.17-2ubuntu4_amd64.deb ...
#6 8.844 Unpacking libpython2-stdlib:amd64 (2.7.17-2ubuntu4) ...
#6 8.981 Setting up libpython2.7-minimal:amd64 (2.7.18-1~20.04.1) ...
#6 9.071 Setting up python2.7-minimal (2.7.18-1~20.04.1) ...
#6 9.517 Setting up python2-minimal (2.7.17-2ubuntu4) ...
#6 9.697 Selecting previously unselected package python2.
#6 9.697 (Reading database ... (Reading database ... 5%(Reading database ... 10%(Reading database ... 15%(Reading database ... 20%(Reading database ... 25%(Reading database ... 30%(Reading database ... 35%(Reading database ... 40%(Reading database ... 45%(Reading database ... 50%(Reading database ... 55%(Reading database ... 60%(Reading database ... 65%(Reading database ... 70%(Reading database ... 75%(Reading database ... 80%(Reading database ... 85%(Reading database ... 90%(Reading database ... 95%(Reading database ... 100%(Reading database ... 22038 files and directories currently installed.)
#6 9.718 Preparing to unpack .../00-python2_2.7.17-2ubuntu4_amd64.deb ...
#6 9.741 Unpacking python2 (2.7.17-2ubuntu4) ...
#6 9.862 Selecting previously unselected package libsigsegv2:amd64.
#6 9.866 Preparing to unpack .../01-libsigsegv2_2.12-2_amd64.deb ...
#6 9.896 Unpacking libsigsegv2:amd64 (2.12-2) ...
#6 9.989 Selecting previously unselected package m4.
#6 9.992 Preparing to unpack .../02-m4_1.4.18-4_amd64.deb ...
#6 10.01 Unpacking m4 (1.4.18-4) ...
#6 10.12 Selecting previously unselected package autoconf.
#6 10.12 Preparing to unpack .../03-autoconf_2.69-11.1_all.deb ...
#6 10.13 Unpacking autoconf (2.69-11.1) ...
#6 10.27 Selecting previously unselected package autotools-dev.
#6 10.27 Preparing to unpack .../04-autotools-dev_20180224.1_all.deb ...
#6 10.29 Unpacking autotools-dev (20180224.1) ...
#6 10.39 Selecting previously unselected package automake.
#6 10.39 Preparing to unpack .../05-automake_1%3a1.16.1-4ubuntu6_all.deb ...
#6 10.41 Unpacking automake (1:1.16.1-4ubuntu6) ...
#6 10.58 Selecting previously unselected package icu-devtools.
#6 10.58 Preparing to unpack .../06-icu-devtools_66.1-2ubuntu2.1_amd64.deb ...
#6 10.59 Unpacking icu-devtools (66.1-2ubuntu2.1) ...
#6 10.69 Selecting previously unselected package libatomic-ops-dev.
#6 10.70 Preparing to unpack .../07-libatomic-ops-dev_7.6.10-1ubuntu2_amd64.deb ...
#6 10.71 Unpacking libatomic-ops-dev (7.6.10-1ubuntu2) ...
#6 10.83 Selecting previously unselected package libicu-dev:amd64.
#6 10.83 Preparing to unpack .../08-libicu-dev_66.1-2ubuntu2.1_amd64.deb ...
#6 10.84 Unpacking libicu-dev:amd64 (66.1-2ubuntu2.1) ...
#6 12.03 Selecting previously unselected package libltdl7:amd64.
#6 12.03 Preparing to unpack .../09-libltdl7_2.4.6-14_amd64.deb ...
#6 12.05 Unpacking libltdl7:amd64 (2.4.6-14) ...
#6 12.16 Selecting previously unselected package libltdl-dev:amd64.
#6 12.16 Preparing to unpack .../10-libltdl-dev_2.4.6-14_amd64.deb ...
#6 12.18 Unpacking libltdl-dev:amd64 (2.4.6-14) ...
#6 12.80 Selecting previously unselected package libncurses-dev:amd64.
#6 12.80 Preparing to unpack .../11-libncurses-dev_6.2-0ubuntu2_amd64.deb ...
#6 12.82 Unpacking libncurses-dev:amd64 (6.2-0ubuntu2) ...
#6 12.99 Selecting previously unselected package libreadline-dev:amd64.
#6 12.99 Preparing to unpack .../12-libreadline-dev_8.0-4_amd64.deb ...
#6 13.01 Unpacking libreadline-dev:amd64 (8.0-4) ...
#6 13.15 Selecting previously unselected package libtool.
#6 13.15 Preparing to unpack .../13-libtool_2.4.6-14_all.deb ...
#6 13.17 Unpacking libtool (2.4.6-14) ...
#6 13.29 Selecting previously unselected package ninja-build.
#6 13.29 Preparing to unpack .../14-ninja-build_1.10.0-1build1_amd64.deb ...
#6 13.31 Unpacking ninja-build (1.10.0-1build1) ...
#6 13.44 Selecting previously unselected package python-is-python2.
#6 13.44 Preparing to unpack .../15-python-is-python2_2.7.17-4_all.deb ...
#6 13.46 Unpacking python-is-python2 (2.7.17-4) ...
#6 13.58 Setting up libncurses-dev:amd64 (6.2-0ubuntu2) ...
#6 13.62 Setting up libreadline-dev:amd64 (8.0-4) ...
#6 13.66 Setting up ninja-build (1.10.0-1build1) ...
#6 13.70 Setting up libpython2.7-stdlib:amd64 (2.7.18-1~20.04.1) ...
#6 13.74 Setting up autotools-dev (20180224.1) ...
#6 13.79 Setting up libsigsegv2:amd64 (2.12-2) ...
#6 13.84 Setting up icu-devtools (66.1-2ubuntu2.1) ...
#6 13.89 Setting up libltdl7:amd64 (2.4.6-14) ...
#6 13.93 Setting up libatomic-ops-dev (7.6.10-1ubuntu2) ...
#6 13.96 Setting up libicu-dev:amd64 (66.1-2ubuntu2.1) ...
#6 14.00 Setting up python2.7 (2.7.18-1~20.04.1) ...
#6 14.97 Setting up libtool (2.4.6-14) ...
#6 14.99 Setting up libpython2-stdlib:amd64 (2.7.17-2ubuntu4) ...
#6 15.04 Setting up m4 (1.4.18-4) ...
#6 15.09 Setting up python2 (2.7.17-2ubuntu4) ...
#6 15.14 Setting up autoconf (2.69-11.1) ...
#6 15.19 Setting up python-is-python2 (2.7.17-4) ...
#6 15.23 Setting up automake (1:1.16.1-4ubuntu6) ...
#6 15.26 update-alternatives: using /usr/bin/automake-1.16 to provide /usr/bin/automake (automake) in auto mode
#6 15.26 update-alternatives: warning: skip creation of /usr/share/man/man1/automake.1.gz because associated file /usr/share/man/man1/automake-1.16.1.gz (of link group automake) doesn't exist
#6 15.26 update-alternatives: warning: skip creation of /usr/share/man/man1/aclocal.1.gz because associated file /usr/share/man/man1/aclocal-1.16.1.gz (of link group automake) doesn't exist
#6 15.29 Setting up libltdl-dev:amd64 (2.4.6-14) ...
#6 15.31 Processing triggers for libc-bin (2.31-0ubuntu9.2) ...
#6 15.39 Processing triggers for mime-support (3.64ubuntu1) ...
#6 DONE 16.9s

#7 [3/5] RUN git clone https://github.com/facebook/hermes.git
#7 sha256:22ee937d70159e331c9c232393fe75ff00079c39638fbe65cbaf874489929d24
#7 0.596 Cloning into 'hermes'...
#7 DONE 9.4s

#8 [4/5] WORKDIR hermes
#8 sha256:26021147af1b52f90b4d924712d0a9f491a515f3091780e73fae17f22ebc8df0
#8 DONE 0.1s

#10 [5/5] COPY build.sh /src/
#10 sha256:2b10a0d1346eeb161738fc8f79def140a05eb3823b37546e5f7de0a6653cb826
#10 DONE 0.2s

#11 exporting to image
#11 sha256:e8c613e07b0b7ff33893b694f7759a10d42e180f2b4dc349fb57dc6b71dcab00
#11 exporting layers done
#11 writing image sha256:0f7fcccab9f9b5a948b8de15092e03e453d9d9ffed86bc4e25a8d5c3c81503da
#11 writing image sha256:0f7fcccab9f9b5a948b8de15092e03e453d9d9ffed86bc4e25a8d5c3c81503da 0.0s done
#11 naming to gcr.io/fuzzbench/builders/benchmark/hermes_hermes done
#11 DONE 0.3s

#12 exporting cache
#12 sha256:2700d4ef94dee473593c5c614b55b2dedcca7893909811a8f2b48291a1f581e4
#12 preparing build cache for export done
#12 DONE 0.0s
------
 > importing cache manifest from gcr.io/fuzzbench/builders/benchmark/hermes_hermes:
------
#1 [internal] load build definition from builder.Dockerfile
#1 sha256:63b1cfff337a917438fdf350ac21e04f10cb031061ab8f5f1acb034af1a154e8
#1 transferring dockerfile: 1.35kB done
#1 DONE 0.1s

#2 [internal] load .dockerignore
#2 sha256:810c8667b6eac004be5fdc54dbb0a789f315627b3c1b17f8acad7e56ff26fa42
#2 transferring context: 2B done
#2 DONE 0.1s

#3 [internal] load metadata for gcr.io/fuzzbench/builders/benchmark/hermes_hermes:latest
#3 sha256:1e66f7c1e0ea9c3599798ddb302383d80b60bfc06c808d6c6946289ff7d909a3
#3 DONE 0.0s

#5 [1/3] FROM gcr.io/fuzzbench/builders/benchmark/hermes_hermes
#5 sha256:c927fcebce01c0a042a9f0d06ca6ce25f9222d03d9defdb3b8dd736aa5e204e3
#5 DONE 0.0s

#4 importing cache manifest from gcr.io/fuzzbench/builders/afl/hermes_hermes-intermediate
#4 sha256:6999862fde588d500362a2afa03ed926999a434225cbd26409488b623ddea20e
#4 ERROR: gcr.io/fuzzbench/builders/afl/hermes_hermes-intermediate:latest: not found

#5 [1/3] FROM gcr.io/fuzzbench/builders/benchmark/hermes_hermes
#5 sha256:c927fcebce01c0a042a9f0d06ca6ce25f9222d03d9defdb3b8dd736aa5e204e3
#5 DONE 0.9s

#6 [2/3] RUN git clone https://github.com/google/AFL.git /afl &&     cd /afl &&     git checkout 61037103ae3722c8060ff7082994836a794f978e &&     AFL_NO_X86=1 make
#6 sha256:ec362fa50e3d5648ab59489da759a0807e44517cdad4cc539c6cd562a95d0ceb
#6 0.471 Cloning into '/afl'...
#6 1.404 Note: switching to '61037103ae3722c8060ff7082994836a794f978e'.
#6 1.404 
#6 1.404 You are in 'detached HEAD' state. You can look around, make experimental
#6 1.404 changes and commit them, and you can discard any commits you make in this
#6 1.404 state without impacting any branches by switching back to a branch.
#6 1.404 
#6 1.404 If you want to create a new branch to retain commits you create, you may
#6 1.404 do so (now or later) by using -c with the switch command. Example:
#6 1.404 
#6 1.404   git switch -c <new-branch-name>
#6 1.404 
#6 1.404 Or undo this operation with:
#6 1.404 
#6 1.404   git switch -
#6 1.404 
#6 1.404 Turn off this advice by setting config variable advice.detachedHead to false
#6 1.404 
#6 1.404 HEAD is now at 6103710 Fix a typo filename comparison in the fuzzer (#139)
#6 1.420 [!] Note: skipping x86 compilation checks (AFL_NO_X86 set).
#6 1.421 clang -O1 -fno-omit-frame-pointer -gline-tables-only -DFUZZING_BUILD_MODE_UNSAFE_FOR_PRODUCTION -Wall -D_FORTIFY_SOURCE=2 -g -Wno-pointer-sign -DAFL_PATH=\"/usr/local/lib/afl\" -DDOC_PATH=\"/usr/local/share/doc/afl\" -DBIN_PATH=\"/usr/local/bin\" afl-gcc.c -o afl-gcc -ldl
#6 1.600 set -e; for i in afl-g++ afl-clang afl-clang++; do ln -sf afl-gcc $i; done
#6 1.605 clang -O1 -fno-omit-frame-pointer -gline-tables-only -DFUZZING_BUILD_MODE_UNSAFE_FOR_PRODUCTION -Wall -D_FORTIFY_SOURCE=2 -g -Wno-pointer-sign -DAFL_PATH=\"/usr/local/lib/afl\" -DDOC_PATH=\"/usr/local/share/doc/afl\" -DBIN_PATH=\"/usr/local/bin\" afl-fuzz.c -o afl-fuzz -ldl
#6 3.985 clang -O1 -fno-omit-frame-pointer -gline-tables-only -DFUZZING_BUILD_MODE_UNSAFE_FOR_PRODUCTION -Wall -D_FORTIFY_SOURCE=2 -g -Wno-pointer-sign -DAFL_PATH=\"/usr/local/lib/afl\" -DDOC_PATH=\"/usr/local/share/doc/afl\" -DBIN_PATH=\"/usr/local/bin\" afl-showmap.c -o afl-showmap -ldl
#6 4.298 clang -O1 -fno-omit-frame-pointer -gline-tables-only -DFUZZING_BUILD_MODE_UNSAFE_FOR_PRODUCTION -Wall -D_FORTIFY_SOURCE=2 -g -Wno-pointer-sign -DAFL_PATH=\"/usr/local/lib/afl\" -DDOC_PATH=\"/usr/local/share/doc/afl\" -DBIN_PATH=\"/usr/local/bin\" afl-tmin.c -o afl-tmin -ldl
#6 4.726 clang -O1 -fno-omit-frame-pointer -gline-tables-only -DFUZZING_BUILD_MODE_UNSAFE_FOR_PRODUCTION -Wall -D_FORTIFY_SOURCE=2 -g -Wno-pointer-sign -DAFL_PATH=\"/usr/local/lib/afl\" -DDOC_PATH=\"/usr/local/share/doc/afl\" -DBIN_PATH=\"/usr/local/bin\" afl-gotcpu.c -o afl-gotcpu -ldl
#6 4.876 clang -O1 -fno-omit-frame-pointer -gline-tables-only -DFUZZING_BUILD_MODE_UNSAFE_FOR_PRODUCTION -Wall -D_FORTIFY_SOURCE=2 -g -Wno-pointer-sign -DAFL_PATH=\"/usr/local/lib/afl\" -DDOC_PATH=\"/usr/local/share/doc/afl\" -DBIN_PATH=\"/usr/local/bin\" afl-analyze.c -o afl-analyze -ldl
#6 5.269 clang -O1 -fno-omit-frame-pointer -gline-tables-only -DFUZZING_BUILD_MODE_UNSAFE_FOR_PRODUCTION -Wall -D_FORTIFY_SOURCE=2 -g -Wno-pointer-sign -DAFL_PATH=\"/usr/local/lib/afl\" -DDOC_PATH=\"/usr/local/share/doc/afl\" -DBIN_PATH=\"/usr/local/bin\" afl-as.c -o afl-as -ldl
#6 5.509 ln -sf afl-as as
#6 5.511 [!] Note: skipping build tests (you may need to use LLVM or QEMU mode).
#6 5.514 [+] LLVM users: see llvm_mode/README.llvm for a faster alternative to afl-gcc.
#6 5.515 [+] All done! Be sure to review README - it's pretty short and useful.
#6 DONE 6.0s

#7 [3/3] RUN apt-get update &&     apt-get install wget -y &&     wget https://raw.githubusercontent.com/llvm/llvm-project/5feb80e748924606531ba28c97fe65145c65372e/compiler-rt/lib/fuzzer/afl/afl_driver.cpp -O /afl/afl_driver.cpp &&     clang -Wno-pointer-sign -c /afl/llvm_mode/afl-llvm-rt.o.c -I/afl &&     clang++ -stdlib=libc++ -std=c++11 -O2 -c /afl/afl_driver.cpp &&     ar r /libAFL.a *.o
#7 sha256:15c1aec074c499cd85cf1a8618d2e5d287aff2a5bb67d3bf70dc35366d59b548
#7 0.763 Hit:1 http://security.ubuntu.com/ubuntu focal-security InRelease
#7 0.763 Hit:2 http://archive.ubuntu.com/ubuntu focal InRelease
#7 0.763 Hit:3 http://archive.ubuntu.com/ubuntu focal-updates InRelease
#7 0.763 Hit:4 http://ppa.launchpad.net/git-core/ppa/ubuntu focal InRelease
#7 0.773 Hit:5 http://archive.ubuntu.com/ubuntu focal-backports InRelease
#7 1.660 Reading package lists...
#7 3.152 Reading package lists...
#7 4.601 Building dependency tree...
#7 4.818 Reading state information...
#7 5.071 wget is already the newest version (1.20.3-1ubuntu2).
#7 5.071 0 upgraded, 0 newly installed, 0 to remove and 2 not upgraded.
#7 5.076 --2022-02-15 12:07:56--  https://raw.githubusercontent.com/llvm/llvm-project/5feb80e748924606531ba28c97fe65145c65372e/compiler-rt/lib/fuzzer/afl/afl_driver.cpp
#7 5.079 Resolving raw.githubusercontent.com (raw.githubusercontent.com)... 185.199.111.133, 185.199.108.133, 185.199.109.133, ...
#7 5.090 Connecting to raw.githubusercontent.com (raw.githubusercontent.com)|185.199.111.133|:443... connected.
#7 5.120 HTTP request sent, awaiting response... 200 OK
#7 5.304 Length: 9177 (9.0K) [text/plain]
#7 5.304 Saving to: '/afl/afl_driver.cpp'
#7 5.305 
#7 5.305      0K ........                                              100% 12.0M=0.001s
#7 5.305 
#7 5.305 2022-02-15 12:07:56 (12.0 MB/s) - '/afl/afl_driver.cpp' saved [9177/9177]
#7 5.305 
#7 7.074 ar: creating /libAFL.a
#7 DONE 7.3s

#8 exporting to image
#8 sha256:e8c613e07b0b7ff33893b694f7759a10d42e180f2b4dc349fb57dc6b71dcab00
#8 exporting layers done
#8 writing image sha256:84cf25c9f4ec6179b3719f9b5c7c73b807ffc2d17be68bda3add3e46b70f7479 0.0s done
#8 naming to gcr.io/fuzzbench/builders/afl/hermes_hermes-intermediate done
#8 DONE 0.2s

#9 exporting cache
#9 sha256:2700d4ef94dee473593c5c614b55b2dedcca7893909811a8f2b48291a1f581e4
#9 preparing build cache for export done
#9 DONE 0.0s
------
 > importing cache manifest from gcr.io/fuzzbench/builders/afl/hermes_hermes-intermediate:
------
#2 [internal] load .dockerignore
#2 sha256:c62f6994b57fc5595c0540d318658e82f88af86f2bace105e14c7ac38ac96717
#2 transferring context: 34B done
#2 DONE 0.2s

#1 [internal] load build definition from Dockerfile
#1 sha256:1c1b1e742ab971aef6523b4388ec6cd5c74d9b5b1063f74292f1b151219c2e2e
#1 transferring dockerfile: 2.00kB done
#1 DONE 0.2s

#3 [internal] load metadata for docker.io/library/ubuntu:xenial
#3 sha256:f62bae18ed588840f045c881b2502661f2a89578a2f8f99b83f5200ee83dd25b
#3 DONE 0.0s

#5 [1/7] FROM docker.io/library/ubuntu:xenial
#5 sha256:14dd403f25ae9e519bd44f27dc17af7ce80f5a4f9f48ca88108364e67ec5d360
#5 DONE 0.0s

#4 importing cache manifest from gcr.io/fuzzbench/base-image
#4 sha256:9b220ebb4d4daceed1b96df9b6dca076e762f1cd612574f010b82d5b9e5ad896
#4 DONE 0.0s

#8 [internal] load build context
#8 sha256:412f5166f100bc6d6501ee8ae4015ea71c8fab5122b09f07fb8fca822e1e8b0a
#8 transferring context: 559B 0.1s done
#8 DONE 0.2s

#6 [2/7] RUN apt-get update -y && apt-get install -y     build-essential     rsync     curl     zlib1g-dev     libncurses5-dev     libgdbm-dev     libnss3-dev     libssl-dev     libreadline-dev     libffi-dev     virtualenv     libbz2-dev     liblzma-dev     libsqlite3-dev
#6 sha256:3a1b0960f17eed529eaae93dc8fd3554f2743dd584d8fa569cdbe6bc734371ac
#6 CACHED

#7 [3/7] RUN cd /tmp/ &&     curl -O https://www.python.org/ftp/python/3.8.6/Python-3.8.6.tar.xz &&     tar -xvf Python-3.8.6.tar.xz &&     cd Python-3.8.6 &&     ./configure --enable-loadable-sqlite-extensions --enable-optimizations &&     make -j install &&     rm -r /tmp/Python-3.8.6.tar.xz /tmp/Python-3.8.6
#7 sha256:c5b9d1fb3371e84dbc60b76e7b2f8d5913bc93bcd4910ab65daa03e7b2ec4bb0
#7 CACHED

#9 [4/7] COPY ./requirements.txt /
#9 sha256:a00206e55f90ecbf7fefe62643522713a40bb9847d46052203400adbf8481b07
#9 CACHED

#10 [5/7] RUN pip3 install -r /requirements.txt
#10 sha256:7f1eeb6ae53495e36ed2b6a722785f24e7a16ab69cd0c39c30635111010cd97b
#10 CACHED

#11 [6/7] RUN apt-get update -y && apt-get install -y     apt-transport-https     lsb-release
#11 sha256:fc5fa70f53b60205fe50f6f8008a69a31a68ea17316e2c6075c49d8500406cb4
#11 CACHED

#12 [7/7] RUN CLOUD_SDK_REPO="cloud-sdk-$(lsb_release -c -s)" &&     echo "deb https://packages.cloud.google.com/apt $CLOUD_SDK_REPO main"     | tee -a /etc/apt/sources.list.d/google-cloud-sdk.list &&     curl https://packages.cloud.google.com/apt/doc/apt-key.gpg     | apt-key add - &&     apt-get update -y &&     apt-get install -y google-cloud-sdk
#12 sha256:a57e3342cbc973e70677c5878b8b657da4aae6f727f1b797a6186435d8d3b424
#12 CACHED

#13 exporting to image
#13 sha256:e8c613e07b0b7ff33893b694f7759a10d42e180f2b4dc349fb57dc6b71dcab00
#13 exporting layers done
#13 writing image sha256:3e04b5fd0a277df2bc5cd3367dbf9178b152077681f3e4447621291a56e5d56f 0.0s done
#13 naming to gcr.io/fuzzbench/base-image done
#13 DONE 0.1s

#14 exporting cache
#14 sha256:2700d4ef94dee473593c5c614b55b2dedcca7893909811a8f2b48291a1f581e4
#14 preparing build cache for export done
#14 DONE 0.0s
#1 [internal] load build definition from Dockerfile
#1 sha256:440173d78f5fab94baa0836267194799ffad635dfb6c76443d75a8bc6d23b60b
#1 transferring dockerfile: 2.22kB done
#1 DONE 0.1s

#2 [internal] load .dockerignore
#2 sha256:43dad417de0fd13c9fb95ac10b55d56ceb83698e1eac4610b82d43c79e7c11d1
#2 transferring context: 34B done
#2 DONE 0.1s

#3 [internal] load metadata for gcr.io/fuzzbench/base-image:latest
#3 sha256:932022888f650cc455b10eb5123bb08c0cccacac29a693e69314abbfd28a72c3
#3 DONE 0.0s

#4 [internal] load metadata for gcr.io/fuzzbench/builders/afl/hermes_hermes-intermediate:latest
#4 sha256:5561a36246758753acbe540bf2b5cadf77c99534ec7b2840e2adbfcc83dfdaa3
#4 DONE 0.0s

#12 [internal] load build context
#12 sha256:3062562e364b67765b1de203c48cd1ae75815264cc9d3d2b2601a1162e9ec1d2
#12 DONE 0.0s

#7 [base-image 1/1] FROM gcr.io/fuzzbench/base-image
#7 sha256:4d07825694520f8b6f6a0d8592dbd345433361ae044cb7f06706c5a95e3daaad
#7 DONE 0.0s

#6 [stage-1  1/13] FROM gcr.io/fuzzbench/builders/afl/hermes_hermes-intermediate
#6 sha256:384d978507c991159604fd96efe2b332eb7efd145576173212cea39efb66c095
#6 DONE 0.0s

#5 importing cache manifest from gcr.io/fuzzbench/builders/afl/hermes_hermes
#5 sha256:ae3895136d7ae94400bc7ed2bc42984d5d9347c128399282c0f187582ad2854b
#5 ERROR: gcr.io/fuzzbench/builders/afl/hermes_hermes:latest: not found

#7 [base-image 1/1] FROM gcr.io/fuzzbench/base-image
#7 sha256:4d07825694520f8b6f6a0d8592dbd345433361ae044cb7f06706c5a95e3daaad
#7 CACHED

#12 [internal] load build context
#12 sha256:3062562e364b67765b1de203c48cd1ae75815264cc9d3d2b2601a1162e9ec1d2
#12 transferring context: 669.86kB 0.1s done
#12 DONE 0.3s

#6 [stage-1  1/13] FROM gcr.io/fuzzbench/builders/afl/hermes_hermes-intermediate
#6 sha256:384d978507c991159604fd96efe2b332eb7efd145576173212cea39efb66c095
#6 DONE 1.1s

#8 [stage-1  2/13] COPY --from=base-image /usr/local/bin/python3* /usr/local/bin/
#8 sha256:51032db5a22c50470ad87ed3e7b3ae7de4ae67c77998a3d06efa5d5e28e131de
#8 DONE 0.8s

#9 [stage-1  3/13] COPY --from=base-image /usr/local/lib/python3.8 /usr/local/lib/python3.8
#9 sha256:88d38d1ce48c1fd55b0cd09dfa411d304ca9c565a91a8f462c5b9779c5bc7c10
#9 DONE 17.3s

#10 [stage-1  4/13] COPY --from=base-image /usr/local/include/python3.8 /usr/local/include/python3.8
#10 sha256:6b60dceb41b6edbd491db33bfe31969300b0eb21e06d4c497fd2ce74f6a54437
#10 DONE 0.3s

#11 [stage-1  5/13] COPY --from=base-image /usr/local/lib/python3.8/site-packages /usr/local/lib/python3.8/site-packages
#11 sha256:ebd5827b9a3be216be034fb480102bb5a4324ca37db309b835cfc82d61bf455e
#11 DONE 25.7s

#13 [stage-1  6/13] COPY fuzzers /src/fuzzers
#13 sha256:d01fd4817f7a20f4419b43706ffad75d5dabc069b3d2af68257b09a11f5eb788
#13 DONE 0.4s

#14 [stage-1  7/13] RUN touch /src/__init__.py
#14 sha256:6243ce5f13d159eca274d71a982f7c5c9ad703a80713de93d70aab9e8736de8f
#14 DONE 1.3s

#15 [stage-1  8/13] COPY benchmarks/hermes_hermes/benchmark.yaml /
#15 sha256:cce8a2acbd833f7ee8d3266c077eec768ec517b8aee9543bf1c8c584e8a13711
#15 DONE 0.3s

#16 [stage-1  9/13] RUN mkdir /opt/fuzzbench/
#16 sha256:5aaf3bf4d292caa6b727d08eacd4bcd24b508a3b2267c4beaf35a191b7809795
#16 DONE 1.0s

#17 [stage-1 10/13] COPY docker/benchmark-builder/checkout_commit.py /opt/fuzzbench/
#17 sha256:965b4ce57adb8f34635fa8b623f564ab822705e7a0d7a39debd474be2cb9d5aa
#17 DONE 0.3s

#18 [stage-1 11/13] RUN export CHECKOUT_COMMIT=$(cat /benchmark.yaml | tr -d ' ' | grep 'commit:' | cut -d ':' -f2) &&     python3 -u /opt/fuzzbench/checkout_commit.py $CHECKOUT_COMMIT /src
#18 sha256:e1f504a65e0565a8355954d6b3fbb5819692dcaf431fbb04427fcba6cb6f721a
#18 0.546 Checking out commit fa06dcc8
#18 0.559 error: pathspec 'fa06dcc8' did not match any file(s) known to git
#18 0.564 error: pathspec 'fa06dcc8' did not match any file(s) known to git
#18 0.571 error: pathspec 'fa06dcc8' did not match any file(s) known to git
#18 0.592 error: pathspec 'fa06dcc8' did not match any file(s) known to git
#18 0.615 error: pathspec 'fa06dcc8' did not match any file(s) known to git
#18 0.627 error: pathspec 'fa06dcc8' did not match any file(s) known to git
#18 0.657 error: pathspec 'fa06dcc8' did not match any file(s) known to git
#18 0.666 error: pathspec 'fa06dcc8' did not match any file(s) known to git
#18 0.674 error: pathspec 'fa06dcc8' did not match any file(s) known to git
#18 0.685 error: pathspec 'fa06dcc8' did not match any file(s) known to git
#18 0.694 error: pathspec 'fa06dcc8' did not match any file(s) known to git
#18 0.707 error: pathspec 'fa06dcc8' did not match any file(s) known to git
#18 0.714 error: pathspec 'fa06dcc8' did not match any file(s) known to git
#18 0.801 Checkout unsuccessful.
#18 DONE 2.2s

#19 [stage-1 12/13] RUN echo "#!/bin/bash\nPYTHONPATH=/src python3 -u -c "from fuzzers import utils; utils.initialize_env(); from fuzzers.afl import fuzzer; fuzzer.build()"" > /usr/bin/fuzzer_build &&     chmod +x /usr/bin/fuzzer_build
#19 sha256:27c023a221967f4b644e49f4bb8c50679b8ef296926853a0e4df01ace2ed6aa2
#19 DONE 0.9s

#20 [stage-1 13/13] RUN echo "Run fuzzer_build to build the target" && if [ -z "$debug_builder" ] ; then fuzzer_build; fi
#20 sha256:c834fd3c9111ddf43883c91a0b670d71e0506d25109846314cd3e8b8284a6f13
#20 0.507 Run fuzzer_build to build the target
#20 0.630 FUZZ_TARGET = hermes
#20 0.630 CFLAGS = -DFUZZING_BUILD_MODE_UNSAFE_FOR_PRODUCTION -pthread -Wl,--no-as-needed -Wl,-ldl -Wl,-lm -Wno-unused-command-line-argument -O3
#20 0.630 CXXFLAGS = -DFUZZING_BUILD_MODE_UNSAFE_FOR_PRODUCTION -pthread -Wl,--no-as-needed -Wl,-ldl -Wl,-lm -Wno-unused-command-line-argument -stdlib=libc++ -O3
#20 0.637 Building benchmark hermes_hermes with fuzzer afl
#20 0.641 + '[' address = address ']'
#20 0.641 + CONFIGURE_FLAGS=--enable-asan
#20 0.641 + ./utils/build/configure.py /out/build --build-system Ninja --enable-asan '--cmake-flags=-DHERMES_USE_STATIC_ICU=ON -DHERMES_FUZZING_FLAG=/libAFL.a'
#20 0.718 ./utils/build/configure.py:202: UserWarning: Configuring CMake with Python2. Python3 is recommended for the configuration of the Hermes build
#20 0.718   "Configuring CMake with Python2. "
#20 0.797 CMake Deprecation Warning at CMakeLists.txt:44 (cmake_policy):
#20 0.797   The OLD behavior for policy CMP0023 will be removed from a future version
#20 0.797   of CMake.
#20 0.797 
#20 0.797   The cmake-policies(7) manual explains that the OLD behaviors of all
#20 0.797   policies are deprecated and that a policy should be set to OLD only under
#20 0.797   specific short-term circumstances.  Projects should be ported to the NEW
#20 0.797   behavior and not rely on setting a policy to OLD.
#20 0.797 
#20 0.797 
#20 0.797 CMake Deprecation Warning at CMakeLists.txt:51 (cmake_policy):
#20 0.797   The OLD behavior for policy CMP0026 will be removed from a future version
#20 0.797   of CMake.
#20 0.797 
#20 0.797   The cmake-policies(7) manual explains that the OLD behaviors of all
#20 0.797   policies are deprecated and that a policy should be set to OLD only under
#20 0.797   specific short-term circumstances.  Projects should be ported to the NEW
#20 0.797   behavior and not rely on setting a policy to OLD.
#20 0.797 
#20 0.797 
#20 1.080 -- The C compiler identification is Clang 14.0.0
#20 1.339 -- The CXX compiler identification is Clang 14.0.0
#20 1.366 -- Detecting C compiler ABI info
#20 1.544 -- Detecting C compiler ABI info - done
#20 1.600 -- Check for working C compiler: /usr/local/bin/clang - skipped
#20 1.607 -- Detecting C compile features
#20 1.608 -- Detecting C compile features - done
#20 1.618 -- Detecting CXX compiler ABI info
#20 1.812 -- Detecting CXX compiler ABI info - done
#20 1.877 -- Check for working CXX compiler: /usr/local/bin/clang++ - skipped
#20 1.878 -- Detecting CXX compile features
#20 1.879 -- Detecting CXX compile features - done
#20 1.890 -- Performing Test CXX_SUPPORTS_MISSING_FIELD_INITIALIZERS_FLAG
#20 2.079 -- Performing Test CXX_SUPPORTS_MISSING_FIELD_INITIALIZERS_FLAG - Success
#20 2.081 -- Performing Test DEPRECATED_COPY_FLAG
#20 2.262 -- Performing Test DEPRECATED_COPY_FLAG - Success
#20 2.264 -- Performing Test CXX_SUPPORTS_CLASS_MEMACCESS_FLAG
#20 2.448 -- Performing Test CXX_SUPPORTS_CLASS_MEMACCESS_FLAG - Failed
#20 2.450 -- Performing Test CXX_SUPPORTS_NOEXCEPT_TYPE_FLAG
#20 2.629 -- Performing Test CXX_SUPPORTS_NOEXCEPT_TYPE_FLAG - Success
#20 2.630 -- Performing Test CXX_WONT_WARN_ON_FINAL_NONVIRTUALDTOR
#20 2.836 -- Performing Test CXX_WONT_WARN_ON_FINAL_NONVIRTUALDTOR - Success
#20 2.837 -- Performing Test C_SUPPORTS_DELETE_NON_VIRTUAL_DTOR_FLAG
#20 2.980 -- Performing Test C_SUPPORTS_DELETE_NON_VIRTUAL_DTOR_FLAG - Success
#20 2.982 -- Performing Test CXX_SUPPORTS_DELETE_NON_VIRTUAL_DTOR_FLAG
#20 3.165 -- Performing Test CXX_SUPPORTS_DELETE_NON_VIRTUAL_DTOR_FLAG - Success
#20 3.167 -- Performing Test RANGE_ANALYSIS_FLAG
#20 3.361 -- Performing Test RANGE_ANALYSIS_FLAG - Success
#20 3.389 -- Found PythonInterp: /usr/bin/python (found version "2.7.18") 
#20 3.389 -- Performing Test HAVE_COMPUTED_GOTO
#20 3.591 -- Performing Test HAVE_COMPUTED_GOTO - Success
#20 3.594 -- Performing Test HAVE_GC_SECTIONS
#20 3.661 -- Performing Test HAVE_GC_SECTIONS - Failed
#20 3.840 -- Found the following ICU libraries:
#20 3.840 --   uc (required)
#20 3.840 --   i18n (required)
#20 3.840 --   data (required)
#20 3.840 --   uc (required)
#20 3.842 -- Found ICU: /usr/include (found suitable version "66.1", minimum required is "52") 
#20 3.843 icu dir: /usr/lib/x86_64-linux-gnu
#20 3.850 -- Performing Test LLVM_NO_OLD_LIBSTDCXX
#20 4.603 -- Performing Test LLVM_NO_OLD_LIBSTDCXX - Success
#20 4.643 -- Looking for dlfcn.h
#20 4.925 -- Looking for dlfcn.h - found
#20 4.925 -- Looking for errno.h
#20 5.192 -- Looking for errno.h - found
#20 5.193 -- Looking for fcntl.h
#20 5.457 -- Looking for fcntl.h - found
#20 5.458 -- Looking for link.h
#20 5.741 -- Looking for link.h - found
#20 5.742 -- Looking for malloc.h
#20 6.018 -- Looking for malloc.h - found
#20 6.019 -- Looking for malloc/malloc.h
#20 6.072 -- Looking for malloc/malloc.h - not found
#20 6.073 -- Looking for pthread.h
#20 6.345 -- Looking for pthread.h - found
#20 6.345 -- Looking for signal.h
#20 6.613 -- Looking for signal.h - found
#20 6.614 -- Looking for sys/ioctl.h
#20 6.884 -- Looking for sys/ioctl.h - found
#20 6.884 -- Looking for sys/mman.h
#20 7.147 -- Looking for sys/mman.h - found
#20 7.148 -- Looking for sys/param.h
#20 7.434 -- Looking for sys/param.h - found
#20 7.434 -- Looking for sys/resource.h
#20 7.708 -- Looking for sys/resource.h - found
#20 7.708 -- Looking for sys/stat.h
#20 7.973 -- Looking for sys/stat.h - found
#20 7.973 -- Looking for sys/time.h
#20 8.235 -- Looking for sys/time.h - found
#20 8.236 -- Looking for sys/types.h
#20 8.504 -- Looking for sys/types.h - found
#20 8.505 -- Looking for termios.h
#20 8.769 -- Looking for termios.h - found
#20 8.769 -- Looking for unistd.h
#20 9.044 -- Looking for unistd.h - found
#20 9.044 -- Looking for valgrind/valgrind.h
#20 9.091 -- Looking for valgrind/valgrind.h - not found
#20 9.092 -- Looking for zlib.h
#20 9.138 -- Looking for zlib.h - not found
#20 9.138 -- Looking for fenv.h
#20 9.410 -- Looking for fenv.h - found
#20 9.422 -- Looking for FE_ALL_EXCEPT
#20 9.691 -- Looking for FE_ALL_EXCEPT - found
#20 9.692 -- Looking for FE_INEXACT
#20 9.956 -- Looking for FE_INEXACT - found
#20 9.957 -- Looking for mach/mach.h
#20 10.00 -- Looking for mach/mach.h - not found
#20 10.00 -- Looking for histedit.h
#20 10.05 -- Looking for histedit.h - not found
#20 10.05 -- Looking for CrashReporterClient.h
#20 10.10 -- Looking for CrashReporterClient.h - not found
#20 10.10 -- Looking for linux/magic.h
#20 10.37 -- Looking for linux/magic.h - found
#20 10.37 -- Looking for pthread_create in pthread
#20 10.64 -- Looking for pthread_create in pthread - found
#20 10.64 -- Looking for pthread_getspecific in pthread
#20 10.92 -- Looking for pthread_getspecific in pthread - found
#20 10.92 -- Looking for pthread_rwlock_init in pthread
#20 11.18 -- Looking for pthread_rwlock_init in pthread - found
#20 11.18 -- Looking for pthread_mutex_lock in pthread
#20 11.45 -- Looking for pthread_mutex_lock in pthread - found
#20 11.45 -- Looking for dlopen in dl
#20 11.71 -- Looking for dlopen in dl - found
#20 11.71 -- Looking for clock_gettime in rt
#20 11.98 -- Looking for clock_gettime in rt - found
#20 11.98 -- Looking for pthread.h
#20 12.26 -- Looking for pthread.h - found
#20 12.26 -- Performing Test CMAKE_HAVE_LIBC_PTHREAD
#20 12.54 -- Performing Test CMAKE_HAVE_LIBC_PTHREAD - Success
#20 12.54 -- Found Threads: TRUE  
#20 12.55 -- Looking for xar_open in xar
#20 12.67 -- Looking for xar_open in xar - not found
#20 12.67 -- Looking for arc4random
#20 12.74 -- Looking for arc4random - not found
#20 12.74 -- Looking for backtrace
#20 13.02 -- Looking for backtrace - found
#20 13.02 -- backtrace facility detected in default set of libraries
#20 13.02 -- Found Backtrace: /usr/include  
#20 13.02 -- Performing Test C_SUPPORTS_WERROR_UNGUARDED_AVAILABILITY_NEW
#20 13.25 -- Performing Test C_SUPPORTS_WERROR_UNGUARDED_AVAILABILITY_NEW - Success
#20 13.25 -- Looking for _Unwind_Backtrace
#20 13.53 -- Looking for _Unwind_Backtrace - found
#20 13.53 -- Looking for getpagesize
#20 13.80 -- Looking for getpagesize - found
#20 13.80 -- Looking for sysconf
#20 14.07 -- Looking for sysconf - found
#20 14.07 -- Looking for getrusage
#20 14.34 -- Looking for getrusage - found
#20 14.34 -- Looking for setrlimit
#20 14.60 -- Looking for setrlimit - found
#20 14.60 -- Looking for isatty
#20 14.87 -- Looking for isatty - found
#20 14.87 -- Looking for futimens
#20 15.14 -- Looking for futimens - found
#20 15.14 -- Looking for futimes
#20 15.41 -- Looking for futimes - found
#20 15.41 -- Looking for posix_fallocate
#20 15.68 -- Looking for posix_fallocate - found
#20 15.68 -- Looking for sigaltstack
#20 15.96 -- Looking for sigaltstack - found
#20 15.96 -- Looking for lseek64
#20 16.23 -- Looking for lseek64 - found
#20 16.23 -- Looking for mallctl
#20 16.28 -- Looking for mallctl - not found
#20 16.28 -- Looking for mallinfo
#20 16.55 -- Looking for mallinfo - found
#20 16.55 -- Looking for malloc_zone_statistics
#20 16.60 -- Looking for malloc_zone_statistics - not found
#20 16.60 -- Looking for getrlimit
#20 16.88 -- Looking for getrlimit - found
#20 16.88 -- Looking for posix_spawn
#20 17.18 -- Looking for posix_spawn - found
#20 17.18 -- Looking for pread
#20 17.45 -- Looking for pread - found
#20 17.45 -- Looking for realpath
#20 17.73 -- Looking for realpath - found
#20 17.73 -- Looking for sbrk
#20 17.99 -- Looking for sbrk - found
#20 18.00 -- Looking for strerror
#20 18.28 -- Looking for strerror - found
#20 18.28 -- Looking for strerror_r
#20 18.54 -- Looking for strerror_r - found
#20 18.54 -- Looking for strerror_s
#20 18.59 -- Looking for strerror_s - not found
#20 18.59 -- Looking for setenv
#20 18.86 -- Looking for setenv - found
#20 18.86 -- Looking for dlopen
#20 19.13 -- Looking for dlopen - found
#20 19.13 -- Looking for dladdr
#20 19.18 -- Looking for dladdr - not found
#20 19.18 -- Looking for __GLIBC__
#20 19.45 -- Looking for __GLIBC__ - found
#20 19.45 -- Looking for sched_getaffinity
#20 19.72 -- Looking for sched_getaffinity - found
#20 19.72 -- Looking for CPU_COUNT
#20 20.01 -- Looking for CPU_COUNT - found
#20 20.02 -- Looking for pthread_getname_np
#20 20.29 -- Looking for pthread_getname_np - found
#20 20.30 -- Looking for pthread_setname_np
#20 20.57 -- Looking for pthread_setname_np - found
#20 20.57 -- Performing Test HAVE_CXX_ATOMICS_WITHOUT_LIB
#20 21.07 -- Performing Test HAVE_CXX_ATOMICS_WITHOUT_LIB - Success
#20 21.07 -- Performing Test HAVE_CXX_ATOMICS64_WITHOUT_LIB
#20 21.56 -- Performing Test HAVE_CXX_ATOMICS64_WITHOUT_LIB - Success
#20 21.56 -- Performing Test LLVM_HAS_ATOMICS
#20 21.83 -- Performing Test LLVM_HAS_ATOMICS - Success
#20 21.84 -- Performing Test SUPPORTS_NO_PIE_FLAG
#20 22.09 -- Performing Test SUPPORTS_NO_PIE_FLAG - Success
#20 22.09 -- Performing Test SUPPORTS_VARIADIC_MACROS_FLAG
#20 22.35 -- Performing Test SUPPORTS_VARIADIC_MACROS_FLAG - Success
#20 22.35 -- Performing Test SUPPORTS_GNU_ZERO_VARIADIC_MACRO_ARGUMENTS_FLAG
#20 22.59 -- Performing Test SUPPORTS_GNU_ZERO_VARIADIC_MACRO_ARGUMENTS_FLAG - Success
#20 22.62 -- Threads enabled.
#20 22.62 -- Doxygen disabled.
#20 22.62 -- Go bindings disabled.
#20 22.64 -- Could NOT find Python module pygments
#20 22.66 -- Could NOT find Python module pygments.lexers.c_cpp
#20 22.68 -- Could NOT find Python module yaml
#20 22.72 -- CMAKE_HOST_SYSTEM_NAME = Linux
#20 22.72 -- CMAKE_SYSTEM_NAME = Linux
#20 22.72 -- HERMES_APPLE_TARGET_PLATFORM = 
#20 22.72 -- CMAKE_CROSSCOMPILING = FALSE
#20 22.74 -- Looking for readline
#20 23.01 -- Looking for readline - found
#20 23.15 -- Configuring done
#20 23.78 -- Generating done
#20 23.82 -- Build files have been written to: /out/build
#20 23.86 Building hermes using Ninja into /out/build/
#20 23.86 CMake flags: -DHERMES_USE_STATIC_ICU=ON -DHERMES_FUZZING_FLAG=/libAFL.a -DPYTHON_EXECUTABLE=/usr/bin/python -DCMAKE_BUILD_TYPE=Debug -DHERMES_ENABLE_ADDRESS_SANITIZER=ON
#20 23.86 CMake version:
#20 23.86 cmake version 3.21.1
#20 23.86 
#20 23.86 CMake suite maintained and supported by Kitware (kitware.com/cmake).
#20 23.86 
#20 23.86 + /usr/local/bin/cmake /src/hermes -G Ninja -DHERMES_USE_STATIC_ICU=ON -DHERMES_FUZZING_FLAG=/libAFL.a -DPYTHON_EXECUTABLE=/usr/bin/python -DCMAKE_BUILD_TYPE=Debug -DHERMES_ENABLE_ADDRESS_SANITIZER=ON
#20 23.86 + cmake --build /out/build --parallel --target fuzzer-jsi-entry
#20 23.89 ninja: error: unknown target 'fuzzer-jsi-entry'
#20 23.90 Traceback (most recent call last):
#20 23.90   File "<string>", line 1, in <module>
#20 23.90   File "/src/fuzzers/afl/fuzzer.py", line 40, in build
#20 23.90     utils.build_benchmark()
#20 23.90   File "/src/fuzzers/utils.py", line 82, in build_benchmark
#20 23.90     subprocess.check_call(['/bin/bash', '-ex', build_script], env=env)
#20 23.90   File "/usr/local/lib/python3.8/subprocess.py", line 364, in check_call
#20 23.90     raise CalledProcessError(retcode, cmd)
#20 23.90 subprocess.CalledProcessError: Command '['/bin/bash', '-ex', '/src/build.sh']' returned non-zero exit status 1.
#20 ERROR: executor failed running [/bin/sh -c echo "Run fuzzer_build to build the target" && if [ -z "$debug_builder" ] ; then fuzzer_build; fi]: exit code: 1
------
 > importing cache manifest from gcr.io/fuzzbench/builders/afl/hermes_hermes:
------
------
 > [stage-1 13/13] RUN echo "Run fuzzer_build to build the target" && if [ -z "$debug_builder" ] ; then fuzzer_build; fi:
------
executor failed running [/bin/sh -c echo "Run fuzzer_build to build the target" && if [ -z "$debug_builder" ] ; then fuzzer_build; fi]: exit code: 1
make: *** [docker/generated.mk:2680210: .afl-hermes_hermes-builder] Error 1
/bin/sh: 1: source: not found
#1 [internal] load build definition from Dockerfile
#1 sha256:3b85954e71116b61c13659937112519a55a31230c011073fda1ebe4423923265
#1 transferring dockerfile: 32B done
#1 DONE 0.1s

#2 [internal] load .dockerignore
#2 sha256:3c7e8022f94284143ab9d7699d1dec9b3180558b25e69880720100b983f456d3
#2 transferring context: 2B done
#2 DONE 0.1s

#3 [internal] load metadata for gcr.io/oss-fuzz-base/base-builder:latest
#3 sha256:f10dc39cc9d418a5bc416dead31a1902b6821fdae909cd3b08f7a3fd1faba7b5
#3 DONE 0.5s

#5 [1/5] FROM gcr.io/oss-fuzz-base/base-builder@sha256:f4e5ea12494fab091c5d830cf803b3421f2860f729b9d1b07da44924396cf8cf
#5 sha256:ef290950573a2779ee526af357b28fbddfc20d7409aa51f58f777c9e972cba29
#5 DONE 0.0s

#4 importing cache manifest from gcr.io/fuzzbench/builders/benchmark/hermes_hermes
#4 sha256:32e0bda97e4844d4376724c4ba5dfc143944afb264aea24436188d02f86c9baa
#4 DONE 0.0s

#9 [internal] load build context
#9 sha256:e65c410101d2d07bbc92106166ef081608c37765107a10f9bf7249233442d1cc
#9 transferring context: 30B done
#9 DONE 0.1s

#6 [2/5] RUN apt-get update &&     apt-get install -y make autoconf automake libtool wget libicu-dev     ninja-build python zip libreadline-dev libatomic-ops-dev
#6 sha256:2b15c830703af49ad6ea4382df8ad18f4e57d3992c6ffb875760cbda9357a785
#6 CACHED

#7 [3/5] RUN git clone https://github.com/facebook/hermes.git
#7 sha256:22ee937d70159e331c9c232393fe75ff00079c39638fbe65cbaf874489929d24
#7 CACHED

#8 [4/5] WORKDIR hermes
#8 sha256:26021147af1b52f90b4d924712d0a9f491a515f3091780e73fae17f22ebc8df0
#8 CACHED

#10 [5/5] COPY build.sh /src/
#10 sha256:a35460e4404d3cad04cfba986d88daf3970c5f6d5f21cc893cde0122d72f629e
#10 CACHED

#11 exporting to image
#11 sha256:e8c613e07b0b7ff33893b694f7759a10d42e180f2b4dc349fb57dc6b71dcab00
#11 exporting layers done
#11 writing image sha256:0f7fcccab9f9b5a948b8de15092e03e453d9d9ffed86bc4e25a8d5c3c81503da
#11 writing image sha256:0f7fcccab9f9b5a948b8de15092e03e453d9d9ffed86bc4e25a8d5c3c81503da 0.0s done
#11 naming to gcr.io/fuzzbench/builders/benchmark/hermes_hermes done
#11 DONE 0.3s

#12 exporting cache
#12 sha256:2700d4ef94dee473593c5c614b55b2dedcca7893909811a8f2b48291a1f581e4
#12 preparing build cache for export done
#12 DONE 0.0s
#2 [internal] load .dockerignore
#2 sha256:f1473dccf2f70b180bb0dad224bcecc1260d11ca683f0eb8e76895dadbd0bfee
#2 transferring context: 2B done
#2 DONE 0.2s

#1 [internal] load build definition from builder.Dockerfile
#1 sha256:4ce0daf9d1cc5e2eb6a21eeb76d89bf30396a068cf81644d8a371f7bee72b71e
#1 transferring dockerfile: 46B done
#1 DONE 0.2s

#3 [internal] load metadata for gcr.io/fuzzbench/builders/benchmark/hermes_hermes:latest
#3 sha256:1e66f7c1e0ea9c3599798ddb302383d80b60bfc06c808d6c6946289ff7d909a3
#3 DONE 0.0s

#5 [1/3] FROM gcr.io/fuzzbench/builders/benchmark/hermes_hermes
#5 sha256:c927fcebce01c0a042a9f0d06ca6ce25f9222d03d9defdb3b8dd736aa5e204e3
#5 DONE 0.0s

#4 importing cache manifest from gcr.io/fuzzbench/builders/afl/hermes_hermes-intermediate
#4 sha256:6999862fde588d500362a2afa03ed926999a434225cbd26409488b623ddea20e
#4 DONE 0.0s

#6 [2/3] RUN git clone https://github.com/google/AFL.git /afl &&     cd /afl &&     git checkout 61037103ae3722c8060ff7082994836a794f978e &&     AFL_NO_X86=1 make
#6 sha256:ec362fa50e3d5648ab59489da759a0807e44517cdad4cc539c6cd562a95d0ceb
#6 CACHED

#7 [3/3] RUN apt-get update &&     apt-get install wget -y &&     wget https://raw.githubusercontent.com/llvm/llvm-project/5feb80e748924606531ba28c97fe65145c65372e/compiler-rt/lib/fuzzer/afl/afl_driver.cpp -O /afl/afl_driver.cpp &&     clang -Wno-pointer-sign -c /afl/llvm_mode/afl-llvm-rt.o.c -I/afl &&     clang++ -stdlib=libc++ -std=c++11 -O2 -c /afl/afl_driver.cpp &&     ar r /libAFL.a *.o
#7 sha256:15c1aec074c499cd85cf1a8618d2e5d287aff2a5bb67d3bf70dc35366d59b548
#7 CACHED

#8 exporting to image
#8 sha256:e8c613e07b0b7ff33893b694f7759a10d42e180f2b4dc349fb57dc6b71dcab00
#8 exporting layers done
#8 writing image sha256:84cf25c9f4ec6179b3719f9b5c7c73b807ffc2d17be68bda3add3e46b70f7479
#8 writing image sha256:84cf25c9f4ec6179b3719f9b5c7c73b807ffc2d17be68bda3add3e46b70f7479 0.0s done
#8 naming to gcr.io/fuzzbench/builders/afl/hermes_hermes-intermediate done
#8 DONE 0.3s

#9 exporting cache
#9 sha256:2700d4ef94dee473593c5c614b55b2dedcca7893909811a8f2b48291a1f581e4
#9 preparing build cache for export done
#9 DONE 0.0s
#2 [internal] load .dockerignore
#2 sha256:a558e553486f99c0da2aaab98f5e6508a4eb29334c4cad560445844efe0ca26f
#2 transferring context: 34B done
#2 ...

#1 [internal] load build definition from Dockerfile
#1 sha256:5ddd9cdc7dc550822b3c9b514906e1d2578688858c5f1aa34febc011049993dd
#1 transferring dockerfile: 2.00kB done
#1 DONE 0.3s

#2 [internal] load .dockerignore
#2 sha256:a558e553486f99c0da2aaab98f5e6508a4eb29334c4cad560445844efe0ca26f
#2 DONE 0.4s

#3 [internal] load metadata for docker.io/library/ubuntu:xenial
#3 sha256:f62bae18ed588840f045c881b2502661f2a89578a2f8f99b83f5200ee83dd25b
#3 DONE 0.0s

#5 [1/7] FROM docker.io/library/ubuntu:xenial
#5 sha256:14dd403f25ae9e519bd44f27dc17af7ce80f5a4f9f48ca88108364e67ec5d360
#5 DONE 0.0s

#4 importing cache manifest from gcr.io/fuzzbench/base-image
#4 sha256:9b220ebb4d4daceed1b96df9b6dca076e762f1cd612574f010b82d5b9e5ad896
#4 DONE 0.0s

#8 [internal] load build context
#8 sha256:52542ae673b7a2582d37fccf858ea1314fb4e077578c057961efdf9bf7fea500
#8 transferring context: 559B 0.0s done
#8 DONE 0.1s

#10 [5/7] RUN pip3 install -r /requirements.txt
#10 sha256:4fba36b0c4e9af1e970c993ca82975c43e0389f236102004ae6d5f51907de00e
#10 CACHED

#6 [2/7] RUN apt-get update -y && apt-get install -y     build-essential     rsync     curl     zlib1g-dev     libncurses5-dev     libgdbm-dev     libnss3-dev     libssl-dev     libreadline-dev     libffi-dev     virtualenv     libbz2-dev     liblzma-dev     libsqlite3-dev
#6 sha256:3a1b0960f17eed529eaae93dc8fd3554f2743dd584d8fa569cdbe6bc734371ac
#6 CACHED

#7 [3/7] RUN cd /tmp/ &&     curl -O https://www.python.org/ftp/python/3.8.6/Python-3.8.6.tar.xz &&     tar -xvf Python-3.8.6.tar.xz &&     cd Python-3.8.6 &&     ./configure --enable-loadable-sqlite-extensions --enable-optimizations &&     make -j install &&     rm -r /tmp/Python-3.8.6.tar.xz /tmp/Python-3.8.6
#7 sha256:c5b9d1fb3371e84dbc60b76e7b2f8d5913bc93bcd4910ab65daa03e7b2ec4bb0
#7 CACHED

#11 [6/7] RUN apt-get update -y && apt-get install -y     apt-transport-https     lsb-release
#11 sha256:68598d26ccd6f72a57c3e1c6f5e4bd785a4c843206132d6e84e3215038abcc6f
#11 CACHED

#9 [4/7] COPY ./requirements.txt /
#9 sha256:102b15ece4ff1f135f9b0ddd70cb66cc478f4582cad072956c89a854567a4b37
#9 CACHED

#12 [7/7] RUN CLOUD_SDK_REPO="cloud-sdk-$(lsb_release -c -s)" &&     echo "deb https://packages.cloud.google.com/apt $CLOUD_SDK_REPO main"     | tee -a /etc/apt/sources.list.d/google-cloud-sdk.list &&     curl https://packages.cloud.google.com/apt/doc/apt-key.gpg     | apt-key add - &&     apt-get update -y &&     apt-get install -y google-cloud-sdk
#12 sha256:260a1f5a04b2693e5a086b9288c353144f8345a1fb625c6e4389d1eff575b094
#12 CACHED

#13 exporting to image
#13 sha256:e8c613e07b0b7ff33893b694f7759a10d42e180f2b4dc349fb57dc6b71dcab00
#13 exporting layers done
#13 writing image sha256:3e04b5fd0a277df2bc5cd3367dbf9178b152077681f3e4447621291a56e5d56f
#13 writing image sha256:3e04b5fd0a277df2bc5cd3367dbf9178b152077681f3e4447621291a56e5d56f 0.0s done
#13 naming to gcr.io/fuzzbench/base-image done
#13 DONE 0.1s

#14 exporting cache
#14 sha256:2700d4ef94dee473593c5c614b55b2dedcca7893909811a8f2b48291a1f581e4
#14 preparing build cache for export done
#14 DONE 0.0s
#1 [internal] load build definition from Dockerfile
#1 sha256:f72e6ab9204914dd0bf74a89513433a908e23cab415a217721d458d9f764aefd
#1 transferring dockerfile: 2.22kB done
#1 DONE 0.1s

#2 [internal] load .dockerignore
#2 sha256:c7c64b511b2d7928666eb28735844162b9f9f0fb1aca395700cb9c3c4f94df1e
#2 transferring context: 34B done
#2 DONE 0.1s

#3 [internal] load metadata for gcr.io/fuzzbench/base-image:latest
#3 sha256:932022888f650cc455b10eb5123bb08c0cccacac29a693e69314abbfd28a72c3
#3 DONE 0.0s

#4 [internal] load metadata for gcr.io/fuzzbench/builders/afl/hermes_hermes-intermediate:latest
#4 sha256:5561a36246758753acbe540bf2b5cadf77c99534ec7b2840e2adbfcc83dfdaa3
#4 DONE 0.0s

#12 [internal] load build context
#12 sha256:c0d10acb77b98d7092b90fab93015a8351e73d95bb6b01b7c4399ba04021b063
#12 DONE 0.0s

#7 [base-image 1/1] FROM gcr.io/fuzzbench/base-image
#7 sha256:4d07825694520f8b6f6a0d8592dbd345433361ae044cb7f06706c5a95e3daaad
#7 DONE 0.0s

#6 [stage-1  1/13] FROM gcr.io/fuzzbench/builders/afl/hermes_hermes-intermediate
#6 sha256:384d978507c991159604fd96efe2b332eb7efd145576173212cea39efb66c095
#6 DONE 0.0s

#5 importing cache manifest from gcr.io/fuzzbench/builders/afl/hermes_hermes
#5 sha256:ae3895136d7ae94400bc7ed2bc42984d5d9347c128399282c0f187582ad2854b
#5 ERROR: gcr.io/fuzzbench/builders/afl/hermes_hermes:latest: not found

#12 [internal] load build context
#12 sha256:c0d10acb77b98d7092b90fab93015a8351e73d95bb6b01b7c4399ba04021b063
#12 transferring context: 669.86kB 0.1s done
#12 DONE 0.1s

#16 [stage-1  9/13] RUN mkdir /opt/fuzzbench/
#16 sha256:ecb7f486ff0ec3edca84ed6d5ae728dfa4ec94c050f2ba98dba3c81dc291b9f7
#16 CACHED

#18 [stage-1 11/13] RUN export CHECKOUT_COMMIT=$(cat /benchmark.yaml | tr -d ' ' | grep 'commit:' | cut -d ':' -f2) &&     python3 -u /opt/fuzzbench/checkout_commit.py $CHECKOUT_COMMIT /src
#18 sha256:d001bea04fa186bcae342bfffe262d3c948252c10155bc8a1f5a19d08a24fc9a
#18 CACHED

#10 [stage-1  4/13] COPY --from=base-image /usr/local/include/python3.8 /usr/local/include/python3.8
#10 sha256:6b60dceb41b6edbd491db33bfe31969300b0eb21e06d4c497fd2ce74f6a54437
#10 CACHED

#14 [stage-1  7/13] RUN touch /src/__init__.py
#14 sha256:efcd626262706fdff998f56ca6f0bb7871ee145fc088f261fa6b648862c40301
#14 CACHED

#15 [stage-1  8/13] COPY benchmarks/hermes_hermes/benchmark.yaml /
#15 sha256:33507a822925ff0e6e718b511c6bc157f300ef7a5d5f8504f62e9d2ac054a026
#15 CACHED

#17 [stage-1 10/13] COPY docker/benchmark-builder/checkout_commit.py /opt/fuzzbench/
#17 sha256:8ff72f3702980ff92414f1024dc6994581f4cc43c160106089d1ad2bc775451c
#17 CACHED

#8 [stage-1  2/13] COPY --from=base-image /usr/local/bin/python3* /usr/local/bin/
#8 sha256:51032db5a22c50470ad87ed3e7b3ae7de4ae67c77998a3d06efa5d5e28e131de
#8 CACHED

#9 [stage-1  3/13] COPY --from=base-image /usr/local/lib/python3.8 /usr/local/lib/python3.8
#9 sha256:88d38d1ce48c1fd55b0cd09dfa411d304ca9c565a91a8f462c5b9779c5bc7c10
#9 CACHED

#11 [stage-1  5/13] COPY --from=base-image /usr/local/lib/python3.8/site-packages /usr/local/lib/python3.8/site-packages
#11 sha256:ebd5827b9a3be216be034fb480102bb5a4324ca37db309b835cfc82d61bf455e
#11 CACHED

#13 [stage-1  6/13] COPY fuzzers /src/fuzzers
#13 sha256:378446108776ed02d31e25abf26b16f3271298a9e7702c9a749a4676602cab7a
#13 CACHED

#19 [stage-1 12/13] RUN echo "#!/bin/bash\nPYTHONPATH=/src python3 -u -c "from fuzzers import utils; utils.initialize_env(); from fuzzers.afl import fuzzer; fuzzer.build()"" > /usr/bin/fuzzer_build &&     chmod +x /usr/bin/fuzzer_build
#19 sha256:5b99046813be07579165ed0332262a31247e51b83583c899924c1dffe84bc0d2
#19 CACHED

#20 [stage-1 13/13] RUN echo "Run fuzzer_build to build the target" && if [ -z "$debug_builder" ] ; then fuzzer_build; fi
#20 sha256:7b8839d7180ca780e222fe02be1a68260843780843e2edb38bd3ce5f78f57394
#20 0.447 Run fuzzer_build to build the target
#20 0.568 FUZZ_TARGET = hermes
#20 0.568 CFLAGS = -DFUZZING_BUILD_MODE_UNSAFE_FOR_PRODUCTION -pthread -Wl,--no-as-needed -Wl,-ldl -Wl,-lm -Wno-unused-command-line-argument -O3
#20 0.568 CXXFLAGS = -DFUZZING_BUILD_MODE_UNSAFE_FOR_PRODUCTION -pthread -Wl,--no-as-needed -Wl,-ldl -Wl,-lm -Wno-unused-command-line-argument -stdlib=libc++ -O3
#20 0.574 Building benchmark hermes_hermes with fuzzer afl
#20 0.576 + '[' address = address ']'
#20 0.576 + CONFIGURE_FLAGS=--enable-asan
#20 0.576 + ./utils/build/configure.py /out/build --build-system Ninja --enable-asan '--cmake-flags=-DHERMES_USE_STATIC_ICU=ON -DHERMES_FUZZING_FLAG=/libAFL.a'
#20 0.621 ./utils/build/configure.py:202: UserWarning: Configuring CMake with Python2. Python3 is recommended for the configuration of the Hermes build
#20 0.621   "Configuring CMake with Python2. "
#20 0.631 CMake Deprecation Warning at CMakeLists.txt:44 (cmake_policy):
#20 0.631   The OLD behavior for policy CMP0023 will be removed from a future version
#20 0.631   of CMake.
#20 0.631 
#20 0.631   The cmake-policies(7) manual explains that the OLD behaviors of all
#20 0.631   policies are deprecated and that a policy should be set to OLD only under
#20 0.631   specific short-term circumstances.  Projects should be ported to the NEW
#20 0.631   behavior and not rely on setting a policy to OLD.
#20 0.631 
#20 0.631 
#20 0.631 CMake Deprecation Warning at CMakeLists.txt:51 (cmake_policy):
#20 0.631   The OLD behavior for policy CMP0026 will be removed from a future version
#20 0.631   of CMake.
#20 0.631 
#20 0.631   The cmake-policies(7) manual explains that the OLD behaviors of all
#20 0.631   policies are deprecated and that a policy should be set to OLD only under
#20 0.631   specific short-term circumstances.  Projects should be ported to the NEW
#20 0.631   behavior and not rely on setting a policy to OLD.
#20 0.631 
#20 0.631 
#20 0.838 -- The C compiler identification is Clang 14.0.0
#20 1.106 -- The CXX compiler identification is Clang 14.0.0
#20 1.120 -- Detecting C compiler ABI info
#20 1.271 -- Detecting C compiler ABI info - done
#20 1.333 -- Check for working C compiler: /usr/local/bin/clang - skipped
#20 1.333 -- Detecting C compile features
#20 1.334 -- Detecting C compile features - done
#20 1.340 -- Detecting CXX compiler ABI info
#20 1.525 -- Detecting CXX compiler ABI info - done
#20 1.607 -- Check for working CXX compiler: /usr/local/bin/clang++ - skipped
#20 1.608 -- Detecting CXX compile features
#20 1.609 -- Detecting CXX compile features - done
#20 1.616 -- Performing Test CXX_SUPPORTS_MISSING_FIELD_INITIALIZERS_FLAG
#20 1.798 -- Performing Test CXX_SUPPORTS_MISSING_FIELD_INITIALIZERS_FLAG - Success
#20 1.800 -- Performing Test DEPRECATED_COPY_FLAG
#20 1.999 -- Performing Test DEPRECATED_COPY_FLAG - Success
#20 2.001 -- Performing Test CXX_SUPPORTS_CLASS_MEMACCESS_FLAG
#20 2.185 -- Performing Test CXX_SUPPORTS_CLASS_MEMACCESS_FLAG - Failed
#20 2.187 -- Performing Test CXX_SUPPORTS_NOEXCEPT_TYPE_FLAG
#20 2.379 -- Performing Test CXX_SUPPORTS_NOEXCEPT_TYPE_FLAG - Success
#20 2.380 -- Performing Test CXX_WONT_WARN_ON_FINAL_NONVIRTUALDTOR
#20 2.592 -- Performing Test CXX_WONT_WARN_ON_FINAL_NONVIRTUALDTOR - Success
#20 2.594 -- Performing Test C_SUPPORTS_DELETE_NON_VIRTUAL_DTOR_FLAG
#20 2.746 -- Performing Test C_SUPPORTS_DELETE_NON_VIRTUAL_DTOR_FLAG - Success
#20 2.749 -- Performing Test CXX_SUPPORTS_DELETE_NON_VIRTUAL_DTOR_FLAG
#20 2.933 -- Performing Test CXX_SUPPORTS_DELETE_NON_VIRTUAL_DTOR_FLAG - Success
#20 2.935 -- Performing Test RANGE_ANALYSIS_FLAG
#20 3.130 -- Performing Test RANGE_ANALYSIS_FLAG - Success
#20 3.151 -- Found PythonInterp: /usr/bin/python (found version "2.7.18") 
#20 3.152 -- Performing Test HAVE_COMPUTED_GOTO
#20 3.358 -- Performing Test HAVE_COMPUTED_GOTO - Success
#20 3.360 -- Performing Test HAVE_GC_SECTIONS
#20 3.422 -- Performing Test HAVE_GC_SECTIONS - Failed
#20 3.604 -- Found the following ICU libraries:
#20 3.604 --   uc (required)
#20 3.604 --   i18n (required)
#20 3.604 --   data (required)
#20 3.604 --   uc (required)
#20 3.606 -- Found ICU: /usr/include (found suitable version "66.1", minimum required is "52") 
#20 3.606 icu dir: /usr/lib/x86_64-linux-gnu
#20 3.611 -- Performing Test LLVM_NO_OLD_LIBSTDCXX
#20 4.154 -- Performing Test LLVM_NO_OLD_LIBSTDCXX - Success
#20 4.156 -- Looking for dlfcn.h
#20 4.421 -- Looking for dlfcn.h - found
#20 4.422 -- Looking for errno.h
#20 4.711 -- Looking for errno.h - found
#20 4.711 -- Looking for fcntl.h
#20 4.992 -- Looking for fcntl.h - found
#20 4.993 -- Looking for link.h
#20 5.293 -- Looking for link.h - found
#20 5.294 -- Looking for malloc.h
#20 5.586 -- Looking for malloc.h - found
#20 5.587 -- Looking for malloc/malloc.h
#20 5.635 -- Looking for malloc/malloc.h - not found
#20 5.636 -- Looking for pthread.h
#20 5.918 -- Looking for pthread.h - found
#20 5.919 -- Looking for signal.h
#20 6.207 -- Looking for signal.h - found
#20 6.208 -- Looking for sys/ioctl.h
#20 6.480 -- Looking for sys/ioctl.h - found
#20 6.481 -- Looking for sys/mman.h
#20 6.757 -- Looking for sys/mman.h - found
#20 6.758 -- Looking for sys/param.h
#20 7.054 -- Looking for sys/param.h - found
#20 7.055 -- Looking for sys/resource.h
#20 7.340 -- Looking for sys/resource.h - found
#20 7.341 -- Looking for sys/stat.h
#20 7.622 -- Looking for sys/stat.h - found
#20 7.623 -- Looking for sys/time.h
#20 7.900 -- Looking for sys/time.h - found
#20 7.901 -- Looking for sys/types.h
#20 8.179 -- Looking for sys/types.h - found
#20 8.179 -- Looking for termios.h
#20 8.476 -- Looking for termios.h - found
#20 8.477 -- Looking for unistd.h
#20 8.765 -- Looking for unistd.h - found
#20 8.766 -- Looking for valgrind/valgrind.h
#20 8.804 -- Looking for valgrind/valgrind.h - not found
#20 8.805 -- Looking for zlib.h
#20 8.844 -- Looking for zlib.h - not found
#20 8.845 -- Looking for fenv.h
#20 9.118 -- Looking for fenv.h - found
#20 9.118 -- Looking for FE_ALL_EXCEPT
#20 9.386 -- Looking for FE_ALL_EXCEPT - found
#20 9.387 -- Looking for FE_INEXACT
#20 9.703 -- Looking for FE_INEXACT - found
#20 9.704 -- Looking for mach/mach.h
#20 9.742 -- Looking for mach/mach.h - not found
#20 9.743 -- Looking for histedit.h
#20 9.778 -- Looking for histedit.h - not found
#20 9.778 -- Looking for CrashReporterClient.h
#20 9.812 -- Looking for CrashReporterClient.h - not found
#20 9.812 -- Looking for linux/magic.h
#20 10.07 -- Looking for linux/magic.h - found
#20 10.07 -- Looking for pthread_create in pthread
#20 10.33 -- Looking for pthread_create in pthread - found
#20 10.33 -- Looking for pthread_getspecific in pthread
#20 10.60 -- Looking for pthread_getspecific in pthread - found
#20 10.60 -- Looking for pthread_rwlock_init in pthread
#20 10.86 -- Looking for pthread_rwlock_init in pthread - found
#20 10.86 -- Looking for pthread_mutex_lock in pthread
#20 11.14 -- Looking for pthread_mutex_lock in pthread - found
#20 11.14 -- Looking for dlopen in dl
#20 11.40 -- Looking for dlopen in dl - found
#20 11.40 -- Looking for clock_gettime in rt
#20 11.67 -- Looking for clock_gettime in rt - found
#20 11.67 -- Looking for pthread.h
#20 11.94 -- Looking for pthread.h - found
#20 11.95 -- Performing Test CMAKE_HAVE_LIBC_PTHREAD
#20 12.22 -- Performing Test CMAKE_HAVE_LIBC_PTHREAD - Success
#20 12.23 -- Found Threads: TRUE  
#20 12.23 -- Looking for xar_open in xar
#20 12.34 -- Looking for xar_open in xar - not found
#20 12.34 -- Looking for arc4random
#20 12.40 -- Looking for arc4random - not found
#20 12.40 -- Looking for backtrace
#20 12.66 -- Looking for backtrace - found
#20 12.66 -- backtrace facility detected in default set of libraries
#20 12.66 -- Found Backtrace: /usr/include  
#20 12.67 -- Performing Test C_SUPPORTS_WERROR_UNGUARDED_AVAILABILITY_NEW
#20 12.90 -- Performing Test C_SUPPORTS_WERROR_UNGUARDED_AVAILABILITY_NEW - Success
#20 12.90 -- Looking for _Unwind_Backtrace
#20 13.17 -- Looking for _Unwind_Backtrace - found
#20 13.17 -- Looking for getpagesize
#20 13.43 -- Looking for getpagesize - found
#20 13.43 -- Looking for sysconf
#20 13.70 -- Looking for sysconf - found
#20 13.70 -- Looking for getrusage
#20 13.97 -- Looking for getrusage - found
#20 13.97 -- Looking for setrlimit
#20 14.25 -- Looking for setrlimit - found
#20 14.25 -- Looking for isatty
#20 14.52 -- Looking for isatty - found
#20 14.52 -- Looking for futimens
#20 14.79 -- Looking for futimens - found
#20 14.79 -- Looking for futimes
#20 15.06 -- Looking for futimes - found
#20 15.06 -- Looking for posix_fallocate
#20 15.33 -- Looking for posix_fallocate - found
#20 15.34 -- Looking for sigaltstack
#20 15.61 -- Looking for sigaltstack - found
#20 15.62 -- Looking for lseek64
#20 15.89 -- Looking for lseek64 - found
#20 15.89 -- Looking for mallctl
#20 15.93 -- Looking for mallctl - not found
#20 15.93 -- Looking for mallinfo
#20 16.21 -- Looking for mallinfo - found
#20 16.21 -- Looking for malloc_zone_statistics
#20 16.26 -- Looking for malloc_zone_statistics - not found
#20 16.26 -- Looking for getrlimit
#20 16.54 -- Looking for getrlimit - found
#20 16.54 -- Looking for posix_spawn
#20 16.81 -- Looking for posix_spawn - found
#20 16.81 -- Looking for pread
#20 17.08 -- Looking for pread - found
#20 17.08 -- Looking for realpath
#20 17.36 -- Looking for realpath - found
#20 17.36 -- Looking for sbrk
#20 17.63 -- Looking for sbrk - found
#20 17.63 -- Looking for strerror
#20 17.91 -- Looking for strerror - found
#20 17.91 -- Looking for strerror_r
#20 18.18 -- Looking for strerror_r - found
#20 18.18 -- Looking for strerror_s
#20 18.23 -- Looking for strerror_s - not found
#20 18.23 -- Looking for setenv
#20 18.51 -- Looking for setenv - found
#20 18.51 -- Looking for dlopen
#20 18.77 -- Looking for dlopen - found
#20 18.77 -- Looking for dladdr
#20 18.82 -- Looking for dladdr - not found
#20 18.82 -- Looking for __GLIBC__
#20 19.09 -- Looking for __GLIBC__ - found
#20 19.10 -- Looking for sched_getaffinity
#20 19.37 -- Looking for sched_getaffinity - found
#20 19.37 -- Looking for CPU_COUNT
#20 19.63 -- Looking for CPU_COUNT - found
#20 19.63 -- Looking for pthread_getname_np
#20 19.92 -- Looking for pthread_getname_np - found
#20 19.92 -- Looking for pthread_setname_np
#20 20.19 -- Looking for pthread_setname_np - found
#20 20.19 -- Performing Test HAVE_CXX_ATOMICS_WITHOUT_LIB
#20 20.68 -- Performing Test HAVE_CXX_ATOMICS_WITHOUT_LIB - Success
#20 20.68 -- Performing Test HAVE_CXX_ATOMICS64_WITHOUT_LIB
#20 21.16 -- Performing Test HAVE_CXX_ATOMICS64_WITHOUT_LIB - Success
#20 21.16 -- Performing Test LLVM_HAS_ATOMICS
#20 21.44 -- Performing Test LLVM_HAS_ATOMICS - Success
#20 21.44 -- Performing Test SUPPORTS_NO_PIE_FLAG
#20 21.69 -- Performing Test SUPPORTS_NO_PIE_FLAG - Success
#20 21.69 -- Performing Test SUPPORTS_VARIADIC_MACROS_FLAG
#20 21.93 -- Performing Test SUPPORTS_VARIADIC_MACROS_FLAG - Success
#20 21.94 -- Performing Test SUPPORTS_GNU_ZERO_VARIADIC_MACRO_ARGUMENTS_FLAG
#20 22.19 -- Performing Test SUPPORTS_GNU_ZERO_VARIADIC_MACRO_ARGUMENTS_FLAG - Success
#20 22.20 -- Threads enabled.
#20 22.20 -- Doxygen disabled.
#20 22.20 -- Go bindings disabled.
#20 22.22 -- Could NOT find Python module pygments
#20 22.24 -- Could NOT find Python module pygments.lexers.c_cpp
#20 22.26 -- Could NOT find Python module yaml
#20 22.30 -- CMAKE_HOST_SYSTEM_NAME = Linux
#20 22.30 -- CMAKE_SYSTEM_NAME = Linux
#20 22.30 -- HERMES_APPLE_TARGET_PLATFORM = 
#20 22.30 -- CMAKE_CROSSCOMPILING = FALSE
#20 22.32 -- Looking for readline
#20 22.58 -- Looking for readline - found
#20 22.73 -- Configuring done
#20 23.36 -- Generating done
#20 23.40 -- Build files have been written to: /out/build
#20 23.44 Building hermes using Ninja into /out/build/
#20 23.44 CMake flags: -DHERMES_USE_STATIC_ICU=ON -DHERMES_FUZZING_FLAG=/libAFL.a -DPYTHON_EXECUTABLE=/usr/bin/python -DCMAKE_BUILD_TYPE=Debug -DHERMES_ENABLE_ADDRESS_SANITIZER=ON
#20 23.44 CMake version:
#20 23.44 cmake version 3.21.1
#20 23.44 
#20 23.44 CMake suite maintained and supported by Kitware (kitware.com/cmake).
#20 23.44 
#20 23.44 + /usr/local/bin/cmake /src/hermes -G Ninja -DHERMES_USE_STATIC_ICU=ON -DHERMES_FUZZING_FLAG=/libAFL.a -DPYTHON_EXECUTABLE=/usr/bin/python -DCMAKE_BUILD_TYPE=Debug -DHERMES_ENABLE_ADDRESS_SANITIZER=ON
#20 23.44 + cmake --build /out/build --parallel --target fuzzer-jsi-entry
#20 23.47 ninja: error: unknown target 'fuzzer-jsi-entry'
#20 23.47 Traceback (most recent call last):
#20 23.47   File "<string>", line 1, in <module>
#20 23.47   File "/src/fuzzers/afl/fuzzer.py", line 40, in build
#20 23.47     utils.build_benchmark()
#20 23.47   File "/src/fuzzers/utils.py", line 82, in build_benchmark
#20 23.47     subprocess.check_call(['/bin/bash', '-ex', build_script], env=env)
#20 23.47   File "/usr/local/lib/python3.8/subprocess.py", line 364, in check_call
#20 23.47     raise CalledProcessError(retcode, cmd)
#20 23.47 subprocess.CalledProcessError: Command '['/bin/bash', '-ex', '/src/build.sh']' returned non-zero exit status 1.
#20 ERROR: executor failed running [/bin/sh -c echo "Run fuzzer_build to build the target" && if [ -z "$debug_builder" ] ; then fuzzer_build; fi]: exit code: 1
------
 > importing cache manifest from gcr.io/fuzzbench/builders/afl/hermes_hermes:
------
------
 > [stage-1 13/13] RUN echo "Run fuzzer_build to build the target" && if [ -z "$debug_builder" ] ; then fuzzer_build; fi:
------
executor failed running [/bin/sh -c echo "Run fuzzer_build to build the target" && if [ -z "$debug_builder" ] ; then fuzzer_build; fi]: exit code: 1
make: *** [docker/generated.mk:2680210: .afl-hermes_hermes-builder] Error 1
