WARNING:root:gcloud not found in PATH.
INFO:root:Successfully integrated benchmark: cpython2_cpython2.
INFO:root:Please run "make test-run-afl-cpython2_cpython2" to test integration.
#2 [internal] load .dockerignore
#2 sha256:5385da58ddd9c5fed575349fefd94906c1804cb19c21c95119f10786741336b3
#2 transferring context: 2B done
#2 ...

#1 [internal] load build definition from Dockerfile
#1 sha256:1443d723885056fa4c536f64286c499da38214f35b0f8edc48362e9a589c6622
#1 transferring dockerfile: 2B done
#1 DONE 0.5s

#2 [internal] load .dockerignore
#2 sha256:5385da58ddd9c5fed575349fefd94906c1804cb19c21c95119f10786741336b3
#2 DONE 0.8s
failed to solve with frontend dockerfile.v0: failed to read dockerfile: open /var/lib/docker/tmp/buildkit-mount291176525/Dockerfile: no such file or directory
make: *** [docker/generated.mk:9378: .cpython2_cpython2-project-builder] Error 1
/bin/sh: 1: source: not found
#2 [internal] load .dockerignore
#2 sha256:5130da78e384c32e8c80e4c02a6a44ef17acb89a0c750539985075a4414a2049
#2 transferring context: 2B done
#2 DONE 0.2s

#1 [internal] load build definition from Dockerfile
#1 sha256:a17ba7b46184973ceabbd6ce2367b8f6cd717ad90ff3989e2fa9752573ce5af9
#1 transferring dockerfile: 2B done
#1 DONE 0.2s
failed to solve with frontend dockerfile.v0: failed to read dockerfile: open /var/lib/docker/tmp/buildkit-mount728859855/Dockerfile: no such file or directory
make: *** [docker/generated.mk:9378: .cpython2_cpython2-project-builder] Error 1
