WARNING:root:gcloud not found in PATH.
INFO:root:Successfully integrated benchmark: minify_minify.
INFO:root:Please run "make test-run-afl-minify_minify" to test integration.
#1 [internal] load build definition from Dockerfile
#1 sha256:d233cb66b84d695aa91043c71a5ed627e334dbb325f3e3abcc29d0a7f2b9ce5e
#1 transferring dockerfile: 843B done
#1 DONE 0.0s

#2 [internal] load .dockerignore
#2 sha256:40ca69b3e7c0f60c1afab1f6fc3964b621e4d40cfeca4c7681913153244fd8d4
#2 transferring context: 2B done
#2 DONE 0.0s

#3 [internal] load metadata for gcr.io/oss-fuzz-base/base-builder:latest
#3 sha256:f10dc39cc9d418a5bc416dead31a1902b6821fdae909cd3b08f7a3fd1faba7b5
#3 DONE 0.3s

#7 [internal] load build context
#7 sha256:a30c5bdca286df9cdecf023594281be3c322719def6840586863a43a3e8683de
#7 DONE 0.0s

#5 [1/4] FROM gcr.io/oss-fuzz-base/base-builder@sha256:f4e5ea12494fab091c5d830cf803b3421f2860f729b9d1b07da44924396cf8cf
#5 sha256:ef290950573a2779ee526af357b28fbddfc20d7409aa51f58f777c9e972cba29
#5 DONE 0.0s

#4 importing cache manifest from gcr.io/fuzzbench/builders/benchmark/minify_minify
#4 sha256:9c922bfdb275007ce8dc1f8f9f094b7a56c54ca85aa202bf1153d591e7df4def
#4 ERROR: gcr.io/fuzzbench/builders/benchmark/minify_minify:latest: not found

#5 [1/4] FROM gcr.io/oss-fuzz-base/base-builder@sha256:f4e5ea12494fab091c5d830cf803b3421f2860f729b9d1b07da44924396cf8cf
#5 sha256:ef290950573a2779ee526af357b28fbddfc20d7409aa51f58f777c9e972cba29
#5 CACHED

#7 [internal] load build context
#7 sha256:a30c5bdca286df9cdecf023594281be3c322719def6840586863a43a3e8683de
#7 transferring context: 1.13kB done
#7 DONE 0.0s

#6 [2/4] RUN go get -u github.com/tdewolff/minify
#6 sha256:8db6eff9a832f2bc31b42a4cb0bcfdf5739bf27ed95591051bcc9d1cdad1234a
#6 0.350 /bin/sh: 1: go: not found
#6 ERROR: executor failed running [/bin/sh -c go get -u github.com/tdewolff/minify]: exit code: 127
------
 > importing cache manifest from gcr.io/fuzzbench/builders/benchmark/minify_minify:
------
------
 > [2/4] RUN go get -u github.com/tdewolff/minify:
------
executor failed running [/bin/sh -c go get -u github.com/tdewolff/minify]: exit code: 127
make: *** [docker/generated.mk:42507: .minify_minify-project-builder] Error 1
/bin/sh: 1: source: not found
#1 [internal] load build definition from Dockerfile
#1 sha256:7b27bae9d10463c69ffafdadc7095debecb64e790041cbb32c505ae2318fbb81
#1 transferring dockerfile: 32B done
#1 DONE 0.0s

#2 [internal] load .dockerignore
#2 sha256:9f7e7a5c85a26e5c118886ba22c352aa1faf8df47660c31f6ecc7d46f65717a6
#2 transferring context: 2B done
#2 DONE 0.0s

#3 [internal] load metadata for gcr.io/oss-fuzz-base/base-builder:latest
#3 sha256:f10dc39cc9d418a5bc416dead31a1902b6821fdae909cd3b08f7a3fd1faba7b5
#3 DONE 0.4s

#7 [internal] load build context
#7 sha256:d0f41a17ca7691733481e0b24d50a3e8598c1bd23add602abb3f485f74f38459
#7 DONE 0.0s

#5 [1/4] FROM gcr.io/oss-fuzz-base/base-builder@sha256:f4e5ea12494fab091c5d830cf803b3421f2860f729b9d1b07da44924396cf8cf
#5 sha256:ef290950573a2779ee526af357b28fbddfc20d7409aa51f58f777c9e972cba29
#5 DONE 0.0s

#4 importing cache manifest from gcr.io/fuzzbench/builders/benchmark/minify_minify
#4 sha256:9c922bfdb275007ce8dc1f8f9f094b7a56c54ca85aa202bf1153d591e7df4def
#4 ERROR: gcr.io/fuzzbench/builders/benchmark/minify_minify:latest: not found

#5 [1/4] FROM gcr.io/oss-fuzz-base/base-builder@sha256:f4e5ea12494fab091c5d830cf803b3421f2860f729b9d1b07da44924396cf8cf
#5 sha256:ef290950573a2779ee526af357b28fbddfc20d7409aa51f58f777c9e972cba29
#5 CACHED

#7 [internal] load build context
#7 sha256:d0f41a17ca7691733481e0b24d50a3e8598c1bd23add602abb3f485f74f38459
#7 transferring context: 30B done
#7 DONE 0.0s

#6 [2/4] RUN go get -u github.com/tdewolff/minify
#6 sha256:8db6eff9a832f2bc31b42a4cb0bcfdf5739bf27ed95591051bcc9d1cdad1234a
#6 0.329 /bin/sh: 1: go: not found
#6 ERROR: executor failed running [/bin/sh -c go get -u github.com/tdewolff/minify]: exit code: 127
------
 > importing cache manifest from gcr.io/fuzzbench/builders/benchmark/minify_minify:
------
------
 > [2/4] RUN go get -u github.com/tdewolff/minify:
------
executor failed running [/bin/sh -c go get -u github.com/tdewolff/minify]: exit code: 127
make: *** [docker/generated.mk:42507: .minify_minify-project-builder] Error 1
