WARNING:root:gcloud not found in PATH.
INFO:root:Successfully integrated benchmark: kubernetes_kubernetes.
INFO:root:Please run "make test-run-afl-kubernetes_kubernetes" to test integration.
#1 [internal] load build definition from Dockerfile
#1 sha256:00c3e3ae6fb27ce936827c0ac3de0c105165181ddb733b19931106063ed22f87
#1 transferring dockerfile: 361B done
#1 DONE 0.0s

#2 [internal] load .dockerignore
#2 sha256:ae23b16a33cf88896bb5051c97897463fab3908594921450f76becbc2fe0fc2b
#2 transferring context: 2B done
#2 DONE 0.0s

#3 [internal] load metadata for gcr.io/oss-fuzz-base/base-builder:latest
#3 sha256:f10dc39cc9d418a5bc416dead31a1902b6821fdae909cd3b08f7a3fd1faba7b5
#3 DONE 0.4s

#5 [ 1/18] FROM gcr.io/oss-fuzz-base/base-builder@sha256:4ad017ca53699eda684c1c444948c93a4af848fe34baee3a765d3c4693fe6a56
#5 sha256:3f10b3978a3951f6e2692fa5e5890ee5a755650381dedece7198ed0b1dcdaa8c
#5 CACHED

#10 [internal] load build context
#10 sha256:b5da86d65c4d9aec1aa72214a7618ada1e8b6ebf2c5bf9a008817ef680dd3431
#10 DONE 0.0s

#4 importing cache manifest from gcr.io/fuzzbench/builders/benchmark/kubernetes_kubernetes
#4 sha256:1c3d68b7f641336c63b48ed1b497fcf123c5d98d8015a59ad1071252e4ebfaa3
#4 ERROR: gcr.io/fuzzbench/builders/benchmark/kubernetes_kubernetes:latest: not found

#10 [internal] load build context
#10 sha256:b5da86d65c4d9aec1aa72214a7618ada1e8b6ebf2c5bf9a008817ef680dd3431
#10 transferring context: 1.32kB done
#10 DONE 0.0s

#6 [2/6] RUN go get -u -d github.com/dvyukov/go-fuzz/...
#6 sha256:92014afaefc4a1b3190dc634cee0529123e9a897f008ef32999cc49d8b500ac1
#6 0.462 /bin/sh: 1: go: not found
#6 ERROR: executor failed running [/bin/sh -c go get -u -d github.com/dvyukov/go-fuzz/...]: exit code: 127
------
 > importing cache manifest from gcr.io/fuzzbench/builders/benchmark/kubernetes_kubernetes:
------
------
 > [2/6] RUN go get -u -d github.com/dvyukov/go-fuzz/...:
------
executor failed running [/bin/sh -c go get -u -d github.com/dvyukov/go-fuzz/...]: exit code: 127
make: *** [docker/generated.mk:25735: .kubernetes_kubernetes-project-builder] Error 1
/bin/sh: 1: source: not found
#1 [internal] load build definition from Dockerfile
#1 sha256:5263e3e0336be9351528b9955245be9571c7d49e39a5d94b20073fcaeea6c94b
#1 transferring dockerfile: 32B done
#1 DONE 0.0s

#2 [internal] load .dockerignore
#2 sha256:c37510ffe1ecacbacd658a36faeb4b3f63a91e5310792a41de4745b5f6cc40fd
#2 transferring context: 2B done
#2 DONE 0.0s

#3 [internal] load metadata for gcr.io/oss-fuzz-base/base-builder:latest
#3 sha256:f10dc39cc9d418a5bc416dead31a1902b6821fdae909cd3b08f7a3fd1faba7b5
#3 DONE 0.3s

#5 [ 1/18] FROM gcr.io/oss-fuzz-base/base-builder@sha256:4ad017ca53699eda684c1c444948c93a4af848fe34baee3a765d3c4693fe6a56
#5 sha256:3f10b3978a3951f6e2692fa5e5890ee5a755650381dedece7198ed0b1dcdaa8c
#5 CACHED

#10 [internal] load build context
#10 sha256:24e84e765e52faf6dac8b68705edf23b64bf3e2ab7bd3d6cbce7d1d455a5dfd9
#10 DONE 0.0s

#4 importing cache manifest from gcr.io/fuzzbench/builders/benchmark/kubernetes_kubernetes
#4 sha256:1c3d68b7f641336c63b48ed1b497fcf123c5d98d8015a59ad1071252e4ebfaa3
#4 ERROR: gcr.io/fuzzbench/builders/benchmark/kubernetes_kubernetes:latest: not found

#10 [internal] load build context
#10 sha256:24e84e765e52faf6dac8b68705edf23b64bf3e2ab7bd3d6cbce7d1d455a5dfd9
#10 transferring context: 30B done
#10 DONE 0.0s

#6 [2/6] RUN go get -u -d github.com/dvyukov/go-fuzz/...
#6 sha256:92014afaefc4a1b3190dc634cee0529123e9a897f008ef32999cc49d8b500ac1
#6 0.454 /bin/sh: 1: go: not found
#6 ERROR: executor failed running [/bin/sh -c go get -u -d github.com/dvyukov/go-fuzz/...]: exit code: 127
------
 > importing cache manifest from gcr.io/fuzzbench/builders/benchmark/kubernetes_kubernetes:
------
------
 > [2/6] RUN go get -u -d github.com/dvyukov/go-fuzz/...:
------
executor failed running [/bin/sh -c go get -u -d github.com/dvyukov/go-fuzz/...]: exit code: 127
make: *** [docker/generated.mk:25735: .kubernetes_kubernetes-project-builder] Error 1
