WARNING:root:gcloud not found in PATH.
INFO:root:Successfully integrated benchmark: stb_stb.
INFO:root:Please run "make test-run-afl-stb_stb" to test integration.
#1 [internal] load build definition from Dockerfile
#1 sha256:42ca4c51756449605368f02905d0be1ffbcd5d8ba6bc488ac9791a4658258219
#1 transferring dockerfile: 1.37kB done
#1 DONE 0.3s

#2 [internal] load .dockerignore
#2 sha256:7a92e0b76c798ec0761db8b1a5a7f529eb699df9be03795f0484fbba46b3228b
#2 transferring context: 2B done
#2 DONE 0.3s

#3 [internal] load metadata for gcr.io/oss-fuzz-base/base-builder:latest
#3 sha256:f10dc39cc9d418a5bc416dead31a1902b6821fdae909cd3b08f7a3fd1faba7b5
#3 DONE 0.4s

#12 [internal] load build context
#12 sha256:4a66e2a371f829ce378aca293fffb11d0a04ce224bb9373dd5c1783625698efb
#12 DONE 0.0s

#5 [1/8] FROM gcr.io/oss-fuzz-base/base-builder@sha256:f4e5ea12494fab091c5d830cf803b3421f2860f729b9d1b07da44924396cf8cf
#5 sha256:ef290950573a2779ee526af357b28fbddfc20d7409aa51f58f777c9e972cba29
#5 DONE 0.0s

#4 importing cache manifest from gcr.io/fuzzbench/builders/benchmark/stb_stb
#4 sha256:4b4da8bab50bb3106f71340ddeaf578e92dcc476b2f0278bca2283082ca929f3
#4 ERROR: gcr.io/fuzzbench/builders/benchmark/stb_stb:latest: not found

#5 [1/8] FROM gcr.io/oss-fuzz-base/base-builder@sha256:f4e5ea12494fab091c5d830cf803b3421f2860f729b9d1b07da44924396cf8cf
#5 sha256:ef290950573a2779ee526af357b28fbddfc20d7409aa51f58f777c9e972cba29
#5 CACHED

#12 [internal] load build context
#12 sha256:4a66e2a371f829ce378aca293fffb11d0a04ce224bb9373dd5c1783625698efb
#12 transferring context: 1.64kB done
#12 DONE 0.2s

#6 [2/8] RUN apt-get update &&     apt-get install -y wget tar
#6 sha256:301ef42c18ff67e239c2f3eb0725876873a0864f6ad835479c7434ff75526231
#6 0.810 Hit:1 http://ppa.launchpad.net/git-core/ppa/ubuntu focal InRelease
#6 0.810 Hit:2 http://archive.ubuntu.com/ubuntu focal InRelease
#6 0.810 Get:3 http://archive.ubuntu.com/ubuntu focal-updates InRelease [114 kB]
#6 0.810 Get:4 http://security.ubuntu.com/ubuntu focal-security InRelease [114 kB]
#6 0.895 Get:5 http://archive.ubuntu.com/ubuntu focal-backports InRelease [108 kB]
#6 1.357 Get:6 http://security.ubuntu.com/ubuntu focal-security/universe amd64 Packages [840 kB]
#6 1.951 Get:7 http://archive.ubuntu.com/ubuntu focal-updates/universe amd64 Packages [1134 kB]
#6 1.953 Get:8 http://security.ubuntu.com/ubuntu focal-security/main amd64 Packages [1546 kB]
#6 2.111 Get:9 http://security.ubuntu.com/ubuntu focal-security/universe i386 Packages [657 kB]
#6 2.183 Get:10 http://security.ubuntu.com/ubuntu focal-security/main i386 Packages [464 kB]
#6 2.353 Get:11 http://archive.ubuntu.com/ubuntu focal-updates/main amd64 Packages [1973 kB]
#6 2.638 Get:12 http://archive.ubuntu.com/ubuntu focal-updates/universe i386 Packages [827 kB]
#6 2.707 Get:13 http://archive.ubuntu.com/ubuntu focal-updates/main i386 Packages [752 kB]
#6 3.010 Fetched 8529 kB in 2s (3855 kB/s)
#6 3.010 Reading package lists...
#6 5.122 Reading package lists...
#6 6.549 Building dependency tree...
#6 6.760 Reading state information...
#6 7.009 tar is already the newest version (1.30+dfsg-7ubuntu0.20.04.1).
#6 7.009 wget is already the newest version (1.20.3-1ubuntu2).
#6 7.009 0 upgraded, 0 newly installed, 0 to remove and 3 not upgraded.
#6 DONE 7.8s

#7 [3/8] RUN git clone --depth 1 https://github.com/nothings/stb.git
#7 sha256:bd65d1df25481bee75d105e739bbf0a80f8ecbc6f07eca93b91749c10245a334
#7 0.626 Cloning into 'stb'...
#7 DONE 1.9s

#8 [4/8] RUN wget -O /src/stb/gif.tar.gz https://storage.googleapis.com/google-code-archive-downloads/v2/code.google.com/imagetestsuite/imagetestsuite-gif-1.00.tar.gz
#8 sha256:889646613ae83545f2d346c53443a868c9fa6b709492476da0572037a5db9e6f
#8 0.562 --2022-02-15 17:43:10--  https://storage.googleapis.com/google-code-archive-downloads/v2/code.google.com/imagetestsuite/imagetestsuite-gif-1.00.tar.gz
#8 0.565 Resolving storage.googleapis.com (storage.googleapis.com)... 172.217.16.80, 216.58.213.208, 172.217.19.80, ...
#8 0.577 Connecting to storage.googleapis.com (storage.googleapis.com)|172.217.16.80|:443... connected.
#8 0.625 HTTP request sent, awaiting response... 200 OK
#8 1.054 Length: 1576780 (1.5M) [application/octet-stream]
#8 1.054 Saving to: '/src/stb/gif.tar.gz'
#8 1.054 
#8 1.054      0K .......... .......... .......... .......... ..........  3% 1.47M 1s
#8 1.088     50K .......... .......... .......... .......... ..........  6% 2.89M 1s
#8 1.105    100K .......... .......... .......... .......... ..........  9% 4.32M 1s
#8 1.115    150K .......... .......... .......... .......... .......... 12% 7.45M 0s
#8 1.122    200K .......... .......... .......... .......... .......... 16% 7.61M 0s
#8 1.128    250K .......... .......... .......... .......... .......... 19% 5.63M 0s
#8 1.137    300K .......... .......... .......... .......... .......... 22% 4.46M 0s
#8 1.148    350K .......... .......... .......... .......... .......... 25% 4.66M 0s
#8 1.159    400K .......... .......... .......... .......... .......... 29% 9.90M 0s
#8 1.164    450K .......... .......... .......... .......... .......... 32% 13.9M 0s
#8 1.167    500K .......... .......... .......... .......... .......... 35% 12.6M 0s
#8 1.171    550K .......... .......... .......... .......... .......... 38% 12.0M 0s
#8 1.175    600K .......... .......... .......... .......... .......... 42% 9.42M 0s
#8 1.180    650K .......... .......... .......... .......... .......... 45% 9.46M 0s
#8 1.185    700K .......... .......... .......... .......... .......... 48% 8.75M 0s
#8 1.191    750K .......... .......... .......... .......... .......... 51% 9.50M 0s
#8 1.196    800K .......... .......... .......... .......... .......... 55% 9.09M 0s
#8 1.201    850K .......... .......... .......... .......... .......... 58% 8.95M 0s
#8 1.207    900K .......... .......... .......... .......... .......... 61% 9.21M 0s
#8 1.212    950K .......... .......... .......... .......... .......... 64% 9.30M 0s
#8 1.217   1000K .......... .......... .......... .......... .......... 68% 8.19M 0s
#8 1.223   1050K .......... .......... .......... .......... .......... 71% 9.52M 0s
#8 1.228   1100K .......... .......... .......... .......... .......... 74% 9.85M 0s
#8 1.235   1150K .......... .......... .......... .......... .......... 77% 7.39M 0s
#8 1.240   1200K .......... .......... .......... .......... .......... 81% 9.60M 0s
#8 1.245   1250K .......... .......... .......... .......... .......... 84% 9.82M 0s
#8 1.250   1300K .......... .......... .......... .......... .......... 87% 9.34M 0s
#8 1.255   1350K .......... .......... .......... .......... .......... 90% 9.91M 0s
#8 1.260   1400K .......... .......... .......... .......... .......... 94% 9.79M 0s
#8 1.265   1450K .......... .......... .......... .......... .......... 97% 9.53M 0s
#8 1.270   1500K .......... .......... .......... .........            100% 10.9M=0.2s
#8 1.274 
#8 1.274 2022-02-15 17:43:11 (6.84 MB/s) - '/src/stb/gif.tar.gz' saved [1576780/1576780]
#8 1.274 
#8 DONE 1.6s

#9 [5/8] RUN wget -O /src/stb/jpg.tar.gz https://storage.googleapis.com/google-code-archive-downloads/v2/code.google.com/imagetestsuite/imagetestsuite-jpg-1.00.tar.gz
#9 sha256:0a6a6dabb151790030921f845390208ee4825d69bb4385b41d66ca647c72f472
#9 0.546 --2022-02-15 17:43:12--  https://storage.googleapis.com/google-code-archive-downloads/v2/code.google.com/imagetestsuite/imagetestsuite-jpg-1.00.tar.gz
#9 0.549 Resolving storage.googleapis.com (storage.googleapis.com)... 172.217.16.80, 216.58.213.208, 172.217.19.80, ...
#9 0.551 Connecting to storage.googleapis.com (storage.googleapis.com)|172.217.16.80|:443... connected.
#9 0.597 HTTP request sent, awaiting response... 200 OK
#9 1.030 Length: 1485031 (1.4M) [application/octet-stream]
#9 1.030 Saving to: '/src/stb/jpg.tar.gz'
#9 1.030 
#9 1.030      0K .......... .......... .......... .......... ..........  3% 1.47M 1s
#9 1.063     50K .......... .......... .......... .......... ..........  6% 2.88M 1s
#9 1.081    100K .......... .......... .......... .......... .......... 10% 4.34M 1s
#9 1.091    150K .......... .......... .......... .......... .......... 13% 7.21M 0s
#9 1.098    200K .......... .......... .......... .......... .......... 17% 7.46M 0s
#9 1.104    250K .......... .......... .......... .......... .......... 20% 9.17M 0s
#9 1.110    300K .......... .......... .......... .......... .......... 24% 11.3M 0s
#9 1.114    350K .......... .......... .......... .......... .......... 27% 12.7M 0s
#9 1.118    400K .......... .......... .......... .......... .......... 31% 12.4M 0s
#9 1.122    450K .......... .......... .......... .......... .......... 34% 13.7M 0s
#9 1.125    500K .......... .......... .......... .......... .......... 37% 12.2M 0s
#9 1.129    550K .......... .......... .......... .......... .......... 41% 13.3M 0s
#9 1.133    600K .......... .......... .......... .......... .......... 44% 11.4M 0s
#9 1.137    650K .......... .......... .......... .......... .......... 48% 13.4M 0s
#9 1.141    700K .......... .......... .......... .......... .......... 51% 12.1M 0s
#9 1.145    750K .......... .......... .......... .......... .......... 55% 10.5M 0s
#9 1.149    800K .......... .......... .......... .......... .......... 58% 10.0M 0s
#9 1.154    850K .......... .......... .......... .......... .......... 62% 9.27M 0s
#9 1.160    900K .......... .......... .......... .......... .......... 65% 9.97M 0s
#9 1.164    950K .......... .......... .......... .......... .......... 68% 9.49M 0s
#9 1.170   1000K .......... .......... .......... .......... .......... 72% 10.3M 0s
#9 1.174   1050K .......... .......... .......... .......... .......... 75% 9.18M 0s
#9 1.180   1100K .......... .......... .......... .......... .......... 79% 9.94M 0s
#9 1.186   1150K .......... .......... .......... .......... .......... 82% 8.03M 0s
#9 1.191   1200K .......... .......... .......... .......... .......... 86% 9.66M 0s
#9 1.196   1250K .......... .......... .......... .......... .......... 89% 11.1M 0s
#9 1.200   1300K .......... .......... .......... .......... .......... 93% 9.72M 0s
#9 1.205   1350K .......... .......... .......... .......... .......... 96% 10.5M 0s
#9 1.210   1400K .......... .......... .......... .......... .......... 99% 15.5M 0s
#9 1.213   1450K                                                       100%  430G=0.2s
#9 1.213 
#9 1.213 2022-02-15 17:43:13 (7.72 MB/s) - '/src/stb/jpg.tar.gz' saved [1485031/1485031]
#9 1.213 
#9 DONE 1.8s

#10 [6/8] RUN wget -O /src/stb/tests/gif.dict https://raw.githubusercontent.com/mirrorer/afl/master/dictionaries/gif.dict &> /dev/null
#10 sha256:ac836c67faabb83ed4e0f6db74a6b5b051d01416507a002216d0481ef79583af
#10 DONE 0.9s

#11 [7/8] WORKDIR stb
#11 sha256:9c6103cb4a708e86cabf43a90d8f0c2dfcec31931c5bcde6ce75d459770f262f
#11 DONE 0.4s

#13 [8/8] COPY build.sh /src/
#13 sha256:4ba3235388118a5b358d9f03cb83a4b97616815ea1719a467fb862de47bd5ade
#13 DONE 0.3s

#14 exporting to image
#14 sha256:e8c613e07b0b7ff33893b694f7759a10d42e180f2b4dc349fb57dc6b71dcab00
#14 exporting layers done
#14 writing image sha256:8849ac2721c351d03e3c9c98be720dc568e546bb6094497666c50b0bdf14c4a9 done
#14 naming to gcr.io/fuzzbench/builders/benchmark/stb_stb 0.0s done
#14 DONE 0.2s

#15 exporting cache
#15 sha256:2700d4ef94dee473593c5c614b55b2dedcca7893909811a8f2b48291a1f581e4
#15 preparing build cache for export done
#15 DONE 0.0s
------
 > importing cache manifest from gcr.io/fuzzbench/builders/benchmark/stb_stb:
------
#1 [internal] load build definition from builder.Dockerfile
#1 sha256:32918b3116e2cc8afcc26b6c5cf0b64d5ae2f73a8fc1d9b26ff18c02c80c6ec3
#1 transferring dockerfile: 46B done
#1 DONE 0.1s

#2 [internal] load .dockerignore
#2 sha256:32a0d2ce528f742aaf045092744467448822bac8b7d8e1e2b0785334000f931a
#2 transferring context: 2B done
#2 DONE 0.1s

#3 [internal] load metadata for gcr.io/fuzzbench/builders/benchmark/stb_stb:latest
#3 sha256:1c1680cbd6282a7acf39fce552fe75e181b5ac76e93f876912db11ec31baa314
#3 DONE 0.0s

#5 [1/3] FROM gcr.io/fuzzbench/builders/benchmark/stb_stb
#5 sha256:056d8df4e910fb09fd6d0b58fc0d94012cb98630a66d81e646e0c7671ab36807
#5 DONE 0.0s

#4 importing cache manifest from gcr.io/fuzzbench/builders/afl/stb_stb-intermediate
#4 sha256:b0d7bf3f802691bf70d6a979b445e5c35217887154d575f89d14f7388a996e1e
#4 ERROR: gcr.io/fuzzbench/builders/afl/stb_stb-intermediate:latest: not found

#5 [1/3] FROM gcr.io/fuzzbench/builders/benchmark/stb_stb
#5 sha256:056d8df4e910fb09fd6d0b58fc0d94012cb98630a66d81e646e0c7671ab36807
#5 DONE 1.5s

#6 [2/3] RUN git clone https://github.com/google/AFL.git /afl &&     cd /afl &&     git checkout 61037103ae3722c8060ff7082994836a794f978e &&     AFL_NO_X86=1 make
#6 sha256:8dcd4ebdebf1544ed795870abff8687c1b9147f69faa594a99e429f4dd3b5a5a
#6 0.376 Cloning into '/afl'...
#6 1.704 Note: switching to '61037103ae3722c8060ff7082994836a794f978e'.
#6 1.704 
#6 1.704 You are in 'detached HEAD' state. You can look around, make experimental
#6 1.704 changes and commit them, and you can discard any commits you make in this
#6 1.704 state without impacting any branches by switching back to a branch.
#6 1.704 
#6 1.704 If you want to create a new branch to retain commits you create, you may
#6 1.704 do so (now or later) by using -c with the switch command. Example:
#6 1.704 
#6 1.704   git switch -c <new-branch-name>
#6 1.704 
#6 1.704 Or undo this operation with:
#6 1.704 
#6 1.704   git switch -
#6 1.704 
#6 1.704 Turn off this advice by setting config variable advice.detachedHead to false
#6 1.704 
#6 1.704 HEAD is now at 6103710 Fix a typo filename comparison in the fuzzer (#139)
#6 1.721 [!] Note: skipping x86 compilation checks (AFL_NO_X86 set).
#6 1.721 clang -O1 -fno-omit-frame-pointer -gline-tables-only -DFUZZING_BUILD_MODE_UNSAFE_FOR_PRODUCTION -Wall -D_FORTIFY_SOURCE=2 -g -Wno-pointer-sign -DAFL_PATH=\"/usr/local/lib/afl\" -DDOC_PATH=\"/usr/local/share/doc/afl\" -DBIN_PATH=\"/usr/local/bin\" afl-gcc.c -o afl-gcc -ldl
#6 1.903 set -e; for i in afl-g++ afl-clang afl-clang++; do ln -sf afl-gcc $i; done
#6 1.908 clang -O1 -fno-omit-frame-pointer -gline-tables-only -DFUZZING_BUILD_MODE_UNSAFE_FOR_PRODUCTION -Wall -D_FORTIFY_SOURCE=2 -g -Wno-pointer-sign -DAFL_PATH=\"/usr/local/lib/afl\" -DDOC_PATH=\"/usr/local/share/doc/afl\" -DBIN_PATH=\"/usr/local/bin\" afl-fuzz.c -o afl-fuzz -ldl
#6 4.348 clang -O1 -fno-omit-frame-pointer -gline-tables-only -DFUZZING_BUILD_MODE_UNSAFE_FOR_PRODUCTION -Wall -D_FORTIFY_SOURCE=2 -g -Wno-pointer-sign -DAFL_PATH=\"/usr/local/lib/afl\" -DDOC_PATH=\"/usr/local/share/doc/afl\" -DBIN_PATH=\"/usr/local/bin\" afl-showmap.c -o afl-showmap -ldl
#6 4.665 clang -O1 -fno-omit-frame-pointer -gline-tables-only -DFUZZING_BUILD_MODE_UNSAFE_FOR_PRODUCTION -Wall -D_FORTIFY_SOURCE=2 -g -Wno-pointer-sign -DAFL_PATH=\"/usr/local/lib/afl\" -DDOC_PATH=\"/usr/local/share/doc/afl\" -DBIN_PATH=\"/usr/local/bin\" afl-tmin.c -o afl-tmin -ldl
#6 5.091 clang -O1 -fno-omit-frame-pointer -gline-tables-only -DFUZZING_BUILD_MODE_UNSAFE_FOR_PRODUCTION -Wall -D_FORTIFY_SOURCE=2 -g -Wno-pointer-sign -DAFL_PATH=\"/usr/local/lib/afl\" -DDOC_PATH=\"/usr/local/share/doc/afl\" -DBIN_PATH=\"/usr/local/bin\" afl-gotcpu.c -o afl-gotcpu -ldl
#6 5.241 clang -O1 -fno-omit-frame-pointer -gline-tables-only -DFUZZING_BUILD_MODE_UNSAFE_FOR_PRODUCTION -Wall -D_FORTIFY_SOURCE=2 -g -Wno-pointer-sign -DAFL_PATH=\"/usr/local/lib/afl\" -DDOC_PATH=\"/usr/local/share/doc/afl\" -DBIN_PATH=\"/usr/local/bin\" afl-analyze.c -o afl-analyze -ldl
#6 5.633 clang -O1 -fno-omit-frame-pointer -gline-tables-only -DFUZZING_BUILD_MODE_UNSAFE_FOR_PRODUCTION -Wall -D_FORTIFY_SOURCE=2 -g -Wno-pointer-sign -DAFL_PATH=\"/usr/local/lib/afl\" -DDOC_PATH=\"/usr/local/share/doc/afl\" -DBIN_PATH=\"/usr/local/bin\" afl-as.c -o afl-as -ldl
#6 5.864 ln -sf afl-as as
#6 5.866 [!] Note: skipping build tests (you may need to use LLVM or QEMU mode).
#6 5.869 [+] LLVM users: see llvm_mode/README.llvm for a faster alternative to afl-gcc.
#6 5.870 [+] All done! Be sure to review README - it's pretty short and useful.
#6 DONE 8.0s

#7 [3/3] RUN apt-get update &&     apt-get install wget -y &&     wget https://raw.githubusercontent.com/llvm/llvm-project/5feb80e748924606531ba28c97fe65145c65372e/compiler-rt/lib/fuzzer/afl/afl_driver.cpp -O /afl/afl_driver.cpp &&     clang -Wno-pointer-sign -c /afl/llvm_mode/afl-llvm-rt.o.c -I/afl &&     clang++ -stdlib=libc++ -std=c++11 -O2 -c /afl/afl_driver.cpp &&     ar r /libAFL.a *.o
#7 sha256:1159f59d7d207e2f25b7894bb235ddc365ecee414f26779a661f0a4e25db897b
#7 0.795 Hit:1 http://ppa.launchpad.net/git-core/ppa/ubuntu focal InRelease
#7 0.795 Hit:2 http://archive.ubuntu.com/ubuntu focal InRelease
#7 0.795 Hit:3 http://archive.ubuntu.com/ubuntu focal-updates InRelease
#7 0.795 Hit:4 http://security.ubuntu.com/ubuntu focal-security InRelease
#7 0.807 Hit:5 http://archive.ubuntu.com/ubuntu focal-backports InRelease
#7 1.820 Reading package lists...
#7 3.319 Reading package lists...
#7 4.738 Building dependency tree...
#7 4.948 Reading state information...
#7 5.191 wget is already the newest version (1.20.3-1ubuntu2).
#7 5.191 0 upgraded, 0 newly installed, 0 to remove and 3 not upgraded.
#7 5.196 --2022-02-15 17:43:31--  https://raw.githubusercontent.com/llvm/llvm-project/5feb80e748924606531ba28c97fe65145c65372e/compiler-rt/lib/fuzzer/afl/afl_driver.cpp
#7 5.199 Resolving raw.githubusercontent.com (raw.githubusercontent.com)... 185.199.111.133, 185.199.109.133, 185.199.108.133, ...
#7 5.210 Connecting to raw.githubusercontent.com (raw.githubusercontent.com)|185.199.111.133|:443... connected.
#7 5.237 HTTP request sent, awaiting response... 200 OK
#7 5.257 Length: 9177 (9.0K) [text/plain]
#7 5.257 Saving to: '/afl/afl_driver.cpp'
#7 5.257 
#7 5.257      0K ........                                              100% 6.43M=0.001s
#7 5.258 
#7 5.258 2022-02-15 17:43:32 (6.43 MB/s) - '/afl/afl_driver.cpp' saved [9177/9177]
#7 5.258 
#7 7.004 ar: creating /libAFL.a
#7 DONE 7.6s

#8 exporting to image
#8 sha256:e8c613e07b0b7ff33893b694f7759a10d42e180f2b4dc349fb57dc6b71dcab00
#8 exporting layers done
#8 writing image sha256:d9239ed5f792cd0e8e51c2c9fd589ff73751a3ab5e43d69b39cbc3ca0d6d7f6c 0.0s done
#8 naming to gcr.io/fuzzbench/builders/afl/stb_stb-intermediate
#8 naming to gcr.io/fuzzbench/builders/afl/stb_stb-intermediate done
#8 DONE 0.4s

#9 exporting cache
#9 sha256:2700d4ef94dee473593c5c614b55b2dedcca7893909811a8f2b48291a1f581e4
#9 preparing build cache for export done
#9 DONE 0.0s
------
 > importing cache manifest from gcr.io/fuzzbench/builders/afl/stb_stb-intermediate:
------
#1 [internal] load build definition from Dockerfile
#1 sha256:6a0d740e1395f636443a7a61b68471ae018848496e2f30ec7fe254a71af3dc16
#1 transferring dockerfile: 2.00kB done
#1 DONE 0.1s

#2 [internal] load .dockerignore
#2 sha256:225e1947850f6cb681a5e4f7bc5637cbd311c28078c38fbdc3ad7b6edc2f72b2
#2 transferring context: 34B done
#2 DONE 0.1s

#3 [internal] load metadata for docker.io/library/ubuntu:xenial
#3 sha256:f62bae18ed588840f045c881b2502661f2a89578a2f8f99b83f5200ee83dd25b
#3 DONE 0.0s

#5 [1/7] FROM docker.io/library/ubuntu:xenial
#5 sha256:14dd403f25ae9e519bd44f27dc17af7ce80f5a4f9f48ca88108364e67ec5d360
#5 DONE 0.0s

#4 importing cache manifest from gcr.io/fuzzbench/base-image
#4 sha256:9b220ebb4d4daceed1b96df9b6dca076e762f1cd612574f010b82d5b9e5ad896
#4 DONE 0.0s

#8 [internal] load build context
#8 sha256:80ed38866e86c357f1fbaa01523dde22ba6117db12f7c5272691fbab7e3ba4b6
#8 transferring context: 559B 0.0s done
#8 DONE 0.1s

#11 [6/7] RUN apt-get update -y && apt-get install -y     apt-transport-https     lsb-release
#11 sha256:05f66bc64a68d33d8f9ce35a86394f471bb38521480b471310cacdb1c983c0d3
#11 CACHED

#6 [2/7] RUN apt-get update -y && apt-get install -y     build-essential     rsync     curl     zlib1g-dev     libncurses5-dev     libgdbm-dev     libnss3-dev     libssl-dev     libreadline-dev     libffi-dev     virtualenv     libbz2-dev     liblzma-dev     libsqlite3-dev
#6 sha256:3a1b0960f17eed529eaae93dc8fd3554f2743dd584d8fa569cdbe6bc734371ac
#6 CACHED

#7 [3/7] RUN cd /tmp/ &&     curl -O https://www.python.org/ftp/python/3.8.6/Python-3.8.6.tar.xz &&     tar -xvf Python-3.8.6.tar.xz &&     cd Python-3.8.6 &&     ./configure --enable-loadable-sqlite-extensions --enable-optimizations &&     make -j install &&     rm -r /tmp/Python-3.8.6.tar.xz /tmp/Python-3.8.6
#7 sha256:c5b9d1fb3371e84dbc60b76e7b2f8d5913bc93bcd4910ab65daa03e7b2ec4bb0
#7 CACHED

#9 [4/7] COPY ./requirements.txt /
#9 sha256:eb04a49db1fc8e89582d4f0b73a0cdf326cc76c318535059f8478c236da30cbd
#9 CACHED

#10 [5/7] RUN pip3 install -r /requirements.txt
#10 sha256:0fd30eaeda0b9afc0d2fe50eee4e4842bccfdc0096c36681683f8dc9f93e0d0b
#10 CACHED

#12 [7/7] RUN CLOUD_SDK_REPO="cloud-sdk-$(lsb_release -c -s)" &&     echo "deb https://packages.cloud.google.com/apt $CLOUD_SDK_REPO main"     | tee -a /etc/apt/sources.list.d/google-cloud-sdk.list &&     curl https://packages.cloud.google.com/apt/doc/apt-key.gpg     | apt-key add - &&     apt-get update -y &&     apt-get install -y google-cloud-sdk
#12 sha256:69c2db56dcba641a6f5fa2d52c665282e83bcf3a506268aa710bca3a1312e293
#12 CACHED

#13 exporting to image
#13 sha256:e8c613e07b0b7ff33893b694f7759a10d42e180f2b4dc349fb57dc6b71dcab00
#13 exporting layers done
#13 writing image sha256:5bcafeca90d09e5a030feed2ced83edfc14622deae3e4a98f2d89504ec6deb0e
#13 writing image sha256:5bcafeca90d09e5a030feed2ced83edfc14622deae3e4a98f2d89504ec6deb0e 0.0s done
#13 naming to gcr.io/fuzzbench/base-image done
#13 DONE 0.1s

#14 exporting cache
#14 sha256:2700d4ef94dee473593c5c614b55b2dedcca7893909811a8f2b48291a1f581e4
#14 preparing build cache for export done
#14 DONE 0.0s
#1 [internal] load build definition from Dockerfile
#1 sha256:d62b0cb454ec8772c343b08fd5116c91e28958ff669a76df631827203c70b656
#1 transferring dockerfile: 2.22kB done
#1 DONE 0.0s

#2 [internal] load .dockerignore
#2 sha256:eb1d24a1f32e17dee8df1c3f25c0dbd4ee3fc4a84dfea06cf2b4b08ec81cb4ec
#2 transferring context: 34B done
#2 DONE 0.1s

#4 [internal] load metadata for gcr.io/fuzzbench/base-image:latest
#4 sha256:932022888f650cc455b10eb5123bb08c0cccacac29a693e69314abbfd28a72c3
#4 DONE 0.0s

#3 [internal] load metadata for gcr.io/fuzzbench/builders/afl/stb_stb-intermediate:latest
#3 sha256:47b46b909eca03e60acde39e47794a3232e89fddde54c192a88a4e66992abb2c
#3 DONE 0.0s

#12 [internal] load build context
#12 sha256:de9c89eb0bcb170acc7543c95c5f5edc5911baaf856618cdd8b63d085f78c644
#12 DONE 0.0s

#7 [base-image 1/1] FROM gcr.io/fuzzbench/base-image
#7 sha256:4d07825694520f8b6f6a0d8592dbd345433361ae044cb7f06706c5a95e3daaad
#7 DONE 0.0s

#5 importing cache manifest from gcr.io/fuzzbench/builders/afl/stb_stb
#5 sha256:486753f8ae1eb799330456822af69d333bf9b41c203fbc2c95adadba147a7ebd
#5 ERROR: gcr.io/fuzzbench/builders/afl/stb_stb:latest: not found

#7 [base-image 1/1] FROM gcr.io/fuzzbench/base-image
#7 sha256:4d07825694520f8b6f6a0d8592dbd345433361ae044cb7f06706c5a95e3daaad
#7 CACHED

#6 [stage-1  1/13] FROM gcr.io/fuzzbench/builders/afl/stb_stb-intermediate
#6 sha256:acf63f912d73ad43d06da3acfdaf725d7fdba573b8a1363147c7c355a387b15c
#6 ...

#12 [internal] load build context
#12 sha256:de9c89eb0bcb170acc7543c95c5f5edc5911baaf856618cdd8b63d085f78c644
#12 transferring context: 669.84kB 0.1s done
#12 DONE 0.3s

#6 [stage-1  1/13] FROM gcr.io/fuzzbench/builders/afl/stb_stb-intermediate
#6 sha256:acf63f912d73ad43d06da3acfdaf725d7fdba573b8a1363147c7c355a387b15c
#6 DONE 1.0s

#8 [stage-1  2/13] COPY --from=base-image /usr/local/bin/python3* /usr/local/bin/
#8 sha256:cf1b9ad72fc428857f0d565a411dfb302855efdab14c0033800b81168ab8cde8
#8 DONE 0.7s

#9 [stage-1  3/13] COPY --from=base-image /usr/local/lib/python3.8 /usr/local/lib/python3.8
#9 sha256:1f5e778c4be8b511966375e1fc48375bba884e963300693d0f3f7f9ba7d4479d
#9 DONE 17.0s

#10 [stage-1  4/13] COPY --from=base-image /usr/local/include/python3.8 /usr/local/include/python3.8
#10 sha256:5a43f9eb09e8741ca20372d9f87344ad45e65cdbec081a9164dd8c7e33aed08a
#10 DONE 0.3s

#11 [stage-1  5/13] COPY --from=base-image /usr/local/lib/python3.8/site-packages /usr/local/lib/python3.8/site-packages
#11 sha256:3939f402ffd1ae24f1a3439ff37dd9675ff640feb6286a8af9cd7dc5755f4e82
#11 DONE 28.8s

#13 [stage-1  6/13] COPY fuzzers /src/fuzzers
#13 sha256:3d74dd8680c58ab6c3ddf90caf0259b2192348045a26f7d0c898864293c0c0f8
#13 DONE 0.5s

#14 [stage-1  7/13] RUN touch /src/__init__.py
#14 sha256:81c7d28d9b4359d17cd1de75348a11604d77daa8406483b6e47c224e6407df5b
#14 DONE 2.0s

#15 [stage-1  8/13] COPY benchmarks/stb_stb/benchmark.yaml /
#15 sha256:15f7a0657256388060e6e3a74175414471bcc83764eb0c1f5bdaf178a88a1bd1
#15 DONE 0.3s

#16 [stage-1  9/13] RUN mkdir /opt/fuzzbench/
#16 sha256:cc5a3e4429aa05c79622ba2c0fdcae7938e977a334a06efff1e267564fdda3c1
#16 DONE 0.6s

#17 [stage-1 10/13] COPY docker/benchmark-builder/checkout_commit.py /opt/fuzzbench/
#17 sha256:fc954dc89759843008317abac48d1eb8d350be23ad0a849c45a9f96dc899af67
#17 DONE 0.1s

#18 [stage-1 11/13] RUN export CHECKOUT_COMMIT=$(cat /benchmark.yaml | tr -d ' ' | grep 'commit:' | cut -d ':' -f2) &&     python3 -u /opt/fuzzbench/checkout_commit.py $CHECKOUT_COMMIT /src
#18 sha256:87d340b3021ba55e1d3f3cd54308f86a7ec5fadbe70e7ae7c3fe737fb0de9266
#18 0.908 Checking out commit 4ef2d5c3
#18 3.670 error: pathspec '4ef2d5c3' did not match any file(s) known to git
#18 3.681 error: pathspec '4ef2d5c3' did not match any file(s) known to git
#18 3.689 error: pathspec '4ef2d5c3' did not match any file(s) known to git
#18 3.757 Checkout unsuccessful.
#18 DONE 4.1s

#19 [stage-1 12/13] RUN echo "#!/bin/bash\nPYTHONPATH=/src python3 -u -c "from fuzzers import utils; utils.initialize_env(); from fuzzers.afl import fuzzer; fuzzer.build()"" > /usr/bin/fuzzer_build &&     chmod +x /usr/bin/fuzzer_build
#19 sha256:541163f707d4f3262423beecdf4d54069a080f82e12ef539e73dcf9d909f7c33
#19 DONE 1.2s

#20 [stage-1 13/13] RUN echo "Run fuzzer_build to build the target" && if [ -z "$debug_builder" ] ; then fuzzer_build; fi
#20 sha256:8dd720d85bca5cfb1da8640048c0fa52fb13695f74c74a7f5d1bd7b0e37c4280
#20 0.589 Run fuzzer_build to build the target
#20 0.757 FUZZ_TARGET = stb
#20 0.757 CFLAGS = -DFUZZING_BUILD_MODE_UNSAFE_FOR_PRODUCTION -pthread -Wl,--no-as-needed -Wl,-ldl -Wl,-lm -Wno-unused-command-line-argument -O3
#20 0.757 CXXFLAGS = -DFUZZING_BUILD_MODE_UNSAFE_FOR_PRODUCTION -pthread -Wl,--no-as-needed -Wl,-ldl -Wl,-lm -Wno-unused-command-line-argument -stdlib=libc++ -O3
#20 0.787 Building benchmark stb_stb with fuzzer afl
#20 0.790 + sed 2d /src/stb/tests/stb_png_read_fuzzer.cpp
#20 0.793 sed: can't read /src/stb/tests/stb_png_read_fuzzer.cpp: No such file or directory
#20 0.794 Traceback (most recent call last):
#20 0.794   File "<string>", line 1, in <module>
#20 0.794   File "/src/fuzzers/afl/fuzzer.py", line 40, in build
#20 0.794     utils.build_benchmark()
#20 0.794   File "/src/fuzzers/utils.py", line 82, in build_benchmark
#20 0.794     subprocess.check_call(['/bin/bash', '-ex', build_script], env=env)
#20 0.794   File "/usr/local/lib/python3.8/subprocess.py", line 364, in check_call
#20 0.794     raise CalledProcessError(retcode, cmd)
#20 0.794 subprocess.CalledProcessError: Command '['/bin/bash', '-ex', '/src/build.sh']' returned non-zero exit status 2.
#20 ERROR: executor failed running [/bin/sh -c echo "Run fuzzer_build to build the target" && if [ -z "$debug_builder" ] ; then fuzzer_build; fi]: exit code: 1
------
 > importing cache manifest from gcr.io/fuzzbench/builders/afl/stb_stb:
------
------
 > [stage-1 13/13] RUN echo "Run fuzzer_build to build the target" && if [ -z "$debug_builder" ] ; then fuzzer_build; fi:
------
executor failed running [/bin/sh -c echo "Run fuzzer_build to build the target" && if [ -z "$debug_builder" ] ; then fuzzer_build; fi]: exit code: 1
make: *** [docker/generated.mk:2718793: .afl-stb_stb-builder] Error 1
/bin/sh: 1: source: not found
#1 [internal] load build definition from Dockerfile
#1 sha256:fbb2a9ac52f72bf7850912389f257d1adc4eeb4dd32b59fa9bd16a7299173ea7
#1 transferring dockerfile: 32B done
#1 DONE 0.1s

#2 [internal] load .dockerignore
#2 sha256:230936a566ce4a30fe3bb536f43d4b33962fa532cdff96154ebd86217fbdee44
#2 transferring context: 2B done
#2 DONE 0.2s

#3 [internal] load metadata for gcr.io/oss-fuzz-base/base-builder:latest
#3 sha256:f10dc39cc9d418a5bc416dead31a1902b6821fdae909cd3b08f7a3fd1faba7b5
#3 DONE 0.5s

#5 [1/8] FROM gcr.io/oss-fuzz-base/base-builder@sha256:f4e5ea12494fab091c5d830cf803b3421f2860f729b9d1b07da44924396cf8cf
#5 sha256:ef290950573a2779ee526af357b28fbddfc20d7409aa51f58f777c9e972cba29
#5 DONE 0.0s

#4 importing cache manifest from gcr.io/fuzzbench/builders/benchmark/stb_stb
#4 sha256:4b4da8bab50bb3106f71340ddeaf578e92dcc476b2f0278bca2283082ca929f3
#4 DONE 0.0s

#12 [internal] load build context
#12 sha256:b082c7e8cb33bff675f7d9acf4a8140b236895bdfceb3d94367d915b457c4b64
#12 transferring context: 30B done
#12 DONE 0.1s

#10 [6/8] RUN wget -O /src/stb/tests/gif.dict https://raw.githubusercontent.com/mirrorer/afl/master/dictionaries/gif.dict &> /dev/null
#10 sha256:ac836c67faabb83ed4e0f6db74a6b5b051d01416507a002216d0481ef79583af
#10 CACHED

#11 [7/8] WORKDIR stb
#11 sha256:9c6103cb4a708e86cabf43a90d8f0c2dfcec31931c5bcde6ce75d459770f262f
#11 CACHED

#6 [2/8] RUN apt-get update &&     apt-get install -y wget tar
#6 sha256:301ef42c18ff67e239c2f3eb0725876873a0864f6ad835479c7434ff75526231
#6 CACHED

#7 [3/8] RUN git clone --depth 1 https://github.com/nothings/stb.git
#7 sha256:bd65d1df25481bee75d105e739bbf0a80f8ecbc6f07eca93b91749c10245a334
#7 CACHED

#8 [4/8] RUN wget -O /src/stb/gif.tar.gz https://storage.googleapis.com/google-code-archive-downloads/v2/code.google.com/imagetestsuite/imagetestsuite-gif-1.00.tar.gz
#8 sha256:889646613ae83545f2d346c53443a868c9fa6b709492476da0572037a5db9e6f
#8 CACHED

#9 [5/8] RUN wget -O /src/stb/jpg.tar.gz https://storage.googleapis.com/google-code-archive-downloads/v2/code.google.com/imagetestsuite/imagetestsuite-jpg-1.00.tar.gz
#9 sha256:0a6a6dabb151790030921f845390208ee4825d69bb4385b41d66ca647c72f472
#9 CACHED

#13 [8/8] COPY build.sh /src/
#13 sha256:8a5db0f057be7c1b354986d488030278ee5f3c50a8a974edf16c3cc79bee3343
#13 CACHED

#14 exporting to image
#14 sha256:e8c613e07b0b7ff33893b694f7759a10d42e180f2b4dc349fb57dc6b71dcab00
#14 exporting layers done
#14 writing image sha256:8849ac2721c351d03e3c9c98be720dc568e546bb6094497666c50b0bdf14c4a9
#14 writing image sha256:8849ac2721c351d03e3c9c98be720dc568e546bb6094497666c50b0bdf14c4a9 0.0s done
#14 naming to gcr.io/fuzzbench/builders/benchmark/stb_stb done
#14 DONE 0.4s

#15 exporting cache
#15 sha256:2700d4ef94dee473593c5c614b55b2dedcca7893909811a8f2b48291a1f581e4
#15 preparing build cache for export done
#15 DONE 0.0s
#1 [internal] load build definition from builder.Dockerfile
#1 sha256:1d31e4b523648aa5513671c5aaa0e46710dfa3528fc9adeb584521456cce0dee
#1 transferring dockerfile: 46B done
#1 DONE 0.1s

#2 [internal] load .dockerignore
#2 sha256:fd927ae062cbc8287bdd090b52c5f827a17630ecae416521cfb968992c59f653
#2 transferring context: 2B done
#2 DONE 0.1s

#3 [internal] load metadata for gcr.io/fuzzbench/builders/benchmark/stb_stb:latest
#3 sha256:1c1680cbd6282a7acf39fce552fe75e181b5ac76e93f876912db11ec31baa314
#3 DONE 0.0s

#5 [1/3] FROM gcr.io/fuzzbench/builders/benchmark/stb_stb
#5 sha256:056d8df4e910fb09fd6d0b58fc0d94012cb98630a66d81e646e0c7671ab36807
#5 DONE 0.0s

#4 importing cache manifest from gcr.io/fuzzbench/builders/afl/stb_stb-intermediate
#4 sha256:b0d7bf3f802691bf70d6a979b445e5c35217887154d575f89d14f7388a996e1e
#4 DONE 0.0s

#6 [2/3] RUN git clone https://github.com/google/AFL.git /afl &&     cd /afl &&     git checkout 61037103ae3722c8060ff7082994836a794f978e &&     AFL_NO_X86=1 make
#6 sha256:8dcd4ebdebf1544ed795870abff8687c1b9147f69faa594a99e429f4dd3b5a5a
#6 CACHED

#7 [3/3] RUN apt-get update &&     apt-get install wget -y &&     wget https://raw.githubusercontent.com/llvm/llvm-project/5feb80e748924606531ba28c97fe65145c65372e/compiler-rt/lib/fuzzer/afl/afl_driver.cpp -O /afl/afl_driver.cpp &&     clang -Wno-pointer-sign -c /afl/llvm_mode/afl-llvm-rt.o.c -I/afl &&     clang++ -stdlib=libc++ -std=c++11 -O2 -c /afl/afl_driver.cpp &&     ar r /libAFL.a *.o
#7 sha256:1159f59d7d207e2f25b7894bb235ddc365ecee414f26779a661f0a4e25db897b
#7 CACHED

#8 exporting to image
#8 sha256:e8c613e07b0b7ff33893b694f7759a10d42e180f2b4dc349fb57dc6b71dcab00
#8 exporting layers done
#8 writing image sha256:d9239ed5f792cd0e8e51c2c9fd589ff73751a3ab5e43d69b39cbc3ca0d6d7f6c 0.0s done
#8 naming to gcr.io/fuzzbench/builders/afl/stb_stb-intermediate done
#8 DONE 0.3s

#9 exporting cache
#9 sha256:2700d4ef94dee473593c5c614b55b2dedcca7893909811a8f2b48291a1f581e4
#9 preparing build cache for export done
#9 DONE 0.0s
#1 [internal] load build definition from Dockerfile
#1 sha256:a22a505abf75ad7aacccc7d6da1e237ee82c983b5790a536b5c95c02cab3562e
#1 transferring dockerfile: 2.00kB done
#1 DONE 0.1s

#2 [internal] load .dockerignore
#2 sha256:8d9db0fc5b6c7400bb9b0f58e2827e218cde9e3e5cf3e763b4dd91821f2d4122
#2 transferring context: 34B done
#2 DONE 0.1s

#3 [internal] load metadata for docker.io/library/ubuntu:xenial
#3 sha256:f62bae18ed588840f045c881b2502661f2a89578a2f8f99b83f5200ee83dd25b
#3 DONE 0.0s

#5 [1/7] FROM docker.io/library/ubuntu:xenial
#5 sha256:14dd403f25ae9e519bd44f27dc17af7ce80f5a4f9f48ca88108364e67ec5d360
#5 DONE 0.0s

#4 importing cache manifest from gcr.io/fuzzbench/base-image
#4 sha256:9b220ebb4d4daceed1b96df9b6dca076e762f1cd612574f010b82d5b9e5ad896
#4 DONE 0.0s

#8 [internal] load build context
#8 sha256:afb36cda18fe0082718c7a261687e0e764d4310eea46b8b7d29ae8944c5f51ea
#8 transferring context: 559B 0.0s done
#8 DONE 0.1s

#10 [5/7] RUN pip3 install -r /requirements.txt
#10 sha256:8f5e0d8f60650264213a9572317abe245b0ade47115b3defcd4e7546ffeccd83
#10 CACHED

#11 [6/7] RUN apt-get update -y && apt-get install -y     apt-transport-https     lsb-release
#11 sha256:75dc9c370bf5969d88308c48b1721ec4847755f096441e13151973f70bf21f8f
#11 CACHED

#6 [2/7] RUN apt-get update -y && apt-get install -y     build-essential     rsync     curl     zlib1g-dev     libncurses5-dev     libgdbm-dev     libnss3-dev     libssl-dev     libreadline-dev     libffi-dev     virtualenv     libbz2-dev     liblzma-dev     libsqlite3-dev
#6 sha256:3a1b0960f17eed529eaae93dc8fd3554f2743dd584d8fa569cdbe6bc734371ac
#6 CACHED

#7 [3/7] RUN cd /tmp/ &&     curl -O https://www.python.org/ftp/python/3.8.6/Python-3.8.6.tar.xz &&     tar -xvf Python-3.8.6.tar.xz &&     cd Python-3.8.6 &&     ./configure --enable-loadable-sqlite-extensions --enable-optimizations &&     make -j install &&     rm -r /tmp/Python-3.8.6.tar.xz /tmp/Python-3.8.6
#7 sha256:c5b9d1fb3371e84dbc60b76e7b2f8d5913bc93bcd4910ab65daa03e7b2ec4bb0
#7 CACHED

#9 [4/7] COPY ./requirements.txt /
#9 sha256:ce7fefb63c3d57a39e56cf51da21ff466c06e7b5047e8978671d7aa0e037ef44
#9 CACHED

#12 [7/7] RUN CLOUD_SDK_REPO="cloud-sdk-$(lsb_release -c -s)" &&     echo "deb https://packages.cloud.google.com/apt $CLOUD_SDK_REPO main"     | tee -a /etc/apt/sources.list.d/google-cloud-sdk.list &&     curl https://packages.cloud.google.com/apt/doc/apt-key.gpg     | apt-key add - &&     apt-get update -y &&     apt-get install -y google-cloud-sdk
#12 sha256:a49037a3d744214470f453fda7384f8e73d2586240b213a40da8aa899e7d7d0d
#12 CACHED

#13 exporting to image
#13 sha256:e8c613e07b0b7ff33893b694f7759a10d42e180f2b4dc349fb57dc6b71dcab00
#13 exporting layers done
#13 writing image sha256:5bcafeca90d09e5a030feed2ced83edfc14622deae3e4a98f2d89504ec6deb0e 0.0s done
#13 naming to gcr.io/fuzzbench/base-image done
#13 DONE 0.1s

#14 exporting cache
#14 sha256:2700d4ef94dee473593c5c614b55b2dedcca7893909811a8f2b48291a1f581e4
#14 preparing build cache for export done
#14 DONE 0.0s
#1 [internal] load build definition from Dockerfile
#1 sha256:bc4ac3cb91baa0e1918f225ebe85258a49e9ce25062a2b961e16384d9c4da563
#1 DONE 0.0s

#1 [internal] load build definition from Dockerfile
#1 sha256:bc4ac3cb91baa0e1918f225ebe85258a49e9ce25062a2b961e16384d9c4da563
#1 transferring dockerfile: 2.22kB done
#1 DONE 0.1s

#2 [internal] load .dockerignore
#2 sha256:19adefaaa94376e861ea1fca093f372e350aa49059dc67192134717c90aa8875
#2 transferring context: 34B done
#2 DONE 0.1s

#4 [internal] load metadata for gcr.io/fuzzbench/base-image:latest
#4 sha256:932022888f650cc455b10eb5123bb08c0cccacac29a693e69314abbfd28a72c3
#4 DONE 0.0s

#3 [internal] load metadata for gcr.io/fuzzbench/builders/afl/stb_stb-intermediate:latest
#3 sha256:47b46b909eca03e60acde39e47794a3232e89fddde54c192a88a4e66992abb2c
#3 DONE 0.0s

#12 [internal] load build context
#12 sha256:ffc9ef0a78e31d7c9f2c6e5482fed65590ea2747cb2d072650e0cfdcd5d6fb88
#12 DONE 0.0s

#7 [base-image 1/1] FROM gcr.io/fuzzbench/base-image
#7 sha256:4d07825694520f8b6f6a0d8592dbd345433361ae044cb7f06706c5a95e3daaad
#7 DONE 0.0s

#6 [stage-1  1/13] FROM gcr.io/fuzzbench/builders/afl/stb_stb-intermediate
#6 sha256:acf63f912d73ad43d06da3acfdaf725d7fdba573b8a1363147c7c355a387b15c
#6 DONE 0.0s

#5 importing cache manifest from gcr.io/fuzzbench/builders/afl/stb_stb
#5 sha256:486753f8ae1eb799330456822af69d333bf9b41c203fbc2c95adadba147a7ebd
#5 ERROR: gcr.io/fuzzbench/builders/afl/stb_stb:latest: not found

#12 [internal] load build context
#12 sha256:ffc9ef0a78e31d7c9f2c6e5482fed65590ea2747cb2d072650e0cfdcd5d6fb88
#12 transferring context: 669.84kB 0.1s done
#12 DONE 0.6s

#15 [stage-1  8/13] COPY benchmarks/stb_stb/benchmark.yaml /
#15 sha256:8d3359e3978db33acfd95ae010b395569751d004b804aa0ff05039623652608b
#15 CACHED

#11 [stage-1  5/13] COPY --from=base-image /usr/local/lib/python3.8/site-packages /usr/local/lib/python3.8/site-packages
#11 sha256:3939f402ffd1ae24f1a3439ff37dd9675ff640feb6286a8af9cd7dc5755f4e82
#11 CACHED

#13 [stage-1  6/13] COPY fuzzers /src/fuzzers
#13 sha256:5e6e66bffbd88aa42b02b99773f276dd17db0132d7ed3750e0f69f6aedaf9407
#13 CACHED

#10 [stage-1  4/13] COPY --from=base-image /usr/local/include/python3.8 /usr/local/include/python3.8
#10 sha256:5a43f9eb09e8741ca20372d9f87344ad45e65cdbec081a9164dd8c7e33aed08a
#10 CACHED

#14 [stage-1  7/13] RUN touch /src/__init__.py
#14 sha256:d2823a30a7811c46681984fd249aea40ab8b828d48a9017b134f57dd3063d72c
#14 CACHED

#16 [stage-1  9/13] RUN mkdir /opt/fuzzbench/
#16 sha256:45a666c4f7fcd7b4f9b7bb8d45c6d55f28a9dab7bec28f2589c35932a8e0362f
#16 CACHED

#18 [stage-1 11/13] RUN export CHECKOUT_COMMIT=$(cat /benchmark.yaml | tr -d ' ' | grep 'commit:' | cut -d ':' -f2) &&     python3 -u /opt/fuzzbench/checkout_commit.py $CHECKOUT_COMMIT /src
#18 sha256:d560834437a3df259c66b2b953d3ff822965653d99ab26b97d5c4184eafdd1c8
#18 CACHED

#8 [stage-1  2/13] COPY --from=base-image /usr/local/bin/python3* /usr/local/bin/
#8 sha256:cf1b9ad72fc428857f0d565a411dfb302855efdab14c0033800b81168ab8cde8
#8 CACHED

#17 [stage-1 10/13] COPY docker/benchmark-builder/checkout_commit.py /opt/fuzzbench/
#17 sha256:76bb7771225bcdbc3f4af7604ffd0f83f596e47d187dbad71d63deb537f1df5f
#17 CACHED

#9 [stage-1  3/13] COPY --from=base-image /usr/local/lib/python3.8 /usr/local/lib/python3.8
#9 sha256:1f5e778c4be8b511966375e1fc48375bba884e963300693d0f3f7f9ba7d4479d
#9 CACHED

#19 [stage-1 12/13] RUN echo "#!/bin/bash\nPYTHONPATH=/src python3 -u -c "from fuzzers import utils; utils.initialize_env(); from fuzzers.afl import fuzzer; fuzzer.build()"" > /usr/bin/fuzzer_build &&     chmod +x /usr/bin/fuzzer_build
#19 sha256:a1f2011c4d106f119a34707944913ecfef00e12f5df286eecd26be2233f1073b
#19 CACHED

#20 [stage-1 13/13] RUN echo "Run fuzzer_build to build the target" && if [ -z "$debug_builder" ] ; then fuzzer_build; fi
#20 sha256:50d1c05622fafbc054951dffc20dcd93745bce84380f8a42774b2c72a581ae31
#20 0.527 Run fuzzer_build to build the target
#20 0.642 FUZZ_TARGET = stb
#20 0.642 CFLAGS = -DFUZZING_BUILD_MODE_UNSAFE_FOR_PRODUCTION -pthread -Wl,--no-as-needed -Wl,-ldl -Wl,-lm -Wno-unused-command-line-argument -O3
#20 0.642 CXXFLAGS = -DFUZZING_BUILD_MODE_UNSAFE_FOR_PRODUCTION -pthread -Wl,--no-as-needed -Wl,-ldl -Wl,-lm -Wno-unused-command-line-argument -stdlib=libc++ -O3
#20 0.647 Building benchmark stb_stb with fuzzer afl
#20 0.650 + sed 2d /src/stb/tests/stb_png_read_fuzzer.cpp
#20 0.652 sed: can't read /src/stb/tests/stb_png_read_fuzzer.cpp: No such file or directory
#20 0.653 Traceback (most recent call last):
#20 0.653   File "<string>", line 1, in <module>
#20 0.653   File "/src/fuzzers/afl/fuzzer.py", line 40, in build
#20 0.654     utils.build_benchmark()
#20 0.654   File "/src/fuzzers/utils.py", line 82, in build_benchmark
#20 0.654     subprocess.check_call(['/bin/bash', '-ex', build_script], env=env)
#20 0.654   File "/usr/local/lib/python3.8/subprocess.py", line 364, in check_call
#20 0.654     raise CalledProcessError(retcode, cmd)
#20 0.654 subprocess.CalledProcessError: Command '['/bin/bash', '-ex', '/src/build.sh']' returned non-zero exit status 2.
#20 ERROR: executor failed running [/bin/sh -c echo "Run fuzzer_build to build the target" && if [ -z "$debug_builder" ] ; then fuzzer_build; fi]: exit code: 1
------
 > importing cache manifest from gcr.io/fuzzbench/builders/afl/stb_stb:
------
------
 > [stage-1 13/13] RUN echo "Run fuzzer_build to build the target" && if [ -z "$debug_builder" ] ; then fuzzer_build; fi:
------
executor failed running [/bin/sh -c echo "Run fuzzer_build to build the target" && if [ -z "$debug_builder" ] ; then fuzzer_build; fi]: exit code: 1
make: *** [docker/generated.mk:2718793: .afl-stb_stb-builder] Error 1
