WARNING:root:gcloud not found in PATH.
INFO:root:Successfully integrated benchmark: opencv_imread_fuzzer.
INFO:root:Please run "make test-run-afl-opencv_imread_fuzzer" to test integration.
#1 [internal] load build definition from Dockerfile
#1 sha256:fb1df7bd4400c70a6469c02af615ef7f22fe029e83c33af8753ac381ff9579e0
#1 transferring dockerfile: 937B done
#1 DONE 0.0s

#2 [internal] load .dockerignore
#2 sha256:2a25a89b9c99e4987c9db24138f8261c010e738829c68f7325aaa1cc147de9c1
#2 transferring context: 2B done
#2 DONE 0.0s

#3 [internal] load metadata for gcr.io/oss-fuzz-base/base-builder:latest
#3 sha256:f10dc39cc9d418a5bc416dead31a1902b6821fdae909cd3b08f7a3fd1faba7b5
#3 DONE 0.5s

#4 [1/6] FROM gcr.io/oss-fuzz-base/base-builder@sha256:112044a9815d235113677d459cf2ece740a51f2b85081c8f66943dcdc72ddf7f
#4 sha256:4aee4bf9f7280ac8b7f02b8d29e6e084dd034d2c294b4e3e05d8ce7048a1450f
#4 DONE 0.0s

#8 [internal] load build context
#8 sha256:8179ce0d076074292edf57d941fc9c5b9ba3a05cab2213c07f91463a81a5a83d
#8 DONE 0.0s

#11 importing cache manifest from gcr.io/fuzzbench/builders/benchmark/opencv_imread_fuzzer
#11 sha256:a461cec460427bc88bd9907cbad8072c70b80a9cd298ce65d9d1a9ad83b8492b
#11 ERROR: gcr.io/fuzzbench/builders/benchmark/opencv_imread_fuzzer:latest: not found

#8 [internal] load build context
#8 sha256:8179ce0d076074292edf57d941fc9c5b9ba3a05cab2213c07f91463a81a5a83d
#8 transferring context: 2.35kB done
#8 DONE 0.0s

#5 [2/6] RUN apt-get update && apt-get install -y build-essential cmake pkg-config
#5 sha256:5b4cdd543f7676d762d91b87c637b12e81d197a5de05812a3f0a2dc7aead2436
#5 CACHED

#6 [3/6] RUN git clone --depth 1 https://github.com/opencv/opencv.git opencv
#6 sha256:59a9fb61118231e7c2a207bca2277cafcfad95bb7e22f5ee768b2c0e041e7f83
#6 CACHED

#7 [4/6] WORKDIR opencv/
#7 sha256:fda6c4b7e211bdd8ec1ae001cbb40929be694af912454da7105b1ff5a7d1ef7e
#7 CACHED

#9 [5/6] COPY build.sh /src/
#9 sha256:e05ddc93807a4dc9364fc2e2e74d9a98d63c9cd913a2616df297e6be47f88fda
#9 CACHED

#10 [6/6] COPY *.cc *.h /src/
#10 sha256:e3a657b26419474db8e922de51c9b64b170dcde3e62f03bdfabf37d70d448781
#10 CACHED

#12 exporting to image
#12 sha256:e8c613e07b0b7ff33893b694f7759a10d42e180f2b4dc349fb57dc6b71dcab00
#12 exporting layers done
#12 writing image sha256:1becccd814dbf34cc8e63e180aa81b53d32b799e754916d11e8fe1e0019dbfe9
#12 writing image sha256:1becccd814dbf34cc8e63e180aa81b53d32b799e754916d11e8fe1e0019dbfe9 done
#12 naming to gcr.io/fuzzbench/builders/benchmark/opencv_imread_fuzzer done
#12 DONE 0.1s

#13 exporting cache
#13 sha256:2700d4ef94dee473593c5c614b55b2dedcca7893909811a8f2b48291a1f581e4
#13 preparing build cache for export done
#13 DONE 0.0s
------
 > importing cache manifest from gcr.io/fuzzbench/builders/benchmark/opencv_imread_fuzzer:
------
#1 [internal] load build definition from builder.Dockerfile
#1 sha256:c7276caa71f2288a501137c27b694c369533e2b9bd09a5559d3fae747d3eb7b6
#1 transferring dockerfile: 46B 0.0s done
#1 DONE 0.1s

#2 [internal] load .dockerignore
#2 sha256:4e076aa19fca741c95debf4a4fdadf3be3c9b483e05e828ec9477f4e7fbd0c10
#2 transferring context: 2B done
#2 DONE 0.1s

#3 [internal] load metadata for gcr.io/fuzzbench/builders/benchmark/opencv_imread_fuzzer:latest
#3 sha256:e019acfa470ff41cfd8f30a32556ed9a424a313d8214c4c2a52035d71f0c6089
#3 DONE 0.0s

#7 [1/3] FROM gcr.io/fuzzbench/builders/benchmark/opencv_imread_fuzzer
#7 sha256:44c5d4fffad9c762076cd7b8330a70f098b01a1eb97f1117687114a1051dc3f3
#7 DONE 0.0s

#4 importing cache manifest from gcr.io/fuzzbench/builders/afl/opencv_imread_fuzzer-intermediate
#4 sha256:b4aaf45be437b92e272b579c4a99a1a86df4ffe8c7ffd29cf7b5fa3ff04c9c2f
#4 ERROR: gcr.io/fuzzbench/builders/afl/opencv_imread_fuzzer-intermediate:latest: not found

#5 [2/3] RUN git clone https://github.com/google/AFL.git /afl &&     cd /afl &&     git checkout 61037103ae3722c8060ff7082994836a794f978e &&     AFL_NO_X86=1 make
#5 sha256:980479c750c659ace6f93c239bbb68cd6d95520095bb877f116f305bcc42e9f0
#5 CACHED

#6 [3/3] RUN apt-get update &&     apt-get install wget -y &&     wget https://raw.githubusercontent.com/llvm/llvm-project/5feb80e748924606531ba28c97fe65145c65372e/compiler-rt/lib/fuzzer/afl/afl_driver.cpp -O /afl/afl_driver.cpp &&     clang -Wno-pointer-sign -c /afl/llvm_mode/afl-llvm-rt.o.c -I/afl &&     clang++ -stdlib=libc++ -std=c++11 -O2 -c /afl/afl_driver.cpp &&     ar r /libAFL.a *.o
#6 sha256:89970c73d55f7355a84376bbdd2a196cb1824448b6f05f8d8725c20f9e8b3e87
#6 CACHED

#8 exporting to image
#8 sha256:e8c613e07b0b7ff33893b694f7759a10d42e180f2b4dc349fb57dc6b71dcab00
#8 exporting layers done
#8 writing image sha256:46f5031b711128eb84cc163599a68526005a66a2f95e2b1d5dab852aa983e026 done
#8 naming to gcr.io/fuzzbench/builders/afl/opencv_imread_fuzzer-intermediate done
#8 DONE 0.1s

#9 exporting cache
#9 sha256:2700d4ef94dee473593c5c614b55b2dedcca7893909811a8f2b48291a1f581e4
#9 preparing build cache for export done
#9 DONE 0.0s
------
 > importing cache manifest from gcr.io/fuzzbench/builders/afl/opencv_imread_fuzzer-intermediate:
------
#1 [internal] load build definition from Dockerfile
#1 sha256:11735cf018c47e178d3b0c896e21f844dd05e9cd14d6cbd1b1403c3fdc6b9d58
#1 transferring dockerfile: 2.00kB done
#1 DONE 0.0s

#2 [internal] load .dockerignore
#2 sha256:bc152fa3a87fc9cd1c2afe17ca2ba98c748c1000f4c17828517b6e93e55a62b5
#2 transferring context: 34B 0.0s done
#2 DONE 0.0s

#3 [internal] load metadata for docker.io/library/ubuntu:xenial
#3 sha256:f62bae18ed588840f045c881b2502661f2a89578a2f8f99b83f5200ee83dd25b
#3 DONE 0.0s

#12 importing cache manifest from gcr.io/fuzzbench/base-image
#12 sha256:9b220ebb4d4daceed1b96df9b6dca076e762f1cd612574f010b82d5b9e5ad896
#12 DONE 0.0s

#4 [1/7] FROM docker.io/library/ubuntu:xenial
#4 sha256:14dd403f25ae9e519bd44f27dc17af7ce80f5a4f9f48ca88108364e67ec5d360
#4 DONE 0.0s

#7 [internal] load build context
#7 sha256:5a51fcf2e8b90d4214ff52de56aa40e9c8f2e01057d49ea42220687ed34e96dc
#7 transferring context: 559B 0.0s done
#7 DONE 0.1s

#9 [5/7] RUN pip3 install -r /requirements.txt
#9 sha256:967d7f7cb2c8edc7304dfaf6251215c7ac26ee535f1f456cb415665ad0db38c1
#9 CACHED

#10 [6/7] RUN apt-get update -y && apt-get install -y     apt-transport-https     lsb-release
#10 sha256:ca25f3ae71b48849cf4ead7a4b0759825596cac23639dbe826ebf10310af2b36
#10 CACHED

#5 [2/7] RUN apt-get update -y && apt-get install -y     build-essential     rsync     curl     zlib1g-dev     libncurses5-dev     libgdbm-dev     libnss3-dev     libssl-dev     libreadline-dev     libffi-dev     virtualenv     libbz2-dev     liblzma-dev     libsqlite3-dev
#5 sha256:3a1b0960f17eed529eaae93dc8fd3554f2743dd584d8fa569cdbe6bc734371ac
#5 CACHED

#6 [3/7] RUN cd /tmp/ &&     curl -O https://www.python.org/ftp/python/3.8.6/Python-3.8.6.tar.xz &&     tar -xvf Python-3.8.6.tar.xz &&     cd Python-3.8.6 &&     ./configure --enable-loadable-sqlite-extensions --enable-optimizations &&     make -j install &&     rm -r /tmp/Python-3.8.6.tar.xz /tmp/Python-3.8.6
#6 sha256:c5b9d1fb3371e84dbc60b76e7b2f8d5913bc93bcd4910ab65daa03e7b2ec4bb0
#6 CACHED

#8 [4/7] COPY ./requirements.txt /
#8 sha256:7ea1ba7987cc2d75f0142a39cb5aa06d50ee76d335e2c5351610193474a75298
#8 CACHED

#11 [7/7] RUN CLOUD_SDK_REPO="cloud-sdk-$(lsb_release -c -s)" &&     echo "deb https://packages.cloud.google.com/apt $CLOUD_SDK_REPO main"     | tee -a /etc/apt/sources.list.d/google-cloud-sdk.list &&     curl https://packages.cloud.google.com/apt/doc/apt-key.gpg     | apt-key add - &&     apt-get update -y &&     apt-get install -y google-cloud-sdk
#11 sha256:91b1c5456d238bb575d154b3e07c4ea1c7d9de78beafa954ae8c48dd1b1ade69
#11 CACHED

#13 exporting to image
#13 sha256:e8c613e07b0b7ff33893b694f7759a10d42e180f2b4dc349fb57dc6b71dcab00
#13 exporting layers done
#13 writing image sha256:55e5825902805b10e1ba0cd27e4af0d82c25f9e225d6218342d4b6474bd3ddae done
#13 naming to gcr.io/fuzzbench/base-image done
#13 DONE 0.0s

#14 exporting cache
#14 sha256:2700d4ef94dee473593c5c614b55b2dedcca7893909811a8f2b48291a1f581e4
#14 preparing build cache for export done
#14 DONE 0.0s
#1 [internal] load build definition from Dockerfile
#1 sha256:835be2e3ba09e1b18546efa972e5dde634c1d1aee2fbc764ac3c19c76361f9f9
#1 transferring dockerfile: 2.22kB done
#1 DONE 0.0s

#2 [internal] load .dockerignore
#2 sha256:3aad96247595f980945088faab82e4a3bea4e22a49dd6747c1846bd2ff583527
#2 transferring context: 34B done
#2 DONE 0.0s

#6 [base-image 1/1] FROM gcr.io/fuzzbench/base-image
#6 sha256:4d07825694520f8b6f6a0d8592dbd345433361ae044cb7f06706c5a95e3daaad
#6 DONE 1.0s

#5 [stage-1  1/13] FROM gcr.io/fuzzbench/builders/afl/opencv_imread_fuzzer-intermediate
#5 sha256:544290f9f3ac4040fcfc4af63d6b7d8341e3aea4e9e11015d0681b01f7f0324d
#5 DONE 0.0s

#3 [internal] load metadata for gcr.io/fuzzbench/base-image:latest
#3 sha256:932022888f650cc455b10eb5123bb08c0cccacac29a693e69314abbfd28a72c3
#3 DONE 0.0s

#4 [internal] load metadata for gcr.io/fuzzbench/builders/afl/opencv_imread_fuzzer-intermediate:latest
#4 sha256:ff8a892e7b22b423a8276eca2c2ef184230072a34ada0bf57d3fd4a9a63759c3
#4 DONE 0.0s

#20 importing cache manifest from gcr.io/fuzzbench/builders/afl/opencv_imread_fuzzer
#20 sha256:44393d81ef4fdc26a431aa4e7a52f9f6e5ff68878c30c9b73cc34a0132ad66df
#20 ...

#11 [internal] load build context
#11 sha256:bffe8d13a346d49b61e064ec3c91260f5525365407ad2361adecff1ada1ee62f
#11 DONE 0.0s

#20 importing cache manifest from gcr.io/fuzzbench/builders/afl/opencv_imread_fuzzer
#20 sha256:44393d81ef4fdc26a431aa4e7a52f9f6e5ff68878c30c9b73cc34a0132ad66df
#20 ERROR: gcr.io/fuzzbench/builders/afl/opencv_imread_fuzzer:latest: not found

#11 [internal] load build context
#11 sha256:bffe8d13a346d49b61e064ec3c91260f5525365407ad2361adecff1ada1ee62f
#11 transferring context: 669.88kB 0.2s done
#11 DONE 0.2s

#8 [stage-1  3/13] COPY --from=base-image /usr/local/lib/python3.8 /usr/local/lib/python3.8
#8 sha256:148ee822599502cf8d718b54b38b69f91931ef6ab0837863a98bb959c5112c1e
#8 CACHED

#9 [stage-1  4/13] COPY --from=base-image /usr/local/include/python3.8 /usr/local/include/python3.8
#9 sha256:1b24d49498aca42e71c5e6cc7a4fa304011f05840333df3c64291e2c01c05bd9
#9 CACHED

#10 [stage-1  5/13] COPY --from=base-image /usr/local/lib/python3.8/site-packages /usr/local/lib/python3.8/site-packages
#10 sha256:f49153a9152afbe38e1ddf2d03f74776998ce574a1814ea3fa3e322632b31b2d
#10 CACHED

#12 [stage-1  6/13] COPY fuzzers /src/fuzzers
#12 sha256:a128c460d6b5f3157b062f53f4b119225918cf8e812e8391d32b61ccf3e911df
#12 CACHED

#7 [stage-1  2/13] COPY --from=base-image /usr/local/bin/python3* /usr/local/bin/
#7 sha256:d8353e14eca9f0c1a044d3b894344f0c4495c6679c28c0045035738526cd7c3c
#7 CACHED

#13 [stage-1  7/13] RUN touch /src/__init__.py
#13 sha256:b7dcd0cff4f1a7da52a09d7bd61269db2e4d4bd01e696147ac91c6cdf303ac24
#13 DONE 1.3s

#14 [stage-1  8/13] COPY benchmarks/opencv_imread_fuzzer/benchmark.yaml /
#14 sha256:ca7034410b0c859487712dea055d12957568bb0694bcf31d085955859cf0905e
#14 DONE 0.1s

#15 [stage-1  9/13] RUN mkdir /opt/fuzzbench/
#15 sha256:d07a7b2bc82298f2027fe330d61116feebc151cb7bb7823eedf71ba2f9f291ff
#15 DONE 1.3s

#16 [stage-1 10/13] COPY docker/benchmark-builder/checkout_commit.py /opt/fuzzbench/
#16 sha256:de8361c3b6e33883c9df7a695acaeedff081453039cedae61afcd72e269cc27f
#16 DONE 0.1s

#17 [stage-1 11/13] RUN export CHECKOUT_COMMIT=$(cat /benchmark.yaml | tr -d ' ' | grep 'commit:' | cut -d ':' -f2) &&     python3 -u /opt/fuzzbench/checkout_commit.py $CHECKOUT_COMMIT /src
#17 sha256:8ea6826e8641761e241ff606b5e1874863303d198da629d91b0d819924aa36c8
#17 1.281 Checking out commit 84faf557
#17 149.7 From https://github.com/opencv/opencv
#17 149.7  * [new tag]               2.2                  -> 2.2
#17 149.7  * [new tag]               2.4.0                -> 2.4.0
#17 149.7  * [new tag]               2.4.1                -> 2.4.1
#17 149.7  * [new tag]               2.4.10               -> 2.4.10
#17 149.7  * [new tag]               2.4.10.1             -> 2.4.10.1
#17 149.7  * [new tag]               2.4.10.2             -> 2.4.10.2
#17 149.7  * [new tag]               2.4.10.3             -> 2.4.10.3
#17 149.7  * [new tag]               2.4.10.4             -> 2.4.10.4
#17 149.7  * [new tag]               2.4.11               -> 2.4.11
#17 149.7  * [new tag]               2.4.12               -> 2.4.12
#17 149.7  * [new tag]               2.4.12.1             -> 2.4.12.1
#17 149.7  * [new tag]               2.4.12.2             -> 2.4.12.2
#17 149.7  * [new tag]               2.4.12.3             -> 2.4.12.3
#17 149.7  * [new tag]               2.4.13               -> 2.4.13
#17 149.7  * [new tag]               2.4.13.1             -> 2.4.13.1
#17 149.7  * [new tag]               2.4.2                -> 2.4.2
#17 149.7  * [new tag]               2.4.3                -> 2.4.3
#17 149.7  * [new tag]               2.4.3-rc             -> 2.4.3-rc
#17 149.7  * [new tag]               2.4.3.1              -> 2.4.3.1
#17 149.7  * [new tag]               2.4.3.2              -> 2.4.3.2
#17 149.7  * [new tag]               2.4.4                -> 2.4.4
#17 149.7  * [new tag]               2.4.4-beta           -> 2.4.4-beta
#17 149.7  * [new tag]               2.4.5                -> 2.4.5
#17 149.7  * [new tag]               2.4.6                -> 2.4.6
#17 149.7  * [new tag]               2.4.6.1              -> 2.4.6.1
#17 149.7  * [new tag]               2.4.6.2              -> 2.4.6.2
#17 149.7  * [new tag]               2.4.6.2-rc1          -> 2.4.6.2-rc1
#17 149.7  * [new tag]               2.4.7                -> 2.4.7
#17 149.7  * [new tag]               2.4.7-rc1            -> 2.4.7-rc1
#17 149.7  * [new tag]               2.4.7.1              -> 2.4.7.1
#17 149.7  * [new tag]               2.4.7.2              -> 2.4.7.2
#17 149.7  * [new tag]               2.4.8                -> 2.4.8
#17 149.7  * [new tag]               2.4.8.1              -> 2.4.8.1
#17 149.7  * [new tag]               2.4.8.2              -> 2.4.8.2
#17 149.7  * [new tag]               2.4.8.3              -> 2.4.8.3
#17 149.7  * [new tag]               2.4.9                -> 2.4.9
#17 149.7  * [new tag]               2.4.9.1              -> 2.4.9.1
#17 149.7  * [new tag]               3.0-ocl-tech-preview -> 3.0-ocl-tech-preview
#17 149.7  * [new tag]               3.0-ocl-tp2          -> 3.0-ocl-tp2
#17 149.7  * [new tag]               3.0.0                -> 3.0.0
#17 149.7  * [new tag]               3.0.0-alpha          -> 3.0.0-alpha
#17 149.7  * [new tag]               3.0.0-beta           -> 3.0.0-beta
#17 149.8  * [new tag]               3.0.0-rc1            -> 3.0.0-rc1
#17 149.8  * [new tag]               3.1.0                -> 3.1.0
#17 149.8  * [new tag]               3.2.0                -> 3.2.0
#17 149.8  * [new tag]               3.2.0-rc             -> 3.2.0-rc
#17 149.8  * [new tag]               3.3.0                -> 3.3.0
#17 149.8  * [new tag]               3.3.0-cvsdk          -> 3.3.0-cvsdk
#17 149.8  * [new tag]               3.3.0-rc             -> 3.3.0-rc
#17 149.8  * [new tag]               3.3.1                -> 3.3.1
#17 149.8  * [new tag]               3.3.1-cvsdk          -> 3.3.1-cvsdk
#17 149.8  * [new tag]               3.4.0                -> 3.4.0
#17 149.8  * [new tag]               3.4.0-rc             -> 3.4.0-rc
#17 149.8  * [new tag]               3.4.1                -> 3.4.1
#17 149.8  * [new tag]               3.4.1-cvsdk          -> 3.4.1-cvsdk
#17 149.8  * [new tag]               3.4.10               -> 3.4.10
#17 149.8  * [new tag]               3.4.11               -> 3.4.11
#17 149.8  * [new tag]               3.4.12               -> 3.4.12
#17 149.8  * [new tag]               3.4.13               -> 3.4.13
#17 149.8  * [new tag]               3.4.14               -> 3.4.14
#17 149.8  * [new tag]               3.4.15               -> 3.4.15
#17 149.8  * [new tag]               3.4.16               -> 3.4.16
#17 149.8  * [new tag]               3.4.17               -> 3.4.17
#17 149.8  * [new tag]               3.4.2                -> 3.4.2
#17 149.8  * [new tag]               3.4.2-openvino       -> 3.4.2-openvino
#17 149.8  * [new tag]               3.4.3                -> 3.4.3
#17 149.8  * [new tag]               3.4.3-openvino       -> 3.4.3-openvino
#17 149.8  * [new tag]               3.4.4                -> 3.4.4
#17 149.8  * [new tag]               3.4.5                -> 3.4.5
#17 149.8  * [new tag]               3.4.6                -> 3.4.6
#17 149.8  * [new tag]               3.4.7                -> 3.4.7
#17 149.8  * [new tag]               3.4.8                -> 3.4.8
#17 149.8  * [new tag]               3.4.9                -> 3.4.9
#17 149.8  * [new tag]               4.0.0                -> 4.0.0
#17 149.8  * [new tag]               4.0.0-alpha          -> 4.0.0-alpha
#17 149.8  * [new tag]               4.0.0-beta           -> 4.0.0-beta
#17 149.8  * [new tag]               4.0.0-openvino       -> 4.0.0-openvino
#17 149.8  * [new tag]               4.0.0-rc             -> 4.0.0-rc
#17 149.8  * [new tag]               4.0.1                -> 4.0.1
#17 149.8  * [new tag]               4.0.1-openvino       -> 4.0.1-openvino
#17 149.8  * [new tag]               4.1.0                -> 4.1.0
#17 149.8  * [new tag]               4.1.0-openvino       -> 4.1.0-openvino
#17 149.8  * [new tag]               4.1.1                -> 4.1.1
#17 149.8  * [new tag]               4.1.1-openvino       -> 4.1.1-openvino
#17 149.8  * [new tag]               4.1.2                -> 4.1.2
#17 149.8  * [new tag]               4.1.2-openvino       -> 4.1.2-openvino
#17 149.8  * [new tag]               4.2.0                -> 4.2.0
#17 149.8  * [new tag]               4.3.0                -> 4.3.0
#17 149.8  * [new tag]               4.4.0                -> 4.4.0
#17 149.8  * [new tag]               4.5.0                -> 4.5.0
#17 149.8  * [new tag]               4.5.1                -> 4.5.1
#17 149.8  * [new tag]               4.5.2                -> 4.5.2
#17 149.8  * [new tag]               4.5.3                -> 4.5.3
#17 149.8  * [new tag]               4.5.4                -> 4.5.4
#17 149.8  * [new tag]               4.5.5                -> 4.5.5
#17 149.8 error: pathspec '84faf557' did not match any file(s) known to git
#17 149.9 error: pathspec '84faf557' did not match any file(s) known to git
#17 149.9 error: pathspec '84faf557' did not match any file(s) known to git
#17 150.0 error: pathspec '84faf557' did not match any file(s) known to git
#17 150.1 error: pathspec '84faf557' did not match any file(s) known to git
#17 150.1 error: pathspec '84faf557' did not match any file(s) known to git
#17 150.1 error: pathspec '84faf557' did not match any file(s) known to git
#17 150.2 error: pathspec '84faf557' did not match any file(s) known to git
#17 150.2 error: pathspec '84faf557' did not match any file(s) known to git
#17 150.4 error: pathspec '84faf557' did not match any file(s) known to git
#17 150.4 error: pathspec '84faf557' did not match any file(s) known to git
#17 150.5 error: pathspec '84faf557' did not match any file(s) known to git
#17 150.6 error: pathspec '84faf557' did not match any file(s) known to git
#17 150.7 error: pathspec '84faf557' did not match any file(s) known to git
#17 150.8 error: pathspec '84faf557' did not match any file(s) known to git
#17 150.8 error: pathspec '84faf557' did not match any file(s) known to git
#17 150.8 error: pathspec '84faf557' did not match any file(s) known to git
#17 150.9 error: pathspec '84faf557' did not match any file(s) known to git
#17 150.9 error: pathspec '84faf557' did not match any file(s) known to git
#17 151.0 error: pathspec '84faf557' did not match any file(s) known to git
#17 151.1 error: pathspec '84faf557' did not match any file(s) known to git
#17 151.1 error: pathspec '84faf557' did not match any file(s) known to git
#17 151.3 Checkout unsuccessful.
#17 DONE 152.4s

#18 [stage-1 12/13] RUN echo "#!/bin/bash\nPYTHONPATH=/src python3 -u -c "from fuzzers import utils; utils.initialize_env(); from fuzzers.afl import fuzzer; fuzzer.build()"" > /usr/bin/fuzzer_build &&     chmod +x /usr/bin/fuzzer_build
#18 sha256:cda62a0aebe65c9e29fdeb5e9fbcff40a2d22091077bd56c10cdea592fb4cc7a
#18 DONE 2.0s

#19 [stage-1 13/13] RUN echo "Run fuzzer_build to build the target" && if [ -z "$debug_builder" ] ; then fuzzer_build; fi
#19 sha256:268be7bce943d730e372dc20f601a571a3bd7bdbf7068b5b6b0c7256b10af99e
#19 1.342 Run fuzzer_build to build the target
#19 2.013 FUZZ_TARGET = imread_fuzzer
#19 2.013 CFLAGS = -DFUZZING_BUILD_MODE_UNSAFE_FOR_PRODUCTION -pthread -Wl,--no-as-needed -Wl,-ldl -Wl,-lm -Wno-unused-command-line-argument -O3
#19 2.013 CXXFLAGS = -DFUZZING_BUILD_MODE_UNSAFE_FOR_PRODUCTION -pthread -Wl,--no-as-needed -Wl,-ldl -Wl,-lm -Wno-unused-command-line-argument -stdlib=libc++ -O3
#19 2.028 Building benchmark opencv_imread_fuzzer with fuzzer afl
#19 2.033 + mkdir opencv/build
#19 2.037 mkdir: cannot create directory ‘opencv/build’: No such file or directory
#19 2.038 Traceback (most recent call last):
#19 2.038   File "<string>", line 1, in <module>
#19 2.039   File "/src/fuzzers/afl/fuzzer.py", line 40, in build
#19 2.040     utils.build_benchmark()
#19 2.040   File "/src/fuzzers/utils.py", line 82, in build_benchmark
#19 2.041     subprocess.check_call(['/bin/bash', '-ex', build_script], env=env)
#19 2.042   File "/usr/local/lib/python3.8/subprocess.py", line 364, in check_call
#19 2.044     raise CalledProcessError(retcode, cmd)
#19 2.044 subprocess.CalledProcessError: Command '['/bin/bash', '-ex', '/src/build.sh']' returned non-zero exit status 1.
#19 ERROR: executor failed running [/bin/sh -c echo "Run fuzzer_build to build the target" && if [ -z "$debug_builder" ] ; then fuzzer_build; fi]: exit code: 1
------
 > importing cache manifest from gcr.io/fuzzbench/builders/afl/opencv_imread_fuzzer:
------
------
 > [stage-1 13/13] RUN echo "Run fuzzer_build to build the target" && if [ -z "$debug_builder" ] ; then fuzzer_build; fi:
------
executor failed running [/bin/sh -c echo "Run fuzzer_build to build the target" && if [ -z "$debug_builder" ] ; then fuzzer_build; fi]: exit code: 1
make: *** [docker/generated.mk:2854550: .afl-opencv_imread_fuzzer-builder] Error 1
/bin/sh: 1: source: not found
#1 [internal] load build definition from Dockerfile
#1 sha256:f0b1ef891afd744cd678666e005a2c8f279b2528c4ac3179fafa2574dd95c4e4
#1 transferring dockerfile: 32B done
#1 DONE 0.3s

#2 [internal] load .dockerignore
#2 sha256:957dadf092604a415d471221b6a289a9ec5dfcba7c4290dd33fda9fc5b06e2da
#2 transferring context: 2B done
#2 DONE 0.3s

#3 [internal] load metadata for gcr.io/oss-fuzz-base/base-builder:latest
#3 sha256:f10dc39cc9d418a5bc416dead31a1902b6821fdae909cd3b08f7a3fd1faba7b5
#3 DONE 0.5s

#5 [1/6] FROM gcr.io/oss-fuzz-base/base-builder@sha256:112044a9815d235113677d459cf2ece740a51f2b85081c8f66943dcdc72ddf7f
#5 sha256:4aee4bf9f7280ac8b7f02b8d29e6e084dd034d2c294b4e3e05d8ce7048a1450f
#5 DONE 0.0s

#4 importing cache manifest from gcr.io/fuzzbench/builders/benchmark/opencv_imread_fuzzer
#4 sha256:a461cec460427bc88bd9907cbad8072c70b80a9cd298ce65d9d1a9ad83b8492b
#4 DONE 0.0s

#9 [internal] load build context
#9 sha256:5ac6c2f4448cc413010c157d15c1c44594169f3374f33514fe7790de46283d1c
#9 transferring context: 429B done
#9 DONE 0.0s

#10 [5/6] COPY build.sh /src/
#10 sha256:e79438a51cc4a7ed832c9b6e55499d048983a95058bf8ae25dbef034a1f93185
#10 CACHED

#7 [3/6] RUN git clone --depth 1 https://github.com/opencv/opencv.git opencv
#7 sha256:59a9fb61118231e7c2a207bca2277cafcfad95bb7e22f5ee768b2c0e041e7f83
#7 CACHED

#8 [4/6] WORKDIR opencv/
#8 sha256:fda6c4b7e211bdd8ec1ae001cbb40929be694af912454da7105b1ff5a7d1ef7e
#8 CACHED

#6 [2/6] RUN apt-get update && apt-get install -y build-essential cmake pkg-config
#6 sha256:5b4cdd543f7676d762d91b87c637b12e81d197a5de05812a3f0a2dc7aead2436
#6 CACHED

#11 [6/6] COPY *.cc *.h /src/
#11 sha256:1886e9478a200c9a41ba6beda621ce3c3aa7425783e89f3bf692beed1e4ef067
#11 CACHED

#12 exporting to image
#12 sha256:e8c613e07b0b7ff33893b694f7759a10d42e180f2b4dc349fb57dc6b71dcab00
#12 exporting layers done
#12 writing image sha256:1becccd814dbf34cc8e63e180aa81b53d32b799e754916d11e8fe1e0019dbfe9 done
#12 naming to gcr.io/fuzzbench/builders/benchmark/opencv_imread_fuzzer done
#12 DONE 0.2s

#13 exporting cache
#13 sha256:2700d4ef94dee473593c5c614b55b2dedcca7893909811a8f2b48291a1f581e4
#13 preparing build cache for export done
#13 DONE 0.0s
#1 [internal] load build definition from builder.Dockerfile
#1 sha256:1f09ee9adb5650cbc0a5c00ec627e8a6ecac77073404202c9e7869a325fab47b
#1 transferring dockerfile: 46B done
#1 DONE 0.2s

#2 [internal] load .dockerignore
#2 sha256:e7940d51aebfc46bda796eb7e91a3f39da1f199d0111465439dc43fb32953537
#2 transferring context: 2B done
#2 DONE 0.3s

#3 [internal] load metadata for gcr.io/fuzzbench/builders/benchmark/opencv_imread_fuzzer:latest
#3 sha256:e019acfa470ff41cfd8f30a32556ed9a424a313d8214c4c2a52035d71f0c6089
#3 DONE 0.0s

#7 importing cache manifest from gcr.io/fuzzbench/builders/afl/opencv_imread_fuzzer-intermediate
#7 sha256:b4aaf45be437b92e272b579c4a99a1a86df4ffe8c7ffd29cf7b5fa3ff04c9c2f
#7 DONE 0.0s

#4 [1/3] FROM gcr.io/fuzzbench/builders/benchmark/opencv_imread_fuzzer
#4 sha256:44c5d4fffad9c762076cd7b8330a70f098b01a1eb97f1117687114a1051dc3f3
#4 DONE 0.0s

#5 [2/3] RUN git clone https://github.com/google/AFL.git /afl &&     cd /afl &&     git checkout 61037103ae3722c8060ff7082994836a794f978e &&     AFL_NO_X86=1 make
#5 sha256:980479c750c659ace6f93c239bbb68cd6d95520095bb877f116f305bcc42e9f0
#5 CACHED

#6 [3/3] RUN apt-get update &&     apt-get install wget -y &&     wget https://raw.githubusercontent.com/llvm/llvm-project/5feb80e748924606531ba28c97fe65145c65372e/compiler-rt/lib/fuzzer/afl/afl_driver.cpp -O /afl/afl_driver.cpp &&     clang -Wno-pointer-sign -c /afl/llvm_mode/afl-llvm-rt.o.c -I/afl &&     clang++ -stdlib=libc++ -std=c++11 -O2 -c /afl/afl_driver.cpp &&     ar r /libAFL.a *.o
#6 sha256:89970c73d55f7355a84376bbdd2a196cb1824448b6f05f8d8725c20f9e8b3e87
#6 CACHED

#8 exporting to image
#8 sha256:e8c613e07b0b7ff33893b694f7759a10d42e180f2b4dc349fb57dc6b71dcab00
#8 exporting layers done
#8 writing image sha256:46f5031b711128eb84cc163599a68526005a66a2f95e2b1d5dab852aa983e026 0.0s done
#8 naming to gcr.io/fuzzbench/builders/afl/opencv_imread_fuzzer-intermediate done
#8 DONE 0.9s

#9 exporting cache
#9 sha256:2700d4ef94dee473593c5c614b55b2dedcca7893909811a8f2b48291a1f581e4
#9 preparing build cache for export done
#9 DONE 0.0s
#1 [internal] load build definition from Dockerfile
#1 sha256:14f7d01ad478fab3614323d8ce5c00d4526b21563cf9bbc6c712c1c08c7e4301
#1 transferring dockerfile: 2.00kB done
#1 DONE 0.1s

#2 [internal] load .dockerignore
#2 sha256:10f17f3e113b63160a8a09d5131918eb0b9841ab11d931b2b99968db19310fac
#2 transferring context: 34B 0.0s done
#2 DONE 0.1s

#3 [internal] load metadata for docker.io/library/ubuntu:xenial
#3 sha256:f62bae18ed588840f045c881b2502661f2a89578a2f8f99b83f5200ee83dd25b
#3 DONE 0.0s

#4 [1/7] FROM docker.io/library/ubuntu:xenial
#4 sha256:14dd403f25ae9e519bd44f27dc17af7ce80f5a4f9f48ca88108364e67ec5d360
#4 DONE 0.0s

#12 importing cache manifest from gcr.io/fuzzbench/base-image
#12 sha256:9b220ebb4d4daceed1b96df9b6dca076e762f1cd612574f010b82d5b9e5ad896
#12 DONE 0.0s

#7 [internal] load build context
#7 sha256:a63e850784f80bf7a52855fe411f93f4adceb57f2198d9eb5f919787583c8a23
#7 transferring context: 559B 0.0s done
#7 DONE 0.1s

#6 [3/7] RUN cd /tmp/ &&     curl -O https://www.python.org/ftp/python/3.8.6/Python-3.8.6.tar.xz &&     tar -xvf Python-3.8.6.tar.xz &&     cd Python-3.8.6 &&     ./configure --enable-loadable-sqlite-extensions --enable-optimizations &&     make -j install &&     rm -r /tmp/Python-3.8.6.tar.xz /tmp/Python-3.8.6
#6 sha256:c5b9d1fb3371e84dbc60b76e7b2f8d5913bc93bcd4910ab65daa03e7b2ec4bb0
#6 CACHED

#8 [4/7] COPY ./requirements.txt /
#8 sha256:70c4a52fa3e5e5c394e47618ceda651bd939d104c58e8cbe45c172e4634ca3f5
#8 CACHED

#9 [5/7] RUN pip3 install -r /requirements.txt
#9 sha256:aa815ceb501da6a139a61e5a83cd922e7e4b23cb3415788d00e62f8df30e7762
#9 CACHED

#10 [6/7] RUN apt-get update -y && apt-get install -y     apt-transport-https     lsb-release
#10 sha256:e7e8403ee19a80afbd611041d02bcb0f3e2ef4ade6109f69778029e770de4802
#10 CACHED

#5 [2/7] RUN apt-get update -y && apt-get install -y     build-essential     rsync     curl     zlib1g-dev     libncurses5-dev     libgdbm-dev     libnss3-dev     libssl-dev     libreadline-dev     libffi-dev     virtualenv     libbz2-dev     liblzma-dev     libsqlite3-dev
#5 sha256:3a1b0960f17eed529eaae93dc8fd3554f2743dd584d8fa569cdbe6bc734371ac
#5 CACHED

#11 [7/7] RUN CLOUD_SDK_REPO="cloud-sdk-$(lsb_release -c -s)" &&     echo "deb https://packages.cloud.google.com/apt $CLOUD_SDK_REPO main"     | tee -a /etc/apt/sources.list.d/google-cloud-sdk.list &&     curl https://packages.cloud.google.com/apt/doc/apt-key.gpg     | apt-key add - &&     apt-get update -y &&     apt-get install -y google-cloud-sdk
#11 sha256:2271cfb94f2e3c0290063fbdc6bdd0b21232844d8b782fce573e7571b45d90bf
#11 CACHED

#13 exporting to image
#13 sha256:e8c613e07b0b7ff33893b694f7759a10d42e180f2b4dc349fb57dc6b71dcab00
#13 exporting layers done
#13 writing image sha256:55e5825902805b10e1ba0cd27e4af0d82c25f9e225d6218342d4b6474bd3ddae
#13 writing image sha256:55e5825902805b10e1ba0cd27e4af0d82c25f9e225d6218342d4b6474bd3ddae 0.0s done
#13 naming to gcr.io/fuzzbench/base-image done
#13 DONE 0.1s

#14 exporting cache
#14 sha256:2700d4ef94dee473593c5c614b55b2dedcca7893909811a8f2b48291a1f581e4
#14 preparing build cache for export done
#14 DONE 0.0s
#1 [internal] load build definition from Dockerfile
#1 sha256:402016e383d899efc2bc1085bb64deb99386fb5732e6cb72d918cdd0784db2f2
#1 transferring dockerfile: 2.22kB done
#1 DONE 0.1s

#2 [internal] load .dockerignore
#2 sha256:f21e0ccfc7203175737885fb1b7b3b3b01881799baac21b96fce1de2fe689be2
#2 transferring context:
#2 transferring context: 34B done
#2 DONE 0.1s

#3 [internal] load metadata for gcr.io/fuzzbench/base-image:latest
#3 sha256:932022888f650cc455b10eb5123bb08c0cccacac29a693e69314abbfd28a72c3
#3 DONE 0.0s

#7 [base-image 1/1] FROM gcr.io/fuzzbench/base-image
#7 sha256:4d07825694520f8b6f6a0d8592dbd345433361ae044cb7f06706c5a95e3daaad
#7 DONE 1.0s

#6 [stage-1  1/13] FROM gcr.io/fuzzbench/builders/afl/opencv_imread_fuzzer-intermediate
#6 sha256:544290f9f3ac4040fcfc4af63d6b7d8341e3aea4e9e11015d0681b01f7f0324d
#6 DONE 0.0s

#4 [internal] load metadata for gcr.io/fuzzbench/builders/afl/opencv_imread_fuzzer-intermediate:latest
#4 sha256:ff8a892e7b22b423a8276eca2c2ef184230072a34ada0bf57d3fd4a9a63759c3
#4 DONE 0.0s

#12 [internal] load build context
#12 sha256:30f23aa9d3877ecc9b1cfea6004d733e99403a09df130c807d9eff4d1c96cfc6
#12 DONE 0.0s

#5 importing cache manifest from gcr.io/fuzzbench/builders/afl/opencv_imread_fuzzer
#5 sha256:44393d81ef4fdc26a431aa4e7a52f9f6e5ff68878c30c9b73cc34a0132ad66df
#5 ERROR: gcr.io/fuzzbench/builders/afl/opencv_imread_fuzzer:latest: not found

#12 [internal] load build context
#12 sha256:30f23aa9d3877ecc9b1cfea6004d733e99403a09df130c807d9eff4d1c96cfc6
#12 transferring context: 669.88kB 0.2s done
#12 DONE 0.2s

#11 [stage-1  5/13] COPY --from=base-image /usr/local/lib/python3.8/site-packages /usr/local/lib/python3.8/site-packages
#11 sha256:f49153a9152afbe38e1ddf2d03f74776998ce574a1814ea3fa3e322632b31b2d
#11 CACHED

#13 [stage-1  6/13] COPY fuzzers /src/fuzzers
#13 sha256:39d7d5fb71ecee1f9b78fa939e646130869f801d2b5f154f45fc20e5a9ccb66f
#13 CACHED

#8 [stage-1  2/13] COPY --from=base-image /usr/local/bin/python3* /usr/local/bin/
#8 sha256:d8353e14eca9f0c1a044d3b894344f0c4495c6679c28c0045035738526cd7c3c
#8 CACHED

#9 [stage-1  3/13] COPY --from=base-image /usr/local/lib/python3.8 /usr/local/lib/python3.8
#9 sha256:148ee822599502cf8d718b54b38b69f91931ef6ab0837863a98bb959c5112c1e
#9 CACHED

#10 [stage-1  4/13] COPY --from=base-image /usr/local/include/python3.8 /usr/local/include/python3.8
#10 sha256:1b24d49498aca42e71c5e6cc7a4fa304011f05840333df3c64291e2c01c05bd9
#10 CACHED

#14 [stage-1  7/13] RUN touch /src/__init__.py
#14 sha256:03016c0098a8b21fba696a8613dc0e19c0f37532d17c03a34dbaf8c4e102fad3
#14 DONE 2.1s

#15 [stage-1  8/13] COPY benchmarks/opencv_imread_fuzzer/benchmark.yaml /
#15 sha256:1c58a385807dcab9c10411fb068771eb06de5a96a2c56661df28adc4e3d7f410
#15 DONE 0.1s

#16 [stage-1  9/13] RUN mkdir /opt/fuzzbench/
#16 sha256:8218cea1c3b07e3fc0efbe8a4227c48b647c4464d76e51914589464d8810d20b
#16 DONE 2.2s

#17 [stage-1 10/13] COPY docker/benchmark-builder/checkout_commit.py /opt/fuzzbench/
#17 sha256:40577a386fb787dd346ad99e859169f552ff533046589051b9f46cffa5d412f9
#17 DONE 0.1s

#18 [stage-1 11/13] RUN export CHECKOUT_COMMIT=$(cat /benchmark.yaml | tr -d ' ' | grep 'commit:' | cut -d ':' -f2) &&     python3 -u /opt/fuzzbench/checkout_commit.py $CHECKOUT_COMMIT /src
#18 sha256:f58fa576c60f4129922940860cf05553417943383647ad3aa22af71b90db16c5
#18 1.128 Checking out commit 84faf557
#18 145.7 From https://github.com/opencv/opencv
#18 145.7  * [new tag]               2.2                  -> 2.2
#18 145.7  * [new tag]               2.4.0                -> 2.4.0
#18 145.7  * [new tag]               2.4.1                -> 2.4.1
#18 145.7  * [new tag]               2.4.10               -> 2.4.10
#18 145.7  * [new tag]               2.4.10.1             -> 2.4.10.1
#18 145.7  * [new tag]               2.4.10.2             -> 2.4.10.2
#18 145.7  * [new tag]               2.4.10.3             -> 2.4.10.3
#18 145.7  * [new tag]               2.4.10.4             -> 2.4.10.4
#18 145.7  * [new tag]               2.4.11               -> 2.4.11
#18 145.7  * [new tag]               2.4.12               -> 2.4.12
#18 145.7  * [new tag]               2.4.12.1             -> 2.4.12.1
#18 145.7  * [new tag]               2.4.12.2             -> 2.4.12.2
#18 145.7  * [new tag]               2.4.12.3             -> 2.4.12.3
#18 145.7  * [new tag]               2.4.13               -> 2.4.13
#18 145.7  * [new tag]               2.4.13.1             -> 2.4.13.1
#18 145.7  * [new tag]               2.4.2                -> 2.4.2
#18 145.7  * [new tag]               2.4.3                -> 2.4.3
#18 145.7  * [new tag]               2.4.3-rc             -> 2.4.3-rc
#18 145.7  * [new tag]               2.4.3.1              -> 2.4.3.1
#18 145.7  * [new tag]               2.4.3.2              -> 2.4.3.2
#18 145.7  * [new tag]               2.4.4                -> 2.4.4
#18 145.7  * [new tag]               2.4.4-beta           -> 2.4.4-beta
#18 145.7  * [new tag]               2.4.5                -> 2.4.5
#18 145.7  * [new tag]               2.4.6                -> 2.4.6
#18 145.7  * [new tag]               2.4.6.1              -> 2.4.6.1
#18 145.7  * [new tag]               2.4.6.2              -> 2.4.6.2
#18 145.7  * [new tag]               2.4.6.2-rc1          -> 2.4.6.2-rc1
#18 145.7  * [new tag]               2.4.7                -> 2.4.7
#18 145.7  * [new tag]               2.4.7-rc1            -> 2.4.7-rc1
#18 145.7  * [new tag]               2.4.7.1              -> 2.4.7.1
#18 145.7  * [new tag]               2.4.7.2              -> 2.4.7.2
#18 145.7  * [new tag]               2.4.8                -> 2.4.8
#18 145.7  * [new tag]               2.4.8.1              -> 2.4.8.1
#18 145.7  * [new tag]               2.4.8.2              -> 2.4.8.2
#18 145.7  * [new tag]               2.4.8.3              -> 2.4.8.3
#18 145.7  * [new tag]               2.4.9                -> 2.4.9
#18 145.7  * [new tag]               2.4.9.1              -> 2.4.9.1
#18 145.7  * [new tag]               3.0-ocl-tech-preview -> 3.0-ocl-tech-preview
#18 145.7  * [new tag]               3.0-ocl-tp2          -> 3.0-ocl-tp2
#18 145.7  * [new tag]               3.0.0                -> 3.0.0
#18 145.7  * [new tag]               3.0.0-alpha          -> 3.0.0-alpha
#18 145.8  * [new tag]               3.0.0-beta           -> 3.0.0-beta
#18 145.8  * [new tag]               3.0.0-rc1            -> 3.0.0-rc1
#18 145.8  * [new tag]               3.1.0                -> 3.1.0
#18 145.8  * [new tag]               3.2.0                -> 3.2.0
#18 145.8  * [new tag]               3.2.0-rc             -> 3.2.0-rc
#18 145.8  * [new tag]               3.3.0                -> 3.3.0
#18 145.8  * [new tag]               3.3.0-cvsdk          -> 3.3.0-cvsdk
#18 145.8  * [new tag]               3.3.0-rc             -> 3.3.0-rc
#18 145.8  * [new tag]               3.3.1                -> 3.3.1
#18 145.8  * [new tag]               3.3.1-cvsdk          -> 3.3.1-cvsdk
#18 145.8  * [new tag]               3.4.0                -> 3.4.0
#18 145.8  * [new tag]               3.4.0-rc             -> 3.4.0-rc
#18 145.8  * [new tag]               3.4.1                -> 3.4.1
#18 145.8  * [new tag]               3.4.1-cvsdk          -> 3.4.1-cvsdk
#18 145.8  * [new tag]               3.4.10               -> 3.4.10
#18 145.8  * [new tag]               3.4.11               -> 3.4.11
#18 145.8  * [new tag]               3.4.12               -> 3.4.12
#18 145.8  * [new tag]               3.4.13               -> 3.4.13
#18 145.8  * [new tag]               3.4.14               -> 3.4.14
#18 145.8  * [new tag]               3.4.15               -> 3.4.15
#18 145.8  * [new tag]               3.4.16               -> 3.4.16
#18 145.8  * [new tag]               3.4.17               -> 3.4.17
#18 145.8  * [new tag]               3.4.2                -> 3.4.2
#18 145.8  * [new tag]               3.4.2-openvino       -> 3.4.2-openvino
#18 145.8  * [new tag]               3.4.3                -> 3.4.3
#18 145.8  * [new tag]               3.4.3-openvino       -> 3.4.3-openvino
#18 145.8  * [new tag]               3.4.4                -> 3.4.4
#18 145.8  * [new tag]               3.4.5                -> 3.4.5
#18 145.8  * [new tag]               3.4.6                -> 3.4.6
#18 145.8  * [new tag]               3.4.7                -> 3.4.7
#18 145.8  * [new tag]               3.4.8                -> 3.4.8
#18 145.8  * [new tag]               3.4.9                -> 3.4.9
#18 145.8  * [new tag]               4.0.0                -> 4.0.0
#18 145.8  * [new tag]               4.0.0-alpha          -> 4.0.0-alpha
#18 145.8  * [new tag]               4.0.0-beta           -> 4.0.0-beta
#18 145.8  * [new tag]               4.0.0-openvino       -> 4.0.0-openvino
#18 145.8  * [new tag]               4.0.0-rc             -> 4.0.0-rc
#18 145.8  * [new tag]               4.0.1                -> 4.0.1
#18 145.8  * [new tag]               4.0.1-openvino       -> 4.0.1-openvino
#18 145.8  * [new tag]               4.1.0                -> 4.1.0
#18 145.8  * [new tag]               4.1.0-openvino       -> 4.1.0-openvino
#18 145.8  * [new tag]               4.1.1                -> 4.1.1
#18 145.8  * [new tag]               4.1.1-openvino       -> 4.1.1-openvino
#18 145.8  * [new tag]               4.1.2                -> 4.1.2
#18 145.8  * [new tag]               4.1.2-openvino       -> 4.1.2-openvino
#18 145.8  * [new tag]               4.2.0                -> 4.2.0
#18 145.8  * [new tag]               4.3.0                -> 4.3.0
#18 145.8  * [new tag]               4.4.0                -> 4.4.0
#18 145.8  * [new tag]               4.5.0                -> 4.5.0
#18 145.8  * [new tag]               4.5.1                -> 4.5.1
#18 145.8  * [new tag]               4.5.2                -> 4.5.2
#18 145.8  * [new tag]               4.5.3                -> 4.5.3
#18 145.8  * [new tag]               4.5.4                -> 4.5.4
#18 145.8  * [new tag]               4.5.5                -> 4.5.5
#18 145.8 error: pathspec '84faf557' did not match any file(s) known to git
#18 145.8 error: pathspec '84faf557' did not match any file(s) known to git
#18 145.9 error: pathspec '84faf557' did not match any file(s) known to git
#18 146.0 error: pathspec '84faf557' did not match any file(s) known to git
#18 146.1 error: pathspec '84faf557' did not match any file(s) known to git
#18 146.1 error: pathspec '84faf557' did not match any file(s) known to git
#18 146.2 error: pathspec '84faf557' did not match any file(s) known to git
#18 146.2 error: pathspec '84faf557' did not match any file(s) known to git
#18 146.3 error: pathspec '84faf557' did not match any file(s) known to git
#18 146.4 error: pathspec '84faf557' did not match any file(s) known to git
#18 146.5 error: pathspec '84faf557' did not match any file(s) known to git
#18 146.6 error: pathspec '84faf557' did not match any file(s) known to git
#18 146.7 error: pathspec '84faf557' did not match any file(s) known to git
#18 146.8 error: pathspec '84faf557' did not match any file(s) known to git
#18 146.8 error: pathspec '84faf557' did not match any file(s) known to git
#18 146.9 error: pathspec '84faf557' did not match any file(s) known to git
#18 147.0 error: pathspec '84faf557' did not match any file(s) known to git
#18 147.0 error: pathspec '84faf557' did not match any file(s) known to git
#18 147.0 error: pathspec '84faf557' did not match any file(s) known to git
#18 147.1 error: pathspec '84faf557' did not match any file(s) known to git
#18 147.1 error: pathspec '84faf557' did not match any file(s) known to git
#18 147.2 error: pathspec '84faf557' did not match any file(s) known to git
#18 147.5 Checkout unsuccessful.
#18 DONE 147.6s

#19 [stage-1 12/13] RUN echo "#!/bin/bash\nPYTHONPATH=/src python3 -u -c "from fuzzers import utils; utils.initialize_env(); from fuzzers.afl import fuzzer; fuzzer.build()"" > /usr/bin/fuzzer_build &&     chmod +x /usr/bin/fuzzer_build
#19 sha256:f5ae6c6a84a3959f2fac357cd4309a5c655aa4bb7e875d64dbd001edee049134
#19 DONE 1.4s

#20 [stage-1 13/13] RUN echo "Run fuzzer_build to build the target" && if [ -z "$debug_builder" ] ; then fuzzer_build; fi
#20 sha256:db4e37943848d27e3ad122233c0f6d6014f036ec29e86b1ab0735402aa38d68d
#20 1.252 Run fuzzer_build to build the target
#20 1.698 FUZZ_TARGET = imread_fuzzer
#20 1.701 CFLAGS = -DFUZZING_BUILD_MODE_UNSAFE_FOR_PRODUCTION -pthread -Wl,--no-as-needed -Wl,-ldl -Wl,-lm -Wno-unused-command-line-argument -O3
#20 1.701 CXXFLAGS = -DFUZZING_BUILD_MODE_UNSAFE_FOR_PRODUCTION -pthread -Wl,--no-as-needed -Wl,-ldl -Wl,-lm -Wno-unused-command-line-argument -stdlib=libc++ -O3
#20 1.711 Building benchmark opencv_imread_fuzzer with fuzzer afl
#20 1.729 + mkdir opencv/build
#20 1.734 mkdir: cannot create directory ‘opencv/build’: No such file or directory
#20 1.737 Traceback (most recent call last):
#20 1.737   File "<string>", line 1, in <module>
#20 1.738   File "/src/fuzzers/afl/fuzzer.py", line 40, in build
#20 1.738     utils.build_benchmark()
#20 1.738   File "/src/fuzzers/utils.py", line 82, in build_benchmark
#20 1.739     subprocess.check_call(['/bin/bash', '-ex', build_script], env=env)
#20 1.739   File "/usr/local/lib/python3.8/subprocess.py", line 364, in check_call
#20 1.739     raise CalledProcessError(retcode, cmd)
#20 1.740 subprocess.CalledProcessError: Command '['/bin/bash', '-ex', '/src/build.sh']' returned non-zero exit status 1.
#20 ERROR: executor failed running [/bin/sh -c echo "Run fuzzer_build to build the target" && if [ -z "$debug_builder" ] ; then fuzzer_build; fi]: exit code: 1
------
 > importing cache manifest from gcr.io/fuzzbench/builders/afl/opencv_imread_fuzzer:
------
------
 > [stage-1 13/13] RUN echo "Run fuzzer_build to build the target" && if [ -z "$debug_builder" ] ; then fuzzer_build; fi:
------
executor failed running [/bin/sh -c echo "Run fuzzer_build to build the target" && if [ -z "$debug_builder" ] ; then fuzzer_build; fi]: exit code: 1
make: *** [docker/generated.mk:2854550: .afl-opencv_imread_fuzzer-builder] Error 1
