WARNING:root:gcloud not found in PATH.
INFO:root:Successfully integrated benchmark: leveldb_fuzz_db.
INFO:root:Please run "make test-run-afl-leveldb_fuzz_db" to test integration.
#1 [internal] load build definition from Dockerfile
#1 sha256:584aad52ba2f104b9df84249fdf77a354c03ea9d73e36f66a4fdf87afb3ef4a1
#1 transferring dockerfile: 32B done
#1 DONE 0.0s

#2 [internal] load .dockerignore
#2 sha256:8bfecb07404f63b69b6ec9fc120a64abb69486588ec1a06da13914b9c882fd51
#2 transferring context: 2B done
#2 DONE 0.0s

#3 [internal] load metadata for gcr.io/oss-fuzz-base/base-builder:latest
#3 sha256:f10dc39cc9d418a5bc416dead31a1902b6821fdae909cd3b08f7a3fd1faba7b5
#3 DONE 0.5s

#9 [internal] load build context
#9 sha256:80ceba51c86bf8d13cc9eebe856a1d470e813e00c62454a8b4f0776f2514a7bc
#9 DONE 0.0s

#5 [1/7] FROM gcr.io/oss-fuzz-base/base-builder@sha256:f4e5ea12494fab091c5d830cf803b3421f2860f729b9d1b07da44924396cf8cf
#5 sha256:ef290950573a2779ee526af357b28fbddfc20d7409aa51f58f777c9e972cba29
#5 DONE 0.0s

#4 importing cache manifest from gcr.io/fuzzbench/builders/benchmark/leveldb_fuzz_db
#4 sha256:7d9908ba63753cf2d6880d362a2da14457179d9fe10e6c5ba23b0512b16df63c
#4 ERROR: gcr.io/fuzzbench/builders/benchmark/leveldb_fuzz_db:latest: not found

#9 [internal] load build context
#9 sha256:80ceba51c86bf8d13cc9eebe856a1d470e813e00c62454a8b4f0776f2514a7bc
#9 transferring context: 94B done
#9 DONE 0.0s

#6 [2/7] RUN apt-get update && apt-get install -y make autoconf automake libtool gettext pkg-config build-essential
#6 sha256:d3e9bc0e90033fb1cf04b38d3df2d698bc3abeb1cd1c756ba4ea7a49d6bdae55
#6 CACHED

#10 [5/7] COPY build.sh /src/
#10 sha256:6fb1018c353f2c93a153dbc25b7ab6d19fcdba0f79bee834af52d417de89c634
#10 CACHED

#11 [6/7] COPY *.cc /src/leveldb/
#11 sha256:cd47be06bcc28f8c7d9501e0b79da5599ff60dbb428c24c444d0f66221db6d0c
#11 CACHED

#7 [3/7] RUN git clone --recurse-submodules https://github.com/google/leveldb.git
#7 sha256:39d1fe90ac2ca89d106215b5f192898be0cf56723b6413a7362b71f05ee7150a
#7 CACHED

#8 [4/7] WORKDIR /src/
#8 sha256:aaca341d0c5aeff56f26deb096091838a057371cbf57d313a3e8a2f03be0f24f
#8 CACHED

#12 [7/7] COPY *.options /src/
#12 sha256:d6a5edb6519f93bcb1637f955954ce59920adcb5e67ebf6441b1b558e73cd751
#12 CACHED

#13 exporting to image
#13 sha256:e8c613e07b0b7ff33893b694f7759a10d42e180f2b4dc349fb57dc6b71dcab00
#13 exporting layers done
#13 writing image sha256:44e3a248c42c135cf654cbfc1f5dd74537b236c439e3f614916d6eab8d0ce4a3
#13 writing image sha256:44e3a248c42c135cf654cbfc1f5dd74537b236c439e3f614916d6eab8d0ce4a3 done
#13 naming to gcr.io/fuzzbench/builders/benchmark/leveldb_fuzz_db done
#13 DONE 0.1s

#14 exporting cache
#14 sha256:2700d4ef94dee473593c5c614b55b2dedcca7893909811a8f2b48291a1f581e4
#14 preparing build cache for export done
#14 DONE 0.0s
------
 > importing cache manifest from gcr.io/fuzzbench/builders/benchmark/leveldb_fuzz_db:
------
#1 [internal] load build definition from builder.Dockerfile
#1 sha256:864b24260c08eee4feb207bc2ac271c56169e3f7f1ad7d877abb4b60a5df4519
#1 transferring dockerfile: 46B done
#1 DONE 0.0s

#2 [internal] load .dockerignore
#2 sha256:c65a2a2dc3031c68102b7908afda30f4203c423aa4c77eebbf2a52e181cae5b7
#2 transferring context: 2B done
#2 DONE 0.0s

#3 [internal] load metadata for gcr.io/fuzzbench/builders/benchmark/leveldb_fuzz_db:latest
#3 sha256:ad59758077779b46494dd0b5ee394dd956539929f38d0ef055ffec943d93d765
#3 DONE 0.0s

#5 [1/3] FROM gcr.io/fuzzbench/builders/benchmark/leveldb_fuzz_db
#5 sha256:192512c88e2b5a004f251c2fddc09f6400d6bdc8f14e3d01197363f8e5eaccad
#5 DONE 0.0s

#4 importing cache manifest from gcr.io/fuzzbench/builders/afl/leveldb_fuzz_db-intermediate
#4 sha256:8a057b9ed8fe4931bb76fec1a4952c832876696a003f9ff7b780a6b40ff6d6a0
#4 ERROR: gcr.io/fuzzbench/builders/afl/leveldb_fuzz_db-intermediate:latest: not found

#6 [2/3] RUN git clone https://github.com/google/AFL.git /afl &&     cd /afl &&     git checkout 61037103ae3722c8060ff7082994836a794f978e &&     AFL_NO_X86=1 make
#6 sha256:df7616c957e934db6fcc7ee1849ab0b5d38f5f5bcd2a6cfa81fdef8e8b8f4ad1
#6 CACHED

#7 [3/3] RUN apt-get update &&     apt-get install wget -y &&     wget https://raw.githubusercontent.com/llvm/llvm-project/5feb80e748924606531ba28c97fe65145c65372e/compiler-rt/lib/fuzzer/afl/afl_driver.cpp -O /afl/afl_driver.cpp &&     clang -Wno-pointer-sign -c /afl/llvm_mode/afl-llvm-rt.o.c -I/afl &&     clang++ -stdlib=libc++ -std=c++11 -O2 -c /afl/afl_driver.cpp &&     ar r /libAFL.a *.o
#7 sha256:b05ed52ba86ad06f87ff8f16d4b3e018d4d4d9c8e246d6523fd62255a57b40ad
#7 CACHED

#8 exporting to image
#8 sha256:e8c613e07b0b7ff33893b694f7759a10d42e180f2b4dc349fb57dc6b71dcab00
#8 exporting layers done
#8 writing image sha256:8eb3092076074f043d9694143fcb4bb98d9a78447471f23cc33cc06060d9f6bb done
#8 naming to gcr.io/fuzzbench/builders/afl/leveldb_fuzz_db-intermediate done
#8 DONE 0.1s

#9 exporting cache
#9 sha256:2700d4ef94dee473593c5c614b55b2dedcca7893909811a8f2b48291a1f581e4
#9 preparing build cache for export done
#9 DONE 0.0s
------
 > importing cache manifest from gcr.io/fuzzbench/builders/afl/leveldb_fuzz_db-intermediate:
------
#1 [internal] load build definition from Dockerfile
#1 sha256:9920249fed2d6bb7309070f5c60788d3486a1881e091f3ef0c75cab6a94d807a
#1 transferring dockerfile: 2.00kB done
#1 DONE 0.0s

#2 [internal] load .dockerignore
#2 sha256:05406583ffd2e793a91aaeeca7a0cc508603caa54d555488fcc1ab145b639730
#2 transferring context: 34B done
#2 DONE 0.0s

#3 [internal] load metadata for docker.io/library/ubuntu:xenial
#3 sha256:f62bae18ed588840f045c881b2502661f2a89578a2f8f99b83f5200ee83dd25b
#3 DONE 0.0s

#5 [1/7] FROM docker.io/library/ubuntu:xenial
#5 sha256:14dd403f25ae9e519bd44f27dc17af7ce80f5a4f9f48ca88108364e67ec5d360
#5 DONE 0.0s

#4 importing cache manifest from gcr.io/fuzzbench/base-image
#4 sha256:9b220ebb4d4daceed1b96df9b6dca076e762f1cd612574f010b82d5b9e5ad896
#4 DONE 0.0s

#8 [internal] load build context
#8 sha256:78028793f9a047b7ba6e07e1814ed35408b7de12faa5878ea82c66f665640f0c
#8 transferring context: 559B 0.0s done
#8 DONE 0.0s

#10 [5/7] RUN pip3 install -r /requirements.txt
#10 sha256:b95f451a355cb0571f2112f43ec2570f91c65c96bf4902055a51431e730f0430
#10 CACHED

#7 [3/7] RUN cd /tmp/ &&     curl -O https://www.python.org/ftp/python/3.8.6/Python-3.8.6.tar.xz &&     tar -xvf Python-3.8.6.tar.xz &&     cd Python-3.8.6 &&     ./configure --enable-loadable-sqlite-extensions --enable-optimizations &&     make -j install &&     rm -r /tmp/Python-3.8.6.tar.xz /tmp/Python-3.8.6
#7 sha256:c5b9d1fb3371e84dbc60b76e7b2f8d5913bc93bcd4910ab65daa03e7b2ec4bb0
#7 CACHED

#6 [2/7] RUN apt-get update -y && apt-get install -y     build-essential     rsync     curl     zlib1g-dev     libncurses5-dev     libgdbm-dev     libnss3-dev     libssl-dev     libreadline-dev     libffi-dev     virtualenv     libbz2-dev     liblzma-dev     libsqlite3-dev
#6 sha256:3a1b0960f17eed529eaae93dc8fd3554f2743dd584d8fa569cdbe6bc734371ac
#6 CACHED

#9 [4/7] COPY ./requirements.txt /
#9 sha256:73bafbdac3d9500843862f47249f8032c528b21f206feed274c841e39b39b7da
#9 CACHED

#11 [6/7] RUN apt-get update -y && apt-get install -y     apt-transport-https     lsb-release
#11 sha256:b8f5ec9447f7247022453a106f788be290934d1ea63c06575f5fc2d6dc132df6
#11 CACHED

#12 [7/7] RUN CLOUD_SDK_REPO="cloud-sdk-$(lsb_release -c -s)" &&     echo "deb https://packages.cloud.google.com/apt $CLOUD_SDK_REPO main"     | tee -a /etc/apt/sources.list.d/google-cloud-sdk.list &&     curl https://packages.cloud.google.com/apt/doc/apt-key.gpg     | apt-key add - &&     apt-get update -y &&     apt-get install -y google-cloud-sdk
#12 sha256:ecd7636da2e5b9fb9a5a68140e8852ba454d201934d821a00e68f0c6d8c5353f
#12 CACHED

#13 exporting to image
#13 sha256:e8c613e07b0b7ff33893b694f7759a10d42e180f2b4dc349fb57dc6b71dcab00
#13 exporting layers done
#13 writing image sha256:139540fb22a119f888cb3e5ed6e013e8d868574697f5fb839e5da9e23de73e0a done
#13 naming to gcr.io/fuzzbench/base-image done
#13 DONE 0.0s

#14 exporting cache
#14 sha256:2700d4ef94dee473593c5c614b55b2dedcca7893909811a8f2b48291a1f581e4
#14 preparing build cache for export done
#14 DONE 0.0s
#1 [internal] load build definition from Dockerfile
#1 sha256:67f9ec1f0448524e21f5bc759ad434bf9ef88fe5b0bd7ce3ee7b3df9cd03ad3b
#1 transferring dockerfile: 2.22kB done
#1 DONE 0.0s

#2 [internal] load .dockerignore
#2 sha256:67c3e508e1be03acc4907afe013e7a4c2d2110f6be1ecc35cd40864238d9df68
#2 transferring context: 34B done
#2 DONE 0.0s

#4 [internal] load metadata for gcr.io/fuzzbench/base-image:latest
#4 sha256:932022888f650cc455b10eb5123bb08c0cccacac29a693e69314abbfd28a72c3
#4 DONE 0.0s

#3 [internal] load metadata for gcr.io/fuzzbench/builders/afl/leveldb_fuzz_db-intermediate:latest
#3 sha256:4dc07d8b67e379f49730d0b4c7cab30e0472567c6e59dcb822d815365e7be7eb
#3 DONE 0.0s

#12 [internal] load build context
#12 sha256:7ae0a87263821c4f4ab961cdde44abd7e38bc098360780a06b51b13292d57ffa
#12 DONE 0.0s

#7 [base-image 1/1] FROM gcr.io/fuzzbench/base-image
#7 sha256:4d07825694520f8b6f6a0d8592dbd345433361ae044cb7f06706c5a95e3daaad
#7 DONE 0.0s

#6 [stage-1  1/13] FROM gcr.io/fuzzbench/builders/afl/leveldb_fuzz_db-intermediate
#6 sha256:eaf84a818b23f8956fb6adc3cd42519d54b3a9a01c44f2149aaae5e12d3c1bf9
#6 DONE 0.0s

#5 importing cache manifest from gcr.io/fuzzbench/builders/afl/leveldb_fuzz_db
#5 sha256:65658048e93c249a88fcc56e5c597480afba36bf2337afd0a4c0b6151ad5f421
#5 ERROR: gcr.io/fuzzbench/builders/afl/leveldb_fuzz_db:latest: not found

#12 [internal] load build context
#12 sha256:7ae0a87263821c4f4ab961cdde44abd7e38bc098360780a06b51b13292d57ffa
#12 transferring context: 669.87kB 0.1s done
#12 DONE 0.1s

#8 [stage-1  2/13] COPY --from=base-image /usr/local/bin/python3* /usr/local/bin/
#8 sha256:4fbb53fb972da0208ba1c0a97272507d0cf286647cca91fe6b5a170a3bf09e98
#8 CACHED

#9 [stage-1  3/13] COPY --from=base-image /usr/local/lib/python3.8 /usr/local/lib/python3.8
#9 sha256:4ca1663c861abdb8a466f58e24fd96d6707c53608b0bd631c4396a7aba9381a2
#9 CACHED

#10 [stage-1  4/13] COPY --from=base-image /usr/local/include/python3.8 /usr/local/include/python3.8
#10 sha256:52e0a9f5eb1eb248e1dcae584fb20842eafb63be6379c67d8b10f1c2f0f1cc78
#10 CACHED

#11 [stage-1  5/13] COPY --from=base-image /usr/local/lib/python3.8/site-packages /usr/local/lib/python3.8/site-packages
#11 sha256:ea22dd75975af4ea21fddd49b0b9b5ee34b28419cf33e7572bd6cad8d553cab2
#11 CACHED

#13 [stage-1  6/13] COPY fuzzers /src/fuzzers
#13 sha256:218d77978e996dc2f50c31d813f2bf9cf1b2b489cfa70026349d03022508f835
#13 CACHED

#14 [stage-1  7/13] RUN touch /src/__init__.py
#14 sha256:0e793f16d7bf920333c0610aad9a3c1430bb9278121f55abf38e6ddec5c18611
#14 CACHED

#15 [stage-1  8/13] COPY benchmarks/leveldb_fuzz_db/benchmark.yaml /
#15 sha256:c268a1b3cde4fa600c84e57a81b774f1768b5b954a0af95c06a134662aa8937b
#15 DONE 0.2s

#16 [stage-1  9/13] RUN mkdir /opt/fuzzbench/
#16 sha256:5719bd3fc0fa1bc1163492046f250f40af67d9dc7e5eff5ffcabc9b5574de15e
#16 DONE 0.4s

#17 [stage-1 10/13] COPY docker/benchmark-builder/checkout_commit.py /opt/fuzzbench/
#17 sha256:23a9da6f73f0726213ec8c7fbfb118deb1a9d02d8381000f8d4250c0593f3a48
#17 DONE 0.1s

#18 [stage-1 11/13] RUN export CHECKOUT_COMMIT=$(cat /benchmark.yaml | tr -d ' ' | grep 'commit:' | cut -d ':' -f2) &&     python3 -u /opt/fuzzbench/checkout_commit.py $CHECKOUT_COMMIT /src
#18 sha256:9f7c3e4cac23503f9a8ae4f8a4c83895d73fd2fda4a41dc6d9e38cd7b4cc8fe6
#18 0.512 Checking out commit efd77dbe
#18 0.526 error: pathspec 'efd77dbe' did not match any file(s) known to git
#18 0.537 error: pathspec 'efd77dbe' did not match any file(s) known to git
#18 0.544 error: pathspec 'efd77dbe' did not match any file(s) known to git
#18 0.576 error: pathspec 'efd77dbe' did not match any file(s) known to git
#18 0.610 Checkout unsuccessful.
#18 DONE 0.8s

#19 [stage-1 12/13] RUN echo "#!/bin/bash\nPYTHONPATH=/src python3 -u -c "from fuzzers import utils; utils.initialize_env(); from fuzzers.afl import fuzzer; fuzzer.build()"" > /usr/bin/fuzzer_build &&     chmod +x /usr/bin/fuzzer_build
#19 sha256:4e19e2519df88073aaa923d6184f7b4489f52fa74a4eb9197568619d8ff69958
#19 DONE 0.6s

#20 [stage-1 13/13] RUN echo "Run fuzzer_build to build the target" && if [ -z "$debug_builder" ] ; then fuzzer_build; fi
#20 sha256:6bafa02e7acdea4979bd2b6af05d3d7925f6875e668a037d06be73d303fa410a
#20 0.481 Run fuzzer_build to build the target
#20 0.593 FUZZ_TARGET = fuzz_db
#20 0.593 CFLAGS = -DFUZZING_BUILD_MODE_UNSAFE_FOR_PRODUCTION -pthread -Wl,--no-as-needed -Wl,-ldl -Wl,-lm -Wno-unused-command-line-argument -O3
#20 0.593 CXXFLAGS = -DFUZZING_BUILD_MODE_UNSAFE_FOR_PRODUCTION -pthread -Wl,--no-as-needed -Wl,-ldl -Wl,-lm -Wno-unused-command-line-argument -stdlib=libc++ -O3
#20 0.598 Building benchmark leveldb_fuzz_db with fuzzer afl
#20 0.602 + cd /src/leveldb
#20 0.602 + mkdir -p build
#20 0.604 + cd build
#20 0.604 + cmake -DCMAKE_BUILD_TYPE=Release ..
#20 0.802 -- The C compiler identification is Clang 14.0.0
#20 1.047 -- The CXX compiler identification is Clang 14.0.0
#20 1.058 -- Detecting C compiler ABI info
#20 1.212 -- Detecting C compiler ABI info - done
#20 1.267 -- Check for working C compiler: /usr/local/bin/clang - skipped
#20 1.267 -- Detecting C compile features
#20 1.268 -- Detecting C compile features - done
#20 1.274 -- Detecting CXX compiler ABI info
#20 1.459 -- Detecting CXX compiler ABI info - done
#20 1.522 -- Check for working CXX compiler: /usr/local/bin/clang++ - skipped
#20 1.523 -- Detecting CXX compile features
#20 1.524 -- Detecting CXX compile features - done
#20 1.525 -- Looking for unistd.h
#20 1.686 -- Looking for unistd.h - found
#20 1.687 -- Looking for crc32c_value in crc32c
#20 1.778 -- Looking for crc32c_value in crc32c - not found
#20 1.778 -- Looking for snappy_compress in snappy
#20 1.871 -- Looking for snappy_compress in snappy - not found
#20 1.871 -- Looking for malloc in tcmalloc
#20 1.966 -- Looking for malloc in tcmalloc - not found
#20 1.968 -- Looking for fdatasync
#20 2.179 -- Looking for fdatasync - found
#20 2.180 -- Looking for F_FULLFSYNC
#20 2.224 -- Looking for F_FULLFSYNC - not found
#20 2.225 -- Looking for O_CLOEXEC
#20 2.428 -- Looking for O_CLOEXEC - found
#20 2.432 -- Performing Test HAVE_CLANG_THREAD_SAFETY
#20 2.617 -- Performing Test HAVE_CLANG_THREAD_SAFETY - Success
#20 2.620 -- Performing Test LEVELDB_HAVE_NO_MISSING_FIELD_INITIALIZERS
#20 2.802 -- Performing Test LEVELDB_HAVE_NO_MISSING_FIELD_INITIALIZERS - Success
#20 2.803 -- Performing Test HAVE_CXX17_HAS_INCLUDE
#20 3.704 -- Performing Test HAVE_CXX17_HAS_INCLUDE - Success
#20 3.714 -- Looking for pthread.h
#20 3.880 -- Looking for pthread.h - found
#20 3.881 -- Performing Test CMAKE_HAVE_LIBC_PTHREAD
#20 4.053 -- Performing Test CMAKE_HAVE_LIBC_PTHREAD - Success
#20 4.056 -- Found Threads: TRUE  
#20 4.516 -- Found Python: /usr/local/bin/python3.8 (found version "3.8.6") found components: Interpreter 
#20 4.536 -- Failed to find LLVM FileCheck
#20 4.541 -- Found Git: /usr/bin/git (found version "2.35.1") 
#20 4.573 -- git Version: v1.5.3-7d0d9061
#20 4.573 -- Version: 1.5.3
#20 4.577 -- Performing Test HAVE_CXX_FLAG_STD_CXX11
#20 4.761 -- Performing Test HAVE_CXX_FLAG_STD_CXX11 - Success
#20 4.763 -- Performing Test HAVE_CXX_FLAG_WALL
#20 4.955 -- Performing Test HAVE_CXX_FLAG_WALL - Success
#20 4.957 -- Performing Test HAVE_CXX_FLAG_WEXTRA
#20 5.149 -- Performing Test HAVE_CXX_FLAG_WEXTRA - Success
#20 5.151 -- Performing Test HAVE_CXX_FLAG_WSHADOW
#20 5.337 -- Performing Test HAVE_CXX_FLAG_WSHADOW - Success
#20 5.339 -- Performing Test HAVE_CXX_FLAG_WERROR
#20 5.527 -- Performing Test HAVE_CXX_FLAG_WERROR - Success
#20 5.531 -- Performing Test HAVE_CXX_FLAG_WSUGGEST_OVERRIDE
#20 5.714 -- Performing Test HAVE_CXX_FLAG_WSUGGEST_OVERRIDE - Success
#20 5.716 -- Performing Test HAVE_CXX_FLAG_WSHORTEN_64_TO_32
#20 5.899 -- Performing Test HAVE_CXX_FLAG_WSHORTEN_64_TO_32 - Success
#20 5.902 -- Performing Test HAVE_CXX_FLAG_FSTRICT_ALIASING
#20 6.089 -- Performing Test HAVE_CXX_FLAG_FSTRICT_ALIASING - Success
#20 6.091 -- Performing Test HAVE_CXX_FLAG_WNO_DEPRECATED_DECLARATIONS
#20 6.271 -- Performing Test HAVE_CXX_FLAG_WNO_DEPRECATED_DECLARATIONS - Success
#20 6.273 -- Performing Test HAVE_CXX_FLAG_WNO_DEPRECATED
#20 6.456 -- Performing Test HAVE_CXX_FLAG_WNO_DEPRECATED - Success
#20 6.460 -- Performing Test HAVE_CXX_FLAG_FNO_EXCEPTIONS
#20 6.642 -- Performing Test HAVE_CXX_FLAG_FNO_EXCEPTIONS - Success
#20 6.645 -- Performing Test HAVE_CXX_FLAG_WSTRICT_ALIASING
#20 6.831 -- Performing Test HAVE_CXX_FLAG_WSTRICT_ALIASING - Success
#20 6.834 -- Performing Test HAVE_CXX_FLAG_WD654
#20 6.871 -- Performing Test HAVE_CXX_FLAG_WD654 - Failed
#20 6.873 -- Performing Test HAVE_CXX_FLAG_WTHREAD_SAFETY
#20 7.057 -- Performing Test HAVE_CXX_FLAG_WTHREAD_SAFETY - Success
#20 7.057 -- Performing Test HAVE_THREAD_SAFETY_ATTRIBUTES
#20 7.057 -- Performing Test HAVE_THREAD_SAFETY_ATTRIBUTES
#20 8.114 -- Performing Test HAVE_THREAD_SAFETY_ATTRIBUTES -- failed to compile
#20 8.116 -- Performing Test HAVE_CXX_FLAG_COVERAGE
#20 8.303 -- Performing Test HAVE_CXX_FLAG_COVERAGE - Success
#20 8.303 -- Performing Test HAVE_STD_REGEX
#20 8.303 -- Performing Test HAVE_STD_REGEX
#20 12.29 -- Performing Test HAVE_STD_REGEX -- success
#20 12.29 -- Performing Test HAVE_GNU_POSIX_REGEX
#20 12.29 -- Performing Test HAVE_GNU_POSIX_REGEX
#20 12.87 -- Performing Test HAVE_GNU_POSIX_REGEX -- failed to compile
#20 12.87 -- Performing Test HAVE_POSIX_REGEX
#20 12.87 -- Performing Test HAVE_POSIX_REGEX
#20 13.79 -- Performing Test HAVE_POSIX_REGEX -- success
#20 13.79 -- Performing Test HAVE_STEADY_CLOCK
#20 13.79 -- Performing Test HAVE_STEADY_CLOCK
#20 14.11 -- Performing Test HAVE_STEADY_CLOCK -- success
#20 14.13 -- Looking for sqlite3_open in sqlite3
#20 14.22 -- Looking for sqlite3_open in sqlite3 - not found
#20 14.22 -- Performing Test HAVE_KYOTOCABINET
#20 14.26 -- Performing Test HAVE_KYOTOCABINET - Failed
#20 14.27 -- Configuring done
#20 14.34 -- Generating done
#20 14.34 -- Build files have been written to: /src/leveldb/build
#20 14.35 + cmake --build .
#20 14.38 [  1%] Building CXX object third_party/googletest/googletest/CMakeFiles/gtest.dir/src/gtest-all.cc.o
#20 28.92 [  2%] Linking CXX static library ../../../lib/libgtest.a
#20 28.95 [  2%] Built target gtest
#20 28.96 [  3%] Building CXX object third_party/googletest/googlemock/CMakeFiles/gmock.dir/src/gmock-all.cc.o
#20 33.79 [  4%] Linking CXX static library ../../../lib/libgmock.a
#20 33.81 [  4%] Built target gmock
#20 33.83 [  5%] Building CXX object CMakeFiles/leveldb.dir/db/builder.cc.o
#20 34.92 [  6%] Building CXX object CMakeFiles/leveldb.dir/db/c.cc.o
#20 36.05 [  7%] Building CXX object CMakeFiles/leveldb.dir/db/db_impl.cc.o
#20 39.23 [  8%] Building CXX object CMakeFiles/leveldb.dir/db/db_iter.cc.o
#20 40.39 [  9%] Building CXX object CMakeFiles/leveldb.dir/db/dbformat.cc.o
#20 41.71 [ 10%] Building CXX object CMakeFiles/leveldb.dir/db/dumpfile.cc.o
#20 43.03 [ 11%] Building CXX object CMakeFiles/leveldb.dir/db/filename.cc.o
#20 44.03 [ 12%] Building CXX object CMakeFiles/leveldb.dir/db/log_reader.cc.o
#20 45.02 [ 13%] Building CXX object CMakeFiles/leveldb.dir/db/log_writer.cc.o
#20 45.90 [ 14%] Building CXX object CMakeFiles/leveldb.dir/db/memtable.cc.o
#20 47.01 [ 15%] Building CXX object CMakeFiles/leveldb.dir/db/repair.cc.o
#20 49.05 [ 16%] Building CXX object CMakeFiles/leveldb.dir/db/table_cache.cc.o
#20 49.99 [ 17%] Building CXX object CMakeFiles/leveldb.dir/db/version_edit.cc.o
#20 51.46 [ 17%] Building CXX object CMakeFiles/leveldb.dir/db/version_set.cc.o
#20 54.74 [ 18%] Building CXX object CMakeFiles/leveldb.dir/db/write_batch.cc.o
#20 55.75 [ 19%] Building CXX object CMakeFiles/leveldb.dir/table/block_builder.cc.o
#20 56.74 [ 20%] Building CXX object CMakeFiles/leveldb.dir/table/block.cc.o
#20 57.76 [ 21%] Building CXX object CMakeFiles/leveldb.dir/table/filter_block.cc.o
#20 58.90 [ 22%] Building CXX object CMakeFiles/leveldb.dir/table/format.cc.o
#20 59.83 [ 23%] Building CXX object CMakeFiles/leveldb.dir/table/iterator.cc.o
#20 60.61 [ 24%] Building CXX object CMakeFiles/leveldb.dir/table/merger.cc.o
#20 61.48 [ 25%] Building CXX object CMakeFiles/leveldb.dir/table/table_builder.cc.o
#20 62.54 [ 26%] Building CXX object CMakeFiles/leveldb.dir/table/table.cc.o
#20 63.54 [ 27%] Building CXX object CMakeFiles/leveldb.dir/table/two_level_iterator.cc.o
#20 64.39 [ 28%] Building CXX object CMakeFiles/leveldb.dir/util/arena.cc.o
#20 65.12 [ 29%] Building CXX object CMakeFiles/leveldb.dir/util/bloom.cc.o
#20 65.89 [ 30%] Building CXX object CMakeFiles/leveldb.dir/util/cache.cc.o
#20 66.89 [ 31%] Building CXX object CMakeFiles/leveldb.dir/util/coding.cc.o
#20 67.75 [ 32%] Building CXX object CMakeFiles/leveldb.dir/util/comparator.cc.o
#20 68.56 [ 33%] Building CXX object CMakeFiles/leveldb.dir/util/crc32c.cc.o
#20 69.39 [ 33%] Building CXX object CMakeFiles/leveldb.dir/util/env.cc.o
#20 70.29 [ 34%] Building CXX object CMakeFiles/leveldb.dir/util/filter_policy.cc.o
#20 70.99 [ 35%] Building CXX object CMakeFiles/leveldb.dir/util/hash.cc.o
#20 71.77 [ 36%] Building CXX object CMakeFiles/leveldb.dir/util/logging.cc.o
#20 72.66 [ 37%] Building CXX object CMakeFiles/leveldb.dir/util/options.cc.o
#20 73.47 [ 38%] Building CXX object CMakeFiles/leveldb.dir/util/status.cc.o
#20 74.28 [ 39%] Building CXX object CMakeFiles/leveldb.dir/util/env_posix.cc.o
#20 76.82 [ 40%] Building CXX object CMakeFiles/leveldb.dir/helpers/memenv/memenv.cc.o
#20 78.38 [ 41%] Linking CXX static library libleveldb.a
#20 78.41 [ 41%] Built target leveldb
#20 78.43 [ 42%] Building CXX object third_party/googletest/googletest/CMakeFiles/gtest_main.dir/src/gtest_main.cc.o
#20 80.22 [ 43%] Linking CXX static library ../../../lib/libgtest_main.a
#20 80.24 [ 43%] Built target gtest_main
#20 80.25 [ 44%] Building CXX object CMakeFiles/leveldb_tests.dir/util/status_test.cc.o
#20 82.33 [ 45%] Building CXX object CMakeFiles/leveldb_tests.dir/util/no_destructor_test.cc.o
#20 84.42 [ 46%] Building CXX object CMakeFiles/leveldb_tests.dir/util/testutil.cc.o
#20 86.71 [ 47%] Building CXX object CMakeFiles/leveldb_tests.dir/db/autocompact_test.cc.o
#20 89.80 [ 48%] Building CXX object CMakeFiles/leveldb_tests.dir/db/corruption_test.cc.o
#20 93.54 [ 49%] Building CXX object CMakeFiles/leveldb_tests.dir/db/db_test.cc.o
#20 104.9 [ 50%] Building CXX object CMakeFiles/leveldb_tests.dir/db/dbformat_test.cc.o
#20 107.4 [ 51%] Building CXX object CMakeFiles/leveldb_tests.dir/db/filename_test.cc.o
#20 109.8 [ 52%] Building CXX object CMakeFiles/leveldb_tests.dir/db/log_test.cc.o
#20 113.7 [ 52%] Building CXX object CMakeFiles/leveldb_tests.dir/db/recovery_test.cc.o
#20 117.9 [ 53%] Building CXX object CMakeFiles/leveldb_tests.dir/db/skiplist_test.cc.o
#20 121.2 [ 54%] Building CXX object CMakeFiles/leveldb_tests.dir/db/version_edit_test.cc.o
#20 123.7 [ 55%] Building CXX object CMakeFiles/leveldb_tests.dir/db/version_set_test.cc.o
#20 127.4 [ 56%] Building CXX object CMakeFiles/leveldb_tests.dir/db/write_batch_test.cc.o
#20 129.9 [ 57%] Building CXX object CMakeFiles/leveldb_tests.dir/helpers/memenv/memenv_test.cc.o
#20 133.6 [ 58%] Building CXX object CMakeFiles/leveldb_tests.dir/table/filter_block_test.cc.o
#20 136.4 [ 59%] Building CXX object CMakeFiles/leveldb_tests.dir/table/table_test.cc.o
#20 140.9 [ 60%] Building CXX object CMakeFiles/leveldb_tests.dir/util/arena_test.cc.o
#20 143.3 [ 61%] Building CXX object CMakeFiles/leveldb_tests.dir/util/bloom_test.cc.o
#20 146.2 [ 62%] Building CXX object CMakeFiles/leveldb_tests.dir/util/cache_test.cc.o
#20 149.1 [ 63%] Building CXX object CMakeFiles/leveldb_tests.dir/util/coding_test.cc.o
#20 151.9 [ 64%] Building CXX object CMakeFiles/leveldb_tests.dir/util/crc32c_test.cc.o
#20 154.1 [ 65%] Building CXX object CMakeFiles/leveldb_tests.dir/util/hash_test.cc.o
#20 156.2 [ 66%] Building CXX object CMakeFiles/leveldb_tests.dir/util/logging_test.cc.o
#20 158.7 [ 67%] Linking CXX executable leveldb_tests
#20 159.2 [ 67%] Built target leveldb_tests
#20 159.2 [ 68%] Building CXX object CMakeFiles/env_posix_test.dir/util/testutil.cc.o
#20 161.5 [ 69%] Building CXX object CMakeFiles/env_posix_test.dir/util/env_posix_test.cc.o
#20 165.3 [ 70%] Linking CXX executable env_posix_test
#20 165.6 [ 70%] Built target env_posix_test
#20 165.7 [ 71%] Building CXX object CMakeFiles/leveldbutil.dir/db/leveldbutil.cc.o
#20 166.5 [ 72%] Linking CXX executable leveldbutil
#20 166.8 [ 72%] Built target leveldbutil
#20 166.8 [ 73%] Building CXX object CMakeFiles/c_test.dir/util/testutil.cc.o
#20 169.1 [ 74%] Building C object CMakeFiles/c_test.dir/db/c_test.c.o
#20 169.3 [ 75%] Linking CXX executable c_test
#20 169.6 [ 75%] Built target c_test
#20 169.6 [ 75%] Building CXX object third_party/benchmark/src/CMakeFiles/benchmark.dir/benchmark.cc.o
#20 173.0 [ 76%] Building CXX object third_party/benchmark/src/CMakeFiles/benchmark.dir/benchmark_api_internal.cc.o
#20 174.6 [ 77%] Building CXX object third_party/benchmark/src/CMakeFiles/benchmark.dir/benchmark_name.cc.o
#20 175.7 [ 78%] Building CXX object third_party/benchmark/src/CMakeFiles/benchmark.dir/benchmark_register.cc.o
#20 182.1 [ 79%] Building CXX object third_party/benchmark/src/CMakeFiles/benchmark.dir/benchmark_runner.cc.o
#20 186.1 [ 80%] Building CXX object third_party/benchmark/src/CMakeFiles/benchmark.dir/colorprint.cc.o
#20 187.6 [ 81%] Building CXX object third_party/benchmark/src/CMakeFiles/benchmark.dir/commandlineflags.cc.o
#20 189.6 [ 82%] Building CXX object third_party/benchmark/src/CMakeFiles/benchmark.dir/complexity.cc.o
#20 190.8 /src/leveldb/third_party/benchmark/src/complexity.cc:85:10: error: variable 'sigma_gn' set but not used [-Werror,-Wunused-but-set-variable]
#20 190.8   double sigma_gn = 0.0;
#20 190.8          ^
#20 191.0 1 error generated.
#20 191.0 make[2]: *** [third_party/benchmark/src/CMakeFiles/benchmark.dir/build.make:174: third_party/benchmark/src/CMakeFiles/benchmark.dir/complexity.cc.o] Error 1
#20 191.0 make[1]: *** [CMakeFiles/Makefile2:452: third_party/benchmark/src/CMakeFiles/benchmark.dir/all] Error 2
#20 191.0 make: *** [Makefile:146: all] Error 2
#20 191.0 Traceback (most recent call last):
#20 191.0   File "<string>", line 1, in <module>
#20 191.0   File "/src/fuzzers/afl/fuzzer.py", line 40, in build
#20 191.0     utils.build_benchmark()
#20 191.0   File "/src/fuzzers/utils.py", line 82, in build_benchmark
#20 191.0     subprocess.check_call(['/bin/bash', '-ex', build_script], env=env)
#20 191.0   File "/usr/local/lib/python3.8/subprocess.py", line 364, in check_call
#20 191.0     raise CalledProcessError(retcode, cmd)
#20 191.0 subprocess.CalledProcessError: Command '['/bin/bash', '-ex', '/src/build.sh']' returned non-zero exit status 2.
#20 ERROR: executor failed running [/bin/sh -c echo "Run fuzzer_build to build the target" && if [ -z "$debug_builder" ] ; then fuzzer_build; fi]: exit code: 1
------
 > importing cache manifest from gcr.io/fuzzbench/builders/afl/leveldb_fuzz_db:
------
------
 > [stage-1 13/13] RUN echo "Run fuzzer_build to build the target" && if [ -z "$debug_builder" ] ; then fuzzer_build; fi:
------
executor failed running [/bin/sh -c echo "Run fuzzer_build to build the target" && if [ -z "$debug_builder" ] ; then fuzzer_build; fi]: exit code: 1
make: *** [docker/generated.mk:2694394: .afl-leveldb_fuzz_db-builder] Error 1
/bin/sh: 1: source: not found
#1 [internal] load build definition from Dockerfile
#1 sha256:dd7e52420d9f2b9669c26da7f67f69ff9fe8467fc6d0f6151a2d56af5b697365
#1 transferring dockerfile: 32B done
#1 DONE 0.0s

#2 [internal] load .dockerignore
#2 sha256:85ec48b1020b762d20841a72342a334f024a570172670f9ed4c3320006be7a8e
#2 transferring context: 2B done
#2 DONE 0.0s

#3 [internal] load metadata for gcr.io/oss-fuzz-base/base-builder:latest
#3 sha256:f10dc39cc9d418a5bc416dead31a1902b6821fdae909cd3b08f7a3fd1faba7b5
#3 DONE 0.4s

#5 [1/7] FROM gcr.io/oss-fuzz-base/base-builder@sha256:f4e5ea12494fab091c5d830cf803b3421f2860f729b9d1b07da44924396cf8cf
#5 sha256:ef290950573a2779ee526af357b28fbddfc20d7409aa51f58f777c9e972cba29
#5 DONE 0.0s

#4 importing cache manifest from gcr.io/fuzzbench/builders/benchmark/leveldb_fuzz_db
#4 sha256:7d9908ba63753cf2d6880d362a2da14457179d9fe10e6c5ba23b0512b16df63c
#4 DONE 0.0s

#9 [internal] load build context
#9 sha256:0931af7dcd1786d466b8f8db19340efaaba8bdcce3e78f31b9190f765297cedd
#9 transferring context: 94B done
#9 DONE 0.0s

#11 [6/7] COPY *.cc /src/leveldb/
#11 sha256:2eb39bb5c96b065f7035c44b273e3c1ae4ef7c60934c0903bc13d75d1ea0a2ba
#11 CACHED

#7 [3/7] RUN git clone --recurse-submodules https://github.com/google/leveldb.git
#7 sha256:39d1fe90ac2ca89d106215b5f192898be0cf56723b6413a7362b71f05ee7150a
#7 CACHED

#10 [5/7] COPY build.sh /src/
#10 sha256:e8cfff4268be04dee03e4aba03340a2b0978769003364bced73fc90ada047898
#10 CACHED

#8 [4/7] WORKDIR /src/
#8 sha256:aaca341d0c5aeff56f26deb096091838a057371cbf57d313a3e8a2f03be0f24f
#8 CACHED

#6 [2/7] RUN apt-get update && apt-get install -y make autoconf automake libtool gettext pkg-config build-essential
#6 sha256:d3e9bc0e90033fb1cf04b38d3df2d698bc3abeb1cd1c756ba4ea7a49d6bdae55
#6 CACHED

#12 [7/7] COPY *.options /src/
#12 sha256:2d10ab4103abed52f7b983582d39ef57a8526cf5d339f0917be7c315d53b10ac
#12 CACHED

#13 exporting to image
#13 sha256:e8c613e07b0b7ff33893b694f7759a10d42e180f2b4dc349fb57dc6b71dcab00
#13 exporting layers done
#13 writing image sha256:44e3a248c42c135cf654cbfc1f5dd74537b236c439e3f614916d6eab8d0ce4a3 done
#13 naming to gcr.io/fuzzbench/builders/benchmark/leveldb_fuzz_db done
#13 DONE 0.1s

#14 exporting cache
#14 sha256:2700d4ef94dee473593c5c614b55b2dedcca7893909811a8f2b48291a1f581e4
#14 preparing build cache for export done
#14 DONE 0.0s
#1 [internal] load build definition from builder.Dockerfile
#1 sha256:1e048834f71eb3e94dc5f317f2b7043b4a018718b537abaed9e6af0f7ff98901
#1 transferring dockerfile: 46B done
#1 DONE 0.0s

#2 [internal] load .dockerignore
#2 sha256:828bf104846e76582306aba8dead911ac5bb4e1712fed92dd5465e3e5311ee41
#2 transferring context: 2B done
#2 DONE 0.0s

#3 [internal] load metadata for gcr.io/fuzzbench/builders/benchmark/leveldb_fuzz_db:latest
#3 sha256:ad59758077779b46494dd0b5ee394dd956539929f38d0ef055ffec943d93d765
#3 DONE 0.0s

#4 importing cache manifest from gcr.io/fuzzbench/builders/afl/leveldb_fuzz_db-intermediate
#4 sha256:8a057b9ed8fe4931bb76fec1a4952c832876696a003f9ff7b780a6b40ff6d6a0
#4 DONE 0.0s

#5 [1/3] FROM gcr.io/fuzzbench/builders/benchmark/leveldb_fuzz_db
#5 sha256:192512c88e2b5a004f251c2fddc09f6400d6bdc8f14e3d01197363f8e5eaccad
#5 DONE 0.0s

#6 [2/3] RUN git clone https://github.com/google/AFL.git /afl &&     cd /afl &&     git checkout 61037103ae3722c8060ff7082994836a794f978e &&     AFL_NO_X86=1 make
#6 sha256:df7616c957e934db6fcc7ee1849ab0b5d38f5f5bcd2a6cfa81fdef8e8b8f4ad1
#6 CACHED

#7 [3/3] RUN apt-get update &&     apt-get install wget -y &&     wget https://raw.githubusercontent.com/llvm/llvm-project/5feb80e748924606531ba28c97fe65145c65372e/compiler-rt/lib/fuzzer/afl/afl_driver.cpp -O /afl/afl_driver.cpp &&     clang -Wno-pointer-sign -c /afl/llvm_mode/afl-llvm-rt.o.c -I/afl &&     clang++ -stdlib=libc++ -std=c++11 -O2 -c /afl/afl_driver.cpp &&     ar r /libAFL.a *.o
#7 sha256:b05ed52ba86ad06f87ff8f16d4b3e018d4d4d9c8e246d6523fd62255a57b40ad
#7 CACHED

#8 exporting to image
#8 sha256:e8c613e07b0b7ff33893b694f7759a10d42e180f2b4dc349fb57dc6b71dcab00
#8 exporting layers done
#8 writing image sha256:8eb3092076074f043d9694143fcb4bb98d9a78447471f23cc33cc06060d9f6bb done
#8 naming to gcr.io/fuzzbench/builders/afl/leveldb_fuzz_db-intermediate done
#8 DONE 0.1s

#9 exporting cache
#9 sha256:2700d4ef94dee473593c5c614b55b2dedcca7893909811a8f2b48291a1f581e4
#9 preparing build cache for export done
#9 DONE 0.0s
#1 [internal] load build definition from Dockerfile
#1 sha256:4bbb2f633e1e042ed4e550492269b356087684e33eb6211ebeba74023e7d8916
#1 transferring dockerfile: 2.00kB done
#1 DONE 0.0s

#2 [internal] load .dockerignore
#2 sha256:fe165b152dcab366b4a1cfd49d180a0cf718dc44915bf28b6866ccd53dd5cd9f
#2 transferring context: 34B done
#2 DONE 0.0s

#3 [internal] load metadata for docker.io/library/ubuntu:xenial
#3 sha256:f62bae18ed588840f045c881b2502661f2a89578a2f8f99b83f5200ee83dd25b
#3 DONE 0.0s

#5 [1/7] FROM docker.io/library/ubuntu:xenial
#5 sha256:14dd403f25ae9e519bd44f27dc17af7ce80f5a4f9f48ca88108364e67ec5d360
#5 DONE 0.0s

#4 importing cache manifest from gcr.io/fuzzbench/base-image
#4 sha256:9b220ebb4d4daceed1b96df9b6dca076e762f1cd612574f010b82d5b9e5ad896
#4 DONE 0.0s

#8 [internal] load build context
#8 sha256:e266d44fe1538cba966bcf6ac2c4f3e8e353c419c4f26dcb03ad0f3a9895f741
#8 transferring context: 559B 0.0s done
#8 DONE 0.0s

#6 [2/7] RUN apt-get update -y && apt-get install -y     build-essential     rsync     curl     zlib1g-dev     libncurses5-dev     libgdbm-dev     libnss3-dev     libssl-dev     libreadline-dev     libffi-dev     virtualenv     libbz2-dev     liblzma-dev     libsqlite3-dev
#6 sha256:3a1b0960f17eed529eaae93dc8fd3554f2743dd584d8fa569cdbe6bc734371ac
#6 CACHED

#7 [3/7] RUN cd /tmp/ &&     curl -O https://www.python.org/ftp/python/3.8.6/Python-3.8.6.tar.xz &&     tar -xvf Python-3.8.6.tar.xz &&     cd Python-3.8.6 &&     ./configure --enable-loadable-sqlite-extensions --enable-optimizations &&     make -j install &&     rm -r /tmp/Python-3.8.6.tar.xz /tmp/Python-3.8.6
#7 sha256:c5b9d1fb3371e84dbc60b76e7b2f8d5913bc93bcd4910ab65daa03e7b2ec4bb0
#7 CACHED

#9 [4/7] COPY ./requirements.txt /
#9 sha256:eb4c232711afb14a66213f642e961546456363cca0b0527a78f45c403da0f5e6
#9 CACHED

#10 [5/7] RUN pip3 install -r /requirements.txt
#10 sha256:235ea194a9ceb3a80228e60a76b27eb024fdff36ec1dee6ab179f1d0c024bc2e
#10 CACHED

#11 [6/7] RUN apt-get update -y && apt-get install -y     apt-transport-https     lsb-release
#11 sha256:fb447f2825f4db5877ce90496f67e41466e73a525230fca715b4f864a96af0b0
#11 CACHED

#12 [7/7] RUN CLOUD_SDK_REPO="cloud-sdk-$(lsb_release -c -s)" &&     echo "deb https://packages.cloud.google.com/apt $CLOUD_SDK_REPO main"     | tee -a /etc/apt/sources.list.d/google-cloud-sdk.list &&     curl https://packages.cloud.google.com/apt/doc/apt-key.gpg     | apt-key add - &&     apt-get update -y &&     apt-get install -y google-cloud-sdk
#12 sha256:f7ace78df054e9ebe6e3e08bcce7c5984462d764bbcc35b0c161c12ca1009b90
#12 CACHED

#13 exporting to image
#13 sha256:e8c613e07b0b7ff33893b694f7759a10d42e180f2b4dc349fb57dc6b71dcab00
#13 exporting layers done
#13 writing image sha256:139540fb22a119f888cb3e5ed6e013e8d868574697f5fb839e5da9e23de73e0a done
#13 naming to gcr.io/fuzzbench/base-image done
#13 DONE 0.0s

#14 exporting cache
#14 sha256:2700d4ef94dee473593c5c614b55b2dedcca7893909811a8f2b48291a1f581e4
#14 preparing build cache for export done
#14 DONE 0.0s
#1 [internal] load build definition from Dockerfile
#1 sha256:a2166d80d0074d3a99e1d887fbe7f25bd3c140b08037c5b402b7924c0a07eef0
#1 transferring dockerfile: 2.22kB done
#1 DONE 0.0s

#2 [internal] load .dockerignore
#2 sha256:21c0becf7962b68cc3e473c4f52112e383675b1fdd80b0214835a1e750a36b88
#2 transferring context: 34B done
#2 DONE 0.0s

#4 [internal] load metadata for gcr.io/fuzzbench/base-image:latest
#4 sha256:932022888f650cc455b10eb5123bb08c0cccacac29a693e69314abbfd28a72c3
#4 DONE 0.0s

#3 [internal] load metadata for gcr.io/fuzzbench/builders/afl/leveldb_fuzz_db-intermediate:latest
#3 sha256:4dc07d8b67e379f49730d0b4c7cab30e0472567c6e59dcb822d815365e7be7eb
#3 DONE 0.0s

#12 [internal] load build context
#12 sha256:65f621562b107df9664bd22598d02092f45c9d665d2751eac9659aef5666618c
#12 DONE 0.0s

#7 [base-image 1/1] FROM gcr.io/fuzzbench/base-image
#7 sha256:4d07825694520f8b6f6a0d8592dbd345433361ae044cb7f06706c5a95e3daaad
#7 DONE 0.0s

#6 [stage-1  1/13] FROM gcr.io/fuzzbench/builders/afl/leveldb_fuzz_db-intermediate
#6 sha256:eaf84a818b23f8956fb6adc3cd42519d54b3a9a01c44f2149aaae5e12d3c1bf9
#6 DONE 0.0s

#5 importing cache manifest from gcr.io/fuzzbench/builders/afl/leveldb_fuzz_db
#5 sha256:65658048e93c249a88fcc56e5c597480afba36bf2337afd0a4c0b6151ad5f421
#5 ERROR: gcr.io/fuzzbench/builders/afl/leveldb_fuzz_db:latest: not found

#12 [internal] load build context
#12 sha256:65f621562b107df9664bd22598d02092f45c9d665d2751eac9659aef5666618c
#12 transferring context: 669.87kB 0.1s done
#12 DONE 0.1s

#11 [stage-1  5/13] COPY --from=base-image /usr/local/lib/python3.8/site-packages /usr/local/lib/python3.8/site-packages
#11 sha256:ea22dd75975af4ea21fddd49b0b9b5ee34b28419cf33e7572bd6cad8d553cab2
#11 CACHED

#14 [stage-1  7/13] RUN touch /src/__init__.py
#14 sha256:db209dc51c87f7f9b0c5cb133ec46c9a0676883858a4698fe3e903d447fa11a7
#14 CACHED

#15 [stage-1  8/13] COPY benchmarks/leveldb_fuzz_db/benchmark.yaml /
#15 sha256:89cfbdde7adc6bff2eeb569f337df94c9403a56f6cc5d1eca2779b8b2a6d42d0
#15 CACHED

#16 [stage-1  9/13] RUN mkdir /opt/fuzzbench/
#16 sha256:d031b4e8be3e1f990e85f2b474b6472c581e5adf7bccaf98c36fe16306cbed86
#16 CACHED

#18 [stage-1 11/13] RUN export CHECKOUT_COMMIT=$(cat /benchmark.yaml | tr -d ' ' | grep 'commit:' | cut -d ':' -f2) &&     python3 -u /opt/fuzzbench/checkout_commit.py $CHECKOUT_COMMIT /src
#18 sha256:10c31f41a64ce0f6f5b5afc8b13157e20fcc0c0511091389ec9734d0d2d28537
#18 CACHED

#8 [stage-1  2/13] COPY --from=base-image /usr/local/bin/python3* /usr/local/bin/
#8 sha256:4fbb53fb972da0208ba1c0a97272507d0cf286647cca91fe6b5a170a3bf09e98
#8 CACHED

#13 [stage-1  6/13] COPY fuzzers /src/fuzzers
#13 sha256:9b3b46e040669f46cb51acd2c0987b22405dfcb90bb8c662b0adbc4df2aa4a07
#13 CACHED

#17 [stage-1 10/13] COPY docker/benchmark-builder/checkout_commit.py /opt/fuzzbench/
#17 sha256:e5aa21c4868f69da5031596632fae8849150b376ee62ffa412cc90b68146936e
#17 CACHED

#9 [stage-1  3/13] COPY --from=base-image /usr/local/lib/python3.8 /usr/local/lib/python3.8
#9 sha256:4ca1663c861abdb8a466f58e24fd96d6707c53608b0bd631c4396a7aba9381a2
#9 CACHED

#10 [stage-1  4/13] COPY --from=base-image /usr/local/include/python3.8 /usr/local/include/python3.8
#10 sha256:52e0a9f5eb1eb248e1dcae584fb20842eafb63be6379c67d8b10f1c2f0f1cc78
#10 CACHED

#19 [stage-1 12/13] RUN echo "#!/bin/bash\nPYTHONPATH=/src python3 -u -c "from fuzzers import utils; utils.initialize_env(); from fuzzers.afl import fuzzer; fuzzer.build()"" > /usr/bin/fuzzer_build &&     chmod +x /usr/bin/fuzzer_build
#19 sha256:a3f25250e924082df4f0a7432f745178872e5080d6055b7500222557a1852a2a
#19 CACHED

#20 [stage-1 13/13] RUN echo "Run fuzzer_build to build the target" && if [ -z "$debug_builder" ] ; then fuzzer_build; fi
#20 sha256:d458c71a53a1bd8b1bb101808aad53c99943fa0c3d06c26e7124315f7f86af1a
#20 0.338 Run fuzzer_build to build the target
#20 0.454 FUZZ_TARGET = fuzz_db
#20 0.454 CFLAGS = -DFUZZING_BUILD_MODE_UNSAFE_FOR_PRODUCTION -pthread -Wl,--no-as-needed -Wl,-ldl -Wl,-lm -Wno-unused-command-line-argument -O3
#20 0.454 CXXFLAGS = -DFUZZING_BUILD_MODE_UNSAFE_FOR_PRODUCTION -pthread -Wl,--no-as-needed -Wl,-ldl -Wl,-lm -Wno-unused-command-line-argument -stdlib=libc++ -O3
#20 0.459 Building benchmark leveldb_fuzz_db with fuzzer afl
#20 0.462 + cd /src/leveldb
#20 0.462 + mkdir -p build
#20 0.465 + cd build
#20 0.465 + cmake -DCMAKE_BUILD_TYPE=Release ..
#20 0.671 -- The C compiler identification is Clang 14.0.0
#20 0.916 -- The CXX compiler identification is Clang 14.0.0
#20 0.927 -- Detecting C compiler ABI info
#20 1.078 -- Detecting C compiler ABI info - done
#20 1.128 -- Check for working C compiler: /usr/local/bin/clang - skipped
#20 1.129 -- Detecting C compile features
#20 1.129 -- Detecting C compile features - done
#20 1.136 -- Detecting CXX compiler ABI info
#20 1.322 -- Detecting CXX compiler ABI info - done
#20 1.387 -- Check for working CXX compiler: /usr/local/bin/clang++ - skipped
#20 1.387 -- Detecting CXX compile features
#20 1.388 -- Detecting CXX compile features - done
#20 1.390 -- Looking for unistd.h
#20 1.555 -- Looking for unistd.h - found
#20 1.556 -- Looking for crc32c_value in crc32c
#20 1.651 -- Looking for crc32c_value in crc32c - not found
#20 1.651 -- Looking for snappy_compress in snappy
#20 1.745 -- Looking for snappy_compress in snappy - not found
#20 1.745 -- Looking for malloc in tcmalloc
#20 1.839 -- Looking for malloc in tcmalloc - not found
#20 1.841 -- Looking for fdatasync
#20 2.058 -- Looking for fdatasync - found
#20 2.059 -- Looking for F_FULLFSYNC
#20 2.104 -- Looking for F_FULLFSYNC - not found
#20 2.105 -- Looking for O_CLOEXEC
#20 2.319 -- Looking for O_CLOEXEC - found
#20 2.323 -- Performing Test HAVE_CLANG_THREAD_SAFETY
#20 2.507 -- Performing Test HAVE_CLANG_THREAD_SAFETY - Success
#20 2.509 -- Performing Test LEVELDB_HAVE_NO_MISSING_FIELD_INITIALIZERS
#20 2.693 -- Performing Test LEVELDB_HAVE_NO_MISSING_FIELD_INITIALIZERS - Success
#20 2.694 -- Performing Test HAVE_CXX17_HAS_INCLUDE
#20 3.612 -- Performing Test HAVE_CXX17_HAS_INCLUDE - Success
#20 3.621 -- Looking for pthread.h
#20 3.788 -- Looking for pthread.h - found
#20 3.788 -- Performing Test CMAKE_HAVE_LIBC_PTHREAD
#20 3.966 -- Performing Test CMAKE_HAVE_LIBC_PTHREAD - Success
#20 3.969 -- Found Threads: TRUE  
#20 4.435 -- Found Python: /usr/local/bin/python3.8 (found version "3.8.6") found components: Interpreter 
#20 4.453 -- Failed to find LLVM FileCheck
#20 4.458 -- Found Git: /usr/bin/git (found version "2.35.1") 
#20 4.490 -- git Version: v1.5.3-7d0d9061
#20 4.490 -- Version: 1.5.3
#20 4.494 -- Performing Test HAVE_CXX_FLAG_STD_CXX11
#20 4.682 -- Performing Test HAVE_CXX_FLAG_STD_CXX11 - Success
#20 4.684 -- Performing Test HAVE_CXX_FLAG_WALL
#20 4.878 -- Performing Test HAVE_CXX_FLAG_WALL - Success
#20 4.881 -- Performing Test HAVE_CXX_FLAG_WEXTRA
#20 5.067 -- Performing Test HAVE_CXX_FLAG_WEXTRA - Success
#20 5.070 -- Performing Test HAVE_CXX_FLAG_WSHADOW
#20 5.259 -- Performing Test HAVE_CXX_FLAG_WSHADOW - Success
#20 5.262 -- Performing Test HAVE_CXX_FLAG_WERROR
#20 5.448 -- Performing Test HAVE_CXX_FLAG_WERROR - Success
#20 5.452 -- Performing Test HAVE_CXX_FLAG_WSUGGEST_OVERRIDE
#20 5.640 -- Performing Test HAVE_CXX_FLAG_WSUGGEST_OVERRIDE - Success
#20 5.642 -- Performing Test HAVE_CXX_FLAG_WSHORTEN_64_TO_32
#20 5.824 -- Performing Test HAVE_CXX_FLAG_WSHORTEN_64_TO_32 - Success
#20 5.825 -- Performing Test HAVE_CXX_FLAG_FSTRICT_ALIASING
#20 6.015 -- Performing Test HAVE_CXX_FLAG_FSTRICT_ALIASING - Success
#20 6.018 -- Performing Test HAVE_CXX_FLAG_WNO_DEPRECATED_DECLARATIONS
#20 6.200 -- Performing Test HAVE_CXX_FLAG_WNO_DEPRECATED_DECLARATIONS - Success
#20 6.202 -- Performing Test HAVE_CXX_FLAG_WNO_DEPRECATED
#20 6.393 -- Performing Test HAVE_CXX_FLAG_WNO_DEPRECATED - Success
#20 6.397 -- Performing Test HAVE_CXX_FLAG_FNO_EXCEPTIONS
#20 6.583 -- Performing Test HAVE_CXX_FLAG_FNO_EXCEPTIONS - Success
#20 6.586 -- Performing Test HAVE_CXX_FLAG_WSTRICT_ALIASING
#20 6.775 -- Performing Test HAVE_CXX_FLAG_WSTRICT_ALIASING - Success
#20 6.778 -- Performing Test HAVE_CXX_FLAG_WD654
#20 6.814 -- Performing Test HAVE_CXX_FLAG_WD654 - Failed
#20 6.816 -- Performing Test HAVE_CXX_FLAG_WTHREAD_SAFETY
#20 7.004 -- Performing Test HAVE_CXX_FLAG_WTHREAD_SAFETY - Success
#20 7.004 -- Performing Test HAVE_THREAD_SAFETY_ATTRIBUTES
#20 7.004 -- Performing Test HAVE_THREAD_SAFETY_ATTRIBUTES
#20 8.088 -- Performing Test HAVE_THREAD_SAFETY_ATTRIBUTES -- failed to compile
#20 8.091 -- Performing Test HAVE_CXX_FLAG_COVERAGE
#20 8.294 -- Performing Test HAVE_CXX_FLAG_COVERAGE - Success
#20 8.295 -- Performing Test HAVE_STD_REGEX
#20 8.295 -- Performing Test HAVE_STD_REGEX
#20 12.31 -- Performing Test HAVE_STD_REGEX -- success
#20 12.31 -- Performing Test HAVE_GNU_POSIX_REGEX
#20 12.31 -- Performing Test HAVE_GNU_POSIX_REGEX
#20 12.88 -- Performing Test HAVE_GNU_POSIX_REGEX -- failed to compile
#20 12.88 -- Performing Test HAVE_POSIX_REGEX
#20 12.88 -- Performing Test HAVE_POSIX_REGEX
#20 13.81 -- Performing Test HAVE_POSIX_REGEX -- success
#20 13.81 -- Performing Test HAVE_STEADY_CLOCK
#20 13.81 -- Performing Test HAVE_STEADY_CLOCK
#20 14.13 -- Performing Test HAVE_STEADY_CLOCK -- success
#20 14.15 -- Looking for sqlite3_open in sqlite3
#20 14.24 -- Looking for sqlite3_open in sqlite3 - not found
#20 14.24 -- Performing Test HAVE_KYOTOCABINET
#20 14.29 -- Performing Test HAVE_KYOTOCABINET - Failed
#20 14.29 -- Configuring done
#20 14.36 -- Generating done
#20 14.36 -- Build files have been written to: /src/leveldb/build
#20 14.37 + cmake --build .
#20 14.40 [  1%] Building CXX object third_party/googletest/googletest/CMakeFiles/gtest.dir/src/gtest-all.cc.o
#20 28.71 [  2%] Linking CXX static library ../../../lib/libgtest.a
#20 28.73 [  2%] Built target gtest
#20 28.74 [  3%] Building CXX object third_party/googletest/googlemock/CMakeFiles/gmock.dir/src/gmock-all.cc.o
#20 33.59 [  4%] Linking CXX static library ../../../lib/libgmock.a
#20 33.61 [  4%] Built target gmock
#20 33.62 [  5%] Building CXX object CMakeFiles/leveldb.dir/db/builder.cc.o
#20 34.73 [  6%] Building CXX object CMakeFiles/leveldb.dir/db/c.cc.o
#20 35.88 [  7%] Building CXX object CMakeFiles/leveldb.dir/db/db_impl.cc.o
#20 39.07 [  8%] Building CXX object CMakeFiles/leveldb.dir/db/db_iter.cc.o
#20 40.24 [  9%] Building CXX object CMakeFiles/leveldb.dir/db/dbformat.cc.o
#20 41.55 [ 10%] Building CXX object CMakeFiles/leveldb.dir/db/dumpfile.cc.o
#20 42.89 [ 11%] Building CXX object CMakeFiles/leveldb.dir/db/filename.cc.o
#20 43.89 [ 12%] Building CXX object CMakeFiles/leveldb.dir/db/log_reader.cc.o
#20 44.88 [ 13%] Building CXX object CMakeFiles/leveldb.dir/db/log_writer.cc.o
#20 45.79 [ 14%] Building CXX object CMakeFiles/leveldb.dir/db/memtable.cc.o
#20 46.88 [ 15%] Building CXX object CMakeFiles/leveldb.dir/db/repair.cc.o
#20 48.94 [ 16%] Building CXX object CMakeFiles/leveldb.dir/db/table_cache.cc.o
#20 49.86 [ 17%] Building CXX object CMakeFiles/leveldb.dir/db/version_edit.cc.o
#20 51.34 [ 17%] Building CXX object CMakeFiles/leveldb.dir/db/version_set.cc.o
#20 54.59 [ 18%] Building CXX object CMakeFiles/leveldb.dir/db/write_batch.cc.o
#20 55.57 [ 19%] Building CXX object CMakeFiles/leveldb.dir/table/block_builder.cc.o
#20 56.54 [ 20%] Building CXX object CMakeFiles/leveldb.dir/table/block.cc.o
#20 57.56 [ 21%] Building CXX object CMakeFiles/leveldb.dir/table/filter_block.cc.o
#20 58.70 [ 22%] Building CXX object CMakeFiles/leveldb.dir/table/format.cc.o
#20 59.61 [ 23%] Building CXX object CMakeFiles/leveldb.dir/table/iterator.cc.o
#20 60.37 [ 24%] Building CXX object CMakeFiles/leveldb.dir/table/merger.cc.o
#20 61.22 [ 25%] Building CXX object CMakeFiles/leveldb.dir/table/table_builder.cc.o
#20 62.30 [ 26%] Building CXX object CMakeFiles/leveldb.dir/table/table.cc.o
#20 63.31 [ 27%] Building CXX object CMakeFiles/leveldb.dir/table/two_level_iterator.cc.o
#20 64.16 [ 28%] Building CXX object CMakeFiles/leveldb.dir/util/arena.cc.o
#20 64.90 [ 29%] Building CXX object CMakeFiles/leveldb.dir/util/bloom.cc.o
#20 65.67 [ 30%] Building CXX object CMakeFiles/leveldb.dir/util/cache.cc.o
#20 66.67 [ 31%] Building CXX object CMakeFiles/leveldb.dir/util/coding.cc.o
#20 67.52 [ 32%] Building CXX object CMakeFiles/leveldb.dir/util/comparator.cc.o
#20 68.33 [ 33%] Building CXX object CMakeFiles/leveldb.dir/util/crc32c.cc.o
#20 69.18 [ 33%] Building CXX object CMakeFiles/leveldb.dir/util/env.cc.o
#20 70.07 [ 34%] Building CXX object CMakeFiles/leveldb.dir/util/filter_policy.cc.o
#20 70.77 [ 35%] Building CXX object CMakeFiles/leveldb.dir/util/hash.cc.o
#20 71.55 [ 36%] Building CXX object CMakeFiles/leveldb.dir/util/logging.cc.o
#20 72.45 [ 37%] Building CXX object CMakeFiles/leveldb.dir/util/options.cc.o
#20 73.26 [ 38%] Building CXX object CMakeFiles/leveldb.dir/util/status.cc.o
#20 74.07 [ 39%] Building CXX object CMakeFiles/leveldb.dir/util/env_posix.cc.o
#20 76.61 [ 40%] Building CXX object CMakeFiles/leveldb.dir/helpers/memenv/memenv.cc.o
#20 78.16 [ 41%] Linking CXX static library libleveldb.a
#20 78.19 [ 41%] Built target leveldb
#20 78.20 [ 42%] Building CXX object third_party/googletest/googletest/CMakeFiles/gtest_main.dir/src/gtest_main.cc.o
#20 80.00 [ 43%] Linking CXX static library ../../../lib/libgtest_main.a
#20 80.02 [ 43%] Built target gtest_main
#20 80.04 [ 44%] Building CXX object CMakeFiles/leveldb_tests.dir/util/status_test.cc.o
#20 82.10 [ 45%] Building CXX object CMakeFiles/leveldb_tests.dir/util/no_destructor_test.cc.o
#20 84.17 [ 46%] Building CXX object CMakeFiles/leveldb_tests.dir/util/testutil.cc.o
#20 86.46 [ 47%] Building CXX object CMakeFiles/leveldb_tests.dir/db/autocompact_test.cc.o
#20 89.55 [ 48%] Building CXX object CMakeFiles/leveldb_tests.dir/db/corruption_test.cc.o
#20 93.29 [ 49%] Building CXX object CMakeFiles/leveldb_tests.dir/db/db_test.cc.o
#20 104.6 [ 50%] Building CXX object CMakeFiles/leveldb_tests.dir/db/dbformat_test.cc.o
#20 107.1 [ 51%] Building CXX object CMakeFiles/leveldb_tests.dir/db/filename_test.cc.o
#20 109.5 [ 52%] Building CXX object CMakeFiles/leveldb_tests.dir/db/log_test.cc.o
#20 113.4 [ 52%] Building CXX object CMakeFiles/leveldb_tests.dir/db/recovery_test.cc.o
#20 117.5 [ 53%] Building CXX object CMakeFiles/leveldb_tests.dir/db/skiplist_test.cc.o
#20 120.9 [ 54%] Building CXX object CMakeFiles/leveldb_tests.dir/db/version_edit_test.cc.o
#20 123.4 [ 55%] Building CXX object CMakeFiles/leveldb_tests.dir/db/version_set_test.cc.o
#20 127.1 [ 56%] Building CXX object CMakeFiles/leveldb_tests.dir/db/write_batch_test.cc.o
#20 129.6 [ 57%] Building CXX object CMakeFiles/leveldb_tests.dir/helpers/memenv/memenv_test.cc.o
#20 133.3 [ 58%] Building CXX object CMakeFiles/leveldb_tests.dir/table/filter_block_test.cc.o
#20 136.1 [ 59%] Building CXX object CMakeFiles/leveldb_tests.dir/table/table_test.cc.o
#20 140.6 [ 60%] Building CXX object CMakeFiles/leveldb_tests.dir/util/arena_test.cc.o
#20 143.0 [ 61%] Building CXX object CMakeFiles/leveldb_tests.dir/util/bloom_test.cc.o
#20 145.9 [ 62%] Building CXX object CMakeFiles/leveldb_tests.dir/util/cache_test.cc.o
#20 148.8 [ 63%] Building CXX object CMakeFiles/leveldb_tests.dir/util/coding_test.cc.o
#20 151.6 [ 64%] Building CXX object CMakeFiles/leveldb_tests.dir/util/crc32c_test.cc.o
#20 153.8 [ 65%] Building CXX object CMakeFiles/leveldb_tests.dir/util/hash_test.cc.o
#20 155.9 [ 66%] Building CXX object CMakeFiles/leveldb_tests.dir/util/logging_test.cc.o
#20 158.4 [ 67%] Linking CXX executable leveldb_tests
#20 158.9 [ 67%] Built target leveldb_tests
#20 158.9 [ 68%] Building CXX object CMakeFiles/env_posix_test.dir/util/testutil.cc.o
#20 161.2 [ 69%] Building CXX object CMakeFiles/env_posix_test.dir/util/env_posix_test.cc.o
#20 165.0 [ 70%] Linking CXX executable env_posix_test
#20 165.3 [ 70%] Built target env_posix_test
#20 165.4 [ 71%] Building CXX object CMakeFiles/leveldbutil.dir/db/leveldbutil.cc.o
#20 166.2 [ 72%] Linking CXX executable leveldbutil
#20 166.5 [ 72%] Built target leveldbutil
#20 166.5 [ 73%] Building CXX object CMakeFiles/c_test.dir/util/testutil.cc.o
#20 168.8 [ 74%] Building C object CMakeFiles/c_test.dir/db/c_test.c.o
#20 169.0 [ 75%] Linking CXX executable c_test
#20 169.3 [ 75%] Built target c_test
#20 169.3 [ 75%] Building CXX object third_party/benchmark/src/CMakeFiles/benchmark.dir/benchmark.cc.o
#20 172.7 [ 76%] Building CXX object third_party/benchmark/src/CMakeFiles/benchmark.dir/benchmark_api_internal.cc.o
#20 174.3 [ 77%] Building CXX object third_party/benchmark/src/CMakeFiles/benchmark.dir/benchmark_name.cc.o
#20 175.4 [ 78%] Building CXX object third_party/benchmark/src/CMakeFiles/benchmark.dir/benchmark_register.cc.o
#20 181.4 [ 79%] Building CXX object third_party/benchmark/src/CMakeFiles/benchmark.dir/benchmark_runner.cc.o
#20 185.4 [ 80%] Building CXX object third_party/benchmark/src/CMakeFiles/benchmark.dir/colorprint.cc.o
#20 186.9 [ 81%] Building CXX object third_party/benchmark/src/CMakeFiles/benchmark.dir/commandlineflags.cc.o
#20 188.9 [ 82%] Building CXX object third_party/benchmark/src/CMakeFiles/benchmark.dir/complexity.cc.o
#20 190.1 /src/leveldb/third_party/benchmark/src/complexity.cc:85:10: error: variable 'sigma_gn' set but not used [-Werror,-Wunused-but-set-variable]
#20 190.1   double sigma_gn = 0.0;
#20 190.1          ^
#20 190.3 1 error generated.
#20 190.3 make[2]: *** [third_party/benchmark/src/CMakeFiles/benchmark.dir/build.make:174: third_party/benchmark/src/CMakeFiles/benchmark.dir/complexity.cc.o] Error 1
#20 190.3 make[1]: *** [CMakeFiles/Makefile2:452: third_party/benchmark/src/CMakeFiles/benchmark.dir/all] Error 2
#20 190.3 make: *** [Makefile:146: all] Error 2
#20 190.3 Traceback (most recent call last):
#20 190.3   File "<string>", line 1, in <module>
#20 190.4   File "/src/fuzzers/afl/fuzzer.py", line 40, in build
#20 190.4     utils.build_benchmark()
#20 190.4   File "/src/fuzzers/utils.py", line 82, in build_benchmark
#20 190.4     subprocess.check_call(['/bin/bash', '-ex', build_script], env=env)
#20 190.4   File "/usr/local/lib/python3.8/subprocess.py", line 364, in check_call
#20 190.4     raise CalledProcessError(retcode, cmd)
#20 190.4 subprocess.CalledProcessError: Command '['/bin/bash', '-ex', '/src/build.sh']' returned non-zero exit status 2.
#20 ERROR: executor failed running [/bin/sh -c echo "Run fuzzer_build to build the target" && if [ -z "$debug_builder" ] ; then fuzzer_build; fi]: exit code: 1
------
 > importing cache manifest from gcr.io/fuzzbench/builders/afl/leveldb_fuzz_db:
------
------
 > [stage-1 13/13] RUN echo "Run fuzzer_build to build the target" && if [ -z "$debug_builder" ] ; then fuzzer_build; fi:
------
executor failed running [/bin/sh -c echo "Run fuzzer_build to build the target" && if [ -z "$debug_builder" ] ; then fuzzer_build; fi]: exit code: 1
make: *** [docker/generated.mk:2694394: .afl-leveldb_fuzz_db-builder] Error 1
