WARNING:root:gcloud not found in PATH.
INFO:root:Successfully integrated benchmark: sentencepiece_sample_encode_fuzzer.
INFO:root:Please run "make test-run-afl-sentencepiece_sample_encode_fuzzer" to test integration.
#1 [internal] load build definition from Dockerfile
#1 sha256:0897df48238a135975c723176582582f661180b31ff82b5c699010e3e5725a5c
#1 transferring dockerfile: 996B done
#1 DONE 0.0s

#2 [internal] load .dockerignore
#2 sha256:a74bb9e5b7d630e39923371869a3b31d272835f177efea77ffd0739cf6113b73
#2 transferring context: 2B done
#2 DONE 0.0s

#3 [internal] load metadata for gcr.io/oss-fuzz-base/base-builder:latest
#3 sha256:f10dc39cc9d418a5bc416dead31a1902b6821fdae909cd3b08f7a3fd1faba7b5
#3 DONE 0.4s

#9 [internal] load build context
#9 sha256:5881b246b230856cba2aa3b5de8bda8d6961f95be0d97a88995cc61404c98c4f
#9 DONE 0.0s

#5 [1/5] FROM gcr.io/oss-fuzz-base/base-builder@sha256:7f76292abe20e3a09554cd7e52e4ba7f174e2726aa0615496ca232017535a443
#5 sha256:b785341069aff1aa420741f46c0341befe7652e19f60afc8069313b0e11f206e
#5 DONE 0.0s

#4 importing cache manifest from gcr.io/fuzzbench/builders/benchmark/sentencepiece_sample_encode_fuzzer
#4 sha256:83db40a7d547e80efbbf6fe03632d8dc36664e6465caf867307f4be2f8109163
#4 ERROR: gcr.io/fuzzbench/builders/benchmark/sentencepiece_sample_encode_fuzzer:latest: not found

#5 [1/5] FROM gcr.io/oss-fuzz-base/base-builder@sha256:7f76292abe20e3a09554cd7e52e4ba7f174e2726aa0615496ca232017535a443
#5 sha256:b785341069aff1aa420741f46c0341befe7652e19f60afc8069313b0e11f206e
#5 CACHED

#9 [internal] load build context
#9 sha256:5881b246b230856cba2aa3b5de8bda8d6961f95be0d97a88995cc61404c98c4f
#9 transferring context: 2.34kB done
#9 DONE 0.0s

#6 [2/5] RUN apt-get update && apt-get install -y make autoconf automake libtool cmake build-essential pkg-config libgoogle-perftools-dev
#6 sha256:779cebac4788f96cfa07531acb157068bfd51df8e9ce0991b9d188cf2cecfb9d
#6 0.535 Hit:1 http://archive.ubuntu.com/ubuntu focal InRelease
#6 0.535 Hit:2 http://ppa.launchpad.net/git-core/ppa/ubuntu focal InRelease
#6 0.540 Get:3 http://archive.ubuntu.com/ubuntu focal-updates InRelease [114 kB]
#6 0.636 Get:4 http://archive.ubuntu.com/ubuntu focal-backports InRelease [108 kB]
#6 0.663 Get:5 http://security.ubuntu.com/ubuntu focal-security InRelease [114 kB]
#6 1.061 Get:6 http://archive.ubuntu.com/ubuntu focal-updates/main amd64 Packages [2185 kB]
#6 1.274 Get:7 http://archive.ubuntu.com/ubuntu focal-updates/main i386 Packages [791 kB]
#6 1.333 Get:8 http://archive.ubuntu.com/ubuntu focal-updates/universe amd64 Packages [1153 kB]
#6 1.419 Get:9 http://archive.ubuntu.com/ubuntu focal-updates/restricted amd64 Packages [1214 kB]
#6 1.468 Get:10 http://security.ubuntu.com/ubuntu focal-security/restricted i386 Packages [26.7 kB]
#6 1.511 Get:11 http://archive.ubuntu.com/ubuntu focal-updates/universe i386 Packages [839 kB]
#6 1.574 Get:12 http://archive.ubuntu.com/ubuntu focal-updates/restricted i386 Packages [29.5 kB]
#6 1.576 Get:13 http://archive.ubuntu.com/ubuntu focal-backports/universe amd64 Packages [26.0 kB]
#6 1.578 Get:14 http://archive.ubuntu.com/ubuntu focal-backports/universe i386 Packages [14.4 kB]
#6 1.579 Get:15 http://security.ubuntu.com/ubuntu focal-security/main i386 Packages [526 kB]
#6 1.811 Get:16 http://security.ubuntu.com/ubuntu focal-security/restricted amd64 Packages [1139 kB]
#6 1.967 Get:17 http://security.ubuntu.com/ubuntu focal-security/universe i386 Packages [679 kB]
#6 2.016 Get:18 http://security.ubuntu.com/ubuntu focal-security/universe amd64 Packages [870 kB]
#6 2.081 Get:19 http://security.ubuntu.com/ubuntu focal-security/main amd64 Packages [1771 kB]
#6 2.504 Fetched 11.6 MB in 2s (6050 kB/s)
#6 2.504 Reading package lists...
#6 4.189 Reading package lists...
#6 5.631 Building dependency tree...
#6 5.846 Reading state information...
#6 6.065 make is already the newest version (4.2.1-1.2).
#6 6.065 make set to manually installed.
#6 6.065 build-essential is already the newest version (12.8ubuntu1.1).
#6 6.065 The following additional packages will be installed:
#6 6.066   autotools-dev cmake-data libarchive13 libgoogle-perftools4 libjsoncpp1
#6 6.066   libltdl-dev libltdl7 liblzma-dev librhash0 libsigsegv2 libtcmalloc-minimal4
#6 6.067   libunwind-dev libunwind8 libuv1 m4
#6 6.069 Suggested packages:
#6 6.069   autoconf-archive gnu-standards autoconf-doc gettext cmake-doc ninja-build
#6 6.069   lrzip libtool-doc liblzma-doc gfortran | fortran95-compiler gcj-jdk m4-doc
#6 6.130 The following NEW packages will be installed:
#6 6.131   autoconf automake autotools-dev cmake cmake-data libarchive13
#6 6.131   libgoogle-perftools-dev libgoogle-perftools4 libjsoncpp1 libltdl-dev
#6 6.132   libltdl7 liblzma-dev librhash0 libsigsegv2 libtcmalloc-minimal4 libtool
#6 6.133   libunwind-dev libunwind8 libuv1 m4 pkg-config
#6 6.211 0 upgraded, 21 newly installed, 0 to remove and 2 not upgraded.
#6 6.211 Need to get 8779 kB of archives.
#6 6.211 After this operation, 46.6 MB of additional disk space will be used.
#6 6.211 Get:1 http://archive.ubuntu.com/ubuntu focal-updates/main amd64 libuv1 amd64 1.34.2-1ubuntu1.3 [80.8 kB]
#6 6.312 Get:2 http://archive.ubuntu.com/ubuntu focal/main amd64 libsigsegv2 amd64 2.12-2 [13.9 kB]
#6 6.314 Get:3 http://archive.ubuntu.com/ubuntu focal/main amd64 m4 amd64 1.4.18-4 [199 kB]
#6 6.360 Get:4 http://archive.ubuntu.com/ubuntu focal/main amd64 autoconf all 2.69-11.1 [321 kB]
#6 6.390 Get:5 http://archive.ubuntu.com/ubuntu focal/main amd64 autotools-dev all 20180224.1 [39.6 kB]
#6 6.393 Get:6 http://archive.ubuntu.com/ubuntu focal/main amd64 automake all 1:1.16.1-4ubuntu6 [522 kB]
#6 6.431 Get:7 http://archive.ubuntu.com/ubuntu focal/main amd64 cmake-data all 3.16.3-1ubuntu1 [1612 kB]
#6 6.551 Get:8 http://archive.ubuntu.com/ubuntu focal-updates/main amd64 libarchive13 amd64 3.4.0-2ubuntu1.2 [327 kB]
#6 6.575 Get:9 http://archive.ubuntu.com/ubuntu focal/main amd64 libjsoncpp1 amd64 1.7.4-3.1ubuntu2 [75.6 kB]
#6 6.580 Get:10 http://archive.ubuntu.com/ubuntu focal/main amd64 librhash0 amd64 1.3.9-1 [113 kB]
#6 6.589 Get:11 http://archive.ubuntu.com/ubuntu focal/main amd64 cmake amd64 3.16.3-1ubuntu1 [3669 kB]
#6 6.863 Get:12 http://archive.ubuntu.com/ubuntu focal/main amd64 libtcmalloc-minimal4 amd64 2.7-1ubuntu2 [93.0 kB]
#6 6.869 Get:13 http://archive.ubuntu.com/ubuntu focal/main amd64 libunwind8 amd64 1.2.1-9build1 [47.6 kB]
#6 6.872 Get:14 http://archive.ubuntu.com/ubuntu focal/main amd64 libgoogle-perftools4 amd64 2.7-1ubuntu2 [195 kB]
#6 6.887 Get:15 http://archive.ubuntu.com/ubuntu focal-updates/main amd64 liblzma-dev amd64 5.2.4-1ubuntu1.1 [147 kB]
#6 6.898 Get:16 http://archive.ubuntu.com/ubuntu focal/main amd64 libunwind-dev amd64 1.2.1-9build1 [472 kB]
#6 6.933 Get:17 http://archive.ubuntu.com/ubuntu focal/main amd64 libgoogle-perftools-dev amd64 2.7-1ubuntu2 [445 kB]
#6 6.966 Get:18 http://archive.ubuntu.com/ubuntu focal/main amd64 libltdl7 amd64 2.4.6-14 [38.5 kB]
#6 6.969 Get:19 http://archive.ubuntu.com/ubuntu focal/main amd64 libltdl-dev amd64 2.4.6-14 [162 kB]
#6 6.982 Get:20 http://archive.ubuntu.com/ubuntu focal/main amd64 libtool all 2.4.6-14 [161 kB]
#6 6.993 Get:21 http://archive.ubuntu.com/ubuntu focal/main amd64 pkg-config amd64 0.29.1-0ubuntu4 [45.5 kB]
#6 7.220 debconf: delaying package configuration, since apt-utils is not installed
#6 7.274 Fetched 8779 kB in 1s (10.3 MB/s)
#6 7.318 Selecting previously unselected package libuv1:amd64.
#6 7.318 (Reading database ... (Reading database ... 5%(Reading database ... 10%(Reading database ... 15%(Reading database ... 20%(Reading database ... 25%(Reading database ... 30%(Reading database ... 35%(Reading database ... 40%(Reading database ... 45%(Reading database ... 50%(Reading database ... 55%(Reading database ... 60%(Reading database ... 65%(Reading database ... 70%(Reading database ... 75%(Reading database ... 80%(Reading database ... 85%(Reading database ... 90%(Reading database ... 95%(Reading database ... 100%(Reading database ... 21308 files and directories currently installed.)
#6 7.340 Preparing to unpack .../00-libuv1_1.34.2-1ubuntu1.3_amd64.deb ...
#6 7.361 Unpacking libuv1:amd64 (1.34.2-1ubuntu1.3) ...
#6 7.413 Selecting previously unselected package libsigsegv2:amd64.
#6 7.416 Preparing to unpack .../01-libsigsegv2_2.12-2_amd64.deb ...
#6 7.420 Unpacking libsigsegv2:amd64 (2.12-2) ...
#6 7.457 Selecting previously unselected package m4.
#6 7.460 Preparing to unpack .../02-m4_1.4.18-4_amd64.deb ...
#6 7.464 Unpacking m4 (1.4.18-4) ...
#6 7.519 Selecting previously unselected package autoconf.
#6 7.522 Preparing to unpack .../03-autoconf_2.69-11.1_all.deb ...
#6 7.526 Unpacking autoconf (2.69-11.1) ...
#6 7.600 Selecting previously unselected package autotools-dev.
#6 7.603 Preparing to unpack .../04-autotools-dev_20180224.1_all.deb ...
#6 7.607 Unpacking autotools-dev (20180224.1) ...
#6 7.653 Selecting previously unselected package automake.
#6 7.656 Preparing to unpack .../05-automake_1%3a1.16.1-4ubuntu6_all.deb ...
#6 7.662 Unpacking automake (1:1.16.1-4ubuntu6) ...
#6 7.772 Selecting previously unselected package cmake-data.
#6 7.775 Preparing to unpack .../06-cmake-data_3.16.3-1ubuntu1_all.deb ...
#6 7.783 Unpacking cmake-data (3.16.3-1ubuntu1) ...
#6 8.383 Selecting previously unselected package libarchive13:amd64.
#6 8.387 Preparing to unpack .../07-libarchive13_3.4.0-2ubuntu1.2_amd64.deb ...
#6 8.391 Unpacking libarchive13:amd64 (3.4.0-2ubuntu1.2) ...
#6 8.464 Selecting previously unselected package libjsoncpp1:amd64.
#6 8.467 Preparing to unpack .../08-libjsoncpp1_1.7.4-3.1ubuntu2_amd64.deb ...
#6 8.471 Unpacking libjsoncpp1:amd64 (1.7.4-3.1ubuntu2) ...
#6 8.531 Selecting previously unselected package librhash0:amd64.
#6 8.534 Preparing to unpack .../09-librhash0_1.3.9-1_amd64.deb ...
#6 8.539 Unpacking librhash0:amd64 (1.3.9-1) ...
#6 8.598 Selecting previously unselected package cmake.
#6 8.601 Preparing to unpack .../10-cmake_3.16.3-1ubuntu1_amd64.deb ...
#6 8.606 Unpacking cmake (3.16.3-1ubuntu1) ...
#6 9.043 Selecting previously unselected package libtcmalloc-minimal4:amd64.
#6 9.046 Preparing to unpack .../11-libtcmalloc-minimal4_2.7-1ubuntu2_amd64.deb ...
#6 9.052 Unpacking libtcmalloc-minimal4:amd64 (2.7-1ubuntu2) ...
#6 9.112 Selecting previously unselected package libunwind8:amd64.
#6 9.116 Preparing to unpack .../12-libunwind8_1.2.1-9build1_amd64.deb ...
#6 9.121 Unpacking libunwind8:amd64 (1.2.1-9build1) ...
#6 9.171 Selecting previously unselected package libgoogle-perftools4:amd64.
#6 9.174 Preparing to unpack .../13-libgoogle-perftools4_2.7-1ubuntu2_amd64.deb ...
#6 9.178 Unpacking libgoogle-perftools4:amd64 (2.7-1ubuntu2) ...
#6 9.238 Selecting previously unselected package liblzma-dev:amd64.
#6 9.241 Preparing to unpack .../14-liblzma-dev_5.2.4-1ubuntu1.1_amd64.deb ...
#6 9.245 Unpacking liblzma-dev:amd64 (5.2.4-1ubuntu1.1) ...
#6 9.300 Selecting previously unselected package libunwind-dev:amd64.
#6 9.303 Preparing to unpack .../15-libunwind-dev_1.2.1-9build1_amd64.deb ...
#6 9.307 Unpacking libunwind-dev:amd64 (1.2.1-9build1) ...
#6 9.404 Selecting previously unselected package libgoogle-perftools-dev:amd64.
#6 9.408 Preparing to unpack .../16-libgoogle-perftools-dev_2.7-1ubuntu2_amd64.deb ...
#6 9.412 Unpacking libgoogle-perftools-dev:amd64 (2.7-1ubuntu2) ...
#6 9.507 Selecting previously unselected package libltdl7:amd64.
#6 9.511 Preparing to unpack .../17-libltdl7_2.4.6-14_amd64.deb ...
#6 9.515 Unpacking libltdl7:amd64 (2.4.6-14) ...
#6 9.555 Selecting previously unselected package libltdl-dev:amd64.
#6 9.558 Preparing to unpack .../18-libltdl-dev_2.4.6-14_amd64.deb ...
#6 9.562 Unpacking libltdl-dev:amd64 (2.4.6-14) ...
#6 9.620 Selecting previously unselected package libtool.
#6 9.623 Preparing to unpack .../19-libtool_2.4.6-14_all.deb ...
#6 9.627 Unpacking libtool (2.4.6-14) ...
#6 9.688 Selecting previously unselected package pkg-config.
#6 9.691 Preparing to unpack .../20-pkg-config_0.29.1-0ubuntu4_amd64.deb ...
#6 9.695 Unpacking pkg-config (0.29.1-0ubuntu4) ...
#6 9.760 Setting up libarchive13:amd64 (3.4.0-2ubuntu1.2) ...
#6 9.772 Setting up libtcmalloc-minimal4:amd64 (2.7-1ubuntu2) ...
#6 9.783 Setting up libunwind8:amd64 (1.2.1-9build1) ...
#6 9.795 Setting up autotools-dev (20180224.1) ...
#6 9.806 Setting up libuv1:amd64 (1.34.2-1ubuntu1.3) ...
#6 9.817 Setting up libsigsegv2:amd64 (2.12-2) ...
#6 9.829 Setting up pkg-config (0.29.1-0ubuntu4) ...
#6 9.915 Setting up libltdl7:amd64 (2.4.6-14) ...
#6 9.926 Setting up liblzma-dev:amd64 (5.2.4-1ubuntu1.1) ...
#6 9.939 Setting up librhash0:amd64 (1.3.9-1) ...
#6 9.956 Setting up cmake-data (3.16.3-1ubuntu1) ...
#6 9.979 Setting up libjsoncpp1:amd64 (1.7.4-3.1ubuntu2) ...
#6 9.991 Setting up libgoogle-perftools4:amd64 (2.7-1ubuntu2) ...
#6 10.01 Setting up libunwind-dev:amd64 (1.2.1-9build1) ...
#6 10.02 Setting up libtool (2.4.6-14) ...
#6 10.03 Setting up libgoogle-perftools-dev:amd64 (2.7-1ubuntu2) ...
#6 10.04 Setting up m4 (1.4.18-4) ...
#6 10.05 Setting up autoconf (2.69-11.1) ...
#6 10.07 Setting up cmake (3.16.3-1ubuntu1) ...
#6 10.08 Setting up automake (1:1.16.1-4ubuntu6) ...
#6 10.09 update-alternatives: using /usr/bin/automake-1.16 to provide /usr/bin/automake (automake) in auto mode
#6 10.09 update-alternatives: warning: skip creation of /usr/share/man/man1/automake.1.gz because associated file /usr/share/man/man1/automake-1.16.1.gz (of link group automake) doesn't exist
#6 10.09 update-alternatives: warning: skip creation of /usr/share/man/man1/aclocal.1.gz because associated file /usr/share/man/man1/aclocal-1.16.1.gz (of link group automake) doesn't exist
#6 10.10 Setting up libltdl-dev:amd64 (2.4.6-14) ...
#6 10.11 Processing triggers for libc-bin (2.31-0ubuntu9.7) ...
#6 DONE 10.6s

#7 [3/5] RUN git clone --depth 1 https://github.com/google/sentencepiece.git sentencepiece
#7 sha256:e805948fcc42e9be61df99d2de60397f1ff8c0b234eae6fb328b982852ea9368
#7 0.510 Cloning into 'sentencepiece'...
#7 DONE 2.6s

#8 [4/5] WORKDIR sentencepiece
#8 sha256:e925d39e99d3fa2da5b58c497a20a6ed03838ea06b2d4dd4dea32b231ccefc39
#8 DONE 0.1s

#10 [5/5] COPY build.sh *.cc /src/
#10 sha256:03d3dd3f109615b1a72a30b754b83c901f4936b87e02ec27d7a08835b3a00050
#10 DONE 0.1s

#11 exporting to image
#11 sha256:e8c613e07b0b7ff33893b694f7759a10d42e180f2b4dc349fb57dc6b71dcab00
#11 exporting layers done
#11 writing image sha256:c5915741028f868850e366bed555d61af2760fe22e52cfcbb9190c5c21d3beff done
#11 naming to gcr.io/fuzzbench/builders/benchmark/sentencepiece_sample_encode_fuzzer done
#11 DONE 0.1s

#12 exporting cache
#12 sha256:2700d4ef94dee473593c5c614b55b2dedcca7893909811a8f2b48291a1f581e4
#12 preparing build cache for export done
#12 DONE 0.0s
------
 > importing cache manifest from gcr.io/fuzzbench/builders/benchmark/sentencepiece_sample_encode_fuzzer:
------
#1 [internal] load build definition from builder.Dockerfile
#1 sha256:2338b2d0c19738b4a7358a43d85bdeb757f2ab4bead9cee8aaaabc9585b1de50
#1 transferring dockerfile: 1.35kB done
#1 DONE 0.0s

#2 [internal] load .dockerignore
#2 sha256:8a2dd63fdca0c545c3b25fb8ddeeeba8c4a8e2e3aa2d5d10bf5ec65e1bc5a417
#2 transferring context: 2B done
#2 DONE 0.0s

#3 [internal] load metadata for gcr.io/fuzzbench/builders/benchmark/sentencepiece_sample_encode_fuzzer:latest
#3 sha256:246e52b4138a7486412bd4203bb322b87447b86cf891cdc2566b0d6207f88c89
#3 DONE 0.0s

#5 [1/3] FROM gcr.io/fuzzbench/builders/benchmark/sentencepiece_sample_encode_fuzzer
#5 sha256:5d1b04e2d465c68df70d0aaae432237c1f492427ec265053e0f7ea6f1d1a4bf6
#5 DONE 0.0s

#4 importing cache manifest from gcr.io/fuzzbench/builders/afl/sentencepiece_sample_encode_fuzzer-intermediate
#4 sha256:eca98c38d1fb81900e2e37aa2bb6821aa7da3eb32c3d4d13f6a4d053c1e04b41
#4 ERROR: gcr.io/fuzzbench/builders/afl/sentencepiece_sample_encode_fuzzer-intermediate:latest: not found

#5 [1/3] FROM gcr.io/fuzzbench/builders/benchmark/sentencepiece_sample_encode_fuzzer
#5 sha256:5d1b04e2d465c68df70d0aaae432237c1f492427ec265053e0f7ea6f1d1a4bf6
#5 DONE 0.2s

#6 [2/3] RUN git clone https://github.com/google/AFL.git /afl &&     cd /afl &&     git checkout 61037103ae3722c8060ff7082994836a794f978e &&     AFL_NO_X86=1 make
#6 sha256:028932b861702bc066b7fd8f30d62c94f7812994eee7f1ed384f66ac945b3bcd
#6 0.343 Cloning into '/afl'...
#6 1.024 Note: switching to '61037103ae3722c8060ff7082994836a794f978e'.
#6 1.024 
#6 1.024 You are in 'detached HEAD' state. You can look around, make experimental
#6 1.024 changes and commit them, and you can discard any commits you make in this
#6 1.024 state without impacting any branches by switching back to a branch.
#6 1.024 
#6 1.024 If you want to create a new branch to retain commits you create, you may
#6 1.024 do so (now or later) by using -c with the switch command. Example:
#6 1.024 
#6 1.024   git switch -c <new-branch-name>
#6 1.024 
#6 1.024 Or undo this operation with:
#6 1.024 
#6 1.024   git switch -
#6 1.024 
#6 1.024 Turn off this advice by setting config variable advice.detachedHead to false
#6 1.024 
#6 1.024 HEAD is now at 6103710 Fix a typo filename comparison in the fuzzer (#139)
#6 1.047 [!] Note: skipping x86 compilation checks (AFL_NO_X86 set).
#6 1.047 clang -O1 -fno-omit-frame-pointer -gline-tables-only -DFUZZING_BUILD_MODE_UNSAFE_FOR_PRODUCTION -Wall -D_FORTIFY_SOURCE=2 -g -Wno-pointer-sign -DAFL_PATH=\"/usr/local/lib/afl\" -DDOC_PATH=\"/usr/local/share/doc/afl\" -DBIN_PATH=\"/usr/local/bin\" afl-gcc.c -o afl-gcc -ldl
#6 1.233 set -e; for i in afl-g++ afl-clang afl-clang++; do ln -sf afl-gcc $i; done
#6 1.238 clang -O1 -fno-omit-frame-pointer -gline-tables-only -DFUZZING_BUILD_MODE_UNSAFE_FOR_PRODUCTION -Wall -D_FORTIFY_SOURCE=2 -g -Wno-pointer-sign -DAFL_PATH=\"/usr/local/lib/afl\" -DDOC_PATH=\"/usr/local/share/doc/afl\" -DBIN_PATH=\"/usr/local/bin\" afl-fuzz.c -o afl-fuzz -ldl
#6 3.672 clang -O1 -fno-omit-frame-pointer -gline-tables-only -DFUZZING_BUILD_MODE_UNSAFE_FOR_PRODUCTION -Wall -D_FORTIFY_SOURCE=2 -g -Wno-pointer-sign -DAFL_PATH=\"/usr/local/lib/afl\" -DDOC_PATH=\"/usr/local/share/doc/afl\" -DBIN_PATH=\"/usr/local/bin\" afl-showmap.c -o afl-showmap -ldl
#6 4.006 clang -O1 -fno-omit-frame-pointer -gline-tables-only -DFUZZING_BUILD_MODE_UNSAFE_FOR_PRODUCTION -Wall -D_FORTIFY_SOURCE=2 -g -Wno-pointer-sign -DAFL_PATH=\"/usr/local/lib/afl\" -DDOC_PATH=\"/usr/local/share/doc/afl\" -DBIN_PATH=\"/usr/local/bin\" afl-tmin.c -o afl-tmin -ldl
#6 4.450 clang -O1 -fno-omit-frame-pointer -gline-tables-only -DFUZZING_BUILD_MODE_UNSAFE_FOR_PRODUCTION -Wall -D_FORTIFY_SOURCE=2 -g -Wno-pointer-sign -DAFL_PATH=\"/usr/local/lib/afl\" -DDOC_PATH=\"/usr/local/share/doc/afl\" -DBIN_PATH=\"/usr/local/bin\" afl-gotcpu.c -o afl-gotcpu -ldl
#6 4.629 clang -O1 -fno-omit-frame-pointer -gline-tables-only -DFUZZING_BUILD_MODE_UNSAFE_FOR_PRODUCTION -Wall -D_FORTIFY_SOURCE=2 -g -Wno-pointer-sign -DAFL_PATH=\"/usr/local/lib/afl\" -DDOC_PATH=\"/usr/local/share/doc/afl\" -DBIN_PATH=\"/usr/local/bin\" afl-analyze.c -o afl-analyze -ldl
#6 5.044 clang -O1 -fno-omit-frame-pointer -gline-tables-only -DFUZZING_BUILD_MODE_UNSAFE_FOR_PRODUCTION -Wall -D_FORTIFY_SOURCE=2 -g -Wno-pointer-sign -DAFL_PATH=\"/usr/local/lib/afl\" -DDOC_PATH=\"/usr/local/share/doc/afl\" -DBIN_PATH=\"/usr/local/bin\" afl-as.c -o afl-as -ldl
#6 5.289 ln -sf afl-as as
#6 5.291 [!] Note: skipping build tests (you may need to use LLVM or QEMU mode).
#6 5.294 [+] LLVM users: see llvm_mode/README.llvm for a faster alternative to afl-gcc.
#6 5.294 [+] All done! Be sure to review README - it's pretty short and useful.
#6 DONE 5.4s

#7 [3/3] RUN apt-get update &&     apt-get install wget -y &&     wget https://raw.githubusercontent.com/llvm/llvm-project/5feb80e748924606531ba28c97fe65145c65372e/compiler-rt/lib/fuzzer/afl/afl_driver.cpp -O /afl/afl_driver.cpp &&     clang -Wno-pointer-sign -c /afl/llvm_mode/afl-llvm-rt.o.c -I/afl &&     clang++ -stdlib=libc++ -std=c++11 -O2 -c /afl/afl_driver.cpp &&     ar r /libAFL.a *.o
#7 sha256:1b71e09a10a825e757646ea75dbfab1066f60a0bd3d5aa2ec1389ba8acf1c0bf
#7 0.674 Hit:1 http://ppa.launchpad.net/git-core/ppa/ubuntu focal InRelease
#7 0.674 Hit:2 http://archive.ubuntu.com/ubuntu focal InRelease
#7 0.674 Hit:3 http://security.ubuntu.com/ubuntu focal-security InRelease
#7 0.692 Hit:4 http://archive.ubuntu.com/ubuntu focal-updates InRelease
#7 0.717 Hit:5 http://archive.ubuntu.com/ubuntu focal-backports InRelease
#7 1.535 Reading package lists...
#7 3.110 Reading package lists...
#7 4.552 Building dependency tree...
#7 4.768 Reading state information...
#7 5.020 wget is already the newest version (1.20.3-1ubuntu2).
#7 5.020 0 upgraded, 0 newly installed, 0 to remove and 2 not upgraded.
#7 5.025 --2022-04-23 13:20:10--  https://raw.githubusercontent.com/llvm/llvm-project/5feb80e748924606531ba28c97fe65145c65372e/compiler-rt/lib/fuzzer/afl/afl_driver.cpp
#7 5.027 Resolving raw.githubusercontent.com (raw.githubusercontent.com)... 185.199.110.133, 185.199.111.133, 185.199.108.133, ...
#7 5.029 Connecting to raw.githubusercontent.com (raw.githubusercontent.com)|185.199.110.133|:443... connected.
#7 5.053 HTTP request sent, awaiting response... 200 OK
#7 5.072 Length: 9177 (9.0K) [text/plain]
#7 5.072 Saving to: '/afl/afl_driver.cpp'
#7 5.072 
#7 5.072      0K ........                                              100% 6.67M=0.001s
#7 5.073 
#7 5.073 2022-04-23 13:20:10 (6.67 MB/s) - '/afl/afl_driver.cpp' saved [9177/9177]
#7 5.073 
#7 6.811 ar: creating /libAFL.a
#7 DONE 6.9s

#8 exporting to image
#8 sha256:e8c613e07b0b7ff33893b694f7759a10d42e180f2b4dc349fb57dc6b71dcab00
#8 exporting layers done
#8 writing image sha256:8432719e08a51cdfe793b706bcdec098e127f2ed9a6d51169f14a67156d1ed09 done
#8 naming to gcr.io/fuzzbench/builders/afl/sentencepiece_sample_encode_fuzzer-intermediate done
#8 DONE 0.1s

#9 exporting cache
#9 sha256:2700d4ef94dee473593c5c614b55b2dedcca7893909811a8f2b48291a1f581e4
#9 preparing build cache for export done
#9 DONE 0.0s
------
 > importing cache manifest from gcr.io/fuzzbench/builders/afl/sentencepiece_sample_encode_fuzzer-intermediate:
------
#1 [internal] load build definition from Dockerfile
#1 sha256:21099c50c50c9ababaaa8906f481d548ba1601a093c8c54288a45704722fa4de
#1 transferring dockerfile: 2.00kB done
#1 DONE 0.0s

#2 [internal] load .dockerignore
#2 sha256:df711b6df041eb5c26285a5bd669377f80a1d9eb4dd486df3b3609ff6e5a2e91
#2 transferring context: 34B done
#2 DONE 0.0s

#3 [internal] load metadata for docker.io/library/ubuntu:xenial
#3 sha256:f62bae18ed588840f045c881b2502661f2a89578a2f8f99b83f5200ee83dd25b
#3 DONE 0.0s

#5 [1/7] FROM docker.io/library/ubuntu:xenial
#5 sha256:14dd403f25ae9e519bd44f27dc17af7ce80f5a4f9f48ca88108364e67ec5d360
#5 DONE 0.0s

#4 importing cache manifest from gcr.io/fuzzbench/base-image
#4 sha256:9b220ebb4d4daceed1b96df9b6dca076e762f1cd612574f010b82d5b9e5ad896
#4 DONE 0.0s

#8 [internal] load build context
#8 sha256:c91e0127b9d320defdaa8d4c643381a4f6f0a5535d0b27887ecd12e6e4deeff7
#8 transferring context: 591B 0.0s done
#8 DONE 0.1s

#10 [5/7] RUN pip3 install -r /requirements.txt
#10 sha256:5e2fbbc7a74db9d4f3f0d65b519d7281fd6021a8f600001472bf9134efc10d2c
#10 CACHED

#11 [6/7] RUN apt-get update -y && apt-get install -y     apt-transport-https     lsb-release
#11 sha256:342402c83b0dfa2a9220ca626b7c22ebcbce3becbfb001592b14fb391f5bb0ad
#11 CACHED

#6 [2/7] RUN apt-get update -y && apt-get install -y     build-essential     rsync     curl     zlib1g-dev     libncurses5-dev     libgdbm-dev     libnss3-dev     libssl-dev     libreadline-dev     libffi-dev     virtualenv     libbz2-dev     liblzma-dev     libsqlite3-dev
#6 sha256:3a1b0960f17eed529eaae93dc8fd3554f2743dd584d8fa569cdbe6bc734371ac
#6 CACHED

#7 [3/7] RUN cd /tmp/ &&     curl -O https://www.python.org/ftp/python/3.8.6/Python-3.8.6.tar.xz &&     tar -xvf Python-3.8.6.tar.xz &&     cd Python-3.8.6 &&     ./configure --enable-loadable-sqlite-extensions --enable-optimizations &&     make -j install &&     rm -r /tmp/Python-3.8.6.tar.xz /tmp/Python-3.8.6
#7 sha256:c5b9d1fb3371e84dbc60b76e7b2f8d5913bc93bcd4910ab65daa03e7b2ec4bb0
#7 CACHED

#9 [4/7] COPY ./requirements.txt /
#9 sha256:20ec91c7f9b763fbe28514c25caea770a842aac1bf6e74452abadff8cdedb98f
#9 CACHED

#12 [7/7] RUN CLOUD_SDK_REPO="cloud-sdk-$(lsb_release -c -s)" &&     echo "deb https://packages.cloud.google.com/apt $CLOUD_SDK_REPO main"     | tee -a /etc/apt/sources.list.d/google-cloud-sdk.list &&     curl https://packages.cloud.google.com/apt/doc/apt-key.gpg     | apt-key add - &&     apt-get update -y &&     apt-get install -y google-cloud-sdk
#12 sha256:b19e4e20dac3497bc9566a6415c4d20a7d3b7dd60f421d6d2631c7e45eba9349
#12 CACHED

#13 exporting to image
#13 sha256:e8c613e07b0b7ff33893b694f7759a10d42e180f2b4dc349fb57dc6b71dcab00
#13 exporting layers done
#13 writing image sha256:05b2aa84fbb14d46a2428ada51f12a750d9a6a7322c0a63b3b82bda36d00b178 done
#13 naming to gcr.io/fuzzbench/base-image done
#13 DONE 0.0s

#14 exporting cache
#14 sha256:2700d4ef94dee473593c5c614b55b2dedcca7893909811a8f2b48291a1f581e4
#14 preparing build cache for export done
#14 DONE 0.0s
#1 [internal] load build definition from Dockerfile
#1 sha256:6f70dfe52509b0177cf3dbd25a59de9ba4e85bb97d8ae4f9946b818fad2cc401
#1 transferring dockerfile: 2.22kB done
#1 DONE 0.0s

#2 [internal] load .dockerignore
#2 sha256:3b924806adc073a314b705025d0f8a81829fb0c218a84d34c936d4aa5376df44
#2 transferring context: 34B done
#2 DONE 0.0s

#4 [internal] load metadata for gcr.io/fuzzbench/base-image:latest
#4 sha256:932022888f650cc455b10eb5123bb08c0cccacac29a693e69314abbfd28a72c3
#4 DONE 0.0s

#3 [internal] load metadata for gcr.io/fuzzbench/builders/afl/sentencepiece_sample_encode_fuzzer-intermediate:latest
#3 sha256:7c19d15b094eb4eb9a1a48d541171e228ad821d305caedb3311622b3e4619660
#3 DONE 0.0s

#12 [internal] load build context
#12 sha256:962074348dedfe723e0e24e4c0eff97dc951917d38304418baf07d71a56dc51f
#12 DONE 0.0s

#7 [base-image 1/1] FROM gcr.io/fuzzbench/base-image
#7 sha256:4d07825694520f8b6f6a0d8592dbd345433361ae044cb7f06706c5a95e3daaad
#7 DONE 0.0s

#6 [stage-1  1/13] FROM gcr.io/fuzzbench/builders/afl/sentencepiece_sample_encode_fuzzer-intermediate
#6 sha256:5fe9760c263f5fa31186d06d094a59a743de5c431579b93b35f960f2aa7e1f40
#6 DONE 0.0s

#5 importing cache manifest from gcr.io/fuzzbench/builders/afl/sentencepiece_sample_encode_fuzzer
#5 sha256:30126343f07c1c31d714f2ed114a671994b89b46e2b92e9cdb7d7882d3f09897
#5 ERROR: gcr.io/fuzzbench/builders/afl/sentencepiece_sample_encode_fuzzer:latest: not found

#7 [base-image 1/1] FROM gcr.io/fuzzbench/base-image
#7 sha256:4d07825694520f8b6f6a0d8592dbd345433361ae044cb7f06706c5a95e3daaad
#7 CACHED

#12 [internal] load build context
#12 sha256:962074348dedfe723e0e24e4c0eff97dc951917d38304418baf07d71a56dc51f
#12 transferring context: 742.43kB 0.1s done
#12 DONE 0.1s

#6 [stage-1  1/13] FROM gcr.io/fuzzbench/builders/afl/sentencepiece_sample_encode_fuzzer-intermediate
#6 sha256:5fe9760c263f5fa31186d06d094a59a743de5c431579b93b35f960f2aa7e1f40
#6 DONE 0.2s

#8 [stage-1  2/13] COPY --from=base-image /usr/local/bin/python3* /usr/local/bin/
#8 sha256:2a187488134dc235de36a317b3bce8b3f8f5d7af9167835386ff430ff7718d56
#8 DONE 0.5s

#9 [stage-1  3/13] COPY --from=base-image /usr/local/lib/python3.8 /usr/local/lib/python3.8
#9 sha256:109c1b027273d8e137900c15dba0ac0aa7747346bc3b499fb11c5e8a49ae9aba
#9 DONE 15.4s

#10 [stage-1  4/13] COPY --from=base-image /usr/local/include/python3.8 /usr/local/include/python3.8
#10 sha256:fbe5971ebb881262beff022f797e0343572b5ea659ed73ff70893688344b8d58
#10 DONE 0.3s

#11 [stage-1  5/13] COPY --from=base-image /usr/local/lib/python3.8/site-packages /usr/local/lib/python3.8/site-packages
#11 sha256:683a46525a066c71804fcd168dc33fab48d620a0f347edc2566d63b55579c2b0
#11 DONE 14.7s

#13 [stage-1  6/13] COPY fuzzers /src/fuzzers
#13 sha256:c51c263b919edae4b7e8f1924c7e1ceffc806540cee1986a89781439256f3db2
#13 DONE 0.2s

#14 [stage-1  7/13] RUN touch /src/__init__.py
#14 sha256:b68b7f410698a75e3421e66785a1eaf6dcd1e4c66ff56c928f4bb65f9811fa01
#14 DONE 0.4s

#15 [stage-1  8/13] COPY benchmarks/sentencepiece_sample_encode_fuzzer/benchmark.yaml /
#15 sha256:ca58d48d8b0a8963dc240ce5ffc8fe9437b7034382f44b8a90318588cd3a7986
#15 DONE 0.1s

#16 [stage-1  9/13] RUN mkdir /opt/fuzzbench/
#16 sha256:48b9b02d88e506ae2503c0f36eefaceb19249e13e5cbef4885a41c38a370e810
#16 DONE 1.2s

#17 [stage-1 10/13] COPY docker/benchmark-builder/checkout_commit.py /opt/fuzzbench/
#17 sha256:ccde0e40bc4f773fad3b665591fd3cefb5531e2aa042555f029093391a07fd20
#17 DONE 0.4s

#18 [stage-1 11/13] RUN export CHECKOUT_COMMIT=$(cat /benchmark.yaml | tr -d ' ' | grep 'commit:' | cut -d ':' -f2) &&     python3 -u /opt/fuzzbench/checkout_commit.py $CHECKOUT_COMMIT /src
#18 sha256:133e3011f8f9c2ecc11e89a1319bbda7baa42427cb0acaf98f3ddfecf5c9efd6
#18 0.502 Checking out commit 806d1a06
#18 8.044 From https://github.com/google/sentencepiece
#18 8.044  * [new tag]         v0.1.4     -> v0.1.4
#18 8.044  * [new tag]         v0.1.5     -> v0.1.5
#18 8.044  * [new tag]         v0.1.6     -> v0.1.6
#18 8.045  * [new tag]         v0.1.6pre1 -> v0.1.6pre1
#18 8.045  * [new tag]         v0.1.7     -> v0.1.7
#18 8.045  * [new tag]         v0.1.8     -> v0.1.8
#18 8.046  * [new tag]         v0.1.81    -> v0.1.81
#18 8.046  * [new tag]         v0.1.82    -> v0.1.82
#18 8.046  * [new tag]         v0.1.83    -> v0.1.83
#18 8.046  * [new tag]         v0.1.84    -> v0.1.84
#18 8.047  * [new tag]         v0.1.85    -> v0.1.85
#18 8.047  * [new tag]         v0.1.86    -> v0.1.86
#18 8.047  * [new tag]         v0.1.9     -> v0.1.9
#18 8.048  * [new tag]         v0.1.90    -> v0.1.90
#18 8.048  * [new tag]         v0.1.91    -> v0.1.91
#18 8.048  * [new tag]         v0.1.92    -> v0.1.92
#18 8.048  * [new tag]         v0.1.93    -> v0.1.93
#18 8.049  * [new tag]         v0.1.94    -> v0.1.94
#18 8.049  * [new tag]         v0.1.95    -> v0.1.95
#18 8.049  * [new tag]         v0.1.96    -> v0.1.96
#18 8.057 error: pathspec '806d1a06' did not match any file(s) known to git
#18 8.079 error: pathspec '806d1a06' did not match any file(s) known to git
#18 8.086 error: pathspec '806d1a06' did not match any file(s) known to git
#18 8.108 error: pathspec '806d1a06' did not match any file(s) known to git
#18 8.136 Checkout unsuccessful.
#18 DONE 8.3s

#19 [stage-1 12/13] RUN echo "#!/bin/bash\nPYTHONPATH=/src python3 -u -c "from fuzzers import utils; utils.initialize_env(); from fuzzers.afl import fuzzer; fuzzer.build()"" > /usr/bin/fuzzer_build &&     chmod +x /usr/bin/fuzzer_build
#19 sha256:8b927647bed8c704b702f1bba0606001404558d8d1a1117b1131620b8576e129
#19 DONE 0.9s

#20 [stage-1 13/13] RUN echo "Run fuzzer_build to build the target" && if [ -z "$debug_builder" ] ; then fuzzer_build; fi
#20 sha256:29cdee5086f73360b66db7b4cbb97e2e3e0f8563c55a3f5c6e49184635ab44db
#20 0.563 Run fuzzer_build to build the target
#20 0.685 FUZZ_TARGET = sample_encode_fuzzer
#20 0.685 CFLAGS = -DFUZZING_BUILD_MODE_UNSAFE_FOR_PRODUCTION -pthread -Wl,--no-as-needed -Wl,-ldl -Wl,-lm -Wno-unused-command-line-argument -O3
#20 0.685 CXXFLAGS = -DFUZZING_BUILD_MODE_UNSAFE_FOR_PRODUCTION -pthread -Wl,--no-as-needed -Wl,-ldl -Wl,-lm -Wno-unused-command-line-argument -stdlib=libc++ -O3
#20 0.692 Building benchmark sentencepiece_sample_encode_fuzzer with fuzzer afl
#20 0.696 + mkdir build
#20 0.698 + cd build
#20 0.698 + cmake -DSPM_ENABLE_SHARED=ON ..
#20 0.707 -- VERSION: 0.1.96
#20 0.935 -- The C compiler identification is Clang 14.0.0
#20 1.193 -- The CXX compiler identification is Clang 14.0.0
#20 1.214 -- Detecting C compiler ABI info
#20 1.391 -- Detecting C compiler ABI info - done
#20 1.439 -- Check for working C compiler: /usr/local/bin/clang - skipped
#20 1.442 -- Detecting C compile features
#20 1.443 -- Detecting C compile features - done
#20 1.450 -- Detecting CXX compiler ABI info
#20 1.646 -- Detecting CXX compiler ABI info - done
#20 1.712 -- Check for working CXX compiler: /usr/local/bin/clang++ - skipped
#20 1.713 -- Detecting CXX compile features
#20 1.714 -- Detecting CXX compile features - done
#20 1.728 -- Looking for pthread.h
#20 1.911 -- Looking for pthread.h - found
#20 1.911 -- Performing Test CMAKE_HAVE_LIBC_PTHREAD
#20 2.092 -- Performing Test CMAKE_HAVE_LIBC_PTHREAD - Success
#20 2.094 -- Found Threads: TRUE  
#20 2.100 -- Found TCMalloc: /usr/lib/x86_64-linux-gnu/libtcmalloc_minimal.so
#20 2.122 -- Configuring done
#20 2.181 -- Generating done
#20 2.184 -- Build files have been written to: /src/sentencepiece/build
#20 2.189 ++ nproc
#20 2.191 + make -j 8
#20 2.216 [  1%] Building CXX object src/CMakeFiles/sentencepiece_train-static.dir/builder.cc.o
#20 2.216 [  2%] Building CXX object src/CMakeFiles/sentencepiece_train-static.dir/unicode_script.cc.o
#20 2.217 [  3%] Building CXX object src/CMakeFiles/sentencepiece_train-static.dir/trainer_factory.cc.o
#20 2.217 [  4%] Building CXX object src/CMakeFiles/sentencepiece_train-static.dir/trainer_interface.cc.o
#20 2.217 [  5%] Building CXX object src/CMakeFiles/sentencepiece_train-static.dir/unigram_model_trainer.cc.o
#20 2.217 [  6%] Building CXX object src/CMakeFiles/sentencepiece_train-static.dir/word_model_trainer.cc.o
#20 2.220 [  6%] Building CXX object src/CMakeFiles/sentencepiece.dir/__/third_party/protobuf-lite/arena.cc.o
#20 2.222 [  7%] Building CXX object src/CMakeFiles/sentencepiece-static.dir/__/third_party/protobuf-lite/arena.cc.o
#20 4.820 [  7%] Building CXX object src/CMakeFiles/sentencepiece-static.dir/__/third_party/protobuf-lite/arenastring.cc.o
#20 4.947 [  8%] Building CXX object src/CMakeFiles/sentencepiece.dir/__/third_party/protobuf-lite/arenastring.cc.o
#20 7.411 [  9%] Building CXX object src/CMakeFiles/sentencepiece.dir/__/third_party/protobuf-lite/bytestream.cc.o
#20 7.427 /src/sentencepiece/src/builder.cc:46:15: warning: unused variable 'kMaxUnicode' [-Wunused-const-variable]
#20 7.428 constexpr int kMaxUnicode = 0x10FFFF;
#20 7.428               ^
#20 7.428 /src/sentencepiece/src/builder.cc:48:23: warning: unused variable 'kDefaultNormalizerName' [-Wunused-const-variable]
#20 7.428 static constexpr char kDefaultNormalizerName[] = "nfkc";
#20 7.429                       ^
#20 7.786 [ 10%] Building CXX object src/CMakeFiles/sentencepiece-static.dir/__/third_party/protobuf-lite/bytestream.cc.o
#20 7.951 [ 11%] Building CXX object src/CMakeFiles/sentencepiece.dir/__/third_party/protobuf-lite/coded_stream.cc.o
#20 9.050 [ 11%] Building CXX object src/CMakeFiles/sentencepiece_train-static.dir/char_model_trainer.cc.o
#20 9.775 [ 12%] Building CXX object src/CMakeFiles/sentencepiece.dir/__/third_party/protobuf-lite/common.cc.o
#20 10.18 [ 13%] Building CXX object src/CMakeFiles/sentencepiece-static.dir/__/third_party/protobuf-lite/coded_stream.cc.o
#20 11.32 [ 14%] Building CXX object src/CMakeFiles/sentencepiece-static.dir/__/third_party/protobuf-lite/common.cc.o
#20 12.79 [ 15%] Building CXX object src/CMakeFiles/sentencepiece.dir/__/third_party/protobuf-lite/extension_set.cc.o
#20 13.69 [ 16%] Building CXX object src/CMakeFiles/sentencepiece-static.dir/__/third_party/protobuf-lite/extension_set.cc.o
#20 13.75 2 warnings generated.
#20 13.77 [ 17%] Building CXX object src/CMakeFiles/sentencepiece_train-static.dir/bpe_model_trainer.cc.o
#20 14.43 [ 18%] Building CXX object src/CMakeFiles/sentencepiece-static.dir/__/third_party/protobuf-lite/generated_enum_util.cc.o
#20 15.26 [ 19%] Building CXX object src/CMakeFiles/sentencepiece_train-static.dir/sentencepiece_trainer.cc.o
#20 16.50 [ 20%] Building CXX object src/CMakeFiles/sentencepiece_train-static.dir/pretokenizer_for_training.cc.o
#20 17.43 [ 21%] Building CXX object src/CMakeFiles/sentencepiece-static.dir/__/third_party/protobuf-lite/generated_message_table_driven_lite.cc.o
#20 20.30 [ 21%] Building CXX object src/CMakeFiles/sentencepiece-static.dir/__/third_party/protobuf-lite/generated_message_util.cc.o
#20 20.57 [ 22%] Building CXX object src/CMakeFiles/sentencepiece-static.dir/__/third_party/protobuf-lite/implicit_weak_message.cc.o
#20 20.96 [ 23%] Building CXX object src/CMakeFiles/sentencepiece-static.dir/__/third_party/protobuf-lite/int128.cc.o
#20 23.27 [ 24%] Building CXX object src/CMakeFiles/sentencepiece-static.dir/__/third_party/protobuf-lite/io_win32.cc.o
#20 23.31 [ 25%] Building CXX object src/CMakeFiles/sentencepiece-static.dir/__/third_party/protobuf-lite/message_lite.cc.o
#20 23.83 [ 26%] Building CXX object src/CMakeFiles/sentencepiece-static.dir/__/third_party/protobuf-lite/parse_context.cc.o
#20 24.06 [ 27%] Building CXX object src/CMakeFiles/sentencepiece-static.dir/__/third_party/protobuf-lite/repeated_field.cc.o
#20 24.58 [ 28%] Building CXX object src/CMakeFiles/sentencepiece.dir/__/third_party/protobuf-lite/generated_enum_util.cc.o
#20 25.53 [ 29%] Building CXX object src/CMakeFiles/sentencepiece-static.dir/__/third_party/protobuf-lite/status.cc.o
#20 26.00 [ 30%] Linking CXX static library libsentencepiece_train.a
#20 26.04 [ 30%] Built target sentencepiece_train-static
#20 26.05 [ 30%] Building CXX object src/CMakeFiles/sentencepiece-static.dir/__/third_party/protobuf-lite/statusor.cc.o
#20 27.63 [ 30%] Building CXX object src/CMakeFiles/sentencepiece.dir/__/third_party/protobuf-lite/generated_message_table_driven_lite.cc.o
#20 27.65 [ 31%] Building CXX object src/CMakeFiles/sentencepiece-static.dir/__/third_party/protobuf-lite/stringpiece.cc.o
#20 28.24 [ 32%] Building CXX object src/CMakeFiles/sentencepiece-static.dir/__/third_party/protobuf-lite/stringprintf.cc.o
#20 28.41 [ 33%] Building CXX object src/CMakeFiles/sentencepiece-static.dir/__/third_party/protobuf-lite/structurally_valid.cc.o
#20 28.48 [ 34%] Building CXX object src/CMakeFiles/sentencepiece-static.dir/__/third_party/protobuf-lite/strutil.cc.o
#20 29.82 [ 35%] Building CXX object src/CMakeFiles/sentencepiece-static.dir/__/third_party/protobuf-lite/time.cc.o
#20 30.09 [ 36%] Building CXX object src/CMakeFiles/sentencepiece-static.dir/__/third_party/protobuf-lite/wire_format_lite.cc.o
#20 30.22 [ 36%] Building CXX object src/CMakeFiles/sentencepiece-static.dir/__/third_party/protobuf-lite/zero_copy_stream.cc.o
#20 30.87 [ 37%] Building CXX object src/CMakeFiles/sentencepiece-static.dir/__/third_party/protobuf-lite/zero_copy_stream_impl.cc.o
#20 31.30 [ 38%] Building CXX object src/CMakeFiles/sentencepiece-static.dir/__/third_party/protobuf-lite/zero_copy_stream_impl_lite.cc.o
#20 32.00 [ 39%] Building CXX object src/CMakeFiles/sentencepiece-static.dir/builtin_pb/sentencepiece.pb.cc.o
#20 32.61 [ 40%] Building CXX object src/CMakeFiles/sentencepiece-static.dir/builtin_pb/sentencepiece_model.pb.cc.o
#20 32.73 [ 41%] Building CXX object src/CMakeFiles/sentencepiece-static.dir/bpe_model.cc.o
#20 33.65 [ 42%] Building CXX object src/CMakeFiles/sentencepiece-static.dir/char_model.cc.o
#20 33.89 [ 42%] Building CXX object src/CMakeFiles/sentencepiece-static.dir/error.cc.o
#20 34.22 [ 43%] Building CXX object src/CMakeFiles/sentencepiece-static.dir/filesystem.cc.o
#20 34.39 [ 44%] Building CXX object src/CMakeFiles/sentencepiece-static.dir/model_factory.cc.o
#20 36.29 [ 45%] Building CXX object src/CMakeFiles/sentencepiece-static.dir/model_interface.cc.o
#20 37.12 [ 46%] Building CXX object src/CMakeFiles/sentencepiece-static.dir/normalizer.cc.o
#20 38.53 [ 47%] Building CXX object src/CMakeFiles/sentencepiece-static.dir/sentencepiece_processor.cc.o
#20 38.85 [ 48%] Building CXX object src/CMakeFiles/sentencepiece-static.dir/unigram_model.cc.o
#20 39.30 [ 48%] Building CXX object src/CMakeFiles/sentencepiece-static.dir/util.cc.o
#20 39.88 [ 49%] Building CXX object src/CMakeFiles/sentencepiece-static.dir/word_model.cc.o
#20 40.11 [ 50%] Building CXX object src/CMakeFiles/sentencepiece.dir/__/third_party/protobuf-lite/generated_message_util.cc.o
#20 40.89 [ 51%] Building CXX object src/CMakeFiles/sentencepiece-static.dir/__/third_party/absl/strings/string_view.cc.o
#20 42.95 [ 52%] Building CXX object src/CMakeFiles/sentencepiece-static.dir/__/third_party/absl/flags/flag.cc.o
#20 43.02 [ 53%] Building CXX object src/CMakeFiles/sentencepiece.dir/__/third_party/protobuf-lite/implicit_weak_message.cc.o
#20 43.62 [ 54%] Building CXX object src/CMakeFiles/sentencepiece.dir/__/third_party/protobuf-lite/int128.cc.o
#20 44.88 [ 55%] Building CXX object src/CMakeFiles/sentencepiece.dir/__/third_party/protobuf-lite/io_win32.cc.o
#20 44.91 [ 56%] Building CXX object src/CMakeFiles/sentencepiece.dir/__/third_party/protobuf-lite/message_lite.cc.o
#20 45.16 [ 57%] Building CXX object src/CMakeFiles/sentencepiece.dir/__/third_party/protobuf-lite/parse_context.cc.o
#20 46.30 [ 57%] Building CXX object src/CMakeFiles/sentencepiece.dir/__/third_party/protobuf-lite/repeated_field.cc.o
#20 46.75 [ 58%] Building CXX object src/CMakeFiles/sentencepiece.dir/__/third_party/protobuf-lite/status.cc.o
#20 49.34 [ 59%] Building CXX object src/CMakeFiles/sentencepiece.dir/__/third_party/protobuf-lite/statusor.cc.o
#20 49.61 [ 60%] Building CXX object src/CMakeFiles/sentencepiece.dir/__/third_party/protobuf-lite/stringpiece.cc.o
#20 49.68 [ 61%] Building CXX object src/CMakeFiles/sentencepiece.dir/__/third_party/protobuf-lite/stringprintf.cc.o
#20 49.90 [ 62%] Building CXX object src/CMakeFiles/sentencepiece.dir/__/third_party/protobuf-lite/structurally_valid.cc.o
#20 50.45 [ 63%] Building CXX object src/CMakeFiles/sentencepiece.dir/__/third_party/protobuf-lite/strutil.cc.o
#20 50.83 [ 63%] Building CXX object src/CMakeFiles/sentencepiece.dir/__/third_party/protobuf-lite/time.cc.o
#20 51.90 [ 64%] Building CXX object src/CMakeFiles/sentencepiece.dir/__/third_party/protobuf-lite/wire_format_lite.cc.o
#20 52.18 [ 65%] Linking CXX static library libsentencepiece.a
#20 52.23 [ 66%] Building CXX object src/CMakeFiles/sentencepiece.dir/__/third_party/protobuf-lite/zero_copy_stream.cc.o
#20 52.23 [ 66%] Built target sentencepiece-static
#20 52.24 [ 67%] Building CXX object src/CMakeFiles/sentencepiece.dir/__/third_party/protobuf-lite/zero_copy_stream_impl.cc.o
#20 52.32 [ 68%] Building CXX object src/CMakeFiles/sentencepiece.dir/__/third_party/protobuf-lite/zero_copy_stream_impl_lite.cc.o
#20 52.87 [ 69%] Building CXX object src/CMakeFiles/sentencepiece.dir/builtin_pb/sentencepiece.pb.cc.o
#20 53.81 [ 70%] Building CXX object src/CMakeFiles/sentencepiece.dir/builtin_pb/sentencepiece_model.pb.cc.o
#20 54.38 [ 71%] Building CXX object src/CMakeFiles/sentencepiece.dir/bpe_model.cc.o
#20 54.73 [ 71%] Building CXX object src/CMakeFiles/sentencepiece.dir/char_model.cc.o
#20 55.11 [ 72%] Building CXX object src/CMakeFiles/sentencepiece.dir/error.cc.o
#20 55.31 [ 73%] Building CXX object src/CMakeFiles/sentencepiece.dir/filesystem.cc.o
#20 55.89 [ 74%] Building CXX object src/CMakeFiles/sentencepiece.dir/model_factory.cc.o
#20 56.31 [ 75%] Building CXX object src/CMakeFiles/sentencepiece.dir/model_interface.cc.o
#20 57.57 [ 76%] Building CXX object src/CMakeFiles/sentencepiece.dir/normalizer.cc.o
#20 58.06 [ 77%] Building CXX object src/CMakeFiles/sentencepiece.dir/sentencepiece_processor.cc.o
#20 59.78 [ 77%] Building CXX object src/CMakeFiles/sentencepiece.dir/unigram_model.cc.o
#20 60.00 [ 78%] Building CXX object src/CMakeFiles/sentencepiece.dir/util.cc.o
#20 60.85 [ 79%] Building CXX object src/CMakeFiles/sentencepiece.dir/word_model.cc.o
#20 61.60 [ 80%] Building CXX object src/CMakeFiles/sentencepiece.dir/__/third_party/absl/strings/string_view.cc.o
#20 62.15 [ 81%] Building CXX object src/CMakeFiles/sentencepiece.dir/__/third_party/absl/flags/flag.cc.o
#20 69.10 [ 82%] Linking CXX shared library libsentencepiece.so
#20 69.51 [ 82%] Built target sentencepiece
#20 69.52 [ 82%] Building CXX object src/CMakeFiles/spm_encode.dir/spm_encode_main.cc.o
#20 69.52 [ 83%] Building CXX object src/CMakeFiles/spm_decode.dir/spm_decode_main.cc.o
#20 69.52 [ 84%] Building CXX object src/CMakeFiles/sentencepiece_train.dir/builder.cc.o
#20 69.52 [ 85%] Building CXX object src/CMakeFiles/sentencepiece_train.dir/unicode_script.cc.o
#20 69.52 [ 86%] Building CXX object src/CMakeFiles/spm_export_vocab.dir/spm_export_vocab_main.cc.o
#20 69.52 [ 87%] Building CXX object src/CMakeFiles/sentencepiece_train.dir/trainer_factory.cc.o
#20 69.52 [ 87%] Building CXX object src/CMakeFiles/sentencepiece_train.dir/trainer_interface.cc.o
#20 69.52 [ 88%] Building CXX object src/CMakeFiles/sentencepiece_train.dir/unigram_model_trainer.cc.o
#20 74.29 [ 89%] Linking CXX executable spm_export_vocab
#20 74.66 [ 89%] Built target spm_export_vocab
#20 74.67 [ 90%] Building CXX object src/CMakeFiles/sentencepiece_train.dir/word_model_trainer.cc.o
#20 75.24 [ 91%] Building CXX object src/CMakeFiles/sentencepiece_train.dir/char_model_trainer.cc.o
#20 75.26 /src/sentencepiece/src/builder.cc:46:15: warning: unused variable 'kMaxUnicode' [-Wunused-const-variable]
#20 75.26 constexpr int kMaxUnicode = 0x10FFFF;
#20 75.26               ^
#20 75.26 /src/sentencepiece/src/builder.cc:48:23: warning: unused variable 'kDefaultNormalizerName' [-Wunused-const-variable]
#20 75.26 static constexpr char kDefaultNormalizerName[] = "nfkc";
#20 75.26                       ^
#20 76.69 [ 92%] Linking CXX executable spm_decode
#20 77.08 [ 92%] Built target spm_decode
#20 77.09 [ 93%] Building CXX object src/CMakeFiles/sentencepiece_train.dir/bpe_model_trainer.cc.o
#20 81.42 [ 94%] Linking CXX executable spm_encode
#20 81.83 [ 94%] Built target spm_encode
#20 81.84 [ 95%] Building CXX object src/CMakeFiles/sentencepiece_train.dir/sentencepiece_trainer.cc.o
#20 82.09 [ 96%] Building CXX object src/CMakeFiles/sentencepiece_train.dir/pretokenizer_for_training.cc.o
#20 82.75 2 warnings generated.
#20 89.66 [ 96%] Linking CXX shared library libsentencepiece_train.so
#20 89.80 [ 96%] Built target sentencepiece_train
#20 89.81 [ 97%] Building CXX object src/CMakeFiles/spm_train.dir/spm_train_main.cc.o
#20 89.81 [ 98%] Building CXX object src/CMakeFiles/spm_normalize.dir/spm_normalize_main.cc.o
#20 93.19 [ 99%] Linking CXX executable spm_normalize
#20 93.33 [100%] Linking CXX executable spm_train
#20 93.38 [100%] Built target spm_normalize
#20 93.52 [100%] Built target spm_train
#20 93.53 + make install
#20 93.59 Consolidate compiler generated dependencies of target sentencepiece_train-static
#20 93.61 [ 10%] Built target sentencepiece_train-static
#20 93.74 Consolidate compiler generated dependencies of target sentencepiece
#20 93.78 [ 46%] Built target sentencepiece
#20 93.80 Consolidate compiler generated dependencies of target spm_encode
#20 93.81 [ 47%] Built target spm_encode
#20 93.86 Consolidate compiler generated dependencies of target sentencepiece_train
#20 93.87 [ 56%] Built target sentencepiece_train
#20 93.89 Consolidate compiler generated dependencies of target spm_train
#20 93.90 [ 58%] Built target spm_train
#20 93.91 Consolidate compiler generated dependencies of target spm_decode
#20 93.93 [ 60%] Built target spm_decode
#20 93.94 Consolidate compiler generated dependencies of target spm_normalize
#20 93.95 [ 62%] Built target spm_normalize
#20 94.09 Consolidate compiler generated dependencies of target sentencepiece-static
#20 94.13 [ 98%] Built target sentencepiece-static
#20 94.15 Consolidate compiler generated dependencies of target spm_export_vocab
#20 94.16 [100%] Built target spm_export_vocab
#20 94.17 Install the project...
#20 94.18 -- Install configuration: ""
#20 94.18 -- Installing: /usr/local/lib/pkgconfig/sentencepiece.pc
#20 94.18 -- Installing: /usr/local/lib/libsentencepiece.so.0.0.0
#20 94.19 -- Installing: /usr/local/lib/libsentencepiece.so.0
#20 94.19 -- Installing: /usr/local/lib/libsentencepiece.so
#20 94.19 -- Installing: /usr/local/lib/libsentencepiece_train.so.0.0.0
#20 94.19 -- Installing: /usr/local/lib/libsentencepiece_train.so.0
#20 94.19 -- Set runtime path of "/usr/local/lib/libsentencepiece_train.so.0.0.0" to ""
#20 94.19 -- Installing: /usr/local/lib/libsentencepiece_train.so
#20 94.19 -- Installing: /usr/local/lib/libsentencepiece.a
#20 94.21 -- Installing: /usr/local/lib/libsentencepiece_train.a
#20 94.22 -- Installing: /usr/local/bin/spm_encode
#20 94.22 -- Set runtime path of "/usr/local/bin/spm_encode" to ""
#20 94.22 -- Installing: /usr/local/bin/spm_decode
#20 94.22 -- Set runtime path of "/usr/local/bin/spm_decode" to ""
#20 94.22 -- Installing: /usr/local/bin/spm_normalize
#20 94.22 -- Set runtime path of "/usr/local/bin/spm_normalize" to ""
#20 94.22 -- Installing: /usr/local/bin/spm_train
#20 94.22 -- Set runtime path of "/usr/local/bin/spm_train" to ""
#20 94.22 -- Installing: /usr/local/bin/spm_export_vocab
#20 94.23 -- Set runtime path of "/usr/local/bin/spm_export_vocab" to ""
#20 94.23 -- Installing: /usr/local/include/sentencepiece_trainer.h
#20 94.23 -- Installing: /usr/local/include/sentencepiece_processor.h
#20 94.23 ++ find /src -name '*_fuzzer.cc'
#20 94.25 + for fuzzer in $(find $SRC -name '*_fuzzer.cc')
#20 94.25 ++ basename -s .cc /src/sample_encode_fuzzer.cc
#20 94.26 + fuzz_basename=sample_encode_fuzzer
#20 94.26 + clang++ -DFUZZING_BUILD_MODE_UNSAFE_FOR_PRODUCTION -pthread -Wl,--no-as-needed -Wl,-ldl -Wl,-lm -Wno-unused-command-line-argument -stdlib=libc++ -O3 -fsanitize-coverage=trace-pc-guard -std=c++11 -I. /src/sample_encode_fuzzer.cc /libAFL.a ./src/libsentencepiece.a -o /out/sample_encode_fuzzer
#20 95.64 [post_build] Copying afl-fuzz to $OUT directory
#20 DONE 95.9s

#21 exporting to image
#21 sha256:e8c613e07b0b7ff33893b694f7759a10d42e180f2b4dc349fb57dc6b71dcab00
#21 exporting layers done
#21 writing image sha256:84efef48af35fe23ee6e201ac62db6c5e5669b5bf101a87734b11a5526067e64 done
#21 naming to gcr.io/fuzzbench/builders/afl/sentencepiece_sample_encode_fuzzer done
#21 DONE 0.1s

#22 exporting cache
#22 sha256:2700d4ef94dee473593c5c614b55b2dedcca7893909811a8f2b48291a1f581e4
#22 preparing build cache for export done
#22 DONE 0.0s
------
 > importing cache manifest from gcr.io/fuzzbench/builders/afl/sentencepiece_sample_encode_fuzzer:
------
#1 [internal] load build definition from runner.Dockerfile
#1 sha256:ba471b401af925094553ca97dcf1e3b3851b87eff273f9ef42b4bef5309a604c
#1 transferring dockerfile: 656B done
#1 DONE 0.0s

#2 [internal] load .dockerignore
#2 sha256:feb3d5429cea0d1430c41700da079e8fcc88b2484f7c2d44cf42188c32fae60f
#2 transferring context: 2B done
#2 DONE 0.0s

#3 [internal] load metadata for gcr.io/fuzzbench/base-image:latest
#3 sha256:932022888f650cc455b10eb5123bb08c0cccacac29a693e69314abbfd28a72c3
#3 DONE 0.0s

#4 [1/1] FROM gcr.io/fuzzbench/base-image
#4 sha256:4d07825694520f8b6f6a0d8592dbd345433361ae044cb7f06706c5a95e3daaad
#4 DONE 0.0s

#5 importing cache manifest from gcr.io/fuzzbench/runners/afl/sentencepiece_sample_encode_fuzzer-intermediate
#5 sha256:126e7d56abb16d848f302688ac9ef0ba1e4736bfce56eb178fe52a512ecbd415
#5 ERROR: gcr.io/fuzzbench/runners/afl/sentencepiece_sample_encode_fuzzer-intermediate:latest: not found

#4 [1/1] FROM gcr.io/fuzzbench/base-image
#4 sha256:4d07825694520f8b6f6a0d8592dbd345433361ae044cb7f06706c5a95e3daaad
#4 CACHED

#6 exporting to image
#6 sha256:e8c613e07b0b7ff33893b694f7759a10d42e180f2b4dc349fb57dc6b71dcab00
#6 exporting layers done
#6 writing image sha256:2bcd8a28d09b2877e9fed13034afdcd6c49e3872d99c3c229d26008416c664d6
#6 writing image sha256:2bcd8a28d09b2877e9fed13034afdcd6c49e3872d99c3c229d26008416c664d6 done
#6 naming to gcr.io/fuzzbench/runners/afl/sentencepiece_sample_encode_fuzzer-intermediate done
#6 DONE 0.0s

#7 exporting cache
#7 sha256:2700d4ef94dee473593c5c614b55b2dedcca7893909811a8f2b48291a1f581e4
#7 preparing build cache for export done
#7 DONE 0.0s
------
 > importing cache manifest from gcr.io/fuzzbench/runners/afl/sentencepiece_sample_encode_fuzzer-intermediate:
------
#1 [internal] load build definition from Dockerfile
#1 sha256:7cc9ff2e79708cfd3197ab40757840b82c6e0085d5b83139914bee194d1ba37a
#1 transferring dockerfile: 3.17kB done
#1 DONE 0.0s

#2 [internal] load .dockerignore
#2 sha256:d4dc1021173fd928d2f0e600e5a2e053b387221621bc67af7a931d5a1dee05d7
#2 transferring context: 34B done
#2 DONE 0.1s

#3 [internal] load metadata for gcr.io/fuzzbench/runners/afl/sentencepiece_sample_encode_fuzzer-intermediate:latest
#3 sha256:f2686832f791560b9833909db426cbb7603f4f852ed6b7bc1c043a715263d5d7
#3 DONE 0.0s

#4 [internal] load metadata for gcr.io/fuzzbench/builders/afl/sentencepiece_sample_encode_fuzzer:latest
#4 sha256:5298f702381eb17dc9fca27aa7b45b973f7b0811a2b3f448c893936ee8f0e07d
#4 DONE 0.0s

#12 [internal] load build context
#12 sha256:80e5a2dbcbe5d804ae6ee72be7b608fee9ea6f45650a8c4e08e4a81f8eb5727c
#12 DONE 0.0s

#6 [stage-1  1/13] FROM gcr.io/fuzzbench/runners/afl/sentencepiece_sample_encode_fuzzer-intermediate
#6 sha256:8a070bbc03fa0ec1833fbf413568219ae0cd143bc28cd9040050dbf2522b82fa
#6 DONE 0.0s

#10 [builder 1/1] FROM gcr.io/fuzzbench/builders/afl/sentencepiece_sample_encode_fuzzer
#10 sha256:d784c04b6c0c51b50968beb3a1e1267954a89afd30ed2ca002babeb04a7a097d
#10 DONE 0.0s

#5 importing cache manifest from gcr.io/fuzzbench/runners/afl/sentencepiece_sample_encode_fuzzer
#5 sha256:178f71538e92ec043fb4a385ecf548b4b74c0a16f897dd508884374b96b373e5
#5 ERROR: gcr.io/fuzzbench/runners/afl/sentencepiece_sample_encode_fuzzer:latest: not found

#12 [internal] load build context
#12 sha256:80e5a2dbcbe5d804ae6ee72be7b608fee9ea6f45650a8c4e08e4a81f8eb5727c
#12 transferring context: 9.02MB 0.2s done
#12 DONE 0.2s

#10 [builder 1/1] FROM gcr.io/fuzzbench/builders/afl/sentencepiece_sample_encode_fuzzer
#10 sha256:d784c04b6c0c51b50968beb3a1e1267954a89afd30ed2ca002babeb04a7a097d
#10 DONE 0.5s

#7 [stage-1  2/13] RUN apt-get update -y && apt-get install -y     libglib2.0-0     libxml2     libarchive13     libgss3
#7 sha256:2b5e637f6cef5fa05f237545c4cab42b27f13ddb386177c3a326f7ca2fa13c69
#7 CACHED

#8 [stage-1  3/13] RUN mkdir -p /out
#8 sha256:5852fd8c84c5195ef34a5b557171e654dca15d3a437fb45216800db458bdb600
#8 CACHED

#9 [stage-1  4/13] WORKDIR /out
#9 sha256:0f6ff71f9334f3f603c8ffdee535328d7b776cfec6147a7a297835aa763715b8
#9 CACHED

#11 [stage-1  5/13] COPY --from=builder /out/ ./
#11 sha256:e9444549d5851b356c91598725ae82fc39f38f436f0212c0683df7ae4cd9825e
#11 DONE 0.1s

#13 [stage-1  6/13] COPY benchmarks /src/benchmarks
#13 sha256:c7d0198ee9735e9753ad88cae1623137b29a85acccc36bb6418381bbafb22ac2
#13 DONE 0.4s

#14 [stage-1  7/13] COPY fuzzers /src/fuzzers
#14 sha256:8d7e9b2eb58777fa2ee6925bde65086fdf7fd60ef028d52c279605fb62eb4f76
#14 DONE 0.3s

#15 [stage-1  8/13] RUN touch __init__.py
#15 sha256:20c7fd0c3bf003583bd58a2a7ef7a031abf24b6187f25503916b0490b8a7ff9b
#15 DONE 0.6s

#16 [stage-1  9/13] RUN mkdir -p /out/seeds /out/corpus
#16 sha256:18e15f327702dc7c6d965e7105a65995bd40ad69fa461b779674e6c75ebffc55
#16 DONE 0.7s

#17 [stage-1 10/13] COPY common /src/common
#17 sha256:4640ed3fe1c0119284c0914c603d68c150f7aa779fb3e708def97e2e9c8f636e
#17 DONE 0.1s

#18 [stage-1 11/13] COPY experiment/runner.py /src/experiment/runner.py
#18 sha256:fc9ee98a2d9753b97c4b791ad4f05a26a1b984e495e8076dfb1578d5957ececa
#18 DONE 0.1s

#19 [stage-1 12/13] COPY docker/benchmark-runner /src/docker/benchmark-runner
#19 sha256:f2d27a3a9f099ccd8817b733654be6478f1d76b0182f4960229ed4c5757a01f0
#19 DONE 0.1s

#20 [stage-1 13/13] RUN chmod +x /src/docker/benchmark-runner/startup-runner.sh
#20 sha256:a7c4ab3a651b21771691385f35e03afe73cbf439eea9fc954c2d0c12ce6a275a
#20 DONE 0.4s

#21 exporting to image
#21 sha256:e8c613e07b0b7ff33893b694f7759a10d42e180f2b4dc349fb57dc6b71dcab00
#21 exporting layers done
#21 writing image sha256:0c14d1afc3d65b57a9d0eb2c46c0687a468491254c5d31b24c4378518f5d9e62 done
#21 naming to gcr.io/fuzzbench/runners/afl/sentencepiece_sample_encode_fuzzer done
#21 DONE 0.0s

#22 exporting cache
#22 sha256:2700d4ef94dee473593c5c614b55b2dedcca7893909811a8f2b48291a1f581e4
#22 preparing build cache for export done
#22 DONE 0.0s
------
 > importing cache manifest from gcr.io/fuzzbench/runners/afl/sentencepiece_sample_encode_fuzzer:
------
INFO:root:Doing trial as part of experiment.
INFO:root:Starting trial.
ERROR:root:Executed command: "nice -n 5 python3 -u -c from fuzzers.afl import fuzzer; fuzzer.fuzz('/out/seeds', '/out/corpus', '/out/sample_encode_fuzzer')" returned: 1.
ERROR:root:Fuzz process returned nonzero. Extras: {'traceback': 'Traceback (most recent call last):\n  File "/src/experiment/runner.py", line 209, in run_fuzzer\n    new_process.execute(command,\n  File "/src/common/new_process.py", line 124, in execute\n    raise subprocess.CalledProcessError(retcode, command)\nsubprocess.CalledProcessError: Command \'[\'nice\', \'-n\', \'5\', \'python3\', \'-u\', \'-c\', "from fuzzers.afl import fuzzer; fuzzer.fuzz(\'/out/seeds\', \'/out/corpus\', \'/out/sample_encode_fuzzer\')"]\' returned non-zero exit status 1.\n'}
INFO:root:Doing final sync.
ERROR:root:Call to <function get_stats at 0x7fb2fcd22ee0> failed. Extras: {'traceback': 'Traceback (most recent call last):\n  File "/src/experiment/runner.py", line 374, in record_stats\n    stats_json_str = fuzzer_module_get_stats(output_corpus,\n  File "/src/fuzzers/afl/fuzzer.py", line 51, in get_stats\n    with open(stats_file) as file_handle:\nFileNotFoundError: [Errno 2] No such file or directory: \'/out/corpus/fuzzer_stats\'\n'}
make: *** [docker/generated.mk:282471: test-run-afl-sentencepiece_sample_encode_fuzzer] Error 1
