WARNING:root:gcloud not found in PATH.
INFO:root:Successfully integrated benchmark: cppcheck_cppcheck.
INFO:root:Please run "make test-run-afl-cppcheck_cppcheck" to test integration.
#2 [internal] load .dockerignore
#2 sha256:5b0c647c00023b70b00734535acf7f62f1f1078d98056f1fb6e9cd4ab02bbca2
#2 transferring context:
#2 transferring context: 2B done
#2 DONE 0.7s

#1 [internal] load build definition from Dockerfile
#1 sha256:ace5e89176cc66e4110939c2ef0481eafb09c8f35aa89125f654e2ce569db0d7
#1 transferring dockerfile: 869B done
#1 DONE 0.6s

#3 [internal] load metadata for gcr.io/oss-fuzz-base/base-builder:latest
#3 sha256:f10dc39cc9d418a5bc416dead31a1902b6821fdae909cd3b08f7a3fd1faba7b5
#3 DONE 0.4s

#8 [internal] load build context
#8 sha256:5eafa463697516a37e054cb3bc20c41b8ef28d9ef21bd4cf09bf5532ff0414c7
#8 DONE 0.0s

#5 [1/4] FROM gcr.io/oss-fuzz-base/base-builder@sha256:112044a9815d235113677d459cf2ece740a51f2b85081c8f66943dcdc72ddf7f
#5 sha256:4aee4bf9f7280ac8b7f02b8d29e6e084dd034d2c294b4e3e05d8ce7048a1450f
#5 DONE 0.0s

#4 importing cache manifest from gcr.io/fuzzbench/builders/benchmark/cppcheck_cppcheck
#4 sha256:196b5554b363b93a0ac4611df53c98f572462aec1516505cb0319658192eaf61
#4 ERROR: gcr.io/fuzzbench/builders/benchmark/cppcheck_cppcheck:latest: not found

#5 [1/4] FROM gcr.io/oss-fuzz-base/base-builder@sha256:112044a9815d235113677d459cf2ece740a51f2b85081c8f66943dcdc72ddf7f
#5 sha256:4aee4bf9f7280ac8b7f02b8d29e6e084dd034d2c294b4e3e05d8ce7048a1450f
#5 CACHED

#8 [internal] load build context
#8 sha256:5eafa463697516a37e054cb3bc20c41b8ef28d9ef21bd4cf09bf5532ff0414c7
#8 transferring context: 803B done
#8 DONE 0.8s

#6 [2/4] RUN git clone https://github.com/danmar/cppcheck.git
#6 sha256:965713e5815d6fbef7baea3d1a0d5c982a79010a49a33e9daa4a5a52447b52d0
#6 0.603 Cloning into 'cppcheck'...
#6 DONE 20.1s

#7 [3/4] WORKDIR cppcheck
#7 sha256:69bcf67032b0a13cf8faec484116491cc733a6d50561a1d554df482c9088c904
#7 DONE 0.4s

#9 [4/4] COPY build.sh /src/
#9 sha256:4f245316f9baa0feff69d0307ba593f5aa5abe75cb0b636143441e11be7a64fc
#9 DONE 0.2s

#10 exporting to image
#10 sha256:e8c613e07b0b7ff33893b694f7759a10d42e180f2b4dc349fb57dc6b71dcab00
#10 exporting layers done
#10 writing image sha256:1e2d1b3cbbc9e97e678d0c8440be7e0c68fb3afce7accc7011d00313d2b3db26 0.0s done
#10 naming to gcr.io/fuzzbench/builders/benchmark/cppcheck_cppcheck 0.0s done
#10 DONE 0.4s

#11 exporting cache
#11 sha256:2700d4ef94dee473593c5c614b55b2dedcca7893909811a8f2b48291a1f581e4
#11 preparing build cache for export done
#11 DONE 0.0s
------
 > importing cache manifest from gcr.io/fuzzbench/builders/benchmark/cppcheck_cppcheck:
------
#1 [internal] load build definition from builder.Dockerfile
#1 sha256:db87ce023ef4a88ab09ce29d49101d3d2772a84a01baf0be7d9e23066470c798
#1 transferring dockerfile: 1.35kB done
#1 DONE 0.1s

#2 [internal] load .dockerignore
#2 sha256:0d7001aa723f5cdd4e6016860a68f71e7d819b501ad70b963260d0bbcbbc5d22
#2 transferring context: 2B done
#2 DONE 0.1s

#3 [internal] load metadata for gcr.io/fuzzbench/builders/benchmark/cppcheck_cppcheck:latest
#3 sha256:12a20a27cd95d9adcbb204f688e14d13cae1735c575b442fd2265977dba8221d
#3 DONE 0.0s

#5 [1/3] FROM gcr.io/fuzzbench/builders/benchmark/cppcheck_cppcheck
#5 sha256:0a268b64686837cbab6df0aca2f84dd9c5d300c917b06dfed7bf6e07d20ab39d
#5 DONE 0.0s

#4 importing cache manifest from gcr.io/fuzzbench/builders/afl/cppcheck_cppcheck-intermediate
#4 sha256:49fbc53c68d0e1acfd8bad7654500f956aa13f0475f58d0df25931dea86ed47b
#4 ERROR: gcr.io/fuzzbench/builders/afl/cppcheck_cppcheck-intermediate:latest: not found

#5 [1/3] FROM gcr.io/fuzzbench/builders/benchmark/cppcheck_cppcheck
#5 sha256:0a268b64686837cbab6df0aca2f84dd9c5d300c917b06dfed7bf6e07d20ab39d
#5 DONE 0.9s

#6 [2/3] RUN git clone https://github.com/google/AFL.git /afl &&     cd /afl &&     git checkout 61037103ae3722c8060ff7082994836a794f978e &&     AFL_NO_X86=1 make
#6 sha256:e92f78f13c633eeefc1072c7a923a1da859d28747758ea950fbecaa7d0a74675
#6 0.461 Cloning into '/afl'...
#6 1.281 Note: switching to '61037103ae3722c8060ff7082994836a794f978e'.
#6 1.281 
#6 1.281 You are in 'detached HEAD' state. You can look around, make experimental
#6 1.281 changes and commit them, and you can discard any commits you make in this
#6 1.281 state without impacting any branches by switching back to a branch.
#6 1.281 
#6 1.281 If you want to create a new branch to retain commits you create, you may
#6 1.281 do so (now or later) by using -c with the switch command. Example:
#6 1.281 
#6 1.281   git switch -c <new-branch-name>
#6 1.281 
#6 1.281 Or undo this operation with:
#6 1.281 
#6 1.281   git switch -
#6 1.281 
#6 1.281 Turn off this advice by setting config variable advice.detachedHead to false
#6 1.281 
#6 1.281 HEAD is now at 6103710 Fix a typo filename comparison in the fuzzer (#139)
#6 1.328 [!] Note: skipping x86 compilation checks (AFL_NO_X86 set).
#6 1.329 clang -O1 -fno-omit-frame-pointer -gline-tables-only -DFUZZING_BUILD_MODE_UNSAFE_FOR_PRODUCTION -Wall -D_FORTIFY_SOURCE=2 -g -Wno-pointer-sign -DAFL_PATH=\"/usr/local/lib/afl\" -DDOC_PATH=\"/usr/local/share/doc/afl\" -DBIN_PATH=\"/usr/local/bin\" afl-gcc.c -o afl-gcc -ldl
#6 1.557 set -e; for i in afl-g++ afl-clang afl-clang++; do ln -sf afl-gcc $i; done
#6 1.562 clang -O1 -fno-omit-frame-pointer -gline-tables-only -DFUZZING_BUILD_MODE_UNSAFE_FOR_PRODUCTION -Wall -D_FORTIFY_SOURCE=2 -g -Wno-pointer-sign -DAFL_PATH=\"/usr/local/lib/afl\" -DDOC_PATH=\"/usr/local/share/doc/afl\" -DBIN_PATH=\"/usr/local/bin\" afl-fuzz.c -o afl-fuzz -ldl
#6 4.059 clang -O1 -fno-omit-frame-pointer -gline-tables-only -DFUZZING_BUILD_MODE_UNSAFE_FOR_PRODUCTION -Wall -D_FORTIFY_SOURCE=2 -g -Wno-pointer-sign -DAFL_PATH=\"/usr/local/lib/afl\" -DDOC_PATH=\"/usr/local/share/doc/afl\" -DBIN_PATH=\"/usr/local/bin\" afl-showmap.c -o afl-showmap -ldl
#6 4.372 clang -O1 -fno-omit-frame-pointer -gline-tables-only -DFUZZING_BUILD_MODE_UNSAFE_FOR_PRODUCTION -Wall -D_FORTIFY_SOURCE=2 -g -Wno-pointer-sign -DAFL_PATH=\"/usr/local/lib/afl\" -DDOC_PATH=\"/usr/local/share/doc/afl\" -DBIN_PATH=\"/usr/local/bin\" afl-tmin.c -o afl-tmin -ldl
#6 4.806 clang -O1 -fno-omit-frame-pointer -gline-tables-only -DFUZZING_BUILD_MODE_UNSAFE_FOR_PRODUCTION -Wall -D_FORTIFY_SOURCE=2 -g -Wno-pointer-sign -DAFL_PATH=\"/usr/local/lib/afl\" -DDOC_PATH=\"/usr/local/share/doc/afl\" -DBIN_PATH=\"/usr/local/bin\" afl-gotcpu.c -o afl-gotcpu -ldl
#6 4.952 clang -O1 -fno-omit-frame-pointer -gline-tables-only -DFUZZING_BUILD_MODE_UNSAFE_FOR_PRODUCTION -Wall -D_FORTIFY_SOURCE=2 -g -Wno-pointer-sign -DAFL_PATH=\"/usr/local/lib/afl\" -DDOC_PATH=\"/usr/local/share/doc/afl\" -DBIN_PATH=\"/usr/local/bin\" afl-analyze.c -o afl-analyze -ldl
#6 5.356 clang -O1 -fno-omit-frame-pointer -gline-tables-only -DFUZZING_BUILD_MODE_UNSAFE_FOR_PRODUCTION -Wall -D_FORTIFY_SOURCE=2 -g -Wno-pointer-sign -DAFL_PATH=\"/usr/local/lib/afl\" -DDOC_PATH=\"/usr/local/share/doc/afl\" -DBIN_PATH=\"/usr/local/bin\" afl-as.c -o afl-as -ldl
#6 5.598 ln -sf afl-as as
#6 5.600 [!] Note: skipping build tests (you may need to use LLVM or QEMU mode).
#6 5.603 [+] LLVM users: see llvm_mode/README.llvm for a faster alternative to afl-gcc.
#6 5.604 [+] All done! Be sure to review README - it's pretty short and useful.
#6 DONE 6.8s

#7 [3/3] RUN apt-get update &&     apt-get install wget -y &&     wget https://raw.githubusercontent.com/llvm/llvm-project/5feb80e748924606531ba28c97fe65145c65372e/compiler-rt/lib/fuzzer/afl/afl_driver.cpp -O /afl/afl_driver.cpp &&     clang -Wno-pointer-sign -c /afl/llvm_mode/afl-llvm-rt.o.c -I/afl &&     clang++ -stdlib=libc++ -std=c++11 -O2 -c /afl/afl_driver.cpp &&     ar r /libAFL.a *.o
#7 sha256:bd923e98fd98c67d2eb6ce3013457b34bb3a5073d09ffa5e2d9d3e082809d109
#7 0.812 Hit:1 http://ppa.launchpad.net/git-core/ppa/ubuntu focal InRelease
#7 0.813 Hit:2 http://archive.ubuntu.com/ubuntu focal InRelease
#7 0.838 Get:3 http://archive.ubuntu.com/ubuntu focal-updates InRelease [114 kB]
#7 0.937 Get:4 http://archive.ubuntu.com/ubuntu focal-backports InRelease [108 kB]
#7 0.944 Get:5 http://security.ubuntu.com/ubuntu focal-security InRelease [114 kB]
#7 1.463 Get:6 http://archive.ubuntu.com/ubuntu focal-updates/universe amd64 Packages [1134 kB]
#7 2.866 Get:7 http://archive.ubuntu.com/ubuntu focal-updates/main amd64 Packages [1984 kB]
#7 3.399 Get:8 http://archive.ubuntu.com/ubuntu focal-updates/universe i386 Packages [827 kB]
#7 3.544 Get:9 http://archive.ubuntu.com/ubuntu focal-updates/main i386 Packages [755 kB]
#7 4.121 Fetched 5036 kB in 3s (1674 kB/s)
#7 4.121 Reading package lists...
#7 5.766 Reading package lists...
#7 7.181 Building dependency tree...
#7 7.398 Reading state information...
#7 7.644 wget is already the newest version (1.20.3-1ubuntu2).
#7 7.644 0 upgraded, 0 newly installed, 0 to remove and 1 not upgraded.
#7 7.671 --2022-02-19 01:06:09--  https://raw.githubusercontent.com/llvm/llvm-project/5feb80e748924606531ba28c97fe65145c65372e/compiler-rt/lib/fuzzer/afl/afl_driver.cpp
#7 7.687 Resolving raw.githubusercontent.com (raw.githubusercontent.com)... 185.199.111.133, 185.199.108.133, 185.199.109.133, ...
#7 7.689 Connecting to raw.githubusercontent.com (raw.githubusercontent.com)|185.199.111.133|:443... connected.
#7 7.714 HTTP request sent, awaiting response... 200 OK
#7 7.887 Length: 9177 (9.0K) [text/plain]
#7 7.887 Saving to: '/afl/afl_driver.cpp'
#7 7.887 
#7 7.887      0K ........                                              100% 8.17M=0.001s
#7 7.888 
#7 7.888 2022-02-19 01:06:10 (8.17 MB/s) - '/afl/afl_driver.cpp' saved [9177/9177]
#7 7.888 
#7 9.775 ar: creating /libAFL.a
#7 DONE 10.2s

#8 exporting to image
#8 sha256:e8c613e07b0b7ff33893b694f7759a10d42e180f2b4dc349fb57dc6b71dcab00
#8 exporting layers done
#8 writing image sha256:3936026bf251d0f2af76c760a8057dde4fe1eae374741cce0c447aaadb13ffc0
#8 writing image sha256:3936026bf251d0f2af76c760a8057dde4fe1eae374741cce0c447aaadb13ffc0 0.0s done
#8 naming to gcr.io/fuzzbench/builders/afl/cppcheck_cppcheck-intermediate 0.0s done
#8 DONE 0.4s

#9 exporting cache
#9 sha256:2700d4ef94dee473593c5c614b55b2dedcca7893909811a8f2b48291a1f581e4
#9 preparing build cache for export done
#9 DONE 0.0s
------
 > importing cache manifest from gcr.io/fuzzbench/builders/afl/cppcheck_cppcheck-intermediate:
------
#2 [internal] load .dockerignore
#2 sha256:1c7f7ef5e6ccaf3ec616a1a39a0a27605ce8e61e60b504f8dd534f1d631e0d73
#2 transferring context: 34B done
#2 DONE 0.2s

#1 [internal] load build definition from Dockerfile
#1 sha256:589aee2719b905648e1de3575cc25b7dc1912ad434d2934b15821883b70a125b
#1 transferring dockerfile: 2.00kB done
#1 DONE 0.2s

#3 [internal] load metadata for docker.io/library/ubuntu:xenial
#3 sha256:f62bae18ed588840f045c881b2502661f2a89578a2f8f99b83f5200ee83dd25b
#3 DONE 0.0s

#4 importing cache manifest from gcr.io/fuzzbench/base-image
#4 sha256:9b220ebb4d4daceed1b96df9b6dca076e762f1cd612574f010b82d5b9e5ad896
#4 DONE 0.0s

#5 [1/7] FROM docker.io/library/ubuntu:xenial
#5 sha256:14dd403f25ae9e519bd44f27dc17af7ce80f5a4f9f48ca88108364e67ec5d360
#5 DONE 0.0s

#8 [internal] load build context
#8 sha256:18283946d95e4d59c9e48a975af4061ee8beae2d14cb1151001ff7650f86c34a
#8 transferring context: 559B 0.2s done
#8 DONE 0.2s

#11 [6/7] RUN apt-get update -y && apt-get install -y     apt-transport-https     lsb-release
#11 sha256:24594a8a91d949fb633ace8b257dc21b08301d50087bf8e4070f819f91a18fd8
#11 CACHED

#6 [2/7] RUN apt-get update -y && apt-get install -y     build-essential     rsync     curl     zlib1g-dev     libncurses5-dev     libgdbm-dev     libnss3-dev     libssl-dev     libreadline-dev     libffi-dev     virtualenv     libbz2-dev     liblzma-dev     libsqlite3-dev
#6 sha256:3a1b0960f17eed529eaae93dc8fd3554f2743dd584d8fa569cdbe6bc734371ac
#6 CACHED

#7 [3/7] RUN cd /tmp/ &&     curl -O https://www.python.org/ftp/python/3.8.6/Python-3.8.6.tar.xz &&     tar -xvf Python-3.8.6.tar.xz &&     cd Python-3.8.6 &&     ./configure --enable-loadable-sqlite-extensions --enable-optimizations &&     make -j install &&     rm -r /tmp/Python-3.8.6.tar.xz /tmp/Python-3.8.6
#7 sha256:c5b9d1fb3371e84dbc60b76e7b2f8d5913bc93bcd4910ab65daa03e7b2ec4bb0
#7 CACHED

#9 [4/7] COPY ./requirements.txt /
#9 sha256:279ed6da657158ed9200fc97632c7901ee94b0d7a8ead5fa19018a29dbbb566f
#9 CACHED

#10 [5/7] RUN pip3 install -r /requirements.txt
#10 sha256:ddbdbeb80236a483aaae0f7fc6f805d22667019bf2eb405f2a76b106e15570ba
#10 CACHED

#12 [7/7] RUN CLOUD_SDK_REPO="cloud-sdk-$(lsb_release -c -s)" &&     echo "deb https://packages.cloud.google.com/apt $CLOUD_SDK_REPO main"     | tee -a /etc/apt/sources.list.d/google-cloud-sdk.list &&     curl https://packages.cloud.google.com/apt/doc/apt-key.gpg     | apt-key add - &&     apt-get update -y &&     apt-get install -y google-cloud-sdk
#12 sha256:10d79ae1a7c268e276d797fb50a129cdd8d4ab6c8274994c999f02a860aa9011
#12 CACHED

#13 exporting to image
#13 sha256:e8c613e07b0b7ff33893b694f7759a10d42e180f2b4dc349fb57dc6b71dcab00
#13 exporting layers done
#13 writing image sha256:ccaab23fee99e2873558246c9af16a799fa9bb41f3c8ca1abfa401c679b4444f
#13 writing image sha256:ccaab23fee99e2873558246c9af16a799fa9bb41f3c8ca1abfa401c679b4444f 0.0s done
#13 naming to gcr.io/fuzzbench/base-image done
#13 DONE 0.2s

#14 exporting cache
#14 sha256:2700d4ef94dee473593c5c614b55b2dedcca7893909811a8f2b48291a1f581e4
#14 preparing build cache for export done
#14 DONE 0.0s
#1 [internal] load build definition from Dockerfile
#1 sha256:b547db852a6febe77ffc320e775ed77ae9d6b04738743f03dd65d3ef98babf74
#1 transferring dockerfile: 2.22kB done
#1 DONE 0.1s

#2 [internal] load .dockerignore
#2 sha256:368c346c0048f4ba03f025b41dfe4f449b41d37fc58af74bfdbe89897c7d1c15
#2 transferring context: 34B done
#2 DONE 0.2s

#4 [internal] load metadata for gcr.io/fuzzbench/base-image:latest
#4 sha256:932022888f650cc455b10eb5123bb08c0cccacac29a693e69314abbfd28a72c3
#4 DONE 0.0s

#3 [internal] load metadata for gcr.io/fuzzbench/builders/afl/cppcheck_cppcheck-intermediate:latest
#3 sha256:315cf9b0b843066517549cb9c004ceca57e35aac0e5fe0313ac8b97aee781f52
#3 DONE 0.0s

#12 [internal] load build context
#12 sha256:b3a46cfc224900fef7e1805ca6b4757098164e812970bfef1a613acfa711a755
#12 DONE 0.0s

#7 [base-image 1/1] FROM gcr.io/fuzzbench/base-image
#7 sha256:4d07825694520f8b6f6a0d8592dbd345433361ae044cb7f06706c5a95e3daaad
#7 DONE 0.0s

#6 [stage-1  1/13] FROM gcr.io/fuzzbench/builders/afl/cppcheck_cppcheck-intermediate
#6 sha256:25350bf8cf8a3fad580125f14c60625b326a72e5a0455d6cceb744a36f3036f9
#6 DONE 0.0s

#5 importing cache manifest from gcr.io/fuzzbench/builders/afl/cppcheck_cppcheck
#5 sha256:61628613568250a1db9647b1187272953877da0a2650ca71e20c125dd488a39e
#5 ERROR: gcr.io/fuzzbench/builders/afl/cppcheck_cppcheck:latest: not found

#7 [base-image 1/1] FROM gcr.io/fuzzbench/base-image
#7 sha256:4d07825694520f8b6f6a0d8592dbd345433361ae044cb7f06706c5a95e3daaad
#7 CACHED

#12 [internal] load build context
#12 sha256:b3a46cfc224900fef7e1805ca6b4757098164e812970bfef1a613acfa711a755
#12 transferring context: 669.87kB 0.1s done
#12 DONE 0.2s

#6 [stage-1  1/13] FROM gcr.io/fuzzbench/builders/afl/cppcheck_cppcheck-intermediate
#6 sha256:25350bf8cf8a3fad580125f14c60625b326a72e5a0455d6cceb744a36f3036f9
#6 DONE 1.0s

#8 [stage-1  2/13] COPY --from=base-image /usr/local/bin/python3* /usr/local/bin/
#8 sha256:6d849de187ca09a04935814caed7855f8370143f8f29af4eb6088fd7bb2bd952
#8 DONE 0.8s

#9 [stage-1  3/13] COPY --from=base-image /usr/local/lib/python3.8 /usr/local/lib/python3.8
#9 sha256:f680eae051b86bb793c6bfb48cad99bad6a4a2d7d0954088063ccba8aa0f930a
#9 DONE 18.0s

#10 [stage-1  4/13] COPY --from=base-image /usr/local/include/python3.8 /usr/local/include/python3.8
#10 sha256:672b6532b887bbf149a9d5778983d120d12f006bd501ee28da942bc775e80b8b
#10 DONE 0.1s

#11 [stage-1  5/13] COPY --from=base-image /usr/local/lib/python3.8/site-packages /usr/local/lib/python3.8/site-packages
#11 sha256:891c81bfaad55f25b4708c1c37a514cfe7b0ac950eb330c85cd5328d79f2c3f9
#11 DONE 44.6s

#13 [stage-1  6/13] COPY fuzzers /src/fuzzers
#13 sha256:f89176d748fb43c731a24827f53f2888aace7dd13fe786148b5e86b07d809341
#13 DONE 0.2s

#14 [stage-1  7/13] RUN touch /src/__init__.py
#14 sha256:e18e8728f83d0c7b46dfb6e27ca9ca69af02fb454c7d395534c30efa5ef9e0b4
#14 DONE 0.8s

#15 [stage-1  8/13] COPY benchmarks/cppcheck_cppcheck/benchmark.yaml /
#15 sha256:d3a6a36f679e521b5d36c7afa287009967df05ab16bfa581cfd697657bdfb748
#15 DONE 0.4s

#16 [stage-1  9/13] RUN mkdir /opt/fuzzbench/
#16 sha256:ae38bd775b36003a5628793df630c68409ea16d648c695e4f1776ef043e2d15d
#16 DONE 0.6s

#17 [stage-1 10/13] COPY docker/benchmark-builder/checkout_commit.py /opt/fuzzbench/
#17 sha256:14b61976c5452f96fd8722bfa87cc3462f5c561aad8e79d352925b4b9a965aa2
#17 DONE 0.3s

#18 [stage-1 11/13] RUN export CHECKOUT_COMMIT=$(cat /benchmark.yaml | tr -d ' ' | grep 'commit:' | cut -d ':' -f2) &&     python3 -u /opt/fuzzbench/checkout_commit.py $CHECKOUT_COMMIT /src
#18 sha256:efb9914eb4fad724dd1a0b1f3a2ad26e4d966020ebcf392b38566880d0841aca
#18 0.618 Checking out commit 080a64ac
#18 0.636 error: pathspec '080a64ac' did not match any file(s) known to git
#18 0.641 error: pathspec '080a64ac' did not match any file(s) known to git
#18 0.649 error: pathspec '080a64ac' did not match any file(s) known to git
#18 0.712 Checkout unsuccessful.
#18 DONE 2.6s

#19 [stage-1 12/13] RUN echo "#!/bin/bash\nPYTHONPATH=/src python3 -u -c "from fuzzers import utils; utils.initialize_env(); from fuzzers.afl import fuzzer; fuzzer.build()"" > /usr/bin/fuzzer_build &&     chmod +x /usr/bin/fuzzer_build
#19 sha256:1a4a37745af3c36344cf98dbfde312d2cf9d9b6d927a73255728c7a29c06445e
#19 DONE 0.9s

#20 [stage-1 13/13] RUN echo "Run fuzzer_build to build the target" && if [ -z "$debug_builder" ] ; then fuzzer_build; fi
#20 sha256:e4f67d087019faa1130a0e0910dde63f180ca2dab827b39fa405456567bac2ad
#20 0.474 Run fuzzer_build to build the target
#20 0.615 FUZZ_TARGET = cppcheck
#20 0.615 CFLAGS = -DFUZZING_BUILD_MODE_UNSAFE_FOR_PRODUCTION -pthread -Wl,--no-as-needed -Wl,-ldl -Wl,-lm -Wno-unused-command-line-argument -O3
#20 0.615 CXXFLAGS = -DFUZZING_BUILD_MODE_UNSAFE_FOR_PRODUCTION -pthread -Wl,--no-as-needed -Wl,-ldl -Wl,-lm -Wno-unused-command-line-argument -stdlib=libc++ -O3
#20 0.620 Building benchmark cppcheck_cppcheck with fuzzer afl
#20 0.624 + cd /src/cppcheck/oss-fuzz
#20 0.624 + make oss-fuzz-client
#20 0.627 clang++ -std=c++11 -g -DFUZZING_BUILD_MODE_UNSAFE_FOR_PRODUCTION -pthread -Wl,--no-as-needed -Wl,-ldl -Wl,-lm -Wno-unused-command-line-argument -stdlib=libc++ -O3 -fsanitize-coverage=trace-pc-guard -o oss-fuzz-client -I ../lib -I ../externals/picojson -I ../externals/simplecpp -I ../externals/tinyxml2 -I ../externals main.cpp type2.cpp ../externals/simplecpp/simplecpp.cpp ../externals/tinyxml2/tinyxml2.cpp ../lib/*.cpp /libAFL.a
/bin/sh: 1: source: not found
#2 [internal] load .dockerignore
#2 sha256:66816af2e9f734a421548eab69dd2359b98a9214aa31b294311762ba1e4180ef
#2 transferring context: 2B done
#2 ...

#1 [internal] load build definition from Dockerfile
#1 sha256:45b11cc6de1ef1164830fd0f83801710afadaf22d960814143b85898e212f4b2
#1 transferring dockerfile: 32B done
#1 DONE 2.7s

#2 [internal] load .dockerignore
#2 sha256:66816af2e9f734a421548eab69dd2359b98a9214aa31b294311762ba1e4180ef
#2 DONE 3.9s

#3 [internal] load metadata for gcr.io/oss-fuzz-base/base-builder:latest
#3 sha256:f10dc39cc9d418a5bc416dead31a1902b6821fdae909cd3b08f7a3fd1faba7b5
#3 DONE 1.3s

#5 [1/4] FROM gcr.io/oss-fuzz-base/base-builder@sha256:112044a9815d235113677d459cf2ece740a51f2b85081c8f66943dcdc72ddf7f
#5 sha256:4aee4bf9f7280ac8b7f02b8d29e6e084dd034d2c294b4e3e05d8ce7048a1450f
#5 DONE 0.0s

#4 importing cache manifest from gcr.io/fuzzbench/builders/benchmark/cppcheck_cppcheck
#4 sha256:196b5554b363b93a0ac4611df53c98f572462aec1516505cb0319658192eaf61
#4 DONE 0.0s

#8 [internal] load build context
#8 sha256:12a9de800fd67ce3c19971ced73683b588b435dba8fddd784890f17debfc7750
#8 transferring context:
#8 transferring context: 30B done
#8 DONE 1.5s

#6 [2/4] RUN git clone https://github.com/danmar/cppcheck.git
#6 sha256:965713e5815d6fbef7baea3d1a0d5c982a79010a49a33e9daa4a5a52447b52d0
#6 CACHED

#7 [3/4] WORKDIR cppcheck
#7 sha256:69bcf67032b0a13cf8faec484116491cc733a6d50561a1d554df482c9088c904
#7 CACHED

#9 [4/4] COPY build.sh /src/
#9 sha256:a1b9477c328c403582e8e50516ba6289bdd7909f132180fcee3bea5ed3afe7fb
#9 CACHED

#10 exporting to image
#10 sha256:e8c613e07b0b7ff33893b694f7759a10d42e180f2b4dc349fb57dc6b71dcab00
#10 exporting layers done
#10 writing image sha256:1e2d1b3cbbc9e97e678d0c8440be7e0c68fb3afce7accc7011d00313d2b3db26 0.0s done
#10 naming to gcr.io/fuzzbench/builders/benchmark/cppcheck_cppcheck done
#10 DONE 0.9s

#11 exporting cache
#11 sha256:2700d4ef94dee473593c5c614b55b2dedcca7893909811a8f2b48291a1f581e4
#11 preparing build cache for export
#11 preparing build cache for export done
#11 DONE 0.0s
#1 [internal] load build definition from builder.Dockerfile
#1 sha256:337066dda3fb05a95837aa76c1cec016531f5de1a76465ec3d762e798922e05c
#1 transferring dockerfile: 46B done
#1 DONE 0.1s

#2 [internal] load .dockerignore
#2 sha256:06bf9ef024ae3db38c656e4e8624b19cad17b7525addb99c81dc3176f56d404b
#2 transferring context: 2B done
#2 DONE 0.1s

#3 [internal] load metadata for gcr.io/fuzzbench/builders/benchmark/cppcheck_cppcheck:latest
#3 sha256:12a20a27cd95d9adcbb204f688e14d13cae1735c575b442fd2265977dba8221d
#3 DONE 0.0s

#4 importing cache manifest from gcr.io/fuzzbench/builders/afl/cppcheck_cppcheck-intermediate
#4 sha256:49fbc53c68d0e1acfd8bad7654500f956aa13f0475f58d0df25931dea86ed47b
#4 DONE 0.0s

#5 [1/3] FROM gcr.io/fuzzbench/builders/benchmark/cppcheck_cppcheck
#5 sha256:0a268b64686837cbab6df0aca2f84dd9c5d300c917b06dfed7bf6e07d20ab39d
#5 DONE 0.0s

#6 [2/3] RUN git clone https://github.com/google/AFL.git /afl &&     cd /afl &&     git checkout 61037103ae3722c8060ff7082994836a794f978e &&     AFL_NO_X86=1 make
#6 sha256:e92f78f13c633eeefc1072c7a923a1da859d28747758ea950fbecaa7d0a74675
#6 CACHED

#7 [3/3] RUN apt-get update &&     apt-get install wget -y &&     wget https://raw.githubusercontent.com/llvm/llvm-project/5feb80e748924606531ba28c97fe65145c65372e/compiler-rt/lib/fuzzer/afl/afl_driver.cpp -O /afl/afl_driver.cpp &&     clang -Wno-pointer-sign -c /afl/llvm_mode/afl-llvm-rt.o.c -I/afl &&     clang++ -stdlib=libc++ -std=c++11 -O2 -c /afl/afl_driver.cpp &&     ar r /libAFL.a *.o
#7 sha256:bd923e98fd98c67d2eb6ce3013457b34bb3a5073d09ffa5e2d9d3e082809d109
#7 CACHED

#8 exporting to image
#8 sha256:e8c613e07b0b7ff33893b694f7759a10d42e180f2b4dc349fb57dc6b71dcab00
#8 exporting layers done
#8 writing image sha256:3936026bf251d0f2af76c760a8057dde4fe1eae374741cce0c447aaadb13ffc0 0.0s done
#8 naming to gcr.io/fuzzbench/builders/afl/cppcheck_cppcheck-intermediate done
#8 DONE 0.4s

#9 exporting cache
#9 sha256:2700d4ef94dee473593c5c614b55b2dedcca7893909811a8f2b48291a1f581e4
#9 preparing build cache for export done
#9 DONE 0.0s
#1 [internal] load build definition from Dockerfile
#1 sha256:67c9711c0fedbb2c0a218117305e5a7c952663d31388b85683a6f10a8b92bd33
#1 transferring dockerfile: 2.00kB done
#1 DONE 0.1s

#2 [internal] load .dockerignore
#2 sha256:1243ece14ffbdb6d81c464636200b8bab4f7965fd7afd4a5834daa80d4aa6ede
#2 transferring context: 34B done
#2 DONE 0.1s

#3 [internal] load metadata for docker.io/library/ubuntu:xenial
#3 sha256:f62bae18ed588840f045c881b2502661f2a89578a2f8f99b83f5200ee83dd25b
#3 DONE 0.0s

#5 [1/7] FROM docker.io/library/ubuntu:xenial
#5 sha256:14dd403f25ae9e519bd44f27dc17af7ce80f5a4f9f48ca88108364e67ec5d360
#5 DONE 0.0s

#4 importing cache manifest from gcr.io/fuzzbench/base-image
#4 sha256:9b220ebb4d4daceed1b96df9b6dca076e762f1cd612574f010b82d5b9e5ad896
#4 DONE 0.0s

#8 [internal] load build context
#8 sha256:d2df80f5d2819a9b003aa40da5c4cfc18376f8e1dc165a5847d648d64b8feade
#8 transferring context: 559B 0.2s done
#8 DONE 0.4s

#10 [5/7] RUN pip3 install -r /requirements.txt
#10 sha256:c6df84e8b2181bb3fa9a2ff0f3b4307e011583b6c252ff44f4a616923bc25f88
#10 CACHED

#11 [6/7] RUN apt-get update -y && apt-get install -y     apt-transport-https     lsb-release
#11 sha256:6c9088507618e7758e7cc07eff6f22e790976a43ca1369ccfdacc2a2787f4b85
#11 CACHED

#6 [2/7] RUN apt-get update -y && apt-get install -y     build-essential     rsync     curl     zlib1g-dev     libncurses5-dev     libgdbm-dev     libnss3-dev     libssl-dev     libreadline-dev     libffi-dev     virtualenv     libbz2-dev     liblzma-dev     libsqlite3-dev
#6 sha256:3a1b0960f17eed529eaae93dc8fd3554f2743dd584d8fa569cdbe6bc734371ac
#6 CACHED

#7 [3/7] RUN cd /tmp/ &&     curl -O https://www.python.org/ftp/python/3.8.6/Python-3.8.6.tar.xz &&     tar -xvf Python-3.8.6.tar.xz &&     cd Python-3.8.6 &&     ./configure --enable-loadable-sqlite-extensions --enable-optimizations &&     make -j install &&     rm -r /tmp/Python-3.8.6.tar.xz /tmp/Python-3.8.6
#7 sha256:c5b9d1fb3371e84dbc60b76e7b2f8d5913bc93bcd4910ab65daa03e7b2ec4bb0
#7 CACHED

#9 [4/7] COPY ./requirements.txt /
#9 sha256:ff5b3403352f60480705f310652b47c393f2888e413c0cce4f9521d6690f8a00
#9 CACHED

#12 [7/7] RUN CLOUD_SDK_REPO="cloud-sdk-$(lsb_release -c -s)" &&     echo "deb https://packages.cloud.google.com/apt $CLOUD_SDK_REPO main"     | tee -a /etc/apt/sources.list.d/google-cloud-sdk.list &&     curl https://packages.cloud.google.com/apt/doc/apt-key.gpg     | apt-key add - &&     apt-get update -y &&     apt-get install -y google-cloud-sdk
#12 sha256:dd028546d834fddd5aab238c762598a9772482c5ab00aff1e586f62dfac7c6a5
#12 CACHED

#13 exporting to image
#13 sha256:e8c613e07b0b7ff33893b694f7759a10d42e180f2b4dc349fb57dc6b71dcab00
#13 exporting layers done
#13 writing image sha256:ccaab23fee99e2873558246c9af16a799fa9bb41f3c8ca1abfa401c679b4444f
#13 writing image sha256:ccaab23fee99e2873558246c9af16a799fa9bb41f3c8ca1abfa401c679b4444f 0.0s done
#13 naming to gcr.io/fuzzbench/base-image done
#13 DONE 0.5s

#14 exporting cache
#14 sha256:2700d4ef94dee473593c5c614b55b2dedcca7893909811a8f2b48291a1f581e4
#14 preparing build cache for export done
#14 DONE 0.0s
#1 [internal] load build definition from Dockerfile
#1 sha256:16dc3eedb25e4e3e61e4e96878bc656098867a839df07f4a65d8ef9b242c33b2
#1 transferring dockerfile: 2.22kB done
#1 DONE 0.1s

#2 [internal] load .dockerignore
#2 sha256:88fefcf652ec62c2588dba967a1c18c5a7b8af696a940aaff8c61795ddb5848f
#2 transferring context: 34B done
#2 DONE 0.1s

#7 [base-image 1/1] FROM gcr.io/fuzzbench/base-image
#7 sha256:4d07825694520f8b6f6a0d8592dbd345433361ae044cb7f06706c5a95e3daaad
#7 CACHED

#6 [stage-1  1/13] FROM gcr.io/fuzzbench/builders/afl/cppcheck_cppcheck-intermediate
#6 sha256:25350bf8cf8a3fad580125f14c60625b326a72e5a0455d6cceb744a36f3036f9
#6 DONE 1.0s

#8 [stage-1  2/13] COPY --from=base-image /usr/local/bin/python3* /usr/local/bin/
#8 sha256:6d849de187ca09a04935814caed7855f8370143f8f29af4eb6088fd7bb2bd952
#8 DONE 0.8s

#9 [stage-1  3/13] COPY --from=base-image /usr/local/lib/python3.8 /usr/local/lib/python3.8
#9 sha256:f680eae051b86bb793c6bfb48cad99bad6a4a2d7d0954088063ccba8aa0f930a
#9 DONE 18.0s

#10 [stage-1  4/13] COPY --from=base-image /usr/local/include/python3.8 /usr/local/include/python3.8
#10 sha256:672b6532b887bbf149a9d5778983d120d12f006bd501ee28da942bc775e80b8b
#10 DONE 0.1s

#11 [stage-1  5/13] COPY --from=base-image /usr/local/lib/python3.8/site-packages /usr/local/lib/python3.8/site-packages
#11 sha256:891c81bfaad55f25b4708c1c37a514cfe7b0ac950eb330c85cd5328d79f2c3f9
#11 DONE 44.6s

#3 [internal] load metadata for gcr.io/fuzzbench/base-image:latest
#3 sha256:932022888f650cc455b10eb5123bb08c0cccacac29a693e69314abbfd28a72c3
#3 DONE 0.0s

#4 [internal] load metadata for gcr.io/fuzzbench/builders/afl/cppcheck_cppcheck-intermediate:latest
#4 sha256:315cf9b0b843066517549cb9c004ceca57e35aac0e5fe0313ac8b97aee781f52
#4 DONE 0.0s

#12 [internal] load build context
#12 sha256:d881f7126e3c6d0ed3aa05aacf75454684f3d56c668464da1ef20e94e8779c31
#12 DONE 0.0s

#5 importing cache manifest from gcr.io/fuzzbench/builders/afl/cppcheck_cppcheck
#5 sha256:61628613568250a1db9647b1187272953877da0a2650ca71e20c125dd488a39e
#5 ERROR: gcr.io/fuzzbench/builders/afl/cppcheck_cppcheck:latest: not found

#12 [internal] load build context
#12 sha256:d881f7126e3c6d0ed3aa05aacf75454684f3d56c668464da1ef20e94e8779c31
#12 transferring context: 669.87kB 0.1s done
#12 DONE 0.1s
#20 258.6 In file included from ../lib/infer.cpp:21:
#20 258.6 ../lib/calculate.h:88:10: warning: multi-character character constant [-Wmultichar]
#20 258.6     case '<<':
#20 258.6          ^
#20 258.6 ../lib/calculate.h:95:10: warning: multi-character character constant [-Wmultichar]
#20 258.6     case '>>':
#20 258.6          ^
#20 258.6 ../lib/calculate.h:102:10: warning: multi-character character constant [-Wmultichar]
#20 258.6     case '&&':
#20 258.6          ^
#20 258.6 ../lib/calculate.h:104:10: warning: multi-character character constant [-Wmultichar]
#20 258.6     case '||':
#20 258.6          ^
#20 258.6 ../lib/calculate.h:106:10: warning: multi-character character constant [-Wmultichar]
#20 258.6     case '==':
#20 258.6          ^
#20 258.6 ../lib/calculate.h:108:10: warning: multi-character character constant [-Wmultichar]
#20 258.6     case '!=':
#20 258.6          ^
#20 258.6 ../lib/calculate.h:110:10: warning: multi-character character constant [-Wmultichar]
#20 258.6     case '>=':
#20 258.6          ^
#20 258.6 ../lib/calculate.h:112:10: warning: multi-character character constant [-Wmultichar]
#20 258.6     case '<=':
#20 258.6          ^
#20 261.1 8 warnings generated.
#20 299.4 In file included from ../lib/programmemory.cpp:22:
#20 299.4 ../lib/calculate.h:88:10: warning: multi-character character constant [-Wmultichar]
#20 299.4     case '<<':
#20 299.4          ^
#20 299.4 ../lib/calculate.h:95:10: warning: multi-character character constant [-Wmultichar]
#20 299.4     case '>>':
#20 299.4          ^
#20 299.4 ../lib/calculate.h:102:10: warning: multi-character character constant [-Wmultichar]
#20 299.4     case '&&':
#20 299.4          ^
#20 299.4 ../lib/calculate.h:104:10: warning: multi-character character constant [-Wmultichar]
#20 299.4     case '||':
#20 299.4          ^
#20 299.4 ../lib/calculate.h:106:10: warning: multi-character character constant [-Wmultichar]
#20 299.4     case '==':
#20 299.4          ^
#20 299.4 ../lib/calculate.h:108:10: warning: multi-character character constant [-Wmultichar]
#20 299.4     case '!=':
#20 299.4          ^
#20 299.4 ../lib/calculate.h:110:10: warning: multi-character character constant [-Wmultichar]
#20 299.4     case '>=':
#20 299.4          ^
#20 299.4 ../lib/calculate.h:112:10: warning: multi-character character constant [-Wmultichar]
#20 299.4     case '<=':
#20 299.4          ^
#20 305.1 8 warnings generated.
#20 409.5 In file included from ../lib/valueflow.cpp:82:
#20 409.5 ../lib/calculate.h:88:10: warning: multi-character character constant [-Wmultichar]
#20 409.5     case '<<':
#20 409.5          ^
#20 409.5 ../lib/calculate.h:95:10: warning: multi-character character constant [-Wmultichar]
#20 409.5     case '>>':
#20 409.5          ^
#20 409.5 ../lib/calculate.h:102:10: warning: multi-character character constant [-Wmultichar]
#20 409.5     case '&&':
#20 409.5          ^
#20 409.5 ../lib/calculate.h:104:10: warning: multi-character character constant [-Wmultichar]
#20 409.5     case '||':
#20 409.5          ^
#20 409.5 ../lib/calculate.h:106:10: warning: multi-character character constant [-Wmultichar]
#20 409.5     case '==':
#20 409.5          ^
#20 409.5 ../lib/calculate.h:108:10: warning: multi-character character constant [-Wmultichar]
#20 409.5     case '!=':
#20 409.5          ^
#20 409.5 ../lib/calculate.h:110:10: warning: multi-character character constant [-Wmultichar]
#20 409.5     case '>=':
#20 409.5          ^
#20 409.5 ../lib/calculate.h:112:10: warning: multi-character character constant [-Wmultichar]
#20 409.5     case '<=':
#20 409.5          ^
#20 412.0 ../lib/valueflow.cpp:7997:13: warning: enumeration values 'ThisPointer' and 'ThisValue' not handled in switch [-Wswitch]
#20 412.0     switch (lifetimeScope) {
#20 412.0             ^~~~~~~~~~~~~
#20 462.1 9 warnings generated.
#20 463.5 + cp oss-fuzz-client /out/
#20 463.6 [post_build] Copying afl-fuzz to $OUT directory
#20 DONE 465.3s

#21 exporting to image
#21 sha256:e8c613e07b0b7ff33893b694f7759a10d42e180f2b4dc349fb57dc6b71dcab00
#21 exporting layers done
#21 writing image sha256:d1568dde06eaf3cc5bf9ad21c44b00cf56a4fa5dc9524749d3fa6ee32c3fc021 0.0s done
#21 naming to gcr.io/fuzzbench/builders/afl/cppcheck_cppcheck

#21 exporting to image
#21 sha256:e8c613e07b0b7ff33893b694f7759a10d42e180f2b4dc349fb57dc6b71dcab00
#21 exporting layers done
#21 naming to gcr.io/fuzzbench/builders/afl/cppcheck_cppcheck 0.0s done
#21 DONE 0.4s

#22 exporting cache
#22 sha256:2700d4ef94dee473593c5c614b55b2dedcca7893909811a8f2b48291a1f581e4
#22 preparing build cache for export
#22 preparing build cache for export 0.2s done
#22 DONE 0.2s
------
 > importing cache manifest from gcr.io/fuzzbench/builders/afl/cppcheck_cppcheck:
------
#21 writing image sha256:d1568dde06eaf3cc5bf9ad21c44b00cf56a4fa5dc9524749d3fa6ee32c3fc021 0.1s done
#21 naming to gcr.io/fuzzbench/builders/afl/cppcheck_cppcheck done
#21 DONE 0.5s

#22 exporting cache
#22 sha256:2700d4ef94dee473593c5c614b55b2dedcca7893909811a8f2b48291a1f581e4
#22 preparing build cache for export
#1 [internal] load build definition from runner.Dockerfile
#1 sha256:3e1533bdf2e1972868467706731118efa060fe71fb3a32dae41e4460667d5b89
#1 transferring dockerfile: 656B done
#22 preparing build cache for export 0.1s done
#22 DONE 0.1s
------
 > importing cache manifest from gcr.io/fuzzbench/builders/afl/cppcheck_cppcheck:
------
#1 DONE 0.4s

#2 [internal] load .dockerignore
#2 sha256:a69f662d2b920a76ae74fc93ed7c1a9b3fcbc95da9642db32259df94180dfdb7
#2 transferring context: 2B done
#1 [internal] load build definition from runner.Dockerfile
#1 sha256:dde37668ea37e986da9ae8267ff8c779145d68f3579ae75a61aac12a3534f3a9
#1 transferring dockerfile: 45B done
#1 DONE 0.1s

#2 [internal] load .dockerignore
#2 sha256:077e1f24a64130c36c8580ea21c6f819df1fba6f1947a95cca2a99c5be68857c
#2 transferring context: 2B done
#2 DONE 0.1s
#2 DONE 0.4s

#5 [base-image 1/1] FROM gcr.io/fuzzbench/base-image
#5 sha256:4d07825694520f8b6f6a0d8592dbd345433361ae044cb7f06706c5a95e3daaad
#5 CACHED

#3 [internal] load metadata for gcr.io/fuzzbench/base-image:latest
#3 sha256:932022888f650cc455b10eb5123bb08c0cccacac29a693e69314abbfd28a72c3
#3 DONE 0.0s

#6 exporting to image
#6 sha256:e8c613e07b0b7ff33893b694f7759a10d42e180f2b4dc349fb57dc6b71dcab00
#6 exporting layers done
#6 writing image sha256:354ec1284685526afe7190126886e93201d09201cb04e2ffb82522a728afd9b6

#4 [base-image 1/1] FROM gcr.io/fuzzbench/base-image
#4 sha256:4d07825694520f8b6f6a0d8592dbd345433361ae044cb7f06706c5a95e3daaad
#4 CACHED

#3 [internal] load metadata for gcr.io/fuzzbench/base-image:latest
#3 sha256:932022888f650cc455b10eb5123bb08c0cccacac29a693e69314abbfd28a72c3
#3 DONE 0.0s

#5 importing cache manifest from gcr.io/fuzzbench/runners/afl/cppcheck_cppcheck-intermediate
#5 sha256:7fb0aba51f9466fd5bf5d01fb47eae1ddc3b58cf95680be713041d50da3eaa96
#5 DONE 0.0s

#6 exporting to image
#6 sha256:e8c613e07b0b7ff33893b694f7759a10d42e180f2b4dc349fb57dc6b71dcab00
#6 exporting layers done
#6 writing image sha256:354ec1284685526afe7190126886e93201d09201cb04e2ffb82522a728afd9b6 done
#6 naming to gcr.io/fuzzbench/runners/afl/cppcheck_cppcheck-intermediate done
#6 DONE 0.0s

#7 exporting cache
#7 sha256:2700d4ef94dee473593c5c614b55b2dedcca7893909811a8f2b48291a1f581e4
#7 preparing build cache for export done
#7 DONE 0.0s
#6 writing image sha256:354ec1284685526afe7190126886e93201d09201cb04e2ffb82522a728afd9b6 done
#6 naming to gcr.io/fuzzbench/runners/afl/cppcheck_cppcheck-intermediate done
#6 DONE 0.1s

#7 exporting cache
#7 sha256:2700d4ef94dee473593c5c614b55b2dedcca7893909811a8f2b48291a1f581e4
#7 preparing build cache for export done
#7 DONE 0.0s

#4 importing cache manifest from gcr.io/fuzzbench/runners/afl/cppcheck_cppcheck-intermediate
#4 sha256:7fb0aba51f9466fd5bf5d01fb47eae1ddc3b58cf95680be713041d50da3eaa96
#4 ERROR: gcr.io/fuzzbench/runners/afl/cppcheck_cppcheck-intermediate:latest: not found
------
 > importing cache manifest from gcr.io/fuzzbench/runners/afl/cppcheck_cppcheck-intermediate:
------
#1 [internal] load build definition from Dockerfile
#1 sha256:7b177955fceb6b06625e65693ef7fbf3abd829526b51c7b9a765141d5d20ef6c
#1 transferring dockerfile: 3.17kB done
#1 DONE 0.0s

#2 [internal] load .dockerignore
#2 sha256:204b2e0ff0fe6b6e4b5b050e0ab9dbfb9a071cae74a535e78484f334a0e6af2a
#2 transferring context: 34B done
#2 DONE 0.1s

#3 [internal] load metadata for gcr.io/fuzzbench/runners/afl/cppcheck_cppcheck-intermediate:latest
#3 sha256:14ac8d198682decf79e01355253473652777ecb329cb04a63cf132c0924b95b8
#3 DONE 0.0s

#4 [internal] load metadata for gcr.io/fuzzbench/builders/afl/cppcheck_cppcheck:latest
#4 sha256:0854d3f2353a77e1468037da3f6742ed1416bcf054477cb8c07220dba31702a6
#4 DONE 0.0s

#12 [internal] load build context
#12 sha256:e8663853cd749ee663940d3234e54198ceec4c4166f01368fa6e06d603877de8
#12 DONE 0.0s

#6 [stage-1  1/13] FROM gcr.io/fuzzbench/runners/afl/cppcheck_cppcheck-intermediate
#6 sha256:3c4b5b18ff55ed0d620df129b5074a43440c3f5ebe9535d3209946f864a1c538
#6 DONE 0.0s

#10 [builder 1/1] FROM gcr.io/fuzzbench/builders/afl/cppcheck_cppcheck
#10 sha256:015c6c551013607c0f191908c6c7e8f593c7d66ad1595a5a66878bd7562ad9cb
#10 DONE 0.0s

#5 importing cache manifest from gcr.io/fuzzbench/runners/afl/cppcheck_cppcheck
#5 sha256:b3688d48bdc3b19aba0b22eccc3cd9b519336bef16cd34873e50f248d3103f95
#5 ERROR: gcr.io/fuzzbench/runners/afl/cppcheck_cppcheck:latest: not found
#1 [internal] load build definition from Dockerfile
#1 sha256:3e6ea6ef0053e3987649d7915a03030ab7785a57225b215eaa93b1460f79e2c8
#1 transferring dockerfile: 3.17kB done
#1 DONE 0.1s

#2 [internal] load .dockerignore
#2 sha256:0dc2752e34a2198be7e7c5abde3e4d934c2165054bc395e2649d69505b1a095a
#2 transferring context: 34B done
#2 DONE 0.1s

#12 [internal] load build context
#12 sha256:e8663853cd749ee663940d3234e54198ceec4c4166f01368fa6e06d603877de8

#5 [stage-1  1/13] FROM gcr.io/fuzzbench/runners/afl/cppcheck_cppcheck-intermediate
#5 sha256:3c4b5b18ff55ed0d620df129b5074a43440c3f5ebe9535d3209946f864a1c538
#5 DONE 0.0s

#4 [internal] load metadata for gcr.io/fuzzbench/runners/afl/cppcheck_cppcheck-intermediate:latest
#4 sha256:14ac8d198682decf79e01355253473652777ecb329cb04a63cf132c0924b95b8
#4 DONE 0.0s

#3 [internal] load metadata for gcr.io/fuzzbench/builders/afl/cppcheck_cppcheck:latest
#3 sha256:0854d3f2353a77e1468037da3f6742ed1416bcf054477cb8c07220dba31702a6
#3 DONE 0.0s

#11 [internal] load build context
#11 sha256:d269113ef53da5a87139de24ff710c9b082cabf4afd346f36e7b9c9537866aa5
#11 DONE 0.0s

#18 importing cache manifest from gcr.io/fuzzbench/runners/afl/cppcheck_cppcheck
#18 sha256:b3688d48bdc3b19aba0b22eccc3cd9b519336bef16cd34873e50f248d3103f95
#18 ERROR: gcr.io/fuzzbench/runners/afl/cppcheck_cppcheck:latest: not found

#11 [internal] load build context
#11 sha256:d269113ef53da5a87139de24ff710c9b082cabf4afd346f36e7b9c9537866aa5
#11 ...

#9 [builder 1/1] FROM gcr.io/fuzzbench/builders/afl/cppcheck_cppcheck
#9 sha256:015c6c551013607c0f191908c6c7e8f593c7d66ad1595a5a66878bd7562ad9cb
#9 DONE 0.7s

#11 [internal] load build context
#11 sha256:d269113ef53da5a87139de24ff710c9b082cabf4afd346f36e7b9c9537866aa5
#12 transferring context: 19.01MB 0.8s done
#12 DONE 0.9s

#10 [builder 1/1] FROM gcr.io/fuzzbench/builders/afl/cppcheck_cppcheck
#10 sha256:015c6c551013607c0f191908c6c7e8f593c7d66ad1595a5a66878bd7562ad9cb
#10 DONE 0.7s
#11 transferring context: 19.01MB 0.8s done
#11 DONE 0.9s

#6 [stage-1  2/13] RUN apt-get update -y && apt-get install -y     libglib2.0-0     libxml2     libarchive13     libgss3
#6 sha256:9fd50dd824ace947c35f870fca4c3331c4d179ba4a27a72edcd8b701bab324ba
#6 CACHED

#7 [stage-1  3/13] RUN mkdir -p /out
#7 sha256:54bbdccea4574beeaae6a8a5403d1d7863d068138eba4a08f758582c7b1e7b61
#7 CACHED

#8 [stage-1  4/13] WORKDIR /out
#8 sha256:9bbc4937b8893480e6e9d4efc6e19549d674b2ad4a2da0d21f0e7ca5474db3cb
#8 CACHED

#10 [stage-1  5/13] COPY --from=builder /out/ ./
#10 sha256:bcb1f4b87a62cd07dfda7501fa84d3cd3ec1b31a2552c483030f2a5fd13d6345

#7 [stage-1  2/13] RUN apt-get update -y && apt-get install -y     libglib2.0-0     libxml2     libarchive13     libgss3
#7 sha256:9fd50dd824ace947c35f870fca4c3331c4d179ba4a27a72edcd8b701bab324ba
#7 CACHED

#8 [stage-1  3/13] RUN mkdir -p /out
#8 sha256:54bbdccea4574beeaae6a8a5403d1d7863d068138eba4a08f758582c7b1e7b61
#8 CACHED

#9 [stage-1  4/13] WORKDIR /out
#9 sha256:9bbc4937b8893480e6e9d4efc6e19549d674b2ad4a2da0d21f0e7ca5474db3cb
#9 CACHED

#11 [stage-1  5/13] COPY --from=builder /out/ ./
#11 sha256:bcb1f4b87a62cd07dfda7501fa84d3cd3ec1b31a2552c483030f2a5fd13d6345
#11 DONE 0.8s
#10 DONE 0.8s

#13 [stage-1  6/13] COPY benchmarks /src/benchmarks
#13 sha256:7b57e7eaa267066331b829373882c3e809b66001c3e548e64b1942e0b1656c41
#13 DONE 1.1s

#14 [stage-1  7/13] COPY fuzzers /src/fuzzers
#14 sha256:5eea988f71b3e112006b331459fb26d0b4746e2daa9131f3205b0013da71fa6a
#14 DONE 0.3s

#15 [stage-1  8/13] RUN touch __init__.py
#15 sha256:c85a797adf79255dfc2a8e9417cc3ee58e2b08bbda84864ea1a8c5b7eb6fab67
#15 DONE 0.7s

#16 [stage-1  9/13] RUN mkdir -p /out/seeds /out/corpus
#16 sha256:d8d4e7ee500f7c13bc9408370237940c1964d0e869dd681256d62b43f7cded4a
#16 DONE 0.7s

#17 [stage-1 10/13] COPY common /src/common
#17 sha256:306927fe9ed80a4158a028fd5e176264b04178698180873d5c0e5c997fe4b287
#17 DONE 0.2s

#18 [stage-1 11/13] COPY experiment/runner.py /src/experiment/runner.py
#18 sha256:9198a440412f11cb3eb9e41be15cba316fe9cc39708d701148e18f1e81a6559e
#18 DONE 0.2s

#19 [stage-1 12/13] COPY docker/benchmark-runner /src/docker/benchmark-runner
#19 sha256:04b5de434c412798da67d751ffe74757f6a03618bb994a9696e761ed6fe35949
#19 DONE 0.1s

#20 [stage-1 13/13] RUN chmod +x /src/docker/benchmark-runner/startup-runner.sh
#20 sha256:eeec0c40e8d78d95c97da5409d3749d46bfe86b3ce3d43a8ea25ce7bbc29dae1
#20 DONE 0.4s

#21 exporting to image
#21 sha256:e8c613e07b0b7ff33893b694f7759a10d42e180f2b4dc349fb57dc6b71dcab00
#21 exporting layers done
#21 writing image sha256:06985ab7b9ba6a78e7a9993e76bf9c43fc7d063a3e9cde9601b68f8af1bc3995 done
#21 naming to gcr.io/fuzzbench/runners/afl/cppcheck_cppcheck done
#21 DONE 0.0s

#22 exporting cache
#22 sha256:2700d4ef94dee473593c5c614b55b2dedcca7893909811a8f2b48291a1f581e4
#22 preparing build cache for export 0.0s done
#22 DONE 0.0s
------
 > importing cache manifest from gcr.io/fuzzbench/runners/afl/cppcheck_cppcheck:
------

#21 exporting to image
#21 sha256:e8c613e07b0b7ff33893b694f7759a10d42e180f2b4dc349fb57dc6b71dcab00
#21 exporting layers done
#21 writing image sha256:06985ab7b9ba6a78e7a9993e76bf9c43fc7d063a3e9cde9601b68f8af1bc3995 done
#21 naming to gcr.io/fuzzbench/runners/afl/cppcheck_cppcheck done
#21 DONE 0.0s

#22 exporting cache
#22 sha256:2700d4ef94dee473593c5c614b55b2dedcca7893909811a8f2b48291a1f581e4
#22 preparing build cache for export done
#22 DONE 0.0s
------
 > importing cache manifest from gcr.io/fuzzbench/runners/afl/cppcheck_cppcheck:
------
INFO:root:Doing trial as part of experiment.
INFO:root:Starting trial.
ERROR:root:Fuzz target binary not found.
INFO:root:Doing trial as part of experiment.
INFO:root:Starting trial.
ERROR:root:Fuzz target binary not found.
INFO:root:Doing final sync.
INFO:root:Doing final sync.
ERROR:root:Call to <function get_stats at 0x7f28a0262ee0> failed. Extras: {'traceback': 'Traceback (most recent call last):\n  File "/src/experiment/runner.py", line 374, in record_stats\n    stats_json_str = fuzzer_module_get_stats(output_corpus,\n  File "/src/fuzzers/afl/fuzzer.py", line 51, in get_stats\n    with open(stats_file) as file_handle:\nFileNotFoundError: [Errno 2] No such file or directory: \'/out/corpus/fuzzer_stats\'\n'}
ERROR:root:Call to <function get_stats at 0x7f4e0cf16ee0> failed. Extras: {'traceback': 'Traceback (most recent call last):\n  File "/src/experiment/runner.py", line 374, in record_stats\n    stats_json_str = fuzzer_module_get_stats(output_corpus,\n  File "/src/fuzzers/afl/fuzzer.py", line 51, in get_stats\n    with open(stats_file) as file_handle:\nFileNotFoundError: [Errno 2] No such file or directory: \'/out/corpus/fuzzer_stats\'\n'}
