WARNING:root:gcloud not found in PATH.
INFO:root:Successfully integrated benchmark: capstone_capstone.
INFO:root:Please run "make test-run-afl-capstone_capstone" to test integration.
#1 [internal] load build definition from Dockerfile
#1 sha256:4d04a5cc84f89ea564ff6fabc10486d7fa5b07b2fa277078bc65f8b80db0fb5f
#1 transferring dockerfile:
#1 transferring dockerfile: 979B done
#1 DONE 0.3s

#2 [internal] load .dockerignore
#2 sha256:11af4a69cccf00aece330e8f4f56e0d45ba25d584fc31d9b5e67314ec4283ddf
#2 transferring context: 2B done
#2 DONE 0.3s

#3 [internal] load metadata for gcr.io/oss-fuzz-base/base-builder:latest
#3 sha256:f10dc39cc9d418a5bc416dead31a1902b6821fdae909cd3b08f7a3fd1faba7b5
#3 DONE 0.8s

#9 [internal] load build context
#9 sha256:9310492e4616b14f7f7f23a0c3c392e953c4c71d28905c04f513dff6885f3e0d
#9 DONE 0.0s

#5 [1/5] FROM gcr.io/oss-fuzz-base/base-builder@sha256:f4e5ea12494fab091c5d830cf803b3421f2860f729b9d1b07da44924396cf8cf
#5 sha256:ef290950573a2779ee526af357b28fbddfc20d7409aa51f58f777c9e972cba29
#5 DONE 0.0s

#4 importing cache manifest from gcr.io/fuzzbench/builders/benchmark/capstone_capstone
#4 sha256:30f9b6cdf058ba32086918a88b9638952de3f91a557a981fb742fa5023ddeff4
#4 ERROR: gcr.io/fuzzbench/builders/benchmark/capstone_capstone:latest: not found

#5 [1/5] FROM gcr.io/oss-fuzz-base/base-builder@sha256:f4e5ea12494fab091c5d830cf803b3421f2860f729b9d1b07da44924396cf8cf
#5 sha256:ef290950573a2779ee526af357b28fbddfc20d7409aa51f58f777c9e972cba29
#5 CACHED

#9 [internal] load build context
#9 sha256:9310492e4616b14f7f7f23a0c3c392e953c4c71d28905c04f513dff6885f3e0d
#9 transferring context: 1.27kB done
#9 DONE 0.1s

#6 [2/5] RUN apt-get update && apt-get install -y make cmake tshark
#6 sha256:989cdf0febaaf2b8e40eb738764114d51c7d20ddc39bd195103ed99642cd179c
#6 0.633 Hit:1 http://archive.ubuntu.com/ubuntu focal InRelease
#6 0.634 Hit:2 http://ppa.launchpad.net/git-core/ppa/ubuntu focal InRelease
#6 0.635 Get:3 http://archive.ubuntu.com/ubuntu focal-updates InRelease [114 kB]
#6 0.732 Get:4 http://archive.ubuntu.com/ubuntu focal-backports InRelease [108 kB]
#6 0.766 Get:5 http://security.ubuntu.com/ubuntu focal-security InRelease [114 kB]
#6 1.168 Get:6 http://archive.ubuntu.com/ubuntu focal-updates/main i386 Packages [752 kB]
#6 1.275 Get:7 http://archive.ubuntu.com/ubuntu focal-updates/universe i386 Packages [827 kB]
#6 1.336 Get:8 http://archive.ubuntu.com/ubuntu focal-updates/main amd64 Packages [1973 kB]
#6 1.504 Get:9 http://archive.ubuntu.com/ubuntu focal-updates/universe amd64 Packages [1134 kB]
#6 1.597 Get:10 http://security.ubuntu.com/ubuntu focal-security/main amd64 Packages [1546 kB]
#6 2.407 Get:11 http://security.ubuntu.com/ubuntu focal-security/universe i386 Packages [657 kB]
#6 2.510 Get:12 http://security.ubuntu.com/ubuntu focal-security/universe amd64 Packages [840 kB]
#6 2.676 Get:13 http://security.ubuntu.com/ubuntu focal-security/main i386 Packages [464 kB]
#6 3.234 Fetched 8529 kB in 2s (3710 kB/s)
#6 3.234 Reading package lists...
#6 4.754 Reading package lists...
#6 6.200 Building dependency tree...
#6 6.411 Reading state information...
#6 6.623 make is already the newest version (4.2.1-1.2).
#6 6.623 make set to manually installed.
#6 6.623 The following additional packages will be installed:
#6 6.624   cmake-data libarchive13 libc-ares2 libjbig0 libjpeg-turbo8 libjpeg8
#6 6.624   libjsoncpp1 liblua5.2-0 libmaxminddb0 libnl-3-200 libnl-genl-3-200
#6 6.624   libpcap0.8 librhash0 libsbc1 libsmi2ldbl libsnappy1v5 libspandsp2
#6 6.624   libspeexdsp1 libssh-gcrypt-4 libtiff5 libuv1 libwebp6 libwireshark-data
#6 6.625   libwireshark13 libwiretap10 libwsutil11 wireshark-common
#6 6.627 Suggested packages:
#6 6.627   cmake-doc ninja-build lrzip mmdb-bin snmp-mibs-downloader geoipupdate
#6 6.627   geoip-database geoip-database-extra libjs-leaflet
#6 6.627   libjs-leaflet.markercluster wireshark-doc
#6 6.808 The following NEW packages will be installed:
#6 6.809   cmake cmake-data libarchive13 libc-ares2 libjbig0 libjpeg-turbo8 libjpeg8
#6 6.809   libjsoncpp1 liblua5.2-0 libmaxminddb0 libnl-3-200 libnl-genl-3-200
#6 6.809   libpcap0.8 librhash0 libsbc1 libsmi2ldbl libsnappy1v5 libspandsp2
#6 6.809   libspeexdsp1 libssh-gcrypt-4 libtiff5 libuv1 libwebp6 libwireshark-data
#6 6.810   libwireshark13 libwiretap10 libwsutil11 tshark wireshark-common
#6 7.149 0 upgraded, 29 newly installed, 0 to remove and 3 not upgraded.
#6 7.149 Need to get 24.9 MB of archives.
#6 7.149 After this operation, 139 MB of additional disk space will be used.
#6 7.149 Get:1 http://archive.ubuntu.com/ubuntu focal-updates/main amd64 libmaxminddb0 amd64 1.4.2-0ubuntu1.20.04.1 [26.2 kB]
#6 7.490 Get:2 http://archive.ubuntu.com/ubuntu focal/main amd64 libpcap0.8 amd64 1.9.1-3 [128 kB]
#6 7.889 Get:3 http://archive.ubuntu.com/ubuntu focal-updates/main amd64 libuv1 amd64 1.34.2-1ubuntu1.3 [80.8 kB]
#6 7.895 Get:4 http://archive.ubuntu.com/ubuntu focal/main amd64 cmake-data all 3.16.3-1ubuntu1 [1612 kB]
#6 8.078 Get:5 http://archive.ubuntu.com/ubuntu focal/main amd64 libarchive13 amd64 3.4.0-2ubuntu1 [327 kB]
#6 8.102 Get:6 http://archive.ubuntu.com/ubuntu focal/main amd64 libjsoncpp1 amd64 1.7.4-3.1ubuntu2 [75.6 kB]
#6 8.108 Get:7 http://archive.ubuntu.com/ubuntu focal/main amd64 librhash0 amd64 1.3.9-1 [113 kB]
#6 8.116 Get:8 http://archive.ubuntu.com/ubuntu focal/main amd64 cmake amd64 3.16.3-1ubuntu1 [3669 kB]
#6 8.391 Get:9 http://archive.ubuntu.com/ubuntu focal-updates/main amd64 libjpeg-turbo8 amd64 2.0.3-0ubuntu1.20.04.1 [117 kB]
#6 8.399 Get:10 http://archive.ubuntu.com/ubuntu focal/main amd64 libjpeg8 amd64 8c-2ubuntu8 [2194 B]
#6 8.400 Get:11 http://archive.ubuntu.com/ubuntu focal/main amd64 liblua5.2-0 amd64 5.2.4-1.1build3 [106 kB]
#6 8.407 Get:12 http://archive.ubuntu.com/ubuntu focal/main amd64 libnl-3-200 amd64 3.4.0-1 [53.9 kB]
#6 8.411 Get:13 http://archive.ubuntu.com/ubuntu focal/main amd64 libnl-genl-3-200 amd64 3.4.0-1 [11.1 kB]
#6 8.412 Get:14 http://archive.ubuntu.com/ubuntu focal/universe amd64 libsmi2ldbl amd64 0.4.8+dfsg2-16 [100 kB]
#6 8.420 Get:15 http://archive.ubuntu.com/ubuntu focal/main amd64 libjbig0 amd64 2.1-3.1build1 [26.7 kB]
#6 8.422 Get:16 http://archive.ubuntu.com/ubuntu focal-updates/main amd64 libwebp6 amd64 0.6.1-2ubuntu0.20.04.1 [185 kB]
#6 8.435 Get:17 http://archive.ubuntu.com/ubuntu focal-updates/main amd64 libtiff5 amd64 4.1.0+git191117-2ubuntu0.20.04.2 [162 kB]
#6 8.864 Get:18 http://archive.ubuntu.com/ubuntu focal/universe amd64 libspandsp2 amd64 0.0.6+dfsg-2 [272 kB]
#6 8.867 Get:19 http://archive.ubuntu.com/ubuntu focal-updates/main amd64 libspeexdsp1 amd64 1.2~rc1.2-1.1ubuntu1.20.04.1 [40.4 kB]
#6 8.868 Get:20 http://archive.ubuntu.com/ubuntu focal-updates/main amd64 libssh-gcrypt-4 amd64 0.9.3-2ubuntu2.2 [202 kB]
#6 8.872 Get:21 http://archive.ubuntu.com/ubuntu focal/universe amd64 libwireshark-data all 3.2.3-1 [1456 kB]
#6 8.888 Get:22 http://archive.ubuntu.com/ubuntu focal-updates/main amd64 libc-ares2 amd64 1.15.0-1ubuntu0.1 [38.2 kB]
#6 8.888 Get:23 http://archive.ubuntu.com/ubuntu focal/main amd64 libsbc1 amd64 1.4-1 [31.9 kB]
#6 8.889 Get:24 http://archive.ubuntu.com/ubuntu focal/main amd64 libsnappy1v5 amd64 1.1.8-1build1 [16.7 kB]
#6 8.889 Get:25 http://archive.ubuntu.com/ubuntu focal/universe amd64 libwsutil11 amd64 3.2.3-1 [61.1 kB]
#6 8.890 Get:26 http://archive.ubuntu.com/ubuntu focal/universe amd64 libwiretap10 amd64 3.2.3-1 [199 kB]
#6 8.893 Get:27 http://archive.ubuntu.com/ubuntu focal/universe amd64 libwireshark13 amd64 3.2.3-1 [15.2 MB]
#6 10.12 Get:28 http://archive.ubuntu.com/ubuntu focal/universe amd64 wireshark-common amd64 3.2.3-1 [441 kB]
#6 10.13 Get:29 http://archive.ubuntu.com/ubuntu focal/universe amd64 tshark amd64 3.2.3-1 [137 kB]
#6 10.36 debconf: delaying package configuration, since apt-utils is not installed
#6 10.42 Fetched 24.9 MB in 3s (7518 kB/s)
#6 10.47 Selecting previously unselected package libmaxminddb0:amd64.
#6 10.47 (Reading database ... (Reading database ... 5%(Reading database ... 10%(Reading database ... 15%(Reading database ... 20%(Reading database ... 25%(Reading database ... 30%(Reading database ... 35%(Reading database ... 40%(Reading database ... 45%(Reading database ... 50%(Reading database ... 55%(Reading database ... 60%(Reading database ... 65%(Reading database ... 70%(Reading database ... 75%(Reading database ... 80%(Reading database ... 85%(Reading database ... 90%(Reading database ... 95%(Reading database ... 100%(Reading database ... 21291 files and directories currently installed.)
#6 10.49 Preparing to unpack .../00-libmaxminddb0_1.4.2-0ubuntu1.20.04.1_amd64.deb ...
#6 10.50 Unpacking libmaxminddb0:amd64 (1.4.2-0ubuntu1.20.04.1) ...
#6 10.55 Selecting previously unselected package libpcap0.8:amd64.
#6 10.55 Preparing to unpack .../01-libpcap0.8_1.9.1-3_amd64.deb ...
#6 10.56 Unpacking libpcap0.8:amd64 (1.9.1-3) ...
#6 10.64 Selecting previously unselected package libuv1:amd64.
#6 10.64 Preparing to unpack .../02-libuv1_1.34.2-1ubuntu1.3_amd64.deb ...
#6 10.65 Unpacking libuv1:amd64 (1.34.2-1ubuntu1.3) ...
#6 10.71 Selecting previously unselected package cmake-data.
#6 10.72 Preparing to unpack .../03-cmake-data_3.16.3-1ubuntu1_all.deb ...
#6 10.72 Unpacking cmake-data (3.16.3-1ubuntu1) ...
#6 11.42 Selecting previously unselected package libarchive13:amd64.
#6 11.43 Preparing to unpack .../04-libarchive13_3.4.0-2ubuntu1_amd64.deb ...
#6 11.44 Unpacking libarchive13:amd64 (3.4.0-2ubuntu1) ...
#6 11.56 Selecting previously unselected package libjsoncpp1:amd64.
#6 11.56 Preparing to unpack .../05-libjsoncpp1_1.7.4-3.1ubuntu2_amd64.deb ...
#6 11.58 Unpacking libjsoncpp1:amd64 (1.7.4-3.1ubuntu2) ...
#6 11.69 Selecting previously unselected package librhash0:amd64.
#6 11.70 Preparing to unpack .../06-librhash0_1.3.9-1_amd64.deb ...
#6 11.71 Unpacking librhash0:amd64 (1.3.9-1) ...
#6 11.80 Selecting previously unselected package cmake.
#6 11.81 Preparing to unpack .../07-cmake_3.16.3-1ubuntu1_amd64.deb ...
#6 11.82 Unpacking cmake (3.16.3-1ubuntu1) ...
#6 12.31 Selecting previously unselected package libjpeg-turbo8:amd64.
#6 12.31 Preparing to unpack .../08-libjpeg-turbo8_2.0.3-0ubuntu1.20.04.1_amd64.deb ...
#6 12.32 Unpacking libjpeg-turbo8:amd64 (2.0.3-0ubuntu1.20.04.1) ...
#6 12.44 Selecting previously unselected package libjpeg8:amd64.
#6 12.44 Preparing to unpack .../09-libjpeg8_8c-2ubuntu8_amd64.deb ...
#6 12.45 Unpacking libjpeg8:amd64 (8c-2ubuntu8) ...
#6 12.54 Selecting previously unselected package liblua5.2-0:amd64.
#6 12.55 Preparing to unpack .../10-liblua5.2-0_5.2.4-1.1build3_amd64.deb ...
#6 12.55 Unpacking liblua5.2-0:amd64 (5.2.4-1.1build3) ...
#6 12.67 Selecting previously unselected package libnl-3-200:amd64.
#6 12.67 Preparing to unpack .../11-libnl-3-200_3.4.0-1_amd64.deb ...
#6 12.68 Unpacking libnl-3-200:amd64 (3.4.0-1) ...
#6 12.80 Selecting previously unselected package libnl-genl-3-200:amd64.
#6 12.81 Preparing to unpack .../12-libnl-genl-3-200_3.4.0-1_amd64.deb ...
#6 12.82 Unpacking libnl-genl-3-200:amd64 (3.4.0-1) ...
#6 12.91 Selecting previously unselected package libsmi2ldbl:amd64.
#6 12.92 Preparing to unpack .../13-libsmi2ldbl_0.4.8+dfsg2-16_amd64.deb ...
#6 12.92 Unpacking libsmi2ldbl:amd64 (0.4.8+dfsg2-16) ...
#6 13.03 Selecting previously unselected package libjbig0:amd64.
#6 13.03 Preparing to unpack .../14-libjbig0_2.1-3.1build1_amd64.deb ...
#6 13.05 Unpacking libjbig0:amd64 (2.1-3.1build1) ...
#6 13.17 Selecting previously unselected package libwebp6:amd64.
#6 13.18 Preparing to unpack .../15-libwebp6_0.6.1-2ubuntu0.20.04.1_amd64.deb ...
#6 13.19 Unpacking libwebp6:amd64 (0.6.1-2ubuntu0.20.04.1) ...
#6 13.32 Selecting previously unselected package libtiff5:amd64.
#6 13.32 Preparing to unpack .../16-libtiff5_4.1.0+git191117-2ubuntu0.20.04.2_amd64.deb ...
#6 13.34 Unpacking libtiff5:amd64 (4.1.0+git191117-2ubuntu0.20.04.2) ...
#6 13.45 Selecting previously unselected package libspandsp2:amd64.
#6 13.45 Preparing to unpack .../17-libspandsp2_0.0.6+dfsg-2_amd64.deb ...
#6 13.46 Unpacking libspandsp2:amd64 (0.0.6+dfsg-2) ...
#6 13.58 Selecting previously unselected package libspeexdsp1:amd64.
#6 13.58 Preparing to unpack .../18-libspeexdsp1_1.2~rc1.2-1.1ubuntu1.20.04.1_amd64.deb ...
#6 13.60 Unpacking libspeexdsp1:amd64 (1.2~rc1.2-1.1ubuntu1.20.04.1) ...
#6 13.71 Selecting previously unselected package libssh-gcrypt-4:amd64.
#6 13.72 Preparing to unpack .../19-libssh-gcrypt-4_0.9.3-2ubuntu2.2_amd64.deb ...
#6 13.73 Unpacking libssh-gcrypt-4:amd64 (0.9.3-2ubuntu2.2) ...
#6 13.83 Selecting previously unselected package libwireshark-data.
#6 13.83 Preparing to unpack .../20-libwireshark-data_3.2.3-1_all.deb ...
#6 13.85 Unpacking libwireshark-data (3.2.3-1) ...
#6 14.08 Selecting previously unselected package libc-ares2:amd64.
#6 14.08 Preparing to unpack .../21-libc-ares2_1.15.0-1ubuntu0.1_amd64.deb ...
#6 14.09 Unpacking libc-ares2:amd64 (1.15.0-1ubuntu0.1) ...
#6 14.13 Selecting previously unselected package libsbc1:amd64.
#6 14.13 Preparing to unpack .../22-libsbc1_1.4-1_amd64.deb ...
#6 14.14 Unpacking libsbc1:amd64 (1.4-1) ...
#6 14.18 Selecting previously unselected package libsnappy1v5:amd64.
#6 14.18 Preparing to unpack .../23-libsnappy1v5_1.1.8-1build1_amd64.deb ...
#6 14.19 Unpacking libsnappy1v5:amd64 (1.1.8-1build1) ...
#6 14.23 Selecting previously unselected package libwsutil11:amd64.
#6 14.23 Preparing to unpack .../24-libwsutil11_3.2.3-1_amd64.deb ...
#6 14.24 Unpacking libwsutil11:amd64 (3.2.3-1) ...
#6 14.29 Selecting previously unselected package libwiretap10:amd64.
#6 14.29 Preparing to unpack .../25-libwiretap10_3.2.3-1_amd64.deb ...
#6 14.29 Unpacking libwiretap10:amd64 (3.2.3-1) ...
#6 14.36 Selecting previously unselected package libwireshark13:amd64.
#6 14.37 Preparing to unpack .../26-libwireshark13_3.2.3-1_amd64.deb ...
#6 14.37 Unpacking libwireshark13:amd64 (3.2.3-1) ...
#6 16.37 Selecting previously unselected package wireshark-common.
#6 16.38 Preparing to unpack .../27-wireshark-common_3.2.3-1_amd64.deb ...
#6 16.42 Unpacking wireshark-common (3.2.3-1) ...
#6 16.59 Selecting previously unselected package tshark.
#6 16.59 Preparing to unpack .../28-tshark_3.2.3-1_amd64.deb ...
#6 16.60 Unpacking tshark (3.2.3-1) ...
#6 16.72 Setting up libssh-gcrypt-4:amd64 (0.9.3-2ubuntu2.2) ...
#6 16.78 Setting up libsbc1:amd64 (1.4-1) ...
#6 16.83 Setting up libarchive13:amd64 (3.4.0-2ubuntu1) ...
#6 16.86 Setting up libmaxminddb0:amd64 (1.4.2-0ubuntu1.20.04.1) ...
#6 16.88 Setting up libc-ares2:amd64 (1.15.0-1ubuntu0.1) ...
#6 16.90 Setting up libwsutil11:amd64 (3.2.3-1) ...
#6 16.92 Setting up libjbig0:amd64 (2.1-3.1build1) ...
#6 16.93 Setting up libsnappy1v5:amd64 (1.1.8-1build1) ...
#6 16.95 Setting up libsmi2ldbl:amd64 (0.4.8+dfsg2-16) ...
#6 16.97 Setting up libwiretap10:amd64 (3.2.3-1) ...
#6 16.99 Setting up libuv1:amd64 (1.34.2-1ubuntu1.3) ...
#6 17.00 Setting up libpcap0.8:amd64 (1.9.1-3) ...
#6 17.02 Setting up libwebp6:amd64 (0.6.1-2ubuntu0.20.04.1) ...
#6 17.03 Setting up libjpeg-turbo8:amd64 (2.0.3-0ubuntu1.20.04.1) ...
#6 17.05 Setting up libwireshark-data (3.2.3-1) ...
#6 17.07 Setting up liblua5.2-0:amd64 (5.2.4-1.1build3) ...
#6 17.08 Setting up librhash0:amd64 (1.3.9-1) ...
#6 17.09 Setting up libspeexdsp1:amd64 (1.2~rc1.2-1.1ubuntu1.20.04.1) ...
#6 17.10 Setting up libnl-3-200:amd64 (3.4.0-1) ...
#6 17.13 Setting up cmake-data (3.16.3-1ubuntu1) ...
#6 17.15 Setting up libjsoncpp1:amd64 (1.7.4-3.1ubuntu2) ...
#6 17.17 Setting up libjpeg8:amd64 (8c-2ubuntu8) ...
#6 17.18 Setting up libnl-genl-3-200:amd64 (3.4.0-1) ...
#6 17.20 Setting up cmake (3.16.3-1ubuntu1) ...
#6 17.21 Setting up libtiff5:amd64 (4.1.0+git191117-2ubuntu0.20.04.2) ...
#6 17.23 Setting up libspandsp2:amd64 (0.0.6+dfsg-2) ...
#6 17.24 Setting up libwireshark13:amd64 (3.2.3-1) ...
#6 17.25 Setting up wireshark-common (3.2.3-1) ...
#6 17.44 Setting up tshark (3.2.3-1) ...
#6 17.46 Processing triggers for libc-bin (2.31-0ubuntu9.2) ...
#6 17.50 Processing triggers for shared-mime-info (1.15-1) ...
#6 DONE 20.9s

#7 [3/5] RUN git clone --depth 1 --branch master https://github.com/aquynh/capstone.git capstonemaster
#7 sha256:6bc92548613bfdd38ad5c5eb4626f9ac3ee99b053d9ea1c0f2acb3731a61a72c
#7 0.450 Cloning into 'capstonemaster'...
#7 DONE 3.6s

#8 [4/5] WORKDIR /src
#8 sha256:8a866ae635294e172fa16227c0d339dbc45158d23d807747d9173fa760035bb9
#8 DONE 0.2s

#10 [5/5] COPY build.sh /src/
#10 sha256:ae31a11fa8c08adc77b128009e96958388f3d0eefab80020c17aadf976975329
#10 DONE 0.1s

#11 exporting to image
#11 sha256:e8c613e07b0b7ff33893b694f7759a10d42e180f2b4dc349fb57dc6b71dcab00
#11 exporting layers done
#11 writing image sha256:169c7cfdf3d68c01cbfb81a5ab8648b5ecf1b27d28d618f314519ab770f5bce5 0.1s done
#11 naming to gcr.io/fuzzbench/builders/benchmark/capstone_capstone done
#11 DONE 1.3s

#12 exporting cache
#12 sha256:2700d4ef94dee473593c5c614b55b2dedcca7893909811a8f2b48291a1f581e4
#12 preparing build cache for export done
#12 DONE 0.0s
------
 > importing cache manifest from gcr.io/fuzzbench/builders/benchmark/capstone_capstone:
------
#1 [internal] load build definition from builder.Dockerfile
#1 sha256:ccd0962eda554be8040c9813aac79eb72fda0e58ec228842759848d2831c0e36
#1 transferring dockerfile: 46B done
#1 DONE 0.0s

#2 [internal] load .dockerignore
#2 sha256:8bec392cd885a834d161385715f2c7e017672178cea5bfacd753001951a7eb80
#2 transferring context: 2B done
#2 DONE 0.0s

#3 [internal] load metadata for gcr.io/fuzzbench/builders/benchmark/capstone_capstone:latest
#3 sha256:6a9cf75d42ca9e717fed92ae07db15847ea666bc29c6c91efe6b621efaef474a
#3 DONE 0.0s

#5 [1/3] FROM gcr.io/fuzzbench/builders/benchmark/capstone_capstone
#5 sha256:c4bb0ecb542161c27ddb84ad3a7fd5b8cd79ca4734aa1fa6c462e315f3eb8b67
#5 DONE 0.0s

#4 importing cache manifest from gcr.io/fuzzbench/builders/afl/capstone_capstone-intermediate
#4 sha256:9282bded547d2da72cfab7cbf789347984bb6dbfdd971bf7318a728636717f1e
#4 ERROR: gcr.io/fuzzbench/builders/afl/capstone_capstone-intermediate:latest: not found

#5 [1/3] FROM gcr.io/fuzzbench/builders/benchmark/capstone_capstone
#5 sha256:c4bb0ecb542161c27ddb84ad3a7fd5b8cd79ca4734aa1fa6c462e315f3eb8b67
#5 DONE 4.7s

#6 [2/3] RUN git clone https://github.com/google/AFL.git /afl &&     cd /afl &&     git checkout 61037103ae3722c8060ff7082994836a794f978e &&     AFL_NO_X86=1 make
#6 sha256:ff2e90ae24a090f91b9db02b23b8ad834d85874b8fe4e6f1d33a92d058c25c9c
#6 0.406 Cloning into '/afl'...
#6 1.138 Note: switching to '61037103ae3722c8060ff7082994836a794f978e'.
#6 1.138 
#6 1.138 You are in 'detached HEAD' state. You can look around, make experimental
#6 1.138 changes and commit them, and you can discard any commits you make in this
#6 1.138 state without impacting any branches by switching back to a branch.
#6 1.138 
#6 1.138 If you want to create a new branch to retain commits you create, you may
#6 1.138 do so (now or later) by using -c with the switch command. Example:
#6 1.138 
#6 1.138   git switch -c <new-branch-name>
#6 1.138 
#6 1.138 Or undo this operation with:
#6 1.138 
#6 1.138   git switch -
#6 1.138 
#6 1.138 Turn off this advice by setting config variable advice.detachedHead to false
#6 1.138 
#6 1.138 HEAD is now at 6103710 Fix a typo filename comparison in the fuzzer (#139)
#6 1.155 [!] Note: skipping x86 compilation checks (AFL_NO_X86 set).
#6 1.155 clang -O1 -fno-omit-frame-pointer -gline-tables-only -DFUZZING_BUILD_MODE_UNSAFE_FOR_PRODUCTION -Wall -D_FORTIFY_SOURCE=2 -g -Wno-pointer-sign -DAFL_PATH=\"/usr/local/lib/afl\" -DDOC_PATH=\"/usr/local/share/doc/afl\" -DBIN_PATH=\"/usr/local/bin\" afl-gcc.c -o afl-gcc -ldl
#6 1.331 set -e; for i in afl-g++ afl-clang afl-clang++; do ln -sf afl-gcc $i; done
#6 1.336 clang -O1 -fno-omit-frame-pointer -gline-tables-only -DFUZZING_BUILD_MODE_UNSAFE_FOR_PRODUCTION -Wall -D_FORTIFY_SOURCE=2 -g -Wno-pointer-sign -DAFL_PATH=\"/usr/local/lib/afl\" -DDOC_PATH=\"/usr/local/share/doc/afl\" -DBIN_PATH=\"/usr/local/bin\" afl-fuzz.c -o afl-fuzz -ldl
#6 3.966 clang -O1 -fno-omit-frame-pointer -gline-tables-only -DFUZZING_BUILD_MODE_UNSAFE_FOR_PRODUCTION -Wall -D_FORTIFY_SOURCE=2 -g -Wno-pointer-sign -DAFL_PATH=\"/usr/local/lib/afl\" -DDOC_PATH=\"/usr/local/share/doc/afl\" -DBIN_PATH=\"/usr/local/bin\" afl-showmap.c -o afl-showmap -ldl
#6 4.281 clang -O1 -fno-omit-frame-pointer -gline-tables-only -DFUZZING_BUILD_MODE_UNSAFE_FOR_PRODUCTION -Wall -D_FORTIFY_SOURCE=2 -g -Wno-pointer-sign -DAFL_PATH=\"/usr/local/lib/afl\" -DDOC_PATH=\"/usr/local/share/doc/afl\" -DBIN_PATH=\"/usr/local/bin\" afl-tmin.c -o afl-tmin -ldl
#6 4.712 clang -O1 -fno-omit-frame-pointer -gline-tables-only -DFUZZING_BUILD_MODE_UNSAFE_FOR_PRODUCTION -Wall -D_FORTIFY_SOURCE=2 -g -Wno-pointer-sign -DAFL_PATH=\"/usr/local/lib/afl\" -DDOC_PATH=\"/usr/local/share/doc/afl\" -DBIN_PATH=\"/usr/local/bin\" afl-gotcpu.c -o afl-gotcpu -ldl
#6 4.867 clang -O1 -fno-omit-frame-pointer -gline-tables-only -DFUZZING_BUILD_MODE_UNSAFE_FOR_PRODUCTION -Wall -D_FORTIFY_SOURCE=2 -g -Wno-pointer-sign -DAFL_PATH=\"/usr/local/lib/afl\" -DDOC_PATH=\"/usr/local/share/doc/afl\" -DBIN_PATH=\"/usr/local/bin\" afl-analyze.c -o afl-analyze -ldl
#6 5.258 clang -O1 -fno-omit-frame-pointer -gline-tables-only -DFUZZING_BUILD_MODE_UNSAFE_FOR_PRODUCTION -Wall -D_FORTIFY_SOURCE=2 -g -Wno-pointer-sign -DAFL_PATH=\"/usr/local/lib/afl\" -DDOC_PATH=\"/usr/local/share/doc/afl\" -DBIN_PATH=\"/usr/local/bin\" afl-as.c -o afl-as -ldl
#6 5.498 ln -sf afl-as as
#6 5.501 [!] Note: skipping build tests (you may need to use LLVM or QEMU mode).
#6 5.503 [+] LLVM users: see llvm_mode/README.llvm for a faster alternative to afl-gcc.
#6 5.504 [+] All done! Be sure to review README - it's pretty short and useful.
#6 DONE 5.7s

#7 [3/3] RUN apt-get update &&     apt-get install wget -y &&     wget https://raw.githubusercontent.com/llvm/llvm-project/5feb80e748924606531ba28c97fe65145c65372e/compiler-rt/lib/fuzzer/afl/afl_driver.cpp -O /afl/afl_driver.cpp &&     clang -Wno-pointer-sign -c /afl/llvm_mode/afl-llvm-rt.o.c -I/afl &&     clang++ -stdlib=libc++ -std=c++11 -O2 -c /afl/afl_driver.cpp &&     ar r /libAFL.a *.o
#7 sha256:e5afc6165f71fc15030d68f5e74d7b431f8272ade87d1e367ecc9e97ac7a6ad6
#7 0.688 Hit:1 http://ppa.launchpad.net/git-core/ppa/ubuntu focal InRelease
#7 0.688 Hit:2 http://archive.ubuntu.com/ubuntu focal InRelease
#7 0.688 Hit:3 http://archive.ubuntu.com/ubuntu focal-updates InRelease
#7 0.695 Hit:4 http://archive.ubuntu.com/ubuntu focal-backports InRelease
#7 0.789 Hit:5 http://security.ubuntu.com/ubuntu focal-security InRelease
#7 1.666 Reading package lists...
#7 3.167 Reading package lists...
#7 4.586 Building dependency tree...
#7 4.799 Reading state information...
#7 5.048 wget is already the newest version (1.20.3-1ubuntu2).
#7 5.048 0 upgraded, 0 newly installed, 0 to remove and 3 not upgraded.
#7 5.064 --2022-02-16 02:58:10--  https://raw.githubusercontent.com/llvm/llvm-project/5feb80e748924606531ba28c97fe65145c65372e/compiler-rt/lib/fuzzer/afl/afl_driver.cpp
#7 5.067 Resolving raw.githubusercontent.com (raw.githubusercontent.com)... 185.199.109.133, 185.199.110.133, 185.199.111.133, ...
#7 5.068 Connecting to raw.githubusercontent.com (raw.githubusercontent.com)|185.199.109.133|:443... connected.
#7 5.092 HTTP request sent, awaiting response... 200 OK
#7 5.262 Length: 9177 (9.0K) [text/plain]
#7 5.262 Saving to: '/afl/afl_driver.cpp'
#7 5.262 
#7 5.262      0K ........                                              100% 7.13M=0.001s
#7 5.263 
#7 5.263 2022-02-16 02:58:10 (7.13 MB/s) - '/afl/afl_driver.cpp' saved [9177/9177]
#7 5.263 
#7 6.987 ar: creating /libAFL.a
#7 DONE 7.3s

#8 exporting to image
#8 sha256:e8c613e07b0b7ff33893b694f7759a10d42e180f2b4dc349fb57dc6b71dcab00
#8 exporting layers done
#8 writing image sha256:150cae16da2575ce77af706227be03899850c1402f9e6fcc114a7a1eb29aa8f4 done
#8 naming to gcr.io/fuzzbench/builders/afl/capstone_capstone-intermediate done
#8 DONE 0.1s

#9 exporting cache
#9 sha256:2700d4ef94dee473593c5c614b55b2dedcca7893909811a8f2b48291a1f581e4
#9 preparing build cache for export done
#9 DONE 0.0s
------
 > importing cache manifest from gcr.io/fuzzbench/builders/afl/capstone_capstone-intermediate:
------
#1 [internal] load build definition from Dockerfile
#1 sha256:86cca0641e75df18e7ff9bfd6ab51e75f7b9b00c001a01813ec662066216d2f1
#1 transferring dockerfile: 2.00kB done
#1 DONE 0.0s

#2 [internal] load .dockerignore
#2 sha256:1a89a14dda51f7084618b4c04e031c2ae0476d0bdadc3999b726842cdce9f19c
#2 transferring context: 34B done
#2 DONE 0.0s

#3 [internal] load metadata for docker.io/library/ubuntu:xenial
#3 sha256:f62bae18ed588840f045c881b2502661f2a89578a2f8f99b83f5200ee83dd25b
#3 DONE 0.0s

#4 importing cache manifest from gcr.io/fuzzbench/base-image
#4 sha256:9b220ebb4d4daceed1b96df9b6dca076e762f1cd612574f010b82d5b9e5ad896
#4 DONE 0.0s

#5 [1/7] FROM docker.io/library/ubuntu:xenial
#5 sha256:14dd403f25ae9e519bd44f27dc17af7ce80f5a4f9f48ca88108364e67ec5d360
#5 DONE 0.0s

#8 [internal] load build context
#8 sha256:d131d7c43e9789515243d2ab1c80866afd1bb4e48f6296ab5683cb19346a8c5c
#8 transferring context: 559B 0.0s done
#8 DONE 0.1s

#6 [2/7] RUN apt-get update -y && apt-get install -y     build-essential     rsync     curl     zlib1g-dev     libncurses5-dev     libgdbm-dev     libnss3-dev     libssl-dev     libreadline-dev     libffi-dev     virtualenv     libbz2-dev     liblzma-dev     libsqlite3-dev
#6 sha256:3a1b0960f17eed529eaae93dc8fd3554f2743dd584d8fa569cdbe6bc734371ac
#6 CACHED

#7 [3/7] RUN cd /tmp/ &&     curl -O https://www.python.org/ftp/python/3.8.6/Python-3.8.6.tar.xz &&     tar -xvf Python-3.8.6.tar.xz &&     cd Python-3.8.6 &&     ./configure --enable-loadable-sqlite-extensions --enable-optimizations &&     make -j install &&     rm -r /tmp/Python-3.8.6.tar.xz /tmp/Python-3.8.6
#7 sha256:c5b9d1fb3371e84dbc60b76e7b2f8d5913bc93bcd4910ab65daa03e7b2ec4bb0
#7 CACHED

#9 [4/7] COPY ./requirements.txt /
#9 sha256:513c55ef17759d89f4889fae91666a46016a97aac4bb9276102e61b39def4997
#9 CACHED

#11 [6/7] RUN apt-get update -y && apt-get install -y     apt-transport-https     lsb-release
#11 sha256:b4d3c63f0606044eda3e84ddb3c6f20a313d4fd66f4873c93d0c7d192c12e45e
#11 CACHED

#10 [5/7] RUN pip3 install -r /requirements.txt
#10 sha256:bcdf1dc10a4345445109bfdaa8c974fca39991ccf6f32e72cf1ac6fed9bf255c
#10 CACHED

#12 [7/7] RUN CLOUD_SDK_REPO="cloud-sdk-$(lsb_release -c -s)" &&     echo "deb https://packages.cloud.google.com/apt $CLOUD_SDK_REPO main"     | tee -a /etc/apt/sources.list.d/google-cloud-sdk.list &&     curl https://packages.cloud.google.com/apt/doc/apt-key.gpg     | apt-key add - &&     apt-get update -y &&     apt-get install -y google-cloud-sdk
#12 sha256:d830ce91f393f8c89cc99d999ea032f1aa0c230ae1ea75a521dc6a3b6d35cffb
#12 CACHED

#13 exporting to image
#13 sha256:e8c613e07b0b7ff33893b694f7759a10d42e180f2b4dc349fb57dc6b71dcab00
#13 exporting layers done
#13 writing image sha256:139540fb22a119f888cb3e5ed6e013e8d868574697f5fb839e5da9e23de73e0a done
#13 naming to gcr.io/fuzzbench/base-image done
#13 DONE 0.0s

#14 exporting cache
#14 sha256:2700d4ef94dee473593c5c614b55b2dedcca7893909811a8f2b48291a1f581e4
#14 preparing build cache for export done
#14 DONE 0.0s
#1 [internal] load build definition from Dockerfile
#1 sha256:1ea4d836ccd9bf4787c299465d4d39abb09133d8cc65a53a2a70c038ea3a0ac2
#1 transferring dockerfile: 2.22kB done
#1 DONE 0.0s

#2 [internal] load .dockerignore
#2 sha256:299c3978f22583e954ba1e236124bdf64c93efdce6d3fe19cdaf158b2e08b102
#2 transferring context: 34B done
#2 DONE 0.0s

#4 [internal] load metadata for gcr.io/fuzzbench/base-image:latest
#4 sha256:932022888f650cc455b10eb5123bb08c0cccacac29a693e69314abbfd28a72c3
#4 DONE 0.0s

#3 [internal] load metadata for gcr.io/fuzzbench/builders/afl/capstone_capstone-intermediate:latest
#3 sha256:abe1da8ddc251e2f367ae663d121bc4dfcde3d89bb4e998c3eac6c23b7c32718
#3 DONE 0.0s

#12 [internal] load build context
#12 sha256:e0d384d4e61dd791ec1b16040ded7c1c3d2237f6c26be1d0e6a3c649041f3c4d
#12 DONE 0.0s

#7 [base-image 1/1] FROM gcr.io/fuzzbench/base-image
#7 sha256:4d07825694520f8b6f6a0d8592dbd345433361ae044cb7f06706c5a95e3daaad
#7 DONE 0.0s

#6 [stage-1  1/13] FROM gcr.io/fuzzbench/builders/afl/capstone_capstone-intermediate
#6 sha256:039065087126e7fb5915a81472286df84219b05b6d3ac3cfeaa513433415cb86
#6 DONE 0.0s

#5 importing cache manifest from gcr.io/fuzzbench/builders/afl/capstone_capstone
#5 sha256:3cc5cfa220b4f386ae310b0351a1b6424adad23f3d98f08c476ff1b1b1af2511
#5 ERROR: gcr.io/fuzzbench/builders/afl/capstone_capstone:latest: not found

#7 [base-image 1/1] FROM gcr.io/fuzzbench/base-image
#7 sha256:4d07825694520f8b6f6a0d8592dbd345433361ae044cb7f06706c5a95e3daaad
#7 CACHED

#12 [internal] load build context
#12 sha256:e0d384d4e61dd791ec1b16040ded7c1c3d2237f6c26be1d0e6a3c649041f3c4d
#12 transferring context: 669.87kB 0.1s done
#12 DONE 0.1s

#6 [stage-1  1/13] FROM gcr.io/fuzzbench/builders/afl/capstone_capstone-intermediate
#6 sha256:039065087126e7fb5915a81472286df84219b05b6d3ac3cfeaa513433415cb86
#6 DONE 0.2s

#8 [stage-1  2/13] COPY --from=base-image /usr/local/bin/python3* /usr/local/bin/
#8 sha256:b5cf4efac81c55ea3a97f5ebd2b9bb34ba6db5704a449b1357dddb2a2f894662
#8 DONE 0.5s

#9 [stage-1  3/13] COPY --from=base-image /usr/local/lib/python3.8 /usr/local/lib/python3.8
#9 sha256:2c5ab0fe37b9d51a77ce70325bf444a5e7a174001373a2a787168230005e8eb6
#9 DONE 14.3s

#10 [stage-1  4/13] COPY --from=base-image /usr/local/include/python3.8 /usr/local/include/python3.8
#10 sha256:6ef676121453f2cce66e7ed1927aca0c8a8c0bdbb99adfa0fb2b2cfe96e0e423
#10 DONE 0.3s

#11 [stage-1  5/13] COPY --from=base-image /usr/local/lib/python3.8/site-packages /usr/local/lib/python3.8/site-packages
#11 sha256:cd1406e92f15141f77d1c5b8f5f4017131f4d0e326321821828c8455348e16e3
#11 DONE 18.4s

#13 [stage-1  6/13] COPY fuzzers /src/fuzzers
#13 sha256:da9ae33778a2b5fb2d2a0576abd88936c194f75d5b3850bffbd91a2f8dc7df12
#13 DONE 0.5s

#14 [stage-1  7/13] RUN touch /src/__init__.py
#14 sha256:fb24309a4ab606f7f15e67f2a28ca47e1319c2356266134e6fcdc3ea91d60af8
#14 DONE 1.0s

#15 [stage-1  8/13] COPY benchmarks/capstone_capstone/benchmark.yaml /
#15 sha256:5bc35d3e52c571c4c708f3fb457789fe6d26275c88dfababfd561db5c0e8fd95
#15 DONE 0.5s

#16 [stage-1  9/13] RUN mkdir /opt/fuzzbench/
#16 sha256:b845465588d4fc05f5e38493512f665f343183063afddb624c29c0248a9c2d3d
#16 DONE 0.7s

#17 [stage-1 10/13] COPY docker/benchmark-builder/checkout_commit.py /opt/fuzzbench/
#17 sha256:b04798433f7bac2bb7cebeae61098e89820f8ad6ca177715a4b2b2c778f4f8a5
#17 DONE 0.4s

#18 [stage-1 11/13] RUN export CHECKOUT_COMMIT=$(cat /benchmark.yaml | tr -d ' ' | grep 'commit:' | cut -d ':' -f2) &&     python3 -u /opt/fuzzbench/checkout_commit.py $CHECKOUT_COMMIT /src
#18 sha256:96b7b100a22599f913417eb4b3c8d70827ef053e3223b3b43ddb8fa0bdc1d696
#18 0.570 Checking out commit 8d71a4be
#18 8.290 From https://github.com/aquynh/capstone
#18 8.290  * [new tag]           1.0        -> 1.0
#18 8.290  * [new tag]           2.0        -> 2.0
#18 8.291  * [new tag]           2.0-rc1    -> 2.0-rc1
#18 8.291  * [new tag]           2.1        -> 2.1
#18 8.291  * [new tag]           2.1-rc1    -> 2.1-rc1
#18 8.292  * [new tag]           2.1.1      -> 2.1.1
#18 8.292  * [new tag]           2.1.2      -> 2.1.2
#18 8.292  * [new tag]           3.0        -> 3.0
#18 8.293  * [new tag]           3.0-rc1    -> 3.0-rc1
#18 8.293  * [new tag]           3.0-rc2    -> 3.0-rc2
#18 8.294  * [new tag]           3.0-rc3    -> 3.0-rc3
#18 8.294  * [new tag]           3.0.1      -> 3.0.1
#18 8.294  * [new tag]           3.0.1-rc1  -> 3.0.1-rc1
#18 8.295  * [new tag]           3.0.1-rc2  -> 3.0.1-rc2
#18 8.295  * [new tag]           3.0.2      -> 3.0.2
#18 8.295  * [new tag]           3.0.3      -> 3.0.3
#18 8.296  * [new tag]           3.0.3-rc1  -> 3.0.3-rc1
#18 8.296  * [new tag]           3.0.4      -> 3.0.4
#18 8.296  * [new tag]           3.0.5      -> 3.0.5
#18 8.297  * [new tag]           3.0.5-rc1  -> 3.0.5-rc1
#18 8.297  * [new tag]           3.0.5-rc2  -> 3.0.5-rc2
#18 8.297  * [new tag]           3.0.5-rc3  -> 3.0.5-rc3
#18 8.298  * [new tag]           4.0        -> 4.0
#18 8.298  * [new tag]           4.0-alpha1 -> 4.0-alpha1
#18 8.298  * [new tag]           4.0-alpha2 -> 4.0-alpha2
#18 8.299  * [new tag]           4.0-alpha3 -> 4.0-alpha3
#18 8.299  * [new tag]           4.0-alpha4 -> 4.0-alpha4
#18 8.300  * [new tag]           4.0-alpha5 -> 4.0-alpha5
#18 8.300  * [new tag]           4.0.1      -> 4.0.1
#18 8.308 error: pathspec '8d71a4be' did not match any file(s) known to git
#18 8.324 error: pathspec '8d71a4be' did not match any file(s) known to git
#18 8.332 error: pathspec '8d71a4be' did not match any file(s) known to git
#18 8.386 Checkout unsuccessful.
#18 DONE 9.2s

#19 [stage-1 12/13] RUN echo "#!/bin/bash\nPYTHONPATH=/src python3 -u -c "from fuzzers import utils; utils.initialize_env(); from fuzzers.afl import fuzzer; fuzzer.build()"" > /usr/bin/fuzzer_build &&     chmod +x /usr/bin/fuzzer_build
#19 sha256:ec05e74003f2613073b3fcc591545ac411485b977e3300febb62da294acfcded
#19 DONE 0.8s

#20 [stage-1 13/13] RUN echo "Run fuzzer_build to build the target" && if [ -z "$debug_builder" ] ; then fuzzer_build; fi
#20 sha256:70204e25e372b1aa9d8f630799a189373d6f265754f9586cbaee07d8dad0d3ca
#20 0.582 Run fuzzer_build to build the target
#20 0.720 FUZZ_TARGET = capstone
#20 0.720 CFLAGS = -DFUZZING_BUILD_MODE_UNSAFE_FOR_PRODUCTION -pthread -Wl,--no-as-needed -Wl,-ldl -Wl,-lm -Wno-unused-command-line-argument -O3
#20 0.720 CXXFLAGS = -DFUZZING_BUILD_MODE_UNSAFE_FOR_PRODUCTION -pthread -Wl,--no-as-needed -Wl,-ldl -Wl,-lm -Wno-unused-command-line-argument -stdlib=libc++ -O3
#20 0.730 Building benchmark capstone_capstone with fuzzer afl
#20 0.733 + for branch in master
#20 0.733 + cd capstonemaster
#20 0.733 + mkdir build
#20 0.735 + cd build
#20 0.736 + cmake -DCAPSTONE_BUILD_SHARED=0 ..
#20 0.991 -- The C compiler identification is Clang 14.0.0
#20 1.264 -- The CXX compiler identification is Clang 14.0.0
#20 1.293 -- Detecting C compiler ABI info
#20 1.473 -- Detecting C compiler ABI info - done
#20 1.528 -- Check for working C compiler: /usr/local/bin/clang - skipped
#20 1.530 -- Detecting C compile features
#20 1.531 -- Detecting C compile features - done
#20 1.540 -- Detecting CXX compiler ABI info
#20 1.751 -- Detecting CXX compiler ABI info - done
#20 1.817 -- Check for working CXX compiler: /usr/local/bin/clang++ - skipped
#20 1.817 -- Detecting CXX compile features
#20 1.818 -- Detecting CXX compile features - done
#20 1.820 CMake Deprecation Warning at CMakeLists.txt:18 (cmake_policy):
#20 1.820   The OLD behavior for policy CMP0048 will be removed from a future version
#20 1.820   of CMake.
#20 1.820 
#20 1.820   The cmake-policies(7) manual explains that the OLD behaviors of all
#20 1.820   policies are deprecated and that a policy should be set to OLD only under
#20 1.820   specific short-term circumstances.  Projects should be ported to the NEW
#20 1.820   behavior and not rely on setting a policy to OLD.
#20 1.820 
#20 1.820 
#20 1.820 Enabling CAPSTONE_ARM_SUPPORT
#20 1.820 Enabling CAPSTONE_ARM64_SUPPORT
#20 1.820 Enabling CAPSTONE_M68K_SUPPORT
#20 1.820 Enabling CAPSTONE_MIPS_SUPPORT
#20 1.820 Enabling CAPSTONE_PPC_SUPPORT
#20 1.820 Enabling CAPSTONE_SPARC_SUPPORT
#20 1.820 Enabling CAPSTONE_SYSZ_SUPPORT
#20 1.821 Enabling CAPSTONE_XCORE_SUPPORT
#20 1.821 Enabling CAPSTONE_X86_SUPPORT
#20 1.821 Enabling CAPSTONE_TMS320C64X_SUPPORT
#20 1.821 Enabling CAPSTONE_M680X_SUPPORT
#20 1.821 Enabling CAPSTONE_EVM_SUPPORT
#20 1.821 Enabling CAPSTONE_MOS65XX_SUPPORT
#20 1.835 -- Configuring done
#20 1.905 -- Generating done
#20 1.909 -- Build files have been written to: /src/capstonemaster/build
#20 1.912 + make
#20 1.946 [  1%] Building C object CMakeFiles/capstone-static.dir/cs.c.o
#20 2.392 [  2%] Building C object CMakeFiles/capstone-static.dir/MCInst.c.o
#20 2.507 [  3%] Building C object CMakeFiles/capstone-static.dir/MCInstrDesc.c.o
#20 2.547 [  4%] Building C object CMakeFiles/capstone-static.dir/MCRegisterInfo.c.o
#20 2.624 [  5%] Building C object CMakeFiles/capstone-static.dir/SStream.c.o
#20 2.737 [  6%] Building C object CMakeFiles/capstone-static.dir/utils.c.o
#20 2.850 [  7%] Building C object CMakeFiles/capstone-static.dir/arch/ARM/ARMDisassembler.c.o
#20 8.416 [  8%] Building C object CMakeFiles/capstone-static.dir/arch/ARM/ARMInstPrinter.c.o
#20 9.759 [  9%] Building C object CMakeFiles/capstone-static.dir/arch/ARM/ARMMapping.c.o
#20 10.10 [ 10%] Building C object CMakeFiles/capstone-static.dir/arch/ARM/ARMModule.c.o
#20 10.18 [ 11%] Building C object CMakeFiles/capstone-static.dir/arch/AArch64/AArch64BaseInfo.c.o
#20 10.34 [ 12%] Building C object CMakeFiles/capstone-static.dir/arch/AArch64/AArch64Disassembler.c.o
#20 12.22 [ 13%] Building C object CMakeFiles/capstone-static.dir/arch/AArch64/AArch64InstPrinter.c.o
#20 17.37 [ 14%] Building C object CMakeFiles/capstone-static.dir/arch/AArch64/AArch64Mapping.c.o
#20 17.74 [ 15%] Building C object CMakeFiles/capstone-static.dir/arch/AArch64/AArch64Module.c.o
#20 17.82 [ 16%] Building C object CMakeFiles/capstone-static.dir/arch/Mips/MipsDisassembler.c.o
#20 19.07 [ 17%] Building C object CMakeFiles/capstone-static.dir/arch/Mips/MipsInstPrinter.c.o
#20 19.49 [ 18%] Building C object CMakeFiles/capstone-static.dir/arch/Mips/MipsMapping.c.o
#20 19.73 [ 19%] Building C object CMakeFiles/capstone-static.dir/arch/Mips/MipsModule.c.o
#20 19.80 [ 20%] Building C object CMakeFiles/capstone-static.dir/arch/PowerPC/PPCDisassembler.c.o
#20 20.47 [ 21%] Building C object CMakeFiles/capstone-static.dir/arch/PowerPC/PPCInstPrinter.c.o
#20 22.73 [ 22%] Building C object CMakeFiles/capstone-static.dir/arch/PowerPC/PPCMapping.c.o
#20 22.96 [ 23%] Building C object CMakeFiles/capstone-static.dir/arch/PowerPC/PPCModule.c.o
#20 23.04 [ 24%] Building C object CMakeFiles/capstone-static.dir/arch/X86/X86Disassembler.c.o
#20 23.53 [ 25%] Building C object CMakeFiles/capstone-static.dir/arch/X86/X86DisassemblerDecoder.c.o
#20 25.51 [ 26%] Building C object CMakeFiles/capstone-static.dir/arch/X86/X86IntelInstPrinter.c.o
#20 26.07 [ 27%] Building C object CMakeFiles/capstone-static.dir/arch/X86/X86Mapping.c.o
#20 27.26 [ 28%] Building C object CMakeFiles/capstone-static.dir/arch/X86/X86Module.c.o
#20 27.33 [ 29%] Building C object CMakeFiles/capstone-static.dir/arch/X86/X86ATTInstPrinter.c.o
#20 27.99 [ 30%] Building C object CMakeFiles/capstone-static.dir/arch/Sparc/SparcDisassembler.c.o
#20 28.48 [ 31%] Building C object CMakeFiles/capstone-static.dir/arch/Sparc/SparcInstPrinter.c.o
#20 30.73 [ 32%] Building C object CMakeFiles/capstone-static.dir/arch/Sparc/SparcMapping.c.o
#20 30.89 [ 33%] Building C object CMakeFiles/capstone-static.dir/arch/Sparc/SparcModule.c.o
#20 30.97 [ 34%] Building C object CMakeFiles/capstone-static.dir/arch/SystemZ/SystemZDisassembler.c.o
#20 33.05 [ 35%] Building C object CMakeFiles/capstone-static.dir/arch/SystemZ/SystemZInstPrinter.c.o
#20 33.51 [ 36%] Building C object CMakeFiles/capstone-static.dir/arch/SystemZ/SystemZMapping.c.o
#20 33.81 [ 37%] Building C object CMakeFiles/capstone-static.dir/arch/SystemZ/SystemZModule.c.o
#20 33.89 [ 38%] Building C object CMakeFiles/capstone-static.dir/arch/SystemZ/SystemZMCTargetDesc.c.o
#20 33.93 [ 39%] Building C object CMakeFiles/capstone-static.dir/arch/XCore/XCoreDisassembler.c.o
#20 34.59 [ 40%] Building C object CMakeFiles/capstone-static.dir/arch/XCore/XCoreInstPrinter.c.o
#20 34.79 [ 41%] Building C object CMakeFiles/capstone-static.dir/arch/XCore/XCoreMapping.c.o
#20 34.90 [ 42%] Building C object CMakeFiles/capstone-static.dir/arch/XCore/XCoreModule.c.o
#20 34.98 [ 43%] Building C object CMakeFiles/capstone-static.dir/arch/M68K/M68KDisassembler.c.o
#20 36.50 [ 44%] Building C object CMakeFiles/capstone-static.dir/arch/M68K/M68KInstPrinter.c.o
#20 36.66 [ 45%] Building C object CMakeFiles/capstone-static.dir/arch/M68K/M68KModule.c.o
#20 36.73 [ 46%] Building C object CMakeFiles/capstone-static.dir/arch/TMS320C64x/TMS320C64xDisassembler.c.o
#20 37.26 [ 47%] Building C object CMakeFiles/capstone-static.dir/arch/TMS320C64x/TMS320C64xInstPrinter.c.o
#20 37.48 [ 48%] Building C object CMakeFiles/capstone-static.dir/arch/TMS320C64x/TMS320C64xMapping.c.o
#20 37.60 [ 49%] Building C object CMakeFiles/capstone-static.dir/arch/TMS320C64x/TMS320C64xModule.c.o
#20 37.67 [ 50%] Building C object CMakeFiles/capstone-static.dir/arch/M680X/M680XDisassembler.c.o
#20 38.60 [ 51%] Building C object CMakeFiles/capstone-static.dir/arch/M680X/M680XInstPrinter.c.o
#20 38.89 [ 52%] Building C object CMakeFiles/capstone-static.dir/arch/M680X/M680XModule.c.o
#20 38.98 [ 53%] Building C object CMakeFiles/capstone-static.dir/arch/EVM/EVMDisassembler.c.o
#20 39.07 [ 54%] Building C object CMakeFiles/capstone-static.dir/arch/EVM/EVMInstPrinter.c.o
#20 39.15 [ 55%] Building C object CMakeFiles/capstone-static.dir/arch/EVM/EVMMapping.c.o
#20 39.25 [ 56%] Building C object CMakeFiles/capstone-static.dir/arch/EVM/EVMModule.c.o
#20 39.32 [ 57%] Building C object CMakeFiles/capstone-static.dir/arch/MOS65XX/MOS65XXModule.c.o
#20 39.42 [ 58%] Building C object CMakeFiles/capstone-static.dir/arch/MOS65XX/MOS65XXDisassembler.c.o
#20 39.55 [ 59%] Linking C static library libcapstone.a
#20 39.71 [ 59%] Built target capstone-static
#20 39.73 [ 60%] Building C object CMakeFiles/test_ppc.dir/tests/test_ppc.c.o
#20 39.85 [ 61%] Linking C executable test_ppc
#20 40.07 [ 61%] Built target test_ppc
#20 40.08 [ 62%] Building C object CMakeFiles/test_basic.dir/tests/test_basic.c.o
#20 40.18 [ 63%] Linking C executable test_basic
#20 40.40 [ 63%] Built target test_basic
#20 40.41 [ 64%] Building C object CMakeFiles/test_mips.dir/tests/test_mips.c.o
#20 40.52 [ 65%] Linking C executable test_mips
#20 40.74 [ 65%] Built target test_mips
#20 40.76 [ 66%] Building C object CMakeFiles/test_x86.dir/tests/test_x86.c.o
#20 41.01 [ 67%] Linking C executable test_x86
#20 41.22 [ 67%] Built target test_x86
#20 41.24 [ 68%] Building C object CMakeFiles/test_arm.dir/tests/test_arm.c.o
#20 41.41 [ 69%] Linking C executable test_arm
#20 41.62 [ 69%] Built target test_arm
#20 41.64 [ 70%] Building C object CMakeFiles/test_iter.dir/tests/test_iter.c.o
#20 41.75 [ 71%] Linking C executable test_iter
#20 41.97 [ 71%] Built target test_iter
#20 41.98 [ 72%] Building C object CMakeFiles/test_detail.dir/tests/test_detail.c.o
#20 42.09 [ 73%] Linking C executable test_detail
#20 42.32 [ 73%] Built target test_detail
#20 42.33 [ 74%] Building C object CMakeFiles/test_tms320c64x.dir/tests/test_tms320c64x.c.o
#20 42.46 [ 75%] Linking C executable test_tms320c64x
#20 42.67 [ 75%] Built target test_tms320c64x
#20 42.69 [ 76%] Building C object CMakeFiles/test_customized_mnem.dir/tests/test_customized_mnem.c.o
#20 42.77 [ 77%] Linking C executable test_customized_mnem
#20 42.99 [ 77%] Built target test_customized_mnem
#20 43.00 [ 78%] Building C object CMakeFiles/test_skipdata.dir/tests/test_skipdata.c.o
#20 43.11 [ 79%] Linking C executable test_skipdata
#20 43.32 [ 79%] Built target test_skipdata
#20 43.34 [ 80%] Building C object CMakeFiles/test_sparc.dir/tests/test_sparc.c.o
#20 43.45 [ 81%] Linking C executable test_sparc
#20 43.68 [ 81%] Built target test_sparc
#20 43.69 [ 82%] Building C object CMakeFiles/test_systemz.dir/tests/test_systemz.c.o
#20 43.81 [ 83%] Linking C executable test_systemz
#20 44.02 [ 83%] Built target test_systemz
#20 44.03 [ 84%] Building C object CMakeFiles/test_xcore.dir/tests/test_xcore.c.o
#20 44.15 [ 85%] Linking C executable test_xcore
#20 44.36 [ 85%] Built target test_xcore
#20 44.37 [ 86%] Building C object CMakeFiles/test_arm64.dir/tests/test_arm64.c.o
#20 44.52 [ 87%] Linking C executable test_arm64
#20 44.73 [ 87%] Built target test_arm64
#20 44.74 [ 88%] Building C object CMakeFiles/test_m68k.dir/tests/test_m68k.c.o
#20 44.87 [ 89%] Linking C executable test_m68k
#20 45.10 [ 89%] Built target test_m68k
#20 45.12 [ 90%] Building C object CMakeFiles/test_m680x.dir/tests/test_m680x.c.o
#20 45.29 [ 91%] Linking C executable test_m680x
#20 45.51 [ 91%] Built target test_m680x
#20 45.52 [ 92%] Building C object CMakeFiles/test_mos65xx.dir/tests/test_mos65xx.c.o
#20 45.63 [ 93%] Linking C executable test_mos65xx
#20 45.84 [ 93%] Built target test_mos65xx
#20 45.85 [ 94%] Building C object CMakeFiles/test_evm.dir/tests/test_evm.c.o
#20 45.95 [ 95%] Linking C executable test_evm
#20 46.16 [ 95%] Built target test_evm
#20 46.18 [ 96%] Building C object CMakeFiles/test_arm_regression.dir/suite/arm/test_arm_regression.c.o
#20 46.33 [ 97%] Linking C executable test_arm_regression
#20 46.61 [ 97%] Built target test_arm_regression
#20 46.63 [ 98%] Building C object CMakeFiles/fuzz_disasm.dir/suite/fuzz/onefile.c.o
#20 46.68 [ 99%] Building C object CMakeFiles/fuzz_disasm.dir/suite/fuzz/fuzz_disasm.c.o
#20 46.78 [100%] Linking C executable fuzz_disasm
#20 47.00 [100%] Built target fuzz_disasm
#20 47.02 + cd ../suite/fuzz
#20 47.02 + cp fuzz_disasm.options /out/
#20 47.02 + clang -DFUZZING_BUILD_MODE_UNSAFE_FOR_PRODUCTION -pthread -Wl,--no-as-needed -Wl,-ldl -Wl,-lm -Wno-unused-command-line-argument -O3 -fsanitize-coverage=trace-pc-guard -I../../include/ -c fuzz_disasm.c -o fuzz_disasm.o
#20 47.11 + clang++ -DFUZZING_BUILD_MODE_UNSAFE_FOR_PRODUCTION -pthread -Wl,--no-as-needed -Wl,-ldl -Wl,-lm -Wno-unused-command-line-argument -stdlib=libc++ -O3 -fsanitize-coverage=trace-pc-guard fuzz_disasm.o -o /out/fuzz_disasmmaster ../../build/libcapstone.a -lFuzzingEngine
#20 47.46 + cd ../../../
#20 47.46 [post_build] Copying afl-fuzz to $OUT directory
#20 DONE 48.4s

#21 exporting to image
#21 sha256:e8c613e07b0b7ff33893b694f7759a10d42e180f2b4dc349fb57dc6b71dcab00
#21 exporting layers done
#21 writing image sha256:e7fb9aed04191a0a8d02b785c3eb933ea66cbc791c476fd455fb4426b0078a51
#21 writing image sha256:e7fb9aed04191a0a8d02b785c3eb933ea66cbc791c476fd455fb4426b0078a51 0.0s done
#21 naming to gcr.io/fuzzbench/builders/afl/capstone_capstone done
#21 DONE 0.2s

#22 exporting cache
#22 sha256:2700d4ef94dee473593c5c614b55b2dedcca7893909811a8f2b48291a1f581e4
#22 preparing build cache for export done
#22 DONE 0.0s
------
 > importing cache manifest from gcr.io/fuzzbench/builders/afl/capstone_capstone:
------
#1 [internal] load build definition from runner.Dockerfile
#1 sha256:b69ab6064503ddafa6a3b38bb8d351d40a98a3b5ccf6995ba212f52dc22ef0e4
#1 transferring dockerfile: 656B done
#1 DONE 0.0s

#2 [internal] load .dockerignore
#2 sha256:f70cfda36afed96f08a1f923305134a939158971df60ad025ea1e2ccd2367940
#2 transferring context: 2B done
#2 DONE 0.1s

#3 [internal] load metadata for gcr.io/fuzzbench/base-image:latest
#3 sha256:932022888f650cc455b10eb5123bb08c0cccacac29a693e69314abbfd28a72c3
#3 DONE 0.0s

#4 [1/1] FROM gcr.io/fuzzbench/base-image
#4 sha256:4d07825694520f8b6f6a0d8592dbd345433361ae044cb7f06706c5a95e3daaad
#4 DONE 0.0s

#5 importing cache manifest from gcr.io/fuzzbench/runners/afl/capstone_capstone-intermediate
#5 sha256:2f1b520568ae87334b850bd3ac94298346fe1c441c01d5b91c55c73a548558b1
#5 ERROR: gcr.io/fuzzbench/runners/afl/capstone_capstone-intermediate:latest: not found

#4 [1/1] FROM gcr.io/fuzzbench/base-image
#4 sha256:4d07825694520f8b6f6a0d8592dbd345433361ae044cb7f06706c5a95e3daaad
#4 CACHED

#6 exporting to image
#6 sha256:e8c613e07b0b7ff33893b694f7759a10d42e180f2b4dc349fb57dc6b71dcab00
#6 exporting layers done
#6 writing image sha256:3e4588a9aebaeeab0d6e65a047af35e4caf540bb58ccd8719f28cf6fa6b3868f done
#6 naming to gcr.io/fuzzbench/runners/afl/capstone_capstone-intermediate 0.0s done
#6 DONE 0.1s

#7 exporting cache
#7 sha256:2700d4ef94dee473593c5c614b55b2dedcca7893909811a8f2b48291a1f581e4
#7 preparing build cache for export done
#7 DONE 0.0s
------
 > importing cache manifest from gcr.io/fuzzbench/runners/afl/capstone_capstone-intermediate:
------
#1 [internal] load build definition from Dockerfile
#1 sha256:141d3d00b646600aa60eff9a258f5d5a66d7ae0b5642a4e64bfb50710c8955a5
#1 transferring dockerfile: 3.17kB done
#1 DONE 0.1s

#2 [internal] load .dockerignore
#2 sha256:5199456f3daf64f3060145d35ee093b1774eb671da7f4111e7fed8d541d8900a
#2 transferring context: 34B done
#2 DONE 0.1s

#3 [internal] load metadata for gcr.io/fuzzbench/runners/afl/capstone_capstone-intermediate:latest
#3 sha256:c53acd5116e96aa2310bb72ab6d15006a2b87e4b5682421e1013e3a704adc6bb
#3 DONE 0.0s

#4 [internal] load metadata for gcr.io/fuzzbench/builders/afl/capstone_capstone:latest
#4 sha256:fc8565b0ff9dd29c478cb9e7c04a4237c375a2a679700ed504b5909348e4707b
#4 DONE 0.0s

#5 [stage-1  1/13] FROM gcr.io/fuzzbench/runners/afl/capstone_capstone-intermediate
#5 sha256:276a03c97b0e94248479abd7a2ce880a454cb8a26c2de18dc711871b306b7054
#5 DONE 0.0s

#11 [internal] load build context
#11 sha256:2f8329354ecae6d9e6d6596c3fc94a749bbee34e7aa5544327d8a4938c9bf138
#11 DONE 0.0s

#9 [builder 1/1] FROM gcr.io/fuzzbench/builders/afl/capstone_capstone
#9 sha256:437d6549f84bfe14517db87fad61a08bcb3691a90553013b72de01257728b86b
#9 DONE 0.0s

#20 importing cache manifest from gcr.io/fuzzbench/runners/afl/capstone_capstone
#20 sha256:8448a71c8a99d1f7a7ba30b44cdf80c7aced4e9450b1e1291d5aeb1d87a018be
#20 ERROR: gcr.io/fuzzbench/runners/afl/capstone_capstone:latest: not found

#11 [internal] load build context
#11 sha256:2f8329354ecae6d9e6d6596c3fc94a749bbee34e7aa5544327d8a4938c9bf138
#11 ...

#9 [builder 1/1] FROM gcr.io/fuzzbench/builders/afl/capstone_capstone
#9 sha256:437d6549f84bfe14517db87fad61a08bcb3691a90553013b72de01257728b86b
#9 DONE 0.5s

#11 [internal] load build context
#11 sha256:2f8329354ecae6d9e6d6596c3fc94a749bbee34e7aa5544327d8a4938c9bf138
#11 transferring context: 17.59MB 0.6s done
#11 DONE 0.7s

#6 [stage-1  2/13] RUN apt-get update -y && apt-get install -y     libglib2.0-0     libxml2     libarchive13     libgss3
#6 sha256:f432c413d3ef3b13adc054a955cca1f241b015e0423a4e1713a2415610a96a5f
#6 CACHED

#7 [stage-1  3/13] RUN mkdir -p /out
#7 sha256:4b6001d587a23a0032288a5e2cca4bd85a707ee2c02b29bcd4e43b9cee689e5f
#7 CACHED

#8 [stage-1  4/13] WORKDIR /out
#8 sha256:1a2c07e629745bd3d01813c973c705a56221c778e33f56ea753f5466970d65a7
#8 CACHED

#10 [stage-1  5/13] COPY --from=builder /out/ ./
#10 sha256:25daafb252ddb2d6e0d61dc9ef73f4f4d6628589fb6776cf71538a96dc23e00e
#10 DONE 0.1s

#12 [stage-1  6/13] COPY benchmarks /src/benchmarks
#12 sha256:dc09ba675dadf7cb7e3941111d71e6dec6c6158fe24c864a417b35912d909e57
#12 DONE 0.7s

#13 [stage-1  7/13] COPY fuzzers /src/fuzzers
#13 sha256:9f628b31e259ab6e6c4cb578376ea3f6f7eaea65e01450bd7c894d75811df8b0
#13 DONE 0.2s

#14 [stage-1  8/13] RUN touch __init__.py
#14 sha256:a07d50ae277ba87575567dd8d2fdb84e5cd299be0b01090b52880291a970bb7d
#14 DONE 0.5s

#15 [stage-1  9/13] RUN mkdir -p /out/seeds /out/corpus
#15 sha256:aeef179bc5bf446e73fa218fdd3f92dba4d5680c51f66ae7cbd576988a8d7b26
#15 DONE 0.7s

#16 [stage-1 10/13] COPY common /src/common
#16 sha256:3f672cd7e8c3aca1c9c884e2c29420ab376fc030696e224dc9881b9999b00653
#16 DONE 0.2s

#17 [stage-1 11/13] COPY experiment/runner.py /src/experiment/runner.py
#17 sha256:f3b0b5b37ac580f8a4070c603b227f36e30c736c1bf154191e8b20704871026f
#17 DONE 0.1s

#18 [stage-1 12/13] COPY docker/benchmark-runner /src/docker/benchmark-runner
#18 sha256:f25b0654e505fb06978a4e6051ea661c035799bf4991d92c7a5d06b3ac266835
#18 DONE 0.2s

#19 [stage-1 13/13] RUN chmod +x /src/docker/benchmark-runner/startup-runner.sh
#19 sha256:81933d4b7a664f867cc3b05484ec556d1794ae1dc5c8b1d3c08967e2a8b6caf3
#19 DONE 0.5s

#21 exporting to image
#21 sha256:e8c613e07b0b7ff33893b694f7759a10d42e180f2b4dc349fb57dc6b71dcab00
#21 exporting layers done
#21 writing image sha256:ef2cdcc79a33810891f86c04914a3d0c64babf279a9856e157fa35d457a86997 done
#21 naming to gcr.io/fuzzbench/runners/afl/capstone_capstone done
#21 DONE 0.1s

#22 exporting cache
#22 sha256:2700d4ef94dee473593c5c614b55b2dedcca7893909811a8f2b48291a1f581e4
#22 preparing build cache for export done
#22 DONE 0.0s
------
 > importing cache manifest from gcr.io/fuzzbench/runners/afl/capstone_capstone:
------
INFO:root:Doing trial as part of experiment.
INFO:root:Starting trial.
ERROR:root:Fuzz target binary not found.
INFO:root:Doing final sync.
ERROR:root:Call to <function get_stats at 0x7f82c7cd3f70> failed. Extras: {'traceback': 'Traceback (most recent call last):\n  File "/src/experiment/runner.py", line 374, in record_stats\n    stats_json_str = fuzzer_module_get_stats(output_corpus,\n  File "/src/fuzzers/afl/fuzzer.py", line 51, in get_stats\n    with open(stats_file) as file_handle:\nFileNotFoundError: [Errno 2] No such file or directory: \'/out/corpus/fuzzer_stats\'\n'}
/bin/sh: 1: source: not found
#2 [internal] load .dockerignore
#2 sha256:411c08da03e2c4eee5dd6854988e3d88ee8f97a50307e522f788722f2bb77176
#2 transferring context: 2B done
#2 DONE 0.2s

#1 [internal] load build definition from Dockerfile
#1 sha256:53b60062a749ff0a0fb7037e78a1ca9f5930902180a4456f6308e76e9df24129
#1 transferring dockerfile: 32B done
#1 DONE 0.2s

#3 [internal] load metadata for gcr.io/oss-fuzz-base/base-builder:latest
#3 sha256:f10dc39cc9d418a5bc416dead31a1902b6821fdae909cd3b08f7a3fd1faba7b5
#3 DONE 0.4s

#5 [1/5] FROM gcr.io/oss-fuzz-base/base-builder@sha256:f4e5ea12494fab091c5d830cf803b3421f2860f729b9d1b07da44924396cf8cf
#5 sha256:ef290950573a2779ee526af357b28fbddfc20d7409aa51f58f777c9e972cba29
#5 DONE 0.0s

#4 importing cache manifest from gcr.io/fuzzbench/builders/benchmark/capstone_capstone
#4 sha256:30f9b6cdf058ba32086918a88b9638952de3f91a557a981fb742fa5023ddeff4
#4 DONE 0.0s

#9 [internal] load build context
#9 sha256:2183ccc2b946df251bca9d1214228007c4698d3a905e4673a396e14608d57471
#9 transferring context: 30B done
#9 DONE 0.1s

#7 [3/5] RUN git clone --depth 1 --branch master https://github.com/aquynh/capstone.git capstonemaster
#7 sha256:6bc92548613bfdd38ad5c5eb4626f9ac3ee99b053d9ea1c0f2acb3731a61a72c
#7 CACHED

#8 [4/5] WORKDIR /src
#8 sha256:8a866ae635294e172fa16227c0d339dbc45158d23d807747d9173fa760035bb9
#8 CACHED

#6 [2/5] RUN apt-get update && apt-get install -y make cmake tshark
#6 sha256:989cdf0febaaf2b8e40eb738764114d51c7d20ddc39bd195103ed99642cd179c
#6 CACHED

#10 [5/5] COPY build.sh /src/
#10 sha256:f4b26da9b215005e9de0e31b3250d8bfcf709e1742e0a74288ce1adc519f4afc
#10 CACHED

#11 exporting to image
#11 sha256:e8c613e07b0b7ff33893b694f7759a10d42e180f2b4dc349fb57dc6b71dcab00
#11 exporting layers done
#11 writing image sha256:169c7cfdf3d68c01cbfb81a5ab8648b5ecf1b27d28d618f314519ab770f5bce5
#11 writing image sha256:169c7cfdf3d68c01cbfb81a5ab8648b5ecf1b27d28d618f314519ab770f5bce5 0.0s done
#11 naming to gcr.io/fuzzbench/builders/benchmark/capstone_capstone done
#11 DONE 0.3s

#12 exporting cache
#12 sha256:2700d4ef94dee473593c5c614b55b2dedcca7893909811a8f2b48291a1f581e4
#12 preparing build cache for export done
#12 DONE 0.0s
#2 [internal] load .dockerignore
#2 sha256:af37c4aa819a4f5991e590aedd2207ac0a8657fe582f6719fc46a86c5fc02c25
#2 transferring context: 2B done
#2 DONE 0.2s

#1 [internal] load build definition from builder.Dockerfile
#1 sha256:e0db4d4b04d6f21538487eaee20f4b5db24cc550a8b0e447b42e29094a1b21cd
#1 transferring dockerfile: 1.35kB done
#1 DONE 0.2s

#3 [internal] load metadata for gcr.io/fuzzbench/builders/benchmark/capstone_capstone:latest
#3 sha256:6a9cf75d42ca9e717fed92ae07db15847ea666bc29c6c91efe6b621efaef474a
#3 DONE 0.0s

#5 [1/3] FROM gcr.io/fuzzbench/builders/benchmark/capstone_capstone
#5 sha256:c4bb0ecb542161c27ddb84ad3a7fd5b8cd79ca4734aa1fa6c462e315f3eb8b67
#5 DONE 0.0s

#4 importing cache manifest from gcr.io/fuzzbench/builders/afl/capstone_capstone-intermediate
#4 sha256:9282bded547d2da72cfab7cbf789347984bb6dbfdd971bf7318a728636717f1e
#4 DONE 0.0s

#6 [2/3] RUN git clone https://github.com/google/AFL.git /afl &&     cd /afl &&     git checkout 61037103ae3722c8060ff7082994836a794f978e &&     AFL_NO_X86=1 make
#6 sha256:ff2e90ae24a090f91b9db02b23b8ad834d85874b8fe4e6f1d33a92d058c25c9c
#6 CACHED

#7 [3/3] RUN apt-get update &&     apt-get install wget -y &&     wget https://raw.githubusercontent.com/llvm/llvm-project/5feb80e748924606531ba28c97fe65145c65372e/compiler-rt/lib/fuzzer/afl/afl_driver.cpp -O /afl/afl_driver.cpp &&     clang -Wno-pointer-sign -c /afl/llvm_mode/afl-llvm-rt.o.c -I/afl &&     clang++ -stdlib=libc++ -std=c++11 -O2 -c /afl/afl_driver.cpp &&     ar r /libAFL.a *.o
#7 sha256:e5afc6165f71fc15030d68f5e74d7b431f8272ade87d1e367ecc9e97ac7a6ad6
#7 CACHED

#8 exporting to image
#8 sha256:e8c613e07b0b7ff33893b694f7759a10d42e180f2b4dc349fb57dc6b71dcab00
#8 exporting layers done
#8 writing image sha256:150cae16da2575ce77af706227be03899850c1402f9e6fcc114a7a1eb29aa8f4 done
#8 naming to gcr.io/fuzzbench/builders/afl/capstone_capstone-intermediate done
#8 DONE 0.3s

#9 exporting cache
#9 sha256:2700d4ef94dee473593c5c614b55b2dedcca7893909811a8f2b48291a1f581e4
#9 preparing build cache for export done
#9 DONE 0.0s
#1 [internal] load build definition from Dockerfile
#1 sha256:f743a9b54979fc2c38cf0b2233a3a8a5a9441400c4a7d83ee6bb90283b4d5e8b
#1 transferring dockerfile: 2.00kB done
#1 DONE 0.0s

#2 [internal] load .dockerignore
#2 sha256:6d88ad91c83485b1beb09f76ad83107696ad2684b615780150c2cc259d080f1e
#2 transferring context: 34B done
#2 DONE 0.0s

#3 [internal] load metadata for docker.io/library/ubuntu:xenial
#3 sha256:f62bae18ed588840f045c881b2502661f2a89578a2f8f99b83f5200ee83dd25b
#3 DONE 0.0s

#5 [1/7] FROM docker.io/library/ubuntu:xenial
#5 sha256:14dd403f25ae9e519bd44f27dc17af7ce80f5a4f9f48ca88108364e67ec5d360
#5 DONE 0.0s

#4 importing cache manifest from gcr.io/fuzzbench/base-image
#4 sha256:9b220ebb4d4daceed1b96df9b6dca076e762f1cd612574f010b82d5b9e5ad896
#4 DONE 0.0s

#8 [internal] load build context
#8 sha256:bc98d71164a027d01dc0c0e24b2e78acdb4c476a8e4e4292ac804d0c89bb63a4
#8 transferring context: 559B 0.1s done
#8 DONE 0.3s

#7 [3/7] RUN cd /tmp/ &&     curl -O https://www.python.org/ftp/python/3.8.6/Python-3.8.6.tar.xz &&     tar -xvf Python-3.8.6.tar.xz &&     cd Python-3.8.6 &&     ./configure --enable-loadable-sqlite-extensions --enable-optimizations &&     make -j install &&     rm -r /tmp/Python-3.8.6.tar.xz /tmp/Python-3.8.6
#7 sha256:c5b9d1fb3371e84dbc60b76e7b2f8d5913bc93bcd4910ab65daa03e7b2ec4bb0
#7 CACHED

#9 [4/7] COPY ./requirements.txt /
#9 sha256:ea86e794158317c0d8b3a78147bd038839f1e86eb79f576d140c9e9940ac7027
#9 CACHED

#10 [5/7] RUN pip3 install -r /requirements.txt
#10 sha256:8f9bc006b17aa5cdbdcededc589443182f0d2bf48db1b9cd33c599aba72b735f
#10 CACHED

#11 [6/7] RUN apt-get update -y && apt-get install -y     apt-transport-https     lsb-release
#11 sha256:7fa61105fd4f7fb51791d49e32154e1994cee2c98dcf3d83d4db47bd0754ab51
#11 CACHED

#6 [2/7] RUN apt-get update -y && apt-get install -y     build-essential     rsync     curl     zlib1g-dev     libncurses5-dev     libgdbm-dev     libnss3-dev     libssl-dev     libreadline-dev     libffi-dev     virtualenv     libbz2-dev     liblzma-dev     libsqlite3-dev
#6 sha256:3a1b0960f17eed529eaae93dc8fd3554f2743dd584d8fa569cdbe6bc734371ac
#6 CACHED

#12 [7/7] RUN CLOUD_SDK_REPO="cloud-sdk-$(lsb_release -c -s)" &&     echo "deb https://packages.cloud.google.com/apt $CLOUD_SDK_REPO main"     | tee -a /etc/apt/sources.list.d/google-cloud-sdk.list &&     curl https://packages.cloud.google.com/apt/doc/apt-key.gpg     | apt-key add - &&     apt-get update -y &&     apt-get install -y google-cloud-sdk
#12 sha256:4729e60e962912524ff9b3fb4b23145a17ce165583d8a21adefce4c2ed61a24a
#12 CACHED

#13 exporting to image
#13 sha256:e8c613e07b0b7ff33893b694f7759a10d42e180f2b4dc349fb57dc6b71dcab00
#13 exporting layers done
#13 writing image sha256:139540fb22a119f888cb3e5ed6e013e8d868574697f5fb839e5da9e23de73e0a
#13 writing image sha256:139540fb22a119f888cb3e5ed6e013e8d868574697f5fb839e5da9e23de73e0a 0.0s done
#13 naming to gcr.io/fuzzbench/base-image done
#13 DONE 0.1s

#14 exporting cache
#14 sha256:2700d4ef94dee473593c5c614b55b2dedcca7893909811a8f2b48291a1f581e4
#14 preparing build cache for export done
#14 DONE 0.0s
#1 [internal] load build definition from Dockerfile
#1 sha256:20bf2ff6fc9b2a4c7cc08eed90d2242b373952461c52b2bad1c1391ea703e193
#1 transferring dockerfile: 2.22kB done
#1 DONE 0.1s

#2 [internal] load .dockerignore
#2 sha256:5a6cb256ea5fe348333d85efb038294ec260aa2a0dc3fa573af7860c2c1d39b5
#2 transferring context: 34B done
#2 DONE 0.1s

#4 [internal] load metadata for gcr.io/fuzzbench/base-image:latest
#4 sha256:932022888f650cc455b10eb5123bb08c0cccacac29a693e69314abbfd28a72c3
#4 DONE 0.0s

#3 [internal] load metadata for gcr.io/fuzzbench/builders/afl/capstone_capstone-intermediate:latest
#3 sha256:abe1da8ddc251e2f367ae663d121bc4dfcde3d89bb4e998c3eac6c23b7c32718
#3 DONE 0.0s

#7 [base-image 1/1] FROM gcr.io/fuzzbench/base-image
#7 sha256:4d07825694520f8b6f6a0d8592dbd345433361ae044cb7f06706c5a95e3daaad
#7 DONE 0.0s

#6 [stage-1  1/13] FROM gcr.io/fuzzbench/builders/afl/capstone_capstone-intermediate
#6 sha256:039065087126e7fb5915a81472286df84219b05b6d3ac3cfeaa513433415cb86
#6 DONE 0.0s

#5 importing cache manifest from gcr.io/fuzzbench/builders/afl/capstone_capstone
#5 sha256:3cc5cfa220b4f386ae310b0351a1b6424adad23f3d98f08c476ff1b1b1af2511
#5 DONE 0.0s

#12 [internal] load build context
#12 sha256:15c123cdb09b07182164d9746098c25e1ef6e8fafe804bd9a7ff762a135f0f31
#12 transferring context: 669.87kB 0.1s done
#12 DONE 0.1s

#15 [stage-1  8/13] COPY benchmarks/capstone_capstone/benchmark.yaml /
#15 sha256:ef4da1f0e648811e5e3220faa79ac724eb8f3aeb432c404cebc4d8f3946f1382
#15 CACHED

#17 [stage-1 10/13] COPY docker/benchmark-builder/checkout_commit.py /opt/fuzzbench/
#17 sha256:b095ae1335786546186fa2d41b55b3679700d9e6e210cda7c37bd108b40d1cb4
#17 CACHED

#9 [stage-1  3/13] COPY --from=base-image /usr/local/lib/python3.8 /usr/local/lib/python3.8
#9 sha256:2c5ab0fe37b9d51a77ce70325bf444a5e7a174001373a2a787168230005e8eb6
#9 CACHED

#19 [stage-1 12/13] RUN echo "#!/bin/bash\nPYTHONPATH=/src python3 -u -c "from fuzzers import utils; utils.initialize_env(); from fuzzers.afl import fuzzer; fuzzer.build()"" > /usr/bin/fuzzer_build &&     chmod +x /usr/bin/fuzzer_build
#19 sha256:070bdf74791b304863ccbd104df66d2d4b9d0a48f93760e07e4b625dbdd9f3d6
#19 CACHED

#8 [stage-1  2/13] COPY --from=base-image /usr/local/bin/python3* /usr/local/bin/
#8 sha256:b5cf4efac81c55ea3a97f5ebd2b9bb34ba6db5704a449b1357dddb2a2f894662
#8 CACHED

#11 [stage-1  5/13] COPY --from=base-image /usr/local/lib/python3.8/site-packages /usr/local/lib/python3.8/site-packages
#11 sha256:cd1406e92f15141f77d1c5b8f5f4017131f4d0e326321821828c8455348e16e3
#11 CACHED

#10 [stage-1  4/13] COPY --from=base-image /usr/local/include/python3.8 /usr/local/include/python3.8
#10 sha256:6ef676121453f2cce66e7ed1927aca0c8a8c0bdbb99adfa0fb2b2cfe96e0e423
#10 CACHED

#18 [stage-1 11/13] RUN export CHECKOUT_COMMIT=$(cat /benchmark.yaml | tr -d ' ' | grep 'commit:' | cut -d ':' -f2) &&     python3 -u /opt/fuzzbench/checkout_commit.py $CHECKOUT_COMMIT /src
#18 sha256:6291f3725735fa2252121de8ebaaad2b54eeeec1fa2d4a9b457e87990efd4d30
#18 CACHED

#14 [stage-1  7/13] RUN touch /src/__init__.py
#14 sha256:f126fd20bcd416e39add0c50424d02475858b4abf658cf2b07759fec8bf40c1c
#14 CACHED

#16 [stage-1  9/13] RUN mkdir /opt/fuzzbench/
#16 sha256:10fc2249d7875c3212f8c7a738826a54a6f2a1c334b3eb88be5c52852a5c07fe
#16 CACHED

#13 [stage-1  6/13] COPY fuzzers /src/fuzzers
#13 sha256:c0554d70bf74b30b53460bbfe3eff03795cf68dedccac776a51c1d400ce82c9f
#13 CACHED

#20 [stage-1 13/13] RUN echo "Run fuzzer_build to build the target" && if [ -z "$debug_builder" ] ; then fuzzer_build; fi
#20 sha256:01b54fe7aadd200fb9e4a9194e7a9db993eb786cfda34b02d86326ff5896d5ce
#20 CACHED

#21 exporting to image
#21 sha256:e8c613e07b0b7ff33893b694f7759a10d42e180f2b4dc349fb57dc6b71dcab00
#21 exporting layers done
#21 writing image sha256:e7fb9aed04191a0a8d02b785c3eb933ea66cbc791c476fd455fb4426b0078a51 0.0s done
#21 naming to gcr.io/fuzzbench/builders/afl/capstone_capstone done
#21 DONE 0.4s

#22 exporting cache
#22 sha256:2700d4ef94dee473593c5c614b55b2dedcca7893909811a8f2b48291a1f581e4
#22 preparing build cache for export done
#22 DONE 0.0s
#1 [internal] load build definition from runner.Dockerfile
#1 sha256:ae789154d968624b09eccfca960160dbeec9f6145c42a6832948efe0c53842b1
#1 transferring dockerfile: 656B done
#1 DONE 0.1s

#2 [internal] load .dockerignore
#2 sha256:9d7f2af4b299645141e9b9942e677a2a53c605ca9fcb21ce20a4ec74d5a88b48
#2 transferring context: 2B done
#2 DONE 0.1s

#3 [internal] load metadata for gcr.io/fuzzbench/base-image:latest
#3 sha256:932022888f650cc455b10eb5123bb08c0cccacac29a693e69314abbfd28a72c3
#3 DONE 0.0s

#4 importing cache manifest from gcr.io/fuzzbench/runners/afl/capstone_capstone-intermediate
#4 sha256:2f1b520568ae87334b850bd3ac94298346fe1c441c01d5b91c55c73a548558b1
#4 DONE 0.0s

#5 [1/1] FROM gcr.io/fuzzbench/base-image
#5 sha256:4d07825694520f8b6f6a0d8592dbd345433361ae044cb7f06706c5a95e3daaad
#5 CACHED

#6 exporting to image
#6 sha256:e8c613e07b0b7ff33893b694f7759a10d42e180f2b4dc349fb57dc6b71dcab00
#6 exporting layers done
#6 writing image sha256:3e4588a9aebaeeab0d6e65a047af35e4caf540bb58ccd8719f28cf6fa6b3868f done
#6 naming to gcr.io/fuzzbench/runners/afl/capstone_capstone-intermediate done
#6 DONE 0.1s

#7 exporting cache
#7 sha256:2700d4ef94dee473593c5c614b55b2dedcca7893909811a8f2b48291a1f581e4
#7 preparing build cache for export done
#7 DONE 0.0s
#1 [internal] load build definition from Dockerfile
#1 sha256:da00a05af10efc929be6256436d34313cb7bc8fdb2591bd4823bfc845ab36f13
#1 transferring dockerfile: 3.17kB done
#1 DONE 0.1s

#2 [internal] load .dockerignore
#2 sha256:0fa11758a9da4f4da566501fa840e8538ba261f7415c8a9859f9dd47264656ab
#2 transferring context: 34B done
#2 DONE 0.1s

#3 [internal] load metadata for gcr.io/fuzzbench/runners/afl/capstone_capstone-intermediate:latest
#3 sha256:c53acd5116e96aa2310bb72ab6d15006a2b87e4b5682421e1013e3a704adc6bb
#3 DONE 0.0s

#4 [internal] load metadata for gcr.io/fuzzbench/builders/afl/capstone_capstone:latest
#4 sha256:fc8565b0ff9dd29c478cb9e7c04a4237c375a2a679700ed504b5909348e4707b
#4 DONE 0.0s

#6 [stage-1  1/13] FROM gcr.io/fuzzbench/runners/afl/capstone_capstone-intermediate
#6 sha256:276a03c97b0e94248479abd7a2ce880a454cb8a26c2de18dc711871b306b7054
#6 DONE 0.0s

#5 importing cache manifest from gcr.io/fuzzbench/runners/afl/capstone_capstone
#5 sha256:8448a71c8a99d1f7a7ba30b44cdf80c7aced4e9450b1e1291d5aeb1d87a018be
#5 DONE 0.0s

#10 [builder 1/1] FROM gcr.io/fuzzbench/builders/afl/capstone_capstone
#10 sha256:437d6549f84bfe14517db87fad61a08bcb3691a90553013b72de01257728b86b
#10 DONE 0.0s

#12 [internal] load build context
#12 sha256:7d63e15d19c5a911966a1373c2107454fd3d56410827b0921ba012d0f86f6f6a
#12 transferring context: 17.59MB 0.6s done
#12 DONE 0.7s

#13 [stage-1  6/13] COPY benchmarks /src/benchmarks
#13 sha256:160bb19f718bad643ee20ac130c78beb994f058977e16143a632e05b7a0ea7b2
#13 CACHED

#17 [stage-1 10/13] COPY common /src/common
#17 sha256:38db418ab7205444b06e426c74dc67b0af81c3b0d17a6d1be618e93ef1365431
#17 CACHED

#18 [stage-1 11/13] COPY experiment/runner.py /src/experiment/runner.py
#18 sha256:a23e6512ed6269b88560438478e7642459f89c0c4eb5efec72d25fc57eb2de0c
#18 CACHED

#14 [stage-1  7/13] COPY fuzzers /src/fuzzers
#14 sha256:63364facb027c02e202feeb4541de6d80116b89b1bad7c4dd59baa33866ed5c6
#14 CACHED

#15 [stage-1  8/13] RUN touch __init__.py
#15 sha256:c46f0ff7ec6df3943c5dd23ceb0a5cefbdd1372ae9906aafcfcac3f691a9d019
#15 CACHED

#16 [stage-1  9/13] RUN mkdir -p /out/seeds /out/corpus
#16 sha256:4bc09890566d29bc4d6d1f927611258e24ff65e846836e8484e0d975805a884a
#16 CACHED

#19 [stage-1 12/13] COPY docker/benchmark-runner /src/docker/benchmark-runner
#19 sha256:c53e368721d57baeaf4e7172d1aec95187a55561f07a8aa50b15ba3c1175ca3f
#19 CACHED

#8 [stage-1  3/13] RUN mkdir -p /out
#8 sha256:4b6001d587a23a0032288a5e2cca4bd85a707ee2c02b29bcd4e43b9cee689e5f
#8 CACHED

#9 [stage-1  4/13] WORKDIR /out
#9 sha256:1a2c07e629745bd3d01813c973c705a56221c778e33f56ea753f5466970d65a7
#9 CACHED

#7 [stage-1  2/13] RUN apt-get update -y && apt-get install -y     libglib2.0-0     libxml2     libarchive13     libgss3
#7 sha256:f432c413d3ef3b13adc054a955cca1f241b015e0423a4e1713a2415610a96a5f
#7 CACHED

#11 [stage-1  5/13] COPY --from=builder /out/ ./
#11 sha256:25daafb252ddb2d6e0d61dc9ef73f4f4d6628589fb6776cf71538a96dc23e00e
#11 CACHED

#20 [stage-1 13/13] RUN chmod +x /src/docker/benchmark-runner/startup-runner.sh
#20 sha256:6f8f85064744bad4a847f7ce23d01f4427d9f5cd78b1d5cfd6fad8617dd6cfad
#20 CACHED

#21 exporting to image
#21 sha256:e8c613e07b0b7ff33893b694f7759a10d42e180f2b4dc349fb57dc6b71dcab00
#21 exporting layers done
#21 writing image sha256:ef2cdcc79a33810891f86c04914a3d0c64babf279a9856e157fa35d457a86997 0.0s done
#21 naming to gcr.io/fuzzbench/runners/afl/capstone_capstone done
#21 DONE 0.1s

#22 exporting cache
#22 sha256:2700d4ef94dee473593c5c614b55b2dedcca7893909811a8f2b48291a1f581e4
#22 preparing build cache for export done
#22 DONE 0.0s
INFO:root:Doing trial as part of experiment.
INFO:root:Starting trial.
ERROR:root:Fuzz target binary not found.
INFO:root:Doing final sync.
ERROR:root:Call to <function get_stats at 0x7f0d1656df70> failed. Extras: {'traceback': 'Traceback (most recent call last):\n  File "/src/experiment/runner.py", line 374, in record_stats\n    stats_json_str = fuzzer_module_get_stats(output_corpus,\n  File "/src/fuzzers/afl/fuzzer.py", line 51, in get_stats\n    with open(stats_file) as file_handle:\nFileNotFoundError: [Errno 2] No such file or directory: \'/out/corpus/fuzzer_stats\'\n'}
