WARNING:root:gcloud not found in PATH.
INFO:root:Successfully integrated benchmark: wasmtime_wasmtime.
INFO:root:Please run "make test-run-afl-wasmtime_wasmtime" to test integration.
#1 [internal] load build definition from Dockerfile
#1 sha256:fd344947fdaf3647d0bc2fb6564e244416334bcbfe51dc90c652f193fdee04d7
#1 transferring dockerfile: 1.34kB done
#1 DONE 0.1s

#2 [internal] load .dockerignore
#2 sha256:febf742b0554a3b6172128f9ce76336d465eb1c6e8399e13f4744ae7773553ee
#2 transferring context: 2B done
#2 DONE 0.1s

#3 [internal] load metadata for gcr.io/oss-fuzz-base/base-builder:latest
#3 sha256:f10dc39cc9d418a5bc416dead31a1902b6821fdae909cd3b08f7a3fd1faba7b5
#3 DONE 0.4s

#13 [internal] load build context
#13 sha256:b00a44a280914b75ba00bca9d8842c07e6698674f5aa3c6886cb5565a5f8d735
#13 DONE 0.0s

#5 [1/9] FROM gcr.io/oss-fuzz-base/base-builder@sha256:f4e5ea12494fab091c5d830cf803b3421f2860f729b9d1b07da44924396cf8cf
#5 sha256:ef290950573a2779ee526af357b28fbddfc20d7409aa51f58f777c9e972cba29
#5 DONE 0.0s

#4 importing cache manifest from gcr.io/fuzzbench/builders/benchmark/wasmtime_wasmtime
#4 sha256:533c0bb4e0e9a1044272be6e1467b44e2852365518bd821183806ce20b30b293
#4 ERROR: gcr.io/fuzzbench/builders/benchmark/wasmtime_wasmtime:latest: not found

#6 [2/9] RUN apt-get update && apt-get install -y make autoconf automake libtool curl cmake python llvm-dev libclang-dev clang
#6 sha256:66bc0ce1eb224e9ff493fe7fadec6414b98db0fd06e0576b70a9dcc480786ace
#6 CACHED

#13 [internal] load build context
#13 sha256:b00a44a280914b75ba00bca9d8842c07e6698674f5aa3c6886cb5565a5f8d735
#13 transferring context: 1.87kB done
#13 DONE 0.2s

#7 [3/9] RUN curl https://sh.rustup.rs | sh -s -- -y --default-toolchain=nightly
#7 sha256:f4e0aacf87c29cf79b6a4070bd205f7c076387acaa48a9db21bde047fd2fbf74
#7 0.663   % Total    % Received % Xferd  Average Speed   Time    Time     Time  Current
#7 0.663                                  Dload  Upload   Total   Spent    Left  Speed
#7 0.663   0     0    0     0    0     0      0      0 --:--:-- --:--:-- --:--:--     0100 21102  100 21102    0     0   202k      0 --:--:-- --:--:-- --:--:--  202k
#7 0.779 info: downloading installer
#7 2.233 warning: it looks like you have an existing installation of Rust at:
#7 2.233 warning: /usr/local/bin
#7 2.233 warning: rustup should not be installed alongside Rust. Please uninstall your existing Rust first.
#7 2.233 warning: Otherwise you may have confusion unless you are careful with your PATH
#7 2.233 warning: If you are sure that you want both rustup and your already installed Rust
#7 2.233 warning: then please reply `y' or `yes' or set RUSTUP_INIT_SKIP_PATH_CHECK to yes
#7 2.233 warning: or pass `-y' to ignore all ignorable checks.
#7 2.233 error: cannot install while Rust is installed
#7 2.233 warning: continuing (because the -y flag is set and the error is ignorable)
#7 2.467 info: profile set to 'default'
#7 2.467 info: default host triple is x86_64-unknown-linux-gnu
#7 2.467 info: syncing channel updates for 'nightly-x86_64-unknown-linux-gnu'
#7 2.785 info: latest update on 2022-02-16, rust version 1.60.0-nightly (09cb29c64 2022-02-15)
#7 2.785 info: downloading component 'cargo'
#7 3.350 info: downloading component 'clippy'
#7 3.629 info: downloading component 'rust-docs'
#7 5.283 info: downloading component 'rust-std'
#7 8.203 info: downloading component 'rustc'
#7 13.05 info: downloading component 'rustfmt'
#7 13.40 info: installing component 'cargo'
#7 14.21 info: installing component 'clippy'
#7 14.67 info: installing component 'rust-docs'
#7 19.26 info: installing component 'rust-std'
#7 22.29 info: installing component 'rustc'
#7 27.62 info: installing component 'rustfmt'
#7 28.52 info: default toolchain set to 'nightly-x86_64-unknown-linux-gnu'
#7 28.52 
#7 28.55   nightly-x86_64-unknown-linux-gnu installed - rustc 1.60.0-nightly (09cb29c64 2022-02-15)
#7 28.55 
#7 28.55 
#7 28.55 Rust is installed now. Great!
#7 28.55 
#7 28.55 To get started you may need to restart your current shell.
#7 28.55 This would reload your PATH environment variable to include
#7 28.55 Cargo's bin directory (/rust/bin).
#7 28.55 
#7 28.55 To configure your current shell, run:
#7 28.55 source /rust/env
#7 DONE 35.4s

#8 [4/9] RUN cargo install cargo-fuzz
#8 sha256:0dae3dffc108e3580e6d176a6e95cafcfff03e069aa419f6bf6753dca6c0ba2e
#8 0.836     Updating crates.io index
#8 56.43  Downloading crates ...
#8 56.73   Downloaded cargo-fuzz v0.11.0
#8 56.89   Installing cargo-fuzz v0.11.0
#8 57.51  Downloading crates ...
#8 57.75   Downloaded structopt-derive v0.4.18
#8 57.76   Downloaded addr2line v0.17.0
#8 57.77   Downloaded unicode-width v0.1.9
#8 57.78   Downloaded textwrap v0.11.0
#8 57.78   Downloaded structopt v0.3.26
#8 57.80   Downloaded vec_map v0.8.2
#8 57.80   Downloaded itoa v1.0.1
#8 57.81   Downloaded heck v0.3.3
#8 57.81   Downloaded fastrand v1.7.0
#8 57.81   Downloaded cfg-if v1.0.0
#8 57.82   Downloaded autocfg v1.1.0
#8 57.82   Downloaded atty v0.2.14
#8 57.82   Downloaded adler v1.0.2
#8 57.83   Downloaded unicode-xid v0.2.2
#8 57.83   Downloaded syn v1.0.86
#8 57.86   Downloaded semver-parser v0.7.0
#8 57.86   Downloaded regex-syntax v0.6.25
#8 57.88   Downloaded version_check v0.9.4
#8 57.89   Downloaded anyhow v1.0.53
#8 57.90   Downloaded quote v1.0.15
#8 57.91   Downloaded proc-macro2 v1.0.36
#8 57.91   Downloaded miniz_oxide v0.4.4
#8 57.92   Downloaded clap v2.34.0
#8 57.94   Downloaded bitflags v1.3.2
#8 57.95   Downloaded memchr v2.4.1
#8 57.96   Downloaded aho-corasick v0.7.18
#8 57.97   Downloaded semver v0.10.0
#8 57.97   Downloaded rustc-cfg v0.4.0
#8 57.97   Downloaded failure v0.1.8
#8 57.98   Downloaded ryu v1.0.9
#8 57.99   Downloaded cargo_metadata v0.11.4
#8 58.00   Downloaded cargo-binutils v0.3.5
#8 58.00   Downloaded serde_derive v1.0.136
#8 58.01   Downloaded serde v1.0.136
#8 58.02   Downloaded serde_json v1.0.79
#8 58.04   Downloaded tempfile v3.3.0
#8 58.04   Downloaded strsim v0.8.0
#8 58.05   Downloaded rustc_version v0.2.3
#8 58.05   Downloaded libc v0.2.118
#8 58.10   Downloaded proc-macro-error v1.0.4
#8 58.11   Downloaded lazy_static v1.4.0
#8 58.11   Downloaded unicode-segmentation v1.9.0
#8 58.12   Downloaded cc v1.0.72
#8 58.13   Downloaded remove_dir_all v0.5.3
#8 58.13   Downloaded toml v0.5.8
#8 58.13   Downloaded semver v0.9.0
#8 58.14   Downloaded rustc-demangle v0.1.21
#8 58.14   Downloaded proc-macro-error-attr v1.0.4
#8 58.14   Downloaded backtrace v0.3.64
#8 58.15   Downloaded synstructure v0.12.6
#8 58.16   Downloaded gimli v0.26.1
#8 58.19   Downloaded ansi_term v0.12.1
#8 58.19   Downloaded failure_derive v0.1.8
#8 58.19   Downloaded object v0.27.1
#8 58.21   Downloaded regex v1.5.4
#8 58.37    Compiling proc-macro2 v1.0.36
#8 58.37    Compiling unicode-xid v0.2.2
#8 58.37    Compiling syn v1.0.86
#8 58.37    Compiling libc v0.2.118
#8 58.37    Compiling memchr v2.4.1
#8 58.38    Compiling version_check v0.9.4
#8 58.38    Compiling serde_derive v1.0.136
#8 58.38    Compiling serde v1.0.136
#8 58.70    Compiling autocfg v1.1.0
#8 59.58    Compiling cc v1.0.72
#8 59.69    Compiling failure_derive v0.1.8
#8 60.05    Compiling adler v1.0.2
#8 60.05    Compiling cfg-if v1.0.0
#8 60.06    Compiling gimli v0.26.1
#8 60.07    Compiling semver-parser v0.7.0
#8 60.07    Compiling unicode-width v0.1.9
#8 60.07    Compiling rustc-demangle v0.1.21
#8 60.30    Compiling serde_json v1.0.79
#8 60.38    Compiling unicode-segmentation v1.9.0
#8 60.53    Compiling itoa v1.0.1
#8 60.61    Compiling strsim v0.8.0
#8 60.93    Compiling ryu v1.0.9
#8 61.19    Compiling vec_map v0.8.2
#8 61.65    Compiling bitflags v1.3.2
#8 61.70    Compiling ansi_term v0.12.1
#8 61.83    Compiling anyhow v1.0.53
#8 61.99    Compiling regex-syntax v0.6.25
#8 62.84    Compiling lazy_static v1.4.0
#8 62.90    Compiling cargo-fuzz v0.11.0
#8 62.92    Compiling remove_dir_all v0.5.3
#8 62.93    Compiling fastrand v1.7.0
#8 63.11    Compiling proc-macro-error-attr v1.0.4
#8 63.17    Compiling proc-macro-error v1.0.4
#8 63.35    Compiling miniz_oxide v0.4.4
#8 63.95    Compiling textwrap v0.11.0
#8 64.00    Compiling semver v0.9.0
#8 64.01    Compiling heck v0.3.3
#8 64.01    Compiling backtrace v0.3.64
#8 65.60    Compiling rustc_version v0.2.3
#8 66.57    Compiling object v0.27.1
#8 66.78    Compiling aho-corasick v0.7.18
#8 67.51    Compiling quote v1.0.15
#8 68.37    Compiling addr2line v0.17.0
#8 68.51    Compiling atty v0.2.14
#8 68.59    Compiling tempfile v3.3.0
#8 69.94    Compiling regex v1.5.4
#8 71.26    Compiling clap v2.34.0
#8 77.88    Compiling synstructure v0.12.6
#8 87.22    Compiling structopt-derive v0.4.18
#8 89.37    Compiling failure v0.1.8
#8 90.69    Compiling rustc-cfg v0.4.0
#8 92.09    Compiling structopt v0.3.26
#8 99.49    Compiling semver v0.10.0
#8 99.49    Compiling toml v0.5.8
#8 101.0    Compiling cargo_metadata v0.11.4
#8 103.8    Compiling cargo-binutils v0.3.5
#8 115.5     Finished release [optimized] target(s) in 1m 54s
#8 115.6   Installing /rust/bin/cargo-fuzz
#8 115.6    Installed package `cargo-fuzz v0.11.0` (executable `cargo-fuzz`)
#8 DONE 115.9s

#9 [5/9] RUN git clone --depth 1 https://github.com/bytecodealliance/wasmtime wasmtime
#9 sha256:0037213cca78e74db3c561f0b17770d23574c134f23d12319d9ec2fb4d04adcb
#9 0.661 Cloning into 'wasmtime'...
#9 DONE 2.7s

#10 [6/9] WORKDIR wasmtime
#10 sha256:4f993f0ffc8dde785b030f7f7219cb3aaa5bdf623489e798ad0783bf52a8b1e4
#10 DONE 0.2s

#11 [7/9] RUN git submodule update --init --recursive
#11 sha256:63e0ff4b651e98172430e6ff685ca77c1fd238c4f9e04d2c59652dd9569adb2f
#11 0.418 Submodule 'crates/c-api/examples/wasm-c-api' (https://github.com/WebAssembly/wasm-c-api) registered for path 'crates/c-api/wasm-c-api'
#11 0.419 Submodule 'WASI' (https://github.com/WebAssembly/WASI) registered for path 'crates/wasi-common/WASI'
#11 0.420 Submodule 'crates/wasi-crypto/spec' (https://github.com/WebAssembly/wasi-crypto.git) registered for path 'crates/wasi-crypto/spec'
#11 0.420 Submodule 'crates/wasi-nn/spec' (https://github.com/WebAssembly/wasi-nn) registered for path 'crates/wasi-nn/spec'
#11 0.421 Submodule 'spec_testsuite' (https://github.com/WebAssembly/testsuite) registered for path 'tests/spec_testsuite'
#11 0.430 Cloning into '/src/wasmtime/crates/c-api/wasm-c-api'...
#11 1.166 Cloning into '/src/wasmtime/crates/wasi-common/WASI'...
#11 2.197 Cloning into '/src/wasmtime/crates/wasi-crypto/spec'...
#11 2.871 Cloning into '/src/wasmtime/crates/wasi-nn/spec'...
#11 3.838 Cloning into '/src/wasmtime/tests/spec_testsuite'...
#11 4.814 Submodule path 'crates/c-api/wasm-c-api': checked out 'c9d31284651b975f05ac27cee0bab1377560b87e'
#11 4.861 Submodule path 'crates/wasi-common/WASI': checked out '0ba0c5e2e37625ca5a6d3e4255a998dfaa3efc52'
#11 4.910 Submodule path 'crates/wasi-crypto/spec': checked out '67d9821f2763f4626a97c70c411ccb92a2047712'
#11 4.962 Submodule path 'crates/wasi-nn/spec': checked out '8adc5b9b3bb8f885d44f55b464718e24af892c94'
#11 5.076 Submodule path 'tests/spec_testsuite': checked out '4fd2339b5e9709e74b326797f69a88b13eac4d47'
#11 DONE 5.7s

#12 [8/9] RUN git clone --depth 1 https://github.com/bytecodealliance/wasmtime-libfuzzer-corpus wasmtime-libfuzzer-corpus
#12 sha256:65ae83f0cb9061732c5a487e66b7eede761352214e89a1d0fc665ea9df8cbc21
#12 0.511 Cloning into 'wasmtime-libfuzzer-corpus'...
#12 6.165 Updating files:  14% (9742/66234)Updating files:  15% (9936/66234)Updating files:  16% (10598/66234)Updating files:  17% (11260/66234)Updating files:  18% (11923/66234)Updating files:  19% (12585/66234)Updating files:  20% (13247/66234)Updating files:  21% (13910/66234)Updating files:  22% (14572/66234)Updating files:  23% (15234/66234)Updating files:  24% (15897/66234)Updating files:  25% (16559/66234)Updating files:  26% (17221/66234)Updating files:  27% (17884/66234)Updating files:  28% (18546/66234)Updating files:  29% (19208/66234)Updating files:  30% (19871/66234)Updating files:  31% (20533/66234)Updating files:  32% (21195/66234)Updating files:  33% (21858/66234)Updating files:  34% (22520/66234)Updating files:  34% (22681/66234)Updating files:  35% (23182/66234)Updating files:  36% (23845/66234)Updating files:  37% (24507/66234)Updating files:  38% (25169/66234)Updating files:  39% (25832/66234)Updating files:  40% (26494/66234)Updating files:  41% (27156/66234)Updating files:  42% (27819/66234)Updating files:  43% (28481/66234)Updating files:  44% (29143/66234)Updating files:  45% (29806/66234)Updating files:  46% (30468/66234)Updating files:  47% (31130/66234)Updating files:  48% (31793/66234)Updating files:  49% (32455/66234)Updating files:  50% (33117/66234)Updating files:  51% (33780/66234)Updating files:  51% (34074/66234)Updating files:  52% (34442/66234)Updating files:  53% (35105/66234)Updating files:  54% (35767/66234)Updating files:  55% (36429/66234)Updating files:  56% (37092/66234)Updating files:  57% (37754/66234)Updating files:  58% (38416/66234)Updating files:  59% (39079/66234)Updating files:  60% (39741/66234)Updating files:  61% (40403/66234)Updating files:  62% (41066/66234)Updating files:  63% (41728/66234)Updating files:  64% (42390/66234)Updating files:  65% (43053/66234)Updating files:  66% (43715/66234)Updating files:  67% (44377/66234)Updating files:  68% (45040/66234)Updating files:  68% (45497/66234)Updating files:  69% (45702/66234)Updating files:  70% (46364/66234)Updating files:  71% (47027/66234)Updating files:  72% (47689/66234)Updating files:  73% (48351/66234)Updating files:  74% (49014/66234)Updating files:  75% (49676/66234)Updating files:  76% (50338/66234)Updating files:  77% (51001/66234)Updating files:  78% (51663/66234)Updating files:  79% (52325/66234)Updating files:  80% (52988/66234)Updating files:  81% (53650/66234)Updating files:  82% (54312/66234)Updating files:  82% (54358/66234)Updating files:  83% (54975/66234)Updating files:  84% (55637/66234)Updating files:  85% (56299/66234)Updating files:  86% (56962/66234)Updating files:  87% (57624/66234)Updating files:  88% (58286/66234)Updating files:  89% (58949/66234)Updating files:  90% (59611/66234)Updating files:  91% (60273/66234)Updating files:  92% (60936/66234)Updating files:  93% (61598/66234)Updating files:  94% (62260/66234)Updating files:  95% (62923/66234)Updating files:  96% (63585/66234)Updating files:  97% (64247/66234)Updating files:  98% (64910/66234)Updating files:  99% (65572/66234)Updating files: 100% (66234/66234)Updating files: 100% (66234/66234), done.
#12 DONE 15.2s

#14 [9/9] COPY build.sh default.options /src/
#14 sha256:3be2d852e2e2dea08d6ba525278ccf1e3f942a98360e5b0a352fd353f396a156
#14 DONE 0.1s

#15 exporting to image
#15 sha256:e8c613e07b0b7ff33893b694f7759a10d42e180f2b4dc349fb57dc6b71dcab00
#15 exporting layers done
#15 writing image sha256:a5dd81be13b6d00c9ae230a86722038ce0e29cf0b21d80612d36f81afeb24ba6 0.0s done
#15 naming to gcr.io/fuzzbench/builders/benchmark/wasmtime_wasmtime 0.0s done
#15 DONE 0.3s

#16 exporting cache
#16 sha256:2700d4ef94dee473593c5c614b55b2dedcca7893909811a8f2b48291a1f581e4
#16 preparing build cache for export done
#16 DONE 0.0s
------
 > importing cache manifest from gcr.io/fuzzbench/builders/benchmark/wasmtime_wasmtime:
------
#1 [internal] load build definition from builder.Dockerfile
#1 sha256:12eb0a29ae797097ab32d0a7ce4cf8906d5fd1275e60db7eee786d1f939c1663
#1 transferring dockerfile: 46B done
#1 DONE 0.1s

#2 [internal] load .dockerignore
#2 sha256:dd8721edd9b9593016a4fc7b5ce32929fa864095d793c503e19e706f24b29546
#2 transferring context: 2B done
#2 DONE 0.2s

#3 [internal] load metadata for gcr.io/fuzzbench/builders/benchmark/wasmtime_wasmtime:latest
#3 sha256:370e9c49955d1cbc4f79da4f86f7eca76e820617680726e0080abe7d2d3baf7f
#3 DONE 0.0s

#5 [1/3] FROM gcr.io/fuzzbench/builders/benchmark/wasmtime_wasmtime
#5 sha256:3fc09ec4a3ee0cfd57e1170183cba00944cc00f03acfbc3c46973e7a1cadf188
#5 DONE 0.0s

#4 importing cache manifest from gcr.io/fuzzbench/builders/afl/wasmtime_wasmtime-intermediate
#4 sha256:f24b014c3a2d3048fdc622f8eadfb4bcd5b87c5d10863fbfe714eaf9e6d60f1c
#4 ERROR: gcr.io/fuzzbench/builders/afl/wasmtime_wasmtime-intermediate:latest: not found

#5 [1/3] FROM gcr.io/fuzzbench/builders/benchmark/wasmtime_wasmtime
#5 sha256:3fc09ec4a3ee0cfd57e1170183cba00944cc00f03acfbc3c46973e7a1cadf188
#5 DONE 1.3s

#6 [2/3] RUN git clone https://github.com/google/AFL.git /afl &&     cd /afl &&     git checkout 61037103ae3722c8060ff7082994836a794f978e &&     AFL_NO_X86=1 make
#6 sha256:d1103b63c3588b84e7d564beb9e29aa14f05d8b2f5a492be5c8344011ae45edc
#6 0.452 Cloning into '/afl'...
#6 1.166 Note: switching to '61037103ae3722c8060ff7082994836a794f978e'.
#6 1.166 
#6 1.166 You are in 'detached HEAD' state. You can look around, make experimental
#6 1.166 changes and commit them, and you can discard any commits you make in this
#6 1.166 state without impacting any branches by switching back to a branch.
#6 1.166 
#6 1.166 If you want to create a new branch to retain commits you create, you may
#6 1.166 do so (now or later) by using -c with the switch command. Example:
#6 1.166 
#6 1.166   git switch -c <new-branch-name>
#6 1.166 
#6 1.166 Or undo this operation with:
#6 1.166 
#6 1.166   git switch -
#6 1.166 
#6 1.166 Turn off this advice by setting config variable advice.detachedHead to false
#6 1.166 
#6 1.166 HEAD is now at 6103710 Fix a typo filename comparison in the fuzzer (#139)
#6 1.187 [!] Note: skipping x86 compilation checks (AFL_NO_X86 set).
#6 1.188 clang -O1 -fno-omit-frame-pointer -gline-tables-only -DFUZZING_BUILD_MODE_UNSAFE_FOR_PRODUCTION -Wall -D_FORTIFY_SOURCE=2 -g -Wno-pointer-sign -DAFL_PATH=\"/usr/local/lib/afl\" -DDOC_PATH=\"/usr/local/share/doc/afl\" -DBIN_PATH=\"/usr/local/bin\" afl-gcc.c -o afl-gcc -ldl
#6 1.364 set -e; for i in afl-g++ afl-clang afl-clang++; do ln -sf afl-gcc $i; done
#6 1.368 clang -O1 -fno-omit-frame-pointer -gline-tables-only -DFUZZING_BUILD_MODE_UNSAFE_FOR_PRODUCTION -Wall -D_FORTIFY_SOURCE=2 -g -Wno-pointer-sign -DAFL_PATH=\"/usr/local/lib/afl\" -DDOC_PATH=\"/usr/local/share/doc/afl\" -DBIN_PATH=\"/usr/local/bin\" afl-fuzz.c -o afl-fuzz -ldl
#6 3.736 clang -O1 -fno-omit-frame-pointer -gline-tables-only -DFUZZING_BUILD_MODE_UNSAFE_FOR_PRODUCTION -Wall -D_FORTIFY_SOURCE=2 -g -Wno-pointer-sign -DAFL_PATH=\"/usr/local/lib/afl\" -DDOC_PATH=\"/usr/local/share/doc/afl\" -DBIN_PATH=\"/usr/local/bin\" afl-showmap.c -o afl-showmap -ldl
#6 4.048 clang -O1 -fno-omit-frame-pointer -gline-tables-only -DFUZZING_BUILD_MODE_UNSAFE_FOR_PRODUCTION -Wall -D_FORTIFY_SOURCE=2 -g -Wno-pointer-sign -DAFL_PATH=\"/usr/local/lib/afl\" -DDOC_PATH=\"/usr/local/share/doc/afl\" -DBIN_PATH=\"/usr/local/bin\" afl-tmin.c -o afl-tmin -ldl
#6 4.476 clang -O1 -fno-omit-frame-pointer -gline-tables-only -DFUZZING_BUILD_MODE_UNSAFE_FOR_PRODUCTION -Wall -D_FORTIFY_SOURCE=2 -g -Wno-pointer-sign -DAFL_PATH=\"/usr/local/lib/afl\" -DDOC_PATH=\"/usr/local/share/doc/afl\" -DBIN_PATH=\"/usr/local/bin\" afl-gotcpu.c -o afl-gotcpu -ldl
#6 4.625 clang -O1 -fno-omit-frame-pointer -gline-tables-only -DFUZZING_BUILD_MODE_UNSAFE_FOR_PRODUCTION -Wall -D_FORTIFY_SOURCE=2 -g -Wno-pointer-sign -DAFL_PATH=\"/usr/local/lib/afl\" -DDOC_PATH=\"/usr/local/share/doc/afl\" -DBIN_PATH=\"/usr/local/bin\" afl-analyze.c -o afl-analyze -ldl
#6 5.024 clang -O1 -fno-omit-frame-pointer -gline-tables-only -DFUZZING_BUILD_MODE_UNSAFE_FOR_PRODUCTION -Wall -D_FORTIFY_SOURCE=2 -g -Wno-pointer-sign -DAFL_PATH=\"/usr/local/lib/afl\" -DDOC_PATH=\"/usr/local/share/doc/afl\" -DBIN_PATH=\"/usr/local/bin\" afl-as.c -o afl-as -ldl
#6 5.260 ln -sf afl-as as
#6 5.262 [!] Note: skipping build tests (you may need to use LLVM or QEMU mode).
#6 5.264 [+] LLVM users: see llvm_mode/README.llvm for a faster alternative to afl-gcc.
#6 5.265 [+] All done! Be sure to review README - it's pretty short and useful.
#6 DONE 6.5s

#7 [3/3] RUN apt-get update &&     apt-get install wget -y &&     wget https://raw.githubusercontent.com/llvm/llvm-project/5feb80e748924606531ba28c97fe65145c65372e/compiler-rt/lib/fuzzer/afl/afl_driver.cpp -O /afl/afl_driver.cpp &&     clang -Wno-pointer-sign -c /afl/llvm_mode/afl-llvm-rt.o.c -I/afl &&     clang++ -stdlib=libc++ -std=c++11 -O2 -c /afl/afl_driver.cpp &&     ar r /libAFL.a *.o
#7 sha256:58623398ac11390a29a7d94010fd61d7a6525494a733966768b6b1a40d9401e7
#7 0.832 Hit:1 http://archive.ubuntu.com/ubuntu focal InRelease
#7 0.832 Hit:2 http://archive.ubuntu.com/ubuntu focal-updates InRelease
#7 0.832 Hit:3 http://ppa.launchpad.net/git-core/ppa/ubuntu focal InRelease
#7 0.839 Hit:4 http://archive.ubuntu.com/ubuntu focal-backports InRelease
#7 0.932 Hit:5 http://security.ubuntu.com/ubuntu focal-security InRelease
#7 1.736 Reading package lists...
#7 3.357 Reading package lists...
#7 4.794 Building dependency tree...
#7 5.006 Reading state information...
#7 5.257 wget is already the newest version (1.20.3-1ubuntu2).
#7 5.257 0 upgraded, 0 newly installed, 0 to remove and 3 not upgraded.
#7 5.269 --2022-02-16 01:54:24--  https://raw.githubusercontent.com/llvm/llvm-project/5feb80e748924606531ba28c97fe65145c65372e/compiler-rt/lib/fuzzer/afl/afl_driver.cpp
#7 5.272 Resolving raw.githubusercontent.com (raw.githubusercontent.com)... 185.199.110.133, 185.199.111.133, 185.199.108.133, ...
#7 5.274 Connecting to raw.githubusercontent.com (raw.githubusercontent.com)|185.199.110.133|:443... connected.
#7 5.296 HTTP request sent, awaiting response... 200 OK
#7 5.461 Length: 9177 (9.0K) [text/plain]
#7 5.461 Saving to: '/afl/afl_driver.cpp'
#7 5.461 
#7 5.461      0K ........                                              100% 10.1M=0.001s
#7 5.462 
#7 5.462 2022-02-16 01:54:24 (10.1 MB/s) - '/afl/afl_driver.cpp' saved [9177/9177]
#7 5.462 
#7 7.392 ar: creating /libAFL.a
#7 DONE 9.7s

#8 exporting to image
#8 sha256:e8c613e07b0b7ff33893b694f7759a10d42e180f2b4dc349fb57dc6b71dcab00
#8 exporting layers done
#8 writing image sha256:aed3f5cf7cc5994f3a1106b46817ebdb8a65b0532a118c47a2d2bd36e7c8ad05
#8 writing image sha256:aed3f5cf7cc5994f3a1106b46817ebdb8a65b0532a118c47a2d2bd36e7c8ad05 0.0s done
#8 naming to gcr.io/fuzzbench/builders/afl/wasmtime_wasmtime-intermediate done
#8 DONE 0.4s

#9 exporting cache
#9 sha256:2700d4ef94dee473593c5c614b55b2dedcca7893909811a8f2b48291a1f581e4
#9 preparing build cache for export done
#9 DONE 0.0s
------
 > importing cache manifest from gcr.io/fuzzbench/builders/afl/wasmtime_wasmtime-intermediate:
------
#1 [internal] load build definition from Dockerfile
#1 sha256:159efe2abfb6f80c20a724c97075229b3da2bccdc5930abec2c17f904f722009
#1 transferring dockerfile: 2.00kB done
#1 DONE 0.1s

#2 [internal] load .dockerignore
#2 sha256:2354a704fd1976cff2cb170eeb0d6f4e3b9d59d0b4e6188d1274f2c4ae1add01
#2 transferring context: 34B done
#2 DONE 0.1s

#3 [internal] load metadata for docker.io/library/ubuntu:xenial
#3 sha256:f62bae18ed588840f045c881b2502661f2a89578a2f8f99b83f5200ee83dd25b
#3 DONE 0.0s

#5 [1/7] FROM docker.io/library/ubuntu:xenial
#5 sha256:14dd403f25ae9e519bd44f27dc17af7ce80f5a4f9f48ca88108364e67ec5d360
#5 DONE 0.0s

#4 importing cache manifest from gcr.io/fuzzbench/base-image
#4 sha256:9b220ebb4d4daceed1b96df9b6dca076e762f1cd612574f010b82d5b9e5ad896
#4 DONE 0.0s

#8 [internal] load build context
#8 sha256:54c95189c911657238aec8ec539b4395021c4b562bdcf080415aa96446eccd6f
#8 transferring context: 559B 0.0s done
#8 DONE 0.1s

#6 [2/7] RUN apt-get update -y && apt-get install -y     build-essential     rsync     curl     zlib1g-dev     libncurses5-dev     libgdbm-dev     libnss3-dev     libssl-dev     libreadline-dev     libffi-dev     virtualenv     libbz2-dev     liblzma-dev     libsqlite3-dev
#6 sha256:3a1b0960f17eed529eaae93dc8fd3554f2743dd584d8fa569cdbe6bc734371ac
#6 CACHED

#7 [3/7] RUN cd /tmp/ &&     curl -O https://www.python.org/ftp/python/3.8.6/Python-3.8.6.tar.xz &&     tar -xvf Python-3.8.6.tar.xz &&     cd Python-3.8.6 &&     ./configure --enable-loadable-sqlite-extensions --enable-optimizations &&     make -j install &&     rm -r /tmp/Python-3.8.6.tar.xz /tmp/Python-3.8.6
#7 sha256:c5b9d1fb3371e84dbc60b76e7b2f8d5913bc93bcd4910ab65daa03e7b2ec4bb0
#7 CACHED

#9 [4/7] COPY ./requirements.txt /
#9 sha256:2fd75b0ead9950f27e0f97898a8585407c53866cd26884093510571f15af8479
#9 CACHED

#10 [5/7] RUN pip3 install -r /requirements.txt
#10 sha256:6bb1a184d934757467666548efb1d993d93adaf21e8f717cfc2aabb9e430863d
#10 CACHED

#11 [6/7] RUN apt-get update -y && apt-get install -y     apt-transport-https     lsb-release
#11 sha256:85cff68079e5ca53a5ffdbcb52cc24f898d553c531b177e602db5d4e7f74c4df
#11 CACHED

#12 [7/7] RUN CLOUD_SDK_REPO="cloud-sdk-$(lsb_release -c -s)" &&     echo "deb https://packages.cloud.google.com/apt $CLOUD_SDK_REPO main"     | tee -a /etc/apt/sources.list.d/google-cloud-sdk.list &&     curl https://packages.cloud.google.com/apt/doc/apt-key.gpg     | apt-key add - &&     apt-get update -y &&     apt-get install -y google-cloud-sdk
#12 sha256:bdea051dfaa308d97955fef92996214f453336b7a6a57e5f349de08551d8c3d8
#12 CACHED

#13 exporting to image
#13 sha256:e8c613e07b0b7ff33893b694f7759a10d42e180f2b4dc349fb57dc6b71dcab00
#13 exporting layers done
#13 writing image sha256:139540fb22a119f888cb3e5ed6e013e8d868574697f5fb839e5da9e23de73e0a
#13 writing image sha256:139540fb22a119f888cb3e5ed6e013e8d868574697f5fb839e5da9e23de73e0a 0.0s done
#13 naming to gcr.io/fuzzbench/base-image done
#13 DONE 0.1s

#14 exporting cache
#14 sha256:2700d4ef94dee473593c5c614b55b2dedcca7893909811a8f2b48291a1f581e4
#14 preparing build cache for export done
#14 DONE 0.0s
#1 [internal] load build definition from Dockerfile
#1 sha256:ceb965c4e1d75c87862c6efec832457e809a52f096ffff4f6a986c2e819fd3db
#1 transferring dockerfile: 2.22kB done
#1 DONE 0.1s

#2 [internal] load .dockerignore
#2 sha256:0c2794ef8440d5a567c8cac07d0ccd4082f22abe244c232ae36e125c1b680815
#2 transferring context: 34B done
#2 DONE 0.1s

#4 [internal] load metadata for gcr.io/fuzzbench/base-image:latest
#4 sha256:932022888f650cc455b10eb5123bb08c0cccacac29a693e69314abbfd28a72c3
#4 DONE 0.0s

#3 [internal] load metadata for gcr.io/fuzzbench/builders/afl/wasmtime_wasmtime-intermediate:latest
#3 sha256:7abc1651e45f905acb1c3c5648ac4f983ec9e8e350c838388a2f8dc8cae4c230
#3 DONE 0.0s

#12 [internal] load build context
#12 sha256:204fe132e931231a1a0f6eac65bf487795702f85e5b1fa36d2a5ad8c41e316e0
#12 DONE 0.0s

#7 [base-image 1/1] FROM gcr.io/fuzzbench/base-image
#7 sha256:4d07825694520f8b6f6a0d8592dbd345433361ae044cb7f06706c5a95e3daaad
#7 DONE 0.0s

#6 [stage-1  1/13] FROM gcr.io/fuzzbench/builders/afl/wasmtime_wasmtime-intermediate
#6 sha256:e861512207ba7d1ae01899adc2c47be354f6313a5fe9f745e51719bd48febc14
#6 DONE 0.0s

#5 importing cache manifest from gcr.io/fuzzbench/builders/afl/wasmtime_wasmtime
#5 sha256:13b05a4c031cd4f84bed364d2105fd4f73f3622916bb75868cdf389a0f84e747
#5 ERROR: gcr.io/fuzzbench/builders/afl/wasmtime_wasmtime:latest: not found

#7 [base-image 1/1] FROM gcr.io/fuzzbench/base-image
#7 sha256:4d07825694520f8b6f6a0d8592dbd345433361ae044cb7f06706c5a95e3daaad
#7 CACHED

#12 [internal] load build context
#12 sha256:204fe132e931231a1a0f6eac65bf487795702f85e5b1fa36d2a5ad8c41e316e0
#12 transferring context: 669.87kB 0.1s done
#12 DONE 0.2s

#6 [stage-1  1/13] FROM gcr.io/fuzzbench/builders/afl/wasmtime_wasmtime-intermediate
#6 sha256:e861512207ba7d1ae01899adc2c47be354f6313a5fe9f745e51719bd48febc14
#6 DONE 0.7s

#8 [stage-1  2/13] COPY --from=base-image /usr/local/bin/python3* /usr/local/bin/
#8 sha256:edb26e699e24463b02159ce08fd2aa6c1faccd328d3c2cbd739bb63aefede163
#8 DONE 1.1s

#9 [stage-1  3/13] COPY --from=base-image /usr/local/lib/python3.8 /usr/local/lib/python3.8
#9 sha256:83ca13d226cea7edd62057d02e33461a5c718c6d924fbfd2a1fd35ceeeabf203
#9 DONE 15.8s

#10 [stage-1  4/13] COPY --from=base-image /usr/local/include/python3.8 /usr/local/include/python3.8
#10 sha256:1b91c679cc0ad2fa1330dbb6e1f38d79a724fcc271f7d3c7d651a2fc5c2c1a57
#10 DONE 0.3s

#11 [stage-1  5/13] COPY --from=base-image /usr/local/lib/python3.8/site-packages /usr/local/lib/python3.8/site-packages
#11 sha256:99cc4917aa1e02e9695fc46c9b531d47793da1f81029cf1d3625b5698dc7cbb5
#11 DONE 22.9s

#13 [stage-1  6/13] COPY fuzzers /src/fuzzers
#13 sha256:32fc29c667fa13b83e7a6bc9e333eea043d9b02b050fef9950af42b33083f7c5
#13 DONE 0.1s

#14 [stage-1  7/13] RUN touch /src/__init__.py
#14 sha256:37d150845d59118824de6ee07f0e6cd26eedaa7f5c08c1ab191351271c03858b
#14 DONE 0.5s

#15 [stage-1  8/13] COPY benchmarks/wasmtime_wasmtime/benchmark.yaml /
#15 sha256:fc227023d8ef2df017681effa4a926565907ad2a3e31a939c0cd4ae620e0c90e
#15 DONE 0.1s

#16 [stage-1  9/13] RUN mkdir /opt/fuzzbench/
#16 sha256:3719b0c144bb39183d8ed41be51f5db30a9f50bda7e10aad801c6db9581851d4
#16 DONE 0.5s

#17 [stage-1 10/13] COPY docker/benchmark-builder/checkout_commit.py /opt/fuzzbench/
#17 sha256:332dac39945718a9e722873c51d4f46b6fdd8ba34980e999efc6a2d0a328b715
#17 DONE 0.1s

#18 [stage-1 11/13] RUN export CHECKOUT_COMMIT=$(cat /benchmark.yaml | tr -d ' ' | grep 'commit:' | cut -d ':' -f2) &&     python3 -u /opt/fuzzbench/checkout_commit.py $CHECKOUT_COMMIT /src
#18 sha256:0861d5cb2e8f292e3d8403508f63cafc81ce9ffbc084db05cdbbf4800797ed9f
#18 1.532 Checking out commit f8cd5111
#18 10.55 From https://github.com/bytecodealliance/wasmtime
#18 10.55  * [new tag]             cranelift-v0.60.0 -> cranelift-v0.60.0
#18 10.55  * [new tag]             cranelift-v0.61.0 -> cranelift-v0.61.0
#18 10.55  * [new tag]             cranelift-v0.69.0 -> cranelift-v0.69.0
#18 10.55  * [new tag]             filecheck-v0.0.1  -> filecheck-v0.0.1
#18 10.55  * [new tag]             v0.12.0           -> v0.12.0
#18 10.55  * [new tag]             v0.16.0           -> v0.16.0
#18 10.55  * [new tag]             v0.17.0           -> v0.17.0
#18 10.55  * [new tag]             v0.18.0           -> v0.18.0
#18 10.55  * [new tag]             v0.19.0           -> v0.19.0
#18 10.55  * [new tag]             v0.20.0           -> v0.20.0
#18 10.55  * [new tag]             v0.21.0           -> v0.21.0
#18 10.55  * [new tag]             v0.22.0           -> v0.22.0
#18 10.55  * [new tag]             v0.23.0           -> v0.23.0
#18 10.55  * [new tag]             v0.24.0           -> v0.24.0
#18 10.55  * [new tag]             v0.25.0           -> v0.25.0
#18 10.55  * [new tag]             v0.26.0           -> v0.26.0
#18 10.55  * [new tag]             v0.27.0           -> v0.27.0
#18 10.55  * [new tag]             v0.28.0           -> v0.28.0
#18 10.55  * [new tag]             v0.29.0           -> v0.29.0
#18 10.55  * [new tag]             v0.30.0           -> v0.30.0
#18 10.55  * [new tag]             v0.31.0           -> v0.31.0
#18 10.55  * [new tag]             v0.32.0           -> v0.32.0
#18 10.56  * [new tag]             v0.33.0           -> v0.33.0
#18 10.56  * [new tag]             v0.34.0           -> v0.34.0
#18 10.68 warning: e08160845e29e4f877b4ec5969bd1f2792999004:.gitmodules, multiple configurations found for 'submodule.spec_testsuite.path'. Skipping second one!
#18 10.68 warning: e08160845e29e4f877b4ec5969bd1f2792999004:.gitmodules, multiple configurations found for 'submodule.spec_testsuite.url'. Skipping second one!
#18 10.68 warning: e08160845e29e4f877b4ec5969bd1f2792999004:.gitmodules, multiple configurations found for 'submodule.crates/c-api/examples/wasm-c-api.path'. Skipping second one!
#18 10.68 warning: e08160845e29e4f877b4ec5969bd1f2792999004:.gitmodules, multiple configurations found for 'submodule.crates/c-api/examples/wasm-c-api.url'. Skipping second one!
#18 10.68 warning: e08160845e29e4f877b4ec5969bd1f2792999004:.gitmodules, multiple configurations found for 'submodule.WASI.path'. Skipping second one!
#18 10.68 warning: e08160845e29e4f877b4ec5969bd1f2792999004:.gitmodules, multiple configurations found for 'submodule.WASI.url'. Skipping second one!
#18 10.68 warning: e08160845e29e4f877b4ec5969bd1f2792999004:.gitmodules, multiple configurations found for 'submodule.crates/wasi-nn/spec.path'. Skipping second one!
#18 10.68 warning: e08160845e29e4f877b4ec5969bd1f2792999004:.gitmodules, multiple configurations found for 'submodule.crates/wasi-nn/spec.url'. Skipping second one!
#18 10.68 warning: e08160845e29e4f877b4ec5969bd1f2792999004:.gitmodules, multiple configurations found for 'submodule.crates/wasi-crypto/spec.path'. Skipping second one!
#18 10.68 warning: e08160845e29e4f877b4ec5969bd1f2792999004:.gitmodules, multiple configurations found for 'submodule.crates/wasi-crypto/spec.url'. Skipping second one!
#18 10.94 warning: 4f9218ededdcdd7c34531723c66f5e8778116c59:.gitmodules, multiple configurations found for 'submodule.spec_testsuite.path'. Skipping second one!
#18 10.94 warning: 4f9218ededdcdd7c34531723c66f5e8778116c59:.gitmodules, multiple configurations found for 'submodule.spec_testsuite.url'. Skipping second one!
#18 10.94 warning: 4f9218ededdcdd7c34531723c66f5e8778116c59:.gitmodules, multiple configurations found for 'submodule.crates/c-api/examples/wasm-c-api.path'. Skipping second one!
#18 10.94 warning: 4f9218ededdcdd7c34531723c66f5e8778116c59:.gitmodules, multiple configurations found for 'submodule.crates/c-api/examples/wasm-c-api.url'. Skipping second one!
#18 10.94 warning: 4f9218ededdcdd7c34531723c66f5e8778116c59:.gitmodules, multiple configurations found for 'submodule.crates/wasi-common/WASI.path'. Skipping second one!
#18 10.94 warning: 4f9218ededdcdd7c34531723c66f5e8778116c59:.gitmodules, multiple configurations found for 'submodule.crates/wasi-common/WASI.url'. Skipping second one!
#18 10.94 warning: 4f9218ededdcdd7c34531723c66f5e8778116c59:.gitmodules, multiple configurations found for 'submodule.spec_testsuite.path'. Skipping second one!
#18 10.94 warning: 4f9218ededdcdd7c34531723c66f5e8778116c59:.gitmodules, multiple configurations found for 'submodule.spec_testsuite.url'. Skipping second one!
#18 10.94 warning: 4f9218ededdcdd7c34531723c66f5e8778116c59:.gitmodules, multiple configurations found for 'submodule.crates/c-api/examples/wasm-c-api.path'. Skipping second one!
#18 10.94 warning: 4f9218ededdcdd7c34531723c66f5e8778116c59:.gitmodules, multiple configurations found for 'submodule.crates/c-api/examples/wasm-c-api.url'. Skipping second one!
#18 10.94 warning: 4f9218ededdcdd7c34531723c66f5e8778116c59:.gitmodules, multiple configurations found for 'submodule.crates/wasi-common/WASI.path'. Skipping second one!
#18 10.94 warning: 4f9218ededdcdd7c34531723c66f5e8778116c59:.gitmodules, multiple configurations found for 'submodule.crates/wasi-common/WASI.url'. Skipping second one!
#18 10.95 warning: Submodule in commit 4f9218ededdcdd7c34531723c66f5e8778116c59 at path: 'crates/wasi-common/WASI' collides with a submodule named the same. Skipping it.
#18 10.97 warning: 22641de629914ff956c9132638fcc755ff7efc13:.gitmodules, multiple configurations found for 'submodule.spec_testsuite.path'. Skipping second one!
#18 10.97 warning: 22641de629914ff956c9132638fcc755ff7efc13:.gitmodules, multiple configurations found for 'submodule.spec_testsuite.url'. Skipping second one!
#18 10.97 warning: 22641de629914ff956c9132638fcc755ff7efc13:.gitmodules, multiple configurations found for 'submodule.wasmtime-api/c-examples/wasm-c-api.path'. Skipping second one!
#18 10.97 warning: 22641de629914ff956c9132638fcc755ff7efc13:.gitmodules, multiple configurations found for 'submodule.wasmtime-api/c-examples/wasm-c-api.url'. Skipping second one!
#18 10.97 warning: 22641de629914ff956c9132638fcc755ff7efc13:.gitmodules, multiple configurations found for 'submodule.wasi-common/WASI.path'. Skipping second one!
#18 10.97 warning: 22641de629914ff956c9132638fcc755ff7efc13:.gitmodules, multiple configurations found for 'submodule.wasi-common/WASI.url'. Skipping second one!
#18 11.41 Fetching submodule crates/wasi-common/WASI
#18 11.78 Fetching submodule crates/wasi-crypto/spec
#18 12.15 Fetching submodule crates/wasi-nn/spec
#18 13.20 From https://github.com/WebAssembly/wasi-nn
#18 13.20  * branch            68e73cf612eb8671e0c141b107bf1593491bdc16 -> FETCH_HEAD
#18 13.20  * branch            9e7c3277ca995d1ae07967b3298d6d3958914214 -> FETCH_HEAD
#18 13.93 From https://github.com/WebAssembly/wasi-crypto
#18 13.93  * branch            3ed3f0796db3c24e170cb86fe70d86a9e1c5d683 -> FETCH_HEAD
#18 14.49 From https://github.com/WebAssembly/WASI
#18 14.49  * branch            3b684dd2fcbf87e9854cf6a5c66651ca15e619e3 -> FETCH_HEAD
#18 14.49  * branch            449b38179e39d6cf1e575967527315f87aa677d4 -> FETCH_HEAD
#18 14.49  * branch            7c4fd252d0841488de4a6e724e600f1561797387 -> FETCH_HEAD
#18 14.49  * branch            b2cbae916b6b0340b31b5836c87f393863f64a36 -> FETCH_HEAD
#18 14.52 error: pathspec 'f8cd5111' did not match any file(s) known to git
#18 14.52 error: pathspec 'f8cd5111' did not match any file(s) known to git
#18 14.53 error: pathspec 'f8cd5111' did not match any file(s) known to git
#18 14.56 error: pathspec 'f8cd5111' did not match any file(s) known to git
#18 14.57 error: pathspec 'f8cd5111' did not match any file(s) known to git
#18 14.59 error: pathspec 'f8cd5111' did not match any file(s) known to git
#18 14.76 Checkout unsuccessful.
#18 DONE 15.1s

#19 [stage-1 12/13] RUN echo "#!/bin/bash\nPYTHONPATH=/src python3 -u -c "from fuzzers import utils; utils.initialize_env(); from fuzzers.afl import fuzzer; fuzzer.build()"" > /usr/bin/fuzzer_build &&     chmod +x /usr/bin/fuzzer_build
#19 sha256:fa76dd21b8fcd90a3554eb7580e4fd7e599c8af97b83adf0a7ebe47913db7628
#19 DONE 1.1s

#20 [stage-1 13/13] RUN echo "Run fuzzer_build to build the target" && if [ -z "$debug_builder" ] ; then fuzzer_build; fi
#20 sha256:2658b09c3b688515adb749286c0fa12a0abea6f1d35ee8ffa3333d737deec383
#20 0.550 Run fuzzer_build to build the target
#20 0.668 FUZZ_TARGET = wasmtime
#20 0.668 CFLAGS = -DFUZZING_BUILD_MODE_UNSAFE_FOR_PRODUCTION -pthread -Wl,--no-as-needed -Wl,-ldl -Wl,-lm -Wno-unused-command-line-argument -O3
#20 0.668 CXXFLAGS = -DFUZZING_BUILD_MODE_UNSAFE_FOR_PRODUCTION -pthread -Wl,--no-as-needed -Wl,-ldl -Wl,-lm -Wno-unused-command-line-argument -stdlib=libc++ -O3
#20 0.675 Building benchmark wasmtime_wasmtime with fuzzer afl
#20 0.679 + export CUSTOM_LIBFUZZER_PATH=/usr/lib/libFuzzingEngine.a
#20 0.679 + CUSTOM_LIBFUZZER_PATH=/usr/lib/libFuzzingEngine.a
#20 0.679 + export CUSTOM_LIBFUZZER_STD_CXX=c++
#20 0.679 + CUSTOM_LIBFUZZER_STD_CXX=c++
#20 0.679 + PROJECT_DIR=/src/wasmtime
#20 0.679 + export 'CFLAGS=-O1 -fno-omit-frame-pointer -gline-tables-only -DFUZZING_BUILD_MODE_UNSAFE_FOR_PRODUCTION'
#20 0.679 + CFLAGS='-O1 -fno-omit-frame-pointer -gline-tables-only -DFUZZING_BUILD_MODE_UNSAFE_FOR_PRODUCTION'
#20 0.679 + export CXXFLAGS_EXTRA=-stdlib=libc++
#20 0.679 + CXXFLAGS_EXTRA=-stdlib=libc++
#20 0.679 + export 'CXXFLAGS=-O1 -fno-omit-frame-pointer -gline-tables-only -DFUZZING_BUILD_MODE_UNSAFE_FOR_PRODUCTION -stdlib=libc++'
#20 0.679 + CXXFLAGS='-O1 -fno-omit-frame-pointer -gline-tables-only -DFUZZING_BUILD_MODE_UNSAFE_FOR_PRODUCTION -stdlib=libc++'
#20 0.679 + export 'RUSTFLAGS=-Cdebuginfo=1 -Cforce-frame-pointers'
#20 0.679 + RUSTFLAGS='-Cdebuginfo=1 -Cforce-frame-pointers'
#20 0.679 + cd /src/wasmtime/fuzz
#20 0.679 + cargo fuzz build -O --debug-assertions --features binaryen
#20 2.408 error: none of the selected packages contains these features: binaryen
#20 2.413 Error: failed to build fuzz script: "cargo" "build" "--manifest-path" "/src/wasmtime/fuzz/Cargo.toml" "--target" "x86_64-unknown-linux-gnu" "--release" "--features" "binaryen" "--bins"
#20 2.414 Traceback (most recent call last):
#20 2.414   File "<string>", line 1, in <module>
#20 2.414   File "/src/fuzzers/afl/fuzzer.py", line 40, in build
#20 2.415     utils.build_benchmark()
#20 2.415   File "/src/fuzzers/utils.py", line 82, in build_benchmark
#20 2.415     subprocess.check_call(['/bin/bash', '-ex', build_script], env=env)
#20 2.415   File "/usr/local/lib/python3.8/subprocess.py", line 364, in check_call
#20 2.415     raise CalledProcessError(retcode, cmd)
#20 2.415 subprocess.CalledProcessError: Command '['/bin/bash', '-ex', '/src/build.sh']' returned non-zero exit status 1.
#20 ERROR: executor failed running [/bin/sh -c echo "Run fuzzer_build to build the target" && if [ -z "$debug_builder" ] ; then fuzzer_build; fi]: exit code: 1
------
 > importing cache manifest from gcr.io/fuzzbench/builders/afl/wasmtime_wasmtime:
------
------
 > [stage-1 13/13] RUN echo "Run fuzzer_build to build the target" && if [ -z "$debug_builder" ] ; then fuzzer_build; fi:
------
executor failed running [/bin/sh -c echo "Run fuzzer_build to build the target" && if [ -z "$debug_builder" ] ; then fuzzer_build; fi]: exit code: 1
make: *** [docker/generated.mk:2728909: .afl-wasmtime_wasmtime-builder] Error 1
/bin/sh: 1: source: not found
#1 [internal] load build definition from Dockerfile
#1 sha256:eac80a0fecb1545054a1191cfc2a90a8e98095bed12c2760b5ec5ed4209c840b
#1 transferring dockerfile:
#1 transferring dockerfile: 32B done
#1 DONE 0.9s

#2 [internal] load .dockerignore
#2 sha256:9d500d817c62cad22cd7d22041f019ec25e473932df57d86648a37a986313eea
#2 transferring context: 2B done
#2 DONE 0.9s

#3 [internal] load metadata for gcr.io/oss-fuzz-base/base-builder:latest
#3 sha256:f10dc39cc9d418a5bc416dead31a1902b6821fdae909cd3b08f7a3fd1faba7b5
#3 DONE 0.5s

#5 [1/9] FROM gcr.io/oss-fuzz-base/base-builder@sha256:f4e5ea12494fab091c5d830cf803b3421f2860f729b9d1b07da44924396cf8cf
#5 sha256:ef290950573a2779ee526af357b28fbddfc20d7409aa51f58f777c9e972cba29
#5 DONE 0.0s

#4 importing cache manifest from gcr.io/fuzzbench/builders/benchmark/wasmtime_wasmtime
#4 sha256:533c0bb4e0e9a1044272be6e1467b44e2852365518bd821183806ce20b30b293
#4 DONE 0.0s

#13 [internal] load build context
#13 sha256:0e91637f20577eeb7aa657d2bbd3bafbb00d43160f116006f7b03d5122c45b95
#13 transferring context: 64B done
#13 DONE 0.1s

#9 [5/9] RUN git clone --depth 1 https://github.com/bytecodealliance/wasmtime wasmtime
#9 sha256:0037213cca78e74db3c561f0b17770d23574c134f23d12319d9ec2fb4d04adcb
#9 CACHED

#8 [4/9] RUN cargo install cargo-fuzz
#8 sha256:0dae3dffc108e3580e6d176a6e95cafcfff03e069aa419f6bf6753dca6c0ba2e
#8 CACHED

#10 [6/9] WORKDIR wasmtime
#10 sha256:4f993f0ffc8dde785b030f7f7219cb3aaa5bdf623489e798ad0783bf52a8b1e4
#10 CACHED

#7 [3/9] RUN curl https://sh.rustup.rs | sh -s -- -y --default-toolchain=nightly
#7 sha256:f4e0aacf87c29cf79b6a4070bd205f7c076387acaa48a9db21bde047fd2fbf74
#7 CACHED

#11 [7/9] RUN git submodule update --init --recursive
#11 sha256:63e0ff4b651e98172430e6ff685ca77c1fd238c4f9e04d2c59652dd9569adb2f
#11 CACHED

#12 [8/9] RUN git clone --depth 1 https://github.com/bytecodealliance/wasmtime-libfuzzer-corpus wasmtime-libfuzzer-corpus
#12 sha256:65ae83f0cb9061732c5a487e66b7eede761352214e89a1d0fc665ea9df8cbc21
#12 CACHED

#6 [2/9] RUN apt-get update && apt-get install -y make autoconf automake libtool curl cmake python llvm-dev libclang-dev clang
#6 sha256:66bc0ce1eb224e9ff493fe7fadec6414b98db0fd06e0576b70a9dcc480786ace
#6 CACHED

#14 [9/9] COPY build.sh default.options /src/
#14 sha256:8752511006db3ba7e3b981861b9e2e3b5939e4241cdfa23bb77200711b467a59
#14 CACHED

#15 exporting to image
#15 sha256:e8c613e07b0b7ff33893b694f7759a10d42e180f2b4dc349fb57dc6b71dcab00
#15 exporting layers done
#15 writing image sha256:a5dd81be13b6d00c9ae230a86722038ce0e29cf0b21d80612d36f81afeb24ba6 0.0s done
#15 naming to gcr.io/fuzzbench/builders/benchmark/wasmtime_wasmtime done
#15 DONE 0.4s

#16 exporting cache
#16 sha256:2700d4ef94dee473593c5c614b55b2dedcca7893909811a8f2b48291a1f581e4
#16 preparing build cache for export done
#16 DONE 0.0s
#1 [internal] load build definition from builder.Dockerfile
#1 sha256:a196f5740cf979a5d317dc4f5c69650af40aafa6d55f4bc85face00f82d9dca2
#1 transferring dockerfile: 46B done
#1 DONE 0.1s

#2 [internal] load .dockerignore
#2 sha256:82ee7a905fde040dd66053246bfc9bbb644db3e35cf4ce626924bbeb0005487c
#2 transferring context: 2B done
#2 DONE 0.1s

#3 [internal] load metadata for gcr.io/fuzzbench/builders/benchmark/wasmtime_wasmtime:latest
#3 sha256:370e9c49955d1cbc4f79da4f86f7eca76e820617680726e0080abe7d2d3baf7f
#3 DONE 0.0s

#4 importing cache manifest from gcr.io/fuzzbench/builders/afl/wasmtime_wasmtime-intermediate
#4 sha256:f24b014c3a2d3048fdc622f8eadfb4bcd5b87c5d10863fbfe714eaf9e6d60f1c
#4 DONE 0.0s

#5 [1/3] FROM gcr.io/fuzzbench/builders/benchmark/wasmtime_wasmtime
#5 sha256:3fc09ec4a3ee0cfd57e1170183cba00944cc00f03acfbc3c46973e7a1cadf188
#5 DONE 0.0s

#6 [2/3] RUN git clone https://github.com/google/AFL.git /afl &&     cd /afl &&     git checkout 61037103ae3722c8060ff7082994836a794f978e &&     AFL_NO_X86=1 make
#6 sha256:d1103b63c3588b84e7d564beb9e29aa14f05d8b2f5a492be5c8344011ae45edc
#6 CACHED

#7 [3/3] RUN apt-get update &&     apt-get install wget -y &&     wget https://raw.githubusercontent.com/llvm/llvm-project/5feb80e748924606531ba28c97fe65145c65372e/compiler-rt/lib/fuzzer/afl/afl_driver.cpp -O /afl/afl_driver.cpp &&     clang -Wno-pointer-sign -c /afl/llvm_mode/afl-llvm-rt.o.c -I/afl &&     clang++ -stdlib=libc++ -std=c++11 -O2 -c /afl/afl_driver.cpp &&     ar r /libAFL.a *.o
#7 sha256:58623398ac11390a29a7d94010fd61d7a6525494a733966768b6b1a40d9401e7
#7 CACHED

#8 exporting to image
#8 sha256:e8c613e07b0b7ff33893b694f7759a10d42e180f2b4dc349fb57dc6b71dcab00
#8 exporting layers done
#8 writing image sha256:aed3f5cf7cc5994f3a1106b46817ebdb8a65b0532a118c47a2d2bd36e7c8ad05 0.0s done
#8 naming to gcr.io/fuzzbench/builders/afl/wasmtime_wasmtime-intermediate done
#8 DONE 0.4s

#9 exporting cache
#9 sha256:2700d4ef94dee473593c5c614b55b2dedcca7893909811a8f2b48291a1f581e4
#9 preparing build cache for export done
#9 DONE 0.0s
#1 [internal] load build definition from Dockerfile
#1 sha256:be525bcb7ef5dee4717dc5ea57e504680d71f8eaf2ad013b9c0e757e18bc09fb
#1 transferring dockerfile: 2.00kB done
#1 DONE 0.1s

#2 [internal] load .dockerignore
#2 sha256:5fe006b886aa9e78320df7f5a0553d45f21730376bde5f2234c92377e22f33c6
#2 transferring context: 34B done
#2 DONE 0.1s

#3 [internal] load metadata for docker.io/library/ubuntu:xenial
#3 sha256:f62bae18ed588840f045c881b2502661f2a89578a2f8f99b83f5200ee83dd25b
#3 DONE 0.0s

#5 [1/7] FROM docker.io/library/ubuntu:xenial
#5 sha256:14dd403f25ae9e519bd44f27dc17af7ce80f5a4f9f48ca88108364e67ec5d360
#5 DONE 0.0s

#4 importing cache manifest from gcr.io/fuzzbench/base-image
#4 sha256:9b220ebb4d4daceed1b96df9b6dca076e762f1cd612574f010b82d5b9e5ad896
#4 DONE 0.0s

#8 [internal] load build context
#8 sha256:ff25526160695f0529a6067cfd41cee5280b1f47a6f6dec881c39da55992d68a
#8 transferring context: 559B 0.0s done
#8 DONE 0.1s

#7 [3/7] RUN cd /tmp/ &&     curl -O https://www.python.org/ftp/python/3.8.6/Python-3.8.6.tar.xz &&     tar -xvf Python-3.8.6.tar.xz &&     cd Python-3.8.6 &&     ./configure --enable-loadable-sqlite-extensions --enable-optimizations &&     make -j install &&     rm -r /tmp/Python-3.8.6.tar.xz /tmp/Python-3.8.6
#7 sha256:c5b9d1fb3371e84dbc60b76e7b2f8d5913bc93bcd4910ab65daa03e7b2ec4bb0
#7 CACHED

#9 [4/7] COPY ./requirements.txt /
#9 sha256:0e4f917ab4a586c41b17fb50ff6a093f9fe47c1194d94dd2c5015b8d8c8e5233
#9 CACHED

#10 [5/7] RUN pip3 install -r /requirements.txt
#10 sha256:5b5b96592a0c5a002d6ad0c4d1b39106967be1972ff6ab58456055cc842194a6
#10 CACHED

#11 [6/7] RUN apt-get update -y && apt-get install -y     apt-transport-https     lsb-release
#11 sha256:98eb013c03be9691cbbf9d4aa15e4bf032b3564a2c0abb66ffc1a48865dbc1e5
#11 CACHED

#6 [2/7] RUN apt-get update -y && apt-get install -y     build-essential     rsync     curl     zlib1g-dev     libncurses5-dev     libgdbm-dev     libnss3-dev     libssl-dev     libreadline-dev     libffi-dev     virtualenv     libbz2-dev     liblzma-dev     libsqlite3-dev
#6 sha256:3a1b0960f17eed529eaae93dc8fd3554f2743dd584d8fa569cdbe6bc734371ac
#6 CACHED

#12 [7/7] RUN CLOUD_SDK_REPO="cloud-sdk-$(lsb_release -c -s)" &&     echo "deb https://packages.cloud.google.com/apt $CLOUD_SDK_REPO main"     | tee -a /etc/apt/sources.list.d/google-cloud-sdk.list &&     curl https://packages.cloud.google.com/apt/doc/apt-key.gpg     | apt-key add - &&     apt-get update -y &&     apt-get install -y google-cloud-sdk
#12 sha256:6fbb57db6e28fe9667d7f1cea834ca6ffc8be250e93fdaf77861386f66af96f6
#12 CACHED

#13 exporting to image
#13 sha256:e8c613e07b0b7ff33893b694f7759a10d42e180f2b4dc349fb57dc6b71dcab00
#13 exporting layers done
#13 writing image sha256:139540fb22a119f888cb3e5ed6e013e8d868574697f5fb839e5da9e23de73e0a 0.0s done
#13 naming to gcr.io/fuzzbench/base-image done
#13 DONE 0.1s

#14 exporting cache
#14 sha256:2700d4ef94dee473593c5c614b55b2dedcca7893909811a8f2b48291a1f581e4
#14 preparing build cache for export done
#14 DONE 0.0s
#1 [internal] load build definition from Dockerfile
#1 sha256:4fef4e563196b70d7c09e477d005756392c98788c8870468694170a2447cc0ac
#1 transferring dockerfile: 2.22kB done
#1 DONE 0.1s

#2 [internal] load .dockerignore
#2 sha256:967413b7747eebf2b071700eaa9ab9a1b3ad338199cb76dfa1013e8b15fb4441
#2 transferring context: 34B done
#2 DONE 0.1s

#3 [internal] load metadata for gcr.io/fuzzbench/builders/afl/wasmtime_wasmtime-intermediate:latest
#3 sha256:7abc1651e45f905acb1c3c5648ac4f983ec9e8e350c838388a2f8dc8cae4c230
#3 DONE 0.0s

#4 [internal] load metadata for gcr.io/fuzzbench/base-image:latest
#4 sha256:932022888f650cc455b10eb5123bb08c0cccacac29a693e69314abbfd28a72c3
#4 DONE 0.0s

#5 [stage-1  1/13] FROM gcr.io/fuzzbench/builders/afl/wasmtime_wasmtime-intermediate
#5 sha256:e861512207ba7d1ae01899adc2c47be354f6313a5fe9f745e51719bd48febc14
#5 DONE 0.0s

#11 [internal] load build context
#11 sha256:7a3c264e974031d036ecc655762de48beebcf107ea659ac8cd9eb8746dea08e4
#11 DONE 0.0s

#6 [base-image 1/1] FROM gcr.io/fuzzbench/base-image
#6 sha256:4d07825694520f8b6f6a0d8592dbd345433361ae044cb7f06706c5a95e3daaad
#6 DONE 0.0s

#20 importing cache manifest from gcr.io/fuzzbench/builders/afl/wasmtime_wasmtime
#20 sha256:13b05a4c031cd4f84bed364d2105fd4f73f3622916bb75868cdf389a0f84e747
#20 ERROR: gcr.io/fuzzbench/builders/afl/wasmtime_wasmtime:latest: not found

#11 [internal] load build context
#11 sha256:7a3c264e974031d036ecc655762de48beebcf107ea659ac8cd9eb8746dea08e4
#11 transferring context: 669.87kB 0.1s done
#11 DONE 0.2s

#7 [stage-1  2/13] COPY --from=base-image /usr/local/bin/python3* /usr/local/bin/
#7 sha256:edb26e699e24463b02159ce08fd2aa6c1faccd328d3c2cbd739bb63aefede163
#7 CACHED

#14 [stage-1  8/13] COPY benchmarks/wasmtime_wasmtime/benchmark.yaml /
#14 sha256:77169890acef1687b8069a84f6f1c0d8dfcc24c265f01f22dcf2f8c1961a062a
#14 CACHED

#10 [stage-1  5/13] COPY --from=base-image /usr/local/lib/python3.8/site-packages /usr/local/lib/python3.8/site-packages
#10 sha256:99cc4917aa1e02e9695fc46c9b531d47793da1f81029cf1d3625b5698dc7cbb5
#10 CACHED

#13 [stage-1  7/13] RUN touch /src/__init__.py
#13 sha256:e0aa3f8ebff630fc0307ede3768d67a002a88d71235e68926d7f5d15a0b25ed1
#13 CACHED

#15 [stage-1  9/13] RUN mkdir /opt/fuzzbench/
#15 sha256:9d6e37ec6f9125bd6c358777d125782692e5092757adc0e2a48241daf2b60ffa
#15 CACHED

#9 [stage-1  4/13] COPY --from=base-image /usr/local/include/python3.8 /usr/local/include/python3.8
#9 sha256:1b91c679cc0ad2fa1330dbb6e1f38d79a724fcc271f7d3c7d651a2fc5c2c1a57
#9 CACHED

#17 [stage-1 11/13] RUN export CHECKOUT_COMMIT=$(cat /benchmark.yaml | tr -d ' ' | grep 'commit:' | cut -d ':' -f2) &&     python3 -u /opt/fuzzbench/checkout_commit.py $CHECKOUT_COMMIT /src
#17 sha256:0b55fc995420b96104ddd3cf24092b56c2eca30f7883e72b57211ea44b7a04a2
#17 CACHED

#8 [stage-1  3/13] COPY --from=base-image /usr/local/lib/python3.8 /usr/local/lib/python3.8
#8 sha256:83ca13d226cea7edd62057d02e33461a5c718c6d924fbfd2a1fd35ceeeabf203
#8 CACHED

#12 [stage-1  6/13] COPY fuzzers /src/fuzzers
#12 sha256:26c613e8eb9f5204c331d114ba44367cec8c7b40d9c7edefe92595e6fba25d69
#12 CACHED

#16 [stage-1 10/13] COPY docker/benchmark-builder/checkout_commit.py /opt/fuzzbench/
#16 sha256:10ef45a3452420d7da2c0f949569be8b5fc6856de6ed567b79602ecbdc00c6fc
#16 CACHED

#18 [stage-1 12/13] RUN echo "#!/bin/bash\nPYTHONPATH=/src python3 -u -c "from fuzzers import utils; utils.initialize_env(); from fuzzers.afl import fuzzer; fuzzer.build()"" > /usr/bin/fuzzer_build &&     chmod +x /usr/bin/fuzzer_build
#18 sha256:4edd6bd96b4e1ead4f0967c32ed8ca4749adf94dccec674506fd4ecf9c5e6cfe
#18 CACHED

#19 [stage-1 13/13] RUN echo "Run fuzzer_build to build the target" && if [ -z "$debug_builder" ] ; then fuzzer_build; fi
#19 sha256:3dd88222685aab5090a9cb6f40db7738ca80ac11ad084a576dc03dde23d0c3fa
#19 0.417 Run fuzzer_build to build the target
#19 0.529 FUZZ_TARGET = wasmtime
#19 0.529 CFLAGS = -DFUZZING_BUILD_MODE_UNSAFE_FOR_PRODUCTION -pthread -Wl,--no-as-needed -Wl,-ldl -Wl,-lm -Wno-unused-command-line-argument -O3
#19 0.529 CXXFLAGS = -DFUZZING_BUILD_MODE_UNSAFE_FOR_PRODUCTION -pthread -Wl,--no-as-needed -Wl,-ldl -Wl,-lm -Wno-unused-command-line-argument -stdlib=libc++ -O3
#19 0.534 Building benchmark wasmtime_wasmtime with fuzzer afl
#19 0.537 + export CUSTOM_LIBFUZZER_PATH=/usr/lib/libFuzzingEngine.a
#19 0.537 + CUSTOM_LIBFUZZER_PATH=/usr/lib/libFuzzingEngine.a
#19 0.537 + export CUSTOM_LIBFUZZER_STD_CXX=c++
#19 0.537 + CUSTOM_LIBFUZZER_STD_CXX=c++
#19 0.537 + PROJECT_DIR=/src/wasmtime
#19 0.538 + export 'CFLAGS=-O1 -fno-omit-frame-pointer -gline-tables-only -DFUZZING_BUILD_MODE_UNSAFE_FOR_PRODUCTION'
#19 0.538 + CFLAGS='-O1 -fno-omit-frame-pointer -gline-tables-only -DFUZZING_BUILD_MODE_UNSAFE_FOR_PRODUCTION'
#19 0.538 + export CXXFLAGS_EXTRA=-stdlib=libc++
#19 0.538 + CXXFLAGS_EXTRA=-stdlib=libc++
#19 0.538 + export 'CXXFLAGS=-O1 -fno-omit-frame-pointer -gline-tables-only -DFUZZING_BUILD_MODE_UNSAFE_FOR_PRODUCTION -stdlib=libc++'
#19 0.538 + CXXFLAGS='-O1 -fno-omit-frame-pointer -gline-tables-only -DFUZZING_BUILD_MODE_UNSAFE_FOR_PRODUCTION -stdlib=libc++'
#19 0.538 + export 'RUSTFLAGS=-Cdebuginfo=1 -Cforce-frame-pointers'
#19 0.538 + RUSTFLAGS='-Cdebuginfo=1 -Cforce-frame-pointers'
#19 0.538 + cd /src/wasmtime/fuzz
#19 0.538 + cargo fuzz build -O --debug-assertions --features binaryen
#19 2.272 error: none of the selected packages contains these features: binaryen
#19 2.276 Error: failed to build fuzz script: "cargo" "build" "--manifest-path" "/src/wasmtime/fuzz/Cargo.toml" "--target" "x86_64-unknown-linux-gnu" "--release" "--features" "binaryen" "--bins"
#19 2.278 Traceback (most recent call last):
#19 2.278   File "<string>", line 1, in <module>
#19 2.278   File "/src/fuzzers/afl/fuzzer.py", line 40, in build
#19 2.279     utils.build_benchmark()
#19 2.279   File "/src/fuzzers/utils.py", line 82, in build_benchmark
#19 2.279     subprocess.check_call(['/bin/bash', '-ex', build_script], env=env)
#19 2.279   File "/usr/local/lib/python3.8/subprocess.py", line 364, in check_call
#19 2.279     raise CalledProcessError(retcode, cmd)
#19 2.279 subprocess.CalledProcessError: Command '['/bin/bash', '-ex', '/src/build.sh']' returned non-zero exit status 1.
#19 ERROR: executor failed running [/bin/sh -c echo "Run fuzzer_build to build the target" && if [ -z "$debug_builder" ] ; then fuzzer_build; fi]: exit code: 1
------
 > importing cache manifest from gcr.io/fuzzbench/builders/afl/wasmtime_wasmtime:
------
------
 > [stage-1 13/13] RUN echo "Run fuzzer_build to build the target" && if [ -z "$debug_builder" ] ; then fuzzer_build; fi:
------
executor failed running [/bin/sh -c echo "Run fuzzer_build to build the target" && if [ -z "$debug_builder" ] ; then fuzzer_build; fi]: exit code: 1
make: *** [docker/generated.mk:2728909: .afl-wasmtime_wasmtime-builder] Error 1
