WARNING:root:gcloud not found in PATH.
INFO:root:Successfully integrated benchmark: radon_radon.
INFO:root:Please run "make test-run-afl-radon_radon" to test integration.
#1 [internal] load build definition from Dockerfile
#1 sha256:9d08169d0a789322aff253acc17732d7ec0d50b416aa01dfaa138d9942d7dcd7
#1 transferring dockerfile: 32B done
#1 DONE 0.1s

#2 [internal] load .dockerignore
#2 sha256:06c0c34bf122d9f6019393f767153e5bfe271d27ecb4e4db4ccb876f6fd4c50b
#2 transferring context: 2B done
#2 DONE 0.0s

#3 [internal] load metadata for gcr.io/oss-fuzz-base/base-builder:latest
#3 sha256:f10dc39cc9d418a5bc416dead31a1902b6821fdae909cd3b08f7a3fd1faba7b5
#3 DONE 0.4s

#7 [internal] load build context
#7 sha256:3a14c8250a2f6ab9b502ef4ed30b02a1c469f825d4f3c799312507e59839668d
#7 DONE 0.0s

#5 [1/4] FROM gcr.io/oss-fuzz-base/base-builder@sha256:4ad017ca53699eda684c1c444948c93a4af848fe34baee3a765d3c4693fe6a56
#5 sha256:3f10b3978a3951f6e2692fa5e5890ee5a755650381dedece7198ed0b1dcdaa8c
#5 DONE 0.0s

#4 importing cache manifest from gcr.io/fuzzbench/builders/benchmark/radon_radon
#4 sha256:b22646c109ec64e925641dda75c92195511a025af39ad22f09653c32ee92afbd
#4 ERROR: gcr.io/fuzzbench/builders/benchmark/radon_radon:latest: not found

#5 [1/4] FROM gcr.io/oss-fuzz-base/base-builder@sha256:4ad017ca53699eda684c1c444948c93a4af848fe34baee3a765d3c4693fe6a56
#5 sha256:3f10b3978a3951f6e2692fa5e5890ee5a755650381dedece7198ed0b1dcdaa8c
#5 CACHED

#7 [internal] load build context
#7 sha256:3a14c8250a2f6ab9b502ef4ed30b02a1c469f825d4f3c799312507e59839668d
#7 transferring context: 955B done
#7 DONE 0.2s

#6 [2/4] RUN go get github.com/radondb/radon/src/fuzz/sqlparser
#6 sha256:b8ca578af16e4dc19babfe9e8a32a25fd80431b4a53eb347ab6f9cebe9b56c5e
#6 0.514 /bin/sh: 1: go: not found
#6 ERROR: executor failed running [/bin/sh -c go get github.com/radondb/radon/src/fuzz/sqlparser]: exit code: 127
------
 > importing cache manifest from gcr.io/fuzzbench/builders/benchmark/radon_radon:
------
------
 > [2/4] RUN go get github.com/radondb/radon/src/fuzz/sqlparser:
------
executor failed running [/bin/sh -c go get github.com/radondb/radon/src/fuzz/sqlparser]: exit code: 127
make: *** [docker/generated.mk:60592: .radon_radon-project-builder] Error 1
/bin/sh: 1: source: not found
#2 [internal] load .dockerignore
#2 sha256:a37bf29381e40614591185b6f1b90757a1fb5ce0599ff7fe7c4c67c7563dc80d
#2 transferring context: 2B done
#2 DONE 0.1s

#1 [internal] load build definition from Dockerfile
#1 sha256:7323dbf60b297a793d6069e57ed790b44133a4dcb696b038c5176aa93c21dda5
#1 transferring dockerfile: 32B done
#1 DONE 0.2s

#3 [internal] load metadata for gcr.io/oss-fuzz-base/base-builder:latest
#3 sha256:f10dc39cc9d418a5bc416dead31a1902b6821fdae909cd3b08f7a3fd1faba7b5
#3 DONE 0.4s

#7 [internal] load build context
#7 sha256:452efe0ed68a033ec7910ebf454a9bb2015ec93044d913bf4bff752e8e1de0d9
#7 DONE 0.0s

#5 [1/4] FROM gcr.io/oss-fuzz-base/base-builder@sha256:4ad017ca53699eda684c1c444948c93a4af848fe34baee3a765d3c4693fe6a56
#5 sha256:3f10b3978a3951f6e2692fa5e5890ee5a755650381dedece7198ed0b1dcdaa8c
#5 DONE 0.0s

#4 importing cache manifest from gcr.io/fuzzbench/builders/benchmark/radon_radon
#4 sha256:b22646c109ec64e925641dda75c92195511a025af39ad22f09653c32ee92afbd
#4 ERROR: gcr.io/fuzzbench/builders/benchmark/radon_radon:latest: not found

#5 [1/4] FROM gcr.io/oss-fuzz-base/base-builder@sha256:4ad017ca53699eda684c1c444948c93a4af848fe34baee3a765d3c4693fe6a56
#5 sha256:3f10b3978a3951f6e2692fa5e5890ee5a755650381dedece7198ed0b1dcdaa8c
#5 CACHED

#7 [internal] load build context
#7 sha256:452efe0ed68a033ec7910ebf454a9bb2015ec93044d913bf4bff752e8e1de0d9
#7 transferring context: 30B done
#7 DONE 0.1s

#6 [2/4] RUN go get github.com/radondb/radon/src/fuzz/sqlparser
#6 sha256:b8ca578af16e4dc19babfe9e8a32a25fd80431b4a53eb347ab6f9cebe9b56c5e
#6 0.426 /bin/sh: 1: go: not found
#6 ERROR: executor failed running [/bin/sh -c go get github.com/radondb/radon/src/fuzz/sqlparser]: exit code: 127
------
 > importing cache manifest from gcr.io/fuzzbench/builders/benchmark/radon_radon:
------
------
 > [2/4] RUN go get github.com/radondb/radon/src/fuzz/sqlparser:
------
executor failed running [/bin/sh -c go get github.com/radondb/radon/src/fuzz/sqlparser]: exit code: 127
make: *** [docker/generated.mk:60592: .radon_radon-project-builder] Error 1
