WARNING:root:gcloud not found in PATH.
INFO:root:Successfully integrated benchmark: dav1d_dav1d.
INFO:root:Please run "make test-run-afl-dav1d_dav1d" to test integration.
#2 [internal] load .dockerignore
#2 sha256:d20fc6285e97df33af8ee8493217dd5a35f177c83f212dc250941f02041d332d
#2 transferring context: 2B done
#2 DONE 0.4s

#1 [internal] load build definition from Dockerfile
#1 sha256:f0561434498a0196763f8e61301c28dec6b4635217a3fe3d2cf50c12adc3d831
#1 transferring dockerfile: 1.29kB done
#1 DONE 0.5s

#3 [internal] load metadata for gcr.io/oss-fuzz-base/base-builder:latest
#3 sha256:f10dc39cc9d418a5bc416dead31a1902b6821fdae909cd3b08f7a3fd1faba7b5
#3 DONE 0.4s

#6 [internal] load build context
#6 sha256:2694d39815d6e1bcfa560eb7be47d167cab4b38321e695755e9c87d21ae8f227
#6 DONE 0.0s

#5 [ 1/10] FROM gcr.io/oss-fuzz-base/base-builder@sha256:41d7bbe7827592680a606c9bba1aeb6e23c7502ce8b633923b06542f4c706e7c
#5 sha256:660db69324ed478291dd329cbbfe422dccbc173f9ab806c069fac341073eab8c
#5 DONE 0.0s

#4 importing cache manifest from gcr.io/fuzzbench/builders/benchmark/dav1d_dav1d
#4 sha256:c640aed998096b9c705415b1977b0c71ad77d1e8e0906e3ac6ad0b2e1315b358
#4 ERROR: gcr.io/fuzzbench/builders/benchmark/dav1d_dav1d:latest: not found

#5 [ 1/10] FROM gcr.io/oss-fuzz-base/base-builder@sha256:41d7bbe7827592680a606c9bba1aeb6e23c7502ce8b633923b06542f4c706e7c
#5 sha256:660db69324ed478291dd329cbbfe422dccbc173f9ab806c069fac341073eab8c
#5 CACHED

#6 [internal] load build context
#6 sha256:2694d39815d6e1bcfa560eb7be47d167cab4b38321e695755e9c87d21ae8f227
#6 transferring context: 2.54kB done
#6 DONE 0.1s

#7 [ 2/10] ADD nasm.list /etc/apt/sources.list.d/nasm.list
#7 sha256:65bc41db6003eb7df77be84a99373d83b160e1b548c1536fa7a8b96bafbd3daa
#7 DONE 0.7s

#8 [ 3/10] ADD nasm_apt.pin /etc/apt/preferences
#8 sha256:d192482bd8609350aa3f9401c5404fef54552b7366e8b3a190567a897cf9f175
#8 DONE 0.5s

#9 [ 4/10] RUN apt-get update &&     apt-get install --no-install-recommends -y curl python3-pip python3-setuptools python3-wheel nasm &&     pip3 install meson ninja
#9 sha256:1a878429e92a6cf4cef264fd4b75fa3a2f59b6d044bb3e9599aca6b971122c72
#9 0.772 Hit:1 http://archive.ubuntu.com/ubuntu focal InRelease
#9 0.772 Get:2 http://archive.ubuntu.com/ubuntu focal-updates InRelease [114 kB]
#9 0.772 Hit:3 http://ppa.launchpad.net/git-core/ppa/ubuntu focal InRelease
#9 0.851 Get:4 http://archive.ubuntu.com/ubuntu focal-backports InRelease [108 kB]
#9 0.887 Ign:5 http://archive.ubuntu.com/ubuntu eoan InRelease
#9 0.910 Err:6 http://archive.ubuntu.com/ubuntu eoan Release
#9 0.910   404  Not Found [IP: 91.189.88.152 80]
#9 0.911 Get:7 http://security.ubuntu.com/ubuntu focal-security InRelease [114 kB]
#9 1.351 Get:8 http://archive.ubuntu.com/ubuntu focal-updates/main i386 Packages [755 kB]
#9 1.622 Get:9 http://archive.ubuntu.com/ubuntu focal-updates/universe amd64 Packages [1135 kB]
#9 1.706 Get:10 http://archive.ubuntu.com/ubuntu focal-updates/universe i386 Packages [828 kB]
#9 1.768 Get:11 http://archive.ubuntu.com/ubuntu focal-updates/restricted amd64 Packages [1042 kB]
#9 1.845 Get:12 http://archive.ubuntu.com/ubuntu focal-updates/main amd64 Packages [1984 kB]
#9 1.876 Get:13 http://security.ubuntu.com/ubuntu focal-security/main i386 Packages [467 kB]
#9 2.215 Get:14 http://security.ubuntu.com/ubuntu focal-security/universe i386 Packages [657 kB]
#9 2.340 Get:15 http://security.ubuntu.com/ubuntu focal-security/main amd64 Packages [1557 kB]
#9 2.484 Get:16 http://security.ubuntu.com/ubuntu focal-security/restricted amd64 Packages [974 kB]
#9 2.556 Get:17 http://security.ubuntu.com/ubuntu focal-security/universe amd64 Packages [841 kB]
#9 3.469 Reading package lists...
#9 4.992 E: The repository 'http://archive.ubuntu.com/ubuntu eoan Release' does not have a Release file.
#9 ERROR: executor failed running [/bin/sh -c apt-get update &&     apt-get install --no-install-recommends -y curl python3-pip python3-setuptools python3-wheel nasm &&     pip3 install meson ninja]: exit code: 100
------
 > importing cache manifest from gcr.io/fuzzbench/builders/benchmark/dav1d_dav1d:
------
------
 > [ 4/10] RUN apt-get update &&     apt-get install --no-install-recommends -y curl python3-pip python3-setuptools python3-wheel nasm &&     pip3 install meson ninja:
------
executor failed running [/bin/sh -c apt-get update &&     apt-get install --no-install-recommends -y curl python3-pip python3-setuptools python3-wheel nasm &&     pip3 install meson ninja]: exit code: 100
make: *** [docker/generated.mk:10774: .dav1d_dav1d-project-builder] Error 1
/bin/sh: 1: source: not found
#2 [internal] load .dockerignore
#2 sha256:1c8149a415ef25eae0e6ab0a5cf50439c5ed3723fc7a72a5464f9a1261243649
#2 transferring context: 2B done
#2 DONE 0.2s

#1 [internal] load build definition from Dockerfile
#1 sha256:527e4baf4c1f82feb7bd5d77fa82331a652fc9131452b77e89cc252101bec756
#1 transferring dockerfile: 32B done
#1 DONE 0.3s

#3 [internal] load metadata for gcr.io/oss-fuzz-base/base-builder:latest
#3 sha256:f10dc39cc9d418a5bc416dead31a1902b6821fdae909cd3b08f7a3fd1faba7b5
#3 DONE 0.9s

#6 [internal] load build context
#6 sha256:14a5e062d6ad0a1640bbdb5b0653d88bfc0803858db00f7ad83b2c26f6e823da
#6 DONE 0.0s

#4 importing cache manifest from gcr.io/fuzzbench/builders/benchmark/dav1d_dav1d
#4 sha256:c640aed998096b9c705415b1977b0c71ad77d1e8e0906e3ac6ad0b2e1315b358
#4 ERROR: gcr.io/fuzzbench/builders/benchmark/dav1d_dav1d:latest: not found

#5 [ 1/10] FROM gcr.io/oss-fuzz-base/base-builder@sha256:41d7bbe7827592680a606c9bba1aeb6e23c7502ce8b633923b06542f4c706e7c
#5 sha256:660db69324ed478291dd329cbbfe422dccbc173f9ab806c069fac341073eab8c
#5 DONE 0.0s

#6 [internal] load build context
#6 sha256:14a5e062d6ad0a1640bbdb5b0653d88bfc0803858db00f7ad83b2c26f6e823da
#6 transferring context: 122B done
#6 DONE 0.2s

#7 [ 2/10] ADD nasm.list /etc/apt/sources.list.d/nasm.list
#7 sha256:9fe91926162ec0cebe86156d8703d2e899576436e1a69642d34e63171fe8a7d9
#7 CACHED

#8 [ 3/10] ADD nasm_apt.pin /etc/apt/preferences
#8 sha256:a543c2efbf894ea2235ba33da85719dc8caa28cba513e3ee9f2c8f1741a0a6b1
#8 CACHED

#9 [ 4/10] RUN apt-get update &&     apt-get install --no-install-recommends -y curl python3-pip python3-setuptools python3-wheel nasm &&     pip3 install meson ninja
#9 sha256:77782b2ee8780b2ab386f5ce0ec983bdc8368ac71c9b2f8f59df201a965e0bba
#9 0.743 Hit:1 http://ppa.launchpad.net/git-core/ppa/ubuntu focal InRelease
#9 0.743 Hit:2 http://archive.ubuntu.com/ubuntu focal InRelease
#9 0.756 Get:3 http://archive.ubuntu.com/ubuntu focal-updates InRelease [114 kB]
#9 0.852 Get:4 http://archive.ubuntu.com/ubuntu focal-backports InRelease [108 kB]
#9 0.856 Get:5 http://security.ubuntu.com/ubuntu focal-security InRelease [114 kB]
#9 0.904 Ign:6 http://archive.ubuntu.com/ubuntu eoan InRelease
#9 0.928 Err:7 http://archive.ubuntu.com/ubuntu eoan Release
#9 0.928   404  Not Found [IP: 91.189.88.152 80]
#9 1.281 Get:8 http://archive.ubuntu.com/ubuntu focal-updates/main amd64 Packages [1984 kB]
#9 1.478 Get:9 http://archive.ubuntu.com/ubuntu focal-updates/universe i386 Packages [828 kB]
#9 1.544 Get:10 http://archive.ubuntu.com/ubuntu focal-updates/universe amd64 Packages [1135 kB]
#9 1.624 Get:11 http://archive.ubuntu.com/ubuntu focal-updates/main i386 Packages [755 kB]
#9 1.680 Get:12 http://archive.ubuntu.com/ubuntu focal-updates/restricted amd64 Packages [1042 kB]
#9 1.693 Get:13 http://security.ubuntu.com/ubuntu focal-security/restricted amd64 Packages [974 kB]
#9 2.183 Get:14 http://security.ubuntu.com/ubuntu focal-security/main amd64 Packages [1557 kB]
#9 2.348 Get:15 http://security.ubuntu.com/ubuntu focal-security/universe amd64 Packages [841 kB]
#9 2.430 Get:16 http://security.ubuntu.com/ubuntu focal-security/main i386 Packages [467 kB]
#9 2.465 Get:17 http://security.ubuntu.com/ubuntu focal-security/universe i386 Packages [657 kB]
#9 2.847 Reading package lists...
#9 4.306 E: The repository 'http://archive.ubuntu.com/ubuntu eoan Release' does not have a Release file.
#9 ERROR: executor failed running [/bin/sh -c apt-get update &&     apt-get install --no-install-recommends -y curl python3-pip python3-setuptools python3-wheel nasm &&     pip3 install meson ninja]: exit code: 100
------
 > importing cache manifest from gcr.io/fuzzbench/builders/benchmark/dav1d_dav1d:
------
------
 > [ 4/10] RUN apt-get update &&     apt-get install --no-install-recommends -y curl python3-pip python3-setuptools python3-wheel nasm &&     pip3 install meson ninja:
------
executor failed running [/bin/sh -c apt-get update &&     apt-get install --no-install-recommends -y curl python3-pip python3-setuptools python3-wheel nasm &&     pip3 install meson ninja]: exit code: 100
make: *** [docker/generated.mk:10774: .dav1d_dav1d-project-builder] Error 1
