WARNING:root:gcloud not found in PATH.
INFO:root:Successfully integrated benchmark: sqlite3_sqlite3.
INFO:root:Please run "make test-run-afl-sqlite3_sqlite3" to test integration.
#2 [internal] load .dockerignore
#2 sha256:d3356f1a079b4beab9f2234dde37a0cfab22f8df52bc614d0b1dc11fc73f672c
#2 transferring context: 2B done
#2 DONE 0.3s

#1 [internal] load build definition from Dockerfile
#1 sha256:a5566afdcc7b3520e40090f2ba4a23e1e0a8908cf198ea12657c297a37800a83
#1 transferring dockerfile: 1.19kB done
#1 DONE 0.4s

#3 [internal] load metadata for docker.io/ossfuzz/base-builder:latest
#3 sha256:1658bfc7ad2874004d53499bde356cef1fa4607e1f39114a04764c3152a57b06
#3 ERROR: pull access denied, repository does not exist or may require authorization: server message: insufficient_scope: authorization failed
------
 > [internal] load metadata for docker.io/ossfuzz/base-builder:latest:
------
failed to solve with frontend dockerfile.v0: failed to create LLB definition: pull access denied, repository does not exist or may require authorization: server message: insufficient_scope: authorization failed
make: *** [docker/generated.mk:63260: .sqlite3_sqlite3-project-builder] Error 1
/bin/sh: 1: source: not found
#2 [internal] load .dockerignore
#2 sha256:080c8fd022d539ded7ac51d9302da407e97c4b172e5a5006ef4b17ece87b4af6
#2 transferring context: 2B done
#2 DONE 0.1s

#1 [internal] load build definition from Dockerfile
#1 sha256:7b273c25033fbf4d70c983102a11b613765a7678da7e4a3025a3b79f4e21c599
#1 transferring dockerfile: 32B done
#1 DONE 0.1s

#3 [internal] load metadata for docker.io/ossfuzz/base-builder:latest
#3 sha256:1658bfc7ad2874004d53499bde356cef1fa4607e1f39114a04764c3152a57b06
#3 ERROR: pull access denied, repository does not exist or may require authorization: server message: insufficient_scope: authorization failed
------
 > [internal] load metadata for docker.io/ossfuzz/base-builder:latest:
------
failed to solve with frontend dockerfile.v0: failed to create LLB definition: pull access denied, repository does not exist or may require authorization: server message: insufficient_scope: authorization failed
make: *** [docker/generated.mk:63260: .sqlite3_sqlite3-project-builder] Error 1
