WARNING:root:gcloud not found in PATH.
INFO:root:Successfully integrated benchmark: librawspeed_librawspeed.
INFO:root:Please run "make test-run-afl-librawspeed_librawspeed" to test integration.
#2 [internal] load .dockerignore
#2 sha256:b328e1b8ecf6b398d153fe6d6da469065bbb6e29087f4c68177fe508ce38ef80
#2 transferring context: 2B done
#2 DONE 0.2s

#1 [internal] load build definition from Dockerfile
#1 sha256:c1afa4579059023fbca36a3cdd3533fa75fbfb3fd923ae32b4eb5ea7ebda9545
#1 transferring dockerfile: 1.22kB done
#1 DONE 0.2s

#3 [internal] load metadata for gcr.io/oss-fuzz-base/base-builder:latest
#3 sha256:f10dc39cc9d418a5bc416dead31a1902b6821fdae909cd3b08f7a3fd1faba7b5
#3 DONE 0.5s

#5 [1/5] FROM gcr.io/oss-fuzz-base/base-builder@sha256:4ad017ca53699eda684c1c444948c93a4af848fe34baee3a765d3c4693fe6a56
#5 sha256:3f10b3978a3951f6e2692fa5e5890ee5a755650381dedece7198ed0b1dcdaa8c
#5 DONE 0.0s

#9 [internal] load build context
#9 sha256:eb5c444ecbe9426f06299455b08f051725ad0c97b0771d3e60a3f50fd1974c01
#9 DONE 0.0s

#4 importing cache manifest from gcr.io/fuzzbench/builders/benchmark/librawspeed_librawspeed
#4 sha256:908e5135f98f8b70f79d41bff4f179d29d6e91b618463c17fbfcedf6df0d5c4a
#4 ERROR: gcr.io/fuzzbench/builders/benchmark/librawspeed_librawspeed:latest: not found

#5 [1/5] FROM gcr.io/oss-fuzz-base/base-builder@sha256:4ad017ca53699eda684c1c444948c93a4af848fe34baee3a765d3c4693fe6a56
#5 sha256:3f10b3978a3951f6e2692fa5e5890ee5a755650381dedece7198ed0b1dcdaa8c
#5 CACHED

#9 [internal] load build context
#9 sha256:eb5c444ecbe9426f06299455b08f051725ad0c97b0771d3e60a3f50fd1974c01
#9 transferring context: 1.65kB done
#9 DONE 0.3s

#6 [2/5] RUN apt-get update &&     apt-get install -y apt-transport-https ca-certificates gnupg software-properties-common wget &&     wget -O - https://apt.kitware.com/keys/kitware-archive-latest.asc 2>/dev/null | apt-key add - &&     apt-add-repository 'deb https://apt.kitware.com/ubuntu/ xenial main' &&     apt-get update && apt-get install -y cmake make
#6 sha256:4d2c0031fe932f8b1ea65950a913419fe0a1ef773b6b9b727cd79d670aa6fbb1
#6 0.876 Hit:1 http://archive.ubuntu.com/ubuntu focal InRelease
#6 0.876 Get:2 http://archive.ubuntu.com/ubuntu focal-updates InRelease [114 kB]
#6 0.876 Hit:3 http://ppa.launchpad.net/git-core/ppa/ubuntu focal InRelease
#6 0.966 Get:4 http://archive.ubuntu.com/ubuntu focal-backports InRelease [108 kB]
#6 0.993 Get:5 http://security.ubuntu.com/ubuntu focal-security InRelease [114 kB]
#6 1.747 Fetched 336 kB in 1s (346 kB/s)
#6 1.747 Reading package lists...
#6 3.506 Reading package lists...
#6 4.937 Building dependency tree...
#6 5.147 Reading state information...
#6 5.392 ca-certificates is already the newest version (20210119~20.04.2).
#6 5.392 ca-certificates set to manually installed.
#6 5.392 gnupg is already the newest version (2.2.19-3ubuntu2.1).
#6 5.392 gnupg set to manually installed.
#6 5.392 software-properties-common is already the newest version (0.99.9.8).
#6 5.392 wget is already the newest version (1.20.3-1ubuntu2).
#6 5.392 The following NEW packages will be installed:
#6 5.394   apt-transport-https
#6 5.470 0 upgraded, 1 newly installed, 0 to remove and 0 not upgraded.
#6 5.470 Need to get 4680 B of archives.
#6 5.470 After this operation, 162 kB of additional disk space will be used.
#6 5.470 Get:1 http://archive.ubuntu.com/ubuntu focal-updates/universe amd64 apt-transport-https all 2.0.6 [4680 B]
#6 5.797 debconf: delaying package configuration, since apt-utils is not installed
#6 5.923 Fetched 4680 B in 0s (73.2 kB/s)
#6 6.030 Selecting previously unselected package apt-transport-https.
#6 6.030 (Reading database ... (Reading database ... 5%(Reading database ... 10%(Reading database ... 15%(Reading database ... 20%(Reading database ... 25%(Reading database ... 30%(Reading database ... 35%(Reading database ... 40%(Reading database ... 45%(Reading database ... 50%(Reading database ... 55%(Reading database ... 60%(Reading database ... 65%(Reading database ... 70%(Reading database ... 75%(Reading database ... 80%(Reading database ... 85%(Reading database ... 90%(Reading database ... 95%(Reading database ... 100%(Reading database ... 21291 files and directories currently installed.)
#6 6.063 Preparing to unpack .../apt-transport-https_2.0.6_all.deb ...
#6 6.098 Unpacking apt-transport-https (2.0.6) ...
#6 6.258 Setting up apt-transport-https (2.0.6) ...
#6 6.499 Warning: apt-key output should not be parsed (stdout is not a terminal)
#6 7.142 OK
#6 8.265 Hit:1 http://archive.ubuntu.com/ubuntu focal InRelease
#6 8.265 Hit:2 http://ppa.launchpad.net/git-core/ppa/ubuntu focal InRelease
#6 8.268 Hit:3 http://security.ubuntu.com/ubuntu focal-security InRelease
#6 8.275 Hit:4 http://archive.ubuntu.com/ubuntu focal-updates InRelease
#6 8.297 Hit:5 http://archive.ubuntu.com/ubuntu focal-backports InRelease
#6 8.714 Get:6 https://apt.kitware.com/ubuntu xenial InRelease [6800 B]
#6 9.368 Get:7 https://apt.kitware.com/ubuntu xenial/main amd64 Packages [50.2 kB]
#6 9.681 Get:8 https://apt.kitware.com/ubuntu xenial/main i386 Packages [49.5 kB]
#6 9.714 Fetched 107 kB in 2s (69.9 kB/s)
#6 9.714 Reading package lists...
#6 11.31 Hit:1 http://security.ubuntu.com/ubuntu focal-security InRelease
#6 11.31 Hit:2 http://archive.ubuntu.com/ubuntu focal InRelease
#6 11.31 Hit:3 http://ppa.launchpad.net/git-core/ppa/ubuntu focal InRelease
#6 11.33 Hit:4 http://archive.ubuntu.com/ubuntu focal-updates InRelease
#6 11.35 Hit:5 http://archive.ubuntu.com/ubuntu focal-backports InRelease
#6 11.66 Hit:6 https://apt.kitware.com/ubuntu xenial InRelease
#6 12.29 Reading package lists...
#6 13.81 Reading package lists...
#6 15.23 Building dependency tree...
#6 15.45 Reading state information...
#6 15.54 make is already the newest version (4.2.1-1.2).
#6 15.54 make set to manually installed.
#6 15.54 Some packages could not be installed. This may mean that you have
#6 15.54 requested an impossible situation or if you are using the unstable
#6 15.54 distribution that some required packages have not yet been created
#6 15.54 or been moved out of Incoming.
#6 15.54 The following information may help to resolve the situation:
#6 15.54 
#6 15.54 The following packages have unmet dependencies:
#6 15.64  cmake : Depends: libssl1.0.0 (>= 1.0.2~beta3) but it is not installable
#6 15.65 E: Unable to correct problems, you have held broken packages.
#6 ERROR: executor failed running [/bin/sh -c apt-get update &&     apt-get install -y apt-transport-https ca-certificates gnupg software-properties-common wget &&     wget -O - https://apt.kitware.com/keys/kitware-archive-latest.asc 2>/dev/null | apt-key add - &&     apt-add-repository 'deb https://apt.kitware.com/ubuntu/ xenial main' &&     apt-get update && apt-get install -y cmake make]: exit code: 100
------
 > importing cache manifest from gcr.io/fuzzbench/builders/benchmark/librawspeed_librawspeed:
------
------
 > [2/5] RUN apt-get update &&     apt-get install -y apt-transport-https ca-certificates gnupg software-properties-common wget &&     wget -O - https://apt.kitware.com/keys/kitware-archive-latest.asc 2>/dev/null | apt-key add - &&     apt-add-repository 'deb https://apt.kitware.com/ubuntu/ xenial main' &&     apt-get update && apt-get install -y cmake make:
------
executor failed running [/bin/sh -c apt-get update &&     apt-get install -y apt-transport-https ca-certificates gnupg software-properties-common wget &&     wget -O - https://apt.kitware.com/keys/kitware-archive-latest.asc 2>/dev/null | apt-key add - &&     apt-add-repository 'deb https://apt.kitware.com/ubuntu/ xenial main' &&     apt-get update && apt-get install -y cmake make]: exit code: 100
make: *** [docker/generated.mk:33728: .librawspeed_librawspeed-project-builder] Error 1
/bin/sh: 1: source: not found
#1 [internal] load build definition from Dockerfile
#1 sha256:366db4acb0643733445113fb9e7b328a11e2dd7deffedae82f3c890fb088b3a2
#1 transferring dockerfile: 32B done
#1 DONE 0.0s

#2 [internal] load .dockerignore
#2 sha256:4011550668935302f8edfa71d8091e09a6e6619ad5c3757cf71fd1e2473aba97
#2 transferring context: 2B done
#2 DONE 0.0s

#3 [internal] load metadata for gcr.io/oss-fuzz-base/base-builder:latest
#3 sha256:f10dc39cc9d418a5bc416dead31a1902b6821fdae909cd3b08f7a3fd1faba7b5
#3 DONE 0.5s

#9 [internal] load build context
#9 sha256:d7f89f342f8eb00e7ae526a42f3815c7e58056ea0b47742013d61290098b2730
#9 DONE 0.0s

#5 [1/5] FROM gcr.io/oss-fuzz-base/base-builder@sha256:4ad017ca53699eda684c1c444948c93a4af848fe34baee3a765d3c4693fe6a56
#5 sha256:3f10b3978a3951f6e2692fa5e5890ee5a755650381dedece7198ed0b1dcdaa8c
#5 DONE 0.0s

#4 importing cache manifest from gcr.io/fuzzbench/builders/benchmark/librawspeed_librawspeed
#4 sha256:908e5135f98f8b70f79d41bff4f179d29d6e91b618463c17fbfcedf6df0d5c4a
#4 ERROR: gcr.io/fuzzbench/builders/benchmark/librawspeed_librawspeed:latest: not found

#5 [1/5] FROM gcr.io/oss-fuzz-base/base-builder@sha256:4ad017ca53699eda684c1c444948c93a4af848fe34baee3a765d3c4693fe6a56
#5 sha256:3f10b3978a3951f6e2692fa5e5890ee5a755650381dedece7198ed0b1dcdaa8c
#5 CACHED

#9 [internal] load build context
#9 sha256:d7f89f342f8eb00e7ae526a42f3815c7e58056ea0b47742013d61290098b2730
#9 transferring context: 30B done
#9 DONE 0.1s

#6 [2/5] RUN apt-get update &&     apt-get install -y apt-transport-https ca-certificates gnupg software-properties-common wget &&     wget -O - https://apt.kitware.com/keys/kitware-archive-latest.asc 2>/dev/null | apt-key add - &&     apt-add-repository 'deb https://apt.kitware.com/ubuntu/ xenial main' &&     apt-get update && apt-get install -y cmake make
#6 sha256:4d2c0031fe932f8b1ea65950a913419fe0a1ef773b6b9b727cd79d670aa6fbb1
#6 0.654 Hit:1 http://archive.ubuntu.com/ubuntu focal InRelease
#6 0.654 Get:2 http://archive.ubuntu.com/ubuntu focal-updates InRelease [114 kB]
#6 0.654 Get:3 http://security.ubuntu.com/ubuntu focal-security InRelease [114 kB]
#6 0.654 Hit:4 http://ppa.launchpad.net/git-core/ppa/ubuntu focal InRelease
#6 0.723 Get:5 http://archive.ubuntu.com/ubuntu focal-backports InRelease [108 kB]
#6 1.551 Fetched 336 kB in 1s (338 kB/s)
#6 1.551 Reading package lists...
#6 3.066 Reading package lists...
#6 4.495 Building dependency tree...
#6 4.706 Reading state information...
#6 4.950 ca-certificates is already the newest version (20210119~20.04.2).
#6 4.950 ca-certificates set to manually installed.
#6 4.950 gnupg is already the newest version (2.2.19-3ubuntu2.1).
#6 4.950 gnupg set to manually installed.
#6 4.950 software-properties-common is already the newest version (0.99.9.8).
#6 4.950 wget is already the newest version (1.20.3-1ubuntu2).
#6 4.950 The following NEW packages will be installed:
#6 4.953   apt-transport-https
#6 5.026 0 upgraded, 1 newly installed, 0 to remove and 0 not upgraded.
#6 5.026 Need to get 4680 B of archives.
#6 5.026 After this operation, 162 kB of additional disk space will be used.
#6 5.026 Get:1 http://archive.ubuntu.com/ubuntu focal-updates/universe amd64 apt-transport-https all 2.0.6 [4680 B]
#6 5.353 debconf: delaying package configuration, since apt-utils is not installed
#6 5.475 Fetched 4680 B in 0s (75.8 kB/s)
#6 5.624 Selecting previously unselected package apt-transport-https.
#6 5.624 (Reading database ... (Reading database ... 5%(Reading database ... 10%(Reading database ... 15%(Reading database ... 20%(Reading database ... 25%(Reading database ... 30%(Reading database ... 35%(Reading database ... 40%(Reading database ... 45%(Reading database ... 50%(Reading database ... 55%(Reading database ... 60%(Reading database ... 65%(Reading database ... 70%(Reading database ... 75%(Reading database ... 80%(Reading database ... 85%(Reading database ... 90%(Reading database ... 95%(Reading database ... 100%(Reading database ... 21291 files and directories currently installed.)
#6 5.648 Preparing to unpack .../apt-transport-https_2.0.6_all.deb ...
#6 5.687 Unpacking apt-transport-https (2.0.6) ...
#6 5.777 Setting up apt-transport-https (2.0.6) ...
#6 5.912 Warning: apt-key output should not be parsed (stdout is not a terminal)
#6 6.419 OK
#6 7.243 Hit:1 http://ppa.launchpad.net/git-core/ppa/ubuntu focal InRelease
#6 7.243 Hit:2 http://archive.ubuntu.com/ubuntu focal InRelease
#6 7.243 Hit:3 http://security.ubuntu.com/ubuntu focal-security InRelease
#6 7.257 Hit:4 http://archive.ubuntu.com/ubuntu focal-updates InRelease
#6 7.280 Hit:5 http://archive.ubuntu.com/ubuntu focal-backports InRelease
#6 7.588 Get:6 https://apt.kitware.com/ubuntu xenial InRelease [6800 B]
#6 8.341 Get:7 https://apt.kitware.com/ubuntu xenial/main amd64 Packages [50.2 kB]
#6 8.643 Get:8 https://apt.kitware.com/ubuntu xenial/main i386 Packages [49.5 kB]
#6 8.673 Fetched 107 kB in 2s (70.8 kB/s)
#6 8.673 Reading package lists...
#6 10.29 Hit:1 http://archive.ubuntu.com/ubuntu focal InRelease
#6 10.29 Hit:2 http://security.ubuntu.com/ubuntu focal-security InRelease
#6 10.29 Hit:3 http://ppa.launchpad.net/git-core/ppa/ubuntu focal InRelease
#6 10.30 Hit:4 http://archive.ubuntu.com/ubuntu focal-updates InRelease
#6 10.32 Hit:5 http://archive.ubuntu.com/ubuntu focal-backports InRelease
#6 10.63 Hit:6 https://apt.kitware.com/ubuntu xenial InRelease
#6 11.28 Reading package lists...
#6 12.77 Reading package lists...
#6 14.19 Building dependency tree...
#6 14.40 Reading state information...
#6 14.49 make is already the newest version (4.2.1-1.2).
#6 14.49 make set to manually installed.
#6 14.49 Some packages could not be installed. This may mean that you have
#6 14.49 requested an impossible situation or if you are using the unstable
#6 14.49 distribution that some required packages have not yet been created
#6 14.49 or been moved out of Incoming.
#6 14.49 The following information may help to resolve the situation:
#6 14.49 
#6 14.49 The following packages have unmet dependencies:
#6 14.58  cmake : Depends: libssl1.0.0 (>= 1.0.2~beta3) but it is not installable
#6 14.60 E: Unable to correct problems, you have held broken packages.
#6 ERROR: executor failed running [/bin/sh -c apt-get update &&     apt-get install -y apt-transport-https ca-certificates gnupg software-properties-common wget &&     wget -O - https://apt.kitware.com/keys/kitware-archive-latest.asc 2>/dev/null | apt-key add - &&     apt-add-repository 'deb https://apt.kitware.com/ubuntu/ xenial main' &&     apt-get update && apt-get install -y cmake make]: exit code: 100
------
 > importing cache manifest from gcr.io/fuzzbench/builders/benchmark/librawspeed_librawspeed:
------
------
 > [2/5] RUN apt-get update &&     apt-get install -y apt-transport-https ca-certificates gnupg software-properties-common wget &&     wget -O - https://apt.kitware.com/keys/kitware-archive-latest.asc 2>/dev/null | apt-key add - &&     apt-add-repository 'deb https://apt.kitware.com/ubuntu/ xenial main' &&     apt-get update && apt-get install -y cmake make:
------
executor failed running [/bin/sh -c apt-get update &&     apt-get install -y apt-transport-https ca-certificates gnupg software-properties-common wget &&     wget -O - https://apt.kitware.com/keys/kitware-archive-latest.asc 2>/dev/null | apt-key add - &&     apt-add-repository 'deb https://apt.kitware.com/ubuntu/ xenial main' &&     apt-get update && apt-get install -y cmake make]: exit code: 100
make: *** [docker/generated.mk:33728: .librawspeed_librawspeed-project-builder] Error 1
