WARNING:root:gcloud not found in PATH.
INFO:root:Successfully integrated benchmark: nanopb_nanopb.
INFO:root:Please run "make test-run-afl-nanopb_nanopb" to test integration.
#2 [internal] load .dockerignore
#2 sha256:7d7eef14a7ef6d8a3cf8b2bba5eafbcfac460a47340160d0db5a9089c67c028b
#2 transferring context: 2B done
#2 DONE 0.1s

#1 [internal] load build definition from Dockerfile
#1 sha256:d37266991e8cfc84fb147f0eed82cad835bf2a118126cfad91fec7c73c7af585
#1 transferring dockerfile: 1.05kB done
#1 DONE 0.2s

#3 [internal] load metadata for gcr.io/oss-fuzz-base/base-builder:latest
#3 sha256:f10dc39cc9d418a5bc416dead31a1902b6821fdae909cd3b08f7a3fd1faba7b5
#3 DONE 0.4s

#11 [internal] load build context
#11 sha256:905a86af3ca48acda91c098578b612e71f2c16fa77ebd0efad99df0a99bc7941
#11 DONE 0.0s

#5 [1/7] FROM gcr.io/oss-fuzz-base/base-builder@sha256:112044a9815d235113677d459cf2ece740a51f2b85081c8f66943dcdc72ddf7f
#5 sha256:4aee4bf9f7280ac8b7f02b8d29e6e084dd034d2c294b4e3e05d8ce7048a1450f
#5 DONE 0.0s

#4 importing cache manifest from gcr.io/fuzzbench/builders/benchmark/nanopb_nanopb
#4 sha256:f352c03aeb9caf5f571d3ec72ed606ff31a643e0c9484e1c1800c533c1ad2e00
#4 ERROR: gcr.io/fuzzbench/builders/benchmark/nanopb_nanopb:latest: not found

#5 [1/7] FROM gcr.io/oss-fuzz-base/base-builder@sha256:112044a9815d235113677d459cf2ece740a51f2b85081c8f66943dcdc72ddf7f
#5 sha256:4aee4bf9f7280ac8b7f02b8d29e6e084dd034d2c294b4e3e05d8ce7048a1450f
#5 CACHED

#11 [internal] load build context
#11 sha256:905a86af3ca48acda91c098578b612e71f2c16fa77ebd0efad99df0a99bc7941
#11 transferring context: 810B done
#11 DONE 0.0s

#6 [2/7] RUN apt-get update && apt-get install -y python3-pip git wget
#6 sha256:5cec3343c7b724861ba6173a08314beb2c09285f0c243bc9260531f1df5ed63c
#6 0.539 Hit:1 http://archive.ubuntu.com/ubuntu focal InRelease
#6 0.539 Get:2 http://security.ubuntu.com/ubuntu focal-security InRelease [114 kB]
#6 0.539 Hit:3 http://ppa.launchpad.net/git-core/ppa/ubuntu focal InRelease
#6 0.543 Get:4 http://archive.ubuntu.com/ubuntu focal-updates InRelease [114 kB]
#6 0.642 Get:5 http://archive.ubuntu.com/ubuntu focal-backports InRelease [108 kB]
#6 1.246 Get:6 http://archive.ubuntu.com/ubuntu focal-updates/universe i386 Packages [827 kB]
#6 1.385 Get:7 http://archive.ubuntu.com/ubuntu focal-updates/universe amd64 Packages [1134 kB]
#6 1.494 Get:8 http://archive.ubuntu.com/ubuntu focal-updates/main amd64 Packages [1984 kB]
#6 1.616 Get:9 http://archive.ubuntu.com/ubuntu focal-updates/main i386 Packages [755 kB]
#6 1.834 Fetched 5036 kB in 1s (3659 kB/s)
#6 1.834 Reading package lists...
#6 3.324 Reading package lists...
#6 4.745 Building dependency tree...
#6 4.954 Reading state information...
#6 5.164 wget is already the newest version (1.20.3-1ubuntu2).
#6 5.164 git is already the newest version (1:2.35.1-0ppa1~ubuntu20.04.1).
#6 5.164 The following additional packages will be installed:
#6 5.165   libexpat1-dev libpython3-dev libpython3.8 libpython3.8-dev python-pip-whl
#6 5.165   python3-dev python3-distutils python3-lib2to3 python3-setuptools
#6 5.165   python3-wheel python3.8-dev zlib1g-dev
#6 5.167 Suggested packages:
#6 5.167   python-setuptools-doc
#6 5.299 The following NEW packages will be installed:
#6 5.300   libexpat1-dev libpython3-dev libpython3.8 libpython3.8-dev python-pip-whl
#6 5.300   python3-dev python3-distutils python3-lib2to3 python3-pip python3-setuptools
#6 5.300   python3-wheel python3.8-dev zlib1g-dev
#6 5.374 0 upgraded, 13 newly installed, 0 to remove and 0 not upgraded.
#6 5.374 Need to get 8972 kB of archives.
#6 5.374 After this operation, 34.7 MB of additional disk space will be used.
#6 5.374 Get:1 http://archive.ubuntu.com/ubuntu focal/main amd64 libexpat1-dev amd64 2.2.9-1build1 [116 kB]
#6 5.470 Get:2 http://archive.ubuntu.com/ubuntu focal-updates/main amd64 libpython3.8 amd64 3.8.10-0ubuntu1~20.04.2 [1625 kB]
#6 5.616 Get:3 http://archive.ubuntu.com/ubuntu focal-updates/main amd64 libpython3.8-dev amd64 3.8.10-0ubuntu1~20.04.2 [3950 kB]
#6 6.017 Get:4 http://archive.ubuntu.com/ubuntu focal/main amd64 libpython3-dev amd64 3.8.2-0ubuntu2 [7236 B]
#6 6.017 Get:5 http://archive.ubuntu.com/ubuntu focal-updates/universe amd64 python-pip-whl all 20.0.2-5ubuntu1.6 [1805 kB]
#6 6.068 Get:6 http://archive.ubuntu.com/ubuntu focal-updates/main amd64 zlib1g-dev amd64 1:1.2.11.dfsg-2ubuntu1.2 [155 kB]
#6 6.079 Get:7 http://archive.ubuntu.com/ubuntu focal-updates/main amd64 python3.8-dev amd64 3.8.10-0ubuntu1~20.04.2 [510 kB]
#6 6.117 Get:8 http://archive.ubuntu.com/ubuntu focal-updates/main amd64 python3-lib2to3 all 3.8.10-0ubuntu1~20.04 [76.3 kB]
#6 6.123 Get:9 http://archive.ubuntu.com/ubuntu focal-updates/main amd64 python3-distutils all 3.8.10-0ubuntu1~20.04 [141 kB]
#6 6.133 Get:10 http://archive.ubuntu.com/ubuntu focal/main amd64 python3-dev amd64 3.8.2-0ubuntu2 [1212 B]
#6 6.134 Get:11 http://archive.ubuntu.com/ubuntu focal/main amd64 python3-setuptools all 45.2.0-1 [330 kB]
#6 6.158 Get:12 http://archive.ubuntu.com/ubuntu focal/universe amd64 python3-wheel all 0.34.2-1 [23.8 kB]
#6 6.160 Get:13 http://archive.ubuntu.com/ubuntu focal-updates/universe amd64 python3-pip all 20.0.2-5ubuntu1.6 [231 kB]
#6 6.400 debconf: delaying package configuration, since apt-utils is not installed
#6 6.458 Fetched 8972 kB in 1s (10.4 MB/s)
#6 6.497 Selecting previously unselected package libexpat1-dev:amd64.
#6 6.497 (Reading database ... (Reading database ... 5%(Reading database ... 10%(Reading database ... 15%(Reading database ... 20%(Reading database ... 25%(Reading database ... 30%(Reading database ... 35%(Reading database ... 40%(Reading database ... 45%(Reading database ... 50%(Reading database ... 55%(Reading database ... 60%(Reading database ... 65%(Reading database ... 70%(Reading database ... 75%(Reading database ... 80%(Reading database ... 85%(Reading database ... 90%(Reading database ... 95%(Reading database ... 100%(Reading database ... 21291 files and directories currently installed.)
#6 6.518 Preparing to unpack .../00-libexpat1-dev_2.2.9-1build1_amd64.deb ...
#6 6.522 Unpacking libexpat1-dev:amd64 (2.2.9-1build1) ...
#6 6.587 Selecting previously unselected package libpython3.8:amd64.
#6 6.590 Preparing to unpack .../01-libpython3.8_3.8.10-0ubuntu1~20.04.2_amd64.deb ...
#6 6.597 Unpacking libpython3.8:amd64 (3.8.10-0ubuntu1~20.04.2) ...
#6 6.820 Selecting previously unselected package libpython3.8-dev:amd64.
#6 6.822 Preparing to unpack .../02-libpython3.8-dev_3.8.10-0ubuntu1~20.04.2_amd64.deb ...
#6 6.826 Unpacking libpython3.8-dev:amd64 (3.8.10-0ubuntu1~20.04.2) ...
#6 7.292 Selecting previously unselected package libpython3-dev:amd64.
#6 7.294 Preparing to unpack .../03-libpython3-dev_3.8.2-0ubuntu2_amd64.deb ...
#6 7.298 Unpacking libpython3-dev:amd64 (3.8.2-0ubuntu2) ...
#6 7.331 Selecting previously unselected package python-pip-whl.
#6 7.334 Preparing to unpack .../04-python-pip-whl_20.0.2-5ubuntu1.6_all.deb ...
#6 7.338 Unpacking python-pip-whl (20.0.2-5ubuntu1.6) ...
#6 7.508 Selecting previously unselected package zlib1g-dev:amd64.
#6 7.511 Preparing to unpack .../05-zlib1g-dev_1%3a1.2.11.dfsg-2ubuntu1.2_amd64.deb ...
#6 7.517 Unpacking zlib1g-dev:amd64 (1:1.2.11.dfsg-2ubuntu1.2) ...
#6 7.584 Selecting previously unselected package python3.8-dev.
#6 7.587 Preparing to unpack .../06-python3.8-dev_3.8.10-0ubuntu1~20.04.2_amd64.deb ...
#6 7.593 Unpacking python3.8-dev (3.8.10-0ubuntu1~20.04.2) ...
#6 7.655 Selecting previously unselected package python3-lib2to3.
#6 7.658 Preparing to unpack .../07-python3-lib2to3_3.8.10-0ubuntu1~20.04_all.deb ...
#6 7.662 Unpacking python3-lib2to3 (3.8.10-0ubuntu1~20.04) ...
#6 7.730 Selecting previously unselected package python3-distutils.
#6 7.733 Preparing to unpack .../08-python3-distutils_3.8.10-0ubuntu1~20.04_all.deb ...
#6 7.737 Unpacking python3-distutils (3.8.10-0ubuntu1~20.04) ...
#6 7.798 Selecting previously unselected package python3-dev.
#6 7.801 Preparing to unpack .../09-python3-dev_3.8.2-0ubuntu2_amd64.deb ...
#6 7.805 Unpacking python3-dev (3.8.2-0ubuntu2) ...
#6 7.851 Selecting previously unselected package python3-setuptools.
#6 7.854 Preparing to unpack .../10-python3-setuptools_45.2.0-1_all.deb ...
#6 7.858 Unpacking python3-setuptools (45.2.0-1) ...
#6 7.947 Selecting previously unselected package python3-wheel.
#6 7.950 Preparing to unpack .../11-python3-wheel_0.34.2-1_all.deb ...
#6 7.954 Unpacking python3-wheel (0.34.2-1) ...
#6 7.997 Selecting previously unselected package python3-pip.
#6 8.000 Preparing to unpack .../12-python3-pip_20.0.2-5ubuntu1.6_all.deb ...
#6 8.004 Unpacking python3-pip (20.0.2-5ubuntu1.6) ...
#6 8.099 Setting up python3-wheel (0.34.2-1) ...
#6 8.316 Setting up libexpat1-dev:amd64 (2.2.9-1build1) ...
#6 8.327 Setting up libpython3.8:amd64 (3.8.10-0ubuntu1~20.04.2) ...
#6 8.339 Setting up zlib1g-dev:amd64 (1:1.2.11.dfsg-2ubuntu1.2) ...
#6 8.350 Setting up python-pip-whl (20.0.2-5ubuntu1.6) ...
#6 8.361 Setting up python3-lib2to3 (3.8.10-0ubuntu1~20.04) ...
#6 8.497 Setting up python3-distutils (3.8.10-0ubuntu1~20.04) ...
#6 8.689 Setting up python3-setuptools (45.2.0-1) ...
#6 9.046 Setting up libpython3.8-dev:amd64 (3.8.10-0ubuntu1~20.04.2) ...
#6 9.057 Setting up python3-pip (20.0.2-5ubuntu1.6) ...
#6 9.383 Setting up python3.8-dev (3.8.10-0ubuntu1~20.04.2) ...
#6 9.397 Setting up libpython3-dev:amd64 (3.8.2-0ubuntu2) ...
#6 9.413 Setting up python3-dev (3.8.2-0ubuntu2) ...
#6 9.430 Processing triggers for libc-bin (2.31-0ubuntu9.2) ...
#6 DONE 9.9s

#7 [3/7] RUN python3 -m pip install --upgrade pip
#7 sha256:4a6dd49ea65ff0285289d6aafd582ba6c3dbcece4077253de68aab5dd27de28f
#7 1.394 Collecting pip
#7 1.653   Downloading https://files.pythonhosted.org/packages/6a/df/a6ef77a6574781a668791419ffe366c8acd1c3cf4709d210cb53cd5ce1c2/pip-22.0.3-py3-none-any.whl (2.1MB)
#7 2.036 Installing collected packages: pip
#7 2.036   Found existing installation: pip 19.2.3
#7 2.369     Uninstalling pip-19.2.3:
#7 2.919       Successfully uninstalled pip-19.2.3
#7 4.994 Successfully installed pip-22.0.3
#7 DONE 6.3s

#8 [4/7] RUN pip3 install protobuf grpcio-tools scons
#8 sha256:f16f8bb9175fc531de918623a00adb2e5f90385d44bf2caac08e623b722436e3
#8 2.088 Collecting protobuf
#8 2.155   Downloading protobuf-3.19.4-cp38-cp38-manylinux_2_17_x86_64.manylinux2014_x86_64.whl (1.1 MB)
#8 2.273      ━━━━━━━━━━━━━━━━━━━━━━━━━━━━━━━━━━━━━━━━ 1.1/1.1 MB 9.4 MB/s eta 0:00:00
#8 4.110 Collecting grpcio-tools
#8 4.130   Downloading grpcio_tools-1.44.0-cp38-cp38-manylinux_2_17_x86_64.manylinux2014_x86_64.whl (2.4 MB)
#8 4.389      ━━━━━━━━━━━━━━━━━━━━━━━━━━━━━━━━━━━━━━━━ 2.4/2.4 MB 9.6 MB/s eta 0:00:00
#8 4.591 Collecting scons
#8 4.618   Downloading SCons-4.3.0-py3-none-any.whl (4.2 MB)
#8 5.040      ━━━━━━━━━━━━━━━━━━━━━━━━━━━━━━━━━━━━━━━━ 4.2/4.2 MB 10.1 MB/s eta 0:00:00
#8 5.108 Requirement already satisfied: setuptools in /usr/local/lib/python3.8/site-packages (from grpcio-tools) (41.2.0)
#8 6.849 Collecting grpcio>=1.44.0
#8 6.866   Downloading grpcio-1.44.0-cp38-cp38-manylinux_2_17_x86_64.manylinux2014_x86_64.whl (4.3 MB)
#8 7.232      ━━━━━━━━━━━━━━━━━━━━━━━━━━━━━━━━━━━━━━━━ 4.3/4.3 MB 11.9 MB/s eta 0:00:00
#8 7.277 Requirement already satisfied: six>=1.5.2 in /usr/local/lib/python3.8/site-packages (from grpcio>=1.44.0->grpcio-tools) (1.15.0)
#8 7.337 Installing collected packages: scons, protobuf, grpcio, grpcio-tools
#8 9.080 Successfully installed grpcio-1.44.0 grpcio-tools-1.44.0 protobuf-3.19.4 scons-4.3.0
#8 9.080 WARNING: Running pip as the 'root' user can result in broken permissions and conflicting behaviour with the system package manager. It is recommended to use a virtual environment instead: https://pip.pypa.io/warnings/venv
#8 DONE 9.9s

#9 [5/7] RUN update-alternatives --install /usr/bin/python python $(which python3) 100
#9 sha256:da78274acc9c7360d0d7e8d99531a87d8f59ecd83e3a3c7433462407f89ca883
#9 0.451 update-alternatives: using /usr/local/bin/python3 to provide /usr/bin/python (python) in auto mode
#9 DONE 0.6s

#10 [6/7] RUN git clone --depth 1 https://github.com/nanopb/nanopb /src/nanopb
#10 sha256:1d26e937206e6da637c39448072147ace8581a7bc265ecd33a1f0ccef5122579
#10 0.504 Cloning into '/src/nanopb'...
#10 DONE 2.1s

#12 [7/7] COPY build.sh /src/
#12 sha256:eff66ceb7f82f9d266e0888db2989c7f2d63bfeed8170e3e0eeeb5b6b3cf67af
#12 DONE 0.1s

#13 exporting to image
#13 sha256:e8c613e07b0b7ff33893b694f7759a10d42e180f2b4dc349fb57dc6b71dcab00
#13 exporting layers done
#13 writing image sha256:b80042b0acd284f59d07764af1c0d79ad1f89f4d8d2b08421c175e2670b53a43 done
#13 naming to gcr.io/fuzzbench/builders/benchmark/nanopb_nanopb done
#13 DONE 0.1s

#14 exporting cache
#14 sha256:2700d4ef94dee473593c5c614b55b2dedcca7893909811a8f2b48291a1f581e4
#14 preparing build cache for export done
#14 DONE 0.0s
------
 > importing cache manifest from gcr.io/fuzzbench/builders/benchmark/nanopb_nanopb:
------
#1 [internal] load build definition from builder.Dockerfile
#1 sha256:16dbcf7590e78d1ccd282326923b0a527f2eedd5a3cef7b81d0c63edb0dee111
#1 transferring dockerfile: 46B done
#1 DONE 0.0s

#2 [internal] load .dockerignore
#2 sha256:a519b61de08a9bf66c2416a9a8c9d766fcbdb30be98f97a4f05bfb2ccab180bd
#2 transferring context: 2B done
#2 DONE 0.0s

#3 [internal] load metadata for gcr.io/fuzzbench/builders/benchmark/nanopb_nanopb:latest
#3 sha256:2c8e342102f911cbd8017b533cc837d3c9ad0cac66c5e98085d7f38ecb4a64be
#3 DONE 0.0s

#7 [1/3] FROM gcr.io/fuzzbench/builders/benchmark/nanopb_nanopb
#7 sha256:72f2e24a38abd266bff84655eef677d5d84303924ff5cbbb9e3fd6e84533b7f2
#7 DONE 0.0s

#4 importing cache manifest from gcr.io/fuzzbench/builders/afl/nanopb_nanopb-intermediate
#4 sha256:d706ed2954b39918cdb867183021d0937845c0d8efb05f14f5e42c55c0ed13cb
#4 ERROR: gcr.io/fuzzbench/builders/afl/nanopb_nanopb-intermediate:latest: not found

#7 [1/3] FROM gcr.io/fuzzbench/builders/benchmark/nanopb_nanopb
#7 sha256:72f2e24a38abd266bff84655eef677d5d84303924ff5cbbb9e3fd6e84533b7f2
#7 DONE 0.3s

#5 [2/3] RUN git clone https://github.com/google/AFL.git /afl &&     cd /afl &&     git checkout 61037103ae3722c8060ff7082994836a794f978e &&     AFL_NO_X86=1 make
#5 sha256:5c9c1a2733fee3a66eec769b1795dfa14a1951b18caf1b3c929bf24137135414
#5 0.346 Cloning into '/afl'...
#5 1.070 Note: switching to '61037103ae3722c8060ff7082994836a794f978e'.
#5 1.070 
#5 1.070 You are in 'detached HEAD' state. You can look around, make experimental
#5 1.070 changes and commit them, and you can discard any commits you make in this
#5 1.070 state without impacting any branches by switching back to a branch.
#5 1.070 
#5 1.070 If you want to create a new branch to retain commits you create, you may
#5 1.070 do so (now or later) by using -c with the switch command. Example:
#5 1.070 
#5 1.070   git switch -c <new-branch-name>
#5 1.070 
#5 1.070 Or undo this operation with:
#5 1.070 
#5 1.070   git switch -
#5 1.070 
#5 1.070 Turn off this advice by setting config variable advice.detachedHead to false
#5 1.070 
#5 1.070 HEAD is now at 6103710 Fix a typo filename comparison in the fuzzer (#139)
#5 1.088 [!] Note: skipping x86 compilation checks (AFL_NO_X86 set).
#5 1.088 clang -O1 -fno-omit-frame-pointer -gline-tables-only -DFUZZING_BUILD_MODE_UNSAFE_FOR_PRODUCTION -Wall -D_FORTIFY_SOURCE=2 -g -Wno-pointer-sign -DAFL_PATH=\"/usr/local/lib/afl\" -DDOC_PATH=\"/usr/local/share/doc/afl\" -DBIN_PATH=\"/usr/local/bin\" afl-gcc.c -o afl-gcc -ldl
#5 1.270 set -e; for i in afl-g++ afl-clang afl-clang++; do ln -sf afl-gcc $i; done
#5 1.275 clang -O1 -fno-omit-frame-pointer -gline-tables-only -DFUZZING_BUILD_MODE_UNSAFE_FOR_PRODUCTION -Wall -D_FORTIFY_SOURCE=2 -g -Wno-pointer-sign -DAFL_PATH=\"/usr/local/lib/afl\" -DDOC_PATH=\"/usr/local/share/doc/afl\" -DBIN_PATH=\"/usr/local/bin\" afl-fuzz.c -o afl-fuzz -ldl
#5 3.661 clang -O1 -fno-omit-frame-pointer -gline-tables-only -DFUZZING_BUILD_MODE_UNSAFE_FOR_PRODUCTION -Wall -D_FORTIFY_SOURCE=2 -g -Wno-pointer-sign -DAFL_PATH=\"/usr/local/lib/afl\" -DDOC_PATH=\"/usr/local/share/doc/afl\" -DBIN_PATH=\"/usr/local/bin\" afl-showmap.c -o afl-showmap -ldl
#5 3.974 clang -O1 -fno-omit-frame-pointer -gline-tables-only -DFUZZING_BUILD_MODE_UNSAFE_FOR_PRODUCTION -Wall -D_FORTIFY_SOURCE=2 -g -Wno-pointer-sign -DAFL_PATH=\"/usr/local/lib/afl\" -DDOC_PATH=\"/usr/local/share/doc/afl\" -DBIN_PATH=\"/usr/local/bin\" afl-tmin.c -o afl-tmin -ldl
#5 4.406 clang -O1 -fno-omit-frame-pointer -gline-tables-only -DFUZZING_BUILD_MODE_UNSAFE_FOR_PRODUCTION -Wall -D_FORTIFY_SOURCE=2 -g -Wno-pointer-sign -DAFL_PATH=\"/usr/local/lib/afl\" -DDOC_PATH=\"/usr/local/share/doc/afl\" -DBIN_PATH=\"/usr/local/bin\" afl-gotcpu.c -o afl-gotcpu -ldl
#5 4.553 clang -O1 -fno-omit-frame-pointer -gline-tables-only -DFUZZING_BUILD_MODE_UNSAFE_FOR_PRODUCTION -Wall -D_FORTIFY_SOURCE=2 -g -Wno-pointer-sign -DAFL_PATH=\"/usr/local/lib/afl\" -DDOC_PATH=\"/usr/local/share/doc/afl\" -DBIN_PATH=\"/usr/local/bin\" afl-analyze.c -o afl-analyze -ldl
#5 4.949 clang -O1 -fno-omit-frame-pointer -gline-tables-only -DFUZZING_BUILD_MODE_UNSAFE_FOR_PRODUCTION -Wall -D_FORTIFY_SOURCE=2 -g -Wno-pointer-sign -DAFL_PATH=\"/usr/local/lib/afl\" -DDOC_PATH=\"/usr/local/share/doc/afl\" -DBIN_PATH=\"/usr/local/bin\" afl-as.c -o afl-as -ldl
#5 5.185 ln -sf afl-as as
#5 5.187 [!] Note: skipping build tests (you may need to use LLVM or QEMU mode).
#5 5.190 [+] LLVM users: see llvm_mode/README.llvm for a faster alternative to afl-gcc.
#5 5.191 [+] All done! Be sure to review README - it's pretty short and useful.
#5 DONE 5.3s

#6 [3/3] RUN apt-get update &&     apt-get install wget -y &&     wget https://raw.githubusercontent.com/llvm/llvm-project/5feb80e748924606531ba28c97fe65145c65372e/compiler-rt/lib/fuzzer/afl/afl_driver.cpp -O /afl/afl_driver.cpp &&     clang -Wno-pointer-sign -c /afl/llvm_mode/afl-llvm-rt.o.c -I/afl &&     clang++ -stdlib=libc++ -std=c++11 -O2 -c /afl/afl_driver.cpp &&     ar r /libAFL.a *.o
#6 sha256:ce94a18eaa0dc03f17062e72f5c09f60389f1c75b40728d4eb78583e04093b1d
#6 0.734 Hit:1 http://ppa.launchpad.net/git-core/ppa/ubuntu focal InRelease
#6 0.734 Hit:2 http://archive.ubuntu.com/ubuntu focal InRelease
#6 0.736 Hit:3 http://archive.ubuntu.com/ubuntu focal-updates InRelease
#6 0.758 Hit:4 http://archive.ubuntu.com/ubuntu focal-backports InRelease
#6 0.902 Hit:5 http://security.ubuntu.com/ubuntu focal-security InRelease
#6 1.689 Reading package lists...
#6 3.166 Reading package lists...
#6 4.577 Building dependency tree...
#6 4.788 Reading state information...
#6 5.030 wget is already the newest version (1.20.3-1ubuntu2).
#6 5.030 0 upgraded, 0 newly installed, 0 to remove and 0 not upgraded.
#6 5.036 --2022-02-18 07:42:54--  https://raw.githubusercontent.com/llvm/llvm-project/5feb80e748924606531ba28c97fe65145c65372e/compiler-rt/lib/fuzzer/afl/afl_driver.cpp
#6 5.039 Resolving raw.githubusercontent.com (raw.githubusercontent.com)... 185.199.108.133, 185.199.109.133, 185.199.111.133, ...
#6 5.041 Connecting to raw.githubusercontent.com (raw.githubusercontent.com)|185.199.108.133|:443... connected.
#6 5.064 HTTP request sent, awaiting response... 200 OK
#6 5.235 Length: 9177 (9.0K) [text/plain]
#6 5.235 Saving to: '/afl/afl_driver.cpp'
#6 5.235 
#6 5.235      0K ........                                              100% 6.86M=0.001s
#6 5.236 
#6 5.236 2022-02-18 07:42:54 (6.86 MB/s) - '/afl/afl_driver.cpp' saved [9177/9177]
#6 5.236 
#6 6.952 ar: creating /libAFL.a
#6 DONE 7.5s

#8 exporting to image
#8 sha256:e8c613e07b0b7ff33893b694f7759a10d42e180f2b4dc349fb57dc6b71dcab00
#8 exporting layers done
#8 writing image sha256:e3ed11f10dd49a335b6b5d09a424d11d32724a8d8584f2ad792eafe4980c10bc done
#8 naming to gcr.io/fuzzbench/builders/afl/nanopb_nanopb-intermediate done
#8 DONE 0.1s

#9 exporting cache
#9 sha256:2700d4ef94dee473593c5c614b55b2dedcca7893909811a8f2b48291a1f581e4
#9 preparing build cache for export done
#9 DONE 0.0s
------
 > importing cache manifest from gcr.io/fuzzbench/builders/afl/nanopb_nanopb-intermediate:
------
#1 [internal] load build definition from Dockerfile
#1 sha256:53a9f6bbf0d397b5ca3fa189fd2e1368714beb914b9c36f78888837dfc045a24
#1 transferring dockerfile: 2.00kB done
#1 DONE 0.0s

#2 [internal] load .dockerignore
#2 sha256:aa45bb151179bbbec84131863c8330b2a65f0b7b4bb080d3bcbd04ade7efeeb7
#2 transferring context: 34B done
#2 DONE 0.0s

#3 [internal] load metadata for docker.io/library/ubuntu:xenial
#3 sha256:f62bae18ed588840f045c881b2502661f2a89578a2f8f99b83f5200ee83dd25b
#3 DONE 0.0s

#5 [1/7] FROM docker.io/library/ubuntu:xenial
#5 sha256:14dd403f25ae9e519bd44f27dc17af7ce80f5a4f9f48ca88108364e67ec5d360
#5 DONE 0.0s

#4 importing cache manifest from gcr.io/fuzzbench/base-image
#4 sha256:9b220ebb4d4daceed1b96df9b6dca076e762f1cd612574f010b82d5b9e5ad896
#4 DONE 0.0s

#8 [internal] load build context
#8 sha256:06e15e282ce3a3fd077bf131a59b3f1db9e62ebeb681eaf93da67e8b56e2e66d
#8 transferring context: 559B 0.0s done
#8 DONE 0.0s

#6 [2/7] RUN apt-get update -y && apt-get install -y     build-essential     rsync     curl     zlib1g-dev     libncurses5-dev     libgdbm-dev     libnss3-dev     libssl-dev     libreadline-dev     libffi-dev     virtualenv     libbz2-dev     liblzma-dev     libsqlite3-dev
#6 sha256:3a1b0960f17eed529eaae93dc8fd3554f2743dd584d8fa569cdbe6bc734371ac
#6 CACHED

#7 [3/7] RUN cd /tmp/ &&     curl -O https://www.python.org/ftp/python/3.8.6/Python-3.8.6.tar.xz &&     tar -xvf Python-3.8.6.tar.xz &&     cd Python-3.8.6 &&     ./configure --enable-loadable-sqlite-extensions --enable-optimizations &&     make -j install &&     rm -r /tmp/Python-3.8.6.tar.xz /tmp/Python-3.8.6
#7 sha256:c5b9d1fb3371e84dbc60b76e7b2f8d5913bc93bcd4910ab65daa03e7b2ec4bb0
#7 CACHED

#9 [4/7] COPY ./requirements.txt /
#9 sha256:6871e68de9ab185778c6665642a9c128bb9ad3a88cb24778f94af1b8754dc064
#9 CACHED

#10 [5/7] RUN pip3 install -r /requirements.txt
#10 sha256:ccf995f139a2a5352b1622dab8fb2a0fe573be1bd798e160c3822dbbe98fda9d
#10 CACHED

#11 [6/7] RUN apt-get update -y && apt-get install -y     apt-transport-https     lsb-release
#11 sha256:64987e5da0a91b7370f4af91b2ba292c2d95a609e08952d89c04c3bfeb0dcf42
#11 CACHED

#12 [7/7] RUN CLOUD_SDK_REPO="cloud-sdk-$(lsb_release -c -s)" &&     echo "deb https://packages.cloud.google.com/apt $CLOUD_SDK_REPO main"     | tee -a /etc/apt/sources.list.d/google-cloud-sdk.list &&     curl https://packages.cloud.google.com/apt/doc/apt-key.gpg     | apt-key add - &&     apt-get update -y &&     apt-get install -y google-cloud-sdk
#12 sha256:03e5c67d097ce62c82c7a35debfb51c47315faca18eb6f8407637aeff1349960
#12 CACHED

#13 exporting to image
#13 sha256:e8c613e07b0b7ff33893b694f7759a10d42e180f2b4dc349fb57dc6b71dcab00
#13 exporting layers done
#13 writing image sha256:7c312afc0c92be055a6e596de5bde5bb2ff79522f51f5d5c5b849c01586f4ff7 done
#13 naming to gcr.io/fuzzbench/base-image done
#13 DONE 0.0s

#14 exporting cache
#14 sha256:2700d4ef94dee473593c5c614b55b2dedcca7893909811a8f2b48291a1f581e4
#14 preparing build cache for export done
#14 DONE 0.0s
#1 [internal] load build definition from Dockerfile
#1 sha256:0afd24343fbe0f78fbfda9e30fa3c0a21ac3ad6ac8df0e95174b10151e1bde34
#1 transferring dockerfile: 2.22kB done
#1 DONE 0.0s

#2 [internal] load .dockerignore
#2 sha256:d763b8bb7e5821fae0a294c9411144bfcb70ad29ad3b27912a78d89b3faf950d
#2 transferring context: 34B done
#2 DONE 0.0s

#4 [internal] load metadata for gcr.io/fuzzbench/base-image:latest
#4 sha256:932022888f650cc455b10eb5123bb08c0cccacac29a693e69314abbfd28a72c3
#4 DONE 0.0s

#3 [internal] load metadata for gcr.io/fuzzbench/builders/afl/nanopb_nanopb-intermediate:latest
#3 sha256:300d65f70f8339611dc8f033ef48723b9b2e6ff6edc2406e08392683461af5c3
#3 DONE 0.0s

#12 [internal] load build context
#12 sha256:354eb61c3030845dd485aa1a08e3a48e6f5ddab3bf83466090b06382cab24c46
#12 DONE 0.0s

#7 [base-image 1/1] FROM gcr.io/fuzzbench/base-image
#7 sha256:4d07825694520f8b6f6a0d8592dbd345433361ae044cb7f06706c5a95e3daaad
#7 DONE 0.0s

#6 [stage-1  1/13] FROM gcr.io/fuzzbench/builders/afl/nanopb_nanopb-intermediate
#6 sha256:281552ea56dd0435597902f7c080789acaa6473e0c5c7576f2919edf65d60826
#6 DONE 0.0s

#5 importing cache manifest from gcr.io/fuzzbench/builders/afl/nanopb_nanopb
#5 sha256:51b97ef322b61cb67d1de4b74beb902ca6425dd77047aba81bb69e0bcb45473d
#5 ERROR: gcr.io/fuzzbench/builders/afl/nanopb_nanopb:latest: not found

#7 [base-image 1/1] FROM gcr.io/fuzzbench/base-image
#7 sha256:4d07825694520f8b6f6a0d8592dbd345433361ae044cb7f06706c5a95e3daaad
#7 CACHED

#12 [internal] load build context
#12 sha256:354eb61c3030845dd485aa1a08e3a48e6f5ddab3bf83466090b06382cab24c46
#12 transferring context: 669.86kB 0.1s done
#12 DONE 0.1s

#6 [stage-1  1/13] FROM gcr.io/fuzzbench/builders/afl/nanopb_nanopb-intermediate
#6 sha256:281552ea56dd0435597902f7c080789acaa6473e0c5c7576f2919edf65d60826
#6 DONE 0.2s

#8 [stage-1  2/13] COPY --from=base-image /usr/local/bin/python3* /usr/local/bin/
#8 sha256:169eeada27970ed9d01c115d4e7867b5565465034f997a4fb331eb578ba96fa7
#8 DONE 0.3s

#9 [stage-1  3/13] COPY --from=base-image /usr/local/lib/python3.8 /usr/local/lib/python3.8
#9 sha256:a4ca8025d09bc197c3db025d48619de8d8674e1443fbbfbdd8f423095a485641
#9 DONE 14.6s

#10 [stage-1  4/13] COPY --from=base-image /usr/local/include/python3.8 /usr/local/include/python3.8
#10 sha256:f33c36dfdb0399f35d73a77235a9c80732b06675cd1d21765a7c138764959498
#10 DONE 0.3s

#11 [stage-1  5/13] COPY --from=base-image /usr/local/lib/python3.8/site-packages /usr/local/lib/python3.8/site-packages
#11 sha256:4fd45452f5422ee464f1e429bfd647972578f683bf5379462685e11697c3d34c
#11 DONE 20.2s

#13 [stage-1  6/13] COPY fuzzers /src/fuzzers
#13 sha256:c742d67c657c601e2cd08d1e6d079a41da8613c4d4d12cf77ede8fa713bc953d
#13 DONE 0.5s

#14 [stage-1  7/13] RUN touch /src/__init__.py
#14 sha256:3db63a8d4a91bac82490da96ac7d2d07269a4e1cf494b53bd2edafa2be1dc9d4
#14 DONE 0.6s

#15 [stage-1  8/13] COPY benchmarks/nanopb_nanopb/benchmark.yaml /
#15 sha256:425db79dec91f867f6f546dc4ad9788d4e2c245a60ab2725ce2ee72a6f88906d
#15 DONE 0.1s

#16 [stage-1  9/13] RUN mkdir /opt/fuzzbench/
#16 sha256:c8f54ac7a9522de63ed353aac026fa23576a2195fcebc73e1b7f6f7e2b651af9
#16 DONE 0.8s

#17 [stage-1 10/13] COPY docker/benchmark-builder/checkout_commit.py /opt/fuzzbench/
#17 sha256:22e717e9bf0db873c5d589f0a99969fabf5492d33e35d3dcdea80a984032911a
#17 DONE 0.2s

#18 [stage-1 11/13] RUN export CHECKOUT_COMMIT=$(cat /benchmark.yaml | tr -d ' ' | grep 'commit:' | cut -d ':' -f2) &&     python3 -u /opt/fuzzbench/checkout_commit.py $CHECKOUT_COMMIT /src
#18 sha256:e24a78421a0af316ae30090d3e2a800c4fcdca57014af9d4cc2cd98dbb1ee691
#18 0.509 Checking out commit 84faf557
#18 3.091 From https://github.com/nanopb/nanopb
#18 3.091  * [new tag]         0.3.6            -> 0.3.6
#18 3.091  * [new tag]         0.3.7            -> 0.3.7
#18 3.091  * [new tag]         0.3.8            -> 0.3.8
#18 3.091  * [new tag]         0.3.9            -> 0.3.9
#18 3.092  * [new tag]         0.3.9.2          -> 0.3.9.2
#18 3.092  * [new tag]         0.4.0            -> 0.4.0
#18 3.092  * [new tag]         0.4.1            -> 0.4.1
#18 3.093  * [new tag]         0.4.2            -> 0.4.2
#18 3.093  * [new tag]         0.4.3            -> 0.4.3
#18 3.094  * [new tag]         0.4.4            -> 0.4.4
#18 3.094  * [new tag]         0.4.5            -> 0.4.5
#18 3.094  * [new tag]         nanopb-0.1.0     -> nanopb-0.1.0
#18 3.095  * [new tag]         nanopb-0.1.1     -> nanopb-0.1.1
#18 3.095  * [new tag]         nanopb-0.1.2     -> nanopb-0.1.2
#18 3.095  * [new tag]         nanopb-0.1.3     -> nanopb-0.1.3
#18 3.096  * [new tag]         nanopb-0.1.4     -> nanopb-0.1.4
#18 3.096  * [new tag]         nanopb-0.1.5     -> nanopb-0.1.5
#18 3.096  * [new tag]         nanopb-0.1.6     -> nanopb-0.1.6
#18 3.097  * [new tag]         nanopb-0.1.7     -> nanopb-0.1.7
#18 3.097  * [new tag]         nanopb-0.1.8     -> nanopb-0.1.8
#18 3.097  * [new tag]         nanopb-0.1.9     -> nanopb-0.1.9
#18 3.098  * [new tag]         nanopb-0.2.0     -> nanopb-0.2.0
#18 3.098  * [new tag]         nanopb-0.2.1     -> nanopb-0.2.1
#18 3.098  * [new tag]         nanopb-0.2.2     -> nanopb-0.2.2
#18 3.099  * [new tag]         nanopb-0.2.3     -> nanopb-0.2.3
#18 3.099  * [new tag]         nanopb-0.2.4     -> nanopb-0.2.4
#18 3.099  * [new tag]         nanopb-0.2.5     -> nanopb-0.2.5
#18 3.099  * [new tag]         nanopb-0.2.6     -> nanopb-0.2.6
#18 3.100  * [new tag]         nanopb-0.2.7     -> nanopb-0.2.7
#18 3.100  * [new tag]         nanopb-0.2.8     -> nanopb-0.2.8
#18 3.100  * [new tag]         nanopb-0.2.9     -> nanopb-0.2.9
#18 3.101  * [new tag]         nanopb-0.3.0     -> nanopb-0.3.0
#18 3.101  * [new tag]         nanopb-0.3.1     -> nanopb-0.3.1
#18 3.101  * [new tag]         nanopb-0.3.2     -> nanopb-0.3.2
#18 3.102  * [new tag]         nanopb-0.3.3     -> nanopb-0.3.3
#18 3.102  * [new tag]         nanopb-0.3.4     -> nanopb-0.3.4
#18 3.102  * [new tag]         nanopb-0.3.5     -> nanopb-0.3.5
#18 3.103  * [new tag]         nanopb-0.3.6     -> nanopb-0.3.6
#18 3.103  * [new tag]         nanopb-0.3.7     -> nanopb-0.3.7
#18 3.103  * [new tag]         nanopb-0.3.8     -> nanopb-0.3.8
#18 3.104  * [new tag]         nanopb-0.3.9     -> nanopb-0.3.9
#18 3.104  * [new tag]         nanopb-0.3.9.2   -> nanopb-0.3.9.2
#18 3.104  * [new tag]         nanopb-0.4.0     -> nanopb-0.4.0
#18 3.104  * [new tag]         nanopb-0.4.0-dev -> nanopb-0.4.0-dev
#18 3.104  * [new tag]         nanopb-0.4.1     -> nanopb-0.4.1
#18 3.105  * [new tag]         nanopb-0.4.2     -> nanopb-0.4.2
#18 3.105  * [new tag]         nanopb-0.4.3     -> nanopb-0.4.3
#18 3.105  * [new tag]         nanopb-0.4.4     -> nanopb-0.4.4
#18 3.105  * [new tag]         nanopb-0.4.5     -> nanopb-0.4.5
#18 3.113 error: pathspec '84faf557' did not match any file(s) known to git
#18 3.117 error: pathspec '84faf557' did not match any file(s) known to git
#18 3.124 error: pathspec '84faf557' did not match any file(s) known to git
#18 3.158 error: pathspec '84faf557' did not match any file(s) known to git
#18 3.190 Checkout unsuccessful.
#18 DONE 3.6s

#19 [stage-1 12/13] RUN echo "#!/bin/bash\nPYTHONPATH=/src python3 -u -c "from fuzzers import utils; utils.initialize_env(); from fuzzers.afl import fuzzer; fuzzer.build()"" > /usr/bin/fuzzer_build &&     chmod +x /usr/bin/fuzzer_build
#19 sha256:daf38aedea67d5f9698ecb1b4afd750a7bee01d9d58517578cb0e0d11d62b84a
#19 DONE 1.0s

#20 [stage-1 13/13] RUN echo "Run fuzzer_build to build the target" && if [ -z "$debug_builder" ] ; then fuzzer_build; fi
#20 sha256:fd7c08081fa9e8ac80aae545661a0b2cb7b462ab3069979a2cee0767ea323f34
#20 0.553 Run fuzzer_build to build the target
#20 0.673 FUZZ_TARGET = nanopb
#20 0.673 CFLAGS = -DFUZZING_BUILD_MODE_UNSAFE_FOR_PRODUCTION -pthread -Wl,--no-as-needed -Wl,-ldl -Wl,-lm -Wno-unused-command-line-argument -O3
#20 0.673 CXXFLAGS = -DFUZZING_BUILD_MODE_UNSAFE_FOR_PRODUCTION -pthread -Wl,--no-as-needed -Wl,-ldl -Wl,-lm -Wno-unused-command-line-argument -stdlib=libc++ -O3
#20 0.687 Building benchmark nanopb_nanopb with fuzzer afl
#20 0.691 + source /src/nanopb/tests/fuzztest/ossfuzz.sh
#20 0.692 +++ dirname /src/nanopb/tests/fuzztest/ossfuzz.sh
#20 0.694 ++ cd /src/nanopb/tests/fuzztest/..
#20 0.694 ++ rm -rf build
#20 0.695 ++ scons build/alltypes/encode_alltypes build/fuzztest/generate_message
#20 0.876 scons: Reading SConscript files ...
#20 1.029 Mkdir("build")
#20 1.067 Checking for C header file stdbool.h... yes
#20 1.253 Checking for C header file stdint.h... yes
#20 1.307 Checking for C header file stddef.h... yes
#20 1.350 Checking for C header file string.h... yes
#20 1.391 Checking for C header file stdlib.h... yes
#20 1.446 Checking for C header file limits.h... yes
#20 1.506 Checking protoc version... error: 
#20 1.943 Checking for C library mudflap... no
#20 2.066 Checking support for CCFLAGS="-Wcast-qual -Wlogical-op -Wconversion -fstrict-aliasing -Wstrict-aliasing=1 -Wmissing-prototypes -Wmissing-declarations -Wredundant-decls -Wstack-protector "... yes
#20 2.627 Checking whether the C++ compiler works... yes
#20 2.839 Checking for C++ header file vector... yes
#20 3.095 Checking whether the C++ compiler works... yes
#20 3.145 Checking for C++ header file vector... yes
#20 3.342 Checking whether the C++ compiler works... yes
#20 3.389 Checking for C++ header file vector... yes
#20 3.605 Checking whether the C++ compiler works... no
#20 3.624 Skipping c++20 test - compiler doesn't support it
#20 3.654 Checking whether the C++ compiler works... yes
#20 3.707 Checking whether the C++ compiler works... yes
#20 3.761 Checking whether the C++ compiler works... yes
#20 3.815 Checking whether the C++ compiler works... yes
#20 3.869 Checking whether the C++ compiler works... no
#20 3.894 Skipping c++20 test - compiler doesn't support it
#20 6.294 scons: done reading SConscript files.
#20 6.295 scons: Building targets ...
#20 6.356 os.chdir('build/alltypes')
#20 6.356 "/src/nanopb/generator/protoc" -I. -I"../.." -I"/src/nanopb/generator/proto" -I"/src/nanopb/generator" --nanopb_out=--source-extension=.c,--header-extension=.h:. "alltypes.proto"
#20 6.669 
#20 6.669          *************************************************************
#20 6.669          *** Could not import the Google protobuf Python libraries ***
#20 6.669          *** Try installing package 'python3-protobuf' or similar.  ***
#20 6.669          *************************************************************
#20 6.669     
#20 6.670 Traceback (most recent call last):
#20 6.670   File "/src/nanopb/generator/protoc", line 6, in <module>
#20 6.670     from nanopb_generator import invoke_protoc
#20 6.670   File "/src/nanopb/generator/nanopb_generator.py", line 36, in <module>
#20 6.670     import google.protobuf.text_format as text_format
#20 6.670   File "/usr/local/lib/python3.8/site-packages/google/protobuf/text_format.py", line 53, in <module>
#20 6.670     from google.protobuf.internal import type_checkers
#20 6.670   File "/usr/local/lib/python3.8/site-packages/google/protobuf/internal/type_checkers.py", line 48, in <module>
#20 6.670     import ctypes
#20 6.670   File "/usr/local/lib/python3.8/ctypes/__init__.py", line 7, in <module>
#20 6.670     from _ctypes import Union, Structure, Array
#20 6.670 ImportError: libffi.so.6: cannot open shared object file: No such file or directory
#20 6.685 os.chdir('/src/nanopb/tests')
#20 6.685 scons: *** [build/alltypes/alltypes.pb.c] Error 1
#20 6.686 scons: building terminated because of errors.
#20 6.754 Traceback (most recent call last):
#20 6.754   File "<string>", line 1, in <module>
#20 6.754   File "/src/fuzzers/afl/fuzzer.py", line 40, in build
#20 6.755     utils.build_benchmark()
#20 6.755   File "/src/fuzzers/utils.py", line 82, in build_benchmark
#20 6.755     subprocess.check_call(['/bin/bash', '-ex', build_script], env=env)
#20 6.755   File "/usr/local/lib/python3.8/subprocess.py", line 364, in check_call
#20 6.755     raise CalledProcessError(retcode, cmd)
#20 6.755 subprocess.CalledProcessError: Command '['/bin/bash', '-ex', '/src/build.sh']' returned non-zero exit status 2.
#20 ERROR: executor failed running [/bin/sh -c echo "Run fuzzer_build to build the target" && if [ -z "$debug_builder" ] ; then fuzzer_build; fi]: exit code: 1
------
 > importing cache manifest from gcr.io/fuzzbench/builders/afl/nanopb_nanopb:
------
------
 > [stage-1 13/13] RUN echo "Run fuzzer_build to build the target" && if [ -z "$debug_builder" ] ; then fuzzer_build; fi:
------
executor failed running [/bin/sh -c echo "Run fuzzer_build to build the target" && if [ -z "$debug_builder" ] ; then fuzzer_build; fi]: exit code: 1
make: *** [docker/generated.mk:2846467: .afl-nanopb_nanopb-builder] Error 1
/bin/sh: 1: source: not found
#2 [internal] load .dockerignore
#2 sha256:ce0262b8930a222697ae31ca92aa8842cbe5e1f9c9723f41b9ea215efbcd0d38
#2 transferring context: 2B done
#2 ...

#1 [internal] load build definition from Dockerfile
#1 sha256:71835fa2bbd0f20b07f59163a40328dbe8dcba1d2ed1301fafc16e4feb39e7e1
#1 transferring dockerfile: 32B done
#1 DONE 1.4s

#2 [internal] load .dockerignore
#2 sha256:ce0262b8930a222697ae31ca92aa8842cbe5e1f9c9723f41b9ea215efbcd0d38
#2 DONE 1.7s

#3 [internal] load metadata for gcr.io/oss-fuzz-base/base-builder:latest
#3 sha256:f10dc39cc9d418a5bc416dead31a1902b6821fdae909cd3b08f7a3fd1faba7b5
#3 DONE 0.9s

#5 [1/7] FROM gcr.io/oss-fuzz-base/base-builder@sha256:112044a9815d235113677d459cf2ece740a51f2b85081c8f66943dcdc72ddf7f
#5 sha256:4aee4bf9f7280ac8b7f02b8d29e6e084dd034d2c294b4e3e05d8ce7048a1450f
#5 DONE 0.0s

#4 importing cache manifest from gcr.io/fuzzbench/builders/benchmark/nanopb_nanopb
#4 sha256:f352c03aeb9caf5f571d3ec72ed606ff31a643e0c9484e1c1800c533c1ad2e00
#4 DONE 0.0s

#11 [internal] load build context
#11 sha256:ec61a35c47defdabdd220995cef92579f9a3e28a9aae5cf5746a1732df37e042
#11 transferring context: 30B done
#11 DONE 0.7s

#8 [4/7] RUN pip3 install protobuf grpcio-tools scons
#8 sha256:f16f8bb9175fc531de918623a00adb2e5f90385d44bf2caac08e623b722436e3
#8 CACHED

#9 [5/7] RUN update-alternatives --install /usr/bin/python python $(which python3) 100
#9 sha256:da78274acc9c7360d0d7e8d99531a87d8f59ecd83e3a3c7433462407f89ca883
#9 CACHED

#10 [6/7] RUN git clone --depth 1 https://github.com/nanopb/nanopb /src/nanopb
#10 sha256:1d26e937206e6da637c39448072147ace8581a7bc265ecd33a1f0ccef5122579
#10 CACHED

#6 [2/7] RUN apt-get update && apt-get install -y python3-pip git wget
#6 sha256:5cec3343c7b724861ba6173a08314beb2c09285f0c243bc9260531f1df5ed63c
#6 CACHED

#7 [3/7] RUN python3 -m pip install --upgrade pip
#7 sha256:4a6dd49ea65ff0285289d6aafd582ba6c3dbcece4077253de68aab5dd27de28f
#7 CACHED

#12 [7/7] COPY build.sh /src/
#12 sha256:aa91fb78540908734c178c0ee74aef1db4ac2960600026524b5963f61172b222
#12 CACHED

#13 exporting to image
#13 sha256:e8c613e07b0b7ff33893b694f7759a10d42e180f2b4dc349fb57dc6b71dcab00
#13 exporting layers done
#13 writing image sha256:b80042b0acd284f59d07764af1c0d79ad1f89f4d8d2b08421c175e2670b53a43 0.0s done
#13 naming to gcr.io/fuzzbench/builders/benchmark/nanopb_nanopb done
#13 DONE 0.6s

#14 exporting cache
#14 sha256:2700d4ef94dee473593c5c614b55b2dedcca7893909811a8f2b48291a1f581e4
#14 preparing build cache for export done
#14 DONE 0.0s
#1 [internal] load build definition from builder.Dockerfile
#1 sha256:513cf98ffb876a60b12b45ce3a49f0fd0909470b3698c6855fa41ca235458433
#1 transferring dockerfile: 46B done
#1 DONE 0.1s

#2 [internal] load .dockerignore
#2 sha256:e3d213d5202f844ff189abde34f75d4e6057423c4deb4f10a874bdf9e6e0677f
#2 transferring context: 2B done
#2 DONE 0.1s

#3 [internal] load metadata for gcr.io/fuzzbench/builders/benchmark/nanopb_nanopb:latest
#3 sha256:2c8e342102f911cbd8017b533cc837d3c9ad0cac66c5e98085d7f38ecb4a64be
#3 DONE 0.0s

#5 [1/3] FROM gcr.io/fuzzbench/builders/benchmark/nanopb_nanopb
#5 sha256:72f2e24a38abd266bff84655eef677d5d84303924ff5cbbb9e3fd6e84533b7f2
#5 DONE 0.0s

#4 importing cache manifest from gcr.io/fuzzbench/builders/afl/nanopb_nanopb-intermediate
#4 sha256:d706ed2954b39918cdb867183021d0937845c0d8efb05f14f5e42c55c0ed13cb
#4 DONE 0.0s

#6 [2/3] RUN git clone https://github.com/google/AFL.git /afl &&     cd /afl &&     git checkout 61037103ae3722c8060ff7082994836a794f978e &&     AFL_NO_X86=1 make
#6 sha256:5c9c1a2733fee3a66eec769b1795dfa14a1951b18caf1b3c929bf24137135414
#6 CACHED

#7 [3/3] RUN apt-get update &&     apt-get install wget -y &&     wget https://raw.githubusercontent.com/llvm/llvm-project/5feb80e748924606531ba28c97fe65145c65372e/compiler-rt/lib/fuzzer/afl/afl_driver.cpp -O /afl/afl_driver.cpp &&     clang -Wno-pointer-sign -c /afl/llvm_mode/afl-llvm-rt.o.c -I/afl &&     clang++ -stdlib=libc++ -std=c++11 -O2 -c /afl/afl_driver.cpp &&     ar r /libAFL.a *.o
#7 sha256:ce94a18eaa0dc03f17062e72f5c09f60389f1c75b40728d4eb78583e04093b1d
#7 CACHED

#8 exporting to image
#8 sha256:e8c613e07b0b7ff33893b694f7759a10d42e180f2b4dc349fb57dc6b71dcab00
#8 exporting layers done
#8 writing image sha256:e3ed11f10dd49a335b6b5d09a424d11d32724a8d8584f2ad792eafe4980c10bc 0.0s done
#8 naming to gcr.io/fuzzbench/builders/afl/nanopb_nanopb-intermediate done
#8 DONE 0.5s

#9 exporting cache
#9 sha256:2700d4ef94dee473593c5c614b55b2dedcca7893909811a8f2b48291a1f581e4
#9 preparing build cache for export done
#9 DONE 0.0s
#1 [internal] load build definition from Dockerfile
#1 sha256:ad8bdc26cc4a636a03d4f913083a4fc2b89558db6ef7eafce2e48630f2180503
#1 transferring dockerfile: 2.00kB done
#1 DONE 0.1s

#2 [internal] load .dockerignore
#2 sha256:c92d8425a393e70d68ed03cccae4a3fccae34040ea50c730895662e3490db46c
#2 transferring context: 34B done
#2 DONE 0.2s

#3 [internal] load metadata for docker.io/library/ubuntu:xenial
#3 sha256:f62bae18ed588840f045c881b2502661f2a89578a2f8f99b83f5200ee83dd25b
#3 DONE 0.0s

#4 importing cache manifest from gcr.io/fuzzbench/base-image
#4 sha256:9b220ebb4d4daceed1b96df9b6dca076e762f1cd612574f010b82d5b9e5ad896
#4 DONE 0.0s

#5 [1/7] FROM docker.io/library/ubuntu:xenial
#5 sha256:14dd403f25ae9e519bd44f27dc17af7ce80f5a4f9f48ca88108364e67ec5d360
#5 DONE 0.0s

#8 [internal] load build context
#8 sha256:1936e8861393b675414a9b5b3d3e7f2c54507688d42d6bc3dd02b68eed1a9a55
#8 transferring context: 559B 0.0s done
#8 DONE 0.1s

#6 [2/7] RUN apt-get update -y && apt-get install -y     build-essential     rsync     curl     zlib1g-dev     libncurses5-dev     libgdbm-dev     libnss3-dev     libssl-dev     libreadline-dev     libffi-dev     virtualenv     libbz2-dev     liblzma-dev     libsqlite3-dev
#6 sha256:3a1b0960f17eed529eaae93dc8fd3554f2743dd584d8fa569cdbe6bc734371ac
#6 CACHED

#7 [3/7] RUN cd /tmp/ &&     curl -O https://www.python.org/ftp/python/3.8.6/Python-3.8.6.tar.xz &&     tar -xvf Python-3.8.6.tar.xz &&     cd Python-3.8.6 &&     ./configure --enable-loadable-sqlite-extensions --enable-optimizations &&     make -j install &&     rm -r /tmp/Python-3.8.6.tar.xz /tmp/Python-3.8.6
#7 sha256:c5b9d1fb3371e84dbc60b76e7b2f8d5913bc93bcd4910ab65daa03e7b2ec4bb0
#7 CACHED

#9 [4/7] COPY ./requirements.txt /
#9 sha256:b70e79cae2e545e777e20ad41be8d2176cd986dc952519ee8c11c541572fc2b5
#9 CACHED

#10 [5/7] RUN pip3 install -r /requirements.txt
#10 sha256:e42b6f19ef6f7459b1e68d8d6321a15225e4240b0af43fb86dc93bb1994bb224
#10 CACHED

#11 [6/7] RUN apt-get update -y && apt-get install -y     apt-transport-https     lsb-release
#11 sha256:50fea888c7a411edf536b2179fc3cfc4d9731d50546febb1af38d92a972d4601
#11 CACHED

#12 [7/7] RUN CLOUD_SDK_REPO="cloud-sdk-$(lsb_release -c -s)" &&     echo "deb https://packages.cloud.google.com/apt $CLOUD_SDK_REPO main"     | tee -a /etc/apt/sources.list.d/google-cloud-sdk.list &&     curl https://packages.cloud.google.com/apt/doc/apt-key.gpg     | apt-key add - &&     apt-get update -y &&     apt-get install -y google-cloud-sdk
#12 sha256:f7017f5c6b4b0125fd171cf6078a4fe3008af12c098036ae4854059c5812b65b
#12 CACHED

#13 exporting to image
#13 sha256:e8c613e07b0b7ff33893b694f7759a10d42e180f2b4dc349fb57dc6b71dcab00
#13 exporting layers done
#13 writing image sha256:7c312afc0c92be055a6e596de5bde5bb2ff79522f51f5d5c5b849c01586f4ff7
#13 writing image sha256:7c312afc0c92be055a6e596de5bde5bb2ff79522f51f5d5c5b849c01586f4ff7 0.0s done
#13 naming to gcr.io/fuzzbench/base-image done
#13 DONE 0.2s

#14 exporting cache
#14 sha256:2700d4ef94dee473593c5c614b55b2dedcca7893909811a8f2b48291a1f581e4
#14 preparing build cache for export done
#14 DONE 0.0s
#1 [internal] load build definition from Dockerfile
#1 sha256:3cc77a202e30a55ab48d88d8088057a423e0a72bbdc50edbb0fce9d2c2d5f07d
#1 transferring dockerfile: 2.22kB done
#1 DONE 0.1s

#2 [internal] load .dockerignore
#2 sha256:36df1cc56d5138f90a48818c2a91200368d3d11e0a3632a62560d842f694c122
#2 transferring context: 34B done
#2 DONE 0.1s

#4 [internal] load metadata for gcr.io/fuzzbench/base-image:latest
#4 sha256:932022888f650cc455b10eb5123bb08c0cccacac29a693e69314abbfd28a72c3
#4 DONE 0.0s

#3 [internal] load metadata for gcr.io/fuzzbench/builders/afl/nanopb_nanopb-intermediate:latest
#3 sha256:300d65f70f8339611dc8f033ef48723b9b2e6ff6edc2406e08392683461af5c3
#3 DONE 0.0s

#12 [internal] load build context
#12 sha256:8076b08e0f287412ac571ca440643cd97710720ac1de6139df4c1af99663ae33
#12 DONE 0.0s

#7 [base-image 1/1] FROM gcr.io/fuzzbench/base-image
#7 sha256:4d07825694520f8b6f6a0d8592dbd345433361ae044cb7f06706c5a95e3daaad
#7 DONE 0.0s

#6 [stage-1  1/13] FROM gcr.io/fuzzbench/builders/afl/nanopb_nanopb-intermediate
#6 sha256:281552ea56dd0435597902f7c080789acaa6473e0c5c7576f2919edf65d60826
#6 DONE 0.0s

#5 importing cache manifest from gcr.io/fuzzbench/builders/afl/nanopb_nanopb
#5 sha256:51b97ef322b61cb67d1de4b74beb902ca6425dd77047aba81bb69e0bcb45473d
#5 ERROR: gcr.io/fuzzbench/builders/afl/nanopb_nanopb:latest: not found

#12 [internal] load build context
#12 sha256:8076b08e0f287412ac571ca440643cd97710720ac1de6139df4c1af99663ae33
#12 transferring context: 669.86kB 0.1s done
#12 DONE 0.2s

#10 [stage-1  4/13] COPY --from=base-image /usr/local/include/python3.8 /usr/local/include/python3.8
#10 sha256:f33c36dfdb0399f35d73a77235a9c80732b06675cd1d21765a7c138764959498
#10 CACHED

#11 [stage-1  5/13] COPY --from=base-image /usr/local/lib/python3.8/site-packages /usr/local/lib/python3.8/site-packages
#11 sha256:4fd45452f5422ee464f1e429bfd647972578f683bf5379462685e11697c3d34c
#11 CACHED

#14 [stage-1  7/13] RUN touch /src/__init__.py
#14 sha256:64edec26678e696bf221104d393e5d44c9f15b573649ed197c78830b67cc9bef
#14 CACHED

#16 [stage-1  9/13] RUN mkdir /opt/fuzzbench/
#16 sha256:54267d219fa3a03d63d0598c098bba3686513d0f4c7ba5a8320966dd98a325a1
#16 CACHED

#17 [stage-1 10/13] COPY docker/benchmark-builder/checkout_commit.py /opt/fuzzbench/
#17 sha256:6372a505c5b5e1b5b55c0e225a445e8969ab1e38a36ac8482a6ab780ad2c5eef
#17 CACHED

#9 [stage-1  3/13] COPY --from=base-image /usr/local/lib/python3.8 /usr/local/lib/python3.8
#9 sha256:a4ca8025d09bc197c3db025d48619de8d8674e1443fbbfbdd8f423095a485641
#9 CACHED

#13 [stage-1  6/13] COPY fuzzers /src/fuzzers
#13 sha256:b024990915e34219ee84c382f0b2340454ab6e754a353a311fa39b83f3ef7b59
#13 CACHED

#15 [stage-1  8/13] COPY benchmarks/nanopb_nanopb/benchmark.yaml /
#15 sha256:92466c46bdff39a17d2488a0510d716fb1db8db76603af85913c7b29548b5c1c
#15 CACHED

#18 [stage-1 11/13] RUN export CHECKOUT_COMMIT=$(cat /benchmark.yaml | tr -d ' ' | grep 'commit:' | cut -d ':' -f2) &&     python3 -u /opt/fuzzbench/checkout_commit.py $CHECKOUT_COMMIT /src
#18 sha256:ae3b413ccd33f7c302ec533c58f3503f481636a2ec4f918731aab0c6dba961cb
#18 CACHED

#8 [stage-1  2/13] COPY --from=base-image /usr/local/bin/python3* /usr/local/bin/
#8 sha256:169eeada27970ed9d01c115d4e7867b5565465034f997a4fb331eb578ba96fa7
#8 CACHED

#19 [stage-1 12/13] RUN echo "#!/bin/bash\nPYTHONPATH=/src python3 -u -c "from fuzzers import utils; utils.initialize_env(); from fuzzers.afl import fuzzer; fuzzer.build()"" > /usr/bin/fuzzer_build &&     chmod +x /usr/bin/fuzzer_build
#19 sha256:176cfc9275913d83f9af7e1db1048725a34d76045fd058b81c0adbbebd9e6944
#19 CACHED

#20 [stage-1 13/13] RUN echo "Run fuzzer_build to build the target" && if [ -z "$debug_builder" ] ; then fuzzer_build; fi
#20 sha256:06608b1e5d72d66517c4e196b4a4fd883abd2eec5f802b06d66ad8626465e36e
#20 0.642 Run fuzzer_build to build the target
#20 0.755 FUZZ_TARGET = nanopb
#20 0.755 CFLAGS = -DFUZZING_BUILD_MODE_UNSAFE_FOR_PRODUCTION -pthread -Wl,--no-as-needed -Wl,-ldl -Wl,-lm -Wno-unused-command-line-argument -O3
#20 0.755 CXXFLAGS = -DFUZZING_BUILD_MODE_UNSAFE_FOR_PRODUCTION -pthread -Wl,--no-as-needed -Wl,-ldl -Wl,-lm -Wno-unused-command-line-argument -stdlib=libc++ -O3
#20 0.763 Building benchmark nanopb_nanopb with fuzzer afl
#20 0.766 + source /src/nanopb/tests/fuzztest/ossfuzz.sh
#20 0.767 +++ dirname /src/nanopb/tests/fuzztest/ossfuzz.sh
#20 0.768 ++ cd /src/nanopb/tests/fuzztest/..
#20 0.768 ++ rm -rf build
#20 0.769 ++ scons build/alltypes/encode_alltypes build/fuzztest/generate_message
#20 0.939 scons: Reading SConscript files ...
#20 1.071 Mkdir("build")
#20 1.084 Checking for C header file stdbool.h... yes
#20 1.131 Checking for C header file stdint.h... yes
#20 1.175 Checking for C header file stddef.h... yes
#20 1.214 Checking for C header file string.h... yes
#20 1.258 Checking for C header file stdlib.h... yes
#20 1.306 Checking for C header file limits.h... yes
#20 1.345 Checking protoc version... error: 
#20 1.721 Checking for C library mudflap... no
#20 1.806 Checking support for CCFLAGS="-Wcast-qual -Wlogical-op -Wconversion -fstrict-aliasing -Wstrict-aliasing=1 -Wmissing-prototypes -Wmissing-declarations -Wredundant-decls -Wstack-protector "... yes
#20 2.525 Checking whether the C++ compiler works... yes
#20 2.575 Checking for C++ header file vector... yes
#20 2.763 Checking whether the C++ compiler works... yes
#20 2.809 Checking for C++ header file vector... yes
#20 3.001 Checking whether the C++ compiler works... yes
#20 3.048 Checking for C++ header file vector... yes
#20 3.251 Checking whether the C++ compiler works... no
#20 3.270 Skipping c++20 test - compiler doesn't support it
#20 3.305 Checking whether the C++ compiler works... yes
#20 3.358 Checking whether the C++ compiler works... yes
#20 3.411 Checking whether the C++ compiler works... yes
#20 3.464 Checking whether the C++ compiler works... yes
#20 3.516 Checking whether the C++ compiler works... no
#20 3.537 Skipping c++20 test - compiler doesn't support it
#20 5.383 scons: done reading SConscript files.
#20 5.384 scons: Building targets ...
#20 5.453 os.chdir('build/alltypes')
#20 5.453 "/src/nanopb/generator/protoc" -I. -I"../.." -I"/src/nanopb/generator/proto" -I"/src/nanopb/generator" --nanopb_out=--source-extension=.c,--header-extension=.h:. "alltypes.proto"
#20 5.763 
#20 5.763          *************************************************************
#20 5.763          *** Could not import the Google protobuf Python libraries ***
#20 5.763          *** Try installing package 'python3-protobuf' or similar.  ***
#20 5.763          *************************************************************
#20 5.763     
#20 5.764 Traceback (most recent call last):
#20 5.764   File "/src/nanopb/generator/protoc", line 6, in <module>
#20 5.764     from nanopb_generator import invoke_protoc
#20 5.764   File "/src/nanopb/generator/nanopb_generator.py", line 36, in <module>
#20 5.764     import google.protobuf.text_format as text_format
#20 5.764   File "/usr/local/lib/python3.8/site-packages/google/protobuf/text_format.py", line 53, in <module>
#20 5.764     from google.protobuf.internal import type_checkers
#20 5.764   File "/usr/local/lib/python3.8/site-packages/google/protobuf/internal/type_checkers.py", line 48, in <module>
#20 5.764     import ctypes
#20 5.764   File "/usr/local/lib/python3.8/ctypes/__init__.py", line 7, in <module>
#20 5.764     from _ctypes import Union, Structure, Array
#20 5.764 ImportError: libffi.so.6: cannot open shared object file: No such file or directory
#20 5.779 os.chdir('/src/nanopb/tests')
#20 5.779 scons: *** [build/alltypes/alltypes.pb.c] Error 1
#20 5.780 scons: building terminated because of errors.
#20 5.850 Traceback (most recent call last):
#20 5.850   File "<string>", line 1, in <module>
#20 5.851   File "/src/fuzzers/afl/fuzzer.py", line 40, in build
#20 5.851     utils.build_benchmark()
#20 5.851   File "/src/fuzzers/utils.py", line 82, in build_benchmark
#20 5.852     subprocess.check_call(['/bin/bash', '-ex', build_script], env=env)
#20 5.852   File "/usr/local/lib/python3.8/subprocess.py", line 364, in check_call
#20 5.852     raise CalledProcessError(retcode, cmd)
#20 5.852 subprocess.CalledProcessError: Command '['/bin/bash', '-ex', '/src/build.sh']' returned non-zero exit status 2.
#20 ERROR: executor failed running [/bin/sh -c echo "Run fuzzer_build to build the target" && if [ -z "$debug_builder" ] ; then fuzzer_build; fi]: exit code: 1
------
 > importing cache manifest from gcr.io/fuzzbench/builders/afl/nanopb_nanopb:
------
------
 > [stage-1 13/13] RUN echo "Run fuzzer_build to build the target" && if [ -z "$debug_builder" ] ; then fuzzer_build; fi:
------
executor failed running [/bin/sh -c echo "Run fuzzer_build to build the target" && if [ -z "$debug_builder" ] ; then fuzzer_build; fi]: exit code: 1
make: *** [docker/generated.mk:2846467: .afl-nanopb_nanopb-builder] Error 1
