WARNING:root:gcloud not found in PATH.
INFO:root:Successfully integrated benchmark: opencv_imdecode_fuzzer.
INFO:root:Please run "make test-run-afl-opencv_imdecode_fuzzer" to test integration.
#1 [internal] load build definition from Dockerfile
#1 sha256:da9e6559adbc4a8b0fc0d673f07022a8ee54cf843a2df9762b36a571dbb82bf9
#1 transferring dockerfile: 937B done
#1 DONE 0.0s

#2 [internal] load .dockerignore
#2 sha256:b49f93d9aa049543e10cf0021a7f3b0ee8b6978af3c6a5a05e36231c2bc2d3ef
#2 transferring context: 2B done
#2 DONE 0.0s

#3 [internal] load metadata for gcr.io/oss-fuzz-base/base-builder:latest
#3 sha256:f10dc39cc9d418a5bc416dead31a1902b6821fdae909cd3b08f7a3fd1faba7b5
#3 DONE 0.4s

#4 [1/6] FROM gcr.io/oss-fuzz-base/base-builder@sha256:112044a9815d235113677d459cf2ece740a51f2b85081c8f66943dcdc72ddf7f
#4 sha256:4aee4bf9f7280ac8b7f02b8d29e6e084dd034d2c294b4e3e05d8ce7048a1450f
#4 DONE 0.0s

#8 [internal] load build context
#8 sha256:db5baae3a6a3dd9cc4d25e1371d62790077e574437ebe1d2b9a44ca29a789183
#8 DONE 0.0s

#11 importing cache manifest from gcr.io/fuzzbench/builders/benchmark/opencv_imdecode_fuzzer
#11 sha256:7202f1cdaf826f4d779a677cde1a2a72136f3fb0c69ee40e72b50d3f7a399f75
#11 ERROR: gcr.io/fuzzbench/builders/benchmark/opencv_imdecode_fuzzer:latest: not found

#8 [internal] load build context
#8 sha256:db5baae3a6a3dd9cc4d25e1371d62790077e574437ebe1d2b9a44ca29a789183
#8 transferring context: 2.35kB done
#8 DONE 0.0s

#7 [4/6] WORKDIR opencv/
#7 sha256:fda6c4b7e211bdd8ec1ae001cbb40929be694af912454da7105b1ff5a7d1ef7e
#7 CACHED

#9 [5/6] COPY build.sh /src/
#9 sha256:2f9c9f566b2cd8c70a650c43bfb3f5825afd8c8a9201dca16734bb51de9d3300
#9 CACHED

#5 [2/6] RUN apt-get update && apt-get install -y build-essential cmake pkg-config
#5 sha256:5b4cdd543f7676d762d91b87c637b12e81d197a5de05812a3f0a2dc7aead2436
#5 CACHED

#6 [3/6] RUN git clone --depth 1 https://github.com/opencv/opencv.git opencv
#6 sha256:59a9fb61118231e7c2a207bca2277cafcfad95bb7e22f5ee768b2c0e041e7f83
#6 CACHED

#10 [6/6] COPY *.cc *.h /src/
#10 sha256:2567c672fcb346010d236264eb7f8afda1bd496ef36c8261b1255f2530f1057b
#10 CACHED

#12 exporting to image
#12 sha256:e8c613e07b0b7ff33893b694f7759a10d42e180f2b4dc349fb57dc6b71dcab00
#12 exporting layers done
#12 writing image sha256:1becccd814dbf34cc8e63e180aa81b53d32b799e754916d11e8fe1e0019dbfe9 done
#12 naming to gcr.io/fuzzbench/builders/benchmark/opencv_imdecode_fuzzer done
#12 DONE 0.1s

#13 exporting cache
#13 sha256:2700d4ef94dee473593c5c614b55b2dedcca7893909811a8f2b48291a1f581e4
#13 preparing build cache for export done
#13 DONE 0.0s
------
 > importing cache manifest from gcr.io/fuzzbench/builders/benchmark/opencv_imdecode_fuzzer:
------
#1 [internal] load build definition from builder.Dockerfile
#1 sha256:04d5aad763c62162c9be47033b0db84b70e82988342e600f3aaf81734fb4d39a
#1 transferring dockerfile: 46B done
#1 DONE 0.0s

#2 [internal] load .dockerignore
#2 sha256:c924c5be7464d3a2b2fa5954f86ade848c1e699e22d5c3a080b47e431217cca1
#2 transferring context:
#2 transferring context: 2B done
#2 DONE 0.0s

#3 [internal] load metadata for gcr.io/fuzzbench/builders/benchmark/opencv_imdecode_fuzzer:latest
#3 sha256:a4be25005cea0e61a9f234b22cf1a05f96368313936074959c229712e3b105d5
#3 DONE 0.0s

#4 [1/3] FROM gcr.io/fuzzbench/builders/benchmark/opencv_imdecode_fuzzer
#4 sha256:114a7c43be2e84cdbd91ef1f8603d2a82dada03b76db52cf54bab77c9d054fde
#4 DONE 0.0s

#7 importing cache manifest from gcr.io/fuzzbench/builders/afl/opencv_imdecode_fuzzer-intermediate
#7 sha256:d6ee677cf06bc50617e15b850624a6b01ae519d6e4b265ffa23c5ef2f78707c6
#7 ERROR: gcr.io/fuzzbench/builders/afl/opencv_imdecode_fuzzer-intermediate:latest: not found

#5 [2/3] RUN git clone https://github.com/google/AFL.git /afl &&     cd /afl &&     git checkout 61037103ae3722c8060ff7082994836a794f978e &&     AFL_NO_X86=1 make
#5 sha256:3d5bdfab662229e773b72d31e2eb68a64702327ee0bcfd73d8fa570ccfeaeb82
#5 CACHED

#6 [3/3] RUN apt-get update &&     apt-get install wget -y &&     wget https://raw.githubusercontent.com/llvm/llvm-project/5feb80e748924606531ba28c97fe65145c65372e/compiler-rt/lib/fuzzer/afl/afl_driver.cpp -O /afl/afl_driver.cpp &&     clang -Wno-pointer-sign -c /afl/llvm_mode/afl-llvm-rt.o.c -I/afl &&     clang++ -stdlib=libc++ -std=c++11 -O2 -c /afl/afl_driver.cpp &&     ar r /libAFL.a *.o
#6 sha256:e42313375a1e95d34c91996bc213888623c86ece8116f5550b6dd3b57c219906
#6 CACHED

#8 exporting to image
#8 sha256:e8c613e07b0b7ff33893b694f7759a10d42e180f2b4dc349fb57dc6b71dcab00
#8 exporting layers done
#8 writing image sha256:46f5031b711128eb84cc163599a68526005a66a2f95e2b1d5dab852aa983e026 done
#8 naming to gcr.io/fuzzbench/builders/afl/opencv_imdecode_fuzzer-intermediate done
#8 DONE 0.1s

#9 exporting cache
#9 sha256:2700d4ef94dee473593c5c614b55b2dedcca7893909811a8f2b48291a1f581e4
#9 preparing build cache for export done
#9 DONE 0.0s
------
 > importing cache manifest from gcr.io/fuzzbench/builders/afl/opencv_imdecode_fuzzer-intermediate:
------
#1 [internal] load build definition from Dockerfile
#1 sha256:95b925d8587fb155b1004da763fa1db4cc6ea6a7b2dc5a0ba795366e77ad7a51
#1 transferring dockerfile: 2.00kB done
#1 DONE 0.0s

#2 [internal] load .dockerignore
#2 sha256:720aeec5bdec1b9df542b3e852c5806b78d0d2ae1b402b5da04fb4e9dad4af66
#2 transferring context: 34B done
#2 DONE 0.1s

#3 [internal] load metadata for docker.io/library/ubuntu:xenial
#3 sha256:f62bae18ed588840f045c881b2502661f2a89578a2f8f99b83f5200ee83dd25b
#3 DONE 0.0s

#11 [1/7] FROM docker.io/library/ubuntu:xenial
#11 sha256:14dd403f25ae9e519bd44f27dc17af7ce80f5a4f9f48ca88108364e67ec5d360
#11 DONE 0.0s

#12 importing cache manifest from gcr.io/fuzzbench/base-image
#12 sha256:9b220ebb4d4daceed1b96df9b6dca076e762f1cd612574f010b82d5b9e5ad896
#12 DONE 0.0s

#6 [internal] load build context
#6 sha256:c3ab59f26a50d64e7120528ad5f00052605db3e3cca0f340f7a0f5c832f32df7
#6 transferring context: 559B 0.1s done
#6 DONE 0.1s

#5 [3/7] RUN cd /tmp/ &&     curl -O https://www.python.org/ftp/python/3.8.6/Python-3.8.6.tar.xz &&     tar -xvf Python-3.8.6.tar.xz &&     cd Python-3.8.6 &&     ./configure --enable-loadable-sqlite-extensions --enable-optimizations &&     make -j install &&     rm -r /tmp/Python-3.8.6.tar.xz /tmp/Python-3.8.6
#5 sha256:c5b9d1fb3371e84dbc60b76e7b2f8d5913bc93bcd4910ab65daa03e7b2ec4bb0
#5 CACHED

#8 [5/7] RUN pip3 install -r /requirements.txt
#8 sha256:36a6c8a824055c2188a4edd107c248a8204d04f96bc44e7e14ef522363749c88
#8 CACHED

#9 [6/7] RUN apt-get update -y && apt-get install -y     apt-transport-https     lsb-release
#9 sha256:bf7953ace40bbd0c14b4473d921b9366ecf8328669af1ffcdd89e4a72d018888
#9 CACHED

#4 [2/7] RUN apt-get update -y && apt-get install -y     build-essential     rsync     curl     zlib1g-dev     libncurses5-dev     libgdbm-dev     libnss3-dev     libssl-dev     libreadline-dev     libffi-dev     virtualenv     libbz2-dev     liblzma-dev     libsqlite3-dev
#4 sha256:3a1b0960f17eed529eaae93dc8fd3554f2743dd584d8fa569cdbe6bc734371ac
#4 CACHED

#7 [4/7] COPY ./requirements.txt /
#7 sha256:6566c13c9d0103cd283fbb212d926ca9aa46a068e68d6cd36d756513ba4b2dd5
#7 CACHED

#10 [7/7] RUN CLOUD_SDK_REPO="cloud-sdk-$(lsb_release -c -s)" &&     echo "deb https://packages.cloud.google.com/apt $CLOUD_SDK_REPO main"     | tee -a /etc/apt/sources.list.d/google-cloud-sdk.list &&     curl https://packages.cloud.google.com/apt/doc/apt-key.gpg     | apt-key add - &&     apt-get update -y &&     apt-get install -y google-cloud-sdk
#10 sha256:660420f6b686d6e4c1f6c17a4ac98747520435b69fa37077cb754a4b16512da0
#10 CACHED

#13 exporting to image
#13 sha256:e8c613e07b0b7ff33893b694f7759a10d42e180f2b4dc349fb57dc6b71dcab00
#13 exporting layers done
#13 writing image sha256:55e5825902805b10e1ba0cd27e4af0d82c25f9e225d6218342d4b6474bd3ddae done
#13 naming to gcr.io/fuzzbench/base-image done
#13 DONE 0.0s

#14 exporting cache
#14 sha256:2700d4ef94dee473593c5c614b55b2dedcca7893909811a8f2b48291a1f581e4
#14 preparing build cache for export done
#14 DONE 0.0s
#1 [internal] load build definition from Dockerfile
#1 sha256:083ae3111da11143b5583f50b8555861a35f3b7b3f2ccbe9576af24095cb05cf
#1 transferring dockerfile: 2.22kB done
#1 DONE 0.1s

#2 [internal] load .dockerignore
#2 sha256:c1c0ad7f83321821ef29fa206da7a4234c2b891e26bf9566cb97e89fb7480530
#2 transferring context: 34B done
#2 DONE 0.1s

#3 [internal] load metadata for gcr.io/fuzzbench/builders/afl/opencv_imdecode_fuzzer-intermediate:latest
#3 sha256:007afbf57615faecb6c981b8b15c39c3862301faaf571f1fc3b2a46258bf3cda
#3 DONE 0.0s

#7 [base-image 1/1] FROM gcr.io/fuzzbench/base-image
#7 sha256:4d07825694520f8b6f6a0d8592dbd345433361ae044cb7f06706c5a95e3daaad
#7 DONE 1.0s

#6 [stage-1  1/13] FROM gcr.io/fuzzbench/builders/afl/opencv_imdecode_fuzzer-intermediate
#6 sha256:7657addb616895c37e0a8f610fb7219efe4b0e5041fc62309817d7d7109480d3
#6 DONE 0.0s

#4 [internal] load metadata for gcr.io/fuzzbench/base-image:latest
#4 sha256:932022888f650cc455b10eb5123bb08c0cccacac29a693e69314abbfd28a72c3
#4 DONE 0.0s

#12 [internal] load build context
#12 sha256:0b7d8d82aa33708cc77e0f626ed8a0aabf5035fa2c81300d6c64c6235b1c3f22
#12 DONE 0.0s

#5 importing cache manifest from gcr.io/fuzzbench/builders/afl/opencv_imdecode_fuzzer
#5 sha256:a43d05b7a3417b69c2b7e91a03f932b5e49d9aa7a9b0f3844f17d9ae791ff81c
#5 ERROR: gcr.io/fuzzbench/builders/afl/opencv_imdecode_fuzzer:latest: not found

#12 [internal] load build context
#12 sha256:0b7d8d82aa33708cc77e0f626ed8a0aabf5035fa2c81300d6c64c6235b1c3f22
#12 transferring context: 669.89kB 0.2s done
#12 DONE 0.2s

#8 [stage-1  2/13] COPY --from=base-image /usr/local/bin/python3* /usr/local/bin/
#8 sha256:0c621940edf2302795e32bf4a7fbe4af5fc4b7121c1b6fdd0d0f14945ae67c3f
#8 CACHED

#9 [stage-1  3/13] COPY --from=base-image /usr/local/lib/python3.8 /usr/local/lib/python3.8
#9 sha256:5ca67a97056161ec06baa68ef9a9965819c6e7d2eb43728406ed58160f24ad27
#9 CACHED

#10 [stage-1  4/13] COPY --from=base-image /usr/local/include/python3.8 /usr/local/include/python3.8
#10 sha256:70dc50898194fb7e542b433179d104673a97dfc32f63e3b761792d53bc883d0a
#10 CACHED

#11 [stage-1  5/13] COPY --from=base-image /usr/local/lib/python3.8/site-packages /usr/local/lib/python3.8/site-packages
#11 sha256:8338fc57c61557d9dcbfbf62656beb038f8fdbc1293a92a8999d08e15d7b3bd4
#11 CACHED

#13 [stage-1  6/13] COPY fuzzers /src/fuzzers
#13 sha256:2cdaa87c4b711a0d9a1374ad271e72530297bc874c4190d49a6bc42bc18251c0
#13 CACHED

#14 [stage-1  7/13] RUN touch /src/__init__.py
#14 sha256:06692f55893cb582f31f030bf0a6b6a107ff035be86fb1232349ee97bfdb3d13
#14 DONE 1.3s

#15 [stage-1  8/13] COPY benchmarks/opencv_imdecode_fuzzer/benchmark.yaml /
#15 sha256:c220c0992ffceea6c020278a5b366fad5916ba1d1fbc9986f4114d5b69644685
#15 DONE 0.1s

#16 [stage-1  9/13] RUN mkdir /opt/fuzzbench/
#16 sha256:9ff391854603e8d3b9a93ab377d1dfba5541fd797cc8cdd12f260883ee654886
#16 DONE 1.1s

#17 [stage-1 10/13] COPY docker/benchmark-builder/checkout_commit.py /opt/fuzzbench/
#17 sha256:13691f7172f85a356ec74d1d6f974918fea600a48671df61c7866376103e3718
#17 DONE 0.3s

#18 [stage-1 11/13] RUN export CHECKOUT_COMMIT=$(cat /benchmark.yaml | tr -d ' ' | grep 'commit:' | cut -d ':' -f2) &&     python3 -u /opt/fuzzbench/checkout_commit.py $CHECKOUT_COMMIT /src
#18 sha256:b9476104ad07925254e488bbf96e23c36d999ef3242ca919942e7310a4a77bd1
#18 1.538 Checking out commit 84faf557
#18 145.4 From https://github.com/opencv/opencv
#18 145.4  * [new tag]               2.2                  -> 2.2
#18 145.4  * [new tag]               2.4.0                -> 2.4.0
#18 145.4  * [new tag]               2.4.1                -> 2.4.1
#18 145.4  * [new tag]               2.4.10               -> 2.4.10
#18 145.4  * [new tag]               2.4.10.1             -> 2.4.10.1
#18 145.4  * [new tag]               2.4.10.2             -> 2.4.10.2
#18 145.4  * [new tag]               2.4.10.3             -> 2.4.10.3
#18 145.4  * [new tag]               2.4.10.4             -> 2.4.10.4
#18 145.4  * [new tag]               2.4.11               -> 2.4.11
#18 145.4  * [new tag]               2.4.12               -> 2.4.12
#18 145.4  * [new tag]               2.4.12.1             -> 2.4.12.1
#18 145.4  * [new tag]               2.4.12.2             -> 2.4.12.2
#18 145.4  * [new tag]               2.4.12.3             -> 2.4.12.3
#18 145.4  * [new tag]               2.4.13               -> 2.4.13
#18 145.4  * [new tag]               2.4.13.1             -> 2.4.13.1
#18 145.4  * [new tag]               2.4.2                -> 2.4.2
#18 145.4  * [new tag]               2.4.3                -> 2.4.3
#18 145.4  * [new tag]               2.4.3-rc             -> 2.4.3-rc
#18 145.4  * [new tag]               2.4.3.1              -> 2.4.3.1
#18 145.4  * [new tag]               2.4.3.2              -> 2.4.3.2
#18 145.4  * [new tag]               2.4.4                -> 2.4.4
#18 145.4  * [new tag]               2.4.4-beta           -> 2.4.4-beta
#18 145.4  * [new tag]               2.4.5                -> 2.4.5
#18 145.4  * [new tag]               2.4.6                -> 2.4.6
#18 145.4  * [new tag]               2.4.6.1              -> 2.4.6.1
#18 145.4  * [new tag]               2.4.6.2              -> 2.4.6.2
#18 145.4  * [new tag]               2.4.6.2-rc1          -> 2.4.6.2-rc1
#18 145.4  * [new tag]               2.4.7                -> 2.4.7
#18 145.4  * [new tag]               2.4.7-rc1            -> 2.4.7-rc1
#18 145.4  * [new tag]               2.4.7.1              -> 2.4.7.1
#18 145.4  * [new tag]               2.4.7.2              -> 2.4.7.2
#18 145.4  * [new tag]               2.4.8                -> 2.4.8
#18 145.4  * [new tag]               2.4.8.1              -> 2.4.8.1
#18 145.4  * [new tag]               2.4.8.2              -> 2.4.8.2
#18 145.4  * [new tag]               2.4.8.3              -> 2.4.8.3
#18 145.4  * [new tag]               2.4.9                -> 2.4.9
#18 145.4  * [new tag]               2.4.9.1              -> 2.4.9.1
#18 145.4  * [new tag]               3.0-ocl-tech-preview -> 3.0-ocl-tech-preview
#18 145.4  * [new tag]               3.0-ocl-tp2          -> 3.0-ocl-tp2
#18 145.4  * [new tag]               3.0.0                -> 3.0.0
#18 145.4  * [new tag]               3.0.0-alpha          -> 3.0.0-alpha
#18 145.4  * [new tag]               3.0.0-beta           -> 3.0.0-beta
#18 145.4  * [new tag]               3.0.0-rc1            -> 3.0.0-rc1
#18 145.4  * [new tag]               3.1.0                -> 3.1.0
#18 145.4  * [new tag]               3.2.0                -> 3.2.0
#18 145.4  * [new tag]               3.2.0-rc             -> 3.2.0-rc
#18 145.4  * [new tag]               3.3.0                -> 3.3.0
#18 145.4  * [new tag]               3.3.0-cvsdk          -> 3.3.0-cvsdk
#18 145.4  * [new tag]               3.3.0-rc             -> 3.3.0-rc
#18 145.4  * [new tag]               3.3.1                -> 3.3.1
#18 145.4  * [new tag]               3.3.1-cvsdk          -> 3.3.1-cvsdk
#18 145.4  * [new tag]               3.4.0                -> 3.4.0
#18 145.4  * [new tag]               3.4.0-rc             -> 3.4.0-rc
#18 145.4  * [new tag]               3.4.1                -> 3.4.1
#18 145.4  * [new tag]               3.4.1-cvsdk          -> 3.4.1-cvsdk
#18 145.4  * [new tag]               3.4.10               -> 3.4.10
#18 145.4  * [new tag]               3.4.11               -> 3.4.11
#18 145.4  * [new tag]               3.4.12               -> 3.4.12
#18 145.4  * [new tag]               3.4.13               -> 3.4.13
#18 145.4  * [new tag]               3.4.14               -> 3.4.14
#18 145.4  * [new tag]               3.4.15               -> 3.4.15
#18 145.4  * [new tag]               3.4.16               -> 3.4.16
#18 145.4  * [new tag]               3.4.17               -> 3.4.17
#18 145.4  * [new tag]               3.4.2                -> 3.4.2
#18 145.4  * [new tag]               3.4.2-openvino       -> 3.4.2-openvino
#18 145.4  * [new tag]               3.4.3                -> 3.4.3
#18 145.4  * [new tag]               3.4.3-openvino       -> 3.4.3-openvino
#18 145.4  * [new tag]               3.4.4                -> 3.4.4
#18 145.4  * [new tag]               3.4.5                -> 3.4.5
#18 145.4  * [new tag]               3.4.6                -> 3.4.6
#18 145.4  * [new tag]               3.4.7                -> 3.4.7
#18 145.4  * [new tag]               3.4.8                -> 3.4.8
#18 145.4  * [new tag]               3.4.9                -> 3.4.9
#18 145.4  * [new tag]               4.0.0                -> 4.0.0
#18 145.4  * [new tag]               4.0.0-alpha          -> 4.0.0-alpha
#18 145.4  * [new tag]               4.0.0-beta           -> 4.0.0-beta
#18 145.4  * [new tag]               4.0.0-openvino       -> 4.0.0-openvino
#18 145.4  * [new tag]               4.0.0-rc             -> 4.0.0-rc
#18 145.4  * [new tag]               4.0.1                -> 4.0.1
#18 145.4  * [new tag]               4.0.1-openvino       -> 4.0.1-openvino
#18 145.4  * [new tag]               4.1.0                -> 4.1.0
#18 145.4  * [new tag]               4.1.0-openvino       -> 4.1.0-openvino
#18 145.4  * [new tag]               4.1.1                -> 4.1.1
#18 145.4  * [new tag]               4.1.1-openvino       -> 4.1.1-openvino
#18 145.4  * [new tag]               4.1.2                -> 4.1.2
#18 145.4  * [new tag]               4.1.2-openvino       -> 4.1.2-openvino
#18 145.4  * [new tag]               4.2.0                -> 4.2.0
#18 145.4  * [new tag]               4.3.0                -> 4.3.0
#18 145.4  * [new tag]               4.4.0                -> 4.4.0
#18 145.4  * [new tag]               4.5.0                -> 4.5.0
#18 145.4  * [new tag]               4.5.1                -> 4.5.1
#18 145.4  * [new tag]               4.5.2                -> 4.5.2
#18 145.4  * [new tag]               4.5.3                -> 4.5.3
#18 145.4  * [new tag]               4.5.4                -> 4.5.4
#18 145.4  * [new tag]               4.5.5                -> 4.5.5
#18 145.5 error: pathspec '84faf557' did not match any file(s) known to git
#18 145.5 error: pathspec '84faf557' did not match any file(s) known to git
#18 145.6 error: pathspec '84faf557' did not match any file(s) known to git
#18 145.7 error: pathspec '84faf557' did not match any file(s) known to git
#18 145.7 error: pathspec '84faf557' did not match any file(s) known to git
#18 145.7 error: pathspec '84faf557' did not match any file(s) known to git
#18 145.8 error: pathspec '84faf557' did not match any file(s) known to git
#18 145.8 error: pathspec '84faf557' did not match any file(s) known to git
#18 145.8 error: pathspec '84faf557' did not match any file(s) known to git
#18 145.9 error: pathspec '84faf557' did not match any file(s) known to git
#18 145.9 error: pathspec '84faf557' did not match any file(s) known to git
#18 146.0 error: pathspec '84faf557' did not match any file(s) known to git
#18 146.1 error: pathspec '84faf557' did not match any file(s) known to git
#18 146.2 error: pathspec '84faf557' did not match any file(s) known to git
#18 146.2 error: pathspec '84faf557' did not match any file(s) known to git
#18 146.2 error: pathspec '84faf557' did not match any file(s) known to git
#18 146.3 error: pathspec '84faf557' did not match any file(s) known to git
#18 146.3 error: pathspec '84faf557' did not match any file(s) known to git
#18 146.4 error: pathspec '84faf557' did not match any file(s) known to git
#18 146.4 error: pathspec '84faf557' did not match any file(s) known to git
#18 146.5 error: pathspec '84faf557' did not match any file(s) known to git
#18 146.5 error: pathspec '84faf557' did not match any file(s) known to git
#18 146.8 Checkout unsuccessful.
#18 DONE 146.9s

#19 [stage-1 12/13] RUN echo "#!/bin/bash\nPYTHONPATH=/src python3 -u -c "from fuzzers import utils; utils.initialize_env(); from fuzzers.afl import fuzzer; fuzzer.build()"" > /usr/bin/fuzzer_build &&     chmod +x /usr/bin/fuzzer_build
#19 sha256:e269e9ea9512dbb085215f52bf0f6810647e46072cb07d6a76b760d8f716e399
#19 DONE 1.4s

#20 [stage-1 13/13] RUN echo "Run fuzzer_build to build the target" && if [ -z "$debug_builder" ] ; then fuzzer_build; fi
#20 sha256:b03c32b7809458ab543ebd382b881851fe546f5408972f24ea5b1d1abcc89778
#20 1.219 Run fuzzer_build to build the target
#20 1.594 FUZZ_TARGET = imdecode_fuzzer
#20 1.594 CFLAGS = -DFUZZING_BUILD_MODE_UNSAFE_FOR_PRODUCTION -pthread -Wl,--no-as-needed -Wl,-ldl -Wl,-lm -Wno-unused-command-line-argument -O3
#20 1.594 CXXFLAGS = -DFUZZING_BUILD_MODE_UNSAFE_FOR_PRODUCTION -pthread -Wl,--no-as-needed -Wl,-ldl -Wl,-lm -Wno-unused-command-line-argument -stdlib=libc++ -O3
#20 1.609 Building benchmark opencv_imdecode_fuzzer with fuzzer afl
#20 1.614 + mkdir opencv/build
#20 1.618 mkdir: cannot create directory ‘opencv/build’: No such file or directory
#20 1.619 Traceback (most recent call last):
#20 1.619   File "<string>", line 1, in <module>
#20 1.620   File "/src/fuzzers/afl/fuzzer.py", line 40, in build
#20 1.621     utils.build_benchmark()
#20 1.621   File "/src/fuzzers/utils.py", line 82, in build_benchmark
#20 1.622     subprocess.check_call(['/bin/bash', '-ex', build_script], env=env)
#20 1.623   File "/usr/local/lib/python3.8/subprocess.py", line 364, in check_call
#20 1.625     raise CalledProcessError(retcode, cmd)
#20 1.625 subprocess.CalledProcessError: Command '['/bin/bash', '-ex', '/src/build.sh']' returned non-zero exit status 1.
#20 ERROR: executor failed running [/bin/sh -c echo "Run fuzzer_build to build the target" && if [ -z "$debug_builder" ] ; then fuzzer_build; fi]: exit code: 1
------
 > importing cache manifest from gcr.io/fuzzbench/builders/afl/opencv_imdecode_fuzzer:
------
------
 > [stage-1 13/13] RUN echo "Run fuzzer_build to build the target" && if [ -z "$debug_builder" ] ; then fuzzer_build; fi:
------
executor failed running [/bin/sh -c echo "Run fuzzer_build to build the target" && if [ -z "$debug_builder" ] ; then fuzzer_build; fi]: exit code: 1
make: *** [docker/generated.mk:2854336: .afl-opencv_imdecode_fuzzer-builder] Error 1
/bin/sh: 1: source: not found
#1 [internal] load build definition from Dockerfile
#1 sha256:586197d8e4782fd6a8d60ed87a3c6a0b0a591c1df7a4236da860c5bb13c101be
#1 transferring dockerfile: 32B done
#1 DONE 0.1s

#2 [internal] load .dockerignore
#2 sha256:63d43bc3368ef3a6a4991623c4dc069d5bbbfa111b55dc577c9e1a35f88aaf1d
#2 transferring context: 2B done
#2 DONE 0.1s

#3 [internal] load metadata for gcr.io/oss-fuzz-base/base-builder:latest
#3 sha256:f10dc39cc9d418a5bc416dead31a1902b6821fdae909cd3b08f7a3fd1faba7b5
#3 DONE 0.4s

#4 [1/6] FROM gcr.io/oss-fuzz-base/base-builder@sha256:112044a9815d235113677d459cf2ece740a51f2b85081c8f66943dcdc72ddf7f
#4 sha256:4aee4bf9f7280ac8b7f02b8d29e6e084dd034d2c294b4e3e05d8ce7048a1450f
#4 DONE 0.0s

#11 importing cache manifest from gcr.io/fuzzbench/builders/benchmark/opencv_imdecode_fuzzer
#11 sha256:7202f1cdaf826f4d779a677cde1a2a72136f3fb0c69ee40e72b50d3f7a399f75
#11 DONE 0.0s

#8 [internal] load build context
#8 sha256:4279aa627fdc05febff9fec4779af2659284934b33dc7b19a99e2d8e98d3d42f
#8 transferring context: 429B done
#8 DONE 0.0s

#9 [5/6] COPY build.sh /src/
#9 sha256:37c4a4c050d72ab373aa3c3be37420dee1f8b61083eebeafc79cdab5db5f9625
#9 CACHED

#5 [2/6] RUN apt-get update && apt-get install -y build-essential cmake pkg-config
#5 sha256:5b4cdd543f7676d762d91b87c637b12e81d197a5de05812a3f0a2dc7aead2436
#5 CACHED

#6 [3/6] RUN git clone --depth 1 https://github.com/opencv/opencv.git opencv
#6 sha256:59a9fb61118231e7c2a207bca2277cafcfad95bb7e22f5ee768b2c0e041e7f83
#6 CACHED

#7 [4/6] WORKDIR opencv/
#7 sha256:fda6c4b7e211bdd8ec1ae001cbb40929be694af912454da7105b1ff5a7d1ef7e
#7 CACHED

#10 [6/6] COPY *.cc *.h /src/
#10 sha256:a583cd3b340413a9070c50e4a46b82b44f6a49355c1e704d368cc2187a43faa7
#10 CACHED

#12 exporting to image
#12 sha256:e8c613e07b0b7ff33893b694f7759a10d42e180f2b4dc349fb57dc6b71dcab00
#12 exporting layers done
#12 writing image sha256:1becccd814dbf34cc8e63e180aa81b53d32b799e754916d11e8fe1e0019dbfe9
#12 writing image sha256:1becccd814dbf34cc8e63e180aa81b53d32b799e754916d11e8fe1e0019dbfe9 done
#12 naming to gcr.io/fuzzbench/builders/benchmark/opencv_imdecode_fuzzer done
#12 DONE 0.1s

#13 exporting cache
#13 sha256:2700d4ef94dee473593c5c614b55b2dedcca7893909811a8f2b48291a1f581e4
#13 preparing build cache for export done
#13 DONE 0.0s
#1 [internal] load build definition from builder.Dockerfile
#1 sha256:5e72f473b7b411b1f3369b3985e46a26fa86d06c716ec0af9006cde009c638bb
#1 transferring dockerfile: 46B done
#1 DONE 0.1s

#2 [internal] load .dockerignore
#2 sha256:656a44dc776a02108c8688eb057d6e6dab3504b2b720c20dfb3f3d67aef42bc1
#2 transferring context: 2B done
#2 DONE 0.1s

#3 [internal] load metadata for gcr.io/fuzzbench/builders/benchmark/opencv_imdecode_fuzzer:latest
#3 sha256:a4be25005cea0e61a9f234b22cf1a05f96368313936074959c229712e3b105d5
#3 DONE 0.0s

#7 importing cache manifest from gcr.io/fuzzbench/builders/afl/opencv_imdecode_fuzzer-intermediate
#7 sha256:d6ee677cf06bc50617e15b850624a6b01ae519d6e4b265ffa23c5ef2f78707c6
#7 DONE 0.0s

#6 [1/3] FROM gcr.io/fuzzbench/builders/benchmark/opencv_imdecode_fuzzer
#6 sha256:114a7c43be2e84cdbd91ef1f8603d2a82dada03b76db52cf54bab77c9d054fde
#6 DONE 0.0s

#4 [2/3] RUN git clone https://github.com/google/AFL.git /afl &&     cd /afl &&     git checkout 61037103ae3722c8060ff7082994836a794f978e &&     AFL_NO_X86=1 make
#4 sha256:3d5bdfab662229e773b72d31e2eb68a64702327ee0bcfd73d8fa570ccfeaeb82
#4 CACHED

#5 [3/3] RUN apt-get update &&     apt-get install wget -y &&     wget https://raw.githubusercontent.com/llvm/llvm-project/5feb80e748924606531ba28c97fe65145c65372e/compiler-rt/lib/fuzzer/afl/afl_driver.cpp -O /afl/afl_driver.cpp &&     clang -Wno-pointer-sign -c /afl/llvm_mode/afl-llvm-rt.o.c -I/afl &&     clang++ -stdlib=libc++ -std=c++11 -O2 -c /afl/afl_driver.cpp &&     ar r /libAFL.a *.o
#5 sha256:e42313375a1e95d34c91996bc213888623c86ece8116f5550b6dd3b57c219906
#5 CACHED

#8 exporting to image
#8 sha256:e8c613e07b0b7ff33893b694f7759a10d42e180f2b4dc349fb57dc6b71dcab00
#8 exporting layers done
#8 writing image sha256:46f5031b711128eb84cc163599a68526005a66a2f95e2b1d5dab852aa983e026 0.0s done
#8 naming to gcr.io/fuzzbench/builders/afl/opencv_imdecode_fuzzer-intermediate done
#8 DONE 0.3s

#9 exporting cache
#9 sha256:2700d4ef94dee473593c5c614b55b2dedcca7893909811a8f2b48291a1f581e4
#9 preparing build cache for export done
#9 DONE 0.0s
#1 [internal] load build definition from Dockerfile
#1 sha256:8100beab94d9613df0a5f46a34bbe168ae68c9fd9c96c0d3fcf10e65815fef34
#1 transferring dockerfile: 2.00kB done
#1 DONE 0.1s

#2 [internal] load .dockerignore
#2 sha256:84663cc412c43224e72d38c8ce8ef5f2b4b55969a3c75853b3f84984b5c3092a
#2 transferring context: 34B done
#2 DONE 0.0s

#3 [internal] load metadata for docker.io/library/ubuntu:xenial
#3 sha256:f62bae18ed588840f045c881b2502661f2a89578a2f8f99b83f5200ee83dd25b
#3 DONE 0.0s

#12 importing cache manifest from gcr.io/fuzzbench/base-image
#12 sha256:9b220ebb4d4daceed1b96df9b6dca076e762f1cd612574f010b82d5b9e5ad896
#12 DONE 0.0s

#4 [1/7] FROM docker.io/library/ubuntu:xenial
#4 sha256:14dd403f25ae9e519bd44f27dc17af7ce80f5a4f9f48ca88108364e67ec5d360
#4 DONE 0.0s

#7 [internal] load build context
#7 sha256:4d4fe39e0691d9b699aecb54cf771756a1df1f8ba4c5659e970a924ef66efedc
#7 transferring context: 559B 0.0s done
#7 DONE 0.1s

#9 [5/7] RUN pip3 install -r /requirements.txt
#9 sha256:2f7fbceed3cbeff3e19a321f21d5cd3b6070227addcd54f85dd8d8438b471840
#9 CACHED

#6 [3/7] RUN cd /tmp/ &&     curl -O https://www.python.org/ftp/python/3.8.6/Python-3.8.6.tar.xz &&     tar -xvf Python-3.8.6.tar.xz &&     cd Python-3.8.6 &&     ./configure --enable-loadable-sqlite-extensions --enable-optimizations &&     make -j install &&     rm -r /tmp/Python-3.8.6.tar.xz /tmp/Python-3.8.6
#6 sha256:c5b9d1fb3371e84dbc60b76e7b2f8d5913bc93bcd4910ab65daa03e7b2ec4bb0
#6 CACHED

#10 [6/7] RUN apt-get update -y && apt-get install -y     apt-transport-https     lsb-release
#10 sha256:b97904e5b87a86618479db2938114157a73214d5746c175cacd92a061bf32baa
#10 CACHED

#8 [4/7] COPY ./requirements.txt /
#8 sha256:40fe271ca690f2f9a550a98bffce86915f1ac47008e8c2891378172eb8238cee
#8 CACHED

#5 [2/7] RUN apt-get update -y && apt-get install -y     build-essential     rsync     curl     zlib1g-dev     libncurses5-dev     libgdbm-dev     libnss3-dev     libssl-dev     libreadline-dev     libffi-dev     virtualenv     libbz2-dev     liblzma-dev     libsqlite3-dev
#5 sha256:3a1b0960f17eed529eaae93dc8fd3554f2743dd584d8fa569cdbe6bc734371ac
#5 CACHED

#11 [7/7] RUN CLOUD_SDK_REPO="cloud-sdk-$(lsb_release -c -s)" &&     echo "deb https://packages.cloud.google.com/apt $CLOUD_SDK_REPO main"     | tee -a /etc/apt/sources.list.d/google-cloud-sdk.list &&     curl https://packages.cloud.google.com/apt/doc/apt-key.gpg     | apt-key add - &&     apt-get update -y &&     apt-get install -y google-cloud-sdk
#11 sha256:e1067a24800171a3b0b6d2b34b593eee68c4e7560a8796c33dcbc592b00b745d
#11 CACHED

#13 exporting to image
#13 sha256:e8c613e07b0b7ff33893b694f7759a10d42e180f2b4dc349fb57dc6b71dcab00
#13 exporting layers done
#13 writing image sha256:55e5825902805b10e1ba0cd27e4af0d82c25f9e225d6218342d4b6474bd3ddae
#13 writing image sha256:55e5825902805b10e1ba0cd27e4af0d82c25f9e225d6218342d4b6474bd3ddae done
#13 naming to gcr.io/fuzzbench/base-image done
#13 DONE 0.0s

#14 exporting cache
#14 sha256:2700d4ef94dee473593c5c614b55b2dedcca7893909811a8f2b48291a1f581e4
#14 preparing build cache for export done
#14 DONE 0.0s
#2 [internal] load .dockerignore
#2 sha256:ebf349fc489e5fe79beb1c179df69d30e3a4aedf1ed68fb4c57d404eb3068750
#2 transferring context:
#2 ...

#1 [internal] load build definition from Dockerfile
#1 sha256:508d638278247ec1ad9f74cbce4a7aa173d3cb24c34b8bc0cd0a5e2d2ec28273
#1 transferring dockerfile: 2.22kB done
#1 DONE 0.2s

#2 [internal] load .dockerignore
#2 sha256:ebf349fc489e5fe79beb1c179df69d30e3a4aedf1ed68fb4c57d404eb3068750
#2 transferring context: 34B done
#2 DONE 0.2s

#7 [base-image 1/1] FROM gcr.io/fuzzbench/base-image
#7 sha256:4d07825694520f8b6f6a0d8592dbd345433361ae044cb7f06706c5a95e3daaad
#7 DONE 1.0s

#6 [stage-1  1/13] FROM gcr.io/fuzzbench/builders/afl/opencv_imdecode_fuzzer-intermediate
#6 sha256:7657addb616895c37e0a8f610fb7219efe4b0e5041fc62309817d7d7109480d3
#6 DONE 0.0s

#3 [internal] load metadata for gcr.io/fuzzbench/base-image:latest
#3 sha256:932022888f650cc455b10eb5123bb08c0cccacac29a693e69314abbfd28a72c3
#3 DONE 0.0s

#4 [internal] load metadata for gcr.io/fuzzbench/builders/afl/opencv_imdecode_fuzzer-intermediate:latest
#4 sha256:007afbf57615faecb6c981b8b15c39c3862301faaf571f1fc3b2a46258bf3cda
#4 DONE 0.0s

#5 importing cache manifest from gcr.io/fuzzbench/builders/afl/opencv_imdecode_fuzzer
#5 sha256:a43d05b7a3417b69c2b7e91a03f932b5e49d9aa7a9b0f3844f17d9ae791ff81c
#5 ...

#12 [internal] load build context
#12 sha256:592288d220bdeaa7fc9bf2463ea770fa91ca8751f787e2bfac7ad6fc2c56445c
#12 DONE 0.0s

#5 importing cache manifest from gcr.io/fuzzbench/builders/afl/opencv_imdecode_fuzzer
#5 sha256:a43d05b7a3417b69c2b7e91a03f932b5e49d9aa7a9b0f3844f17d9ae791ff81c
#5 ERROR: gcr.io/fuzzbench/builders/afl/opencv_imdecode_fuzzer:latest: not found

#12 [internal] load build context
#12 sha256:592288d220bdeaa7fc9bf2463ea770fa91ca8751f787e2bfac7ad6fc2c56445c
#12 transferring context: 669.89kB 0.2s done
#12 DONE 0.3s

#11 [stage-1  5/13] COPY --from=base-image /usr/local/lib/python3.8/site-packages /usr/local/lib/python3.8/site-packages
#11 sha256:8338fc57c61557d9dcbfbf62656beb038f8fdbc1293a92a8999d08e15d7b3bd4
#11 CACHED

#13 [stage-1  6/13] COPY fuzzers /src/fuzzers
#13 sha256:226e538a7be2ff4737108307b70530e6dec64a9e9d44e2cf5f296ae08924e0b1
#13 CACHED

#8 [stage-1  2/13] COPY --from=base-image /usr/local/bin/python3* /usr/local/bin/
#8 sha256:0c621940edf2302795e32bf4a7fbe4af5fc4b7121c1b6fdd0d0f14945ae67c3f
#8 CACHED

#9 [stage-1  3/13] COPY --from=base-image /usr/local/lib/python3.8 /usr/local/lib/python3.8
#9 sha256:5ca67a97056161ec06baa68ef9a9965819c6e7d2eb43728406ed58160f24ad27
#9 CACHED

#10 [stage-1  4/13] COPY --from=base-image /usr/local/include/python3.8 /usr/local/include/python3.8
#10 sha256:70dc50898194fb7e542b433179d104673a97dfc32f63e3b761792d53bc883d0a
#10 CACHED

#14 [stage-1  7/13] RUN touch /src/__init__.py
#14 sha256:b98af0b27408b66aac5ad3089f900db82eab86866245179c312bb85bccfbb596
#14 DONE 1.3s

#15 [stage-1  8/13] COPY benchmarks/opencv_imdecode_fuzzer/benchmark.yaml /
#15 sha256:0bafee395a9c651f5206b8ed1c8e08cba803521eefbec2d8a6ce6595eaa852af
#15 DONE 0.2s

#16 [stage-1  9/13] RUN mkdir /opt/fuzzbench/
#16 sha256:39b1dd7086ccff5c00be4d1f6e6571da0edd4df86bd8abdd9304caf9a5f7e77e
#16 DONE 1.7s

#17 [stage-1 10/13] COPY docker/benchmark-builder/checkout_commit.py /opt/fuzzbench/
#17 sha256:dd4745287c1a6f51497f8f038de2863684a9c0a9f2d81a701cdf206223027ac9
#17 DONE 0.2s

#18 [stage-1 11/13] RUN export CHECKOUT_COMMIT=$(cat /benchmark.yaml | tr -d ' ' | grep 'commit:' | cut -d ':' -f2) &&     python3 -u /opt/fuzzbench/checkout_commit.py $CHECKOUT_COMMIT /src
#18 sha256:5223c18c070d9e9a0290c4b20b1235efd5bb2fa939e464f9e8999c23abb15b13
#18 1.228 Checking out commit 84faf557
#18 148.2 From https://github.com/opencv/opencv
#18 148.2  * [new tag]               2.2                  -> 2.2
#18 148.2  * [new tag]               2.4.0                -> 2.4.0
#18 148.2  * [new tag]               2.4.1                -> 2.4.1
#18 148.2  * [new tag]               2.4.10               -> 2.4.10
#18 148.2  * [new tag]               2.4.10.1             -> 2.4.10.1
#18 148.2  * [new tag]               2.4.10.2             -> 2.4.10.2
#18 148.2  * [new tag]               2.4.10.3             -> 2.4.10.3
#18 148.2  * [new tag]               2.4.10.4             -> 2.4.10.4
#18 148.2  * [new tag]               2.4.11               -> 2.4.11
#18 148.2  * [new tag]               2.4.12               -> 2.4.12
#18 148.2  * [new tag]               2.4.12.1             -> 2.4.12.1
#18 148.2  * [new tag]               2.4.12.2             -> 2.4.12.2
#18 148.2  * [new tag]               2.4.12.3             -> 2.4.12.3
#18 148.2  * [new tag]               2.4.13               -> 2.4.13
#18 148.2  * [new tag]               2.4.13.1             -> 2.4.13.1
#18 148.2  * [new tag]               2.4.2                -> 2.4.2
#18 148.2  * [new tag]               2.4.3                -> 2.4.3
#18 148.2  * [new tag]               2.4.3-rc             -> 2.4.3-rc
#18 148.2  * [new tag]               2.4.3.1              -> 2.4.3.1
#18 148.2  * [new tag]               2.4.3.2              -> 2.4.3.2
#18 148.2  * [new tag]               2.4.4                -> 2.4.4
#18 148.2  * [new tag]               2.4.4-beta           -> 2.4.4-beta
#18 148.2  * [new tag]               2.4.5                -> 2.4.5
#18 148.2  * [new tag]               2.4.6                -> 2.4.6
#18 148.2  * [new tag]               2.4.6.1              -> 2.4.6.1
#18 148.2  * [new tag]               2.4.6.2              -> 2.4.6.2
#18 148.2  * [new tag]               2.4.6.2-rc1          -> 2.4.6.2-rc1
#18 148.2  * [new tag]               2.4.7                -> 2.4.7
#18 148.2  * [new tag]               2.4.7-rc1            -> 2.4.7-rc1
#18 148.2  * [new tag]               2.4.7.1              -> 2.4.7.1
#18 148.2  * [new tag]               2.4.7.2              -> 2.4.7.2
#18 148.2  * [new tag]               2.4.8                -> 2.4.8
#18 148.2  * [new tag]               2.4.8.1              -> 2.4.8.1
#18 148.2  * [new tag]               2.4.8.2              -> 2.4.8.2
#18 148.2  * [new tag]               2.4.8.3              -> 2.4.8.3
#18 148.2  * [new tag]               2.4.9                -> 2.4.9
#18 148.2  * [new tag]               2.4.9.1              -> 2.4.9.1
#18 148.2  * [new tag]               3.0-ocl-tech-preview -> 3.0-ocl-tech-preview
#18 148.2  * [new tag]               3.0-ocl-tp2          -> 3.0-ocl-tp2
#18 148.2  * [new tag]               3.0.0                -> 3.0.0
#18 148.2  * [new tag]               3.0.0-alpha          -> 3.0.0-alpha
#18 148.2  * [new tag]               3.0.0-beta           -> 3.0.0-beta
#18 148.2  * [new tag]               3.0.0-rc1            -> 3.0.0-rc1
#18 148.2  * [new tag]               3.1.0                -> 3.1.0
#18 148.2  * [new tag]               3.2.0                -> 3.2.0
#18 148.2  * [new tag]               3.2.0-rc             -> 3.2.0-rc
#18 148.2  * [new tag]               3.3.0                -> 3.3.0
#18 148.2  * [new tag]               3.3.0-cvsdk          -> 3.3.0-cvsdk
#18 148.2  * [new tag]               3.3.0-rc             -> 3.3.0-rc
#18 148.2  * [new tag]               3.3.1                -> 3.3.1
#18 148.2  * [new tag]               3.3.1-cvsdk          -> 3.3.1-cvsdk
#18 148.2  * [new tag]               3.4.0                -> 3.4.0
#18 148.2  * [new tag]               3.4.0-rc             -> 3.4.0-rc
#18 148.2  * [new tag]               3.4.1                -> 3.4.1
#18 148.2  * [new tag]               3.4.1-cvsdk          -> 3.4.1-cvsdk
#18 148.2  * [new tag]               3.4.10               -> 3.4.10
#18 148.2  * [new tag]               3.4.11               -> 3.4.11
#18 148.2  * [new tag]               3.4.12               -> 3.4.12
#18 148.2  * [new tag]               3.4.13               -> 3.4.13
#18 148.2  * [new tag]               3.4.14               -> 3.4.14
#18 148.2  * [new tag]               3.4.15               -> 3.4.15
#18 148.2  * [new tag]               3.4.16               -> 3.4.16
#18 148.2  * [new tag]               3.4.17               -> 3.4.17
#18 148.2  * [new tag]               3.4.2                -> 3.4.2
#18 148.2  * [new tag]               3.4.2-openvino       -> 3.4.2-openvino
#18 148.2  * [new tag]               3.4.3                -> 3.4.3
#18 148.2  * [new tag]               3.4.3-openvino       -> 3.4.3-openvino
#18 148.2  * [new tag]               3.4.4                -> 3.4.4
#18 148.2  * [new tag]               3.4.5                -> 3.4.5
#18 148.2  * [new tag]               3.4.6                -> 3.4.6
#18 148.2  * [new tag]               3.4.7                -> 3.4.7
#18 148.2  * [new tag]               3.4.8                -> 3.4.8
#18 148.2  * [new tag]               3.4.9                -> 3.4.9
#18 148.2  * [new tag]               4.0.0                -> 4.0.0
#18 148.2  * [new tag]               4.0.0-alpha          -> 4.0.0-alpha
#18 148.2  * [new tag]               4.0.0-beta           -> 4.0.0-beta
#18 148.2  * [new tag]               4.0.0-openvino       -> 4.0.0-openvino
#18 148.2  * [new tag]               4.0.0-rc             -> 4.0.0-rc
#18 148.2  * [new tag]               4.0.1                -> 4.0.1
#18 148.2  * [new tag]               4.0.1-openvino       -> 4.0.1-openvino
#18 148.2  * [new tag]               4.1.0                -> 4.1.0
#18 148.2  * [new tag]               4.1.0-openvino       -> 4.1.0-openvino
#18 148.2  * [new tag]               4.1.1                -> 4.1.1
#18 148.2  * [new tag]               4.1.1-openvino       -> 4.1.1-openvino
#18 148.2  * [new tag]               4.1.2                -> 4.1.2
#18 148.2  * [new tag]               4.1.2-openvino       -> 4.1.2-openvino
#18 148.2  * [new tag]               4.2.0                -> 4.2.0
#18 148.2  * [new tag]               4.3.0                -> 4.3.0
#18 148.2  * [new tag]               4.4.0                -> 4.4.0
#18 148.2  * [new tag]               4.5.0                -> 4.5.0
#18 148.2  * [new tag]               4.5.1                -> 4.5.1
#18 148.2  * [new tag]               4.5.2                -> 4.5.2
#18 148.2  * [new tag]               4.5.3                -> 4.5.3
#18 148.2  * [new tag]               4.5.4                -> 4.5.4
#18 148.2  * [new tag]               4.5.5                -> 4.5.5
#18 148.3 error: pathspec '84faf557' did not match any file(s) known to git
#18 148.3 error: pathspec '84faf557' did not match any file(s) known to git
#18 148.3 error: pathspec '84faf557' did not match any file(s) known to git
#18 148.4 error: pathspec '84faf557' did not match any file(s) known to git
#18 148.5 error: pathspec '84faf557' did not match any file(s) known to git
#18 148.5 error: pathspec '84faf557' did not match any file(s) known to git
#18 148.6 error: pathspec '84faf557' did not match any file(s) known to git
#18 148.6 error: pathspec '84faf557' did not match any file(s) known to git
#18 148.7 error: pathspec '84faf557' did not match any file(s) known to git
#18 148.8 error: pathspec '84faf557' did not match any file(s) known to git
#18 148.8 error: pathspec '84faf557' did not match any file(s) known to git
#18 148.9 error: pathspec '84faf557' did not match any file(s) known to git
#18 149.0 error: pathspec '84faf557' did not match any file(s) known to git
#18 149.1 error: pathspec '84faf557' did not match any file(s) known to git
#18 149.1 error: pathspec '84faf557' did not match any file(s) known to git
#18 149.2 error: pathspec '84faf557' did not match any file(s) known to git
#18 149.2 error: pathspec '84faf557' did not match any file(s) known to git
#18 149.3 error: pathspec '84faf557' did not match any file(s) known to git
#18 149.3 error: pathspec '84faf557' did not match any file(s) known to git
#18 149.3 error: pathspec '84faf557' did not match any file(s) known to git
#18 149.4 error: pathspec '84faf557' did not match any file(s) known to git
#18 149.5 error: pathspec '84faf557' did not match any file(s) known to git
#18 149.8 Checkout unsuccessful.
#18 DONE 150.7s

#19 [stage-1 12/13] RUN echo "#!/bin/bash\nPYTHONPATH=/src python3 -u -c "from fuzzers import utils; utils.initialize_env(); from fuzzers.afl import fuzzer; fuzzer.build()"" > /usr/bin/fuzzer_build &&     chmod +x /usr/bin/fuzzer_build
#19 sha256:1c8a87d703a9d92b66ba632a77a29ac7aaf4d71883ab96090d8acff5208e927e
#19 DONE 1.4s

#20 [stage-1 13/13] RUN echo "Run fuzzer_build to build the target" && if [ -z "$debug_builder" ] ; then fuzzer_build; fi
#20 sha256:34029f6ef5983365e30a8a450ec96b5138bd598e771360da5d42d2816e3684d6
#20 1.397 Run fuzzer_build to build the target
#20 1.765 FUZZ_TARGET = imdecode_fuzzer
#20 1.765 CFLAGS = -DFUZZING_BUILD_MODE_UNSAFE_FOR_PRODUCTION -pthread -Wl,--no-as-needed -Wl,-ldl -Wl,-lm -Wno-unused-command-line-argument -O3
#20 1.765 CXXFLAGS = -DFUZZING_BUILD_MODE_UNSAFE_FOR_PRODUCTION -pthread -Wl,--no-as-needed -Wl,-ldl -Wl,-lm -Wno-unused-command-line-argument -stdlib=libc++ -O3
#20 1.780 Building benchmark opencv_imdecode_fuzzer with fuzzer afl
#20 1.785 + mkdir opencv/build
#20 1.788 mkdir: cannot create directory ‘opencv/build’: No such file or directory
#20 1.794 Traceback (most recent call last):
#20 1.794   File "<string>", line 1, in <module>
#20 1.794   File "/src/fuzzers/afl/fuzzer.py", line 40, in build
#20 1.796     utils.build_benchmark()
#20 1.796   File "/src/fuzzers/utils.py", line 82, in build_benchmark
#20 1.797     subprocess.check_call(['/bin/bash', '-ex', build_script], env=env)
#20 1.797   File "/usr/local/lib/python3.8/subprocess.py", line 364, in check_call
#20 1.799     raise CalledProcessError(retcode, cmd)
#20 1.799 subprocess.CalledProcessError: Command '['/bin/bash', '-ex', '/src/build.sh']' returned non-zero exit status 1.
#20 ERROR: executor failed running [/bin/sh -c echo "Run fuzzer_build to build the target" && if [ -z "$debug_builder" ] ; then fuzzer_build; fi]: exit code: 1
------
 > importing cache manifest from gcr.io/fuzzbench/builders/afl/opencv_imdecode_fuzzer:
------
------
 > [stage-1 13/13] RUN echo "Run fuzzer_build to build the target" && if [ -z "$debug_builder" ] ; then fuzzer_build; fi:
------
executor failed running [/bin/sh -c echo "Run fuzzer_build to build the target" && if [ -z "$debug_builder" ] ; then fuzzer_build; fi]: exit code: 1
make: *** [docker/generated.mk:2854336: .afl-opencv_imdecode_fuzzer-builder] Error 1
