WARNING:root:gcloud not found in PATH.
INFO:root:Successfully integrated benchmark: xz_xz.
INFO:root:Please run "make test-run-afl-xz_xz" to test integration.
#1 [internal] load build definition from Dockerfile
#1 sha256:90391c100912d9f2384729b423ad9c53eae67f3fb4f3440457aef761ba4480e2
#1 transferring dockerfile:
#1 transferring dockerfile: 919B done
#1 DONE 0.1s

#2 [internal] load .dockerignore
#2 sha256:81742f6ffe929270cf14a2df49d97d87271d75b3bf2384375fb0778116985a67
#2 transferring context: 2B done
#2 DONE 0.1s

#3 [internal] load metadata for gcr.io/oss-fuzz-base/base-builder:latest
#3 sha256:f10dc39cc9d418a5bc416dead31a1902b6821fdae909cd3b08f7a3fd1faba7b5
#3 DONE 0.4s

#8 [internal] load build context
#8 sha256:55271f57cb7735ddf3dca0754b9f8b00f7c2b0eb3132080bc976f8a40424ac54
#8 DONE 0.0s

#5 [1/5] FROM gcr.io/oss-fuzz-base/base-builder@sha256:112044a9815d235113677d459cf2ece740a51f2b85081c8f66943dcdc72ddf7f
#5 sha256:4aee4bf9f7280ac8b7f02b8d29e6e084dd034d2c294b4e3e05d8ce7048a1450f
#5 DONE 0.0s

#4 importing cache manifest from gcr.io/fuzzbench/builders/benchmark/xz_xz
#4 sha256:d607cf31f359b7880e8f101bf0f951b3f1f89110c9302a607cbfcfb9c7d71ae8
#4 ERROR: gcr.io/fuzzbench/builders/benchmark/xz_xz:latest: not found

#5 [1/5] FROM gcr.io/oss-fuzz-base/base-builder@sha256:112044a9815d235113677d459cf2ece740a51f2b85081c8f66943dcdc72ddf7f
#5 sha256:4aee4bf9f7280ac8b7f02b8d29e6e084dd034d2c294b4e3e05d8ce7048a1450f
#5 CACHED

#8 [internal] load build context
#8 sha256:55271f57cb7735ddf3dca0754b9f8b00f7c2b0eb3132080bc976f8a40424ac54
#8 transferring context: 1.16kB done
#8 DONE 0.0s

#6 [2/5] RUN apt-get update && apt-get install -y make autoconf autopoint libtool zip
#6 sha256:134f50c12e3a9d56ab4677ea99fbb0de2b121f948c29e3f2d6b61b953ec9292b
#6 0.599 Hit:1 http://archive.ubuntu.com/ubuntu focal InRelease
#6 0.599 Hit:2 http://ppa.launchpad.net/git-core/ppa/ubuntu focal InRelease
#6 0.604 Get:3 http://security.ubuntu.com/ubuntu focal-security InRelease [114 kB]
#6 0.606 Get:4 http://archive.ubuntu.com/ubuntu focal-updates InRelease [114 kB]
#6 0.705 Get:5 http://archive.ubuntu.com/ubuntu focal-backports InRelease [108 kB]
#6 1.119 Get:6 http://archive.ubuntu.com/ubuntu focal-updates/universe amd64 Packages [1134 kB]
#6 1.263 Get:7 http://archive.ubuntu.com/ubuntu focal-updates/universe i386 Packages [827 kB]
#6 1.325 Get:8 http://archive.ubuntu.com/ubuntu focal-updates/main i386 Packages [755 kB]
#6 1.381 Get:9 http://archive.ubuntu.com/ubuntu focal-updates/main amd64 Packages [1984 kB]
#6 1.722 Fetched 5036 kB in 1s (4215 kB/s)
#6 1.722 Reading package lists...
#6 3.219 Reading package lists...
#6 4.627 Building dependency tree...
#6 4.842 Reading state information...
#6 5.051 make is already the newest version (4.2.1-1.2).
#6 5.051 make set to manually installed.
#6 5.051 zip is already the newest version (3.0-11build1).
#6 5.051 The following additional packages will be installed:
#6 5.053   automake autotools-dev libltdl-dev libltdl7 libsigsegv2 m4
#6 5.055 Suggested packages:
#6 5.055   autoconf-archive gnu-standards autoconf-doc gettext libtool-doc gfortran
#6 5.055   | fortran95-compiler gcj-jdk m4-doc
#6 5.100 The following NEW packages will be installed:
#6 5.101   autoconf automake autopoint autotools-dev libltdl-dev libltdl7 libsigsegv2
#6 5.102   libtool m4
#6 5.176 0 upgraded, 9 newly installed, 0 to remove and 1 not upgraded.
#6 5.176 Need to get 1869 kB of archives.
#6 5.176 After this operation, 7109 kB of additional disk space will be used.
#6 5.176 Get:1 http://archive.ubuntu.com/ubuntu focal/main amd64 libsigsegv2 amd64 2.12-2 [13.9 kB]
#6 5.202 Get:2 http://archive.ubuntu.com/ubuntu focal/main amd64 m4 amd64 1.4.18-4 [199 kB]
#6 5.276 Get:3 http://archive.ubuntu.com/ubuntu focal/main amd64 autoconf all 2.69-11.1 [321 kB]
#6 5.315 Get:4 http://archive.ubuntu.com/ubuntu focal/main amd64 autotools-dev all 20180224.1 [39.6 kB]
#6 5.317 Get:5 http://archive.ubuntu.com/ubuntu focal/main amd64 automake all 1:1.16.1-4ubuntu6 [522 kB]
#6 5.356 Get:6 http://archive.ubuntu.com/ubuntu focal/main amd64 autopoint all 0.19.8.1-10build1 [412 kB]
#6 5.393 Get:7 http://archive.ubuntu.com/ubuntu focal/main amd64 libltdl7 amd64 2.4.6-14 [38.5 kB]
#6 5.396 Get:8 http://archive.ubuntu.com/ubuntu focal/main amd64 libltdl-dev amd64 2.4.6-14 [162 kB]
#6 5.411 Get:9 http://archive.ubuntu.com/ubuntu focal/main amd64 libtool all 2.4.6-14 [161 kB]
#6 5.724 debconf: delaying package configuration, since apt-utils is not installed
#6 5.781 Fetched 1869 kB in 0s (5990 kB/s)
#6 5.834 Selecting previously unselected package libsigsegv2:amd64.
#6 5.834 (Reading database ... (Reading database ... 5%(Reading database ... 10%(Reading database ... 15%(Reading database ... 20%(Reading database ... 25%(Reading database ... 30%(Reading database ... 35%(Reading database ... 40%(Reading database ... 45%(Reading database ... 50%(Reading database ... 55%(Reading database ... 60%(Reading database ... 65%(Reading database ... 70%(Reading database ... 75%(Reading database ... 80%(Reading database ... 85%(Reading database ... 90%(Reading database ... 95%(Reading database ... 100%(Reading database ... 21291 files and directories currently installed.)
#6 5.988 Preparing to unpack .../0-libsigsegv2_2.12-2_amd64.deb ...
#6 5.997 Unpacking libsigsegv2:amd64 (2.12-2) ...
#6 6.041 Selecting previously unselected package m4.
#6 6.044 Preparing to unpack .../1-m4_1.4.18-4_amd64.deb ...
#6 6.050 Unpacking m4 (1.4.18-4) ...
#6 6.110 Selecting previously unselected package autoconf.
#6 6.113 Preparing to unpack .../2-autoconf_2.69-11.1_all.deb ...
#6 6.117 Unpacking autoconf (2.69-11.1) ...
#6 6.196 Selecting previously unselected package autotools-dev.
#6 6.199 Preparing to unpack .../3-autotools-dev_20180224.1_all.deb ...
#6 6.204 Unpacking autotools-dev (20180224.1) ...
#6 6.259 Selecting previously unselected package automake.
#6 6.262 Preparing to unpack .../4-automake_1%3a1.16.1-4ubuntu6_all.deb ...
#6 6.268 Unpacking automake (1:1.16.1-4ubuntu6) ...
#6 6.368 Selecting previously unselected package autopoint.
#6 6.371 Preparing to unpack .../5-autopoint_0.19.8.1-10build1_all.deb ...
#6 6.377 Unpacking autopoint (0.19.8.1-10build1) ...
#6 6.441 Selecting previously unselected package libltdl7:amd64.
#6 6.444 Preparing to unpack .../6-libltdl7_2.4.6-14_amd64.deb ...
#6 6.451 Unpacking libltdl7:amd64 (2.4.6-14) ...
#6 6.498 Selecting previously unselected package libltdl-dev:amd64.
#6 6.501 Preparing to unpack .../7-libltdl-dev_2.4.6-14_amd64.deb ...
#6 6.507 Unpacking libltdl-dev:amd64 (2.4.6-14) ...
#6 6.574 Selecting previously unselected package libtool.
#6 6.577 Preparing to unpack .../8-libtool_2.4.6-14_all.deb ...
#6 6.582 Unpacking libtool (2.4.6-14) ...
#6 6.662 Setting up autotools-dev (20180224.1) ...
#6 6.678 Setting up libsigsegv2:amd64 (2.12-2) ...
#6 6.694 Setting up autopoint (0.19.8.1-10build1) ...
#6 6.710 Setting up libltdl7:amd64 (2.4.6-14) ...
#6 6.725 Setting up libtool (2.4.6-14) ...
#6 6.742 Setting up m4 (1.4.18-4) ...
#6 6.760 Setting up autoconf (2.69-11.1) ...
#6 6.787 Setting up automake (1:1.16.1-4ubuntu6) ...
#6 6.806 update-alternatives: using /usr/bin/automake-1.16 to provide /usr/bin/automake (automake) in auto mode
#6 6.806 update-alternatives: warning: skip creation of /usr/share/man/man1/automake.1.gz because associated file /usr/share/man/man1/automake-1.16.1.gz (of link group automake) doesn't exist
#6 6.806 update-alternatives: warning: skip creation of /usr/share/man/man1/aclocal.1.gz because associated file /usr/share/man/man1/aclocal-1.16.1.gz (of link group automake) doesn't exist
#6 6.813 Setting up libltdl-dev:amd64 (2.4.6-14) ...
#6 6.825 Processing triggers for libc-bin (2.31-0ubuntu9.2) ...
#6 DONE 7.3s

#7 [3/5] RUN git clone https://git.tukaani.org/xz.git
#7 sha256:b1943680d1be1fdb6341a1fd0b058e4a6dfded55ae966224f6db479cd69b47fa
#7 0.454 Cloning into 'xz'...
#7 DONE 2.9s

#9 [4/5] COPY build.sh /src/
#9 sha256:e52ceca87e713df7161924fa3661d3e36e363074c389a15e9c5512dd584a3845
#9 DONE 0.1s

#10 [5/5] WORKDIR xz
#10 sha256:a6baca338f024d7bba101df2a61189b980361f902704b37f2f00842e884293e7
#10 DONE 0.1s

#11 exporting to image
#11 sha256:e8c613e07b0b7ff33893b694f7759a10d42e180f2b4dc349fb57dc6b71dcab00
#11 exporting layers done
#11 writing image sha256:48cf691a7d671a8fd1b86138537d7411b2aaff87189ec307ad520b6516f9fd9f done
#11 naming to gcr.io/fuzzbench/builders/benchmark/xz_xz done
#11 DONE 0.1s

#12 exporting cache
#12 sha256:2700d4ef94dee473593c5c614b55b2dedcca7893909811a8f2b48291a1f581e4
#12 preparing build cache for export done
#12 DONE 0.0s
------
 > importing cache manifest from gcr.io/fuzzbench/builders/benchmark/xz_xz:
------
#1 [internal] load build definition from builder.Dockerfile
#1 sha256:24bc8aab3e8392a8efa5249281eed7f8d4088d3c6443f16a26ca0492da38adc3
#1 transferring dockerfile: 46B done
#1 DONE 0.0s

#2 [internal] load .dockerignore
#2 sha256:77672ae3b74b5ca54989736928363aee734a59ad927f092f3a1d8a8ae8b02481
#2 transferring context: 2B done
#2 DONE 0.0s

#3 [internal] load metadata for gcr.io/fuzzbench/builders/benchmark/xz_xz:latest
#3 sha256:ee938abd8b2fdf7e5b3c5e03a78960b81b6558983ed47dfc2770f7367e538056
#3 DONE 0.0s

#5 [1/3] FROM gcr.io/fuzzbench/builders/benchmark/xz_xz
#5 sha256:ea89bbe5a9057985afe61a4025a5b7058c238816f6418a67661083111a4e0d49
#5 DONE 0.0s

#4 importing cache manifest from gcr.io/fuzzbench/builders/afl/xz_xz-intermediate
#4 sha256:22913df70dc0d3dd586a43ffa9020954e7ac63bd5519b0a70c737fbccc54c792
#4 ERROR: gcr.io/fuzzbench/builders/afl/xz_xz-intermediate:latest: not found

#5 [1/3] FROM gcr.io/fuzzbench/builders/benchmark/xz_xz
#5 sha256:ea89bbe5a9057985afe61a4025a5b7058c238816f6418a67661083111a4e0d49
#5 DONE 0.2s

#6 [2/3] RUN git clone https://github.com/google/AFL.git /afl &&     cd /afl &&     git checkout 61037103ae3722c8060ff7082994836a794f978e &&     AFL_NO_X86=1 make
#6 sha256:fee8615d4d0fecd304c743fe0fdf32e17f74fe56351fbd5405d556bc7edfca85
#6 0.334 Cloning into '/afl'...
#6 1.113 Note: switching to '61037103ae3722c8060ff7082994836a794f978e'.
#6 1.113 
#6 1.113 You are in 'detached HEAD' state. You can look around, make experimental
#6 1.113 changes and commit them, and you can discard any commits you make in this
#6 1.113 state without impacting any branches by switching back to a branch.
#6 1.113 
#6 1.113 If you want to create a new branch to retain commits you create, you may
#6 1.113 do so (now or later) by using -c with the switch command. Example:
#6 1.113 
#6 1.113   git switch -c <new-branch-name>
#6 1.113 
#6 1.113 Or undo this operation with:
#6 1.113 
#6 1.113   git switch -
#6 1.113 
#6 1.113 Turn off this advice by setting config variable advice.detachedHead to false
#6 1.113 
#6 1.113 HEAD is now at 6103710 Fix a typo filename comparison in the fuzzer (#139)
#6 1.129 [!] Note: skipping x86 compilation checks (AFL_NO_X86 set).
#6 1.130 clang -O1 -fno-omit-frame-pointer -gline-tables-only -DFUZZING_BUILD_MODE_UNSAFE_FOR_PRODUCTION -Wall -D_FORTIFY_SOURCE=2 -g -Wno-pointer-sign -DAFL_PATH=\"/usr/local/lib/afl\" -DDOC_PATH=\"/usr/local/share/doc/afl\" -DBIN_PATH=\"/usr/local/bin\" afl-gcc.c -o afl-gcc -ldl
#6 1.310 set -e; for i in afl-g++ afl-clang afl-clang++; do ln -sf afl-gcc $i; done
#6 1.315 clang -O1 -fno-omit-frame-pointer -gline-tables-only -DFUZZING_BUILD_MODE_UNSAFE_FOR_PRODUCTION -Wall -D_FORTIFY_SOURCE=2 -g -Wno-pointer-sign -DAFL_PATH=\"/usr/local/lib/afl\" -DDOC_PATH=\"/usr/local/share/doc/afl\" -DBIN_PATH=\"/usr/local/bin\" afl-fuzz.c -o afl-fuzz -ldl
#6 3.682 clang -O1 -fno-omit-frame-pointer -gline-tables-only -DFUZZING_BUILD_MODE_UNSAFE_FOR_PRODUCTION -Wall -D_FORTIFY_SOURCE=2 -g -Wno-pointer-sign -DAFL_PATH=\"/usr/local/lib/afl\" -DDOC_PATH=\"/usr/local/share/doc/afl\" -DBIN_PATH=\"/usr/local/bin\" afl-showmap.c -o afl-showmap -ldl
#6 3.994 clang -O1 -fno-omit-frame-pointer -gline-tables-only -DFUZZING_BUILD_MODE_UNSAFE_FOR_PRODUCTION -Wall -D_FORTIFY_SOURCE=2 -g -Wno-pointer-sign -DAFL_PATH=\"/usr/local/lib/afl\" -DDOC_PATH=\"/usr/local/share/doc/afl\" -DBIN_PATH=\"/usr/local/bin\" afl-tmin.c -o afl-tmin -ldl
#6 4.418 clang -O1 -fno-omit-frame-pointer -gline-tables-only -DFUZZING_BUILD_MODE_UNSAFE_FOR_PRODUCTION -Wall -D_FORTIFY_SOURCE=2 -g -Wno-pointer-sign -DAFL_PATH=\"/usr/local/lib/afl\" -DDOC_PATH=\"/usr/local/share/doc/afl\" -DBIN_PATH=\"/usr/local/bin\" afl-gotcpu.c -o afl-gotcpu -ldl
#6 4.558 clang -O1 -fno-omit-frame-pointer -gline-tables-only -DFUZZING_BUILD_MODE_UNSAFE_FOR_PRODUCTION -Wall -D_FORTIFY_SOURCE=2 -g -Wno-pointer-sign -DAFL_PATH=\"/usr/local/lib/afl\" -DDOC_PATH=\"/usr/local/share/doc/afl\" -DBIN_PATH=\"/usr/local/bin\" afl-analyze.c -o afl-analyze -ldl
#6 4.951 clang -O1 -fno-omit-frame-pointer -gline-tables-only -DFUZZING_BUILD_MODE_UNSAFE_FOR_PRODUCTION -Wall -D_FORTIFY_SOURCE=2 -g -Wno-pointer-sign -DAFL_PATH=\"/usr/local/lib/afl\" -DDOC_PATH=\"/usr/local/share/doc/afl\" -DBIN_PATH=\"/usr/local/bin\" afl-as.c -o afl-as -ldl
#6 5.194 ln -sf afl-as as
#6 5.196 [!] Note: skipping build tests (you may need to use LLVM or QEMU mode).
#6 5.198 [+] LLVM users: see llvm_mode/README.llvm for a faster alternative to afl-gcc.
#6 5.199 [+] All done! Be sure to review README - it's pretty short and useful.
#6 DONE 5.3s

#7 [3/3] RUN apt-get update &&     apt-get install wget -y &&     wget https://raw.githubusercontent.com/llvm/llvm-project/5feb80e748924606531ba28c97fe65145c65372e/compiler-rt/lib/fuzzer/afl/afl_driver.cpp -O /afl/afl_driver.cpp &&     clang -Wno-pointer-sign -c /afl/llvm_mode/afl-llvm-rt.o.c -I/afl &&     clang++ -stdlib=libc++ -std=c++11 -O2 -c /afl/afl_driver.cpp &&     ar r /libAFL.a *.o
#7 sha256:bab98af527aa1a01a662ba890e065f21ac20ab16aa2a6e71799cc5b4a774f1e8
#7 0.674 Hit:1 http://security.ubuntu.com/ubuntu focal-security InRelease
#7 0.674 Hit:2 http://archive.ubuntu.com/ubuntu focal InRelease
#7 0.674 Hit:3 http://ppa.launchpad.net/git-core/ppa/ubuntu focal InRelease
#7 0.697 Hit:4 http://archive.ubuntu.com/ubuntu focal-updates InRelease
#7 0.722 Hit:5 http://archive.ubuntu.com/ubuntu focal-backports InRelease
#7 1.511 Reading package lists...
#7 3.010 Reading package lists...
#7 4.417 Building dependency tree...
#7 4.628 Reading state information...
#7 4.873 wget is already the newest version (1.20.3-1ubuntu2).
#7 4.873 0 upgraded, 0 newly installed, 0 to remove and 1 not upgraded.
#7 4.878 --2022-02-18 19:30:36--  https://raw.githubusercontent.com/llvm/llvm-project/5feb80e748924606531ba28c97fe65145c65372e/compiler-rt/lib/fuzzer/afl/afl_driver.cpp
#7 4.881 Resolving raw.githubusercontent.com (raw.githubusercontent.com)... 185.199.108.133, 185.199.109.133, 185.199.110.133, ...
#7 4.882 Connecting to raw.githubusercontent.com (raw.githubusercontent.com)|185.199.108.133|:443... connected.
#7 4.907 HTTP request sent, awaiting response... 200 OK
#7 5.088 Length: 9177 (9.0K) [text/plain]
#7 5.088 Saving to: '/afl/afl_driver.cpp'
#7 5.088 
#7 5.088      0K ........                                              100% 7.19M=0.001s
#7 5.089 
#7 5.089 2022-02-18 19:30:37 (7.19 MB/s) - '/afl/afl_driver.cpp' saved [9177/9177]
#7 5.089 
#7 6.798 ar: creating /libAFL.a
#7 DONE 6.9s

#8 exporting to image
#8 sha256:e8c613e07b0b7ff33893b694f7759a10d42e180f2b4dc349fb57dc6b71dcab00
#8 exporting layers done
#8 writing image sha256:bc21d46923fb806f3c01e9e4987a40490e09f6b8b839dcfa501414a1e227099a
#8 writing image sha256:bc21d46923fb806f3c01e9e4987a40490e09f6b8b839dcfa501414a1e227099a done
#8 naming to gcr.io/fuzzbench/builders/afl/xz_xz-intermediate done
#8 DONE 0.1s

#9 exporting cache
#9 sha256:2700d4ef94dee473593c5c614b55b2dedcca7893909811a8f2b48291a1f581e4
#9 preparing build cache for export done
#9 DONE 0.0s
------
 > importing cache manifest from gcr.io/fuzzbench/builders/afl/xz_xz-intermediate:
------
#1 [internal] load build definition from Dockerfile
#1 sha256:046ec0781768011db022f61ae94a89792a3a02737625d4dd05a2929f1bf37876
#1 transferring dockerfile: 2.00kB done
#1 DONE 0.0s

#2 [internal] load .dockerignore
#2 sha256:166995afa5c0b822a4bb26cf42366020a4da4880932b6f72d0588b0feb861807
#2 transferring context: 34B done
#2 DONE 0.0s

#3 [internal] load metadata for docker.io/library/ubuntu:xenial
#3 sha256:f62bae18ed588840f045c881b2502661f2a89578a2f8f99b83f5200ee83dd25b
#3 DONE 0.0s

#4 importing cache manifest from gcr.io/fuzzbench/base-image
#4 sha256:9b220ebb4d4daceed1b96df9b6dca076e762f1cd612574f010b82d5b9e5ad896
#4 DONE 0.0s

#5 [1/7] FROM docker.io/library/ubuntu:xenial
#5 sha256:14dd403f25ae9e519bd44f27dc17af7ce80f5a4f9f48ca88108364e67ec5d360
#5 DONE 0.0s

#8 [internal] load build context
#8 sha256:811427d3d45cca073381adce99fdc260f6152c770f2379ee84c9578b6470e810
#8 transferring context: 559B 0.0s done
#8 DONE 0.0s

#10 [5/7] RUN pip3 install -r /requirements.txt
#10 sha256:8e4ae21854c8bec6cf9a3010d76dcd69b6be55f4217b4c6a6a577a54ea7164b1
#10 CACHED

#11 [6/7] RUN apt-get update -y && apt-get install -y     apt-transport-https     lsb-release
#11 sha256:823c4e2b7db031d60da5e3eb3cd8b0c4ea5438ccf6fe6bea77460057ee55b145
#11 CACHED

#7 [3/7] RUN cd /tmp/ &&     curl -O https://www.python.org/ftp/python/3.8.6/Python-3.8.6.tar.xz &&     tar -xvf Python-3.8.6.tar.xz &&     cd Python-3.8.6 &&     ./configure --enable-loadable-sqlite-extensions --enable-optimizations &&     make -j install &&     rm -r /tmp/Python-3.8.6.tar.xz /tmp/Python-3.8.6
#7 sha256:c5b9d1fb3371e84dbc60b76e7b2f8d5913bc93bcd4910ab65daa03e7b2ec4bb0
#7 CACHED

#9 [4/7] COPY ./requirements.txt /
#9 sha256:fd411093cae6de9de50508a169ed16b8ca9b155f5628dc4ddc3a779b43e06090
#9 CACHED

#6 [2/7] RUN apt-get update -y && apt-get install -y     build-essential     rsync     curl     zlib1g-dev     libncurses5-dev     libgdbm-dev     libnss3-dev     libssl-dev     libreadline-dev     libffi-dev     virtualenv     libbz2-dev     liblzma-dev     libsqlite3-dev
#6 sha256:3a1b0960f17eed529eaae93dc8fd3554f2743dd584d8fa569cdbe6bc734371ac
#6 CACHED

#12 [7/7] RUN CLOUD_SDK_REPO="cloud-sdk-$(lsb_release -c -s)" &&     echo "deb https://packages.cloud.google.com/apt $CLOUD_SDK_REPO main"     | tee -a /etc/apt/sources.list.d/google-cloud-sdk.list &&     curl https://packages.cloud.google.com/apt/doc/apt-key.gpg     | apt-key add - &&     apt-get update -y &&     apt-get install -y google-cloud-sdk
#12 sha256:7c36f4cd28dd3316627315927e8d7fe738d0920d8618ae99568f4eab497bf6cb
#12 CACHED

#13 exporting to image
#13 sha256:e8c613e07b0b7ff33893b694f7759a10d42e180f2b4dc349fb57dc6b71dcab00
#13 exporting layers done
#13 writing image sha256:5dc85c66b74f60d1770fb4d8a2f0cf89b872162f5c4ad8fde1e9774f9306976f done
#13 naming to gcr.io/fuzzbench/base-image done
#13 DONE 0.0s

#14 exporting cache
#14 sha256:2700d4ef94dee473593c5c614b55b2dedcca7893909811a8f2b48291a1f581e4
#14 preparing build cache for export done
#14 DONE 0.0s
#1 [internal] load build definition from Dockerfile
#1 sha256:6207f90fbadae603f5fbf6f448c8e5218b5a9fb1ab410621c587ff5e1d3610ae
#1 transferring dockerfile: 2.22kB done
#1 DONE 0.0s

#2 [internal] load .dockerignore
#2 sha256:be4f0858167926812fde12f0b7ed415dd34d716a1426241d9b71037f6ef7e1bc
#2 transferring context: 34B done
#2 DONE 0.0s

#3 [internal] load metadata for gcr.io/fuzzbench/base-image:latest
#3 sha256:932022888f650cc455b10eb5123bb08c0cccacac29a693e69314abbfd28a72c3
#3 DONE 0.0s

#4 [internal] load metadata for gcr.io/fuzzbench/builders/afl/xz_xz-intermediate:latest
#4 sha256:acd79111e1b1c9adf8edbb113b6c56699dc403ca7abd97858d14e52d095fc7d8
#4 DONE 0.0s

#12 [internal] load build context
#12 sha256:28d0d187c1fe1f1b3c77d9166d5e4d02995c1124035c5c258894c105cf5668ae
#12 DONE 0.0s

#7 [base-image 1/1] FROM gcr.io/fuzzbench/base-image
#7 sha256:4d07825694520f8b6f6a0d8592dbd345433361ae044cb7f06706c5a95e3daaad
#7 DONE 0.0s

#6 [stage-1  1/13] FROM gcr.io/fuzzbench/builders/afl/xz_xz-intermediate
#6 sha256:a63d25053e255e4ff992fbef7d14d939e5834ed806158cc8c8c200fdd51af877
#6 DONE 0.0s

#5 importing cache manifest from gcr.io/fuzzbench/builders/afl/xz_xz
#5 sha256:982f3811e280070b6ed05e0dee68fae80bf7dc0df2421bb2836a57192c4fd4ad
#5 ERROR: gcr.io/fuzzbench/builders/afl/xz_xz:latest: not found

#7 [base-image 1/1] FROM gcr.io/fuzzbench/base-image
#7 sha256:4d07825694520f8b6f6a0d8592dbd345433361ae044cb7f06706c5a95e3daaad
#7 CACHED

#12 [internal] load build context
#12 sha256:28d0d187c1fe1f1b3c77d9166d5e4d02995c1124035c5c258894c105cf5668ae
#12 transferring context: 669.84kB 0.1s done
#12 DONE 0.1s

#6 [stage-1  1/13] FROM gcr.io/fuzzbench/builders/afl/xz_xz-intermediate
#6 sha256:a63d25053e255e4ff992fbef7d14d939e5834ed806158cc8c8c200fdd51af877
#6 DONE 0.2s

#8 [stage-1  2/13] COPY --from=base-image /usr/local/bin/python3* /usr/local/bin/
#8 sha256:297ae4fbf865a54a742532d431d4d21f465444b8f399fffcf96ad33eb774df43
#8 DONE 0.5s

#9 [stage-1  3/13] COPY --from=base-image /usr/local/lib/python3.8 /usr/local/lib/python3.8
#9 sha256:647deb38da842d5445dbaac1e4fe6c31bc61d5eee9abb5fed6607687f78b0a33
#9 DONE 15.3s

#10 [stage-1  4/13] COPY --from=base-image /usr/local/include/python3.8 /usr/local/include/python3.8
#10 sha256:ba5cb50346747aeeb33e67d113e6913e9539263b515d215a457710c95579838e
#10 DONE 0.3s

#11 [stage-1  5/13] COPY --from=base-image /usr/local/lib/python3.8/site-packages /usr/local/lib/python3.8/site-packages
#11 sha256:3e064c88f789dd2a84389ae1bb75ef61b3336338d30c14ad7f14d675a9d94e16
#11 DONE 23.8s

#13 [stage-1  6/13] COPY fuzzers /src/fuzzers
#13 sha256:d7ea601a19e33a0a54ccb1e8a4057e4a4b0169314d4841f3f12838740dc01ef6
#13 DONE 0.3s

#14 [stage-1  7/13] RUN touch /src/__init__.py
#14 sha256:e67950ac48e9cf153ef817241ca085a4dc8442c82d007dd82e1179655f47cd50
#14 DONE 0.5s

#15 [stage-1  8/13] COPY benchmarks/xz_xz/benchmark.yaml /
#15 sha256:0055bd3e630a742b33e01040aeca2b775c9ef3066e25f8e3770aa5281552cf1e
#15 DONE 0.2s

#16 [stage-1  9/13] RUN mkdir /opt/fuzzbench/
#16 sha256:e6afeba5775916737dd85b76ddc21e2005429eddd88a077444843de639c12130
#16 DONE 0.6s

#17 [stage-1 10/13] COPY docker/benchmark-builder/checkout_commit.py /opt/fuzzbench/
#17 sha256:81a8af39925097573654485c8cec7721cd5a83af303d5cd85961ad3370d89360
#17 DONE 0.2s

#18 [stage-1 11/13] RUN export CHECKOUT_COMMIT=$(cat /benchmark.yaml | tr -d ' ' | grep 'commit:' | cut -d ':' -f2) &&     python3 -u /opt/fuzzbench/checkout_commit.py $CHECKOUT_COMMIT /src
#18 sha256:f1b9e759cbd87ac8d75eb91a362c6bba8323d58968eab0965c829607e3890788
#18 0.514 Checking out commit eb525300
#18 0.518 error: pathspec 'eb525300' did not match any file(s) known to git
#18 0.523 error: pathspec 'eb525300' did not match any file(s) known to git
#18 0.530 error: pathspec 'eb525300' did not match any file(s) known to git
#18 0.548 error: pathspec 'eb525300' did not match any file(s) known to git
#18 0.588 error: pathspec 'eb525300' did not match any file(s) known to git
#18 0.596 Checkout unsuccessful.
#18 DONE 0.7s

#19 [stage-1 12/13] RUN echo "#!/bin/bash\nPYTHONPATH=/src python3 -u -c "from fuzzers import utils; utils.initialize_env(); from fuzzers.afl import fuzzer; fuzzer.build()"" > /usr/bin/fuzzer_build &&     chmod +x /usr/bin/fuzzer_build
#19 sha256:501a3357ef796cb31015421411cd107f1f24f88559b7be36e68f176f3ee4eaed
#19 DONE 0.7s

#20 [stage-1 13/13] RUN echo "Run fuzzer_build to build the target" && if [ -z "$debug_builder" ] ; then fuzzer_build; fi
#20 sha256:909139ca88076c0c93367056be9706e166d1ac73e55b36cc451f9935953207a3
#20 0.831 Run fuzzer_build to build the target
#20 0.942 FUZZ_TARGET = xz
#20 0.942 CFLAGS = -DFUZZING_BUILD_MODE_UNSAFE_FOR_PRODUCTION -pthread -Wl,--no-as-needed -Wl,-ldl -Wl,-lm -Wno-unused-command-line-argument -O3
#20 0.942 CXXFLAGS = -DFUZZING_BUILD_MODE_UNSAFE_FOR_PRODUCTION -pthread -Wl,--no-as-needed -Wl,-ldl -Wl,-lm -Wno-unused-command-line-argument -stdlib=libc++ -O3
#20 0.947 Building benchmark xz_xz with fuzzer afl
#20 0.950 + ./autogen.sh
#20 0.951 + autopoint -f
#20 1.121 autopoint: using AM_GNU_GETTEXT_REQUIRE_VERSION instead of AM_GNU_GETTEXT_VERSION
#20 2.876 Copying file ABOUT-NLS
#20 2.888 Copying file build-aux/config.rpath
#20 3.072 Copying file m4/codeset.m4
#20 3.088 Copying file m4/extern-inline.m4
#20 3.105 Copying file m4/fcntl-o.m4
#20 3.121 Copying file m4/gettext.m4
#20 3.137 Copying file m4/glibc2.m4
#20 3.153 Copying file m4/glibc21.m4
#20 3.169 Copying file m4/iconv.m4
#20 3.186 Copying file m4/intdiv0.m4
#20 3.202 Copying file m4/intl.m4
#20 3.218 Copying file m4/intldir.m4
#20 3.234 Copying file m4/intlmacosx.m4
#20 3.250 Copying file m4/intmax.m4
#20 3.266 Copying file m4/inttypes-pri.m4
#20 3.282 Copying file m4/inttypes_h.m4
#20 3.298 Copying file m4/lcmessage.m4
#20 3.314 Copying file m4/lib-ld.m4
#20 3.330 Copying file m4/lib-link.m4
#20 3.346 Copying file m4/lib-prefix.m4
#20 3.362 Copying file m4/lock.m4
#20 3.379 Copying file m4/longlong.m4
#20 3.394 Copying file m4/nls.m4
#20 3.410 Copying file m4/po.m4
#20 3.427 Copying file m4/printf-posix.m4
#20 3.442 Copying file m4/progtest.m4
#20 3.458 Copying file m4/size_max.m4
#20 3.474 Copying file m4/stdint_h.m4
#20 3.490 Copying file m4/threadlib.m4
#20 3.505 Copying file m4/uintmax_t.m4
#20 3.532 Copying file m4/wchar_t.m4
#20 3.549 Copying file m4/wint_t.m4
#20 3.565 Copying file m4/xsize.m4
#20 3.580 Copying file po/Makefile.in.in
#20 3.596 Copying file po/Makevars.template
#20 3.613 Copying file po/Rules-quot
#20 3.629 Copying file po/boldquot.sed
#20 3.645 Copying file po/en@boldquot.header
#20 3.659 Copying file po/en@quot.header
#20 3.674 Copying file po/insert-header.sin
#20 3.690 Copying file po/quot.sed
#20 3.706 Copying file po/remove-potcdate.sin
#20 3.713 + libtoolize -c -f
#20 4.513 libtoolize: putting auxiliary files in AC_CONFIG_AUX_DIR, 'build-aux'.
#20 4.513 libtoolize: copying file 'build-aux/ltmain.sh'
#20 4.568 libtoolize: putting macros in AC_CONFIG_MACRO_DIRS, 'm4'.
#20 4.568 libtoolize: copying file 'm4/libtool.m4'
#20 4.577 libtoolize: copying file 'm4/ltoptions.m4'
#20 4.588 libtoolize: copying file 'm4/ltsugar.m4'
#20 4.598 libtoolize: copying file 'm4/ltversion.m4'
#20 4.609 libtoolize: copying file 'm4/lt~obsolete.m4'
#20 4.626 + aclocal -I m4
#20 7.842 + autoconf
#20 8.919 + autoheader
#20 9.334 + automake -acf --foreign
#20 10.75 configure.ac:576: installing 'build-aux/compile'
#20 10.76 configure.ac:33: installing 'build-aux/config.guess'
#20 10.76 configure.ac:33: installing 'build-aux/config.sub'
#20 10.76 configure.ac:573: installing 'build-aux/install-sh'
#20 10.77 configure.ac:573: installing 'build-aux/missing'
#20 10.87 debug/Makefile.am: installing 'build-aux/depcomp'
#20 11.71 + test x != x--no-po4a
#20 11.71 + cd po4a
#20 11.71 + sh update-po
#20 11.72 po4a/update-po: The program 'po4a' was not found.
#20 11.72 po4a/update-po: Translated man pages were not generated.
#20 11.72 Traceback (most recent call last):
#20 11.72   File "<string>", line 1, in <module>
#20 11.72   File "/src/fuzzers/afl/fuzzer.py", line 40, in build
#20 11.72     utils.build_benchmark()
#20 11.72   File "/src/fuzzers/utils.py", line 82, in build_benchmark
#20 11.72     subprocess.check_call(['/bin/bash', '-ex', build_script], env=env)
#20 11.72   File "/usr/local/lib/python3.8/subprocess.py", line 364, in check_call
#20 11.72     raise CalledProcessError(retcode, cmd)
#20 11.72 subprocess.CalledProcessError: Command '['/bin/bash', '-ex', '/src/build.sh']' returned non-zero exit status 1.
#20 ERROR: executor failed running [/bin/sh -c echo "Run fuzzer_build to build the target" && if [ -z "$debug_builder" ] ; then fuzzer_build; fi]: exit code: 1
------
 > importing cache manifest from gcr.io/fuzzbench/builders/afl/xz_xz:
------
------
 > [stage-1 13/13] RUN echo "Run fuzzer_build to build the target" && if [ -z "$debug_builder" ] ; then fuzzer_build; fi:
------
executor failed running [/bin/sh -c echo "Run fuzzer_build to build the target" && if [ -z "$debug_builder" ] ; then fuzzer_build; fi]: exit code: 1
make: *** [docker/generated.mk:2874778: .afl-xz_xz-builder] Error 1
/bin/sh: 1: source: not found
#1 [internal] load build definition from Dockerfile
#1 sha256:132513a9b68726ebff574e8bb28476e2a26bcf3062a95b25fb326669e5b04881
#1 transferring dockerfile: 32B done
#1 DONE 0.4s

#2 [internal] load .dockerignore
#2 sha256:736128daccc6bfc68e0311cf3f5d5b4704e60afb5e8c70f829cdc4fd93b80ef0
#2 transferring context: 2B done
#2 DONE 0.4s

#3 [internal] load metadata for gcr.io/oss-fuzz-base/base-builder:latest
#3 sha256:f10dc39cc9d418a5bc416dead31a1902b6821fdae909cd3b08f7a3fd1faba7b5
#3 DONE 0.6s

#5 [1/5] FROM gcr.io/oss-fuzz-base/base-builder@sha256:112044a9815d235113677d459cf2ece740a51f2b85081c8f66943dcdc72ddf7f
#5 sha256:4aee4bf9f7280ac8b7f02b8d29e6e084dd034d2c294b4e3e05d8ce7048a1450f
#5 DONE 0.0s

#4 importing cache manifest from gcr.io/fuzzbench/builders/benchmark/xz_xz
#4 sha256:d607cf31f359b7880e8f101bf0f951b3f1f89110c9302a607cbfcfb9c7d71ae8
#4 DONE 0.0s

#8 [internal] load build context
#8 sha256:5023142d32b5df2b2654060dd3f8bee73c87083fc0522921ac5f63e1a66a74f9
#8 transferring context: 30B done
#8 DONE 0.2s

#9 [4/5] COPY build.sh /src/
#9 sha256:0646ece9fe070cdbff7b9e4552b09cdc7c29ed0feccf31c5850b6e43c59cf202
#9 CACHED

#6 [2/5] RUN apt-get update && apt-get install -y make autoconf autopoint libtool zip
#6 sha256:134f50c12e3a9d56ab4677ea99fbb0de2b121f948c29e3f2d6b61b953ec9292b
#6 CACHED

#7 [3/5] RUN git clone https://git.tukaani.org/xz.git
#7 sha256:b1943680d1be1fdb6341a1fd0b058e4a6dfded55ae966224f6db479cd69b47fa
#7 CACHED

#10 [5/5] WORKDIR xz
#10 sha256:5d996dba155a1de66044dce316a29eadd0b956129332280bafc3fb421f22095c
#10 CACHED

#11 exporting to image
#11 sha256:e8c613e07b0b7ff33893b694f7759a10d42e180f2b4dc349fb57dc6b71dcab00
#11 exporting layers done
#11 writing image sha256:48cf691a7d671a8fd1b86138537d7411b2aaff87189ec307ad520b6516f9fd9f 0.0s done
#11 naming to gcr.io/fuzzbench/builders/benchmark/xz_xz done
#11 DONE 0.4s

#12 exporting cache
#12 sha256:2700d4ef94dee473593c5c614b55b2dedcca7893909811a8f2b48291a1f581e4
#12 preparing build cache for export done
#12 DONE 0.0s
#1 [internal] load build definition from builder.Dockerfile
#1 sha256:cf9463e913177ac87bf252f20afc3ae0d449fb7dae1696e19e4e117631d1ea96
#1 transferring dockerfile: 46B done
#1 DONE 0.1s

#2 [internal] load .dockerignore
#2 sha256:51b3de4ae7c03245403987bb509d1f5201232aae98494d58191efc5f4c07ee89
#2 transferring context: 2B done
#2 DONE 0.1s

#3 [internal] load metadata for gcr.io/fuzzbench/builders/benchmark/xz_xz:latest
#3 sha256:ee938abd8b2fdf7e5b3c5e03a78960b81b6558983ed47dfc2770f7367e538056
#3 DONE 0.0s

#4 importing cache manifest from gcr.io/fuzzbench/builders/afl/xz_xz-intermediate
#4 sha256:22913df70dc0d3dd586a43ffa9020954e7ac63bd5519b0a70c737fbccc54c792
#4 DONE 0.0s

#5 [1/3] FROM gcr.io/fuzzbench/builders/benchmark/xz_xz
#5 sha256:ea89bbe5a9057985afe61a4025a5b7058c238816f6418a67661083111a4e0d49
#5 DONE 0.0s

#6 [2/3] RUN git clone https://github.com/google/AFL.git /afl &&     cd /afl &&     git checkout 61037103ae3722c8060ff7082994836a794f978e &&     AFL_NO_X86=1 make
#6 sha256:fee8615d4d0fecd304c743fe0fdf32e17f74fe56351fbd5405d556bc7edfca85
#6 CACHED

#7 [3/3] RUN apt-get update &&     apt-get install wget -y &&     wget https://raw.githubusercontent.com/llvm/llvm-project/5feb80e748924606531ba28c97fe65145c65372e/compiler-rt/lib/fuzzer/afl/afl_driver.cpp -O /afl/afl_driver.cpp &&     clang -Wno-pointer-sign -c /afl/llvm_mode/afl-llvm-rt.o.c -I/afl &&     clang++ -stdlib=libc++ -std=c++11 -O2 -c /afl/afl_driver.cpp &&     ar r /libAFL.a *.o
#7 sha256:bab98af527aa1a01a662ba890e065f21ac20ab16aa2a6e71799cc5b4a774f1e8
#7 CACHED

#8 exporting to image
#8 sha256:e8c613e07b0b7ff33893b694f7759a10d42e180f2b4dc349fb57dc6b71dcab00
#8 exporting layers done
#8 writing image sha256:bc21d46923fb806f3c01e9e4987a40490e09f6b8b839dcfa501414a1e227099a 0.0s done
#8 naming to gcr.io/fuzzbench/builders/afl/xz_xz-intermediate done
#8 DONE 0.4s

#9 exporting cache
#9 sha256:2700d4ef94dee473593c5c614b55b2dedcca7893909811a8f2b48291a1f581e4
#9 preparing build cache for export
#9 preparing build cache for export done
#9 DONE 0.0s
#1 [internal] load build definition from Dockerfile
#1 sha256:76669bf2bb60e1c75463c66079ebbbdfe3f6df148495489dfad85884754a814b
#1 transferring dockerfile: 2.00kB done
#1 DONE 0.1s

#2 [internal] load .dockerignore
#2 sha256:4a0dda1d58d1a558c8f39b96caa574e3b6f37be3d53b75b4067ea337eceb5763
#2 transferring context: 34B done
#2 DONE 0.2s

#3 [internal] load metadata for docker.io/library/ubuntu:xenial
#3 sha256:f62bae18ed588840f045c881b2502661f2a89578a2f8f99b83f5200ee83dd25b
#3 DONE 0.0s

#5 [1/7] FROM docker.io/library/ubuntu:xenial
#5 sha256:14dd403f25ae9e519bd44f27dc17af7ce80f5a4f9f48ca88108364e67ec5d360
#5 DONE 0.0s

#4 importing cache manifest from gcr.io/fuzzbench/base-image
#4 sha256:9b220ebb4d4daceed1b96df9b6dca076e762f1cd612574f010b82d5b9e5ad896
#4 DONE 0.0s

#8 [internal] load build context
#8 sha256:dff827424d61c0842fcd5623fcfb61c573dfd399f277126eb283f50aa546d242
#8 transferring context: 559B 0.0s done
#8 DONE 0.1s

#7 [3/7] RUN cd /tmp/ &&     curl -O https://www.python.org/ftp/python/3.8.6/Python-3.8.6.tar.xz &&     tar -xvf Python-3.8.6.tar.xz &&     cd Python-3.8.6 &&     ./configure --enable-loadable-sqlite-extensions --enable-optimizations &&     make -j install &&     rm -r /tmp/Python-3.8.6.tar.xz /tmp/Python-3.8.6
#7 sha256:c5b9d1fb3371e84dbc60b76e7b2f8d5913bc93bcd4910ab65daa03e7b2ec4bb0
#7 CACHED

#9 [4/7] COPY ./requirements.txt /
#9 sha256:f3e3b8c0f5d5b32cd89aa3a38b9dba3e65ff68249347007b9518f27f9f936a07
#9 CACHED

#10 [5/7] RUN pip3 install -r /requirements.txt
#10 sha256:b4a5fdf1bd54458563d13465f366774b04dfd15ff53fae298cfc81052047ea9c
#10 CACHED

#11 [6/7] RUN apt-get update -y && apt-get install -y     apt-transport-https     lsb-release
#11 sha256:6928bb5198b48b71f30d84e4040f162d40e64a250616151375bd3ae466283d26
#11 CACHED

#6 [2/7] RUN apt-get update -y && apt-get install -y     build-essential     rsync     curl     zlib1g-dev     libncurses5-dev     libgdbm-dev     libnss3-dev     libssl-dev     libreadline-dev     libffi-dev     virtualenv     libbz2-dev     liblzma-dev     libsqlite3-dev
#6 sha256:3a1b0960f17eed529eaae93dc8fd3554f2743dd584d8fa569cdbe6bc734371ac
#6 CACHED

#12 [7/7] RUN CLOUD_SDK_REPO="cloud-sdk-$(lsb_release -c -s)" &&     echo "deb https://packages.cloud.google.com/apt $CLOUD_SDK_REPO main"     | tee -a /etc/apt/sources.list.d/google-cloud-sdk.list &&     curl https://packages.cloud.google.com/apt/doc/apt-key.gpg     | apt-key add - &&     apt-get update -y &&     apt-get install -y google-cloud-sdk
#12 sha256:cda74b138cdfc84315da48fa7daaebefa6e4e0356c9f9c1063472a43e115508e
#12 CACHED

#13 exporting to image
#13 sha256:e8c613e07b0b7ff33893b694f7759a10d42e180f2b4dc349fb57dc6b71dcab00
#13 exporting layers done
#13 writing image sha256:5dc85c66b74f60d1770fb4d8a2f0cf89b872162f5c4ad8fde1e9774f9306976f
#13 writing image sha256:5dc85c66b74f60d1770fb4d8a2f0cf89b872162f5c4ad8fde1e9774f9306976f 0.0s done
#13 naming to gcr.io/fuzzbench/base-image done
#13 DONE 0.1s

#14 exporting cache
#14 sha256:2700d4ef94dee473593c5c614b55b2dedcca7893909811a8f2b48291a1f581e4
#14 preparing build cache for export done
#14 DONE 0.0s
#1 [internal] load build definition from Dockerfile
#1 sha256:71ce1d230226c1ec26374e7e859527e9f7b37156a7a924182851e827110083eb
#1 transferring dockerfile: 2.22kB done
#1 DONE 0.1s

#2 [internal] load .dockerignore
#2 sha256:273974fea234a276bff362cfb3c07514f53c5fb41dd58783a4dacaf5accb1511
#2 transferring context: 34B done
#2 DONE 0.1s

#4 [internal] load metadata for gcr.io/fuzzbench/base-image:latest
#4 sha256:932022888f650cc455b10eb5123bb08c0cccacac29a693e69314abbfd28a72c3
#4 DONE 0.0s

#3 [internal] load metadata for gcr.io/fuzzbench/builders/afl/xz_xz-intermediate:latest
#3 sha256:acd79111e1b1c9adf8edbb113b6c56699dc403ca7abd97858d14e52d095fc7d8
#3 DONE 0.0s

#12 [internal] load build context
#12 sha256:0d9199fe4e22bb6227b11cac4072eafce8d0b55b5df7f08a8e31d52e9e51c07a
#12 DONE 0.0s

#7 [base-image 1/1] FROM gcr.io/fuzzbench/base-image
#7 sha256:4d07825694520f8b6f6a0d8592dbd345433361ae044cb7f06706c5a95e3daaad
#7 DONE 0.0s

#6 [stage-1  1/13] FROM gcr.io/fuzzbench/builders/afl/xz_xz-intermediate
#6 sha256:a63d25053e255e4ff992fbef7d14d939e5834ed806158cc8c8c200fdd51af877
#6 DONE 0.0s

#5 importing cache manifest from gcr.io/fuzzbench/builders/afl/xz_xz
#5 sha256:982f3811e280070b6ed05e0dee68fae80bf7dc0df2421bb2836a57192c4fd4ad
#5 ERROR: gcr.io/fuzzbench/builders/afl/xz_xz:latest: not found

#12 [internal] load build context
#12 sha256:0d9199fe4e22bb6227b11cac4072eafce8d0b55b5df7f08a8e31d52e9e51c07a
#12 transferring context: 669.84kB 0.1s done
#12 DONE 0.2s

#17 [stage-1 10/13] COPY docker/benchmark-builder/checkout_commit.py /opt/fuzzbench/
#17 sha256:8848d932f39542afe25ab743ddd425db8d945994a6189639f5e8248ce47f2f73
#17 CACHED

#9 [stage-1  3/13] COPY --from=base-image /usr/local/lib/python3.8 /usr/local/lib/python3.8
#9 sha256:647deb38da842d5445dbaac1e4fe6c31bc61d5eee9abb5fed6607687f78b0a33
#9 CACHED

#14 [stage-1  7/13] RUN touch /src/__init__.py
#14 sha256:9dc0c793f3f764649f87b508e49f8742400888a448311d4fe03e40e4f3ce5abe
#14 CACHED

#13 [stage-1  6/13] COPY fuzzers /src/fuzzers
#13 sha256:6133aff88ee9c1ed4513b60ada808d21c4d41316a40fc52e9c43efc12e164543
#13 CACHED

#15 [stage-1  8/13] COPY benchmarks/xz_xz/benchmark.yaml /
#15 sha256:386cbdea87e4d2b19975a868c02a6b1100113e1c490ac838988927fa758582c9
#15 CACHED

#10 [stage-1  4/13] COPY --from=base-image /usr/local/include/python3.8 /usr/local/include/python3.8
#10 sha256:ba5cb50346747aeeb33e67d113e6913e9539263b515d215a457710c95579838e
#10 CACHED

#11 [stage-1  5/13] COPY --from=base-image /usr/local/lib/python3.8/site-packages /usr/local/lib/python3.8/site-packages
#11 sha256:3e064c88f789dd2a84389ae1bb75ef61b3336338d30c14ad7f14d675a9d94e16
#11 CACHED

#16 [stage-1  9/13] RUN mkdir /opt/fuzzbench/
#16 sha256:e9017fbf361eaae789d4f74d6ae18da5de4a1512ff3bbb72dac19b7c114429f0
#16 CACHED

#8 [stage-1  2/13] COPY --from=base-image /usr/local/bin/python3* /usr/local/bin/
#8 sha256:297ae4fbf865a54a742532d431d4d21f465444b8f399fffcf96ad33eb774df43
#8 CACHED

#18 [stage-1 11/13] RUN export CHECKOUT_COMMIT=$(cat /benchmark.yaml | tr -d ' ' | grep 'commit:' | cut -d ':' -f2) &&     python3 -u /opt/fuzzbench/checkout_commit.py $CHECKOUT_COMMIT /src
#18 sha256:e129438c2156bc6eea0c965e199ae8e87bdcc171e726fb4fbda2cad774b00d4d
#18 CACHED

#19 [stage-1 12/13] RUN echo "#!/bin/bash\nPYTHONPATH=/src python3 -u -c "from fuzzers import utils; utils.initialize_env(); from fuzzers.afl import fuzzer; fuzzer.build()"" > /usr/bin/fuzzer_build &&     chmod +x /usr/bin/fuzzer_build
#19 sha256:2532bc87155449016434c9dd2a9eaa91cc28f80c4baf8dacd6404f0c73433274
#19 CACHED

#20 [stage-1 13/13] RUN echo "Run fuzzer_build to build the target" && if [ -z "$debug_builder" ] ; then fuzzer_build; fi
#20 sha256:6ea9ca4f6fa0fe083fe0486c292e170f45e3d650cdfa9f5f7df751f0cc7df67f
#20 1.003 Run fuzzer_build to build the target
#20 1.118 FUZZ_TARGET = xz
#20 1.118 CFLAGS = -DFUZZING_BUILD_MODE_UNSAFE_FOR_PRODUCTION -pthread -Wl,--no-as-needed -Wl,-ldl -Wl,-lm -Wno-unused-command-line-argument -O3
#20 1.118 CXXFLAGS = -DFUZZING_BUILD_MODE_UNSAFE_FOR_PRODUCTION -pthread -Wl,--no-as-needed -Wl,-ldl -Wl,-lm -Wno-unused-command-line-argument -stdlib=libc++ -O3
#20 1.123 Building benchmark xz_xz with fuzzer afl
#20 1.127 + ./autogen.sh
#20 1.128 + autopoint -f
#20 1.291 autopoint: using AM_GNU_GETTEXT_REQUIRE_VERSION instead of AM_GNU_GETTEXT_VERSION
#20 2.882 Copying file ABOUT-NLS
#20 2.896 Copying file build-aux/config.rpath
#20 3.081 Copying file m4/codeset.m4
#20 3.097 Copying file m4/extern-inline.m4
#20 3.114 Copying file m4/fcntl-o.m4
#20 3.130 Copying file m4/gettext.m4
#20 3.145 Copying file m4/glibc2.m4
#20 3.161 Copying file m4/glibc21.m4
#20 3.177 Copying file m4/iconv.m4
#20 3.194 Copying file m4/intdiv0.m4
#20 3.210 Copying file m4/intl.m4
#20 3.226 Copying file m4/intldir.m4
#20 3.242 Copying file m4/intlmacosx.m4
#20 3.259 Copying file m4/intmax.m4
#20 3.274 Copying file m4/inttypes-pri.m4
#20 3.290 Copying file m4/inttypes_h.m4
#20 3.306 Copying file m4/lcmessage.m4
#20 3.323 Copying file m4/lib-ld.m4
#20 3.339 Copying file m4/lib-link.m4
#20 3.355 Copying file m4/lib-prefix.m4
#20 3.371 Copying file m4/lock.m4
#20 3.387 Copying file m4/longlong.m4
#20 3.402 Copying file m4/nls.m4
#20 3.419 Copying file m4/po.m4
#20 3.435 Copying file m4/printf-posix.m4
#20 3.450 Copying file m4/progtest.m4
#20 3.466 Copying file m4/size_max.m4
#20 3.482 Copying file m4/stdint_h.m4
#20 3.498 Copying file m4/threadlib.m4
#20 3.514 Copying file m4/uintmax_t.m4
#20 3.542 Copying file m4/wchar_t.m4
#20 3.558 Copying file m4/wint_t.m4
#20 3.575 Copying file m4/xsize.m4
#20 3.590 Copying file po/Makefile.in.in
#20 3.607 Copying file po/Makevars.template
#20 3.623 Copying file po/Rules-quot
#20 3.639 Copying file po/boldquot.sed
#20 3.655 Copying file po/en@boldquot.header
#20 3.671 Copying file po/en@quot.header
#20 3.687 Copying file po/insert-header.sin
#20 3.703 Copying file po/quot.sed
#20 3.719 Copying file po/remove-potcdate.sin
#20 3.727 + libtoolize -c -f
#20 4.067 libtoolize: putting auxiliary files in AC_CONFIG_AUX_DIR, 'build-aux'.
#20 4.067 libtoolize: copying file 'build-aux/ltmain.sh'
#20 4.122 libtoolize: putting macros in AC_CONFIG_MACRO_DIRS, 'm4'.
#20 4.122 libtoolize: copying file 'm4/libtool.m4'
#20 4.133 libtoolize: copying file 'm4/ltoptions.m4'
#20 4.143 libtoolize: copying file 'm4/ltsugar.m4'
#20 4.153 libtoolize: copying file 'm4/ltversion.m4'
#20 4.164 libtoolize: copying file 'm4/lt~obsolete.m4'
#20 4.182 + aclocal -I m4
#20 7.207 + autoconf
#20 8.293 + autoheader
#20 8.584 + automake -acf --foreign
#20 9.632 configure.ac:576: installing 'build-aux/compile'
#20 9.635 configure.ac:33: installing 'build-aux/config.guess'
#20 9.638 configure.ac:33: installing 'build-aux/config.sub'
#20 9.641 configure.ac:573: installing 'build-aux/install-sh'
#20 9.644 configure.ac:573: installing 'build-aux/missing'
#20 9.742 debug/Makefile.am: installing 'build-aux/depcomp'
#20 10.60 + test x != x--no-po4a
#20 10.60 + cd po4a
#20 10.60 + sh update-po
#20 10.61 po4a/update-po: The program 'po4a' was not found.
#20 10.61 po4a/update-po: Translated man pages were not generated.
#20 10.61 Traceback (most recent call last):
#20 10.61   File "<string>", line 1, in <module>
#20 10.61   File "/src/fuzzers/afl/fuzzer.py", line 40, in build
#20 10.61     utils.build_benchmark()
#20 10.61   File "/src/fuzzers/utils.py", line 82, in build_benchmark
#20 10.61     subprocess.check_call(['/bin/bash', '-ex', build_script], env=env)
#20 10.61   File "/usr/local/lib/python3.8/subprocess.py", line 364, in check_call
#20 10.61     raise CalledProcessError(retcode, cmd)
#20 10.61 subprocess.CalledProcessError: Command '['/bin/bash', '-ex', '/src/build.sh']' returned non-zero exit status 1.
#20 ERROR: executor failed running [/bin/sh -c echo "Run fuzzer_build to build the target" && if [ -z "$debug_builder" ] ; then fuzzer_build; fi]: exit code: 1
------
 > importing cache manifest from gcr.io/fuzzbench/builders/afl/xz_xz:
------
------
 > [stage-1 13/13] RUN echo "Run fuzzer_build to build the target" && if [ -z "$debug_builder" ] ; then fuzzer_build; fi:
------
executor failed running [/bin/sh -c echo "Run fuzzer_build to build the target" && if [ -z "$debug_builder" ] ; then fuzzer_build; fi]: exit code: 1
make: *** [docker/generated.mk:2874778: .afl-xz_xz-builder] Error 1
