WARNING:root:gcloud not found in PATH.
INFO:root:Successfully integrated benchmark: kubernetes_kubernetes.
INFO:root:Please run "make test-run-afl-kubernetes_kubernetes" to test integration.
#1 [internal] load build definition from Dockerfile
#1 sha256:6f65cac6d72b74d6e4117f77e6185acf0838bb780b57a4f81901debb03b78cab
#1 transferring dockerfile: 972B done
#1 DONE 0.0s

#2 [internal] load .dockerignore
#2 sha256:b66d5cc7349907f04ae3b4a5d57707026a6298522bcf5c5de1f7a39bc6848005
#2 transferring context: 2B done
#2 DONE 0.0s

#3 [internal] load metadata for gcr.io/oss-fuzz-base/base-builder:latest
#3 sha256:f10dc39cc9d418a5bc416dead31a1902b6821fdae909cd3b08f7a3fd1faba7b5
#3 DONE 0.4s

#5 [ 1/18] FROM gcr.io/oss-fuzz-base/base-builder@sha256:4ad017ca53699eda684c1c444948c93a4af848fe34baee3a765d3c4693fe6a56
#5 sha256:3f10b3978a3951f6e2692fa5e5890ee5a755650381dedece7198ed0b1dcdaa8c
#5 CACHED

#9 [internal] load build context
#9 sha256:070cb9310c6c2af4d33e41dc7ac63ba9facb33e81e48576fd9979f76460f61e8
#9 DONE 0.0s

#4 importing cache manifest from gcr.io/fuzzbench/builders/benchmark/kubernetes_kubernetes
#4 sha256:1c3d68b7f641336c63b48ed1b497fcf123c5d98d8015a59ad1071252e4ebfaa3
#4 ERROR: gcr.io/fuzzbench/builders/benchmark/kubernetes_kubernetes:latest: not found

#9 [internal] load build context
#9 sha256:070cb9310c6c2af4d33e41dc7ac63ba9facb33e81e48576fd9979f76460f61e8
#9 transferring context: 1.45kB done
#9 DONE 0.0s

#6 [2/5] RUN go get github.com/ianlancetaylor/demangle
#6 sha256:450e1394bb3d54bf619ec6641ac12a66dbf03e68bf67f1df2da97b134a64b387
#6 0.646 /bin/sh: 1: go: not found
#6 ERROR: executor failed running [/bin/sh -c go get github.com/ianlancetaylor/demangle]: exit code: 127
------
 > importing cache manifest from gcr.io/fuzzbench/builders/benchmark/kubernetes_kubernetes:
------
------
 > [2/5] RUN go get github.com/ianlancetaylor/demangle:
------
executor failed running [/bin/sh -c go get github.com/ianlancetaylor/demangle]: exit code: 127
make: *** [docker/generated.mk:25735: .kubernetes_kubernetes-project-builder] Error 1
/bin/sh: 1: source: not found
#1 [internal] load build definition from Dockerfile
#1 sha256:ec5baa805b0208873da1b5dbcdeba700e259346acba0ae6766dfe78575571395
#1 transferring dockerfile: 32B done
#1 DONE 0.2s

#2 [internal] load .dockerignore
#2 sha256:a50a75de1ef67f5b601b17684d939007809176e8ff09e0c4e5192ab00fc3e58f
#2 transferring context: 2B done
#2 DONE 0.1s

#3 [internal] load metadata for gcr.io/oss-fuzz-base/base-builder:latest
#3 sha256:f10dc39cc9d418a5bc416dead31a1902b6821fdae909cd3b08f7a3fd1faba7b5
#3 DONE 0.4s

#5 [ 1/18] FROM gcr.io/oss-fuzz-base/base-builder@sha256:4ad017ca53699eda684c1c444948c93a4af848fe34baee3a765d3c4693fe6a56
#5 sha256:3f10b3978a3951f6e2692fa5e5890ee5a755650381dedece7198ed0b1dcdaa8c
#5 CACHED

#9 [internal] load build context
#9 sha256:7955e128e7ceefccb394050c05e5902ddc14e05ad169aaf849cc16ee6d633bce
#9 DONE 0.0s

#4 importing cache manifest from gcr.io/fuzzbench/builders/benchmark/kubernetes_kubernetes
#4 sha256:1c3d68b7f641336c63b48ed1b497fcf123c5d98d8015a59ad1071252e4ebfaa3
#4 ERROR: gcr.io/fuzzbench/builders/benchmark/kubernetes_kubernetes:latest: not found

#9 [internal] load build context
#9 sha256:7955e128e7ceefccb394050c05e5902ddc14e05ad169aaf849cc16ee6d633bce
#9 transferring context: 30B done
#9 DONE 0.0s

#6 [2/5] RUN go get github.com/ianlancetaylor/demangle
#6 sha256:450e1394bb3d54bf619ec6641ac12a66dbf03e68bf67f1df2da97b134a64b387
#6 0.484 /bin/sh: 1: go: not found
#6 ERROR: executor failed running [/bin/sh -c go get github.com/ianlancetaylor/demangle]: exit code: 127
------
 > importing cache manifest from gcr.io/fuzzbench/builders/benchmark/kubernetes_kubernetes:
------
------
 > [2/5] RUN go get github.com/ianlancetaylor/demangle:
------
executor failed running [/bin/sh -c go get github.com/ianlancetaylor/demangle]: exit code: 127
make: *** [docker/generated.mk:25735: .kubernetes_kubernetes-project-builder] Error 1
