WARNING:root:gcloud not found in PATH.
INFO:root:Successfully integrated benchmark: serenity_serenity.
INFO:root:Please run "make test-run-afl-serenity_serenity" to test integration.
#1 [internal] load build definition from Dockerfile
#1 sha256:6c432541ebe2f2ca9317c47a9c019fcabe54d6697191f57c19d22396c21e3d91
#1 transferring dockerfile: 936B done
#1 DONE 0.1s

#2 [internal] load .dockerignore
#2 sha256:7d42798f9436560858a4e7b35d4342fe6b22b5c9c9ba917be1a0e0fccabadf92
#2 transferring context: 2B done
#2 DONE 0.2s

#3 [internal] load metadata for gcr.io/oss-fuzz-base/base-builder:latest
#3 sha256:f10dc39cc9d418a5bc416dead31a1902b6821fdae909cd3b08f7a3fd1faba7b5
#3 DONE 0.5s

#9 [internal] load build context
#9 sha256:fd41b8b60f46b6b73801495a204b69a944822bac498c03e6c469f91f9bfe056f
#9 DONE 0.0s

#5 [1/5] FROM gcr.io/oss-fuzz-base/base-builder@sha256:41d7bbe7827592680a606c9bba1aeb6e23c7502ce8b633923b06542f4c706e7c
#5 sha256:660db69324ed478291dd329cbbfe422dccbc173f9ab806c069fac341073eab8c
#5 DONE 0.0s

#4 importing cache manifest from gcr.io/fuzzbench/builders/benchmark/serenity_serenity
#4 sha256:03ecaa8b2d35c3302aa0e8caa4811f87526c25403346fe8042e01da9492c25eb
#4 ERROR: gcr.io/fuzzbench/builders/benchmark/serenity_serenity:latest: not found

#5 [1/5] FROM gcr.io/oss-fuzz-base/base-builder@sha256:41d7bbe7827592680a606c9bba1aeb6e23c7502ce8b633923b06542f4c706e7c
#5 sha256:660db69324ed478291dd329cbbfe422dccbc173f9ab806c069fac341073eab8c
#5 CACHED

#9 [internal] load build context
#9 sha256:fd41b8b60f46b6b73801495a204b69a944822bac498c03e6c469f91f9bfe056f
#9 transferring context: 1.02kB done
#9 DONE 0.3s

#6 [2/5] RUN apt-get update && apt-get install -y build-essential cmake curl libmpfr-dev libmpc-dev libgmp-dev e2fsprogs
#6 sha256:db2f04ace3c693e37db959e4fb3ef9f334cf121d653e721ad4ec669bfad0c5d0
#6 0.706 Hit:1 http://ppa.launchpad.net/git-core/ppa/ubuntu focal InRelease
#6 0.722 Hit:2 http://archive.ubuntu.com/ubuntu focal InRelease
#6 0.726 Get:3 http://security.ubuntu.com/ubuntu focal-security InRelease [114 kB]
#6 0.745 Get:4 http://archive.ubuntu.com/ubuntu focal-updates InRelease [114 kB]
#6 0.836 Get:5 http://archive.ubuntu.com/ubuntu focal-backports InRelease [108 kB]
#6 1.359 Get:6 http://archive.ubuntu.com/ubuntu focal-updates/universe amd64 Packages [1134 kB]
#6 1.548 Get:7 http://archive.ubuntu.com/ubuntu focal-updates/main amd64 Packages [1983 kB]
#6 1.695 Get:8 http://archive.ubuntu.com/ubuntu focal-updates/restricted amd64 Packages [1042 kB]
#6 1.772 Get:9 http://archive.ubuntu.com/ubuntu focal-updates/universe i386 Packages [827 kB]
#6 1.833 Get:10 http://archive.ubuntu.com/ubuntu focal-updates/main i386 Packages [754 kB]
#6 2.188 Fetched 6076 kB in 1s (4087 kB/s)
#6 2.188 Reading package lists...
#6 4.207 Reading package lists...
#6 5.862 Building dependency tree...
#6 6.117 Reading state information...
#6 6.404 e2fsprogs is already the newest version (1.45.5-2ubuntu1).
#6 6.404 build-essential is already the newest version (12.8ubuntu1.1).
#6 6.404 curl is already the newest version (7.68.0-1ubuntu2.7).
#6 6.404 The following additional packages will be installed:
#6 6.406   cmake-data libarchive13 libgmpxx4ldbl libjsoncpp1 librhash0 libuv1
#6 6.408 Suggested packages:
#6 6.408   cmake-doc ninja-build lrzip gmp-doc libgmp10-doc libmpfr-doc
#6 6.453 The following NEW packages will be installed:
#6 6.454   cmake cmake-data libarchive13 libgmp-dev libgmpxx4ldbl libjsoncpp1
#6 6.456   libmpc-dev libmpfr-dev librhash0 libuv1
#6 6.534 0 upgraded, 10 newly installed, 0 to remove and 1 not upgraded.
#6 6.534 Need to get 6497 kB of archives.
#6 6.534 After this operation, 32.7 MB of additional disk space will be used.
#6 6.534 Get:1 http://archive.ubuntu.com/ubuntu focal-updates/main amd64 libuv1 amd64 1.34.2-1ubuntu1.3 [80.8 kB]
#6 6.619 Get:2 http://archive.ubuntu.com/ubuntu focal/main amd64 cmake-data all 3.16.3-1ubuntu1 [1612 kB]
#6 6.967 Get:3 http://archive.ubuntu.com/ubuntu focal/main amd64 libarchive13 amd64 3.4.0-2ubuntu1 [327 kB]
#6 7.000 Get:4 http://archive.ubuntu.com/ubuntu focal/main amd64 libjsoncpp1 amd64 1.7.4-3.1ubuntu2 [75.6 kB]
#6 7.005 Get:5 http://archive.ubuntu.com/ubuntu focal/main amd64 librhash0 amd64 1.3.9-1 [113 kB]
#6 7.013 Get:6 http://archive.ubuntu.com/ubuntu focal/main amd64 cmake amd64 3.16.3-1ubuntu1 [3669 kB]
#6 7.343 Get:7 http://archive.ubuntu.com/ubuntu focal/main amd64 libgmpxx4ldbl amd64 2:6.2.0+dfsg-4 [9128 B]
#6 7.343 Get:8 http://archive.ubuntu.com/ubuntu focal/main amd64 libgmp-dev amd64 2:6.2.0+dfsg-4 [320 kB]
#6 7.572 Get:9 http://archive.ubuntu.com/ubuntu focal/main amd64 libmpfr-dev amd64 4.0.2-1 [240 kB]
#6 7.576 Get:10 http://archive.ubuntu.com/ubuntu focal/main amd64 libmpc-dev amd64 1.1.0-1 [50.5 kB]
#6 7.849 debconf: delaying package configuration, since apt-utils is not installed
#6 7.918 Fetched 6497 kB in 1s (5882 kB/s)
#6 7.989 Selecting previously unselected package libuv1:amd64.
#6 7.989 (Reading database ... (Reading database ... 5%(Reading database ... 10%(Reading database ... 15%(Reading database ... 20%(Reading database ... 25%(Reading database ... 30%(Reading database ... 35%(Reading database ... 40%(Reading database ... 45%(Reading database ... 50%(Reading database ... 55%(Reading database ... 60%(Reading database ... 65%(Reading database ... 70%(Reading database ... 75%(Reading database ... 80%(Reading database ... 85%(Reading database ... 90%(Reading database ... 95%(Reading database ... 100%(Reading database ... 21291 files and directories currently installed.)
#6 8.011 Preparing to unpack .../0-libuv1_1.34.2-1ubuntu1.3_amd64.deb ...
#6 8.037 Unpacking libuv1:amd64 (1.34.2-1ubuntu1.3) ...
#6 8.141 Selecting previously unselected package cmake-data.
#6 8.144 Preparing to unpack .../1-cmake-data_3.16.3-1ubuntu1_all.deb ...
#6 8.161 Unpacking cmake-data (3.16.3-1ubuntu1) ...
#6 8.878 Selecting previously unselected package libarchive13:amd64.
#6 8.883 Preparing to unpack .../2-libarchive13_3.4.0-2ubuntu1_amd64.deb ...
#6 8.898 Unpacking libarchive13:amd64 (3.4.0-2ubuntu1) ...
#6 9.075 Selecting previously unselected package libjsoncpp1:amd64.
#6 9.078 Preparing to unpack .../3-libjsoncpp1_1.7.4-3.1ubuntu2_amd64.deb ...
#6 9.100 Unpacking libjsoncpp1:amd64 (1.7.4-3.1ubuntu2) ...
#6 9.223 Selecting previously unselected package librhash0:amd64.
#6 9.226 Preparing to unpack .../4-librhash0_1.3.9-1_amd64.deb ...
#6 9.241 Unpacking librhash0:amd64 (1.3.9-1) ...
#6 9.350 Selecting previously unselected package cmake.
#6 9.353 Preparing to unpack .../5-cmake_3.16.3-1ubuntu1_amd64.deb ...
#6 9.375 Unpacking cmake (3.16.3-1ubuntu1) ...
#6 9.888 Selecting previously unselected package libgmpxx4ldbl:amd64.
#6 9.892 Preparing to unpack .../6-libgmpxx4ldbl_2%3a6.2.0+dfsg-4_amd64.deb ...
#6 9.908 Unpacking libgmpxx4ldbl:amd64 (2:6.2.0+dfsg-4) ...
#6 9.982 Selecting previously unselected package libgmp-dev:amd64.
#6 9.985 Preparing to unpack .../7-libgmp-dev_2%3a6.2.0+dfsg-4_amd64.deb ...
#6 9.996 Unpacking libgmp-dev:amd64 (2:6.2.0+dfsg-4) ...
#6 10.12 Selecting previously unselected package libmpfr-dev:amd64.
#6 10.12 Preparing to unpack .../8-libmpfr-dev_4.0.2-1_amd64.deb ...
#6 10.13 Unpacking libmpfr-dev:amd64 (4.0.2-1) ...
#6 10.23 Selecting previously unselected package libmpc-dev:amd64.
#6 10.23 Preparing to unpack .../9-libmpc-dev_1.1.0-1_amd64.deb ...
#6 10.24 Unpacking libmpc-dev:amd64 (1.1.0-1) ...
#6 10.37 Setting up libarchive13:amd64 (3.4.0-2ubuntu1) ...
#6 10.42 Setting up libgmpxx4ldbl:amd64 (2:6.2.0+dfsg-4) ...
#6 10.47 Setting up libuv1:amd64 (1.34.2-1ubuntu1.3) ...
#6 10.52 Setting up librhash0:amd64 (1.3.9-1) ...
#6 10.55 Setting up cmake-data (3.16.3-1ubuntu1) ...
#6 10.61 Setting up libjsoncpp1:amd64 (1.7.4-3.1ubuntu2) ...
#6 10.64 Setting up libgmp-dev:amd64 (2:6.2.0+dfsg-4) ...
#6 10.68 Setting up libmpfr-dev:amd64 (4.0.2-1) ...
#6 10.72 Setting up libmpc-dev:amd64 (1.1.0-1) ...
#6 10.76 Setting up cmake (3.16.3-1ubuntu1) ...
#6 10.80 Processing triggers for libc-bin (2.31-0ubuntu9.2) ...
#6 DONE 11.3s

#7 [3/5] RUN git clone https://github.com/SerenityOS/serenity
#7 sha256:c259f15694f26e781668767ed2e73e885b5ce1f05c1c23d03189fa14a075a03e
#7 0.486 Cloning into 'serenity'...
#7 20.23 Updating files:  74% (6354/8544)Updating files:  75% (6408/8544)Updating files:  76% (6494/8544)Updating files:  77% (6579/8544)Updating files:  78% (6665/8544)Updating files:  79% (6750/8544)Updating files:  80% (6836/8544)Updating files:  81% (6921/8544)Updating files:  82% (7007/8544)Updating files:  83% (7092/8544)Updating files:  84% (7177/8544)Updating files:  85% (7263/8544)Updating files:  86% (7348/8544)Updating files:  87% (7434/8544)Updating files:  88% (7519/8544)Updating files:  89% (7605/8544)Updating files:  90% (7690/8544)Updating files:  91% (7776/8544)Updating files:  92% (7861/8544)Updating files:  93% (7946/8544)Updating files:  94% (8032/8544)Updating files:  95% (8117/8544)Updating files:  96% (8203/8544)Updating files:  97% (8288/8544)Updating files:  98% (8374/8544)Updating files:  99% (8459/8544)Updating files: 100% (8544/8544)Updating files: 100% (8544/8544), done.
#7 DONE 23.5s

#8 [4/5] WORKDIR /src
#8 sha256:dc0e65f9801309fbb4d58ded99cd49c6adfa217e9d5576428bdbe87cd69fd5d9
#8 DONE 0.2s

#10 [5/5] COPY build.sh /src/
#10 sha256:584a837e6111d6fbc88d147eb18a23b717446c73bc928116be74c6ad593168c6
#10 DONE 0.1s

#11 exporting to image
#11 sha256:e8c613e07b0b7ff33893b694f7759a10d42e180f2b4dc349fb57dc6b71dcab00
#11 exporting layers done
#11 writing image sha256:0ba5437e8ca066355617f4ab468a07aac871130f1d78b12a48faacb6e5aad2a3
#11 writing image sha256:0ba5437e8ca066355617f4ab468a07aac871130f1d78b12a48faacb6e5aad2a3 done
#11 naming to gcr.io/fuzzbench/builders/benchmark/serenity_serenity done
#11 DONE 0.1s

#12 exporting cache
#12 sha256:2700d4ef94dee473593c5c614b55b2dedcca7893909811a8f2b48291a1f581e4
#12 preparing build cache for export done
#12 DONE 0.0s
------
 > importing cache manifest from gcr.io/fuzzbench/builders/benchmark/serenity_serenity:
------
#1 [internal] load build definition from builder.Dockerfile
#1 sha256:26c0bc383aa14558c7867255d93207eb4bc036fb0d910f28437b9a2d823519b9
#1 transferring dockerfile: 46B done
#1 DONE 0.0s

#2 [internal] load .dockerignore
#2 sha256:324caab115828107d957361cc5b61ba08d2e0f118cc9f5eb2125840264d53617
#2 transferring context: 2B done
#2 DONE 0.1s

#3 [internal] load metadata for gcr.io/fuzzbench/builders/benchmark/serenity_serenity:latest
#3 sha256:b3688bccdda56e8032a175d7642c755c205ec3399fd5f2734601fd27e489e625
#3 DONE 0.0s

#5 [1/3] FROM gcr.io/fuzzbench/builders/benchmark/serenity_serenity
#5 sha256:ff60149b30bb7a9eb671774f226fbf75e7d56050039476bdf0b9bb60abbabe76
#5 DONE 0.0s

#4 importing cache manifest from gcr.io/fuzzbench/builders/afl/serenity_serenity-intermediate
#4 sha256:28005a09db41b7dedca601d39f495754e095539859d95e7c8059b6808bf12ae3
#4 ERROR: gcr.io/fuzzbench/builders/afl/serenity_serenity-intermediate:latest: not found

#5 [1/3] FROM gcr.io/fuzzbench/builders/benchmark/serenity_serenity
#5 sha256:ff60149b30bb7a9eb671774f226fbf75e7d56050039476bdf0b9bb60abbabe76
#5 DONE 0.4s

#6 [2/3] RUN git clone https://github.com/google/AFL.git /afl &&     cd /afl &&     git checkout 61037103ae3722c8060ff7082994836a794f978e &&     AFL_NO_X86=1 make
#6 sha256:d51aa601a17afca85f789bc27ab6a6047ca1644c4e61debb85159488ab3b5804
#6 0.372 Cloning into '/afl'...
#6 1.102 Note: switching to '61037103ae3722c8060ff7082994836a794f978e'.
#6 1.102 
#6 1.102 You are in 'detached HEAD' state. You can look around, make experimental
#6 1.102 changes and commit them, and you can discard any commits you make in this
#6 1.102 state without impacting any branches by switching back to a branch.
#6 1.102 
#6 1.102 If you want to create a new branch to retain commits you create, you may
#6 1.102 do so (now or later) by using -c with the switch command. Example:
#6 1.102 
#6 1.102   git switch -c <new-branch-name>
#6 1.102 
#6 1.102 Or undo this operation with:
#6 1.102 
#6 1.102   git switch -
#6 1.102 
#6 1.102 Turn off this advice by setting config variable advice.detachedHead to false
#6 1.102 
#6 1.102 HEAD is now at 6103710 Fix a typo filename comparison in the fuzzer (#139)
#6 1.148 [!] Note: skipping x86 compilation checks (AFL_NO_X86 set).
#6 1.148 clang -O1 -fno-omit-frame-pointer -gline-tables-only -DFUZZING_BUILD_MODE_UNSAFE_FOR_PRODUCTION -Wall -D_FORTIFY_SOURCE=2 -g -Wno-pointer-sign -DAFL_PATH=\"/usr/local/lib/afl\" -DDOC_PATH=\"/usr/local/share/doc/afl\" -DBIN_PATH=\"/usr/local/bin\" afl-gcc.c -o afl-gcc -ldl
#6 1.337 set -e; for i in afl-g++ afl-clang afl-clang++; do ln -sf afl-gcc $i; done
#6 1.342 clang -O1 -fno-omit-frame-pointer -gline-tables-only -DFUZZING_BUILD_MODE_UNSAFE_FOR_PRODUCTION -Wall -D_FORTIFY_SOURCE=2 -g -Wno-pointer-sign -DAFL_PATH=\"/usr/local/lib/afl\" -DDOC_PATH=\"/usr/local/share/doc/afl\" -DBIN_PATH=\"/usr/local/bin\" afl-fuzz.c -o afl-fuzz -ldl
#6 3.992 clang -O1 -fno-omit-frame-pointer -gline-tables-only -DFUZZING_BUILD_MODE_UNSAFE_FOR_PRODUCTION -Wall -D_FORTIFY_SOURCE=2 -g -Wno-pointer-sign -DAFL_PATH=\"/usr/local/lib/afl\" -DDOC_PATH=\"/usr/local/share/doc/afl\" -DBIN_PATH=\"/usr/local/bin\" afl-showmap.c -o afl-showmap -ldl
#6 4.336 clang -O1 -fno-omit-frame-pointer -gline-tables-only -DFUZZING_BUILD_MODE_UNSAFE_FOR_PRODUCTION -Wall -D_FORTIFY_SOURCE=2 -g -Wno-pointer-sign -DAFL_PATH=\"/usr/local/lib/afl\" -DDOC_PATH=\"/usr/local/share/doc/afl\" -DBIN_PATH=\"/usr/local/bin\" afl-tmin.c -o afl-tmin -ldl
#6 4.800 clang -O1 -fno-omit-frame-pointer -gline-tables-only -DFUZZING_BUILD_MODE_UNSAFE_FOR_PRODUCTION -Wall -D_FORTIFY_SOURCE=2 -g -Wno-pointer-sign -DAFL_PATH=\"/usr/local/lib/afl\" -DDOC_PATH=\"/usr/local/share/doc/afl\" -DBIN_PATH=\"/usr/local/bin\" afl-gotcpu.c -o afl-gotcpu -ldl
#6 4.952 clang -O1 -fno-omit-frame-pointer -gline-tables-only -DFUZZING_BUILD_MODE_UNSAFE_FOR_PRODUCTION -Wall -D_FORTIFY_SOURCE=2 -g -Wno-pointer-sign -DAFL_PATH=\"/usr/local/lib/afl\" -DDOC_PATH=\"/usr/local/share/doc/afl\" -DBIN_PATH=\"/usr/local/bin\" afl-analyze.c -o afl-analyze -ldl
#6 5.395 clang -O1 -fno-omit-frame-pointer -gline-tables-only -DFUZZING_BUILD_MODE_UNSAFE_FOR_PRODUCTION -Wall -D_FORTIFY_SOURCE=2 -g -Wno-pointer-sign -DAFL_PATH=\"/usr/local/lib/afl\" -DDOC_PATH=\"/usr/local/share/doc/afl\" -DBIN_PATH=\"/usr/local/bin\" afl-as.c -o afl-as -ldl
#6 5.660 ln -sf afl-as as
#6 5.662 [!] Note: skipping build tests (you may need to use LLVM or QEMU mode).
#6 5.664 [+] LLVM users: see llvm_mode/README.llvm for a faster alternative to afl-gcc.
#6 5.665 [+] All done! Be sure to review README - it's pretty short and useful.
#6 DONE 6.0s

#7 [3/3] RUN apt-get update &&     apt-get install wget -y &&     wget https://raw.githubusercontent.com/llvm/llvm-project/5feb80e748924606531ba28c97fe65145c65372e/compiler-rt/lib/fuzzer/afl/afl_driver.cpp -O /afl/afl_driver.cpp &&     clang -Wno-pointer-sign -c /afl/llvm_mode/afl-llvm-rt.o.c -I/afl &&     clang++ -stdlib=libc++ -std=c++11 -O2 -c /afl/afl_driver.cpp &&     ar r /libAFL.a *.o
#7 sha256:325465546400c972630dcb7df45e2cb93f3ad70dcab0eb26beb91db848725929
#7 0.702 Hit:1 http://ppa.launchpad.net/git-core/ppa/ubuntu focal InRelease
#7 0.702 Hit:2 http://archive.ubuntu.com/ubuntu focal InRelease
#7 0.702 Hit:3 http://security.ubuntu.com/ubuntu focal-security InRelease
#7 0.714 Hit:4 http://archive.ubuntu.com/ubuntu focal-updates InRelease
#7 0.739 Hit:5 http://archive.ubuntu.com/ubuntu focal-backports InRelease
#7 1.520 Reading package lists...
#7 3.210 Reading package lists...
#7 4.830 Building dependency tree...
#7 5.086 Reading state information...
#7 5.436 wget is already the newest version (1.20.3-1ubuntu2).
#7 5.436 0 upgraded, 0 newly installed, 0 to remove and 1 not upgraded.
#7 5.441 --2022-02-17 11:42:53--  https://raw.githubusercontent.com/llvm/llvm-project/5feb80e748924606531ba28c97fe65145c65372e/compiler-rt/lib/fuzzer/afl/afl_driver.cpp
#7 5.443 Resolving raw.githubusercontent.com (raw.githubusercontent.com)... 185.199.111.133, 185.199.110.133, 185.199.109.133, ...
#7 5.445 Connecting to raw.githubusercontent.com (raw.githubusercontent.com)|185.199.111.133|:443... connected.
#7 5.468 HTTP request sent, awaiting response... 200 OK
#7 5.649 Length: 9177 (9.0K) [text/plain]
#7 5.649 Saving to: '/afl/afl_driver.cpp'
#7 5.649 
#7 5.649      0K ........                                              100% 13.8M=0.001s
#7 5.650 
#7 5.650 2022-02-17 11:42:53 (13.8 MB/s) - '/afl/afl_driver.cpp' saved [9177/9177]
#7 5.650 
#7 7.631 ar: creating /libAFL.a
#7 DONE 8.4s

#8 exporting to image
#8 sha256:e8c613e07b0b7ff33893b694f7759a10d42e180f2b4dc349fb57dc6b71dcab00
#8 exporting layers done
#8 writing image sha256:875548a6191ec32d130d6b0ce80e1a59f0b7108e8deed3369b4bb49564e7bf93 done
#8 naming to gcr.io/fuzzbench/builders/afl/serenity_serenity-intermediate 0.0s done
#8 DONE 0.2s

#9 exporting cache
#9 sha256:2700d4ef94dee473593c5c614b55b2dedcca7893909811a8f2b48291a1f581e4
#9 preparing build cache for export done
#9 DONE 0.0s
------
 > importing cache manifest from gcr.io/fuzzbench/builders/afl/serenity_serenity-intermediate:
------
#1 [internal] load build definition from Dockerfile
#1 sha256:553da520573e5341ab736b99c987ea237e7a2ebbcbea2889ce5fe7f90010859d
#1 transferring dockerfile: 2.00kB done
#1 DONE 0.1s

#2 [internal] load .dockerignore
#2 sha256:e963139148cfc4edb1ee10113f98fdbd120def480df85527c548a93ac0ccbde2
#2 transferring context: 143B done
#2 DONE 0.1s

#3 [internal] load metadata for docker.io/library/ubuntu:xenial
#3 sha256:f62bae18ed588840f045c881b2502661f2a89578a2f8f99b83f5200ee83dd25b
#3 DONE 0.0s

#4 [1/7] FROM docker.io/library/ubuntu:xenial
#4 sha256:14dd403f25ae9e519bd44f27dc17af7ce80f5a4f9f48ca88108364e67ec5d360
#4 DONE 0.0s

#12 importing cache manifest from gcr.io/fuzzbench/base-image
#12 sha256:9b220ebb4d4daceed1b96df9b6dca076e762f1cd612574f010b82d5b9e5ad896
#12 DONE 0.0s

#7 [internal] load build context
#7 sha256:912b05da905f24f6365db350a7e1d25b42e6e504f7b1c0bc9d1b0066e2a648a3
#7 transferring context: 559B done
#7 DONE 0.1s

#10 [6/7] RUN apt-get update -y && apt-get install -y     apt-transport-https     lsb-release
#10 sha256:7f6cee71adccc44059cb99312afabb7bb9362fa6d8f9e34da921e884117627df
#10 CACHED

#5 [2/7] RUN apt-get update -y && apt-get install -y     build-essential     rsync     curl     zlib1g-dev     libncurses5-dev     libgdbm-dev     libnss3-dev     libssl-dev     libreadline-dev     libffi-dev     virtualenv     libbz2-dev     liblzma-dev     libsqlite3-dev
#5 sha256:3a1b0960f17eed529eaae93dc8fd3554f2743dd584d8fa569cdbe6bc734371ac
#5 CACHED

#6 [3/7] RUN cd /tmp/ &&     curl -O https://www.python.org/ftp/python/3.8.6/Python-3.8.6.tar.xz &&     tar -xvf Python-3.8.6.tar.xz &&     cd Python-3.8.6 &&     ./configure --enable-loadable-sqlite-extensions --enable-optimizations &&     make -j install &&     rm -r /tmp/Python-3.8.6.tar.xz /tmp/Python-3.8.6
#6 sha256:c5b9d1fb3371e84dbc60b76e7b2f8d5913bc93bcd4910ab65daa03e7b2ec4bb0
#6 CACHED

#9 [5/7] RUN pip3 install -r /requirements.txt
#9 sha256:5590f14708b327de076b8d6e198b1740be2864183520795c9996232d122e59e1
#9 CACHED

#8 [4/7] COPY ./requirements.txt /
#8 sha256:a692b4230df0d0a8294ea22bd2c737dcdd32cd81dd2ae7103d34e4b6bd5a87f3
#8 CACHED

#11 [7/7] RUN CLOUD_SDK_REPO="cloud-sdk-$(lsb_release -c -s)" &&     echo "deb https://packages.cloud.google.com/apt $CLOUD_SDK_REPO main"     | tee -a /etc/apt/sources.list.d/google-cloud-sdk.list &&     curl https://packages.cloud.google.com/apt/doc/apt-key.gpg     | apt-key add - &&     apt-get update -y &&     apt-get install -y google-cloud-sdk
#11 sha256:a34f9f15f671f2a1f0b5969c34961cf3decbdd0c842d3694bd7f669eedbc9f68
#11 CACHED

#13 exporting to image
#13 sha256:e8c613e07b0b7ff33893b694f7759a10d42e180f2b4dc349fb57dc6b71dcab00
#13 exporting layers done
#13 writing image sha256:72c57924d0e15b1ac70414591013a5443777e61a51a51459c028464112162ac2 done
#13 naming to gcr.io/fuzzbench/base-image done
#13 DONE 0.0s

#14 exporting cache
#14 sha256:2700d4ef94dee473593c5c614b55b2dedcca7893909811a8f2b48291a1f581e4
#14 preparing build cache for export done
#14 DONE 0.0s
#1 [internal] load build definition from Dockerfile
#1 sha256:8b60645a19b6053e6047a0fd7cb625e30fb32d579d4a59044c7ab2b6ba3fd72f
#1 transferring dockerfile: 2.22kB done
#1 DONE 0.0s

#2 [internal] load .dockerignore
#2 sha256:f7a813f0ce887bc9e04107c88b318edac916fec4872cb517813575ff23e980ce
#2 transferring context: 34B done
#2 DONE 0.0s

#4 [internal] load metadata for gcr.io/fuzzbench/base-image:latest
#4 sha256:932022888f650cc455b10eb5123bb08c0cccacac29a693e69314abbfd28a72c3
#4 DONE 0.0s

#3 [internal] load metadata for gcr.io/fuzzbench/builders/afl/serenity_serenity-intermediate:latest
#3 sha256:d7253945d50717561f5093f893ce4d18109eee9f05f2a79cb7e886c4b30baaac
#3 DONE 0.0s

#7 [base-image 1/1] FROM gcr.io/fuzzbench/base-image
#7 sha256:4d07825694520f8b6f6a0d8592dbd345433361ae044cb7f06706c5a95e3daaad
#7 CACHED

#12 [internal] load build context
#12 sha256:0cfaf06fcbffa3c84a41d379a77bb5bf52d83ff76ea22af51bc5484f5733b65f
#12 DONE 0.0s

#6 [stage-1  1/13] FROM gcr.io/fuzzbench/builders/afl/serenity_serenity-intermediate
#6 sha256:92612f92669d8a5b1f42502d208175b2f9f6a99c75540d92d583db5d5a27bd8d
#6 DONE 0.0s

#5 importing cache manifest from gcr.io/fuzzbench/builders/afl/serenity_serenity
#5 sha256:985e422fd3b1f470bcdebc90feecc7e9dd4538eee2f90f95e5f2e98e5b1fe332
#5 ERROR: gcr.io/fuzzbench/builders/afl/serenity_serenity:latest: not found

#12 [internal] load build context
#12 sha256:0cfaf06fcbffa3c84a41d379a77bb5bf52d83ff76ea22af51bc5484f5733b65f
#12 transferring context: 669.87kB 0.1s done
#12 DONE 0.1s

#6 [stage-1  1/13] FROM gcr.io/fuzzbench/builders/afl/serenity_serenity-intermediate
#6 sha256:92612f92669d8a5b1f42502d208175b2f9f6a99c75540d92d583db5d5a27bd8d
#6 DONE 0.3s

#8 [stage-1  2/13] COPY --from=base-image /usr/local/bin/python3* /usr/local/bin/
#8 sha256:3ddde683fab0d01da5136773f6df7d46cfe877195f6f981167d0b98e37747fed
#8 DONE 0.4s

#9 [stage-1  3/13] COPY --from=base-image /usr/local/lib/python3.8 /usr/local/lib/python3.8
#9 sha256:c9eef576552c4ea3156da1adb115fe2786d928aba9f73f29b4455e9e75a4cfcd
#9 DONE 15.0s

#10 [stage-1  4/13] COPY --from=base-image /usr/local/include/python3.8 /usr/local/include/python3.8
#10 sha256:31611427d2544db2598a4add25401393b5e13205739a5d2cab1afec49014ef7a
#10 DONE 0.3s

#11 [stage-1  5/13] COPY --from=base-image /usr/local/lib/python3.8/site-packages /usr/local/lib/python3.8/site-packages
#11 sha256:3394fe0db19c250a4a4518608b9d833ee0858c613544218127e83c68c7361dff
#11 DONE 18.4s

#13 [stage-1  6/13] COPY fuzzers /src/fuzzers
#13 sha256:95a9fd9bb2755c2d38138dac2f22f2012cd4dddc77235756c06d5b4d9c8630e3
#13 DONE 0.5s

#14 [stage-1  7/13] RUN touch /src/__init__.py
#14 sha256:155872a092f4985d2f153379a8b6d61c48cf74c143b5df7a0be444523f90cda8
#14 DONE 0.8s

#15 [stage-1  8/13] COPY benchmarks/serenity_serenity/benchmark.yaml /
#15 sha256:7fcef5f97e01ddc30ef3059895bc6a4313762a8640d607aa4e5376de13aa530d
#15 DONE 0.4s

#16 [stage-1  9/13] RUN mkdir /opt/fuzzbench/
#16 sha256:6031e48385ce0abab361c29b54d3a3adac13a58a1e894bb8069697f87568edf4
#16 DONE 0.6s

#17 [stage-1 10/13] COPY docker/benchmark-builder/checkout_commit.py /opt/fuzzbench/
#17 sha256:8ed4e560cdd005f414b72eed63088463b930c93babf6c1d010484ecb4d374354
#17 DONE 0.2s

#18 [stage-1 11/13] RUN export CHECKOUT_COMMIT=$(cat /benchmark.yaml | tr -d ' ' | grep 'commit:' | cut -d ':' -f2) &&     python3 -u /opt/fuzzbench/checkout_commit.py $CHECKOUT_COMMIT /src
#18 sha256:e2b98f630fb5c3ff2c52a5cce714e6288c823dc5c6dc57731ba49aed32ad4c6a
#18 0.457 Checking out commit c28f4d84
#18 0.468 error: pathspec 'c28f4d84' did not match any file(s) known to git
#18 0.474 error: pathspec 'c28f4d84' did not match any file(s) known to git
#18 0.480 error: pathspec 'c28f4d84' did not match any file(s) known to git
#18 0.613 error: pathspec 'c28f4d84' did not match any file(s) known to git
#18 0.664 Checkout unsuccessful.
#18 DONE 0.8s

#19 [stage-1 12/13] RUN echo "#!/bin/bash\nPYTHONPATH=/src python3 -u -c "from fuzzers import utils; utils.initialize_env(); from fuzzers.afl import fuzzer; fuzzer.build()"" > /usr/bin/fuzzer_build &&     chmod +x /usr/bin/fuzzer_build
#19 sha256:a152488aac8ff08480b811afa8fcb1c7e44ea94d390b956ab088aa398d888bff
#19 DONE 0.7s

#20 [stage-1 13/13] RUN echo "Run fuzzer_build to build the target" && if [ -z "$debug_builder" ] ; then fuzzer_build; fi
#20 sha256:0d2ec663c5798d0136c0f1b418240a9b19145e2da2f1ddec928a3f5f56aaf682
#20 0.494 Run fuzzer_build to build the target
#20 0.614 FUZZ_TARGET = serenity
#20 0.614 CFLAGS = -DFUZZING_BUILD_MODE_UNSAFE_FOR_PRODUCTION -pthread -Wl,--no-as-needed -Wl,-ldl -Wl,-lm -Wno-unused-command-line-argument -O3
#20 0.614 CXXFLAGS = -DFUZZING_BUILD_MODE_UNSAFE_FOR_PRODUCTION -pthread -Wl,--no-as-needed -Wl,-ldl -Wl,-lm -Wno-unused-command-line-argument -stdlib=libc++ -O3
#20 0.628 Building benchmark serenity_serenity with fuzzer afl
#20 0.630 + cd serenity/Meta/Lagom
#20 0.630 + mkdir build
#20 0.632 + cd build
#20 0.632 + cmake -DBUILD_LAGOM=ON -DENABLE_OSS_FUZZ=ON -DCMAKE_C_COMPILER=clang -DCMAKE_CXX_COMPILER=clang++ '-DCMAKE_CXX_FLAGS=-DFUZZING_BUILD_MODE_UNSAFE_FOR_PRODUCTION -pthread -Wl,--no-as-needed -Wl,-ldl -Wl,-lm -Wno-unused-command-line-argument -stdlib=libc++ -O3 -fsanitize-coverage=trace-pc-guard -DOSS_FUZZ=ON' -DLINKER_FLAGS=/libAFL.a ..
#20 0.983 -- The C compiler identification is Clang 14.0.0
#20 1.279 -- The CXX compiler identification is Clang 14.0.0
#20 1.308 -- Detecting C compiler ABI info
#20 1.485 -- Detecting C compiler ABI info - done
#20 1.547 -- Check for working C compiler: /usr/local/bin/clang - skipped
#20 1.553 -- Detecting C compile features
#20 1.554 -- Detecting C compile features - done
#20 1.566 -- Detecting CXX compiler ABI info
#20 1.765 -- Detecting CXX compiler ABI info - done
#20 1.832 -- Check for working CXX compiler: /usr/local/bin/clang++ - skipped
#20 1.833 -- Detecting CXX compile features
#20 1.834 -- Detecting CXX compile features - done
#20 1.841 -- Looking for pthread.h
#20 2.031 -- Looking for pthread.h - found
#20 2.031 -- Performing Test CMAKE_HAVE_LIBC_PTHREAD
#20 2.217 -- Performing Test CMAKE_HAVE_LIBC_PTHREAD - Success
#20 2.225 -- Found Threads: TRUE  
#20 2.268 -- Configuring done
#20 2.618 -- Generating done
#20 2.632 -- Build files have been written to: /src/serenity/Meta/Lagom/build
#20 2.639 + make
#20 2.746 [  1%] Building CXX object CMakeFiles/LagomCore.dir/src/serenity/AK/Base64.cpp.o
#20 3.595 [  1%] Building CXX object CMakeFiles/LagomCore.dir/src/serenity/AK/FlyString.cpp.o
#20 4.812 [  1%] Building CXX object CMakeFiles/LagomCore.dir/src/serenity/AK/Format.cpp.o
#20 6.630 [  1%] Building CXX object CMakeFiles/LagomCore.dir/src/serenity/AK/GenericLexer.cpp.o
#20 7.291 [  1%] Building CXX object CMakeFiles/LagomCore.dir/src/serenity/AK/Hex.cpp.o
#20 7.871 [  1%] Building CXX object CMakeFiles/LagomCore.dir/src/serenity/AK/JsonParser.cpp.o
#20 9.330 [  2%] Building CXX object CMakeFiles/LagomCore.dir/src/serenity/AK/JsonPath.cpp.o
#20 9.984 [  2%] Building CXX object CMakeFiles/LagomCore.dir/src/serenity/AK/JsonValue.cpp.o
#20 11.04 [  2%] Building CXX object CMakeFiles/LagomCore.dir/src/serenity/AK/LexicalPath.cpp.o
#20 11.91 [  2%] Building CXX object CMakeFiles/LagomCore.dir/src/serenity/AK/Random.cpp.o
#20 11.98 [  2%] Building CXX object CMakeFiles/LagomCore.dir/src/serenity/AK/StackInfo.cpp.o
#20 12.08 [  2%] Building CXX object CMakeFiles/LagomCore.dir/src/serenity/AK/String.cpp.o
#20 13.27 [  3%] Building CXX object CMakeFiles/LagomCore.dir/src/serenity/AK/StringBuilder.cpp.o
#20 16.17 [  3%] Building CXX object CMakeFiles/LagomCore.dir/src/serenity/AK/StringImpl.cpp.o
#20 16.76 [  3%] Building CXX object CMakeFiles/LagomCore.dir/src/serenity/AK/StringUtils.cpp.o
#20 18.02 [  3%] Building CXX object CMakeFiles/LagomCore.dir/src/serenity/AK/StringView.cpp.o
#20 18.77 [  3%] Building CXX object CMakeFiles/LagomCore.dir/src/serenity/AK/Time.cpp.o
#20 19.07 [  3%] Building CXX object CMakeFiles/LagomCore.dir/src/serenity/AK/URL.cpp.o
#20 20.26 [  4%] Building CXX object CMakeFiles/LagomCore.dir/src/serenity/AK/URLParser.cpp.o
#20 22.17 [  4%] Building CXX object CMakeFiles/LagomCore.dir/src/serenity/AK/UUID.cpp.o
#20 22.79 [  4%] Building CXX object CMakeFiles/LagomCore.dir/src/serenity/AK/Utf16View.cpp.o
#20 23.45 [  4%] Building CXX object CMakeFiles/LagomCore.dir/src/serenity/AK/Utf8View.cpp.o
#20 24.08 [  4%] Building CXX object CMakeFiles/LagomCore.dir/src/serenity/AK/kmalloc.cpp.o
#20 24.09 [  4%] Building CXX object CMakeFiles/LagomCore.dir/src/serenity/Userland/Libraries/LibCore/Account.cpp.o
#20 25.41 [  4%] Building CXX object CMakeFiles/LagomCore.dir/src/serenity/Userland/Libraries/LibCore/AnonymousBuffer.cpp.o
#20 25.86 [  5%] Building CXX object CMakeFiles/LagomCore.dir/src/serenity/Userland/Libraries/LibCore/ArgsParser.cpp.o
#20 27.71 [  5%] Building CXX object CMakeFiles/LagomCore.dir/src/serenity/Userland/Libraries/LibCore/Command.cpp.o
#20 28.19 [  5%] Building CXX object CMakeFiles/LagomCore.dir/src/serenity/Userland/Libraries/LibCore/ConfigFile.cpp.o
#20 30.89 [  5%] Building CXX object CMakeFiles/LagomCore.dir/src/serenity/Userland/Libraries/LibCore/DateTime.cpp.o
#20 31.87 [  5%] Building CXX object CMakeFiles/LagomCore.dir/src/serenity/Userland/Libraries/LibCore/DirIterator.cpp.o
#20 32.40 [  5%] Building CXX object CMakeFiles/LagomCore.dir/src/serenity/Userland/Libraries/LibCore/ElapsedTimer.cpp.o
#20 32.51 [  6%] Building CXX object CMakeFiles/LagomCore.dir/src/serenity/Userland/Libraries/LibCore/Event.cpp.o
#20 33.17 [  6%] Building CXX object CMakeFiles/LagomCore.dir/src/serenity/Userland/Libraries/LibCore/EventLoop.cpp.o
#20 36.16 [  6%] Building CXX object CMakeFiles/LagomCore.dir/src/serenity/Userland/Libraries/LibCore/File.cpp.o
#20 37.44 [  6%] Building CXX object CMakeFiles/LagomCore.dir/src/serenity/Userland/Libraries/LibCore/FilePermissionsMask.cpp.o
#20 37.91 [  6%] Building CXX object CMakeFiles/LagomCore.dir/src/serenity/Userland/Libraries/LibCore/FileWatcher.cpp.o
#20 38.39 [  6%] Building CXX object CMakeFiles/LagomCore.dir/src/serenity/Userland/Libraries/LibCore/GetPassword.cpp.o
#20 38.78 [  7%] Building CXX object CMakeFiles/LagomCore.dir/src/serenity/Userland/Libraries/LibCore/Group.cpp.o
#20 39.47 [  7%] Building CXX object CMakeFiles/LagomCore.dir/src/serenity/Userland/Libraries/LibCore/IODevice.cpp.o
#20 40.44 [  7%] Building CXX object CMakeFiles/LagomCore.dir/src/serenity/Userland/Libraries/LibCore/LocalServer.cpp.o
#20 41.45 [  7%] Building CXX object CMakeFiles/LagomCore.dir/src/serenity/Userland/Libraries/LibCore/LockFile.cpp.o
#20 41.97 [  7%] Building CXX object CMakeFiles/LagomCore.dir/src/serenity/Userland/Libraries/LibCore/MappedFile.cpp.o
#20 42.49 [  7%] Building CXX object CMakeFiles/LagomCore.dir/src/serenity/Userland/Libraries/LibCore/MimeData.cpp.o
#20 43.75 [  8%] Building CXX object CMakeFiles/LagomCore.dir/src/serenity/Userland/Libraries/LibCore/NetworkJob.cpp.o
#20 44.55 [  8%] Building CXX object CMakeFiles/LagomCore.dir/src/serenity/Userland/Libraries/LibCore/NetworkResponse.cpp.o
#20 44.78 [  8%] Building CXX object CMakeFiles/LagomCore.dir/src/serenity/Userland/Libraries/LibCore/Notifier.cpp.o
#20 45.38 [  8%] Building CXX object CMakeFiles/LagomCore.dir/src/serenity/Userland/Libraries/LibCore/Object.cpp.o
#20 47.84 [  8%] Building CXX object CMakeFiles/LagomCore.dir/src/serenity/Userland/Libraries/LibCore/Process.cpp.o
#20 48.22 [  8%] Building CXX object CMakeFiles/LagomCore.dir/src/serenity/Userland/Libraries/LibCore/ProcessStatisticsReader.cpp.o
#20 50.28 [  9%] Building CXX object CMakeFiles/LagomCore.dir/src/serenity/Userland/Libraries/LibCore/Property.cpp.o
#20 50.71 [  9%] Building CXX object CMakeFiles/LagomCore.dir/src/serenity/Userland/Libraries/LibCore/SecretString.cpp.o
#20 51.09 [  9%] Building CXX object CMakeFiles/LagomCore.dir/src/serenity/Userland/Libraries/LibCore/StandardPaths.cpp.o
#20 51.52 [  9%] Building CXX object CMakeFiles/LagomCore.dir/src/serenity/Userland/Libraries/LibCore/Stream.cpp.o
#20 53.36 [  9%] Building CXX object CMakeFiles/LagomCore.dir/src/serenity/Userland/Libraries/LibCore/System.cpp.o
#20 54.93 [  9%] Building CXX object CMakeFiles/LagomCore.dir/src/serenity/Userland/Libraries/LibCore/SystemServerTakeover.cpp.o
#20 56.02 [  9%] Building CXX object CMakeFiles/LagomCore.dir/src/serenity/Userland/Libraries/LibCore/TCPServer.cpp.o
#20 56.95 [ 10%] Building CXX object CMakeFiles/LagomCore.dir/src/serenity/Userland/Libraries/LibCore/TempFile.cpp.o
#20 57.48 [ 10%] Building CXX object CMakeFiles/LagomCore.dir/src/serenity/Userland/Libraries/LibCore/Timer.cpp.o
#20 58.17 [ 10%] Building CXX object CMakeFiles/LagomCore.dir/src/serenity/Userland/Libraries/LibCore/UDPServer.cpp.o
#20 59.00 [ 10%] Building CXX object CMakeFiles/LagomCore.dir/src/serenity/Userland/Libraries/LibCore/Version.cpp.o
#20 59.90 [ 10%] Linking CXX static library liblagom-core.a
#20 59.94 [ 10%] Built target LagomCore
#20 59.95 [ 10%] Building CXX object CMakeFiles/LagomWasm.dir/src/serenity/Userland/Libraries/LibWasm/AbstractMachine/AbstractMachine.cpp.o
#20 66.36 [ 10%] Building CXX object CMakeFiles/LagomWasm.dir/src/serenity/Userland/Libraries/LibWasm/AbstractMachine/BytecodeInterpreter.cpp.o
#20 78.93 [ 11%] Building CXX object CMakeFiles/LagomWasm.dir/src/serenity/Userland/Libraries/LibWasm/AbstractMachine/Configuration.cpp.o
#20 81.20 [ 11%] Building CXX object CMakeFiles/LagomWasm.dir/src/serenity/Userland/Libraries/LibWasm/AbstractMachine/Validator.cpp.o
#20 91.22 [ 11%] Building CXX object CMakeFiles/LagomWasm.dir/src/serenity/Userland/Libraries/LibWasm/Parser/Parser.cpp.o
#20 100.6 [ 11%] Building CXX object CMakeFiles/LagomWasm.dir/src/serenity/Userland/Libraries/LibWasm/Printer/Printer.cpp.o
#20 104.6 [ 11%] Linking CXX static library liblagom-wasm.a
#20 104.6 [ 11%] Built target LagomWasm
#20 104.6 [ 11%] Building CXX object CMakeFiles/LagomX86.dir/src/serenity/Userland/Libraries/LibX86/Instruction.cpp.o
#20 108.0 [ 12%] Linking CXX static library liblagom-x86.a
#20 108.0 [ 12%] Built target LagomX86
#20 108.0 [ 12%] Building CXX object CMakeFiles/LagomTimeZone.dir/src/serenity/Userland/Libraries/LibTimeZone/TimeZone.cpp.o
#20 108.6 [ 12%] Linking CXX static library liblagom-timezone.a
#20 108.6 [ 12%] Built target LagomTimeZone
#20 108.6 [ 12%] Building CXX object CMakeFiles/LagomUnicode.dir/src/serenity/Userland/Libraries/LibUnicode/CharacterTypes.cpp.o
#20 109.1 [ 12%] Building CXX object CMakeFiles/LagomUnicode.dir/src/serenity/Userland/Libraries/LibUnicode/CurrencyCode.cpp.o
#20 110.0 [ 12%] Building CXX object CMakeFiles/LagomUnicode.dir/src/serenity/Userland/Libraries/LibUnicode/DateTimeFormat.cpp.o
#20 110.8 [ 13%] Building CXX object CMakeFiles/LagomUnicode.dir/src/serenity/Userland/Libraries/LibUnicode/Locale.cpp.o
#20 115.5 [ 13%] Building CXX object CMakeFiles/LagomUnicode.dir/src/serenity/Userland/Libraries/LibUnicode/NumberFormat.cpp.o
#20 115.9 [ 13%] Building CXX object CMakeFiles/LagomUnicode.dir/src/serenity/Userland/Libraries/LibUnicode/RelativeTimeFormat.cpp.o
#20 116.4 [ 13%] Linking CXX static library liblagom-unicode.a
#20 116.4 [ 13%] Built target LagomUnicode
#20 116.4 [ 13%] Building CXX object CMakeFiles/LagomCrypto.dir/src/serenity/Userland/Libraries/LibCrypto/ASN1/ASN1.cpp.o
#20 116.9 [ 14%] Building CXX object CMakeFiles/LagomCrypto.dir/src/serenity/Userland/Libraries/LibCrypto/ASN1/DER.cpp.o
#20 119.2 [ 14%] Building CXX object CMakeFiles/LagomCrypto.dir/src/serenity/Userland/Libraries/LibCrypto/ASN1/PEM.cpp.o
#20 119.8 [ 14%] Building CXX object CMakeFiles/LagomCrypto.dir/src/serenity/Userland/Libraries/LibCrypto/Authentication/GHash.cpp.o
#20 120.3 [ 14%] Building CXX object CMakeFiles/LagomCrypto.dir/src/serenity/Userland/Libraries/LibCrypto/BigInt/SignedBigInteger.cpp.o
#20 121.5 [ 14%] Building CXX object CMakeFiles/LagomCrypto.dir/src/serenity/Userland/Libraries/LibCrypto/BigInt/UnsignedBigInteger.cpp.o
#20 122.5 [ 14%] Building CXX object CMakeFiles/LagomCrypto.dir/src/serenity/Userland/Libraries/LibCrypto/Checksum/Adler32.cpp.o
#20 122.6 [ 15%] Building CXX object CMakeFiles/LagomCrypto.dir/src/serenity/Userland/Libraries/LibCrypto/Checksum/CRC32.cpp.o
#20 122.7 [ 15%] Building CXX object CMakeFiles/LagomCrypto.dir/src/serenity/Userland/Libraries/LibCrypto/Cipher/AES.cpp.o
#20 123.4 [ 15%] Building CXX object CMakeFiles/LagomCrypto.dir/src/serenity/Userland/Libraries/LibCrypto/Hash/MD5.cpp.o
#20 123.9 [ 15%] Building CXX object CMakeFiles/LagomCrypto.dir/src/serenity/Userland/Libraries/LibCrypto/Hash/SHA1.cpp.o
#20 124.3 [ 15%] Building CXX object CMakeFiles/LagomCrypto.dir/src/serenity/Userland/Libraries/LibCrypto/Hash/SHA2.cpp.o
#20 124.9 [ 15%] Building CXX object CMakeFiles/LagomCrypto.dir/src/serenity/Userland/Libraries/LibCrypto/NumberTheory/ModularFunctions.cpp.o
#20 126.2 [ 16%] Building CXX object CMakeFiles/LagomCrypto.dir/src/serenity/Userland/Libraries/LibCrypto/PK/RSA.cpp.o
#20 128.7 [ 16%] Building CXX object CMakeFiles/LagomCrypto.dir/src/serenity/Userland/Libraries/LibCrypto/BigInt/Algorithms/BitwiseOperations.cpp.o
#20 129.2 [ 16%] Building CXX object CMakeFiles/LagomCrypto.dir/src/serenity/Userland/Libraries/LibCrypto/BigInt/Algorithms/Division.cpp.o
#20 129.7 [ 16%] Building CXX object CMakeFiles/LagomCrypto.dir/src/serenity/Userland/Libraries/LibCrypto/BigInt/Algorithms/GCD.cpp.o
#20 130.3 [ 16%] Building CXX object CMakeFiles/LagomCrypto.dir/src/serenity/Userland/Libraries/LibCrypto/BigInt/Algorithms/ModularInverse.cpp.o
#20 131.0 [ 16%] Building CXX object CMakeFiles/LagomCrypto.dir/src/serenity/Userland/Libraries/LibCrypto/BigInt/Algorithms/ModularPower.cpp.o
#20 132.2 [ 16%] Building CXX object CMakeFiles/LagomCrypto.dir/src/serenity/Userland/Libraries/LibCrypto/BigInt/Algorithms/Multiplication.cpp.o
#20 132.8 [ 17%] Building CXX object CMakeFiles/LagomCrypto.dir/src/serenity/Userland/Libraries/LibCrypto/BigInt/Algorithms/SimpleOperations.cpp.o
#20 133.7 [ 17%] Linking CXX static library liblagom-crypto.a
#20 133.7 [ 17%] Built target LagomCrypto
#20 133.7 [ 17%] Building CXX object CMakeFiles/LagomTLS.dir/src/serenity/Userland/Libraries/LibTLS/Certificate.cpp.o
#20 138.0 [ 17%] Building CXX object CMakeFiles/LagomTLS.dir/src/serenity/Userland/Libraries/LibTLS/Handshake.cpp.o
#20 142.5 [ 17%] Building CXX object CMakeFiles/LagomTLS.dir/src/serenity/Userland/Libraries/LibTLS/HandshakeCertificate.cpp.o
#20 145.6 [ 17%] Building CXX object CMakeFiles/LagomTLS.dir/src/serenity/Userland/Libraries/LibTLS/HandshakeClient.cpp.o
#20 150.1 [ 18%] Building CXX object CMakeFiles/LagomTLS.dir/src/serenity/Userland/Libraries/LibTLS/HandshakeServer.cpp.o
#20 152.9 [ 18%] Building CXX object CMakeFiles/LagomTLS.dir/src/serenity/Userland/Libraries/LibTLS/Record.cpp.o
#20 155.8 [ 18%] Building CXX object CMakeFiles/LagomTLS.dir/src/serenity/Userland/Libraries/LibTLS/Socket.cpp.o
#20 158.3 [ 18%] Building CXX object CMakeFiles/LagomTLS.dir/src/serenity/Userland/Libraries/LibTLS/TLSv12.cpp.o
#20 162.1 [ 18%] Linking CXX static library liblagom-tls.a
#20 162.1 [ 18%] Built target LagomTLS
#20 162.1 [ 18%] Building CXX object CMakeFiles/LagomTextCodec.dir/src/serenity/Userland/Libraries/LibTextCodec/Decoder.cpp.o
#20 163.1 [ 19%] Linking CXX static library liblagom-textcodec.a
#20 163.1 [ 19%] Built target LagomTextCodec
#20 163.1 [ 19%] Building CXX object CMakeFiles/LagomRegex.dir/src/serenity/Userland/Libraries/LibRegex/RegexByteCode.cpp.o
#20 170.4 [ 19%] Building CXX object CMakeFiles/LagomRegex.dir/src/serenity/Userland/Libraries/LibRegex/RegexLexer.cpp.o
#20 170.8 [ 19%] Building CXX object CMakeFiles/LagomRegex.dir/src/serenity/Userland/Libraries/LibRegex/RegexMatcher.cpp.o
#20 176.2 [ 20%] Building CXX object CMakeFiles/LagomRegex.dir/src/serenity/Userland/Libraries/LibRegex/RegexOptimizer.cpp.o
#20 181.9 [ 20%] Building CXX object CMakeFiles/LagomRegex.dir/src/serenity/Userland/Libraries/LibRegex/RegexParser.cpp.o
/bin/sh: 1: source: not found
#1 [internal] load build definition from Dockerfile
#1 sha256:c2efdb72e8af8aecc987ce46efc5bb5671de12569b116c0e74ba551fb844617c
#1 transferring dockerfile: 32B done
#1 DONE 0.0s

#2 [internal] load .dockerignore
#2 sha256:c10a84b5e2f8d0863617e035d0bbe975149bd92cf0f88ef0fd3eca6ddffb47ff
#2 transferring context: 2B done
#2 DONE 0.1s

#3 [internal] load metadata for gcr.io/oss-fuzz-base/base-builder:latest
#3 sha256:f10dc39cc9d418a5bc416dead31a1902b6821fdae909cd3b08f7a3fd1faba7b5
#3 DONE 0.4s

#5 [1/5] FROM gcr.io/oss-fuzz-base/base-builder@sha256:41d7bbe7827592680a606c9bba1aeb6e23c7502ce8b633923b06542f4c706e7c
#5 sha256:660db69324ed478291dd329cbbfe422dccbc173f9ab806c069fac341073eab8c
#5 DONE 0.0s

#4 importing cache manifest from gcr.io/fuzzbench/builders/benchmark/serenity_serenity
#4 sha256:03ecaa8b2d35c3302aa0e8caa4811f87526c25403346fe8042e01da9492c25eb
#4 DONE 0.0s

#9 [internal] load build context
#9 sha256:8f8ac946cb68caf19ff4e1a15814475d80a278980d234437c67b1078d0e543f9
#9 transferring context: 30B done
#9 DONE 0.0s

#6 [2/5] RUN apt-get update && apt-get install -y build-essential cmake curl libmpfr-dev libmpc-dev libgmp-dev e2fsprogs
#6 sha256:db2f04ace3c693e37db959e4fb3ef9f334cf121d653e721ad4ec669bfad0c5d0
#6 CACHED

#7 [3/5] RUN git clone https://github.com/SerenityOS/serenity
#7 sha256:c259f15694f26e781668767ed2e73e885b5ce1f05c1c23d03189fa14a075a03e
#7 CACHED

#8 [4/5] WORKDIR /src
#8 sha256:dc0e65f9801309fbb4d58ded99cd49c6adfa217e9d5576428bdbe87cd69fd5d9
#8 CACHED

#10 [5/5] COPY build.sh /src/
#10 sha256:cf39a21b580df0e1e3355ccf931cc72a016d512694f954bd5a828430ddcf53f6
#10 CACHED

#11 exporting to image
#11 sha256:e8c613e07b0b7ff33893b694f7759a10d42e180f2b4dc349fb57dc6b71dcab00
#11 exporting layers done
#11 writing image sha256:0ba5437e8ca066355617f4ab468a07aac871130f1d78b12a48faacb6e5aad2a3 done
#11 naming to gcr.io/fuzzbench/builders/benchmark/serenity_serenity done
#11 DONE 0.1s

#12 exporting cache
#12 sha256:2700d4ef94dee473593c5c614b55b2dedcca7893909811a8f2b48291a1f581e4
#12 preparing build cache for export done
#12 DONE 0.0s
#1 [internal] load build definition from builder.Dockerfile
#1 sha256:b7e13b2ef704c1391d56597c829749dc507f050bf5f5c92fc23316c2c89f2f28
#1 transferring dockerfile: 46B done
#1 DONE 0.0s

#2 [internal] load .dockerignore
#2 sha256:1edc8ee558b9a22dcaaa516a63db0bee888a195e3c32546a68f34549b2bb2ef0
#2 transferring context: 2B done
#2 DONE 0.0s

#3 [internal] load metadata for gcr.io/fuzzbench/builders/benchmark/serenity_serenity:latest
#3 sha256:b3688bccdda56e8032a175d7642c755c205ec3399fd5f2734601fd27e489e625
#3 DONE 0.0s

#5 [1/3] FROM gcr.io/fuzzbench/builders/benchmark/serenity_serenity
#5 sha256:ff60149b30bb7a9eb671774f226fbf75e7d56050039476bdf0b9bb60abbabe76
#5 DONE 0.0s

#4 importing cache manifest from gcr.io/fuzzbench/builders/afl/serenity_serenity-intermediate
#4 sha256:28005a09db41b7dedca601d39f495754e095539859d95e7c8059b6808bf12ae3
#4 DONE 0.0s

#6 [2/3] RUN git clone https://github.com/google/AFL.git /afl &&     cd /afl &&     git checkout 61037103ae3722c8060ff7082994836a794f978e &&     AFL_NO_X86=1 make
#6 sha256:d51aa601a17afca85f789bc27ab6a6047ca1644c4e61debb85159488ab3b5804
#6 CACHED

#7 [3/3] RUN apt-get update &&     apt-get install wget -y &&     wget https://raw.githubusercontent.com/llvm/llvm-project/5feb80e748924606531ba28c97fe65145c65372e/compiler-rt/lib/fuzzer/afl/afl_driver.cpp -O /afl/afl_driver.cpp &&     clang -Wno-pointer-sign -c /afl/llvm_mode/afl-llvm-rt.o.c -I/afl &&     clang++ -stdlib=libc++ -std=c++11 -O2 -c /afl/afl_driver.cpp &&     ar r /libAFL.a *.o
#7 sha256:325465546400c972630dcb7df45e2cb93f3ad70dcab0eb26beb91db848725929
#7 CACHED

#8 exporting to image
#8 sha256:e8c613e07b0b7ff33893b694f7759a10d42e180f2b4dc349fb57dc6b71dcab00
#8 exporting layers done
#8 writing image sha256:875548a6191ec32d130d6b0ce80e1a59f0b7108e8deed3369b4bb49564e7bf93
#8 writing image sha256:875548a6191ec32d130d6b0ce80e1a59f0b7108e8deed3369b4bb49564e7bf93 done
#8 naming to gcr.io/fuzzbench/builders/afl/serenity_serenity-intermediate done
#8 DONE 0.1s

#9 exporting cache
#9 sha256:2700d4ef94dee473593c5c614b55b2dedcca7893909811a8f2b48291a1f581e4
#9 preparing build cache for export done
#9 DONE 0.0s
#20 189.9 [ 20%] Building CXX object CMakeFiles/LagomRegex.dir/src/serenity/Userland/Libraries/LibRegex/C/Regex.cpp.o
#1 [internal] load build definition from Dockerfile
#1 sha256:23a1d25f682ac55ad5b20ccff9b159f83e2cf7940b03bf7fc155cf7e45779b1b
#1 transferring dockerfile: 2.00kB done
#1 DONE 0.0s

#2 [internal] load .dockerignore
#2 sha256:43c5f6e2eab59e04f1989fb3ea77522a7370a3224c0bc0f6b2c7cc73665996e2
#2 transferring context: 143B done
#2 DONE 0.0s

#3 [internal] load metadata for docker.io/library/ubuntu:xenial
#3 sha256:f62bae18ed588840f045c881b2502661f2a89578a2f8f99b83f5200ee83dd25b
#3 DONE 0.0s

#11 [1/7] FROM docker.io/library/ubuntu:xenial
#11 sha256:14dd403f25ae9e519bd44f27dc17af7ce80f5a4f9f48ca88108364e67ec5d360
#11 DONE 0.0s

#4 importing cache manifest from gcr.io/fuzzbench/base-image
#4 sha256:9b220ebb4d4daceed1b96df9b6dca076e762f1cd612574f010b82d5b9e5ad896
#4 DONE 0.0s

#12 [internal] load build context
#12 sha256:25a072a64750ef9895450f2cb6cd7925ef25583bcf4ef64e2d0fa05960591e83
#12 transferring context: 559B done
#12 DONE 0.0s

#5 [2/7] RUN apt-get update -y && apt-get install -y     build-essential     rsync     curl     zlib1g-dev     libncurses5-dev     libgdbm-dev     libnss3-dev     libssl-dev     libreadline-dev     libffi-dev     virtualenv     libbz2-dev     liblzma-dev     libsqlite3-dev
#5 sha256:3a1b0960f17eed529eaae93dc8fd3554f2743dd584d8fa569cdbe6bc734371ac
#5 CACHED

#6 [3/7] RUN cd /tmp/ &&     curl -O https://www.python.org/ftp/python/3.8.6/Python-3.8.6.tar.xz &&     tar -xvf Python-3.8.6.tar.xz &&     cd Python-3.8.6 &&     ./configure --enable-loadable-sqlite-extensions --enable-optimizations &&     make -j install &&     rm -r /tmp/Python-3.8.6.tar.xz /tmp/Python-3.8.6
#6 sha256:c5b9d1fb3371e84dbc60b76e7b2f8d5913bc93bcd4910ab65daa03e7b2ec4bb0
#6 CACHED

#8 [5/7] RUN pip3 install -r /requirements.txt
#8 sha256:3a4aa179d6683cb6ec8a247feaa9c60442393e615d66c66f75cf975c8db5d7ee
#8 CACHED

#7 [4/7] COPY ./requirements.txt /
#7 sha256:b520d825656cb54c06e25f38a45d5476fc48736e9e8fcb69429cec06d541ae13
#7 CACHED

#9 [6/7] RUN apt-get update -y && apt-get install -y     apt-transport-https     lsb-release
#9 sha256:3617e7a6b191fc64dca046dd4e9aea7bb1f0867778ef5927b84913fd637fdcd3
#9 CACHED

#10 [7/7] RUN CLOUD_SDK_REPO="cloud-sdk-$(lsb_release -c -s)" &&     echo "deb https://packages.cloud.google.com/apt $CLOUD_SDK_REPO main"     | tee -a /etc/apt/sources.list.d/google-cloud-sdk.list &&     curl https://packages.cloud.google.com/apt/doc/apt-key.gpg     | apt-key add - &&     apt-get update -y &&     apt-get install -y google-cloud-sdk
#10 sha256:8d10f5e710fc47844f7c690e2db6ded8e401eb9ae373ca04e712837c6d253a24
#10 CACHED

#13 exporting to image
#13 sha256:e8c613e07b0b7ff33893b694f7759a10d42e180f2b4dc349fb57dc6b71dcab00
#13 exporting layers done
#13 writing image sha256:72c57924d0e15b1ac70414591013a5443777e61a51a51459c028464112162ac2 done
#13 naming to gcr.io/fuzzbench/base-image done
#13 DONE 0.0s

#14 exporting cache
#14 sha256:2700d4ef94dee473593c5c614b55b2dedcca7893909811a8f2b48291a1f581e4
#14 preparing build cache for export done
#14 DONE 0.0s
#1 [internal] load build definition from Dockerfile
#1 sha256:b6f016850bb902ec6f56ecfc5b1463946b50cd4216f76a224ecd60065dcbcf46
#1 transferring dockerfile: 2.22kB done
#1 DONE 0.0s

#7 [base-image 1/1] FROM gcr.io/fuzzbench/base-image
#7 sha256:4d07825694520f8b6f6a0d8592dbd345433361ae044cb7f06706c5a95e3daaad
#7 CACHED

#6 [stage-1  1/13] FROM gcr.io/fuzzbench/builders/afl/serenity_serenity-intermediate
#6 sha256:92612f92669d8a5b1f42502d208175b2f9f6a99c75540d92d583db5d5a27bd8d
#6 DONE 0.3s

#8 [stage-1  2/13] COPY --from=base-image /usr/local/bin/python3* /usr/local/bin/
#8 sha256:3ddde683fab0d01da5136773f6df7d46cfe877195f6f981167d0b98e37747fed
#8 DONE 0.4s

#9 [stage-1  3/13] COPY --from=base-image /usr/local/lib/python3.8 /usr/local/lib/python3.8
#9 sha256:c9eef576552c4ea3156da1adb115fe2786d928aba9f73f29b4455e9e75a4cfcd
#9 DONE 15.0s

#10 [stage-1  4/13] COPY --from=base-image /usr/local/include/python3.8 /usr/local/include/python3.8
#10 sha256:31611427d2544db2598a4add25401393b5e13205739a5d2cab1afec49014ef7a
#10 DONE 0.3s

#11 [stage-1  5/13] COPY --from=base-image /usr/local/lib/python3.8/site-packages /usr/local/lib/python3.8/site-packages
#11 sha256:3394fe0db19c250a4a4518608b9d833ee0858c613544218127e83c68c7361dff
#11 DONE 18.4s

#2 [internal] load .dockerignore
#2 sha256:240d301fbf4d6f8b28d0578b8a531cc37f318648b3cb5c6db87877f42bf4c6d5
#2 transferring context: 34B done
#2 DONE 0.0s

#4 [internal] load metadata for gcr.io/fuzzbench/base-image:latest
#4 sha256:932022888f650cc455b10eb5123bb08c0cccacac29a693e69314abbfd28a72c3
#4 DONE 0.0s

#3 [internal] load metadata for gcr.io/fuzzbench/builders/afl/serenity_serenity-intermediate:latest
#3 sha256:d7253945d50717561f5093f893ce4d18109eee9f05f2a79cb7e886c4b30baaac
#3 DONE 0.0s

#12 [internal] load build context
#12 sha256:d387f63b9037ebd396c82ccfe5ceeb476ed081ccaf4e9bd3e0673a1ec7ccf50e
#12 DONE 0.0s

#5 importing cache manifest from gcr.io/fuzzbench/builders/afl/serenity_serenity
#5 sha256:985e422fd3b1f470bcdebc90feecc7e9dd4538eee2f90f95e5f2e98e5b1fe332
#5 ERROR: gcr.io/fuzzbench/builders/afl/serenity_serenity:latest: not found

#12 [internal] load build context
#12 sha256:d387f63b9037ebd396c82ccfe5ceeb476ed081ccaf4e9bd3e0673a1ec7ccf50e
#12 transferring context: 669.87kB 0.1s done
#12 DONE 0.1s
#20 192.0 [ 20%] Linking CXX static library liblagom-regex.a
#20 192.0 [ 20%] Built target LagomRegex
#20 192.1 [ 20%] Building CXX object CMakeFiles/LagomSQL.dir/src/serenity/Userland/Libraries/LibSQL/AST/CreateSchema.cpp.o
#20 193.2 [ 20%] Building CXX object CMakeFiles/LagomSQL.dir/src/serenity/Userland/Libraries/LibSQL/AST/CreateTable.cpp.o
#20 194.6 [ 21%] Building CXX object CMakeFiles/LagomSQL.dir/src/serenity/Userland/Libraries/LibSQL/AST/Describe.cpp.o
#20 195.8 [ 21%] Building CXX object CMakeFiles/LagomSQL.dir/src/serenity/Userland/Libraries/LibSQL/AST/Expression.cpp.o
#20 198.4 [ 21%] Building CXX object CMakeFiles/LagomSQL.dir/src/serenity/Userland/Libraries/LibSQL/AST/Insert.cpp.o
#20 200.2 [ 21%] Building CXX object CMakeFiles/LagomSQL.dir/src/serenity/Userland/Libraries/LibSQL/AST/Lexer.cpp.o
#20 202.1 [ 21%] Building CXX object CMakeFiles/LagomSQL.dir/src/serenity/Userland/Libraries/LibSQL/AST/Parser.cpp.o
#20 207.4 [ 21%] Building CXX object CMakeFiles/LagomSQL.dir/src/serenity/Userland/Libraries/LibSQL/AST/Select.cpp.o
#20 209.6 [ 22%] Building CXX object CMakeFiles/LagomSQL.dir/src/serenity/Userland/Libraries/LibSQL/AST/Statement.cpp.o
#20 210.5 [ 22%] Building CXX object CMakeFiles/LagomSQL.dir/src/serenity/Userland/Libraries/LibSQL/AST/Token.cpp.o
#20 210.9 [ 22%] Building CXX object CMakeFiles/LagomSQL.dir/src/serenity/Userland/Libraries/LibSQL/BTree.cpp.o
#20 212.1 [ 22%] Building CXX object CMakeFiles/LagomSQL.dir/src/serenity/Userland/Libraries/LibSQL/BTreeIterator.cpp.o
#20 213.3 [ 22%] Building CXX object CMakeFiles/LagomSQL.dir/src/serenity/Userland/Libraries/LibSQL/Database.cpp.o
#20 215.8 [ 22%] Building CXX object CMakeFiles/LagomSQL.dir/src/serenity/Userland/Libraries/LibSQL/HashIndex.cpp.o
#20 217.9 [ 23%] Building CXX object CMakeFiles/LagomSQL.dir/src/serenity/Userland/Libraries/LibSQL/Heap.cpp.o
#20 219.5 [ 23%] Building CXX object CMakeFiles/LagomSQL.dir/src/serenity/Userland/Libraries/LibSQL/Index.cpp.o
#20 220.4 [ 23%] Building CXX object CMakeFiles/LagomSQL.dir/src/serenity/Userland/Libraries/LibSQL/Key.cpp.o
#20 221.3 [ 23%] Building CXX object CMakeFiles/LagomSQL.dir/src/serenity/Userland/Libraries/LibSQL/Meta.cpp.o
#20 222.8 [ 23%] Building CXX object CMakeFiles/LagomSQL.dir/src/serenity/Userland/Libraries/LibSQL/Result.cpp.o
#20 223.3 [ 23%] Building CXX object CMakeFiles/LagomSQL.dir/src/serenity/Userland/Libraries/LibSQL/ResultSet.cpp.o
#20 224.2 [ 23%] Building CXX object CMakeFiles/LagomSQL.dir/src/serenity/Userland/Libraries/LibSQL/Row.cpp.o
#20 225.1 [ 24%] Building CXX object CMakeFiles/LagomSQL.dir/src/serenity/Userland/Libraries/LibSQL/Serializer.cpp.o
#20 225.7 [ 24%] Building CXX object CMakeFiles/LagomSQL.dir/src/serenity/Userland/Libraries/LibSQL/TreeNode.cpp.o
#20 227.8 [ 24%] Building CXX object CMakeFiles/LagomSQL.dir/src/serenity/Userland/Libraries/LibSQL/Tuple.cpp.o
#20 229.6 [ 24%] Building CXX object CMakeFiles/LagomSQL.dir/src/serenity/Userland/Libraries/LibSQL/Value.cpp.o
#20 234.6 [ 24%] Linking CXX static library liblagom-sql.a
#20 234.7 [ 24%] Built target LagomSQL
#20 234.7 [ 24%] Building CXX object CMakeFiles/LagomGemini.dir/src/serenity/Userland/Libraries/LibGemini/Document.cpp.o
#20 235.7 [ 24%] Building CXX object CMakeFiles/LagomGemini.dir/src/serenity/Userland/Libraries/LibGemini/GeminiRequest.cpp.o
#20 236.2 [ 24%] Building CXX object CMakeFiles/LagomGemini.dir/src/serenity/Userland/Libraries/LibGemini/GeminiResponse.cpp.o
#20 236.7 [ 25%] Building CXX object CMakeFiles/LagomGemini.dir/src/serenity/Userland/Libraries/LibGemini/Job.cpp.o
#20 238.6 [ 25%] Building CXX object CMakeFiles/LagomGemini.dir/src/serenity/Userland/Libraries/LibGemini/Line.cpp.o
#20 239.3 [ 25%] Linking CXX static library liblagom-gemini.a
#20 239.3 [ 25%] Built target LagomGemini
#20 239.3 [ 25%] Building CXX object CMakeFiles/LagomCompress.dir/src/serenity/Userland/Libraries/LibCompress/Deflate.cpp.o
#20 242.7 [ 25%] Building CXX object CMakeFiles/LagomCompress.dir/src/serenity/Userland/Libraries/LibCompress/Gzip.cpp.o
#20 244.5 [ 25%] Building CXX object CMakeFiles/LagomCompress.dir/src/serenity/Userland/Libraries/LibCompress/Zlib.cpp.o
#20 245.6 [ 25%] Linking CXX static library liblagom-compress.a
#20 245.6 [ 25%] Built target LagomCompress
#20 245.6 [ 25%] Building CXX object CMakeFiles/LagomMain.dir/src/serenity/Userland/Libraries/LibMain/Main.cpp.o
#20 246.1 [ 25%] Linking CXX static library liblagom-main.a
#20 246.1 [ 25%] Built target LagomMain
#20 246.1 [ 26%] Building CXX object CMakeFiles/LagomGML.dir/src/serenity/Userland/Libraries/LibGUI/GML/Lexer.cpp.o
#20 246.6 [ 26%] Building CXX object CMakeFiles/LagomGML.dir/src/serenity/Userland/Libraries/LibGUI/GML/Parser.cpp.o
#20 248.5 [ 26%] Linking CXX static library liblagom-gml.a
#20 248.5 [ 26%] Built target LagomGML
#20 248.6 [ 26%] Building CXX object CMakeFiles/LagomELF.dir/src/serenity/Userland/Libraries/LibELF/Image.cpp.o
#20 249.6 [ 26%] Building CXX object CMakeFiles/LagomELF.dir/src/serenity/Userland/Libraries/LibELF/Relocation.cpp.o
#20 249.9 [ 26%] Building CXX object CMakeFiles/LagomELF.dir/src/serenity/Userland/Libraries/LibELF/Validation.cpp.o
#20 250.6 [ 26%] Linking CXX static library liblagom-elf.a
#20 250.6 [ 26%] Built target LagomELF
#20 250.6 [ 26%] Building CXX object CMakeFiles/LagomIPC.dir/src/serenity/Userland/Libraries/LibIPC/Connection.cpp.o
#20 252.2 [ 26%] Building CXX object CMakeFiles/LagomIPC.dir/src/serenity/Userland/Libraries/LibIPC/Decoder.cpp.o
#20 253.6 [ 26%] Building CXX object CMakeFiles/LagomIPC.dir/src/serenity/Userland/Libraries/LibIPC/Encoder.cpp.o
#20 254.4 [ 26%] Building CXX object CMakeFiles/LagomIPC.dir/src/serenity/Userland/Libraries/LibIPC/Message.cpp.o
#20 254.7 [ 26%] Building CXX object CMakeFiles/LagomIPC.dir/src/serenity/Userland/Libraries/LibIPC/Stub.cpp.o
#20 255.1 [ 27%] Linking CXX static library liblagom-ipc.a
#20 255.1 [ 27%] Built target LagomIPC
#20 255.1 [ 27%] Building CXX object CMakeFiles/LagomGfx.dir/src/serenity/Userland/Libraries/LibGfx/AffineTransform.cpp.o
#20 255.7 [ 27%] Building CXX object CMakeFiles/LagomGfx.dir/src/serenity/Userland/Libraries/LibGfx/AntiAliasingPainter.cpp.o
#20 257.1 [ 27%] Building CXX object CMakeFiles/LagomGfx.dir/src/serenity/Userland/Libraries/LibGfx/BMPLoader.cpp.o
#20 259.5 [ 28%] Building CXX object CMakeFiles/LagomGfx.dir/src/serenity/Userland/Libraries/LibGfx/BMPWriter.cpp.o
#20 260.3 [ 28%] Building CXX object CMakeFiles/LagomGfx.dir/src/serenity/Userland/Libraries/LibGfx/Bitmap.cpp.o
#20 262.5 [ 28%] Building CXX object CMakeFiles/LagomGfx.dir/src/serenity/Userland/Libraries/LibGfx/BitmapFont.cpp.o
#20 264.6 [ 28%] Building CXX object CMakeFiles/LagomGfx.dir/src/serenity/Userland/Libraries/LibGfx/BitmapMixer.cpp.o
#20 265.1 [ 28%] Building CXX object CMakeFiles/LagomGfx.dir/src/serenity/Userland/Libraries/LibGfx/CharacterBitmap.cpp.o
#20 265.6 [ 28%] Building CXX object CMakeFiles/LagomGfx.dir/src/serenity/Userland/Libraries/LibGfx/ClassicStylePainter.cpp.o
#20 267.2 [ 29%] Building CXX object CMakeFiles/LagomGfx.dir/src/serenity/Userland/Libraries/LibGfx/ClassicWindowTheme.cpp.o
#20 268.6 [ 29%] Building CXX object CMakeFiles/LagomGfx.dir/src/serenity/Userland/Libraries/LibGfx/Color.cpp.o
#20 269.8 [ 29%] Building CXX object CMakeFiles/LagomGfx.dir/src/serenity/Userland/Libraries/LibGfx/CursorParams.cpp.o
#20 270.6 [ 29%] Building CXX object CMakeFiles/LagomGfx.dir/src/serenity/Userland/Libraries/LibGfx/DDSLoader.cpp.o
#20 274.1 [ 29%] Building CXX object CMakeFiles/LagomGfx.dir/src/serenity/Userland/Libraries/LibGfx/DisjointRectSet.cpp.o
#20 276.0 [ 29%] Building CXX object CMakeFiles/LagomGfx.dir/src/serenity/Userland/Libraries/LibGfx/Emoji.cpp.o
#20 277.5 [ 29%] Building CXX object CMakeFiles/LagomGfx.dir/src/serenity/Userland/Libraries/LibGfx/FontDatabase.cpp.o
#20 281.7 [ 30%] Building CXX object CMakeFiles/LagomGfx.dir/src/serenity/Userland/Libraries/LibGfx/GIFLoader.cpp.o
#20 284.7 [ 30%] Building CXX object CMakeFiles/LagomGfx.dir/src/serenity/Userland/Libraries/LibGfx/ICOLoader.cpp.o
#20 286.1 [ 30%] Building CXX object CMakeFiles/LagomGfx.dir/src/serenity/Userland/Libraries/LibGfx/ImageDecoder.cpp.o
#20 287.0 [ 30%] Building CXX object CMakeFiles/LagomGfx.dir/src/serenity/Userland/Libraries/LibGfx/JPGLoader.cpp.o
#20 290.5 [ 30%] Building CXX object CMakeFiles/LagomGfx.dir/src/serenity/Userland/Libraries/LibGfx/PBMLoader.cpp.o
#20 291.8 [ 30%] Building CXX object CMakeFiles/LagomGfx.dir/src/serenity/Userland/Libraries/LibGfx/PGMLoader.cpp.o
#20 293.1 [ 31%] Building CXX object CMakeFiles/LagomGfx.dir/src/serenity/Userland/Libraries/LibGfx/PNGLoader.cpp.o
#20 295.6 [ 31%] Building CXX object CMakeFiles/LagomGfx.dir/src/serenity/Userland/Libraries/LibGfx/PNGWriter.cpp.o
#20 296.6 [ 31%] Building CXX object CMakeFiles/LagomGfx.dir/src/serenity/Userland/Libraries/LibGfx/PPMLoader.cpp.o
#20 297.7 [ 31%] Building CXX object CMakeFiles/LagomGfx.dir/src/serenity/Userland/Libraries/LibGfx/Painter.cpp.o
#20 310.3 [ 31%] Building CXX object CMakeFiles/LagomGfx.dir/src/serenity/Userland/Libraries/LibGfx/Palette.cpp.o
#20 311.3 [ 31%] Building CXX object CMakeFiles/LagomGfx.dir/src/serenity/Userland/Libraries/LibGfx/Path.cpp.o
#20 312.7 [ 32%] Building CXX object CMakeFiles/LagomGfx.dir/src/serenity/Userland/Libraries/LibGfx/Point.cpp.o
#20 313.8 [ 32%] Building CXX object CMakeFiles/LagomGfx.dir/src/serenity/Userland/Libraries/LibGfx/QOILoader.cpp.o
#20 315.0 [ 32%] Building CXX object CMakeFiles/LagomGfx.dir/src/serenity/Userland/Libraries/LibGfx/Rect.cpp.o
#20 317.3 [ 32%] Building CXX object CMakeFiles/LagomGfx.dir/src/serenity/Userland/Libraries/LibGfx/ShareableBitmap.cpp.o
#20 318.4 [ 32%] Building CXX object CMakeFiles/LagomGfx.dir/src/serenity/Userland/Libraries/LibGfx/Size.cpp.o
#20 319.3 [ 32%] Building CXX object CMakeFiles/LagomGfx.dir/src/serenity/Userland/Libraries/LibGfx/StylePainter.cpp.o
#20 320.2 [ 33%] Building CXX object CMakeFiles/LagomGfx.dir/src/serenity/Userland/Libraries/LibGfx/SystemTheme.cpp.o
#20 321.8 [ 33%] Building CXX object CMakeFiles/LagomGfx.dir/src/serenity/Userland/Libraries/LibGfx/TextDirection.cpp.o
#20 329.6 [ 33%] Building CXX object CMakeFiles/LagomGfx.dir/src/serenity/Userland/Libraries/LibGfx/TextLayout.cpp.o
#20 330.7 [ 33%] Building CXX object CMakeFiles/LagomGfx.dir/src/serenity/Userland/Libraries/LibGfx/Triangle.cpp.o
#20 331.2 [ 33%] Building CXX object CMakeFiles/LagomGfx.dir/src/serenity/Userland/Libraries/LibGfx/Typeface.cpp.o
#20 332.1 [ 33%] Building CXX object CMakeFiles/LagomGfx.dir/src/serenity/Userland/Libraries/LibGfx/WindowTheme.cpp.o
#20 332.5 [ 33%] Building CXX object CMakeFiles/LagomGfx.dir/src/serenity/Userland/Libraries/LibGfx/TrueTypeFont/Cmap.cpp.o
#20 332.8 [ 34%] Building CXX object CMakeFiles/LagomGfx.dir/src/serenity/Userland/Libraries/LibGfx/TrueTypeFont/Font.cpp.o
#20 334.8 [ 34%] Building CXX object CMakeFiles/LagomGfx.dir/src/serenity/Userland/Libraries/LibGfx/TrueTypeFont/Glyf.cpp.o
#20 336.0 [ 34%] Linking CXX static library liblagom-gfx.a
#20 336.1 [ 34%] Built target LagomGfx
#20 336.1 [ 34%] Building CXX object CMakeFiles/LagomSoftGPU.dir/src/serenity/Userland/Libraries/LibSoftGPU/Clipper.cpp.o
#20 336.9 [ 34%] Building CXX object CMakeFiles/LagomSoftGPU.dir/src/serenity/Userland/Libraries/LibSoftGPU/DepthBuffer.cpp.o
#20 337.4 [ 34%] Building CXX object CMakeFiles/LagomSoftGPU.dir/src/serenity/Userland/Libraries/LibSoftGPU/Device.cpp.o
#20 340.1 [ 34%] Building CXX object CMakeFiles/LagomSoftGPU.dir/src/serenity/Userland/Libraries/LibSoftGPU/Image.cpp.o
#20 340.9 [ 35%] Building CXX object CMakeFiles/LagomSoftGPU.dir/src/serenity/Userland/Libraries/LibSoftGPU/Sampler.cpp.o
#20 341.8 [ 35%] Building CXX object CMakeFiles/LagomSoftGPU.dir/src/serenity/Userland/Libraries/LibSoftGPU/StencilBuffer.cpp.o
#20 342.5 [ 35%] Linking CXX static library liblagom-softgpu.a
#20 342.5 [ 35%] Built target LagomSoftGPU
#20 342.5 [ 36%] Building CXX object CMakeFiles/LagomGL.dir/src/serenity/Userland/Libraries/LibGL/GLBlend.cpp.o
#20 343.2 [ 36%] Building CXX object CMakeFiles/LagomGL.dir/src/serenity/Userland/Libraries/LibGL/GLColor.cpp.o
#20 344.0 [ 36%] Building CXX object CMakeFiles/LagomGL.dir/src/serenity/Userland/Libraries/LibGL/GLContext.cpp.o
#20 347.9 [ 36%] Building CXX object CMakeFiles/LagomGL.dir/src/serenity/Userland/Libraries/LibGL/GLDraw.cpp.o
#20 348.7 [ 36%] Building CXX object CMakeFiles/LagomGL.dir/src/serenity/Userland/Libraries/LibGL/GLFog.cpp.o
#20 349.4 [ 36%] Building CXX object CMakeFiles/LagomGL.dir/src/serenity/Userland/Libraries/LibGL/GLLights.cpp.o
#20 350.2 [ 37%] Building CXX object CMakeFiles/LagomGL.dir/src/serenity/Userland/Libraries/LibGL/GLLists.cpp.o
#20 350.9 [ 37%] Building CXX object CMakeFiles/LagomGL.dir/src/serenity/Userland/Libraries/LibGL/GLMap.cpp.o
#20 351.9 [ 37%] Building CXX object CMakeFiles/LagomGL.dir/src/serenity/Userland/Libraries/LibGL/GLMatrix.cpp.o
#20 352.7 [ 37%] Building CXX object CMakeFiles/LagomGL.dir/src/serenity/Userland/Libraries/LibGL/GLStencil.cpp.o
#20 353.4 [ 37%] Building CXX object CMakeFiles/LagomGL.dir/src/serenity/Userland/Libraries/LibGL/GLTexture.cpp.o
#20 354.4 [ 37%] Building CXX object CMakeFiles/LagomGL.dir/src/serenity/Userland/Libraries/LibGL/GLUtils.cpp.o
#20 355.2 [ 38%] Building CXX object CMakeFiles/LagomGL.dir/src/serenity/Userland/Libraries/LibGL/GLVert.cpp.o
#20 355.9 [ 38%] Building CXX object CMakeFiles/LagomGL.dir/src/serenity/Userland/Libraries/LibGL/GLVertexArrays.cpp.o
#20 356.4 [ 38%] Building CXX object CMakeFiles/LagomGL.dir/src/serenity/Userland/Libraries/LibGL/SoftwareGLContext.cpp.o
#20 396.2 [ 38%] Building CXX object CMakeFiles/LagomGL.dir/src/serenity/Userland/Libraries/LibGL/Tex/NameAllocator.cpp.o
#20 396.6 [ 38%] Building CXX object CMakeFiles/LagomGL.dir/src/serenity/Userland/Libraries/LibGL/Tex/Texture2D.cpp.o
#20 397.1 [ 38%] Building CXX object CMakeFiles/LagomGL.dir/src/serenity/Userland/Libraries/LibGL/Tex/TextureUnit.cpp.o
#20 397.6 [ 38%] Linking CXX static library liblagom-gl.a
#20 397.9 [ 38%] Built target LagomGL
#20 397.9 [ 38%] Building CXX object CMakeFiles/LagomAudio.dir/src/serenity/Userland/Libraries/LibAudio/Buffer.cpp.o
#20 399.1 [ 38%] Building CXX object CMakeFiles/LagomAudio.dir/src/serenity/Userland/Libraries/LibAudio/FlacLoader.cpp.o
#20 403.5 [ 38%] Building CXX object CMakeFiles/LagomAudio.dir/src/serenity/Userland/Libraries/LibAudio/Loader.cpp.o
#20 404.6 [ 39%] Building CXX object CMakeFiles/LagomAudio.dir/src/serenity/Userland/Libraries/LibAudio/WavLoader.cpp.o
#20 406.4 [ 39%] Building CXX object CMakeFiles/LagomAudio.dir/src/serenity/Userland/Libraries/LibAudio/WavWriter.cpp.o
#20 407.1 [ 39%] Linking CXX static library liblagom-audio.a
#20 407.1 [ 39%] Built target LagomAudio
#20 407.1 [ 39%] Building CXX object CMakeFiles/LagomHTTP.dir/src/serenity/Userland/Libraries/LibHTTP/HttpRequest.cpp.o
#20 408.5 [ 39%] Building CXX object CMakeFiles/LagomHTTP.dir/src/serenity/Userland/Libraries/LibHTTP/HttpResponse.cpp.o
#20 409.4 [ 39%] Building CXX object CMakeFiles/LagomHTTP.dir/src/serenity/Userland/Libraries/LibHTTP/HttpsJob.cpp.o
#20 410.6 [ 40%] Building CXX object CMakeFiles/LagomHTTP.dir/src/serenity/Userland/Libraries/LibHTTP/Job.cpp.o
#20 414.4 [ 40%] Linking CXX static library liblagom-http.a
#20 414.9 [ 40%] Built target LagomHTTP
#20 414.9 [ 40%] Building CXX object CMakeFiles/LagomIMAP.dir/src/serenity/Userland/Libraries/LibIMAP/Client.cpp.o
#20 419.9 [ 40%] Building CXX object CMakeFiles/LagomIMAP.dir/src/serenity/Userland/Libraries/LibIMAP/Objects.cpp.o
#20 422.2 [ 40%] Building CXX object CMakeFiles/LagomIMAP.dir/src/serenity/Userland/Libraries/LibIMAP/Parser.cpp.o
#20 427.6 [ 40%] Building CXX object CMakeFiles/LagomIMAP.dir/src/serenity/Userland/Libraries/LibIMAP/QuotedPrintable.cpp.o
#20 428.0 [ 41%] Linking CXX static library liblagom-imap.a
#20 428.1 [ 41%] Built target LagomIMAP
#20 428.1 [ 41%] Building CXX object CMakeFiles/LagomLine.dir/src/serenity/Userland/Libraries/LibLine/Editor.cpp.o
#20 437.3 [ 42%] Building CXX object CMakeFiles/LagomLine.dir/src/serenity/Userland/Libraries/LibLine/InternalFunctions.cpp.o
#20 440.3 [ 42%] Building CXX object CMakeFiles/LagomLine.dir/src/serenity/Userland/Libraries/LibLine/KeyCallbackMachine.cpp.o
#20 441.6 [ 42%] Building CXX object CMakeFiles/LagomLine.dir/src/serenity/Userland/Libraries/LibLine/SuggestionManager.cpp.o
#20 442.7 [ 42%] Building CXX object CMakeFiles/LagomLine.dir/src/serenity/Userland/Libraries/LibLine/XtermSuggestionDisplay.cpp.o
#20 443.9 [ 42%] Linking CXX static library liblagom-line.a
#20 443.9 [ 42%] Built target LagomLine
#20 443.9 [ 42%] Building CXX object CMakeFiles/LagomShell.dir/src/serenity/Userland/Shell/AST.cpp.o
#20 459.1 [ 43%] Building CXX object CMakeFiles/LagomShell.dir/src/serenity/Userland/Shell/Builtin.cpp.o
#20 465.1 [ 43%] Building CXX object CMakeFiles/LagomShell.dir/src/serenity/Userland/Shell/Formatter.cpp.o
#20 468.5 [ 43%] Building CXX object CMakeFiles/LagomShell.dir/src/serenity/Userland/Shell/ImmediateFunctions.cpp.o
#20 473.2 [ 43%] Building CXX object CMakeFiles/LagomShell.dir/src/serenity/Userland/Shell/Job.cpp.o
#20 474.7 [ 43%] Building CXX object CMakeFiles/LagomShell.dir/src/serenity/Userland/Shell/NodeVisitor.cpp.o
#20 476.0 [ 43%] Building CXX object CMakeFiles/LagomShell.dir/src/serenity/Userland/Shell/Parser.cpp.o
#20 484.1 [ 44%] Building CXX object CMakeFiles/LagomShell.dir/src/serenity/Userland/Shell/Shell.cpp.o
#20 494.2 [ 44%] Linking CXX static library liblagom-shell.a
#20 494.2 [ 44%] Built target LagomShell
#20 494.2 [ 44%] Building CXX object CMakeFiles/LagomArchive.dir/src/serenity/Userland/Libraries/LibArchive/Tar.cpp.o
#20 494.7 [ 45%] Building CXX object CMakeFiles/LagomArchive.dir/src/serenity/Userland/Libraries/LibArchive/TarStream.cpp.o
#20 495.4 [ 45%] Building CXX object CMakeFiles/LagomArchive.dir/src/serenity/Userland/Libraries/LibArchive/Zip.cpp.o
#20 496.2 [ 45%] Linking CXX static library liblagom-archive.a
#20 496.2 [ 45%] Built target LagomArchive
#20 496.2 [ 45%] Building CXX object CMakeFiles/LagomJS.dir/src/serenity/Userland/Libraries/LibJS/AST.cpp.o
#20 515.0 [ 45%] Building CXX object CMakeFiles/LagomJS.dir/src/serenity/Userland/Libraries/LibJS/Console.cpp.o
#20 518.8 [ 45%] Building CXX object CMakeFiles/LagomJS.dir/src/serenity/Userland/Libraries/LibJS/CyclicModule.cpp.o
#20 523.5 [ 45%] Building CXX object CMakeFiles/LagomJS.dir/src/serenity/Userland/Libraries/LibJS/Interpreter.cpp.o
#20 527.6 [ 45%] Building CXX object CMakeFiles/LagomJS.dir/src/serenity/Userland/Libraries/LibJS/Lexer.cpp.o
#20 530.7 [ 45%] Building CXX object CMakeFiles/LagomJS.dir/src/serenity/Userland/Libraries/LibJS/MarkupGenerator.cpp.o
#20 533.2 [ 46%] Building CXX object CMakeFiles/LagomJS.dir/src/serenity/Userland/Libraries/LibJS/Module.cpp.o
#20 536.2 [ 46%] Building CXX object CMakeFiles/LagomJS.dir/src/serenity/Userland/Libraries/LibJS/Parser.cpp.o
#20 563.0 [ 46%] Building CXX object CMakeFiles/LagomJS.dir/src/serenity/Userland/Libraries/LibJS/Script.cpp.o
#20 565.3 [ 46%] Building CXX object CMakeFiles/LagomJS.dir/src/serenity/Userland/Libraries/LibJS/SourceTextModule.cpp.o
#20 570.8 [ 46%] Building CXX object CMakeFiles/LagomJS.dir/src/serenity/Userland/Libraries/LibJS/SyntheticModule.cpp.o
#20 573.7 [ 46%] Building CXX object CMakeFiles/LagomJS.dir/src/serenity/Userland/Libraries/LibJS/Token.cpp.o
#20 574.5 [ 47%] Building CXX object CMakeFiles/LagomJS.dir/src/serenity/Userland/Libraries/LibJS/Bytecode/ASTCodegen.cpp.o
#20 580.5 [ 47%] Building CXX object CMakeFiles/LagomJS.dir/src/serenity/Userland/Libraries/LibJS/Bytecode/BasicBlock.cpp.o
#20 581.5 [ 47%] Building CXX object CMakeFiles/LagomJS.dir/src/serenity/Userland/Libraries/LibJS/Bytecode/Executable.cpp.o
#20 581.9 [ 47%] Building CXX object CMakeFiles/LagomJS.dir/src/serenity/Userland/Libraries/LibJS/Bytecode/Generator.cpp.o
#20 584.4 [ 47%] Building CXX object CMakeFiles/LagomJS.dir/src/serenity/Userland/Libraries/LibJS/Bytecode/IdentifierTable.cpp.o
#20 584.9 [ 47%] Building CXX object CMakeFiles/LagomJS.dir/src/serenity/Userland/Libraries/LibJS/Bytecode/Instruction.cpp.o
#20 585.8 [ 48%] Building CXX object CMakeFiles/LagomJS.dir/src/serenity/Userland/Libraries/LibJS/Bytecode/Interpreter.cpp.o
#20 589.6 [ 48%] Building CXX object CMakeFiles/LagomJS.dir/src/serenity/Userland/Libraries/LibJS/Bytecode/Op.cpp.o
#20 596.2 [ 48%] Building CXX object CMakeFiles/LagomJS.dir/src/serenity/Userland/Libraries/LibJS/Bytecode/StringTable.cpp.o
#20 596.7 [ 48%] Building CXX object CMakeFiles/LagomJS.dir/src/serenity/Userland/Libraries/LibJS/Heap/BlockAllocator.cpp.o
#20 597.2 [ 48%] Building CXX object CMakeFiles/LagomJS.dir/src/serenity/Userland/Libraries/LibJS/Heap/CellAllocator.cpp.o
#20 598.0 [ 48%] Building CXX object CMakeFiles/LagomJS.dir/src/serenity/Userland/Libraries/LibJS/Heap/Handle.cpp.o
#20 598.9 [ 49%] Building CXX object CMakeFiles/LagomJS.dir/src/serenity/Userland/Libraries/LibJS/Heap/Heap.cpp.o
#20 602.0 [ 49%] Building CXX object CMakeFiles/LagomJS.dir/src/serenity/Userland/Libraries/LibJS/Heap/HeapBlock.cpp.o
#20 602.8 [ 49%] Building CXX object CMakeFiles/LagomJS.dir/src/serenity/Userland/Libraries/LibJS/Heap/MarkedVector.cpp.o
#20 603.5 [ 49%] Building CXX object CMakeFiles/LagomJS.dir/src/serenity/Userland/Libraries/LibJS/Runtime/AbstractOperations.cpp.o
#20 609.1 [ 49%] Building CXX object CMakeFiles/LagomJS.dir/src/serenity/Userland/Libraries/LibJS/Runtime/AggregateError.cpp.o
#20 610.0 [ 49%] Building CXX object CMakeFiles/LagomJS.dir/src/serenity/Userland/Libraries/LibJS/Runtime/AggregateErrorConstructor.cpp.o
#20 612.4 [ 50%] Building CXX object CMakeFiles/LagomJS.dir/src/serenity/Userland/Libraries/LibJS/Runtime/AggregateErrorPrototype.cpp.o
#20 613.3 [ 50%] Building CXX object CMakeFiles/LagomJS.dir/src/serenity/Userland/Libraries/LibJS/Runtime/ArgumentsObject.cpp.o
#20 614.6 [ 50%] Building CXX object CMakeFiles/LagomJS.dir/src/serenity/Userland/Libraries/LibJS/Runtime/Array.cpp.o
#20 616.2 [ 50%] Building CXX object CMakeFiles/LagomJS.dir/src/serenity/Userland/Libraries/LibJS/Runtime/ArrayBuffer.cpp.o
#20 618.5 [ 50%] Building CXX object CMakeFiles/LagomJS.dir/src/serenity/Userland/Libraries/LibJS/Runtime/ArrayBufferConstructor.cpp.o
#20 620.9 [ 50%] Building CXX object CMakeFiles/LagomJS.dir/src/serenity/Userland/Libraries/LibJS/Runtime/ArrayBufferPrototype.cpp.o
#20 623.6 [ 50%] Building CXX object CMakeFiles/LagomJS.dir/src/serenity/Userland/Libraries/LibJS/Runtime/ArrayConstructor.cpp.o
#20 626.9 [ 51%] Building CXX object CMakeFiles/LagomJS.dir/src/serenity/Userland/Libraries/LibJS/Runtime/ArrayIterator.cpp.o
#20 627.8 [ 51%] Building CXX object CMakeFiles/LagomJS.dir/src/serenity/Userland/Libraries/LibJS/Runtime/ArrayIteratorPrototype.cpp.o
#20 630.1 [ 51%] Building CXX object CMakeFiles/LagomJS.dir/src/serenity/Userland/Libraries/LibJS/Runtime/ArrayPrototype.cpp.o
#20 639.6 [ 51%] Building CXX object CMakeFiles/LagomJS.dir/src/serenity/Userland/Libraries/LibJS/Runtime/AsyncFromSyncIterator.cpp.o
#20 640.5 [ 51%] Building CXX object CMakeFiles/LagomJS.dir/src/serenity/Userland/Libraries/LibJS/Runtime/AsyncFromSyncIteratorPrototype.cpp.o
#20 643.6 [ 51%] Building CXX object CMakeFiles/LagomJS.dir/src/serenity/Userland/Libraries/LibJS/Runtime/AsyncFunctionConstructor.cpp.o
#20 645.6 [ 52%] Building CXX object CMakeFiles/LagomJS.dir/src/serenity/Userland/Libraries/LibJS/Runtime/AsyncFunctionDriverWrapper.cpp.o
#20 647.8 [ 52%] Building CXX object CMakeFiles/LagomJS.dir/src/serenity/Userland/Libraries/LibJS/Runtime/AsyncFunctionPrototype.cpp.o
#20 648.8 [ 52%] Building CXX object CMakeFiles/LagomJS.dir/src/serenity/Userland/Libraries/LibJS/Runtime/AsyncGeneratorFunctionConstructor.cpp.o
#20 650.9 [ 52%] Building CXX object CMakeFiles/LagomJS.dir/src/serenity/Userland/Libraries/LibJS/Runtime/AsyncGeneratorFunctionPrototype.cpp.o
#20 651.9 [ 52%] Building CXX object CMakeFiles/LagomJS.dir/src/serenity/Userland/Libraries/LibJS/Runtime/AsyncIteratorPrototype.cpp.o
#20 652.9 [ 52%] Building CXX object CMakeFiles/LagomJS.dir/src/serenity/Userland/Libraries/LibJS/Runtime/AtomicsObject.cpp.o
#20 662.1 [ 53%] Building CXX object CMakeFiles/LagomJS.dir/src/serenity/Userland/Libraries/LibJS/Runtime/BigInt.cpp.o
#20 663.3 [ 53%] Building CXX object CMakeFiles/LagomJS.dir/src/serenity/Userland/Libraries/LibJS/Runtime/BigIntConstructor.cpp.o
#20 665.6 [ 53%] Building CXX object CMakeFiles/LagomJS.dir/src/serenity/Userland/Libraries/LibJS/Runtime/BigIntObject.cpp.o
#20 666.5 [ 53%] Building CXX object CMakeFiles/LagomJS.dir/src/serenity/Userland/Libraries/LibJS/Runtime/BigIntPrototype.cpp.o
#20 669.0 [ 53%] Building CXX object CMakeFiles/LagomJS.dir/src/serenity/Userland/Libraries/LibJS/Runtime/BooleanConstructor.cpp.o
#20 671.0 [ 53%] Building CXX object CMakeFiles/LagomJS.dir/src/serenity/Userland/Libraries/LibJS/Runtime/BooleanObject.cpp.o
#20 671.9 [ 54%] Building CXX object CMakeFiles/LagomJS.dir/src/serenity/Userland/Libraries/LibJS/Runtime/BooleanPrototype.cpp.o
#20 673.1 [ 54%] Building CXX object CMakeFiles/LagomJS.dir/src/serenity/Userland/Libraries/LibJS/Runtime/BoundFunction.cpp.o
#20 675.3 [ 54%] Building CXX object CMakeFiles/LagomJS.dir/src/serenity/Userland/Libraries/LibJS/Runtime/Completion.cpp.o
#20 677.5 [ 54%] Building CXX object CMakeFiles/LagomJS.dir/src/serenity/Userland/Libraries/LibJS/Runtime/ConsoleObject.cpp.o
#20 678.6 [ 54%] Building CXX object CMakeFiles/LagomJS.dir/src/serenity/Userland/Libraries/LibJS/Runtime/DataView.cpp.o
#20 679.6 [ 54%] Building CXX object CMakeFiles/LagomJS.dir/src/serenity/Userland/Libraries/LibJS/Runtime/DataViewConstructor.cpp.o
#20 682.0 [ 54%] Building CXX object CMakeFiles/LagomJS.dir/src/serenity/Userland/Libraries/LibJS/Runtime/DataViewPrototype.cpp.o
#20 686.1 [ 55%] Building CXX object CMakeFiles/LagomJS.dir/src/serenity/Userland/Libraries/LibJS/Runtime/Date.cpp.o
#20 688.4 [ 55%] Building CXX object CMakeFiles/LagomJS.dir/src/serenity/Userland/Libraries/LibJS/Runtime/DateConstructor.cpp.o
#20 691.3 [ 55%] Building CXX object CMakeFiles/LagomJS.dir/src/serenity/Userland/Libraries/LibJS/Runtime/DatePrototype.cpp.o
#20 696.6 [ 55%] Building CXX object CMakeFiles/LagomJS.dir/src/serenity/Userland/Libraries/LibJS/Runtime/DeclarativeEnvironment.cpp.o
#20 699.2 [ 55%] Building CXX object CMakeFiles/LagomJS.dir/src/serenity/Userland/Libraries/LibJS/Runtime/ECMAScriptFunctionObject.cpp.o
#20 704.9 [ 55%] Building CXX object CMakeFiles/LagomJS.dir/src/serenity/Userland/Libraries/LibJS/Runtime/Environment.cpp.o
#20 705.8 [ 56%] Building CXX object CMakeFiles/LagomJS.dir/src/serenity/Userland/Libraries/LibJS/Runtime/Error.cpp.o
#20 708.1 [ 56%] Building CXX object CMakeFiles/LagomJS.dir/src/serenity/Userland/Libraries/LibJS/Runtime/ErrorConstructor.cpp.o
#20 711.2 [ 56%] Building CXX object CMakeFiles/LagomJS.dir/src/serenity/Userland/Libraries/LibJS/Runtime/ErrorPrototype.cpp.o
#20 713.6 [ 56%] Building CXX object CMakeFiles/LagomJS.dir/src/serenity/Userland/Libraries/LibJS/Runtime/ErrorTypes.cpp.o
#20 713.7 [ 56%] Building CXX object CMakeFiles/LagomJS.dir/src/serenity/Userland/Libraries/LibJS/Runtime/FinalizationRegistry.cpp.o
#20 715.9 [ 56%] Building CXX object CMakeFiles/LagomJS.dir/src/serenity/Userland/Libraries/LibJS/Runtime/FinalizationRegistryConstructor.cpp.o
#20 718.1 [ 57%] Building CXX object CMakeFiles/LagomJS.dir/src/serenity/Userland/Libraries/LibJS/Runtime/FinalizationRegistryPrototype.cpp.o
#20 720.5 [ 57%] Building CXX object CMakeFiles/LagomJS.dir/src/serenity/Userland/Libraries/LibJS/Runtime/FunctionConstructor.cpp.o
#20 723.5 [ 57%] Building CXX object CMakeFiles/LagomJS.dir/src/serenity/Userland/Libraries/LibJS/Runtime/FunctionEnvironment.cpp.o
#20 725.6 [ 57%] Building CXX object CMakeFiles/LagomJS.dir/src/serenity/Userland/Libraries/LibJS/Runtime/FunctionObject.cpp.o
#20 727.7 [ 57%] Building CXX object CMakeFiles/LagomJS.dir/src/serenity/Userland/Libraries/LibJS/Runtime/FunctionPrototype.cpp.o
#20 730.6 [ 57%] Building CXX object CMakeFiles/LagomJS.dir/src/serenity/Userland/Libraries/LibJS/Runtime/GeneratorFunctionConstructor.cpp.o
#20 732.6 [ 58%] Building CXX object CMakeFiles/LagomJS.dir/src/serenity/Userland/Libraries/LibJS/Runtime/GeneratorFunctionPrototype.cpp.o
#20 734.6 [ 58%] Building CXX object CMakeFiles/LagomJS.dir/src/serenity/Userland/Libraries/LibJS/Runtime/GeneratorObject.cpp.o
#20 737.7 [ 58%] Building CXX object CMakeFiles/LagomJS.dir/src/serenity/Userland/Libraries/LibJS/Runtime/GeneratorPrototype.cpp.o
#20 740.0 [ 58%] Building CXX object CMakeFiles/LagomJS.dir/src/serenity/Userland/Libraries/LibJS/Runtime/GlobalEnvironment.cpp.o
#20 742.5 [ 58%] Building CXX object CMakeFiles/LagomJS.dir/src/serenity/Userland/Libraries/LibJS/Runtime/GlobalObject.cpp.o
#20 747.9 [ 58%] Building CXX object CMakeFiles/LagomJS.dir/src/serenity/Userland/Libraries/LibJS/Runtime/IndexedProperties.cpp.o
#20 749.6 [ 58%] Building CXX object CMakeFiles/LagomJS.dir/src/serenity/Userland/Libraries/LibJS/Runtime/IteratorOperations.cpp.o
#20 752.4 [ 59%] Building CXX object CMakeFiles/LagomJS.dir/src/serenity/Userland/Libraries/LibJS/Runtime/IteratorPrototype.cpp.o
#20 753.4 [ 59%] Building CXX object CMakeFiles/LagomJS.dir/src/serenity/Userland/Libraries/LibJS/Runtime/JSONObject.cpp.o
#20 757.6 [ 59%] Building CXX object CMakeFiles/LagomJS.dir/src/serenity/Userland/Libraries/LibJS/Runtime/Map.cpp.o
#20 759.1 [ 59%] Building CXX object CMakeFiles/LagomJS.dir/src/serenity/Userland/Libraries/LibJS/Runtime/MapConstructor.cpp.o
#20 761.7 [ 59%] Building CXX object CMakeFiles/LagomJS.dir/src/serenity/Userland/Libraries/LibJS/Runtime/MapIterator.cpp.o
#20 762.7 [ 59%] Building CXX object CMakeFiles/LagomJS.dir/src/serenity/Userland/Libraries/LibJS/Runtime/MapIteratorPrototype.cpp.o
#20 764.0 [ 60%] Building CXX object CMakeFiles/LagomJS.dir/src/serenity/Userland/Libraries/LibJS/Runtime/MapPrototype.cpp.o
#20 766.8 [ 60%] Building CXX object CMakeFiles/LagomJS.dir/src/serenity/Userland/Libraries/LibJS/Runtime/MathObject.cpp.o
#20 769.4 [ 60%] Building CXX object CMakeFiles/LagomJS.dir/src/serenity/Userland/Libraries/LibJS/Runtime/ModuleEnvironment.cpp.o
#20 771.3 [ 60%] Building CXX object CMakeFiles/LagomJS.dir/src/serenity/Userland/Libraries/LibJS/Runtime/ModuleNamespaceObject.cpp.o
#20 773.3 [ 60%] Building CXX object CMakeFiles/LagomJS.dir/src/serenity/Userland/Libraries/LibJS/Runtime/NativeFunction.cpp.o
#20 776.0 [ 60%] Building CXX object CMakeFiles/LagomJS.dir/src/serenity/Userland/Libraries/LibJS/Runtime/NumberConstructor.cpp.o
#20 778.1 [ 61%] Building CXX object CMakeFiles/LagomJS.dir/src/serenity/Userland/Libraries/LibJS/Runtime/NumberObject.cpp.o
#20 779.0 [ 61%] Building CXX object CMakeFiles/LagomJS.dir/src/serenity/Userland/Libraries/LibJS/Runtime/NumberPrototype.cpp.o
#20 782.1 [ 61%] Building CXX object CMakeFiles/LagomJS.dir/src/serenity/Userland/Libraries/LibJS/Runtime/Object.cpp.o
#20 787.9 [ 61%] Building CXX object CMakeFiles/LagomJS.dir/src/serenity/Userland/Libraries/LibJS/Runtime/ObjectConstructor.cpp.o
#20 792.0 [ 61%] Building CXX object CMakeFiles/LagomJS.dir/src/serenity/Userland/Libraries/LibJS/Runtime/ObjectEnvironment.cpp.o
#20 794.2 [ 61%] Building CXX object CMakeFiles/LagomJS.dir/src/serenity/Userland/Libraries/LibJS/Runtime/ObjectPrototype.cpp.o
#20 797.1 [ 62%] Building CXX object CMakeFiles/LagomJS.dir/src/serenity/Userland/Libraries/LibJS/Runtime/PrimitiveString.cpp.o
#20 799.2 [ 62%] Building CXX object CMakeFiles/LagomJS.dir/src/serenity/Userland/Libraries/LibJS/Runtime/PrivateEnvironment.cpp.o
#20 799.8 [ 62%] Building CXX object CMakeFiles/LagomJS.dir/src/serenity/Userland/Libraries/LibJS/Runtime/Promise.cpp.o
#20 802.5 [ 62%] Building CXX object CMakeFiles/LagomJS.dir/src/serenity/Userland/Libraries/LibJS/Runtime/PromiseConstructor.cpp.o
#20 806.9 [ 62%] Building CXX object CMakeFiles/LagomJS.dir/src/serenity/Userland/Libraries/LibJS/Runtime/PromiseJobs.cpp.o
#20 809.4 [ 62%] Building CXX object CMakeFiles/LagomJS.dir/src/serenity/Userland/Libraries/LibJS/Runtime/PromisePrototype.cpp.o
#20 812.4 [ 62%] Building CXX object CMakeFiles/LagomJS.dir/src/serenity/Userland/Libraries/LibJS/Runtime/PromiseReaction.cpp.o
#20 814.7 [ 63%] Building CXX object CMakeFiles/LagomJS.dir/src/serenity/Userland/Libraries/LibJS/Runtime/PromiseResolvingElementFunctions.cpp.o
#20 817.1 [ 63%] Building CXX object CMakeFiles/LagomJS.dir/src/serenity/Userland/Libraries/LibJS/Runtime/PromiseResolvingFunction.cpp.o
#20 818.1 [ 63%] Building CXX object CMakeFiles/LagomJS.dir/src/serenity/Userland/Libraries/LibJS/Runtime/PropertyDescriptor.cpp.o
#20 819.4 [ 63%] Building CXX object CMakeFiles/LagomJS.dir/src/serenity/Userland/Libraries/LibJS/Runtime/ProxyConstructor.cpp.o
#20 820.9 [ 63%] Building CXX object CMakeFiles/LagomJS.dir/src/serenity/Userland/Libraries/LibJS/Runtime/ProxyObject.cpp.o
#20 825.5 [ 63%] Building CXX object CMakeFiles/LagomJS.dir/src/serenity/Userland/Libraries/LibJS/Runtime/Realm.cpp.o
#20 826.5 [ 64%] Building CXX object CMakeFiles/LagomJS.dir/src/serenity/Userland/Libraries/LibJS/Runtime/Reference.cpp.o
#20 828.9 [ 64%] Building CXX object CMakeFiles/LagomJS.dir/src/serenity/Userland/Libraries/LibJS/Runtime/ReflectObject.cpp.o
#20 832.0 [ 64%] Building CXX object CMakeFiles/LagomJS.dir/src/serenity/Userland/Libraries/LibJS/Runtime/RegExpConstructor.cpp.o
#20 834.1 [ 64%] Building CXX object CMakeFiles/LagomJS.dir/src/serenity/Userland/Libraries/LibJS/Runtime/RegExpObject.cpp.o
#20 836.4 [ 64%] Building CXX object CMakeFiles/LagomJS.dir/src/serenity/Userland/Libraries/LibJS/Runtime/RegExpPrototype.cpp.o
#20 842.1 [ 64%] Building CXX object CMakeFiles/LagomJS.dir/src/serenity/Userland/Libraries/LibJS/Runtime/RegExpStringIterator.cpp.o
#20 843.0 [ 65%] Building CXX object CMakeFiles/LagomJS.dir/src/serenity/Userland/Libraries/LibJS/Runtime/RegExpStringIteratorPrototype.cpp.o
#20 845.2 [ 65%] Building CXX object CMakeFiles/LagomJS.dir/src/serenity/Userland/Libraries/LibJS/Runtime/Set.cpp.o
#20 846.2 [ 65%] Building CXX object CMakeFiles/LagomJS.dir/src/serenity/Userland/Libraries/LibJS/Runtime/SetConstructor.cpp.o
#20 848.8 [ 65%] Building CXX object CMakeFiles/LagomJS.dir/src/serenity/Userland/Libraries/LibJS/Runtime/SetIterator.cpp.o
#20 849.7 [ 65%] Building CXX object CMakeFiles/LagomJS.dir/src/serenity/Userland/Libraries/LibJS/Runtime/SetIteratorPrototype.cpp.o
#20 851.1 [ 65%] Building CXX object CMakeFiles/LagomJS.dir/src/serenity/Userland/Libraries/LibJS/Runtime/SetPrototype.cpp.o
#20 853.7 [ 66%] Building CXX object CMakeFiles/LagomJS.dir/src/serenity/Userland/Libraries/LibJS/Runtime/ShadowRealm.cpp.o
#20 856.9 [ 66%] Building CXX object CMakeFiles/LagomJS.dir/src/serenity/Userland/Libraries/LibJS/Runtime/ShadowRealmConstructor.cpp.o
#20 859.3 [ 66%] Building CXX object CMakeFiles/LagomJS.dir/src/serenity/Userland/Libraries/LibJS/Runtime/ShadowRealmPrototype.cpp.o
#20 860.6 [ 66%] Building CXX object CMakeFiles/LagomJS.dir/src/serenity/Userland/Libraries/LibJS/Runtime/Shape.cpp.o
#20 862.9 [ 66%] Building CXX object CMakeFiles/LagomJS.dir/src/serenity/Userland/Libraries/LibJS/Runtime/StringConstructor.cpp.o
#20 865.4 [ 66%] Building CXX object CMakeFiles/LagomJS.dir/src/serenity/Userland/Libraries/LibJS/Runtime/StringIterator.cpp.o
#20 866.4 [ 66%] Building CXX object CMakeFiles/LagomJS.dir/src/serenity/Userland/Libraries/LibJS/Runtime/StringIteratorPrototype.cpp.o
#20 867.5 [ 67%] Building CXX object CMakeFiles/LagomJS.dir/src/serenity/Userland/Libraries/LibJS/Runtime/StringObject.cpp.o
#20 869.8 [ 67%] Building CXX object CMakeFiles/LagomJS.dir/src/serenity/Userland/Libraries/LibJS/Runtime/StringPrototype.cpp.o
#20 876.2 [ 67%] Building CXX object CMakeFiles/LagomJS.dir/src/serenity/Userland/Libraries/LibJS/Runtime/Symbol.cpp.o
#20 877.1 [ 67%] Building CXX object CMakeFiles/LagomJS.dir/src/serenity/Userland/Libraries/LibJS/Runtime/SymbolConstructor.cpp.o
#20 878.4 [ 67%] Building CXX object CMakeFiles/LagomJS.dir/src/serenity/Userland/Libraries/LibJS/Runtime/SymbolObject.cpp.o
#20 879.4 [ 67%] Building CXX object CMakeFiles/LagomJS.dir/src/serenity/Userland/Libraries/LibJS/Runtime/SymbolPrototype.cpp.o
#20 880.6 [ 68%] Building CXX object CMakeFiles/LagomJS.dir/src/serenity/Userland/Libraries/LibJS/Runtime/TypedArray.cpp.o
#20 894.1 [ 68%] Building CXX object CMakeFiles/LagomJS.dir/src/serenity/Userland/Libraries/LibJS/Runtime/TypedArrayConstructor.cpp.o
#20 897.0 [ 68%] Building CXX object CMakeFiles/LagomJS.dir/src/serenity/Userland/Libraries/LibJS/Runtime/TypedArrayPrototype.cpp.o
#20 903.2 [ 68%] Building CXX object CMakeFiles/LagomJS.dir/src/serenity/Userland/Libraries/LibJS/Runtime/Utf16String.cpp.o
#20 903.8 [ 68%] Building CXX object CMakeFiles/LagomJS.dir/src/serenity/Userland/Libraries/LibJS/Runtime/VM.cpp.o
#20 918.7 [ 68%] Building CXX object CMakeFiles/LagomJS.dir/src/serenity/Userland/Libraries/LibJS/Runtime/Value.cpp.o
#20 924.9 [ 69%] Building CXX object CMakeFiles/LagomJS.dir/src/serenity/Userland/Libraries/LibJS/Runtime/WeakContainer.cpp.o
#20 925.7 [ 69%] Building CXX object CMakeFiles/LagomJS.dir/src/serenity/Userland/Libraries/LibJS/Runtime/WeakMap.cpp.o
#20 926.7 [ 69%] Building CXX object CMakeFiles/LagomJS.dir/src/serenity/Userland/Libraries/LibJS/Runtime/WeakMapConstructor.cpp.o
#20 929.4 [ 69%] Building CXX object CMakeFiles/LagomJS.dir/src/serenity/Userland/Libraries/LibJS/Runtime/WeakMapPrototype.cpp.o
#20 931.0 [ 69%] Building CXX object CMakeFiles/LagomJS.dir/src/serenity/Userland/Libraries/LibJS/Runtime/WeakRef.cpp.o
#20 931.9 [ 69%] Building CXX object CMakeFiles/LagomJS.dir/src/serenity/Userland/Libraries/LibJS/Runtime/WeakRefConstructor.cpp.o
#20 934.1 [ 70%] Building CXX object CMakeFiles/LagomJS.dir/src/serenity/Userland/Libraries/LibJS/Runtime/WeakRefPrototype.cpp.o
#20 935.3 [ 70%] Building CXX object CMakeFiles/LagomJS.dir/src/serenity/Userland/Libraries/LibJS/Runtime/WeakSet.cpp.o
#20 936.2 [ 70%] Building CXX object CMakeFiles/LagomJS.dir/src/serenity/Userland/Libraries/LibJS/Runtime/WeakSetConstructor.cpp.o
#20 938.8 [ 70%] Building CXX object CMakeFiles/LagomJS.dir/src/serenity/Userland/Libraries/LibJS/Runtime/WeakSetPrototype.cpp.o
#20 940.3 [ 70%] Building CXX object CMakeFiles/LagomJS.dir/src/serenity/Userland/Libraries/LibJS/Runtime/WrappedFunction.cpp.o
#20 942.6 [ 70%] Building CXX object CMakeFiles/LagomJS.dir/src/serenity/Userland/Libraries/LibJS/Bytecode/Pass/DumpCFG.cpp.o
#20 943.5 [ 70%] Building CXX object CMakeFiles/LagomJS.dir/src/serenity/Userland/Libraries/LibJS/Bytecode/Pass/GenerateCFG.cpp.o
#20 945.1 [ 71%] Building CXX object CMakeFiles/LagomJS.dir/src/serenity/Userland/Libraries/LibJS/Bytecode/Pass/MergeBlocks.cpp.o
#20 947.3 [ 71%] Building CXX object CMakeFiles/LagomJS.dir/src/serenity/Userland/Libraries/LibJS/Bytecode/Pass/PlaceBlocks.cpp.o
#20 948.7 [ 71%] Building CXX object CMakeFiles/LagomJS.dir/src/serenity/Userland/Libraries/LibJS/Bytecode/Pass/UnifySameBlocks.cpp.o
#20 950.0 [ 71%] Building CXX object CMakeFiles/LagomJS.dir/src/serenity/Userland/Libraries/LibJS/Runtime/Intl/AbstractOperations.cpp.o
#20 953.7 [ 71%] Building CXX object CMakeFiles/LagomJS.dir/src/serenity/Userland/Libraries/LibJS/Runtime/Intl/Collator.cpp.o
#20 954.5 [ 71%] Building CXX object CMakeFiles/LagomJS.dir/src/serenity/Userland/Libraries/LibJS/Runtime/Intl/CollatorConstructor.cpp.o
#20 957.3 [ 72%] Building CXX object CMakeFiles/LagomJS.dir/src/serenity/Userland/Libraries/LibJS/Runtime/Intl/CollatorPrototype.cpp.o
#20 958.6 [ 72%] Building CXX object CMakeFiles/LagomJS.dir/src/serenity/Userland/Libraries/LibJS/Runtime/Intl/DateTimeFormat.cpp.o
#20 965.4 [ 72%] Building CXX object CMakeFiles/LagomJS.dir/src/serenity/Userland/Libraries/LibJS/Runtime/Intl/DateTimeFormatConstructor.cpp.o
#20 967.6 [ 72%] Building CXX object CMakeFiles/LagomJS.dir/src/serenity/Userland/Libraries/LibJS/Runtime/Intl/DateTimeFormatFunction.cpp.o
#20 969.7 [ 72%] Building CXX object CMakeFiles/LagomJS.dir/src/serenity/Userland/Libraries/LibJS/Runtime/Intl/DateTimeFormatPrototype.cpp.o
#20 972.6 [ 72%] Building CXX object CMakeFiles/LagomJS.dir/src/serenity/Userland/Libraries/LibJS/Runtime/Intl/DisplayNames.cpp.o
#20 974.0 [ 73%] Building CXX object CMakeFiles/LagomJS.dir/src/serenity/Userland/Libraries/LibJS/Runtime/Intl/DisplayNamesConstructor.cpp.o
#20 976.6 [ 73%] Building CXX object CMakeFiles/LagomJS.dir/src/serenity/Userland/Libraries/LibJS/Runtime/Intl/DisplayNamesPrototype.cpp.o
#20 978.2 [ 73%] Building CXX object CMakeFiles/LagomJS.dir/src/serenity/Userland/Libraries/LibJS/Runtime/Intl/Intl.cpp.o
#20 980.2 [ 73%] Building CXX object CMakeFiles/LagomJS.dir/src/serenity/Userland/Libraries/LibJS/Runtime/Intl/ListFormat.cpp.o
#20 982.4 [ 73%] Building CXX object CMakeFiles/LagomJS.dir/src/serenity/Userland/Libraries/LibJS/Runtime/Intl/ListFormatConstructor.cpp.o
#20 984.9 [ 73%] Building CXX object CMakeFiles/LagomJS.dir/src/serenity/Userland/Libraries/LibJS/Runtime/Intl/ListFormatPrototype.cpp.o
#20 986.3 [ 74%] Building CXX object CMakeFiles/LagomJS.dir/src/serenity/Userland/Libraries/LibJS/Runtime/Intl/Locale.cpp.o
#20 987.5 [ 74%] Building CXX object CMakeFiles/LagomJS.dir/src/serenity/Userland/Libraries/LibJS/Runtime/Intl/LocaleConstructor.cpp.o
#20 991.2 [ 74%] Building CXX object CMakeFiles/LagomJS.dir/src/serenity/Userland/Libraries/LibJS/Runtime/Intl/LocalePrototype.cpp.o
#20 993.0 [ 74%] Building CXX object CMakeFiles/LagomJS.dir/src/serenity/Userland/Libraries/LibJS/Runtime/Intl/NumberFormat.cpp.o
#20 997.3 [ 74%] Building CXX object CMakeFiles/LagomJS.dir/src/serenity/Userland/Libraries/LibJS/Runtime/Intl/NumberFormatConstructor.cpp.o
#20 999.5 [ 74%] Building CXX object CMakeFiles/LagomJS.dir/src/serenity/Userland/Libraries/LibJS/Runtime/Intl/NumberFormatFunction.cpp.o
#20 1000.6 [ 75%] Building CXX object CMakeFiles/LagomJS.dir/src/serenity/Userland/Libraries/LibJS/Runtime/Intl/NumberFormatPrototype.cpp.o
#20 1002.1 [ 75%] Building CXX object CMakeFiles/LagomJS.dir/src/serenity/Userland/Libraries/LibJS/Runtime/Intl/PluralRules.cpp.o
#20 1003.5 [ 75%] Building CXX object CMakeFiles/LagomJS.dir/src/serenity/Userland/Libraries/LibJS/Runtime/Intl/PluralRulesConstructor.cpp.o
#20 1005.7 [ 75%] Building CXX object CMakeFiles/LagomJS.dir/src/serenity/Userland/Libraries/LibJS/Runtime/Intl/PluralRulesPrototype.cpp.o
#20 1007.3 [ 75%] Building CXX object CMakeFiles/LagomJS.dir/src/serenity/Userland/Libraries/LibJS/Runtime/Intl/RelativeTimeFormat.cpp.o
#20 1010.6 [ 75%] Building CXX object CMakeFiles/LagomJS.dir/src/serenity/Userland/Libraries/LibJS/Runtime/Intl/RelativeTimeFormatConstructor.cpp.o
#20 1012.9 [ 75%] Building CXX object CMakeFiles/LagomJS.dir/src/serenity/Userland/Libraries/LibJS/Runtime/Intl/RelativeTimeFormatPrototype.cpp.o
#20 1014.3 [ 76%] Building CXX object CMakeFiles/LagomJS.dir/src/serenity/Userland/Libraries/LibJS/Runtime/Intl/SegmentIterator.cpp.o
#20 1015.3 [ 76%] Building CXX object CMakeFiles/LagomJS.dir/src/serenity/Userland/Libraries/LibJS/Runtime/Intl/SegmentIteratorPrototype.cpp.o
#20 1016.5 [ 76%] Building CXX object CMakeFiles/LagomJS.dir/src/serenity/Userland/Libraries/LibJS/Runtime/Intl/Segmenter.cpp.o
#20 1017.6 [ 76%] Building CXX object CMakeFiles/LagomJS.dir/src/serenity/Userland/Libraries/LibJS/Runtime/Intl/SegmenterConstructor.cpp.o
#20 1020.1 [ 76%] Building CXX object CMakeFiles/LagomJS.dir/src/serenity/Userland/Libraries/LibJS/Runtime/Intl/SegmenterPrototype.cpp.o
#20 1021.4 [ 76%] Building CXX object CMakeFiles/LagomJS.dir/src/serenity/Userland/Libraries/LibJS/Runtime/Intl/Segments.cpp.o
#20 1022.4 [ 77%] Building CXX object CMakeFiles/LagomJS.dir/src/serenity/Userland/Libraries/LibJS/Runtime/Intl/SegmentsPrototype.cpp.o
#20 1023.6 [ 77%] Building CXX object CMakeFiles/LagomJS.dir/src/serenity/Userland/Libraries/LibJS/Runtime/Temporal/AbstractOperations.cpp.o
#20 1030.4 [ 77%] Building CXX object CMakeFiles/LagomJS.dir/src/serenity/Userland/Libraries/LibJS/Runtime/Temporal/Calendar.cpp.o
#20 1035.6 [ 77%] Building CXX object CMakeFiles/LagomJS.dir/src/serenity/Userland/Libraries/LibJS/Runtime/Temporal/CalendarConstructor.cpp.o
#20 1036.8 [ 77%] Building CXX object CMakeFiles/LagomJS.dir/src/serenity/Userland/Libraries/LibJS/Runtime/Temporal/CalendarPrototype.cpp.o
#20 1040.3 [ 77%] Building CXX object CMakeFiles/LagomJS.dir/src/serenity/Userland/Libraries/LibJS/Runtime/Temporal/Duration.cpp.o
#20 1045.8 [ 78%] Building CXX object CMakeFiles/LagomJS.dir/src/serenity/Userland/Libraries/LibJS/Runtime/Temporal/DurationConstructor.cpp.o
#20 1047.5 [ 78%] Building CXX object CMakeFiles/LagomJS.dir/src/serenity/Userland/Libraries/LibJS/Runtime/Temporal/DurationPrototype.cpp.o
#20 1050.5 [ 78%] Building CXX object CMakeFiles/LagomJS.dir/src/serenity/Userland/Libraries/LibJS/Runtime/Temporal/ISO8601.cpp.o
#20 1054.6 [ 78%] Building CXX object CMakeFiles/LagomJS.dir/src/serenity/Userland/Libraries/LibJS/Runtime/Temporal/Instant.cpp.o
#20 1057.1 [ 78%] Building CXX object CMakeFiles/LagomJS.dir/src/serenity/Userland/Libraries/LibJS/Runtime/Temporal/InstantConstructor.cpp.o
#20 1058.8 [ 78%] Building CXX object CMakeFiles/LagomJS.dir/src/serenity/Userland/Libraries/LibJS/Runtime/Temporal/InstantPrototype.cpp.o
#20 1061.8 [ 79%] Building CXX object CMakeFiles/LagomJS.dir/src/serenity/Userland/Libraries/LibJS/Runtime/Temporal/Now.cpp.o
#20 1063.4 [ 79%] Building CXX object CMakeFiles/LagomJS.dir/src/serenity/Userland/Libraries/LibJS/Runtime/Temporal/PlainDate.cpp.o
#20 1066.1 [ 79%] Building CXX object CMakeFiles/LagomJS.dir/src/serenity/Userland/Libraries/LibJS/Runtime/Temporal/PlainDateConstructor.cpp.o
#20 1067.7 [ 79%] Building CXX object CMakeFiles/LagomJS.dir/src/serenity/Userland/Libraries/LibJS/Runtime/Temporal/PlainDatePrototype.cpp.o
#20 1071.5 [ 79%] Building CXX object CMakeFiles/LagomJS.dir/src/serenity/Userland/Libraries/LibJS/Runtime/Temporal/PlainDateTime.cpp.o
#20 1074.5 [ 79%] Building CXX object CMakeFiles/LagomJS.dir/src/serenity/Userland/Libraries/LibJS/Runtime/Temporal/PlainDateTimeConstructor.cpp.o
#20 1076.1 [ 79%] Building CXX object CMakeFiles/LagomJS.dir/src/serenity/Userland/Libraries/LibJS/Runtime/Temporal/PlainDateTimePrototype.cpp.o
#20 1080.7 [ 80%] Building CXX object CMakeFiles/LagomJS.dir/src/serenity/Userland/Libraries/LibJS/Runtime/Temporal/PlainMonthDay.cpp.o
#20 1083.1 [ 80%] Building CXX object CMakeFiles/LagomJS.dir/src/serenity/Userland/Libraries/LibJS/Runtime/Temporal/PlainMonthDayConstructor.cpp.o
#20 1084.6 [ 80%] Building CXX object CMakeFiles/LagomJS.dir/src/serenity/Userland/Libraries/LibJS/Runtime/Temporal/PlainMonthDayPrototype.cpp.o
#20 1086.9 [ 80%] Building CXX object CMakeFiles/LagomJS.dir/src/serenity/Userland/Libraries/LibJS/Runtime/Temporal/PlainTime.cpp.o
#20 1089.9 [ 80%] Building CXX object CMakeFiles/LagomJS.dir/src/serenity/Userland/Libraries/LibJS/Runtime/Temporal/PlainTimeConstructor.cpp.o
#20 1091.6 [ 80%] Building CXX object CMakeFiles/LagomJS.dir/src/serenity/Userland/Libraries/LibJS/Runtime/Temporal/PlainTimePrototype.cpp.o
#20 1095.2 [ 81%] Building CXX object CMakeFiles/LagomJS.dir/src/serenity/Userland/Libraries/LibJS/Runtime/Temporal/PlainYearMonth.cpp.o
#20 1097.8 [ 81%] Building CXX object CMakeFiles/LagomJS.dir/src/serenity/Userland/Libraries/LibJS/Runtime/Temporal/PlainYearMonthConstructor.cpp.o
#20 1099.6 [ 81%] Building CXX object CMakeFiles/LagomJS.dir/src/serenity/Userland/Libraries/LibJS/Runtime/Temporal/PlainYearMonthPrototype.cpp.o
#20 1104.3 [ 81%] Building CXX object CMakeFiles/LagomJS.dir/src/serenity/Userland/Libraries/LibJS/Runtime/Temporal/Temporal.cpp.o
#20 1105.3 [ 81%] Building CXX object CMakeFiles/LagomJS.dir/src/serenity/Userland/Libraries/LibJS/Runtime/Temporal/TimeZone.cpp.o
#20 1109.9 [ 81%] Building CXX object CMakeFiles/LagomJS.dir/src/serenity/Userland/Libraries/LibJS/Runtime/Temporal/TimeZoneConstructor.cpp.o
#20 1111.6 [ 82%] Building CXX object CMakeFiles/LagomJS.dir/src/serenity/Userland/Libraries/LibJS/Runtime/Temporal/TimeZonePrototype.cpp.o
#20 1114.1 [ 82%] Building CXX object CMakeFiles/LagomJS.dir/src/serenity/Userland/Libraries/LibJS/Runtime/Temporal/ZonedDateTime.cpp.o
#20 1118.7 [ 82%] Building CXX object CMakeFiles/LagomJS.dir/src/serenity/Userland/Libraries/LibJS/Runtime/Temporal/ZonedDateTimeConstructor.cpp.o
#20 1120.3 [ 82%] Building CXX object CMakeFiles/LagomJS.dir/src/serenity/Userland/Libraries/LibJS/Runtime/Temporal/ZonedDateTimePrototype.cpp.o
#20 1126.9 [ 82%] Linking CXX static library liblagom-js.a
#20 1127.2 [ 82%] Built target LagomJS
#20 1127.2 [ 83%] Building CXX object CMakeFiles/LagomMarkdown.dir/src/serenity/Userland/Libraries/LibMarkdown/BlockQuote.cpp.o
#20 1127.8 [ 83%] Building CXX object CMakeFiles/LagomMarkdown.dir/src/serenity/Userland/Libraries/LibMarkdown/CodeBlock.cpp.o
#20 1129.2 [ 83%] Building CXX object CMakeFiles/LagomMarkdown.dir/src/serenity/Userland/Libraries/LibMarkdown/CommentBlock.cpp.o
#20 1129.9 [ 83%] Building CXX object CMakeFiles/LagomMarkdown.dir/src/serenity/Userland/Libraries/LibMarkdown/ContainerBlock.cpp.o
#20 1130.9 [ 83%] Building CXX object CMakeFiles/LagomMarkdown.dir/src/serenity/Userland/Libraries/LibMarkdown/Document.cpp.o
#20 1131.4 [ 83%] Building CXX object CMakeFiles/LagomMarkdown.dir/src/serenity/Userland/Libraries/LibMarkdown/Heading.cpp.o
#20 1132.0 [ 84%] Building CXX object CMakeFiles/LagomMarkdown.dir/src/serenity/Userland/Libraries/LibMarkdown/HorizontalRule.cpp.o
#20 1132.6 [ 84%] Building CXX object CMakeFiles/LagomMarkdown.dir/src/serenity/Userland/Libraries/LibMarkdown/LineIterator.cpp.o
#20 1133.0 [ 84%] Building CXX object CMakeFiles/LagomMarkdown.dir/src/serenity/Userland/Libraries/LibMarkdown/List.cpp.o
#20 1133.8 [ 84%] Building CXX object CMakeFiles/LagomMarkdown.dir/src/serenity/Userland/Libraries/LibMarkdown/Paragraph.cpp.o
#20 1134.3 [ 84%] Building CXX object CMakeFiles/LagomMarkdown.dir/src/serenity/Userland/Libraries/LibMarkdown/Table.cpp.o
#20 1135.5 [ 84%] Building CXX object CMakeFiles/LagomMarkdown.dir/src/serenity/Userland/Libraries/LibMarkdown/Text.cpp.o
#20 1137.0 [ 85%] Linking CXX static library liblagom-markdown.a
#20 1137.0 [ 85%] Built target LagomMarkdown
#20 1137.0 [ 85%] Building CXX object CMakeFiles/LagomPDF.dir/src/serenity/Userland/Libraries/LibPDF/ColorSpace.cpp.o
#20 1138.3 [ 85%] Building CXX object CMakeFiles/LagomPDF.dir/src/serenity/Userland/Libraries/LibPDF/CommonNames.cpp.o
#20 1139.1 [ 85%] Building CXX object CMakeFiles/LagomPDF.dir/src/serenity/Userland/Libraries/LibPDF/Document.cpp.o
#20 1142.5 [ 85%] Building CXX object CMakeFiles/LagomPDF.dir/src/serenity/Userland/Libraries/LibPDF/Filter.cpp.o
#20 1144.1 [ 85%] Building CXX object CMakeFiles/LagomPDF.dir/src/serenity/Userland/Libraries/LibPDF/ObjectDerivatives.cpp.o
#20 1145.9 [ 86%] Building CXX object CMakeFiles/LagomPDF.dir/src/serenity/Userland/Libraries/LibPDF/Parser.cpp.o
#20 1151.6 [ 86%] Building CXX object CMakeFiles/LagomPDF.dir/src/serenity/Userland/Libraries/LibPDF/Renderer.cpp.o
#20 1155.4 [ 86%] Building CXX object CMakeFiles/LagomPDF.dir/src/serenity/Userland/Libraries/LibPDF/Value.cpp.o
#20 1155.9 [ 86%] Linking CXX static library liblagom-pdf.a
#20 1156.0 [ 86%] Built target LagomPDF
#20 1156.0 [ 86%] Building CXX object Fuzzers/CMakeFiles/FuzzIMAPParser.dir/FuzzIMAPParser.cpp.o
#20 1157.7 [ 86%] Linking CXX executable FuzzIMAPParser
#20 1158.1 [ 86%] Built target FuzzIMAPParser
#20 1158.1 [ 86%] Building CXX object Fuzzers/CMakeFiles/FuzzPDF.dir/FuzzPDF.cpp.o
#20 1159.2 [ 86%] Linking CXX executable FuzzPDF
#20 1159.8 [ 86%] Built target FuzzPDF
#20 1159.8 [ 87%] Building CXX object Fuzzers/CMakeFiles/FuzzDeflateCompression.dir/FuzzDeflateCompression.cpp.o
#20 1161.0 [ 87%] Linking CXX executable FuzzDeflateCompression
#20 1161.3 [ 87%] Built target FuzzDeflateCompression
#20 1161.3 [ 87%] Building CXX object Fuzzers/CMakeFiles/FuzzShell.dir/FuzzShell.cpp.o
#20 1162.5 [ 87%] Linking CXX executable FuzzShell
#20 1163.3 [ 87%] Built target FuzzShell
#20 1163.4 [ 87%] Building CXX object Fuzzers/CMakeFiles/FuzzPGMLoader.dir/FuzzPGMLoader.cpp.o
#20 1163.9 [ 88%] Linking CXX executable FuzzPGMLoader
#20 1164.4 [ 88%] Built target FuzzPGMLoader
#20 1164.4 [ 89%] Building CXX object Fuzzers/CMakeFiles/FuzzHttpRequest.dir/FuzzHttpRequest.cpp.o
#20 1164.8 [ 89%] Linking CXX executable FuzzHttpRequest
#20 1165.2 [ 89%] Built target FuzzHttpRequest
#20 1165.2 [ 89%] Building CXX object Fuzzers/CMakeFiles/FuzzHebrewDecoder.dir/FuzzHebrewDecoder.cpp.o
#20 1165.6 [ 89%] Linking CXX executable FuzzHebrewDecoder
#20 1165.9 [ 89%] Built target FuzzHebrewDecoder
#20 1166.0 [ 89%] Building CXX object Fuzzers/CMakeFiles/FuzzSHA1.dir/FuzzSHA1.cpp.o
#20 1166.3 [ 89%] Linking CXX executable FuzzSHA1
#20 1166.6 [ 89%] Built target FuzzSHA1
#20 1166.6 [ 89%] Building CXX object Fuzzers/CMakeFiles/FuzzPBMLoader.dir/FuzzPBMLoader.cpp.o
#20 1167.2 [ 90%] Linking CXX executable FuzzPBMLoader
#20 1167.8 [ 90%] Built target FuzzPBMLoader
#20 1167.8 [ 90%] Building CXX object Fuzzers/CMakeFiles/FuzzPEM.dir/FuzzPEM.cpp.o
#20 1168.3 [ 90%] Linking CXX executable FuzzPEM
#20 1168.6 [ 90%] Built target FuzzPEM
#20 1168.6 [ 90%] Building CXX object Fuzzers/CMakeFiles/FuzzJPGLoader.dir/FuzzJPGLoader.cpp.o
#20 1169.2 [ 91%] Linking CXX executable FuzzJPGLoader
#20 1169.8 [ 91%] Built target FuzzJPGLoader
#20 1169.8 [ 91%] Building CXX object Fuzzers/CMakeFiles/FuzzMD5.dir/FuzzMD5.cpp.o
#20 1170.1 [ 91%] Linking CXX executable FuzzMD5
#20 1170.4 [ 91%] Built target FuzzMD5
#20 1170.5 [ 91%] Building CXX object Fuzzers/CMakeFiles/FuzzMarkdown.dir/FuzzMarkdown.cpp.o
#20 1170.9 [ 91%] Linking CXX executable FuzzMarkdown
#20 1173.3 [ 91%] Built target FuzzMarkdown
#20 1173.3 [ 91%] Building CXX object Fuzzers/CMakeFiles/FuzzGIFLoader.dir/FuzzGIFLoader.cpp.o
#20 1174.0 [ 91%] Linking CXX executable FuzzGIFLoader
#20 1174.5 [ 91%] Built target FuzzGIFLoader
#20 1174.5 [ 92%] Building CXX object Fuzzers/CMakeFiles/FuzzFlacLoader.dir/FuzzFlacLoader.cpp.o
#20 1175.6 [ 92%] Linking CXX executable FuzzFlacLoader
#20 1176.0 [ 92%] Built target FuzzFlacLoader
#20 1176.0 [ 92%] Building CXX object Fuzzers/CMakeFiles/FuzzICOLoader.dir/FuzzICOLoader.cpp.o
#20 1176.5 [ 92%] Linking CXX executable FuzzICOLoader
#20 1177.1 [ 92%] Built target FuzzICOLoader
#20 1177.1 [ 92%] Building CXX object Fuzzers/CMakeFiles/FuzzCyrillicDecoder.dir/FuzzCyrillicDecoder.cpp.o
#20 1177.5 [ 92%] Linking CXX executable FuzzCyrillicDecoder
#20 1177.8 [ 92%] Built target FuzzCyrillicDecoder
#20 1177.8 [ 92%] Building CXX object Fuzzers/CMakeFiles/FuzzBMPLoader.dir/FuzzBMPLoader.cpp.o
#20 1178.4 [ 92%] Linking CXX executable FuzzBMPLoader
#20 1179.0 [ 92%] Built target FuzzBMPLoader
#20 1179.0 [ 93%] Building CXX object Fuzzers/CMakeFiles/FuzzQuotedPrintableParser.dir/FuzzQuotedPrintableParser.cpp.o
#20 1179.4 [ 93%] Linking CXX executable FuzzQuotedPrintableParser
#20 1179.7 [ 93%] Built target FuzzQuotedPrintableParser
#20 1179.7 [ 93%] Building CXX object Fuzzers/CMakeFiles/FuzzELF.dir/FuzzELF.cpp.o
#20 1180.2 [ 93%] Linking CXX executable FuzzELF
#20 1180.5 [ 93%] Built target FuzzELF
#20 1180.5 [ 93%] Building CXX object Fuzzers/CMakeFiles/FuzzQOILoader.dir/FuzzQOILoader.cpp.o
#20 1181.1 [ 93%] Linking CXX executable FuzzQOILoader
#20 1181.7 [ 93%] Built target FuzzQOILoader
#20 1181.7 [ 93%] Building CXX object Fuzzers/CMakeFiles/FuzzZip.dir/FuzzZip.cpp.o
#20 1182.1 [ 93%] Linking CXX executable FuzzZip
#20 1182.4 [ 93%] Built target FuzzZip
#20 1182.5 [ 94%] Building CXX object Fuzzers/CMakeFiles/FuzzSHA256.dir/FuzzSHA256.cpp.o
#20 1182.8 [ 94%] Linking CXX executable FuzzSHA256
#20 1183.1 [ 94%] Built target FuzzSHA256
#20 1183.2 [ 94%] Building CXX object Fuzzers/CMakeFiles/FuzzSHA512.dir/FuzzSHA512.cpp.o
#20 1183.5 [ 94%] Linking CXX executable FuzzSHA512
#20 1183.8 [ 94%] Built target FuzzSHA512
#20 1183.9 [ 94%] Building CXX object Fuzzers/CMakeFiles/FuzzPPMLoader.dir/FuzzPPMLoader.cpp.o
#20 1184.4 [ 94%] Linking CXX executable FuzzPPMLoader
#20 1184.9 [ 94%] Built target FuzzPPMLoader
#20 1184.9 [ 94%] Building CXX object Fuzzers/CMakeFiles/FuzzRSAKeyParsing.dir/FuzzRSAKeyParsing.cpp.o
#20 1185.4 [ 94%] Linking CXX executable FuzzRSAKeyParsing
#20 1185.7 [ 94%] Built target FuzzRSAKeyParsing
#20 1185.7 [ 94%] Building CXX object Fuzzers/CMakeFiles/FuzzGzipDecompression.dir/FuzzGzipDecompression.cpp.o
#20 1186.9 [ 94%] Linking CXX executable FuzzGzipDecompression
#20 1187.3 [ 94%] Built target FuzzGzipDecompression
#20 1187.3 [ 94%] Building CXX object Fuzzers/CMakeFiles/FuzzJs.dir/FuzzJs.cpp.o
#20 1189.8 [ 94%] Linking CXX executable FuzzJs
#20 1192.4 [ 94%] Built target FuzzJs
#20 1192.4 [ 94%] Building CXX object Fuzzers/CMakeFiles/FuzzRegexPosixExtended.dir/FuzzRegexPosixExtended.cpp.o
#20 1193.5 [ 94%] Linking CXX executable FuzzRegexPosixExtended
#20 1193.9 [ 94%] Built target FuzzRegexPosixExtended
#20 1193.9 [ 94%] Building CXX object Fuzzers/CMakeFiles/FuzzLatin1Decoder.dir/FuzzLatin1Decoder.cpp.o
#20 1194.3 [ 94%] Linking CXX executable FuzzLatin1Decoder
#20 1194.6 [ 94%] Built target FuzzLatin1Decoder
#20 1194.8 [ 94%] Building CXX object Fuzzers/CMakeFiles/FuzzLatin2Decoder.dir/FuzzLatin2Decoder.cpp.o
#20 1195.2 [ 95%] Linking CXX executable FuzzLatin2Decoder
#20 1195.5 [ 95%] Built target FuzzLatin2Decoder
#20 1195.5 [ 96%] Building CXX object Fuzzers/CMakeFiles/FuzzGzipCompression.dir/FuzzGzipCompression.cpp.o
#20 1196.7 [ 96%] Linking CXX executable FuzzGzipCompression
#20 1197.1 [ 96%] Built target FuzzGzipCompression
#20 1197.1 [ 96%] Building CXX object Fuzzers/CMakeFiles/FuzzRegexECMA262.dir/FuzzRegexECMA262.cpp.o
#20 1198.2 [ 96%] Linking CXX executable FuzzRegexECMA262
#20 1198.7 [ 96%] Built target FuzzRegexECMA262
#20 1198.7 [ 97%] Building CXX object Fuzzers/CMakeFiles/FuzzRegexPosixBasic.dir/FuzzRegexPosixBasic.cpp.o
#20 1199.8 [ 97%] Linking CXX executable FuzzRegexPosixBasic
#20 1200.2 [ 97%] Built target FuzzRegexPosixBasic
#20 1200.3 [ 97%] Building CXX object Fuzzers/CMakeFiles/FuzzSHA384.dir/FuzzSHA384.cpp.o
#20 1200.7 [ 97%] Linking CXX executable FuzzSHA384
#20 1201.0 [ 97%] Built target FuzzSHA384
#20 1201.0 [ 97%] Building CXX object Fuzzers/CMakeFiles/FuzzASN1.dir/FuzzASN1.cpp.o
#20 1201.6 [ 97%] Linking CXX executable FuzzASN1
#20 1202.0 [ 97%] Built target FuzzASN1
#20 1202.0 [ 98%] Building CXX object Fuzzers/CMakeFiles/FuzzSQLParser.dir/FuzzSQLParser.cpp.o
#20 1202.9 [ 98%] Linking CXX executable FuzzSQLParser
#20 1203.5 [ 98%] Built target FuzzSQLParser
#20 1203.5 [ 98%] Building CXX object Fuzzers/CMakeFiles/FuzzPNGLoader.dir/FuzzPNGLoader.cpp.o
#20 1204.1 [ 98%] Linking CXX executable FuzzPNGLoader
#20 1204.6 [ 98%] Built target FuzzPNGLoader
#20 1204.6 [ 98%] Building CXX object Fuzzers/CMakeFiles/FuzzDeflateDecompression.dir/FuzzDeflateDecompression.cpp.o
#20 1205.8 [ 98%] Linking CXX executable FuzzDeflateDecompression
#20 1206.1 [ 98%] Built target FuzzDeflateDecompression
#20 1206.1 [ 98%] Building CXX object Fuzzers/CMakeFiles/FuzzTTF.dir/FuzzTTF.cpp.o
#20 1206.9 [ 98%] Linking CXX executable FuzzTTF
#20 1207.5 [ 98%] Built target FuzzTTF
#20 1207.5 [ 98%] Building CXX object Fuzzers/CMakeFiles/FuzzURL.dir/FuzzURL.cpp.o
#20 1208.0 [ 99%] Linking CXX executable FuzzURL
#20 1208.4 [ 99%] Built target FuzzURL
#20 1208.4 [ 99%] Building CXX object Fuzzers/CMakeFiles/FuzzUTF16BEDecoder.dir/FuzzUTF16BEDecoder.cpp.o
#20 1208.8 [ 99%] Linking CXX executable FuzzUTF16BEDecoder
#20 1209.1 [ 99%] Built target FuzzUTF16BEDecoder
#20 1209.2 [ 99%] Building CXX object Fuzzers/CMakeFiles/FuzzWAVLoader.dir/FuzzWAVLoader.cpp.o
#20 1210.1 [ 99%] Linking CXX executable FuzzWAVLoader
#20 1210.6 [ 99%] Built target FuzzWAVLoader
#20 1210.6 [ 99%] Building CXX object Fuzzers/CMakeFiles/FuzzWasmParser.dir/FuzzWasmParser.cpp.o
#20 1212.2 [100%] Linking CXX executable FuzzWasmParser
#20 1214.9 [100%] Built target FuzzWasmParser
#20 1214.9 [100%] Building CXX object Fuzzers/CMakeFiles/FuzzGemini.dir/FuzzGemini.cpp.o
#20 1215.5 [100%] Linking CXX executable FuzzGemini
#20 1215.8 [100%] Built target FuzzGemini
#20 1215.8 [100%] Building CXX object Fuzzers/CMakeFiles/FuzzZlibDecompression.dir/FuzzZlibDecompression.cpp.o
#20 1216.1 [100%] Linking CXX executable FuzzZlibDecompression
#20 1216.4 [100%] Built target FuzzZlibDecompression
#20 1216.4 + cp Fuzzers/FuzzASN1 Fuzzers/FuzzBMPLoader Fuzzers/FuzzCyrillicDecoder Fuzzers/FuzzDeflateCompression Fuzzers/FuzzDeflateDecompression Fuzzers/FuzzELF Fuzzers/FuzzFlacLoader Fuzzers/FuzzGIFLoader Fuzzers/FuzzGemini Fuzzers/FuzzGzipCompression Fuzzers/FuzzGzipDecompression Fuzzers/FuzzHebrewDecoder Fuzzers/FuzzHttpRequest Fuzzers/FuzzICOLoader Fuzzers/FuzzIMAPParser Fuzzers/FuzzJPGLoader Fuzzers/FuzzJs Fuzzers/FuzzLatin1Decoder Fuzzers/FuzzLatin2Decoder Fuzzers/FuzzMD5 Fuzzers/FuzzMarkdown Fuzzers/FuzzPBMLoader Fuzzers/FuzzPDF Fuzzers/FuzzPEM Fuzzers/FuzzPGMLoader Fuzzers/FuzzPNGLoader Fuzzers/FuzzPPMLoader Fuzzers/FuzzQOILoader Fuzzers/FuzzQuotedPrintableParser Fuzzers/FuzzRSAKeyParsing Fuzzers/FuzzRegexECMA262 Fuzzers/FuzzRegexPosixBasic Fuzzers/FuzzRegexPosixExtended Fuzzers/FuzzSHA1 Fuzzers/FuzzSHA256 Fuzzers/FuzzSHA384 Fuzzers/FuzzSHA512 Fuzzers/FuzzSQLParser Fuzzers/FuzzShell Fuzzers/FuzzTTF Fuzzers/FuzzURL Fuzzers/FuzzUTF16BEDecoder Fuzzers/FuzzWAVLoader Fuzzers/FuzzWasmParser Fuzzers/FuzzZip Fuzzers/FuzzZlibDecompression /out/
#20 1217.5 [post_build] Copying afl-fuzz to $OUT directory
#20 DONE 1220.6s

#21 exporting to image
#21 sha256:e8c613e07b0b7ff33893b694f7759a10d42e180f2b4dc349fb57dc6b71dcab00
#21 exporting layers done
#21 writing image sha256:8ebdfd63f82865696b947910bd2f503cdd862bab0c8d3de1e9d9fe525d76c353

#21 exporting to image
#21 sha256:e8c613e07b0b7ff33893b694f7759a10d42e180f2b4dc349fb57dc6b71dcab00
#21 exporting layers done
#21 writing image sha256:8ebdfd63f82865696b947910bd2f503cdd862bab0c8d3de1e9d9fe525d76c353 0.0s done
#21 naming to gcr.io/fuzzbench/builders/afl/serenity_serenity 0.0s done
#21 DONE 0.3s

#22 exporting cache
#22 sha256:2700d4ef94dee473593c5c614b55b2dedcca7893909811a8f2b48291a1f581e4
#22 preparing build cache for export
#22 preparing build cache for export 0.1s done
#22 DONE 0.1s
------
 > importing cache manifest from gcr.io/fuzzbench/builders/afl/serenity_serenity:
------
#21 writing image sha256:8ebdfd63f82865696b947910bd2f503cdd862bab0c8d3de1e9d9fe525d76c353
#21 writing image sha256:8ebdfd63f82865696b947910bd2f503cdd862bab0c8d3de1e9d9fe525d76c353 0.1s done
#21 naming to gcr.io/fuzzbench/builders/afl/serenity_serenity
#2 [internal] load .dockerignore
#2 sha256:ba1c3f71b111dd871dbb1f6af0d3be35212b9909883f3d9b699932fad0ddcd02
#21 naming to gcr.io/fuzzbench/builders/afl/serenity_serenity done
#21 DONE 0.6s

#22 exporting cache
#22 sha256:2700d4ef94dee473593c5c614b55b2dedcca7893909811a8f2b48291a1f581e4
#22 preparing build cache for export 0.0s done
#22 DONE 0.0s
------
 > importing cache manifest from gcr.io/fuzzbench/builders/afl/serenity_serenity:
------
#2 transferring context: 2B done
#2 DONE 0.4s

#1 [internal] load build definition from runner.Dockerfile
#1 sha256:79bd9496efa6094553e2ed08b14e8869c41ef05122b487e75aa6cfd2a3274864
#1 transferring dockerfile: 656B 0.0s done
#1 DONE 0.4s
#2 [internal] load .dockerignore
#2 sha256:e59fd66329fa6891adbe17906e23c8c74e1de65061a91d05d2afe88fe395442b
#2 DONE 0.0s

#1 [internal] load build definition from runner.Dockerfile
#1 sha256:69ce87eaa91abd5344c3da7bf9c3f288db251b0aa0c373180d6b36340c79a9e6
#1 transferring dockerfile: 656B done

#4 [base-image 1/1] FROM gcr.io/fuzzbench/base-image
#4 sha256:4d07825694520f8b6f6a0d8592dbd345433361ae044cb7f06706c5a95e3daaad
#4 CACHED

#3 [internal] load metadata for gcr.io/fuzzbench/base-image:latest
#3 sha256:932022888f650cc455b10eb5123bb08c0cccacac29a693e69314abbfd28a72c3
#3 DONE 0.0s

#6 exporting to image
#6 sha256:e8c613e07b0b7ff33893b694f7759a10d42e180f2b4dc349fb57dc6b71dcab00
#6 exporting layers done
#1 DONE 0.3s

#2 [internal] load .dockerignore
#2 sha256:e59fd66329fa6891adbe17906e23c8c74e1de65061a91d05d2afe88fe395442b
#2 transferring context: 2B done
#2 DONE 0.2s
#6 writing image sha256:d5ac680f9a59b4019b6590dca0717b5f94a5c29c075177fb37f8ebc9569640f5

#4 [base-image 1/1] FROM gcr.io/fuzzbench/base-image
#4 sha256:4d07825694520f8b6f6a0d8592dbd345433361ae044cb7f06706c5a95e3daaad
#4 CACHED

#3 [internal] load metadata for gcr.io/fuzzbench/base-image:latest
#3 sha256:932022888f650cc455b10eb5123bb08c0cccacac29a693e69314abbfd28a72c3
#3 DONE 0.0s

#6 exporting to image
#6 sha256:e8c613e07b0b7ff33893b694f7759a10d42e180f2b4dc349fb57dc6b71dcab00
#6 exporting layers done
#6 writing image sha256:d5ac680f9a59b4019b6590dca0717b5f94a5c29c075177fb37f8ebc9569640f5 0.0s done
#6 naming to gcr.io/fuzzbench/runners/afl/serenity_serenity-intermediate 0.0s done
#6 DONE 0.3s

#7 exporting cache
#7 sha256:2700d4ef94dee473593c5c614b55b2dedcca7893909811a8f2b48291a1f581e4
#7 preparing build cache for export done
#7 DONE 0.0s

#5 importing cache manifest from gcr.io/fuzzbench/runners/afl/serenity_serenity-intermediate
#5 sha256:0b5b53dfc58aa2ef7cf9cb81b76428eb44bc95e530ea12027564313e87c7769c
#6 writing image sha256:d5ac680f9a59b4019b6590dca0717b5f94a5c29c075177fb37f8ebc9569640f5 done
#6 naming to gcr.io/fuzzbench/runners/afl/serenity_serenity-intermediate done
#6 DONE 0.2s

#7 exporting cache
#7 sha256:2700d4ef94dee473593c5c614b55b2dedcca7893909811a8f2b48291a1f581e4
#7 preparing build cache for export done
#7 DONE 0.0s

#5 importing cache manifest from gcr.io/fuzzbench/runners/afl/serenity_serenity-intermediate
#5 sha256:0b5b53dfc58aa2ef7cf9cb81b76428eb44bc95e530ea12027564313e87c7769c
#5 ERROR: gcr.io/fuzzbench/runners/afl/serenity_serenity-intermediate:latest: not found
------
 > importing cache manifest from gcr.io/fuzzbench/runners/afl/serenity_serenity-intermediate:
------
#2 [internal] load .dockerignore
#2 sha256:ba4b710934d53e82de85292c70700c2f96de0f2cc79a748c73842b2d44e04e10
#2 transferring context: 34B done
#5 ERROR: gcr.io/fuzzbench/runners/afl/serenity_serenity-intermediate:latest: not found
------
 > importing cache manifest from gcr.io/fuzzbench/runners/afl/serenity_serenity-intermediate:
------
#2 DONE 0.7s

#1 [internal] load build definition from Dockerfile
#1 sha256:1492d2e4917f171525bee06bed32dbab7cef0cee75d0f62325d1ff98a5bdd5a2
#1 transferring dockerfile: 3.17kB done
#1 DONE 0.8s

#3 [internal] load metadata for gcr.io/fuzzbench/runners/afl/serenity_serenity-intermediate:latest
#3 sha256:329ab98ad6a137e4a26ab6316665f00ac4bc929cc3abc942bd5e9b78ab13a78e
#3 DONE 0.0s

#4 [internal] load metadata for gcr.io/fuzzbench/builders/afl/serenity_serenity:latest
#4 sha256:3796a65ab3d35c2c415d975cba9dad61027d7e48d8fe178fe8530ce6f64bb308
#4 DONE 0.0s

#12 [internal] load build context
#12 sha256:583102f5efaf81fd1b1be5b2b56af3235d3b7862bc7f19aec391ae10942faaac
#12 DONE 0.0s

#6 [stage-1  1/13] FROM gcr.io/fuzzbench/runners/afl/serenity_serenity-intermediate
#6 sha256:f4292b5fdd8fc38bc70d03f78b22218d85d853a381c6836550042e74a18bbc2d
#6 DONE 0.0s

#10 [builder 1/1] FROM gcr.io/fuzzbench/builders/afl/serenity_serenity
#10 sha256:2e1e684f17da147e97dfa3dd466d2b243fb973c956c568bf30533ae746134a3c
#10 DONE 0.0s

#5 importing cache manifest from gcr.io/fuzzbench/runners/afl/serenity_serenity
#5 sha256:ed0117845b6e0b9b59e5d210063a72a682cb57a500e1e4bd4ca0a3bc05bb2e3f
#2 [internal] load .dockerignore
#2 sha256:0a722d8aad7e41416707c38088d65bfa8a90cda5f62c0392136f67b1fd61634f
#2 DONE 0.0s
#5 ERROR: gcr.io/fuzzbench/runners/afl/serenity_serenity:latest: not found

#12 [internal] load build context
#12 sha256:583102f5efaf81fd1b1be5b2b56af3235d3b7862bc7f19aec391ae10942faaac

#2 [internal] load .dockerignore
#2 sha256:0a722d8aad7e41416707c38088d65bfa8a90cda5f62c0392136f67b1fd61634f
#2 transferring context: 34B done
#2 DONE 0.1s

#1 [internal] load build definition from Dockerfile
#1 sha256:f17096a1904e0ee400d0c7633296d5c2473700a93664838bd6ab6c38450c371d
#1 transferring dockerfile: 3.17kB done
#1 DONE 0.2s

#4 [internal] load metadata for gcr.io/fuzzbench/runners/afl/serenity_serenity-intermediate:latest
#4 sha256:329ab98ad6a137e4a26ab6316665f00ac4bc929cc3abc942bd5e9b78ab13a78e
#4 DONE 0.0s

#3 [internal] load metadata for gcr.io/fuzzbench/builders/afl/serenity_serenity:latest
#3 sha256:3796a65ab3d35c2c415d975cba9dad61027d7e48d8fe178fe8530ce6f64bb308
#3 DONE 0.0s

#5 [stage-1  1/13] FROM gcr.io/fuzzbench/runners/afl/serenity_serenity-intermediate
#5 sha256:f4292b5fdd8fc38bc70d03f78b22218d85d853a381c6836550042e74a18bbc2d
#5 DONE 0.0s

#11 [internal] load build context
#11 sha256:27130511eacd13aab572b32480b44c685e1e93fe877a393779b10ca56cc90734
#11 DONE 0.0s

#20 importing cache manifest from gcr.io/fuzzbench/runners/afl/serenity_serenity
#20 sha256:ed0117845b6e0b9b59e5d210063a72a682cb57a500e1e4bd4ca0a3bc05bb2e3f
#20 ERROR: gcr.io/fuzzbench/runners/afl/serenity_serenity:latest: not found

#9 [builder 1/1] FROM gcr.io/fuzzbench/builders/afl/serenity_serenity
#9 sha256:2e1e684f17da147e97dfa3dd466d2b243fb973c956c568bf30533ae746134a3c
#12 transferring context: 18.45MB 0.9s done
#12 DONE 1.0s

#10 [builder 1/1] FROM gcr.io/fuzzbench/builders/afl/serenity_serenity
#10 sha256:2e1e684f17da147e97dfa3dd466d2b243fb973c956c568bf30533ae746134a3c
#9 DONE 1.5s

#11 [internal] load build context
#11 sha256:27130511eacd13aab572b32480b44c685e1e93fe877a393779b10ca56cc90734
#10 DONE 1.5s
#11 transferring context: 18.45MB 1.0s done
#11 DONE 1.1s

#8 [stage-1  3/13] RUN mkdir -p /out
#8 sha256:bbebf206a51b35352a1acadd45b16263e858ea31ad0dd15810d32417010a28ef
#8 CACHED

#7 [stage-1  2/13] RUN apt-get update -y && apt-get install -y     libglib2.0-0     libxml2     libarchive13     libgss3
#7 sha256:d598d69b8ee1fd4687c647f7dbabb2638934a8bda88ba4762ea96097b428b592
#7 CACHED

#9 [stage-1  4/13] WORKDIR /out
#9 sha256:5b3c03a6bab1e27a84b6e80195e0027bb3b2385568fd419e8c3fdbe288acb064

#6 [stage-1  2/13] RUN apt-get update -y && apt-get install -y     libglib2.0-0     libxml2     libarchive13     libgss3
#6 sha256:d598d69b8ee1fd4687c647f7dbabb2638934a8bda88ba4762ea96097b428b592
#6 CACHED

#7 [stage-1  3/13] RUN mkdir -p /out
#7 sha256:bbebf206a51b35352a1acadd45b16263e858ea31ad0dd15810d32417010a28ef
#7 CACHED

#8 [stage-1  4/13] WORKDIR /out
#8 sha256:5b3c03a6bab1e27a84b6e80195e0027bb3b2385568fd419e8c3fdbe288acb064
#8 CACHED

#10 [stage-1  5/13] COPY --from=builder /out/ ./
#10 sha256:54159a53aae38392b7a335d501c167464a04f4e016dec69d7cf6bf6b803c8ccd
#9 CACHED

#11 [stage-1  5/13] COPY --from=builder /out/ ./
#11 sha256:54159a53aae38392b7a335d501c167464a04f4e016dec69d7cf6bf6b803c8ccd
#10 DONE 2.6s
#11 DONE 2.6s

#13 [stage-1  6/13] COPY benchmarks /src/benchmarks
#13 sha256:2726c9a50508bb760a3bdb44f59c9f01faec01bc093849d403c738f722583d25
#13 DONE 1.2s

#14 [stage-1  7/13] COPY fuzzers /src/fuzzers
#14 sha256:a27df069c43f5e48b707547ec3d9f643a4a8b5854a449e8bfaecbdd0fc3d6e33
#14 DONE 0.3s

#15 [stage-1  8/13] RUN touch __init__.py
#15 sha256:819d35ffb7fb40c580cada5af23f6e27baf244dd0dc0d257a3b1b4bdb53b0170
#15 DONE 0.8s

#16 [stage-1  9/13] RUN mkdir -p /out/seeds /out/corpus
#16 sha256:ee9f3082df40e5214bd08487cc743bb5ad70a36c44373468d4e95b2c47ded6b1
#16 DONE 0.8s

#17 [stage-1 10/13] COPY common /src/common
#17 sha256:463484a71043c1729dfde75e906def1a93f4ff1098fa998817f8fb5fa8cbb348
#17 DONE 0.3s

#18 [stage-1 11/13] COPY experiment/runner.py /src/experiment/runner.py
#18 sha256:7b84ca84bc688a8279c9244d93398027f37a599aaadde47dd953db247ba7f121
#18 DONE 0.1s

#19 [stage-1 12/13] COPY docker/benchmark-runner /src/docker/benchmark-runner
#19 sha256:f93be7f2ff4466a0b852d2ce88a8eef940ccb4e7d2b62922db2d707adf5aabc6
#19 DONE 0.1s

#20 [stage-1 13/13] RUN chmod +x /src/docker/benchmark-runner/startup-runner.sh
#20 sha256:e55dcba00526cdb6248af895810cf6c91b35cf42d487bedecc0e6ae00695ec11
#20 DONE 0.8s

#21 exporting to image
#21 sha256:e8c613e07b0b7ff33893b694f7759a10d42e180f2b4dc349fb57dc6b71dcab00
#21 exporting layers done
#21 writing image sha256:7468e12d307f5b97a4bf1a58db43c9fc06fdbbc2c723cca7c0689388ec3ecbec 0.0s done
#21 naming to gcr.io/fuzzbench/runners/afl/serenity_serenity 0.0s done
#21 DONE 0.2s

#22 exporting cache
#22 sha256:2700d4ef94dee473593c5c614b55b2dedcca7893909811a8f2b48291a1f581e4
#22 preparing build cache for export

#21 exporting to image
#21 sha256:e8c613e07b0b7ff33893b694f7759a10d42e180f2b4dc349fb57dc6b71dcab00
#21 exporting layers done
#22 preparing build cache for export 0.1s done
#22 DONE 0.1s
------
 > importing cache manifest from gcr.io/fuzzbench/runners/afl/serenity_serenity:
------
#21 writing image sha256:7468e12d307f5b97a4bf1a58db43c9fc06fdbbc2c723cca7c0689388ec3ecbec 0.0s done
#21 naming to gcr.io/fuzzbench/runners/afl/serenity_serenity done
#21 DONE 0.2s

#22 exporting cache
#22 sha256:2700d4ef94dee473593c5c614b55b2dedcca7893909811a8f2b48291a1f581e4
#22 preparing build cache for export 0.1s done
#22 DONE 0.1s
------
 > importing cache manifest from gcr.io/fuzzbench/runners/afl/serenity_serenity:
------
INFO:root:Doing trial as part of experiment.
INFO:root:Starting trial.
ERROR:root:Fuzz target binary not found.
INFO:root:Doing trial as part of experiment.
INFO:root:Starting trial.
ERROR:root:Fuzz target binary not found.
INFO:root:Doing final sync.
INFO:root:Doing final sync.
ERROR:root:Call to <function get_stats at 0x7fe10cedaf70> failed. Extras: {'traceback': 'Traceback (most recent call last):\n  File "/src/experiment/runner.py", line 374, in record_stats\n    stats_json_str = fuzzer_module_get_stats(output_corpus,\n  File "/src/fuzzers/afl/fuzzer.py", line 51, in get_stats\n    with open(stats_file) as file_handle:\nFileNotFoundError: [Errno 2] No such file or directory: \'/out/corpus/fuzzer_stats\'\n'}
ERROR:root:Call to <function get_stats at 0x7f89c8bcbf70> failed. Extras: {'traceback': 'Traceback (most recent call last):\n  File "/src/experiment/runner.py", line 374, in record_stats\n    stats_json_str = fuzzer_module_get_stats(output_corpus,\n  File "/src/fuzzers/afl/fuzzer.py", line 51, in get_stats\n    with open(stats_file) as file_handle:\nFileNotFoundError: [Errno 2] No such file or directory: \'/out/corpus/fuzzer_stats\'\n'}
