WARNING:root:gcloud not found in PATH.
INFO:root:Successfully integrated benchmark: gdal_gdal.
INFO:root:Please run "make test-run-afl-gdal_gdal" to test integration.
#2 [internal] load .dockerignore
#2 sha256:b36552fbeef93d81255a737dbd824d382864185b8c22b1f362cff85e539d8ec3
#2 transferring context: 2B done
#2 DONE 0.2s

#1 [internal] load build definition from Dockerfile
#1 sha256:d3dc8fb166a53df89a024a4642c2a7d891228ff90d8a7cf1223a5036ef1367ae
#1 transferring dockerfile: 966B done
#1 DONE 0.2s

#3 [internal] load metadata for gcr.io/oss-fuzz-base/base-builder:latest
#3 sha256:f10dc39cc9d418a5bc416dead31a1902b6821fdae909cd3b08f7a3fd1faba7b5
#3 DONE 0.7s

#5 [1/5] FROM gcr.io/oss-fuzz-base/base-builder@sha256:4ad017ca53699eda684c1c444948c93a4af848fe34baee3a765d3c4693fe6a56
#5 sha256:3f10b3978a3951f6e2692fa5e5890ee5a755650381dedece7198ed0b1dcdaa8c
#5 DONE 0.0s

#4 importing cache manifest from gcr.io/fuzzbench/builders/benchmark/gdal_gdal
#4 sha256:9f5a633d66505b944e2defb8b22508ebd67272d4ad0668237b57b7e46de38356
#4 ERROR: gcr.io/fuzzbench/builders/benchmark/gdal_gdal:latest: not found

#5 [1/5] FROM gcr.io/oss-fuzz-base/base-builder@sha256:4ad017ca53699eda684c1c444948c93a4af848fe34baee3a765d3c4693fe6a56
#5 sha256:3f10b3978a3951f6e2692fa5e5890ee5a755650381dedece7198ed0b1dcdaa8c
#5 CACHED

#6 [2/5] RUN apt-get update &&     apt-get install -y make autoconf automake libtool g++ curl cmake sqlite3 pkg-config
#6 sha256:9a4b72a7c3c2d33a09fa900ae1c6890625e1f40c0403b093908a31facd565149
#6 0.805 Hit:1 http://ppa.launchpad.net/git-core/ppa/ubuntu focal InRelease
#6 0.805 Hit:2 http://archive.ubuntu.com/ubuntu focal InRelease
#6 0.810 Get:3 http://archive.ubuntu.com/ubuntu focal-updates InRelease [114 kB]
#6 0.913 Get:4 http://archive.ubuntu.com/ubuntu focal-backports InRelease [108 kB]
#6 0.930 Get:5 http://security.ubuntu.com/ubuntu focal-security InRelease [114 kB]
#6 1.673 Fetched 336 kB in 1s (351 kB/s)
#6 1.673 Reading package lists...
#6 3.458 Reading package lists...
#6 4.887 Building dependency tree...
#6 5.098 Reading state information...
#6 5.309 g++ is already the newest version (4:9.3.0-1ubuntu2).
#6 5.309 g++ set to manually installed.
#6 5.309 make is already the newest version (4.2.1-1.2).
#6 5.309 make set to manually installed.
#6 5.309 curl is already the newest version (7.68.0-1ubuntu2.7).
#6 5.309 The following additional packages will be installed:
#6 5.310   autotools-dev cmake-data libarchive13 libjsoncpp1 libltdl-dev libltdl7
#6 5.311   librhash0 libsigsegv2 libuv1 m4
#6 5.313 Suggested packages:
#6 5.313   autoconf-archive gnu-standards autoconf-doc gettext cmake-doc ninja-build
#6 5.313   lrzip libtool-doc gfortran | fortran95-compiler gcj-jdk m4-doc sqlite3-doc
#6 5.370 The following NEW packages will be installed:
#6 5.371   autoconf automake autotools-dev cmake cmake-data libarchive13 libjsoncpp1
#6 5.372   libltdl-dev libltdl7 librhash0 libsigsegv2 libtool libuv1 m4 pkg-config
#6 5.372   sqlite3
#6 5.462 0 upgraded, 16 newly installed, 0 to remove and 0 not upgraded.
#6 5.462 Need to get 8240 kB of archives.
#6 5.462 After this operation, 39.1 MB of additional disk space will be used.
#6 5.462 Get:1 http://archive.ubuntu.com/ubuntu focal-updates/main amd64 libuv1 amd64 1.34.2-1ubuntu1.3 [80.8 kB]
#6 5.545 Get:2 http://archive.ubuntu.com/ubuntu focal/main amd64 libsigsegv2 amd64 2.12-2 [13.9 kB]
#6 5.548 Get:3 http://archive.ubuntu.com/ubuntu focal/main amd64 m4 amd64 1.4.18-4 [199 kB]
#6 5.593 Get:4 http://archive.ubuntu.com/ubuntu focal/main amd64 autoconf all 2.69-11.1 [321 kB]
#6 5.625 Get:5 http://archive.ubuntu.com/ubuntu focal/main amd64 autotools-dev all 20180224.1 [39.6 kB]
#6 5.630 Get:6 http://archive.ubuntu.com/ubuntu focal/main amd64 automake all 1:1.16.1-4ubuntu6 [522 kB]
#6 5.679 Get:7 http://archive.ubuntu.com/ubuntu focal/main amd64 cmake-data all 3.16.3-1ubuntu1 [1612 kB]
#6 5.799 Get:8 http://archive.ubuntu.com/ubuntu focal/main amd64 libarchive13 amd64 3.4.0-2ubuntu1 [327 kB]
#6 5.823 Get:9 http://archive.ubuntu.com/ubuntu focal/main amd64 libjsoncpp1 amd64 1.7.4-3.1ubuntu2 [75.6 kB]
#6 5.829 Get:10 http://archive.ubuntu.com/ubuntu focal/main amd64 librhash0 amd64 1.3.9-1 [113 kB]
#6 5.837 Get:11 http://archive.ubuntu.com/ubuntu focal/main amd64 cmake amd64 3.16.3-1ubuntu1 [3669 kB]
#6 6.111 Get:12 http://archive.ubuntu.com/ubuntu focal/main amd64 libltdl7 amd64 2.4.6-14 [38.5 kB]
#6 6.113 Get:13 http://archive.ubuntu.com/ubuntu focal/main amd64 libltdl-dev amd64 2.4.6-14 [162 kB]
#6 6.125 Get:14 http://archive.ubuntu.com/ubuntu focal/main amd64 libtool all 2.4.6-14 [161 kB]
#6 6.137 Get:15 http://archive.ubuntu.com/ubuntu focal/main amd64 pkg-config amd64 0.29.1-0ubuntu4 [45.5 kB]
#6 6.141 Get:16 http://archive.ubuntu.com/ubuntu focal-updates/main amd64 sqlite3 amd64 3.31.1-4ubuntu0.2 [860 kB]
#6 6.503 debconf: delaying package configuration, since apt-utils is not installed
#6 6.614 Fetched 8240 kB in 1s (10.0 MB/s)
#6 6.785 Selecting previously unselected package libuv1:amd64.
#6 6.785 (Reading database ... (Reading database ... 5%(Reading database ... 10%(Reading database ... 15%(Reading database ... 20%(Reading database ... 25%(Reading database ... 30%(Reading database ... 35%(Reading database ... 40%(Reading database ... 45%(Reading database ... 50%(Reading database ... 55%(Reading database ... 60%(Reading database ... 65%(Reading database ... 70%(Reading database ... 75%(Reading database ... 80%(Reading database ... 85%(Reading database ... 90%(Reading database ... 95%(Reading database ... 100%(Reading database ... 21291 files and directories currently installed.)
#6 6.916 Preparing to unpack .../00-libuv1_1.34.2-1ubuntu1.3_amd64.deb ...
#6 6.957 Unpacking libuv1:amd64 (1.34.2-1ubuntu1.3) ...
#6 7.121 Selecting previously unselected package libsigsegv2:amd64.
#6 7.124 Preparing to unpack .../01-libsigsegv2_2.12-2_amd64.deb ...
#6 7.145 Unpacking libsigsegv2:amd64 (2.12-2) ...
#6 7.248 Selecting previously unselected package m4.
#6 7.251 Preparing to unpack .../02-m4_1.4.18-4_amd64.deb ...
#6 7.274 Unpacking m4 (1.4.18-4) ...
#6 7.411 Selecting previously unselected package autoconf.
#6 7.413 Preparing to unpack .../03-autoconf_2.69-11.1_all.deb ...
#6 7.419 Unpacking autoconf (2.69-11.1) ...
#6 7.546 Selecting previously unselected package autotools-dev.
#6 7.549 Preparing to unpack .../04-autotools-dev_20180224.1_all.deb ...
#6 7.567 Unpacking autotools-dev (20180224.1) ...
#6 7.683 Selecting previously unselected package automake.
#6 7.686 Preparing to unpack .../05-automake_1%3a1.16.1-4ubuntu6_all.deb ...
#6 7.705 Unpacking automake (1:1.16.1-4ubuntu6) ...
#6 7.880 Selecting previously unselected package cmake-data.
#6 7.882 Preparing to unpack .../06-cmake-data_3.16.3-1ubuntu1_all.deb ...
#6 7.894 Unpacking cmake-data (3.16.3-1ubuntu1) ...
#6 8.572 Selecting previously unselected package libarchive13:amd64.
#6 8.576 Preparing to unpack .../07-libarchive13_3.4.0-2ubuntu1_amd64.deb ...
#6 8.589 Unpacking libarchive13:amd64 (3.4.0-2ubuntu1) ...
#6 8.713 Selecting previously unselected package libjsoncpp1:amd64.
#6 8.717 Preparing to unpack .../08-libjsoncpp1_1.7.4-3.1ubuntu2_amd64.deb ...
#6 8.721 Unpacking libjsoncpp1:amd64 (1.7.4-3.1ubuntu2) ...
#6 8.867 Selecting previously unselected package librhash0:amd64.
#6 8.871 Preparing to unpack .../09-librhash0_1.3.9-1_amd64.deb ...
#6 8.895 Unpacking librhash0:amd64 (1.3.9-1) ...
#6 9.048 Selecting previously unselected package cmake.
#6 9.052 Preparing to unpack .../10-cmake_3.16.3-1ubuntu1_amd64.deb ...
#6 9.071 Unpacking cmake (3.16.3-1ubuntu1) ...
#6 9.593 Selecting previously unselected package libltdl7:amd64.
#6 9.597 Preparing to unpack .../11-libltdl7_2.4.6-14_amd64.deb ...
#6 9.607 Unpacking libltdl7:amd64 (2.4.6-14) ...
#6 9.659 Selecting previously unselected package libltdl-dev:amd64.
#6 9.663 Preparing to unpack .../12-libltdl-dev_2.4.6-14_amd64.deb ...
#6 9.672 Unpacking libltdl-dev:amd64 (2.4.6-14) ...
#6 9.790 Selecting previously unselected package libtool.
#6 9.793 Preparing to unpack .../13-libtool_2.4.6-14_all.deb ...
#6 9.802 Unpacking libtool (2.4.6-14) ...
#6 9.902 Selecting previously unselected package pkg-config.
#6 9.906 Preparing to unpack .../14-pkg-config_0.29.1-0ubuntu4_amd64.deb ...
#6 9.917 Unpacking pkg-config (0.29.1-0ubuntu4) ...
#6 9.987 Selecting previously unselected package sqlite3.
#6 9.990 Preparing to unpack .../15-sqlite3_3.31.1-4ubuntu0.2_amd64.deb ...
#6 9.994 Unpacking sqlite3 (3.31.1-4ubuntu0.2) ...
#6 10.18 Setting up libarchive13:amd64 (3.4.0-2ubuntu1) ...
#6 10.24 Setting up autotools-dev (20180224.1) ...
#6 10.27 Setting up libuv1:amd64 (1.34.2-1ubuntu1.3) ...
#6 10.29 Setting up libsigsegv2:amd64 (2.12-2) ...
#6 10.30 Setting up pkg-config (0.29.1-0ubuntu4) ...
#6 10.40 Setting up libltdl7:amd64 (2.4.6-14) ...
#6 10.41 Setting up librhash0:amd64 (1.3.9-1) ...
#6 10.43 Setting up cmake-data (3.16.3-1ubuntu1) ...
#6 10.45 Setting up sqlite3 (3.31.1-4ubuntu0.2) ...
#6 10.46 Setting up libjsoncpp1:amd64 (1.7.4-3.1ubuntu2) ...
#6 10.48 Setting up libtool (2.4.6-14) ...
#6 10.50 Setting up m4 (1.4.18-4) ...
#6 10.51 Setting up autoconf (2.69-11.1) ...
#6 10.53 Setting up cmake (3.16.3-1ubuntu1) ...
#6 10.54 Setting up automake (1:1.16.1-4ubuntu6) ...
#6 10.56 update-alternatives: using /usr/bin/automake-1.16 to provide /usr/bin/automake (automake) in auto mode
#6 10.56 update-alternatives: warning: skip creation of /usr/share/man/man1/automake.1.gz because associated file /usr/share/man/man1/automake-1.16.1.gz (of link group automake) doesn't exist
#6 10.56 update-alternatives: warning: skip creation of /usr/share/man/man1/aclocal.1.gz because associated file /usr/share/man/man1/aclocal-1.16.1.gz (of link group automake) doesn't exist
#6 10.57 Setting up libltdl-dev:amd64 (2.4.6-14) ...
#6 10.58 Processing triggers for libc-bin (2.31-0ubuntu9.2) ...
#6 DONE 11.0s

#7 [3/5] RUN git clone --depth 1 https://github.com/OSGeo/gdal gdal
#7 sha256:bd9131cde04ac2ed4bab7334843834c12f755b5fca72bf68914bcfe580bed148
#7 0.618 Cloning into 'gdal'...
#7 10.18 Updating files:  78% (6770/8644)Updating files:  79% (6829/8644)Updating files:  80% (6916/8644)Updating files:  81% (7002/8644)Updating files:  82% (7089/8644)Updating files:  83% (7175/8644)Updating files:  84% (7261/8644)Updating files:  85% (7348/8644)Updating files:  86% (7434/8644)Updating files:  87% (7521/8644)Updating files:  88% (7607/8644)Updating files:  89% (7694/8644)Updating files:  90% (7780/8644)Updating files:  91% (7867/8644)Updating files:  92% (7953/8644)Updating files:  93% (8039/8644)Updating files:  94% (8126/8644)Updating files:  95% (8212/8644)Updating files:  96% (8299/8644)Updating files:  97% (8385/8644)Updating files:  98% (8472/8644)Updating files:  99% (8558/8644)Updating files: 100% (8644/8644)Updating files: 100% (8644/8644), done.
#7 DONE 11.6s

#8 [4/5] RUN cp gdal/gdal/fuzzers/build.sh /src/
#8 sha256:f9a956a2fdcff86850462493d558f499756bae03ee80383b26883a685e433417
#8 0.470 cp: cannot stat 'gdal/gdal/fuzzers/build.sh': No such file or directory
#8 ERROR: executor failed running [/bin/sh -c cp gdal/gdal/fuzzers/build.sh $SRC/]: exit code: 1
------
 > importing cache manifest from gcr.io/fuzzbench/builders/benchmark/gdal_gdal:
------
------
 > [4/5] RUN cp gdal/gdal/fuzzers/build.sh /src/:
------
executor failed running [/bin/sh -c cp gdal/gdal/fuzzers/build.sh $SRC/]: exit code: 1
make: *** [docker/generated.mk:15608: .gdal_gdal-project-builder] Error 1
/bin/sh: 1: source: not found
#1 [internal] load build definition from Dockerfile
#1 sha256:641db8af8a05aceb97cd46f04888fec5f78fe2f9b24e747f9241faccc0af2cd1
#1 transferring dockerfile: 32B done
#1 DONE 0.3s

#2 [internal] load .dockerignore
#2 sha256:584df3ddc734cbe2f2a5f030a44daa34734f625dae396ed263712ddde9a7fbcd
#2 transferring context: 2B done
#2 DONE 0.3s

#3 [internal] load metadata for gcr.io/oss-fuzz-base/base-builder:latest
#3 sha256:f10dc39cc9d418a5bc416dead31a1902b6821fdae909cd3b08f7a3fd1faba7b5
#3 DONE 0.5s

#5 [1/5] FROM gcr.io/oss-fuzz-base/base-builder@sha256:4ad017ca53699eda684c1c444948c93a4af848fe34baee3a765d3c4693fe6a56
#5 sha256:3f10b3978a3951f6e2692fa5e5890ee5a755650381dedece7198ed0b1dcdaa8c
#5 DONE 0.0s

#4 importing cache manifest from gcr.io/fuzzbench/builders/benchmark/gdal_gdal
#4 sha256:9f5a633d66505b944e2defb8b22508ebd67272d4ad0668237b57b7e46de38356
#4 ERROR: gcr.io/fuzzbench/builders/benchmark/gdal_gdal:latest: not found

#6 [2/5] RUN apt-get update &&     apt-get install -y make autoconf automake libtool g++ curl cmake sqlite3 pkg-config
#6 sha256:9a4b72a7c3c2d33a09fa900ae1c6890625e1f40c0403b093908a31facd565149
#6 CACHED

#7 [3/5] RUN git clone --depth 1 https://github.com/OSGeo/gdal gdal
#7 sha256:bd9131cde04ac2ed4bab7334843834c12f755b5fca72bf68914bcfe580bed148
#7 CACHED

#8 [4/5] RUN cp gdal/gdal/fuzzers/build.sh /src/
#8 sha256:f9a956a2fdcff86850462493d558f499756bae03ee80383b26883a685e433417
#8 0.906 cp: cannot stat 'gdal/gdal/fuzzers/build.sh': No such file or directory
#8 ERROR: executor failed running [/bin/sh -c cp gdal/gdal/fuzzers/build.sh $SRC/]: exit code: 1
------
 > importing cache manifest from gcr.io/fuzzbench/builders/benchmark/gdal_gdal:
------
------
 > [4/5] RUN cp gdal/gdal/fuzzers/build.sh /src/:
------
executor failed running [/bin/sh -c cp gdal/gdal/fuzzers/build.sh $SRC/]: exit code: 1
make: *** [docker/generated.mk:15608: .gdal_gdal-project-builder] Error 1
