WARNING:root:gcloud not found in PATH.
INFO:root:Successfully integrated benchmark: orbit_orbit.
INFO:root:Please run "make test-run-afl-orbit_orbit" to test integration.
#1 [internal] load build definition from Dockerfile
#1 sha256:16da83a13e9a2a0b92e6e4c4f726885fbff90295646a41de032bb5af6729f643
#1 transferring dockerfile: 1.48kB done
#1 DONE 1.1s

#2 [internal] load .dockerignore
#2 sha256:9697076b632434f734020c48b77b4288e9d2f0c283f0c4f987e22b8ee93cf674
#2 transferring context: 2B done
#2 DONE 1.2s

#3 [internal] load metadata for gcr.io/oss-fuzz-base/base-builder:latest
#3 sha256:f10dc39cc9d418a5bc416dead31a1902b6821fdae909cd3b08f7a3fd1faba7b5
#3 DONE 0.4s

#11 [internal] load build context
#11 sha256:e39f099f5563e48218e4d50e1e0f81c42c9a7b48ed7e891c2bb05e9ff835e0c6
#11 DONE 0.0s

#5 [1/7] FROM gcr.io/oss-fuzz-base/base-builder@sha256:112044a9815d235113677d459cf2ece740a51f2b85081c8f66943dcdc72ddf7f
#5 sha256:4aee4bf9f7280ac8b7f02b8d29e6e084dd034d2c294b4e3e05d8ce7048a1450f
#5 DONE 0.0s

#7 https://github.com/google/orbit/archive/master.tar.gz
#7 sha256:2c49689265635d4a949161c0fb207ba06533053ee988529a550b849191da4eea
#7 DONE 0.3s

#13 https://raw.githubusercontent.com/torvalds/linux/v5.7/include/uapi/linux/perf_event.h
#13 sha256:267d2426ce7993bee9f32c582079a9cd0b6a1732c8516f9c87b98ba2639a0710
#13 DONE 0.2s

#4 importing cache manifest from gcr.io/fuzzbench/builders/benchmark/orbit_orbit
#4 sha256:81ac56408300a45debbb73ba4d271717d0b73c4ea142b58351032d794c162234
#4 ERROR: gcr.io/fuzzbench/builders/benchmark/orbit_orbit:latest: not found

#11 [internal] load build context
#11 sha256:e39f099f5563e48218e4d50e1e0f81c42c9a7b48ed7e891c2bb05e9ff835e0c6
#11 transferring context: 30B done
#11 DONE 0.1s

#13 https://raw.githubusercontent.com/torvalds/linux/v5.7/include/uapi/linux/perf_event.h
#13 sha256:267d2426ce7993bee9f32c582079a9cd0b6a1732c8516f9c87b98ba2639a0710
#13 CACHED

#9 [4/7] RUN mkdir -p /src/orbit && tar -xzf /src/master.tar.gz   -C /src/orbit/ --strip-components 1; rm -f /src/master.tar.gz
#9 sha256:dd1e5f52c5799d860203ea8a3ecf1ec8e3fcd4765c3fca55c10873b918969137
#9 CACHED

#10 [5/7] WORKDIR /src
#10 sha256:0d75d68c6b8a9505286126e9fe3f4b36c141de5105a0bd02ab1e36032ce0fb46
#10 CACHED

#6 [2/7] RUN apt-get update && apt-get install -y m4 libglu1-mesa-dev mesa-common-dev   libxmu-dev libxi-dev pkg-config libxxf86vm-dev patchelf
#6 sha256:f576f7a098ad4f7596e8a2e73e7e98965325f3e2786a4d23e6af30605c4ec42c
#6 CACHED

#8 [3/7] ADD https://github.com/google/orbit/archive/master.tar.gz /src/
#8 sha256:7841a4edac0e1950160411c609cdcfac259686cc333ca8ffd277edd2e730158e
#8 CACHED

#12 [6/7] COPY build.sh /src/
#12 sha256:43b1ded0c9601a709d914736f26762ed06ae430707cb68a4ed7600b6ff37f6d7
#12 CACHED

#14 [7/7] ADD https://raw.githubusercontent.com/torvalds/linux/v5.7/include/uapi/linux/perf_event.h /usr/include/linux/perf_event.h
#14 sha256:30b2644aa54df9555a472caff8f9b8d0e1b2d2ad5769cd6e37b0fdbb554c0465
#14 DONE 0.7s

#15 exporting to image
#15 sha256:e8c613e07b0b7ff33893b694f7759a10d42e180f2b4dc349fb57dc6b71dcab00
#15 exporting layers done
#15 writing image sha256:c627f4c3db23c5af840e5cec9e5d1ef5bb129f73eb2e72b8d9a1f2314e01f7dd 0.0s done
#15 naming to gcr.io/fuzzbench/builders/benchmark/orbit_orbit
#15 naming to gcr.io/fuzzbench/builders/benchmark/orbit_orbit 0.0s done
#15 DONE 0.4s

#16 exporting cache
#16 sha256:2700d4ef94dee473593c5c614b55b2dedcca7893909811a8f2b48291a1f581e4
#16 preparing build cache for export done
#16 DONE 0.0s
------
 > importing cache manifest from gcr.io/fuzzbench/builders/benchmark/orbit_orbit:
------
#1 [internal] load build definition from builder.Dockerfile
#1 sha256:82a7b297daaa16434005262e845cdab49e5bd5d18a7c9c57504e850372fc8864
#1 transferring dockerfile: 46B done
#1 DONE 0.1s

#2 [internal] load .dockerignore
#2 sha256:d25b6cdd7227da1be70138c5dccc00da3a342a850a14824e17ad66d0f36cfa6a
#2 transferring context: 2B done
#2 DONE 0.1s

#3 [internal] load metadata for gcr.io/fuzzbench/builders/benchmark/orbit_orbit:latest
#3 sha256:0d88c95d96a3c895241f2e2c158f98b3b3b49a00a1d8eb24d02ddedd8f076072
#3 DONE 0.0s

#7 [1/3] FROM gcr.io/fuzzbench/builders/benchmark/orbit_orbit
#7 sha256:f125e108ef10c849322a7314ab5bcf8b56847fe371334915a93cc101980a195d
#7 DONE 0.0s

#4 importing cache manifest from gcr.io/fuzzbench/builders/afl/orbit_orbit-intermediate
#4 sha256:88e1710ceb6e49cb86732b552f80c62de3114bf85104fddc90c78787ef6eceb1
#4 ERROR: gcr.io/fuzzbench/builders/afl/orbit_orbit-intermediate:latest: not found

#7 [1/3] FROM gcr.io/fuzzbench/builders/benchmark/orbit_orbit
#7 sha256:f125e108ef10c849322a7314ab5bcf8b56847fe371334915a93cc101980a195d
#7 DONE 0.7s

#5 [2/3] RUN git clone https://github.com/google/AFL.git /afl &&     cd /afl &&     git checkout 61037103ae3722c8060ff7082994836a794f978e &&     AFL_NO_X86=1 make
#5 sha256:af727abb3f0b00032c9773d06a29a117da76d05abda2f41ef8ca6dd055e3dc1e
#5 0.481 Cloning into '/afl'...
#5 1.616 Note: switching to '61037103ae3722c8060ff7082994836a794f978e'.
#5 1.616 
#5 1.616 You are in 'detached HEAD' state. You can look around, make experimental
#5 1.616 changes and commit them, and you can discard any commits you make in this
#5 1.616 state without impacting any branches by switching back to a branch.
#5 1.616 
#5 1.616 If you want to create a new branch to retain commits you create, you may
#5 1.616 do so (now or later) by using -c with the switch command. Example:
#5 1.616 
#5 1.616   git switch -c <new-branch-name>
#5 1.616 
#5 1.616 Or undo this operation with:
#5 1.616 
#5 1.616   git switch -
#5 1.616 
#5 1.616 Turn off this advice by setting config variable advice.detachedHead to false
#5 1.616 
#5 1.616 HEAD is now at 6103710 Fix a typo filename comparison in the fuzzer (#139)
#5 1.675 [!] Note: skipping x86 compilation checks (AFL_NO_X86 set).
#5 1.675 clang -O1 -fno-omit-frame-pointer -gline-tables-only -DFUZZING_BUILD_MODE_UNSAFE_FOR_PRODUCTION -Wall -D_FORTIFY_SOURCE=2 -g -Wno-pointer-sign -DAFL_PATH=\"/usr/local/lib/afl\" -DDOC_PATH=\"/usr/local/share/doc/afl\" -DBIN_PATH=\"/usr/local/bin\" afl-gcc.c -o afl-gcc -ldl
#5 1.878 set -e; for i in afl-g++ afl-clang afl-clang++; do ln -sf afl-gcc $i; done
#5 1.888 clang -O1 -fno-omit-frame-pointer -gline-tables-only -DFUZZING_BUILD_MODE_UNSAFE_FOR_PRODUCTION -Wall -D_FORTIFY_SOURCE=2 -g -Wno-pointer-sign -DAFL_PATH=\"/usr/local/lib/afl\" -DDOC_PATH=\"/usr/local/share/doc/afl\" -DBIN_PATH=\"/usr/local/bin\" afl-fuzz.c -o afl-fuzz -ldl
#5 4.309 clang -O1 -fno-omit-frame-pointer -gline-tables-only -DFUZZING_BUILD_MODE_UNSAFE_FOR_PRODUCTION -Wall -D_FORTIFY_SOURCE=2 -g -Wno-pointer-sign -DAFL_PATH=\"/usr/local/lib/afl\" -DDOC_PATH=\"/usr/local/share/doc/afl\" -DBIN_PATH=\"/usr/local/bin\" afl-showmap.c -o afl-showmap -ldl
#5 4.629 clang -O1 -fno-omit-frame-pointer -gline-tables-only -DFUZZING_BUILD_MODE_UNSAFE_FOR_PRODUCTION -Wall -D_FORTIFY_SOURCE=2 -g -Wno-pointer-sign -DAFL_PATH=\"/usr/local/lib/afl\" -DDOC_PATH=\"/usr/local/share/doc/afl\" -DBIN_PATH=\"/usr/local/bin\" afl-tmin.c -o afl-tmin -ldl
#5 5.056 clang -O1 -fno-omit-frame-pointer -gline-tables-only -DFUZZING_BUILD_MODE_UNSAFE_FOR_PRODUCTION -Wall -D_FORTIFY_SOURCE=2 -g -Wno-pointer-sign -DAFL_PATH=\"/usr/local/lib/afl\" -DDOC_PATH=\"/usr/local/share/doc/afl\" -DBIN_PATH=\"/usr/local/bin\" afl-gotcpu.c -o afl-gotcpu -ldl
#5 5.209 clang -O1 -fno-omit-frame-pointer -gline-tables-only -DFUZZING_BUILD_MODE_UNSAFE_FOR_PRODUCTION -Wall -D_FORTIFY_SOURCE=2 -g -Wno-pointer-sign -DAFL_PATH=\"/usr/local/lib/afl\" -DDOC_PATH=\"/usr/local/share/doc/afl\" -DBIN_PATH=\"/usr/local/bin\" afl-analyze.c -o afl-analyze -ldl
#5 5.608 clang -O1 -fno-omit-frame-pointer -gline-tables-only -DFUZZING_BUILD_MODE_UNSAFE_FOR_PRODUCTION -Wall -D_FORTIFY_SOURCE=2 -g -Wno-pointer-sign -DAFL_PATH=\"/usr/local/lib/afl\" -DDOC_PATH=\"/usr/local/share/doc/afl\" -DBIN_PATH=\"/usr/local/bin\" afl-as.c -o afl-as -ldl
#5 5.991 ln -sf afl-as as
#5 5.994 [!] Note: skipping build tests (you may need to use LLVM or QEMU mode).
#5 5.996 [+] LLVM users: see llvm_mode/README.llvm for a faster alternative to afl-gcc.
#5 5.997 [+] All done! Be sure to review README - it's pretty short and useful.
#5 DONE 9.6s

#6 [3/3] RUN apt-get update &&     apt-get install wget -y &&     wget https://raw.githubusercontent.com/llvm/llvm-project/5feb80e748924606531ba28c97fe65145c65372e/compiler-rt/lib/fuzzer/afl/afl_driver.cpp -O /afl/afl_driver.cpp &&     clang -Wno-pointer-sign -c /afl/llvm_mode/afl-llvm-rt.o.c -I/afl &&     clang++ -stdlib=libc++ -std=c++11 -O2 -c /afl/afl_driver.cpp &&     ar r /libAFL.a *.o
#6 sha256:53af7c47af407c59f8b08be294640ef2a02b4d3b81638911ce3d67612c8d76a6
#6 0.767 Hit:1 http://archive.ubuntu.com/ubuntu focal InRelease
#6 0.767 Get:2 http://archive.ubuntu.com/ubuntu focal-updates InRelease [114 kB]
#6 0.767 Hit:3 http://ppa.launchpad.net/git-core/ppa/ubuntu focal InRelease
#6 0.859 Get:4 http://archive.ubuntu.com/ubuntu focal-backports InRelease [108 kB]
#6 0.886 Get:5 http://security.ubuntu.com/ubuntu focal-security InRelease [114 kB]
#6 1.664 Fetched 336 kB in 1s (331 kB/s)
#6 1.664 Reading package lists...
#6 3.339 Reading package lists...
#6 4.750 Building dependency tree...
#6 4.962 Reading state information...
#6 5.215 wget is already the newest version (1.20.3-1ubuntu2).
#6 5.215 0 upgraded, 0 newly installed, 0 to remove and 0 not upgraded.
#6 5.259 --2022-02-18 10:16:10--  https://raw.githubusercontent.com/llvm/llvm-project/5feb80e748924606531ba28c97fe65145c65372e/compiler-rt/lib/fuzzer/afl/afl_driver.cpp
#6 5.260 Resolving raw.githubusercontent.com (raw.githubusercontent.com)... 185.199.108.133, 185.199.109.133, 185.199.110.133, ...
#6 5.262 Connecting to raw.githubusercontent.com (raw.githubusercontent.com)|185.199.108.133|:443... connected.
#6 5.286 HTTP request sent, awaiting response... 200 OK
#6 5.471 Length: 9177 (9.0K) [text/plain]
#6 5.471 Saving to: '/afl/afl_driver.cpp'
#6 5.471 
#6 5.471      0K ........                                              100% 11.3M=0.001s
#6 5.472 
#6 5.472 2022-02-18 10:16:11 (11.3 MB/s) - '/afl/afl_driver.cpp' saved [9177/9177]
#6 5.472 
#6 7.204 ar: creating /libAFL.a
#6 DONE 8.4s

#8 exporting to image
#8 sha256:e8c613e07b0b7ff33893b694f7759a10d42e180f2b4dc349fb57dc6b71dcab00
#8 exporting layers done
#8 writing image sha256:5e58c9a0c328312e8ae5ec11e5f22dfeef061cfdb61f6e71d50a1cfdea19d7ab 0.0s done
#8 naming to gcr.io/fuzzbench/builders/afl/orbit_orbit-intermediate done
#8 DONE 0.4s

#9 exporting cache
#9 sha256:2700d4ef94dee473593c5c614b55b2dedcca7893909811a8f2b48291a1f581e4
#9 preparing build cache for export done
#9 DONE 0.0s
------
 > importing cache manifest from gcr.io/fuzzbench/builders/afl/orbit_orbit-intermediate:
------
#1 [internal] load build definition from Dockerfile
#1 sha256:1a8d5a04460404f997d3e7081218a30f6ef07c085727f1807ec076e52bd74c03
#1 transferring dockerfile: 2.00kB done
#1 DONE 0.1s

#2 [internal] load .dockerignore
#2 sha256:2a4544c7abcca2e350cc41db7635d625ce158019ddbfc78115ad13ce41b6bad0
#2 transferring context: 34B done
#2 DONE 0.1s

#3 [internal] load metadata for docker.io/library/ubuntu:xenial
#3 sha256:f62bae18ed588840f045c881b2502661f2a89578a2f8f99b83f5200ee83dd25b
#3 DONE 0.0s

#4 importing cache manifest from gcr.io/fuzzbench/base-image
#4 sha256:9b220ebb4d4daceed1b96df9b6dca076e762f1cd612574f010b82d5b9e5ad896
#4 DONE 0.0s

#5 [1/7] FROM docker.io/library/ubuntu:xenial
#5 sha256:14dd403f25ae9e519bd44f27dc17af7ce80f5a4f9f48ca88108364e67ec5d360
#5 DONE 0.0s

#8 [internal] load build context
#8 sha256:61e03a3d3ed04ad8088b0f9a7d766352b8e78b9c1e2b92dc8a840219c39168f0
#8 transferring context: 559B 0.0s done
#8 DONE 0.1s

#11 [6/7] RUN apt-get update -y && apt-get install -y     apt-transport-https     lsb-release
#11 sha256:14cdfe4133dd07c5e3c7d39d23d342473d189c6dfd9730339533cd2d38c72094
#11 CACHED

#6 [2/7] RUN apt-get update -y && apt-get install -y     build-essential     rsync     curl     zlib1g-dev     libncurses5-dev     libgdbm-dev     libnss3-dev     libssl-dev     libreadline-dev     libffi-dev     virtualenv     libbz2-dev     liblzma-dev     libsqlite3-dev
#6 sha256:3a1b0960f17eed529eaae93dc8fd3554f2743dd584d8fa569cdbe6bc734371ac
#6 CACHED

#7 [3/7] RUN cd /tmp/ &&     curl -O https://www.python.org/ftp/python/3.8.6/Python-3.8.6.tar.xz &&     tar -xvf Python-3.8.6.tar.xz &&     cd Python-3.8.6 &&     ./configure --enable-loadable-sqlite-extensions --enable-optimizations &&     make -j install &&     rm -r /tmp/Python-3.8.6.tar.xz /tmp/Python-3.8.6
#7 sha256:c5b9d1fb3371e84dbc60b76e7b2f8d5913bc93bcd4910ab65daa03e7b2ec4bb0
#7 CACHED

#9 [4/7] COPY ./requirements.txt /
#9 sha256:5eaf6bf6239f27c31fcb1bdb7f7d40405337fd5e21f64d6509c2782eee1d4d5d
#9 CACHED

#10 [5/7] RUN pip3 install -r /requirements.txt
#10 sha256:3023ed6b400e70cc39d7b4be6a0a1b035739b571dd4c9ddef0b0e50981fdc2f3
#10 CACHED

#12 [7/7] RUN CLOUD_SDK_REPO="cloud-sdk-$(lsb_release -c -s)" &&     echo "deb https://packages.cloud.google.com/apt $CLOUD_SDK_REPO main"     | tee -a /etc/apt/sources.list.d/google-cloud-sdk.list &&     curl https://packages.cloud.google.com/apt/doc/apt-key.gpg     | apt-key add - &&     apt-get update -y &&     apt-get install -y google-cloud-sdk
#12 sha256:6535ca2b243e6486243b0b380124e569f250a82f6e338778e832a69095a81836
#12 CACHED

#13 exporting to image
#13 sha256:e8c613e07b0b7ff33893b694f7759a10d42e180f2b4dc349fb57dc6b71dcab00
#13 exporting layers done
#13 writing image sha256:b0bf59e5a98d6281c53a32058db7d7b8c5940d51f877ed2658dddf314a949583
#13 writing image sha256:b0bf59e5a98d6281c53a32058db7d7b8c5940d51f877ed2658dddf314a949583 0.0s done
#13 naming to gcr.io/fuzzbench/base-image done
#13 DONE 0.1s

#14 exporting cache
#14 sha256:2700d4ef94dee473593c5c614b55b2dedcca7893909811a8f2b48291a1f581e4
#14 preparing build cache for export done
#14 DONE 0.0s
#1 [internal] load build definition from Dockerfile
#1 sha256:1525efbcca985f3bca668040451400340c524d724df3fa6368419dac48b669f2
#1 transferring dockerfile: 2.22kB done
#1 DONE 0.1s

#2 [internal] load .dockerignore
#2 sha256:56c2e62cd7294c0a9d554a13b7570b7d08a936b0bdfe47a5543e205730b71c18
#2 transferring context: 34B done
#2 DONE 0.1s

#4 [internal] load metadata for gcr.io/fuzzbench/base-image:latest
#4 sha256:932022888f650cc455b10eb5123bb08c0cccacac29a693e69314abbfd28a72c3
#4 DONE 0.0s

#3 [internal] load metadata for gcr.io/fuzzbench/builders/afl/orbit_orbit-intermediate:latest
#3 sha256:261d54da5ea0e49ccb8c63e6fe8076735c2dedb1f2e48eb46b6fd90297f372e9
#3 DONE 0.0s

#12 [internal] load build context
#12 sha256:e22eba6e1f56ffe6577a3973e8780db1cbe56fed26ebfbd8123b9c1041ca24a9
#12 DONE 0.0s

#7 [base-image 1/1] FROM gcr.io/fuzzbench/base-image
#7 sha256:4d07825694520f8b6f6a0d8592dbd345433361ae044cb7f06706c5a95e3daaad
#7 DONE 0.0s

#6 [stage-1  1/13] FROM gcr.io/fuzzbench/builders/afl/orbit_orbit-intermediate
#6 sha256:681c0d045a395b6bb24193b8cb14efda3704fcff0c8fc6119fe99e8a0d502ae6
#6 DONE 0.0s

#5 importing cache manifest from gcr.io/fuzzbench/builders/afl/orbit_orbit
#5 sha256:a272a56b85f18ea606292b91b3432d24270245f8e6a6d5bc056e54d0427646c8
#5 ERROR: gcr.io/fuzzbench/builders/afl/orbit_orbit:latest: not found

#7 [base-image 1/1] FROM gcr.io/fuzzbench/base-image
#7 sha256:4d07825694520f8b6f6a0d8592dbd345433361ae044cb7f06706c5a95e3daaad
#7 CACHED

#12 [internal] load build context
#12 sha256:e22eba6e1f56ffe6577a3973e8780db1cbe56fed26ebfbd8123b9c1041ca24a9
#12 transferring context: 669.86kB 0.1s done
#12 DONE 0.2s

#6 [stage-1  1/13] FROM gcr.io/fuzzbench/builders/afl/orbit_orbit-intermediate
#6 sha256:681c0d045a395b6bb24193b8cb14efda3704fcff0c8fc6119fe99e8a0d502ae6
#6 DONE 1.1s

#8 [stage-1  2/13] COPY --from=base-image /usr/local/bin/python3* /usr/local/bin/
#8 sha256:3b80aa0ba1485fefd573b8e0b846fbf129c4d82575e14417e12a1713405733cb
#8 DONE 0.9s

#9 [stage-1  3/13] COPY --from=base-image /usr/local/lib/python3.8 /usr/local/lib/python3.8
#9 sha256:0467a75d7411a41d28f4b1bca73901cf4def433bc035f45efff5c408160477d9
#9 DONE 50.1s

#10 [stage-1  4/13] COPY --from=base-image /usr/local/include/python3.8 /usr/local/include/python3.8
#10 sha256:4da5901784cb2288c2523a9d7ea7991b05e12a7c81761df7a69606977e9dd368
#10 DONE 0.4s

#11 [stage-1  5/13] COPY --from=base-image /usr/local/lib/python3.8/site-packages /usr/local/lib/python3.8/site-packages
#11 sha256:0e7f645649e28f30b64923ae2a108203d7fb820b1234eb7c845d0e6d8ae1131c
#11 DONE 71.1s

#13 [stage-1  6/13] COPY fuzzers /src/fuzzers
#13 sha256:58a265c9895ea83880bb86f1914f481fa6bbd0799bc9a07cab29f5cf13bc69fd
#13 DONE 5.0s

#14 [stage-1  7/13] RUN touch /src/__init__.py
#14 sha256:409b2e4384b3d181df34cfd9699ad456e833ed742a59f64a98847d3f749b667e
#14 DONE 0.9s

#15 [stage-1  8/13] COPY benchmarks/orbit_orbit/benchmark.yaml /
#15 sha256:291f17184f4b6bdee0d1205cd3a705188c9513d460e502d552cc1a576fa128ca
#15 DONE 0.5s

#16 [stage-1  9/13] RUN mkdir /opt/fuzzbench/
#16 sha256:f089b6e39b6af8f13f7e1bf4896c5c424472adc3e7cfb9b045a3add242210262
#16 DONE 0.9s

#17 [stage-1 10/13] COPY docker/benchmark-builder/checkout_commit.py /opt/fuzzbench/
#17 sha256:085323d21510ba9b73bd1dfafb863fe995bd1e9a3d7eef681afca4dce989c4ee
#17 DONE 0.4s

#18 [stage-1 11/13] RUN export CHECKOUT_COMMIT=$(cat /benchmark.yaml | tr -d ' ' | grep 'commit:' | cut -d ':' -f2) &&     python3 -u /opt/fuzzbench/checkout_commit.py $CHECKOUT_COMMIT /src
#18 sha256:45036a866b17601c54a15b5c0508a6bae824df821d5e94849a9dd77c63d4107c
#18 0.544 Checking out commit '64755272'
#18 0.553 error: pathspec ''64755272'' did not match any file(s) known to git
#18 0.559 error: pathspec ''64755272'' did not match any file(s) known to git
#18 0.668 Checkout unsuccessful.
#18 DONE 3.0s

#19 [stage-1 12/13] RUN echo "#!/bin/bash\nPYTHONPATH=/src python3 -u -c "from fuzzers import utils; utils.initialize_env(); from fuzzers.afl import fuzzer; fuzzer.build()"" > /usr/bin/fuzzer_build &&     chmod +x /usr/bin/fuzzer_build
#19 sha256:1115948d0241fff1b92943bef6e32678419383b11916e7826d8df6cce6decb98
#19 DONE 1.0s

#20 [stage-1 13/13] RUN echo "Run fuzzer_build to build the target" && if [ -z "$debug_builder" ] ; then fuzzer_build; fi
#20 sha256:97a0005cb5edfb9b360eedd400ef640651d372bb33d916317107f4d85343432b
#20 0.560 Run fuzzer_build to build the target
#20 0.691 FUZZ_TARGET = orbit
#20 0.691 CFLAGS = -DFUZZING_BUILD_MODE_UNSAFE_FOR_PRODUCTION -pthread -Wl,--no-as-needed -Wl,-ldl -Wl,-lm -Wno-unused-command-line-argument -O3
#20 0.691 CXXFLAGS = -DFUZZING_BUILD_MODE_UNSAFE_FOR_PRODUCTION -pthread -Wl,--no-as-needed -Wl,-ldl -Wl,-lm -Wno-unused-command-line-argument -stdlib=libc++ -O3
#20 0.702 Building benchmark orbit_orbit with fuzzer afl
#20 0.706 + export PATH=/root/.local/bin:/usr/local/sbin:/usr/local/bin:/usr/sbin:/usr/bin:/sbin:/bin:/out
#20 0.706 + PATH=/root/.local/bin:/usr/local/sbin:/usr/local/bin:/usr/sbin:/usr/bin:/sbin:/bin:/out
#20 0.706 + /src/orbit/bootstrap-orbit.sh --force-public-remotes --dont-compile --ignore-system-requirements
#20 0.714 Checking if conan is available...
#20 0.716 Couldn't find conan. Trying to install via pip...
#20 1.283 WARNING: pip is being invoked by an old script wrapper. This will fail in a future version of pip.
#20 1.283 Please see https://github.com/pypa/pip/issues/5599 for advice on fixing the underlying issue.
#20 1.283 To avoid this problem you can invoke Python with '-m pip' instead of running pip directly.
#20 1.509 WARNING: pip is configured with locations that require TLS/SSL, however the ssl module in Python is not available.
#20 1.666 WARNING: Retrying (Retry(total=4, connect=None, read=None, redirect=None, status=None)) after connection broken by 'SSLError("Can't connect to HTTPS URL because the SSL module is not available.")': /simple/conan/
#20 2.167 WARNING: Retrying (Retry(total=3, connect=None, read=None, redirect=None, status=None)) after connection broken by 'SSLError("Can't connect to HTTPS URL because the SSL module is not available.")': /simple/conan/
#20 3.169 WARNING: Retrying (Retry(total=2, connect=None, read=None, redirect=None, status=None)) after connection broken by 'SSLError("Can't connect to HTTPS URL because the SSL module is not available.")': /simple/conan/
#20 5.172 WARNING: Retrying (Retry(total=1, connect=None, read=None, redirect=None, status=None)) after connection broken by 'SSLError("Can't connect to HTTPS URL because the SSL module is not available.")': /simple/conan/
#20 9.176 WARNING: Retrying (Retry(total=0, connect=None, read=None, redirect=None, status=None)) after connection broken by 'SSLError("Can't connect to HTTPS URL because the SSL module is not available.")': /simple/conan/
#20 9.177 Could not fetch URL https://pypi.org/simple/conan/: There was a problem confirming the ssl certificate: HTTPSConnectionPool(host='pypi.org', port=443): Max retries exceeded with url: /simple/conan/ (Caused by SSLError("Can't connect to HTTPS URL because the SSL module is not available.")) - skipping
#20 9.179 ERROR: Could not find a version that satisfies the requirement conan==1.40.3 (from versions: none)
#20 9.180 ERROR: No matching distribution found for conan==1.40.3
#20 9.259 WARNING: pip is configured with locations that require TLS/SSL, however the ssl module in Python is not available.
#20 9.261 Could not fetch URL https://pypi.org/simple/pip/: There was a problem confirming the ssl certificate: HTTPSConnectionPool(host='pypi.org', port=443): Max retries exceeded with url: /simple/pip/ (Caused by SSLError("Can't connect to HTTPS URL because the SSL module is not available.")) - skipping
#20 9.315 Traceback (most recent call last):
#20 9.315   File "<string>", line 1, in <module>
#20 9.315   File "/src/fuzzers/afl/fuzzer.py", line 40, in build
#20 9.315     utils.build_benchmark()
#20 9.315   File "/src/fuzzers/utils.py", line 82, in build_benchmark
#20 9.316     subprocess.check_call(['/bin/bash', '-ex', build_script], env=env)
#20 9.316   File "/usr/local/lib/python3.8/subprocess.py", line 364, in check_call
#20 9.316     raise CalledProcessError(retcode, cmd)
#20 9.316 subprocess.CalledProcessError: Command '['/bin/bash', '-ex', '/src/build.sh']' returned non-zero exit status 1.
#20 ERROR: executor failed running [/bin/sh -c echo "Run fuzzer_build to build the target" && if [ -z "$debug_builder" ] ; then fuzzer_build; fi]: exit code: 1
------
 > importing cache manifest from gcr.io/fuzzbench/builders/afl/orbit_orbit:
------
------
 > [stage-1 13/13] RUN echo "Run fuzzer_build to build the target" && if [ -z "$debug_builder" ] ; then fuzzer_build; fi:
------
executor failed running [/bin/sh -c echo "Run fuzzer_build to build the target" && if [ -z "$debug_builder" ] ; then fuzzer_build; fi]: exit code: 1
make: *** [docker/generated.mk:2852608: .afl-orbit_orbit-builder] Error 1
/bin/sh: 1: source: not found
#2 [internal] load .dockerignore
#2 sha256:216868a9111ea533dfde2f130bb120252445e1829055336dee5ce846536a3658
#2 transferring context: 2B done
#2 ...

#1 [internal] load build definition from Dockerfile
#1 sha256:1e3c1fba3c58fbcadc91398b740f6443f225eda97b95870a977d84cb8307d42c
#1 transferring dockerfile: 32B done
#1 DONE 0.5s

#2 [internal] load .dockerignore
#2 sha256:216868a9111ea533dfde2f130bb120252445e1829055336dee5ce846536a3658
#2 DONE 0.6s

#3 [internal] load metadata for gcr.io/oss-fuzz-base/base-builder:latest
#3 sha256:f10dc39cc9d418a5bc416dead31a1902b6821fdae909cd3b08f7a3fd1faba7b5
#3 DONE 0.5s

#11 [internal] load build context
#11 sha256:5a790e4ca0f2788133266d7cc8b5e018d30ee680938aeb9124191c82572550b0
#11 DONE 0.0s

#5 [1/7] FROM gcr.io/oss-fuzz-base/base-builder@sha256:112044a9815d235113677d459cf2ece740a51f2b85081c8f66943dcdc72ddf7f
#5 sha256:4aee4bf9f7280ac8b7f02b8d29e6e084dd034d2c294b4e3e05d8ce7048a1450f
#5 DONE 0.0s

#4 importing cache manifest from gcr.io/fuzzbench/builders/benchmark/orbit_orbit
#4 sha256:81ac56408300a45debbb73ba4d271717d0b73c4ea142b58351032d794c162234
#4 DONE 0.0s

#7 https://github.com/google/orbit/archive/master.tar.gz
#7 sha256:2c49689265635d4a949161c0fb207ba06533053ee988529a550b849191da4eea
#7 ...

#13 https://raw.githubusercontent.com/torvalds/linux/v5.7/include/uapi/linux/perf_event.h
#13 sha256:267d2426ce7993bee9f32c582079a9cd0b6a1732c8516f9c87b98ba2639a0710
#13 DONE 0.2s

#7 https://github.com/google/orbit/archive/master.tar.gz
#7 sha256:2c49689265635d4a949161c0fb207ba06533053ee988529a550b849191da4eea
#7 DONE 0.6s

#11 [internal] load build context
#11 sha256:5a790e4ca0f2788133266d7cc8b5e018d30ee680938aeb9124191c82572550b0
#11 transferring context: 30B done
#11 DONE 0.1s

#12 [6/7] COPY build.sh /src/
#12 sha256:8646c599c952330b5cbf80d28635729d2524d064cb05e16b84344204e354948d
#12 CACHED

#6 [2/7] RUN apt-get update && apt-get install -y m4 libglu1-mesa-dev mesa-common-dev   libxmu-dev libxi-dev pkg-config libxxf86vm-dev patchelf
#6 sha256:f576f7a098ad4f7596e8a2e73e7e98965325f3e2786a4d23e6af30605c4ec42c
#6 CACHED

#8 [3/7] ADD https://github.com/google/orbit/archive/master.tar.gz /src/
#8 sha256:7841a4edac0e1950160411c609cdcfac259686cc333ca8ffd277edd2e730158e
#8 CACHED

#9 [4/7] RUN mkdir -p /src/orbit && tar -xzf /src/master.tar.gz   -C /src/orbit/ --strip-components 1; rm -f /src/master.tar.gz
#9 sha256:dd1e5f52c5799d860203ea8a3ecf1ec8e3fcd4765c3fca55c10873b918969137
#9 CACHED

#10 [5/7] WORKDIR /src
#10 sha256:0d75d68c6b8a9505286126e9fe3f4b36c141de5105a0bd02ab1e36032ce0fb46
#10 CACHED

#14 [7/7] ADD https://raw.githubusercontent.com/torvalds/linux/v5.7/include/uapi/linux/perf_event.h /usr/include/linux/perf_event.h
#14 sha256:5f1c9c8f3ae893abe9f9e333c7a6440f4081ded9e3a829db9fcf8c1dc8882213
#14 CACHED

#15 exporting to image
#15 sha256:e8c613e07b0b7ff33893b694f7759a10d42e180f2b4dc349fb57dc6b71dcab00
#15 exporting layers done
#15 writing image sha256:c627f4c3db23c5af840e5cec9e5d1ef5bb129f73eb2e72b8d9a1f2314e01f7dd
#15 writing image sha256:c627f4c3db23c5af840e5cec9e5d1ef5bb129f73eb2e72b8d9a1f2314e01f7dd 0.0s done
#15 naming to gcr.io/fuzzbench/builders/benchmark/orbit_orbit done
#15 DONE 0.4s

#16 exporting cache
#16 sha256:2700d4ef94dee473593c5c614b55b2dedcca7893909811a8f2b48291a1f581e4
#16 preparing build cache for export done
#16 DONE 0.0s
#1 [internal] load build definition from builder.Dockerfile
#1 sha256:cdd888ffcf607ae092ffac6268e93602b92efa7cb2d344592c27cdc67bd6d21e
#1 transferring dockerfile: 46B done
#1 DONE 0.1s

#2 [internal] load .dockerignore
#2 sha256:fd682a942195943b9428fff2b5a7a0a9192193e131fd7fe46b53403e4e24cf22
#2 transferring context: 2B done
#2 DONE 0.1s

#3 [internal] load metadata for gcr.io/fuzzbench/builders/benchmark/orbit_orbit:latest
#3 sha256:0d88c95d96a3c895241f2e2c158f98b3b3b49a00a1d8eb24d02ddedd8f076072
#3 DONE 0.0s

#5 [1/3] FROM gcr.io/fuzzbench/builders/benchmark/orbit_orbit
#5 sha256:f125e108ef10c849322a7314ab5bcf8b56847fe371334915a93cc101980a195d
#5 DONE 0.0s

#4 importing cache manifest from gcr.io/fuzzbench/builders/afl/orbit_orbit-intermediate
#4 sha256:88e1710ceb6e49cb86732b552f80c62de3114bf85104fddc90c78787ef6eceb1
#4 DONE 0.0s

#6 [2/3] RUN git clone https://github.com/google/AFL.git /afl &&     cd /afl &&     git checkout 61037103ae3722c8060ff7082994836a794f978e &&     AFL_NO_X86=1 make
#6 sha256:af727abb3f0b00032c9773d06a29a117da76d05abda2f41ef8ca6dd055e3dc1e
#6 CACHED

#7 [3/3] RUN apt-get update &&     apt-get install wget -y &&     wget https://raw.githubusercontent.com/llvm/llvm-project/5feb80e748924606531ba28c97fe65145c65372e/compiler-rt/lib/fuzzer/afl/afl_driver.cpp -O /afl/afl_driver.cpp &&     clang -Wno-pointer-sign -c /afl/llvm_mode/afl-llvm-rt.o.c -I/afl &&     clang++ -stdlib=libc++ -std=c++11 -O2 -c /afl/afl_driver.cpp &&     ar r /libAFL.a *.o
#7 sha256:53af7c47af407c59f8b08be294640ef2a02b4d3b81638911ce3d67612c8d76a6
#7 CACHED

#8 exporting to image
#8 sha256:e8c613e07b0b7ff33893b694f7759a10d42e180f2b4dc349fb57dc6b71dcab00
#8 exporting layers done
#8 writing image sha256:5e58c9a0c328312e8ae5ec11e5f22dfeef061cfdb61f6e71d50a1cfdea19d7ab 0.0s done
#8 naming to gcr.io/fuzzbench/builders/afl/orbit_orbit-intermediate done
#8 DONE 0.5s

#9 exporting cache
#9 sha256:2700d4ef94dee473593c5c614b55b2dedcca7893909811a8f2b48291a1f581e4
#9 preparing build cache for export done
#9 DONE 0.0s
#1 [internal] load build definition from Dockerfile
#1 sha256:a96c20a4220d02b9b90a6bfab1685653b898e56c565b4afa018920f2b4cb4dc7
#1 transferring dockerfile: 2.00kB done
#1 DONE 2.0s

#2 [internal] load .dockerignore
#2 sha256:1936c6aa1ca1d935ddeef50621078d9eaceee4e36a13267f81f2fc89246e4e2b
#2 transferring context: 34B done
#2 DONE 2.1s

#3 [internal] load metadata for docker.io/library/ubuntu:xenial
#3 sha256:f62bae18ed588840f045c881b2502661f2a89578a2f8f99b83f5200ee83dd25b
#3 DONE 0.0s

#5 [1/7] FROM docker.io/library/ubuntu:xenial
#5 sha256:14dd403f25ae9e519bd44f27dc17af7ce80f5a4f9f48ca88108364e67ec5d360
#5 DONE 0.0s

#4 importing cache manifest from gcr.io/fuzzbench/base-image
#4 sha256:9b220ebb4d4daceed1b96df9b6dca076e762f1cd612574f010b82d5b9e5ad896
#4 DONE 0.0s

#8 [internal] load build context
#8 sha256:4bc98b7c56093176e0d619519c9080c83cfaafd740c9317da8beb2326f044a25
#8 transferring context: 559B 0.0s done
#8 DONE 0.3s

#11 [6/7] RUN apt-get update -y && apt-get install -y     apt-transport-https     lsb-release
#11 sha256:309e006b1c5ba81ca0b5c08a2041a77da6aeb5e2542d2c0a25ff5fb537784d4b
#11 CACHED

#6 [2/7] RUN apt-get update -y && apt-get install -y     build-essential     rsync     curl     zlib1g-dev     libncurses5-dev     libgdbm-dev     libnss3-dev     libssl-dev     libreadline-dev     libffi-dev     virtualenv     libbz2-dev     liblzma-dev     libsqlite3-dev
#6 sha256:3a1b0960f17eed529eaae93dc8fd3554f2743dd584d8fa569cdbe6bc734371ac
#6 CACHED

#7 [3/7] RUN cd /tmp/ &&     curl -O https://www.python.org/ftp/python/3.8.6/Python-3.8.6.tar.xz &&     tar -xvf Python-3.8.6.tar.xz &&     cd Python-3.8.6 &&     ./configure --enable-loadable-sqlite-extensions --enable-optimizations &&     make -j install &&     rm -r /tmp/Python-3.8.6.tar.xz /tmp/Python-3.8.6
#7 sha256:c5b9d1fb3371e84dbc60b76e7b2f8d5913bc93bcd4910ab65daa03e7b2ec4bb0
#7 CACHED

#9 [4/7] COPY ./requirements.txt /
#9 sha256:e6667ae3af4c454375dd4629e5ebbeab3f2cabd3966c334e9b1973fa3094be97
#9 CACHED

#10 [5/7] RUN pip3 install -r /requirements.txt
#10 sha256:b4e003b0478da49d655875e2cdb63fe1fbc05c048c4a6911279579b7dd596510
#10 CACHED

#12 [7/7] RUN CLOUD_SDK_REPO="cloud-sdk-$(lsb_release -c -s)" &&     echo "deb https://packages.cloud.google.com/apt $CLOUD_SDK_REPO main"     | tee -a /etc/apt/sources.list.d/google-cloud-sdk.list &&     curl https://packages.cloud.google.com/apt/doc/apt-key.gpg     | apt-key add - &&     apt-get update -y &&     apt-get install -y google-cloud-sdk
#12 sha256:29b46145c9dd29be117c9d03019022e75573abdc37b562cf5dbca27783f11400
#12 CACHED

#13 exporting to image
#13 sha256:e8c613e07b0b7ff33893b694f7759a10d42e180f2b4dc349fb57dc6b71dcab00
#13 exporting layers done
#13 writing image sha256:b0bf59e5a98d6281c53a32058db7d7b8c5940d51f877ed2658dddf314a949583
#13 writing image sha256:b0bf59e5a98d6281c53a32058db7d7b8c5940d51f877ed2658dddf314a949583 0.1s done
#13 naming to gcr.io/fuzzbench/base-image
#13 naming to gcr.io/fuzzbench/base-image done
#13 DONE 0.5s

#14 exporting cache
#14 sha256:2700d4ef94dee473593c5c614b55b2dedcca7893909811a8f2b48291a1f581e4
#14 preparing build cache for export done
#14 DONE 0.0s
#2 [internal] load .dockerignore
#2 sha256:43312a13cd945a576e7fec13f0b8695a31f93578fa4c83bcd6a0ba4f5143bd9f
#2 transferring context: 34B done
#2 ...

#1 [internal] load build definition from Dockerfile
#1 sha256:b3c8079fb700f93f828675cef8be90bf3845129f2645dea452ec7e2a056ac736
#1 transferring dockerfile: 2.22kB done
#1 DONE 0.5s

#2 [internal] load .dockerignore
#2 sha256:43312a13cd945a576e7fec13f0b8695a31f93578fa4c83bcd6a0ba4f5143bd9f
#2 DONE 0.7s

#4 [internal] load metadata for gcr.io/fuzzbench/base-image:latest
#4 sha256:932022888f650cc455b10eb5123bb08c0cccacac29a693e69314abbfd28a72c3
#4 DONE 0.0s

#3 [internal] load metadata for gcr.io/fuzzbench/builders/afl/orbit_orbit-intermediate:latest
#3 sha256:261d54da5ea0e49ccb8c63e6fe8076735c2dedb1f2e48eb46b6fd90297f372e9
#3 DONE 0.0s

#12 [internal] load build context
#12 sha256:b2b8ec1f2ea8ea5fea5f041362640bf32d561469d8a476ce5a8e7d51472e5254
#12 DONE 0.0s

#7 [base-image 1/1] FROM gcr.io/fuzzbench/base-image
#7 sha256:4d07825694520f8b6f6a0d8592dbd345433361ae044cb7f06706c5a95e3daaad
#7 DONE 0.0s

#6 [stage-1  1/13] FROM gcr.io/fuzzbench/builders/afl/orbit_orbit-intermediate
#6 sha256:681c0d045a395b6bb24193b8cb14efda3704fcff0c8fc6119fe99e8a0d502ae6
#6 DONE 0.0s

#5 importing cache manifest from gcr.io/fuzzbench/builders/afl/orbit_orbit
#5 sha256:a272a56b85f18ea606292b91b3432d24270245f8e6a6d5bc056e54d0427646c8
#5 ERROR: gcr.io/fuzzbench/builders/afl/orbit_orbit:latest: not found

#12 [internal] load build context
#12 sha256:b2b8ec1f2ea8ea5fea5f041362640bf32d561469d8a476ce5a8e7d51472e5254
#12 transferring context: 669.86kB 0.1s done
#12 DONE 0.5s

#13 [stage-1  6/13] COPY fuzzers /src/fuzzers
#13 sha256:4970f6192e222694493903d8ebf708470c96b193489d7b9fbcbd5f6417d5ffd5
#13 CACHED

#17 [stage-1 10/13] COPY docker/benchmark-builder/checkout_commit.py /opt/fuzzbench/
#17 sha256:0553fbc7d5372fb17eb29fb8a0c83d448cd96f8d6ad39772b03e312dc35acea5
#17 CACHED

#9 [stage-1  3/13] COPY --from=base-image /usr/local/lib/python3.8 /usr/local/lib/python3.8
#9 sha256:0467a75d7411a41d28f4b1bca73901cf4def433bc035f45efff5c408160477d9
#9 CACHED

#14 [stage-1  7/13] RUN touch /src/__init__.py
#14 sha256:ebf5164bf2bf3c22c1f44cb4c31b9c939969c03e114d5c0c452b54a57bcbc179
#14 CACHED

#10 [stage-1  4/13] COPY --from=base-image /usr/local/include/python3.8 /usr/local/include/python3.8
#10 sha256:4da5901784cb2288c2523a9d7ea7991b05e12a7c81761df7a69606977e9dd368
#10 CACHED

#16 [stage-1  9/13] RUN mkdir /opt/fuzzbench/
#16 sha256:6cf98e40ae183c71c5c9cb8ea6541bf1a04f5265b8f89873fdbd3e047b1af44c
#16 CACHED

#8 [stage-1  2/13] COPY --from=base-image /usr/local/bin/python3* /usr/local/bin/
#8 sha256:3b80aa0ba1485fefd573b8e0b846fbf129c4d82575e14417e12a1713405733cb
#8 CACHED

#18 [stage-1 11/13] RUN export CHECKOUT_COMMIT=$(cat /benchmark.yaml | tr -d ' ' | grep 'commit:' | cut -d ':' -f2) &&     python3 -u /opt/fuzzbench/checkout_commit.py $CHECKOUT_COMMIT /src
#18 sha256:74b66690cd5a0952c138ef486030d374037b9bb940785093ea9875ca1e1c4913
#18 CACHED

#11 [stage-1  5/13] COPY --from=base-image /usr/local/lib/python3.8/site-packages /usr/local/lib/python3.8/site-packages
#11 sha256:0e7f645649e28f30b64923ae2a108203d7fb820b1234eb7c845d0e6d8ae1131c
#11 CACHED

#15 [stage-1  8/13] COPY benchmarks/orbit_orbit/benchmark.yaml /
#15 sha256:2f6e45637fedd13f8f2163cc6949b471932941debfb071b0f29d6b3c96b183c8
#15 CACHED

#19 [stage-1 12/13] RUN echo "#!/bin/bash\nPYTHONPATH=/src python3 -u -c "from fuzzers import utils; utils.initialize_env(); from fuzzers.afl import fuzzer; fuzzer.build()"" > /usr/bin/fuzzer_build &&     chmod +x /usr/bin/fuzzer_build
#19 sha256:185fcbd6ad020e5d93b928e299b4b38a95dd05801d569896c18867e57bfb0926
#19 CACHED

#20 [stage-1 13/13] RUN echo "Run fuzzer_build to build the target" && if [ -z "$debug_builder" ] ; then fuzzer_build; fi
#20 sha256:af68c090dc60028f99c36f503a52aaf4cea638d984901ed912d0277f6d040013
#20 0.768 Run fuzzer_build to build the target
#20 0.881 FUZZ_TARGET = orbit
#20 0.881 CFLAGS = -DFUZZING_BUILD_MODE_UNSAFE_FOR_PRODUCTION -pthread -Wl,--no-as-needed -Wl,-ldl -Wl,-lm -Wno-unused-command-line-argument -O3
#20 0.881 CXXFLAGS = -DFUZZING_BUILD_MODE_UNSAFE_FOR_PRODUCTION -pthread -Wl,--no-as-needed -Wl,-ldl -Wl,-lm -Wno-unused-command-line-argument -stdlib=libc++ -O3
#20 0.886 Building benchmark orbit_orbit with fuzzer afl
#20 0.889 + export PATH=/root/.local/bin:/usr/local/sbin:/usr/local/bin:/usr/sbin:/usr/bin:/sbin:/bin:/out
#20 0.889 + PATH=/root/.local/bin:/usr/local/sbin:/usr/local/bin:/usr/sbin:/usr/bin:/sbin:/bin:/out
#20 0.889 + /src/orbit/bootstrap-orbit.sh --force-public-remotes --dont-compile --ignore-system-requirements
#20 0.897 Checking if conan is available...
#20 0.899 Couldn't find conan. Trying to install via pip...
#20 1.465 WARNING: pip is being invoked by an old script wrapper. This will fail in a future version of pip.
#20 1.465 Please see https://github.com/pypa/pip/issues/5599 for advice on fixing the underlying issue.
#20 1.465 To avoid this problem you can invoke Python with '-m pip' instead of running pip directly.
#20 1.586 WARNING: pip is configured with locations that require TLS/SSL, however the ssl module in Python is not available.
#20 1.711 WARNING: Retrying (Retry(total=4, connect=None, read=None, redirect=None, status=None)) after connection broken by 'SSLError("Can't connect to HTTPS URL because the SSL module is not available.")': /simple/conan/
#20 2.212 WARNING: Retrying (Retry(total=3, connect=None, read=None, redirect=None, status=None)) after connection broken by 'SSLError("Can't connect to HTTPS URL because the SSL module is not available.")': /simple/conan/
#20 3.214 WARNING: Retrying (Retry(total=2, connect=None, read=None, redirect=None, status=None)) after connection broken by 'SSLError("Can't connect to HTTPS URL because the SSL module is not available.")': /simple/conan/
#20 5.217 WARNING: Retrying (Retry(total=1, connect=None, read=None, redirect=None, status=None)) after connection broken by 'SSLError("Can't connect to HTTPS URL because the SSL module is not available.")': /simple/conan/
#20 9.228 WARNING: Retrying (Retry(total=0, connect=None, read=None, redirect=None, status=None)) after connection broken by 'SSLError("Can't connect to HTTPS URL because the SSL module is not available.")': /simple/conan/
#20 9.229 Could not fetch URL https://pypi.org/simple/conan/: There was a problem confirming the ssl certificate: HTTPSConnectionPool(host='pypi.org', port=443): Max retries exceeded with url: /simple/conan/ (Caused by SSLError("Can't connect to HTTPS URL because the SSL module is not available.")) - skipping
#20 9.231 ERROR: Could not find a version that satisfies the requirement conan==1.40.3 (from versions: none)
#20 9.231 ERROR: No matching distribution found for conan==1.40.3
#20 9.315 WARNING: pip is configured with locations that require TLS/SSL, however the ssl module in Python is not available.
#20 9.319 Could not fetch URL https://pypi.org/simple/pip/: There was a problem confirming the ssl certificate: HTTPSConnectionPool(host='pypi.org', port=443): Max retries exceeded with url: /simple/pip/ (Caused by SSLError("Can't connect to HTTPS URL because the SSL module is not available.")) - skipping
#20 9.382 Traceback (most recent call last):
#20 9.382   File "<string>", line 1, in <module>
#20 9.382   File "/src/fuzzers/afl/fuzzer.py", line 40, in build
#20 9.382     utils.build_benchmark()
#20 9.382   File "/src/fuzzers/utils.py", line 82, in build_benchmark
#20 9.382     subprocess.check_call(['/bin/bash', '-ex', build_script], env=env)
#20 9.382   File "/usr/local/lib/python3.8/subprocess.py", line 364, in check_call
#20 9.383     raise CalledProcessError(retcode, cmd)
#20 9.383 subprocess.CalledProcessError: Command '['/bin/bash', '-ex', '/src/build.sh']' returned non-zero exit status 1.
#20 ERROR: executor failed running [/bin/sh -c echo "Run fuzzer_build to build the target" && if [ -z "$debug_builder" ] ; then fuzzer_build; fi]: exit code: 1
------
 > importing cache manifest from gcr.io/fuzzbench/builders/afl/orbit_orbit:
------
------
 > [stage-1 13/13] RUN echo "Run fuzzer_build to build the target" && if [ -z "$debug_builder" ] ; then fuzzer_build; fi:
------
executor failed running [/bin/sh -c echo "Run fuzzer_build to build the target" && if [ -z "$debug_builder" ] ; then fuzzer_build; fi]: exit code: 1
make: *** [docker/generated.mk:2852608: .afl-orbit_orbit-builder] Error 1
