WARNING:root:gcloud not found in PATH.
INFO:root:Successfully integrated benchmark: libzip_libzip.
INFO:root:Please run "make test-run-afl-libzip_libzip" to test integration.
#1 [internal] load build definition from Dockerfile
#1 sha256:5e1451b7dc66b5aa9ecc14e5a1f93fc5c8b079e03b2a45577d4fe7274dfd7a65
#1 transferring dockerfile: 958B done
#1 ...

#2 [internal] load .dockerignore
#2 sha256:f4e1431403ce448f02a50a6fbdae589787d76e3eefcf3e857cf6eaa60beb0206
#2 transferring context: 2B done
#2 DONE 0.2s

#1 [internal] load build definition from Dockerfile
#1 sha256:5e1451b7dc66b5aa9ecc14e5a1f93fc5c8b079e03b2a45577d4fe7274dfd7a65
#1 DONE 0.3s

#3 [internal] load metadata for gcr.io/oss-fuzz-base/base-builder:latest
#3 sha256:f10dc39cc9d418a5bc416dead31a1902b6821fdae909cd3b08f7a3fd1faba7b5
#3 DONE 0.5s

#9 [internal] load build context
#9 sha256:e223d6eff2e090bcaef833499684c85fdda49348005afcb7d1b82f8bb073bffe
#9 DONE 0.0s

#5 [1/5] FROM gcr.io/oss-fuzz-base/base-builder@sha256:4ad017ca53699eda684c1c444948c93a4af848fe34baee3a765d3c4693fe6a56
#5 sha256:3f10b3978a3951f6e2692fa5e5890ee5a755650381dedece7198ed0b1dcdaa8c
#5 DONE 0.0s

#4 importing cache manifest from gcr.io/fuzzbench/builders/benchmark/libzip_libzip
#4 sha256:14a4d09f6b47aafebf7fca4d3eea793c1520805902d6a2ae2e0d8c813fcfec31
#4 ERROR: gcr.io/fuzzbench/builders/benchmark/libzip_libzip:latest: not found

#5 [1/5] FROM gcr.io/oss-fuzz-base/base-builder@sha256:4ad017ca53699eda684c1c444948c93a4af848fe34baee3a765d3c4693fe6a56
#5 sha256:3f10b3978a3951f6e2692fa5e5890ee5a755650381dedece7198ed0b1dcdaa8c
#5 CACHED

#9 [internal] load build context
#9 sha256:e223d6eff2e090bcaef833499684c85fdda49348005afcb7d1b82f8bb073bffe
#9 transferring context: 1.18kB done
#9 DONE 0.1s

#6 [2/5] RUN apt-get update && apt-get install -y cmake pkg-config zlib1g-dev
#6 sha256:fec2f4fbe4230573550fc6e0238d78fa160061c6149816dccfb51e439b403574
#6 1.195 Hit:1 http://ppa.launchpad.net/git-core/ppa/ubuntu focal InRelease
#6 1.195 Hit:2 http://archive.ubuntu.com/ubuntu focal InRelease
#6 1.195 Get:3 http://security.ubuntu.com/ubuntu focal-security InRelease [114 kB]
#6 1.196 Get:4 http://archive.ubuntu.com/ubuntu focal-updates InRelease [114 kB]
#6 1.284 Get:5 http://archive.ubuntu.com/ubuntu focal-backports InRelease [108 kB]
#6 1.726 Get:6 http://security.ubuntu.com/ubuntu focal-security/main amd64 Packages [1547 kB]
#6 1.908 Get:7 http://archive.ubuntu.com/ubuntu focal-updates/universe amd64 Packages [1134 kB]
#6 2.095 Get:8 http://archive.ubuntu.com/ubuntu focal-updates/universe i386 Packages [827 kB]
#6 2.183 Get:9 http://archive.ubuntu.com/ubuntu focal-updates/main amd64 Packages [1973 kB]
#6 2.340 Get:10 http://archive.ubuntu.com/ubuntu focal-updates/main i386 Packages [752 kB]
#6 2.395 Get:11 http://archive.ubuntu.com/ubuntu focal-backports/universe amd64 Packages [24.8 kB]
#6 2.396 Get:12 http://archive.ubuntu.com/ubuntu focal-backports/universe i386 Packages [13.1 kB]
#6 2.676 Fetched 6606 kB in 1s (4507 kB/s)
#6 2.676 Reading package lists...
#6 4.458 Reading package lists...
#6 5.895 Building dependency tree...
#6 6.106 Reading state information...
#6 6.315 The following additional packages will be installed:
#6 6.317   cmake-data libarchive13 libjsoncpp1 librhash0 libuv1
#6 6.319 Suggested packages:
#6 6.319   cmake-doc ninja-build lrzip
#6 6.367 The following NEW packages will be installed:
#6 6.369   cmake cmake-data libarchive13 libjsoncpp1 librhash0 libuv1 pkg-config
#6 6.369   zlib1g-dev
#6 6.504 0 upgraded, 8 newly installed, 0 to remove and 0 not upgraded.
#6 6.504 Need to get 6078 kB of archives.
#6 6.504 After this operation, 30.2 MB of additional disk space will be used.
#6 6.504 Get:1 http://archive.ubuntu.com/ubuntu focal-updates/main amd64 libuv1 amd64 1.34.2-1ubuntu1.3 [80.8 kB]
#6 6.587 Get:2 http://archive.ubuntu.com/ubuntu focal/main amd64 cmake-data all 3.16.3-1ubuntu1 [1612 kB]
#6 6.792 Get:3 http://archive.ubuntu.com/ubuntu focal/main amd64 libarchive13 amd64 3.4.0-2ubuntu1 [327 kB]
#6 6.877 Get:4 http://archive.ubuntu.com/ubuntu focal/main amd64 libjsoncpp1 amd64 1.7.4-3.1ubuntu2 [75.6 kB]
#6 6.879 Get:5 http://archive.ubuntu.com/ubuntu focal/main amd64 librhash0 amd64 1.3.9-1 [113 kB]
#6 6.882 Get:6 http://archive.ubuntu.com/ubuntu focal/main amd64 cmake amd64 3.16.3-1ubuntu1 [3669 kB]
#6 7.120 Get:7 http://archive.ubuntu.com/ubuntu focal/main amd64 pkg-config amd64 0.29.1-0ubuntu4 [45.5 kB]
#6 7.122 Get:8 http://archive.ubuntu.com/ubuntu focal-updates/main amd64 zlib1g-dev amd64 1:1.2.11.dfsg-2ubuntu1.2 [155 kB]
#6 7.845 debconf: delaying package configuration, since apt-utils is not installed
#6 7.916 Fetched 6078 kB in 1s (8617 kB/s)
#6 7.998 Selecting previously unselected package libuv1:amd64.
#6 7.998 (Reading database ... (Reading database ... 5%(Reading database ... 10%(Reading database ... 15%(Reading database ... 20%(Reading database ... 25%(Reading database ... 30%(Reading database ... 35%(Reading database ... 40%(Reading database ... 45%(Reading database ... 50%(Reading database ... 55%(Reading database ... 60%(Reading database ... 65%(Reading database ... 70%(Reading database ... 75%(Reading database ... 80%(Reading database ... 85%(Reading database ... 90%(Reading database ... 95%(Reading database ... 100%(Reading database ... 21291 files and directories currently installed.)
#6 8.021 Preparing to unpack .../0-libuv1_1.34.2-1ubuntu1.3_amd64.deb ...
#6 8.044 Unpacking libuv1:amd64 (1.34.2-1ubuntu1.3) ...
#6 8.176 Selecting previously unselected package cmake-data.
#6 8.179 Preparing to unpack .../1-cmake-data_3.16.3-1ubuntu1_all.deb ...
#6 8.198 Unpacking cmake-data (3.16.3-1ubuntu1) ...
#6 8.876 Selecting previously unselected package libarchive13:amd64.
#6 8.880 Preparing to unpack .../2-libarchive13_3.4.0-2ubuntu1_amd64.deb ...
#6 8.900 Unpacking libarchive13:amd64 (3.4.0-2ubuntu1) ...
#6 9.064 Selecting previously unselected package libjsoncpp1:amd64.
#6 9.068 Preparing to unpack .../3-libjsoncpp1_1.7.4-3.1ubuntu2_amd64.deb ...
#6 9.082 Unpacking libjsoncpp1:amd64 (1.7.4-3.1ubuntu2) ...
#6 9.278 Selecting previously unselected package librhash0:amd64.
#6 9.281 Preparing to unpack .../4-librhash0_1.3.9-1_amd64.deb ...
#6 9.308 Unpacking librhash0:amd64 (1.3.9-1) ...
#6 9.450 Selecting previously unselected package cmake.
#6 9.453 Preparing to unpack .../5-cmake_3.16.3-1ubuntu1_amd64.deb ...
#6 9.473 Unpacking cmake (3.16.3-1ubuntu1) ...
#6 10.02 Selecting previously unselected package pkg-config.
#6 10.03 Preparing to unpack .../6-pkg-config_0.29.1-0ubuntu4_amd64.deb ...
#6 10.05 Unpacking pkg-config (0.29.1-0ubuntu4) ...
#6 10.14 Selecting previously unselected package zlib1g-dev:amd64.
#6 10.14 Preparing to unpack .../7-zlib1g-dev_1%3a1.2.11.dfsg-2ubuntu1.2_amd64.deb ...
#6 10.15 Unpacking zlib1g-dev:amd64 (1:1.2.11.dfsg-2ubuntu1.2) ...
#6 10.28 Setting up libarchive13:amd64 (3.4.0-2ubuntu1) ...
#6 10.34 Setting up libuv1:amd64 (1.34.2-1ubuntu1.3) ...
#6 10.38 Setting up pkg-config (0.29.1-0ubuntu4) ...
#6 10.52 Setting up zlib1g-dev:amd64 (1:1.2.11.dfsg-2ubuntu1.2) ...
#6 10.56 Setting up librhash0:amd64 (1.3.9-1) ...
#6 10.60 Setting up cmake-data (3.16.3-1ubuntu1) ...
#6 10.66 Setting up libjsoncpp1:amd64 (1.7.4-3.1ubuntu2) ...
#6 10.69 Setting up cmake (3.16.3-1ubuntu1) ...
#6 10.72 Processing triggers for libc-bin (2.31-0ubuntu9.2) ...
#6 DONE 11.1s

#7 [3/5] RUN git clone --depth 1 https://github.com/nih-at/libzip.git
#7 sha256:56f7e2ff8649935f6ac79b5b07a5393a61ca55dcbd192ac1667be6fc48b64cfd
#7 0.452 Cloning into 'libzip'...
#7 DONE 2.0s

#8 [4/5] WORKDIR libzip
#8 sha256:1ab0b506c9b835eb206c009cf7b9883fc1db39eee7504a77f025920e81244a9e
#8 DONE 0.1s

#10 [5/5] COPY build.sh /src/
#10 sha256:1911e561e387a4f12273e6eafaefce2ae6556d5fc8dfdd44217e330d74705145
#10 DONE 0.2s

#11 exporting to image
#11 sha256:e8c613e07b0b7ff33893b694f7759a10d42e180f2b4dc349fb57dc6b71dcab00
#11 exporting layers done
#11 writing image sha256:6eaaed3a40e071601f255e72cb78d3c5ae7bb7720adf0ca34a4c18cba6305393 done
#11 naming to gcr.io/fuzzbench/builders/benchmark/libzip_libzip done
#11 DONE 0.1s

#12 exporting cache
#12 sha256:2700d4ef94dee473593c5c614b55b2dedcca7893909811a8f2b48291a1f581e4
#12 preparing build cache for export done
#12 DONE 0.0s
------
 > importing cache manifest from gcr.io/fuzzbench/builders/benchmark/libzip_libzip:
------
#1 [internal] load build definition from builder.Dockerfile
#1 sha256:b03db4703729d39cadff9d0357596c3394c51d0e4584d933075044b3d83fc18c
#1 transferring dockerfile: 1.35kB done
#1 DONE 0.0s

#2 [internal] load .dockerignore
#2 sha256:bae1b3664cbf012504c14b699c748e1c97a02b74e6948b07ba7c605051a7615e
#2 transferring context: 2B done
#2 DONE 0.0s

#3 [internal] load metadata for gcr.io/fuzzbench/builders/benchmark/libzip_libzip:latest
#3 sha256:35104fd1b476adde06ae235c79c330e1d3dcb97b44b305d8f19b3c024fd18805
#3 DONE 0.0s

#4 importing cache manifest from gcr.io/fuzzbench/builders/afl/libzip_libzip-intermediate
#4 sha256:6e0b6861558087b5680cc9997a058d617c9e8ec7c8d5c96deb0ef0d288629da7
#4 ...

#5 [1/3] FROM gcr.io/fuzzbench/builders/benchmark/libzip_libzip
#5 sha256:e55916e20e11ae99dc41970ebbca280a8d0534b17107520709ef5b91d75ea5ee
#5 DONE 0.0s

#4 importing cache manifest from gcr.io/fuzzbench/builders/afl/libzip_libzip-intermediate
#4 sha256:6e0b6861558087b5680cc9997a058d617c9e8ec7c8d5c96deb0ef0d288629da7
#4 ERROR: gcr.io/fuzzbench/builders/afl/libzip_libzip-intermediate:latest: not found

#5 [1/3] FROM gcr.io/fuzzbench/builders/benchmark/libzip_libzip
#5 sha256:e55916e20e11ae99dc41970ebbca280a8d0534b17107520709ef5b91d75ea5ee
#5 DONE 0.3s

#6 [2/3] RUN git clone https://github.com/google/AFL.git /afl &&     cd /afl &&     git checkout 61037103ae3722c8060ff7082994836a794f978e &&     AFL_NO_X86=1 make
#6 sha256:0525a9665552177de9df2390256ecb7054490769da39c6edd9255e94d1a553e2
#6 0.434 Cloning into '/afl'...
#6 1.647 Note: switching to '61037103ae3722c8060ff7082994836a794f978e'.
#6 1.647 
#6 1.647 You are in 'detached HEAD' state. You can look around, make experimental
#6 1.647 changes and commit them, and you can discard any commits you make in this
#6 1.647 state without impacting any branches by switching back to a branch.
#6 1.647 
#6 1.647 If you want to create a new branch to retain commits you create, you may
#6 1.647 do so (now or later) by using -c with the switch command. Example:
#6 1.647 
#6 1.647   git switch -c <new-branch-name>
#6 1.647 
#6 1.647 Or undo this operation with:
#6 1.647 
#6 1.647   git switch -
#6 1.647 
#6 1.647 Turn off this advice by setting config variable advice.detachedHead to false
#6 1.647 
#6 1.647 HEAD is now at 6103710 Fix a typo filename comparison in the fuzzer (#139)
#6 1.681 [!] Note: skipping x86 compilation checks (AFL_NO_X86 set).
#6 1.681 clang -O1 -fno-omit-frame-pointer -gline-tables-only -DFUZZING_BUILD_MODE_UNSAFE_FOR_PRODUCTION -Wall -D_FORTIFY_SOURCE=2 -g -Wno-pointer-sign -DAFL_PATH=\"/usr/local/lib/afl\" -DDOC_PATH=\"/usr/local/share/doc/afl\" -DBIN_PATH=\"/usr/local/bin\" afl-gcc.c -o afl-gcc -ldl
#6 1.870 set -e; for i in afl-g++ afl-clang afl-clang++; do ln -sf afl-gcc $i; done
#6 1.874 clang -O1 -fno-omit-frame-pointer -gline-tables-only -DFUZZING_BUILD_MODE_UNSAFE_FOR_PRODUCTION -Wall -D_FORTIFY_SOURCE=2 -g -Wno-pointer-sign -DAFL_PATH=\"/usr/local/lib/afl\" -DDOC_PATH=\"/usr/local/share/doc/afl\" -DBIN_PATH=\"/usr/local/bin\" afl-fuzz.c -o afl-fuzz -ldl
#6 4.255 clang -O1 -fno-omit-frame-pointer -gline-tables-only -DFUZZING_BUILD_MODE_UNSAFE_FOR_PRODUCTION -Wall -D_FORTIFY_SOURCE=2 -g -Wno-pointer-sign -DAFL_PATH=\"/usr/local/lib/afl\" -DDOC_PATH=\"/usr/local/share/doc/afl\" -DBIN_PATH=\"/usr/local/bin\" afl-showmap.c -o afl-showmap -ldl
#6 4.571 clang -O1 -fno-omit-frame-pointer -gline-tables-only -DFUZZING_BUILD_MODE_UNSAFE_FOR_PRODUCTION -Wall -D_FORTIFY_SOURCE=2 -g -Wno-pointer-sign -DAFL_PATH=\"/usr/local/lib/afl\" -DDOC_PATH=\"/usr/local/share/doc/afl\" -DBIN_PATH=\"/usr/local/bin\" afl-tmin.c -o afl-tmin -ldl
#6 4.997 clang -O1 -fno-omit-frame-pointer -gline-tables-only -DFUZZING_BUILD_MODE_UNSAFE_FOR_PRODUCTION -Wall -D_FORTIFY_SOURCE=2 -g -Wno-pointer-sign -DAFL_PATH=\"/usr/local/lib/afl\" -DDOC_PATH=\"/usr/local/share/doc/afl\" -DBIN_PATH=\"/usr/local/bin\" afl-gotcpu.c -o afl-gotcpu -ldl
#6 5.152 clang -O1 -fno-omit-frame-pointer -gline-tables-only -DFUZZING_BUILD_MODE_UNSAFE_FOR_PRODUCTION -Wall -D_FORTIFY_SOURCE=2 -g -Wno-pointer-sign -DAFL_PATH=\"/usr/local/lib/afl\" -DDOC_PATH=\"/usr/local/share/doc/afl\" -DBIN_PATH=\"/usr/local/bin\" afl-analyze.c -o afl-analyze -ldl
#6 5.558 clang -O1 -fno-omit-frame-pointer -gline-tables-only -DFUZZING_BUILD_MODE_UNSAFE_FOR_PRODUCTION -Wall -D_FORTIFY_SOURCE=2 -g -Wno-pointer-sign -DAFL_PATH=\"/usr/local/lib/afl\" -DDOC_PATH=\"/usr/local/share/doc/afl\" -DBIN_PATH=\"/usr/local/bin\" afl-as.c -o afl-as -ldl
#6 5.793 ln -sf afl-as as
#6 5.796 [!] Note: skipping build tests (you may need to use LLVM or QEMU mode).
#6 5.798 [+] LLVM users: see llvm_mode/README.llvm for a faster alternative to afl-gcc.
#6 5.799 [+] All done! Be sure to review README - it's pretty short and useful.
#6 DONE 6.7s

#7 [3/3] RUN apt-get update &&     apt-get install wget -y &&     wget https://raw.githubusercontent.com/llvm/llvm-project/5feb80e748924606531ba28c97fe65145c65372e/compiler-rt/lib/fuzzer/afl/afl_driver.cpp -O /afl/afl_driver.cpp &&     clang -Wno-pointer-sign -c /afl/llvm_mode/afl-llvm-rt.o.c -I/afl &&     clang++ -stdlib=libc++ -std=c++11 -O2 -c /afl/afl_driver.cpp &&     ar r /libAFL.a *.o
#7 sha256:e3b54c39fcc43046a2a830441f920caf244480cf94e10727d3aa46eefc44cd53
#7 0.749 Hit:1 http://security.ubuntu.com/ubuntu focal-security InRelease
#7 0.749 Hit:2 http://archive.ubuntu.com/ubuntu focal InRelease
#7 0.749 Hit:3 http://archive.ubuntu.com/ubuntu focal-updates InRelease
#7 0.750 Hit:4 http://ppa.launchpad.net/git-core/ppa/ubuntu focal InRelease
#7 0.766 Hit:5 http://archive.ubuntu.com/ubuntu focal-backports InRelease
#7 1.655 Reading package lists...
#7 3.154 Reading package lists...
#7 4.571 Building dependency tree...
#7 4.782 Reading state information...
#7 5.030 wget is already the newest version (1.20.3-1ubuntu2).
#7 5.030 0 upgraded, 0 newly installed, 0 to remove and 0 not upgraded.
#7 5.045 --2022-02-16 18:24:00--  https://raw.githubusercontent.com/llvm/llvm-project/5feb80e748924606531ba28c97fe65145c65372e/compiler-rt/lib/fuzzer/afl/afl_driver.cpp
#7 5.047 Resolving raw.githubusercontent.com (raw.githubusercontent.com)... 185.199.111.133, 185.199.108.133, 185.199.109.133, ...
#7 5.049 Connecting to raw.githubusercontent.com (raw.githubusercontent.com)|185.199.111.133|:443... connected.
#7 5.073 HTTP request sent, awaiting response... 200 OK
#7 5.093 Length: 9177 (9.0K) [text/plain]
#7 5.093 Saving to: '/afl/afl_driver.cpp'
#7 5.093 
#7 5.093      0K ........                                              100% 8.17M=0.001s
#7 5.094 
#7 5.094 2022-02-16 18:24:00 (8.17 MB/s) - '/afl/afl_driver.cpp' saved [9177/9177]
#7 5.094 
#7 6.886 ar: creating /libAFL.a
#7 DONE 7.3s

#8 exporting to image
#8 sha256:e8c613e07b0b7ff33893b694f7759a10d42e180f2b4dc349fb57dc6b71dcab00
#8 exporting layers done
#8 writing image sha256:16014f30f274d7d2ea3f424bf83b5fdd5ce62d304ed82ef299de1ab73369464d
#8 writing image sha256:16014f30f274d7d2ea3f424bf83b5fdd5ce62d304ed82ef299de1ab73369464d done
#8 naming to gcr.io/fuzzbench/builders/afl/libzip_libzip-intermediate done
#8 DONE 0.2s

#9 exporting cache
#9 sha256:2700d4ef94dee473593c5c614b55b2dedcca7893909811a8f2b48291a1f581e4
#9 preparing build cache for export done
#9 DONE 0.0s
------
 > importing cache manifest from gcr.io/fuzzbench/builders/afl/libzip_libzip-intermediate:
------
#1 [internal] load build definition from Dockerfile
#1 sha256:8eda57c51814a48daa55757ff4728984c8fca068970a537a3fafeac7493d75bb
#1 transferring dockerfile: 2.00kB done
#1 DONE 1.0s

#2 [internal] load .dockerignore
#2 sha256:1f98785a2d1b65418efadc7515988946f303fe34714e9bf82971fc35ae181db1
#2 transferring context: 34B done
#2 DONE 1.5s

#3 [internal] load metadata for docker.io/library/ubuntu:xenial
#3 sha256:f62bae18ed588840f045c881b2502661f2a89578a2f8f99b83f5200ee83dd25b
#3 DONE 0.0s

#5 [1/7] FROM docker.io/library/ubuntu:xenial
#5 sha256:14dd403f25ae9e519bd44f27dc17af7ce80f5a4f9f48ca88108364e67ec5d360
#5 DONE 0.0s

#4 importing cache manifest from gcr.io/fuzzbench/base-image
#4 sha256:9b220ebb4d4daceed1b96df9b6dca076e762f1cd612574f010b82d5b9e5ad896
#4 DONE 0.0s

#8 [internal] load build context
#8 sha256:63cb850e5e6ea38c9321a73689932344686b574cca4af2de8bb5816509bfc8a1
#8 transferring context: 559B 0.1s done
#8 DONE 0.4s

#10 [5/7] RUN pip3 install -r /requirements.txt
#10 sha256:ff6e43bb1b815cd79b37b6868d76b0dcfa66041c9d22e0d245a6510d47628d81
#10 CACHED

#11 [6/7] RUN apt-get update -y && apt-get install -y     apt-transport-https     lsb-release
#11 sha256:f1d690e0f7b36be1528b268f5bf2aaf92cf87fcff85bdb2de3d7888119184c5d
#11 CACHED

#6 [2/7] RUN apt-get update -y && apt-get install -y     build-essential     rsync     curl     zlib1g-dev     libncurses5-dev     libgdbm-dev     libnss3-dev     libssl-dev     libreadline-dev     libffi-dev     virtualenv     libbz2-dev     liblzma-dev     libsqlite3-dev
#6 sha256:3a1b0960f17eed529eaae93dc8fd3554f2743dd584d8fa569cdbe6bc734371ac
#6 CACHED

#7 [3/7] RUN cd /tmp/ &&     curl -O https://www.python.org/ftp/python/3.8.6/Python-3.8.6.tar.xz &&     tar -xvf Python-3.8.6.tar.xz &&     cd Python-3.8.6 &&     ./configure --enable-loadable-sqlite-extensions --enable-optimizations &&     make -j install &&     rm -r /tmp/Python-3.8.6.tar.xz /tmp/Python-3.8.6
#7 sha256:c5b9d1fb3371e84dbc60b76e7b2f8d5913bc93bcd4910ab65daa03e7b2ec4bb0
#7 CACHED

#9 [4/7] COPY ./requirements.txt /
#9 sha256:6cec423ac4f7a6bf54facd518bcd015ebac4d83f04440faa168dadc0fd223eae
#9 CACHED

#12 [7/7] RUN CLOUD_SDK_REPO="cloud-sdk-$(lsb_release -c -s)" &&     echo "deb https://packages.cloud.google.com/apt $CLOUD_SDK_REPO main"     | tee -a /etc/apt/sources.list.d/google-cloud-sdk.list &&     curl https://packages.cloud.google.com/apt/doc/apt-key.gpg     | apt-key add - &&     apt-get update -y &&     apt-get install -y google-cloud-sdk
#12 sha256:0d01dcfac47de02574fd15f10a4081a9767107ef11483df17e1f3786300c8edd
#12 CACHED

#13 exporting to image
#13 sha256:e8c613e07b0b7ff33893b694f7759a10d42e180f2b4dc349fb57dc6b71dcab00
#13 exporting layers done
#13 writing image sha256:139540fb22a119f888cb3e5ed6e013e8d868574697f5fb839e5da9e23de73e0a
#13 writing image sha256:139540fb22a119f888cb3e5ed6e013e8d868574697f5fb839e5da9e23de73e0a 0.0s done
#13 naming to gcr.io/fuzzbench/base-image done
#13 DONE 0.1s

#14 exporting cache
#14 sha256:2700d4ef94dee473593c5c614b55b2dedcca7893909811a8f2b48291a1f581e4
#14 preparing build cache for export done
#14 DONE 0.0s
#1 [internal] load build definition from Dockerfile
#1 sha256:ed7a433fa5b4b17e70adb7297ff66ce008dc9f051bd588ec6e6f8d2c6b0770a3
#1 transferring dockerfile: 2.22kB done
#1 DONE 0.1s

#2 [internal] load .dockerignore
#2 sha256:5bd56a183ad0eaa8e2cde280d0a436f0aa58def249e435bc9ff6fa8e0ae5f566
#2 transferring context: 34B done
#2 DONE 0.1s

#4 [internal] load metadata for gcr.io/fuzzbench/base-image:latest
#4 sha256:932022888f650cc455b10eb5123bb08c0cccacac29a693e69314abbfd28a72c3
#4 DONE 0.0s

#3 [internal] load metadata for gcr.io/fuzzbench/builders/afl/libzip_libzip-intermediate:latest
#3 sha256:6fc6a3293364826c0c6e395c8e3d850ea2278d30a9275ffca9a686d173802096
#3 DONE 0.0s

#12 [internal] load build context
#12 sha256:9aea77588aa346dae86952d53189b79a85883ead13f2ff2b26c0ce704dd7025f
#12 DONE 0.0s

#7 [base-image 1/1] FROM gcr.io/fuzzbench/base-image
#7 sha256:4d07825694520f8b6f6a0d8592dbd345433361ae044cb7f06706c5a95e3daaad
#7 DONE 0.0s

#6 [stage-1  1/13] FROM gcr.io/fuzzbench/builders/afl/libzip_libzip-intermediate
#6 sha256:e6c936c0199bf80ba2eb09e72e186470d934541f19e0ce87a841362468ad00b4
#6 DONE 0.0s

#5 importing cache manifest from gcr.io/fuzzbench/builders/afl/libzip_libzip
#5 sha256:f480a0c18431e6fd4150f286d8567d631c0a8c6a45d429e96ee041570885230c
#5 ERROR: gcr.io/fuzzbench/builders/afl/libzip_libzip:latest: not found

#7 [base-image 1/1] FROM gcr.io/fuzzbench/base-image
#7 sha256:4d07825694520f8b6f6a0d8592dbd345433361ae044cb7f06706c5a95e3daaad
#7 CACHED

#12 [internal] load build context
#12 sha256:9aea77588aa346dae86952d53189b79a85883ead13f2ff2b26c0ce704dd7025f
#12 transferring context: 669.86kB 0.1s done
#12 DONE 0.3s

#6 [stage-1  1/13] FROM gcr.io/fuzzbench/builders/afl/libzip_libzip-intermediate
#6 sha256:e6c936c0199bf80ba2eb09e72e186470d934541f19e0ce87a841362468ad00b4
#6 DONE 0.7s

#8 [stage-1  2/13] COPY --from=base-image /usr/local/bin/python3* /usr/local/bin/
#8 sha256:cb8bd12e440be235a2060678d251ed2f058856aa805ead8fd69536c97874cbdd
#8 DONE 0.4s

#9 [stage-1  3/13] COPY --from=base-image /usr/local/lib/python3.8 /usr/local/lib/python3.8
#9 sha256:db70182e087a2e1c753d75059dd23edf8d33caf31d8b09782b923f16e290712c
#9 DONE 21.5s

#10 [stage-1  4/13] COPY --from=base-image /usr/local/include/python3.8 /usr/local/include/python3.8
#10 sha256:5de38ab8cdae7547c164d539afc6d43ba6e5c6ad69faece48b3141fe296c6b35
#10 DONE 0.5s

#11 [stage-1  5/13] COPY --from=base-image /usr/local/lib/python3.8/site-packages /usr/local/lib/python3.8/site-packages
#11 sha256:4e73e939829871a9f65f2998dd85379be28e2b1fec71503ee81495cf1bf5fca5
#11 DONE 24.2s

#13 [stage-1  6/13] COPY fuzzers /src/fuzzers
#13 sha256:a05a0974ba5888aedf8a35950629c74efe565b7a27a0c4124bce4e16f86c69a2
#13 DONE 0.4s

#14 [stage-1  7/13] RUN touch /src/__init__.py
#14 sha256:f8e4c4544c721f5956166ca012ec06cb961ea3b664bbda1dcb849fe0931c27e7
#14 DONE 0.8s

#15 [stage-1  8/13] COPY benchmarks/libzip_libzip/benchmark.yaml /
#15 sha256:e53542e8092752cacf16a60c19b6f2cc9691c65b0cb17801069e684d2803ec93
#15 DONE 0.3s

#16 [stage-1  9/13] RUN mkdir /opt/fuzzbench/
#16 sha256:3fb4fe96bbc19d75c5d66ad4b76deb992a2a57d2871a91641adcb3a6a7e2186a
#16 DONE 1.4s

#17 [stage-1 10/13] COPY docker/benchmark-builder/checkout_commit.py /opt/fuzzbench/
#17 sha256:3c575c1ea99ac96e2e213c105590e319c48ecf1590cf879531585baf73c42a29
#17 DONE 0.3s

#18 [stage-1 11/13] RUN export CHECKOUT_COMMIT=$(cat /benchmark.yaml | tr -d ' ' | grep 'commit:' | cut -d ':' -f2) &&     python3 -u /opt/fuzzbench/checkout_commit.py $CHECKOUT_COMMIT /src
#18 sha256:34a84a9690f71b7efbea58ce4e43ad11bbfaddce20fe022ea1ba2368e3b4174d
#18 0.773 Checking out commit 4fbb0064
#18 5.500 From https://github.com/nih-at/libzip
#18 5.500  * [new tag]           brian-gladman-fcrypt-2008-11-18 -> brian-gladman-fcrypt-2008-11-18
#18 5.500  * [new tag]           rel-0-10      -> rel-0-10
#18 5.501  * [new tag]           rel-0-10-1    -> rel-0-10-1
#18 5.501  * [new tag]           rel-0-11      -> rel-0-11
#18 5.501  * [new tag]           rel-0-11-1    -> rel-0-11-1
#18 5.501  * [new tag]           rel-0-11-2    -> rel-0-11-2
#18 5.502  * [new tag]           rel-0-8       -> rel-0-8
#18 5.502  * [new tag]           rel-0-9       -> rel-0-9
#18 5.502  * [new tag]           rel-0-9-1     -> rel-0-9-1
#18 5.502  * [new tag]           rel-0-9-2     -> rel-0-9-2
#18 5.503  * [new tag]           rel-0-9-3     -> rel-0-9-3
#18 5.503  * [new tag]           rel-1-0       -> rel-1-0
#18 5.503  * [new tag]           rel-1-0-1     -> rel-1-0-1
#18 5.503  * [new tag]           rel-1-0-beta1 -> rel-1-0-beta1
#18 5.503  * [new tag]           rel-1-1       -> rel-1-1
#18 5.504  * [new tag]           rel-1-1-1     -> rel-1-1-1
#18 5.504  * [new tag]           rel-1-1-2     -> rel-1-1-2
#18 5.504  * [new tag]           rel-1-1-3     -> rel-1-1-3
#18 5.504  * [new tag]           rel-1-2-0     -> rel-1-2-0
#18 5.505  * [new tag]           rel-1-3-0     -> rel-1-3-0
#18 5.505  * [new tag]           rel-1-3-1     -> rel-1-3-1
#18 5.505  * [new tag]           rel-1-3-2     -> rel-1-3-2
#18 5.506  * [new tag]           rel-1-4-0     -> rel-1-4-0
#18 5.506  * [new tag]           rel-1-5-0     -> rel-1-5-0
#18 5.506  * [new tag]           rel-1-5-1     -> rel-1-5-1
#18 5.506  * [new tag]           rel-1-5-2     -> rel-1-5-2
#18 5.507  * [new tag]           rel-1-6-0     -> rel-1-6-0
#18 5.507  * [new tag]           rel-1-6-1     -> rel-1-6-1
#18 5.507  * [new tag]           rel-1-7-0     -> rel-1-7-0
#18 5.507  * [new tag]           v1.7.1        -> v1.7.1
#18 5.508  * [new tag]           v1.7.2        -> v1.7.2
#18 5.508  * [new tag]           v1.7.3        -> v1.7.3
#18 5.508  * [new tag]           v1.8.0        -> v1.8.0
#18 5.516 error: pathspec '4fbb0064' did not match any file(s) known to git
#18 5.530 error: pathspec '4fbb0064' did not match any file(s) known to git
#18 5.537 error: pathspec '4fbb0064' did not match any file(s) known to git
#18 5.593 Checkout unsuccessful.
#18 DONE 5.9s

#19 [stage-1 12/13] RUN echo "#!/bin/bash\nPYTHONPATH=/src python3 -u -c "from fuzzers import utils; utils.initialize_env(); from fuzzers.afl import fuzzer; fuzzer.build()"" > /usr/bin/fuzzer_build &&     chmod +x /usr/bin/fuzzer_build
#19 sha256:da8fa46f7feb64e9ae2a06454a67c87b7dca11ffe6f05f68aa66c1f3fed47330
#19 DONE 1.0s

#20 [stage-1 13/13] RUN echo "Run fuzzer_build to build the target" && if [ -z "$debug_builder" ] ; then fuzzer_build; fi
#20 sha256:a39cee45a766c23dd95678fa1568e6bed008372eaf744c303ff0244eb6ef9ed9
#20 0.574 Run fuzzer_build to build the target
#20 0.684 FUZZ_TARGET = libzip
#20 0.684 CFLAGS = -DFUZZING_BUILD_MODE_UNSAFE_FOR_PRODUCTION -pthread -Wl,--no-as-needed -Wl,-ldl -Wl,-lm -Wno-unused-command-line-argument -O3
#20 0.684 CXXFLAGS = -DFUZZING_BUILD_MODE_UNSAFE_FOR_PRODUCTION -pthread -Wl,--no-as-needed -Wl,-ldl -Wl,-lm -Wno-unused-command-line-argument -stdlib=libc++ -O3
#20 0.702 Building benchmark libzip_libzip with fuzzer afl
#20 0.705 + mkdir build
#20 0.708 + cd build
#20 0.708 + cmake -DBUILD_SHARED_LIBS=OFF -DENABLE_GNUTLS=OFF -DENABLE_MBEDTLS=OFF -DENABLE_OPENSSL=OFF -DBUILD_TOOLS=OFF ..
#20 0.974 -- The C compiler identification is Clang 14.0.0
#20 1.004 -- Detecting C compiler ABI info
#20 1.202 -- Detecting C compiler ABI info - done
#20 1.258 -- Check for working C compiler: /usr/local/bin/clang - skipped
#20 1.258 -- Detecting C compile features
#20 1.259 -- Detecting C compile features - done
#20 1.276 -- Looking for include file CommonCrypto/CommonCrypto.h
#20 1.316 -- Looking for include file CommonCrypto/CommonCrypto.h - not found
#20 1.324 -- Looking for _close
#20 1.489 -- Looking for _close - not found
#20 1.489 -- Looking for _dup
#20 1.650 -- Looking for _dup - not found
#20 1.651 -- Looking for _fdopen
#20 1.815 -- Looking for _fdopen - not found
#20 1.815 -- Looking for _fileno
#20 2.051 -- Looking for _fileno - not found
#20 2.051 -- Looking for _setmode
#20 2.219 -- Looking for _setmode - not found
#20 2.220 -- Looking for _snprintf
#20 2.267 -- Looking for _snprintf - not found
#20 2.267 -- Looking for _strdup
#20 2.428 -- Looking for _strdup - not found
#20 2.428 -- Looking for _stricmp
#20 2.471 -- Looking for _stricmp - not found
#20 2.472 -- Looking for _strtoi64
#20 2.635 -- Looking for _strtoi64 - not found
#20 2.636 -- Looking for _strtoui64
#20 2.807 -- Looking for _strtoui64 - not found
#20 2.807 -- Looking for _unlink
#20 2.972 -- Looking for _unlink - not found
#20 2.973 -- Looking for arc4random
#20 3.144 -- Looking for arc4random - not found
#20 3.144 -- Looking for clonefile
#20 3.305 -- Looking for clonefile - not found
#20 3.305 -- Looking for explicit_bzero
#20 3.469 -- Looking for explicit_bzero - found
#20 3.469 -- Looking for explicit_memset
#20 3.645 -- Looking for explicit_memset - not found
#20 3.646 -- Looking for fchmod
#20 3.810 -- Looking for fchmod - found
#20 3.810 -- Looking for fileno
#20 3.969 -- Looking for fileno - found
#20 3.969 -- Looking for fseeko
#20 4.139 -- Looking for fseeko - found
#20 4.139 -- Looking for ftello
#20 4.298 -- Looking for ftello - found
#20 4.299 -- Looking for getprogname
#20 4.464 -- Looking for getprogname - not found
#20 4.465 -- Looking for localtime_r
#20 4.625 -- Looking for localtime_r - found
#20 4.626 -- Looking for setmode
#20 4.785 -- Looking for setmode - not found
#20 4.787 -- Looking for snprintf
#20 4.966 -- Looking for snprintf - found
#20 4.967 -- Looking for strcasecmp
#20 5.145 -- Looking for strcasecmp - found
#20 5.145 -- Looking for strdup
#20 5.312 -- Looking for strdup - found
#20 5.312 -- Looking for stricmp
#20 5.472 -- Looking for stricmp - not found
#20 5.473 -- Looking for strtoll
#20 5.640 -- Looking for strtoll - found
#20 5.640 -- Looking for strtoull
#20 5.799 -- Looking for strtoull - found
#20 5.800 -- Looking for 3 include files sys/types.h, ..., fts.h
#20 5.972 -- Looking for 3 include files sys/types.h, ..., fts.h - found
#20 5.973 -- Looking for fts_open
#20 6.135 -- Looking for fts_open - found
#20 6.137 -- Looking for include file stdbool.h
#20 6.299 -- Looking for include file stdbool.h - found
#20 6.300 -- Looking for include file strings.h
#20 6.466 -- Looking for include file strings.h - found
#20 6.467 -- Looking for include file unistd.h
#20 6.633 -- Looking for include file unistd.h - found
#20 6.634 -- Looking for include file inttypes.h
#20 6.801 -- Looking for include file inttypes.h - found
#20 6.802 -- Looking for include file stdint.h
#20 6.969 -- Looking for include file stdint.h - found
#20 6.970 -- Looking for include file sys/types.h
#20 7.139 -- Looking for include file sys/types.h - found
#20 7.140 -- Looking for sys/types.h
#20 7.302 -- Looking for sys/types.h - found
#20 7.303 -- Looking for stdint.h
#20 7.465 -- Looking for stdint.h - found
#20 7.466 -- Looking for stddef.h
#20 7.625 -- Looking for stddef.h - found
#20 7.625 -- Check size of __int8
#20 7.676 -- Check size of __int8 - failed
#20 7.677 -- Check size of int8_t
#20 7.889 -- Check size of int8_t - done
#20 7.890 -- Check size of uint8_t
#20 8.093 -- Check size of uint8_t - done
#20 8.094 -- Check size of __int16
#20 8.143 -- Check size of __int16 - failed
#20 8.144 -- Check size of int16_t
#20 8.346 -- Check size of int16_t - done
#20 8.347 -- Check size of uint16_t
#20 8.553 -- Check size of uint16_t - done
#20 8.554 -- Check size of __int32
#20 8.602 -- Check size of __int32 - failed
#20 8.603 -- Check size of int32_t
#20 8.807 -- Check size of int32_t - done
#20 8.808 -- Check size of uint32_t
#20 9.022 -- Check size of uint32_t - done
#20 9.022 -- Check size of __int64
#20 9.067 -- Check size of __int64 - failed
#20 9.068 -- Check size of int64_t
#20 9.274 -- Check size of int64_t - done
#20 9.275 -- Check size of uint64_t
#20 9.481 -- Check size of uint64_t - done
#20 9.482 -- Check size of short
#20 9.681 -- Check size of short - done
#20 9.682 -- Check size of int
#20 9.890 -- Check size of int - done
#20 9.890 -- Check size of long
#20 10.09 -- Check size of long - done
#20 10.09 -- Check size of long long
#20 10.31 -- Check size of long long - done
#20 10.31 -- Check size of off_t
#20 10.51 -- Check size of off_t - done
#20 10.51 -- Check size of size_t
#20 10.72 -- Check size of size_t - done
#20 10.72 -- Performing Test HAVE_FICLONERANGE
#20 10.88 -- Performing Test HAVE_FICLONERANGE - Success
#20 10.88 -- Performing Test HAVE_NULLABLE
#20 11.05 -- Performing Test HAVE_NULLABLE - Success
#20 11.08 -- Found ZLIB: /usr/lib/x86_64-linux-gnu/libz.so (found suitable version "1.2.11", minimum required is "1.1.2") 
#20 11.09 -- Could NOT find BZip2 (missing: BZIP2_LIBRARIES BZIP2_INCLUDE_DIR) 
#20 11.09 CMake Warning at CMakeLists.txt:186 (message):
#20 11.09   -- bzip2 library not found; bzip2 support disabled
#20 11.09 
#20 11.09 
#20 11.10 -- Could NOT find LibLZMA (missing: LIBLZMA_LIBRARY LIBLZMA_INCLUDE_DIR LIBLZMA_HAS_AUTO_DECODER LIBLZMA_HAS_EASY_ENCODER LIBLZMA_HAS_LZMA_PRESET) (Required is at least version "5.2")
#20 11.10 CMake Warning at CMakeLists.txt:195 (message):
#20 11.10   -- lzma library not found; lzma/xz support disabled
#20 11.10 
#20 11.10 
#20 11.11 -- Found PkgConfig: /usr/bin/pkg-config (found version "0.29.1") 
#20 11.11 -- Could NOT find Zstd (missing: Zstd_LIBRARY Zstd_INCLUDE_DIR) (Required is at least version "1.3.6")
#20 11.11 CMake Warning at CMakeLists.txt:204 (message):
#20 11.11   -- zstd library not found; zstandard support disabled
#20 11.11 
#20 11.11 
#20 11.11 CMake Warning at CMakeLists.txt:226 (message):
#20 11.11   -- neither Common Crypto, GnuTLS, mbed TLS, OpenSSL, nor Windows
#20 11.11   Cryptography found; AES support disabled
#20 11.11 
#20 11.11 
#20 11.17 CMake Warning at CMakeLists.txt:263 (message):
#20 11.17   -- tools build has been disabled, but they are needed for regression tests;
#20 11.17   regression testing disabled
#20 11.17 
#20 11.17 
#20 11.19 -- Found Perl: /usr/bin/perl (found version "5.30.0") 
#20 11.21 -- Configuring done
#20 11.27 CMake Warning (dev) at lib/CMakeLists.txt:5 (add_library):
#20 11.27   Policy CMP0063 is not set: Honor visibility properties for all target
#20 11.27   types.  Run "cmake --help-policy CMP0063" for policy details.  Use the
#20 11.27   cmake_policy command to set the policy and suppress this warning.
#20 11.27 
#20 11.27   Target "zip" of type "STATIC_LIBRARY" has the following visibility
#20 11.27   properties set for C:
#20 11.27 
#20 11.27     C_VISIBILITY_PRESET
#20 11.27 
#20 11.27   For compatibility CMake is not honoring them for this target.
#20 11.27 This warning is for project developers.  Use -Wno-dev to suppress it.
#20 11.27 
#20 11.36 -- Generating done
#20 11.36 -- Build files have been written to: /src/libzip/build
#20 11.36 ++ nproc
#20 11.38 + make -j8
#20 11.41 [  0%] Preparing ZIP_SOURCE_GET_ARGS.3
#20 11.41 [  0%] Preparing libzip.3
#20 11.41 [  0%] Preparing zip_add.3
#20 11.41 [  1%] Preparing zip_add_dir.3
#20 11.41 [  1%] Preparing zip_close.3
#20 11.41 [  1%] Preparing zip_compression_method_supported.3
#20 11.41 [  1%] Preparing zip_delete.3
#20 11.42 [  1%] Building C object lib/CMakeFiles/zip.dir/zip_add.c.o
#20 11.42 [  1%] Preparing zip_dir_add.3
#20 11.43 [  1%] Building C object lib/CMakeFiles/zip.dir/zip_add_dir.c.o
#20 11.43 [  3%] Preparing zip_discard.3
#20 11.43 [  3%] Building C object lib/CMakeFiles/zip.dir/zip_add_entry.c.o
#20 11.43 [  3%] Preparing zip_encryption_method_supported.3
#20 11.43 [  3%] Preparing zip_error_clear.3
#20 11.43 [  4%] Building C object lib/CMakeFiles/zip.dir/zip_algorithm_deflate.c.o
#20 11.43 [  4%] Preparing zip_error_code_system.3
#20 11.43 [  4%] Preparing zip_error_code_zip.3
#20 11.43 [  6%] Building C object lib/CMakeFiles/zip.dir/zip_buffer.c.o
#20 11.43 [  6%] Preparing zip_error_fini.3
#20 11.44 [  6%] Preparing zip_error_get_sys_type.3
#20 11.44 [  6%] Building C object lib/CMakeFiles/zip.dir/zip_close.c.o
#20 11.44 [  6%] Preparing zip_error_get.3
#20 11.45 [  6%] Preparing zip_error_set.3
#20 11.45 [  6%] Preparing zip_error_init.3
#20 11.46 [  8%] Preparing zip_error_strerror.3
#20 11.46 [  8%] Building C object lib/CMakeFiles/zip.dir/zip_delete.c.o
#20 11.47 [  8%] Preparing zip_error_system_type.3
#20 11.48 [  8%] Preparing zip_error_to_data.3
#20 11.49 [  8%] Preparing zip_error_to_str.3
#20 11.49 [  8%] Preparing zip_errors.3
#20 11.50 [  9%] Building C object lib/CMakeFiles/zip.dir/zip_dirent.c.o
#20 11.50 [  9%] Building C object lib/CMakeFiles/zip.dir/zip_dir_add.c.o
#20 11.50 [ 11%] Preparing zip_fclose.3
#20 11.51 [ 11%] Preparing zip_fdopen.3
#20 11.52 [ 11%] Preparing zip_file_add.3
#20 11.52 [ 11%] Building C object lib/CMakeFiles/zip.dir/zip_discard.c.o
#20 11.53 [ 11%] Preparing zip_file_attributes_init.3
#20 11.54 [ 11%] Preparing zip_file_extra_field_delete.3
#20 11.55 [ 11%] Preparing zip_file_extra_field_get.3
#20 11.55 [ 11%] Building C object lib/CMakeFiles/zip.dir/zip_entry.c.o
#20 11.56 [ 13%] Preparing zip_file_extra_field_set.3
#20 11.57 [ 13%] Preparing zip_file_extra_fields_count.3
#20 11.57 [ 13%] Preparing zip_file_get_comment.3
#20 11.58 [ 13%] Building C object lib/CMakeFiles/zip.dir/zip_error.c.o
#20 11.58 [ 13%] Preparing zip_file_get_error.3
#20 11.59 [ 13%] Preparing zip_file_get_external_attributes.3
#20 11.60 [ 14%] Preparing zip_file_rename.3
#20 11.60 [ 14%] Building C object lib/CMakeFiles/zip.dir/zip_error_clear.c.o
#20 11.61 [ 14%] Preparing zip_file_set_comment.3
#20 11.62 [ 14%] Preparing zip_file_set_encryption.3
#20 11.62 [ 16%] Building C object lib/CMakeFiles/zip.dir/zip_error_get.c.o
#20 11.63 [ 16%] Building C object lib/CMakeFiles/zip.dir/zip_error_get_sys_type.c.o
#20 11.63 [ 16%] Preparing zip_file_set_external_attributes.3
#20 11.64 [ 16%] Preparing zip_file_set_mtime.3
#20 11.66 [ 18%] Preparing zip_file_strerror.3
#20 11.66 [ 18%] Building C object lib/CMakeFiles/zip.dir/zip_error_strerror.c.o
#20 11.66 [ 18%] Preparing zip_fopen.3
#20 11.67 [ 18%] Preparing zip_fopen_encrypted.3
#20 11.68 [ 18%] Preparing zip_fread.3
#20 11.68 [ 18%] Building C object lib/CMakeFiles/zip.dir/zip_error_to_str.c.o
#20 11.69 [ 18%] Preparing zip_fseek.3
#20 11.70 [ 19%] Preparing zip_ftell.3
#20 11.70 [ 19%] Building C object lib/CMakeFiles/zip.dir/zip_extra_field.c.o
#20 11.70 [ 19%] Preparing zip_get_archive_comment.3
#20 11.71 [ 19%] Preparing zip_get_archive_flag.3
#20 11.71 [ 21%] Building C object lib/CMakeFiles/zip.dir/zip_extra_field_api.c.o
#20 11.71 [ 21%] Preparing zip_get_error.3
#20 11.72 [ 22%] Preparing zip_get_file_comment.3
#20 11.72 [ 22%] Preparing zip_get_name.3
#20 11.73 [ 22%] Preparing zip_get_num_entries.3
#20 11.73 [ 22%] Preparing zip_get_num_files.3
#20 11.74 [ 22%] Building C object lib/CMakeFiles/zip.dir/zip_fclose.c.o
#20 11.74 [ 22%] Preparing zip_libzip_version.3
#20 11.75 [ 22%] Preparing zip_name_locate.3
#20 11.76 [ 24%] Preparing zip_open.3
#20 11.77 [ 24%] Preparing zip_register_cancel_callback_with_state.3
#20 11.78 [ 24%] Preparing zip_register_progress_callback.3
#20 11.78 [ 24%] Building C object lib/CMakeFiles/zip.dir/zip_fdopen.c.o
#20 11.79 [ 24%] Building C object lib/CMakeFiles/zip.dir/zip_file_add.c.o
#20 11.79 [ 24%] Preparing zip_register_progress_callback_with_state.3
#20 11.80 [ 24%] Preparing zip_rename.3
#20 11.81 [ 24%] Preparing zip_set_archive_comment.3
#20 11.81 [ 24%] Building C object lib/CMakeFiles/zip.dir/zip_file_error_clear.c.o
#20 11.82 [ 26%] Preparing zip_set_archive_flag.3
#20 11.82 [ 26%] Preparing zip_set_default_password.3
#20 11.83 [ 26%] Preparing zip_set_file_comment.3
#20 11.84 [ 27%] Building C object lib/CMakeFiles/zip.dir/zip_file_error_get.c.o
#20 11.84 [ 27%] Preparing zip_set_file_compression.3
#20 11.85 [ 27%] Preparing zip_source.3
#20 11.86 [ 29%] Preparing zip_source_begin_write.3
#20 11.87 [ 29%] Building C object lib/CMakeFiles/zip.dir/zip_file_get_comment.c.o
#20 11.87 [ 29%] Preparing zip_source_buffer.3
#20 11.88 [ 29%] Preparing zip_source_buffer_fragment.3
#20 11.88 [ 29%] Building C object lib/CMakeFiles/zip.dir/zip_file_get_external_attributes.c.o
#20 11.88 [ 29%] Preparing zip_source_close.3
#20 11.89 [ 29%] Building C object lib/CMakeFiles/zip.dir/zip_file_get_offset.c.o
#20 11.89 [ 29%] Preparing zip_source_commit_write.3
#20 11.90 [ 31%] Preparing zip_source_error.3
#20 11.91 [ 31%] Preparing zip_source_file.3
#20 11.91 [ 31%] Building C object lib/CMakeFiles/zip.dir/zip_file_rename.c.o
#20 11.92 [ 31%] Preparing zip_source_filep.3
#20 11.92 [ 31%] Building C object lib/CMakeFiles/zip.dir/zip_file_replace.c.o
#20 11.93 [ 31%] Preparing zip_source_free.3
#20 11.94 [ 31%] Preparing zip_source_function.3
#20 11.94 [ 32%] Preparing zip_source_is_deleted.3
#20 11.95 [ 34%] Building C object lib/CMakeFiles/zip.dir/zip_file_set_comment.c.o
#20 11.95 [ 34%] Preparing zip_source_keep.3
#20 11.96 [ 34%] Preparing zip_source_make_command_bitmap.3
#20 11.97 [ 34%] Building C object lib/CMakeFiles/zip.dir/zip_file_set_encryption.c.o
#20 11.97 [ 34%] Preparing zip_source_open.3
#20 11.98 [ 34%] Preparing zip_source_read.3
#20 11.99 [ 36%] Preparing zip_source_rollback_write.3
#20 11.99 [ 36%] Building C object lib/CMakeFiles/zip.dir/zip_file_set_external_attributes.c.o
#20 12.00 [ 36%] Preparing zip_source_seek.3
#20 12.00 [ 36%] Building C object lib/CMakeFiles/zip.dir/zip_file_set_mtime.c.o
#20 12.01 [ 36%] Preparing zip_source_seek_compute_offset.3
#20 12.01 [ 36%] Preparing zip_source_seek_write.3
#20 12.02 [ 36%] Building C object lib/CMakeFiles/zip.dir/zip_file_strerror.c.o
#20 12.02 [ 37%] Building C object lib/CMakeFiles/zip.dir/zip_fopen.c.o
#20 12.02 [ 37%] Building C object lib/CMakeFiles/zip.dir/zip_fopen_encrypted.c.o
#20 12.02 [ 37%] Preparing zip_source_stat.3
#20 12.03 [ 37%] Preparing zip_source_tell.3
#20 12.04 [ 39%] Preparing zip_source_tell_write.3
#20 12.05 [ 39%] Preparing zip_source_win32a.3
#20 12.06 [ 39%] Preparing zip_source_win32handle.3
#20 12.07 [ 39%] Building C object lib/CMakeFiles/zip.dir/zip_fopen_index.c.o
#20 12.07 [ 39%] Preparing zip_source_win32w.3
#20 12.07 [ 39%] Preparing zip_source_window.3
#20 12.08 [ 40%] Building C object lib/CMakeFiles/zip.dir/zip_fopen_index_encrypted.c.o
#20 12.08 [ 40%] Preparing zip_source_write.3
#20 12.09 [ 40%] Building C object lib/CMakeFiles/zip.dir/zip_fread.c.o
#20 12.09 [ 40%] Preparing zip_source_zip.3
#20 12.09 [ 42%] Building C object lib/CMakeFiles/zip.dir/zip_fseek.c.o
#20 12.10 [ 42%] Building C object lib/CMakeFiles/zip.dir/zip_ftell.c.o
#20 12.10 [ 42%] Preparing zip_stat.3
#20 12.10 [ 42%] Preparing zip_stat_init.3
#20 12.10 [ 42%] Building C object lib/CMakeFiles/zip.dir/zip_get_archive_comment.c.o
#20 12.10 [ 42%] Preparing zip_unchange.3
#20 12.11 [ 44%] Preparing zip_unchange_all.3
#20 12.11 [ 44%] Preparing zip_unchange_archive.3
#20 12.12 [ 44%] Preparing zipcmp.1
#20 12.12 [ 44%] Preparing zipmerge.1
#20 12.13 [ 44%] Preparing ziptool.1
#20 12.13 [ 45%] Generating ZIP_SOURCE_GET_ARGS.html
#20 12.13 [ 45%] Generating libzip.html
#20 12.14 [ 45%] Building C object lib/CMakeFiles/zip.dir/zip_get_archive_flag.c.o
#20 12.15 [ 45%] Generating zip_add.html
#20 12.15 [ 45%] Generating zip_add_dir.html
#20 12.16 [ 45%] Generating zip_close.html
#20 12.17 [ 47%] Generating zip_compression_method_supported.html
#20 12.17 [ 47%] Building C object lib/CMakeFiles/zip.dir/zip_get_encryption_implementation.c.o
#20 12.18 [ 49%] Generating zip_delete.html
#20 12.18 [ 49%] Building C object lib/CMakeFiles/zip.dir/zip_get_file_comment.c.o
#20 12.18 [ 49%] Building C object lib/CMakeFiles/zip.dir/zip_get_name.c.o
#20 12.18 [ 49%] Building C object lib/CMakeFiles/zip.dir/zip_get_num_entries.c.o
#20 12.18 [ 49%] Generating zip_dir_add.html
#20 12.19 [ 49%] Generating zip_discard.html
#20 12.19 [ 49%] Building C object lib/CMakeFiles/zip.dir/zip_get_num_files.c.o
#20 12.20 [ 49%] Generating zip_encryption_method_supported.html
#20 12.21 [ 50%] Generating zip_error_clear.html
#20 12.22 [ 50%] Generating zip_error_code_system.html
#20 12.22 [ 50%] Building C object lib/CMakeFiles/zip.dir/zip_hash.c.o
#20 12.22 [ 50%] Generating zip_error_code_zip.html
#20 12.23 [ 50%] Generating zip_error_fini.html
#20 12.24 [ 50%] Generating zip_error_get.html
#20 12.25 [ 50%] Generating zip_error_get_sys_type.html
#20 12.25 [ 52%] Building C object lib/CMakeFiles/zip.dir/zip_io_util.c.o
#20 12.26 [ 54%] Generating zip_error_init.html
#20 12.26 [ 54%] Building C object lib/CMakeFiles/zip.dir/zip_libzip_version.c.o
#20 12.27 [ 54%] Generating zip_error_set.html
#20 12.27 [ 54%] Building C object lib/CMakeFiles/zip.dir/zip_memdup.c.o
#20 12.27 [ 54%] Building C object lib/CMakeFiles/zip.dir/zip_name_locate.c.o
#20 12.27 [ 54%] Generating zip_error_strerror.html
#20 12.28 [ 54%] Building C object lib/CMakeFiles/zip.dir/zip_new.c.o
#20 12.28 [ 54%] Building C object lib/CMakeFiles/zip.dir/zip_open.c.o
#20 12.29 [ 54%] Generating zip_error_system_type.html
#20 12.30 [ 54%] Generating zip_error_to_data.html
#20 12.32 [ 55%] Generating zip_error_to_str.html
#20 12.34 [ 57%] Building C object lib/CMakeFiles/zip.dir/zip_pkware.c.o
#20 12.34 [ 57%] Generating zip_errors.html
#20 12.35 [ 57%] Generating zip_fclose.html
#20 12.35 [ 57%] Generating zip_fdopen.html
#20 12.36 [ 57%] Generating zip_file_add.html
#20 12.37 [ 59%] Generating zip_file_extra_field_delete.html
#20 12.37 [ 59%] Generating zip_file_attributes_init.html
#20 12.37 [ 59%] Building C object lib/CMakeFiles/zip.dir/zip_progress.c.o
#20 12.38 [ 59%] Generating zip_file_extra_field_get.html
#20 12.38 [ 59%] Generating zip_file_extra_field_set.html
#20 12.38 [ 59%] Generating zip_file_extra_fields_count.html
#20 12.39 [ 59%] Building C object lib/CMakeFiles/zip.dir/zip_rename.c.o
#20 12.40 [ 60%] Generating zip_file_get_comment.html
#20 12.40 [ 60%] Generating zip_file_get_error.html
#20 12.40 [ 60%] Building C object lib/CMakeFiles/zip.dir/zip_replace.c.o
#20 12.41 [ 60%] Generating zip_file_get_external_attributes.html
#20 12.42 [ 60%] Generating zip_file_rename.html
#20 12.43 [ 60%] Generating zip_file_set_comment.html
#20 12.43 [ 62%] Generating zip_file_set_encryption.html
#20 12.45 [ 62%] Generating zip_file_set_external_attributes.html
#20 12.45 [ 62%] Generating zip_file_set_mtime.html
#20 12.46 [ 62%] Building C object lib/CMakeFiles/zip.dir/zip_set_archive_comment.c.o
#20 12.46 [ 62%] Generating zip_file_strerror.html
#20 12.47 [ 63%] Building C object lib/CMakeFiles/zip.dir/zip_set_archive_flag.c.o
#20 12.48 [ 63%] Generating zip_fopen.html
#20 12.48 [ 63%] Building C object lib/CMakeFiles/zip.dir/zip_set_default_password.c.o
#20 12.49 [ 63%] Building C object lib/CMakeFiles/zip.dir/zip_set_file_comment.c.o
#20 12.50 [ 63%] Generating zip_fopen_encrypted.html
#20 12.50 [ 63%] Building C object lib/CMakeFiles/zip.dir/zip_set_file_compression.c.o
#20 12.51 [ 65%] Generating zip_fread.html
#20 12.53 [ 65%] Generating zip_fseek.html
#20 12.54 [ 65%] Generating zip_ftell.html
#20 12.56 [ 65%] Building C object lib/CMakeFiles/zip.dir/zip_set_name.c.o
#20 12.56 [ 65%] Generating zip_get_archive_comment.html
#20 12.57 [ 67%] Building C object lib/CMakeFiles/zip.dir/zip_source_accept_empty.c.o
#20 12.57 [ 67%] Building C object lib/CMakeFiles/zip.dir/zip_source_begin_write.c.o
#20 12.57 [ 67%] Generating zip_get_archive_flag.html
#20 12.57 [ 68%] Generating zip_get_error.html
#20 12.58 [ 68%] Building C object lib/CMakeFiles/zip.dir/zip_source_begin_write_cloning.c.o
#20 12.59 [ 68%] Generating zip_get_file_comment.html
#20 12.59 [ 68%] Generating zip_get_name.html
#20 12.60 [ 68%] Building C object lib/CMakeFiles/zip.dir/zip_source_buffer.c.o
#20 12.60 [ 68%] Generating zip_get_num_entries.html
#20 12.61 [ 68%] Generating zip_get_num_files.html
#20 12.62 [ 70%] Generating zip_libzip_version.html
#20 12.62 [ 70%] Generating zip_name_locate.html
#20 12.64 [ 70%] Generating zip_open.html
#20 12.64 [ 70%] Generating zip_register_cancel_callback_with_state.html
#20 12.65 [ 70%] Building C object lib/CMakeFiles/zip.dir/zip_source_call.c.o
#20 12.65 [ 70%] Generating zip_register_progress_callback.html
#20 12.65 [ 72%] Generating zip_register_progress_callback_with_state.html
#20 12.65 [ 72%] Generating zip_rename.html
#20 12.66 [ 73%] Building C object lib/CMakeFiles/zip.dir/zip_source_close.c.o
#20 12.66 [ 73%] Generating zip_set_archive_comment.html
#20 12.67 [ 73%] Generating zip_set_archive_flag.html
#20 12.67 [ 73%] Generating zip_set_default_password.html
#20 12.68 [ 73%] Building C object lib/CMakeFiles/zip.dir/zip_source_commit_write.c.o
#20 12.69 [ 75%] Generating zip_set_file_comment.html
#20 12.69 [ 75%] Building C object lib/CMakeFiles/zip.dir/zip_source_compress.c.o
#20 12.71 [ 75%] Generating zip_set_file_compression.html
#20 12.71 [ 75%] Building C object lib/CMakeFiles/zip.dir/zip_source_crc.c.o
#20 12.71 [ 75%] Generating zip_source.html
#20 12.72 [ 75%] Generating zip_source_begin_write.html
#20 12.73 [ 75%] Generating zip_source_buffer.html
#20 12.74 [ 75%] Building C object lib/CMakeFiles/zip.dir/zip_source_error.c.o
#20 12.74 [ 77%] Generating zip_source_buffer_fragment.html
#20 12.74 [ 78%] Building C object lib/CMakeFiles/zip.dir/zip_source_file_common.c.o
#20 12.75 [ 78%] Generating zip_source_close.html
#20 12.76 [ 78%] Generating zip_source_commit_write.html
#20 12.76 [ 78%] Building C object lib/CMakeFiles/zip.dir/zip_source_file_stdio.c.o
#20 12.76 [ 78%] Generating zip_source_error.html
#20 12.78 [ 78%] Generating zip_source_file.html
#20 12.78 [ 78%] Building C object lib/CMakeFiles/zip.dir/zip_source_free.c.o
#20 12.79 [ 78%] Generating zip_source_filep.html
#20 12.81 [ 80%] Generating zip_source_free.html
#20 12.82 [ 80%] Generating zip_source_function.html
#20 12.83 [ 80%] Generating zip_source_is_deleted.html
#20 12.84 [ 80%] Generating zip_source_keep.html
#20 12.84 [ 80%] Generating zip_source_make_command_bitmap.html
#20 12.85 [ 81%] Generating zip_source_open.html
#20 12.86 [ 81%] Generating zip_source_read.html
#20 12.86 [ 81%] Building C object lib/CMakeFiles/zip.dir/zip_source_function.c.o
#20 12.87 [ 81%] Generating zip_source_rollback_write.html
#20 12.87 [ 81%] Building C object lib/CMakeFiles/zip.dir/zip_source_get_file_attributes.c.o
#20 12.88 [ 83%] Building C object lib/CMakeFiles/zip.dir/zip_source_is_deleted.c.o
#20 12.88 [ 83%] Building C object lib/CMakeFiles/zip.dir/zip_source_layered.c.o
#20 12.89 [ 83%] Generating zip_source_seek.html
#20 12.90 [ 83%] Generating zip_source_seek_compute_offset.html
#20 12.91 [ 83%] Building C object lib/CMakeFiles/zip.dir/zip_source_open.c.o
#20 12.92 [ 85%] Generating zip_source_seek_write.html
#20 12.93 [ 85%] Generating zip_source_stat.html
#20 12.95 [ 85%] Building C object lib/CMakeFiles/zip.dir/zip_source_pkware_decode.c.o
#20 12.96 [ 85%] Building C object lib/CMakeFiles/zip.dir/zip_source_pkware_encode.c.o
#20 12.96 [ 85%] Generating zip_source_tell.html
#20 12.97 [ 85%] Building C object lib/CMakeFiles/zip.dir/zip_source_read.c.o
#20 12.97 [ 85%] Generating zip_source_tell_write.html
#20 12.98 [ 86%] Generating zip_source_win32a.html
#20 12.98 [ 86%] Building C object lib/CMakeFiles/zip.dir/zip_source_remove.c.o
#20 12.99 [ 86%] Building C object lib/CMakeFiles/zip.dir/zip_source_rollback_write.c.o
#20 13.00 [ 86%] Building C object lib/CMakeFiles/zip.dir/zip_source_seek.c.o
#20 13.00 [ 86%] Building C object lib/CMakeFiles/zip.dir/zip_source_seek_write.c.o
#20 13.01 [ 88%] Generating zip_source_win32handle.html
#20 13.02 [ 88%] Generating zip_source_win32w.html
#20 13.04 [ 88%] Generating zip_source_window.html
#20 13.05 [ 88%] Generating zip_source_write.html
#20 13.06 [ 88%] Generating zip_source_zip.html
#20 13.06 [ 88%] Building C object lib/CMakeFiles/zip.dir/zip_source_stat.c.o
#20 13.07 [ 90%] Generating zip_stat.html
#20 13.07 [ 91%] Building C object lib/CMakeFiles/zip.dir/zip_source_supports.c.o
#20 13.08 [ 91%] Generating zip_stat_init.html
#20 13.08 [ 91%] Building C object lib/CMakeFiles/zip.dir/zip_source_tell.c.o
#20 13.08 [ 91%] Generating zip_unchange.html
#20 13.09 [ 91%] Building C object lib/CMakeFiles/zip.dir/zip_source_tell_write.c.o
#20 13.09 [ 91%] Generating zip_unchange_all.html
#20 13.09 [ 91%] Building C object lib/CMakeFiles/zip.dir/zip_source_window.c.o
#20 13.10 [ 91%] Generating zip_unchange_archive.html
#20 13.10 [ 91%] Generating zipcmp.html
#20 13.10 [ 93%] Generating zipmerge.html
#20 13.11 [ 93%] Generating ziptool.html
#20 13.11 [ 93%] Building C object lib/CMakeFiles/zip.dir/zip_source_write.c.o
#20 13.12 [ 95%] Building C object lib/CMakeFiles/zip.dir/zip_source_zip.c.o
#20 13.15 [ 95%] Building C object lib/CMakeFiles/zip.dir/zip_source_zip_new.c.o
#20 13.16 [ 95%] Building C object lib/CMakeFiles/zip.dir/zip_stat.c.o
#20 13.16 [ 95%] Building C object lib/CMakeFiles/zip.dir/zip_stat_index.c.o
#20 13.17 [ 95%] Building C object lib/CMakeFiles/zip.dir/zip_stat_init.c.o
#20 13.18 [ 95%] Built target man
#20 13.18 [ 96%] Building C object lib/CMakeFiles/zip.dir/zip_strerror.c.o
#20 13.18 [ 96%] Building C object lib/CMakeFiles/zip.dir/zip_string.c.o
#20 13.23 [ 96%] Building C object lib/CMakeFiles/zip.dir/zip_unchange.c.o
#20 13.23 [ 96%] Building C object lib/CMakeFiles/zip.dir/zip_unchange_all.c.o
#20 13.25 [ 96%] Building C object lib/CMakeFiles/zip.dir/zip_unchange_archive.c.o
#20 13.25 [ 98%] Building C object lib/CMakeFiles/zip.dir/zip_unchange_data.c.o
#20 13.26 [ 98%] Building C object lib/CMakeFiles/zip.dir/zip_utf-8.c.o
#20 13.28 [ 98%] Building C object lib/CMakeFiles/zip.dir/zip_err_str.c.o
#20 13.30 [ 98%] Building C object lib/CMakeFiles/zip.dir/zip_source_file_stdio_named.c.o
#20 13.32 [ 98%] Building C object lib/CMakeFiles/zip.dir/zip_random_unix.c.o
#20 13.46 [100%] Linking C static library libzip.a
#20 13.52 [100%] Built target zip
#20 13.54 [100%] Building C object examples/CMakeFiles/in-memory.dir/in-memory.c.o
#20 13.63 [100%] Linking C executable in-memory
#20 13.76 [100%] Built target in-memory
#20 13.77 + clang++ -DFUZZING_BUILD_MODE_UNSAFE_FOR_PRODUCTION -pthread -Wl,--no-as-needed -Wl,-ldl -Wl,-lm -Wno-unused-command-line-argument -stdlib=libc++ -O3 -fsanitize-coverage=trace-pc-guard -std=c++11 -I. /src/libzip/regress/zip_read_fuzzer.cc -o /out/zip_read_fuzzer /libAFL.a /src/libzip/build/lib/libzip.a -lz
#20 13.80 /src/libzip/regress/zip_read_fuzzer.cc:1:10: fatal error: 'zip.h' file not found
#20 13.80 #include <zip.h>
#20 13.80          ^~~~~~~
#20 13.80 1 error generated.
#20 13.80 Traceback (most recent call last):
#20 13.80   File "<string>", line 1, in <module>
#20 13.80   File "/src/fuzzers/afl/fuzzer.py", line 40, in build
#20 13.80     utils.build_benchmark()
#20 13.80   File "/src/fuzzers/utils.py", line 82, in build_benchmark
#20 13.80     subprocess.check_call(['/bin/bash', '-ex', build_script], env=env)
#20 13.80   File "/usr/local/lib/python3.8/subprocess.py", line 364, in check_call
#20 13.80     raise CalledProcessError(retcode, cmd)
#20 13.80 subprocess.CalledProcessError: Command '['/bin/bash', '-ex', '/src/build.sh']' returned non-zero exit status 1.
#20 ERROR: executor failed running [/bin/sh -c echo "Run fuzzer_build to build the target" && if [ -z "$debug_builder" ] ; then fuzzer_build; fi]: exit code: 1
------
 > importing cache manifest from gcr.io/fuzzbench/builders/afl/libzip_libzip:
------
------
 > [stage-1 13/13] RUN echo "Run fuzzer_build to build the target" && if [ -z "$debug_builder" ] ; then fuzzer_build; fi:
------
executor failed running [/bin/sh -c echo "Run fuzzer_build to build the target" && if [ -z "$debug_builder" ] ; then fuzzer_build; fi]: exit code: 1
make: *** [docker/generated.mk:2748941: .afl-libzip_libzip-builder] Error 1
/bin/sh: 1: source: not found
#1 [internal] load build definition from Dockerfile
#1 sha256:8ed433d82610dac356b9ddafd9cff8de4204f4fd38ce414df8d60a8548307718
#1 transferring dockerfile: 32B done
#1 DONE 0.3s

#2 [internal] load .dockerignore
#2 sha256:b2630e1245249f3d9920f0cf8665577b428eee332aaf90372b4e12ba6fc3250c
#2 transferring context: 2B done
#2 DONE 0.4s

#3 [internal] load metadata for gcr.io/oss-fuzz-base/base-builder:latest
#3 sha256:f10dc39cc9d418a5bc416dead31a1902b6821fdae909cd3b08f7a3fd1faba7b5
#3 DONE 0.6s

#5 [1/5] FROM gcr.io/oss-fuzz-base/base-builder@sha256:4ad017ca53699eda684c1c444948c93a4af848fe34baee3a765d3c4693fe6a56
#5 sha256:3f10b3978a3951f6e2692fa5e5890ee5a755650381dedece7198ed0b1dcdaa8c
#5 DONE 0.0s

#4 importing cache manifest from gcr.io/fuzzbench/builders/benchmark/libzip_libzip
#4 sha256:14a4d09f6b47aafebf7fca4d3eea793c1520805902d6a2ae2e0d8c813fcfec31
#4 DONE 0.0s

#9 [internal] load build context
#9 sha256:75d4b68e5cc8b1cd832b2c1a74bf46ae1157f5b5248a603068f3ba59e7795d9f
#9 transferring context: 30B done
#9 DONE 0.2s

#8 [4/5] WORKDIR libzip
#8 sha256:1ab0b506c9b835eb206c009cf7b9883fc1db39eee7504a77f025920e81244a9e
#8 CACHED

#6 [2/5] RUN apt-get update && apt-get install -y cmake pkg-config zlib1g-dev
#6 sha256:fec2f4fbe4230573550fc6e0238d78fa160061c6149816dccfb51e439b403574
#6 CACHED

#7 [3/5] RUN git clone --depth 1 https://github.com/nih-at/libzip.git
#7 sha256:56f7e2ff8649935f6ac79b5b07a5393a61ca55dcbd192ac1667be6fc48b64cfd
#7 CACHED

#10 [5/5] COPY build.sh /src/
#10 sha256:e349b98522c8a4cea3f5693fc76ab00448d151ab522f26cd782af1cf5f970caa
#10 CACHED

#11 exporting to image
#11 sha256:e8c613e07b0b7ff33893b694f7759a10d42e180f2b4dc349fb57dc6b71dcab00
#11 exporting layers done
#11 writing image sha256:6eaaed3a40e071601f255e72cb78d3c5ae7bb7720adf0ca34a4c18cba6305393 0.0s done
#11 naming to gcr.io/fuzzbench/builders/benchmark/libzip_libzip done
#11 DONE 0.5s

#12 exporting cache
#12 sha256:2700d4ef94dee473593c5c614b55b2dedcca7893909811a8f2b48291a1f581e4
#12 preparing build cache for export done
#12 DONE 0.0s
#1 [internal] load build definition from builder.Dockerfile
#1 sha256:9152d161d89e1fcc1c240bd29594745d322671c756d270d68ccddbfe9fbd60aa
#1 transferring dockerfile: 46B done
#1 DONE 0.1s

#2 [internal] load .dockerignore
#2 sha256:343ed59f3d44fc78702389ad2a0d8a1cc5ffeb38b4d004efa017472503718730
#2 transferring context: 2B done
#2 DONE 0.1s

#3 [internal] load metadata for gcr.io/fuzzbench/builders/benchmark/libzip_libzip:latest
#3 sha256:35104fd1b476adde06ae235c79c330e1d3dcb97b44b305d8f19b3c024fd18805
#3 DONE 0.0s

#4 importing cache manifest from gcr.io/fuzzbench/builders/afl/libzip_libzip-intermediate
#4 sha256:6e0b6861558087b5680cc9997a058d617c9e8ec7c8d5c96deb0ef0d288629da7
#4 DONE 0.0s

#5 [1/3] FROM gcr.io/fuzzbench/builders/benchmark/libzip_libzip
#5 sha256:e55916e20e11ae99dc41970ebbca280a8d0534b17107520709ef5b91d75ea5ee
#5 DONE 0.0s

#6 [2/3] RUN git clone https://github.com/google/AFL.git /afl &&     cd /afl &&     git checkout 61037103ae3722c8060ff7082994836a794f978e &&     AFL_NO_X86=1 make
#6 sha256:0525a9665552177de9df2390256ecb7054490769da39c6edd9255e94d1a553e2
#6 CACHED

#7 [3/3] RUN apt-get update &&     apt-get install wget -y &&     wget https://raw.githubusercontent.com/llvm/llvm-project/5feb80e748924606531ba28c97fe65145c65372e/compiler-rt/lib/fuzzer/afl/afl_driver.cpp -O /afl/afl_driver.cpp &&     clang -Wno-pointer-sign -c /afl/llvm_mode/afl-llvm-rt.o.c -I/afl &&     clang++ -stdlib=libc++ -std=c++11 -O2 -c /afl/afl_driver.cpp &&     ar r /libAFL.a *.o
#7 sha256:e3b54c39fcc43046a2a830441f920caf244480cf94e10727d3aa46eefc44cd53
#7 CACHED

#8 exporting to image
#8 sha256:e8c613e07b0b7ff33893b694f7759a10d42e180f2b4dc349fb57dc6b71dcab00
#8 exporting layers done
#8 writing image sha256:16014f30f274d7d2ea3f424bf83b5fdd5ce62d304ed82ef299de1ab73369464d 0.0s done
#8 naming to gcr.io/fuzzbench/builders/afl/libzip_libzip-intermediate done
#8 DONE 0.4s

#9 exporting cache
#9 sha256:2700d4ef94dee473593c5c614b55b2dedcca7893909811a8f2b48291a1f581e4
#9 preparing build cache for export done
#9 DONE 0.0s
#1 [internal] load build definition from Dockerfile
#1 sha256:7f5350c53be52b54fd2ec48f481e37391b4ed7de7ad79de750f92578217b0b3d
#1 transferring dockerfile: 2.00kB done
#1 DONE 0.1s

#2 [internal] load .dockerignore
#2 sha256:b73bbf367452cd3f813bfae80c76f22a098142a707f2c03767a1867313c05674
#2 transferring context: 34B done
#2 DONE 0.1s

#3 [internal] load metadata for docker.io/library/ubuntu:xenial
#3 sha256:f62bae18ed588840f045c881b2502661f2a89578a2f8f99b83f5200ee83dd25b
#3 DONE 0.0s

#5 [1/7] FROM docker.io/library/ubuntu:xenial
#5 sha256:14dd403f25ae9e519bd44f27dc17af7ce80f5a4f9f48ca88108364e67ec5d360
#5 DONE 0.0s

#4 importing cache manifest from gcr.io/fuzzbench/base-image
#4 sha256:9b220ebb4d4daceed1b96df9b6dca076e762f1cd612574f010b82d5b9e5ad896
#4 DONE 0.0s

#8 [internal] load build context
#8 sha256:a5c6f8bbe3c8325d3d365590b718036eccf86ecd9ef34895ecf62f3b3c703bcc
#8 transferring context: 559B 0.0s done
#8 DONE 0.1s

#6 [2/7] RUN apt-get update -y && apt-get install -y     build-essential     rsync     curl     zlib1g-dev     libncurses5-dev     libgdbm-dev     libnss3-dev     libssl-dev     libreadline-dev     libffi-dev     virtualenv     libbz2-dev     liblzma-dev     libsqlite3-dev
#6 sha256:3a1b0960f17eed529eaae93dc8fd3554f2743dd584d8fa569cdbe6bc734371ac
#6 CACHED

#7 [3/7] RUN cd /tmp/ &&     curl -O https://www.python.org/ftp/python/3.8.6/Python-3.8.6.tar.xz &&     tar -xvf Python-3.8.6.tar.xz &&     cd Python-3.8.6 &&     ./configure --enable-loadable-sqlite-extensions --enable-optimizations &&     make -j install &&     rm -r /tmp/Python-3.8.6.tar.xz /tmp/Python-3.8.6
#7 sha256:c5b9d1fb3371e84dbc60b76e7b2f8d5913bc93bcd4910ab65daa03e7b2ec4bb0
#7 CACHED

#9 [4/7] COPY ./requirements.txt /
#9 sha256:484e6f89715913e4f17512783b71bb602b0bc61977f7e3dc22f8912c6681cb94
#9 CACHED

#10 [5/7] RUN pip3 install -r /requirements.txt
#10 sha256:4140c880947a4a59baca69aec79b5b59c612f19e4cb14b6dd960ea0636febd97
#10 CACHED

#11 [6/7] RUN apt-get update -y && apt-get install -y     apt-transport-https     lsb-release
#11 sha256:5f03ffad7ceb407d9586362a91ddd198d316c5f34e9cdf1f4c461bb84e701135
#11 CACHED

#12 [7/7] RUN CLOUD_SDK_REPO="cloud-sdk-$(lsb_release -c -s)" &&     echo "deb https://packages.cloud.google.com/apt $CLOUD_SDK_REPO main"     | tee -a /etc/apt/sources.list.d/google-cloud-sdk.list &&     curl https://packages.cloud.google.com/apt/doc/apt-key.gpg     | apt-key add - &&     apt-get update -y &&     apt-get install -y google-cloud-sdk
#12 sha256:4a992c490f43534991d074e668f44ff5ddfff3c4d99ad9fa6b2274a3487d8718
#12 CACHED

#13 exporting to image
#13 sha256:e8c613e07b0b7ff33893b694f7759a10d42e180f2b4dc349fb57dc6b71dcab00
#13 exporting layers done
#13 writing image sha256:139540fb22a119f888cb3e5ed6e013e8d868574697f5fb839e5da9e23de73e0a
#13 writing image sha256:139540fb22a119f888cb3e5ed6e013e8d868574697f5fb839e5da9e23de73e0a 0.0s done
#13 naming to gcr.io/fuzzbench/base-image done
#13 DONE 0.1s

#14 exporting cache
#14 sha256:2700d4ef94dee473593c5c614b55b2dedcca7893909811a8f2b48291a1f581e4
#14 preparing build cache for export done
#14 DONE 0.0s
#1 [internal] load build definition from Dockerfile
#1 sha256:2ff62cfc734638eeeb0519062e085d8d24ba696d657afe0851c19b81e057be0b
#1 transferring dockerfile: 2.22kB done
#1 DONE 0.1s

#2 [internal] load .dockerignore
#2 sha256:fc2a986abfd271c10547ca2e974d605ffdfa5eb16c491a8b539bba0b13ed463b
#2 transferring context: 34B done
#2 DONE 0.1s

#4 [internal] load metadata for gcr.io/fuzzbench/base-image:latest
#4 sha256:932022888f650cc455b10eb5123bb08c0cccacac29a693e69314abbfd28a72c3
#4 DONE 0.0s

#3 [internal] load metadata for gcr.io/fuzzbench/builders/afl/libzip_libzip-intermediate:latest
#3 sha256:6fc6a3293364826c0c6e395c8e3d850ea2278d30a9275ffca9a686d173802096
#3 DONE 0.0s

#12 [internal] load build context
#12 sha256:16baeb3135d65ab0a5804076130136f1bc62a002e64dd550c4e61d7087ef027d
#12 DONE 0.0s

#7 [base-image 1/1] FROM gcr.io/fuzzbench/base-image
#7 sha256:4d07825694520f8b6f6a0d8592dbd345433361ae044cb7f06706c5a95e3daaad
#7 DONE 0.0s

#6 [stage-1  1/13] FROM gcr.io/fuzzbench/builders/afl/libzip_libzip-intermediate
#6 sha256:e6c936c0199bf80ba2eb09e72e186470d934541f19e0ce87a841362468ad00b4
#6 DONE 0.0s

#5 importing cache manifest from gcr.io/fuzzbench/builders/afl/libzip_libzip
#5 sha256:f480a0c18431e6fd4150f286d8567d631c0a8c6a45d429e96ee041570885230c
#5 ERROR: gcr.io/fuzzbench/builders/afl/libzip_libzip:latest: not found

#12 [internal] load build context
#12 sha256:16baeb3135d65ab0a5804076130136f1bc62a002e64dd550c4e61d7087ef027d
#12 transferring context: 669.86kB 0.1s done
#12 DONE 0.2s

#9 [stage-1  3/13] COPY --from=base-image /usr/local/lib/python3.8 /usr/local/lib/python3.8
#9 sha256:db70182e087a2e1c753d75059dd23edf8d33caf31d8b09782b923f16e290712c
#9 CACHED

#13 [stage-1  6/13] COPY fuzzers /src/fuzzers
#13 sha256:dd8cb1351a43ca2344ab8a268215bd21fe775c0883b482b7dade3d0c09b01656
#13 CACHED

#14 [stage-1  7/13] RUN touch /src/__init__.py
#14 sha256:28c536f86fb86bfd2a7685ff897552bd40ad8cf697a7c371a56ea2816faf4959
#14 CACHED

#18 [stage-1 11/13] RUN export CHECKOUT_COMMIT=$(cat /benchmark.yaml | tr -d ' ' | grep 'commit:' | cut -d ':' -f2) &&     python3 -u /opt/fuzzbench/checkout_commit.py $CHECKOUT_COMMIT /src
#18 sha256:9c9998c0a4c5ebcd22590646425079b5c3790d89e19af6d56d232a30346e6dc6
#18 CACHED

#8 [stage-1  2/13] COPY --from=base-image /usr/local/bin/python3* /usr/local/bin/
#8 sha256:cb8bd12e440be235a2060678d251ed2f058856aa805ead8fd69536c97874cbdd
#8 CACHED

#10 [stage-1  4/13] COPY --from=base-image /usr/local/include/python3.8 /usr/local/include/python3.8
#10 sha256:5de38ab8cdae7547c164d539afc6d43ba6e5c6ad69faece48b3141fe296c6b35
#10 CACHED

#11 [stage-1  5/13] COPY --from=base-image /usr/local/lib/python3.8/site-packages /usr/local/lib/python3.8/site-packages
#11 sha256:4e73e939829871a9f65f2998dd85379be28e2b1fec71503ee81495cf1bf5fca5
#11 CACHED

#16 [stage-1  9/13] RUN mkdir /opt/fuzzbench/
#16 sha256:8454fcf80650f2689128f28ec079ed10443f8d2edfebf5cf8ed5200f147f490f
#16 CACHED

#17 [stage-1 10/13] COPY docker/benchmark-builder/checkout_commit.py /opt/fuzzbench/
#17 sha256:99723753d7cff133202c73f04a85d26ec8f3f6ebd7f7866cfde30b56500c845c
#17 CACHED

#15 [stage-1  8/13] COPY benchmarks/libzip_libzip/benchmark.yaml /
#15 sha256:473273ac5a74fd5388ff39c7813a997d7e9a73d3a84626d9c4a6d55439d472e3
#15 CACHED

#19 [stage-1 12/13] RUN echo "#!/bin/bash\nPYTHONPATH=/src python3 -u -c "from fuzzers import utils; utils.initialize_env(); from fuzzers.afl import fuzzer; fuzzer.build()"" > /usr/bin/fuzzer_build &&     chmod +x /usr/bin/fuzzer_build
#19 sha256:30dc5f224e2138fadc486457935a7d2987b8ad8b45665c8b7b024ce66891227d
#19 CACHED

#20 [stage-1 13/13] RUN echo "Run fuzzer_build to build the target" && if [ -z "$debug_builder" ] ; then fuzzer_build; fi
#20 sha256:3a25cffaa44d5abddb567f0dcc16b0963f5b0518a9d1a09b49d8cd21d7129045
#20 0.419 Run fuzzer_build to build the target
#20 0.540 FUZZ_TARGET = libzip
#20 0.540 CFLAGS = -DFUZZING_BUILD_MODE_UNSAFE_FOR_PRODUCTION -pthread -Wl,--no-as-needed -Wl,-ldl -Wl,-lm -Wno-unused-command-line-argument -O3
#20 0.540 CXXFLAGS = -DFUZZING_BUILD_MODE_UNSAFE_FOR_PRODUCTION -pthread -Wl,--no-as-needed -Wl,-ldl -Wl,-lm -Wno-unused-command-line-argument -stdlib=libc++ -O3
#20 0.545 Building benchmark libzip_libzip with fuzzer afl
#20 0.549 + mkdir build
#20 0.551 + cd build
#20 0.551 + cmake -DBUILD_SHARED_LIBS=OFF -DENABLE_GNUTLS=OFF -DENABLE_MBEDTLS=OFF -DENABLE_OPENSSL=OFF -DBUILD_TOOLS=OFF ..
#20 0.769 -- The C compiler identification is Clang 14.0.0
#20 0.783 -- Detecting C compiler ABI info
#20 0.938 -- Detecting C compiler ABI info - done
#20 0.995 -- Check for working C compiler: /usr/local/bin/clang - skipped
#20 0.996 -- Detecting C compile features
#20 0.996 -- Detecting C compile features - done
#20 1.008 -- Looking for include file CommonCrypto/CommonCrypto.h
#20 1.047 -- Looking for include file CommonCrypto/CommonCrypto.h - not found
#20 1.050 -- Looking for _close
#20 1.225 -- Looking for _close - not found
#20 1.226 -- Looking for _dup
#20 1.386 -- Looking for _dup - not found
#20 1.386 -- Looking for _fdopen
#20 1.553 -- Looking for _fdopen - not found
#20 1.553 -- Looking for _fileno
#20 1.724 -- Looking for _fileno - not found
#20 1.725 -- Looking for _setmode
#20 1.890 -- Looking for _setmode - not found
#20 1.891 -- Looking for _snprintf
#20 1.939 -- Looking for _snprintf - not found
#20 1.940 -- Looking for _strdup
#20 2.106 -- Looking for _strdup - not found
#20 2.107 -- Looking for _stricmp
#20 2.153 -- Looking for _stricmp - not found
#20 2.153 -- Looking for _strtoi64
#20 2.318 -- Looking for _strtoi64 - not found
#20 2.319 -- Looking for _strtoui64
#20 2.481 -- Looking for _strtoui64 - not found
#20 2.481 -- Looking for _unlink
#20 2.649 -- Looking for _unlink - not found
#20 2.650 -- Looking for arc4random
#20 2.823 -- Looking for arc4random - not found
#20 2.824 -- Looking for clonefile
#20 2.992 -- Looking for clonefile - not found
#20 2.993 -- Looking for explicit_bzero
#20 3.162 -- Looking for explicit_bzero - found
#20 3.163 -- Looking for explicit_memset
#20 3.321 -- Looking for explicit_memset - not found
#20 3.321 -- Looking for fchmod
#20 3.492 -- Looking for fchmod - found
#20 3.493 -- Looking for fileno
#20 3.656 -- Looking for fileno - found
#20 3.656 -- Looking for fseeko
#20 3.833 -- Looking for fseeko - found
#20 3.833 -- Looking for ftello
#20 4.007 -- Looking for ftello - found
#20 4.007 -- Looking for getprogname
#20 4.171 -- Looking for getprogname - not found
#20 4.172 -- Looking for localtime_r
#20 4.339 -- Looking for localtime_r - found
#20 4.339 -- Looking for setmode
#20 4.504 -- Looking for setmode - not found
#20 4.505 -- Looking for snprintf
#20 4.672 -- Looking for snprintf - found
#20 4.673 -- Looking for strcasecmp
#20 4.836 -- Looking for strcasecmp - found
#20 4.836 -- Looking for strdup
#20 4.999 -- Looking for strdup - found
#20 5.000 -- Looking for stricmp
#20 5.182 -- Looking for stricmp - not found
#20 5.182 -- Looking for strtoll
#20 5.366 -- Looking for strtoll - found
#20 5.366 -- Looking for strtoull
#20 5.529 -- Looking for strtoull - found
#20 5.530 -- Looking for 3 include files sys/types.h, ..., fts.h
#20 5.729 -- Looking for 3 include files sys/types.h, ..., fts.h - found
#20 5.729 -- Looking for fts_open
#20 5.889 -- Looking for fts_open - found
#20 5.890 -- Looking for include file stdbool.h
#20 6.061 -- Looking for include file stdbool.h - found
#20 6.062 -- Looking for include file strings.h
#20 6.222 -- Looking for include file strings.h - found
#20 6.223 -- Looking for include file unistd.h
#20 6.398 -- Looking for include file unistd.h - found
#20 6.399 -- Looking for include file inttypes.h
#20 6.565 -- Looking for include file inttypes.h - found
#20 6.566 -- Looking for include file stdint.h
#20 6.725 -- Looking for include file stdint.h - found
#20 6.726 -- Looking for include file sys/types.h
#20 6.893 -- Looking for include file sys/types.h - found
#20 6.894 -- Looking for sys/types.h
#20 7.059 -- Looking for sys/types.h - found
#20 7.060 -- Looking for stdint.h
#20 7.223 -- Looking for stdint.h - found
#20 7.224 -- Looking for stddef.h
#20 7.382 -- Looking for stddef.h - found
#20 7.382 -- Check size of __int8
#20 7.429 -- Check size of __int8 - failed
#20 7.430 -- Check size of int8_t
#20 7.635 -- Check size of int8_t - done
#20 7.636 -- Check size of uint8_t
#20 7.836 -- Check size of uint8_t - done
#20 7.837 -- Check size of __int16
#20 7.884 -- Check size of __int16 - failed
#20 7.885 -- Check size of int16_t
#20 8.090 -- Check size of int16_t - done
#20 8.091 -- Check size of uint16_t
#20 8.295 -- Check size of uint16_t - done
#20 8.295 -- Check size of __int32
#20 8.342 -- Check size of __int32 - failed
#20 8.344 -- Check size of int32_t
#20 8.550 -- Check size of int32_t - done
#20 8.550 -- Check size of uint32_t
#20 8.751 -- Check size of uint32_t - done
#20 8.751 -- Check size of __int64
#20 8.800 -- Check size of __int64 - failed
#20 8.801 -- Check size of int64_t
#20 9.009 -- Check size of int64_t - done
#20 9.010 -- Check size of uint64_t
#20 9.218 -- Check size of uint64_t - done
#20 9.218 -- Check size of short
#20 9.416 -- Check size of short - done
#20 9.417 -- Check size of int
#20 9.622 -- Check size of int - done
#20 9.623 -- Check size of long
#20 9.833 -- Check size of long - done
#20 9.833 -- Check size of long long
#20 10.04 -- Check size of long long - done
#20 10.04 -- Check size of off_t
#20 10.25 -- Check size of off_t - done
#20 10.25 -- Check size of size_t
#20 10.45 -- Check size of size_t - done
#20 10.45 -- Performing Test HAVE_FICLONERANGE
#20 10.62 -- Performing Test HAVE_FICLONERANGE - Success
#20 10.62 -- Performing Test HAVE_NULLABLE
#20 10.79 -- Performing Test HAVE_NULLABLE - Success
#20 10.81 -- Found ZLIB: /usr/lib/x86_64-linux-gnu/libz.so (found suitable version "1.2.11", minimum required is "1.1.2") 
#20 10.82 -- Could NOT find BZip2 (missing: BZIP2_LIBRARIES BZIP2_INCLUDE_DIR) 
#20 10.82 CMake Warning at CMakeLists.txt:186 (message):
#20 10.82   -- bzip2 library not found; bzip2 support disabled
#20 10.82 
#20 10.82 
#20 10.83 -- Could NOT find LibLZMA (missing: LIBLZMA_LIBRARY LIBLZMA_INCLUDE_DIR LIBLZMA_HAS_AUTO_DECODER LIBLZMA_HAS_EASY_ENCODER LIBLZMA_HAS_LZMA_PRESET) (Required is at least version "5.2")
#20 10.83 CMake Warning at CMakeLists.txt:195 (message):
#20 10.83   -- lzma library not found; lzma/xz support disabled
#20 10.83 
#20 10.83 
#20 10.84 -- Found PkgConfig: /usr/bin/pkg-config (found version "0.29.1") 
#20 10.84 -- Could NOT find Zstd (missing: Zstd_LIBRARY Zstd_INCLUDE_DIR) (Required is at least version "1.3.6")
#20 10.84 CMake Warning at CMakeLists.txt:204 (message):
#20 10.84   -- zstd library not found; zstandard support disabled
#20 10.84 
#20 10.84 
#20 10.84 CMake Warning at CMakeLists.txt:226 (message):
#20 10.84   -- neither Common Crypto, GnuTLS, mbed TLS, OpenSSL, nor Windows
#20 10.84   Cryptography found; AES support disabled
#20 10.84 
#20 10.84 
#20 10.88 CMake Warning at CMakeLists.txt:263 (message):
#20 10.88   -- tools build has been disabled, but they are needed for regression tests;
#20 10.88   regression testing disabled
#20 10.88 
#20 10.88 
#20 10.91 -- Found Perl: /usr/bin/perl (found version "5.30.0") 
#20 10.92 -- Configuring done
#20 10.97 CMake Warning (dev) at lib/CMakeLists.txt:5 (add_library):
#20 10.97   Policy CMP0063 is not set: Honor visibility properties for all target
#20 10.97   types.  Run "cmake --help-policy CMP0063" for policy details.  Use the
#20 10.97   cmake_policy command to set the policy and suppress this warning.
#20 10.97 
#20 10.97   Target "zip" of type "STATIC_LIBRARY" has the following visibility
#20 10.97   properties set for C:
#20 10.97 
#20 10.97     C_VISIBILITY_PRESET
#20 10.97 
#20 10.97   For compatibility CMake is not honoring them for this target.
#20 10.97 This warning is for project developers.  Use -Wno-dev to suppress it.
#20 10.97 
#20 11.04 -- Generating done
#20 11.05 -- Build files have been written to: /src/libzip/build
#20 11.05 ++ nproc
#20 11.05 + make -j8
#20 11.08 [  0%] Preparing ZIP_SOURCE_GET_ARGS.3
#20 11.08 [  0%] Preparing libzip.3
#20 11.08 [  0%] Preparing zip_add.3
#20 11.08 [  1%] Preparing zip_add_dir.3
#20 11.08 [  1%] Preparing zip_close.3
#20 11.08 [  1%] Preparing zip_compression_method_supported.3
#20 11.09 [  1%] Preparing zip_delete.3
#20 11.09 [  1%] Building C object lib/CMakeFiles/zip.dir/zip_add.c.o
#20 11.09 [  1%] Building C object lib/CMakeFiles/zip.dir/zip_add_dir.c.o
#20 11.09 [  1%] Preparing zip_dir_add.3
#20 11.10 [  3%] Preparing zip_discard.3
#20 11.10 [  3%] Preparing zip_encryption_method_supported.3
#20 11.11 [  3%] Preparing zip_error_clear.3
#20 11.11 [  3%] Preparing zip_error_code_system.3
#20 11.11 [  4%] Preparing zip_error_fini.3
#20 11.11 [  4%] Preparing zip_error_code_zip.3
#20 11.11 [  4%] Building C object lib/CMakeFiles/zip.dir/zip_add_entry.c.o
#20 11.12 [  4%] Preparing zip_error_get.3
#20 11.12 [  4%] Preparing zip_error_get_sys_type.3
#20 11.12 [  4%] Preparing zip_error_init.3
#20 11.12 [  4%] Preparing zip_error_set.3
#20 11.12 [  6%] Building C object lib/CMakeFiles/zip.dir/zip_algorithm_deflate.c.o
#20 11.13 [  8%] Preparing zip_error_strerror.3
#20 11.13 [  8%] Preparing zip_error_to_data.3
#20 11.13 [  8%] Preparing zip_error_system_type.3
#20 11.13 [  8%] Preparing zip_error_to_str.3
#20 11.14 [  9%] Preparing zip_errors.3
#20 11.14 [  9%] Preparing zip_fclose.3
#20 11.14 [  9%] Preparing zip_fdopen.3
#20 11.14 [  9%] Preparing zip_file_add.3
#20 11.14 [  9%] Preparing zip_file_attributes_init.3
#20 11.14 [  9%] Preparing zip_file_extra_field_delete.3
#20 11.14 [  9%] Preparing zip_file_extra_field_get.3
#20 11.15 [ 11%] Preparing zip_file_extra_field_set.3
#20 11.15 [ 11%] Preparing zip_file_extra_fields_count.3
#20 11.15 [ 11%] Preparing zip_file_get_comment.3
#20 11.15 [ 11%] Preparing zip_file_get_error.3
#20 11.15 [ 11%] Preparing zip_file_get_external_attributes.3
#20 11.16 [ 13%] Preparing zip_file_rename.3
#20 11.16 [ 13%] Preparing zip_file_set_comment.3
#20 11.16 [ 13%] Preparing zip_file_set_encryption.3
#20 11.16 [ 13%] Building C object lib/CMakeFiles/zip.dir/zip_buffer.c.o
#20 11.16 [ 13%] Building C object lib/CMakeFiles/zip.dir/zip_close.c.o
#20 11.16 [ 13%] Preparing zip_file_set_external_attributes.3
#20 11.17 [ 13%] Preparing zip_file_set_mtime.3
#20 11.17 [ 14%] Building C object lib/CMakeFiles/zip.dir/zip_delete.c.o
#20 11.17 [ 14%] Preparing zip_file_strerror.3
#20 11.17 [ 14%] Preparing zip_fopen.3
#20 11.17 [ 14%] Preparing zip_fopen_encrypted.3
#20 11.17 [ 14%] Preparing zip_fread.3
#20 11.18 [ 14%] Preparing zip_fseek.3
#20 11.18 [ 16%] Preparing zip_ftell.3
#20 11.18 [ 16%] Building C object lib/CMakeFiles/zip.dir/zip_dir_add.c.o
#20 11.19 [ 16%] Preparing zip_get_archive_comment.3
#20 11.19 [ 18%] Building C object lib/CMakeFiles/zip.dir/zip_dirent.c.o
#20 11.19 [ 18%] Preparing zip_get_archive_flag.3
#20 11.20 [ 18%] Preparing zip_get_error.3
#20 11.21 [ 18%] Preparing zip_get_file_comment.3
#20 11.22 [ 19%] Preparing zip_get_name.3
#20 11.22 [ 19%] Building C object lib/CMakeFiles/zip.dir/zip_discard.c.o
#20 11.23 [ 19%] Preparing zip_get_num_entries.3
#20 11.23 [ 19%] Preparing zip_get_num_files.3
#20 11.24 [ 19%] Preparing zip_libzip_version.3
#20 11.25 [ 19%] Preparing zip_name_locate.3
#20 11.25 [ 19%] Building C object lib/CMakeFiles/zip.dir/zip_entry.c.o
#20 11.26 [ 21%] Preparing zip_open.3
#20 11.27 [ 21%] Preparing zip_register_cancel_callback_with_state.3
#20 11.28 [ 21%] Building C object lib/CMakeFiles/zip.dir/zip_error.c.o
#20 11.28 [ 21%] Preparing zip_register_progress_callback.3
#20 11.28 [ 21%] Building C object lib/CMakeFiles/zip.dir/zip_error_clear.c.o
#20 11.29 [ 21%] Preparing zip_register_progress_callback_with_state.3
#20 11.29 [ 21%] Preparing zip_rename.3
#20 11.30 [ 21%] Preparing zip_set_archive_comment.3
#20 11.31 [ 22%] Preparing zip_set_archive_flag.3
#20 11.32 [ 22%] Preparing zip_set_default_password.3
#20 11.33 [ 24%] Building C object lib/CMakeFiles/zip.dir/zip_error_get.c.o
#20 11.33 [ 24%] Preparing zip_set_file_comment.3
#20 11.33 [ 24%] Building C object lib/CMakeFiles/zip.dir/zip_error_get_sys_type.c.o
#20 11.34 [ 24%] Preparing zip_set_file_compression.3
#20 11.35 [ 24%] Preparing zip_source.3
#20 11.36 [ 26%] Preparing zip_source_begin_write.3
#20 11.36 [ 26%] Building C object lib/CMakeFiles/zip.dir/zip_error_strerror.c.o
#20 11.36 [ 26%] Preparing zip_source_buffer.3
#20 11.37 [ 26%] Preparing zip_source_buffer_fragment.3
#20 11.38 [ 26%] Preparing zip_source_close.3
#20 11.39 [ 26%] Preparing zip_source_commit_write.3
#20 11.39 [ 26%] Building C object lib/CMakeFiles/zip.dir/zip_error_to_str.c.o
#20 11.40 [ 27%] Preparing zip_source_error.3
#20 11.40 [ 27%] Building C object lib/CMakeFiles/zip.dir/zip_extra_field.c.o
#20 11.41 [ 29%] Building C object lib/CMakeFiles/zip.dir/zip_extra_field_api.c.o
#20 11.41 [ 29%] Preparing zip_source_file.3
#20 11.41 [ 29%] Building C object lib/CMakeFiles/zip.dir/zip_fclose.c.o
#20 11.42 [ 29%] Preparing zip_source_filep.3
#20 11.42 [ 29%] Preparing zip_source_free.3
#20 11.43 [ 29%] Preparing zip_source_function.3
#20 11.44 [ 31%] Preparing zip_source_is_deleted.3
#20 11.45 [ 31%] Preparing zip_source_keep.3
#20 11.46 [ 31%] Preparing zip_source_make_command_bitmap.3
#20 11.46 [ 31%] Preparing zip_source_open.3
#20 11.47 [ 31%] Preparing zip_source_read.3
#20 11.48 [ 32%] Preparing zip_source_rollback_write.3
#20 11.48 [ 32%] Building C object lib/CMakeFiles/zip.dir/zip_fdopen.c.o
#20 11.49 [ 32%] Preparing zip_source_seek.3
#20 11.49 [ 32%] Building C object lib/CMakeFiles/zip.dir/zip_file_add.c.o
#20 11.50 [ 32%] Preparing zip_source_seek_compute_offset.3
#20 11.50 [ 32%] Building C object lib/CMakeFiles/zip.dir/zip_file_error_clear.c.o
#20 11.51 [ 32%] Preparing zip_source_seek_write.3
#20 11.51 [ 32%] Preparing zip_source_stat.3
#20 11.52 [ 32%] Preparing zip_source_tell.3
#20 11.53 [ 34%] Preparing zip_source_tell_write.3
#20 11.54 [ 34%] Preparing zip_source_win32a.3
#20 11.54 [ 36%] Building C object lib/CMakeFiles/zip.dir/zip_file_error_get.c.o
#20 11.55 [ 36%] Preparing zip_source_win32handle.3
#20 11.56 [ 36%] Preparing zip_source_win32w.3
#20 11.56 [ 36%] Preparing zip_source_window.3
#20 11.57 [ 36%] Building C object lib/CMakeFiles/zip.dir/zip_file_get_comment.c.o
#20 11.57 [ 37%] Preparing zip_source_write.3
#20 11.58 [ 37%] Building C object lib/CMakeFiles/zip.dir/zip_file_get_external_attributes.c.o
#20 11.59 [ 37%] Building C object lib/CMakeFiles/zip.dir/zip_file_get_offset.c.o
#20 11.59 [ 37%] Preparing zip_source_zip.3
#20 11.60 [ 37%] Preparing zip_stat.3
#20 11.60 [ 37%] Building C object lib/CMakeFiles/zip.dir/zip_file_rename.c.o
#20 11.61 [ 37%] Preparing zip_stat_init.3
#20 11.62 [ 37%] Building C object lib/CMakeFiles/zip.dir/zip_file_replace.c.o
#20 11.62 [ 37%] Preparing zip_unchange.3
#20 11.63 [ 39%] Preparing zip_unchange_all.3
#20 11.64 [ 39%] Preparing zip_unchange_archive.3
#20 11.65 [ 39%] Preparing zipcmp.1
#20 11.65 [ 40%] Building C object lib/CMakeFiles/zip.dir/zip_file_set_comment.c.o
#20 11.66 [ 40%] Preparing zipmerge.1
#20 11.66 [ 40%] Preparing ziptool.1
#20 11.66 [ 42%] Generating ZIP_SOURCE_GET_ARGS.html
#20 11.67 [ 42%] Generating libzip.html
#20 11.68 [ 42%] Generating zip_add.html
#20 11.68 [ 42%] Building C object lib/CMakeFiles/zip.dir/zip_file_set_encryption.c.o
#20 11.69 [ 42%] Generating zip_add_dir.html
#20 11.69 [ 42%] Building C object lib/CMakeFiles/zip.dir/zip_file_set_external_attributes.c.o
#20 11.70 [ 42%] Generating zip_close.html
#20 11.70 [ 44%] Building C object lib/CMakeFiles/zip.dir/zip_file_set_mtime.c.o
#20 11.70 [ 44%] Generating zip_compression_method_supported.html
#20 11.71 [ 44%] Building C object lib/CMakeFiles/zip.dir/zip_file_strerror.c.o
#20 11.72 [ 44%] Generating zip_delete.html
#20 11.72 [ 45%] Building C object lib/CMakeFiles/zip.dir/zip_fopen.c.o
#20 11.74 [ 45%] Building C object lib/CMakeFiles/zip.dir/zip_fopen_encrypted.c.o
#20 11.75 [ 45%] Generating zip_dir_add.html
#20 11.76 [ 45%] Generating zip_discard.html
#20 11.76 [ 45%] Building C object lib/CMakeFiles/zip.dir/zip_fopen_index.c.o
#20 11.78 [ 45%] Generating zip_encryption_method_supported.html
#20 11.78 [ 47%] Generating zip_error_clear.html
#20 11.78 [ 47%] Building C object lib/CMakeFiles/zip.dir/zip_fopen_index_encrypted.c.o
#20 11.79 [ 47%] Generating zip_error_code_system.html
#20 11.79 [ 47%] Building C object lib/CMakeFiles/zip.dir/zip_fread.c.o
#20 11.79 [ 47%] Generating zip_error_code_zip.html
#20 11.80 [ 49%] Building C object lib/CMakeFiles/zip.dir/zip_fseek.c.o
#20 11.81 [ 49%] Generating zip_error_fini.html
#20 11.81 [ 49%] Generating zip_error_get.html
#20 11.82 [ 49%] Building C object lib/CMakeFiles/zip.dir/zip_ftell.c.o
#20 11.82 [ 49%] Generating zip_error_get_sys_type.html
#20 11.82 [ 50%] Generating zip_error_init.html
#20 11.83 [ 50%] Building C object lib/CMakeFiles/zip.dir/zip_get_archive_comment.c.o
#20 11.84 [ 50%] Generating zip_error_set.html
#20 11.84 [ 50%] Generating zip_error_strerror.html
#20 11.84 [ 50%] Building C object lib/CMakeFiles/zip.dir/zip_get_archive_flag.c.o
#20 11.86 [ 50%] Building C object lib/CMakeFiles/zip.dir/zip_get_encryption_implementation.c.o
#20 11.86 [ 50%] Generating zip_error_system_type.html
#20 11.87 [ 50%] Generating zip_error_to_data.html
#20 11.88 [ 52%] Building C object lib/CMakeFiles/zip.dir/zip_get_file_comment.c.o
#20 11.88 [ 52%] Building C object lib/CMakeFiles/zip.dir/zip_get_name.c.o
#20 11.89 [ 54%] Building C object lib/CMakeFiles/zip.dir/zip_get_num_entries.c.o
#20 11.89 [ 54%] Generating zip_error_to_str.html
#20 11.90 [ 54%] Building C object lib/CMakeFiles/zip.dir/zip_get_num_files.c.o
#20 11.91 [ 54%] Generating zip_errors.html
#20 11.92 [ 54%] Building C object lib/CMakeFiles/zip.dir/zip_hash.c.o
#20 11.92 [ 54%] Generating zip_fclose.html
#20 11.92 [ 55%] Building C object lib/CMakeFiles/zip.dir/zip_io_util.c.o
#20 11.94 [ 55%] Generating zip_fdopen.html
#20 11.94 [ 55%] Building C object lib/CMakeFiles/zip.dir/zip_libzip_version.c.o
#20 11.96 [ 55%] Generating zip_file_add.html
#20 11.96 [ 55%] Building C object lib/CMakeFiles/zip.dir/zip_memdup.c.o
#20 11.97 [ 55%] Building C object lib/CMakeFiles/zip.dir/zip_name_locate.c.o
#20 11.97 [ 57%] Generating zip_file_attributes_init.html
#20 11.98 [ 57%] Building C object lib/CMakeFiles/zip.dir/zip_new.c.o
#20 11.99 [ 57%] Building C object lib/CMakeFiles/zip.dir/zip_open.c.o
#20 11.99 [ 57%] Generating zip_file_extra_field_delete.html
#20 12.00 [ 57%] Generating zip_file_extra_field_get.html
#20 12.02 [ 59%] Building C object lib/CMakeFiles/zip.dir/zip_pkware.c.o
#20 12.02 [ 59%] Generating zip_file_extra_field_set.html
#20 12.04 [ 59%] Generating zip_file_extra_fields_count.html
#20 12.05 [ 59%] Building C object lib/CMakeFiles/zip.dir/zip_progress.c.o
#20 12.05 [ 60%] Generating zip_file_get_comment.html
#20 12.07 [ 60%] Building C object lib/CMakeFiles/zip.dir/zip_rename.c.o
#20 12.07 [ 60%] Generating zip_file_get_error.html
#20 12.08 [ 60%] Building C object lib/CMakeFiles/zip.dir/zip_replace.c.o
#20 12.08 [ 60%] Building C object lib/CMakeFiles/zip.dir/zip_set_archive_comment.c.o
#20 12.08 [ 60%] Generating zip_file_get_external_attributes.html
#20 12.10 [ 60%] Generating zip_file_rename.html
#20 12.12 [ 60%] Generating zip_file_set_comment.html
#20 12.13 [ 62%] Generating zip_file_set_encryption.html
#20 12.14 [ 63%] Building C object lib/CMakeFiles/zip.dir/zip_set_archive_flag.c.o
#20 12.15 [ 63%] Generating zip_file_set_external_attributes.html
#20 12.15 [ 63%] Building C object lib/CMakeFiles/zip.dir/zip_set_default_password.c.o
#20 12.16 [ 63%] Building C object lib/CMakeFiles/zip.dir/zip_set_file_comment.c.o
#20 12.17 [ 63%] Generating zip_file_set_mtime.html
#20 12.18 [ 63%] Building C object lib/CMakeFiles/zip.dir/zip_set_file_compression.c.o
#20 12.18 [ 63%] Generating zip_file_strerror.html
#20 12.19 [ 63%] Building C object lib/CMakeFiles/zip.dir/zip_set_name.c.o
#20 12.20 [ 63%] Generating zip_fopen.html
#20 12.22 [ 63%] Generating zip_fopen_encrypted.html
#20 12.23 [ 65%] Building C object lib/CMakeFiles/zip.dir/zip_source_accept_empty.c.o
#20 12.23 [ 65%] Building C object lib/CMakeFiles/zip.dir/zip_source_begin_write.c.o
#20 12.23 [ 67%] Generating zip_fread.html
#20 12.24 [ 67%] Building C object lib/CMakeFiles/zip.dir/zip_source_begin_write_cloning.c.o
#20 12.25 [ 67%] Generating zip_fseek.html
#20 12.25 [ 67%] Building C object lib/CMakeFiles/zip.dir/zip_source_buffer.c.o
#20 12.26 [ 67%] Generating zip_ftell.html
#20 12.27 [ 67%] Building C object lib/CMakeFiles/zip.dir/zip_source_call.c.o
#20 12.28 [ 67%] Generating zip_get_archive_comment.html
#20 12.30 [ 67%] Generating zip_get_archive_flag.html
#20 12.31 [ 68%] Building C object lib/CMakeFiles/zip.dir/zip_source_close.c.o
#20 12.31 [ 68%] Building C object lib/CMakeFiles/zip.dir/zip_source_commit_write.c.o
#20 12.31 [ 70%] Generating zip_get_error.html
#20 12.32 [ 70%] Building C object lib/CMakeFiles/zip.dir/zip_source_compress.c.o
#20 12.33 [ 70%] Building C object lib/CMakeFiles/zip.dir/zip_source_crc.c.o
#20 12.33 [ 70%] Generating zip_get_file_comment.html
#20 12.35 [ 70%] Generating zip_get_name.html
#20 12.36 [ 70%] Building C object lib/CMakeFiles/zip.dir/zip_source_error.c.o
#20 12.37 [ 70%] Generating zip_get_num_entries.html
#20 12.39 [ 72%] Building C object lib/CMakeFiles/zip.dir/zip_source_file_common.c.o
#20 12.39 [ 72%] Building C object lib/CMakeFiles/zip.dir/zip_source_file_stdio.c.o
#20 12.39 [ 72%] Generating zip_get_num_files.html
#20 12.42 [ 72%] Building C object lib/CMakeFiles/zip.dir/zip_source_free.c.o
#20 12.43 [ 73%] Generating zip_libzip_version.html
#20 12.44 [ 73%] Building C object lib/CMakeFiles/zip.dir/zip_source_function.c.o
#20 12.45 [ 73%] Generating zip_name_locate.html
#20 12.46 [ 73%] Generating zip_open.html
#20 12.47 [ 73%] Building C object lib/CMakeFiles/zip.dir/zip_source_get_file_attributes.c.o
#20 12.48 [ 73%] Generating zip_register_cancel_callback_with_state.html
#20 12.49 [ 73%] Generating zip_register_progress_callback.html
#20 12.51 [ 75%] Building C object lib/CMakeFiles/zip.dir/zip_source_is_deleted.c.o
#20 12.51 [ 77%] Generating zip_register_progress_callback_with_state.html
#20 12.52 [ 77%] Building C object lib/CMakeFiles/zip.dir/zip_source_layered.c.o
#20 12.53 [ 77%] Building C object lib/CMakeFiles/zip.dir/zip_source_open.c.o
#20 12.53 [ 77%] Generating zip_rename.html
#20 12.54 [ 77%] Generating zip_set_archive_comment.html
#20 12.55 [ 77%] Building C object lib/CMakeFiles/zip.dir/zip_source_pkware_decode.c.o
#20 12.56 [ 77%] Generating zip_set_archive_flag.html
#20 12.57 [ 77%] Building C object lib/CMakeFiles/zip.dir/zip_source_pkware_encode.c.o
#20 12.58 [ 77%] Generating zip_set_default_password.html
#20 12.58 [ 77%] Building C object lib/CMakeFiles/zip.dir/zip_source_read.c.o
#20 12.58 [ 78%] Building C object lib/CMakeFiles/zip.dir/zip_source_remove.c.o
#20 12.59 [ 80%] Generating zip_set_file_comment.html
#20 12.61 [ 80%] Generating zip_set_file_compression.html
#20 12.61 [ 80%] Generating zip_source.html
#20 12.61 [ 80%] Building C object lib/CMakeFiles/zip.dir/zip_source_rollback_write.c.o
#20 12.62 [ 80%] Generating zip_source_begin_write.html
#20 12.63 [ 80%] Generating zip_source_buffer.html
#20 12.64 [ 81%] Generating zip_source_buffer_fragment.html
#20 12.64 [ 81%] Generating zip_source_close.html
#20 12.65 [ 81%] Building C object lib/CMakeFiles/zip.dir/zip_source_seek.c.o
#20 12.66 [ 81%] Building C object lib/CMakeFiles/zip.dir/zip_source_seek_write.c.o
#20 12.66 [ 81%] Generating zip_source_commit_write.html
#20 12.67 [ 81%] Building C object lib/CMakeFiles/zip.dir/zip_source_stat.c.o
#20 12.67 [ 81%] Generating zip_source_error.html
#20 12.68 [ 83%] Building C object lib/CMakeFiles/zip.dir/zip_source_supports.c.o
#20 12.69 [ 83%] Building C object lib/CMakeFiles/zip.dir/zip_source_tell.c.o
#20 12.69 [ 83%] Generating zip_source_file.html
#20 12.69 [ 83%] Building C object lib/CMakeFiles/zip.dir/zip_source_tell_write.c.o
#20 12.71 [ 83%] Generating zip_source_filep.html
#20 12.71 [ 83%] Building C object lib/CMakeFiles/zip.dir/zip_source_window.c.o
#20 12.72 [ 85%] Generating zip_source_free.html
#20 12.74 [ 85%] Building C object lib/CMakeFiles/zip.dir/zip_source_write.c.o
#20 12.74 [ 85%] Generating zip_source_function.html
#20 12.75 [ 86%] Building C object lib/CMakeFiles/zip.dir/zip_source_zip.c.o
#20 12.75 [ 86%] Building C object lib/CMakeFiles/zip.dir/zip_source_zip_new.c.o
#20 12.76 [ 86%] Generating zip_source_is_deleted.html
#20 12.77 [ 86%] Building C object lib/CMakeFiles/zip.dir/zip_stat.c.o
#20 12.77 [ 86%] Building C object lib/CMakeFiles/zip.dir/zip_stat_index.c.o
#20 12.77 [ 86%] Generating zip_source_keep.html
#20 12.77 [ 86%] Building C object lib/CMakeFiles/zip.dir/zip_stat_init.c.o
#20 12.79 [ 86%] Generating zip_source_make_command_bitmap.html
#20 12.80 [ 88%] Generating zip_source_open.html
#20 12.82 [ 90%] Generating zip_source_read.html
#20 12.82 [ 90%] Building C object lib/CMakeFiles/zip.dir/zip_strerror.c.o
#20 12.84 [ 90%] Generating zip_source_rollback_write.html
#20 12.85 [ 90%] Building C object lib/CMakeFiles/zip.dir/zip_string.c.o
#20 12.85 [ 90%] Building C object lib/CMakeFiles/zip.dir/zip_unchange.c.o
#20 12.85 [ 90%] Generating zip_source_seek.html
#20 12.86 [ 90%] Building C object lib/CMakeFiles/zip.dir/zip_unchange_all.c.o
#20 12.86 [ 90%] Generating zip_source_seek_compute_offset.html
#20 12.87 [ 91%] Generating zip_source_seek_write.html
#20 12.88 [ 91%] Generating zip_source_stat.html
#20 12.88 [ 91%] Generating zip_source_tell.html
#20 12.89 [ 91%] Building C object lib/CMakeFiles/zip.dir/zip_unchange_archive.c.o
#20 12.90 [ 91%] Generating zip_source_tell_write.html
#20 12.90 [ 93%] Building C object lib/CMakeFiles/zip.dir/zip_unchange_data.c.o
#20 12.90 [ 93%] Generating zip_source_win32a.html
#20 12.91 [ 95%] Generating zip_source_win32handle.html
#20 12.92 [ 95%] Generating zip_source_win32w.html
#20 12.92 [ 95%] Building C object lib/CMakeFiles/zip.dir/zip_utf-8.c.o
#20 12.93 [ 95%] Generating zip_source_window.html
#20 12.93 [ 95%] Generating zip_source_write.html
#20 12.94 [ 95%] Building C object lib/CMakeFiles/zip.dir/zip_err_str.c.o
#20 12.94 [ 95%] Generating zip_source_zip.html
#20 12.95 [ 96%] Generating zip_stat.html
#20 12.95 [ 96%] Building C object lib/CMakeFiles/zip.dir/zip_source_file_stdio_named.c.o
#20 12.96 [ 96%] Generating zip_stat_init.html
#20 12.97 [ 96%] Generating zip_unchange.html
#20 12.98 [ 96%] Generating zip_unchange_all.html
#20 12.98 [ 96%] Building C object lib/CMakeFiles/zip.dir/zip_random_unix.c.o
#20 12.98 [ 96%] Generating zip_unchange_archive.html
#20 12.98 [ 96%] Generating zipcmp.html
#20 13.00 [ 98%] Generating ziptool.html
#20 13.00 [ 98%] Generating zipmerge.html
#20 13.10 [100%] Linking C static library libzip.a
#20 13.89 [100%] Built target zip
#20 13.89 [100%] Built target man
#20 13.90 [100%] Building C object examples/CMakeFiles/in-memory.dir/in-memory.c.o
#20 13.99 [100%] Linking C executable in-memory
#20 14.13 [100%] Built target in-memory
#20 14.16 + clang++ -DFUZZING_BUILD_MODE_UNSAFE_FOR_PRODUCTION -pthread -Wl,--no-as-needed -Wl,-ldl -Wl,-lm -Wno-unused-command-line-argument -stdlib=libc++ -O3 -fsanitize-coverage=trace-pc-guard -std=c++11 -I. /src/libzip/regress/zip_read_fuzzer.cc -o /out/zip_read_fuzzer /libAFL.a /src/libzip/build/lib/libzip.a -lz
#20 14.18 /src/libzip/regress/zip_read_fuzzer.cc:1:10: fatal error: 'zip.h' file not found
#20 14.18 #include <zip.h>
#20 14.18          ^~~~~~~
#20 14.19 1 error generated.
#20 14.19 Traceback (most recent call last):
#20 14.19   File "<string>", line 1, in <module>
#20 14.19   File "/src/fuzzers/afl/fuzzer.py", line 40, in build
#20 14.19     utils.build_benchmark()
#20 14.19   File "/src/fuzzers/utils.py", line 82, in build_benchmark
#20 14.19     subprocess.check_call(['/bin/bash', '-ex', build_script], env=env)
#20 14.19   File "/usr/local/lib/python3.8/subprocess.py", line 364, in check_call
#20 14.19     raise CalledProcessError(retcode, cmd)
#20 14.19 subprocess.CalledProcessError: Command '['/bin/bash', '-ex', '/src/build.sh']' returned non-zero exit status 1.
#20 ERROR: executor failed running [/bin/sh -c echo "Run fuzzer_build to build the target" && if [ -z "$debug_builder" ] ; then fuzzer_build; fi]: exit code: 1
------
 > importing cache manifest from gcr.io/fuzzbench/builders/afl/libzip_libzip:
------
------
 > [stage-1 13/13] RUN echo "Run fuzzer_build to build the target" && if [ -z "$debug_builder" ] ; then fuzzer_build; fi:
------
executor failed running [/bin/sh -c echo "Run fuzzer_build to build the target" && if [ -z "$debug_builder" ] ; then fuzzer_build; fi]: exit code: 1
make: *** [docker/generated.mk:2748941: .afl-libzip_libzip-builder] Error 1
