WARNING:root:gcloud not found in PATH.
INFO:root:Successfully integrated benchmark: openvswitch_openvswitch.
INFO:root:Please run "make test-run-afl-openvswitch_openvswitch" to test integration.
#1 [internal] load build definition from Dockerfile
#1 sha256:91abfd7dd8b5ce923d9e80bfa9446481c1f7a46ae65e214d8f7577efed9d7d82
#1 transferring dockerfile: 1.14kB done
#1 DONE 0.0s

#2 [internal] load .dockerignore
#2 sha256:db008cf2670604152353ed31de797bf6d65da133a6edffa2b52b00c18566a9bd
#2 transferring context: 2B done
#2 DONE 0.0s

#3 [internal] load metadata for gcr.io/oss-fuzz-base/base-builder:latest
#3 sha256:f10dc39cc9d418a5bc416dead31a1902b6821fdae909cd3b08f7a3fd1faba7b5
#3 DONE 0.3s

#11 [internal] load build context
#11 sha256:2ffb490f224a584cf7b6eca2b9f8ca4217bdb382f1ffe481afac9d38b86d3127
#11 DONE 0.0s

#5 [1/7] FROM gcr.io/oss-fuzz-base/base-builder@sha256:f4e5ea12494fab091c5d830cf803b3421f2860f729b9d1b07da44924396cf8cf
#5 sha256:ef290950573a2779ee526af357b28fbddfc20d7409aa51f58f777c9e972cba29
#5 DONE 0.0s

#4 importing cache manifest from gcr.io/fuzzbench/builders/benchmark/openvswitch_openvswitch
#4 sha256:5ce1c0a59aa4c05c9bdd2cd4a6b91a13f1ee7ef61376ce0cdb3455f67b66c9b4
#4 ERROR: gcr.io/fuzzbench/builders/benchmark/openvswitch_openvswitch:latest: not found

#5 [1/7] FROM gcr.io/oss-fuzz-base/base-builder@sha256:f4e5ea12494fab091c5d830cf803b3421f2860f729b9d1b07da44924396cf8cf
#5 sha256:ef290950573a2779ee526af357b28fbddfc20d7409aa51f58f777c9e972cba29
#5 CACHED

#11 [internal] load build context
#11 sha256:2ffb490f224a584cf7b6eca2b9f8ca4217bdb382f1ffe481afac9d38b86d3127
#11 transferring context: 1.33kB done
#11 DONE 0.0s

#6 [2/7] RUN apt-get update && apt-get install -y make autoconf automake     libtool python python-pip     libz-dev libssl-dev libssl1.0.0 wget
#6 sha256:9b4a966327c6a1f76424bcb6c7d6e65f0fd231b84bcb348a3a8858903eaad690
#6 0.535 Hit:1 http://ppa.launchpad.net/git-core/ppa/ubuntu focal InRelease
#6 0.535 Hit:2 http://archive.ubuntu.com/ubuntu focal InRelease
#6 0.558 Get:3 http://archive.ubuntu.com/ubuntu focal-updates InRelease [114 kB]
#6 0.657 Get:4 http://archive.ubuntu.com/ubuntu focal-backports InRelease [108 kB]
#6 0.666 Get:5 http://security.ubuntu.com/ubuntu focal-security InRelease [114 kB]
#6 1.061 Get:6 http://archive.ubuntu.com/ubuntu focal-updates/universe i386 Packages [827 kB]
#6 1.171 Get:7 http://archive.ubuntu.com/ubuntu focal-updates/universe amd64 Packages [1134 kB]
#6 1.255 Get:8 http://archive.ubuntu.com/ubuntu focal-updates/main i386 Packages [752 kB]
#6 1.313 Get:9 http://archive.ubuntu.com/ubuntu focal-updates/main amd64 Packages [1973 kB]
#6 1.457 Get:10 http://security.ubuntu.com/ubuntu focal-security/main i386 Packages [464 kB]
#6 1.790 Get:11 http://security.ubuntu.com/ubuntu focal-security/universe i386 Packages [657 kB]
#6 1.907 Get:12 http://security.ubuntu.com/ubuntu focal-security/main amd64 Packages [1546 kB]
#6 2.054 Get:13 http://security.ubuntu.com/ubuntu focal-security/universe amd64 Packages [840 kB]
#6 2.261 Fetched 8529 kB in 2s (4765 kB/s)
#6 2.261 Reading package lists...
#6 3.756 Reading package lists...
#6 5.190 Building dependency tree...
#6 5.404 Reading state information...
#6 5.433 Package libssl1.0.0 is not available, but is referred to by another package.
#6 5.433 This may mean that the package is missing, has been obsoleted, or
#6 5.433 is only available from another source
#6 5.433 
#6 5.433 Package python-pip is not available, but is referred to by another package.
#6 5.433 This may mean that the package is missing, has been obsoleted, or
#6 5.433 is only available from another source
#6 5.433 However the following packages replace it:
#6 5.433   python3-pip
#6 5.433 
#6 5.437 E: Package 'python-pip' has no installation candidate
#6 5.437 E: Package 'libssl1.0.0' has no installation candidate
#6 ERROR: executor failed running [/bin/sh -c apt-get update && apt-get install -y make autoconf automake     libtool python python-pip     libz-dev libssl-dev libssl1.0.0 wget]: exit code: 100
------
 > importing cache manifest from gcr.io/fuzzbench/builders/benchmark/openvswitch_openvswitch:
------
------
 > [2/7] RUN apt-get update && apt-get install -y make autoconf automake     libtool python python-pip     libz-dev libssl-dev libssl1.0.0 wget:
------
executor failed running [/bin/sh -c apt-get update && apt-get install -y make autoconf automake     libtool python python-pip     libz-dev libssl-dev libssl1.0.0 wget]: exit code: 100
make: *** [docker/generated.mk:50514: .openvswitch_openvswitch-project-builder] Error 1
/bin/sh: 1: source: not found
#1 [internal] load build definition from Dockerfile
#1 sha256:2c19394cad91928cbcd14a586c0af1e4568d21e8d54c54b132ee1bbc992709a0
#1 transferring dockerfile: 32B done
#1 DONE 0.0s

#2 [internal] load .dockerignore
#2 sha256:86659823ee820880874903f9addad75ff73d66c291a39c2bb172b7b12fa65d08
#2 transferring context: 2B done
#2 DONE 0.0s

#3 [internal] load metadata for gcr.io/oss-fuzz-base/base-builder:latest
#3 sha256:f10dc39cc9d418a5bc416dead31a1902b6821fdae909cd3b08f7a3fd1faba7b5
#3 DONE 0.4s

#11 [internal] load build context
#11 sha256:4d0349c537a6f8308307921863a046c299e75cddf707f98ce8c9d8845208bf23
#11 DONE 0.0s

#5 [1/7] FROM gcr.io/oss-fuzz-base/base-builder@sha256:f4e5ea12494fab091c5d830cf803b3421f2860f729b9d1b07da44924396cf8cf
#5 sha256:ef290950573a2779ee526af357b28fbddfc20d7409aa51f58f777c9e972cba29
#5 DONE 0.0s

#4 importing cache manifest from gcr.io/fuzzbench/builders/benchmark/openvswitch_openvswitch
#4 sha256:5ce1c0a59aa4c05c9bdd2cd4a6b91a13f1ee7ef61376ce0cdb3455f67b66c9b4
#4 ERROR: gcr.io/fuzzbench/builders/benchmark/openvswitch_openvswitch:latest: not found

#5 [1/7] FROM gcr.io/oss-fuzz-base/base-builder@sha256:f4e5ea12494fab091c5d830cf803b3421f2860f729b9d1b07da44924396cf8cf
#5 sha256:ef290950573a2779ee526af357b28fbddfc20d7409aa51f58f777c9e972cba29
#5 CACHED

#11 [internal] load build context
#11 sha256:4d0349c537a6f8308307921863a046c299e75cddf707f98ce8c9d8845208bf23
#11 transferring context: 30B done
#11 DONE 0.0s

#6 [2/7] RUN apt-get update && apt-get install -y make autoconf automake     libtool python python-pip     libz-dev libssl-dev libssl1.0.0 wget
#6 sha256:9b4a966327c6a1f76424bcb6c7d6e65f0fd231b84bcb348a3a8858903eaad690
#6 0.510 Hit:1 http://ppa.launchpad.net/git-core/ppa/ubuntu focal InRelease
#6 0.510 Hit:2 http://archive.ubuntu.com/ubuntu focal InRelease
#6 0.526 Get:3 http://archive.ubuntu.com/ubuntu focal-updates InRelease [114 kB]
#6 0.626 Get:4 http://archive.ubuntu.com/ubuntu focal-backports InRelease [108 kB]
#6 0.647 Get:5 http://security.ubuntu.com/ubuntu focal-security InRelease [114 kB]
#6 1.038 Get:6 http://archive.ubuntu.com/ubuntu focal-updates/main amd64 Packages [1973 kB]
#6 1.249 Get:7 http://archive.ubuntu.com/ubuntu focal-updates/universe i386 Packages [827 kB]
#6 1.310 Get:8 http://archive.ubuntu.com/ubuntu focal-updates/universe amd64 Packages [1134 kB]
#6 1.394 Get:9 http://archive.ubuntu.com/ubuntu focal-updates/main i386 Packages [752 kB]
#6 1.438 Get:10 http://security.ubuntu.com/ubuntu focal-security/main i386 Packages [464 kB]
#6 1.772 Get:11 http://security.ubuntu.com/ubuntu focal-security/main amd64 Packages [1546 kB]
#6 1.994 Get:12 http://security.ubuntu.com/ubuntu focal-security/universe i386 Packages [657 kB]
#6 2.044 Get:13 http://security.ubuntu.com/ubuntu focal-security/universe amd64 Packages [840 kB]
#6 2.315 Fetched 8529 kB in 2s (4687 kB/s)
#6 2.315 Reading package lists...
#6 3.812 Reading package lists...
#6 5.266 Building dependency tree...
#6 5.479 Reading state information...
#6 5.508 Package libssl1.0.0 is not available, but is referred to by another package.
#6 5.508 This may mean that the package is missing, has been obsoleted, or
#6 5.508 is only available from another source
#6 5.508 
#6 5.508 Package python-pip is not available, but is referred to by another package.
#6 5.508 This may mean that the package is missing, has been obsoleted, or
#6 5.508 is only available from another source
#6 5.508 However the following packages replace it:
#6 5.508   python3-pip
#6 5.508 
#6 5.512 E: Package 'python-pip' has no installation candidate
#6 5.512 E: Package 'libssl1.0.0' has no installation candidate
#6 ERROR: executor failed running [/bin/sh -c apt-get update && apt-get install -y make autoconf automake     libtool python python-pip     libz-dev libssl-dev libssl1.0.0 wget]: exit code: 100
------
 > importing cache manifest from gcr.io/fuzzbench/builders/benchmark/openvswitch_openvswitch:
------
------
 > [2/7] RUN apt-get update && apt-get install -y make autoconf automake     libtool python python-pip     libz-dev libssl-dev libssl1.0.0 wget:
------
executor failed running [/bin/sh -c apt-get update && apt-get install -y make autoconf automake     libtool python python-pip     libz-dev libssl-dev libssl1.0.0 wget]: exit code: 100
make: *** [docker/generated.mk:50514: .openvswitch_openvswitch-project-builder] Error 1
