WARNING:root:gcloud not found in PATH.
INFO:root:Successfully integrated benchmark: wireshark_wireshark.
INFO:root:Please run "make test-run-afl-wireshark_wireshark" to test integration.
#2 [internal] load .dockerignore
#2 sha256:41b32bdee1b491155322bea5e7f97f2052d4271b5e8e3b4a7a4b8514a38423c2
#2 ...

#1 [internal] load build definition from Dockerfile
#1 sha256:e3d861dcd607ad9827527674f9b7444df3729970b6f524227a273ab2212f56cb
#1 transferring dockerfile: 1.16kB done
#1 DONE 0.4s

#2 [internal] load .dockerignore
#2 sha256:41b32bdee1b491155322bea5e7f97f2052d4271b5e8e3b4a7a4b8514a38423c2
#2 transferring context: 2B done
#2 DONE 0.6s

#3 [internal] load metadata for gcr.io/oss-fuzz-base/base-builder:latest
#3 sha256:f10dc39cc9d418a5bc416dead31a1902b6821fdae909cd3b08f7a3fd1faba7b5
#3 DONE 0.4s

#10 [internal] load build context
#10 sha256:a6fe1def0f03c839d6c04aa69abd595a9294146af8c4c00bf949ace1bfc3ede2
#10 DONE 0.0s

#5 [1/6] FROM gcr.io/oss-fuzz-base/base-builder@sha256:f4e5ea12494fab091c5d830cf803b3421f2860f729b9d1b07da44924396cf8cf
#5 sha256:ef290950573a2779ee526af357b28fbddfc20d7409aa51f58f777c9e972cba29
#5 DONE 0.0s

#4 importing cache manifest from gcr.io/fuzzbench/builders/benchmark/wireshark_wireshark
#4 sha256:efa6e184ba4a92197e71f64dbb6f586887af3b1e3a7457e5347df661debc2d6a
#4 ERROR: gcr.io/fuzzbench/builders/benchmark/wireshark_wireshark:latest: not found

#5 [1/6] FROM gcr.io/oss-fuzz-base/base-builder@sha256:f4e5ea12494fab091c5d830cf803b3421f2860f729b9d1b07da44924396cf8cf
#5 sha256:ef290950573a2779ee526af357b28fbddfc20d7409aa51f58f777c9e972cba29
#5 CACHED

#6 [2/6] RUN apt-get update && apt-get install -y make autoconf automake libtool libtool-bin                        flex bison                        libglib2.0-dev libgcrypt20-dev
#6 sha256:5a1045435ffc365284a16054aad06b40f41153e5715f08d3c8881b92598a1b92
#6 ...

#10 [internal] load build context
#10 sha256:a6fe1def0f03c839d6c04aa69abd595a9294146af8c4c00bf949ace1bfc3ede2
#10 transferring context: 1.97kB done
#10 DONE 0.2s

#6 [2/6] RUN apt-get update && apt-get install -y make autoconf automake libtool libtool-bin                        flex bison                        libglib2.0-dev libgcrypt20-dev
#6 sha256:5a1045435ffc365284a16054aad06b40f41153e5715f08d3c8881b92598a1b92
#6 1.134 Hit:1 http://ppa.launchpad.net/git-core/ppa/ubuntu focal InRelease
#6 1.134 Hit:2 http://archive.ubuntu.com/ubuntu focal InRelease
#6 1.151 Get:3 http://archive.ubuntu.com/ubuntu focal-updates InRelease [114 kB]
#6 1.250 Get:4 http://archive.ubuntu.com/ubuntu focal-backports InRelease [108 kB]
#6 1.256 Get:5 http://security.ubuntu.com/ubuntu focal-security InRelease [114 kB]
#6 1.713 Get:6 http://archive.ubuntu.com/ubuntu focal-updates/main amd64 Packages [1973 kB]
#6 1.977 Get:7 http://archive.ubuntu.com/ubuntu focal-updates/universe i386 Packages [827 kB]
#6 2.038 Get:8 http://archive.ubuntu.com/ubuntu focal-updates/main i386 Packages [752 kB]
#6 2.093 Get:9 http://archive.ubuntu.com/ubuntu focal-updates/universe amd64 Packages [1134 kB]
#6 2.154 Get:10 http://security.ubuntu.com/ubuntu focal-security/universe i386 Packages [657 kB]
#6 2.551 Get:11 http://security.ubuntu.com/ubuntu focal-security/main amd64 Packages [1546 kB]
#6 2.739 Get:12 http://security.ubuntu.com/ubuntu focal-security/universe amd64 Packages [840 kB]
#6 3.127 Fetched 8065 kB in 2s (4227 kB/s)
#6 3.127 Reading package lists...
#6 4.829 Reading package lists...
#6 6.253 Building dependency tree...
#6 6.470 Reading state information...
#6 6.682 make is already the newest version (4.2.1-1.2).
#6 6.682 make set to manually installed.
#6 6.682 The following additional packages will be installed:
#6 6.683   autotools-dev libblkid-dev libffi-dev libfl-dev libfl2 libglib2.0-dev-bin
#6 6.683   libgpg-error-dev libltdl-dev libltdl7 libmount-dev libpcre16-3 libpcre2-16-0
#6 6.683   libpcre2-32-0 libpcre2-dev libpcre2-posix2 libpcre3-dev libpcre32-3
#6 6.683   libpcrecpp0v5 libselinux1-dev libsepol1-dev libsigsegv2 m4 pkg-config
#6 6.684   python3-distutils python3-lib2to3 uuid-dev zlib1g-dev
#6 6.686 Suggested packages:
#6 6.686   autoconf-archive gnu-standards autoconf-doc gettext bison-doc flex-doc
#6 6.686   libgcrypt20-doc libgirepository1.0-dev libglib2.0-doc libgdk-pixbuf2.0-bin
#6 6.686   | libgdk-pixbuf2.0-dev libxml2-utils libtool-doc gfortran
#6 6.686   | fortran95-compiler gcj-jdk m4-doc
#6 6.794 The following NEW packages will be installed:
#6 6.794   autoconf automake autotools-dev bison flex libblkid-dev libffi-dev libfl-dev
#6 6.795   libfl2 libgcrypt20-dev libglib2.0-dev libglib2.0-dev-bin libgpg-error-dev
#6 6.795   libltdl-dev libltdl7 libmount-dev libpcre16-3 libpcre2-16-0 libpcre2-32-0
#6 6.795   libpcre2-dev libpcre2-posix2 libpcre3-dev libpcre32-3 libpcrecpp0v5
#6 6.796   libselinux1-dev libsepol1-dev libsigsegv2 libtool libtool-bin m4 pkg-config
#6 6.796   python3-distutils python3-lib2to3 uuid-dev zlib1g-dev
#6 6.872 0 upgraded, 35 newly installed, 0 to remove and 2 not upgraded.
#6 6.872 Need to get 7922 kB of archives.
#6 6.872 After this operation, 38.6 MB of additional disk space will be used.
#6 6.872 Get:1 http://archive.ubuntu.com/ubuntu focal/main amd64 libsigsegv2 amd64 2.12-2 [13.9 kB]
#6 6.898 Get:2 http://archive.ubuntu.com/ubuntu focal/main amd64 m4 amd64 1.4.18-4 [199 kB]
#6 6.965 Get:3 http://archive.ubuntu.com/ubuntu focal/main amd64 flex amd64 2.6.4-6.2 [317 kB]
#6 6.997 Get:4 http://archive.ubuntu.com/ubuntu focal/main amd64 autoconf all 2.69-11.1 [321 kB]
#6 7.020 Get:5 http://archive.ubuntu.com/ubuntu focal/main amd64 autotools-dev all 20180224.1 [39.6 kB]
#6 7.023 Get:6 http://archive.ubuntu.com/ubuntu focal/main amd64 automake all 1:1.16.1-4ubuntu6 [522 kB]
#6 7.062 Get:7 http://archive.ubuntu.com/ubuntu focal/main amd64 bison amd64 2:3.5.1+dfsg-1 [657 kB]
#6 7.111 Get:8 http://archive.ubuntu.com/ubuntu focal/main amd64 libfl2 amd64 2.6.4-6.2 [11.5 kB]
#6 7.111 Get:9 http://archive.ubuntu.com/ubuntu focal/main amd64 libfl-dev amd64 2.6.4-6.2 [6316 B]
#6 7.112 Get:10 http://archive.ubuntu.com/ubuntu focal/main amd64 libgpg-error-dev amd64 1.37-1 [109 kB]
#6 7.120 Get:11 http://archive.ubuntu.com/ubuntu focal-updates/main amd64 libgcrypt20-dev amd64 1.8.5-5ubuntu1.1 [471 kB]
#6 7.155 Get:12 http://archive.ubuntu.com/ubuntu focal/main amd64 libffi-dev amd64 3.3-4 [57.0 kB]
#6 7.159 Get:13 http://archive.ubuntu.com/ubuntu focal-updates/main amd64 python3-lib2to3 all 3.8.10-0ubuntu1~20.04 [76.3 kB]
#6 7.165 Get:14 http://archive.ubuntu.com/ubuntu focal-updates/main amd64 python3-distutils all 3.8.10-0ubuntu1~20.04 [141 kB]
#6 7.176 Get:15 http://archive.ubuntu.com/ubuntu focal-updates/main amd64 libglib2.0-dev-bin amd64 2.64.6-1~ubuntu20.04.4 [109 kB]
#6 7.184 Get:16 http://archive.ubuntu.com/ubuntu focal-updates/main amd64 uuid-dev amd64 2.34-0.1ubuntu9.3 [33.6 kB]
#6 7.205 Get:17 http://archive.ubuntu.com/ubuntu focal-updates/main amd64 libblkid-dev amd64 2.34-0.1ubuntu9.3 [167 kB]
#6 7.218 Get:18 http://archive.ubuntu.com/ubuntu focal-updates/main amd64 libmount-dev amd64 2.34-0.1ubuntu9.3 [176 kB]
#6 7.230 Get:19 http://archive.ubuntu.com/ubuntu focal/main amd64 libpcre16-3 amd64 2:8.39-12build1 [150 kB]
#6 7.242 Get:20 http://archive.ubuntu.com/ubuntu focal/main amd64 libpcre32-3 amd64 2:8.39-12build1 [140 kB]
#6 7.252 Get:21 http://archive.ubuntu.com/ubuntu focal/main amd64 libpcrecpp0v5 amd64 2:8.39-12build1 [15.5 kB]
#6 7.254 Get:22 http://archive.ubuntu.com/ubuntu focal/main amd64 libpcre3-dev amd64 2:8.39-12build1 [540 kB]
#6 7.293 Get:23 http://archive.ubuntu.com/ubuntu focal/main amd64 libsepol1-dev amd64 3.0-1 [325 kB]
#6 7.317 Get:24 http://archive.ubuntu.com/ubuntu focal/main amd64 libpcre2-16-0 amd64 10.34-7 [181 kB]
#6 7.331 Get:25 http://archive.ubuntu.com/ubuntu focal/main amd64 libpcre2-32-0 amd64 10.34-7 [169 kB]
#6 7.343 Get:26 http://archive.ubuntu.com/ubuntu focal/main amd64 libpcre2-posix2 amd64 10.34-7 [5992 B]
#6 7.344 Get:27 http://archive.ubuntu.com/ubuntu focal/main amd64 libpcre2-dev amd64 10.34-7 [670 kB]
#6 7.393 Get:28 http://archive.ubuntu.com/ubuntu focal/main amd64 libselinux1-dev amd64 3.0-1build2 [151 kB]
#6 7.404 Get:29 http://archive.ubuntu.com/ubuntu focal/main amd64 pkg-config amd64 0.29.1-0ubuntu4 [45.5 kB]
#6 7.408 Get:30 http://archive.ubuntu.com/ubuntu focal-updates/main amd64 zlib1g-dev amd64 1:1.2.11.dfsg-2ubuntu1.2 [155 kB]
#6 7.419 Get:31 http://archive.ubuntu.com/ubuntu focal-updates/main amd64 libglib2.0-dev amd64 2.64.6-1~ubuntu20.04.4 [1506 kB]
#6 7.532 Get:32 http://archive.ubuntu.com/ubuntu focal/main amd64 libltdl7 amd64 2.4.6-14 [38.5 kB]
#6 7.534 Get:33 http://archive.ubuntu.com/ubuntu focal/main amd64 libltdl-dev amd64 2.4.6-14 [162 kB]
#6 7.546 Get:34 http://archive.ubuntu.com/ubuntu focal/main amd64 libtool all 2.4.6-14 [161 kB]
#6 7.559 Get:35 http://archive.ubuntu.com/ubuntu focal/main amd64 libtool-bin amd64 2.4.6-14 [80.1 kB]
#6 7.866 debconf: delaying package configuration, since apt-utils is not installed
#6 7.956 Fetched 7922 kB in 1s (10.5 MB/s)
#6 8.077 Selecting previously unselected package libsigsegv2:amd64.
#6 8.077 (Reading database ... (Reading database ... 5%(Reading database ... 10%(Reading database ... 15%(Reading database ... 20%(Reading database ... 25%(Reading database ... 30%(Reading database ... 35%(Reading database ... 40%(Reading database ... 45%(Reading database ... 50%(Reading database ... 55%(Reading database ... 60%(Reading database ... 65%(Reading database ... 70%(Reading database ... 75%(Reading database ... 80%(Reading database ... 85%(Reading database ... 90%(Reading database ... 95%(Reading database ... 100%(Reading database ... 21291 files and directories currently installed.)
#6 8.105 Preparing to unpack .../00-libsigsegv2_2.12-2_amd64.deb ...
#6 8.139 Unpacking libsigsegv2:amd64 (2.12-2) ...
#6 8.264 Selecting previously unselected package m4.
#6 8.267 Preparing to unpack .../01-m4_1.4.18-4_amd64.deb ...
#6 8.289 Unpacking m4 (1.4.18-4) ...
#6 8.461 Selecting previously unselected package flex.
#6 8.463 Preparing to unpack .../02-flex_2.6.4-6.2_amd64.deb ...
#6 8.482 Unpacking flex (2.6.4-6.2) ...
#6 8.639 Selecting previously unselected package autoconf.
#6 8.642 Preparing to unpack .../03-autoconf_2.69-11.1_all.deb ...
#6 8.660 Unpacking autoconf (2.69-11.1) ...
#6 8.813 Selecting previously unselected package autotools-dev.
#6 8.816 Preparing to unpack .../04-autotools-dev_20180224.1_all.deb ...
#6 8.833 Unpacking autotools-dev (20180224.1) ...
#6 8.958 Selecting previously unselected package automake.
#6 8.961 Preparing to unpack .../05-automake_1%3a1.16.1-4ubuntu6_all.deb ...
#6 8.974 Unpacking automake (1:1.16.1-4ubuntu6) ...
#6 9.171 Selecting previously unselected package bison.
#6 9.174 Preparing to unpack .../06-bison_2%3a3.5.1+dfsg-1_amd64.deb ...
#6 9.196 Unpacking bison (2:3.5.1+dfsg-1) ...
#6 9.371 Selecting previously unselected package libfl2:amd64.
#6 9.374 Preparing to unpack .../07-libfl2_2.6.4-6.2_amd64.deb ...
#6 9.393 Unpacking libfl2:amd64 (2.6.4-6.2) ...
#6 9.503 Selecting previously unselected package libfl-dev:amd64.
#6 9.506 Preparing to unpack .../08-libfl-dev_2.6.4-6.2_amd64.deb ...
#6 9.534 Unpacking libfl-dev:amd64 (2.6.4-6.2) ...
#6 9.669 Selecting previously unselected package libgpg-error-dev.
#6 9.672 Preparing to unpack .../09-libgpg-error-dev_1.37-1_amd64.deb ...
#6 9.696 Unpacking libgpg-error-dev (1.37-1) ...
#6 9.839 Selecting previously unselected package libgcrypt20-dev.
#6 9.842 Preparing to unpack .../10-libgcrypt20-dev_1.8.5-5ubuntu1.1_amd64.deb ...
#6 9.859 Unpacking libgcrypt20-dev (1.8.5-5ubuntu1.1) ...
#6 10.06 Selecting previously unselected package libffi-dev:amd64.
#6 10.06 Preparing to unpack .../11-libffi-dev_3.3-4_amd64.deb ...
#6 10.09 Unpacking libffi-dev:amd64 (3.3-4) ...
#6 10.25 Selecting previously unselected package python3-lib2to3.
#6 10.25 Preparing to unpack .../12-python3-lib2to3_3.8.10-0ubuntu1~20.04_all.deb ...
#6 10.27 Unpacking python3-lib2to3 (3.8.10-0ubuntu1~20.04) ...
#6 10.45 Selecting previously unselected package python3-distutils.
#6 10.45 Preparing to unpack .../13-python3-distutils_3.8.10-0ubuntu1~20.04_all.deb ...
#6 10.47 Unpacking python3-distutils (3.8.10-0ubuntu1~20.04) ...
#6 10.61 Selecting previously unselected package libglib2.0-dev-bin.
#6 10.62 Preparing to unpack .../14-libglib2.0-dev-bin_2.64.6-1~ubuntu20.04.4_amd64.deb ...
#6 10.64 Unpacking libglib2.0-dev-bin (2.64.6-1~ubuntu20.04.4) ...
#6 10.75 Selecting previously unselected package uuid-dev:amd64.
#6 10.75 Preparing to unpack .../15-uuid-dev_2.34-0.1ubuntu9.3_amd64.deb ...
#6 10.77 Unpacking uuid-dev:amd64 (2.34-0.1ubuntu9.3) ...
#6 10.90 Selecting previously unselected package libblkid-dev:amd64.
#6 10.90 Preparing to unpack .../16-libblkid-dev_2.34-0.1ubuntu9.3_amd64.deb ...
#6 10.93 Unpacking libblkid-dev:amd64 (2.34-0.1ubuntu9.3) ...
#6 11.00 Selecting previously unselected package libmount-dev:amd64.
#6 11.01 Preparing to unpack .../17-libmount-dev_2.34-0.1ubuntu9.3_amd64.deb ...
#6 11.01 Unpacking libmount-dev:amd64 (2.34-0.1ubuntu9.3) ...
#6 11.07 Selecting previously unselected package libpcre16-3:amd64.
#6 11.08 Preparing to unpack .../18-libpcre16-3_2%3a8.39-12build1_amd64.deb ...
#6 11.08 Unpacking libpcre16-3:amd64 (2:8.39-12build1) ...
#6 11.16 Selecting previously unselected package libpcre32-3:amd64.
#6 11.16 Preparing to unpack .../19-libpcre32-3_2%3a8.39-12build1_amd64.deb ...
#6 11.17 Unpacking libpcre32-3:amd64 (2:8.39-12build1) ...
#6 11.24 Selecting previously unselected package libpcrecpp0v5:amd64.
#6 11.24 Preparing to unpack .../20-libpcrecpp0v5_2%3a8.39-12build1_amd64.deb ...
#6 11.24 Unpacking libpcrecpp0v5:amd64 (2:8.39-12build1) ...
#6 11.28 Selecting previously unselected package libpcre3-dev:amd64.
#6 11.28 Preparing to unpack .../21-libpcre3-dev_2%3a8.39-12build1_amd64.deb ...
#6 11.29 Unpacking libpcre3-dev:amd64 (2:8.39-12build1) ...
#6 11.39 Selecting previously unselected package libsepol1-dev:amd64.
#6 11.39 Preparing to unpack .../22-libsepol1-dev_3.0-1_amd64.deb ...
#6 11.39 Unpacking libsepol1-dev:amd64 (3.0-1) ...
#6 11.49 Selecting previously unselected package libpcre2-16-0:amd64.
#6 11.49 Preparing to unpack .../23-libpcre2-16-0_10.34-7_amd64.deb ...
#6 11.50 Unpacking libpcre2-16-0:amd64 (10.34-7) ...
#6 11.57 Selecting previously unselected package libpcre2-32-0:amd64.
#6 11.57 Preparing to unpack .../24-libpcre2-32-0_10.34-7_amd64.deb ...
#6 11.58 Unpacking libpcre2-32-0:amd64 (10.34-7) ...
#6 11.65 Selecting previously unselected package libpcre2-posix2:amd64.
#6 11.65 Preparing to unpack .../25-libpcre2-posix2_10.34-7_amd64.deb ...
#6 11.66 Unpacking libpcre2-posix2:amd64 (10.34-7) ...
#6 11.70 Selecting previously unselected package libpcre2-dev:amd64.
#6 11.70 Preparing to unpack .../26-libpcre2-dev_10.34-7_amd64.deb ...
#6 11.70 Unpacking libpcre2-dev:amd64 (10.34-7) ...
#6 11.82 Selecting previously unselected package libselinux1-dev:amd64.
#6 11.82 Preparing to unpack .../27-libselinux1-dev_3.0-1build2_amd64.deb ...
#6 11.83 Unpacking libselinux1-dev:amd64 (3.0-1build2) ...
#6 11.90 Selecting previously unselected package pkg-config.
#6 11.90 Preparing to unpack .../28-pkg-config_0.29.1-0ubuntu4_amd64.deb ...
#6 11.91 Unpacking pkg-config (0.29.1-0ubuntu4) ...
#6 11.95 Selecting previously unselected package zlib1g-dev:amd64.
#6 11.95 Preparing to unpack .../29-zlib1g-dev_1%3a1.2.11.dfsg-2ubuntu1.2_amd64.deb ...
#6 11.96 Unpacking zlib1g-dev:amd64 (1:1.2.11.dfsg-2ubuntu1.2) ...
#6 12.02 Selecting previously unselected package libglib2.0-dev:amd64.
#6 12.02 Preparing to unpack .../30-libglib2.0-dev_2.64.6-1~ubuntu20.04.4_amd64.deb ...
#6 12.03 Unpacking libglib2.0-dev:amd64 (2.64.6-1~ubuntu20.04.4) ...
#6 12.29 Selecting previously unselected package libltdl7:amd64.
#6 12.30 Preparing to unpack .../31-libltdl7_2.4.6-14_amd64.deb ...
#6 12.30 Unpacking libltdl7:amd64 (2.4.6-14) ...
#6 12.34 Selecting previously unselected package libltdl-dev:amd64.
#6 12.34 Preparing to unpack .../32-libltdl-dev_2.4.6-14_amd64.deb ...
#6 12.35 Unpacking libltdl-dev:amd64 (2.4.6-14) ...
#6 12.41 Selecting previously unselected package libtool.
#6 12.41 Preparing to unpack .../33-libtool_2.4.6-14_all.deb ...
#6 12.42 Unpacking libtool (2.4.6-14) ...
#6 12.67 Selecting previously unselected package libtool-bin.
#6 12.67 Preparing to unpack .../34-libtool-bin_2.4.6-14_amd64.deb ...
#6 12.69 Unpacking libtool-bin (2.4.6-14) ...
#6 12.82 Setting up libpcrecpp0v5:amd64 (2:8.39-12build1) ...
#6 12.90 Setting up libpcre16-3:amd64 (2:8.39-12build1) ...
#6 12.96 Setting up libsepol1-dev:amd64 (3.0-1) ...
#6 13.02 Setting up libffi-dev:amd64 (3.3-4) ...
#6 13.07 Setting up libpcre2-16-0:amd64 (10.34-7) ...
#6 13.13 Setting up autotools-dev (20180224.1) ...
#6 13.18 Setting up libpcre2-32-0:amd64 (10.34-7) ...
#6 13.24 Setting up libgpg-error-dev (1.37-1) ...
#6 13.28 Setting up uuid-dev:amd64 (2.34-0.1ubuntu9.3) ...
#6 13.33 Setting up libsigsegv2:amd64 (2.12-2) ...
#6 13.38 Setting up libpcre32-3:amd64 (2:8.39-12build1) ...
#6 13.42 Setting up pkg-config (0.29.1-0ubuntu4) ...
#6 13.56 Setting up libfl2:amd64 (2.6.4-6.2) ...
#6 13.60 Setting up libpcre2-posix2:amd64 (10.34-7) ...
#6 13.65 Setting up libltdl7:amd64 (2.4.6-14) ...
#6 13.70 Setting up zlib1g-dev:amd64 (1:1.2.11.dfsg-2ubuntu1.2) ...
#6 13.76 Setting up python3-lib2to3 (3.8.10-0ubuntu1~20.04) ...
#6 13.99 Setting up python3-distutils (3.8.10-0ubuntu1~20.04) ...
#6 14.24 Setting up libglib2.0-dev-bin (2.64.6-1~ubuntu20.04.4) ...
#6 14.54 Setting up libblkid-dev:amd64 (2.34-0.1ubuntu9.3) ...
#6 14.60 Setting up libpcre2-dev:amd64 (10.34-7) ...
#6 14.66 Setting up libtool (2.4.6-14) ...
#6 14.69 Setting up libselinux1-dev:amd64 (3.0-1build2) ...
#6 14.70 Setting up libpcre3-dev:amd64 (2:8.39-12build1) ...
#6 14.72 Setting up m4 (1.4.18-4) ...
#6 14.73 Setting up libgcrypt20-dev (1.8.5-5ubuntu1.1) ...
#6 14.75 Setting up autoconf (2.69-11.1) ...
#6 14.77 Setting up bison (2:3.5.1+dfsg-1) ...
#6 14.79 update-alternatives: using /usr/bin/bison.yacc to provide /usr/bin/yacc (yacc) in auto mode
#6 14.79 update-alternatives: warning: skip creation of /usr/share/man/man1/yacc.1.gz because associated file /usr/share/man/man1/bison.yacc.1.gz (of link group yacc) doesn't exist
#6 14.80 Setting up libmount-dev:amd64 (2.34-0.1ubuntu9.3) ...
#6 14.82 Setting up automake (1:1.16.1-4ubuntu6) ...
#6 14.83 update-alternatives: using /usr/bin/automake-1.16 to provide /usr/bin/automake (automake) in auto mode
#6 14.83 update-alternatives: warning: skip creation of /usr/share/man/man1/automake.1.gz because associated file /usr/share/man/man1/automake-1.16.1.gz (of link group automake) doesn't exist
#6 14.83 update-alternatives: warning: skip creation of /usr/share/man/man1/aclocal.1.gz because associated file /usr/share/man/man1/aclocal-1.16.1.gz (of link group automake) doesn't exist
#6 14.84 Setting up libtool-bin (2.4.6-14) ...
#6 15.06 Setting up flex (2.6.4-6.2) ...
#6 15.16 Setting up libfl-dev:amd64 (2.6.4-6.2) ...
#6 15.26 Setting up libltdl-dev:amd64 (2.4.6-14) ...
#6 15.34 Setting up libglib2.0-dev:amd64 (2.64.6-1~ubuntu20.04.4) ...
#6 15.38 Processing triggers for libc-bin (2.31-0ubuntu9.2) ...
#6 15.66 Processing triggers for libglib2.0-0:amd64 (2.64.6-1~ubuntu20.04.4) ...
#6 DONE 16.4s

#7 [3/6] RUN git clone --depth=1 https://code.wireshark.org/review/wireshark
#7 sha256:18a75e842ed2ba6d323dabda4b84fb20da26518234ac6261fabeec57ec41ae78
#7 0.638 Cloning into 'wireshark'...
#7 0.728 fatal: unable to access 'https://code.wireshark.org/review/wireshark/': Could not resolve host: code.wireshark.org
#7 ERROR: executor failed running [/bin/sh -c git clone --depth=1 https://code.wireshark.org/review/wireshark]: exit code: 128
------
 > importing cache manifest from gcr.io/fuzzbench/builders/benchmark/wireshark_wireshark:
------
------
 > [3/6] RUN git clone --depth=1 https://code.wireshark.org/review/wireshark:
------
executor failed running [/bin/sh -c git clone --depth=1 https://code.wireshark.org/review/wireshark]: exit code: 128
make: *** [docker/generated.mk:70590: .wireshark_wireshark-project-builder] Error 1
/bin/sh: 1: source: not found
#2 [internal] load .dockerignore
#2 sha256:dc49b862e93217f52a132c15a64b3f918faff1f4480de47298edf7b1f930b52b
#2 transferring context: 2B done
#2 DONE 0.2s

#1 [internal] load build definition from Dockerfile
#1 sha256:c84a330a18e9cac6039381501f5ed36e042b769e7e08544613017b83c26dbf07
#1 transferring dockerfile: 32B done
#1 DONE 0.2s

#3 [internal] load metadata for gcr.io/oss-fuzz-base/base-builder:latest
#3 sha256:f10dc39cc9d418a5bc416dead31a1902b6821fdae909cd3b08f7a3fd1faba7b5
#3 DONE 0.4s

#10 [internal] load build context
#10 sha256:a60988b21df449552d0a28baf6aa25acc4c39467857871115ab84b956ca0985f
#10 DONE 0.0s

#5 [1/6] FROM gcr.io/oss-fuzz-base/base-builder@sha256:f4e5ea12494fab091c5d830cf803b3421f2860f729b9d1b07da44924396cf8cf
#5 sha256:ef290950573a2779ee526af357b28fbddfc20d7409aa51f58f777c9e972cba29
#5 DONE 0.0s

#4 importing cache manifest from gcr.io/fuzzbench/builders/benchmark/wireshark_wireshark
#4 sha256:efa6e184ba4a92197e71f64dbb6f586887af3b1e3a7457e5347df661debc2d6a
#4 ERROR: gcr.io/fuzzbench/builders/benchmark/wireshark_wireshark:latest: not found

#6 [2/6] RUN apt-get update && apt-get install -y make autoconf automake libtool libtool-bin                        flex bison                        libglib2.0-dev libgcrypt20-dev
#6 sha256:5a1045435ffc365284a16054aad06b40f41153e5715f08d3c8881b92598a1b92
#6 CACHED

#10 [internal] load build context
#10 sha256:a60988b21df449552d0a28baf6aa25acc4c39467857871115ab84b956ca0985f
#10 transferring context: 30B done
#10 DONE 0.3s

#7 [3/6] RUN git clone --depth=1 https://code.wireshark.org/review/wireshark
#7 sha256:18a75e842ed2ba6d323dabda4b84fb20da26518234ac6261fabeec57ec41ae78
#7 0.799 Cloning into 'wireshark'...
#7 0.817 fatal: unable to access 'https://code.wireshark.org/review/wireshark/': Could not resolve host: code.wireshark.org
#7 ERROR: executor failed running [/bin/sh -c git clone --depth=1 https://code.wireshark.org/review/wireshark]: exit code: 128
------
 > importing cache manifest from gcr.io/fuzzbench/builders/benchmark/wireshark_wireshark:
------
------
 > [3/6] RUN git clone --depth=1 https://code.wireshark.org/review/wireshark:
------
executor failed running [/bin/sh -c git clone --depth=1 https://code.wireshark.org/review/wireshark]: exit code: 128
make: *** [docker/generated.mk:70590: .wireshark_wireshark-project-builder] Error 1
