WARNING:root:gcloud not found in PATH.
INFO:root:Successfully integrated benchmark: syzkaller_syzkaller.
INFO:root:Please run "make test-run-afl-syzkaller_syzkaller" to test integration.
#2 [internal] load .dockerignore
#2 sha256:0afc423e00033edc005171bf2df1a5942387d031fd457a6ed28fc7d248ed515a
#2 ...

#1 [internal] load build definition from Dockerfile
#1 sha256:b97b8b2faeccfbc6e5721c10f30f45fb263e93d862694b2d292398b4c3817c5b
#1 transferring dockerfile: 1.03kB done
#1 DONE 0.9s

#2 [internal] load .dockerignore
#2 sha256:0afc423e00033edc005171bf2df1a5942387d031fd457a6ed28fc7d248ed515a
#2 transferring context: 2B done
#2 DONE 1.0s

#3 [internal] load metadata for gcr.io/oss-fuzz-base/base-builder:latest
#3 sha256:f10dc39cc9d418a5bc416dead31a1902b6821fdae909cd3b08f7a3fd1faba7b5
#3 DONE 0.4s

#9 [internal] load build context
#9 sha256:627d8db573da312fcf78077886602424fa7101b5635b6a9334716f3665e4f514
#9 DONE 0.0s

#5 [1/5] FROM gcr.io/oss-fuzz-base/base-builder@sha256:4ad017ca53699eda684c1c444948c93a4af848fe34baee3a765d3c4693fe6a56
#5 sha256:3f10b3978a3951f6e2692fa5e5890ee5a755650381dedece7198ed0b1dcdaa8c
#5 DONE 0.0s

#4 importing cache manifest from gcr.io/fuzzbench/builders/benchmark/syzkaller_syzkaller
#4 sha256:2f70156c2839b8d43720a7f858bda5d02bc7bc29ba2faef2f8d67689abb4e3f5
#4 ERROR: gcr.io/fuzzbench/builders/benchmark/syzkaller_syzkaller:latest: not found

#5 [1/5] FROM gcr.io/oss-fuzz-base/base-builder@sha256:4ad017ca53699eda684c1c444948c93a4af848fe34baee3a765d3c4693fe6a56
#5 sha256:3f10b3978a3951f6e2692fa5e5890ee5a755650381dedece7198ed0b1dcdaa8c
#5 CACHED

#6 [2/5] RUN go get -u -d github.com/google/syzkaller/prog
#6 sha256:0566111bc10eb28da3486a2e181439bd4689142a6764b82d53a5f7a923543659
#6 ...

#9 [internal] load build context
#9 sha256:627d8db573da312fcf78077886602424fa7101b5635b6a9334716f3665e4f514
#9 transferring context: 1.20kB done
#9 DONE 0.2s

#6 [2/5] RUN go get -u -d github.com/google/syzkaller/prog
#6 sha256:0566111bc10eb28da3486a2e181439bd4689142a6764b82d53a5f7a923543659
#6 0.546 /bin/sh: 1: go: not found
#6 ERROR: executor failed running [/bin/sh -c go get -u -d github.com/google/syzkaller/prog]: exit code: 127
------
 > importing cache manifest from gcr.io/fuzzbench/builders/benchmark/syzkaller_syzkaller:
------
------
 > [2/5] RUN go get -u -d github.com/google/syzkaller/prog:
------
executor failed running [/bin/sh -c go get -u -d github.com/google/syzkaller/prog]: exit code: 127
make: *** [docker/generated.mk:65311: .syzkaller_syzkaller-project-builder] Error 1
/bin/sh: 1: source: not found
#1 [internal] load build definition from Dockerfile
#1 sha256:6ae31f64d4d838822d72e51a1bda0f086e4e68ec3859c359a7e7e5f9dcb3996e
#1 transferring dockerfile: 32B done
#1 DONE 0.3s

#2 [internal] load .dockerignore
#2 sha256:05d6fa79730106b9b0265382fc1a4c11a9e21597ea82c996333d7008af7ad360
#2 transferring context: 2B done
#2 DONE 0.4s

#3 [internal] load metadata for gcr.io/oss-fuzz-base/base-builder:latest
#3 sha256:f10dc39cc9d418a5bc416dead31a1902b6821fdae909cd3b08f7a3fd1faba7b5
#3 DONE 0.4s

#9 [internal] load build context
#9 sha256:229c79d44ae431b602436873fee071ef3e397f73b7f3454a39509c5558acf12c
#9 DONE 0.0s

#5 [1/5] FROM gcr.io/oss-fuzz-base/base-builder@sha256:4ad017ca53699eda684c1c444948c93a4af848fe34baee3a765d3c4693fe6a56
#5 sha256:3f10b3978a3951f6e2692fa5e5890ee5a755650381dedece7198ed0b1dcdaa8c
#5 DONE 0.0s

#4 importing cache manifest from gcr.io/fuzzbench/builders/benchmark/syzkaller_syzkaller
#4 sha256:2f70156c2839b8d43720a7f858bda5d02bc7bc29ba2faef2f8d67689abb4e3f5
#4 ERROR: gcr.io/fuzzbench/builders/benchmark/syzkaller_syzkaller:latest: not found

#5 [1/5] FROM gcr.io/oss-fuzz-base/base-builder@sha256:4ad017ca53699eda684c1c444948c93a4af848fe34baee3a765d3c4693fe6a56
#5 sha256:3f10b3978a3951f6e2692fa5e5890ee5a755650381dedece7198ed0b1dcdaa8c
#5 CACHED

#9 [internal] load build context
#9 sha256:229c79d44ae431b602436873fee071ef3e397f73b7f3454a39509c5558acf12c
#9 transferring context: 30B done
#9 DONE 0.2s

#6 [2/5] RUN go get -u -d github.com/google/syzkaller/prog
#6 sha256:0566111bc10eb28da3486a2e181439bd4689142a6764b82d53a5f7a923543659
#6 0.632 /bin/sh: 1: go: not found
#6 ERROR: executor failed running [/bin/sh -c go get -u -d github.com/google/syzkaller/prog]: exit code: 127
------
 > importing cache manifest from gcr.io/fuzzbench/builders/benchmark/syzkaller_syzkaller:
------
------
 > [2/5] RUN go get -u -d github.com/google/syzkaller/prog:
------
executor failed running [/bin/sh -c go get -u -d github.com/google/syzkaller/prog]: exit code: 127
make: *** [docker/generated.mk:65311: .syzkaller_syzkaller-project-builder] Error 1
