WARNING:root:gcloud not found in PATH.
INFO:root:Successfully integrated benchmark: sqlite3_sqlite3.
INFO:root:Please run "make test-run-afl-sqlite3_sqlite3" to test integration.
#1 [internal] load build definition from Dockerfile
#1 sha256:c8a1f5d6fe49a3f3994f1e7d2f51fc03978cd9578b252850110286235f48b889
#1 transferring dockerfile: 1.21kB done
#1 DONE 0.1s

#2 [internal] load .dockerignore
#2 sha256:9ff506b1ffc51ab955955bbd4cc14e9f2ca17fe6049c68b6cd532d2d1670e2a6
#2 transferring context: 2B done
#2 DONE 0.1s

#3 [internal] load metadata for gcr.io/oss-fuzz-base/base-builder:latest
#3 sha256:f10dc39cc9d418a5bc416dead31a1902b6821fdae909cd3b08f7a3fd1faba7b5
#3 DONE 0.5s

#10 [internal] load build context
#10 sha256:3df44fe39e8cddd0e26b5b8ac329df0ad57c92e8cc17a4bf57b560e4f04a98e2
#10 DONE 0.0s

#5 [1/6] FROM gcr.io/oss-fuzz-base/base-builder@sha256:f4e5ea12494fab091c5d830cf803b3421f2860f729b9d1b07da44924396cf8cf
#5 sha256:ef290950573a2779ee526af357b28fbddfc20d7409aa51f58f777c9e972cba29
#5 DONE 0.0s

#4 importing cache manifest from gcr.io/fuzzbench/builders/benchmark/sqlite3_sqlite3
#4 sha256:91896f4e038617e6b1e00ee8f0f5f06343a4de4831f0b880e4a94242c1be35a6
#4 ERROR: gcr.io/fuzzbench/builders/benchmark/sqlite3_sqlite3:latest: not found

#5 [1/6] FROM gcr.io/oss-fuzz-base/base-builder@sha256:f4e5ea12494fab091c5d830cf803b3421f2860f729b9d1b07da44924396cf8cf
#5 sha256:ef290950573a2779ee526af357b28fbddfc20d7409aa51f58f777c9e972cba29
#5 CACHED

#10 [internal] load build context
#10 sha256:3df44fe39e8cddd0e26b5b8ac329df0ad57c92e8cc17a4bf57b560e4f04a98e2
#10 transferring context: 9.91kB done
#10 DONE 0.1s

#6 [2/6] RUN apt-get update && apt-get install -y make autoconf automake libtool curl tcl zlib1g-dev
#6 sha256:c22cf9cbf656d24a8d3bc88f8b6b8fcf0ea60b794ac9d7261a562e7d75e776ac
#6 0.632 Hit:1 http://archive.ubuntu.com/ubuntu focal InRelease
#6 0.632 Get:2 http://security.ubuntu.com/ubuntu focal-security InRelease [114 kB]
#6 0.632 Hit:3 http://ppa.launchpad.net/git-core/ppa/ubuntu focal InRelease
#6 0.633 Get:4 http://archive.ubuntu.com/ubuntu focal-updates InRelease [114 kB]
#6 0.723 Get:5 http://archive.ubuntu.com/ubuntu focal-backports InRelease [108 kB]
#6 1.022 Get:6 http://security.ubuntu.com/ubuntu focal-security/main i386 Packages [464 kB]
#6 1.116 Get:7 http://security.ubuntu.com/ubuntu focal-security/universe i386 Packages [657 kB]
#6 1.156 Get:8 http://archive.ubuntu.com/ubuntu focal-updates/main amd64 Packages [1973 kB]
#6 1.172 Get:9 http://security.ubuntu.com/ubuntu focal-security/main amd64 Packages [1546 kB]
#6 1.312 Get:10 http://security.ubuntu.com/ubuntu focal-security/universe amd64 Packages [840 kB]
#6 1.653 Get:11 http://archive.ubuntu.com/ubuntu focal-updates/main i386 Packages [752 kB]
#6 1.726 Get:12 http://archive.ubuntu.com/ubuntu focal-updates/universe amd64 Packages [1134 kB]
#6 1.812 Get:13 http://archive.ubuntu.com/ubuntu focal-updates/universe i386 Packages [827 kB]
#6 2.083 Fetched 8529 kB in 1s (5826 kB/s)
#6 2.083 Reading package lists...
#6 4.030 Reading package lists...
#6 5.503 Building dependency tree...
#6 5.724 Reading state information...
#6 5.955 make is already the newest version (4.2.1-1.2).
#6 5.955 make set to manually installed.
#6 5.955 curl is already the newest version (7.68.0-1ubuntu2.7).
#6 5.955 The following additional packages will be installed:
#6 5.957   autotools-dev libltdl-dev libltdl7 libsigsegv2 libtcl8.6 m4 tcl8.6
#6 5.959 Suggested packages:
#6 5.959   autoconf-archive gnu-standards autoconf-doc gettext libtool-doc gfortran
#6 5.959   | fortran95-compiler gcj-jdk m4-doc tcl-tclreadline
#6 6.037 The following NEW packages will be installed:
#6 6.038   autoconf automake autotools-dev libltdl-dev libltdl7 libsigsegv2 libtcl8.6
#6 6.039   libtool m4 tcl tcl8.6 zlib1g-dev
#6 6.112 0 upgraded, 12 newly installed, 0 to remove and 3 not upgraded.
#6 6.112 Need to get 2535 kB of archives.
#6 6.112 After this operation, 11.5 MB of additional disk space will be used.
#6 6.112 Get:1 http://archive.ubuntu.com/ubuntu focal/main amd64 libsigsegv2 amd64 2.12-2 [13.9 kB]
#6 6.138 Get:2 http://archive.ubuntu.com/ubuntu focal/main amd64 m4 amd64 1.4.18-4 [199 kB]
#6 6.210 Get:3 http://archive.ubuntu.com/ubuntu focal/main amd64 autoconf all 2.69-11.1 [321 kB]
#6 6.244 Get:4 http://archive.ubuntu.com/ubuntu focal/main amd64 autotools-dev all 20180224.1 [39.6 kB]
#6 6.247 Get:5 http://archive.ubuntu.com/ubuntu focal/main amd64 automake all 1:1.16.1-4ubuntu6 [522 kB]
#6 6.288 Get:6 http://archive.ubuntu.com/ubuntu focal/main amd64 libltdl7 amd64 2.4.6-14 [38.5 kB]
#6 6.291 Get:7 http://archive.ubuntu.com/ubuntu focal/main amd64 libltdl-dev amd64 2.4.6-14 [162 kB]
#6 6.307 Get:8 http://archive.ubuntu.com/ubuntu focal/main amd64 libtcl8.6 amd64 8.6.10+dfsg-1 [902 kB]
#6 6.392 Get:9 http://archive.ubuntu.com/ubuntu focal/main amd64 libtool all 2.4.6-14 [161 kB]
#6 6.406 Get:10 http://archive.ubuntu.com/ubuntu focal/main amd64 tcl8.6 amd64 8.6.10+dfsg-1 [14.8 kB]
#6 6.408 Get:11 http://archive.ubuntu.com/ubuntu focal/universe amd64 tcl amd64 8.6.9+1 [5112 B]
#6 6.408 Get:12 http://archive.ubuntu.com/ubuntu focal-updates/main amd64 zlib1g-dev amd64 1:1.2.11.dfsg-2ubuntu1.2 [155 kB]
#6 6.673 debconf: delaying package configuration, since apt-utils is not installed
#6 6.721 Fetched 2535 kB in 0s (6835 kB/s)
#6 6.760 Selecting previously unselected package libsigsegv2:amd64.
#6 6.760 (Reading database ... (Reading database ... 5%(Reading database ... 10%(Reading database ... 15%(Reading database ... 20%(Reading database ... 25%(Reading database ... 30%(Reading database ... 35%(Reading database ... 40%(Reading database ... 45%(Reading database ... 50%(Reading database ... 55%(Reading database ... 60%(Reading database ... 65%(Reading database ... 70%(Reading database ... 75%(Reading database ... 80%(Reading database ... 85%(Reading database ... 90%(Reading database ... 95%(Reading database ... 100%(Reading database ... 21291 files and directories currently installed.)
#6 6.877 Preparing to unpack .../00-libsigsegv2_2.12-2_amd64.deb ...
#6 6.884 Unpacking libsigsegv2:amd64 (2.12-2) ...
#6 6.928 Selecting previously unselected package m4.
#6 6.930 Preparing to unpack .../01-m4_1.4.18-4_amd64.deb ...
#6 6.935 Unpacking m4 (1.4.18-4) ...
#6 6.988 Selecting previously unselected package autoconf.
#6 6.991 Preparing to unpack .../02-autoconf_2.69-11.1_all.deb ...
#6 6.994 Unpacking autoconf (2.69-11.1) ...
#6 7.062 Selecting previously unselected package autotools-dev.
#6 7.064 Preparing to unpack .../03-autotools-dev_20180224.1_all.deb ...
#6 7.068 Unpacking autotools-dev (20180224.1) ...
#6 7.108 Selecting previously unselected package automake.
#6 7.110 Preparing to unpack .../04-automake_1%3a1.16.1-4ubuntu6_all.deb ...
#6 7.115 Unpacking automake (1:1.16.1-4ubuntu6) ...
#6 7.205 Selecting previously unselected package libltdl7:amd64.
#6 7.207 Preparing to unpack .../05-libltdl7_2.4.6-14_amd64.deb ...
#6 7.211 Unpacking libltdl7:amd64 (2.4.6-14) ...
#6 7.251 Selecting previously unselected package libltdl-dev:amd64.
#6 7.253 Preparing to unpack .../06-libltdl-dev_2.4.6-14_amd64.deb ...
#6 7.258 Unpacking libltdl-dev:amd64 (2.4.6-14) ...
#6 7.318 Selecting previously unselected package libtcl8.6:amd64.
#6 7.320 Preparing to unpack .../07-libtcl8.6_8.6.10+dfsg-1_amd64.deb ...
#6 7.324 Unpacking libtcl8.6:amd64 (8.6.10+dfsg-1) ...
#6 7.481 Selecting previously unselected package libtool.
#6 7.484 Preparing to unpack .../08-libtool_2.4.6-14_all.deb ...
#6 7.487 Unpacking libtool (2.4.6-14) ...
#6 7.543 Selecting previously unselected package tcl8.6.
#6 7.545 Preparing to unpack .../09-tcl8.6_8.6.10+dfsg-1_amd64.deb ...
#6 7.548 Unpacking tcl8.6 (8.6.10+dfsg-1) ...
#6 7.581 Selecting previously unselected package tcl.
#6 7.583 Preparing to unpack .../10-tcl_8.6.9+1_amd64.deb ...
#6 7.590 Unpacking tcl (8.6.9+1) ...
#6 7.622 Selecting previously unselected package zlib1g-dev:amd64.
#6 7.624 Preparing to unpack .../11-zlib1g-dev_1%3a1.2.11.dfsg-2ubuntu1.2_amd64.deb ...
#6 7.628 Unpacking zlib1g-dev:amd64 (1:1.2.11.dfsg-2ubuntu1.2) ...
#6 7.698 Setting up autotools-dev (20180224.1) ...
#6 7.714 Setting up libsigsegv2:amd64 (2.12-2) ...
#6 7.729 Setting up libtcl8.6:amd64 (8.6.10+dfsg-1) ...
#6 7.742 Setting up libltdl7:amd64 (2.4.6-14) ...
#6 7.754 Setting up zlib1g-dev:amd64 (1:1.2.11.dfsg-2ubuntu1.2) ...
#6 7.769 Setting up tcl8.6 (8.6.10+dfsg-1) ...
#6 7.786 Setting up libtool (2.4.6-14) ...
#6 7.796 Setting up m4 (1.4.18-4) ...
#6 7.807 Setting up autoconf (2.69-11.1) ...
#6 7.821 Setting up tcl (8.6.9+1) ...
#6 7.832 Setting up automake (1:1.16.1-4ubuntu6) ...
#6 7.857 update-alternatives: using /usr/bin/automake-1.16 to provide /usr/bin/automake (automake) in auto mode
#6 7.857 update-alternatives: warning: skip creation of /usr/share/man/man1/automake.1.gz because associated file /usr/share/man/man1/automake-1.16.1.gz (of link group automake) doesn't exist
#6 7.857 update-alternatives: warning: skip creation of /usr/share/man/man1/aclocal.1.gz because associated file /usr/share/man/man1/aclocal-1.16.1.gz (of link group automake) doesn't exist
#6 7.866 Setting up libltdl-dev:amd64 (2.4.6-14) ...
#6 7.882 Processing triggers for libc-bin (2.31-0ubuntu9.2) ...
#6 DONE 8.4s

#7 [3/6] RUN mkdir /src/sqlite3 &&     cd /src/sqlite3 &&     curl 'https://www.sqlite.org/src/tarball?uuid=trunk' -o sqlite3.tar.gz &&     tar xzf sqlite3.tar.gz
#7 sha256:4b12e22d5f4aecdeb7fd14705bc910a8d5b9b217f928643776d368835bb1af24
#7 0.546   % Total    % Received % Xferd  Average Speed   Time    Time     Time  Current
#7 0.546                                  Dload  Upload   Total   Spent    Left  Speed
#7 0.546   0     0    0     0    0     0      0      0 --:--:-- --:--:-- --:--:--     0  0     0    0     0    0     0      0      0 --:--:-- --:--:-- --:--:--     0  8 11.1M    8  960k    0     0   605k      0  0:00:18  0:00:01  0:00:17  604k100 11.1M  100 11.1M    0     0  4555k      0  0:00:02  0:00:02 --:--:-- 4555k
#7 DONE 4.6s

#8 [4/6] RUN find /src/sqlite3 -name "*.test" | xargs zip /src/ossfuzz_seed_corpus.zip
#8 sha256:e68acaa0bba9d85dbc561583f05e65aa190d4e47f4bb393871d47e418fdf79ad
#8 0.571   adding: src/sqlite3/test/fts3corrupt4.test (deflated 89%)
#8 0.589   adding: src/sqlite3/test/shared4.test (deflated 80%)
#8 0.589   adding: src/sqlite3/test/fts3ac.test (deflated 63%)
#8 0.591   adding: src/sqlite3/test/atomic2.test (deflated 53%)
#8 0.591   adding: src/sqlite3/test/upsert3.test (deflated 62%)
#8 0.591   adding: src/sqlite3/test/rtree.test (deflated 47%)
#8 0.591   adding: src/sqlite3/test/skipscan6.test (deflated 74%)
#8 0.592   adding: src/sqlite3/test/tkt-d82e3f3721.test (deflated 63%)
#8 0.592   adding: src/sqlite3/test/swarmvtab.test (deflated 71%)
#8 0.592   adding: src/sqlite3/test/vtab7.test (deflated 67%)
#8 0.592   adding: src/sqlite3/test/fts4opt.test (deflated 71%)
#8 0.593   adding: src/sqlite3/test/delete2.test (deflated 58%)
#8 0.593   adding: src/sqlite3/test/tkt3346.test (deflated 58%)
#8 0.593   adding: src/sqlite3/test/tkt2942.test (deflated 58%)
#8 0.593   adding: src/sqlite3/test/fts3c.test (deflated 80%)
#8 0.593   adding: src/sqlite3/test/fts2d.test (deflated 60%)
#8 0.594   adding: src/sqlite3/test/where5.test (deflated 81%)
#8 0.594   adding: src/sqlite3/test/autoindex2.test (deflated 71%)
#8 0.594   adding: src/sqlite3/test/tkt-a8a0d2996a.test (deflated 74%)
#8 0.594   adding: src/sqlite3/test/altercol.test (deflated 77%)
#8 0.595   adding: src/sqlite3/test/where7.test (deflated 91%)
#8 0.610   adding: src/sqlite3/test/analyzeE.test (deflated 85%)
#8 0.610   adding: src/sqlite3/test/between.test (deflated 65%)
#8 0.610   adding: src/sqlite3/test/bindxfer.test (deflated 58%)
#8 0.610   adding: src/sqlite3/test/tkt3093.test (deflated 52%)
#8 0.610   adding: src/sqlite3/test/tkt-9d68c883.test (deflated 48%)
#8 0.610   adding: src/sqlite3/test/trace.test (deflated 73%)
#8 0.611   adding: src/sqlite3/test/alter2.test (deflated 71%)
#8 0.611   adding: src/sqlite3/test/mmapfault.test (deflated 62%)
#8 0.611   adding: src/sqlite3/test/transitive1.test (deflated 83%)
#8 0.612   adding: src/sqlite3/test/tkt-868145d012.test (deflated 58%)
#8 0.612   adding: src/sqlite3/test/fts3corrupt5.test (deflated 52%)
#8 0.612   adding: src/sqlite3/test/trigger8.test (deflated 47%)
#8 0.613   adding: src/sqlite3/test/fts1i.test (deflated 65%)
#8 0.613   adding: src/sqlite3/test/returning1.test (deflated 72%)
#8 0.613   adding: src/sqlite3/test/tkt3935.test (deflated 67%)
#8 0.613   adding: src/sqlite3/test/vtab8.test (deflated 57%)
#8 0.614   adding: src/sqlite3/test/windowerr.test (deflated 72%)
#8 0.614   adding: src/sqlite3/test/triggerupfrom.test (deflated 66%)
#8 0.614   adding: src/sqlite3/test/thread003.test (deflated 68%)
#8 0.614   adding: src/sqlite3/test/fts3conf.test (deflated 71%)
#8 0.614   adding: src/sqlite3/test/snapshot_up.test (deflated 72%)
#8 0.615   adding: src/sqlite3/test/select7.test (deflated 67%)
#8 0.615   adding: src/sqlite3/test/fts2.test (deflated 51%)
#8 0.615   adding: src/sqlite3/test/tkt1514.test (deflated 41%)
#8 0.615   adding: src/sqlite3/test/schema6.test (deflated 80%)
#8 0.615   adding: src/sqlite3/test/pagerfault3.test (deflated 52%)
#8 0.616   adding: src/sqlite3/test/wal6.test (deflated 69%)
#8 0.616   adding: src/sqlite3/test/temptable3.test (deflated 54%)
#8 0.616   adding: src/sqlite3/test/analyze6.test (deflated 66%)
#8 0.616   adding: src/sqlite3/test/merge1.test (deflated 81%)
#8 0.616   adding: src/sqlite3/test/walcrash3.test (deflated 64%)
#8 0.617   adding: src/sqlite3/test/tkt3298.test (deflated 60%)
#8 0.617   adding: src/sqlite3/test/tkt2332.test (deflated 53%)
#8 0.617   adding: src/sqlite3/test/crash2.test (deflated 60%)
#8 0.617   adding: src/sqlite3/test/fts2n.test (deflated 62%)
#8 0.617   adding: src/sqlite3/test/corrupt.test (deflated 69%)
#8 0.618   adding: src/sqlite3/test/join3.test (deflated 56%)
#8 0.618   adding: src/sqlite3/test/descidx3.test (deflated 64%)
#8 0.618   adding: src/sqlite3/test/delete.test (deflated 74%)
#8 0.618   adding: src/sqlite3/test/jrnlmode3.test (deflated 65%)
#8 0.619   adding: src/sqlite3/test/where3.test (deflated 77%)
#8 0.619   adding: src/sqlite3/test/with3.test (deflated 66%)
#8 0.619   adding: src/sqlite3/test/collate4.test (deflated 83%)
#8 0.620   adding: src/sqlite3/test/icu.test (deflated 63%)
#8 0.620   adding: src/sqlite3/test/whereM.test (deflated 75%)
#8 0.620   adding: src/sqlite3/test/rowallock.test (deflated 54%)
#8 0.620   adding: src/sqlite3/test/walcrash2.test (deflated 60%)
#8 0.621   adding: src/sqlite3/test/win32longpath.test (deflated 66%)
#8 0.621   adding: src/sqlite3/test/journal1.test (deflated 53%)
#8 0.621   adding: src/sqlite3/test/tkt-4dd95f6943.test (deflated 75%)
#8 0.621   adding: src/sqlite3/test/fts3misc.test (deflated 74%)
#8 0.622   adding: src/sqlite3/test/async2.test (deflated 64%)
#8 0.622   adding: src/sqlite3/test/waloverwrite.test (deflated 66%)
#8 0.622   adding: src/sqlite3/test/walfault.test (deflated 83%)
#8 0.622   adding: src/sqlite3/test/fts3snippet.test (deflated 77%)
#8 0.623   adding: src/sqlite3/test/snapshot_fault.test (deflated 76%)
#8 0.623   adding: src/sqlite3/test/tkt3793.test (deflated 64%)
#8 0.624   adding: src/sqlite3/test/autoindex4.test (deflated 68%)
#8 0.624   adding: src/sqlite3/test/laststmtchanges.test (deflated 78%)
#8 0.624   adding: src/sqlite3/test/mallocC.test (deflated 56%)
#8 0.624   adding: src/sqlite3/test/main.test (deflated 77%)
#8 0.625   adding: src/sqlite3/test/view2.test (deflated 51%)
#8 0.625   adding: src/sqlite3/test/incrvacuum3.test (deflated 68%)
#8 0.625   adding: src/sqlite3/test/notnull.test (deflated 89%)
#8 0.625   adding: src/sqlite3/test/walrofault.test (deflated 49%)
#8 0.626   adding: src/sqlite3/test/fts2m.test (deflated 63%)
#8 0.626   adding: src/sqlite3/test/vtabdrop.test (deflated 73%)
#8 0.626   adding: src/sqlite3/test/select2.test (deflated 67%)
#8 0.626   adding: src/sqlite3/test/selectE.test (deflated 63%)
#8 0.626   adding: src/sqlite3/test/hook.test (deflated 76%)
#8 0.627   adding: src/sqlite3/test/fts3am.test (deflated 63%)
#8 0.627   adding: src/sqlite3/test/mutex1.test (deflated 69%)
#8 0.628   adding: src/sqlite3/test/close.test (deflated 64%)
#8 0.628   adding: src/sqlite3/test/fts3fuzz001.test (deflated 64%)
#8 0.628   adding: src/sqlite3/test/like.test (deflated 80%)
#8 0.629   adding: src/sqlite3/test/walbig.test (deflated 57%)
#8 0.629   adding: src/sqlite3/test/unionall.test (deflated 79%)
#8 0.629   adding: src/sqlite3/test/where4.test (deflated 71%)
#8 0.630   adding: src/sqlite3/test/oserror.test (deflated 63%)
#8 0.630   adding: src/sqlite3/test/pragma3.test (deflated 71%)
#8 0.630   adding: src/sqlite3/test/rollback.test (deflated 59%)
#8 0.630   adding: src/sqlite3/test/tkt-313723c356.test (deflated 53%)
#8 0.631   adding: src/sqlite3/test/pager1.test (deflated 79%)
#8 0.634   adding: src/sqlite3/test/enc.test (deflated 69%)
#8 0.634   adding: src/sqlite3/test/tkt3791.test (deflated 40%)
#8 0.634   adding: src/sqlite3/test/countofview.test (deflated 56%)
#8 0.634   adding: src/sqlite3/test/corrupt6.test (deflated 81%)
#8 0.635   adding: src/sqlite3/test/walro.test (deflated 74%)
#8 0.635   adding: src/sqlite3/test/lock2.test (deflated 63%)
#8 0.635   adding: src/sqlite3/test/thread001.test (deflated 64%)
#8 0.635   adding: src/sqlite3/test/tkt2640.test (deflated 75%)
#8 0.635   adding: src/sqlite3/test/wal2.test (deflated 77%)
#8 0.637   adding: src/sqlite3/test/symlink.test (deflated 68%)
#8 0.637   adding: src/sqlite3/test/tkt2820.test (deflated 56%)
#8 0.637   adding: src/sqlite3/test/whereK.test (deflated 66%)
#8 0.637   adding: src/sqlite3/test/unionvtab.test (deflated 79%)
#8 0.638   adding: src/sqlite3/test/withM.test (deflated 58%)
#8 0.638   adding: src/sqlite3/test/analyze9.test (deflated 76%)
#8 0.639   adding: src/sqlite3/test/colname.test (deflated 73%)
#8 0.640   adding: src/sqlite3/test/fts3expr2.test (deflated 62%)
#8 0.640   adding: src/sqlite3/test/wherefault.test (deflated 57%)
#8 0.640   adding: src/sqlite3/test/fts4merge2.test (deflated 54%)
#8 0.640   adding: src/sqlite3/test/walmode.test (deflated 78%)
#8 0.641   adding: src/sqlite3/test/shared6.test (deflated 74%)
#8 0.641   adding: src/sqlite3/test/subtype1.test (deflated 55%)
#8 0.641   adding: src/sqlite3/test/e_fts3.test (deflated 75%)
#8 0.642   adding: src/sqlite3/test/userauth01.test (deflated 75%)
#8 0.642   adding: src/sqlite3/test/fkey7.test (deflated 61%)
#8 0.642   adding: src/sqlite3/test/shared8.test (deflated 63%)
#8 0.643   adding: src/sqlite3/test/shared2.test (deflated 62%)
#8 0.643   adding: src/sqlite3/test/with6.test (deflated 81%)
#8 0.643   adding: src/sqlite3/test/attach.test (deflated 75%)
#8 0.644   adding: src/sqlite3/test/dbstatus2.test (deflated 64%)
#8 0.644   adding: src/sqlite3/test/journal2.test (deflated 65%)
#8 0.644   adding: src/sqlite3/test/bestindex6.test (deflated 60%)
#8 0.644   adding: src/sqlite3/test/orderby1.test (deflated 80%)
#8 0.645   adding: src/sqlite3/test/fts4noti.test (deflated 76%)
#8 0.645   adding: src/sqlite3/test/fts3e.test (deflated 72%)
#8 0.645   adding: src/sqlite3/test/auth3.test (deflated 63%)
#8 0.646   adding: src/sqlite3/test/tkt-c48d99d690.test (deflated 47%)
#8 0.646   adding: src/sqlite3/test/tkt-38cb5df375.test (deflated 88%)
#8 0.646   adding: src/sqlite3/test/dbstatus.test (deflated 74%)
#8 0.646   adding: src/sqlite3/test/alterauth.test (deflated 61%)
#8 0.647   adding: src/sqlite3/test/mallocF.test (deflated 58%)
#8 0.647   adding: src/sqlite3/test/enc4.test (deflated 65%)
#8 0.647   adding: src/sqlite3/test/offset1.test (deflated 80%)
#8 0.647   adding: src/sqlite3/test/fts2l.test (deflated 53%)
#8 0.647   adding: src/sqlite3/test/spellfix2.test (deflated 78%)
#8 0.648   adding: src/sqlite3/test/where8.test (deflated 77%)
#8 0.649   adding: src/sqlite3/test/tkt-bd484a090c.test (deflated 55%)
#8 0.649   adding: src/sqlite3/test/tkt-4c86b126f2.test (deflated 55%)
#8 0.649   adding: src/sqlite3/test/tkt3832.test (deflated 49%)
#8 0.649   adding: src/sqlite3/test/tkt-80e031a00f.test (deflated 80%)
#8 0.650   adding: src/sqlite3/test/selectG.test (deflated 49%)
#8 0.650   adding: src/sqlite3/test/wherelfault.test (deflated 61%)
#8 0.650   adding: src/sqlite3/test/collateB.test (deflated 70%)
#8 0.650   adding: src/sqlite3/test/whereL.test (deflated 64%)
#8 0.651   adding: src/sqlite3/test/tkt2822.test (deflated 76%)
#8 0.651   adding: src/sqlite3/test/tkt1443.test (deflated 68%)
#8 0.651   adding: src/sqlite3/test/malloc4.test (deflated 70%)
#8 0.652   adding: src/sqlite3/test/tempfault.test (deflated 74%)
#8 0.652   adding: src/sqlite3/test/tkt-b1d3a2e531.test (deflated 70%)
#8 0.652   adding: src/sqlite3/test/resolver01.test (deflated 70%)
#8 0.652   adding: src/sqlite3/test/fts3shared.test (deflated 68%)
#8 0.653   adding: src/sqlite3/test/mmap3.test (deflated 68%)
#8 0.653   adding: src/sqlite3/test/bigfile2.test (deflated 47%)
#8 0.653   adding: src/sqlite3/test/altermalloc.test (deflated 52%)
#8 0.653   adding: src/sqlite3/test/where.test (deflated 80%)
#8 0.655   adding: src/sqlite3/test/tkt3762.test (deflated 56%)
#8 0.655   adding: src/sqlite3/test/trace3.test (deflated 78%)
#8 0.655   adding: src/sqlite3/test/blob.test (deflated 70%)
#8 0.655   adding: src/sqlite3/test/fts3query.test (deflated 70%)
#8 0.656   adding: src/sqlite3/test/fts2b.test (deflated 64%)
#8 0.656   adding: src/sqlite3/test/join.test (deflated 76%)
#8 0.657   adding: src/sqlite3/test/tkt2920.test (deflated 58%)
#8 0.657   adding: src/sqlite3/test/autoindex5.test (deflated 67%)
#8 0.658   adding: src/sqlite3/test/init.test (deflated 59%)
#8 0.658   adding: src/sqlite3/test/fts1o.test (deflated 70%)
#8 0.658   adding: src/sqlite3/test/multiplex3.test (deflated 66%)
#8 0.658   adding: src/sqlite3/test/capi3d.test (deflated 67%)
#8 0.659   adding: src/sqlite3/test/analyzeG.test (deflated 56%)
#8 0.659   adding: src/sqlite3/test/hidden.test (deflated 72%)
#8 0.659   adding: src/sqlite3/test/win32nolock.test (deflated 71%)
#8 0.659   adding: src/sqlite3/test/win32lock.test (deflated 67%)
#8 0.659   adding: src/sqlite3/test/wal64k.test (deflated 49%)
#8 0.659   adding: src/sqlite3/test/ioerr5.test (deflated 64%)
#8 0.660   adding: src/sqlite3/test/sqldiff1.test (deflated 60%)
#8 0.660   adding: src/sqlite3/test/fts3rnd.test (deflated 69%)
#8 0.660   adding: src/sqlite3/test/limit2.test (deflated 71%)
#8 0.661   adding: src/sqlite3/test/fts4growth.test (deflated 72%)
#8 0.661   adding: src/sqlite3/test/shared.test (deflated 73%)
#8 0.662   adding: src/sqlite3/test/fts3af.test (deflated 71%)
#8 0.662   adding: src/sqlite3/test/conflict3.test (deflated 86%)
#8 0.663   adding: src/sqlite3/test/vacuum-into.test (deflated 63%)
#8 0.663   adding: src/sqlite3/test/fkey_malloc.test (deflated 69%)
#8 0.663   adding: src/sqlite3/test/capi3b.test (deflated 64%)
#8 0.663   adding: src/sqlite3/test/trace2.test (deflated 66%)
#8 0.664   adding: src/sqlite3/test/autoindex3.test (deflated 59%)
#8 0.664   adding: src/sqlite3/test/tkt-f973c7ac31.test (deflated 73%)
#8 0.664   adding: src/sqlite3/test/upsertfault.test (deflated 45%)
#8 0.664   adding: src/sqlite3/test/shortread1.test (deflated 51%)
#8 0.664   adding: src/sqlite3/test/tkt3581.test (deflated 54%)
#8 0.664   adding: src/sqlite3/test/fts3ak.test (deflated 68%)
#8 0.664   adding: src/sqlite3/test/conflict2.test (deflated 82%)
#8 0.665   adding: src/sqlite3/test/exists.test (deflated 80%)
#8 0.665   adding: src/sqlite3/test/func2.test (deflated 87%)
#8 0.666   adding: src/sqlite3/test/descidx1.test (deflated 76%)
#8 0.666   adding: src/sqlite3/test/stmt.test (deflated 61%)
#8 0.666   adding: src/sqlite3/test/soak.test (deflated 52%)
#8 0.666   adding: src/sqlite3/test/orderby5.test (deflated 73%)
#8 0.666   adding: src/sqlite3/test/pagerfault2.test (deflated 59%)
#8 0.667   adding: src/sqlite3/test/walshared.test (deflated 59%)
#8 0.667   adding: src/sqlite3/test/without_rowid6.test (deflated 72%)
#8 0.667   adding: src/sqlite3/test/fts2j.test (deflated 63%)
#8 0.667   adding: src/sqlite3/test/having.test (deflated 68%)
#8 0.667   adding: src/sqlite3/test/alias.test (deflated 64%)
#8 0.668   adding: src/sqlite3/test/malloc8.test (deflated 62%)
#8 0.668   adding: src/sqlite3/test/fkey8.test (deflated 74%)
#8 0.668   adding: src/sqlite3/test/orderby7.test (deflated 68%)
#8 0.668   adding: src/sqlite3/test/skipscan2.test (deflated 76%)
#8 0.668   adding: src/sqlite3/test/with4.test (deflated 58%)
#8 0.668   adding: src/sqlite3/test/indexexpr1.test (deflated 75%)
#8 0.669   adding: src/sqlite3/test/vtabJ.test (deflated 72%)
#8 0.669   adding: src/sqlite3/test/capi3e.test (deflated 57%)
#8 0.669   adding: src/sqlite3/test/fts3aux1.test (deflated 78%)
#8 0.670   adding: src/sqlite3/test/selectF.test (deflated 48%)
#8 0.670   adding: src/sqlite3/test/orderby6.test (deflated 74%)
#8 0.670   adding: src/sqlite3/test/sort5.test (deflated 51%)
#8 0.670   adding: src/sqlite3/test/zerodamage.test (deflated 62%)
#8 0.671   adding: src/sqlite3/test/autovacuum.test (deflated 73%)
#8 0.671   adding: src/sqlite3/test/trigger2.test (deflated 78%)
#8 0.672   adding: src/sqlite3/test/corrupt4.test (deflated 58%)
#8 0.672   adding: src/sqlite3/test/fts3near.test (deflated 59%)
#8 0.674   adding: src/sqlite3/test/eqp.test (deflated 80%)
#8 0.675   adding: src/sqlite3/test/tkt2450.test (deflated 53%)
#8 0.675   adding: src/sqlite3/test/shell3.test (deflated 67%)
#8 0.675   adding: src/sqlite3/test/triggerF.test (deflated 60%)
#8 0.675   adding: src/sqlite3/test/sqllimits1.test (deflated 78%)
#8 0.676   adding: src/sqlite3/test/fts4umlaut.test (deflated 59%)
#8 0.676   adding: src/sqlite3/test/e_fkey.test (deflated 80%)
#8 0.680   adding: src/sqlite3/test/fts3tok1.test (deflated 67%)
#8 0.680   adding: src/sqlite3/test/capi3c.test (deflated 78%)
#8 0.681   adding: src/sqlite3/test/tkt3201.test (deflated 68%)
#8 0.681   adding: src/sqlite3/test/zeroblob.test (deflated 70%)
#8 0.681   adding: src/sqlite3/test/analyze4.test (deflated 64%)
#8 0.682   adding: src/sqlite3/test/queryonly.test (deflated 68%)
#8 0.682   adding: src/sqlite3/test/pagesize.test (deflated 75%)
#8 0.682   adding: src/sqlite3/test/misc2.test (deflated 75%)
#8 0.682   adding: src/sqlite3/test/tkt3929.test (deflated 46%)
#8 0.683   adding: src/sqlite3/test/zeroblobfault.test (deflated 47%)
#8 0.683   adding: src/sqlite3/test/upfrom3.test (deflated 73%)
#8 0.683   adding: src/sqlite3/test/capi2.test (deflated 81%)
#8 0.683   adding: src/sqlite3/test/tpch01.test (deflated 78%)
#8 0.684   adding: src/sqlite3/test/e_reindex.test (deflated 75%)
#8 0.684   adding: src/sqlite3/test/parser1.test (deflated 62%)
#8 0.684   adding: src/sqlite3/test/delete4.test (deflated 74%)
#8 0.685   adding: src/sqlite3/test/tkt-3fe897352e.test (deflated 57%)
#8 0.685   adding: src/sqlite3/test/ioerr2.test (deflated 65%)
#8 0.685   adding: src/sqlite3/test/fts3ab.test (deflated 64%)
#8 0.685   adding: src/sqlite3/test/incrblob_err.test (deflated 72%)
#8 0.685   adding: src/sqlite3/test/whereD.test (deflated 76%)
#8 0.686   adding: src/sqlite3/test/shrink.test (deflated 53%)
#8 0.686   adding: src/sqlite3/test/fts4upfrom.test (deflated 66%)
#8 0.686   adding: src/sqlite3/test/in3.test (deflated 70%)
#8 0.686   adding: src/sqlite3/test/rowvalue4.test (deflated 77%)
#8 0.687   adding: src/sqlite3/test/lock3.test (deflated 61%)
#8 0.687   adding: src/sqlite3/test/collate2.test (deflated 84%)
#8 0.687   adding: src/sqlite3/test/vtabdistinct.test (deflated 55%)
#8 0.688   adding: src/sqlite3/test/pager2.test (deflated 60%)
#8 0.688   adding: src/sqlite3/test/join4.test (deflated 75%)
#8 0.688   adding: src/sqlite3/test/cffault.test (deflated 75%)
#8 0.688   adding: src/sqlite3/test/dbpage.test (deflated 67%)
#8 0.688   adding: src/sqlite3/test/pragma5.test (deflated 58%)
#8 0.688   adding: src/sqlite3/test/syscall.test (deflated 70%)
#8 0.689   adding: src/sqlite3/test/fts3expr3.test (deflated 69%)
#8 0.689   adding: src/sqlite3/test/tkt-94c04eaadb.test (deflated 56%)
#8 0.689   adding: src/sqlite3/test/mallocJ.test (deflated 59%)
#8 0.689   adding: src/sqlite3/test/tkt-8454a207b9.test (deflated 62%)
#8 0.689   adding: src/sqlite3/test/tkt3457.test (deflated 63%)
#8 0.690   adding: src/sqlite3/test/join6.test (deflated 69%)
#8 0.690   adding: src/sqlite3/test/walcksum.test (deflated 72%)
#8 0.690   adding: src/sqlite3/test/diskfull.test (deflated 69%)
#8 0.690   adding: src/sqlite3/test/sync.test (deflated 62%)
#8 0.690   adding: src/sqlite3/test/avfs.test (deflated 74%)
#8 0.691   adding: src/sqlite3/test/shared9.test (deflated 68%)
#8 0.691   adding: src/sqlite3/test/mem5.test (deflated 61%)
#8 0.691   adding: src/sqlite3/test/upfrom2.test (deflated 76%)
#8 0.692   adding: src/sqlite3/test/shared7.test (deflated 57%)
#8 0.692   adding: src/sqlite3/test/utf16align.test (deflated 56%)
#8 0.692   adding: src/sqlite3/test/fallocate.test (deflated 67%)
#8 0.692   adding: src/sqlite3/test/tclsqlite.test (deflated 74%)
#8 0.693   adding: src/sqlite3/test/corrupt7.test (deflated 57%)
#8 0.693   adding: src/sqlite3/test/with2.test (deflated 74%)
#8 0.694   adding: src/sqlite3/test/window9.test (deflated 73%)
#8 0.694   adding: src/sqlite3/test/where6.test (deflated 73%)
#8 0.694   adding: src/sqlite3/test/fts3al.test (deflated 53%)
#8 0.694   adding: src/sqlite3/test/auth2.test (deflated 69%)
#8 0.694   adding: src/sqlite3/test/bigrow.test (deflated 70%)
#8 0.695   adding: src/sqlite3/test/date2.test (deflated 72%)
#8 0.695   adding: src/sqlite3/test/autoindex1.test (deflated 72%)
#8 0.696   adding: src/sqlite3/test/vtabD.test (deflated 57%)
#8 0.696   adding: src/sqlite3/test/bestindex8.test (deflated 77%)
#8 0.696   adding: src/sqlite3/test/whereA.test (deflated 71%)
#8 0.696   adding: src/sqlite3/test/fts3matchinfo.test (deflated 72%)
#8 0.697   adding: src/sqlite3/test/journal3.test (deflated 55%)
#8 0.697   adding: src/sqlite3/test/amatch1.test (deflated 68%)
#8 0.697   adding: src/sqlite3/test/window5.test (deflated 59%)
#8 0.697   adding: src/sqlite3/test/server1.test (deflated 66%)
#8 0.698   adding: src/sqlite3/test/with5.test (deflated 78%)
#8 0.698   adding: src/sqlite3/test/fuzzer1.test (deflated 86%)
#8 0.700   adding: src/sqlite3/test/fts3prefix2.test (deflated 69%)
#8 0.700   adding: src/sqlite3/test/rowvalue3.test (deflated 74%)
#8 0.700   adding: src/sqlite3/test/busy2.test (deflated 66%)
#8 0.700   adding: src/sqlite3/test/fts2p.test (deflated 81%)
#8 0.700   adding: src/sqlite3/test/analyze5.test (deflated 69%)
#8 0.701   adding: src/sqlite3/test/fuzzer2.test (deflated 52%)
#8 0.701   adding: src/sqlite3/test/incrvacuum_ioerr.test (deflated 67%)
#8 0.701   adding: src/sqlite3/test/tkt-fc7bd6358f.test (deflated 63%)
#8 0.701   adding: src/sqlite3/test/tkt-752e1646fc.test (deflated 50%)
#8 0.702   adding: src/sqlite3/test/bestindex3.test (deflated 66%)
#8 0.702   adding: src/sqlite3/test/alter4.test (deflated 73%)
#8 0.702   adding: src/sqlite3/test/orderby9.test (deflated 53%)
#8 0.702   adding: src/sqlite3/test/memsubsys2.test (deflated 69%)
#8 0.702   adding: src/sqlite3/test/wal4.test (deflated 50%)
#8 0.703   adding: src/sqlite3/test/tkt2767.test (deflated 62%)
#8 0.703   adding: src/sqlite3/test/corruptJ.test (deflated 54%)
#8 0.703   adding: src/sqlite3/test/tkt-4ef7e3cfca.test (deflated 62%)
#8 0.703   adding: src/sqlite3/test/tkt1873.test (deflated 55%)
#8 0.703   adding: src/sqlite3/test/atof1.test (deflated 52%)
#8 0.703   adding: src/sqlite3/test/tkt-385a5b56b9.test (deflated 61%)
#8 0.703   adding: src/sqlite3/test/misc5.test (deflated 83%)
#8 0.705   adding: src/sqlite3/test/unixexcl.test (deflated 68%)
#8 0.705   adding: src/sqlite3/test/autoanalyze1.test (deflated 67%)
#8 0.705   adding: src/sqlite3/test/skipscan1.test (deflated 78%)
#8 0.705   adding: src/sqlite3/test/intarray.test (deflated 64%)
#8 0.706   adding: src/sqlite3/test/rowhash.test (deflated 48%)
#8 0.706   adding: src/sqlite3/test/ioerr.test (deflated 72%)
#8 0.706   adding: src/sqlite3/test/tkt3334.test (deflated 69%)
#8 0.706   adding: src/sqlite3/test/vtabK.test (deflated 58%)
#8 0.707   adding: src/sqlite3/test/tkt-7a31705a7e6.test (deflated 44%)
#8 0.707   adding: src/sqlite3/test/func6.test (deflated 62%)
#8 0.707   adding: src/sqlite3/test/trigger7.test (deflated 68%)
#8 0.707   adding: src/sqlite3/test/fts3corrupt3.test (deflated 58%)
#8 0.707   adding: src/sqlite3/test/crash3.test (deflated 67%)
#8 0.708   adding: src/sqlite3/test/tkt1536.test (deflated 46%)
#8 0.708   adding: src/sqlite3/test/backup.test (deflated 79%)
#8 0.708   adding: src/sqlite3/test/rowvalue6.test (deflated 51%)
#8 0.709   adding: src/sqlite3/test/tkt3508.test (deflated 50%)
#8 0.709   adding: src/sqlite3/test/fts3ai.test (deflated 65%)
#8 0.709   adding: src/sqlite3/test/whereG.test (deflated 74%)
#8 0.709   adding: src/sqlite3/test/orderby4.test (deflated 57%)
#8 0.709   adding: src/sqlite3/test/tkt-6bfb98dfc0.test (deflated 70%)
#8 0.710   adding: src/sqlite3/test/rowvalue.test (deflated 76%)
#8 0.710   adding: src/sqlite3/test/fts2g.test (deflated 67%)
#8 0.711   adding: src/sqlite3/test/tkt-5d863f876e.test (deflated 54%)
#8 0.711   adding: src/sqlite3/test/scanstatus.test (deflated 76%)
#8 0.711   adding: src/sqlite3/test/crash4.test (deflated 63%)
#8 0.711   adding: src/sqlite3/test/imposter1.test (deflated 64%)
#8 0.711   adding: src/sqlite3/test/malloc.test (deflated 72%)
#8 0.712   adding: src/sqlite3/test/alterdropcol.test (deflated 73%)
#8 0.713   adding: src/sqlite3/test/backcompat.test (deflated 71%)
#8 0.713   adding: src/sqlite3/test/altertab3.test (deflated 78%)
#8 0.714   adding: src/sqlite3/test/hook2.test (deflated 70%)
#8 0.714   adding: src/sqlite3/test/tableopts.test (deflated 60%)
#8 0.714   adding: src/sqlite3/test/speed1.test (deflated 70%)
#8 0.715   adding: src/sqlite3/test/fts3fault.test (deflated 73%)
#8 0.715   adding: src/sqlite3/test/fkey5.test (deflated 77%)
#8 0.715   adding: src/sqlite3/test/corruptA.test (deflated 61%)
#8 0.716   adding: src/sqlite3/test/backup_malloc.test (deflated 65%)
#8 0.716   adding: src/sqlite3/test/e_walhook.test (deflated 63%)
#8 0.716   adding: src/sqlite3/test/tkt2832.test (deflated 58%)
#8 0.716   adding: src/sqlite3/test/e_changes.test (deflated 72%)
#8 0.717   adding: src/sqlite3/test/misc7.test (deflated 70%)
#8 0.717   adding: src/sqlite3/test/fts3an.test (deflated 67%)
#8 0.717   adding: src/sqlite3/test/collate5.test (deflated 74%)
#8 0.718   adding: src/sqlite3/test/vacuum4.test (deflated 70%)
#8 0.718   adding: src/sqlite3/test/fts3ad.test (deflated 74%)
#8 0.718   adding: src/sqlite3/test/malloc3.test (deflated 68%)
#8 0.719   adding: src/sqlite3/test/fts3ag.test (deflated 67%)
#8 0.719   adding: src/sqlite3/test/lookaside.test (deflated 70%)
#8 0.719   adding: src/sqlite3/test/avtrans.test (deflated 81%)
#8 0.720   adding: src/sqlite3/test/printf2.test (deflated 74%)
#8 0.720   adding: src/sqlite3/test/fkey6.test (deflated 73%)
#8 0.720   adding: src/sqlite3/test/schema4.test (deflated 73%)
#8 0.721   adding: src/sqlite3/test/where2.test (deflated 79%)
#8 0.721   adding: src/sqlite3/test/affinity3.test (deflated 68%)
#8 0.722   adding: src/sqlite3/test/fts3varint.test (deflated 72%)
#8 0.722   adding: src/sqlite3/test/index9.test (deflated 72%)
#8 0.722   adding: src/sqlite3/test/crash6.test (deflated 62%)
#8 0.722   adding: src/sqlite3/test/memjournal2.test (deflated 54%)
#8 0.722   adding: src/sqlite3/test/e_expr.test (deflated 75%)
#8 0.725   adding: src/sqlite3/test/e_blobclose.test (deflated 68%)
#8 0.726   adding: src/sqlite3/test/fts3join.test (deflated 62%)
#8 0.726   adding: src/sqlite3/test/fts3rank.test (deflated 62%)
#8 0.726   adding: src/sqlite3/test/fts3ae.test (deflated 71%)
#8 0.726   adding: src/sqlite3/test/tkt-02a8e81d44.test (deflated 47%)
#8 0.726   adding: src/sqlite3/test/fts-9fd058691.test (deflated 56%)
#8 0.726   adding: src/sqlite3/test/orderby8.test (deflated 43%)
#8 0.726   adding: src/sqlite3/test/hexlit.test (deflated 63%)
#8 0.727   adding: src/sqlite3/test/tkt1512.test (deflated 51%)
#8 0.727   adding: src/sqlite3/test/wal3.test (deflated 73%)
#8 0.727   adding: src/sqlite3/test/multiplex.test (deflated 80%)
#8 0.728   adding: src/sqlite3/test/alterfault.test (deflated 46%)
#8 0.728   adding: src/sqlite3/test/temptable2.test (deflated 77%)
#8 0.728   adding: src/sqlite3/test/savepoint.test (deflated 80%)
#8 0.729   adding: src/sqlite3/test/vtab_alter.test (deflated 62%)
#8 0.729   adding: src/sqlite3/test/notnull2.test (deflated 64%)
#8 0.729   adding: src/sqlite3/test/func5.test (deflated 56%)
#8 0.730   adding: src/sqlite3/test/tkt2854.test (deflated 66%)
#8 0.730   adding: src/sqlite3/test/tkt1567.test (deflated 61%)
#8 0.730   adding: src/sqlite3/test/fts2c.test (deflated 63%)
#8 0.732   adding: src/sqlite3/test/select3.test (deflated 71%)
#8 0.732   adding: src/sqlite3/test/walprotocol2.test (deflated 59%)
#8 0.733   adding: src/sqlite3/test/whereB.test (deflated 90%)
#8 0.733   adding: src/sqlite3/test/8_3_names.test (deflated 73%)
#8 0.733   adding: src/sqlite3/test/windowC.test (deflated 55%)
#8 0.733   adding: src/sqlite3/test/index.test (deflated 76%)
#8 0.734   adding: src/sqlite3/test/tkt3442.test (deflated 52%)
#8 0.734   adding: src/sqlite3/test/collate6.test (deflated 66%)
#8 0.734   adding: src/sqlite3/test/cse.test (deflated 66%)
#8 0.734   adding: src/sqlite3/test/fuzzerfault.test (deflated 68%)
#8 0.735   adding: src/sqlite3/test/default.test (deflated 61%)
#8 0.735   adding: src/sqlite3/test/json103.test (deflated 60%)
#8 0.735   adding: src/sqlite3/test/fts4rename.test (deflated 46%)
#8 0.735   adding: src/sqlite3/test/thread002.test (deflated 58%)
#8 0.735   adding: src/sqlite3/test/fts2h.test (deflated 57%)
#8 0.735   adding: src/sqlite3/test/pragma4.test (deflated 71%)
#8 0.736   adding: src/sqlite3/test/rowvaluefault.test (deflated 70%)
#8 0.736   adding: src/sqlite3/test/misc8.test (deflated 65%)
#8 0.736   adding: src/sqlite3/test/indexexpr2.test (deflated 73%)
#8 0.737   adding: src/sqlite3/test/tokenize.test (deflated 70%)
#8 0.737   adding: src/sqlite3/test/cost.test (deflated 71%)
#8 0.737   adding: src/sqlite3/test/tkt-9f2eb3abac.test (deflated 62%)
#8 0.737   adding: src/sqlite3/test/tkt-bdc6bbbb38.test (deflated 68%)
#8 0.737   adding: src/sqlite3/test/shell8.test (deflated 65%)
#8 0.737   adding: src/sqlite3/test/tkt3522.test (deflated 51%)
#8 0.738   adding: src/sqlite3/test/corrupt8.test (deflated 62%)
#8 0.738   adding: src/sqlite3/test/walthread.test (deflated 69%)
#8 0.738   adding: src/sqlite3/test/vtabE.test (deflated 52%)
#8 0.738   adding: src/sqlite3/test/collate7.test (deflated 62%)
#8 0.739   adding: src/sqlite3/test/shell5.test (deflated 75%)
#8 0.739   adding: src/sqlite3/test/jrnlmode2.test (deflated 63%)
#8 0.739   adding: src/sqlite3/test/indexfault.test (deflated 79%)
#8 0.740   adding: src/sqlite3/test/pageropt.test (deflated 63%)
#8 0.740   adding: src/sqlite3/test/fts3corrupt2.test (deflated 49%)
#8 0.740   adding: src/sqlite3/test/without_rowid2.test (deflated 70%)
#8 0.740   adding: src/sqlite3/test/upsert4.test (deflated 81%)
#8 0.741   adding: src/sqlite3/test/wherelimit.test (deflated 81%)
#8 0.741   adding: src/sqlite3/test/windowA.test (deflated 85%)
#8 0.741   adding: src/sqlite3/test/func3.test (deflated 73%)
#8 0.741   adding: src/sqlite3/test/memdb1.test (deflated 66%)
#8 0.742   adding: src/sqlite3/test/bitvec.test (deflated 70%)
#8 0.742   adding: src/sqlite3/test/update.test (deflated 80%)
#8 0.743   adding: src/sqlite3/test/corruptC.test (deflated 72%)
#8 0.743   adding: src/sqlite3/test/expr2.test (deflated 61%)
#8 0.743   adding: src/sqlite3/test/round1.test (deflated 56%)
#8 0.743   adding: src/sqlite3/test/sync2.test (deflated 71%)
#8 0.743   adding: src/sqlite3/test/tkt-4a03edc4c8.test (deflated 46%)
#8 0.744   adding: src/sqlite3/test/speed2.test (deflated 74%)
#8 0.744   adding: src/sqlite3/test/backup_ioerr.test (deflated 70%)
#8 0.744   adding: src/sqlite3/test/in.test (deflated 77%)
#8 0.745   adding: src/sqlite3/test/tkt-d11f09d36e.test (deflated 53%)
#8 0.745   adding: src/sqlite3/test/ctime.test (deflated 73%)
#8 0.745   adding: src/sqlite3/test/colmeta.test (deflated 65%)
#8 0.745   adding: src/sqlite3/test/tkt-f7b4edec.test (deflated 54%)
#8 0.746   adding: src/sqlite3/test/e_blobbytes.test (deflated 52%)
#8 0.746   adding: src/sqlite3/test/tkt3757.test (deflated 47%)
#8 0.746   adding: src/sqlite3/test/tkt-b351d95f9.test (deflated 56%)
#8 0.746   adding: src/sqlite3/test/numindex1.test (deflated 64%)
#8 0.746   adding: src/sqlite3/test/gencol1.test (deflated 72%)
#8 0.747   adding: src/sqlite3/test/fts3sort.test (deflated 70%)
#8 0.747   adding: src/sqlite3/test/fts1a.test (deflated 81%)
#8 0.747   adding: src/sqlite3/test/fts4merge5.test (deflated 50%)
#8 0.747   adding: src/sqlite3/test/fts3expr4.test (deflated 65%)
#8 0.748   adding: src/sqlite3/test/aggerror.test (deflated 59%)
#8 0.748   adding: src/sqlite3/test/percentile.test (deflated 73%)
#8 0.748   adding: src/sqlite3/test/tempdb2.test (deflated 60%)
#8 0.748   adding: src/sqlite3/test/trans3.test (deflated 61%)
#8 0.748   adding: src/sqlite3/test/corruptN.test (deflated 69%)
#8 0.749   adding: src/sqlite3/test/corruptE.test (deflated 66%)
#8 0.749   adding: src/sqlite3/test/corruptB.test (deflated 75%)
#8 0.749   adding: src/sqlite3/test/coalesce.test (deflated 67%)
#8 0.749   adding: src/sqlite3/test/alterdropcol2.test (deflated 69%)
#8 0.750   adding: src/sqlite3/test/crash5.test (deflated 59%)
#8 0.750   adding: src/sqlite3/test/mmap1.test (deflated 71%)
#8 0.750   adding: src/sqlite3/test/crash.test (deflated 73%)
#8 0.751   adding: src/sqlite3/test/varint.test (deflated 49%)
#8 0.751   adding: src/sqlite3/test/whereC.test (deflated 70%)
#8 0.751   adding: src/sqlite3/test/selectC.test (deflated 72%)
#8 0.751   adding: src/sqlite3/test/zipfile2.test (deflated 68%)
#8 0.752   adding: src/sqlite3/test/fuzz.test (deflated 68%)
#8 0.752   adding: src/sqlite3/test/fts2o.test (deflated 74%)
#8 0.752   adding: src/sqlite3/test/lock4.test (deflated 56%)
#8 0.752   adding: src/sqlite3/test/without_rowid4.test (deflated 79%)
#8 0.753   adding: src/sqlite3/test/sort4.test (deflated 59%)
#8 0.753   adding: src/sqlite3/test/incrvacuum.test (deflated 75%)
#8 0.755   adding: src/sqlite3/test/json104.test (deflated 73%)
#8 0.755   adding: src/sqlite3/test/fts3corrupt.test (deflated 68%)
#8 0.755   adding: src/sqlite3/test/async3.test (deflated 56%)
#8 0.755   adding: src/sqlite3/test/tkt2391.test (deflated 55%)
#8 0.755   adding: src/sqlite3/test/e_blobopen.test (deflated 74%)
#8 0.756   adding: src/sqlite3/test/misc3.test (deflated 73%)
#8 0.757   adding: src/sqlite3/test/savepoint5.test (deflated 54%)
#8 0.757   adding: src/sqlite3/test/insert.test (deflated 73%)
#8 0.758   adding: src/sqlite3/test/window7.test (deflated 86%)
#8 0.758   adding: src/sqlite3/test/fuzz2.test (deflated 71%)
#8 0.758   adding: src/sqlite3/test/chunksize.test (deflated 45%)
#8 0.758   adding: src/sqlite3/test/windowfault.test (deflated 72%)
#8 0.759   adding: src/sqlite3/test/where9.test (deflated 80%)
#8 0.760   adding: src/sqlite3/test/fts4lastrowid.test (deflated 66%)
#8 0.760   adding: src/sqlite3/test/malloc7.test (deflated 45%)
#8 0.760   adding: src/sqlite3/test/columncount.test (deflated 52%)
#8 0.760   adding: src/sqlite3/test/badutf.test (deflated 78%)
#8 0.761   adding: src/sqlite3/test/vacuum.test (deflated 70%)
#8 0.761   adding: src/sqlite3/test/thread2.test (deflated 65%)
#8 0.761   adding: src/sqlite3/test/fts3corrupt6.test (deflated 71%)
#8 0.761   adding: src/sqlite3/test/altermalloc3.test (deflated 53%)
#8 0.761   adding: src/sqlite3/test/walcrash4.test (deflated 52%)
#8 0.762   adding: src/sqlite3/test/tkt3718.test (deflated 67%)
#8 0.762   adding: src/sqlite3/test/jrnlmode.test (deflated 81%)
#8 0.762   adding: src/sqlite3/test/filectrl.test (deflated 61%)
#8 0.762   adding: src/sqlite3/test/tkt-cbd054fa6b.test (deflated 66%)
#8 0.763   adding: src/sqlite3/test/fuzz-oss1.test (deflated 85%)
#8 0.768   adding: src/sqlite3/test/distinctagg.test (deflated 74%)
#8 0.768   adding: src/sqlite3/test/corruptM.test (deflated 81%)
#8 0.768   adding: src/sqlite3/test/btreefault.test (deflated 54%)
#8 0.768   adding: src/sqlite3/test/analyze.test (deflated 77%)
#8 0.768   adding: src/sqlite3/test/view.test (deflated 75%)
#8 0.769   adding: src/sqlite3/test/tkt3879.test (deflated 56%)
#8 0.769   adding: src/sqlite3/test/fts1d.test (deflated 60%)
#8 0.769   adding: src/sqlite3/test/extraquick.test (deflated 48%)
#8 0.770   adding: src/sqlite3/test/fts1e.test (deflated 71%)
#8 0.770   adding: src/sqlite3/test/minmax2.test (deflated 77%)
#8 0.770   adding: src/sqlite3/test/fts3offsets.test (deflated 72%)
#8 0.770   adding: src/sqlite3/test/fts3ah.test (deflated 57%)
#8 0.770   adding: src/sqlite3/test/tkt3918.test (deflated 54%)
#8 0.770   adding: src/sqlite3/test/closure01.test (deflated 75%)
#8 0.771   adding: src/sqlite3/test/wal8.test (deflated 60%)
#8 0.771   adding: src/sqlite3/test/collate9.test (deflated 69%)
#8 0.771   adding: src/sqlite3/test/tkt-f67b41381a.test (deflated 62%)
#8 0.771   adding: src/sqlite3/test/vtab4.test (deflated 78%)
#8 0.771   adding: src/sqlite3/test/memsubsys1.test (deflated 68%)
#8 0.772   adding: src/sqlite3/test/fts3atoken.test (deflated 69%)
#8 0.772   adding: src/sqlite3/test/vtabA.test (deflated 61%)
#8 0.772   adding: src/sqlite3/test/speed4.test (deflated 67%)
#8 0.773   adding: src/sqlite3/test/tkt-54844eea3f.test (deflated 60%)
#8 0.773   adding: src/sqlite3/test/tkt2686.test (deflated 61%)
#8 0.773   adding: src/sqlite3/test/memdb.test (deflated 73%)
#8 0.773   adding: src/sqlite3/test/distinct2.test (deflated 74%)
#8 0.774   adding: src/sqlite3/test/orderby2.test (deflated 68%)
#8 0.774   adding: src/sqlite3/test/sysfault.test (deflated 74%)
#8 0.774   adding: src/sqlite3/test/table.test (deflated 73%)
#8 0.775   adding: src/sqlite3/test/fts4docid.test (deflated 63%)
#8 0.775   adding: src/sqlite3/test/bigsort.test (deflated 46%)
#8 0.775   adding: src/sqlite3/test/fts3defer3.test (deflated 53%)
#8 0.776   adding: src/sqlite3/test/badutf2.test (deflated 61%)
#8 0.776   adding: src/sqlite3/test/fts3b.test (deflated 64%)
#8 0.776   adding: src/sqlite3/test/crashM.test (deflated 57%)
#8 0.776   adding: src/sqlite3/test/window1.test (deflated 80%)
#8 0.778   adding: src/sqlite3/test/alterauth2.test (deflated 74%)
#8 0.778   adding: src/sqlite3/test/cursorhint2.test (deflated 69%)
#8 0.779   adding: src/sqlite3/test/fts1b.test (deflated 64%)
#8 0.779   adding: src/sqlite3/test/vacuum5.test (deflated 63%)
#8 0.779   adding: src/sqlite3/test/schema5.test (deflated 61%)
#8 0.779   adding: src/sqlite3/test/misc6.test (deflated 55%)
#8 0.779   adding: src/sqlite3/test/alter.test (deflated 76%)
#8 0.780   adding: src/sqlite3/test/format4.test (deflated 56%)
#8 0.780   adding: src/sqlite3/test/filterfault.test (deflated 45%)
#8 0.780   adding: src/sqlite3/test/tkt2285.test (deflated 51%)
#8 0.781   adding: src/sqlite3/test/dbdata.test (deflated 63%)
#8 0.781   adding: src/sqlite3/test/trans.test (deflated 81%)
#8 0.782   adding: src/sqlite3/test/tkt3773.test (deflated 47%)
#8 0.782   adding: src/sqlite3/test/errmsg.test (deflated 68%)
#8 0.782   adding: src/sqlite3/test/func4.test (deflated 86%)
#8 0.783   adding: src/sqlite3/test/shell6.test (deflated 67%)
#8 0.783   adding: src/sqlite3/test/auth.test (deflated 87%)
#8 0.785   adding: src/sqlite3/test/stat.test (deflated 74%)
#8 0.786   adding: src/sqlite3/test/attach2.test (deflated 70%)
#8 0.786   adding: src/sqlite3/test/btree02.test (deflated 51%)
#8 0.786   adding: src/sqlite3/test/printf.test (deflated 92%)
#8 0.789   adding: src/sqlite3/test/tkt2339.test (deflated 76%)
#8 0.789   adding: src/sqlite3/test/fkey4.test (deflated 52%)
#8 0.790   adding: src/sqlite3/test/bestindex1.test (deflated 70%)
#8 0.790   adding: src/sqlite3/test/reindex.test (deflated 67%)
#8 0.790   adding: src/sqlite3/test/malloc6.test (deflated 49%)
#8 0.790   adding: src/sqlite3/test/fts2k.test (deflated 68%)
#8 0.790   adding: src/sqlite3/test/e_select.test (deflated 77%)
#8 0.794   adding: src/sqlite3/test/uri.test (deflated 70%)
#8 0.794   adding: src/sqlite3/test/crash8.test (deflated 75%)
#8 0.794   adding: src/sqlite3/test/memjournal.test (deflated 48%)
#8 0.795   adding: src/sqlite3/test/tkt-d635236375.test (deflated 47%)
#8 0.795   adding: src/sqlite3/test/join2.test (deflated 73%)
#8 0.795   adding: src/sqlite3/test/date.test (deflated 75%)
#8 0.796   adding: src/sqlite3/test/tkt-5e10420e8d.test (deflated 56%)
#8 0.796   adding: src/sqlite3/test/savepointfault.test (deflated 76%)
#8 0.796   adding: src/sqlite3/test/triggerB.test (deflated 61%)
#8 0.796   adding: src/sqlite3/test/select6.test (deflated 79%)
#8 0.797   adding: src/sqlite3/test/trigger9.test (deflated 76%)
#8 0.797   adding: src/sqlite3/test/tkt-2ea2425d34.test (deflated 43%)
#8 0.797   adding: src/sqlite3/test/zipfile.test (deflated 76%)
#8 0.798   adding: src/sqlite3/test/permutations.test (deflated 76%)
#8 0.800   adding: src/sqlite3/test/unordered.test (deflated 63%)
#8 0.800   adding: src/sqlite3/test/fts1c.test (deflated 63%)
#8 0.802   adding: src/sqlite3/test/shell2.test (deflated 71%)
#8 0.802   adding: src/sqlite3/test/backup4.test (deflated 63%)
#8 0.802   adding: src/sqlite3/test/attachmalloc.test (deflated 55%)
#8 0.803   adding: src/sqlite3/test/window6.test (deflated 74%)
#8 0.803   adding: src/sqlite3/test/symlink2.test (deflated 60%)
#8 0.803   adding: src/sqlite3/test/securedel2.test (deflated 61%)
#8 0.803   adding: src/sqlite3/test/async4.test (deflated 70%)
#8 0.803   adding: src/sqlite3/test/checkfault.test (deflated 49%)
#8 0.803   adding: src/sqlite3/test/tkt-31338dca7e.test (deflated 75%)
#8 0.804   adding: src/sqlite3/test/aggnested.test (deflated 72%)
#8 0.804   adding: src/sqlite3/test/walprotocol.test (deflated 70%)
#8 0.804   adding: src/sqlite3/test/walcrash.test (deflated 81%)
#8 0.805   adding: src/sqlite3/test/unique2.test (deflated 61%)
#8 0.805   adding: src/sqlite3/test/tkt-9a8b09f8e6.test (deflated 81%)
#8 0.805   adding: src/sqlite3/test/vtab9.test (deflated 57%)
#8 0.805   adding: src/sqlite3/test/skipscan5.test (deflated 61%)
#8 0.805   adding: src/sqlite3/test/gcfault.test (deflated 51%)
#8 0.805   adding: src/sqlite3/test/index5.test (deflated 52%)
#8 0.806   adding: src/sqlite3/test/fts3aux2.test (deflated 76%)
#8 0.806   adding: src/sqlite3/test/nulls1.test (deflated 75%)
#8 0.806   adding: src/sqlite3/test/fts3defer2.test (deflated 73%)
#8 0.806   adding: src/sqlite3/test/walnoshm.test (deflated 71%)
#8 0.807   adding: src/sqlite3/test/boundary2.test (deflated 94%)
#8 0.818   adding: src/sqlite3/test/fts2a.test (deflated 81%)
#8 0.818   adding: src/sqlite3/test/full.test (deflated 46%)
#8 0.818   adding: src/sqlite3/test/join5.test (deflated 73%)
#8 0.818   adding: src/sqlite3/test/vacuum2.test (deflated 68%)
#8 0.819   adding: src/sqlite3/test/vtabH.test (deflated 68%)
#8 0.819   adding: src/sqlite3/test/tkt-26ff0c2d1e.test (deflated 48%)
#8 0.819   adding: src/sqlite3/test/altermalloc2.test (deflated 67%)
#8 0.819   adding: src/sqlite3/test/misc4.test (deflated 64%)
#8 0.820   adding: src/sqlite3/test/session.test (deflated 49%)
#8 0.820   adding: src/sqlite3/test/spellfix4.test (deflated 69%)
#8 0.820   adding: src/sqlite3/test/sqllog.test (deflated 63%)
#8 0.820   adding: src/sqlite3/test/e_uri.test (deflated 73%)
#8 0.821   adding: src/sqlite3/test/intreal.test (deflated 63%)
#8 0.821   adding: src/sqlite3/test/changes.test (deflated 56%)
#8 0.821   adding: src/sqlite3/test/func7.test (deflated 74%)
#8 0.821   adding: src/sqlite3/test/temptable.test (deflated 76%)
#8 0.822   adding: src/sqlite3/test/subquery.test (deflated 75%)
#8 0.822   adding: src/sqlite3/test/pcache2.test (deflated 61%)
#8 0.822   adding: src/sqlite3/test/without_rowid7.test (deflated 56%)
#8 0.823   adding: src/sqlite3/test/lock.test (deflated 73%)
#8 0.823   adding: src/sqlite3/test/descidx2.test (deflated 70%)
#8 0.823   adding: src/sqlite3/test/fts3drop.test (deflated 53%)
#8 0.823   adding: src/sqlite3/test/rbu.test (deflated 46%)
#8 0.823   adding: src/sqlite3/test/upfrom1.test (deflated 74%)
#8 0.824   adding: src/sqlite3/test/vtab5.test (deflated 67%)
#8 0.824   adding: src/sqlite3/test/incrblob3.test (deflated 73%)
#8 0.824   adding: src/sqlite3/test/tkt1667.test (deflated 54%)
#8 0.824   adding: src/sqlite3/test/tkt2817.test (deflated 59%)
#8 0.824   adding: src/sqlite3/test/fts3malloc.test (deflated 79%)
#8 0.825   adding: src/sqlite3/test/fts4unicode.test (deflated 74%)
#8 0.825   adding: src/sqlite3/test/fordelete.test (deflated 63%)
#8 0.826   adding: src/sqlite3/test/vtab_err.test (deflated 63%)
#8 0.826   adding: src/sqlite3/test/filter2.test (deflated 64%)
#8 0.826   adding: src/sqlite3/test/trigger3.test (deflated 73%)
#8 0.826   adding: src/sqlite3/test/normalize.test (deflated 78%)
#8 0.827   adding: src/sqlite3/test/fuzz_malloc.test (deflated 55%)
#8 0.827   adding: src/sqlite3/test/like3.test (deflated 74%)
#8 0.827   adding: src/sqlite3/test/softheap1.test (deflated 56%)
#8 0.827   adding: src/sqlite3/test/update2.test (deflated 73%)
#8 0.827   adding: src/sqlite3/test/upsert2.test (deflated 82%)
#8 0.828   adding: src/sqlite3/test/shmlock.test (deflated 70%)
#8 0.828   adding: src/sqlite3/test/incrblob2.test (deflated 73%)
#8 0.828   adding: src/sqlite3/test/alterqf.test (deflated 65%)
#8 0.828   adding: src/sqlite3/test/tkt3541.test (deflated 47%)
#8 0.829   adding: src/sqlite3/test/tkt2409.test (deflated 65%)
#8 0.829   adding: src/sqlite3/test/alter3.test (deflated 75%)
#8 0.829   adding: src/sqlite3/test/corruptH.test (deflated 69%)
#8 0.829   adding: src/sqlite3/test/tkt-91e2e8ba6f.test (deflated 61%)
#8 0.830   adding: src/sqlite3/test/pcache.test (deflated 72%)
#8 0.830   adding: src/sqlite3/test/mallocAll.test (deflated 52%)
#8 0.830   adding: src/sqlite3/test/uri2.test (deflated 53%)
#8 0.830   adding: src/sqlite3/test/fts4content.test (deflated 76%)
#8 0.831   adding: src/sqlite3/test/external_reader.test (deflated 56%)
#8 0.831   adding: src/sqlite3/test/selectB.test (deflated 81%)
#8 0.831   adding: src/sqlite3/test/veryquick.test (deflated 45%)
#8 0.831   adding: src/sqlite3/test/snapshot3.test (deflated 62%)
#8 0.831   adding: src/sqlite3/test/speed3.test (deflated 59%)
#8 0.832   adding: src/sqlite3/test/coveridxscan.test (deflated 61%)
#8 0.832   adding: src/sqlite3/test/interrupt2.test (deflated 66%)
#8 0.832   adding: src/sqlite3/test/exprfault.test (deflated 48%)
#8 0.832   adding: src/sqlite3/test/vtabF.test (deflated 53%)
#8 0.832   adding: src/sqlite3/test/tkt2643.test (deflated 42%)
#8 0.832   adding: src/sqlite3/test/e_resolve.test (deflated 68%)
#8 0.833   adding: src/sqlite3/test/mallocA.test (deflated 62%)
#8 0.833   adding: src/sqlite3/test/mmap4.test (deflated 54%)
#8 0.833   adding: src/sqlite3/test/orderbyA.test (deflated 73%)
#8 0.833   adding: src/sqlite3/test/fts4onepass.test (deflated 68%)
#8 0.833   adding: src/sqlite3/test/fts3snippet2.test (deflated 66%)
#8 0.834   adding: src/sqlite3/test/fts4merge4.test (deflated 64%)
#8 0.834   adding: src/sqlite3/test/multiplex4.test (deflated 65%)
#8 0.834   adding: src/sqlite3/test/shell7.test (deflated 49%)
#8 0.834   adding: src/sqlite3/test/collate8.test (deflated 73%)
#8 0.834   adding: src/sqlite3/test/thread004.test (deflated 56%)
#8 0.834   adding: src/sqlite3/test/fts1j.test (deflated 63%)
#8 0.835   adding: src/sqlite3/test/tkt2192.test (deflated 68%)
#8 0.835   adding: src/sqlite3/test/vtab1.test (deflated 77%)
#8 0.836   adding: src/sqlite3/test/savepoint2.test (deflated 68%)
#8 0.836   adding: src/sqlite3/test/bestindex7.test (deflated 61%)
#8 0.837   adding: src/sqlite3/test/manydb.test (deflated 53%)
#8 0.837   adding: src/sqlite3/test/async.test (deflated 57%)
#8 0.837   adding: src/sqlite3/test/sharedB.test (deflated 49%)
#8 0.837   adding: src/sqlite3/test/analyze3.test (deflated 78%)
#8 0.838   adding: src/sqlite3/test/boundary1.test (deflated 94%)
#8 0.843   adding: src/sqlite3/test/json101.test (deflated 77%)
#8 0.844   adding: src/sqlite3/test/securedel.test (deflated 72%)
#8 0.844   adding: src/sqlite3/test/whereH.test (deflated 84%)
#8 0.844   adding: src/sqlite3/test/lock5.test (deflated 70%)
#8 0.844   adding: src/sqlite3/test/fts4langid.test (deflated 75%)
#8 0.845   adding: src/sqlite3/test/vacuum3.test (deflated 78%)
#8 0.845   adding: src/sqlite3/test/fts4aa.test (deflated 80%)
#8 0.846   adding: src/sqlite3/test/tkt4018.test (deflated 53%)
#8 0.846   adding: src/sqlite3/test/vtab6.test (deflated 78%)
#8 0.846   adding: src/sqlite3/test/prefixes.test (deflated 58%)
#8 0.846   adding: src/sqlite3/test/tkt2251.test (deflated 61%)
#8 0.846   adding: src/sqlite3/test/schema2.test (deflated 78%)
#8 0.847   adding: src/sqlite3/test/types.test (deflated 72%)
#8 0.847   adding: src/sqlite3/test/corrupt2.test (deflated 78%)
#8 0.848   adding: src/sqlite3/test/tkt-f3e5abed55.test (deflated 63%)
#8 0.848   adding: src/sqlite3/test/nolock.test (deflated 80%)
#8 0.848   adding: src/sqlite3/test/tkt3992.test (deflated 61%)
#8 0.848   adding: src/sqlite3/test/pagerfault.test (deflated 82%)
#8 0.850   adding: src/sqlite3/test/sorterref.test (deflated 52%)
#8 0.850   adding: src/sqlite3/test/windowB.test (deflated 80%)
#8 0.850   adding: src/sqlite3/test/notify1.test (deflated 76%)
#8 0.851   adding: src/sqlite3/test/ioerr3.test (deflated 48%)
#8 0.851   adding: src/sqlite3/test/tabfunc01.test (deflated 73%)
#8 0.852   adding: src/sqlite3/test/walbak.test (deflated 75%)
#8 0.852   adding: src/sqlite3/test/upsert5.test (deflated 92%)
#8 0.852   adding: src/sqlite3/test/select4.test (deflated 81%)
#8 0.853   adding: src/sqlite3/test/createtab.test (deflated 64%)
#8 0.854   adding: src/sqlite3/test/tkt-2a5629202f.test (deflated 61%)
#8 0.854   adding: src/sqlite3/test/tkt-a7debbe0.test (deflated 67%)
#8 0.854   adding: src/sqlite3/test/tkt-fa7bf5ec.test (deflated 47%)
#8 0.854   adding: src/sqlite3/test/vtab3.test (deflated 67%)
#8 0.854   adding: src/sqlite3/test/backup5.test (deflated 55%)
#8 0.854   adding: src/sqlite3/test/sort3.test (deflated 62%)
#8 0.855   adding: src/sqlite3/test/tkt3841.test (deflated 54%)
#8 0.855   adding: src/sqlite3/test/exclusive.test (deflated 74%)
#8 0.855   adding: src/sqlite3/test/busy.test (deflated 65%)
#8 0.855   adding: src/sqlite3/test/walblock.test (deflated 57%)
#8 0.856   adding: src/sqlite3/test/tkt3997.test (deflated 62%)
#8 0.856   adding: src/sqlite3/test/walslow.test (deflated 65%)
#8 0.856   adding: src/sqlite3/test/tkt-2d1a5c67d.test (deflated 63%)
#8 0.856   adding: src/sqlite3/test/minmax3.test (deflated 80%)
#8 0.856   adding: src/sqlite3/test/tkt3731.test (deflated 51%)
#8 0.857   adding: src/sqlite3/test/notify3.test (deflated 64%)
#8 0.857   adding: src/sqlite3/test/triggerE.test (deflated 63%)
#8 0.857   adding: src/sqlite3/test/tkt-5ee23731f.test (deflated 49%)
#8 0.857   adding: src/sqlite3/test/rollback2.test (deflated 66%)
#8 0.857   adding: src/sqlite3/test/affinity2.test (deflated 69%)
#8 0.858   adding: src/sqlite3/test/e_createtable.test (deflated 77%)
#8 0.860   adding: src/sqlite3/test/boundary4.test (deflated 96%)
#8 0.862   adding: src/sqlite3/test/without_rowid5.test (deflated 72%)
#8 0.862   adding: src/sqlite3/test/windowpushd.test (deflated 73%)
#8 0.862   adding: src/sqlite3/test/spellfix.test (deflated 71%)
#8 0.863   adding: src/sqlite3/test/schema.test (deflated 76%)
#8 0.864   adding: src/sqlite3/test/e_update.test (deflated 75%)
#8 0.865   adding: src/sqlite3/test/shell4.test (deflated 69%)
#8 0.865   adding: src/sqlite3/test/dataversion1.test (deflated 61%)
#8 0.865   adding: src/sqlite3/test/quota2.test (deflated 79%)
#8 0.865   adding: src/sqlite3/test/vtab2.test (deflated 65%)
#8 0.866   adding: src/sqlite3/test/fts3d.test (deflated 79%)
#8 0.866   adding: src/sqlite3/test/strict1.test (deflated 70%)
#8 0.867   adding: src/sqlite3/test/e_blobwrite.test (deflated 68%)
#8 0.867   adding: src/sqlite3/test/distinct.test (deflated 70%)
#8 0.867   adding: src/sqlite3/test/snapshot.test (deflated 78%)
#8 0.868   adding: src/sqlite3/test/whereJ.test (deflated 77%)
#8 0.874   adding: src/sqlite3/test/sortfault.test (deflated 68%)
#8 0.874   adding: src/sqlite3/test/tkt-8c63ff0ec.test (deflated 53%)
#8 0.874   adding: src/sqlite3/test/fts2e.test (deflated 71%)
#8 0.874   adding: src/sqlite3/test/analyze8.test (deflated 63%)
#8 0.875   adding: src/sqlite3/test/pragmafault.test (deflated 46%)
#8 0.875   adding: src/sqlite3/test/tkt3871.test (deflated 62%)
#8 0.875   adding: src/sqlite3/test/selectD.test (deflated 75%)
#8 0.875   adding: src/sqlite3/test/fts3cov.test (deflated 70%)
#8 0.876   adding: src/sqlite3/test/async5.test (deflated 58%)
#8 0.876   adding: src/sqlite3/test/sharedA.test (deflated 64%)
#8 0.876   adding: src/sqlite3/test/swarmvtab3.test (deflated 72%)
#8 0.876   adding: src/sqlite3/test/fts2i.test (deflated 65%)
#8 0.876   adding: src/sqlite3/test/fts3aa.test (deflated 79%)
#8 0.877   adding: src/sqlite3/test/altertab2.test (deflated 76%)
#8 0.877   adding: src/sqlite3/test/json105.test (deflated 79%)
#8 0.877   adding: src/sqlite3/test/fts1f.test (deflated 71%)
#8 0.877   adding: src/sqlite3/test/quota-glob.test (deflated 70%)
#8 0.878   adding: src/sqlite3/test/bind.test (deflated 80%)
#8 0.878   adding: src/sqlite3/test/tkt3461.test (deflated 60%)
#8 0.878   adding: src/sqlite3/test/loadext2.test (deflated 72%)
#8 0.878   adding: src/sqlite3/test/fts3comp1.test (deflated 61%)
#8 0.879   adding: src/sqlite3/test/autoinc.test (deflated 80%)
#8 0.879   adding: src/sqlite3/test/mallocM.test (deflated 57%)
#8 0.879   adding: src/sqlite3/test/rowvalueA.test (deflated 65%)
#8 0.880   adding: src/sqlite3/test/atomic.test (deflated 43%)
#8 0.880   adding: src/sqlite3/test/schemafault.test (deflated 44%)
#8 0.880   adding: src/sqlite3/test/tkt2565.test (deflated 51%)
#8 0.880   adding: src/sqlite3/test/without_rowid1.test (deflated 74%)
#8 0.881   adding: src/sqlite3/test/e_walauto.test (deflated 70%)
#8 0.881   adding: src/sqlite3/test/tkt1449.test (deflated 85%)
#8 0.882   adding: src/sqlite3/test/tkt2213.test (deflated 43%)
#8 0.882   adding: src/sqlite3/test/fts4merge3.test (deflated 64%)
#8 0.882   adding: src/sqlite3/test/loadext.test (deflated 69%)
#8 0.882   adding: src/sqlite3/test/numcast.test (deflated 53%)
#8 0.882   adding: src/sqlite3/test/e_walckpt.test (deflated 71%)
#8 0.883   adding: src/sqlite3/test/decimal.test (deflated 68%)
#8 0.884   adding: src/sqlite3/test/mallocK.test (deflated 67%)
#8 0.884   adding: src/sqlite3/test/vacuum6.test (deflated 61%)
#8 0.884   adding: src/sqlite3/test/snapshot4.test (deflated 51%)
#8 0.884   adding: src/sqlite3/test/tkt3630.test (deflated 51%)
#8 0.884   adding: src/sqlite3/test/tkt3838.test (deflated 52%)
#8 0.884   adding: src/sqlite3/test/tkt35xx.test (deflated 61%)
#8 0.885   adding: src/sqlite3/test/sort.test (deflated 75%)
#8 0.885   adding: src/sqlite3/test/substr.test (deflated 70%)
#8 0.885   adding: src/sqlite3/test/bigfile.test (deflated 70%)
#8 0.886   adding: src/sqlite3/test/triggerA.test (deflated 72%)
#8 0.886   adding: src/sqlite3/test/regexp1.test (deflated 80%)
#8 0.886   adding: src/sqlite3/test/tkt-b75a9ca6b0.test (deflated 61%)
#8 0.886   adding: src/sqlite3/test/index8.test (deflated 52%)
#8 0.886   adding: src/sqlite3/test/triggerD.test (deflated 74%)
#8 0.887   adding: src/sqlite3/test/fkey2.test (deflated 82%)
#8 0.888   adding: src/sqlite3/test/sort2.test (deflated 59%)
#8 0.889   adding: src/sqlite3/test/tkt-18458b1a.test (deflated 53%)
#8 0.889   adding: src/sqlite3/test/tkt-a7b7803e.test (deflated 66%)
#8 0.889   adding: src/sqlite3/test/trigger4.test (deflated 74%)
#8 0.889   adding: src/sqlite3/test/thread005.test (deflated 64%)
#8 0.889   adding: src/sqlite3/test/mallocG.test (deflated 52%)
#8 0.889   adding: src/sqlite3/test/corruptI.test (deflated 68%)
#8 0.890   adding: src/sqlite3/test/csv01.test (deflated 72%)
#8 0.890   adding: src/sqlite3/test/rowvalue2.test (deflated 73%)
#8 0.890   adding: src/sqlite3/test/with1.test (deflated 75%)
#8 0.891   adding: src/sqlite3/test/fts2f.test (deflated 71%)
#8 0.892   adding: src/sqlite3/test/insert2.test (deflated 71%)
#8 0.892   adding: src/sqlite3/test/progress.test (deflated 64%)
#8 0.892   adding: src/sqlite3/test/cacheflush.test (deflated 76%)
#8 0.892   adding: src/sqlite3/test/fts3prefix.test (deflated 72%)
#8 0.893   adding: src/sqlite3/test/strict2.test (deflated 75%)
#8 0.893   adding: src/sqlite3/test/walsetlk.test (deflated 73%)
#8 0.893   adding: src/sqlite3/test/e_droptrigger.test (deflated 77%)
#8 0.893   adding: src/sqlite3/test/quick.test (deflated 48%)
#8 0.893   adding: src/sqlite3/test/extension01.test (deflated 60%)
#8 0.894   adding: src/sqlite3/test/mallocL.test (deflated 47%)
#8 0.894   adding: src/sqlite3/test/wal.test (deflated 77%)
#8 0.895   adding: src/sqlite3/test/filter1.test (deflated 78%)
#8 0.896   adding: src/sqlite3/test/corruptK.test (deflated 75%)
#8 0.896   adding: src/sqlite3/test/upfromfault.test (deflated 65%)
#8 0.896   adding: src/sqlite3/test/writecrash.test (deflated 46%)
#8 0.896   adding: src/sqlite3/test/walvfs.test (deflated 76%)
#8 0.897   adding: src/sqlite3/test/minmax4.test (deflated 75%)
#8 0.897   adding: src/sqlite3/test/rowvaluevtab.test (deflated 65%)
#8 0.897   adding: src/sqlite3/test/tkt3493.test (deflated 72%)
#8 0.897   adding: src/sqlite3/test/minmax.test (deflated 79%)
#8 0.898   adding: src/sqlite3/test/statfault.test (deflated 57%)
#8 0.898   adding: src/sqlite3/test/nan.test (deflated 80%)
#8 0.898   adding: src/sqlite3/test/tkt3761.test (deflated 50%)
#8 0.898   adding: src/sqlite3/test/notnullfault.test (deflated 55%)
#8 0.898   adding: src/sqlite3/test/index7.test (deflated 70%)
#8 0.899   adding: src/sqlite3/test/schema3.test (deflated 63%)
#8 0.899   adding: src/sqlite3/test/unique.test (deflated 75%)
#8 0.899   adding: src/sqlite3/test/tkt2927.test (deflated 90%)
#8 0.899   adding: src/sqlite3/test/mallocB.test (deflated 51%)
#8 0.900   adding: src/sqlite3/test/e_wal.test (deflated 69%)
#8 0.900   adding: src/sqlite3/test/in4.test (deflated 73%)
#8 0.900   adding: src/sqlite3/test/tkt-3998683a16.test (deflated 59%)
#8 0.901   adding: src/sqlite3/test/tkt3424.test (deflated 60%)
#8 0.901   adding: src/sqlite3/test/win32heap.test (deflated 56%)
#8 0.901   adding: src/sqlite3/test/limit.test (deflated 79%)
#8 0.901   adding: src/sqlite3/test/rowvalue5.test (deflated 58%)
#8 0.902   adding: src/sqlite3/test/cursorhint.test (deflated 66%)
#8 0.902   adding: src/sqlite3/test/lock6.test (deflated 62%)
#8 0.902   adding: src/sqlite3/test/tkt1537.test (deflated 75%)
#8 0.902   adding: src/sqlite3/test/fts1l.test (deflated 63%)
#8 0.902   adding: src/sqlite3/test/mmapwarm.test (deflated 58%)
#8 0.902   adding: src/sqlite3/test/rowvalue7.test (deflated 61%)
#8 0.903   adding: src/sqlite3/test/fts3dropmod.test (deflated 51%)
#8 0.903   adding: src/sqlite3/test/tkt3292.test (deflated 58%)
#8 0.903   adding: src/sqlite3/test/wal7.test (deflated 72%)
#8 0.903   adding: src/sqlite3/test/fts2token.test (deflated 65%)
#8 0.903   adding: src/sqlite3/test/eval.test (deflated 62%)
#8 0.904   adding: src/sqlite3/test/conflict.test (deflated 82%)
#8 0.904   adding: src/sqlite3/test/quota.test (deflated 78%)
#8 0.905   adding: src/sqlite3/test/tkt-fc62af4523.test (deflated 61%)
#8 0.905   adding: src/sqlite3/test/attach3.test (deflated 73%)
#8 0.905   adding: src/sqlite3/test/thread1.test (deflated 69%)
#8 0.905   adding: src/sqlite3/test/ovfl.test (deflated 46%)
#8 0.905   adding: src/sqlite3/test/fts1k.test (deflated 53%)
#8 0.906   adding: src/sqlite3/test/incrvacuum2.test (deflated 69%)
#8 0.906   adding: src/sqlite3/test/mjournal.test (deflated 66%)
#8 0.906   adding: src/sqlite3/test/intpkey.test (deflated 75%)
#8 0.906   adding: src/sqlite3/test/pushdown.test (deflated 64%)
#8 0.907   adding: src/sqlite3/test/dbfuzz001.test (deflated 82%)
#8 0.907   adding: src/sqlite3/test/delete_db.test (deflated 72%)
#8 0.908   adding: src/sqlite3/test/wal9.test (deflated 62%)
#8 0.908   adding: src/sqlite3/test/fuzz3.test (deflated 58%)
#8 0.908   adding: src/sqlite3/test/triggerG.test (deflated 59%)
#8 0.908   adding: src/sqlite3/test/temptrigger.test (deflated 74%)
#8 0.908   adding: src/sqlite3/test/corrupt9.test (deflated 64%)
#8 0.909   adding: src/sqlite3/test/wherelimit2.test (deflated 74%)
#8 0.909   adding: src/sqlite3/test/window4.test (deflated 91%)
#8 0.910   adding: src/sqlite3/test/contrib01.test (deflated 76%)
#8 0.910   adding: src/sqlite3/test/fts3auto.test (deflated 70%)
#8 0.911   adding: src/sqlite3/test/whereF.test (deflated 68%)
#8 0.912   adding: src/sqlite3/test/analyzer1.test (deflated 47%)
#8 0.912   adding: src/sqlite3/test/pager4.test (deflated 63%)
#8 0.912   adding: src/sqlite3/test/walpersist.test (deflated 68%)
#8 0.912   adding: src/sqlite3/test/fts3aj.test (deflated 64%)
#8 0.912   adding: src/sqlite3/test/unionvtabfault.test (deflated 59%)
#8 0.912   adding: src/sqlite3/test/insertfault.test (deflated 44%)
#8 0.912   adding: src/sqlite3/test/incrcorrupt.test (deflated 75%)
#8 0.913   adding: src/sqlite3/test/upsert1.test (deflated 77%)
#8 0.913   adding: src/sqlite3/test/fuzz4.test (deflated 66%)
#8 0.913   adding: src/sqlite3/test/cache.test (deflated 66%)
#8 0.913   adding: src/sqlite3/test/btree01.test (deflated 77%)
#8 0.913   adding: src/sqlite3/test/select1.test (deflated 80%)
#8 0.914   adding: src/sqlite3/test/zipfilefault.test (deflated 72%)
#8 0.915   adding: src/sqlite3/test/insert3.test (deflated 67%)
#8 0.915   adding: src/sqlite3/test/window2.test (deflated 83%)
#8 0.917   adding: src/sqlite3/test/vtabC.test (deflated 64%)
#8 0.917   adding: src/sqlite3/test/in2.test (deflated 50%)
#8 0.917   adding: src/sqlite3/test/sidedelete.test (deflated 60%)
#8 0.917   adding: src/sqlite3/test/vtab_shared.test (deflated 72%)
#8 0.917   adding: src/sqlite3/test/tkt1444.test (deflated 61%)
#8 0.917   adding: src/sqlite3/test/analyzeF.test (deflated 60%)
#8 0.918   adding: src/sqlite3/test/trigger5.test (deflated 47%)
#8 0.918   adding: src/sqlite3/test/index3.test (deflated 56%)
#8 0.918   adding: src/sqlite3/test/corrupt5.test (deflated 45%)
#8 0.918   adding: src/sqlite3/test/filefmt.test (deflated 70%)
#8 0.918   adding: src/sqlite3/test/corruptL.test (deflated 82%)
#8 0.922   adding: src/sqlite3/test/nockpt.test (deflated 60%)
#8 0.922   adding: src/sqlite3/test/trigger1.test (deflated 77%)
#8 0.923   adding: src/sqlite3/test/bestindex2.test (deflated 64%)
#8 0.923   adding: src/sqlite3/test/index6.test (deflated 73%)
#8 0.923   adding: src/sqlite3/test/tkt1473.test (deflated 91%)
#8 0.924   adding: src/sqlite3/test/unionallfault.test (deflated 46%)
#8 0.924   adding: src/sqlite3/test/types3.test (deflated 67%)
#8 0.924   adding: src/sqlite3/test/fts2q.test (deflated 79%)
#8 0.924   adding: src/sqlite3/test/vtabI.test (deflated 65%)
#8 0.924   adding: src/sqlite3/test/shared_err.test (deflated 76%)
#8 0.925   adding: src/sqlite3/test/json102.test (deflated 76%)
#8 0.925   adding: src/sqlite3/test/rowvalue8.test (deflated 60%)
#8 0.926   adding: src/sqlite3/test/resetdb.test (deflated 71%)
#8 0.926   adding: src/sqlite3/test/corruptF.test (deflated 64%)
#8 0.926   adding: src/sqlite3/test/recover.test (deflated 64%)
#8 0.926   adding: src/sqlite3/test/misuse.test (deflated 69%)
#8 0.927   adding: src/sqlite3/test/savepoint4.test (deflated 75%)
#8 0.927   adding: src/sqlite3/test/corrupt3.test (deflated 61%)
#8 0.927   adding: src/sqlite3/test/istrue.test (deflated 72%)
#8 0.927   adding: src/sqlite3/test/delete3.test (deflated 64%)
#8 0.927   adding: src/sqlite3/test/openv2.test (deflated 51%)
#8 0.928   adding: src/sqlite3/test/vtabrhs1.test (deflated 56%)
#8 0.928   adding: src/sqlite3/test/e_vacuum.test (deflated 68%)
#8 0.928   adding: src/sqlite3/test/ptrchng.test (deflated 77%)
#8 0.928   adding: src/sqlite3/test/trigger6.test (deflated 58%)
#8 0.928   adding: src/sqlite3/test/mutex2.test (deflated 56%)
#8 0.929   adding: src/sqlite3/test/pragma2.test (deflated 71%)
#8 0.929   adding: src/sqlite3/test/null.test (deflated 72%)
#8 0.929   adding: src/sqlite3/test/unionall2.test (deflated 57%)
#8 0.929   adding: src/sqlite3/test/tkt3121.test (deflated 49%)
#8 0.929   adding: src/sqlite3/test/misc1.test (deflated 73%)
#8 0.930   adding: src/sqlite3/test/rdonly.test (deflated 59%)
#8 0.931   adding: src/sqlite3/test/mallocI.test (deflated 53%)
#8 0.931   adding: src/sqlite3/test/selectA.test (deflated 91%)
#8 0.932   adding: src/sqlite3/test/fts4record.test (deflated 76%)
#8 0.932   adding: src/sqlite3/test/emptytable.test (deflated 51%)
#8 0.932   adding: src/sqlite3/test/multiplex2.test (deflated 78%)
#8 0.932   adding: src/sqlite3/test/fkey1.test (deflated 69%)
#8 0.932   adding: src/sqlite3/test/e_delete.test (deflated 75%)
#8 0.933   adding: src/sqlite3/test/fts3tok_err.test (deflated 55%)
#8 0.933   adding: src/sqlite3/test/instrfault.test (deflated 65%)
#8 0.933   adding: src/sqlite3/test/without_rowid3.test (deflated 83%)
#8 0.935   adding: src/sqlite3/test/subjournal.test (deflated 51%)
#8 0.935   adding: src/sqlite3/test/analyzeD.test (deflated 61%)
#8 0.935   adding: src/sqlite3/test/select5.test (deflated 72%)
#8 0.936   adding: src/sqlite3/test/mallocD.test (deflated 53%)
#8 0.936   adding: src/sqlite3/test/fts3fault2.test (deflated 74%)
#8 0.936   adding: src/sqlite3/test/index2.test (deflated 59%)
#8 0.936   adding: src/sqlite3/test/savepoint6.test (deflated 66%)
#8 0.937   adding: src/sqlite3/test/io.test (deflated 72%)
#8 0.937   adding: src/sqlite3/test/orderby3.test (deflated 74%)
#8 0.937   adding: src/sqlite3/test/snapshot2.test (deflated 74%)
#8 0.938   adding: src/sqlite3/test/types2.test (deflated 77%)
#8 0.938   adding: src/sqlite3/test/enc3.test (deflated 62%)
#8 0.938   adding: src/sqlite3/test/malloc9.test (deflated 45%)
#8 0.938   adding: src/sqlite3/test/lock7.test (deflated 58%)
#8 0.939   adding: src/sqlite3/test/corruptG.test (deflated 52%)
#8 0.939   adding: src/sqlite3/test/tkt1435.test (deflated 67%)
#8 0.939   adding: src/sqlite3/test/regexp2.test (deflated 68%)
#8 0.939   adding: src/sqlite3/test/tkt1644.test (deflated 66%)
#8 0.939   adding: src/sqlite3/test/fts4growth2.test (deflated 58%)
#8 0.939   adding: src/sqlite3/test/analyze7.test (deflated 71%)
#8 0.940   adding: src/sqlite3/test/e_dropview.test (deflated 73%)
#8 0.940   adding: src/sqlite3/test/fts3expr5.test (deflated 61%)
#8 0.940   adding: src/sqlite3/test/spellfix3.test (deflated 56%)
#8 0.940   adding: src/sqlite3/test/keyword1.test (deflated 56%)
#8 0.940   adding: src/sqlite3/test/tkt-78e04e52ea.test (deflated 56%)
#8 0.940   adding: src/sqlite3/test/fts4merge.test (deflated 75%)
#8 0.941   adding: src/sqlite3/test/shared3.test (deflated 66%)
#8 0.941   adding: src/sqlite3/test/triggerC.test (deflated 79%)
#8 0.942   adding: src/sqlite3/test/pager3.test (deflated 48%)
#8 0.942   adding: src/sqlite3/test/tkt3911.test (deflated 60%)
#8 0.942   adding: src/sqlite3/test/attach4.test (deflated 62%)
#8 0.943   adding: src/sqlite3/test/expr.test (deflated 82%)
#8 0.944   adding: src/sqlite3/test/altercorrupt.test (deflated 80%)
#8 0.944   adding: src/sqlite3/test/malloc5.test (deflated 68%)
#8 0.945   adding: src/sqlite3/test/fts3f.test (deflated 51%)
#8 0.945   adding: src/sqlite3/test/lastinsert.test (deflated 81%)
#8 0.945   adding: src/sqlite3/test/fts4min.test (deflated 57%)
#8 0.945   adding: src/sqlite3/test/tkt3080.test (deflated 57%)
#8 0.946   adding: src/sqlite3/test/fkey3.test (deflated 73%)
#8 0.946   adding: src/sqlite3/test/rollbackfault.test (deflated 55%)
#8 0.946   adding: src/sqlite3/test/tableapi.test (deflated 73%)
#8 0.946   adding: src/sqlite3/test/fts3expr.test (deflated 81%)
#8 0.947   adding: src/sqlite3/test/incrblob.test (deflated 73%)
#8 0.947   adding: src/sqlite3/test/superlock.test (deflated 73%)
#8 0.948   adding: src/sqlite3/test/exclusive2.test (deflated 71%)
#8 0.948   adding: src/sqlite3/test/tkt3810.test (deflated 56%)
#8 0.948   adding: src/sqlite3/test/e_insert.test (deflated 78%)
#8 0.949   adding: src/sqlite3/test/subquery2.test (deflated 73%)
#8 0.949   adding: src/sqlite3/test/tkt-f777251dc7a.test (deflated 66%)
#8 0.949   adding: src/sqlite3/test/pragma.test (deflated 77%)
#8 0.951   adding: src/sqlite3/test/tkt-3a77c9714e.test (deflated 59%)
#8 0.951   adding: src/sqlite3/test/in6.test (deflated 58%)
#8 0.951   adding: src/sqlite3/test/exec.test (deflated 49%)
#8 0.951   adding: src/sqlite3/test/mmap2.test (deflated 60%)
#8 0.952   adding: src/sqlite3/test/shell1.test (deflated 78%)
#8 0.953   adding: src/sqlite3/test/bind2.test (deflated 56%)
#8 0.953   adding: src/sqlite3/test/fts4incr.test (deflated 53%)
#8 0.953   adding: src/sqlite3/test/tkt-ba7cbfaedc.test (deflated 60%)
#8 0.953   adding: src/sqlite3/test/tkt-80ba201079.test (deflated 77%)
#8 0.954   adding: src/sqlite3/test/randexpr1.test (deflated 89%)
#8 1.012   adding: src/sqlite3/test/instr.test (deflated 76%)
#8 1.012   adding: src/sqlite3/test/tkt3922.test (deflated 71%)
#8 1.012   adding: src/sqlite3/test/capi3.test (deflated 77%)
#8 1.013   adding: src/sqlite3/test/fts4check.test (deflated 70%)
#8 1.014   adding: src/sqlite3/test/cast.test (deflated 77%)
#8 1.014   adding: src/sqlite3/test/fts3matchinfo2.test (deflated 52%)
#8 1.014   adding: src/sqlite3/test/bestindex4.test (deflated 62%)
#8 1.014   adding: src/sqlite3/test/tkt3554.test (deflated 56%)
#8 1.014   adding: src/sqlite3/test/mallocE.test (deflated 47%)
#8 1.015   adding: src/sqlite3/test/collateA.test (deflated 82%)
#8 1.015   adding: src/sqlite3/test/whereE.test (deflated 64%)
#8 1.015   adding: src/sqlite3/test/autovacuum2.test (deflated 61%)
#8 1.015   adding: src/sqlite3/test/analyzeC.test (deflated 72%)
#8 1.015   adding: src/sqlite3/test/returningfault.test (deflated 43%)
#8 1.015   adding: src/sqlite3/test/all.test (deflated 61%)
#8 1.016   adding: src/sqlite3/test/mallocH.test (deflated 57%)
#8 1.016   adding: src/sqlite3/test/indexedby.test (deflated 76%)
#8 1.016   adding: src/sqlite3/test/memleak.test (deflated 54%)
#8 1.016   adding: src/sqlite3/test/boundary3.test (deflated 95%)
#8 1.024   adding: src/sqlite3/test/trans2.test (deflated 68%)
#8 1.024   adding: src/sqlite3/test/subselect.test (deflated 71%)
#8 1.024   adding: src/sqlite3/test/e_select2.test (deflated 72%)
#8 1.025   adding: src/sqlite3/test/index4.test (deflated 76%)
#8 1.025   adding: src/sqlite3/test/window8.test (deflated 90%)
#8 1.036   adding: src/sqlite3/test/rowid.test (deflated 78%)
#8 1.037   adding: src/sqlite3/test/stmtvtab1.test (deflated 62%)
#8 1.037   adding: src/sqlite3/test/wal5.test (deflated 75%)
#8 1.038   adding: src/sqlite3/test/vtabB.test (deflated 59%)
#8 1.038   adding: src/sqlite3/test/trustschema1.test (deflated 75%)
#8 1.038   adding: src/sqlite3/test/alterlegacy.test (deflated 76%)
#8 1.039   adding: src/sqlite3/test/collate3.test (deflated 81%)
#8 1.039   adding: src/sqlite3/test/swarmvtab2.test (deflated 54%)
#8 1.039   adding: src/sqlite3/test/savepoint7.test (deflated 66%)
#8 1.039   adding: src/sqlite3/test/tkt3419.test (deflated 66%)
#8 1.040   adding: src/sqlite3/test/fts3ao.test (deflated 73%)
#8 1.040   adding: src/sqlite3/test/fts3.test (deflated 44%)
#8 1.040   adding: src/sqlite3/test/insert4.test (deflated 79%)
#8 1.040   adding: src/sqlite3/test/incrblobfault.test (deflated 67%)
#8 1.041   adding: src/sqlite3/test/count.test (deflated 70%)
#8 1.041   adding: src/sqlite3/test/incrblob4.test (deflated 60%)
#8 1.041   adding: src/sqlite3/test/ioerr4.test (deflated 61%)
#8 1.041   adding: src/sqlite3/test/enc2.test (deflated 77%)
#8 1.042   adding: src/sqlite3/test/tkt-c694113d5.test (deflated 44%)
#8 1.042   adding: src/sqlite3/test/tempdb.test (deflated 58%)
#8 1.042   adding: src/sqlite3/test/ieee754.test (deflated 62%)
#8 1.042   adding: src/sqlite3/test/whereI.test (deflated 66%)
#8 1.042   adding: src/sqlite3/test/backup2.test (deflated 68%)
#8 1.043   adding: src/sqlite3/test/walfault2.test (deflated 64%)
#8 1.043   adding: src/sqlite3/test/tkt-b72787b1.test (deflated 54%)
#8 1.043   adding: src/sqlite3/test/speed1p.test (deflated 71%)
#8 1.043   adding: src/sqlite3/test/bestindex5.test (deflated 72%)
#8 1.043   adding: src/sqlite3/test/bigmmap.test (deflated 55%)
#8 1.044   adding: src/sqlite3/test/walhook.test (deflated 61%)
#8 1.044   adding: src/sqlite3/test/func.test (deflated 77%)
#8 1.045   adding: src/sqlite3/test/fts1m.test (deflated 53%)
#8 1.046   adding: src/sqlite3/test/swarmvtabfault.test (deflated 50%)
#8 1.046   adding: src/sqlite3/test/window3.test (deflated 94%)
#8 1.167   adding: src/sqlite3/test/quote.test (deflated 70%)
#8 1.167   adding: src/sqlite3/test/tkt-7bbfb7d442.test (deflated 67%)
#8 1.167   adding: src/sqlite3/test/altertab.test (deflated 77%)
#8 1.168   adding: src/sqlite3/test/tkt3527.test (deflated 68%)
#8 1.168   adding: src/sqlite3/test/crash7.test (deflated 73%)
#8 1.168   adding: src/sqlite3/test/insert5.test (deflated 65%)
#8 1.168   adding: src/sqlite3/test/vacuummem.test (deflated 50%)
#8 1.169   adding: src/sqlite3/test/corruptD.test (deflated 62%)
#8 1.169   adding: src/sqlite3/test/date3.test (deflated 60%)
#8 1.169   adding: src/sqlite3/test/fts1porter.test (deflated 83%)
#8 1.202   adding: src/sqlite3/test/select8.test (deflated 62%)
#8 1.202   adding: src/sqlite3/test/speed4p.test (deflated 68%)
#8 1.202   adding: src/sqlite3/test/sharedlock.test (deflated 54%)
#8 1.203   adding: src/sqlite3/test/carray01.test (deflated 72%)
#8 1.203   adding: src/sqlite3/test/ioerr6.test (deflated 57%)
#8 1.203   adding: src/sqlite3/test/fts3defer.test (deflated 72%)
#8 1.204   adding: src/sqlite3/test/autovacuum_ioerr2.test (deflated 68%)
#8 1.204   adding: src/sqlite3/test/collate1.test (deflated 75%)
#8 1.204   adding: src/sqlite3/test/fts1n.test (deflated 52%)
#8 1.204   adding: src/sqlite3/test/like2.test (deflated 90%)
#8 1.205   adding: src/sqlite3/test/tkt2141.test (deflated 64%)
#8 1.205   adding: src/sqlite3/test/interrupt.test (deflated 62%)
#8 1.205   adding: src/sqlite3/test/walro2.test (deflated 78%)
#8 1.206   adding: src/sqlite3/test/e_totalchanges.test (deflated 69%)
#8 1.206   adding: src/sqlite3/test/fts2r.test (deflated 71%)
#8 1.206   adding: src/sqlite3/test/rowvalue9.test (deflated 75%)
#8 1.206   adding: src/sqlite3/test/tkt3357.test (deflated 64%)
#8 1.207   adding: src/sqlite3/test/fts3first.test (deflated 67%)
#8 1.207   adding: src/sqlite3/test/tkt3824.test (deflated 66%)
#8 1.207   adding: src/sqlite3/test/skipscan3.test (deflated 63%)
#8 1.207   adding: src/sqlite3/test/notify2.test (deflated 63%)
#8 1.208   adding: src/sqlite3/test/select9.test (deflated 76%)
#8 1.208   adding: src/sqlite3/test/in5.test (deflated 76%)
#8 1.208   adding: src/sqlite3/test/cachespill.test (deflated 63%)
#8 1.209   adding: src/sqlite3/test/tkt1501.test (deflated 43%)
#8 1.209   adding: src/sqlite3/test/check.test (deflated 77%)
#8 1.209   adding: src/sqlite3/mptest/config02.test (deflated 85%)
#8 1.209   adding: src/sqlite3/mptest/crash01.test (deflated 79%)
#8 1.209   adding: src/sqlite3/mptest/multiwrite01.test (deflated 89%)
#8 1.210   adding: src/sqlite3/mptest/config01.test (deflated 62%)
#8 1.210   adding: src/sqlite3/tool/genfkey.test (deflated 79%)
#8 1.210   adding: src/sqlite3/ext/expert/expert1.test (deflated 77%)
#8 1.210   adding: src/sqlite3/ext/session/sessionbig.test (deflated 79%)
#8 1.211   adding: src/sqlite3/ext/session/sessionrebase.test (deflated 75%)
#8 1.211   adding: src/sqlite3/ext/session/sessioninvert.test (deflated 69%)
#8 1.211   adding: src/sqlite3/ext/session/session5.test (deflated 75%)
#8 1.211   adding: src/sqlite3/ext/session/sessionfault.test (deflated 78%)
#8 1.212   adding: src/sqlite3/ext/session/sessionB.test (deflated 72%)
#8 1.212   adding: src/sqlite3/ext/session/session1.test (deflated 76%)
#8 1.213   adding: src/sqlite3/ext/session/session4.test (deflated 80%)
#8 1.213   adding: src/sqlite3/ext/session/session2.test (deflated 76%)
#8 1.214   adding: src/sqlite3/ext/session/sessionH.test (deflated 54%)
#8 1.214   adding: src/sqlite3/ext/session/session8.test (deflated 59%)
#8 1.214   adding: src/sqlite3/ext/session/session3.test (deflated 75%)
#8 1.215   adding: src/sqlite3/ext/session/sessiondiff.test (deflated 59%)
#8 1.215   adding: src/sqlite3/ext/session/sessionF.test (deflated 80%)
#8 1.215   adding: src/sqlite3/ext/session/session9.test (deflated 69%)
#8 1.215   adding: src/sqlite3/ext/session/session6.test (deflated 54%)
#8 1.215   adding: src/sqlite3/ext/session/sessionsize.test (deflated 65%)
#8 1.216   adding: src/sqlite3/ext/session/sessionG.test (deflated 75%)
#8 1.216   adding: src/sqlite3/ext/session/sessionfault2.test (deflated 75%)
#8 1.216   adding: src/sqlite3/ext/session/sessionmem.test (deflated 55%)
#8 1.216   adding: src/sqlite3/ext/session/sessionD.test (deflated 69%)
#8 1.217   adding: src/sqlite3/ext/session/changesetfuzz1.test (deflated 59%)
#8 1.217   adding: src/sqlite3/ext/session/sessionat.test (deflated 71%)
#8 1.218   adding: src/sqlite3/ext/session/sessionC.test (deflated 68%)
#8 1.218   adding: src/sqlite3/ext/session/sessionstat1.test (deflated 76%)
#8 1.218   adding: src/sqlite3/ext/session/sessionnoop.test (deflated 68%)
#8 1.218   adding: src/sqlite3/ext/session/sessionA.test (deflated 62%)
#8 1.218   adding: src/sqlite3/ext/session/sessionE.test (deflated 66%)
#8 1.218   adding: src/sqlite3/ext/session/sessionwor.test (deflated 69%)
#8 1.219   adding: src/sqlite3/ext/repair/test/checkindex01.test (deflated 75%)
#8 1.219   adding: src/sqlite3/ext/repair/test/checkfreelist01.test (deflated 67%)
#8 1.219   adding: src/sqlite3/ext/rbu/rbu12.test (deflated 71%)
#8 1.219   adding: src/sqlite3/ext/rbu/rbuvacuum3.test (deflated 56%)
#8 1.219   adding: src/sqlite3/ext/rbu/rbudor.test (deflated 48%)
#8 1.219   adding: src/sqlite3/ext/rbu/rbu3.test (deflated 68%)
#8 1.220   adding: src/sqlite3/ext/rbu/rbudiff.test (deflated 74%)
#8 1.220   adding: src/sqlite3/ext/rbu/rbucrash.test (deflated 58%)
#8 1.220   adding: src/sqlite3/ext/rbu/rbucrash2.test (deflated 61%)
#8 1.220   adding: src/sqlite3/ext/rbu/rbu10.test (deflated 71%)
#8 1.221   adding: src/sqlite3/ext/rbu/rbu7.test (deflated 61%)
#8 1.221   adding: src/sqlite3/ext/rbu/rbuvacuum.test (deflated 79%)
#8 1.221   adding: src/sqlite3/ext/rbu/rbuvacuum2.test (deflated 72%)
#8 1.221   adding: src/sqlite3/ext/rbu/rbufault4.test (deflated 54%)
#8 1.222   adding: src/sqlite3/ext/rbu/rbu13.test (deflated 49%)
#8 1.222   adding: src/sqlite3/ext/rbu/rbu1.test (deflated 83%)
#8 1.222   adding: src/sqlite3/ext/rbu/rbuvacuum4.test (deflated 71%)
#8 1.222   adding: src/sqlite3/ext/rbu/rbuB.test (deflated 49%)
#8 1.223   adding: src/sqlite3/ext/rbu/rbufts.test (deflated 66%)
#8 1.223   adding: src/sqlite3/ext/rbu/rbucollate.test (deflated 53%)
#8 1.223   adding: src/sqlite3/ext/rbu/rbumulti.test (deflated 69%)
#8 1.223   adding: src/sqlite3/ext/rbu/rbu14.test (deflated 63%)
#8 1.223   adding: src/sqlite3/ext/rbu/rbu9.test (deflated 62%)
#8 1.223   adding: src/sqlite3/ext/rbu/rbu6.test (deflated 65%)
#8 1.224   adding: src/sqlite3/ext/rbu/rbu8.test (deflated 52%)
#8 1.224   adding: src/sqlite3/ext/rbu/rbu11.test (deflated 69%)
#8 1.224   adding: src/sqlite3/ext/rbu/rbuexlock.test (deflated 75%)
#8 1.224   adding: src/sqlite3/ext/rbu/rbumisc.test (deflated 67%)
#8 1.224   adding: src/sqlite3/ext/rbu/rbupartial.test (deflated 61%)
#8 1.224   adding: src/sqlite3/ext/rbu/rbusplit.test (deflated 67%)
#8 1.225   adding: src/sqlite3/ext/rbu/rbutemplimit.test (deflated 66%)
#8 1.225   adding: src/sqlite3/ext/rbu/rburesume.test (deflated 78%)
#8 1.225   adding: src/sqlite3/ext/rbu/rbu5.test (deflated 64%)
#8 1.225   adding: src/sqlite3/ext/rbu/rbuC.test (deflated 70%)
#8 1.226   adding: src/sqlite3/ext/rbu/rbusave.test (deflated 63%)
#8 1.226   adding: src/sqlite3/ext/rbu/rbuexpr.test (deflated 64%)
#8 1.226   adding: src/sqlite3/ext/rbu/rbufault3.test (deflated 66%)
#8 1.226   adding: src/sqlite3/ext/rbu/rbufault2.test (deflated 54%)
#8 1.226   adding: src/sqlite3/ext/rbu/rbufault.test (deflated 72%)
#8 1.226   adding: src/sqlite3/ext/rbu/rbuA.test (deflated 61%)
#8 1.227   adding: src/sqlite3/ext/rbu/rbuprogress.test (deflated 80%)
#8 1.227   adding: src/sqlite3/ext/fts5/test/fts5rowid.test (deflated 72%)
#8 1.227   adding: src/sqlite3/ext/fts5/test/fts5tok2.test (deflated 49%)
#8 1.227   adding: src/sqlite3/ext/fts5/test/fts5corrupt.test (deflated 62%)
#8 1.228   adding: src/sqlite3/ext/fts5/test/fts5ah.test (deflated 66%)
#8 1.228   adding: src/sqlite3/ext/fts5/test/fts5simple.test (deflated 80%)
#8 1.228   adding: src/sqlite3/ext/fts5/test/fts5ab.test (deflated 72%)
#8 1.229   adding: src/sqlite3/ext/fts5/test/fts5vocab2.test (deflated 78%)
#8 1.229   adding: src/sqlite3/ext/fts5/test/fts5detail.test (deflated 66%)
#8 1.229   adding: src/sqlite3/ext/fts5/test/fts5fault3.test (deflated 70%)
#8 1.229   adding: src/sqlite3/ext/fts5/test/fts5faultD.test (deflated 66%)
#8 1.230   adding: src/sqlite3/ext/fts5/test/fts5trigram.test (deflated 74%)
#8 1.230   adding: src/sqlite3/ext/fts5/test/fts5fault7.test (deflated 67%)
#8 1.230   adding: src/sqlite3/ext/fts5/test/fts5synonym.test (deflated 74%)
#8 1.230   adding: src/sqlite3/ext/fts5/test/fts5fault9.test (deflated 68%)
#8 1.231   adding: src/sqlite3/ext/fts5/test/fts5unicode2.test (deflated 74%)
#8 1.231   adding: src/sqlite3/ext/fts5/test/fts5eb.test (deflated 65%)
#8 1.231   adding: src/sqlite3/ext/fts5/test/fts5columnsize.test (deflated 72%)
#8 1.232   adding: src/sqlite3/ext/fts5/test/fts5config.test (deflated 74%)
#8 1.232   adding: src/sqlite3/ext/fts5/test/fts5porter2.test (deflated 57%)
#8 1.232   adding: src/sqlite3/ext/fts5/test/fts5hash.test (deflated 63%)
#8 1.232   adding: src/sqlite3/ext/fts5/test/fts5circref.test (deflated 60%)
#8 1.232   adding: src/sqlite3/ext/fts5/test/fts5vocab.test (deflated 74%)
#8 1.233   adding: src/sqlite3/ext/fts5/test/fts5fault8.test (deflated 59%)
#8 1.233   adding: src/sqlite3/ext/fts5/test/fts5synonym2.test (deflated 68%)
#8 1.233   adding: src/sqlite3/ext/fts5/test/fts5alter.test (deflated 66%)
#8 1.234   adding: src/sqlite3/ext/fts5/test/fts5corrupt2.test (deflated 67%)
#8 1.234   adding: src/sqlite3/ext/fts5/test/fts5umlaut.test (deflated 58%)
#8 1.234   adding: src/sqlite3/ext/fts5/test/fts5optimize.test (deflated 65%)
#8 1.234   adding: src/sqlite3/ext/fts5/test/fts5unicode4.test (deflated 40%)
#8 1.234   adding: src/sqlite3/ext/fts5/test/fts5update.test (deflated 67%)
#8 1.235   adding: src/sqlite3/ext/fts5/test/fts5plan.test (deflated 58%)
#8 1.235   adding: src/sqlite3/ext/fts5/test/fts5simple3.test (deflated 64%)
#8 1.235   adding: src/sqlite3/ext/fts5/test/fts5ea.test (deflated 68%)
#8 1.235   adding: src/sqlite3/ext/fts5/test/fts5faultB.test (deflated 74%)
#8 1.235   adding: src/sqlite3/ext/fts5/test/fts5connect.test (deflated 77%)
#8 1.235   adding: src/sqlite3/ext/fts5/test/fts5fault1.test (deflated 73%)
#8 1.236   adding: src/sqlite3/ext/fts5/test/fts5lastrowid.test (deflated 65%)
#8 1.236   adding: src/sqlite3/ext/fts5/test/fts5delete.test (deflated 69%)
#8 1.236   adding: src/sqlite3/ext/fts5/test/fts5colset.test (deflated 62%)
#8 1.236   adding: src/sqlite3/ext/fts5/test/fts5ai.test (deflated 55%)
#8 1.236   adding: src/sqlite3/ext/fts5/test/fts5corrupt6.test (deflated 48%)
#8 1.237   adding: src/sqlite3/ext/fts5/test/fts5rebuild.test (deflated 61%)
#8 1.237   adding: src/sqlite3/ext/fts5/test/fts5merge2.test (deflated 48%)
#8 1.237   adding: src/sqlite3/ext/fts5/test/fts5leftjoin.test (deflated 47%)
#8 1.237   adding: src/sqlite3/ext/fts5/test/fts5ae.test (deflated 72%)
#8 1.237   adding: src/sqlite3/ext/fts5/test/fts5corrupt4.test (deflated 51%)
#8 1.238   adding: src/sqlite3/ext/fts5/test/fts5multi.test (deflated 67%)
#8 1.238   adding: src/sqlite3/ext/fts5/test/fts5onepass.test (deflated 71%)
#8 1.238   adding: src/sqlite3/ext/fts5/test/fts5fault2.test (deflated 66%)
#8 1.238   adding: src/sqlite3/ext/fts5/test/fts5fault6.test (deflated 73%)
#8 1.239   adding: src/sqlite3/ext/fts5/test/fts5doclist.test (deflated 53%)
#8 1.239   adding: src/sqlite3/ext/fts5/test/fts5unicode.test (deflated 60%)
#8 1.239   adding: src/sqlite3/ext/fts5/test/fts5determin.test (deflated 59%)
#8 1.239   adding: src/sqlite3/ext/fts5/test/fts5corrupt5.test (deflated 86%)
#8 1.241   adding: src/sqlite3/ext/fts5/test/fts5corrupt3.test (deflated 78%)
#8 1.311   adding: src/sqlite3/ext/fts5/test/fts5prefix.test (deflated 72%)
#8 1.311   adding: src/sqlite3/ext/fts5/test/fts5ac.test (deflated 60%)
#8 1.312   adding: src/sqlite3/ext/fts5/test/fts5faultE.test (deflated 61%)
#8 1.312   adding: src/sqlite3/ext/fts5/test/fts5bigpl.test (deflated 55%)
#8 1.312   adding: src/sqlite3/ext/fts5/test/fts5unicode3.test (deflated 66%)
#8 1.312   adding: src/sqlite3/ext/fts5/test/fts5af.test (deflated 75%)
#8 1.312   adding: src/sqlite3/ext/fts5/test/fts5full.test (deflated 46%)
#8 1.312   adding: src/sqlite3/ext/fts5/test/fts5fault5.test (deflated 67%)
#8 1.313   adding: src/sqlite3/ext/fts5/test/fts5matchinfo.test (deflated 72%)
#8 1.313   adding: src/sqlite3/ext/fts5/test/fts5aj.test (deflated 51%)
#8 1.313   adding: src/sqlite3/ext/fts5/test/fts5fault4.test (deflated 76%)
#8 1.314   adding: src/sqlite3/ext/fts5/test/fts5unindexed.test (deflated 70%)
#8 1.314   adding: src/sqlite3/ext/fts5/test/fts5ad.test (deflated 69%)
#8 1.315   adding: src/sqlite3/ext/fts5/test/fts5ag.test (deflated 54%)
#8 1.315   adding: src/sqlite3/ext/fts5/test/fts5multiclient.test (deflated 58%)
#8 1.315   adding: src/sqlite3/ext/fts5/test/fts5savepoint.test (deflated 63%)
#8 1.315   adding: src/sqlite3/ext/fts5/test/fts5ak.test (deflated 72%)
#8 1.315   adding: src/sqlite3/ext/fts5/test/fts5near.test (deflated 68%)
#8 1.315   adding: src/sqlite3/ext/fts5/test/fts5aux.test (deflated 73%)
#8 1.316   adding: src/sqlite3/ext/fts5/test/fts5aa.test (deflated 78%)
#8 1.316   adding: src/sqlite3/ext/fts5/test/fts5al.test (deflated 71%)
#8 1.317   adding: src/sqlite3/ext/fts5/test/fts5version.test (deflated 58%)
#8 1.317   adding: src/sqlite3/ext/fts5/test/fts5auto.test (deflated 66%)
#8 1.317   adding: src/sqlite3/ext/fts5/test/fts5misc.test (deflated 75%)
#8 1.318   adding: src/sqlite3/ext/fts5/test/fts5simple2.test (deflated 83%)
#8 1.318   adding: src/sqlite3/ext/fts5/test/fts5tok1.test (deflated 68%)
#8 1.318   adding: src/sqlite3/ext/fts5/test/fts5auxdata.test (deflated 70%)
#8 1.318   adding: src/sqlite3/ext/fts5/test/fts5tokenizer.test (deflated 73%)
#8 1.319   adding: src/sqlite3/ext/fts5/test/fts5cat.test (deflated 61%)
#8 1.319   adding: src/sqlite3/ext/fts5/test/fts5content.test (deflated 76%)
#8 1.319   adding: src/sqlite3/ext/fts5/test/fts5query.test (deflated 62%)
#8 1.319   adding: src/sqlite3/ext/fts5/test/fts5integrity.test (deflated 76%)
#8 1.320   adding: src/sqlite3/ext/fts5/test/fts5prefix2.test (deflated 56%)
#8 1.320   adding: src/sqlite3/ext/fts5/test/fts5restart.test (deflated 69%)
#8 1.320   adding: src/sqlite3/ext/fts5/test/fts5dlidx.test (deflated 65%)
#8 1.320   adding: src/sqlite3/ext/fts5/test/fts5phrase.test (deflated 66%)
#8 1.320   adding: src/sqlite3/ext/fts5/test/fts5faultA.test (deflated 56%)
#8 1.321   adding: src/sqlite3/ext/fts5/test/fts5fuzz1.test (deflated 67%)
#8 1.321   adding: src/sqlite3/ext/fts5/test/fts5porter.test (deflated 84%)
#8 1.359   adding: src/sqlite3/ext/fts5/test/fts5interrupt.test (deflated 52%)
#8 1.359   adding: src/sqlite3/ext/fts5/test/fts5first.test (deflated 60%)
#8 1.359   adding: src/sqlite3/ext/fts5/test/fts5rank.test (deflated 68%)
#8 1.360   adding: src/sqlite3/ext/fts5/test/fts5bigtok.test (deflated 57%)
#8 1.360   adding: src/sqlite3/ext/fts5/test/fts5merge.test (deflated 72%)
#8 1.360   adding: src/sqlite3/ext/fts5/test/fts5conflict.test (deflated 60%)
#8 1.360   adding: src/sqlite3/ext/lsm1/test/lsm1_simple.test (deflated 72%)
#8 1.360   adding: src/sqlite3/ext/rtree/rtree9.test (deflated 69%)
#8 1.360   adding: src/sqlite3/ext/rtree/rtreeC.test (deflated 74%)
#8 1.361   adding: src/sqlite3/ext/rtree/rtreeD.test (deflated 52%)
#8 1.361   adding: src/sqlite3/ext/rtree/rtreedoc2.test (deflated 68%)
#8 1.361   adding: src/sqlite3/ext/rtree/rtree6.test (deflated 78%)
#8 1.362   adding: src/sqlite3/ext/rtree/rtree5.test (deflated 64%)
#8 1.362   adding: src/sqlite3/ext/rtree/rtreeconnect.test (deflated 49%)
#8 1.362   adding: src/sqlite3/ext/rtree/rtreefuzz001.test (deflated 81%)
#8 1.366   adding: src/sqlite3/ext/rtree/rtreecirc.test (deflated 55%)
#8 1.366   adding: src/sqlite3/ext/rtree/rtreecheck.test (deflated 67%)
#8 1.366   adding: src/sqlite3/ext/rtree/rtreedoc.test (deflated 76%)
#8 1.368   adding: src/sqlite3/ext/rtree/tkt3363.test (deflated 51%)
#8 1.368   adding: src/sqlite3/ext/rtree/rtreeB.test (deflated 67%)
#8 1.368   adding: src/sqlite3/ext/rtree/rtreedoc3.test (deflated 62%)
#8 1.369   adding: src/sqlite3/ext/rtree/rtreeI.test (deflated 67%)
#8 1.369   adding: src/sqlite3/ext/rtree/rtreeG.test (deflated 56%)
#8 1.369   adding: src/sqlite3/ext/rtree/rtree4.test (deflated 76%)
#8 1.369   adding: src/sqlite3/ext/rtree/rtreeH.test (deflated 68%)
#8 1.369   adding: src/sqlite3/ext/rtree/rtree2.test (deflated 68%)
#8 1.370   adding: src/sqlite3/ext/rtree/rtreeE.test (deflated 67%)
#8 1.370   adding: src/sqlite3/ext/rtree/rtreeA.test (deflated 72%)
#8 1.370   adding: src/sqlite3/ext/rtree/rtreeF.test (deflated 64%)
#8 1.370   adding: src/sqlite3/ext/rtree/rtree8.test (deflated 67%)
#8 1.371   adding: src/sqlite3/ext/rtree/rtree7.test (deflated 54%)
#8 1.371   adding: src/sqlite3/ext/rtree/rtree3.test (deflated 77%)
#8 1.371   adding: src/sqlite3/ext/rtree/rtree1.test (deflated 77%)
#8 DONE 1.6s

#9 [5/6] WORKDIR sqlite3
#9 sha256:b453f983cf434ffb34dbbee630a7e0be40c1fc06577859cbf0d24b0c9bf7988a
#9 DONE 0.3s

#11 [6/6] COPY build.sh *.dict *.options /src/
#11 sha256:945fe7e2913e71a9e159aa3e598e24ceba02c109c1602ad2f3aa51e79253e5d6
#11 DONE 0.3s

#12 exporting to image
#12 sha256:e8c613e07b0b7ff33893b694f7759a10d42e180f2b4dc349fb57dc6b71dcab00
#12 exporting layers done
#12 writing image sha256:d789b6ce46e7d2932d4d0d64f512156a75d221aa9bd69f5422dc4de5982f6545 done
#12 naming to gcr.io/fuzzbench/builders/benchmark/sqlite3_sqlite3 done
#12 DONE 0.1s

#13 exporting cache
#13 sha256:2700d4ef94dee473593c5c614b55b2dedcca7893909811a8f2b48291a1f581e4
#13 preparing build cache for export done
#13 DONE 0.0s
------
 > importing cache manifest from gcr.io/fuzzbench/builders/benchmark/sqlite3_sqlite3:
------
#1 [internal] load build definition from builder.Dockerfile
#1 sha256:7f71d606a65a2423341134149d5f503d9e7a30bb6a0be9eb2c8e252a291ec7d6
#1 transferring dockerfile: 46B done
#1 DONE 0.0s

#2 [internal] load .dockerignore
#2 sha256:fe2d41abfc2356ef54c6aec0012f10ecb34d135bd21e7d2fe4c639f3f0c1c89c
#2 transferring context: 2B done
#2 DONE 0.0s

#3 [internal] load metadata for gcr.io/fuzzbench/builders/benchmark/sqlite3_sqlite3:latest
#3 sha256:82fdb233a465109d3e6cc38a2707f74d6ebe82b171d60e416320699da3aa8320
#3 DONE 0.0s

#5 [1/3] FROM gcr.io/fuzzbench/builders/benchmark/sqlite3_sqlite3
#5 sha256:784a3e0001da575a0806125c57808f5910f052affe762f2d65efde5cda121050
#5 DONE 0.0s

#4 importing cache manifest from gcr.io/fuzzbench/builders/afl/sqlite3_sqlite3-intermediate
#4 sha256:9f680c4918fbc8a97ff1c3ea60fa9042bffaab261b86578eca10897eb717a71f
#4 ERROR: gcr.io/fuzzbench/builders/afl/sqlite3_sqlite3-intermediate:latest: not found

#5 [1/3] FROM gcr.io/fuzzbench/builders/benchmark/sqlite3_sqlite3
#5 sha256:784a3e0001da575a0806125c57808f5910f052affe762f2d65efde5cda121050
#5 DONE 0.3s

#6 [2/3] RUN git clone https://github.com/google/AFL.git /afl &&     cd /afl &&     git checkout 61037103ae3722c8060ff7082994836a794f978e &&     AFL_NO_X86=1 make
#6 sha256:7124cae7f0194f89dbc9e7fc198bd96342a4da472fb8889d8793c8560789ca5e
#6 0.360 Cloning into '/afl'...
#6 1.456 Note: switching to '61037103ae3722c8060ff7082994836a794f978e'.
#6 1.456 
#6 1.456 You are in 'detached HEAD' state. You can look around, make experimental
#6 1.456 changes and commit them, and you can discard any commits you make in this
#6 1.456 state without impacting any branches by switching back to a branch.
#6 1.456 
#6 1.456 If you want to create a new branch to retain commits you create, you may
#6 1.456 do so (now or later) by using -c with the switch command. Example:
#6 1.456 
#6 1.456   git switch -c <new-branch-name>
#6 1.456 
#6 1.456 Or undo this operation with:
#6 1.456 
#6 1.456   git switch -
#6 1.456 
#6 1.456 Turn off this advice by setting config variable advice.detachedHead to false
#6 1.456 
#6 1.456 HEAD is now at 6103710 Fix a typo filename comparison in the fuzzer (#139)
#6 1.492 [!] Note: skipping x86 compilation checks (AFL_NO_X86 set).
#6 1.493 clang -O1 -fno-omit-frame-pointer -gline-tables-only -DFUZZING_BUILD_MODE_UNSAFE_FOR_PRODUCTION -Wall -D_FORTIFY_SOURCE=2 -g -Wno-pointer-sign -DAFL_PATH=\"/usr/local/lib/afl\" -DDOC_PATH=\"/usr/local/share/doc/afl\" -DBIN_PATH=\"/usr/local/bin\" afl-gcc.c -o afl-gcc -ldl
#6 1.681 set -e; for i in afl-g++ afl-clang afl-clang++; do ln -sf afl-gcc $i; done
#6 1.684 clang -O1 -fno-omit-frame-pointer -gline-tables-only -DFUZZING_BUILD_MODE_UNSAFE_FOR_PRODUCTION -Wall -D_FORTIFY_SOURCE=2 -g -Wno-pointer-sign -DAFL_PATH=\"/usr/local/lib/afl\" -DDOC_PATH=\"/usr/local/share/doc/afl\" -DBIN_PATH=\"/usr/local/bin\" afl-fuzz.c -o afl-fuzz -ldl
#6 4.270 clang -O1 -fno-omit-frame-pointer -gline-tables-only -DFUZZING_BUILD_MODE_UNSAFE_FOR_PRODUCTION -Wall -D_FORTIFY_SOURCE=2 -g -Wno-pointer-sign -DAFL_PATH=\"/usr/local/lib/afl\" -DDOC_PATH=\"/usr/local/share/doc/afl\" -DBIN_PATH=\"/usr/local/bin\" afl-showmap.c -o afl-showmap -ldl
#6 4.581 clang -O1 -fno-omit-frame-pointer -gline-tables-only -DFUZZING_BUILD_MODE_UNSAFE_FOR_PRODUCTION -Wall -D_FORTIFY_SOURCE=2 -g -Wno-pointer-sign -DAFL_PATH=\"/usr/local/lib/afl\" -DDOC_PATH=\"/usr/local/share/doc/afl\" -DBIN_PATH=\"/usr/local/bin\" afl-tmin.c -o afl-tmin -ldl
#6 5.010 clang -O1 -fno-omit-frame-pointer -gline-tables-only -DFUZZING_BUILD_MODE_UNSAFE_FOR_PRODUCTION -Wall -D_FORTIFY_SOURCE=2 -g -Wno-pointer-sign -DAFL_PATH=\"/usr/local/lib/afl\" -DDOC_PATH=\"/usr/local/share/doc/afl\" -DBIN_PATH=\"/usr/local/bin\" afl-gotcpu.c -o afl-gotcpu -ldl
#6 5.150 clang -O1 -fno-omit-frame-pointer -gline-tables-only -DFUZZING_BUILD_MODE_UNSAFE_FOR_PRODUCTION -Wall -D_FORTIFY_SOURCE=2 -g -Wno-pointer-sign -DAFL_PATH=\"/usr/local/lib/afl\" -DDOC_PATH=\"/usr/local/share/doc/afl\" -DBIN_PATH=\"/usr/local/bin\" afl-analyze.c -o afl-analyze -ldl
#6 5.551 clang -O1 -fno-omit-frame-pointer -gline-tables-only -DFUZZING_BUILD_MODE_UNSAFE_FOR_PRODUCTION -Wall -D_FORTIFY_SOURCE=2 -g -Wno-pointer-sign -DAFL_PATH=\"/usr/local/lib/afl\" -DDOC_PATH=\"/usr/local/share/doc/afl\" -DBIN_PATH=\"/usr/local/bin\" afl-as.c -o afl-as -ldl
#6 5.784 ln -sf afl-as as
#6 5.785 [!] Note: skipping build tests (you may need to use LLVM or QEMU mode).
#6 5.787 [+] LLVM users: see llvm_mode/README.llvm for a faster alternative to afl-gcc.
#6 5.787 [+] All done! Be sure to review README - it's pretty short and useful.
#6 DONE 5.9s

#7 [3/3] RUN apt-get update &&     apt-get install wget -y &&     wget https://raw.githubusercontent.com/llvm/llvm-project/5feb80e748924606531ba28c97fe65145c65372e/compiler-rt/lib/fuzzer/afl/afl_driver.cpp -O /afl/afl_driver.cpp &&     clang -Wno-pointer-sign -c /afl/llvm_mode/afl-llvm-rt.o.c -I/afl &&     clang++ -stdlib=libc++ -std=c++11 -O2 -c /afl/afl_driver.cpp &&     ar r /libAFL.a *.o
#7 sha256:cfc5a99c555d1b728d329f1dd6b3d96f0801f7352e821967cb0de80eed95f278
#7 0.572 Hit:1 http://archive.ubuntu.com/ubuntu focal InRelease
#7 0.572 Hit:2 http://security.ubuntu.com/ubuntu focal-security InRelease
#7 0.572 Hit:3 http://ppa.launchpad.net/git-core/ppa/ubuntu focal InRelease
#7 0.581 Hit:4 http://archive.ubuntu.com/ubuntu focal-updates InRelease
#7 0.605 Hit:5 http://archive.ubuntu.com/ubuntu focal-backports InRelease
#7 1.200 Reading package lists...
#7 2.749 Reading package lists...
#7 4.239 Building dependency tree...
#7 4.464 Reading state information...
#7 4.735 wget is already the newest version (1.20.3-1ubuntu2).
#7 4.735 0 upgraded, 0 newly installed, 0 to remove and 3 not upgraded.
#7 4.739 --2022-02-15 18:33:28--  https://raw.githubusercontent.com/llvm/llvm-project/5feb80e748924606531ba28c97fe65145c65372e/compiler-rt/lib/fuzzer/afl/afl_driver.cpp
#7 4.740 Resolving raw.githubusercontent.com (raw.githubusercontent.com)... 185.199.111.133, 185.199.108.133, 185.199.109.133, ...
#7 4.742 Connecting to raw.githubusercontent.com (raw.githubusercontent.com)|185.199.111.133|:443... connected.
#7 4.768 HTTP request sent, awaiting response... 200 OK
#7 4.962 Length: 9177 (9.0K) [text/plain]
#7 4.962 Saving to: '/afl/afl_driver.cpp'
#7 4.962 
#7 4.962      0K ........                                              100% 8.37M=0.001s
#7 4.963 
#7 4.963 2022-02-15 18:33:28 (8.37 MB/s) - '/afl/afl_driver.cpp' saved [9177/9177]
#7 4.963 
#7 6.731 ar: creating /libAFL.a
#7 DONE 6.9s

#8 exporting to image
#8 sha256:e8c613e07b0b7ff33893b694f7759a10d42e180f2b4dc349fb57dc6b71dcab00
#8 exporting layers done
#8 writing image sha256:32530144c179cec43825c5198066b2c7f3e95f41a1a42c7459275492005750a5 done
#8 naming to gcr.io/fuzzbench/builders/afl/sqlite3_sqlite3-intermediate done
#8 DONE 0.1s

#9 exporting cache
#9 sha256:2700d4ef94dee473593c5c614b55b2dedcca7893909811a8f2b48291a1f581e4
#9 preparing build cache for export done
#9 DONE 0.0s
------
 > importing cache manifest from gcr.io/fuzzbench/builders/afl/sqlite3_sqlite3-intermediate:
------
#1 [internal] load build definition from Dockerfile
#1 sha256:8a3042b884e75c88ab299060ee31d91f9f83d9f629fd15a4f20e4ee90766616f
#1 transferring dockerfile: 2.00kB done
#1 DONE 0.0s

#2 [internal] load .dockerignore
#2 sha256:a72c5a2330dfa587da662084a9791fbf8f2f7763dce65a1513ea9b6af1e70fa5
#2 transferring context: 143B done
#2 DONE 0.0s

#3 [internal] load metadata for docker.io/library/ubuntu:xenial
#3 sha256:f62bae18ed588840f045c881b2502661f2a89578a2f8f99b83f5200ee83dd25b
#3 DONE 0.0s

#5 [1/7] FROM docker.io/library/ubuntu:xenial
#5 sha256:14dd403f25ae9e519bd44f27dc17af7ce80f5a4f9f48ca88108364e67ec5d360
#5 DONE 0.0s

#4 importing cache manifest from gcr.io/fuzzbench/base-image
#4 sha256:9b220ebb4d4daceed1b96df9b6dca076e762f1cd612574f010b82d5b9e5ad896
#4 DONE 0.0s

#8 [internal] load build context
#8 sha256:b5f5e51b0adcc9fe7ae18b68df7d3c4466f2c4412195b1554300c2755e127465
#8 transferring context: 559B done
#8 DONE 0.0s

#10 [5/7] RUN pip3 install -r /requirements.txt
#10 sha256:2c813a3ee0f67dd498d48b3e32937589c5abde0d86b51f02b6341d6b7598b886
#10 CACHED

#7 [3/7] RUN cd /tmp/ &&     curl -O https://www.python.org/ftp/python/3.8.6/Python-3.8.6.tar.xz &&     tar -xvf Python-3.8.6.tar.xz &&     cd Python-3.8.6 &&     ./configure --enable-loadable-sqlite-extensions --enable-optimizations &&     make -j install &&     rm -r /tmp/Python-3.8.6.tar.xz /tmp/Python-3.8.6
#7 sha256:c5b9d1fb3371e84dbc60b76e7b2f8d5913bc93bcd4910ab65daa03e7b2ec4bb0
#7 CACHED

#11 [6/7] RUN apt-get update -y && apt-get install -y     apt-transport-https     lsb-release
#11 sha256:7cf9781e26a3b88092bcfbd894fb1228942446d39c3024aa308ed3f543bf043b
#11 CACHED

#9 [4/7] COPY ./requirements.txt /
#9 sha256:3f71441a3ae9b58ac7cd2bb070f4542ce248a8e9dae3ba27e9fbedc4218f381a
#9 CACHED

#6 [2/7] RUN apt-get update -y && apt-get install -y     build-essential     rsync     curl     zlib1g-dev     libncurses5-dev     libgdbm-dev     libnss3-dev     libssl-dev     libreadline-dev     libffi-dev     virtualenv     libbz2-dev     liblzma-dev     libsqlite3-dev
#6 sha256:3a1b0960f17eed529eaae93dc8fd3554f2743dd584d8fa569cdbe6bc734371ac
#6 CACHED

#12 [7/7] RUN CLOUD_SDK_REPO="cloud-sdk-$(lsb_release -c -s)" &&     echo "deb https://packages.cloud.google.com/apt $CLOUD_SDK_REPO main"     | tee -a /etc/apt/sources.list.d/google-cloud-sdk.list &&     curl https://packages.cloud.google.com/apt/doc/apt-key.gpg     | apt-key add - &&     apt-get update -y &&     apt-get install -y google-cloud-sdk
#12 sha256:f11cfcf09f3c3eb19926c2a24c36215226b08d224d9f7051048242117bd78a36
#12 CACHED

#13 exporting to image
#13 sha256:e8c613e07b0b7ff33893b694f7759a10d42e180f2b4dc349fb57dc6b71dcab00
#13 exporting layers done
#13 writing image sha256:33b5b3b98ba1c887e9a4fa6025d466ecd4a2fdd6bb303377c77cfdfb2f633581 done
#13 naming to gcr.io/fuzzbench/base-image done
#13 DONE 0.0s

#14 exporting cache
#14 sha256:2700d4ef94dee473593c5c614b55b2dedcca7893909811a8f2b48291a1f581e4
#14 preparing build cache for export done
#14 DONE 0.0s
#1 [internal] load build definition from Dockerfile
#1 sha256:e1c7b5576da0bbb095fbcf1d89601b7035c5dcf0e5d283590bf97733e0356b31
#1 transferring dockerfile: 2.22kB done
#1 DONE 0.0s

#2 [internal] load .dockerignore
#2 sha256:7e3e86925d78b078ee50db2c335fe9ebd2edbe88a14ac463a8796684d13dc3b5
#2 transferring context: 34B done
#2 DONE 0.0s

#4 [internal] load metadata for gcr.io/fuzzbench/base-image:latest
#4 sha256:932022888f650cc455b10eb5123bb08c0cccacac29a693e69314abbfd28a72c3
#4 DONE 0.0s

#7 [base-image 1/1] FROM gcr.io/fuzzbench/base-image
#7 sha256:4d07825694520f8b6f6a0d8592dbd345433361ae044cb7f06706c5a95e3daaad
#7 CACHED

#3 [internal] load metadata for gcr.io/fuzzbench/builders/afl/sqlite3_sqlite3-intermediate:latest
#3 sha256:5ceb2e42a25c76ff82789b8b5ab86633f8d30e3d80df1cfc2e0e4f90df571df6
#3 DONE 0.0s

#12 [internal] load build context
#12 sha256:fd8b9a6c5ee62983dfdb21c8f3b2200d001ebd49095705814525b58325347797
#12 DONE 0.0s

#6 [stage-1  1/13] FROM gcr.io/fuzzbench/builders/afl/sqlite3_sqlite3-intermediate
#6 sha256:acd2625ba54ba6a74b23a3b35c07475ea90e52be32a3e39e9de47556f60b07d1
#6 DONE 0.0s

#5 importing cache manifest from gcr.io/fuzzbench/builders/afl/sqlite3_sqlite3
#5 sha256:1ba00610159fa0275324a930131d1558a730fcaa51ebcf0d71e2220e66a8e557
#5 ERROR: gcr.io/fuzzbench/builders/afl/sqlite3_sqlite3:latest: not found

#12 [internal] load build context
#12 sha256:fd8b9a6c5ee62983dfdb21c8f3b2200d001ebd49095705814525b58325347797
#12 transferring context: 669.87kB 0.1s done
#12 DONE 0.1s

#6 [stage-1  1/13] FROM gcr.io/fuzzbench/builders/afl/sqlite3_sqlite3-intermediate
#6 sha256:acd2625ba54ba6a74b23a3b35c07475ea90e52be32a3e39e9de47556f60b07d1
#6 DONE 0.2s

#8 [stage-1  2/13] COPY --from=base-image /usr/local/bin/python3* /usr/local/bin/
#8 sha256:111ae8680d9dad0f0529695fa1ad08d9833a53a2f3ed7062a16c13d6d1b2059c
#8 DONE 0.4s

#9 [stage-1  3/13] COPY --from=base-image /usr/local/lib/python3.8 /usr/local/lib/python3.8
#9 sha256:99f293cd1c12e6f3dee0848150940b43035253999491e48c960cdd41984408e8
#9 DONE 13.4s

#10 [stage-1  4/13] COPY --from=base-image /usr/local/include/python3.8 /usr/local/include/python3.8
#10 sha256:3a37e259234dc99fa240c700439041a8a23e5527f9c7c2c5cab0ea9ec6771df0
#10 DONE 0.4s

#11 [stage-1  5/13] COPY --from=base-image /usr/local/lib/python3.8/site-packages /usr/local/lib/python3.8/site-packages
#11 sha256:f3408cfa6dcc30637bc76ab3580476874646174b926dc197e9ec0e695c357a7d
#11 DONE 17.4s

#13 [stage-1  6/13] COPY fuzzers /src/fuzzers
#13 sha256:5f162925ebe0bd3bb76db65105b2e5825bc186c390780c492b5905193b7c2d73
#13 DONE 0.3s

#14 [stage-1  7/13] RUN touch /src/__init__.py
#14 sha256:2b5fb0bee29072319447b57a2bf811f6780998c5984ec4636b4722084726dd00
#14 DONE 0.8s

#15 [stage-1  8/13] COPY benchmarks/sqlite3_sqlite3/benchmark.yaml /
#15 sha256:f1e420e339ae9c28fd9cf42465cf4a23badc1f2096f9ec30fd318c04795f63d1
#15 DONE 0.2s

#16 [stage-1  9/13] RUN mkdir /opt/fuzzbench/
#16 sha256:523067862bfafe48e23f7748642424060f27c560971ce5645b65ef4d2863ef07
#16 DONE 0.5s

#17 [stage-1 10/13] COPY docker/benchmark-builder/checkout_commit.py /opt/fuzzbench/
#17 sha256:a9aa71888a974c92a383d720f337518a0470268423c31499a563b9c66222f4cb
#17 DONE 0.1s

#18 [stage-1 11/13] RUN export CHECKOUT_COMMIT=$(cat /benchmark.yaml | tr -d ' ' | grep 'commit:' | cut -d ':' -f2) &&     python3 -u /opt/fuzzbench/checkout_commit.py $CHECKOUT_COMMIT /src
#18 sha256:0591ac9283119c4d70ca20639542b301115e11affd94e192e45e1949ec40f319
#18 0.541 Checking out commit d561c49a
#18 0.547 error: pathspec 'd561c49a' did not match any file(s) known to git
#18 0.553 error: pathspec 'd561c49a' did not match any file(s) known to git
#18 0.607 Checkout unsuccessful.
#18 DONE 0.7s

#19 [stage-1 12/13] RUN echo "#!/bin/bash\nPYTHONPATH=/src python3 -u -c "from fuzzers import utils; utils.initialize_env(); from fuzzers.afl import fuzzer; fuzzer.build()"" > /usr/bin/fuzzer_build &&     chmod +x /usr/bin/fuzzer_build
#19 sha256:d3054f80de579f582a8ffd7850f31ab87507ade4bd67a0dedf0c2eb8acc4ee47
#19 DONE 0.8s

#20 [stage-1 13/13] RUN echo "Run fuzzer_build to build the target" && if [ -z "$debug_builder" ] ; then fuzzer_build; fi
#20 sha256:26f88379fad45126564d53e2e57b9441d1dc06585ce390e695a4b99220fa3334
#20 0.535 Run fuzzer_build to build the target
#20 0.653 FUZZ_TARGET = sqlite3
#20 0.653 CFLAGS = -DFUZZING_BUILD_MODE_UNSAFE_FOR_PRODUCTION -pthread -Wl,--no-as-needed -Wl,-ldl -Wl,-lm -Wno-unused-command-line-argument -O3
#20 0.653 CXXFLAGS = -DFUZZING_BUILD_MODE_UNSAFE_FOR_PRODUCTION -pthread -Wl,--no-as-needed -Wl,-ldl -Wl,-lm -Wno-unused-command-line-argument -stdlib=libc++ -O3
#20 0.660 Building benchmark sqlite3_sqlite3 with fuzzer afl
#20 0.663 + mkdir bld
#20 0.668 + cd bld
#20 0.668 + export ASAN_OPTIONS=detect_leaks=0
#20 0.668 + ASAN_OPTIONS=detect_leaks=0
#20 0.669 + export 'CFLAGS=-DFUZZING_BUILD_MODE_UNSAFE_FOR_PRODUCTION -pthread -Wl,--no-as-needed -Wl,-ldl -Wl,-lm -Wno-unused-command-line-argument -O3 -fsanitize-coverage=trace-pc-guard -DSQLITE_MAX_LENGTH=128000000                -DSQLITE_MAX_SQL_LENGTH=128000000                -DSQLITE_MAX_MEMORY=25000000                -DSQLITE_PRINTF_PRECISION_LIMIT=1048576                -DSQLITE_DEBUG=1                -DSQLITE_MAX_PAGE_COUNT=16384'
#20 0.669 + CFLAGS='-DFUZZING_BUILD_MODE_UNSAFE_FOR_PRODUCTION -pthread -Wl,--no-as-needed -Wl,-ldl -Wl,-lm -Wno-unused-command-line-argument -O3 -fsanitize-coverage=trace-pc-guard -DSQLITE_MAX_LENGTH=128000000                -DSQLITE_MAX_SQL_LENGTH=128000000                -DSQLITE_MAX_MEMORY=25000000                -DSQLITE_PRINTF_PRECISION_LIMIT=1048576                -DSQLITE_DEBUG=1                -DSQLITE_MAX_PAGE_COUNT=16384'
#20 0.669 + ../configure
#20 0.890 checking build system type... x86_64-pc-linux-gnu
#20 0.981 checking host system type... x86_64-pc-linux-gnu
#20 0.981 checking for gcc... clang
#20 1.034 checking whether the C compiler works... yes
#20 1.150 checking for C compiler default output file name... a.out
#20 1.151 checking for suffix of executables... 
#20 1.269 checking whether we are cross compiling... no
#20 1.392 checking for suffix of object files... o
#20 1.417 checking whether we are using the GNU C compiler... yes
#20 1.441 checking whether clang accepts -g... yes
#20 1.460 checking for clang option to accept ISO C89... none needed
#20 1.500 checking for a sed that does not truncate output... /usr/bin/sed
#20 1.508 checking for grep that handles long lines and -e... /usr/bin/grep
#20 1.511 checking for egrep... /usr/bin/grep -E
#20 1.513 checking for fgrep... /usr/bin/grep -F
#20 1.516 checking for ld used by clang... /usr/bin/ld
#20 1.530 checking if the linker (/usr/bin/ld) is GNU ld... yes
#20 1.533 checking for BSD- or MS-compatible name lister (nm)... /usr/bin/nm -B
#20 1.537 checking the name lister (/usr/bin/nm -B) interface... BSD nm
#20 1.561 checking whether ln -s works... yes
#20 1.562 checking the maximum length of command line arguments... 1572864
#20 1.570 checking whether the shell understands some XSI constructs... yes
#20 1.571 checking whether the shell understands "+="... yes
#20 1.575 checking for /usr/bin/ld option to reload object files... -r
#20 1.576 checking for objdump... objdump
#20 1.576 checking how to recognize dependent libraries... pass_all
#20 1.578 checking for ar... ar
#20 1.579 checking for strip... strip
#20 1.580 checking for ranlib... ranlib
#20 1.581 checking command to parse /usr/bin/nm -B output from clang object... ok
#20 1.787 checking how to run the C preprocessor... clang -E
#20 1.868 checking for ANSI C header files... yes
#20 2.104 checking for sys/types.h... yes
#20 2.151 checking for sys/stat.h... yes
#20 2.200 checking for stdlib.h... yes
#20 2.252 checking for string.h... yes
#20 2.303 checking for memory.h... yes
#20 2.360 checking for strings.h... yes
#20 2.410 checking for inttypes.h... yes
#20 2.464 checking for stdint.h... yes
#20 2.521 checking for unistd.h... yes
#20 2.579 checking for dlfcn.h... yes
#20 2.633 checking for objdir... .libs
#20 2.784 checking if clang supports -fno-rtti -fno-exceptions... yes
#20 2.811 checking for clang option to produce PIC... -fPIC -DPIC
#20 2.811 checking if clang PIC flag -fPIC -DPIC works... yes
#20 2.839 checking if clang static flag -static works... yes
#20 3.157 checking if clang supports -c -o file.o... yes
#20 3.194 checking if clang supports -c -o file.o... (cached) yes
#20 3.194 checking whether the clang linker (/usr/bin/ld -m elf_x86_64) supports shared libraries... yes
#20 3.219 checking whether -lc should be explicitly linked in... no
#20 3.268 checking dynamic linker characteristics... GNU/Linux ld.so
#20 3.452 checking how to hardcode library paths into programs... immediate
#20 3.452 checking whether stripping libraries is possible... yes
#20 3.458 checking if libtool supports shared libraries... yes
#20 3.459 checking whether to build shared libraries... yes
#20 3.459 checking whether to build static libraries... yes
#20 3.460 checking for a BSD-compatible install... /usr/bin/install -c
#20 3.476 checking for special C compiler options needed for large files... no
#20 3.477 checking for _FILE_OFFSET_BITS value needed for large files... no
#20 3.508 checking for int8_t... yes
#20 3.627 checking for int16_t... yes
#20 3.740 checking for int32_t... yes
#20 3.852 checking for int64_t... yes
#20 3.974 checking for intptr_t... yes
#20 4.094 checking for uint8_t... yes
#20 4.211 checking for uint16_t... yes
#20 4.325 checking for uint32_t... yes
#20 4.445 checking for uint64_t... yes
#20 4.560 checking for uintptr_t... yes
#20 4.682 checking for sys/types.h... (cached) yes
#20 4.691 checking for stdlib.h... (cached) yes
#20 4.700 checking for stdint.h... (cached) yes
#20 4.708 checking for inttypes.h... (cached) yes
#20 4.716 checking malloc.h usability... yes
#20 4.768 checking malloc.h presence... yes
#20 4.788 checking for malloc.h... yes
#20 4.797 checking for fdatasync... yes
#20 4.935 checking for gmtime_r... yes
#20 5.065 checking for isnan... yes
#20 5.199 checking for localtime_r... yes
#20 5.329 checking for localtime_s... no
#20 5.461 checking for malloc_usable_size... yes
#20 5.593 checking for strchrnul... yes
#20 5.728 checking for usleep... yes
#20 5.866 checking for utime... yes
#20 5.999 checking for pread... yes
#20 6.126 checking for pread64... yes
#20 6.250 checking for pwrite... yes
#20 6.384 checking for pwrite64... yes
#20 6.511 checking for tclsh8.7... no
#20 6.512 checking for tclsh8.6... tclsh8.6
#20 6.547 configure: Version set to 3.38
#20 6.549 configure: Release set to 3.38.0
#20 6.549 checking whether to support threadsafe operation... yes
#20 6.551 checking for library containing pthread_create... none required
#20 6.677 checking for library containing pthread_mutexattr_init... none required
#20 6.798 checking whether to support shared library linked as release mode or not... no
#20 6.799 checking whether to use an in-ram database for temporary tables... no
#20 6.799 checking if executables have the .exe suffix... unknown
#20 6.801 checking for Tcl configuration... configure: WARNING: Can't find Tcl configuration definitions
#20 6.860 configure: WARNING: *** Without Tcl the regression tests cannot be executed ***
#20 6.860 configure: WARNING: *** Consider using --with-tcl=... to define location of Tcl ***
#20 6.861 checking for library containing readline... no
#20 7.044 checking for library containing tgetent... no
#20 7.471 checking for readline in -lreadline... no
#20 7.542 checking readline.h usability... no
#20 7.601 checking readline.h presence... no
#20 7.626 checking for readline.h... no
#20 7.630 checking for /usr/include/readline.h... no
#20 7.635 checking for /usr/include/readline/readline.h... no
#20 7.639 checking for /usr/local/include/readline.h... no
#20 7.644 checking for /usr/local/include/readline/readline.h... no
#20 7.648 checking for /usr/local/readline/include/readline.h... no
#20 7.652 checking for /usr/local/readline/include/readline/readline.h... no
#20 7.656 checking for /usr/contrib/include/readline.h... no
#20 7.661 checking for /usr/contrib/include/readline/readline.h... no
#20 7.665 checking for /mingw/include/readline.h... no
#20 7.669 checking for /mingw/include/readline/readline.h... no
#20 7.669 checking for library containing fdatasync... none required
#20 7.802 checking build type... release
#20 7.802 checking zlib.h usability... yes
#20 7.858 checking zlib.h presence... yes
#20 7.885 checking for zlib.h... yes
#20 7.887 checking for library containing deflate... -lz
#20 8.139 checking for library containing dlopen... none required
#20 8.263 checking whether to support math functions... yes
#20 8.263 checking for library containing ceil... none required
#20 8.389 checking whether to support JSON functions... yes
#20 8.389 checking whether to support MEMSYS5... no
#20 8.390 checking whether to support MEMSYS3... no
#20 8.390 checking whether to support FTS3... no
#20 8.390 checking whether to support FTS4... no
#20 8.391 checking whether to support FTS5... no
#20 8.391 checking whether to support LIMIT on UPDATE and DELETE statements... no
#20 8.392 checking whether to support GEOPOLY... no
#20 8.392 checking whether to support RTREE... no
#20 8.392 checking whether to support SESSION... no
#20 8.431 configure: creating ./config.status
#20 8.998 config.status: creating Makefile
#20 9.021 config.status: creating sqlite3.pc
#20 9.037 config.status: creating config.h
#20 9.047 config.status: executing libtool commands
#20 9.118 ++ nproc
#20 9.127 + make -j8
#20 9.135 clang  -DFUZZING_BUILD_MODE_UNSAFE_FOR_PRODUCTION -pthread -Wl,--no-as-needed -Wl,-ldl -Wl,-lm -Wno-unused-command-line-argument -O3 -fsanitize-coverage=trace-pc-guard -DSQLITE_MAX_LENGTH=128000000 -DSQLITE_MAX_SQL_LENGTH=128000000 -DSQLITE_MAX_MEMORY=25000000 -DSQLITE_PRINTF_PRECISION_LIMIT=1048576 -DSQLITE_DEBUG=1 -DSQLITE_MAX_PAGE_COUNT=16384 -o mksourceid /src/sqlite3/bld/../tool/mksourceid.c
#20 9.148 clang  -DFUZZING_BUILD_MODE_UNSAFE_FOR_PRODUCTION -pthread -Wl,--no-as-needed -Wl,-ldl -Wl,-lm -Wno-unused-command-line-argument -O3 -fsanitize-coverage=trace-pc-guard -DSQLITE_MAX_LENGTH=128000000 -DSQLITE_MAX_SQL_LENGTH=128000000 -DSQLITE_MAX_MEMORY=25000000 -DSQLITE_PRINTF_PRECISION_LIMIT=1048576 -DSQLITE_DEBUG=1 -DSQLITE_MAX_PAGE_COUNT=16384 -o mkkeywordhash -DSQLITE_ENABLE_MATH_FUNCTIONS  /src/sqlite3/bld/../tool/mkkeywordhash.c
#20 9.149 clang  -DFUZZING_BUILD_MODE_UNSAFE_FOR_PRODUCTION -pthread -Wl,--no-as-needed -Wl,-ldl -Wl,-lm -Wno-unused-command-line-argument -O3 -fsanitize-coverage=trace-pc-guard -DSQLITE_MAX_LENGTH=128000000 -DSQLITE_MAX_SQL_LENGTH=128000000 -DSQLITE_MAX_MEMORY=25000000 -DSQLITE_PRINTF_PRECISION_LIMIT=1048576 -DSQLITE_DEBUG=1 -DSQLITE_MAX_PAGE_COUNT=16384 -o lemon /src/sqlite3/bld/../tool/lemon.c
#20 9.152 tclsh8.6 /src/sqlite3/bld/../tool/mkshellc.tcl >shell.c
#20 9.664 ./mkkeywordhash >keywordhash.h
#20 10.01 tclsh8.6 /src/sqlite3/bld/../tool/mksqlite3h.tcl /src/sqlite3/bld/.. >sqlite3.h
#20 12.17 cp /src/sqlite3/bld/../tool/lempar.c .
#20 12.17 cp /src/sqlite3/bld/../src/parse.y .
#20 12.17 cp /src/sqlite3/bld/../ext/fts5/fts5parse.y .
#20 12.17 ./lemon -DSQLITE_ENABLE_MATH_FUNCTIONS  -S parse.y
#20 12.17 rm -f fts5parse.h
#20 12.17 ./lemon  -S fts5parse.y
#20 12.18 tclsh8.6 /src/sqlite3/bld/../ext/fts5/tool/mkfts5c.tcl
#20 12.27 cat parse.h /src/sqlite3/bld/../src/vdbe.c | tclsh8.6 /src/sqlite3/bld/../tool/mkopcodeh.tcl >opcodes.h
#20 12.30 cp /src/sqlite3/bld/../ext/fts5/fts5.h .
#20 12.34 tclsh8.6 /src/sqlite3/bld/../tool/mkopcodec.tcl opcodes.h >opcodes.c
#20 12.35 rm -rf tsrc
#20 12.35 mkdir tsrc
#20 12.35 cp -f /src/sqlite3/bld/../src/alter.c /src/sqlite3/bld/../src/analyze.c /src/sqlite3/bld/../src/attach.c /src/sqlite3/bld/../src/auth.c /src/sqlite3/bld/../src/backup.c /src/sqlite3/bld/../src/bitvec.c /src/sqlite3/bld/../src/btmutex.c /src/sqlite3/bld/../src/btree.c /src/sqlite3/bld/../src/btree.h /src/sqlite3/bld/../src/btreeInt.h /src/sqlite3/bld/../src/build.c /src/sqlite3/bld/../src/callback.c /src/sqlite3/bld/../src/complete.c /src/sqlite3/bld/../src/ctime.c /src/sqlite3/bld/../src/date.c /src/sqlite3/bld/../src/dbpage.c /src/sqlite3/bld/../src/dbstat.c /src/sqlite3/bld/../src/delete.c /src/sqlite3/bld/../src/expr.c /src/sqlite3/bld/../src/fault.c /src/sqlite3/bld/../src/fkey.c /src/sqlite3/bld/../src/func.c /src/sqlite3/bld/../src/global.c /src/sqlite3/bld/../src/hash.c /src/sqlite3/bld/../src/hash.h /src/sqlite3/bld/../src/hwtime.h /src/sqlite3/bld/../src/insert.c /src/sqlite3/bld/../src/json.c /src/sqlite3/bld/../src/legacy.c /src/sqlite3/bld/../src/loadext.c /src/sqlite3/bld/../src/main.c /src/sqlite3/bld/../src/malloc.c /src/sqlite3/bld/../src/mem0.c /src/sqlite3/bld/../src/mem1.c /src/sqlite3/bld/../src/mem2.c /src/sqlite3/bld/../src/mem3.c /src/sqlite3/bld/../src/mem5.c /src/sqlite3/bld/../src/memdb.c /src/sqlite3/bld/../src/memjournal.c /src/sqlite3/bld/../src/msvc.h /src/sqlite3/bld/../src/mutex.c /src/sqlite3/bld/../src/mutex.h /src/sqlite3/bld/../src/mutex_noop.c /src/sqlite3/bld/../src/mutex_unix.c /src/sqlite3/bld/../src/mutex_w32.c /src/sqlite3/bld/../src/notify.c /src/sqlite3/bld/../src/os.c /src/sqlite3/bld/../src/os.h /src/sqlite3/bld/../src/os_common.h /src/sqlite3/bld/../src/os_setup.h /src/sqlite3/bld/../src/os_unix.c /src/sqlite3/bld/../src/os_win.c /src/sqlite3/bld/../src/os_win.h /src/sqlite3/bld/../src/pager.c /src/sqlite3/bld/../src/pager.h /src/sqlite3/bld/../src/parse.y /src/sqlite3/bld/../src/pcache.c /src/sqlite3/bld/../src/pcache.h /src/sqlite3/bld/../src/pcache1.c /src/sqlite3/bld/../src/pragma.c /src/sqlite3/bld/../src/pragma.h /src/sqlite3/bld/../src/prepare.c /src/sqlite3/bld/../src/printf.c /src/sqlite3/bld/../src/random.c /src/sqlite3/bld/../src/resolve.c /src/sqlite3/bld/../src/rowset.c /src/sqlite3/bld/../src/select.c /src/sqlite3/bld/../src/status.c /src/sqlite3/bld/../src/shell.c.in /src/sqlite3/bld/../src/sqlite.h.in /src/sqlite3/bld/../src/sqlite3ext.h /src/sqlite3/bld/../src/sqliteInt.h /src/sqlite3/bld/../src/sqliteLimit.h /src/sqlite3/bld/../src/table.c /src/sqlite3/bld/../src/tclsqlite.c /src/sqlite3/bld/../src/threads.c /src/sqlite3/bld/../src/tokenize.c /src/sqlite3/bld/../src/treeview.c /src/sqlite3/bld/../src/trigger.c /src/sqlite3/bld/../src/utf.c /src/sqlite3/bld/../src/update.c /src/sqlite3/bld/../src/upsert.c /src/sqlite3/bld/../src/util.c /src/sqlite3/bld/../src/vacuum.c /src/sqlite3/bld/../src/vdbe.c /src/sqlite3/bld/../src/vdbe.h /src/sqlite3/bld/../src/vdbeapi.c /src/sqlite3/bld/../src/vdbeaux.c /src/sqlite3/bld/../src/vdbeblob.c /src/sqlite3/bld/../src/vdbemem.c /src/sqlite3/bld/../src/vdbesort.c /src/sqlite3/bld/../src/vdbetrace.c /src/sqlite3/bld/../src/vdbevtab.c /src/sqlite3/bld/../src/vdbeInt.h /src/sqlite3/bld/../src/vtab.c /src/sqlite3/bld/../src/vxworks.h /src/sqlite3/bld/../src/wal.c /src/sqlite3/bld/../src/wal.h /src/sqlite3/bld/../src/walker.c /src/sqlite3/bld/../src/where.c /src/sqlite3/bld/../src/wherecode.c /src/sqlite3/bld/../src/whereexpr.c /src/sqlite3/bld/../src/whereInt.h /src/sqlite3/bld/../src/window.c /src/sqlite3/bld/../ext/fts1/fts1.c /src/sqlite3/bld/../ext/fts1/fts1.h /src/sqlite3/bld/../ext/fts1/fts1_hash.c /src/sqlite3/bld/../ext/fts1/fts1_hash.h /src/sqlite3/bld/../ext/fts1/fts1_porter.c /src/sqlite3/bld/../ext/fts1/fts1_tokenizer.h /src/sqlite3/bld/../ext/fts1/fts1_tokenizer1.c /src/sqlite3/bld/../ext/fts2/fts2.c /src/sqlite3/bld/../ext/fts2/fts2.h /src/sqlite3/bld/../ext/fts2/fts2_hash.c /src/sqlite3/bld/../ext/fts2/fts2_hash.h /src/sqlite3/bld/../ext/fts2/fts2_icu.c /src/sqlite3/bld/../ext/fts2/fts2_porter.c /src/sqlite3/bld/../ext/fts2/fts2_tokenizer.h /src/sqlite3/bld/../ext/fts2/fts2_tokenizer.c /src/sqlite3/bld/../ext/fts2/fts2_tokenizer1.c /src/sqlite3/bld/../ext/fts3/fts3.c /src/sqlite3/bld/../ext/fts3/fts3.h /src/sqlite3/bld/../ext/fts3/fts3Int.h /src/sqlite3/bld/../ext/fts3/fts3_aux.c /src/sqlite3/bld/../ext/fts3/fts3_expr.c /src/sqlite3/bld/../ext/fts3/fts3_hash.c /src/sqlite3/bld/../ext/fts3/fts3_hash.h /src/sqlite3/bld/../ext/fts3/fts3_icu.c /src/sqlite3/bld/../ext/fts3/fts3_porter.c /src/sqlite3/bld/../ext/fts3/fts3_snippet.c /src/sqlite3/bld/../ext/fts3/fts3_tokenizer.h /src/sqlite3/bld/../ext/fts3/fts3_tokenizer.c /src/sqlite3/bld/../ext/fts3/fts3_tokenizer1.c /src/sqlite3/bld/../ext/fts3/fts3_tokenize_vtab.c /src/sqlite3/bld/../ext/fts3/fts3_unicode.c /src/sqlite3/bld/../ext/fts3/fts3_unicode2.c /src/sqlite3/bld/../ext/fts3/fts3_write.c /src/sqlite3/bld/../ext/icu/sqliteicu.h /src/sqlite3/bld/../ext/icu/icu.c /src/sqlite3/bld/../ext/rtree/rtree.h /src/sqlite3/bld/../ext/rtree/rtree.c /src/sqlite3/bld/../ext/rtree/geopoly.c /src/sqlite3/bld/../ext/session/sqlite3session.c /src/sqlite3/bld/../ext/session/sqlite3session.h /src/sqlite3/bld/../ext/userauth/userauth.c /src/sqlite3/bld/../ext/userauth/sqlite3userauth.h /src/sqlite3/bld/../ext/rbu/sqlite3rbu.h /src/sqlite3/bld/../ext/rbu/sqlite3rbu.c /src/sqlite3/bld/../ext/misc/stmt.c keywordhash.h opcodes.c opcodes.h parse.c parse.h config.h shell.c sqlite3.h tsrc
#20 12.38 rm tsrc/sqlite.h.in tsrc/parse.y
#20 12.38 tclsh8.6 /src/sqlite3/bld/../tool/vdbe-compress.tcl  <tsrc/vdbe.c >vdbe.new
#20 12.44 mv vdbe.new tsrc/vdbe.c
#20 12.44 cp fts5.c fts5.h tsrc
#20 12.45 touch .target_source
#20 12.45 tclsh8.6 /src/sqlite3/bld/../tool/mksqlite3c.tcl --linemacros=0
#20 14.65 cp tsrc/sqlite3ext.h .
#20 14.65 cp /src/sqlite3/bld/../ext/session/sqlite3session.h .
#20 14.65 ./libtool --mode=compile --tag=CC clang -DFUZZING_BUILD_MODE_UNSAFE_FOR_PRODUCTION -pthread -Wl,--no-as-needed -Wl,-ldl -Wl,-lm -Wno-unused-command-line-argument -O3 -fsanitize-coverage=trace-pc-guard -DSQLITE_MAX_LENGTH=128000000 -DSQLITE_MAX_SQL_LENGTH=128000000 -DSQLITE_MAX_MEMORY=25000000 -DSQLITE_PRINTF_PRECISION_LIMIT=1048576 -DSQLITE_DEBUG=1 -DSQLITE_MAX_PAGE_COUNT=16384 -DSQLITE_OS_UNIX=1 -I. -I/src/sqlite3/bld/../src -I/src/sqlite3/bld/../ext/rtree -I/src/sqlite3/bld/../ext/icu -I/src/sqlite3/bld/../ext/fts3 -I/src/sqlite3/bld/../ext/async -I/src/sqlite3/bld/../ext/session -I/src/sqlite3/bld/../ext/userauth -D_HAVE_SQLITE_CONFIG_H -DBUILD_sqlite -DNDEBUG  -DSQLITE_THREADSAFE=1 -DSQLITE_ENABLE_MATH_FUNCTIONS  -DSQLITE_HAVE_ZLIB=1  -DSQLITE_TEMP_STORE=1 -c sqlite3.c
#20 14.65 ./libtool --mode=link clang -DFUZZING_BUILD_MODE_UNSAFE_FOR_PRODUCTION -pthread -Wl,--no-as-needed -Wl,-ldl -Wl,-lm -Wno-unused-command-line-argument -O3 -fsanitize-coverage=trace-pc-guard -DSQLITE_MAX_LENGTH=128000000 -DSQLITE_MAX_SQL_LENGTH=128000000 -DSQLITE_MAX_MEMORY=25000000 -DSQLITE_PRINTF_PRECISION_LIMIT=1048576 -DSQLITE_DEBUG=1 -DSQLITE_MAX_PAGE_COUNT=16384 -DSQLITE_OS_UNIX=1 -I. -I/src/sqlite3/bld/../src -I/src/sqlite3/bld/../ext/rtree -I/src/sqlite3/bld/../ext/icu -I/src/sqlite3/bld/../ext/fts3 -I/src/sqlite3/bld/../ext/async -I/src/sqlite3/bld/../ext/session -I/src/sqlite3/bld/../ext/userauth -D_HAVE_SQLITE_CONFIG_H -DBUILD_sqlite -DNDEBUG  -DSQLITE_THREADSAFE=1 -DSQLITE_ENABLE_MATH_FUNCTIONS  -DSQLITE_HAVE_ZLIB=1    -DHAVE_READLINE=0  -DHAVE_EDITLINE=0 -DSQLITE_ENABLE_JSON1 -DSQLITE_ENABLE_FTS4 -DSQLITE_ENABLE_RTREE -DSQLITE_ENABLE_EXPLAIN_COMMENTS -DSQLITE_ENABLE_UNKNOWN_SQL_FUNCTION -DSQLITE_ENABLE_STMTVTAB -DSQLITE_ENABLE_DBPAGE_VTAB -DSQLITE_ENABLE_DBSTAT_VTAB -DSQLITE_ENABLE_BYTECODE_VTAB -DSQLITE_ENABLE_OFFSET_SQL_FUNC -o sqlite3 \
#20 14.65 	shell.c sqlite3.c \
#20 14.65 	 -lz   -rpath "/usr/local/lib"
#20 14.68 libtool: compile:  clang -DFUZZING_BUILD_MODE_UNSAFE_FOR_PRODUCTION -pthread -Wl,--no-as-needed -Wl,-ldl -Wl,-lm -Wno-unused-command-line-argument -O3 -fsanitize-coverage=trace-pc-guard -DSQLITE_MAX_LENGTH=128000000 -DSQLITE_MAX_SQL_LENGTH=128000000 -DSQLITE_MAX_MEMORY=25000000 -DSQLITE_PRINTF_PRECISION_LIMIT=1048576 -DSQLITE_DEBUG=1 -DSQLITE_MAX_PAGE_COUNT=16384 -DSQLITE_OS_UNIX=1 -I. -I/src/sqlite3/bld/../src -I/src/sqlite3/bld/../ext/rtree -I/src/sqlite3/bld/../ext/icu -I/src/sqlite3/bld/../ext/fts3 -I/src/sqlite3/bld/../ext/async -I/src/sqlite3/bld/../ext/session -I/src/sqlite3/bld/../ext/userauth -D_HAVE_SQLITE_CONFIG_H -DBUILD_sqlite -DNDEBUG -DSQLITE_THREADSAFE=1 -DSQLITE_ENABLE_MATH_FUNCTIONS -DSQLITE_HAVE_ZLIB=1 -DSQLITE_TEMP_STORE=1 -c sqlite3.c  -fPIC -DPIC -o .libs/sqlite3.o
#20 14.73 libtool: link: clang -DFUZZING_BUILD_MODE_UNSAFE_FOR_PRODUCTION -pthread -Wl,--no-as-needed -Wl,-ldl -Wl,-lm -Wno-unused-command-line-argument -O3 -fsanitize-coverage=trace-pc-guard -DSQLITE_MAX_LENGTH=128000000 -DSQLITE_MAX_SQL_LENGTH=128000000 -DSQLITE_MAX_MEMORY=25000000 -DSQLITE_PRINTF_PRECISION_LIMIT=1048576 -DSQLITE_DEBUG=1 -DSQLITE_MAX_PAGE_COUNT=16384 -DSQLITE_OS_UNIX=1 -I. -I/src/sqlite3/bld/../src -I/src/sqlite3/bld/../ext/rtree -I/src/sqlite3/bld/../ext/icu -I/src/sqlite3/bld/../ext/fts3 -I/src/sqlite3/bld/../ext/async -I/src/sqlite3/bld/../ext/session -I/src/sqlite3/bld/../ext/userauth -D_HAVE_SQLITE_CONFIG_H -DBUILD_sqlite -DNDEBUG -DSQLITE_THREADSAFE=1 -DSQLITE_ENABLE_MATH_FUNCTIONS -DSQLITE_HAVE_ZLIB=1 -DHAVE_READLINE=0 -DHAVE_EDITLINE=0 -DSQLITE_ENABLE_JSON1 -DSQLITE_ENABLE_FTS4 -DSQLITE_ENABLE_RTREE -DSQLITE_ENABLE_EXPLAIN_COMMENTS -DSQLITE_ENABLE_UNKNOWN_SQL_FUNCTION -DSQLITE_ENABLE_STMTVTAB -DSQLITE_ENABLE_DBPAGE_VTAB -DSQLITE_ENABLE_DBSTAT_VTAB -DSQLITE_ENABLE_BYTECODE_VTAB -DSQLITE_ENABLE_OFFSET_SQL_FUNC -o sqlite3 shell.c sqlite3.c  -lz -pthread -Wl,-rpath -Wl,/usr/local/lib
#20 86.32 libtool: compile:  clang -DFUZZING_BUILD_MODE_UNSAFE_FOR_PRODUCTION -pthread -Wl,--no-as-needed -Wl,-ldl -Wl,-lm -Wno-unused-command-line-argument -O3 -fsanitize-coverage=trace-pc-guard -DSQLITE_MAX_LENGTH=128000000 -DSQLITE_MAX_SQL_LENGTH=128000000 -DSQLITE_MAX_MEMORY=25000000 -DSQLITE_PRINTF_PRECISION_LIMIT=1048576 -DSQLITE_DEBUG=1 -DSQLITE_MAX_PAGE_COUNT=16384 -DSQLITE_OS_UNIX=1 -I. -I/src/sqlite3/bld/../src -I/src/sqlite3/bld/../ext/rtree -I/src/sqlite3/bld/../ext/icu -I/src/sqlite3/bld/../ext/fts3 -I/src/sqlite3/bld/../ext/async -I/src/sqlite3/bld/../ext/session -I/src/sqlite3/bld/../ext/userauth -D_HAVE_SQLITE_CONFIG_H -DBUILD_sqlite -DNDEBUG -DSQLITE_THREADSAFE=1 -DSQLITE_ENABLE_MATH_FUNCTIONS -DSQLITE_HAVE_ZLIB=1 -DSQLITE_TEMP_STORE=1 -c sqlite3.c -o sqlite3.o >/dev/null 2>&1
#20 143.7 ./libtool --mode=link clang -DFUZZING_BUILD_MODE_UNSAFE_FOR_PRODUCTION -pthread -Wl,--no-as-needed -Wl,-ldl -Wl,-lm -Wno-unused-command-line-argument -O3 -fsanitize-coverage=trace-pc-guard -DSQLITE_MAX_LENGTH=128000000 -DSQLITE_MAX_SQL_LENGTH=128000000 -DSQLITE_MAX_MEMORY=25000000 -DSQLITE_PRINTF_PRECISION_LIMIT=1048576 -DSQLITE_DEBUG=1 -DSQLITE_MAX_PAGE_COUNT=16384 -DSQLITE_OS_UNIX=1 -I. -I/src/sqlite3/bld/../src -I/src/sqlite3/bld/../ext/rtree -I/src/sqlite3/bld/../ext/icu -I/src/sqlite3/bld/../ext/fts3 -I/src/sqlite3/bld/../ext/async -I/src/sqlite3/bld/../ext/session -I/src/sqlite3/bld/../ext/userauth -D_HAVE_SQLITE_CONFIG_H -DBUILD_sqlite -DNDEBUG  -DSQLITE_THREADSAFE=1 -DSQLITE_ENABLE_MATH_FUNCTIONS  -DSQLITE_HAVE_ZLIB=1    -no-undefined -o libsqlite3.la sqlite3.lo -lz   \
#20 143.7 	 -rpath "/usr/local/lib" -version-info "8:6:8"
#20 143.8 libtool: link: clang -shared  .libs/sqlite3.o   -lz  -pthread -Wl,--no-as-needed -Wl,-ldl -Wl,-lm   -pthread -Wl,-soname -Wl,libsqlite3.so.0 -o .libs/libsqlite3.so.0.8.6
#20 144.0 libtool: link: (cd ".libs" && rm -f "libsqlite3.so.0" && ln -s "libsqlite3.so.0.8.6" "libsqlite3.so.0")
#20 144.0 libtool: link: (cd ".libs" && rm -f "libsqlite3.so" && ln -s "libsqlite3.so.0.8.6" "libsqlite3.so")
#20 144.0 libtool: link: ar cru .libs/libsqlite3.a  sqlite3.o
#20 144.0 ar: `u' modifier ignored since `D' is the default (see `U')
#20 144.2 libtool: link: ranlib .libs/libsqlite3.a
#20 144.4 libtool: link: ( cd ".libs" && rm -f "libsqlite3.la" && ln -s "../libsqlite3.la" "libsqlite3.la" )
#20 144.4 + make sqlite3.c
#20 144.4 make: 'sqlite3.c' is up to date.
#20 144.4 + clang -DFUZZING_BUILD_MODE_UNSAFE_FOR_PRODUCTION -pthread -Wl,--no-as-needed -Wl,-ldl -Wl,-lm -Wno-unused-command-line-argument -O3 -fsanitize-coverage=trace-pc-guard -DSQLITE_MAX_LENGTH=128000000 -DSQLITE_MAX_SQL_LENGTH=128000000 -DSQLITE_MAX_MEMORY=25000000 -DSQLITE_PRINTF_PRECISION_LIMIT=1048576 -DSQLITE_DEBUG=1 -DSQLITE_MAX_PAGE_COUNT=16384 -I. -c /src/sqlite3/test/ossfuzz.c -o /src/sqlite3/test/ossfuzz.o
#20 144.5 + clang++ -DFUZZING_BUILD_MODE_UNSAFE_FOR_PRODUCTION -pthread -Wl,--no-as-needed -Wl,-ldl -Wl,-lm -Wno-unused-command-line-argument -stdlib=libc++ -O3 -fsanitize-coverage=trace-pc-guard /src/sqlite3/test/ossfuzz.o -o /out/ossfuzz /libAFL.a ./sqlite3.o
#20 145.0 + cp /src/ossfuzz.options /src/sql.dict /src/ossfuzz_seed_corpus.zip /out/
#20 145.0 [post_build] Copying afl-fuzz to $OUT directory
#20 DONE 147.4s

#21 exporting to image
#21 sha256:e8c613e07b0b7ff33893b694f7759a10d42e180f2b4dc349fb57dc6b71dcab00
#21 exporting layers done
#21 writing image sha256:bcb2f6cc5fc71e911d6c0ac1d4891149e931f180df9cf44d8c0cd074e8c7b3c1 done
#21 naming to gcr.io/fuzzbench/builders/afl/sqlite3_sqlite3 done
#21 DONE 0.2s

#22 exporting cache
#22 sha256:2700d4ef94dee473593c5c614b55b2dedcca7893909811a8f2b48291a1f581e4
#22 preparing build cache for export done
#22 DONE 0.0s
------
 > importing cache manifest from gcr.io/fuzzbench/builders/afl/sqlite3_sqlite3:
------
#1 [internal] load build definition from runner.Dockerfile
#1 sha256:aa46bafa1cfc16e80ff76304ed5b9734fc8247837f5a668ac581cce6f4588a5c
#1 transferring dockerfile: 656B done
#1 DONE 0.0s

#2 [internal] load .dockerignore
#2 sha256:6f70769bfdabd8e69dc908674482c2b2310343387b11ce6ee60a056a7036e572
#2 transferring context: 2B done
#2 DONE 0.2s

#3 [internal] load metadata for gcr.io/fuzzbench/base-image:latest
#3 sha256:932022888f650cc455b10eb5123bb08c0cccacac29a693e69314abbfd28a72c3
#3 DONE 0.0s

#4 [1/1] FROM gcr.io/fuzzbench/base-image
#4 sha256:4d07825694520f8b6f6a0d8592dbd345433361ae044cb7f06706c5a95e3daaad
#4 DONE 0.0s

#5 importing cache manifest from gcr.io/fuzzbench/runners/afl/sqlite3_sqlite3-intermediate
#5 sha256:95babb650a3a9d2b1a52dae1c56cb32869ea39f7b54be89f30b74fef93dec0d2
#5 ERROR: gcr.io/fuzzbench/runners/afl/sqlite3_sqlite3-intermediate:latest: not found

#4 [1/1] FROM gcr.io/fuzzbench/base-image
#4 sha256:4d07825694520f8b6f6a0d8592dbd345433361ae044cb7f06706c5a95e3daaad
#4 CACHED

#6 exporting to image
#6 sha256:e8c613e07b0b7ff33893b694f7759a10d42e180f2b4dc349fb57dc6b71dcab00
#6 exporting layers done
#6 writing image sha256:09fed15135b4f3b14ba5f6b61105b9bf49e94f4a33fa0edc514cc39e15f44b6e done
#6 naming to gcr.io/fuzzbench/runners/afl/sqlite3_sqlite3-intermediate done
#6 DONE 0.1s

#7 exporting cache
#7 sha256:2700d4ef94dee473593c5c614b55b2dedcca7893909811a8f2b48291a1f581e4
#7 preparing build cache for export done
#7 DONE 0.0s
------
 > importing cache manifest from gcr.io/fuzzbench/runners/afl/sqlite3_sqlite3-intermediate:
------
#1 [internal] load build definition from Dockerfile
#1 sha256:4d9a9ba52e9605dbbce9f499df5bce9a4605737dc11b581937416bca003efc25
#1 transferring dockerfile: 3.17kB done
#1 DONE 0.1s

#2 [internal] load .dockerignore
#2 sha256:4a11bca0a2645de404acbe8900f9adc1d636e6bb6a76d91c7d2eecd131c8d00f
#2 transferring context: 34B done
#2 DONE 0.1s

#3 [internal] load metadata for gcr.io/fuzzbench/runners/afl/sqlite3_sqlite3-intermediate:latest
#3 sha256:3fff4c12286759cbf9dda51014f9b90c880a21a3f9f916bc28635a6b5378de19
#3 DONE 0.0s

#4 [internal] load metadata for gcr.io/fuzzbench/builders/afl/sqlite3_sqlite3:latest
#4 sha256:49305b71daca8d0d4833209465be864248d0a0051130b766ceca48bde80fc91c
#4 DONE 0.0s

#12 [internal] load build context
#12 sha256:6eabae57a345e2d027f8d7df9da0a81f2f5e02846e41eb14182e3062da1f30de
#12 DONE 0.0s

#6 [stage-1  1/13] FROM gcr.io/fuzzbench/runners/afl/sqlite3_sqlite3-intermediate
#6 sha256:ec1d3392e866353ab99ab3b64d7ecfedf10e6f0700412ecff01de7b5b22fcab0
#6 DONE 0.0s

#10 [builder 1/1] FROM gcr.io/fuzzbench/builders/afl/sqlite3_sqlite3
#10 sha256:74c5cc56d974aeaf8271314dcfa35cfdc1a540b34bf2e44a993a0778e9f174b7
#10 DONE 0.0s

#5 importing cache manifest from gcr.io/fuzzbench/runners/afl/sqlite3_sqlite3
#5 sha256:ea151699a89a37566a3ea578134b2fcd5f6425207f93a2e2652ac3230b6273a7
#5 ERROR: gcr.io/fuzzbench/runners/afl/sqlite3_sqlite3:latest: not found

#12 [internal] load build context
#12 sha256:6eabae57a345e2d027f8d7df9da0a81f2f5e02846e41eb14182e3062da1f30de
#12 transferring context: 17.57MB 1.2s done
#12 DONE 1.3s

#10 [builder 1/1] FROM gcr.io/fuzzbench/builders/afl/sqlite3_sqlite3
#10 sha256:74c5cc56d974aeaf8271314dcfa35cfdc1a540b34bf2e44a993a0778e9f174b7
#10 DONE 1.3s

#7 [stage-1  2/13] RUN apt-get update -y && apt-get install -y     libglib2.0-0     libxml2     libarchive13     libgss3
#7 sha256:da3065e0a6d49f665a0db103e4edc1677ace1777d2f5beceffec69398e7d6c86
#7 CACHED

#8 [stage-1  3/13] RUN mkdir -p /out
#8 sha256:ad5a258f2db400d76d679cdb0eb5b25e8a87d487a18652786ddafd1c9a922b3c
#8 CACHED

#9 [stage-1  4/13] WORKDIR /out
#9 sha256:52cc952806df74df6e178f6f08bb509d0491314652e9c67180abc2fae8cd6c1d
#9 CACHED

#11 [stage-1  5/13] COPY --from=builder /out/ ./
#11 sha256:d53f66e2e519952b4547ee5a3888ed61de903268c0ab5c356eea56672b0b1f6c
#11 DONE 0.2s

#13 [stage-1  6/13] COPY benchmarks /src/benchmarks
#13 sha256:c5b2de41a75316509726689353fe08d85740185912c9533be955e353104fa15c
#13 DONE 1.0s

#14 [stage-1  7/13] COPY fuzzers /src/fuzzers
#14 sha256:d419525a5bbe8844cb8f7d58749dccc0b989d9286f24f7e3b9a548bdc821f612
#14 DONE 0.3s

#15 [stage-1  8/13] RUN touch __init__.py
#15 sha256:18bfcc79f3651cc33cc47017e83b64c0d4a52bca9191a1bd79b0f42ae833e924
#15 DONE 0.6s

#16 [stage-1  9/13] RUN mkdir -p /out/seeds /out/corpus
#16 sha256:eff115ae74f181b0e7033d7349f6eb950025d3b2049adf83143b50735fe96309
#16 DONE 1.3s

#17 [stage-1 10/13] COPY common /src/common
#17 sha256:c447b28a4198078e9b0babaabae48365088c128b29ec51ccbff4d282fef79e96
#17 DONE 0.2s

#18 [stage-1 11/13] COPY experiment/runner.py /src/experiment/runner.py
#18 sha256:1f6debc5069047130e1e9cc3c08f784997cdbe3d77c0d751b12257f859924b5f
#18 DONE 0.2s

#19 [stage-1 12/13] COPY docker/benchmark-runner /src/docker/benchmark-runner
#19 sha256:6f3710848aed595c6df67a30aacfd036741f2061c86be5ad612a59ed544427ed
#19 DONE 0.2s

#20 [stage-1 13/13] RUN chmod +x /src/docker/benchmark-runner/startup-runner.sh
#20 sha256:ff671ef0618a92b7bb8b548b9d8ce040a305734a050e5fbc590f759677fea37a
#20 DONE 0.5s

#21 exporting to image
#21 sha256:e8c613e07b0b7ff33893b694f7759a10d42e180f2b4dc349fb57dc6b71dcab00
#21 exporting layers done
#21 writing image sha256:96ea693196afca7fe8e01e1eb8780abf770bf4d33483dc14ca73dc9cef3b757e 0.0s done
#21 naming to gcr.io/fuzzbench/runners/afl/sqlite3_sqlite3 done
#21 DONE 0.1s

#22 exporting cache
#22 sha256:2700d4ef94dee473593c5c614b55b2dedcca7893909811a8f2b48291a1f581e4
#22 preparing build cache for export done
#22 DONE 0.0s
------
 > importing cache manifest from gcr.io/fuzzbench/runners/afl/sqlite3_sqlite3:
------
INFO:root:Doing trial as part of experiment.
INFO:root:Starting trial.
ERROR:root:Fuzz target binary not found.
INFO:root:Doing final sync.
ERROR:root:Call to <function get_stats at 0x7fbebbe6af70> failed. Extras: {'traceback': 'Traceback (most recent call last):\n  File "/src/experiment/runner.py", line 374, in record_stats\n    stats_json_str = fuzzer_module_get_stats(output_corpus,\n  File "/src/fuzzers/afl/fuzzer.py", line 51, in get_stats\n    with open(stats_file) as file_handle:\nFileNotFoundError: [Errno 2] No such file or directory: \'/out/corpus/fuzzer_stats\'\n'}
/bin/sh: 1: source: not found
#1 [internal] load build definition from Dockerfile
#1 sha256:08b5842b2f8ade66b7b5777df398dddf4ce2d1208c86c148909f63e0e2a992a9
#1 transferring dockerfile: 32B done
#1 DONE 0.1s

#2 [internal] load .dockerignore
#2 sha256:9b0fec5136995b321db6088ff5312196ae16728d4191346d2a8a5324c518aeeb
#2 transferring context: 2B done
#2 DONE 0.2s

#3 [internal] load metadata for gcr.io/oss-fuzz-base/base-builder:latest
#3 sha256:f10dc39cc9d418a5bc416dead31a1902b6821fdae909cd3b08f7a3fd1faba7b5
#3 DONE 0.4s

#5 [1/6] FROM gcr.io/oss-fuzz-base/base-builder@sha256:f4e5ea12494fab091c5d830cf803b3421f2860f729b9d1b07da44924396cf8cf
#5 sha256:ef290950573a2779ee526af357b28fbddfc20d7409aa51f58f777c9e972cba29
#5 DONE 0.0s

#4 importing cache manifest from gcr.io/fuzzbench/builders/benchmark/sqlite3_sqlite3
#4 sha256:91896f4e038617e6b1e00ee8f0f5f06343a4de4831f0b880e4a94242c1be35a6
#4 DONE 0.0s

#10 [internal] load build context
#10 sha256:4c82abf2e109b0c236d87e674587f7c37aa96cb2416e913c3cf92f16bb18df51
#10 transferring context: 92B done
#10 DONE 0.0s

#8 [4/6] RUN find /src/sqlite3 -name "*.test" | xargs zip /src/ossfuzz_seed_corpus.zip
#8 sha256:e68acaa0bba9d85dbc561583f05e65aa190d4e47f4bb393871d47e418fdf79ad
#8 CACHED

#9 [5/6] WORKDIR sqlite3
#9 sha256:b453f983cf434ffb34dbbee630a7e0be40c1fc06577859cbf0d24b0c9bf7988a
#9 CACHED

#7 [3/6] RUN mkdir /src/sqlite3 &&     cd /src/sqlite3 &&     curl 'https://www.sqlite.org/src/tarball?uuid=trunk' -o sqlite3.tar.gz &&     tar xzf sqlite3.tar.gz
#7 sha256:4b12e22d5f4aecdeb7fd14705bc910a8d5b9b217f928643776d368835bb1af24
#7 CACHED

#6 [2/6] RUN apt-get update && apt-get install -y make autoconf automake libtool curl tcl zlib1g-dev
#6 sha256:c22cf9cbf656d24a8d3bc88f8b6b8fcf0ea60b794ac9d7261a562e7d75e776ac
#6 CACHED

#11 [6/6] COPY build.sh *.dict *.options /src/
#11 sha256:a245b300d03b833181fbca7819503fbe4d70e81c398d17aaa9b8e2f6e0a516c8
#11 CACHED

#12 exporting to image
#12 sha256:e8c613e07b0b7ff33893b694f7759a10d42e180f2b4dc349fb57dc6b71dcab00
#12 exporting layers done
#12 writing image sha256:d789b6ce46e7d2932d4d0d64f512156a75d221aa9bd69f5422dc4de5982f6545
#12 writing image sha256:d789b6ce46e7d2932d4d0d64f512156a75d221aa9bd69f5422dc4de5982f6545 done
#12 naming to gcr.io/fuzzbench/builders/benchmark/sqlite3_sqlite3 done
#12 DONE 0.1s

#13 exporting cache
#13 sha256:2700d4ef94dee473593c5c614b55b2dedcca7893909811a8f2b48291a1f581e4
#13 preparing build cache for export done
#13 DONE 0.0s
#1 [internal] load build definition from builder.Dockerfile
#1 sha256:0012965e6a6c7840d8cd23b956ca060f0c35e715f1e67dce8ac0976d7e4aa04f
#1 transferring dockerfile: 1.35kB done
#1 DONE 0.0s

#2 [internal] load .dockerignore
#2 sha256:d6f13b238794cf47ae207751f918f491d971ff4146e1ce1448b7c321e758c1fe
#2 transferring context: 2B done
#2 DONE 0.0s

#3 [internal] load metadata for gcr.io/fuzzbench/builders/benchmark/sqlite3_sqlite3:latest
#3 sha256:82fdb233a465109d3e6cc38a2707f74d6ebe82b171d60e416320699da3aa8320
#3 DONE 0.0s

#4 importing cache manifest from gcr.io/fuzzbench/builders/afl/sqlite3_sqlite3-intermediate
#4 sha256:9f680c4918fbc8a97ff1c3ea60fa9042bffaab261b86578eca10897eb717a71f
#4 DONE 0.0s

#5 [1/3] FROM gcr.io/fuzzbench/builders/benchmark/sqlite3_sqlite3
#5 sha256:784a3e0001da575a0806125c57808f5910f052affe762f2d65efde5cda121050
#5 DONE 0.0s

#6 [2/3] RUN git clone https://github.com/google/AFL.git /afl &&     cd /afl &&     git checkout 61037103ae3722c8060ff7082994836a794f978e &&     AFL_NO_X86=1 make
#6 sha256:7124cae7f0194f89dbc9e7fc198bd96342a4da472fb8889d8793c8560789ca5e
#6 CACHED

#7 [3/3] RUN apt-get update &&     apt-get install wget -y &&     wget https://raw.githubusercontent.com/llvm/llvm-project/5feb80e748924606531ba28c97fe65145c65372e/compiler-rt/lib/fuzzer/afl/afl_driver.cpp -O /afl/afl_driver.cpp &&     clang -Wno-pointer-sign -c /afl/llvm_mode/afl-llvm-rt.o.c -I/afl &&     clang++ -stdlib=libc++ -std=c++11 -O2 -c /afl/afl_driver.cpp &&     ar r /libAFL.a *.o
#7 sha256:cfc5a99c555d1b728d329f1dd6b3d96f0801f7352e821967cb0de80eed95f278
#7 CACHED

#8 exporting to image
#8 sha256:e8c613e07b0b7ff33893b694f7759a10d42e180f2b4dc349fb57dc6b71dcab00
#8 exporting layers done
#8 writing image sha256:32530144c179cec43825c5198066b2c7f3e95f41a1a42c7459275492005750a5 done
#8 naming to gcr.io/fuzzbench/builders/afl/sqlite3_sqlite3-intermediate done
#8 DONE 0.1s

#9 exporting cache
#9 sha256:2700d4ef94dee473593c5c614b55b2dedcca7893909811a8f2b48291a1f581e4
#9 preparing build cache for export done
#9 DONE 0.0s
#1 [internal] load build definition from Dockerfile
#1 sha256:6dbc8050e088565da543b341c9aab0a3c4e4572e7affc1f5c54616e46c54858a
#1 transferring dockerfile: 2.00kB done
#1 DONE 0.0s

#2 [internal] load .dockerignore
#2 sha256:ea8524a0c74f4257894bb1762ec37dabbe40ba4f15cda66d7c4c9b63431bea44
#2 transferring context: 34B done
#2 DONE 0.1s

#3 [internal] load metadata for docker.io/library/ubuntu:xenial
#3 sha256:f62bae18ed588840f045c881b2502661f2a89578a2f8f99b83f5200ee83dd25b
#3 DONE 0.0s

#5 [1/7] FROM docker.io/library/ubuntu:xenial
#5 sha256:14dd403f25ae9e519bd44f27dc17af7ce80f5a4f9f48ca88108364e67ec5d360
#5 DONE 0.0s

#4 importing cache manifest from gcr.io/fuzzbench/base-image
#4 sha256:9b220ebb4d4daceed1b96df9b6dca076e762f1cd612574f010b82d5b9e5ad896
#4 DONE 0.0s

#8 [internal] load build context
#8 sha256:47937f90fccec0f6861bffc74dbce8c949fd4c11f06f1401cd0856aa6bddf74e
#8 transferring context: 559B 0.1s done
#8 DONE 0.2s

#7 [3/7] RUN cd /tmp/ &&     curl -O https://www.python.org/ftp/python/3.8.6/Python-3.8.6.tar.xz &&     tar -xvf Python-3.8.6.tar.xz &&     cd Python-3.8.6 &&     ./configure --enable-loadable-sqlite-extensions --enable-optimizations &&     make -j install &&     rm -r /tmp/Python-3.8.6.tar.xz /tmp/Python-3.8.6
#7 sha256:c5b9d1fb3371e84dbc60b76e7b2f8d5913bc93bcd4910ab65daa03e7b2ec4bb0
#7 CACHED

#9 [4/7] COPY ./requirements.txt /
#9 sha256:eae9166e01f536a0fd51755abe7fea745046f72685fe3e79dee39fe1e8a7798e
#9 CACHED

#10 [5/7] RUN pip3 install -r /requirements.txt
#10 sha256:c67cb9bfc8673d7190a4ace500518ca5a7c237340b3bb5f250eb98e314c551f5
#10 CACHED

#11 [6/7] RUN apt-get update -y && apt-get install -y     apt-transport-https     lsb-release
#11 sha256:24fb1ba479830cda03ba138f654110ae1468f9aec4d59fa0529ac5a6f82abed9
#11 CACHED

#6 [2/7] RUN apt-get update -y && apt-get install -y     build-essential     rsync     curl     zlib1g-dev     libncurses5-dev     libgdbm-dev     libnss3-dev     libssl-dev     libreadline-dev     libffi-dev     virtualenv     libbz2-dev     liblzma-dev     libsqlite3-dev
#6 sha256:3a1b0960f17eed529eaae93dc8fd3554f2743dd584d8fa569cdbe6bc734371ac
#6 CACHED

#12 [7/7] RUN CLOUD_SDK_REPO="cloud-sdk-$(lsb_release -c -s)" &&     echo "deb https://packages.cloud.google.com/apt $CLOUD_SDK_REPO main"     | tee -a /etc/apt/sources.list.d/google-cloud-sdk.list &&     curl https://packages.cloud.google.com/apt/doc/apt-key.gpg     | apt-key add - &&     apt-get update -y &&     apt-get install -y google-cloud-sdk
#12 sha256:ae7fa740e960e332a728dafe116c219b12ac4fdac5a8b0645a06fcb7456b61c7
#12 CACHED

#13 exporting to image
#13 sha256:e8c613e07b0b7ff33893b694f7759a10d42e180f2b4dc349fb57dc6b71dcab00
#13 exporting layers done
#13 writing image sha256:33b5b3b98ba1c887e9a4fa6025d466ecd4a2fdd6bb303377c77cfdfb2f633581 0.0s done
#13 naming to gcr.io/fuzzbench/base-image done
#13 DONE 0.1s

#14 exporting cache
#14 sha256:2700d4ef94dee473593c5c614b55b2dedcca7893909811a8f2b48291a1f581e4
#14 preparing build cache for export done
#14 DONE 0.0s
#1 [internal] load build definition from Dockerfile
#1 sha256:3976e58ac8268e54800f33cf5066210fb07d73410d3b4ddceb37cbd7bac9ff3f
#1 transferring dockerfile: 2.22kB done
#1 DONE 0.0s

#2 [internal] load .dockerignore
#2 sha256:f111d7d639f08c2712ea29afd6396e928608a96da6cdbb88a7bc50486e8d9c5c
#2 transferring context: 34B done
#2 DONE 0.1s

#4 [internal] load metadata for gcr.io/fuzzbench/base-image:latest
#4 sha256:932022888f650cc455b10eb5123bb08c0cccacac29a693e69314abbfd28a72c3
#4 DONE 0.0s

#3 [internal] load metadata for gcr.io/fuzzbench/builders/afl/sqlite3_sqlite3-intermediate:latest
#3 sha256:5ceb2e42a25c76ff82789b8b5ab86633f8d30e3d80df1cfc2e0e4f90df571df6
#3 DONE 0.0s

#7 [base-image 1/1] FROM gcr.io/fuzzbench/base-image
#7 sha256:4d07825694520f8b6f6a0d8592dbd345433361ae044cb7f06706c5a95e3daaad
#7 DONE 0.0s

#6 [stage-1  1/13] FROM gcr.io/fuzzbench/builders/afl/sqlite3_sqlite3-intermediate
#6 sha256:acd2625ba54ba6a74b23a3b35c07475ea90e52be32a3e39e9de47556f60b07d1
#6 DONE 0.0s

#5 importing cache manifest from gcr.io/fuzzbench/builders/afl/sqlite3_sqlite3
#5 sha256:1ba00610159fa0275324a930131d1558a730fcaa51ebcf0d71e2220e66a8e557
#5 DONE 0.0s

#12 [internal] load build context
#12 sha256:5674a3273bfd865f7d32dba5adae550952f8ca0ff2b61b0d6ced90e61d6d5b9d
#12 transferring context: 669.87kB 0.1s done
#12 DONE 0.1s

#16 [stage-1  9/13] RUN mkdir /opt/fuzzbench/
#16 sha256:2f8a9e8127f6fdc0b7d5ba21f3018676da3431f1ef809068b4c7dfafad82c4e2
#16 CACHED

#13 [stage-1  6/13] COPY fuzzers /src/fuzzers
#13 sha256:94d02d62aae947f67066c858118bd386b0e200fbdbe9a4ffebd119b97ffef82a
#13 CACHED

#17 [stage-1 10/13] COPY docker/benchmark-builder/checkout_commit.py /opt/fuzzbench/
#17 sha256:6af587d606a3ef6a9fd540f5fa886db44b454597e07902db3211d02193793755
#17 CACHED

#9 [stage-1  3/13] COPY --from=base-image /usr/local/lib/python3.8 /usr/local/lib/python3.8
#9 sha256:99f293cd1c12e6f3dee0848150940b43035253999491e48c960cdd41984408e8
#9 CACHED

#11 [stage-1  5/13] COPY --from=base-image /usr/local/lib/python3.8/site-packages /usr/local/lib/python3.8/site-packages
#11 sha256:f3408cfa6dcc30637bc76ab3580476874646174b926dc197e9ec0e695c357a7d
#11 CACHED

#14 [stage-1  7/13] RUN touch /src/__init__.py
#14 sha256:f70f91722c3b2f8c4fa6eb9bdcca2765d870f03d4f4e40fb960a16a7a485c0a2
#14 CACHED

#10 [stage-1  4/13] COPY --from=base-image /usr/local/include/python3.8 /usr/local/include/python3.8
#10 sha256:3a37e259234dc99fa240c700439041a8a23e5527f9c7c2c5cab0ea9ec6771df0
#10 CACHED

#15 [stage-1  8/13] COPY benchmarks/sqlite3_sqlite3/benchmark.yaml /
#15 sha256:3a69211ca422b694d16c6d49757443446915e4142d72c5b1de70961319e068e5
#15 CACHED

#18 [stage-1 11/13] RUN export CHECKOUT_COMMIT=$(cat /benchmark.yaml | tr -d ' ' | grep 'commit:' | cut -d ':' -f2) &&     python3 -u /opt/fuzzbench/checkout_commit.py $CHECKOUT_COMMIT /src
#18 sha256:c927a813a636ce2393a7aa506c3a81d452b62516821c6b1fbc2a375468eb29d6
#18 CACHED

#8 [stage-1  2/13] COPY --from=base-image /usr/local/bin/python3* /usr/local/bin/
#8 sha256:111ae8680d9dad0f0529695fa1ad08d9833a53a2f3ed7062a16c13d6d1b2059c
#8 CACHED

#19 [stage-1 12/13] RUN echo "#!/bin/bash\nPYTHONPATH=/src python3 -u -c "from fuzzers import utils; utils.initialize_env(); from fuzzers.afl import fuzzer; fuzzer.build()"" > /usr/bin/fuzzer_build &&     chmod +x /usr/bin/fuzzer_build
#19 sha256:bd688dc15edce552f699ae72f3d56cbfb8ee4c8f7742fe41ca1280f1342b6cb6
#19 CACHED

#20 [stage-1 13/13] RUN echo "Run fuzzer_build to build the target" && if [ -z "$debug_builder" ] ; then fuzzer_build; fi
#20 sha256:4653fb16b2f0571898596854aa301133cf4ef7d5f83380e8beb55090399b353b
#20 CACHED

#21 exporting to image
#21 sha256:e8c613e07b0b7ff33893b694f7759a10d42e180f2b4dc349fb57dc6b71dcab00
#21 exporting layers done
#21 writing image sha256:bcb2f6cc5fc71e911d6c0ac1d4891149e931f180df9cf44d8c0cd074e8c7b3c1
#21 writing image sha256:bcb2f6cc5fc71e911d6c0ac1d4891149e931f180df9cf44d8c0cd074e8c7b3c1 done
#21 naming to gcr.io/fuzzbench/builders/afl/sqlite3_sqlite3 done
#21 DONE 0.1s

#22 exporting cache
#22 sha256:2700d4ef94dee473593c5c614b55b2dedcca7893909811a8f2b48291a1f581e4
#22 preparing build cache for export done
#22 DONE 0.0s
#1 [internal] load build definition from runner.Dockerfile
#1 sha256:f362ceae995cc18b5053cabeacc5ad2c9bfb20ff41771dde004d47d1ca13c3a7
#1 transferring dockerfile: 656B done
#1 DONE 0.0s

#2 [internal] load .dockerignore
#2 sha256:c6f0a15810ed71624be3520b72944d1cbc5f2c88187325e4063294db8000fcb0
#2 transferring context: 2B done
#2 DONE 0.0s

#3 [internal] load metadata for gcr.io/fuzzbench/base-image:latest
#3 sha256:932022888f650cc455b10eb5123bb08c0cccacac29a693e69314abbfd28a72c3
#3 DONE 0.0s

#5 importing cache manifest from gcr.io/fuzzbench/runners/afl/sqlite3_sqlite3-intermediate
#5 sha256:95babb650a3a9d2b1a52dae1c56cb32869ea39f7b54be89f30b74fef93dec0d2
#5 DONE 0.0s

#4 [1/1] FROM gcr.io/fuzzbench/base-image
#4 sha256:4d07825694520f8b6f6a0d8592dbd345433361ae044cb7f06706c5a95e3daaad
#4 CACHED

#6 exporting to image
#6 sha256:e8c613e07b0b7ff33893b694f7759a10d42e180f2b4dc349fb57dc6b71dcab00
#6 exporting layers done
#6 writing image sha256:09fed15135b4f3b14ba5f6b61105b9bf49e94f4a33fa0edc514cc39e15f44b6e
#6 writing image sha256:09fed15135b4f3b14ba5f6b61105b9bf49e94f4a33fa0edc514cc39e15f44b6e done
#6 naming to gcr.io/fuzzbench/runners/afl/sqlite3_sqlite3-intermediate done
#6 DONE 0.0s

#7 exporting cache
#7 sha256:2700d4ef94dee473593c5c614b55b2dedcca7893909811a8f2b48291a1f581e4
#7 preparing build cache for export done
#7 DONE 0.0s
#1 [internal] load build definition from Dockerfile
#1 sha256:9f602c0f05f965abfafc31db932d7d038c3d8065d241b7dbf7296218f149431d
#1 transferring dockerfile: 3.17kB done
#1 DONE 0.1s

#2 [internal] load .dockerignore
#2 sha256:07786706e84f793ce5d82b9ad41373f1e0007de158dfa67634a2d1e76ddfd633
#2 transferring context: 34B done
#2 DONE 0.1s

#3 [internal] load metadata for gcr.io/fuzzbench/runners/afl/sqlite3_sqlite3-intermediate:latest
#3 sha256:3fff4c12286759cbf9dda51014f9b90c880a21a3f9f916bc28635a6b5378de19
#3 DONE 0.0s

#4 [internal] load metadata for gcr.io/fuzzbench/builders/afl/sqlite3_sqlite3:latest
#4 sha256:49305b71daca8d0d4833209465be864248d0a0051130b766ceca48bde80fc91c
#4 DONE 0.0s

#6 [stage-1  1/13] FROM gcr.io/fuzzbench/runners/afl/sqlite3_sqlite3-intermediate
#6 sha256:ec1d3392e866353ab99ab3b64d7ecfedf10e6f0700412ecff01de7b5b22fcab0
#6 DONE 0.0s

#5 importing cache manifest from gcr.io/fuzzbench/runners/afl/sqlite3_sqlite3
#5 sha256:ea151699a89a37566a3ea578134b2fcd5f6425207f93a2e2652ac3230b6273a7
#5 DONE 0.0s

#10 [builder 1/1] FROM gcr.io/fuzzbench/builders/afl/sqlite3_sqlite3
#10 sha256:74c5cc56d974aeaf8271314dcfa35cfdc1a540b34bf2e44a993a0778e9f174b7
#10 DONE 0.0s

#12 [internal] load build context
#12 sha256:66d01e63126ce53e1e15f3314c20014db0a34d7e3c4a0d4142d089262710e2b3
#12 transferring context: 17.57MB 0.6s done
#12 DONE 0.8s

#7 [stage-1  2/13] RUN apt-get update -y && apt-get install -y     libglib2.0-0     libxml2     libarchive13     libgss3
#7 sha256:da3065e0a6d49f665a0db103e4edc1677ace1777d2f5beceffec69398e7d6c86
#7 CACHED

#8 [stage-1  3/13] RUN mkdir -p /out
#8 sha256:ad5a258f2db400d76d679cdb0eb5b25e8a87d487a18652786ddafd1c9a922b3c
#8 CACHED

#11 [stage-1  5/13] COPY --from=builder /out/ ./
#11 sha256:d53f66e2e519952b4547ee5a3888ed61de903268c0ab5c356eea56672b0b1f6c
#11 CACHED

#13 [stage-1  6/13] COPY benchmarks /src/benchmarks
#13 sha256:1270d632eb57685c1861f4291f2eb526e11789235d41bd52c28a4635093e1fb2
#13 CACHED

#16 [stage-1  9/13] RUN mkdir -p /out/seeds /out/corpus
#16 sha256:bbf87a93b6c118bfb62c69591fb4e6218edc23b71a5aea8d9df415e73309b14d
#16 CACHED

#17 [stage-1 10/13] COPY common /src/common
#17 sha256:bcde8cfc86c3b12c6b3b273371b4ae4833bdceb14083195252b1a7567d58013f
#17 CACHED

#18 [stage-1 11/13] COPY experiment/runner.py /src/experiment/runner.py
#18 sha256:91eb953ec620a8690e490c5622aafcd67e68d55d531ad75e496c1043a38616f4
#18 CACHED

#19 [stage-1 12/13] COPY docker/benchmark-runner /src/docker/benchmark-runner
#19 sha256:d075814afa773b0c49b9df8d6f2dcc3ccd0b5d65c889692897a481106b6b6eed
#19 CACHED

#9 [stage-1  4/13] WORKDIR /out
#9 sha256:52cc952806df74df6e178f6f08bb509d0491314652e9c67180abc2fae8cd6c1d
#9 CACHED

#14 [stage-1  7/13] COPY fuzzers /src/fuzzers
#14 sha256:5aae986a4a8b46fff665b112188bc631541e3e06e64be69c77421441f621a068
#14 CACHED

#15 [stage-1  8/13] RUN touch __init__.py
#15 sha256:8a10435f9065238cb1c2353fbd1204bb8ef1228c8df5c09e270384cac5075519
#15 CACHED

#20 [stage-1 13/13] RUN chmod +x /src/docker/benchmark-runner/startup-runner.sh
#20 sha256:d70b8ffae144e418be328bc5cf6541d770f068c196b2c6540af8b5e45ac29da9
#20 CACHED

#21 exporting to image
#21 sha256:e8c613e07b0b7ff33893b694f7759a10d42e180f2b4dc349fb57dc6b71dcab00
#21 exporting layers done
#21 writing image sha256:96ea693196afca7fe8e01e1eb8780abf770bf4d33483dc14ca73dc9cef3b757e
#21 writing image sha256:96ea693196afca7fe8e01e1eb8780abf770bf4d33483dc14ca73dc9cef3b757e 0.0s done
#21 naming to gcr.io/fuzzbench/runners/afl/sqlite3_sqlite3 done
#21 DONE 0.2s

#22 exporting cache
#22 sha256:2700d4ef94dee473593c5c614b55b2dedcca7893909811a8f2b48291a1f581e4
#22 preparing build cache for export done
#22 DONE 0.0s
INFO:root:Doing trial as part of experiment.
INFO:root:Starting trial.
ERROR:root:Fuzz target binary not found.
INFO:root:Doing final sync.
ERROR:root:Call to <function get_stats at 0x7f578bb01f70> failed. Extras: {'traceback': 'Traceback (most recent call last):\n  File "/src/experiment/runner.py", line 374, in record_stats\n    stats_json_str = fuzzer_module_get_stats(output_corpus,\n  File "/src/fuzzers/afl/fuzzer.py", line 51, in get_stats\n    with open(stats_file) as file_handle:\nFileNotFoundError: [Errno 2] No such file or directory: \'/out/corpus/fuzzer_stats\'\n'}
