WARNING:root:gcloud not found in PATH.
INFO:root:Successfully integrated benchmark: h3_h3_fuzzer.
INFO:root:Please run "make test-run-afl-h3_h3_fuzzer" to test integration.
#1 [internal] load build definition from Dockerfile
#1 sha256:ce171302182da0104a5530cbad431912e4973d8838801d617e581be88339fb03
#1 transferring dockerfile: 918B done
#1 DONE 0.0s

#2 [internal] load .dockerignore
#2 sha256:259eda44c778631f1ae42e0c65a8fe965919fc615f7d9cbc20de7bb3639c3e8b
#2 transferring context: 2B done
#2 DONE 0.0s

#3 [internal] load metadata for gcr.io/oss-fuzz-base/base-builder:latest
#3 sha256:f10dc39cc9d418a5bc416dead31a1902b6821fdae909cd3b08f7a3fd1faba7b5
#3 DONE 0.7s

#9 [internal] load build context
#9 sha256:17675aab7442914fc09b2f347bbd4bb0f97aaaba3d605e3431ba1727d8ae2c08
#9 DONE 0.0s

#5 [1/5] FROM gcr.io/oss-fuzz-base/base-builder@sha256:7f76292abe20e3a09554cd7e52e4ba7f174e2726aa0615496ca232017535a443
#5 sha256:b785341069aff1aa420741f46c0341befe7652e19f60afc8069313b0e11f206e
#5 DONE 0.0s

#4 importing cache manifest from gcr.io/fuzzbench/builders/benchmark/h3_h3_fuzzer
#4 sha256:8cf656acaf58213a322981cd3d4431d2d42f494be1712f30acb1f7b190763ad4
#4 ERROR: gcr.io/fuzzbench/builders/benchmark/h3_h3_fuzzer:latest: not found

#5 [1/5] FROM gcr.io/oss-fuzz-base/base-builder@sha256:7f76292abe20e3a09554cd7e52e4ba7f174e2726aa0615496ca232017535a443
#5 sha256:b785341069aff1aa420741f46c0341befe7652e19f60afc8069313b0e11f206e
#5 CACHED

#9 [internal] load build context
#9 sha256:17675aab7442914fc09b2f347bbd4bb0f97aaaba3d605e3431ba1727d8ae2c08
#9 transferring context: 3.27kB done
#9 DONE 0.2s

#6 [2/5] RUN apt-get update && apt-get install -y make autoconf automake libtool   pkg-config
#6 sha256:548346cdce3268d4a234a00cdfd758ae8b61f58c877ca71d6a43502b4382a657
#6 0.700 Hit:1 http://ppa.launchpad.net/git-core/ppa/ubuntu focal InRelease
#6 0.804 Hit:2 http://archive.ubuntu.com/ubuntu focal InRelease
#6 0.818 Get:3 http://security.ubuntu.com/ubuntu focal-security InRelease [114 kB]
#6 0.900 Get:4 http://archive.ubuntu.com/ubuntu focal-updates InRelease [114 kB]
#6 1.284 Get:5 http://archive.ubuntu.com/ubuntu focal-backports InRelease [108 kB]
#6 1.380 Get:6 http://security.ubuntu.com/ubuntu focal-security/restricted i386 Packages [26.7 kB]
#6 1.501 Get:7 http://security.ubuntu.com/ubuntu focal-security/restricted amd64 Packages [1139 kB]
#6 1.550 Get:8 http://archive.ubuntu.com/ubuntu focal-updates/main amd64 Packages [2185 kB]
#6 1.867 Get:9 http://security.ubuntu.com/ubuntu focal-security/universe amd64 Packages [870 kB]
#6 1.991 Get:10 http://security.ubuntu.com/ubuntu focal-security/main amd64 Packages [1771 kB]
#6 2.155 Get:11 http://security.ubuntu.com/ubuntu focal-security/main i386 Packages [526 kB]
#6 2.193 Get:12 http://security.ubuntu.com/ubuntu focal-security/universe i386 Packages [679 kB]
#6 2.221 Get:13 http://archive.ubuntu.com/ubuntu focal-updates/main i386 Packages [791 kB]
#6 2.303 Get:14 http://archive.ubuntu.com/ubuntu focal-updates/restricted i386 Packages [29.5 kB]
#6 2.305 Get:15 http://archive.ubuntu.com/ubuntu focal-updates/universe amd64 Packages [1153 kB]
#6 2.391 Get:16 http://archive.ubuntu.com/ubuntu focal-updates/universe i386 Packages [839 kB]
#6 2.454 Get:17 http://archive.ubuntu.com/ubuntu focal-updates/restricted amd64 Packages [1214 kB]
#6 2.544 Get:18 http://archive.ubuntu.com/ubuntu focal-backports/universe i386 Packages [14.4 kB]
#6 2.545 Get:19 http://archive.ubuntu.com/ubuntu focal-backports/universe amd64 Packages [26.0 kB]
#6 2.860 Fetched 11.6 MB in 2s (5272 kB/s)
#6 2.860 Reading package lists...
#6 4.593 Reading package lists...
#6 6.056 Building dependency tree...
#6 6.272 Reading state information...
#6 6.487 make is already the newest version (4.2.1-1.2).
#6 6.487 make set to manually installed.
#6 6.487 The following additional packages will be installed:
#6 6.489   autotools-dev libltdl-dev libltdl7 libsigsegv2 m4
#6 6.491 Suggested packages:
#6 6.491   autoconf-archive gnu-standards autoconf-doc gettext libtool-doc gfortran
#6 6.491   | fortran95-compiler gcj-jdk m4-doc
#6 6.535 The following NEW packages will be installed:
#6 6.536   autoconf automake autotools-dev libltdl-dev libltdl7 libsigsegv2 libtool m4
#6 6.537   pkg-config
#6 6.756 0 upgraded, 9 newly installed, 0 to remove and 2 not upgraded.
#6 6.756 Need to get 1503 kB of archives.
#6 6.756 After this operation, 6845 kB of additional disk space will be used.
#6 6.756 Get:1 http://archive.ubuntu.com/ubuntu focal/main amd64 libsigsegv2 amd64 2.12-2 [13.9 kB]
#6 6.855 Get:2 http://archive.ubuntu.com/ubuntu focal/main amd64 m4 amd64 1.4.18-4 [199 kB]
#6 7.141 Get:3 http://archive.ubuntu.com/ubuntu focal/main amd64 autoconf all 2.69-11.1 [321 kB]
#6 7.264 Get:4 http://archive.ubuntu.com/ubuntu focal/main amd64 autotools-dev all 20180224.1 [39.6 kB]
#6 7.275 Get:5 http://archive.ubuntu.com/ubuntu focal/main amd64 automake all 1:1.16.1-4ubuntu6 [522 kB]
#6 7.365 Get:6 http://archive.ubuntu.com/ubuntu focal/main amd64 libltdl7 amd64 2.4.6-14 [38.5 kB]
#6 7.369 Get:7 http://archive.ubuntu.com/ubuntu focal/main amd64 libltdl-dev amd64 2.4.6-14 [162 kB]
#6 7.388 Get:8 http://archive.ubuntu.com/ubuntu focal/main amd64 libtool all 2.4.6-14 [161 kB]
#6 7.402 Get:9 http://archive.ubuntu.com/ubuntu focal/main amd64 pkg-config amd64 0.29.1-0ubuntu4 [45.5 kB]
#6 7.631 debconf: delaying package configuration, since apt-utils is not installed
#6 7.687 Fetched 1503 kB in 1s (1752 kB/s)
#6 7.727 Selecting previously unselected package libsigsegv2:amd64.
#6 7.727 (Reading database ... (Reading database ... 5%(Reading database ... 10%(Reading database ... 15%(Reading database ... 20%(Reading database ... 25%(Reading database ... 30%(Reading database ... 35%(Reading database ... 40%(Reading database ... 45%(Reading database ... 50%(Reading database ... 55%(Reading database ... 60%(Reading database ... 65%(Reading database ... 70%(Reading database ... 75%(Reading database ... 80%(Reading database ... 85%(Reading database ... 90%(Reading database ... 95%(Reading database ... 100%(Reading database ... 21308 files and directories currently installed.)
#6 7.748 Preparing to unpack .../0-libsigsegv2_2.12-2_amd64.deb ...
#6 7.756 Unpacking libsigsegv2:amd64 (2.12-2) ...
#6 7.792 Selecting previously unselected package m4.
#6 7.795 Preparing to unpack .../1-m4_1.4.18-4_amd64.deb ...
#6 7.799 Unpacking m4 (1.4.18-4) ...
#6 7.852 Selecting previously unselected package autoconf.
#6 7.855 Preparing to unpack .../2-autoconf_2.69-11.1_all.deb ...
#6 7.859 Unpacking autoconf (2.69-11.1) ...
#6 7.942 Selecting previously unselected package autotools-dev.
#6 7.945 Preparing to unpack .../3-autotools-dev_20180224.1_all.deb ...
#6 7.951 Unpacking autotools-dev (20180224.1) ...
#6 8.007 Selecting previously unselected package automake.
#6 8.010 Preparing to unpack .../4-automake_1%3a1.16.1-4ubuntu6_all.deb ...
#6 8.016 Unpacking automake (1:1.16.1-4ubuntu6) ...
#6 8.112 Selecting previously unselected package libltdl7:amd64.
#6 8.115 Preparing to unpack .../5-libltdl7_2.4.6-14_amd64.deb ...
#6 8.119 Unpacking libltdl7:amd64 (2.4.6-14) ...
#6 8.158 Selecting previously unselected package libltdl-dev:amd64.
#6 8.161 Preparing to unpack .../6-libltdl-dev_2.4.6-14_amd64.deb ...
#6 8.165 Unpacking libltdl-dev:amd64 (2.4.6-14) ...
#6 8.224 Selecting previously unselected package libtool.
#6 8.227 Preparing to unpack .../7-libtool_2.4.6-14_all.deb ...
#6 8.230 Unpacking libtool (2.4.6-14) ...
#6 8.304 Selecting previously unselected package pkg-config.
#6 8.307 Preparing to unpack .../8-pkg-config_0.29.1-0ubuntu4_amd64.deb ...
#6 8.313 Unpacking pkg-config (0.29.1-0ubuntu4) ...
#6 8.380 Setting up autotools-dev (20180224.1) ...
#6 8.391 Setting up libsigsegv2:amd64 (2.12-2) ...
#6 8.402 Setting up pkg-config (0.29.1-0ubuntu4) ...
#6 8.484 Setting up libltdl7:amd64 (2.4.6-14) ...
#6 8.496 Setting up libtool (2.4.6-14) ...
#6 8.507 Setting up m4 (1.4.18-4) ...
#6 8.518 Setting up autoconf (2.69-11.1) ...
#6 8.537 Setting up automake (1:1.16.1-4ubuntu6) ...
#6 8.554 update-alternatives: using /usr/bin/automake-1.16 to provide /usr/bin/automake (automake) in auto mode
#6 8.555 update-alternatives: warning: skip creation of /usr/share/man/man1/automake.1.gz because associated file /usr/share/man/man1/automake-1.16.1.gz (of link group automake) doesn't exist
#6 8.555 update-alternatives: warning: skip creation of /usr/share/man/man1/aclocal.1.gz because associated file /usr/share/man/man1/aclocal-1.16.1.gz (of link group automake) doesn't exist
#6 8.562 Setting up libltdl-dev:amd64 (2.4.6-14) ...
#6 8.573 Processing triggers for libc-bin (2.31-0ubuntu9.7) ...
#6 DONE 8.8s

#7 [3/5] RUN git clone --depth 1 https://github.com/uber/h3
#7 sha256:75d1c7e5e1ffe2fbb604a752e656051217e83090009c352fdb523aa2a8121053
#7 0.411 Cloning into 'h3'...
#7 DONE 5.6s

#8 [4/5] WORKDIR h3
#8 sha256:eb3283d9311fb22619e004dfcd5d11a1d9f8a4ab79b1e15c4a36d297c0e1239a
#8 DONE 0.1s

#10 [5/5] COPY build.sh h3_fuzzer.c /src/
#10 sha256:2834d8b46a56dbf8ce2f8bef9ae9ad4a03184800e43e6d6522d931ea5a670b51
#10 DONE 0.1s

#11 exporting to image
#11 sha256:e8c613e07b0b7ff33893b694f7759a10d42e180f2b4dc349fb57dc6b71dcab00
#11 exporting layers done
#11 writing image sha256:99130b8bb4fe34da4eea56cc0952c517d59f8795df9c05858f0d17af6cfced2e 0.0s done
#11 naming to gcr.io/fuzzbench/builders/benchmark/h3_h3_fuzzer done
#11 DONE 0.3s

#12 exporting cache
#12 sha256:2700d4ef94dee473593c5c614b55b2dedcca7893909811a8f2b48291a1f581e4
#12 preparing build cache for export done
#12 DONE 0.0s
------
 > importing cache manifest from gcr.io/fuzzbench/builders/benchmark/h3_h3_fuzzer:
------
#1 [internal] load build definition from builder.Dockerfile
#1 sha256:dfa5052401593a23030f14ac8613339a56e422ca6ed38a00c75a73124badabcb
#1 transferring dockerfile: 1.35kB done
#1 DONE 0.1s

#2 [internal] load .dockerignore
#2 sha256:6bea95ee8b09aaa6eef0ca2c7829658ebe54717114811066cc626906f161c3d9
#2 transferring context: 2B done
#2 DONE 0.1s

#3 [internal] load metadata for gcr.io/fuzzbench/builders/benchmark/h3_h3_fuzzer:latest
#3 sha256:41040d7d1d2cd8d1a6aa56676abd4f4fcd088a941610e5e308de6415908cc014
#3 DONE 0.0s

#5 [1/3] FROM gcr.io/fuzzbench/builders/benchmark/h3_h3_fuzzer
#5 sha256:5a08c859dee1b64dedecb60b9408db2a17be4b1a40a54c9f5cb3353edd793f87
#5 DONE 0.0s

#4 importing cache manifest from gcr.io/fuzzbench/builders/afl/h3_h3_fuzzer-intermediate
#4 sha256:5e86a48a6067488427d3c71cc6c769a6578afae1ab885fdb82ddb6b2f3f5b32a
#4 ERROR: gcr.io/fuzzbench/builders/afl/h3_h3_fuzzer-intermediate:latest: not found

#5 [1/3] FROM gcr.io/fuzzbench/builders/benchmark/h3_h3_fuzzer
#5 sha256:5a08c859dee1b64dedecb60b9408db2a17be4b1a40a54c9f5cb3353edd793f87
#5 DONE 0.5s

#6 [2/3] RUN git clone https://github.com/google/AFL.git /afl &&     cd /afl &&     git checkout 61037103ae3722c8060ff7082994836a794f978e &&     AFL_NO_X86=1 make
#6 sha256:7b9350c6a17df148fd80b3c0f4cb94eea81c7b4ebce88ed3dab89f712df29208
#6 0.341 Cloning into '/afl'...
#6 1.119 Note: switching to '61037103ae3722c8060ff7082994836a794f978e'.
#6 1.119 
#6 1.119 You are in 'detached HEAD' state. You can look around, make experimental
#6 1.119 changes and commit them, and you can discard any commits you make in this
#6 1.119 state without impacting any branches by switching back to a branch.
#6 1.119 
#6 1.119 If you want to create a new branch to retain commits you create, you may
#6 1.119 do so (now or later) by using -c with the switch command. Example:
#6 1.119 
#6 1.119   git switch -c <new-branch-name>
#6 1.119 
#6 1.119 Or undo this operation with:
#6 1.119 
#6 1.119   git switch -
#6 1.119 
#6 1.119 Turn off this advice by setting config variable advice.detachedHead to false
#6 1.119 
#6 1.119 HEAD is now at 6103710 Fix a typo filename comparison in the fuzzer (#139)
#6 1.164 [!] Note: skipping x86 compilation checks (AFL_NO_X86 set).
#6 1.165 clang -O1 -fno-omit-frame-pointer -gline-tables-only -DFUZZING_BUILD_MODE_UNSAFE_FOR_PRODUCTION -Wall -D_FORTIFY_SOURCE=2 -g -Wno-pointer-sign -DAFL_PATH=\"/usr/local/lib/afl\" -DDOC_PATH=\"/usr/local/share/doc/afl\" -DBIN_PATH=\"/usr/local/bin\" afl-gcc.c -o afl-gcc -ldl
#6 1.380 set -e; for i in afl-g++ afl-clang afl-clang++; do ln -sf afl-gcc $i; done
#6 1.395 clang -O1 -fno-omit-frame-pointer -gline-tables-only -DFUZZING_BUILD_MODE_UNSAFE_FOR_PRODUCTION -Wall -D_FORTIFY_SOURCE=2 -g -Wno-pointer-sign -DAFL_PATH=\"/usr/local/lib/afl\" -DDOC_PATH=\"/usr/local/share/doc/afl\" -DBIN_PATH=\"/usr/local/bin\" afl-fuzz.c -o afl-fuzz -ldl
#6 3.822 clang -O1 -fno-omit-frame-pointer -gline-tables-only -DFUZZING_BUILD_MODE_UNSAFE_FOR_PRODUCTION -Wall -D_FORTIFY_SOURCE=2 -g -Wno-pointer-sign -DAFL_PATH=\"/usr/local/lib/afl\" -DDOC_PATH=\"/usr/local/share/doc/afl\" -DBIN_PATH=\"/usr/local/bin\" afl-showmap.c -o afl-showmap -ldl
#6 4.155 clang -O1 -fno-omit-frame-pointer -gline-tables-only -DFUZZING_BUILD_MODE_UNSAFE_FOR_PRODUCTION -Wall -D_FORTIFY_SOURCE=2 -g -Wno-pointer-sign -DAFL_PATH=\"/usr/local/lib/afl\" -DDOC_PATH=\"/usr/local/share/doc/afl\" -DBIN_PATH=\"/usr/local/bin\" afl-tmin.c -o afl-tmin -ldl
#6 4.591 clang -O1 -fno-omit-frame-pointer -gline-tables-only -DFUZZING_BUILD_MODE_UNSAFE_FOR_PRODUCTION -Wall -D_FORTIFY_SOURCE=2 -g -Wno-pointer-sign -DAFL_PATH=\"/usr/local/lib/afl\" -DDOC_PATH=\"/usr/local/share/doc/afl\" -DBIN_PATH=\"/usr/local/bin\" afl-gotcpu.c -o afl-gotcpu -ldl
#6 4.753 clang -O1 -fno-omit-frame-pointer -gline-tables-only -DFUZZING_BUILD_MODE_UNSAFE_FOR_PRODUCTION -Wall -D_FORTIFY_SOURCE=2 -g -Wno-pointer-sign -DAFL_PATH=\"/usr/local/lib/afl\" -DDOC_PATH=\"/usr/local/share/doc/afl\" -DBIN_PATH=\"/usr/local/bin\" afl-analyze.c -o afl-analyze -ldl
#6 5.157 clang -O1 -fno-omit-frame-pointer -gline-tables-only -DFUZZING_BUILD_MODE_UNSAFE_FOR_PRODUCTION -Wall -D_FORTIFY_SOURCE=2 -g -Wno-pointer-sign -DAFL_PATH=\"/usr/local/lib/afl\" -DDOC_PATH=\"/usr/local/share/doc/afl\" -DBIN_PATH=\"/usr/local/bin\" afl-as.c -o afl-as -ldl
#6 5.402 ln -sf afl-as as
#6 5.404 [!] Note: skipping build tests (you may need to use LLVM or QEMU mode).
#6 5.407 [+] LLVM users: see llvm_mode/README.llvm for a faster alternative to afl-gcc.
#6 5.408 [+] All done! Be sure to review README - it's pretty short and useful.
#6 DONE 5.5s

#7 [3/3] RUN apt-get update &&     apt-get install wget -y &&     wget https://raw.githubusercontent.com/llvm/llvm-project/5feb80e748924606531ba28c97fe65145c65372e/compiler-rt/lib/fuzzer/afl/afl_driver.cpp -O /afl/afl_driver.cpp &&     clang -Wno-pointer-sign -c /afl/llvm_mode/afl-llvm-rt.o.c -I/afl &&     clang++ -stdlib=libc++ -std=c++11 -O2 -c /afl/afl_driver.cpp &&     ar r /libAFL.a *.o
#7 sha256:0ac5fb41a80f66411918892e5f8191c8df88ac8785158ee4e99c774774e48698
#7 0.604 Hit:1 http://ppa.launchpad.net/git-core/ppa/ubuntu focal InRelease
#7 0.728 Hit:2 http://archive.ubuntu.com/ubuntu focal InRelease
#7 0.728 Hit:3 http://security.ubuntu.com/ubuntu focal-security InRelease
#7 0.824 Hit:4 http://archive.ubuntu.com/ubuntu focal-updates InRelease
#7 0.920 Hit:5 http://archive.ubuntu.com/ubuntu focal-backports InRelease
#7 1.449 Reading package lists...
#7 3.072 Reading package lists...
#7 4.520 Building dependency tree...
#7 4.736 Reading state information...
#7 4.986 wget is already the newest version (1.20.3-1ubuntu2).
#7 4.986 0 upgraded, 0 newly installed, 0 to remove and 2 not upgraded.
#7 4.996 --2022-04-23 18:52:00--  https://raw.githubusercontent.com/llvm/llvm-project/5feb80e748924606531ba28c97fe65145c65372e/compiler-rt/lib/fuzzer/afl/afl_driver.cpp
#7 4.999 Resolving raw.githubusercontent.com (raw.githubusercontent.com)... 185.199.110.133, 185.199.111.133, 185.199.108.133, ...
#7 5.001 Connecting to raw.githubusercontent.com (raw.githubusercontent.com)|185.199.110.133|:443... connected.
#7 5.025 HTTP request sent, awaiting response... 200 OK
#7 5.199 Length: 9177 (9.0K) [text/plain]
#7 5.199 Saving to: '/afl/afl_driver.cpp'
#7 5.200 
#7 5.200      0K ........                                              100% 9.59M=0.001s
#7 5.201 
#7 5.201 2022-04-23 18:52:00 (9.59 MB/s) - '/afl/afl_driver.cpp' saved [9177/9177]
#7 5.201 
#7 6.916 ar: creating /libAFL.a
#7 DONE 7.0s

#8 exporting to image
#8 sha256:e8c613e07b0b7ff33893b694f7759a10d42e180f2b4dc349fb57dc6b71dcab00
#8 exporting layers done
#8 writing image sha256:7d464179083cf833b40ad8a69ce3155e50d7fb398fdbd6cbbfcc98d357405aa6
#8 writing image sha256:7d464179083cf833b40ad8a69ce3155e50d7fb398fdbd6cbbfcc98d357405aa6 done
#8 naming to gcr.io/fuzzbench/builders/afl/h3_h3_fuzzer-intermediate done
#8 DONE 0.1s

#9 exporting cache
#9 sha256:2700d4ef94dee473593c5c614b55b2dedcca7893909811a8f2b48291a1f581e4
#9 preparing build cache for export done
#9 DONE 0.0s
------
 > importing cache manifest from gcr.io/fuzzbench/builders/afl/h3_h3_fuzzer-intermediate:
------
#1 [internal] load build definition from Dockerfile
#1 sha256:02299f8c712575a05d65c5b869dc2ddd5197a181b658a3c56da3e0d810810744
#1 transferring dockerfile: 2.00kB done
#1 DONE 0.0s

#2 [internal] load .dockerignore
#2 sha256:7699961d697edf9e4e67e4cfe9ebce80fa93ecf9b84bcde73ae62d89876bba72
#2 transferring context: 34B done
#2 DONE 0.0s

#3 [internal] load metadata for docker.io/library/ubuntu:xenial
#3 sha256:f62bae18ed588840f045c881b2502661f2a89578a2f8f99b83f5200ee83dd25b
#3 DONE 0.0s

#5 [1/7] FROM docker.io/library/ubuntu:xenial
#5 sha256:14dd403f25ae9e519bd44f27dc17af7ce80f5a4f9f48ca88108364e67ec5d360
#5 DONE 0.0s

#4 importing cache manifest from gcr.io/fuzzbench/base-image
#4 sha256:9b220ebb4d4daceed1b96df9b6dca076e762f1cd612574f010b82d5b9e5ad896
#4 DONE 0.0s

#8 [internal] load build context
#8 sha256:555f80645f883063e1547fc23ca8611f2cb23e8ed2d23ff69c5b32c08ae2d141
#8 transferring context: 591B 0.1s done
#8 DONE 0.1s

#7 [3/7] RUN cd /tmp/ &&     curl -O https://www.python.org/ftp/python/3.8.6/Python-3.8.6.tar.xz &&     tar -xvf Python-3.8.6.tar.xz &&     cd Python-3.8.6 &&     ./configure --enable-loadable-sqlite-extensions --enable-optimizations &&     make -j install &&     rm -r /tmp/Python-3.8.6.tar.xz /tmp/Python-3.8.6
#7 sha256:c5b9d1fb3371e84dbc60b76e7b2f8d5913bc93bcd4910ab65daa03e7b2ec4bb0
#7 CACHED

#6 [2/7] RUN apt-get update -y && apt-get install -y     build-essential     rsync     curl     zlib1g-dev     libncurses5-dev     libgdbm-dev     libnss3-dev     libssl-dev     libreadline-dev     libffi-dev     virtualenv     libbz2-dev     liblzma-dev     libsqlite3-dev
#6 sha256:3a1b0960f17eed529eaae93dc8fd3554f2743dd584d8fa569cdbe6bc734371ac
#6 CACHED

#10 [5/7] RUN pip3 install -r /requirements.txt
#10 sha256:2acc9cb5de1d8696471afbd1e30fd81ef15134cd7804c3b25715454d953e065d
#10 CACHED

#11 [6/7] RUN apt-get update -y && apt-get install -y     apt-transport-https     lsb-release
#11 sha256:4d428f9896f28580937d452ce26567196656d1ab7827bd659fb97b8b08fa66fb
#11 CACHED

#9 [4/7] COPY ./requirements.txt /
#9 sha256:84a0c5f47e2d47246a5277a73b685969d54e91d2209921cd3fffd7714549f8d6
#9 CACHED

#12 [7/7] RUN CLOUD_SDK_REPO="cloud-sdk-$(lsb_release -c -s)" &&     echo "deb https://packages.cloud.google.com/apt $CLOUD_SDK_REPO main"     | tee -a /etc/apt/sources.list.d/google-cloud-sdk.list &&     curl https://packages.cloud.google.com/apt/doc/apt-key.gpg     | apt-key add - &&     apt-get update -y &&     apt-get install -y google-cloud-sdk
#12 sha256:74d498510cd8c3354a9d1ee3dbb14780ea3047508eaf14867d9cfe6b01aa5461
#12 CACHED

#13 exporting to image
#13 sha256:e8c613e07b0b7ff33893b694f7759a10d42e180f2b4dc349fb57dc6b71dcab00
#13 exporting layers done
#13 writing image sha256:4da70be18378b6764cc5ec8df38dbae22e74720b7140da7af78343e0dd72ff67 done
#13 naming to gcr.io/fuzzbench/base-image done
#13 DONE 0.0s

#14 exporting cache
#14 sha256:2700d4ef94dee473593c5c614b55b2dedcca7893909811a8f2b48291a1f581e4
#14 preparing build cache for export done
#14 DONE 0.0s
#1 [internal] load build definition from Dockerfile
#1 sha256:a56fe2eab3881e16e2c5e1d62b7431a063851437e718a2d52f6ddf8a764520cb
#1 transferring dockerfile: 2.22kB done
#1 DONE 0.0s

#2 [internal] load .dockerignore
#2 sha256:f602ce5b891ab8bc1a8774810932d383ed0ef6795be3b9959b5df18fddc01314
#2 transferring context: 34B done
#2 DONE 0.0s

#4 [internal] load metadata for gcr.io/fuzzbench/base-image:latest
#4 sha256:932022888f650cc455b10eb5123bb08c0cccacac29a693e69314abbfd28a72c3
#4 DONE 0.0s

#3 [internal] load metadata for gcr.io/fuzzbench/builders/afl/h3_h3_fuzzer-intermediate:latest
#3 sha256:f7ddb69d0c87ca336da3eb2f58666978a3ace93f051ce3963e808d1af5f2f695
#3 DONE 0.0s

#12 [internal] load build context
#12 sha256:3501712bb9144a3e2491def915b11fb1c05957857e9298684224e5fab95bc419
#12 DONE 0.0s

#7 [base-image 1/1] FROM gcr.io/fuzzbench/base-image
#7 sha256:4d07825694520f8b6f6a0d8592dbd345433361ae044cb7f06706c5a95e3daaad
#7 DONE 0.0s

#6 [stage-1  1/13] FROM gcr.io/fuzzbench/builders/afl/h3_h3_fuzzer-intermediate
#6 sha256:58a4063b32791c23300f0af9b0ba41f137bc30085dee2871aca8877dc9933080
#6 DONE 0.0s

#5 importing cache manifest from gcr.io/fuzzbench/builders/afl/h3_h3_fuzzer
#5 sha256:9675718f573457e820516e47b9fa2e8b5244680bdf43c16128b8f44edd9f8508
#5 ERROR: gcr.io/fuzzbench/builders/afl/h3_h3_fuzzer:latest: not found

#7 [base-image 1/1] FROM gcr.io/fuzzbench/base-image
#7 sha256:4d07825694520f8b6f6a0d8592dbd345433361ae044cb7f06706c5a95e3daaad
#7 CACHED

#12 [internal] load build context
#12 sha256:3501712bb9144a3e2491def915b11fb1c05957857e9298684224e5fab95bc419
#12 transferring context: 742.37kB 0.1s done
#12 DONE 0.1s

#6 [stage-1  1/13] FROM gcr.io/fuzzbench/builders/afl/h3_h3_fuzzer-intermediate
#6 sha256:58a4063b32791c23300f0af9b0ba41f137bc30085dee2871aca8877dc9933080
#6 DONE 0.2s

#8 [stage-1  2/13] COPY --from=base-image /usr/local/bin/python3* /usr/local/bin/
#8 sha256:de39b9a7621dbd999a8a929c709fa7822ec1289fb291037325842a25547024ad
#8 DONE 0.3s

#9 [stage-1  3/13] COPY --from=base-image /usr/local/lib/python3.8 /usr/local/lib/python3.8
#9 sha256:ae50fcea43a626621c506e153183e37e9c86cb20653a39e64dd7c865b0f02db5
#9 DONE 13.2s

#10 [stage-1  4/13] COPY --from=base-image /usr/local/include/python3.8 /usr/local/include/python3.8
#10 sha256:c52522992da872976911043f5b78fb031cb13596de63d15e313f43e6692874b5
#10 DONE 0.3s

#11 [stage-1  5/13] COPY --from=base-image /usr/local/lib/python3.8/site-packages /usr/local/lib/python3.8/site-packages
#11 sha256:c90a09027c4848745b3ba2db85ebf1fc1cd0dc2b6ba30c3a8337e63a15fdaf69
#11 DONE 11.5s

#13 [stage-1  6/13] COPY fuzzers /src/fuzzers
#13 sha256:2725fde47398695c9e9e37b7c144547b12fddd35f7cd900f8ba0c64489668cfb
#13 DONE 0.5s

#14 [stage-1  7/13] RUN touch /src/__init__.py
#14 sha256:f656a364ad3ec298193d82276e9bc03ebe175ead92b9f2c18b35fcdf586fa226
#14 DONE 1.0s

#15 [stage-1  8/13] COPY benchmarks/h3_h3_fuzzer/benchmark.yaml /
#15 sha256:e4cc41f34e46c23a740ba03c96d92876347c6836ec4b85c4ebf9fba86a95820c
#15 DONE 0.4s

#16 [stage-1  9/13] RUN mkdir /opt/fuzzbench/
#16 sha256:0d02f501a97826132cd021cc017ebc8c9e058e660eed6eb2d4f96a27cfe3e614
#16 DONE 0.8s

#17 [stage-1 10/13] COPY docker/benchmark-builder/checkout_commit.py /opt/fuzzbench/
#17 sha256:2ce1bd45c0fb0fc7a58421a77295171ad4674ead07704eea51f131865c10cab6
#17 DONE 0.3s

#18 [stage-1 11/13] RUN export CHECKOUT_COMMIT=$(cat /benchmark.yaml | tr -d ' ' | grep 'commit:' | cut -d ':' -f2) &&     python3 -u /opt/fuzzbench/checkout_commit.py $CHECKOUT_COMMIT /src
#18 sha256:1a64819c4adbe125bd4cfdd54430d8882d525fabd57325b9a4086882e596b286
#18 0.478 Checking out commit 31ae8ce3
#18 7.753 From https://github.com/uber/h3
#18 7.753  * [new tag]         v3.0.0     -> v3.0.0
#18 7.753  * [new tag]         v3.0.1     -> v3.0.1
#18 7.753  * [new tag]         v3.0.2     -> v3.0.2
#18 7.753  * [new tag]         v3.0.3     -> v3.0.3
#18 7.754  * [new tag]         v3.0.4     -> v3.0.4
#18 7.754  * [new tag]         v3.0.5     -> v3.0.5
#18 7.754  * [new tag]         v3.0.6     -> v3.0.6
#18 7.755  * [new tag]         v3.0.7     -> v3.0.7
#18 7.755  * [new tag]         v3.0.8     -> v3.0.8
#18 7.755  * [new tag]         v3.1.0     -> v3.1.0
#18 7.755  * [new tag]         v3.1.1     -> v3.1.1
#18 7.756  * [new tag]         v3.2.0     -> v3.2.0
#18 7.756  * [new tag]         v3.3.0     -> v3.3.0
#18 7.756  * [new tag]         v3.4.0     -> v3.4.0
#18 7.756  * [new tag]         v3.4.1     -> v3.4.1
#18 7.757  * [new tag]         v3.4.2     -> v3.4.2
#18 7.757  * [new tag]         v3.4.3     -> v3.4.3
#18 7.757  * [new tag]         v3.4.4     -> v3.4.4
#18 7.757  * [new tag]         v3.5.0     -> v3.5.0
#18 7.757  * [new tag]         v3.6.0     -> v3.6.0
#18 7.758  * [new tag]         v3.6.1     -> v3.6.1
#18 7.758  * [new tag]         v3.6.2     -> v3.6.2
#18 7.758  * [new tag]         v3.6.3     -> v3.6.3
#18 7.759  * [new tag]         v3.6.4     -> v3.6.4
#18 7.759  * [new tag]         v3.7.0     -> v3.7.0
#18 7.759  * [new tag]         v3.7.1     -> v3.7.1
#18 7.759  * [new tag]         v4.0.0-rc1 -> v4.0.0-rc1
#18 7.760  * [new tag]         v4.0.0-rc2 -> v4.0.0-rc2
#18 7.765 error: pathspec '31ae8ce3' did not match any file(s) known to git
#18 7.804 error: pathspec '31ae8ce3' did not match any file(s) known to git
#18 7.810 error: pathspec '31ae8ce3' did not match any file(s) known to git
#18 7.865 Checkout unsuccessful.
#18 DONE 8.6s

#19 [stage-1 12/13] RUN echo "#!/bin/bash\nPYTHONPATH=/src python3 -u -c "from fuzzers import utils; utils.initialize_env(); from fuzzers.afl import fuzzer; fuzzer.build()"" > /usr/bin/fuzzer_build &&     chmod +x /usr/bin/fuzzer_build
#19 sha256:c388e6e7f92529f55f904585910726943c60fe2c59bf49adde5d584e92239b11
#19 DONE 1.0s

#20 [stage-1 13/13] RUN echo "Run fuzzer_build to build the target" && if [ -z "$debug_builder" ] ; then fuzzer_build; fi
#20 sha256:20bb9840159f562327fbe60331898a26215c10e0bfc73858712302ad8dd272e0
#20 0.638 Run fuzzer_build to build the target
#20 0.765 FUZZ_TARGET = h3_fuzzer
#20 0.765 CFLAGS = -DFUZZING_BUILD_MODE_UNSAFE_FOR_PRODUCTION -pthread -Wl,--no-as-needed -Wl,-ldl -Wl,-lm -Wno-unused-command-line-argument -O3
#20 0.765 CXXFLAGS = -DFUZZING_BUILD_MODE_UNSAFE_FOR_PRODUCTION -pthread -Wl,--no-as-needed -Wl,-ldl -Wl,-lm -Wno-unused-command-line-argument -stdlib=libc++ -O3
#20 0.784 Building benchmark h3_h3_fuzzer with fuzzer afl
#20 0.788 + mkdir build
#20 0.791 + cd build
#20 0.791 + sed -i 21d /src/h3/CMakeLists.txt
#20 0.795 + cmake ..
#20 1.344 -- The C compiler identification is Clang 14.0.0
#20 1.356 -- Detecting C compiler ABI info
#20 1.630 -- Detecting C compiler ABI info - done
#20 1.680 -- Check for working C compiler: /usr/local/bin/clang - skipped
#20 1.680 -- Detecting C compile features
#20 1.681 -- Detecting C compile features - done
#20 1.732 CMake Warning at CMakeLists.txt:333 (message):
#20 1.732   clang-format was not detected, so automatic source code reformatting is
#20 1.732   disabled
#20 1.732 
#20 1.732 
#20 1.733 CMake Warning at CMakeLists.txt:345 (message):
#20 1.733   clang-tidy was not detected, so source code linting is disabled
#20 1.733 
#20 1.733 
#20 1.738 -- Could NOT find Doxygen (missing: DOXYGEN_EXECUTABLE) 
#20 1.796 -- Configuring done
#20 2.260 -- Generating done
#20 2.301 -- Build files have been written to: /src/h3/build
#20 2.308 ++ nproc
#20 2.314 + make -j8
#20 2.372 [  0%] Building C object CMakeFiles/h3.dir/src/h3lib/lib/algos.c.o
#20 2.372 [  0%] Building C object CMakeFiles/h3WithTestAllocators.dir/src/h3lib/lib/algos.c.o
#20 2.372 [  0%] Building C object CMakeFiles/h3.dir/src/h3lib/lib/coordijk.c.o
#20 2.372 [  0%] Building C object CMakeFiles/h3.dir/src/h3lib/lib/bbox.c.o
#20 2.373 [  1%] Building C object CMakeFiles/h3WithTestAllocators.dir/src/h3lib/lib/coordijk.c.o
#20 2.373 [  1%] Building C object CMakeFiles/h3.dir/src/h3lib/lib/polygon.c.o
#20 2.373 [  1%] Building C object CMakeFiles/h3WithTestAllocators.dir/src/h3lib/lib/bbox.c.o
#20 2.373 [  2%] Building C object CMakeFiles/h3.dir/src/h3lib/lib/h3Index.c.o
#20 2.534 [  2%] Building C object CMakeFiles/h3.dir/src/h3lib/lib/vec2d.c.o
#20 2.537 [  2%] Building C object CMakeFiles/h3WithTestAllocators.dir/src/h3lib/lib/polygon.c.o
#20 2.644 [  2%] Building C object CMakeFiles/h3.dir/src/h3lib/lib/vec3d.c.o
#20 2.661 [  2%] Building C object CMakeFiles/h3.dir/src/h3lib/lib/vertex.c.o
#20 2.726 [  2%] Building C object CMakeFiles/h3WithTestAllocators.dir/src/h3lib/lib/h3Index.c.o
#20 2.733 [  2%] Building C object CMakeFiles/h3.dir/src/h3lib/lib/linkedGeo.c.o
#20 2.764 [  2%] Building C object CMakeFiles/h3.dir/src/h3lib/lib/localij.c.o
#20 2.801 [  2%] Building C object CMakeFiles/h3WithTestAllocators.dir/src/h3lib/lib/vec2d.c.o
#20 2.878 [  3%] Building C object CMakeFiles/h3.dir/src/h3lib/lib/latLng.c.o
#20 2.886 [  3%] Building C object CMakeFiles/h3.dir/src/h3lib/lib/directedEdge.c.o
#20 2.896 [  3%] Building C object CMakeFiles/h3WithTestAllocators.dir/src/h3lib/lib/vec3d.c.o
#20 2.900 [  3%] Building C object CMakeFiles/h3.dir/src/h3lib/lib/mathExtensions.c.o
#20 2.963 [  3%] Building C object CMakeFiles/h3.dir/src/h3lib/lib/iterators.c.o
#20 3.005 [  5%] Building C object CMakeFiles/h3WithTestAllocators.dir/src/h3lib/lib/vertex.c.o
#20 3.054 [  5%] Building C object CMakeFiles/h3.dir/src/h3lib/lib/vertexGraph.c.o
#20 3.085 [  5%] Building C object CMakeFiles/h3.dir/src/h3lib/lib/faceijk.c.o
#20 3.152 [  6%] Building C object CMakeFiles/h3.dir/src/h3lib/lib/baseCells.c.o
#20 3.152 [  6%] Building C object CMakeFiles/h3WithTestAllocators.dir/src/h3lib/lib/linkedGeo.c.o
#20 3.168 [  6%] Building C object CMakeFiles/h3WithTestAllocators.dir/src/h3lib/lib/localij.c.o
#20 3.207 [  6%] Building C object CMakeFiles/h3WithTestAllocators.dir/src/h3lib/lib/latLng.c.o
#20 3.208 [  6%] Building C object CMakeFiles/h3WithTestAllocators.dir/src/h3lib/lib/directedEdge.c.o
#20 3.269 [  6%] Building C object CMakeFiles/h3WithTestAllocators.dir/src/h3lib/lib/mathExtensions.c.o
#20 3.317 [  6%] Building C object CMakeFiles/h3WithTestAllocators.dir/src/h3lib/lib/iterators.c.o
#20 3.346 [  7%] Building C object CMakeFiles/h3WithTestAllocators.dir/src/h3lib/lib/vertexGraph.c.o
#20 3.358 [  7%] Building C object CMakeFiles/h3WithTestAllocators.dir/src/h3lib/lib/faceijk.c.o
#20 3.448 [  7%] Linking C static library lib/libh3.a
#20 3.474 [  7%] Building C object CMakeFiles/h3WithTestAllocators.dir/src/h3lib/lib/baseCells.c.o
#20 3.514 [  7%] Built target h3
#20 3.528 [  7%] Building C object CMakeFiles/benchmarkPolygon.dir/src/apps/benchmarks/benchmarkPolygon.c.o
#20 3.530 [  7%] Building C object CMakeFiles/benchmarkCellsToLinkedMultiPolygon.dir/src/apps/benchmarks/benchmarkCellsToLinkedMultiPolygon.c.o
#20 3.532 [  8%] Building C object CMakeFiles/benchmarkCellsToLinkedMultiPolygon.dir/src/apps/applib/lib/kml.c.o
#20 3.532 [  8%] Building C object CMakeFiles/benchmarkPolygon.dir/src/apps/applib/lib/kml.c.o
#20 3.534 [  8%] Building C object CMakeFiles/benchmarkVertex.dir/src/apps/benchmarks/benchmarkVertex.c.o
#20 3.556 [  8%] Building C object CMakeFiles/benchmarkVertex.dir/src/apps/applib/lib/kml.c.o
#20 3.649 [  8%] Building C object CMakeFiles/benchmarkPolygon.dir/src/apps/applib/lib/utility.c.o
#20 3.665 [  8%] Building C object CMakeFiles/benchmarkVertex.dir/src/apps/applib/lib/utility.c.o
#20 3.665 [  8%] Building C object CMakeFiles/benchmarkPolygon.dir/src/apps/applib/lib/args.c.o
#20 3.665 [  8%] Building C object CMakeFiles/benchmarkCellsToLinkedMultiPolygon.dir/src/apps/applib/lib/utility.c.o
#20 3.678 [  8%] Building C object CMakeFiles/benchmarkCellsToLinkedMultiPolygon.dir/src/apps/applib/lib/args.c.o
#20 3.681 [  8%] Building C object CMakeFiles/benchmarkVertex.dir/src/apps/applib/lib/args.c.o
#20 3.703 [  8%] Linking C static library lib/libh3WithTestAllocators.a
#20 3.723 [  8%] Building C object CMakeFiles/benchmarkDirectedEdge.dir/src/apps/benchmarks/benchmarkDirectedEdge.c.o
#20 3.727 [  8%] Built target h3WithTestAllocators
#20 3.761 [  8%] Building C object CMakeFiles/benchmarkGridPathCells.dir/src/apps/benchmarks/benchmarkGridPathCells.c.o
#20 3.822 [ 10%] Building C object CMakeFiles/benchmarkDirectedEdge.dir/src/apps/applib/lib/kml.c.o
#20 3.824 [ 10%] Building C object CMakeFiles/benchmarkGridPathCells.dir/src/apps/applib/lib/kml.c.o
#20 3.836 [ 10%] Building C object CMakeFiles/benchmarkGridPathCells.dir/src/apps/applib/lib/utility.c.o
#20 3.849 [ 10%] Linking C executable bin/benchmarkCellsToLinkedMultiPolygon
#20 3.851 [ 10%] Building C object CMakeFiles/benchmarkDirectedEdge.dir/src/apps/applib/lib/utility.c.o
#20 3.862 [ 11%] Linking C executable bin/benchmarkVertex
#20 3.866 [ 11%] Linking C executable bin/benchmarkPolygon
#20 3.899 [ 11%] Building C object CMakeFiles/benchmarkGridPathCells.dir/src/apps/applib/lib/args.c.o
#20 3.950 [ 11%] Building C object CMakeFiles/benchmarkDirectedEdge.dir/src/apps/applib/lib/args.c.o
#20 3.973 [ 11%] Building C object CMakeFiles/benchmarkGridDiskCells.dir/src/apps/benchmarks/benchmarkGridDiskCells.c.o
#20 4.046 [ 11%] Building C object CMakeFiles/benchmarkGridDiskCells.dir/src/apps/applib/lib/kml.c.o
#20 4.048 [ 12%] Building C object CMakeFiles/benchmarkGridDiskCells.dir/src/apps/applib/lib/utility.c.o
#20 4.053 [ 13%] Linking C executable bin/benchmarkGridPathCells
#20 4.083 [ 13%] Built target benchmarkCellsToLinkedMultiPolygon
#20 4.098 [ 13%] Built target benchmarkVertex
#20 4.098 [ 13%] Building C object CMakeFiles/fuzzerPolygonToCellsNoHoles.dir/src/apps/fuzzers/fuzzerPolygonToCellsNoHoles.c.o
#20 4.102 [ 13%] Built target benchmarkPolygon
#20 4.107 [ 13%] Building C object CMakeFiles/benchmarkGridDiskCells.dir/src/apps/applib/lib/args.c.o
#20 4.112 [ 13%] Building C object CMakeFiles/fuzzerLocalIj.dir/src/apps/fuzzers/fuzzerLocalIj.c.o
#20 4.114 [ 13%] Linking C executable bin/benchmarkDirectedEdge
#20 4.159 [ 13%] Building C object CMakeFiles/fuzzerPolygonToCellsNoHoles.dir/src/apps/applib/lib/kml.c.o
#20 4.174 [ 13%] Building C object CMakeFiles/fuzzerPolygonToCellsNoHoles.dir/src/apps/applib/lib/utility.c.o
#20 4.212 [ 13%] Building C object CMakeFiles/fuzzerPolygonToCellsNoHoles.dir/src/apps/applib/lib/args.c.o
#20 4.231 [ 13%] Building C object CMakeFiles/fuzzerLocalIj.dir/src/apps/applib/lib/kml.c.o
#20 4.262 [ 15%] Building C object CMakeFiles/fuzzerLocalIj.dir/src/apps/applib/lib/utility.c.o
#20 4.267 [ 15%] Linking C executable bin/benchmarkGridDiskCells
#20 4.288 [ 15%] Building C object CMakeFiles/fuzzerLocalIj.dir/src/apps/applib/lib/args.c.o
#20 4.288 [ 15%] Built target benchmarkGridPathCells
#20 4.305 [ 15%] Building C object CMakeFiles/fuzzerCompact.dir/src/apps/fuzzers/fuzzerCompact.c.o
#20 4.353 [ 15%] Built target benchmarkDirectedEdge
#20 4.367 [ 15%] Building C object CMakeFiles/fuzzerHierarchy.dir/src/apps/fuzzers/fuzzerHierarchy.c.o
#20 4.367 [ 16%] Building C object CMakeFiles/fuzzerIndexIO.dir/src/apps/fuzzers/fuzzerIndexIO.c.o
#20 4.375 [ 16%] Linking C executable bin/fuzzerPolygonToCellsNoHoles
#20 4.379 [ 17%] Building C object CMakeFiles/fuzzerCellProperties.dir/src/apps/fuzzers/fuzzerCellProperties.c.o
#20 4.407 [ 17%] Building C object CMakeFiles/fuzzerCompact.dir/src/apps/applib/lib/kml.c.o
#20 4.442 [ 17%] Building C object CMakeFiles/fuzzerIndexIO.dir/src/apps/applib/lib/kml.c.o
#20 4.462 [ 17%] Linking C executable bin/fuzzerLocalIj
#20 4.486 [ 17%] Building C object CMakeFiles/fuzzerHierarchy.dir/src/apps/applib/lib/kml.c.o
#20 4.486 [ 17%] Building C object CMakeFiles/fuzzerCellProperties.dir/src/apps/applib/lib/kml.c.o
#20 4.486 [ 17%] Building C object CMakeFiles/fuzzerHierarchy.dir/src/apps/applib/lib/utility.c.o
#20 4.496 [ 17%] Built target benchmarkGridDiskCells
#20 4.501 [ 17%] Building C object CMakeFiles/fuzzerIndexIO.dir/src/apps/applib/lib/utility.c.o
#20 4.537 [ 17%] Building C object CMakeFiles/fuzzerCompact.dir/src/apps/applib/lib/utility.c.o
#20 4.564 [ 17%] Building C object CMakeFiles/fuzzerIndexIO.dir/src/apps/applib/lib/args.c.o
#20 4.604 [ 17%] Built target fuzzerPolygonToCellsNoHoles
#20 4.612 [ 17%] Building C object CMakeFiles/fuzzerCellProperties.dir/src/apps/applib/lib/utility.c.o
#20 4.621 [ 17%] Building C object CMakeFiles/fuzzerExactEdgeLength.dir/src/apps/fuzzers/fuzzerExactEdgeLength.c.o
#20 4.621 [ 17%] Building C object CMakeFiles/fuzzerCellArea.dir/src/apps/fuzzers/fuzzerCellArea.c.o
#20 4.676 [ 17%] Building C object CMakeFiles/fuzzerHierarchy.dir/src/apps/applib/lib/args.c.o
#20 4.698 [ 17%] Built target fuzzerLocalIj
#20 4.699 [ 17%] Building C object CMakeFiles/fuzzerCellArea.dir/src/apps/applib/lib/kml.c.o
#20 4.712 [ 17%] Building C object CMakeFiles/fuzzerDistances.dir/src/apps/fuzzers/fuzzerDistances.c.o
#20 4.714 [ 17%] Linking C executable bin/fuzzerIndexIO
#20 4.721 [ 17%] Building C object CMakeFiles/fuzzerCompact.dir/src/apps/applib/lib/args.c.o
#20 4.760 [ 17%] Building C object CMakeFiles/fuzzerExactEdgeLength.dir/src/apps/applib/lib/kml.c.o
#20 4.760 [ 17%] Building C object CMakeFiles/fuzzerCellArea.dir/src/apps/applib/lib/utility.c.o
#20 4.818 [ 18%] Building C object CMakeFiles/fuzzerDistances.dir/src/apps/applib/lib/kml.c.o
#20 4.821 [ 18%] Building C object CMakeFiles/fuzzerCellArea.dir/src/apps/applib/lib/args.c.o
#20 4.822 [ 18%] Building C object CMakeFiles/fuzzerCellProperties.dir/src/apps/applib/lib/args.c.o
#20 4.833 [ 18%] Linking C executable bin/fuzzerHierarchy
#20 4.880 [ 20%] Linking C executable bin/fuzzerCompact
#20 4.888 [ 21%] Building C object CMakeFiles/fuzzerExactEdgeLength.dir/src/apps/applib/lib/utility.c.o
#20 4.944 [ 21%] Building C object CMakeFiles/fuzzerDistances.dir/src/apps/applib/lib/utility.c.o
#20 4.945 [ 21%] Built target fuzzerIndexIO
#20 4.958 [ 21%] Building C object CMakeFiles/fuzzerCellsToLinkedMultiPolygon.dir/src/apps/fuzzers/fuzzerCellsToLinkedMultiPolygon.c.o
#20 4.970 [ 21%] Building C object CMakeFiles/fuzzerCellsToLinkedMultiPolygon.dir/src/apps/applib/lib/kml.c.o
#20 4.977 [ 21%] Linking C executable bin/fuzzerCellProperties
#20 4.977 [ 21%] Linking C executable bin/fuzzerCellArea
#20 5.587 [ 21%] Building C object CMakeFiles/fuzzerExactEdgeLength.dir/src/apps/applib/lib/args.c.o
#20 5.587 [ 21%] Building C object CMakeFiles/fuzzerDistances.dir/src/apps/applib/lib/args.c.o
#20 5.587 [ 21%] Building C object CMakeFiles/fuzzerCellsToLinkedMultiPolygon.dir/src/apps/applib/lib/utility.c.o
#20 5.589 [ 21%] Built target fuzzerHierarchy
#20 5.599 [ 21%] Building C object CMakeFiles/fuzzerGridDisk.dir/src/apps/fuzzers/fuzzerGridDisk.c.o
#20 5.602 [ 21%] Building C object CMakeFiles/fuzzerCellToLatLng.dir/src/apps/fuzzers/fuzzerCellToLatLng.c.o
#20 5.633 [ 21%] Built target fuzzerCompact
#20 5.635 [ 21%] Built target fuzzerCellProperties
#20 5.638 [ 21%] Built target fuzzerCellArea
#20 5.649 [ 21%] Building C object CMakeFiles/fuzzerLatLngToCell.dir/src/apps/fuzzers/fuzzerLatLngToCell.c.o
#20 5.652 [ 22%] Building C object CMakeFiles/testH3Memory.dir/src/apps/testapps/testH3Memory.c.o
#20 5.653 [ 22%] Building C object CMakeFiles/fuzzerGridDisk.dir/src/apps/applib/lib/kml.c.o
#20 5.728 [ 24%] Building C object CMakeFiles/fuzzerCellToLatLng.dir/src/apps/applib/lib/kml.c.o
#20 5.732 [ 24%] Building C object CMakeFiles/testH3Memory.dir/src/apps/applib/lib/kml.c.o
#20 5.746 [ 24%] Linking C executable bin/fuzzerDistances
#20 5.746 [ 24%] Linking C executable bin/fuzzerExactEdgeLength
#20 5.762 [ 25%] Building C object CMakeFiles/fuzzerLatLngToCell.dir/src/apps/applib/lib/kml.c.o
#20 5.792 [ 26%] Building C object CMakeFiles/fuzzerCellsToLinkedMultiPolygon.dir/src/apps/applib/lib/args.c.o
#20 5.792 [ 26%] Building C object CMakeFiles/fuzzerGridDisk.dir/src/apps/applib/lib/utility.c.o
#20 5.853 [ 26%] Building C object CMakeFiles/fuzzerCellToLatLng.dir/src/apps/applib/lib/utility.c.o
#20 5.858 [ 26%] Building C object CMakeFiles/testH3Memory.dir/src/apps/applib/lib/utility.c.o
#20 5.891 [ 26%] Building C object CMakeFiles/fuzzerLatLngToCell.dir/src/apps/applib/lib/utility.c.o
#20 5.948 [ 26%] Linking C executable bin/fuzzerCellsToLinkedMultiPolygon
#20 5.983 [ 26%] Built target fuzzerDistances
#20 5.983 [ 26%] Built target fuzzerExactEdgeLength
#20 5.987 [ 26%] Building C object CMakeFiles/fuzzerLatLngToCell.dir/src/apps/applib/lib/args.c.o
#20 5.993 [ 27%] Building C object CMakeFiles/fuzzerGridDisk.dir/src/apps/applib/lib/args.c.o
#20 5.997 [ 27%] Building C object CMakeFiles/testH3CellAreaExhaustive.dir/src/apps/testapps/testH3CellAreaExhaustive.c.o
#20 6.031 [ 27%] Building C object CMakeFiles/testH3CellAreaExhaustive.dir/src/apps/applib/lib/kml.c.o
#20 6.049 [ 27%] Building C object CMakeFiles/fuzzerCellToLatLng.dir/src/apps/applib/lib/args.c.o
#20 6.062 [ 27%] Building C object CMakeFiles/testH3Memory.dir/src/apps/applib/lib/args.c.o
#20 6.100 [ 27%] Building C object CMakeFiles/testH3Memory.dir/src/apps/applib/lib/test.c.o
#20 6.143 [ 27%] Linking C executable bin/fuzzerGridDisk
#20 6.143 [ 27%] Linking C executable bin/fuzzerLatLngToCell
#20 6.158 [ 27%] Building C object CMakeFiles/testH3CellAreaExhaustive.dir/src/apps/applib/lib/utility.c.o
#20 6.178 [ 27%] Built target fuzzerCellsToLinkedMultiPolygon
#20 6.192 [ 30%] Building C object CMakeFiles/testH3CellAreaExhaustive.dir/src/apps/applib/lib/args.c.o
#20 6.192 [ 30%] Building C object CMakeFiles/testGridDistanceExhaustive.dir/src/apps/testapps/testGridDistanceExhaustive.c.o
#20 6.207 [ 30%] Linking C executable bin/fuzzerCellToLatLng
#20 6.219 [ 30%] Linking C executable bin/testH3Memory
#20 6.327 [ 30%] Building C object CMakeFiles/testGridDistanceExhaustive.dir/src/apps/applib/lib/kml.c.o
#20 6.345 [ 30%] Building C object CMakeFiles/testH3CellAreaExhaustive.dir/src/apps/applib/lib/test.c.o
#20 6.358 [ 30%] Building C object CMakeFiles/testGridDistanceExhaustive.dir/src/apps/applib/lib/utility.c.o
#20 6.368 [ 30%] Building C object CMakeFiles/testGridDistanceExhaustive.dir/src/apps/applib/lib/args.c.o
#20 6.378 [ 30%] Built target fuzzerGridDisk
#20 6.382 [ 30%] Built target fuzzerLatLngToCell
#20 6.391 [ 30%] Building C object CMakeFiles/testVertexExhaustive.dir/src/apps/testapps/testVertexExhaustive.c.o
#20 6.395 [ 30%] Building C object CMakeFiles/testDirectedEdgeExhaustive.dir/src/apps/testapps/testDirectedEdgeExhaustive.c.o
#20 6.431 [ 30%] Built target fuzzerCellToLatLng
#20 6.431 [ 30%] Linking C executable bin/testH3CellAreaExhaustive
#20 6.434 [ 30%] Building C object CMakeFiles/testVertexExhaustive.dir/src/apps/applib/lib/kml.c.o
#20 6.454 [ 30%] Building C object CMakeFiles/testGridDistanceExhaustive.dir/src/apps/applib/lib/test.c.o
#20 6.473 [ 30%] Built target testH3Memory
#20 6.488 [ 30%] Building C object CMakeFiles/testH3Iterators.dir/src/apps/testapps/testH3Iterators.c.o
#20 6.526 [ 31%] Building C object CMakeFiles/testH3Iterators.dir/src/apps/applib/lib/kml.c.o
#20 6.541 [ 31%] Building C object CMakeFiles/testH3Iterators.dir/src/apps/applib/lib/utility.c.o
#20 6.553 [ 31%] Building C object CMakeFiles/testDirectedEdgeExhaustive.dir/src/apps/applib/lib/kml.c.o
#20 6.559 [ 31%] Linking C executable bin/testGridDistanceExhaustive
#20 6.562 [ 32%] Building C object CMakeFiles/testVertexExhaustive.dir/src/apps/applib/lib/utility.c.o
#20 6.594 [ 32%] Building C object CMakeFiles/testVertexExhaustive.dir/src/apps/applib/lib/args.c.o
#20 6.643 [ 32%] Building C object CMakeFiles/testH3Iterators.dir/src/apps/applib/lib/args.c.o
#20 6.654 [ 32%] Building C object CMakeFiles/testH3Iterators.dir/src/apps/applib/lib/test.c.o
#20 6.666 [ 32%] Built target testH3CellAreaExhaustive
#20 6.679 [ 32%] Building C object CMakeFiles/testDirectedEdgeExhaustive.dir/src/apps/applib/lib/utility.c.o
#20 6.693 [ 32%] Building C object CMakeFiles/testBaseCells.dir/src/apps/testapps/testBaseCells.c.o
#20 6.737 [ 32%] Building C object CMakeFiles/testBaseCells.dir/src/apps/applib/lib/kml.c.o
#20 6.741 [ 34%] Building C object CMakeFiles/testBaseCells.dir/src/apps/applib/lib/utility.c.o
#20 6.754 [ 34%] Building C object CMakeFiles/testVertexExhaustive.dir/src/apps/applib/lib/test.c.o
#20 6.761 [ 34%] Building C object CMakeFiles/testBaseCells.dir/src/apps/applib/lib/args.c.o
#20 6.792 [ 34%] Built target testGridDistanceExhaustive
#20 6.798 [ 34%] Linking C executable bin/testH3Iterators
#20 6.805 [ 34%] Building C object CMakeFiles/testBaseCells.dir/src/apps/applib/lib/test.c.o
#20 6.805 [ 34%] Building C object CMakeFiles/testCoordIjk.dir/src/apps/testapps/testCoordIjk.c.o
#20 6.842 [ 34%] Linking C executable bin/testVertexExhaustive
#20 6.865 [ 34%] Building C object CMakeFiles/testCoordIjk.dir/src/apps/applib/lib/kml.c.o
#20 6.886 [ 35%] Building C object CMakeFiles/testDirectedEdgeExhaustive.dir/src/apps/applib/lib/args.c.o
#20 6.894 [ 35%] Building C object CMakeFiles/testDirectedEdgeExhaustive.dir/src/apps/applib/lib/test.c.o
#20 6.916 [ 35%] Building C object CMakeFiles/testCoordIjk.dir/src/apps/applib/lib/utility.c.o
#20 6.936 [ 35%] Building C object CMakeFiles/fuzzerPolygonToCells.dir/src/apps/fuzzers/fuzzerPolygonToCells.c.o
#20 6.948 [ 35%] Linking C executable bin/testBaseCells
#20 6.982 [ 35%] Building C object CMakeFiles/testCoordIjk.dir/src/apps/applib/lib/args.c.o
#20 6.995 [ 36%] Building C object CMakeFiles/testCoordIjk.dir/src/apps/applib/lib/test.c.o
#20 7.034 [ 36%] Built target testH3Iterators
#20 7.046 [ 36%] Linking C executable bin/testDirectedEdgeExhaustive
#20 7.053 [ 37%] Building C object CMakeFiles/fuzzerResolutions.dir/src/apps/fuzzers/fuzzerResolutions.c.o
#20 7.070 [ 37%] Building C object CMakeFiles/fuzzerPolygonToCells.dir/src/apps/applib/lib/kml.c.o
#20 7.075 [ 37%] Built target testVertexExhaustive
#20 7.080 [ 37%] Building C object CMakeFiles/fuzzerPolygonToCells.dir/src/apps/applib/lib/utility.c.o
#20 7.108 [ 37%] Building C object CMakeFiles/benchmarkPolygonToCells.dir/src/apps/benchmarks/benchmarkPolygonToCells.c.o
#20 7.122 [ 37%] Building C object CMakeFiles/benchmarkPolygonToCells.dir/src/apps/applib/lib/kml.c.o
#20 7.133 [ 37%] Linking C executable bin/testCoordIjk
#20 7.167 [ 37%] Building C object CMakeFiles/fuzzerResolutions.dir/src/apps/applib/lib/kml.c.o
#20 7.180 [ 37%] Built target testBaseCells
#20 7.197 [ 37%] Building C object CMakeFiles/fuzzerPolygonToCells.dir/src/apps/applib/lib/args.c.o
#20 7.209 [ 37%] Building C object CMakeFiles/testPolygon.dir/src/apps/testapps/testPolygon.c.o
#20 7.249 [ 37%] Building C object CMakeFiles/benchmarkPolygonToCells.dir/src/apps/applib/lib/utility.c.o
#20 7.261 [ 37%] Built target testDirectedEdgeExhaustive
#20 7.271 [ 39%] Building C object CMakeFiles/benchmarkPolygonToCells.dir/src/apps/applib/lib/args.c.o
#20 7.275 [ 39%] Building C object CMakeFiles/fuzzerVertexes.dir/src/apps/fuzzers/fuzzerVertexes.c.o
#20 7.290 [ 39%] Building C object CMakeFiles/testPolygon.dir/src/apps/applib/lib/kml.c.o
#20 7.295 [ 39%] Building C object CMakeFiles/fuzzerResolutions.dir/src/apps/applib/lib/utility.c.o
#20 7.358 [ 40%] Linking C executable bin/fuzzerPolygonToCells
#20 7.367 [ 40%] Built target testCoordIjk
#20 7.372 [ 40%] Building C object CMakeFiles/fuzzerVertexes.dir/src/apps/applib/lib/kml.c.o
#20 7.385 [ 41%] Building C object CMakeFiles/fuzzerVertexes.dir/src/apps/applib/lib/utility.c.o
#20 7.415 [ 41%] Building C object CMakeFiles/testPolygon.dir/src/apps/applib/lib/utility.c.o
#20 7.424 [ 41%] Building C object CMakeFiles/testPolygon.dir/src/apps/applib/lib/args.c.o
#20 7.449 [ 41%] Linking C executable bin/benchmarkPolygonToCells
#20 7.500 [ 41%] Building C object CMakeFiles/fuzzerResolutions.dir/src/apps/applib/lib/args.c.o
#20 7.500 [ 41%] Building C object CMakeFiles/fuzzerVertexes.dir/src/apps/applib/lib/args.c.o
#20 7.579 [ 43%] Building C object CMakeFiles/testPolygon.dir/src/apps/applib/lib/test.c.o
#20 7.590 [ 43%] Built target fuzzerPolygonToCells
#20 7.600 [ 43%] Building C object CMakeFiles/testCellToLatLng.dir/src/apps/testapps/testCellToLatLng.c.o
#20 7.608 [ 43%] Building C object CMakeFiles/testH3SetToVertexGraph.dir/src/apps/testapps/testH3SetToVertexGraph.c.o
#20 7.611 [ 43%] Building C object CMakeFiles/testCellToLatLng.dir/src/apps/applib/lib/kml.c.o
#20 7.655 [ 43%] Linking C executable bin/fuzzerResolutions
#20 7.655 [ 43%] Linking C executable bin/fuzzerVertexes
#20 7.670 [ 43%] Building C object CMakeFiles/testH3SetToVertexGraph.dir/src/apps/applib/lib/kml.c.o
#20 7.681 [ 43%] Built target benchmarkPolygonToCells
#20 7.710 [ 43%] Building C object CMakeFiles/testCellToLatLng.dir/src/apps/applib/lib/utility.c.o
#20 7.717 [ 43%] Building C object CMakeFiles/mkRandGeoBoundary.dir/src/apps/testapps/mkRandGeoBoundary.c.o
#20 7.747 [ 43%] Building C object CMakeFiles/fuzzerDirectedEdge.dir/src/apps/fuzzers/fuzzerDirectedEdge.c.o
#20 7.750 [ 43%] Building C object CMakeFiles/testH3SetToVertexGraph.dir/src/apps/applib/lib/utility.c.o
#20 7.759 [ 43%] Linking C executable bin/testPolygon
#20 7.821 [ 44%] Building C object CMakeFiles/mkRandGeoBoundary.dir/src/apps/applib/lib/kml.c.o
#20 7.833 [ 44%] Building C object CMakeFiles/generatePentagonDirectionFaces.dir/src/apps/miscapps/generatePentagonDirectionFaces.c.o
#20 7.860 [ 44%] Building C object CMakeFiles/fuzzerDirectedEdge.dir/src/apps/applib/lib/kml.c.o
#20 7.879 [ 44%] Built target fuzzerResolutions
#20 7.883 [ 44%] Building C object CMakeFiles/fuzzerDirectedEdge.dir/src/apps/applib/lib/utility.c.o
#20 7.886 [ 44%] Built target fuzzerVertexes
#20 7.907 [ 44%] Building C object CMakeFiles/generateBaseCellNeighbors.dir/src/apps/miscapps/generateBaseCellNeighbors.c.o
#20 7.912 [ 44%] Building C object CMakeFiles/testCellToLatLng.dir/src/apps/applib/lib/args.c.o
#20 7.944 [ 44%] Building C object CMakeFiles/generatePentagonDirectionFaces.dir/src/apps/applib/lib/kml.c.o
#20 7.944 [ 45%] Building C object CMakeFiles/testH3SetToVertexGraph.dir/src/apps/applib/lib/args.c.o
#20 7.958 [ 45%] Building C object CMakeFiles/mkRandGeoBoundary.dir/src/apps/applib/lib/utility.c.o
#20 7.983 [ 45%] Building C object CMakeFiles/generateBaseCellNeighbors.dir/src/apps/applib/lib/kml.c.o
#20 8.017 [ 45%] Built target testPolygon
#20 8.031 [ 45%] Building C object CMakeFiles/gridDiskUnsafe.dir/src/apps/filters/gridDiskUnsafe.c.o
#20 8.066 [ 45%] Building C object CMakeFiles/generatePentagonDirectionFaces.dir/src/apps/applib/lib/utility.c.o
#20 8.070 [ 45%] Building C object CMakeFiles/testCellToLatLng.dir/src/apps/applib/lib/test.c.o
#20 8.083 [ 45%] Building C object CMakeFiles/fuzzerDirectedEdge.dir/src/apps/applib/lib/args.c.o
#20 8.094 [ 45%] Building C object CMakeFiles/testH3SetToVertexGraph.dir/src/apps/applib/lib/test.c.o
#20 8.107 [ 45%] Building C object CMakeFiles/gridDiskUnsafe.dir/src/apps/applib/lib/kml.c.o
#20 8.149 [ 46%] Building C object CMakeFiles/gridDiskUnsafe.dir/src/apps/applib/lib/utility.c.o
#20 8.158 [ 46%] Linking C executable bin/testCellToLatLng
#20 8.162 [ 46%] Building C object CMakeFiles/mkRandGeoBoundary.dir/src/apps/applib/lib/args.c.o
#20 8.166 [ 46%] Building C object CMakeFiles/generateBaseCellNeighbors.dir/src/apps/applib/lib/utility.c.o
#20 8.184 [ 46%] Linking C executable bin/testH3SetToVertexGraph
#20 8.233 [ 46%] Building C object CMakeFiles/gridDiskUnsafe.dir/src/apps/applib/lib/args.c.o
#20 8.244 [ 46%] Linking C executable bin/fuzzerDirectedEdge
#20 8.293 [ 46%] Building C object CMakeFiles/generatePentagonDirectionFaces.dir/src/apps/applib/lib/args.c.o
#20 8.313 [ 46%] Linking C executable bin/mkRandGeoBoundary
#20 8.350 [ 48%] Building C object CMakeFiles/generateBaseCellNeighbors.dir/src/apps/applib/lib/args.c.o
#20 8.385 [ 48%] Building C object CMakeFiles/testVertex.dir/src/apps/testapps/testVertex.c.o
#20 8.397 [ 48%] Linking C executable bin/gridDiskUnsafe
#20 8.401 [ 48%] Built target testCellToLatLng
#20 8.415 [ 48%] Built target testH3SetToVertexGraph
#20 8.417 [ 48%] Building C object CMakeFiles/testBBox.dir/src/apps/testapps/testBBox.c.o
#20 8.431 [ 49%] Building C object CMakeFiles/testH3NeighborRotations.dir/src/apps/testapps/testH3NeighborRotations.c.o
#20 8.454 [ 49%] Linking C executable bin/generatePentagonDirectionFaces
#20 8.497 [ 49%] Built target fuzzerDirectedEdge
#20 8.505 [ 49%] Building C object CMakeFiles/testBBox.dir/src/apps/applib/lib/kml.c.o
#20 8.511 [ 49%] Linking C executable bin/generateBaseCellNeighbors
#20 8.543 [ 49%] Built target mkRandGeoBoundary
#20 8.547 [ 49%] Building C object CMakeFiles/testH3NeighborRotations.dir/src/apps/applib/lib/kml.c.o
#20 8.614 [ 49%] Building C object CMakeFiles/testH3NeighborRotations.dir/src/apps/applib/lib/utility.c.o
#20 8.631 [ 49%] Built target gridDiskUnsafe
#20 8.633 [ 49%] Building C object CMakeFiles/testBBox.dir/src/apps/applib/lib/utility.c.o
#20 8.637 [ 50%] Building C object CMakeFiles/testVertex.dir/src/apps/applib/lib/kml.c.o
#20 8.649 [ 50%] Building C object CMakeFiles/cellToLatLng.dir/src/apps/filters/cellToLatLng.c.o
#20 8.674 [ 50%] Building C object CMakeFiles/cellToLatLng.dir/src/apps/applib/lib/kml.c.o
#20 8.677 [ 50%] Built target generatePentagonDirectionFaces
#20 8.682 [ 51%] Building C object CMakeFiles/cellToLatLng.dir/src/apps/applib/lib/utility.c.o
#20 8.729 [ 51%] Building C object CMakeFiles/cellToBoundary.dir/src/apps/filters/cellToBoundary.c.o
#20 8.743 [ 51%] Built target generateBaseCellNeighbors
#20 8.747 [ 51%] Building C object CMakeFiles/cellToLatLng.dir/src/apps/applib/lib/args.c.o
#20 8.761 [ 51%] Building C object CMakeFiles/testVertex.dir/src/apps/applib/lib/utility.c.o
#20 8.787 [ 51%] Building C object CMakeFiles/cellToBoundary.dir/src/apps/applib/lib/kml.c.o
#20 8.788 [ 51%] Building C object CMakeFiles/testVertex.dir/src/apps/applib/lib/args.c.o
#20 8.810 [ 51%] Building C object CMakeFiles/testH3NeighborRotations.dir/src/apps/applib/lib/args.c.o
#20 8.835 [ 53%] Building C object CMakeFiles/testBBox.dir/src/apps/applib/lib/args.c.o
#20 8.855 [ 53%] Building C object CMakeFiles/cellToBoundary.dir/src/apps/applib/lib/utility.c.o
#20 8.904 [ 53%] Building C object CMakeFiles/cellToBoundary.dir/src/apps/applib/lib/args.c.o
#20 8.909 [ 53%] Linking C executable bin/cellToLatLng
#20 8.910 [ 53%] Building C object CMakeFiles/testBBox.dir/src/apps/applib/lib/test.c.o
#20 8.939 [ 53%] Building C object CMakeFiles/testH3NeighborRotations.dir/src/apps/applib/lib/test.c.o
#20 8.961 [ 53%] Building C object CMakeFiles/testVertex.dir/src/apps/applib/lib/test.c.o
#20 8.978 [ 53%] Building C object CMakeFiles/testGridPathCellsExhaustive.dir/src/apps/testapps/testGridPathCellsExhaustive.c.o
#20 8.998 [ 53%] Building C object CMakeFiles/testGridPathCellsExhaustive.dir/src/apps/applib/lib/kml.c.o
#20 8.998 [ 53%] Linking C executable bin/testBBox
#20 9.026 [ 53%] Linking C executable bin/testH3NeighborRotations
#20 9.051 [ 53%] Linking C executable bin/testVertex
#20 9.057 [ 53%] Building C object CMakeFiles/testGridPathCellsExhaustive.dir/src/apps/applib/lib/utility.c.o
#20 9.063 [ 53%] Linking C executable bin/cellToBoundary
#20 9.141 [ 53%] Building C object CMakeFiles/testGridPathCellsExhaustive.dir/src/apps/applib/lib/args.c.o
#20 9.170 [ 53%] Building C object CMakeFiles/testGridPathCellsExhaustive.dir/src/apps/applib/lib/test.c.o
#20 9.171 [ 53%] Built target cellToLatLng
#20 9.184 [ 54%] Building C object CMakeFiles/h3ToHier.dir/src/apps/miscapps/h3ToHier.c.o
#20 9.230 [ 54%] Built target testBBox
#20 9.245 [ 54%] Building C object CMakeFiles/testGridDisksUnsafe.dir/src/apps/testapps/testGridDisksUnsafe.c.o
#20 9.254 [ 54%] Built target testH3NeighborRotations
#20 9.259 [ 54%] Building C object CMakeFiles/h3ToHier.dir/src/apps/applib/lib/kml.c.o
#20 9.268 [ 55%] Building C object CMakeFiles/benchmarkIsValidCell.dir/src/apps/benchmarks/benchmarkIsValidCell.c.o
#20 9.277 [ 55%] Building C object CMakeFiles/testCoordIj.dir/src/apps/testapps/testCoordIj.c.o
#20 9.283 [ 55%] Built target testVertex
#20 9.287 [ 55%] Building C object CMakeFiles/benchmarkIsValidCell.dir/src/apps/applib/lib/kml.c.o
#20 9.291 [ 55%] Built target cellToBoundary
#20 9.295 [ 55%] Building C object CMakeFiles/testCoordIj.dir/src/apps/applib/lib/kml.c.o
#20 9.312 [ 56%] Linking C executable bin/testGridPathCellsExhaustive
#20 9.327 [ 56%] Building C object CMakeFiles/benchmarkIsValidCell.dir/src/apps/applib/lib/utility.c.o
#20 9.383 [ 56%] Building C object CMakeFiles/h3ToHier.dir/src/apps/applib/lib/utility.c.o
#20 9.387 [ 58%] Building C object CMakeFiles/testGridDisksUnsafe.dir/src/apps/applib/lib/kml.c.o
#20 9.414 [ 58%] Building C object CMakeFiles/benchmarkIsValidCell.dir/src/apps/applib/lib/args.c.o
#20 9.422 [ 58%] Building C object CMakeFiles/testCoordIj.dir/src/apps/applib/lib/utility.c.o
#20 9.430 [ 58%] Building C object CMakeFiles/testCoordIj.dir/src/apps/applib/lib/args.c.o
#20 9.510 [ 59%] Building C object CMakeFiles/testCoordIj.dir/src/apps/applib/lib/test.c.o
#20 9.515 [ 59%] Building C object CMakeFiles/testGridDisksUnsafe.dir/src/apps/applib/lib/utility.c.o
#20 9.535 [ 59%] Building C object CMakeFiles/testGridDisksUnsafe.dir/src/apps/applib/lib/args.c.o
#20 9.562 [ 59%] Built target testGridPathCellsExhaustive
#20 9.576 [ 59%] Building C object CMakeFiles/testLinkedGeo.dir/src/apps/testapps/testLinkedGeo.c.o
#20 9.580 [ 59%] Building C object CMakeFiles/h3ToHier.dir/src/apps/applib/lib/args.c.o
#20 9.583 [ 59%] Linking C executable bin/benchmarkIsValidCell
#20 9.585 [ 59%] Building C object CMakeFiles/testLinkedGeo.dir/src/apps/applib/lib/kml.c.o
#20 9.600 [ 59%] Building C object CMakeFiles/testLinkedGeo.dir/src/apps/applib/lib/utility.c.o
#20 9.626 [ 59%] Linking C executable bin/testCoordIj
#20 9.691 [ 59%] Building C object CMakeFiles/testGridDisksUnsafe.dir/src/apps/applib/lib/test.c.o
#20 9.709 [ 59%] Building C object CMakeFiles/testLinkedGeo.dir/src/apps/applib/lib/args.c.o
#20 9.722 [ 59%] Building C object CMakeFiles/testLinkedGeo.dir/src/apps/applib/lib/test.c.o
#20 9.736 [ 59%] Linking C executable bin/h3ToHier
#20 9.736 [ 59%] Building C object CMakeFiles/testVec2d.dir/src/apps/testapps/testVec2d.c.o
#20 9.775 [ 59%] Linking C executable bin/testGridDisksUnsafe
#20 9.803 [ 59%] Built target benchmarkIsValidCell
#20 9.811 [ 59%] Building C object CMakeFiles/cellToLatLngHier.dir/src/apps/miscapps/cellToLatLngHier.c.o
#20 9.812 [ 59%] Building C object CMakeFiles/cellToLatLngHier.dir/src/apps/applib/lib/kml.c.o
#20 9.815 [ 59%] Building C object CMakeFiles/testH3Api.dir/src/apps/testapps/testH3Api.c.o
#20 9.851 [ 59%] Linking C executable bin/testLinkedGeo
#20 9.858 [ 59%] Built target testCoordIj
#20 9.861 [ 59%] Building C object CMakeFiles/testH3Api.dir/src/apps/applib/lib/kml.c.o
#20 9.936 [ 59%] Building C object CMakeFiles/localIjToCell.dir/src/apps/filters/localIjToCell.c.o
#20 9.944 [ 59%] Building C object CMakeFiles/cellToLatLngHier.dir/src/apps/applib/lib/utility.c.o
#20 10.02 [ 59%] Built target testLinkedGeo
#20 10.02 [ 59%] Building C object CMakeFiles/testH3Api.dir/src/apps/applib/lib/utility.c.o
#20 10.05 [ 59%] Built target h3ToHier
#20 10.05 [ 60%] Building C object CMakeFiles/testH3Api.dir/src/apps/applib/lib/args.c.o
#20 10.19 [ 60%] Built target testGridDisksUnsafe
#20 10.20 [ 62%] Building C object CMakeFiles/cellToLatLngHier.dir/src/apps/applib/lib/args.c.o
#20 10.21 [ 62%] Building C object CMakeFiles/testH3Api.dir/src/apps/applib/lib/test.c.o
#20 10.21 [ 62%] Building C object CMakeFiles/testVec2d.dir/src/apps/applib/lib/kml.c.o
#20 10.21 [ 62%] Building C object CMakeFiles/testVec2d.dir/src/apps/applib/lib/utility.c.o
#20 10.22 [ 62%] Building C object CMakeFiles/testCellToLocalIjExhaustive.dir/src/apps/testapps/testCellToLocalIjExhaustive.c.o
#20 10.27 [ 62%] Building C object CMakeFiles/localIjToCell.dir/src/apps/applib/lib/kml.c.o
#20 10.29 [ 63%] Building C object CMakeFiles/testCellToLocalIjExhaustive.dir/src/apps/applib/lib/kml.c.o
#20 10.32 [ 63%] Building C object CMakeFiles/testCellToLocalIjExhaustive.dir/src/apps/applib/lib/utility.c.o
#20 10.33 [ 64%] Building C object CMakeFiles/testVec2d.dir/src/apps/applib/lib/args.c.o
#20 10.33 [ 64%] Linking C executable bin/testH3Api
#20 10.36 [ 64%] Linking C executable bin/cellToLatLngHier
#20 10.39 [ 64%] Building C object CMakeFiles/localIjToCell.dir/src/apps/applib/lib/utility.c.o
#20 10.41 [ 64%] Building C object CMakeFiles/testVec2d.dir/src/apps/applib/lib/test.c.o
#20 10.42 [ 64%] Building C object CMakeFiles/testCellToLocalIjExhaustive.dir/src/apps/applib/lib/args.c.o
#20 10.48 [ 64%] Building C object CMakeFiles/testCellToLocalIjExhaustive.dir/src/apps/applib/lib/test.c.o
#20 10.48 [ 64%] Building C object CMakeFiles/localIjToCell.dir/src/apps/applib/lib/args.c.o
#20 10.50 [ 64%] Linking C executable bin/testVec2d
#20 10.54 [ 64%] Building C object CMakeFiles/gridDisk.dir/src/apps/filters/gridDisk.c.o
#20 10.57 [ 65%] Building C object CMakeFiles/gridDisk.dir/src/apps/applib/lib/kml.c.o
#20 10.57 [ 65%] Built target testH3Api
#20 10.57 [ 65%] Linking C executable bin/testCellToLocalIjExhaustive
#20 10.58 [ 65%] Building C object CMakeFiles/h3_bin.dir/src/apps/filters/h3.c.o
#20 10.59 [ 65%] Built target cellToLatLngHier
#20 10.60 [ 65%] Building C object CMakeFiles/h3_bin.dir/src/apps/applib/lib/kml.c.o
#20 10.60 [ 65%] Building C object CMakeFiles/h3ToComponents.dir/src/apps/filters/h3ToComponents.c.o
#20 10.65 [ 65%] Linking C executable bin/localIjToCell
#20 10.65 [ 65%] Building C object CMakeFiles/gridDisk.dir/src/apps/applib/lib/utility.c.o
#20 10.69 [ 65%] Building C object CMakeFiles/gridDisk.dir/src/apps/applib/lib/args.c.o
#20 10.72 [ 67%] Building C object CMakeFiles/h3_bin.dir/src/apps/applib/lib/utility.c.o
#20 10.73 [ 67%] Building C object CMakeFiles/h3_bin.dir/src/apps/applib/lib/args.c.o
#20 10.74 [ 67%] Built target testVec2d
#20 10.75 [ 67%] Building C object CMakeFiles/h3ToComponents.dir/src/apps/applib/lib/kml.c.o
#20 10.76 [ 67%] Building C object CMakeFiles/latLngToCell.dir/src/apps/filters/latLngToCell.c.o
#20 10.81 [ 67%] Built target testCellToLocalIjExhaustive
#20 10.83 [ 67%] Building C object CMakeFiles/cellToBoundaryHier.dir/src/apps/miscapps/cellToBoundaryHier.c.o
#20 10.85 [ 68%] Building C object CMakeFiles/cellToBoundaryHier.dir/src/apps/applib/lib/kml.c.o
#20 10.86 [ 68%] Linking C executable bin/gridDisk
#20 10.87 [ 68%] Building C object CMakeFiles/latLngToCell.dir/src/apps/applib/lib/kml.c.o
#20 10.88 [ 68%] Building C object CMakeFiles/h3ToComponents.dir/src/apps/applib/lib/utility.c.o
#20 10.88 [ 68%] Built target localIjToCell
#20 10.89 [ 68%] Building C object CMakeFiles/testCellsToLinkedMultiPolygon.dir/src/apps/testapps/testCellsToLinkedMultiPolygon.c.o
#20 10.89 [ 68%] Building C object CMakeFiles/testCellToBoundary.dir/src/apps/testapps/testCellToBoundary.c.o
#20 10.94 [ 68%] Linking C executable bin/h3
#20 10.97 [ 68%] Building C object CMakeFiles/testCellsToLinkedMultiPolygon.dir/src/apps/applib/lib/kml.c.o
#20 10.99 [ 68%] Building C object CMakeFiles/latLngToCell.dir/src/apps/applib/lib/utility.c.o
#20 11.02 [ 68%] Building C object CMakeFiles/cellToBoundaryHier.dir/src/apps/applib/lib/utility.c.o
#20 11.03 [ 69%] Building C object CMakeFiles/testCellToBoundary.dir/src/apps/applib/lib/kml.c.o
#20 11.07 [ 69%] Building C object CMakeFiles/h3ToComponents.dir/src/apps/applib/lib/args.c.o
#20 11.09 [ 69%] Built target gridDisk
#20 11.09 [ 69%] Building C object CMakeFiles/testCellsToLinkedMultiPolygon.dir/src/apps/applib/lib/utility.c.o
#20 11.11 [ 69%] Building C object CMakeFiles/testCellsToLinkedMultiPolygon.dir/src/apps/applib/lib/args.c.o
#20 11.16 [ 69%] Building C object CMakeFiles/testCellToBoundary.dir/src/apps/applib/lib/utility.c.o
#20 11.17 [ 69%] Built target h3_bin
#20 11.18 [ 69%] Building C object CMakeFiles/testCellsToLinkedMultiPolygon.dir/src/apps/applib/lib/test.c.o
#20 11.19 [ 70%] Building C object CMakeFiles/mkRandGeo.dir/src/apps/testapps/mkRandGeo.c.o
#20 11.21 [ 70%] Building C object CMakeFiles/latLngToCell.dir/src/apps/applib/lib/args.c.o
#20 11.23 [ 70%] Building C object CMakeFiles/cellToBoundaryHier.dir/src/apps/applib/lib/args.c.o
#20 11.23 [ 70%] Linking C executable bin/h3ToComponents
#20 11.26 [ 70%] Building C object CMakeFiles/mkRandGeo.dir/src/apps/applib/lib/kml.c.o
#20 11.27 [ 70%] Building C object CMakeFiles/mkRandGeo.dir/src/apps/applib/lib/utility.c.o
#20 11.29 [ 70%] Building C object CMakeFiles/mkRandGeo.dir/src/apps/applib/lib/args.c.o
#20 11.30 [ 70%] Linking C executable bin/testCellsToLinkedMultiPolygon
#20 11.36 [ 70%] Building C object CMakeFiles/testCellToBoundary.dir/src/apps/applib/lib/args.c.o
#20 11.36 [ 72%] Linking C executable bin/latLngToCell
#20 11.39 [ 72%] Building C object CMakeFiles/testCellToBoundary.dir/src/apps/applib/lib/test.c.o
#20 11.39 [ 72%] Linking C executable bin/cellToBoundaryHier
#20 11.46 [ 72%] Building C object CMakeFiles/testH3Index.dir/src/apps/testapps/testH3Index.c.o
#20 11.47 [ 72%] Built target h3ToComponents
#20 11.47 [ 72%] Linking C executable bin/mkRandGeo
#20 11.48 [ 73%] Building C object CMakeFiles/testGridDisk.dir/src/apps/testapps/testGridDisk.c.o
#20 11.48 [ 73%] Building C object CMakeFiles/testGridDisk.dir/src/apps/applib/lib/kml.c.o
#20 11.52 [ 73%] Linking C executable bin/testCellToBoundary
#20 11.53 [ 73%] Built target testCellsToLinkedMultiPolygon
#20 11.54 [ 74%] Building C object CMakeFiles/testH3Index.dir/src/apps/applib/lib/kml.c.o
#20 11.60 [ 74%] Built target latLngToCell
#20 11.61 [ 74%] Building C object CMakeFiles/testGridDisk.dir/src/apps/applib/lib/utility.c.o
#20 11.62 [ 74%] Building C object CMakeFiles/benchmarkH3Api.dir/src/apps/benchmarks/benchmarkH3Api.c.o
#20 11.63 [ 74%] Built target cellToBoundaryHier
#20 11.64 [ 74%] Building C object CMakeFiles/testGridDisk.dir/src/apps/applib/lib/args.c.o
#20 11.66 [ 74%] Building C object CMakeFiles/testH3Index.dir/src/apps/applib/lib/utility.c.o
#20 11.70 [ 74%] Built target mkRandGeo
#20 11.72 [ 74%] Building C object CMakeFiles/testCellToChildrenSize.dir/src/apps/testapps/testCellToChildrenSize.c.o
#20 11.75 [ 74%] Built target testCellToBoundary
#20 11.75 [ 74%] Building C object CMakeFiles/benchmarkH3Api.dir/src/apps/applib/lib/kml.c.o
#20 11.76 [ 74%] Building C object CMakeFiles/testPolygonToCellsReported.dir/src/apps/testapps/testPolygonToCellsReported.c.o
#20 11.79 [ 74%] Building C object CMakeFiles/testPolygonToCellsReported.dir/src/apps/applib/lib/kml.c.o
#20 11.80 [ 74%] Building C object CMakeFiles/testGridDisk.dir/src/apps/applib/lib/test.c.o
#20 11.81 [ 74%] Building C object CMakeFiles/testH3Index.dir/src/apps/applib/lib/args.c.o
#20 11.85 [ 75%] Building C object CMakeFiles/testCellToChildrenSize.dir/src/apps/applib/lib/kml.c.o
#20 11.87 [ 75%] Building C object CMakeFiles/testH3Index.dir/src/apps/applib/lib/test.c.o
#20 11.88 [ 75%] Building C object CMakeFiles/benchmarkH3Api.dir/src/apps/applib/lib/utility.c.o
#20 11.89 [ 75%] Building C object CMakeFiles/benchmarkH3Api.dir/src/apps/applib/lib/args.c.o
#20 11.93 [ 75%] Building C object CMakeFiles/testPolygonToCellsReported.dir/src/apps/applib/lib/utility.c.o
#20 11.95 [ 75%] Building C object CMakeFiles/testPolygonToCellsReported.dir/src/apps/applib/lib/args.c.o
#20 11.96 [ 75%] Linking C executable bin/testGridDisk
#20 11.97 [ 75%] Linking C executable bin/testH3Index
#20 11.98 [ 75%] Building C object CMakeFiles/testCellToChildrenSize.dir/src/apps/applib/lib/utility.c.o
#20 11.98 [ 75%] Building C object CMakeFiles/testPolygonToCellsReported.dir/src/apps/applib/lib/test.c.o
#20 12.04 [ 75%] Building C object CMakeFiles/testCellToChildrenSize.dir/src/apps/applib/lib/args.c.o
#20 12.07 [ 75%] Building C object CMakeFiles/testCellToChildrenSize.dir/src/apps/applib/lib/test.c.o
#20 12.08 [ 75%] Linking C executable bin/benchmarkH3Api
#20 12.12 [ 75%] Building C object CMakeFiles/testGetIcosahedronFaces.dir/src/apps/testapps/testGetIcosahedronFaces.c.o
#20 12.14 [ 77%] Linking C executable bin/testPolygonToCellsReported
#20 12.16 [ 77%] Building C object CMakeFiles/testGetIcosahedronFaces.dir/src/apps/applib/lib/kml.c.o
#20 12.19 [ 78%] Building C object CMakeFiles/testGetIcosahedronFaces.dir/src/apps/applib/lib/utility.c.o
#20 12.20 [ 78%] Linking C executable bin/testCellToChildrenSize
#20 12.20 [ 78%] Built target testGridDisk
#20 12.22 [ 78%] Built target testH3Index
#20 12.23 [ 78%] Building C object CMakeFiles/testCellToCenterChild.dir/src/apps/testapps/testCellToCenterChild.c.o
#20 12.23 [ 78%] Building C object CMakeFiles/testCompactCells.dir/src/apps/testapps/testCompactCells.c.o
#20 12.28 [ 78%] Building C object CMakeFiles/testCompactCells.dir/src/apps/applib/lib/kml.c.o
#20 12.32 [ 78%] Building C object CMakeFiles/testGetIcosahedronFaces.dir/src/apps/applib/lib/args.c.o
#20 12.32 [ 78%] Built target benchmarkH3Api
#20 12.33 [ 78%] Building C object CMakeFiles/testVec3d.dir/src/apps/testapps/testVec3d.c.o
#20 12.36 [ 78%] Built target testPolygonToCellsReported
#20 12.36 [ 78%] Building C object CMakeFiles/testVec3d.dir/src/apps/applib/lib/kml.c.o
#20 12.38 [ 79%] Building C object CMakeFiles/testCellToCenterChild.dir/src/apps/applib/lib/kml.c.o
#20 12.40 [ 79%] Building C object CMakeFiles/testGetIcosahedronFaces.dir/src/apps/applib/lib/test.c.o
#20 12.41 [ 79%] Building C object CMakeFiles/testCompactCells.dir/src/apps/applib/lib/utility.c.o
#20 12.43 [ 79%] Built target testCellToChildrenSize
#20 12.45 [ 79%] Building C object CMakeFiles/testGridRingUnsafe.dir/src/apps/testapps/testGridRingUnsafe.c.o
#20 12.47 [ 79%] Building C object CMakeFiles/testGridRingUnsafe.dir/src/apps/applib/lib/kml.c.o
#20 12.49 [ 79%] Linking C executable bin/testGetIcosahedronFaces
#20 12.49 [ 81%] Building C object CMakeFiles/testVec3d.dir/src/apps/applib/lib/utility.c.o
#20 12.49 [ 81%] Building C object CMakeFiles/testVec3d.dir/src/apps/applib/lib/args.c.o
#20 12.51 [ 81%] Building C object CMakeFiles/testCellToCenterChild.dir/src/apps/applib/lib/utility.c.o
#20 12.60 [ 81%] Building C object CMakeFiles/testGridRingUnsafe.dir/src/apps/applib/lib/utility.c.o
#20 12.61 [ 81%] Building C object CMakeFiles/testCompactCells.dir/src/apps/applib/lib/args.c.o
#20 12.64 [ 81%] Building C object CMakeFiles/testVec3d.dir/src/apps/applib/lib/test.c.o
#20 12.68 [ 81%] Building C object CMakeFiles/testCompactCells.dir/src/apps/applib/lib/test.c.o
#20 12.69 [ 81%] Building C object CMakeFiles/testGridRingUnsafe.dir/src/apps/applib/lib/args.c.o
#20 12.71 [ 81%] Building C object CMakeFiles/testCellToCenterChild.dir/src/apps/applib/lib/args.c.o
#20 12.71 [ 81%] Built target testGetIcosahedronFaces
#20 12.73 [ 81%] Building C object CMakeFiles/testPentagonIndexes.dir/src/apps/testapps/testPentagonIndexes.c.o
#20 12.73 [ 81%] Linking C executable bin/testVec3d
#20 12.77 [ 81%] Building C object CMakeFiles/testPentagonIndexes.dir/src/apps/applib/lib/kml.c.o
#20 12.77 [ 82%] Linking C executable bin/testCompactCells
#20 12.80 [ 83%] Building C object CMakeFiles/testGridRingUnsafe.dir/src/apps/applib/lib/test.c.o
#20 12.83 [ 83%] Building C object CMakeFiles/testPentagonIndexes.dir/src/apps/applib/lib/utility.c.o
#20 12.85 [ 83%] Building C object CMakeFiles/testPentagonIndexes.dir/src/apps/applib/lib/args.c.o
#20 12.87 [ 83%] Building C object CMakeFiles/testCellToCenterChild.dir/src/apps/applib/lib/test.c.o
#20 12.87 [ 84%] Building C object CMakeFiles/testCellToParent.dir/src/apps/testapps/testCellToParent.c.o
#20 12.89 [ 84%] Linking C executable bin/testGridRingUnsafe
#20 12.90 [ 84%] Building C object CMakeFiles/testPentagonIndexes.dir/src/apps/applib/lib/test.c.o
#20 12.95 [ 84%] Linking C executable bin/testCellToCenterChild
#20 12.97 [ 84%] Built target testVec3d
#20 12.98 [ 86%] Building C object CMakeFiles/testCellToChildren.dir/src/apps/testapps/testCellToChildren.c.o
#20 12.99 [ 86%] Building C object CMakeFiles/testCellToParent.dir/src/apps/applib/lib/kml.c.o
#20 12.99 [ 86%] Building C object CMakeFiles/testCellToChildren.dir/src/apps/applib/lib/kml.c.o
#20 13.01 [ 86%] Built target testCompactCells
#20 13.02 [ 86%] Building C object CMakeFiles/testLatLngToCell.dir/src/apps/testapps/testLatLngToCell.c.o
#20 13.02 [ 86%] Building C object CMakeFiles/testGridPathCells.dir/src/apps/testapps/testGridPathCells.c.o
#20 13.03 [ 87%] Linking C executable bin/testPentagonIndexes
#20 13.11 [ 87%] Building C object CMakeFiles/testCellToParent.dir/src/apps/applib/lib/utility.c.o
#20 13.11 [ 87%] Building C object CMakeFiles/testGridPathCells.dir/src/apps/applib/lib/kml.c.o
#20 13.12 [ 87%] Building C object CMakeFiles/testGridPathCells.dir/src/apps/applib/lib/utility.c.o
#20 13.13 [ 87%] Building C object CMakeFiles/testCellToChildren.dir/src/apps/applib/lib/utility.c.o
#20 13.13 [ 87%] Building C object CMakeFiles/testLatLngToCell.dir/src/apps/applib/lib/kml.c.o
#20 13.13 [ 87%] Built target testGridRingUnsafe
#20 13.16 [ 87%] Building C object CMakeFiles/testPolygonToCells.dir/src/apps/testapps/testPolygonToCells.c.o
#20 13.19 [ 87%] Built target testCellToCenterChild
#20 13.22 [ 87%] Building C object CMakeFiles/testDirectedEdge.dir/src/apps/testapps/testDirectedEdge.c.o
#20 13.24 [ 87%] Building C object CMakeFiles/testGridPathCells.dir/src/apps/applib/lib/args.c.o
#20 13.24 [ 87%] Built target testPentagonIndexes
#20 13.25 [ 87%] Building C object CMakeFiles/testLatLng.dir/src/apps/testapps/testLatLng.c.o
#20 13.26 [ 87%] Building C object CMakeFiles/testLatLngToCell.dir/src/apps/applib/lib/utility.c.o
#20 13.31 [ 87%] Building C object CMakeFiles/testCellToParent.dir/src/apps/applib/lib/args.c.o
#20 13.32 [ 87%] Building C object CMakeFiles/testDirectedEdge.dir/src/apps/applib/lib/kml.c.o
#20 13.33 [ 87%] Building C object CMakeFiles/testCellToChildren.dir/src/apps/applib/lib/args.c.o
#20 13.40 [ 87%] Building C object CMakeFiles/testGridPathCells.dir/src/apps/applib/lib/test.c.o
#20 13.44 [ 87%] Building C object CMakeFiles/testDirectedEdge.dir/src/apps/applib/lib/utility.c.o
#20 13.46 [ 88%] Building C object CMakeFiles/testLatLngToCell.dir/src/apps/applib/lib/args.c.o
#20 13.46 [ 88%] Building C object CMakeFiles/testCellToParent.dir/src/apps/applib/lib/test.c.o
#20 13.48 [ 89%] Linking C executable bin/testGridPathCells
#20 13.49 [ 89%] Building C object CMakeFiles/testCellToChildren.dir/src/apps/applib/lib/test.c.o
#20 13.53 [ 89%] Building C object CMakeFiles/testPolygonToCells.dir/src/apps/applib/lib/kml.c.o
#20 13.55 [ 89%] Linking C executable bin/testCellToParent
#20 13.57 [ 89%] Linking C executable bin/testCellToChildren
#20 13.60 [ 89%] Building C object CMakeFiles/testLatLng.dir/src/apps/applib/lib/kml.c.o
#20 13.61 [ 89%] Building C object CMakeFiles/testLatLngToCell.dir/src/apps/applib/lib/test.c.o
#20 13.64 [ 91%] Building C object CMakeFiles/testDirectedEdge.dir/src/apps/applib/lib/args.c.o
#20 13.67 [ 91%] Building C object CMakeFiles/testPolygonToCells.dir/src/apps/applib/lib/utility.c.o
#20 13.70 [ 91%] Linking C executable bin/testLatLngToCell
#20 13.72 [ 91%] Built target testGridPathCells
#20 13.72 [ 91%] Building C object CMakeFiles/testLatLng.dir/src/apps/applib/lib/utility.c.o
#20 13.74 [ 91%] Building C object CMakeFiles/generateFaceCenterPoint.dir/src/apps/miscapps/generateFaceCenterPoint.c.o
#20 13.79 [ 91%] Built target testCellToParent
#20 13.79 [ 91%] Building C object CMakeFiles/testDirectedEdge.dir/src/apps/applib/lib/test.c.o
#20 13.81 [ 91%] Building C object CMakeFiles/testCellToLocalIj.dir/src/apps/testapps/testCellToLocalIj.c.o
#20 13.81 [ 91%] Built target testCellToChildren
#20 13.81 [ 91%] Building C object CMakeFiles/generateFaceCenterPoint.dir/src/apps/applib/lib/kml.c.o
#20 13.87 [ 92%] Building C object CMakeFiles/testCellToLocalIj.dir/src/apps/applib/lib/kml.c.o
#20 13.88 [ 92%] Building C object CMakeFiles/testPolygonToCells.dir/src/apps/applib/lib/args.c.o
#20 13.88 [ 92%] Building C object CMakeFiles/testCellToLocalIj.dir/src/apps/applib/lib/utility.c.o
#20 13.92 [ 93%] Building C object CMakeFiles/testLatLng.dir/src/apps/applib/lib/args.c.o
#20 13.93 [ 93%] Built target testLatLngToCell
#20 13.93 [ 93%] Linking C executable bin/testDirectedEdge
#20 13.94 [ 93%] Building C object CMakeFiles/testVertexGraph.dir/src/apps/testapps/testVertexGraph.c.o
#20 13.94 [ 93%] Building C object CMakeFiles/generateFaceCenterPoint.dir/src/apps/applib/lib/utility.c.o
#20 14.00 [ 94%] Building C object CMakeFiles/testVertexGraph.dir/src/apps/applib/lib/kml.c.o
#20 14.03 [ 94%] Building C object CMakeFiles/testPolygonToCells.dir/src/apps/applib/lib/test.c.o
#20 14.07 [ 94%] Building C object CMakeFiles/testCellToLocalIj.dir/src/apps/applib/lib/args.c.o
#20 14.08 [ 94%] Building C object CMakeFiles/testLatLng.dir/src/apps/applib/lib/test.c.o
#20 14.08 [ 94%] Building C object CMakeFiles/testCellToLocalIj.dir/src/apps/applib/lib/test.c.o
#20 14.12 [ 96%] Linking C executable bin/testPolygonToCells
#20 14.13 [ 96%] Building C object CMakeFiles/testVertexGraph.dir/src/apps/applib/lib/utility.c.o
#20 14.15 [ 96%] Building C object CMakeFiles/generateFaceCenterPoint.dir/src/apps/applib/lib/args.c.o
#20 14.16 [ 96%] Built target testDirectedEdge
#20 14.17 [ 96%] Linking C executable bin/testLatLng
#20 14.18 [ 97%] Building C object CMakeFiles/testGridDistance.dir/src/apps/testapps/testGridDistance.c.o
#20 14.18 [ 97%] Building C object CMakeFiles/cellToLocalIj.dir/src/apps/filters/cellToLocalIj.c.o
#20 14.23 [ 97%] Linking C executable bin/testCellToLocalIj
#20 14.27 [ 97%] Building C object CMakeFiles/testGridDistance.dir/src/apps/applib/lib/kml.c.o
#20 14.28 [ 97%] Building C object CMakeFiles/cellToLocalIj.dir/src/apps/applib/lib/kml.c.o
#20 14.31 [ 98%] Linking C executable bin/generateFaceCenterPoint
#20 14.33 [ 98%] Building C object CMakeFiles/testVertexGraph.dir/src/apps/applib/lib/args.c.o
#20 14.36 [ 98%] Built target testPolygonToCells
#20 14.38 [ 98%] Building C object CMakeFiles/testH3CellArea.dir/src/apps/testapps/testH3CellArea.c.o
#20 14.40 [ 98%] Building C object CMakeFiles/testGridDistance.dir/src/apps/applib/lib/utility.c.o
#20 14.40 [ 98%] Building C object CMakeFiles/testGridDistance.dir/src/apps/applib/lib/args.c.o
#20 14.40 [ 98%] Built target testLatLng
#20 14.41 [ 98%] Building C object CMakeFiles/testH3CellArea.dir/src/apps/applib/lib/kml.c.o
#20 14.41 [ 98%] Building C object CMakeFiles/cellToLocalIj.dir/src/apps/applib/lib/utility.c.o
#20 14.48 [ 98%] Built target testCellToLocalIj
#20 14.48 [ 98%] Building C object CMakeFiles/testH3CellArea.dir/src/apps/applib/lib/utility.c.o
#20 14.49 [ 98%] Building C object CMakeFiles/testVertexGraph.dir/src/apps/applib/lib/test.c.o
#20 14.52 [100%] Building C object CMakeFiles/testH3CellArea.dir/src/apps/applib/lib/args.c.o
#20 14.54 [100%] Building C object CMakeFiles/testH3CellArea.dir/src/apps/applib/lib/test.c.o
#20 14.54 [100%] Built target generateFaceCenterPoint
#20 14.55 [100%] Building C object CMakeFiles/cellToLocalIj.dir/src/apps/applib/lib/args.c.o
#20 14.56 [100%] Building C object CMakeFiles/testGridDistance.dir/src/apps/applib/lib/test.c.o
#20 14.58 [100%] Linking C executable bin/testVertexGraph
#20 14.64 [100%] Linking C executable bin/testGridDistance
#20 14.67 [100%] Linking C executable bin/cellToLocalIj
#20 14.67 [100%] Linking C executable bin/testH3CellArea
#20 14.76 [100%] Built target testVertexGraph
#20 14.79 [100%] Built target testGridDistance
#20 14.82 [100%] Built target cellToLocalIj
#20 14.82 [100%] Built target testH3CellArea
#20 14.83 + clang -DFUZZING_BUILD_MODE_UNSAFE_FOR_PRODUCTION -pthread -Wl,--no-as-needed -Wl,-ldl -Wl,-lm -Wno-unused-command-line-argument -O3 -fsanitize-coverage=trace-pc-guard -DH3_PREFIX= -I/src/h3/src/apps/applib/include -I/src/h3/src/h3lib/include -I/src/h3/build/src/h3lib/include -o h3_fuzzer.o -c /src/h3_fuzzer.c
#20 14.87 /src/h3_fuzzer.c:67:5: warning: implicit declaration of function 'h3NeighborRotations' is invalid in C99 [-Wimplicit-function-declaration]
#20 14.87     h3NeighborRotations(h3, DIGITS[i], &rotations);
#20 14.87     ^
#20 14.89 1 warning generated.
#20 14.89 + clang -DFUZZING_BUILD_MODE_UNSAFE_FOR_PRODUCTION -pthread -Wl,--no-as-needed -Wl,-ldl -Wl,-lm -Wno-unused-command-line-argument -O3 -fsanitize-coverage=trace-pc-guard /libAFL.a -rdynamic h3_fuzzer.o -o /out/h3_fuzzer lib/libh3.a
#20 15.06 /usr/bin/ld: /libAFL.a(afl_driver.o): in function `main':
#20 15.06 afl_driver.cpp:(.text+0x278): undefined reference to `std::__1::basic_istream<char, std::__1::char_traits<char> >::~basic_istream()'
#20 15.06 /usr/bin/ld: afl_driver.cpp:(.text+0x285): undefined reference to `std::__1::basic_ios<char, std::__1::char_traits<char> >::~basic_ios()'
#20 15.06 /usr/bin/ld: afl_driver.cpp:(.text+0x2b9): undefined reference to `std::__1::basic_istream<char, std::__1::char_traits<char> >::seekg(long long, std::__1::ios_base::seekdir)'
#20 15.06 /usr/bin/ld: afl_driver.cpp:(.text+0x2c1): undefined reference to `std::__1::basic_istream<char, std::__1::char_traits<char> >::tellg()'
#20 15.06 /usr/bin/ld: afl_driver.cpp:(.text+0x2d0): undefined reference to `std::__1::basic_istream<char, std::__1::char_traits<char> >::seekg(long long, std::__1::ios_base::seekdir)'
#20 15.06 /usr/bin/ld: afl_driver.cpp:(.text+0x2d5): undefined reference to `std::__1::cout'
#20 15.06 /usr/bin/ld: afl_driver.cpp:(.text+0x2ef): undefined reference to `std::__1::basic_ostream<char, std::__1::char_traits<char> >::operator<<(unsigned long)'
#20 15.06 /usr/bin/ld: afl_driver.cpp:(.text+0x33a): undefined reference to `std::__1::ios_base::getloc() const'
#20 15.06 /usr/bin/ld: afl_driver.cpp:(.text+0x33f): undefined reference to `std::__1::ctype<char>::id'
#20 15.06 /usr/bin/ld: afl_driver.cpp:(.text+0x349): undefined reference to `std::__1::locale::use_facet(std::__1::locale::id&) const'
#20 15.06 /usr/bin/ld: afl_driver.cpp:(.text+0x363): undefined reference to `std::__1::locale::~locale()'
#20 15.06 /usr/bin/ld: afl_driver.cpp:(.text+0x36e): undefined reference to `std::__1::basic_ostream<char, std::__1::char_traits<char> >::put(char)'
#20 15.06 /usr/bin/ld: afl_driver.cpp:(.text+0x376): undefined reference to `std::__1::basic_ostream<char, std::__1::char_traits<char> >::flush()'
#20 15.06 /usr/bin/ld: afl_driver.cpp:(.text+0x39a): undefined reference to `operator new(unsigned long)'
#20 15.06 /usr/bin/ld: afl_driver.cpp:(.text+0x3d2): undefined reference to `std::__1::basic_istream<char, std::__1::char_traits<char> >::read(char*, long)'
#20 15.06 /usr/bin/ld: afl_driver.cpp:(.text+0x3f6): undefined reference to `std::__1::cout'
#20 15.06 /usr/bin/ld: afl_driver.cpp:(.text+0x41c): undefined reference to `std::__1::ios_base::getloc() const'
#20 15.06 /usr/bin/ld: afl_driver.cpp:(.text+0x421): undefined reference to `std::__1::ctype<char>::id'
#20 15.06 /usr/bin/ld: afl_driver.cpp:(.text+0x42b): undefined reference to `std::__1::locale::use_facet(std::__1::locale::id&) const'
#20 15.06 /usr/bin/ld: afl_driver.cpp:(.text+0x445): undefined reference to `std::__1::locale::~locale()'
#20 15.06 /usr/bin/ld: afl_driver.cpp:(.text+0x450): undefined reference to `std::__1::basic_ostream<char, std::__1::char_traits<char> >::put(char)'
#20 15.06 /usr/bin/ld: afl_driver.cpp:(.text+0x458): undefined reference to `std::__1::basic_ostream<char, std::__1::char_traits<char> >::flush()'
#20 15.06 /usr/bin/ld: afl_driver.cpp:(.text+0x469): undefined reference to `operator delete(void*)'
#20 15.06 /usr/bin/ld: afl_driver.cpp:(.text+0x4c9): undefined reference to `operator new[](unsigned long)'
#20 15.06 /usr/bin/ld: afl_driver.cpp:(.text+0x4f3): undefined reference to `operator delete[](void*)'
#20 15.06 /usr/bin/ld: afl_driver.cpp:(.text+0x595): undefined reference to `operator delete(void*)'
#20 15.06 /usr/bin/ld: afl_driver.cpp:(.text+0x5a8): undefined reference to `std::__1::locale::~locale()'
#20 15.06 /usr/bin/ld: afl_driver.cpp:(.text+0x5b7): undefined reference to `std::__1::locale::~locale()'
#20 15.06 /usr/bin/ld: afl_driver.cpp:(.text+0x5c9): undefined reference to `operator delete(void*)'
#20 15.06 /usr/bin/ld: afl_driver.cpp:(.text+0x5ea): undefined reference to `std::__1::basic_ios<char, std::__1::char_traits<char> >::~basic_ios()'
#20 15.06 /usr/bin/ld: /libAFL.a(afl_driver.o): in function `std::__1::basic_ifstream<char, std::__1::char_traits<char> >::basic_ifstream(char const*, unsigned int)':
#20 15.06 afl_driver.cpp:(.text._ZNSt3__114basic_ifstreamIcNS_11char_traitsIcEEEC1EPKcj[_ZNSt3__114basic_ifstreamIcNS_11char_traitsIcEEEC1EPKcj]+0x40): undefined reference to `std::__1::ios_base::init(void*)'
#20 15.06 /usr/bin/ld: afl_driver.cpp:(.text._ZNSt3__114basic_ifstreamIcNS_11char_traitsIcEEEC1EPKcj[_ZNSt3__114basic_ifstreamIcNS_11char_traitsIcEEEC1EPKcj]+0x90): undefined reference to `std::__1::ios_base::clear(unsigned int)'
#20 15.06 /usr/bin/ld: afl_driver.cpp:(.text._ZNSt3__114basic_ifstreamIcNS_11char_traitsIcEEEC1EPKcj[_ZNSt3__114basic_ifstreamIcNS_11char_traitsIcEEEC1EPKcj]+0x165): undefined reference to `std::__1::basic_istream<char, std::__1::char_traits<char> >::~basic_istream()'
#20 15.06 /usr/bin/ld: afl_driver.cpp:(.text._ZNSt3__114basic_ifstreamIcNS_11char_traitsIcEEEC1EPKcj[_ZNSt3__114basic_ifstreamIcNS_11char_traitsIcEEEC1EPKcj]+0x172): undefined reference to `std::__1::basic_ios<char, std::__1::char_traits<char> >::~basic_ios()'
#20 15.06 /usr/bin/ld: /libAFL.a(afl_driver.o): in function `std::__1::basic_ifstream<char, std::__1::char_traits<char> >::~basic_ifstream()':
#20 15.06 afl_driver.cpp:(.text._ZNSt3__114basic_ifstreamIcNS_11char_traitsIcEEED1Ev[_ZNSt3__114basic_ifstreamIcNS_11char_traitsIcEEED1Ev]+0x1a): undefined reference to `std::__1::basic_ios<char, std::__1::char_traits<char> >::~basic_ios()'
#20 15.06 /usr/bin/ld: /libAFL.a(afl_driver.o): in function `std::__1::basic_filebuf<char, std::__1::char_traits<char> >::basic_filebuf()':
#20 15.06 afl_driver.cpp:(.text._ZNSt3__113basic_filebufIcNS_11char_traitsIcEEEC2Ev[_ZNSt3__113basic_filebufIcNS_11char_traitsIcEEEC2Ev]+0xc): undefined reference to `std::__1::basic_streambuf<char, std::__1::char_traits<char> >::basic_streambuf()'
#20 15.06 /usr/bin/ld: afl_driver.cpp:(.text._ZNSt3__113basic_filebufIcNS_11char_traitsIcEEEC2Ev[_ZNSt3__113basic_filebufIcNS_11char_traitsIcEEEC2Ev]+0x56): undefined reference to `std::__1::locale::locale(std::__1::locale const&)'
#20 15.06 /usr/bin/ld: afl_driver.cpp:(.text._ZNSt3__113basic_filebufIcNS_11char_traitsIcEEEC2Ev[_ZNSt3__113basic_filebufIcNS_11char_traitsIcEEEC2Ev]+0x5b): undefined reference to `std::__1::codecvt<char, char, __mbstate_t>::id'
#20 15.06 /usr/bin/ld: afl_driver.cpp:(.text._ZNSt3__113basic_filebufIcNS_11char_traitsIcEEEC2Ev[_ZNSt3__113basic_filebufIcNS_11char_traitsIcEEEC2Ev]+0x63): undefined reference to `std::__1::locale::has_facet(std::__1::locale::id&) const'
#20 15.06 /usr/bin/ld: afl_driver.cpp:(.text._ZNSt3__113basic_filebufIcNS_11char_traitsIcEEEC2Ev[_ZNSt3__113basic_filebufIcNS_11char_traitsIcEEEC2Ev]+0x6f): undefined reference to `std::__1::locale::~locale()'
#20 15.06 /usr/bin/ld: afl_driver.cpp:(.text._ZNSt3__113basic_filebufIcNS_11char_traitsIcEEEC2Ev[_ZNSt3__113basic_filebufIcNS_11char_traitsIcEEEC2Ev]+0x84): undefined reference to `std::__1::locale::locale(std::__1::locale const&)'
#20 15.06 /usr/bin/ld: afl_driver.cpp:(.text._ZNSt3__113basic_filebufIcNS_11char_traitsIcEEEC2Ev[_ZNSt3__113basic_filebufIcNS_11char_traitsIcEEEC2Ev]+0x89): undefined reference to `std::__1::codecvt<char, char, __mbstate_t>::id'
#20 15.06 /usr/bin/ld: afl_driver.cpp:(.text._ZNSt3__113basic_filebufIcNS_11char_traitsIcEEEC2Ev[_ZNSt3__113basic_filebufIcNS_11char_traitsIcEEEC2Ev]+0x91): undefined reference to `std::__1::locale::use_facet(std::__1::locale::id&) const'
#20 15.06 /usr/bin/ld: afl_driver.cpp:(.text._ZNSt3__113basic_filebufIcNS_11char_traitsIcEEEC2Ev[_ZNSt3__113basic_filebufIcNS_11char_traitsIcEEEC2Ev]+0xa2): undefined reference to `std::__1::locale::~locale()'
#20 15.06 /usr/bin/ld: afl_driver.cpp:(.text._ZNSt3__113basic_filebufIcNS_11char_traitsIcEEEC2Ev[_ZNSt3__113basic_filebufIcNS_11char_traitsIcEEEC2Ev]+0xdb): undefined reference to `std::__1::locale::~locale()'
#20 15.06 /usr/bin/ld: afl_driver.cpp:(.text._ZNSt3__113basic_filebufIcNS_11char_traitsIcEEEC2Ev[_ZNSt3__113basic_filebufIcNS_11char_traitsIcEEEC2Ev]+0xe8): undefined reference to `std::__1::basic_streambuf<char, std::__1::char_traits<char> >::~basic_streambuf()'
#20 15.06 /usr/bin/ld: /libAFL.a(afl_driver.o): in function `std::__1::basic_filebuf<char, std::__1::char_traits<char> >::~basic_filebuf()':
#20 15.06 afl_driver.cpp:(.text._ZNSt3__113basic_filebufIcNS_11char_traitsIcEEED2Ev[_ZNSt3__113basic_filebufIcNS_11char_traitsIcEEED2Ev]+0x50): undefined reference to `operator delete[](void*)'
#20 15.06 /usr/bin/ld: afl_driver.cpp:(.text._ZNSt3__113basic_filebufIcNS_11char_traitsIcEEED2Ev[_ZNSt3__113basic_filebufIcNS_11char_traitsIcEEED2Ev]+0x67): undefined reference to `operator delete[](void*)'
#20 15.06 /usr/bin/ld: afl_driver.cpp:(.text._ZNSt3__113basic_filebufIcNS_11char_traitsIcEEED2Ev[_ZNSt3__113basic_filebufIcNS_11char_traitsIcEEED2Ev]+0x74): undefined reference to `std::__1::basic_streambuf<char, std::__1::char_traits<char> >::~basic_streambuf()'
#20 15.06 /usr/bin/ld: afl_driver.cpp:(.text._ZNSt3__113basic_filebufIcNS_11char_traitsIcEEED2Ev[_ZNSt3__113basic_filebufIcNS_11char_traitsIcEEED2Ev]+0x8c): undefined reference to `__cxa_begin_catch'
#20 15.06 /usr/bin/ld: afl_driver.cpp:(.text._ZNSt3__113basic_filebufIcNS_11char_traitsIcEEED2Ev[_ZNSt3__113basic_filebufIcNS_11char_traitsIcEEED2Ev]+0x91): undefined reference to `__cxa_end_catch'
#20 15.06 /usr/bin/ld: afl_driver.cpp:(.text._ZNSt3__113basic_filebufIcNS_11char_traitsIcEEED2Ev[_ZNSt3__113basic_filebufIcNS_11char_traitsIcEEED2Ev]+0x9e): undefined reference to `std::__1::basic_streambuf<char, std::__1::char_traits<char> >::~basic_streambuf()'
#20 15.06 /usr/bin/ld: /libAFL.a(afl_driver.o): in function `std::__1::basic_ifstream<char, std::__1::char_traits<char> >::~basic_ifstream()':
#20 15.06 afl_driver.cpp:(.text._ZNSt3__114basic_ifstreamIcNS_11char_traitsIcEEED0Ev[_ZNSt3__114basic_ifstreamIcNS_11char_traitsIcEEED0Ev]+0x32): undefined reference to `std::__1::basic_istream<char, std::__1::char_traits<char> >::~basic_istream()'
#20 15.06 /usr/bin/ld: afl_driver.cpp:(.text._ZNSt3__114basic_ifstreamIcNS_11char_traitsIcEEED0Ev[_ZNSt3__114basic_ifstreamIcNS_11char_traitsIcEEED0Ev]+0x3a): undefined reference to `std::__1::basic_ios<char, std::__1::char_traits<char> >::~basic_ios()'
#20 15.06 /usr/bin/ld: afl_driver.cpp:(.text._ZNSt3__114basic_ifstreamIcNS_11char_traitsIcEEED0Ev[_ZNSt3__114basic_ifstreamIcNS_11char_traitsIcEEED0Ev]+0x49): undefined reference to `operator delete(void*)'
#20 15.06 /usr/bin/ld: /libAFL.a(afl_driver.o): in function `virtual thunk to std::__1::basic_ifstream<char, std::__1::char_traits<char> >::~basic_ifstream()':
#20 15.06 afl_driver.cpp:(.text._ZTv0_n24_NSt3__114basic_ifstreamIcNS_11char_traitsIcEEED1Ev[_ZTv0_n24_NSt3__114basic_ifstreamIcNS_11char_traitsIcEEED1Ev]+0x43): undefined reference to `std::__1::basic_istream<char, std::__1::char_traits<char> >::~basic_istream()'
#20 15.06 /usr/bin/ld: afl_driver.cpp:(.text._ZTv0_n24_NSt3__114basic_ifstreamIcNS_11char_traitsIcEEED1Ev[_ZTv0_n24_NSt3__114basic_ifstreamIcNS_11char_traitsIcEEED1Ev]+0x52): undefined reference to `std::__1::basic_ios<char, std::__1::char_traits<char> >::~basic_ios()'
#20 15.06 /usr/bin/ld: /libAFL.a(afl_driver.o): in function `virtual thunk to std::__1::basic_ifstream<char, std::__1::char_traits<char> >::~basic_ifstream()':
#20 15.06 afl_driver.cpp:(.text._ZTv0_n24_NSt3__114basic_ifstreamIcNS_11char_traitsIcEEED0Ev[_ZTv0_n24_NSt3__114basic_ifstreamIcNS_11char_traitsIcEEED0Ev]+0x43): undefined reference to `std::__1::basic_istream<char, std::__1::char_traits<char> >::~basic_istream()'
#20 15.06 /usr/bin/ld: afl_driver.cpp:(.text._ZTv0_n24_NSt3__114basic_ifstreamIcNS_11char_traitsIcEEED0Ev[_ZTv0_n24_NSt3__114basic_ifstreamIcNS_11char_traitsIcEEED0Ev]+0x4b): undefined reference to `std::__1::basic_ios<char, std::__1::char_traits<char> >::~basic_ios()'
#20 15.06 /usr/bin/ld: afl_driver.cpp:(.text._ZTv0_n24_NSt3__114basic_ifstreamIcNS_11char_traitsIcEEED0Ev[_ZTv0_n24_NSt3__114basic_ifstreamIcNS_11char_traitsIcEEED0Ev]+0x5a): undefined reference to `operator delete(void*)'
#20 15.06 /usr/bin/ld: /libAFL.a(afl_driver.o): in function `std::__1::basic_filebuf<char, std::__1::char_traits<char> >::~basic_filebuf()':
#20 15.06 afl_driver.cpp:(.text._ZNSt3__113basic_filebufIcNS_11char_traitsIcEEED0Ev[_ZNSt3__113basic_filebufIcNS_11char_traitsIcEEED0Ev]+0xe): undefined reference to `operator delete(void*)'
#20 15.06 /usr/bin/ld: /libAFL.a(afl_driver.o): in function `std::__1::basic_filebuf<char, std::__1::char_traits<char> >::imbue(std::__1::locale const&)':
#20 15.06 afl_driver.cpp:(.text._ZNSt3__113basic_filebufIcNS_11char_traitsIcEEE5imbueERKNS_6localeE[_ZNSt3__113basic_filebufIcNS_11char_traitsIcEEE5imbueERKNS_6localeE]+0x11): undefined reference to `std::__1::codecvt<char, char, __mbstate_t>::id'
#20 15.06 /usr/bin/ld: afl_driver.cpp:(.text._ZNSt3__113basic_filebufIcNS_11char_traitsIcEEE5imbueERKNS_6localeE[_ZNSt3__113basic_filebufIcNS_11char_traitsIcEEE5imbueERKNS_6localeE]+0x19): undefined reference to `std::__1::locale::use_facet(std::__1::locale::id&) const'
#20 15.06 /usr/bin/ld: afl_driver.cpp:(.text._ZNSt3__113basic_filebufIcNS_11char_traitsIcEEE5imbueERKNS_6localeE[_ZNSt3__113basic_filebufIcNS_11char_traitsIcEEE5imbueERKNS_6localeE]+0x6a): undefined reference to `operator delete[](void*)'
#20 15.06 /usr/bin/ld: afl_driver.cpp:(.text._ZNSt3__113basic_filebufIcNS_11char_traitsIcEEE5imbueERKNS_6localeE[_ZNSt3__113basic_filebufIcNS_11char_traitsIcEEE5imbueERKNS_6localeE]+0xa7): undefined reference to `operator new[](unsigned long)'
#20 15.06 /usr/bin/ld: afl_driver.cpp:(.text._ZNSt3__113basic_filebufIcNS_11char_traitsIcEEE5imbueERKNS_6localeE[_ZNSt3__113basic_filebufIcNS_11char_traitsIcEEE5imbueERKNS_6localeE]+0xd9): undefined reference to `operator new[](unsigned long)'
#20 15.06 /usr/bin/ld: /libAFL.a(afl_driver.o): in function `std::__1::basic_filebuf<char, std::__1::char_traits<char> >::setbuf(char*, long)':
#20 15.06 afl_driver.cpp:(.text._ZNSt3__113basic_filebufIcNS_11char_traitsIcEEE6setbufEPcl[_ZNSt3__113basic_filebufIcNS_11char_traitsIcEEE6setbufEPcl]+0x32): undefined reference to `operator delete[](void*)'
#20 15.06 /usr/bin/ld: afl_driver.cpp:(.text._ZNSt3__113basic_filebufIcNS_11char_traitsIcEEE6setbufEPcl[_ZNSt3__113basic_filebufIcNS_11char_traitsIcEEE6setbufEPcl]+0x49): undefined reference to `operator delete[](void*)'
#20 15.06 /usr/bin/ld: afl_driver.cpp:(.text._ZNSt3__113basic_filebufIcNS_11char_traitsIcEEE6setbufEPcl[_ZNSt3__113basic_filebufIcNS_11char_traitsIcEEE6setbufEPcl]+0xac): undefined reference to `operator new[](unsigned long)'
#20 15.06 /usr/bin/ld: afl_driver.cpp:(.text._ZNSt3__113basic_filebufIcNS_11char_traitsIcEEE6setbufEPcl[_ZNSt3__113basic_filebufIcNS_11char_traitsIcEEE6setbufEPcl]+0xe4): undefined reference to `operator new[](unsigned long)'
#20 15.06 /usr/bin/ld: /libAFL.a(afl_driver.o): in function `__clang_call_terminate':
#20 15.06 afl_driver.cpp:(.text.__clang_call_terminate[__clang_call_terminate]+0x2): undefined reference to `__cxa_begin_catch'
#20 15.06 /usr/bin/ld: afl_driver.cpp:(.text.__clang_call_terminate[__clang_call_terminate]+0x7): undefined reference to `std::terminate()'
#20 15.06 /usr/bin/ld: /libAFL.a(afl_driver.o): in function `std::__1::__throw_bad_cast()':
#20 15.06 afl_driver.cpp:(.text._ZNSt3__116__throw_bad_castEv[_ZNSt3__116__throw_bad_castEv]+0x7): undefined reference to `__cxa_allocate_exception'
#20 15.06 /usr/bin/ld: afl_driver.cpp:(.text._ZNSt3__116__throw_bad_castEv[_ZNSt3__116__throw_bad_castEv]+0x12): undefined reference to `std::bad_cast::bad_cast()'
#20 15.06 /usr/bin/ld: afl_driver.cpp:(.text._ZNSt3__116__throw_bad_castEv[_ZNSt3__116__throw_bad_castEv]+0x17): undefined reference to `typeinfo for std::bad_cast'
#20 15.06 /usr/bin/ld: afl_driver.cpp:(.text._ZNSt3__116__throw_bad_castEv[_ZNSt3__116__throw_bad_castEv]+0x1c): undefined reference to `std::bad_cast::~bad_cast()'
#20 15.06 /usr/bin/ld: afl_driver.cpp:(.text._ZNSt3__116__throw_bad_castEv[_ZNSt3__116__throw_bad_castEv]+0x24): undefined reference to `__cxa_throw'
#20 15.06 /usr/bin/ld: /libAFL.a(afl_driver.o): in function `std::__1::basic_ostream<char, std::__1::char_traits<char> >& std::__1::__put_character_sequence<char, std::__1::char_traits<char> >(std::__1::basic_ostream<char, std::__1::char_traits<char> >&, char const*, unsigned long)':
#20 15.06 afl_driver.cpp:(.text._ZNSt3__124__put_character_sequenceIcNS_11char_traitsIcEEEERNS_13basic_ostreamIT_T0_EES7_PKS4_m[_ZNSt3__124__put_character_sequenceIcNS_11char_traitsIcEEEERNS_13basic_ostreamIT_T0_EES7_PKS4_m]+0x20): undefined reference to `std::__1::basic_ostream<char, std::__1::char_traits<char> >::sentry::sentry(std::__1::basic_ostream<char, std::__1::char_traits<char> >&)'
#20 15.06 /usr/bin/ld: afl_driver.cpp:(.text._ZNSt3__124__put_character_sequenceIcNS_11char_traitsIcEEEERNS_13basic_ostreamIT_T0_EES7_PKS4_m[_ZNSt3__124__put_character_sequenceIcNS_11char_traitsIcEEEERNS_13basic_ostreamIT_T0_EES7_PKS4_m]+0x58): undefined reference to `std::__1::ios_base::getloc() const'
#20 15.06 /usr/bin/ld: afl_driver.cpp:(.text._ZNSt3__124__put_character_sequenceIcNS_11char_traitsIcEEEERNS_13basic_ostreamIT_T0_EES7_PKS4_m[_ZNSt3__124__put_character_sequenceIcNS_11char_traitsIcEEEERNS_13basic_ostreamIT_T0_EES7_PKS4_m]+0x62): undefined reference to `std::__1::ctype<char>::id'
#20 15.06 /usr/bin/ld: afl_driver.cpp:(.text._ZNSt3__124__put_character_sequenceIcNS_11char_traitsIcEEEERNS_13basic_ostreamIT_T0_EES7_PKS4_m[_ZNSt3__124__put_character_sequenceIcNS_11char_traitsIcEEEERNS_13basic_ostreamIT_T0_EES7_PKS4_m]+0x67): undefined reference to `std::__1::locale::use_facet(std::__1::locale::id&) const'
#20 15.06 /usr/bin/ld: afl_driver.cpp:(.text._ZNSt3__124__put_character_sequenceIcNS_11char_traitsIcEEEERNS_13basic_ostreamIT_T0_EES7_PKS4_m[_ZNSt3__124__put_character_sequenceIcNS_11char_traitsIcEEEERNS_13basic_ostreamIT_T0_EES7_PKS4_m]+0x83): undefined reference to `std::__1::locale::~locale()'
#20 15.06 /usr/bin/ld: afl_driver.cpp:(.text._ZNSt3__124__put_character_sequenceIcNS_11char_traitsIcEEEERNS_13basic_ostreamIT_T0_EES7_PKS4_m[_ZNSt3__124__put_character_sequenceIcNS_11char_traitsIcEEEERNS_13basic_ostreamIT_T0_EES7_PKS4_m]+0xd4): undefined reference to `std::__1::ios_base::clear(unsigned int)'
#20 15.06 /usr/bin/ld: afl_driver.cpp:(.text._ZNSt3__124__put_character_sequenceIcNS_11char_traitsIcEEEERNS_13basic_ostreamIT_T0_EES7_PKS4_m[_ZNSt3__124__put_character_sequenceIcNS_11char_traitsIcEEEERNS_13basic_ostreamIT_T0_EES7_PKS4_m]+0xde): undefined reference to `std::__1::basic_ostream<char, std::__1::char_traits<char> >::sentry::~sentry()'
#20 15.06 /usr/bin/ld: afl_driver.cpp:(.text._ZNSt3__124__put_character_sequenceIcNS_11char_traitsIcEEEERNS_13basic_ostreamIT_T0_EES7_PKS4_m[_ZNSt3__124__put_character_sequenceIcNS_11char_traitsIcEEEERNS_13basic_ostreamIT_T0_EES7_PKS4_m]+0xff): undefined reference to `std::__1::locale::~locale()'
#20 15.06 /usr/bin/ld: afl_driver.cpp:(.text._ZNSt3__124__put_character_sequenceIcNS_11char_traitsIcEEEERNS_13basic_ostreamIT_T0_EES7_PKS4_m[_ZNSt3__124__put_character_sequenceIcNS_11char_traitsIcEEEERNS_13basic_ostreamIT_T0_EES7_PKS4_m]+0x10e): undefined reference to `std::__1::basic_ostream<char, std::__1::char_traits<char> >::sentry::~sentry()'
#20 15.06 /usr/bin/ld: afl_driver.cpp:(.text._ZNSt3__124__put_character_sequenceIcNS_11char_traitsIcEEEERNS_13basic_ostreamIT_T0_EES7_PKS4_m[_ZNSt3__124__put_character_sequenceIcNS_11char_traitsIcEEEERNS_13basic_ostreamIT_T0_EES7_PKS4_m]+0x11b): undefined reference to `__cxa_begin_catch'
#20 15.06 /usr/bin/ld: afl_driver.cpp:(.text._ZNSt3__124__put_character_sequenceIcNS_11char_traitsIcEEEERNS_13basic_ostreamIT_T0_EES7_PKS4_m[_ZNSt3__124__put_character_sequenceIcNS_11char_traitsIcEEEERNS_13basic_ostreamIT_T0_EES7_PKS4_m]+0x12a): undefined reference to `std::__1::ios_base::__set_badbit_and_consider_rethrow()'
#20 15.06 /usr/bin/ld: afl_driver.cpp:(.text._ZNSt3__124__put_character_sequenceIcNS_11char_traitsIcEEEERNS_13basic_ostreamIT_T0_EES7_PKS4_m[_ZNSt3__124__put_character_sequenceIcNS_11char_traitsIcEEEERNS_13basic_ostreamIT_T0_EES7_PKS4_m]+0x12f): undefined reference to `__cxa_end_catch'
#20 15.06 /usr/bin/ld: afl_driver.cpp:(.text._ZNSt3__124__put_character_sequenceIcNS_11char_traitsIcEEEERNS_13basic_ostreamIT_T0_EES7_PKS4_m[_ZNSt3__124__put_character_sequenceIcNS_11char_traitsIcEEEERNS_13basic_ostreamIT_T0_EES7_PKS4_m]+0x139): undefined reference to `__cxa_end_catch'
#20 15.06 /usr/bin/ld: /libAFL.a(afl_driver.o): in function `std::__1::ostreambuf_iterator<char, std::__1::char_traits<char> > std::__1::__pad_and_output<char, std::__1::char_traits<char> >(std::__1::ostreambuf_iterator<char, std::__1::char_traits<char> >, char const*, char const*, char const*, std::__1::ios_base&, char)':
#20 15.06 afl_driver.cpp:(.text._ZNSt3__116__pad_and_outputIcNS_11char_traitsIcEEEENS_19ostreambuf_iteratorIT_T0_EES6_PKS4_S8_S8_RNS_8ios_baseES4_[_ZNSt3__116__pad_and_outputIcNS_11char_traitsIcEEEENS_19ostreambuf_iteratorIT_T0_EES6_PKS4_S8_S8_RNS_8ios_baseES4_]+0x8a): undefined reference to `operator new(unsigned long)'
#20 15.06 /usr/bin/ld: afl_driver.cpp:(.text._ZNSt3__116__pad_and_outputIcNS_11char_traitsIcEEEENS_19ostreambuf_iteratorIT_T0_EES6_PKS4_S8_S8_RNS_8ios_baseES4_[_ZNSt3__116__pad_and_outputIcNS_11char_traitsIcEEEENS_19ostreambuf_iteratorIT_T0_EES6_PKS4_S8_S8_RNS_8ios_baseES4_]+0xf0): undefined reference to `operator delete(void*)'
#20 15.06 /usr/bin/ld: afl_driver.cpp:(.text._ZNSt3__116__pad_and_outputIcNS_11char_traitsIcEEEENS_19ostreambuf_iteratorIT_T0_EES6_PKS4_S8_S8_RNS_8ios_baseES4_[_ZNSt3__116__pad_and_outputIcNS_11char_traitsIcEEEENS_19ostreambuf_iteratorIT_T0_EES6_PKS4_S8_S8_RNS_8ios_baseES4_]+0x145): undefined reference to `operator delete(void*)'
#20 15.06 /usr/bin/ld: /libAFL.a(afl_driver.o): in function `std::__1::__vector_base<char, std::__1::allocator<char> >::__throw_length_error() const':
#20 15.06 afl_driver.cpp:(.text._ZNKSt3__113__vector_baseIcNS_9allocatorIcEEE20__throw_length_errorEv[_ZNKSt3__113__vector_baseIcNS_9allocatorIcEEE20__throw_length_errorEv]+0x2): undefined reference to `std::__1::__vector_base_common<true>::__throw_length_error() const'
#20 15.06 /usr/bin/ld: /libAFL.a(afl_driver.o): in function `std::__1::basic_ifstream<char, std::__1::char_traits<char> >::~basic_ifstream()':
#20 15.06 afl_driver.cpp:(.text._ZNSt3__114basic_ifstreamIcNS_11char_traitsIcEEED2Ev[_ZNSt3__114basic_ifstreamIcNS_11char_traitsIcEEED2Ev]+0x37): undefined reference to `std::__1::basic_istream<char, std::__1::char_traits<char> >::~basic_istream()'
#20 15.06 /usr/bin/ld: /libAFL.a(afl_driver.o):(.rodata._ZTCNSt3__114basic_ifstreamIcNS_11char_traitsIcEEEE0_NS_13basic_istreamIcS2_EE[_ZTCNSt3__114basic_ifstreamIcNS_11char_traitsIcEEEE0_NS_13basic_istreamIcS2_EE]+0x10): undefined reference to `typeinfo for std::__1::basic_istream<char, std::__1::char_traits<char> >'
#20 15.06 /usr/bin/ld: /libAFL.a(afl_driver.o):(.rodata._ZTCNSt3__114basic_ifstreamIcNS_11char_traitsIcEEEE0_NS_13basic_istreamIcS2_EE[_ZTCNSt3__114basic_ifstreamIcNS_11char_traitsIcEEEE0_NS_13basic_istreamIcS2_EE]+0x18): undefined reference to `std::__1::basic_istream<char, std::__1::char_traits<char> >::~basic_istream()'
#20 15.06 /usr/bin/ld: /libAFL.a(afl_driver.o):(.rodata._ZTCNSt3__114basic_ifstreamIcNS_11char_traitsIcEEEE0_NS_13basic_istreamIcS2_EE[_ZTCNSt3__114basic_ifstreamIcNS_11char_traitsIcEEEE0_NS_13basic_istreamIcS2_EE]+0x20): undefined reference to `std::__1::basic_istream<char, std::__1::char_traits<char> >::~basic_istream()'
#20 15.06 /usr/bin/ld: /libAFL.a(afl_driver.o):(.rodata._ZTCNSt3__114basic_ifstreamIcNS_11char_traitsIcEEEE0_NS_13basic_istreamIcS2_EE[_ZTCNSt3__114basic_ifstreamIcNS_11char_traitsIcEEEE0_NS_13basic_istreamIcS2_EE]+0x38): undefined reference to `typeinfo for std::__1::basic_istream<char, std::__1::char_traits<char> >'
#20 15.06 /usr/bin/ld: /libAFL.a(afl_driver.o):(.rodata._ZTCNSt3__114basic_ifstreamIcNS_11char_traitsIcEEEE0_NS_13basic_istreamIcS2_EE[_ZTCNSt3__114basic_ifstreamIcNS_11char_traitsIcEEEE0_NS_13basic_istreamIcS2_EE]+0x40): undefined reference to `virtual thunk to std::__1::basic_istream<char, std::__1::char_traits<char> >::~basic_istream()'
#20 15.06 /usr/bin/ld: /libAFL.a(afl_driver.o):(.rodata._ZTCNSt3__114basic_ifstreamIcNS_11char_traitsIcEEEE0_NS_13basic_istreamIcS2_EE[_ZTCNSt3__114basic_ifstreamIcNS_11char_traitsIcEEEE0_NS_13basic_istreamIcS2_EE]+0x48): undefined reference to `virtual thunk to std::__1::basic_istream<char, std::__1::char_traits<char> >::~basic_istream()'
#20 15.06 /usr/bin/ld: /libAFL.a(afl_driver.o):(.rodata._ZTINSt3__114basic_ifstreamIcNS_11char_traitsIcEEEE[_ZTINSt3__114basic_ifstreamIcNS_11char_traitsIcEEEE]+0x0): undefined reference to `vtable for __cxxabiv1::__si_class_type_info'
#20 15.06 /usr/bin/ld: /libAFL.a(afl_driver.o):(.rodata._ZTINSt3__114basic_ifstreamIcNS_11char_traitsIcEEEE[_ZTINSt3__114basic_ifstreamIcNS_11char_traitsIcEEEE]+0x10): undefined reference to `typeinfo for std::__1::basic_istream<char, std::__1::char_traits<char> >'
#20 15.06 /usr/bin/ld: /libAFL.a(afl_driver.o):(.rodata._ZTVNSt3__113basic_filebufIcNS_11char_traitsIcEEEE[_ZTVNSt3__113basic_filebufIcNS_11char_traitsIcEEEE]+0x48): undefined reference to `std::__1::basic_streambuf<char, std::__1::char_traits<char> >::showmanyc()'
#20 15.06 /usr/bin/ld: /libAFL.a(afl_driver.o):(.rodata._ZTVNSt3__113basic_filebufIcNS_11char_traitsIcEEEE[_ZTVNSt3__113basic_filebufIcNS_11char_traitsIcEEEE]+0x50): undefined reference to `std::__1::basic_streambuf<char, std::__1::char_traits<char> >::xsgetn(char*, long)'
#20 15.06 /usr/bin/ld: /libAFL.a(afl_driver.o):(.rodata._ZTVNSt3__113basic_filebufIcNS_11char_traitsIcEEEE[_ZTVNSt3__113basic_filebufIcNS_11char_traitsIcEEEE]+0x60): undefined reference to `std::__1::basic_streambuf<char, std::__1::char_traits<char> >::uflow()'
#20 15.06 /usr/bin/ld: /libAFL.a(afl_driver.o):(.rodata._ZTVNSt3__113basic_filebufIcNS_11char_traitsIcEEEE[_ZTVNSt3__113basic_filebufIcNS_11char_traitsIcEEEE]+0x70): undefined reference to `std::__1::basic_streambuf<char, std::__1::char_traits<char> >::xsputn(char const*, long)'
#20 15.06 /usr/bin/ld: /libAFL.a(afl_driver.o):(.rodata._ZTINSt3__113basic_filebufIcNS_11char_traitsIcEEEE[_ZTINSt3__113basic_filebufIcNS_11char_traitsIcEEEE]+0x0): undefined reference to `vtable for __cxxabiv1::__si_class_type_info'
#20 15.06 /usr/bin/ld: /libAFL.a(afl_driver.o):(.rodata._ZTINSt3__113basic_filebufIcNS_11char_traitsIcEEEE[_ZTINSt3__113basic_filebufIcNS_11char_traitsIcEEEE]+0x10): undefined reference to `typeinfo for std::__1::basic_streambuf<char, std::__1::char_traits<char> >'
#20 15.06 /usr/bin/ld: /libAFL.a(afl_driver.o):(.eh_frame+0x37b): undefined reference to `__gxx_personality_v0'
#20 15.09 clang-14: error: linker command failed with exit code 1 (use -v to see invocation)
#20 15.10 Traceback (most recent call last):
#20 15.10   File "<string>", line 1, in <module>
#20 15.10   File "/src/fuzzers/afl/fuzzer.py", line 40, in build
#20 15.10     utils.build_benchmark()
#20 15.10   File "/src/fuzzers/utils.py", line 82, in build_benchmark
#20 15.10     subprocess.check_call(['/bin/bash', '-ex', build_script], env=env)
#20 15.10   File "/usr/local/lib/python3.8/subprocess.py", line 364, in check_call
#20 15.10     raise CalledProcessError(retcode, cmd)
#20 15.10 subprocess.CalledProcessError: Command '['/bin/bash', '-ex', '/src/build.sh']' returned non-zero exit status 1.
#20 ERROR: executor failed running [/bin/sh -c echo "Run fuzzer_build to build the target" && if [ -z "$debug_builder" ] ; then fuzzer_build; fi]: exit code: 1
------
 > importing cache manifest from gcr.io/fuzzbench/builders/afl/h3_h3_fuzzer:
------
------
 > [stage-1 13/13] RUN echo "Run fuzzer_build to build the target" && if [ -z "$debug_builder" ] ; then fuzzer_build; fi:
------
executor failed running [/bin/sh -c echo "Run fuzzer_build to build the target" && if [ -z "$debug_builder" ] ; then fuzzer_build; fi]: exit code: 1
make: *** [docker/generated.mk:279186: .afl-h3_h3_fuzzer-builder] Error 1
