WARNING:root:gcloud not found in PATH.
INFO:root:Successfully integrated benchmark: apache-httpd_fuzz_addr_parse.
INFO:root:Please run "make test-run-afl-apache-httpd_fuzz_addr_parse" to test integration.
#1 [internal] load build definition from Dockerfile
#1 sha256:744aece548104bb401a43530de093102668cecd33ef5a2b8db5f171759b47904
#1 transferring dockerfile: 1.31kB done
#1 DONE 0.0s

#2 [internal] load .dockerignore
#2 sha256:2496b83fcb549001d545b512fbf6745266213afdce946fd715c1917e61181a38
#2 transferring context: 2B done
#2 DONE 0.0s

#3 [internal] load metadata for gcr.io/oss-fuzz-base/base-builder:latest
#3 sha256:f10dc39cc9d418a5bc416dead31a1902b6821fdae909cd3b08f7a3fd1faba7b5
#3 DONE 0.4s

#11 [internal] load build context
#11 sha256:b5757f16083f95ea15f4a4d54e97aea1ee81ac25f9e6807bd143d44062fd90b8
#11 DONE 0.0s

#5 [1/9] FROM gcr.io/oss-fuzz-base/base-builder@sha256:7f76292abe20e3a09554cd7e52e4ba7f174e2726aa0615496ca232017535a443
#5 sha256:b785341069aff1aa420741f46c0341befe7652e19f60afc8069313b0e11f206e
#5 DONE 0.0s

#4 importing cache manifest from gcr.io/fuzzbench/builders/benchmark/apache-httpd_fuzz_addr_parse
#4 sha256:0f6893b42b77acd104daecc4b07fd734803bdd1cddfc67a2f13c6d3acdae8b4c
#4 ERROR: gcr.io/fuzzbench/builders/benchmark/apache-httpd_fuzz_addr_parse:latest: not found

#11 [internal] load build context
#11 sha256:b5757f16083f95ea15f4a4d54e97aea1ee81ac25f9e6807bd143d44062fd90b8
#11 transferring context: 20.29kB done
#11 DONE 0.0s

#10 [6/9] WORKDIR httpd
#10 sha256:60cd4cde5a502e1018dd714a0d477a1b60c45e798a47753ad5c241ca22bdd4f5
#10 CACHED

#7 [3/9] RUN git clone https://github.com/AdaLogics/fuzz-headers
#7 sha256:3838405d3682a08d759667382e1cc851ddbb5939dde017f1205ed451d0ad611f
#7 CACHED

#8 [4/9] RUN wget https://github.com/libexpat/libexpat/releases/download/R_2_4_1/expat-2.4.1.tar.gz &&     tar -xf expat-2.4.1.tar.gz &&     cd expat-2.4.1 &&     ./configure &&     make &&     make install
#8 sha256:329d4d322362e116e3ed421e2a5fefeb55417de4c3699826a79b0bfec0881380
#8 CACHED

#13 [8/9] COPY fuzz_*.c /src/
#13 sha256:76424e9ab0defa418a486ad1db47ef8234fc460524f63ef9653042252fbe8e94
#13 CACHED

#12 [7/9] COPY build.sh /src/
#12 sha256:16b0a0df2bb1b8e2e56b78d8baef758788268425b4d44f75dd91a9d793f1622b
#12 CACHED

#6 [2/9] RUN apt-get update && apt-get install -y make autoconf automake libtool wget libpcre3                                          libpcre3-dev uuid-dev pkg-config libtool-bin
#6 sha256:86f4379b8e1a5e62ad5895af78cef0559921f3db55403320228d703e703faf1f
#6 CACHED

#9 [5/9] RUN git clone --depth=1 https://github.com/apache/httpd
#9 sha256:93359051cdf697011b4ec35e51f33287783d7fd9d741d509bffa209dabf753e2
#9 CACHED

#14 [9/9] COPY patches.diff /src/
#14 sha256:15670f4cca8d947c4635ffa3d5d23636adf5fe3d1229ec0f1c18a424cf9a6394
#14 CACHED

#15 exporting to image
#15 sha256:e8c613e07b0b7ff33893b694f7759a10d42e180f2b4dc349fb57dc6b71dcab00
#15 exporting layers done
#15 writing image sha256:de88a922e478bc78126cea91d828e74a3ebcec26323ea20a30af11b9726bcd89 done
#15 naming to gcr.io/fuzzbench/builders/benchmark/apache-httpd_fuzz_addr_parse done
#15 DONE 0.1s

#16 exporting cache
#16 sha256:2700d4ef94dee473593c5c614b55b2dedcca7893909811a8f2b48291a1f581e4
#16 preparing build cache for export done
#16 DONE 0.0s
------
 > importing cache manifest from gcr.io/fuzzbench/builders/benchmark/apache-httpd_fuzz_addr_parse:
------
#1 [internal] load build definition from builder.Dockerfile
#1 sha256:47b6b1472586b226a6decf580da03b53e1b35f1bedf913d8920130af8287e470
#1 transferring dockerfile: 46B done
#1 DONE 0.0s

#2 [internal] load .dockerignore
#2 sha256:45f63b1fc42237b1968cb7fdd9f2b99ddf76264d84c384e9482589885d5f4d6a
#2 transferring context: 2B done
#2 DONE 0.0s

#3 [internal] load metadata for gcr.io/fuzzbench/builders/benchmark/apache-httpd_fuzz_addr_parse:latest
#3 sha256:b81178ad546fe9a9c61d0381598c464dae477d8f73fed2bf3f4fd5375a753120
#3 DONE 0.0s

#5 [1/3] FROM gcr.io/fuzzbench/builders/benchmark/apache-httpd_fuzz_addr_parse
#5 sha256:820a5cb3526e3fb0b6b7ea31b3bef09143419bac9462d56312d67fede7393bdc
#5 DONE 0.0s

#4 importing cache manifest from gcr.io/fuzzbench/builders/afl/apache-httpd_fuzz_addr_parse-intermediate
#4 sha256:1e6b28a6283b2f2f55c3bc398b59a3b71f22d4d548f4a457cb695b0f67191ef7
#4 ERROR: gcr.io/fuzzbench/builders/afl/apache-httpd_fuzz_addr_parse-intermediate:latest: not found

#6 [2/3] RUN git clone https://github.com/google/AFL.git /afl &&     cd /afl &&     git checkout 61037103ae3722c8060ff7082994836a794f978e &&     AFL_NO_X86=1 make
#6 sha256:c024efa12d7880c4d4d83d1db6d98e0554433d9533918cb4200e508f9972cff7
#6 CACHED

#7 [3/3] RUN apt-get update &&     apt-get install wget -y &&     wget https://raw.githubusercontent.com/llvm/llvm-project/5feb80e748924606531ba28c97fe65145c65372e/compiler-rt/lib/fuzzer/afl/afl_driver.cpp -O /afl/afl_driver.cpp &&     clang -Wno-pointer-sign -c /afl/llvm_mode/afl-llvm-rt.o.c -I/afl &&     clang++ -stdlib=libc++ -std=c++11 -O2 -c /afl/afl_driver.cpp &&     ar r /libAFL.a *.o
#7 sha256:85e388c0225b21e31cae68f06f52732fbc15a8819db721f0b54c9744f2d4e744
#7 CACHED

#8 exporting to image
#8 sha256:e8c613e07b0b7ff33893b694f7759a10d42e180f2b4dc349fb57dc6b71dcab00
#8 exporting layers done
#8 writing image sha256:5a59438caf566de7b4ff6d5e2668bdc553936154f3ad7be2d5db8deba8d42627
#8 writing image sha256:5a59438caf566de7b4ff6d5e2668bdc553936154f3ad7be2d5db8deba8d42627 done
#8 naming to gcr.io/fuzzbench/builders/afl/apache-httpd_fuzz_addr_parse-intermediate done
#8 DONE 0.1s

#9 exporting cache
#9 sha256:2700d4ef94dee473593c5c614b55b2dedcca7893909811a8f2b48291a1f581e4
#9 preparing build cache for export done
#9 DONE 0.0s
------
 > importing cache manifest from gcr.io/fuzzbench/builders/afl/apache-httpd_fuzz_addr_parse-intermediate:
------
#1 [internal] load build definition from Dockerfile
#1 sha256:993ea67aef6e8f7c379d75f0e2c674ef3e135892131e76970d09a204597a8445
#1 transferring dockerfile: 2.00kB done
#1 DONE 0.0s

#2 [internal] load .dockerignore
#2 sha256:9a7206bae4041b3856d3f5b38442ae18eeefbc218b7f91249ec5bca3d1e482dc
#2 transferring context: 34B done
#2 DONE 0.0s

#3 [internal] load metadata for docker.io/library/ubuntu:xenial
#3 sha256:f62bae18ed588840f045c881b2502661f2a89578a2f8f99b83f5200ee83dd25b
#3 DONE 0.0s

#5 [1/7] FROM docker.io/library/ubuntu:xenial
#5 sha256:14dd403f25ae9e519bd44f27dc17af7ce80f5a4f9f48ca88108364e67ec5d360
#5 DONE 0.0s

#4 importing cache manifest from gcr.io/fuzzbench/base-image
#4 sha256:9b220ebb4d4daceed1b96df9b6dca076e762f1cd612574f010b82d5b9e5ad896
#4 DONE 0.0s

#8 [internal] load build context
#8 sha256:f6fefc4b82918210205c9db3e36176554c3276204e6f1a86fde726906f2bfee2
#8 transferring context: 591B 0.0s done
#8 DONE 0.0s

#6 [2/7] RUN apt-get update -y && apt-get install -y     build-essential     rsync     curl     zlib1g-dev     libncurses5-dev     libgdbm-dev     libnss3-dev     libssl-dev     libreadline-dev     libffi-dev     virtualenv     libbz2-dev     liblzma-dev     libsqlite3-dev
#6 sha256:3a1b0960f17eed529eaae93dc8fd3554f2743dd584d8fa569cdbe6bc734371ac
#6 CACHED

#7 [3/7] RUN cd /tmp/ &&     curl -O https://www.python.org/ftp/python/3.8.6/Python-3.8.6.tar.xz &&     tar -xvf Python-3.8.6.tar.xz &&     cd Python-3.8.6 &&     ./configure --enable-loadable-sqlite-extensions --enable-optimizations &&     make -j install &&     rm -r /tmp/Python-3.8.6.tar.xz /tmp/Python-3.8.6
#7 sha256:c5b9d1fb3371e84dbc60b76e7b2f8d5913bc93bcd4910ab65daa03e7b2ec4bb0
#7 CACHED

#9 [4/7] COPY ./requirements.txt /
#9 sha256:14cdc95ad86b05e8cd1d4836412c2f2828ef79f67575a0f084f6af25b3c2b2e9
#9 CACHED

#10 [5/7] RUN pip3 install -r /requirements.txt
#10 sha256:bab504ee8a9e849d8157de366bc07e2004d8ded6649461ade06f077786184010
#10 CACHED

#11 [6/7] RUN apt-get update -y && apt-get install -y     apt-transport-https     lsb-release
#11 sha256:b4fa3718dfd4465f1c6ea9bdf277567889dba3e7baa070236906434a56ff3989
#11 CACHED

#12 [7/7] RUN CLOUD_SDK_REPO="cloud-sdk-$(lsb_release -c -s)" &&     echo "deb https://packages.cloud.google.com/apt $CLOUD_SDK_REPO main"     | tee -a /etc/apt/sources.list.d/google-cloud-sdk.list &&     curl https://packages.cloud.google.com/apt/doc/apt-key.gpg     | apt-key add - &&     apt-get update -y &&     apt-get install -y google-cloud-sdk
#12 sha256:b42137d625ddf88431b78e04e10b8a8e5d605a1b77e0883db8149267178d340d
#12 CACHED

#13 exporting to image
#13 sha256:e8c613e07b0b7ff33893b694f7759a10d42e180f2b4dc349fb57dc6b71dcab00
#13 exporting layers done
#13 writing image sha256:05b2aa84fbb14d46a2428ada51f12a750d9a6a7322c0a63b3b82bda36d00b178 done
#13 naming to gcr.io/fuzzbench/base-image done
#13 DONE 0.0s

#14 exporting cache
#14 sha256:2700d4ef94dee473593c5c614b55b2dedcca7893909811a8f2b48291a1f581e4
#14 preparing build cache for export done
#14 DONE 0.0s
#7 [base-image 1/1] FROM gcr.io/fuzzbench/base-image
#7 sha256:4d07825694520f8b6f6a0d8592dbd345433361ae044cb7f06706c5a95e3daaad
#7 CACHED

#1 [internal] load build definition from Dockerfile
#1 sha256:1d5ff10e7d2dbf8385a55fcec9ab9072783468de42bdaf25b254bb5855c35d9d
#1 transferring dockerfile: 2.22kB done
#1 DONE 0.0s

#2 [internal] load .dockerignore
#2 sha256:abed24f1cd839f89150424da033e266f04656db40d1a63e96a83a8658acb9f45
#2 transferring context: 34B done
#2 DONE 0.0s

#4 [internal] load metadata for gcr.io/fuzzbench/base-image:latest
#4 sha256:932022888f650cc455b10eb5123bb08c0cccacac29a693e69314abbfd28a72c3
#4 DONE 0.0s

#3 [internal] load metadata for gcr.io/fuzzbench/builders/afl/apache-httpd_fuzz_addr_parse-intermediate:latest
#3 sha256:367fd5ea8d00027d353207649dae4f080143e01b3a41a4d35fdf72542f98e64f
#3 DONE 0.0s

#12 [internal] load build context
#12 sha256:1f20b61d183efe06c657ffc8d6a2bd9e0d39633069e062685f1263a79fb4d8a2
#12 DONE 0.0s

#6 [stage-1  1/13] FROM gcr.io/fuzzbench/builders/afl/apache-httpd_fuzz_addr_parse-intermediate
#6 sha256:1dc309578c6c34d7be3b656471bf53c2089de53dd296b00b5a21b1b552be4ea7
#6 DONE 0.0s

#5 importing cache manifest from gcr.io/fuzzbench/builders/afl/apache-httpd_fuzz_addr_parse
#5 sha256:13d0d7acd09d19aaa093b879b9a0e27fd8df1ac305d1c3680db41e9d88213d45
#5 ERROR: gcr.io/fuzzbench/builders/afl/apache-httpd_fuzz_addr_parse:latest: not found

#12 [internal] load build context
#12 sha256:1f20b61d183efe06c657ffc8d6a2bd9e0d39633069e062685f1263a79fb4d8a2
#12 transferring context: 742.42kB 0.1s done
#12 DONE 0.1s

#11 [stage-1  5/13] COPY --from=base-image /usr/local/lib/python3.8/site-packages /usr/local/lib/python3.8/site-packages
#11 sha256:db0fece88857269d03f29517f1bfbe8d1a69823c46958948bd67dc6eebbc8887
#11 CACHED

#8 [stage-1  2/13] COPY --from=base-image /usr/local/bin/python3* /usr/local/bin/
#8 sha256:491db129ccadeb632d1178cc04268877b5d48c3c7445affffbe57b8f2442cd6c
#8 CACHED

#9 [stage-1  3/13] COPY --from=base-image /usr/local/lib/python3.8 /usr/local/lib/python3.8
#9 sha256:a262f712f01e739ca14987df10d2b7b27550ea02c06f7fff8628863f2175c5ed
#9 CACHED

#10 [stage-1  4/13] COPY --from=base-image /usr/local/include/python3.8 /usr/local/include/python3.8
#10 sha256:1974f4c34e5feb3e3eccce3b8d8ab2045ecee70c8416838434377672e71b2290
#10 CACHED

#13 [stage-1  6/13] COPY fuzzers /src/fuzzers
#13 sha256:dc8b5d4e8debdf8c7ccd465f5aa4b02d1b9258ead0e27ec0c225317705a61cee
#13 CACHED

#14 [stage-1  7/13] RUN touch /src/__init__.py
#14 sha256:8833931f6ea2a755a0f1ecb865eee78fe1703a78f7504bcca8bdc658da73b886
#14 DONE 0.5s

#15 [stage-1  8/13] COPY benchmarks/apache-httpd_fuzz_addr_parse/benchmark.yaml /
#15 sha256:2881e43992ba2570aad3921f4b54a08918ada31694da643ffba981f3276f3f2f
#15 DONE 0.1s

#16 [stage-1  9/13] RUN mkdir /opt/fuzzbench/
#16 sha256:8aa6b3dc540263adc88c12f964370aa9fb081425289430102e97bce468fa300e
#16 DONE 0.5s

#17 [stage-1 10/13] COPY docker/benchmark-builder/checkout_commit.py /opt/fuzzbench/
#17 sha256:75f4f5371425a3faeeebb70db08298832c4526791493864a14f331015853a652
#17 DONE 0.1s

#18 [stage-1 11/13] RUN export CHECKOUT_COMMIT=$(cat /benchmark.yaml | tr -d ' ' | grep 'commit:' | cut -d ':' -f2) &&     python3 -u /opt/fuzzbench/checkout_commit.py $CHECKOUT_COMMIT /src
#18 sha256:7ccb65a43835783e4537f6e333a108efd6c0190c9d8b9cfc8943c3255ba51bfd
#18 0.472 Checking out commit dbf359cf
#18 74.99 error: pathspec 'dbf359cf' did not match any file(s) known to git
#18 74.99 error: pathspec 'dbf359cf' did not match any file(s) known to git
#18 75.00 error: pathspec 'dbf359cf' did not match any file(s) known to git
#18 75.00 error: pathspec 'dbf359cf' did not match any file(s) known to git
#18 75.08 Checkout unsuccessful.
#18 DONE 77.5s

#19 [stage-1 12/13] RUN echo "#!/bin/bash\nPYTHONPATH=/src python3 -u -c "from fuzzers import utils; utils.initialize_env(); from fuzzers.afl import fuzzer; fuzzer.build()"" > /usr/bin/fuzzer_build &&     chmod +x /usr/bin/fuzzer_build
#19 sha256:e7ba85409d8405b01436d9bb5988e0663136b0b83f56bab1e9afc44e123d53b8
#19 DONE 0.8s

#20 [stage-1 13/13] RUN echo "Run fuzzer_build to build the target" && if [ -z "$debug_builder" ] ; then fuzzer_build; fi
#20 sha256:1511de181e595f01ce98266854e3b7ab0968167e65f0b3d498a89dc69f078250
#20 0.536 Run fuzzer_build to build the target
#20 0.684 FUZZ_TARGET = fuzz_addr_parse
#20 0.684 CFLAGS = -DFUZZING_BUILD_MODE_UNSAFE_FOR_PRODUCTION -pthread -Wl,--no-as-needed -Wl,-ldl -Wl,-lm -Wno-unused-command-line-argument -O3
#20 0.684 CXXFLAGS = -DFUZZING_BUILD_MODE_UNSAFE_FOR_PRODUCTION -pthread -Wl,--no-as-needed -Wl,-ldl -Wl,-lm -Wno-unused-command-line-argument -stdlib=libc++ -O3
#20 0.696 Building benchmark apache-httpd_fuzz_addr_parse with fuzzer afl
#20 0.699 + unset CPP
#20 0.699 + unset CXX
#20 0.699 + git apply --ignore-space-change --ignore-whitespace /src/patches.diff
#20 0.701 error: patch failed: server/apreq_parser_header.c:89
#20 0.701 error: server/apreq_parser_header.c: patch does not apply
#20 0.701 Traceback (most recent call last):
#20 0.701   File "<string>", line 1, in <module>
#20 0.702   File "/src/fuzzers/afl/fuzzer.py", line 40, in build
#20 0.702     utils.build_benchmark()
#20 0.702   File "/src/fuzzers/utils.py", line 82, in build_benchmark
#20 0.702     subprocess.check_call(['/bin/bash', '-ex', build_script], env=env)
#20 0.702   File "/usr/local/lib/python3.8/subprocess.py", line 364, in check_call
#20 0.703     raise CalledProcessError(retcode, cmd)
#20 0.703 subprocess.CalledProcessError: Command '['/bin/bash', '-ex', '/src/build.sh']' returned non-zero exit status 1.
#20 ERROR: executor failed running [/bin/sh -c echo "Run fuzzer_build to build the target" && if [ -z "$debug_builder" ] ; then fuzzer_build; fi]: exit code: 1
------
 > importing cache manifest from gcr.io/fuzzbench/builders/afl/apache-httpd_fuzz_addr_parse:
------
------
 > [stage-1 13/13] RUN echo "Run fuzzer_build to build the target" && if [ -z "$debug_builder" ] ; then fuzzer_build; fi:
------
executor failed running [/bin/sh -c echo "Run fuzzer_build to build the target" && if [ -z "$debug_builder" ] ; then fuzzer_build; fi]: exit code: 1
make: *** [docker/generated.mk:278195: .afl-apache-httpd_fuzz_addr_parse-builder] Error 1
