WARNING:root:gcloud not found in PATH.
INFO:root:Successfully integrated benchmark: bloaty_bloaty.
INFO:root:Please run "make test-run-afl-bloaty_bloaty" to test integration.
#2 [internal] load .dockerignore
#2 sha256:1083a4a5a296ebbdd6ebc70e06471883ae158f75738e14e6678db49cadc82e79
#2 transferring context: 2B done
#2 DONE 0.2s

#1 [internal] load build definition from Dockerfile
#1 sha256:6c43f6fac7c69aebde657110ea8a0614dc72ef841402f67d3e8174b873f6f875
#1 transferring dockerfile: 935B done
#1 DONE 0.2s

#3 [internal] load metadata for gcr.io/oss-fuzz-base/base-builder:latest
#3 sha256:f10dc39cc9d418a5bc416dead31a1902b6821fdae909cd3b08f7a3fd1faba7b5
#3 DONE 0.4s

#9 [internal] load build context
#9 sha256:c042b2d08ab5bbf50a0478307f85ffaa20cac278d8a08bc8f18342fc91c37411
#9 DONE 0.0s

#5 [1/5] FROM gcr.io/oss-fuzz-base/base-builder@sha256:f4e5ea12494fab091c5d830cf803b3421f2860f729b9d1b07da44924396cf8cf
#5 sha256:ef290950573a2779ee526af357b28fbddfc20d7409aa51f58f777c9e972cba29
#5 DONE 0.0s

#4 importing cache manifest from gcr.io/fuzzbench/builders/benchmark/bloaty_bloaty
#4 sha256:b7aa0be7cb2f342e6cf502669c40f13f41527c482d942d42adddb668e361a316
#4 ERROR: gcr.io/fuzzbench/builders/benchmark/bloaty_bloaty:latest: not found

#9 [internal] load build context
#9 sha256:c042b2d08ab5bbf50a0478307f85ffaa20cac278d8a08bc8f18342fc91c37411
#9 transferring context: 30B done
#9 DONE 0.0s

#6 [2/5] RUN apt-get update && apt-get install -y cmake ninja-build g++
#6 sha256:dc3bc3ffcd325de26412a694a8944fd0393d8e118bcf05c25932b0dbf83b1338
#6 CACHED

#7 [3/5] RUN git clone --depth 1 https://github.com/google/bloaty.git bloaty
#7 sha256:711b050ff5646e79a91c08d41374bbbea9ed8e7fe5dd645cb48ffc3920bb9e04
#7 CACHED

#8 [4/5] WORKDIR bloaty
#8 sha256:42b05e7c322f3aa6e298578c0e216bd71ec9b1e355080787919b1e08ff4a873e
#8 CACHED

#10 [5/5] COPY build.sh /src/
#10 sha256:4d12fb63dbdd536b55ba157e735357d887099b1322f4df9f4871b3beb3d5554e
#10 CACHED

#11 exporting to image
#11 sha256:e8c613e07b0b7ff33893b694f7759a10d42e180f2b4dc349fb57dc6b71dcab00
#11 exporting layers done
#11 writing image sha256:36a4315674c2ec13a8ea8803509783c82ae53e1dfea034892ee2068f0e608c4e
#11 writing image sha256:36a4315674c2ec13a8ea8803509783c82ae53e1dfea034892ee2068f0e608c4e done
#11 naming to gcr.io/fuzzbench/builders/benchmark/bloaty_bloaty done
#11 DONE 0.1s

#12 exporting cache
#12 sha256:2700d4ef94dee473593c5c614b55b2dedcca7893909811a8f2b48291a1f581e4
#12 preparing build cache for export done
#12 DONE 0.0s
------
 > importing cache manifest from gcr.io/fuzzbench/builders/benchmark/bloaty_bloaty:
------
#1 [internal] load build definition from builder.Dockerfile
#1 sha256:399bbfcbcc15f20f9c3841dc7cd3403b95b72628b519b73753f9b227d286cc05
#1 transferring dockerfile: 46B done
#1 DONE 0.0s

#2 [internal] load .dockerignore
#2 sha256:e9dac15150b1133f329d0f87702b5443e6db8e1c0b4e118092173f5e670b14e7
#2 transferring context: 2B done
#2 DONE 0.0s

#3 [internal] load metadata for gcr.io/fuzzbench/builders/benchmark/bloaty_bloaty:latest
#3 sha256:5ca45e47aa4a63dc7020fcc3e34584f7b001e78567410d2d068068db768e7aa8
#3 DONE 0.0s

#5 [1/3] FROM gcr.io/fuzzbench/builders/benchmark/bloaty_bloaty
#5 sha256:0d85986fe63012022a6b4fa0f55bac4442646bd250e5b22e33feb55d78a5ab2d
#5 DONE 0.0s

#4 importing cache manifest from gcr.io/fuzzbench/builders/afl/bloaty_bloaty-intermediate
#4 sha256:3c2a6ec70b27d0d8404b168e9175d8680eb414f5cd6fa9acc9e428add7f3659f
#4 ERROR: gcr.io/fuzzbench/builders/afl/bloaty_bloaty-intermediate:latest: not found

#6 [2/3] RUN git clone https://github.com/google/AFL.git /afl &&     cd /afl &&     git checkout 61037103ae3722c8060ff7082994836a794f978e &&     AFL_NO_X86=1 make
#6 sha256:4dbdb50a6028702636b7ee363ca56f949ded7e8dac20ba3fca2cdd60d21d4f08
#6 CACHED

#7 [3/3] RUN apt-get update &&     apt-get install wget -y &&     wget https://raw.githubusercontent.com/llvm/llvm-project/5feb80e748924606531ba28c97fe65145c65372e/compiler-rt/lib/fuzzer/afl/afl_driver.cpp -O /afl/afl_driver.cpp &&     clang -Wno-pointer-sign -c /afl/llvm_mode/afl-llvm-rt.o.c -I/afl &&     clang++ -stdlib=libc++ -std=c++11 -O2 -c /afl/afl_driver.cpp &&     ar r /libAFL.a *.o
#7 sha256:8ffeed4b35fdad864a27419b7366c881f098a0a50480a86ca40fb35928d900e7
#7 CACHED

#8 exporting to image
#8 sha256:e8c613e07b0b7ff33893b694f7759a10d42e180f2b4dc349fb57dc6b71dcab00
#8 exporting layers done
#8 writing image sha256:b726dd78a0fa96f6b8aa76edef4daad206c6f12a488c737a72765fc8ed71b7cc done
#8 naming to gcr.io/fuzzbench/builders/afl/bloaty_bloaty-intermediate done
#8 DONE 0.1s

#9 exporting cache
#9 sha256:2700d4ef94dee473593c5c614b55b2dedcca7893909811a8f2b48291a1f581e4
#9 preparing build cache for export done
#9 DONE 0.0s
------
 > importing cache manifest from gcr.io/fuzzbench/builders/afl/bloaty_bloaty-intermediate:
------
#1 [internal] load build definition from Dockerfile
#1 sha256:b7f26c648ac0ba7803f3435d764f86845186ce05f3a67cd84c5e449ab3089af7
#1 transferring dockerfile: 2.00kB done
#1 DONE 0.0s

#2 [internal] load .dockerignore
#2 sha256:7239946c90051b1ec7d00cadcc9711fd85669600465ed167bb750d0e4e371149
#2 transferring context: 34B done
#2 DONE 0.0s

#3 [internal] load metadata for docker.io/library/ubuntu:xenial
#3 sha256:f62bae18ed588840f045c881b2502661f2a89578a2f8f99b83f5200ee83dd25b
#3 DONE 0.0s

#5 [1/7] FROM docker.io/library/ubuntu:xenial
#5 sha256:14dd403f25ae9e519bd44f27dc17af7ce80f5a4f9f48ca88108364e67ec5d360
#5 DONE 0.0s

#4 importing cache manifest from gcr.io/fuzzbench/base-image
#4 sha256:9b220ebb4d4daceed1b96df9b6dca076e762f1cd612574f010b82d5b9e5ad896
#4 DONE 0.0s

#8 [internal] load build context
#8 sha256:51d785c265180d2a5114a4c4baea81288744208fc5637728b21c4cac74a6f251
#8 transferring context: 559B 0.0s done
#8 DONE 0.0s

#6 [2/7] RUN apt-get update -y && apt-get install -y     build-essential     rsync     curl     zlib1g-dev     libncurses5-dev     libgdbm-dev     libnss3-dev     libssl-dev     libreadline-dev     libffi-dev     virtualenv     libbz2-dev     liblzma-dev     libsqlite3-dev
#6 sha256:3a1b0960f17eed529eaae93dc8fd3554f2743dd584d8fa569cdbe6bc734371ac
#6 CACHED

#9 [4/7] COPY ./requirements.txt /
#9 sha256:2d0a24bb468bb91e402de12174ec8bee98a3469d99076a44c441c085fb539b32
#9 CACHED

#10 [5/7] RUN pip3 install -r /requirements.txt
#10 sha256:a77064cc91f56803767648c1f61694f790c13b87ab0f02794f0fc4c544138fce
#10 CACHED

#11 [6/7] RUN apt-get update -y && apt-get install -y     apt-transport-https     lsb-release
#11 sha256:57eaa5aaca518d5a4b291314c023d504bb050cb3c61b2f73eddb905e0d2531e8
#11 CACHED

#7 [3/7] RUN cd /tmp/ &&     curl -O https://www.python.org/ftp/python/3.8.6/Python-3.8.6.tar.xz &&     tar -xvf Python-3.8.6.tar.xz &&     cd Python-3.8.6 &&     ./configure --enable-loadable-sqlite-extensions --enable-optimizations &&     make -j install &&     rm -r /tmp/Python-3.8.6.tar.xz /tmp/Python-3.8.6
#7 sha256:c5b9d1fb3371e84dbc60b76e7b2f8d5913bc93bcd4910ab65daa03e7b2ec4bb0
#7 CACHED

#12 [7/7] RUN CLOUD_SDK_REPO="cloud-sdk-$(lsb_release -c -s)" &&     echo "deb https://packages.cloud.google.com/apt $CLOUD_SDK_REPO main"     | tee -a /etc/apt/sources.list.d/google-cloud-sdk.list &&     curl https://packages.cloud.google.com/apt/doc/apt-key.gpg     | apt-key add - &&     apt-get update -y &&     apt-get install -y google-cloud-sdk
#12 sha256:c664a147dae46d199733130ad429a3095bceb8ae2aa5a840f7b040578faff71c
#12 CACHED

#13 exporting to image
#13 sha256:e8c613e07b0b7ff33893b694f7759a10d42e180f2b4dc349fb57dc6b71dcab00
#13 exporting layers done
#13 writing image sha256:1b41dae4427763f93f7c63356068c8d0b6b6eda4730248e26cddeebab7c25a95 done
#13 naming to gcr.io/fuzzbench/base-image done
#13 DONE 0.0s

#14 exporting cache
#14 sha256:2700d4ef94dee473593c5c614b55b2dedcca7893909811a8f2b48291a1f581e4
#14 preparing build cache for export done
#14 DONE 0.0s
#1 [internal] load build definition from Dockerfile
#1 sha256:bda7ca9d7f977d8469363da06b9d570127f50180c64ba22f6e17407050989c8d
#1 transferring dockerfile: 2.22kB done
#1 DONE 0.0s

#2 [internal] load .dockerignore
#2 sha256:30651d02f1083f6370925da1b4a6e2b666fcaedd9761c184f53ca8d0eec62f24
#2 transferring context: 34B done
#2 DONE 0.0s

#4 [internal] load metadata for gcr.io/fuzzbench/base-image:latest
#4 sha256:932022888f650cc455b10eb5123bb08c0cccacac29a693e69314abbfd28a72c3
#4 DONE 0.0s

#3 [internal] load metadata for gcr.io/fuzzbench/builders/afl/bloaty_bloaty-intermediate:latest
#3 sha256:136fd587a10bfdcd02deaacfea788b613d9147c4de32a3cdd90e0fce72ed3bc9
#3 DONE 0.0s

#12 [internal] load build context
#12 sha256:8421e555d052fe1ebee92d94d6f253cffb264704b13b5024cd15001a7ecc2864
#12 DONE 0.0s

#7 [base-image 1/1] FROM gcr.io/fuzzbench/base-image
#7 sha256:4d07825694520f8b6f6a0d8592dbd345433361ae044cb7f06706c5a95e3daaad
#7 DONE 0.0s

#6 [stage-1  1/13] FROM gcr.io/fuzzbench/builders/afl/bloaty_bloaty-intermediate
#6 sha256:f41f67ccf5593cc552c44ddafc0c3172a1b52abc25df7cb99fddedd29db8271a
#6 DONE 0.0s

#5 importing cache manifest from gcr.io/fuzzbench/builders/afl/bloaty_bloaty
#5 sha256:1da0833708728e9bc7f8c4845bd446bc48493b3fa07696a3cba692c1ca9b4243
#5 ERROR: gcr.io/fuzzbench/builders/afl/bloaty_bloaty:latest: not found

#12 [internal] load build context
#12 sha256:8421e555d052fe1ebee92d94d6f253cffb264704b13b5024cd15001a7ecc2864
#12 transferring context: 669.86kB 0.1s done
#12 DONE 0.1s

#8 [stage-1  2/13] COPY --from=base-image /usr/local/bin/python3* /usr/local/bin/
#8 sha256:0fa1c86b016064b8a809a5f12f64fc9ae7c109a4a81144e94c2129ceb6542f6b
#8 CACHED

#9 [stage-1  3/13] COPY --from=base-image /usr/local/lib/python3.8 /usr/local/lib/python3.8
#9 sha256:b462d4e5911566fe2018d00d5206a52ac99954e8dd37bb7808b280346a97d6e1
#9 CACHED

#10 [stage-1  4/13] COPY --from=base-image /usr/local/include/python3.8 /usr/local/include/python3.8
#10 sha256:797db143817eecc24ba0fed317d060125efc234b2122b7e464631d47c2d24c27
#10 CACHED

#11 [stage-1  5/13] COPY --from=base-image /usr/local/lib/python3.8/site-packages /usr/local/lib/python3.8/site-packages
#11 sha256:d5c3fb4c4bb68c05f50ab6064d6c8f32f1a75f70277e7d180e8b9cae25bd3458
#11 CACHED

#13 [stage-1  6/13] COPY fuzzers /src/fuzzers
#13 sha256:c1a98280aeac4046448892bdad74815cad670e7f7eb40fdfc0b09b2cb1125dac
#13 CACHED

#14 [stage-1  7/13] RUN touch /src/__init__.py
#14 sha256:2c90555365881b9ecf0abdb3ea47edab43c34a47d9bc1e4dfe09ce0bdab203ee
#14 CACHED

#15 [stage-1  8/13] COPY benchmarks/bloaty_bloaty/benchmark.yaml /
#15 sha256:f24ea4e2a58d9c939eedbc8563bfe083d4a2b555ebe36c43c23e59284dc4e782
#15 DONE 0.2s

#16 [stage-1  9/13] RUN mkdir /opt/fuzzbench/
#16 sha256:91ef87a09e312ff86032c67b175309d038069ed2d5edf45d5d220c60721cebcc
#16 DONE 0.4s

#17 [stage-1 10/13] COPY docker/benchmark-builder/checkout_commit.py /opt/fuzzbench/
#17 sha256:ea209643f65acc6590861fe9ce38cef6742a2e774e70ee29bc5c9e0464e5c263
#17 DONE 0.1s

#18 [stage-1 11/13] RUN export CHECKOUT_COMMIT=$(cat /benchmark.yaml | tr -d ' ' | grep 'commit:' | cut -d ':' -f2) &&     python3 -u /opt/fuzzbench/checkout_commit.py $CHECKOUT_COMMIT /src
#18 sha256:303d98eaf95b7585f4a02cbc81f6bdf0470b5e126fefd4c421a51476bcd33e83
#18 0.468 Checking out commit 71f4914c
#18 2.240 From https://github.com/google/bloaty
#18 2.240  * [new tag]         v1.0       -> v1.0
#18 2.240  * [new tag]         v1.1       -> v1.1
#18 2.272 error: pathspec '71f4914c' did not match any file(s) known to git
#18 2.279 error: pathspec '71f4914c' did not match any file(s) known to git
#18 2.285 error: pathspec '71f4914c' did not match any file(s) known to git
#18 2.319 error: pathspec '71f4914c' did not match any file(s) known to git
#18 2.334 Checkout unsuccessful.
#18 DONE 2.4s

#19 [stage-1 12/13] RUN echo "#!/bin/bash\nPYTHONPATH=/src python3 -u -c "from fuzzers import utils; utils.initialize_env(); from fuzzers.afl import fuzzer; fuzzer.build()"" > /usr/bin/fuzzer_build &&     chmod +x /usr/bin/fuzzer_build
#19 sha256:ddaa6e71a63e03ac05332cb6140c35d3456f900f72613a9b06343550acf0299a
#19 DONE 0.6s

#20 [stage-1 13/13] RUN echo "Run fuzzer_build to build the target" && if [ -z "$debug_builder" ] ; then fuzzer_build; fi
#20 sha256:aa52f4cc7e69a83c0f553bd52ef464dd2fa39b219fe95f3ca3496081492ea3de
#20 0.433 Run fuzzer_build to build the target
#20 0.546 FUZZ_TARGET = bloaty
#20 0.546 CFLAGS = -DFUZZING_BUILD_MODE_UNSAFE_FOR_PRODUCTION -pthread -Wl,--no-as-needed -Wl,-ldl -Wl,-lm -Wno-unused-command-line-argument -O3
#20 0.546 CXXFLAGS = -DFUZZING_BUILD_MODE_UNSAFE_FOR_PRODUCTION -pthread -Wl,--no-as-needed -Wl,-ldl -Wl,-lm -Wno-unused-command-line-argument -stdlib=libc++ -O3
#20 0.551 Building benchmark bloaty_bloaty with fuzzer afl
#20 0.554 + cd /work
#20 0.554 + cmake -G Ninja -DBUILD_TESTING=false /src/bloaty
#20 0.756 -- The C compiler identification is Clang 14.0.0
#20 1.012 -- The CXX compiler identification is Clang 14.0.0
#20 1.022 -- Detecting C compiler ABI info
#20 1.168 -- Detecting C compiler ABI info - done
#20 1.216 -- Check for working C compiler: /usr/local/bin/clang - skipped
#20 1.217 -- Detecting C compile features
#20 1.218 -- Detecting C compile features - done
#20 1.224 -- Detecting CXX compiler ABI info
#20 1.409 -- Detecting CXX compiler ABI info - done
#20 1.472 -- Check for working CXX compiler: /usr/local/bin/clang++ - skipped
#20 1.473 -- Detecting CXX compile features
#20 1.474 -- Detecting CXX compile features - done
#20 1.478 -- Could NOT find PkgConfig (missing: PKG_CONFIG_EXECUTABLE) 
#20 1.492 -- Could NOT find ZLIB (missing: ZLIB_LIBRARY ZLIB_INCLUDE_DIR) 
#20 1.492 -- Checking for one of the modules 're2'
#20 1.493 -- Checking for one of the modules 'capstone'
#20 1.494 -- Checking for one of the modules 'protobuf'
#20 1.494 -- System re2 not found, using bundled version
#20 1.494 -- System capstone not found, using bundled version
#20 1.494 -- System protobuf not found, using bundled version
#20 1.494 -- System zlib not found, using bundled version
#20 1.494 -- Setting build type to 'RelWithDebInfo' as none was specified.
#20 1.535 Submodule 'third_party/abseil-cpp' (https://github.com/abseil/abseil-cpp.git) registered for path 'third_party/abseil-cpp'
#20 1.536 Submodule 'third_party/capstone' (https://github.com/aquynh/capstone.git) registered for path 'third_party/capstone'
#20 1.536 Submodule 'third_party/demumble' (https://github.com/nico/demumble.git) registered for path 'third_party/demumble'
#20 1.537 Submodule 'third_party/googletest' (https://github.com/google/googletest.git) registered for path 'third_party/googletest'
#20 1.538 Submodule 'third_party/protobuf' (https://github.com/protocolbuffers/protobuf.git) registered for path 'third_party/protobuf'
#20 1.539 Submodule 'third_party/re2' (https://github.com/google/re2) registered for path 'third_party/re2'
#20 1.540 Submodule 'third_party/zlib' (https://github.com/madler/zlib) registered for path 'third_party/zlib'
#20 1.547 Cloning into '/src/bloaty/third_party/abseil-cpp'...
#20 3.352 Cloning into '/src/bloaty/third_party/capstone'...
#20 10.87 Cloning into '/src/bloaty/third_party/demumble'...
#20 11.41 Cloning into '/src/bloaty/third_party/googletest'...
#20 13.70 Cloning into '/src/bloaty/third_party/protobuf'...
#20 24.61 Cloning into '/src/bloaty/third_party/re2'...
#20 25.74 Cloning into '/src/bloaty/third_party/zlib'...
#20 26.94 Submodule path 'third_party/abseil-cpp': checked out '5dd240724366295970c613ed23d0092bcf392f18'
#20 27.28 Submodule path 'third_party/capstone': checked out '852f46a467cb37559a1f3a18bd45d5ca8c6fc5e7'
#20 27.32 Submodule path 'third_party/demumble': checked out '01098eab821b33bd31b9778aea38565cd796aa85'
#20 27.44 Submodule path 'third_party/googletest': checked out '565f1b848215b77c3732bca345fe76a0431d8b34'
#20 27.91 Submodule path 'third_party/protobuf': checked out 'bc1773c42c9c3c522145a3119e989e0dff2a8d54'
#20 27.92 Submodule 'third_party/benchmark' (https://github.com/google/benchmark.git) registered for path 'third_party/protobuf/third_party/benchmark'
#20 27.92 Submodule 'third_party/googletest' (https://github.com/google/googletest.git) registered for path 'third_party/protobuf/third_party/googletest'
#20 27.93 Cloning into '/src/bloaty/third_party/protobuf/third_party/benchmark'...
#20 29.01 Cloning into '/src/bloaty/third_party/protobuf/third_party/googletest'...
#20 31.36 Submodule path 'third_party/protobuf/third_party/benchmark': checked out '5b7683f49e1e9223cf9927b24f6fd3d6bd82e3f8'
#20 31.49 Submodule path 'third_party/protobuf/third_party/googletest': checked out '5ec7f0c4a113e2f18ac2c6cc7df51ad6afc24081'
#20 31.56 Submodule path 'third_party/re2': checked out '5bd613749fd530b576b890283bfb6bc6ea6246cb'
#20 31.64 Submodule path 'third_party/zlib': checked out 'cacf7f1d4e3d44d871b605da3b647f07d718623f'
#20 31.66 -- Looking for pthread.h
#20 31.83 -- Looking for pthread.h - found
#20 31.83 -- Performing Test CMAKE_HAVE_LIBC_PTHREAD
#20 32.00 -- Performing Test CMAKE_HAVE_LIBC_PTHREAD - Success
#20 32.00 -- Found Threads: TRUE  
#20 32.01 CMake Deprecation Warning at third_party/capstone/CMakeLists.txt:1 (cmake_minimum_required):
#20 32.01   Compatibility with CMake < 2.8.12 will be removed from a future version of
#20 32.01   CMake.
#20 32.01 
#20 32.01   Update the VERSION argument <min> value or use a ...<max> suffix to tell
#20 32.01   CMake that the project does not need compatibility with older versions.
#20 32.01 
#20 32.01 
#20 32.01 CMake Warning (dev) at third_party/capstone/CMakeLists.txt:2 (project):
#20 32.01   Policy CMP0048 is not set: project() command manages VERSION variables.
#20 32.01   Run "cmake --help-policy CMP0048" for policy details.  Use the cmake_policy
#20 32.01   command to set the policy and suppress this warning.
#20 32.01 
#20 32.01   The following variable(s) would be set to empty:
#20 32.01 
#20 32.01     PROJECT_VERSION
#20 32.01     PROJECT_VERSION_MAJOR
#20 32.01     PROJECT_VERSION_MINOR
#20 32.01 This warning is for project developers.  Use -Wno-dev to suppress it.
#20 32.01 
#20 32.01 CMake Deprecation Warning at third_party/capstone/CMakeLists.txt:18 (cmake_policy):
#20 32.01   The OLD behavior for policy CMP0048 will be removed from a future version
#20 32.01   of CMake.
#20 32.01 
#20 32.01   The cmake-policies(7) manual explains that the OLD behaviors of all
#20 32.01   policies are deprecated and that a policy should be set to OLD only under
#20 32.01   specific short-term circumstances.  Projects should be ported to the NEW
#20 32.01   behavior and not rely on setting a policy to OLD.
#20 32.01 
#20 32.01 
#20 32.01 Enabling CAPSTONE_ARM_SUPPORT
#20 32.01 Enabling CAPSTONE_ARM64_SUPPORT
#20 32.01 Enabling CAPSTONE_M68K_SUPPORT
#20 32.01 Enabling CAPSTONE_MIPS_SUPPORT
#20 32.01 Enabling CAPSTONE_PPC_SUPPORT
#20 32.01 Enabling CAPSTONE_SPARC_SUPPORT
#20 32.01 Enabling CAPSTONE_SYSZ_SUPPORT
#20 32.01 Enabling CAPSTONE_XCORE_SUPPORT
#20 32.01 Enabling CAPSTONE_X86_SUPPORT
#20 32.01 Enabling CAPSTONE_TMS320C64X_SUPPORT
#20 32.01 Enabling CAPSTONE_M680X_SUPPORT
#20 32.01 Enabling CAPSTONE_EVM_SUPPORT
#20 32.01 Enabling CAPSTONE_MOS65XX_SUPPORT
#20 32.03 -- 
#20 32.03 -- 3.9.1.0
#20 32.04 -- Could NOT find ZLIB (missing: ZLIB_LIBRARY ZLIB_INCLUDE_DIR) 
#20 32.04 -- Performing Test protobuf_HAVE_BUILTIN_ATOMICS
#20 32.45 -- Performing Test protobuf_HAVE_BUILTIN_ATOMICS - Success
#20 32.48 CMake Deprecation Warning at third_party/zlib/CMakeLists.txt:1 (cmake_minimum_required):
#20 32.48   Compatibility with CMake < 2.8.12 will be removed from a future version of
#20 32.48   CMake.
#20 32.48 
#20 32.48   Update the VERSION argument <min> value or use a ...<max> suffix to tell
#20 32.48   CMake that the project does not need compatibility with older versions.
#20 32.48 
#20 32.48 
#20 32.48 CMake Warning (dev) at third_party/zlib/CMakeLists.txt:4 (project):
#20 32.48   Policy CMP0048 is not set: project() command manages VERSION variables.
#20 32.48   Run "cmake --help-policy CMP0048" for policy details.  Use the cmake_policy
#20 32.48   command to set the policy and suppress this warning.
#20 32.48 
#20 32.48   The following variable(s) would be set to empty:
#20 32.48 
#20 32.48     PROJECT_VERSION
#20 32.48     PROJECT_VERSION_MAJOR
#20 32.48     PROJECT_VERSION_MINOR
#20 32.48 This warning is for project developers.  Use -Wno-dev to suppress it.
#20 32.48 
#20 32.48 -- Looking for sys/types.h
#20 32.65 -- Looking for sys/types.h - found
#20 32.65 -- Looking for stdint.h
#20 32.82 -- Looking for stdint.h - found
#20 32.82 -- Looking for stddef.h
#20 32.98 -- Looking for stddef.h - found
#20 32.98 -- Check size of off64_t
#20 33.18 -- Check size of off64_t - done
#20 33.18 -- Looking for fseeko
#20 33.34 -- Looking for fseeko - found
#20 33.34 -- Looking for unistd.h
#20 33.51 -- Looking for unistd.h - found
#20 33.51 -- Renaming
#20 33.51 --     /src/bloaty/third_party/zlib/zconf.h
#20 33.51 -- to 'zconf.h.included' because this file is included with zlib
#20 33.51 -- but CMake generates it automatically in the build directory.
#20 33.51 -- Performing Test SUPPORTS_COLOR_ALWAYS
#20 33.65 -- Performing Test SUPPORTS_COLOR_ALWAYS - Success
#20 33.65 LIB_FUZZING_ENGINE set, building fuzz_target instead of Bloaty
#20 33.65 -- Configuring done
#20 33.73 -- Generating done
#20 33.75 -- Build files have been written to: /work
#20 33.76 ++ nproc
#20 33.76 + ninja -j8
#20 36.94 [1/356] Building CXX object third_party/re2/CMakeFiles/re2.dir/re2/filtered_re2.cc.o
#20 36.98 [2/356] Building CXX object third_party/re2/CMakeFiles/re2.dir/re2/perl_groups.cc.o
#20 37.05 [3/356] Building CXX object third_party/re2/CMakeFiles/re2.dir/re2/bitstate.cc.o
#20 37.41 [4/356] Building CXX object third_party/re2/CMakeFiles/re2.dir/re2/mimics_pcre.cc.o
#20 37.64 [5/356] Building CXX object third_party/re2/CMakeFiles/re2.dir/re2/onepass.cc.o
#20 37.74 [6/356] Building CXX object third_party/re2/CMakeFiles/re2.dir/re2/nfa.cc.o
#20 39.77 [7/356] Building CXX object third_party/re2/CMakeFiles/re2.dir/re2/compile.cc.o
#20 40.10 [8/356] Building CXX object third_party/re2/CMakeFiles/re2.dir/re2/parse.cc.o
#20 41.21 [9/356] Building CXX object third_party/re2/CMakeFiles/re2.dir/re2/dfa.cc.o
#20 42.89 [10/356] Building CXX object third_party/re2/CMakeFiles/re2.dir/re2/prefilter.cc.o
#20 43.50 [11/356] Building CXX object third_party/re2/CMakeFiles/re2.dir/re2/re2.cc.o
#20 43.53 [12/356] Building CXX object third_party/re2/CMakeFiles/re2.dir/re2/stringpiece.cc.o
#20 43.55 [13/356] Building CXX object third_party/re2/CMakeFiles/re2.dir/re2/unicode_casefold.cc.o
#20 43.58 [14/356] Building CXX object third_party/re2/CMakeFiles/re2.dir/re2/prog.cc.o
#20 43.72 [15/356] Building CXX object third_party/re2/CMakeFiles/re2.dir/util/rune.cc.o
#20 43.77 [16/356] Building CXX object third_party/re2/CMakeFiles/re2.dir/re2/prefilter_tree.cc.o
#20 43.79 [17/356] Building CXX object third_party/re2/CMakeFiles/re2.dir/re2/unicode_groups.cc.o
#20 43.84 [18/356] Building C object third_party/capstone/CMakeFiles/capstone-static.dir/MCInstrDesc.c.o
#20 43.96 [19/356] Building C object third_party/capstone/CMakeFiles/capstone-static.dir/MCRegisterInfo.c.o
#20 44.01 [20/356] Building C object third_party/capstone/CMakeFiles/capstone-static.dir/MCInst.c.o
#20 44.16 [21/356] Building C object third_party/capstone/CMakeFiles/capstone-static.dir/SStream.c.o
#20 44.24 [22/356] Building C object third_party/capstone/CMakeFiles/capstone-static.dir/utils.c.o
#20 44.69 [23/356] Building C object third_party/capstone/CMakeFiles/capstone-static.dir/cs.c.o
#20 44.75 [24/356] Building CXX object third_party/re2/CMakeFiles/re2.dir/re2/set.cc.o
#20 44.91 [25/356] Building C object third_party/capstone/CMakeFiles/capstone-static.dir/arch/ARM/ARMModule.c.o
#20 44.93 [26/356] Building CXX object third_party/re2/CMakeFiles/re2.dir/re2/simplify.cc.o
#20 45.21 [27/356] Building C object third_party/capstone/CMakeFiles/capstone-static.dir/arch/AArch64/AArch64BaseInfo.c.o
#20 45.40 [28/356] Building CXX object third_party/re2/CMakeFiles/re2.dir/util/strutil.cc.o
#20 45.43 [29/356] Building CXX object third_party/re2/CMakeFiles/re2.dir/re2/regexp.cc.o
#20 45.43 [30/356] Building C object third_party/capstone/CMakeFiles/capstone-static.dir/arch/ARM/ARMMapping.c.o
#20 45.57 [31/356] Building C object third_party/capstone/CMakeFiles/capstone-static.dir/arch/AArch64/AArch64Module.c.o
#20 46.22 [32/356] Building C object third_party/capstone/CMakeFiles/capstone-static.dir/arch/AArch64/AArch64Mapping.c.o
#20 46.50 [33/356] Building C object third_party/capstone/CMakeFiles/capstone-static.dir/arch/Mips/MipsInstPrinter.c.o
#20 46.65 [34/356] Building C object third_party/capstone/CMakeFiles/capstone-static.dir/arch/Mips/MipsModule.c.o
#20 46.70 [35/356] Building C object third_party/capstone/CMakeFiles/capstone-static.dir/arch/Mips/MipsMapping.c.o
#20 47.26 [36/356] Building CXX object third_party/re2/CMakeFiles/re2.dir/re2/tostring.cc.o
#20 47.31 [37/356] Linking CXX static library third_party/re2/libre2.a
#20 47.56 [38/356] Building C object third_party/capstone/CMakeFiles/capstone-static.dir/arch/ARM/ARMInstPrinter.c.o
#20 47.72 [39/356] Building C object third_party/capstone/CMakeFiles/capstone-static.dir/arch/PowerPC/PPCModule.c.o
#20 47.82 [40/356] Building C object third_party/capstone/CMakeFiles/capstone-static.dir/arch/PowerPC/PPCMapping.c.o
#20 48.40 [41/356] Building C object third_party/capstone/CMakeFiles/capstone-static.dir/arch/PowerPC/PPCDisassembler.c.o
#20 48.72 [42/356] Building C object third_party/capstone/CMakeFiles/capstone-static.dir/arch/Mips/MipsDisassembler.c.o
#20 48.99 [43/356] Building C object third_party/capstone/CMakeFiles/capstone-static.dir/arch/X86/X86Disassembler.c.o
#20 49.16 [44/356] Building C object third_party/capstone/CMakeFiles/capstone-static.dir/arch/X86/X86Module.c.o
#20 49.78 [45/356] Building C object third_party/capstone/CMakeFiles/capstone-static.dir/arch/X86/X86IntelInstPrinter.c.o
#20 50.23 [46/356] Building C object third_party/capstone/CMakeFiles/capstone-static.dir/arch/AArch64/AArch64Disassembler.c.o
#20 50.77 [47/356] Building C object third_party/capstone/CMakeFiles/capstone-static.dir/arch/X86/X86ATTInstPrinter.c.o
#20 51.03 [48/356] Building C object third_party/capstone/CMakeFiles/capstone-static.dir/arch/Sparc/SparcDisassembler.c.o
#20 51.10 [49/356] Building C object third_party/capstone/CMakeFiles/capstone-static.dir/arch/Sparc/SparcMapping.c.o
#20 51.19 [50/356] Building C object third_party/capstone/CMakeFiles/capstone-static.dir/arch/Sparc/SparcModule.c.o
#20 51.63 [51/356] Building C object third_party/capstone/CMakeFiles/capstone-static.dir/arch/X86/X86Mapping.c.o
#20 51.87 [52/356] Building C object third_party/capstone/CMakeFiles/capstone-static.dir/arch/PowerPC/PPCInstPrinter.c.o
#20 52.03 [53/356] Building C object third_party/capstone/CMakeFiles/capstone-static.dir/arch/SystemZ/SystemZModule.c.o
#20 52.09 [54/356] Building C object third_party/capstone/CMakeFiles/capstone-static.dir/arch/SystemZ/SystemZMCTargetDesc.c.o
#20 52.35 [55/356] Building C object third_party/capstone/CMakeFiles/capstone-static.dir/arch/SystemZ/SystemZMapping.c.o
#20 52.36 [56/356] Building C object third_party/capstone/CMakeFiles/capstone-static.dir/arch/SystemZ/SystemZInstPrinter.c.o
#20 52.59 [57/356] Building C object third_party/capstone/CMakeFiles/capstone-static.dir/arch/XCore/XCoreMapping.c.o
#20 52.75 [58/356] Building C object third_party/capstone/CMakeFiles/capstone-static.dir/arch/XCore/XCoreModule.c.o
#20 52.80 [59/356] Building C object third_party/capstone/CMakeFiles/capstone-static.dir/arch/XCore/XCoreInstPrinter.c.o
#20 52.87 [60/356] Building C object third_party/capstone/CMakeFiles/capstone-static.dir/arch/X86/X86DisassemblerDecoder.c.o
#20 53.03 [61/356] Building C object third_party/capstone/CMakeFiles/capstone-static.dir/arch/M68K/M68KModule.c.o
#20 53.15 [62/356] Building C object third_party/capstone/CMakeFiles/capstone-static.dir/arch/M68K/M68KInstPrinter.c.o
#20 53.68 [63/356] Building C object third_party/capstone/CMakeFiles/capstone-static.dir/arch/TMS320C64x/TMS320C64xInstPrinter.c.o
#20 54.50 [64/356] Building C object third_party/capstone/CMakeFiles/capstone-static.dir/arch/XCore/XCoreDisassembler.c.o
#20 55.71 [65/356] Building C object third_party/capstone/CMakeFiles/capstone-static.dir/arch/Sparc/SparcInstPrinter.c.o
#20 55.95 [66/356] Building C object third_party/capstone/CMakeFiles/capstone-static.dir/arch/TMS320C64x/TMS320C64xMapping.c.o
#20 56.06 [67/356] Building C object third_party/capstone/CMakeFiles/capstone-static.dir/arch/TMS320C64x/TMS320C64xDisassembler.c.o
#20 56.10 [68/356] Building C object third_party/capstone/CMakeFiles/capstone-static.dir/arch/TMS320C64x/TMS320C64xModule.c.o
#20 56.42 [69/356] Building C object third_party/capstone/CMakeFiles/capstone-static.dir/arch/M680X/M680XInstPrinter.c.o
#20 56.58 [70/356] Building C object third_party/capstone/CMakeFiles/capstone-static.dir/arch/M680X/M680XModule.c.o
#20 56.68 [71/356] Building C object third_party/capstone/CMakeFiles/capstone-static.dir/arch/M68K/M68KDisassembler.c.o
#20 56.77 [72/356] Building C object third_party/capstone/CMakeFiles/capstone-static.dir/arch/EVM/EVMDisassembler.c.o
#20 56.88 [73/356] Building C object third_party/capstone/CMakeFiles/capstone-static.dir/arch/EVM/EVMInstPrinter.c.o
#20 56.96 [74/356] Building C object third_party/capstone/CMakeFiles/capstone-static.dir/arch/EVM/EVMMapping.c.o
#20 57.01 [75/356] Building CXX object third_party/protobuf/cmake/CMakeFiles/libprotobuf.dir/__/src/google/protobuf/stubs/time.cc.o
#20 57.03 [76/356] Building C object third_party/capstone/CMakeFiles/capstone-static.dir/arch/EVM/EVMModule.c.o
#20 57.11 [77/356] Building C object third_party/capstone/CMakeFiles/capstone-static.dir/arch/MOS65XX/MOS65XXModule.c.o
#20 57.28 [78/356] Building C object third_party/capstone/CMakeFiles/capstone-static.dir/arch/MOS65XX/MOS65XXDisassembler.c.o
#20 57.45 [79/356] Building C object third_party/capstone/CMakeFiles/capstone-static.dir/arch/SystemZ/SystemZDisassembler.c.o
#20 57.93 [80/356] Building C object third_party/capstone/CMakeFiles/capstone-static.dir/arch/AArch64/AArch64InstPrinter.c.o
#20 58.32 [81/356] Building C object third_party/capstone/CMakeFiles/capstone-static.dir/arch/M680X/M680XDisassembler.c.o
#20 59.46 [82/356] Building CXX object third_party/protobuf/cmake/CMakeFiles/libprotobuf.dir/__/src/google/protobuf/wire_format_lite.cc.o
#20 59.75 [83/356] Building C object third_party/capstone/CMakeFiles/capstone-static.dir/arch/ARM/ARMDisassembler.c.o
#20 59.80 [84/356] Building CXX object third_party/protobuf/cmake/CMakeFiles/libprotobuf-lite.dir/__/src/google/protobuf/arena.cc.o
#20 59.82 [85/356] Linking C static library third_party/capstone/libcapstone.a
#20 59.85 [86/356] Building CXX object third_party/protobuf/cmake/CMakeFiles/libprotobuf-lite.dir/__/src/google/protobuf/io/io_win32.cc.o
#20 60.46 [87/356] Building CXX object third_party/protobuf/cmake/CMakeFiles/libprotobuf-lite.dir/__/src/google/protobuf/any_lite.cc.o
#20 60.66 [88/356] Building CXX object third_party/protobuf/cmake/CMakeFiles/libprotobuf-lite.dir/__/src/google/protobuf/generated_enum_util.cc.o
#20 62.35 [89/356] Building CXX object third_party/protobuf/cmake/CMakeFiles/libprotobuf-lite.dir/__/src/google/protobuf/io/strtod.cc.o
#20 62.77 [90/356] Building CXX object third_party/protobuf/cmake/CMakeFiles/libprotobuf-lite.dir/__/src/google/protobuf/io/zero_copy_stream.cc.o
#20 62.97 [91/356] Building CXX object third_party/protobuf/cmake/CMakeFiles/libprotobuf-lite.dir/__/src/google/protobuf/implicit_weak_message.cc.o
#20 63.31 [92/356] Building CXX object third_party/protobuf/cmake/CMakeFiles/libprotobuf-lite.dir/__/src/google/protobuf/io/zero_copy_stream_impl.cc.o
#20 63.69 [93/356] Building CXX object third_party/protobuf/cmake/CMakeFiles/libprotobuf-lite.dir/__/src/google/protobuf/io/coded_stream.cc.o
#20 65.17 [94/356] Building CXX object third_party/protobuf/cmake/CMakeFiles/libprotobuf-lite.dir/__/src/google/protobuf/io/zero_copy_stream_impl_lite.cc.o
#20 66.53 [95/356] Building CXX object third_party/protobuf/cmake/CMakeFiles/libprotobuf-lite.dir/__/src/google/protobuf/stubs/bytestream.cc.o
#20 67.27 [96/356] Building CXX object third_party/protobuf/cmake/CMakeFiles/libprotobuf-lite.dir/__/src/google/protobuf/message_lite.cc.o
#20 68.43 [97/356] Building CXX object third_party/protobuf/cmake/CMakeFiles/libprotobuf-lite.dir/__/src/google/protobuf/parse_context.cc.o
#20 69.12 [98/356] Building CXX object third_party/protobuf/cmake/CMakeFiles/libprotobuf-lite.dir/__/src/google/protobuf/stubs/common.cc.o
#20 69.76 [99/356] Building CXX object third_party/protobuf/cmake/CMakeFiles/libprotobuf-lite.dir/__/src/google/protobuf/stubs/int128.cc.o
#20 69.93 [100/356] Building CXX object third_party/protobuf/cmake/CMakeFiles/libprotobuf-lite.dir/__/src/google/protobuf/generated_message_util.cc.o
#20 69.95 [101/356] Building CXX object third_party/protobuf/cmake/CMakeFiles/libprotobuf-lite.dir/__/src/google/protobuf/generated_message_table_driven_lite.cc.o
#20 70.03 [102/356] Building CXX object third_party/protobuf/cmake/CMakeFiles/libprotobuf-lite.dir/__/src/google/protobuf/extension_set.cc.o
#20 70.38 [103/356] Building CXX object third_party/protobuf/cmake/CMakeFiles/libprotobuf-lite.dir/__/src/google/protobuf/stubs/status.cc.o
#20 71.07 [104/356] Building CXX object third_party/protobuf/cmake/CMakeFiles/libprotobuf-lite.dir/__/src/google/protobuf/stubs/statusor.cc.o
#20 71.24 [105/356] Building CXX object third_party/protobuf/cmake/CMakeFiles/libprotobuf-lite.dir/__/src/google/protobuf/repeated_field.cc.o
#20 72.10 [106/356] Building CXX object third_party/protobuf/cmake/CMakeFiles/libprotobuf-lite.dir/__/src/google/protobuf/stubs/stringpiece.cc.o
#20 72.16 [107/356] Building CXX object third_party/protobuf/cmake/CMakeFiles/libprotobuf-lite.dir/__/src/google/protobuf/stubs/stringprintf.cc.o
#20 72.74 [108/356] Building CXX object third_party/protobuf/cmake/CMakeFiles/libprotobuf-lite.dir/__/src/google/protobuf/stubs/structurally_valid.cc.o
#20 73.13 [109/356] Building CXX object third_party/protobuf/cmake/CMakeFiles/libprotobuf-lite.dir/__/src/google/protobuf/stubs/time.cc.o
#20 75.16 [110/356] Building CXX object third_party/protobuf/cmake/CMakeFiles/libprotobuf-lite.dir/__/src/google/protobuf/wire_format_lite.cc.o
#20 75.58 [111/356] Building CXX object third_party/protobuf/cmake/CMakeFiles/libprotobuf-lite.dir/__/src/google/protobuf/stubs/strutil.cc.o
#20 75.62 [112/356] Linking CXX static library third_party/protobuf/cmake/libprotobuf-lite.a
#20 76.31 [113/356] Building CXX object third_party/protobuf/cmake/CMakeFiles/libprotoc.dir/__/src/google/protobuf/compiler/code_generator.cc.o
#20 79.99 [114/356] Building CXX object third_party/protobuf/cmake/CMakeFiles/libprotoc.dir/__/src/google/protobuf/compiler/cpp/cpp_extension.cc.o
#20 80.07 [115/356] Building CXX object third_party/protobuf/cmake/CMakeFiles/libprotoc.dir/__/src/google/protobuf/compiler/cpp/cpp_field.cc.o
#20 80.13 [116/356] Building CXX object third_party/protobuf/cmake/CMakeFiles/libprotoc.dir/__/src/google/protobuf/compiler/cpp/cpp_enum_field.cc.o
#20 81.71 [117/356] Building CXX object third_party/protobuf/cmake/CMakeFiles/libprotoc.dir/__/src/google/protobuf/compiler/cpp/cpp_enum.cc.o
#20 82.10 [118/356] Building CXX object third_party/protobuf/cmake/CMakeFiles/libprotoc.dir/__/src/google/protobuf/compiler/cpp/cpp_generator.cc.o
#20 87.97 [119/356] Building CXX object third_party/protobuf/cmake/CMakeFiles/libprotoc.dir/__/src/google/protobuf/compiler/cpp/cpp_map_field.cc.o
#20 88.65 [120/356] Building CXX object third_party/protobuf/cmake/CMakeFiles/libprotoc.dir/__/src/google/protobuf/compiler/command_line_interface.cc.o
#20 89.28 [121/356] Building CXX object third_party/protobuf/cmake/CMakeFiles/libprotoc.dir/__/src/google/protobuf/compiler/cpp/cpp_message_field.cc.o
#20 89.93 [122/356] Building CXX object third_party/protobuf/cmake/CMakeFiles/libprotoc.dir/__/src/google/protobuf/compiler/cpp/cpp_padding_optimizer.cc.o
#20 90.15 [123/356] Building CXX object third_party/protobuf/cmake/CMakeFiles/libprotoc.dir/__/src/google/protobuf/compiler/cpp/cpp_primitive_field.cc.o
#20 92.93 [124/356] Building CXX object third_party/protobuf/cmake/CMakeFiles/libprotoc.dir/__/src/google/protobuf/compiler/cpp/cpp_helpers.cc.o
#20 93.70 [125/356] Building CXX object third_party/protobuf/cmake/CMakeFiles/libprotoc.dir/__/src/google/protobuf/compiler/csharp/csharp_doc_comment.cc.o
#20 95.13 [126/356] Building CXX object third_party/protobuf/cmake/CMakeFiles/libprotoc.dir/__/src/google/protobuf/compiler/csharp/csharp_enum_field.cc.o
#20 95.35 [127/356] Building CXX object third_party/protobuf/cmake/CMakeFiles/libprotoc.dir/__/src/google/protobuf/compiler/cpp/cpp_service.cc.o
#20 95.97 [128/356] Building CXX object third_party/protobuf/cmake/CMakeFiles/libprotoc.dir/__/src/google/protobuf/compiler/csharp/csharp_enum.cc.o
#20 97.57 [129/356] Building CXX object third_party/protobuf/cmake/CMakeFiles/libprotoc.dir/__/src/google/protobuf/compiler/cpp/cpp_file.cc.o
#20 98.08 [130/356] Building CXX object third_party/protobuf/cmake/CMakeFiles/libprotoc.dir/__/src/google/protobuf/compiler/cpp/cpp_string_field.cc.o
#20 98.92 [131/356] Building CXX object third_party/protobuf/cmake/CMakeFiles/libprotoc.dir/__/src/google/protobuf/compiler/csharp/csharp_generator.cc.o
#20 100.7 [132/356] Building CXX object third_party/protobuf/cmake/CMakeFiles/libprotoc.dir/__/src/google/protobuf/compiler/csharp/csharp_map_field.cc.o
#20 100.9 [133/356] Building CXX object third_party/protobuf/cmake/CMakeFiles/libprotoc.dir/__/src/google/protobuf/compiler/csharp/csharp_field_base.cc.o
#20 101.1 [134/356] Building CXX object third_party/protobuf/cmake/CMakeFiles/libprotoc.dir/__/src/google/protobuf/compiler/csharp/csharp_helpers.cc.o
#20 103.1 [135/356] Building CXX object third_party/protobuf/cmake/CMakeFiles/libprotoc.dir/__/src/google/protobuf/compiler/csharp/csharp_message_field.cc.o
#20 103.8 [136/356] Building CXX object third_party/protobuf/cmake/CMakeFiles/libprotoc.dir/__/src/google/protobuf/compiler/csharp/csharp_message.cc.o
#20 103.9 [137/356] Building CXX object third_party/protobuf/cmake/CMakeFiles/libprotoc.dir/__/src/google/protobuf/compiler/csharp/csharp_primitive_field.cc.o
#20 105.4 [138/356] Building CXX object third_party/protobuf/cmake/CMakeFiles/libprotoc.dir/__/src/google/protobuf/compiler/csharp/csharp_reflection_class.cc.o
#20 105.4 [139/356] Building CXX object third_party/protobuf/cmake/CMakeFiles/libprotoc.dir/__/src/google/protobuf/compiler/csharp/csharp_repeated_enum_field.cc.o
#20 105.8 [140/356] Building CXX object third_party/protobuf/cmake/CMakeFiles/libprotoc.dir/__/src/google/protobuf/compiler/csharp/csharp_repeated_primitive_field.cc.o
#20 106.3 [141/356] Building CXX object third_party/protobuf/cmake/CMakeFiles/libprotoc.dir/__/src/google/protobuf/compiler/csharp/csharp_repeated_message_field.cc.o
#20 108.0 [142/356] Building CXX object third_party/protobuf/cmake/CMakeFiles/libprotoc.dir/__/src/google/protobuf/compiler/csharp/csharp_source_generator_base.cc.o
#20 109.3 [143/356] Building CXX object third_party/protobuf/cmake/CMakeFiles/libprotoc.dir/__/src/google/protobuf/compiler/csharp/csharp_wrapper_field.cc.o
#20 109.7 [144/356] Building CXX object third_party/protobuf/cmake/CMakeFiles/libprotoc.dir/__/src/google/protobuf/compiler/java/java_doc_comment.cc.o
#20 110.8 [145/356] Building CXX object third_party/protobuf/cmake/CMakeFiles/libprotoc.dir/__/src/google/protobuf/compiler/cpp/cpp_message.cc.o
#20 111.3 [146/356] Building CXX object third_party/protobuf/cmake/CMakeFiles/libprotoc.dir/__/src/google/protobuf/compiler/java/java_context.cc.o
#20 112.4 [147/356] Building CXX object third_party/protobuf/cmake/CMakeFiles/libprotoc.dir/__/src/google/protobuf/compiler/java/java_enum.cc.o
#20 113.1 [148/356] Building CXX object third_party/protobuf/cmake/CMakeFiles/libprotoc.dir/__/src/google/protobuf/compiler/java/java_enum_field.cc.o
#20 113.2 [149/356] Building CXX object third_party/protobuf/cmake/CMakeFiles/libprotoc.dir/__/src/google/protobuf/compiler/java/java_enum_field_lite.cc.o
#20 114.5 [150/356] Building CXX object third_party/protobuf/cmake/CMakeFiles/libprotoc.dir/__/src/google/protobuf/compiler/java/java_enum_lite.cc.o
#20 115.1 [151/356] Building CXX object third_party/protobuf/cmake/CMakeFiles/libprotoc.dir/__/src/google/protobuf/compiler/java/java_extension_lite.cc.o
#20 115.5 [152/356] Building CXX object third_party/protobuf/cmake/CMakeFiles/libprotoc.dir/__/src/google/protobuf/compiler/java/java_extension.cc.o
#20 117.3 [153/356] Building CXX object third_party/protobuf/cmake/CMakeFiles/libprotoc.dir/__/src/google/protobuf/compiler/java/java_field.cc.o
#20 117.9 [154/356] Building CXX object third_party/protobuf/cmake/CMakeFiles/libprotoc.dir/__/src/google/protobuf/compiler/java/java_generator_factory.cc.o
#20 119.1 [155/356] Building CXX object third_party/protobuf/cmake/CMakeFiles/libprotoc.dir/__/src/google/protobuf/compiler/java/java_generator.cc.o
#20 120.7 [156/356] Building CXX object third_party/protobuf/cmake/CMakeFiles/libprotoc.dir/__/src/google/protobuf/compiler/java/java_file.cc.o
#20 122.2 [157/356] Building CXX object third_party/protobuf/cmake/CMakeFiles/libprotoc.dir/__/src/google/protobuf/compiler/java/java_map_field.cc.o
#20 122.4 [158/356] Building CXX object third_party/protobuf/cmake/CMakeFiles/libprotoc.dir/__/src/google/protobuf/compiler/java/java_map_field_lite.cc.o
#20 122.8 [159/356] Building CXX object third_party/protobuf/cmake/CMakeFiles/libprotoc.dir/__/src/google/protobuf/compiler/java/java_helpers.cc.o
#20 123.9 [160/356] Building CXX object third_party/protobuf/cmake/CMakeFiles/libprotoc.dir/__/src/google/protobuf/compiler/java/java_message_builder_lite.cc.o
#20 125.1 [161/356] Building CXX object third_party/protobuf/cmake/CMakeFiles/libprotoc.dir/__/src/google/protobuf/compiler/java/java_message_builder.cc.o
#20 126.4 [162/356] Building CXX object third_party/protobuf/cmake/CMakeFiles/libprotoc.dir/__/src/google/protobuf/compiler/java/java_message_field.cc.o
#20 126.6 [163/356] Building CXX object third_party/protobuf/cmake/CMakeFiles/libprotoc.dir/__/src/google/protobuf/compiler/java/java_message.cc.o
#20 127.3 [164/356] Building CXX object third_party/protobuf/cmake/CMakeFiles/libprotoc.dir/__/src/google/protobuf/compiler/java/java_message_field_lite.cc.o
#20 128.3 [165/356] Building CXX object third_party/protobuf/cmake/CMakeFiles/libprotoc.dir/__/src/google/protobuf/compiler/java/java_name_resolver.cc.o
#20 130.4 [166/356] Building CXX object third_party/protobuf/cmake/CMakeFiles/libprotoc.dir/__/src/google/protobuf/compiler/java/java_message_lite.cc.o
#20 130.4 [167/356] Building CXX object third_party/protobuf/cmake/CMakeFiles/libprotoc.dir/__/src/google/protobuf/compiler/js/well_known_types_embed.cc.o
#20 131.5 [168/356] Building CXX object third_party/protobuf/cmake/CMakeFiles/libprotoc.dir/__/src/google/protobuf/compiler/java/java_primitive_field.cc.o
#20 131.9 [169/356] Building CXX object third_party/protobuf/cmake/CMakeFiles/libprotoc.dir/__/src/google/protobuf/compiler/java/java_service.cc.o
#20 132.6 [170/356] Building CXX object third_party/protobuf/cmake/CMakeFiles/libprotoc.dir/__/src/google/protobuf/compiler/java/java_primitive_field_lite.cc.o
#20 133.1 [171/356] Building CXX object third_party/protobuf/cmake/CMakeFiles/libprotoc.dir/__/src/google/protobuf/compiler/java/java_shared_code_generator.cc.o
#20 133.9 [172/356] Building CXX object third_party/protobuf/cmake/CMakeFiles/libprotoc.dir/__/src/google/protobuf/compiler/java/java_string_field.cc.o
#20 134.1 [173/356] Building CXX object third_party/protobuf/cmake/CMakeFiles/libprotoc.dir/__/src/google/protobuf/compiler/java/java_string_field_lite.cc.o
#20 137.5 [174/356] Building CXX object third_party/protobuf/cmake/CMakeFiles/libprotoc.dir/__/src/google/protobuf/compiler/objectivec/objectivec_enum_field.cc.o
#20 137.7 [175/356] Building CXX object third_party/protobuf/cmake/CMakeFiles/libprotoc.dir/__/src/google/protobuf/compiler/objectivec/objectivec_enum.cc.o
#20 138.5 [176/356] Building CXX object third_party/protobuf/cmake/CMakeFiles/libprotoc.dir/__/src/google/protobuf/compiler/objectivec/objectivec_extension.cc.o
#20 139.2 [177/356] Building CXX object third_party/protobuf/cmake/CMakeFiles/libprotoc.dir/__/src/google/protobuf/compiler/objectivec/objectivec_generator.cc.o
#20 141.0 [178/356] Building CXX object third_party/protobuf/cmake/CMakeFiles/libprotoc.dir/__/src/google/protobuf/compiler/objectivec/objectivec_field.cc.o
#20 141.7 [179/356] Building CXX object third_party/protobuf/cmake/CMakeFiles/libprotoc.dir/__/src/google/protobuf/compiler/objectivec/objectivec_file.cc.o
#20 144.3 [180/356] Building CXX object third_party/protobuf/cmake/CMakeFiles/libprotoc.dir/__/src/google/protobuf/compiler/objectivec/objectivec_map_field.cc.o
#20 144.5 [181/356] Building CXX object third_party/protobuf/cmake/CMakeFiles/libprotoc.dir/__/src/google/protobuf/compiler/objectivec/objectivec_message_field.cc.o
#20 145.4 [182/356] Building CXX object third_party/protobuf/cmake/CMakeFiles/libprotoc.dir/__/src/google/protobuf/compiler/objectivec/objectivec_oneof.cc.o
#20 146.8 [183/356] Building CXX object third_party/protobuf/cmake/CMakeFiles/libprotoc.dir/__/src/google/protobuf/compiler/objectivec/objectivec_primitive_field.cc.o
#20 147.6 [184/356] Building CXX object third_party/protobuf/cmake/CMakeFiles/libprotoc.dir/__/src/google/protobuf/compiler/objectivec/objectivec_helpers.cc.o
#20 148.0 [185/356] Building CXX object third_party/protobuf/cmake/CMakeFiles/libprotoc.dir/__/src/google/protobuf/compiler/objectivec/objectivec_message.cc.o
#20 149.9 [186/356] Building CXX object third_party/protobuf/cmake/CMakeFiles/libprotoc.dir/__/src/google/protobuf/compiler/plugin.cc.o
#20 151.4 [187/356] Building CXX object third_party/protobuf/cmake/CMakeFiles/libprotoc.dir/__/src/google/protobuf/compiler/subprocess.cc.o
#20 151.5 [188/356] Building CXX object third_party/protobuf/cmake/CMakeFiles/libprotoc.dir/__/src/google/protobuf/compiler/zip_writer.cc.o
#20 152.3 [189/356] Building CXX object third_party/protobuf/cmake/CMakeFiles/libprotoc.dir/__/src/google/protobuf/compiler/plugin.pb.cc.o
#20 154.2 [190/356] Building CXX object third_party/protobuf/cmake/CMakeFiles/libprotoc.dir/__/src/google/protobuf/compiler/ruby/ruby_generator.cc.o
#20 154.4 [191/356] Building CXX object third_party/protobuf/cmake/CMakeFiles/libprotobuf.dir/__/src/google/protobuf/stubs/structurally_valid.cc.o
#20 154.7 [192/356] Building CXX object third_party/protobuf/cmake/CMakeFiles/libprotoc.dir/__/src/google/protobuf/compiler/php/php_generator.cc.o
#20 155.1 [193/356] Building CXX object third_party/protobuf/cmake/CMakeFiles/libprotobuf.dir/__/src/google/protobuf/any_lite.cc.o
#20 155.2 [194/356] Building CXX object third_party/protobuf/cmake/CMakeFiles/libprotobuf.dir/__/src/google/protobuf/arena.cc.o
#20 155.3 [195/356] Building CXX object third_party/protobuf/cmake/CMakeFiles/libprotoc.dir/__/src/google/protobuf/compiler/js/js_generator.cc.o
#20 155.7 [196/356] Building CXX object third_party/protobuf/cmake/CMakeFiles/libprotobuf.dir/__/src/google/protobuf/stubs/strutil.cc.o
#20 155.8 [197/356] Building CXX object third_party/protobuf/cmake/CMakeFiles/libprotobuf.dir/__/src/google/protobuf/io/io_win32.cc.o
#20 157.9 [198/356] Building CXX object third_party/protobuf/cmake/CMakeFiles/libprotobuf.dir/__/src/google/protobuf/generated_enum_util.cc.o
#20 158.3 [199/356] Building CXX object third_party/protobuf/cmake/CMakeFiles/libprotobuf.dir/__/src/google/protobuf/io/strtod.cc.o
#20 158.3 [200/356] Building CXX object third_party/protobuf/cmake/CMakeFiles/libprotoc.dir/__/src/google/protobuf/compiler/python/python_generator.cc.o
#20 158.8 [201/356] Building CXX object third_party/protobuf/cmake/CMakeFiles/libprotobuf.dir/__/src/google/protobuf/implicit_weak_message.cc.o
#20 159.2 [202/356] Building CXX object third_party/protobuf/cmake/CMakeFiles/libprotobuf.dir/__/src/google/protobuf/io/coded_stream.cc.o
#20 160.1 [203/356] Building CXX object third_party/protobuf/cmake/CMakeFiles/libprotobuf.dir/__/src/google/protobuf/io/zero_copy_stream.cc.o
#20 161.0 [204/356] Building CXX object third_party/protobuf/cmake/CMakeFiles/libprotobuf.dir/__/src/google/protobuf/io/zero_copy_stream_impl.cc.o
#20 161.2 [205/356] Building CXX object third_party/protobuf/cmake/CMakeFiles/libprotobuf.dir/__/src/google/protobuf/io/zero_copy_stream_impl_lite.cc.o
#20 163.4 [206/356] Building CXX object third_party/protobuf/cmake/CMakeFiles/libprotobuf.dir/__/src/google/protobuf/message_lite.cc.o
#20 163.9 [207/356] Building CXX object third_party/protobuf/cmake/CMakeFiles/libprotobuf.dir/__/src/google/protobuf/stubs/bytestream.cc.o
#20 164.8 [208/356] Building CXX object third_party/protobuf/cmake/CMakeFiles/libprotobuf.dir/__/src/google/protobuf/parse_context.cc.o
#20 165.2 [209/356] Building CXX object third_party/protobuf/cmake/CMakeFiles/libprotobuf.dir/__/src/google/protobuf/stubs/common.cc.o
#20 166.7 [210/356] Building CXX object third_party/protobuf/cmake/CMakeFiles/libprotobuf.dir/__/src/google/protobuf/stubs/int128.cc.o
#20 167.0 [211/356] Building CXX object third_party/protobuf/cmake/CMakeFiles/libprotobuf.dir/__/src/google/protobuf/generated_message_util.cc.o
#20 167.0 [212/356] Building CXX object third_party/protobuf/cmake/CMakeFiles/libprotobuf.dir/__/src/google/protobuf/stubs/status.cc.o
#20 167.1 [213/356] Building CXX object third_party/protobuf/cmake/CMakeFiles/libprotobuf.dir/__/src/google/protobuf/generated_message_table_driven_lite.cc.o
#20 167.5 [214/356] Building CXX object third_party/protobuf/cmake/CMakeFiles/libprotobuf.dir/__/src/google/protobuf/stubs/statusor.cc.o
#20 167.6 [215/356] Building CXX object third_party/protobuf/cmake/CMakeFiles/libprotobuf.dir/__/src/google/protobuf/extension_set.cc.o
#20 168.2 [216/356] Building CXX object third_party/protobuf/cmake/CMakeFiles/libprotobuf.dir/__/src/google/protobuf/repeated_field.cc.o
#20 168.3 [217/356] Building CXX object third_party/protobuf/cmake/CMakeFiles/libprotobuf.dir/__/src/google/protobuf/stubs/stringpiece.cc.o
#20 169.1 [218/356] Building CXX object third_party/protobuf/cmake/CMakeFiles/libprotobuf.dir/__/src/google/protobuf/stubs/stringprintf.cc.o
#20 170.6 [219/356] Building CXX object third_party/protobuf/cmake/CMakeFiles/libprotobuf.dir/__/src/google/protobuf/any.cc.o
#20 171.5 [220/356] Building CXX object third_party/protobuf/cmake/CMakeFiles/libprotobuf.dir/__/src/google/protobuf/any.pb.cc.o
#20 174.0 [221/356] Building CXX object third_party/protobuf/cmake/CMakeFiles/libprotobuf.dir/__/src/google/protobuf/api.pb.cc.o
#20 174.1 [222/356] Building CXX object third_party/protobuf/cmake/CMakeFiles/libprotobuf.dir/__/src/google/protobuf/compiler/importer.cc.o
#20 175.0 [223/356] Building CXX object third_party/protobuf/cmake/CMakeFiles/libprotobuf.dir/__/src/google/protobuf/duration.pb.cc.o
#20 178.3 [224/356] Building CXX object third_party/protobuf/cmake/CMakeFiles/libprotobuf.dir/__/src/google/protobuf/empty.pb.cc.o
#20 178.3 [225/356] Building CXX object third_party/protobuf/cmake/CMakeFiles/libprotobuf.dir/__/src/google/protobuf/dynamic_message.cc.o
#20 179.7 [226/356] Building CXX object third_party/protobuf/cmake/CMakeFiles/libprotobuf.dir/__/src/google/protobuf/field_mask.pb.cc.o
#20 179.7 [227/356] Building CXX object third_party/protobuf/cmake/CMakeFiles/libprotobuf.dir/__/src/google/protobuf/io/gzip_stream.cc.o
#20 180.7 [228/356] Building CXX object third_party/protobuf/cmake/CMakeFiles/libprotobuf.dir/__/src/google/protobuf/descriptor_database.cc.o
#20 181.0 [229/356] Building CXX object third_party/protobuf/cmake/CMakeFiles/libprotobuf.dir/__/src/google/protobuf/extension_set_heavy.cc.o
#20 181.3 [230/356] Building CXX object third_party/protobuf/cmake/CMakeFiles/libprotobuf.dir/__/src/google/protobuf/compiler/parser.cc.o
#20 184.4 [231/356] Building CXX object third_party/protobuf/cmake/CMakeFiles/libprotobuf.dir/__/src/google/protobuf/io/printer.cc.o
#20 185.2 [232/356] Building CXX object third_party/protobuf/cmake/CMakeFiles/libprotobuf.dir/__/src/google/protobuf/io/tokenizer.cc.o
#20 187.6 [233/356] Building CXX object third_party/protobuf/cmake/CMakeFiles/libprotobuf.dir/__/src/google/protobuf/service.cc.o
#20 188.7 [234/356] Building CXX object third_party/protobuf/cmake/CMakeFiles/libprotobuf.dir/__/src/google/protobuf/map_field.cc.o
#20 190.5 [235/356] Building CXX object third_party/protobuf/cmake/CMakeFiles/libprotobuf.dir/__/src/google/protobuf/reflection_ops.cc.o
#20 190.5 [236/356] Building CXX object third_party/protobuf/cmake/CMakeFiles/libprotobuf.dir/__/src/google/protobuf/message.cc.o
#20 191.2 [237/356] Building CXX object third_party/protobuf/cmake/CMakeFiles/libprotobuf.dir/__/src/google/protobuf/generated_message_table_driven.cc.o
#20 191.3 [238/356] Building CXX object third_party/protobuf/cmake/CMakeFiles/libprotobuf.dir/__/src/google/protobuf/generated_message_reflection.cc.o
#20 192.1 [239/356] Building CXX object third_party/protobuf/cmake/CMakeFiles/libprotobuf.dir/__/src/google/protobuf/source_context.pb.cc.o
#20 192.9 [240/356] Building CXX object third_party/protobuf/cmake/CMakeFiles/libprotobuf.dir/__/src/google/protobuf/stubs/mathlimits.cc.o
#20 193.5 [241/356] Building CXX object third_party/protobuf/cmake/CMakeFiles/libprotobuf.dir/__/src/google/protobuf/stubs/substitute.cc.o
#20 195.8 [242/356] Building CXX object third_party/protobuf/cmake/CMakeFiles/libprotobuf.dir/__/src/google/protobuf/timestamp.pb.cc.o
#20 196.4 [243/356] Building CXX object third_party/protobuf/cmake/CMakeFiles/libprotobuf.dir/__/src/google/protobuf/descriptor.pb.cc.o
#20 196.5 [244/356] Building CXX object third_party/protobuf/cmake/CMakeFiles/libprotobuf.dir/__/src/google/protobuf/util/delimited_message_util.cc.o
#20 197.9 [245/356] Building CXX object third_party/protobuf/cmake/CMakeFiles/libprotobuf.dir/__/src/google/protobuf/unknown_field_set.cc.o
#20 199.8 [246/356] Building CXX object third_party/protobuf/cmake/CMakeFiles/libprotobuf.dir/__/src/google/protobuf/struct.pb.cc.o
#20 200.4 [247/356] Building CXX object third_party/protobuf/cmake/CMakeFiles/libprotobuf.dir/__/src/google/protobuf/util/field_comparator.cc.o
#20 201.1 [248/356] Building CXX object third_party/protobuf/cmake/CMakeFiles/libprotobuf.dir/__/src/google/protobuf/type.pb.cc.o
#20 202.6 [249/356] Building CXX object third_party/protobuf/cmake/CMakeFiles/libprotobuf.dir/__/src/google/protobuf/util/internal/error_listener.cc.o
#20 203.5 [250/356] Building CXX object third_party/protobuf/cmake/CMakeFiles/libprotobuf.dir/__/src/google/protobuf/util/field_mask_util.cc.o
#20 204.1 [251/356] Building CXX object third_party/protobuf/cmake/CMakeFiles/libprotobuf.dir/__/src/google/protobuf/util/internal/json_escaping.cc.o
#20 204.4 [252/356] Building CXX object third_party/protobuf/cmake/CMakeFiles/libprotobuf.dir/__/src/google/protobuf/util/internal/datapiece.cc.o
#20 206.0 [253/356] Building CXX object third_party/protobuf/cmake/CMakeFiles/libprotobuf.dir/__/src/google/protobuf/util/internal/field_mask_utility.cc.o
#20 206.9 [254/356] Building CXX object third_party/protobuf/cmake/CMakeFiles/libprotobuf.dir/__/src/google/protobuf/text_format.cc.o
#20 207.0 [255/356] Building CXX object third_party/protobuf/cmake/CMakeFiles/libprotobuf.dir/__/src/google/protobuf/util/internal/default_value_objectwriter.cc.o
#20 207.4 [256/356] Building CXX object third_party/protobuf/cmake/CMakeFiles/libprotobuf.dir/__/src/google/protobuf/util/internal/json_objectwriter.cc.o
#20 208.2 [257/356] Building CXX object third_party/protobuf/cmake/CMakeFiles/libprotobuf.dir/__/src/google/protobuf/util/internal/object_writer.cc.o
#20 208.8 [258/356] Building CXX object third_party/protobuf/cmake/CMakeFiles/libprotobuf.dir/__/src/google/protobuf/util/internal/json_stream_parser.cc.o
#20 212.4 [259/356] Building CXX object third_party/protobuf/cmake/CMakeFiles/libprotobuf.dir/__/src/google/protobuf/util/internal/type_info_test_helper.cc.o
#20 212.8 [260/356] Building CXX object third_party/protobuf/cmake/CMakeFiles/libprotobuf.dir/__/src/google/protobuf/descriptor.cc.o
#20 213.1 [261/356] Building CXX object third_party/protobuf/cmake/CMakeFiles/libprotobuf.dir/__/src/google/protobuf/util/internal/proto_writer.cc.o
#20 213.5 [262/356] Building CXX object third_party/protobuf/cmake/CMakeFiles/libprotobuf.dir/__/src/google/protobuf/util/internal/type_info.cc.o
#20 214.4 [263/356] Building CXX object third_party/protobuf/cmake/CMakeFiles/libprotobuf.dir/__/src/google/protobuf/util/internal/protostream_objectsource.cc.o
#20 214.4 [264/356] Building CXX object third_party/protobuf/cmake/CMakeFiles/libprotobuf.dir/__/src/google/protobuf/util/json_util.cc.o
#20 214.8 [265/356] Building CXX object third_party/protobuf/cmake/CMakeFiles/libprotobuf.dir/__/src/google/protobuf/util/internal/utility.cc.o
#20 214.8 [266/356] Building C object third_party/zlib/CMakeFiles/minigzip.dir/test/minigzip.o
#20 214.8 FAILED: third_party/zlib/CMakeFiles/minigzip.dir/test/minigzip.o 
#20 214.8 /usr/local/bin/clang -DUSE_RE2 -D_LARGEFILE64_SOURCE=1 -D_LIBCXXABI_FUNC_VIS="" -I/src/bloaty/third_party/re2 -I/src/bloaty/third_party/capstone/include -I/work/third_party/zlib -I/src/bloaty -isystem /src/bloaty/third_party/protobuf/src -DFUZZING_BUILD_MODE_UNSAFE_FOR_PRODUCTION -pthread -Wl,--no-as-needed -Wl,-ldl -Wl,-lm -Wno-unused-command-line-argument -O3 -fsanitize-coverage=trace-pc-guard -O2 -g -DNDEBUG -MD -MT third_party/zlib/CMakeFiles/minigzip.dir/test/minigzip.o -MF third_party/zlib/CMakeFiles/minigzip.dir/test/minigzip.o.d -o third_party/zlib/CMakeFiles/minigzip.dir/test/minigzip.o -c /src/bloaty/third_party/zlib/test/minigzip.c
#20 214.8 /src/bloaty/third_party/zlib/test/minigzip.c:18:10: fatal error: 'zlib.h' file not found
#20 214.8 #include "zlib.h"
#20 214.8          ^~~~~~~~
#20 214.8 1 error generated.
#20 216.8 [267/356] Building CXX object third_party/protobuf/cmake/CMakeFiles/libprotobuf.dir/__/src/google/protobuf/util/internal/protostream_objectwriter.cc.o
#20 217.3 [268/356] Building CXX object third_party/protobuf/cmake/CMakeFiles/protoc.dir/__/src/google/protobuf/compiler/main.cc.o
#20 217.5 [269/356] Building CXX object third_party/protobuf/cmake/CMakeFiles/libprotobuf.dir/__/src/google/protobuf/util/time_util.cc.o
#20 218.8 [270/356] Building CXX object third_party/protobuf/cmake/CMakeFiles/libprotobuf.dir/__/src/google/protobuf/util/type_resolver_util.cc.o
#20 219.1 [271/356] Building CXX object third_party/protobuf/cmake/CMakeFiles/libprotobuf.dir/__/src/google/protobuf/wrappers.pb.cc.o
#20 221.8 [272/356] Building CXX object third_party/protobuf/cmake/CMakeFiles/libprotobuf.dir/__/src/google/protobuf/wire_format.cc.o
#20 222.9 [273/356] Building CXX object third_party/protobuf/cmake/CMakeFiles/libprotobuf.dir/__/src/google/protobuf/util/message_differencer.cc.o
#20 222.9 ninja: build stopped: subcommand failed.
#20 222.9 Traceback (most recent call last):
#20 222.9   File "<string>", line 1, in <module>
#20 222.9   File "/src/fuzzers/afl/fuzzer.py", line 40, in build
#20 222.9     utils.build_benchmark()
#20 222.9   File "/src/fuzzers/utils.py", line 82, in build_benchmark
#20 222.9     subprocess.check_call(['/bin/bash', '-ex', build_script], env=env)
#20 222.9   File "/usr/local/lib/python3.8/subprocess.py", line 364, in check_call
#20 222.9     raise CalledProcessError(retcode, cmd)
#20 222.9 subprocess.CalledProcessError: Command '['/bin/bash', '-ex', '/src/build.sh']' returned non-zero exit status 1.
#20 ERROR: executor failed running [/bin/sh -c echo "Run fuzzer_build to build the target" && if [ -z "$debug_builder" ] ; then fuzzer_build; fi]: exit code: 1
------
 > importing cache manifest from gcr.io/fuzzbench/builders/afl/bloaty_bloaty:
------
------
 > [stage-1 13/13] RUN echo "Run fuzzer_build to build the target" && if [ -z "$debug_builder" ] ; then fuzzer_build; fi:
------
executor failed running [/bin/sh -c echo "Run fuzzer_build to build the target" && if [ -z "$debug_builder" ] ; then fuzzer_build; fi]: exit code: 1
make: *** [docker/generated.mk:2672308: .afl-bloaty_bloaty-builder] Error 1
/bin/sh: 1: source: not found
#1 [internal] load build definition from Dockerfile
#1 sha256:bcfe271738c7262b175c431e99dccacfc0c5a25b221016d5bc4eab8a5ea9216f
#1 transferring dockerfile: 32B done
#1 DONE 0.0s

#2 [internal] load .dockerignore
#2 sha256:66de2836894872444e536ba984cadf5f707a29baea9bf4d273425c982b6ea191
#2 transferring context: 2B done
#2 DONE 0.0s

#3 [internal] load metadata for gcr.io/oss-fuzz-base/base-builder:latest
#3 sha256:f10dc39cc9d418a5bc416dead31a1902b6821fdae909cd3b08f7a3fd1faba7b5
#3 DONE 0.4s

#5 [1/5] FROM gcr.io/oss-fuzz-base/base-builder@sha256:f4e5ea12494fab091c5d830cf803b3421f2860f729b9d1b07da44924396cf8cf
#5 sha256:ef290950573a2779ee526af357b28fbddfc20d7409aa51f58f777c9e972cba29
#5 DONE 0.0s

#4 importing cache manifest from gcr.io/fuzzbench/builders/benchmark/bloaty_bloaty
#4 sha256:b7aa0be7cb2f342e6cf502669c40f13f41527c482d942d42adddb668e361a316
#4 DONE 0.0s

#9 [internal] load build context
#9 sha256:607522c5aaafa3ed4ad5fee82a7319b1be39ca2817e2dedcdd4897e28b84d1b5
#9 transferring context: 30B done
#9 DONE 0.0s

#7 [3/5] RUN git clone --depth 1 https://github.com/google/bloaty.git bloaty
#7 sha256:711b050ff5646e79a91c08d41374bbbea9ed8e7fe5dd645cb48ffc3920bb9e04
#7 CACHED

#8 [4/5] WORKDIR bloaty
#8 sha256:42b05e7c322f3aa6e298578c0e216bd71ec9b1e355080787919b1e08ff4a873e
#8 CACHED

#6 [2/5] RUN apt-get update && apt-get install -y cmake ninja-build g++
#6 sha256:dc3bc3ffcd325de26412a694a8944fd0393d8e118bcf05c25932b0dbf83b1338
#6 CACHED

#10 [5/5] COPY build.sh /src/
#10 sha256:d280a90fa575ae15b9ed1f586fc2dd6d4f3394e160571ce2c1e5ef941dabb65a
#10 CACHED

#11 exporting to image
#11 sha256:e8c613e07b0b7ff33893b694f7759a10d42e180f2b4dc349fb57dc6b71dcab00
#11 exporting layers done
#11 writing image sha256:36a4315674c2ec13a8ea8803509783c82ae53e1dfea034892ee2068f0e608c4e
#11 writing image sha256:36a4315674c2ec13a8ea8803509783c82ae53e1dfea034892ee2068f0e608c4e 0.0s done
#11 naming to gcr.io/fuzzbench/builders/benchmark/bloaty_bloaty done
#11 DONE 0.1s

#12 exporting cache
#12 sha256:2700d4ef94dee473593c5c614b55b2dedcca7893909811a8f2b48291a1f581e4
#12 preparing build cache for export done
#12 DONE 0.0s
#1 [internal] load build definition from builder.Dockerfile
#1 sha256:5b76229fbbd0bdfae24e6133d470c643f6c56c593a47447893f35a1593e4b099
#1 transferring dockerfile: 46B done
#1 DONE 0.0s

#2 [internal] load .dockerignore
#2 sha256:095be31e8164b827f63bb38e18b4e8cc53cbdb20740ea729adb10ac035ba12cd
#2 transferring context: 2B done
#2 DONE 0.0s

#3 [internal] load metadata for gcr.io/fuzzbench/builders/benchmark/bloaty_bloaty:latest
#3 sha256:5ca45e47aa4a63dc7020fcc3e34584f7b001e78567410d2d068068db768e7aa8
#3 DONE 0.0s

#4 importing cache manifest from gcr.io/fuzzbench/builders/afl/bloaty_bloaty-intermediate
#4 sha256:3c2a6ec70b27d0d8404b168e9175d8680eb414f5cd6fa9acc9e428add7f3659f
#4 DONE 0.0s

#5 [1/3] FROM gcr.io/fuzzbench/builders/benchmark/bloaty_bloaty
#5 sha256:0d85986fe63012022a6b4fa0f55bac4442646bd250e5b22e33feb55d78a5ab2d
#5 DONE 0.0s

#6 [2/3] RUN git clone https://github.com/google/AFL.git /afl &&     cd /afl &&     git checkout 61037103ae3722c8060ff7082994836a794f978e &&     AFL_NO_X86=1 make
#6 sha256:4dbdb50a6028702636b7ee363ca56f949ded7e8dac20ba3fca2cdd60d21d4f08
#6 CACHED

#7 [3/3] RUN apt-get update &&     apt-get install wget -y &&     wget https://raw.githubusercontent.com/llvm/llvm-project/5feb80e748924606531ba28c97fe65145c65372e/compiler-rt/lib/fuzzer/afl/afl_driver.cpp -O /afl/afl_driver.cpp &&     clang -Wno-pointer-sign -c /afl/llvm_mode/afl-llvm-rt.o.c -I/afl &&     clang++ -stdlib=libc++ -std=c++11 -O2 -c /afl/afl_driver.cpp &&     ar r /libAFL.a *.o
#7 sha256:8ffeed4b35fdad864a27419b7366c881f098a0a50480a86ca40fb35928d900e7
#7 CACHED

#8 exporting to image
#8 sha256:e8c613e07b0b7ff33893b694f7759a10d42e180f2b4dc349fb57dc6b71dcab00
#8 exporting layers done
#8 writing image sha256:b726dd78a0fa96f6b8aa76edef4daad206c6f12a488c737a72765fc8ed71b7cc done
#8 naming to gcr.io/fuzzbench/builders/afl/bloaty_bloaty-intermediate done
#8 DONE 0.1s

#9 exporting cache
#9 sha256:2700d4ef94dee473593c5c614b55b2dedcca7893909811a8f2b48291a1f581e4
#9 preparing build cache for export done
#9 DONE 0.0s
#1 [internal] load build definition from Dockerfile
#1 sha256:ceae8c707848475a7c8d13fa3a763d16a47faaeb87232bdfa785797f0438f7ba
#1 transferring dockerfile: 2.00kB done
#1 DONE 0.0s

#2 [internal] load .dockerignore
#2 sha256:3245fd228b66c9922607dd5830e749b747fa49f3614bdb5d70b86a754d59b1ef
#2 transferring context: 34B done
#2 DONE 0.0s

#3 [internal] load metadata for docker.io/library/ubuntu:xenial
#3 sha256:f62bae18ed588840f045c881b2502661f2a89578a2f8f99b83f5200ee83dd25b
#3 DONE 0.0s

#5 [1/7] FROM docker.io/library/ubuntu:xenial
#5 sha256:14dd403f25ae9e519bd44f27dc17af7ce80f5a4f9f48ca88108364e67ec5d360
#5 DONE 0.0s

#4 importing cache manifest from gcr.io/fuzzbench/base-image
#4 sha256:9b220ebb4d4daceed1b96df9b6dca076e762f1cd612574f010b82d5b9e5ad896
#4 DONE 0.0s

#8 [internal] load build context
#8 sha256:a69753a13d37023fa4116be80a75c08a746f45902b6e1fa76c45c5494764d6e1
#8 transferring context: 559B 0.0s done
#8 DONE 0.0s

#11 [6/7] RUN apt-get update -y && apt-get install -y     apt-transport-https     lsb-release
#11 sha256:64c0f7cdda2097eb0a8d34692472e69ae91edd4fd147b136fc3347469c565b76
#11 CACHED

#7 [3/7] RUN cd /tmp/ &&     curl -O https://www.python.org/ftp/python/3.8.6/Python-3.8.6.tar.xz &&     tar -xvf Python-3.8.6.tar.xz &&     cd Python-3.8.6 &&     ./configure --enable-loadable-sqlite-extensions --enable-optimizations &&     make -j install &&     rm -r /tmp/Python-3.8.6.tar.xz /tmp/Python-3.8.6
#7 sha256:c5b9d1fb3371e84dbc60b76e7b2f8d5913bc93bcd4910ab65daa03e7b2ec4bb0
#7 CACHED

#6 [2/7] RUN apt-get update -y && apt-get install -y     build-essential     rsync     curl     zlib1g-dev     libncurses5-dev     libgdbm-dev     libnss3-dev     libssl-dev     libreadline-dev     libffi-dev     virtualenv     libbz2-dev     liblzma-dev     libsqlite3-dev
#6 sha256:3a1b0960f17eed529eaae93dc8fd3554f2743dd584d8fa569cdbe6bc734371ac
#6 CACHED

#10 [5/7] RUN pip3 install -r /requirements.txt
#10 sha256:510b0cd25fd9f36cf77c1df4fcbf70932ce72cbdc1e5e306bb2d7fa479f3e443
#10 CACHED

#9 [4/7] COPY ./requirements.txt /
#9 sha256:3e1b635ab72ebe1479eac7fd2d9abf5d11b85627f76ed5579978d75864fc30a3
#9 CACHED

#12 [7/7] RUN CLOUD_SDK_REPO="cloud-sdk-$(lsb_release -c -s)" &&     echo "deb https://packages.cloud.google.com/apt $CLOUD_SDK_REPO main"     | tee -a /etc/apt/sources.list.d/google-cloud-sdk.list &&     curl https://packages.cloud.google.com/apt/doc/apt-key.gpg     | apt-key add - &&     apt-get update -y &&     apt-get install -y google-cloud-sdk
#12 sha256:c16ab7fa4c672f5b10fa6c2e5411f9d53f9fd37d59216a5c257e3aa0e8c0c0f9
#12 CACHED

#13 exporting to image
#13 sha256:e8c613e07b0b7ff33893b694f7759a10d42e180f2b4dc349fb57dc6b71dcab00
#13 exporting layers done
#13 writing image sha256:1b41dae4427763f93f7c63356068c8d0b6b6eda4730248e26cddeebab7c25a95 done
#13 naming to gcr.io/fuzzbench/base-image done
#13 DONE 0.0s

#14 exporting cache
#14 sha256:2700d4ef94dee473593c5c614b55b2dedcca7893909811a8f2b48291a1f581e4
#14 preparing build cache for export done
#14 DONE 0.0s
#1 [internal] load build definition from Dockerfile
#1 sha256:5ceb37030a8d4611a140e466b42660e5f70816657b415ba9bf6f589aee230178
#1 transferring dockerfile: 2.22kB done
#1 DONE 0.0s

#2 [internal] load .dockerignore
#2 sha256:4bb056fcea9165375de0d3bcdd38fb3e24a995c67b8edc65c72a4d9e66e7f8fd
#2 transferring context: 34B done
#2 DONE 0.0s

#4 [internal] load metadata for gcr.io/fuzzbench/base-image:latest
#4 sha256:932022888f650cc455b10eb5123bb08c0cccacac29a693e69314abbfd28a72c3
#4 DONE 0.0s

#3 [internal] load metadata for gcr.io/fuzzbench/builders/afl/bloaty_bloaty-intermediate:latest
#3 sha256:136fd587a10bfdcd02deaacfea788b613d9147c4de32a3cdd90e0fce72ed3bc9
#3 DONE 0.0s

#12 [internal] load build context
#12 sha256:8308db0718172fe1f12d74edbb1d80afb12087eba75902e7913feca443a3c06e
#12 DONE 0.0s

#7 [base-image 1/1] FROM gcr.io/fuzzbench/base-image
#7 sha256:4d07825694520f8b6f6a0d8592dbd345433361ae044cb7f06706c5a95e3daaad
#7 DONE 0.0s

#6 [stage-1  1/13] FROM gcr.io/fuzzbench/builders/afl/bloaty_bloaty-intermediate
#6 sha256:f41f67ccf5593cc552c44ddafc0c3172a1b52abc25df7cb99fddedd29db8271a
#6 DONE 0.0s

#5 importing cache manifest from gcr.io/fuzzbench/builders/afl/bloaty_bloaty
#5 sha256:1da0833708728e9bc7f8c4845bd446bc48493b3fa07696a3cba692c1ca9b4243
#5 ERROR: gcr.io/fuzzbench/builders/afl/bloaty_bloaty:latest: not found

#12 [internal] load build context
#12 sha256:8308db0718172fe1f12d74edbb1d80afb12087eba75902e7913feca443a3c06e
#12 transferring context: 669.86kB 0.1s done
#12 DONE 0.1s

#11 [stage-1  5/13] COPY --from=base-image /usr/local/lib/python3.8/site-packages /usr/local/lib/python3.8/site-packages
#11 sha256:d5c3fb4c4bb68c05f50ab6064d6c8f32f1a75f70277e7d180e8b9cae25bd3458
#11 CACHED

#8 [stage-1  2/13] COPY --from=base-image /usr/local/bin/python3* /usr/local/bin/
#8 sha256:0fa1c86b016064b8a809a5f12f64fc9ae7c109a4a81144e94c2129ceb6542f6b
#8 CACHED

#10 [stage-1  4/13] COPY --from=base-image /usr/local/include/python3.8 /usr/local/include/python3.8
#10 sha256:797db143817eecc24ba0fed317d060125efc234b2122b7e464631d47c2d24c27
#10 CACHED

#14 [stage-1  7/13] RUN touch /src/__init__.py
#14 sha256:5c9b56b98861638697882e67a899abb0ed224f4a883edce343c054f9c9e89cc2
#14 CACHED

#18 [stage-1 11/13] RUN export CHECKOUT_COMMIT=$(cat /benchmark.yaml | tr -d ' ' | grep 'commit:' | cut -d ':' -f2) &&     python3 -u /opt/fuzzbench/checkout_commit.py $CHECKOUT_COMMIT /src
#18 sha256:9664c47c8de7a2644c1e3f4299ad685ebc4297b9bd145415a8d3a817c8122062
#18 CACHED

#9 [stage-1  3/13] COPY --from=base-image /usr/local/lib/python3.8 /usr/local/lib/python3.8
#9 sha256:b462d4e5911566fe2018d00d5206a52ac99954e8dd37bb7808b280346a97d6e1
#9 CACHED

#13 [stage-1  6/13] COPY fuzzers /src/fuzzers
#13 sha256:853b3c075648fe72b7157bdfad558049c0a74d33033f9df85e65be70103c8f3f
#13 CACHED

#15 [stage-1  8/13] COPY benchmarks/bloaty_bloaty/benchmark.yaml /
#15 sha256:ccab3b1f1a748875f5755b2a33f9e2ca05c3284b9beb076b0f7ac677c8cc7027
#15 CACHED

#16 [stage-1  9/13] RUN mkdir /opt/fuzzbench/
#16 sha256:421e5c7888b94180f0ca310042556da0dd416017ff8f0a94b8c484f7f650318c
#16 CACHED

#17 [stage-1 10/13] COPY docker/benchmark-builder/checkout_commit.py /opt/fuzzbench/
#17 sha256:8796429bc66c817f469b7eed92669f2cc8a13d6cd1ec8152fa5fca4aec503a79
#17 CACHED

#19 [stage-1 12/13] RUN echo "#!/bin/bash\nPYTHONPATH=/src python3 -u -c "from fuzzers import utils; utils.initialize_env(); from fuzzers.afl import fuzzer; fuzzer.build()"" > /usr/bin/fuzzer_build &&     chmod +x /usr/bin/fuzzer_build
#19 sha256:deb55652913e45dd5c4ccfe1bdcd7f4d7580f176b49c09cc8e94adcba6a0bf71
#19 CACHED

#20 [stage-1 13/13] RUN echo "Run fuzzer_build to build the target" && if [ -z "$debug_builder" ] ; then fuzzer_build; fi
#20 sha256:cb634c38646860319c8b469c58a8b1a5d033472e93fc5bf7781454cc22675faf
#20 0.340 Run fuzzer_build to build the target
#20 0.453 FUZZ_TARGET = bloaty
#20 0.453 CFLAGS = -DFUZZING_BUILD_MODE_UNSAFE_FOR_PRODUCTION -pthread -Wl,--no-as-needed -Wl,-ldl -Wl,-lm -Wno-unused-command-line-argument -O3
#20 0.453 CXXFLAGS = -DFUZZING_BUILD_MODE_UNSAFE_FOR_PRODUCTION -pthread -Wl,--no-as-needed -Wl,-ldl -Wl,-lm -Wno-unused-command-line-argument -stdlib=libc++ -O3
#20 0.457 Building benchmark bloaty_bloaty with fuzzer afl
#20 0.461 + cd /work
#20 0.461 + cmake -G Ninja -DBUILD_TESTING=false /src/bloaty
#20 0.661 -- The C compiler identification is Clang 14.0.0
#20 0.905 -- The CXX compiler identification is Clang 14.0.0
#20 0.916 -- Detecting C compiler ABI info
#20 1.068 -- Detecting C compiler ABI info - done
#20 1.123 -- Check for working C compiler: /usr/local/bin/clang - skipped
#20 1.123 -- Detecting C compile features
#20 1.124 -- Detecting C compile features - done
#20 1.130 -- Detecting CXX compiler ABI info
#20 1.314 -- Detecting CXX compiler ABI info - done
#20 1.379 -- Check for working CXX compiler: /usr/local/bin/clang++ - skipped
#20 1.380 -- Detecting CXX compile features
#20 1.381 -- Detecting CXX compile features - done
#20 1.388 -- Could NOT find PkgConfig (missing: PKG_CONFIG_EXECUTABLE) 
#20 1.403 -- Could NOT find ZLIB (missing: ZLIB_LIBRARY ZLIB_INCLUDE_DIR) 
#20 1.403 -- Checking for one of the modules 're2'
#20 1.404 -- Checking for one of the modules 'capstone'
#20 1.405 -- Checking for one of the modules 'protobuf'
#20 1.405 -- System re2 not found, using bundled version
#20 1.405 -- System capstone not found, using bundled version
#20 1.405 -- System protobuf not found, using bundled version
#20 1.405 -- System zlib not found, using bundled version
#20 1.405 -- Setting build type to 'RelWithDebInfo' as none was specified.
#20 1.445 Submodule 'third_party/abseil-cpp' (https://github.com/abseil/abseil-cpp.git) registered for path 'third_party/abseil-cpp'
#20 1.445 Submodule 'third_party/capstone' (https://github.com/aquynh/capstone.git) registered for path 'third_party/capstone'
#20 1.446 Submodule 'third_party/demumble' (https://github.com/nico/demumble.git) registered for path 'third_party/demumble'
#20 1.447 Submodule 'third_party/googletest' (https://github.com/google/googletest.git) registered for path 'third_party/googletest'
#20 1.447 Submodule 'third_party/protobuf' (https://github.com/protocolbuffers/protobuf.git) registered for path 'third_party/protobuf'
#20 1.448 Submodule 'third_party/re2' (https://github.com/google/re2) registered for path 'third_party/re2'
#20 1.449 Submodule 'third_party/zlib' (https://github.com/madler/zlib) registered for path 'third_party/zlib'
#20 1.456 Cloning into '/src/bloaty/third_party/abseil-cpp'...
#20 3.285 Cloning into '/src/bloaty/third_party/capstone'...
#20 14.02 Cloning into '/src/bloaty/third_party/demumble'...
#20 14.61 Cloning into '/src/bloaty/third_party/googletest'...
#20 18.64 Cloning into '/src/bloaty/third_party/protobuf'...
#20 29.77 Cloning into '/src/bloaty/third_party/re2'...
#20 31.06 Cloning into '/src/bloaty/third_party/zlib'...
#20 32.30 Submodule path 'third_party/abseil-cpp': checked out '5dd240724366295970c613ed23d0092bcf392f18'
#20 32.65 Submodule path 'third_party/capstone': checked out '852f46a467cb37559a1f3a18bd45d5ca8c6fc5e7'
#20 32.69 Submodule path 'third_party/demumble': checked out '01098eab821b33bd31b9778aea38565cd796aa85'
#20 32.81 Submodule path 'third_party/googletest': checked out '565f1b848215b77c3732bca345fe76a0431d8b34'
#20 33.30 Submodule path 'third_party/protobuf': checked out 'bc1773c42c9c3c522145a3119e989e0dff2a8d54'
#20 33.31 Submodule 'third_party/benchmark' (https://github.com/google/benchmark.git) registered for path 'third_party/protobuf/third_party/benchmark'
#20 33.31 Submodule 'third_party/googletest' (https://github.com/google/googletest.git) registered for path 'third_party/protobuf/third_party/googletest'
#20 33.31 Cloning into '/src/bloaty/third_party/protobuf/third_party/benchmark'...
#20 34.43 Cloning into '/src/bloaty/third_party/protobuf/third_party/googletest'...
#20 38.38 Submodule path 'third_party/protobuf/third_party/benchmark': checked out '5b7683f49e1e9223cf9927b24f6fd3d6bd82e3f8'
#20 38.52 Submodule path 'third_party/protobuf/third_party/googletest': checked out '5ec7f0c4a113e2f18ac2c6cc7df51ad6afc24081'
#20 38.58 Submodule path 'third_party/re2': checked out '5bd613749fd530b576b890283bfb6bc6ea6246cb'
#20 38.66 Submodule path 'third_party/zlib': checked out 'cacf7f1d4e3d44d871b605da3b647f07d718623f'
#20 38.68 -- Looking for pthread.h
#20 38.84 -- Looking for pthread.h - found
#20 38.84 -- Performing Test CMAKE_HAVE_LIBC_PTHREAD
#20 39.02 -- Performing Test CMAKE_HAVE_LIBC_PTHREAD - Success
#20 39.02 -- Found Threads: TRUE  
#20 39.03 CMake Deprecation Warning at third_party/capstone/CMakeLists.txt:1 (cmake_minimum_required):
#20 39.03   Compatibility with CMake < 2.8.12 will be removed from a future version of
#20 39.03   CMake.
#20 39.03 
#20 39.03   Update the VERSION argument <min> value or use a ...<max> suffix to tell
#20 39.03   CMake that the project does not need compatibility with older versions.
#20 39.03 
#20 39.03 
#20 39.03 CMake Warning (dev) at third_party/capstone/CMakeLists.txt:2 (project):
#20 39.03   Policy CMP0048 is not set: project() command manages VERSION variables.
#20 39.03   Run "cmake --help-policy CMP0048" for policy details.  Use the cmake_policy
#20 39.03   command to set the policy and suppress this warning.
#20 39.03 
#20 39.03   The following variable(s) would be set to empty:
#20 39.03 
#20 39.03     PROJECT_VERSION
#20 39.03     PROJECT_VERSION_MAJOR
#20 39.03     PROJECT_VERSION_MINOR
#20 39.03 This warning is for project developers.  Use -Wno-dev to suppress it.
#20 39.03 
#20 39.03 CMake Deprecation Warning at third_party/capstone/CMakeLists.txt:18 (cmake_policy):
#20 39.03   The OLD behavior for policy CMP0048 will be removed from a future version
#20 39.03   of CMake.
#20 39.03 
#20 39.03   The cmake-policies(7) manual explains that the OLD behaviors of all
#20 39.03   policies are deprecated and that a policy should be set to OLD only under
#20 39.03   specific short-term circumstances.  Projects should be ported to the NEW
#20 39.03   behavior and not rely on setting a policy to OLD.
#20 39.03 
#20 39.03 
#20 39.03 Enabling CAPSTONE_ARM_SUPPORT
#20 39.03 Enabling CAPSTONE_ARM64_SUPPORT
#20 39.03 Enabling CAPSTONE_M68K_SUPPORT
#20 39.03 Enabling CAPSTONE_MIPS_SUPPORT
#20 39.03 Enabling CAPSTONE_PPC_SUPPORT
#20 39.03 Enabling CAPSTONE_SPARC_SUPPORT
#20 39.03 Enabling CAPSTONE_SYSZ_SUPPORT
#20 39.03 Enabling CAPSTONE_XCORE_SUPPORT
#20 39.03 Enabling CAPSTONE_X86_SUPPORT
#20 39.03 Enabling CAPSTONE_TMS320C64X_SUPPORT
#20 39.03 Enabling CAPSTONE_M680X_SUPPORT
#20 39.03 Enabling CAPSTONE_EVM_SUPPORT
#20 39.03 Enabling CAPSTONE_MOS65XX_SUPPORT
#20 39.04 -- 
#20 39.04 -- 3.9.1.0
#20 39.05 -- Could NOT find ZLIB (missing: ZLIB_LIBRARY ZLIB_INCLUDE_DIR) 
#20 39.05 -- Performing Test protobuf_HAVE_BUILTIN_ATOMICS
#20 39.46 -- Performing Test protobuf_HAVE_BUILTIN_ATOMICS - Success
#20 39.49 CMake Deprecation Warning at third_party/zlib/CMakeLists.txt:1 (cmake_minimum_required):
#20 39.49   Compatibility with CMake < 2.8.12 will be removed from a future version of
#20 39.49   CMake.
#20 39.49 
#20 39.49   Update the VERSION argument <min> value or use a ...<max> suffix to tell
#20 39.49   CMake that the project does not need compatibility with older versions.
#20 39.49 
#20 39.49 
#20 39.49 CMake Warning (dev) at third_party/zlib/CMakeLists.txt:4 (project):
#20 39.49   Policy CMP0048 is not set: project() command manages VERSION variables.
#20 39.49   Run "cmake --help-policy CMP0048" for policy details.  Use the cmake_policy
#20 39.49   command to set the policy and suppress this warning.
#20 39.49 
#20 39.49   The following variable(s) would be set to empty:
#20 39.49 
#20 39.49     PROJECT_VERSION
#20 39.49     PROJECT_VERSION_MAJOR
#20 39.49     PROJECT_VERSION_MINOR
#20 39.49 This warning is for project developers.  Use -Wno-dev to suppress it.
#20 39.49 
#20 39.50 -- Looking for sys/types.h
#20 39.65 -- Looking for sys/types.h - found
#20 39.65 -- Looking for stdint.h
#20 39.81 -- Looking for stdint.h - found
#20 39.81 -- Looking for stddef.h
#20 39.97 -- Looking for stddef.h - found
#20 39.98 -- Check size of off64_t
#20 40.17 -- Check size of off64_t - done
#20 40.17 -- Looking for fseeko
#20 40.33 -- Looking for fseeko - found
#20 40.33 -- Looking for unistd.h
#20 40.50 -- Looking for unistd.h - found
#20 40.50 -- Renaming
#20 40.50 --     /src/bloaty/third_party/zlib/zconf.h
#20 40.50 -- to 'zconf.h.included' because this file is included with zlib
#20 40.50 -- but CMake generates it automatically in the build directory.
#20 40.50 -- Performing Test SUPPORTS_COLOR_ALWAYS
#20 40.63 -- Performing Test SUPPORTS_COLOR_ALWAYS - Success
#20 40.63 LIB_FUZZING_ENGINE set, building fuzz_target instead of Bloaty
#20 40.63 -- Configuring done
#20 40.72 -- Generating done
#20 40.74 -- Build files have been written to: /work
#20 40.75 ++ nproc
#20 40.75 + ninja -j8
#20 43.95 [1/356] Building CXX object third_party/re2/CMakeFiles/re2.dir/re2/filtered_re2.cc.o
#20 43.96 [2/356] Building CXX object third_party/re2/CMakeFiles/re2.dir/re2/bitstate.cc.o
#20 43.99 [3/356] Building CXX object third_party/re2/CMakeFiles/re2.dir/re2/perl_groups.cc.o
#20 44.24 [4/356] Building CXX object third_party/re2/CMakeFiles/re2.dir/re2/mimics_pcre.cc.o
#20 44.58 [5/356] Building CXX object third_party/re2/CMakeFiles/re2.dir/re2/onepass.cc.o
#20 44.61 [6/356] Building CXX object third_party/re2/CMakeFiles/re2.dir/re2/nfa.cc.o
#20 46.65 [7/356] Building CXX object third_party/re2/CMakeFiles/re2.dir/re2/compile.cc.o
#20 47.02 [8/356] Building CXX object third_party/re2/CMakeFiles/re2.dir/re2/parse.cc.o
#20 48.13 [9/356] Building CXX object third_party/re2/CMakeFiles/re2.dir/re2/dfa.cc.o
#20 49.81 [10/356] Building CXX object third_party/re2/CMakeFiles/re2.dir/re2/prefilter.cc.o
#20 50.26 [11/356] Building CXX object third_party/re2/CMakeFiles/re2.dir/re2/prog.cc.o
#20 50.32 [12/356] Building CXX object third_party/re2/CMakeFiles/re2.dir/re2/unicode_casefold.cc.o
#20 50.36 [13/356] Building CXX object third_party/re2/CMakeFiles/re2.dir/re2/re2.cc.o
#20 50.42 [14/356] Building CXX object third_party/re2/CMakeFiles/re2.dir/re2/stringpiece.cc.o
#20 50.53 [15/356] Building CXX object third_party/re2/CMakeFiles/re2.dir/util/rune.cc.o
#20 50.58 [16/356] Building CXX object third_party/re2/CMakeFiles/re2.dir/re2/unicode_groups.cc.o
#20 50.67 [17/356] Building CXX object third_party/re2/CMakeFiles/re2.dir/re2/prefilter_tree.cc.o
#20 50.71 [18/356] Building C object third_party/capstone/CMakeFiles/capstone-static.dir/MCInstrDesc.c.o
#20 50.81 [19/356] Building C object third_party/capstone/CMakeFiles/capstone-static.dir/MCInst.c.o
#20 50.84 [20/356] Building C object third_party/capstone/CMakeFiles/capstone-static.dir/MCRegisterInfo.c.o
#20 51.02 [21/356] Building C object third_party/capstone/CMakeFiles/capstone-static.dir/SStream.c.o
#20 51.06 [22/356] Building C object third_party/capstone/CMakeFiles/capstone-static.dir/utils.c.o
#20 51.48 [23/356] Building C object third_party/capstone/CMakeFiles/capstone-static.dir/cs.c.o
#20 51.56 [24/356] Building CXX object third_party/re2/CMakeFiles/re2.dir/re2/set.cc.o
#20 51.72 [25/356] Building C object third_party/capstone/CMakeFiles/capstone-static.dir/arch/ARM/ARMModule.c.o
#20 51.84 [26/356] Building CXX object third_party/re2/CMakeFiles/re2.dir/re2/simplify.cc.o
#20 52.01 [27/356] Building C object third_party/capstone/CMakeFiles/capstone-static.dir/arch/AArch64/AArch64BaseInfo.c.o
#20 52.16 [28/356] Building CXX object third_party/re2/CMakeFiles/re2.dir/re2/regexp.cc.o
#20 52.24 [29/356] Building C object third_party/capstone/CMakeFiles/capstone-static.dir/arch/ARM/ARMMapping.c.o
#20 52.26 [30/356] Building CXX object third_party/re2/CMakeFiles/re2.dir/util/strutil.cc.o
#20 52.38 [31/356] Building C object third_party/capstone/CMakeFiles/capstone-static.dir/arch/AArch64/AArch64Module.c.o
#20 52.97 [32/356] Building C object third_party/capstone/CMakeFiles/capstone-static.dir/arch/AArch64/AArch64Mapping.c.o
#20 53.30 [33/356] Building C object third_party/capstone/CMakeFiles/capstone-static.dir/arch/Mips/MipsInstPrinter.c.o
#20 53.45 [34/356] Building C object third_party/capstone/CMakeFiles/capstone-static.dir/arch/Mips/MipsModule.c.o
#20 53.46 [35/356] Building C object third_party/capstone/CMakeFiles/capstone-static.dir/arch/Mips/MipsMapping.c.o
#20 54.16 [36/356] Building CXX object third_party/re2/CMakeFiles/re2.dir/re2/tostring.cc.o
#20 54.21 [37/356] Linking CXX static library third_party/re2/libre2.a
#20 54.25 [38/356] Building C object third_party/capstone/CMakeFiles/capstone-static.dir/arch/ARM/ARMInstPrinter.c.o
#20 54.41 [39/356] Building C object third_party/capstone/CMakeFiles/capstone-static.dir/arch/PowerPC/PPCModule.c.o
#20 54.72 [40/356] Building C object third_party/capstone/CMakeFiles/capstone-static.dir/arch/PowerPC/PPCMapping.c.o
#20 55.18 [41/356] Building C object third_party/capstone/CMakeFiles/capstone-static.dir/arch/PowerPC/PPCDisassembler.c.o
#20 55.54 [42/356] Building C object third_party/capstone/CMakeFiles/capstone-static.dir/arch/Mips/MipsDisassembler.c.o
#20 55.65 [43/356] Building C object third_party/capstone/CMakeFiles/capstone-static.dir/arch/X86/X86Disassembler.c.o
#20 55.81 [44/356] Building C object third_party/capstone/CMakeFiles/capstone-static.dir/arch/X86/X86Module.c.o
#20 56.57 [45/356] Building C object third_party/capstone/CMakeFiles/capstone-static.dir/arch/X86/X86IntelInstPrinter.c.o
#20 57.06 [46/356] Building C object third_party/capstone/CMakeFiles/capstone-static.dir/arch/AArch64/AArch64Disassembler.c.o
#20 57.39 [47/356] Building C object third_party/capstone/CMakeFiles/capstone-static.dir/arch/X86/X86ATTInstPrinter.c.o
#20 57.71 [48/356] Building C object third_party/capstone/CMakeFiles/capstone-static.dir/arch/Sparc/SparcMapping.c.o
#20 57.82 [49/356] Building C object third_party/capstone/CMakeFiles/capstone-static.dir/arch/Sparc/SparcDisassembler.c.o
#20 57.87 [50/356] Building C object third_party/capstone/CMakeFiles/capstone-static.dir/arch/Sparc/SparcModule.c.o
#20 58.39 [51/356] Building C object third_party/capstone/CMakeFiles/capstone-static.dir/arch/X86/X86Mapping.c.o
#20 58.61 [52/356] Building C object third_party/capstone/CMakeFiles/capstone-static.dir/arch/PowerPC/PPCInstPrinter.c.o
#20 58.77 [53/356] Building C object third_party/capstone/CMakeFiles/capstone-static.dir/arch/SystemZ/SystemZModule.c.o
#20 58.83 [54/356] Building C object third_party/capstone/CMakeFiles/capstone-static.dir/arch/SystemZ/SystemZMCTargetDesc.c.o
#20 59.04 [55/356] Building C object third_party/capstone/CMakeFiles/capstone-static.dir/arch/SystemZ/SystemZInstPrinter.c.o
#20 59.09 [56/356] Building C object third_party/capstone/CMakeFiles/capstone-static.dir/arch/SystemZ/SystemZMapping.c.o
#20 59.32 [57/356] Building C object third_party/capstone/CMakeFiles/capstone-static.dir/arch/XCore/XCoreMapping.c.o
#20 59.48 [58/356] Building C object third_party/capstone/CMakeFiles/capstone-static.dir/arch/XCore/XCoreModule.c.o
#20 59.50 [59/356] Building C object third_party/capstone/CMakeFiles/capstone-static.dir/arch/XCore/XCoreInstPrinter.c.o
#20 59.67 [60/356] Building C object third_party/capstone/CMakeFiles/capstone-static.dir/arch/X86/X86DisassemblerDecoder.c.o
#20 59.83 [61/356] Building C object third_party/capstone/CMakeFiles/capstone-static.dir/arch/M68K/M68KModule.c.o
#20 59.84 [62/356] Building C object third_party/capstone/CMakeFiles/capstone-static.dir/arch/M68K/M68KInstPrinter.c.o
#20 60.35 [63/356] Building C object third_party/capstone/CMakeFiles/capstone-static.dir/arch/TMS320C64x/TMS320C64xInstPrinter.c.o
#20 61.21 [64/356] Building C object third_party/capstone/CMakeFiles/capstone-static.dir/arch/XCore/XCoreDisassembler.c.o
#20 62.58 [65/356] Building C object third_party/capstone/CMakeFiles/capstone-static.dir/arch/Sparc/SparcInstPrinter.c.o
#20 62.81 [66/356] Building C object third_party/capstone/CMakeFiles/capstone-static.dir/arch/TMS320C64x/TMS320C64xDisassembler.c.o
#20 62.84 [67/356] Building C object third_party/capstone/CMakeFiles/capstone-static.dir/arch/TMS320C64x/TMS320C64xMapping.c.o
#20 62.97 [68/356] Building C object third_party/capstone/CMakeFiles/capstone-static.dir/arch/TMS320C64x/TMS320C64xModule.c.o
#20 63.19 [69/356] Building C object third_party/capstone/CMakeFiles/capstone-static.dir/arch/M68K/M68KDisassembler.c.o
#20 63.31 [70/356] Building C object third_party/capstone/CMakeFiles/capstone-static.dir/arch/M680X/M680XInstPrinter.c.o
#20 63.35 [71/356] Building C object third_party/capstone/CMakeFiles/capstone-static.dir/arch/M680X/M680XModule.c.o
#20 63.50 [72/356] Building C object third_party/capstone/CMakeFiles/capstone-static.dir/arch/EVM/EVMInstPrinter.c.o
#20 63.50 [73/356] Building C object third_party/capstone/CMakeFiles/capstone-static.dir/arch/EVM/EVMDisassembler.c.o
#20 63.62 [74/356] Building CXX object third_party/protobuf/cmake/CMakeFiles/libprotobuf.dir/__/src/google/protobuf/stubs/time.cc.o
#20 63.66 [75/356] Building C object third_party/capstone/CMakeFiles/capstone-static.dir/arch/EVM/EVMModule.c.o
#20 63.69 [76/356] Building C object third_party/capstone/CMakeFiles/capstone-static.dir/arch/EVM/EVMMapping.c.o
#20 63.76 [77/356] Building C object third_party/capstone/CMakeFiles/capstone-static.dir/arch/MOS65XX/MOS65XXModule.c.o
#20 63.92 [78/356] Building C object third_party/capstone/CMakeFiles/capstone-static.dir/arch/MOS65XX/MOS65XXDisassembler.c.o
#20 64.28 [79/356] Building C object third_party/capstone/CMakeFiles/capstone-static.dir/arch/SystemZ/SystemZDisassembler.c.o
#20 64.48 [80/356] Building C object third_party/capstone/CMakeFiles/capstone-static.dir/arch/AArch64/AArch64InstPrinter.c.o
#20 65.04 [81/356] Building C object third_party/capstone/CMakeFiles/capstone-static.dir/arch/M680X/M680XDisassembler.c.o
#20 66.05 [82/356] Building CXX object third_party/protobuf/cmake/CMakeFiles/libprotobuf.dir/__/src/google/protobuf/wire_format_lite.cc.o
#20 66.41 [83/356] Building CXX object third_party/protobuf/cmake/CMakeFiles/libprotobuf-lite.dir/__/src/google/protobuf/arena.cc.o
#20 66.78 [84/356] Building C object third_party/capstone/CMakeFiles/capstone-static.dir/arch/ARM/ARMDisassembler.c.o
#20 66.85 [85/356] Linking C static library third_party/capstone/libcapstone.a
#20 66.87 [86/356] Building CXX object third_party/protobuf/cmake/CMakeFiles/libprotobuf-lite.dir/__/src/google/protobuf/io/io_win32.cc.o
#20 67.05 [87/356] Building CXX object third_party/protobuf/cmake/CMakeFiles/libprotobuf-lite.dir/__/src/google/protobuf/any_lite.cc.o
#20 67.49 [88/356] Building CXX object third_party/protobuf/cmake/CMakeFiles/libprotobuf-lite.dir/__/src/google/protobuf/generated_enum_util.cc.o
#20 69.22 [89/356] Building CXX object third_party/protobuf/cmake/CMakeFiles/libprotobuf-lite.dir/__/src/google/protobuf/io/zero_copy_stream.cc.o
#20 69.27 [90/356] Building CXX object third_party/protobuf/cmake/CMakeFiles/libprotobuf-lite.dir/__/src/google/protobuf/io/strtod.cc.o
#20 69.42 [91/356] Building CXX object third_party/protobuf/cmake/CMakeFiles/libprotobuf-lite.dir/__/src/google/protobuf/implicit_weak_message.cc.o
#20 70.09 [92/356] Building CXX object third_party/protobuf/cmake/CMakeFiles/libprotobuf-lite.dir/__/src/google/protobuf/io/zero_copy_stream_impl.cc.o
#20 70.31 [93/356] Building CXX object third_party/protobuf/cmake/CMakeFiles/libprotobuf-lite.dir/__/src/google/protobuf/io/coded_stream.cc.o
#20 71.99 [94/356] Building CXX object third_party/protobuf/cmake/CMakeFiles/libprotobuf-lite.dir/__/src/google/protobuf/io/zero_copy_stream_impl_lite.cc.o
#20 73.07 [95/356] Building CXX object third_party/protobuf/cmake/CMakeFiles/libprotobuf-lite.dir/__/src/google/protobuf/stubs/bytestream.cc.o
#20 73.70 [96/356] Building CXX object third_party/protobuf/cmake/CMakeFiles/libprotobuf-lite.dir/__/src/google/protobuf/message_lite.cc.o
#20 74.69 [97/356] Building CXX object third_party/protobuf/cmake/CMakeFiles/libprotobuf-lite.dir/__/src/google/protobuf/parse_context.cc.o
#20 75.88 [98/356] Building CXX object third_party/protobuf/cmake/CMakeFiles/libprotobuf-lite.dir/__/src/google/protobuf/stubs/common.cc.o
#20 76.13 [99/356] Building CXX object third_party/protobuf/cmake/CMakeFiles/libprotobuf-lite.dir/__/src/google/protobuf/stubs/int128.cc.o
#20 76.47 [100/356] Building CXX object third_party/protobuf/cmake/CMakeFiles/libprotobuf-lite.dir/__/src/google/protobuf/generated_message_table_driven_lite.cc.o
#20 76.68 [101/356] Building CXX object third_party/protobuf/cmake/CMakeFiles/libprotobuf-lite.dir/__/src/google/protobuf/generated_message_util.cc.o
#20 76.69 [102/356] Building CXX object third_party/protobuf/cmake/CMakeFiles/libprotobuf-lite.dir/__/src/google/protobuf/stubs/status.cc.o
#20 76.82 [103/356] Building CXX object third_party/protobuf/cmake/CMakeFiles/libprotobuf-lite.dir/__/src/google/protobuf/extension_set.cc.o
#20 77.32 [104/356] Building CXX object third_party/protobuf/cmake/CMakeFiles/libprotobuf-lite.dir/__/src/google/protobuf/stubs/statusor.cc.o
#20 78.00 [105/356] Building CXX object third_party/protobuf/cmake/CMakeFiles/libprotobuf-lite.dir/__/src/google/protobuf/repeated_field.cc.o
#20 78.49 [106/356] Building CXX object third_party/protobuf/cmake/CMakeFiles/libprotobuf-lite.dir/__/src/google/protobuf/stubs/stringprintf.cc.o
#20 78.85 [107/356] Building CXX object third_party/protobuf/cmake/CMakeFiles/libprotobuf-lite.dir/__/src/google/protobuf/stubs/stringpiece.cc.o
#20 79.29 [108/356] Building CXX object third_party/protobuf/cmake/CMakeFiles/libprotobuf-lite.dir/__/src/google/protobuf/stubs/structurally_valid.cc.o
#20 79.80 [109/356] Building CXX object third_party/protobuf/cmake/CMakeFiles/libprotobuf-lite.dir/__/src/google/protobuf/stubs/time.cc.o
#20 81.53 [110/356] Building CXX object third_party/protobuf/cmake/CMakeFiles/libprotobuf-lite.dir/__/src/google/protobuf/wire_format_lite.cc.o
#20 82.33 [111/356] Building CXX object third_party/protobuf/cmake/CMakeFiles/libprotobuf-lite.dir/__/src/google/protobuf/stubs/strutil.cc.o
#20 82.37 [112/356] Linking CXX static library third_party/protobuf/cmake/libprotobuf-lite.a
#20 82.52 [113/356] Building CXX object third_party/protobuf/cmake/CMakeFiles/libprotoc.dir/__/src/google/protobuf/compiler/code_generator.cc.o
#20 86.47 [114/356] Building CXX object third_party/protobuf/cmake/CMakeFiles/libprotoc.dir/__/src/google/protobuf/compiler/cpp/cpp_extension.cc.o
#20 86.61 [115/356] Building CXX object third_party/protobuf/cmake/CMakeFiles/libprotoc.dir/__/src/google/protobuf/compiler/cpp/cpp_field.cc.o
#20 86.65 [116/356] Building CXX object third_party/protobuf/cmake/CMakeFiles/libprotoc.dir/__/src/google/protobuf/compiler/cpp/cpp_enum_field.cc.o
#20 87.92 [117/356] Building CXX object third_party/protobuf/cmake/CMakeFiles/libprotoc.dir/__/src/google/protobuf/compiler/cpp/cpp_enum.cc.o
#20 88.79 [118/356] Building CXX object third_party/protobuf/cmake/CMakeFiles/libprotoc.dir/__/src/google/protobuf/compiler/cpp/cpp_generator.cc.o
#20 94.35 [119/356] Building CXX object third_party/protobuf/cmake/CMakeFiles/libprotoc.dir/__/src/google/protobuf/compiler/cpp/cpp_map_field.cc.o
#20 95.27 [120/356] Building CXX object third_party/protobuf/cmake/CMakeFiles/libprotoc.dir/__/src/google/protobuf/compiler/command_line_interface.cc.o
#20 95.43 [121/356] Building CXX object third_party/protobuf/cmake/CMakeFiles/libprotoc.dir/__/src/google/protobuf/compiler/cpp/cpp_message_field.cc.o
#20 96.08 [122/356] Building CXX object third_party/protobuf/cmake/CMakeFiles/libprotoc.dir/__/src/google/protobuf/compiler/cpp/cpp_padding_optimizer.cc.o
#20 96.75 [123/356] Building CXX object third_party/protobuf/cmake/CMakeFiles/libprotoc.dir/__/src/google/protobuf/compiler/cpp/cpp_primitive_field.cc.o
#20 98.83 [124/356] Building CXX object third_party/protobuf/cmake/CMakeFiles/libprotoc.dir/__/src/google/protobuf/compiler/cpp/cpp_helpers.cc.o
#20 99.76 [125/356] Building CXX object third_party/protobuf/cmake/CMakeFiles/libprotoc.dir/__/src/google/protobuf/compiler/csharp/csharp_doc_comment.cc.o
#20 101.6 [126/356] Building CXX object third_party/protobuf/cmake/CMakeFiles/libprotoc.dir/__/src/google/protobuf/compiler/cpp/cpp_service.cc.o
#20 101.7 [127/356] Building CXX object third_party/protobuf/cmake/CMakeFiles/libprotoc.dir/__/src/google/protobuf/compiler/csharp/csharp_enum_field.cc.o
#20 102.1 [128/356] Building CXX object third_party/protobuf/cmake/CMakeFiles/libprotoc.dir/__/src/google/protobuf/compiler/csharp/csharp_enum.cc.o
#20 104.2 [129/356] Building CXX object third_party/protobuf/cmake/CMakeFiles/libprotoc.dir/__/src/google/protobuf/compiler/cpp/cpp_file.cc.o
#20 104.4 [130/356] Building CXX object third_party/protobuf/cmake/CMakeFiles/libprotoc.dir/__/src/google/protobuf/compiler/cpp/cpp_string_field.cc.o
#20 104.9 [131/356] Building CXX object third_party/protobuf/cmake/CMakeFiles/libprotoc.dir/__/src/google/protobuf/compiler/csharp/csharp_generator.cc.o
#20 106.9 [132/356] Building CXX object third_party/protobuf/cmake/CMakeFiles/libprotoc.dir/__/src/google/protobuf/compiler/csharp/csharp_field_base.cc.o
#20 107.0 [133/356] Building CXX object third_party/protobuf/cmake/CMakeFiles/libprotoc.dir/__/src/google/protobuf/compiler/csharp/csharp_map_field.cc.o
#20 107.5 [134/356] Building CXX object third_party/protobuf/cmake/CMakeFiles/libprotoc.dir/__/src/google/protobuf/compiler/csharp/csharp_helpers.cc.o
#20 109.8 [135/356] Building CXX object third_party/protobuf/cmake/CMakeFiles/libprotoc.dir/__/src/google/protobuf/compiler/csharp/csharp_message_field.cc.o
#20 110.0 [136/356] Building CXX object third_party/protobuf/cmake/CMakeFiles/libprotoc.dir/__/src/google/protobuf/compiler/csharp/csharp_message.cc.o
#20 110.2 [137/356] Building CXX object third_party/protobuf/cmake/CMakeFiles/libprotoc.dir/__/src/google/protobuf/compiler/csharp/csharp_primitive_field.cc.o
#20 111.4 [138/356] Building CXX object third_party/protobuf/cmake/CMakeFiles/libprotoc.dir/__/src/google/protobuf/compiler/csharp/csharp_reflection_class.cc.o
#20 111.7 [139/356] Building CXX object third_party/protobuf/cmake/CMakeFiles/libprotoc.dir/__/src/google/protobuf/compiler/csharp/csharp_repeated_enum_field.cc.o
#20 112.4 [140/356] Building CXX object third_party/protobuf/cmake/CMakeFiles/libprotoc.dir/__/src/google/protobuf/compiler/csharp/csharp_repeated_primitive_field.cc.o
#20 112.7 [141/356] Building CXX object third_party/protobuf/cmake/CMakeFiles/libprotoc.dir/__/src/google/protobuf/compiler/csharp/csharp_repeated_message_field.cc.o
#20 114.7 [142/356] Building CXX object third_party/protobuf/cmake/CMakeFiles/libprotoc.dir/__/src/google/protobuf/compiler/csharp/csharp_source_generator_base.cc.o
#20 115.4 [143/356] Building CXX object third_party/protobuf/cmake/CMakeFiles/libprotoc.dir/__/src/google/protobuf/compiler/csharp/csharp_wrapper_field.cc.o
#20 115.7 [144/356] Building CXX object third_party/protobuf/cmake/CMakeFiles/libprotoc.dir/__/src/google/protobuf/compiler/java/java_doc_comment.cc.o
#20 117.4 [145/356] Building CXX object third_party/protobuf/cmake/CMakeFiles/libprotoc.dir/__/src/google/protobuf/compiler/java/java_context.cc.o
#20 117.4 [146/356] Building CXX object third_party/protobuf/cmake/CMakeFiles/libprotoc.dir/__/src/google/protobuf/compiler/cpp/cpp_message.cc.o
#20 118.8 [147/356] Building CXX object third_party/protobuf/cmake/CMakeFiles/libprotoc.dir/__/src/google/protobuf/compiler/java/java_enum.cc.o
#20 119.6 [148/356] Building CXX object third_party/protobuf/cmake/CMakeFiles/libprotoc.dir/__/src/google/protobuf/compiler/java/java_enum_field.cc.o
#20 119.9 [149/356] Building CXX object third_party/protobuf/cmake/CMakeFiles/libprotoc.dir/__/src/google/protobuf/compiler/java/java_enum_field_lite.cc.o
#20 121.2 [150/356] Building CXX object third_party/protobuf/cmake/CMakeFiles/libprotoc.dir/__/src/google/protobuf/compiler/java/java_extension_lite.cc.o
#20 121.3 [151/356] Building CXX object third_party/protobuf/cmake/CMakeFiles/libprotoc.dir/__/src/google/protobuf/compiler/java/java_enum_lite.cc.o
#20 121.6 [152/356] Building CXX object third_party/protobuf/cmake/CMakeFiles/libprotoc.dir/__/src/google/protobuf/compiler/java/java_extension.cc.o
#20 123.8 [153/356] Building CXX object third_party/protobuf/cmake/CMakeFiles/libprotoc.dir/__/src/google/protobuf/compiler/java/java_field.cc.o
#20 124.4 [154/356] Building CXX object third_party/protobuf/cmake/CMakeFiles/libprotoc.dir/__/src/google/protobuf/compiler/java/java_generator_factory.cc.o
#20 125.3 [155/356] Building CXX object third_party/protobuf/cmake/CMakeFiles/libprotoc.dir/__/src/google/protobuf/compiler/java/java_generator.cc.o
#20 126.5 [156/356] Building CXX object third_party/protobuf/cmake/CMakeFiles/libprotoc.dir/__/src/google/protobuf/compiler/java/java_file.cc.o
#20 128.5 [157/356] Building CXX object third_party/protobuf/cmake/CMakeFiles/libprotoc.dir/__/src/google/protobuf/compiler/java/java_map_field_lite.cc.o
#20 128.8 [158/356] Building CXX object third_party/protobuf/cmake/CMakeFiles/libprotoc.dir/__/src/google/protobuf/compiler/java/java_map_field.cc.o
#20 129.2 [159/356] Building CXX object third_party/protobuf/cmake/CMakeFiles/libprotoc.dir/__/src/google/protobuf/compiler/java/java_helpers.cc.o
#20 130.2 [160/356] Building CXX object third_party/protobuf/cmake/CMakeFiles/libprotoc.dir/__/src/google/protobuf/compiler/java/java_message_builder_lite.cc.o
#20 131.3 [161/356] Building CXX object third_party/protobuf/cmake/CMakeFiles/libprotoc.dir/__/src/google/protobuf/compiler/java/java_message_builder.cc.o
#20 132.4 [162/356] Building CXX object third_party/protobuf/cmake/CMakeFiles/libprotoc.dir/__/src/google/protobuf/compiler/java/java_message_field.cc.o
#20 132.5 [163/356] Building CXX object third_party/protobuf/cmake/CMakeFiles/libprotoc.dir/__/src/google/protobuf/compiler/java/java_message.cc.o
#20 133.2 [164/356] Building CXX object third_party/protobuf/cmake/CMakeFiles/libprotoc.dir/__/src/google/protobuf/compiler/java/java_message_field_lite.cc.o
#20 134.7 [165/356] Building CXX object third_party/protobuf/cmake/CMakeFiles/libprotoc.dir/__/src/google/protobuf/compiler/java/java_name_resolver.cc.o
#20 136.5 [166/356] Building CXX object third_party/protobuf/cmake/CMakeFiles/libprotoc.dir/__/src/google/protobuf/compiler/java/java_message_lite.cc.o
#20 136.6 [167/356] Building CXX object third_party/protobuf/cmake/CMakeFiles/libprotoc.dir/__/src/google/protobuf/compiler/js/well_known_types_embed.cc.o
#20 138.1 [168/356] Building CXX object third_party/protobuf/cmake/CMakeFiles/libprotoc.dir/__/src/google/protobuf/compiler/java/java_primitive_field.cc.o
#20 138.2 [169/356] Building CXX object third_party/protobuf/cmake/CMakeFiles/libprotoc.dir/__/src/google/protobuf/compiler/java/java_service.cc.o
#20 138.6 [170/356] Building CXX object third_party/protobuf/cmake/CMakeFiles/libprotoc.dir/__/src/google/protobuf/compiler/java/java_primitive_field_lite.cc.o
#20 139.1 [171/356] Building CXX object third_party/protobuf/cmake/CMakeFiles/libprotoc.dir/__/src/google/protobuf/compiler/java/java_shared_code_generator.cc.o
#20 139.8 [172/356] Building CXX object third_party/protobuf/cmake/CMakeFiles/libprotoc.dir/__/src/google/protobuf/compiler/java/java_string_field.cc.o
#20 140.2 [173/356] Building CXX object third_party/protobuf/cmake/CMakeFiles/libprotoc.dir/__/src/google/protobuf/compiler/java/java_string_field_lite.cc.o
#20 143.9 [174/356] Building CXX object third_party/protobuf/cmake/CMakeFiles/libprotoc.dir/__/src/google/protobuf/compiler/objectivec/objectivec_enum.cc.o
#20 144.0 [175/356] Building CXX object third_party/protobuf/cmake/CMakeFiles/libprotoc.dir/__/src/google/protobuf/compiler/objectivec/objectivec_enum_field.cc.o
#20 144.8 [176/356] Building CXX object third_party/protobuf/cmake/CMakeFiles/libprotoc.dir/__/src/google/protobuf/compiler/objectivec/objectivec_extension.cc.o
#20 145.1 [177/356] Building CXX object third_party/protobuf/cmake/CMakeFiles/libprotoc.dir/__/src/google/protobuf/compiler/objectivec/objectivec_generator.cc.o
#20 146.7 [178/356] Building CXX object third_party/protobuf/cmake/CMakeFiles/libprotoc.dir/__/src/google/protobuf/compiler/objectivec/objectivec_field.cc.o
#20 147.7 [179/356] Building CXX object third_party/protobuf/cmake/CMakeFiles/libprotoc.dir/__/src/google/protobuf/compiler/objectivec/objectivec_file.cc.o
#20 150.6 [180/356] Building CXX object third_party/protobuf/cmake/CMakeFiles/libprotoc.dir/__/src/google/protobuf/compiler/objectivec/objectivec_message_field.cc.o
#20 150.7 [181/356] Building CXX object third_party/protobuf/cmake/CMakeFiles/libprotoc.dir/__/src/google/protobuf/compiler/objectivec/objectivec_map_field.cc.o
#20 151.0 [182/356] Building CXX object third_party/protobuf/cmake/CMakeFiles/libprotoc.dir/__/src/google/protobuf/compiler/objectivec/objectivec_oneof.cc.o
#20 152.4 [183/356] Building CXX object third_party/protobuf/cmake/CMakeFiles/libprotoc.dir/__/src/google/protobuf/compiler/objectivec/objectivec_primitive_field.cc.o
#20 153.8 [184/356] Building CXX object third_party/protobuf/cmake/CMakeFiles/libprotoc.dir/__/src/google/protobuf/compiler/objectivec/objectivec_helpers.cc.o
#20 154.2 [185/356] Building CXX object third_party/protobuf/cmake/CMakeFiles/libprotoc.dir/__/src/google/protobuf/compiler/objectivec/objectivec_message.cc.o
#20 156.2 [186/356] Building CXX object third_party/protobuf/cmake/CMakeFiles/libprotoc.dir/__/src/google/protobuf/compiler/plugin.cc.o
#20 157.6 [187/356] Building CXX object third_party/protobuf/cmake/CMakeFiles/libprotoc.dir/__/src/google/protobuf/compiler/subprocess.cc.o
#20 157.6 [188/356] Building CXX object third_party/protobuf/cmake/CMakeFiles/libprotoc.dir/__/src/google/protobuf/compiler/zip_writer.cc.o
#20 158.2 [189/356] Building CXX object third_party/protobuf/cmake/CMakeFiles/libprotoc.dir/__/src/google/protobuf/compiler/plugin.pb.cc.o
#20 159.7 [190/356] Building CXX object third_party/protobuf/cmake/CMakeFiles/libprotoc.dir/__/src/google/protobuf/compiler/ruby/ruby_generator.cc.o
#20 160.5 [191/356] Building CXX object third_party/protobuf/cmake/CMakeFiles/libprotoc.dir/__/src/google/protobuf/compiler/php/php_generator.cc.o
#20 160.6 [192/356] Building CXX object third_party/protobuf/cmake/CMakeFiles/libprotobuf.dir/__/src/google/protobuf/stubs/structurally_valid.cc.o
#20 160.9 [193/356] Building CXX object third_party/protobuf/cmake/CMakeFiles/libprotobuf.dir/__/src/google/protobuf/arena.cc.o
#20 161.2 [194/356] Building CXX object third_party/protobuf/cmake/CMakeFiles/libprotobuf.dir/__/src/google/protobuf/any_lite.cc.o
#20 161.6 [195/356] Building CXX object third_party/protobuf/cmake/CMakeFiles/libprotoc.dir/__/src/google/protobuf/compiler/js/js_generator.cc.o
#20 162.2 [196/356] Building CXX object third_party/protobuf/cmake/CMakeFiles/libprotobuf.dir/__/src/google/protobuf/stubs/strutil.cc.o
#20 162.2 [197/356] Building CXX object third_party/protobuf/cmake/CMakeFiles/libprotobuf.dir/__/src/google/protobuf/io/io_win32.cc.o
#20 163.9 [198/356] Building CXX object third_party/protobuf/cmake/CMakeFiles/libprotobuf.dir/__/src/google/protobuf/generated_enum_util.cc.o
#20 164.0 [199/356] Building CXX object third_party/protobuf/cmake/CMakeFiles/libprotoc.dir/__/src/google/protobuf/compiler/python/python_generator.cc.o
#20 164.7 [200/356] Building CXX object third_party/protobuf/cmake/CMakeFiles/libprotobuf.dir/__/src/google/protobuf/io/strtod.cc.o
#20 164.8 [201/356] Building CXX object third_party/protobuf/cmake/CMakeFiles/libprotobuf.dir/__/src/google/protobuf/implicit_weak_message.cc.o
#20 165.6 [202/356] Building CXX object third_party/protobuf/cmake/CMakeFiles/libprotobuf.dir/__/src/google/protobuf/io/coded_stream.cc.o
#20 166.2 [203/356] Building CXX object third_party/protobuf/cmake/CMakeFiles/libprotobuf.dir/__/src/google/protobuf/io/zero_copy_stream.cc.o
#20 166.7 [204/356] Building CXX object third_party/protobuf/cmake/CMakeFiles/libprotobuf.dir/__/src/google/protobuf/io/zero_copy_stream_impl.cc.o
#20 167.6 [205/356] Building CXX object third_party/protobuf/cmake/CMakeFiles/libprotobuf.dir/__/src/google/protobuf/io/zero_copy_stream_impl_lite.cc.o
#20 169.5 [206/356] Building CXX object third_party/protobuf/cmake/CMakeFiles/libprotobuf.dir/__/src/google/protobuf/message_lite.cc.o
#20 169.6 [207/356] Building CXX object third_party/protobuf/cmake/CMakeFiles/libprotobuf.dir/__/src/google/protobuf/stubs/bytestream.cc.o
#20 171.1 [208/356] Building CXX object third_party/protobuf/cmake/CMakeFiles/libprotobuf.dir/__/src/google/protobuf/parse_context.cc.o
#20 171.6 [209/356] Building CXX object third_party/protobuf/cmake/CMakeFiles/libprotobuf.dir/__/src/google/protobuf/stubs/common.cc.o
#20 172.7 [210/356] Building CXX object third_party/protobuf/cmake/CMakeFiles/libprotobuf.dir/__/src/google/protobuf/stubs/status.cc.o
#20 172.8 [211/356] Building CXX object third_party/protobuf/cmake/CMakeFiles/libprotobuf.dir/__/src/google/protobuf/stubs/int128.cc.o
#20 172.8 [212/356] Building CXX object third_party/protobuf/cmake/CMakeFiles/libprotobuf.dir/__/src/google/protobuf/generated_message_util.cc.o
#20 172.8 [213/356] Building CXX object third_party/protobuf/cmake/CMakeFiles/libprotobuf.dir/__/src/google/protobuf/extension_set.cc.o
#20 172.9 [214/356] Building CXX object third_party/protobuf/cmake/CMakeFiles/libprotobuf.dir/__/src/google/protobuf/generated_message_table_driven_lite.cc.o
#20 173.8 [215/356] Building CXX object third_party/protobuf/cmake/CMakeFiles/libprotobuf.dir/__/src/google/protobuf/stubs/statusor.cc.o
#20 174.2 [216/356] Building CXX object third_party/protobuf/cmake/CMakeFiles/libprotobuf.dir/__/src/google/protobuf/repeated_field.cc.o
#20 174.7 [217/356] Building CXX object third_party/protobuf/cmake/CMakeFiles/libprotobuf.dir/__/src/google/protobuf/stubs/stringpiece.cc.o
#20 175.1 [218/356] Building CXX object third_party/protobuf/cmake/CMakeFiles/libprotobuf.dir/__/src/google/protobuf/stubs/stringprintf.cc.o
#20 176.5 [219/356] Building CXX object third_party/protobuf/cmake/CMakeFiles/libprotobuf.dir/__/src/google/protobuf/any.cc.o
#20 177.1 [220/356] Building CXX object third_party/protobuf/cmake/CMakeFiles/libprotobuf.dir/__/src/google/protobuf/any.pb.cc.o
#20 179.2 [221/356] Building CXX object third_party/protobuf/cmake/CMakeFiles/libprotobuf.dir/__/src/google/protobuf/compiler/importer.cc.o
#20 179.7 [222/356] Building CXX object third_party/protobuf/cmake/CMakeFiles/libprotobuf.dir/__/src/google/protobuf/api.pb.cc.o
#20 180.9 [223/356] Building CXX object third_party/protobuf/cmake/CMakeFiles/libprotobuf.dir/__/src/google/protobuf/duration.pb.cc.o
#20 183.4 [224/356] Building CXX object third_party/protobuf/cmake/CMakeFiles/libprotobuf.dir/__/src/google/protobuf/empty.pb.cc.o
#20 184.0 [225/356] Building CXX object third_party/protobuf/cmake/CMakeFiles/libprotobuf.dir/__/src/google/protobuf/dynamic_message.cc.o
#20 185.7 [226/356] Building CXX object third_party/protobuf/cmake/CMakeFiles/libprotobuf.dir/__/src/google/protobuf/field_mask.pb.cc.o
#20 185.8 [227/356] Building CXX object third_party/protobuf/cmake/CMakeFiles/libprotobuf.dir/__/src/google/protobuf/io/gzip_stream.cc.o
#20 186.5 [228/356] Building CXX object third_party/protobuf/cmake/CMakeFiles/libprotobuf.dir/__/src/google/protobuf/extension_set_heavy.cc.o
#20 186.6 [229/356] Building CXX object third_party/protobuf/cmake/CMakeFiles/libprotobuf.dir/__/src/google/protobuf/descriptor_database.cc.o
#20 187.6 [230/356] Building CXX object third_party/protobuf/cmake/CMakeFiles/libprotobuf.dir/__/src/google/protobuf/compiler/parser.cc.o
#20 190.5 [231/356] Building CXX object third_party/protobuf/cmake/CMakeFiles/libprotobuf.dir/__/src/google/protobuf/io/printer.cc.o
#20 190.9 [232/356] Building CXX object third_party/protobuf/cmake/CMakeFiles/libprotobuf.dir/__/src/google/protobuf/io/tokenizer.cc.o
#20 193.2 [233/356] Building CXX object third_party/protobuf/cmake/CMakeFiles/libprotobuf.dir/__/src/google/protobuf/service.cc.o
#20 194.1 [234/356] Building CXX object third_party/protobuf/cmake/CMakeFiles/libprotobuf.dir/__/src/google/protobuf/map_field.cc.o
#20 196.4 [235/356] Building CXX object third_party/protobuf/cmake/CMakeFiles/libprotobuf.dir/__/src/google/protobuf/generated_message_reflection.cc.o
#20 196.7 [236/356] Building CXX object third_party/protobuf/cmake/CMakeFiles/libprotobuf.dir/__/src/google/protobuf/message.cc.o
#20 196.8 [237/356] Building CXX object third_party/protobuf/cmake/CMakeFiles/libprotobuf.dir/__/src/google/protobuf/reflection_ops.cc.o
#20 196.9 [238/356] Building CXX object third_party/protobuf/cmake/CMakeFiles/libprotobuf.dir/__/src/google/protobuf/generated_message_table_driven.cc.o
#20 197.7 [239/356] Building CXX object third_party/protobuf/cmake/CMakeFiles/libprotobuf.dir/__/src/google/protobuf/source_context.pb.cc.o
#20 199.0 [240/356] Building CXX object third_party/protobuf/cmake/CMakeFiles/libprotobuf.dir/__/src/google/protobuf/stubs/mathlimits.cc.o
#20 199.7 [241/356] Building CXX object third_party/protobuf/cmake/CMakeFiles/libprotobuf.dir/__/src/google/protobuf/stubs/substitute.cc.o
#20 201.3 [242/356] Building CXX object third_party/protobuf/cmake/CMakeFiles/libprotobuf.dir/__/src/google/protobuf/timestamp.pb.cc.o
#20 202.6 [243/356] Building CXX object third_party/protobuf/cmake/CMakeFiles/libprotobuf.dir/__/src/google/protobuf/descriptor.pb.cc.o
#20 202.7 [244/356] Building CXX object third_party/protobuf/cmake/CMakeFiles/libprotobuf.dir/__/src/google/protobuf/util/delimited_message_util.cc.o
#20 203.9 [245/356] Building CXX object third_party/protobuf/cmake/CMakeFiles/libprotobuf.dir/__/src/google/protobuf/unknown_field_set.cc.o
#20 205.0 [246/356] Building CXX object third_party/protobuf/cmake/CMakeFiles/libprotobuf.dir/__/src/google/protobuf/struct.pb.cc.o
#20 205.9 [247/356] Building CXX object third_party/protobuf/cmake/CMakeFiles/libprotobuf.dir/__/src/google/protobuf/util/field_comparator.cc.o
#20 206.8 [248/356] Building CXX object third_party/protobuf/cmake/CMakeFiles/libprotobuf.dir/__/src/google/protobuf/type.pb.cc.o
#20 207.7 [249/356] Building CXX object third_party/protobuf/cmake/CMakeFiles/libprotobuf.dir/__/src/google/protobuf/util/internal/error_listener.cc.o
#20 209.6 [250/356] Building CXX object third_party/protobuf/cmake/CMakeFiles/libprotobuf.dir/__/src/google/protobuf/util/field_mask_util.cc.o
#20 209.7 [251/356] Building CXX object third_party/protobuf/cmake/CMakeFiles/libprotobuf.dir/__/src/google/protobuf/util/internal/json_escaping.cc.o
#20 210.6 [252/356] Building CXX object third_party/protobuf/cmake/CMakeFiles/libprotobuf.dir/__/src/google/protobuf/util/internal/datapiece.cc.o
#20 211.5 [253/356] Building CXX object third_party/protobuf/cmake/CMakeFiles/libprotobuf.dir/__/src/google/protobuf/util/internal/field_mask_utility.cc.o
#20 212.6 [254/356] Building CXX object third_party/protobuf/cmake/CMakeFiles/libprotobuf.dir/__/src/google/protobuf/util/internal/json_objectwriter.cc.o
#20 212.8 [255/356] Building CXX object third_party/protobuf/cmake/CMakeFiles/libprotobuf.dir/__/src/google/protobuf/text_format.cc.o
#20 213.0 [256/356] Building CXX object third_party/protobuf/cmake/CMakeFiles/libprotobuf.dir/__/src/google/protobuf/util/internal/default_value_objectwriter.cc.o
#20 213.9 [257/356] Building CXX object third_party/protobuf/cmake/CMakeFiles/libprotobuf.dir/__/src/google/protobuf/util/internal/object_writer.cc.o
#20 214.8 [258/356] Building CXX object third_party/protobuf/cmake/CMakeFiles/libprotobuf.dir/__/src/google/protobuf/util/internal/json_stream_parser.cc.o
#20 217.9 [259/356] Building CXX object third_party/protobuf/cmake/CMakeFiles/libprotobuf.dir/__/src/google/protobuf/util/internal/type_info_test_helper.cc.o
#20 218.8 [260/356] Building CXX object third_party/protobuf/cmake/CMakeFiles/libprotobuf.dir/__/src/google/protobuf/descriptor.cc.o
#20 219.2 [261/356] Building CXX object third_party/protobuf/cmake/CMakeFiles/libprotobuf.dir/__/src/google/protobuf/util/internal/proto_writer.cc.o
#20 219.3 [262/356] Building CXX object third_party/protobuf/cmake/CMakeFiles/libprotobuf.dir/__/src/google/protobuf/util/internal/type_info.cc.o
#20 219.8 [263/356] Building CXX object third_party/protobuf/cmake/CMakeFiles/libprotobuf.dir/__/src/google/protobuf/util/internal/protostream_objectsource.cc.o
#20 220.3 [264/356] Building CXX object third_party/protobuf/cmake/CMakeFiles/libprotobuf.dir/__/src/google/protobuf/util/internal/utility.cc.o
#20 220.4 [265/356] Building CXX object third_party/protobuf/cmake/CMakeFiles/libprotobuf.dir/__/src/google/protobuf/util/json_util.cc.o
#20 220.4 [266/356] Building C object third_party/zlib/CMakeFiles/minigzip.dir/test/minigzip.o
#20 220.4 FAILED: third_party/zlib/CMakeFiles/minigzip.dir/test/minigzip.o 
#20 220.4 /usr/local/bin/clang -DUSE_RE2 -D_LARGEFILE64_SOURCE=1 -D_LIBCXXABI_FUNC_VIS="" -I/src/bloaty/third_party/re2 -I/src/bloaty/third_party/capstone/include -I/work/third_party/zlib -I/src/bloaty -isystem /src/bloaty/third_party/protobuf/src -DFUZZING_BUILD_MODE_UNSAFE_FOR_PRODUCTION -pthread -Wl,--no-as-needed -Wl,-ldl -Wl,-lm -Wno-unused-command-line-argument -O3 -fsanitize-coverage=trace-pc-guard -O2 -g -DNDEBUG -MD -MT third_party/zlib/CMakeFiles/minigzip.dir/test/minigzip.o -MF third_party/zlib/CMakeFiles/minigzip.dir/test/minigzip.o.d -o third_party/zlib/CMakeFiles/minigzip.dir/test/minigzip.o -c /src/bloaty/third_party/zlib/test/minigzip.c
#20 220.4 /src/bloaty/third_party/zlib/test/minigzip.c:18:10: fatal error: 'zlib.h' file not found
#20 220.4 #include "zlib.h"
#20 220.4          ^~~~~~~~
#20 220.4 1 error generated.
#20 222.5 [267/356] Building CXX object third_party/protobuf/cmake/CMakeFiles/libprotobuf.dir/__/src/google/protobuf/util/internal/protostream_objectwriter.cc.o
#20 223.5 [268/356] Building CXX object third_party/protobuf/cmake/CMakeFiles/protoc.dir/__/src/google/protobuf/compiler/main.cc.o
#20 223.5 [269/356] Building CXX object third_party/protobuf/cmake/CMakeFiles/libprotobuf.dir/__/src/google/protobuf/util/time_util.cc.o
#20 224.6 [270/356] Building CXX object third_party/protobuf/cmake/CMakeFiles/libprotobuf.dir/__/src/google/protobuf/util/type_resolver_util.cc.o
#20 225.4 [271/356] Building CXX object third_party/protobuf/cmake/CMakeFiles/libprotobuf.dir/__/src/google/protobuf/wrappers.pb.cc.o
#20 227.7 [272/356] Building CXX object third_party/protobuf/cmake/CMakeFiles/libprotobuf.dir/__/src/google/protobuf/wire_format.cc.o
#20 228.0 [273/356] Building CXX object third_party/protobuf/cmake/CMakeFiles/libprotobuf.dir/__/src/google/protobuf/util/message_differencer.cc.o
#20 228.0 ninja: build stopped: subcommand failed.
#20 228.0 Traceback (most recent call last):
#20 228.0   File "<string>", line 1, in <module>
#20 228.0   File "/src/fuzzers/afl/fuzzer.py", line 40, in build
#20 228.0     utils.build_benchmark()
#20 228.0   File "/src/fuzzers/utils.py", line 82, in build_benchmark
#20 228.0     subprocess.check_call(['/bin/bash', '-ex', build_script], env=env)
#20 228.0   File "/usr/local/lib/python3.8/subprocess.py", line 364, in check_call
#20 228.0     raise CalledProcessError(retcode, cmd)
#20 228.0 subprocess.CalledProcessError: Command '['/bin/bash', '-ex', '/src/build.sh']' returned non-zero exit status 1.
#20 ERROR: executor failed running [/bin/sh -c echo "Run fuzzer_build to build the target" && if [ -z "$debug_builder" ] ; then fuzzer_build; fi]: exit code: 1
------
 > importing cache manifest from gcr.io/fuzzbench/builders/afl/bloaty_bloaty:
------
------
 > [stage-1 13/13] RUN echo "Run fuzzer_build to build the target" && if [ -z "$debug_builder" ] ; then fuzzer_build; fi:
------
executor failed running [/bin/sh -c echo "Run fuzzer_build to build the target" && if [ -z "$debug_builder" ] ; then fuzzer_build; fi]: exit code: 1
make: *** [docker/generated.mk:2672308: .afl-bloaty_bloaty-builder] Error 1
