WARNING:root:gcloud not found in PATH.
INFO:root:Successfully integrated benchmark: open62541_open62541.
INFO:root:Please run "make test-run-afl-open62541_open62541" to test integration.
#1 [internal] load build definition from Dockerfile
#1 sha256:3bb827cb8e4ecfb73b0de6a4f70843a8c63ae705e2d225effcd2f10dba91c557
#1 transferring dockerfile: 1.50kB done
#1 DONE 0.3s

#2 [internal] load .dockerignore
#2 sha256:f54e9ea825f8f6f68a6a19c31f4bc004cf89ea97795765a4f9041abf2e1ab642
#2 transferring context: 2B done
#2 DONE 0.4s

#3 [internal] load metadata for gcr.io/oss-fuzz-base/base-builder:latest
#3 sha256:f10dc39cc9d418a5bc416dead31a1902b6821fdae909cd3b08f7a3fd1faba7b5
#3 DONE 0.4s

#11 [internal] load build context
#11 sha256:a13e9137a3702803733cd3b14bf5ee4ea438267c57eede5637e4e9cceed599ae
#11 DONE 0.0s

#5 [1/7] FROM gcr.io/oss-fuzz-base/base-builder@sha256:4ad017ca53699eda684c1c444948c93a4af848fe34baee3a765d3c4693fe6a56
#5 sha256:3f10b3978a3951f6e2692fa5e5890ee5a755650381dedece7198ed0b1dcdaa8c
#5 DONE 0.0s

#4 importing cache manifest from gcr.io/fuzzbench/builders/benchmark/open62541_open62541
#4 sha256:a0e81becbf052b83e0e8fd2393bba4fd57ec85872d99175834ea1b585afe1c87
#4 ERROR: gcr.io/fuzzbench/builders/benchmark/open62541_open62541:latest: not found

#5 [1/7] FROM gcr.io/oss-fuzz-base/base-builder@sha256:4ad017ca53699eda684c1c444948c93a4af848fe34baee3a765d3c4693fe6a56
#5 sha256:3f10b3978a3951f6e2692fa5e5890ee5a755650381dedece7198ed0b1dcdaa8c
#5 CACHED

#11 [internal] load build context
#11 sha256:a13e9137a3702803733cd3b14bf5ee4ea438267c57eede5637e4e9cceed599ae
#11 transferring context: 1.45kB done
#11 DONE 0.1s

#6 [2/7] RUN apt-get update && apt-get install -y make cmake python-six wget
#6 sha256:f1fca91e7c77d27e56bef8b3257f8889963212f9c9bd52f40af54a8001378122
#6 0.735 Hit:1 http://ppa.launchpad.net/git-core/ppa/ubuntu focal InRelease
#6 0.735 Hit:2 http://archive.ubuntu.com/ubuntu focal InRelease
#6 0.740 Get:3 http://archive.ubuntu.com/ubuntu focal-updates InRelease [114 kB]
#6 0.905 Get:4 http://security.ubuntu.com/ubuntu focal-security InRelease [114 kB]
#6 0.923 Get:5 http://archive.ubuntu.com/ubuntu focal-backports InRelease [108 kB]
#6 1.286 Get:6 http://archive.ubuntu.com/ubuntu focal-updates/universe i386 Packages [827 kB]
#6 1.407 Get:7 http://archive.ubuntu.com/ubuntu focal-updates/main i386 Packages [752 kB]
#6 1.477 Get:8 http://archive.ubuntu.com/ubuntu focal-updates/universe amd64 Packages [1134 kB]
#6 1.588 Get:9 http://archive.ubuntu.com/ubuntu focal-updates/main amd64 Packages [1973 kB]
#6 1.738 Get:10 http://security.ubuntu.com/ubuntu focal-security/main amd64 Packages [1547 kB]
#6 1.782 Get:11 http://archive.ubuntu.com/ubuntu focal-backports/universe amd64 Packages [24.8 kB]
#6 1.785 Get:12 http://archive.ubuntu.com/ubuntu focal-backports/universe i386 Packages [13.1 kB]
#6 2.458 Fetched 6606 kB in 2s (3896 kB/s)
#6 2.458 Reading package lists...
#6 4.005 Reading package lists...
#6 5.415 Building dependency tree...
#6 5.627 Reading state information...
#6 5.839 make is already the newest version (4.2.1-1.2).
#6 5.839 make set to manually installed.
#6 5.839 wget is already the newest version (1.20.3-1ubuntu2).
#6 5.839 The following additional packages will be installed:
#6 5.840   cmake-data libarchive13 libjsoncpp1 libpython2-stdlib libpython2.7-minimal
#6 5.840   libpython2.7-stdlib librhash0 libuv1 python2 python2-minimal python2.7
#6 5.841   python2.7-minimal
#6 5.843 Suggested packages:
#6 5.843   cmake-doc ninja-build lrzip python2-doc python-tk python2.7-doc
#6 5.843   binfmt-support
#6 5.994 The following NEW packages will be installed:
#6 5.995   cmake cmake-data libarchive13 libjsoncpp1 libpython2-stdlib
#6 5.996   libpython2.7-minimal libpython2.7-stdlib librhash0 libuv1 python-six python2
#6 5.997   python2-minimal python2.7 python2.7-minimal
#6 6.070 0 upgraded, 14 newly installed, 0 to remove and 0 not upgraded.
#6 6.070 Need to get 9705 kB of archives.
#6 6.070 After this operation, 46.0 MB of additional disk space will be used.
#6 6.070 Get:1 http://archive.ubuntu.com/ubuntu focal-updates/universe amd64 libpython2.7-minimal amd64 2.7.18-1~20.04.1 [335 kB]
#6 6.205 Get:2 http://archive.ubuntu.com/ubuntu focal-updates/universe amd64 python2.7-minimal amd64 2.7.18-1~20.04.1 [1285 kB]
#6 6.352 Get:3 http://archive.ubuntu.com/ubuntu focal/universe amd64 python2-minimal amd64 2.7.17-2ubuntu4 [27.5 kB]
#6 6.354 Get:4 http://archive.ubuntu.com/ubuntu focal-updates/universe amd64 libpython2.7-stdlib amd64 2.7.18-1~20.04.1 [1887 kB]
#6 6.528 Get:5 http://archive.ubuntu.com/ubuntu focal-updates/universe amd64 python2.7 amd64 2.7.18-1~20.04.1 [248 kB]
#6 6.547 Get:6 http://archive.ubuntu.com/ubuntu focal/universe amd64 libpython2-stdlib amd64 2.7.17-2ubuntu4 [7072 B]
#6 6.548 Get:7 http://archive.ubuntu.com/ubuntu focal/universe amd64 python2 amd64 2.7.17-2ubuntu4 [26.5 kB]
#6 6.550 Get:8 http://archive.ubuntu.com/ubuntu focal-updates/main amd64 libuv1 amd64 1.34.2-1ubuntu1.3 [80.8 kB]
#6 6.560 Get:9 http://archive.ubuntu.com/ubuntu focal/main amd64 cmake-data all 3.16.3-1ubuntu1 [1612 kB]
#6 6.737 Get:10 http://archive.ubuntu.com/ubuntu focal/main amd64 libarchive13 amd64 3.4.0-2ubuntu1 [327 kB]
#6 6.778 Get:11 http://archive.ubuntu.com/ubuntu focal/main amd64 libjsoncpp1 amd64 1.7.4-3.1ubuntu2 [75.6 kB]
#6 6.784 Get:12 http://archive.ubuntu.com/ubuntu focal/main amd64 librhash0 amd64 1.3.9-1 [113 kB]
#6 6.792 Get:13 http://archive.ubuntu.com/ubuntu focal/main amd64 cmake amd64 3.16.3-1ubuntu1 [3669 kB]
#6 7.278 Get:14 http://archive.ubuntu.com/ubuntu focal/universe amd64 python-six all 1.14.0-2 [12.0 kB]
#6 7.565 debconf: delaying package configuration, since apt-utils is not installed
#6 7.645 Fetched 9705 kB in 1s (7630 kB/s)
#6 7.766 Selecting previously unselected package libpython2.7-minimal:amd64.
#6 7.766 (Reading database ... (Reading database ... 5%(Reading database ... 10%(Reading database ... 15%(Reading database ... 20%(Reading database ... 25%(Reading database ... 30%(Reading database ... 35%(Reading database ... 40%(Reading database ... 45%(Reading database ... 50%(Reading database ... 55%(Reading database ... 60%(Reading database ... 65%(Reading database ... 70%(Reading database ... 75%(Reading database ... 80%(Reading database ... 85%(Reading database ... 90%(Reading database ... 95%(Reading database ... 100%(Reading database ... 21291 files and directories currently installed.)
#6 7.787 Preparing to unpack .../0-libpython2.7-minimal_2.7.18-1~20.04.1_amd64.deb ...
#6 7.802 Unpacking libpython2.7-minimal:amd64 (2.7.18-1~20.04.1) ...
#6 8.055 Selecting previously unselected package python2.7-minimal.
#6 8.059 Preparing to unpack .../1-python2.7-minimal_2.7.18-1~20.04.1_amd64.deb ...
#6 8.094 Unpacking python2.7-minimal (2.7.18-1~20.04.1) ...
#6 8.404 Selecting previously unselected package python2-minimal.
#6 8.407 Preparing to unpack .../2-python2-minimal_2.7.17-2ubuntu4_amd64.deb ...
#6 8.430 Unpacking python2-minimal (2.7.17-2ubuntu4) ...
#6 8.583 Selecting previously unselected package libpython2.7-stdlib:amd64.
#6 8.586 Preparing to unpack .../3-libpython2.7-stdlib_2.7.18-1~20.04.1_amd64.deb ...
#6 8.600 Unpacking libpython2.7-stdlib:amd64 (2.7.18-1~20.04.1) ...
#6 9.057 Selecting previously unselected package python2.7.
#6 9.060 Preparing to unpack .../4-python2.7_2.7.18-1~20.04.1_amd64.deb ...
#6 9.077 Unpacking python2.7 (2.7.18-1~20.04.1) ...
#6 9.268 Selecting previously unselected package libpython2-stdlib:amd64.
#6 9.272 Preparing to unpack .../5-libpython2-stdlib_2.7.17-2ubuntu4_amd64.deb ...
#6 9.288 Unpacking libpython2-stdlib:amd64 (2.7.17-2ubuntu4) ...
#6 9.418 Setting up libpython2.7-minimal:amd64 (2.7.18-1~20.04.1) ...
#6 9.491 Setting up python2.7-minimal (2.7.18-1~20.04.1) ...
#6 9.905 Setting up python2-minimal (2.7.17-2ubuntu4) ...
#6 10.12 Selecting previously unselected package python2.
#6 10.12 (Reading database ... (Reading database ... 5%(Reading database ... 10%(Reading database ... 15%(Reading database ... 20%(Reading database ... 25%(Reading database ... 30%(Reading database ... 35%(Reading database ... 40%(Reading database ... 45%(Reading database ... 50%(Reading database ... 55%(Reading database ... 60%(Reading database ... 65%(Reading database ... 70%(Reading database ... 75%(Reading database ... 80%(Reading database ... 85%(Reading database ... 90%(Reading database ... 95%(Reading database ... 100%(Reading database ... 22038 files and directories currently installed.)
#6 10.14 Preparing to unpack .../0-python2_2.7.17-2ubuntu4_amd64.deb ...
#6 10.18 Unpacking python2 (2.7.17-2ubuntu4) ...
#6 10.33 Selecting previously unselected package libuv1:amd64.
#6 10.33 Preparing to unpack .../1-libuv1_1.34.2-1ubuntu1.3_amd64.deb ...
#6 10.36 Unpacking libuv1:amd64 (1.34.2-1ubuntu1.3) ...
#6 10.52 Selecting previously unselected package cmake-data.
#6 10.52 Preparing to unpack .../2-cmake-data_3.16.3-1ubuntu1_all.deb ...
#6 10.54 Unpacking cmake-data (3.16.3-1ubuntu1) ...
#6 11.30 Selecting previously unselected package libarchive13:amd64.
#6 11.30 Preparing to unpack .../3-libarchive13_3.4.0-2ubuntu1_amd64.deb ...
#6 11.31 Unpacking libarchive13:amd64 (3.4.0-2ubuntu1) ...
#6 11.51 Selecting previously unselected package libjsoncpp1:amd64.
#6 11.52 Preparing to unpack .../4-libjsoncpp1_1.7.4-3.1ubuntu2_amd64.deb ...
#6 11.54 Unpacking libjsoncpp1:amd64 (1.7.4-3.1ubuntu2) ...
#6 11.64 Selecting previously unselected package librhash0:amd64.
#6 11.65 Preparing to unpack .../5-librhash0_1.3.9-1_amd64.deb ...
#6 11.66 Unpacking librhash0:amd64 (1.3.9-1) ...
#6 11.75 Selecting previously unselected package cmake.
#6 11.76 Preparing to unpack .../6-cmake_3.16.3-1ubuntu1_amd64.deb ...
#6 11.76 Unpacking cmake (3.16.3-1ubuntu1) ...
#6 12.30 Selecting previously unselected package python-six.
#6 12.30 Preparing to unpack .../7-python-six_1.14.0-2_all.deb ...
#6 12.32 Unpacking python-six (1.14.0-2) ...
#6 12.45 Setting up libarchive13:amd64 (3.4.0-2ubuntu1) ...
#6 12.51 Setting up libpython2.7-stdlib:amd64 (2.7.18-1~20.04.1) ...
#6 12.57 Setting up libuv1:amd64 (1.34.2-1ubuntu1.3) ...
#6 12.63 Setting up librhash0:amd64 (1.3.9-1) ...
#6 12.70 Setting up cmake-data (3.16.3-1ubuntu1) ...
#6 12.77 Setting up libjsoncpp1:amd64 (1.7.4-3.1ubuntu2) ...
#6 12.83 Setting up python2.7 (2.7.18-1~20.04.1) ...
#6 13.89 Setting up libpython2-stdlib:amd64 (2.7.17-2ubuntu4) ...
#6 14.00 Setting up python2 (2.7.17-2ubuntu4) ...
#6 14.08 Setting up python-six (1.14.0-2) ...
#6 14.60 Setting up cmake (3.16.3-1ubuntu1) ...
#6 14.68 Processing triggers for libc-bin (2.31-0ubuntu9.2) ...
#6 14.81 Processing triggers for mime-support (3.64ubuntu1) ...
#6 DONE 16.1s

#7 [3/7] RUN wget http://ftp.us.debian.org/debian/pool/main/m/mbedtls/libmbedtls-dev_2.6.0-1_amd64.deb &&     wget http://ftp.us.debian.org/debian/pool/main/m/mbedtls/libmbedcrypto0_2.6.0-1_amd64.deb &&     wget http://ftp.us.debian.org/debian/pool/main/m/mbedtls/libmbedtls10_2.6.0-1_amd64.deb &&     wget http://ftp.us.debian.org/debian/pool/main/m/mbedtls/libmbedx509-0_2.6.0-1_amd64.deb &&     dpkg -i *.deb
#7 sha256:cc0df63ac558288c46ac3d3be778d7e812a57bf329bf35acffda78899114f168
#7 0.489 --2022-02-16 23:59:26--  http://ftp.us.debian.org/debian/pool/main/m/mbedtls/libmbedtls-dev_2.6.0-1_amd64.deb
#7 0.489 Resolving ftp.us.debian.org (ftp.us.debian.org)... 64.50.236.52, 64.50.233.100, 208.80.154.139, ...
#7 0.503 Connecting to ftp.us.debian.org (ftp.us.debian.org)|64.50.236.52|:80... connected.
#7 0.622 HTTP request sent, awaiting response... 404 Not Found
#7 0.744 2022-02-16 23:59:27 ERROR 404: Not Found.
#7 0.744 
#7 ERROR: executor failed running [/bin/sh -c wget http://ftp.us.debian.org/debian/pool/main/m/mbedtls/libmbedtls-dev_2.6.0-1_amd64.deb &&     wget http://ftp.us.debian.org/debian/pool/main/m/mbedtls/libmbedcrypto0_2.6.0-1_amd64.deb &&     wget http://ftp.us.debian.org/debian/pool/main/m/mbedtls/libmbedtls10_2.6.0-1_amd64.deb &&     wget http://ftp.us.debian.org/debian/pool/main/m/mbedtls/libmbedx509-0_2.6.0-1_amd64.deb &&     dpkg -i *.deb]: exit code: 8
------
 > importing cache manifest from gcr.io/fuzzbench/builders/benchmark/open62541_open62541:
------
------
 > [3/7] RUN wget http://ftp.us.debian.org/debian/pool/main/m/mbedtls/libmbedtls-dev_2.6.0-1_amd64.deb &&     wget http://ftp.us.debian.org/debian/pool/main/m/mbedtls/libmbedcrypto0_2.6.0-1_amd64.deb &&     wget http://ftp.us.debian.org/debian/pool/main/m/mbedtls/libmbedtls10_2.6.0-1_amd64.deb &&     wget http://ftp.us.debian.org/debian/pool/main/m/mbedtls/libmbedx509-0_2.6.0-1_amd64.deb &&     dpkg -i *.deb:
------
executor failed running [/bin/sh -c wget http://ftp.us.debian.org/debian/pool/main/m/mbedtls/libmbedtls-dev_2.6.0-1_amd64.deb &&     wget http://ftp.us.debian.org/debian/pool/main/m/mbedtls/libmbedcrypto0_2.6.0-1_amd64.deb &&     wget http://ftp.us.debian.org/debian/pool/main/m/mbedtls/libmbedtls10_2.6.0-1_amd64.deb &&     wget http://ftp.us.debian.org/debian/pool/main/m/mbedtls/libmbedx509-0_2.6.0-1_amd64.deb &&     dpkg -i *.deb]: exit code: 8
make: *** [docker/generated.mk:48910: .open62541_open62541-project-builder] Error 1
/bin/sh: 1: source: not found
#1 [internal] load build definition from Dockerfile
#1 sha256:2a6a89eb4c14dd44dbc366bf648086a371c37c332055b129a341f6a31a9bd2c0
#1 transferring dockerfile: 32B done
#1 DONE 0.4s

#2 [internal] load .dockerignore
#2 sha256:ef9ccb106891a1b725bd23e1016c1ad12011b8a1b01414c3d49afc7096952dbc
#2 transferring context: 2B done
#2 DONE 0.5s

#3 [internal] load metadata for gcr.io/oss-fuzz-base/base-builder:latest
#3 sha256:f10dc39cc9d418a5bc416dead31a1902b6821fdae909cd3b08f7a3fd1faba7b5
#3 DONE 0.5s

#11 [internal] load build context
#11 sha256:fef39bcc6943e2f0c529024bd72b2c7df925986e899c2eba0bdb22867a0ac113
#11 DONE 0.0s

#5 [1/7] FROM gcr.io/oss-fuzz-base/base-builder@sha256:4ad017ca53699eda684c1c444948c93a4af848fe34baee3a765d3c4693fe6a56
#5 sha256:3f10b3978a3951f6e2692fa5e5890ee5a755650381dedece7198ed0b1dcdaa8c
#5 DONE 0.0s

#4 importing cache manifest from gcr.io/fuzzbench/builders/benchmark/open62541_open62541
#4 sha256:a0e81becbf052b83e0e8fd2393bba4fd57ec85872d99175834ea1b585afe1c87
#4 ERROR: gcr.io/fuzzbench/builders/benchmark/open62541_open62541:latest: not found

#6 [2/7] RUN apt-get update && apt-get install -y make cmake python-six wget
#6 sha256:f1fca91e7c77d27e56bef8b3257f8889963212f9c9bd52f40af54a8001378122
#6 CACHED

#11 [internal] load build context
#11 sha256:fef39bcc6943e2f0c529024bd72b2c7df925986e899c2eba0bdb22867a0ac113
#11 transferring context: 30B done
#11 DONE 0.7s

#7 [3/7] RUN wget http://ftp.us.debian.org/debian/pool/main/m/mbedtls/libmbedtls-dev_2.6.0-1_amd64.deb &&     wget http://ftp.us.debian.org/debian/pool/main/m/mbedtls/libmbedcrypto0_2.6.0-1_amd64.deb &&     wget http://ftp.us.debian.org/debian/pool/main/m/mbedtls/libmbedtls10_2.6.0-1_amd64.deb &&     wget http://ftp.us.debian.org/debian/pool/main/m/mbedtls/libmbedx509-0_2.6.0-1_amd64.deb &&     dpkg -i *.deb
#7 sha256:cc0df63ac558288c46ac3d3be778d7e812a57bf329bf35acffda78899114f168
#7 1.067 --2022-02-16 23:59:32--  http://ftp.us.debian.org/debian/pool/main/m/mbedtls/libmbedtls-dev_2.6.0-1_amd64.deb
#7 1.067 Resolving ftp.us.debian.org (ftp.us.debian.org)... 64.50.236.52, 64.50.233.100, 208.80.154.139, ...
#7 1.068 Connecting to ftp.us.debian.org (ftp.us.debian.org)|64.50.236.52|:80... connected.
#7 1.190 HTTP request sent, awaiting response... 404 Not Found
#7 1.310 2022-02-16 23:59:32 ERROR 404: Not Found.
#7 1.310 
#7 ERROR: executor failed running [/bin/sh -c wget http://ftp.us.debian.org/debian/pool/main/m/mbedtls/libmbedtls-dev_2.6.0-1_amd64.deb &&     wget http://ftp.us.debian.org/debian/pool/main/m/mbedtls/libmbedcrypto0_2.6.0-1_amd64.deb &&     wget http://ftp.us.debian.org/debian/pool/main/m/mbedtls/libmbedtls10_2.6.0-1_amd64.deb &&     wget http://ftp.us.debian.org/debian/pool/main/m/mbedtls/libmbedx509-0_2.6.0-1_amd64.deb &&     dpkg -i *.deb]: exit code: 8
------
 > importing cache manifest from gcr.io/fuzzbench/builders/benchmark/open62541_open62541:
------
------
 > [3/7] RUN wget http://ftp.us.debian.org/debian/pool/main/m/mbedtls/libmbedtls-dev_2.6.0-1_amd64.deb &&     wget http://ftp.us.debian.org/debian/pool/main/m/mbedtls/libmbedcrypto0_2.6.0-1_amd64.deb &&     wget http://ftp.us.debian.org/debian/pool/main/m/mbedtls/libmbedtls10_2.6.0-1_amd64.deb &&     wget http://ftp.us.debian.org/debian/pool/main/m/mbedtls/libmbedx509-0_2.6.0-1_amd64.deb &&     dpkg -i *.deb:
------
executor failed running [/bin/sh -c wget http://ftp.us.debian.org/debian/pool/main/m/mbedtls/libmbedtls-dev_2.6.0-1_amd64.deb &&     wget http://ftp.us.debian.org/debian/pool/main/m/mbedtls/libmbedcrypto0_2.6.0-1_amd64.deb &&     wget http://ftp.us.debian.org/debian/pool/main/m/mbedtls/libmbedtls10_2.6.0-1_amd64.deb &&     wget http://ftp.us.debian.org/debian/pool/main/m/mbedtls/libmbedx509-0_2.6.0-1_amd64.deb &&     dpkg -i *.deb]: exit code: 8
make: *** [docker/generated.mk:48910: .open62541_open62541-project-builder] Error 1
