WARNING:root:gcloud not found in PATH.
INFO:root:Successfully integrated benchmark: harfbuzz_harfbuzz.
INFO:root:Please run "make test-run-afl-harfbuzz_harfbuzz" to test integration.
#1 [internal] load build definition from Dockerfile
#1 sha256:a1fefd9bb99d8138285ace1c458533ee73f4da0ec8a5e57a42d1dae6d9b78cd2
#1 transferring dockerfile: 952B done
#1 DONE 1.4s

#2 [internal] load .dockerignore
#2 sha256:378ecf2dcc5cfb12fbfa988807f02ebbaa4d318cecad326eaaa5d63fac0ea672
#2 transferring context: 2B done
#2 DONE 1.8s

#3 [internal] load metadata for gcr.io/oss-fuzz-base/base-builder:latest
#3 sha256:f10dc39cc9d418a5bc416dead31a1902b6821fdae909cd3b08f7a3fd1faba7b5
#3 DONE 0.4s

#9 [internal] load build context
#9 sha256:1a2277be3c68ef2d6d38e9bd08d45454b839fa45914016e35df6de0de2407d1e
#9 DONE 0.0s

#5 [1/5] FROM gcr.io/oss-fuzz-base/base-builder@sha256:112044a9815d235113677d459cf2ece740a51f2b85081c8f66943dcdc72ddf7f
#5 sha256:4aee4bf9f7280ac8b7f02b8d29e6e084dd034d2c294b4e3e05d8ce7048a1450f
#5 DONE 0.0s

#4 importing cache manifest from gcr.io/fuzzbench/builders/benchmark/harfbuzz_harfbuzz
#4 sha256:beb54b124a7a3b7e10d63a1e7575b6dd19b27aa9248bb5b88a405f756a36c64a
#4 ERROR: gcr.io/fuzzbench/builders/benchmark/harfbuzz_harfbuzz:latest: not found

#5 [1/5] FROM gcr.io/oss-fuzz-base/base-builder@sha256:112044a9815d235113677d459cf2ece740a51f2b85081c8f66943dcdc72ddf7f
#5 sha256:4aee4bf9f7280ac8b7f02b8d29e6e084dd034d2c294b4e3e05d8ce7048a1450f
#5 CACHED

#6 [2/5] RUN apt-get update && apt-get install -y python3-pip ragel pkg-config &&     pip3 install meson==0.53.0 ninja
#6 sha256:db5e71a8d0ff45d848618ffdb2dc8a23ea2156ab065746bb77e2c4d1ef8c66cc
#6 ...

#9 [internal] load build context
#9 sha256:1a2277be3c68ef2d6d38e9bd08d45454b839fa45914016e35df6de0de2407d1e
#9 transferring context: 1.92kB done
#9 DONE 0.1s

#6 [2/5] RUN apt-get update && apt-get install -y python3-pip ragel pkg-config &&     pip3 install meson==0.53.0 ninja
#6 sha256:db5e71a8d0ff45d848618ffdb2dc8a23ea2156ab065746bb77e2c4d1ef8c66cc
#6 0.627 Hit:1 http://archive.ubuntu.com/ubuntu focal InRelease
#6 0.627 Get:2 http://archive.ubuntu.com/ubuntu focal-updates InRelease [114 kB]
#6 0.627 Hit:3 http://ppa.launchpad.net/git-core/ppa/ubuntu focal InRelease
#6 0.711 Get:4 http://archive.ubuntu.com/ubuntu focal-backports InRelease [108 kB]
#6 0.764 Get:5 http://security.ubuntu.com/ubuntu focal-security InRelease [114 kB]
#6 1.472 Fetched 336 kB in 1s (356 kB/s)
#6 1.472 Reading package lists...
#6 2.976 Reading package lists...
#6 4.418 Building dependency tree...
#6 4.631 Reading state information...
#6 4.843 The following additional packages will be installed:
#6 4.844   libexpat1-dev libpython3-dev libpython3.8 libpython3.8-dev python-pip-whl
#6 4.844   python3-dev python3-distutils python3-lib2to3 python3-setuptools
#6 4.844   python3-wheel python3.8-dev zlib1g-dev
#6 4.846 Suggested packages:
#6 4.846   python-setuptools-doc
#6 4.985 The following NEW packages will be installed:
#6 4.986   libexpat1-dev libpython3-dev libpython3.8 libpython3.8-dev pkg-config
#6 4.986   python-pip-whl python3-dev python3-distutils python3-lib2to3 python3-pip
#6 4.986   python3-setuptools python3-wheel python3.8-dev ragel zlib1g-dev
#6 5.064 0 upgraded, 15 newly installed, 0 to remove and 0 not upgraded.
#6 5.064 Need to get 10.1 MB of archives.
#6 5.064 After this operation, 37.9 MB of additional disk space will be used.
#6 5.064 Get:1 http://archive.ubuntu.com/ubuntu focal/main amd64 libexpat1-dev amd64 2.2.9-1build1 [116 kB]
#6 5.172 Get:2 http://archive.ubuntu.com/ubuntu focal-updates/main amd64 libpython3.8 amd64 3.8.10-0ubuntu1~20.04.2 [1625 kB]
#6 5.321 Get:3 http://archive.ubuntu.com/ubuntu focal-updates/main amd64 libpython3.8-dev amd64 3.8.10-0ubuntu1~20.04.2 [3950 kB]
#6 5.654 Get:4 http://archive.ubuntu.com/ubuntu focal/main amd64 libpython3-dev amd64 3.8.2-0ubuntu2 [7236 B]
#6 5.654 Get:5 http://archive.ubuntu.com/ubuntu focal/main amd64 pkg-config amd64 0.29.1-0ubuntu4 [45.5 kB]
#6 5.657 Get:6 http://archive.ubuntu.com/ubuntu focal-updates/universe amd64 python-pip-whl all 20.0.2-5ubuntu1.6 [1805 kB]
#6 5.794 Get:7 http://archive.ubuntu.com/ubuntu focal-updates/main amd64 zlib1g-dev amd64 1:1.2.11.dfsg-2ubuntu1.2 [155 kB]
#6 5.830 Get:8 http://archive.ubuntu.com/ubuntu focal-updates/main amd64 python3.8-dev amd64 3.8.10-0ubuntu1~20.04.2 [510 kB]
#6 5.844 Get:9 http://archive.ubuntu.com/ubuntu focal-updates/main amd64 python3-lib2to3 all 3.8.10-0ubuntu1~20.04 [76.3 kB]
#6 5.849 Get:10 http://archive.ubuntu.com/ubuntu focal-updates/main amd64 python3-distutils all 3.8.10-0ubuntu1~20.04 [141 kB]
#6 5.860 Get:11 http://archive.ubuntu.com/ubuntu focal/main amd64 python3-dev amd64 3.8.2-0ubuntu2 [1212 B]
#6 5.860 Get:12 http://archive.ubuntu.com/ubuntu focal/main amd64 python3-setuptools all 45.2.0-1 [330 kB]
#6 5.884 Get:13 http://archive.ubuntu.com/ubuntu focal/universe amd64 python3-wheel all 0.34.2-1 [23.8 kB]
#6 5.886 Get:14 http://archive.ubuntu.com/ubuntu focal-updates/universe amd64 python3-pip all 20.0.2-5ubuntu1.6 [231 kB]
#6 5.903 Get:15 http://archive.ubuntu.com/ubuntu focal/universe amd64 ragel amd64 6.10-1build1 [1048 kB]
#6 6.227 debconf: delaying package configuration, since apt-utils is not installed
#6 6.299 Fetched 10.1 MB in 1s (10.2 MB/s)
#6 6.380 Selecting previously unselected package libexpat1-dev:amd64.
#6 6.380 (Reading database ... (Reading database ... 5%(Reading database ... 10%(Reading database ... 15%(Reading database ... 20%(Reading database ... 25%(Reading database ... 30%(Reading database ... 35%(Reading database ... 40%(Reading database ... 45%(Reading database ... 50%(Reading database ... 55%(Reading database ... 60%(Reading database ... 65%(Reading database ... 70%(Reading database ... 75%(Reading database ... 80%(Reading database ... 85%(Reading database ... 90%(Reading database ... 95%(Reading database ... 100%(Reading database ... 21291 files and directories currently installed.)
#6 6.401 Preparing to unpack .../00-libexpat1-dev_2.2.9-1build1_amd64.deb ...
#6 6.425 Unpacking libexpat1-dev:amd64 (2.2.9-1build1) ...
#6 6.592 Selecting previously unselected package libpython3.8:amd64.
#6 6.595 Preparing to unpack .../01-libpython3.8_3.8.10-0ubuntu1~20.04.2_amd64.deb ...
#6 6.629 Unpacking libpython3.8:amd64 (3.8.10-0ubuntu1~20.04.2) ...
#6 6.890 Selecting previously unselected package libpython3.8-dev:amd64.
#6 6.893 Preparing to unpack .../02-libpython3.8-dev_3.8.10-0ubuntu1~20.04.2_amd64.deb ...
#6 6.910 Unpacking libpython3.8-dev:amd64 (3.8.10-0ubuntu1~20.04.2) ...
#6 7.785 Selecting previously unselected package libpython3-dev:amd64.
#6 7.788 Preparing to unpack .../03-libpython3-dev_3.8.2-0ubuntu2_amd64.deb ...
#6 7.802 Unpacking libpython3-dev:amd64 (3.8.2-0ubuntu2) ...
#6 7.916 Selecting previously unselected package pkg-config.
#6 7.919 Preparing to unpack .../04-pkg-config_0.29.1-0ubuntu4_amd64.deb ...
#6 7.933 Unpacking pkg-config (0.29.1-0ubuntu4) ...
#6 8.036 Selecting previously unselected package python-pip-whl.
#6 8.039 Preparing to unpack .../05-python-pip-whl_20.0.2-5ubuntu1.6_all.deb ...
#6 8.056 Unpacking python-pip-whl (20.0.2-5ubuntu1.6) ...
#6 8.319 Selecting previously unselected package zlib1g-dev:amd64.
#6 8.322 Preparing to unpack .../06-zlib1g-dev_1%3a1.2.11.dfsg-2ubuntu1.2_amd64.deb ...
#6 8.345 Unpacking zlib1g-dev:amd64 (1:1.2.11.dfsg-2ubuntu1.2) ...
#6 8.483 Selecting previously unselected package python3.8-dev.
#6 8.486 Preparing to unpack .../07-python3.8-dev_3.8.10-0ubuntu1~20.04.2_amd64.deb ...
#6 8.509 Unpacking python3.8-dev (3.8.10-0ubuntu1~20.04.2) ...
#6 8.627 Selecting previously unselected package python3-lib2to3.
#6 8.630 Preparing to unpack .../08-python3-lib2to3_3.8.10-0ubuntu1~20.04_all.deb ...
#6 8.637 Unpacking python3-lib2to3 (3.8.10-0ubuntu1~20.04) ...
#6 8.745 Selecting previously unselected package python3-distutils.
#6 8.748 Preparing to unpack .../09-python3-distutils_3.8.10-0ubuntu1~20.04_all.deb ...
#6 8.754 Unpacking python3-distutils (3.8.10-0ubuntu1~20.04) ...
#6 8.849 Selecting previously unselected package python3-dev.
#6 8.852 Preparing to unpack .../10-python3-dev_3.8.2-0ubuntu2_amd64.deb ...
#6 8.858 Unpacking python3-dev (3.8.2-0ubuntu2) ...
#6 8.938 Selecting previously unselected package python3-setuptools.
#6 8.942 Preparing to unpack .../11-python3-setuptools_45.2.0-1_all.deb ...
#6 8.956 Unpacking python3-setuptools (45.2.0-1) ...
#6 9.088 Selecting previously unselected package python3-wheel.
#6 9.091 Preparing to unpack .../12-python3-wheel_0.34.2-1_all.deb ...
#6 9.103 Unpacking python3-wheel (0.34.2-1) ...
#6 9.184 Selecting previously unselected package python3-pip.
#6 9.187 Preparing to unpack .../13-python3-pip_20.0.2-5ubuntu1.6_all.deb ...
#6 9.193 Unpacking python3-pip (20.0.2-5ubuntu1.6) ...
#6 9.301 Selecting previously unselected package ragel.
#6 9.304 Preparing to unpack .../14-ragel_6.10-1build1_amd64.deb ...
#6 9.312 Unpacking ragel (6.10-1build1) ...
#6 9.479 Setting up python3-wheel (0.34.2-1) ...
#6 9.722 Setting up ragel (6.10-1build1) ...
#6 9.749 Setting up libexpat1-dev:amd64 (2.2.9-1build1) ...
#6 9.775 Setting up libpython3.8:amd64 (3.8.10-0ubuntu1~20.04.2) ...
#6 9.805 Setting up pkg-config (0.29.1-0ubuntu4) ...
#6 9.903 Setting up zlib1g-dev:amd64 (1:1.2.11.dfsg-2ubuntu1.2) ...
#6 9.921 Setting up python-pip-whl (20.0.2-5ubuntu1.6) ...
#6 9.962 Setting up python3-lib2to3 (3.8.10-0ubuntu1~20.04) ...
#6 10.14 Setting up python3-distutils (3.8.10-0ubuntu1~20.04) ...
#6 10.61 Setting up python3-setuptools (45.2.0-1) ...
#6 11.62 Setting up libpython3.8-dev:amd64 (3.8.10-0ubuntu1~20.04.2) ...
#6 11.82 Setting up python3-pip (20.0.2-5ubuntu1.6) ...
#6 12.53 Setting up python3.8-dev (3.8.10-0ubuntu1~20.04.2) ...
#6 13.33 Setting up libpython3-dev:amd64 (3.8.2-0ubuntu2) ...
#6 13.75 Setting up python3-dev (3.8.2-0ubuntu2) ...
#6 15.80 Processing triggers for libc-bin (2.31-0ubuntu9.2) ...
#6 16.63 Collecting meson==0.53.0
#6 17.07   Downloading https://files.pythonhosted.org/packages/3c/f8/71d5cb2e64515db8872fc412909811edca86776bd416e1920708b9fdba95/meson-0.53.0.tar.gz (1.5MB)
#6 18.41   Installing build dependencies: started
#6 21.60   Installing build dependencies: finished with status 'done'
#6 21.60   Getting requirements to build wheel: started
#6 23.47   Getting requirements to build wheel: finished with status 'done'
#6 23.48     Preparing wheel metadata: started
#6 25.28     Preparing wheel metadata: finished with status 'done'
#6 25.30 Collecting ninja
#6 25.47   Downloading https://files.pythonhosted.org/packages/52/65/d212822d0f29afecbad20cc3b3f41b8eeb4b47bea728602b8ce0b2d347f5/ninja-1.10.2.3-py2.py3-none-manylinux_2_5_x86_64.manylinux1_x86_64.whl (108kB)
#6 25.51 Building wheels for collected packages: meson
#6 25.51   Building wheel for meson (PEP 517): started
#6 28.02   Building wheel for meson (PEP 517): finished with status 'done'
#6 28.02   Created wheel for meson: filename=meson-0.53.0-cp38-none-any.whl size=599666 sha256=3fdc712066e913a345dab0dfda04fc399a16788a84f5e39632b1efc31e0dcc4a
#6 28.02   Stored in directory: /root/.cache/pip/wheels/39/62/74/4ef6345dc75b7178edb4962ca3d1aaddd143d202061c2f5c8a
#6 28.41 Successfully built meson
#6 28.43 Installing collected packages: meson, ninja
#6 29.20 Successfully installed meson-0.53.0 ninja-1.10.2.3
#6 29.23 WARNING: You are using pip version 19.2.3, however version 22.0.3 is available.
#6 29.23 You should consider upgrading via the 'pip install --upgrade pip' command.
#6 DONE 30.6s

#7 [3/5] RUN git clone --depth 1 https://github.com/harfbuzz/harfbuzz.git
#7 sha256:d0e51d6f600df939e40a5fdff93aa3aca3ca4f8fb53c14565dc24abfe1678855
#7 0.445 Cloning into 'harfbuzz'...
#7 DONE 9.4s

#8 [4/5] WORKDIR harfbuzz
#8 sha256:2d2b6157668644aec9b04b25be8db290c68dad0a0cd4790298920cd1b654cddf
#8 DONE 0.1s

#10 [5/5] COPY build.sh /src/
#10 sha256:f82fec3981f6a7b6305404a9478e7d9f1965978d561229707711ff3444a79336
#10 DONE 0.1s

#11 exporting to image
#11 sha256:e8c613e07b0b7ff33893b694f7759a10d42e180f2b4dc349fb57dc6b71dcab00
#11 exporting layers done
#11 writing image sha256:d05e84e9b243c4fafbde79c072afe6823c19df589f50539e94278682add607fb done
#11 naming to gcr.io/fuzzbench/builders/benchmark/harfbuzz_harfbuzz done
#11 DONE 0.2s

#12 exporting cache
#12 sha256:2700d4ef94dee473593c5c614b55b2dedcca7893909811a8f2b48291a1f581e4
#12 preparing build cache for export done
#12 DONE 0.0s
------
 > importing cache manifest from gcr.io/fuzzbench/builders/benchmark/harfbuzz_harfbuzz:
------
#1 [internal] load build definition from builder.Dockerfile
#1 sha256:50c9a4cd5b98583c74409977df9c6521e723b85d3e0993ce7da135882c7cd670
#1 transferring dockerfile: 46B done
#1 DONE 0.1s

#2 [internal] load .dockerignore
#2 sha256:6cfcd36f015d0c4289a33535e795f6858687b58d4406be6a4ea335f06a912bcb
#2 transferring context: 2B done
#2 DONE 0.1s

#3 [internal] load metadata for gcr.io/fuzzbench/builders/benchmark/harfbuzz_harfbuzz:latest
#3 sha256:e24f011ee1a162ea7a351b86b5e20ddd6a12161d5fd83bbf3d98f76a104d9019
#3 DONE 0.0s

#5 [1/3] FROM gcr.io/fuzzbench/builders/benchmark/harfbuzz_harfbuzz
#5 sha256:45b170ec95204ba5ddf577095d502d28a1ebef0eda308fa7518425f4842b6c6d
#5 DONE 0.0s

#4 importing cache manifest from gcr.io/fuzzbench/builders/afl/harfbuzz_harfbuzz-intermediate
#4 sha256:6170080a8b8a53b02eae6776d67e58861cc2372fbba9a242754e43ddb3caa316
#4 ERROR: gcr.io/fuzzbench/builders/afl/harfbuzz_harfbuzz-intermediate:latest: not found

#5 [1/3] FROM gcr.io/fuzzbench/builders/benchmark/harfbuzz_harfbuzz
#5 sha256:45b170ec95204ba5ddf577095d502d28a1ebef0eda308fa7518425f4842b6c6d
#5 DONE 0.6s

#6 [2/3] RUN git clone https://github.com/google/AFL.git /afl &&     cd /afl &&     git checkout 61037103ae3722c8060ff7082994836a794f978e &&     AFL_NO_X86=1 make
#6 sha256:4b985e687444c10ce015722a057931e48c48edc6fdcb66a95e62487fed22fb89
#6 0.404 Cloning into '/afl'...
#6 1.677 Note: switching to '61037103ae3722c8060ff7082994836a794f978e'.
#6 1.677 
#6 1.677 You are in 'detached HEAD' state. You can look around, make experimental
#6 1.677 changes and commit them, and you can discard any commits you make in this
#6 1.677 state without impacting any branches by switching back to a branch.
#6 1.677 
#6 1.677 If you want to create a new branch to retain commits you create, you may
#6 1.677 do so (now or later) by using -c with the switch command. Example:
#6 1.677 
#6 1.677   git switch -c <new-branch-name>
#6 1.677 
#6 1.677 Or undo this operation with:
#6 1.677 
#6 1.677   git switch -
#6 1.677 
#6 1.677 Turn off this advice by setting config variable advice.detachedHead to false
#6 1.677 
#6 1.677 HEAD is now at 6103710 Fix a typo filename comparison in the fuzzer (#139)
#6 1.694 [!] Note: skipping x86 compilation checks (AFL_NO_X86 set).
#6 1.695 clang -O1 -fno-omit-frame-pointer -gline-tables-only -DFUZZING_BUILD_MODE_UNSAFE_FOR_PRODUCTION -Wall -D_FORTIFY_SOURCE=2 -g -Wno-pointer-sign -DAFL_PATH=\"/usr/local/lib/afl\" -DDOC_PATH=\"/usr/local/share/doc/afl\" -DBIN_PATH=\"/usr/local/bin\" afl-gcc.c -o afl-gcc -ldl
#6 1.876 set -e; for i in afl-g++ afl-clang afl-clang++; do ln -sf afl-gcc $i; done
#6 1.881 clang -O1 -fno-omit-frame-pointer -gline-tables-only -DFUZZING_BUILD_MODE_UNSAFE_FOR_PRODUCTION -Wall -D_FORTIFY_SOURCE=2 -g -Wno-pointer-sign -DAFL_PATH=\"/usr/local/lib/afl\" -DDOC_PATH=\"/usr/local/share/doc/afl\" -DBIN_PATH=\"/usr/local/bin\" afl-fuzz.c -o afl-fuzz -ldl
#6 4.260 clang -O1 -fno-omit-frame-pointer -gline-tables-only -DFUZZING_BUILD_MODE_UNSAFE_FOR_PRODUCTION -Wall -D_FORTIFY_SOURCE=2 -g -Wno-pointer-sign -DAFL_PATH=\"/usr/local/lib/afl\" -DDOC_PATH=\"/usr/local/share/doc/afl\" -DBIN_PATH=\"/usr/local/bin\" afl-showmap.c -o afl-showmap -ldl
#6 4.588 clang -O1 -fno-omit-frame-pointer -gline-tables-only -DFUZZING_BUILD_MODE_UNSAFE_FOR_PRODUCTION -Wall -D_FORTIFY_SOURCE=2 -g -Wno-pointer-sign -DAFL_PATH=\"/usr/local/lib/afl\" -DDOC_PATH=\"/usr/local/share/doc/afl\" -DBIN_PATH=\"/usr/local/bin\" afl-tmin.c -o afl-tmin -ldl
#6 5.014 clang -O1 -fno-omit-frame-pointer -gline-tables-only -DFUZZING_BUILD_MODE_UNSAFE_FOR_PRODUCTION -Wall -D_FORTIFY_SOURCE=2 -g -Wno-pointer-sign -DAFL_PATH=\"/usr/local/lib/afl\" -DDOC_PATH=\"/usr/local/share/doc/afl\" -DBIN_PATH=\"/usr/local/bin\" afl-gotcpu.c -o afl-gotcpu -ldl
#6 5.164 clang -O1 -fno-omit-frame-pointer -gline-tables-only -DFUZZING_BUILD_MODE_UNSAFE_FOR_PRODUCTION -Wall -D_FORTIFY_SOURCE=2 -g -Wno-pointer-sign -DAFL_PATH=\"/usr/local/lib/afl\" -DDOC_PATH=\"/usr/local/share/doc/afl\" -DBIN_PATH=\"/usr/local/bin\" afl-analyze.c -o afl-analyze -ldl
#6 5.580 clang -O1 -fno-omit-frame-pointer -gline-tables-only -DFUZZING_BUILD_MODE_UNSAFE_FOR_PRODUCTION -Wall -D_FORTIFY_SOURCE=2 -g -Wno-pointer-sign -DAFL_PATH=\"/usr/local/lib/afl\" -DDOC_PATH=\"/usr/local/share/doc/afl\" -DBIN_PATH=\"/usr/local/bin\" afl-as.c -o afl-as -ldl
#6 5.818 ln -sf afl-as as
#6 5.820 [!] Note: skipping build tests (you may need to use LLVM or QEMU mode).
#6 5.823 [+] LLVM users: see llvm_mode/README.llvm for a faster alternative to afl-gcc.
#6 5.824 [+] All done! Be sure to review README - it's pretty short and useful.
#6 DONE 6.2s

#7 [3/3] RUN apt-get update &&     apt-get install wget -y &&     wget https://raw.githubusercontent.com/llvm/llvm-project/5feb80e748924606531ba28c97fe65145c65372e/compiler-rt/lib/fuzzer/afl/afl_driver.cpp -O /afl/afl_driver.cpp &&     clang -Wno-pointer-sign -c /afl/llvm_mode/afl-llvm-rt.o.c -I/afl &&     clang++ -stdlib=libc++ -std=c++11 -O2 -c /afl/afl_driver.cpp &&     ar r /libAFL.a *.o
#7 sha256:0de17325d0e5a3cbfab84138a902a309a9372d85f5ba94c822d6aebf72022312
#7 0.676 Hit:1 http://ppa.launchpad.net/git-core/ppa/ubuntu focal InRelease
#7 0.676 Hit:2 http://security.ubuntu.com/ubuntu focal-security InRelease
#7 0.682 Hit:3 http://archive.ubuntu.com/ubuntu focal InRelease
#7 0.704 Hit:4 http://archive.ubuntu.com/ubuntu focal-updates InRelease
#7 0.727 Hit:5 http://archive.ubuntu.com/ubuntu focal-backports InRelease
#7 1.602 Reading package lists...
#7 3.103 Reading package lists...
#7 4.526 Building dependency tree...
#7 4.736 Reading state information...
#7 4.983 wget is already the newest version (1.20.3-1ubuntu2).
#7 4.983 0 upgraded, 0 newly installed, 0 to remove and 0 not upgraded.
#7 4.989 --2022-02-18 07:33:53--  https://raw.githubusercontent.com/llvm/llvm-project/5feb80e748924606531ba28c97fe65145c65372e/compiler-rt/lib/fuzzer/afl/afl_driver.cpp
#7 4.991 Resolving raw.githubusercontent.com (raw.githubusercontent.com)... 185.199.108.133, 185.199.109.133, 185.199.111.133, ...
#7 4.993 Connecting to raw.githubusercontent.com (raw.githubusercontent.com)|185.199.108.133|:443... connected.
#7 5.015 HTTP request sent, awaiting response... 200 OK
#7 5.035 Length: 9177 (9.0K) [text/plain]
#7 5.035 Saving to: '/afl/afl_driver.cpp'
#7 5.035 
#7 5.035      0K ........                                              100% 12.3M=0.001s
#7 5.036 
#7 5.036 2022-02-18 07:33:53 (12.3 MB/s) - '/afl/afl_driver.cpp' saved [9177/9177]
#7 5.036 
#7 6.806 ar: creating /libAFL.a
#7 DONE 7.1s

#8 exporting to image
#8 sha256:e8c613e07b0b7ff33893b694f7759a10d42e180f2b4dc349fb57dc6b71dcab00
#8 exporting layers done
#8 writing image sha256:0a160f3e49cd844d8ba8c81d0961dc93dfd1d426856e4696cb83cfd35ba14cad
#8 writing image sha256:0a160f3e49cd844d8ba8c81d0961dc93dfd1d426856e4696cb83cfd35ba14cad done
#8 naming to gcr.io/fuzzbench/builders/afl/harfbuzz_harfbuzz-intermediate done
#8 DONE 0.1s

#9 exporting cache
#9 sha256:2700d4ef94dee473593c5c614b55b2dedcca7893909811a8f2b48291a1f581e4
#9 preparing build cache for export done
#9 DONE 0.0s
------
 > importing cache manifest from gcr.io/fuzzbench/builders/afl/harfbuzz_harfbuzz-intermediate:
------
#1 [internal] load build definition from Dockerfile
#1 sha256:c1144af3ae19609cdf9d6e6793fc905e887dc752e94195798c1535ef4dc3bc6f
#1 transferring dockerfile: 2.00kB done
#1 DONE 0.0s

#2 [internal] load .dockerignore
#2 sha256:466ba9fbd59c9fd1a4a8163b745c2114f766e38ebaff6dd8b3c54eeb4ed8efcd
#2 transferring context: 34B done
#2 DONE 0.1s

#3 [internal] load metadata for docker.io/library/ubuntu:xenial
#3 sha256:f62bae18ed588840f045c881b2502661f2a89578a2f8f99b83f5200ee83dd25b
#3 DONE 0.0s

#5 [1/7] FROM docker.io/library/ubuntu:xenial
#5 sha256:14dd403f25ae9e519bd44f27dc17af7ce80f5a4f9f48ca88108364e67ec5d360
#5 DONE 0.0s

#4 importing cache manifest from gcr.io/fuzzbench/base-image
#4 sha256:9b220ebb4d4daceed1b96df9b6dca076e762f1cd612574f010b82d5b9e5ad896
#4 DONE 0.0s

#8 [internal] load build context
#8 sha256:56a3a7e96fed19ce9c5aad211a0b4c8eebd245aa6cc966a625daeacf9bbad282
#8 transferring context: 559B 0.0s done
#8 DONE 0.1s

#10 [5/7] RUN pip3 install -r /requirements.txt
#10 sha256:cccf0dcd30aad664a43bca06371e79b39264a26db5a2a6a44a38ec3b37349442
#10 CACHED

#6 [2/7] RUN apt-get update -y && apt-get install -y     build-essential     rsync     curl     zlib1g-dev     libncurses5-dev     libgdbm-dev     libnss3-dev     libssl-dev     libreadline-dev     libffi-dev     virtualenv     libbz2-dev     liblzma-dev     libsqlite3-dev
#6 sha256:3a1b0960f17eed529eaae93dc8fd3554f2743dd584d8fa569cdbe6bc734371ac
#6 CACHED

#9 [4/7] COPY ./requirements.txt /
#9 sha256:397882e8e22ac611f9da86d9088f22e59f6d565a37138e4ed12d659c9f75e91d
#9 CACHED

#7 [3/7] RUN cd /tmp/ &&     curl -O https://www.python.org/ftp/python/3.8.6/Python-3.8.6.tar.xz &&     tar -xvf Python-3.8.6.tar.xz &&     cd Python-3.8.6 &&     ./configure --enable-loadable-sqlite-extensions --enable-optimizations &&     make -j install &&     rm -r /tmp/Python-3.8.6.tar.xz /tmp/Python-3.8.6
#7 sha256:c5b9d1fb3371e84dbc60b76e7b2f8d5913bc93bcd4910ab65daa03e7b2ec4bb0
#7 CACHED

#11 [6/7] RUN apt-get update -y && apt-get install -y     apt-transport-https     lsb-release
#11 sha256:d095df23d184da0d357c860b1cf0412d3616051ca5dd7b7665ed973065d6413a
#11 CACHED

#12 [7/7] RUN CLOUD_SDK_REPO="cloud-sdk-$(lsb_release -c -s)" &&     echo "deb https://packages.cloud.google.com/apt $CLOUD_SDK_REPO main"     | tee -a /etc/apt/sources.list.d/google-cloud-sdk.list &&     curl https://packages.cloud.google.com/apt/doc/apt-key.gpg     | apt-key add - &&     apt-get update -y &&     apt-get install -y google-cloud-sdk
#12 sha256:e4ef3a87eab5cdcbb57b09866e731a1cdef8537bb57ff07274489dde19ef4000
#12 CACHED

#13 exporting to image
#13 sha256:e8c613e07b0b7ff33893b694f7759a10d42e180f2b4dc349fb57dc6b71dcab00
#13 exporting layers done
#13 writing image sha256:7c312afc0c92be055a6e596de5bde5bb2ff79522f51f5d5c5b849c01586f4ff7
#13 writing image sha256:7c312afc0c92be055a6e596de5bde5bb2ff79522f51f5d5c5b849c01586f4ff7 0.0s done
#13 naming to gcr.io/fuzzbench/base-image done
#13 DONE 0.1s

#14 exporting cache
#14 sha256:2700d4ef94dee473593c5c614b55b2dedcca7893909811a8f2b48291a1f581e4
#14 preparing build cache for export done
#14 DONE 0.0s
#1 [internal] load build definition from Dockerfile
#1 sha256:44a42b12ad0bc2e0888694074e344c228239a47b48099ed769e3187e9822ea45
#1 transferring dockerfile: 2.22kB done
#1 DONE 0.0s

#2 [internal] load .dockerignore
#2 sha256:a1f2e39bcdcf023e6ca0b72fc0291dc9b95b54b1d017a3ce91b990339b35d8d8
#2 transferring context: 34B done
#2 DONE 0.1s

#4 [internal] load metadata for gcr.io/fuzzbench/base-image:latest
#4 sha256:932022888f650cc455b10eb5123bb08c0cccacac29a693e69314abbfd28a72c3
#4 DONE 0.0s

#3 [internal] load metadata for gcr.io/fuzzbench/builders/afl/harfbuzz_harfbuzz-intermediate:latest
#3 sha256:bab1dbdfc84aab931fa308525bfc8224890466731714aaa31b56c48ad81f6bdf
#3 DONE 0.0s

#12 [internal] load build context
#12 sha256:86004ad2131a1eca0e790e1291459094bbff52f534a7852a21c9a9ee4810e3ed
#12 DONE 0.0s

#7 [base-image 1/1] FROM gcr.io/fuzzbench/base-image
#7 sha256:4d07825694520f8b6f6a0d8592dbd345433361ae044cb7f06706c5a95e3daaad
#7 DONE 0.0s

#6 [stage-1  1/13] FROM gcr.io/fuzzbench/builders/afl/harfbuzz_harfbuzz-intermediate
#6 sha256:10225a588b92c761feb8a1517941f4980ea6ccd10f314326869d505a2c15ead6
#6 DONE 0.0s

#5 importing cache manifest from gcr.io/fuzzbench/builders/afl/harfbuzz_harfbuzz
#5 sha256:c1d6fc2d24052bbd68455879452d1f57107c25b5d6bdc51686d0af80029586d6
#5 ERROR: gcr.io/fuzzbench/builders/afl/harfbuzz_harfbuzz:latest: not found

#7 [base-image 1/1] FROM gcr.io/fuzzbench/base-image
#7 sha256:4d07825694520f8b6f6a0d8592dbd345433361ae044cb7f06706c5a95e3daaad
#7 CACHED

#12 [internal] load build context
#12 sha256:86004ad2131a1eca0e790e1291459094bbff52f534a7852a21c9a9ee4810e3ed
#12 transferring context: 669.87kB 0.1s done
#12 DONE 0.2s

#6 [stage-1  1/13] FROM gcr.io/fuzzbench/builders/afl/harfbuzz_harfbuzz-intermediate
#6 sha256:10225a588b92c761feb8a1517941f4980ea6ccd10f314326869d505a2c15ead6
#6 DONE 0.8s

#8 [stage-1  2/13] COPY --from=base-image /usr/local/bin/python3* /usr/local/bin/
#8 sha256:724ae1c2460f348fa0787001ff1df8bbb6b179906a7d274349bd32c38f7d4848
#8 DONE 0.5s

#9 [stage-1  3/13] COPY --from=base-image /usr/local/lib/python3.8 /usr/local/lib/python3.8
#9 sha256:44f63b6fb3a57f52d58b61de45a12d44ff7d01c26a9d316ab4680d43ce1436ca
#9 DONE 15.6s

#10 [stage-1  4/13] COPY --from=base-image /usr/local/include/python3.8 /usr/local/include/python3.8
#10 sha256:d406517dbcdcfc720ae1fbb2627099913fa26c055eb3d6f008b0a457ab796360
#10 DONE 0.2s

#11 [stage-1  5/13] COPY --from=base-image /usr/local/lib/python3.8/site-packages /usr/local/lib/python3.8/site-packages
#11 sha256:b24463e7b4d67d5dc553baa7f170a4b4ae003e294eeb1cad07c5233788caf9a6
#11 DONE 22.4s

#13 [stage-1  6/13] COPY fuzzers /src/fuzzers
#13 sha256:41235b1ed084a9f92812f066303ae63a5b3293c64cb9997118479ff4e1a66581
#13 DONE 0.9s

#14 [stage-1  7/13] RUN touch /src/__init__.py
#14 sha256:2428420cf074973ef6db6a97982377ae3ca2d1d7d1272d2bc7bfad25753a3eb6
#14 DONE 0.6s

#15 [stage-1  8/13] COPY benchmarks/harfbuzz_harfbuzz/benchmark.yaml /
#15 sha256:121dc60a3d1a1ae4a96a2c267929285a113cc34b070bb394b92951ef24d03a4e
#15 DONE 0.3s

#16 [stage-1  9/13] RUN mkdir /opt/fuzzbench/
#16 sha256:a88115f1c9539cca43fad3bc8cf8a25c40f7ee81582633314e2a971a11ca46d4
#16 DONE 0.5s

#17 [stage-1 10/13] COPY docker/benchmark-builder/checkout_commit.py /opt/fuzzbench/
#17 sha256:ab36f7c390befd29767220c4eec32bacbdd6304eb1f4573d98fda244412c67b0
#17 DONE 0.2s

#18 [stage-1 11/13] RUN export CHECKOUT_COMMIT=$(cat /benchmark.yaml | tr -d ' ' | grep 'commit:' | cut -d ':' -f2) &&     python3 -u /opt/fuzzbench/checkout_commit.py $CHECKOUT_COMMIT /src
#18 sha256:13abe4476047c9b23dde930c95be5f95e093d6c442b37146641098a43173e064
#18 0.458 Checking out commit 84faf557
#18 12.14 From https://github.com/harfbuzz/harfbuzz
#18 12.14  * [new tag]             0.6.0              -> 0.6.0
#18 12.14  * [new tag]             0.9.1              -> 0.9.1
#18 12.14  * [new tag]             0.9.10             -> 0.9.10
#18 12.14  * [new tag]             0.9.11             -> 0.9.11
#18 12.14  * [new tag]             0.9.12             -> 0.9.12
#18 12.14  * [new tag]             0.9.13             -> 0.9.13
#18 12.14  * [new tag]             0.9.14             -> 0.9.14
#18 12.14  * [new tag]             0.9.15             -> 0.9.15
#18 12.14  * [new tag]             0.9.16             -> 0.9.16
#18 12.15  * [new tag]             0.9.17             -> 0.9.17
#18 12.15  * [new tag]             0.9.18             -> 0.9.18
#18 12.15  * [new tag]             0.9.19             -> 0.9.19
#18 12.15  * [new tag]             0.9.2              -> 0.9.2
#18 12.15  * [new tag]             0.9.20             -> 0.9.20
#18 12.15  * [new tag]             0.9.21             -> 0.9.21
#18 12.15  * [new tag]             0.9.22             -> 0.9.22
#18 12.15  * [new tag]             0.9.23             -> 0.9.23
#18 12.15  * [new tag]             0.9.24             -> 0.9.24
#18 12.15  * [new tag]             0.9.25             -> 0.9.25
#18 12.15  * [new tag]             0.9.26             -> 0.9.26
#18 12.15  * [new tag]             0.9.27             -> 0.9.27
#18 12.15  * [new tag]             0.9.28             -> 0.9.28
#18 12.15  * [new tag]             0.9.29             -> 0.9.29
#18 12.15  * [new tag]             0.9.3              -> 0.9.3
#18 12.15  * [new tag]             0.9.30             -> 0.9.30
#18 12.15  * [new tag]             0.9.31             -> 0.9.31
#18 12.15  * [new tag]             0.9.32             -> 0.9.32
#18 12.15  * [new tag]             0.9.33             -> 0.9.33
#18 12.15  * [new tag]             0.9.34             -> 0.9.34
#18 12.15  * [new tag]             0.9.35             -> 0.9.35
#18 12.15  * [new tag]             0.9.36             -> 0.9.36
#18 12.15  * [new tag]             0.9.37             -> 0.9.37
#18 12.15  * [new tag]             0.9.38             -> 0.9.38
#18 12.15  * [new tag]             0.9.39             -> 0.9.39
#18 12.15  * [new tag]             0.9.4              -> 0.9.4
#18 12.15  * [new tag]             0.9.40             -> 0.9.40
#18 12.15  * [new tag]             0.9.41             -> 0.9.41
#18 12.15  * [new tag]             0.9.42             -> 0.9.42
#18 12.15  * [new tag]             0.9.5              -> 0.9.5
#18 12.15  * [new tag]             0.9.6              -> 0.9.6
#18 12.15  * [new tag]             0.9.7              -> 0.9.7
#18 12.15  * [new tag]             0.9.8              -> 0.9.8
#18 12.15  * [new tag]             0.9.9              -> 0.9.9
#18 12.15  * [new tag]             1.0.0              -> 1.0.0
#18 12.15  * [new tag]             1.0.1              -> 1.0.1
#18 12.15  * [new tag]             1.0.2              -> 1.0.2
#18 12.15  * [new tag]             1.0.3              -> 1.0.3
#18 12.15  * [new tag]             1.0.4              -> 1.0.4
#18 12.16  * [new tag]             1.0.5              -> 1.0.5
#18 12.16  * [new tag]             1.0.6              -> 1.0.6
#18 12.16  * [new tag]             1.1.0              -> 1.1.0
#18 12.16  * [new tag]             1.1.1              -> 1.1.1
#18 12.16  * [new tag]             1.1.2              -> 1.1.2
#18 12.16  * [new tag]             1.1.3              -> 1.1.3
#18 12.16  * [new tag]             1.2.0              -> 1.2.0
#18 12.16  * [new tag]             1.2.1              -> 1.2.1
#18 12.16  * [new tag]             1.2.2              -> 1.2.2
#18 12.16  * [new tag]             1.2.3              -> 1.2.3
#18 12.16  * [new tag]             1.2.4              -> 1.2.4
#18 12.16  * [new tag]             1.2.5              -> 1.2.5
#18 12.16  * [new tag]             1.2.6              -> 1.2.6
#18 12.16  * [new tag]             1.2.7              -> 1.2.7
#18 12.16  * [new tag]             1.3.0              -> 1.3.0
#18 12.16  * [new tag]             1.3.1              -> 1.3.1
#18 12.16  * [new tag]             1.3.2              -> 1.3.2
#18 12.16  * [new tag]             1.3.3              -> 1.3.3
#18 12.16  * [new tag]             1.3.4              -> 1.3.4
#18 12.16  * [new tag]             1.4.0              -> 1.4.0
#18 12.16  * [new tag]             1.4.1              -> 1.4.1
#18 12.16  * [new tag]             1.4.2              -> 1.4.2
#18 12.16  * [new tag]             1.4.3              -> 1.4.3
#18 12.16  * [new tag]             1.4.4              -> 1.4.4
#18 12.16  * [new tag]             1.4.5              -> 1.4.5
#18 12.16  * [new tag]             1.4.6              -> 1.4.6
#18 12.16  * [new tag]             1.4.7              -> 1.4.7
#18 12.16  * [new tag]             1.4.8              -> 1.4.8
#18 12.16  * [new tag]             1.5.0              -> 1.5.0
#18 12.16  * [new tag]             1.5.1              -> 1.5.1
#18 12.16  * [new tag]             1.6.0              -> 1.6.0
#18 12.16  * [new tag]             1.6.1              -> 1.6.1
#18 12.16  * [new tag]             1.6.2              -> 1.6.2
#18 12.16  * [new tag]             1.6.3              -> 1.6.3
#18 12.16  * [new tag]             1.7.0              -> 1.7.0
#18 12.16  * [new tag]             1.7.1              -> 1.7.1
#18 12.16  * [new tag]             1.7.2              -> 1.7.2
#18 12.16  * [new tag]             1.7.3              -> 1.7.3
#18 12.16  * [new tag]             1.7.4              -> 1.7.4
#18 12.16  * [new tag]             1.7.5              -> 1.7.5
#18 12.16  * [new tag]             1.7.6              -> 1.7.6
#18 12.16  * [new tag]             1.7.7              -> 1.7.7
#18 12.17  * [new tag]             1.8.0              -> 1.8.0
#18 12.17  * [new tag]             1.8.1              -> 1.8.1
#18 12.17  * [new tag]             1.8.2              -> 1.8.2
#18 12.17  * [new tag]             1.8.3              -> 1.8.3
#18 12.17  * [new tag]             1.8.4              -> 1.8.4
#18 12.17  * [new tag]             1.8.5              -> 1.8.5
#18 12.17  * [new tag]             1.8.6              -> 1.8.6
#18 12.17  * [new tag]             1.8.7              -> 1.8.7
#18 12.17  * [new tag]             1.8.8              -> 1.8.8
#18 12.17  * [new tag]             1.9.0              -> 1.9.0
#18 12.17  * [new tag]             2.0.0              -> 2.0.0
#18 12.17  * [new tag]             2.0.1              -> 2.0.1
#18 12.17  * [new tag]             2.0.2              -> 2.0.2
#18 12.17  * [new tag]             2.1.0              -> 2.1.0
#18 12.17  * [new tag]             2.1.1              -> 2.1.1
#18 12.17  * [new tag]             2.1.2              -> 2.1.2
#18 12.17  * [new tag]             2.1.3              -> 2.1.3
#18 12.17  * [new tag]             2.2.0              -> 2.2.0
#18 12.17  * [new tag]             2.3.0              -> 2.3.0
#18 12.17  * [new tag]             2.3.1              -> 2.3.1
#18 12.17  * [new tag]             2.4.0              -> 2.4.0
#18 12.17  * [new tag]             2.5.0              -> 2.5.0
#18 12.17  * [new tag]             2.5.1              -> 2.5.1
#18 12.17  * [new tag]             2.5.2              -> 2.5.2
#18 12.17  * [new tag]             2.5.3              -> 2.5.3
#18 12.17  * [new tag]             2.6.0              -> 2.6.0
#18 12.17  * [new tag]             2.6.1              -> 2.6.1
#18 12.17  * [new tag]             2.6.2              -> 2.6.2
#18 12.17  * [new tag]             2.6.3              -> 2.6.3
#18 12.17  * [new tag]             2.6.4              -> 2.6.4
#18 12.17  * [new tag]             2.6.5              -> 2.6.5
#18 12.17  * [new tag]             2.6.6              -> 2.6.6
#18 12.17  * [new tag]             2.6.7              -> 2.6.7
#18 12.17  * [new tag]             2.6.8              -> 2.6.8
#18 12.17  * [new tag]             2.7.0              -> 2.7.0
#18 12.17  * [new tag]             2.7.1              -> 2.7.1
#18 12.17  * [new tag]             2.7.2              -> 2.7.2
#18 12.17  * [new tag]             2.7.3              -> 2.7.3
#18 12.17  * [new tag]             2.7.4              -> 2.7.4
#18 12.17  * [new tag]             2.8.0              -> 2.8.0
#18 12.17  * [new tag]             2.8.1              -> 2.8.1
#18 12.17  * [new tag]             2.8.2              -> 2.8.2
#18 12.17  * [new tag]             2.9.0              -> 2.9.0
#18 12.17  * [new tag]             2.9.1              -> 2.9.1
#18 12.17  * [new tag]             3.0.0              -> 3.0.0
#18 12.17  * [new tag]             3.1.0              -> 3.1.0
#18 12.18  * [new tag]             3.1.1              -> 3.1.1
#18 12.18  * [new tag]             3.1.2              -> 3.1.2
#18 12.18  * [new tag]             3.2.0              -> 3.2.0
#18 12.18  * [new tag]             3.3.0              -> 3.3.0
#18 12.18  * [new tag]             3.3.1              -> 3.3.1
#18 12.18  * [new tag]             3.3.2              -> 3.3.2
#18 12.18  * [new tag]             3.4.0              -> 3.4.0
#18 12.18  * [new tag]             hb-rename          -> hb-rename
#18 12.18  * [new tag]             ng-mergepoint      -> ng-mergepoint
#18 12.18  * [new tag]             ng-start           -> ng-start
#18 12.18  * [new tag]             pango-extractpoint -> pango-extractpoint
#18 12.18  * [new tag]             pango-start        -> pango-start
#18 12.19 error: pathspec '84faf557' did not match any file(s) known to git
#18 12.19 error: pathspec '84faf557' did not match any file(s) known to git
#18 12.20 error: pathspec '84faf557' did not match any file(s) known to git
#18 12.27 Checkout unsuccessful.
#18 DONE 12.7s

#19 [stage-1 12/13] RUN echo "#!/bin/bash\nPYTHONPATH=/src python3 -u -c "from fuzzers import utils; utils.initialize_env(); from fuzzers.afl import fuzzer; fuzzer.build()"" > /usr/bin/fuzzer_build &&     chmod +x /usr/bin/fuzzer_build
#19 sha256:bb3cb36599b19817f8a949a7783b2651698b2b9c93146681c8d7751658f6a4dc
#19 DONE 1.0s

#20 [stage-1 13/13] RUN echo "Run fuzzer_build to build the target" && if [ -z "$debug_builder" ] ; then fuzzer_build; fi
#20 sha256:68a864cbca476200f136fb140b1d56186fa26a25b142b1af5ad5f51d5847435d
#20 0.559 Run fuzzer_build to build the target
#20 0.674 FUZZ_TARGET = harfbuzz
#20 0.674 CFLAGS = -DFUZZING_BUILD_MODE_UNSAFE_FOR_PRODUCTION -pthread -Wl,--no-as-needed -Wl,-ldl -Wl,-lm -Wno-unused-command-line-argument -O3
#20 0.674 CXXFLAGS = -DFUZZING_BUILD_MODE_UNSAFE_FOR_PRODUCTION -pthread -Wl,--no-as-needed -Wl,-ldl -Wl,-lm -Wno-unused-command-line-argument -stdlib=libc++ -O3
#20 0.688 Building benchmark harfbuzz_harfbuzz with fuzzer afl
#20 0.692 + export 'CFLAGS=-DFUZZING_BUILD_MODE_UNSAFE_FOR_PRODUCTION -pthread -Wl,--no-as-needed -Wl,-ldl -Wl,-lm -Wno-unused-command-line-argument -O3 -fsanitize-coverage=trace-pc-guard -fno-sanitize=vptr -DHB_NO_VISIBILITY'
#20 0.692 + CFLAGS='-DFUZZING_BUILD_MODE_UNSAFE_FOR_PRODUCTION -pthread -Wl,--no-as-needed -Wl,-ldl -Wl,-lm -Wno-unused-command-line-argument -O3 -fsanitize-coverage=trace-pc-guard -fno-sanitize=vptr -DHB_NO_VISIBILITY'
#20 0.692 + export 'CXXFLAGS=-DFUZZING_BUILD_MODE_UNSAFE_FOR_PRODUCTION -pthread -Wl,--no-as-needed -Wl,-ldl -Wl,-lm -Wno-unused-command-line-argument -stdlib=libc++ -O3 -fsanitize-coverage=trace-pc-guard -fno-sanitize=vptr -DHB_NO_VISIBILITY'
#20 0.692 + CXXFLAGS='-DFUZZING_BUILD_MODE_UNSAFE_FOR_PRODUCTION -pthread -Wl,--no-as-needed -Wl,-ldl -Wl,-lm -Wno-unused-command-line-argument -stdlib=libc++ -O3 -fsanitize-coverage=trace-pc-guard -fno-sanitize=vptr -DHB_NO_VISIBILITY'
#20 0.692 + build=/work/build
#20 0.692 + rm -rf /work/build
#20 0.694 + mkdir -p /work/build
#20 0.698 ++ echo /libAFL.a
#20 0.698 + meson --default-library=static --wrap-mode=nodownload -Dexperimental_api=true -Dfuzzer_ldflags=/libAFL.a /work/build
#20 0.961 Traceback (most recent call last):
#20 0.961   File "/usr/local/bin/meson", line 6, in <module>
#20 0.961     from mesonbuild.mesonmain import main
#20 0.961   File "/usr/local/lib/python3.8/site-packages/mesonbuild/mesonmain.py", line 25, in <module>
#20 0.961     from . import mconf, mdist, minit, minstall, mintro, msetup, mtest, rewriter, msubprojects, munstable_coredata
#20 0.961   File "/usr/local/lib/python3.8/site-packages/mesonbuild/mconf.py", line 16, in <module>
#20 0.961     from . import coredata, environment, mesonlib, build, mintro, mlog
#20 0.961   File "/usr/local/lib/python3.8/site-packages/mesonbuild/build.py", line 24, in <module>
#20 0.961     from . import dependencies
#20 0.961   File "/usr/local/lib/python3.8/site-packages/mesonbuild/dependencies/__init__.py", line 15, in <module>
#20 0.961     from .boost import BoostDependency
#20 0.961   File "/usr/local/lib/python3.8/site-packages/mesonbuild/dependencies/boost.py", line 24, in <module>
#20 0.961     from .base import (DependencyException, ExternalDependency)
#20 0.961   File "/usr/local/lib/python3.8/site-packages/mesonbuild/dependencies/base.py", line 35, in <module>
#20 0.961     from ..cmake import CMakeExecutor, CMakeTraceParser, CMakeException
#20 0.961   File "/usr/local/lib/python3.8/site-packages/mesonbuild/cmake/__init__.py", line 31, in <module>
#20 0.961     from .client import CMakeClient
#20 0.961   File "/usr/local/lib/python3.8/site-packages/mesonbuild/cmake/client.py", line 19, in <module>
#20 0.961     from .executor import CMakeExecutor
#20 0.961   File "/usr/local/lib/python3.8/site-packages/mesonbuild/cmake/executor.py", line 24, in <module>
#20 0.961     import ctypes
#20 0.961   File "/usr/local/lib/python3.8/ctypes/__init__.py", line 7, in <module>
#20 0.961     from _ctypes import Union, Structure, Array
#20 0.961 ImportError: libffi.so.6: cannot open shared object file: No such file or directory
#20 0.974 + cat build/meson-logs/meson-log.txt
#20 0.976 cat: build/meson-logs/meson-log.txt: No such file or directory
#20 0.977 Traceback (most recent call last):
#20 0.977   File "<string>", line 1, in <module>
#20 0.977   File "/src/fuzzers/afl/fuzzer.py", line 40, in build
#20 0.977     utils.build_benchmark()
#20 0.977   File "/src/fuzzers/utils.py", line 82, in build_benchmark
#20 0.977     subprocess.check_call(['/bin/bash', '-ex', build_script], env=env)
#20 0.977   File "/usr/local/lib/python3.8/subprocess.py", line 364, in check_call
#20 0.978     raise CalledProcessError(retcode, cmd)
#20 0.978 subprocess.CalledProcessError: Command '['/bin/bash', '-ex', '/src/build.sh']' returned non-zero exit status 1.
#20 ERROR: executor failed running [/bin/sh -c echo "Run fuzzer_build to build the target" && if [ -z "$debug_builder" ] ; then fuzzer_build; fi]: exit code: 1
------
 > importing cache manifest from gcr.io/fuzzbench/builders/afl/harfbuzz_harfbuzz:
------
------
 > [stage-1 13/13] RUN echo "Run fuzzer_build to build the target" && if [ -z "$debug_builder" ] ; then fuzzer_build; fi:
------
executor failed running [/bin/sh -c echo "Run fuzzer_build to build the target" && if [ -z "$debug_builder" ] ; then fuzzer_build; fi]: exit code: 1
make: *** [docker/generated.mk:2826630: .afl-harfbuzz_harfbuzz-builder] Error 1
/bin/sh: 1: source: not found
#2 [internal] load .dockerignore
#2 sha256:211a99d4d26f019730e9c9256c65ae7ae61cb654b09ba65e3609ee4c05793292
#2 transferring context: 2B done
#2 ...

#1 [internal] load build definition from Dockerfile
#1 sha256:b69da5788b4b58c9ca813a2cd8eaec423f3fec5743cc38892746074b16e9d777
#1 transferring dockerfile: 32B done
#1 DONE 0.3s

#2 [internal] load .dockerignore
#2 sha256:211a99d4d26f019730e9c9256c65ae7ae61cb654b09ba65e3609ee4c05793292
#2 DONE 0.3s

#3 [internal] load metadata for gcr.io/oss-fuzz-base/base-builder:latest
#3 sha256:f10dc39cc9d418a5bc416dead31a1902b6821fdae909cd3b08f7a3fd1faba7b5
#3 DONE 0.6s

#5 [1/5] FROM gcr.io/oss-fuzz-base/base-builder@sha256:112044a9815d235113677d459cf2ece740a51f2b85081c8f66943dcdc72ddf7f
#5 sha256:4aee4bf9f7280ac8b7f02b8d29e6e084dd034d2c294b4e3e05d8ce7048a1450f
#5 DONE 0.0s

#4 importing cache manifest from gcr.io/fuzzbench/builders/benchmark/harfbuzz_harfbuzz
#4 sha256:beb54b124a7a3b7e10d63a1e7575b6dd19b27aa9248bb5b88a405f756a36c64a
#4 DONE 0.0s

#9 [internal] load build context
#9 sha256:3d26066225a77f6eb09493b93d2472f2c8e737cdaa8894580fa81e3a7383809b
#9 transferring context: 30B done
#9 DONE 0.2s

#6 [2/5] RUN apt-get update && apt-get install -y python3-pip ragel pkg-config &&     pip3 install meson==0.53.0 ninja
#6 sha256:db5e71a8d0ff45d848618ffdb2dc8a23ea2156ab065746bb77e2c4d1ef8c66cc
#6 CACHED

#7 [3/5] RUN git clone --depth 1 https://github.com/harfbuzz/harfbuzz.git
#7 sha256:d0e51d6f600df939e40a5fdff93aa3aca3ca4f8fb53c14565dc24abfe1678855
#7 CACHED

#8 [4/5] WORKDIR harfbuzz
#8 sha256:2d2b6157668644aec9b04b25be8db290c68dad0a0cd4790298920cd1b654cddf
#8 CACHED

#10 [5/5] COPY build.sh /src/
#10 sha256:c3db3a6880925b946c9cf7a23a20cf8477cdedc6d17d92f37bbdba62ca0bf91d
#10 CACHED

#11 exporting to image
#11 sha256:e8c613e07b0b7ff33893b694f7759a10d42e180f2b4dc349fb57dc6b71dcab00
#11 exporting layers done
#11 writing image sha256:d05e84e9b243c4fafbde79c072afe6823c19df589f50539e94278682add607fb
#11 writing image sha256:d05e84e9b243c4fafbde79c072afe6823c19df589f50539e94278682add607fb 0.0s done
#11 naming to gcr.io/fuzzbench/builders/benchmark/harfbuzz_harfbuzz done
#11 DONE 0.4s

#12 exporting cache
#12 sha256:2700d4ef94dee473593c5c614b55b2dedcca7893909811a8f2b48291a1f581e4
#12 preparing build cache for export done
#12 DONE 0.0s
#1 [internal] load build definition from builder.Dockerfile
#1 sha256:27607f78c45fca9e19a497ff7f959d4dc78a3ca5036b112fc6e6760e0a67c899
#1 transferring dockerfile: 46B done
#1 DONE 0.1s

#2 [internal] load .dockerignore
#2 sha256:51869062695b484acdae0480edd454c1f40982103efe8a38b1fb6788b68ca316
#2 transferring context: 2B done
#2 DONE 0.1s

#3 [internal] load metadata for gcr.io/fuzzbench/builders/benchmark/harfbuzz_harfbuzz:latest
#3 sha256:e24f011ee1a162ea7a351b86b5e20ddd6a12161d5fd83bbf3d98f76a104d9019
#3 DONE 0.0s

#5 [1/3] FROM gcr.io/fuzzbench/builders/benchmark/harfbuzz_harfbuzz
#5 sha256:45b170ec95204ba5ddf577095d502d28a1ebef0eda308fa7518425f4842b6c6d
#5 DONE 0.0s

#4 importing cache manifest from gcr.io/fuzzbench/builders/afl/harfbuzz_harfbuzz-intermediate
#4 sha256:6170080a8b8a53b02eae6776d67e58861cc2372fbba9a242754e43ddb3caa316
#4 DONE 0.0s

#6 [2/3] RUN git clone https://github.com/google/AFL.git /afl &&     cd /afl &&     git checkout 61037103ae3722c8060ff7082994836a794f978e &&     AFL_NO_X86=1 make
#6 sha256:4b985e687444c10ce015722a057931e48c48edc6fdcb66a95e62487fed22fb89
#6 CACHED

#7 [3/3] RUN apt-get update &&     apt-get install wget -y &&     wget https://raw.githubusercontent.com/llvm/llvm-project/5feb80e748924606531ba28c97fe65145c65372e/compiler-rt/lib/fuzzer/afl/afl_driver.cpp -O /afl/afl_driver.cpp &&     clang -Wno-pointer-sign -c /afl/llvm_mode/afl-llvm-rt.o.c -I/afl &&     clang++ -stdlib=libc++ -std=c++11 -O2 -c /afl/afl_driver.cpp &&     ar r /libAFL.a *.o
#7 sha256:0de17325d0e5a3cbfab84138a902a309a9372d85f5ba94c822d6aebf72022312
#7 CACHED

#8 exporting to image
#8 sha256:e8c613e07b0b7ff33893b694f7759a10d42e180f2b4dc349fb57dc6b71dcab00
#8 exporting layers done
#8 writing image sha256:0a160f3e49cd844d8ba8c81d0961dc93dfd1d426856e4696cb83cfd35ba14cad 0.0s done
#8 naming to gcr.io/fuzzbench/builders/afl/harfbuzz_harfbuzz-intermediate done
#8 DONE 0.4s

#9 exporting cache
#9 sha256:2700d4ef94dee473593c5c614b55b2dedcca7893909811a8f2b48291a1f581e4
#9 preparing build cache for export done
#9 DONE 0.0s
#2 [internal] load .dockerignore
#2 sha256:65ea0af0138c4c90639c20467094fe30742833326fad72d258715ce77a659a3e
#2 transferring context: 34B done
#2 DONE 0.2s

#1 [internal] load build definition from Dockerfile
#1 sha256:a668b297f4bbf39c04ed6d0fdb3478138e02ca4e32be839d350d8bdf6d3be0bb
#1 transferring dockerfile: 2.00kB done
#1 DONE 0.2s

#3 [internal] load metadata for docker.io/library/ubuntu:xenial
#3 sha256:f62bae18ed588840f045c881b2502661f2a89578a2f8f99b83f5200ee83dd25b
#3 DONE 0.0s

#5 [1/7] FROM docker.io/library/ubuntu:xenial
#5 sha256:14dd403f25ae9e519bd44f27dc17af7ce80f5a4f9f48ca88108364e67ec5d360
#5 DONE 0.0s

#4 importing cache manifest from gcr.io/fuzzbench/base-image
#4 sha256:9b220ebb4d4daceed1b96df9b6dca076e762f1cd612574f010b82d5b9e5ad896
#4 DONE 0.0s

#8 [internal] load build context
#8 sha256:f2064fda10cbb64758d3a126fe074573cef27b608b5768ab2b5d0bad517880e4
#8 transferring context: 559B 0.0s done
#8 DONE 0.1s

#10 [5/7] RUN pip3 install -r /requirements.txt
#10 sha256:f29f88d513f81d145bdf64caa10d912ee3be1048ccafa799ae9e1c2cfb69070a
#10 CACHED

#11 [6/7] RUN apt-get update -y && apt-get install -y     apt-transport-https     lsb-release
#11 sha256:5860ba1e05eafc9f8f9a637a25a463b4294de442780e5fdea64758c20d5819cb
#11 CACHED

#6 [2/7] RUN apt-get update -y && apt-get install -y     build-essential     rsync     curl     zlib1g-dev     libncurses5-dev     libgdbm-dev     libnss3-dev     libssl-dev     libreadline-dev     libffi-dev     virtualenv     libbz2-dev     liblzma-dev     libsqlite3-dev
#6 sha256:3a1b0960f17eed529eaae93dc8fd3554f2743dd584d8fa569cdbe6bc734371ac
#6 CACHED

#7 [3/7] RUN cd /tmp/ &&     curl -O https://www.python.org/ftp/python/3.8.6/Python-3.8.6.tar.xz &&     tar -xvf Python-3.8.6.tar.xz &&     cd Python-3.8.6 &&     ./configure --enable-loadable-sqlite-extensions --enable-optimizations &&     make -j install &&     rm -r /tmp/Python-3.8.6.tar.xz /tmp/Python-3.8.6
#7 sha256:c5b9d1fb3371e84dbc60b76e7b2f8d5913bc93bcd4910ab65daa03e7b2ec4bb0
#7 CACHED

#9 [4/7] COPY ./requirements.txt /
#9 sha256:3ebd17ebdbfc681cdb8c70353dc3dbad50ea44a72ab9cfdf2565658856520cb3
#9 CACHED

#12 [7/7] RUN CLOUD_SDK_REPO="cloud-sdk-$(lsb_release -c -s)" &&     echo "deb https://packages.cloud.google.com/apt $CLOUD_SDK_REPO main"     | tee -a /etc/apt/sources.list.d/google-cloud-sdk.list &&     curl https://packages.cloud.google.com/apt/doc/apt-key.gpg     | apt-key add - &&     apt-get update -y &&     apt-get install -y google-cloud-sdk
#12 sha256:46e3878d08c0c56ce41e488d5d42307fbdb02ed74da467377fd8c1f8bb8a7899
#12 CACHED

#13 exporting to image
#13 sha256:e8c613e07b0b7ff33893b694f7759a10d42e180f2b4dc349fb57dc6b71dcab00
#13 exporting layers done
#13 writing image sha256:7c312afc0c92be055a6e596de5bde5bb2ff79522f51f5d5c5b849c01586f4ff7 0.0s done
#13 naming to gcr.io/fuzzbench/base-image done
#13 DONE 0.1s

#14 exporting cache
#14 sha256:2700d4ef94dee473593c5c614b55b2dedcca7893909811a8f2b48291a1f581e4
#14 preparing build cache for export done
#14 DONE 0.0s
#1 [internal] load build definition from Dockerfile
#1 sha256:e79a38db65e55131757293f314e225e8bc747ca52c0d6b1ef13ad6d47a13b27a
#1 transferring dockerfile: 2.22kB done
#1 DONE 0.1s

#2 [internal] load .dockerignore
#2 sha256:1f89d79df3901bcc492d957f31b62f52062c7d87081ec76cbb491daac49f5265
#2 transferring context: 34B done
#2 DONE 0.1s

#4 [internal] load metadata for gcr.io/fuzzbench/base-image:latest
#4 sha256:932022888f650cc455b10eb5123bb08c0cccacac29a693e69314abbfd28a72c3
#4 DONE 0.0s

#3 [internal] load metadata for gcr.io/fuzzbench/builders/afl/harfbuzz_harfbuzz-intermediate:latest
#3 sha256:bab1dbdfc84aab931fa308525bfc8224890466731714aaa31b56c48ad81f6bdf
#3 DONE 0.0s

#12 [internal] load build context
#12 sha256:bf8eafa3f906cc42781362cec1f7ab10049ed2f08b3af9ee2fc5e4abd72fdb1d
#12 DONE 0.0s

#7 [base-image 1/1] FROM gcr.io/fuzzbench/base-image
#7 sha256:4d07825694520f8b6f6a0d8592dbd345433361ae044cb7f06706c5a95e3daaad
#7 DONE 0.0s

#6 [stage-1  1/13] FROM gcr.io/fuzzbench/builders/afl/harfbuzz_harfbuzz-intermediate
#6 sha256:10225a588b92c761feb8a1517941f4980ea6ccd10f314326869d505a2c15ead6
#6 DONE 0.0s

#5 importing cache manifest from gcr.io/fuzzbench/builders/afl/harfbuzz_harfbuzz
#5 sha256:c1d6fc2d24052bbd68455879452d1f57107c25b5d6bdc51686d0af80029586d6
#5 ERROR: gcr.io/fuzzbench/builders/afl/harfbuzz_harfbuzz:latest: not found

#12 [internal] load build context
#12 sha256:bf8eafa3f906cc42781362cec1f7ab10049ed2f08b3af9ee2fc5e4abd72fdb1d
#12 transferring context: 669.87kB 0.1s done
#12 DONE 0.2s

#18 [stage-1 11/13] RUN export CHECKOUT_COMMIT=$(cat /benchmark.yaml | tr -d ' ' | grep 'commit:' | cut -d ':' -f2) &&     python3 -u /opt/fuzzbench/checkout_commit.py $CHECKOUT_COMMIT /src
#18 sha256:b9ba0da5378ded2a873739c86df96dc118e6dc6d6f04deb22e200482e9d09a3c
#18 CACHED

#17 [stage-1 10/13] COPY docker/benchmark-builder/checkout_commit.py /opt/fuzzbench/
#17 sha256:a7c99a06e7355b67ef2e84197d3ed155a48b8834d7c2e8a09955802591972d66
#17 CACHED

#9 [stage-1  3/13] COPY --from=base-image /usr/local/lib/python3.8 /usr/local/lib/python3.8
#9 sha256:44f63b6fb3a57f52d58b61de45a12d44ff7d01c26a9d316ab4680d43ce1436ca
#9 CACHED

#10 [stage-1  4/13] COPY --from=base-image /usr/local/include/python3.8 /usr/local/include/python3.8
#10 sha256:d406517dbcdcfc720ae1fbb2627099913fa26c055eb3d6f008b0a457ab796360
#10 CACHED

#15 [stage-1  8/13] COPY benchmarks/harfbuzz_harfbuzz/benchmark.yaml /
#15 sha256:c1926cbd6e63120726c4e396ee55cffe919c1cc1c6a18186c20e6cfa298359c1
#15 CACHED

#11 [stage-1  5/13] COPY --from=base-image /usr/local/lib/python3.8/site-packages /usr/local/lib/python3.8/site-packages
#11 sha256:b24463e7b4d67d5dc553baa7f170a4b4ae003e294eeb1cad07c5233788caf9a6
#11 CACHED

#13 [stage-1  6/13] COPY fuzzers /src/fuzzers
#13 sha256:c7448a864251038d214327ca270e3c51fab2886dd24b3031d0b42821b0204b5d
#13 CACHED

#14 [stage-1  7/13] RUN touch /src/__init__.py
#14 sha256:a38f89422c766cebd90142e01afd42738651bbf201ed5c690b03f65303b4fbf1
#14 CACHED

#16 [stage-1  9/13] RUN mkdir /opt/fuzzbench/
#16 sha256:211f64dee70fac81a1b190c37da2460d9ff48b997a7a743075f6dead598e7a43
#16 CACHED

#8 [stage-1  2/13] COPY --from=base-image /usr/local/bin/python3* /usr/local/bin/
#8 sha256:724ae1c2460f348fa0787001ff1df8bbb6b179906a7d274349bd32c38f7d4848
#8 CACHED

#19 [stage-1 12/13] RUN echo "#!/bin/bash\nPYTHONPATH=/src python3 -u -c "from fuzzers import utils; utils.initialize_env(); from fuzzers.afl import fuzzer; fuzzer.build()"" > /usr/bin/fuzzer_build &&     chmod +x /usr/bin/fuzzer_build
#19 sha256:7c3d0e0f0df84ec49d1aebbc26b92a40a70f5a43569d9981b2b475c8dbe529e6
#19 CACHED

#20 [stage-1 13/13] RUN echo "Run fuzzer_build to build the target" && if [ -z "$debug_builder" ] ; then fuzzer_build; fi
#20 sha256:684acc1f2438967802762345a7ae2026391b46235d95f86f378c66463c922888
#20 0.519 Run fuzzer_build to build the target
#20 0.631 FUZZ_TARGET = harfbuzz
#20 0.631 CFLAGS = -DFUZZING_BUILD_MODE_UNSAFE_FOR_PRODUCTION -pthread -Wl,--no-as-needed -Wl,-ldl -Wl,-lm -Wno-unused-command-line-argument -O3
#20 0.631 CXXFLAGS = -DFUZZING_BUILD_MODE_UNSAFE_FOR_PRODUCTION -pthread -Wl,--no-as-needed -Wl,-ldl -Wl,-lm -Wno-unused-command-line-argument -stdlib=libc++ -O3
#20 0.639 Building benchmark harfbuzz_harfbuzz with fuzzer afl
#20 0.642 + export 'CFLAGS=-DFUZZING_BUILD_MODE_UNSAFE_FOR_PRODUCTION -pthread -Wl,--no-as-needed -Wl,-ldl -Wl,-lm -Wno-unused-command-line-argument -O3 -fsanitize-coverage=trace-pc-guard -fno-sanitize=vptr -DHB_NO_VISIBILITY'
#20 0.642 + CFLAGS='-DFUZZING_BUILD_MODE_UNSAFE_FOR_PRODUCTION -pthread -Wl,--no-as-needed -Wl,-ldl -Wl,-lm -Wno-unused-command-line-argument -O3 -fsanitize-coverage=trace-pc-guard -fno-sanitize=vptr -DHB_NO_VISIBILITY'
#20 0.642 + export 'CXXFLAGS=-DFUZZING_BUILD_MODE_UNSAFE_FOR_PRODUCTION -pthread -Wl,--no-as-needed -Wl,-ldl -Wl,-lm -Wno-unused-command-line-argument -stdlib=libc++ -O3 -fsanitize-coverage=trace-pc-guard -fno-sanitize=vptr -DHB_NO_VISIBILITY'
#20 0.642 + CXXFLAGS='-DFUZZING_BUILD_MODE_UNSAFE_FOR_PRODUCTION -pthread -Wl,--no-as-needed -Wl,-ldl -Wl,-lm -Wno-unused-command-line-argument -stdlib=libc++ -O3 -fsanitize-coverage=trace-pc-guard -fno-sanitize=vptr -DHB_NO_VISIBILITY'
#20 0.642 + build=/work/build
#20 0.642 + rm -rf /work/build
#20 0.643 + mkdir -p /work/build
#20 0.646 ++ echo /libAFL.a
#20 0.646 + meson --default-library=static --wrap-mode=nodownload -Dexperimental_api=true -Dfuzzer_ldflags=/libAFL.a /work/build
#20 0.869 Traceback (most recent call last):
#20 0.869   File "/usr/local/bin/meson", line 6, in <module>
#20 0.869     from mesonbuild.mesonmain import main
#20 0.869   File "/usr/local/lib/python3.8/site-packages/mesonbuild/mesonmain.py", line 25, in <module>
#20 0.869     from . import mconf, mdist, minit, minstall, mintro, msetup, mtest, rewriter, msubprojects, munstable_coredata
#20 0.869   File "/usr/local/lib/python3.8/site-packages/mesonbuild/mconf.py", line 16, in <module>
#20 0.869     from . import coredata, environment, mesonlib, build, mintro, mlog
#20 0.869   File "/usr/local/lib/python3.8/site-packages/mesonbuild/build.py", line 24, in <module>
#20 0.869     from . import dependencies
#20 0.869   File "/usr/local/lib/python3.8/site-packages/mesonbuild/dependencies/__init__.py", line 15, in <module>
#20 0.869     from .boost import BoostDependency
#20 0.869   File "/usr/local/lib/python3.8/site-packages/mesonbuild/dependencies/boost.py", line 24, in <module>
#20 0.869     from .base import (DependencyException, ExternalDependency)
#20 0.869   File "/usr/local/lib/python3.8/site-packages/mesonbuild/dependencies/base.py", line 35, in <module>
#20 0.869     from ..cmake import CMakeExecutor, CMakeTraceParser, CMakeException
#20 0.869   File "/usr/local/lib/python3.8/site-packages/mesonbuild/cmake/__init__.py", line 31, in <module>
#20 0.869     from .client import CMakeClient
#20 0.869   File "/usr/local/lib/python3.8/site-packages/mesonbuild/cmake/client.py", line 19, in <module>
#20 0.869     from .executor import CMakeExecutor
#20 0.869   File "/usr/local/lib/python3.8/site-packages/mesonbuild/cmake/executor.py", line 24, in <module>
#20 0.869     import ctypes
#20 0.869   File "/usr/local/lib/python3.8/ctypes/__init__.py", line 7, in <module>
#20 0.869     from _ctypes import Union, Structure, Array
#20 0.869 ImportError: libffi.so.6: cannot open shared object file: No such file or directory
#20 0.882 + cat build/meson-logs/meson-log.txt
#20 0.884 cat: build/meson-logs/meson-log.txt: No such file or directory
#20 0.885 Traceback (most recent call last):
#20 0.885   File "<string>", line 1, in <module>
#20 0.885   File "/src/fuzzers/afl/fuzzer.py", line 40, in build
#20 0.885     utils.build_benchmark()
#20 0.885   File "/src/fuzzers/utils.py", line 82, in build_benchmark
#20 0.886     subprocess.check_call(['/bin/bash', '-ex', build_script], env=env)
#20 0.886   File "/usr/local/lib/python3.8/subprocess.py", line 364, in check_call
#20 0.886     raise CalledProcessError(retcode, cmd)
#20 0.886 subprocess.CalledProcessError: Command '['/bin/bash', '-ex', '/src/build.sh']' returned non-zero exit status 1.
#20 ERROR: executor failed running [/bin/sh -c echo "Run fuzzer_build to build the target" && if [ -z "$debug_builder" ] ; then fuzzer_build; fi]: exit code: 1
------
 > importing cache manifest from gcr.io/fuzzbench/builders/afl/harfbuzz_harfbuzz:
------
------
 > [stage-1 13/13] RUN echo "Run fuzzer_build to build the target" && if [ -z "$debug_builder" ] ; then fuzzer_build; fi:
------
executor failed running [/bin/sh -c echo "Run fuzzer_build to build the target" && if [ -z "$debug_builder" ] ; then fuzzer_build; fi]: exit code: 1
make: *** [docker/generated.mk:2826630: .afl-harfbuzz_harfbuzz-builder] Error 1
