WARNING:root:gcloud not found in PATH.
INFO:root:Successfully integrated benchmark: libpng-proto_png_proto_mutator.
INFO:root:Please run "make test-run-afl-libpng-proto_png_proto_mutator" to test integration.
#1 [internal] load build definition from Dockerfile
#1 sha256:1db7408b56c6f5e671bc2fb5fccf21eea888a6fcb7152da278d003e83455d064
#1 transferring dockerfile: 1.35kB done
#1 DONE 0.0s

#2 [internal] load .dockerignore
#2 sha256:3c28fbafe5196ccf83bab0a55e4413e9c73df2b48d86d192d0f4f0e6107c1e8e
#2 transferring context: 2B done
#2 DONE 0.1s

#3 [internal] load metadata for gcr.io/oss-fuzz-base/base-builder:latest
#3 sha256:f10dc39cc9d418a5bc416dead31a1902b6821fdae909cd3b08f7a3fd1faba7b5
#3 DONE 0.4s

#11 [internal] load build context
#11 sha256:002de76e0308069c0a0d29d5048ac40b9ed4dc7ec0c67fe15f6797d1499e5140
#11 DONE 0.0s

#5 [1/7] FROM gcr.io/oss-fuzz-base/base-builder@sha256:41d7bbe7827592680a606c9bba1aeb6e23c7502ce8b633923b06542f4c706e7c
#5 sha256:660db69324ed478291dd329cbbfe422dccbc173f9ab806c069fac341073eab8c
#5 DONE 0.0s

#4 importing cache manifest from gcr.io/fuzzbench/builders/benchmark/libpng-proto_png_proto_mutator
#4 sha256:af2cbf95bd41665dec664ae3844ed5df92c17b3bc560097863141788eca899f7
#4 ERROR: gcr.io/fuzzbench/builders/benchmark/libpng-proto_png_proto_mutator:latest: not found

#8 [4/7] RUN git clone --depth 1 https://github.com/google/libprotobuf-mutator.git
#8 sha256:79e7e47577b03be5aec6785093d07e5bb1ac586af7308d0bb6d47560dcb5b8d5
#8 CACHED

#6 [2/7] RUN apt-get update &&     apt-get install -y make autoconf automake libtool zlib1g-dev ninja-build cmake
#6 sha256:4fc20019cb390fb1f040bcdd39a29ed107bc04128e84b0b7eb235a06bcb8673e
#6 CACHED

#7 [3/7] RUN git clone --depth 1 https://github.com/glennrp/libpng.git
#7 sha256:5dc00fa862443af3d27d644c2d65a0faca7a433f989a2b77bf82448f15b73e4c
#7 CACHED

#9 [5/7] RUN git clone --depth 1 https://github.com/google/fuzzer-test-suite
#9 sha256:c6a6cf3dee462cdda80c8cb4a1d92840b9b0feb1f15d98e03477d1619a40f524
#9 CACHED

#11 [internal] load build context
#11 sha256:002de76e0308069c0a0d29d5048ac40b9ed4dc7ec0c67fe15f6797d1499e5140
#11 transferring context: 6.65kB done
#11 DONE 0.1s

#10 [6/7] RUN (mkdir LPM && cd LPM && cmake ../libprotobuf-mutator -GNinja -DLIB_PROTO_MUTATOR_DOWNLOAD_PROTOBUF=ON -DLIB_PROTO_MUTATOR_TESTING=OFF -DCMAKE_BUILD_TYPE=Release && ninja)
#10 sha256:8cd9cd5cdcd36066abb3482613a6948d455792435931fcdbe4f352350713360a
#10 0.495 -- The CXX compiler identification is Clang 14.0.0
#10 0.510 -- Detecting CXX compiler ABI info
#10 0.586 -- Detecting CXX compiler ABI info - done
#10 0.600 -- Check for working CXX compiler: /usr/local/bin/clang++ - skipped
#10 0.601 -- Detecting CXX compile features
#10 0.602 -- Detecting CXX compile features - done
#10 0.665 -- The C compiler identification is Clang 14.0.0
#10 0.674 -- Detecting C compiler ABI info
#10 0.747 -- Detecting C compiler ABI info - done
#10 0.762 -- Check for working C compiler: /usr/local/bin/clang - skipped
#10 0.762 -- Detecting C compile features
#10 0.763 -- Detecting C compile features - done
#10 0.768 -- Looking for pthread.h
#10 0.848 -- Looking for pthread.h - found
#10 0.848 -- Performing Test CMAKE_HAVE_LIBC_PTHREAD
#10 0.936 -- Performing Test CMAKE_HAVE_LIBC_PTHREAD - Failed
#10 0.936 -- Check if compiler accepts -pthread
#10 1.020 -- Check if compiler accepts -pthread - yes
#10 1.023 -- Found Threads: TRUE  
#10 1.033 -- Could NOT find LibLZMA (missing: LIBLZMA_LIBRARY LIBLZMA_INCLUDE_DIR LIBLZMA_HAS_AUTO_DECODER LIBLZMA_HAS_EASY_ENCODER LIBLZMA_HAS_LZMA_PRESET) 
#10 1.048 -- Found ZLIB: /usr/lib/x86_64-linux-gnu/libz.so (found version "1.2.11") 
#10 1.049 -- Performing Test LIB_PROTO_MUTATOR_HAS_SANITIZE_ADDRESS
#10 1.281 -- Performing Test LIB_PROTO_MUTATOR_HAS_SANITIZE_ADDRESS - Success
#10 1.282 -- Performing Test LIB_PROTO_MUTATOR_HAS_SANITIZE_SCOPE
#10 1.515 -- Performing Test LIB_PROTO_MUTATOR_HAS_SANITIZE_SCOPE - Success
#10 1.516 -- Performing Test LIB_PROTO_MUTATOR_HAS_NO_COVERAGE
#10 1.601 -- Performing Test LIB_PROTO_MUTATOR_HAS_NO_COVERAGE - Success
#10 1.603 -- Performing Test LIB_PROTO_MUTATOR_HAS_SANITIZE_FUZZER
#10 1.773 -- Performing Test LIB_PROTO_MUTATOR_HAS_SANITIZE_FUZZER - Success
#10 1.774 -- Performing Test LIB_PROTO_MUTATOR_HAS_NO_SANITIZE_FUZZER
#10 1.847 -- Performing Test LIB_PROTO_MUTATOR_HAS_NO_SANITIZE_FUZZER - Success
#10 1.848 -- Performing Test LIB_PROTO_MUTATOR_HAS_WSTRING_CONVERSION
#10 1.923 -- Performing Test LIB_PROTO_MUTATOR_HAS_WSTRING_CONVERSION - Success
#10 1.938 -- Could NOT find Protobuf (missing: Protobuf_LIBRARIES Protobuf_INCLUDE_DIR) 
#10 2.035 -- Configuring done
#10 2.037 CMake Error: The following variables are used in this project, but they are set to NOTFOUND.
#10 2.037 Please set them or make sure they are set and tested correctly in the CMake files:
#10 2.037 LIBLZMA_LIBRARY (ADVANCED)
#10 2.037     linked by target "libxml2_example" in directory /src/libprotobuf-mutator/examples/libxml2
#10 2.037 
#10 2.062 -- Generating done
#10 2.065 CMake Generate step failed.  Build files cannot be regenerated correctly.
#10 ERROR: executor failed running [/bin/sh -c (mkdir LPM && cd LPM && cmake ../libprotobuf-mutator -GNinja -DLIB_PROTO_MUTATOR_DOWNLOAD_PROTOBUF=ON -DLIB_PROTO_MUTATOR_TESTING=OFF -DCMAKE_BUILD_TYPE=Release && ninja)]: exit code: 1
------
 > importing cache manifest from gcr.io/fuzzbench/builders/benchmark/libpng-proto_png_proto_mutator:
------
------
 > [6/7] RUN (mkdir LPM && cd LPM && cmake ../libprotobuf-mutator -GNinja -DLIB_PROTO_MUTATOR_DOWNLOAD_PROTOBUF=ON -DLIB_PROTO_MUTATOR_TESTING=OFF -DCMAKE_BUILD_TYPE=Release && ninja):
------
executor failed running [/bin/sh -c (mkdir LPM && cd LPM && cmake ../libprotobuf-mutator -GNinja -DLIB_PROTO_MUTATOR_DOWNLOAD_PROTOBUF=ON -DLIB_PROTO_MUTATOR_TESTING=OFF -DCMAKE_BUILD_TYPE=Release && ninja)]: exit code: 1
make: *** [docker/generated.mk:34441: .libpng-proto_png_proto_mutator-project-builder] Error 1
/bin/sh: 1: source: not found
#1 [internal] load build definition from Dockerfile
#1 sha256:245c8e844a5d7fed84ff0c94129466f130ad490912498e9237a323f5e7fbdcea
#1 transferring dockerfile: 32B done
#1 DONE 0.0s

#2 [internal] load .dockerignore
#2 sha256:d328d4116e027764917e37c62cdb7b04d2734791951241afe4b4ae390cb6b849
#2 transferring context: 2B done
#2 DONE 0.0s

#3 [internal] load metadata for gcr.io/oss-fuzz-base/base-builder:latest
#3 sha256:f10dc39cc9d418a5bc416dead31a1902b6821fdae909cd3b08f7a3fd1faba7b5
#3 DONE 0.4s

#11 [internal] load build context
#11 sha256:0e7f8a5fc31927c714cdcbb717e3da43c4e4aa59c8131a757d3d04c65c7e3d2f
#11 DONE 0.0s

#5 [1/7] FROM gcr.io/oss-fuzz-base/base-builder@sha256:41d7bbe7827592680a606c9bba1aeb6e23c7502ce8b633923b06542f4c706e7c
#5 sha256:660db69324ed478291dd329cbbfe422dccbc173f9ab806c069fac341073eab8c
#5 DONE 0.0s

#4 importing cache manifest from gcr.io/fuzzbench/builders/benchmark/libpng-proto_png_proto_mutator
#4 sha256:af2cbf95bd41665dec664ae3844ed5df92c17b3bc560097863141788eca899f7
#4 ERROR: gcr.io/fuzzbench/builders/benchmark/libpng-proto_png_proto_mutator:latest: not found

#11 [internal] load build context
#11 sha256:0e7f8a5fc31927c714cdcbb717e3da43c4e4aa59c8131a757d3d04c65c7e3d2f
#11 ...

#8 [4/7] RUN git clone --depth 1 https://github.com/google/libprotobuf-mutator.git
#8 sha256:79e7e47577b03be5aec6785093d07e5bb1ac586af7308d0bb6d47560dcb5b8d5
#8 CACHED

#6 [2/7] RUN apt-get update &&     apt-get install -y make autoconf automake libtool zlib1g-dev ninja-build cmake
#6 sha256:4fc20019cb390fb1f040bcdd39a29ed107bc04128e84b0b7eb235a06bcb8673e
#6 CACHED

#7 [3/7] RUN git clone --depth 1 https://github.com/glennrp/libpng.git
#7 sha256:5dc00fa862443af3d27d644c2d65a0faca7a433f989a2b77bf82448f15b73e4c
#7 CACHED

#9 [5/7] RUN git clone --depth 1 https://github.com/google/fuzzer-test-suite
#9 sha256:c6a6cf3dee462cdda80c8cb4a1d92840b9b0feb1f15d98e03477d1619a40f524
#9 CACHED

#11 [internal] load build context
#11 sha256:0e7f8a5fc31927c714cdcbb717e3da43c4e4aa59c8131a757d3d04c65c7e3d2f
#11 transferring context: 164B done
#11 DONE 0.5s

#10 [6/7] RUN (mkdir LPM && cd LPM && cmake ../libprotobuf-mutator -GNinja -DLIB_PROTO_MUTATOR_DOWNLOAD_PROTOBUF=ON -DLIB_PROTO_MUTATOR_TESTING=OFF -DCMAKE_BUILD_TYPE=Release && ninja)
#10 sha256:8cd9cd5cdcd36066abb3482613a6948d455792435931fcdbe4f352350713360a
#10 0.642 -- The CXX compiler identification is Clang 14.0.0
#10 0.655 -- Detecting CXX compiler ABI info
#10 0.734 -- Detecting CXX compiler ABI info - done
#10 0.749 -- Check for working CXX compiler: /usr/local/bin/clang++ - skipped
#10 0.749 -- Detecting CXX compile features
#10 0.750 -- Detecting CXX compile features - done
#10 0.815 -- The C compiler identification is Clang 14.0.0
#10 0.827 -- Detecting C compiler ABI info
#10 0.905 -- Detecting C compiler ABI info - done
#10 0.920 -- Check for working C compiler: /usr/local/bin/clang - skipped
#10 0.921 -- Detecting C compile features
#10 0.922 -- Detecting C compile features - done
#10 0.927 -- Looking for pthread.h
#10 1.008 -- Looking for pthread.h - found
#10 1.008 -- Performing Test CMAKE_HAVE_LIBC_PTHREAD
#10 1.092 -- Performing Test CMAKE_HAVE_LIBC_PTHREAD - Failed
#10 1.092 -- Check if compiler accepts -pthread
#10 1.182 -- Check if compiler accepts -pthread - yes
#10 1.184 -- Found Threads: TRUE  
#10 1.197 -- Could NOT find LibLZMA (missing: LIBLZMA_LIBRARY LIBLZMA_INCLUDE_DIR LIBLZMA_HAS_AUTO_DECODER LIBLZMA_HAS_EASY_ENCODER LIBLZMA_HAS_LZMA_PRESET) 
#10 1.213 -- Found ZLIB: /usr/lib/x86_64-linux-gnu/libz.so (found version "1.2.11") 
#10 1.214 -- Performing Test LIB_PROTO_MUTATOR_HAS_SANITIZE_ADDRESS
#10 1.444 -- Performing Test LIB_PROTO_MUTATOR_HAS_SANITIZE_ADDRESS - Success
#10 1.445 -- Performing Test LIB_PROTO_MUTATOR_HAS_SANITIZE_SCOPE
#10 1.674 -- Performing Test LIB_PROTO_MUTATOR_HAS_SANITIZE_SCOPE - Success
#10 1.676 -- Performing Test LIB_PROTO_MUTATOR_HAS_NO_COVERAGE
#10 1.748 -- Performing Test LIB_PROTO_MUTATOR_HAS_NO_COVERAGE - Success
#10 1.750 -- Performing Test LIB_PROTO_MUTATOR_HAS_SANITIZE_FUZZER
#10 1.922 -- Performing Test LIB_PROTO_MUTATOR_HAS_SANITIZE_FUZZER - Success
#10 1.923 -- Performing Test LIB_PROTO_MUTATOR_HAS_NO_SANITIZE_FUZZER
#10 2.005 -- Performing Test LIB_PROTO_MUTATOR_HAS_NO_SANITIZE_FUZZER - Success
#10 2.006 -- Performing Test LIB_PROTO_MUTATOR_HAS_WSTRING_CONVERSION
#10 2.082 -- Performing Test LIB_PROTO_MUTATOR_HAS_WSTRING_CONVERSION - Success
#10 2.095 -- Could NOT find Protobuf (missing: Protobuf_LIBRARIES Protobuf_INCLUDE_DIR) 
#10 2.192 -- Configuring done
#10 2.194 CMake Error: The following variables are used in this project, but they are set to NOTFOUND.
#10 2.194 Please set them or make sure they are set and tested correctly in the CMake files:
#10 2.194 LIBLZMA_LIBRARY (ADVANCED)
#10 2.194     linked by target "libxml2_example" in directory /src/libprotobuf-mutator/examples/libxml2
#10 2.194 
#10 2.219 -- Generating done
#10 2.222 CMake Generate step failed.  Build files cannot be regenerated correctly.
#10 ERROR: executor failed running [/bin/sh -c (mkdir LPM && cd LPM && cmake ../libprotobuf-mutator -GNinja -DLIB_PROTO_MUTATOR_DOWNLOAD_PROTOBUF=ON -DLIB_PROTO_MUTATOR_TESTING=OFF -DCMAKE_BUILD_TYPE=Release && ninja)]: exit code: 1
------
 > importing cache manifest from gcr.io/fuzzbench/builders/benchmark/libpng-proto_png_proto_mutator:
------
------
 > [6/7] RUN (mkdir LPM && cd LPM && cmake ../libprotobuf-mutator -GNinja -DLIB_PROTO_MUTATOR_DOWNLOAD_PROTOBUF=ON -DLIB_PROTO_MUTATOR_TESTING=OFF -DCMAKE_BUILD_TYPE=Release && ninja):
------
executor failed running [/bin/sh -c (mkdir LPM && cd LPM && cmake ../libprotobuf-mutator -GNinja -DLIB_PROTO_MUTATOR_DOWNLOAD_PROTOBUF=ON -DLIB_PROTO_MUTATOR_TESTING=OFF -DCMAKE_BUILD_TYPE=Release && ninja)]: exit code: 1
make: *** [docker/generated.mk:34441: .libpng-proto_png_proto_mutator-project-builder] Error 1
