WARNING:root:gcloud not found in PATH.
INFO:root:Successfully integrated benchmark: cryptofuzz_xxd.
INFO:root:Please run "make test-run-afl-cryptofuzz_xxd" to test integration.
#1 [internal] load build definition from Dockerfile
#1 sha256:e96988a6d6c4ceba6be7710b5accd6e692b61c82ca0e3c05063f015170f3f9d9
#1 transferring dockerfile: 1.81kB done
#1 DONE 0.1s

#2 [internal] load .dockerignore
#2 sha256:8747d1f5af47a6c43f399299886998863e93e3c55be451525d389cebf9038d12
#2 transferring context: 2B done
#2 DONE 0.1s

#3 [internal] load metadata for gcr.io/oss-fuzz-base/base-builder:latest
#3 sha256:f10dc39cc9d418a5bc416dead31a1902b6821fdae909cd3b08f7a3fd1faba7b5
#3 DONE 0.4s

#16 [internal] load build context
#16 sha256:4dbb4ce70336067a16d58fc228e0e490b224d7571a228951020e1dd9dd23706e
#16 DONE 0.0s

#5 [ 1/12] FROM gcr.io/oss-fuzz-base/base-builder@sha256:41d7bbe7827592680a606c9bba1aeb6e23c7502ce8b633923b06542f4c706e7c
#5 sha256:660db69324ed478291dd329cbbfe422dccbc173f9ab806c069fac341073eab8c
#5 DONE 0.0s

#4 importing cache manifest from gcr.io/fuzzbench/builders/benchmark/cryptofuzz_xxd
#4 sha256:acd5f5a1cb18faf65df9932ad53443a5c81ef34ff072ec2962f36f3a5879b54f
#4 ERROR: gcr.io/fuzzbench/builders/benchmark/cryptofuzz_xxd:latest: not found

#5 [ 1/12] FROM gcr.io/oss-fuzz-base/base-builder@sha256:41d7bbe7827592680a606c9bba1aeb6e23c7502ce8b633923b06542f4c706e7c
#5 sha256:660db69324ed478291dd329cbbfe422dccbc173f9ab806c069fac341073eab8c
#5 CACHED

#16 [internal] load build context
#16 sha256:4dbb4ce70336067a16d58fc228e0e490b224d7571a228951020e1dd9dd23706e
#16 transferring context: 6.09kB done
#16 DONE 0.2s

#6 [ 2/12] RUN apt-get update && apt-get install -y software-properties-common python-software-properties make autoconf automake libtool build-essential cmake
#6 sha256:b3766b3c89ad6f35939e819b2b1f2517a59b1dda13db5454efa96cb76c22f894
#6 0.768 Hit:1 http://ppa.launchpad.net/git-core/ppa/ubuntu focal InRelease
#6 0.768 Hit:2 http://archive.ubuntu.com/ubuntu focal InRelease
#6 0.768 Get:3 http://archive.ubuntu.com/ubuntu focal-updates InRelease [114 kB]
#6 0.768 Get:4 http://security.ubuntu.com/ubuntu focal-security InRelease [114 kB]
#6 0.836 Get:5 http://archive.ubuntu.com/ubuntu focal-backports InRelease [108 kB]
#6 1.486 Get:6 http://archive.ubuntu.com/ubuntu focal-updates/universe i386 Packages [827 kB]
#6 1.594 Get:7 http://archive.ubuntu.com/ubuntu focal-updates/main amd64 Packages [1983 kB]
#6 1.741 Get:8 http://archive.ubuntu.com/ubuntu focal-updates/main i386 Packages [754 kB]
#6 1.796 Get:9 http://archive.ubuntu.com/ubuntu focal-updates/universe amd64 Packages [1134 kB]
#6 1.881 Get:10 http://archive.ubuntu.com/ubuntu focal-updates/restricted amd64 Packages [1042 kB]
#6 2.213 Fetched 6076 kB in 1s (4117 kB/s)
#6 2.213 Reading package lists...
#6 3.702 Reading package lists...
#6 5.123 Building dependency tree...
#6 5.338 Reading state information...
#6 5.367 Package python-software-properties is not available, but is referred to by another package.
#6 5.367 This may mean that the package is missing, has been obsoleted, or
#6 5.367 is only available from another source
#6 5.367 However the following packages replace it:
#6 5.367   software-properties-common
#6 5.367 
#6 5.372 E: Package 'python-software-properties' has no installation candidate
#6 ERROR: executor failed running [/bin/sh -c apt-get update && apt-get install -y software-properties-common python-software-properties make autoconf automake libtool build-essential cmake]: exit code: 100
------
 > importing cache manifest from gcr.io/fuzzbench/builders/benchmark/cryptofuzz_xxd:
------
------
 > [ 2/12] RUN apt-get update && apt-get install -y software-properties-common python-software-properties make autoconf automake libtool build-essential cmake:
------
executor failed running [/bin/sh -c apt-get update && apt-get install -y software-properties-common python-software-properties make autoconf automake libtool build-essential cmake]: exit code: 100
make: *** [docker/generated.mk:10367: .cryptofuzz_xxd-project-builder] Error 1
/bin/sh: 1: source: not found
#2 [internal] load .dockerignore
#2 sha256:f41cd15b66cfde403c48ef46f1b7a03993df213d3a5288a5ec5d793c31bd7a82
#2 transferring context: 2B done
#2 ...

#1 [internal] load build definition from Dockerfile
#1 sha256:96e4c6fde8c648ff345670365990da71e014c2e49ddcf23e1fd766de3b0ec657
#1 transferring dockerfile: 32B done
#1 DONE 0.3s

#2 [internal] load .dockerignore
#2 sha256:f41cd15b66cfde403c48ef46f1b7a03993df213d3a5288a5ec5d793c31bd7a82
#2 DONE 0.3s

#3 [internal] load metadata for gcr.io/oss-fuzz-base/base-builder:latest
#3 sha256:f10dc39cc9d418a5bc416dead31a1902b6821fdae909cd3b08f7a3fd1faba7b5
#3 DONE 0.4s

#16 [internal] load build context
#16 sha256:557069f3f99af35a23a216aa231f0d94a4979943a89758e5ff25b559e593f07a
#16 DONE 0.0s

#5 [ 1/12] FROM gcr.io/oss-fuzz-base/base-builder@sha256:41d7bbe7827592680a606c9bba1aeb6e23c7502ce8b633923b06542f4c706e7c
#5 sha256:660db69324ed478291dd329cbbfe422dccbc173f9ab806c069fac341073eab8c
#5 DONE 0.0s

#4 importing cache manifest from gcr.io/fuzzbench/builders/benchmark/cryptofuzz_xxd
#4 sha256:acd5f5a1cb18faf65df9932ad53443a5c81ef34ff072ec2962f36f3a5879b54f
#4 ERROR: gcr.io/fuzzbench/builders/benchmark/cryptofuzz_xxd:latest: not found

#5 [ 1/12] FROM gcr.io/oss-fuzz-base/base-builder@sha256:41d7bbe7827592680a606c9bba1aeb6e23c7502ce8b633923b06542f4c706e7c
#5 sha256:660db69324ed478291dd329cbbfe422dccbc173f9ab806c069fac341073eab8c
#5 CACHED

#16 [internal] load build context
#16 sha256:557069f3f99af35a23a216aa231f0d94a4979943a89758e5ff25b559e593f07a
#16 transferring context: 30B done
#16 DONE 0.2s

#6 [ 2/12] RUN apt-get update && apt-get install -y software-properties-common python-software-properties make autoconf automake libtool build-essential cmake
#6 sha256:b3766b3c89ad6f35939e819b2b1f2517a59b1dda13db5454efa96cb76c22f894
#6 0.733 Get:1 http://security.ubuntu.com/ubuntu focal-security InRelease [114 kB]
#6 1.183 Hit:2 http://archive.ubuntu.com/ubuntu focal InRelease
#6 1.183 Get:3 http://archive.ubuntu.com/ubuntu focal-updates InRelease [114 kB]
#6 1.186 Get:4 http://archive.ubuntu.com/ubuntu focal-backports InRelease [108 kB]
#6 1.190 Hit:5 http://ppa.launchpad.net/git-core/ppa/ubuntu focal InRelease
#6 1.559 Get:6 http://archive.ubuntu.com/ubuntu focal-updates/restricted amd64 Packages [1042 kB]
#6 1.689 Get:7 http://archive.ubuntu.com/ubuntu focal-updates/universe i386 Packages [827 kB]
#6 1.751 Get:8 http://archive.ubuntu.com/ubuntu focal-updates/main i386 Packages [754 kB]
#6 1.832 Get:9 http://archive.ubuntu.com/ubuntu focal-updates/main amd64 Packages [1983 kB]
#6 1.967 Get:10 http://archive.ubuntu.com/ubuntu focal-updates/universe amd64 Packages [1134 kB]
#6 2.281 Fetched 6076 kB in 2s (3922 kB/s)
#6 2.281 Reading package lists...
#6 3.782 Reading package lists...
#6 5.216 Building dependency tree...
#6 5.429 Reading state information...
#6 5.457 Package python-software-properties is not available, but is referred to by another package.
#6 5.457 This may mean that the package is missing, has been obsoleted, or
#6 5.457 is only available from another source
#6 5.457 However the following packages replace it:
#6 5.457   software-properties-common
#6 5.457 
#6 5.462 E: Package 'python-software-properties' has no installation candidate
#6 ERROR: executor failed running [/bin/sh -c apt-get update && apt-get install -y software-properties-common python-software-properties make autoconf automake libtool build-essential cmake]: exit code: 100
------
 > importing cache manifest from gcr.io/fuzzbench/builders/benchmark/cryptofuzz_xxd:
------
------
 > [ 2/12] RUN apt-get update && apt-get install -y software-properties-common python-software-properties make autoconf automake libtool build-essential cmake:
------
executor failed running [/bin/sh -c apt-get update && apt-get install -y software-properties-common python-software-properties make autoconf automake libtool build-essential cmake]: exit code: 100
make: *** [docker/generated.mk:10367: .cryptofuzz_xxd-project-builder] Error 1
