WARNING:root:gcloud not found in PATH.
INFO:root:Successfully integrated benchmark: myanmar-tools_myanmar-tools.
INFO:root:Please run "make test-run-afl-myanmar-tools_myanmar-tools" to test integration.
#1 [internal] load build definition from Dockerfile
#1 sha256:ec82ceb188152e28aab719ee1d9a4845fc97dd67dca7a53e69d3d6d47836a5aa
#1 transferring dockerfile: 871B done
#1 DONE 0.5s

#2 [internal] load .dockerignore
#2 sha256:6512b1cefa2f1f99d45752e0c07138e34602ac7540258326ee90b4e8c5e8caf9
#2 transferring context: 2B done
#2 DONE 0.5s

#3 [internal] load metadata for gcr.io/oss-fuzz-base/base-builder:latest
#3 sha256:f10dc39cc9d418a5bc416dead31a1902b6821fdae909cd3b08f7a3fd1faba7b5
#3 DONE 0.5s

#9 [internal] load build context
#9 sha256:ff59ec3de14f92c6f5747f1118b458ba156b203db724a1403ce4aacf3a10f363
#9 DONE 0.0s

#5 [1/5] FROM gcr.io/oss-fuzz-base/base-builder@sha256:f4e5ea12494fab091c5d830cf803b3421f2860f729b9d1b07da44924396cf8cf
#5 sha256:ef290950573a2779ee526af357b28fbddfc20d7409aa51f58f777c9e972cba29
#5 DONE 0.0s

#4 importing cache manifest from gcr.io/fuzzbench/builders/benchmark/myanmar-tools_myanmar-tools
#4 sha256:6d24aaaef7a4e4f20e45ae36df8121924f0aa026ef79e1f74b113ccad525a46d
#4 ERROR: gcr.io/fuzzbench/builders/benchmark/myanmar-tools_myanmar-tools:latest: not found

#5 [1/5] FROM gcr.io/oss-fuzz-base/base-builder@sha256:f4e5ea12494fab091c5d830cf803b3421f2860f729b9d1b07da44924396cf8cf
#5 sha256:ef290950573a2779ee526af357b28fbddfc20d7409aa51f58f777c9e972cba29
#5 CACHED

#9 [internal] load build context
#9 sha256:ff59ec3de14f92c6f5747f1118b458ba156b203db724a1403ce4aacf3a10f363
#9 transferring context: 1.28kB done
#9 DONE 0.2s

#6 [2/5] RUN apt-get update && apt-get -y install     build-essential     cmake
#6 sha256:ad9912c7c1c9fc0281c7b84c54778b78aac7c7c4683529c6604e9b612dd2e992
#6 0.860 Hit:1 http://ppa.launchpad.net/git-core/ppa/ubuntu focal InRelease
#6 0.860 Hit:2 http://archive.ubuntu.com/ubuntu focal InRelease
#6 0.860 Get:3 http://archive.ubuntu.com/ubuntu focal-updates InRelease [114 kB]
#6 0.948 Get:4 http://archive.ubuntu.com/ubuntu focal-backports InRelease [108 kB]
#6 0.977 Get:5 http://security.ubuntu.com/ubuntu focal-security InRelease [114 kB]
#6 1.392 Get:6 http://archive.ubuntu.com/ubuntu focal-updates/universe i386 Packages [827 kB]
#6 1.528 Get:7 http://archive.ubuntu.com/ubuntu focal-updates/main i386 Packages [752 kB]
#6 1.585 Get:8 http://archive.ubuntu.com/ubuntu focal-updates/universe amd64 Packages [1134 kB]
#6 1.668 Get:9 http://archive.ubuntu.com/ubuntu focal-updates/main amd64 Packages [1973 kB]
#6 1.814 Get:10 http://security.ubuntu.com/ubuntu focal-security/universe amd64 Packages [840 kB]
#6 2.232 Get:11 http://security.ubuntu.com/ubuntu focal-security/universe i386 Packages [657 kB]
#6 2.284 Get:12 http://security.ubuntu.com/ubuntu focal-security/main amd64 Packages [1546 kB]
#6 2.710 Fetched 8065 kB in 2s (4320 kB/s)
#6 2.710 Reading package lists...
#6 5.089 Reading package lists...
#6 6.646 Building dependency tree...
#6 6.886 Reading state information...
#6 7.138 build-essential is already the newest version (12.8ubuntu1.1).
#6 7.138 The following additional packages will be installed:
#6 7.140   cmake-data libarchive13 libjsoncpp1 librhash0 libuv1
#6 7.142 Suggested packages:
#6 7.142   cmake-doc ninja-build lrzip
#6 7.179 The following NEW packages will be installed:
#6 7.181   cmake cmake-data libarchive13 libjsoncpp1 librhash0 libuv1
#6 7.261 0 upgraded, 6 newly installed, 0 to remove and 2 not upgraded.
#6 7.261 Need to get 5877 kB of archives.
#6 7.261 After this operation, 29.5 MB of additional disk space will be used.
#6 7.261 Get:1 http://archive.ubuntu.com/ubuntu focal-updates/main amd64 libuv1 amd64 1.34.2-1ubuntu1.3 [80.8 kB]
#6 7.363 Get:2 http://archive.ubuntu.com/ubuntu focal/main amd64 cmake-data all 3.16.3-1ubuntu1 [1612 kB]
#6 7.543 Get:3 http://archive.ubuntu.com/ubuntu focal/main amd64 libarchive13 amd64 3.4.0-2ubuntu1 [327 kB]
#6 7.567 Get:4 http://archive.ubuntu.com/ubuntu focal/main amd64 libjsoncpp1 amd64 1.7.4-3.1ubuntu2 [75.6 kB]
#6 7.573 Get:5 http://archive.ubuntu.com/ubuntu focal/main amd64 librhash0 amd64 1.3.9-1 [113 kB]
#6 7.581 Get:6 http://archive.ubuntu.com/ubuntu focal/main amd64 cmake amd64 3.16.3-1ubuntu1 [3669 kB]
#6 8.743 debconf: delaying package configuration, since apt-utils is not installed
#6 8.854 Fetched 5877 kB in 1s (8883 kB/s)
#6 9.046 Selecting previously unselected package libuv1:amd64.
#6 9.046 (Reading database ... (Reading database ... 5%(Reading database ... 10%(Reading database ... 15%(Reading database ... 20%(Reading database ... 25%(Reading database ... 30%(Reading database ... 35%(Reading database ... 40%(Reading database ... 45%(Reading database ... 50%(Reading database ... 55%(Reading database ... 60%(Reading database ... 65%(Reading database ... 70%(Reading database ... 75%(Reading database ... 80%(Reading database ... 85%(Reading database ... 90%(Reading database ... 95%(Reading database ... 100%(Reading database ... 21291 files and directories currently installed.)
#6 10.34 Preparing to unpack .../0-libuv1_1.34.2-1ubuntu1.3_amd64.deb ...
#6 10.40 Unpacking libuv1:amd64 (1.34.2-1ubuntu1.3) ...
#6 10.55 Selecting previously unselected package cmake-data.
#6 10.55 Preparing to unpack .../1-cmake-data_3.16.3-1ubuntu1_all.deb ...
#6 10.57 Unpacking cmake-data (3.16.3-1ubuntu1) ...
#6 11.25 Selecting previously unselected package libarchive13:amd64.
#6 11.26 Preparing to unpack .../2-libarchive13_3.4.0-2ubuntu1_amd64.deb ...
#6 11.29 Unpacking libarchive13:amd64 (3.4.0-2ubuntu1) ...
#6 11.46 Selecting previously unselected package libjsoncpp1:amd64.
#6 11.46 Preparing to unpack .../3-libjsoncpp1_1.7.4-3.1ubuntu2_amd64.deb ...
#6 11.48 Unpacking libjsoncpp1:amd64 (1.7.4-3.1ubuntu2) ...
#6 11.60 Selecting previously unselected package librhash0:amd64.
#6 11.60 Preparing to unpack .../4-librhash0_1.3.9-1_amd64.deb ...
#6 11.62 Unpacking librhash0:amd64 (1.3.9-1) ...
#6 11.72 Selecting previously unselected package cmake.
#6 11.72 Preparing to unpack .../5-cmake_3.16.3-1ubuntu1_amd64.deb ...
#6 11.74 Unpacking cmake (3.16.3-1ubuntu1) ...
#6 12.23 Setting up libarchive13:amd64 (3.4.0-2ubuntu1) ...
#6 12.26 Setting up libuv1:amd64 (1.34.2-1ubuntu1.3) ...
#6 12.28 Setting up librhash0:amd64 (1.3.9-1) ...
#6 12.30 Setting up cmake-data (3.16.3-1ubuntu1) ...
#6 12.32 Setting up libjsoncpp1:amd64 (1.7.4-3.1ubuntu2) ...
#6 12.33 Setting up cmake (3.16.3-1ubuntu1) ...
#6 12.35 Processing triggers for libc-bin (2.31-0ubuntu9.2) ...
#6 DONE 13.1s

#7 [3/5] RUN git clone https://github.com/google/myanmar-tools.git
#7 sha256:18cd7f611791cf39ab5524aead4708aee48e7aa0d0ec85800d5abb76be440231
#7 0.463 Cloning into 'myanmar-tools'...
#7 DONE 1.6s

#8 [4/5] WORKDIR /src/myanmar-tools/clients/cpp/
#8 sha256:3fb8f2f4fc5a6a3a7e7b62678931925433fd6cee0c535e5038264ac5adb8c690
#8 DONE 0.2s

#10 [5/5] COPY build.sh /src/
#10 sha256:cc95f773506e1f2022c96b8e69decb55bc867766774eb5adfad08eab82575fb5
#10 DONE 0.2s

#11 exporting to image
#11 sha256:e8c613e07b0b7ff33893b694f7759a10d42e180f2b4dc349fb57dc6b71dcab00
#11 exporting layers done
#11 writing image sha256:cfe49b9bb941d5486d83bd7cdfe7fed22ef673d00c406a49e086cb17f601f403 done
#11 naming to gcr.io/fuzzbench/builders/benchmark/myanmar-tools_myanmar-tools done
#11 DONE 0.1s

#12 exporting cache
#12 sha256:2700d4ef94dee473593c5c614b55b2dedcca7893909811a8f2b48291a1f581e4
#12 preparing build cache for export done
#12 DONE 0.0s
------
 > importing cache manifest from gcr.io/fuzzbench/builders/benchmark/myanmar-tools_myanmar-tools:
------
#1 [internal] load build definition from builder.Dockerfile
#1 sha256:eb52156a9ab1be8fcbe1c8f909d97f9bc23c4499ad020816132acdb46b0dde73
#1 transferring dockerfile: 1.35kB done
#1 DONE 0.0s

#2 [internal] load .dockerignore
#2 sha256:f0e30d345ec260f3d2986e681a466efeb60068edacbbe37604e03c155e9995a3
#2 transferring context: 2B done
#2 DONE 0.0s

#3 [internal] load metadata for gcr.io/fuzzbench/builders/benchmark/myanmar-tools_myanmar-tools:latest
#3 sha256:1f7266f52ca150601dedf92850a447b96490b291ad02cca40b7b9ab561857a5a
#3 DONE 0.0s

#4 importing cache manifest from gcr.io/fuzzbench/builders/afl/myanmar-tools_myanmar-tools-intermediate
#4 sha256:34f625eb0a9250faec5e047740b1f5960336a973dddf7dff85fd5ce27b3cba19
#4 ...

#5 [1/3] FROM gcr.io/fuzzbench/builders/benchmark/myanmar-tools_myanmar-tools
#5 sha256:d187ac706080266ba06d065f0c3f27c48df1650eea454a532c8f460067480748
#5 DONE 0.0s

#4 importing cache manifest from gcr.io/fuzzbench/builders/afl/myanmar-tools_myanmar-tools-intermediate
#4 sha256:34f625eb0a9250faec5e047740b1f5960336a973dddf7dff85fd5ce27b3cba19
#4 ERROR: gcr.io/fuzzbench/builders/afl/myanmar-tools_myanmar-tools-intermediate:latest: not found

#5 [1/3] FROM gcr.io/fuzzbench/builders/benchmark/myanmar-tools_myanmar-tools
#5 sha256:d187ac706080266ba06d065f0c3f27c48df1650eea454a532c8f460067480748
#5 DONE 0.4s

#6 [2/3] RUN git clone https://github.com/google/AFL.git /afl &&     cd /afl &&     git checkout 61037103ae3722c8060ff7082994836a794f978e &&     AFL_NO_X86=1 make
#6 sha256:c270c56a3768e696fc51a80f11b80f0ac47a5f3fb3c008c3cccc0896684d8e8e
#6 0.438 Cloning into '/afl'...
#6 1.594 Note: switching to '61037103ae3722c8060ff7082994836a794f978e'.
#6 1.594 
#6 1.594 You are in 'detached HEAD' state. You can look around, make experimental
#6 1.594 changes and commit them, and you can discard any commits you make in this
#6 1.594 state without impacting any branches by switching back to a branch.
#6 1.594 
#6 1.594 If you want to create a new branch to retain commits you create, you may
#6 1.594 do so (now or later) by using -c with the switch command. Example:
#6 1.594 
#6 1.594   git switch -c <new-branch-name>
#6 1.594 
#6 1.594 Or undo this operation with:
#6 1.594 
#6 1.594   git switch -
#6 1.594 
#6 1.594 Turn off this advice by setting config variable advice.detachedHead to false
#6 1.594 
#6 1.594 HEAD is now at 6103710 Fix a typo filename comparison in the fuzzer (#139)
#6 1.622 [!] Note: skipping x86 compilation checks (AFL_NO_X86 set).
#6 1.622 clang -O1 -fno-omit-frame-pointer -gline-tables-only -DFUZZING_BUILD_MODE_UNSAFE_FOR_PRODUCTION -Wall -D_FORTIFY_SOURCE=2 -g -Wno-pointer-sign -DAFL_PATH=\"/usr/local/lib/afl\" -DDOC_PATH=\"/usr/local/share/doc/afl\" -DBIN_PATH=\"/usr/local/bin\" afl-gcc.c -o afl-gcc -ldl
#6 1.840 set -e; for i in afl-g++ afl-clang afl-clang++; do ln -sf afl-gcc $i; done
#6 1.845 clang -O1 -fno-omit-frame-pointer -gline-tables-only -DFUZZING_BUILD_MODE_UNSAFE_FOR_PRODUCTION -Wall -D_FORTIFY_SOURCE=2 -g -Wno-pointer-sign -DAFL_PATH=\"/usr/local/lib/afl\" -DDOC_PATH=\"/usr/local/share/doc/afl\" -DBIN_PATH=\"/usr/local/bin\" afl-fuzz.c -o afl-fuzz -ldl
#6 4.423 clang -O1 -fno-omit-frame-pointer -gline-tables-only -DFUZZING_BUILD_MODE_UNSAFE_FOR_PRODUCTION -Wall -D_FORTIFY_SOURCE=2 -g -Wno-pointer-sign -DAFL_PATH=\"/usr/local/lib/afl\" -DDOC_PATH=\"/usr/local/share/doc/afl\" -DBIN_PATH=\"/usr/local/bin\" afl-showmap.c -o afl-showmap -ldl
#6 4.761 clang -O1 -fno-omit-frame-pointer -gline-tables-only -DFUZZING_BUILD_MODE_UNSAFE_FOR_PRODUCTION -Wall -D_FORTIFY_SOURCE=2 -g -Wno-pointer-sign -DAFL_PATH=\"/usr/local/lib/afl\" -DDOC_PATH=\"/usr/local/share/doc/afl\" -DBIN_PATH=\"/usr/local/bin\" afl-tmin.c -o afl-tmin -ldl
#6 5.237 clang -O1 -fno-omit-frame-pointer -gline-tables-only -DFUZZING_BUILD_MODE_UNSAFE_FOR_PRODUCTION -Wall -D_FORTIFY_SOURCE=2 -g -Wno-pointer-sign -DAFL_PATH=\"/usr/local/lib/afl\" -DDOC_PATH=\"/usr/local/share/doc/afl\" -DBIN_PATH=\"/usr/local/bin\" afl-gotcpu.c -o afl-gotcpu -ldl
#6 5.673 clang -O1 -fno-omit-frame-pointer -gline-tables-only -DFUZZING_BUILD_MODE_UNSAFE_FOR_PRODUCTION -Wall -D_FORTIFY_SOURCE=2 -g -Wno-pointer-sign -DAFL_PATH=\"/usr/local/lib/afl\" -DDOC_PATH=\"/usr/local/share/doc/afl\" -DBIN_PATH=\"/usr/local/bin\" afl-analyze.c -o afl-analyze -ldl
#6 6.111 clang -O1 -fno-omit-frame-pointer -gline-tables-only -DFUZZING_BUILD_MODE_UNSAFE_FOR_PRODUCTION -Wall -D_FORTIFY_SOURCE=2 -g -Wno-pointer-sign -DAFL_PATH=\"/usr/local/lib/afl\" -DDOC_PATH=\"/usr/local/share/doc/afl\" -DBIN_PATH=\"/usr/local/bin\" afl-as.c -o afl-as -ldl
#6 6.375 ln -sf afl-as as
#6 6.377 [!] Note: skipping build tests (you may need to use LLVM or QEMU mode).
#6 6.378 [+] LLVM users: see llvm_mode/README.llvm for a faster alternative to afl-gcc.
#6 6.379 [+] All done! Be sure to review README - it's pretty short and useful.
#6 DONE 6.5s

#7 [3/3] RUN apt-get update &&     apt-get install wget -y &&     wget https://raw.githubusercontent.com/llvm/llvm-project/5feb80e748924606531ba28c97fe65145c65372e/compiler-rt/lib/fuzzer/afl/afl_driver.cpp -O /afl/afl_driver.cpp &&     clang -Wno-pointer-sign -c /afl/llvm_mode/afl-llvm-rt.o.c -I/afl &&     clang++ -stdlib=libc++ -std=c++11 -O2 -c /afl/afl_driver.cpp &&     ar r /libAFL.a *.o
#7 sha256:23697e629d8caa08eb790b5da5e2bbd1315821ae046571fa3f1896db89a71caa
#7 0.802 Hit:1 http://ppa.launchpad.net/git-core/ppa/ubuntu focal InRelease
#7 0.802 Hit:2 http://archive.ubuntu.com/ubuntu focal InRelease
#7 0.805 Hit:3 http://archive.ubuntu.com/ubuntu focal-updates InRelease
#7 0.826 Hit:4 http://archive.ubuntu.com/ubuntu focal-backports InRelease
#7 0.903 Hit:5 http://security.ubuntu.com/ubuntu focal-security InRelease
#7 1.651 Reading package lists...
#7 3.818 Reading package lists...
#7 5.276 Building dependency tree...
#7 5.490 Reading state information...
#7 5.737 wget is already the newest version (1.20.3-1ubuntu2).
#7 5.737 0 upgraded, 0 newly installed, 0 to remove and 2 not upgraded.
#7 5.760 --2022-02-15 11:15:57--  https://raw.githubusercontent.com/llvm/llvm-project/5feb80e748924606531ba28c97fe65145c65372e/compiler-rt/lib/fuzzer/afl/afl_driver.cpp
#7 5.776 Resolving raw.githubusercontent.com (raw.githubusercontent.com)... 185.199.111.133, 185.199.108.133, 185.199.109.133, ...
#7 5.778 Connecting to raw.githubusercontent.com (raw.githubusercontent.com)|185.199.111.133|:443... connected.
#7 5.805 HTTP request sent, awaiting response... 200 OK
#7 6.034 Length: 9177 (9.0K) [text/plain]
#7 6.034 Saving to: '/afl/afl_driver.cpp'
#7 6.035 
#7 6.035      0K ........                                              100% 11.9M=0.001s
#7 6.035 
#7 6.035 2022-02-15 11:15:57 (11.9 MB/s) - '/afl/afl_driver.cpp' saved [9177/9177]
#7 6.035 
#7 7.800 ar: creating /libAFL.a
#7 DONE 8.8s

#8 exporting to image
#8 sha256:e8c613e07b0b7ff33893b694f7759a10d42e180f2b4dc349fb57dc6b71dcab00
#8 exporting layers done
#8 writing image sha256:ccd07e6e2fad51d4db8238a79a14afc61685e650c89cc5f5b60bee255bcbcebb
#8 writing image sha256:ccd07e6e2fad51d4db8238a79a14afc61685e650c89cc5f5b60bee255bcbcebb done
#8 naming to gcr.io/fuzzbench/builders/afl/myanmar-tools_myanmar-tools-intermediate done
#8 DONE 0.3s

#9 exporting cache
#9 sha256:2700d4ef94dee473593c5c614b55b2dedcca7893909811a8f2b48291a1f581e4
#9 preparing build cache for export done
#9 DONE 0.0s
------
 > importing cache manifest from gcr.io/fuzzbench/builders/afl/myanmar-tools_myanmar-tools-intermediate:
------
#1 [internal] load build definition from Dockerfile
#1 sha256:91851485916af444bef4c464bfb43ae1722a5ba2612ee1d7de2f6c99f5bdf464
#1 transferring dockerfile: 2.00kB done
#1 DONE 0.1s

#2 [internal] load .dockerignore
#2 sha256:a9e98ce68f24fe82d0400a2a3fbc249233a34f21c52a05ce4d6e16456eca18ad
#2 transferring context: 34B done
#2 DONE 0.1s

#3 [internal] load metadata for docker.io/library/ubuntu:xenial
#3 sha256:f62bae18ed588840f045c881b2502661f2a89578a2f8f99b83f5200ee83dd25b
#3 DONE 0.0s

#5 [1/7] FROM docker.io/library/ubuntu:xenial
#5 sha256:14dd403f25ae9e519bd44f27dc17af7ce80f5a4f9f48ca88108364e67ec5d360
#5 DONE 0.0s

#4 importing cache manifest from gcr.io/fuzzbench/base-image
#4 sha256:9b220ebb4d4daceed1b96df9b6dca076e762f1cd612574f010b82d5b9e5ad896
#4 DONE 0.0s

#8 [internal] load build context
#8 sha256:4970cea0a25c3c73906386a40a8a0e82887c69f94ae6b4818f3e7b0e81634170
#8 transferring context: 559B 0.1s done
#8 DONE 0.2s

#9 [4/7] COPY ./requirements.txt /
#9 sha256:02f46c6a501934f113da322f63b088f377ef9194449064c43cbb01d8594da87f
#9 CACHED

#10 [5/7] RUN pip3 install -r /requirements.txt
#10 sha256:1198e010865ac4d33648b84816ecd26d8cdc43149e204508a6468007c1ae8d05
#10 CACHED

#11 [6/7] RUN apt-get update -y && apt-get install -y     apt-transport-https     lsb-release
#11 sha256:a6476feca0069deab81140d9b42ffb9260329c38c9b43492ecb7315e40ec5c55
#11 CACHED

#6 [2/7] RUN apt-get update -y && apt-get install -y     build-essential     rsync     curl     zlib1g-dev     libncurses5-dev     libgdbm-dev     libnss3-dev     libssl-dev     libreadline-dev     libffi-dev     virtualenv     libbz2-dev     liblzma-dev     libsqlite3-dev
#6 sha256:3a1b0960f17eed529eaae93dc8fd3554f2743dd584d8fa569cdbe6bc734371ac
#6 CACHED

#7 [3/7] RUN cd /tmp/ &&     curl -O https://www.python.org/ftp/python/3.8.6/Python-3.8.6.tar.xz &&     tar -xvf Python-3.8.6.tar.xz &&     cd Python-3.8.6 &&     ./configure --enable-loadable-sqlite-extensions --enable-optimizations &&     make -j install &&     rm -r /tmp/Python-3.8.6.tar.xz /tmp/Python-3.8.6
#7 sha256:c5b9d1fb3371e84dbc60b76e7b2f8d5913bc93bcd4910ab65daa03e7b2ec4bb0
#7 CACHED

#12 [7/7] RUN CLOUD_SDK_REPO="cloud-sdk-$(lsb_release -c -s)" &&     echo "deb https://packages.cloud.google.com/apt $CLOUD_SDK_REPO main"     | tee -a /etc/apt/sources.list.d/google-cloud-sdk.list &&     curl https://packages.cloud.google.com/apt/doc/apt-key.gpg     | apt-key add - &&     apt-get update -y &&     apt-get install -y google-cloud-sdk
#12 sha256:78abf653caff27411f8d733fc2afba0038aaaf140838a865e9573ff0710b75df
#12 CACHED

#13 exporting to image
#13 sha256:e8c613e07b0b7ff33893b694f7759a10d42e180f2b4dc349fb57dc6b71dcab00
#13 exporting layers done
#13 writing image sha256:3e04b5fd0a277df2bc5cd3367dbf9178b152077681f3e4447621291a56e5d56f
#13 writing image sha256:3e04b5fd0a277df2bc5cd3367dbf9178b152077681f3e4447621291a56e5d56f 0.0s done
#13 naming to gcr.io/fuzzbench/base-image done
#13 DONE 0.1s

#14 exporting cache
#14 sha256:2700d4ef94dee473593c5c614b55b2dedcca7893909811a8f2b48291a1f581e4
#14 preparing build cache for export done
#14 DONE 0.0s
#1 [internal] load build definition from Dockerfile
#1 sha256:027e7b8e30f5ffd23d941e5c665b5f0d74894c6aac5186b611f2bca183a7fe22
#1 transferring dockerfile: 2.22kB done
#1 DONE 0.1s

#2 [internal] load .dockerignore
#2 sha256:df46475c8ab9079b99716f9189b0066a0893978a3cba37cf55cde45ea3a0bc49
#2 transferring context: 34B done
#2 DONE 0.1s

#4 [internal] load metadata for gcr.io/fuzzbench/base-image:latest
#4 sha256:932022888f650cc455b10eb5123bb08c0cccacac29a693e69314abbfd28a72c3
#4 DONE 0.0s

#3 [internal] load metadata for gcr.io/fuzzbench/builders/afl/myanmar-tools_myanmar-tools-intermediate:latest
#3 sha256:d14b077f88900ad073f19b68ac1c48b350353700abef99877037b64d8678dda3
#3 DONE 0.0s

#12 [internal] load build context
#12 sha256:bb83c2e7c20c7e2bf9bc10864126e5e8165c3b49e8622503390de729e159cad7
#12 DONE 0.0s

#7 [base-image 1/1] FROM gcr.io/fuzzbench/base-image
#7 sha256:4d07825694520f8b6f6a0d8592dbd345433361ae044cb7f06706c5a95e3daaad
#7 DONE 0.0s

#6 [stage-1  1/13] FROM gcr.io/fuzzbench/builders/afl/myanmar-tools_myanmar-tools-intermediate
#6 sha256:e115ab94d89a8ea1be910b768c7b45dc60bb995a78b8070a9cfa3c9c4e9cf395
#6 DONE 0.0s

#5 importing cache manifest from gcr.io/fuzzbench/builders/afl/myanmar-tools_myanmar-tools
#5 sha256:d6528de137e59011c8461ac929ee2ac9014fb3e9de62381831e0cfba112a0203
#5 ERROR: gcr.io/fuzzbench/builders/afl/myanmar-tools_myanmar-tools:latest: not found

#7 [base-image 1/1] FROM gcr.io/fuzzbench/base-image
#7 sha256:4d07825694520f8b6f6a0d8592dbd345433361ae044cb7f06706c5a95e3daaad
#7 CACHED

#12 [internal] load build context
#12 sha256:bb83c2e7c20c7e2bf9bc10864126e5e8165c3b49e8622503390de729e159cad7
#12 transferring context: 669.90kB 0.1s done
#12 DONE 0.2s

#6 [stage-1  1/13] FROM gcr.io/fuzzbench/builders/afl/myanmar-tools_myanmar-tools-intermediate
#6 sha256:e115ab94d89a8ea1be910b768c7b45dc60bb995a78b8070a9cfa3c9c4e9cf395
#6 DONE 0.8s

#8 [stage-1  2/13] COPY --from=base-image /usr/local/bin/python3* /usr/local/bin/
#8 sha256:6f04e6d0ed6b9ffa89b360180bc9a23e97f8cee5e710d345a40775d8b72ba2d3
#8 DONE 0.8s

#9 [stage-1  3/13] COPY --from=base-image /usr/local/lib/python3.8 /usr/local/lib/python3.8
#9 sha256:2c68bdf53b1d35b7cbf9c0f925cce0449489153be1d1fb58e5c09926c0d174a9
#9 DONE 26.3s

#10 [stage-1  4/13] COPY --from=base-image /usr/local/include/python3.8 /usr/local/include/python3.8
#10 sha256:12f87fa0ea8d7130b8080bd0f8acc58b694bc8e6fe12f4b98aee8fd1103c1379
#10 DONE 0.4s

#11 [stage-1  5/13] COPY --from=base-image /usr/local/lib/python3.8/site-packages /usr/local/lib/python3.8/site-packages
#11 sha256:e3254c7b8bdaf59f5cbf0ac5af90c085c6258679768226ba95c8665aefc97afc
#11 DONE 32.7s

#13 [stage-1  6/13] COPY fuzzers /src/fuzzers
#13 sha256:c85f0a7b8145befe3926a70f9b6153d3f2fc1d7dee9ee780db6f86e009f0863e
#13 DONE 0.6s

#14 [stage-1  7/13] RUN touch /src/__init__.py
#14 sha256:a5fdda3fa10dca430413de005a35f5a7805d0b04c788e3282ce5e97b9086da2f
#14 DONE 2.3s

#15 [stage-1  8/13] COPY benchmarks/myanmar-tools_myanmar-tools/benchmark.yaml /
#15 sha256:d0b13cadc90ef0afa5d67fe95eb7f834404fd44b00915e434fbe78ba0886b186
#15 DONE 0.4s

#16 [stage-1  9/13] RUN mkdir /opt/fuzzbench/
#16 sha256:1a3420cee2a24c367d31267b4ce12b4c82a79add96a4a20fad0c2fa0e3de8a0b
#16 DONE 1.9s

#17 [stage-1 10/13] COPY docker/benchmark-builder/checkout_commit.py /opt/fuzzbench/
#17 sha256:157d9b5386e5498f31125cec4e33089118c62a44a0cc1167d73f02ec4c4007c8
#17 DONE 0.4s

#18 [stage-1 11/13] RUN export CHECKOUT_COMMIT=$(cat /benchmark.yaml | tr -d ' ' | grep 'commit:' | cut -d ':' -f2) &&     python3 -u /opt/fuzzbench/checkout_commit.py $CHECKOUT_COMMIT /src
#18 sha256:60835fc1485ea5c88ba4019bc33984d7090a9c6eadad93ddbd185bf1bac873de
#18 0.671 Checking out commit c5b0fe9e
#18 0.684 error: pathspec 'c5b0fe9e' did not match any file(s) known to git
#18 0.693 error: pathspec 'c5b0fe9e' did not match any file(s) known to git
#18 0.701 error: pathspec 'c5b0fe9e' did not match any file(s) known to git
#18 0.792 error: pathspec 'c5b0fe9e' did not match any file(s) known to git
#18 0.952 Checkout unsuccessful.
#18 DONE 1.2s

#19 [stage-1 12/13] RUN echo "#!/bin/bash\nPYTHONPATH=/src python3 -u -c "from fuzzers import utils; utils.initialize_env(); from fuzzers.afl import fuzzer; fuzzer.build()"" > /usr/bin/fuzzer_build &&     chmod +x /usr/bin/fuzzer_build
#19 sha256:90f66b24596d70ef51fce844b894408afa4dbcba51c1a47692693f264d0a891b
#19 DONE 0.9s

#20 [stage-1 13/13] RUN echo "Run fuzzer_build to build the target" && if [ -z "$debug_builder" ] ; then fuzzer_build; fi
#20 sha256:39eeef6db5e993e8b12d6d5ec22b0ff212b7bc8b8842fe2667c3fe6b91922e57
#20 0.843 Run fuzzer_build to build the target
#20 1.026 FUZZ_TARGET = myanmar-tools
#20 1.026 CFLAGS = -DFUZZING_BUILD_MODE_UNSAFE_FOR_PRODUCTION -pthread -Wl,--no-as-needed -Wl,-ldl -Wl,-lm -Wno-unused-command-line-argument -O3
#20 1.026 CXXFLAGS = -DFUZZING_BUILD_MODE_UNSAFE_FOR_PRODUCTION -pthread -Wl,--no-as-needed -Wl,-ldl -Wl,-lm -Wno-unused-command-line-argument -stdlib=libc++ -O3
#20 1.038 Building benchmark myanmar-tools_myanmar-tools with fuzzer afl
#20 1.043 + cd /src/myanmar-tools/clients/cpp
#20 1.043 + mkdir build
#20 1.045 + cd build
#20 1.045 + cmake -DCMAKE_C_COMPILER=clang -DCMAKE_CXX_COMPILER=clang++ '-DCMAKE_C_FLAGS=-DFUZZING_BUILD_MODE_UNSAFE_FOR_PRODUCTION -pthread -Wl,--no-as-needed -Wl,-ldl -Wl,-lm -Wno-unused-command-line-argument -O3 -fsanitize-coverage=trace-pc-guard' '-DCMAKE_CXX_FLAGS=-DFUZZING_BUILD_MODE_UNSAFE_FOR_PRODUCTION -pthread -Wl,--no-as-needed -Wl,-ldl -Wl,-lm -Wno-unused-command-line-argument -stdlib=libc++ -O3 -fsanitize-coverage=trace-pc-guard' -DCMAKE_VERBOSE_MAKEFILE:BOOL=ON ..
#20 1.415 -- [hunter] Initializing Hunter workspace (5ead1e069b437930d0de8a21824b20fb52b37b50)
#20 1.415 -- [hunter]   https://github.com/ruslo/hunter/archive/v0.21.19.tar.gz
#20 1.415 -- [hunter]   -> /root/.hunter/_Base/Download/Hunter/0.21.19/5ead1e0
#20 2.904 -- The C compiler identification is Clang 14.0.0
#20 3.235 -- The CXX compiler identification is Clang 14.0.0
#20 3.252 -- Detecting C compiler ABI info
#20 3.407 -- Detecting C compiler ABI info - done
#20 3.464 -- Check for working C compiler: /usr/local/bin/clang - skipped
#20 3.464 -- Detecting C compile features
#20 3.465 -- Detecting C compile features - done
#20 3.473 -- Detecting CXX compiler ABI info
#20 3.661 -- Detecting CXX compiler ABI info - done
#20 3.728 -- Check for working CXX compiler: /usr/local/bin/clang++ - skipped
#20 3.728 -- Detecting CXX compile features
#20 3.729 -- Detecting CXX compile features - done
#20 3.732 -- [hunter] Calculating Toolchain-SHA1
#20 5.193 -- [hunter] Calculating Config-SHA1
#20 5.452 -- [hunter] HUNTER_ROOT: /root/.hunter
#20 5.452 -- [hunter] [ Hunter-ID: 5ead1e0 | Toolchain-ID: 916adb4 | Config-ID: ead1bc1 ]
#20 5.664 -- [hunter] GTEST_ROOT: /root/.hunter/_Base/5ead1e0/916adb4/ead1bc1/Install (ver.: 1.8.0-hunter-p11)
#20 5.941 -- [hunter] Building GTest
#20 5.946 loading initial cache file /root/.hunter/_Base/5ead1e0/916adb4/ead1bc1/cache.cmake
#20 5.946 loading initial cache file /root/.hunter/_Base/5ead1e0/916adb4/ead1bc1/Build/GTest/args.cmake
#20 6.180 -- The C compiler identification is Clang 14.0.0
#20 6.432 -- The CXX compiler identification is Clang 14.0.0
#20 6.444 -- Check for working C compiler: /usr/local/bin/clang - skipped
#20 6.445 -- Detecting C compile features
#20 6.446 -- Detecting C compile features - done
#20 6.454 -- Check for working CXX compiler: /usr/local/bin/clang++ - skipped
#20 6.454 -- Detecting CXX compile features
#20 6.455 -- Detecting CXX compile features - done
#20 6.524 -- Configuring done
#20 6.531 -- Generating done
#20 6.532 -- Build files have been written to: /root/.hunter/_Base/5ead1e0/916adb4/ead1bc1/Build/GTest/Build
#20 6.565 [  6%] Creating directories for 'GTest-Release'
#20 6.590 [ 12%] Performing download step (download, verify and extract) for 'GTest-Release'
#20 6.595 -- Downloading...
#20 6.595    dst='/root/.hunter/_Base/Download/GTest/1.8.0-hunter-p11/76c6aec/1.8.0-hunter-p11.tar.gz'
#20 6.595    timeout='none'
#20 6.595    inactivity timeout='none'
#20 6.595 -- Using src='https://github.com/hunter-packages/googletest/archive/1.8.0-hunter-p11.tar.gz'
#20 6.788 -- [download 100% complete]
#20 7.350 -- verifying file...
#20 7.350        file='/root/.hunter/_Base/Download/GTest/1.8.0-hunter-p11/76c6aec/1.8.0-hunter-p11.tar.gz'
#20 7.356 -- Downloading... done
#20 7.366 -- extracting...
#20 7.366      src='/root/.hunter/_Base/Download/GTest/1.8.0-hunter-p11/76c6aec/1.8.0-hunter-p11.tar.gz'
#20 7.366      dst='/root/.hunter/_Base/5ead1e0/916adb4/ead1bc1/Build/GTest/Source'
#20 7.366 -- extracting... [tar xfz]
#20 7.416 -- extracting... [analysis]
#20 7.416 -- extracting... [rename]
#20 7.416 -- extracting... [clean up]
#20 7.417 -- extracting... done
#20 7.424 [ 18%] No update step for 'GTest-Release'
#20 7.434 [ 25%] No patch step for 'GTest-Release'
#20 7.443 [ 31%] Performing configure step for 'GTest-Release'
#20 7.447 loading initial cache file /root/.hunter/_Base/5ead1e0/916adb4/ead1bc1/cache.cmake
#20 7.448 loading initial cache file /root/.hunter/_Base/5ead1e0/916adb4/ead1bc1/Build/GTest/args.cmake
#20 7.649 -- The C compiler identification is Clang 14.0.0
#20 7.902 -- The CXX compiler identification is Clang 14.0.0
#20 7.915 -- Check for working C compiler: /usr/local/bin/clang - skipped
#20 7.915 -- Detecting C compile features
#20 7.916 -- Detecting C compile features - done
#20 7.924 -- Check for working CXX compiler: /usr/local/bin/clang++ - skipped
#20 7.924 -- Detecting CXX compile features
#20 7.925 -- Detecting CXX compile features - done
#20 7.979 -- Found PythonInterp: /usr/bin/python (found version "3.8.10") 
#20 7.983 -- Looking for pthread.h
#20 8.152 -- Looking for pthread.h - found
#20 8.153 -- Performing Test CMAKE_HAVE_LIBC_PTHREAD
#20 8.324 -- Performing Test CMAKE_HAVE_LIBC_PTHREAD - Success
#20 8.328 -- Found Threads: TRUE  
#20 8.342 -- Configuring done
#20 8.360 -- Generating done
#20 8.362 -- Build files have been written to: /root/.hunter/_Base/5ead1e0/916adb4/ead1bc1/Build/GTest/Build/GTest-Release-prefix/src/GTest-Release-build
#20 8.374 [ 37%] Performing build step for 'GTest-Release'
#20 8.403 [ 18%] Building CXX object googlemock/CMakeFiles/gmock_main.dir/src/gmock_main.cc.o
#20 8.403 [ 18%] Building CXX object googlemock/CMakeFiles/gmock.dir/src/gmock-all.cc.o
#20 8.403 [ 27%] Building CXX object googlemock/CMakeFiles/gmock_main.dir/__/googletest/src/gtest-all.cc.o
#20 8.404 [ 54%] Building CXX object googlemock/CMakeFiles/gmock_main.dir/src/gmock-all.cc.o
#20 8.404 [ 54%] Building CXX object googlemock/gtest/CMakeFiles/gtest.dir/src/gtest-all.cc.o
#20 8.404 [ 36%] Building CXX object googlemock/CMakeFiles/gmock.dir/__/googletest/src/gtest-all.cc.o
#20 21.17 [ 63%] Linking CXX static library libgtest.a
#20 21.19 [ 63%] Built target gtest
#20 21.20 [ 72%] Building CXX object googlemock/gtest/CMakeFiles/gtest_main.dir/src/gtest_main.cc.o
#20 21.44 [ 81%] Linking CXX static library libgmock.a
#20 21.46 [ 81%] Built target gmock
#20 22.97 [ 90%] Linking CXX static library libgmock_main.a
#20 22.99 [ 90%] Built target gmock_main
#20 23.07 [100%] Linking CXX static library libgtest_main.a
#20 23.08 [100%] Built target gtest_main
#20 23.10 [ 43%] Performing install step for 'GTest-Release'
#20 23.14 Consolidate compiler generated dependencies of target gmock_main
#20 23.16 [ 36%] Built target gmock_main
#20 23.18 Consolidate compiler generated dependencies of target gmock
#20 23.19 [ 63%] Built target gmock
#20 23.21 Consolidate compiler generated dependencies of target gtest
#20 23.22 [ 81%] Built target gtest
#20 23.23 Consolidate compiler generated dependencies of target gtest_main
#20 23.24 [100%] Built target gtest_main
#20 23.25 Install the project...
#20 23.25 -- Install configuration: "Release"
#20 23.25 -- Installing: /root/.hunter/_Base/5ead1e0/916adb4/ead1bc1/Build/GTest/Install/lib/libgmock.a
#20 23.26 -- Installing: /root/.hunter/_Base/5ead1e0/916adb4/ead1bc1/Build/GTest/Install/lib/libgmock_main.a
#20 23.26 -- Installing: /root/.hunter/_Base/5ead1e0/916adb4/ead1bc1/Build/GTest/Install/include/gmock
#20 23.26 -- Installing: /root/.hunter/_Base/5ead1e0/916adb4/ead1bc1/Build/GTest/Install/include/gmock/gmock-matchers.h
#20 23.27 -- Installing: /root/.hunter/_Base/5ead1e0/916adb4/ead1bc1/Build/GTest/Install/include/gmock/gmock-more-actions.h
#20 23.27 -- Installing: /root/.hunter/_Base/5ead1e0/916adb4/ead1bc1/Build/GTest/Install/include/gmock/internal
#20 23.27 -- Installing: /root/.hunter/_Base/5ead1e0/916adb4/ead1bc1/Build/GTest/Install/include/gmock/internal/gmock-internal-utils.h
#20 23.27 -- Installing: /root/.hunter/_Base/5ead1e0/916adb4/ead1bc1/Build/GTest/Install/include/gmock/internal/custom
#20 23.27 -- Installing: /root/.hunter/_Base/5ead1e0/916adb4/ead1bc1/Build/GTest/Install/include/gmock/internal/custom/gmock-matchers.h
#20 23.27 -- Installing: /root/.hunter/_Base/5ead1e0/916adb4/ead1bc1/Build/GTest/Install/include/gmock/internal/custom/gmock-port.h
#20 23.27 -- Installing: /root/.hunter/_Base/5ead1e0/916adb4/ead1bc1/Build/GTest/Install/include/gmock/internal/custom/gmock-generated-actions.h
#20 23.27 -- Installing: /root/.hunter/_Base/5ead1e0/916adb4/ead1bc1/Build/GTest/Install/include/gmock/internal/gmock-port.h
#20 23.27 -- Installing: /root/.hunter/_Base/5ead1e0/916adb4/ead1bc1/Build/GTest/Install/include/gmock/internal/gmock-generated-internal-utils.h
#20 23.27 -- Installing: /root/.hunter/_Base/5ead1e0/916adb4/ead1bc1/Build/GTest/Install/include/gmock/gmock-more-matchers.h
#20 23.27 -- Installing: /root/.hunter/_Base/5ead1e0/916adb4/ead1bc1/Build/GTest/Install/include/gmock/gmock-spec-builders.h
#20 23.27 -- Installing: /root/.hunter/_Base/5ead1e0/916adb4/ead1bc1/Build/GTest/Install/include/gmock/gmock-actions.h
#20 23.27 -- Installing: /root/.hunter/_Base/5ead1e0/916adb4/ead1bc1/Build/GTest/Install/include/gmock/gmock-generated-nice-strict.h
#20 23.27 -- Installing: /root/.hunter/_Base/5ead1e0/916adb4/ead1bc1/Build/GTest/Install/include/gmock/gmock-generated-matchers.h
#20 23.27 -- Installing: /root/.hunter/_Base/5ead1e0/916adb4/ead1bc1/Build/GTest/Install/include/gmock/gmock-generated-function-mockers.h
#20 23.27 -- Installing: /root/.hunter/_Base/5ead1e0/916adb4/ead1bc1/Build/GTest/Install/include/gmock/gmock-cardinalities.h
#20 23.27 -- Installing: /root/.hunter/_Base/5ead1e0/916adb4/ead1bc1/Build/GTest/Install/include/gmock/gmock.h
#20 23.27 -- Installing: /root/.hunter/_Base/5ead1e0/916adb4/ead1bc1/Build/GTest/Install/include/gmock/gmock-generated-actions.h
#20 23.27 -- Installing: /root/.hunter/_Base/5ead1e0/916adb4/ead1bc1/Build/GTest/Install/lib/cmake/GMock/GMockConfig.cmake
#20 23.27 -- Installing: /root/.hunter/_Base/5ead1e0/916adb4/ead1bc1/Build/GTest/Install/lib/cmake/GMock/GMockConfigVersion.cmake
#20 23.27 -- Installing: /root/.hunter/_Base/5ead1e0/916adb4/ead1bc1/Build/GTest/Install/lib/cmake/GMock/GMockTargets.cmake
#20 23.27 -- Installing: /root/.hunter/_Base/5ead1e0/916adb4/ead1bc1/Build/GTest/Install/lib/cmake/GMock/GMockTargets-release.cmake
#20 23.27 -- Installing: /root/.hunter/_Base/5ead1e0/916adb4/ead1bc1/Build/GTest/Install/lib/libgtest.a
#20 23.27 -- Installing: /root/.hunter/_Base/5ead1e0/916adb4/ead1bc1/Build/GTest/Install/lib/libgtest_main.a
#20 23.27 -- Installing: /root/.hunter/_Base/5ead1e0/916adb4/ead1bc1/Build/GTest/Install/include/gtest
#20 23.27 -- Installing: /root/.hunter/_Base/5ead1e0/916adb4/ead1bc1/Build/GTest/Install/include/gtest/gtest_prod.h
#20 23.27 -- Installing: /root/.hunter/_Base/5ead1e0/916adb4/ead1bc1/Build/GTest/Install/include/gtest/gtest-spi.h
#20 23.28 -- Installing: /root/.hunter/_Base/5ead1e0/916adb4/ead1bc1/Build/GTest/Install/include/gtest/internal
#20 23.28 -- Installing: /root/.hunter/_Base/5ead1e0/916adb4/ead1bc1/Build/GTest/Install/include/gtest/internal/gtest-port-arch.h
#20 23.28 -- Installing: /root/.hunter/_Base/5ead1e0/916adb4/ead1bc1/Build/GTest/Install/include/gtest/internal/custom
#20 23.28 -- Installing: /root/.hunter/_Base/5ead1e0/916adb4/ead1bc1/Build/GTest/Install/include/gtest/internal/custom/gtest-port.h
#20 23.28 -- Installing: /root/.hunter/_Base/5ead1e0/916adb4/ead1bc1/Build/GTest/Install/include/gtest/internal/custom/gtest-printers.h
#20 23.28 -- Installing: /root/.hunter/_Base/5ead1e0/916adb4/ead1bc1/Build/GTest/Install/include/gtest/internal/custom/gtest.h
#20 23.28 -- Installing: /root/.hunter/_Base/5ead1e0/916adb4/ead1bc1/Build/GTest/Install/include/gtest/internal/gtest-param-util-generated.h
#20 23.28 -- Installing: /root/.hunter/_Base/5ead1e0/916adb4/ead1bc1/Build/GTest/Install/include/gtest/internal/gtest-port.h
#20 23.28 -- Installing: /root/.hunter/_Base/5ead1e0/916adb4/ead1bc1/Build/GTest/Install/include/gtest/internal/gtest-linked_ptr.h
#20 23.28 -- Installing: /root/.hunter/_Base/5ead1e0/916adb4/ead1bc1/Build/GTest/Install/include/gtest/internal/gtest-type-util.h
#20 23.28 -- Installing: /root/.hunter/_Base/5ead1e0/916adb4/ead1bc1/Build/GTest/Install/include/gtest/internal/gtest-tuple.h
#20 23.28 -- Installing: /root/.hunter/_Base/5ead1e0/916adb4/ead1bc1/Build/GTest/Install/include/gtest/internal/gtest-filepath.h
#20 23.28 -- Installing: /root/.hunter/_Base/5ead1e0/916adb4/ead1bc1/Build/GTest/Install/include/gtest/internal/gtest-string.h
#20 23.28 -- Installing: /root/.hunter/_Base/5ead1e0/916adb4/ead1bc1/Build/GTest/Install/include/gtest/internal/gtest-param-util.h
#20 23.28 -- Installing: /root/.hunter/_Base/5ead1e0/916adb4/ead1bc1/Build/GTest/Install/include/gtest/internal/gtest-death-test-internal.h
#20 23.28 -- Installing: /root/.hunter/_Base/5ead1e0/916adb4/ead1bc1/Build/GTest/Install/include/gtest/internal/gtest-internal.h
#20 23.28 -- Installing: /root/.hunter/_Base/5ead1e0/916adb4/ead1bc1/Build/GTest/Install/include/gtest/gtest_pred_impl.h
#20 23.28 -- Installing: /root/.hunter/_Base/5ead1e0/916adb4/ead1bc1/Build/GTest/Install/include/gtest/gtest-typed-test.h
#20 23.28 -- Installing: /root/.hunter/_Base/5ead1e0/916adb4/ead1bc1/Build/GTest/Install/include/gtest/gtest-param-test.h
#20 23.28 -- Installing: /root/.hunter/_Base/5ead1e0/916adb4/ead1bc1/Build/GTest/Install/include/gtest/gtest-printers.h
#20 23.28 -- Installing: /root/.hunter/_Base/5ead1e0/916adb4/ead1bc1/Build/GTest/Install/include/gtest/gtest-death-test.h
#20 23.28 -- Installing: /root/.hunter/_Base/5ead1e0/916adb4/ead1bc1/Build/GTest/Install/include/gtest/gtest-message.h
#20 23.28 -- Installing: /root/.hunter/_Base/5ead1e0/916adb4/ead1bc1/Build/GTest/Install/include/gtest/gtest-test-part.h
#20 23.28 -- Installing: /root/.hunter/_Base/5ead1e0/916adb4/ead1bc1/Build/GTest/Install/include/gtest/gtest.h
#20 23.28 -- Installing: /root/.hunter/_Base/5ead1e0/916adb4/ead1bc1/Build/GTest/Install/lib/cmake/GTest/GTestConfig.cmake
#20 23.28 -- Installing: /root/.hunter/_Base/5ead1e0/916adb4/ead1bc1/Build/GTest/Install/lib/cmake/GTest/GTestConfigVersion.cmake
#20 23.28 -- Installing: /root/.hunter/_Base/5ead1e0/916adb4/ead1bc1/Build/GTest/Install/lib/cmake/GTest/GTestTargets.cmake
#20 23.28 -- Installing: /root/.hunter/_Base/5ead1e0/916adb4/ead1bc1/Build/GTest/Install/lib/cmake/GTest/GTestTargets-release.cmake
#20 23.29 loading initial cache file /root/.hunter/_Base/5ead1e0/916adb4/ead1bc1/Build/GTest/args.cmake
#20 23.30 [ 50%] Completed 'GTest-Release'
#20 23.31 [ 50%] Built target GTest-Release
#20 23.32 [ 56%] Creating directories for 'GTest-Debug'
#20 23.35 [ 62%] Performing download step (download, verify and extract) for 'GTest-Debug'
#20 23.35 -- verifying file...
#20 23.35        file='/root/.hunter/_Base/Download/GTest/1.8.0-hunter-p11/76c6aec/1.8.0-hunter-p11.tar.gz'
#20 23.36 -- File already exists and hash match (skip download):
#20 23.36   file='/root/.hunter/_Base/Download/GTest/1.8.0-hunter-p11/76c6aec/1.8.0-hunter-p11.tar.gz'
#20 23.36   SHA1='76c6aec038f7d7258bf5c4f45c4817b34039d285'
#20 23.37 -- extracting...
#20 23.37      src='/root/.hunter/_Base/Download/GTest/1.8.0-hunter-p11/76c6aec/1.8.0-hunter-p11.tar.gz'
#20 23.37      dst='/root/.hunter/_Base/5ead1e0/916adb4/ead1bc1/Build/GTest/Source'
#20 23.37 -- extracting... [tar xfz]
#20 23.42 -- extracting... [analysis]
#20 23.42 -- extracting... [rename]
#20 23.45 -- extracting... [clean up]
#20 23.45 -- extracting... done
#20 23.45 [ 68%] No update step for 'GTest-Debug'
#20 23.46 [ 75%] No patch step for 'GTest-Debug'
#20 23.47 [ 81%] Performing configure step for 'GTest-Debug'
#20 23.48 loading initial cache file /root/.hunter/_Base/5ead1e0/916adb4/ead1bc1/cache.cmake
#20 23.48 loading initial cache file /root/.hunter/_Base/5ead1e0/916adb4/ead1bc1/Build/GTest/args.cmake
#20 23.70 -- The C compiler identification is Clang 14.0.0
#20 23.95 -- The CXX compiler identification is Clang 14.0.0
#20 23.96 -- Check for working C compiler: /usr/local/bin/clang - skipped
#20 23.96 -- Detecting C compile features
#20 23.96 -- Detecting C compile features - done
#20 23.97 -- Check for working CXX compiler: /usr/local/bin/clang++ - skipped
#20 23.97 -- Detecting CXX compile features
#20 23.97 -- Detecting CXX compile features - done
#20 24.01 -- Found PythonInterp: /usr/bin/python (found version "3.8.10") 
#20 24.02 -- Looking for pthread.h
#20 24.19 -- Looking for pthread.h - found
#20 24.19 -- Performing Test CMAKE_HAVE_LIBC_PTHREAD
#20 24.37 -- Performing Test CMAKE_HAVE_LIBC_PTHREAD - Success
#20 24.38 -- Found Threads: TRUE  
#20 24.39 -- Configuring done
#20 24.41 -- Generating done
#20 24.41 -- Build files have been written to: /root/.hunter/_Base/5ead1e0/916adb4/ead1bc1/Build/GTest/Build/GTest-Debug-prefix/src/GTest-Debug-build
#20 24.42 [ 87%] Performing build step for 'GTest-Debug'
#20 24.45 [  9%] Building CXX object googlemock/CMakeFiles/gmock.dir/__/googletest/src/gtest-all.cc.o
#20 24.45 [ 27%] Building CXX object googlemock/CMakeFiles/gmock.dir/src/gmock-all.cc.o
#20 24.45 [ 27%] Building CXX object googlemock/CMakeFiles/gmock_main.dir/__/googletest/src/gtest-all.cc.o
#20 24.45 [ 36%] Building CXX object googlemock/CMakeFiles/gmock_main.dir/src/gmock-all.cc.o
#20 24.45 [ 45%] Building CXX object googlemock/gtest/CMakeFiles/gtest.dir/src/gtest-all.cc.o
#20 24.45 [ 54%] Building CXX object googlemock/CMakeFiles/gmock_main.dir/src/gmock_main.cc.o
#20 40.19 [ 63%] Linking CXX static library libgmockd.a
#20 40.23 [ 63%] Built target gmock
#20 40.77 [ 72%] Linking CXX static library libgtestd.a
#20 40.81 [ 72%] Built target gtest
#20 40.82 [ 81%] Building CXX object googlemock/gtest/CMakeFiles/gtest_main.dir/src/gtest_main.cc.o
#20 41.09 [ 90%] Linking CXX static library libgmock_maind.a
#20 41.11 [ 90%] Built target gmock_main
#20 42.66 [100%] Linking CXX static library libgtest_maind.a
#20 42.68 [100%] Built target gtest_main
#20 42.69 [ 93%] Performing install step for 'GTest-Debug'
#20 42.73 Consolidate compiler generated dependencies of target gmock_main
#20 42.74 [ 36%] Built target gmock_main
#20 42.77 Consolidate compiler generated dependencies of target gmock
#20 42.77 [ 63%] Built target gmock
#20 42.79 Consolidate compiler generated dependencies of target gtest
#20 42.80 [ 81%] Built target gtest
#20 42.81 Consolidate compiler generated dependencies of target gtest_main
#20 42.83 [100%] Built target gtest_main
#20 42.84 Install the project...
#20 42.84 -- Install configuration: "Debug"
#20 42.84 -- Installing: /root/.hunter/_Base/5ead1e0/916adb4/ead1bc1/Build/GTest/Install/lib/libgmockd.a
#20 42.86 -- Installing: /root/.hunter/_Base/5ead1e0/916adb4/ead1bc1/Build/GTest/Install/lib/libgmock_maind.a
#20 42.88 -- Up-to-date: /root/.hunter/_Base/5ead1e0/916adb4/ead1bc1/Build/GTest/Install/include/gmock
#20 42.88 -- Up-to-date: /root/.hunter/_Base/5ead1e0/916adb4/ead1bc1/Build/GTest/Install/include/gmock/gmock-matchers.h
#20 42.88 -- Up-to-date: /root/.hunter/_Base/5ead1e0/916adb4/ead1bc1/Build/GTest/Install/include/gmock/gmock-more-actions.h
#20 42.88 -- Up-to-date: /root/.hunter/_Base/5ead1e0/916adb4/ead1bc1/Build/GTest/Install/include/gmock/internal
#20 42.88 -- Up-to-date: /root/.hunter/_Base/5ead1e0/916adb4/ead1bc1/Build/GTest/Install/include/gmock/internal/gmock-internal-utils.h
#20 42.88 -- Up-to-date: /root/.hunter/_Base/5ead1e0/916adb4/ead1bc1/Build/GTest/Install/include/gmock/internal/custom
#20 42.88 -- Up-to-date: /root/.hunter/_Base/5ead1e0/916adb4/ead1bc1/Build/GTest/Install/include/gmock/internal/custom/gmock-matchers.h
#20 42.88 -- Up-to-date: /root/.hunter/_Base/5ead1e0/916adb4/ead1bc1/Build/GTest/Install/include/gmock/internal/custom/gmock-port.h
#20 42.88 -- Up-to-date: /root/.hunter/_Base/5ead1e0/916adb4/ead1bc1/Build/GTest/Install/include/gmock/internal/custom/gmock-generated-actions.h
#20 42.88 -- Up-to-date: /root/.hunter/_Base/5ead1e0/916adb4/ead1bc1/Build/GTest/Install/include/gmock/internal/gmock-port.h
#20 42.88 -- Up-to-date: /root/.hunter/_Base/5ead1e0/916adb4/ead1bc1/Build/GTest/Install/include/gmock/internal/gmock-generated-internal-utils.h
#20 42.88 -- Up-to-date: /root/.hunter/_Base/5ead1e0/916adb4/ead1bc1/Build/GTest/Install/include/gmock/gmock-more-matchers.h
#20 42.88 -- Up-to-date: /root/.hunter/_Base/5ead1e0/916adb4/ead1bc1/Build/GTest/Install/include/gmock/gmock-spec-builders.h
#20 42.88 -- Up-to-date: /root/.hunter/_Base/5ead1e0/916adb4/ead1bc1/Build/GTest/Install/include/gmock/gmock-actions.h
#20 42.88 -- Up-to-date: /root/.hunter/_Base/5ead1e0/916adb4/ead1bc1/Build/GTest/Install/include/gmock/gmock-generated-nice-strict.h
#20 42.88 -- Up-to-date: /root/.hunter/_Base/5ead1e0/916adb4/ead1bc1/Build/GTest/Install/include/gmock/gmock-generated-matchers.h
#20 42.88 -- Up-to-date: /root/.hunter/_Base/5ead1e0/916adb4/ead1bc1/Build/GTest/Install/include/gmock/gmock-generated-function-mockers.h
#20 42.88 -- Up-to-date: /root/.hunter/_Base/5ead1e0/916adb4/ead1bc1/Build/GTest/Install/include/gmock/gmock-cardinalities.h
#20 42.88 -- Up-to-date: /root/.hunter/_Base/5ead1e0/916adb4/ead1bc1/Build/GTest/Install/include/gmock/gmock.h
#20 42.88 -- Up-to-date: /root/.hunter/_Base/5ead1e0/916adb4/ead1bc1/Build/GTest/Install/include/gmock/gmock-generated-actions.h
#20 42.88 -- Installing: /root/.hunter/_Base/5ead1e0/916adb4/ead1bc1/Build/GTest/Install/lib/cmake/GMock/GMockConfig.cmake
#20 42.88 -- Installing: /root/.hunter/_Base/5ead1e0/916adb4/ead1bc1/Build/GTest/Install/lib/cmake/GMock/GMockConfigVersion.cmake
#20 42.88 -- Installing: /root/.hunter/_Base/5ead1e0/916adb4/ead1bc1/Build/GTest/Install/lib/cmake/GMock/GMockTargets.cmake
#20 42.88 -- Installing: /root/.hunter/_Base/5ead1e0/916adb4/ead1bc1/Build/GTest/Install/lib/cmake/GMock/GMockTargets-debug.cmake
#20 42.88 -- Installing: /root/.hunter/_Base/5ead1e0/916adb4/ead1bc1/Build/GTest/Install/lib/libgtestd.a
#20 42.89 -- Installing: /root/.hunter/_Base/5ead1e0/916adb4/ead1bc1/Build/GTest/Install/lib/libgtest_maind.a
#20 42.89 -- Up-to-date: /root/.hunter/_Base/5ead1e0/916adb4/ead1bc1/Build/GTest/Install/include/gtest
#20 42.89 -- Up-to-date: /root/.hunter/_Base/5ead1e0/916adb4/ead1bc1/Build/GTest/Install/include/gtest/gtest_prod.h
#20 42.89 -- Up-to-date: /root/.hunter/_Base/5ead1e0/916adb4/ead1bc1/Build/GTest/Install/include/gtest/gtest-spi.h
#20 42.89 -- Up-to-date: /root/.hunter/_Base/5ead1e0/916adb4/ead1bc1/Build/GTest/Install/include/gtest/internal
#20 42.89 -- Up-to-date: /root/.hunter/_Base/5ead1e0/916adb4/ead1bc1/Build/GTest/Install/include/gtest/internal/gtest-port-arch.h
#20 42.89 -- Up-to-date: /root/.hunter/_Base/5ead1e0/916adb4/ead1bc1/Build/GTest/Install/include/gtest/internal/custom
#20 42.89 -- Up-to-date: /root/.hunter/_Base/5ead1e0/916adb4/ead1bc1/Build/GTest/Install/include/gtest/internal/custom/gtest-port.h
#20 42.89 -- Up-to-date: /root/.hunter/_Base/5ead1e0/916adb4/ead1bc1/Build/GTest/Install/include/gtest/internal/custom/gtest-printers.h
#20 42.89 -- Up-to-date: /root/.hunter/_Base/5ead1e0/916adb4/ead1bc1/Build/GTest/Install/include/gtest/internal/custom/gtest.h
#20 42.89 -- Up-to-date: /root/.hunter/_Base/5ead1e0/916adb4/ead1bc1/Build/GTest/Install/include/gtest/internal/gtest-param-util-generated.h
#20 42.89 -- Up-to-date: /root/.hunter/_Base/5ead1e0/916adb4/ead1bc1/Build/GTest/Install/include/gtest/internal/gtest-port.h
#20 42.89 -- Up-to-date: /root/.hunter/_Base/5ead1e0/916adb4/ead1bc1/Build/GTest/Install/include/gtest/internal/gtest-linked_ptr.h
#20 42.90 -- Up-to-date: /root/.hunter/_Base/5ead1e0/916adb4/ead1bc1/Build/GTest/Install/include/gtest/internal/gtest-type-util.h
#20 42.90 -- Up-to-date: /root/.hunter/_Base/5ead1e0/916adb4/ead1bc1/Build/GTest/Install/include/gtest/internal/gtest-tuple.h
#20 42.90 -- Up-to-date: /root/.hunter/_Base/5ead1e0/916adb4/ead1bc1/Build/GTest/Install/include/gtest/internal/gtest-filepath.h
#20 42.90 -- Up-to-date: /root/.hunter/_Base/5ead1e0/916adb4/ead1bc1/Build/GTest/Install/include/gtest/internal/gtest-string.h
#20 42.90 -- Up-to-date: /root/.hunter/_Base/5ead1e0/916adb4/ead1bc1/Build/GTest/Install/include/gtest/internal/gtest-param-util.h
#20 42.90 -- Up-to-date: /root/.hunter/_Base/5ead1e0/916adb4/ead1bc1/Build/GTest/Install/include/gtest/internal/gtest-death-test-internal.h
#20 42.90 -- Up-to-date: /root/.hunter/_Base/5ead1e0/916adb4/ead1bc1/Build/GTest/Install/include/gtest/internal/gtest-internal.h
#20 42.90 -- Up-to-date: /root/.hunter/_Base/5ead1e0/916adb4/ead1bc1/Build/GTest/Install/include/gtest/gtest_pred_impl.h
#20 42.90 -- Up-to-date: /root/.hunter/_Base/5ead1e0/916adb4/ead1bc1/Build/GTest/Install/include/gtest/gtest-typed-test.h
#20 42.90 -- Up-to-date: /root/.hunter/_Base/5ead1e0/916adb4/ead1bc1/Build/GTest/Install/include/gtest/gtest-param-test.h
#20 42.90 -- Up-to-date: /root/.hunter/_Base/5ead1e0/916adb4/ead1bc1/Build/GTest/Install/include/gtest/gtest-printers.h
#20 42.90 -- Up-to-date: /root/.hunter/_Base/5ead1e0/916adb4/ead1bc1/Build/GTest/Install/include/gtest/gtest-death-test.h
#20 42.90 -- Up-to-date: /root/.hunter/_Base/5ead1e0/916adb4/ead1bc1/Build/GTest/Install/include/gtest/gtest-message.h
#20 42.90 -- Up-to-date: /root/.hunter/_Base/5ead1e0/916adb4/ead1bc1/Build/GTest/Install/include/gtest/gtest-test-part.h
#20 42.90 -- Up-to-date: /root/.hunter/_Base/5ead1e0/916adb4/ead1bc1/Build/GTest/Install/include/gtest/gtest.h
#20 42.90 -- Installing: /root/.hunter/_Base/5ead1e0/916adb4/ead1bc1/Build/GTest/Install/lib/cmake/GTest/GTestConfig.cmake
#20 42.90 -- Installing: /root/.hunter/_Base/5ead1e0/916adb4/ead1bc1/Build/GTest/Install/lib/cmake/GTest/GTestConfigVersion.cmake
#20 42.90 -- Installing: /root/.hunter/_Base/5ead1e0/916adb4/ead1bc1/Build/GTest/Install/lib/cmake/GTest/GTestTargets.cmake
#20 42.90 -- Installing: /root/.hunter/_Base/5ead1e0/916adb4/ead1bc1/Build/GTest/Install/lib/cmake/GTest/GTestTargets-debug.cmake
#20 42.90 loading initial cache file /root/.hunter/_Base/5ead1e0/916adb4/ead1bc1/Build/GTest/args.cmake
#20 42.91 [100%] Completed 'GTest-Debug'
#20 42.93 [100%] Built target GTest-Debug
#20 42.98 -- [hunter] Build step successful (dir: /root/.hunter/_Base/5ead1e0/916adb4/ead1bc1/Build/GTest)
#20 47.19 -- [hunter] Cache saved: /root/.hunter/_Base/Cache/raw/4e8c8395409d20f75fbfbb6f2b39fbe3218dfda0.tar.bz2
#20 48.47 -- [hunter] GLOG_ROOT: /root/.hunter/_Base/5ead1e0/916adb4/ead1bc1/Install (ver.: 0.3.5-p2)
#20 48.77 -- [hunter] Building glog
#20 48.77 loading initial cache file /root/.hunter/_Base/5ead1e0/916adb4/ead1bc1/cache.cmake
#20 48.77 loading initial cache file /root/.hunter/_Base/5ead1e0/916adb4/ead1bc1/Build/glog/args.cmake
#20 48.97 -- The C compiler identification is Clang 14.0.0
#20 49.22 -- The CXX compiler identification is Clang 14.0.0
#20 49.24 -- Check for working C compiler: /usr/local/bin/clang - skipped
#20 49.24 -- Detecting C compile features
#20 49.24 -- Detecting C compile features - done
#20 49.25 -- Check for working CXX compiler: /usr/local/bin/clang++ - skipped
#20 49.25 -- Detecting CXX compile features
#20 49.25 -- Detecting CXX compile features - done
#20 49.31 -- Configuring done
#20 49.32 -- Generating done
#20 49.32 -- Build files have been written to: /root/.hunter/_Base/5ead1e0/916adb4/ead1bc1/Build/glog/Build
#20 49.36 [  6%] Creating directories for 'glog-Release'
#20 49.38 [ 12%] Performing download step (download, verify and extract) for 'glog-Release'
#20 49.39 -- Downloading...
#20 49.39    dst='/root/.hunter/_Base/Download/glog/0.3.5-p2/3e95e5b/v0.3.5-p2.tar.gz'
#20 49.39    timeout='none'
#20 49.39    inactivity timeout='none'
#20 49.39 -- Using src='https://github.com/hunter-packages/glog/archive/v0.3.5-p2.tar.gz'
#20 49.78 -- [download 100% complete]
#20 50.06 -- verifying file...
#20 50.06        file='/root/.hunter/_Base/Download/glog/0.3.5-p2/3e95e5b/v0.3.5-p2.tar.gz'
#20 50.06 -- Downloading... done
#20 50.07 -- extracting...
#20 50.07      src='/root/.hunter/_Base/Download/glog/0.3.5-p2/3e95e5b/v0.3.5-p2.tar.gz'
#20 50.07      dst='/root/.hunter/_Base/5ead1e0/916adb4/ead1bc1/Build/glog/Source'
#20 50.07 -- extracting... [tar xfz]
#20 50.09 -- extracting... [analysis]
#20 50.09 -- extracting... [rename]
#20 50.09 -- extracting... [clean up]
#20 50.09 -- extracting... done
#20 50.10 [ 18%] No update step for 'glog-Release'
#20 50.11 [ 25%] No patch step for 'glog-Release'
#20 50.12 [ 31%] Performing configure step for 'glog-Release'
#20 50.12 loading initial cache file /root/.hunter/_Base/5ead1e0/916adb4/ead1bc1/cache.cmake
#20 50.13 loading initial cache file /root/.hunter/_Base/5ead1e0/916adb4/ead1bc1/Build/glog/args.cmake
#20 50.33 -- The C compiler identification is Clang 14.0.0
#20 50.59 -- The CXX compiler identification is Clang 14.0.0
#20 50.60 -- Check for working C compiler: /usr/local/bin/clang - skipped
#20 50.60 -- Detecting C compile features
#20 50.60 -- Detecting C compile features - done
#20 50.61 -- Check for working CXX compiler: /usr/local/bin/clang++ - skipped
#20 50.61 -- Detecting CXX compile features
#20 50.61 -- Detecting CXX compile features - done
#20 50.65 -- Looking for pthread.h
#20 50.82 -- Looking for pthread.h - found
#20 50.82 -- Performing Test CMAKE_HAVE_LIBC_PTHREAD
#20 51.05 -- Performing Test CMAKE_HAVE_LIBC_PTHREAD - Success
#20 51.05 -- Found Threads: TRUE  
#20 51.05 -- Looking for dlfcn.h
#20 51.21 -- Looking for dlfcn.h - found
#20 51.21 -- Looking for execinfo.h
#20 51.37 -- Looking for execinfo.h - found
#20 51.37 -- Looking for glob.h
#20 51.54 -- Looking for glob.h - found
#20 51.54 -- Looking for inttypes.h
#20 51.71 -- Looking for inttypes.h - found
#20 51.71 -- Looking for libunwind.h
#20 51.75 -- Looking for libunwind.h - not found
#20 51.76 -- Looking for memory.h
#20 51.92 -- Looking for memory.h - found
#20 51.92 -- Looking for pwd.h
#20 52.08 -- Looking for pwd.h - found
#20 52.08 -- Looking for stdint.h
#20 52.24 -- Looking for stdint.h - found
#20 52.25 -- Looking for stdlib.h
#20 52.42 -- Looking for stdlib.h - found
#20 52.42 -- Looking for string.h
#20 52.59 -- Looking for string.h - found
#20 52.59 -- Looking for strings.h
#20 52.76 -- Looking for strings.h - found
#20 52.76 -- Looking for sys/stat.h
#20 52.92 -- Looking for sys/stat.h - found
#20 52.93 -- Looking for sys/syscall.h
#20 53.09 -- Looking for sys/syscall.h - found
#20 53.09 -- Looking for sys/time.h
#20 53.25 -- Looking for sys/time.h - found
#20 53.25 -- Looking for sys/types.h
#20 53.43 -- Looking for sys/types.h - found
#20 53.43 -- Looking for sys/utsname.h
#20 53.59 -- Looking for sys/utsname.h - found
#20 53.59 -- Looking for syscall.h
#20 53.76 -- Looking for syscall.h - found
#20 53.76 -- Looking for syslog.h
#20 53.92 -- Looking for syslog.h - found
#20 53.92 -- Looking for ucontext.h
#20 54.09 -- Looking for ucontext.h - found
#20 54.09 -- Looking for unistd.h
#20 54.27 -- Looking for unistd.h - found
#20 54.27 -- Looking for unwind.h
#20 54.44 -- Looking for unwind.h - found
#20 54.44 -- Looking for C++ include ext/hash_map
#20 55.56 -- Looking for C++ include ext/hash_map - found
#20 55.56 -- Looking for C++ include ext/hash_set
#20 56.68 -- Looking for C++ include ext/hash_set - found
#20 56.68 -- Looking for C++ include ext/slist
#20 56.72 -- Looking for C++ include ext/slist - not found
#20 56.72 -- Looking for C++ include tr1/unordered_map
#20 56.76 -- Looking for C++ include tr1/unordered_map - not found
#20 56.76 -- Looking for C++ include tr1/unordered_set
#20 56.81 -- Looking for C++ include tr1/unordered_set - not found
#20 56.81 -- Looking for C++ include unordered_map
#20 57.74 -- Looking for C++ include unordered_map - found
#20 57.75 -- Looking for C++ include unordered_set
#20 58.68 -- Looking for C++ include unordered_set - found
#20 58.68 -- Looking for stddef.h
#20 58.85 -- Looking for stddef.h - found
#20 58.85 -- Check size of unsigned __int16
#20 58.90 -- Check size of unsigned __int16 - failed
#20 58.90 -- Check size of u_int16_t
#20 59.11 -- Check size of u_int16_t - done
#20 59.11 -- Check size of uint16_t
#20 59.31 -- Check size of uint16_t - done
#20 59.31 -- Looking for dladdr
#20 59.48 -- Looking for dladdr - found
#20 59.48 -- Looking for fcntl
#20 59.65 -- Looking for fcntl - found
#20 59.65 -- Looking for pread
#20 59.82 -- Looking for pread - found
#20 59.82 -- Looking for pwrite
#20 59.98 -- Looking for pwrite - found
#20 59.98 -- Looking for sigaction
#20 60.15 -- Looking for sigaction - found
#20 60.15 -- Looking for sigaltstack
#20 60.33 -- Looking for sigaltstack - found
#20 60.33 -- Performing Test HAVE_NO_DEPRECATED
#20 60.53 -- Performing Test HAVE_NO_DEPRECATED - Success
#20 60.53 -- Performing Test HAVE_NO_UNNAMED_TYPE_TEMPLATE_ARGS
#20 60.72 -- Performing Test HAVE_NO_UNNAMED_TYPE_TEMPLATE_ARGS - Success
#20 60.72 -- Looking for snprintf
#20 60.89 -- Looking for snprintf - found
#20 60.89 -- Looking for get_static_proc_name in unwind
#20 61.00 -- Looking for get_static_proc_name in unwind - not found
#20 61.01 -- Performing Test HAVE___ATTRIBUTE__
#20 61.19 -- Performing Test HAVE___ATTRIBUTE__ - Success
#20 61.19 -- Performing Test HAVE___ATTRIBUTE__VISIBILITY_DEFAULT
#20 61.36 -- Performing Test HAVE___ATTRIBUTE__VISIBILITY_DEFAULT - Success
#20 61.36 -- Performing Test HAVE___ATTRIBUTE__VISIBILITY_HIDDEN
#20 61.56 -- Performing Test HAVE___ATTRIBUTE__VISIBILITY_HIDDEN - Success
#20 61.56 -- Performing Test HAVE___BUILTIN_EXPECT
#20 61.72 -- Performing Test HAVE___BUILTIN_EXPECT - Success
#20 61.72 -- Performing Test HAVE___SYNC_VAL_COMPARE_AND_SWAP
#20 61.88 -- Performing Test HAVE___SYNC_VAL_COMPARE_AND_SWAP - Success
#20 61.88 -- Performing Test HAVE_RWLOCK
#20 62.05 -- Performing Test HAVE_RWLOCK - Success
#20 62.06 -- Performing Test HAVE___DECLSPEC
#20 62.09 -- Performing Test HAVE___DECLSPEC - Failed
#20 62.09 -- Performing Test STL_NO_NAMESPACE
#20 62.80 -- Performing Test STL_NO_NAMESPACE - Failed
#20 62.80 -- Performing Test STL_STD_NAMESPACE
#20 63.68 -- Performing Test STL_STD_NAMESPACE - Success
#20 63.68 -- Performing Test HAVE_USING_OPERATOR
#20 64.94 -- Performing Test HAVE_USING_OPERATOR - Success
#20 64.95 -- Performing Test HAVE_NAMESPACES
#20 65.16 -- Performing Test HAVE_NAMESPACES - Success
#20 65.16 -- Performing Test HAVE_MSVC_TLS
#20 65.20 -- Performing Test HAVE_MSVC_TLS - Failed
#20 65.20 -- Performing Test HAVE_CXX11_TLS
#20 65.41 -- Performing Test HAVE_CXX11_TLS - Success
#20 65.41 -- Performing Test HAVE_CYGWIN_TLS
#20 65.61 -- Performing Test HAVE_CYGWIN_TLS - Success
#20 67.66 -- Configuring done
#20 67.67 -- Generating done
#20 67.67 -- Build files have been written to: /root/.hunter/_Base/5ead1e0/916adb4/ead1bc1/Build/glog/Build/glog-Release-prefix/src/glog-Release-build
#20 67.68 [ 37%] Performing build step for 'glog-Release'
#20 67.72 [ 12%] Building CXX object CMakeFiles/glog.dir/src/demangle.cc.o
#20 67.72 [ 25%] Building CXX object CMakeFiles/glog.dir/src/logging.cc.o
#20 67.72 [ 37%] Building CXX object CMakeFiles/glog.dir/src/raw_logging.cc.o
#20 67.72 [ 62%] Building CXX object CMakeFiles/glog.dir/src/utilities.cc.o
#20 67.72 [ 62%] Building CXX object CMakeFiles/glog.dir/src/symbolize.cc.o
#20 67.72 [ 75%] Building CXX object CMakeFiles/glog.dir/src/vlog_is_on.cc.o
#20 67.72 [ 87%] Building CXX object CMakeFiles/glog.dir/src/signalhandler.cc.o
#20 69.51 /root/.hunter/_Base/5ead1e0/916adb4/ead1bc1/Build/glog/Source/src/logging.cc:1158:8: warning: unknown attribute 'thread' ignored [-Wunknown-attributes]
#20 69.51 static GLOG_THREAD_LOCAL_STORAGE bool thread_data_available = true;
#20 69.51        ^~~~~~~~~~~~~~~~~~~~~~~~~
#20 69.51 /root/.hunter/_Base/5ead1e0/916adb4/ead1bc1/Build/glog/Build/glog-Release-prefix/src/glog-Release-build/config.h:178:50: note: expanded from macro 'GLOG_THREAD_LOCAL_STORAGE'
#20 69.51 #define GLOG_THREAD_LOCAL_STORAGE __attribute__((thread))
#20 69.51                                                  ^~~~~~
#20 69.51 /root/.hunter/_Base/5ead1e0/916adb4/ead1bc1/Build/glog/Source/src/logging.cc:1159:8: warning: unknown attribute 'thread' ignored [-Wunknown-attributes]
#20 69.51 static GLOG_THREAD_LOCAL_STORAGE LogMessage::LogMessageData thread_msg_data;
#20 69.51        ^~~~~~~~~~~~~~~~~~~~~~~~~
#20 69.51 /root/.hunter/_Base/5ead1e0/916adb4/ead1bc1/Build/glog/Build/glog-Release-prefix/src/glog-Release-build/config.h:178:50: note: expanded from macro 'GLOG_THREAD_LOCAL_STORAGE'
#20 69.51 #define GLOG_THREAD_LOCAL_STORAGE __attribute__((thread))
#20 69.51                                                  ^~~~~~
#20 71.27 2 warnings generated.
#20 71.28 [100%] Linking CXX static library libglog.a
#20 71.30 [100%] Built target glog
#20 71.31 [ 43%] Performing install step for 'glog-Release'
#20 71.36 Consolidate compiler generated dependencies of target glog
#20 71.38 [100%] Built target glog
#20 71.38 Install the project...
#20 71.39 -- Install configuration: "Release"
#20 71.39 -- Installing: /root/.hunter/_Base/5ead1e0/916adb4/ead1bc1/Build/glog/Install/lib/libglog.a
#20 71.39 -- Installing: /root/.hunter/_Base/5ead1e0/916adb4/ead1bc1/Build/glog/Install/include/glog/config.h
#20 71.39 -- Installing: /root/.hunter/_Base/5ead1e0/916adb4/ead1bc1/Build/glog/Install/include/glog/logging.h
#20 71.39 -- Installing: /root/.hunter/_Base/5ead1e0/916adb4/ead1bc1/Build/glog/Install/include/glog/raw_logging.h
#20 71.39 -- Installing: /root/.hunter/_Base/5ead1e0/916adb4/ead1bc1/Build/glog/Install/include/glog/stl_logging.h
#20 71.39 -- Installing: /root/.hunter/_Base/5ead1e0/916adb4/ead1bc1/Build/glog/Install/include/glog/vlog_is_on.h
#20 71.39 -- Installing: /root/.hunter/_Base/5ead1e0/916adb4/ead1bc1/Build/glog/Install/include/glog/log_severity.h
#20 71.39 -- Installing: /root/.hunter/_Base/5ead1e0/916adb4/ead1bc1/Build/glog/Install/lib/cmake/glog/glog-config.cmake
#20 71.39 -- Installing: /root/.hunter/_Base/5ead1e0/916adb4/ead1bc1/Build/glog/Install/lib/cmake/glog/glog-config-version.cmake
#20 71.39 -- Installing: /root/.hunter/_Base/5ead1e0/916adb4/ead1bc1/Build/glog/Install/lib/cmake/glog/glog-targets.cmake
#20 71.39 -- Installing: /root/.hunter/_Base/5ead1e0/916adb4/ead1bc1/Build/glog/Install/lib/cmake/glog/glog-targets-release.cmake
#20 71.40 loading initial cache file /root/.hunter/_Base/5ead1e0/916adb4/ead1bc1/Build/glog/args.cmake
#20 71.41 [ 50%] Completed 'glog-Release'
#20 71.42 [ 50%] Built target glog-Release
#20 71.43 [ 56%] Creating directories for 'glog-Debug'
#20 71.46 [ 62%] Performing download step (download, verify and extract) for 'glog-Debug'
#20 71.46 -- verifying file...
#20 71.46        file='/root/.hunter/_Base/Download/glog/0.3.5-p2/3e95e5b/v0.3.5-p2.tar.gz'
#20 71.47 -- File already exists and hash match (skip download):
#20 71.47   file='/root/.hunter/_Base/Download/glog/0.3.5-p2/3e95e5b/v0.3.5-p2.tar.gz'
#20 71.47   SHA1='3e95e5bcfb5c9d20c3391b72f831a285a3fc238f'
#20 71.48 -- extracting...
#20 71.48      src='/root/.hunter/_Base/Download/glog/0.3.5-p2/3e95e5b/v0.3.5-p2.tar.gz'
#20 71.48      dst='/root/.hunter/_Base/5ead1e0/916adb4/ead1bc1/Build/glog/Source'
#20 71.48 -- extracting... [tar xfz]
#20 71.50 -- extracting... [analysis]
#20 71.50 -- extracting... [rename]
#20 71.51 -- extracting... [clean up]
#20 71.51 -- extracting... done
#20 71.51 [ 68%] No update step for 'glog-Debug'
#20 71.67 [ 75%] No patch step for 'glog-Debug'
#20 71.68 [ 81%] Performing configure step for 'glog-Debug'
#20 71.68 loading initial cache file /root/.hunter/_Base/5ead1e0/916adb4/ead1bc1/cache.cmake
#20 71.68 loading initial cache file /root/.hunter/_Base/5ead1e0/916adb4/ead1bc1/Build/glog/args.cmake
#20 71.89 -- The C compiler identification is Clang 14.0.0
#20 72.15 -- The CXX compiler identification is Clang 14.0.0
#20 72.16 -- Check for working C compiler: /usr/local/bin/clang - skipped
#20 72.16 -- Detecting C compile features
#20 72.16 -- Detecting C compile features - done
#20 72.17 -- Check for working CXX compiler: /usr/local/bin/clang++ - skipped
#20 72.17 -- Detecting CXX compile features
#20 72.17 -- Detecting CXX compile features - done
#20 72.20 -- Looking for pthread.h
#20 72.37 -- Looking for pthread.h - found
#20 72.37 -- Performing Test CMAKE_HAVE_LIBC_PTHREAD
#20 73.10 -- Performing Test CMAKE_HAVE_LIBC_PTHREAD - Success
#20 73.11 -- Found Threads: TRUE  
#20 73.11 -- Looking for dlfcn.h
#20 73.46 -- Looking for dlfcn.h - found
#20 73.46 -- Looking for execinfo.h
#20 73.77 -- Looking for execinfo.h - found
#20 73.77 -- Looking for glob.h
#20 74.01 -- Looking for glob.h - found
#20 74.01 -- Looking for inttypes.h
#20 74.17 -- Looking for inttypes.h - found
#20 74.17 -- Looking for libunwind.h
#20 74.21 -- Looking for libunwind.h - not found
#20 74.21 -- Looking for memory.h
#20 74.38 -- Looking for memory.h - found
#20 74.38 -- Looking for pwd.h
#20 74.55 -- Looking for pwd.h - found
#20 74.55 -- Looking for stdint.h
#20 74.73 -- Looking for stdint.h - found
#20 74.73 -- Looking for stdlib.h
#20 74.91 -- Looking for stdlib.h - found
#20 74.91 -- Looking for string.h
#20 75.08 -- Looking for string.h - found
#20 75.08 -- Looking for strings.h
#20 75.24 -- Looking for strings.h - found
#20 75.24 -- Looking for sys/stat.h
#20 75.40 -- Looking for sys/stat.h - found
#20 75.41 -- Looking for sys/syscall.h
#20 75.56 -- Looking for sys/syscall.h - found
#20 75.57 -- Looking for sys/time.h
#20 75.72 -- Looking for sys/time.h - found
#20 75.73 -- Looking for sys/types.h
#20 75.89 -- Looking for sys/types.h - found
#20 75.89 -- Looking for sys/utsname.h
#20 76.07 -- Looking for sys/utsname.h - found
#20 76.07 -- Looking for syscall.h
#20 76.23 -- Looking for syscall.h - found
#20 76.23 -- Looking for syslog.h
#20 76.40 -- Looking for syslog.h - found
#20 76.40 -- Looking for ucontext.h
#20 76.67 -- Looking for ucontext.h - found
#20 76.67 -- Looking for unistd.h
#20 76.84 -- Looking for unistd.h - found
#20 76.84 -- Looking for unwind.h
#20 77.00 -- Looking for unwind.h - found
#20 77.00 -- Looking for C++ include ext/hash_map
#20 78.12 -- Looking for C++ include ext/hash_map - found
#20 78.12 -- Looking for C++ include ext/hash_set
#20 79.25 -- Looking for C++ include ext/hash_set - found
#20 79.25 -- Looking for C++ include ext/slist
#20 79.29 -- Looking for C++ include ext/slist - not found
#20 79.29 -- Looking for C++ include tr1/unordered_map
#20 79.33 -- Looking for C++ include tr1/unordered_map - not found
#20 79.34 -- Looking for C++ include tr1/unordered_set
#20 79.37 -- Looking for C++ include tr1/unordered_set - not found
#20 79.38 -- Looking for C++ include unordered_map
#20 80.32 -- Looking for C++ include unordered_map - found
#20 80.32 -- Looking for C++ include unordered_set
#20 81.26 -- Looking for C++ include unordered_set - found
#20 81.26 -- Looking for stddef.h
#20 81.42 -- Looking for stddef.h - found
#20 81.42 -- Check size of unsigned __int16
#20 81.47 -- Check size of unsigned __int16 - failed
#20 81.47 -- Check size of u_int16_t
#20 81.75 -- Check size of u_int16_t - done
#20 81.75 -- Check size of uint16_t
#20 81.95 -- Check size of uint16_t - done
#20 81.95 -- Looking for dladdr
#20 82.12 -- Looking for dladdr - found
#20 82.12 -- Looking for fcntl
#20 82.28 -- Looking for fcntl - found
#20 82.28 -- Looking for pread
#20 82.44 -- Looking for pread - found
#20 82.44 -- Looking for pwrite
#20 82.61 -- Looking for pwrite - found
#20 82.61 -- Looking for sigaction
#20 82.77 -- Looking for sigaction - found
#20 82.77 -- Looking for sigaltstack
#20 82.94 -- Looking for sigaltstack - found
#20 82.95 -- Performing Test HAVE_NO_DEPRECATED
#20 83.13 -- Performing Test HAVE_NO_DEPRECATED - Success
#20 83.13 -- Performing Test HAVE_NO_UNNAMED_TYPE_TEMPLATE_ARGS
#20 83.31 -- Performing Test HAVE_NO_UNNAMED_TYPE_TEMPLATE_ARGS - Success
#20 83.32 -- Looking for snprintf
#20 83.48 -- Looking for snprintf - found
#20 83.48 -- Looking for get_static_proc_name in unwind
#20 83.58 -- Looking for get_static_proc_name in unwind - not found
#20 83.59 -- Performing Test HAVE___ATTRIBUTE__
#20 83.76 -- Performing Test HAVE___ATTRIBUTE__ - Success
#20 83.76 -- Performing Test HAVE___ATTRIBUTE__VISIBILITY_DEFAULT
#20 83.93 -- Performing Test HAVE___ATTRIBUTE__VISIBILITY_DEFAULT - Success
#20 83.93 -- Performing Test HAVE___ATTRIBUTE__VISIBILITY_HIDDEN
#20 84.11 -- Performing Test HAVE___ATTRIBUTE__VISIBILITY_HIDDEN - Success
#20 84.11 -- Performing Test HAVE___BUILTIN_EXPECT
#20 84.28 -- Performing Test HAVE___BUILTIN_EXPECT - Success
#20 84.28 -- Performing Test HAVE___SYNC_VAL_COMPARE_AND_SWAP
#20 84.44 -- Performing Test HAVE___SYNC_VAL_COMPARE_AND_SWAP - Success
#20 84.44 -- Performing Test HAVE_RWLOCK
#20 84.61 -- Performing Test HAVE_RWLOCK - Success
#20 84.61 -- Performing Test HAVE___DECLSPEC
#20 84.65 -- Performing Test HAVE___DECLSPEC - Failed
#20 84.65 -- Performing Test STL_NO_NAMESPACE
#20 85.36 -- Performing Test STL_NO_NAMESPACE - Failed
#20 85.36 -- Performing Test STL_STD_NAMESPACE
#20 86.27 -- Performing Test STL_STD_NAMESPACE - Success
#20 86.28 -- Performing Test HAVE_USING_OPERATOR
#20 87.60 -- Performing Test HAVE_USING_OPERATOR - Success
#20 87.60 -- Performing Test HAVE_NAMESPACES
#20 87.81 -- Performing Test HAVE_NAMESPACES - Success
#20 87.81 -- Performing Test HAVE_MSVC_TLS
#20 87.85 -- Performing Test HAVE_MSVC_TLS - Failed
#20 87.85 -- Performing Test HAVE_CXX11_TLS
#20 88.07 -- Performing Test HAVE_CXX11_TLS - Success
#20 88.07 -- Performing Test HAVE_CYGWIN_TLS
#20 88.28 -- Performing Test HAVE_CYGWIN_TLS - Success
#20 89.76 -- Configuring done
#20 89.77 -- Generating done
#20 89.77 -- Build files have been written to: /root/.hunter/_Base/5ead1e0/916adb4/ead1bc1/Build/glog/Build/glog-Debug-prefix/src/glog-Debug-build
#20 89.79 [ 87%] Performing build step for 'glog-Debug'
#20 89.82 [ 12%] Building CXX object CMakeFiles/glog.dir/src/demangle.cc.o
#20 89.82 [ 25%] Building CXX object CMakeFiles/glog.dir/src/logging.cc.o
#20 89.82 [ 37%] Building CXX object CMakeFiles/glog.dir/src/raw_logging.cc.o
#20 89.82 [ 50%] Building CXX object CMakeFiles/glog.dir/src/symbolize.cc.o
#20 89.82 [ 62%] Building CXX object CMakeFiles/glog.dir/src/utilities.cc.o
#20 89.82 [ 75%] Building CXX object CMakeFiles/glog.dir/src/vlog_is_on.cc.o
#20 89.82 [ 87%] Building CXX object CMakeFiles/glog.dir/src/signalhandler.cc.o
#20 91.59 /root/.hunter/_Base/5ead1e0/916adb4/ead1bc1/Build/glog/Source/src/logging.cc:1158:8: warning: unknown attribute 'thread' ignored [-Wunknown-attributes]
#20 91.59 static GLOG_THREAD_LOCAL_STORAGE bool thread_data_available = true;
#20 91.59        ^~~~~~~~~~~~~~~~~~~~~~~~~
#20 91.59 /root/.hunter/_Base/5ead1e0/916adb4/ead1bc1/Build/glog/Build/glog-Debug-prefix/src/glog-Debug-build/config.h:178:50: note: expanded from macro 'GLOG_THREAD_LOCAL_STORAGE'
#20 91.59 #define GLOG_THREAD_LOCAL_STORAGE __attribute__((thread))
#20 91.59                                                  ^~~~~~
#20 91.59 /root/.hunter/_Base/5ead1e0/916adb4/ead1bc1/Build/glog/Source/src/logging.cc:1159:8: warning: unknown attribute 'thread' ignored [-Wunknown-attributes]
#20 91.59 static GLOG_THREAD_LOCAL_STORAGE LogMessage::LogMessageData thread_msg_data;
#20 91.59        ^~~~~~~~~~~~~~~~~~~~~~~~~
#20 91.59 /root/.hunter/_Base/5ead1e0/916adb4/ead1bc1/Build/glog/Build/glog-Debug-prefix/src/glog-Debug-build/config.h:178:50: note: expanded from macro 'GLOG_THREAD_LOCAL_STORAGE'
#20 91.59 #define GLOG_THREAD_LOCAL_STORAGE __attribute__((thread))
#20 91.59                                                  ^~~~~~
#20 93.88 2 warnings generated.
#20 93.89 [100%] Linking CXX static library libglogd.a
#20 93.91 [100%] Built target glog
#20 94.04 [ 93%] Performing install step for 'glog-Debug'
#20 94.09 Consolidate compiler generated dependencies of target glog
#20 94.11 [100%] Built target glog
#20 94.12 Install the project...
#20 94.12 -- Install configuration: "Debug"
#20 94.12 -- Installing: /root/.hunter/_Base/5ead1e0/916adb4/ead1bc1/Build/glog/Install/lib/libglogd.a
#20 94.13 -- Installing: /root/.hunter/_Base/5ead1e0/916adb4/ead1bc1/Build/glog/Install/include/glog/config.h
#20 94.13 -- Installing: /root/.hunter/_Base/5ead1e0/916adb4/ead1bc1/Build/glog/Install/include/glog/logging.h
#20 94.13 -- Installing: /root/.hunter/_Base/5ead1e0/916adb4/ead1bc1/Build/glog/Install/include/glog/raw_logging.h
#20 94.13 -- Installing: /root/.hunter/_Base/5ead1e0/916adb4/ead1bc1/Build/glog/Install/include/glog/stl_logging.h
#20 94.13 -- Installing: /root/.hunter/_Base/5ead1e0/916adb4/ead1bc1/Build/glog/Install/include/glog/vlog_is_on.h
#20 94.13 -- Up-to-date: /root/.hunter/_Base/5ead1e0/916adb4/ead1bc1/Build/glog/Install/include/glog/log_severity.h
#20 94.13 -- Installing: /root/.hunter/_Base/5ead1e0/916adb4/ead1bc1/Build/glog/Install/lib/cmake/glog/glog-config.cmake
#20 94.13 -- Installing: /root/.hunter/_Base/5ead1e0/916adb4/ead1bc1/Build/glog/Install/lib/cmake/glog/glog-config-version.cmake
#20 94.13 -- Installing: /root/.hunter/_Base/5ead1e0/916adb4/ead1bc1/Build/glog/Install/lib/cmake/glog/glog-targets.cmake
#20 94.13 -- Installing: /root/.hunter/_Base/5ead1e0/916adb4/ead1bc1/Build/glog/Install/lib/cmake/glog/glog-targets-debug.cmake
#20 94.14 loading initial cache file /root/.hunter/_Base/5ead1e0/916adb4/ead1bc1/Build/glog/args.cmake
#20 94.15 [100%] Completed 'glog-Debug'
#20 94.16 [100%] Built target glog-Debug
#20 94.45 -- [hunter] Build step successful (dir: /root/.hunter/_Base/5ead1e0/916adb4/ead1bc1/Build/glog)
#20 95.08 -- [hunter] Cache saved: /root/.hunter/_Base/Cache/raw/aae3c9ec365881b0bb918c159c2f25736937b8cb.tar.bz2
#20 95.41 -- Downloading and extracting ICU4C...
#20 98.90 -- Configuring done
#20 98.93 -- Generating done
#20 98.93 -- Build files have been written to: /src/myanmar-tools/clients/cpp/build
#20 98.93 + make all
#20 98.94 /usr/local/bin/cmake -S/src/myanmar-tools/clients/cpp -B/src/myanmar-tools/clients/cpp/build --check-build-system CMakeFiles/Makefile.cmake 0
#20 98.94 /usr/local/bin/cmake -E cmake_progress_start /src/myanmar-tools/clients/cpp/build/CMakeFiles /src/myanmar-tools/clients/cpp/build//CMakeFiles/progress.marks
#20 98.95 make  -f CMakeFiles/Makefile2 all
#20 98.95 make[1]: Entering directory '/src/myanmar-tools/clients/cpp/build'
#20 98.95 make  -f CMakeFiles/build_model_inc.dir/build.make CMakeFiles/build_model_inc.dir/depend
#20 98.95 make[2]: Entering directory '/src/myanmar-tools/clients/cpp/build'
#20 98.95 cd /src/myanmar-tools/clients/cpp/build && /usr/local/bin/cmake -E cmake_depends "Unix Makefiles" /src/myanmar-tools/clients/cpp /src/myanmar-tools/clients/cpp /src/myanmar-tools/clients/cpp/build /src/myanmar-tools/clients/cpp/build /src/myanmar-tools/clients/cpp/build/CMakeFiles/build_model_inc.dir/DependInfo.cmake --color=
#20 98.95 make[2]: Leaving directory '/src/myanmar-tools/clients/cpp/build'
#20 98.95 make  -f CMakeFiles/build_model_inc.dir/build.make CMakeFiles/build_model_inc.dir/build
#20 98.96 make[2]: Entering directory '/src/myanmar-tools/clients/cpp/build'
#20 98.96 [ 11%] Building CXX object CMakeFiles/build_model_inc.dir/build_model_inc.cpp.o
#20 98.96 /usr/local/bin/clang++  -I/src/myanmar-tools/clients/cpp/myanmartools -I/src/myanmar-tools/clients/cpp/build -I/src/myanmar-tools/clients/cpp/build/_3rdParty/icu/source/common -DFUZZING_BUILD_MODE_UNSAFE_FOR_PRODUCTION -pthread -Wl,--no-as-needed -Wl,-ldl -Wl,-lm -Wno-unused-command-line-argument -stdlib=libc++ -O3 -fsanitize-coverage=trace-pc-guard -std=gnu++11 -MD -MT CMakeFiles/build_model_inc.dir/build_model_inc.cpp.o -MF CMakeFiles/build_model_inc.dir/build_model_inc.cpp.o.d -o CMakeFiles/build_model_inc.dir/build_model_inc.cpp.o -c /src/myanmar-tools/clients/cpp/build_model_inc.cpp
#20 100.6 [ 22%] Linking CXX executable build_model_inc
#20 100.6 /usr/local/bin/cmake -E cmake_link_script CMakeFiles/build_model_inc.dir/link.txt --verbose=1
#20 100.6 /usr/local/bin/clang++ -DFUZZING_BUILD_MODE_UNSAFE_FOR_PRODUCTION -pthread -Wl,--no-as-needed -Wl,-ldl -Wl,-lm -Wno-unused-command-line-argument -stdlib=libc++ -O3 -fsanitize-coverage=trace-pc-guard -rdynamic CMakeFiles/build_model_inc.dir/build_model_inc.cpp.o -o build_model_inc  -lpthread 
#20 101.0 make[2]: Leaving directory '/src/myanmar-tools/clients/cpp/build'
#20 101.0 [ 22%] Built target build_model_inc
#20 101.0 make  -f CMakeFiles/myanmartools.dir/build.make CMakeFiles/myanmartools.dir/depend
#20 101.0 make[2]: Entering directory '/src/myanmar-tools/clients/cpp/build'
#20 101.0 [ 33%] Generating zawgyi_model_data.inc
#20 101.0 ./build_model_inc /src/myanmar-tools/clients/cpp/resources/zawgyiUnicodeModel.dat zawgyi_model_data.inc
#20 101.0 cd /src/myanmar-tools/clients/cpp/build && /usr/local/bin/cmake -E cmake_depends "Unix Makefiles" /src/myanmar-tools/clients/cpp /src/myanmar-tools/clients/cpp /src/myanmar-tools/clients/cpp/build /src/myanmar-tools/clients/cpp/build /src/myanmar-tools/clients/cpp/build/CMakeFiles/myanmartools.dir/DependInfo.cmake --color=
#20 101.0 make[2]: Leaving directory '/src/myanmar-tools/clients/cpp/build'
#20 101.0 make  -f CMakeFiles/myanmartools.dir/build.make CMakeFiles/myanmartools.dir/build
#20 101.0 make[2]: Entering directory '/src/myanmar-tools/clients/cpp/build'
#20 101.0 [ 44%] Building CXX object CMakeFiles/myanmartools.dir/zawgyi_detector.cpp.o
#20 101.0 /usr/local/bin/clang++ -DGOOGLE_GLOG_DLL_DECL="" -Dmyanmartools_EXPORTS -I/src/myanmar-tools/clients/cpp/myanmartools -I/src/myanmar-tools/clients/cpp/build -I/src/myanmar-tools/clients/cpp/build/_3rdParty/icu/source/common -isystem /root/.hunter/_Base/5ead1e0/916adb4/ead1bc1/Install/include -DFUZZING_BUILD_MODE_UNSAFE_FOR_PRODUCTION -pthread -Wl,--no-as-needed -Wl,-ldl -Wl,-lm -Wno-unused-command-line-argument -stdlib=libc++ -O3 -fsanitize-coverage=trace-pc-guard -fPIC -std=gnu++11 -MD -MT CMakeFiles/myanmartools.dir/zawgyi_detector.cpp.o -MF CMakeFiles/myanmartools.dir/zawgyi_detector.cpp.o.d -o CMakeFiles/myanmartools.dir/zawgyi_detector.cpp.o -c /src/myanmar-tools/clients/cpp/zawgyi_detector.cpp
#20 102.5 [ 55%] Linking CXX shared library libmyanmartools.so
#20 102.5 /usr/local/bin/cmake -E cmake_link_script CMakeFiles/myanmartools.dir/link.txt --verbose=1
#20 102.5 /usr/local/bin/clang++ -fPIC -DFUZZING_BUILD_MODE_UNSAFE_FOR_PRODUCTION -pthread -Wl,--no-as-needed -Wl,-ldl -Wl,-lm -Wno-unused-command-line-argument -stdlib=libc++ -O3 -fsanitize-coverage=trace-pc-guard -shared -Wl,-soname,libmyanmartools.so -o libmyanmartools.so CMakeFiles/myanmartools.dir/zawgyi_detector.cpp.o  /root/.hunter/_Base/5ead1e0/916adb4/ead1bc1/Install/lib/libglogd.a 
#20 102.7 make[2]: Leaving directory '/src/myanmar-tools/clients/cpp/build'
#20 102.7 [ 55%] Built target myanmartools
#20 102.7 make  -f CMakeFiles/myanmartools_c_test.dir/build.make CMakeFiles/myanmartools_c_test.dir/depend
#20 102.7 make[2]: Entering directory '/src/myanmar-tools/clients/cpp/build'
#20 102.7 cd /src/myanmar-tools/clients/cpp/build && /usr/local/bin/cmake -E cmake_depends "Unix Makefiles" /src/myanmar-tools/clients/cpp /src/myanmar-tools/clients/cpp /src/myanmar-tools/clients/cpp/build /src/myanmar-tools/clients/cpp/build /src/myanmar-tools/clients/cpp/build/CMakeFiles/myanmartools_c_test.dir/DependInfo.cmake --color=
#20 102.7 make[2]: Leaving directory '/src/myanmar-tools/clients/cpp/build'
#20 102.7 make  -f CMakeFiles/myanmartools_c_test.dir/build.make CMakeFiles/myanmartools_c_test.dir/build
#20 102.7 make[2]: Entering directory '/src/myanmar-tools/clients/cpp/build'
#20 102.7 [ 66%] Building C object CMakeFiles/myanmartools_c_test.dir/zawgyi_detector_unittest.c.o
#20 102.7 /usr/local/bin/clang -DGOOGLE_GLOG_DLL_DECL="" -I/src/myanmar-tools/clients/cpp/myanmartools -I/src/myanmar-tools/clients/cpp/build -I/src/myanmar-tools/clients/cpp/build/_3rdParty/icu/source/common -isystem /root/.hunter/_Base/5ead1e0/916adb4/ead1bc1/Install/include -DFUZZING_BUILD_MODE_UNSAFE_FOR_PRODUCTION -pthread -Wl,--no-as-needed -Wl,-ldl -Wl,-lm -Wno-unused-command-line-argument -O3 -fsanitize-coverage=trace-pc-guard -MD -MT CMakeFiles/myanmartools_c_test.dir/zawgyi_detector_unittest.c.o -MF CMakeFiles/myanmartools_c_test.dir/zawgyi_detector_unittest.c.o.d -o CMakeFiles/myanmartools_c_test.dir/zawgyi_detector_unittest.c.o -c /src/myanmar-tools/clients/cpp/zawgyi_detector_unittest.c
#20 102.8 [ 77%] Linking CXX executable myanmartools_c_test
#20 102.8 /usr/local/bin/cmake -E cmake_link_script CMakeFiles/myanmartools_c_test.dir/link.txt --verbose=1
#20 102.8 /usr/local/bin/clang++ -DFUZZING_BUILD_MODE_UNSAFE_FOR_PRODUCTION -pthread -Wl,--no-as-needed -Wl,-ldl -Wl,-lm -Wno-unused-command-line-argument -stdlib=libc++ -O3 -fsanitize-coverage=trace-pc-guard -rdynamic CMakeFiles/myanmartools_c_test.dir/zawgyi_detector_unittest.c.o -o myanmartools_c_test  -Wl,-rpath,/src/myanmar-tools/clients/cpp/build libmyanmartools.so /root/.hunter/_Base/5ead1e0/916adb4/ead1bc1/Install/lib/libglogd.a 
#20 102.9 make[2]: Leaving directory '/src/myanmar-tools/clients/cpp/build'
#20 102.9 [ 77%] Built target myanmartools_c_test
#20 102.9 make  -f CMakeFiles/myanmartools_test.dir/build.make CMakeFiles/myanmartools_test.dir/depend
#20 102.9 make[2]: Entering directory '/src/myanmar-tools/clients/cpp/build'
#20 102.9 cd /src/myanmar-tools/clients/cpp/build && /usr/local/bin/cmake -E cmake_depends "Unix Makefiles" /src/myanmar-tools/clients/cpp /src/myanmar-tools/clients/cpp /src/myanmar-tools/clients/cpp/build /src/myanmar-tools/clients/cpp/build /src/myanmar-tools/clients/cpp/build/CMakeFiles/myanmartools_test.dir/DependInfo.cmake --color=
#20 102.9 make[2]: Leaving directory '/src/myanmar-tools/clients/cpp/build'
#20 102.9 make  -f CMakeFiles/myanmartools_test.dir/build.make CMakeFiles/myanmartools_test.dir/build
#20 102.9 make[2]: Entering directory '/src/myanmar-tools/clients/cpp/build'
#20 102.9 [ 88%] Building CXX object CMakeFiles/myanmartools_test.dir/zawgyi_detector_unittest.cpp.o
#20 102.9 /usr/local/bin/clang++ -DGOOGLE_GLOG_DLL_DECL="" -I/src/myanmar-tools/clients/cpp/myanmartools -I/src/myanmar-tools/clients/cpp/build -I/src/myanmar-tools/clients/cpp/build/_3rdParty/icu/source/common -isystem /root/.hunter/_Base/5ead1e0/916adb4/ead1bc1/Install/include -DFUZZING_BUILD_MODE_UNSAFE_FOR_PRODUCTION -pthread -Wl,--no-as-needed -Wl,-ldl -Wl,-lm -Wno-unused-command-line-argument -stdlib=libc++ -O3 -fsanitize-coverage=trace-pc-guard -std=gnu++11 -MD -MT CMakeFiles/myanmartools_test.dir/zawgyi_detector_unittest.cpp.o -MF CMakeFiles/myanmartools_test.dir/zawgyi_detector_unittest.cpp.o.d -o CMakeFiles/myanmartools_test.dir/zawgyi_detector_unittest.cpp.o -c /src/myanmar-tools/clients/cpp/zawgyi_detector_unittest.cpp
#20 105.5 [100%] Linking CXX executable myanmartools_test
#20 105.5 /usr/local/bin/cmake -E cmake_link_script CMakeFiles/myanmartools_test.dir/link.txt --verbose=1
#20 105.5 /usr/local/bin/clang++ -DFUZZING_BUILD_MODE_UNSAFE_FOR_PRODUCTION -pthread -Wl,--no-as-needed -Wl,-ldl -Wl,-lm -Wno-unused-command-line-argument -stdlib=libc++ -O3 -fsanitize-coverage=trace-pc-guard -rdynamic CMakeFiles/myanmartools_test.dir/zawgyi_detector_unittest.cpp.o -o myanmartools_test  -Wl,-rpath,/src/myanmar-tools/clients/cpp/build libmyanmartools.so /root/.hunter/_Base/5ead1e0/916adb4/ead1bc1/Install/lib/libgtest_maind.a /root/.hunter/_Base/5ead1e0/916adb4/ead1bc1/Install/lib/libglogd.a /root/.hunter/_Base/5ead1e0/916adb4/ead1bc1/Install/lib/libgtestd.a 
#20 105.7 make[2]: Leaving directory '/src/myanmar-tools/clients/cpp/build'
#20 105.8 [100%] Built target myanmartools_test
#20 105.8 make[1]: Leaving directory '/src/myanmar-tools/clients/cpp/build'
#20 105.8 /usr/local/bin/cmake -E cmake_progress_start /src/myanmar-tools/clients/cpp/build/CMakeFiles 0
#20 105.9 + mkdir -p /out/lib
#20 106.1 + cp libmyanmartools.so /out/lib
#20 106.1 + clang++ -DFUZZING_BUILD_MODE_UNSAFE_FOR_PRODUCTION -pthread -Wl,--no-as-needed -Wl,-ldl -Wl,-lm -Wno-unused-command-line-argument -stdlib=libc++ -O3 -fsanitize-coverage=trace-pc-guard -std=c++11 -I../public -L/out/lib -Wl,-rpath /out/lib -lmyanmartools -o /out/zawgyi_detector_fuzz_target ../zawgyi_detector_fuzz_target.cpp /libAFL.a
#20 106.3 [post_build] Copying afl-fuzz to $OUT directory
#20 DONE 109.2s

#21 exporting to image
#21 sha256:e8c613e07b0b7ff33893b694f7759a10d42e180f2b4dc349fb57dc6b71dcab00
#21 exporting layers done
#21 writing image sha256:a62bbf5a7ca2d2adce28365a27a6363544bc017c58689887e809eb0ba357490a
#21 writing image sha256:a62bbf5a7ca2d2adce28365a27a6363544bc017c58689887e809eb0ba357490a done
#21 naming to gcr.io/fuzzbench/builders/afl/myanmar-tools_myanmar-tools done
#21 DONE 0.1s

#22 exporting cache
#22 sha256:2700d4ef94dee473593c5c614b55b2dedcca7893909811a8f2b48291a1f581e4
#22 preparing build cache for export done
#22 DONE 0.0s
------
 > importing cache manifest from gcr.io/fuzzbench/builders/afl/myanmar-tools_myanmar-tools:
------
#1 [internal] load build definition from runner.Dockerfile
#1 sha256:79a92a50331aebd645a8d7ee849706c615dc961249699c193f79fb7958869ce2
#1 transferring dockerfile: 656B done
#1 DONE 0.0s

#2 [internal] load .dockerignore
#2 sha256:0f7bda7bc27a1a85cb76d25a3b197005611cc0c9252567781438d15fa2349dfe
#2 transferring context: 2B done
#2 DONE 0.1s

#3 [internal] load metadata for gcr.io/fuzzbench/base-image:latest
#3 sha256:932022888f650cc455b10eb5123bb08c0cccacac29a693e69314abbfd28a72c3
#3 DONE 0.0s

#4 [1/1] FROM gcr.io/fuzzbench/base-image
#4 sha256:4d07825694520f8b6f6a0d8592dbd345433361ae044cb7f06706c5a95e3daaad
#4 DONE 0.0s

#5 importing cache manifest from gcr.io/fuzzbench/runners/afl/myanmar-tools_myanmar-tools-intermediate
#5 sha256:b85aca2032f9516a4d74c146ed7b7ff54bd3f1c894cf429da7f3be71ebf28f26
#5 ERROR: gcr.io/fuzzbench/runners/afl/myanmar-tools_myanmar-tools-intermediate:latest: not found

#4 [1/1] FROM gcr.io/fuzzbench/base-image
#4 sha256:4d07825694520f8b6f6a0d8592dbd345433361ae044cb7f06706c5a95e3daaad
#4 CACHED

#6 exporting to image
#6 sha256:e8c613e07b0b7ff33893b694f7759a10d42e180f2b4dc349fb57dc6b71dcab00
#6 exporting layers done
#6 writing image sha256:4efbd5e416c83953b598ff82cefe236e4f25c5eeda46088ba83e35554e2d5ee7 done
#6 naming to gcr.io/fuzzbench/runners/afl/myanmar-tools_myanmar-tools-intermediate
#6 naming to gcr.io/fuzzbench/runners/afl/myanmar-tools_myanmar-tools-intermediate done
#6 DONE 0.1s

#7 exporting cache
#7 sha256:2700d4ef94dee473593c5c614b55b2dedcca7893909811a8f2b48291a1f581e4
#7 preparing build cache for export done
#7 DONE 0.0s
------
 > importing cache manifest from gcr.io/fuzzbench/runners/afl/myanmar-tools_myanmar-tools-intermediate:
------
#1 [internal] load build definition from Dockerfile
#1 sha256:4865e4770f0684a6f416b726ba7a5cf190a6a467ddcbdf4b61fc2535119a5da1
#1 transferring dockerfile: 3.17kB done
#1 DONE 0.1s

#2 [internal] load .dockerignore
#2 sha256:7844d2a97861c81a35be4ab15415eb57da9616eaf5f3b675deccb35d9e33574d
#2 transferring context: 34B done
#2 DONE 0.1s

#3 [internal] load metadata for gcr.io/fuzzbench/runners/afl/myanmar-tools_myanmar-tools-intermediate:latest
#3 sha256:df042be07a63bbaf12df142e15a6033a9e9f4915146499c50ac74f766fa1501b
#3 DONE 0.0s

#4 [internal] load metadata for gcr.io/fuzzbench/builders/afl/myanmar-tools_myanmar-tools:latest
#4 sha256:e84d6b4c85505f973c832d630d6b741cabb2ff1e40fb83014e46b4d0875bf780
#4 DONE 0.0s

#12 [internal] load build context
#12 sha256:9f40193ba1469a619aa5d6c7e8cbf5d87cee9b566835df283951baffced3f8bc
#12 DONE 0.0s

#6 [stage-1  1/13] FROM gcr.io/fuzzbench/runners/afl/myanmar-tools_myanmar-tools-intermediate
#6 sha256:08adcdc92a5a5f69494bc168d24b1806d83315d30979fbb7ffe65717dc6383fc
#6 DONE 0.0s

#10 [builder 1/1] FROM gcr.io/fuzzbench/builders/afl/myanmar-tools_myanmar-tools
#10 sha256:646d87e289017e3f40fedd78ade45a6dc39437294ce86f61cdc9f97175cf1df9
#10 DONE 0.0s

#5 importing cache manifest from gcr.io/fuzzbench/runners/afl/myanmar-tools_myanmar-tools
#5 sha256:291e1b5817271cf2864dfce9525730a2bef12e67ec2348839851b97cfc558485
#5 ERROR: gcr.io/fuzzbench/runners/afl/myanmar-tools_myanmar-tools:latest: not found

#12 [internal] load build context
#12 sha256:9f40193ba1469a619aa5d6c7e8cbf5d87cee9b566835df283951baffced3f8bc
#12 transferring context: 17.54MB 0.6s done
#12 DONE 1.0s

#10 [builder 1/1] FROM gcr.io/fuzzbench/builders/afl/myanmar-tools_myanmar-tools
#10 sha256:646d87e289017e3f40fedd78ade45a6dc39437294ce86f61cdc9f97175cf1df9
#10 DONE 2.5s

#7 [stage-1  2/13] RUN apt-get update -y && apt-get install -y     libglib2.0-0     libxml2     libarchive13     libgss3
#7 sha256:05a0463bb37988d6f5e1758c022be93c2c0982edd6f0994c3976e27c4dc9d340
#7 CACHED

#8 [stage-1  3/13] RUN mkdir -p /out
#8 sha256:005220d3a940238563716247e7d69132d78348fa8f43667a7639a29966a3bfb5
#8 CACHED

#9 [stage-1  4/13] WORKDIR /out
#9 sha256:3cc260509a73475c6a153f368f7521b426dd11016301ee351edc40fc2220623e
#9 CACHED

#11 [stage-1  5/13] COPY --from=builder /out/ ./
#11 sha256:5c7a9cc7f4ea13c33f9e79b13fd5b5f08d9e48b7ced4cc602810399d06c3e28e
#11 DONE 0.2s

#13 [stage-1  6/13] COPY benchmarks /src/benchmarks
#13 sha256:afbc0a5a11d6efbd6829e5c1aa0cc7099965e5520fee0a50b82a1f857bcb564a
#13 DONE 1.6s

#14 [stage-1  7/13] COPY fuzzers /src/fuzzers
#14 sha256:ea7cc9017d652d54a24588b2718767bcdd1c508eb5d400bb535230cbaf932b7e
#14 DONE 0.2s

#15 [stage-1  8/13] RUN touch __init__.py
#15 sha256:6d20ca2126c0b4c30b22bc8035d376afe4d64be0ebda6f6ed463f58ddf1b1e69
#15 DONE 0.5s

#16 [stage-1  9/13] RUN mkdir -p /out/seeds /out/corpus
#16 sha256:a67de9d540a1d79ca21b82aed0e2bd3e2abcb1c8bef563562b2af21006675e43
#16 DONE 0.5s

#17 [stage-1 10/13] COPY common /src/common
#17 sha256:497760ff4e321f7f3f79e757f738719e726505856bc1f35ffd4e332b57db0f8c
#17 DONE 0.1s

#18 [stage-1 11/13] COPY experiment/runner.py /src/experiment/runner.py
#18 sha256:1cb51cfe400c04fae0995d5b10b1a35afe0d98f8fc401c031b0f6afca77a670a
#18 DONE 0.1s

#19 [stage-1 12/13] COPY docker/benchmark-runner /src/docker/benchmark-runner
#19 sha256:77d94044f569c4acbaba7759d35a90de0b1e3b915ea910c49cca9ed92f5b1929
#19 DONE 0.1s

#20 [stage-1 13/13] RUN chmod +x /src/docker/benchmark-runner/startup-runner.sh
#20 sha256:2bcae161a5b10abe4debd1914b21d6f5647d05c43bcd37224beacbe4b99a002a
#20 DONE 0.6s

#21 exporting to image
#21 sha256:e8c613e07b0b7ff33893b694f7759a10d42e180f2b4dc349fb57dc6b71dcab00
#21 exporting layers done
#21 writing image sha256:8e3d2944e36e8973f11c9c31c224ae5f0d0f96fd0e42ea1236d77b9df6b7a9e8
#21 writing image sha256:8e3d2944e36e8973f11c9c31c224ae5f0d0f96fd0e42ea1236d77b9df6b7a9e8 done
#21 naming to gcr.io/fuzzbench/runners/afl/myanmar-tools_myanmar-tools done
#21 DONE 0.1s

#22 exporting cache
#22 sha256:2700d4ef94dee473593c5c614b55b2dedcca7893909811a8f2b48291a1f581e4
#22 preparing build cache for export done
#22 DONE 0.0s
------
 > importing cache manifest from gcr.io/fuzzbench/runners/afl/myanmar-tools_myanmar-tools:
------
INFO:root:Doing trial as part of experiment.
INFO:root:Starting trial.
ERROR:root:Fuzz target binary not found.
INFO:root:Doing final sync.
ERROR:root:Call to <function get_stats at 0x7ff20c75af70> failed. Extras: {'traceback': 'Traceback (most recent call last):\n  File "/src/experiment/runner.py", line 374, in record_stats\n    stats_json_str = fuzzer_module_get_stats(output_corpus,\n  File "/src/fuzzers/afl/fuzzer.py", line 51, in get_stats\n    with open(stats_file) as file_handle:\nFileNotFoundError: [Errno 2] No such file or directory: \'/out/corpus/fuzzer_stats\'\n'}
/bin/sh: 1: source: not found
#1 [internal] load build definition from Dockerfile
#1 sha256:4d44886fb9377d2aa6540acc5a05671a853498f90695c45ba12d2a8df3891587
#1 transferring dockerfile: 32B done
#1 DONE 0.1s

#2 [internal] load .dockerignore
#2 sha256:d1a3c2f27a9ef558fd4e013fcb7ea0cf7c6f89065c1e716ade217d3373a7f175
#2 transferring context: 2B done
#2 DONE 0.1s

#3 [internal] load metadata for gcr.io/oss-fuzz-base/base-builder:latest
#3 sha256:f10dc39cc9d418a5bc416dead31a1902b6821fdae909cd3b08f7a3fd1faba7b5
#3 DONE 0.5s

#5 [1/5] FROM gcr.io/oss-fuzz-base/base-builder@sha256:f4e5ea12494fab091c5d830cf803b3421f2860f729b9d1b07da44924396cf8cf
#5 sha256:ef290950573a2779ee526af357b28fbddfc20d7409aa51f58f777c9e972cba29
#5 DONE 0.0s

#4 importing cache manifest from gcr.io/fuzzbench/builders/benchmark/myanmar-tools_myanmar-tools
#4 sha256:6d24aaaef7a4e4f20e45ae36df8121924f0aa026ef79e1f74b113ccad525a46d
#4 DONE 0.0s

#9 [internal] load build context
#9 sha256:4055fbc1632445d390ecd67399465b185dd47541ee7421fa61b1afc4195f212a
#9 transferring context: 30B done
#9 DONE 0.1s

#8 [4/5] WORKDIR /src/myanmar-tools/clients/cpp/
#8 sha256:3fb8f2f4fc5a6a3a7e7b62678931925433fd6cee0c535e5038264ac5adb8c690
#8 CACHED

#6 [2/5] RUN apt-get update && apt-get -y install     build-essential     cmake
#6 sha256:ad9912c7c1c9fc0281c7b84c54778b78aac7c7c4683529c6604e9b612dd2e992
#6 CACHED

#7 [3/5] RUN git clone https://github.com/google/myanmar-tools.git
#7 sha256:18cd7f611791cf39ab5524aead4708aee48e7aa0d0ec85800d5abb76be440231
#7 CACHED

#10 [5/5] COPY build.sh /src/
#10 sha256:59958c57c9538df02dea428232f8daf6c7c92ffb4812bfbee847e87b1808c4dd
#10 CACHED

#11 exporting to image
#11 sha256:e8c613e07b0b7ff33893b694f7759a10d42e180f2b4dc349fb57dc6b71dcab00
#11 exporting layers done
#11 writing image sha256:cfe49b9bb941d5486d83bd7cdfe7fed22ef673d00c406a49e086cb17f601f403 done
#11 naming to gcr.io/fuzzbench/builders/benchmark/myanmar-tools_myanmar-tools done
#11 DONE 0.2s

#12 exporting cache
#12 sha256:2700d4ef94dee473593c5c614b55b2dedcca7893909811a8f2b48291a1f581e4
#12 preparing build cache for export done
#12 DONE 0.0s
#1 [internal] load build definition from builder.Dockerfile
#1 sha256:7e88382f73c75711cc81864da2814873823b87226c44b2853c62fbfec8906006
#1 transferring dockerfile: 1.35kB done
#1 DONE 0.1s

#2 [internal] load .dockerignore
#2 sha256:d4db88856cab1ad3ce3e28d51f3dc1435bd17971abf62482bd959e3e48e20e03
#2 transferring context: 2B done
#2 DONE 0.1s

#3 [internal] load metadata for gcr.io/fuzzbench/builders/benchmark/myanmar-tools_myanmar-tools:latest
#3 sha256:1f7266f52ca150601dedf92850a447b96490b291ad02cca40b7b9ab561857a5a
#3 DONE 0.0s

#5 [1/3] FROM gcr.io/fuzzbench/builders/benchmark/myanmar-tools_myanmar-tools
#5 sha256:d187ac706080266ba06d065f0c3f27c48df1650eea454a532c8f460067480748
#5 DONE 0.0s

#4 importing cache manifest from gcr.io/fuzzbench/builders/afl/myanmar-tools_myanmar-tools-intermediate
#4 sha256:34f625eb0a9250faec5e047740b1f5960336a973dddf7dff85fd5ce27b3cba19
#4 DONE 0.0s

#6 [2/3] RUN git clone https://github.com/google/AFL.git /afl &&     cd /afl &&     git checkout 61037103ae3722c8060ff7082994836a794f978e &&     AFL_NO_X86=1 make
#6 sha256:c270c56a3768e696fc51a80f11b80f0ac47a5f3fb3c008c3cccc0896684d8e8e
#6 CACHED

#7 [3/3] RUN apt-get update &&     apt-get install wget -y &&     wget https://raw.githubusercontent.com/llvm/llvm-project/5feb80e748924606531ba28c97fe65145c65372e/compiler-rt/lib/fuzzer/afl/afl_driver.cpp -O /afl/afl_driver.cpp &&     clang -Wno-pointer-sign -c /afl/llvm_mode/afl-llvm-rt.o.c -I/afl &&     clang++ -stdlib=libc++ -std=c++11 -O2 -c /afl/afl_driver.cpp &&     ar r /libAFL.a *.o
#7 sha256:23697e629d8caa08eb790b5da5e2bbd1315821ae046571fa3f1896db89a71caa
#7 CACHED

#8 exporting to image
#8 sha256:e8c613e07b0b7ff33893b694f7759a10d42e180f2b4dc349fb57dc6b71dcab00
#8 exporting layers done
#8 writing image sha256:ccd07e6e2fad51d4db8238a79a14afc61685e650c89cc5f5b60bee255bcbcebb
#8 writing image sha256:ccd07e6e2fad51d4db8238a79a14afc61685e650c89cc5f5b60bee255bcbcebb done
#8 naming to gcr.io/fuzzbench/builders/afl/myanmar-tools_myanmar-tools-intermediate done
#8 DONE 0.2s

#9 exporting cache
#9 sha256:2700d4ef94dee473593c5c614b55b2dedcca7893909811a8f2b48291a1f581e4
#9 preparing build cache for export done
#9 DONE 0.0s
#1 [internal] load build definition from Dockerfile
#1 sha256:0263c95c58561086be914dc24bae0d37b3e7a97dd40661036dc86818dd073e03
#1 transferring dockerfile: 2.00kB done
#1 DONE 0.1s

#2 [internal] load .dockerignore
#2 sha256:d6c39fbddb208db56e2ee37827bef893932b28f34e7d0139867b45d5eb08fc1d
#2 transferring context: 34B done
#2 DONE 0.0s

#3 [internal] load metadata for docker.io/library/ubuntu:xenial
#3 sha256:f62bae18ed588840f045c881b2502661f2a89578a2f8f99b83f5200ee83dd25b
#3 DONE 0.0s

#5 [1/7] FROM docker.io/library/ubuntu:xenial
#5 sha256:14dd403f25ae9e519bd44f27dc17af7ce80f5a4f9f48ca88108364e67ec5d360
#5 DONE 0.0s

#4 importing cache manifest from gcr.io/fuzzbench/base-image
#4 sha256:9b220ebb4d4daceed1b96df9b6dca076e762f1cd612574f010b82d5b9e5ad896
#4 DONE 0.0s

#8 [internal] load build context
#8 sha256:3b7ab78d90367fc337b2ed2b30e764afc29478bdf0017b704d5ba9284b33fb2f
#8 transferring context: 559B 0.2s done
#8 DONE 0.2s

#11 [6/7] RUN apt-get update -y && apt-get install -y     apt-transport-https     lsb-release
#11 sha256:899c934794b043aa14e38615fc54aa768af6dfb775d53ef9245911cdb1351a3e
#11 CACHED

#6 [2/7] RUN apt-get update -y && apt-get install -y     build-essential     rsync     curl     zlib1g-dev     libncurses5-dev     libgdbm-dev     libnss3-dev     libssl-dev     libreadline-dev     libffi-dev     virtualenv     libbz2-dev     liblzma-dev     libsqlite3-dev
#6 sha256:3a1b0960f17eed529eaae93dc8fd3554f2743dd584d8fa569cdbe6bc734371ac
#6 CACHED

#7 [3/7] RUN cd /tmp/ &&     curl -O https://www.python.org/ftp/python/3.8.6/Python-3.8.6.tar.xz &&     tar -xvf Python-3.8.6.tar.xz &&     cd Python-3.8.6 &&     ./configure --enable-loadable-sqlite-extensions --enable-optimizations &&     make -j install &&     rm -r /tmp/Python-3.8.6.tar.xz /tmp/Python-3.8.6
#7 sha256:c5b9d1fb3371e84dbc60b76e7b2f8d5913bc93bcd4910ab65daa03e7b2ec4bb0
#7 CACHED

#9 [4/7] COPY ./requirements.txt /
#9 sha256:1f7e1e440eab511a443085d075a84b87c5bdab3b4710ff068fb00d222551fbab
#9 CACHED

#10 [5/7] RUN pip3 install -r /requirements.txt
#10 sha256:fe9d9a0a6467187c746e7b6014d28e8acb88d08992a3878843ac76991be95468
#10 CACHED

#12 [7/7] RUN CLOUD_SDK_REPO="cloud-sdk-$(lsb_release -c -s)" &&     echo "deb https://packages.cloud.google.com/apt $CLOUD_SDK_REPO main"     | tee -a /etc/apt/sources.list.d/google-cloud-sdk.list &&     curl https://packages.cloud.google.com/apt/doc/apt-key.gpg     | apt-key add - &&     apt-get update -y &&     apt-get install -y google-cloud-sdk
#12 sha256:bcef1a4d4e9cafb40d43624649dc0bb779dd7c8901c967a2892be17a7a451178
#12 CACHED

#13 exporting to image
#13 sha256:e8c613e07b0b7ff33893b694f7759a10d42e180f2b4dc349fb57dc6b71dcab00
#13 exporting layers done
#13 writing image sha256:3e04b5fd0a277df2bc5cd3367dbf9178b152077681f3e4447621291a56e5d56f 0.0s done
#13 naming to gcr.io/fuzzbench/base-image
#13 naming to gcr.io/fuzzbench/base-image done
#13 DONE 0.1s

#14 exporting cache
#14 sha256:2700d4ef94dee473593c5c614b55b2dedcca7893909811a8f2b48291a1f581e4
#14 preparing build cache for export done
#14 DONE 0.0s
#1 [internal] load build definition from Dockerfile
#1 sha256:d813a4e9defe8dc2dfbb7d78591358f5f67a51f47c365c0c4110259e5d351227
#1 transferring dockerfile: 2.22kB done
#1 DONE 0.0s

#2 [internal] load .dockerignore
#2 sha256:c5b7707ad9fb80324eb886a189c7689b64a0a5354acaa5d8a1826e6f3c8497d4
#2 transferring context: 34B done
#2 DONE 0.0s

#4 [internal] load metadata for gcr.io/fuzzbench/base-image:latest
#4 sha256:932022888f650cc455b10eb5123bb08c0cccacac29a693e69314abbfd28a72c3
#4 DONE 0.0s

#3 [internal] load metadata for gcr.io/fuzzbench/builders/afl/myanmar-tools_myanmar-tools-intermediate:latest
#3 sha256:d14b077f88900ad073f19b68ac1c48b350353700abef99877037b64d8678dda3
#3 DONE 0.0s

#7 [base-image 1/1] FROM gcr.io/fuzzbench/base-image
#7 sha256:4d07825694520f8b6f6a0d8592dbd345433361ae044cb7f06706c5a95e3daaad
#7 DONE 0.0s

#5 importing cache manifest from gcr.io/fuzzbench/builders/afl/myanmar-tools_myanmar-tools
#5 sha256:d6528de137e59011c8461ac929ee2ac9014fb3e9de62381831e0cfba112a0203
#5 DONE 0.0s

#6 [stage-1  1/13] FROM gcr.io/fuzzbench/builders/afl/myanmar-tools_myanmar-tools-intermediate
#6 sha256:e115ab94d89a8ea1be910b768c7b45dc60bb995a78b8070a9cfa3c9c4e9cf395
#6 DONE 0.0s

#12 [internal] load build context
#12 sha256:dfcb06a644dc2d7b22b9e8c0231a6e65f869d029ea5d19ef6ab859ca004967ce
#12 transferring context: 669.90kB 0.1s done
#12 DONE 0.1s

#10 [stage-1  4/13] COPY --from=base-image /usr/local/include/python3.8 /usr/local/include/python3.8
#10 sha256:12f87fa0ea8d7130b8080bd0f8acc58b694bc8e6fe12f4b98aee8fd1103c1379
#10 CACHED

#17 [stage-1 10/13] COPY docker/benchmark-builder/checkout_commit.py /opt/fuzzbench/
#17 sha256:6fd15a1888df541f650e1093738bddbc3bf1549e586dd086e5d2582836ce7cd1
#17 CACHED

#18 [stage-1 11/13] RUN export CHECKOUT_COMMIT=$(cat /benchmark.yaml | tr -d ' ' | grep 'commit:' | cut -d ':' -f2) &&     python3 -u /opt/fuzzbench/checkout_commit.py $CHECKOUT_COMMIT /src
#18 sha256:c7e045c4c2a1aa742462e953e6985bc064de52043ce6ec31a86ff6ad63f8dffa
#18 CACHED

#13 [stage-1  6/13] COPY fuzzers /src/fuzzers
#13 sha256:9998a008fdd4a25df4d83c7fb0d847be1530ee4c278e2bdc067b618fa17f517e
#13 CACHED

#19 [stage-1 12/13] RUN echo "#!/bin/bash\nPYTHONPATH=/src python3 -u -c "from fuzzers import utils; utils.initialize_env(); from fuzzers.afl import fuzzer; fuzzer.build()"" > /usr/bin/fuzzer_build &&     chmod +x /usr/bin/fuzzer_build
#19 sha256:efac277ea674468c538dc7013bb48860831d0aab9ed5bccddd7441d01af26429
#19 CACHED

#8 [stage-1  2/13] COPY --from=base-image /usr/local/bin/python3* /usr/local/bin/
#8 sha256:6f04e6d0ed6b9ffa89b360180bc9a23e97f8cee5e710d345a40775d8b72ba2d3
#8 CACHED

#9 [stage-1  3/13] COPY --from=base-image /usr/local/lib/python3.8 /usr/local/lib/python3.8
#9 sha256:2c68bdf53b1d35b7cbf9c0f925cce0449489153be1d1fb58e5c09926c0d174a9
#9 CACHED

#11 [stage-1  5/13] COPY --from=base-image /usr/local/lib/python3.8/site-packages /usr/local/lib/python3.8/site-packages
#11 sha256:e3254c7b8bdaf59f5cbf0ac5af90c085c6258679768226ba95c8665aefc97afc
#11 CACHED

#14 [stage-1  7/13] RUN touch /src/__init__.py
#14 sha256:996b36e6bac25067d21f0c8cdfd17574b64157d0ca915e2ace05dcdc39e9cf6f
#14 CACHED

#15 [stage-1  8/13] COPY benchmarks/myanmar-tools_myanmar-tools/benchmark.yaml /
#15 sha256:361aafb1f58265f49eb05e16c8e14db9b7bb9b98df14f03e663b32e563d3346b
#15 CACHED

#16 [stage-1  9/13] RUN mkdir /opt/fuzzbench/
#16 sha256:25523108c8e2ba7c01150a624cbe13c1a465b704b4737e3842b620ebeac8fdb0
#16 CACHED

#20 [stage-1 13/13] RUN echo "Run fuzzer_build to build the target" && if [ -z "$debug_builder" ] ; then fuzzer_build; fi
#20 sha256:a8f3264b42760b7f67a1b274c3319f966d5a119647353dfcdff1810d7b5777ec
#20 CACHED

#21 exporting to image
#21 sha256:e8c613e07b0b7ff33893b694f7759a10d42e180f2b4dc349fb57dc6b71dcab00
#21 exporting layers done
#21 writing image sha256:a62bbf5a7ca2d2adce28365a27a6363544bc017c58689887e809eb0ba357490a 0.0s done
#21 naming to gcr.io/fuzzbench/builders/afl/myanmar-tools_myanmar-tools done
#21 DONE 0.2s

#22 exporting cache
#22 sha256:2700d4ef94dee473593c5c614b55b2dedcca7893909811a8f2b48291a1f581e4
#22 preparing build cache for export done
#22 DONE 0.0s
#2 [internal] load .dockerignore
#2 sha256:dbe108e630643a22143abf79b1e8c5f2a8d9dd4ffb7a7bebc2331f80b0c6750c
#2 transferring context: 2B done
#2 DONE 0.5s

#1 [internal] load build definition from runner.Dockerfile
#1 sha256:d68ecaae31abe9975d90474b2cbe33604b55d691e499efb5d10045443674649d
#1 transferring dockerfile: 656B done
#1 DONE 0.5s

#3 [internal] load metadata for gcr.io/fuzzbench/base-image:latest
#3 sha256:932022888f650cc455b10eb5123bb08c0cccacac29a693e69314abbfd28a72c3
#3 DONE 0.0s

#5 importing cache manifest from gcr.io/fuzzbench/runners/afl/myanmar-tools_myanmar-tools-intermediate
#5 sha256:b85aca2032f9516a4d74c146ed7b7ff54bd3f1c894cf429da7f3be71ebf28f26
#5 DONE 0.0s

#4 [1/1] FROM gcr.io/fuzzbench/base-image
#4 sha256:4d07825694520f8b6f6a0d8592dbd345433361ae044cb7f06706c5a95e3daaad
#4 CACHED

#6 exporting to image
#6 sha256:e8c613e07b0b7ff33893b694f7759a10d42e180f2b4dc349fb57dc6b71dcab00
#6 exporting layers done
#6 writing image sha256:4efbd5e416c83953b598ff82cefe236e4f25c5eeda46088ba83e35554e2d5ee7 done
#6 naming to gcr.io/fuzzbench/runners/afl/myanmar-tools_myanmar-tools-intermediate done
#6 DONE 0.0s

#7 exporting cache
#7 sha256:2700d4ef94dee473593c5c614b55b2dedcca7893909811a8f2b48291a1f581e4
#7 preparing build cache for export done
#7 DONE 0.0s
#1 [internal] load build definition from Dockerfile
#1 sha256:108c7eda1b45ce8529deedd9164d9d4ad5d21357e2c6c49a3e7b835cdb31cf46
#1 transferring dockerfile: 3.17kB done
#1 DONE 0.0s

#2 [internal] load .dockerignore
#2 sha256:50c7cc37edb803efb21e09a6d529863749c616780f3ec540b97c14d07a8b97e0
#2 transferring context: 34B done
#2 DONE 0.0s

#3 [internal] load metadata for gcr.io/fuzzbench/runners/afl/myanmar-tools_myanmar-tools-intermediate:latest
#3 sha256:df042be07a63bbaf12df142e15a6033a9e9f4915146499c50ac74f766fa1501b
#3 DONE 0.0s

#4 [internal] load metadata for gcr.io/fuzzbench/builders/afl/myanmar-tools_myanmar-tools:latest
#4 sha256:e84d6b4c85505f973c832d630d6b741cabb2ff1e40fb83014e46b4d0875bf780
#4 DONE 0.0s

#12 [internal] load build context
#12 sha256:43167cd3f5866be2cf1e8e1a47fefbb5fa233bc2fadf2adad09dd56d401fc890
#12 DONE 0.0s

#10 [builder 1/1] FROM gcr.io/fuzzbench/builders/afl/myanmar-tools_myanmar-tools
#10 sha256:646d87e289017e3f40fedd78ade45a6dc39437294ce86f61cdc9f97175cf1df9
#10 DONE 0.0s

#6 [stage-1  1/13] FROM gcr.io/fuzzbench/runners/afl/myanmar-tools_myanmar-tools-intermediate
#6 sha256:08adcdc92a5a5f69494bc168d24b1806d83315d30979fbb7ffe65717dc6383fc
#6 DONE 0.0s

#5 importing cache manifest from gcr.io/fuzzbench/runners/afl/myanmar-tools_myanmar-tools
#5 sha256:291e1b5817271cf2864dfce9525730a2bef12e67ec2348839851b97cfc558485
#5 DONE 0.0s

#12 [internal] load build context
#12 sha256:43167cd3f5866be2cf1e8e1a47fefbb5fa233bc2fadf2adad09dd56d401fc890
#12 transferring context: 17.54MB 0.6s done
#12 DONE 0.7s

#9 [stage-1  4/13] WORKDIR /out
#9 sha256:3cc260509a73475c6a153f368f7521b426dd11016301ee351edc40fc2220623e
#9 CACHED

#14 [stage-1  7/13] COPY fuzzers /src/fuzzers
#14 sha256:ddd13a765120f10b030429c7eb011ff2aba76c4c7e30ecee2b06f99a3c20f38c
#14 CACHED

#15 [stage-1  8/13] RUN touch __init__.py
#15 sha256:af9cd7ead9e4ae71c554f6070fb0439244b7f1b46c0615b244cfbba3ff995978
#15 CACHED

#16 [stage-1  9/13] RUN mkdir -p /out/seeds /out/corpus
#16 sha256:6cef4c17e2ae4c5c9a52c962f5e14cbd2bff95365e1b542279d74716f96a0104
#16 CACHED

#19 [stage-1 12/13] COPY docker/benchmark-runner /src/docker/benchmark-runner
#19 sha256:517eef8a5370d808f10280a6ba14d3b3ee161fc6d8c2d22d7af82aa3cb9163f6
#19 CACHED

#11 [stage-1  5/13] COPY --from=builder /out/ ./
#11 sha256:5c7a9cc7f4ea13c33f9e79b13fd5b5f08d9e48b7ced4cc602810399d06c3e28e
#11 CACHED

#7 [stage-1  2/13] RUN apt-get update -y && apt-get install -y     libglib2.0-0     libxml2     libarchive13     libgss3
#7 sha256:05a0463bb37988d6f5e1758c022be93c2c0982edd6f0994c3976e27c4dc9d340
#7 CACHED

#17 [stage-1 10/13] COPY common /src/common
#17 sha256:139057b519e78575751397e1eb73e882a6e1254828c9b5a7528852f76ad3b5ef
#17 CACHED

#8 [stage-1  3/13] RUN mkdir -p /out
#8 sha256:005220d3a940238563716247e7d69132d78348fa8f43667a7639a29966a3bfb5
#8 CACHED

#13 [stage-1  6/13] COPY benchmarks /src/benchmarks
#13 sha256:fa2ebf93d1ad00f62ea41a46c7dddf802da36279fbd5e5ccf1f1aac5d7038531
#13 CACHED

#18 [stage-1 11/13] COPY experiment/runner.py /src/experiment/runner.py
#18 sha256:a76e0610436ef26ca8597a2b4650f105967f3813ed9efc3bdaf1bad3fb831a00
#18 CACHED

#20 [stage-1 13/13] RUN chmod +x /src/docker/benchmark-runner/startup-runner.sh
#20 sha256:f0b23857d9b8e1a8e3c55f0f7d123f822308e98749263c04477c8b00b5398bb6
#20 CACHED

#21 exporting to image
#21 sha256:e8c613e07b0b7ff33893b694f7759a10d42e180f2b4dc349fb57dc6b71dcab00
#21 exporting layers done
#21 writing image sha256:8e3d2944e36e8973f11c9c31c224ae5f0d0f96fd0e42ea1236d77b9df6b7a9e8 0.0s done
#21 naming to gcr.io/fuzzbench/runners/afl/myanmar-tools_myanmar-tools done
#21 DONE 0.3s

#22 exporting cache
#22 sha256:2700d4ef94dee473593c5c614b55b2dedcca7893909811a8f2b48291a1f581e4
#22 preparing build cache for export
#22 preparing build cache for export done
#22 DONE 0.0s
INFO:root:Doing trial as part of experiment.
INFO:root:Starting trial.
ERROR:root:Fuzz target binary not found.
INFO:root:Doing final sync.
ERROR:root:Call to <function get_stats at 0x7ff916c8af70> failed. Extras: {'traceback': 'Traceback (most recent call last):\n  File "/src/experiment/runner.py", line 374, in record_stats\n    stats_json_str = fuzzer_module_get_stats(output_corpus,\n  File "/src/fuzzers/afl/fuzzer.py", line 51, in get_stats\n    with open(stats_file) as file_handle:\nFileNotFoundError: [Errno 2] No such file or directory: \'/out/corpus/fuzzer_stats\'\n'}
