WARNING:root:gcloud not found in PATH.
INFO:root:Successfully integrated benchmark: ibmswtpm2_fuzzer.
INFO:root:Please run "make test-run-afl-ibmswtpm2_fuzzer" to test integration.
#2 [internal] load .dockerignore
#2 sha256:a2ac02954b264a0b2be00c97d285ce6b3fa4c74a1134d577dd091c0879ae9609
#2 transferring context: 2B done
#2 DONE 0.2s

#1 [internal] load build definition from Dockerfile
#1 sha256:fd289f296caf97b809ad1856c8834e3436a860b5f8a05ed2f4042f3cc5c6a31f
#1 transferring dockerfile: 1.16kB 0.0s done
#1 DONE 0.3s

#3 [internal] load metadata for gcr.io/oss-fuzz-base/base-builder:latest
#3 sha256:f10dc39cc9d418a5bc416dead31a1902b6821fdae909cd3b08f7a3fd1faba7b5
#3 DONE 0.5s

#9 [internal] load build context
#9 sha256:f7d569270fd0bdaedc8d97dd9a40d7a309b3803ae216244d7023ca2cb4d0eccf
#9 DONE 0.0s

#5 [1/8] FROM gcr.io/oss-fuzz-base/base-builder@sha256:f4e5ea12494fab091c5d830cf803b3421f2860f729b9d1b07da44924396cf8cf
#5 sha256:ef290950573a2779ee526af357b28fbddfc20d7409aa51f58f777c9e972cba29
#5 DONE 0.0s

#4 importing cache manifest from gcr.io/fuzzbench/builders/benchmark/ibmswtpm2_fuzzer
#4 sha256:305d6b208c70365879003357b579084aba22412e11583a39d7ac0faa3db182a7
#4 ERROR: gcr.io/fuzzbench/builders/benchmark/ibmswtpm2_fuzzer:latest: not found

#5 [1/8] FROM gcr.io/oss-fuzz-base/base-builder@sha256:f4e5ea12494fab091c5d830cf803b3421f2860f729b9d1b07da44924396cf8cf
#5 sha256:ef290950573a2779ee526af357b28fbddfc20d7409aa51f58f777c9e972cba29
#5 CACHED

#9 [internal] load build context
#9 sha256:f7d569270fd0bdaedc8d97dd9a40d7a309b3803ae216244d7023ca2cb4d0eccf
#9 transferring context: 6.15kB done
#9 DONE 0.2s

#6 [2/8] RUN apt-get update && apt-get install -y make autoconf automake libtool libssl-dev curl tar g++
#6 sha256:9a6dc14d6f3bba7fed32add56c117e4df20065c541861334aead2685c69dc9b3
#6 0.860 Hit:1 http://archive.ubuntu.com/ubuntu focal InRelease
#6 0.860 Get:2 http://archive.ubuntu.com/ubuntu focal-updates InRelease [114 kB]
#6 0.860 Hit:3 http://ppa.launchpad.net/git-core/ppa/ubuntu focal InRelease
#6 0.955 Get:4 http://archive.ubuntu.com/ubuntu focal-backports InRelease [108 kB]
#6 0.995 Get:5 http://security.ubuntu.com/ubuntu focal-security InRelease [114 kB]
#6 1.327 Get:6 http://archive.ubuntu.com/ubuntu focal-updates/main i386 Packages [752 kB]
#6 1.655 Get:7 http://archive.ubuntu.com/ubuntu focal-updates/universe amd64 Packages [1134 kB]
#6 1.739 Get:8 http://archive.ubuntu.com/ubuntu focal-updates/universe i386 Packages [827 kB]
#6 1.800 Get:9 http://archive.ubuntu.com/ubuntu focal-updates/main amd64 Packages [1973 kB]
#6 1.904 Get:10 http://security.ubuntu.com/ubuntu focal-security/universe amd64 Packages [840 kB]
#6 2.334 Get:11 http://security.ubuntu.com/ubuntu focal-security/main amd64 Packages [1546 kB]
#6 2.491 Get:12 http://security.ubuntu.com/ubuntu focal-security/universe i386 Packages [657 kB]
#6 2.756 Fetched 8065 kB in 2s (4180 kB/s)
#6 2.756 Reading package lists...
#6 4.641 Reading package lists...
#6 6.180 Building dependency tree...
#6 6.415 Reading state information...
#6 6.696 g++ is already the newest version (4:9.3.0-1ubuntu2).
#6 6.696 g++ set to manually installed.
#6 6.696 make is already the newest version (4.2.1-1.2).
#6 6.696 make set to manually installed.
#6 6.696 curl is already the newest version (7.68.0-1ubuntu2.7).
#6 6.696 tar is already the newest version (1.30+dfsg-7ubuntu0.20.04.1).
#6 6.696 The following additional packages will be installed:
#6 6.698   autotools-dev libltdl-dev libltdl7 libsigsegv2 m4
#6 6.700 Suggested packages:
#6 6.700   autoconf-archive gnu-standards autoconf-doc gettext libtool-doc libssl-doc
#6 6.700   gfortran | fortran95-compiler gcj-jdk m4-doc
#6 6.740 The following NEW packages will be installed:
#6 6.742   autoconf automake autotools-dev libltdl-dev libltdl7 libsigsegv2 libssl-dev
#6 6.743   libtool m4
#6 6.814 0 upgraded, 9 newly installed, 0 to remove and 2 not upgraded.
#6 6.814 Need to get 3041 kB of archives.
#6 6.814 After this operation, 14.7 MB of additional disk space will be used.
#6 6.814 Get:1 http://archive.ubuntu.com/ubuntu focal/main amd64 libsigsegv2 amd64 2.12-2 [13.9 kB]
#6 6.837 Get:2 http://archive.ubuntu.com/ubuntu focal/main amd64 m4 amd64 1.4.18-4 [199 kB]
#6 6.904 Get:3 http://archive.ubuntu.com/ubuntu focal/main amd64 autoconf all 2.69-11.1 [321 kB]
#6 6.934 Get:4 http://archive.ubuntu.com/ubuntu focal/main amd64 autotools-dev all 20180224.1 [39.6 kB]
#6 6.936 Get:5 http://archive.ubuntu.com/ubuntu focal/main amd64 automake all 1:1.16.1-4ubuntu6 [522 kB]
#6 6.975 Get:6 http://archive.ubuntu.com/ubuntu focal/main amd64 libltdl7 amd64 2.4.6-14 [38.5 kB]
#6 6.977 Get:7 http://archive.ubuntu.com/ubuntu focal/main amd64 libltdl-dev amd64 2.4.6-14 [162 kB]
#6 6.990 Get:8 http://archive.ubuntu.com/ubuntu focal-updates/main amd64 libssl-dev amd64 1.1.1f-1ubuntu2.10 [1584 kB]
#6 7.109 Get:9 http://archive.ubuntu.com/ubuntu focal/main amd64 libtool all 2.4.6-14 [161 kB]
#6 7.553 debconf: delaying package configuration, since apt-utils is not installed
#6 7.621 Fetched 3041 kB in 0s (8403 kB/s)
#6 7.718 Selecting previously unselected package libsigsegv2:amd64.
#6 7.718 (Reading database ... (Reading database ... 5%(Reading database ... 10%(Reading database ... 15%(Reading database ... 20%(Reading database ... 25%(Reading database ... 30%(Reading database ... 35%(Reading database ... 40%(Reading database ... 45%(Reading database ... 50%(Reading database ... 55%(Reading database ... 60%(Reading database ... 65%(Reading database ... 70%(Reading database ... 75%(Reading database ... 80%(Reading database ... 85%(Reading database ... 90%(Reading database ... 95%(Reading database ... 100%(Reading database ... 21291 files and directories currently installed.)
#6 7.863 Preparing to unpack .../0-libsigsegv2_2.12-2_amd64.deb ...
#6 7.896 Unpacking libsigsegv2:amd64 (2.12-2) ...
#6 8.027 Selecting previously unselected package m4.
#6 8.029 Preparing to unpack .../1-m4_1.4.18-4_amd64.deb ...
#6 8.049 Unpacking m4 (1.4.18-4) ...
#6 8.186 Selecting previously unselected package autoconf.
#6 8.189 Preparing to unpack .../2-autoconf_2.69-11.1_all.deb ...
#6 8.207 Unpacking autoconf (2.69-11.1) ...
#6 8.401 Selecting previously unselected package autotools-dev.
#6 8.403 Preparing to unpack .../3-autotools-dev_20180224.1_all.deb ...
#6 8.421 Unpacking autotools-dev (20180224.1) ...
#6 8.575 Selecting previously unselected package automake.
#6 8.578 Preparing to unpack .../4-automake_1%3a1.16.1-4ubuntu6_all.deb ...
#6 8.597 Unpacking automake (1:1.16.1-4ubuntu6) ...
#6 8.787 Selecting previously unselected package libltdl7:amd64.
#6 8.790 Preparing to unpack .../5-libltdl7_2.4.6-14_amd64.deb ...
#6 8.808 Unpacking libltdl7:amd64 (2.4.6-14) ...
#6 8.929 Selecting previously unselected package libltdl-dev:amd64.
#6 8.931 Preparing to unpack .../6-libltdl-dev_2.4.6-14_amd64.deb ...
#6 8.948 Unpacking libltdl-dev:amd64 (2.4.6-14) ...
#6 9.076 Selecting previously unselected package libssl-dev:amd64.
#6 9.078 Preparing to unpack .../7-libssl-dev_1.1.1f-1ubuntu2.10_amd64.deb ...
#6 9.096 Unpacking libssl-dev:amd64 (1.1.1f-1ubuntu2.10) ...
#6 9.398 Selecting previously unselected package libtool.
#6 9.401 Preparing to unpack .../8-libtool_2.4.6-14_all.deb ...
#6 9.425 Unpacking libtool (2.4.6-14) ...
#6 9.611 Setting up autotools-dev (20180224.1) ...
#6 9.690 Setting up libsigsegv2:amd64 (2.12-2) ...
#6 9.745 Setting up libssl-dev:amd64 (1.1.1f-1ubuntu2.10) ...
#6 9.799 Setting up libltdl7:amd64 (2.4.6-14) ...
#6 9.850 Setting up libtool (2.4.6-14) ...
#6 9.901 Setting up m4 (1.4.18-4) ...
#6 9.953 Setting up autoconf (2.69-11.1) ...
#6 10.02 Setting up automake (1:1.16.1-4ubuntu6) ...
#6 10.08 update-alternatives: using /usr/bin/automake-1.16 to provide /usr/bin/automake (automake) in auto mode
#6 10.08 update-alternatives: warning: skip creation of /usr/share/man/man1/automake.1.gz because associated file /usr/share/man/man1/automake-1.16.1.gz (of link group automake) doesn't exist
#6 10.08 update-alternatives: warning: skip creation of /usr/share/man/man1/aclocal.1.gz because associated file /usr/share/man/man1/aclocal-1.16.1.gz (of link group automake) doesn't exist
#6 10.12 Setting up libltdl-dev:amd64 (2.4.6-14) ...
#6 10.20 Processing triggers for libc-bin (2.31-0ubuntu9.2) ...
#6 DONE 16.1s

#7 [3/8] RUN mkdir ibmswtpm2 &&   cd ibmswtpm2 &&   curl -sSL "https://downloads.sourceforge.net/project/ibmswtpm2/ibmtpm1332.tar.gz" | tar xvz
#7 sha256:1a5463ba3c72abff8ecd50ee9c561410ba2a0be25dfcf990374dad90a8300a96
#7 1.587 ./
#7 1.587 ./src/
#7 1.587 ./src/CryptSym.h
#7 1.587 ./src/AsymmetricCommands.c
#7 1.588 ./src/TpmBuildSwitches.h
#7 1.588 ./src/NV_spt_fp.h
#7 1.588 ./src/SequenceComplete_fp.h
#7 1.588 ./src/PolicyOR_fp.h
#7 1.588 ./src/PolicyNvWritten_fp.h
#7 1.588 ./src/SessionProcess_fp.h
#7 1.588 ./src/ntc2.c
#7 1.588 ./src/SetPrimaryPolicy_fp.h
#7 1.588 ./src/ReadClock_fp.h
#7 1.589 ./src/PolicyDuplicationSelect_fp.h
#7 1.589 ./src/NV_ReadPublic_fp.h
#7 1.589 ./src/CryptEccKeyExchange.c
#7 1.589 ./src/CommandAudit.c
#7 1.589 ./src/PolicyCounterTimer_fp.h
#7 1.589 ./src/MAC_fp.h
#7 1.589 ./src/BaseTypes.h
#7 1.589 ./src/GetCapability_fp.h
#7 1.589 ./src/CryptCmac.c
#7 1.589 ./src/ChangeEPS_fp.h
#7 1.590 ./src/Rewrap_fp.h
#7 1.590 ./src/AlgorithmTests_fp.h
#7 1.590 ./src/HierarchyControl_fp.h
#7 1.590 ./src/EphemeralCommands.c
#7 1.590 ./src/MAC_Start_fp.h
#7 1.590 ./src/TpmToOsslHash.h
#7 1.590 ./src/BnValues.h
#7 1.590 ./src/Object_spt.c
#7 1.591 ./src/StartupCommands.c
#7 1.591 ./src/_TPM_Hash_Data_fp.h
#7 1.591 ./src/RandomCommands.c
#7 1.591 ./src/HierarchyCommands.c
#7 1.591 ./src/TPMCmdp.c
#7 1.591 ./src/PolicySecret_fp.h
#7 1.591 ./src/DA_fp.h
#7 1.591 ./src/Vendor_TCG_Test_fp.h
#7 1.591 ./src/ActivateCredential_fp.h
#7 1.591 ./src/TPMB.h
#7 1.592 ./src/CryptEccKeyExchange_fp.h
#7 1.592 ./src/ResponseCodeProcessing_fp.h
#7 1.592 ./src/NV_GlobalWriteLock_fp.h
#7 1.592 ./src/Commit_fp.h
#7 1.592 ./src/GetTestResult_fp.h
#7 1.592 ./src/EncryptDecrypt_fp.h
#7 1.592 ./src/NVMem.c
#7 1.592 ./src/Entropy.c
#7 1.592 ./src/ClockCommands.c
#7 1.592 ./src/IntegrityCommands.c
#7 1.593 ./src/SequenceUpdate_fp.h
#7 1.593 ./src/ntc2lib.h
#7 1.593 ./src/CryptRand.h
#7 1.593 ./src/Attest_spt_fp.h
#7 1.593 ./src/Policy_spt.c
#7 1.593 ./src/Time.c
#7 1.593 ./src/Clock.c
#7 1.593 ./src/ntc2_fp.h
#7 1.593 ./src/CryptHash.h
#7 1.594 ./src/_TPM_Init_fp.h
#7 1.594 ./src/HMAC_Start_fp.h
#7 1.594 ./src/Sign_fp.h
#7 1.594 ./src/Startup_fp.h
#7 1.594 ./src/CryptHash_fp.h
#7 1.594 ./src/Manufacture.c
#7 1.594 ./src/EccTestData.h
#7 1.594 ./src/NV_Extend_fp.h
#7 1.594 ./src/ObjectCommands.c
#7 1.595 ./src/PCR_SetAuthValue_fp.h
#7 1.595 ./src/EC_Ephemeral_fp.h
#7 1.595 ./src/Marshal_fp.h
#7 1.595 ./src/IncrementalSelfTest_fp.h
#7 1.595 ./src/Unique.c
#7 1.595 ./src/GpMacros.h
#7 1.595 ./src/Memory_fp.h
#7 1.595 ./src/TpmToOsslSym.h
#7 1.595 ./src/PolicyCommandCode_fp.h
#7 1.595 ./src/EncryptDecrypt_spt.c
#7 1.596 ./src/SymmetricTestData.h
#7 1.596 ./src/TpmTypes.h
#7 1.596 ./src/PCR.c
#7 1.597 ./src/CreatePrimary_fp.h
#7 1.597 ./src/makefile
#7 1.597 ./src/HierarchyChangeAuth_fp.h
#7 1.597 ./src/Global.h
#7 1.597 ./src/TcpServer_fp.h
#7 1.598 ./src/Hierarchy.c
#7 1.598 ./src/PCR_Event_fp.h
#7 1.598 ./src/Power.c
#7 1.598 ./src/CommandDispatchData.h
#7 1.599 ./src/Import_fp.h
#7 1.599 ./src/CryptRand_fp.h
#7 1.599 ./src/makefile11.mak
#7 1.599 ./src/CryptEccMain_fp.h
#7 1.599 ./src/Context_spt_fp.h
#7 1.599 ./src/Power_fp.h
#7 1.599 ./src/RSA_Decrypt_fp.h
#7 1.599 ./src/ExecCommand.c
#7 1.600 ./src/_TPM_Hash_End_fp.h
#7 1.600 ./src/HashTestData.h
#7 1.600 ./src/ContextLoad_fp.h
#7 1.600 ./src/SetCommandCodeAuditStatus_fp.h
#7 1.600 ./src/CryptDes_fp.h
#7 1.600 ./src/TpmToOsslSupport_fp.h
#7 1.600 ./src/Hierarchy_fp.h
#7 1.600 ./src/DuplicationCommands.c
#7 1.601 ./src/Unseal_fp.h
#7 1.601 ./src/Entity_fp.h
#7 1.601 ./src/PolicyNV_fp.h
#7 1.601 ./src/PolicyPassword_fp.h
#7 1.601 ./src/ContextSave_fp.h
#7 1.601 ./src/Session.c
#7 1.601 ./src/TpmFail_fp.h
#7 1.601 ./src/Vendor_TCG_Test.c
#7 1.601 ./src/TcpServerPosix.c
#7 1.602 ./src/EvictControl_fp.h
#7 1.602 ./src/CryptPrime_fp.h
#7 1.602 ./src/ObjectChangeAuth_fp.h
#7 1.602 ./src/ExecCommand_fp.h
#7 1.602 ./src/TpmToOsslDesSupport_fp.h
#7 1.602 ./src/PP_Commands_fp.h
#7 1.602 ./src/CertifyCreation_fp.h
#7 1.602 ./src/ClearControl_fp.h
#7 1.602 ./src/DictionaryCommands.c
#7 1.602 ./src/CryptEccMain.c
#7 1.603 ./src/EncryptDecrypt2_fp.h
#7 1.603 ./src/DictionaryAttackLockReset_fp.h
#7 1.603 ./src/Bits.c
#7 1.603 ./src/ECC_Parameters_fp.h
#7 1.603 ./src/CryptSelfTest.c
#7 1.603 ./src/ntc2lib.c
#7 1.603 ./src/HashCommands.c
#7 1.603 ./src/ReadPublic_fp.h
#7 1.603 ./src/DictionaryAttackParameters_fp.h
#7 1.604 ./src/Hash_fp.h
#7 1.604 ./src/PP.c
#7 1.604 ./src/FlushContext_fp.h
#7 1.604 ./src/ECDH_ZGen_fp.h
#7 1.604 ./src/BnMemory_fp.h
#7 1.604 ./src/Locality_fp.h
#7 1.604 ./src/RunCommand.c
#7 1.604 ./src/CryptHashData.h
#7 1.604 ./src/TpmToOsslMath.c
#7 1.605 ./src/CryptCmac_fp.h
#7 1.605 ./src/Context_spt.c
#7 1.605 ./src/IoBuffers.c
#7 1.605 ./src/Object_fp.h
#7 1.605 ./src/Unmarshal.c
#7 1.606 ./src/PrimeData.c
#7 1.606 ./src/Commands.h
#7 1.606 ./src/PolicyAuthorizeNV_fp.h
#7 1.606 ./src/TpmToOsslDesSupport.c
#7 1.606 ./src/SessionCommands.c
#7 1.606 ./src/BnMath_fp.h
#7 1.606 ./src/GetRandom_fp.h
#7 1.606 ./src/TpmSizeChecks.c
#7 1.606 ./src/Ticket_fp.h
#7 1.607 ./src/NVReserved.c
#7 1.607 ./src/Marshal.c
#7 1.607 ./src/NV.h
#7 1.607 ./src/Handle.c
#7 1.607 ./src/Quote_fp.h
#7 1.607 ./src/CommandCodeAttributes.c
#7 1.609 ./src/CommandDispatcher.c
#7 1.609 ./src/CryptRsa_fp.h
#7 1.609 ./src/CryptPrimeSieve_fp.h
#7 1.609 ./src/CryptEccSignature.c
#7 1.609 ./src/PolicyPCR_fp.h
#7 1.609 ./src/RsaTestData.h
#7 1.610 ./src/Certify_fp.h
#7 1.610 ./src/makefile-common
#7 1.610 ./src/BnConvert.c
#7 1.610 ./src/Bits_fp.h
#7 1.610 ./src/Session_fp.h
#7 1.610 ./src/CapabilityCommands.c
#7 1.610 ./src/TpmError.h
#7 1.610 ./src/PolicyGetDigest_fp.h
#7 1.610 ./src/CryptUtil.c
#7 1.611 ./src/Duplicate_fp.h
#7 1.611 ./src/BnMemory.c
#7 1.611 ./src/Shutdown_fp.h
#7 1.611 ./src/HashSequenceStart_fp.h
#7 1.611 ./src/IoBuffers_fp.h
#7 1.611 ./src/NV_SetBits_fp.h
#7 1.611 ./src/CommandDispatcher_fp.h
#7 1.611 ./src/PolicyAuthorize_fp.h
#7 1.612 ./src/CryptSmac.c
#7 1.612 ./src/AuditCommands.c
#7 1.612 ./src/ClockSet_fp.h
#7 1.612 ./src/BnConvert_fp.h
#7 1.612 ./src/SupportLibraryFunctionPrototypes_fp.h
#7 1.612 ./src/CryptEccSignature_fp.h
#7 1.612 ./src/TpmFail.c
#7 1.612 ./src/NV_spt.c
#7 1.612 ./src/Policy_spt_fp.h
#7 1.613 ./src/NV_Write_fp.h
#7 1.613 ./src/applink.c
#7 1.613 ./src/GetCommandAuditDigest_fp.h
#7 1.613 ./src/NVCommands.c
#7 1.613 ./src/Locality.c
#7 1.613 ./src/Ticket.c
#7 1.613 ./src/PCR_Read_fp.h
#7 1.613 ./src/NV_ReadLock_fp.h
#7 1.613 ./src/CryptTest.h
#7 1.614 ./src/VendorString.h
#7 1.614 ./src/ResponseCodeProcessing.c
#7 1.614 ./src/MakeCredential_fp.h
#7 1.614 ./src/TpmTcpProtocol.h
#7 1.614 ./src/TestingCommands.c
#7 1.614 ./src/GetTime_fp.h
#7 1.614 ./src/PCR_SetAuthPolicy_fp.h
#7 1.614 ./src/HMAC_fp.h
#7 1.614 ./src/SessionProcess.c
#7 1.615 ./src/Object_spt_fp.h
#7 1.615 ./src/ContextCommands.c
#7 1.615 ./src/TpmToOsslMath_fp.h
#7 1.615 ./src/TestParms_fp.h
#7 1.615 ./src/DA.c
#7 1.615 ./src/KdfTestData.h
#7 1.615 ./src/PolicyCpHash_fp.h
#7 1.615 ./src/AttestationCommands.c
#7 1.616 ./src/CryptDes.c
#7 1.616 ./src/PPPlat.c
#7 1.616 ./src/PropertyCap_fp.h
#7 1.616 ./src/SigningCommands.c
#7 1.616 ./src/StirRandom_fp.h
#7 1.616 ./src/Attest_spt.c
#7 1.616 ./src/EventSequenceComplete_fp.h
#7 1.616 ./src/PolicyRestart_fp.h
#7 1.616 ./src/makefile.mak
#7 1.616 ./src/ManagementCommands.c
#7 1.617 ./src/makefile.mac
#7 1.617 ./src/PolicyNameHash_fp.h
#7 1.617 ./src/LibSupport.h
#7 1.617 ./src/CryptPrimeSieve.c
#7 1.617 ./src/CryptSelfTest_fp.h
#7 1.617 ./src/CryptDataEcc.c
#7 1.617 ./src/SetAlgorithmSet_fp.h
#7 1.617 ./src/Memory.c
#7 1.618 ./src/AlgorithmTests.c
#7 1.618 ./src/CommandCodeAttributes_fp.h
#7 1.618 ./src/CryptRsa.h
#7 1.618 ./src/NV_Increment_fp.h
#7 1.618 ./src/Unmarshal_fp.h
#7 1.618 ./src/PRNG_TestVectors.h
#7 1.618 ./src/MathOnByteBuffers.c
#7 1.618 ./src/NV_UndefineSpace_fp.h
#7 1.618 ./src/CryptRsa.c
#7 1.619 ./src/Create_fp.h
#7 1.619 ./src/TpmToOsslSupport.c
#7 1.619 ./src/LocalityPlat.c
#7 1.619 ./src/PolicyLocality_fp.h
#7 1.619 ./src/NV_UndefineSpaceSpecial_fp.h
#7 1.619 ./src/NVDynamic.c
#7 1.620 ./src/PCR_Reset_fp.h
#7 1.620 ./src/Clear_fp.h
#7 1.620 ./src/RsaKeyCache.c
#7 1.620 ./src/SelfTest_fp.h
#7 1.620 ./src/Platform_fp.h
#7 1.620 ./src/CryptEcc.h
#7 1.620 ./src/EncryptDecrypt_spt_fp.h
#7 1.620 ./src/CommandAttributes.h
#7 1.620 ./src/Tpm.h
#7 1.621 ./src/CreateLoaded_fp.h
#7 1.621 ./src/EACommands.c
#7 1.621 ./src/PropertyCap.c
#7 1.621 ./src/CommandAttributeData.h
#7 1.621 ./src/makefile11
#7 1.621 ./src/TpmSizeChecks_fp.h
#7 1.621 ./src/ZGen_2Phase_fp.h
#7 1.622 ./src/RsaKeyCache_fp.h
#7 1.622 ./src/Response_fp.h
#7 1.622 ./src/NV_ChangeAuth_fp.h
#7 1.622 ./src/InternalRoutines.h
#7 1.622 ./src/SelfTest.h
#7 1.622 ./src/CryptSym.c
#7 1.622 ./src/Manufacture_fp.h
#7 1.622 ./src/Simulator_fp.h
#7 1.622 ./src/PlatformData.h
#7 1.623 ./src/LoadExternal_fp.h
#7 1.623 ./src/PlatformData.c
#7 1.623 ./src/PolicySigned_fp.h
#7 1.623 ./src/PCR_Extend_fp.h
#7 1.623 ./src/NV_DefineSpace_fp.h
#7 1.623 ./src/Object.c
#7 1.623 ./src/TcpServer.c
#7 1.623 ./src/NVReserved_fp.h
#7 1.623 ./src/SymmetricCommands.c
#7 1.624 ./src/Response.c
#7 1.624 ./src/PolicyPhysicalPresence_fp.h
#7 1.624 ./src/Load_fp.h
#7 1.624 ./src/TPMCmds.c
#7 1.624 ./src/Handle_fp.h
#7 1.624 ./src/BnEccData.c
#7 1.624 ./src/Entity.c
#7 1.624 ./src/PCR_Allocate_fp.h
#7 1.625 ./src/Cancel.c
#7 1.625 ./src/CompilerDependencies.h
#7 1.625 ./src/CryptUtil_fp.h
#7 1.625 ./src/StartAuthSession_fp.h
#7 1.625 ./src/CryptPrime.c
#7 1.625 ./src/PowerPlat.c
#7 1.625 ./src/NV_Certify_fp.h
#7 1.625 ./src/CryptHash.c
#7 1.626 ./src/NV_WriteLock_fp.h
#7 1.626 ./src/ChangePPS_fp.h
#7 1.626 ./src/NV_Read_fp.h
#7 1.626 ./src/CryptSym_fp.h
#7 1.626 ./src/SymmetricTest.h
#7 1.626 ./src/CommandAudit_fp.h
#7 1.626 ./src/CryptSmac_fp.h
#7 1.626 ./src/MathOnByteBuffers_fp.h
#7 1.626 ./src/NVDynamic_fp.h
#7 1.627 ./src/ClockRateAdjust_fp.h
#7 1.627 ./src/AlgorithmCap.c
#7 1.627 ./src/VerifySignature_fp.h
#7 1.627 ./src/TpmToOsslMath.h
#7 1.627 ./src/CryptRand.c
#7 1.627 ./src/BnMath.c
#7 1.627 ./src/RSA_Encrypt_fp.h
#7 1.628 ./src/ECDH_KeyGen_fp.h
#7 1.628 ./src/CryptHashData.c
#7 1.628 ./src/_TPM_Hash_Start_fp.h
#7 1.628 ./src/PP_fp.h
#7 1.628 ./src/AlgorithmCap_fp.h
#7 1.628 ./src/PolicyTicket_fp.h
#7 1.628 ./src/Capabilities.h
#7 1.628 ./src/PolicyTemplate_fp.h
#7 1.628 ./src/TcpServerPosix_fp.h
#7 1.628 ./src/Implementation.h
#7 1.629 ./src/Global.c
#7 1.629 ./src/GetSessionAuditDigest_fp.h
#7 1.629 ./src/Time_fp.h
#7 1.629 ./src/PolicyAuthValue_fp.h
#7 1.629 ./src/PCR_fp.h
#7 1.630 ./src/swap.h
#7 1.630 ./tpmvstudio/
#7 1.630 ./tpmvstudio/tpm_server/
#7 1.630 ./tpmvstudio/tpm_server/tpm_server.vcxproj
#7 1.630 ./tpmvstudio/tpm_server/tpm_server.sln
#7 1.630 ./tpmvstudio/tpm_server/tpm_server.vcxproj.filters
#7 1.630 ./ibmtpm.doc
#7 1.630 ./LICENSE
#7 DONE 2.9s

#8 [4/8] WORKDIR ibmswtpm2/src
#8 sha256:d7479ce0f23e9145d4511d315d621eb1dc8cde0f6725d66a82f0b2b9d8da115f
#8 DONE 0.7s

#10 [5/8] COPY build.sh /src/
#10 sha256:b5dd5f7a167ecfc17abee5b35126d0fdb9f2ce33862814b11cfc52d3b9529b2c
#10 DONE 0.2s

#11 [6/8] COPY fuzzer.cc ./
#11 sha256:17a885df736aeb1db7e3486d2c7ea3d7375bc29e97e9cafda83a94fbcca90f9a
#11 DONE 0.2s

#12 [7/8] COPY no_writes.patch /src/
#12 sha256:81abcb51f3dddaa4d1fe07674253ee392920092b42af6f97c990ee24d5121812
#12 DONE 0.2s

#13 [8/8] RUN patch -p1 < /src/no_writes.patch
#13 sha256:11f83e7d3aa217afe699b31d8ed7dfe84af14b2539296c6e028f80cee5a144c3
#13 0.371 patching file CompilerDependencies.h
#13 0.372 patching file GpMacros.h
#13 0.372 patching file TPMCmds.c
#13 0.372 patching file TcpServerPosix.c
#13 0.372 patching file makefile
#13 DONE 0.5s

#14 exporting to image
#14 sha256:e8c613e07b0b7ff33893b694f7759a10d42e180f2b4dc349fb57dc6b71dcab00
#14 exporting layers done
#14 writing image sha256:d3473b75c8d470caebdee0f7b2667e5a0270e76f4ff0a76a6c869aaa4e8762ed done
#14 naming to gcr.io/fuzzbench/builders/benchmark/ibmswtpm2_fuzzer done
#14 DONE 0.1s

#15 exporting cache
#15 sha256:2700d4ef94dee473593c5c614b55b2dedcca7893909811a8f2b48291a1f581e4
#15 preparing build cache for export done
#15 DONE 0.0s
------
 > importing cache manifest from gcr.io/fuzzbench/builders/benchmark/ibmswtpm2_fuzzer:
------
#1 [internal] load build definition from builder.Dockerfile
#1 sha256:1a05d2f641dc91583c2e67c0cb5360698ebc1f8d6f4ebf5318ea6a8bd543756c
#1 transferring dockerfile: 46B done
#1 DONE 0.0s

#2 [internal] load .dockerignore
#2 sha256:68398ac8296ad6177332c8c7c4ff0e1918bb00d2e03203bb99cee15465aee923
#2 transferring context: 2B done
#2 DONE 0.0s

#3 [internal] load metadata for gcr.io/fuzzbench/builders/benchmark/ibmswtpm2_fuzzer:latest
#3 sha256:457c21c2f8f732bc21b37598c35c49b150b476f42cc9b95079c333ef7d23a0e0
#3 DONE 0.0s

#5 [1/3] FROM gcr.io/fuzzbench/builders/benchmark/ibmswtpm2_fuzzer
#5 sha256:5e0f0cfe53e233c0b40e49686763d300ef2e61273736e0cdff9b6d9ffb2dccef
#5 DONE 0.0s

#4 importing cache manifest from gcr.io/fuzzbench/builders/afl/ibmswtpm2_fuzzer-intermediate
#4 sha256:55b7f1e260a1bcab1a74663b6c88ee4ef3ab9bc49e5796d5228a20e1ba2b2f8d
#4 ERROR: gcr.io/fuzzbench/builders/afl/ibmswtpm2_fuzzer-intermediate:latest: not found

#5 [1/3] FROM gcr.io/fuzzbench/builders/benchmark/ibmswtpm2_fuzzer
#5 sha256:5e0f0cfe53e233c0b40e49686763d300ef2e61273736e0cdff9b6d9ffb2dccef
#5 DONE 0.6s

#6 [2/3] RUN git clone https://github.com/google/AFL.git /afl &&     cd /afl &&     git checkout 61037103ae3722c8060ff7082994836a794f978e &&     AFL_NO_X86=1 make
#6 sha256:52034e01b2ff67f14515f030b11b49d2de15306bb9950ea4e354e846269e4994
#6 0.796 Cloning into '/afl'...
#6 1.659 Note: switching to '61037103ae3722c8060ff7082994836a794f978e'.
#6 1.659 
#6 1.659 You are in 'detached HEAD' state. You can look around, make experimental
#6 1.659 changes and commit them, and you can discard any commits you make in this
#6 1.659 state without impacting any branches by switching back to a branch.
#6 1.659 
#6 1.659 If you want to create a new branch to retain commits you create, you may
#6 1.659 do so (now or later) by using -c with the switch command. Example:
#6 1.659 
#6 1.659   git switch -c <new-branch-name>
#6 1.659 
#6 1.659 Or undo this operation with:
#6 1.659 
#6 1.659   git switch -
#6 1.659 
#6 1.659 Turn off this advice by setting config variable advice.detachedHead to false
#6 1.659 
#6 1.659 HEAD is now at 6103710 Fix a typo filename comparison in the fuzzer (#139)
#6 1.676 [!] Note: skipping x86 compilation checks (AFL_NO_X86 set).
#6 1.676 clang -O1 -fno-omit-frame-pointer -gline-tables-only -DFUZZING_BUILD_MODE_UNSAFE_FOR_PRODUCTION -Wall -D_FORTIFY_SOURCE=2 -g -Wno-pointer-sign -DAFL_PATH=\"/usr/local/lib/afl\" -DDOC_PATH=\"/usr/local/share/doc/afl\" -DBIN_PATH=\"/usr/local/bin\" afl-gcc.c -o afl-gcc -ldl
#6 1.914 set -e; for i in afl-g++ afl-clang afl-clang++; do ln -sf afl-gcc $i; done
#6 1.921 clang -O1 -fno-omit-frame-pointer -gline-tables-only -DFUZZING_BUILD_MODE_UNSAFE_FOR_PRODUCTION -Wall -D_FORTIFY_SOURCE=2 -g -Wno-pointer-sign -DAFL_PATH=\"/usr/local/lib/afl\" -DDOC_PATH=\"/usr/local/share/doc/afl\" -DBIN_PATH=\"/usr/local/bin\" afl-fuzz.c -o afl-fuzz -ldl
#6 5.362 clang -O1 -fno-omit-frame-pointer -gline-tables-only -DFUZZING_BUILD_MODE_UNSAFE_FOR_PRODUCTION -Wall -D_FORTIFY_SOURCE=2 -g -Wno-pointer-sign -DAFL_PATH=\"/usr/local/lib/afl\" -DDOC_PATH=\"/usr/local/share/doc/afl\" -DBIN_PATH=\"/usr/local/bin\" afl-showmap.c -o afl-showmap -ldl
#6 5.793 clang -O1 -fno-omit-frame-pointer -gline-tables-only -DFUZZING_BUILD_MODE_UNSAFE_FOR_PRODUCTION -Wall -D_FORTIFY_SOURCE=2 -g -Wno-pointer-sign -DAFL_PATH=\"/usr/local/lib/afl\" -DDOC_PATH=\"/usr/local/share/doc/afl\" -DBIN_PATH=\"/usr/local/bin\" afl-tmin.c -o afl-tmin -ldl
#6 6.388 clang -O1 -fno-omit-frame-pointer -gline-tables-only -DFUZZING_BUILD_MODE_UNSAFE_FOR_PRODUCTION -Wall -D_FORTIFY_SOURCE=2 -g -Wno-pointer-sign -DAFL_PATH=\"/usr/local/lib/afl\" -DDOC_PATH=\"/usr/local/share/doc/afl\" -DBIN_PATH=\"/usr/local/bin\" afl-gotcpu.c -o afl-gotcpu -ldl
#6 6.580 clang -O1 -fno-omit-frame-pointer -gline-tables-only -DFUZZING_BUILD_MODE_UNSAFE_FOR_PRODUCTION -Wall -D_FORTIFY_SOURCE=2 -g -Wno-pointer-sign -DAFL_PATH=\"/usr/local/lib/afl\" -DDOC_PATH=\"/usr/local/share/doc/afl\" -DBIN_PATH=\"/usr/local/bin\" afl-analyze.c -o afl-analyze -ldl
#6 7.195 clang -O1 -fno-omit-frame-pointer -gline-tables-only -DFUZZING_BUILD_MODE_UNSAFE_FOR_PRODUCTION -Wall -D_FORTIFY_SOURCE=2 -g -Wno-pointer-sign -DAFL_PATH=\"/usr/local/lib/afl\" -DDOC_PATH=\"/usr/local/share/doc/afl\" -DBIN_PATH=\"/usr/local/bin\" afl-as.c -o afl-as -ldl
#6 7.518 ln -sf afl-as as
#6 7.519 [!] Note: skipping build tests (you may need to use LLVM or QEMU mode).
#6 7.525 [+] LLVM users: see llvm_mode/README.llvm for a faster alternative to afl-gcc.
#6 7.526 [+] All done! Be sure to review README - it's pretty short and useful.
#6 DONE 7.6s

#7 [3/3] RUN apt-get update &&     apt-get install wget -y &&     wget https://raw.githubusercontent.com/llvm/llvm-project/5feb80e748924606531ba28c97fe65145c65372e/compiler-rt/lib/fuzzer/afl/afl_driver.cpp -O /afl/afl_driver.cpp &&     clang -Wno-pointer-sign -c /afl/llvm_mode/afl-llvm-rt.o.c -I/afl &&     clang++ -stdlib=libc++ -std=c++11 -O2 -c /afl/afl_driver.cpp &&     ar r /libAFL.a *.o
#7 sha256:1110fad3b57553e6265c879fe935dff0bd3f7691d62c6d0131ab2ad4c860a50c
#7 1.026 Hit:1 http://archive.ubuntu.com/ubuntu focal InRelease
#7 1.026 Hit:2 http://ppa.launchpad.net/git-core/ppa/ubuntu focal InRelease
#7 1.026 Hit:3 http://archive.ubuntu.com/ubuntu focal-updates InRelease
#7 1.048 Hit:4 http://archive.ubuntu.com/ubuntu focal-backports InRelease
#7 1.153 Hit:5 http://security.ubuntu.com/ubuntu focal-security InRelease
#7 1.893 Reading package lists...
#7 4.058 Reading package lists...
#7 6.368 Building dependency tree...
#7 6.733 Reading state information...
#7 7.201 wget is already the newest version (1.20.3-1ubuntu2).
#7 7.201 0 upgraded, 0 newly installed, 0 to remove and 2 not upgraded.
#7 7.225 --2022-02-15 10:47:14--  https://raw.githubusercontent.com/llvm/llvm-project/5feb80e748924606531ba28c97fe65145c65372e/compiler-rt/lib/fuzzer/afl/afl_driver.cpp
#7 7.243 Resolving raw.githubusercontent.com (raw.githubusercontent.com)... 185.199.111.133, 185.199.108.133, 185.199.109.133, ...
#7 7.258 Connecting to raw.githubusercontent.com (raw.githubusercontent.com)|185.199.111.133|:443... connected.
#7 7.297 HTTP request sent, awaiting response... 200 OK
#7 7.460 Length: 9177 (9.0K) [text/plain]
#7 7.460 Saving to: '/afl/afl_driver.cpp'
#7 7.460 
#7 7.460      0K ........                                              100% 8.48M=0.001s
#7 7.461 
#7 7.461 2022-02-15 10:47:14 (8.48 MB/s) - '/afl/afl_driver.cpp' saved [9177/9177]
#7 7.461 
#7 10.19 ar: creating /libAFL.a
#7 DONE 10.4s

#8 exporting to image
#8 sha256:e8c613e07b0b7ff33893b694f7759a10d42e180f2b4dc349fb57dc6b71dcab00
#8 exporting layers done
#8 writing image sha256:9504b7cb194c1653a3b39b199d661e64b197478b32b03e38efc9b72493ef6075
#8 writing image sha256:9504b7cb194c1653a3b39b199d661e64b197478b32b03e38efc9b72493ef6075 done
#8 naming to gcr.io/fuzzbench/builders/afl/ibmswtpm2_fuzzer-intermediate done
#8 DONE 0.1s

#9 exporting cache
#9 sha256:2700d4ef94dee473593c5c614b55b2dedcca7893909811a8f2b48291a1f581e4
#9 preparing build cache for export done
#9 DONE 0.0s
------
 > importing cache manifest from gcr.io/fuzzbench/builders/afl/ibmswtpm2_fuzzer-intermediate:
------
#1 [internal] load build definition from Dockerfile
#1 sha256:9238a05e5ca52403e5cbbe4ab76948cb54f19d82605d97603c22f81133f40603
#1 transferring dockerfile: 2.00kB done
#1 DONE 0.0s

#2 [internal] load .dockerignore
#2 sha256:7a1ea803c3607b955c777d66726531825cfb4aadefb6c957424a9dbb4bfb89b6
#2 transferring context: 34B done
#2 DONE 0.1s

#3 [internal] load metadata for docker.io/library/ubuntu:xenial
#3 sha256:f62bae18ed588840f045c881b2502661f2a89578a2f8f99b83f5200ee83dd25b
#3 DONE 0.0s

#4 [1/7] FROM docker.io/library/ubuntu:xenial
#4 sha256:14dd403f25ae9e519bd44f27dc17af7ce80f5a4f9f48ca88108364e67ec5d360
#4 DONE 0.0s

#12 importing cache manifest from gcr.io/fuzzbench/base-image
#12 sha256:9b220ebb4d4daceed1b96df9b6dca076e762f1cd612574f010b82d5b9e5ad896
#12 DONE 0.0s

#7 [internal] load build context
#7 sha256:ab12324aa5702250c75413ef3437c742dc8600f1d0eae26304b60455e9caa158
#7 transferring context: 559B 0.0s done
#7 DONE 0.1s

#10 [6/7] RUN apt-get update -y && apt-get install -y     apt-transport-https     lsb-release
#10 sha256:afdafc91e8d25ca475d1ebea8342b4f62cb391cf8997815590ddf746ab0014c5
#10 CACHED

#8 [4/7] COPY ./requirements.txt /
#8 sha256:a9445f8a4ea3f2336f295723af88e377da3f4b2a3965b74aec353daf1bba5960
#8 CACHED

#6 [3/7] RUN cd /tmp/ &&     curl -O https://www.python.org/ftp/python/3.8.6/Python-3.8.6.tar.xz &&     tar -xvf Python-3.8.6.tar.xz &&     cd Python-3.8.6 &&     ./configure --enable-loadable-sqlite-extensions --enable-optimizations &&     make -j install &&     rm -r /tmp/Python-3.8.6.tar.xz /tmp/Python-3.8.6
#6 sha256:c5b9d1fb3371e84dbc60b76e7b2f8d5913bc93bcd4910ab65daa03e7b2ec4bb0
#6 CACHED

#9 [5/7] RUN pip3 install -r /requirements.txt
#9 sha256:0f8c5df135b3c1b49d3a58ce36e0eb7a6e6bb2601c0845c26f6ebe9f715b0462
#9 CACHED

#5 [2/7] RUN apt-get update -y && apt-get install -y     build-essential     rsync     curl     zlib1g-dev     libncurses5-dev     libgdbm-dev     libnss3-dev     libssl-dev     libreadline-dev     libffi-dev     virtualenv     libbz2-dev     liblzma-dev     libsqlite3-dev
#5 sha256:3a1b0960f17eed529eaae93dc8fd3554f2743dd584d8fa569cdbe6bc734371ac
#5 CACHED

#11 [7/7] RUN CLOUD_SDK_REPO="cloud-sdk-$(lsb_release -c -s)" &&     echo "deb https://packages.cloud.google.com/apt $CLOUD_SDK_REPO main"     | tee -a /etc/apt/sources.list.d/google-cloud-sdk.list &&     curl https://packages.cloud.google.com/apt/doc/apt-key.gpg     | apt-key add - &&     apt-get update -y &&     apt-get install -y google-cloud-sdk
#11 sha256:9555aa384f06f97a24e4f5b628c179fdff33dc06724a09c41f9eab27aecf5ec1
#11 CACHED

#13 exporting to image
#13 sha256:e8c613e07b0b7ff33893b694f7759a10d42e180f2b4dc349fb57dc6b71dcab00
#13 exporting layers done
#13 writing image sha256:3e04b5fd0a277df2bc5cd3367dbf9178b152077681f3e4447621291a56e5d56f
#13 writing image sha256:3e04b5fd0a277df2bc5cd3367dbf9178b152077681f3e4447621291a56e5d56f done
#13 naming to gcr.io/fuzzbench/base-image done
#13 DONE 0.0s

#14 exporting cache
#14 sha256:2700d4ef94dee473593c5c614b55b2dedcca7893909811a8f2b48291a1f581e4
#14 preparing build cache for export done
#14 DONE 0.0s
#1 [internal] load build definition from Dockerfile
#1 sha256:1a35b69f2f9efad8b4d937f4978056d9b0e60bc20ab09ab801f5e168b1d79d72
#1 transferring dockerfile: 2.22kB done
#1 DONE 0.0s

#2 [internal] load .dockerignore
#2 sha256:ac6a9b769e5fa84c51154a56d0027c19c0c0a3152795b437da9ea1dd59bfd2f9
#2 transferring context: 34B 0.0s done
#2 DONE 0.0s

#4 [internal] load metadata for gcr.io/fuzzbench/base-image:latest
#4 sha256:932022888f650cc455b10eb5123bb08c0cccacac29a693e69314abbfd28a72c3
#4 DONE 0.0s

#7 [base-image 1/1] FROM gcr.io/fuzzbench/base-image
#7 sha256:4d07825694520f8b6f6a0d8592dbd345433361ae044cb7f06706c5a95e3daaad
#7 CACHED

#3 [internal] load metadata for gcr.io/fuzzbench/builders/afl/ibmswtpm2_fuzzer-intermediate:latest
#3 sha256:4293a8dbd911609ab625347f05750123270feda5ffc97cb959f03886cbee0404
#3 DONE 0.0s

#12 [internal] load build context
#12 sha256:4081521e52a3e0cc40a298895fe9671d0b86de0062da3a5f991817bfc828ba0a
#12 DONE 0.0s

#6 [stage-1  1/13] FROM gcr.io/fuzzbench/builders/afl/ibmswtpm2_fuzzer-intermediate
#6 sha256:01b6da94182f8db7af92b42cb177084dcca51d8e770a9fdcfbbdaf3a33bfa0b6
#6 DONE 0.0s

#5 importing cache manifest from gcr.io/fuzzbench/builders/afl/ibmswtpm2_fuzzer
#5 sha256:70ccb2d646b15a9cc05194d6bb3a541ffc7d83886e106ee8fcb6389a55c3d221
#5 ERROR: gcr.io/fuzzbench/builders/afl/ibmswtpm2_fuzzer:latest: not found

#12 [internal] load build context
#12 sha256:4081521e52a3e0cc40a298895fe9671d0b86de0062da3a5f991817bfc828ba0a
#12 transferring context: 669.87kB 0.1s done
#12 DONE 0.1s

#6 [stage-1  1/13] FROM gcr.io/fuzzbench/builders/afl/ibmswtpm2_fuzzer-intermediate
#6 sha256:01b6da94182f8db7af92b42cb177084dcca51d8e770a9fdcfbbdaf3a33bfa0b6
#6 DONE 0.3s

#8 [stage-1  2/13] COPY --from=base-image /usr/local/bin/python3* /usr/local/bin/
#8 sha256:617e7fa1ae62bb981325643e14fc86e17fef325bdfe5e5580bc6da81694bf5d0
#8 DONE 0.4s

#9 [stage-1  3/13] COPY --from=base-image /usr/local/lib/python3.8 /usr/local/lib/python3.8
#9 sha256:601734ef2f10760298fd82c798bf4eeda6070767c0db2b36aade156e4c88617a
#9 DONE 45.8s

#10 [stage-1  4/13] COPY --from=base-image /usr/local/include/python3.8 /usr/local/include/python3.8
#10 sha256:75411680ba267fbe55b49ccc52e0afdce6cb7f607b7d33dd19d8deb97f281d32
#10 DONE 1.7s

#11 [stage-1  5/13] COPY --from=base-image /usr/local/lib/python3.8/site-packages /usr/local/lib/python3.8/site-packages
#11 sha256:d3a38b36e1b975ac999f680863a278ca6b259d43a5cb576c445f1744fade94e9
------
 > importing cache manifest from gcr.io/fuzzbench/builders/afl/ibmswtpm2_fuzzer:
------
unexpected EOF
make: *** [docker/generated.mk:2680959: .afl-ibmswtpm2_fuzzer-builder] Error 1
/bin/sh: 1: source: not found
#1 [internal] load build definition from Dockerfile
#1 sha256:3c1a738640d91f97a1e8c0ff6f11214e652a0bc64aaa9bd81f2ac11f091e9eaa
#1 transferring dockerfile: 32B done
#1 DONE 0.0s

#2 [internal] load .dockerignore
#2 sha256:8a511d9e2ba81c2848c907919ace44dbb6657d358ab0c8bed98973d8ba77a81d
#2 transferring context: 2B done
#2 DONE 0.0s

#3 [internal] load metadata for gcr.io/oss-fuzz-base/base-builder:latest
#3 sha256:f10dc39cc9d418a5bc416dead31a1902b6821fdae909cd3b08f7a3fd1faba7b5
#3 DONE 0.6s

#5 [1/8] FROM gcr.io/oss-fuzz-base/base-builder@sha256:f4e5ea12494fab091c5d830cf803b3421f2860f729b9d1b07da44924396cf8cf
#5 sha256:ef290950573a2779ee526af357b28fbddfc20d7409aa51f58f777c9e972cba29
#5 DONE 0.0s

#4 importing cache manifest from gcr.io/fuzzbench/builders/benchmark/ibmswtpm2_fuzzer
#4 sha256:305d6b208c70365879003357b579084aba22412e11583a39d7ac0faa3db182a7
#4 DONE 0.0s

#9 [internal] load build context
#9 sha256:f2a5db0c1f6c84f7dc459169f8bb92abb069beca3c5cf20e49026671524afb62
#9 transferring context: 94B done
#9 DONE 0.0s

#6 [2/8] RUN apt-get update && apt-get install -y make autoconf automake libtool libssl-dev curl tar g++
#6 sha256:9a6dc14d6f3bba7fed32add56c117e4df20065c541861334aead2685c69dc9b3
#6 CACHED

#11 [6/8] COPY fuzzer.cc ./
#11 sha256:b06b8ef9c61cfa99eeffedf30c100c25e87243e832356c9d48a991e277ec7a52
#11 CACHED

#7 [3/8] RUN mkdir ibmswtpm2 &&   cd ibmswtpm2 &&   curl -sSL "https://downloads.sourceforge.net/project/ibmswtpm2/ibmtpm1332.tar.gz" | tar xvz
#7 sha256:1a5463ba3c72abff8ecd50ee9c561410ba2a0be25dfcf990374dad90a8300a96
#7 CACHED

#8 [4/8] WORKDIR ibmswtpm2/src
#8 sha256:d7479ce0f23e9145d4511d315d621eb1dc8cde0f6725d66a82f0b2b9d8da115f
#8 CACHED

#12 [7/8] COPY no_writes.patch /src/
#12 sha256:ae843b0df2cc25411b0d0bc3ff06eeaefe6aad7688a00d63f4da8e2930bbbe56
#12 CACHED

#10 [5/8] COPY build.sh /src/
#10 sha256:c91c20a098b870ae3f0f1ef2aff0f3deb8bb31149bf260e69dc5ec3111f2f3c8
#10 CACHED

#13 [8/8] RUN patch -p1 < /src/no_writes.patch
#13 sha256:f66ba85a8aa6e24a088c60170eab3fa8b2120a9baf232cb9aebfd1ea75fd92dd
#13 CACHED

#14 exporting to image
#14 sha256:e8c613e07b0b7ff33893b694f7759a10d42e180f2b4dc349fb57dc6b71dcab00
#14 exporting layers done
#14 writing image sha256:d3473b75c8d470caebdee0f7b2667e5a0270e76f4ff0a76a6c869aaa4e8762ed 0.0s done
#14 naming to gcr.io/fuzzbench/builders/benchmark/ibmswtpm2_fuzzer done
#14 DONE 0.2s

#15 exporting cache
#15 sha256:2700d4ef94dee473593c5c614b55b2dedcca7893909811a8f2b48291a1f581e4
#15 preparing build cache for export done
#15 DONE 0.0s
#1 [internal] load build definition from builder.Dockerfile
#1 sha256:b5014c907ed9f513e35e26f188846ba0870f7c50575a04afe14a5781c0893185
#1 transferring dockerfile: 46B done
#1 DONE 0.1s

#2 [internal] load .dockerignore
#2 sha256:7417c4297799b4a5b0c76d484d7e4b91487b4ea1c5a40dd5e597a56a8235229f
#2 transferring context: 2B done
#2 DONE 0.1s

#3 [internal] load metadata for gcr.io/fuzzbench/builders/benchmark/ibmswtpm2_fuzzer:latest
#3 sha256:457c21c2f8f732bc21b37598c35c49b150b476f42cc9b95079c333ef7d23a0e0
#3 DONE 0.0s

#5 [1/3] FROM gcr.io/fuzzbench/builders/benchmark/ibmswtpm2_fuzzer
#5 sha256:5e0f0cfe53e233c0b40e49686763d300ef2e61273736e0cdff9b6d9ffb2dccef
#5 DONE 0.0s

#4 importing cache manifest from gcr.io/fuzzbench/builders/afl/ibmswtpm2_fuzzer-intermediate
#4 sha256:55b7f1e260a1bcab1a74663b6c88ee4ef3ab9bc49e5796d5228a20e1ba2b2f8d
#4 DONE 0.0s

#6 [2/3] RUN git clone https://github.com/google/AFL.git /afl &&     cd /afl &&     git checkout 61037103ae3722c8060ff7082994836a794f978e &&     AFL_NO_X86=1 make
#6 sha256:52034e01b2ff67f14515f030b11b49d2de15306bb9950ea4e354e846269e4994
#6 CACHED

#7 [3/3] RUN apt-get update &&     apt-get install wget -y &&     wget https://raw.githubusercontent.com/llvm/llvm-project/5feb80e748924606531ba28c97fe65145c65372e/compiler-rt/lib/fuzzer/afl/afl_driver.cpp -O /afl/afl_driver.cpp &&     clang -Wno-pointer-sign -c /afl/llvm_mode/afl-llvm-rt.o.c -I/afl &&     clang++ -stdlib=libc++ -std=c++11 -O2 -c /afl/afl_driver.cpp &&     ar r /libAFL.a *.o
#7 sha256:1110fad3b57553e6265c879fe935dff0bd3f7691d62c6d0131ab2ad4c860a50c
#7 CACHED

#8 exporting to image
#8 sha256:e8c613e07b0b7ff33893b694f7759a10d42e180f2b4dc349fb57dc6b71dcab00
#8 exporting layers done
#8 writing image sha256:9504b7cb194c1653a3b39b199d661e64b197478b32b03e38efc9b72493ef6075 done
#8 naming to gcr.io/fuzzbench/builders/afl/ibmswtpm2_fuzzer-intermediate done
#8 DONE 0.2s

#9 exporting cache
#9 sha256:2700d4ef94dee473593c5c614b55b2dedcca7893909811a8f2b48291a1f581e4
#9 preparing build cache for export done
#9 DONE 0.0s
#2 [internal] load .dockerignore
#2 sha256:f37f3e9b784cb727c09f680bd3a726b7bd626708ff1a93e92d7030f4ac8a0de5
#2 transferring context: 34B done
#2 DONE 0.5s

#1 [internal] load build definition from Dockerfile
#1 sha256:0e841e377c7b2aa0cc6c4b44e44151736527aad8db0c903736fb59699f804b60
#1 transferring dockerfile: 2.00kB done
#1 DONE 0.5s

#3 [internal] load metadata for docker.io/library/ubuntu:xenial
#3 sha256:f62bae18ed588840f045c881b2502661f2a89578a2f8f99b83f5200ee83dd25b
#3 DONE 0.0s

#5 [1/7] FROM docker.io/library/ubuntu:xenial
#5 sha256:14dd403f25ae9e519bd44f27dc17af7ce80f5a4f9f48ca88108364e67ec5d360
#5 DONE 0.0s

#4 importing cache manifest from gcr.io/fuzzbench/base-image
#4 sha256:9b220ebb4d4daceed1b96df9b6dca076e762f1cd612574f010b82d5b9e5ad896
#4 DONE 0.0s

#8 [internal] load build context
#8 sha256:a9937fcb6e736524acfcb3a974d62bc7a6a9da988112f3832ea7f1a224d49f48
#8 transferring context: 559B 0.0s done
#8 DONE 0.1s

#9 [4/7] COPY ./requirements.txt /
#9 sha256:f83639354f08b192942ce4962802054d61f9648b4d69876a7657873cc38d486b
#9 CACHED

#10 [5/7] RUN pip3 install -r /requirements.txt
#10 sha256:49b33650a09791efc2d8b922899905848a42cf60a54a4edeb4ffecf70ec7fa5a
#10 CACHED

#11 [6/7] RUN apt-get update -y && apt-get install -y     apt-transport-https     lsb-release
#11 sha256:b41ee55ce8c9b6e86d1bc1f5a516069cef39d6f184295f52cc514a32ce0fb127
#11 CACHED

#6 [2/7] RUN apt-get update -y && apt-get install -y     build-essential     rsync     curl     zlib1g-dev     libncurses5-dev     libgdbm-dev     libnss3-dev     libssl-dev     libreadline-dev     libffi-dev     virtualenv     libbz2-dev     liblzma-dev     libsqlite3-dev
#6 sha256:3a1b0960f17eed529eaae93dc8fd3554f2743dd584d8fa569cdbe6bc734371ac
#6 CACHED

#7 [3/7] RUN cd /tmp/ &&     curl -O https://www.python.org/ftp/python/3.8.6/Python-3.8.6.tar.xz &&     tar -xvf Python-3.8.6.tar.xz &&     cd Python-3.8.6 &&     ./configure --enable-loadable-sqlite-extensions --enable-optimizations &&     make -j install &&     rm -r /tmp/Python-3.8.6.tar.xz /tmp/Python-3.8.6
#7 sha256:c5b9d1fb3371e84dbc60b76e7b2f8d5913bc93bcd4910ab65daa03e7b2ec4bb0
#7 CACHED

#12 [7/7] RUN CLOUD_SDK_REPO="cloud-sdk-$(lsb_release -c -s)" &&     echo "deb https://packages.cloud.google.com/apt $CLOUD_SDK_REPO main"     | tee -a /etc/apt/sources.list.d/google-cloud-sdk.list &&     curl https://packages.cloud.google.com/apt/doc/apt-key.gpg     | apt-key add - &&     apt-get update -y &&     apt-get install -y google-cloud-sdk
#12 sha256:44fa16e5effc69fa9d4eb62fcaf39a93ee031c4535928b9c344ad86883527e2c
#12 CACHED

#13 exporting to image
#13 sha256:e8c613e07b0b7ff33893b694f7759a10d42e180f2b4dc349fb57dc6b71dcab00
#13 exporting layers done
#13 writing image sha256:3e04b5fd0a277df2bc5cd3367dbf9178b152077681f3e4447621291a56e5d56f
#13 writing image sha256:3e04b5fd0a277df2bc5cd3367dbf9178b152077681f3e4447621291a56e5d56f 0.0s done
#13 naming to gcr.io/fuzzbench/base-image done
#13 DONE 0.1s

#14 exporting cache
#14 sha256:2700d4ef94dee473593c5c614b55b2dedcca7893909811a8f2b48291a1f581e4
#14 preparing build cache for export done
#14 DONE 0.0s
#1 [internal] load build definition from Dockerfile
#1 sha256:0087d2d5fa585a9253fc6a1baae009feaf7d53a379396d38a79e0055a92b9120
#1 transferring dockerfile: 2.22kB done
#1 DONE 0.1s

#2 [internal] load .dockerignore
#2 sha256:ac9bd0c115a4fe10a1fe7aeee985a6b362e4c7a5b1a7077034cfeda32cbf4d1f
#2 transferring context: 34B done
#2 DONE 0.1s

#4 [internal] load metadata for gcr.io/fuzzbench/base-image:latest
#4 sha256:932022888f650cc455b10eb5123bb08c0cccacac29a693e69314abbfd28a72c3
#4 DONE 0.0s

#3 [internal] load metadata for gcr.io/fuzzbench/builders/afl/ibmswtpm2_fuzzer-intermediate:latest
#3 sha256:4293a8dbd911609ab625347f05750123270feda5ffc97cb959f03886cbee0404
#3 DONE 0.0s

#12 [internal] load build context
#12 sha256:5376c3512c67516641aeef800b53878377bdf80d52a7b43b143c7c03cad8b5ab
#12 DONE 0.0s

#7 [base-image 1/1] FROM gcr.io/fuzzbench/base-image
#7 sha256:4d07825694520f8b6f6a0d8592dbd345433361ae044cb7f06706c5a95e3daaad
#7 DONE 0.0s

#6 [stage-1  1/13] FROM gcr.io/fuzzbench/builders/afl/ibmswtpm2_fuzzer-intermediate
#6 sha256:01b6da94182f8db7af92b42cb177084dcca51d8e770a9fdcfbbdaf3a33bfa0b6
#6 DONE 0.0s

#5 importing cache manifest from gcr.io/fuzzbench/builders/afl/ibmswtpm2_fuzzer
#5 sha256:70ccb2d646b15a9cc05194d6bb3a541ffc7d83886e106ee8fcb6389a55c3d221
#5 ERROR: gcr.io/fuzzbench/builders/afl/ibmswtpm2_fuzzer:latest: not found

#8 [stage-1  2/13] COPY --from=base-image /usr/local/bin/python3* /usr/local/bin/
#8 sha256:617e7fa1ae62bb981325643e14fc86e17fef325bdfe5e5580bc6da81694bf5d0
#8 CACHED

#9 [stage-1  3/13] COPY --from=base-image /usr/local/lib/python3.8 /usr/local/lib/python3.8
#9 sha256:601734ef2f10760298fd82c798bf4eeda6070767c0db2b36aade156e4c88617a
#9 CACHED

#7 [base-image 1/1] FROM gcr.io/fuzzbench/base-image
#7 sha256:4d07825694520f8b6f6a0d8592dbd345433361ae044cb7f06706c5a95e3daaad
#7 CACHED

#10 [stage-1  4/13] COPY --from=base-image /usr/local/include/python3.8 /usr/local/include/python3.8
#10 sha256:75411680ba267fbe55b49ccc52e0afdce6cb7f607b7d33dd19d8deb97f281d32
#10 CACHED

#12 [internal] load build context
#12 sha256:5376c3512c67516641aeef800b53878377bdf80d52a7b43b143c7c03cad8b5ab
#12 transferring context: 669.87kB 0.1s done
#12 DONE 0.2s

#11 [stage-1  5/13] COPY --from=base-image /usr/local/lib/python3.8/site-packages /usr/local/lib/python3.8/site-packages
#11 sha256:d3a38b36e1b975ac999f680863a278ca6b259d43a5cb576c445f1744fade94e9
#11 DONE 35.5s

#13 [stage-1  6/13] COPY fuzzers /src/fuzzers
#13 sha256:5234263a1a5c0e482dec23969f5fa793af3216eb8bec7642300b1ab7a25d960a
#13 DONE 0.5s

#14 [stage-1  7/13] RUN touch /src/__init__.py
#14 sha256:0a7db373963a9cc1a81694e72e858f3c00e758cb4d4a24b817634e476db1eb3a
#14 DONE 1.9s

#15 [stage-1  8/13] COPY benchmarks/ibmswtpm2_fuzzer/benchmark.yaml /
#15 sha256:194f1fec498e7557d1b977b1b6cd31fb0d11eaebe0d88e408d3cd3c8d2859c50
#15 DONE 0.4s

#16 [stage-1  9/13] RUN mkdir /opt/fuzzbench/
#16 sha256:309f0443b5d4912b823c49f8134177946d8b3fdc5de8022404ca9f547813a5f6
#16 DONE 0.7s

#17 [stage-1 10/13] COPY docker/benchmark-builder/checkout_commit.py /opt/fuzzbench/
#17 sha256:45e286f1a7bb3321dbc890ad4d6cbe572e33a08d5ce4551d996795c28fb304c7
#17 DONE 0.3s

#18 [stage-1 11/13] RUN export CHECKOUT_COMMIT=$(cat /benchmark.yaml | tr -d ' ' | grep 'commit:' | cut -d ':' -f2) &&     python3 -u /opt/fuzzbench/checkout_commit.py $CHECKOUT_COMMIT /src
#18 sha256:9d774c9bdcc877609623733d08a2d132d0e0753ecb27e2f841cbaa09a722f604
#18 0.773 Checking out commit 71f4914c
#18 0.787 error: pathspec '71f4914c' did not match any file(s) known to git
#18 0.795 error: pathspec '71f4914c' did not match any file(s) known to git
#18 0.914 Checkout unsuccessful.
#18 DONE 2.5s

#19 [stage-1 12/13] RUN echo "#!/bin/bash\nPYTHONPATH=/src python3 -u -c "from fuzzers import utils; utils.initialize_env(); from fuzzers.afl import fuzzer; fuzzer.build()"" > /usr/bin/fuzzer_build &&     chmod +x /usr/bin/fuzzer_build
#19 sha256:9189be78c2bfa0c6c934792cc2581125e47d1c51ec60b551fdd94c36120cecb7
#19 DONE 0.9s

#20 [stage-1 13/13] RUN echo "Run fuzzer_build to build the target" && if [ -z "$debug_builder" ] ; then fuzzer_build; fi
#20 sha256:6ab204a7103a50b73ec3cd1e2448815081551ac6cec09e0b28f0b0412120c686
#20 0.581 Run fuzzer_build to build the target
#20 0.763 FUZZ_TARGET = fuzzer
#20 0.763 CFLAGS = -DFUZZING_BUILD_MODE_UNSAFE_FOR_PRODUCTION -pthread -Wl,--no-as-needed -Wl,-ldl -Wl,-lm -Wno-unused-command-line-argument -O3
#20 0.763 CXXFLAGS = -DFUZZING_BUILD_MODE_UNSAFE_FOR_PRODUCTION -pthread -Wl,--no-as-needed -Wl,-ldl -Wl,-lm -Wno-unused-command-line-argument -stdlib=libc++ -O3
#20 0.773 Building benchmark ibmswtpm2_fuzzer with fuzzer afl
#20 0.778 ++ nproc
#20 0.786 + make -j8 fuzz_tpm_server
#20 0.807 clang -DFUZZING_BUILD_MODE_UNSAFE_FOR_PRODUCTION -pthread -Wl,--no-as-needed -Wl,-ldl -Wl,-lm -Wno-unused-command-line-argument -O3 -fsanitize-coverage=trace-pc-guard -Wall -Wmissing-declarations -Wmissing-prototypes -Wnested-externs -Wsign-compare -c -ggdb -O0 -DTPM_POSIX -DIS_POSIX -DTPM_NUVOTON -I../utils -I. -DFUZZING_BUILD_MODE_UNSAFE_FOR_PRODUCTION -DUSE_BIT_FIELD_STRUCTURES=NO AlgorithmCap.c -o AlgorithmCap.o
#20 0.832 clang -DFUZZING_BUILD_MODE_UNSAFE_FOR_PRODUCTION -pthread -Wl,--no-as-needed -Wl,-ldl -Wl,-lm -Wno-unused-command-line-argument -O3 -fsanitize-coverage=trace-pc-guard -Wall -Wmissing-declarations -Wmissing-prototypes -Wnested-externs -Wsign-compare -c -ggdb -O0 -DTPM_POSIX -DIS_POSIX -DTPM_NUVOTON -I../utils -I. -DFUZZING_BUILD_MODE_UNSAFE_FOR_PRODUCTION -DUSE_BIT_FIELD_STRUCTURES=NO AlgorithmTests.c -o AlgorithmTests.o
#20 0.833 clang -DFUZZING_BUILD_MODE_UNSAFE_FOR_PRODUCTION -pthread -Wl,--no-as-needed -Wl,-ldl -Wl,-lm -Wno-unused-command-line-argument -O3 -fsanitize-coverage=trace-pc-guard -Wall -Wmissing-declarations -Wmissing-prototypes -Wnested-externs -Wsign-compare -c -ggdb -O0 -DTPM_POSIX -DIS_POSIX -DTPM_NUVOTON -I../utils -I. -DFUZZING_BUILD_MODE_UNSAFE_FOR_PRODUCTION -DUSE_BIT_FIELD_STRUCTURES=NO AsymmetricCommands.c -o AsymmetricCommands.o
#20 0.834 clang -DFUZZING_BUILD_MODE_UNSAFE_FOR_PRODUCTION -pthread -Wl,--no-as-needed -Wl,-ldl -Wl,-lm -Wno-unused-command-line-argument -O3 -fsanitize-coverage=trace-pc-guard -Wall -Wmissing-declarations -Wmissing-prototypes -Wnested-externs -Wsign-compare -c -ggdb -O0 -DTPM_POSIX -DIS_POSIX -DTPM_NUVOTON -I../utils -I. -DFUZZING_BUILD_MODE_UNSAFE_FOR_PRODUCTION -DUSE_BIT_FIELD_STRUCTURES=NO Attest_spt.c -o Attest_spt.o
#20 0.834 clang -DFUZZING_BUILD_MODE_UNSAFE_FOR_PRODUCTION -pthread -Wl,--no-as-needed -Wl,-ldl -Wl,-lm -Wno-unused-command-line-argument -O3 -fsanitize-coverage=trace-pc-guard -Wall -Wmissing-declarations -Wmissing-prototypes -Wnested-externs -Wsign-compare -c -ggdb -O0 -DTPM_POSIX -DIS_POSIX -DTPM_NUVOTON -I../utils -I. -DFUZZING_BUILD_MODE_UNSAFE_FOR_PRODUCTION -DUSE_BIT_FIELD_STRUCTURES=NO AttestationCommands.c -o AttestationCommands.o
#20 0.835 clang -DFUZZING_BUILD_MODE_UNSAFE_FOR_PRODUCTION -pthread -Wl,--no-as-needed -Wl,-ldl -Wl,-lm -Wno-unused-command-line-argument -O3 -fsanitize-coverage=trace-pc-guard -Wall -Wmissing-declarations -Wmissing-prototypes -Wnested-externs -Wsign-compare -c -ggdb -O0 -DTPM_POSIX -DIS_POSIX -DTPM_NUVOTON -I../utils -I. -DFUZZING_BUILD_MODE_UNSAFE_FOR_PRODUCTION -DUSE_BIT_FIELD_STRUCTURES=NO AuditCommands.c -o AuditCommands.o
#20 0.836 clang -DFUZZING_BUILD_MODE_UNSAFE_FOR_PRODUCTION -pthread -Wl,--no-as-needed -Wl,-ldl -Wl,-lm -Wno-unused-command-line-argument -O3 -fsanitize-coverage=trace-pc-guard -Wall -Wmissing-declarations -Wmissing-prototypes -Wnested-externs -Wsign-compare -c -ggdb -O0 -DTPM_POSIX -DIS_POSIX -DTPM_NUVOTON -I../utils -I. -DFUZZING_BUILD_MODE_UNSAFE_FOR_PRODUCTION -DUSE_BIT_FIELD_STRUCTURES=NO Bits.c -o Bits.o
#20 0.836 clang -DFUZZING_BUILD_MODE_UNSAFE_FOR_PRODUCTION -pthread -Wl,--no-as-needed -Wl,-ldl -Wl,-lm -Wno-unused-command-line-argument -O3 -fsanitize-coverage=trace-pc-guard -Wall -Wmissing-declarations -Wmissing-prototypes -Wnested-externs -Wsign-compare -c -ggdb -O0 -DTPM_POSIX -DIS_POSIX -DTPM_NUVOTON -I../utils -I. -DFUZZING_BUILD_MODE_UNSAFE_FOR_PRODUCTION -DUSE_BIT_FIELD_STRUCTURES=NO BnConvert.c -o BnConvert.o
#20 2.469 In file included from AttestationCommands.c:62:
#20 2.469 In file included from ./Tpm.h:71:
#20 2.469 In file included from ./Global.h:84:
#20 2.469 ./CryptHash.h:129:5: warning: macro expansion producing 'defined' has undefined behavior [-Wexpansion-to-defined]
#20 2.469 #if SMAC_IMPLEMENTED
#20 2.469     ^
#20 2.469 ./CryptHash.h:93:27: note: expanded from macro 'SMAC_IMPLEMENTED'
#20 2.469 #define SMAC_IMPLEMENTED (defined TPM_CC_MAC || defined TPM_CC_MAC_Start)
#20 2.469                           ^
#20 2.469 ./CryptHash.h:129:5: warning: macro expansion producing 'defined' has undefined behavior [-Wexpansion-to-defined]
#20 2.469 ./CryptHash.h:93:49: note: expanded from macro 'SMAC_IMPLEMENTED'
#20 2.469 #define SMAC_IMPLEMENTED (defined TPM_CC_MAC || defined TPM_CC_MAC_Start)
#20 2.469                                                 ^
#20 2.472 In file included from Attest_spt.c:62:
#20 2.473 In file included from ./Tpm.h:71:
#20 2.473 In file included from ./Global.h:84:
#20 2.474 ./CryptHash.h:129:5: warning: macro expansion producing 'defined' has undefined behavior [-Wexpansion-to-defined]
#20 2.475 #if SMAC_IMPLEMENTED
#20 2.475     ^
#20 2.475 ./CryptHash.h:93:27: note: expanded from macro 'SMAC_IMPLEMENTED'
#20 2.475 #define SMAC_IMPLEMENTED (defined TPM_CC_MAC || defined TPM_CC_MAC_Start)
#20 2.475                           ^
#20 2.475 ./CryptHash.h:129:5: warning: macro expansion producing 'defined' has undefined behavior [-Wexpansion-to-defined]
#20 2.475 ./CryptHash.h:93:49: note: expanded from macro 'SMAC_IMPLEMENTED'
#20 2.475 #define SMAC_IMPLEMENTED (defined TPM_CC_MAC || defined TPM_CC_MAC_Start)
#20 2.475                                                 ^
#20 2.476 In file included from AlgorithmTests.c:66:
#20 2.476 In file included from ./Tpm.h:71:
#20 2.476 In file included from ./Global.h:84:
#20 2.476 ./CryptHash.h:129:5: warning: macro expansion producing 'defined' has undefined behavior [-Wexpansion-to-defined]
#20 2.477 #if SMAC_IMPLEMENTED
#20 2.477     ^
#20 2.477 ./CryptHash.h:93:27: note: expanded from macro 'SMAC_IMPLEMENTED'
#20 2.477 #define SMAC_IMPLEMENTED (defined TPM_CC_MAC || defined TPM_CC_MAC_Start)
#20 2.477                           ^
#20 2.477 ./CryptHash.h:129:5: warning: macro expansion producing 'defined' has undefined behavior [-Wexpansion-to-defined]
#20 2.478 ./CryptHash.h:93:49: note: expanded from macro 'SMAC_IMPLEMENTED'
#20 2.478 #define SMAC_IMPLEMENTED (defined TPM_CC_MAC || defined TPM_CC_MAC_Start)
#20 2.478                                                 ^
#20 2.481 In file included from AlgorithmCap.c:67:
#20 2.481 In file included from ./Tpm.h:71:
#20 2.481 In file included from ./Global.h:84:
#20 2.481 ./CryptHash.h:129:5: warning: macro expansion producing 'defined' has undefined behavior [-Wexpansion-to-defined]
#20 2.481 #if SMAC_IMPLEMENTED
#20 2.481     ^
#20 2.481 ./CryptHash.h:93:27: note: expanded from macro 'SMAC_IMPLEMENTED'
#20 2.482 #define SMAC_IMPLEMENTED (defined TPM_CC_MAC || defined TPM_CC_MAC_Start)
#20 2.482                           ^
#20 2.482 ./CryptHash.h:129:5: warning: macro expansion producing 'defined' has undefined behavior [-Wexpansion-to-defined]
#20 2.482 ./CryptHash.h:93:49: note: expanded from macro 'SMAC_IMPLEMENTED'
#20 2.482 #define SMAC_IMPLEMENTED (defined TPM_CC_MAC || defined TPM_CC_MAC_Start)
#20 2.482                                                 ^
#20 2.536 In file included from AsymmetricCommands.c:62:
#20 2.536 In file included from ./Tpm.h:71:
#20 2.536 In file included from ./Global.h:84:
#20 2.536 ./CryptHash.h:129:5: warning: macro expansion producing 'defined' has undefined behavior [-Wexpansion-to-defined]
#20 2.536 #if SMAC_IMPLEMENTED
#20 2.536     ^
#20 2.536 ./CryptHash.h:93:27: note: expanded from macro 'SMAC_IMPLEMENTED'
#20 2.536 #define SMAC_IMPLEMENTED (defined TPM_CC_MAC || defined TPM_CC_MAC_Start)
#20 2.536                           ^
#20 2.536 ./CryptHash.h:129:5: warning: macro expansion producing 'defined' has undefined behavior [-Wexpansion-to-defined]
#20 2.536 ./CryptHash.h:93:49: note: expanded from macro 'SMAC_IMPLEMENTED'
#20 2.536 #define SMAC_IMPLEMENTED (defined TPM_CC_MAC || defined TPM_CC_MAC_Start)
#20 2.536                                                 ^
#20 2.595 In file included from AuditCommands.c:62:
#20 2.600 In file included from ./Tpm.h:71:
#20 2.600 In file included from ./Global.h:84:
#20 2.600 ./CryptHash.h:129:5: warning: macro expansion producing 'defined' has undefined behavior [-Wexpansion-to-defined]
#20 2.600 #if SMAC_IMPLEMENTED
#20 2.600     ^
#20 2.600 ./CryptHash.h:93:27: note: expanded from macro 'SMAC_IMPLEMENTED'
#20 2.600 #define SMAC_IMPLEMENTED (defined TPM_CC_MAC || defined TPM_CC_MAC_Start)
#20 2.600                           ^
#20 2.600 ./CryptHash.h:129:5: warning: macro expansion producing 'defined' has undefined behavior [-Wexpansion-to-defined]
#20 2.600 ./CryptHash.h:93:49: note: expanded from macro 'SMAC_IMPLEMENTED'
#20 2.600 #define SMAC_IMPLEMENTED (defined TPM_CC_MAC || defined TPM_CC_MAC_Start)
#20 2.600                                                 ^
#20 2.639 In file included from Bits.c:69:
#20 2.639 In file included from ./Tpm.h:71:
#20 2.639 In file included from ./Global.h:84:
#20 2.639 ./CryptHash.h:129:5: warning: macro expansion producing 'defined' has undefined behavior [-Wexpansion-to-defined]
#20 2.639 #if SMAC_IMPLEMENTED
#20 2.639     ^
#20 2.639 ./CryptHash.h:93:27: note: expanded from macro 'SMAC_IMPLEMENTED'
#20 2.639 #define SMAC_IMPLEMENTED (defined TPM_CC_MAC || defined TPM_CC_MAC_Start)
#20 2.639                           ^
#20 2.639 ./CryptHash.h:129:5: warning: macro expansion producing 'defined' has undefined behavior [-Wexpansion-to-defined]
#20 2.639 ./CryptHash.h:93:49: note: expanded from macro 'SMAC_IMPLEMENTED'
#20 2.639 #define SMAC_IMPLEMENTED (defined TPM_CC_MAC || defined TPM_CC_MAC_Start)
#20 2.639                                                 ^
#20 2.672 In file included from BnConvert.c:67:
#20 2.672 In file included from ./Tpm.h:71:
#20 2.673 In file included from ./Global.h:84:
#20 2.673 ./CryptHash.h:129:5: warning: macro expansion producing 'defined' has undefined behavior [-Wexpansion-to-defined]
#20 2.673 #if SMAC_IMPLEMENTED
#20 2.673     ^
#20 2.673 ./CryptHash.h:93:27: note: expanded from macro 'SMAC_IMPLEMENTED'
#20 2.676 #define SMAC_IMPLEMENTED (defined TPM_CC_MAC || defined TPM_CC_MAC_Start)
#20 2.676                           ^
#20 2.676 ./CryptHash.h:129:5: warning: macro expansion producing 'defined' has undefined behavior [-Wexpansion-to-defined]
#20 2.676 ./CryptHash.h:93:49: note: expanded from macro 'SMAC_IMPLEMENTED'
#20 2.676 #define SMAC_IMPLEMENTED (defined TPM_CC_MAC || defined TPM_CC_MAC_Start)
#20 2.676                                                 ^
#20 2.775 2 warnings generated.
#20 2.778 2 warnings generated.
#20 2.779 2 warnings generated.
#20 2.780 2 warnings generated.
#20 2.788 clang -DFUZZING_BUILD_MODE_UNSAFE_FOR_PRODUCTION -pthread -Wl,--no-as-needed -Wl,-ldl -Wl,-lm -Wno-unused-command-line-argument -O3 -fsanitize-coverage=trace-pc-guard -Wall -Wmissing-declarations -Wmissing-prototypes -Wnested-externs -Wsign-compare -c -ggdb -O0 -DTPM_POSIX -DIS_POSIX -DTPM_NUVOTON -I../utils -I. -DFUZZING_BUILD_MODE_UNSAFE_FOR_PRODUCTION -DUSE_BIT_FIELD_STRUCTURES=NO BnEccData.c -o BnEccData.o
#20 2.788 clang -DFUZZING_BUILD_MODE_UNSAFE_FOR_PRODUCTION -pthread -Wl,--no-as-needed -Wl,-ldl -Wl,-lm -Wno-unused-command-line-argument -O3 -fsanitize-coverage=trace-pc-guard -Wall -Wmissing-declarations -Wmissing-prototypes -Wnested-externs -Wsign-compare -c -ggdb -O0 -DTPM_POSIX -DIS_POSIX -DTPM_NUVOTON -I../utils -I. -DFUZZING_BUILD_MODE_UNSAFE_FOR_PRODUCTION -DUSE_BIT_FIELD_STRUCTURES=NO BnMath.c -o BnMath.o
#20 2.789 clang -DFUZZING_BUILD_MODE_UNSAFE_FOR_PRODUCTION -pthread -Wl,--no-as-needed -Wl,-ldl -Wl,-lm -Wno-unused-command-line-argument -O3 -fsanitize-coverage=trace-pc-guard -Wall -Wmissing-declarations -Wmissing-prototypes -Wnested-externs -Wsign-compare -c -ggdb -O0 -DTPM_POSIX -DIS_POSIX -DTPM_NUVOTON -I../utils -I. -DFUZZING_BUILD_MODE_UNSAFE_FOR_PRODUCTION -DUSE_BIT_FIELD_STRUCTURES=NO BnMemory.c -o BnMemory.o
#20 2.789 clang -DFUZZING_BUILD_MODE_UNSAFE_FOR_PRODUCTION -pthread -Wl,--no-as-needed -Wl,-ldl -Wl,-lm -Wno-unused-command-line-argument -O3 -fsanitize-coverage=trace-pc-guard -Wall -Wmissing-declarations -Wmissing-prototypes -Wnested-externs -Wsign-compare -c -ggdb -O0 -DTPM_POSIX -DIS_POSIX -DTPM_NUVOTON -I../utils -I. -DFUZZING_BUILD_MODE_UNSAFE_FOR_PRODUCTION -DUSE_BIT_FIELD_STRUCTURES=NO Cancel.c -o Cancel.o
#20 2.791 2 warnings generated.
#20 2.795 2 warnings generated.
#20 2.798 clang -DFUZZING_BUILD_MODE_UNSAFE_FOR_PRODUCTION -pthread -Wl,--no-as-needed -Wl,-ldl -Wl,-lm -Wno-unused-command-line-argument -O3 -fsanitize-coverage=trace-pc-guard -Wall -Wmissing-declarations -Wmissing-prototypes -Wnested-externs -Wsign-compare -c -ggdb -O0 -DTPM_POSIX -DIS_POSIX -DTPM_NUVOTON -I../utils -I. -DFUZZING_BUILD_MODE_UNSAFE_FOR_PRODUCTION -DUSE_BIT_FIELD_STRUCTURES=NO CapabilityCommands.c -o CapabilityCommands.o
#20 2.802 clang -DFUZZING_BUILD_MODE_UNSAFE_FOR_PRODUCTION -pthread -Wl,--no-as-needed -Wl,-ldl -Wl,-lm -Wno-unused-command-line-argument -O3 -fsanitize-coverage=trace-pc-guard -Wall -Wmissing-declarations -Wmissing-prototypes -Wnested-externs -Wsign-compare -c -ggdb -O0 -DTPM_POSIX -DIS_POSIX -DTPM_NUVOTON -I../utils -I. -DFUZZING_BUILD_MODE_UNSAFE_FOR_PRODUCTION -DUSE_BIT_FIELD_STRUCTURES=NO Clock.c -o Clock.o
#20 2.826 2 warnings generated.
#20 2.831 clang -DFUZZING_BUILD_MODE_UNSAFE_FOR_PRODUCTION -pthread -Wl,--no-as-needed -Wl,-ldl -Wl,-lm -Wno-unused-command-line-argument -O3 -fsanitize-coverage=trace-pc-guard -Wall -Wmissing-declarations -Wmissing-prototypes -Wnested-externs -Wsign-compare -c -ggdb -O0 -DTPM_POSIX -DIS_POSIX -DTPM_NUVOTON -I../utils -I. -DFUZZING_BUILD_MODE_UNSAFE_FOR_PRODUCTION -DUSE_BIT_FIELD_STRUCTURES=NO ClockCommands.c -o ClockCommands.o
#20 2.832 clang -DFUZZING_BUILD_MODE_UNSAFE_FOR_PRODUCTION -pthread -Wl,--no-as-needed -Wl,-ldl -Wl,-lm -Wno-unused-command-line-argument -O3 -fsanitize-coverage=trace-pc-guard -Wall -Wmissing-declarations -Wmissing-prototypes -Wnested-externs -Wsign-compare -c -ggdb -O0 -DTPM_POSIX -DIS_POSIX -DTPM_NUVOTON -I../utils -I. -DFUZZING_BUILD_MODE_UNSAFE_FOR_PRODUCTION -DUSE_BIT_FIELD_STRUCTURES=NO CommandAudit.c -o CommandAudit.o
#20 2.854 2 warnings generated.
#20 2.860 clang -DFUZZING_BUILD_MODE_UNSAFE_FOR_PRODUCTION -pthread -Wl,--no-as-needed -Wl,-ldl -Wl,-lm -Wno-unused-command-line-argument -O3 -fsanitize-coverage=trace-pc-guard -Wall -Wmissing-declarations -Wmissing-prototypes -Wnested-externs -Wsign-compare -c -ggdb -O0 -DTPM_POSIX -DIS_POSIX -DTPM_NUVOTON -I../utils -I. -DFUZZING_BUILD_MODE_UNSAFE_FOR_PRODUCTION -DUSE_BIT_FIELD_STRUCTURES=NO CommandCodeAttributes.c -o CommandCodeAttributes.o
#20 2.862 clang -DFUZZING_BUILD_MODE_UNSAFE_FOR_PRODUCTION -pthread -Wl,--no-as-needed -Wl,-ldl -Wl,-lm -Wno-unused-command-line-argument -O3 -fsanitize-coverage=trace-pc-guard -Wall -Wmissing-declarations -Wmissing-prototypes -Wnested-externs -Wsign-compare -c -ggdb -O0 -DTPM_POSIX -DIS_POSIX -DTPM_NUVOTON -I../utils -I. -DFUZZING_BUILD_MODE_UNSAFE_FOR_PRODUCTION -DUSE_BIT_FIELD_STRUCTURES=NO CommandDispatcher.c -o CommandDispatcher.o
#20 3.131 In file included from BnMath.c:64:
#20 3.133 In file included from ./Tpm.h:71:
#20 3.135 In file included from ./Global.h:84:
#20 3.135 ./CryptHash.h:129:5: warning: macro expansion producing 'defined' has undefined behavior [-Wexpansion-to-defined]
#20 3.136 #if SMAC_IMPLEMENTED
#20 3.136     ^
#20 3.136 ./CryptHash.h:93:27: note: expanded from macro 'SMAC_IMPLEMENTED'
#20 3.137 #define SMAC_IMPLEMENTED (defined TPM_CC_MAC || defined TPM_CC_MAC_Start)
#20 3.137                           ^
#20 3.137 ./CryptHash.h:129:5: warning: macro expansion producing 'defined' has undefined behavior [-Wexpansion-to-defined]
#20 3.137 ./CryptHash.h:93:49: note: expanded from macro 'SMAC_IMPLEMENTED'
#20 3.138 #define SMAC_IMPLEMENTED (defined TPM_CC_MAC || defined TPM_CC_MAC_Start)
#20 3.138                                                 ^
#20 3.139 In file included from In file included from BnEccData.c:63:
#20 3.139 In file included from ./Tpm.h:71:
#20 3.139 In file included from ./Global.h:84:
#20 3.139 ./CryptHash.h:129:5: warning: macro expansion producing 'defined' has undefined behavior [-Wexpansion-to-defined]
#20 3.139 #if SMAC_IMPLEMENTED
#20 3.139     ^
#20 3.139 ./CryptHash.h:93:27:BnMemory.c note: :expanded from macro 'SMAC_IMPLEMENTED'66
#20 3.140 :
#20 3.140 In file included from ./Tpm.h:71#define SMAC_IMPLEMENTED (defined TPM_CC_MAC || defined TPM_CC_MAC_Start):
#20 3.140 In file included from ./Global.h:84:
#20 3.140 ./CryptHash.h:129:5: warning: macro expansion producing 'defined' has undefined behavior [-Wexpansion-to-defined]
#20 3.140 
#20 3.140                           ^
#20 3.141 ./CryptHash.h:#if SMAC_IMPLEMENTED
#20 3.141     ^
#20 3.141 ./CryptHash.h:93:27: note: expanded from macro 'SMAC_IMPLEMENTED'
#20 3.141 #define SMAC_IMPLEMENTED (defined TPM_CC_MAC || defined TPM_CC_MAC_Start)
#20 3.141                           ^
#20 3.142 ./CryptHash.h:129:5: warning: macro expansion producing 'defined' has undefined behavior [-Wexpansion-to-defined]
#20 3.142 ./CryptHash.h:93:49: note: expanded from macro 'SMAC_IMPLEMENTED'
#20 3.142 #define SMAC_IMPLEMENTED (defined TPM_CC_MAC || defined TPM_CC_MAC_Start)
#20 3.142                                                 ^
#20 3.143 129:5: warning: macro expansion producing 'defined' has undefined behavior [-Wexpansion-to-defined]
#20 3.144 ./CryptHash.h:93:49: note: expanded from macro 'SMAC_IMPLEMENTED'
#20 3.145 #define SMAC_IMPLEMENTED (defined TPM_CC_MAC || defined TPM_CC_MAC_Start)
#20 3.145                                                 ^
#20 3.147 In file included from CapabilityCommands.c:62:
#20 3.147 In file included from ./Tpm.h:71:
#20 3.148 In file included from ./Global.h:84:
#20 3.148 ./CryptHash.h:129:5: warning: macro expansion producing 'defined' has undefined behavior [-Wexpansion-to-defined]
#20 3.148 #if SMAC_IMPLEMENTED
#20 3.148     ^
#20 3.149 ./CryptHash.h:93:27: note: expanded from macro 'SMAC_IMPLEMENTED'
#20 3.149 #define SMAC_IMPLEMENTED (defined TPM_CC_MAC || defined TPM_CC_MAC_Start)
#20 3.149                           ^
#20 3.149 ./CryptHash.h:129:5: warning: macro expansion producing 'defined' has undefined behavior [-Wexpansion-to-defined]
#20 3.150 ./CryptHash.h:93:49: note: expanded from macro 'SMAC_IMPLEMENTED'
#20 3.150 #define SMAC_IMPLEMENTED (defined TPM_CC_MAC || defined TPM_CC_MAC_Start)
#20 3.150                                                 ^
#20 3.174 In file included from CommandAudit.c:66:
#20 3.174 In file included from ./Tpm.h:71:
#20 3.174 In file included from ./Global.h:84:
#20 3.174 ./CryptHash.h:129:5: warning: macro expansion producing 'defined' has undefined behavior [-Wexpansion-to-defined]
#20 3.174 #if SMAC_IMPLEMENTED
#20 3.174     ^
#20 3.174 ./CryptHash.h:93:27: note: expanded from macro 'SMAC_IMPLEMENTED'
#20 3.175 #define SMAC_IMPLEMENTED (defined TPM_CC_MAC || defined TPM_CC_MAC_Start)
#20 3.175                           ^
#20 3.175 ./CryptHash.h:129:5: warning: macro expansion producing 'defined' has undefined behavior [-Wexpansion-to-defined]
#20 3.175 ./CryptHash.h:93:49: note: expanded from macro 'SMAC_IMPLEMENTED'
#20 3.175 #define SMAC_IMPLEMENTED (defined TPM_CC_MAC || defined TPM_CC_MAC_Start)
#20 3.175                                                 ^
#20 3.176 In file included from ClockCommands.c:62:
#20 3.177 In file included from ./Tpm.h:71:
#20 3.177 In file included from ./Global.h:84:
#20 3.177 ./CryptHash.h:129:5: warning: macro expansion producing 'defined' has undefined behavior [-Wexpansion-to-defined]
#20 3.177 #if SMAC_IMPLEMENTED
#20 3.177     ^
#20 3.178 ./CryptHash.h:93:27: note: expanded from macro 'SMAC_IMPLEMENTED'
#20 3.178 #define SMAC_IMPLEMENTED (defined TPM_CC_MAC || defined TPM_CC_MAC_Start)
#20 3.178                           ^
#20 3.178 ./CryptHash.h:129:5: warning: macro expansion producing 'defined' has undefined behavior [-Wexpansion-to-defined]
#20 3.178 ./CryptHash.h:93:49: note: expanded from macro 'SMAC_IMPLEMENTED'
#20 3.178 #define SMAC_IMPLEMENTED (defined TPM_CC_MAC || defined TPM_CC_MAC_Start)
#20 3.179                                                 ^
#20 3.226 In file included from CommandCodeAttributes.c:66In file included from CommandDispatcher.c:78:
#20 3.226 In file included from ./Tpm.h:71:
#20 3.226 In file included from ./Global.h:84:
#20 3.226 ./CryptHash.h:129:5: warning: macro expansion producing 'defined' has undefined behavior [-Wexpansion-to-defined]
#20 3.226 #if SMAC_IMPLEMENTED
#20 3.226     ^
#20 3.226 :
#20 3.226 In file included from ./CryptHash.h:./Tpm.h:93:27: note: 71:
#20 3.226 In file included from ./Global.h:84:
#20 3.226 ./CryptHash.h:129:5: warning: macro expansion producing 'defined' has undefined behavior [-Wexpansion-to-defined]
#20 3.227 expanded from macro 'SMAC_IMPLEMENTED'
#20 3.227 #define SMAC_IMPLEMENTED (defined TPM_CC_MAC || defined TPM_CC_MAC_Start)#if SMAC_IMPLEMENTED
#20 3.227     ^
#20 3.227 ./CryptHash.h
#20 3.227                           ^
#20 3.227 ./CryptHash.h:129::5: warning: macro expansion producing 'defined' has undefined behavior [-Wexpansion-to-defined]
#20 3.227 ./CryptHash.h:93:49: note: expanded from macro 'SMAC_IMPLEMENTED'
#20 3.228 #define SMAC_IMPLEMENTED (defined TPM_CC_MAC || defined TPM_CC_MAC_Start)
#20 3.228                                                 ^
#20 3.228 93:27: note: expanded from macro 'SMAC_IMPLEMENTED'
#20 3.229 #define SMAC_IMPLEMENTED (defined TPM_CC_MAC || defined TPM_CC_MAC_Start)
#20 3.229                           ^
#20 3.230 ./CryptHash.h:129:5: warning: macro expansion producing 'defined' has undefined behavior [-Wexpansion-to-defined]
#20 3.230 ./CryptHash.h:93:49: note: expanded from macro 'SMAC_IMPLEMENTED'
#20 3.230 #define SMAC_IMPLEMENTED (defined TPM_CC_MAC || defined TPM_CC_MAC_Start)
#20 3.230                                                 ^
#20 3.337 2 warnings generated.
#20 3.343 clang -DFUZZING_BUILD_MODE_UNSAFE_FOR_PRODUCTION -pthread -Wl,--no-as-needed -Wl,-ldl -Wl,-lm -Wno-unused-command-line-argument -O3 -fsanitize-coverage=trace-pc-guard -Wall -Wmissing-declarations -Wmissing-prototypes -Wnested-externs -Wsign-compare -c -ggdb -O0 -DTPM_POSIX -DIS_POSIX -DTPM_NUVOTON -I../utils -I. -DFUZZING_BUILD_MODE_UNSAFE_FOR_PRODUCTION -DUSE_BIT_FIELD_STRUCTURES=NO ContextCommands.c -o ContextCommands.o
#20 3.351 2 warnings generated.
#20 3.357 2 warnings generated.
#20 3.357 clang -DFUZZING_BUILD_MODE_UNSAFE_FOR_PRODUCTION -pthread -Wl,--no-as-needed -Wl,-ldl -Wl,-lm -Wno-unused-command-line-argument -O3 -fsanitize-coverage=trace-pc-guard -Wall -Wmissing-declarations -Wmissing-prototypes -Wnested-externs -Wsign-compare -c -ggdb -O0 -DTPM_POSIX -DIS_POSIX -DTPM_NUVOTON -I../utils -I. -DFUZZING_BUILD_MODE_UNSAFE_FOR_PRODUCTION -DUSE_BIT_FIELD_STRUCTURES=NO Context_spt.c -o Context_spt.o
#20 3.361 2 warnings generated.
#20 3.363 clang -DFUZZING_BUILD_MODE_UNSAFE_FOR_PRODUCTION -pthread -Wl,--no-as-needed -Wl,-ldl -Wl,-lm -Wno-unused-command-line-argument -O3 -fsanitize-coverage=trace-pc-guard -Wall -Wmissing-declarations -Wmissing-prototypes -Wnested-externs -Wsign-compare -c -ggdb -O0 -DTPM_POSIX -DIS_POSIX -DTPM_NUVOTON -I../utils -I. -DFUZZING_BUILD_MODE_UNSAFE_FOR_PRODUCTION -DUSE_BIT_FIELD_STRUCTURES=NO CryptDes.c -o CryptDes.o
#20 3.367 clang -DFUZZING_BUILD_MODE_UNSAFE_FOR_PRODUCTION -pthread -Wl,--no-as-needed -Wl,-ldl -Wl,-lm -Wno-unused-command-line-argument -O3 -fsanitize-coverage=trace-pc-guard -Wall -Wmissing-declarations -Wmissing-prototypes -Wnested-externs -Wsign-compare -c -ggdb -O0 -DTPM_POSIX -DIS_POSIX -DTPM_NUVOTON -I../utils -I. -DFUZZING_BUILD_MODE_UNSAFE_FOR_PRODUCTION -DUSE_BIT_FIELD_STRUCTURES=NO CryptCmac.c -o CryptCmac.o
#20 3.373 2 warnings generated.
#20 3.380 clang -DFUZZING_BUILD_MODE_UNSAFE_FOR_PRODUCTION -pthread -Wl,--no-as-needed -Wl,-ldl -Wl,-lm -Wno-unused-command-line-argument -O3 -fsanitize-coverage=trace-pc-guard -Wall -Wmissing-declarations -Wmissing-prototypes -Wnested-externs -Wsign-compare -c -ggdb -O0 -DTPM_POSIX -DIS_POSIX -DTPM_NUVOTON -I../utils -I. -DFUZZING_BUILD_MODE_UNSAFE_FOR_PRODUCTION -DUSE_BIT_FIELD_STRUCTURES=NO CryptEccKeyExchange.c -o CryptEccKeyExchange.o
#20 3.471 2 warnings generated.
#20 3.477 clang -DFUZZING_BUILD_MODE_UNSAFE_FOR_PRODUCTION -pthread -Wl,--no-as-needed -Wl,-ldl -Wl,-lm -Wno-unused-command-line-argument -O3 -fsanitize-coverage=trace-pc-guard -Wall -Wmissing-declarations -Wmissing-prototypes -Wnested-externs -Wsign-compare -c -ggdb -O0 -DTPM_POSIX -DIS_POSIX -DTPM_NUVOTON -I../utils -I. -DFUZZING_BUILD_MODE_UNSAFE_FOR_PRODUCTION -DUSE_BIT_FIELD_STRUCTURES=NO CryptEccMain.c -o CryptEccMain.o
#20 3.480 2 warnings generated.
#20 3.487 clang -DFUZZING_BUILD_MODE_UNSAFE_FOR_PRODUCTION -pthread -Wl,--no-as-needed -Wl,-ldl -Wl,-lm -Wno-unused-command-line-argument -O3 -fsanitize-coverage=trace-pc-guard -Wall -Wmissing-declarations -Wmissing-prototypes -Wnested-externs -Wsign-compare -c -ggdb -O0 -DTPM_POSIX -DIS_POSIX -DTPM_NUVOTON -I../utils -I. -DFUZZING_BUILD_MODE_UNSAFE_FOR_PRODUCTION -DUSE_BIT_FIELD_STRUCTURES=NO CryptEccSignature.c -o CryptEccSignature.o
#20 3.628 2 warnings generated.
#20 3.635 clang -DFUZZING_BUILD_MODE_UNSAFE_FOR_PRODUCTION -pthread -Wl,--no-as-needed -Wl,-ldl -Wl,-lm -Wno-unused-command-line-argument -O3 -fsanitize-coverage=trace-pc-guard -Wall -Wmissing-declarations -Wmissing-prototypes -Wnested-externs -Wsign-compare -c -ggdb -O0 -DTPM_POSIX -DIS_POSIX -DTPM_NUVOTON -I../utils -I. -DFUZZING_BUILD_MODE_UNSAFE_FOR_PRODUCTION -DUSE_BIT_FIELD_STRUCTURES=NO CryptHash.c -o CryptHash.o
#20 3.690 In file included from ContextCommands.c:62:
#20 3.690 In file included from ./Tpm.h:71:
#20 3.690 In file included from ./Global.h:84:
#20 3.691 ./CryptHash.h:129:5: warning: macro expansion producing 'defined' has undefined behavior [-Wexpansion-to-defined]
#20 3.691 #if SMAC_IMPLEMENTED
#20 3.691     ^
#20 3.691 ./CryptHash.h:93:27: note: expanded from macro 'SMAC_IMPLEMENTED'
#20 3.692 #define SMAC_IMPLEMENTED (defined TPM_CC_MAC || defined TPM_CC_MAC_Start)
#20 3.692                           ^
#20 3.692 ./CryptHash.h:129:5: warning: macro expansion producing 'defined' has undefined behavior [-Wexpansion-to-defined]
#20 3.692 ./CryptHash.h:93:49: note: expanded from macro 'SMAC_IMPLEMENTED'
#20 3.693 #define SMAC_IMPLEMENTED (defined TPM_CC_MAC || defined TPM_CC_MAC_Start)
#20 3.693                                                 ^
#20 3.709 In file included from CryptDes.c:66:
#20 3.709 In file included from ./Tpm.h:71:
#20 3.709 In file included from ./Global.h:84:
#20 3.709 ./CryptHash.h:129:5: warning: macro expansion producing 'defined' has undefined behavior [-Wexpansion-to-defined]
#20 3.710 #if SMAC_IMPLEMENTED
#20 3.710     ^
#20 3.710 ./CryptHash.h:93:27: note: expanded from macro 'SMAC_IMPLEMENTED'
#20 3.711 #define SMAC_IMPLEMENTED (defined TPM_CC_MAC || defined TPM_CC_MAC_Start)
#20 3.711                           ^
#20 3.711 ./CryptHash.h:129:5: warning: macro expansion producing 'defined' has undefined behavior [-Wexpansion-to-defined]
#20 3.711 ./CryptHash.h:93:49: note: expanded from macro 'SMAC_IMPLEMENTED'
#20 3.711 #define SMAC_IMPLEMENTED (defined TPM_CC_MAC || defined TPM_CC_MAC_Start)
#20 3.711                                                 ^
#20 3.712 In file included from CryptCmac.cIn file included from Context_spt.c:63:
#20 3.712 In file included from ./Tpm.h:71:
#20 3.712 In file included from ./Global.h:84:
#20 3.712 ./CryptHash.h:129:5: warning: macro expansion producing 'defined' has undefined behavior [-Wexpansion-to-defined]
#20 3.712 :#if SMAC_IMPLEMENTED
#20 3.712     ^
#20 3.712 ./CryptHash.h:9369:
#20 3.712 In file included from ./Tpm.h:71:
#20 3.712 In file included from ./Global.h:84:
#20 3.712 ./CryptHash.h:129:5: warning: macro expansion producing 'defined' has undefined behavior [-Wexpansion-to-defined]
#20 3.712 :#if SMAC_IMPLEMENTED
#20 3.712     ^
#20 3.712 ./CryptHash.h:2793:: 27note: :expanded from macro 'SMAC_IMPLEMENTED' 
#20 3.712 note: expanded from macro 'SMAC_IMPLEMENTED'
#20 3.712 #define SMAC_IMPLEMENTED (defined TPM_CC_MAC || defined TPM_CC_MAC_Start)#define SMAC_IMPLEMENTED (defined TPM_CC_MAC || defined TPM_CC_MAC_Start)
#20 3.712                           ^
#20 3.712                           ^
#20 3.713 
#20 3.713 ./CryptHash.h./CryptHash.h:129:5: warning: macro expansion producing 'defined' has undefined behavior [-Wexpansion-to-defined]
#20 3.713 ./CryptHash.h:93:49: note: expanded from macro 'SMAC_IMPLEMENTED'
#20 3.713 #define SMAC_IMPLEMENTED (defined TPM_CC_MAC || defined TPM_CC_MAC_Start)
#20 3.713                                                 ^
#20 3.714 :129:5: warning: macro expansion producing 'defined' has undefined behavior [-Wexpansion-to-defined]
#20 3.715 ./CryptHash.h:93:49: note: expanded from macro 'SMAC_IMPLEMENTED'
#20 3.715 #define SMAC_IMPLEMENTED (defined TPM_CC_MAC || defined TPM_CC_MAC_Start)
#20 3.715                                                 ^
#20 3.725 In file included from CryptEccKeyExchange.c:63:
#20 3.725 In file included from ./Tpm.h:71:
#20 3.725 In file included from ./Global.h:84:
#20 3.725 ./CryptHash.h:129:5: warning: macro expansion producing 'defined' has undefined behavior [-Wexpansion-to-defined]
#20 3.726 #if SMAC_IMPLEMENTED
#20 3.726     ^
#20 3.726 ./CryptHash.h:93:27: note: expanded from macro 'SMAC_IMPLEMENTED'
#20 3.726 #define SMAC_IMPLEMENTED (defined TPM_CC_MAC || defined TPM_CC_MAC_Start)
#20 3.727                           ^
#20 3.727 ./CryptHash.h:129:5: warning: macro expansion producing 'defined' has undefined behavior [-Wexpansion-to-defined]
#20 3.727 ./CryptHash.h:93:49: note: expanded from macro 'SMAC_IMPLEMENTED'
#20 3.727 #define SMAC_IMPLEMENTED (defined TPM_CC_MAC || defined TPM_CC_MAC_Start)
#20 3.727                                                 ^
#20 3.820 In file included from CryptEccMain.c:64:
#20 3.820 In file included from ./Tpm.h:71:
#20 3.821 In file included from ./Global.h:84:
#20 3.821 ./CryptHash.h:129:In file included from CryptEccSignature.c:645: warning: macro expansion producing 'defined' has undefined behavior [-Wexpansion-to-defined]
#20 3.821 :
#20 3.821 #if SMAC_IMPLEMENTED
#20 3.821     ^
#20 3.821 ./CryptHash.h:In file included from ./Tpm.h:71:
#20 3.821 In file included from ./Global.h:84:
#20 3.821 ./CryptHash.h:129:5: warning: macro expansion producing 'defined' has undefined behavior [-Wexpansion-to-defined]
#20 3.821 93#if SMAC_IMPLEMENTED
#20 3.821     ^
#20 3.821 ./CryptHash.h::93:27: note: expanded from macro 'SMAC_IMPLEMENTED'
#20 3.821 27#define SMAC_IMPLEMENTED (defined TPM_CC_MAC || defined TPM_CC_MAC_Start)
#20 3.821 : note: expanded from macro 'SMAC_IMPLEMENTED'
#20 3.821                           ^#define SMAC_IMPLEMENTED (defined TPM_CC_MAC || defined TPM_CC_MAC_Start)
#20 3.821 
#20 3.821 ./CryptHash.h:                          ^
#20 3.821 ./CryptHash.h:129:5: warning: macro expansion producing 'defined' has undefined behavior [-Wexpansion-to-defined]
#20 3.821 ./CryptHash.h129:93:49: note: expanded from macro 'SMAC_IMPLEMENTED'
#20 3.821 :#define SMAC_IMPLEMENTED (defined TPM_CC_MAC || defined TPM_CC_MAC_Start)
#20 3.821 5: warning: macro expansion producing 'defined' has undefined behavior [-Wexpansion-to-defined]
#20 3.821 ./CryptHash.h:                                                ^
#20 3.821 93:49: note: expanded from macro 'SMAC_IMPLEMENTED'
#20 3.821 #define SMAC_IMPLEMENTED (defined TPM_CC_MAC || defined TPM_CC_MAC_Start)
#20 3.821                                                 ^
#20 3.885 2 warnings generated.
#20 3.891 clang -DFUZZING_BUILD_MODE_UNSAFE_FOR_PRODUCTION -pthread -Wl,--no-as-needed -Wl,-ldl -Wl,-lm -Wno-unused-command-line-argument -O3 -fsanitize-coverage=trace-pc-guard -Wall -Wmissing-declarations -Wmissing-prototypes -Wnested-externs -Wsign-compare -c -ggdb -O0 -DTPM_POSIX -DIS_POSIX -DTPM_NUVOTON -I../utils -I. -DFUZZING_BUILD_MODE_UNSAFE_FOR_PRODUCTION -DUSE_BIT_FIELD_STRUCTURES=NO CryptHashData.c -o CryptHashData.o
#20 3.902 2 warnings generated.
#20 3.905 2 warnings generated.
#20 3.912 clang -DFUZZING_BUILD_MODE_UNSAFE_FOR_PRODUCTION -pthread -Wl,--no-as-needed -Wl,-ldl -Wl,-lm -Wno-unused-command-line-argument -O3 -fsanitize-coverage=trace-pc-guard -Wall -Wmissing-declarations -Wmissing-prototypes -Wnested-externs -Wsign-compare -c -ggdb -O0 -DTPM_POSIX -DIS_POSIX -DTPM_NUVOTON -I../utils -I. -DFUZZING_BUILD_MODE_UNSAFE_FOR_PRODUCTION -DUSE_BIT_FIELD_STRUCTURES=NO CryptPrime.c -o CryptPrime.o
#20 3.915 2 warnings generated.
#20 3.916 clang -DFUZZING_BUILD_MODE_UNSAFE_FOR_PRODUCTION -pthread -Wl,--no-as-needed -Wl,-ldl -Wl,-lm -Wno-unused-command-line-argument -O3 -fsanitize-coverage=trace-pc-guard -Wall -Wmissing-declarations -Wmissing-prototypes -Wnested-externs -Wsign-compare -c -ggdb -O0 -DTPM_POSIX -DIS_POSIX -DTPM_NUVOTON -I../utils -I. -DFUZZING_BUILD_MODE_UNSAFE_FOR_PRODUCTION -DUSE_BIT_FIELD_STRUCTURES=NO CryptPrimeSieve.c -o CryptPrimeSieve.o
#20 3.922 clang -DFUZZING_BUILD_MODE_UNSAFE_FOR_PRODUCTION -pthread -Wl,--no-as-needed -Wl,-ldl -Wl,-lm -Wno-unused-command-line-argument -O3 -fsanitize-coverage=trace-pc-guard -Wall -Wmissing-declarations -Wmissing-prototypes -Wnested-externs -Wsign-compare -c -ggdb -O0 -DTPM_POSIX -DIS_POSIX -DTPM_NUVOTON -I../utils -I. -DFUZZING_BUILD_MODE_UNSAFE_FOR_PRODUCTION -DUSE_BIT_FIELD_STRUCTURES=NO CryptRand.c -o CryptRand.o
#20 4.005 In file included from CryptHash.c:67:
#20 4.006 In file included from ./Tpm.h:71:
#20 4.006 In file included from ./Global.h:84:
#20 4.007 ./CryptHash.h:129:5: warning: macro expansion producing 'defined' has undefined behavior [-Wexpansion-to-defined]
#20 4.007 #if SMAC_IMPLEMENTED
#20 4.007     ^
#20 4.007 ./CryptHash.h:93:27: note: expanded from macro 'SMAC_IMPLEMENTED'
#20 4.008 #define SMAC_IMPLEMENTED (defined TPM_CC_MAC || defined TPM_CC_MAC_Start)
#20 4.008                           ^
#20 4.008 ./CryptHash.h:129:5: warning: macro expansion producing 'defined' has undefined behavior [-Wexpansion-to-defined]
#20 4.008 ./CryptHash.h:93:49: note: expanded from macro 'SMAC_IMPLEMENTED'
#20 4.009 #define SMAC_IMPLEMENTED (defined TPM_CC_MAC || defined TPM_CC_MAC_Start)
#20 4.009                                                 ^
#20 4.189 CryptHash.c:453:5: warning: macro expansion producing 'defined' has undefined behavior [-Wexpansion-to-defined]
#20 4.190 #if SMAC_IMPLEMENTED
#20 4.190     ^
#20 4.190 ./CryptHash.h:93:27: note: expanded from macro 'SMAC_IMPLEMENTED'
#20 4.191 #define SMAC_IMPLEMENTED (defined TPM_CC_MAC || defined TPM_CC_MAC_Start)
#20 4.191                           ^
#20 4.191 CryptHash.c:453:5: warning: macro expansion producing 'defined' has undefined behavior [-Wexpansion-to-defined]
#20 4.193 ./CryptHash.h:93:49: note: expanded from macro 'SMAC_IMPLEMENTED'
#20 4.193 #define SMAC_IMPLEMENTED (defined TPM_CC_MAC || defined TPM_CC_MAC_Start)
#20 4.193                                                 ^
#20 4.196 2 warnings generated.
#20 4.200 CryptHash.c:624:5: warning: macro expansion producing 'defined' has undefined behavior [-Wexpansion-to-defined]
#20 4.201 #if SMAC_IMPLEMENTED
#20 4.201     ^
#20 4.201 ./CryptHash.h:93:27: note: expanded from macro 'SMAC_IMPLEMENTED'
#20 4.201 #define SMAC_IMPLEMENTED (defined TPM_CC_MAC || defined TPM_CC_MAC_Start)
#20 4.201                           ^
#20 4.201 CryptHash.c:624:5: warning: macro expansion producing 'defined' has undefined behavior [-Wexpansion-to-defined]
#20 4.202 ./CryptHash.h:93:49: note: expanded from macro 'SMAC_IMPLEMENTED'
#20 4.202 #define SMAC_IMPLEMENTED (defined TPM_CC_MAC || defined TPM_CC_MAC_Start)
#20 4.203                                                 ^
#20 4.204 clang -DFUZZING_BUILD_MODE_UNSAFE_FOR_PRODUCTION -pthread -Wl,--no-as-needed -Wl,-ldl -Wl,-lm -Wno-unused-command-line-argument -O3 -fsanitize-coverage=trace-pc-guard -Wall -Wmissing-declarations -Wmissing-prototypes -Wnested-externs -Wsign-compare -c -ggdb -O0 -DTPM_POSIX -DIS_POSIX -DTPM_NUVOTON -I../utils -I. -DFUZZING_BUILD_MODE_UNSAFE_FOR_PRODUCTION -DUSE_BIT_FIELD_STRUCTURES=NO CryptRsa.c -o CryptRsa.o
#20 4.234 In file included from CryptHashData.c:63:
#20 4.234 In file included from ./Tpm.h:71:
#20 4.234 In file included from ./Global.h:84:
#20 4.235 ./CryptHash.h:129:5: warning: macro expansion producing 'defined' has undefined behavior [-Wexpansion-to-defined]
#20 4.235 #if SMAC_IMPLEMENTED
#20 4.235     ^
#20 4.235 ./CryptHash.h:93:27: note: expanded from macro 'SMAC_IMPLEMENTED'
#20 4.235 #define SMAC_IMPLEMENTED (defined TPM_CC_MAC || defined TPM_CC_MAC_Start)
#20 4.236                           ^
#20 4.236 ./CryptHash.h:129:5: warning: macro expansion producing 'defined' has undefined behavior [-Wexpansion-to-defined]
#20 4.236 ./CryptHash.h:93:49: note: expanded from macro 'SMAC_IMPLEMENTED'
#20 4.236 #define SMAC_IMPLEMENTED (defined TPM_CC_MAC || defined TPM_CC_MAC_Start)
#20 4.236                                                 ^
#20 4.255 6 warnings generated.
#20 4.262 clang -DFUZZING_BUILD_MODE_UNSAFE_FOR_PRODUCTION -pthread -Wl,--no-as-needed -Wl,-ldl -Wl,-lm -Wno-unused-command-line-argument -O3 -fsanitize-coverage=trace-pc-guard -Wall -Wmissing-declarations -Wmissing-prototypes -Wnested-externs -Wsign-compare -c -ggdb -O0 -DTPM_POSIX -DIS_POSIX -DTPM_NUVOTON -I../utils -I. -DFUZZING_BUILD_MODE_UNSAFE_FOR_PRODUCTION -DUSE_BIT_FIELD_STRUCTURES=NO CryptSelfTest.c -o CryptSelfTest.o
#20 4.267 In file included from CryptPrimeSieve.c:64:
#20 4.267 In file included from ./Tpm.h:71:
#20 4.267 In file included from ./Global.h:84:
#20 4.267 ./CryptHash.h:129:5: warning: macro expansion producing 'defined' has undefined behavior [-Wexpansion-to-defined]
#20 4.268 #if SMAC_IMPLEMENTED
#20 4.268     ^
#20 4.268 ./CryptHash.h:93:27: note: expanded from macro 'SMAC_IMPLEMENTED'
#20 4.268 #define SMAC_IMPLEMENTED (defined TPM_CC_MAC || defined TPM_CC_MAC_Start)
#20 4.268                           ^
#20 4.268 ./CryptHash.h:129:5: warning: macro expansion producing 'defined' has undefined behavior [-Wexpansion-to-defined]
#20 4.269 ./CryptHash.hIn file included from :93CryptPrime.c:63:
#20 4.269 In file included from ./Tpm.h:71:
#20 4.269 In file included from ./Global.h:84:
#20 4.269 ./CryptHash.h:129:5: warning: macro expansion producing 'defined' has undefined behavior [-Wexpansion-to-defined]
#20 4.269 :#if SMAC_IMPLEMENTED49
#20 4.269     ^
#20 4.269 ./CryptHash.h:93:27: note: expanded from macro 'SMAC_IMPLEMENTED'
#20 4.269 : #define SMAC_IMPLEMENTED (defined TPM_CC_MAC || defined TPM_CC_MAC_Start)
#20 4.269                           ^
#20 4.269 ./CryptHash.hnote: expanded from macro 'SMAC_IMPLEMENTED':129:5: warning: macro expansion producing 'defined' has undefined behavior [-Wexpansion-to-defined]
#20 4.269 ./CryptHash.h:93:49: note: expanded from macro 'SMAC_IMPLEMENTED'
#20 4.269 
#20 4.269 #define SMAC_IMPLEMENTED (defined TPM_CC_MAC || defined TPM_CC_MAC_Start)
#20 4.269 #define SMAC_IMPLEMENTED (defined TPM_CC_MAC || defined TPM_CC_MAC_Start)
#20 4.269                                                 ^
#20 4.269                                                 ^
#20 4.276 In file included from CryptRand.c:62:
#20 4.277 In file included from ./Tpm.h:71:
#20 4.277 In file included from ./Global.h:84:
#20 4.278 ./CryptHash.h:129:5: warning: macro expansion producing 'defined' has undefined behavior [-Wexpansion-to-defined]
#20 4.278 #if SMAC_IMPLEMENTED
#20 4.278     ^
#20 4.278 ./CryptHash.h:93:27: note: expanded from macro 'SMAC_IMPLEMENTED'
#20 4.278 #define SMAC_IMPLEMENTED (defined TPM_CC_MAC || defined TPM_CC_MAC_Start)
#20 4.279                           ^
#20 4.279 ./CryptHash.h:129:5: warning: macro expansion producing 'defined' has undefined behavior [-Wexpansion-to-defined]
#20 4.279 ./CryptHash.h:93:49: note: expanded from macro 'SMAC_IMPLEMENTED'
#20 4.279 #define SMAC_IMPLEMENTED (defined TPM_CC_MAC || defined TPM_CC_MAC_Start)
#20 4.279                                                 ^
#20 4.408 2 warnings generated.
#20 4.415 clang -DFUZZING_BUILD_MODE_UNSAFE_FOR_PRODUCTION -pthread -Wl,--no-as-needed -Wl,-ldl -Wl,-lm -Wno-unused-command-line-argument -O3 -fsanitize-coverage=trace-pc-guard -Wall -Wmissing-declarations -Wmissing-prototypes -Wnested-externs -Wsign-compare -c -ggdb -O0 -DTPM_POSIX -DIS_POSIX -DTPM_NUVOTON -I../utils -I. -DFUZZING_BUILD_MODE_UNSAFE_FOR_PRODUCTION -DUSE_BIT_FIELD_STRUCTURES=NO CryptSmac.c -o CryptSmac.o
#20 4.467 2 warnings generated.
#20 4.474 clang -DFUZZING_BUILD_MODE_UNSAFE_FOR_PRODUCTION -pthread -Wl,--no-as-needed -Wl,-ldl -Wl,-lm -Wno-unused-command-line-argument -O3 -fsanitize-coverage=trace-pc-guard -Wall -Wmissing-declarations -Wmissing-prototypes -Wnested-externs -Wsign-compare -c -ggdb -O0 -DTPM_POSIX -DIS_POSIX -DTPM_NUVOTON -I../utils -I. -DFUZZING_BUILD_MODE_UNSAFE_FOR_PRODUCTION -DUSE_BIT_FIELD_STRUCTURES=NO CryptSym.c -o CryptSym.o
#20 4.520 2 warnings generated.
#20 4.527 clang -DFUZZING_BUILD_MODE_UNSAFE_FOR_PRODUCTION -pthread -Wl,--no-as-needed -Wl,-ldl -Wl,-lm -Wno-unused-command-line-argument -O3 -fsanitize-coverage=trace-pc-guard -Wall -Wmissing-declarations -Wmissing-prototypes -Wnested-externs -Wsign-compare -c -ggdb -O0 -DTPM_POSIX -DIS_POSIX -DTPM_NUVOTON -I../utils -I. -DFUZZING_BUILD_MODE_UNSAFE_FOR_PRODUCTION -DUSE_BIT_FIELD_STRUCTURES=NO CryptUtil.c -o CryptUtil.o
#20 4.565 In file included from CryptRsa.c:69:
#20 4.566 In file included from ./Tpm.h:71:
#20 4.566 In file included from ./Global.h:84:
#20 4.566 ./CryptHash.h:129:5: warning: macro expansion producing 'defined' has undefined behavior [-Wexpansion-to-defined]
#20 4.566 #if SMAC_IMPLEMENTED
#20 4.566     ^
#20 4.566 ./CryptHash.h:93:27: note: expanded from macro 'SMAC_IMPLEMENTED'
#20 4.566 #define SMAC_IMPLEMENTED (defined TPM_CC_MAC || defined TPM_CC_MAC_Start)
#20 4.566                           ^
#20 4.567 ./CryptHash.h:129:5: warning: macro expansion producing 'defined' has undefined behavior [-Wexpansion-to-defined]
#20 4.567 ./CryptHash.h:93:49: note: expanded from macro 'SMAC_IMPLEMENTED'
#20 4.567 #define SMAC_IMPLEMENTED (defined TPM_CC_MAC || defined TPM_CC_MAC_Start)
#20 4.567                                                 ^
#20 4.602 2 warnings generated.
#20 4.610 clang -DFUZZING_BUILD_MODE_UNSAFE_FOR_PRODUCTION -pthread -Wl,--no-as-needed -Wl,-ldl -Wl,-lm -Wno-unused-command-line-argument -O3 -fsanitize-coverage=trace-pc-guard -Wall -Wmissing-declarations -Wmissing-prototypes -Wnested-externs -Wsign-compare -c -ggdb -O0 -DTPM_POSIX -DIS_POSIX -DTPM_NUVOTON -I../utils -I. -DFUZZING_BUILD_MODE_UNSAFE_FOR_PRODUCTION -DUSE_BIT_FIELD_STRUCTURES=NO DA.c -o DA.o
#20 4.626 In file included from CryptSelfTest.c:73:
#20 4.626 In file included from ./Tpm.h:71:
#20 4.627 In file included from ./Global.h:84:
#20 4.627 ./CryptHash.h:129:5: warning: macro expansion producing 'defined' has undefined behavior [-Wexpansion-to-defined]
#20 4.628 #if SMAC_IMPLEMENTED
#20 4.628     ^
#20 4.628 ./CryptHash.h:93:27: note: expanded from macro 'SMAC_IMPLEMENTED'
#20 4.628 #define SMAC_IMPLEMENTED (defined TPM_CC_MAC || defined TPM_CC_MAC_Start)
#20 4.628                           ^
#20 4.628 ./CryptHash.h:129:5: warning: macro expansion producing 'defined' has undefined behavior [-Wexpansion-to-defined]
#20 4.629 ./CryptHash.h:93:49: note: expanded from macro 'SMAC_IMPLEMENTED'
#20 4.629 #define SMAC_IMPLEMENTED (defined TPM_CC_MAC || defined TPM_CC_MAC_Start)
#20 4.629                                                 ^
#20 4.750 2 warnings generated.
#20 4.759 clang -DFUZZING_BUILD_MODE_UNSAFE_FOR_PRODUCTION -pthread -Wl,--no-as-needed -Wl,-ldl -Wl,-lm -Wno-unused-command-line-argument -O3 -fsanitize-coverage=trace-pc-guard -Wall -Wmissing-declarations -Wmissing-prototypes -Wnested-externs -Wsign-compare -c -ggdb -O0 -DTPM_POSIX -DIS_POSIX -DTPM_NUVOTON -I../utils -I. -DFUZZING_BUILD_MODE_UNSAFE_FOR_PRODUCTION -DUSE_BIT_FIELD_STRUCTURES=NO DictionaryCommands.c -o DictionaryCommands.o
#20 4.774 In file included from CryptSmac.c:69:
#20 4.775 In file included from ./Tpm.h:71:
#20 4.775 In file included from ./Global.h:84:
#20 4.775 ./CryptHash.h:129:5: warning: macro expansion producing 'defined' has undefined behavior [-Wexpansion-to-defined]
#20 4.775 #if SMAC_IMPLEMENTED
#20 4.775     ^
#20 4.775 ./CryptHash.h:93:27: note: expanded from macro 'SMAC_IMPLEMENTED'
#20 4.776 #define SMAC_IMPLEMENTED (defined TPM_CC_MAC || defined TPM_CC_MAC_Start)
#20 4.776                           ^
#20 4.776 ./CryptHash.h:129:5: warning: macro expansion producing 'defined' has undefined behavior [-Wexpansion-to-defined]
#20 4.777 ./CryptHash.h:93:49: note: expanded from macro 'SMAC_IMPLEMENTED'
#20 4.777 #define SMAC_IMPLEMENTED (defined TPM_CC_MAC || defined TPM_CC_MAC_Start)
#20 4.777                                                 ^
#20 4.807 2 warnings generated.
#20 4.814 clang -DFUZZING_BUILD_MODE_UNSAFE_FOR_PRODUCTION -pthread -Wl,--no-as-needed -Wl,-ldl -Wl,-lm -Wno-unused-command-line-argument -O3 -fsanitize-coverage=trace-pc-guard -Wall -Wmissing-declarations -Wmissing-prototypes -Wnested-externs -Wsign-compare -c -ggdb -O0 -DTPM_POSIX -DIS_POSIX -DTPM_NUVOTON -I../utils -I. -DFUZZING_BUILD_MODE_UNSAFE_FOR_PRODUCTION -DUSE_BIT_FIELD_STRUCTURES=NO DuplicationCommands.c -o DuplicationCommands.o
#20 4.820 In file included from CryptSym.c:68:
#20 4.820 In file included from ./Tpm.h:71:
#20 4.820 In file included from ./Global.h:84:
#20 4.820 ./CryptHash.h:129:5: warning: macro expansion producing 'defined' has undefined behavior [-Wexpansion-to-defined]
#20 4.821 #if SMAC_IMPLEMENTED
#20 4.821     ^
#20 4.821 ./CryptHash.h:93:27: note: expanded from macro 'SMAC_IMPLEMENTED'
#20 4.821 #define SMAC_IMPLEMENTED (defined TPM_CC_MAC || defined TPM_CC_MAC_Start)
#20 4.821                           ^
#20 4.821 ./CryptHash.h:129:5: warning: macro expansion producing 'defined' has undefined behavior [-Wexpansion-to-defined]
#20 4.822 ./CryptHash.h:93:49: note: expanded from macro 'SMAC_IMPLEMENTED'
#20 4.822 #define SMAC_IMPLEMENTED (defined TPM_CC_MAC || defined TPM_CC_MAC_Start)
#20 4.822                                                 ^
#20 4.854 2 warnings generated.
#20 4.861 clang -DFUZZING_BUILD_MODE_UNSAFE_FOR_PRODUCTION -pthread -Wl,--no-as-needed -Wl,-ldl -Wl,-lm -Wno-unused-command-line-argument -O3 -fsanitize-coverage=trace-pc-guard -Wall -Wmissing-declarations -Wmissing-prototypes -Wnested-externs -Wsign-compare -c -ggdb -O0 -DTPM_POSIX -DIS_POSIX -DTPM_NUVOTON -I../utils -I. -DFUZZING_BUILD_MODE_UNSAFE_FOR_PRODUCTION -DUSE_BIT_FIELD_STRUCTURES=NO EACommands.c -o EACommands.o
#20 4.892 In file included from CryptUtil.c:67:
#20 4.892 In file included from ./Tpm.h:71:
#20 4.893 In file included from ./Global.h:84:
#20 4.893 ./CryptHash.h:129:5: warning: macro expansion producing 'defined' has undefined behavior [-Wexpansion-to-defined]
#20 4.893 #if SMAC_IMPLEMENTED
#20 4.893     ^
#20 4.893 ./CryptHash.h:93:27: note: expanded from macro 'SMAC_IMPLEMENTED'
#20 4.894 #define SMAC_IMPLEMENTED (defined TPM_CC_MAC || defined TPM_CC_MAC_Start)
#20 4.894                           ^
#20 4.894 ./CryptHash.h:129:5: warning: macro expansion producing 'defined' has undefined behavior [-Wexpansion-to-defined]
#20 4.894 ./CryptHash.h:93:49: note: expanded from macro 'SMAC_IMPLEMENTED'
#20 4.895 #define SMAC_IMPLEMENTED (defined TPM_CC_MAC || defined TPM_CC_MAC_Start)
#20 4.895                                                 ^
#20 4.947 CryptSmac.c:70:5: warning: macro expansion producing 'defined' has undefined behavior [-Wexpansion-to-defined]
#20 4.947 #if SMAC_IMPLEMENTED
#20 4.947     ^
#20 4.947 ./CryptHash.h:93:27: note: expanded from macro 'SMAC_IMPLEMENTED'
#20 4.948 #define SMAC_IMPLEMENTED (defined TPM_CC_MAC || defined TPM_CC_MAC_Start)
#20 4.948                           ^
#20 4.948 CryptSmac.c:70:5: warning: macro expansion producing 'defined' has undefined behavior [-Wexpansion-to-defined]
#20 4.948 ./CryptHash.h:93:49: note: expanded from macro 'SMAC_IMPLEMENTED'
#20 4.949 #define SMAC_IMPLEMENTED (defined TPM_CC_MAC || defined TPM_CC_MAC_Start)
#20 4.949                                                 ^
#20 4.963 4 warnings generated.
#20 4.970 clang -DFUZZING_BUILD_MODE_UNSAFE_FOR_PRODUCTION -pthread -Wl,--no-as-needed -Wl,-ldl -Wl,-lm -Wno-unused-command-line-argument -O3 -fsanitize-coverage=trace-pc-guard -Wall -Wmissing-declarations -Wmissing-prototypes -Wnested-externs -Wsign-compare -c -ggdb -O0 -DTPM_POSIX -DIS_POSIX -DTPM_NUVOTON -I../utils -I. -DFUZZING_BUILD_MODE_UNSAFE_FOR_PRODUCTION -DUSE_BIT_FIELD_STRUCTURES=NO EncryptDecrypt_spt.c -o EncryptDecrypt_spt.o
#20 4.972 In file included from DA.c:67:
#20 4.972 In file included from ./Tpm.h:71:
#20 4.973 In file included from ./Global.h:84:
#20 4.973 ./CryptHash.h:129:5: warning: macro expansion producing 'defined' has undefined behavior [-Wexpansion-to-defined]
#20 4.973 #if SMAC_IMPLEMENTED
#20 4.974     ^
#20 4.974 ./CryptHash.h:93:27: note: expanded from macro 'SMAC_IMPLEMENTED'
#20 4.974 #define SMAC_IMPLEMENTED (defined TPM_CC_MAC || defined TPM_CC_MAC_Start)
#20 4.975                           ^
#20 4.975 ./CryptHash.h:129:5: warning: macro expansion producing 'defined' has undefined behavior [-Wexpansion-to-defined]
#20 4.976 ./CryptHash.h:93:49: note: expanded from macro 'SMAC_IMPLEMENTED'
#20 4.978 #define SMAC_IMPLEMENTED (defined TPM_CC_MAC || defined TPM_CC_MAC_Start)
#20 4.978                                                 ^
#20 5.048 2 warnings generated.
#20 5.056 clang -DFUZZING_BUILD_MODE_UNSAFE_FOR_PRODUCTION -pthread -Wl,--no-as-needed -Wl,-ldl -Wl,-lm -Wno-unused-command-line-argument -O3 -fsanitize-coverage=trace-pc-guard -Wall -Wmissing-declarations -Wmissing-prototypes -Wnested-externs -Wsign-compare -c -ggdb -O0 -DTPM_POSIX -DIS_POSIX -DTPM_NUVOTON -I../utils -I. -DFUZZING_BUILD_MODE_UNSAFE_FOR_PRODUCTION -DUSE_BIT_FIELD_STRUCTURES=NO Entity.c -o Entity.o
#20 5.105 In file included from DictionaryCommands.c:62:
#20 5.105 In file included from ./Tpm.h:71:
#20 5.105 In file included from ./Global.h:84:
#20 5.105 ./CryptHash.h:129:5: warning: macro expansion producing 'defined' has undefined behavior [-Wexpansion-to-defined]
#20 5.106 #if SMAC_IMPLEMENTED
#20 5.106     ^
#20 5.106 ./CryptHash.h:93:27: note: expanded from macro 'SMAC_IMPLEMENTED'
#20 5.106 #define SMAC_IMPLEMENTED (defined TPM_CC_MAC || defined TPM_CC_MAC_Start)
#20 5.106                           ^
#20 5.106 ./CryptHash.h:129:5: warning: macro expansion producing 'defined' has undefined behavior [-Wexpansion-to-defined]
#20 5.107 ./CryptHash.h:93:49: note: expanded from macro 'SMAC_IMPLEMENTED'
#20 5.107 #define SMAC_IMPLEMENTED (defined TPM_CC_MAC || defined TPM_CC_MAC_Start)
#20 5.107                                                 ^
#20 5.167 2 warnings generated.
#20 5.173 In file included from DuplicationCommands.c:62:
#20 5.173 In file included from ./Tpm.h:71:
#20 5.173 In file included from ./Global.h:84:
#20 5.173 ./CryptHash.h:129:5: warning: macro expansion producing 'defined' has undefined behavior [-Wexpansion-to-defined]
#20 5.174 #if SMAC_IMPLEMENTED
#20 5.174     ^
#20 5.174 ./CryptHash.h:93:27clang -DFUZZING_BUILD_MODE_UNSAFE_FOR_PRODUCTION -pthread -Wl,--no-as-needed -Wl,-ldl -Wl,-lm -Wno-unused-command-line-argument -O3 -fsanitize-coverage=trace-pc-guard -Wall -Wmissing-declarations -Wmissing-prototypes -Wnested-externs -Wsign-compare -c -ggdb -O0 -DTPM_POSIX -DIS_POSIX -DTPM_NUVOTON -I../utils -I. -DFUZZING_BUILD_MODE_UNSAFE_FOR_PRODUCTION -DUSE_BIT_FIELD_STRUCTURES=NO Entropy.c -o Entropy.o
#20 5.174 : note: expanded from macro 'SMAC_IMPLEMENTED'
#20 5.175 #define SMAC_IMPLEMENTED (defined TPM_CC_MAC || defined TPM_CC_MAC_Start)
#20 5.175                           ^
#20 5.175 ./CryptHash.h:129:5: warning: macro expansion producing 'defined' has undefined behavior [-Wexpansion-to-defined]
#20 5.175 ./CryptHash.h:93:49: note: expanded from macro 'SMAC_IMPLEMENTED'
#20 5.175 #define SMAC_IMPLEMENTED (defined TPM_CC_MAC || defined TPM_CC_MAC_Start)
#20 5.176                                                 ^
#20 5.201 In file included from EACommands.c:62:
#20 5.201 In file included from ./Tpm.h:71:
#20 5.201 In file included from ./Global.h:842 warnings generated.
#20 5.202 :
#20 5.203 ./CryptHash.h:129:5: warning: macro expansion producing 'defined' has undefined behavior [-Wexpansion-to-defined]
#20 5.203 #if SMAC_IMPLEMENTED
#20 5.204     ^
#20 5.204 ./CryptHash.h:93:27: note: expanded from macro 'SMAC_IMPLEMENTED'
#20 5.204 #define SMAC_IMPLEMENTED (defined TPM_CC_MAC || defined TPM_CC_MAC_Start)
#20 5.204                           ^
#20 5.204 ./CryptHash.h:129:5: warning: macro expansion producing 'defined' has undefined behavior [-Wexpansion-to-defined]
#20 5.205 ./CryptHash.h:93:49: note: expanded from macro 'SMAC_IMPLEMENTED'
#20 5.205 #define SMAC_IMPLEMENTED (defined TPM_CC_MAC || defined TPM_CC_MAC_Start)
#20 5.205                                                 ^
#20 5.209 clang -DFUZZING_BUILD_MODE_UNSAFE_FOR_PRODUCTION -pthread -Wl,--no-as-needed -Wl,-ldl -Wl,-lm -Wno-unused-command-line-argument -O3 -fsanitize-coverage=trace-pc-guard -Wall -Wmissing-declarations -Wmissing-prototypes -Wnested-externs -Wsign-compare -c -ggdb -O0 -DTPM_POSIX -DIS_POSIX -DTPM_NUVOTON -I../utils -I. -DFUZZING_BUILD_MODE_UNSAFE_FOR_PRODUCTION -DUSE_BIT_FIELD_STRUCTURES=NO EphemeralCommands.c -o EphemeralCommands.o
#20 5.266 clang -DFUZZING_BUILD_MODE_UNSAFE_FOR_PRODUCTION -pthread -Wl,--no-as-needed -Wl,-ldl -Wl,-lm -Wno-unused-command-line-argument -O3 -fsanitize-coverage=trace-pc-guard -Wall -Wmissing-declarations -Wmissing-prototypes -Wnested-externs -Wsign-compare -c -ggdb -O0 -DTPM_POSIX -DIS_POSIX -DTPM_NUVOTON -I../utils -I. -DFUZZING_BUILD_MODE_UNSAFE_FOR_PRODUCTION -DUSE_BIT_FIELD_STRUCTURES=NO ExecCommand.c -o ExecCommand.o
#20 5.280 2 warnings generated.
#20 5.287 clang -DFUZZING_BUILD_MODE_UNSAFE_FOR_PRODUCTION -pthread -Wl,--no-as-needed -Wl,-ldl -Wl,-lm -Wno-unused-command-line-argument -O3 -fsanitize-coverage=trace-pc-guard -Wall -Wmissing-declarations -Wmissing-prototypes -Wnested-externs -Wsign-compare -c -ggdb -O0 -DTPM_POSIX -DIS_POSIX -DTPM_NUVOTON -I../utils -I. -DFUZZING_BUILD_MODE_UNSAFE_FOR_PRODUCTION -DUSE_BIT_FIELD_STRUCTURES=NO Global.c -o Global.o
#20 5.342 In file included from EncryptDecrypt_spt.c:63:
#20 5.343 In file included from ./Tpm.h:71:
#20 5.343 In file included from ./Global.h:84:
#20 5.343 ./CryptHash.h:129:5: warning: macro expansion producing 'defined' has undefined behavior [-Wexpansion-to-defined]
#20 5.343 #if SMAC_IMPLEMENTED
#20 5.343     ^
#20 5.343 ./CryptHash.h:93:27: note: expanded from macro 'SMAC_IMPLEMENTED'
#20 5.344 #define SMAC_IMPLEMENTED (defined TPM_CC_MAC || defined TPM_CC_MAC_Start)
#20 5.344                           ^
#20 5.344 ./CryptHash.h:129:5: warning: macro expansion producing 'defined' has undefined behavior [-Wexpansion-to-defined]
#20 5.344 ./CryptHash.h:93:49: note: expanded from macro 'SMAC_IMPLEMENTED'
#20 5.345 #define SMAC_IMPLEMENTED (defined TPM_CC_MAC || defined TPM_CC_MAC_Start)
#20 5.345                                                 ^
#20 5.382 2 warnings generated.
#20 5.389 clang -DFUZZING_BUILD_MODE_UNSAFE_FOR_PRODUCTION -pthread -Wl,--no-as-needed -Wl,-ldl -Wl,-lm -Wno-unused-command-line-argument -O3 -fsanitize-coverage=trace-pc-guard -Wall -Wmissing-declarations -Wmissing-prototypes -Wnested-externs -Wsign-compare -c -ggdb -O0 -DTPM_POSIX -DIS_POSIX -DTPM_NUVOTON -I../utils -I. -DFUZZING_BUILD_MODE_UNSAFE_FOR_PRODUCTION -DUSE_BIT_FIELD_STRUCTURES=NO Handle.c -o Handle.o
#20 5.421 In file included from Entity.c:68:
#20 5.421 In file included from ./Tpm.h:71:
#20 5.421 In file included from ./Global.h:84:
#20 5.421 ./CryptHash.h:129:5: warning: macro expansion producing 'defined' has undefined behavior [-Wexpansion-to-defined]
#20 5.422 #if SMAC_IMPLEMENTED
#20 5.422     ^
#20 5.428 ./CryptHash.h:93:27: note: expanded from macro 'SMAC_IMPLEMENTED'
#20 5.428 #define SMAC_IMPLEMENTED (defined TPM_CC_MAC || defined TPM_CC_MAC_Start)
#20 5.428                           ^
#20 5.428 ./CryptHash.h:129:5: warning: macro expansion producing 'defined' has undefined behavior [-Wexpansion-to-defined]
#20 5.428 ./CryptHash.h:93:49: note: expanded from macro 'SMAC_IMPLEMENTED'
#20 5.428 #define SMAC_IMPLEMENTED (defined TPM_CC_MAC || defined TPM_CC_MAC_Start)
#20 5.428                                                 ^
#20 5.476 2 warnings2 generated.
#20 5.476  warnings generated.
#20 5.483 clang -DFUZZING_BUILD_MODE_UNSAFE_FOR_PRODUCTION -pthread -Wl,--no-as-needed -Wl,-ldl -Wl,-lm -Wno-unused-command-line-argument -O3 -fsanitize-coverage=trace-pc-guard -Wall -Wmissing-declarations -Wmissing-prototypes -Wnested-externs -Wsign-compare -c -ggdb -O0 -DTPM_POSIX -DIS_POSIX -DTPM_NUVOTON -I../utils -I. -DFUZZING_BUILD_MODE_UNSAFE_FOR_PRODUCTION -DUSE_BIT_FIELD_STRUCTURES=NO HashCommands.c -o HashCommands.o
#20 5.496 clang -DFUZZING_BUILD_MODE_UNSAFE_FOR_PRODUCTION -pthread -Wl,--no-as-needed -Wl,-ldl -Wl,-lm -Wno-unused-command-line-argument -O3 -fsanitize-coverage=trace-pc-guard -Wall -Wmissing-declarations -Wmissing-prototypes -Wnested-externs -Wsign-compare -c -ggdb -O0 -DTPM_POSIX -DIS_POSIX -DTPM_NUVOTON -I../utils -I. -DFUZZING_BUILD_MODE_UNSAFE_FOR_PRODUCTION -DUSE_BIT_FIELD_STRUCTURES=NO Hierarchy.c -o Hierarchy.o
#20 5.534 2 warnings generated.
#20 5.541 clang -DFUZZING_BUILD_MODE_UNSAFE_FOR_PRODUCTION -pthread -Wl,--no-as-needed -Wl,-ldl -Wl,-lm -Wno-unused-command-line-argument -O3 -fsanitize-coverage=trace-pc-guard -Wall -Wmissing-declarations -Wmissing-prototypes -Wnested-externs -Wsign-compare -c -ggdb -O0 -DTPM_POSIX -DIS_POSIX -DTPM_NUVOTON -I../utils -I. -DFUZZING_BUILD_MODE_UNSAFE_FOR_PRODUCTION -DUSE_BIT_FIELD_STRUCTURES=NO HierarchyCommands.c -o HierarchyCommands.o
#20 5.551 In file included from EphemeralCommands.c:62:
#20 5.552 In file included from ./Tpm.h:71:
#20 5.553 In file included from ./Global.h:84:
#20 5.554 ./CryptHash.h:129:5: warning: macro expansion producing 'defined' has undefined behavior [-Wexpansion-to-defined]
#20 5.555 #if SMAC_IMPLEMENTED
#20 5.555     ^
#20 5.555 ./CryptHash.h:93:27: note: expanded from macro 'SMAC_IMPLEMENTED'
#20 5.556 #define SMAC_IMPLEMENTED (defined TPM_CC_MAC || defined TPM_CC_MAC_Start)
#20 5.556                           ^
#20 5.556 ./CryptHash.h:129:5: warning: macro expansion producing 'defined' has undefined behavior [-Wexpansion-to-defined]
#20 5.556 ./CryptHash.h:93:49: note: expanded from macro 'SMAC_IMPLEMENTED'
#20 5.556 #define SMAC_IMPLEMENTED (defined TPM_CC_MAC || defined TPM_CC_MAC_Start)
#20 5.556                                                 ^
#20 5.620 In file included from Global.c:68:
#20 5.620 In file included from ./Tpm.h:71:
#20 5.620 In file included from ./Global.h:84:
#20 5.621 ./CryptHash.h:129:5: warning: macro expansion producing 'defined' has undefined behavior [-Wexpansion-to-defined]
#20 5.621 #if SMAC_IMPLEMENTED
#20 5.621     ^
#20 5.621 ./CryptHash.h:93:27: note: expanded from macro 'SMAC_IMPLEMENTED'
#20 5.622 #define SMAC_IMPLEMENTED (defined TPM_CC_MAC || defined TPM_CC_MAC_Start)
#20 5.622                           ^
#20 5.623 ./CryptHash.h:129:5: warning: macro expansion producing 'defined' has undefined behavior [-Wexpansion-to-defined]
#20 5.623 ./CryptHash.h:93:49: note: expanded from macro 'SMAC_IMPLEMENTED'
#20 5.624 #define SMAC_IMPLEMENTED (defined TPM_CC_MAC || defined TPM_CC_MAC_Start)
#20 5.624                                                 ^
#20 5.634 In file included from ExecCommand.c:65:
#20 5.634 In file included from ./Tpm.h:71:
#20 5.634 In file included from ./Global.h:84:
#20 5.634 ./CryptHash.h:129:5: warning: macro expansion producing 'defined' has undefined behavior [-Wexpansion-to-defined]
#20 5.635 #if SMAC_IMPLEMENTED
#20 5.635     ^
#20 5.635 ./CryptHash.h:93:27: note: expanded from macro 'SMAC_IMPLEMENTED'
#20 5.635 #define SMAC_IMPLEMENTED (defined TPM_CC_MAC || defined TPM_CC_MAC_Start)
#20 5.635                           ^
#20 5.635 ./CryptHash.h:129:5: warning: macro expansion producing 'defined' has undefined behavior [-Wexpansion-to-defined]
#20 5.635 ./CryptHash.h:93:49: note: expanded from macro 'SMAC_IMPLEMENTED'
#20 5.636 #define SMAC_IMPLEMENTED (defined TPM_CC_MAC || defined TPM_CC_MAC_Start)
#20 5.636                                                 ^
#20 5.637 2 warnings generated.
#20 5.643 clang -DFUZZING_BUILD_MODE_UNSAFE_FOR_PRODUCTION -pthread -Wl,--no-as-needed -Wl,-ldl -Wl,-lm -Wno-unused-command-line-argument -O3 -fsanitize-coverage=trace-pc-guard -Wall -Wmissing-declarations -Wmissing-prototypes -Wnested-externs -Wsign-compare -c -ggdb -O0 -DTPM_POSIX -DIS_POSIX -DTPM_NUVOTON -I../utils -I. -DFUZZING_BUILD_MODE_UNSAFE_FOR_PRODUCTION -DUSE_BIT_FIELD_STRUCTURES=NO IoBuffers.c -o IoBuffers.o
#20 5.744 In file included from Handle.c:66:
#20 5.744 In file included from ./Tpm.h:71:
#20 5.744 In file included from ./Global.h:84:
#20 5.744 ./CryptHash.h:129:5: warning: macro expansion producing 'defined' has undefined behavior [-Wexpansion-to-defined]
#20 5.745 #if SMAC_IMPLEMENTED
#20 5.745     ^
#20 5.745 ./CryptHash.h:93:27: note: expanded from macro 'SMAC_IMPLEMENTED'
#20 5.745 #define SMAC_IMPLEMENTED (defined TPM_CC_MAC || defined TPM_CC_MAC_Start)
#20 5.745                           ^
#20 5.745 ./CryptHash.h:129:5: warning: macro expansion producing 'defined' has undefined behavior [-Wexpansion-to-defined]
#20 5.746 ./CryptHash.h:93:49: note: expanded from macro 'SMAC_IMPLEMENTED'
#20 5.746 #define SMAC_IMPLEMENTED (defined TPM_CC_MAC || defined TPM_CC_MAC_Start)
#20 5.746                                                 ^
#20 5.748 2 warnings generated.
#20 5.755 clang -DFUZZING_BUILD_MODE_UNSAFE_FOR_PRODUCTION -pthread -Wl,--no-as-needed -Wl,-ldl -Wl,-lm -Wno-unused-command-line-argument -O3 -fsanitize-coverage=trace-pc-guard -Wall -Wmissing-declarations -Wmissing-prototypes -Wnested-externs -Wsign-compare -c -ggdb -O0 -DTPM_POSIX -DIS_POSIX -DTPM_NUVOTON -I../utils -I. -DFUZZING_BUILD_MODE_UNSAFE_FOR_PRODUCTION -DUSE_BIT_FIELD_STRUCTURES=NO IntegrityCommands.c -o IntegrityCommands.o
#20 5.815 2 warnings generated.
#20 5.821 2clang -DFUZZING_BUILD_MODE_UNSAFE_FOR_PRODUCTION -pthread -Wl,--no-as-needed -Wl,-ldl -Wl,-lm -Wno-unused-command-line-argument -O3 -fsanitize-coverage=trace-pc-guard -Wall -Wmissing-declarations -Wmissing-prototypes -Wnested-externs -Wsign-compare -c -ggdb -O0 -DTPM_POSIX -DIS_POSIX -DTPM_NUVOTON -I../utils -I. -DFUZZING_BUILD_MODE_UNSAFE_FOR_PRODUCTION -DUSE_BIT_FIELD_STRUCTURES=NO Locality.c -o Locality.o
#20 5.821  warnings generated.
#20 5.828 clang -DFUZZING_BUILD_MODE_UNSAFE_FOR_PRODUCTION -pthread -Wl,--no-as-needed -Wl,-ldl -Wl,-lm -Wno-unused-command-line-argument -O3 -fsanitize-coverage=trace-pc-guard -Wall -Wmissing-declarations -Wmissing-prototypes -Wnested-externs -Wsign-compare -c -ggdb -O0 -DTPM_POSIX -DIS_POSIX -DTPM_NUVOTON -I../utils -I. -DFUZZING_BUILD_MODE_UNSAFE_FOR_PRODUCTION -DUSE_BIT_FIELD_STRUCTURES=NO LocalityPlat.c -o LocalityPlat.o
#20 5.844 In file included from HashCommands.c:62:
#20 5.845 In file included from ./Tpm.h:71:
#20 5.845 In file included from ./Global.h:84:
#20 5.845 ./CryptHash.h:129:5: warning: macro expansion producing 'defined' has undefined behavior [-Wexpansion-to-defined]
#20 5.845 #if SMAC_IMPLEMENTED
#20 5.845     ^
#20 5.845 ./CryptHash.h:93:27: note: expanded from macro 'SMAC_IMPLEMENTED'
#20 5.845 #define SMAC_IMPLEMENTED (defined TPM_CC_MAC || defined TPM_CC_MAC_Start)
#20 5.845                           ^
#20 5.845 ./CryptHash.h:129:5: warning: macro expansion producing 'defined' has undefined behavior [-Wexpansion-to-defined]
#20 5.846 ./CryptHash.h:93:49: note: expanded from macro 'SMAC_IMPLEMENTED'
#20 5.846 #define SMAC_IMPLEMENTED (defined TPM_CC_MAC || defined TPM_CC_MAC_Start)
#20 5.846                                                 ^
#20 5.858 In file included from Hierarchy.c:65:
#20 5.859 In file included from ./Tpm.h:71:
#20 5.859 In file included from ./Global.h:84:
#20 5.859 ./CryptHash.h:129:5: warning: macro expansion producing 'defined' has undefined behavior [-Wexpansion-to-defined]
#20 5.859 #if SMAC_IMPLEMENTED
#20 5.859     ^
#20 5.859 ./CryptHash.h:93:27: note: expanded from macro 'SMAC_IMPLEMENTED'
#20 5.860 #define SMAC_IMPLEMENTED (defined TPM_CC_MAC || defined TPM_CC_MAC_Start)
#20 5.860                           ^
#20 5.860 ./CryptHash.h:129:5: warning: macro expansion producing 'defined' has undefined behavior [-Wexpansion-to-defined]
#20 5.861 ./CryptHash.h:93:49: note: expanded from macro 'SMAC_IMPLEMENTED'
#20 5.861 #define SMAC_IMPLEMENTED (defined TPM_CC_MAC || defined TPM_CC_MAC_Start)
#20 5.861                                                 ^
#20 5.877 clang -DFUZZING_BUILD_MODE_UNSAFE_FOR_PRODUCTION -pthread -Wl,--no-as-needed -Wl,-ldl -Wl,-lm -Wno-unused-command-line-argument -O3 -fsanitize-coverage=trace-pc-guard -Wall -Wmissing-declarations -Wmissing-prototypes -Wnested-externs -Wsign-compare -c -ggdb -O0 -DTPM_POSIX -DIS_POSIX -DTPM_NUVOTON -I../utils -I. -DFUZZING_BUILD_MODE_UNSAFE_FOR_PRODUCTION -DUSE_BIT_FIELD_STRUCTURES=NO ManagementCommands.c -o ManagementCommands.o
#20 5.913 In file included from HierarchyCommands.c:62:
#20 5.913 In file included from ./Tpm.h:71:
#20 5.913 In file included from ./Global.h:84:
#20 5.913 ./CryptHash.h:129:5: warning: macro expansion producing 'defined' has undefined behavior [-Wexpansion-to-defined]
#20 5.914 #if SMAC_IMPLEMENTED
#20 5.914     ^
#20 5.914 ./CryptHash.h:93:27: note: expanded from macro 'SMAC_IMPLEMENTED'
#20 5.914 #define SMAC_IMPLEMENTED (defined TPM_CC_MAC || defined TPM_CC_MAC_Start)
#20 5.914                           ^
#20 5.914 ./CryptHash.h:129:5: warning: macro expansion producing 'defined' has undefined behavior [-Wexpansion-to-defined]
#20 5.915 ./CryptHash.h:93:49: note: expanded from macro 'SMAC_IMPLEMENTED'
#20 5.915 #define SMAC_IMPLEMENTED (defined TPM_CC_MAC || defined TPM_CC_MAC_Start)
#20 5.915                                                 ^
#20 5.928 2 warnings generated.
#20 5.935 clang -DFUZZING_BUILD_MODE_UNSAFE_FOR_PRODUCTION -pthread -Wl,--no-as-needed -Wl,-ldl -Wl,-lm -Wno-unused-command-line-argument -O3 -fsanitize-coverage=trace-pc-guard -Wall -Wmissing-declarations -Wmissing-prototypes -Wnested-externs -Wsign-compare -c -ggdb -O0 -DTPM_POSIX -DIS_POSIX -DTPM_NUVOTON -I../utils -I. -DFUZZING_BUILD_MODE_UNSAFE_FOR_PRODUCTION -DUSE_BIT_FIELD_STRUCTURES=NO Manufacture.c -o Manufacture.o
#20 5.991 In file included from IoBuffers.c:67:
#20 5.991 In file included from ./Tpm.h:71:
#20 5.992 In file included from ./Global.h:84:
#20 5.992 ./CryptHash.h:129:5: warning: macro expansion producing 'defined' has undefined behavior [-Wexpansion-to-defined]
#20 5.992 #if SMAC_IMPLEMENTED
#20 5.993     ^
#20 5.993 ./CryptHash.h:93:27: note: expanded from macro 'SMAC_IMPLEMENTED'
#20 5.993 #define SMAC_IMPLEMENTED (defined TPM_CC_MAC || defined TPM_CC_MAC_Start)
#20 5.993                           ^
#20 5.993 ./CryptHash.h:129:5: warning: macro expansion producing 'defined' has undefined behavior [-Wexpansion-to-defined]
#20 5.994 ./CryptHash.h:93:49: note: expanded from macro 'SMAC_IMPLEMENTED'
#20 5.994 #define SMAC_IMPLEMENTED (defined TPM_CC_MAC || defined TPM_CC_MAC_Start)
#20 5.994                                                 ^
#20 6.032 HashCommands.c:298:6: warning: macro expansion producing 'defined' has undefined behavior [-Wexpansion-to-defined]
#20 6.032 #if !SMAC_IMPLEMENTED
#20 6.032      ^
#20 6.032 ./CryptHash.h:93:27: note: expanded from macro 'SMAC_IMPLEMENTED'
#20 6.032 #define SMAC_IMPLEMENTED (defined TPM_CC_MAC || defined TPM_CC_MAC_Start)
#20 6.033                           ^
#20 6.033 HashCommands.c:298:6: warning: macro expansion producing 'defined' has undefined behavior [-Wexpansion-to-defined]
#20 6.033 ./CryptHash.h:93:49: note: expanded from macro 'SMAC_IMPLEMENTED'
#20 6.033 #define SMAC_IMPLEMENTED (defined TPM_CC_MAC || defined TPM_CC_MAC_Start)
#20 6.033                                                 ^
#20 6.048 2 warnings generated.
#20 6.054 4 warnings generated.
#20 6.055 clang -DFUZZING_BUILD_MODE_UNSAFE_FOR_PRODUCTION -pthread -Wl,--no-as-needed -Wl,-ldl -Wl,-lm -Wno-unused-command-line-argument -O3 -fsanitize-coverage=trace-pc-guard -Wall -Wmissing-declarations -Wmissing-prototypes -Wnested-externs -Wsign-compare -c -ggdb -O0 -DTPM_POSIX -DIS_POSIX -DTPM_NUVOTON -I../utils -I. -DFUZZING_BUILD_MODE_UNSAFE_FOR_PRODUCTION -DUSE_BIT_FIELD_STRUCTURES=NO Marshal.c -o Marshal.o
#20 6.061 clang -DFUZZING_BUILD_MODE_UNSAFE_FOR_PRODUCTION -pthread -Wl,--no-as-needed -Wl,-ldl -Wl,-lm -Wno-unused-command-line-argument -O3 -fsanitize-coverage=trace-pc-guard -Wall -Wmissing-declarations -Wmissing-prototypes -Wnested-externs -Wsign-compare -c -ggdb -O0 -DTPM_POSIX -DIS_POSIX -DTPM_NUVOTON -I../utils -I. -DFUZZING_BUILD_MODE_UNSAFE_FOR_PRODUCTION -DUSE_BIT_FIELD_STRUCTURES=NO MathOnByteBuffers.c -o MathOnByteBuffers.o
#20 6.099 In file included from IntegrityCommands.c:62:
#20 6.099 In file included from ./Tpm.h:71:
#20 6.099 In file included from ./Global.h:84:
#20 6.099 ./CryptHash.h:129:5: warning: macro expansion producing 'defined' has undefined behavior [-Wexpansion-to-defined]
#20 6.099 #if SMAC_IMPLEMENTED
#20 6.099     ^
#20 6.100 ./CryptHash.h:93:27: note: expanded from macro 'SMAC_IMPLEMENTED'
#20 6.100 #define SMAC_IMPLEMENTED (defined TPM_CC_MAC || defined TPM_CC_MAC_Start)
#20 6.100                           ^
#20 6.100 ./CryptHash.h:129:5: warning: macro expansion producing 'defined' has undefined behavior [-Wexpansion-to-defined]
#20 6.101 ./CryptHash.h:93:49: note: expanded from macro 'SMAC_IMPLEMENTED'
#20 6.101 #define SMAC_IMPLEMENTED (defined TPM_CC_MAC || defined TPM_CC_MAC_Start)
#20 6.101                                                 ^
#20 6.129 2 warnings generated.
#20 6.137 clang -DFUZZING_BUILD_MODE_UNSAFE_FOR_PRODUCTION -pthread -Wl,--no-as-needed -Wl,-ldl -Wl,-lm -Wno-unused-command-line-argument -O3 -fsanitize-coverage=trace-pc-guard -Wall -Wmissing-declarations -Wmissing-prototypes -Wnested-externs -Wsign-compare -c -ggdb -O0 -DTPM_POSIX -DIS_POSIX -DTPM_NUVOTON -I../utils -I. -DFUZZING_BUILD_MODE_UNSAFE_FOR_PRODUCTION -DUSE_BIT_FIELD_STRUCTURES=NO Memory.c -o Memory.o
#20 6.171 In file included from Locality.c:64:
#20 6.172 In file included from ./Tpm.h:71:
#20 6.172 In file included from ./Global.h:84:
#20 6.172 ./CryptHash.h:129:5: warning: macro expansion producing 'defined' has undefined behavior [-Wexpansion-to-defined]
#20 6.173 #if SMAC_IMPLEMENTED
#20 6.173     ^
#20 6.173 ./CryptHash.h:93:27: note: expanded from macro 'SMAC_IMPLEMENTED'
#20 6.173 #define SMAC_IMPLEMENTED (defined TPM_CC_MAC || defined TPM_CC_MAC_Start)
#20 6.173                           ^
#20 6.173 ./CryptHash.h:129:5: warning: macro expansion producing 'defined' has undefined behavior [-Wexpansion-to-defined]
#20 6.173 ./CryptHash.h:93:49: note: expanded from macro 'SMAC_IMPLEMENTED'
#20 6.174 #define SMAC_IMPLEMENTED (defined TPM_CC_MAC || defined TPM_CC_MAC_Start)
#20 6.174                                                 ^
#20 6.179 2 warnings generated.
#20 6.186 clang -DFUZZING_BUILD_MODE_UNSAFE_FOR_PRODUCTION -pthread -Wl,--no-as-needed -Wl,-ldl -Wl,-lm -Wno-unused-command-line-argument -O3 -fsanitize-coverage=trace-pc-guard -Wall -Wmissing-declarations -Wmissing-prototypes -Wnested-externs -Wsign-compare -c -ggdb -O0 -DTPM_POSIX -DIS_POSIX -DTPM_NUVOTON -I../utils -I. -DFUZZING_BUILD_MODE_UNSAFE_FOR_PRODUCTION -DUSE_BIT_FIELD_STRUCTURES=NO NVCommands.c -o NVCommands.o
#20 6.231 In file included from ManagementCommands.c:62:
#20 6.231 In file included from ./Tpm.h:71:
#20 6.232 In file included from ./Global.h:84:
#20 6.232 ./CryptHash.h:129:5: warning: macro expansion producing 'defined' has undefined behavior [-Wexpansion-to-defined]
#20 6.232 #if SMAC_IMPLEMENTED
#20 6.232     ^
#20 6.232 ./CryptHash.h:93:27: note: expanded from macro 'SMAC_IMPLEMENTED'
#20 6.233 #define SMAC_IMPLEMENTED (defined TPM_CC_MAC || defined TPM_CC_MAC_Start)
#20 6.233                           ^
#20 6.233 ./CryptHash.h:129:5: warning: macro expansion producing 'defined' has undefined behavior [-Wexpansion-to-defined]
#20 6.233 ./CryptHash.h:93:49: note: expanded from macro 'SMAC_IMPLEMENTED'
#20 6.233 #define SMAC_IMPLEMENTED (defined TPM_CC_MAC || defined TPM_CC_MAC_Start)
#20 6.234                                                 ^
#20 6.286 In file included from Manufacture.c:69:
#20 6.286 In file included from ./Tpm.h:71:
#20 6.286 In file included from ./Global.h:84:
#20 6.286 ./CryptHash.h:129:5: warning: macro expansion producing 'defined' has undefined behavior [-Wexpansion-to-defined]
#20 6.287 #if SMAC_IMPLEMENTED
#20 6.287     ^
#20 6.287 ./CryptHash.h:93:27: note: expanded from macro 'SMAC_IMPLEMENTED'
#20 6.287 #define SMAC_IMPLEMENTED (defined TPM_CC_MAC || defined TPM_CC_MAC_Start)
#20 6.288                           ^
#20 6.288 ./CryptHash.h:129:5: warning: macro expansion producing 'defined' has undefined behavior [-Wexpansion-to-defined]
#20 6.288 ./CryptHash.h:93:49: note: expanded from macro 'SMAC_IMPLEMENTED'
#20 6.288 #define SMAC_IMPLEMENTED (defined TPM_CC_MAC || defined TPM_CC_MAC_Start)
#20 6.288                                                 ^
#20 6.310 2 warnings generated.
#20 6.317 clang -DFUZZING_BUILD_MODE_UNSAFE_FOR_PRODUCTION -pthread -Wl,--no-as-needed -Wl,-ldl -Wl,-lm -Wno-unused-command-line-argument -O3 -fsanitize-coverage=trace-pc-guard -Wall -Wmissing-declarations -Wmissing-prototypes -Wnested-externs -Wsign-compare -c -ggdb -O0 -DTPM_POSIX -DIS_POSIX -DTPM_NUVOTON -I../utils -I. -DFUZZING_BUILD_MODE_UNSAFE_FOR_PRODUCTION -DUSE_BIT_FIELD_STRUCTURES=NO NVDynamic.c -o NVDynamic.o
#20 6.358 2 warnings generated.
#20 6.364 clang -DFUZZING_BUILD_MODE_UNSAFE_FOR_PRODUCTION -pthread -Wl,--no-as-needed -Wl,-ldl -Wl,-lm -Wno-unused-command-line-argument -O3 -fsanitize-coverage=trace-pc-guard -Wall -Wmissing-declarations -Wmissing-prototypes -Wnested-externs -Wsign-compare -c -ggdb -O0 -DTPM_POSIX -DIS_POSIX -DTPM_NUVOTON -I../utils -I. -DFUZZING_BUILD_MODE_UNSAFE_FOR_PRODUCTION -DUSE_BIT_FIELD_STRUCTURES=NO NVMem.c -o NVMem.o
#20 6.407 In file included from MathOnByteBuffers.c:66:
#20 6.407 In file included from ./Tpm.h:71:
#20 6.407 In file included from ./Global.h:84:
#20 6.407 ./CryptHash.h:129:5: warning: macro expansion producing 'defined' has undefined behavior [-Wexpansion-to-defined]
#20 6.407 #if SMAC_IMPLEMENTED
#20 6.407     ^
#20 6.407 ./CryptHash.h:93In file included from Marshal.c::27: note: expanded from macro 'SMAC_IMPLEMENTED'
#20 6.407 66#define SMAC_IMPLEMENTED (defined TPM_CC_MAC || defined TPM_CC_MAC_Start)
#20 6.407                           ^
#20 6.408 ./CryptHash.h:129:5:
#20 6.408 In file included from ./Tpm.h:71:
#20 6.408 In file included from ./Global.h:84:
#20 6.408 ./CryptHash.h:129:5: warning: macro expansion producing 'defined' has undefined behavior [-Wexpansion-to-defined]
#20 6.408 : warning: macro expansion producing 'defined' has undefined behavior [-Wexpansion-to-defined]
#20 6.408 ./CryptHash.h:#if SMAC_IMPLEMENTED
#20 6.408     ^
#20 6.408 93:49: note: expanded from macro 'SMAC_IMPLEMENTED'
#20 6.408 ./CryptHash.h#define SMAC_IMPLEMENTED (defined TPM_CC_MAC || defined TPM_CC_MAC_Start)
#20 6.408                                                 ^
#20 6.408 :93:27: note: expanded from macro 'SMAC_IMPLEMENTED'
#20 6.409 #define SMAC_IMPLEMENTED (defined TPM_CC_MAC || defined TPM_CC_MAC_Start)
#20 6.409                           ^
#20 6.409 ./CryptHash.h:129:5: warning: macro expansion producing 'defined' has undefined behavior [-Wexpansion-to-defined]
#20 6.409 ./CryptHash.h:93:49: note: expanded from macro 'SMAC_IMPLEMENTED'
#20 6.410 #define SMAC_IMPLEMENTED (defined TPM_CC_MAC || defined TPM_CC_MAC_Start)
#20 6.410                                                 ^
#20 6.410 2 warnings generated.
#20 6.417 clang -DFUZZING_BUILD_MODE_UNSAFE_FOR_PRODUCTION -pthread -Wl,--no-as-needed -Wl,-ldl -Wl,-lm -Wno-unused-command-line-argument -O3 -fsanitize-coverage=trace-pc-guard -Wall -Wmissing-declarations -Wmissing-prototypes -Wnested-externs -Wsign-compare -c -ggdb -O0 -DTPM_POSIX -DIS_POSIX -DTPM_NUVOTON -I../utils -I. -DFUZZING_BUILD_MODE_UNSAFE_FOR_PRODUCTION -DUSE_BIT_FIELD_STRUCTURES=NO NVReserved.c -o NVReserved.o
#20 6.422 NVMem.c:225:25: warning: if statement has empty body [-Wempty-body]
#20 6.423     if(NULL != s_NvFile);
#20 6.423                         ^
#20 6.424 NVMem.c:225:25: note: put the semicolon on a separate line to silence this warning
#20 6.449 1 warning generated.
#20 6.453 clang -DFUZZING_BUILD_MODE_UNSAFE_FOR_PRODUCTION -pthread -Wl,--no-as-needed -Wl,-ldl -Wl,-lm -Wno-unused-command-line-argument -O3 -fsanitize-coverage=trace-pc-guard -Wall -Wmissing-declarations -Wmissing-prototypes -Wnested-externs -Wsign-compare -c -ggdb -O0 -DTPM_POSIX -DIS_POSIX -DTPM_NUVOTON -I../utils -I. -DFUZZING_BUILD_MODE_UNSAFE_FOR_PRODUCTION -DUSE_BIT_FIELD_STRUCTURES=NO NV_spt.c -o NV_spt.o
#20 6.485 2 warnings generated.
#20 6.492 clang -DFUZZING_BUILD_MODE_UNSAFE_FOR_PRODUCTION -pthread -Wl,--no-as-needed -Wl,-ldl -Wl,-lm -Wno-unused-command-line-argument -O3 -fsanitize-coverage=trace-pc-guard -Wall -Wmissing-declarations -Wmissing-prototypes -Wnested-externs -Wsign-compare -c -ggdb -O0 -DTPM_POSIX -DIS_POSIX -DTPM_NUVOTON -I../utils -I. -DFUZZING_BUILD_MODE_UNSAFE_FOR_PRODUCTION -DUSE_BIT_FIELD_STRUCTURES=NO Object.c -o Object.o
#20 6.501 In file included from Memory.c:71:
#20 6.502 In file included from ./Tpm.h:71:
#20 6.502 In file included from ./Global.h:84:
#20 6.502 ./CryptHash.h:129:5: warning: macro expansion producing 'defined' has undefined behavior [-Wexpansion-to-defined]
#20 6.502 #if SMAC_IMPLEMENTED
#20 6.503     ^
#20 6.503 ./CryptHash.h:93:27: note: expanded from macro 'SMAC_IMPLEMENTED'
#20 6.503 #define SMAC_IMPLEMENTED (defined TPM_CC_MAC || defined TPM_CC_MAC_Start)
#20 6.503                           ^
#20 6.503 ./CryptHash.h:129:5: warning: macro expansion producing 'defined' has undefined behavior [-Wexpansion-to-defined]
#20 6.504 ./CryptHash.h:93:49: note: expanded from macro 'SMAC_IMPLEMENTED'
#20 6.504 #define SMAC_IMPLEMENTED (defined TPM_CC_MAC || defined TPM_CC_MAC_Start)
#20 6.504                                                 ^
#20 6.529 In file included from NVCommands.c:62:
#20 6.529 In file included from ./Tpm.h:71:
#20 6.530 In file included from ./Global.h:84:
#20 6.530 ./CryptHash.h:129:5: warning: macro expansion producing 'defined' has undefined behavior [-Wexpansion-to-defined]
#20 6.530 #if SMAC_IMPLEMENTED
#20 6.530     ^
#20 6.530 ./CryptHash.h:93:27: note: expanded from macro 'SMAC_IMPLEMENTED'
#20 6.531 #define SMAC_IMPLEMENTED (defined TPM_CC_MAC || defined TPM_CC_MAC_Start)
#20 6.531                           ^
#20 6.531 ./CryptHash.h:129:5: warning: macro expansion producing 'defined' has undefined behavior [-Wexpansion-to-defined]
#20 6.531 ./CryptHash.h:93:49: note: expanded from macro 'SMAC_IMPLEMENTED'
#20 6.532 #define SMAC_IMPLEMENTED (defined TPM_CC_MAC || defined TPM_CC_MAC_Start)
#20 6.532                                                 ^
#20 6.652 Marshal.c:1388:12: warning: explicitly assigning value of variable of type 'TPMS_ENC_SCHEME_RSAES *' (aka 'unsigned char *') to itself [-Wself-assign]
#20 6.652     source = source;
#20 6.652     ~~~~~~ ^ ~~~~~~
#20 6.652 Marshal.c:1389:12: warning: explicitly assigning value of variable of type 'BYTE **' (aka 'unsigned char **') to itself [-Wself-assign]
#20 6.653     buffer = buffer;
#20 6.653     ~~~~~~ ^ ~~~~~~
#20 6.653 Marshal.c:1390:10: warning: explicitly assigning value of variable of type 'INT32 *' (aka 'int *') to itself [-Wself-assign]
#20 6.653     size = size;
#20 6.654     ~~~~ ^ ~~~~
#20 6.673 In file included from NVDynamic.c:65:
#20 6.673 In file included from ./Tpm.h:71:
#20 6.673 In file included from ./Global.h:84:
#20 6.673 ./CryptHash.h:129:5: warning: macro expansion producing 'defined' has undefined behavior [-Wexpansion-to-defined]
#20 6.674 #if SMAC_IMPLEMENTED
#20 6.674     ^
#20 6.674 ./CryptHash.h:93:27: note: expanded from macro 'SMAC_IMPLEMENTED'
#20 6.674 #define SMAC_IMPLEMENTED (defined TPM_CC_MAC || defined TPM_CC_MAC_Start)
#20 6.674                           ^
#20 6.674 ./CryptHash.h:129:5: warning: macro expansion producing 'defined' has undefined behavior [-Wexpansion-to-defined]
#20 6.675 ./CryptHash.h:93:49: note: expanded from macro 'SMAC_IMPLEMENTED'
#20 6.675 #define SMAC_IMPLEMENTED (defined TPM_CC_MAC || defined TPM_CC_MAC_Start)
#20 6.675                                                 ^
#20 6.695 2 warnings generated.
#20 6.702 clang -DFUZZING_BUILD_MODE_UNSAFE_FOR_PRODUCTION -pthread -Wl,--no-as-needed -Wl,-ldl -Wl,-lm -Wno-unused-command-line-argument -O3 -fsanitize-coverage=trace-pc-guard -Wall -Wmissing-declarations -Wmissing-prototypes -Wnested-externs -Wsign-compare -c -ggdb -O0 -DTPM_POSIX -DIS_POSIX -DTPM_NUVOTON -I../utils -I. -DFUZZING_BUILD_MODE_UNSAFE_FOR_PRODUCTION -DUSE_BIT_FIELD_STRUCTURES=NO ObjectCommands.c -o ObjectCommands.o
#20 6.764 In file included from NVReserved.c:65:
#20 6.765 In file included from ./Tpm.h:71:
#20 6.765 In file included from ./Global.h:84:
#20 6.765 ./CryptHash.h:129:5: warning: macro expansion producing 'defined' has undefined behavior [-Wexpansion-to-defined]
#20 6.766 #if SMAC_IMPLEMENTED
#20 6.766     ^
#20 6.766 ./CryptHash.h:93:27: note: expanded from macro 'SMAC_IMPLEMENTED'
#20 6.766 #define SMAC_IMPLEMENTED (defined TPM_CC_MAC || defined TPM_CC_MAC_Start)
#20 6.766                           ^
#20 6.767 ./CryptHash.h:129:5: warning: macro expansion producing 'defined' has undefined behavior [-Wexpansion-to-defined]
#20 6.767 ./CryptHash.h:93:49: note: expanded from macro 'SMAC_IMPLEMENTED'
#20 6.767 #define SMAC_IMPLEMENTED (defined TPM_CC_MAC || defined TPM_CC_MAC_Start)
#20 6.768                                                 ^
#20 6.769 2 warnings generated.
#20 6.776 clang -DFUZZING_BUILD_MODE_UNSAFE_FOR_PRODUCTION -pthread -Wl,--no-as-needed -Wl,-ldl -Wl,-lm -Wno-unused-command-line-argument -O3 -fsanitize-coverage=trace-pc-guard -Wall -Wmissing-declarations -Wmissing-prototypes -Wnested-externs -Wsign-compare -c -ggdb -O0 -DTPM_POSIX -DIS_POSIX -DTPM_NUVOTON -I../utils -I. -DFUZZING_BUILD_MODE_UNSAFE_FOR_PRODUCTION -DUSE_BIT_FIELD_STRUCTURES=NO Object_spt.c -o Object_spt.o
#20 6.804 In file included from NV_spt.c:64:
#20 6.804 In file included from ./Tpm.h:71:
#20 6.804 In file included from ./Global.h:84:
#20 6.804 ./CryptHash.h:129:5: warning: macro expansion producing 'defined' has undefined behavior [-Wexpansion-to-defined]
#20 6.805 #if SMAC_IMPLEMENTED
#20 6.805     ^
#20 6.805 ./CryptHash.h:93:27: note: expanded from macro 'SMAC_IMPLEMENTED'
#20 6.805 #define SMAC_IMPLEMENTED (defined TPM_CC_MAC || defined TPM_CC_MAC_Start)
#20 6.805                           ^
#20 6.805 ./CryptHash.h:129:5: warning: macro expansion producing 'defined' has undefined behavior [-Wexpansion-to-defined]
#20 6.806 ./CryptHash.h:93:49: note: expanded from macro 'SMAC_IMPLEMENTED'
#20 6.806 #define SMAC_IMPLEMENTED (defined TPM_CC_MAC || defined TPM_CC_MAC_Start)
#20 6.806                                                 ^
#20 6.839 5 warnings generated.
#20 6.846 clang -DFUZZING_BUILD_MODE_UNSAFE_FOR_PRODUCTION -pthread -Wl,--no-as-needed -Wl,-ldl -Wl,-lm -Wno-unused-command-line-argument -O3 -fsanitize-coverage=trace-pc-guard -Wall -Wmissing-declarations -Wmissing-prototypes -Wnested-externs -Wsign-compare -c -ggdb -O0 -DTPM_POSIX -DIS_POSIX -DTPM_NUVOTON -I../utils -I. -DFUZZING_BUILD_MODE_UNSAFE_FOR_PRODUCTION -DUSE_BIT_FIELD_STRUCTURES=NO PCR.c -o PCR.o
#20 6.864 In file included from Object.c:67:
#20 6.864 In file included from ./Tpm.h:71:
#20 6.864 In file included from ./Global.h:84:
#20 6.864 ./CryptHash.h:129:5: warning: macro expansion producing 'defined' has undefined behavior [-Wexpansion-to-defined]
#20 6.865 #if SMAC_IMPLEMENTED
#20 6.865     ^
#20 6.865 ./CryptHash.h:93:27: note: expanded from macro 'SMAC_IMPLEMENTED'
#20 6.865 #define SMAC_IMPLEMENTED (defined TPM_CC_MAC || defined TPM_CC_MAC_Start)
#20 6.865                           ^
#20 6.865 ./CryptHash.h:129:5: warning: macro expansion producing 'defined' has undefined behavior [-Wexpansion-to-defined]
#20 6.866 ./CryptHash.h:93:49: note: expanded from macro 'SMAC_IMPLEMENTED'
#20 6.866 #define SMAC_IMPLEMENTED (defined TPM_CC_MAC || defined TPM_CC_MAC_Start)
#20 6.866                                                 ^
#20 6.960 2 warnings generated.
#20 6.967 clang -DFUZZING_BUILD_MODE_UNSAFE_FOR_PRODUCTION -pthread -Wl,--no-as-needed -Wl,-ldl -Wl,-lm -Wno-unused-command-line-argument -O3 -fsanitize-coverage=trace-pc-guard -Wall -Wmissing-declarations -Wmissing-prototypes -Wnested-externs -Wsign-compare -c -ggdb -O0 -DTPM_POSIX -DIS_POSIX -DTPM_NUVOTON -I../utils -I. -DFUZZING_BUILD_MODE_UNSAFE_FOR_PRODUCTION -DUSE_BIT_FIELD_STRUCTURES=NO PP.c -o PP.o
#20 6.970 2 warnings generated.
#20 6.978 clang -DFUZZING_BUILD_MODE_UNSAFE_FOR_PRODUCTION -pthread -Wl,--no-as-needed -Wl,-ldl -Wl,-lm -Wno-unused-command-line-argument -O3 -fsanitize-coverage=trace-pc-guard -Wall -Wmissing-declarations -Wmissing-prototypes -Wnested-externs -Wsign-compare -c -ggdb -O0 -DTPM_POSIX -DIS_POSIX -DTPM_NUVOTON -I../utils -I. -DFUZZING_BUILD_MODE_UNSAFE_FOR_PRODUCTION -DUSE_BIT_FIELD_STRUCTURES=NO PPPlat.c -o PPPlat.o
#20 6.981 2 warnings generated.
#20 6.987 clang -DFUZZING_BUILD_MODE_UNSAFE_FOR_PRODUCTION -pthread -Wl,--no-as-needed -Wl,-ldl -Wl,-lm -Wno-unused-command-line-argument -O3 -fsanitize-coverage=trace-pc-guard -Wall -Wmissing-declarations -Wmissing-prototypes -Wnested-externs -Wsign-compare -c -ggdb -O0 -DTPM_POSIX -DIS_POSIX -DTPM_NUVOTON -I../utils -I. -DFUZZING_BUILD_MODE_UNSAFE_FOR_PRODUCTION -DUSE_BIT_FIELD_STRUCTURES=NO PlatformData.c -o PlatformData.o
#20 7.019 clang -DFUZZING_BUILD_MODE_UNSAFE_FOR_PRODUCTION -pthread -Wl,--no-as-needed -Wl,-ldl -Wl,-lm -Wno-unused-command-line-argument -O3 -fsanitize-coverage=trace-pc-guard -Wall -Wmissing-declarations -Wmissing-prototypes -Wnested-externs -Wsign-compare -c -ggdb -O0 -DTPM_POSIX -DIS_POSIX -DTPM_NUVOTON -I../utils -I. -DFUZZING_BUILD_MODE_UNSAFE_FOR_PRODUCTION -DUSE_BIT_FIELD_STRUCTURES=NO Policy_spt.c -o Policy_spt.o
#20 7.024 clang -DFUZZING_BUILD_MODE_UNSAFE_FOR_PRODUCTION -pthread -Wl,--no-as-needed -Wl,-ldl -Wl,-lm -Wno-unused-command-line-argument -O3 -fsanitize-coverage=trace-pc-guard -Wall -Wmissing-declarations -Wmissing-prototypes -Wnested-externs -Wsign-compare -c -ggdb -O0 -DTPM_POSIX -DIS_POSIX -DTPM_NUVOTON -I../utils -I. -DFUZZING_BUILD_MODE_UNSAFE_FOR_PRODUCTION -DUSE_BIT_FIELD_STRUCTURES=NO Power.c -o Power.o
#20 7.051 Object.c:539:6: warning: macro expansion producing 'defined' has undefined behavior [-Wexpansion-to-defined]
#20 7.052 #if !SMAC_IMPLEMENTED
#20 7.052      ^
#20 7.052 ./CryptHash.h:93:27: note: expanded from macro 'SMAC_IMPLEMENTED'
#20 7.052 #define SMAC_IMPLEMENTED (defined TPM_CC_MAC || defined TPM_CC_MAC_Start)
#20 7.052                           ^
#20 7.052 Object.c:539:6: warning: macro expansion producing 'defined' has undefined behavior [-Wexpansion-to-defined]
#20 7.052 ./CryptHash.h:93:49: note: expanded from macro 'SMAC_IMPLEMENTED'
#20 7.052 #define SMAC_IMPLEMENTED (defined TPM_CC_MAC || defined TPM_CC_MAC_Start)
#20 7.052                                                 ^
#20 7.062 In file included from ObjectCommands.c:62:
#20 7.062 In file included from ./Tpm.h:71:
#20 7.062 In file included from ./Global.h:84:
#20 7.062 ./CryptHash.h:129:5: warning: macro expansion producing 'defined' has undefined behavior [-Wexpansion-to-defined]
#20 7.063 #if SMAC_IMPLEMENTED
#20 7.063     ^
#20 7.063 ./CryptHash.h:93:27: note: expanded from macro 'SMAC_IMPLEMENTED'
#20 7.063 #define SMAC_IMPLEMENTED (defined TPM_CC_MAC || defined TPM_CC_MAC_Start)
#20 7.063                           ^
#20 7.064 ./CryptHash.h:129:5: warning: macro expansion producing 'defined' has undefined behavior [-Wexpansion-to-defined]
#20 7.064 ./CryptHash.h:93:49: note: expanded from macro 'SMAC_IMPLEMENTED'
#20 7.064 #define SMAC_IMPLEMENTED (defined TPM_CC_MAC || defined TPM_CC_MAC_Start)
#20 7.064                                                 ^
#20 7.113 4 warnings generated.
#20 7.120 clang -DFUZZING_BUILD_MODE_UNSAFE_FOR_PRODUCTION -pthread -Wl,--no-as-needed -Wl,-ldl -Wl,-lm -Wno-unused-command-line-argument -O3 -fsanitize-coverage=trace-pc-guard -Wall -Wmissing-declarations -Wmissing-prototypes -Wnested-externs -Wsign-compare -c -ggdb -O0 -DTPM_POSIX -DIS_POSIX -DTPM_NUVOTON -I../utils -I. -DFUZZING_BUILD_MODE_UNSAFE_FOR_PRODUCTION -DUSE_BIT_FIELD_STRUCTURES=NO PowerPlat.c -o PowerPlat.o
#20 7.121 In file included from Object_spt.c:64:
#20 7.121 In file included from ./Tpm.h:71:
#20 7.121 In file included from ./Global.h:84:
#20 7.122 ./CryptHash.h:129:5: warning: macro expansion producing 'defined' has undefined behavior [-Wexpansion-to-defined]
#20 7.122 #if SMAC_IMPLEMENTED
#20 7.122     ^
#20 7.122 ./CryptHash.h:93:27: note: expanded from macro 'SMAC_IMPLEMENTED'
#20 7.122 #define SMAC_IMPLEMENTED (defined TPM_CC_MAC || defined TPM_CC_MAC_Start)
#20 7.123                           ^
#20 7.123 ./CryptHash.h:129:5: warning: macro expansion producing 'defined' has undefined behavior [-Wexpansion-to-defined]
#20 7.123 ./CryptHash.h:93:49: note: expanded from macro 'SMAC_IMPLEMENTED'
#20 7.123 #define SMAC_IMPLEMENTED (defined TPM_CC_MAC || defined TPM_CC_MAC_Start)
#20 7.123                                                 ^
#20 7.162 2 warnings generated.
#20 7.164 clang -DFUZZING_BUILD_MODE_UNSAFE_FOR_PRODUCTION -pthread -Wl,--no-as-needed -Wl,-ldl -Wl,-lm -Wno-unused-command-line-argument -O3 -fsanitize-coverage=trace-pc-guard -Wall -Wmissing-declarations -Wmissing-prototypes -Wnested-externs -Wsign-compare -c -ggdb -O0 -DTPM_POSIX -DIS_POSIX -DTPM_NUVOTON -I../utils -I. -DFUZZING_BUILD_MODE_UNSAFE_FOR_PRODUCTION -DUSE_BIT_FIELD_STRUCTURES=NO PrimeData.c -o PrimeData.o
#20 7.172 clang -DFUZZING_BUILD_MODE_UNSAFE_FOR_PRODUCTION -pthread -Wl,--no-as-needed -Wl,-ldl -Wl,-lm -Wno-unused-command-line-argument -O3 -fsanitize-coverage=trace-pc-guard -Wall -Wmissing-declarations -Wmissing-prototypes -Wnested-externs -Wsign-compare -c -ggdb -O0 -DTPM_POSIX -DIS_POSIX -DTPM_NUVOTON -I../utils -I. -DFUZZING_BUILD_MODE_UNSAFE_FOR_PRODUCTION -DUSE_BIT_FIELD_STRUCTURES=NO PropertyCap.c -o PropertyCap.o
#20 7.198 In file included from PCR.c:73:
#20 7.199 In file included from ./Tpm.h:71:
#20 7.199 In file included from ./Global.h:84:
#20 7.200 ./CryptHash.h:129:5: warning: macro expansion producing 'defined' has undefined behavior [-Wexpansion-to-defined]
#20 7.200 #if SMAC_IMPLEMENTED
#20 7.201     ^
#20 7.201 ./CryptHash.h:93:27: note: expanded from macro 'SMAC_IMPLEMENTED'
#20 7.201 #define SMAC_IMPLEMENTED (defined TPM_CC_MAC || defined TPM_CC_MAC_Start)
#20 7.201                           ^
#20 7.201 ./CryptHash.h:129:5: warning: macro expansion producing 'defined' has undefined behavior [-Wexpansion-to-defined]
#20 7.202 ./CryptHash.h:93:49: note: expanded from macro 'SMAC_IMPLEMENTED'
#20 7.202 #define SMAC_IMPLEMENTED (defined TPM_CC_MAC || defined TPM_CC_MAC_Start)
#20 7.203                                                 ^
#20 7.289 2 warnings generated.
#20 7.296 clang -DFUZZING_BUILD_MODE_UNSAFE_FOR_PRODUCTION -pthread -Wl,--no-as-needed -Wl,-ldl -Wl,-lm -Wno-unused-command-line-argument -O3 -fsanitize-coverage=trace-pc-guard -Wall -Wmissing-declarations -Wmissing-prototypes -Wnested-externs -Wsign-compare -c -ggdb -O0 -DTPM_POSIX -DIS_POSIX -DTPM_NUVOTON -I../utils -I. -DFUZZING_BUILD_MODE_UNSAFE_FOR_PRODUCTION -DUSE_BIT_FIELD_STRUCTURES=NO RandomCommands.c -o RandomCommands.o
#20 7.331 In file included from PP.c:66:
#20 7.331 In file included from ./Tpm.h:71:
#20 7.332 In file included from ./Global.h:84:
#20 7.332 ./CryptHash.h:129:5: warning: macro expansion producing 'defined' has undefined behavior [-Wexpansion-to-defined]
#20 7.332 #if SMAC_IMPLEMENTED
#20 7.332     ^
#20 7.332 ./CryptHash.h:93:27: note: expanded from macro 'SMAC_IMPLEMENTED'
#20 7.333 #define SMAC_IMPLEMENTED (defined TPM_CC_MAC || defined TPM_CC_MAC_Start)
#20 7.333                           ^
#20 7.333 ./CryptHash.h:129:5: warning: macro expansion producing 'defined' has undefined behavior [-Wexpansion-to-defined]
#20 7.333 ./CryptHash.h:93:49: note: expanded from macro 'SMAC_IMPLEMENTED'
#20 7.334 #define SMAC_IMPLEMENTED (defined TPM_CC_MAC || defined TPM_CC_MAC_Start)
#20 7.334                                                 ^
#20 7.361 In file included from Policy_spt.c:63:
#20 7.362 In file included from ./Tpm.h:71:
#20 7.362 In file included from ./Global.h:84:
#20 7.362 ./CryptHash.h:129:5: warning: macro expansion producing 'defined' has undefined behavior [-Wexpansion-to-defined]
#20 7.362 #if SMAC_IMPLEMENTED
#20 7.362     ^
#20 7.362 ./CryptHash.h:93:27: note: expanded from macro 'SMAC_IMPLEMENTED'
#20 7.363 #define SMAC_IMPLEMENTED (defined TPM_CC_MAC || defined TPM_CC_MAC_Start)
#20 7.363                           ^
#20 7.363 ./CryptHash.h:129:5: warning: macro expansion producing 'defined' has undefined behavior [-Wexpansion-to-defined]
#20 7.363 ./CryptHash.h:93:49: note: expanded from macro 'SMAC_IMPLEMENTED'
#20 7.364 #define SMAC_IMPLEMENTED (defined TPM_CC_MAC || defined TPM_CC_MAC_Start)
#20 7.364                                                 ^
#20 7.375 In file included from Power.c:67:
#20 7.376 In file included from ./Tpm.h:71:
#20 7.376 In file included from ./Global.h:84:
#20 7.376 ./CryptHash.h:129:5: warning: macro expansion producing 'defined' has undefined behavior [-Wexpansion-to-defined]
#20 7.376 #if SMAC_IMPLEMENTED
#20 7.376     ^
#20 7.376 ./CryptHash.h:93:27: note: expanded from macro 'SMAC_IMPLEMENTED'
#20 7.377 #define SMAC_IMPLEMENTED (defined TPM_CC_MAC || defined TPM_CC_MAC_Start)
#20 7.377                           ^
#20 7.377 ./CryptHash.h:129:5: warning: macro expansion producing 'defined' has undefined behavior [-Wexpansion-to-defined]
#20 7.377 ./CryptHash.h:93:49: note: expanded from macro 'SMAC_IMPLEMENTED'
#20 7.378 #define SMAC_IMPLEMENTED (defined TPM_CC_MAC || defined TPM_CC_MAC_Start)
#20 7.378                                                 ^
#20 7.403 2 warnings generated.
#20 7.410 clang -DFUZZING_BUILD_MODE_UNSAFE_FOR_PRODUCTION -pthread -Wl,--no-as-needed -Wl,-ldl -Wl,-lm -Wno-unused-command-line-argument -O3 -fsanitize-coverage=trace-pc-guard -Wall -Wmissing-declarations -Wmissing-prototypes -Wnested-externs -Wsign-compare -c -ggdb -O0 -DTPM_POSIX -DIS_POSIX -DTPM_NUVOTON -I../utils -I. -DFUZZING_BUILD_MODE_UNSAFE_FOR_PRODUCTION -DUSE_BIT_FIELD_STRUCTURES=NO Response.c -o Response.o
#20 7.470 2 warnings generated.
#20 7.477 clang -DFUZZING_BUILD_MODE_UNSAFE_FOR_PRODUCTION -pthread -Wl,--no-as-needed -Wl,-ldl -Wl,-lm -Wno-unused-command-line-argument -O3 -fsanitize-coverage=trace-pc-guard -Wall -Wmissing-declarations -Wmissing-prototypes -Wnested-externs -Wsign-compare -c -ggdb -O0 -DTPM_POSIX -DIS_POSIX -DTPM_NUVOTON -I../utils -I. -DFUZZING_BUILD_MODE_UNSAFE_FOR_PRODUCTION -DUSE_BIT_FIELD_STRUCTURES=NO ResponseCodeProcessing.c -o ResponseCodeProcessing.o
#20 7.516 In file included from PrimeData.c:62:
#20 7.517 In file included from ./Tpm.h:71:
#20 7.517 In file included from ./Global.h:84:
#20 7.517 ./CryptHash.h:129:5: warning: macro expansion producing 'defined' has undefined behavior [-Wexpansion-to-defined]
#20 7.517 #if SMAC_IMPLEMENTED
#20 7.517     ^
#20 7.518 ./CryptHash.h:93:27: note: expanded from macro 'SMAC_IMPLEMENTED'
#20 7.518 #define SMAC_IMPLEMENTED (defined TPM_CC_MAC || defined TPM_CC_MAC_Start)
#20 7.518                           ^
#20 7.518 ./CryptHash.h:129:5: warning: macro expansion producing 'defined' has undefined behavior [-Wexpansion-to-defined]
#20 7.518 ./CryptHash.h:93:49: note: expanded from macro 'SMAC_IMPLEMENTED'
#20 7.519 #define SMAC_IMPLEMENTED (defined TPM_CC_MAC || defined TPM_CC_MAC_Start)
#20 7.519                                                 ^
#20 7.526 2 warnings generatedIn file included from .
#20 7.527 PropertyCap.c:66:
#20 7.527 In file included from ./Tpm.h:71:
#20 7.527 In file included from ./Global.h:84:
#20 7.528 ./CryptHash.h:129:5: warning: macro expansion producing 'defined' has undefined behavior [-Wexpansion-to-defined]
#20 7.528 #if SMAC_IMPLEMENTED
#20 7.528     ^
#20 7.528 ./CryptHash.h:93:27: note: expanded from macro 'SMAC_IMPLEMENTED'
#20 7.528 #define SMAC_IMPLEMENTED (defined TPM_CC_MAC || defined TPM_CC_MAC_Start)
#20 7.528                           ^
#20 7.528 ./CryptHash.h:129:5: warning: macro expansion producing 'defined' has undefined behavior [-Wexpansion-to-defined]
#20 7.529 ./CryptHash.h:93:49: note: expanded from macro 'SMAC_IMPLEMENTED'
#20 7.529 #define SMAC_IMPLEMENTED (defined TPM_CC_MAC || defined TPM_CC_MAC_Start)
#20 7.529                                                 ^
#20 7.534 clang -DFUZZING_BUILD_MODE_UNSAFE_FOR_PRODUCTION -pthread -Wl,--no-as-needed -Wl,-ldl -Wl,-lm -Wno-unused-command-line-argument -O3 -fsanitize-coverage=trace-pc-guard -Wall -Wmissing-declarations -Wmissing-prototypes -Wnested-externs -Wsign-compare -c -ggdb -O0 -DTPM_POSIX -DIS_POSIX -DTPM_NUVOTON -I../utils -I. -DFUZZING_BUILD_MODE_UNSAFE_FOR_PRODUCTION -DUSE_BIT_FIELD_STRUCTURES=NO RsaKeyCache.c -o RsaKeyCache.o
#20 7.559 2 warnings generated.
#20 7.565 clang -DFUZZING_BUILD_MODE_UNSAFE_FOR_PRODUCTION -pthread -Wl,--no-as-needed -Wl,-ldl -Wl,-lm -Wno-unused-command-line-argument -O3 -fsanitize-coverage=trace-pc-guard -Wall -Wmissing-declarations -Wmissing-prototypes -Wnested-externs -Wsign-compare -c -ggdb -O0 -DTPM_POSIX -DIS_POSIX -DTPM_NUVOTON -I../utils -I. -DFUZZING_BUILD_MODE_UNSAFE_FOR_PRODUCTION -DUSE_BIT_FIELD_STRUCTURES=NO RunCommand.c -o RunCommand.o
#20 7.573 2 warnings generated.
#20 7.580 clang -DFUZZING_BUILD_MODE_UNSAFE_FOR_PRODUCTION -pthread -Wl,--no-as-needed -Wl,-ldl -Wl,-lm -Wno-unused-command-line-argument -O3 -fsanitize-coverage=trace-pc-guard -Wall -Wmissing-declarations -Wmissing-prototypes -Wnested-externs -Wsign-compare -c -ggdb -O0 -DTPM_POSIX -DIS_POSIX -DTPM_NUVOTON -I../utils -I. -DFUZZING_BUILD_MODE_UNSAFE_FOR_PRODUCTION -DUSE_BIT_FIELD_STRUCTURES=NO Session.c -o Session.o
#20 7.616 clang -DFUZZING_BUILD_MODE_UNSAFE_FOR_PRODUCTION -pthread -Wl,--no-as-needed -Wl,-ldl -Wl,-lm -Wno-unused-command-line-argument -O3 -fsanitize-coverage=trace-pc-guard -Wall -Wmissing-declarations -Wmissing-prototypes -Wnested-externs -Wsign-compare -c -ggdb -O0 -DTPM_POSIX -DIS_POSIX -DTPM_NUVOTON -I../utils -I. -DFUZZING_BUILD_MODE_UNSAFE_FOR_PRODUCTION -DUSE_BIT_FIELD_STRUCTURES=NO SessionCommands.c -o SessionCommands.o
#20 7.657 In file included from RandomCommands.c:62:
#20 7.657 In file included from ./Tpm.h:71:
#20 7.657 In file included from ./Global.h:84:
#20 7.657 ./CryptHash.h:129:5: warning: macro expansion producing 'defined' has undefined behavior [-Wexpansion-to-defined]
#20 7.658 #if SMAC_IMPLEMENTED
#20 7.658     ^
#20 7.658 ./CryptHash.h:93:27: note: expanded from macro 'SMAC_IMPLEMENTED'
#20 7.659 #define SMAC_IMPLEMENTED (defined TPM_CC_MAC || defined TPM_CC_MAC_Start)
#20 7.659                           ^
#20 7.659 ./CryptHash.h:129:5: warning: macro expansion producing 'defined' has undefined behavior [-Wexpansion-to-defined]
#20 7.660 ./CryptHash.h:93:49: note: expanded from macro 'SMAC_IMPLEMENTED'
#20 7.660 #define SMAC_IMPLEMENTED (defined TPM_CC_MAC || defined TPM_CC_MAC_Start)
#20 7.660                                                 ^
#20 7.715 2 warnings generated.
#20 7.722 clang -DFUZZING_BUILD_MODE_UNSAFE_FOR_PRODUCTION -pthread -Wl,--no-as-needed -Wl,-ldl -Wl,-lm -Wno-unused-command-line-argument -O3 -fsanitize-coverage=trace-pc-guard -Wall -Wmissing-declarations -Wmissing-prototypes -Wnested-externs -Wsign-compare -c -ggdb -O0 -DTPM_POSIX -DIS_POSIX -DTPM_NUVOTON -I../utils -I. -DFUZZING_BUILD_MODE_UNSAFE_FOR_PRODUCTION -DUSE_BIT_FIELD_STRUCTURES=NO SessionProcess.c -o SessionProcess.o
#20 7.733 2 warnings generated.
#20 7.740 clang -DFUZZING_BUILD_MODE_UNSAFE_FOR_PRODUCTION -pthread -Wl,--no-as-needed -Wl,-ldl -Wl,-lm -Wno-unused-command-line-argument -O3 -fsanitize-coverage=trace-pc-guard -Wall -Wmissing-declarations -Wmissing-prototypes -Wnested-externs -Wsign-compare -c -ggdb -O0 -DTPM_POSIX -DIS_POSIX -DTPM_NUVOTON -I../utils -I. -DFUZZING_BUILD_MODE_UNSAFE_FOR_PRODUCTION -DUSE_BIT_FIELD_STRUCTURES=NO SigningCommands.c -o SigningCommands.o
#20 7.751 In file included from Response.c:67:
#20 7.751 In file included from ./Tpm.h:71:
#20 7.751 In file included from ./Global.h:84:
#20 7.751 ./CryptHash.h:129:5: warning: macro expansion producing 'defined' has undefined behavior [-Wexpansion-to-defined]
#20 7.752 #if SMAC_IMPLEMENTED
#20 7.752     ^
#20 7.752 ./CryptHash.h:93:27: note: expanded from macro 'SMAC_IMPLEMENTED'
#20 7.753 #define SMAC_IMPLEMENTED (defined TPM_CC_MAC || defined TPM_CC_MAC_Start)
#20 7.753                           ^
#20 7.753 ./CryptHash.h:129:5: warning: macro expansion producing 'defined' has undefined behavior [-Wexpansion-to-defined]
#20 7.753 ./CryptHash.h:93:49: note: expanded from macro 'SMAC_IMPLEMENTED'
#20 7.754 #define SMAC_IMPLEMENTED (defined TPM_CC_MAC || defined TPM_CC_MAC_Start)
#20 7.754                                                 ^
#20 7.825 In file included from ResponseCodeProcessing.c:67:
#20 7.825 In file included from ./Tpm.h:71:
#20 7.825 In file included from ./Global.h:84:
#20 7.825 ./CryptHash.h:129:5: warning: macro expansion producing 'defined' has undefined behavior [-Wexpansion-to-defined]
#20 7.825 #if SMAC_IMPLEMENTED
#20 7.825     ^
#20 7.825 ./CryptHash.h:93:27: note: expanded from macro 'SMAC_IMPLEMENTED'
#20 7.826 #define SMAC_IMPLEMENTED (defined TPM_CC_MAC || defined TPM_CC_MAC_Start)
#20 7.826                           ^
#20 7.826 ./CryptHash.h:129:5: warning: macro expansion producing 'defined' has undefined behavior [-Wexpansion-to-defined]
#20 7.826 ./CryptHash.h:93:49: note: expanded from macro 'SMAC_IMPLEMENTED'
#20 7.826 #define SMAC_IMPLEMENTED (defined TPM_CC_MAC || defined TPM_CC_MAC_Start)
#20 7.826                                                 ^
#20 7.844 2 warnings generated.
#20 7.851 clang -DFUZZING_BUILD_MODE_UNSAFE_FOR_PRODUCTION -pthread -Wl,--no-as-needed -Wl,-ldl -Wl,-lm -Wno-unused-command-line-argument -O3 -fsanitize-coverage=trace-pc-guard -Wall -Wmissing-declarations -Wmissing-prototypes -Wnested-externs -Wsign-compare -c -ggdb -O0 -DTPM_POSIX -DIS_POSIX -DTPM_NUVOTON -I../utils -I. -DFUZZING_BUILD_MODE_UNSAFE_FOR_PRODUCTION -DUSE_BIT_FIELD_STRUCTURES=NO StartupCommands.c -o StartupCommands.o
#20 7.887 In file included from RsaKeyCache.c:65:
#20 7.887 In file included from ./Tpm.h:71:
#20 7.887 In file included from ./Global.h:84:
#20 7.887 ./CryptHash.h:129:5: warning: macro expansion producing 'defined' has undefined behavior [-Wexpansion-to-defined]
#20 7.888 #if SMAC_IMPLEMENTED
#20 7.888     ^
#20 7.888 ./CryptHash.h:93:27: note: expanded from macro 'SMAC_IMPLEMENTED'
#20 7.888 #define SMAC_IMPLEMENTED (defined TPM_CC_MAC || defined TPM_CC_MAC_Start)
#20 7.888                           ^
#20 7.888 ./CryptHash.h:129:5: warning: macro expansion producing 'defined' has undefined behavior [-Wexpansion-to-defined]
#20 7.888 ./CryptHash.h:93:49: note: expanded from macro 'SMAC_IMPLEMENTED'
#20 7.888 #define SMAC_IMPLEMENTED (defined TPM_CC_MAC || defined TPM_CC_MAC_Start)
#20 7.889                                                 ^
#20 7.928 In file included from Session.c:64:
#20 7.929 In file included from ./Tpm.h:71:
#20 7.929 In file included from ./Global.h:84:
#20 7.929 ./CryptHash.h:129:5: warning: macro expansion producing 'defined' has undefined behavior [-Wexpansion-to-defined]
#20 7.929 #if SMAC_IMPLEMENTED
#20 7.929     ^
#20 7.930 ./CryptHash.h:93:27: note: expanded from macro 'SMAC_IMPLEMENTED'
#20 7.930 #define SMAC_IMPLEMENTED (defined TPM_CC_MAC || defined TPM_CC_MAC_Start)
#20 7.930                           ^
#20 7.930 ./CryptHash.h:129:5: warning: macro expansion producing 'defined' has undefined behavior [-Wexpansion-to-defined]
#20 7.931 ./CryptHash.h:93:49: note: expanded from macro 'SMAC_IMPLEMENTED'
#20 7.931 #define SMAC_IMPLEMENTED (defined TPM_CC_MAC || defined TPM_CC_MAC_Start)
#20 7.931                                                 ^
#20 7.940 2 warnings generated.
#20 7.948 clang -DFUZZING_BUILD_MODE_UNSAFE_FOR_PRODUCTION -pthread -Wl,--no-as-needed -Wl,-ldl -Wl,-lm -Wno-unused-command-line-argument -O3 -fsanitize-coverage=trace-pc-guard -Wall -Wmissing-declarations -Wmissing-prototypes -Wnested-externs -Wsign-compare -c -ggdb -O0 -DTPM_POSIX -DIS_POSIX -DTPM_NUVOTON -I../utils -I. -DFUZZING_BUILD_MODE_UNSAFE_FOR_PRODUCTION -DUSE_BIT_FIELD_STRUCTURES=NO SymmetricCommands.c -o SymmetricCommands.o
#20 7.967 In file included from SessionCommands.c:62:
#20 7.967 In file included from ./Tpm.h:71:
#20 7.967 In file included from ./Global.h:84:
#20 7.967 ./CryptHash.h:129:5: warning: macro expansion producing 'defined' has undefined behavior [-Wexpansion-to-defined]
#20 7.967 #if SMAC_IMPLEMENTED
#20 7.968     ^
#20 7.968 ./CryptHash.h:93:27: note: expanded from macro 'SMAC_IMPLEMENTED'
#20 7.968 #define SMAC_IMPLEMENTED (defined TPM_CC_MAC || defined TPM_CC_MAC_Start)
#20 7.968                           ^
#20 7.968 ./CryptHash.h:129:5: warning: macro expansion producing 'defined' has undefined behavior [-Wexpansion-to-defined]
#20 7.969 ./CryptHash.h:93:49: note: expanded from macro 'SMAC_IMPLEMENTED'
#20 7.970 #define SMAC_IMPLEMENTED (defined TPM_CC_MAC || defined TPM_CC_MAC_Start)
#20 7.970                                                 ^
#20 7.999 2 warnings generated.
#20 8.005 clang -DFUZZING_BUILD_MODE_UNSAFE_FOR_PRODUCTION -pthread -Wl,--no-as-needed -Wl,-ldl -Wl,-lm -Wno-unused-command-line-argument -O3 -fsanitize-coverage=trace-pc-guard -Wall -Wmissing-declarations -Wmissing-prototypes -Wnested-externs -Wsign-compare -c -ggdb -O0 -DTPM_POSIX -DIS_POSIX -DTPM_NUVOTON -I../utils -I. -DFUZZING_BUILD_MODE_UNSAFE_FOR_PRODUCTION -DUSE_BIT_FIELD_STRUCTURES=NO TPMCmdp.c -o TPMCmdp.o
#20 8.071 2 warnings generated.
#20 8.077 clang -DFUZZING_BUILD_MODE_UNSAFE_FOR_PRODUCTION -pthread -Wl,--no-as-needed -Wl,-ldl -Wl,-lm -Wno-unused-command-line-argument -O3 -fsanitize-coverage=trace-pc-guard -Wall -Wmissing-declarations -Wmissing-prototypes -Wnested-externs -Wsign-compare -c -ggdb -O0 -DTPM_POSIX -DIS_POSIX -DTPM_NUVOTON -I../utils -I. -DFUZZING_BUILD_MODE_UNSAFE_FOR_PRODUCTION -DUSE_BIT_FIELD_STRUCTURES=NO TPMCmds.c -o TPMCmds.o
#20 8.078 In file included from SessionProcess.c:69:
#20 8.078 In file included from ./Tpm.h:71:
#20 8.079 In file included from ./Global.h:84:
#20 8.080 ./CryptHash.h:129:5: warning: macro expansion producing 'defined' has undefined behavior [-Wexpansion-to-defined]
#20 8.081 #if SMAC_IMPLEMENTED
#20 8.082     ^
#20 8.082 ./CryptHash.h:93:27: note: expanded from macro 'SMAC_IMPLEMENTED'
#20 8.083 #define SMAC_IMPLEMENTED (defined TPM_CC_MAC || defined TPM_CC_MAC_Start)
#20 8.083                           ^
#20 8.083 ./CryptHash.h:129:5: warning: macro expansion producing 'defined' has undefined behavior [-Wexpansion-to-defined]
#20 8.083 ./CryptHash.h:93:49: note: expanded from macro 'SMAC_IMPLEMENTED'
#20 8.083 #define SMAC_IMPLEMENTED (defined TPM_CC_MAC || defined TPM_CC_MAC_Start)
#20 8.083                                                 ^
#20 8.087 In file included from SigningCommands.c:62:
#20 8.087 In file included from ./Tpm.h:71:
#20 8.087 In file included from ./Global.h:84:
#20 8.087 ./CryptHash.h:129:5: warning: macro expansion producing 'defined' has undefined behavior [-Wexpansion-to-defined]
#20 8.088 #if SMAC_IMPLEMENTED
#20 8.088     ^
#20 8.088 ./CryptHash.h:93:27: note: expanded from macro 'SMAC_IMPLEMENTED'
#20 8.089 #define SMAC_IMPLEMENTED (defined TPM_CC_MAC || defined TPM_CC_MAC_Start)
#20 8.089                           ^
#20 8.089 ./CryptHash.h:129:5: warning: macro expansion producing 'defined' has undefined behavior [-Wexpansion-to-defined]
#20 8.089 ./CryptHash.h:93:49: note: expanded from macro 'SMAC_IMPLEMENTED'
#20 8.090 #define SMAC_IMPLEMENTED (defined TPM_CC_MAC || defined TPM_CC_MAC_Start)
#20 8.090                                                 ^
#20 8.155 2 warnings generated.
#20 8.157 2 warnings generated.
#20 8.162 clang -DFUZZING_BUILD_MODE_UNSAFE_FOR_PRODUCTION -pthread -Wl,--no-as-needed -Wl,-ldl -Wl,-lm -Wno-unused-command-line-argument -O3 -fsanitize-coverage=trace-pc-guard -Wall -Wmissing-declarations -Wmissing-prototypes -Wnested-externs -Wsign-compare -c -ggdb -O0 -DTPM_POSIX -DIS_POSIX -DTPM_NUVOTON -I../utils -I. -DFUZZING_BUILD_MODE_UNSAFE_FOR_PRODUCTION -DUSE_BIT_FIELD_STRUCTURES=NO TestingCommands.c -o TestingCommands.o
#20 8.163 clang -DFUZZING_BUILD_MODE_UNSAFE_FOR_PRODUCTION -pthread -Wl,--no-as-needed -Wl,-ldl -Wl,-lm -Wno-unused-command-line-argument -O3 -fsanitize-coverage=trace-pc-guard -Wall -Wmissing-declarations -Wmissing-prototypes -Wnested-externs -Wsign-compare -c -ggdb -O0 -DTPM_POSIX -DIS_POSIX -DTPM_NUVOTON -I../utils -I. -DFUZZING_BUILD_MODE_UNSAFE_FOR_PRODUCTION -DUSE_BIT_FIELD_STRUCTURES=NO Ticket.c -o Ticket.o
#20 8.168 clang -DFUZZING_BUILD_MODE_UNSAFE_FOR_PRODUCTION -pthread -Wl,--no-as-needed -Wl,-ldl -Wl,-lm -Wno-unused-command-line-argument -O3 -fsanitize-coverage=trace-pc-guard -Wall -Wmissing-declarations -Wmissing-prototypes -Wnested-externs -Wsign-compare -c -ggdb -O0 -DTPM_POSIX -DIS_POSIX -DTPM_NUVOTON -I../utils -I. -DFUZZING_BUILD_MODE_UNSAFE_FOR_PRODUCTION -DUSE_BIT_FIELD_STRUCTURES=NO Time.c -o Time.o
#20 8.176 TPMCmds.c:116:1: warning: no previous prototype for function 'tpm_server_main' [-Wmissing-prototypes]
#20 8.177 tpm_server_main
#20 8.177 ^
#20 8.180 TPMCmds.c:112:1: note: declare 'static' if the function is not intended to be used outside of this translation unit
#20 8.200 int
#20 8.200 ^
#20 8.200 static 
#20 8.211 1 warning generated.
#20 8.221 clang -DFUZZING_BUILD_MODE_UNSAFE_FOR_PRODUCTION -pthread -Wl,--no-as-needed -Wl,-ldl -Wl,-lm -Wno-unused-command-line-argument -O3 -fsanitize-coverage=trace-pc-guard -Wall -Wmissing-declarations -Wmissing-prototypes -Wnested-externs -Wsign-compare -c -ggdb -O0 -DTPM_POSIX -DIS_POSIX -DTPM_NUVOTON -I../utils -I. -DFUZZING_BUILD_MODE_UNSAFE_FOR_PRODUCTION -DUSE_BIT_FIELD_STRUCTURES=NO TpmFail.c -o TpmFail.o
#20 8.225 In file included from StartupCommands.c:63:
#20 8.226 In file included from ./Tpm.h:71:
#20 8.227 In file included from ./Global.h:84:
#20 8.227 ./CryptHash.h:129:5: warning: macro expansion producing 'defined' has undefined behavior [-Wexpansion-to-defined]
#20 8.230 #if SMAC_IMPLEMENTED
#20 8.230     ^
#20 8.230 ./CryptHash.h:93:27: note: expanded from macro 'SMAC_IMPLEMENTED'
#20 8.232 #define SMAC_IMPLEMENTED (defined TPM_CC_MAC || defined TPM_CC_MAC_Start)
#20 8.233                           ^
#20 8.233 ./CryptHash.h:129:5: warning: macro expansion producing 'defined' has undefined behavior [-Wexpansion-to-defined]
#20 8.235 ./CryptHash.h:93:49: note: expanded from macro 'SMAC_IMPLEMENTED'
#20 8.236 #define SMAC_IMPLEMENTED (defined TPM_CC_MAC || defined TPM_CC_MAC_Start)
#20 8.237                                                 ^
#20 8.273 2 warnings generated.
#20 8.280 clang -DFUZZING_BUILD_MODE_UNSAFE_FOR_PRODUCTION -pthread -Wl,--no-as-needed -Wl,-ldl -Wl,-lm -Wno-unused-command-line-argument -O3 -fsanitize-coverage=trace-pc-guard -Wall -Wmissing-declarations -Wmissing-prototypes -Wnested-externs -Wsign-compare -c -ggdb -O0 -DTPM_POSIX -DIS_POSIX -DTPM_NUVOTON -I../utils -I. -DFUZZING_BUILD_MODE_UNSAFE_FOR_PRODUCTION -DUSE_BIT_FIELD_STRUCTURES=NO TpmSizeChecks.c -o TpmSizeChecks.o
#20 8.294 In file included from SymmetricCommands.c:62:
#20 8.294 In file included from ./Tpm.h:71:
#20 8.295 In file included from ./Global.h:84:
#20 8.295 ./CryptHash.h:129:5: warning: macro expansion producing 'defined' has undefined behavior [-Wexpansion-to-defined]
#20 8.295 #if SMAC_IMPLEMENTED
#20 8.296     ^
#20 8.296 ./CryptHash.h:93:27: note: expanded from macro 'SMAC_IMPLEMENTED'
#20 8.296 #define SMAC_IMPLEMENTED (defined TPM_CC_MAC || defined TPM_CC_MAC_Start)
#20 8.296                           ^
#20 8.296 ./CryptHash.h:129:5: warning: macro expansion producing 'defined' has undefined behavior [-Wexpansion-to-defined]
#20 8.297 ./CryptHash.h:93:49: note: expanded from macro 'SMAC_IMPLEMENTED'
#20 8.297 #define SMAC_IMPLEMENTED (defined TPM_CC_MAC || defined TPM_CC_MAC_Start)
#20 8.297                                                 ^
#20 8.310 clang -DFUZZING_BUILD_MODE_UNSAFE_FOR_PRODUCTION -pthread -Wl,--no-as-needed -Wl,-ldl -Wl,-lm -Wno-unused-command-line-argument -O3 -fsanitize-coverage=trace-pc-guard -Wall -Wmissing-declarations -Wmissing-prototypes -Wnested-externs -Wsign-compare -c -ggdb -O0 -DTPM_POSIX -DIS_POSIX -DTPM_NUVOTON -I../utils -I. -DFUZZING_BUILD_MODE_UNSAFE_FOR_PRODUCTION -DUSE_BIT_FIELD_STRUCTURES=NO TpmToOsslDesSupport.c -o TpmToOsslDesSupport.o
#20 8.405 2 warnings generated.
#20 8.412 clang -DFUZZING_BUILD_MODE_UNSAFE_FOR_PRODUCTION -pthread -Wl,--no-as-needed -Wl,-ldl -Wl,-lm -Wno-unused-command-line-argument -O3 -fsanitize-coverage=trace-pc-guard -Wall -Wmissing-declarations -Wmissing-prototypes -Wnested-externs -Wsign-compare -c -ggdb -O0 -DTPM_POSIX -DIS_POSIX -DTPM_NUVOTON -I../utils -I. -DFUZZING_BUILD_MODE_UNSAFE_FOR_PRODUCTION -DUSE_BIT_FIELD_STRUCTURES=NO TpmToOsslMath.c -o TpmToOsslMath.o
#20 8.432 2 warnings generated.
#20 8.438 clang -DFUZZING_BUILD_MODE_UNSAFE_FOR_PRODUCTION -pthread -Wl,--no-as-needed -Wl,-ldl -Wl,-lm -Wno-unused-command-line-argument -O3 -fsanitize-coverage=trace-pc-guard -Wall -Wmissing-declarations -Wmissing-prototypes -Wnested-externs -Wsign-compare -c -ggdb -O0 -DTPM_POSIX -DIS_POSIX -DTPM_NUVOTON -I../utils -I. -DFUZZING_BUILD_MODE_UNSAFE_FOR_PRODUCTION -DUSE_BIT_FIELD_STRUCTURES=NO TpmToOsslSupport.c -o TpmToOsslSupport.o
#20 8.490 2 warnings generated.
#20 8.497 clang -DFUZZING_BUILD_MODE_UNSAFE_FOR_PRODUCTION -pthread -Wl,--no-as-needed -Wl,-ldl -Wl,-lm -Wno-unused-command-line-argument -O3 -fsanitize-coverage=trace-pc-guard -Wall -Wmissing-declarations -Wmissing-prototypes -Wnested-externs -Wsign-compare -c -ggdb -O0 -DTPM_POSIX -DIS_POSIX -DTPM_NUVOTON -I../utils -I. -DFUZZING_BUILD_MODE_UNSAFE_FOR_PRODUCTION -DUSE_BIT_FIELD_STRUCTURES=NO Unique.c -o Unique.o
#20 8.501 In file included from TestingCommands.c:62:
#20 8.501 In file included from ./Tpm.h:71:
#20 8.501 In file included from ./Global.h:84:
#20 8.501 ./CryptHash.h:129:5: warning: macro expansion producing 'defined' has undefined behavior [-Wexpansion-to-defined]
#20 8.502 #if SMAC_IMPLEMENTED
#20 8.502     ^
#20 8.502 ./CryptHash.h:93:27: note: expanded from macro 'SMAC_IMPLEMENTED'
#20 8.503 #define SMAC_IMPLEMENTED (defined TPM_CC_MAC || defined TPM_CC_MAC_Start)
#20 8.503                           ^
#20 8.503 ./CryptHash.h:129:5: warning: macro expansion producing 'defined' has undefined behavior [-Wexpansion-to-defined]
#20 8.503 ./CryptHash.h:93:49: note: expanded from macro 'SMAC_IMPLEMENTED'
#20 8.504 #define SMAC_IMPLEMENTED (defined TPM_CC_MAC || defined TPM_CC_MAC_Start)
#20 8.504                                                 ^
#20 8.513 In file included from Ticket.c:66In file included from Time.c:66:
#20 8.513 In file included from ./Tpm.h:71:
#20 8.513 In file included from ./Global.h:84:
#20 8.513 ./CryptHash.h:129:5: warning: macro expansion producing 'defined' has undefined behavior [-Wexpansion-to-defined]
#20 8.513 :
#20 8.513 In file included from #if SMAC_IMPLEMENTED
#20 8.513     ^
#20 8.513 ./CryptHash.h:93:27: note: expanded from macro 'SMAC_IMPLEMENTED'
#20 8.513 ./Tpm.h#define SMAC_IMPLEMENTED (defined TPM_CC_MAC || defined TPM_CC_MAC_Start):71:
#20 8.513 In file included from ./Global.h:84:
#20 8.513 ./CryptHash.h:129:5: warning: macro expansion producing 'defined' has undefined behavior [-Wexpansion-to-defined]
#20 8.513 
#20 8.513 #if SMAC_IMPLEMENTED                          ^
#20 8.513 ./CryptHash.h:129:5: warning: macro expansion producing 'defined' has undefined behavior [-Wexpansion-to-defined]
#20 8.513 ./CryptHash.h:
#20 8.513     ^
#20 8.513 ./CryptHash.h:93:49: note: expanded from macro 'SMAC_IMPLEMENTED'
#20 8.513 93#define SMAC_IMPLEMENTED (defined TPM_CC_MAC || defined TPM_CC_MAC_Start):
#20 8.513                                                 ^
#20 8.513 27: note: expanded from macro 'SMAC_IMPLEMENTED'
#20 8.514 #define SMAC_IMPLEMENTED (defined TPM_CC_MAC || defined TPM_CC_MAC_Start)
#20 8.514                           ^
#20 8.514 ./CryptHash.h:129:5: warning: macro expansion producing 'defined' has undefined behavior [-Wexpansion-to-defined]
#20 8.514 ./CryptHash.h:93:49: note: expanded from macro 'SMAC_IMPLEMENTED'
#20 8.515 #define SMAC_IMPLEMENTED (defined TPM_CC_MAC || defined TPM_CC_MAC_Start)
#20 8.515                                                 ^
#20 8.545 clang -DFUZZING_BUILD_MODE_UNSAFE_FOR_PRODUCTION -pthread -Wl,--no-as-needed -Wl,-ldl -Wl,-lm -Wno-unused-command-line-argument -O3 -fsanitize-coverage=trace-pc-guard -Wall -Wmissing-declarations -Wmissing-prototypes -Wnested-externs -Wsign-compare -c -ggdb -O0 -DTPM_POSIX -DIS_POSIX -DTPM_NUVOTON -I../utils -I. -DFUZZING_BUILD_MODE_UNSAFE_FOR_PRODUCTION -DUSE_BIT_FIELD_STRUCTURES=NO Unmarshal.c -o Unmarshal.o
#20 8.590 In file included from TpmFail.c:65:
#20 8.590 In file included from ./Tpm.h:71:
#20 8.590 In file included from ./Global.h:84:
#20 8.590 ./CryptHash.h:129:5: warning: macro expansion producing 'defined' has undefined behavior [-Wexpansion-to-defined]
#20 8.590 #if SMAC_IMPLEMENTED
#20 8.590     ^
#20 8.590 ./CryptHash.h:93:27: note: expanded from macro 'SMAC_IMPLEMENTED'
#20 8.590 #define SMAC_IMPLEMENTED (defined TPM_CC_MAC || defined TPM_CC_MAC_Start)
#20 8.590                           ^
#20 8.590 ./CryptHash.h:129:5: warning: macro expansion producing 'defined' has undefined behavior [-Wexpansion-to-defined]
#20 8.590 ./CryptHash.h:93:49: note: expanded from macro 'SMAC_IMPLEMENTED'
#20 8.590 #define SMAC_IMPLEMENTED (defined TPM_CC_MAC || defined TPM_CC_MAC_Start)
#20 8.590                                                 ^
#20 8.644 In file included from TpmToOsslDesSupport.c:67:
#20 8.644 In file included from ./Tpm.h:71:
#20 8.644 In file included from ./Global.h:84:
#20 8.645 ./CryptHash.h:129:5: warning: macro expansion producing 'defined' has undefined behavior [-Wexpansion-to-defined]
#20 8.645 #if SMAC_IMPLEMENTED
#20 8.645     ^
#20 8.645 ./CryptHash.h:93:27: note: expanded from macro 'SMAC_IMPLEMENTED'
#20 8.645 #define SMAC_IMPLEMENTED (defined TPM_CC_MAC || defined TPM_CC_MAC_Start)
#20 8.646                           ^
#20 8.646 ./CryptHash.h:129:5: warning: macro expansion producing 'defined' has undefined behavior [-Wexpansion-to-defined]
#20 8.646 ./CryptHash.h:93:49: note: expanded from macro 'SMAC_IMPLEMENTED'
#20 8.646 #define SMAC_IMPLEMENTED (defined TPM_CC_MAC || defined TPM_CC_MAC_Start)
#20 8.646                                                 ^
#20 8.689 2 warnings generated.
#20 8.696 clang -DFUZZING_BUILD_MODE_UNSAFE_FOR_PRODUCTION -pthread -Wl,--no-as-needed -Wl,-ldl -Wl,-lm -Wno-unused-command-line-argument -O3 -fsanitize-coverage=trace-pc-guard -Wall -Wmissing-declarations -Wmissing-prototypes -Wnested-externs -Wsign-compare -c -ggdb -O0 -DTPM_POSIX -DIS_POSIX -DTPM_NUVOTON -I../utils -I. -DFUZZING_BUILD_MODE_UNSAFE_FOR_PRODUCTION -DUSE_BIT_FIELD_STRUCTURES=NO Vendor_TCG_Test.c -o Vendor_TCG_Test.o
#20 8.703 2 warnings generated.
#20 8.708 2 warnings generated.
#20 8.711 clang -DFUZZING_BUILD_MODE_UNSAFE_FOR_PRODUCTION -pthread -Wl,--no-as-needed -Wl,-ldl -Wl,-lm -Wno-unused-command-line-argument -O3 -fsanitize-coverage=trace-pc-guard -Wall -Wmissing-declarations -Wmissing-prototypes -Wnested-externs -Wsign-compare -c -ggdb -O0 -DTPM_POSIX -DIS_POSIX -DTPM_NUVOTON -I../utils -I. -DFUZZING_BUILD_MODE_UNSAFE_FOR_PRODUCTION -DUSE_BIT_FIELD_STRUCTURES=NO ntc2lib.c -o ntc2lib.o
#20 8.715 clang -DFUZZING_BUILD_MODE_UNSAFE_FOR_PRODUCTION -pthread -Wl,--no-as-needed -Wl,-ldl -Wl,-lm -Wno-unused-command-line-argument -O3 -fsanitize-coverage=trace-pc-guard -Wall -Wmissing-declarations -Wmissing-prototypes -Wnested-externs -Wsign-compare -c -ggdb -O0 -DTPM_POSIX -DIS_POSIX -DTPM_NUVOTON -I../utils -I. -DFUZZING_BUILD_MODE_UNSAFE_FOR_PRODUCTION -DUSE_BIT_FIELD_STRUCTURES=NO ntc2.c -o ntc2.o
#20 8.768 In file included from TpmToOsslMath.c:72:
#20 8.769 In file included from ./Tpm.h:71:
#20 8.769 In file included from ./Global.h:84:
#20 8.769 ./CryptHash.h:129:5: warning: macro expansion producing 'defined' has undefined behavior [-Wexpansion-to-defined]
#20 8.769 #if SMAC_IMPLEMENTED
#20 8.769     ^
#20 8.769 ./CryptHash.h:93:27: note: expanded from macro 'SMAC_IMPLEMENTED'
#20 8.770 #define SMAC_IMPLEMENTED (defined TPM_CC_MAC || defined TPM_CC_MAC_Start)
#20 8.770                           ^
#20 8.770 ./CryptHash.h:129:5: warning: macro expansion producing 'defined' has undefined behavior [-Wexpansion-to-defined]
#20 8.770 ./CryptHash.h:93:49: note: expanded from macro 'SMAC_IMPLEMENTED'
#20 8.770 #define SMAC_IMPLEMENTED (defined TPM_CC_MAC || defined TPM_CC_MAC_Start)
#20 8.770                                                 ^
#20 8.785 Unmarshal.c:729:15: warning: explicitly assigning value of variable of type 'BOOL' (aka 'int') to itself [-Wself-assign]
#20 8.786     allowNull = allowNull;
#20 8.786     ~~~~~~~~~ ^ ~~~~~~~~~
#20 8.787 Unmarshal.c:749:15: warning: explicitly assigning value of variable of type 'BOOL' (aka 'int') to itself [-Wself-assign]
#20 8.788     allowNull = allowNull;
#20 8.788     ~~~~~~~~~ ^ ~~~~~~~~~
#20 8.789 Unmarshal.c:769:15: warning: explicitly assigning value of variable of type 'BOOL' (aka 'int') to itself [-Wself-assign]
#20 8.790     allowNull = allowNull;
#20 8.790     ~~~~~~~~~ ^ ~~~~~~~~~
#20 8.791 2 warnings generated.
#20 8.793 Unmarshal.c:793:15: warning: explicitly assigning value of variable of type 'BOOL' (aka 'int') to itself [-Wself-assign]
#20 8.794     allowNull = allowNull;
#20 8.794     ~~~~~~~~~ ^ ~~~~~~~~~
#20 8.797 In file included from TpmToOsslSupport.c:67:
#20 8.798 In file included from ./Tpm.h:71:
#20 8.798 In file included from ./Global.h:84:
#20 8.798 ./CryptHash.h:129:5:Unmarshal.c:876:15: warning: explicitly assigning value of variable of type 'BOOL' (aka 'int') to itself [-Wself-assign]
#20 8.798     allowNull = allowNull;
#20 8.798     ~~~~~~~~~ ^ ~~~~~~~~~
#20 8.798  warning: macro expansion producing 'defined' has undefined behavior [-Wexpansion-to-defined]
#20 8.799 #if SMAC_IMPLEMENTED
#20 8.799     ^clang -DFUZZING_BUILD_MODE_UNSAFE_FOR_PRODUCTION -pthread -Wl,--no-as-needed -Wl,-ldl -Wl,-lm -Wno-unused-command-line-argument -O3 -fsanitize-coverage=trace-pc-guard -Wall -Wmissing-declarations -Wmissing-prototypes -Wnested-externs -Wsign-compare -c -ggdb -O0 -DTPM_POSIX -DIS_POSIX -DTPM_NUVOTON -I../utils -I. -DFUZZING_BUILD_MODE_UNSAFE_FOR_PRODUCTION -DUSE_BIT_FIELD_STRUCTURES=NO TcpServerPosix.c -o TcpServerPosix.o
#20 8.799 
#20 8.799 ./CryptHash.h:93Unmarshal.c:901:15: warning: explicitly assigning value of variable of type 'BOOL' (aka 'int') to itself [-Wself-assign]
#20 8.800     allowNull = allowNull;
#20 8.800     ~~~~~~~~~ ^ ~~~~~~~~~
#20 8.800 :27: note: expanded from macro 'SMAC_IMPLEMENTED'
#20 8.800 #define SMAC_IMPLEMENTED (defined TPM_CC_MAC || defined TPM_CC_MAC_Start)
#20 8.800                           ^
#20 8.800 ./CryptHash.h:129:5: warning: macro expansion producing 'defined' has undefined behavior [-Wexpansion-to-defined]
#20 8.801 ./CryptHash.h:93:49: note: expanded from macro 'SMAC_IMPLEMENTED'
#20 8.801 #define SMAC_IMPLEMENTED (defined TPM_CC_MAC || defined TPM_CC_MAC_Start)
#20 8.801                                                 ^
#20 8.801 Unmarshal.c:948:15: warning: explicitly assigning value of variable of type 'BOOL' (aka 'int') to itself [-Wself-assign]
#20 8.802     allowNull = allowNull;
#20 8.802     ~~~~~~~~~ ^ ~~~~~~~~~
#20 8.803 Unmarshal.c:971:15: warning: explicitly assigning value of variable of type 'BOOL' (aka 'int') to itself [-Wself-assign]
#20 8.803     allowNull = allowNull;
#20 8.803     ~~~~~~~~~ ^ ~~~~~~~~~
#20 8.804 Unmarshal.c:994:15: warning: explicitly assigning value of variable of type 'BOOL' (aka 'int') to itself [-Wself-assign]
#20 8.805     allowNull = allowNull;
#20 8.805     ~~~~~~~~~ ^ ~~~~~~~~~
#20 8.806 Unmarshal.c:1022:15: warning: explicitly assigning value of variable of type 'BOOL' (aka 'int') to itself [-Wself-assign]
#20 8.807     allowNull = allowNull;
#20 8.807     ~~~~~~~~~ ^ ~~~~~~~~~
#20 8.808 Unmarshal.c:1044:15: warning: explicitly assigning value of variable of type 'BOOL' (aka 'int') to itself [-Wself-assign]
#20 8.809     allowNull = allowNull;
#20 8.809     ~~~~~~~~~ ^ ~~~~~~~~~
#20 8.822 Unmarshal.c:1432:12: warning: explicitly assigning value of variable of type 'TPMS_EMPTY *' (aka 'unsigned char *') to itself [-Wself-assign]
#20 8.823     target = target;
#20 8.823     ~~~~~~ ^ ~~~~~~
#20 8.823 Unmarshal.c:1433:12: warning: explicitly assigning value of variable of type 'BYTE **' (aka 'unsigned char **') to itself [-Wself-assign]
#20 8.824     buffer = buffer;
#20 8.824     ~~~~~~ ^ ~~~~~~
#20 8.824 Unmarshal.c:1434:10: warning: explicitly assigning value of variable of type 'INT32 *' (aka 'int *') to itself [-Wself-assign]
#20 8.825     size = size;
#20 8.825     ~~~~ ^ ~~~~2 warnings generated.
#20 8.825 
#20 8.832 clang++ -DFUZZING_BUILD_MODE_UNSAFE_FOR_PRODUCTION -pthread -Wl,--no-as-needed -Wl,-ldl -Wl,-lm -Wno-unused-command-line-argument -stdlib=libc++ -O3 -fsanitize-coverage=trace-pc-guard -DFUZZING_BUILD_MODE_UNSAFE_FOR_PRODUCTION -pthread -Wl,--no-as-needed -Wl,-ldl -Wl,-lm -Wno-unused-command-line-argument -O3 -fsanitize-coverage=trace-pc-guard -Wall -Wmissing-declarations -Wmissing-prototypes -Wnested-externs -Wsign-compare -c -ggdb -O0 -DTPM_POSIX -DIS_POSIX -DTPM_NUVOTON -I../utils -I. -DFUZZING_BUILD_MODE_UNSAFE_FOR_PRODUCTION -DUSE_BIT_FIELD_STRUCTURES=NO /libAFL.a fuzzer.cc -o fuzzer.o
#20 8.927 TcpServerPosix.c:89:15: warning: unused variable 'ServerVersion' [-Wunused-variable]
#20 8.927 static UINT32 ServerVersion = 1;
#20 8.927               ^
#20 8.943 2 warnings generated.
#20 8.966 1 warning generated.
#20 8.970 fuzzer.cc:26:16: warning: no previous prototype for function 'LLVMFuzzerTestOneInput' [-Wmissing-prototypes]
#20 8.970 extern "C" int LLVMFuzzerTestOneInput(const uint8_t *Data, size_t Size) {
#20 8.970                ^
#20 8.971 fuzzer.cc:26:12: note: declare 'static' if the function is not intended to be used outside of this translation unit
#20 8.971 extern "C" int LLVMFuzzerTestOneInput(const uint8_t *Data, size_t Size) {
#20 8.971            ^
#20 8.971            static 
#20 8.978 1 warning generated.
#20 9.012 In file included from Vendor_TCG_Test.c:62:
#20 9.012 In file included from ./Tpm.h:71:
#20 9.012 In file included from ./Global.h:84:
#20 9.012 ./CryptHash.h:129:5: warning: macro expansion producing 'defined' has undefined behavior [-Wexpansion-to-defined]
#20 9.012 #if SMAC_IMPLEMENTED
#20 9.012     ^
#20 9.012 ./CryptHash.h:93:27: note: expanded from macro 'SMAC_IMPLEMENTED'
#20 9.012 #define SMAC_IMPLEMENTED (defined TPM_CC_MAC || defined TPM_CC_MAC_Start)
#20 9.012                           ^
#20 9.012 ./CryptHash.h:129:5: warning: macro expansion producing 'defined' has undefined behavior [-Wexpansion-to-defined]
#20 9.012 ./CryptHash.h:93:49: note: expanded from macro 'SMAC_IMPLEMENTED'
#20 9.013 #define SMAC_IMPLEMENTED (defined TPM_CC_MAC || defined TPM_CC_MAC_Start)
#20 9.013                                                 ^
#20 9.089 2 warnings generated.
#20 9.109 2 warnings generated.
#20 9.160 14 warnings generated.
#20 9.165 clang++ -DFUZZING_BUILD_MODE_UNSAFE_FOR_PRODUCTION -pthread -Wl,--no-as-needed -Wl,-ldl -Wl,-lm -Wno-unused-command-line-argument -stdlib=libc++ -O3 -fsanitize-coverage=trace-pc-guard fuzzer.o AlgorithmCap.o AlgorithmTests.o AsymmetricCommands.o Attest_spt.o AttestationCommands.o AuditCommands.o Bits.o BnConvert.o BnEccData.o BnMath.o BnMemory.o Cancel.o CapabilityCommands.o Clock.o ClockCommands.o CommandAudit.o CommandCodeAttributes.o CommandDispatcher.o ContextCommands.o Context_spt.o CryptDes.o CryptCmac.o CryptEccKeyExchange.o CryptEccMain.o CryptEccSignature.o CryptHash.o CryptHashData.o CryptPrime.o CryptPrimeSieve.o CryptRand.o CryptRsa.o CryptSelfTest.o CryptSmac.o CryptSym.o CryptUtil.o DA.o DictionaryCommands.o DuplicationCommands.o EACommands.o EncryptDecrypt_spt.o Entity.o Entropy.o EphemeralCommands.o ExecCommand.o Global.o Handle.o HashCommands.o Hierarchy.o HierarchyCommands.o IoBuffers.o IntegrityCommands.o Locality.o LocalityPlat.o ManagementCommands.o Manufacture.o Marshal.o MathOnByteBuffers.o Memory.o NVCommands.o NVDynamic.o NVMem.o NVReserved.o NV_spt.o Object.o ObjectCommands.o Object_spt.o PCR.o PP.o PPPlat.o PlatformData.o Policy_spt.o Power.o PowerPlat.o PrimeData.o PropertyCap.o RandomCommands.o Response.o ResponseCodeProcessing.o RsaKeyCache.o RunCommand.o Session.o SessionCommands.o SessionProcess.o SigningCommands.o StartupCommands.o SymmetricCommands.o TPMCmdp.o TPMCmds.o TestingCommands.o Ticket.o Time.o TpmFail.o TpmSizeChecks.o TpmToOsslDesSupport.o TpmToOsslMath.o TpmToOsslSupport.o Unique.o Unmarshal.o Vendor_TCG_Test.o ntc2lib.o ntc2.o TcpServerPosix.o -ggdb -DTPM_POSIX -DTPM_NUVOTON -lcrypto -lpthread -lrt -I. -DFUZZING_BUILD_MODE_UNSAFE_FOR_PRODUCTION /libAFL.a -o fuzz_tpm_server
#20 9.634 + cp fuzz_tpm_server /out/fuzz_tpm_server
#20 9.651 [post_build] Copying afl-fuzz to $OUT directory
#20 DONE 10.4s

#21 exporting to image
#21 sha256:e8c613e07b0b7ff33893b694f7759a10d42e180f2b4dc349fb57dc6b71dcab00
#21 exporting layers done
#21 writing image sha256:5dec7735386bb743d52902c57ca97549e9c165bc556aa5d45a41c87ad7f39298 0.0s done
#21 naming to gcr.io/fuzzbench/builders/afl/ibmswtpm2_fuzzer 0.0s done
#21 DONE 0.5s

#22 exporting cache
#22 sha256:2700d4ef94dee473593c5c614b55b2dedcca7893909811a8f2b48291a1f581e4
#22 preparing build cache for export done
#22 DONE 0.0s
------
 > importing cache manifest from gcr.io/fuzzbench/builders/afl/ibmswtpm2_fuzzer:
------
#1 [internal] load build definition from runner.Dockerfile
#1 sha256:70e9d4243973be4c8d2b48e26ffc08f4ad1e16c1cb16f42d51e240858d9982c2
#1 transferring dockerfile: 656B done
#1 DONE 0.1s

#2 [internal] load .dockerignore
#2 sha256:494ebec617b085998315ff4100df3656683a2b6445bc217382ce701f28349c17
#2 transferring context: 2B done
#2 DONE 0.1s

#3 [internal] load metadata for gcr.io/fuzzbench/base-image:latest
#3 sha256:932022888f650cc455b10eb5123bb08c0cccacac29a693e69314abbfd28a72c3
#3 DONE 0.0s

#4 [1/1] FROM gcr.io/fuzzbench/base-image
#4 sha256:4d07825694520f8b6f6a0d8592dbd345433361ae044cb7f06706c5a95e3daaad
#4 DONE 0.0s

#5 importing cache manifest from gcr.io/fuzzbench/runners/afl/ibmswtpm2_fuzzer-intermediate
#5 sha256:f5c4a45906a7f1e842453fb15d810eaf5f3638ce70e48c44fe69b6d4c8a3c6f7
#5 ERROR: gcr.io/fuzzbench/runners/afl/ibmswtpm2_fuzzer-intermediate:latest: not found

#4 [1/1] FROM gcr.io/fuzzbench/base-image
#4 sha256:4d07825694520f8b6f6a0d8592dbd345433361ae044cb7f06706c5a95e3daaad
#4 CACHED

#6 exporting to image
#6 sha256:e8c613e07b0b7ff33893b694f7759a10d42e180f2b4dc349fb57dc6b71dcab00
#6 exporting layers done
#6 writing image sha256:4efbd5e416c83953b598ff82cefe236e4f25c5eeda46088ba83e35554e2d5ee7 done
#6 naming to gcr.io/fuzzbench/runners/afl/ibmswtpm2_fuzzer-intermediate 0.0s done
#6 DONE 0.3s

#7 exporting cache
#7 sha256:2700d4ef94dee473593c5c614b55b2dedcca7893909811a8f2b48291a1f581e4
#7 preparing build cache for export done
#7 DONE 0.0s
------
 > importing cache manifest from gcr.io/fuzzbench/runners/afl/ibmswtpm2_fuzzer-intermediate:
------
#2 [internal] load .dockerignore
#2 sha256:9f4aa49322f50f1059cc3ac3f8322467d0ce36428051edc243b23c72d64c7ffb
#2 transferring context: 34B done
#2 DONE 0.3s

#1 [internal] load build definition from Dockerfile
#1 sha256:e9750ca8f16699090714cd1ddfe2ccb89ee0140e45d9cfc6df0ac9f1656abc10
#1 transferring dockerfile: 3.17kB done
#1 DONE 0.2s

#3 [internal] load metadata for gcr.io/fuzzbench/runners/afl/ibmswtpm2_fuzzer-intermediate:latest
#3 sha256:1a7e284959ecbca8944b54e046e1715c5825f93454c99d64c4889406c1481720
#3 DONE 0.0s

#4 [internal] load metadata for gcr.io/fuzzbench/builders/afl/ibmswtpm2_fuzzer:latest
#4 sha256:e1aef5447ae94c2ae011c8bfff0f8d168998cb8bb9914cbad096e9c176cc9d30
#4 DONE 0.0s

#12 [internal] load build context
#12 sha256:5f887cdd65c68a22cd5a9fff147b556e35aa91782dcaf9da78f8c82a75205aa8
#12 DONE 0.0s

#6 [stage-1  1/13] FROM gcr.io/fuzzbench/runners/afl/ibmswtpm2_fuzzer-intermediate
#6 sha256:a28226c326fd1a6ce2e587f64375eb23284a20840484f240982c87b06992e884
#6 DONE 0.0s

#10 [builder 1/1] FROM gcr.io/fuzzbench/builders/afl/ibmswtpm2_fuzzer
#10 sha256:8dc27a3572677ba74412419ad9310747734315fa25280970347c277411e4959a
#10 DONE 0.0s

#5 importing cache manifest from gcr.io/fuzzbench/runners/afl/ibmswtpm2_fuzzer
#5 sha256:22358bbb3b5dbd89c5df62e53c97f466991d6ebb784832653f137d103629922a
#5 ERROR: gcr.io/fuzzbench/runners/afl/ibmswtpm2_fuzzer:latest: not found

#12 [internal] load build context
#12 sha256:5f887cdd65c68a22cd5a9fff147b556e35aa91782dcaf9da78f8c82a75205aa8
#12 transferring context: 17.54MB 0.9s done
#12 DONE 1.1s

#10 [builder 1/1] FROM gcr.io/fuzzbench/builders/afl/ibmswtpm2_fuzzer
#10 sha256:8dc27a3572677ba74412419ad9310747734315fa25280970347c277411e4959a
#10 DONE 1.7s

#7 [stage-1  2/13] RUN apt-get update -y && apt-get install -y     libglib2.0-0     libxml2     libarchive13     libgss3
#7 sha256:6d0d6bb0f295156de5cdec5dfc4d99b8ca4167b2eb4575ae0a4baee7b32f8757
#7 CACHED

#8 [stage-1  3/13] RUN mkdir -p /out
#8 sha256:33df23188c995343423171d8e201c8146fcd0b7e0391be82d8892b1b83d8d5f6
#8 CACHED

#9 [stage-1  4/13] WORKDIR /out
#9 sha256:d1c7b0dc61d326d193df07687aa5c82ad741af5e5d7735ed26e6fbdab794efb7
#9 CACHED

#11 [stage-1  5/13] COPY --from=builder /out/ ./
#11 sha256:e245f0b9896750851be823660e80d666607b93ad5a0c7fb040639b3e1f418942
#11 DONE 0.2s

#13 [stage-1  6/13] COPY benchmarks /src/benchmarks
#13 sha256:3ee64a21f2692f271218867c75d07a26b655bfb6c7866b5fe6d224d91ab065ce
#13 DONE 1.2s

#14 [stage-1  7/13] COPY fuzzers /src/fuzzers
#14 sha256:8ef2782a046fa859eeaa32191ddadd2025d183ab787596ccb008ae19e6027384
#14 DONE 0.3s

#15 [stage-1  8/13] RUN touch __init__.py
#15 sha256:0c0171d653456971230892a58fc2ba1f5fb5367b5ed9e891824721a12a645b2c
#15 DONE 0.5s

#16 [stage-1  9/13] RUN mkdir -p /out/seeds /out/corpus
#16 sha256:2e31ef5e06617c44b1f910697f2ef24eba4e3cf6cf56cb84df7478700fdab7d3
#16 DONE 0.6s

#17 [stage-1 10/13] COPY common /src/common
#17 sha256:b8054b2d7f26ad260cb5064c264103d5544c4c32bf23ec3c19bd32152130c5d5
#17 DONE 0.2s

#18 [stage-1 11/13] COPY experiment/runner.py /src/experiment/runner.py
#18 sha256:93050a24559dfae2f384c0123c734b635c4625003df86c4590832368c7c6e45b
#18 DONE 0.2s

#19 [stage-1 12/13] COPY docker/benchmark-runner /src/docker/benchmark-runner
#19 sha256:f97a89b83023f6770f4f5e3d15a107f30cd8e34d446aed466b18046e6457542b
#19 DONE 0.2s

#20 [stage-1 13/13] RUN chmod +x /src/docker/benchmark-runner/startup-runner.sh
#20 sha256:919a3d7494080e96eeb12fbeb6fa9499e39eb55cf53565c96122ef540cb5f825
#20 DONE 0.7s

#21 exporting to image
#21 sha256:e8c613e07b0b7ff33893b694f7759a10d42e180f2b4dc349fb57dc6b71dcab00
#21 exporting layers done
#21 writing image sha256:050d31f265d87f8c4479a5a76a140ce9d666a2eaae95071009bd11768c780813 done
#21 naming to gcr.io/fuzzbench/runners/afl/ibmswtpm2_fuzzer done
#21 DONE 0.1s

#22 exporting cache
#22 sha256:2700d4ef94dee473593c5c614b55b2dedcca7893909811a8f2b48291a1f581e4
#22 preparing build cache for export
#22 preparing build cache for export done
#22 DONE 0.0s
------
 > importing cache manifest from gcr.io/fuzzbench/runners/afl/ibmswtpm2_fuzzer:
------
INFO:root:Doing trial as part of experiment.
INFO:root:Starting trial.
ERROR:root:Fuzz target binary not found.
INFO:root:Doing final sync.
ERROR:root:Call to <function get_stats at 0x7f5a8bdf1f70> failed. Extras: {'traceback': 'Traceback (most recent call last):\n  File "/src/experiment/runner.py", line 374, in record_stats\n    stats_json_str = fuzzer_module_get_stats(output_corpus,\n  File "/src/fuzzers/afl/fuzzer.py", line 51, in get_stats\n    with open(stats_file) as file_handle:\nFileNotFoundError: [Errno 2] No such file or directory: \'/out/corpus/fuzzer_stats\'\n'}
