WARNING:root:gcloud not found in PATH.
INFO:root:Successfully integrated benchmark: libtpms_libtpms.
INFO:root:Please run "make test-run-afl-libtpms_libtpms" to test integration.
#1 [internal] load build definition from Dockerfile
#1 sha256:b72dd06ad2a5244d2528e3a30dd13b51bc30679519e4425564da317819036020
#1 transferring dockerfile: 1.05kB done
#1 DONE 0.4s

#2 [internal] load .dockerignore
#2 sha256:8f0dbb9300fc556dd92d11f246c5cf37bac86422740a99f02771733718d211da
#2 transferring context: 2B done
#2 DONE 0.4s

#3 [internal] load metadata for gcr.io/oss-fuzz-base/base-builder:latest
#3 sha256:f10dc39cc9d418a5bc416dead31a1902b6821fdae909cd3b08f7a3fd1faba7b5
#3 DONE 0.4s

#9 [internal] load build context
#9 sha256:ac0ddb2e0e94ab329080a6c56c07c9c83269ff9ce9fa61c4b303cff7c21a66d9
#9 DONE 0.0s

#5 [1/5] FROM gcr.io/oss-fuzz-base/base-builder@sha256:f4e5ea12494fab091c5d830cf803b3421f2860f729b9d1b07da44924396cf8cf
#5 sha256:ef290950573a2779ee526af357b28fbddfc20d7409aa51f58f777c9e972cba29
#5 DONE 0.0s

#4 importing cache manifest from gcr.io/fuzzbench/builders/benchmark/libtpms_libtpms
#4 sha256:7b08db45c3229ec4cb982d9bf5c52c0497fbf5d3fc5283baa978b0186f460460
#4 ERROR: gcr.io/fuzzbench/builders/benchmark/libtpms_libtpms:latest: not found

#5 [1/5] FROM gcr.io/oss-fuzz-base/base-builder@sha256:f4e5ea12494fab091c5d830cf803b3421f2860f729b9d1b07da44924396cf8cf
#5 sha256:ef290950573a2779ee526af357b28fbddfc20d7409aa51f58f777c9e972cba29
#5 CACHED

#9 [internal] load build context
#9 sha256:ac0ddb2e0e94ab329080a6c56c07c9c83269ff9ce9fa61c4b303cff7c21a66d9
#9 transferring context: 30B done
#9 DONE 0.1s

#6 [2/5] RUN         apt-get update &&         apt-get install -y         make autoconf automake libtool         libstdc++-5-dev         libssl-dev libseccomp-dev
#6 sha256:d7a849ffd4db3c1e965338ef9133228838bb15d417a063f7237f185f914655c1
#6 0.727 Hit:1 http://ppa.launchpad.net/git-core/ppa/ubuntu focal InRelease
#6 0.727 Hit:2 http://archive.ubuntu.com/ubuntu focal InRelease
#6 0.727 Get:3 http://security.ubuntu.com/ubuntu focal-security InRelease [114 kB]
#6 0.738 Get:4 http://archive.ubuntu.com/ubuntu focal-updates InRelease [114 kB]
#6 0.836 Get:5 http://archive.ubuntu.com/ubuntu focal-backports InRelease [108 kB]
#6 1.253 Get:6 http://security.ubuntu.com/ubuntu focal-security/universe i386 Packages [657 kB]
#6 1.356 Get:7 http://security.ubuntu.com/ubuntu focal-security/main amd64 Packages [1546 kB]
#6 1.453 Get:8 http://archive.ubuntu.com/ubuntu focal-updates/main i386 Packages [752 kB]
#6 1.482 Get:9 http://security.ubuntu.com/ubuntu focal-security/universe amd64 Packages [840 kB]
#6 1.555 Get:10 http://security.ubuntu.com/ubuntu focal-security/main i386 Packages [464 kB]
#6 1.659 Get:11 http://archive.ubuntu.com/ubuntu focal-updates/main amd64 Packages [1973 kB]
#6 1.805 Get:12 http://archive.ubuntu.com/ubuntu focal-updates/universe amd64 Packages [1134 kB]
#6 1.890 Get:13 http://archive.ubuntu.com/ubuntu focal-updates/universe i386 Packages [827 kB]
#6 2.184 Fetched 8529 kB in 1s (5750 kB/s)
#6 2.184 Reading package lists...
#6 3.694 Reading package lists...
#6 5.108 Building dependency tree...
#6 5.318 Reading state information...
#6 5.347 Package libstdc++-5-dev is not available, but is referred to by another package.
#6 5.347 This may mean that the package is missing, has been obsoleted, or
#6 5.347 is only available from another source
#6 5.347 
#6 5.351 E: Package 'libstdc++-5-dev' has no installation candidate
#6 ERROR: executor failed running [/bin/sh -c apt-get update &&         apt-get install -y         make autoconf automake libtool         libstdc++-5-dev         libssl-dev libseccomp-dev]: exit code: 100
------
 > importing cache manifest from gcr.io/fuzzbench/builders/benchmark/libtpms_libtpms:
------
------
 > [2/5] RUN         apt-get update &&         apt-get install -y         make autoconf automake libtool         libstdc++-5-dev         libssl-dev libseccomp-dev:
------
executor failed running [/bin/sh -c apt-get update &&         apt-get install -y         make autoconf automake libtool         libstdc++-5-dev         libssl-dev libseccomp-dev]: exit code: 100
make: *** [docker/generated.mk:35608: .libtpms_libtpms-project-builder] Error 1
/bin/sh: 1: source: not found
#1 [internal] load build definition from Dockerfile
#1 sha256:26dbcfe97783c3e01b245c6ebfd21ad6c4f0757ba1e92a40724770530ef06c21
#1 transferring dockerfile: 32B done
#1 DONE 0.3s

#2 [internal] load .dockerignore
#2 sha256:3847a16ea3ea95ca7612a3f6e6c0a213fd506f0d347abf7f56575b94112a2cf7
#2 transferring context: 2B done
#2 DONE 0.4s

#3 [internal] load metadata for gcr.io/oss-fuzz-base/base-builder:latest
#3 sha256:f10dc39cc9d418a5bc416dead31a1902b6821fdae909cd3b08f7a3fd1faba7b5
#3 DONE 0.4s

#9 [internal] load build context
#9 sha256:3132be66ae40e7357dc7a465958a940b1c031ea67c7ae7e1eb281f5e82264a29
#9 DONE 0.0s

#5 [1/5] FROM gcr.io/oss-fuzz-base/base-builder@sha256:f4e5ea12494fab091c5d830cf803b3421f2860f729b9d1b07da44924396cf8cf
#5 sha256:ef290950573a2779ee526af357b28fbddfc20d7409aa51f58f777c9e972cba29
#5 DONE 0.0s

#4 importing cache manifest from gcr.io/fuzzbench/builders/benchmark/libtpms_libtpms
#4 sha256:7b08db45c3229ec4cb982d9bf5c52c0497fbf5d3fc5283baa978b0186f460460
#4 ERROR: gcr.io/fuzzbench/builders/benchmark/libtpms_libtpms:latest: not found

#5 [1/5] FROM gcr.io/oss-fuzz-base/base-builder@sha256:f4e5ea12494fab091c5d830cf803b3421f2860f729b9d1b07da44924396cf8cf
#5 sha256:ef290950573a2779ee526af357b28fbddfc20d7409aa51f58f777c9e972cba29
#5 CACHED

#9 [internal] load build context
#9 sha256:3132be66ae40e7357dc7a465958a940b1c031ea67c7ae7e1eb281f5e82264a29
#9 transferring context: 30B done
#9 DONE 0.3s

#6 [2/5] RUN         apt-get update &&         apt-get install -y         make autoconf automake libtool         libstdc++-5-dev         libssl-dev libseccomp-dev
#6 sha256:d7a849ffd4db3c1e965338ef9133228838bb15d417a063f7237f185f914655c1
#6 0.887 Hit:1 http://archive.ubuntu.com/ubuntu focal InRelease
#6 0.887 Get:2 http://archive.ubuntu.com/ubuntu focal-updates InRelease [114 kB]
#6 0.887 Get:3 http://security.ubuntu.com/ubuntu focal-security InRelease [114 kB]
#6 0.888 Hit:4 http://ppa.launchpad.net/git-core/ppa/ubuntu focal InRelease
#6 0.955 Get:5 http://archive.ubuntu.com/ubuntu focal-backports InRelease [108 kB]
#6 1.417 Get:6 http://security.ubuntu.com/ubuntu focal-security/universe i386 Packages [657 kB]
#6 1.525 Get:7 http://security.ubuntu.com/ubuntu focal-security/main i386 Packages [464 kB]
#6 1.570 Get:8 http://security.ubuntu.com/ubuntu focal-security/universe amd64 Packages [840 kB]
#6 1.660 Get:9 http://archive.ubuntu.com/ubuntu focal-updates/universe amd64 Packages [1134 kB]
#6 1.678 Get:10 http://security.ubuntu.com/ubuntu focal-security/main amd64 Packages [1546 kB]
#6 2.016 Get:11 http://archive.ubuntu.com/ubuntu focal-updates/main i386 Packages [752 kB]
#6 2.091 Get:12 http://archive.ubuntu.com/ubuntu focal-updates/main amd64 Packages [1973 kB]
#6 2.237 Get:13 http://archive.ubuntu.com/ubuntu focal-updates/universe i386 Packages [827 kB]
#6 2.522 Fetched 8529 kB in 2s (5073 kB/s)
#6 2.522 Reading package lists...
#6 4.018 Reading package lists...
#6 5.481 Building dependency tree...
#6 5.692 Reading state information...
#6 5.721 Package libstdc++-5-dev is not available, but is referred to by another package.
#6 5.721 This may mean that the package is missing, has been obsoleted, or
#6 5.721 is only available from another source
#6 5.721 
#6 5.725 E: Package 'libstdc++-5-dev' has no installation candidate
#6 ERROR: executor failed running [/bin/sh -c apt-get update &&         apt-get install -y         make autoconf automake libtool         libstdc++-5-dev         libssl-dev libseccomp-dev]: exit code: 100
------
 > importing cache manifest from gcr.io/fuzzbench/builders/benchmark/libtpms_libtpms:
------
------
 > [2/5] RUN         apt-get update &&         apt-get install -y         make autoconf automake libtool         libstdc++-5-dev         libssl-dev libseccomp-dev:
------
executor failed running [/bin/sh -c apt-get update &&         apt-get install -y         make autoconf automake libtool         libstdc++-5-dev         libssl-dev libseccomp-dev]: exit code: 100
make: *** [docker/generated.mk:35608: .libtpms_libtpms-project-builder] Error 1
