WARNING:root:gcloud not found in PATH.
INFO:root:Successfully integrated benchmark: opencv_filestorage_read_string_fuzzer.
INFO:root:Please run "make test-run-afl-opencv_filestorage_read_string_fuzzer" to test integration.
#1 [internal] load build definition from Dockerfile
#1 sha256:9e2f0136353117a71d76dac25250a0bbb8684cb018f03d00ec19f98f7b9faaa2
#1 ...

#2 [internal] load .dockerignore
#2 sha256:60f5ad9433b316d34a9e09e4f3282cc620cc2a4e501aedc8940e46513fbe6916
#2 DONE 0.0s

#1 [internal] load build definition from Dockerfile
#1 sha256:9e2f0136353117a71d76dac25250a0bbb8684cb018f03d00ec19f98f7b9faaa2
#1 transferring dockerfile: 937B done
#1 DONE 0.9s

#2 [internal] load .dockerignore
#2 sha256:60f5ad9433b316d34a9e09e4f3282cc620cc2a4e501aedc8940e46513fbe6916
#2 transferring context: 2B done
#2 DONE 0.2s

#3 [internal] load metadata for gcr.io/oss-fuzz-base/base-builder:latest
#3 sha256:f10dc39cc9d418a5bc416dead31a1902b6821fdae909cd3b08f7a3fd1faba7b5
#3 DONE 0.5s

#9 [internal] load build context
#9 sha256:f810b7e087c1ac5322f91747148c81a77885fbf25de84b09997df3cb877e7bff
#9 DONE 0.0s

#4 importing cache manifest from gcr.io/fuzzbench/builders/benchmark/opencv_filestorage_read_string_fuzzer
#4 sha256:cc0139b8bde882ac996011899edbbdc1571bd141f0ceeb5c5a73c9f969211047
#4 ERROR: gcr.io/fuzzbench/builders/benchmark/opencv_filestorage_read_string_fuzzer:latest: not found

#5 [1/6] FROM gcr.io/oss-fuzz-base/base-builder@sha256:112044a9815d235113677d459cf2ece740a51f2b85081c8f66943dcdc72ddf7f
#5 sha256:4aee4bf9f7280ac8b7f02b8d29e6e084dd034d2c294b4e3e05d8ce7048a1450f
#5 DONE 0.0s

#9 [internal] load build context
#9 sha256:f810b7e087c1ac5322f91747148c81a77885fbf25de84b09997df3cb877e7bff
#9 transferring context: 2.35kB done
#9 DONE 0.1s

#8 [4/6] WORKDIR opencv/
#8 sha256:fda6c4b7e211bdd8ec1ae001cbb40929be694af912454da7105b1ff5a7d1ef7e
#8 CACHED

#10 [5/6] COPY build.sh /src/
#10 sha256:c502e64a5ab8bb5c6fa94c1e780c378d78ad03464da3344b676efe3f05d243ac
#10 CACHED

#6 [2/6] RUN apt-get update && apt-get install -y build-essential cmake pkg-config
#6 sha256:5b4cdd543f7676d762d91b87c637b12e81d197a5de05812a3f0a2dc7aead2436
#6 CACHED

#7 [3/6] RUN git clone --depth 1 https://github.com/opencv/opencv.git opencv
#7 sha256:59a9fb61118231e7c2a207bca2277cafcfad95bb7e22f5ee768b2c0e041e7f83
#7 CACHED

#11 [6/6] COPY *.cc *.h /src/
#11 sha256:059ed12d2c2704c1a640bc344f89016561fce2a75ec5d6c86de976c349202529
#11 CACHED

#12 exporting to image
#12 sha256:e8c613e07b0b7ff33893b694f7759a10d42e180f2b4dc349fb57dc6b71dcab00
#12 exporting layers done
#12 writing image sha256:1becccd814dbf34cc8e63e180aa81b53d32b799e754916d11e8fe1e0019dbfe9 0.0s done
#12 naming to gcr.io/fuzzbench/builders/benchmark/opencv_filestorage_read_string_fuzzer done
#12 DONE 0.2s

#13 exporting cache
#13 sha256:2700d4ef94dee473593c5c614b55b2dedcca7893909811a8f2b48291a1f581e4
#13 preparing build cache for export done
#13 DONE 0.0s
------
 > importing cache manifest from gcr.io/fuzzbench/builders/benchmark/opencv_filestorage_read_string_fuzzer:
------
#1 [internal] load build definition from builder.Dockerfile
#1 sha256:7e8ca75df8614d0d849ae997c27203ab34d8c6e93203d483519c9fe84f9433bf
#1 transferring dockerfile: 46B done
#1 DONE 0.1s

#2 [internal] load .dockerignore
#2 sha256:b8bf82f65540a78d356488b5d90068f1cff138080d4c048a06d3c3e3884bba12
#2 transferring context: 2B done
#2 DONE 0.1s

#3 [internal] load metadata for gcr.io/fuzzbench/builders/benchmark/opencv_filestorage_read_string_fuzzer:latest
#3 sha256:0f1759bbd24bb1c4e59b7315acd9103557d1e62befed511df4863e45171b4df1
#3 DONE 0.0s

#7 [1/3] FROM gcr.io/fuzzbench/builders/benchmark/opencv_filestorage_read_string_fuzzer
#7 sha256:9bc4e62cae23f42a205ee92f0e68217aa9e6eca11d749f673b7c31ce7cdd06fc
#7 DONE 0.0s

#6 importing cache manifest from gcr.io/fuzzbench/builders/afl/opencv_filestorage_read_string_fuzzer-intermediate
#6 sha256:3d30ec2e9d4dc119f04de51f7ac3e50a12fa3c78d1c53cbbc7f60ea7dc51a063
#6 ERROR: gcr.io/fuzzbench/builders/afl/opencv_filestorage_read_string_fuzzer-intermediate:latest: not found

#4 [2/3] RUN git clone https://github.com/google/AFL.git /afl &&     cd /afl &&     git checkout 61037103ae3722c8060ff7082994836a794f978e &&     AFL_NO_X86=1 make
#4 sha256:53baa11ffb1ebc2026b95125df1937540de8267ddee01243e43f11d383db7808
#4 CACHED

#5 [3/3] RUN apt-get update &&     apt-get install wget -y &&     wget https://raw.githubusercontent.com/llvm/llvm-project/5feb80e748924606531ba28c97fe65145c65372e/compiler-rt/lib/fuzzer/afl/afl_driver.cpp -O /afl/afl_driver.cpp &&     clang -Wno-pointer-sign -c /afl/llvm_mode/afl-llvm-rt.o.c -I/afl &&     clang++ -stdlib=libc++ -std=c++11 -O2 -c /afl/afl_driver.cpp &&     ar r /libAFL.a *.o
#5 sha256:40a0b9f0b23363919f2a0992faadc4ee714b6911b726462a4b67f7418d666f53
#5 CACHED

#8 exporting to image
#8 sha256:e8c613e07b0b7ff33893b694f7759a10d42e180f2b4dc349fb57dc6b71dcab00
#8 exporting layers done
#8 writing image sha256:46f5031b711128eb84cc163599a68526005a66a2f95e2b1d5dab852aa983e026 0.0s done
#8 naming to gcr.io/fuzzbench/builders/afl/opencv_filestorage_read_string_fuzzer-intermediate 0.0s done
#8 DONE 0.4s

#9 exporting cache
#9 sha256:2700d4ef94dee473593c5c614b55b2dedcca7893909811a8f2b48291a1f581e4
#9 preparing build cache for export done
#9 DONE 0.0s
------
 > importing cache manifest from gcr.io/fuzzbench/builders/afl/opencv_filestorage_read_string_fuzzer-intermediate:
------
#1 [internal] load build definition from Dockerfile
#1 sha256:0be6ec65c90ec527178bf40038c730ae7da35cc31b9f96956e4d6cd8fb1565d7
#1 transferring dockerfile: 2.00kB done
#1 DONE 0.1s

#2 [internal] load .dockerignore
#2 sha256:aaff76ad355ade193dfc2577885f6a63d32d6b0b40f98d0b9f8e3904b8e754f0
#2 transferring context: 34B 0.0s done
#2 DONE 0.1s

#3 [internal] load metadata for docker.io/library/ubuntu:xenial
#3 sha256:f62bae18ed588840f045c881b2502661f2a89578a2f8f99b83f5200ee83dd25b
#3 DONE 0.0s

#4 [1/7] FROM docker.io/library/ubuntu:xenial
#4 sha256:14dd403f25ae9e519bd44f27dc17af7ce80f5a4f9f48ca88108364e67ec5d360
#4 DONE 0.0s

#12 importing cache manifest from gcr.io/fuzzbench/base-image
#12 sha256:9b220ebb4d4daceed1b96df9b6dca076e762f1cd612574f010b82d5b9e5ad896
#12 DONE 0.0s

#7 [internal] load build context
#7 sha256:cd5cffec5820658ab393104d440482a1efbcabc769a884e123e3e5485b9b0786
#7 transferring context: 559B 0.0s done
#7 DONE 0.1s

#9 [5/7] RUN pip3 install -r /requirements.txt
#9 sha256:93be9aa00fd0ae2b4757c852c5a147ac0e941f02600b133e409471023afefb8e
#9 CACHED

#10 [6/7] RUN apt-get update -y && apt-get install -y     apt-transport-https     lsb-release
#10 sha256:81066c7c26175884d96d1d5376b6cec82a65bda1b2f80227a939b42ab63011d7
#10 CACHED

#5 [2/7] RUN apt-get update -y && apt-get install -y     build-essential     rsync     curl     zlib1g-dev     libncurses5-dev     libgdbm-dev     libnss3-dev     libssl-dev     libreadline-dev     libffi-dev     virtualenv     libbz2-dev     liblzma-dev     libsqlite3-dev
#5 sha256:3a1b0960f17eed529eaae93dc8fd3554f2743dd584d8fa569cdbe6bc734371ac
#5 CACHED

#6 [3/7] RUN cd /tmp/ &&     curl -O https://www.python.org/ftp/python/3.8.6/Python-3.8.6.tar.xz &&     tar -xvf Python-3.8.6.tar.xz &&     cd Python-3.8.6 &&     ./configure --enable-loadable-sqlite-extensions --enable-optimizations &&     make -j install &&     rm -r /tmp/Python-3.8.6.tar.xz /tmp/Python-3.8.6
#6 sha256:c5b9d1fb3371e84dbc60b76e7b2f8d5913bc93bcd4910ab65daa03e7b2ec4bb0
#6 CACHED

#8 [4/7] COPY ./requirements.txt /
#8 sha256:116847554352136b7c2d60e4da180e737376e57f3f00f9ee5c82a0f16fc649cb
#8 CACHED

#11 [7/7] RUN CLOUD_SDK_REPO="cloud-sdk-$(lsb_release -c -s)" &&     echo "deb https://packages.cloud.google.com/apt $CLOUD_SDK_REPO main"     | tee -a /etc/apt/sources.list.d/google-cloud-sdk.list &&     curl https://packages.cloud.google.com/apt/doc/apt-key.gpg     | apt-key add - &&     apt-get update -y &&     apt-get install -y google-cloud-sdk
#11 sha256:7397cba948ec495a295e9f1d6f80bbb9e86e949684b1905923c04807ebd0c297
#11 CACHED

#13 exporting to image
#13 sha256:e8c613e07b0b7ff33893b694f7759a10d42e180f2b4dc349fb57dc6b71dcab00
#13 exporting layers done
#13 writing image sha256:55e5825902805b10e1ba0cd27e4af0d82c25f9e225d6218342d4b6474bd3ddae
#13 writing image sha256:55e5825902805b10e1ba0cd27e4af0d82c25f9e225d6218342d4b6474bd3ddae done
#13 naming to gcr.io/fuzzbench/base-image done
#13 DONE 0.0s

#14 exporting cache
#14 sha256:2700d4ef94dee473593c5c614b55b2dedcca7893909811a8f2b48291a1f581e4
#14 preparing build cache for export done
#14 DONE 0.0s
#1 [internal] load build definition from Dockerfile
#1 sha256:f1fc9dff0640472bfde3c951e987e4bfe0415cdb8a4d0770e1d47c34baaa29ac
#1 transferring dockerfile: 2.22kB done
#1 DONE 0.1s

#2 [internal] load .dockerignore
#2 sha256:63f637448ca54d9c743700e971781e44a048df4abe9ec2df5181bc981b9a31d1
#2 transferring context: 34B done
#2 DONE 0.1s

#7 [base-image 1/1] FROM gcr.io/fuzzbench/base-image
#7 sha256:4d07825694520f8b6f6a0d8592dbd345433361ae044cb7f06706c5a95e3daaad
#7 DONE 1.0s

#6 [stage-1  1/13] FROM gcr.io/fuzzbench/builders/afl/opencv_filestorage_read_string_fuzzer-intermediate
#6 sha256:ff75c9d4ea2e0f8bf58818e50340fe56dfd09ff2ea1907e6c54adcf9a0c5a275
#6 DONE 0.0s

#4 [internal] load metadata for gcr.io/fuzzbench/base-image:latest
#4 sha256:932022888f650cc455b10eb5123bb08c0cccacac29a693e69314abbfd28a72c3
#4 DONE 0.0s

#3 [internal] load metadata for gcr.io/fuzzbench/builders/afl/opencv_filestorage_read_string_fuzzer-intermediate:latest
#3 sha256:8fc09c1eebd437dc4c3b2b4ee68d74af8a79c8e90107d69678afd8acbced4130
#3 DONE 0.0s

#12 [internal] load build context
#12 sha256:435fd2a9b70352964af39fc8accce54ff6023d44dd7ac87fd0319a74355e50f7
#12 DONE 0.0s

#5 importing cache manifest from gcr.io/fuzzbench/builders/afl/opencv_filestorage_read_string_fuzzer
#5 sha256:e4078980db5e0c1cdd18c284e56f89162e4e6f6ad508bea1f729625465ecfcc5
#5 ERROR: gcr.io/fuzzbench/builders/afl/opencv_filestorage_read_string_fuzzer:latest: not found

#12 [internal] load build context
#12 sha256:435fd2a9b70352964af39fc8accce54ff6023d44dd7ac87fd0319a74355e50f7
#12 transferring context: 669.93kB 0.2s done
#12 DONE 0.2s

#8 [stage-1  2/13] COPY --from=base-image /usr/local/bin/python3* /usr/local/bin/
#8 sha256:300875743435f94ffc4000246f4c3c4b637695bbc9acfdf4f6be48a2bc58ea25
#8 CACHED

#9 [stage-1  3/13] COPY --from=base-image /usr/local/lib/python3.8 /usr/local/lib/python3.8
#9 sha256:e68d322b1cf02d41d5ade1b041ef6666f59fe2bf377c57c892e06f439964e55d
#9 CACHED

#10 [stage-1  4/13] COPY --from=base-image /usr/local/include/python3.8 /usr/local/include/python3.8
#10 sha256:13e57ac53f592d336ebf26dadacaba2c2f90d77c76824f75de5d6bc5dee1d44b
#10 CACHED

#11 [stage-1  5/13] COPY --from=base-image /usr/local/lib/python3.8/site-packages /usr/local/lib/python3.8/site-packages
#11 sha256:c1ed1bda8f4f601d2d017bf874a29c79e2921a35af98175449b3aa47a69ff94c
#11 CACHED

#13 [stage-1  6/13] COPY fuzzers /src/fuzzers
#13 sha256:f2484c6dc5ed732eae1e0b20621f29b7b2beb68dc1ffee9ec874f8e74b6d8e07
#13 CACHED

#14 [stage-1  7/13] RUN touch /src/__init__.py
#14 sha256:7eb0d433692880b2e22ce75193355f43948cf29be4b93ab1aa697fa0802a7dbd
#14 DONE 1.8s

#15 [stage-1  8/13] COPY benchmarks/opencv_filestorage_read_string_fuzzer/benchmark.yaml /
#15 sha256:3e1b126f3322035aba2aec3b336bcd33480a7330745a74b20d95ece30dc8bf49
#15 DONE 0.2s

#16 [stage-1  9/13] RUN mkdir /opt/fuzzbench/
#16 sha256:1aca514e04cb045e025e7b6284e82c3848ea9c0082981e5b11098538345a8f9e
#16 DONE 1.4s

#17 [stage-1 10/13] COPY docker/benchmark-builder/checkout_commit.py /opt/fuzzbench/
#17 sha256:5d6ea7cec404f5542cb5e6caa142635e0be2cb1a238c2a7119389832b3613dd2
#17 DONE 0.3s

#18 [stage-1 11/13] RUN export CHECKOUT_COMMIT=$(cat /benchmark.yaml | tr -d ' ' | grep 'commit:' | cut -d ':' -f2) &&     python3 -u /opt/fuzzbench/checkout_commit.py $CHECKOUT_COMMIT /src
#18 sha256:c9ff9dfe19d5cf3f2ac3195f79cfe2fc923a1e84d32e96f42d63e12f3e7ef77e
#18 1.230 Checking out commit 84faf557
#18 142.5 From https://github.com/opencv/opencv
#18 142.5  * [new tag]               2.2                  -> 2.2
#18 142.5  * [new tag]               2.4.0                -> 2.4.0
#18 142.5  * [new tag]               2.4.1                -> 2.4.1
#18 142.5  * [new tag]               2.4.10               -> 2.4.10
#18 142.5  * [new tag]               2.4.10.1             -> 2.4.10.1
#18 142.5  * [new tag]               2.4.10.2             -> 2.4.10.2
#18 142.5  * [new tag]               2.4.10.3             -> 2.4.10.3
#18 142.5  * [new tag]               2.4.10.4             -> 2.4.10.4
#18 142.5  * [new tag]               2.4.11               -> 2.4.11
#18 142.5  * [new tag]               2.4.12               -> 2.4.12
#18 142.5  * [new tag]               2.4.12.1             -> 2.4.12.1
#18 142.5  * [new tag]               2.4.12.2             -> 2.4.12.2
#18 142.5  * [new tag]               2.4.12.3             -> 2.4.12.3
#18 142.5  * [new tag]               2.4.13               -> 2.4.13
#18 142.5  * [new tag]               2.4.13.1             -> 2.4.13.1
#18 142.5  * [new tag]               2.4.2                -> 2.4.2
#18 142.5  * [new tag]               2.4.3                -> 2.4.3
#18 142.5  * [new tag]               2.4.3-rc             -> 2.4.3-rc
#18 142.5  * [new tag]               2.4.3.1              -> 2.4.3.1
#18 142.5  * [new tag]               2.4.3.2              -> 2.4.3.2
#18 142.5  * [new tag]               2.4.4                -> 2.4.4
#18 142.5  * [new tag]               2.4.4-beta           -> 2.4.4-beta
#18 142.5  * [new tag]               2.4.5                -> 2.4.5
#18 142.5  * [new tag]               2.4.6                -> 2.4.6
#18 142.6  * [new tag]               2.4.6.1              -> 2.4.6.1
#18 142.6  * [new tag]               2.4.6.2              -> 2.4.6.2
#18 142.6  * [new tag]               2.4.6.2-rc1          -> 2.4.6.2-rc1
#18 142.6  * [new tag]               2.4.7                -> 2.4.7
#18 142.6  * [new tag]               2.4.7-rc1            -> 2.4.7-rc1
#18 142.6  * [new tag]               2.4.7.1              -> 2.4.7.1
#18 142.6  * [new tag]               2.4.7.2              -> 2.4.7.2
#18 142.6  * [new tag]               2.4.8                -> 2.4.8
#18 142.6  * [new tag]               2.4.8.1              -> 2.4.8.1
#18 142.6  * [new tag]               2.4.8.2              -> 2.4.8.2
#18 142.6  * [new tag]               2.4.8.3              -> 2.4.8.3
#18 142.6  * [new tag]               2.4.9                -> 2.4.9
#18 142.6  * [new tag]               2.4.9.1              -> 2.4.9.1
#18 142.6  * [new tag]               3.0-ocl-tech-preview -> 3.0-ocl-tech-preview
#18 142.6  * [new tag]               3.0-ocl-tp2          -> 3.0-ocl-tp2
#18 142.6  * [new tag]               3.0.0                -> 3.0.0
#18 142.6  * [new tag]               3.0.0-alpha          -> 3.0.0-alpha
#18 142.6  * [new tag]               3.0.0-beta           -> 3.0.0-beta
#18 142.6  * [new tag]               3.0.0-rc1            -> 3.0.0-rc1
#18 142.6  * [new tag]               3.1.0                -> 3.1.0
#18 142.6  * [new tag]               3.2.0                -> 3.2.0
#18 142.6  * [new tag]               3.2.0-rc             -> 3.2.0-rc
#18 142.6  * [new tag]               3.3.0                -> 3.3.0
#18 142.6  * [new tag]               3.3.0-cvsdk          -> 3.3.0-cvsdk
#18 142.6  * [new tag]               3.3.0-rc             -> 3.3.0-rc
#18 142.6  * [new tag]               3.3.1                -> 3.3.1
#18 142.6  * [new tag]               3.3.1-cvsdk          -> 3.3.1-cvsdk
#18 142.6  * [new tag]               3.4.0                -> 3.4.0
#18 142.6  * [new tag]               3.4.0-rc             -> 3.4.0-rc
#18 142.6  * [new tag]               3.4.1                -> 3.4.1
#18 142.6  * [new tag]               3.4.1-cvsdk          -> 3.4.1-cvsdk
#18 142.6  * [new tag]               3.4.10               -> 3.4.10
#18 142.6  * [new tag]               3.4.11               -> 3.4.11
#18 142.6  * [new tag]               3.4.12               -> 3.4.12
#18 142.6  * [new tag]               3.4.13               -> 3.4.13
#18 142.6  * [new tag]               3.4.14               -> 3.4.14
#18 142.6  * [new tag]               3.4.15               -> 3.4.15
#18 142.6  * [new tag]               3.4.16               -> 3.4.16
#18 142.6  * [new tag]               3.4.17               -> 3.4.17
#18 142.6  * [new tag]               3.4.2                -> 3.4.2
#18 142.6  * [new tag]               3.4.2-openvino       -> 3.4.2-openvino
#18 142.6  * [new tag]               3.4.3                -> 3.4.3
#18 142.6  * [new tag]               3.4.3-openvino       -> 3.4.3-openvino
#18 142.6  * [new tag]               3.4.4                -> 3.4.4
#18 142.6  * [new tag]               3.4.5                -> 3.4.5
#18 142.6  * [new tag]               3.4.6                -> 3.4.6
#18 142.6  * [new tag]               3.4.7                -> 3.4.7
#18 142.6  * [new tag]               3.4.8                -> 3.4.8
#18 142.6  * [new tag]               3.4.9                -> 3.4.9
#18 142.6  * [new tag]               4.0.0                -> 4.0.0
#18 142.6  * [new tag]               4.0.0-alpha          -> 4.0.0-alpha
#18 142.6  * [new tag]               4.0.0-beta           -> 4.0.0-beta
#18 142.6  * [new tag]               4.0.0-openvino       -> 4.0.0-openvino
#18 142.6  * [new tag]               4.0.0-rc             -> 4.0.0-rc
#18 142.6  * [new tag]               4.0.1                -> 4.0.1
#18 142.6  * [new tag]               4.0.1-openvino       -> 4.0.1-openvino
#18 142.6  * [new tag]               4.1.0                -> 4.1.0
#18 142.6  * [new tag]               4.1.0-openvino       -> 4.1.0-openvino
#18 142.6  * [new tag]               4.1.1                -> 4.1.1
#18 142.6  * [new tag]               4.1.1-openvino       -> 4.1.1-openvino
#18 142.6  * [new tag]               4.1.2                -> 4.1.2
#18 142.6  * [new tag]               4.1.2-openvino       -> 4.1.2-openvino
#18 142.6  * [new tag]               4.2.0                -> 4.2.0
#18 142.6  * [new tag]               4.3.0                -> 4.3.0
#18 142.6  * [new tag]               4.4.0                -> 4.4.0
#18 142.6  * [new tag]               4.5.0                -> 4.5.0
#18 142.6  * [new tag]               4.5.1                -> 4.5.1
#18 142.6  * [new tag]               4.5.2                -> 4.5.2
#18 142.6  * [new tag]               4.5.3                -> 4.5.3
#18 142.6  * [new tag]               4.5.4                -> 4.5.4
#18 142.6  * [new tag]               4.5.5                -> 4.5.5
#18 142.7 error: pathspec '84faf557' did not match any file(s) known to git
#18 142.7 error: pathspec '84faf557' did not match any file(s) known to git
#18 142.7 error: pathspec '84faf557' did not match any file(s) known to git
#18 142.8 error: pathspec '84faf557' did not match any file(s) known to git
#18 142.8 error: pathspec '84faf557' did not match any file(s) known to git
#18 142.9 error: pathspec '84faf557' did not match any file(s) known to git
#18 142.9 error: pathspec '84faf557' did not match any file(s) known to git
#18 143.0 error: pathspec '84faf557' did not match any file(s) known to git
#18 143.0 error: pathspec '84faf557' did not match any file(s) known to git
#18 143.1 error: pathspec '84faf557' did not match any file(s) known to git
#18 143.2 error: pathspec '84faf557' did not match any file(s) known to git
#18 143.2 error: pathspec '84faf557' did not match any file(s) known to git
#18 143.4 error: pathspec '84faf557' did not match any file(s) known to git
#18 143.4 error: pathspec '84faf557' did not match any file(s) known to git
#18 143.5 error: pathspec '84faf557' did not match any file(s) known to git
#18 143.5 error: pathspec '84faf557' did not match any file(s) known to git
#18 143.6 error: pathspec '84faf557' did not match any file(s) known to git
#18 143.6 error: pathspec '84faf557' did not match any file(s) known to git
#18 143.7 error: pathspec '84faf557' did not match any file(s) known to git
#18 143.8 error: pathspec '84faf557' did not match any file(s) known to git
#18 143.8 error: pathspec '84faf557' did not match any file(s) known to git
#18 143.9 error: pathspec '84faf557' did not match any file(s) known to git
#18 144.1 Checkout unsuccessful.
#18 DONE 146.2s

#19 [stage-1 12/13] RUN echo "#!/bin/bash\nPYTHONPATH=/src python3 -u -c "from fuzzers import utils; utils.initialize_env(); from fuzzers.afl import fuzzer; fuzzer.build()"" > /usr/bin/fuzzer_build &&     chmod +x /usr/bin/fuzzer_build
#19 sha256:b9075fa31c72051fde51519051327c5d7e230ff4c4543c31b7d3286d24ff8af0
#19 DONE 1.2s

#20 [stage-1 13/13] RUN echo "Run fuzzer_build to build the target" && if [ -z "$debug_builder" ] ; then fuzzer_build; fi
#20 sha256:8fe649b97c856d327f2d4a3f0e39a1090194f29f8ab51399c555329613a5b985
#20 1.380 Run fuzzer_build to build the target
#20 1.770 FUZZ_TARGET = filestorage_read_string_fuzzer
#20 1.771 CFLAGS = -DFUZZING_BUILD_MODE_UNSAFE_FOR_PRODUCTION -pthread -Wl,--no-as-needed -Wl,-ldl -Wl,-lm -Wno-unused-command-line-argument -O3
#20 1.771 CXXFLAGS = -DFUZZING_BUILD_MODE_UNSAFE_FOR_PRODUCTION -pthread -Wl,--no-as-needed -Wl,-ldl -Wl,-lm -Wno-unused-command-line-argument -stdlib=libc++ -O3
#20 1.790 Building benchmark opencv_filestorage_read_string_fuzzer with fuzzer afl
#20 1.795 + mkdir opencv/build
#20 1.798 mkdir: cannot create directory ‘opencv/build’: No such file or directory
#20 1.799 Traceback (most recent call last):
#20 1.799   File "<string>", line 1, in <module>
#20 1.800   File "/src/fuzzers/afl/fuzzer.py", line 40, in build
#20 1.801     utils.build_benchmark()
#20 1.801   File "/src/fuzzers/utils.py", line 82, in build_benchmark
#20 1.802     subprocess.check_call(['/bin/bash', '-ex', build_script], env=env)
#20 1.802   File "/usr/local/lib/python3.8/subprocess.py", line 364, in check_call
#20 1.803     raise CalledProcessError(retcode, cmd)
#20 1.803 subprocess.CalledProcessError: Command '['/bin/bash', '-ex', '/src/build.sh']' returned non-zero exit status 1.
#20 ERROR: executor failed running [/bin/sh -c echo "Run fuzzer_build to build the target" && if [ -z "$debug_builder" ] ; then fuzzer_build; fi]: exit code: 1
------
 > importing cache manifest from gcr.io/fuzzbench/builders/afl/opencv_filestorage_read_string_fuzzer:
------
------
 > [stage-1 13/13] RUN echo "Run fuzzer_build to build the target" && if [ -z "$debug_builder" ] ; then fuzzer_build; fi:
------
executor failed running [/bin/sh -c echo "Run fuzzer_build to build the target" && if [ -z "$debug_builder" ] ; then fuzzer_build; fi]: exit code: 1
make: *** [docker/generated.mk:2854122: .afl-opencv_filestorage_read_string_fuzzer-builder] Error 1
/bin/sh: 1: source: not found
#1 [internal] load build definition from Dockerfile
#1 sha256:4e3aa2206b5d22a1098db2a37dd0d804c8f6a1624ac43af1db86a1a82a18fea3
#1 transferring dockerfile: 32B done
#1 DONE 0.0s

#2 [internal] load .dockerignore
#2 sha256:703569671705ffd96e4285d859cb480067f7938f643db42d904eb2d3d6f6bdbf
#2 transferring context: 2B done
#2 DONE 0.1s

#3 [internal] load metadata for gcr.io/oss-fuzz-base/base-builder:latest
#3 sha256:f10dc39cc9d418a5bc416dead31a1902b6821fdae909cd3b08f7a3fd1faba7b5
#3 DONE 0.4s

#4 importing cache manifest from gcr.io/fuzzbench/builders/benchmark/opencv_filestorage_read_string_fuzzer
#4 sha256:cc0139b8bde882ac996011899edbbdc1571bd141f0ceeb5c5a73c9f969211047
#4 DONE 0.0s

#5 [1/6] FROM gcr.io/oss-fuzz-base/base-builder@sha256:112044a9815d235113677d459cf2ece740a51f2b85081c8f66943dcdc72ddf7f
#5 sha256:4aee4bf9f7280ac8b7f02b8d29e6e084dd034d2c294b4e3e05d8ce7048a1450f
#5 DONE 0.0s

#9 [internal] load build context
#9 sha256:a2c3e870294587f84288aa4cb25c27ac9ccccf729e6acd5ccce4e79505ab84c0
#9 transferring context: 429B done
#9 DONE 0.0s

#8 [4/6] WORKDIR opencv/
#8 sha256:fda6c4b7e211bdd8ec1ae001cbb40929be694af912454da7105b1ff5a7d1ef7e
#8 CACHED

#6 [2/6] RUN apt-get update && apt-get install -y build-essential cmake pkg-config
#6 sha256:5b4cdd543f7676d762d91b87c637b12e81d197a5de05812a3f0a2dc7aead2436
#6 CACHED

#7 [3/6] RUN git clone --depth 1 https://github.com/opencv/opencv.git opencv
#7 sha256:59a9fb61118231e7c2a207bca2277cafcfad95bb7e22f5ee768b2c0e041e7f83
#7 CACHED

#10 [5/6] COPY build.sh /src/
#10 sha256:b4fc53927292af1d1889e3ac1dde2af81a26029f8657acf95653fc1c23e4257e
#10 CACHED

#11 [6/6] COPY *.cc *.h /src/
#11 sha256:580758dafdc24c87a4e8830f115d094f11c83ff8f323421627c6892544d31d8c
#11 CACHED

#12 exporting to image
#12 sha256:e8c613e07b0b7ff33893b694f7759a10d42e180f2b4dc349fb57dc6b71dcab00
#12 exporting layers done
#12 writing image sha256:1becccd814dbf34cc8e63e180aa81b53d32b799e754916d11e8fe1e0019dbfe9 done
#12 naming to gcr.io/fuzzbench/builders/benchmark/opencv_filestorage_read_string_fuzzer done
#12 DONE 0.1s

#13 exporting cache
#13 sha256:2700d4ef94dee473593c5c614b55b2dedcca7893909811a8f2b48291a1f581e4
#13 preparing build cache for export done
#13 DONE 0.0s
#1 [internal] load build definition from builder.Dockerfile
#1 sha256:4bf0c7b8890162b7e016ef8caff9d2ee8e14c228eef3a3699b822545c99445d9
#1 transferring dockerfile: 46B done
#1 DONE 0.1s

#2 [internal] load .dockerignore
#2 sha256:a32a433b23fc38f735523ff7bd4a39dcf7a28a286b5f11d206a18fb5d68a5c53
#2 transferring context:
#2 transferring context: 2B done
#2 DONE 0.1s

#3 [internal] load metadata for gcr.io/fuzzbench/builders/benchmark/opencv_filestorage_read_string_fuzzer:latest
#3 sha256:0f1759bbd24bb1c4e59b7315acd9103557d1e62befed511df4863e45171b4df1
#3 DONE 0.0s

#6 [1/3] FROM gcr.io/fuzzbench/builders/benchmark/opencv_filestorage_read_string_fuzzer
#6 sha256:9bc4e62cae23f42a205ee92f0e68217aa9e6eca11d749f673b7c31ce7cdd06fc
#6 DONE 0.0s

#7 importing cache manifest from gcr.io/fuzzbench/builders/afl/opencv_filestorage_read_string_fuzzer-intermediate
#7 sha256:3d30ec2e9d4dc119f04de51f7ac3e50a12fa3c78d1c53cbbc7f60ea7dc51a063
#7 DONE 0.0s

#4 [2/3] RUN git clone https://github.com/google/AFL.git /afl &&     cd /afl &&     git checkout 61037103ae3722c8060ff7082994836a794f978e &&     AFL_NO_X86=1 make
#4 sha256:53baa11ffb1ebc2026b95125df1937540de8267ddee01243e43f11d383db7808
#4 CACHED

#5 [3/3] RUN apt-get update &&     apt-get install wget -y &&     wget https://raw.githubusercontent.com/llvm/llvm-project/5feb80e748924606531ba28c97fe65145c65372e/compiler-rt/lib/fuzzer/afl/afl_driver.cpp -O /afl/afl_driver.cpp &&     clang -Wno-pointer-sign -c /afl/llvm_mode/afl-llvm-rt.o.c -I/afl &&     clang++ -stdlib=libc++ -std=c++11 -O2 -c /afl/afl_driver.cpp &&     ar r /libAFL.a *.o
#5 sha256:40a0b9f0b23363919f2a0992faadc4ee714b6911b726462a4b67f7418d666f53
#5 CACHED

#8 exporting to image
#8 sha256:e8c613e07b0b7ff33893b694f7759a10d42e180f2b4dc349fb57dc6b71dcab00
#8 exporting layers done
#8 writing image sha256:46f5031b711128eb84cc163599a68526005a66a2f95e2b1d5dab852aa983e026 0.0s done
#8 naming to gcr.io/fuzzbench/builders/afl/opencv_filestorage_read_string_fuzzer-intermediate done
#8 DONE 0.2s

#9 exporting cache
#9 sha256:2700d4ef94dee473593c5c614b55b2dedcca7893909811a8f2b48291a1f581e4
#9 preparing build cache for export done
#9 DONE 0.0s
#1 [internal] load build definition from Dockerfile
#1 sha256:a8a751a62e825e85e042fb2d210424ac81478e5747def72e2c16f798b1d6988b
#1 transferring dockerfile: 2.00kB done
#1 DONE 0.0s

#2 [internal] load .dockerignore
#2 sha256:8e19c262d5ce74ea93c612100e1f5dcc9d8e3d2075691dc26dc14f3c4c2aa94f
#2 transferring context: 34B done
#2 DONE 0.1s

#3 [internal] load metadata for docker.io/library/ubuntu:xenial
#3 sha256:f62bae18ed588840f045c881b2502661f2a89578a2f8f99b83f5200ee83dd25b
#3 DONE 0.0s

#4 [1/7] FROM docker.io/library/ubuntu:xenial
#4 sha256:14dd403f25ae9e519bd44f27dc17af7ce80f5a4f9f48ca88108364e67ec5d360
#4 DONE 0.0s

#12 importing cache manifest from gcr.io/fuzzbench/base-image
#12 sha256:9b220ebb4d4daceed1b96df9b6dca076e762f1cd612574f010b82d5b9e5ad896
#12 DONE 0.0s

#7 [internal] load build context
#7 sha256:1afe37473433df0c1f571cd8afd9dddd4b2391f2d97f5b3551dbf3ac2ec8011e
#7 transferring context: 559B 0.0s done
#7 DONE 0.1s

#6 [3/7] RUN cd /tmp/ &&     curl -O https://www.python.org/ftp/python/3.8.6/Python-3.8.6.tar.xz &&     tar -xvf Python-3.8.6.tar.xz &&     cd Python-3.8.6 &&     ./configure --enable-loadable-sqlite-extensions --enable-optimizations &&     make -j install &&     rm -r /tmp/Python-3.8.6.tar.xz /tmp/Python-3.8.6
#6 sha256:c5b9d1fb3371e84dbc60b76e7b2f8d5913bc93bcd4910ab65daa03e7b2ec4bb0
#6 CACHED

#8 [4/7] COPY ./requirements.txt /
#8 sha256:34a0ad64b245c100942bd6c145c7d3766129f5f3e8894e5773ff5b4dd50c24e9
#8 CACHED

#9 [5/7] RUN pip3 install -r /requirements.txt
#9 sha256:58d63131b5e5dd65e5731759f5490d01700285dd6ec72624ef5057f081dd8f1a
#9 CACHED

#10 [6/7] RUN apt-get update -y && apt-get install -y     apt-transport-https     lsb-release
#10 sha256:5fd7d70391a54ce86ea46a9a14dc5a9b0a5b67c38d231087c5a9fa0d881af6a1
#10 CACHED

#5 [2/7] RUN apt-get update -y && apt-get install -y     build-essential     rsync     curl     zlib1g-dev     libncurses5-dev     libgdbm-dev     libnss3-dev     libssl-dev     libreadline-dev     libffi-dev     virtualenv     libbz2-dev     liblzma-dev     libsqlite3-dev
#5 sha256:3a1b0960f17eed529eaae93dc8fd3554f2743dd584d8fa569cdbe6bc734371ac
#5 CACHED

#11 [7/7] RUN CLOUD_SDK_REPO="cloud-sdk-$(lsb_release -c -s)" &&     echo "deb https://packages.cloud.google.com/apt $CLOUD_SDK_REPO main"     | tee -a /etc/apt/sources.list.d/google-cloud-sdk.list &&     curl https://packages.cloud.google.com/apt/doc/apt-key.gpg     | apt-key add - &&     apt-get update -y &&     apt-get install -y google-cloud-sdk
#11 sha256:fb64e0d4c46ae74046f6a2fdd8b8f79a4dba14927fc1cef5971859e228b479b8
#11 CACHED

#13 exporting to image
#13 sha256:e8c613e07b0b7ff33893b694f7759a10d42e180f2b4dc349fb57dc6b71dcab00
#13 exporting layers done
#13 writing image sha256:55e5825902805b10e1ba0cd27e4af0d82c25f9e225d6218342d4b6474bd3ddae done
#13 naming to gcr.io/fuzzbench/base-image done
#13 DONE 0.0s

#14 exporting cache
#14 sha256:2700d4ef94dee473593c5c614b55b2dedcca7893909811a8f2b48291a1f581e4
#14 preparing build cache for export done
#14 DONE 0.0s
#1 [internal] load build definition from Dockerfile
#1 sha256:4125c0e6c53cdaa19fe5f1e231ba840da08bb57a45e2444cffa513561140ffad
#1 transferring dockerfile: 2.22kB done
#1 DONE 0.1s

#2 [internal] load .dockerignore
#2 sha256:c6118eab1da153aa1cf57c006e47cb85ee8fbca65918f65d23cd64beaf8c41c3
#2 transferring context: 34B 0.0s done
#2 DONE 0.1s

#7 [base-image 1/1] FROM gcr.io/fuzzbench/base-image
#7 sha256:4d07825694520f8b6f6a0d8592dbd345433361ae044cb7f06706c5a95e3daaad
#7 DONE 1.0s

#6 [stage-1  1/13] FROM gcr.io/fuzzbench/builders/afl/opencv_filestorage_read_string_fuzzer-intermediate
#6 sha256:ff75c9d4ea2e0f8bf58818e50340fe56dfd09ff2ea1907e6c54adcf9a0c5a275
#6 DONE 0.0s

#3 [internal] load metadata for gcr.io/fuzzbench/builders/afl/opencv_filestorage_read_string_fuzzer-intermediate:latest
#3 sha256:8fc09c1eebd437dc4c3b2b4ee68d74af8a79c8e90107d69678afd8acbced4130
#3 DONE 0.0s

#4 [internal] load metadata for gcr.io/fuzzbench/base-image:latest
#4 sha256:932022888f650cc455b10eb5123bb08c0cccacac29a693e69314abbfd28a72c3
#4 DONE 0.0s

#12 [internal] load build context
#12 sha256:348d82344afa05eba37ddf3acec17668de0318d8a6fc7e90012d7e0552ab7e59
#12 DONE 0.0s

#5 importing cache manifest from gcr.io/fuzzbench/builders/afl/opencv_filestorage_read_string_fuzzer
#5 sha256:e4078980db5e0c1cdd18c284e56f89162e4e6f6ad508bea1f729625465ecfcc5
#5 ERROR: gcr.io/fuzzbench/builders/afl/opencv_filestorage_read_string_fuzzer:latest: not found

#12 [internal] load build context
#12 sha256:348d82344afa05eba37ddf3acec17668de0318d8a6fc7e90012d7e0552ab7e59
#12 transferring context: 669.93kB 0.2s done
#12 DONE 0.2s

#13 [stage-1  6/13] COPY fuzzers /src/fuzzers
#13 sha256:315928ce7922a3b501a38aaa725456acdb1612b780d7b6a605895c76e7f96255
#13 CACHED

#8 [stage-1  2/13] COPY --from=base-image /usr/local/bin/python3* /usr/local/bin/
#8 sha256:300875743435f94ffc4000246f4c3c4b637695bbc9acfdf4f6be48a2bc58ea25
#8 CACHED

#9 [stage-1  3/13] COPY --from=base-image /usr/local/lib/python3.8 /usr/local/lib/python3.8
#9 sha256:e68d322b1cf02d41d5ade1b041ef6666f59fe2bf377c57c892e06f439964e55d
#9 CACHED

#10 [stage-1  4/13] COPY --from=base-image /usr/local/include/python3.8 /usr/local/include/python3.8
#10 sha256:13e57ac53f592d336ebf26dadacaba2c2f90d77c76824f75de5d6bc5dee1d44b
#10 CACHED

#11 [stage-1  5/13] COPY --from=base-image /usr/local/lib/python3.8/site-packages /usr/local/lib/python3.8/site-packages
#11 sha256:c1ed1bda8f4f601d2d017bf874a29c79e2921a35af98175449b3aa47a69ff94c
#11 CACHED

#14 [stage-1  7/13] RUN touch /src/__init__.py
#14 sha256:c0a26ca4ed182d55894c687ffdd6b56e4b8266b7577ff39f60b7119a0cc5f688
#14 DONE 1.3s

#15 [stage-1  8/13] COPY benchmarks/opencv_filestorage_read_string_fuzzer/benchmark.yaml /
#15 sha256:3426b1eda991a4f524a6c5b4df0b54feae13e7f78ddd44c4b0aabe6909124955
#15 DONE 0.1s

#16 [stage-1  9/13] RUN mkdir /opt/fuzzbench/
#16 sha256:be0f892da4891ffb090c8f1b54dea0bdd41ee59d0e97b7ddeb339b798f913838
#16 DONE 1.4s

#17 [stage-1 10/13] COPY docker/benchmark-builder/checkout_commit.py /opt/fuzzbench/
#17 sha256:75d3eba6dd1d1f7d04c9e5314735adc10ce11a894e617d4fe48ffe120751e2f1
#17 DONE 0.1s

#18 [stage-1 11/13] RUN export CHECKOUT_COMMIT=$(cat /benchmark.yaml | tr -d ' ' | grep 'commit:' | cut -d ':' -f2) &&     python3 -u /opt/fuzzbench/checkout_commit.py $CHECKOUT_COMMIT /src
#18 sha256:f66aced1344d70e6df73c27a11828d6b859ed5a9793d8e78fff0d42224163e48
#18 1.412 Checking out commit 84faf557
#18 147.1 From https://github.com/opencv/opencv
#18 147.1  * [new tag]               2.2                  -> 2.2
#18 147.1  * [new tag]               2.4.0                -> 2.4.0
#18 147.1  * [new tag]               2.4.1                -> 2.4.1
#18 147.1  * [new tag]               2.4.10               -> 2.4.10
#18 147.1  * [new tag]               2.4.10.1             -> 2.4.10.1
#18 147.1  * [new tag]               2.4.10.2             -> 2.4.10.2
#18 147.1  * [new tag]               2.4.10.3             -> 2.4.10.3
#18 147.1  * [new tag]               2.4.10.4             -> 2.4.10.4
#18 147.1  * [new tag]               2.4.11               -> 2.4.11
#18 147.1  * [new tag]               2.4.12               -> 2.4.12
#18 147.1  * [new tag]               2.4.12.1             -> 2.4.12.1
#18 147.1  * [new tag]               2.4.12.2             -> 2.4.12.2
#18 147.1  * [new tag]               2.4.12.3             -> 2.4.12.3
#18 147.1  * [new tag]               2.4.13               -> 2.4.13
#18 147.1  * [new tag]               2.4.13.1             -> 2.4.13.1
#18 147.1  * [new tag]               2.4.2                -> 2.4.2
#18 147.1  * [new tag]               2.4.3                -> 2.4.3
#18 147.1  * [new tag]               2.4.3-rc             -> 2.4.3-rc
#18 147.1  * [new tag]               2.4.3.1              -> 2.4.3.1
#18 147.1  * [new tag]               2.4.3.2              -> 2.4.3.2
#18 147.1  * [new tag]               2.4.4                -> 2.4.4
#18 147.1  * [new tag]               2.4.4-beta           -> 2.4.4-beta
#18 147.1  * [new tag]               2.4.5                -> 2.4.5
#18 147.1  * [new tag]               2.4.6                -> 2.4.6
#18 147.1  * [new tag]               2.4.6.1              -> 2.4.6.1
#18 147.1  * [new tag]               2.4.6.2              -> 2.4.6.2
#18 147.1  * [new tag]               2.4.6.2-rc1          -> 2.4.6.2-rc1
#18 147.1  * [new tag]               2.4.7                -> 2.4.7
#18 147.1  * [new tag]               2.4.7-rc1            -> 2.4.7-rc1
#18 147.1  * [new tag]               2.4.7.1              -> 2.4.7.1
#18 147.1  * [new tag]               2.4.7.2              -> 2.4.7.2
#18 147.1  * [new tag]               2.4.8                -> 2.4.8
#18 147.1  * [new tag]               2.4.8.1              -> 2.4.8.1
#18 147.1  * [new tag]               2.4.8.2              -> 2.4.8.2
#18 147.1  * [new tag]               2.4.8.3              -> 2.4.8.3
#18 147.1  * [new tag]               2.4.9                -> 2.4.9
#18 147.1  * [new tag]               2.4.9.1              -> 2.4.9.1
#18 147.1  * [new tag]               3.0-ocl-tech-preview -> 3.0-ocl-tech-preview
#18 147.1  * [new tag]               3.0-ocl-tp2          -> 3.0-ocl-tp2
#18 147.1  * [new tag]               3.0.0                -> 3.0.0
#18 147.1  * [new tag]               3.0.0-alpha          -> 3.0.0-alpha
#18 147.1  * [new tag]               3.0.0-beta           -> 3.0.0-beta
#18 147.1  * [new tag]               3.0.0-rc1            -> 3.0.0-rc1
#18 147.1  * [new tag]               3.1.0                -> 3.1.0
#18 147.1  * [new tag]               3.2.0                -> 3.2.0
#18 147.1  * [new tag]               3.2.0-rc             -> 3.2.0-rc
#18 147.1  * [new tag]               3.3.0                -> 3.3.0
#18 147.1  * [new tag]               3.3.0-cvsdk          -> 3.3.0-cvsdk
#18 147.1  * [new tag]               3.3.0-rc             -> 3.3.0-rc
#18 147.1  * [new tag]               3.3.1                -> 3.3.1
#18 147.1  * [new tag]               3.3.1-cvsdk          -> 3.3.1-cvsdk
#18 147.1  * [new tag]               3.4.0                -> 3.4.0
#18 147.1  * [new tag]               3.4.0-rc             -> 3.4.0-rc
#18 147.1  * [new tag]               3.4.1                -> 3.4.1
#18 147.1  * [new tag]               3.4.1-cvsdk          -> 3.4.1-cvsdk
#18 147.1  * [new tag]               3.4.10               -> 3.4.10
#18 147.1  * [new tag]               3.4.11               -> 3.4.11
#18 147.1  * [new tag]               3.4.12               -> 3.4.12
#18 147.1  * [new tag]               3.4.13               -> 3.4.13
#18 147.1  * [new tag]               3.4.14               -> 3.4.14
#18 147.1  * [new tag]               3.4.15               -> 3.4.15
#18 147.1  * [new tag]               3.4.16               -> 3.4.16
#18 147.1  * [new tag]               3.4.17               -> 3.4.17
#18 147.1  * [new tag]               3.4.2                -> 3.4.2
#18 147.1  * [new tag]               3.4.2-openvino       -> 3.4.2-openvino
#18 147.1  * [new tag]               3.4.3                -> 3.4.3
#18 147.1  * [new tag]               3.4.3-openvino       -> 3.4.3-openvino
#18 147.1  * [new tag]               3.4.4                -> 3.4.4
#18 147.1  * [new tag]               3.4.5                -> 3.4.5
#18 147.1  * [new tag]               3.4.6                -> 3.4.6
#18 147.1  * [new tag]               3.4.7                -> 3.4.7
#18 147.1  * [new tag]               3.4.8                -> 3.4.8
#18 147.1  * [new tag]               3.4.9                -> 3.4.9
#18 147.1  * [new tag]               4.0.0                -> 4.0.0
#18 147.1  * [new tag]               4.0.0-alpha          -> 4.0.0-alpha
#18 147.1  * [new tag]               4.0.0-beta           -> 4.0.0-beta
#18 147.1  * [new tag]               4.0.0-openvino       -> 4.0.0-openvino
#18 147.2  * [new tag]               4.0.0-rc             -> 4.0.0-rc
#18 147.2  * [new tag]               4.0.1                -> 4.0.1
#18 147.2  * [new tag]               4.0.1-openvino       -> 4.0.1-openvino
#18 147.2  * [new tag]               4.1.0                -> 4.1.0
#18 147.2  * [new tag]               4.1.0-openvino       -> 4.1.0-openvino
#18 147.2  * [new tag]               4.1.1                -> 4.1.1
#18 147.2  * [new tag]               4.1.1-openvino       -> 4.1.1-openvino
#18 147.2  * [new tag]               4.1.2                -> 4.1.2
#18 147.2  * [new tag]               4.1.2-openvino       -> 4.1.2-openvino
#18 147.2  * [new tag]               4.2.0                -> 4.2.0
#18 147.2  * [new tag]               4.3.0                -> 4.3.0
#18 147.2  * [new tag]               4.4.0                -> 4.4.0
#18 147.2  * [new tag]               4.5.0                -> 4.5.0
#18 147.2  * [new tag]               4.5.1                -> 4.5.1
#18 147.2  * [new tag]               4.5.2                -> 4.5.2
#18 147.2  * [new tag]               4.5.3                -> 4.5.3
#18 147.2  * [new tag]               4.5.4                -> 4.5.4
#18 147.2  * [new tag]               4.5.5                -> 4.5.5
#18 147.2 error: pathspec '84faf557' did not match any file(s) known to git
#18 147.2 error: pathspec '84faf557' did not match any file(s) known to git
#18 147.2 error: pathspec '84faf557' did not match any file(s) known to git
#18 147.4 error: pathspec '84faf557' did not match any file(s) known to git
#18 147.5 error: pathspec '84faf557' did not match any file(s) known to git
#18 147.5 error: pathspec '84faf557' did not match any file(s) known to git
#18 147.5 error: pathspec '84faf557' did not match any file(s) known to git
#18 147.6 error: pathspec '84faf557' did not match any file(s) known to git
#18 147.6 error: pathspec '84faf557' did not match any file(s) known to git
#18 147.8 error: pathspec '84faf557' did not match any file(s) known to git
#18 147.8 error: pathspec '84faf557' did not match any file(s) known to git
#18 147.9 error: pathspec '84faf557' did not match any file(s) known to git
#18 148.0 error: pathspec '84faf557' did not match any file(s) known to git
#18 148.1 error: pathspec '84faf557' did not match any file(s) known to git
#18 148.1 error: pathspec '84faf557' did not match any file(s) known to git
#18 148.2 error: pathspec '84faf557' did not match any file(s) known to git
#18 148.2 error: pathspec '84faf557' did not match any file(s) known to git
#18 148.3 error: pathspec '84faf557' did not match any file(s) known to git
#18 148.3 error: pathspec '84faf557' did not match any file(s) known to git
#18 148.3 error: pathspec '84faf557' did not match any file(s) known to git
#18 148.4 error: pathspec '84faf557' did not match any file(s) known to git
#18 148.5 error: pathspec '84faf557' did not match any file(s) known to git
#18 148.7 Checkout unsuccessful.
#18 DONE 149.3s

#19 [stage-1 12/13] RUN echo "#!/bin/bash\nPYTHONPATH=/src python3 -u -c "from fuzzers import utils; utils.initialize_env(); from fuzzers.afl import fuzzer; fuzzer.build()"" > /usr/bin/fuzzer_build &&     chmod +x /usr/bin/fuzzer_build
#19 sha256:a8954df8e7de457b700e9d8b0502bc281d2813e6de66e98188cb8ccf8d603588
#19 DONE 1.7s

#20 [stage-1 13/13] RUN echo "Run fuzzer_build to build the target" && if [ -z "$debug_builder" ] ; then fuzzer_build; fi
#20 sha256:d144af3d5fcd30f28aeea2b0368bb3f969db21d9e164f51259497c2b8da56a9f
#20 1.219 Run fuzzer_build to build the target
#20 1.638 FUZZ_TARGET = filestorage_read_string_fuzzer
#20 1.638 CFLAGS = -DFUZZING_BUILD_MODE_UNSAFE_FOR_PRODUCTION -pthread -Wl,--no-as-needed -Wl,-ldl -Wl,-lm -Wno-unused-command-line-argument -O3
#20 1.638 CXXFLAGS = -DFUZZING_BUILD_MODE_UNSAFE_FOR_PRODUCTION -pthread -Wl,--no-as-needed -Wl,-ldl -Wl,-lm -Wno-unused-command-line-argument -stdlib=libc++ -O3
#20 1.653 Building benchmark opencv_filestorage_read_string_fuzzer with fuzzer afl
#20 1.658 + mkdir opencv/build
#20 1.661 mkdir: cannot create directory ‘opencv/build’: No such file or directory
#20 1.663 Traceback (most recent call last):
#20 1.663   File "<string>", line 1, in <module>
#20 1.663   File "/src/fuzzers/afl/fuzzer.py", line 40, in build
#20 1.664     utils.build_benchmark()
#20 1.664   File "/src/fuzzers/utils.py", line 82, in build_benchmark
#20 1.665     subprocess.check_call(['/bin/bash', '-ex', build_script], env=env)
#20 1.665   File "/usr/local/lib/python3.8/subprocess.py", line 364, in check_call
#20 1.667     raise CalledProcessError(retcode, cmd)
#20 1.667 subprocess.CalledProcessError: Command '['/bin/bash', '-ex', '/src/build.sh']' returned non-zero exit status 1.
#20 ERROR: executor failed running [/bin/sh -c echo "Run fuzzer_build to build the target" && if [ -z "$debug_builder" ] ; then fuzzer_build; fi]: exit code: 1
------
 > importing cache manifest from gcr.io/fuzzbench/builders/afl/opencv_filestorage_read_string_fuzzer:
------
------
 > [stage-1 13/13] RUN echo "Run fuzzer_build to build the target" && if [ -z "$debug_builder" ] ; then fuzzer_build; fi:
------
executor failed running [/bin/sh -c echo "Run fuzzer_build to build the target" && if [ -z "$debug_builder" ] ; then fuzzer_build; fi]: exit code: 1
make: *** [docker/generated.mk:2854122: .afl-opencv_filestorage_read_string_fuzzer-builder] Error 1
