WARNING:root:gcloud not found in PATH.
INFO:root:Successfully integrated benchmark: lwan_lwan.
INFO:root:Please run "make test-run-afl-lwan_lwan" to test integration.
#1 [internal] load build definition from Dockerfile
#1 sha256:8b681e111268c4e3ac338d4030bd12a74a9c1e38a97af2cca6774f37ef904552
#1 transferring dockerfile:
#1 transferring dockerfile: 32B done
#1 DONE 0.4s

#2 [internal] load .dockerignore
#2 sha256:773a2dfe70a927aff152a7cd352c962c959f3120e6354326956b9a6f4e18f70b
#2 transferring context: 2B done
#2 DONE 0.5s

#3 [internal] load metadata for gcr.io/oss-fuzz-base/base-builder:latest
#3 sha256:f10dc39cc9d418a5bc416dead31a1902b6821fdae909cd3b08f7a3fd1faba7b5
#3 DONE 0.4s

#10 [internal] load build context
#10 sha256:e641d72abf487c51f8f0cdaa1df0223e5dfbbfc1c64220e278f48ba40cfdd9bd
#10 DONE 0.0s

#5 [1/6] FROM gcr.io/oss-fuzz-base/base-builder@sha256:112044a9815d235113677d459cf2ece740a51f2b85081c8f66943dcdc72ddf7f
#5 sha256:4aee4bf9f7280ac8b7f02b8d29e6e084dd034d2c294b4e3e05d8ce7048a1450f
#5 DONE 0.0s

#4 importing cache manifest from gcr.io/fuzzbench/builders/benchmark/lwan_lwan
#4 sha256:c9039c755abc84f97422785f5ad0863afccbb18af45b01b290a2a88c820d0931
#4 ERROR: gcr.io/fuzzbench/builders/benchmark/lwan_lwan:latest: not found

#10 [internal] load build context
#10 sha256:e641d72abf487c51f8f0cdaa1df0223e5dfbbfc1c64220e278f48ba40cfdd9bd
#10 transferring context: 30B done
#10 DONE 0.1s

#6 [2/6] RUN apt-get update
#6 sha256:0cd80fe396dd52c284721de0d47bfcef9687ed3f0277e07193287c084c4259c8
#6 CACHED

#7 [3/6] RUN apt-get install -y build-essential cmake git ninja-build zlib1g-dev
#7 sha256:1550c2edbecc526fa6bb7c4c67bbb221e4561fc3fec74f422ffe788844c423b1
#7 CACHED

#8 [4/6] RUN git clone --depth 1 git://github.com/lpereira/lwan
#8 sha256:4780fc79fd3865f446ebd1ea9bf04dc59adcc98d408542bf3048949df43a71f3
#8 CACHED

#9 [5/6] WORKDIR lwan
#9 sha256:de7862d7fe543be2192bd428672e805e37c496d9668c32d1ca1ca2557847778d
#9 CACHED

#11 [6/6] COPY build.sh /src/
#11 sha256:781014fad9e5a064c5f5429722c4196dbc0806f046d2f6f2cd636d72b1c4467f
#11 CACHED

#12 exporting to image
#12 sha256:e8c613e07b0b7ff33893b694f7759a10d42e180f2b4dc349fb57dc6b71dcab00
#12 exporting layers done
#12 writing image sha256:d2f6b8aafd8e8717e55a4c8bfc878d6ef3cb8311eeae334bf1a9afed12a2bd0b
#12 writing image sha256:d2f6b8aafd8e8717e55a4c8bfc878d6ef3cb8311eeae334bf1a9afed12a2bd0b 0.0s done
#12 naming to gcr.io/fuzzbench/builders/benchmark/lwan_lwan 0.0s done
#12 DONE 0.4s

#13 exporting cache
#13 sha256:2700d4ef94dee473593c5c614b55b2dedcca7893909811a8f2b48291a1f581e4
#13 preparing build cache for export done
#13 DONE 0.0s
------
 > importing cache manifest from gcr.io/fuzzbench/builders/benchmark/lwan_lwan:
------
#1 [internal] load build definition from builder.Dockerfile
#1 sha256:1503f1e4b000dd95c2be6c04b6dc594316091505505d6b9d0026ee5deab06a11
#1 transferring dockerfile: 1.35kB done
#1 DONE 0.1s

#2 [internal] load .dockerignore
#2 sha256:d04c9145fdf7789a451f4d8e26a5008846524cfbfc7a86cfb5b385bb0af1713e
#2 transferring context: 2B done
#2 DONE 0.1s

#3 [internal] load metadata for gcr.io/fuzzbench/builders/benchmark/lwan_lwan:latest
#3 sha256:e135cb06006f20c1cbf26a025ce5e4f38ee60dd46b62d0f462b62f0582001a5d
#3 DONE 0.0s

#5 [1/3] FROM gcr.io/fuzzbench/builders/benchmark/lwan_lwan
#5 sha256:a3cb8566e4dd0ae019c7b1e1321704e8fff1b203a5a44adf2a1b9faed2ac45fe
#5 DONE 0.0s

#4 importing cache manifest from gcr.io/fuzzbench/builders/afl/lwan_lwan-intermediate
#4 sha256:f6515b19d23f4f011198317ef9f5018efaf20bd52bc34ec4cf27a5aaea0832d5
#4 ERROR: gcr.io/fuzzbench/builders/afl/lwan_lwan-intermediate:latest: not found

#6 [2/3] RUN git clone https://github.com/google/AFL.git /afl &&     cd /afl &&     git checkout 61037103ae3722c8060ff7082994836a794f978e &&     AFL_NO_X86=1 make
#6 sha256:68fcbfafb5ed58558ebefe872b0d3b8e0b385fdf2d79836ebd0b112b314f8342
#6 CACHED

#7 [3/3] RUN apt-get update &&     apt-get install wget -y &&     wget https://raw.githubusercontent.com/llvm/llvm-project/5feb80e748924606531ba28c97fe65145c65372e/compiler-rt/lib/fuzzer/afl/afl_driver.cpp -O /afl/afl_driver.cpp &&     clang -Wno-pointer-sign -c /afl/llvm_mode/afl-llvm-rt.o.c -I/afl &&     clang++ -stdlib=libc++ -std=c++11 -O2 -c /afl/afl_driver.cpp &&     ar r /libAFL.a *.o
#7 sha256:64eb123ba97d9e7ddaf7afa0959d7ab00718baf1e93d803230a8bc507fbb5fa1
#7 CACHED

#8 exporting to image
#8 sha256:e8c613e07b0b7ff33893b694f7759a10d42e180f2b4dc349fb57dc6b71dcab00
#8 exporting layers done
#8 writing image sha256:6c698152ccabd96588081dd89b3ba2e46ca5c7fe587e2c24a2f44c221df7b3aa 0.0s done
#8 naming to gcr.io/fuzzbench/builders/afl/lwan_lwan-intermediate 0.0s done
#8 DONE 0.4s

#9 exporting cache
#9 sha256:2700d4ef94dee473593c5c614b55b2dedcca7893909811a8f2b48291a1f581e4
#9 preparing build cache for export done
#9 DONE 0.0s
------
 > importing cache manifest from gcr.io/fuzzbench/builders/afl/lwan_lwan-intermediate:
------
#1 [internal] load build definition from Dockerfile
#1 sha256:9ad3e40916925fd83f81a9bec8de3e5f424ac1262f6f1cfe904363a6a25cd0e4
#1 transferring dockerfile: 2.00kB done
#1 DONE 0.1s

#2 [internal] load .dockerignore
#2 sha256:425fd6d3c7b347bbff153fe6d427fdc1c95ffbe2c87273044ba960dea209966d
#2 transferring context: 34B done
#2 DONE 0.1s

#3 [internal] load metadata for docker.io/library/ubuntu:xenial
#3 sha256:f62bae18ed588840f045c881b2502661f2a89578a2f8f99b83f5200ee83dd25b
#3 DONE 0.0s

#4 importing cache manifest from gcr.io/fuzzbench/base-image
#4 sha256:9b220ebb4d4daceed1b96df9b6dca076e762f1cd612574f010b82d5b9e5ad896
#4 DONE 0.0s

#5 [1/7] FROM docker.io/library/ubuntu:xenial
#5 sha256:14dd403f25ae9e519bd44f27dc17af7ce80f5a4f9f48ca88108364e67ec5d360
#5 DONE 0.0s

#8 [internal] load build context
#8 sha256:dfde733075837c7434006c19133fbb8d62ef18d18de0aee77512c92bfe993e79
#8 transferring context: 559B 0.2s done
#8 DONE 0.2s

#11 [6/7] RUN apt-get update -y && apt-get install -y     apt-transport-https     lsb-release
#11 sha256:665c112fcea9ad96f7b3090ed3cbb3c5c15c8ca6089a780cc9f919adf976d58e
#11 CACHED

#6 [2/7] RUN apt-get update -y && apt-get install -y     build-essential     rsync     curl     zlib1g-dev     libncurses5-dev     libgdbm-dev     libnss3-dev     libssl-dev     libreadline-dev     libffi-dev     virtualenv     libbz2-dev     liblzma-dev     libsqlite3-dev
#6 sha256:3a1b0960f17eed529eaae93dc8fd3554f2743dd584d8fa569cdbe6bc734371ac
#6 CACHED

#7 [3/7] RUN cd /tmp/ &&     curl -O https://www.python.org/ftp/python/3.8.6/Python-3.8.6.tar.xz &&     tar -xvf Python-3.8.6.tar.xz &&     cd Python-3.8.6 &&     ./configure --enable-loadable-sqlite-extensions --enable-optimizations &&     make -j install &&     rm -r /tmp/Python-3.8.6.tar.xz /tmp/Python-3.8.6
#7 sha256:c5b9d1fb3371e84dbc60b76e7b2f8d5913bc93bcd4910ab65daa03e7b2ec4bb0
#7 CACHED

#9 [4/7] COPY ./requirements.txt /
#9 sha256:039ec27cd979b595c767e1c9a644134e6ac17928d594434721d131d79c059554
#9 CACHED

#10 [5/7] RUN pip3 install -r /requirements.txt
#10 sha256:e0ffd1e8b3e564897c5ec3ac4bc7e4fade45984ecdd96c8926249ad01d6b77de
#10 CACHED

#12 [7/7] RUN CLOUD_SDK_REPO="cloud-sdk-$(lsb_release -c -s)" &&     echo "deb https://packages.cloud.google.com/apt $CLOUD_SDK_REPO main"     | tee -a /etc/apt/sources.list.d/google-cloud-sdk.list &&     curl https://packages.cloud.google.com/apt/doc/apt-key.gpg     | apt-key add - &&     apt-get update -y &&     apt-get install -y google-cloud-sdk
#12 sha256:847e6bc52b48bb656807e1d27e1d96a6c2f2d8f836266a1152f524685f86c835
#12 CACHED

#13 exporting to image
#13 sha256:e8c613e07b0b7ff33893b694f7759a10d42e180f2b4dc349fb57dc6b71dcab00
#13 exporting layers done
#13 writing image sha256:e1fa3f275ef7ad2553590e7204281a5a2ad685bd7462476fda6757b0aea51a9c
#13 writing image sha256:e1fa3f275ef7ad2553590e7204281a5a2ad685bd7462476fda6757b0aea51a9c 0.0s done
#13 naming to gcr.io/fuzzbench/base-image done
#13 DONE 0.2s

#14 exporting cache
#14 sha256:2700d4ef94dee473593c5c614b55b2dedcca7893909811a8f2b48291a1f581e4
#14 preparing build cache for export done
#14 DONE 0.0s
#1 [internal] load build definition from Dockerfile
#1 sha256:289bcc7bfccbfe4bba4ecd687b497e42740d5ffc33bf0187c3631a7ff631b047
#1 transferring dockerfile: 2.22kB done
#1 DONE 0.1s

#2 [internal] load .dockerignore
#2 sha256:0d61439da1a95a4cc29905d4500f9a5b1efb05a58635ae69319a0f4316ff55a6
#2 transferring context: 34B done
#2 DONE 0.1s

#4 [internal] load metadata for gcr.io/fuzzbench/base-image:latest
#4 sha256:932022888f650cc455b10eb5123bb08c0cccacac29a693e69314abbfd28a72c3
#4 DONE 0.0s

#3 [internal] load metadata for gcr.io/fuzzbench/builders/afl/lwan_lwan-intermediate:latest
#3 sha256:7bf9f173c5e9bffaae80f357ae405e7d130af476d99952737c85bd62c9bd209a
#3 DONE 0.0s

#12 [internal] load build context
#12 sha256:7cb9c9c6ae398be0399aa33aa641d34f5243e0edd4c67280576c4ba7b5061ca2
#12 DONE 0.0s

#5 importing cache manifest from gcr.io/fuzzbench/builders/afl/lwan_lwan
#5 sha256:bc0584f7e808d980663e4dabe1c94d5dcdbb6a2461bcbb9d082e318f04883e75
#5 ERROR: gcr.io/fuzzbench/builders/afl/lwan_lwan:latest: not found

#7 [base-image 1/1] FROM gcr.io/fuzzbench/base-image
#7 sha256:4d07825694520f8b6f6a0d8592dbd345433361ae044cb7f06706c5a95e3daaad
#7 DONE 0.0s

#6 [stage-1  1/13] FROM gcr.io/fuzzbench/builders/afl/lwan_lwan-intermediate
#6 sha256:9e6a4c6021db6d53d07ebf621c5d8c6460cabae3c467c2e31dcbb36662f5fd25
#6 DONE 0.0s

#12 [internal] load build context
#12 sha256:7cb9c9c6ae398be0399aa33aa641d34f5243e0edd4c67280576c4ba7b5061ca2
#12 transferring context: 669.85kB 0.1s done
#12 DONE 0.2s

#10 [stage-1  4/13] COPY --from=base-image /usr/local/include/python3.8 /usr/local/include/python3.8
#10 sha256:ccd5ae1ada005ccf4d536ae50c4f08c61e345e97a6ec7156d0900609cfd5f762
#10 CACHED

#11 [stage-1  5/13] COPY --from=base-image /usr/local/lib/python3.8/site-packages /usr/local/lib/python3.8/site-packages
#11 sha256:e576a684be5a198e26e991f7bd811514d8f932ae178bc5ee642aef8c6414f4af
#11 CACHED

#13 [stage-1  6/13] COPY fuzzers /src/fuzzers
#13 sha256:e8635c7c54f48a5fddac6985e294f5d7b117b84eaaa474233fbf43ac171318d3
#13 CACHED

#8 [stage-1  2/13] COPY --from=base-image /usr/local/bin/python3* /usr/local/bin/
#8 sha256:5829fe543ce2fe24b988b8878269345db22082f4401d67fc75d1ebecf44c8288
#8 CACHED

#9 [stage-1  3/13] COPY --from=base-image /usr/local/lib/python3.8 /usr/local/lib/python3.8
#9 sha256:9476c5e3ed3e38164cbefbd9d6dbbb16963e94fa8b50e6b7919ee7ad2e03ceab
#9 CACHED

#14 [stage-1  7/13] RUN touch /src/__init__.py
#14 sha256:6ffea0de49135acf16a169f4b6f40c9a26454dc345d70494bda68fbc958a6e68
#14 CACHED

#15 [stage-1  8/13] COPY benchmarks/lwan_lwan/benchmark.yaml /
#15 sha256:fd0b755f86d7f17daaab08961b7cc521383fdf190a586c9af0164b840042acd5
#15 DONE 0.5s

#16 [stage-1  9/13] RUN mkdir /opt/fuzzbench/
#16 sha256:aa83e6a8fd7de8f4bcde7c7053df8baae975827fc338a9426add08592a1ce1d5
#16 DONE 0.8s

#17 [stage-1 10/13] COPY docker/benchmark-builder/checkout_commit.py /opt/fuzzbench/
#17 sha256:57c43bded8f8137cf1761c677f81e714d14ed802856745ada7d93773a0d5f8de
#17 DONE 0.4s

#18 [stage-1 11/13] RUN export CHECKOUT_COMMIT=$(cat /benchmark.yaml | tr -d ' ' | grep 'commit:' | cut -d ':' -f2) &&     python3 -u /opt/fuzzbench/checkout_commit.py $CHECKOUT_COMMIT /src
#18 sha256:61022967b4aaf89ece732f6f0e48de4605a9165c0883463f6dc4fe2325c046fc
#18 0.539 Checking out commit 84faf557
#18 3.561 From git://github.com/lpereira/lwan
#18 3.561  * [new tag]         v0.1       -> v0.1
#18 3.562  * [new tag]         v0.2       -> v0.2
#18 3.562  * [new tag]         v0.3       -> v0.3
#18 3.562  * [new tag]         v0.4       -> v0.4
#18 3.570 error: pathspec '84faf557' did not match any file(s) known to git
#18 3.574 error: pathspec '84faf557' did not match any file(s) known to git
#18 3.581 error: pathspec '84faf557' did not match any file(s) known to git
#18 3.601 error: pathspec '84faf557' did not match any file(s) known to git
#18 3.629 Checkout unsuccessful.
#18 DONE 4.8s

#19 [stage-1 12/13] RUN echo "#!/bin/bash\nPYTHONPATH=/src python3 -u -c "from fuzzers import utils; utils.initialize_env(); from fuzzers.afl import fuzzer; fuzzer.build()"" > /usr/bin/fuzzer_build &&     chmod +x /usr/bin/fuzzer_build
#19 sha256:339689e4ec1bda9eb1ac9e3fbcb648dc9dc6f49eaf90c61e5b84d921f5a6be5f
#19 DONE 1.0s

#20 [stage-1 13/13] RUN echo "Run fuzzer_build to build the target" && if [ -z "$debug_builder" ] ; then fuzzer_build; fi
#20 sha256:7d249ae6c9ce63376781a6b3960a3504e041bdd10ec651681cb77662197db870
#20 0.601 Run fuzzer_build to build the target
#20 0.715 FUZZ_TARGET = lwan
#20 0.715 CFLAGS = -DFUZZING_BUILD_MODE_UNSAFE_FOR_PRODUCTION -pthread -Wl,--no-as-needed -Wl,-ldl -Wl,-lm -Wno-unused-command-line-argument -O3
#20 0.715 CXXFLAGS = -DFUZZING_BUILD_MODE_UNSAFE_FOR_PRODUCTION -pthread -Wl,--no-as-needed -Wl,-ldl -Wl,-lm -Wno-unused-command-line-argument -stdlib=libc++ -O3
#20 0.719 Building benchmark lwan_lwan with fuzzer afl
#20 0.722 + mkdir -p /work/lwan
#20 0.725 + cd /work/lwan
#20 0.725 + cmake -GNinja -DCMAKE_BUILD_TYPE=Debug -DCMAKE_C_COMPILER=clang '-DCMAKE_C_FLAGS=-DFUZZING_BUILD_MODE_UNSAFE_FOR_PRODUCTION -pthread -Wl,--no-as-needed -Wl,-ldl -Wl,-lm -Wno-unused-command-line-argument -O3 -fsanitize-coverage=trace-pc-guard' /src/lwan/
#20 0.935 -- The C compiler identification is Clang 14.0.0
#20 0.950 -- Detecting C compiler ABI info
#20 1.099 -- Detecting C compiler ABI info - done
#20 1.150 -- Check for working C compiler: /usr/local/bin/clang - skipped
#20 1.151 -- Detecting C compile features
#20 1.152 -- Detecting C compile features - done
#20 1.154 -- Running CMake for lwan (Scalable, high performance, experimental web server)
#20 1.161 CMake Warning at src/cmake/CodeCoverage.cmake:80 (MESSAGE):
#20 1.161   Compiler is not GNU gcc! Clang Version 3.0.0 and greater supports gcov as
#20 1.161   well, but older versions don't.
#20 1.161 Call Stack (most recent call first):
#20 1.161   CMakeLists.txt:14 (include)
#20 1.161 
#20 1.161 
#20 1.164 -- Could NOT find PkgConfig (missing: PKG_CONFIG_EXECUTABLE) 
#20 1.188 -- Found ZLIB: /usr/lib/x86_64-linux-gnu/libz.so (found version "1.2.11") 
#20 1.190 -- Looking for pthread.h
#20 1.357 -- Looking for pthread.h - found
#20 1.358 -- Performing Test CMAKE_HAVE_LIBC_PTHREAD
#20 1.532 -- Performing Test CMAKE_HAVE_LIBC_PTHREAD - Success
#20 1.536 -- Found Threads: TRUE  
#20 1.542 -- Disabling Lua support
#20 1.545 -- Looking for linux/tls.h
#20 1.706 -- Looking for linux/tls.h - found
#20 1.708 -- mbedTLS not found: not building with TLS support
#20 1.709 -- Looking for linux/capability.h
#20 1.867 -- Looking for linux/capability.h - found
#20 1.868 -- Looking for sys/auxv.h
#20 2.031 -- Looking for sys/auxv.h - found
#20 2.032 -- Looking for sys/epoll.h
#20 2.193 -- Looking for sys/epoll.h - found
#20 2.194 -- Looking for 3 include files sys/time.h, ..., sys/event.h
#20 2.245 -- Looking for 3 include files sys/time.h, ..., sys/event.h - not found
#20 2.246 -- Looking for alloca.h
#20 2.412 -- Looking for alloca.h - found
#20 2.413 -- Looking for getauxval
#20 2.575 -- Looking for getauxval - found
#20 2.575 -- Looking for get_current_dir_name
#20 2.739 -- Looking for get_current_dir_name - found
#20 2.740 -- Looking for reallocarray
#20 2.912 -- Looking for reallocarray - found
#20 2.913 -- Looking for mempcpy
#20 3.076 -- Looking for mempcpy - found
#20 3.077 -- Looking for memrchr
#20 3.236 -- Looking for memrchr - found
#20 3.236 -- Looking for pipe2
#20 3.408 -- Looking for pipe2 - found
#20 3.409 -- Looking for accept4
#20 3.568 -- Looking for accept4 - found
#20 3.568 -- Looking for readahead
#20 3.729 -- Looking for readahead - found
#20 3.729 -- Looking for mkostemp
#20 3.899 -- Looking for mkostemp - found
#20 3.899 -- Looking for clock_gettime
#20 4.065 -- Looking for clock_gettime - found
#20 4.066 -- Looking for pthread_barrier_init
#20 4.223 -- Looking for pthread_barrier_init - found
#20 4.224 -- Looking for pthread_set_name_np
#20 4.385 -- Looking for pthread_set_name_np - not found
#20 4.386 -- Looking for posix_fadvise
#20 4.559 -- Looking for posix_fadvise - found
#20 4.559 -- Looking for getentropy
#20 4.733 -- Looking for getentropy - found
#20 4.733 -- Looking for fwrite_unlocked
#20 4.901 -- Looking for fwrite_unlocked - found
#20 4.901 -- Looking for gettid
#20 5.064 -- Looking for gettid - found
#20 5.065 -- Looking for secure_getenv
#20 5.226 -- Looking for secure_getenv - found
#20 5.226 -- Looking for statfs
#20 5.386 -- Looking for statfs - found
#20 5.387 -- Looking for syslog
#20 5.548 -- Looking for syslog - found
#20 5.548 -- Looking for dladdr
#20 5.714 -- Looking for dladdr - found
#20 5.716 -- Performing Test HAVE_STD_GNU99
#20 5.861 -- Performing Test HAVE_STD_GNU99 - Success
#20 5.862 -- Performing Test HAVE_BUILTIN_CPU_INIT
#20 6.024 -- Performing Test HAVE_BUILTIN_CPU_INIT - Success
#20 6.024 -- Performing Test HAVE_BUILTIN_CLZLL
#20 6.183 -- Performing Test HAVE_BUILTIN_CLZLL - Success
#20 6.183 -- Performing Test HAVE_BUILTIN_FPCLASSIFY
#20 6.342 -- Performing Test HAVE_BUILTIN_FPCLASSIFY - Success
#20 6.343 -- Performing Test HAVE_BUILTIN_MUL_OVERFLOW
#20 6.509 -- Performing Test HAVE_BUILTIN_MUL_OVERFLOW - Success
#20 6.510 -- Performing Test HAVE_BUILTIN_ADD_OVERFLOW
#20 6.681 -- Performing Test HAVE_BUILTIN_ADD_OVERFLOW - Success
#20 6.682 -- Performing Test HAVE_STATIC_ASSERT
#20 6.838 -- Performing Test HAVE_STATIC_ASSERT - Success
#20 6.838 -- Performing Test HAVE_SO_ATTACH_REUSEPORT_CBPF
#20 7.020 -- Performing Test HAVE_SO_ATTACH_REUSEPORT_CBPF - Success
#20 7.020 -- Performing Test HAVE_SO_INCOMING_CPU
#20 7.205 -- Performing Test HAVE_SO_INCOMING_CPU - Success
#20 7.205 -- Valgrind headers not found -- disabling valgrind support
#20 7.208 -- Performing Test HAVE_MTUNE_NATIVE
#20 7.353 -- Performing Test HAVE_MTUNE_NATIVE - Success
#20 7.356 -- Performing Test HAVE_MARCH_NATIVE
#20 7.500 -- Performing Test HAVE_MARCH_NATIVE - Success
#20 7.502 -- Performing Test HAVE_STACK_PROTECTOR_EXPLICIT
#20 7.549 -- Performing Test HAVE_STACK_PROTECTOR_EXPLICIT - Failed
#20 7.552 -- Performing Test HAVE_IMMEDIATE_BINDING
#20 7.701 -- Performing Test HAVE_IMMEDIATE_BINDING - Success
#20 7.704 -- Performing Test HAVE_READ_ONLY_GOT
#20 7.851 -- Performing Test HAVE_READ_ONLY_GOT - Success
#20 7.854 -- Performing Test HAVE_NO_PLT
#20 8.006 -- Performing Test HAVE_NO_PLT - Success
#20 8.009 -- Performing Test HAVE_NO_PIE
#20 8.157 -- Performing Test HAVE_NO_PIE - Success
#20 8.160 -- Performing Test HAVE_NOEXEC_STACK
#20 8.314 -- Performing Test HAVE_NOEXEC_STACK - Success
#20 8.315 -- Building without a sanitizer
#20 8.317 -- Performing Test supports -Wduplicated-cond
#20 8.561 -- Performing Test supports -Wduplicated-cond - Failed
#20 8.563 -- Performing Test supports -Wduplicated-branches
#20 8.713 -- Performing Test supports -Wduplicated-branches - Failed
#20 8.717 -- Performing Test supports -Wlogical-op
#20 8.878 -- Performing Test supports -Wlogical-op - Failed
#20 8.881 -- Performing Test supports -Wrestrict
#20 9.033 -- Performing Test supports -Wrestrict - Failed
#20 9.037 -- Performing Test supports -Wdouble-promotion
#20 9.186 -- Performing Test supports -Wdouble-promotion - Success
#20 9.189 -- Performing Test supports -Wno-unused-parameter
#20 9.336 -- Performing Test supports -Wno-unused-parameter - Success
#20 9.339 -- Performing Test supports -Wstringop-truncation
#20 9.485 -- Performing Test supports -Wstringop-truncation - Failed
#20 9.488 -- Performing Test supports -Wvla
#20 9.633 -- Performing Test supports -Wvla - Success
#20 9.635 -- Performing Test supports -Wunsequenced
#20 9.779 -- Performing Test supports -Wunsequenced - Success
#20 9.781 -- Performing Test supports -Wno-free-nonheap-object
#20 9.927 -- Performing Test supports -Wno-free-nonheap-object - Success
#20 9.990 -- Found PythonInterp: /usr/local/bin/python3 (found suitable version "3.8.6", minimum required is "3") 
#20 9.993 -- Using built-in context switching routines for x86_64 processors
#20 9.996 -- Using zlib (/usr/lib/x86_64-linux-gnu/libz.so) for mimegen
#20 10.00 -- Could NOT find PkgConfig (missing: PKG_CONFIG_EXECUTABLE) 
#20 10.00 -- Freegeoip sample application not being built: SQLite not found
#20 10.01 -- Could NOT find PkgConfig (missing: PKG_CONFIG_EXECUTABLE) 
#20 10.01 -- Not building benchmark suite: database libraries not found.
#20 10.02 -- Configuring done
#20 10.06 -- Generating done
#20 10.08 -- Build files have been written to: /work/lwan
#20 10.08 + ninja -v liblwan.a
#20 10.19 [1/49] /usr/local/bin/clang -D_FILE_OFFSET_BITS=64 -D_TIME_BITS=64 -I/src/lwan/src/lib/missing -I/src/lwan/src/lib -DFUZZING_BUILD_MODE_UNSAFE_FOR_PRODUCTION -pthread -Wl,--no-as-needed -Wl,-ldl -Wl,-lm -Wno-unused-command-line-argument -O3 -fsanitize-coverage=trace-pc-guard -fno-plt -no-pie -Wdouble-promotion -Wno-unused-parameter -Wvla -Wunsequenced -Wno-free-nonheap-object -Wall -Wextra -Wshadow -Wconversion -std=gnu99 -g   -include /work/lwan/lwan-build-config.h -MD -MT src/bin/tools/CMakeFiles/bin2hex.dir/bin2hex.c.o -MF src/bin/tools/CMakeFiles/bin2hex.dir/bin2hex.c.o.d -o src/bin/tools/CMakeFiles/bin2hex.dir/bin2hex.c.o -c /src/lwan/src/bin/tools/bin2hex.c
#20 10.19 In file included from /src/lwan/src/bin/tools/bin2hex.c:29:
#20 10.19 In file included from /src/lwan/src/lib/lwan.h:34:
#20 10.19 In file included from /src/lwan/src/lib/timeout.h:34:
#20 10.19 /src/lwan/src/lib/list.h:396:9: warning: the argument to '__builtin_assume' has side effects that will be discarded [-Wassume]
#20 10.19         assert(!list_empty(h));
#20 10.19                ^~~~~~~~~~~~~~
#20 10.19 /src/lwan/src/lib/missing/assert.h:36:39: note: expanded from macro 'assert'
#20 10.19 #define assert(expr) __builtin_assume(expr)
#20 10.19                                       ^~~~
#20 10.19 1 warning generated.
#20 10.19 [2/49] /usr/local/bin/clang -D_FILE_OFFSET_BITS=64 -D_TIME_BITS=64 -I/src/lwan/src/lib/missing -I/src/lwan/src/lib -DFUZZING_BUILD_MODE_UNSAFE_FOR_PRODUCTION -pthread -Wl,--no-as-needed -Wl,-ldl -Wl,-lm -Wno-unused-command-line-argument -O3 -fsanitize-coverage=trace-pc-guard -fno-plt -no-pie -Wdouble-promotion -Wno-unused-parameter -Wvla -Wunsequenced -Wno-free-nonheap-object -Wall -Wextra -Wshadow -Wconversion -std=gnu99 -g   -include /work/lwan/lwan-build-config.h -MD -MT src/bin/tools/CMakeFiles/mimegen.dir/__/__/lib/missing.c.o -MF src/bin/tools/CMakeFiles/mimegen.dir/__/__/lib/missing.c.o.d -o src/bin/tools/CMakeFiles/mimegen.dir/__/__/lib/missing.c.o -c /src/lwan/src/lib/missing.c
#20 10.19 In file included from /src/lwan/src/lib/missing.c:35:
#20 10.19 In file included from /src/lwan/src/lib/lwan.h:34:
#20 10.19 In file included from /src/lwan/src/lib/timeout.h:34:
#20 10.19 /src/lwan/src/lib/list.h:396:9: warning: the argument to '__builtin_assume' has side effects that will be discarded [-Wassume]
#20 10.19         assert(!list_empty(h));
#20 10.19                ^~~~~~~~~~~~~~
#20 10.19 /src/lwan/src/lib/missing/assert.h:36:39: note: expanded from macro 'assert'
#20 10.19 #define assert(expr) __builtin_assume(expr)
#20 10.19                                       ^~~~
#20 10.19 1 warning generated.
#20 10.20 [3/49] /usr/local/bin/clang -D_FILE_OFFSET_BITS=64 -D_TIME_BITS=64 -I/src/lwan/src/lib/missing -I/src/lwan/src/lib -DFUZZING_BUILD_MODE_UNSAFE_FOR_PRODUCTION -pthread -Wl,--no-as-needed -Wl,-ldl -Wl,-lm -Wno-unused-command-line-argument -O3 -fsanitize-coverage=trace-pc-guard -fno-plt -no-pie -Wdouble-promotion -Wno-unused-parameter -Wvla -Wunsequenced -Wno-free-nonheap-object -Wall -Wextra -Wshadow -Wconversion -std=gnu99 -g   -include /work/lwan/lwan-build-config.h -MD -MT src/bin/tools/CMakeFiles/mimegen.dir/__/__/lib/murmur3.c.o -MF src/bin/tools/CMakeFiles/mimegen.dir/__/__/lib/murmur3.c.o.d -o src/bin/tools/CMakeFiles/mimegen.dir/__/__/lib/murmur3.c.o -c /src/lwan/src/lib/murmur3.c
#20 10.30 [4/49] : && /usr/local/bin/clang -DFUZZING_BUILD_MODE_UNSAFE_FOR_PRODUCTION -pthread -Wl,--no-as-needed -Wl,-ldl -Wl,-lm -Wno-unused-command-line-argument -O3 -fsanitize-coverage=trace-pc-guard -fno-plt -no-pie -Wdouble-promotion -Wno-unused-parameter -Wvla -Wunsequenced -Wno-free-nonheap-object -Wall -Wextra -Wshadow -Wconversion -std=gnu99 -g -Wl,-z,now -Wl,-z,relro -Wl,-z,noexecstack   -rdynamic src/bin/tools/CMakeFiles/bin2hex.dir/bin2hex.c.o -o src/bin/tools/bin2hex   && :
#20 10.30 [5/49] /usr/local/bin/clang -D_FILE_OFFSET_BITS=64 -D_TIME_BITS=64 -I/src/lwan/src/lib/missing -I/src/lwan/src/lib -DFUZZING_BUILD_MODE_UNSAFE_FOR_PRODUCTION -pthread -Wl,--no-as-needed -Wl,-ldl -Wl,-lm -Wno-unused-command-line-argument -O3 -fsanitize-coverage=trace-pc-guard -fno-plt -no-pie -Wdouble-promotion -Wno-unused-parameter -Wvla -Wunsequenced -Wno-free-nonheap-object -Wall -Wextra -Wshadow -Wconversion -std=gnu99 -g   -include /work/lwan/lwan-build-config.h -MD -MT src/bin/tools/CMakeFiles/mimegen.dir/mimegen.c.o -MF src/bin/tools/CMakeFiles/mimegen.dir/mimegen.c.o.d -o src/bin/tools/CMakeFiles/mimegen.dir/mimegen.c.o -c /src/lwan/src/bin/tools/mimegen.c
#20 10.30 [6/49] cd /work/lwan/src/lib && /work/lwan/src/bin/tools/bin2hex /src/lwan/wwwroot/icons/back.gif back_gif /src/lwan/wwwroot/icons/file.gif file_gif /src/lwan/wwwroot/icons/folder.gif folder_gif > /work/lwan/auto-index-icons.h
#20 10.37 [7/49] /usr/local/bin/clang -D_FILE_OFFSET_BITS=64 -D_TIME_BITS=64 -I/src/lwan/src/lib/missing -I/src/lwan/src/lib -DFUZZING_BUILD_MODE_UNSAFE_FOR_PRODUCTION -pthread -Wl,--no-as-needed -Wl,-ldl -Wl,-lm -Wno-unused-command-line-argument -O3 -fsanitize-coverage=trace-pc-guard -fno-plt -no-pie -Wdouble-promotion -Wno-unused-parameter -Wvla -Wunsequenced -Wno-free-nonheap-object -Wall -Wextra -Wshadow -Wconversion -std=gnu99 -g   -include /work/lwan/lwan-build-config.h -MD -MT src/bin/tools/CMakeFiles/mimegen.dir/__/__/lib/hash.c.o -MF src/bin/tools/CMakeFiles/mimegen.dir/__/__/lib/hash.c.o.d -o src/bin/tools/CMakeFiles/mimegen.dir/__/__/lib/hash.c.o -c /src/lwan/src/lib/hash.c
#20 10.49 [8/49] : && /usr/local/bin/clang -DFUZZING_BUILD_MODE_UNSAFE_FOR_PRODUCTION -pthread -Wl,--no-as-needed -Wl,-ldl -Wl,-lm -Wno-unused-command-line-argument -O3 -fsanitize-coverage=trace-pc-guard -fno-plt -no-pie -Wdouble-promotion -Wno-unused-parameter -Wvla -Wunsequenced -Wno-free-nonheap-object -Wall -Wextra -Wshadow -Wconversion -std=gnu99 -g -Wl,-z,now -Wl,-z,relro -Wl,-z,noexecstack   -rdynamic src/bin/tools/CMakeFiles/mimegen.dir/mimegen.c.o src/bin/tools/CMakeFiles/mimegen.dir/__/__/lib/hash.c.o src/bin/tools/CMakeFiles/mimegen.dir/__/__/lib/murmur3.c.o src/bin/tools/CMakeFiles/mimegen.dir/__/__/lib/missing.c.o -o src/bin/tools/mimegen  -lz && :
#20 10.51 [9/49] cd /work/lwan/src/lib && /work/lwan/src/bin/tools/mimegen /src/lwan/src/bin/tools/mime.types > /work/lwan/mime-types.h
#20 10.60 [10/49] /usr/local/bin/clang -D_FILE_OFFSET_BITS=64 -D_TIME_BITS=64 -I/src/lwan/src/lib/missing -I/src/lwan/src/lib -I/work/lwan -DFUZZING_BUILD_MODE_UNSAFE_FOR_PRODUCTION -pthread -Wl,--no-as-needed -Wl,-ldl -Wl,-lm -Wno-unused-command-line-argument -O3 -fsanitize-coverage=trace-pc-guard -fno-plt -no-pie -Wdouble-promotion -Wno-unused-parameter -Wvla -Wunsequenced -Wno-free-nonheap-object -Wall -Wextra -Wshadow -Wconversion -std=gnu99 -g   -include /work/lwan/lwan-build-config.h -fPIC -MD -MT src/lib/CMakeFiles/lwan-static.dir/list.c.o -MF src/lib/CMakeFiles/lwan-static.dir/list.c.o.d -o src/lib/CMakeFiles/lwan-static.dir/list.c.o -c /src/lwan/src/lib/list.c
#20 10.60 In file included from /src/lwan/src/lib/list.c:33:
#20 10.60 /src/lwan/src/lib/list.h:396:9: warning: the argument to '__builtin_assume' has side effects that will be discarded [-Wassume]
#20 10.60         assert(!list_empty(h));
#20 10.60                ^~~~~~~~~~~~~~
#20 10.60 /src/lwan/src/lib/missing/assert.h:36:39: note: expanded from macro 'assert'
#20 10.60 #define assert(expr) __builtin_assume(expr)
#20 10.60                                       ^~~~
#20 10.60 1 warning generated.
#20 10.67 [11/49] /usr/local/bin/clang -D_FILE_OFFSET_BITS=64 -D_TIME_BITS=64 -I/src/lwan/src/lib/missing -I/src/lwan/src/lib -I/work/lwan -DFUZZING_BUILD_MODE_UNSAFE_FOR_PRODUCTION -pthread -Wl,--no-as-needed -Wl,-ldl -Wl,-lm -Wno-unused-command-line-argument -O3 -fsanitize-coverage=trace-pc-guard -fno-plt -no-pie -Wdouble-promotion -Wno-unused-parameter -Wvla -Wunsequenced -Wno-free-nonheap-object -Wall -Wextra -Wshadow -Wconversion -std=gnu99 -g   -include /work/lwan/lwan-build-config.h -fPIC -MD -MT src/lib/CMakeFiles/lwan-static.dir/lwan-array.c.o -MF src/lib/CMakeFiles/lwan-static.dir/lwan-array.c.o.d -o src/lib/CMakeFiles/lwan-static.dir/lwan-array.c.o -c /src/lwan/src/lib/lwan-array.c
#20 10.67 In file included from /src/lwan/src/lib/lwan-array.c:27:
#20 10.67 In file included from /src/lwan/src/lib/lwan.h:34:
#20 10.67 In file included from /src/lwan/src/lib/timeout.h:34:
#20 10.67 /src/lwan/src/lib/list.h:396:9: warning: the argument to '__builtin_assume' has side effects that will be discarded [-Wassume]
#20 10.67         assert(!list_empty(h));
#20 10.67                ^~~~~~~~~~~~~~
#20 10.67 /src/lwan/src/lib/missing/assert.h:36:39: note: expanded from macro 'assert'
#20 10.67 #define assert(expr) __builtin_assume(expr)
#20 10.67                                       ^~~~
#20 10.67 1 warning generated.
#20 10.79 [12/49] /usr/local/bin/clang -D_FILE_OFFSET_BITS=64 -D_TIME_BITS=64 -I/src/lwan/src/lib/missing -I/src/lwan/src/lib -I/work/lwan -DFUZZING_BUILD_MODE_UNSAFE_FOR_PRODUCTION -pthread -Wl,--no-as-needed -Wl,-ldl -Wl,-lm -Wno-unused-command-line-argument -O3 -fsanitize-coverage=trace-pc-guard -fno-plt -no-pie -Wdouble-promotion -Wno-unused-parameter -Wvla -Wunsequenced -Wno-free-nonheap-object -Wall -Wextra -Wshadow -Wconversion -std=gnu99 -g   -include /work/lwan/lwan-build-config.h -fPIC -MD -MT src/lib/CMakeFiles/lwan-static.dir/base64.c.o -MF src/lib/CMakeFiles/lwan-static.dir/base64.c.o.d -o src/lib/CMakeFiles/lwan-static.dir/base64.c.o -c /src/lwan/src/lib/base64.c
#20 10.79 [13/49] /usr/local/bin/clang -D_FILE_OFFSET_BITS=64 -D_TIME_BITS=64 -I/src/lwan/src/lib/missing -I/src/lwan/src/lib -I/work/lwan -DFUZZING_BUILD_MODE_UNSAFE_FOR_PRODUCTION -pthread -Wl,--no-as-needed -Wl,-ldl -Wl,-lm -Wno-unused-command-line-argument -O3 -fsanitize-coverage=trace-pc-guard -fno-plt -no-pie -Wdouble-promotion -Wno-unused-parameter -Wvla -Wunsequenced -Wno-free-nonheap-object -Wall -Wextra -Wshadow -Wconversion -std=gnu99 -g   -include /work/lwan/lwan-build-config.h -fPIC -MD -MT src/lib/CMakeFiles/lwan-static.dir/int-to-str.c.o -MF src/lib/CMakeFiles/lwan-static.dir/int-to-str.c.o.d -o src/lib/CMakeFiles/lwan-static.dir/int-to-str.c.o -c /src/lwan/src/lib/int-to-str.c
#20 10.79 [14/49] /usr/local/bin/clang -D_FILE_OFFSET_BITS=64 -D_TIME_BITS=64 -I/src/lwan/src/lib/missing -I/src/lwan/src/lib -I/work/lwan -DFUZZING_BUILD_MODE_UNSAFE_FOR_PRODUCTION -pthread -Wl,--no-as-needed -Wl,-ldl -Wl,-lm -Wno-unused-command-line-argument -O3 -fsanitize-coverage=trace-pc-guard -fno-plt -no-pie -Wdouble-promotion -Wno-unused-parameter -Wvla -Wunsequenced -Wno-free-nonheap-object -Wall -Wextra -Wshadow -Wconversion -std=gnu99 -g   -include /work/lwan/lwan-build-config.h -fPIC -MD -MT src/lib/CMakeFiles/lwan-static.dir/lwan-cache.c.o -MF src/lib/CMakeFiles/lwan-static.dir/lwan-cache.c.o.d -o src/lib/CMakeFiles/lwan-static.dir/lwan-cache.c.o -c /src/lwan/src/lib/lwan-cache.c
#20 10.80 [15/49] /usr/local/bin/clang -D_FILE_OFFSET_BITS=64 -D_TIME_BITS=64 -I/src/lwan/src/lib/missing -I/src/lwan/src/lib -I/work/lwan -DFUZZING_BUILD_MODE_UNSAFE_FOR_PRODUCTION -pthread -Wl,--no-as-needed -Wl,-ldl -Wl,-lm -Wno-unused-command-line-argument -O3 -fsanitize-coverage=trace-pc-guard -fno-plt -no-pie -Wdouble-promotion -Wno-unused-parameter -Wvla -Wunsequenced -Wno-free-nonheap-object -Wall -Wextra -Wshadow -Wconversion -std=gnu99 -g   -include /work/lwan/lwan-build-config.h -fPIC -MD -MT src/lib/CMakeFiles/lwan-static.dir/lwan-http-authorize.c.o -MF src/lib/CMakeFiles/lwan-static.dir/lwan-http-authorize.c.o.d -o src/lib/CMakeFiles/lwan-static.dir/lwan-http-authorize.c.o -c /src/lwan/src/lib/lwan-http-authorize.c
#20 10.80 In file included from /src/lwan/src/lib/lwan-http-authorize.c:27:
#20 10.80 In file included from /src/lwan/src/lib/lwan-private.h:25:
#20 10.80 In file included from /src/lwan/src/lib/lwan.h:34:
#20 10.80 In file included from /src/lwan/src/lib/timeout.h:34:
#20 10.80 /src/lwan/src/lib/list.h:396:9: warning: the argument to '__builtin_assume' has side effects that will be discarded [-Wassume]
#20 10.80         assert(!list_empty(h));
#20 10.80                ^~~~~~~~~~~~~~
#20 10.80 /src/lwan/src/lib/missing/assert.h:36:39: note: expanded from macro 'assert'
#20 10.80 #define assert(expr) __builtin_assume(expr)
#20 10.80                                       ^~~~
#20 10.80 1 warning generated.
#20 10.93 [16/49] /usr/local/bin/clang -D_FILE_OFFSET_BITS=64 -D_TIME_BITS=64 -I/src/lwan/src/lib/missing -I/src/lwan/src/lib -I/work/lwan -DFUZZING_BUILD_MODE_UNSAFE_FOR_PRODUCTION -pthread -Wl,--no-as-needed -Wl,-ldl -Wl,-lm -Wno-unused-command-line-argument -O3 -fsanitize-coverage=trace-pc-guard -fno-plt -no-pie -Wdouble-promotion -Wno-unused-parameter -Wvla -Wunsequenced -Wno-free-nonheap-object -Wall -Wextra -Wshadow -Wconversion -std=gnu99 -g   -include /work/lwan/lwan-build-config.h -fPIC -MD -MT src/lib/CMakeFiles/lwan-static.dir/lwan-io-wrappers.c.o -MF src/lib/CMakeFiles/lwan-static.dir/lwan-io-wrappers.c.o.d -o src/lib/CMakeFiles/lwan-static.dir/lwan-io-wrappers.c.o -c /src/lwan/src/lib/lwan-io-wrappers.c
#20 10.93 [17/49] /usr/local/bin/clang -D_FILE_OFFSET_BITS=64 -D_TIME_BITS=64 -I/src/lwan/src/lib/missing -I/src/lwan/src/lib -I/work/lwan -DFUZZING_BUILD_MODE_UNSAFE_FOR_PRODUCTION -pthread -Wl,--no-as-needed -Wl,-ldl -Wl,-lm -Wno-unused-command-line-argument -O3 -fsanitize-coverage=trace-pc-guard -fno-plt -no-pie -Wdouble-promotion -Wno-unused-parameter -Wvla -Wunsequenced -Wno-free-nonheap-object -Wall -Wextra -Wshadow -Wconversion -std=gnu99 -g   -include /work/lwan/lwan-build-config.h -fPIC -MD -MT src/lib/CMakeFiles/lwan-static.dir/lwan-coro.c.o -MF src/lib/CMakeFiles/lwan-static.dir/lwan-coro.c.o.d -o src/lib/CMakeFiles/lwan-static.dir/lwan-coro.c.o -c /src/lwan/src/lib/lwan-coro.c
#20 10.95 [18/49] /usr/local/bin/clang -D_FILE_OFFSET_BITS=64 -D_TIME_BITS=64 -I/src/lwan/src/lib/missing -I/src/lwan/src/lib -I/work/lwan -DFUZZING_BUILD_MODE_UNSAFE_FOR_PRODUCTION -pthread -Wl,--no-as-needed -Wl,-ldl -Wl,-lm -Wno-unused-command-line-argument -O3 -fsanitize-coverage=trace-pc-guard -fno-plt -no-pie -Wdouble-promotion -Wno-unused-parameter -Wvla -Wunsequenced -Wno-free-nonheap-object -Wall -Wextra -Wshadow -Wconversion -std=gnu99 -g   -include /work/lwan/lwan-build-config.h -fPIC -MD -MT src/lib/CMakeFiles/lwan-static.dir/lwan-job.c.o -MF src/lib/CMakeFiles/lwan-static.dir/lwan-job.c.o.d -o src/lib/CMakeFiles/lwan-static.dir/lwan-job.c.o -c /src/lwan/src/lib/lwan-job.c
#20 10.96 [19/49] /usr/local/bin/clang -D_FILE_OFFSET_BITS=64 -D_TIME_BITS=64 -I/src/lwan/src/lib/missing -I/src/lwan/src/lib -I/work/lwan -DFUZZING_BUILD_MODE_UNSAFE_FOR_PRODUCTION -pthread -Wl,--no-as-needed -Wl,-ldl -Wl,-lm -Wno-unused-command-line-argument -O3 -fsanitize-coverage=trace-pc-guard -fno-plt -no-pie -Wdouble-promotion -Wno-unused-parameter -Wvla -Wunsequenced -Wno-free-nonheap-object -Wall -Wextra -Wshadow -Wconversion -std=gnu99 -g   -include /work/lwan/lwan-build-config.h -fPIC -MD -MT src/lib/CMakeFiles/lwan-static.dir/lwan-mod-redirect.c.o -MF src/lib/CMakeFiles/lwan-static.dir/lwan-mod-redirect.c.o.d -o src/lib/CMakeFiles/lwan-static.dir/lwan-mod-redirect.c.o -c /src/lwan/src/lib/lwan-mod-redirect.c
#20 10.96 In file included from /src/lwan/src/lib/lwan-mod-redirect.c:24:
#20 10.96 In file included from /src/lwan/src/lib/lwan-private.h:25:
#20 10.96 In file included from /src/lwan/src/lib/lwan.h:34:
#20 10.96 In file included from /src/lwan/src/lib/timeout.h:34:
#20 10.96 /src/lwan/src/lib/list.h:396:9: warning: the argument to '__builtin_assume' has side effects that will be discarded [-Wassume]
#20 10.96         assert(!list_empty(h));
#20 10.96                ^~~~~~~~~~~~~~
#20 10.96 /src/lwan/src/lib/missing/assert.h:36:39: note: expanded from macro 'assert'
#20 10.96 #define assert(expr) __builtin_assume(expr)
#20 10.96                                       ^~~~
#20 10.96 1 warning generated.
#20 10.98 [20/49] /usr/local/bin/clang -D_FILE_OFFSET_BITS=64 -D_TIME_BITS=64 -I/src/lwan/src/lib/missing -I/src/lwan/src/lib -I/work/lwan -DFUZZING_BUILD_MODE_UNSAFE_FOR_PRODUCTION -pthread -Wl,--no-as-needed -Wl,-ldl -Wl,-lm -Wno-unused-command-line-argument -O3 -fsanitize-coverage=trace-pc-guard -fno-plt -no-pie -Wdouble-promotion -Wno-unused-parameter -Wvla -Wunsequenced -Wno-free-nonheap-object -Wall -Wextra -Wshadow -Wconversion -std=gnu99 -g   -include /work/lwan/lwan-build-config.h -fPIC -MD -MT src/lib/CMakeFiles/lwan-static.dir/hash.c.o -MF src/lib/CMakeFiles/lwan-static.dir/hash.c.o.d -o src/lib/CMakeFiles/lwan-static.dir/hash.c.o -c /src/lwan/src/lib/hash.c
#20 11.03 [21/49] /usr/local/bin/clang -D_FILE_OFFSET_BITS=64 -D_TIME_BITS=64 -I/src/lwan/src/lib/missing -I/src/lwan/src/lib -I/work/lwan -DFUZZING_BUILD_MODE_UNSAFE_FOR_PRODUCTION -pthread -Wl,--no-as-needed -Wl,-ldl -Wl,-lm -Wno-unused-command-line-argument -O3 -fsanitize-coverage=trace-pc-guard -fno-plt -no-pie -Wdouble-promotion -Wno-unused-parameter -Wvla -Wunsequenced -Wno-free-nonheap-object -Wall -Wextra -Wshadow -Wconversion -std=gnu99 -g   -include /work/lwan/lwan-build-config.h -fPIC -MD -MT src/lib/CMakeFiles/lwan-static.dir/lwan-mod-response.c.o -MF src/lib/CMakeFiles/lwan-static.dir/lwan-mod-response.c.o.d -o src/lib/CMakeFiles/lwan-static.dir/lwan-mod-response.c.o -c /src/lwan/src/lib/lwan-mod-response.c
#20 11.03 In file included from /src/lwan/src/lib/lwan-mod-response.c:24:
#20 11.03 In file included from /src/lwan/src/lib/lwan-private.h:25:
#20 11.03 In file included from /src/lwan/src/lib/lwan.h:34:
#20 11.03 In file included from /src/lwan/src/lib/timeout.h:34:
#20 11.03 /src/lwan/src/lib/list.h:396:9: warning: the argument to '__builtin_assume' has side effects that will be discarded [-Wassume]
#20 11.03         assert(!list_empty(h));
#20 11.03                ^~~~~~~~~~~~~~
#20 11.03 /src/lwan/src/lib/missing/assert.h:36:39: note: expanded from macro 'assert'
#20 11.03 #define assert(expr) __builtin_assume(expr)
#20 11.03                                       ^~~~
#20 11.03 /src/lwan/src/lib/lwan-mod-response.c:32:12: warning: cast to smaller integer type 'enum lwan_http_status' from 'void *' [-Wvoid-pointer-to-enum-cast]
#20 11.03     return (enum lwan_http_status)instance;
#20 11.03            ^~~~~~~~~~~~~~~~~~~~~~~~~~~~~~~
#20 11.03 2 warnings generated.
#20 11.15 [22/49] /usr/local/bin/clang -D_FILE_OFFSET_BITS=64 -D_TIME_BITS=64 -I/src/lwan/src/lib/missing -I/src/lwan/src/lib -I/work/lwan -DFUZZING_BUILD_MODE_UNSAFE_FOR_PRODUCTION -pthread -Wl,--no-as-needed -Wl,-ldl -Wl,-lm -Wno-unused-command-line-argument -O3 -fsanitize-coverage=trace-pc-guard -fno-plt -no-pie -Wdouble-promotion -Wno-unused-parameter -Wvla -Wunsequenced -Wno-free-nonheap-object -Wall -Wextra -Wshadow -Wconversion -std=gnu99 -g   -include /work/lwan/lwan-build-config.h -fPIC -MD -MT src/lib/CMakeFiles/lwan-static.dir/lwan-readahead.c.o -MF src/lib/CMakeFiles/lwan-static.dir/lwan-readahead.c.o.d -o src/lib/CMakeFiles/lwan-static.dir/lwan-readahead.c.o -c /src/lwan/src/lib/lwan-readahead.c
#20 11.15 In file included from /src/lwan/src/lib/lwan-readahead.c:29:
#20 11.15 In file included from /src/lwan/src/lib/lwan-private.h:25:
#20 11.15 In file included from /src/lwan/src/lib/lwan.h:34:
#20 11.15 In file included from /src/lwan/src/lib/timeout.h:34:
#20 11.15 /src/lwan/src/lib/list.h:396:9: warning: the argument to '__builtin_assume' has side effects that will be discarded [-Wassume]
#20 11.15         assert(!list_empty(h));
#20 11.15                ^~~~~~~~~~~~~~
#20 11.15 /src/lwan/src/lib/missing/assert.h:36:39: note: expanded from macro 'assert'
#20 11.15 #define assert(expr) __builtin_assume(expr)
#20 11.15                                       ^~~~
#20 11.15 1 warning generated.
#20 11.26 [23/49] /usr/local/bin/clang -D_FILE_OFFSET_BITS=64 -D_TIME_BITS=64 -I/src/lwan/src/lib/missing -I/src/lwan/src/lib -I/work/lwan -DFUZZING_BUILD_MODE_UNSAFE_FOR_PRODUCTION -pthread -Wl,--no-as-needed -Wl,-ldl -Wl,-lm -Wno-unused-command-line-argument -O3 -fsanitize-coverage=trace-pc-guard -fno-plt -no-pie -Wdouble-promotion -Wno-unused-parameter -Wvla -Wunsequenced -Wno-free-nonheap-object -Wall -Wextra -Wshadow -Wconversion -std=gnu99 -g   -include /work/lwan/lwan-build-config.h -fPIC -MD -MT src/lib/CMakeFiles/lwan-static.dir/lwan-status.c.o -MF src/lib/CMakeFiles/lwan-static.dir/lwan-status.c.o.d -o src/lib/CMakeFiles/lwan-static.dir/lwan-status.c.o -c /src/lwan/src/lib/lwan-status.c
#20 11.26 In file included from /src/lwan/src/lib/lwan-status.c:31:
#20 11.26 In file included from /src/lwan/src/lib/lwan-private.h:25:
#20 11.26 In file included from /src/lwan/src/lib/lwan.h:34:
#20 11.26 In file included from /src/lwan/src/lib/timeout.h:34:
#20 11.26 /src/lwan/src/lib/list.h:396:9: warning: the argument to '__builtin_assume' has side effects that will be discarded [-Wassume]
#20 11.26         assert(!list_empty(h));
#20 11.26                ^~~~~~~~~~~~~~
#20 11.26 /src/lwan/src/lib/missing/assert.h:36:39: note: expanded from macro 'assert'
#20 11.26 #define assert(expr) __builtin_assume(expr)
#20 11.26                                       ^~~~
#20 11.26 1 warning generated.
#20 11.31 [24/49] /usr/local/bin/clang -D_FILE_OFFSET_BITS=64 -D_TIME_BITS=64 -I/src/lwan/src/lib/missing -I/src/lwan/src/lib -I/work/lwan -DFUZZING_BUILD_MODE_UNSAFE_FOR_PRODUCTION -pthread -Wl,--no-as-needed -Wl,-ldl -Wl,-lm -Wno-unused-command-line-argument -O3 -fsanitize-coverage=trace-pc-guard -fno-plt -no-pie -Wdouble-promotion -Wno-unused-parameter -Wvla -Wunsequenced -Wno-free-nonheap-object -Wall -Wextra -Wshadow -Wconversion -std=gnu99 -g   -include /work/lwan/lwan-build-config.h -fPIC -MD -MT src/lib/CMakeFiles/lwan-static.dir/lwan-config.c.o -MF src/lib/CMakeFiles/lwan-static.dir/lwan-config.c.o.d -o src/lib/CMakeFiles/lwan-static.dir/lwan-config.c.o -c /src/lwan/src/lib/lwan-config.c
#20 11.31 In file included from /src/lwan/src/lib/lwan-config.c:35:
#20 11.31 In file included from /src/lwan/src/lib/lwan-private.h:25:
#20 11.31 In file included from /src/lwan/src/lib/lwan.h:34:
#20 11.31 In file included from /src/lwan/src/lib/timeout.h:34:
#20 11.31 /src/lwan/src/lib/list.h:396:9: warning: the argument to '__builtin_assume' has side effects that will be discarded [-Wassume]
#20 11.31         assert(!list_empty(h));
#20 11.31                ^~~~~~~~~~~~~~
#20 11.31 /src/lwan/src/lib/missing/assert.h:36:39: note: expanded from macro 'assert'
#20 11.31 #define assert(expr) __builtin_assume(expr)
#20 11.31                                       ^~~~
#20 11.31 1 warning generated.
#20 11.42 [25/49] /usr/local/bin/clang -D_FILE_OFFSET_BITS=64 -D_TIME_BITS=64 -I/src/lwan/src/lib/missing -I/src/lwan/src/lib -I/work/lwan -DFUZZING_BUILD_MODE_UNSAFE_FOR_PRODUCTION -pthread -Wl,--no-as-needed -Wl,-ldl -Wl,-lm -Wno-unused-command-line-argument -O3 -fsanitize-coverage=trace-pc-guard -fno-plt -no-pie -Wdouble-promotion -Wno-unused-parameter -Wvla -Wunsequenced -Wno-free-nonheap-object -Wall -Wextra -Wshadow -Wconversion -std=gnu99 -g   -include /work/lwan/lwan-build-config.h -fPIC -MD -MT src/lib/CMakeFiles/lwan-static.dir/lwan-socket.c.o -MF src/lib/CMakeFiles/lwan-static.dir/lwan-socket.c.o.d -o src/lib/CMakeFiles/lwan-static.dir/lwan-socket.c.o -c /src/lwan/src/lib/lwan-socket.c
#20 11.42 In file included from /src/lwan/src/lib/lwan-socket.c:35:
#20 11.42 In file included from /src/lwan/src/lib/lwan-private.h:25:
#20 11.42 In file included from /src/lwan/src/lib/lwan.h:34:
#20 11.42 In file included from /src/lwan/src/lib/timeout.h:34:
#20 11.42 /src/lwan/src/lib/list.h:396:9: warning: the argument to '__builtin_assume' has side effects that will be discarded [-Wassume]
#20 11.42         assert(!list_empty(h));
#20 11.42                ^~~~~~~~~~~~~~
#20 11.42 /src/lwan/src/lib/missing/assert.h:36:39: note: expanded from macro 'assert'
#20 11.42 #define assert(expr) __builtin_assume(expr)
#20 11.42                                       ^~~~
#20 11.42 1 warning generated.
#20 11.42 [26/49] /usr/local/bin/clang -D_FILE_OFFSET_BITS=64 -D_TIME_BITS=64 -I/src/lwan/src/lib/missing -I/src/lwan/src/lib -I/work/lwan -DFUZZING_BUILD_MODE_UNSAFE_FOR_PRODUCTION -pthread -Wl,--no-as-needed -Wl,-ldl -Wl,-lm -Wno-unused-command-line-argument -O3 -fsanitize-coverage=trace-pc-guard -fno-plt -no-pie -Wdouble-promotion -Wno-unused-parameter -Wvla -Wunsequenced -Wno-free-nonheap-object -Wall -Wextra -Wshadow -Wconversion -std=gnu99 -g   -include /work/lwan/lwan-build-config.h -fPIC -MD -MT src/lib/CMakeFiles/lwan-static.dir/lwan-straitjacket.c.o -MF src/lib/CMakeFiles/lwan-static.dir/lwan-straitjacket.c.o.d -o src/lib/CMakeFiles/lwan-static.dir/lwan-straitjacket.c.o -c /src/lwan/src/lib/lwan-straitjacket.c
#20 11.42 In file included from /src/lwan/src/lib/lwan-straitjacket.c:34:
#20 11.42 In file included from /src/lwan/src/lib/lwan-private.h:25:
#20 11.42 In file included from /src/lwan/src/lib/lwan.h:34:
#20 11.42 In file included from /src/lwan/src/lib/timeout.h:34:
#20 11.42 /src/lwan/src/lib/list.h:396:9: warning: the argument to '__builtin_assume' has side effects that will be discarded [-Wassume]
#20 11.42         assert(!list_empty(h));
#20 11.42                ^~~~~~~~~~~~~~
#20 11.42 /src/lwan/src/lib/missing/assert.h:36:39: note: expanded from macro 'assert'
#20 11.42 #define assert(expr) __builtin_assume(expr)
#20 11.42                                       ^~~~
#20 11.42 1 warning generated.
#20 11.47 [27/49] /usr/local/bin/clang -D_FILE_OFFSET_BITS=64 -D_TIME_BITS=64 -I/src/lwan/src/lib/missing -I/src/lwan/src/lib -I/work/lwan -DFUZZING_BUILD_MODE_UNSAFE_FOR_PRODUCTION -pthread -Wl,--no-as-needed -Wl,-ldl -Wl,-lm -Wno-unused-command-line-argument -O3 -fsanitize-coverage=trace-pc-guard -fno-plt -no-pie -Wdouble-promotion -Wno-unused-parameter -Wvla -Wunsequenced -Wno-free-nonheap-object -Wall -Wextra -Wshadow -Wconversion -std=gnu99 -g   -include /work/lwan/lwan-build-config.h -fPIC -MD -MT src/lib/CMakeFiles/lwan-static.dir/lwan-response.c.o -MF src/lib/CMakeFiles/lwan-static.dir/lwan-response.c.o.d -o src/lib/CMakeFiles/lwan-static.dir/lwan-response.c.o -c /src/lwan/src/lib/lwan-response.c
#20 11.48 [28/49] /usr/local/bin/clang -D_FILE_OFFSET_BITS=64 -D_TIME_BITS=64 -I/src/lwan/src/lib/missing -I/src/lwan/src/lib -I/work/lwan -DFUZZING_BUILD_MODE_UNSAFE_FOR_PRODUCTION -pthread -Wl,--no-as-needed -Wl,-ldl -Wl,-lm -Wno-unused-command-line-argument -O3 -fsanitize-coverage=trace-pc-guard -fno-plt -no-pie -Wdouble-promotion -Wno-unused-parameter -Wvla -Wunsequenced -Wno-free-nonheap-object -Wall -Wextra -Wshadow -Wconversion -std=gnu99 -g   -include /work/lwan/lwan-build-config.h -fPIC -MD -MT src/lib/CMakeFiles/lwan-static.dir/lwan-mod-serve-files.c.o -MF src/lib/CMakeFiles/lwan-static.dir/lwan-mod-serve-files.c.o.d -o src/lib/CMakeFiles/lwan-static.dir/lwan-mod-serve-files.c.o -c /src/lwan/src/lib/lwan-mod-serve-files.c
#20 11.48 In file included from /src/lwan/src/lib/lwan-mod-serve-files.c:32:
#20 11.48 In file included from /src/lwan/src/lib/lwan-private.h:25:
#20 11.48 In file included from /src/lwan/src/lib/lwan.h:34:
#20 11.48 In file included from /src/lwan/src/lib/timeout.h:34:
#20 11.48 /src/lwan/src/lib/list.h:396:9: warning: the argument to '__builtin_assume' has side effects that will be discarded [-Wassume]
#20 11.48         assert(!list_empty(h));
#20 11.48                ^~~~~~~~~~~~~~
#20 11.48 /src/lwan/src/lib/missing/assert.h:36:39: note: expanded from macro 'assert'
#20 11.48 #define assert(expr) __builtin_assume(expr)
#20 11.48                                       ^~~~
#20 11.48 /src/lwan/src/lib/lwan-mod-serve-files.c:532:52: warning: unused parameter 'priv' [-Wunused-parameter]
#20 11.48 static bool mmap_fd(const struct serve_files_priv *priv,
#20 11.48                                                    ^
#20 11.48 2 warnings generated.
#20 11.52 [29/49] /usr/local/bin/clang -D_FILE_OFFSET_BITS=64 -D_TIME_BITS=64 -I/src/lwan/src/lib/missing -I/src/lwan/src/lib -I/work/lwan -DFUZZING_BUILD_MODE_UNSAFE_FOR_PRODUCTION -pthread -Wl,--no-as-needed -Wl,-ldl -Wl,-lm -Wno-unused-command-line-argument -O3 -fsanitize-coverage=trace-pc-guard -fno-plt -no-pie -Wdouble-promotion -Wno-unused-parameter -Wvla -Wunsequenced -Wno-free-nonheap-object -Wall -Wextra -Wshadow -Wconversion -std=gnu99 -g   -include /work/lwan/lwan-build-config.h -fPIC -MD -MT src/lib/CMakeFiles/lwan-static.dir/lwan-mod-rewrite.c.o -MF src/lib/CMakeFiles/lwan-static.dir/lwan-mod-rewrite.c.o.d -o src/lib/CMakeFiles/lwan-static.dir/lwan-mod-rewrite.c.o -c /src/lwan/src/lib/lwan-mod-rewrite.c
#20 11.52 In file included from /src/lwan/src/lib/lwan-mod-rewrite.c:28:
#20 11.52 In file included from /src/lwan/src/lib/lwan-private.h:25:
#20 11.52 In file included from /src/lwan/src/lib/lwan.h:34:
#20 11.52 In file included from /src/lwan/src/lib/timeout.h:34:
#20 11.52 /src/lwan/src/lib/list.h:396:9: warning: the argument to '__builtin_assume' has side effects that will be discarded [-Wassume]
#20 11.52         assert(!list_empty(h));
#20 11.52                ^~~~~~~~~~~~~~
#20 11.52 /src/lwan/src/lib/missing/assert.h:36:39: note: expanded from macro 'assert'
#20 11.52 #define assert(expr) __builtin_assume(expr)
#20 11.52                                       ^~~~
#20 11.52 1 warning generated.
#20 11.58 [30/49] /usr/local/bin/clang -D_FILE_OFFSET_BITS=64 -D_TIME_BITS=64 -I/src/lwan/src/lib/missing -I/src/lwan/src/lib -I/work/lwan -DFUZZING_BUILD_MODE_UNSAFE_FOR_PRODUCTION -pthread -Wl,--no-as-needed -Wl,-ldl -Wl,-lm -Wno-unused-command-line-argument -O3 -fsanitize-coverage=trace-pc-guard -fno-plt -no-pie -Wdouble-promotion -Wno-unused-parameter -Wvla -Wunsequenced -Wno-free-nonheap-object -Wall -Wextra -Wshadow -Wconversion -std=gnu99 -g   -include /work/lwan/lwan-build-config.h -fPIC -MD -MT src/lib/CMakeFiles/lwan-static.dir/lwan-strbuf.c.o -MF src/lib/CMakeFiles/lwan-static.dir/lwan-strbuf.c.o.d -o src/lib/CMakeFiles/lwan-static.dir/lwan-strbuf.c.o -c /src/lwan/src/lib/lwan-strbuf.c
#20 11.58 In file included from /src/lwan/src/lib/lwan-strbuf.c:27:
#20 11.58 In file included from /src/lwan/src/lib/lwan-private.h:25:
#20 11.58 In file included from /src/lwan/src/lib/lwan.h:34:
#20 11.58 In file included from /src/lwan/src/lib/timeout.h:34:
#20 11.58 /src/lwan/src/lib/list.h:396:9: warning: the argument to '__builtin_assume' has side effects that will be discarded [-Wassume]
#20 11.58         assert(!list_empty(h));
#20 11.58                ^~~~~~~~~~~~~~
#20 11.58 /src/lwan/src/lib/missing/assert.h:36:39: note: expanded from macro 'assert'
#20 11.58 #define assert(expr) __builtin_assume(expr)
#20 11.58                                       ^~~~
#20 11.58 1 warning generated.
#20 11.60 [31/49] /usr/local/bin/clang -D_FILE_OFFSET_BITS=64 -D_TIME_BITS=64 -I/src/lwan/src/lib/missing -I/src/lwan/src/lib -I/work/lwan -DFUZZING_BUILD_MODE_UNSAFE_FOR_PRODUCTION -pthread -Wl,--no-as-needed -Wl,-ldl -Wl,-lm -Wno-unused-command-line-argument -O3 -fsanitize-coverage=trace-pc-guard -fno-plt -no-pie -Wdouble-promotion -Wno-unused-parameter -Wvla -Wunsequenced -Wno-free-nonheap-object -Wall -Wextra -Wshadow -Wconversion -std=gnu99 -g   -include /work/lwan/lwan-build-config.h -fPIC -MD -MT src/lib/CMakeFiles/lwan-static.dir/lwan-tables.c.o -MF src/lib/CMakeFiles/lwan-static.dir/lwan-tables.c.o.d -o src/lib/CMakeFiles/lwan-static.dir/lwan-tables.c.o -c /src/lwan/src/lib/lwan-tables.c
#20 11.63 [32/49] /usr/local/bin/clang -D_FILE_OFFSET_BITS=64 -D_TIME_BITS=64 -I/src/lwan/src/lib/missing -I/src/lwan/src/lib -I/work/lwan -DFUZZING_BUILD_MODE_UNSAFE_FOR_PRODUCTION -pthread -Wl,--no-as-needed -Wl,-ldl -Wl,-lm -Wno-unused-command-line-argument -O3 -fsanitize-coverage=trace-pc-guard -fno-plt -no-pie -Wdouble-promotion -Wno-unused-parameter -Wvla -Wunsequenced -Wno-free-nonheap-object -Wall -Wextra -Wshadow -Wconversion -std=gnu99 -g   -include /work/lwan/lwan-build-config.h -fPIC -MD -MT src/lib/CMakeFiles/lwan-static.dir/lwan.c.o -MF src/lib/CMakeFiles/lwan-static.dir/lwan.c.o.d -o src/lib/CMakeFiles/lwan-static.dir/lwan.c.o -c /src/lwan/src/lib/lwan.c
#20 11.63 /src/lwan/src/lib/lwan.c:886:34: warning: unused parameter 'l' [-Wunused-parameter]
#20 11.63 void lwan_main_loop(struct lwan *l)
#20 11.63                                  ^
#20 11.63 1 warning generated.
#20 11.66 [33/49] /usr/local/bin/clang -D_FILE_OFFSET_BITS=64 -D_TIME_BITS=64 -I/src/lwan/src/lib/missing -I/src/lwan/src/lib -I/work/lwan -DFUZZING_BUILD_MODE_UNSAFE_FOR_PRODUCTION -pthread -Wl,--no-as-needed -Wl,-ldl -Wl,-lm -Wno-unused-command-line-argument -O3 -fsanitize-coverage=trace-pc-guard -fno-plt -no-pie -Wdouble-promotion -Wno-unused-parameter -Wvla -Wunsequenced -Wno-free-nonheap-object -Wall -Wextra -Wshadow -Wconversion -std=gnu99 -g   -include /work/lwan/lwan-build-config.h -fPIC -MD -MT src/lib/CMakeFiles/lwan-static.dir/lwan-time.c.o -MF src/lib/CMakeFiles/lwan-static.dir/lwan-time.c.o.d -o src/lib/CMakeFiles/lwan-static.dir/lwan-time.c.o -c /src/lwan/src/lib/lwan-time.c
#20 11.66 In file included from /src/lwan/src/lib/lwan-time.c:26:
#20 11.66 In file included from /src/lwan/src/lib/lwan-private.h:25:
#20 11.66 In file included from /src/lwan/src/lib/lwan.h:34:
#20 11.66 In file included from /src/lwan/src/lib/timeout.h:34:
#20 11.66 /src/lwan/src/lib/list.h:396:9: warning: the argument to '__builtin_assume' has side effects that will be discarded [-Wassume]
#20 11.66         assert(!list_empty(h));
#20 11.66                ^~~~~~~~~~~~~~
#20 11.66 /src/lwan/src/lib/missing/assert.h:36:39: note: expanded from macro 'assert'
#20 11.66 #define assert(expr) __builtin_assume(expr)
#20 11.66                                       ^~~~
#20 11.66 1 warning generated.
#20 11.74 [34/49] /usr/local/bin/clang -D_FILE_OFFSET_BITS=64 -D_TIME_BITS=64 -I/src/lwan/src/lib/missing -I/src/lwan/src/lib -I/work/lwan -DFUZZING_BUILD_MODE_UNSAFE_FOR_PRODUCTION -pthread -Wl,--no-as-needed -Wl,-ldl -Wl,-lm -Wno-unused-command-line-argument -O3 -fsanitize-coverage=trace-pc-guard -fno-plt -no-pie -Wdouble-promotion -Wno-unused-parameter -Wvla -Wunsequenced -Wno-free-nonheap-object -Wall -Wextra -Wshadow -Wconversion -std=gnu99 -g   -include /work/lwan/lwan-build-config.h -fPIC -MD -MT src/lib/CMakeFiles/lwan-static.dir/lwan-tq.c.o -MF src/lib/CMakeFiles/lwan-static.dir/lwan-tq.c.o.d -o src/lib/CMakeFiles/lwan-static.dir/lwan-tq.c.o -c /src/lwan/src/lib/lwan-tq.c
#20 11.74 In file included from /src/lwan/src/lib/lwan-tq.c:23:
#20 11.74 In file included from /src/lwan/src/lib/lwan-private.h:25:
#20 11.74 In file included from /src/lwan/src/lib/lwan.h:34:
#20 11.74 In file included from /src/lwan/src/lib/timeout.h:34:
#20 11.74 /src/lwan/src/lib/list.h:396:9: warning: the argument to '__builtin_assume' has side effects that will be discarded [-Wassume]
#20 11.74         assert(!list_empty(h));
#20 11.74                ^~~~~~~~~~~~~~
#20 11.74 /src/lwan/src/lib/missing/assert.h:36:39: note: expanded from macro 'assert'
#20 11.74 #define assert(expr) __builtin_assume(expr)
#20 11.74                                       ^~~~
#20 11.74 1 warning generated.
#20 11.80 [35/49] /usr/local/bin/clang -D_FILE_OFFSET_BITS=64 -D_TIME_BITS=64 -I/src/lwan/src/lib/missing -I/src/lwan/src/lib -I/work/lwan -DFUZZING_BUILD_MODE_UNSAFE_FOR_PRODUCTION -pthread -Wl,--no-as-needed -Wl,-ldl -Wl,-lm -Wno-unused-command-line-argument -O3 -fsanitize-coverage=trace-pc-guard -fno-plt -no-pie -Wdouble-promotion -Wno-unused-parameter -Wvla -Wunsequenced -Wno-free-nonheap-object -Wall -Wextra -Wshadow -Wconversion -std=gnu99 -g   -include /work/lwan/lwan-build-config.h -fPIC -MD -MT src/lib/CMakeFiles/lwan-static.dir/missing-pthread.c.o -MF src/lib/CMakeFiles/lwan-static.dir/missing-pthread.c.o.d -o src/lib/CMakeFiles/lwan-static.dir/missing-pthread.c.o -c /src/lwan/src/lib/missing-pthread.c
#20 11.80 In file included from /src/lwan/src/lib/missing-pthread.c:29:
#20 11.80 In file included from /src/lwan/src/lib/lwan-private.h:25:
#20 11.80 In file included from /src/lwan/src/lib/lwan.h:34:
#20 11.80 In file included from /src/lwan/src/lib/timeout.h:34:
#20 11.80 /src/lwan/src/lib/list.h:396:9: warning: the argument to '__builtin_assume' has side effects that will be discarded [-Wassume]
#20 11.80         assert(!list_empty(h));
#20 11.80                ^~~~~~~~~~~~~~
#20 11.80 /src/lwan/src/lib/missing/assert.h:36:39: note: expanded from macro 'assert'
#20 11.80 #define assert(expr) __builtin_assume(expr)
#20 11.80                                       ^~~~
#20 11.80 1 warning generated.
#20 11.85 [36/49] /usr/local/bin/clang -D_FILE_OFFSET_BITS=64 -D_TIME_BITS=64 -I/src/lwan/src/lib/missing -I/src/lwan/src/lib -I/work/lwan -DFUZZING_BUILD_MODE_UNSAFE_FOR_PRODUCTION -pthread -Wl,--no-as-needed -Wl,-ldl -Wl,-lm -Wno-unused-command-line-argument -O3 -fsanitize-coverage=trace-pc-guard -fno-plt -no-pie -Wdouble-promotion -Wno-unused-parameter -Wvla -Wunsequenced -Wno-free-nonheap-object -Wall -Wextra -Wshadow -Wconversion -std=gnu99 -g   -include /work/lwan/lwan-build-config.h -fPIC -MD -MT src/lib/CMakeFiles/lwan-static.dir/missing.c.o -MF src/lib/CMakeFiles/lwan-static.dir/missing.c.o.d -o src/lib/CMakeFiles/lwan-static.dir/missing.c.o -c /src/lwan/src/lib/missing.c
#20 11.85 In file included from /src/lwan/src/lib/missing.c:35:
#20 11.85 In file included from /src/lwan/src/lib/lwan.h:34:
#20 11.85 In file included from /src/lwan/src/lib/timeout.h:34:
#20 11.85 /src/lwan/src/lib/list.h:396:9: warning: the argument to '__builtin_assume' has side effects that will be discarded [-Wassume]
#20 11.85         assert(!list_empty(h));
#20 11.85                ^~~~~~~~~~~~~~
#20 11.85 /src/lwan/src/lib/missing/assert.h:36:39: note: expanded from macro 'assert'
#20 11.85 #define assert(expr) __builtin_assume(expr)
#20 11.85                                       ^~~~
#20 11.85 1 warning generated.
#20 11.85 [37/49] /usr/local/bin/clang -D_FILE_OFFSET_BITS=64 -D_TIME_BITS=64 -I/src/lwan/src/lib/missing -I/src/lwan/src/lib -I/work/lwan -DFUZZING_BUILD_MODE_UNSAFE_FOR_PRODUCTION -pthread -Wl,--no-as-needed -Wl,-ldl -Wl,-lm -Wno-unused-command-line-argument -O3 -fsanitize-coverage=trace-pc-guard -fno-plt -no-pie -Wdouble-promotion -Wno-unused-parameter -Wvla -Wunsequenced -Wno-free-nonheap-object -Wall -Wextra -Wshadow -Wconversion -std=gnu99 -g   -include /work/lwan/lwan-build-config.h -fPIC -MD -MT src/lib/CMakeFiles/lwan-static.dir/lwan-trie.c.o -MF src/lib/CMakeFiles/lwan-static.dir/lwan-trie.c.o.d -o src/lib/CMakeFiles/lwan-static.dir/lwan-trie.c.o -c /src/lwan/src/lib/lwan-trie.c
#20 11.85 In file included from /src/lwan/src/lib/lwan-trie.c:24:
#20 11.85 In file included from /src/lwan/src/lib/lwan-private.h:25:
#20 11.85 In file included from /src/lwan/src/lib/lwan.h:34:
#20 11.85 In file included from /src/lwan/src/lib/timeout.h:34:
#20 11.85 /src/lwan/src/lib/list.h:396:9: warning: the argument to '__builtin_assume' has side effects that will be discarded [-Wassume]
#20 11.85         assert(!list_empty(h));
#20 11.85                ^~~~~~~~~~~~~~
#20 11.85 /src/lwan/src/lib/missing/assert.h:36:39: note: expanded from macro 'assert'
#20 11.85 #define assert(expr) __builtin_assume(expr)
#20 11.85                                       ^~~~
#20 11.85 1 warning generated.
#20 11.89 [38/49] /usr/local/bin/clang -D_FILE_OFFSET_BITS=64 -D_TIME_BITS=64 -I/src/lwan/src/lib/missing -I/src/lwan/src/lib -I/work/lwan -DFUZZING_BUILD_MODE_UNSAFE_FOR_PRODUCTION -pthread -Wl,--no-as-needed -Wl,-ldl -Wl,-lm -Wno-unused-command-line-argument -O3 -fsanitize-coverage=trace-pc-guard -fno-plt -no-pie -Wdouble-promotion -Wno-unused-parameter -Wvla -Wunsequenced -Wno-free-nonheap-object -Wall -Wextra -Wshadow -Wconversion -std=gnu99 -g   -include /work/lwan/lwan-build-config.h -fPIC -MD -MT src/lib/CMakeFiles/lwan-static.dir/lwan-pubsub.c.o -MF src/lib/CMakeFiles/lwan-static.dir/lwan-pubsub.c.o.d -o src/lib/CMakeFiles/lwan-static.dir/lwan-pubsub.c.o -c /src/lwan/src/lib/lwan-pubsub.c
#20 11.89 In file included from /src/lwan/src/lib/lwan-pubsub.c:26:
#20 11.89 /src/lwan/src/lib/list.h:396:9: warning: the argument to '__builtin_assume' has side effects that will be discarded [-Wassume]
#20 11.89         assert(!list_empty(h));
#20 11.89                ^~~~~~~~~~~~~~
#20 11.89 /src/lwan/src/lib/missing/assert.h:36:39: note: expanded from macro 'assert'
#20 11.89 #define assert(expr) __builtin_assume(expr)
#20 11.89                                       ^~~~
#20 11.89 1 warning generated.
#20 11.91 [39/49] /usr/local/bin/clang -D_FILE_OFFSET_BITS=64 -D_TIME_BITS=64 -I/src/lwan/src/lib/missing -I/src/lwan/src/lib -I/work/lwan -DFUZZING_BUILD_MODE_UNSAFE_FOR_PRODUCTION -pthread -Wl,--no-as-needed -Wl,-ldl -Wl,-lm -Wno-unused-command-line-argument -O3 -fsanitize-coverage=trace-pc-guard -fno-plt -no-pie -Wdouble-promotion -Wno-unused-parameter -Wvla -Wunsequenced -Wno-free-nonheap-object -Wall -Wextra -Wshadow -Wconversion -std=gnu99 -g   -include /work/lwan/lwan-build-config.h -fPIC -MD -MT src/lib/CMakeFiles/lwan-static.dir/lwan-websocket.c.o -MF src/lib/CMakeFiles/lwan-static.dir/lwan-websocket.c.o.d -o src/lib/CMakeFiles/lwan-static.dir/lwan-websocket.c.o -c /src/lwan/src/lib/lwan-websocket.c
#20 11.91 [40/49] /usr/local/bin/clang -D_FILE_OFFSET_BITS=64 -D_TIME_BITS=64 -I/src/lwan/src/lib/missing -I/src/lwan/src/lib -I/work/lwan -DFUZZING_BUILD_MODE_UNSAFE_FOR_PRODUCTION -pthread -Wl,--no-as-needed -Wl,-ldl -Wl,-lm -Wno-unused-command-line-argument -O3 -fsanitize-coverage=trace-pc-guard -fno-plt -no-pie -Wdouble-promotion -Wno-unused-parameter -Wvla -Wunsequenced -Wno-free-nonheap-object -Wall -Wextra -Wshadow -Wconversion -std=gnu99 -g   -include /work/lwan/lwan-build-config.h -fPIC -MD -MT src/lib/CMakeFiles/lwan-static.dir/murmur3.c.o -MF src/lib/CMakeFiles/lwan-static.dir/murmur3.c.o.d -o src/lib/CMakeFiles/lwan-static.dir/murmur3.c.o -c /src/lwan/src/lib/murmur3.c
#20 12.07 [41/49] /usr/local/bin/clang -D_FILE_OFFSET_BITS=64 -D_TIME_BITS=64 -I/src/lwan/src/lib/missing -I/src/lwan/src/lib -I/work/lwan -DFUZZING_BUILD_MODE_UNSAFE_FOR_PRODUCTION -pthread -Wl,--no-as-needed -Wl,-ldl -Wl,-lm -Wno-unused-command-line-argument -O3 -fsanitize-coverage=trace-pc-guard -fno-plt -no-pie -Wdouble-promotion -Wno-unused-parameter -Wvla -Wunsequenced -Wno-free-nonheap-object -Wall -Wextra -Wshadow -Wconversion -std=gnu99 -g   -include /work/lwan/lwan-build-config.h -fPIC -MD -MT src/lib/CMakeFiles/lwan-static.dir/realpathat.c.o -MF src/lib/CMakeFiles/lwan-static.dir/realpathat.c.o.d -o src/lib/CMakeFiles/lwan-static.dir/realpathat.c.o -c /src/lwan/src/lib/realpathat.c
#20 12.11 [42/49] /usr/local/bin/clang -D_FILE_OFFSET_BITS=64 -D_TIME_BITS=64 -I/src/lwan/src/lib/missing -I/src/lwan/src/lib -I/work/lwan -DFUZZING_BUILD_MODE_UNSAFE_FOR_PRODUCTION -pthread -Wl,--no-as-needed -Wl,-ldl -Wl,-lm -Wno-unused-command-line-argument -O3 -fsanitize-coverage=trace-pc-guard -fno-plt -no-pie -Wdouble-promotion -Wno-unused-parameter -Wvla -Wunsequenced -Wno-free-nonheap-object -Wall -Wextra -Wshadow -Wconversion -std=gnu99 -g   -include /work/lwan/lwan-build-config.h -fPIC -MD -MT src/lib/CMakeFiles/lwan-static.dir/sd-daemon.c.o -MF src/lib/CMakeFiles/lwan-static.dir/sd-daemon.c.o.d -o src/lib/CMakeFiles/lwan-static.dir/sd-daemon.c.o -c /src/lwan/src/lib/sd-daemon.c
#20 12.14 [43/49] /usr/local/bin/clang -D_FILE_OFFSET_BITS=64 -D_TIME_BITS=64 -I/src/lwan/src/lib/missing -I/src/lwan/src/lib -I/work/lwan -DFUZZING_BUILD_MODE_UNSAFE_FOR_PRODUCTION -pthread -Wl,--no-as-needed -Wl,-ldl -Wl,-lm -Wno-unused-command-line-argument -O3 -fsanitize-coverage=trace-pc-guard -fno-plt -no-pie -Wdouble-promotion -Wno-unused-parameter -Wvla -Wunsequenced -Wno-free-nonheap-object -Wall -Wextra -Wshadow -Wconversion -std=gnu99 -g   -include /work/lwan/lwan-build-config.h -fPIC -MD -MT src/lib/CMakeFiles/lwan-static.dir/sha1.c.o -MF src/lib/CMakeFiles/lwan-static.dir/sha1.c.o.d -o src/lib/CMakeFiles/lwan-static.dir/sha1.c.o -c /src/lwan/src/lib/sha1.c
#20 12.19 [44/49] /usr/local/bin/clang -D_FILE_OFFSET_BITS=64 -D_TIME_BITS=64 -I/src/lwan/src/lib/missing -I/src/lwan/src/lib -I/work/lwan -DFUZZING_BUILD_MODE_UNSAFE_FOR_PRODUCTION -pthread -Wl,--no-as-needed -Wl,-ldl -Wl,-lm -Wno-unused-command-line-argument -O3 -fsanitize-coverage=trace-pc-guard -fno-plt -no-pie -Wdouble-promotion -Wno-unused-parameter -Wvla -Wunsequenced -Wno-free-nonheap-object -Wall -Wextra -Wshadow -Wconversion -std=gnu99 -g   -include /work/lwan/lwan-build-config.h -fPIC -MD -MT src/lib/CMakeFiles/lwan-static.dir/lwan-thread.c.o -MF src/lib/CMakeFiles/lwan-static.dir/lwan-thread.c.o.d -o src/lib/CMakeFiles/lwan-static.dir/lwan-thread.c.o -c /src/lwan/src/lib/lwan-thread.c
#20 12.19 [45/49] /usr/local/bin/clang -D_FILE_OFFSET_BITS=64 -D_TIME_BITS=64 -I/src/lwan/src/lib/missing -I/src/lwan/src/lib -I/work/lwan -DFUZZING_BUILD_MODE_UNSAFE_FOR_PRODUCTION -pthread -Wl,--no-as-needed -Wl,-ldl -Wl,-lm -Wno-unused-command-line-argument -O3 -fsanitize-coverage=trace-pc-guard -fno-plt -no-pie -Wdouble-promotion -Wno-unused-parameter -Wvla -Wunsequenced -Wno-free-nonheap-object -Wall -Wextra -Wshadow -Wconversion -std=gnu99 -g   -include /work/lwan/lwan-build-config.h -fPIC -MD -MT src/lib/CMakeFiles/lwan-static.dir/timeout.c.o -MF src/lib/CMakeFiles/lwan-static.dir/timeout.c.o.d -o src/lib/CMakeFiles/lwan-static.dir/timeout.c.o -c /src/lwan/src/lib/timeout.c
#20 12.19 /src/lwan/src/lib/timeout.c:124:30: warning: higher order bits are zeroes after implicit conversion [-Wimplicit-int-conversion]
#20 12.19     return (v << n) | (v >> (-n & (WHEEL_T_BITS - 1)));
#20 12.19                              ^~ ~
#20 12.19 /src/lwan/src/lib/timeout.c:130:30: warning: higher order bits are zeroes after implicit conversion [-Wimplicit-int-conversion]
#20 12.19     return (v >> n) | (v << (-n & (WHEEL_T_BITS - 1)));
#20 12.19                              ^~ ~
#20 12.19 2 warnings generated.
#20 12.23 [46/49] /usr/local/bin/clang -D_FILE_OFFSET_BITS=64 -D_TIME_BITS=64 -I/src/lwan/src/lib/missing -I/src/lwan/src/lib -I/work/lwan -DFUZZING_BUILD_MODE_UNSAFE_FOR_PRODUCTION -pthread -Wl,--no-as-needed -Wl,-ldl -Wl,-lm -Wno-unused-command-line-argument -O3 -fsanitize-coverage=trace-pc-guard -fno-plt -no-pie -Wdouble-promotion -Wno-unused-parameter -Wvla -Wunsequenced -Wno-free-nonheap-object -Wall -Wextra -Wshadow -Wconversion -std=gnu99 -g   -include /work/lwan/lwan-build-config.h -fPIC -MD -MT src/lib/CMakeFiles/lwan-static.dir/lwan-request.c.o -MF src/lib/CMakeFiles/lwan-static.dir/lwan-request.c.o.d -o src/lib/CMakeFiles/lwan-static.dir/lwan-request.c.o -c /src/lwan/src/lib/lwan-request.c
#20 12.23 /src/lwan/src/lib/lwan-request.c:799:28: warning: implicit conversion changes signedness: 'ssize_t' (aka 'long') to 'unsigned long' [-Wsign-conversion]
#20 12.23         buffer_copy.len -= r;
#20 12.23                         ~~ ^
#20 12.23 1 warning generated.
#20 12.34 [47/49] /usr/local/bin/clang -D_FILE_OFFSET_BITS=64 -D_TIME_BITS=64 -I/src/lwan/src/lib/missing -I/src/lwan/src/lib -I/work/lwan -DFUZZING_BUILD_MODE_UNSAFE_FOR_PRODUCTION -pthread -Wl,--no-as-needed -Wl,-ldl -Wl,-lm -Wno-unused-command-line-argument -O3 -fsanitize-coverage=trace-pc-guard -fno-plt -no-pie -Wdouble-promotion -Wno-unused-parameter -Wvla -Wunsequenced -Wno-free-nonheap-object -Wall -Wextra -Wshadow -Wconversion -std=gnu99 -g   -include /work/lwan/lwan-build-config.h -fPIC -MD -MT src/lib/CMakeFiles/lwan-static.dir/patterns.c.o -MF src/lib/CMakeFiles/lwan-static.dir/patterns.c.o.d -o src/lib/CMakeFiles/lwan-static.dir/patterns.c.o -c /src/lwan/src/lib/patterns.c
#20 12.34 In file included from /src/lwan/src/lib/patterns.c:41:
#20 12.34 In file included from /src/lwan/src/lib/lwan.h:34:
#20 12.34 In file included from /src/lwan/src/lib/timeout.h:34:
#20 12.34 /src/lwan/src/lib/list.h:396:9: warning: the argument to '__builtin_assume' has side effects that will be discarded [-Wassume]
#20 12.34         assert(!list_empty(h));
#20 12.34                ^~~~~~~~~~~~~~
#20 12.34 /src/lwan/src/lib/missing/assert.h:36:39: note: expanded from macro 'assert'
#20 12.34 #define assert(expr) __builtin_assume(expr)
#20 12.34                                       ^~~~
#20 12.34 1 warning generated.
#20 12.49 [48/49] /usr/local/bin/clang -D_FILE_OFFSET_BITS=64 -D_TIME_BITS=64 -I/src/lwan/src/lib/missing -I/src/lwan/src/lib -I/work/lwan -DFUZZING_BUILD_MODE_UNSAFE_FOR_PRODUCTION -pthread -Wl,--no-as-needed -Wl,-ldl -Wl,-lm -Wno-unused-command-line-argument -O3 -fsanitize-coverage=trace-pc-guard -fno-plt -no-pie -Wdouble-promotion -Wno-unused-parameter -Wvla -Wunsequenced -Wno-free-nonheap-object -Wall -Wextra -Wshadow -Wconversion -std=gnu99 -g   -include /work/lwan/lwan-build-config.h -fPIC -MD -MT src/lib/CMakeFiles/lwan-static.dir/lwan-template.c.o -MF src/lib/CMakeFiles/lwan-static.dir/lwan-template.c.o.d -o src/lib/CMakeFiles/lwan-static.dir/lwan-template.c.o -c /src/lwan/src/lib/lwan-template.c
#20 12.49 In file included from /src/lwan/src/lib/lwan-template.c:42:
#20 12.49 In file included from /src/lwan/src/lib/lwan-private.h:25:
#20 12.49 In file included from /src/lwan/src/lib/lwan.h:34:
#20 12.49 In file included from /src/lwan/src/lib/timeout.h:34:
#20 12.49 /src/lwan/src/lib/list.h:396:9: warning: the argument to '__builtin_assume' has side effects that will be discarded [-Wassume]
#20 12.49         assert(!list_empty(h));
#20 12.49                ^~~~~~~~~~~~~~
#20 12.49 /src/lwan/src/lib/missing/assert.h:36:39: note: expanded from macro 'assert'
#20 12.49 #define assert(expr) __builtin_assume(expr)
#20 12.49                                       ^~~~
#20 12.49 1 warning generated.
#20 12.50 [49/49] : && /usr/local/bin/cmake -E rm -f src/lib/liblwan.a && /usr/local/bin/llvm-ar qc src/lib/liblwan.a  src/lib/CMakeFiles/lwan-static.dir/base64.c.o src/lib/CMakeFiles/lwan-static.dir/hash.c.o src/lib/CMakeFiles/lwan-static.dir/int-to-str.c.o src/lib/CMakeFiles/lwan-static.dir/list.c.o src/lib/CMakeFiles/lwan-static.dir/lwan-array.c.o src/lib/CMakeFiles/lwan-static.dir/lwan.c.o src/lib/CMakeFiles/lwan-static.dir/lwan-cache.c.o src/lib/CMakeFiles/lwan-static.dir/lwan-config.c.o src/lib/CMakeFiles/lwan-static.dir/lwan-coro.c.o src/lib/CMakeFiles/lwan-static.dir/lwan-http-authorize.c.o src/lib/CMakeFiles/lwan-static.dir/lwan-io-wrappers.c.o src/lib/CMakeFiles/lwan-static.dir/lwan-job.c.o src/lib/CMakeFiles/lwan-static.dir/lwan-mod-redirect.c.o src/lib/CMakeFiles/lwan-static.dir/lwan-mod-response.c.o src/lib/CMakeFiles/lwan-static.dir/lwan-mod-rewrite.c.o src/lib/CMakeFiles/lwan-static.dir/lwan-mod-serve-files.c.o src/lib/CMakeFiles/lwan-static.dir/lwan-readahead.c.o src/lib/CMakeFiles/lwan-static.dir/lwan-request.c.o src/lib/CMakeFiles/lwan-static.dir/lwan-response.c.o src/lib/CMakeFiles/lwan-static.dir/lwan-socket.c.o src/lib/CMakeFiles/lwan-static.dir/lwan-status.c.o src/lib/CMakeFiles/lwan-static.dir/lwan-straitjacket.c.o src/lib/CMakeFiles/lwan-static.dir/lwan-strbuf.c.o src/lib/CMakeFiles/lwan-static.dir/lwan-tables.c.o src/lib/CMakeFiles/lwan-static.dir/lwan-template.c.o src/lib/CMakeFiles/lwan-static.dir/lwan-thread.c.o src/lib/CMakeFiles/lwan-static.dir/lwan-time.c.o src/lib/CMakeFiles/lwan-static.dir/lwan-tq.c.o src/lib/CMakeFiles/lwan-static.dir/lwan-trie.c.o src/lib/CMakeFiles/lwan-static.dir/lwan-websocket.c.o src/lib/CMakeFiles/lwan-static.dir/lwan-pubsub.c.o src/lib/CMakeFiles/lwan-static.dir/missing.c.o src/lib/CMakeFiles/lwan-static.dir/missing-pthread.c.o src/lib/CMakeFiles/lwan-static.dir/murmur3.c.o src/lib/CMakeFiles/lwan-static.dir/patterns.c.o src/lib/CMakeFiles/lwan-static.dir/realpathat.c.o src/lib/CMakeFiles/lwan-static.dir/sd-daemon.c.o src/lib/CMakeFiles/lwan-static.dir/sha1.c.o src/lib/CMakeFiles/lwan-static.dir/timeout.c.o && /usr/local/bin/llvm-ranlib src/lib/liblwan.a && :
#20 12.50 + cp /src/lwan/fuzz/request_fuzzer.dict /out/
#20 12.50 + for fuzzer in $SRC/lwan/src/bin/fuzz/*_fuzzer.cc
#20 12.50 ++ basename /src/lwan/src/bin/fuzz/config_fuzzer.cc .cc
#20 12.51 + executable=config_fuzzer
#20 12.51 ++ basename /src/lwan/src/bin/fuzz/config_fuzzer.cc _fuzzer.cc
#20 12.51 + corpus_base=config
#20 12.51 + zip -jr /out/config_fuzzer_seed_corpus.zip /src/lwan/fuzz/corpus/corpus-config-234910329
#20 12.51   adding: corpus-config-234910329 (deflated 59%)
#20 12.51 + clang++ -DFUZZING_BUILD_MODE_UNSAFE_FOR_PRODUCTION -pthread -Wl,--no-as-needed -Wl,-ldl -Wl,-lm -Wno-unused-command-line-argument -stdlib=libc++ -O3 -fsanitize-coverage=trace-pc-guard -std=c++11 -Wl,-whole-archive /work/lwan/src/lib/liblwan.a -Wl,-no-whole-archive -I/src/lwan/src/lib /src/lwan/src/bin/fuzz/config_fuzzer.cc /libAFL.a -lpthread -lz -o /out/config_fuzzer
#20 12.89 + for fuzzer in $SRC/lwan/src/bin/fuzz/*_fuzzer.cc
#20 12.89 ++ basename /src/lwan/src/bin/fuzz/pattern_fuzzer.cc .cc
#20 12.89 + executable=pattern_fuzzer
#20 12.89 ++ basename /src/lwan/src/bin/fuzz/pattern_fuzzer.cc _fuzzer.cc
#20 12.89 + corpus_base=pattern
#20 12.89 + zip -jr /out/pattern_fuzzer_seed_corpus.zip /src/lwan/fuzz/corpus/corpus-pattern-1 /src/lwan/fuzz/corpus/corpus-pattern-2 /src/lwan/fuzz/corpus/corpus-pattern-3 /src/lwan/fuzz/corpus/corpus-pattern-4
#20 12.90   adding: corpus-pattern-1 (stored 0%)
#20 12.90   adding: corpus-pattern-2 (stored 0%)
#20 12.90   adding: corpus-pattern-3 (stored 0%)
#20 12.90   adding: corpus-pattern-4 (stored 0%)
#20 12.90 + clang++ -DFUZZING_BUILD_MODE_UNSAFE_FOR_PRODUCTION -pthread -Wl,--no-as-needed -Wl,-ldl -Wl,-lm -Wno-unused-command-line-argument -stdlib=libc++ -O3 -fsanitize-coverage=trace-pc-guard -std=c++11 -Wl,-whole-archive /work/lwan/src/lib/liblwan.a -Wl,-no-whole-archive -I/src/lwan/src/lib /src/lwan/src/bin/fuzz/pattern_fuzzer.cc /libAFL.a -lpthread -lz -o /out/pattern_fuzzer
#20 13.27 + for fuzzer in $SRC/lwan/src/bin/fuzz/*_fuzzer.cc
#20 13.27 ++ basename /src/lwan/src/bin/fuzz/request_fuzzer.cc .cc
#20 13.27 + executable=request_fuzzer
#20 13.27 ++ basename /src/lwan/src/bin/fuzz/request_fuzzer.cc _fuzzer.cc
#20 13.27 + corpus_base=request
#20 13.27 + zip -jr /out/request_fuzzer_seed_corpus.zip /src/lwan/fuzz/corpus/corpus-request-1012502954 /src/lwan/fuzz/corpus/corpus-request-1025202362 /src/lwan/fuzz/corpus/corpus-request-1036140795 /src/lwan/fuzz/corpus/corpus-request-1067854538 /src/lwan/fuzz/corpus/corpus-request-1102520059 /src/lwan/fuzz/corpus/corpus-request-1117142618 /src/lwan/fuzz/corpus/corpus-request-1129566413 /src/lwan/fuzz/corpus/corpus-request-1139901474 /src/lwan/fuzz/corpus/corpus-request-116087764 /src/lwan/fuzz/corpus/corpus-request-1186452551 /src/lwan/fuzz/corpus/corpus-request-1231192379 /src/lwan/fuzz/corpus/corpus-request-1239036029 /src/lwan/fuzz/corpus/corpus-request-1244316437 /src/lwan/fuzz/corpus/corpus-request-1264095060 /src/lwan/fuzz/corpus/corpus-request-1285228804 /src/lwan/fuzz/corpus/corpus-request-1335354340 /src/lwan/fuzz/corpus/corpus-request-1350573793 /src/lwan/fuzz/corpus/corpus-request-1365180540 /src/lwan/fuzz/corpus/corpus-request-1374344043 /src/lwan/fuzz/corpus/corpus-request-1376710097 /src/lwan/fuzz/corpus/corpus-request-137806862 /src/lwan/fuzz/corpus/corpus-request-1398295499 /src/lwan/fuzz/corpus/corpus-request-1409959708 /src/lwan/fuzz/corpus/corpus-request-1424268980 /src/lwan/fuzz/corpus/corpus-request-1433925857 /src/lwan/fuzz/corpus/corpus-request-1450573622 /src/lwan/fuzz/corpus/corpus-request-1476153275 /src/lwan/fuzz/corpus/corpus-request-1494613810 /src/lwan/fuzz/corpus/corpus-request-1504569917 /src/lwan/fuzz/corpus/corpus-request-1548233367 /src/lwan/fuzz/corpus/corpus-request-159259470 /src/lwan/fuzz/corpus/corpus-request-1600028624 /src/lwan/fuzz/corpus/corpus-request-1605894428 /src/lwan/fuzz/corpus/corpus-request-1605908235 /src/lwan/fuzz/corpus/corpus-request-1626276121 /src/lwan/fuzz/corpus/corpus-request-1631518149 /src/lwan/fuzz/corpus/corpus-request-1649760492 /src/lwan/fuzz/corpus/corpus-request-1714636915 /src/lwan/fuzz/corpus/corpus-request-1726956429 /src/lwan/fuzz/corpus/corpus-request-1749698586 /src/lwan/fuzz/corpus/corpus-request-1780695788 /src/lwan/fuzz/corpus/corpus-request-1827336327 /src/lwan/fuzz/corpus/corpus-request-184803526 /src/lwan/fuzz/corpus/corpus-request-187309218 /src/lwan/fuzz/corpus/corpus-request-1884661237 /src/lwan/fuzz/corpus/corpus-request-1889947178 /src/lwan/fuzz/corpus/corpus-request-1909002904 /src/lwan/fuzz/corpus/corpus-request-1911165193 /src/lwan/fuzz/corpus/corpus-request-1939964443 /src/lwan/fuzz/corpus/corpus-request-1957747793 /src/lwan/fuzz/corpus/corpus-request-1973594324 /src/lwan/fuzz/corpus/corpus-request-1975960378 /src/lwan/fuzz/corpus/corpus-request-2114738097 /src/lwan/fuzz/corpus/corpus-request-2130794395 /src/lwan/fuzz/corpus/corpus-request-213975407 /src/lwan/fuzz/corpus/corpus-request-269455306 /src/lwan/fuzz/corpus/corpus-request-321123 /src/lwan/fuzz/corpus/corpus-request-3298283 /src/lwan/fuzz/corpus/corpus-request-338888228 /src/lwan/fuzz/corpus/corpus-request-356426808 /src/lwan/fuzz/corpus/corpus-request-364228444 /src/lwan/fuzz/corpus/corpus-request-387346491 /src/lwan/fuzz/corpus/corpus-request-412776091 /src/lwan/fuzz/corpus/corpus-request-42999170 /src/lwan/fuzz/corpus/corpus-request-439493451 /src/lwan/fuzz/corpus/corpus-request-511702305 /src/lwan/fuzz/corpus/corpus-request-515530019 /src/lwan/fuzz/corpus/corpus-request-524872353 /src/lwan/fuzz/corpus/corpus-request-532670688 /src/lwan/fuzz/corpus/corpus-request-593209441 /src/lwan/fuzz/corpus/corpus-request-603570492 /src/lwan/fuzz/corpus/corpus-request-631704567 /src/lwan/fuzz/corpus/corpus-request-653468858 /src/lwan/fuzz/corpus/corpus-request-654887343 /src/lwan/fuzz/corpus/corpus-request-709393584 /src/lwan/fuzz/corpus/corpus-request-745425661 /src/lwan/fuzz/corpus/corpus-request-752392754 /src/lwan/fuzz/corpus/corpus-request-76065818 /src/lwan/fuzz/corpus/corpus-request-771151432 /src/lwan/fuzz/corpus/corpus-request-805750846 /src/lwan/fuzz/corpus/corpus-request-846930886 /src/lwan/fuzz/corpus/corpus-request-8936987 /src/lwan/fuzz/corpus/corpus-request-933110197 /src/lwan/fuzz/corpus/corpus-request-943947739 /src/lwan/fuzz/corpus/corpus-request-945117276 /src/lwan/fuzz/corpus/corpus-request-959997301 /src/lwan/fuzz/corpus/corpus-request-968338082 /src/lwan/fuzz/corpus/corpus-request-971899228
#20 13.27   adding: corpus-request-1012502954 (deflated 12%)
#20 13.27   adding: corpus-request-1025202362 (deflated 13%)
#20 13.27   adding: corpus-request-1036140795 (deflated 14%)
#20 13.27   adding: corpus-request-1067854538 (deflated 20%)
#20 13.27   adding: corpus-request-1102520059 (deflated 12%)
#20 13.27   adding: corpus-request-1117142618 (deflated 12%)
#20 13.27   adding: corpus-request-1129566413 (deflated 12%)
#20 13.27   adding: corpus-request-1139901474 (deflated 24%)
#20 13.27   adding: corpus-request-116087764 (stored 0%)
#20 13.27   adding: corpus-request-1186452551 (deflated 24%)
#20 13.27   adding: corpus-request-1231192379 (deflated 12%)
#20 13.27   adding: corpus-request-1239036029 (deflated 24%)
#20 13.27   adding: corpus-request-1244316437 (deflated 24%)
#20 13.27   adding: corpus-request-1264095060 (deflated 13%)
#20 13.28   adding: corpus-request-1285228804 (deflated 13%)
#20 13.28   adding: corpus-request-1335354340 (deflated 12%)
#20 13.28   adding: corpus-request-1350573793 (deflated 24%)
#20 13.28   adding: corpus-request-1365180540 (deflated 11%)
#20 13.28   adding: corpus-request-1374344043 (deflated 12%)
#20 13.28   adding: corpus-request-1376710097 (deflated 14%)
#20 13.28   adding: corpus-request-137806862 (deflated 12%)
#20 13.28   adding: corpus-request-1398295499 (stored 0%)
#20 13.28   adding: corpus-request-1409959708 (deflated 13%)
#20 13.28   adding: corpus-request-1424268980 (deflated 12%)
#20 13.28   adding: corpus-request-1433925857 (deflated 12%)
#20 13.28   adding: corpus-request-1450573622 (deflated 13%)
#20 13.28   adding: corpus-request-1476153275 (deflated 24%)
#20 13.28   adding: corpus-request-1494613810 (deflated 14%)
#20 13.28   adding: corpus-request-1504569917 (deflated 15%)
#20 13.28   adding: corpus-request-1548233367 (deflated 11%)
#20 13.28   adding: corpus-request-159259470 (stored 0%)
#20 13.28   adding: corpus-request-1600028624 (deflated 13%)
#20 13.28   adding: corpus-request-1605894428 (deflated 24%)
#20 13.28   adding: corpus-request-1605908235 (deflated 24%)
#20 13.28   adding: corpus-request-1626276121 (deflated 24%)
#20 13.28   adding: corpus-request-1631518149 (deflated 12%)
#20 13.28   adding: corpus-request-1649760492 (deflated 11%)
#20 13.28   adding: corpus-request-1714636915 (deflated 12%)
#20 13.28   adding: corpus-request-1726956429 (deflated 12%)
#20 13.28   adding: corpus-request-1749698586 (deflated 13%)
#20 13.28   adding: corpus-request-1780695788 (deflated 13%)
#20 13.28   adding: corpus-request-1827336327 (deflated 24%)
#20 13.28   adding: corpus-request-184803526 (deflated 12%)
#20 13.28   adding: corpus-request-187309218 (deflated 30%)
#20 13.28   adding: corpus-request-1884661237 (deflated 24%)
#20 13.28   adding: corpus-request-1889947178 (deflated 13%)
#20 13.28   adding: corpus-request-1909002904 (deflated 20%)
#20 13.28   adding: corpus-request-1911165193 (stored 0%)
#20 13.28   adding: corpus-request-1939964443 (deflated 19%)
#20 13.28   adding: corpus-request-1957747793 (deflated 13%)
#20 13.28   adding: corpus-request-1973594324 (deflated 12%)
#20 13.28   adding: corpus-request-1975960378 (deflated 13%)
#20 13.28   adding: corpus-request-2114738097 (deflated 11%)
#20 13.28   adding: corpus-request-2130794395 (deflated 24%)
#20 13.28   adding: corpus-request-213975407 (deflated 24%)
#20 13.28   adding: corpus-request-269455306 (deflated 15%)
#20 13.28   adding: corpus-request-321123 (deflated 18%)
#20 13.28   adding: corpus-request-3298283 (deflated 9%)
#20 13.28   adding: corpus-request-338888228 (stored 0%)
#20 13.28   adding: corpus-request-356426808 (deflated 12%)
#20 13.28   adding: corpus-request-364228444 (deflated 17%)
#20 13.28   adding: corpus-request-387346491 (stored 0%)
#20 13.28   adding: corpus-request-412776091 (deflated 13%)
#20 13.28   adding: corpus-request-42999170 (deflated 12%)
#20 13.28   adding: corpus-request-439493451 (deflated 12%)
#20 13.28   adding: corpus-request-511702305 (deflated 13%)
#20 13.28   adding: corpus-request-515530019 (deflated 13%)
#20 13.28   adding: corpus-request-524872353 (deflated 13%)
#20 13.28   adding: corpus-request-532670688 (deflated 19%)
#20 13.28   adding: corpus-request-593209441 (deflated 12%)
#20 13.28   adding: corpus-request-603570492 (deflated 16%)
#20 13.28   adding: corpus-request-631704567 (deflated 18%)
#20 13.28   adding: corpus-request-653468858 (deflated 24%)
#20 13.28   adding: corpus-request-654887343 (deflated 14%)
#20 13.28   adding: corpus-request-709393584 (deflated 11%)
#20 13.28   adding: corpus-request-745425661 (deflated 11%)
#20 13.28   adding: corpus-request-752392754 (deflated 15%)
#20 13.28   adding: corpus-request-76065818 (deflated 24%)
#20 13.28   adding: corpus-request-771151432 (deflated 24%)
#20 13.28   adding: corpus-request-805750846 (deflated 11%)
#20 13.28   adding: corpus-request-846930886 (deflated 12%)
#20 13.28   adding: corpus-request-8936987 (stored 0%)
#20 13.28   adding: corpus-request-933110197 (deflated 13%)
#20 13.28   adding: corpus-request-943947739 (deflated 13%)
#20 13.28   adding: corpus-request-945117276 (deflated 13%)
#20 13.28   adding: corpus-request-959997301 (deflated 16%)
#20 13.28   adding: corpus-request-968338082 (deflated 12%)
#20 13.28   adding: corpus-request-971899228 (deflated 24%)
#20 13.28 + clang++ -DFUZZING_BUILD_MODE_UNSAFE_FOR_PRODUCTION -pthread -Wl,--no-as-needed -Wl,-ldl -Wl,-lm -Wno-unused-command-line-argument -stdlib=libc++ -O3 -fsanitize-coverage=trace-pc-guard -std=c++11 -Wl,-whole-archive /work/lwan/src/lib/liblwan.a -Wl,-no-whole-archive -I/src/lwan/src/lib /src/lwan/src/bin/fuzz/request_fuzzer.cc /libAFL.a -lpthread -lz -o /out/request_fuzzer
#20 13.64 + for fuzzer in $SRC/lwan/src/bin/fuzz/*_fuzzer.cc
#20 13.65 ++ basename /src/lwan/src/bin/fuzz/template_fuzzer.cc .cc
#20 13.65 + executable=template_fuzzer
#20 13.65 ++ basename /src/lwan/src/bin/fuzz/template_fuzzer.cc _fuzzer.cc
#20 13.65 + corpus_base=template
#20 13.65 + zip -jr /out/template_fuzzer_seed_corpus.zip /src/lwan/fuzz/corpus/corpus-template-1
#20 13.65   adding: corpus-template-1 (deflated 63%)
#20 13.65 + clang++ -DFUZZING_BUILD_MODE_UNSAFE_FOR_PRODUCTION -pthread -Wl,--no-as-needed -Wl,-ldl -Wl,-lm -Wno-unused-command-line-argument -stdlib=libc++ -O3 -fsanitize-coverage=trace-pc-guard -std=c++11 -Wl,-whole-archive /work/lwan/src/lib/liblwan.a -Wl,-no-whole-archive -I/src/lwan/src/lib /src/lwan/src/bin/fuzz/template_fuzzer.cc /libAFL.a -lpthread -lz -o /out/template_fuzzer
#20 14.03 [post_build] Copying afl-fuzz to $OUT directory
#20 DONE 14.8s

#21 exporting to image
#21 sha256:e8c613e07b0b7ff33893b694f7759a10d42e180f2b4dc349fb57dc6b71dcab00
#21 exporting layers done
#21 writing image sha256:e39464c242a5a893b2d7335c7f0bb0f94e9414a19a14f3f9e3497055c4786686 done
#21 naming to gcr.io/fuzzbench/builders/afl/lwan_lwan 0.0s done
#21 DONE 0.4s

#22 exporting cache
#22 sha256:2700d4ef94dee473593c5c614b55b2dedcca7893909811a8f2b48291a1f581e4
#22 preparing build cache for export done
#22 DONE 0.0s
------
 > importing cache manifest from gcr.io/fuzzbench/builders/afl/lwan_lwan:
------
#1 [internal] load build definition from runner.Dockerfile
#1 sha256:ab95994a13715b1b9898ac8ba22b4c57b16c74d34222c4738a61d3bc29157760
#1 transferring dockerfile: 656B done
#1 DONE 0.1s

#2 [internal] load .dockerignore
#2 sha256:33319d9d0a826fd3f7446a4e879f18c02e660e4af4f94b47c312de1a18f9d65b
#2 transferring context: 2B done
#2 DONE 0.1s

#3 [internal] load metadata for gcr.io/fuzzbench/base-image:latest
#3 sha256:932022888f650cc455b10eb5123bb08c0cccacac29a693e69314abbfd28a72c3
#3 DONE 0.0s

#4 [1/1] FROM gcr.io/fuzzbench/base-image
#4 sha256:4d07825694520f8b6f6a0d8592dbd345433361ae044cb7f06706c5a95e3daaad
#4 DONE 0.0s

#5 importing cache manifest from gcr.io/fuzzbench/runners/afl/lwan_lwan-intermediate
#5 sha256:22f03a297b5879f6bad3537d4c50cb2fd40066a0cc7a2b539f98d4f92998a42d
#5 ERROR: gcr.io/fuzzbench/runners/afl/lwan_lwan-intermediate:latest: not found

#4 [1/1] FROM gcr.io/fuzzbench/base-image
#4 sha256:4d07825694520f8b6f6a0d8592dbd345433361ae044cb7f06706c5a95e3daaad
#4 CACHED

#6 exporting to image
#6 sha256:e8c613e07b0b7ff33893b694f7759a10d42e180f2b4dc349fb57dc6b71dcab00
#6 exporting layers done
#6 writing image sha256:0be13cc299ea0e54ec5de825181e3bed3eb180c53e5a326522f59bc9b5a62000 done
#6 naming to gcr.io/fuzzbench/runners/afl/lwan_lwan-intermediate done
#6 DONE 0.1s

#7 exporting cache
#7 sha256:2700d4ef94dee473593c5c614b55b2dedcca7893909811a8f2b48291a1f581e4
#7 preparing build cache for export done
#7 DONE 0.0s
------
 > importing cache manifest from gcr.io/fuzzbench/runners/afl/lwan_lwan-intermediate:
------
#1 [internal] load build definition from Dockerfile
#1 sha256:804e92d1477e099713ade98f3b9aa17ad52a3104c9c3932f6e6e9619d7b59ee1
#1 transferring dockerfile: 3.17kB done
#1 DONE 0.3s

#2 [internal] load .dockerignore
#2 sha256:5510f135c7e012b5f680358d5fd37a7857510dcadaea90dc32b52e670e4f0744
#2 transferring context: 34B done
#2 DONE 0.4s

#4 [internal] load metadata for gcr.io/fuzzbench/builders/afl/lwan_lwan:latest
#4 sha256:884a4fc6d3aed02903afba176e7869fcdd41a0be13312688779e7bd8622f1173
#4 DONE 0.0s

#3 [internal] load metadata for gcr.io/fuzzbench/runners/afl/lwan_lwan-intermediate:latest
#3 sha256:0ab898f115c5e50c08587896087cff3614cbc971735eca8f4c7f7425bdd5fb15
#3 DONE 0.0s

#12 [internal] load build context
#12 sha256:7cdfe714d526694e17b4e81d614f8733f471d0cfa2c55db490566b41640254ab
#12 DONE 0.0s

#6 [stage-1  1/13] FROM gcr.io/fuzzbench/runners/afl/lwan_lwan-intermediate
#6 sha256:11f9da0fbc60441afff87476a4609b34ea51940c93d058eb651d4809d787eec5
#6 DONE 0.0s

#10 [builder 1/1] FROM gcr.io/fuzzbench/builders/afl/lwan_lwan
#10 sha256:12628b26ee9aaf8074766bf24e83a72d24d7d5f4cd9db620d226aef765aaf526
#10 DONE 0.0s

#5 importing cache manifest from gcr.io/fuzzbench/runners/afl/lwan_lwan
#5 sha256:ea73d2bd3b0b5a7b1145daab1363d86f84a4b2d8529da18f17d6a9ed01de0e4a
#5 ERROR: gcr.io/fuzzbench/runners/afl/lwan_lwan:latest: not found

#12 [internal] load build context
#12 sha256:7cdfe714d526694e17b4e81d614f8733f471d0cfa2c55db490566b41640254ab
#12 transferring context: 19.01MB 0.6s done
#12 DONE 0.8s

#10 [builder 1/1] FROM gcr.io/fuzzbench/builders/afl/lwan_lwan
#10 sha256:12628b26ee9aaf8074766bf24e83a72d24d7d5f4cd9db620d226aef765aaf526
#10 DONE 2.0s

#9 [stage-1  4/13] WORKDIR /out
#9 sha256:e667f959874bc792f0febf8caf756adc9e66fd7ae9cf03cea2474133cdbf5306
#9 CACHED

#7 [stage-1  2/13] RUN apt-get update -y && apt-get install -y     libglib2.0-0     libxml2     libarchive13     libgss3
#7 sha256:b9a0ba899a0d2331dc6c61ba910ed1c8f7b5d055f77ceaddefe81c069e313c67
#7 CACHED

#8 [stage-1  3/13] RUN mkdir -p /out
#8 sha256:3fd50946eb36c30ed83e263ffa602b648ae758f938ca9f608671ac8dfac267d6
#8 CACHED

#11 [stage-1  5/13] COPY --from=builder /out/ ./
#11 sha256:675cf16f11ac5130b926db429230c7c6b82250b806329619f13410a83aca37f8
#11 CACHED

#13 [stage-1  6/13] COPY benchmarks /src/benchmarks
#13 sha256:d5f3675470e8d9f72f90683365415d0bd36c9361ee3cc8d10ff00e1cd9f5c736
#13 DONE 1.3s

#14 [stage-1  7/13] COPY fuzzers /src/fuzzers
#14 sha256:82c4703a55598be5812e7e2e80713abc81aea9207ed5698caca91b546fcf1e38
#14 DONE 0.2s

#15 [stage-1  8/13] RUN touch __init__.py
#15 sha256:ae4f90f68b6345c84b2a6e46a1f74570284e590b9bc0ff2174eeff507575afa9
#15 DONE 0.6s

#16 [stage-1  9/13] RUN mkdir -p /out/seeds /out/corpus
#16 sha256:5c1ce4037a6021a3301e870aba7c245c17a313bb8c6c2c10cd9b89a8d65c9fae
#16 DONE 0.8s

#17 [stage-1 10/13] COPY common /src/common
#17 sha256:053396e9e5dc3d5c7fcab02a468aa7d847c01a766e810663ae4592c3a4e583c5
#17 DONE 0.4s

#18 [stage-1 11/13] COPY experiment/runner.py /src/experiment/runner.py
#18 sha256:5e53769b2a9eb0e395c210510237590f368622bbf669cab40aa80a63b86d4a4c
#18 DONE 0.3s

#19 [stage-1 12/13] COPY docker/benchmark-runner /src/docker/benchmark-runner
#19 sha256:8872f7d27638635d2cffe7ec3596f52146293b48d11e5cd00e5de8daa7d6f7c7
#19 DONE 0.2s

#20 [stage-1 13/13] RUN chmod +x /src/docker/benchmark-runner/startup-runner.sh
#20 sha256:40129ca475d396bd03dedea7854eebb6798d91c49dc152ab788726690cc164d9
#20 DONE 0.6s

#21 exporting to image
#21 sha256:e8c613e07b0b7ff33893b694f7759a10d42e180f2b4dc349fb57dc6b71dcab00
#21 exporting layers done
#21 writing image sha256:f3a235753b22b5faf406d7b3b93fdbf9168f64cf48b30593c1914dbb4a7bb24c
#21 writing image sha256:f3a235753b22b5faf406d7b3b93fdbf9168f64cf48b30593c1914dbb4a7bb24c done
#21 naming to gcr.io/fuzzbench/runners/afl/lwan_lwan 0.0s done
#21 DONE 0.2s

#22 exporting cache
#22 sha256:2700d4ef94dee473593c5c614b55b2dedcca7893909811a8f2b48291a1f581e4
#22 preparing build cache for export done
#22 DONE 0.0s
------
 > importing cache manifest from gcr.io/fuzzbench/runners/afl/lwan_lwan:
------
INFO:root:Doing trial as part of experiment.
INFO:root:Starting trial.
ERROR:root:Fuzz target binary not found.
INFO:root:Doing final sync.
ERROR:root:Call to <function get_stats at 0x7f9fc4d8cee0> failed. Extras: {'traceback': 'Traceback (most recent call last):\n  File "/src/experiment/runner.py", line 374, in record_stats\n    stats_json_str = fuzzer_module_get_stats(output_corpus,\n  File "/src/fuzzers/afl/fuzzer.py", line 51, in get_stats\n    with open(stats_file) as file_handle:\nFileNotFoundError: [Errno 2] No such file or directory: \'/out/corpus/fuzzer_stats\'\n'}
/bin/sh: 1: source: not found
#2 [internal] load .dockerignore
#2 sha256:ba74ea69fa9848bc3e836532d65b270b542dee8de5e9de36f3dd92c056422cc0
#2 transferring context: 2B done
#2 ...

#1 [internal] load build definition from Dockerfile
#1 sha256:bb4ab24b38e758f1a38076497085ac90ea946d1ebb3133f58a7b0fbebf8cc55b
#1 transferring dockerfile: 32B done
#1 DONE 1.1s

#2 [internal] load .dockerignore
#2 sha256:ba74ea69fa9848bc3e836532d65b270b542dee8de5e9de36f3dd92c056422cc0
#2 DONE 1.5s

#3 [internal] load metadata for gcr.io/oss-fuzz-base/base-builder:latest
#3 sha256:f10dc39cc9d418a5bc416dead31a1902b6821fdae909cd3b08f7a3fd1faba7b5
#3 DONE 0.6s

#5 [1/6] FROM gcr.io/oss-fuzz-base/base-builder@sha256:112044a9815d235113677d459cf2ece740a51f2b85081c8f66943dcdc72ddf7f
#5 sha256:4aee4bf9f7280ac8b7f02b8d29e6e084dd034d2c294b4e3e05d8ce7048a1450f
#5 DONE 0.0s

#4 importing cache manifest from gcr.io/fuzzbench/builders/benchmark/lwan_lwan
#4 sha256:c9039c755abc84f97422785f5ad0863afccbb18af45b01b290a2a88c820d0931
#4 DONE 0.0s

#10 [internal] load build context
#10 sha256:42f469a9da0b06044dfc2fd55aecf09aec4bd554b926d85802068dcb7a78d5d1
#10 transferring context: 30B done
#10 DONE 0.8s

#6 [2/6] RUN apt-get update
#6 sha256:0cd80fe396dd52c284721de0d47bfcef9687ed3f0277e07193287c084c4259c8
#6 CACHED

#7 [3/6] RUN apt-get install -y build-essential cmake git ninja-build zlib1g-dev
#7 sha256:1550c2edbecc526fa6bb7c4c67bbb221e4561fc3fec74f422ffe788844c423b1
#7 CACHED

#8 [4/6] RUN git clone --depth 1 git://github.com/lpereira/lwan
#8 sha256:4780fc79fd3865f446ebd1ea9bf04dc59adcc98d408542bf3048949df43a71f3
#8 CACHED

#9 [5/6] WORKDIR lwan
#9 sha256:de7862d7fe543be2192bd428672e805e37c496d9668c32d1ca1ca2557847778d
#9 CACHED

#11 [6/6] COPY build.sh /src/
#11 sha256:24aa2dc2c2bf168b91725123f64d2bd489bac43affa1030dedf3036343dae9eb
#11 CACHED

#12 exporting to image
#12 sha256:e8c613e07b0b7ff33893b694f7759a10d42e180f2b4dc349fb57dc6b71dcab00
#12 exporting layers done
#12 writing image sha256:d2f6b8aafd8e8717e55a4c8bfc878d6ef3cb8311eeae334bf1a9afed12a2bd0b
#12 writing image sha256:d2f6b8aafd8e8717e55a4c8bfc878d6ef3cb8311eeae334bf1a9afed12a2bd0b 0.1s done
#12 naming to gcr.io/fuzzbench/builders/benchmark/lwan_lwan done
#12 DONE 3.2s

#13 exporting cache
#13 sha256:2700d4ef94dee473593c5c614b55b2dedcca7893909811a8f2b48291a1f581e4
#13 preparing build cache for export done
#13 DONE 0.0s
#2 [internal] load .dockerignore
#2 sha256:239ea36ab234ed170fbd292a61dd837344326cbf4e5bf026ff03bbe7efd75bcd
#2 ...

#1 [internal] load build definition from builder.Dockerfile
#1 sha256:1a836faefc9ac129612233625dfdc74ded1a6064e6003b71c2ee80b3d3a27771
#1 transferring dockerfile: 1.35kB done
#1 DONE 0.4s

#2 [internal] load .dockerignore
#2 sha256:239ea36ab234ed170fbd292a61dd837344326cbf4e5bf026ff03bbe7efd75bcd
#2 transferring context: 2B done
#2 DONE 0.4s

#3 [internal] load metadata for gcr.io/fuzzbench/builders/benchmark/lwan_lwan:latest
#3 sha256:e135cb06006f20c1cbf26a025ce5e4f38ee60dd46b62d0f462b62f0582001a5d
#3 DONE 0.0s

#5 [1/3] FROM gcr.io/fuzzbench/builders/benchmark/lwan_lwan
#5 sha256:a3cb8566e4dd0ae019c7b1e1321704e8fff1b203a5a44adf2a1b9faed2ac45fe
#5 DONE 0.0s

#4 importing cache manifest from gcr.io/fuzzbench/builders/afl/lwan_lwan-intermediate
#4 sha256:f6515b19d23f4f011198317ef9f5018efaf20bd52bc34ec4cf27a5aaea0832d5
#4 DONE 0.0s

#6 [2/3] RUN git clone https://github.com/google/AFL.git /afl &&     cd /afl &&     git checkout 61037103ae3722c8060ff7082994836a794f978e &&     AFL_NO_X86=1 make
#6 sha256:68fcbfafb5ed58558ebefe872b0d3b8e0b385fdf2d79836ebd0b112b314f8342
#6 CACHED

#7 [3/3] RUN apt-get update &&     apt-get install wget -y &&     wget https://raw.githubusercontent.com/llvm/llvm-project/5feb80e748924606531ba28c97fe65145c65372e/compiler-rt/lib/fuzzer/afl/afl_driver.cpp -O /afl/afl_driver.cpp &&     clang -Wno-pointer-sign -c /afl/llvm_mode/afl-llvm-rt.o.c -I/afl &&     clang++ -stdlib=libc++ -std=c++11 -O2 -c /afl/afl_driver.cpp &&     ar r /libAFL.a *.o
#7 sha256:64eb123ba97d9e7ddaf7afa0959d7ab00718baf1e93d803230a8bc507fbb5fa1
#7 CACHED

#8 exporting to image
#8 sha256:e8c613e07b0b7ff33893b694f7759a10d42e180f2b4dc349fb57dc6b71dcab00
#8 exporting layers done
#8 writing image sha256:6c698152ccabd96588081dd89b3ba2e46ca5c7fe587e2c24a2f44c221df7b3aa
#8 writing image sha256:6c698152ccabd96588081dd89b3ba2e46ca5c7fe587e2c24a2f44c221df7b3aa done
#8 naming to gcr.io/fuzzbench/builders/afl/lwan_lwan-intermediate done
#8 DONE 0.3s

#9 exporting cache
#9 sha256:2700d4ef94dee473593c5c614b55b2dedcca7893909811a8f2b48291a1f581e4
#9 preparing build cache for export done
#9 DONE 0.0s
#1 [internal] load build definition from Dockerfile
#1 sha256:72e35e6166bd715b69da667e1eb281737162f0a0c83a7d42202b39f61b573ccb
#1 transferring dockerfile: 2.00kB done
#1 DONE 0.3s

#2 [internal] load .dockerignore
#2 sha256:4c07a1617524bead0264cd327f1db4b4faaf226459e5dda0e817c706c8207c90
#2 transferring context: 34B done
#2 DONE 0.4s

#3 [internal] load metadata for docker.io/library/ubuntu:xenial
#3 sha256:f62bae18ed588840f045c881b2502661f2a89578a2f8f99b83f5200ee83dd25b
#3 DONE 0.0s

#4 importing cache manifest from gcr.io/fuzzbench/base-image
#4 sha256:9b220ebb4d4daceed1b96df9b6dca076e762f1cd612574f010b82d5b9e5ad896
#4 DONE 0.0s

#5 [1/7] FROM docker.io/library/ubuntu:xenial
#5 sha256:14dd403f25ae9e519bd44f27dc17af7ce80f5a4f9f48ca88108364e67ec5d360
#5 DONE 0.0s

#8 [internal] load build context
#8 sha256:0e8363d12f035b1f23031f516478935ba9610773d7e36334f8910a32afcf62e2
#8 transferring context: 559B 0.2s done
#8 DONE 0.3s

#6 [2/7] RUN apt-get update -y && apt-get install -y     build-essential     rsync     curl     zlib1g-dev     libncurses5-dev     libgdbm-dev     libnss3-dev     libssl-dev     libreadline-dev     libffi-dev     virtualenv     libbz2-dev     liblzma-dev     libsqlite3-dev
#6 sha256:3a1b0960f17eed529eaae93dc8fd3554f2743dd584d8fa569cdbe6bc734371ac
#6 CACHED

#7 [3/7] RUN cd /tmp/ &&     curl -O https://www.python.org/ftp/python/3.8.6/Python-3.8.6.tar.xz &&     tar -xvf Python-3.8.6.tar.xz &&     cd Python-3.8.6 &&     ./configure --enable-loadable-sqlite-extensions --enable-optimizations &&     make -j install &&     rm -r /tmp/Python-3.8.6.tar.xz /tmp/Python-3.8.6
#7 sha256:c5b9d1fb3371e84dbc60b76e7b2f8d5913bc93bcd4910ab65daa03e7b2ec4bb0
#7 CACHED

#9 [4/7] COPY ./requirements.txt /
#9 sha256:5e3d27826cedb037f1a9c748e127ff626523832a96e514f046438793f108d04b
#9 CACHED

#10 [5/7] RUN pip3 install -r /requirements.txt
#10 sha256:512c4010254655f5f2358e39b445e3f72e1296dd5b9c45d600382e8cbda081ed
#10 CACHED

#11 [6/7] RUN apt-get update -y && apt-get install -y     apt-transport-https     lsb-release
#11 sha256:9d39336237c8beb0dab137c566d9f3fb620a9ab5f829a5d5072e0abfede10eee
#11 CACHED

#12 [7/7] RUN CLOUD_SDK_REPO="cloud-sdk-$(lsb_release -c -s)" &&     echo "deb https://packages.cloud.google.com/apt $CLOUD_SDK_REPO main"     | tee -a /etc/apt/sources.list.d/google-cloud-sdk.list &&     curl https://packages.cloud.google.com/apt/doc/apt-key.gpg     | apt-key add - &&     apt-get update -y &&     apt-get install -y google-cloud-sdk
#12 sha256:c2a9c57213c72094534951fb681138684210f7811693146c40208c5da7c004d2
#12 CACHED

#13 exporting to image
#13 sha256:e8c613e07b0b7ff33893b694f7759a10d42e180f2b4dc349fb57dc6b71dcab00
#13 exporting layers done
#13 writing image sha256:e1fa3f275ef7ad2553590e7204281a5a2ad685bd7462476fda6757b0aea51a9c
#13 writing image sha256:e1fa3f275ef7ad2553590e7204281a5a2ad685bd7462476fda6757b0aea51a9c 0.0s done
#13 naming to gcr.io/fuzzbench/base-image done
#13 DONE 0.2s

#14 exporting cache
#14 sha256:2700d4ef94dee473593c5c614b55b2dedcca7893909811a8f2b48291a1f581e4
#14 preparing build cache for export done
#14 DONE 0.0s
#1 [internal] load build definition from Dockerfile
#1 sha256:23e9fc253e585f904b1acd3148322468c3a8441b86cfd68a427796230b3d85b7
#1 transferring dockerfile: 2.22kB done
#1 DONE 0.1s

#2 [internal] load .dockerignore
#2 sha256:209a033183e0358fb569cb599ca48810fa1f96ee15077f9f6aab78bbd0bda835
#2 transferring context: 34B done
#2 DONE 0.1s

#3 [internal] load metadata for gcr.io/fuzzbench/base-image:latest
#3 sha256:932022888f650cc455b10eb5123bb08c0cccacac29a693e69314abbfd28a72c3
#3 DONE 0.0s

#4 [internal] load metadata for gcr.io/fuzzbench/builders/afl/lwan_lwan-intermediate:latest
#4 sha256:7bf9f173c5e9bffaae80f357ae405e7d130af476d99952737c85bd62c9bd209a
#4 DONE 0.0s

#7 [base-image 1/1] FROM gcr.io/fuzzbench/base-image
#7 sha256:4d07825694520f8b6f6a0d8592dbd345433361ae044cb7f06706c5a95e3daaad
#7 DONE 0.0s

#6 [stage-1  1/13] FROM gcr.io/fuzzbench/builders/afl/lwan_lwan-intermediate
#6 sha256:9e6a4c6021db6d53d07ebf621c5d8c6460cabae3c467c2e31dcbb36662f5fd25
#6 DONE 0.0s

#5 importing cache manifest from gcr.io/fuzzbench/builders/afl/lwan_lwan
#5 sha256:bc0584f7e808d980663e4dabe1c94d5dcdbb6a2461bcbb9d082e318f04883e75
#5 DONE 0.0s

#12 [internal] load build context
#12 sha256:b700f0094f7852f4a206c0bd6a81c7c3e79a281f2d2af12246f22101d4a0bd63
#12 transferring context: 669.85kB 0.1s done
#12 DONE 0.2s

#10 [stage-1  4/13] COPY --from=base-image /usr/local/include/python3.8 /usr/local/include/python3.8
#10 sha256:ccd5ae1ada005ccf4d536ae50c4f08c61e345e97a6ec7156d0900609cfd5f762
#10 CACHED

#19 [stage-1 12/13] RUN echo "#!/bin/bash\nPYTHONPATH=/src python3 -u -c "from fuzzers import utils; utils.initialize_env(); from fuzzers.afl import fuzzer; fuzzer.build()"" > /usr/bin/fuzzer_build &&     chmod +x /usr/bin/fuzzer_build
#19 sha256:5a4f7b4e924f7a28c5c0f90f2bd99ad16ae5cae76f65333a73510a0e5b0b28ca
#19 CACHED

#8 [stage-1  2/13] COPY --from=base-image /usr/local/bin/python3* /usr/local/bin/
#8 sha256:5829fe543ce2fe24b988b8878269345db22082f4401d67fc75d1ebecf44c8288
#8 CACHED

#18 [stage-1 11/13] RUN export CHECKOUT_COMMIT=$(cat /benchmark.yaml | tr -d ' ' | grep 'commit:' | cut -d ':' -f2) &&     python3 -u /opt/fuzzbench/checkout_commit.py $CHECKOUT_COMMIT /src
#18 sha256:cf78b3ef7f23469983bf030335b30999c2b8f2bb826900b940bbfbbac720d202
#18 CACHED

#15 [stage-1  8/13] COPY benchmarks/lwan_lwan/benchmark.yaml /
#15 sha256:a7a2392bae4a85015c5391caa5792efdf3086de9b4826a4c15ef19630aeb2683
#15 CACHED

#17 [stage-1 10/13] COPY docker/benchmark-builder/checkout_commit.py /opt/fuzzbench/
#17 sha256:ac3df20de996c44733e6cfb66a9708fa8660d59b733891af053654a5576fb3c1
#17 CACHED

#9 [stage-1  3/13] COPY --from=base-image /usr/local/lib/python3.8 /usr/local/lib/python3.8
#9 sha256:9476c5e3ed3e38164cbefbd9d6dbbb16963e94fa8b50e6b7919ee7ad2e03ceab
#9 CACHED

#16 [stage-1  9/13] RUN mkdir /opt/fuzzbench/
#16 sha256:b1344a5d27dbb478621f659d15aec130c004aef15c1976b0f493d0dca4e0f599
#16 CACHED

#11 [stage-1  5/13] COPY --from=base-image /usr/local/lib/python3.8/site-packages /usr/local/lib/python3.8/site-packages
#11 sha256:e576a684be5a198e26e991f7bd811514d8f932ae178bc5ee642aef8c6414f4af
#11 CACHED

#14 [stage-1  7/13] RUN touch /src/__init__.py
#14 sha256:fb39e5f615c26932aab8e3bf9472a79ea76dad5bb999feb68c6e01ecfd6e860e
#14 CACHED

#13 [stage-1  6/13] COPY fuzzers /src/fuzzers
#13 sha256:2217d6404df3643ba65ded39f1e9b69ec7d276e0c3c2931c197f4dda26bc22ae
#13 CACHED

#20 [stage-1 13/13] RUN echo "Run fuzzer_build to build the target" && if [ -z "$debug_builder" ] ; then fuzzer_build; fi
#20 sha256:3e6ff0df8ad1bd642528f51effbd6e5b0882ca569c63859146e353a2f73abdcc
#20 CACHED

#21 exporting to image
#21 sha256:e8c613e07b0b7ff33893b694f7759a10d42e180f2b4dc349fb57dc6b71dcab00
#21 exporting layers done
#21 writing image sha256:e39464c242a5a893b2d7335c7f0bb0f94e9414a19a14f3f9e3497055c4786686 0.0s done
#21 naming to gcr.io/fuzzbench/builders/afl/lwan_lwan done
#21 DONE 0.5s

#22 exporting cache
#22 sha256:2700d4ef94dee473593c5c614b55b2dedcca7893909811a8f2b48291a1f581e4
#22 preparing build cache for export done
#22 DONE 0.0s
#1 [internal] load build definition from runner.Dockerfile
#1 sha256:e2d3cb9322d77b325573535331eff0e511fa072cd037ee2fecb0898876b78e0e
#1 transferring dockerfile: 656B done
#1 DONE 0.1s

#2 [internal] load .dockerignore
#2 sha256:83ee7f58a115b0af9783c10cf51ac1ee8e04f5b3ee127aff1bb54174a5bdc187
#2 transferring context: 2B done
#2 DONE 0.1s

#3 [internal] load metadata for gcr.io/fuzzbench/base-image:latest
#3 sha256:932022888f650cc455b10eb5123bb08c0cccacac29a693e69314abbfd28a72c3
#3 DONE 0.0s

#5 importing cache manifest from gcr.io/fuzzbench/runners/afl/lwan_lwan-intermediate
#5 sha256:22f03a297b5879f6bad3537d4c50cb2fd40066a0cc7a2b539f98d4f92998a42d
#5 DONE 0.0s

#4 [1/1] FROM gcr.io/fuzzbench/base-image
#4 sha256:4d07825694520f8b6f6a0d8592dbd345433361ae044cb7f06706c5a95e3daaad
#4 CACHED

#6 exporting to image
#6 sha256:e8c613e07b0b7ff33893b694f7759a10d42e180f2b4dc349fb57dc6b71dcab00
#6 exporting layers done
#6 writing image sha256:0be13cc299ea0e54ec5de825181e3bed3eb180c53e5a326522f59bc9b5a62000 done
#6 naming to gcr.io/fuzzbench/runners/afl/lwan_lwan-intermediate done
#6 DONE 0.1s

#7 exporting cache
#7 sha256:2700d4ef94dee473593c5c614b55b2dedcca7893909811a8f2b48291a1f581e4
#7 preparing build cache for export done
#7 DONE 0.0s
#1 [internal] load build definition from Dockerfile
#1 sha256:6193eb3c9f498f877b694dc633a0e2459f02a03e886aae164e699ab145121ca7
#1 transferring dockerfile: 3.17kB done
#1 DONE 0.1s

#2 [internal] load .dockerignore
#2 sha256:d298c34a0d51fa668d61fd1b9eec724b4db0b50b81de59f8ab2dfde4475743db
#2 transferring context: 34B done
#2 DONE 0.1s

#3 [internal] load metadata for gcr.io/fuzzbench/runners/afl/lwan_lwan-intermediate:latest
#3 sha256:0ab898f115c5e50c08587896087cff3614cbc971735eca8f4c7f7425bdd5fb15
#3 DONE 0.0s

#4 [internal] load metadata for gcr.io/fuzzbench/builders/afl/lwan_lwan:latest
#4 sha256:884a4fc6d3aed02903afba176e7869fcdd41a0be13312688779e7bd8622f1173
#4 DONE 0.0s

#6 [stage-1  1/13] FROM gcr.io/fuzzbench/runners/afl/lwan_lwan-intermediate
#6 sha256:11f9da0fbc60441afff87476a4609b34ea51940c93d058eb651d4809d787eec5
#6 DONE 0.0s

#5 importing cache manifest from gcr.io/fuzzbench/runners/afl/lwan_lwan
#5 sha256:ea73d2bd3b0b5a7b1145daab1363d86f84a4b2d8529da18f17d6a9ed01de0e4a
#5 DONE 0.0s

#10 [builder 1/1] FROM gcr.io/fuzzbench/builders/afl/lwan_lwan
#10 sha256:12628b26ee9aaf8074766bf24e83a72d24d7d5f4cd9db620d226aef765aaf526
#10 DONE 0.0s

#12 [internal] load build context
#12 sha256:14d61c0f8406e28ad335d86fbb9f8851f7bd86359a0744914f49f78cb5b611bf
#12 transferring context: 19.01MB 0.7s done
#12 DONE 0.9s

#7 [stage-1  2/13] RUN apt-get update -y && apt-get install -y     libglib2.0-0     libxml2     libarchive13     libgss3
#7 sha256:b9a0ba899a0d2331dc6c61ba910ed1c8f7b5d055f77ceaddefe81c069e313c67
#7 CACHED

#11 [stage-1  5/13] COPY --from=builder /out/ ./
#11 sha256:675cf16f11ac5130b926db429230c7c6b82250b806329619f13410a83aca37f8
#11 CACHED

#14 [stage-1  7/13] COPY fuzzers /src/fuzzers
#14 sha256:3913397f7f6cc6769b63c12d7f85c6de9d62475aeca797463e1b5bba9c29602d
#14 CACHED

#16 [stage-1  9/13] RUN mkdir -p /out/seeds /out/corpus
#16 sha256:5141346f05dfd87e7423983f7e0e83dc29fbebfe4e36739b1c70e36865bc3be7
#16 CACHED

#9 [stage-1  4/13] WORKDIR /out
#9 sha256:e667f959874bc792f0febf8caf756adc9e66fd7ae9cf03cea2474133cdbf5306
#9 CACHED

#13 [stage-1  6/13] COPY benchmarks /src/benchmarks
#13 sha256:23c0e4fb512e910799f0d0f034cbed6334af89c675229f971e5ab235447d23ad
#13 CACHED

#15 [stage-1  8/13] RUN touch __init__.py
#15 sha256:aaa58d050022a9ea9c18d1f0cf4fa715525e0dc7009c2e2cc90da4120c8ea94e
#15 CACHED

#17 [stage-1 10/13] COPY common /src/common
#17 sha256:c12e737e30d50bcc2927cfdaa60d2818ad2c02c4d44742f6bce04a27d98e3acb
#17 CACHED

#18 [stage-1 11/13] COPY experiment/runner.py /src/experiment/runner.py
#18 sha256:c0d45ea561fa03dab65a8b920a791c094a73b1890f2d9e11261d601641e40415
#18 CACHED

#19 [stage-1 12/13] COPY docker/benchmark-runner /src/docker/benchmark-runner
#19 sha256:f3fe22641ae518235095d2a77ad67573a5d28c78cf30c00d7795831593fb8029
#19 CACHED

#8 [stage-1  3/13] RUN mkdir -p /out
#8 sha256:3fd50946eb36c30ed83e263ffa602b648ae758f938ca9f608671ac8dfac267d6
#8 CACHED

#20 [stage-1 13/13] RUN chmod +x /src/docker/benchmark-runner/startup-runner.sh
#20 sha256:2f66933581430708cb300e327459d25935d02cbf5975b72596cad0212bc6d556
#20 CACHED

#21 exporting to image
#21 sha256:e8c613e07b0b7ff33893b694f7759a10d42e180f2b4dc349fb57dc6b71dcab00
#21 exporting layers done
#21 writing image sha256:f3a235753b22b5faf406d7b3b93fdbf9168f64cf48b30593c1914dbb4a7bb24c 0.0s done
#21 naming to gcr.io/fuzzbench/runners/afl/lwan_lwan done
#21 DONE 0.4s

#22 exporting cache
#22 sha256:2700d4ef94dee473593c5c614b55b2dedcca7893909811a8f2b48291a1f581e4
#22 preparing build cache for export done
#22 DONE 0.0s
INFO:root:Doing trial as part of experiment.
INFO:root:Starting trial.
ERROR:root:Fuzz target binary not found.
INFO:root:Doing final sync.
ERROR:root:Call to <function get_stats at 0x7fbf48d70ee0> failed. Extras: {'traceback': 'Traceback (most recent call last):\n  File "/src/experiment/runner.py", line 374, in record_stats\n    stats_json_str = fuzzer_module_get_stats(output_corpus,\n  File "/src/fuzzers/afl/fuzzer.py", line 51, in get_stats\n    with open(stats_file) as file_handle:\nFileNotFoundError: [Errno 2] No such file or directory: \'/out/corpus/fuzzer_stats\'\n'}
