WARNING:root:gcloud not found in PATH.
INFO:root:Successfully integrated benchmark: opencv_imdecode_fuzzer.
INFO:root:Please run "make test-run-afl-opencv_imdecode_fuzzer" to test integration.
#1 [internal] load build definition from Dockerfile
#1 sha256:126dde28eead290d0b50424cfe2457f40d4592b31b0a23fd46be5d628c28f375
#1 transferring dockerfile: 32B done
#1 DONE 0.0s

#2 [internal] load .dockerignore
#2 sha256:b8022c80c432c11ac36384d3c688800dc0e2bfd59b2f2c5456efce00bf5cb407
#2 transferring context: 2B done
#2 DONE 0.0s

#3 [internal] load metadata for gcr.io/oss-fuzz-base/base-builder:latest
#3 sha256:f10dc39cc9d418a5bc416dead31a1902b6821fdae909cd3b08f7a3fd1faba7b5
#3 DONE 0.5s

#5 [1/6] FROM gcr.io/oss-fuzz-base/base-builder@sha256:112044a9815d235113677d459cf2ece740a51f2b85081c8f66943dcdc72ddf7f
#5 sha256:4aee4bf9f7280ac8b7f02b8d29e6e084dd034d2c294b4e3e05d8ce7048a1450f
#5 DONE 0.0s

#9 [internal] load build context
#9 sha256:ebae724945b9a27cd983962ee147fdc48bf887e5c6be63a02373e27b950caa4d
#9 DONE 0.0s

#4 importing cache manifest from gcr.io/fuzzbench/builders/benchmark/opencv_imdecode_fuzzer
#4 sha256:7202f1cdaf826f4d779a677cde1a2a72136f3fb0c69ee40e72b50d3f7a399f75
#4 ERROR: gcr.io/fuzzbench/builders/benchmark/opencv_imdecode_fuzzer:latest: not found

#9 [internal] load build context
#9 sha256:ebae724945b9a27cd983962ee147fdc48bf887e5c6be63a02373e27b950caa4d
#9 transferring context: 2.18kB done
#9 DONE 0.2s

#6 [2/6] RUN apt-get update && apt-get install -y build-essential cmake pkg-config
#6 sha256:5b4cdd543f7676d762d91b87c637b12e81d197a5de05812a3f0a2dc7aead2436
#6 CACHED

#7 [3/6] RUN git clone --depth 1 https://github.com/opencv/opencv.git opencv
#7 sha256:59a9fb61118231e7c2a207bca2277cafcfad95bb7e22f5ee768b2c0e041e7f83
#7 CACHED

#8 [4/6] WORKDIR opencv/
#8 sha256:fda6c4b7e211bdd8ec1ae001cbb40929be694af912454da7105b1ff5a7d1ef7e
#8 CACHED

#10 [5/6] COPY build.sh /src/
#10 sha256:de83e73535a7282bcfae018f056125307898acc29f8e14de896d9d88c6e694d0
#10 CACHED

#11 [6/6] COPY *.cc *.h /src/
#11 sha256:a163a6ef7f874882fc5b0584f8e41d1450e2e7675cf35b57348237794d931afe
#11 CACHED

#12 exporting to image
#12 sha256:e8c613e07b0b7ff33893b694f7759a10d42e180f2b4dc349fb57dc6b71dcab00
#12 exporting layers done
#12 writing image sha256:8a497c7e790611b7a92bb9829260fb3a936252ecb7d9088bba013e8d2b52277b done
#12 naming to gcr.io/fuzzbench/builders/benchmark/opencv_imdecode_fuzzer done
#12 DONE 0.2s

#13 exporting cache
#13 sha256:2700d4ef94dee473593c5c614b55b2dedcca7893909811a8f2b48291a1f581e4
#13 preparing build cache for export done
#13 DONE 0.0s
------
 > importing cache manifest from gcr.io/fuzzbench/builders/benchmark/opencv_imdecode_fuzzer:
------
#1 [internal] load build definition from builder.Dockerfile
#1 sha256:49abbb20fcc5233d9223c42ad4a27884b3ad75a42045ea91f437bb9f8da3b96d
#1 transferring dockerfile: 46B done
#1 DONE 0.1s

#2 [internal] load .dockerignore
#2 sha256:4acedf3c819938f64c6f619e1d9cd956e19ff8f6fd100eb4e88f938d4f230c46
#2 transferring context: 2B done
#2 DONE 0.0s

#3 [internal] load metadata for gcr.io/fuzzbench/builders/benchmark/opencv_imdecode_fuzzer:latest
#3 sha256:a4be25005cea0e61a9f234b22cf1a05f96368313936074959c229712e3b105d5
#3 DONE 0.0s

#7 [1/3] FROM gcr.io/fuzzbench/builders/benchmark/opencv_imdecode_fuzzer
#7 sha256:114a7c43be2e84cdbd91ef1f8603d2a82dada03b76db52cf54bab77c9d054fde
#7 DONE 0.0s

#4 importing cache manifest from gcr.io/fuzzbench/builders/afl/opencv_imdecode_fuzzer-intermediate
#4 sha256:d6ee677cf06bc50617e15b850624a6b01ae519d6e4b265ffa23c5ef2f78707c6
#4 ERROR: gcr.io/fuzzbench/builders/afl/opencv_imdecode_fuzzer-intermediate:latest: not found

#5 [2/3] RUN git clone https://github.com/google/AFL.git /afl &&     cd /afl &&     git checkout 61037103ae3722c8060ff7082994836a794f978e &&     AFL_NO_X86=1 make
#5 sha256:3d5bdfab662229e773b72d31e2eb68a64702327ee0bcfd73d8fa570ccfeaeb82
#5 CACHED

#6 [3/3] RUN apt-get update &&     apt-get install wget -y &&     wget https://raw.githubusercontent.com/llvm/llvm-project/5feb80e748924606531ba28c97fe65145c65372e/compiler-rt/lib/fuzzer/afl/afl_driver.cpp -O /afl/afl_driver.cpp &&     clang -Wno-pointer-sign -c /afl/llvm_mode/afl-llvm-rt.o.c -I/afl &&     clang++ -stdlib=libc++ -std=c++11 -O2 -c /afl/afl_driver.cpp &&     ar r /libAFL.a *.o
#6 sha256:e42313375a1e95d34c91996bc213888623c86ece8116f5550b6dd3b57c219906
#6 CACHED

#8 exporting to image
#8 sha256:e8c613e07b0b7ff33893b694f7759a10d42e180f2b4dc349fb57dc6b71dcab00
#8 exporting layers done
#8 writing image sha256:abe2b32671846efe952468466ad42dff64a887ab71f481b7118d3c0190ecbd7a done
#8 naming to gcr.io/fuzzbench/builders/afl/opencv_imdecode_fuzzer-intermediate done
#8 DONE 0.2s

#9 exporting cache
#9 sha256:2700d4ef94dee473593c5c614b55b2dedcca7893909811a8f2b48291a1f581e4
#9 preparing build cache for export done
#9 DONE 0.0s
------
 > importing cache manifest from gcr.io/fuzzbench/builders/afl/opencv_imdecode_fuzzer-intermediate:
------
#1 [internal] load build definition from Dockerfile
#1 sha256:e0d182c8188500710aedfeed49b2a2407bd93f4ca8a7c1d137862a07a3decdd9
#1 transferring dockerfile: 2.00kB done
#1 DONE 0.2s

#2 [internal] load .dockerignore
#2 sha256:3ea277f20c6ac42b80029264db14be08daa27cd96b68336b3005e898fc4efe0c
#2 transferring context: 34B done
#2 DONE 0.2s

#3 [internal] load metadata for docker.io/library/ubuntu:xenial
#3 sha256:f62bae18ed588840f045c881b2502661f2a89578a2f8f99b83f5200ee83dd25b
#3 DONE 0.0s

#12 importing cache manifest from gcr.io/fuzzbench/base-image
#12 sha256:9b220ebb4d4daceed1b96df9b6dca076e762f1cd612574f010b82d5b9e5ad896
#12 DONE 0.0s

#4 [1/7] FROM docker.io/library/ubuntu:xenial
#4 sha256:14dd403f25ae9e519bd44f27dc17af7ce80f5a4f9f48ca88108364e67ec5d360
#4 DONE 0.0s

#7 [internal] load build context
#7 sha256:34a339195b71952f52d33d8945a3851e46a66108d8f8fa9695e981c20b6b2c80
#7 transferring context: 559B 0.0s done
#7 DONE 0.1s

#9 [5/7] RUN pip3 install -r /requirements.txt
#9 sha256:cd9952761b3b9bdb473e473509b48aa4cb2aa2e05930b555ffe3a74e9ee91f13
#9 CACHED

#10 [6/7] RUN apt-get update -y && apt-get install -y     apt-transport-https     lsb-release
#10 sha256:703e497f6d8973f5cf86fae4ec5ebaf625c474ca1ae50a017d5969ae7314ab4a
#10 CACHED

#6 [3/7] RUN cd /tmp/ &&     curl -O https://www.python.org/ftp/python/3.8.6/Python-3.8.6.tar.xz &&     tar -xvf Python-3.8.6.tar.xz &&     cd Python-3.8.6 &&     ./configure --enable-loadable-sqlite-extensions --enable-optimizations &&     make -j install &&     rm -r /tmp/Python-3.8.6.tar.xz /tmp/Python-3.8.6
#6 sha256:c5b9d1fb3371e84dbc60b76e7b2f8d5913bc93bcd4910ab65daa03e7b2ec4bb0
#6 CACHED

#8 [4/7] COPY ./requirements.txt /
#8 sha256:6159747f5bb7353dbf1d5b3a378a8741c490446fdab72187cbceab42fe4559fb
#8 CACHED

#5 [2/7] RUN apt-get update -y && apt-get install -y     build-essential     rsync     curl     zlib1g-dev     libncurses5-dev     libgdbm-dev     libnss3-dev     libssl-dev     libreadline-dev     libffi-dev     virtualenv     libbz2-dev     liblzma-dev     libsqlite3-dev
#5 sha256:3a1b0960f17eed529eaae93dc8fd3554f2743dd584d8fa569cdbe6bc734371ac
#5 CACHED

#11 [7/7] RUN CLOUD_SDK_REPO="cloud-sdk-$(lsb_release -c -s)" &&     echo "deb https://packages.cloud.google.com/apt $CLOUD_SDK_REPO main"     | tee -a /etc/apt/sources.list.d/google-cloud-sdk.list &&     curl https://packages.cloud.google.com/apt/doc/apt-key.gpg     | apt-key add - &&     apt-get update -y &&     apt-get install -y google-cloud-sdk
#11 sha256:96ebcac0abac5123d64ae724773c38fd4b5ca2bd9b995dbf09d2ae56f69e864e
#11 CACHED

#13 exporting to image
#13 sha256:e8c613e07b0b7ff33893b694f7759a10d42e180f2b4dc349fb57dc6b71dcab00
#13 exporting layers done
#13 writing image sha256:55e5825902805b10e1ba0cd27e4af0d82c25f9e225d6218342d4b6474bd3ddae
#13 writing image sha256:55e5825902805b10e1ba0cd27e4af0d82c25f9e225d6218342d4b6474bd3ddae done
#13 naming to gcr.io/fuzzbench/base-image done
#13 DONE 0.0s

#14 exporting cache
#14 sha256:2700d4ef94dee473593c5c614b55b2dedcca7893909811a8f2b48291a1f581e4
#14 preparing build cache for export done
#14 DONE 0.0s
#1 [internal] load build definition from Dockerfile
#1 sha256:a78c7ec006c136a01f861c1476183567c064562a754439066d57c0b50ec5d91b
#1 transferring dockerfile: 2.22kB done
#1 DONE 0.0s

#2 [internal] load .dockerignore
#2 sha256:77964e4752b88d10d458fc66ed774fe7a87f12c52abf40e1dd0e7cd9ad00998f
#2 transferring context: 34B done
#2 DONE 0.1s

#7 [base-image 1/1] FROM gcr.io/fuzzbench/base-image
#7 sha256:4d07825694520f8b6f6a0d8592dbd345433361ae044cb7f06706c5a95e3daaad
#7 DONE 1.0s

#6 [stage-1  1/13] FROM gcr.io/fuzzbench/builders/afl/opencv_imdecode_fuzzer-intermediate
#6 sha256:7657addb616895c37e0a8f610fb7219efe4b0e5041fc62309817d7d7109480d3
#6 DONE 0.0s

#4 [internal] load metadata for gcr.io/fuzzbench/base-image:latest
#4 sha256:932022888f650cc455b10eb5123bb08c0cccacac29a693e69314abbfd28a72c3
#4 DONE 0.0s

#3 [internal] load metadata for gcr.io/fuzzbench/builders/afl/opencv_imdecode_fuzzer-intermediate:latest
#3 sha256:007afbf57615faecb6c981b8b15c39c3862301faaf571f1fc3b2a46258bf3cda
#3 DONE 0.0s

#12 [internal] load build context
#12 sha256:d12e7623ef233121017560f00139b566d11b66e0d23093bc72a549e1ef1e6171
#12 DONE 0.0s

#5 importing cache manifest from gcr.io/fuzzbench/builders/afl/opencv_imdecode_fuzzer
#5 sha256:a43d05b7a3417b69c2b7e91a03f932b5e49d9aa7a9b0f3844f17d9ae791ff81c
#5 ERROR: gcr.io/fuzzbench/builders/afl/opencv_imdecode_fuzzer:latest: not found

#12 [internal] load build context
#12 sha256:d12e7623ef233121017560f00139b566d11b66e0d23093bc72a549e1ef1e6171
#12 transferring context: 669.89kB 0.2s done
#12 DONE 0.2s

#8 [stage-1  2/13] COPY --from=base-image /usr/local/bin/python3* /usr/local/bin/
#8 sha256:0c621940edf2302795e32bf4a7fbe4af5fc4b7121c1b6fdd0d0f14945ae67c3f
#8 CACHED

#9 [stage-1  3/13] COPY --from=base-image /usr/local/lib/python3.8 /usr/local/lib/python3.8
#9 sha256:5ca67a97056161ec06baa68ef9a9965819c6e7d2eb43728406ed58160f24ad27
#9 CACHED

#10 [stage-1  4/13] COPY --from=base-image /usr/local/include/python3.8 /usr/local/include/python3.8
#10 sha256:70dc50898194fb7e542b433179d104673a97dfc32f63e3b761792d53bc883d0a
#10 CACHED

#11 [stage-1  5/13] COPY --from=base-image /usr/local/lib/python3.8/site-packages /usr/local/lib/python3.8/site-packages
#11 sha256:8338fc57c61557d9dcbfbf62656beb038f8fdbc1293a92a8999d08e15d7b3bd4
#11 CACHED

#13 [stage-1  6/13] COPY fuzzers /src/fuzzers
#13 sha256:75ae74e41a3860ddda16a55c18355b130dfbe2fdff9280d2eaac0763aebb50bc
#13 CACHED

#14 [stage-1  7/13] RUN touch /src/__init__.py
#14 sha256:cf8433c7ebde987cc7b072611f2c55d5aa816153145bf83528b4e7b248044226
#14 DONE 2.0s

#15 [stage-1  8/13] COPY benchmarks/opencv_imdecode_fuzzer/benchmark.yaml /
#15 sha256:6804dafa802a438f5953cd274864873cce603d6138026ce8c02888cb424e659b
#15 DONE 0.1s

#16 [stage-1  9/13] RUN mkdir /opt/fuzzbench/
#16 sha256:2fb0e4bd776ac4850e6f9f6d6e8c7e4a9dd3aeb4fe092fb668e2605a9d8649b6
#16 DONE 1.4s

#17 [stage-1 10/13] COPY docker/benchmark-builder/checkout_commit.py /opt/fuzzbench/
#17 sha256:4636421c14b1cbfd111c0fa4c3b141fd8b9821ed29aea4b36dd04962e14b9f41
#17 DONE 0.1s

#18 [stage-1 11/13] RUN export CHECKOUT_COMMIT=$(cat /benchmark.yaml | tr -d ' ' | grep 'commit:' | cut -d ':' -f2) &&     python3 -u /opt/fuzzbench/checkout_commit.py $CHECKOUT_COMMIT /src
#18 sha256:c2bb8a685f322830821f3473965530ddb072ac36c973a6534636e6f1b2824ced
#18 1.204 Checking out commit b27c51de
#18 139.7 From https://github.com/opencv/opencv
#18 139.7  * [new tag]               2.2                  -> 2.2
#18 139.7  * [new tag]               2.4.0                -> 2.4.0
#18 139.7  * [new tag]               2.4.1                -> 2.4.1
#18 139.7  * [new tag]               2.4.10               -> 2.4.10
#18 139.7  * [new tag]               2.4.10.1             -> 2.4.10.1
#18 139.7  * [new tag]               2.4.10.2             -> 2.4.10.2
#18 139.7  * [new tag]               2.4.10.3             -> 2.4.10.3
#18 139.7  * [new tag]               2.4.10.4             -> 2.4.10.4
#18 139.7  * [new tag]               2.4.11               -> 2.4.11
#18 139.7  * [new tag]               2.4.12               -> 2.4.12
#18 139.7  * [new tag]               2.4.12.1             -> 2.4.12.1
#18 139.7  * [new tag]               2.4.12.2             -> 2.4.12.2
#18 139.7  * [new tag]               2.4.12.3             -> 2.4.12.3
#18 139.7  * [new tag]               2.4.13               -> 2.4.13
#18 139.7  * [new tag]               2.4.13.1             -> 2.4.13.1
#18 139.7  * [new tag]               2.4.2                -> 2.4.2
#18 139.7  * [new tag]               2.4.3                -> 2.4.3
#18 139.7  * [new tag]               2.4.3-rc             -> 2.4.3-rc
#18 139.7  * [new tag]               2.4.3.1              -> 2.4.3.1
#18 139.7  * [new tag]               2.4.3.2              -> 2.4.3.2
#18 139.7  * [new tag]               2.4.4                -> 2.4.4
#18 139.8  * [new tag]               2.4.4-beta           -> 2.4.4-beta
#18 139.8  * [new tag]               2.4.5                -> 2.4.5
#18 139.8  * [new tag]               2.4.6                -> 2.4.6
#18 139.8  * [new tag]               2.4.6.1              -> 2.4.6.1
#18 139.8  * [new tag]               2.4.6.2              -> 2.4.6.2
#18 139.8  * [new tag]               2.4.6.2-rc1          -> 2.4.6.2-rc1
#18 139.8  * [new tag]               2.4.7                -> 2.4.7
#18 139.8  * [new tag]               2.4.7-rc1            -> 2.4.7-rc1
#18 139.8  * [new tag]               2.4.7.1              -> 2.4.7.1
#18 139.8  * [new tag]               2.4.7.2              -> 2.4.7.2
#18 139.8  * [new tag]               2.4.8                -> 2.4.8
#18 139.8  * [new tag]               2.4.8.1              -> 2.4.8.1
#18 139.8  * [new tag]               2.4.8.2              -> 2.4.8.2
#18 139.8  * [new tag]               2.4.8.3              -> 2.4.8.3
#18 139.8  * [new tag]               2.4.9                -> 2.4.9
#18 139.8  * [new tag]               2.4.9.1              -> 2.4.9.1
#18 139.8  * [new tag]               3.0-ocl-tech-preview -> 3.0-ocl-tech-preview
#18 139.8  * [new tag]               3.0-ocl-tp2          -> 3.0-ocl-tp2
#18 139.8  * [new tag]               3.0.0                -> 3.0.0
#18 139.8  * [new tag]               3.0.0-alpha          -> 3.0.0-alpha
#18 139.8  * [new tag]               3.0.0-beta           -> 3.0.0-beta
#18 139.8  * [new tag]               3.0.0-rc1            -> 3.0.0-rc1
#18 139.8  * [new tag]               3.1.0                -> 3.1.0
#18 139.8  * [new tag]               3.2.0                -> 3.2.0
#18 139.8  * [new tag]               3.2.0-rc             -> 3.2.0-rc
#18 139.8  * [new tag]               3.3.0                -> 3.3.0
#18 139.8  * [new tag]               3.3.0-cvsdk          -> 3.3.0-cvsdk
#18 139.8  * [new tag]               3.3.0-rc             -> 3.3.0-rc
#18 139.8  * [new tag]               3.3.1                -> 3.3.1
#18 139.8  * [new tag]               3.3.1-cvsdk          -> 3.3.1-cvsdk
#18 139.8  * [new tag]               3.4.0                -> 3.4.0
#18 139.8  * [new tag]               3.4.0-rc             -> 3.4.0-rc
#18 139.8  * [new tag]               3.4.1                -> 3.4.1
#18 139.8  * [new tag]               3.4.1-cvsdk          -> 3.4.1-cvsdk
#18 139.8  * [new tag]               3.4.10               -> 3.4.10
#18 139.8  * [new tag]               3.4.11               -> 3.4.11
#18 139.8  * [new tag]               3.4.12               -> 3.4.12
#18 139.8  * [new tag]               3.4.13               -> 3.4.13
#18 139.8  * [new tag]               3.4.14               -> 3.4.14
#18 139.8  * [new tag]               3.4.15               -> 3.4.15
#18 139.8  * [new tag]               3.4.16               -> 3.4.16
#18 139.8  * [new tag]               3.4.17               -> 3.4.17
#18 139.8  * [new tag]               3.4.2                -> 3.4.2
#18 139.8  * [new tag]               3.4.2-openvino       -> 3.4.2-openvino
#18 139.8  * [new tag]               3.4.3                -> 3.4.3
#18 139.8  * [new tag]               3.4.3-openvino       -> 3.4.3-openvino
#18 139.8  * [new tag]               3.4.4                -> 3.4.4
#18 139.8  * [new tag]               3.4.5                -> 3.4.5
#18 139.8  * [new tag]               3.4.6                -> 3.4.6
#18 139.8  * [new tag]               3.4.7                -> 3.4.7
#18 139.8  * [new tag]               3.4.8                -> 3.4.8
#18 139.8  * [new tag]               3.4.9                -> 3.4.9
#18 139.8  * [new tag]               4.0.0                -> 4.0.0
#18 139.8  * [new tag]               4.0.0-alpha          -> 4.0.0-alpha
#18 139.8  * [new tag]               4.0.0-beta           -> 4.0.0-beta
#18 139.8  * [new tag]               4.0.0-openvino       -> 4.0.0-openvino
#18 139.8  * [new tag]               4.0.0-rc             -> 4.0.0-rc
#18 139.8  * [new tag]               4.0.1                -> 4.0.1
#18 139.8  * [new tag]               4.0.1-openvino       -> 4.0.1-openvino
#18 139.8  * [new tag]               4.1.0                -> 4.1.0
#18 139.8  * [new tag]               4.1.0-openvino       -> 4.1.0-openvino
#18 139.8  * [new tag]               4.1.1                -> 4.1.1
#18 139.8  * [new tag]               4.1.1-openvino       -> 4.1.1-openvino
#18 139.8  * [new tag]               4.1.2                -> 4.1.2
#18 139.8  * [new tag]               4.1.2-openvino       -> 4.1.2-openvino
#18 139.8  * [new tag]               4.2.0                -> 4.2.0
#18 139.8  * [new tag]               4.3.0                -> 4.3.0
#18 139.8  * [new tag]               4.4.0                -> 4.4.0
#18 139.8  * [new tag]               4.5.0                -> 4.5.0
#18 139.8  * [new tag]               4.5.1                -> 4.5.1
#18 139.8  * [new tag]               4.5.2                -> 4.5.2
#18 139.8  * [new tag]               4.5.3                -> 4.5.3
#18 139.8  * [new tag]               4.5.4                -> 4.5.4
#18 139.8  * [new tag]               4.5.5                -> 4.5.5
#18 139.9 error: pathspec 'b27c51de' did not match any file(s) known to git
#18 139.9 error: pathspec 'b27c51de' did not match any file(s) known to git
#18 139.9 error: pathspec 'b27c51de' did not match any file(s) known to git
#18 140.0 error: pathspec 'b27c51de' did not match any file(s) known to git
#18 140.1 error: pathspec 'b27c51de' did not match any file(s) known to git
#18 140.1 error: pathspec 'b27c51de' did not match any file(s) known to git
#18 140.2 error: pathspec 'b27c51de' did not match any file(s) known to git
#18 140.2 error: pathspec 'b27c51de' did not match any file(s) known to git
#18 140.3 error: pathspec 'b27c51de' did not match any file(s) known to git
#18 140.4 error: pathspec 'b27c51de' did not match any file(s) known to git
#18 140.5 error: pathspec 'b27c51de' did not match any file(s) known to git
#18 140.5 error: pathspec 'b27c51de' did not match any file(s) known to git
#18 140.7 error: pathspec 'b27c51de' did not match any file(s) known to git
#18 140.7 error: pathspec 'b27c51de' did not match any file(s) known to git
#18 140.8 error: pathspec 'b27c51de' did not match any file(s) known to git
#18 140.8 error: pathspec 'b27c51de' did not match any file(s) known to git
#18 140.9 error: pathspec 'b27c51de' did not match any file(s) known to git
#18 140.9 error: pathspec 'b27c51de' did not match any file(s) known to git
#18 141.0 error: pathspec 'b27c51de' did not match any file(s) known to git
#18 141.0 error: pathspec 'b27c51de' did not match any file(s) known to git
#18 141.1 error: pathspec 'b27c51de' did not match any file(s) known to git
#18 141.2 error: pathspec 'b27c51de' did not match any file(s) known to git
#18 141.4 Checkout unsuccessful.
#18 DONE 141.7s

#19 [stage-1 12/13] RUN echo "#!/bin/bash\nPYTHONPATH=/src python3 -u -c "from fuzzers import utils; utils.initialize_env(); from fuzzers.afl import fuzzer; fuzzer.build()"" > /usr/bin/fuzzer_build &&     chmod +x /usr/bin/fuzzer_build
#19 sha256:b3f6ccf3f3fa21250e4d700ee419ed5cc5c443b2f39d1d21b54a199ec5407322
#19 DONE 1.6s

#20 [stage-1 13/13] RUN echo "Run fuzzer_build to build the target" && if [ -z "$debug_builder" ] ; then fuzzer_build; fi
#20 sha256:49f9d60441872bd49af8beeea33f23831ab718bf2cae5695fe45e82fc19d4862
#20 1.193 Run fuzzer_build to build the target
#20 1.540 FUZZ_TARGET = imdecode_fuzzer
#20 1.540 CFLAGS = -DFUZZING_BUILD_MODE_UNSAFE_FOR_PRODUCTION -pthread -Wl,--no-as-needed -Wl,-ldl -Wl,-lm -Wno-unused-command-line-argument -O3
#20 1.540 CXXFLAGS = -DFUZZING_BUILD_MODE_UNSAFE_FOR_PRODUCTION -pthread -Wl,--no-as-needed -Wl,-ldl -Wl,-lm -Wno-unused-command-line-argument -stdlib=libc++ -O3
#20 1.555 Building benchmark opencv_imdecode_fuzzer with fuzzer afl
#20 1.560 + mkdir opencv/build
#20 1.564 mkdir: cannot create directory ‘opencv/build’: No such file or directory
#20 1.565 Traceback (most recent call last):
#20 1.565   File "<string>", line 1, in <module>
#20 1.566   File "/src/fuzzers/afl/fuzzer.py", line 40, in build
#20 1.567     utils.build_benchmark()
#20 1.568   File "/src/fuzzers/utils.py", line 82, in build_benchmark
#20 1.569     subprocess.check_call(['/bin/bash', '-ex', build_script], env=env)
#20 1.570   File "/usr/local/lib/python3.8/subprocess.py", line 364, in check_call
#20 1.571     raise CalledProcessError(retcode, cmd)
#20 1.572 subprocess.CalledProcessError: Command '['/bin/bash', '-ex', '/src/build.sh']' returned non-zero exit status 1.
#20 ERROR: executor failed running [/bin/sh -c echo "Run fuzzer_build to build the target" && if [ -z "$debug_builder" ] ; then fuzzer_build; fi]: exit code: 1
------
 > importing cache manifest from gcr.io/fuzzbench/builders/afl/opencv_imdecode_fuzzer:
------
------
 > [stage-1 13/13] RUN echo "Run fuzzer_build to build the target" && if [ -z "$debug_builder" ] ; then fuzzer_build; fi:
------
executor failed running [/bin/sh -c echo "Run fuzzer_build to build the target" && if [ -z "$debug_builder" ] ; then fuzzer_build; fi]: exit code: 1
make: *** [docker/generated.mk:2854336: .afl-opencv_imdecode_fuzzer-builder] Error 1
/bin/sh: 1: source: not found
#1 [internal] load build definition from Dockerfile
#1 sha256:691f8f95957fdebc4e014ccd0fbec43e476ba1bb171af3f63ff5034eabda83ab
#1 transferring dockerfile: 32B done
#1 DONE 0.0s

#2 [internal] load .dockerignore
#2 sha256:712de52ebb7493d5692a78c3044cecffbea928dd31f956a186c4b8889e637a6f
#2 transferring context: 2B done
#2 DONE 0.1s

#3 [internal] load metadata for gcr.io/oss-fuzz-base/base-builder:latest
#3 sha256:f10dc39cc9d418a5bc416dead31a1902b6821fdae909cd3b08f7a3fd1faba7b5
#3 DONE 0.6s

#4 [1/6] FROM gcr.io/oss-fuzz-base/base-builder@sha256:112044a9815d235113677d459cf2ece740a51f2b85081c8f66943dcdc72ddf7f
#4 sha256:4aee4bf9f7280ac8b7f02b8d29e6e084dd034d2c294b4e3e05d8ce7048a1450f
#4 DONE 0.0s

#11 importing cache manifest from gcr.io/fuzzbench/builders/benchmark/opencv_imdecode_fuzzer
#11 sha256:7202f1cdaf826f4d779a677cde1a2a72136f3fb0c69ee40e72b50d3f7a399f75
#11 DONE 0.0s

#8 [internal] load build context
#8 sha256:6d0d7a38be4c5d8e7ac5f1e76b9bc060c3d1ab8fbfdae4321636560b7f27a9cf
#8 transferring context: 429B done
#8 DONE 0.0s

#6 [3/6] RUN git clone --depth 1 https://github.com/opencv/opencv.git opencv
#6 sha256:59a9fb61118231e7c2a207bca2277cafcfad95bb7e22f5ee768b2c0e041e7f83
#6 CACHED

#9 [5/6] COPY build.sh /src/
#9 sha256:bf0842a02f63d77973d87f31e3ed1a990859f8a416c62d02cc45e09a30d05022
#9 CACHED

#7 [4/6] WORKDIR opencv/
#7 sha256:fda6c4b7e211bdd8ec1ae001cbb40929be694af912454da7105b1ff5a7d1ef7e
#7 CACHED

#5 [2/6] RUN apt-get update && apt-get install -y build-essential cmake pkg-config
#5 sha256:5b4cdd543f7676d762d91b87c637b12e81d197a5de05812a3f0a2dc7aead2436
#5 CACHED

#10 [6/6] COPY *.cc *.h /src/
#10 sha256:21b06fb0594ab9aa2f831ab5580fcb4c705a420b8dac75ff7086b1378c518d86
#10 CACHED

#12 exporting to image
#12 sha256:e8c613e07b0b7ff33893b694f7759a10d42e180f2b4dc349fb57dc6b71dcab00
#12 exporting layers done
#12 writing image sha256:8a497c7e790611b7a92bb9829260fb3a936252ecb7d9088bba013e8d2b52277b
#12 writing image sha256:8a497c7e790611b7a92bb9829260fb3a936252ecb7d9088bba013e8d2b52277b 0.0s done
#12 naming to gcr.io/fuzzbench/builders/benchmark/opencv_imdecode_fuzzer done
#12 DONE 0.1s

#13 exporting cache
#13 sha256:2700d4ef94dee473593c5c614b55b2dedcca7893909811a8f2b48291a1f581e4
#13 preparing build cache for export done
#13 DONE 0.0s
#1 [internal] load build definition from builder.Dockerfile
#1 sha256:5c70d94911334d0dff5f582d2a80f263d230ccab9d94ff3e5c18d7a90a3186fa
#1 transferring dockerfile: 46B done
#1 DONE 0.0s

#2 [internal] load .dockerignore
#2 sha256:48f05c308de4af3fa6ee950315012ddba8fbcd2a135a4ac9930fcdefebc221ea
#2 transferring context: 2B done
#2 DONE 0.0s

#3 [internal] load metadata for gcr.io/fuzzbench/builders/benchmark/opencv_imdecode_fuzzer:latest
#3 sha256:a4be25005cea0e61a9f234b22cf1a05f96368313936074959c229712e3b105d5
#3 DONE 0.0s

#7 importing cache manifest from gcr.io/fuzzbench/builders/afl/opencv_imdecode_fuzzer-intermediate
#7 sha256:d6ee677cf06bc50617e15b850624a6b01ae519d6e4b265ffa23c5ef2f78707c6
#7 DONE 0.0s

#4 [1/3] FROM gcr.io/fuzzbench/builders/benchmark/opencv_imdecode_fuzzer
#4 sha256:114a7c43be2e84cdbd91ef1f8603d2a82dada03b76db52cf54bab77c9d054fde
#4 DONE 0.0s

#5 [2/3] RUN git clone https://github.com/google/AFL.git /afl &&     cd /afl &&     git checkout 61037103ae3722c8060ff7082994836a794f978e &&     AFL_NO_X86=1 make
#5 sha256:3d5bdfab662229e773b72d31e2eb68a64702327ee0bcfd73d8fa570ccfeaeb82
#5 CACHED

#6 [3/3] RUN apt-get update &&     apt-get install wget -y &&     wget https://raw.githubusercontent.com/llvm/llvm-project/5feb80e748924606531ba28c97fe65145c65372e/compiler-rt/lib/fuzzer/afl/afl_driver.cpp -O /afl/afl_driver.cpp &&     clang -Wno-pointer-sign -c /afl/llvm_mode/afl-llvm-rt.o.c -I/afl &&     clang++ -stdlib=libc++ -std=c++11 -O2 -c /afl/afl_driver.cpp &&     ar r /libAFL.a *.o
#6 sha256:e42313375a1e95d34c91996bc213888623c86ece8116f5550b6dd3b57c219906
#6 CACHED

#8 exporting to image
#8 sha256:e8c613e07b0b7ff33893b694f7759a10d42e180f2b4dc349fb57dc6b71dcab00
#8 exporting layers done
#8 writing image sha256:abe2b32671846efe952468466ad42dff64a887ab71f481b7118d3c0190ecbd7a
#8 writing image sha256:abe2b32671846efe952468466ad42dff64a887ab71f481b7118d3c0190ecbd7a done
#8 naming to gcr.io/fuzzbench/builders/afl/opencv_imdecode_fuzzer-intermediate done
#8 DONE 0.2s

#9 exporting cache
#9 sha256:2700d4ef94dee473593c5c614b55b2dedcca7893909811a8f2b48291a1f581e4
#9 preparing build cache for export done
#9 DONE 0.0s
#1 [internal] load build definition from Dockerfile
#1 sha256:887912329d2ac6eabcc5b9659ea191fd8eceb6fa45b20e12d5f4c4f18872cda7
#1 transferring dockerfile: 2.00kB done
#1 DONE 0.1s

#2 [internal] load .dockerignore
#2 sha256:84440606ae9ca769a30335898cdce73d6e724a0c62566318da00a273c9577ff2
#2 transferring context: 32B
#2 transferring context: 34B 0.0s done
#2 DONE 0.1s

#3 [internal] load metadata for docker.io/library/ubuntu:xenial
#3 sha256:f62bae18ed588840f045c881b2502661f2a89578a2f8f99b83f5200ee83dd25b
#3 DONE 0.0s

#4 importing cache manifest from gcr.io/fuzzbench/base-image
#4 sha256:9b220ebb4d4daceed1b96df9b6dca076e762f1cd612574f010b82d5b9e5ad896
#4 DONE 0.0s

#5 [1/7] FROM docker.io/library/ubuntu:xenial
#5 sha256:14dd403f25ae9e519bd44f27dc17af7ce80f5a4f9f48ca88108364e67ec5d360
#5 DONE 0.0s

#8 [internal] load build context
#8 sha256:a08c8f0d493e5059f8730555ca308ab536b8603ef9f10c15ae4d524a23b49710
#8 transferring context: 559B 0.0s done
#8 DONE 0.1s

#7 [3/7] RUN cd /tmp/ &&     curl -O https://www.python.org/ftp/python/3.8.6/Python-3.8.6.tar.xz &&     tar -xvf Python-3.8.6.tar.xz &&     cd Python-3.8.6 &&     ./configure --enable-loadable-sqlite-extensions --enable-optimizations &&     make -j install &&     rm -r /tmp/Python-3.8.6.tar.xz /tmp/Python-3.8.6
#7 sha256:c5b9d1fb3371e84dbc60b76e7b2f8d5913bc93bcd4910ab65daa03e7b2ec4bb0
#7 CACHED

#9 [4/7] COPY ./requirements.txt /
#9 sha256:e2641812e269b44fd8c9e7b939326aed27487678dc96fa439543d7deb88c52c2
#9 CACHED

#10 [5/7] RUN pip3 install -r /requirements.txt
#10 sha256:ee108416e83a430beadffa9b2d0a797b3a132d2a6e8b46885065d591758ef515
#10 CACHED

#11 [6/7] RUN apt-get update -y && apt-get install -y     apt-transport-https     lsb-release
#11 sha256:dce6fc41bcf6adab291feacb3ac630b3d7eb794e5e67707c93a33a34d699397f
#11 CACHED

#6 [2/7] RUN apt-get update -y && apt-get install -y     build-essential     rsync     curl     zlib1g-dev     libncurses5-dev     libgdbm-dev     libnss3-dev     libssl-dev     libreadline-dev     libffi-dev     virtualenv     libbz2-dev     liblzma-dev     libsqlite3-dev
#6 sha256:3a1b0960f17eed529eaae93dc8fd3554f2743dd584d8fa569cdbe6bc734371ac
#6 CACHED

#12 [7/7] RUN CLOUD_SDK_REPO="cloud-sdk-$(lsb_release -c -s)" &&     echo "deb https://packages.cloud.google.com/apt $CLOUD_SDK_REPO main"     | tee -a /etc/apt/sources.list.d/google-cloud-sdk.list &&     curl https://packages.cloud.google.com/apt/doc/apt-key.gpg     | apt-key add - &&     apt-get update -y &&     apt-get install -y google-cloud-sdk
#12 sha256:deb9f0634a37c41c5a2543e3c64a51ba1c51542623a2e781e4c05244077d4857
#12 CACHED

#13 exporting to image
#13 sha256:e8c613e07b0b7ff33893b694f7759a10d42e180f2b4dc349fb57dc6b71dcab00
#13 exporting layers done
#13 writing image sha256:55e5825902805b10e1ba0cd27e4af0d82c25f9e225d6218342d4b6474bd3ddae done
#13 naming to gcr.io/fuzzbench/base-image done
#13 DONE 0.0s

#14 exporting cache
#14 sha256:2700d4ef94dee473593c5c614b55b2dedcca7893909811a8f2b48291a1f581e4
#14 preparing build cache for export done
#14 DONE 0.0s
#1 [internal] load build definition from Dockerfile
#1 sha256:adfe800b49237ddc4ad74c5331584b5e79fe7b076389167644982366984d6c3b
#1 transferring dockerfile: 2.22kB done
#1 DONE 0.0s

#2 [internal] load .dockerignore
#2 sha256:dbebeb4c081577e9a3ce95cb4e30968073c239a3158ae57fe82aca40edc373c1
#2 transferring context: 34B 0.0s done
#2 DONE 0.0s

#7 [base-image 1/1] FROM gcr.io/fuzzbench/base-image
#7 sha256:4d07825694520f8b6f6a0d8592dbd345433361ae044cb7f06706c5a95e3daaad
#7 DONE 1.0s

#6 [stage-1  1/13] FROM gcr.io/fuzzbench/builders/afl/opencv_imdecode_fuzzer-intermediate
#6 sha256:7657addb616895c37e0a8f610fb7219efe4b0e5041fc62309817d7d7109480d3
#6 DONE 0.0s

#3 [internal] load metadata for gcr.io/fuzzbench/builders/afl/opencv_imdecode_fuzzer-intermediate:latest
#3 sha256:007afbf57615faecb6c981b8b15c39c3862301faaf571f1fc3b2a46258bf3cda
#3 DONE 0.0s

#4 [internal] load metadata for gcr.io/fuzzbench/base-image:latest
#4 sha256:932022888f650cc455b10eb5123bb08c0cccacac29a693e69314abbfd28a72c3
#4 DONE 0.0s

#12 [internal] load build context
#12 sha256:7c857662214b799543fdc7989ac15b216c11c8aa0cd5f98609bb5b51df9c9553
#12 DONE 0.0s

#5 importing cache manifest from gcr.io/fuzzbench/builders/afl/opencv_imdecode_fuzzer
#5 sha256:a43d05b7a3417b69c2b7e91a03f932b5e49d9aa7a9b0f3844f17d9ae791ff81c
#5 ERROR: gcr.io/fuzzbench/builders/afl/opencv_imdecode_fuzzer:latest: not found

#12 [internal] load build context
#12 sha256:7c857662214b799543fdc7989ac15b216c11c8aa0cd5f98609bb5b51df9c9553
#12 transferring context: 669.89kB 0.2s done
#12 DONE 0.2s

#10 [stage-1  4/13] COPY --from=base-image /usr/local/include/python3.8 /usr/local/include/python3.8
#10 sha256:70dc50898194fb7e542b433179d104673a97dfc32f63e3b761792d53bc883d0a
#10 CACHED

#11 [stage-1  5/13] COPY --from=base-image /usr/local/lib/python3.8/site-packages /usr/local/lib/python3.8/site-packages
#11 sha256:8338fc57c61557d9dcbfbf62656beb038f8fdbc1293a92a8999d08e15d7b3bd4
#11 CACHED

#13 [stage-1  6/13] COPY fuzzers /src/fuzzers
#13 sha256:91ac950703f4b19be68c417fb712e6dceea7948b3d5bc021bc1e92bd7612d7df
#13 CACHED

#8 [stage-1  2/13] COPY --from=base-image /usr/local/bin/python3* /usr/local/bin/
#8 sha256:0c621940edf2302795e32bf4a7fbe4af5fc4b7121c1b6fdd0d0f14945ae67c3f
#8 CACHED

#9 [stage-1  3/13] COPY --from=base-image /usr/local/lib/python3.8 /usr/local/lib/python3.8
#9 sha256:5ca67a97056161ec06baa68ef9a9965819c6e7d2eb43728406ed58160f24ad27
#9 CACHED

#14 [stage-1  7/13] RUN touch /src/__init__.py
#14 sha256:55f7607f3fc0289d5ec495b58bd3e3d03ad83ccd07e399f90964f304960dedfd
#14 DONE 1.6s

#15 [stage-1  8/13] COPY benchmarks/opencv_imdecode_fuzzer/benchmark.yaml /
#15 sha256:4a2e439d52c582b203938295a2f05b356987485327ef1d314ea6c269a7d2e86a
#15 DONE 0.3s

#16 [stage-1  9/13] RUN mkdir /opt/fuzzbench/
#16 sha256:093b822f626f686e207980492b3111a38933261a11e1c719cb7de105a219909b
#16 DONE 1.5s

#17 [stage-1 10/13] COPY docker/benchmark-builder/checkout_commit.py /opt/fuzzbench/
#17 sha256:09d01a8ae651f32d1748bd6a93470daf5a2b701f4e16c6a19df2a437548681d3
#17 DONE 0.3s

#18 [stage-1 11/13] RUN export CHECKOUT_COMMIT=$(cat /benchmark.yaml | tr -d ' ' | grep 'commit:' | cut -d ':' -f2) &&     python3 -u /opt/fuzzbench/checkout_commit.py $CHECKOUT_COMMIT /src
#18 sha256:3f7ed02d49bb564c16511afb7e14dcc9f10a46efa08686d1c9b8576d379587a0
#18 1.211 Checking out commit b27c51de
#18 152.9 From https://github.com/opencv/opencv
#18 152.9  * [new tag]               2.2                  -> 2.2
#18 152.9  * [new tag]               2.4.0                -> 2.4.0
#18 152.9  * [new tag]               2.4.1                -> 2.4.1
#18 152.9  * [new tag]               2.4.10               -> 2.4.10
#18 152.9  * [new tag]               2.4.10.1             -> 2.4.10.1
#18 152.9  * [new tag]               2.4.10.2             -> 2.4.10.2
#18 152.9  * [new tag]               2.4.10.3             -> 2.4.10.3
#18 152.9  * [new tag]               2.4.10.4             -> 2.4.10.4
#18 152.9  * [new tag]               2.4.11               -> 2.4.11
#18 152.9  * [new tag]               2.4.12               -> 2.4.12
#18 152.9  * [new tag]               2.4.12.1             -> 2.4.12.1
#18 152.9  * [new tag]               2.4.12.2             -> 2.4.12.2
#18 152.9  * [new tag]               2.4.12.3             -> 2.4.12.3
#18 152.9  * [new tag]               2.4.13               -> 2.4.13
#18 152.9  * [new tag]               2.4.13.1             -> 2.4.13.1
#18 152.9  * [new tag]               2.4.2                -> 2.4.2
#18 152.9  * [new tag]               2.4.3                -> 2.4.3
#18 152.9  * [new tag]               2.4.3-rc             -> 2.4.3-rc
#18 152.9  * [new tag]               2.4.3.1              -> 2.4.3.1
#18 152.9  * [new tag]               2.4.3.2              -> 2.4.3.2
#18 152.9  * [new tag]               2.4.4                -> 2.4.4
#18 152.9  * [new tag]               2.4.4-beta           -> 2.4.4-beta
#18 152.9  * [new tag]               2.4.5                -> 2.4.5
#18 152.9  * [new tag]               2.4.6                -> 2.4.6
#18 152.9  * [new tag]               2.4.6.1              -> 2.4.6.1
#18 152.9  * [new tag]               2.4.6.2              -> 2.4.6.2
#18 152.9  * [new tag]               2.4.6.2-rc1          -> 2.4.6.2-rc1
#18 152.9  * [new tag]               2.4.7                -> 2.4.7
#18 152.9  * [new tag]               2.4.7-rc1            -> 2.4.7-rc1
#18 152.9  * [new tag]               2.4.7.1              -> 2.4.7.1
#18 152.9  * [new tag]               2.4.7.2              -> 2.4.7.2
#18 152.9  * [new tag]               2.4.8                -> 2.4.8
#18 152.9  * [new tag]               2.4.8.1              -> 2.4.8.1
#18 152.9  * [new tag]               2.4.8.2              -> 2.4.8.2
#18 152.9  * [new tag]               2.4.8.3              -> 2.4.8.3
#18 152.9  * [new tag]               2.4.9                -> 2.4.9
#18 152.9  * [new tag]               2.4.9.1              -> 2.4.9.1
#18 152.9  * [new tag]               3.0-ocl-tech-preview -> 3.0-ocl-tech-preview
#18 152.9  * [new tag]               3.0-ocl-tp2          -> 3.0-ocl-tp2
#18 152.9  * [new tag]               3.0.0                -> 3.0.0
#18 152.9  * [new tag]               3.0.0-alpha          -> 3.0.0-alpha
#18 152.9  * [new tag]               3.0.0-beta           -> 3.0.0-beta
#18 152.9  * [new tag]               3.0.0-rc1            -> 3.0.0-rc1
#18 152.9  * [new tag]               3.1.0                -> 3.1.0
#18 152.9  * [new tag]               3.2.0                -> 3.2.0
#18 152.9  * [new tag]               3.2.0-rc             -> 3.2.0-rc
#18 152.9  * [new tag]               3.3.0                -> 3.3.0
#18 152.9  * [new tag]               3.3.0-cvsdk          -> 3.3.0-cvsdk
#18 152.9  * [new tag]               3.3.0-rc             -> 3.3.0-rc
#18 152.9  * [new tag]               3.3.1                -> 3.3.1
#18 152.9  * [new tag]               3.3.1-cvsdk          -> 3.3.1-cvsdk
#18 152.9  * [new tag]               3.4.0                -> 3.4.0
#18 152.9  * [new tag]               3.4.0-rc             -> 3.4.0-rc
#18 152.9  * [new tag]               3.4.1                -> 3.4.1
#18 152.9  * [new tag]               3.4.1-cvsdk          -> 3.4.1-cvsdk
#18 152.9  * [new tag]               3.4.10               -> 3.4.10
#18 152.9  * [new tag]               3.4.11               -> 3.4.11
#18 152.9  * [new tag]               3.4.12               -> 3.4.12
#18 152.9  * [new tag]               3.4.13               -> 3.4.13
#18 152.9  * [new tag]               3.4.14               -> 3.4.14
#18 152.9  * [new tag]               3.4.15               -> 3.4.15
#18 152.9  * [new tag]               3.4.16               -> 3.4.16
#18 152.9  * [new tag]               3.4.17               -> 3.4.17
#18 152.9  * [new tag]               3.4.2                -> 3.4.2
#18 152.9  * [new tag]               3.4.2-openvino       -> 3.4.2-openvino
#18 152.9  * [new tag]               3.4.3                -> 3.4.3
#18 152.9  * [new tag]               3.4.3-openvino       -> 3.4.3-openvino
#18 152.9  * [new tag]               3.4.4                -> 3.4.4
#18 152.9  * [new tag]               3.4.5                -> 3.4.5
#18 152.9  * [new tag]               3.4.6                -> 3.4.6
#18 152.9  * [new tag]               3.4.7                -> 3.4.7
#18 152.9  * [new tag]               3.4.8                -> 3.4.8
#18 152.9  * [new tag]               3.4.9                -> 3.4.9
#18 152.9  * [new tag]               4.0.0                -> 4.0.0
#18 152.9  * [new tag]               4.0.0-alpha          -> 4.0.0-alpha
#18 152.9  * [new tag]               4.0.0-beta           -> 4.0.0-beta
#18 152.9  * [new tag]               4.0.0-openvino       -> 4.0.0-openvino
#18 152.9  * [new tag]               4.0.0-rc             -> 4.0.0-rc
#18 152.9  * [new tag]               4.0.1                -> 4.0.1
#18 152.9  * [new tag]               4.0.1-openvino       -> 4.0.1-openvino
#18 152.9  * [new tag]               4.1.0                -> 4.1.0
#18 152.9  * [new tag]               4.1.0-openvino       -> 4.1.0-openvino
#18 152.9  * [new tag]               4.1.1                -> 4.1.1
#18 152.9  * [new tag]               4.1.1-openvino       -> 4.1.1-openvino
#18 152.9  * [new tag]               4.1.2                -> 4.1.2
#18 152.9  * [new tag]               4.1.2-openvino       -> 4.1.2-openvino
#18 152.9  * [new tag]               4.2.0                -> 4.2.0
#18 152.9  * [new tag]               4.3.0                -> 4.3.0
#18 152.9  * [new tag]               4.4.0                -> 4.4.0
#18 152.9  * [new tag]               4.5.0                -> 4.5.0
#18 152.9  * [new tag]               4.5.1                -> 4.5.1
#18 152.9  * [new tag]               4.5.2                -> 4.5.2
#18 152.9  * [new tag]               4.5.3                -> 4.5.3
#18 152.9  * [new tag]               4.5.4                -> 4.5.4
#18 152.9  * [new tag]               4.5.5                -> 4.5.5
#18 153.0 error: pathspec 'b27c51de' did not match any file(s) known to git
#18 153.0 error: pathspec 'b27c51de' did not match any file(s) known to git
#18 153.0 error: pathspec 'b27c51de' did not match any file(s) known to git
#18 153.1 error: pathspec 'b27c51de' did not match any file(s) known to git
#18 153.1 error: pathspec 'b27c51de' did not match any file(s) known to git
#18 153.2 error: pathspec 'b27c51de' did not match any file(s) known to git
#18 153.2 error: pathspec 'b27c51de' did not match any file(s) known to git
#18 153.3 error: pathspec 'b27c51de' did not match any file(s) known to git
#18 153.3 error: pathspec 'b27c51de' did not match any file(s) known to git
#18 153.4 error: pathspec 'b27c51de' did not match any file(s) known to git
#18 153.5 error: pathspec 'b27c51de' did not match any file(s) known to git
#18 153.5 error: pathspec 'b27c51de' did not match any file(s) known to git
#18 153.7 error: pathspec 'b27c51de' did not match any file(s) known to git
#18 153.8 error: pathspec 'b27c51de' did not match any file(s) known to git
#18 153.8 error: pathspec 'b27c51de' did not match any file(s) known to git
#18 153.9 error: pathspec 'b27c51de' did not match any file(s) known to git
#18 153.9 error: pathspec 'b27c51de' did not match any file(s) known to git
#18 154.0 error: pathspec 'b27c51de' did not match any file(s) known to git
#18 154.0 error: pathspec 'b27c51de' did not match any file(s) known to git
#18 154.1 error: pathspec 'b27c51de' did not match any file(s) known to git
#18 154.2 error: pathspec 'b27c51de' did not match any file(s) known to git
#18 154.2 error: pathspec 'b27c51de' did not match any file(s) known to git
#18 154.5 Checkout unsuccessful.
#18 DONE 154.8s

#19 [stage-1 12/13] RUN echo "#!/bin/bash\nPYTHONPATH=/src python3 -u -c "from fuzzers import utils; utils.initialize_env(); from fuzzers.afl import fuzzer; fuzzer.build()"" > /usr/bin/fuzzer_build &&     chmod +x /usr/bin/fuzzer_build
#19 sha256:96addb1b0f3fa9a21c966715a855bb4ea6dd0e2e9f817b677f4c1380b4da922c
#19 DONE 1.4s

#20 [stage-1 13/13] RUN echo "Run fuzzer_build to build the target" && if [ -z "$debug_builder" ] ; then fuzzer_build; fi
#20 sha256:98cae4f0c6fc5b36232768839ddbbd5de64b60112b41616ffbf8f4f37e412281
#20 1.108 Run fuzzer_build to build the target
#20 1.527 FUZZ_TARGET = imdecode_fuzzer
#20 1.527 CFLAGS = -DFUZZING_BUILD_MODE_UNSAFE_FOR_PRODUCTION -pthread -Wl,--no-as-needed -Wl,-ldl -Wl,-lm -Wno-unused-command-line-argument -O3
#20 1.527 CXXFLAGS = -DFUZZING_BUILD_MODE_UNSAFE_FOR_PRODUCTION -pthread -Wl,--no-as-needed -Wl,-ldl -Wl,-lm -Wno-unused-command-line-argument -stdlib=libc++ -O3
#20 1.541 Building benchmark opencv_imdecode_fuzzer with fuzzer afl
#20 1.546 + mkdir opencv/build
#20 1.550 mkdir: cannot create directory ‘opencv/build’: No such file or directory
#20 1.552 Traceback (most recent call last):
#20 1.552   File "<string>", line 1, in <module>
#20 1.553   File "/src/fuzzers/afl/fuzzer.py", line 40, in build
#20 1.554     utils.build_benchmark()
#20 1.554   File "/src/fuzzers/utils.py", line 82, in build_benchmark
#20 1.560     subprocess.check_call(['/bin/bash', '-ex', build_script], env=env)
#20 1.561   File "/usr/local/lib/python3.8/subprocess.py", line 364, in check_call
#20 1.564     raise CalledProcessError(retcode, cmd)
#20 1.565 subprocess.CalledProcessError: Command '['/bin/bash', '-ex', '/src/build.sh']' returned non-zero exit status 1.
#20 ERROR: executor failed running [/bin/sh -c echo "Run fuzzer_build to build the target" && if [ -z "$debug_builder" ] ; then fuzzer_build; fi]: exit code: 1
------
 > importing cache manifest from gcr.io/fuzzbench/builders/afl/opencv_imdecode_fuzzer:
------
------
 > [stage-1 13/13] RUN echo "Run fuzzer_build to build the target" && if [ -z "$debug_builder" ] ; then fuzzer_build; fi:
------
executor failed running [/bin/sh -c echo "Run fuzzer_build to build the target" && if [ -z "$debug_builder" ] ; then fuzzer_build; fi]: exit code: 1
make: *** [docker/generated.mk:2854336: .afl-opencv_imdecode_fuzzer-builder] Error 1
