WARNING:root:gcloud not found in PATH.
INFO:root:Successfully integrated benchmark: php_php.
INFO:root:Please run "make test-run-afl-php_php" to test integration.
#1 [internal] load build definition from Dockerfile
#1 sha256:bddd700c2d0a2cd8880aa9d377568bbfe2337c64cbd73679cc61289aadf09347
#1 transferring dockerfile: 1.35kB done
#1 DONE 0.0s

#2 [internal] load .dockerignore
#2 sha256:f6f9be597dcc51c3a7d0b8b37caf805e7585e73bef8d808fd0943f7ca92b7787
#2 transferring context: 2B done
#2 DONE 0.0s

#3 [internal] load metadata for gcr.io/oss-fuzz-base/base-builder:latest
#3 sha256:f10dc39cc9d418a5bc416dead31a1902b6821fdae909cd3b08f7a3fd1faba7b5
#3 DONE 0.3s

#10 [internal] load build context
#10 sha256:7f59f9c9cecf616a9177d7f23a41b90ee1ab4885d2b0fd4fa5c0fd3f39890006
#10 DONE 0.0s

#5 [1/6] FROM gcr.io/oss-fuzz-base/base-builder@sha256:77750d283f2957d1beeddda2e8f6c5604ab5f969a3616e9cac40f4261ca04c0a
#5 sha256:7999addb2cd81975cd6421c6aaef5643a901995c540a40e8df741ab4c30f6043
#5 DONE 0.0s

#4 importing cache manifest from gcr.io/fuzzbench/builders/benchmark/php_php
#4 sha256:ac38302dc180a9791c7b5dc598d397d0e7f438579d31c661c297ea751d3f8645
#4 ERROR: gcr.io/fuzzbench/builders/benchmark/php_php:latest: not found

#5 [1/6] FROM gcr.io/oss-fuzz-base/base-builder@sha256:77750d283f2957d1beeddda2e8f6c5604ab5f969a3616e9cac40f4261ca04c0a
#5 sha256:7999addb2cd81975cd6421c6aaef5643a901995c540a40e8df741ab4c30f6043
#5 CACHED

#10 [internal] load build context
#10 sha256:7f59f9c9cecf616a9177d7f23a41b90ee1ab4885d2b0fd4fa5c0fd3f39890006
#10 transferring context: 1.20kB done
#10 DONE 0.0s

#6 [2/6] RUN apt-get update && apt-get install -y make autoconf automake libtool bison re2c make ca-certificates curl 	xz-utils dpkg-dev file libc-dev pkg-config libcurl4-openssl-dev libedit-dev libsqlite3-dev libssl-dev zlib1g-dev
#6 sha256:85929956974593f326a4706891c1fac61edb0c750e065e3e7673d9df8590c2ac
#6 0.520 Get:1 http://security.ubuntu.com/ubuntu focal-security InRelease [114 kB]
#6 0.538 Hit:2 http://archive.ubuntu.com/ubuntu focal InRelease
#6 0.538 Hit:3 http://ppa.launchpad.net/git-core/ppa/ubuntu focal InRelease
#6 0.544 Get:4 http://archive.ubuntu.com/ubuntu focal-updates InRelease [114 kB]
#6 0.636 Get:5 http://archive.ubuntu.com/ubuntu focal-backports InRelease [108 kB]
#6 1.066 Get:6 http://security.ubuntu.com/ubuntu focal-security/main i386 Packages [464 kB]
#6 1.156 Get:7 http://security.ubuntu.com/ubuntu focal-security/restricted amd64 Packages [961 kB]
#6 1.228 Get:8 http://security.ubuntu.com/ubuntu focal-security/universe i386 Packages [656 kB]
#6 1.257 Get:9 http://archive.ubuntu.com/ubuntu focal-updates/main i386 Packages [752 kB]
#6 1.284 Get:10 http://security.ubuntu.com/ubuntu focal-security/main amd64 Packages [1546 kB]
#6 1.425 Get:11 http://security.ubuntu.com/ubuntu focal-security/universe amd64 Packages [839 kB]
#6 1.535 Get:12 http://archive.ubuntu.com/ubuntu focal-updates/universe i386 Packages [826 kB]
#6 1.700 Get:13 http://archive.ubuntu.com/ubuntu focal-updates/main amd64 Packages [1973 kB]
#6 1.866 Get:14 http://archive.ubuntu.com/ubuntu focal-updates/universe amd64 Packages [1133 kB]
#6 2.183 Fetched 9486 kB in 2s (5684 kB/s)
#6 2.183 Reading package lists...
#6 3.918 Reading package lists...
#6 5.333 Building dependency tree...
#6 5.543 Reading state information...
#6 5.756 dpkg-dev is already the newest version (1.19.7ubuntu3).
#6 5.756 dpkg-dev set to manually installed.
#6 5.756 file is already the newest version (1:5.38-4).
#6 5.756 file set to manually installed.
#6 5.756 make is already the newest version (4.2.1-1.2).
#6 5.756 make set to manually installed.
#6 5.756 ca-certificates is already the newest version (20210119~20.04.2).
#6 5.756 ca-certificates set to manually installed.
#6 5.756 curl is already the newest version (7.68.0-1ubuntu2.7).
#6 5.756 libc6-dev is already the newest version (2.31-0ubuntu9.2).
#6 5.756 xz-utils is already the newest version (5.2.4-1ubuntu1).
#6 5.756 xz-utils set to manually installed.
#6 5.756 Suggested packages:
#6 5.756   autoconf-archive gnu-standards autoconf-doc gettext bison-doc libcurl4-doc
#6 5.756   libidn11-dev libkrb5-dev libldap2-dev librtmp-dev libssh2-1-dev libtool-doc
#6 5.756   ncurses-doc sqlite3-doc libssl-doc gfortran | fortran95-compiler gcj-jdk
#6 5.756   m4-doc
#6 5.820 The following NEW packages will be installed:
#6 5.821   autoconf automake autotools-dev bison libbsd-dev libcurl4-openssl-dev
#6 5.821   libedit-dev libltdl-dev libltdl7 libncurses-dev libsigsegv2 libsqlite3-dev
#6 5.822   libssl-dev libtool m4 pkg-config re2c zlib1g-dev
#6 5.897 0 upgraded, 18 newly installed, 0 to remove and 0 not upgraded.
#6 5.897 Need to get 5784 kB of archives.
#6 5.897 After this operation, 26.3 MB of additional disk space will be used.
#6 5.897 Get:1 http://archive.ubuntu.com/ubuntu focal/main amd64 libsigsegv2 amd64 2.12-2 [13.9 kB]
#6 5.922 Get:2 http://archive.ubuntu.com/ubuntu focal/main amd64 m4 amd64 1.4.18-4 [199 kB]
#6 5.987 Get:3 http://archive.ubuntu.com/ubuntu focal/main amd64 autoconf all 2.69-11.1 [321 kB]
#6 6.032 Get:4 http://archive.ubuntu.com/ubuntu focal/main amd64 autotools-dev all 20180224.1 [39.6 kB]
#6 6.039 Get:5 http://archive.ubuntu.com/ubuntu focal/main amd64 automake all 1:1.16.1-4ubuntu6 [522 kB]
#6 6.129 Get:6 http://archive.ubuntu.com/ubuntu focal/main amd64 bison amd64 2:3.5.1+dfsg-1 [657 kB]
#6 6.244 Get:7 http://archive.ubuntu.com/ubuntu focal/main amd64 libbsd-dev amd64 0.10.0-1 [164 kB]
#6 6.272 Get:8 http://archive.ubuntu.com/ubuntu focal-updates/main amd64 libcurl4-openssl-dev amd64 7.68.0-1ubuntu2.7 [321 kB]
#6 6.316 Get:9 http://archive.ubuntu.com/ubuntu focal/main amd64 libncurses-dev amd64 6.2-0ubuntu2 [339 kB]
#6 6.342 Get:10 http://archive.ubuntu.com/ubuntu focal/main amd64 libedit-dev amd64 3.1-20191231-1 [106 kB]
#6 6.359 Get:11 http://archive.ubuntu.com/ubuntu focal/main amd64 libltdl7 amd64 2.4.6-14 [38.5 kB]
#6 6.363 Get:12 http://archive.ubuntu.com/ubuntu focal/main amd64 libltdl-dev amd64 2.4.6-14 [162 kB]
#6 6.384 Get:13 http://archive.ubuntu.com/ubuntu focal-updates/main amd64 libsqlite3-dev amd64 3.31.1-4ubuntu0.2 [696 kB]
#6 6.471 Get:14 http://archive.ubuntu.com/ubuntu focal-updates/main amd64 libssl-dev amd64 1.1.1f-1ubuntu2.10 [1584 kB]
#6 6.600 Get:15 http://archive.ubuntu.com/ubuntu focal/main amd64 libtool all 2.4.6-14 [161 kB]
#6 6.612 Get:16 http://archive.ubuntu.com/ubuntu focal/main amd64 pkg-config amd64 0.29.1-0ubuntu4 [45.5 kB]
#6 6.615 Get:17 http://archive.ubuntu.com/ubuntu focal-updates/main amd64 re2c amd64 1.3-1ubuntu0.1 [259 kB]
#6 6.634 Get:18 http://archive.ubuntu.com/ubuntu focal-updates/main amd64 zlib1g-dev amd64 1:1.2.11.dfsg-2ubuntu1.2 [155 kB]
#6 7.057 debconf: delaying package configuration, since apt-utils is not installed
#6 7.186 Fetched 5784 kB in 1s (7145 kB/s)
#6 7.286 Selecting previously unselected package libsigsegv2:amd64.
#6 7.286 (Reading database ... (Reading database ... 5%(Reading database ... 10%(Reading database ... 15%(Reading database ... 20%(Reading database ... 25%(Reading database ... 30%(Reading database ... 35%(Reading database ... 40%(Reading database ... 45%(Reading database ... 50%(Reading database ... 55%(Reading database ... 60%(Reading database ... 65%(Reading database ... 70%(Reading database ... 75%(Reading database ... 80%(Reading database ... 85%(Reading database ... 90%(Reading database ... 95%(Reading database ... 100%(Reading database ... 21291 files and directories currently installed.)
#6 7.310 Preparing to unpack .../00-libsigsegv2_2.12-2_amd64.deb ...
#6 7.342 Unpacking libsigsegv2:amd64 (2.12-2) ...
#6 7.439 Selecting previously unselected package m4.
#6 7.442 Preparing to unpack .../01-m4_1.4.18-4_amd64.deb ...
#6 7.456 Unpacking m4 (1.4.18-4) ...
#6 7.571 Selecting previously unselected package autoconf.
#6 7.574 Preparing to unpack .../02-autoconf_2.69-11.1_all.deb ...
#6 7.578 Unpacking autoconf (2.69-11.1) ...
#6 7.722 Selecting previously unselected package autotools-dev.
#6 7.725 Preparing to unpack .../03-autotools-dev_20180224.1_all.deb ...
#6 7.745 Unpacking autotools-dev (20180224.1) ...
#6 7.861 Selecting previously unselected package automake.
#6 7.864 Preparing to unpack .../04-automake_1%3a1.16.1-4ubuntu6_all.deb ...
#6 7.878 Unpacking automake (1:1.16.1-4ubuntu6) ...
#6 8.003 Selecting previously unselected package bison.
#6 8.006 Preparing to unpack .../05-bison_2%3a3.5.1+dfsg-1_amd64.deb ...
#6 8.012 Unpacking bison (2:3.5.1+dfsg-1) ...
#6 8.105 Selecting previously unselected package libbsd-dev:amd64.
#6 8.107 Preparing to unpack .../06-libbsd-dev_0.10.0-1_amd64.deb ...
#6 8.111 Unpacking libbsd-dev:amd64 (0.10.0-1) ...
#6 8.177 Selecting previously unselected package libcurl4-openssl-dev:amd64.
#6 8.180 Preparing to unpack .../07-libcurl4-openssl-dev_7.68.0-1ubuntu2.7_amd64.deb ...
#6 8.184 Unpacking libcurl4-openssl-dev:amd64 (7.68.0-1ubuntu2.7) ...
#6 8.263 Selecting previously unselected package libncurses-dev:amd64.
#6 8.266 Preparing to unpack .../08-libncurses-dev_6.2-0ubuntu2_amd64.deb ...
#6 8.270 Unpacking libncurses-dev:amd64 (6.2-0ubuntu2) ...
#6 8.358 Selecting previously unselected package libedit-dev:amd64.
#6 8.361 Preparing to unpack .../09-libedit-dev_3.1-20191231-1_amd64.deb ...
#6 8.365 Unpacking libedit-dev:amd64 (3.1-20191231-1) ...
#6 8.425 Selecting previously unselected package libltdl7:amd64.
#6 8.428 Preparing to unpack .../10-libltdl7_2.4.6-14_amd64.deb ...
#6 8.432 Unpacking libltdl7:amd64 (2.4.6-14) ...
#6 8.469 Selecting previously unselected package libltdl-dev:amd64.
#6 8.472 Preparing to unpack .../11-libltdl-dev_2.4.6-14_amd64.deb ...
#6 8.476 Unpacking libltdl-dev:amd64 (2.4.6-14) ...
#6 8.544 Selecting previously unselected package libsqlite3-dev:amd64.
#6 8.547 Preparing to unpack .../12-libsqlite3-dev_3.31.1-4ubuntu0.2_amd64.deb ...
#6 8.550 Unpacking libsqlite3-dev:amd64 (3.31.1-4ubuntu0.2) ...
#6 8.668 Selecting previously unselected package libssl-dev:amd64.
#6 8.671 Preparing to unpack .../13-libssl-dev_1.1.1f-1ubuntu2.10_amd64.deb ...
#6 8.675 Unpacking libssl-dev:amd64 (1.1.1f-1ubuntu2.10) ...
#6 8.896 Selecting previously unselected package libtool.
#6 8.899 Preparing to unpack .../14-libtool_2.4.6-14_all.deb ...
#6 8.904 Unpacking libtool (2.4.6-14) ...
#6 8.979 Selecting previously unselected package pkg-config.
#6 8.982 Preparing to unpack .../15-pkg-config_0.29.1-0ubuntu4_amd64.deb ...
#6 8.988 Unpacking pkg-config (0.29.1-0ubuntu4) ...
#6 9.036 Selecting previously unselected package re2c.
#6 9.039 Preparing to unpack .../16-re2c_1.3-1ubuntu0.1_amd64.deb ...
#6 9.045 Unpacking re2c (1.3-1ubuntu0.1) ...
#6 9.118 Selecting previously unselected package zlib1g-dev:amd64.
#6 9.120 Preparing to unpack .../17-zlib1g-dev_1%3a1.2.11.dfsg-2ubuntu1.2_amd64.deb ...
#6 9.124 Unpacking zlib1g-dev:amd64 (1:1.2.11.dfsg-2ubuntu1.2) ...
#6 9.207 Setting up libncurses-dev:amd64 (6.2-0ubuntu2) ...
#6 9.228 Setting up autotools-dev (20180224.1) ...
#6 9.240 Setting up libsqlite3-dev:amd64 (3.31.1-4ubuntu0.2) ...
#6 9.257 Setting up libcurl4-openssl-dev:amd64 (7.68.0-1ubuntu2.7) ...
#6 9.273 Setting up libsigsegv2:amd64 (2.12-2) ...
#6 9.289 Setting up libssl-dev:amd64 (1.1.1f-1ubuntu2.10) ...
#6 9.306 Setting up pkg-config (0.29.1-0ubuntu4) ...
#6 9.392 Setting up libltdl7:amd64 (2.4.6-14) ...
#6 9.403 Setting up zlib1g-dev:amd64 (1:1.2.11.dfsg-2ubuntu1.2) ...
#6 9.414 Setting up re2c (1.3-1ubuntu0.1) ...
#6 9.425 Setting up libbsd-dev:amd64 (0.10.0-1) ...
#6 9.436 Setting up libtool (2.4.6-14) ...
#6 9.447 Setting up m4 (1.4.18-4) ...
#6 9.458 Setting up libedit-dev:amd64 (3.1-20191231-1) ...
#6 9.469 Setting up autoconf (2.69-11.1) ...
#6 9.485 Setting up bison (2:3.5.1+dfsg-1) ...
#6 9.507 update-alternatives: using /usr/bin/bison.yacc to provide /usr/bin/yacc (yacc) in auto mode
#6 9.507 update-alternatives: warning: skip creation of /usr/share/man/man1/yacc.1.gz because associated file /usr/share/man/man1/bison.yacc.1.gz (of link group yacc) doesn't exist
#6 9.516 Setting up automake (1:1.16.1-4ubuntu6) ...
#6 9.530 update-alternatives: using /usr/bin/automake-1.16 to provide /usr/bin/automake (automake) in auto mode
#6 9.530 update-alternatives: warning: skip creation of /usr/share/man/man1/automake.1.gz because associated file /usr/share/man/man1/automake-1.16.1.gz (of link group automake) doesn't exist
#6 9.530 update-alternatives: warning: skip creation of /usr/share/man/man1/aclocal.1.gz because associated file /usr/share/man/man1/aclocal-1.16.1.gz (of link group automake) doesn't exist
#6 9.538 Setting up libltdl-dev:amd64 (2.4.6-14) ...
#6 9.555 Processing triggers for libc-bin (2.31-0ubuntu9.2) ...
#6 DONE 10.2s

#7 [3/6] RUN git clone --depth 1 --branch master https://github.com/php/php-src.git php-src
#7 sha256:c3111df4806d7252ce6900abca38d1a15a917e0f90632066a5a6ae717fe214f7
#7 0.498 Cloning into 'php-src'...
#7 6.919 Updating files:  43% (9039/20967)Updating files:  44% (9226/20967)Updating files:  45% (9436/20967)Updating files:  46% (9645/20967)Updating files:  47% (9855/20967)Updating files:  48% (10065/20967)Updating files:  49% (10274/20967)Updating files:  50% (10484/20967)Updating files:  51% (10694/20967)Updating files:  52% (10903/20967)Updating files:  53% (11113/20967)Updating files:  54% (11323/20967)Updating files:  55% (11532/20967)Updating files:  56% (11742/20967)Updating files:  57% (11952/20967)Updating files:  58% (12161/20967)Updating files:  59% (12371/20967)Updating files:  60% (12581/20967)Updating files:  61% (12790/20967)Updating files:  62% (13000/20967)Updating files:  63% (13210/20967)Updating files:  64% (13419/20967)Updating files:  65% (13629/20967)Updating files:  66% (13839/20967)Updating files:  67% (14048/20967)Updating files:  68% (14258/20967)Updating files:  69% (14468/20967)Updating files:  70% (14677/20967)Updating files:  71% (14887/20967)Updating files:  72% (15097/20967)Updating files:  73% (15306/20967)Updating files:  74% (15516/20967)Updating files:  75% (15726/20967)Updating files:  76% (15935/20967)Updating files:  77% (16145/20967)Updating files:  78% (16355/20967)Updating files:  79% (16564/20967)Updating files:  80% (16774/20967)Updating files:  81% (16984/20967)Updating files:  82% (17193/20967)Updating files:  83% (17403/20967)Updating files:  84% (17613/20967)Updating files:  85% (17822/20967)Updating files:  86% (18032/20967)Updating files:  87% (18242/20967)Updating files:  88% (18451/20967)Updating files:  89% (18661/20967)Updating files:  90% (18871/20967)Updating files:  91% (19080/20967)Updating files:  92% (19290/20967)Updating files:  93% (19500/20967)Updating files:  94% (19709/20967)Updating files:  95% (19919/20967)Updating files:  96% (20129/20967)Updating files:  96% (20238/20967)Updating files:  97% (20338/20967)Updating files:  98% (20548/20967)Updating files:  99% (20758/20967)Updating files: 100% (20967/20967)Updating files: 100% (20967/20967), done.
#7 DONE 9.0s

#8 [4/6] RUN git clone --depth 1 https://github.com/smalyshev/php-fuzzing-sapi.git php-src/sapi/fuzzer
#8 sha256:2aa58ac3aac2ef1e095a2f4bc0cf9083ddd23b90a59cca189b6c3e3ad2387448
#8 0.547 fatal: destination path 'php-src/sapi/fuzzer' already exists and is not an empty directory.
#8 ERROR: executor failed running [/bin/sh -c git clone --depth 1 https://github.com/smalyshev/php-fuzzing-sapi.git php-src/sapi/fuzzer]: exit code: 128
------
 > importing cache manifest from gcr.io/fuzzbench/builders/benchmark/php_php:
------
------
 > [4/6] RUN git clone --depth 1 https://github.com/smalyshev/php-fuzzing-sapi.git php-src/sapi/fuzzer:
------
executor failed running [/bin/sh -c git clone --depth 1 https://github.com/smalyshev/php-fuzzing-sapi.git php-src/sapi/fuzzer]: exit code: 128
make: *** [docker/generated.mk:52942: .php_php-project-builder] Error 1
/bin/sh: 1: source: not found
#2 [internal] load .dockerignore
#2 sha256:654d25de73874bf8b1cfb8724f5f009697d1be2c279122011af37cdad58fe0af
#2 transferring context: 2B done
#2 DONE 0.2s

#1 [internal] load build definition from Dockerfile
#1 sha256:911be285c7d2b3ed88bb6e6e2516fbe21c952be026d9bae14a355e8128020d09
#1 transferring dockerfile: 32B done
#1 DONE 0.2s

#3 [internal] load metadata for gcr.io/oss-fuzz-base/base-builder:latest
#3 sha256:f10dc39cc9d418a5bc416dead31a1902b6821fdae909cd3b08f7a3fd1faba7b5
#3 DONE 0.4s

#10 [internal] load build context
#10 sha256:8972515400e258dac981871ac0161cb1784734c5f4402c0798ff3bb11087bdf6
#10 DONE 0.0s

#5 [1/6] FROM gcr.io/oss-fuzz-base/base-builder@sha256:77750d283f2957d1beeddda2e8f6c5604ab5f969a3616e9cac40f4261ca04c0a
#5 sha256:7999addb2cd81975cd6421c6aaef5643a901995c540a40e8df741ab4c30f6043
#5 DONE 0.0s

#4 importing cache manifest from gcr.io/fuzzbench/builders/benchmark/php_php
#4 sha256:ac38302dc180a9791c7b5dc598d397d0e7f438579d31c661c297ea751d3f8645
#4 ERROR: gcr.io/fuzzbench/builders/benchmark/php_php:latest: not found

#6 [2/6] RUN apt-get update && apt-get install -y make autoconf automake libtool bison re2c make ca-certificates curl 	xz-utils dpkg-dev file libc-dev pkg-config libcurl4-openssl-dev libedit-dev libsqlite3-dev libssl-dev zlib1g-dev
#6 sha256:85929956974593f326a4706891c1fac61edb0c750e065e3e7673d9df8590c2ac
#6 CACHED

#7 [3/6] RUN git clone --depth 1 --branch master https://github.com/php/php-src.git php-src
#7 sha256:c3111df4806d7252ce6900abca38d1a15a917e0f90632066a5a6ae717fe214f7
#7 CACHED

#10 [internal] load build context
#10 sha256:8972515400e258dac981871ac0161cb1784734c5f4402c0798ff3bb11087bdf6
#10 transferring context: 30B done
#10 DONE 0.0s

#8 [4/6] RUN git clone --depth 1 https://github.com/smalyshev/php-fuzzing-sapi.git php-src/sapi/fuzzer
#8 sha256:2aa58ac3aac2ef1e095a2f4bc0cf9083ddd23b90a59cca189b6c3e3ad2387448
#8 0.341 fatal: destination path 'php-src/sapi/fuzzer' already exists and is not an empty directory.
#8 ERROR: executor failed running [/bin/sh -c git clone --depth 1 https://github.com/smalyshev/php-fuzzing-sapi.git php-src/sapi/fuzzer]: exit code: 128
------
 > importing cache manifest from gcr.io/fuzzbench/builders/benchmark/php_php:
------
------
 > [4/6] RUN git clone --depth 1 https://github.com/smalyshev/php-fuzzing-sapi.git php-src/sapi/fuzzer:
------
executor failed running [/bin/sh -c git clone --depth 1 https://github.com/smalyshev/php-fuzzing-sapi.git php-src/sapi/fuzzer]: exit code: 128
make: *** [docker/generated.mk:52942: .php_php-project-builder] Error 1
