WARNING:root:gcloud not found in PATH.
INFO:root:Successfully integrated benchmark: rnp_rnp.
INFO:root:Please run "make test-run-afl-rnp_rnp" to test integration.
#1 [internal] load build definition from Dockerfile
#1 sha256:60ce2890e9f9b95ebc6742efc874a76e0b683f509a999a4737fce19a043c15a9
#1 transferring dockerfile:
#1 transferring dockerfile: 1.06kB done
#1 ...

#2 [internal] load .dockerignore
#2 sha256:1ce7ed1d5e099b69e11cb3ddfe246539bd058eb0ae5b2394072110179263939a
#2 transferring context: 2B done
#2 DONE 0.3s

#1 [internal] load build definition from Dockerfile
#1 sha256:60ce2890e9f9b95ebc6742efc874a76e0b683f509a999a4737fce19a043c15a9
#1 DONE 0.4s

#3 [internal] load metadata for gcr.io/oss-fuzz-base/base-builder:latest
#3 sha256:f10dc39cc9d418a5bc416dead31a1902b6821fdae909cd3b08f7a3fd1faba7b5
#3 DONE 0.4s

#10 [internal] load build context
#10 sha256:f5b353b3bb036a1d2d1d31969d2755b1261d16c26cb9f3d4e550fba8b25ed788
#10 DONE 0.0s

#5 [1/6] FROM gcr.io/oss-fuzz-base/base-builder@sha256:4ad017ca53699eda684c1c444948c93a4af848fe34baee3a765d3c4693fe6a56
#5 sha256:3f10b3978a3951f6e2692fa5e5890ee5a755650381dedece7198ed0b1dcdaa8c
#5 DONE 0.0s

#4 importing cache manifest from gcr.io/fuzzbench/builders/benchmark/rnp_rnp
#4 sha256:b9d2186777b6b4d48cddc56bb0cd12f2b97315efb817296f6c92d5433442826f
#4 ERROR: gcr.io/fuzzbench/builders/benchmark/rnp_rnp:latest: not found

#6 [2/6] RUN apt-get update
#6 sha256:a6d77b38cea6957484d7ea86a58c6509c63c4bd904ad6c8458b9778c2cf52475
#6 CACHED

#10 [internal] load build context
#10 sha256:f5b353b3bb036a1d2d1d31969d2755b1261d16c26cb9f3d4e550fba8b25ed788
#10 transferring context: 2.32kB done
#10 DONE 0.1s

#7 [3/6] RUN apt-get install -y     make     autoconf     automake     libtool     cmake     patchelf     libbz2-dev     zlib1g-dev     libjson-c-dev     build-essential     python-minimal     wget
#7 sha256:feac450d41722ed8856ee971eb6e63167f90b94672efa855e33d119081ab4001
#7 0.521 Reading package lists...
#7 1.979 Building dependency tree...
#7 2.197 Reading state information...
#7 2.227 Package python-minimal is not available, but is referred to by another package.
#7 2.227 This may mean that the package is missing, has been obsoleted, or
#7 2.227 is only available from another source
#7 2.227 However the following packages replace it:
#7 2.227   python2-minimal:i386 python2-minimal
#7 2.227 
#7 2.231 E: Package 'python-minimal' has no installation candidate
#7 ERROR: executor failed running [/bin/sh -c apt-get install -y     make     autoconf     automake     libtool     cmake     patchelf     libbz2-dev     zlib1g-dev     libjson-c-dev     build-essential     python-minimal     wget]: exit code: 100
------
 > importing cache manifest from gcr.io/fuzzbench/builders/benchmark/rnp_rnp:
------
------
 > [3/6] RUN apt-get install -y     make     autoconf     automake     libtool     cmake     patchelf     libbz2-dev     zlib1g-dev     libjson-c-dev     build-essential     python-minimal     wget:
------
executor failed running [/bin/sh -c apt-get install -y     make     autoconf     automake     libtool     cmake     patchelf     libbz2-dev     zlib1g-dev     libjson-c-dev     build-essential     python-minimal     wget]: exit code: 100
make: *** [docker/generated.mk:60985: .rnp_rnp-project-builder] Error 1
/bin/sh: 1: source: not found
#1 [internal] load build definition from Dockerfile
#1 sha256:c1352b8b939d7ae0854e585fe84fd4195bf64911a5e96ba416239bb89196a983
#1 transferring dockerfile: 32B done
#1 DONE 0.5s

#2 [internal] load .dockerignore
#2 sha256:a1850fcc406bef96db298b506e332c74e1812e3946c3bad6e4fce4fbbb56c3aa
#2 transferring context: 2B done
#2 DONE 0.8s

#3 [internal] load metadata for gcr.io/oss-fuzz-base/base-builder:latest
#3 sha256:f10dc39cc9d418a5bc416dead31a1902b6821fdae909cd3b08f7a3fd1faba7b5
#3 DONE 0.7s

#10 [internal] load build context
#10 sha256:61ea7aafff279cc20476cc0035ec342d41ac6cc35e77e077c28f695784e954f7
#10 DONE 0.0s

#5 [1/6] FROM gcr.io/oss-fuzz-base/base-builder@sha256:4ad017ca53699eda684c1c444948c93a4af848fe34baee3a765d3c4693fe6a56
#5 sha256:3f10b3978a3951f6e2692fa5e5890ee5a755650381dedece7198ed0b1dcdaa8c
#5 DONE 0.0s

#4 importing cache manifest from gcr.io/fuzzbench/builders/benchmark/rnp_rnp
#4 sha256:b9d2186777b6b4d48cddc56bb0cd12f2b97315efb817296f6c92d5433442826f
#4 ERROR: gcr.io/fuzzbench/builders/benchmark/rnp_rnp:latest: not found

#6 [2/6] RUN apt-get update
#6 sha256:a6d77b38cea6957484d7ea86a58c6509c63c4bd904ad6c8458b9778c2cf52475
#6 CACHED

#10 [internal] load build context
#10 sha256:61ea7aafff279cc20476cc0035ec342d41ac6cc35e77e077c28f695784e954f7
#10 transferring context: 30B done
#10 DONE 0.6s

#7 [3/6] RUN apt-get install -y     make     autoconf     automake     libtool     cmake     patchelf     libbz2-dev     zlib1g-dev     libjson-c-dev     build-essential     python-minimal     wget
#7 sha256:feac450d41722ed8856ee971eb6e63167f90b94672efa855e33d119081ab4001
#7 1.097 Reading package lists...
#7 2.507 Building dependency tree...
#7 2.721 Reading state information...
#7 2.750 Package python-minimal is not available, but is referred to by another package.
#7 2.750 This may mean that the package is missing, has been obsoleted, or
#7 2.750 is only available from another source
#7 2.750 However the following packages replace it:
#7 2.750   python2-minimal:i386 python2-minimal
#7 2.750 
#7 2.754 E: Package 'python-minimal' has no installation candidate
#7 ERROR: executor failed running [/bin/sh -c apt-get install -y     make     autoconf     automake     libtool     cmake     patchelf     libbz2-dev     zlib1g-dev     libjson-c-dev     build-essential     python-minimal     wget]: exit code: 100
------
 > importing cache manifest from gcr.io/fuzzbench/builders/benchmark/rnp_rnp:
------
------
 > [3/6] RUN apt-get install -y     make     autoconf     automake     libtool     cmake     patchelf     libbz2-dev     zlib1g-dev     libjson-c-dev     build-essential     python-minimal     wget:
------
executor failed running [/bin/sh -c apt-get install -y     make     autoconf     automake     libtool     cmake     patchelf     libbz2-dev     zlib1g-dev     libjson-c-dev     build-essential     python-minimal     wget]: exit code: 100
make: *** [docker/generated.mk:60985: .rnp_rnp-project-builder] Error 1
