WARNING:root:gcloud not found in PATH.
INFO:root:Successfully integrated benchmark: libpng-proto_png_proto_fuzzer_example.
INFO:root:Please run "make test-run-afl-libpng-proto_png_proto_fuzzer_example" to test integration.
#2 [internal] load .dockerignore
#2 sha256:cc68229a3386a925acab2c19aa803e3f790255602ac254ecdc17cc08a7c7983a
#2 transferring context: 2B done
#2 DONE 0.2s

#1 [internal] load build definition from Dockerfile
#1 sha256:bab96194347fdbd6cf3ac0abf14e1c951fd3ae4f5a69a95be1fe110f25102479
#1 transferring dockerfile: 1.35kB 0.0s done
#1 DONE 0.2s

#3 [internal] load metadata for gcr.io/oss-fuzz-base/base-builder:latest
#3 sha256:f10dc39cc9d418a5bc416dead31a1902b6821fdae909cd3b08f7a3fd1faba7b5
#3 DONE 0.4s

#4 importing cache manifest from gcr.io/fuzzbench/builders/benchmark/libpng-proto_png_proto_fuzzer_example
#4 sha256:13c0e4be8462cc001d1445445bb9cd2eaa5d385ed44db5cf3e5afe38d9628cf9
#4 ...

#11 [internal] load build context
#11 sha256:5ac109ddf1a580bb82f7a7646ea292ff2ecf53192a7c97514babc465b9a6178f
#11 DONE 0.0s

#5 [1/7] FROM gcr.io/oss-fuzz-base/base-builder@sha256:41d7bbe7827592680a606c9bba1aeb6e23c7502ce8b633923b06542f4c706e7c
#5 sha256:660db69324ed478291dd329cbbfe422dccbc173f9ab806c069fac341073eab8c
#5 DONE 0.0s

#4 importing cache manifest from gcr.io/fuzzbench/builders/benchmark/libpng-proto_png_proto_fuzzer_example
#4 sha256:13c0e4be8462cc001d1445445bb9cd2eaa5d385ed44db5cf3e5afe38d9628cf9
#4 ERROR: gcr.io/fuzzbench/builders/benchmark/libpng-proto_png_proto_fuzzer_example:latest: not found

#6 [2/7] RUN apt-get update &&     apt-get install -y make autoconf automake libtool zlib1g-dev ninja-build cmake
#6 sha256:4fc20019cb390fb1f040bcdd39a29ed107bc04128e84b0b7eb235a06bcb8673e
#6 CACHED

#7 [3/7] RUN git clone --depth 1 https://github.com/glennrp/libpng.git
#7 sha256:5dc00fa862443af3d27d644c2d65a0faca7a433f989a2b77bf82448f15b73e4c
#7 CACHED

#8 [4/7] RUN git clone --depth 1 https://github.com/google/libprotobuf-mutator.git
#8 sha256:79e7e47577b03be5aec6785093d07e5bb1ac586af7308d0bb6d47560dcb5b8d5
#8 CACHED

#11 [internal] load build context
#11 sha256:5ac109ddf1a580bb82f7a7646ea292ff2ecf53192a7c97514babc465b9a6178f
#11 transferring context: 6.65kB done
#11 DONE 0.1s

#9 [5/7] RUN git clone --depth 1 https://github.com/google/fuzzer-test-suite
#9 sha256:c6a6cf3dee462cdda80c8cb4a1d92840b9b0feb1f15d98e03477d1619a40f524
#9 0.441 Cloning into 'fuzzer-test-suite'...
#9 DONE 1.8s

#10 [6/7] RUN (mkdir LPM && cd LPM && cmake ../libprotobuf-mutator -GNinja -DLIB_PROTO_MUTATOR_DOWNLOAD_PROTOBUF=ON -DLIB_PROTO_MUTATOR_TESTING=OFF -DCMAKE_BUILD_TYPE=Release && ninja)
#10 sha256:8cd9cd5cdcd36066abb3482613a6948d455792435931fcdbe4f352350713360a
#10 0.711 -- The CXX compiler identification is Clang 14.0.0
#10 0.745 -- Detecting CXX compiler ABI info
#10 0.832 -- Detecting CXX compiler ABI info - done
#10 0.846 -- Check for working CXX compiler: /usr/local/bin/clang++ - skipped
#10 0.853 -- Detecting CXX compile features
#10 0.855 -- Detecting CXX compile features - done
#10 0.925 -- The C compiler identification is Clang 14.0.0
#10 0.942 -- Detecting C compiler ABI info
#10 1.014 -- Detecting C compiler ABI info - done
#10 1.028 -- Check for working C compiler: /usr/local/bin/clang - skipped
#10 1.028 -- Detecting C compile features
#10 1.029 -- Detecting C compile features - done
#10 1.042 -- Looking for pthread.h
#10 1.120 -- Looking for pthread.h - found
#10 1.120 -- Performing Test CMAKE_HAVE_LIBC_PTHREAD
#10 1.201 -- Performing Test CMAKE_HAVE_LIBC_PTHREAD - Failed
#10 1.201 -- Check if compiler accepts -pthread
#10 1.292 -- Check if compiler accepts -pthread - yes
#10 1.300 -- Found Threads: TRUE  
#10 1.313 -- Could NOT find LibLZMA (missing: LIBLZMA_LIBRARY LIBLZMA_INCLUDE_DIR LIBLZMA_HAS_AUTO_DECODER LIBLZMA_HAS_EASY_ENCODER LIBLZMA_HAS_LZMA_PRESET) 
#10 1.328 -- Found ZLIB: /usr/lib/x86_64-linux-gnu/libz.so (found version "1.2.11") 
#10 1.330 -- Performing Test LIB_PROTO_MUTATOR_HAS_SANITIZE_ADDRESS
#10 1.615 -- Performing Test LIB_PROTO_MUTATOR_HAS_SANITIZE_ADDRESS - Success
#10 1.616 -- Performing Test LIB_PROTO_MUTATOR_HAS_SANITIZE_SCOPE
#10 1.844 -- Performing Test LIB_PROTO_MUTATOR_HAS_SANITIZE_SCOPE - Success
#10 1.846 -- Performing Test LIB_PROTO_MUTATOR_HAS_NO_COVERAGE
#10 1.924 -- Performing Test LIB_PROTO_MUTATOR_HAS_NO_COVERAGE - Success
#10 1.925 -- Performing Test LIB_PROTO_MUTATOR_HAS_SANITIZE_FUZZER
#10 2.120 -- Performing Test LIB_PROTO_MUTATOR_HAS_SANITIZE_FUZZER - Success
#10 2.121 -- Performing Test LIB_PROTO_MUTATOR_HAS_NO_SANITIZE_FUZZER
#10 2.194 -- Performing Test LIB_PROTO_MUTATOR_HAS_NO_SANITIZE_FUZZER - Success
#10 2.196 -- Performing Test LIB_PROTO_MUTATOR_HAS_WSTRING_CONVERSION
#10 2.269 -- Performing Test LIB_PROTO_MUTATOR_HAS_WSTRING_CONVERSION - Success
#10 2.286 -- Could NOT find Protobuf (missing: Protobuf_LIBRARIES Protobuf_INCLUDE_DIR) 
#10 2.412 -- Configuring done
#10 2.414 CMake Error: The following variables are used in this project, but they are set to NOTFOUND.
#10 2.414 Please set them or make sure they are set and tested correctly in the CMake files:
#10 2.414 LIBLZMA_LIBRARY (ADVANCED)
#10 2.414     linked by target "libxml2_example" in directory /src/libprotobuf-mutator/examples/libxml2
#10 2.414 
#10 2.439 -- Generating done
#10 2.443 CMake Generate step failed.  Build files cannot be regenerated correctly.
#10 ERROR: executor failed running [/bin/sh -c (mkdir LPM && cd LPM && cmake ../libprotobuf-mutator -GNinja -DLIB_PROTO_MUTATOR_DOWNLOAD_PROTOBUF=ON -DLIB_PROTO_MUTATOR_TESTING=OFF -DCMAKE_BUILD_TYPE=Release && ninja)]: exit code: 1
------
 > importing cache manifest from gcr.io/fuzzbench/builders/benchmark/libpng-proto_png_proto_fuzzer_example:
------
------
 > [6/7] RUN (mkdir LPM && cd LPM && cmake ../libprotobuf-mutator -GNinja -DLIB_PROTO_MUTATOR_DOWNLOAD_PROTOBUF=ON -DLIB_PROTO_MUTATOR_TESTING=OFF -DCMAKE_BUILD_TYPE=Release && ninja):
------
executor failed running [/bin/sh -c (mkdir LPM && cd LPM && cmake ../libprotobuf-mutator -GNinja -DLIB_PROTO_MUTATOR_DOWNLOAD_PROTOBUF=ON -DLIB_PROTO_MUTATOR_TESTING=OFF -DCMAKE_BUILD_TYPE=Release && ninja)]: exit code: 1
make: *** [docker/generated.mk:34306: .libpng-proto_png_proto_fuzzer_example-project-builder] Error 1
/bin/sh: 1: source: not found
#1 [internal] load build definition from Dockerfile
#1 sha256:b36931b1538cdcda09e9506de18468f1aff71f0f57215ccc3aed550084adf166
#1 transferring dockerfile: 32B done
#1 DONE 0.1s

#2 [internal] load .dockerignore
#2 sha256:0092458ec49ae7719291c5859f359bbb6262981f8d6893bcc68d47049eb975a9
#2 transferring context: 2B done
#2 DONE 0.1s

#3 [internal] load metadata for gcr.io/oss-fuzz-base/base-builder:latest
#3 sha256:f10dc39cc9d418a5bc416dead31a1902b6821fdae909cd3b08f7a3fd1faba7b5
#3 DONE 0.4s

#11 [internal] load build context
#11 sha256:a6509d4bd123846139437a63a337008b8160f2b2bc8afed169e896f10035f2f4
#11 DONE 0.0s

#5 [1/7] FROM gcr.io/oss-fuzz-base/base-builder@sha256:41d7bbe7827592680a606c9bba1aeb6e23c7502ce8b633923b06542f4c706e7c
#5 sha256:660db69324ed478291dd329cbbfe422dccbc173f9ab806c069fac341073eab8c
#5 DONE 0.0s

#4 importing cache manifest from gcr.io/fuzzbench/builders/benchmark/libpng-proto_png_proto_fuzzer_example
#4 sha256:13c0e4be8462cc001d1445445bb9cd2eaa5d385ed44db5cf3e5afe38d9628cf9
#4 ERROR: gcr.io/fuzzbench/builders/benchmark/libpng-proto_png_proto_fuzzer_example:latest: not found

#6 [2/7] RUN apt-get update &&     apt-get install -y make autoconf automake libtool zlib1g-dev ninja-build cmake
#6 sha256:4fc20019cb390fb1f040bcdd39a29ed107bc04128e84b0b7eb235a06bcb8673e
#6 CACHED

#7 [3/7] RUN git clone --depth 1 https://github.com/glennrp/libpng.git
#7 sha256:5dc00fa862443af3d27d644c2d65a0faca7a433f989a2b77bf82448f15b73e4c
#7 CACHED

#8 [4/7] RUN git clone --depth 1 https://github.com/google/libprotobuf-mutator.git
#8 sha256:79e7e47577b03be5aec6785093d07e5bb1ac586af7308d0bb6d47560dcb5b8d5
#8 CACHED

#9 [5/7] RUN git clone --depth 1 https://github.com/google/fuzzer-test-suite
#9 sha256:c6a6cf3dee462cdda80c8cb4a1d92840b9b0feb1f15d98e03477d1619a40f524
#9 CACHED

#11 [internal] load build context
#11 sha256:a6509d4bd123846139437a63a337008b8160f2b2bc8afed169e896f10035f2f4
#11 transferring context: 164B done
#11 DONE 0.1s

#10 [6/7] RUN (mkdir LPM && cd LPM && cmake ../libprotobuf-mutator -GNinja -DLIB_PROTO_MUTATOR_DOWNLOAD_PROTOBUF=ON -DLIB_PROTO_MUTATOR_TESTING=OFF -DCMAKE_BUILD_TYPE=Release && ninja)
#10 sha256:8cd9cd5cdcd36066abb3482613a6948d455792435931fcdbe4f352350713360a
#10 1.066 -- The CXX compiler identification is Clang 14.0.0
#10 1.079 -- Detecting CXX compiler ABI info
#10 1.156 -- Detecting CXX compiler ABI info - done
#10 1.171 -- Check for working CXX compiler: /usr/local/bin/clang++ - skipped
#10 1.172 -- Detecting CXX compile features
#10 1.173 -- Detecting CXX compile features - done
#10 1.236 -- The C compiler identification is Clang 14.0.0
#10 1.246 -- Detecting C compiler ABI info
#10 1.314 -- Detecting C compiler ABI info - done
#10 1.328 -- Check for working C compiler: /usr/local/bin/clang - skipped
#10 1.329 -- Detecting C compile features
#10 1.330 -- Detecting C compile features - done
#10 1.335 -- Looking for pthread.h
#10 1.414 -- Looking for pthread.h - found
#10 1.414 -- Performing Test CMAKE_HAVE_LIBC_PTHREAD
#10 1.496 -- Performing Test CMAKE_HAVE_LIBC_PTHREAD - Failed
#10 1.496 -- Check if compiler accepts -pthread
#10 1.578 -- Check if compiler accepts -pthread - yes
#10 1.580 -- Found Threads: TRUE  
#10 1.590 -- Could NOT find LibLZMA (missing: LIBLZMA_LIBRARY LIBLZMA_INCLUDE_DIR LIBLZMA_HAS_AUTO_DECODER LIBLZMA_HAS_EASY_ENCODER LIBLZMA_HAS_LZMA_PRESET) 
#10 1.605 -- Found ZLIB: /usr/lib/x86_64-linux-gnu/libz.so (found version "1.2.11") 
#10 1.607 -- Performing Test LIB_PROTO_MUTATOR_HAS_SANITIZE_ADDRESS
#10 1.837 -- Performing Test LIB_PROTO_MUTATOR_HAS_SANITIZE_ADDRESS - Success
#10 1.838 -- Performing Test LIB_PROTO_MUTATOR_HAS_SANITIZE_SCOPE
#10 2.066 -- Performing Test LIB_PROTO_MUTATOR_HAS_SANITIZE_SCOPE - Success
#10 2.067 -- Performing Test LIB_PROTO_MUTATOR_HAS_NO_COVERAGE
#10 2.141 -- Performing Test LIB_PROTO_MUTATOR_HAS_NO_COVERAGE - Success
#10 2.143 -- Performing Test LIB_PROTO_MUTATOR_HAS_SANITIZE_FUZZER
#10 2.311 -- Performing Test LIB_PROTO_MUTATOR_HAS_SANITIZE_FUZZER - Success
#10 2.313 -- Performing Test LIB_PROTO_MUTATOR_HAS_NO_SANITIZE_FUZZER
#10 2.388 -- Performing Test LIB_PROTO_MUTATOR_HAS_NO_SANITIZE_FUZZER - Success
#10 2.389 -- Performing Test LIB_PROTO_MUTATOR_HAS_WSTRING_CONVERSION
#10 2.465 -- Performing Test LIB_PROTO_MUTATOR_HAS_WSTRING_CONVERSION - Success
#10 2.478 -- Could NOT find Protobuf (missing: Protobuf_LIBRARIES Protobuf_INCLUDE_DIR) 
#10 2.577 -- Configuring done
#10 2.580 CMake Error: The following variables are used in this project, but they are set to NOTFOUND.
#10 2.580 Please set them or make sure they are set and tested correctly in the CMake files:
#10 2.580 LIBLZMA_LIBRARY (ADVANCED)
#10 2.580     linked by target "libxml2_example" in directory /src/libprotobuf-mutator/examples/libxml2
#10 2.580 
#10 2.605 -- Generating done
#10 2.609 CMake Generate step failed.  Build files cannot be regenerated correctly.
#10 ERROR: executor failed running [/bin/sh -c (mkdir LPM && cd LPM && cmake ../libprotobuf-mutator -GNinja -DLIB_PROTO_MUTATOR_DOWNLOAD_PROTOBUF=ON -DLIB_PROTO_MUTATOR_TESTING=OFF -DCMAKE_BUILD_TYPE=Release && ninja)]: exit code: 1
------
 > importing cache manifest from gcr.io/fuzzbench/builders/benchmark/libpng-proto_png_proto_fuzzer_example:
------
------
 > [6/7] RUN (mkdir LPM && cd LPM && cmake ../libprotobuf-mutator -GNinja -DLIB_PROTO_MUTATOR_DOWNLOAD_PROTOBUF=ON -DLIB_PROTO_MUTATOR_TESTING=OFF -DCMAKE_BUILD_TYPE=Release && ninja):
------
executor failed running [/bin/sh -c (mkdir LPM && cd LPM && cmake ../libprotobuf-mutator -GNinja -DLIB_PROTO_MUTATOR_DOWNLOAD_PROTOBUF=ON -DLIB_PROTO_MUTATOR_TESTING=OFF -DCMAKE_BUILD_TYPE=Release && ninja)]: exit code: 1
make: *** [docker/generated.mk:34306: .libpng-proto_png_proto_fuzzer_example-project-builder] Error 1
