WARNING:root:gcloud not found in PATH.
INFO:root:Successfully integrated benchmark: karchive_karchive_fuzzer.
INFO:root:Please run "make test-run-afl-karchive_karchive_fuzzer" to test integration.
#2 [internal] load .dockerignore
#2 sha256:7299f45be8e222432fc4e95899333021d5f506e7855db0c4c4e4bbab93ee4a73
#2 transferring context: 2B done
#2 ...

#1 [internal] load build definition from Dockerfile
#1 sha256:4beecf5ca7de8504d0faa3f4ab82b095c79450360874547925a23b6ace6dfb37
#1 transferring dockerfile: 1.35kB done
#1 DONE 0.2s

#2 [internal] load .dockerignore
#2 sha256:7299f45be8e222432fc4e95899333021d5f506e7855db0c4c4e4bbab93ee4a73
#2 DONE 0.3s

#3 [internal] load metadata for gcr.io/oss-fuzz-base/base-builder:latest
#3 sha256:f10dc39cc9d418a5bc416dead31a1902b6821fdae909cd3b08f7a3fd1faba7b5
#3 DONE 0.7s

#14 [internal] load build context
#14 sha256:1fd154c69d688bdf55953fa94d33fb3226464800afc8d0ca5bc9b5dffd7892dc
#14 DONE 0.0s

#5 [ 1/12] FROM gcr.io/oss-fuzz-base/base-builder@sha256:f4e5ea12494fab091c5d830cf803b3421f2860f729b9d1b07da44924396cf8cf
#5 sha256:ef290950573a2779ee526af357b28fbddfc20d7409aa51f58f777c9e972cba29
#5 DONE 0.0s

#4 importing cache manifest from gcr.io/fuzzbench/builders/benchmark/karchive_karchive_fuzzer
#4 sha256:fcbd45a82263c4e04a5c67bb2c824355c5bf6a4d636e0f5eedc1c88878ab89eb
#4 ERROR: gcr.io/fuzzbench/builders/benchmark/karchive_karchive_fuzzer:latest: not found

#5 [ 1/12] FROM gcr.io/oss-fuzz-base/base-builder@sha256:f4e5ea12494fab091c5d830cf803b3421f2860f729b9d1b07da44924396cf8cf
#5 sha256:ef290950573a2779ee526af357b28fbddfc20d7409aa51f58f777c9e972cba29
#5 CACHED

#14 [internal] load build context
#14 sha256:1fd154c69d688bdf55953fa94d33fb3226464800afc8d0ca5bc9b5dffd7892dc
#14 transferring context: 5.26kB done
#14 DONE 0.5s

#6 [ 2/12] RUN apt-get update && apt-get install --yes cmake make autoconf automake autopoint libtool wget po4a
#6 sha256:8ad7a1699a1ab6cdda162ae45f43cec939822d3d79aeffa837d0b38937bd416c
#6 0.577 Hit:1 http://archive.ubuntu.com/ubuntu focal InRelease
#6 0.577 Get:2 http://archive.ubuntu.com/ubuntu focal-updates InRelease [114 kB]
#6 0.577 Get:3 http://security.ubuntu.com/ubuntu focal-security InRelease [114 kB]
#6 0.577 Hit:4 http://ppa.launchpad.net/git-core/ppa/ubuntu focal InRelease
#6 0.661 Get:5 http://archive.ubuntu.com/ubuntu focal-backports InRelease [108 kB]
#6 1.141 Get:6 http://archive.ubuntu.com/ubuntu focal-updates/main amd64 Packages [1973 kB]
#6 1.307 Get:7 http://security.ubuntu.com/ubuntu focal-security/universe i386 Packages [657 kB]
#6 1.394 Get:8 http://archive.ubuntu.com/ubuntu focal-updates/main i386 Packages [752 kB]
#6 1.424 Get:9 http://security.ubuntu.com/ubuntu focal-security/main i386 Packages [464 kB]
#6 1.476 Get:10 http://archive.ubuntu.com/ubuntu focal-updates/universe i386 Packages [827 kB]
#6 1.502 Get:11 http://security.ubuntu.com/ubuntu focal-security/universe amd64 Packages [840 kB]
#6 1.608 Get:12 http://archive.ubuntu.com/ubuntu focal-updates/universe amd64 Packages [1134 kB]
#6 1.655 Get:13 http://security.ubuntu.com/ubuntu focal-security/main amd64 Packages [1546 kB]
#6 2.168 Fetched 8529 kB in 2s (5327 kB/s)
#6 2.168 Reading package lists...
#6 3.846 Reading package lists...
#6 5.277 Building dependency tree...
#6 5.488 Reading state information...
#6 5.698 make is already the newest version (4.2.1-1.2).
#6 5.698 make set to manually installed.
#6 5.698 wget is already the newest version (1.20.3-1ubuntu2).
#6 5.698 The following additional packages will be installed:
#6 5.699   autotools-dev cmake-data gettext gettext-base libarchive13 libcroco3
#6 5.699   libdatrie1 libjsoncpp1 libltdl-dev libltdl7 libmime-charset-perl libosp5
#6 5.699   librhash0 libsgmls-perl libsigsegv2 libsombok3 libterm-readkey-perl
#6 5.699   libtext-charwidth-perl libtext-wrapi18n-perl libthai-data libthai0
#6 5.700   libunicode-linebreak-perl libuv1 libyaml-tiny-perl m4 opensp sgml-base
#6 5.702 Suggested packages:
#6 5.702   autoconf-archive gnu-standards autoconf-doc cmake-doc ninja-build
#6 5.702   gettext-doc libasprintf-dev libgettextpo-dev lrzip libtool-doc
#6 5.702   libencode-hanextra-perl libpod2-base-perl sgmlspl sgmls-doc gfortran
#6 5.702   | fortran95-compiler gcj-jdk m4-doc doc-base sgml-data sgml-base-doc
#6 5.806 The following NEW packages will be installed:
#6 5.807   autoconf automake autopoint autotools-dev cmake cmake-data gettext
#6 5.807   gettext-base libarchive13 libcroco3 libdatrie1 libjsoncpp1 libltdl-dev
#6 5.808   libltdl7 libmime-charset-perl libosp5 librhash0 libsgmls-perl libsigsegv2
#6 5.808   libsombok3 libterm-readkey-perl libtext-charwidth-perl libtext-wrapi18n-perl
#6 5.808   libthai-data libthai0 libtool libunicode-linebreak-perl libuv1
#6 5.809   libyaml-tiny-perl m4 opensp po4a sgml-base
#6 5.882 0 upgraded, 33 newly installed, 0 to remove and 3 not upgraded.
#6 5.882 Need to get 11.5 MB of archives.
#6 5.882 After this operation, 48.9 MB of additional disk space will be used.
#6 5.882 Get:1 http://archive.ubuntu.com/ubuntu focal/main amd64 sgml-base all 1.29.1 [12.4 kB]
#6 5.907 Get:2 http://archive.ubuntu.com/ubuntu focal/main amd64 libtext-charwidth-perl amd64 0.04-10 [9872 B]
#6 5.913 Get:3 http://archive.ubuntu.com/ubuntu focal/main amd64 libtext-wrapi18n-perl all 0.06-9 [8264 B]
#6 5.918 Get:4 http://archive.ubuntu.com/ubuntu focal/main amd64 gettext-base amd64 0.19.8.1-10build1 [50.2 kB]
#6 5.948 Get:5 http://archive.ubuntu.com/ubuntu focal-updates/main amd64 libuv1 amd64 1.34.2-1ubuntu1.3 [80.8 kB]
#6 5.967 Get:6 http://archive.ubuntu.com/ubuntu focal/main amd64 libsigsegv2 amd64 2.12-2 [13.9 kB]
#6 5.970 Get:7 http://archive.ubuntu.com/ubuntu focal/main amd64 m4 amd64 1.4.18-4 [199 kB]
#6 5.995 Get:8 http://archive.ubuntu.com/ubuntu focal/main amd64 autoconf all 2.69-11.1 [321 kB]
#6 6.019 Get:9 http://archive.ubuntu.com/ubuntu focal/main amd64 autotools-dev all 20180224.1 [39.6 kB]
#6 6.022 Get:10 http://archive.ubuntu.com/ubuntu focal/main amd64 automake all 1:1.16.1-4ubuntu6 [522 kB]
#6 6.065 Get:11 http://archive.ubuntu.com/ubuntu focal/main amd64 autopoint all 0.19.8.1-10build1 [412 kB]
#6 6.102 Get:12 http://archive.ubuntu.com/ubuntu focal/main amd64 cmake-data all 3.16.3-1ubuntu1 [1612 kB]
#6 6.236 Get:13 http://archive.ubuntu.com/ubuntu focal/main amd64 libarchive13 amd64 3.4.0-2ubuntu1 [327 kB]
#6 6.260 Get:14 http://archive.ubuntu.com/ubuntu focal/main amd64 libjsoncpp1 amd64 1.7.4-3.1ubuntu2 [75.6 kB]
#6 6.265 Get:15 http://archive.ubuntu.com/ubuntu focal/main amd64 librhash0 amd64 1.3.9-1 [113 kB]
#6 6.274 Get:16 http://archive.ubuntu.com/ubuntu focal/main amd64 cmake amd64 3.16.3-1ubuntu1 [3669 kB]
#6 6.548 Get:17 http://archive.ubuntu.com/ubuntu focal/main amd64 libcroco3 amd64 0.6.13-1 [82.5 kB]
#6 6.553 Get:18 http://archive.ubuntu.com/ubuntu focal/main amd64 gettext amd64 0.19.8.1-10build1 [895 kB]
#6 6.621 Get:19 http://archive.ubuntu.com/ubuntu focal/main amd64 libdatrie1 amd64 0.2.12-3 [18.7 kB]
#6 6.622 Get:20 http://archive.ubuntu.com/ubuntu focal/main amd64 libltdl7 amd64 2.4.6-14 [38.5 kB]
#6 6.625 Get:21 http://archive.ubuntu.com/ubuntu focal/main amd64 libltdl-dev amd64 2.4.6-14 [162 kB]
#6 6.637 Get:22 http://archive.ubuntu.com/ubuntu focal/universe amd64 libmime-charset-perl all 1.012.2-1 [30.9 kB]
#6 6.639 Get:23 http://archive.ubuntu.com/ubuntu focal/universe amd64 libosp5 amd64 1.5.2-13ubuntu3 [652 kB]
#6 6.688 Get:24 http://archive.ubuntu.com/ubuntu focal/universe amd64 libsgmls-perl all 1.03ii-36 [23.1 kB]
#6 6.689 Get:25 http://archive.ubuntu.com/ubuntu focal/main amd64 libthai-data all 0.1.28-3 [134 kB]
#6 6.700 Get:26 http://archive.ubuntu.com/ubuntu focal/main amd64 libthai0 amd64 0.1.28-3 [18.1 kB]
#6 6.701 Get:27 http://archive.ubuntu.com/ubuntu focal/universe amd64 libsombok3 amd64 2.4.0-2 [26.9 kB]
#6 6.703 Get:28 http://archive.ubuntu.com/ubuntu focal/main amd64 libterm-readkey-perl amd64 2.38-1build1 [24.6 kB]
#6 6.705 Get:29 http://archive.ubuntu.com/ubuntu focal/main amd64 libtool all 2.4.6-14 [161 kB]
#6 6.717 Get:30 http://archive.ubuntu.com/ubuntu focal/universe amd64 libunicode-linebreak-perl amd64 0.0.20190101-1build1 [96.9 kB]
#6 6.724 Get:31 http://archive.ubuntu.com/ubuntu focal/main amd64 libyaml-tiny-perl all 1.73-1 [25.2 kB]
#6 6.726 Get:32 http://archive.ubuntu.com/ubuntu focal/universe amd64 opensp amd64 1.5.2-13ubuntu3 [145 kB]
#6 6.746 Get:33 http://archive.ubuntu.com/ubuntu focal/universe amd64 po4a all 0.57-2 [1508 kB]
#6 7.100 debconf: delaying package configuration, since apt-utils is not installed
#6 7.176 Fetched 11.5 MB in 1s (11.1 MB/s)
#6 7.276 Selecting previously unselected package sgml-base.
#6 7.276 (Reading database ... (Reading database ... 5%(Reading database ... 10%(Reading database ... 15%(Reading database ... 20%(Reading database ... 25%(Reading database ... 30%(Reading database ... 35%(Reading database ... 40%(Reading database ... 45%(Reading database ... 50%(Reading database ... 55%(Reading database ... 60%(Reading database ... 65%(Reading database ... 70%(Reading database ... 75%(Reading database ... 80%(Reading database ... 85%(Reading database ... 90%(Reading database ... 95%(Reading database ... 100%(Reading database ... 21291 files and directories currently installed.)
#6 7.295 Preparing to unpack .../00-sgml-base_1.29.1_all.deb ...
#6 7.317 Unpacking sgml-base (1.29.1) ...
#6 7.453 Selecting previously unselected package libtext-charwidth-perl.
#6 7.456 Preparing to unpack .../01-libtext-charwidth-perl_0.04-10_amd64.deb ...
#6 7.468 Unpacking libtext-charwidth-perl (0.04-10) ...
#6 7.575 Selecting previously unselected package libtext-wrapi18n-perl.
#6 7.578 Preparing to unpack .../02-libtext-wrapi18n-perl_0.06-9_all.deb ...
#6 7.595 Unpacking libtext-wrapi18n-perl (0.06-9) ...
#6 7.695 Selecting previously unselected package gettext-base.
#6 7.698 Preparing to unpack .../03-gettext-base_0.19.8.1-10build1_amd64.deb ...
#6 7.729 Unpacking gettext-base (0.19.8.1-10build1) ...
#6 7.857 Selecting previously unselected package libuv1:amd64.
#6 7.860 Preparing to unpack .../04-libuv1_1.34.2-1ubuntu1.3_amd64.deb ...
#6 7.877 Unpacking libuv1:amd64 (1.34.2-1ubuntu1.3) ...
#6 8.056 Selecting previously unselected package libsigsegv2:amd64.
#6 8.059 Preparing to unpack .../05-libsigsegv2_2.12-2_amd64.deb ...
#6 8.082 Unpacking libsigsegv2:amd64 (2.12-2) ...
#6 8.202 Selecting previously unselected package m4.
#6 8.205 Preparing to unpack .../06-m4_1.4.18-4_amd64.deb ...
#6 8.225 Unpacking m4 (1.4.18-4) ...
#6 8.361 Selecting previously unselected package autoconf.
#6 8.364 Preparing to unpack .../07-autoconf_2.69-11.1_all.deb ...
#6 8.375 Unpacking autoconf (2.69-11.1) ...
#6 8.769 Selecting previously unselected package autotools-dev.
#6 8.772 Preparing to unpack .../08-autotools-dev_20180224.1_all.deb ...
#6 8.786 Unpacking autotools-dev (20180224.1) ...
#6 8.886 Selecting previously unselected package automake.
#6 8.889 Preparing to unpack .../09-automake_1%3a1.16.1-4ubuntu6_all.deb ...
#6 8.902 Unpacking automake (1:1.16.1-4ubuntu6) ...
#6 9.023 Selecting previously unselected package autopoint.
#6 9.026 Preparing to unpack .../10-autopoint_0.19.8.1-10build1_all.deb ...
#6 9.033 Unpacking autopoint (0.19.8.1-10build1) ...
#6 9.124 Selecting previously unselected package cmake-data.
#6 9.127 Preparing to unpack .../11-cmake-data_3.16.3-1ubuntu1_all.deb ...
#6 9.133 Unpacking cmake-data (3.16.3-1ubuntu1) ...
#6 10.55 Selecting previously unselected package libarchive13:amd64.
#6 10.55 Preparing to unpack .../12-libarchive13_3.4.0-2ubuntu1_amd64.deb ...
#6 10.56 Unpacking libarchive13:amd64 (3.4.0-2ubuntu1) ...
#6 10.66 Selecting previously unselected package libjsoncpp1:amd64.
#6 10.66 Preparing to unpack .../13-libjsoncpp1_1.7.4-3.1ubuntu2_amd64.deb ...
#6 10.67 Unpacking libjsoncpp1:amd64 (1.7.4-3.1ubuntu2) ...
#6 10.72 Selecting previously unselected package librhash0:amd64.
#6 10.72 Preparing to unpack .../14-librhash0_1.3.9-1_amd64.deb ...
#6 10.72 Unpacking librhash0:amd64 (1.3.9-1) ...
#6 10.82 Selecting previously unselected package cmake.
#6 10.82 Preparing to unpack .../15-cmake_3.16.3-1ubuntu1_amd64.deb ...
#6 10.83 Unpacking cmake (3.16.3-1ubuntu1) ...
#6 11.25 Selecting previously unselected package libcroco3:amd64.
#6 11.25 Preparing to unpack .../16-libcroco3_0.6.13-1_amd64.deb ...
#6 11.26 Unpacking libcroco3:amd64 (0.6.13-1) ...
#6 11.31 Selecting previously unselected package gettext.
#6 11.32 Preparing to unpack .../17-gettext_0.19.8.1-10build1_amd64.deb ...
#6 11.32 Unpacking gettext (0.19.8.1-10build1) ...
#6 11.46 Selecting previously unselected package libdatrie1:amd64.
#6 11.47 Preparing to unpack .../18-libdatrie1_0.2.12-3_amd64.deb ...
#6 11.47 Unpacking libdatrie1:amd64 (0.2.12-3) ...
#6 11.51 Selecting previously unselected package libltdl7:amd64.
#6 11.51 Preparing to unpack .../19-libltdl7_2.4.6-14_amd64.deb ...
#6 11.52 Unpacking libltdl7:amd64 (2.4.6-14) ...
#6 11.56 Selecting previously unselected package libltdl-dev:amd64.
#6 11.57 Preparing to unpack .../20-libltdl-dev_2.4.6-14_amd64.deb ...
#6 11.57 Unpacking libltdl-dev:amd64 (2.4.6-14) ...
#6 11.64 Selecting previously unselected package libmime-charset-perl.
#6 11.64 Preparing to unpack .../21-libmime-charset-perl_1.012.2-1_all.deb ...
#6 11.65 Unpacking libmime-charset-perl (1.012.2-1) ...
#6 11.70 Selecting previously unselected package libosp5.
#6 11.70 Preparing to unpack .../22-libosp5_1.5.2-13ubuntu3_amd64.deb ...
#6 11.71 Unpacking libosp5 (1.5.2-13ubuntu3) ...
#6 11.81 Selecting previously unselected package libsgmls-perl.
#6 11.82 Preparing to unpack .../23-libsgmls-perl_1.03ii-36_all.deb ...
#6 11.82 Unpacking libsgmls-perl (1.03ii-36) ...
#6 11.87 Selecting previously unselected package libthai-data.
#6 11.87 Preparing to unpack .../24-libthai-data_0.1.28-3_all.deb ...
#6 11.88 Unpacking libthai-data (0.1.28-3) ...
#6 11.96 Selecting previously unselected package libthai0:amd64.
#6 11.97 Preparing to unpack .../25-libthai0_0.1.28-3_amd64.deb ...
#6 11.97 Unpacking libthai0:amd64 (0.1.28-3) ...
#6 12.02 Selecting previously unselected package libsombok3:amd64.
#6 12.03 Preparing to unpack .../26-libsombok3_2.4.0-2_amd64.deb ...
#6 12.03 Unpacking libsombok3:amd64 (2.4.0-2) ...
#6 12.07 Selecting previously unselected package libterm-readkey-perl.
#6 12.07 Preparing to unpack .../27-libterm-readkey-perl_2.38-1build1_amd64.deb ...
#6 12.07 Unpacking libterm-readkey-perl (2.38-1build1) ...
#6 12.11 Selecting previously unselected package libtool.
#6 12.12 Preparing to unpack .../28-libtool_2.4.6-14_all.deb ...
#6 12.12 Unpacking libtool (2.4.6-14) ...
#6 12.18 Selecting previously unselected package libunicode-linebreak-perl.
#6 12.19 Preparing to unpack .../29-libunicode-linebreak-perl_0.0.20190101-1build1_amd64.deb ...
#6 12.19 Unpacking libunicode-linebreak-perl (0.0.20190101-1build1) ...
#6 12.24 Selecting previously unselected package libyaml-tiny-perl.
#6 12.24 Preparing to unpack .../30-libyaml-tiny-perl_1.73-1_all.deb ...
#6 12.24 Unpacking libyaml-tiny-perl (1.73-1) ...
#6 12.29 Selecting previously unselected package opensp.
#6 12.29 Preparing to unpack .../31-opensp_1.5.2-13ubuntu3_amd64.deb ...
#6 12.30 Unpacking opensp (1.5.2-13ubuntu3) ...
#6 12.37 Selecting previously unselected package po4a.
#6 12.37 Preparing to unpack .../32-po4a_0.57-2_all.deb ...
#6 12.37 Unpacking po4a (0.57-2) ...
#6 12.59 Setting up libtext-charwidth-perl (0.04-10) ...
#6 12.61 Setting up libsgmls-perl (1.03ii-36) ...
#6 12.62 Setting up libdatrie1:amd64 (0.2.12-3) ...
#6 12.64 Setting up libarchive13:amd64 (3.4.0-2ubuntu1) ...
#6 12.66 Setting up gettext-base (0.19.8.1-10build1) ...
#6 12.67 Setting up libyaml-tiny-perl (1.73-1) ...
#6 12.69 Setting up libtext-wrapi18n-perl (0.06-9) ...
#6 12.70 Setting up libosp5 (1.5.2-13ubuntu3) ...
#6 12.73 Setting up autotools-dev (20180224.1) ...
#6 12.75 Setting up libuv1:amd64 (1.34.2-1ubuntu1.3) ...
#6 12.76 Setting up libsigsegv2:amd64 (2.12-2) ...
#6 12.78 Setting up autopoint (0.19.8.1-10build1) ...
#6 12.79 Setting up libcroco3:amd64 (0.6.13-1) ...
#6 12.80 Setting up libltdl7:amd64 (2.4.6-14) ...
#6 12.81 Setting up libmime-charset-perl (1.012.2-1) ...
#6 12.82 Setting up librhash0:amd64 (1.3.9-1) ...
#6 12.83 Setting up libthai-data (0.1.28-3) ...
#6 12.85 Setting up sgml-base (1.29.1) ...
#6 12.91 Setting up cmake-data (3.16.3-1ubuntu1) ...
#6 12.93 Setting up libterm-readkey-perl (2.38-1build1) ...
#6 12.94 Setting up libjsoncpp1:amd64 (1.7.4-3.1ubuntu2) ...
#6 12.96 Setting up gettext (0.19.8.1-10build1) ...
#6 12.97 Setting up libtool (2.4.6-14) ...
#6 12.99 Setting up m4 (1.4.18-4) ...
#6 13.00 Setting up opensp (1.5.2-13ubuntu3) ...
#6 13.02 Setting up libthai0:amd64 (0.1.28-3) ...
#6 13.04 Setting up autoconf (2.69-11.1) ...
#6 13.05 Setting up cmake (3.16.3-1ubuntu1) ...
#6 13.06 Setting up automake (1:1.16.1-4ubuntu6) ...
#6 13.08 update-alternatives: using /usr/bin/automake-1.16 to provide /usr/bin/automake (automake) in auto mode
#6 13.08 update-alternatives: warning: skip creation of /usr/share/man/man1/automake.1.gz because associated file /usr/share/man/man1/automake-1.16.1.gz (of link group automake) doesn't exist
#6 13.08 update-alternatives: warning: skip creation of /usr/share/man/man1/aclocal.1.gz because associated file /usr/share/man/man1/aclocal-1.16.1.gz (of link group automake) doesn't exist
#6 13.09 Setting up po4a (0.57-2) ...
#6 13.10 Setting up libsombok3:amd64 (2.4.0-2) ...
#6 13.11 Setting up libltdl-dev:amd64 (2.4.6-14) ...
#6 13.12 Setting up libunicode-linebreak-perl (0.0.20190101-1build1) ...
#6 13.13 Processing triggers for libc-bin (2.31-0ubuntu9.2) ...
#6 DONE 13.6s

#7 [ 3/12] RUN git clone --depth 1 https://github.com/madler/zlib.git
#7 sha256:6aeefa1def4146e7ca8e4588d223d7b455fa2d1bc23ab2a63ae6602d58efbb88
#7 0.610 Cloning into 'zlib'...
#7 DONE 1.7s

#8 [ 4/12] RUN git clone --depth 1 https://github.com/nih-at/libzip.git
#8 sha256:7f1e8e5e804e08f7f34f4e3d97c37ce7b86366650df2fb7a59edee02cfa9f425
#8 0.541 Cloning into 'libzip'...
#8 DONE 2.1s

#9 [ 5/12] RUN wget https://sourceware.org/pub/bzip2/bzip2-1.0.8.tar.gz
#9 sha256:30fcb24f14eb430cc2a1864bd2d89f5fb6d6240f273d3f7bbc1a113670c117de
#9 0.911 --2022-02-15 18:18:17--  https://sourceware.org/pub/bzip2/bzip2-1.0.8.tar.gz
#9 0.912 Resolving sourceware.org (sourceware.org)... 8.43.85.97, 2620:52:3:1:0:246e:9693:128c
#9 0.914 Connecting to sourceware.org (sourceware.org)|8.43.85.97|:443... connected.
#9 1.239 HTTP request sent, awaiting response... 200 OK
#9 1.346 Length: 810029 (791K) [application/x-gzip]
#9 1.346 Saving to: 'bzip2-1.0.8.tar.gz'
#9 1.346 
#9 1.346      0K .......... .......... .......... .......... ..........  6%  233K 3s
#9 1.561     50K .......... .......... .......... .......... .......... 12%  475K 2s
#9 1.666    100K .......... .......... .......... .......... .......... 18% 11.8M 1s
#9 1.670    150K .......... .......... .......... .......... .......... 25%  492K 1s
#9 1.772    200K .......... .......... .......... .......... .......... 31% 10.6M 1s
#9 1.776    250K .......... .......... .......... .......... .......... 37% 15.0M 1s
#9 1.780    300K .......... .......... .......... .......... .......... 44% 13.6M 1s
#9 1.783    350K .......... .......... .......... .......... .......... 50% 11.8M 0s
#9 1.787    400K .......... .......... .......... .......... .......... 56%  537K 0s
#9 1.880    450K .......... .......... .......... .......... .......... 63% 10.6M 0s
#9 1.885    500K .......... .......... .......... .......... .......... 69% 14.4M 0s
#9 1.888    550K .......... .......... .......... .......... .......... 75% 13.9M 0s
#9 1.892    600K .......... .......... .......... .......... .......... 82% 11.3M 0s
#9 1.896    650K .......... .......... .......... .......... .......... 88% 13.5M 0s
#9 1.900    700K .......... .......... .......... .......... .......... 94% 11.6M 0s
#9 1.904    750K .......... .......... .......... .......... .         100% 16.4M=0.6s
#9 1.907 
#9 1.907 2022-02-15 18:18:18 (1.38 MB/s) - 'bzip2-1.0.8.tar.gz' saved [810029/810029]
#9 1.907 
#9 DONE 2.4s

#10 [ 6/12] RUN git clone https://git.tukaani.org/xz.git
#10 sha256:019201cc13e11d415521fad65f350587f18341668b5dfdcab1d83bd102f1df83
#10 0.516 Cloning into 'xz'...
#10 DONE 3.0s

#11 [ 7/12] RUN git clone --depth 1 --branch=5.15 git://code.qt.io/qt/qtbase.git
#11 sha256:ba58a55db6acc92104385e1d636e4fd6e0e5a3b1c2d4665321a9b2c34474858c
#11 0.398 Cloning into 'qtbase'...
#11 9.528 Updating files:  30% (7139/23219)Updating files:  31% (7198/23219)Updating files:  32% (7431/23219)Updating files:  33% (7663/23219)Updating files:  34% (7895/23219)Updating files:  35% (8127/23219)Updating files:  36% (8359/23219)Updating files:  37% (8592/23219)Updating files:  38% (8824/23219)Updating files:  39% (9056/23219)Updating files:  40% (9288/23219)Updating files:  41% (9520/23219)Updating files:  42% (9752/23219)Updating files:  43% (9985/23219)Updating files:  44% (10217/23219)Updating files:  45% (10449/23219)Updating files:  46% (10681/23219)Updating files:  47% (10913/23219)Updating files:  48% (11146/23219)Updating files:  49% (11378/23219)Updating files:  50% (11610/23219)Updating files:  51% (11842/23219)Updating files:  52% (12074/23219)Updating files:  53% (12307/23219)Updating files:  54% (12539/23219)Updating files:  55% (12771/23219)Updating files:  56% (13003/23219)Updating files:  57% (13235/23219)Updating files:  58% (13468/23219)Updating files:  59% (13700/23219)Updating files:  60% (13932/23219)Updating files:  61% (14164/23219)Updating files:  61% (14198/23219)Updating files:  62% (14396/23219)Updating files:  63% (14628/23219)Updating files:  64% (14861/23219)Updating files:  65% (15093/23219)Updating files:  66% (15325/23219)Updating files:  67% (15557/23219)Updating files:  68% (15789/23219)Updating files:  69% (16022/23219)Updating files:  70% (16254/23219)Updating files:  71% (16486/23219)Updating files:  72% (16718/23219)Updating files:  73% (16950/23219)Updating files:  74% (17183/23219)Updating files:  75% (17415/23219)Updating files:  76% (17647/23219)Updating files:  77% (17879/23219)Updating files:  78% (18111/23219)Updating files:  79% (18344/23219)Updating files:  80% (18576/23219)Updating files:  81% (18808/23219)Updating files:  82% (19040/23219)Updating files:  83% (19272/23219)Updating files:  84% (19504/23219)Updating files:  85% (19737/23219)Updating files:  86% (19969/23219)Updating files:  87% (20201/23219)Updating files:  88% (20433/23219)Updating files:  89% (20665/23219)Updating files:  90% (20898/23219)Updating files:  91% (21130/23219)Updating files:  92% (21362/23219)Updating files:  93% (21594/23219)Updating files:  94% (21826/23219)Updating files:  95% (22059/23219)Updating files:  96% (22291/23219)Updating files:  96% (22461/23219)Updating files:  97% (22523/23219)Updating files:  98% (22755/23219)Updating files:  99% (22987/23219)Updating files: 100% (23219/23219)Updating files: 100% (23219/23219), done.
#11 DONE 14.6s

#12 [ 8/12] RUN git clone --depth 1 https://invent.kde.org/frameworks/extra-cmake-modules.git
#12 sha256:876ccd05470d061106bd822bf08a1a53d08bd16ab8649c9051cfe1fef25d7dee
#12 0.471 Cloning into 'extra-cmake-modules'...
#12 DONE 1.2s

#13 [ 9/12] RUN git clone --depth 1 https://invent.kde.org/frameworks/karchive.git
#13 sha256:09511136725b11d241dc25819f29bb4eebeb2267ff6e141d2e51edda3cc437c5
#13 0.508 Cloning into 'karchive'...
#13 DONE 1.2s

#15 [10/12] COPY build.sh /src
#15 sha256:7192a1fcbeff3894422dc24cc673bf7c3b1abb473320ee9897fd1fee1fceda47
#15 DONE 0.1s

#16 [11/12] COPY karchive_fuzzer.cc /src
#16 sha256:0ede723baa3aa85a95ebd63e43e426ece4f9988c35ff3c4e89c04a9cd7b3c3a7
#16 DONE 0.1s

#17 [12/12] WORKDIR karchive
#17 sha256:fb12a55af7f7ce89eba21e43a8af8ba04462233e57c4e28d84227e9fff851c16
#17 DONE 0.1s

#18 exporting to image
#18 sha256:e8c613e07b0b7ff33893b694f7759a10d42e180f2b4dc349fb57dc6b71dcab00
#18 exporting layers done
#18 writing image sha256:1a6df14e42950f455f4c19d549e60ef3ad976056e0e9d12a9c7fab7e30693bbc
#18 writing image sha256:1a6df14e42950f455f4c19d549e60ef3ad976056e0e9d12a9c7fab7e30693bbc 0.0s done
#18 naming to gcr.io/fuzzbench/builders/benchmark/karchive_karchive_fuzzer 0.0s done
#18 DONE 0.3s

#19 exporting cache
#19 sha256:2700d4ef94dee473593c5c614b55b2dedcca7893909811a8f2b48291a1f581e4
#19 preparing build cache for export done
#19 DONE 0.0s
------
 > importing cache manifest from gcr.io/fuzzbench/builders/benchmark/karchive_karchive_fuzzer:
------
#1 [internal] load build definition from builder.Dockerfile
#1 sha256:ba1d035205959e4237beecc14fd4ccfa7c7c77ed4cd679b6211ff9d619139402
#1 transferring dockerfile: 1.35kB done
#1 DONE 0.1s

#2 [internal] load .dockerignore
#2 sha256:88a91d1c92b1355550fd187147648e4c70cdf40b09441df094df6cb7693d9d6f
#2 transferring context: 2B done
#2 DONE 0.2s

#3 [internal] load metadata for gcr.io/fuzzbench/builders/benchmark/karchive_karchive_fuzzer:latest
#3 sha256:ff68a2fa27dfd9c799ebff0f8f74742974ed87c216fa77b9634bf2164e0cd1cf
#3 DONE 0.0s

#4 [1/3] FROM gcr.io/fuzzbench/builders/benchmark/karchive_karchive_fuzzer
#4 sha256:eeb1237dc1d411df054a59a14758a04cf2f9cd954f585f235f01bff2f7d97966
#4 DONE 0.0s

#5 importing cache manifest from gcr.io/fuzzbench/builders/afl/karchive_karchive_fuzzer-intermediate
#5 sha256:90791387bfe942384989e37381ff088ad0783213037c816373787918520ddf2c
#5 ERROR: gcr.io/fuzzbench/builders/afl/karchive_karchive_fuzzer-intermediate:latest: not found

#4 [1/3] FROM gcr.io/fuzzbench/builders/benchmark/karchive_karchive_fuzzer
#4 sha256:eeb1237dc1d411df054a59a14758a04cf2f9cd954f585f235f01bff2f7d97966
#4 DONE 1.9s

#6 [2/3] RUN git clone https://github.com/google/AFL.git /afl &&     cd /afl &&     git checkout 61037103ae3722c8060ff7082994836a794f978e &&     AFL_NO_X86=1 make
#6 sha256:4cf49b8a67e77852fa641ec085011479dd838a5bffd2cb906568016f8ee9163a
#6 0.401 Cloning into '/afl'...
#6 1.367 Note: switching to '61037103ae3722c8060ff7082994836a794f978e'.
#6 1.367 
#6 1.367 You are in 'detached HEAD' state. You can look around, make experimental
#6 1.367 changes and commit them, and you can discard any commits you make in this
#6 1.367 state without impacting any branches by switching back to a branch.
#6 1.367 
#6 1.367 If you want to create a new branch to retain commits you create, you may
#6 1.367 do so (now or later) by using -c with the switch command. Example:
#6 1.367 
#6 1.367   git switch -c <new-branch-name>
#6 1.367 
#6 1.367 Or undo this operation with:
#6 1.367 
#6 1.367   git switch -
#6 1.367 
#6 1.367 Turn off this advice by setting config variable advice.detachedHead to false
#6 1.367 
#6 1.367 HEAD is now at 6103710 Fix a typo filename comparison in the fuzzer (#139)
#6 1.417 [!] Note: skipping x86 compilation checks (AFL_NO_X86 set).
#6 1.418 clang -O1 -fno-omit-frame-pointer -gline-tables-only -DFUZZING_BUILD_MODE_UNSAFE_FOR_PRODUCTION -Wall -D_FORTIFY_SOURCE=2 -g -Wno-pointer-sign -DAFL_PATH=\"/usr/local/lib/afl\" -DDOC_PATH=\"/usr/local/share/doc/afl\" -DBIN_PATH=\"/usr/local/bin\" afl-gcc.c -o afl-gcc -ldl
#6 1.610 set -e; for i in afl-g++ afl-clang afl-clang++; do ln -sf afl-gcc $i; done
#6 1.615 clang -O1 -fno-omit-frame-pointer -gline-tables-only -DFUZZING_BUILD_MODE_UNSAFE_FOR_PRODUCTION -Wall -D_FORTIFY_SOURCE=2 -g -Wno-pointer-sign -DAFL_PATH=\"/usr/local/lib/afl\" -DDOC_PATH=\"/usr/local/share/doc/afl\" -DBIN_PATH=\"/usr/local/bin\" afl-fuzz.c -o afl-fuzz -ldl
#6 4.008 clang -O1 -fno-omit-frame-pointer -gline-tables-only -DFUZZING_BUILD_MODE_UNSAFE_FOR_PRODUCTION -Wall -D_FORTIFY_SOURCE=2 -g -Wno-pointer-sign -DAFL_PATH=\"/usr/local/lib/afl\" -DDOC_PATH=\"/usr/local/share/doc/afl\" -DBIN_PATH=\"/usr/local/bin\" afl-showmap.c -o afl-showmap -ldl
#6 4.333 clang -O1 -fno-omit-frame-pointer -gline-tables-only -DFUZZING_BUILD_MODE_UNSAFE_FOR_PRODUCTION -Wall -D_FORTIFY_SOURCE=2 -g -Wno-pointer-sign -DAFL_PATH=\"/usr/local/lib/afl\" -DDOC_PATH=\"/usr/local/share/doc/afl\" -DBIN_PATH=\"/usr/local/bin\" afl-tmin.c -o afl-tmin -ldl
#6 4.760 clang -O1 -fno-omit-frame-pointer -gline-tables-only -DFUZZING_BUILD_MODE_UNSAFE_FOR_PRODUCTION -Wall -D_FORTIFY_SOURCE=2 -g -Wno-pointer-sign -DAFL_PATH=\"/usr/local/lib/afl\" -DDOC_PATH=\"/usr/local/share/doc/afl\" -DBIN_PATH=\"/usr/local/bin\" afl-gotcpu.c -o afl-gotcpu -ldl
#6 4.924 clang -O1 -fno-omit-frame-pointer -gline-tables-only -DFUZZING_BUILD_MODE_UNSAFE_FOR_PRODUCTION -Wall -D_FORTIFY_SOURCE=2 -g -Wno-pointer-sign -DAFL_PATH=\"/usr/local/lib/afl\" -DDOC_PATH=\"/usr/local/share/doc/afl\" -DBIN_PATH=\"/usr/local/bin\" afl-analyze.c -o afl-analyze -ldl
#6 5.320 clang -O1 -fno-omit-frame-pointer -gline-tables-only -DFUZZING_BUILD_MODE_UNSAFE_FOR_PRODUCTION -Wall -D_FORTIFY_SOURCE=2 -g -Wno-pointer-sign -DAFL_PATH=\"/usr/local/lib/afl\" -DDOC_PATH=\"/usr/local/share/doc/afl\" -DBIN_PATH=\"/usr/local/bin\" afl-as.c -o afl-as -ldl
#6 5.556 ln -sf afl-as as
#6 5.558 [!] Note: skipping build tests (you may need to use LLVM or QEMU mode).
#6 5.560 [+] LLVM users: see llvm_mode/README.llvm for a faster alternative to afl-gcc.
#6 5.561 [+] All done! Be sure to review README - it's pretty short and useful.
#6 DONE 6.4s

#7 [3/3] RUN apt-get update &&     apt-get install wget -y &&     wget https://raw.githubusercontent.com/llvm/llvm-project/5feb80e748924606531ba28c97fe65145c65372e/compiler-rt/lib/fuzzer/afl/afl_driver.cpp -O /afl/afl_driver.cpp &&     clang -Wno-pointer-sign -c /afl/llvm_mode/afl-llvm-rt.o.c -I/afl &&     clang++ -stdlib=libc++ -std=c++11 -O2 -c /afl/afl_driver.cpp &&     ar r /libAFL.a *.o
#7 sha256:da149fbcfda29a76943d0a1c92e11de5a5a4ec294b7727689ab299cc8ba1d41e
#7 1.287 Hit:1 http://ppa.launchpad.net/git-core/ppa/ubuntu focal InRelease
#7 1.287 Hit:2 http://archive.ubuntu.com/ubuntu focal InRelease
#7 1.287 Hit:3 http://archive.ubuntu.com/ubuntu focal-updates InRelease
#7 1.287 Hit:4 http://archive.ubuntu.com/ubuntu focal-backports InRelease
#7 1.287 Hit:5 http://security.ubuntu.com/ubuntu focal-security InRelease
#7 2.168 Reading package lists...
#7 3.893 Reading package lists...
#7 5.311 Building dependency tree...
#7 5.522 Reading state information...
#7 5.768 wget is already the newest version (1.20.3-1ubuntu2).
#7 5.768 0 upgraded, 0 newly installed, 0 to remove and 3 not upgraded.
#7 5.783 --2022-02-15 18:19:03--  https://raw.githubusercontent.com/llvm/llvm-project/5feb80e748924606531ba28c97fe65145c65372e/compiler-rt/lib/fuzzer/afl/afl_driver.cpp
#7 5.786 Resolving raw.githubusercontent.com (raw.githubusercontent.com)... 185.199.111.133, 185.199.108.133, 185.199.109.133, ...
#7 5.797 Connecting to raw.githubusercontent.com (raw.githubusercontent.com)|185.199.111.133|:443... connected.
#7 5.821 HTTP request sent, awaiting response... 200 OK
#7 6.027 Length: 9177 (9.0K) [text/plain]
#7 6.027 Saving to: '/afl/afl_driver.cpp'
#7 6.027 
#7 6.027      0K ........                                              100% 8.92M=0.001s
#7 6.028 
#7 6.028 2022-02-15 18:19:03 (8.92 MB/s) - '/afl/afl_driver.cpp' saved [9177/9177]
#7 6.028 
#7 7.934 ar: creating /libAFL.a
#7 DONE 8.4s

#8 exporting to image
#8 sha256:e8c613e07b0b7ff33893b694f7759a10d42e180f2b4dc349fb57dc6b71dcab00
#8 exporting layers done
#8 writing image sha256:b5ec64935203f1b275a3f61b3f093e0eb0c3408280bca8c6b32eadd5833ac5be
#8 writing image sha256:b5ec64935203f1b275a3f61b3f093e0eb0c3408280bca8c6b32eadd5833ac5be 0.0s done
#8 naming to gcr.io/fuzzbench/builders/afl/karchive_karchive_fuzzer-intermediate 0.0s done
#8 DONE 0.4s

#9 exporting cache
#9 sha256:2700d4ef94dee473593c5c614b55b2dedcca7893909811a8f2b48291a1f581e4
#9 preparing build cache for export done
#9 DONE 0.0s
------
 > importing cache manifest from gcr.io/fuzzbench/builders/afl/karchive_karchive_fuzzer-intermediate:
------
#1 [internal] load build definition from Dockerfile
#1 sha256:104478d1906ae8fd4b224ed3fdb8c1788b82b3d3b8c1602dc1871b21bff7c9a1
#1 transferring dockerfile: 2.00kB done
#1 DONE 0.1s

#2 [internal] load .dockerignore
#2 sha256:df7b7fa0c1dcd62d825b7a01a328ee0c4c645ac93ca7046a52d9061590e61b6d
#2 transferring context: 34B done
#2 DONE 0.1s

#3 [internal] load metadata for docker.io/library/ubuntu:xenial
#3 sha256:f62bae18ed588840f045c881b2502661f2a89578a2f8f99b83f5200ee83dd25b
#3 DONE 0.0s

#5 [1/7] FROM docker.io/library/ubuntu:xenial
#5 sha256:14dd403f25ae9e519bd44f27dc17af7ce80f5a4f9f48ca88108364e67ec5d360
#5 DONE 0.0s

#4 importing cache manifest from gcr.io/fuzzbench/base-image
#4 sha256:9b220ebb4d4daceed1b96df9b6dca076e762f1cd612574f010b82d5b9e5ad896
#4 DONE 0.0s

#8 [internal] load build context
#8 sha256:de6a986e27d0a4ec3499c09910370f5c679c7b1190bba68a66901f745d4adc5a
#8 transferring context: 559B 0.2s done
#8 DONE 0.3s

#11 [6/7] RUN apt-get update -y && apt-get install -y     apt-transport-https     lsb-release
#11 sha256:e708912776637f5b92b6b5b047bbbe2ceca3adfb826c9ab95b4162c7d2f1e567
#11 CACHED

#6 [2/7] RUN apt-get update -y && apt-get install -y     build-essential     rsync     curl     zlib1g-dev     libncurses5-dev     libgdbm-dev     libnss3-dev     libssl-dev     libreadline-dev     libffi-dev     virtualenv     libbz2-dev     liblzma-dev     libsqlite3-dev
#6 sha256:3a1b0960f17eed529eaae93dc8fd3554f2743dd584d8fa569cdbe6bc734371ac
#6 CACHED

#7 [3/7] RUN cd /tmp/ &&     curl -O https://www.python.org/ftp/python/3.8.6/Python-3.8.6.tar.xz &&     tar -xvf Python-3.8.6.tar.xz &&     cd Python-3.8.6 &&     ./configure --enable-loadable-sqlite-extensions --enable-optimizations &&     make -j install &&     rm -r /tmp/Python-3.8.6.tar.xz /tmp/Python-3.8.6
#7 sha256:c5b9d1fb3371e84dbc60b76e7b2f8d5913bc93bcd4910ab65daa03e7b2ec4bb0
#7 CACHED

#9 [4/7] COPY ./requirements.txt /
#9 sha256:f1b41e225fccc866dffca567fcc3d464ae4a77d6c2eecd6a8973d3adb9bad292
#9 CACHED

#10 [5/7] RUN pip3 install -r /requirements.txt
#10 sha256:ffaf23ca868c5225c9121d98610dfc4d1c27921504aa4204b804d9b1600aa4ec
#10 CACHED

#12 [7/7] RUN CLOUD_SDK_REPO="cloud-sdk-$(lsb_release -c -s)" &&     echo "deb https://packages.cloud.google.com/apt $CLOUD_SDK_REPO main"     | tee -a /etc/apt/sources.list.d/google-cloud-sdk.list &&     curl https://packages.cloud.google.com/apt/doc/apt-key.gpg     | apt-key add - &&     apt-get update -y &&     apt-get install -y google-cloud-sdk
#12 sha256:efe322174753d6d59c59f2ae623b6eb5e5a458337a34f507bc96ee1fd041a847
#12 CACHED

#13 exporting to image
#13 sha256:e8c613e07b0b7ff33893b694f7759a10d42e180f2b4dc349fb57dc6b71dcab00
#13 exporting layers done
#13 writing image sha256:129054e400b4f0c6599f36001d5c016be3b46e222b05b67942c2815996405063 0.0s done
#13 naming to gcr.io/fuzzbench/base-image done
#13 DONE 0.1s

#14 exporting cache
#14 sha256:2700d4ef94dee473593c5c614b55b2dedcca7893909811a8f2b48291a1f581e4
#14 preparing build cache for export done
#14 DONE 0.0s
#1 [internal] load build definition from Dockerfile
#1 sha256:88dade9600c9f4e02ce506d30d026bfabac53140fa6ace1c984169715b456381
#1 transferring dockerfile: 2.22kB done
#1 DONE 0.1s

#2 [internal] load .dockerignore
#2 sha256:1e767a2561e9b4a3bd3ddadc20e643f04786718f872934cfb6d210bc8662d632
#2 transferring context: 34B done
#2 DONE 0.1s

#4 [internal] load metadata for gcr.io/fuzzbench/base-image:latest
#4 sha256:932022888f650cc455b10eb5123bb08c0cccacac29a693e69314abbfd28a72c3
#4 DONE 0.0s

#3 [internal] load metadata for gcr.io/fuzzbench/builders/afl/karchive_karchive_fuzzer-intermediate:latest
#3 sha256:25d9aa7706cbe16d2ece66b4154b80e90a8a0bdade71279d4043e7b564769489
#3 DONE 0.0s

#11 [internal] load build context
#11 sha256:3a5a7eb283a8dcbf4b59836da28a646c8f27e930f766cbfeb2913e35e4635bdb
#11 DONE 0.0s

#6 [base-image 1/1] FROM gcr.io/fuzzbench/base-image
#6 sha256:4d07825694520f8b6f6a0d8592dbd345433361ae044cb7f06706c5a95e3daaad
#6 DONE 0.0s

#20 importing cache manifest from gcr.io/fuzzbench/builders/afl/karchive_karchive_fuzzer
#20 sha256:cb0712f80562f11a55ec1ee059c56826f43734f1e01cbb7e219f15979b45d6ec
#20 ERROR: gcr.io/fuzzbench/builders/afl/karchive_karchive_fuzzer:latest: not found

#6 [base-image 1/1] FROM gcr.io/fuzzbench/base-image
#6 sha256:4d07825694520f8b6f6a0d8592dbd345433361ae044cb7f06706c5a95e3daaad
#6 CACHED

#11 [internal] load build context
#11 sha256:3a5a7eb283a8dcbf4b59836da28a646c8f27e930f766cbfeb2913e35e4635bdb
#11 transferring context: 669.89kB 0.1s done
#11 DONE 0.2s

#5 [stage-1  1/13] FROM gcr.io/fuzzbench/builders/afl/karchive_karchive_fuzzer-intermediate
#5 sha256:f9e05ac888cfb435afef0d20e732930aa5a8dfce57530a04990ccae6577b9aa6
#5 DONE 1.1s

#7 [stage-1  2/13] COPY --from=base-image /usr/local/bin/python3* /usr/local/bin/
#7 sha256:4e0b9f60026a3c182fe84a27b2b3c0b50904909305ccbb889cc49fdaf3717b35
#7 DONE 0.6s

#8 [stage-1  3/13] COPY --from=base-image /usr/local/lib/python3.8 /usr/local/lib/python3.8
#8 sha256:db6490e25e53814dafdf8b727cdd17e2c59ca446af070afaa83166b83342c809
#8 DONE 15.4s

#9 [stage-1  4/13] COPY --from=base-image /usr/local/include/python3.8 /usr/local/include/python3.8
#9 sha256:ddf77889146ec0ce66e2c1c1ad3db4821956a9143891b8c33b3811b325ac3fff
#9 DONE 0.2s

#10 [stage-1  5/13] COPY --from=base-image /usr/local/lib/python3.8/site-packages /usr/local/lib/python3.8/site-packages
#10 sha256:955fe371d29dd58d2de3d5b0281308e37d49901600b3b678559503c85a306ed8
#10 DONE 17.1s

#12 [stage-1  6/13] COPY fuzzers /src/fuzzers
#12 sha256:a548f63b747442342a8411adadbde62e5e6049ad7905f0ee3eee9bec95ec6896
#12 DONE 0.4s

#13 [stage-1  7/13] RUN touch /src/__init__.py
#13 sha256:38a91f85aca516a9dcb2f96461ad1daac4bd6271bf9ec3886283b2dc51b8d463
#13 DONE 0.9s

#14 [stage-1  8/13] COPY benchmarks/karchive_karchive_fuzzer/benchmark.yaml /
#14 sha256:e4ec15f17036b21a5a400692e4d23b5ffd29a5fe3f58d5db7aa69007d4a4fd2f
#14 DONE 0.3s

#15 [stage-1  9/13] RUN mkdir /opt/fuzzbench/
#15 sha256:9cc04f8f6a5f54a8447410c00317190d8702992fb238937381d0920f19f8f2ed
#15 DONE 0.8s

#16 [stage-1 10/13] COPY docker/benchmark-builder/checkout_commit.py /opt/fuzzbench/
#16 sha256:a599cff82cdfae618820ad131098e03908147125c400f99de3887215008911ad
#16 DONE 0.3s

#17 [stage-1 11/13] RUN export CHECKOUT_COMMIT=$(cat /benchmark.yaml | tr -d ' ' | grep 'commit:' | cut -d ':' -f2) &&     python3 -u /opt/fuzzbench/checkout_commit.py $CHECKOUT_COMMIT /src
#17 sha256:98c75a32b1770c9d038462cc47fe01e2d99a7f5c3b7285241492caa4677b4f0f
#17 0.499 Checking out commit 95a7b675
#17 2.202 From https://invent.kde.org/frameworks/karchive
#17 2.202  * [new tag]         v4.100.0-rc1 -> v4.100.0-rc1
#17 2.202  * [new tag]         v4.100.0-rc2 -> v4.100.0-rc2
#17 2.203  * [new tag]         v4.95.0      -> v4.95.0
#17 2.203  * [new tag]         v4.96.0      -> v4.96.0
#17 2.203  * [new tag]         v4.97.0      -> v4.97.0
#17 2.204  * [new tag]         v4.98.0      -> v4.98.0
#17 2.204  * [new tag]         v4.99.0-rc1  -> v4.99.0-rc1
#17 2.204  * [new tag]         v4.99.0-rc3  -> v4.99.0-rc3
#17 2.205  * [new tag]         v5.0.0       -> v5.0.0
#17 2.205  * [new tag]         v5.0.0-rc1   -> v5.0.0-rc1
#17 2.205  * [new tag]         v5.1.0       -> v5.1.0
#17 2.206  * [new tag]         v5.1.0-rc1   -> v5.1.0-rc1
#17 2.206  * [new tag]         v5.10.0      -> v5.10.0
#17 2.206  * [new tag]         v5.10.0-rc1  -> v5.10.0-rc1
#17 2.207  * [new tag]         v5.11.0      -> v5.11.0
#17 2.207  * [new tag]         v5.11.0-rc1  -> v5.11.0-rc1
#17 2.208  * [new tag]         v5.12.0      -> v5.12.0
#17 2.208  * [new tag]         v5.12.0-rc1  -> v5.12.0-rc1
#17 2.208  * [new tag]         v5.13.0      -> v5.13.0
#17 2.209  * [new tag]         v5.13.0-rc1  -> v5.13.0-rc1
#17 2.209  * [new tag]         v5.14.0      -> v5.14.0
#17 2.209  * [new tag]         v5.14.0-rc1  -> v5.14.0-rc1
#17 2.209  * [new tag]         v5.15.0      -> v5.15.0
#17 2.210  * [new tag]         v5.15.0-rc1  -> v5.15.0-rc1
#17 2.210  * [new tag]         v5.16.0      -> v5.16.0
#17 2.210  * [new tag]         v5.16.0-rc1  -> v5.16.0-rc1
#17 2.211  * [new tag]         v5.16.0-rc2  -> v5.16.0-rc2
#17 2.211  * [new tag]         v5.17.0      -> v5.17.0
#17 2.211  * [new tag]         v5.17.0-rc1  -> v5.17.0-rc1
#17 2.211  * [new tag]         v5.18.0      -> v5.18.0
#17 2.212  * [new tag]         v5.18.0-rc1  -> v5.18.0-rc1
#17 2.212  * [new tag]         v5.19.0      -> v5.19.0
#17 2.212  * [new tag]         v5.19.0-rc1  -> v5.19.0-rc1
#17 2.212  * [new tag]         v5.2.0       -> v5.2.0
#17 2.213  * [new tag]         v5.2.0-rc1   -> v5.2.0-rc1
#17 2.213  * [new tag]         v5.20.0      -> v5.20.0
#17 2.213  * [new tag]         v5.20.0-rc1  -> v5.20.0-rc1
#17 2.213  * [new tag]         v5.21.0      -> v5.21.0
#17 2.214  * [new tag]         v5.21.0-rc1  -> v5.21.0-rc1
#17 2.214  * [new tag]         v5.21.0-rc2  -> v5.21.0-rc2
#17 2.214  * [new tag]         v5.22.0      -> v5.22.0
#17 2.214  * [new tag]         v5.22.0-rc1  -> v5.22.0-rc1
#17 2.215  * [new tag]         v5.23.0      -> v5.23.0
#17 2.215  * [new tag]         v5.23.0-rc1  -> v5.23.0-rc1
#17 2.215  * [new tag]         v5.24.0      -> v5.24.0
#17 2.215  * [new tag]         v5.24.0-rc1  -> v5.24.0-rc1
#17 2.216  * [new tag]         v5.25.0      -> v5.25.0
#17 2.216  * [new tag]         v5.25.0-rc1  -> v5.25.0-rc1
#17 2.216  * [new tag]         v5.26.0      -> v5.26.0
#17 2.216  * [new tag]         v5.26.0-rc1  -> v5.26.0-rc1
#17 2.217  * [new tag]         v5.26.0-rc2  -> v5.26.0-rc2
#17 2.217  * [new tag]         v5.27.0      -> v5.27.0
#17 2.217  * [new tag]         v5.27.0-rc1  -> v5.27.0-rc1
#17 2.217  * [new tag]         v5.28.0      -> v5.28.0
#17 2.218  * [new tag]         v5.28.0-rc1  -> v5.28.0-rc1
#17 2.218  * [new tag]         v5.29.0      -> v5.29.0
#17 2.218  * [new tag]         v5.29.0-rc1  -> v5.29.0-rc1
#17 2.218  * [new tag]         v5.3.0       -> v5.3.0
#17 2.219  * [new tag]         v5.3.0-rc1   -> v5.3.0-rc1
#17 2.219  * [new tag]         v5.30.0      -> v5.30.0
#17 2.219  * [new tag]         v5.30.0-rc1  -> v5.30.0-rc1
#17 2.219  * [new tag]         v5.30.0-rc2  -> v5.30.0-rc2
#17 2.220  * [new tag]         v5.31.0      -> v5.31.0
#17 2.220  * [new tag]         v5.31.0-rc1  -> v5.31.0-rc1
#17 2.220  * [new tag]         v5.32.0      -> v5.32.0
#17 2.220  * [new tag]         v5.32.0-rc1  -> v5.32.0-rc1
#17 2.221  * [new tag]         v5.33.0      -> v5.33.0
#17 2.221  * [new tag]         v5.33.0-rc1  -> v5.33.0-rc1
#17 2.221  * [new tag]         v5.34.0      -> v5.34.0
#17 2.221  * [new tag]         v5.34.0-rc1  -> v5.34.0-rc1
#17 2.222  * [new tag]         v5.35.0      -> v5.35.0
#17 2.222  * [new tag]         v5.35.0-rc1  -> v5.35.0-rc1
#17 2.222  * [new tag]         v5.36.0      -> v5.36.0
#17 2.222  * [new tag]         v5.36.0-rc1  -> v5.36.0-rc1
#17 2.223  * [new tag]         v5.37.0      -> v5.37.0
#17 2.223  * [new tag]         v5.37.0-rc1  -> v5.37.0-rc1
#17 2.223  * [new tag]         v5.38.0      -> v5.38.0
#17 2.223  * [new tag]         v5.38.0-rc1  -> v5.38.0-rc1
#17 2.224  * [new tag]         v5.39.0      -> v5.39.0
#17 2.224  * [new tag]         v5.39.0-rc1  -> v5.39.0-rc1
#17 2.224  * [new tag]         v5.4.0       -> v5.4.0
#17 2.224  * [new tag]         v5.4.0-rc1   -> v5.4.0-rc1
#17 2.224  * [new tag]         v5.40.0      -> v5.40.0
#17 2.225  * [new tag]         v5.40.0-rc1  -> v5.40.0-rc1
#17 2.225  * [new tag]         v5.41.0      -> v5.41.0
#17 2.225  * [new tag]         v5.41.0-rc1  -> v5.41.0-rc1
#17 2.225  * [new tag]         v5.42.0      -> v5.42.0
#17 2.226  * [new tag]         v5.42.0-rc1  -> v5.42.0-rc1
#17 2.226  * [new tag]         v5.43.0      -> v5.43.0
#17 2.226  * [new tag]         v5.43.0-rc1  -> v5.43.0-rc1
#17 2.226  * [new tag]         v5.44.0      -> v5.44.0
#17 2.226  * [new tag]         v5.44.0-rc1  -> v5.44.0-rc1
#17 2.227  * [new tag]         v5.45.0      -> v5.45.0
#17 2.227  * [new tag]         v5.45.0-rc1  -> v5.45.0-rc1
#17 2.227  * [new tag]         v5.46.0      -> v5.46.0
#17 2.227  * [new tag]         v5.46.0-rc1  -> v5.46.0-rc1
#17 2.227  * [new tag]         v5.47.0      -> v5.47.0
#17 2.228  * [new tag]         v5.47.0-rc1  -> v5.47.0-rc1
#17 2.228  * [new tag]         v5.48.0      -> v5.48.0
#17 2.228  * [new tag]         v5.48.0-rc1  -> v5.48.0-rc1
#17 2.228  * [new tag]         v5.49.0      -> v5.49.0
#17 2.228  * [new tag]         v5.49.0-rc1  -> v5.49.0-rc1
#17 2.229  * [new tag]         v5.5.0       -> v5.5.0
#17 2.229  * [new tag]         v5.5.0-rc1   -> v5.5.0-rc1
#17 2.229  * [new tag]         v5.50.0      -> v5.50.0
#17 2.229  * [new tag]         v5.50.0-rc1  -> v5.50.0-rc1
#17 2.230  * [new tag]         v5.51.0      -> v5.51.0
#17 2.230  * [new tag]         v5.51.0-rc1  -> v5.51.0-rc1
#17 2.230  * [new tag]         v5.52.0      -> v5.52.0
#17 2.230  * [new tag]         v5.52.0-rc1  -> v5.52.0-rc1
#17 2.230  * [new tag]         v5.53.0      -> v5.53.0
#17 2.231  * [new tag]         v5.53.0-rc1  -> v5.53.0-rc1
#17 2.231  * [new tag]         v5.54.0      -> v5.54.0
#17 2.231  * [new tag]         v5.54.0-rc1  -> v5.54.0-rc1
#17 2.231  * [new tag]         v5.55.0      -> v5.55.0
#17 2.231  * [new tag]         v5.55.0-rc1  -> v5.55.0-rc1
#17 2.232  * [new tag]         v5.56.0      -> v5.56.0
#17 2.232  * [new tag]         v5.56.0-rc1  -> v5.56.0-rc1
#17 2.232  * [new tag]         v5.57.0      -> v5.57.0
#17 2.233  * [new tag]         v5.57.0-rc1  -> v5.57.0-rc1
#17 2.233  * [new tag]         v5.58.0      -> v5.58.0
#17 2.233  * [new tag]         v5.58.0-rc1  -> v5.58.0-rc1
#17 2.233  * [new tag]         v5.59.0      -> v5.59.0
#17 2.233  * [new tag]         v5.59.0-rc1  -> v5.59.0-rc1
#17 2.234  * [new tag]         v5.6.0       -> v5.6.0
#17 2.234  * [new tag]         v5.6.0-rc1   -> v5.6.0-rc1
#17 2.234  * [new tag]         v5.60.0      -> v5.60.0
#17 2.234  * [new tag]         v5.60.0-rc1  -> v5.60.0-rc1
#17 2.235  * [new tag]         v5.61.0      -> v5.61.0
#17 2.235  * [new tag]         v5.61.0-rc1  -> v5.61.0-rc1
#17 2.235  * [new tag]         v5.62.0      -> v5.62.0
#17 2.235  * [new tag]         v5.62.0-rc1  -> v5.62.0-rc1
#17 2.235  * [new tag]         v5.63.0      -> v5.63.0
#17 2.236  * [new tag]         v5.63.0-rc1  -> v5.63.0-rc1
#17 2.236  * [new tag]         v5.63.0-rc2  -> v5.63.0-rc2
#17 2.236  * [new tag]         v5.64.0      -> v5.64.0
#17 2.236  * [new tag]         v5.64.0-rc1  -> v5.64.0-rc1
#17 2.237  * [new tag]         v5.65.0      -> v5.65.0
#17 2.237  * [new tag]         v5.65.0-rc1  -> v5.65.0-rc1
#17 2.237  * [new tag]         v5.66.0      -> v5.66.0
#17 2.237  * [new tag]         v5.66.0-rc1  -> v5.66.0-rc1
#17 2.237  * [new tag]         v5.67.0      -> v5.67.0
#17 2.238  * [new tag]         v5.67.0-rc1  -> v5.67.0-rc1
#17 2.238  * [new tag]         v5.68.0      -> v5.68.0
#17 2.238  * [new tag]         v5.68.0-rc1  -> v5.68.0-rc1
#17 2.238  * [new tag]         v5.69.0      -> v5.69.0
#17 2.239  * [new tag]         v5.69.0-rc1  -> v5.69.0-rc1
#17 2.239  * [new tag]         v5.7.0       -> v5.7.0
#17 2.239  * [new tag]         v5.7.0-rc1   -> v5.7.0-rc1
#17 2.239  * [new tag]         v5.70.0      -> v5.70.0
#17 2.239  * [new tag]         v5.70.0-rc1  -> v5.70.0-rc1
#17 2.240  * [new tag]         v5.71.0      -> v5.71.0
#17 2.240  * [new tag]         v5.71.0-rc1  -> v5.71.0-rc1
#17 2.240  * [new tag]         v5.71.0-rc2  -> v5.71.0-rc2
#17 2.241  * [new tag]         v5.71.0-rc3  -> v5.71.0-rc3
#17 2.241  * [new tag]         v5.72.0      -> v5.72.0
#17 2.241  * [new tag]         v5.72.0-rc1  -> v5.72.0-rc1
#17 2.241  * [new tag]         v5.73.0      -> v5.73.0
#17 2.241  * [new tag]         v5.73.0-rc1  -> v5.73.0-rc1
#17 2.242  * [new tag]         v5.74.0      -> v5.74.0
#17 2.242  * [new tag]         v5.74.0-rc1  -> v5.74.0-rc1
#17 2.242  * [new tag]         v5.75.0      -> v5.75.0
#17 2.242  * [new tag]         v5.75.0-rc1  -> v5.75.0-rc1
#17 2.243  * [new tag]         v5.76.0      -> v5.76.0
#17 2.243  * [new tag]         v5.76.0-rc1  -> v5.76.0-rc1
#17 2.243  * [new tag]         v5.77.0      -> v5.77.0
#17 2.243  * [new tag]         v5.77.0-rc1  -> v5.77.0-rc1
#17 2.243  * [new tag]         v5.78.0      -> v5.78.0
#17 2.244  * [new tag]         v5.78.0-rc1  -> v5.78.0-rc1
#17 2.244  * [new tag]         v5.79.0      -> v5.79.0
#17 2.244  * [new tag]         v5.79.0-rc1  -> v5.79.0-rc1
#17 2.244  * [new tag]         v5.79.0-rc2  -> v5.79.0-rc2
#17 2.245  * [new tag]         v5.8.0       -> v5.8.0
#17 2.245  * [new tag]         v5.8.0-rc1   -> v5.8.0-rc1
#17 2.245  * [new tag]         v5.80.0      -> v5.80.0
#17 2.245  * [new tag]         v5.80.0-rc1  -> v5.80.0-rc1
#17 2.246  * [new tag]         v5.81.0      -> v5.81.0
#17 2.246  * [new tag]         v5.81.0-rc1  -> v5.81.0-rc1
#17 2.246  * [new tag]         v5.81.0-rc2  -> v5.81.0-rc2
#17 2.246  * [new tag]         v5.82.0      -> v5.82.0
#17 2.246  * [new tag]         v5.82.0-rc1  -> v5.82.0-rc1
#17 2.247  * [new tag]         v5.83.0      -> v5.83.0
#17 2.247  * [new tag]         v5.83.0-rc1  -> v5.83.0-rc1
#17 2.247  * [new tag]         v5.84.0      -> v5.84.0
#17 2.247  * [new tag]         v5.84.0-rc1  -> v5.84.0-rc1
#17 2.247  * [new tag]         v5.85.0      -> v5.85.0
#17 2.248  * [new tag]         v5.85.0-rc1  -> v5.85.0-rc1
#17 2.248  * [new tag]         v5.86.0      -> v5.86.0
#17 2.248  * [new tag]         v5.86.0-rc1  -> v5.86.0-rc1
#17 2.248  * [new tag]         v5.87.0      -> v5.87.0
#17 2.249  * [new tag]         v5.87.0-rc1  -> v5.87.0-rc1
#17 2.249  * [new tag]         v5.88.0      -> v5.88.0
#17 2.249  * [new tag]         v5.88.0-rc1  -> v5.88.0-rc1
#17 2.249  * [new tag]         v5.89.0      -> v5.89.0
#17 2.249  * [new tag]         v5.89.0-rc1  -> v5.89.0-rc1
#17 2.250  * [new tag]         v5.9.0       -> v5.9.0
#17 2.250  * [new tag]         v5.9.0-rc1   -> v5.9.0-rc1
#17 2.250  * [new tag]         v5.90.0      -> v5.90.0
#17 2.250  * [new tag]         v5.90.0-rc1  -> v5.90.0-rc1
#17 2.258 error: pathspec '95a7b675' did not match any file(s) known to git
#17 4.145 From https://invent.kde.org/frameworks/extra-cmake-modules
#17 4.145  * [new tag]           plasma2tp   -> plasma2tp
#17 4.145  * [new tag]           v0.0.10     -> v0.0.10
#17 4.146  * [new tag]           v0.0.11     -> v0.0.11
#17 4.146  * [new tag]           v0.0.12     -> v0.0.12
#17 4.146  * [new tag]           v0.0.14-rc1 -> v0.0.14-rc1
#17 4.146  * [new tag]           v0.0.14-rc2 -> v0.0.14-rc2
#17 4.146  * [new tag]           v0.0.15-rc1 -> v0.0.15-rc1
#17 4.147  * [new tag]           v0.0.15-rc2 -> v0.0.15-rc2
#17 4.147  * [new tag]           v0.0.15-rc3 -> v0.0.15-rc3
#17 4.147  * [new tag]           v0.0.15-rc4 -> v0.0.15-rc4
#17 4.147  * [new tag]           v0.0.9      -> v0.0.9
#17 4.147  * [new tag]           v1.0.0      -> v1.0.0
#17 4.148  * [new tag]           v1.0.0-rc1  -> v1.0.0-rc1
#17 4.148  * [new tag]           v1.1.0      -> v1.1.0
#17 4.148  * [new tag]           v1.1.0-rc1  -> v1.1.0-rc1
#17 4.149  * [new tag]           v1.2.0      -> v1.2.0
#17 4.149  * [new tag]           v1.2.0-rc1  -> v1.2.0-rc1
#17 4.149  * [new tag]           v1.2.0-rc2  -> v1.2.0-rc2
#17 4.149  * [new tag]           v1.2.1      -> v1.2.1
#17 4.149  * [new tag]           v1.3.0      -> v1.3.0
#17 4.150  * [new tag]           v1.3.0-rc1  -> v1.3.0-rc1
#17 4.150  * [new tag]           v1.4.0      -> v1.4.0
#17 4.150  * [new tag]           v1.4.0-rc1  -> v1.4.0-rc1
#17 4.150  * [new tag]           v1.5.0      -> v1.5.0
#17 4.151  * [new tag]           v1.5.0-rc1  -> v1.5.0-rc1
#17 4.151  * [new tag]           v1.6.0      -> v1.6.0
#17 4.151  * [new tag]           v1.6.0-rc1  -> v1.6.0-rc1
#17 4.151  * [new tag]           v1.7.0      -> v1.7.0
#17 4.152  * [new tag]           v1.7.0-rc1  -> v1.7.0-rc1
#17 4.152  * [new tag]           v1.8.0      -> v1.8.0
#17 4.152  * [new tag]           v1.8.0-rc1  -> v1.8.0-rc1
#17 4.153  * [new tag]           v5.10.0     -> v5.10.0
#17 4.153  * [new tag]           v5.10.0-rc1 -> v5.10.0-rc1
#17 4.154  * [new tag]           v5.11.0     -> v5.11.0
#17 4.154  * [new tag]           v5.11.0-rc1 -> v5.11.0-rc1
#17 4.154  * [new tag]           v5.12.0     -> v5.12.0
#17 4.155  * [new tag]           v5.12.0-rc1 -> v5.12.0-rc1
#17 4.155  * [new tag]           v5.13.0     -> v5.13.0
#17 4.155  * [new tag]           v5.13.0-rc1 -> v5.13.0-rc1
#17 4.155  * [new tag]           v5.14.0     -> v5.14.0
#17 4.156  * [new tag]           v5.14.0-rc1 -> v5.14.0-rc1
#17 4.156  * [new tag]           v5.15.0     -> v5.15.0
#17 4.156  * [new tag]           v5.15.0-rc1 -> v5.15.0-rc1
#17 4.156  * [new tag]           v5.16.0-rc1 -> v5.16.0-rc1
#17 4.157  * [new tag]           v5.17.0     -> v5.17.0
#17 4.157  * [new tag]           v5.17.0-rc1 -> v5.17.0-rc1
#17 4.157  * [new tag]           v5.18.0     -> v5.18.0
#17 4.157  * [new tag]           v5.18.0-rc1 -> v5.18.0-rc1
#17 4.158  * [new tag]           v5.19.0     -> v5.19.0
#17 4.158  * [new tag]           v5.19.0-rc1 -> v5.19.0-rc1
#17 4.158  * [new tag]           v5.20.0     -> v5.20.0
#17 4.159  * [new tag]           v5.20.0-rc1 -> v5.20.0-rc1
#17 4.159  * [new tag]           v5.21.0     -> v5.21.0
#17 4.159  * [new tag]           v5.21.0-rc1 -> v5.21.0-rc1
#17 4.160  * [new tag]           v5.21.0-rc2 -> v5.21.0-rc2
#17 4.160  * [new tag]           v5.22.0     -> v5.22.0
#17 4.160  * [new tag]           v5.22.0-rc1 -> v5.22.0-rc1
#17 4.161  * [new tag]           v5.23.0     -> v5.23.0
#17 4.161  * [new tag]           v5.23.0-rc1 -> v5.23.0-rc1
#17 4.161  * [new tag]           v5.24.0     -> v5.24.0
#17 4.161  * [new tag]           v5.24.0-rc1 -> v5.24.0-rc1
#17 4.162  * [new tag]           v5.25.0     -> v5.25.0
#17 4.162  * [new tag]           v5.25.0-rc1 -> v5.25.0-rc1
#17 4.162  * [new tag]           v5.26.0     -> v5.26.0
#17 4.162  * [new tag]           v5.26.0-rc1 -> v5.26.0-rc1
#17 4.163  * [new tag]           v5.26.0-rc2 -> v5.26.0-rc2
#17 4.163  * [new tag]           v5.27.0     -> v5.27.0
#17 4.163  * [new tag]           v5.27.0-rc1 -> v5.27.0-rc1
#17 4.163  * [new tag]           v5.27.0-rc2 -> v5.27.0-rc2
#17 4.164  * [new tag]           v5.28.0-rc1 -> v5.28.0-rc1
#17 4.164  * [new tag]           v5.29.0     -> v5.29.0
#17 4.164  * [new tag]           v5.29.0-rc1 -> v5.29.0-rc1
#17 4.164  * [new tag]           v5.30.0     -> v5.30.0
#17 4.165  * [new tag]           v5.30.0-rc1 -> v5.30.0-rc1
#17 4.165  * [new tag]           v5.30.0-rc2 -> v5.30.0-rc2
#17 4.165  * [new tag]           v5.31.0     -> v5.31.0
#17 4.166  * [new tag]           v5.31.0-rc1 -> v5.31.0-rc1
#17 4.166  * [new tag]           v5.32.0     -> v5.32.0
#17 4.166  * [new tag]           v5.32.0-rc1 -> v5.32.0-rc1
#17 4.166  * [new tag]           v5.33.0     -> v5.33.0
#17 4.167  * [new tag]           v5.33.0-rc1 -> v5.33.0-rc1
#17 4.167  * [new tag]           v5.34.0     -> v5.34.0
#17 4.167  * [new tag]           v5.34.0-rc1 -> v5.34.0-rc1
#17 4.167  * [new tag]           v5.34.0-rc2 -> v5.34.0-rc2
#17 4.168  * [new tag]           v5.34.0-rc3 -> v5.34.0-rc3
#17 4.168  * [new tag]           v5.35.0     -> v5.35.0
#17 4.168  * [new tag]           v5.35.0-rc1 -> v5.35.0-rc1
#17 4.169  * [new tag]           v5.36.0     -> v5.36.0
#17 4.169  * [new tag]           v5.36.0-rc1 -> v5.36.0-rc1
#17 4.169  * [new tag]           v5.37.0     -> v5.37.0
#17 4.169  * [new tag]           v5.37.0-rc1 -> v5.37.0-rc1
#17 4.170  * [new tag]           v5.38.0-rc1 -> v5.38.0-rc1
#17 4.170  * [new tag]           v5.39.0     -> v5.39.0
#17 4.170  * [new tag]           v5.39.0-rc1 -> v5.39.0-rc1
#17 4.170  * [new tag]           v5.40.0     -> v5.40.0
#17 4.171  * [new tag]           v5.40.0-rc1 -> v5.40.0-rc1
#17 4.171  * [new tag]           v5.41.0     -> v5.41.0
#17 4.171  * [new tag]           v5.41.0-rc1 -> v5.41.0-rc1
#17 4.171  * [new tag]           v5.42.0     -> v5.42.0
#17 4.172  * [new tag]           v5.42.0-rc1 -> v5.42.0-rc1
#17 4.172  * [new tag]           v5.43.0     -> v5.43.0
#17 4.172  * [new tag]           v5.43.0-rc1 -> v5.43.0-rc1
#17 4.172  * [new tag]           v5.44.0     -> v5.44.0
#17 4.173  * [new tag]           v5.44.0-rc1 -> v5.44.0-rc1
#17 4.173  * [new tag]           v5.45.0     -> v5.45.0
#17 4.173  * [new tag]           v5.45.0-rc1 -> v5.45.0-rc1
#17 4.173  * [new tag]           v5.46.0     -> v5.46.0
#17 4.174  * [new tag]           v5.46.0-rc1 -> v5.46.0-rc1
#17 4.174  * [new tag]           v5.47.0     -> v5.47.0
#17 4.174  * [new tag]           v5.47.0-rc1 -> v5.47.0-rc1
#17 4.174  * [new tag]           v5.48.0     -> v5.48.0
#17 4.175  * [new tag]           v5.48.0-rc1 -> v5.48.0-rc1
#17 4.175  * [new tag]           v5.49.0     -> v5.49.0
#17 4.175  * [new tag]           v5.49.0-rc1 -> v5.49.0-rc1
#17 4.175  * [new tag]           v5.50.0     -> v5.50.0
#17 4.175  * [new tag]           v5.50.0-rc1 -> v5.50.0-rc1
#17 4.176  * [new tag]           v5.51.0     -> v5.51.0
#17 4.176  * [new tag]           v5.51.0-rc1 -> v5.51.0-rc1
#17 4.176  * [new tag]           v5.52.0     -> v5.52.0
#17 4.176  * [new tag]           v5.52.0-rc1 -> v5.52.0-rc1
#17 4.177  * [new tag]           v5.53.0     -> v5.53.0
#17 4.177  * [new tag]           v5.53.0-rc1 -> v5.53.0-rc1
#17 4.177  * [new tag]           v5.54.0     -> v5.54.0
#17 4.177  * [new tag]           v5.54.0-rc1 -> v5.54.0-rc1
#17 4.178  * [new tag]           v5.55.0     -> v5.55.0
#17 4.178  * [new tag]           v5.55.0-rc1 -> v5.55.0-rc1
#17 4.178  * [new tag]           v5.56.0     -> v5.56.0
#17 4.178  * [new tag]           v5.56.0-rc1 -> v5.56.0-rc1
#17 4.179  * [new tag]           v5.57.0     -> v5.57.0
#17 4.179  * [new tag]           v5.57.0-rc1 -> v5.57.0-rc1
#17 4.179  * [new tag]           v5.58.0     -> v5.58.0
#17 4.179  * [new tag]           v5.58.0-rc1 -> v5.58.0-rc1
#17 4.179  * [new tag]           v5.59.0     -> v5.59.0
#17 4.180  * [new tag]           v5.59.0-rc1 -> v5.59.0-rc1
#17 4.180  * [new tag]           v5.60.0     -> v5.60.0
#17 4.180  * [new tag]           v5.60.0-rc1 -> v5.60.0-rc1
#17 4.180  * [new tag]           v5.61.0     -> v5.61.0
#17 4.181  * [new tag]           v5.61.0-rc1 -> v5.61.0-rc1
#17 4.181  * [new tag]           v5.62.0     -> v5.62.0
#17 4.181  * [new tag]           v5.62.0-rc1 -> v5.62.0-rc1
#17 4.181  * [new tag]           v5.63.0     -> v5.63.0
#17 4.182  * [new tag]           v5.63.0-rc1 -> v5.63.0-rc1
#17 4.182  * [new tag]           v5.63.0-rc2 -> v5.63.0-rc2
#17 4.182  * [new tag]           v5.64.0     -> v5.64.0
#17 4.182  * [new tag]           v5.64.0-rc1 -> v5.64.0-rc1
#17 4.183  * [new tag]           v5.65.0     -> v5.65.0
#17 4.183  * [new tag]           v5.65.0-rc1 -> v5.65.0-rc1
#17 4.183  * [new tag]           v5.66.0     -> v5.66.0
#17 4.183  * [new tag]           v5.66.0-rc1 -> v5.66.0-rc1
#17 4.183  * [new tag]           v5.67.0     -> v5.67.0
#17 4.184  * [new tag]           v5.67.0-rc1 -> v5.67.0-rc1
#17 4.184  * [new tag]           v5.68.0     -> v5.68.0
#17 4.184  * [new tag]           v5.68.0-rc1 -> v5.68.0-rc1
#17 4.184  * [new tag]           v5.69.0     -> v5.69.0
#17 4.185  * [new tag]           v5.69.0-rc1 -> v5.69.0-rc1
#17 4.185  * [new tag]           v5.70.0     -> v5.70.0
#17 4.185  * [new tag]           v5.70.0-rc1 -> v5.70.0-rc1
#17 4.185  * [new tag]           v5.71.0     -> v5.71.0
#17 4.186  * [new tag]           v5.71.0-rc1 -> v5.71.0-rc1
#17 4.186  * [new tag]           v5.71.0-rc2 -> v5.71.0-rc2
#17 4.186  * [new tag]           v5.71.0-rc3 -> v5.71.0-rc3
#17 4.186  * [new tag]           v5.72.0     -> v5.72.0
#17 4.187  * [new tag]           v5.72.0-rc1 -> v5.72.0-rc1
#17 4.187  * [new tag]           v5.73.0     -> v5.73.0
#17 4.187  * [new tag]           v5.73.0-rc1 -> v5.73.0-rc1
#17 4.187  * [new tag]           v5.74.0     -> v5.74.0
#17 4.187  * [new tag]           v5.74.0-rc1 -> v5.74.0-rc1
#17 4.188  * [new tag]           v5.75.0     -> v5.75.0
#17 4.188  * [new tag]           v5.75.0-rc1 -> v5.75.0-rc1
#17 4.188  * [new tag]           v5.76.0     -> v5.76.0
#17 4.188  * [new tag]           v5.76.0-rc1 -> v5.76.0-rc1
#17 4.189  * [new tag]           v5.77.0     -> v5.77.0
#17 4.189  * [new tag]           v5.77.0-rc1 -> v5.77.0-rc1
#17 4.189  * [new tag]           v5.78.0     -> v5.78.0
#17 4.189  * [new tag]           v5.78.0-rc1 -> v5.78.0-rc1
#17 4.190  * [new tag]           v5.79.0     -> v5.79.0
#17 4.190  * [new tag]           v5.79.0-rc1 -> v5.79.0-rc1
#17 4.190  * [new tag]           v5.79.0-rc2 -> v5.79.0-rc2
#17 4.190  * [new tag]           v5.80.0     -> v5.80.0
#17 4.190  * [new tag]           v5.80.0-rc1 -> v5.80.0-rc1
#17 4.191  * [new tag]           v5.81.0     -> v5.81.0
#17 4.191  * [new tag]           v5.81.0-rc1 -> v5.81.0-rc1
#17 4.191  * [new tag]           v5.81.0-rc2 -> v5.81.0-rc2
#17 4.191  * [new tag]           v5.82.0     -> v5.82.0
#17 4.192  * [new tag]           v5.82.0-rc1 -> v5.82.0-rc1
#17 4.192  * [new tag]           v5.83.0     -> v5.83.0
#17 4.192  * [new tag]           v5.83.0-rc1 -> v5.83.0-rc1
#17 4.192  * [new tag]           v5.84.0     -> v5.84.0
#17 4.193  * [new tag]           v5.84.0-rc1 -> v5.84.0-rc1
#17 4.193  * [new tag]           v5.85.0     -> v5.85.0
#17 4.193  * [new tag]           v5.85.0-rc1 -> v5.85.0-rc1
#17 4.193  * [new tag]           v5.86.0     -> v5.86.0
#17 4.194  * [new tag]           v5.86.0-rc1 -> v5.86.0-rc1
#17 4.194  * [new tag]           v5.87.0     -> v5.87.0
#17 4.194  * [new tag]           v5.87.0-rc1 -> v5.87.0-rc1
#17 4.194  * [new tag]           v5.88.0     -> v5.88.0
#17 4.195  * [new tag]           v5.88.0-rc1 -> v5.88.0-rc1
#17 4.195  * [new tag]           v5.89.0     -> v5.89.0
#17 4.195  * [new tag]           v5.89.0-rc1 -> v5.89.0-rc1
#17 4.195  * [new tag]           v5.9.0      -> v5.9.0
#17 4.196  * [new tag]           v5.9.0-rc1  -> v5.9.0-rc1
#17 4.196  * [new tag]           v5.90.0     -> v5.90.0
#17 4.196  * [new tag]           v5.90.0-rc1 -> v5.90.0-rc1
#17 4.196  * [new tag]           v5.91.0     -> v5.91.0
#17 4.197  * [new tag]           v5.91.0-rc1 -> v5.91.0-rc1
#17 4.204 error: pathspec '95a7b675' did not match any file(s) known to git
#17 64.32 From git://code.qt.io/qt/qtbase
#17 64.32  * [new tag]               qt-v5.0.0-alpha1 -> qt-v5.0.0-alpha1
#17 64.32  * [new tag]               v5.0.0           -> v5.0.0
#17 64.32  * [new tag]               v5.0.0-beta1     -> v5.0.0-beta1
#17 64.32  * [new tag]               v5.0.0-beta2     -> v5.0.0-beta2
#17 64.32  * [new tag]               v5.0.0-rc1       -> v5.0.0-rc1
#17 64.33  * [new tag]               v5.0.0-rc2       -> v5.0.0-rc2
#17 64.33  * [new tag]               v5.0.1           -> v5.0.1
#17 64.33  * [new tag]               v5.0.2           -> v5.0.2
#17 64.33  * [new tag]               v5.1.0           -> v5.1.0
#17 64.33  * [new tag]               v5.1.0-alpha1    -> v5.1.0-alpha1
#17 64.33  * [new tag]               v5.1.0-beta1     -> v5.1.0-beta1
#17 64.33  * [new tag]               v5.1.0-rc1       -> v5.1.0-rc1
#17 64.33  * [new tag]               v5.1.0-rc2       -> v5.1.0-rc2
#17 64.33  * [new tag]               v5.1.1           -> v5.1.1
#17 64.33  * [new tag]               v5.10.0          -> v5.10.0
#17 64.33  * [new tag]               v5.10.0-alpha1   -> v5.10.0-alpha1
#17 64.33  * [new tag]               v5.10.0-beta1    -> v5.10.0-beta1
#17 64.33  * [new tag]               v5.10.0-beta2    -> v5.10.0-beta2
#17 64.33  * [new tag]               v5.10.0-beta3    -> v5.10.0-beta3
#17 64.33  * [new tag]               v5.10.0-beta4    -> v5.10.0-beta4
#17 64.33  * [new tag]               v5.10.0-rc1      -> v5.10.0-rc1
#17 64.33  * [new tag]               v5.10.0-rc2      -> v5.10.0-rc2
#17 64.33  * [new tag]               v5.10.0-rc3      -> v5.10.0-rc3
#17 64.33  * [new tag]               v5.10.1          -> v5.10.1
#17 64.33  * [new tag]               v5.11.0          -> v5.11.0
#17 64.33  * [new tag]               v5.11.0-alpha1   -> v5.11.0-alpha1
#17 64.33  * [new tag]               v5.11.0-beta1    -> v5.11.0-beta1
#17 64.33  * [new tag]               v5.11.0-beta2    -> v5.11.0-beta2
#17 64.33  * [new tag]               v5.11.0-beta3    -> v5.11.0-beta3
#17 64.33  * [new tag]               v5.11.0-beta4    -> v5.11.0-beta4
#17 64.33  * [new tag]               v5.11.0-rc1      -> v5.11.0-rc1
#17 64.33  * [new tag]               v5.11.0-rc2      -> v5.11.0-rc2
#17 64.33  * [new tag]               v5.11.1          -> v5.11.1
#17 64.33  * [new tag]               v5.11.2          -> v5.11.2
#17 64.33  * [new tag]               v5.11.3          -> v5.11.3
#17 64.33  * [new tag]               v5.12.0          -> v5.12.0
#17 64.34  * [new tag]               v5.12.0-alpha1   -> v5.12.0-alpha1
#17 64.34  * [new tag]               v5.12.0-beta1    -> v5.12.0-beta1
#17 64.34  * [new tag]               v5.12.0-beta2    -> v5.12.0-beta2
#17 64.34  * [new tag]               v5.12.0-beta3    -> v5.12.0-beta3
#17 64.34  * [new tag]               v5.12.0-beta4    -> v5.12.0-beta4
#17 64.34  * [new tag]               v5.12.0-rc1      -> v5.12.0-rc1
#17 64.34  * [new tag]               v5.12.0-rc2      -> v5.12.0-rc2
#17 64.34  * [new tag]               v5.12.1          -> v5.12.1
#17 64.34  * [new tag]               v5.12.2          -> v5.12.2
#17 64.34  * [new tag]               v5.12.3          -> v5.12.3
#17 64.34  * [new tag]               v5.12.4          -> v5.12.4
#17 64.34  * [new tag]               v5.12.5          -> v5.12.5
#17 64.34  * [new tag]               v5.13.0          -> v5.13.0
#17 64.34  * [new tag]               v5.13.0-alpha1   -> v5.13.0-alpha1
#17 64.34  * [new tag]               v5.13.0-beta1    -> v5.13.0-beta1
#17 64.34  * [new tag]               v5.13.0-beta2    -> v5.13.0-beta2
#17 64.34  * [new tag]               v5.13.0-beta3    -> v5.13.0-beta3
#17 64.34  * [new tag]               v5.13.0-beta4    -> v5.13.0-beta4
#17 64.34  * [new tag]               v5.13.0-rc1      -> v5.13.0-rc1
#17 64.34  * [new tag]               v5.13.0-rc2      -> v5.13.0-rc2
#17 64.34  * [new tag]               v5.13.0-rc3      -> v5.13.0-rc3
#17 64.34  * [new tag]               v5.13.1          -> v5.13.1
#17 64.34  * [new tag]               v5.13.2          -> v5.13.2
#17 64.34  * [new tag]               v5.14.0          -> v5.14.0
#17 64.34  * [new tag]               v5.14.0-alpha1   -> v5.14.0-alpha1
#17 64.34  * [new tag]               v5.14.0-beta1    -> v5.14.0-beta1
#17 64.34  * [new tag]               v5.14.0-beta2    -> v5.14.0-beta2
#17 64.34  * [new tag]               v5.14.0-beta3    -> v5.14.0-beta3
#17 64.34  * [new tag]               v5.14.0-rc1      -> v5.14.0-rc1
#17 64.34  * [new tag]               v5.14.0-rc2      -> v5.14.0-rc2
#17 64.34  * [new tag]               v5.14.1          -> v5.14.1
#17 64.34  * [new tag]               v5.14.2          -> v5.14.2
#17 64.34  * [new tag]               v5.15.0          -> v5.15.0
#17 64.34  * [new tag]               v5.15.0-alpha1   -> v5.15.0-alpha1
#17 64.34  * [new tag]               v5.15.0-beta1    -> v5.15.0-beta1
#17 64.34  * [new tag]               v5.15.0-beta2    -> v5.15.0-beta2
#17 64.34  * [new tag]               v5.15.0-beta3    -> v5.15.0-beta3
#17 64.35  * [new tag]               v5.15.0-beta4    -> v5.15.0-beta4
#17 64.35  * [new tag]               v5.15.0-rc1      -> v5.15.0-rc1
#17 64.35  * [new tag]               v5.15.0-rc2      -> v5.15.0-rc2
#17 64.35  * [new tag]               v5.2.0           -> v5.2.0
#17 64.35  * [new tag]               v5.2.0-alpha1    -> v5.2.0-alpha1
#17 64.35  * [new tag]               v5.2.0-beta1     -> v5.2.0-beta1
#17 64.35  * [new tag]               v5.2.0-rc1       -> v5.2.0-rc1
#17 64.35  * [new tag]               v5.2.1           -> v5.2.1
#17 64.35  * [new tag]               v5.3.0           -> v5.3.0
#17 64.35  * [new tag]               v5.3.0-alpha1    -> v5.3.0-alpha1
#17 64.35  * [new tag]               v5.3.0-beta1     -> v5.3.0-beta1
#17 64.35  * [new tag]               v5.3.0-rc1       -> v5.3.0-rc1
#17 64.35  * [new tag]               v5.3.1           -> v5.3.1
#17 64.35  * [new tag]               v5.3.2           -> v5.3.2
#17 64.35  * [new tag]               v5.4.0           -> v5.4.0
#17 64.35  * [new tag]               v5.4.0-alpha1    -> v5.4.0-alpha1
#17 64.35  * [new tag]               v5.4.0-beta1     -> v5.4.0-beta1
#17 64.35  * [new tag]               v5.4.0-rc1       -> v5.4.0-rc1
#17 64.35  * [new tag]               v5.4.1           -> v5.4.1
#17 64.35  * [new tag]               v5.4.2           -> v5.4.2
#17 64.35  * [new tag]               v5.5.0           -> v5.5.0
#17 64.35  * [new tag]               v5.5.0-alpha1    -> v5.5.0-alpha1
#17 64.35  * [new tag]               v5.5.0-beta1     -> v5.5.0-beta1
#17 64.35  * [new tag]               v5.5.0-rc1       -> v5.5.0-rc1
#17 64.35  * [new tag]               v5.5.1           -> v5.5.1
#17 64.35  * [new tag]               v5.6.0           -> v5.6.0
#17 64.35  * [new tag]               v5.6.0-alpha1    -> v5.6.0-alpha1
#17 64.35  * [new tag]               v5.6.0-beta1     -> v5.6.0-beta1
#17 64.35  * [new tag]               v5.6.0-rc1       -> v5.6.0-rc1
#17 64.35  * [new tag]               v5.6.1           -> v5.6.1
#17 64.36  * [new tag]               v5.6.1-1         -> v5.6.1-1
#17 64.36  * [new tag]               v5.6.2           -> v5.6.2
#17 64.36  * [new tag]               v5.7.0           -> v5.7.0
#17 64.36  * [new tag]               v5.7.0-alpha1    -> v5.7.0-alpha1
#17 64.36  * [new tag]               v5.7.0-beta1     -> v5.7.0-beta1
#17 64.36  * [new tag]               v5.7.0-rc1       -> v5.7.0-rc1
#17 64.36  * [new tag]               v5.7.1           -> v5.7.1
#17 64.36  * [new tag]               v5.8.0           -> v5.8.0
#17 64.36  * [new tag]               v5.8.0-alpha1    -> v5.8.0-alpha1
#17 64.36  * [new tag]               v5.8.0-beta1     -> v5.8.0-beta1
#17 64.36  * [new tag]               v5.8.0-rc1       -> v5.8.0-rc1
#17 64.36  * [new tag]               v5.9.0           -> v5.9.0
#17 64.36  * [new tag]               v5.9.0-alpha1    -> v5.9.0-alpha1
#17 64.36  * [new tag]               v5.9.0-beta1     -> v5.9.0-beta1
#17 64.36  * [new tag]               v5.9.0-beta2     -> v5.9.0-beta2
#17 64.36  * [new tag]               v5.9.0-beta3     -> v5.9.0-beta3
#17 64.36  * [new tag]               v5.9.0-beta4     -> v5.9.0-beta4
#17 64.36  * [new tag]               v5.9.0-rc1       -> v5.9.0-rc1
#17 64.36  * [new tag]               v5.9.0-rc2       -> v5.9.0-rc2
#17 64.36  * [new tag]               v5.9.1           -> v5.9.1
#17 64.36  * [new tag]               v5.9.2           -> v5.9.2
#17 64.36  * [new tag]               v5.9.3           -> v5.9.3
#17 64.36  * [new tag]               v5.9.4           -> v5.9.4
#17 64.38 error: pathspec '95a7b675' did not match any file(s) known to git
#17 64.38 error: pathspec '95a7b675' did not match any file(s) known to git
#17 68.98 From https://github.com/nih-at/libzip
#17 68.98  * [new tag]           brian-gladman-fcrypt-2008-11-18 -> brian-gladman-fcrypt-2008-11-18
#17 68.98  * [new tag]           rel-0-10      -> rel-0-10
#17 68.98  * [new tag]           rel-0-10-1    -> rel-0-10-1
#17 68.98  * [new tag]           rel-0-11      -> rel-0-11
#17 68.98  * [new tag]           rel-0-11-1    -> rel-0-11-1
#17 68.98  * [new tag]           rel-0-11-2    -> rel-0-11-2
#17 68.98  * [new tag]           rel-0-8       -> rel-0-8
#17 68.98  * [new tag]           rel-0-9       -> rel-0-9
#17 68.98  * [new tag]           rel-0-9-1     -> rel-0-9-1
#17 68.99  * [new tag]           rel-0-9-2     -> rel-0-9-2
#17 68.99  * [new tag]           rel-0-9-3     -> rel-0-9-3
#17 68.99  * [new tag]           rel-1-0       -> rel-1-0
#17 68.99  * [new tag]           rel-1-0-1     -> rel-1-0-1
#17 68.99  * [new tag]           rel-1-0-beta1 -> rel-1-0-beta1
#17 68.99  * [new tag]           rel-1-1       -> rel-1-1
#17 68.99  * [new tag]           rel-1-1-1     -> rel-1-1-1
#17 68.99  * [new tag]           rel-1-1-2     -> rel-1-1-2
#17 68.99  * [new tag]           rel-1-1-3     -> rel-1-1-3
#17 68.99  * [new tag]           rel-1-2-0     -> rel-1-2-0
#17 68.99  * [new tag]           rel-1-3-0     -> rel-1-3-0
#17 68.99  * [new tag]           rel-1-3-1     -> rel-1-3-1
#17 68.99  * [new tag]           rel-1-3-2     -> rel-1-3-2
#17 68.99  * [new tag]           rel-1-4-0     -> rel-1-4-0
#17 68.99  * [new tag]           rel-1-5-0     -> rel-1-5-0
#17 68.99  * [new tag]           rel-1-5-1     -> rel-1-5-1
#17 68.99  * [new tag]           rel-1-5-2     -> rel-1-5-2
#17 68.99  * [new tag]           rel-1-6-0     -> rel-1-6-0
#17 68.99  * [new tag]           rel-1-6-1     -> rel-1-6-1
#17 68.99  * [new tag]           rel-1-7-0     -> rel-1-7-0
#17 68.99  * [new tag]           v1.7.1        -> v1.7.1
#17 68.99  * [new tag]           v1.7.2        -> v1.7.2
#17 68.99  * [new tag]           v1.7.3        -> v1.7.3
#17 68.99  * [new tag]           v1.8.0        -> v1.8.0
#17 69.00 error: pathspec '95a7b675' did not match any file(s) known to git
#17 71.19 From https://github.com/madler/zlib
#17 71.19  * [new tag]         v0.71       -> v0.71
#17 71.19  * [new tag]         v0.79       -> v0.79
#17 71.19  * [new tag]         v0.8        -> v0.8
#17 71.20  * [new tag]         v0.9        -> v0.9
#17 71.20  * [new tag]         v0.91       -> v0.91
#17 71.20  * [new tag]         v0.92       -> v0.92
#17 71.20  * [new tag]         v0.93       -> v0.93
#17 71.20  * [new tag]         v0.94       -> v0.94
#17 71.20  * [new tag]         v0.95       -> v0.95
#17 71.20  * [new tag]         v0.99       -> v0.99
#17 71.20  * [new tag]         v1.0-pre    -> v1.0-pre
#17 71.20  * [new tag]         v1.0.1      -> v1.0.1
#17 71.20  * [new tag]         v1.0.2      -> v1.0.2
#17 71.20  * [new tag]         v1.0.4      -> v1.0.4
#17 71.20  * [new tag]         v1.0.5      -> v1.0.5
#17 71.20  * [new tag]         v1.0.7      -> v1.0.7
#17 71.20  * [new tag]         v1.0.8      -> v1.0.8
#17 71.20  * [new tag]         v1.0.9      -> v1.0.9
#17 71.20  * [new tag]         v1.1.0      -> v1.1.0
#17 71.20  * [new tag]         v1.1.1      -> v1.1.1
#17 71.20  * [new tag]         v1.1.2      -> v1.1.2
#17 71.20  * [new tag]         v1.1.3      -> v1.1.3
#17 71.20  * [new tag]         v1.1.4      -> v1.1.4
#17 71.20  * [new tag]         v1.2.0      -> v1.2.0
#17 71.20  * [new tag]         v1.2.0.1    -> v1.2.0.1
#17 71.20  * [new tag]         v1.2.0.2    -> v1.2.0.2
#17 71.20  * [new tag]         v1.2.0.3    -> v1.2.0.3
#17 71.20  * [new tag]         v1.2.0.4    -> v1.2.0.4
#17 71.20  * [new tag]         v1.2.0.5    -> v1.2.0.5
#17 71.20  * [new tag]         v1.2.0.6    -> v1.2.0.6
#17 71.20  * [new tag]         v1.2.0.7    -> v1.2.0.7
#17 71.20  * [new tag]         v1.2.0.8    -> v1.2.0.8
#17 71.20  * [new tag]         v1.2.1      -> v1.2.1
#17 71.20  * [new tag]         v1.2.1.1    -> v1.2.1.1
#17 71.20  * [new tag]         v1.2.1.2    -> v1.2.1.2
#17 71.20  * [new tag]         v1.2.10     -> v1.2.10
#17 71.20  * [new tag]         v1.2.2      -> v1.2.2
#17 71.21  * [new tag]         v1.2.2.1    -> v1.2.2.1
#17 71.21  * [new tag]         v1.2.2.2    -> v1.2.2.2
#17 71.21  * [new tag]         v1.2.2.3    -> v1.2.2.3
#17 71.21  * [new tag]         v1.2.2.4    -> v1.2.2.4
#17 71.21  * [new tag]         v1.2.3      -> v1.2.3
#17 71.21  * [new tag]         v1.2.3.1    -> v1.2.3.1
#17 71.21  * [new tag]         v1.2.3.2    -> v1.2.3.2
#17 71.21  * [new tag]         v1.2.3.3    -> v1.2.3.3
#17 71.21  * [new tag]         v1.2.3.4    -> v1.2.3.4
#17 71.21  * [new tag]         v1.2.3.5    -> v1.2.3.5
#17 71.21  * [new tag]         v1.2.3.6    -> v1.2.3.6
#17 71.21  * [new tag]         v1.2.3.7    -> v1.2.3.7
#17 71.21  * [new tag]         v1.2.3.8    -> v1.2.3.8
#17 71.21  * [new tag]         v1.2.3.9    -> v1.2.3.9
#17 71.21  * [new tag]         v1.2.4      -> v1.2.4
#17 71.21  * [new tag]         v1.2.4-pre1 -> v1.2.4-pre1
#17 71.21  * [new tag]         v1.2.4-pre2 -> v1.2.4-pre2
#17 71.21  * [new tag]         v1.2.4.1    -> v1.2.4.1
#17 71.21  * [new tag]         v1.2.4.2    -> v1.2.4.2
#17 71.21  * [new tag]         v1.2.4.3    -> v1.2.4.3
#17 71.21  * [new tag]         v1.2.4.4    -> v1.2.4.4
#17 71.21  * [new tag]         v1.2.4.5    -> v1.2.4.5
#17 71.21  * [new tag]         v1.2.5      -> v1.2.5
#17 71.21  * [new tag]         v1.2.5.1    -> v1.2.5.1
#17 71.21  * [new tag]         v1.2.5.2    -> v1.2.5.2
#17 71.21  * [new tag]         v1.2.5.3    -> v1.2.5.3
#17 71.21  * [new tag]         v1.2.6      -> v1.2.6
#17 71.21  * [new tag]         v1.2.6.1    -> v1.2.6.1
#17 71.21  * [new tag]         v1.2.7      -> v1.2.7
#17 71.21  * [new tag]         v1.2.7.1    -> v1.2.7.1
#17 71.21  * [new tag]         v1.2.7.2    -> v1.2.7.2
#17 71.21  * [new tag]         v1.2.7.3    -> v1.2.7.3
#17 71.21  * [new tag]         v1.2.8      -> v1.2.8
#17 71.21  * [new tag]         v1.2.9      -> v1.2.9
#17 71.22 error: pathspec '95a7b675' did not match any file(s) known to git
#17 71.23 error: pathspec '95a7b675' did not match any file(s) known to git
#17 71.24 error: pathspec '95a7b675' did not match any file(s) known to git
#17 71.32 error: pathspec '95a7b675' did not match any file(s) known to git
#17 71.72 error: pathspec '95a7b675' did not match any file(s) known to git
#17 71.75 error: pathspec '95a7b675' did not match any file(s) known to git
#17 71.80 error: pathspec '95a7b675' did not match any file(s) known to git
#17 71.81 Checkout unsuccessful.
#17 DONE 72.2s

#18 [stage-1 12/13] RUN echo "#!/bin/bash\nPYTHONPATH=/src python3 -u -c "from fuzzers import utils; utils.initialize_env(); from fuzzers.afl import fuzzer; fuzzer.build()"" > /usr/bin/fuzzer_build &&     chmod +x /usr/bin/fuzzer_build
#18 sha256:48f4a9f3881b439b278ab926f0d1a44933383f769a7245407f50fc54141cd855
#18 DONE 0.8s

#19 [stage-1 13/13] RUN echo "Run fuzzer_build to build the target" && if [ -z "$debug_builder" ] ; then fuzzer_build; fi
#19 sha256:a9e091f886637da267860b7b8233d0a40e2eed8a2413ce67923b22d28b138969
#19 0.543 Run fuzzer_build to build the target
#19 0.683 FUZZ_TARGET = karchive_fuzzer
#19 0.683 CFLAGS = -DFUZZING_BUILD_MODE_UNSAFE_FOR_PRODUCTION -pthread -Wl,--no-as-needed -Wl,-ldl -Wl,-lm -Wno-unused-command-line-argument -O3
#19 0.683 CXXFLAGS = -DFUZZING_BUILD_MODE_UNSAFE_FOR_PRODUCTION -pthread -Wl,--no-as-needed -Wl,-ldl -Wl,-lm -Wno-unused-command-line-argument -stdlib=libc++ -O3
#19 0.690 Building benchmark karchive_karchive_fuzzer with fuzzer afl
#19 0.693 + cd /src
#19 0.693 + cd zlib
#19 0.693 + ./configure --static
#19 0.831 Building static library libz.a version 1.2.11 with clang.
#19 0.874 Checking for size_t... Yes.
#19 0.900 Checking for off64_t... Yes.
#19 0.902 Checking for fseeko... Yes.
#19 1.046 Checking for strerror... Yes.
#19 1.084 Checking for unistd.h... Yes.
#19 1.114 Checking for stdarg.h... Yes.
#19 1.158 Checking whether to use vs[n]printf() or s[n]printf()... using vs[n]printf().
#19 1.302 Checking for vsnprintf() in stdio.h... Yes.
#19 1.338 Checking for return value of vsnprintf()... Yes.
#19 1.360 Checking for attribute(visibility) support... Yes.
#19 1.374 ++ nproc
#19 1.381 + make install -j8
#19 1.386 clang -DFUZZING_BUILD_MODE_UNSAFE_FOR_PRODUCTION -pthread -Wl,--no-as-needed -Wl,-ldl -Wl,-lm -Wno-unused-command-line-argument -O3 -fsanitize-coverage=trace-pc-guard -D_LARGEFILE64_SOURCE=1 -DHAVE_HIDDEN  -c -o adler32.o adler32.c
#19 1.386 clang -DFUZZING_BUILD_MODE_UNSAFE_FOR_PRODUCTION -pthread -Wl,--no-as-needed -Wl,-ldl -Wl,-lm -Wno-unused-command-line-argument -O3 -fsanitize-coverage=trace-pc-guard -D_LARGEFILE64_SOURCE=1 -DHAVE_HIDDEN  -c -o crc32.o crc32.c
#19 1.386 clang -DFUZZING_BUILD_MODE_UNSAFE_FOR_PRODUCTION -pthread -Wl,--no-as-needed -Wl,-ldl -Wl,-lm -Wno-unused-command-line-argument -O3 -fsanitize-coverage=trace-pc-guard -D_LARGEFILE64_SOURCE=1 -DHAVE_HIDDEN  -c -o deflate.o deflate.c
#19 1.387 clang -DFUZZING_BUILD_MODE_UNSAFE_FOR_PRODUCTION -pthread -Wl,--no-as-needed -Wl,-ldl -Wl,-lm -Wno-unused-command-line-argument -O3 -fsanitize-coverage=trace-pc-guard -D_LARGEFILE64_SOURCE=1 -DHAVE_HIDDEN  -c -o infback.o infback.c
#19 1.387 clang -DFUZZING_BUILD_MODE_UNSAFE_FOR_PRODUCTION -pthread -Wl,--no-as-needed -Wl,-ldl -Wl,-lm -Wno-unused-command-line-argument -O3 -fsanitize-coverage=trace-pc-guard -D_LARGEFILE64_SOURCE=1 -DHAVE_HIDDEN  -c -o inffast.o inffast.c
#19 1.388 clang -DFUZZING_BUILD_MODE_UNSAFE_FOR_PRODUCTION -pthread -Wl,--no-as-needed -Wl,-ldl -Wl,-lm -Wno-unused-command-line-argument -O3 -fsanitize-coverage=trace-pc-guard -D_LARGEFILE64_SOURCE=1 -DHAVE_HIDDEN  -c -o inflate.o inflate.c
#19 1.388 clang -DFUZZING_BUILD_MODE_UNSAFE_FOR_PRODUCTION -pthread -Wl,--no-as-needed -Wl,-ldl -Wl,-lm -Wno-unused-command-line-argument -O3 -fsanitize-coverage=trace-pc-guard -D_LARGEFILE64_SOURCE=1 -DHAVE_HIDDEN  -c -o inftrees.o inftrees.c
#19 1.389 clang -DFUZZING_BUILD_MODE_UNSAFE_FOR_PRODUCTION -pthread -Wl,--no-as-needed -Wl,-ldl -Wl,-lm -Wno-unused-command-line-argument -O3 -fsanitize-coverage=trace-pc-guard -D_LARGEFILE64_SOURCE=1 -DHAVE_HIDDEN  -c -o trees.o trees.c
#19 1.579 clang -DFUZZING_BUILD_MODE_UNSAFE_FOR_PRODUCTION -pthread -Wl,--no-as-needed -Wl,-ldl -Wl,-lm -Wno-unused-command-line-argument -O3 -fsanitize-coverage=trace-pc-guard -D_LARGEFILE64_SOURCE=1 -DHAVE_HIDDEN  -c -o zutil.o zutil.c
#19 1.603 clang -DFUZZING_BUILD_MODE_UNSAFE_FOR_PRODUCTION -pthread -Wl,--no-as-needed -Wl,-ldl -Wl,-lm -Wno-unused-command-line-argument -O3 -fsanitize-coverage=trace-pc-guard -D_LARGEFILE64_SOURCE=1 -DHAVE_HIDDEN  -c -o compress.o compress.c
#19 1.623 clang -DFUZZING_BUILD_MODE_UNSAFE_FOR_PRODUCTION -pthread -Wl,--no-as-needed -Wl,-ldl -Wl,-lm -Wno-unused-command-line-argument -O3 -fsanitize-coverage=trace-pc-guard -D_LARGEFILE64_SOURCE=1 -DHAVE_HIDDEN  -c -o uncompr.o uncompr.c
#19 1.666 clang -DFUZZING_BUILD_MODE_UNSAFE_FOR_PRODUCTION -pthread -Wl,--no-as-needed -Wl,-ldl -Wl,-lm -Wno-unused-command-line-argument -O3 -fsanitize-coverage=trace-pc-guard -D_LARGEFILE64_SOURCE=1 -DHAVE_HIDDEN  -c -o gzclose.o gzclose.c
#19 1.687 clang -DFUZZING_BUILD_MODE_UNSAFE_FOR_PRODUCTION -pthread -Wl,--no-as-needed -Wl,-ldl -Wl,-lm -Wno-unused-command-line-argument -O3 -fsanitize-coverage=trace-pc-guard -D_LARGEFILE64_SOURCE=1 -DHAVE_HIDDEN  -c -o gzlib.o gzlib.c
#19 1.697 clang -DFUZZING_BUILD_MODE_UNSAFE_FOR_PRODUCTION -pthread -Wl,--no-as-needed -Wl,-ldl -Wl,-lm -Wno-unused-command-line-argument -O3 -fsanitize-coverage=trace-pc-guard -D_LARGEFILE64_SOURCE=1 -DHAVE_HIDDEN  -c -o gzread.o gzread.c
#19 1.731 clang -DFUZZING_BUILD_MODE_UNSAFE_FOR_PRODUCTION -pthread -Wl,--no-as-needed -Wl,-ldl -Wl,-lm -Wno-unused-command-line-argument -O3 -fsanitize-coverage=trace-pc-guard -D_LARGEFILE64_SOURCE=1 -DHAVE_HIDDEN  -c -o gzwrite.o gzwrite.c
#19 2.383 ar rc libz.a adler32.o crc32.o deflate.o infback.o inffast.o inflate.o inftrees.o trees.o zutil.o compress.o uncompr.o gzclose.o gzlib.o gzread.o gzwrite.o 
#19 2.420 rm -f /usr/local/lib/libz.a
#19 2.421 cp libz.a /usr/local/lib
#19 2.424 chmod 644 /usr/local/lib/libz.a
#19 2.437 rm -f /usr/local/share/man/man3/zlib.3
#19 2.439 cp zlib.3 /usr/local/share/man/man3
#19 2.441 chmod 644 /usr/local/share/man/man3/zlib.3
#19 2.442 rm -f /usr/local/lib/pkgconfig/zlib.pc
#19 2.443 cp zlib.pc /usr/local/lib/pkgconfig
#19 2.445 chmod 644 /usr/local/lib/pkgconfig/zlib.pc
#19 2.447 rm -f /usr/local/include/zlib.h /usr/local/include/zconf.h
#19 2.454 cp zlib.h zconf.h /usr/local/include
#19 2.456 chmod 644 /usr/local/include/zlib.h /usr/local/include/zconf.h
#19 2.458 + cd /src
#19 2.458 + cd libzip
#19 2.458 + cmake . -DBUILD_SHARED_LIBS=OFF
#19 2.770 -- The C compiler identification is Clang 14.0.0
#19 2.812 -- Detecting C compiler ABI info
#19 2.989 -- Detecting C compiler ABI info - done
#19 3.048 -- Check for working C compiler: /usr/local/bin/clang - skipped
#19 3.050 -- Detecting C compile features
#19 3.051 -- Detecting C compile features - done
#19 3.077 -- Looking for include file CommonCrypto/CommonCrypto.h
#19 3.117 -- Looking for include file CommonCrypto/CommonCrypto.h - not found
#19 3.126 -- Could NOT find PkgConfig (missing: PKG_CONFIG_EXECUTABLE) 
#19 3.138 -- Could NOT find Nettle (missing: Nettle_LIBRARY Nettle_INCLUDE_DIR) (Required is at least version "3.0")
#19 3.146 -- Could NOT find GnuTLS (missing: GNUTLS_LIBRARY GNUTLS_INCLUDE_DIR) 
#19 3.149 -- Could NOT find MbedTLS (missing: MbedTLS_LIBRARY MbedTLS_INCLUDE_DIR) (Required is at least version "1.0")
#19 3.160 -- Could NOT find OpenSSL, try to set the path to OpenSSL root folder in the system variable OPENSSL_ROOT_DIR (missing: OPENSSL_CRYPTO_LIBRARY OPENSSL_INCLUDE_DIR) 
#19 3.162 -- Looking for _close
#19 3.346 -- Looking for _close - not found
#19 3.347 -- Looking for _dup
#19 3.508 -- Looking for _dup - not found
#19 3.508 -- Looking for _fdopen
#19 3.671 -- Looking for _fdopen - not found
#19 3.671 -- Looking for _fileno
#19 3.837 -- Looking for _fileno - not found
#19 3.837 -- Looking for _setmode
#19 4.001 -- Looking for _setmode - not found
#19 4.002 -- Looking for _snprintf
#19 4.077 -- Looking for _snprintf - not found
#19 4.077 -- Looking for _strdup
#19 4.247 -- Looking for _strdup - not found
#19 4.248 -- Looking for _stricmp
#19 4.293 -- Looking for _stricmp - not found
#19 4.293 -- Looking for _strtoi64
#19 4.457 -- Looking for _strtoi64 - not found
#19 4.458 -- Looking for _strtoui64
#19 4.625 -- Looking for _strtoui64 - not found
#19 4.625 -- Looking for _unlink
#19 4.788 -- Looking for _unlink - not found
#19 4.788 -- Looking for arc4random
#19 4.956 -- Looking for arc4random - not found
#19 4.957 -- Looking for clonefile
#19 5.118 -- Looking for clonefile - not found
#19 5.118 -- Looking for explicit_bzero
#19 5.290 -- Looking for explicit_bzero - found
#19 5.291 -- Looking for explicit_memset
#19 5.451 -- Looking for explicit_memset - not found
#19 5.452 -- Looking for fchmod
#19 5.621 -- Looking for fchmod - found
#19 5.621 -- Looking for fileno
#19 5.792 -- Looking for fileno - found
#19 5.793 -- Looking for fseeko
#19 5.956 -- Looking for fseeko - found
#19 5.957 -- Looking for ftello
#19 6.122 -- Looking for ftello - found
#19 6.122 -- Looking for getprogname
#19 6.281 -- Looking for getprogname - not found
#19 6.281 -- Looking for localtime_r
#19 6.440 -- Looking for localtime_r - found
#19 6.441 -- Looking for setmode
#19 6.604 -- Looking for setmode - not found
#19 6.605 -- Looking for snprintf
#19 6.772 -- Looking for snprintf - found
#19 6.773 -- Looking for strcasecmp
#19 6.938 -- Looking for strcasecmp - found
#19 6.938 -- Looking for strdup
#19 7.106 -- Looking for strdup - found
#19 7.106 -- Looking for stricmp
#19 7.341 -- Looking for stricmp - not found
#19 7.341 -- Looking for strtoll
#19 7.523 -- Looking for strtoll - found
#19 7.523 -- Looking for strtoull
#19 7.684 -- Looking for strtoull - found
#19 7.685 -- Looking for 3 include files sys/types.h, ..., fts.h
#19 7.858 -- Looking for 3 include files sys/types.h, ..., fts.h - found
#19 7.858 -- Looking for fts_open
#19 8.027 -- Looking for fts_open - found
#19 8.028 -- Looking for include file stdbool.h
#19 8.188 -- Looking for include file stdbool.h - found
#19 8.189 -- Looking for include file strings.h
#19 8.348 -- Looking for include file strings.h - found
#19 8.349 -- Looking for include file unistd.h
#19 8.515 -- Looking for include file unistd.h - found
#19 8.517 -- Looking for include file inttypes.h
#19 8.686 -- Looking for include file inttypes.h - found
#19 8.687 -- Looking for include file stdint.h
#19 8.846 -- Looking for include file stdint.h - found
#19 8.846 -- Looking for include file sys/types.h
#19 9.020 -- Looking for include file sys/types.h - found
#19 9.035 -- Looking for sys/types.h
#19 9.200 -- Looking for sys/types.h - found
#19 9.201 -- Looking for stdint.h
#19 9.369 -- Looking for stdint.h - found
#19 9.370 -- Looking for stddef.h
#19 9.524 -- Looking for stddef.h - found
#19 9.525 -- Check size of __int8
#19 9.576 -- Check size of __int8 - failed
#19 9.577 -- Check size of int8_t
#19 9.784 -- Check size of int8_t - done
#19 9.784 -- Check size of uint8_t
#19 9.982 -- Check size of uint8_t - done
#19 9.982 -- Check size of __int16
#19 10.03 -- Check size of __int16 - failed
#19 10.03 -- Check size of int16_t
#19 10.24 -- Check size of int16_t - done
#19 10.24 -- Check size of uint16_t
#19 10.44 -- Check size of uint16_t - done
#19 10.44 -- Check size of __int32
#19 10.48 -- Check size of __int32 - failed
#19 10.49 -- Check size of int32_t
#19 10.69 -- Check size of int32_t - done
#19 10.69 -- Check size of uint32_t
#19 10.89 -- Check size of uint32_t - done
#19 10.89 -- Check size of __int64
#19 10.94 -- Check size of __int64 - failed
#19 10.94 -- Check size of int64_t
#19 11.16 -- Check size of int64_t - done
#19 11.16 -- Check size of uint64_t
#19 11.36 -- Check size of uint64_t - done
#19 11.36 -- Check size of short
#19 11.57 -- Check size of short - done
#19 11.57 -- Check size of int
#19 11.77 -- Check size of int - done
#19 11.77 -- Check size of long
#19 11.98 -- Check size of long - done
#19 11.98 -- Check size of long long
#19 12.19 -- Check size of long long - done
#19 12.19 -- Check size of off_t
#19 12.40 -- Check size of off_t - done
#19 12.40 -- Check size of size_t
#19 12.59 -- Check size of size_t - done
#19 12.59 -- Performing Test HAVE_FICLONERANGE
#19 12.77 -- Performing Test HAVE_FICLONERANGE - Success
#19 12.77 -- Performing Test HAVE_NULLABLE
#19 12.94 -- Performing Test HAVE_NULLABLE - Success
#19 13.11 -- Found ZLIB: /usr/local/lib/libz.a (found suitable version "1.2.11", minimum required is "1.1.2") 
#19 13.12 -- Could NOT find BZip2 (missing: BZIP2_LIBRARIES BZIP2_INCLUDE_DIR) 
#19 13.12 CMake Warning at CMakeLists.txt:186 (message):
#19 13.12   -- bzip2 library not found; bzip2 support disabled
#19 13.12 
#19 13.12 
#19 13.13 -- Could NOT find LibLZMA (missing: LIBLZMA_LIBRARY LIBLZMA_INCLUDE_DIR LIBLZMA_HAS_AUTO_DECODER LIBLZMA_HAS_EASY_ENCODER LIBLZMA_HAS_LZMA_PRESET) (Required is at least version "5.2")
#19 13.13 CMake Warning at CMakeLists.txt:195 (message):
#19 13.13   -- lzma library not found; lzma/xz support disabled
#19 13.13 
#19 13.13 
#19 13.14 -- Could NOT find PkgConfig (missing: PKG_CONFIG_EXECUTABLE) 
#19 13.14 -- Could NOT find Zstd (missing: Zstd_LIBRARY Zstd_INCLUDE_DIR) (Required is at least version "1.3.6")
#19 13.14 CMake Warning at CMakeLists.txt:204 (message):
#19 13.14   -- zstd library not found; zstandard support disabled
#19 13.14 
#19 13.14 
#19 13.14 CMake Warning at CMakeLists.txt:226 (message):
#19 13.14   -- neither Common Crypto, GnuTLS, mbed TLS, OpenSSL, nor Windows
#19 13.14   Cryptography found; AES support disabled
#19 13.14 
#19 13.14 
#19 13.19 -- Looking for getopt
#19 13.35 -- Looking for getopt - found
#19 13.37 -- Found Perl: /usr/bin/perl (found version "5.30.0") 
#19 13.42 -- Configuring done
#19 13.47 CMake Warning (dev) at lib/CMakeLists.txt:5 (add_library):
#19 13.47   Policy CMP0063 is not set: Honor visibility properties for all target
#19 13.47   types.  Run "cmake --help-policy CMP0063" for policy details.  Use the
#19 13.47   cmake_policy command to set the policy and suppress this warning.
#19 13.47 
#19 13.47   Target "zip" of type "STATIC_LIBRARY" has the following visibility
#19 13.47   properties set for C:
#19 13.47 
#19 13.47     C_VISIBILITY_PRESET
#19 13.47 
#19 13.47   For compatibility CMake is not honoring them for this target.
#19 13.47 This warning is for project developers.  Use -Wno-dev to suppress it.
#19 13.47 
#19 13.58 -- Generating done
#19 13.58 -- Build files have been written to: /src/libzip
#19 13.59 ++ nproc
#19 13.59 + make install -j8
#19 13.62 [  0%] Building C object regress/CMakeFiles/nonrandomopen.dir/nonrandomopen.c.o
#19 13.62 [  0%] Building C object regress/CMakeFiles/liboverride.dir/liboverride.c.o
#19 13.62 [  0%] Preparing ZIP_SOURCE_GET_ARGS.3
#19 13.62 [  0%] Preparing zip_add_dir.3
#19 13.62 [  0%] Generating libzip.html
#19 13.62 [  0%] Preparing zip_add.3
#19 13.63 [  1%] Building C object lib/CMakeFiles/zip.dir/zip_add.c.o
#19 13.63 [  1%] Building C object lib/CMakeFiles/zip.dir/zip_add_dir.c.o
#19 13.63 [  1%] Preparing zip_close.3
#19 13.63 [  1%] Preparing zip_compression_method_supported.3
#19 13.64 [  3%] Building C object lib/CMakeFiles/zip.dir/zip_add_entry.c.o
#19 13.64 [  3%] Preparing zip_dir_add.3
#19 13.64 [  3%] Preparing zip_delete.3
#19 13.65 [  3%] Preparing zip_discard.3
#19 13.65 [  3%] Building C object lib/CMakeFiles/zip.dir/zip_algorithm_deflate.c.o
#19 13.65 [  3%] Preparing zip_encryption_method_supported.3
#19 13.66 [  3%] Preparing zip_error_clear.3
#19 13.67 [  3%] Preparing zip_error_code_system.3
#19 13.68 [  3%] Generating zip_error_code_zip.html
#19 13.69 [  3%] Preparing zip_error_fini.3
#19 13.70 [  3%] Linking C shared module libliboverride.so
#19 13.70 [  3%] Linking C shared module libnonrandomopen.so
#19 13.70 [  3%] Preparing zip_error_get.3
#19 13.70 [  3%] Building C object lib/CMakeFiles/zip.dir/zip_buffer.c.o
#19 13.70 [  4%] Building C object lib/CMakeFiles/zip.dir/zip_close.c.o
#19 13.71 [  4%] Preparing zip_error_get_sys_type.3
#19 13.72 [  4%] Preparing zip_error_init.3
#19 13.73 [  6%] Preparing zip_error_set.3
#19 13.73 [  6%] Preparing zip_error_strerror.3
#19 13.73 [  6%] Preparing zip_error_system_type.3
#19 13.74 [  6%] Preparing zip_error_to_data.3
#19 13.74 [  6%] Building C object lib/CMakeFiles/zip.dir/zip_delete.c.o
#19 13.75 [  6%] Preparing zip_error_to_str.3
#19 13.77 [  6%] Built target nonrandomopen
#19 13.77 [  6%] Preparing zip_errors.3
#19 13.77 [  7%] Preparing zip_fclose.3
#19 13.77 [  7%] Preparing zip_fdopen.3
#19 13.78 [  7%] Generating zip_file_add.html
#19 13.78 [  7%] Preparing zip_file_attributes_init.3
#19 13.79 [  7%] Built target liboverride
#19 13.79 [  7%] Preparing zip_file_extra_field_delete.3
#19 13.79 [  7%] Building C object lib/CMakeFiles/zip.dir/zip_dir_add.c.o
#19 13.79 [  9%] Building C object lib/CMakeFiles/zip.dir/zip_dirent.c.o
#19 13.80 [  9%] Preparing zip_file_extra_field_get.3
#19 13.80 [  9%] Building C object lib/CMakeFiles/zip.dir/zip_discard.c.o
#19 13.80 [  9%] Preparing zip_file_extra_field_set.3
#19 13.81 [  9%] Preparing zip_file_extra_fields_count.3
#19 13.82 [  9%] Preparing zip_file_get_comment.3
#19 13.83 [  9%] Building C object lib/CMakeFiles/zip.dir/zip_entry.c.o
#19 13.83 [  9%] Preparing zip_file_get_error.3
#19 13.84 [  9%] Preparing zip_file_get_external_attributes.3
#19 13.85 [ 10%] Preparing zip_file_rename.3
#19 13.85 [ 10%] Preparing zip_file_set_comment.3
#19 13.86 [ 10%] Preparing zip_file_set_encryption.3
#19 13.87 [ 10%] Preparing zip_file_set_external_attributes.3
#19 13.88 [ 10%] Preparing zip_file_set_mtime.3
#19 13.89 [ 12%] Preparing zip_file_strerror.3
#19 13.89 [ 14%] Building C object lib/CMakeFiles/zip.dir/zip_error.c.o
#19 13.89 [ 14%] Built target testinput
#19 13.90 [ 14%] Preparing zip_fopen.3
#19 13.90 [ 14%] Preparing zip_fopen_encrypted.3
#19 13.90 [ 14%] Building C object lib/CMakeFiles/zip.dir/zip_error_clear.c.o
#19 13.90 [ 14%] Preparing zip_fread.3
#19 13.91 [ 14%] Preparing zip_fseek.3
#19 13.91 [ 14%] Building C object lib/CMakeFiles/zip.dir/zip_error_get.c.o
#19 13.91 [ 14%] Preparing zip_ftell.3
#19 13.91 [ 15%] Preparing zip_get_archive_comment.3
#19 13.92 [ 15%] Preparing zip_get_archive_flag.3
#19 13.92 [ 15%] Preparing zip_get_error.3
#19 13.93 [ 15%] Preparing zip_get_file_comment.3
#19 13.93 [ 15%] Preparing zip_get_name.3
#19 13.94 [ 17%] Preparing zip_get_num_entries.3
#19 13.94 [ 17%] Preparing zip_get_num_files.3
#19 13.94 [ 17%] Preparing zip_libzip_version.3
#19 13.95 [ 17%] Building C object lib/CMakeFiles/zip.dir/zip_error_get_sys_type.c.o
#19 13.95 [ 17%] Preparing zip_name_locate.3
#19 13.95 [ 17%] Building C object lib/CMakeFiles/zip.dir/zip_error_strerror.c.o
#19 13.96 [ 17%] Preparing zip_open.3
#19 13.97 [ 17%] Preparing zip_register_cancel_callback_with_state.3
#19 13.98 [ 18%] Preparing zip_register_progress_callback.3
#19 13.98 [ 20%] Building C object lib/CMakeFiles/zip.dir/zip_error_to_str.c.o
#19 13.99 [ 20%] Preparing zip_register_progress_callback_with_state.3
#19 13.99 [ 20%] Building C object lib/CMakeFiles/zip.dir/zip_extra_field.c.o
#19 13.99 [ 20%] Preparing zip_rename.3
#19 14.00 [ 20%] Preparing zip_set_archive_comment.3
#19 14.01 [ 20%] Preparing zip_set_archive_flag.3
#19 14.02 [ 21%] Preparing zip_set_default_password.3
#19 14.02 [ 21%] Building C object lib/CMakeFiles/zip.dir/zip_extra_field_api.c.o
#19 14.03 [ 21%] Preparing zip_set_file_comment.3
#19 14.03 [ 21%] Building C object lib/CMakeFiles/zip.dir/zip_fclose.c.o
#19 14.04 [ 21%] Preparing zip_set_file_compression.3
#19 14.04 [ 21%] Preparing zip_source.3
#19 14.05 [ 21%] Preparing zip_source_begin_write.3
#19 14.06 [ 21%] Preparing zip_source_buffer.3
#19 14.07 [ 23%] Preparing zip_source_buffer_fragment.3
#19 14.08 [ 23%] Building C object lib/CMakeFiles/zip.dir/zip_fdopen.c.o
#19 14.08 [ 23%] Building C object lib/CMakeFiles/zip.dir/zip_file_add.c.o
#19 14.08 [ 23%] Preparing zip_source_close.3
#19 14.08 [ 25%] Building C object lib/CMakeFiles/zip.dir/zip_file_error_clear.c.o
#19 14.09 [ 25%] Preparing zip_source_commit_write.3
#19 14.09 [ 25%] Preparing zip_source_error.3
#19 14.10 [ 25%] Preparing zip_source_file.3
#19 14.11 [ 25%] Preparing zip_source_filep.3
#19 14.12 [ 26%] Preparing zip_source_free.3
#19 14.12 [ 26%] Building C object lib/CMakeFiles/zip.dir/zip_file_error_get.c.o
#19 14.13 [ 26%] Preparing zip_source_function.3
#19 14.14 [ 26%] Preparing zip_source_is_deleted.3
#19 14.14 [ 26%] Preparing zip_source_keep.3
#19 14.15 [ 26%] Preparing zip_source_make_command_bitmap.3
#19 14.15 [ 26%] Building C object lib/CMakeFiles/zip.dir/zip_file_get_comment.c.o
#19 14.16 [ 26%] Building C object lib/CMakeFiles/zip.dir/zip_file_get_external_attributes.c.o
#19 14.16 [ 28%] Preparing zip_source_open.3
#19 14.17 [ 28%] Preparing zip_source_read.3
#19 14.17 [ 28%] Building C object lib/CMakeFiles/zip.dir/zip_file_get_offset.c.o
#19 14.18 [ 28%] Preparing zip_source_rollback_write.3
#19 14.19 [ 28%] Preparing zip_source_seek.3
#19 14.19 [ 28%] Preparing zip_source_seek_compute_offset.3
#19 14.20 [ 29%] Building C object lib/CMakeFiles/zip.dir/zip_file_rename.c.o
#19 14.20 [ 29%] Preparing zip_source_seek_write.3
#19 14.21 [ 31%] Preparing zip_source_stat.3
#19 14.22 [ 31%] Preparing zip_source_tell.3
#19 14.23 [ 31%] Preparing zip_source_tell_write.3
#19 14.23 [ 31%] Preparing zip_source_win32a.3
#19 14.23 [ 31%] Building C object lib/CMakeFiles/zip.dir/zip_file_replace.c.o
#19 14.24 [ 31%] Preparing zip_source_win32handle.3
#19 14.24 [ 31%] Building C object lib/CMakeFiles/zip.dir/zip_file_set_comment.c.o
#19 14.24 [ 32%] Preparing zip_source_win32w.3
#19 14.24 [ 32%] Preparing zip_source_window.3
#19 14.25 [ 32%] Preparing zip_source_write.3
#19 14.25 [ 32%] Preparing zip_source_zip.3
#19 14.26 [ 32%] Preparing zip_stat.3
#19 14.26 [ 32%] Preparing zip_stat_init.3
#19 14.27 [ 34%] Preparing zip_unchange.3
#19 14.27 [ 34%] Preparing zip_unchange_all.3
#19 14.27 [ 34%] Building C object lib/CMakeFiles/zip.dir/zip_file_set_encryption.c.o
#19 14.28 [ 34%] Preparing zip_unchange_archive.3
#19 14.28 [ 34%] Preparing zipcmp.1
#19 14.28 [ 34%] Building C object lib/CMakeFiles/zip.dir/zip_file_set_external_attributes.c.o
#19 14.28 [ 34%] Preparing zipmerge.1
#19 14.28 [ 34%] Building C object lib/CMakeFiles/zip.dir/zip_file_set_mtime.c.o
#19 14.29 [ 35%] Building C object lib/CMakeFiles/zip.dir/zip_file_strerror.c.o
#19 14.29 [ 35%] Generating ziptool.html
#19 14.30 [ 35%] Building C object lib/CMakeFiles/zip.dir/zip_fopen.c.o
#19 14.31 [ 37%] Preparing libzip.3
#19 14.32 [ 39%] Preparing zip_error_code_zip.3
#19 14.32 [ 39%] Preparing zip_file_add.3
#19 14.33 [ 40%] Preparing ziptool.1
#19 14.34 [ 40%] Building C object lib/CMakeFiles/zip.dir/zip_fopen_encrypted.c.o
#19 14.35 [ 68%] Built target man
#19 14.35 [ 68%] Building C object lib/CMakeFiles/zip.dir/zip_fopen_index.c.o
#19 14.36 [ 68%] Building C object lib/CMakeFiles/zip.dir/zip_fopen_index_encrypted.c.o
#19 14.36 [ 68%] Building C object lib/CMakeFiles/zip.dir/zip_fread.c.o
#19 14.38 [ 70%] Building C object lib/CMakeFiles/zip.dir/zip_ftell.c.o
#19 14.38 [ 70%] Building C object lib/CMakeFiles/zip.dir/zip_fseek.c.o
#19 14.38 [ 70%] Building C object lib/CMakeFiles/zip.dir/zip_get_archive_comment.c.o
#19 14.40 [ 70%] Building C object lib/CMakeFiles/zip.dir/zip_get_archive_flag.c.o
#19 14.42 [ 70%] Building C object lib/CMakeFiles/zip.dir/zip_get_encryption_implementation.c.o
#19 14.43 [ 71%] Building C object lib/CMakeFiles/zip.dir/zip_get_file_comment.c.o
#19 14.44 [ 71%] Building C object lib/CMakeFiles/zip.dir/zip_get_name.c.o
#19 14.45 [ 71%] Building C object lib/CMakeFiles/zip.dir/zip_get_num_entries.c.o
#19 14.45 [ 71%] Building C object lib/CMakeFiles/zip.dir/zip_get_num_files.c.o
#19 14.46 [ 71%] Building C object lib/CMakeFiles/zip.dir/zip_hash.c.o
#19 14.46 [ 71%] Building C object lib/CMakeFiles/zip.dir/zip_io_util.c.o
#19 14.47 [ 73%] Building C object lib/CMakeFiles/zip.dir/zip_libzip_version.c.o
#19 14.50 [ 73%] Building C object lib/CMakeFiles/zip.dir/zip_memdup.c.o
#19 14.51 [ 73%] Building C object lib/CMakeFiles/zip.dir/zip_name_locate.c.o
#19 14.53 [ 73%] Building C object lib/CMakeFiles/zip.dir/zip_new.c.o
#19 14.53 [ 73%] Building C object lib/CMakeFiles/zip.dir/zip_open.c.o
#19 14.54 [ 75%] Building C object lib/CMakeFiles/zip.dir/zip_pkware.c.o
#19 14.55 [ 75%] Building C object lib/CMakeFiles/zip.dir/zip_progress.c.o
#19 14.58 [ 75%] Building C object lib/CMakeFiles/zip.dir/zip_rename.c.o
#19 14.61 [ 75%] Building C object lib/CMakeFiles/zip.dir/zip_replace.c.o
#19 14.61 [ 75%] Building C object lib/CMakeFiles/zip.dir/zip_set_archive_comment.c.o
#19 14.62 [ 75%] Building C object lib/CMakeFiles/zip.dir/zip_set_archive_flag.c.o
#19 14.66 [ 76%] Building C object lib/CMakeFiles/zip.dir/zip_set_default_password.c.o
#19 14.68 [ 76%] Building C object lib/CMakeFiles/zip.dir/zip_set_file_comment.c.o
#19 14.68 [ 76%] Building C object lib/CMakeFiles/zip.dir/zip_set_file_compression.c.o
#19 14.70 [ 76%] Building C object lib/CMakeFiles/zip.dir/zip_set_name.c.o
#19 14.71 [ 76%] Building C object lib/CMakeFiles/zip.dir/zip_source_accept_empty.c.o
#19 14.73 [ 78%] Building C object lib/CMakeFiles/zip.dir/zip_source_begin_write.c.o
#19 14.73 [ 78%] Building C object lib/CMakeFiles/zip.dir/zip_source_begin_write_cloning.c.o
#19 14.75 [ 78%] Building C object lib/CMakeFiles/zip.dir/zip_source_buffer.c.o
#19 14.76 [ 78%] Building C object lib/CMakeFiles/zip.dir/zip_source_call.c.o
#19 14.77 [ 78%] Building C object lib/CMakeFiles/zip.dir/zip_source_close.c.o
#19 14.79 [ 78%] Building C object lib/CMakeFiles/zip.dir/zip_source_commit_write.c.o
#19 14.81 [ 79%] Building C object lib/CMakeFiles/zip.dir/zip_source_compress.c.o
#19 14.82 [ 79%] Building C object lib/CMakeFiles/zip.dir/zip_source_crc.c.o
#19 14.83 [ 79%] Building C object lib/CMakeFiles/zip.dir/zip_source_error.c.o
#19 14.85 [ 79%] Building C object lib/CMakeFiles/zip.dir/zip_source_file_common.c.o
#19 14.86 [ 79%] Building C object lib/CMakeFiles/zip.dir/zip_source_file_stdio.c.o
#19 14.87 [ 81%] Building C object lib/CMakeFiles/zip.dir/zip_source_free.c.o
#19 14.91 [ 81%] Building C object lib/CMakeFiles/zip.dir/zip_source_function.c.o
#19 14.96 [ 81%] Building C object lib/CMakeFiles/zip.dir/zip_source_get_file_attributes.c.o
#19 14.97 [ 81%] Building C object lib/CMakeFiles/zip.dir/zip_source_is_deleted.c.o
#19 14.98 [ 81%] Building C object lib/CMakeFiles/zip.dir/zip_source_layered.c.o
#19 14.99 [ 81%] Building C object lib/CMakeFiles/zip.dir/zip_source_open.c.o
#19 14.99 [ 82%] Building C object lib/CMakeFiles/zip.dir/zip_source_pkware_decode.c.o
#19 15.02 [ 82%] Building C object lib/CMakeFiles/zip.dir/zip_source_pkware_encode.c.o
#19 15.04 [ 82%] Building C object lib/CMakeFiles/zip.dir/zip_source_read.c.o
#19 15.04 [ 82%] Building C object lib/CMakeFiles/zip.dir/zip_source_remove.c.o
#19 15.07 [ 82%] Building C object lib/CMakeFiles/zip.dir/zip_source_rollback_write.c.o
#19 15.07 [ 84%] Building C object lib/CMakeFiles/zip.dir/zip_source_seek_write.c.o
#19 15.07 [ 84%] Building C object lib/CMakeFiles/zip.dir/zip_source_seek.c.o
#19 15.13 [ 84%] Building C object lib/CMakeFiles/zip.dir/zip_source_stat.c.o
#19 15.13 [ 84%] Building C object lib/CMakeFiles/zip.dir/zip_source_supports.c.o
#19 15.13 [ 84%] Building C object lib/CMakeFiles/zip.dir/zip_source_tell.c.o
#19 15.14 [ 84%] Building C object lib/CMakeFiles/zip.dir/zip_source_tell_write.c.o
#19 15.15 [ 85%] Building C object lib/CMakeFiles/zip.dir/zip_source_window.c.o
#19 15.16 [ 85%] Building C object lib/CMakeFiles/zip.dir/zip_source_write.c.o
#19 15.16 [ 85%] Building C object lib/CMakeFiles/zip.dir/zip_source_zip.c.o
#19 15.17 [ 85%] Building C object lib/CMakeFiles/zip.dir/zip_source_zip_new.c.o
#19 15.21 [ 85%] Building C object lib/CMakeFiles/zip.dir/zip_stat.c.o
#19 15.21 [ 87%] Building C object lib/CMakeFiles/zip.dir/zip_stat_index.c.o
#19 15.21 [ 87%] Building C object lib/CMakeFiles/zip.dir/zip_stat_init.c.o
#19 15.22 [ 87%] Building C object lib/CMakeFiles/zip.dir/zip_strerror.c.o
#19 15.24 [ 87%] Building C object lib/CMakeFiles/zip.dir/zip_string.c.o
#19 15.26 [ 87%] Building C object lib/CMakeFiles/zip.dir/zip_unchange.c.o
#19 15.29 [ 87%] Building C object lib/CMakeFiles/zip.dir/zip_unchange_all.c.o
#19 15.30 [ 89%] Building C object lib/CMakeFiles/zip.dir/zip_unchange_archive.c.o
#19 15.30 [ 89%] Building C object lib/CMakeFiles/zip.dir/zip_unchange_data.c.o
#19 15.30 [ 89%] Building C object lib/CMakeFiles/zip.dir/zip_utf-8.c.o
#19 15.31 [ 89%] Building C object lib/CMakeFiles/zip.dir/zip_err_str.c.o
#19 15.33 [ 89%] Building C object lib/CMakeFiles/zip.dir/zip_source_file_stdio_named.c.o
#19 15.36 [ 90%] Building C object lib/CMakeFiles/zip.dir/zip_random_unix.c.o
#19 15.47 [ 90%] Linking C static library libzip.a
#19 16.35 [ 90%] Built target zip
#19 16.37 [ 90%] Building C object src/CMakeFiles/zipcmp.dir/zipcmp.c.o
#19 16.37 [ 90%] Building C object src/CMakeFiles/zipmerge.dir/zipmerge.c.o
#19 16.37 [ 90%] Building C object src/CMakeFiles/ziptool.dir/ziptool.c.o
#19 16.37 [ 90%] Building C object regress/CMakeFiles/nonrandomopentest.dir/nonrandomopentest.c.o
#19 16.37 [ 90%] Building C object regress/CMakeFiles/fread.dir/fread.c.o
#19 16.37 [ 90%] Building C object regress/CMakeFiles/fseek.dir/fseek.c.o
#19 16.37 [ 90%] Building C object regress/CMakeFiles/add_from_filep.dir/add_from_filep.c.o
#19 16.37 [ 90%] Building C object regress/CMakeFiles/fuzz_main.dir/fuzz_main.c.o
#19 16.44 [ 90%] Linking C executable add_from_filep
#19 16.46 [ 90%] Linking C executable fseek
#19 16.46 [ 92%] Linking C executable nonrandomopentest
#19 16.47 [ 93%] Linking C executable fuzz_main
#19 16.49 [ 93%] Linking C executable fread
#19 16.56 [ 95%] Linking C executable zipmerge
#19 16.64 [ 95%] Built target nonrandomopentest
#19 16.65 [ 95%] Building C object regress/CMakeFiles/liboverride-test.dir/liboverride-test.c.o
#19 16.69 [ 95%] Built target add_from_filep
#19 16.70 [ 95%] Built target fseek
#19 16.70 [ 95%] Building C object regress/CMakeFiles/can_clone_file.dir/can_clone_file.c.o
#19 16.71 [ 95%] Building C object regress/CMakeFiles/hole.dir/hole.c.o
#19 16.74 [ 95%] Built target fuzz_main
#19 16.74 [ 95%] Built target fread
#19 16.75 [ 95%] Building C object regress/CMakeFiles/fopen_unchanged.dir/fopen_unchanged.c.o
#19 16.76 [ 95%] Linking C executable liboverride-test
#19 16.77 [ 95%] Building C object regress/CMakeFiles/ziptool_regress.dir/ziptool_regress.c.o
#19 16.80 [ 95%] Linking C executable can_clone_file
#19 16.81 [ 95%] Built target zipmerge
#19 16.83 [ 95%] Building C object regress/CMakeFiles/hole.dir/source_hole.c.o
#19 16.84 [ 95%] Building C object regress/CMakeFiles/tryopen.dir/tryopen.c.o
#19 16.84 [ 96%] Linking C executable fopen_unchanged
#19 16.92 [ 96%] Linking C executable ziptool
#19 16.92 [ 96%] Linking C executable tryopen
#19 16.96 [ 96%] Building C object src/CMakeFiles/zipcmp.dir/diff_output.c.o
#19 16.97 [ 96%] Built target liboverride-test
#19 16.98 [ 96%] Building C object examples/CMakeFiles/in-memory.dir/in-memory.c.o
#19 16.99 [ 96%] Built target can_clone_file
#19 16.99 [ 96%] Building C object regress/CMakeFiles/ziptool_regress.dir/source_hole.c.o
#19 17.08 [ 96%] Linking C executable zipcmp
#19 17.09 [ 96%] Built target fopen_unchanged
#19 17.12 [ 98%] Linking C executable in-memory
#19 17.16 [ 98%] Built target tryopen
#19 17.17 [ 98%] Built target ziptool
#19 17.28 [ 98%] Linking C executable hole
#19 17.31 [ 98%] Built target zipcmp
#19 17.35 [ 98%] Built target in-memory
#19 17.41 [ 98%] Built target hole
#19 17.42 [100%] Linking C executable ziptool_regress
#19 17.58 [100%] Built target ziptool_regress
#19 17.60 Install the project...
#19 17.60 -- Install configuration: ""
#19 17.60 -- Installing: /usr/local/lib/pkgconfig/libzip.pc
#19 17.60 -- Installing: /usr/local/include/zipconf.h
#19 17.60 -- Installing: /usr/local/lib/cmake/libzip/libzip-config.cmake
#19 17.60 -- Installing: /usr/local/lib/cmake/libzip/libzip-config-version.cmake
#19 17.60 -- Installing: /usr/local/lib/cmake/libzip/libzip-targets.cmake
#19 17.60 -- Installing: /usr/local/lib/cmake/libzip/libzip-targets-noconfig.cmake
#19 17.60 -- Installing: /usr/local/lib/libzip.a
#19 17.61 -- Installing: /usr/local/include/zip.h
#19 17.61 -- Installing: /usr/local/share/doc/libzip/libzip/ZIP_SOURCE_GET_ARGS.html
#19 17.61 -- Installing: /usr/local/share/doc/libzip/libzip/libzip.html
#19 17.61 -- Installing: /usr/local/share/doc/libzip/libzip/zip_add.html
#19 17.61 -- Installing: /usr/local/share/doc/libzip/libzip/zip_add_dir.html
#19 17.61 -- Installing: /usr/local/share/doc/libzip/libzip/zip_close.html
#19 17.61 -- Installing: /usr/local/share/doc/libzip/libzip/zip_compression_method_supported.html
#19 17.61 -- Installing: /usr/local/share/doc/libzip/libzip/zip_delete.html
#19 17.61 -- Installing: /usr/local/share/doc/libzip/libzip/zip_dir_add.html
#19 17.61 -- Installing: /usr/local/share/doc/libzip/libzip/zip_discard.html
#19 17.61 -- Installing: /usr/local/share/doc/libzip/libzip/zip_encryption_method_supported.html
#19 17.61 -- Installing: /usr/local/share/doc/libzip/libzip/zip_error_clear.html
#19 17.61 -- Installing: /usr/local/share/doc/libzip/libzip/zip_error_code_system.html
#19 17.61 -- Installing: /usr/local/share/doc/libzip/libzip/zip_error_code_zip.html
#19 17.61 -- Installing: /usr/local/share/doc/libzip/libzip/zip_error_fini.html
#19 17.61 -- Installing: /usr/local/share/doc/libzip/libzip/zip_error_get.html
#19 17.61 -- Installing: /usr/local/share/doc/libzip/libzip/zip_error_get_sys_type.html
#19 17.61 -- Installing: /usr/local/share/doc/libzip/libzip/zip_error_init.html
#19 17.61 -- Installing: /usr/local/share/doc/libzip/libzip/zip_error_set.html
#19 17.61 -- Installing: /usr/local/share/doc/libzip/libzip/zip_error_strerror.html
#19 17.61 -- Installing: /usr/local/share/doc/libzip/libzip/zip_error_system_type.html
#19 17.61 -- Installing: /usr/local/share/doc/libzip/libzip/zip_error_to_data.html
#19 17.61 -- Installing: /usr/local/share/doc/libzip/libzip/zip_error_to_str.html
#19 17.61 -- Installing: /usr/local/share/doc/libzip/libzip/zip_errors.html
#19 17.61 -- Installing: /usr/local/share/doc/libzip/libzip/zip_fclose.html
#19 17.61 -- Installing: /usr/local/share/doc/libzip/libzip/zip_fdopen.html
#19 17.61 -- Installing: /usr/local/share/doc/libzip/libzip/zip_file_add.html
#19 17.61 -- Installing: /usr/local/share/doc/libzip/libzip/zip_file_attributes_init.html
#19 17.61 -- Installing: /usr/local/share/doc/libzip/libzip/zip_file_extra_field_delete.html
#19 17.61 -- Installing: /usr/local/share/doc/libzip/libzip/zip_file_extra_field_get.html
#19 17.61 -- Installing: /usr/local/share/doc/libzip/libzip/zip_file_extra_field_set.html
#19 17.61 -- Installing: /usr/local/share/doc/libzip/libzip/zip_file_extra_fields_count.html
#19 17.62 -- Installing: /usr/local/share/doc/libzip/libzip/zip_file_get_comment.html
#19 17.62 -- Installing: /usr/local/share/doc/libzip/libzip/zip_file_get_error.html
#19 17.62 -- Installing: /usr/local/share/doc/libzip/libzip/zip_file_get_external_attributes.html
#19 17.62 -- Installing: /usr/local/share/doc/libzip/libzip/zip_file_rename.html
#19 17.62 -- Installing: /usr/local/share/doc/libzip/libzip/zip_file_set_comment.html
#19 17.62 -- Installing: /usr/local/share/doc/libzip/libzip/zip_file_set_encryption.html
#19 17.62 -- Installing: /usr/local/share/doc/libzip/libzip/zip_file_set_external_attributes.html
#19 17.62 -- Installing: /usr/local/share/doc/libzip/libzip/zip_file_set_mtime.html
#19 17.62 -- Installing: /usr/local/share/doc/libzip/libzip/zip_file_strerror.html
#19 17.62 -- Installing: /usr/local/share/doc/libzip/libzip/zip_fopen.html
#19 17.62 -- Installing: /usr/local/share/doc/libzip/libzip/zip_fopen_encrypted.html
#19 17.62 -- Installing: /usr/local/share/doc/libzip/libzip/zip_fread.html
#19 17.62 -- Installing: /usr/local/share/doc/libzip/libzip/zip_fseek.html
#19 17.62 -- Installing: /usr/local/share/doc/libzip/libzip/zip_ftell.html
#19 17.62 -- Installing: /usr/local/share/doc/libzip/libzip/zip_get_archive_comment.html
#19 17.62 -- Installing: /usr/local/share/doc/libzip/libzip/zip_get_archive_flag.html
#19 17.62 -- Installing: /usr/local/share/doc/libzip/libzip/zip_get_error.html
#19 17.62 -- Installing: /usr/local/share/doc/libzip/libzip/zip_get_file_comment.html
#19 17.62 -- Installing: /usr/local/share/doc/libzip/libzip/zip_get_name.html
#19 17.62 -- Installing: /usr/local/share/doc/libzip/libzip/zip_get_num_entries.html
#19 17.62 -- Installing: /usr/local/share/doc/libzip/libzip/zip_get_num_files.html
#19 17.62 -- Installing: /usr/local/share/doc/libzip/libzip/zip_libzip_version.html
#19 17.62 -- Installing: /usr/local/share/doc/libzip/libzip/zip_name_locate.html
#19 17.62 -- Installing: /usr/local/share/doc/libzip/libzip/zip_open.html
#19 17.62 -- Installing: /usr/local/share/doc/libzip/libzip/zip_register_cancel_callback_with_state.html
#19 17.62 -- Installing: /usr/local/share/doc/libzip/libzip/zip_register_progress_callback.html
#19 17.62 -- Installing: /usr/local/share/doc/libzip/libzip/zip_register_progress_callback_with_state.html
#19 17.62 -- Installing: /usr/local/share/doc/libzip/libzip/zip_rename.html
#19 17.62 -- Installing: /usr/local/share/doc/libzip/libzip/zip_set_archive_comment.html
#19 17.62 -- Installing: /usr/local/share/doc/libzip/libzip/zip_set_archive_flag.html
#19 17.62 -- Installing: /usr/local/share/doc/libzip/libzip/zip_set_default_password.html
#19 17.62 -- Installing: /usr/local/share/doc/libzip/libzip/zip_set_file_comment.html
#19 17.62 -- Installing: /usr/local/share/doc/libzip/libzip/zip_set_file_compression.html
#19 17.62 -- Installing: /usr/local/share/doc/libzip/libzip/zip_source.html
#19 17.62 -- Installing: /usr/local/share/doc/libzip/libzip/zip_source_begin_write.html
#19 17.62 -- Installing: /usr/local/share/doc/libzip/libzip/zip_source_buffer.html
#19 17.62 -- Installing: /usr/local/share/doc/libzip/libzip/zip_source_buffer_fragment.html
#19 17.62 -- Installing: /usr/local/share/doc/libzip/libzip/zip_source_close.html
#19 17.62 -- Installing: /usr/local/share/doc/libzip/libzip/zip_source_commit_write.html
#19 17.62 -- Installing: /usr/local/share/doc/libzip/libzip/zip_source_error.html
#19 17.62 -- Installing: /usr/local/share/doc/libzip/libzip/zip_source_file.html
#19 17.62 -- Installing: /usr/local/share/doc/libzip/libzip/zip_source_filep.html
#19 17.63 -- Installing: /usr/local/share/doc/libzip/libzip/zip_source_free.html
#19 17.63 -- Installing: /usr/local/share/doc/libzip/libzip/zip_source_function.html
#19 17.63 -- Installing: /usr/local/share/doc/libzip/libzip/zip_source_is_deleted.html
#19 17.63 -- Installing: /usr/local/share/doc/libzip/libzip/zip_source_keep.html
#19 17.63 -- Installing: /usr/local/share/doc/libzip/libzip/zip_source_make_command_bitmap.html
#19 17.63 -- Installing: /usr/local/share/doc/libzip/libzip/zip_source_open.html
#19 17.63 -- Installing: /usr/local/share/doc/libzip/libzip/zip_source_read.html
#19 17.63 -- Installing: /usr/local/share/doc/libzip/libzip/zip_source_rollback_write.html
#19 17.63 -- Installing: /usr/local/share/doc/libzip/libzip/zip_source_seek.html
#19 17.63 -- Installing: /usr/local/share/doc/libzip/libzip/zip_source_seek_compute_offset.html
#19 17.63 -- Installing: /usr/local/share/doc/libzip/libzip/zip_source_seek_write.html
#19 17.63 -- Installing: /usr/local/share/doc/libzip/libzip/zip_source_stat.html
#19 17.63 -- Installing: /usr/local/share/doc/libzip/libzip/zip_source_tell.html
#19 17.63 -- Installing: /usr/local/share/doc/libzip/libzip/zip_source_tell_write.html
#19 17.63 -- Installing: /usr/local/share/doc/libzip/libzip/zip_source_win32a.html
#19 17.63 -- Installing: /usr/local/share/doc/libzip/libzip/zip_source_win32handle.html
#19 17.63 -- Installing: /usr/local/share/doc/libzip/libzip/zip_source_win32w.html
#19 17.63 -- Installing: /usr/local/share/doc/libzip/libzip/zip_source_window.html
#19 17.63 -- Installing: /usr/local/share/doc/libzip/libzip/zip_source_write.html
#19 17.63 -- Installing: /usr/local/share/doc/libzip/libzip/zip_source_zip.html
#19 17.63 -- Installing: /usr/local/share/doc/libzip/libzip/zip_stat.html
#19 17.63 -- Installing: /usr/local/share/doc/libzip/libzip/zip_stat_init.html
#19 17.63 -- Installing: /usr/local/share/doc/libzip/libzip/zip_unchange.html
#19 17.63 -- Installing: /usr/local/share/doc/libzip/libzip/zip_unchange_all.html
#19 17.63 -- Installing: /usr/local/share/doc/libzip/libzip/zip_unchange_archive.html
#19 17.63 -- Installing: /usr/local/share/doc/libzip/libzip/zipcmp.html
#19 17.63 -- Installing: /usr/local/share/doc/libzip/libzip/zipmerge.html
#19 17.63 -- Installing: /usr/local/share/doc/libzip/libzip/ziptool.html
#19 17.63 -- Installing: /usr/local/share/doc/libzip/libzip/zip_replace.html
#19 17.63 -- Installing: /usr/local/share/doc/libzip/libzip/zip_file_error_clear.html
#19 17.63 -- Installing: /usr/local/share/doc/libzip/libzip/zip_file_error_get.html
#19 17.63 -- Installing: /usr/local/share/doc/libzip/libzip/zip_error_init_with_code.html
#19 17.63 -- Installing: /usr/local/share/doc/libzip/libzip/zip_file_replace.html
#19 17.63 -- Installing: /usr/local/share/doc/libzip/libzip/zip_file_extra_field_delete_by_id.html
#19 17.63 -- Installing: /usr/local/share/doc/libzip/libzip/zip_file_extra_field_get_by_id.html
#19 17.63 -- Installing: /usr/local/share/doc/libzip/libzip/zip_file_extra_fields_count_by_id.html
#19 17.63 -- Installing: /usr/local/share/doc/libzip/libzip/zip_file_set_dostime.html
#19 17.63 -- Installing: /usr/local/share/doc/libzip/libzip/zip_strerror.html
#19 17.63 -- Installing: /usr/local/share/doc/libzip/libzip/zip_fopen_index.html
#19 17.63 -- Installing: /usr/local/share/doc/libzip/libzip/zip_fopen_index_encrypted.html
#19 17.63 -- Installing: /usr/local/share/doc/libzip/libzip/zip_open_from_source.html
#19 17.63 -- Installing: /usr/local/share/doc/libzip/libzip/zip_source_begin_write_cloning.html
#19 17.63 -- Installing: /usr/local/share/doc/libzip/libzip/zip_source_buffer_create.html
#19 17.64 -- Installing: /usr/local/share/doc/libzip/libzip/zip_source_buffer_fragment_create.html
#19 17.64 -- Installing: /usr/local/share/doc/libzip/libzip/zip_source_file_create.html
#19 17.64 -- Installing: /usr/local/share/doc/libzip/libzip/zip_source_filep_create.html
#19 17.64 -- Installing: /usr/local/share/doc/libzip/libzip/zip_source_function_create.html
#19 17.64 -- Installing: /usr/local/share/doc/libzip/libzip/zip_source_win32a_create.html
#19 17.64 -- Installing: /usr/local/share/doc/libzip/libzip/zip_source_win32handle_create.html
#19 17.64 -- Installing: /usr/local/share/doc/libzip/libzip/zip_source_win32w_create.html
#19 17.64 -- Installing: /usr/local/share/doc/libzip/libzip/zip_stat_index.html
#19 17.64 -- Installing: /usr/local/bin/zipcmp
#19 17.64 -- Installing: /usr/local/bin/zipmerge
#19 17.64 -- Installing: /usr/local/bin/ziptool
#19 17.65 + cd /src
#19 17.65 + tar xzf bzip2-1.0.8.tar.gz
#19 17.69 + rm -f bzip2-1.0.8.tar.gz
#19 17.69 + cd bzip2-1.0.8
#19 17.69 + SRCL=(blocksort.o huffman.o crctable.o randtable.o compress.o decompress.o bzlib.o)
#19 17.69 + for source in ${SRCL[@]}
#19 17.69 ++ basename blocksort.o .o
#19 17.69 + name=blocksort
#19 17.69 + clang -DFUZZING_BUILD_MODE_UNSAFE_FOR_PRODUCTION -pthread -Wl,--no-as-needed -Wl,-ldl -Wl,-lm -Wno-unused-command-line-argument -O3 -fsanitize-coverage=trace-pc-guard -c blocksort.c
#19 18.40 + for source in ${SRCL[@]}
#19 18.40 ++ basename huffman.o .o
#19 18.40 + name=huffman
#19 18.40 + clang -DFUZZING_BUILD_MODE_UNSAFE_FOR_PRODUCTION -pthread -Wl,--no-as-needed -Wl,-ldl -Wl,-lm -Wno-unused-command-line-argument -O3 -fsanitize-coverage=trace-pc-guard -c huffman.c
#19 18.57 + for source in ${SRCL[@]}
#19 18.57 ++ basename crctable.o .o
#19 18.57 + name=crctable
#19 18.57 + clang -DFUZZING_BUILD_MODE_UNSAFE_FOR_PRODUCTION -pthread -Wl,--no-as-needed -Wl,-ldl -Wl,-lm -Wno-unused-command-line-argument -O3 -fsanitize-coverage=trace-pc-guard -c crctable.c
#19 18.62 + for source in ${SRCL[@]}
#19 18.62 ++ basename randtable.o .o
#19 18.62 + name=randtable
#19 18.62 + clang -DFUZZING_BUILD_MODE_UNSAFE_FOR_PRODUCTION -pthread -Wl,--no-as-needed -Wl,-ldl -Wl,-lm -Wno-unused-command-line-argument -O3 -fsanitize-coverage=trace-pc-guard -c randtable.c
#19 18.66 + for source in ${SRCL[@]}
#19 18.66 ++ basename compress.o .o
#19 18.67 + name=compress
#19 18.67 + clang -DFUZZING_BUILD_MODE_UNSAFE_FOR_PRODUCTION -pthread -Wl,--no-as-needed -Wl,-ldl -Wl,-lm -Wno-unused-command-line-argument -O3 -fsanitize-coverage=trace-pc-guard -c compress.c
#19 19.61 + for source in ${SRCL[@]}
#19 19.61 ++ basename decompress.o .o
#19 19.61 + name=decompress
#19 19.61 + clang -DFUZZING_BUILD_MODE_UNSAFE_FOR_PRODUCTION -pthread -Wl,--no-as-needed -Wl,-ldl -Wl,-lm -Wno-unused-command-line-argument -O3 -fsanitize-coverage=trace-pc-guard -c decompress.c
#19 21.10 + for source in ${SRCL[@]}
#19 21.10 ++ basename bzlib.o .o
#19 21.10 + name=bzlib
#19 21.10 + clang -DFUZZING_BUILD_MODE_UNSAFE_FOR_PRODUCTION -pthread -Wl,--no-as-needed -Wl,-ldl -Wl,-lm -Wno-unused-command-line-argument -O3 -fsanitize-coverage=trace-pc-guard -c bzlib.c
#19 21.74 + rm -f libbz2.a
#19 21.74 + ar cq libbz2.a blocksort.o huffman.o crctable.o randtable.o compress.o decompress.o bzlib.o
#19 21.77 + cp -f bzlib.h /usr/local/include
#19 21.77 + cp -f libbz2.a /usr/local/lib
#19 21.77 + cd /src
#19 21.77 + cd xz
#19 21.77 + ./autogen.sh
#19 21.77 + autopoint -f
#19 21.97 autopoint: using AM_GNU_GETTEXT_REQUIRE_VERSION instead of AM_GNU_GETTEXT_VERSION
#19 23.59 Copying file ABOUT-NLS
#19 23.60 Copying file build-aux/config.rpath
#19 23.78 Copying file m4/codeset.m4
#19 23.79 Copying file m4/extern-inline.m4
#19 23.81 Copying file m4/fcntl-o.m4
#19 23.83 Copying file m4/gettext.m4
#19 23.84 Copying file m4/glibc2.m4
#19 23.86 Copying file m4/glibc21.m4
#19 23.87 Copying file m4/iconv.m4
#19 23.89 Copying file m4/intdiv0.m4
#19 23.90 Copying file m4/intl.m4
#19 23.92 Copying file m4/intldir.m4
#19 23.94 Copying file m4/intlmacosx.m4
#19 23.95 Copying file m4/intmax.m4
#19 23.97 Copying file m4/inttypes-pri.m4
#19 23.98 Copying file m4/inttypes_h.m4
#19 24.00 Copying file m4/lcmessage.m4
#19 24.01 Copying file m4/lib-ld.m4
#19 24.03 Copying file m4/lib-link.m4
#19 24.05 Copying file m4/lib-prefix.m4
#19 24.06 Copying file m4/lock.m4
#19 24.08 Copying file m4/longlong.m4
#19 24.09 Copying file m4/nls.m4
#19 24.11 Copying file m4/po.m4
#19 24.12 Copying file m4/printf-posix.m4
#19 24.14 Copying file m4/progtest.m4
#19 24.16 Copying file m4/size_max.m4
#19 24.17 Copying file m4/stdint_h.m4
#19 24.19 Copying file m4/threadlib.m4
#19 24.20 Copying file m4/uintmax_t.m4
#19 24.23 Copying file m4/wchar_t.m4
#19 24.25 Copying file m4/wint_t.m4
#19 24.27 Copying file m4/xsize.m4
#19 24.28 Copying file po/Makefile.in.in
#19 24.30 Copying file po/Makevars.template
#19 24.31 Copying file po/Rules-quot
#19 24.33 Copying file po/boldquot.sed
#19 24.34 Copying file po/en@boldquot.header
#19 24.36 Copying file po/en@quot.header
#19 24.37 Copying file po/insert-header.sin
#19 24.39 Copying file po/quot.sed
#19 24.41 Copying file po/remove-potcdate.sin
#19 24.41 + libtoolize -c -f
#19 24.85 libtoolize: putting auxiliary files in AC_CONFIG_AUX_DIR, 'build-aux'.
#19 24.85 libtoolize: copying file 'build-aux/ltmain.sh'
#19 24.91 libtoolize: putting macros in AC_CONFIG_MACRO_DIRS, 'm4'.
#19 24.91 libtoolize: copying file 'm4/libtool.m4'
#19 24.92 libtoolize: copying file 'm4/ltoptions.m4'
#19 24.93 libtoolize: copying file 'm4/ltsugar.m4'
#19 24.94 libtoolize: copying file 'm4/ltversion.m4'
#19 24.95 libtoolize: copying file 'm4/lt~obsolete.m4'
#19 24.96 + aclocal -I m4
#19 28.11 + autoconf
#19 29.19 + autoheader
#19 29.48 + automake -acf --foreign
#19 30.54 configure.ac:576: installing 'build-aux/compile'
#19 30.55 configure.ac:33: installing 'build-aux/config.guess'
#19 30.55 configure.ac:33: installing 'build-aux/config.sub'
#19 30.55 configure.ac:573: installing 'build-aux/install-sh'
#19 30.56 configure.ac:573: installing 'build-aux/missing'
#19 30.68 debug/Makefile.am: installing 'build-aux/depcomp'
#19 31.61 + test x != x--no-po4a
#19 31.61 + cd po4a
#19 31.61 + sh update-po
#19 31.61 + po4a --force --verbose --package-name=XZ Utils --package-version=5.3.2alpha --copyright-holder=This file is put in the public domain. po4a.conf
#19 32.25 Creating xz-man.pot:
#19 32.25  (641 entries)
#19 32.25 Updating de.po: 
#19 32.37 .................................................................................................................................. done.
#19 32.40 de.po: 589 translated messages, 50 fuzzy translations, 2 untranslated messages.
#19 32.40 Updating fr_FR.po: 
#19 32.52 .................................................................................................................................. done.
#19 32.55 fr_FR.po: 589 translated messages, 50 fuzzy translations, 2 untranslated messages.
#19 33.01 man/de/xz.1 is 95.18% translated (732 of 769 strings).
#19 33.04 man/de/xzdec.1 is 100% translated (39 strings).
#19 33.05 man/de/lzmainfo.1 is 100% translated (21 strings).
#19 33.07 man/de/xzdiff.1 is 83.33% translated (15 of 18 strings).
#19 33.09 Discard man/de/xzgrep.1 (10 of 22 strings; only 45.45% translated; need 80%).
#19 33.10 man/de/xzless.1 is 100% translated (20 strings).
#19 33.12 man/de/xzmore.1 is 100% translated (19 strings).
#19 33.32 ../src/xz/xz.1:940: (po4a::man)
#19 33.32 Unknown '<' or '>' sequence. Faulty message: Lors de la compression, si plus que <temps_d'attente> millisecondes (un
#19 33.32 entier positif) se sont coules depuis le prcdent vidage et que lire plus
#19 33.32 de donnes bloquerait, toutes les donnes d'entre en attente sont vides de
#19 33.32 l'encodeur et mises  disposition dans le flux de sortie. Cela peut tre
#19 33.32 utile si \fBxz\fP  est utilis pour compresser les donnes qui sont diffuses
#19 33.32 sur un rseau. Des petites valeurs de \fItemps_d'attente\fP rendent les donnes
#19 33.32 disponibles  l'extrmit rceptrice avec un lger retard, mais les grandes
#19 33.32 valeurs de \fItemps_d'attente\fP donnent un meilleur taux de compression.
#19 33.32 
#19 33.33 Traceback (most recent call last):
#19 33.33   File "<string>", line 1, in <module>
#19 33.33   File "/src/fuzzers/afl/fuzzer.py", line 40, in build
#19 33.33     utils.build_benchmark()
#19 33.33   File "/src/fuzzers/utils.py", line 82, in build_benchmark
#19 33.33     subprocess.check_call(['/bin/bash', '-ex', build_script], env=env)
#19 33.33   File "/usr/local/lib/python3.8/subprocess.py", line 364, in check_call
#19 33.33     raise CalledProcessError(retcode, cmd)
#19 33.33 subprocess.CalledProcessError: Command '['/bin/bash', '-ex', '/src/build.sh']' returned non-zero exit status 255.
#19 ERROR: executor failed running [/bin/sh -c echo "Run fuzzer_build to build the target" && if [ -z "$debug_builder" ] ; then fuzzer_build; fi]: exit code: 1
------
 > importing cache manifest from gcr.io/fuzzbench/builders/afl/karchive_karchive_fuzzer:
------
------
 > [stage-1 13/13] RUN echo "Run fuzzer_build to build the target" && if [ -z "$debug_builder" ] ; then fuzzer_build; fi:
------
executor failed running [/bin/sh -c echo "Run fuzzer_build to build the target" && if [ -z "$debug_builder" ] ; then fuzzer_build; fi]: exit code: 1
make: *** [docker/generated.mk:2688265: .afl-karchive_karchive_fuzzer-builder] Error 1
/bin/sh: 1: source: not found
#2 [internal] load .dockerignore
#2 sha256:99d6a5601e67d466b76f17580c80a311e1dadd5eb674beb80b6dd4c7e83beba7
#2 transferring context: 2B done
#2 DONE 0.2s

#1 [internal] load build definition from Dockerfile
#1 sha256:c949644566a30b59a519f36c8edce96d9b3d62fdea31de3ccc9351bea0b7ab9d
#1 transferring dockerfile: 32B done
#1 DONE 0.2s

#3 [internal] load metadata for gcr.io/oss-fuzz-base/base-builder:latest
#3 sha256:f10dc39cc9d418a5bc416dead31a1902b6821fdae909cd3b08f7a3fd1faba7b5
#3 DONE 0.4s

#5 [ 1/12] FROM gcr.io/oss-fuzz-base/base-builder@sha256:f4e5ea12494fab091c5d830cf803b3421f2860f729b9d1b07da44924396cf8cf
#5 sha256:ef290950573a2779ee526af357b28fbddfc20d7409aa51f58f777c9e972cba29
#5 DONE 0.0s

#4 importing cache manifest from gcr.io/fuzzbench/builders/benchmark/karchive_karchive_fuzzer
#4 sha256:fcbd45a82263c4e04a5c67bb2c824355c5bf6a4d636e0f5eedc1c88878ab89eb
#4 DONE 0.0s

#14 [internal] load build context
#14 sha256:cbef23c3959af6ab1aa0606b9b8c66c2e3951c34f231b7bfdd3b2fb039bdd155
#14 transferring context: 68B done
#14 DONE 0.0s

#12 [ 8/12] RUN git clone --depth 1 https://invent.kde.org/frameworks/extra-cmake-modules.git
#12 sha256:876ccd05470d061106bd822bf08a1a53d08bd16ab8649c9051cfe1fef25d7dee
#12 CACHED

#6 [ 2/12] RUN apt-get update && apt-get install --yes cmake make autoconf automake autopoint libtool wget po4a
#6 sha256:8ad7a1699a1ab6cdda162ae45f43cec939822d3d79aeffa837d0b38937bd416c
#6 CACHED

#13 [ 9/12] RUN git clone --depth 1 https://invent.kde.org/frameworks/karchive.git
#13 sha256:09511136725b11d241dc25819f29bb4eebeb2267ff6e141d2e51edda3cc437c5
#13 CACHED

#11 [ 7/12] RUN git clone --depth 1 --branch=5.15 git://code.qt.io/qt/qtbase.git
#11 sha256:ba58a55db6acc92104385e1d636e4fd6e0e5a3b1c2d4665321a9b2c34474858c
#11 CACHED

#16 [11/12] COPY karchive_fuzzer.cc /src
#16 sha256:071b9e51910742a72ae6376373ec8a7df9cce84616566e39b2e9ceb43746bc9e
#16 CACHED

#15 [10/12] COPY build.sh /src
#15 sha256:9b59a163c4ce78997f9f00c44dc2e257622961c9cd306be28bd6e625669fa193
#15 CACHED

#8 [ 4/12] RUN git clone --depth 1 https://github.com/nih-at/libzip.git
#8 sha256:7f1e8e5e804e08f7f34f4e3d97c37ce7b86366650df2fb7a59edee02cfa9f425
#8 CACHED

#9 [ 5/12] RUN wget https://sourceware.org/pub/bzip2/bzip2-1.0.8.tar.gz
#9 sha256:30fcb24f14eb430cc2a1864bd2d89f5fb6d6240f273d3f7bbc1a113670c117de
#9 CACHED

#10 [ 6/12] RUN git clone https://git.tukaani.org/xz.git
#10 sha256:019201cc13e11d415521fad65f350587f18341668b5dfdcab1d83bd102f1df83
#10 CACHED

#7 [ 3/12] RUN git clone --depth 1 https://github.com/madler/zlib.git
#7 sha256:6aeefa1def4146e7ca8e4588d223d7b455fa2d1bc23ab2a63ae6602d58efbb88
#7 CACHED

#17 [12/12] WORKDIR karchive
#17 sha256:0bf1566d0be8ff76a7ea21d4eec13f8ee3a1bec663926f967b5558eddef6cbd9
#17 CACHED

#18 exporting to image
#18 sha256:e8c613e07b0b7ff33893b694f7759a10d42e180f2b4dc349fb57dc6b71dcab00
#18 exporting layers done
#18 writing image sha256:1a6df14e42950f455f4c19d549e60ef3ad976056e0e9d12a9c7fab7e30693bbc 0.0s done
#18 naming to gcr.io/fuzzbench/builders/benchmark/karchive_karchive_fuzzer done
#18 DONE 0.3s

#19 exporting cache
#19 sha256:2700d4ef94dee473593c5c614b55b2dedcca7893909811a8f2b48291a1f581e4
#19 preparing build cache for export done
#19 DONE 0.0s
#1 [internal] load build definition from builder.Dockerfile
#1 sha256:4ed4cf82b9f07651313c7469eddaf750d7c339411c8bf8b9d148a15837782880
#1 transferring dockerfile: 46B done
#1 DONE 0.1s

#2 [internal] load .dockerignore
#2 sha256:9145410b8fb3bcab4d0794af06914c8fa975bc7563295c1bb2323fbaf11e1cf2
#2 transferring context: 2B done
#2 DONE 0.1s

#3 [internal] load metadata for gcr.io/fuzzbench/builders/benchmark/karchive_karchive_fuzzer:latest
#3 sha256:ff68a2fa27dfd9c799ebff0f8f74742974ed87c216fa77b9634bf2164e0cd1cf
#3 DONE 0.0s

#5 [1/3] FROM gcr.io/fuzzbench/builders/benchmark/karchive_karchive_fuzzer
#5 sha256:eeb1237dc1d411df054a59a14758a04cf2f9cd954f585f235f01bff2f7d97966
#5 DONE 0.0s

#4 importing cache manifest from gcr.io/fuzzbench/builders/afl/karchive_karchive_fuzzer-intermediate
#4 sha256:90791387bfe942384989e37381ff088ad0783213037c816373787918520ddf2c
#4 DONE 0.0s

#6 [2/3] RUN git clone https://github.com/google/AFL.git /afl &&     cd /afl &&     git checkout 61037103ae3722c8060ff7082994836a794f978e &&     AFL_NO_X86=1 make
#6 sha256:4cf49b8a67e77852fa641ec085011479dd838a5bffd2cb906568016f8ee9163a
#6 CACHED

#7 [3/3] RUN apt-get update &&     apt-get install wget -y &&     wget https://raw.githubusercontent.com/llvm/llvm-project/5feb80e748924606531ba28c97fe65145c65372e/compiler-rt/lib/fuzzer/afl/afl_driver.cpp -O /afl/afl_driver.cpp &&     clang -Wno-pointer-sign -c /afl/llvm_mode/afl-llvm-rt.o.c -I/afl &&     clang++ -stdlib=libc++ -std=c++11 -O2 -c /afl/afl_driver.cpp &&     ar r /libAFL.a *.o
#7 sha256:da149fbcfda29a76943d0a1c92e11de5a5a4ec294b7727689ab299cc8ba1d41e
#7 CACHED

#8 exporting to image
#8 sha256:e8c613e07b0b7ff33893b694f7759a10d42e180f2b4dc349fb57dc6b71dcab00
#8 exporting layers done
#8 writing image sha256:b5ec64935203f1b275a3f61b3f093e0eb0c3408280bca8c6b32eadd5833ac5be done
#8 naming to gcr.io/fuzzbench/builders/afl/karchive_karchive_fuzzer-intermediate done
#8 DONE 0.3s

#9 exporting cache
#9 sha256:2700d4ef94dee473593c5c614b55b2dedcca7893909811a8f2b48291a1f581e4
#9 preparing build cache for export done
#9 DONE 0.0s
#2 [internal] load .dockerignore
#2 sha256:895ad785d8b980e16bb97b41e5a04e920d37dc4fb8f1291d834b7d10ce71d124
#2 transferring context: 34B done
#2 DONE 0.8s

#1 [internal] load build definition from Dockerfile
#1 sha256:3a323d4393fdac74ab6bd2e034befa9df4d96733bc075a168b5e144dd6186677
#1 transferring dockerfile: 2.00kB done
#1 DONE 0.8s

#3 [internal] load metadata for docker.io/library/ubuntu:xenial
#3 sha256:f62bae18ed588840f045c881b2502661f2a89578a2f8f99b83f5200ee83dd25b
#3 DONE 0.0s

#4 importing cache manifest from gcr.io/fuzzbench/base-image
#4 sha256:9b220ebb4d4daceed1b96df9b6dca076e762f1cd612574f010b82d5b9e5ad896
#4 DONE 0.0s

#5 [1/7] FROM docker.io/library/ubuntu:xenial
#5 sha256:14dd403f25ae9e519bd44f27dc17af7ce80f5a4f9f48ca88108364e67ec5d360
#5 DONE 0.0s

#8 [internal] load build context
#8 sha256:4d42422c022a5863310f16c4c2088d37352b121de14fc98efbbb03021dec8af5
#8 transferring context: 559B 0.0s done
#8 DONE 0.1s

#9 [4/7] COPY ./requirements.txt /
#9 sha256:4bc61d6b48104c5999b5ecdb6417b19b956d69552393adcad5ae2e75b50b0d65
#9 CACHED

#7 [3/7] RUN cd /tmp/ &&     curl -O https://www.python.org/ftp/python/3.8.6/Python-3.8.6.tar.xz &&     tar -xvf Python-3.8.6.tar.xz &&     cd Python-3.8.6 &&     ./configure --enable-loadable-sqlite-extensions --enable-optimizations &&     make -j install &&     rm -r /tmp/Python-3.8.6.tar.xz /tmp/Python-3.8.6
#7 sha256:c5b9d1fb3371e84dbc60b76e7b2f8d5913bc93bcd4910ab65daa03e7b2ec4bb0
#7 CACHED

#6 [2/7] RUN apt-get update -y && apt-get install -y     build-essential     rsync     curl     zlib1g-dev     libncurses5-dev     libgdbm-dev     libnss3-dev     libssl-dev     libreadline-dev     libffi-dev     virtualenv     libbz2-dev     liblzma-dev     libsqlite3-dev
#6 sha256:3a1b0960f17eed529eaae93dc8fd3554f2743dd584d8fa569cdbe6bc734371ac
#6 CACHED

#11 [6/7] RUN apt-get update -y && apt-get install -y     apt-transport-https     lsb-release
#11 sha256:7617ba1f31ea8dc13d3083873be9176f801ec7ea51c691aa159a679f7e65948e
#11 CACHED

#10 [5/7] RUN pip3 install -r /requirements.txt
#10 sha256:e56031936f07c015bc3769108c6bd181f4ea841bd48fccf446a6970f46367aa6
#10 CACHED

#12 [7/7] RUN CLOUD_SDK_REPO="cloud-sdk-$(lsb_release -c -s)" &&     echo "deb https://packages.cloud.google.com/apt $CLOUD_SDK_REPO main"     | tee -a /etc/apt/sources.list.d/google-cloud-sdk.list &&     curl https://packages.cloud.google.com/apt/doc/apt-key.gpg     | apt-key add - &&     apt-get update -y &&     apt-get install -y google-cloud-sdk
#12 sha256:9b0ba545f922f4b2c52cce28e925dffef61a712d4aa577416b100233b58cf66d
#12 CACHED

#13 exporting to image
#13 sha256:e8c613e07b0b7ff33893b694f7759a10d42e180f2b4dc349fb57dc6b71dcab00
#13 exporting layers done
#13 writing image sha256:129054e400b4f0c6599f36001d5c016be3b46e222b05b67942c2815996405063
#13 writing image sha256:129054e400b4f0c6599f36001d5c016be3b46e222b05b67942c2815996405063 done
#13 naming to gcr.io/fuzzbench/base-image done
#13 DONE 0.0s

#14 exporting cache
#14 sha256:2700d4ef94dee473593c5c614b55b2dedcca7893909811a8f2b48291a1f581e4
#14 preparing build cache for export done
#14 DONE 0.0s
#1 [internal] load build definition from Dockerfile
#1 sha256:e8800f0a2807e1f3f1e84d400b2e0f82e1fbec16d76e077f000ac1b16b97b15f
#1 transferring dockerfile: 2.22kB done
#1 DONE 0.0s

#2 [internal] load .dockerignore
#2 sha256:d859f6e0a3d9e32f49355081669df9448940045922534c604aba6950349c8e40
#2 transferring context: 34B done
#2 DONE 0.1s

#4 [internal] load metadata for gcr.io/fuzzbench/base-image:latest
#4 sha256:932022888f650cc455b10eb5123bb08c0cccacac29a693e69314abbfd28a72c3
#4 DONE 0.0s

#3 [internal] load metadata for gcr.io/fuzzbench/builders/afl/karchive_karchive_fuzzer-intermediate:latest
#3 sha256:25d9aa7706cbe16d2ece66b4154b80e90a8a0bdade71279d4043e7b564769489
#3 DONE 0.0s

#12 [internal] load build context
#12 sha256:968058169751bbadc1e64e4c12415a11afbb4164b976c3e456d2b6fb8727bd2a
#12 DONE 0.0s

#7 [base-image 1/1] FROM gcr.io/fuzzbench/base-image
#7 sha256:4d07825694520f8b6f6a0d8592dbd345433361ae044cb7f06706c5a95e3daaad
#7 DONE 0.0s

#6 [stage-1  1/13] FROM gcr.io/fuzzbench/builders/afl/karchive_karchive_fuzzer-intermediate
#6 sha256:f9e05ac888cfb435afef0d20e732930aa5a8dfce57530a04990ccae6577b9aa6
#6 DONE 0.0s

#5 importing cache manifest from gcr.io/fuzzbench/builders/afl/karchive_karchive_fuzzer
#5 sha256:cb0712f80562f11a55ec1ee059c56826f43734f1e01cbb7e219f15979b45d6ec
#5 ERROR: gcr.io/fuzzbench/builders/afl/karchive_karchive_fuzzer:latest: not found

#12 [internal] load build context
#12 sha256:968058169751bbadc1e64e4c12415a11afbb4164b976c3e456d2b6fb8727bd2a
#12 transferring context: 669.89kB 0.1s done
#12 DONE 0.1s

#11 [stage-1  5/13] COPY --from=base-image /usr/local/lib/python3.8/site-packages /usr/local/lib/python3.8/site-packages
#11 sha256:955fe371d29dd58d2de3d5b0281308e37d49901600b3b678559503c85a306ed8
#11 CACHED

#16 [stage-1  9/13] RUN mkdir /opt/fuzzbench/
#16 sha256:b58d89e50baf934e97aec9eb2abd18e1a4c825002c86cd1892b32b9a201badfc
#16 CACHED

#18 [stage-1 11/13] RUN export CHECKOUT_COMMIT=$(cat /benchmark.yaml | tr -d ' ' | grep 'commit:' | cut -d ':' -f2) &&     python3 -u /opt/fuzzbench/checkout_commit.py $CHECKOUT_COMMIT /src
#18 sha256:f4a7658eead8596458ee03de304a3ba917525fa69fd2b4fe9a2396e108fea736
#18 CACHED

#15 [stage-1  8/13] COPY benchmarks/karchive_karchive_fuzzer/benchmark.yaml /
#15 sha256:4fd385cec0d13459e60c330f077f73cbc3478dc2c625b4ba5cb0229fd4910eb9
#15 CACHED

#17 [stage-1 10/13] COPY docker/benchmark-builder/checkout_commit.py /opt/fuzzbench/
#17 sha256:9e4ff45166ceb2be26994483bd9473135c7c6e1fc85c4280541febb7cf8e98f0
#17 CACHED

#9 [stage-1  3/13] COPY --from=base-image /usr/local/lib/python3.8 /usr/local/lib/python3.8
#9 sha256:db6490e25e53814dafdf8b727cdd17e2c59ca446af070afaa83166b83342c809
#9 CACHED

#14 [stage-1  7/13] RUN touch /src/__init__.py
#14 sha256:e22f5d8ac4357203a9bdd5eec23d809445cfd7916abf3a8b6c0ca5dbac62bed9
#14 CACHED

#8 [stage-1  2/13] COPY --from=base-image /usr/local/bin/python3* /usr/local/bin/
#8 sha256:4e0b9f60026a3c182fe84a27b2b3c0b50904909305ccbb889cc49fdaf3717b35
#8 CACHED

#10 [stage-1  4/13] COPY --from=base-image /usr/local/include/python3.8 /usr/local/include/python3.8
#10 sha256:ddf77889146ec0ce66e2c1c1ad3db4821956a9143891b8c33b3811b325ac3fff
#10 CACHED

#13 [stage-1  6/13] COPY fuzzers /src/fuzzers
#13 sha256:315d4248616f103c46d3043ed8cf6a2685305f99978fd2292387460262c805c1
#13 CACHED

#19 [stage-1 12/13] RUN echo "#!/bin/bash\nPYTHONPATH=/src python3 -u -c "from fuzzers import utils; utils.initialize_env(); from fuzzers.afl import fuzzer; fuzzer.build()"" > /usr/bin/fuzzer_build &&     chmod +x /usr/bin/fuzzer_build
#19 sha256:5c0a713eabf051d45b2190d64ea6eb230e35f883ade99701419fe99d960bd050
#19 CACHED

#20 [stage-1 13/13] RUN echo "Run fuzzer_build to build the target" && if [ -z "$debug_builder" ] ; then fuzzer_build; fi
#20 sha256:54e8168c52bb8da6e109e9b3ac5fad915f9b8f8d6a5e41956ffb97934f47b838
#20 0.367 Run fuzzer_build to build the target
#20 0.485 FUZZ_TARGET = karchive_fuzzer
#20 0.485 CFLAGS = -DFUZZING_BUILD_MODE_UNSAFE_FOR_PRODUCTION -pthread -Wl,--no-as-needed -Wl,-ldl -Wl,-lm -Wno-unused-command-line-argument -O3
#20 0.485 CXXFLAGS = -DFUZZING_BUILD_MODE_UNSAFE_FOR_PRODUCTION -pthread -Wl,--no-as-needed -Wl,-ldl -Wl,-lm -Wno-unused-command-line-argument -stdlib=libc++ -O3
#20 0.492 Building benchmark karchive_karchive_fuzzer with fuzzer afl
#20 0.495 + cd /src
#20 0.495 + cd zlib
#20 0.495 + ./configure --static
#20 0.587 Building static library libz.a version 1.2.11 with clang.
#20 0.624 Checking for size_t... Yes.
#20 0.652 Checking for off64_t... Yes.
#20 0.653 Checking for fseeko... Yes.
#20 0.788 Checking for strerror... Yes.
#20 0.852 Checking for unistd.h... Yes.
#20 0.880 Checking for stdarg.h... Yes.
#20 0.922 Checking whether to use vs[n]printf() or s[n]printf()... using vs[n]printf().
#20 1.064 Checking for vsnprintf() in stdio.h... Yes.
#20 1.097 Checking for return value of vsnprintf()... Yes.
#20 1.129 Checking for attribute(visibility) support... Yes.
#20 1.146 ++ nproc
#20 1.147 + make install -j8
#20 1.149 clang -DFUZZING_BUILD_MODE_UNSAFE_FOR_PRODUCTION -pthread -Wl,--no-as-needed -Wl,-ldl -Wl,-lm -Wno-unused-command-line-argument -O3 -fsanitize-coverage=trace-pc-guard -D_LARGEFILE64_SOURCE=1 -DHAVE_HIDDEN  -c -o adler32.o adler32.c
#20 1.150 clang -DFUZZING_BUILD_MODE_UNSAFE_FOR_PRODUCTION -pthread -Wl,--no-as-needed -Wl,-ldl -Wl,-lm -Wno-unused-command-line-argument -O3 -fsanitize-coverage=trace-pc-guard -D_LARGEFILE64_SOURCE=1 -DHAVE_HIDDEN  -c -o crc32.o crc32.c
#20 1.150 clang -DFUZZING_BUILD_MODE_UNSAFE_FOR_PRODUCTION -pthread -Wl,--no-as-needed -Wl,-ldl -Wl,-lm -Wno-unused-command-line-argument -O3 -fsanitize-coverage=trace-pc-guard -D_LARGEFILE64_SOURCE=1 -DHAVE_HIDDEN  -c -o deflate.o deflate.c
#20 1.151 clang -DFUZZING_BUILD_MODE_UNSAFE_FOR_PRODUCTION -pthread -Wl,--no-as-needed -Wl,-ldl -Wl,-lm -Wno-unused-command-line-argument -O3 -fsanitize-coverage=trace-pc-guard -D_LARGEFILE64_SOURCE=1 -DHAVE_HIDDEN  -c -o infback.o infback.c
#20 1.151 clang -DFUZZING_BUILD_MODE_UNSAFE_FOR_PRODUCTION -pthread -Wl,--no-as-needed -Wl,-ldl -Wl,-lm -Wno-unused-command-line-argument -O3 -fsanitize-coverage=trace-pc-guard -D_LARGEFILE64_SOURCE=1 -DHAVE_HIDDEN  -c -o inffast.o inffast.c
#20 1.152 clang -DFUZZING_BUILD_MODE_UNSAFE_FOR_PRODUCTION -pthread -Wl,--no-as-needed -Wl,-ldl -Wl,-lm -Wno-unused-command-line-argument -O3 -fsanitize-coverage=trace-pc-guard -D_LARGEFILE64_SOURCE=1 -DHAVE_HIDDEN  -c -o inflate.o inflate.c
#20 1.152 clang -DFUZZING_BUILD_MODE_UNSAFE_FOR_PRODUCTION -pthread -Wl,--no-as-needed -Wl,-ldl -Wl,-lm -Wno-unused-command-line-argument -O3 -fsanitize-coverage=trace-pc-guard -D_LARGEFILE64_SOURCE=1 -DHAVE_HIDDEN  -c -o inftrees.o inftrees.c
#20 1.153 clang -DFUZZING_BUILD_MODE_UNSAFE_FOR_PRODUCTION -pthread -Wl,--no-as-needed -Wl,-ldl -Wl,-lm -Wno-unused-command-line-argument -O3 -fsanitize-coverage=trace-pc-guard -D_LARGEFILE64_SOURCE=1 -DHAVE_HIDDEN  -c -o trees.o trees.c
#20 1.342 clang -DFUZZING_BUILD_MODE_UNSAFE_FOR_PRODUCTION -pthread -Wl,--no-as-needed -Wl,-ldl -Wl,-lm -Wno-unused-command-line-argument -O3 -fsanitize-coverage=trace-pc-guard -D_LARGEFILE64_SOURCE=1 -DHAVE_HIDDEN  -c -o zutil.o zutil.c
#20 1.370 clang -DFUZZING_BUILD_MODE_UNSAFE_FOR_PRODUCTION -pthread -Wl,--no-as-needed -Wl,-ldl -Wl,-lm -Wno-unused-command-line-argument -O3 -fsanitize-coverage=trace-pc-guard -D_LARGEFILE64_SOURCE=1 -DHAVE_HIDDEN  -c -o compress.o compress.c
#20 1.387 clang -DFUZZING_BUILD_MODE_UNSAFE_FOR_PRODUCTION -pthread -Wl,--no-as-needed -Wl,-ldl -Wl,-lm -Wno-unused-command-line-argument -O3 -fsanitize-coverage=trace-pc-guard -D_LARGEFILE64_SOURCE=1 -DHAVE_HIDDEN  -c -o uncompr.o uncompr.c
#20 1.430 clang -DFUZZING_BUILD_MODE_UNSAFE_FOR_PRODUCTION -pthread -Wl,--no-as-needed -Wl,-ldl -Wl,-lm -Wno-unused-command-line-argument -O3 -fsanitize-coverage=trace-pc-guard -D_LARGEFILE64_SOURCE=1 -DHAVE_HIDDEN  -c -o gzclose.o gzclose.c
#20 1.450 clang -DFUZZING_BUILD_MODE_UNSAFE_FOR_PRODUCTION -pthread -Wl,--no-as-needed -Wl,-ldl -Wl,-lm -Wno-unused-command-line-argument -O3 -fsanitize-coverage=trace-pc-guard -D_LARGEFILE64_SOURCE=1 -DHAVE_HIDDEN  -c -o gzlib.o gzlib.c
#20 1.462 clang -DFUZZING_BUILD_MODE_UNSAFE_FOR_PRODUCTION -pthread -Wl,--no-as-needed -Wl,-ldl -Wl,-lm -Wno-unused-command-line-argument -O3 -fsanitize-coverage=trace-pc-guard -D_LARGEFILE64_SOURCE=1 -DHAVE_HIDDEN  -c -o gzread.o gzread.c
#20 1.493 clang -DFUZZING_BUILD_MODE_UNSAFE_FOR_PRODUCTION -pthread -Wl,--no-as-needed -Wl,-ldl -Wl,-lm -Wno-unused-command-line-argument -O3 -fsanitize-coverage=trace-pc-guard -D_LARGEFILE64_SOURCE=1 -DHAVE_HIDDEN  -c -o gzwrite.o gzwrite.c
#20 2.218 ar rc libz.a adler32.o crc32.o deflate.o infback.o inffast.o inflate.o inftrees.o trees.o zutil.o compress.o uncompr.o gzclose.o gzlib.o gzread.o gzwrite.o 
#20 2.248 rm -f /usr/local/lib/libz.a
#20 2.249 cp libz.a /usr/local/lib
#20 2.252 chmod 644 /usr/local/lib/libz.a
#20 2.264 rm -f /usr/local/share/man/man3/zlib.3
#20 2.266 cp zlib.3 /usr/local/share/man/man3
#20 2.267 chmod 644 /usr/local/share/man/man3/zlib.3
#20 2.269 rm -f /usr/local/lib/pkgconfig/zlib.pc
#20 2.270 cp zlib.pc /usr/local/lib/pkgconfig
#20 2.272 chmod 644 /usr/local/lib/pkgconfig/zlib.pc
#20 2.274 rm -f /usr/local/include/zlib.h /usr/local/include/zconf.h
#20 2.275 cp zlib.h zconf.h /usr/local/include
#20 2.277 chmod 644 /usr/local/include/zlib.h /usr/local/include/zconf.h
#20 2.278 + cd /src
#20 2.278 + cd libzip
#20 2.278 + cmake . -DBUILD_SHARED_LIBS=OFF
#20 2.486 -- The C compiler identification is Clang 14.0.0
#20 2.500 -- Detecting C compiler ABI info
#20 2.648 -- Detecting C compiler ABI info - done
#20 2.702 -- Check for working C compiler: /usr/local/bin/clang - skipped
#20 2.703 -- Detecting C compile features
#20 2.704 -- Detecting C compile features - done
#20 2.716 -- Looking for include file CommonCrypto/CommonCrypto.h
#20 2.752 -- Looking for include file CommonCrypto/CommonCrypto.h - not found
#20 2.758 -- Could NOT find PkgConfig (missing: PKG_CONFIG_EXECUTABLE) 
#20 2.769 -- Could NOT find Nettle (missing: Nettle_LIBRARY Nettle_INCLUDE_DIR) (Required is at least version "3.0")
#20 2.777 -- Could NOT find GnuTLS (missing: GNUTLS_LIBRARY GNUTLS_INCLUDE_DIR) 
#20 2.780 -- Could NOT find MbedTLS (missing: MbedTLS_LIBRARY MbedTLS_INCLUDE_DIR) (Required is at least version "1.0")
#20 2.790 -- Could NOT find OpenSSL, try to set the path to OpenSSL root folder in the system variable OPENSSL_ROOT_DIR (missing: OPENSSL_CRYPTO_LIBRARY OPENSSL_INCLUDE_DIR) 
#20 2.791 -- Looking for _close
#20 2.956 -- Looking for _close - not found
#20 2.956 -- Looking for _dup
#20 3.118 -- Looking for _dup - not found
#20 3.118 -- Looking for _fdopen
#20 3.285 -- Looking for _fdopen - not found
#20 3.285 -- Looking for _fileno
#20 3.449 -- Looking for _fileno - not found
#20 3.449 -- Looking for _setmode
#20 3.611 -- Looking for _setmode - not found
#20 3.612 -- Looking for _snprintf
#20 3.661 -- Looking for _snprintf - not found
#20 3.662 -- Looking for _strdup
#20 3.819 -- Looking for _strdup - not found
#20 3.820 -- Looking for _stricmp
#20 3.865 -- Looking for _stricmp - not found
#20 3.865 -- Looking for _strtoi64
#20 4.029 -- Looking for _strtoi64 - not found
#20 4.029 -- Looking for _strtoui64
#20 4.195 -- Looking for _strtoui64 - not found
#20 4.195 -- Looking for _unlink
#20 4.362 -- Looking for _unlink - not found
#20 4.362 -- Looking for arc4random
#20 4.525 -- Looking for arc4random - not found
#20 4.525 -- Looking for clonefile
#20 4.688 -- Looking for clonefile - not found
#20 4.688 -- Looking for explicit_bzero
#20 4.854 -- Looking for explicit_bzero - found
#20 4.854 -- Looking for explicit_memset
#20 5.014 -- Looking for explicit_memset - not found
#20 5.015 -- Looking for fchmod
#20 5.184 -- Looking for fchmod - found
#20 5.184 -- Looking for fileno
#20 5.348 -- Looking for fileno - found
#20 5.349 -- Looking for fseeko
#20 5.512 -- Looking for fseeko - found
#20 5.512 -- Looking for ftello
#20 5.677 -- Looking for ftello - found
#20 5.678 -- Looking for getprogname
#20 5.843 -- Looking for getprogname - not found
#20 5.843 -- Looking for localtime_r
#20 6.005 -- Looking for localtime_r - found
#20 6.006 -- Looking for setmode
#20 6.174 -- Looking for setmode - not found
#20 6.175 -- Looking for snprintf
#20 6.346 -- Looking for snprintf - found
#20 6.347 -- Looking for strcasecmp
#20 6.521 -- Looking for strcasecmp - found
#20 6.522 -- Looking for strdup
#20 6.689 -- Looking for strdup - found
#20 6.689 -- Looking for stricmp
#20 6.861 -- Looking for stricmp - not found
#20 6.861 -- Looking for strtoll
#20 7.018 -- Looking for strtoll - found
#20 7.018 -- Looking for strtoull
#20 7.186 -- Looking for strtoull - found
#20 7.187 -- Looking for 3 include files sys/types.h, ..., fts.h
#20 7.354 -- Looking for 3 include files sys/types.h, ..., fts.h - found
#20 7.354 -- Looking for fts_open
#20 7.513 -- Looking for fts_open - found
#20 7.514 -- Looking for include file stdbool.h
#20 7.676 -- Looking for include file stdbool.h - found
#20 7.676 -- Looking for include file strings.h
#20 7.843 -- Looking for include file strings.h - found
#20 7.844 -- Looking for include file unistd.h
#20 8.012 -- Looking for include file unistd.h - found
#20 8.013 -- Looking for include file inttypes.h
#20 8.175 -- Looking for include file inttypes.h - found
#20 8.177 -- Looking for include file stdint.h
#20 8.338 -- Looking for include file stdint.h - found
#20 8.339 -- Looking for include file sys/types.h
#20 8.503 -- Looking for include file sys/types.h - found
#20 8.504 -- Looking for sys/types.h
#20 8.676 -- Looking for sys/types.h - found
#20 8.677 -- Looking for stdint.h
#20 8.843 -- Looking for stdint.h - found
#20 8.843 -- Looking for stddef.h
#20 8.998 -- Looking for stddef.h - found
#20 8.998 -- Check size of __int8
#20 9.045 -- Check size of __int8 - failed
#20 9.046 -- Check size of int8_t
#20 9.253 -- Check size of int8_t - done
#20 9.253 -- Check size of uint8_t
#20 9.454 -- Check size of uint8_t - done
#20 9.454 -- Check size of __int16
#20 9.499 -- Check size of __int16 - failed
#20 9.500 -- Check size of int16_t
#20 9.697 -- Check size of int16_t - done
#20 9.698 -- Check size of uint16_t
#20 9.897 -- Check size of uint16_t - done
#20 9.897 -- Check size of __int32
#20 9.945 -- Check size of __int32 - failed
#20 9.946 -- Check size of int32_t
#20 10.15 -- Check size of int32_t - done
#20 10.15 -- Check size of uint32_t
#20 10.35 -- Check size of uint32_t - done
#20 10.35 -- Check size of __int64
#20 10.40 -- Check size of __int64 - failed
#20 10.40 -- Check size of int64_t
#20 10.61 -- Check size of int64_t - done
#20 10.61 -- Check size of uint64_t
#20 10.81 -- Check size of uint64_t - done
#20 10.81 -- Check size of short
#20 11.02 -- Check size of short - done
#20 11.02 -- Check size of int
#20 11.22 -- Check size of int - done
#20 11.22 -- Check size of long
#20 11.43 -- Check size of long - done
#20 11.43 -- Check size of long long
#20 11.64 -- Check size of long long - done
#20 11.64 -- Check size of off_t
#20 11.84 -- Check size of off_t - done
#20 11.85 -- Check size of size_t
#20 12.04 -- Check size of size_t - done
#20 12.05 -- Performing Test HAVE_FICLONERANGE
#20 12.21 -- Performing Test HAVE_FICLONERANGE - Success
#20 12.21 -- Performing Test HAVE_NULLABLE
#20 12.36 -- Performing Test HAVE_NULLABLE - Success
#20 12.38 -- Found ZLIB: /usr/local/lib/libz.a (found suitable version "1.2.11", minimum required is "1.1.2") 
#20 12.39 -- Could NOT find BZip2 (missing: BZIP2_LIBRARIES BZIP2_INCLUDE_DIR) 
#20 12.39 CMake Warning at CMakeLists.txt:186 (message):
#20 12.39   -- bzip2 library not found; bzip2 support disabled
#20 12.39 
#20 12.39 
#20 12.40 -- Could NOT find LibLZMA (missing: LIBLZMA_LIBRARY LIBLZMA_INCLUDE_DIR LIBLZMA_HAS_AUTO_DECODER LIBLZMA_HAS_EASY_ENCODER LIBLZMA_HAS_LZMA_PRESET) (Required is at least version "5.2")
#20 12.40 CMake Warning at CMakeLists.txt:195 (message):
#20 12.40   -- lzma library not found; lzma/xz support disabled
#20 12.40 
#20 12.40 
#20 12.40 -- Could NOT find PkgConfig (missing: PKG_CONFIG_EXECUTABLE) 
#20 12.40 -- Could NOT find Zstd (missing: Zstd_LIBRARY Zstd_INCLUDE_DIR) (Required is at least version "1.3.6")
#20 12.40 CMake Warning at CMakeLists.txt:204 (message):
#20 12.40   -- zstd library not found; zstandard support disabled
#20 12.40 
#20 12.40 
#20 12.40 CMake Warning at CMakeLists.txt:226 (message):
#20 12.40   -- neither Common Crypto, GnuTLS, mbed TLS, OpenSSL, nor Windows
#20 12.40   Cryptography found; AES support disabled
#20 12.40 
#20 12.40 
#20 12.44 -- Looking for getopt
#20 12.59 -- Looking for getopt - found
#20 12.62 -- Found Perl: /usr/bin/perl (found version "5.30.0") 
#20 12.63 -- Configuring done
#20 12.68 CMake Warning (dev) at lib/CMakeLists.txt:5 (add_library):
#20 12.68   Policy CMP0063 is not set: Honor visibility properties for all target
#20 12.68   types.  Run "cmake --help-policy CMP0063" for policy details.  Use the
#20 12.68   cmake_policy command to set the policy and suppress this warning.
#20 12.68 
#20 12.68   Target "zip" of type "STATIC_LIBRARY" has the following visibility
#20 12.68   properties set for C:
#20 12.68 
#20 12.68     C_VISIBILITY_PRESET
#20 12.68 
#20 12.68   For compatibility CMake is not honoring them for this target.
#20 12.68 This warning is for project developers.  Use -Wno-dev to suppress it.
#20 12.68 
#20 12.79 -- Generating done
#20 12.79 -- Build files have been written to: /src/libzip
#20 12.80 ++ nproc
#20 12.80 + make install -j8
#20 12.83 [  0%] Building C object regress/CMakeFiles/liboverride.dir/liboverride.c.o
#20 12.83 [  0%] Building C object regress/CMakeFiles/nonrandomopen.dir/nonrandomopen.c.o
#20 12.83 [  0%] Preparing ZIP_SOURCE_GET_ARGS.3
#20 12.83 [  0%] Generating libzip.html
#20 12.83 [  0%] Preparing zip_add.3
#20 12.83 [  0%] Preparing zip_add_dir.3
#20 12.84 [  1%] Building C object lib/CMakeFiles/zip.dir/zip_add.c.o
#20 12.84 [  1%] Preparing zip_close.3
#20 12.84 [  1%] Building C object lib/CMakeFiles/zip.dir/zip_add_dir.c.o
#20 12.84 [  1%] Preparing zip_compression_method_supported.3
#20 12.85 [  3%] Preparing zip_delete.3
#20 12.85 [  3%] Preparing zip_dir_add.3
#20 12.85 [  3%] Preparing zip_discard.3
#20 12.86 [  3%] Building C object lib/CMakeFiles/zip.dir/zip_add_entry.c.o
#20 12.86 [  3%] Preparing zip_encryption_method_supported.3
#20 12.86 [  3%] Preparing zip_error_clear.3
#20 12.86 [  3%] Building C object lib/CMakeFiles/zip.dir/zip_algorithm_deflate.c.o
#20 12.87 [  3%] Preparing zip_error_code_system.3
#20 12.87 [  3%] Generating zip_error_code_zip.html
#20 12.90 [  3%] Preparing zip_error_fini.3
#20 12.91 [  3%] Linking C shared module libliboverride.so
#20 12.91 [  3%] Linking C shared module libnonrandomopen.so
#20 12.91 [  3%] Preparing zip_error_get.3
#20 12.91 [  3%] Building C object lib/CMakeFiles/zip.dir/zip_buffer.c.o
#20 12.91 [  4%] Building C object lib/CMakeFiles/zip.dir/zip_close.c.o
#20 12.92 [  4%] Preparing zip_error_get_sys_type.3
#20 12.93 [  4%] Preparing zip_error_init.3
#20 12.96 [  6%] Building C object lib/CMakeFiles/zip.dir/zip_delete.c.o
#20 12.96 [  6%] Preparing zip_error_set.3
#20 12.96 [  6%] Built target liboverride
#20 12.96 [  6%] Preparing zip_error_strerror.3
#20 12.97 [  6%] Preparing zip_error_system_type.3
#20 12.97 [  6%] Preparing zip_error_to_data.3
#20 12.97 [  6%] Preparing zip_error_to_str.3
#20 12.98 [  6%] Built target nonrandomopen
#20 12.98 [  6%] Preparing zip_errors.3
#20 12.98 [  7%] Preparing zip_fclose.3
#20 12.99 [  7%] Building C object lib/CMakeFiles/zip.dir/zip_dir_add.c.o
#20 12.99 [  7%] Preparing zip_fdopen.3
#20 12.99 [  7%] Generating zip_file_add.html
#20 13.00 [  7%] Preparing zip_file_attributes_init.3
#20 13.00 [  7%] Preparing zip_file_extra_field_delete.3
#20 13.01 [  9%] Preparing zip_file_extra_field_get.3
#20 13.01 [  9%] Preparing zip_file_extra_field_set.3
#20 13.02 [  9%] Preparing zip_file_extra_fields_count.3
#20 13.02 [  9%] Building C object lib/CMakeFiles/zip.dir/zip_dirent.c.o
#20 13.02 [  9%] Building C object lib/CMakeFiles/zip.dir/zip_discard.c.o
#20 13.02 [  9%] Preparing zip_file_get_comment.3
#20 13.03 [  9%] Preparing zip_file_get_error.3
#20 13.04 [  9%] Preparing zip_file_get_external_attributes.3
#20 13.04 [  9%] Building C object lib/CMakeFiles/zip.dir/zip_entry.c.o
#20 13.05 [ 10%] Preparing zip_file_rename.3
#20 13.06 [ 10%] Preparing zip_file_set_comment.3
#20 13.06 [ 10%] Preparing zip_file_set_encryption.3
#20 13.07 [ 10%] Preparing zip_file_set_external_attributes.3
#20 13.08 [ 10%] Built target testinput
#20 13.08 [ 10%] Preparing zip_file_set_mtime.3
#20 13.08 [ 12%] Preparing zip_file_strerror.3
#20 13.09 [ 14%] Preparing zip_fopen.3
#20 13.09 [ 14%] Building C object lib/CMakeFiles/zip.dir/zip_error.c.o
#20 13.09 [ 14%] Preparing zip_fopen_encrypted.3
#20 13.10 [ 14%] Building C object lib/CMakeFiles/zip.dir/zip_error_clear.c.o
#20 13.10 [ 14%] Preparing zip_fread.3
#20 13.11 [ 14%] Preparing zip_fseek.3
#20 13.12 [ 14%] Preparing zip_ftell.3
#20 13.12 [ 14%] Building C object lib/CMakeFiles/zip.dir/zip_error_get.c.o
#20 13.12 [ 15%] Preparing zip_get_archive_comment.3
#20 13.13 [ 15%] Preparing zip_get_archive_flag.3
#20 13.13 [ 15%] Preparing zip_get_error.3
#20 13.14 [ 15%] Preparing zip_get_file_comment.3
#20 13.14 [ 15%] Preparing zip_get_name.3
#20 13.14 [ 17%] Preparing zip_get_num_entries.3
#20 13.14 [ 17%] Building C object lib/CMakeFiles/zip.dir/zip_error_get_sys_type.c.o
#20 13.15 [ 17%] Preparing zip_get_num_files.3
#20 13.15 [ 17%] Preparing zip_libzip_version.3
#20 13.16 [ 17%] Preparing zip_name_locate.3
#20 13.16 [ 17%] Building C object lib/CMakeFiles/zip.dir/zip_error_strerror.c.o
#20 13.16 [ 17%] Preparing zip_open.3
#20 13.17 [ 17%] Preparing zip_register_cancel_callback_with_state.3
#20 13.18 [ 18%] Building C object lib/CMakeFiles/zip.dir/zip_error_to_str.c.o
#20 13.18 [ 20%] Preparing zip_register_progress_callback.3
#20 13.19 [ 20%] Preparing zip_register_progress_callback_with_state.3
#20 13.20 [ 20%] Preparing zip_rename.3
#20 13.20 [ 20%] Building C object lib/CMakeFiles/zip.dir/zip_extra_field.c.o
#20 13.20 [ 20%] Preparing zip_set_archive_comment.3
#20 13.21 [ 20%] Preparing zip_set_archive_flag.3
#20 13.22 [ 20%] Building C object lib/CMakeFiles/zip.dir/zip_extra_field_api.c.o
#20 13.22 [ 21%] Preparing zip_set_default_password.3
#20 13.22 [ 21%] Building C object lib/CMakeFiles/zip.dir/zip_fclose.c.o
#20 13.23 [ 21%] Preparing zip_set_file_comment.3
#20 13.26 [ 21%] Preparing zip_set_file_compression.3
#20 13.27 [ 21%] Preparing zip_source.3
#20 13.27 [ 21%] Building C object lib/CMakeFiles/zip.dir/zip_fdopen.c.o
#20 13.28 [ 21%] Preparing zip_source_begin_write.3
#20 13.28 [ 21%] Building C object lib/CMakeFiles/zip.dir/zip_file_add.c.o
#20 13.28 [ 21%] Preparing zip_source_buffer.3
#20 13.29 [ 25%] Building C object lib/CMakeFiles/zip.dir/zip_file_error_clear.c.o
#20 13.29 [ 25%] Preparing zip_source_buffer_fragment.3
#20 13.30 [ 25%] Preparing zip_source_close.3
#20 13.31 [ 25%] Preparing zip_source_commit_write.3
#20 13.31 [ 25%] Building C object lib/CMakeFiles/zip.dir/zip_file_error_get.c.o
#20 13.32 [ 25%] Preparing zip_source_error.3
#20 13.33 [ 25%] Preparing zip_source_file.3
#20 13.33 [ 25%] Preparing zip_source_filep.3
#20 13.34 [ 26%] Preparing zip_source_free.3
#20 13.35 [ 26%] Preparing zip_source_function.3
#20 13.36 [ 26%] Building C object lib/CMakeFiles/zip.dir/zip_file_get_comment.c.o
#20 13.36 [ 26%] Preparing zip_source_is_deleted.3
#20 13.36 [ 26%] Building C object lib/CMakeFiles/zip.dir/zip_file_get_external_attributes.c.o
#20 13.37 [ 26%] Preparing zip_source_keep.3
#20 13.37 [ 26%] Building C object lib/CMakeFiles/zip.dir/zip_file_get_offset.c.o
#20 13.37 [ 26%] Preparing zip_source_make_command_bitmap.3
#20 13.38 [ 28%] Preparing zip_source_open.3
#20 13.39 [ 29%] Preparing zip_source_read.3
#20 13.39 [ 29%] Building C object lib/CMakeFiles/zip.dir/zip_file_rename.c.o
#20 13.40 [ 29%] Preparing zip_source_rollback_write.3
#20 13.41 [ 29%] Preparing zip_source_seek.3
#20 13.42 [ 29%] Preparing zip_source_seek_compute_offset.3
#20 13.42 [ 29%] Building C object lib/CMakeFiles/zip.dir/zip_file_replace.c.o
#20 13.42 [ 29%] Preparing zip_source_seek_write.3
#20 13.43 [ 31%] Preparing zip_source_stat.3
#20 13.44 [ 31%] Building C object lib/CMakeFiles/zip.dir/zip_file_set_comment.c.o
#20 13.44 [ 31%] Preparing zip_source_tell.3
#20 13.44 [ 31%] Preparing zip_source_tell_write.3
#20 13.45 [ 31%] Preparing zip_source_win32a.3
#20 13.45 [ 31%] Preparing zip_source_win32handle.3
#20 13.46 [ 32%] Preparing zip_source_win32w.3
#20 13.46 [ 32%] Preparing zip_source_window.3
#20 13.47 [ 32%] Preparing zip_source_write.3
#20 13.47 [ 32%] Preparing zip_source_zip.3
#20 13.47 [ 32%] Building C object lib/CMakeFiles/zip.dir/zip_file_set_encryption.c.o
#20 13.47 [ 32%] Preparing zip_stat.3
#20 13.47 [ 32%] Building C object lib/CMakeFiles/zip.dir/zip_file_set_external_attributes.c.o
#20 13.48 [ 32%] Building C object lib/CMakeFiles/zip.dir/zip_file_set_mtime.c.o
#20 13.48 [ 32%] Preparing zip_stat_init.3
#20 13.49 [ 34%] Preparing zip_unchange.3
#20 13.50 [ 34%] Preparing zip_unchange_all.3
#20 13.50 [ 35%] Building C object lib/CMakeFiles/zip.dir/zip_file_strerror.c.o
#20 13.51 [ 35%] Preparing zip_unchange_archive.3
#20 13.52 [ 35%] Preparing zipcmp.1
#20 13.52 [ 35%] Building C object lib/CMakeFiles/zip.dir/zip_fopen.c.o
#20 13.52 [ 35%] Preparing zipmerge.1
#20 13.53 [ 35%] Generating ziptool.html
#20 13.55 [ 39%] Building C object lib/CMakeFiles/zip.dir/zip_fopen_encrypted.c.o
#20 13.55 [ 39%] Preparing libzip.3
#20 13.55 [ 39%] Preparing zip_error_code_zip.3
#20 13.56 [ 39%] Preparing zip_file_add.3
#20 13.56 [ 39%] Building C object lib/CMakeFiles/zip.dir/zip_fopen_index.c.o
#20 13.57 [ 40%] Building C object lib/CMakeFiles/zip.dir/zip_fopen_index_encrypted.c.o
#20 13.57 [ 40%] Preparing ziptool.1
#20 13.57 [ 40%] Building C object lib/CMakeFiles/zip.dir/zip_fread.c.o
#20 13.58 [ 42%] Building C object lib/CMakeFiles/zip.dir/zip_fseek.c.o
#20 13.59 [ 42%] Building C object lib/CMakeFiles/zip.dir/zip_ftell.c.o
#20 13.60 [ 70%] Built target man
#20 13.60 [ 70%] Building C object lib/CMakeFiles/zip.dir/zip_get_archive_comment.c.o
#20 13.61 [ 70%] Building C object lib/CMakeFiles/zip.dir/zip_get_archive_flag.c.o
#20 13.63 [ 71%] Building C object lib/CMakeFiles/zip.dir/zip_get_encryption_implementation.c.o
#20 13.63 [ 71%] Building C object lib/CMakeFiles/zip.dir/zip_get_file_comment.c.o
#20 13.65 [ 71%] Building C object lib/CMakeFiles/zip.dir/zip_get_name.c.o
#20 13.66 [ 71%] Building C object lib/CMakeFiles/zip.dir/zip_get_num_entries.c.o
#20 13.66 [ 71%] Building C object lib/CMakeFiles/zip.dir/zip_get_num_files.c.o
#20 13.67 [ 71%] Building C object lib/CMakeFiles/zip.dir/zip_hash.c.o
#20 13.68 [ 71%] Building C object lib/CMakeFiles/zip.dir/zip_io_util.c.o
#20 13.69 [ 73%] Building C object lib/CMakeFiles/zip.dir/zip_libzip_version.c.o
#20 13.71 [ 73%] Building C object lib/CMakeFiles/zip.dir/zip_memdup.c.o
#20 13.71 [ 73%] Building C object lib/CMakeFiles/zip.dir/zip_name_locate.c.o
#20 13.73 [ 73%] Building C object lib/CMakeFiles/zip.dir/zip_new.c.o
#20 13.74 [ 73%] Building C object lib/CMakeFiles/zip.dir/zip_open.c.o
#20 13.74 [ 75%] Building C object lib/CMakeFiles/zip.dir/zip_pkware.c.o
#20 13.76 [ 75%] Building C object lib/CMakeFiles/zip.dir/zip_progress.c.o
#20 13.80 [ 75%] Building C object lib/CMakeFiles/zip.dir/zip_rename.c.o
#20 13.80 [ 75%] Building C object lib/CMakeFiles/zip.dir/zip_replace.c.o
#20 13.83 [ 75%] Building C object lib/CMakeFiles/zip.dir/zip_set_archive_comment.c.o
#20 13.83 [ 75%] Building C object lib/CMakeFiles/zip.dir/zip_set_archive_flag.c.o
#20 13.87 [ 76%] Building C object lib/CMakeFiles/zip.dir/zip_set_default_password.c.o
#20 13.88 [ 76%] Building C object lib/CMakeFiles/zip.dir/zip_set_file_comment.c.o
#20 13.88 [ 76%] Building C object lib/CMakeFiles/zip.dir/zip_set_file_compression.c.o
#20 13.92 [ 76%] Building C object lib/CMakeFiles/zip.dir/zip_set_name.c.o
#20 13.93 [ 76%] Building C object lib/CMakeFiles/zip.dir/zip_source_accept_empty.c.o
#20 13.93 [ 78%] Building C object lib/CMakeFiles/zip.dir/zip_source_begin_write.c.o
#20 13.94 [ 78%] Building C object lib/CMakeFiles/zip.dir/zip_source_begin_write_cloning.c.o
#20 13.96 [ 78%] Building C object lib/CMakeFiles/zip.dir/zip_source_buffer.c.o
#20 13.97 [ 78%] Building C object lib/CMakeFiles/zip.dir/zip_source_call.c.o
#20 13.99 [ 78%] Building C object lib/CMakeFiles/zip.dir/zip_source_close.c.o
#20 14.01 [ 78%] Building C object lib/CMakeFiles/zip.dir/zip_source_commit_write.c.o
#20 14.01 [ 79%] Building C object lib/CMakeFiles/zip.dir/zip_source_compress.c.o
#20 14.02 [ 79%] Building C object lib/CMakeFiles/zip.dir/zip_source_crc.c.o
#20 14.04 [ 79%] Building C object lib/CMakeFiles/zip.dir/zip_source_error.c.o
#20 14.06 [ 79%] Building C object lib/CMakeFiles/zip.dir/zip_source_file_common.c.o
#20 14.07 [ 79%] Building C object lib/CMakeFiles/zip.dir/zip_source_file_stdio.c.o
#20 14.09 [ 81%] Building C object lib/CMakeFiles/zip.dir/zip_source_free.c.o
#20 14.12 [ 81%] Building C object lib/CMakeFiles/zip.dir/zip_source_function.c.o
#20 14.17 [ 81%] Building C object lib/CMakeFiles/zip.dir/zip_source_get_file_attributes.c.o
#20 14.17 [ 81%] Building C object lib/CMakeFiles/zip.dir/zip_source_is_deleted.c.o
#20 14.18 [ 81%] Building C object lib/CMakeFiles/zip.dir/zip_source_layered.c.o
#20 14.19 [ 81%] Building C object lib/CMakeFiles/zip.dir/zip_source_open.c.o
#20 14.20 [ 82%] Building C object lib/CMakeFiles/zip.dir/zip_source_pkware_decode.c.o
#20 14.23 [ 82%] Building C object lib/CMakeFiles/zip.dir/zip_source_pkware_encode.c.o
#20 14.25 [ 82%] Building C object lib/CMakeFiles/zip.dir/zip_source_read.c.o
#20 14.26 [ 82%] Building C object lib/CMakeFiles/zip.dir/zip_source_remove.c.o
#20 14.27 [ 82%] Building C object lib/CMakeFiles/zip.dir/zip_source_rollback_write.c.o
#20 14.28 [ 84%] Building C object lib/CMakeFiles/zip.dir/zip_source_seek_write.c.o
#20 14.28 [ 84%] Building C object lib/CMakeFiles/zip.dir/zip_source_seek.c.o
#20 14.33 [ 84%] Building C object lib/CMakeFiles/zip.dir/zip_source_stat.c.o
#20 14.34 [ 84%] Building C object lib/CMakeFiles/zip.dir/zip_source_supports.c.o
#20 14.34 [ 84%] Building C object lib/CMakeFiles/zip.dir/zip_source_tell.c.o
#20 14.35 [ 84%] Building C object lib/CMakeFiles/zip.dir/zip_source_tell_write.c.o
#20 14.36 [ 85%] Building C object lib/CMakeFiles/zip.dir/zip_source_window.c.o
#20 14.36 [ 85%] Building C object lib/CMakeFiles/zip.dir/zip_source_write.c.o
#20 14.37 [ 85%] Building C object lib/CMakeFiles/zip.dir/zip_source_zip.c.o
#20 14.38 [ 85%] Building C object lib/CMakeFiles/zip.dir/zip_source_zip_new.c.o
#20 14.42 [ 85%] Building C object lib/CMakeFiles/zip.dir/zip_stat.c.o
#20 14.42 [ 87%] Building C object lib/CMakeFiles/zip.dir/zip_stat_index.c.o
#20 14.43 [ 87%] Building C object lib/CMakeFiles/zip.dir/zip_strerror.c.o
#20 14.43 [ 87%] Building C object lib/CMakeFiles/zip.dir/zip_stat_init.c.o
#20 14.44 [ 87%] Building C object lib/CMakeFiles/zip.dir/zip_string.c.o
#20 14.47 [ 87%] Building C object lib/CMakeFiles/zip.dir/zip_unchange.c.o
#20 14.49 [ 87%] Building C object lib/CMakeFiles/zip.dir/zip_unchange_all.c.o
#20 14.50 [ 89%] Building C object lib/CMakeFiles/zip.dir/zip_unchange_archive.c.o
#20 14.51 [ 89%] Building C object lib/CMakeFiles/zip.dir/zip_unchange_data.c.o
#20 14.52 [ 89%] Building C object lib/CMakeFiles/zip.dir/zip_utf-8.c.o
#20 14.53 [ 89%] Building C object lib/CMakeFiles/zip.dir/zip_err_str.c.o
#20 14.55 [ 89%] Building C object lib/CMakeFiles/zip.dir/zip_source_file_stdio_named.c.o
#20 14.57 [ 90%] Building C object lib/CMakeFiles/zip.dir/zip_random_unix.c.o
#20 14.68 [ 90%] Linking C static library libzip.a
#20 14.82 [ 90%] Built target zip
#20 14.83 [ 90%] Building C object src/CMakeFiles/zipmerge.dir/zipmerge.c.o
#20 14.83 [ 90%] Building C object src/CMakeFiles/zipcmp.dir/zipcmp.c.o
#20 14.83 [ 90%] Building C object src/CMakeFiles/ziptool.dir/ziptool.c.o
#20 14.83 [ 90%] Building C object regress/CMakeFiles/fread.dir/fread.c.o
#20 14.83 [ 90%] Building C object regress/CMakeFiles/nonrandomopentest.dir/nonrandomopentest.c.o
#20 14.83 [ 90%] Building C object regress/CMakeFiles/fseek.dir/fseek.c.o
#20 14.83 [ 90%] Building C object regress/CMakeFiles/fuzz_main.dir/fuzz_main.c.o
#20 14.83 [ 90%] Building C object regress/CMakeFiles/add_from_filep.dir/add_from_filep.c.o
#20 14.91 [ 92%] Linking C executable nonrandomopentest
#20 14.91 [ 92%] Linking C executable add_from_filep
#20 14.92 [ 93%] Linking C executable fseek
#20 14.92 [ 93%] Linking C executable fuzz_main
#20 14.96 [ 93%] Linking C executable fread
#20 15.01 [ 95%] Linking C executable zipmerge
#20 15.10 [ 95%] Built target nonrandomopentest
#20 15.12 [ 95%] Building C object regress/CMakeFiles/liboverride-test.dir/liboverride-test.c.o
#20 15.15 [ 95%] Built target add_from_filep
#20 15.17 [ 95%] Building C object regress/CMakeFiles/can_clone_file.dir/can_clone_file.c.o
#20 15.17 [ 95%] Built target fuzz_main
#20 15.18 [ 95%] Built target fseek
#20 15.19 [ 95%] Building C object regress/CMakeFiles/hole.dir/hole.c.o
#20 15.19 [ 95%] Building C object regress/CMakeFiles/fopen_unchanged.dir/fopen_unchanged.c.o
#20 15.20 [ 95%] Built target fread
#20 15.21 [ 95%] Building C object regress/CMakeFiles/ziptool_regress.dir/ziptool_regress.c.o
#20 15.22 [ 95%] Linking C executable liboverride-test
#20 15.26 [ 95%] Built target zipmerge
#20 15.26 [ 95%] Linking C executable can_clone_file
#20 15.27 [ 95%] Building C object regress/CMakeFiles/tryopen.dir/tryopen.c.o
#20 15.29 [ 96%] Linking C executable fopen_unchanged
#20 15.31 [ 96%] Building C object regress/CMakeFiles/hole.dir/source_hole.c.o
#20 15.36 [ 96%] Linking C executable tryopen
#20 15.37 [ 96%] Linking C executable ziptool
#20 15.41 [ 96%] Building C object src/CMakeFiles/zipcmp.dir/diff_output.c.o
#20 15.44 [ 96%] Built target liboverride-test
#20 15.45 [ 96%] Built target can_clone_file
#20 15.45 [ 96%] Building C object regress/CMakeFiles/ziptool_regress.dir/source_hole.c.o
#20 15.46 [ 96%] Building C object examples/CMakeFiles/in-memory.dir/in-memory.c.o
#20 15.53 [ 96%] Linking C executable zipcmp
#20 15.53 [ 96%] Built target fopen_unchanged
#20 15.58 [ 96%] Built target tryopen
#20 15.59 [ 98%] Linking C executable in-memory
#20 15.62 [ 98%] Built target ziptool
#20 15.72 [ 98%] Built target zipcmp
#20 15.74 [ 98%] Built target in-memory
#20 15.76 [ 98%] Linking C executable hole
#20 15.85 [100%] Linking C executable ziptool_regress
#20 15.89 [100%] Built target hole
#20 16.01 [100%] Built target ziptool_regress
#20 16.02 Install the project...
#20 16.03 -- Install configuration: ""
#20 16.03 -- Installing: /usr/local/lib/pkgconfig/libzip.pc
#20 16.03 -- Installing: /usr/local/include/zipconf.h
#20 16.03 -- Installing: /usr/local/lib/cmake/libzip/libzip-config.cmake
#20 16.03 -- Installing: /usr/local/lib/cmake/libzip/libzip-config-version.cmake
#20 16.03 -- Installing: /usr/local/lib/cmake/libzip/libzip-targets.cmake
#20 16.03 -- Installing: /usr/local/lib/cmake/libzip/libzip-targets-noconfig.cmake
#20 16.03 -- Installing: /usr/local/lib/libzip.a
#20 16.03 -- Installing: /usr/local/include/zip.h
#20 16.03 -- Installing: /usr/local/share/doc/libzip/libzip/ZIP_SOURCE_GET_ARGS.html
#20 16.03 -- Installing: /usr/local/share/doc/libzip/libzip/libzip.html
#20 16.03 -- Installing: /usr/local/share/doc/libzip/libzip/zip_add.html
#20 16.03 -- Installing: /usr/local/share/doc/libzip/libzip/zip_add_dir.html
#20 16.03 -- Installing: /usr/local/share/doc/libzip/libzip/zip_close.html
#20 16.03 -- Installing: /usr/local/share/doc/libzip/libzip/zip_compression_method_supported.html
#20 16.03 -- Installing: /usr/local/share/doc/libzip/libzip/zip_delete.html
#20 16.03 -- Installing: /usr/local/share/doc/libzip/libzip/zip_dir_add.html
#20 16.04 -- Installing: /usr/local/share/doc/libzip/libzip/zip_discard.html
#20 16.04 -- Installing: /usr/local/share/doc/libzip/libzip/zip_encryption_method_supported.html
#20 16.04 -- Installing: /usr/local/share/doc/libzip/libzip/zip_error_clear.html
#20 16.04 -- Installing: /usr/local/share/doc/libzip/libzip/zip_error_code_system.html
#20 16.04 -- Installing: /usr/local/share/doc/libzip/libzip/zip_error_code_zip.html
#20 16.04 -- Installing: /usr/local/share/doc/libzip/libzip/zip_error_fini.html
#20 16.04 -- Installing: /usr/local/share/doc/libzip/libzip/zip_error_get.html
#20 16.04 -- Installing: /usr/local/share/doc/libzip/libzip/zip_error_get_sys_type.html
#20 16.04 -- Installing: /usr/local/share/doc/libzip/libzip/zip_error_init.html
#20 16.04 -- Installing: /usr/local/share/doc/libzip/libzip/zip_error_set.html
#20 16.04 -- Installing: /usr/local/share/doc/libzip/libzip/zip_error_strerror.html
#20 16.04 -- Installing: /usr/local/share/doc/libzip/libzip/zip_error_system_type.html
#20 16.04 -- Installing: /usr/local/share/doc/libzip/libzip/zip_error_to_data.html
#20 16.04 -- Installing: /usr/local/share/doc/libzip/libzip/zip_error_to_str.html
#20 16.04 -- Installing: /usr/local/share/doc/libzip/libzip/zip_errors.html
#20 16.04 -- Installing: /usr/local/share/doc/libzip/libzip/zip_fclose.html
#20 16.04 -- Installing: /usr/local/share/doc/libzip/libzip/zip_fdopen.html
#20 16.04 -- Installing: /usr/local/share/doc/libzip/libzip/zip_file_add.html
#20 16.04 -- Installing: /usr/local/share/doc/libzip/libzip/zip_file_attributes_init.html
#20 16.04 -- Installing: /usr/local/share/doc/libzip/libzip/zip_file_extra_field_delete.html
#20 16.04 -- Installing: /usr/local/share/doc/libzip/libzip/zip_file_extra_field_get.html
#20 16.04 -- Installing: /usr/local/share/doc/libzip/libzip/zip_file_extra_field_set.html
#20 16.04 -- Installing: /usr/local/share/doc/libzip/libzip/zip_file_extra_fields_count.html
#20 16.04 -- Installing: /usr/local/share/doc/libzip/libzip/zip_file_get_comment.html
#20 16.04 -- Installing: /usr/local/share/doc/libzip/libzip/zip_file_get_error.html
#20 16.04 -- Installing: /usr/local/share/doc/libzip/libzip/zip_file_get_external_attributes.html
#20 16.04 -- Installing: /usr/local/share/doc/libzip/libzip/zip_file_rename.html
#20 16.04 -- Installing: /usr/local/share/doc/libzip/libzip/zip_file_set_comment.html
#20 16.04 -- Installing: /usr/local/share/doc/libzip/libzip/zip_file_set_encryption.html
#20 16.04 -- Installing: /usr/local/share/doc/libzip/libzip/zip_file_set_external_attributes.html
#20 16.04 -- Installing: /usr/local/share/doc/libzip/libzip/zip_file_set_mtime.html
#20 16.04 -- Installing: /usr/local/share/doc/libzip/libzip/zip_file_strerror.html
#20 16.04 -- Installing: /usr/local/share/doc/libzip/libzip/zip_fopen.html
#20 16.04 -- Installing: /usr/local/share/doc/libzip/libzip/zip_fopen_encrypted.html
#20 16.05 -- Installing: /usr/local/share/doc/libzip/libzip/zip_fread.html
#20 16.05 -- Installing: /usr/local/share/doc/libzip/libzip/zip_fseek.html
#20 16.05 -- Installing: /usr/local/share/doc/libzip/libzip/zip_ftell.html
#20 16.05 -- Installing: /usr/local/share/doc/libzip/libzip/zip_get_archive_comment.html
#20 16.05 -- Installing: /usr/local/share/doc/libzip/libzip/zip_get_archive_flag.html
#20 16.05 -- Installing: /usr/local/share/doc/libzip/libzip/zip_get_error.html
#20 16.05 -- Installing: /usr/local/share/doc/libzip/libzip/zip_get_file_comment.html
#20 16.05 -- Installing: /usr/local/share/doc/libzip/libzip/zip_get_name.html
#20 16.05 -- Installing: /usr/local/share/doc/libzip/libzip/zip_get_num_entries.html
#20 16.05 -- Installing: /usr/local/share/doc/libzip/libzip/zip_get_num_files.html
#20 16.05 -- Installing: /usr/local/share/doc/libzip/libzip/zip_libzip_version.html
#20 16.05 -- Installing: /usr/local/share/doc/libzip/libzip/zip_name_locate.html
#20 16.05 -- Installing: /usr/local/share/doc/libzip/libzip/zip_open.html
#20 16.05 -- Installing: /usr/local/share/doc/libzip/libzip/zip_register_cancel_callback_with_state.html
#20 16.05 -- Installing: /usr/local/share/doc/libzip/libzip/zip_register_progress_callback.html
#20 16.05 -- Installing: /usr/local/share/doc/libzip/libzip/zip_register_progress_callback_with_state.html
#20 16.05 -- Installing: /usr/local/share/doc/libzip/libzip/zip_rename.html
#20 16.05 -- Installing: /usr/local/share/doc/libzip/libzip/zip_set_archive_comment.html
#20 16.05 -- Installing: /usr/local/share/doc/libzip/libzip/zip_set_archive_flag.html
#20 16.05 -- Installing: /usr/local/share/doc/libzip/libzip/zip_set_default_password.html
#20 16.05 -- Installing: /usr/local/share/doc/libzip/libzip/zip_set_file_comment.html
#20 16.05 -- Installing: /usr/local/share/doc/libzip/libzip/zip_set_file_compression.html
#20 16.05 -- Installing: /usr/local/share/doc/libzip/libzip/zip_source.html
#20 16.05 -- Installing: /usr/local/share/doc/libzip/libzip/zip_source_begin_write.html
#20 16.05 -- Installing: /usr/local/share/doc/libzip/libzip/zip_source_buffer.html
#20 16.05 -- Installing: /usr/local/share/doc/libzip/libzip/zip_source_buffer_fragment.html
#20 16.05 -- Installing: /usr/local/share/doc/libzip/libzip/zip_source_close.html
#20 16.05 -- Installing: /usr/local/share/doc/libzip/libzip/zip_source_commit_write.html
#20 16.05 -- Installing: /usr/local/share/doc/libzip/libzip/zip_source_error.html
#20 16.05 -- Installing: /usr/local/share/doc/libzip/libzip/zip_source_file.html
#20 16.05 -- Installing: /usr/local/share/doc/libzip/libzip/zip_source_filep.html
#20 16.05 -- Installing: /usr/local/share/doc/libzip/libzip/zip_source_free.html
#20 16.05 -- Installing: /usr/local/share/doc/libzip/libzip/zip_source_function.html
#20 16.05 -- Installing: /usr/local/share/doc/libzip/libzip/zip_source_is_deleted.html
#20 16.05 -- Installing: /usr/local/share/doc/libzip/libzip/zip_source_keep.html
#20 16.05 -- Installing: /usr/local/share/doc/libzip/libzip/zip_source_make_command_bitmap.html
#20 16.05 -- Installing: /usr/local/share/doc/libzip/libzip/zip_source_open.html
#20 16.06 -- Installing: /usr/local/share/doc/libzip/libzip/zip_source_read.html
#20 16.06 -- Installing: /usr/local/share/doc/libzip/libzip/zip_source_rollback_write.html
#20 16.06 -- Installing: /usr/local/share/doc/libzip/libzip/zip_source_seek.html
#20 16.06 -- Installing: /usr/local/share/doc/libzip/libzip/zip_source_seek_compute_offset.html
#20 16.06 -- Installing: /usr/local/share/doc/libzip/libzip/zip_source_seek_write.html
#20 16.06 -- Installing: /usr/local/share/doc/libzip/libzip/zip_source_stat.html
#20 16.06 -- Installing: /usr/local/share/doc/libzip/libzip/zip_source_tell.html
#20 16.06 -- Installing: /usr/local/share/doc/libzip/libzip/zip_source_tell_write.html
#20 16.06 -- Installing: /usr/local/share/doc/libzip/libzip/zip_source_win32a.html
#20 16.06 -- Installing: /usr/local/share/doc/libzip/libzip/zip_source_win32handle.html
#20 16.06 -- Installing: /usr/local/share/doc/libzip/libzip/zip_source_win32w.html
#20 16.06 -- Installing: /usr/local/share/doc/libzip/libzip/zip_source_window.html
#20 16.06 -- Installing: /usr/local/share/doc/libzip/libzip/zip_source_write.html
#20 16.06 -- Installing: /usr/local/share/doc/libzip/libzip/zip_source_zip.html
#20 16.06 -- Installing: /usr/local/share/doc/libzip/libzip/zip_stat.html
#20 16.06 -- Installing: /usr/local/share/doc/libzip/libzip/zip_stat_init.html
#20 16.06 -- Installing: /usr/local/share/doc/libzip/libzip/zip_unchange.html
#20 16.06 -- Installing: /usr/local/share/doc/libzip/libzip/zip_unchange_all.html
#20 16.06 -- Installing: /usr/local/share/doc/libzip/libzip/zip_unchange_archive.html
#20 16.06 -- Installing: /usr/local/share/doc/libzip/libzip/zipcmp.html
#20 16.06 -- Installing: /usr/local/share/doc/libzip/libzip/zipmerge.html
#20 16.06 -- Installing: /usr/local/share/doc/libzip/libzip/ziptool.html
#20 16.06 -- Installing: /usr/local/share/doc/libzip/libzip/zip_replace.html
#20 16.06 -- Installing: /usr/local/share/doc/libzip/libzip/zip_file_error_clear.html
#20 16.06 -- Installing: /usr/local/share/doc/libzip/libzip/zip_file_error_get.html
#20 16.06 -- Installing: /usr/local/share/doc/libzip/libzip/zip_error_init_with_code.html
#20 16.06 -- Installing: /usr/local/share/doc/libzip/libzip/zip_file_replace.html
#20 16.06 -- Installing: /usr/local/share/doc/libzip/libzip/zip_file_extra_field_delete_by_id.html
#20 16.06 -- Installing: /usr/local/share/doc/libzip/libzip/zip_file_extra_field_get_by_id.html
#20 16.06 -- Installing: /usr/local/share/doc/libzip/libzip/zip_file_extra_fields_count_by_id.html
#20 16.06 -- Installing: /usr/local/share/doc/libzip/libzip/zip_file_set_dostime.html
#20 16.06 -- Installing: /usr/local/share/doc/libzip/libzip/zip_strerror.html
#20 16.06 -- Installing: /usr/local/share/doc/libzip/libzip/zip_fopen_index.html
#20 16.06 -- Installing: /usr/local/share/doc/libzip/libzip/zip_fopen_index_encrypted.html
#20 16.06 -- Installing: /usr/local/share/doc/libzip/libzip/zip_open_from_source.html
#20 16.06 -- Installing: /usr/local/share/doc/libzip/libzip/zip_source_begin_write_cloning.html
#20 16.06 -- Installing: /usr/local/share/doc/libzip/libzip/zip_source_buffer_create.html
#20 16.06 -- Installing: /usr/local/share/doc/libzip/libzip/zip_source_buffer_fragment_create.html
#20 16.06 -- Installing: /usr/local/share/doc/libzip/libzip/zip_source_file_create.html
#20 16.06 -- Installing: /usr/local/share/doc/libzip/libzip/zip_source_filep_create.html
#20 16.06 -- Installing: /usr/local/share/doc/libzip/libzip/zip_source_function_create.html
#20 16.06 -- Installing: /usr/local/share/doc/libzip/libzip/zip_source_win32a_create.html
#20 16.06 -- Installing: /usr/local/share/doc/libzip/libzip/zip_source_win32handle_create.html
#20 16.07 -- Installing: /usr/local/share/doc/libzip/libzip/zip_source_win32w_create.html
#20 16.07 -- Installing: /usr/local/share/doc/libzip/libzip/zip_stat_index.html
#20 16.07 -- Installing: /usr/local/bin/zipcmp
#20 16.07 -- Installing: /usr/local/bin/zipmerge
#20 16.07 -- Installing: /usr/local/bin/ziptool
#20 16.07 + cd /src
#20 16.07 + tar xzf bzip2-1.0.8.tar.gz
#20 16.11 + rm -f bzip2-1.0.8.tar.gz
#20 16.11 + cd bzip2-1.0.8
#20 16.11 + SRCL=(blocksort.o huffman.o crctable.o randtable.o compress.o decompress.o bzlib.o)
#20 16.11 + for source in ${SRCL[@]}
#20 16.11 ++ basename blocksort.o .o
#20 16.11 + name=blocksort
#20 16.11 + clang -DFUZZING_BUILD_MODE_UNSAFE_FOR_PRODUCTION -pthread -Wl,--no-as-needed -Wl,-ldl -Wl,-lm -Wno-unused-command-line-argument -O3 -fsanitize-coverage=trace-pc-guard -c blocksort.c
#20 16.82 + for source in ${SRCL[@]}
#20 16.82 ++ basename huffman.o .o
#20 16.82 + name=huffman
#20 16.82 + clang -DFUZZING_BUILD_MODE_UNSAFE_FOR_PRODUCTION -pthread -Wl,--no-as-needed -Wl,-ldl -Wl,-lm -Wno-unused-command-line-argument -O3 -fsanitize-coverage=trace-pc-guard -c huffman.c
#20 16.99 + for source in ${SRCL[@]}
#20 17.00 ++ basename crctable.o .o
#20 17.00 + name=crctable
#20 17.00 + clang -DFUZZING_BUILD_MODE_UNSAFE_FOR_PRODUCTION -pthread -Wl,--no-as-needed -Wl,-ldl -Wl,-lm -Wno-unused-command-line-argument -O3 -fsanitize-coverage=trace-pc-guard -c crctable.c
#20 17.04 + for source in ${SRCL[@]}
#20 17.04 ++ basename randtable.o .o
#20 17.04 + name=randtable
#20 17.04 + clang -DFUZZING_BUILD_MODE_UNSAFE_FOR_PRODUCTION -pthread -Wl,--no-as-needed -Wl,-ldl -Wl,-lm -Wno-unused-command-line-argument -O3 -fsanitize-coverage=trace-pc-guard -c randtable.c
#20 17.08 + for source in ${SRCL[@]}
#20 17.08 ++ basename compress.o .o
#20 17.09 + name=compress
#20 17.09 + clang -DFUZZING_BUILD_MODE_UNSAFE_FOR_PRODUCTION -pthread -Wl,--no-as-needed -Wl,-ldl -Wl,-lm -Wno-unused-command-line-argument -O3 -fsanitize-coverage=trace-pc-guard -c compress.c
#20 18.06 + for source in ${SRCL[@]}
#20 18.06 ++ basename decompress.o .o
#20 18.06 + name=decompress
#20 18.06 + clang -DFUZZING_BUILD_MODE_UNSAFE_FOR_PRODUCTION -pthread -Wl,--no-as-needed -Wl,-ldl -Wl,-lm -Wno-unused-command-line-argument -O3 -fsanitize-coverage=trace-pc-guard -c decompress.c
#20 19.55 + for source in ${SRCL[@]}
#20 19.55 ++ basename bzlib.o .o
#20 19.55 + name=bzlib
#20 19.55 + clang -DFUZZING_BUILD_MODE_UNSAFE_FOR_PRODUCTION -pthread -Wl,--no-as-needed -Wl,-ldl -Wl,-lm -Wno-unused-command-line-argument -O3 -fsanitize-coverage=trace-pc-guard -c bzlib.c
#20 20.18 + rm -f libbz2.a
#20 20.19 + ar cq libbz2.a blocksort.o huffman.o crctable.o randtable.o compress.o decompress.o bzlib.o
#20 20.19 + cp -f bzlib.h /usr/local/include
#20 20.20 + cp -f libbz2.a /usr/local/lib
#20 20.20 + cd /src
#20 20.20 + cd xz
#20 20.20 + ./autogen.sh
#20 20.20 + autopoint -f
#20 20.36 autopoint: using AM_GNU_GETTEXT_REQUIRE_VERSION instead of AM_GNU_GETTEXT_VERSION
#20 21.92 Copying file ABOUT-NLS
#20 21.93 Copying file build-aux/config.rpath
#20 22.11 Copying file m4/codeset.m4
#20 22.13 Copying file m4/extern-inline.m4
#20 22.15 Copying file m4/fcntl-o.m4
#20 22.16 Copying file m4/gettext.m4
#20 22.18 Copying file m4/glibc2.m4
#20 22.19 Copying file m4/glibc21.m4
#20 22.21 Copying file m4/iconv.m4
#20 22.23 Copying file m4/intdiv0.m4
#20 22.24 Copying file m4/intl.m4
#20 22.26 Copying file m4/intldir.m4
#20 22.27 Copying file m4/intlmacosx.m4
#20 22.29 Copying file m4/intmax.m4
#20 22.31 Copying file m4/inttypes-pri.m4
#20 22.32 Copying file m4/inttypes_h.m4
#20 22.34 Copying file m4/lcmessage.m4
#20 22.35 Copying file m4/lib-ld.m4
#20 22.37 Copying file m4/lib-link.m4
#20 22.38 Copying file m4/lib-prefix.m4
#20 22.40 Copying file m4/lock.m4
#20 22.41 Copying file m4/longlong.m4
#20 22.43 Copying file m4/nls.m4
#20 22.45 Copying file m4/po.m4
#20 22.46 Copying file m4/printf-posix.m4
#20 22.48 Copying file m4/progtest.m4
#20 22.49 Copying file m4/size_max.m4
#20 22.51 Copying file m4/stdint_h.m4
#20 22.53 Copying file m4/threadlib.m4
#20 22.54 Copying file m4/uintmax_t.m4
#20 22.57 Copying file m4/wchar_t.m4
#20 22.59 Copying file m4/wint_t.m4
#20 22.60 Copying file m4/xsize.m4
#20 22.62 Copying file po/Makefile.in.in
#20 22.63 Copying file po/Makevars.template
#20 22.65 Copying file po/Rules-quot
#20 22.66 Copying file po/boldquot.sed
#20 22.68 Copying file po/en@boldquot.header
#20 22.69 Copying file po/en@quot.header
#20 22.71 Copying file po/insert-header.sin
#20 22.73 Copying file po/quot.sed
#20 22.74 Copying file po/remove-potcdate.sin
#20 22.75 + libtoolize -c -f
#20 23.08 libtoolize: putting auxiliary files in AC_CONFIG_AUX_DIR, 'build-aux'.
#20 23.08 libtoolize: copying file 'build-aux/ltmain.sh'
#20 23.13 libtoolize: putting macros in AC_CONFIG_MACRO_DIRS, 'm4'.
#20 23.13 libtoolize: copying file 'm4/libtool.m4'
#20 23.14 libtoolize: copying file 'm4/ltoptions.m4'
#20 23.15 libtoolize: copying file 'm4/ltsugar.m4'
#20 23.16 libtoolize: copying file 'm4/ltversion.m4'
#20 23.17 libtoolize: copying file 'm4/lt~obsolete.m4'
#20 23.19 + aclocal -I m4
#20 26.29 + autoconf
#20 27.39 + autoheader
#20 27.70 + automake -acf --foreign
#20 28.76 configure.ac:576: installing 'build-aux/compile'
#20 28.76 configure.ac:33: installing 'build-aux/config.guess'
#20 28.76 configure.ac:33: installing 'build-aux/config.sub'
#20 28.77 configure.ac:573: installing 'build-aux/install-sh'
#20 28.77 configure.ac:573: installing 'build-aux/missing'
#20 28.87 debug/Makefile.am: installing 'build-aux/depcomp'
#20 29.75 + test x != x--no-po4a
#20 29.75 + cd po4a
#20 29.75 + sh update-po
#20 29.75 + po4a --force --verbose --package-name=XZ Utils --package-version=5.3.2alpha --copyright-holder=This file is put in the public domain. po4a.conf
#20 30.31 Creating xz-man.pot:
#20 30.31  (641 entries)
#20 30.31 Updating de.po: 
#20 30.43 ..................................................................................................................................... done.
#20 30.46 de.po: 589 translated messages, 50 fuzzy translations, 2 untranslated messages.
#20 30.46 Updating fr_FR.po: 
#20 30.57 ................................................................................................................................ done.
#20 30.61 fr_FR.po: 589 translated messages, 50 fuzzy translations, 2 untranslated messages.
#20 31.02 man/de/xz.1 is 95.18% translated (732 of 769 strings).
#20 31.05 man/de/xzdec.1 is 100% translated (39 strings).
#20 31.06 man/de/lzmainfo.1 is 100% translated (21 strings).
#20 31.08 man/de/xzdiff.1 is 83.33% translated (15 of 18 strings).
#20 31.10 Discard man/de/xzgrep.1 (10 of 22 strings; only 45.45% translated; need 80%).
#20 31.11 man/de/xzless.1 is 100% translated (20 strings).
#20 31.13 man/de/xzmore.1 is 100% translated (19 strings).
#20 31.32 ../src/xz/xz.1:940: (po4a::man)
#20 31.32 Unknown '<' or '>' sequence. Faulty message: Lors de la compression, si plus que <temps_d'attente> millisecondes (un
#20 31.32 entier positif) se sont coules depuis le prcdent vidage et que lire plus
#20 31.32 de donnes bloquerait, toutes les donnes d'entre en attente sont vides de
#20 31.32 l'encodeur et mises  disposition dans le flux de sortie. Cela peut tre
#20 31.32 utile si \fBxz\fP  est utilis pour compresser les donnes qui sont diffuses
#20 31.32 sur un rseau. Des petites valeurs de \fItemps_d'attente\fP rendent les donnes
#20 31.32 disponibles  l'extrmit rceptrice avec un lger retard, mais les grandes
#20 31.32 valeurs de \fItemps_d'attente\fP donnent un meilleur taux de compression.
#20 31.32 
#20 31.33 Traceback (most recent call last):
#20 31.33   File "<string>", line 1, in <module>
#20 31.33   File "/src/fuzzers/afl/fuzzer.py", line 40, in build
#20 31.33     utils.build_benchmark()
#20 31.33   File "/src/fuzzers/utils.py", line 82, in build_benchmark
#20 31.33     subprocess.check_call(['/bin/bash', '-ex', build_script], env=env)
#20 31.33   File "/usr/local/lib/python3.8/subprocess.py", line 364, in check_call
#20 31.33     raise CalledProcessError(retcode, cmd)
#20 31.33 subprocess.CalledProcessError: Command '['/bin/bash', '-ex', '/src/build.sh']' returned non-zero exit status 255.
#20 ERROR: executor failed running [/bin/sh -c echo "Run fuzzer_build to build the target" && if [ -z "$debug_builder" ] ; then fuzzer_build; fi]: exit code: 1
------
 > importing cache manifest from gcr.io/fuzzbench/builders/afl/karchive_karchive_fuzzer:
------
------
 > [stage-1 13/13] RUN echo "Run fuzzer_build to build the target" && if [ -z "$debug_builder" ] ; then fuzzer_build; fi:
------
executor failed running [/bin/sh -c echo "Run fuzzer_build to build the target" && if [ -z "$debug_builder" ] ; then fuzzer_build; fi]: exit code: 1
make: *** [docker/generated.mk:2688265: .afl-karchive_karchive_fuzzer-builder] Error 1
