WARNING:root:gcloud not found in PATH.
INFO:root:Successfully integrated benchmark: jansson_jansson.
INFO:root:Please run "make test-run-afl-jansson_jansson" to test integration.
#1 [internal] load build definition from Dockerfile
#1 sha256:e99aa5b0c5f531a0d512f8aa0644881c996986fc059d838082d4b1f3064d4bb6
#1 transferring dockerfile: 888B done
#1 DONE 0.1s

#2 [internal] load .dockerignore
#2 sha256:f0bc6beba613c66d0427ae182aecb0638bbf1140a08c29210c977186aacfea0e
#2 transferring context: 2B done
#2 DONE 0.2s

#3 [internal] load metadata for gcr.io/oss-fuzz-base/base-builder:latest
#3 sha256:f10dc39cc9d418a5bc416dead31a1902b6821fdae909cd3b08f7a3fd1faba7b5
#3 DONE 0.6s

#8 [internal] load build context
#8 sha256:c584c6a7484734fe61a56796957cf7792bedd08e273d151f74850b519a364503
#8 DONE 0.0s

#5 [1/4] FROM gcr.io/oss-fuzz-base/base-builder@sha256:112044a9815d235113677d459cf2ece740a51f2b85081c8f66943dcdc72ddf7f
#5 sha256:4aee4bf9f7280ac8b7f02b8d29e6e084dd034d2c294b4e3e05d8ce7048a1450f
#5 DONE 0.0s

#4 importing cache manifest from gcr.io/fuzzbench/builders/benchmark/jansson_jansson
#4 sha256:d0918eef45a407b6032dbec40e66102156d3746d8667a54d74a38bc193e6a798
#4 ERROR: gcr.io/fuzzbench/builders/benchmark/jansson_jansson:latest: not found

#5 [1/4] FROM gcr.io/oss-fuzz-base/base-builder@sha256:112044a9815d235113677d459cf2ece740a51f2b85081c8f66943dcdc72ddf7f
#5 sha256:4aee4bf9f7280ac8b7f02b8d29e6e084dd034d2c294b4e3e05d8ce7048a1450f
#5 CACHED

#8 [internal] load build context
#8 sha256:c584c6a7484734fe61a56796957cf7792bedd08e273d151f74850b519a364503
#8 transferring context: 781B done
#8 DONE 0.1s

#6 [2/4] RUN git clone --depth 1 https://github.com/akheron/jansson.git /src/jansson
#6 sha256:383016e289cf3758f12cc23eb8e2b865aa05c3d7462c57b98d56d9d3e94b0b2b
#6 0.572 Cloning into '/src/jansson'...
#6 DONE 1.4s

#7 [3/4] WORKDIR /src/jansson
#7 sha256:e4beb9daea277f9b6589ecb28dc249be51ac59af9261ae1fd306af0f170e24ba
#7 DONE 0.1s

#9 [4/4] COPY build.sh /src/
#9 sha256:6d63952b2754b3c2c566e89ac02d98119a5c9311fef315e72b48d988505b5856
#9 DONE 0.1s

#10 exporting to image
#10 sha256:e8c613e07b0b7ff33893b694f7759a10d42e180f2b4dc349fb57dc6b71dcab00
#10 exporting layers done
#10 writing image sha256:fdcea2fd6fa07777c0d64574ad2adcd0b5862ea5c15cbc6c90dc8e710fd57b3b done
#10 naming to gcr.io/fuzzbench/builders/benchmark/jansson_jansson done
#10 DONE 0.1s

#11 exporting cache
#11 sha256:2700d4ef94dee473593c5c614b55b2dedcca7893909811a8f2b48291a1f581e4
#11 preparing build cache for export done
#11 DONE 0.0s
------
 > importing cache manifest from gcr.io/fuzzbench/builders/benchmark/jansson_jansson:
------
#1 [internal] load build definition from builder.Dockerfile
#1 sha256:fbd9b044bae505b78edd8cd355edd8413e20d209b89280a937653a2240bbd663
#1 transferring dockerfile: 1.35kB done
#1 DONE 0.0s

#2 [internal] load .dockerignore
#2 sha256:ee6def50a1def793d2a1e4de1db9b696a7f3818850b9ca0e8871a48aadf6fbff
#2 transferring context: 2B done
#2 DONE 0.0s

#3 [internal] load metadata for gcr.io/fuzzbench/builders/benchmark/jansson_jansson:latest
#3 sha256:f9acbf4a1f586fb91c6bca3a2f4cb1676b6c1ef5e1c42cb05699a17586ee784b
#3 DONE 0.0s

#7 [1/3] FROM gcr.io/fuzzbench/builders/benchmark/jansson_jansson
#7 sha256:27c5f9227932bd580d0db4348703b09ff8dffb64936d5f16dde6d2690bb7585e
#7 DONE 0.0s

#4 importing cache manifest from gcr.io/fuzzbench/builders/afl/jansson_jansson-intermediate
#4 sha256:f4a7b84c5f23d33301924ff046695698e2954770c15612d5aa0f6bdb820e7c3e
#4 ERROR: gcr.io/fuzzbench/builders/afl/jansson_jansson-intermediate:latest: not found

#7 [1/3] FROM gcr.io/fuzzbench/builders/benchmark/jansson_jansson
#7 sha256:27c5f9227932bd580d0db4348703b09ff8dffb64936d5f16dde6d2690bb7585e
#7 DONE 0.4s

#5 [2/3] RUN git clone https://github.com/google/AFL.git /afl &&     cd /afl &&     git checkout 61037103ae3722c8060ff7082994836a794f978e &&     AFL_NO_X86=1 make
#5 sha256:c8d15923aa339fb2117cc47377da8381717dc7da4addb78d846a81b9733586a6
#5 0.378 Cloning into '/afl'...
#5 1.096 Note: switching to '61037103ae3722c8060ff7082994836a794f978e'.
#5 1.096 
#5 1.096 You are in 'detached HEAD' state. You can look around, make experimental
#5 1.096 changes and commit them, and you can discard any commits you make in this
#5 1.096 state without impacting any branches by switching back to a branch.
#5 1.096 
#5 1.096 If you want to create a new branch to retain commits you create, you may
#5 1.096 do so (now or later) by using -c with the switch command. Example:
#5 1.096 
#5 1.096   git switch -c <new-branch-name>
#5 1.096 
#5 1.096 Or undo this operation with:
#5 1.096 
#5 1.096   git switch -
#5 1.096 
#5 1.096 Turn off this advice by setting config variable advice.detachedHead to false
#5 1.096 
#5 1.096 HEAD is now at 6103710 Fix a typo filename comparison in the fuzzer (#139)
#5 1.138 [!] Note: skipping x86 compilation checks (AFL_NO_X86 set).
#5 1.138 clang -O1 -fno-omit-frame-pointer -gline-tables-only -DFUZZING_BUILD_MODE_UNSAFE_FOR_PRODUCTION -Wall -D_FORTIFY_SOURCE=2 -g -Wno-pointer-sign -DAFL_PATH=\"/usr/local/lib/afl\" -DDOC_PATH=\"/usr/local/share/doc/afl\" -DBIN_PATH=\"/usr/local/bin\" afl-gcc.c -o afl-gcc -ldl
#5 1.318 set -e; for i in afl-g++ afl-clang afl-clang++; do ln -sf afl-gcc $i; done
#5 1.322 clang -O1 -fno-omit-frame-pointer -gline-tables-only -DFUZZING_BUILD_MODE_UNSAFE_FOR_PRODUCTION -Wall -D_FORTIFY_SOURCE=2 -g -Wno-pointer-sign -DAFL_PATH=\"/usr/local/lib/afl\" -DDOC_PATH=\"/usr/local/share/doc/afl\" -DBIN_PATH=\"/usr/local/bin\" afl-fuzz.c -o afl-fuzz -ldl
#5 4.068 clang -O1 -fno-omit-frame-pointer -gline-tables-only -DFUZZING_BUILD_MODE_UNSAFE_FOR_PRODUCTION -Wall -D_FORTIFY_SOURCE=2 -g -Wno-pointer-sign -DAFL_PATH=\"/usr/local/lib/afl\" -DDOC_PATH=\"/usr/local/share/doc/afl\" -DBIN_PATH=\"/usr/local/bin\" afl-showmap.c -o afl-showmap -ldl
#5 4.429 clang -O1 -fno-omit-frame-pointer -gline-tables-only -DFUZZING_BUILD_MODE_UNSAFE_FOR_PRODUCTION -Wall -D_FORTIFY_SOURCE=2 -g -Wno-pointer-sign -DAFL_PATH=\"/usr/local/lib/afl\" -DDOC_PATH=\"/usr/local/share/doc/afl\" -DBIN_PATH=\"/usr/local/bin\" afl-tmin.c -o afl-tmin -ldl
#5 4.874 clang -O1 -fno-omit-frame-pointer -gline-tables-only -DFUZZING_BUILD_MODE_UNSAFE_FOR_PRODUCTION -Wall -D_FORTIFY_SOURCE=2 -g -Wno-pointer-sign -DAFL_PATH=\"/usr/local/lib/afl\" -DDOC_PATH=\"/usr/local/share/doc/afl\" -DBIN_PATH=\"/usr/local/bin\" afl-gotcpu.c -o afl-gotcpu -ldl
#5 5.026 clang -O1 -fno-omit-frame-pointer -gline-tables-only -DFUZZING_BUILD_MODE_UNSAFE_FOR_PRODUCTION -Wall -D_FORTIFY_SOURCE=2 -g -Wno-pointer-sign -DAFL_PATH=\"/usr/local/lib/afl\" -DDOC_PATH=\"/usr/local/share/doc/afl\" -DBIN_PATH=\"/usr/local/bin\" afl-analyze.c -o afl-analyze -ldl
#5 5.430 clang -O1 -fno-omit-frame-pointer -gline-tables-only -DFUZZING_BUILD_MODE_UNSAFE_FOR_PRODUCTION -Wall -D_FORTIFY_SOURCE=2 -g -Wno-pointer-sign -DAFL_PATH=\"/usr/local/lib/afl\" -DDOC_PATH=\"/usr/local/share/doc/afl\" -DBIN_PATH=\"/usr/local/bin\" afl-as.c -o afl-as -ldl
#5 5.667 ln -sf afl-as as
#5 5.670 [!] Note: skipping build tests (you may need to use LLVM or QEMU mode).
#5 5.672 [+] LLVM users: see llvm_mode/README.llvm for a faster alternative to afl-gcc.
#5 5.673 [+] All done! Be sure to review README - it's pretty short and useful.
#5 DONE 6.3s

#6 [3/3] RUN apt-get update &&     apt-get install wget -y &&     wget https://raw.githubusercontent.com/llvm/llvm-project/5feb80e748924606531ba28c97fe65145c65372e/compiler-rt/lib/fuzzer/afl/afl_driver.cpp -O /afl/afl_driver.cpp &&     clang -Wno-pointer-sign -c /afl/llvm_mode/afl-llvm-rt.o.c -I/afl &&     clang++ -stdlib=libc++ -std=c++11 -O2 -c /afl/afl_driver.cpp &&     ar r /libAFL.a *.o
#6 sha256:04cd0b7c4a3b1736b43dfaf32c2ac880f7050e48a00b380f2a808df89f1bb1b1
#6 0.825 Hit:1 http://archive.ubuntu.com/ubuntu focal InRelease
#6 0.825 Get:2 http://archive.ubuntu.com/ubuntu focal-updates InRelease [114 kB]
#6 0.827 Hit:3 http://ppa.launchpad.net/git-core/ppa/ubuntu focal InRelease
#6 0.827 Get:4 http://security.ubuntu.com/ubuntu focal-security InRelease [114 kB]
#6 0.919 Get:5 http://archive.ubuntu.com/ubuntu focal-backports InRelease [108 kB]
#6 1.401 Get:6 http://archive.ubuntu.com/ubuntu focal-updates/universe i386 Packages [827 kB]
#6 1.533 Get:7 http://archive.ubuntu.com/ubuntu focal-updates/main i386 Packages [755 kB]
#6 1.589 Get:8 http://archive.ubuntu.com/ubuntu focal-updates/universe amd64 Packages [1134 kB]
#6 1.672 Get:9 http://archive.ubuntu.com/ubuntu focal-updates/main amd64 Packages [1984 kB]
#6 2.629 Fetched 5036 kB in 1s (3993 kB/s)
#6 2.629 Reading package lists...
#6 4.468 Reading package lists...
#6 5.906 Building dependency tree...
#6 6.117 Reading state information...
#6 6.365 wget is already the newest version (1.20.3-1ubuntu2).
#6 6.365 0 upgraded, 0 newly installed, 0 to remove and 1 not upgraded.
#6 6.393 --2022-02-18 21:57:48--  https://raw.githubusercontent.com/llvm/llvm-project/5feb80e748924606531ba28c97fe65145c65372e/compiler-rt/lib/fuzzer/afl/afl_driver.cpp
#6 6.406 Resolving raw.githubusercontent.com (raw.githubusercontent.com)... 185.199.108.133, 185.199.111.133, 185.199.110.133, ...
#6 6.408 Connecting to raw.githubusercontent.com (raw.githubusercontent.com)|185.199.108.133|:443... connected.
#6 6.438 HTTP request sent, awaiting response... 200 OK
#6 6.611 Length: 9177 (9.0K) [text/plain]
#6 6.611 Saving to: '/afl/afl_driver.cpp'
#6 6.611 
#6 6.611      0K ........                                              100% 10.5M=0.001s
#6 6.612 
#6 6.612 2022-02-18 21:57:48 (10.5 MB/s) - '/afl/afl_driver.cpp' saved [9177/9177]
#6 6.612 
#6 8.432 ar: creating /libAFL.a
#6 DONE 9.2s

#8 exporting to image
#8 sha256:e8c613e07b0b7ff33893b694f7759a10d42e180f2b4dc349fb57dc6b71dcab00
#8 exporting layers done
#8 writing image sha256:f8a7e27873ed946e6447b5a9579e2d79c1141152d8b73c3855dc80cc4d95e5ac
#8 writing image sha256:f8a7e27873ed946e6447b5a9579e2d79c1141152d8b73c3855dc80cc4d95e5ac done
#8 naming to gcr.io/fuzzbench/builders/afl/jansson_jansson-intermediate done
#8 DONE 0.3s

#9 exporting cache
#9 sha256:2700d4ef94dee473593c5c614b55b2dedcca7893909811a8f2b48291a1f581e4
#9 preparing build cache for export done
#9 DONE 0.0s
------
 > importing cache manifest from gcr.io/fuzzbench/builders/afl/jansson_jansson-intermediate:
------
#1 [internal] load build definition from Dockerfile
#1 sha256:0aa42f88626d69c29213a14b1f1676ca253f314f0ff459ce96308dd6e5e8f861
#1 transferring dockerfile: 2.00kB done
#1 DONE 0.1s

#2 [internal] load .dockerignore
#2 sha256:305c520fae1112891e161c30224a5af06b38a72f878a7c3b8628b7ec09fe2a50
#2 transferring context: 34B done
#2 DONE 0.1s

#3 [internal] load metadata for docker.io/library/ubuntu:xenial
#3 sha256:f62bae18ed588840f045c881b2502661f2a89578a2f8f99b83f5200ee83dd25b
#3 DONE 0.0s

#5 [1/7] FROM docker.io/library/ubuntu:xenial
#5 sha256:14dd403f25ae9e519bd44f27dc17af7ce80f5a4f9f48ca88108364e67ec5d360
#5 DONE 0.0s

#4 importing cache manifest from gcr.io/fuzzbench/base-image
#4 sha256:9b220ebb4d4daceed1b96df9b6dca076e762f1cd612574f010b82d5b9e5ad896
#4 DONE 0.0s

#8 [internal] load build context
#8 sha256:cedc10e52904f86d7ed722926266528f066c1ece3eff47be3809cf9a6ca77ae9
#8 transferring context: 559B 0.2s done
#8 DONE 0.2s

#11 [6/7] RUN apt-get update -y && apt-get install -y     apt-transport-https     lsb-release
#11 sha256:06382d3fa9b32554529ae3797f758b290e7b6db652a244f3f1861cfcbc6665b4
#11 CACHED

#6 [2/7] RUN apt-get update -y && apt-get install -y     build-essential     rsync     curl     zlib1g-dev     libncurses5-dev     libgdbm-dev     libnss3-dev     libssl-dev     libreadline-dev     libffi-dev     virtualenv     libbz2-dev     liblzma-dev     libsqlite3-dev
#6 sha256:3a1b0960f17eed529eaae93dc8fd3554f2743dd584d8fa569cdbe6bc734371ac
#6 CACHED

#7 [3/7] RUN cd /tmp/ &&     curl -O https://www.python.org/ftp/python/3.8.6/Python-3.8.6.tar.xz &&     tar -xvf Python-3.8.6.tar.xz &&     cd Python-3.8.6 &&     ./configure --enable-loadable-sqlite-extensions --enable-optimizations &&     make -j install &&     rm -r /tmp/Python-3.8.6.tar.xz /tmp/Python-3.8.6
#7 sha256:c5b9d1fb3371e84dbc60b76e7b2f8d5913bc93bcd4910ab65daa03e7b2ec4bb0
#7 CACHED

#9 [4/7] COPY ./requirements.txt /
#9 sha256:da5dd493278c3f34f62ea494930f81f371adebff076ed58661e1ad46ddcefa9c
#9 CACHED

#10 [5/7] RUN pip3 install -r /requirements.txt
#10 sha256:b2ae688e707c5c8a31259a0c5e209cbbfaf67c14da366bb6996243fd04b911d7
#10 CACHED

#12 [7/7] RUN CLOUD_SDK_REPO="cloud-sdk-$(lsb_release -c -s)" &&     echo "deb https://packages.cloud.google.com/apt $CLOUD_SDK_REPO main"     | tee -a /etc/apt/sources.list.d/google-cloud-sdk.list &&     curl https://packages.cloud.google.com/apt/doc/apt-key.gpg     | apt-key add - &&     apt-get update -y &&     apt-get install -y google-cloud-sdk
#12 sha256:6b5acd00c87672bbca4a4100d3263d845ee2f004a9a7f123a361ca26db465d60
#12 CACHED

#13 exporting to image
#13 sha256:e8c613e07b0b7ff33893b694f7759a10d42e180f2b4dc349fb57dc6b71dcab00
#13 exporting layers done
#13 writing image sha256:b912c3e2a192c2a5792c1eb57a9f841f2bcff8a9d7fb9be34e4e6a7f1bd29c8e 0.0s done
#13 naming to gcr.io/fuzzbench/base-image done
#13 DONE 0.1s

#14 exporting cache
#14 sha256:2700d4ef94dee473593c5c614b55b2dedcca7893909811a8f2b48291a1f581e4
#14 preparing build cache for export done
#14 DONE 0.0s
#1 [internal] load build definition from Dockerfile
#1 sha256:93b2d3568b28a5efcc172d4ac55fc9eb32a85c143c17227f2122caf8d1e61a7c
#1 transferring dockerfile: 2.22kB done
#1 DONE 0.1s

#2 [internal] load .dockerignore
#2 sha256:a9f4a029c291fb435d73c074e6df0b1d42d0d396ac51481effcf25ae0993dc41
#2 transferring context: 34B done
#2 DONE 0.1s

#4 [internal] load metadata for gcr.io/fuzzbench/base-image:latest
#4 sha256:932022888f650cc455b10eb5123bb08c0cccacac29a693e69314abbfd28a72c3
#4 DONE 0.0s

#3 [internal] load metadata for gcr.io/fuzzbench/builders/afl/jansson_jansson-intermediate:latest
#3 sha256:51a4cbdea169ef9db609d7df2e074d96de7c325bf3d2e1f40816815a963d3538
#3 DONE 0.0s

#12 [internal] load build context
#12 sha256:035ce2ffca3b0f9255423e8619876f8b6a35ed783dbe8d0b403ffabf8f6d361d
#12 DONE 0.0s

#7 [base-image 1/1] FROM gcr.io/fuzzbench/base-image
#7 sha256:4d07825694520f8b6f6a0d8592dbd345433361ae044cb7f06706c5a95e3daaad
#7 DONE 0.0s

#6 [stage-1  1/13] FROM gcr.io/fuzzbench/builders/afl/jansson_jansson-intermediate
#6 sha256:096f45d8934013fe277027a2d8de2598456fa2d447cd47a23ac982bfc4ee9b95
#6 DONE 0.0s

#5 importing cache manifest from gcr.io/fuzzbench/builders/afl/jansson_jansson
#5 sha256:b7e25a4bd81938b199828db3b3ee182bb6329cd1c299efb97f1bf4d64e276cc3
#5 ERROR: gcr.io/fuzzbench/builders/afl/jansson_jansson:latest: not found

#7 [base-image 1/1] FROM gcr.io/fuzzbench/base-image
#7 sha256:4d07825694520f8b6f6a0d8592dbd345433361ae044cb7f06706c5a95e3daaad
#7 CACHED

#12 [internal] load build context
#12 sha256:035ce2ffca3b0f9255423e8619876f8b6a35ed783dbe8d0b403ffabf8f6d361d
#12 transferring context: 669.87kB 0.1s done
#12 DONE 0.1s

#6 [stage-1  1/13] FROM gcr.io/fuzzbench/builders/afl/jansson_jansson-intermediate
#6 sha256:096f45d8934013fe277027a2d8de2598456fa2d447cd47a23ac982bfc4ee9b95
#6 DONE 0.4s

#8 [stage-1  2/13] COPY --from=base-image /usr/local/bin/python3* /usr/local/bin/
#8 sha256:121b947db2214558b348ca34f204d6898a71ec8fd6b181b23c6aa2c2e3f33d35
#8 DONE 0.4s

#9 [stage-1  3/13] COPY --from=base-image /usr/local/lib/python3.8 /usr/local/lib/python3.8
#9 sha256:ef63d0104169e182ea6b3e0c0e6a2d9ca68cc5f40f4e88df0c0546d145cc8904
#9 DONE 22.1s

#10 [stage-1  4/13] COPY --from=base-image /usr/local/include/python3.8 /usr/local/include/python3.8
#10 sha256:e47169b66b858becd97c3811b247d2d7d81aaf97bf03f4073c1dcdc2d569b783
#10 DONE 0.3s

#11 [stage-1  5/13] COPY --from=base-image /usr/local/lib/python3.8/site-packages /usr/local/lib/python3.8/site-packages
#11 sha256:a19274ce2ca5c620305453a327ade7bbd03b9c210be19d032174d9c7c6a2261e
#11 DONE 30.6s

#13 [stage-1  6/13] COPY fuzzers /src/fuzzers
#13 sha256:fa6536e2f7a5ab2a47384da427d9037449b81b2e8ea1b1ce1e96c3af67c5cc94
#13 DONE 0.3s

#14 [stage-1  7/13] RUN touch /src/__init__.py
#14 sha256:98a83a0350c8cc48ee681f84ddbe728efea9775f716ad82c21969e34ff385ffa
#14 DONE 0.7s

#15 [stage-1  8/13] COPY benchmarks/jansson_jansson/benchmark.yaml /
#15 sha256:4a3df23f8540e8cde8e28a21aa3bff7519e932b89089ee07008d51bebc2da5da
#15 DONE 0.3s

#16 [stage-1  9/13] RUN mkdir /opt/fuzzbench/
#16 sha256:7c85afa685e53e503aa74ed9192c6252c5adc66111fd5db057395014cafe943e
#16 DONE 0.9s

#17 [stage-1 10/13] COPY docker/benchmark-builder/checkout_commit.py /opt/fuzzbench/
#17 sha256:0019ef97ff7a122a3607392d3176de15b82cd1a1b7b3e6662bc46d6850a1ee87
#17 DONE 1.0s

#18 [stage-1 11/13] RUN export CHECKOUT_COMMIT=$(cat /benchmark.yaml | tr -d ' ' | grep 'commit:' | cut -d ':' -f2) &&     python3 -u /opt/fuzzbench/checkout_commit.py $CHECKOUT_COMMIT /src
#18 sha256:962939c4a33e827035b6f9dba6ba03c5795c9485a9b927f5a278e4a349914eb1
#18 0.529 Checking out commit 0a1c3c67
#18 2.523 From https://github.com/akheron/jansson
#18 2.523  * [new tag]         v1.0       -> v1.0
#18 2.523  * [new tag]         v1.0.1     -> v1.0.1
#18 2.524  * [new tag]         v1.0.2     -> v1.0.2
#18 2.524  * [new tag]         v1.0.3     -> v1.0.3
#18 2.524  * [new tag]         v1.0.4     -> v1.0.4
#18 2.525  * [new tag]         v1.1       -> v1.1
#18 2.525  * [new tag]         v1.1.1     -> v1.1.1
#18 2.525  * [new tag]         v1.1.2     -> v1.1.2
#18 2.525  * [new tag]         v1.1.3     -> v1.1.3
#18 2.525  * [new tag]         v1.2       -> v1.2
#18 2.526  * [new tag]         v1.2.1     -> v1.2.1
#18 2.526  * [new tag]         v1.3       -> v1.3
#18 2.526  * [new tag]         v2.0       -> v2.0
#18 2.526  * [new tag]         v2.0.1     -> v2.0.1
#18 2.527  * [new tag]         v2.1       -> v2.1
#18 2.527  * [new tag]         v2.10      -> v2.10
#18 2.527  * [new tag]         v2.11      -> v2.11
#18 2.527  * [new tag]         v2.12      -> v2.12
#18 2.527  * [new tag]         v2.13      -> v2.13
#18 2.528  * [new tag]         v2.13.1    -> v2.13.1
#18 2.528  * [new tag]         v2.14      -> v2.14
#18 2.528  * [new tag]         v2.2       -> v2.2
#18 2.528  * [new tag]         v2.2.1     -> v2.2.1
#18 2.529  * [new tag]         v2.3       -> v2.3
#18 2.529  * [new tag]         v2.3.1     -> v2.3.1
#18 2.529  * [new tag]         v2.4       -> v2.4
#18 2.529  * [new tag]         v2.5       -> v2.5
#18 2.530  * [new tag]         v2.6       -> v2.6
#18 2.530  * [new tag]         v2.7       -> v2.7
#18 2.530  * [new tag]         v2.8       -> v2.8
#18 2.530  * [new tag]         v2.9       -> v2.9
#18 2.537 error: pathspec '0a1c3c67' did not match any file(s) known to git
#18 2.542 error: pathspec '0a1c3c67' did not match any file(s) known to git
#18 2.549 error: pathspec '0a1c3c67' did not match any file(s) known to git
#18 2.671 Checkout unsuccessful.
#18 DONE 3.2s

#19 [stage-1 12/13] RUN echo "#!/bin/bash\nPYTHONPATH=/src python3 -u -c "from fuzzers import utils; utils.initialize_env(); from fuzzers.afl import fuzzer; fuzzer.build()"" > /usr/bin/fuzzer_build &&     chmod +x /usr/bin/fuzzer_build
#19 sha256:f95f4a472377a5476c4ab9bc770da4ce6541ec04c76735effe7932a5904f5f6e
#19 DONE 1.0s

#20 [stage-1 13/13] RUN echo "Run fuzzer_build to build the target" && if [ -z "$debug_builder" ] ; then fuzzer_build; fi
#20 sha256:2340b3a0a2d16af64d0521e36cc38fd3f61a5b522c1e0d53611824359d08b9e3
#20 0.586 Run fuzzer_build to build the target
#20 0.723 FUZZ_TARGET = jansson
#20 0.723 CFLAGS = -DFUZZING_BUILD_MODE_UNSAFE_FOR_PRODUCTION -pthread -Wl,--no-as-needed -Wl,-ldl -Wl,-lm -Wno-unused-command-line-argument -O3
#20 0.723 CXXFLAGS = -DFUZZING_BUILD_MODE_UNSAFE_FOR_PRODUCTION -pthread -Wl,--no-as-needed -Wl,-ldl -Wl,-lm -Wno-unused-command-line-argument -stdlib=libc++ -O3
#20 0.730 Building benchmark jansson_jansson with fuzzer afl
#20 0.733 + ./test/ossfuzz/ossfuzz.sh
#20 0.736 CC: clang
#20 0.736 CXX: clang++
#20 0.736 LIB_FUZZING_ENGINE: /libAFL.a
#20 0.736 CFLAGS: -DFUZZING_BUILD_MODE_UNSAFE_FOR_PRODUCTION -pthread -Wl,--no-as-needed -Wl,-ldl -Wl,-lm -Wno-unused-command-line-argument -O3 -fsanitize-coverage=trace-pc-guard
#20 0.736 CXXFLAGS: -DFUZZING_BUILD_MODE_UNSAFE_FOR_PRODUCTION -pthread -Wl,--no-as-needed -Wl,-ldl -Wl,-lm -Wno-unused-command-line-argument -stdlib=libc++ -O3 -fsanitize-coverage=trace-pc-guard
#20 0.736 OUT: /out
#20 0.838 Reading package lists...
#20 2.464 Building dependency tree...
#20 2.694 Reading state information...
#20 2.904 The following additional packages will be installed:
#20 2.905   autoconf autotools-dev libltdl-dev libltdl7 libsigsegv2 m4
#20 2.907 Suggested packages:
#20 2.907   autoconf-archive gnu-standards autoconf-doc gettext libtool-doc gfortran
#20 2.907   | fortran95-compiler gcj-jdk m4-doc
#20 2.971 The following NEW packages will be installed:
#20 2.974   autoconf automake autotools-dev libltdl-dev libltdl7 libsigsegv2 libtool m4
#20 3.065 0 upgraded, 8 newly installed, 0 to remove and 1 not upgraded.
#20 3.065 Need to get 1457 kB of archives.
#20 3.065 After this operation, 6651 kB of additional disk space will be used.
#20 3.065 Get:1 http://archive.ubuntu.com/ubuntu focal/main amd64 libsigsegv2 amd64 2.12-2 [13.9 kB]
#20 3.092 Get:2 http://archive.ubuntu.com/ubuntu focal/main amd64 m4 amd64 1.4.18-4 [199 kB]
#20 3.166 Get:3 http://archive.ubuntu.com/ubuntu focal/main amd64 autoconf all 2.69-11.1 [321 kB]
#20 3.204 Get:4 http://archive.ubuntu.com/ubuntu focal/main amd64 autotools-dev all 20180224.1 [39.6 kB]
#20 3.209 Get:5 http://archive.ubuntu.com/ubuntu focal/main amd64 automake all 1:1.16.1-4ubuntu6 [522 kB]
#20 3.288 Get:6 http://archive.ubuntu.com/ubuntu focal/main amd64 libltdl7 amd64 2.4.6-14 [38.5 kB]
#20 3.294 Get:7 http://archive.ubuntu.com/ubuntu focal/main amd64 libltdl-dev amd64 2.4.6-14 [162 kB]
#20 3.319 Get:8 http://archive.ubuntu.com/ubuntu focal/main amd64 libtool all 2.4.6-14 [161 kB]
#20 3.630 debconf: delaying package configuration, since apt-utils is not installed
#20 3.718 Fetched 1457 kB in 0s (4103 kB/s)
#20 3.846 Selecting previously unselected package libsigsegv2:amd64.
#20 3.846 (Reading database ... (Reading database ... 5%(Reading database ... 10%(Reading database ... 15%(Reading database ... 20%(Reading database ... 25%(Reading database ... 30%(Reading database ... 35%(Reading database ... 40%(Reading database ... 45%(Reading database ... 50%(Reading database ... 55%(Reading database ... 60%(Reading database ... 65%(Reading database ... 70%(Reading database ... 75%(Reading database ... 80%(Reading database ... 85%(Reading database ... 90%(Reading database ... 95%(Reading database ... 100%(Reading database ... 21291 files and directories currently installed.)
#20 3.893 Preparing to unpack .../0-libsigsegv2_2.12-2_amd64.deb ...
#20 3.927 Unpacking libsigsegv2:amd64 (2.12-2) ...
#20 4.055 Selecting previously unselected package m4.
#20 4.057 Preparing to unpack .../1-m4_1.4.18-4_amd64.deb ...
#20 4.083 Unpacking m4 (1.4.18-4) ...
#20 4.260 Selecting previously unselected package autoconf.
#20 4.263 Preparing to unpack .../2-autoconf_2.69-11.1_all.deb ...
#20 4.281 Unpacking autoconf (2.69-11.1) ...
#20 4.651 Selecting previously unselected package autotools-dev.
#20 4.654 Preparing to unpack .../3-autotools-dev_20180224.1_all.deb ...
#20 4.697 Unpacking autotools-dev (20180224.1) ...
#20 4.925 Selecting previously unselected package automake.
#20 4.928 Preparing to unpack .../4-automake_1%3a1.16.1-4ubuntu6_all.deb ...
#20 4.948 Unpacking automake (1:1.16.1-4ubuntu6) ...
#20 5.161 Selecting previously unselected package libltdl7:amd64.
#20 5.164 Preparing to unpack .../5-libltdl7_2.4.6-14_amd64.deb ...
#20 5.181 Unpacking libltdl7:amd64 (2.4.6-14) ...
#20 5.292 Selecting previously unselected package libltdl-dev:amd64.
#20 5.295 Preparing to unpack .../6-libltdl-dev_2.4.6-14_amd64.deb ...
#20 5.313 Unpacking libltdl-dev:amd64 (2.4.6-14) ...
#20 5.451 Selecting previously unselected package libtool.
#20 5.454 Preparing to unpack .../7-libtool_2.4.6-14_all.deb ...
#20 5.472 Unpacking libtool (2.4.6-14) ...
#20 5.648 Setting up autotools-dev (20180224.1) ...
#20 5.701 Setting up libsigsegv2:amd64 (2.12-2) ...
#20 5.765 Setting up libltdl7:amd64 (2.4.6-14) ...
#20 5.844 Setting up libtool (2.4.6-14) ...
#20 5.923 Setting up m4 (1.4.18-4) ...
#20 6.005 Setting up autoconf (2.69-11.1) ...
#20 6.276 Setting up automake (1:1.16.1-4ubuntu6) ...
#20 6.391 update-alternatives: using /usr/bin/automake-1.16 to provide /usr/bin/automake (automake) in auto mode
#20 6.391 update-alternatives: warning: skip creation of /usr/share/man/man1/automake.1.gz because associated file /usr/share/man/man1/automake-1.16.1.gz (of link group automake) doesn't exist
#20 6.391 update-alternatives: warning: skip creation of /usr/share/man/man1/aclocal.1.gz because associated file /usr/share/man/man1/aclocal-1.16.1.gz (of link group automake) doesn't exist
#20 6.452 Setting up libltdl-dev:amd64 (2.4.6-14) ...
#20 6.575 Processing triggers for libc-bin (2.31-0ubuntu9.2) ...
#20 10.31 libtoolize: putting auxiliary files in AC_CONFIG_AUX_DIR, '.'.
#20 10.31 libtoolize: copying file './ltmain.sh'
#20 10.53 libtoolize: Consider adding 'AC_CONFIG_MACRO_DIRS([m4])' to configure.ac,
#20 10.53 libtoolize: and rerunning libtoolize and aclocal.
#20 10.53 libtoolize: Consider adding '-I m4' to ACLOCAL_AMFLAGS in Makefile.am.
#20 13.16 configure.ac:11: installing './compile'
#20 13.16 configure.ac:13: installing './config.guess'
#20 13.16 configure.ac:13: installing './config.sub'
#20 13.17 configure.ac:5: installing './install-sh'
#20 13.17 configure.ac:5: installing './missing'
#20 13.21 parallel-tests: installing './test-driver'
#20 13.30 src/Makefile.am: installing './depcomp'
#20 13.85 checking for a BSD-compatible install... /usr/bin/install -c
#20 13.86 checking whether build environment is sane... yes
#20 13.88 checking for a thread-safe mkdir -p... /usr/bin/mkdir -p
#20 13.88 checking for gawk... no
#20 13.88 checking for mawk... mawk
#20 13.88 checking whether make sets $(MAKE)... yes
#20 13.90 checking whether make supports nested variables... yes
#20 13.92 checking for gcc... clang
#20 14.03 checking whether the C compiler works... yes
#20 14.16 checking for C compiler default output file name... a.out
#20 14.16 checking for suffix of executables... 
#20 14.28 checking whether we are cross compiling... no
#20 14.42 checking for suffix of object files... o
#20 14.45 checking whether we are using the GNU C compiler... yes
#20 14.48 checking whether clang accepts -g... yes
#20 14.50 checking for clang option to accept ISO C89... none needed
#20 14.55 checking whether clang understands -c and -o together... yes
#20 14.59 checking whether make supports the include directive... yes (GNU style)
#20 14.61 checking dependency style of clang... gcc3
#20 14.74 checking whether we are using the GNU C++ compiler... yes
#20 14.77 checking whether clang++ accepts -g... yes
#20 14.79 checking dependency style of clang++... gcc3
#20 14.87 checking build system type... x86_64-pc-linux-gnu
#20 14.95 checking host system type... x86_64-pc-linux-gnu
#20 14.95 checking how to print strings... printf
#20 15.00 checking for a sed that does not truncate output... /usr/bin/sed
#20 15.01 checking for grep that handles long lines and -e... /usr/bin/grep
#20 15.01 checking for egrep... /usr/bin/grep -E
#20 15.01 checking for fgrep... /usr/bin/grep -F
#20 15.02 checking for ld used by clang... /usr/bin/ld
#20 15.03 checking if the linker (/usr/bin/ld) is GNU ld... yes
#20 15.04 checking for BSD- or MS-compatible name lister (nm)... /usr/bin/nm -B
#20 15.05 checking the name lister (/usr/bin/nm -B) interface... BSD nm
#20 15.08 checking whether ln -s works... yes
#20 15.08 checking the maximum length of command line arguments... 1572864
#20 15.10 checking how to convert x86_64-pc-linux-gnu file names to x86_64-pc-linux-gnu format... func_convert_file_noop
#20 15.10 checking how to convert x86_64-pc-linux-gnu file names to toolchain format... func_convert_file_noop
#20 15.10 checking for /usr/bin/ld option to reload object files... -r
#20 15.10 checking for objdump... objdump
#20 15.10 checking how to recognize dependent libraries... pass_all
#20 15.10 checking for dlltool... no
#20 15.11 checking how to associate runtime and link libraries... printf %s\n
#20 15.11 checking for ar... ar
#20 15.11 checking for archiver @FILE support... @
#20 15.15 checking for strip... strip
#20 15.15 checking for ranlib... ranlib
#20 15.15 checking command to parse /usr/bin/nm -B output from clang object... ok
#20 15.33 checking for sysroot... no
#20 15.33 checking for a working dd... /usr/bin/dd
#20 15.34 checking how to truncate binary pipes... /usr/bin/dd bs=4096 count=1
#20 15.37 checking for mt... no
#20 15.37 checking if : is a manifest tool... no
#20 15.38 checking how to run the C preprocessor... clang -E
#20 15.48 checking for ANSI C header files... yes
#20 15.72 checking for sys/types.h... yes
#20 15.77 checking for sys/stat.h... yes
#20 15.83 checking for stdlib.h... yes
#20 15.89 checking for string.h... yes
#20 15.95 checking for memory.h... yes
#20 16.01 checking for strings.h... yes
#20 16.07 checking for inttypes.h... yes
#20 16.13 checking for stdint.h... yes
#20 16.19 checking for unistd.h... yes
#20 16.25 checking for dlfcn.h... yes
#20 16.31 checking for objdir... .libs
#20 16.49 checking if clang supports -fno-rtti -fno-exceptions... yes
#20 16.52 checking for clang option to produce PIC... -fPIC -DPIC
#20 16.52 checking if clang PIC flag -fPIC -DPIC works... yes
#20 16.55 checking if clang static flag -static works... yes
#20 16.83 checking if clang supports -c -o file.o... yes
#20 16.88 checking if clang supports -c -o file.o... (cached) yes
#20 16.88 checking whether the clang linker (/usr/bin/ld -m elf_x86_64) supports shared libraries... yes
#20 16.91 checking whether -lc should be explicitly linked in... no
#20 16.98 checking dynamic linker characteristics... GNU/Linux ld.so
#20 17.16 checking how to hardcode library paths into programs... immediate
#20 17.16 checking whether stripping libraries is possible... yes
#20 17.25 checking if libtool supports shared libraries... yes
#20 17.25 checking whether to build shared libraries... yes
#20 17.25 checking whether to build static libraries... yes
#20 17.26 checking how to run the C++ preprocessor... clang++ -E
#20 17.55 checking for ld used by clang++... /usr/bin/ld -m elf_x86_64
#20 17.57 checking if the linker (/usr/bin/ld -m elf_x86_64) is GNU ld... yes
#20 17.59 checking whether the clang++ linker (/usr/bin/ld -m elf_x86_64) supports shared libraries... yes
#20 17.74 checking for clang++ option to produce PIC... -fPIC -DPIC
#20 17.74 checking if clang++ PIC flag -fPIC -DPIC works... yes
#20 17.78 checking if clang++ static flag -static works... yes
#20 18.00 checking if clang++ supports -c -o file.o... yes
#20 18.05 checking if clang++ supports -c -o file.o... (cached) yes
#20 18.05 checking whether the clang++ linker (/usr/bin/ld -m elf_x86_64) supports shared libraries... yes
#20 18.05 checking dynamic linker characteristics... (cached) GNU/Linux ld.so
#20 18.06 checking how to hardcode library paths into programs... immediate
#20 18.06 checking endian.h usability... yes
#20 18.12 checking endian.h presence... yes
#20 18.14 checking for endian.h... yes
#20 18.15 checking fcntl.h usability... yes
#20 18.21 checking fcntl.h presence... yes
#20 18.23 checking for fcntl.h... yes
#20 18.24 checking locale.h usability... yes
#20 18.30 checking locale.h presence... yes
#20 18.32 checking for locale.h... yes
#20 18.33 checking sched.h usability... yes
#20 18.40 checking sched.h presence... yes
#20 18.42 checking for sched.h... yes
#20 18.43 checking for unistd.h... (cached) yes
#20 18.44 checking sys/param.h usability... yes
#20 18.51 checking sys/param.h presence... yes
#20 18.54 checking for sys/param.h... yes
#20 18.55 checking for sys/stat.h... (cached) yes
#20 18.56 checking sys/time.h usability... yes
#20 18.62 checking sys/time.h presence... yes
#20 18.64 checking for sys/time.h... yes
#20 18.65 checking for sys/types.h... (cached) yes
#20 18.66 checking for int32_t... yes
#20 18.79 checking for uint32_t... yes
#20 18.85 checking for uint16_t... yes
#20 18.91 checking for uint8_t... yes
#20 18.97 checking for unsigned long long int... yes
#20 19.10 checking for long long int... yes
#20 19.23 checking for inline... inline
#20 19.26 checking for close... yes
#20 19.40 checking for getpid... yes
#20 19.54 checking for gettimeofday... yes
#20 19.67 checking for localeconv... yes
#20 19.81 checking for open... yes
#20 19.96 checking for read... yes
#20 20.10 checking for sched_yield... yes
#20 20.23 checking for strtoll... yes
#20 20.37 checking for gcc __sync builtins... yes
#20 20.50 checking for gcc __atomic builtins... yes
#20 20.64 checking for -Bsymbolic-functions linker flag... no
#20 20.69 checking whether __GLIBC__ is declared... yes
#20 20.75 checking for -Wno-format-truncation... no
#20 20.83 checking that generated files are newer than configure... done
#20 20.83 configure: creating ./config.status
#20 21.90 config.status: creating jansson.pc
#20 21.93 config.status: creating Makefile
#20 21.95 config.status: creating doc/Makefile
#20 21.97 config.status: creating src/Makefile
#20 22.00 config.status: creating src/jansson_config.h
#20 22.03 config.status: creating test/Makefile
#20 22.06 config.status: creating test/bin/Makefile
#20 22.09 config.status: creating test/ossfuzz/Makefile
#20 22.12 config.status: creating test/suites/Makefile
#20 22.14 config.status: creating test/suites/api/Makefile
#20 22.17 config.status: creating jansson_private_config.h
#20 22.18 config.status: executing depfiles commands
#20 22.49 config.status: executing libtool commands
#20 22.59 make  all-recursive
#20 22.59 make[1]: Entering directory '/src/jansson'
#20 22.60 Making all in doc
#20 22.60 make[2]: Entering directory '/src/jansson/doc'
#20 22.60 make[2]: Nothing to be done for 'all'.
#20 22.60 make[2]: Leaving directory '/src/jansson/doc'
#20 22.60 Making all in src
#20 22.60 make[2]: Entering directory '/src/jansson/src'
#20 22.60 /bin/bash ../libtool  --tag=CC   --mode=compile clang -DHAVE_CONFIG_H -I. -I..    -Wall -Wextra -Wdeclaration-after-statement -Wshadow  -DFUZZING_BUILD_MODE_UNSAFE_FOR_PRODUCTION -pthread -Wl,--no-as-needed -Wl,-ldl -Wl,-lm -Wno-unused-command-line-argument -O3 -fsanitize-coverage=trace-pc-guard -MT dump.lo -MD -MP -MF .deps/dump.Tpo -c -o dump.lo dump.c
#20 22.61 /bin/bash ../libtool  --tag=CC   --mode=compile clang -DHAVE_CONFIG_H -I. -I..    -Wall -Wextra -Wdeclaration-after-statement -Wshadow  -DFUZZING_BUILD_MODE_UNSAFE_FOR_PRODUCTION -pthread -Wl,--no-as-needed -Wl,-ldl -Wl,-lm -Wno-unused-command-line-argument -O3 -fsanitize-coverage=trace-pc-guard -MT error.lo -MD -MP -MF .deps/error.Tpo -c -o error.lo error.c
#20 22.61 /bin/bash ../libtool  --tag=CC   --mode=compile clang -DHAVE_CONFIG_H -I. -I..    -Wall -Wextra -Wdeclaration-after-statement -Wshadow  -DFUZZING_BUILD_MODE_UNSAFE_FOR_PRODUCTION -pthread -Wl,--no-as-needed -Wl,-ldl -Wl,-lm -Wno-unused-command-line-argument -O3 -fsanitize-coverage=trace-pc-guard -MT hashtable.lo -MD -MP -MF .deps/hashtable.Tpo -c -o hashtable.lo hashtable.c
#20 22.61 /bin/bash ../libtool  --tag=CC   --mode=compile clang -DHAVE_CONFIG_H -I. -I..    -Wall -Wextra -Wdeclaration-after-statement -Wshadow  -DFUZZING_BUILD_MODE_UNSAFE_FOR_PRODUCTION -pthread -Wl,--no-as-needed -Wl,-ldl -Wl,-lm -Wno-unused-command-line-argument -O3 -fsanitize-coverage=trace-pc-guard -MT hashtable_seed.lo -MD -MP -MF .deps/hashtable_seed.Tpo -c -o hashtable_seed.lo hashtable_seed.c
#20 22.61 /bin/bash ../libtool  --tag=CC   --mode=compile clang -DHAVE_CONFIG_H -I. -I..    -Wall -Wextra -Wdeclaration-after-statement -Wshadow  -DFUZZING_BUILD_MODE_UNSAFE_FOR_PRODUCTION -pthread -Wl,--no-as-needed -Wl,-ldl -Wl,-lm -Wno-unused-command-line-argument -O3 -fsanitize-coverage=trace-pc-guard -MT load.lo -MD -MP -MF .deps/load.Tpo -c -o load.lo load.c
#20 22.61 /bin/bash ../libtool  --tag=CC   --mode=compile clang -DHAVE_CONFIG_H -I. -I..    -Wall -Wextra -Wdeclaration-after-statement -Wshadow  -DFUZZING_BUILD_MODE_UNSAFE_FOR_PRODUCTION -pthread -Wl,--no-as-needed -Wl,-ldl -Wl,-lm -Wno-unused-command-line-argument -O3 -fsanitize-coverage=trace-pc-guard -MT memory.lo -MD -MP -MF .deps/memory.Tpo -c -o memory.lo memory.c
#20 22.61 /bin/bash ../libtool  --tag=CC   --mode=compile clang -DHAVE_CONFIG_H -I. -I..    -Wall -Wextra -Wdeclaration-after-statement -Wshadow  -DFUZZING_BUILD_MODE_UNSAFE_FOR_PRODUCTION -pthread -Wl,--no-as-needed -Wl,-ldl -Wl,-lm -Wno-unused-command-line-argument -O3 -fsanitize-coverage=trace-pc-guard -MT pack_unpack.lo -MD -MP -MF .deps/pack_unpack.Tpo -c -o pack_unpack.lo pack_unpack.c
#20 22.61 /bin/bash ../libtool  --tag=CC   --mode=compile clang -DHAVE_CONFIG_H -I. -I..    -Wall -Wextra -Wdeclaration-after-statement -Wshadow  -DFUZZING_BUILD_MODE_UNSAFE_FOR_PRODUCTION -pthread -Wl,--no-as-needed -Wl,-ldl -Wl,-lm -Wno-unused-command-line-argument -O3 -fsanitize-coverage=trace-pc-guard -MT strbuffer.lo -MD -MP -MF .deps/strbuffer.Tpo -c -o strbuffer.lo strbuffer.c
#20 22.69 libtool: compile:  clang -DHAVE_CONFIG_H -I. -I.. -Wall -Wextra -Wdeclaration-after-statement -Wshadow -DFUZZING_BUILD_MODE_UNSAFE_FOR_PRODUCTION -pthread -Wl,--no-as-needed -Wl,-ldl -Wl,-lm -Wno-unused-command-line-argument -O3 -fsanitize-coverage=trace-pc-guard -MT dump.lo -MD -MP -MF .deps/dump.Tpo -c dump.c  -fPIC -DPIC -o .libs/dump.o
#20 22.69 libtool: compile:  clang -DHAVE_CONFIG_H -I. -I.. -Wall -Wextra -Wdeclaration-after-statement -Wshadow -DFUZZING_BUILD_MODE_UNSAFE_FOR_PRODUCTION -pthread -Wl,--no-as-needed -Wl,-ldl -Wl,-lm -Wno-unused-command-line-argument -O3 -fsanitize-coverage=trace-pc-guard -MT load.lo -MD -MP -MF .deps/load.Tpo -c load.c  -fPIC -DPIC -o .libs/load.o
#20 22.69 libtool: compile:  clang -DHAVE_CONFIG_H -I. -I.. -Wall -Wextra -Wdeclaration-after-statement -Wshadow -DFUZZING_BUILD_MODE_UNSAFE_FOR_PRODUCTION -pthread -Wl,--no-as-needed -Wl,-ldl -Wl,-lm -Wno-unused-command-line-argument -O3 -fsanitize-coverage=trace-pc-guard -MT hashtable_seed.lo -MD -MP -MF .deps/hashtable_seed.Tpo -c hashtable_seed.c  -fPIC -DPIC -o .libs/hashtable_seed.o
#20 22.69 libtool: compile:  clang -DHAVE_CONFIG_H -I. -I.. -Wall -Wextra -Wdeclaration-after-statement -Wshadow -DFUZZING_BUILD_MODE_UNSAFE_FOR_PRODUCTION -pthread -Wl,--no-as-needed -Wl,-ldl -Wl,-lm -Wno-unused-command-line-argument -O3 -fsanitize-coverage=trace-pc-guard -MT strbuffer.lo -MD -MP -MF .deps/strbuffer.Tpo -c strbuffer.c  -fPIC -DPIC -o .libs/strbuffer.o
#20 22.69 libtool: compile:  clang -DHAVE_CONFIG_H -I. -I.. -Wall -Wextra -Wdeclaration-after-statement -Wshadow -DFUZZING_BUILD_MODE_UNSAFE_FOR_PRODUCTION -pthread -Wl,--no-as-needed -Wl,-ldl -Wl,-lm -Wno-unused-command-line-argument -O3 -fsanitize-coverage=trace-pc-guard -MT error.lo -MD -MP -MF .deps/error.Tpo -c error.c  -fPIC -DPIC -o .libs/error.o
#20 22.69 libtool: compile:  clang -DHAVE_CONFIG_H -I. -I.. -Wall -Wextra -Wdeclaration-after-statement -Wshadow -DFUZZING_BUILD_MODE_UNSAFE_FOR_PRODUCTION -pthread -Wl,--no-as-needed -Wl,-ldl -Wl,-lm -Wno-unused-command-line-argument -O3 -fsanitize-coverage=trace-pc-guard -MT hashtable.lo -MD -MP -MF .deps/hashtable.Tpo -c hashtable.c  -fPIC -DPIC -o .libs/hashtable.o
#20 22.69 libtool: compile:  clang -DHAVE_CONFIG_H -I. -I.. -Wall -Wextra -Wdeclaration-after-statement -Wshadow -DFUZZING_BUILD_MODE_UNSAFE_FOR_PRODUCTION -pthread -Wl,--no-as-needed -Wl,-ldl -Wl,-lm -Wno-unused-command-line-argument -O3 -fsanitize-coverage=trace-pc-guard -MT memory.lo -MD -MP -MF .deps/memory.Tpo -c memory.c  -fPIC -DPIC -o .libs/memory.o
#20 22.70 libtool: compile:  clang -DHAVE_CONFIG_H -I. -I.. -Wall -Wextra -Wdeclaration-after-statement -Wshadow -DFUZZING_BUILD_MODE_UNSAFE_FOR_PRODUCTION -pthread -Wl,--no-as-needed -Wl,-ldl -Wl,-lm -Wno-unused-command-line-argument -O3 -fsanitize-coverage=trace-pc-guard -MT pack_unpack.lo -MD -MP -MF .deps/pack_unpack.Tpo -c pack_unpack.c  -fPIC -DPIC -o .libs/pack_unpack.o
#20 22.79 libtool: compile:  clang -DHAVE_CONFIG_H -I. -I.. -Wall -Wextra -Wdeclaration-after-statement -Wshadow -DFUZZING_BUILD_MODE_UNSAFE_FOR_PRODUCTION -pthread -Wl,--no-as-needed -Wl,-ldl -Wl,-lm -Wno-unused-command-line-argument -O3 -fsanitize-coverage=trace-pc-guard -MT memory.lo -MD -MP -MF .deps/memory.Tpo -c memory.c -o memory.o >/dev/null 2>&1
#20 22.79 libtool: compile:  clang -DHAVE_CONFIG_H -I. -I.. -Wall -Wextra -Wdeclaration-after-statement -Wshadow -DFUZZING_BUILD_MODE_UNSAFE_FOR_PRODUCTION -pthread -Wl,--no-as-needed -Wl,-ldl -Wl,-lm -Wno-unused-command-line-argument -O3 -fsanitize-coverage=trace-pc-guard -MT error.lo -MD -MP -MF .deps/error.Tpo -c error.c -o error.o >/dev/null 2>&1
#20 22.80 libtool: compile:  clang -DHAVE_CONFIG_H -I. -I.. -Wall -Wextra -Wdeclaration-after-statement -Wshadow -DFUZZING_BUILD_MODE_UNSAFE_FOR_PRODUCTION -pthread -Wl,--no-as-needed -Wl,-ldl -Wl,-lm -Wno-unused-command-line-argument -O3 -fsanitize-coverage=trace-pc-guard -MT hashtable_seed.lo -MD -MP -MF .deps/hashtable_seed.Tpo -c hashtable_seed.c -o hashtable_seed.o >/dev/null 2>&1
#20 22.81 libtool: compile:  clang -DHAVE_CONFIG_H -I. -I.. -Wall -Wextra -Wdeclaration-after-statement -Wshadow -DFUZZING_BUILD_MODE_UNSAFE_FOR_PRODUCTION -pthread -Wl,--no-as-needed -Wl,-ldl -Wl,-lm -Wno-unused-command-line-argument -O3 -fsanitize-coverage=trace-pc-guard -MT strbuffer.lo -MD -MP -MF .deps/strbuffer.Tpo -c strbuffer.c -o strbuffer.o >/dev/null 2>&1
#20 22.89 mv -f .deps/memory.Tpo .deps/memory.Plo
#20 22.89 mv -f .deps/error.Tpo .deps/error.Plo
#20 22.89 /bin/bash ../libtool  --tag=CC   --mode=compile clang -DHAVE_CONFIG_H -I. -I..    -Wall -Wextra -Wdeclaration-after-statement -Wshadow  -DFUZZING_BUILD_MODE_UNSAFE_FOR_PRODUCTION -pthread -Wl,--no-as-needed -Wl,-ldl -Wl,-lm -Wno-unused-command-line-argument -O3 -fsanitize-coverage=trace-pc-guard -MT strconv.lo -MD -MP -MF .deps/strconv.Tpo -c -o strconv.lo strconv.c
#20 22.90 /bin/bash ../libtool  --tag=CC   --mode=compile clang -DHAVE_CONFIG_H -I. -I..    -Wall -Wextra -Wdeclaration-after-statement -Wshadow  -DFUZZING_BUILD_MODE_UNSAFE_FOR_PRODUCTION -pthread -Wl,--no-as-needed -Wl,-ldl -Wl,-lm -Wno-unused-command-line-argument -O3 -fsanitize-coverage=trace-pc-guard -MT utf.lo -MD -MP -MF .deps/utf.Tpo -c -o utf.lo utf.c
#20 22.91 mv -f .deps/hashtable_seed.Tpo .deps/hashtable_seed.Plo
#20 22.92 /bin/bash ../libtool  --tag=CC   --mode=compile clang -DHAVE_CONFIG_H -I. -I..    -Wall -Wextra -Wdeclaration-after-statement -Wshadow  -DFUZZING_BUILD_MODE_UNSAFE_FOR_PRODUCTION -pthread -Wl,--no-as-needed -Wl,-ldl -Wl,-lm -Wno-unused-command-line-argument -O3 -fsanitize-coverage=trace-pc-guard -MT value.lo -MD -MP -MF .deps/value.Tpo -c -o value.lo value.c
#20 22.93 mv -f .deps/strbuffer.Tpo .deps/strbuffer.Plo
#20 22.93 /bin/bash ../libtool  --tag=CC   --mode=compile clang -DHAVE_CONFIG_H -I. -I..    -Wall -Wextra -Wdeclaration-after-statement -Wshadow  -DFUZZING_BUILD_MODE_UNSAFE_FOR_PRODUCTION -pthread -Wl,--no-as-needed -Wl,-ldl -Wl,-lm -Wno-unused-command-line-argument -O3 -fsanitize-coverage=trace-pc-guard -MT version.lo -MD -MP -MF .deps/version.Tpo -c -o version.lo version.c
#20 22.97 libtool: compile:  clang -DHAVE_CONFIG_H -I. -I.. -Wall -Wextra -Wdeclaration-after-statement -Wshadow -DFUZZING_BUILD_MODE_UNSAFE_FOR_PRODUCTION -pthread -Wl,--no-as-needed -Wl,-ldl -Wl,-lm -Wno-unused-command-line-argument -O3 -fsanitize-coverage=trace-pc-guard -MT strconv.lo -MD -MP -MF .deps/strconv.Tpo -c strconv.c  -fPIC -DPIC -o .libs/strconv.o
#20 22.98 libtool: compile:  clang -DHAVE_CONFIG_H -I. -I.. -Wall -Wextra -Wdeclaration-after-statement -Wshadow -DFUZZING_BUILD_MODE_UNSAFE_FOR_PRODUCTION -pthread -Wl,--no-as-needed -Wl,-ldl -Wl,-lm -Wno-unused-command-line-argument -O3 -fsanitize-coverage=trace-pc-guard -MT utf.lo -MD -MP -MF .deps/utf.Tpo -c utf.c  -fPIC -DPIC -o .libs/utf.o
#20 23.00 libtool: compile:  clang -DHAVE_CONFIG_H -I. -I.. -Wall -Wextra -Wdeclaration-after-statement -Wshadow -DFUZZING_BUILD_MODE_UNSAFE_FOR_PRODUCTION -pthread -Wl,--no-as-needed -Wl,-ldl -Wl,-lm -Wno-unused-command-line-argument -O3 -fsanitize-coverage=trace-pc-guard -MT value.lo -MD -MP -MF .deps/value.Tpo -c value.c  -fPIC -DPIC -o .libs/value.o
#20 23.01 libtool: compile:  clang -DHAVE_CONFIG_H -I. -I.. -Wall -Wextra -Wdeclaration-after-statement -Wshadow -DFUZZING_BUILD_MODE_UNSAFE_FOR_PRODUCTION -pthread -Wl,--no-as-needed -Wl,-ldl -Wl,-lm -Wno-unused-command-line-argument -O3 -fsanitize-coverage=trace-pc-guard -MT version.lo -MD -MP -MF .deps/version.Tpo -c version.c  -fPIC -DPIC -o .libs/version.o
#20 23.06 libtool: compile:  clang -DHAVE_CONFIG_H -I. -I.. -Wall -Wextra -Wdeclaration-after-statement -Wshadow -DFUZZING_BUILD_MODE_UNSAFE_FOR_PRODUCTION -pthread -Wl,--no-as-needed -Wl,-ldl -Wl,-lm -Wno-unused-command-line-argument -O3 -fsanitize-coverage=trace-pc-guard -MT dump.lo -MD -MP -MF .deps/dump.Tpo -c dump.c -o dump.o >/dev/null 2>&1
#20 23.07 libtool: compile:  clang -DHAVE_CONFIG_H -I. -I.. -Wall -Wextra -Wdeclaration-after-statement -Wshadow -DFUZZING_BUILD_MODE_UNSAFE_FOR_PRODUCTION -pthread -Wl,--no-as-needed -Wl,-ldl -Wl,-lm -Wno-unused-command-line-argument -O3 -fsanitize-coverage=trace-pc-guard -MT hashtable.lo -MD -MP -MF .deps/hashtable.Tpo -c hashtable.c -o hashtable.o >/dev/null 2>&1
#20 23.09 libtool: compile:  clang -DHAVE_CONFIG_H -I. -I.. -Wall -Wextra -Wdeclaration-after-statement -Wshadow -DFUZZING_BUILD_MODE_UNSAFE_FOR_PRODUCTION -pthread -Wl,--no-as-needed -Wl,-ldl -Wl,-lm -Wno-unused-command-line-argument -O3 -fsanitize-coverage=trace-pc-guard -MT version.lo -MD -MP -MF .deps/version.Tpo -c version.c -o version.o >/dev/null 2>&1
#20 23.11 libtool: compile:  clang -DHAVE_CONFIG_H -I. -I.. -Wall -Wextra -Wdeclaration-after-statement -Wshadow -DFUZZING_BUILD_MODE_UNSAFE_FOR_PRODUCTION -pthread -Wl,--no-as-needed -Wl,-ldl -Wl,-lm -Wno-unused-command-line-argument -O3 -fsanitize-coverage=trace-pc-guard -MT utf.lo -MD -MP -MF .deps/utf.Tpo -c utf.c -o utf.o >/dev/null 2>&1
#20 23.12 libtool: compile:  clang -DHAVE_CONFIG_H -I. -I.. -Wall -Wextra -Wdeclaration-after-statement -Wshadow -DFUZZING_BUILD_MODE_UNSAFE_FOR_PRODUCTION -pthread -Wl,--no-as-needed -Wl,-ldl -Wl,-lm -Wno-unused-command-line-argument -O3 -fsanitize-coverage=trace-pc-guard -MT strconv.lo -MD -MP -MF .deps/strconv.Tpo -c strconv.c -o strconv.o >/dev/null 2>&1
#20 23.17 mv -f .deps/version.Tpo .deps/version.Plo
#20 23.25 mv -f .deps/utf.Tpo .deps/utf.Plo
#20 23.26 libtool: compile:  clang -DHAVE_CONFIG_H -I. -I.. -Wall -Wextra -Wdeclaration-after-statement -Wshadow -DFUZZING_BUILD_MODE_UNSAFE_FOR_PRODUCTION -pthread -Wl,--no-as-needed -Wl,-ldl -Wl,-lm -Wno-unused-command-line-argument -O3 -fsanitize-coverage=trace-pc-guard -MT load.lo -MD -MP -MF .deps/load.Tpo -c load.c -o load.o >/dev/null 2>&1
#20 23.27 mv -f .deps/strconv.Tpo .deps/strconv.Plo
#20 23.33 mv -f .deps/dump.Tpo .deps/dump.Plo
#20 23.39 mv -f .deps/hashtable.Tpo .deps/hashtable.Plo
#20 23.56 libtool: compile:  clang -DHAVE_CONFIG_H -I. -I.. -Wall -Wextra -Wdeclaration-after-statement -Wshadow -DFUZZING_BUILD_MODE_UNSAFE_FOR_PRODUCTION -pthread -Wl,--no-as-needed -Wl,-ldl -Wl,-lm -Wno-unused-command-line-argument -O3 -fsanitize-coverage=trace-pc-guard -MT pack_unpack.lo -MD -MP -MF .deps/pack_unpack.Tpo -c pack_unpack.c -o pack_unpack.o >/dev/null 2>&1
#20 23.66 libtool: compile:  clang -DHAVE_CONFIG_H -I. -I.. -Wall -Wextra -Wdeclaration-after-statement -Wshadow -DFUZZING_BUILD_MODE_UNSAFE_FOR_PRODUCTION -pthread -Wl,--no-as-needed -Wl,-ldl -Wl,-lm -Wno-unused-command-line-argument -O3 -fsanitize-coverage=trace-pc-guard -MT value.lo -MD -MP -MF .deps/value.Tpo -c value.c -o value.o >/dev/null 2>&1
#20 23.70 mv -f .deps/load.Tpo .deps/load.Plo
#20 24.07 mv -f .deps/pack_unpack.Tpo .deps/pack_unpack.Plo
#20 24.20 mv -f .deps/value.Tpo .deps/value.Plo
#20 24.20 /bin/bash ../libtool  --tag=CC   --mode=link clang -Wall -Wextra -Wdeclaration-after-statement -Wshadow  -DFUZZING_BUILD_MODE_UNSAFE_FOR_PRODUCTION -pthread -Wl,--no-as-needed -Wl,-ldl -Wl,-lm -Wno-unused-command-line-argument -O3 -fsanitize-coverage=trace-pc-guard -no-undefined -export-symbols-regex '^json_|^jansson_' -version-info 18:0:14 -Wl,--default-symver   -o libjansson.la -rpath /usr/local/lib dump.lo error.lo hashtable.lo hashtable_seed.lo load.lo memory.lo pack_unpack.lo strbuffer.lo strconv.lo utf.lo value.lo version.lo  
#20 24.33 libtool: link: /usr/bin/nm -B  .libs/dump.o .libs/error.o .libs/hashtable.o .libs/hashtable_seed.o .libs/load.o .libs/memory.o .libs/pack_unpack.o .libs/strbuffer.o .libs/strconv.o .libs/utf.o .libs/value.o .libs/version.o   | sed -n -e 's/^.*[	 ]\([ABCDGIRSTW][ABCDGIRSTW]*\)[	 ][	 ]*\([_A-Za-z][_A-Za-z0-9]*\)$/\1 \2 \2/p' | sed '/ __gnu_lto/d' | /usr/bin/sed 's/.* //' | sort | uniq > .libs/libjansson.exp
#20 24.35 libtool: link: /usr/bin/grep -E -e "^json_|^jansson_" ".libs/libjansson.exp" > ".libs/libjansson.expT"
#20 24.36 libtool: link: mv -f ".libs/libjansson.expT" ".libs/libjansson.exp"
#20 24.37 libtool: link: echo "{ global:" > .libs/libjansson.ver
#20 24.37 libtool: link:  cat .libs/libjansson.exp | sed -e "s/\(.*\)/\1;/" >> .libs/libjansson.ver
#20 24.38 libtool: link:  echo "local: *; };" >> .libs/libjansson.ver
#20 24.38 libtool: link:  clang -shared  -fPIC -DPIC  .libs/dump.o .libs/error.o .libs/hashtable.o .libs/hashtable_seed.o .libs/load.o .libs/memory.o .libs/pack_unpack.o .libs/strbuffer.o .libs/strconv.o .libs/utf.o .libs/value.o .libs/version.o    -pthread -Wl,--no-as-needed -Wl,-ldl -Wl,-lm -O3 -Wl,--default-symver   -pthread -Wl,-soname -Wl,libjansson.so.4 -Wl,-version-script -Wl,.libs/libjansson.ver -o .libs/libjansson.so.4.14.0
#20 24.44 libtool: link: (cd ".libs" && rm -f "libjansson.so.4" && ln -s "libjansson.so.4.14.0" "libjansson.so.4")
#20 24.45 libtool: link: (cd ".libs" && rm -f "libjansson.so" && ln -s "libjansson.so.4.14.0" "libjansson.so")
#20 24.46 libtool: link: ar cr .libs/libjansson.a  dump.o error.o hashtable.o hashtable_seed.o load.o memory.o pack_unpack.o strbuffer.o strconv.o utf.o value.o version.o
#20 24.47 libtool: link: ranlib .libs/libjansson.a
#20 24.51 libtool: link: ( cd ".libs" && rm -f "libjansson.la" && ln -s "../libjansson.la" "libjansson.la" )
#20 24.52 make[2]: Leaving directory '/src/jansson/src'
#20 24.52 Making all in test
#20 24.52 make[2]: Entering directory '/src/jansson/test'
#20 24.53 Making all in bin
#20 24.53 make[3]: Entering directory '/src/jansson/test/bin'
#20 24.53 make[3]: Nothing to be done for 'all'.
#20 24.53 make[3]: Leaving directory '/src/jansson/test/bin'
#20 24.53 Making all in suites
#20 24.54 make[3]: Entering directory '/src/jansson/test/suites'
#20 24.54 Making all in api
#20 24.55 make[4]: Entering directory '/src/jansson/test/suites/api'
#20 24.55 make[4]: Nothing to be done for 'all'.
#20 24.55 make[4]: Leaving directory '/src/jansson/test/suites/api'
#20 24.55 make[4]: Entering directory '/src/jansson/test/suites'
#20 24.55 make[4]: Nothing to be done for 'all-am'.
#20 24.55 make[4]: Leaving directory '/src/jansson/test/suites'
#20 24.55 make[3]: Leaving directory '/src/jansson/test/suites'
#20 24.55 Making all in ossfuzz
#20 24.56 make[3]: Entering directory '/src/jansson/test/ossfuzz'
#20 24.56 clang++ -DHAVE_CONFIG_H -I. -I../..  -I../../src -I../../src    -DFUZZING_BUILD_MODE_UNSAFE_FOR_PRODUCTION -pthread -Wl,--no-as-needed -Wl,-ldl -Wl,-lm -Wno-unused-command-line-argument -stdlib=libc++ -O3 -fsanitize-coverage=trace-pc-guard -MT json_load_dump_fuzzer-json_load_dump_fuzzer.o -MD -MP -MF .deps/json_load_dump_fuzzer-json_load_dump_fuzzer.Tpo -c -o json_load_dump_fuzzer-json_load_dump_fuzzer.o `test -f 'json_load_dump_fuzzer.cc' || echo './'`json_load_dump_fuzzer.cc
#20 24.56 clang++ -DHAVE_CONFIG_H -I. -I../..  -I../../src -I../../src   -DFUZZING_BUILD_MODE_UNSAFE_FOR_PRODUCTION -pthread -Wl,--no-as-needed -Wl,-ldl -Wl,-lm -Wno-unused-command-line-argument -stdlib=libc++ -O3 -fsanitize-coverage=trace-pc-guard -MT libstandaloneengine_a-standaloneengine.o -MD -MP -MF .deps/libstandaloneengine_a-standaloneengine.Tpo -c -o libstandaloneengine_a-standaloneengine.o `test -f 'standaloneengine.cc' || echo './'`standaloneengine.cc
#20 24.63 mv -f .deps/libstandaloneengine_a-standaloneengine.Tpo .deps/libstandaloneengine_a-standaloneengine.Po
#20 24.64 rm -f libstandaloneengine.a
#20 24.64 ar cru libstandaloneengine.a libstandaloneengine_a-standaloneengine.o 
#20 24.64 ar: `u' modifier ignored since `D' is the default (see `U')
#20 24.64 ranlib libstandaloneengine.a
#20 24.64 mv -f .deps/json_load_dump_fuzzer-json_load_dump_fuzzer.Tpo .deps/json_load_dump_fuzzer-json_load_dump_fuzzer.Po
#20 24.65 /bin/bash ../../libtool  --tag=CXX   --mode=link clang++   -DFUZZING_BUILD_MODE_UNSAFE_FOR_PRODUCTION -pthread -Wl,--no-as-needed -Wl,-ldl -Wl,-lm -Wno-unused-command-line-argument -stdlib=libc++ -O3 -fsanitize-coverage=trace-pc-guard  -static  -o json_load_dump_fuzzer json_load_dump_fuzzer-json_load_dump_fuzzer.o ../../src/libjansson.la /libAFL.a  
#20 24.86 libtool: link: clang++ -DFUZZING_BUILD_MODE_UNSAFE_FOR_PRODUCTION -pthread -Wl,--no-as-needed -Wl,-ldl -Wl,-lm -Wno-unused-command-line-argument -stdlib=libc++ -O3 -fsanitize-coverage=trace-pc-guard -o json_load_dump_fuzzer json_load_dump_fuzzer-json_load_dump_fuzzer.o  ../../src/.libs/libjansson.a /libAFL.a -pthread
#20 25.08 make[3]: Leaving directory '/src/jansson/test/ossfuzz'
#20 25.09 make[3]: Entering directory '/src/jansson/test'
#20 25.09 make[3]: Nothing to be done for 'all-am'.
#20 25.09 make[3]: Leaving directory '/src/jansson/test'
#20 25.09 make[2]: Leaving directory '/src/jansson/test'
#20 25.09 make[2]: Entering directory '/src/jansson'
#20 25.09 make[2]: Leaving directory '/src/jansson'
#20 25.09 make[1]: Leaving directory '/src/jansson'
#20 25.10 'test/ossfuzz/json_load_dump_fuzzer' -> '/out/json_load_dump_fuzzer'
#20 25.12   adding: test/suites/valid/utf-8-string/input (stored 0%)
#20 25.12   adding: test/suites/valid/real-negative-exponent/input (stored 0%)
#20 25.12   adding: test/suites/valid/simple-ascii-string/input (stored 0%)
#20 25.12   adding: test/suites/valid/true/input (stored 0%)
#20 25.12   adding: test/suites/valid/simple-int-0/input (stored 0%)
#20 25.13   adding: test/suites/valid/real-positive-exponent/input (stored 0%)
#20 25.13   adding: test/suites/valid/empty-object/input (stored 0%)
#20 25.13   adding: test/suites/valid/utf-surrogate-four-byte-encoding/input (stored 0%)
#20 25.13   adding: test/suites/valid/negative-int/input (stored 0%)
#20 25.13   adding: test/suites/valid/escaped-utf-control-char/input (stored 0%)
#20 25.13   adding: test/suites/valid/two-byte-utf-8/input (stored 0%)
#20 25.13   adding: test/suites/valid/real-underflow/input (deflated 19%)
#20 25.13   adding: test/suites/valid/false/input (stored 0%)
#20 25.13   adding: test/suites/valid/empty-object-in-array/input (stored 0%)
#20 25.13   adding: test/suites/valid/real-subnormal-number/input (stored 0%)
#20 25.13   adding: test/suites/valid/negative-zero/input (stored 0%)
#20 25.13   adding: test/suites/valid/null/input (stored 0%)
#20 25.13   adding: test/suites/valid/empty-string/input (stored 0%)
#20 25.13   adding: test/suites/valid/real-fraction-exponent/input (stored 0%)
#20 25.13   adding: test/suites/valid/empty-array/input (stored 0%)
#20 25.13   adding: test/suites/valid/one-byte-utf-8/input (stored 0%)
#20 25.13   adding: test/suites/valid/negative-one/input (stored 0%)
#20 25.13   adding: test/suites/valid/real-capital-e-negative-exponent/input (stored 0%)
#20 25.13   adding: test/suites/valid/three-byte-utf-8/input (stored 0%)
#20 25.13   adding: test/suites/valid/simple-int-1/input (stored 0%)
#20 25.13   adding: test/suites/valid/real-capital-e-positive-exponent/input (stored 0%)
#20 25.13   adding: test/suites/valid/complex-array/input (deflated 23%)
#20 25.14   adding: test/suites/valid/simple-object/input (stored 0%)
#20 25.14   adding: test/suites/valid/string-escapes/input (stored 0%)
#20 25.14   adding: test/suites/valid/simple-real/input (stored 0%)
#20 25.14   adding: test/suites/valid/short-string/input (stored 0%)
#20 25.14   adding: test/suites/valid/simple-int-123/input (stored 0%)
#20 25.14   adding: test/suites/valid/real-exponent/input (stored 0%)
#20 25.15   adding: test/suites/valid/real-capital-e/input (stored 0%)
#20 25.15   adding: test/suites/invalid/real-positive-overflow/input (deflated 13%)
#20 25.15   adding: test/suites/invalid/real-truncated-at-point/input (stored 0%)
#20 25.15   adding: test/suites/invalid/null-byte-outside-string/input (stored 0%)
#20 25.15   adding: test/suites/invalid/lone-open-bracket/input (stored 0%)
#20 25.15   adding: test/suites/invalid/unterminated-array-and-object/input (stored 0%)
#20 25.16   adding: test/suites/invalid/truncated-unicode-surrogate/input (stored 0%)
#20 25.16   adding: test/suites/invalid/unterminated-key/input (stored 0%)
#20 25.16   adding: test/suites/invalid/object-no-colon/input (stored 0%)
#20 25.16   adding: test/suites/invalid/unicode-identifier/input (stored 0%)
#20 25.16   adding: test/suites/invalid/object-no-value/input (stored 0%)
#20 25.16   adding: test/suites/invalid/bracket-comma/input (stored 0%)
#20 25.16   adding: test/suites/invalid/unterminated-empty-key/input (stored 0%)
#20 25.16   adding: test/suites/invalid/invalid-negative-real/input (stored 0%)
#20 25.16   adding: test/suites/invalid/bracket-one-comma/input (stored 0%)
#20 25.16   adding: test/suites/invalid/too-big-negative-integer/input (deflated 71%)
#20 25.16   adding: test/suites/invalid/recursion-depth/input (deflated 100%)
#20 25.16   adding: test/suites/invalid/invalid-escape/input (stored 0%)
#20 25.16   adding: test/suites/invalid/real-negative-overflow/input (deflated 12%)
#20 25.16   adding: test/suites/invalid/invalid-identifier/input (stored 0%)
#20 25.16   adding: test/suites/invalid/extra-comma-in-multiline-array/input (stored 0%)
#20 25.17   adding: test/suites/invalid/unterminated-object-and-array/input (stored 0%)
#20 25.17   adding: test/suites/invalid/real-truncated-at-e/input (stored 0%)
#20 25.17   adding: test/suites/invalid/unterminated-array/input (stored 0%)
#20 25.17   adding: test/suites/invalid/real-garbage-after-e/input (stored 0%)
#20 25.17   adding: test/suites/invalid/invalid-negative-integer/input (stored 0%)
#20 25.17   adding: test/suites/invalid/lone-second-surrogate/input (stored 0%)
#20 25.17   adding: test/suites/invalid/negative-integer-starting-with-zero/input (stored 0%)
#20 25.17   adding: test/suites/invalid/object-in-unterminated-array/input (stored 0%)
#20 25.17   adding: test/suites/invalid/object-apostrophes/input (stored 0%)
#20 25.17   adding: test/suites/invalid/empty/input (stored 0%)
#20 25.17   adding: test/suites/invalid/object-unterminated-value/input (stored 0%)
#20 25.17   adding: test/suites/invalid/garbage-at-the-end/input (stored 0%)
#20 25.17   adding: test/suites/invalid/unterminated-string/input (stored 0%)
#20 25.17   adding: test/suites/invalid/extra-comma-in-array/input (stored 0%)
#20 25.17   adding: test/suites/invalid/brace-comma/input (stored 0%)
#20 25.17   adding: test/suites/invalid/null-escape-in-string/input (stored 0%)
#20 25.17   adding: test/suites/invalid/null/input (stored 0%)
#20 25.17   adding: test/suites/invalid/tab-character-in-string/input (stored 0%)
#20 25.17   adding: test/suites/invalid/null-byte-in-string/input (stored 0%)
#20 25.17   adding: test/suites/invalid/too-big-positive-integer/input (deflated 73%)
#20 25.17   adding: test/suites/invalid/object-garbage-at-end/input (stored 0%)
#20 25.17   adding: test/suites/invalid/minus-sign-without-number/input (stored 0%)
#20 25.17   adding: test/suites/invalid/garbage-after-newline/input (stored 0%)
#20 25.17   adding: test/suites/invalid/integer-starting-with-zero/input (stored 0%)
#20 25.17   adding: test/suites/invalid/lone-open-brace/input (stored 0%)
#20 25.17   adding: test/suites/invalid/null-byte-in-object-key/input (stored 0%)
#20 25.18   adding: test/suites/invalid/apostrophe/input (stored 0%)
#20 25.18   adding: test/suites/invalid/invalid-unicode-escape/input (stored 0%)
#20 25.18   adding: test/suites/invalid/invalid-second-surrogate/input (deflated 11%)
#20 25.18   adding: test/suites/invalid/ascii-unicode-identifier/input (stored 0%)
#20 25.18   adding: test/suites/encoding-flags/indent-compact-object/input (stored 0%)
#20 25.18   adding: test/suites/encoding-flags/array/input (stored 0%)
#20 25.18   adding: test/suites/encoding-flags/compact-array/input (stored 0%)
#20 25.18   adding: test/suites/encoding-flags/indent-compact-array/input (stored 0%)
#20 25.18   adding: test/suites/encoding-flags/ensure-ascii/input (deflated 41%)
#20 25.18   adding: test/suites/encoding-flags/compact-object/input (stored 0%)
#20 25.18   adding: test/suites/encoding-flags/indent-array/input (stored 0%)
#20 25.18   adding: test/suites/encoding-flags/real-precision/input (deflated 37%)
#20 25.18   adding: test/suites/encoding-flags/preserve-order/input (deflated 16%)
#20 25.18   adding: test/suites/encoding-flags/object/input (stored 0%)
#20 25.18   adding: test/suites/encoding-flags/indent-object/input (stored 0%)
#20 25.18   adding: test/suites/encoding-flags/sort-keys/input (deflated 17%)
#20 25.18   adding: test/suites/invalid-unicode/overlong-3-byte-encoding/input (stored 0%)
#20 25.18   adding: test/suites/invalid-unicode/lone-utf-8-continuation-byte/input (stored 0%)
#20 25.18   adding: test/suites/invalid-unicode/invalid-utf-8-in-identifier/input (stored 0%)
#20 25.18   adding: test/suites/invalid-unicode/not-in-unicode-range/input (stored 0%)
#20 25.18   adding: test/suites/invalid-unicode/invalid-utf-8-in-array/input (stored 0%)
#20 25.18   adding: test/suites/invalid-unicode/invalid-utf-8-after-backslash/input (stored 0%)
#20 25.18   adding: test/suites/invalid-unicode/invalid-utf-8-in-int/input (stored 0%)
#20 25.18   adding: test/suites/invalid-unicode/invalid-utf-8-in-escape/input (stored 0%)
#20 25.18   adding: test/suites/invalid-unicode/overlong-ascii-encoding/input (stored 0%)
#20 25.19   adding: test/suites/invalid-unicode/lone-invalid-utf-8/input (stored 0%)
#20 25.19   adding: test/suites/invalid-unicode/invalid-utf-8-in-string/input (stored 0%)
#20 25.19   adding: test/suites/invalid-unicode/invalid-utf-8-in-real-after-e/input (stored 0%)
#20 25.19   adding: test/suites/invalid-unicode/overlong-4-byte-encoding/input (stored 0%)
#20 25.19   adding: test/suites/invalid-unicode/encoded-surrogate-half/input (stored 0%)
#20 25.19   adding: test/suites/invalid-unicode/truncated-utf-8/input (stored 0%)
#20 25.19   adding: test/suites/invalid-unicode/restricted-utf-8/input (stored 0%)
#20 25.19   adding: test/suites/invalid-unicode/invalid-utf-8-in-bigger-int/input (stored 0%)
#20 25.19   adding: test/suites/invalid-unicode/invalid-utf-8-in-exponent/input (stored 0%)
#20 25.19 [post_build] Copying afl-fuzz to $OUT directory
#20 DONE 26.6s

#21 exporting to image
#21 sha256:e8c613e07b0b7ff33893b694f7759a10d42e180f2b4dc349fb57dc6b71dcab00
#21 exporting layers done
#21 writing image sha256:3ab78f559ea8e825c371df363e6fdccf0baa6b0bdc87427e85acbec704d3fb1f
#21 writing image sha256:3ab78f559ea8e825c371df363e6fdccf0baa6b0bdc87427e85acbec704d3fb1f 0.0s done
#21 naming to gcr.io/fuzzbench/builders/afl/jansson_jansson 0.0s done
#21 DONE 0.3s

#22 exporting cache
#22 sha256:2700d4ef94dee473593c5c614b55b2dedcca7893909811a8f2b48291a1f581e4
#22 preparing build cache for export done
#22 DONE 0.0s
------
 > importing cache manifest from gcr.io/fuzzbench/builders/afl/jansson_jansson:
------
#1 [internal] load build definition from runner.Dockerfile
#1 sha256:e09ce5384f0a37dc1a196d6e9f3d2dea46681352c64919d4ffb23f529296fd41
#1 transferring dockerfile: 656B done
#1 DONE 0.1s

#2 [internal] load .dockerignore
#2 sha256:fb339f3425dd8fad5d0a13ac7e555d4bab06686233c818aa9bf6c821882e6c51
#2 transferring context: 2B done
#2 DONE 0.1s

#3 [internal] load metadata for gcr.io/fuzzbench/base-image:latest
#3 sha256:932022888f650cc455b10eb5123bb08c0cccacac29a693e69314abbfd28a72c3
#3 DONE 0.0s

#4 [1/1] FROM gcr.io/fuzzbench/base-image
#4 sha256:4d07825694520f8b6f6a0d8592dbd345433361ae044cb7f06706c5a95e3daaad
#4 DONE 0.0s

#5 importing cache manifest from gcr.io/fuzzbench/runners/afl/jansson_jansson-intermediate
#5 sha256:c4d516d0c8a99f76d365f831611012a0fee1e74926e46b39736a56575879b98d
#5 ERROR: gcr.io/fuzzbench/runners/afl/jansson_jansson-intermediate:latest: not found

#4 [1/1] FROM gcr.io/fuzzbench/base-image
#4 sha256:4d07825694520f8b6f6a0d8592dbd345433361ae044cb7f06706c5a95e3daaad
#4 CACHED

#6 exporting to image
#6 sha256:e8c613e07b0b7ff33893b694f7759a10d42e180f2b4dc349fb57dc6b71dcab00
#6 exporting layers done
#6 writing image sha256:ef5050d5fe8bf51cb56cecae0e385750bb903ad50343de42ba23a2d900ab35c4
#6 writing image sha256:ef5050d5fe8bf51cb56cecae0e385750bb903ad50343de42ba23a2d900ab35c4 0.0s done
#6 naming to gcr.io/fuzzbench/runners/afl/jansson_jansson-intermediate done
#6 DONE 0.1s

#7 exporting cache
#7 sha256:2700d4ef94dee473593c5c614b55b2dedcca7893909811a8f2b48291a1f581e4
#7 preparing build cache for export done
#7 DONE 0.0s
------
 > importing cache manifest from gcr.io/fuzzbench/runners/afl/jansson_jansson-intermediate:
------
#2 [internal] load .dockerignore
#2 sha256:a5dc11ed9a402eaeb757d7ad3de0cc90ffe231f20d9ec4c10088f2c620ffb999
#2 transferring context: 34B done
#2 ...

#1 [internal] load build definition from Dockerfile
#1 sha256:8bcac8349c7084fe8f3f3f3deb8fe0321ee965ac0ca20dc78abce3f0942fdb45
#1 transferring dockerfile: 3.17kB done
#1 DONE 0.2s

#2 [internal] load .dockerignore
#2 sha256:a5dc11ed9a402eaeb757d7ad3de0cc90ffe231f20d9ec4c10088f2c620ffb999
#2 DONE 0.6s

#4 [internal] load metadata for gcr.io/fuzzbench/builders/afl/jansson_jansson:latest
#4 sha256:23e299d4d3ff6ca0e9eec9550aff6ed95826eda459c351ef1114cf4aa6f12e83
#4 DONE 0.0s

#3 [internal] load metadata for gcr.io/fuzzbench/runners/afl/jansson_jansson-intermediate:latest
#3 sha256:95ad90b92711b570aeb561ee90dce585c31b81bcc0b9b8f789fc0bda47597fd3
#3 DONE 0.0s

#12 [internal] load build context
#12 sha256:85dabed49d9302875f318e1000738f03f6d1e591a5d534bef684506edaa944a6
#12 DONE 0.0s

#6 [stage-1  1/13] FROM gcr.io/fuzzbench/runners/afl/jansson_jansson-intermediate
#6 sha256:72e494c30b2d68f20c167db5b0605a5a98b2bb5a3eb43037c37ae193c5c51f48
#6 DONE 0.0s

#10 [builder 1/1] FROM gcr.io/fuzzbench/builders/afl/jansson_jansson
#10 sha256:eea4f589959c0c1d7dc7772d4cd983bc07ab434f23ae48582bf4647bffeceddb
#10 DONE 0.0s

#5 importing cache manifest from gcr.io/fuzzbench/runners/afl/jansson_jansson
#5 sha256:cb572c2ebd0cde885f1efb8c77a787b3d0d72521087087a33b460c94f94cd540
#5 ERROR: gcr.io/fuzzbench/runners/afl/jansson_jansson:latest: not found

#12 [internal] load build context
#12 sha256:85dabed49d9302875f318e1000738f03f6d1e591a5d534bef684506edaa944a6
#12 transferring context: 19.00MB 0.6s done
#12 DONE 1.0s

#10 [builder 1/1] FROM gcr.io/fuzzbench/builders/afl/jansson_jansson
#10 sha256:eea4f589959c0c1d7dc7772d4cd983bc07ab434f23ae48582bf4647bffeceddb
#10 DONE 2.4s

#8 [stage-1  3/13] RUN mkdir -p /out
#8 sha256:b8c1de2d984f248916c9b9dfa532591a2410b920e99f662c6e2857aa42a47a70
#8 CACHED

#7 [stage-1  2/13] RUN apt-get update -y && apt-get install -y     libglib2.0-0     libxml2     libarchive13     libgss3
#7 sha256:d7f3109a81d55e4e1af67eb91bab25f139c33e9a68c62738d35ed556865a0919
#7 CACHED

#9 [stage-1  4/13] WORKDIR /out
#9 sha256:f63173cba7124da52bb3854b132869a430f3d095b0a22532ca9f886382af5df7
#9 CACHED

#11 [stage-1  5/13] COPY --from=builder /out/ ./
#11 sha256:ee353d396f5e1ca702268f496f0849b303cc4b9db3a9cdad99b5c66ab06b1017
#11 DONE 0.3s

#13 [stage-1  6/13] COPY benchmarks /src/benchmarks
#13 sha256:56bc2d8233ffb0a71a31eb136a638db2ca002c6a3bfec51a9a6b1a86f6a66089
#13 DONE 1.7s

#14 [stage-1  7/13] COPY fuzzers /src/fuzzers
#14 sha256:73e1d1b3f93946d21de153ba66e52b6bbbedad49af2d279da93d4e96e5d1e6eb
#14 DONE 0.4s

#15 [stage-1  8/13] RUN touch __init__.py
#15 sha256:a0d2617e23c07bbd1f8a1bf612f2ece7adf6580d887ec5feefc74159f12de35b
#15 DONE 0.8s

#16 [stage-1  9/13] RUN mkdir -p /out/seeds /out/corpus
#16 sha256:c3cee7df5110327ef907c87f9473ec8db47cefb3faedd95bdc0108b7122a44f5
#16 DONE 1.0s

#17 [stage-1 10/13] COPY common /src/common
#17 sha256:fbef3841c00f9c4c3ef89f09f299621c8c07014a359b6bb1c41134c51459949f
#17 DONE 0.4s

#18 [stage-1 11/13] COPY experiment/runner.py /src/experiment/runner.py
#18 sha256:2604b5b1597650483f2331c6e75d311e11c701e82af7232de9f3160605c2a364
#18 DONE 0.3s

#19 [stage-1 12/13] COPY docker/benchmark-runner /src/docker/benchmark-runner
#19 sha256:ec5caa23e213af98d6ea10c8ff9d75e99f215d1fbb152f33f9dca05e140d40bb
#19 DONE 0.2s

#20 [stage-1 13/13] RUN chmod +x /src/docker/benchmark-runner/startup-runner.sh
#20 sha256:e76db4ec09515b8508a9f5df870842d0c0d20c08a41ad236e76e920bd3e3cbeb
#20 DONE 0.5s

#21 exporting to image
#21 sha256:e8c613e07b0b7ff33893b694f7759a10d42e180f2b4dc349fb57dc6b71dcab00
#21 exporting layers done
#21 writing image sha256:4df911a9138b92bec5dda9bcb2cdb974f3179d7b653cb7d7e395c559cb3cc701
#21 writing image sha256:4df911a9138b92bec5dda9bcb2cdb974f3179d7b653cb7d7e395c559cb3cc701 done
#21 naming to gcr.io/fuzzbench/runners/afl/jansson_jansson done
#21 DONE 0.1s

#22 exporting cache
#22 sha256:2700d4ef94dee473593c5c614b55b2dedcca7893909811a8f2b48291a1f581e4
#22 preparing build cache for export done
#22 DONE 0.0s
------
 > importing cache manifest from gcr.io/fuzzbench/runners/afl/jansson_jansson:
------
INFO:root:Doing trial as part of experiment.
INFO:root:Starting trial.
ERROR:root:Fuzz target binary not found.
INFO:root:Doing final sync.
ERROR:root:Call to <function get_stats at 0x7f84a7d1eee0> failed. Extras: {'traceback': 'Traceback (most recent call last):\n  File "/src/experiment/runner.py", line 374, in record_stats\n    stats_json_str = fuzzer_module_get_stats(output_corpus,\n  File "/src/fuzzers/afl/fuzzer.py", line 51, in get_stats\n    with open(stats_file) as file_handle:\nFileNotFoundError: [Errno 2] No such file or directory: \'/out/corpus/fuzzer_stats\'\n'}
/bin/sh: 1: source: not found
#1 [internal] load build definition from Dockerfile
#1 sha256:a91fc9f05b99cc6ee8860f5fc6d67cddd4a3df0fa1c1a9c4929baa1a0573fab9
#1 transferring dockerfile: 32B done
#1 DONE 0.4s

#2 [internal] load .dockerignore
#2 sha256:b83893c8dad11bcffb00869011f0290cd40de7e411c1e959c9d9c4590ced1f1a
#2 transferring context: 2B done
#2 DONE 0.6s

#3 [internal] load metadata for gcr.io/oss-fuzz-base/base-builder:latest
#3 sha256:f10dc39cc9d418a5bc416dead31a1902b6821fdae909cd3b08f7a3fd1faba7b5
#3 DONE 0.7s

#5 [1/4] FROM gcr.io/oss-fuzz-base/base-builder@sha256:112044a9815d235113677d459cf2ece740a51f2b85081c8f66943dcdc72ddf7f
#5 sha256:4aee4bf9f7280ac8b7f02b8d29e6e084dd034d2c294b4e3e05d8ce7048a1450f
#5 DONE 0.0s

#4 importing cache manifest from gcr.io/fuzzbench/builders/benchmark/jansson_jansson
#4 sha256:d0918eef45a407b6032dbec40e66102156d3746d8667a54d74a38bc193e6a798
#4 DONE 0.0s

#8 [internal] load build context
#8 sha256:f1bc7996f26a7996614a3429d85e56bbf137393b9198232d91ed282b982b46c7
#8 transferring context: 30B done
#8 DONE 0.2s

#6 [2/4] RUN git clone --depth 1 https://github.com/akheron/jansson.git /src/jansson
#6 sha256:383016e289cf3758f12cc23eb8e2b865aa05c3d7462c57b98d56d9d3e94b0b2b
#6 CACHED

#7 [3/4] WORKDIR /src/jansson
#7 sha256:e4beb9daea277f9b6589ecb28dc249be51ac59af9261ae1fd306af0f170e24ba
#7 CACHED

#9 [4/4] COPY build.sh /src/
#9 sha256:cdba9feebbdc1e612f3f46d3df7e6b08229338da408e7ecc1c78cedda7617815
#9 CACHED

#10 exporting to image
#10 sha256:e8c613e07b0b7ff33893b694f7759a10d42e180f2b4dc349fb57dc6b71dcab00
#10 exporting layers done
#10 writing image sha256:fdcea2fd6fa07777c0d64574ad2adcd0b5862ea5c15cbc6c90dc8e710fd57b3b
#10 writing image sha256:fdcea2fd6fa07777c0d64574ad2adcd0b5862ea5c15cbc6c90dc8e710fd57b3b 0.1s done
#10 naming to gcr.io/fuzzbench/builders/benchmark/jansson_jansson done
#10 DONE 1.5s

#11 exporting cache
#11 sha256:2700d4ef94dee473593c5c614b55b2dedcca7893909811a8f2b48291a1f581e4
#11 preparing build cache for export done
#11 DONE 0.0s
#2 [internal] load .dockerignore
#2 sha256:6218468242d78604c43e0afde365f02e2974c8d46a702f26bf6572c99dde7e00
#2 transferring context: 2B done
#2 DONE 0.1s

#1 [internal] load build definition from builder.Dockerfile
#1 sha256:bf4eacac8f174317293db8a95c63776e1ac247cda2fb4b386b8025899d199f5f
#1 transferring dockerfile: 1.35kB done
#1 DONE 0.2s

#3 [internal] load metadata for gcr.io/fuzzbench/builders/benchmark/jansson_jansson:latest
#3 sha256:f9acbf4a1f586fb91c6bca3a2f4cb1676b6c1ef5e1c42cb05699a17586ee784b
#3 DONE 0.0s

#4 importing cache manifest from gcr.io/fuzzbench/builders/afl/jansson_jansson-intermediate
#4 sha256:f4a7b84c5f23d33301924ff046695698e2954770c15612d5aa0f6bdb820e7c3e
#4 DONE 0.0s

#5 [1/3] FROM gcr.io/fuzzbench/builders/benchmark/jansson_jansson
#5 sha256:27c5f9227932bd580d0db4348703b09ff8dffb64936d5f16dde6d2690bb7585e
#5 DONE 0.0s

#6 [2/3] RUN git clone https://github.com/google/AFL.git /afl &&     cd /afl &&     git checkout 61037103ae3722c8060ff7082994836a794f978e &&     AFL_NO_X86=1 make
#6 sha256:c8d15923aa339fb2117cc47377da8381717dc7da4addb78d846a81b9733586a6
#6 CACHED

#7 [3/3] RUN apt-get update &&     apt-get install wget -y &&     wget https://raw.githubusercontent.com/llvm/llvm-project/5feb80e748924606531ba28c97fe65145c65372e/compiler-rt/lib/fuzzer/afl/afl_driver.cpp -O /afl/afl_driver.cpp &&     clang -Wno-pointer-sign -c /afl/llvm_mode/afl-llvm-rt.o.c -I/afl &&     clang++ -stdlib=libc++ -std=c++11 -O2 -c /afl/afl_driver.cpp &&     ar r /libAFL.a *.o
#7 sha256:04cd0b7c4a3b1736b43dfaf32c2ac880f7050e48a00b380f2a808df89f1bb1b1
#7 CACHED

#8 exporting to image
#8 sha256:e8c613e07b0b7ff33893b694f7759a10d42e180f2b4dc349fb57dc6b71dcab00
#8 exporting layers done
#8 writing image sha256:f8a7e27873ed946e6447b5a9579e2d79c1141152d8b73c3855dc80cc4d95e5ac 0.0s done
#8 naming to gcr.io/fuzzbench/builders/afl/jansson_jansson-intermediate done
#8 DONE 0.4s

#9 exporting cache
#9 sha256:2700d4ef94dee473593c5c614b55b2dedcca7893909811a8f2b48291a1f581e4
#9 preparing build cache for export done
#9 DONE 0.0s
#1 [internal] load build definition from Dockerfile
#1 sha256:c05ad28d2e304c7c2d95dc3fd0952ed3204f8f6fb87d3efb042f5d6816fe55ed
#1 transferring dockerfile: 2.00kB done
#1 DONE 0.0s

#2 [internal] load .dockerignore
#2 sha256:9f8e71d1ba1eb0e7bf3f0f0ca7ada9b6c5909e5dc7fcdfb1b28bed1b116a3c86
#2 transferring context: 34B done
#2 DONE 0.1s

#3 [internal] load metadata for docker.io/library/ubuntu:xenial
#3 sha256:f62bae18ed588840f045c881b2502661f2a89578a2f8f99b83f5200ee83dd25b
#3 DONE 0.0s

#5 [1/7] FROM docker.io/library/ubuntu:xenial
#5 sha256:14dd403f25ae9e519bd44f27dc17af7ce80f5a4f9f48ca88108364e67ec5d360
#5 DONE 0.0s

#4 importing cache manifest from gcr.io/fuzzbench/base-image
#4 sha256:9b220ebb4d4daceed1b96df9b6dca076e762f1cd612574f010b82d5b9e5ad896
#4 DONE 0.0s

#8 [internal] load build context
#8 sha256:5ba82ded2e8bbe77096269f800b8372fd48b23466d6bc7a102e8919efe5d7107
#8 transferring context: 559B 0.2s done
#8 DONE 0.2s

#11 [6/7] RUN apt-get update -y && apt-get install -y     apt-transport-https     lsb-release
#11 sha256:9051bcdb59f447b2263a893e06d4e3dc0ed80be0531afd36fd36f1c528ac3ee2
#11 CACHED

#6 [2/7] RUN apt-get update -y && apt-get install -y     build-essential     rsync     curl     zlib1g-dev     libncurses5-dev     libgdbm-dev     libnss3-dev     libssl-dev     libreadline-dev     libffi-dev     virtualenv     libbz2-dev     liblzma-dev     libsqlite3-dev
#6 sha256:3a1b0960f17eed529eaae93dc8fd3554f2743dd584d8fa569cdbe6bc734371ac
#6 CACHED

#7 [3/7] RUN cd /tmp/ &&     curl -O https://www.python.org/ftp/python/3.8.6/Python-3.8.6.tar.xz &&     tar -xvf Python-3.8.6.tar.xz &&     cd Python-3.8.6 &&     ./configure --enable-loadable-sqlite-extensions --enable-optimizations &&     make -j install &&     rm -r /tmp/Python-3.8.6.tar.xz /tmp/Python-3.8.6
#7 sha256:c5b9d1fb3371e84dbc60b76e7b2f8d5913bc93bcd4910ab65daa03e7b2ec4bb0
#7 CACHED

#9 [4/7] COPY ./requirements.txt /
#9 sha256:8533b6afa1f4cdf62d3bb6ee6d762fe2700c4e812e816406594dad3370656561
#9 CACHED

#10 [5/7] RUN pip3 install -r /requirements.txt
#10 sha256:285a3396c37e7e9e7cd91d64bff00856f5a1d7aeb3977b051189abe6bf45643c
#10 CACHED

#12 [7/7] RUN CLOUD_SDK_REPO="cloud-sdk-$(lsb_release -c -s)" &&     echo "deb https://packages.cloud.google.com/apt $CLOUD_SDK_REPO main"     | tee -a /etc/apt/sources.list.d/google-cloud-sdk.list &&     curl https://packages.cloud.google.com/apt/doc/apt-key.gpg     | apt-key add - &&     apt-get update -y &&     apt-get install -y google-cloud-sdk
#12 sha256:fdcb0b4a1c7ef4bcc3bd2e64960355c4b9f433827e96a01177e0c2d69dc848f8
#12 CACHED

#13 exporting to image
#13 sha256:e8c613e07b0b7ff33893b694f7759a10d42e180f2b4dc349fb57dc6b71dcab00
#13 exporting layers done
#13 writing image sha256:b912c3e2a192c2a5792c1eb57a9f841f2bcff8a9d7fb9be34e4e6a7f1bd29c8e
#13 writing image sha256:b912c3e2a192c2a5792c1eb57a9f841f2bcff8a9d7fb9be34e4e6a7f1bd29c8e 0.0s done
#13 naming to gcr.io/fuzzbench/base-image done
#13 DONE 0.1s

#14 exporting cache
#14 sha256:2700d4ef94dee473593c5c614b55b2dedcca7893909811a8f2b48291a1f581e4
#14 preparing build cache for export done
#14 DONE 0.0s
#2 [internal] load .dockerignore
#2 sha256:bf949fd315326f8857a4ab59d9afcc7f7d37e4171e06bcbaa44ac2b68c6ec145
#2 transferring context: 34B done
#2 DONE 0.2s

#1 [internal] load build definition from Dockerfile
#1 sha256:936fa3a35506fedb70c7e057c7009684f55613902e73eac8ed5add23a68a6e9a
#1 transferring dockerfile: 2.22kB done
#1 DONE 0.2s

#4 [internal] load metadata for gcr.io/fuzzbench/base-image:latest
#4 sha256:932022888f650cc455b10eb5123bb08c0cccacac29a693e69314abbfd28a72c3
#4 DONE 0.0s

#3 [internal] load metadata for gcr.io/fuzzbench/builders/afl/jansson_jansson-intermediate:latest
#3 sha256:51a4cbdea169ef9db609d7df2e074d96de7c325bf3d2e1f40816815a963d3538
#3 DONE 0.0s

#7 [base-image 1/1] FROM gcr.io/fuzzbench/base-image
#7 sha256:4d07825694520f8b6f6a0d8592dbd345433361ae044cb7f06706c5a95e3daaad
#7 DONE 0.0s

#6 [stage-1  1/13] FROM gcr.io/fuzzbench/builders/afl/jansson_jansson-intermediate
#6 sha256:096f45d8934013fe277027a2d8de2598456fa2d447cd47a23ac982bfc4ee9b95
#6 DONE 0.0s

#5 importing cache manifest from gcr.io/fuzzbench/builders/afl/jansson_jansson
#5 sha256:b7e25a4bd81938b199828db3b3ee182bb6329cd1c299efb97f1bf4d64e276cc3
#5 DONE 0.0s

#12 [internal] load build context
#12 sha256:aaff8e66077c7268407d13caf4e895893034b7bf7b7c767b9be3e83101a56df3
#12 transferring context: 669.87kB 0.1s done
#12 DONE 0.1s

#10 [stage-1  4/13] COPY --from=base-image /usr/local/include/python3.8 /usr/local/include/python3.8
#10 sha256:e47169b66b858becd97c3811b247d2d7d81aaf97bf03f4073c1dcdc2d569b783
#10 CACHED

#11 [stage-1  5/13] COPY --from=base-image /usr/local/lib/python3.8/site-packages /usr/local/lib/python3.8/site-packages
#11 sha256:a19274ce2ca5c620305453a327ade7bbd03b9c210be19d032174d9c7c6a2261e
#11 CACHED

#13 [stage-1  6/13] COPY fuzzers /src/fuzzers
#13 sha256:0f808f418e8eea7e81efc55adf7e3fbb9e3dda99d6ac3b17432e6499fc47b9b9
#13 CACHED

#15 [stage-1  8/13] COPY benchmarks/jansson_jansson/benchmark.yaml /
#15 sha256:8af7df3700847b916b002dff3531bed4700647fc3f6deb1d82cb68b61e4e9480
#15 CACHED

#16 [stage-1  9/13] RUN mkdir /opt/fuzzbench/
#16 sha256:9f80bcf72e996a6b15a01825bd862f091e5c2cdce3f6f1b1cac532deaf99ed47
#16 CACHED

#9 [stage-1  3/13] COPY --from=base-image /usr/local/lib/python3.8 /usr/local/lib/python3.8
#9 sha256:ef63d0104169e182ea6b3e0c0e6a2d9ca68cc5f40f4e88df0c0546d145cc8904
#9 CACHED

#19 [stage-1 12/13] RUN echo "#!/bin/bash\nPYTHONPATH=/src python3 -u -c "from fuzzers import utils; utils.initialize_env(); from fuzzers.afl import fuzzer; fuzzer.build()"" > /usr/bin/fuzzer_build &&     chmod +x /usr/bin/fuzzer_build
#19 sha256:caaf6e3000d90ccda788ccee61e9a2d2601edb0ffecb2837db6a22ed8ee58d72
#19 CACHED

#8 [stage-1  2/13] COPY --from=base-image /usr/local/bin/python3* /usr/local/bin/
#8 sha256:121b947db2214558b348ca34f204d6898a71ec8fd6b181b23c6aa2c2e3f33d35
#8 CACHED

#17 [stage-1 10/13] COPY docker/benchmark-builder/checkout_commit.py /opt/fuzzbench/
#17 sha256:5a08f7d9fb57557285dd666d6127f5cb0b15952237b120648bb70374d22bc5ef
#17 CACHED

#18 [stage-1 11/13] RUN export CHECKOUT_COMMIT=$(cat /benchmark.yaml | tr -d ' ' | grep 'commit:' | cut -d ':' -f2) &&     python3 -u /opt/fuzzbench/checkout_commit.py $CHECKOUT_COMMIT /src
#18 sha256:348c9feb24871ad11c1f21cafccec949d3decafb9f0b26fe11a1d4b718ab6b4a
#18 CACHED

#14 [stage-1  7/13] RUN touch /src/__init__.py
#14 sha256:3e65f752e305ffeacc627937db5c2455de91f648c2822622f645740f032ff7cf
#14 CACHED

#20 [stage-1 13/13] RUN echo "Run fuzzer_build to build the target" && if [ -z "$debug_builder" ] ; then fuzzer_build; fi
#20 sha256:7166368172c8a3962ec4f141e5757344729fee5f037f616a1b04c3a0702c79da
#20 CACHED

#21 exporting to image
#21 sha256:e8c613e07b0b7ff33893b694f7759a10d42e180f2b4dc349fb57dc6b71dcab00
#21 exporting layers done
#21 writing image sha256:3ab78f559ea8e825c371df363e6fdccf0baa6b0bdc87427e85acbec704d3fb1f 0.0s done
#21 naming to gcr.io/fuzzbench/builders/afl/jansson_jansson done
#21 DONE 0.4s

#22 exporting cache
#22 sha256:2700d4ef94dee473593c5c614b55b2dedcca7893909811a8f2b48291a1f581e4
#22 preparing build cache for export done
#22 DONE 0.0s
#1 [internal] load build definition from runner.Dockerfile
#1 sha256:279bfd8e6e850e8146ac9a977a9838770ad428e1db168f7db93daf6a669d35be
#1 transferring dockerfile: 656B done
#1 DONE 0.1s

#2 [internal] load .dockerignore
#2 sha256:12e90a170257665a8f610f634afeceab678c74edba0a12378b9fa74c727e4929
#2 transferring context: 2B done
#2 DONE 0.1s

#3 [internal] load metadata for gcr.io/fuzzbench/base-image:latest
#3 sha256:932022888f650cc455b10eb5123bb08c0cccacac29a693e69314abbfd28a72c3
#3 DONE 0.0s

#5 importing cache manifest from gcr.io/fuzzbench/runners/afl/jansson_jansson-intermediate
#5 sha256:c4d516d0c8a99f76d365f831611012a0fee1e74926e46b39736a56575879b98d
#5 DONE 0.0s

#4 [1/1] FROM gcr.io/fuzzbench/base-image
#4 sha256:4d07825694520f8b6f6a0d8592dbd345433361ae044cb7f06706c5a95e3daaad
#4 CACHED

#6 exporting to image
#6 sha256:e8c613e07b0b7ff33893b694f7759a10d42e180f2b4dc349fb57dc6b71dcab00
#6 exporting layers done
#6 writing image sha256:ef5050d5fe8bf51cb56cecae0e385750bb903ad50343de42ba23a2d900ab35c4 done
#6 naming to gcr.io/fuzzbench/runners/afl/jansson_jansson-intermediate done
#6 DONE 0.1s

#7 exporting cache
#7 sha256:2700d4ef94dee473593c5c614b55b2dedcca7893909811a8f2b48291a1f581e4
#7 preparing build cache for export done
#7 DONE 0.0s
#2 [internal] load .dockerignore
#2 sha256:8b049f2d918a8c649aedff266c78695bbddf6828c9d47bd37de00060c9f4b020
#2 transferring context: 34B done
#2 DONE 0.2s

#1 [internal] load build definition from Dockerfile
#1 sha256:d2b361fd88a854b6a1ced0a5a441c651968086c204190c6ede2e7018bb025262
#1 transferring dockerfile: 3.17kB done
#1 DONE 0.3s

#4 [internal] load metadata for gcr.io/fuzzbench/builders/afl/jansson_jansson:latest
#4 sha256:23e299d4d3ff6ca0e9eec9550aff6ed95826eda459c351ef1114cf4aa6f12e83
#4 DONE 0.0s

#3 [internal] load metadata for gcr.io/fuzzbench/runners/afl/jansson_jansson-intermediate:latest
#3 sha256:95ad90b92711b570aeb561ee90dce585c31b81bcc0b9b8f789fc0bda47597fd3
#3 DONE 0.0s

#6 [stage-1  1/13] FROM gcr.io/fuzzbench/runners/afl/jansson_jansson-intermediate
#6 sha256:72e494c30b2d68f20c167db5b0605a5a98b2bb5a3eb43037c37ae193c5c51f48
#6 DONE 0.0s

#5 importing cache manifest from gcr.io/fuzzbench/runners/afl/jansson_jansson
#5 sha256:cb572c2ebd0cde885f1efb8c77a787b3d0d72521087087a33b460c94f94cd540
#5 DONE 0.0s

#10 [builder 1/1] FROM gcr.io/fuzzbench/builders/afl/jansson_jansson
#10 sha256:eea4f589959c0c1d7dc7772d4cd983bc07ab434f23ae48582bf4647bffeceddb
#10 DONE 0.0s

#12 [internal] load build context
#12 sha256:5127d43326092a51d88795cfe21618bc440b167daed82a778d5c453ecb119cfe
#12 transferring context: 19.00MB 0.7s done
#12 DONE 0.8s

#9 [stage-1  4/13] WORKDIR /out
#9 sha256:f63173cba7124da52bb3854b132869a430f3d095b0a22532ca9f886382af5df7
#9 CACHED

#18 [stage-1 11/13] COPY experiment/runner.py /src/experiment/runner.py
#18 sha256:675a27212f90500fb6fc229a93832fecc5e7bcb75cd3c9a901bea310075b0fe0
#18 CACHED

#11 [stage-1  5/13] COPY --from=builder /out/ ./
#11 sha256:ee353d396f5e1ca702268f496f0849b303cc4b9db3a9cdad99b5c66ab06b1017
#11 CACHED

#16 [stage-1  9/13] RUN mkdir -p /out/seeds /out/corpus
#16 sha256:564798db7d08e31e2defd821bce83261b02ad1fa30a8b03b227bfa4087c45394
#16 CACHED

#17 [stage-1 10/13] COPY common /src/common
#17 sha256:902b031ad9f625043b9c0437c50a4b64dd79e011baafdeda891b09775da8a7a8
#17 CACHED

#19 [stage-1 12/13] COPY docker/benchmark-runner /src/docker/benchmark-runner
#19 sha256:bbfd69ef6bcb625dcbfd7e3b56ecd882dee90952e67b5abe722ca66a08fc14a4
#19 CACHED

#8 [stage-1  3/13] RUN mkdir -p /out
#8 sha256:b8c1de2d984f248916c9b9dfa532591a2410b920e99f662c6e2857aa42a47a70
#8 CACHED

#14 [stage-1  7/13] COPY fuzzers /src/fuzzers
#14 sha256:e7ba9486bd31f1fa81aa9a0e4df9f58326c6468c82edcd5b3bc946e0b737ba26
#14 CACHED

#7 [stage-1  2/13] RUN apt-get update -y && apt-get install -y     libglib2.0-0     libxml2     libarchive13     libgss3
#7 sha256:d7f3109a81d55e4e1af67eb91bab25f139c33e9a68c62738d35ed556865a0919
#7 CACHED

#13 [stage-1  6/13] COPY benchmarks /src/benchmarks
#13 sha256:cd4bda484357fdd6e367e5f4b7b4ec9f5f1769b4362d39d00011d4659ed38103
#13 CACHED

#15 [stage-1  8/13] RUN touch __init__.py
#15 sha256:38141c76acb97b73c5226f0f25e5dfa6f23b79046322a23a545d73a11780b11a
#15 CACHED

#20 [stage-1 13/13] RUN chmod +x /src/docker/benchmark-runner/startup-runner.sh
#20 sha256:f40ab1e4361560bb2313875098bf7a05295728ee8eb877913f2af656af67878f
#20 CACHED

#21 exporting to image
#21 sha256:e8c613e07b0b7ff33893b694f7759a10d42e180f2b4dc349fb57dc6b71dcab00
#21 exporting layers done
#21 writing image sha256:4df911a9138b92bec5dda9bcb2cdb974f3179d7b653cb7d7e395c559cb3cc701 0.0s done
#21 naming to gcr.io/fuzzbench/runners/afl/jansson_jansson done
#21 DONE 0.2s

#22 exporting cache
#22 sha256:2700d4ef94dee473593c5c614b55b2dedcca7893909811a8f2b48291a1f581e4
#22 preparing build cache for export done
#22 DONE 0.0s
INFO:root:Doing trial as part of experiment.
INFO:root:Starting trial.
ERROR:root:Fuzz target binary not found.
INFO:root:Doing final sync.
ERROR:root:Call to <function get_stats at 0x7f6713631ee0> failed. Extras: {'traceback': 'Traceback (most recent call last):\n  File "/src/experiment/runner.py", line 374, in record_stats\n    stats_json_str = fuzzer_module_get_stats(output_corpus,\n  File "/src/fuzzers/afl/fuzzer.py", line 51, in get_stats\n    with open(stats_file) as file_handle:\nFileNotFoundError: [Errno 2] No such file or directory: \'/out/corpus/fuzzer_stats\'\n'}
