WARNING:root:gcloud not found in PATH.
INFO:root:Successfully integrated benchmark: gopacket_gopacket.
INFO:root:Please run "make test-run-afl-gopacket_gopacket" to test integration.
#1 [internal] load build definition from Dockerfile
#1 sha256:5d806717a7ab05f4f035ee59aa68a1e6af89dfd7b047fc8c2fa547df3f839676
#1 transferring dockerfile:
#1 transferring dockerfile: 810B done
#1 DONE 0.2s

#2 [internal] load .dockerignore
#2 sha256:6b98777a56a203c7c82388fa7ee44aacf1e16f6ffca1d95de509fd97a517a3ef
#2 transferring context: 2B done
#2 DONE 0.7s

#3 [internal] load metadata for gcr.io/oss-fuzz-base/base-builder:latest
#3 sha256:f10dc39cc9d418a5bc416dead31a1902b6821fdae909cd3b08f7a3fd1faba7b5
#3 DONE 0.4s

#7 [internal] load build context
#7 sha256:f1b9fba09dccd58d6f02712a134f67e00884a1046bf30d9790c41e34f5725bf3
#7 DONE 0.0s

#5 [1/4] FROM gcr.io/oss-fuzz-base/base-builder@sha256:4ad017ca53699eda684c1c444948c93a4af848fe34baee3a765d3c4693fe6a56
#5 sha256:3f10b3978a3951f6e2692fa5e5890ee5a755650381dedece7198ed0b1dcdaa8c
#5 DONE 0.0s

#4 importing cache manifest from gcr.io/fuzzbench/builders/benchmark/gopacket_gopacket
#4 sha256:b92bf1f9babdf5ebbfad5b02605cdf81d4f6943356f4ed0ff3c9816a317769dd
#4 ERROR: gcr.io/fuzzbench/builders/benchmark/gopacket_gopacket:latest: not found

#5 [1/4] FROM gcr.io/oss-fuzz-base/base-builder@sha256:4ad017ca53699eda684c1c444948c93a4af848fe34baee3a765d3c4693fe6a56
#5 sha256:3f10b3978a3951f6e2692fa5e5890ee5a755650381dedece7198ed0b1dcdaa8c
#5 CACHED

#7 [internal] load build context
#7 sha256:f1b9fba09dccd58d6f02712a134f67e00884a1046bf30d9790c41e34f5725bf3
#7 transferring context: 1.11kB done
#7 DONE 0.0s

#6 [2/4] RUN go get github.com/google/gopacket
#6 sha256:b81e5c8dead57f432db95411dc02a17c25f4cc4ec48d1f3031a799aec5c06b26
#6 0.339 /bin/sh: 1: go: not found
#6 ERROR: executor failed running [/bin/sh -c go get github.com/google/gopacket]: exit code: 127
------
 > importing cache manifest from gcr.io/fuzzbench/builders/benchmark/gopacket_gopacket:
------
------
 > [2/4] RUN go get github.com/google/gopacket:
------
executor failed running [/bin/sh -c go get github.com/google/gopacket]: exit code: 127
make: *** [docker/generated.mk:18981: .gopacket_gopacket-project-builder] Error 1
/bin/sh: 1: source: not found
#1 [internal] load build definition from Dockerfile
#1 sha256:8f18bb6ab1af3ae0ca0a9fc8eb3980cf51b837f6b1289896f8d9868df6be5e0a
#1 transferring dockerfile: 32B done
#1 DONE 0.0s

#2 [internal] load .dockerignore
#2 sha256:83fc2000fc638a1e15b2f0bbad2ba8a4c1062db5c9fbbb0aa016e20fc310d224
#2 transferring context: 2B done
#2 DONE 0.0s

#3 [internal] load metadata for gcr.io/oss-fuzz-base/base-builder:latest
#3 sha256:f10dc39cc9d418a5bc416dead31a1902b6821fdae909cd3b08f7a3fd1faba7b5
#3 DONE 0.4s

#7 [internal] load build context
#7 sha256:54bb37a6f68adf6f0d3b32dc8ae3acc8c9b949f61c77c4f4d0291dad320e227f
#7 DONE 0.0s

#5 [1/4] FROM gcr.io/oss-fuzz-base/base-builder@sha256:4ad017ca53699eda684c1c444948c93a4af848fe34baee3a765d3c4693fe6a56
#5 sha256:3f10b3978a3951f6e2692fa5e5890ee5a755650381dedece7198ed0b1dcdaa8c
#5 DONE 0.0s

#4 importing cache manifest from gcr.io/fuzzbench/builders/benchmark/gopacket_gopacket
#4 sha256:b92bf1f9babdf5ebbfad5b02605cdf81d4f6943356f4ed0ff3c9816a317769dd
#4 ERROR: gcr.io/fuzzbench/builders/benchmark/gopacket_gopacket:latest: not found

#5 [1/4] FROM gcr.io/oss-fuzz-base/base-builder@sha256:4ad017ca53699eda684c1c444948c93a4af848fe34baee3a765d3c4693fe6a56
#5 sha256:3f10b3978a3951f6e2692fa5e5890ee5a755650381dedece7198ed0b1dcdaa8c
#5 CACHED

#7 [internal] load build context
#7 sha256:54bb37a6f68adf6f0d3b32dc8ae3acc8c9b949f61c77c4f4d0291dad320e227f
#7 transferring context: 30B done
#7 DONE 0.0s

#6 [2/4] RUN go get github.com/google/gopacket
#6 sha256:b81e5c8dead57f432db95411dc02a17c25f4cc4ec48d1f3031a799aec5c06b26
#6 0.352 /bin/sh: 1: go: not found
#6 ERROR: executor failed running [/bin/sh -c go get github.com/google/gopacket]: exit code: 127
------
 > importing cache manifest from gcr.io/fuzzbench/builders/benchmark/gopacket_gopacket:
------
------
 > [2/4] RUN go get github.com/google/gopacket:
------
executor failed running [/bin/sh -c go get github.com/google/gopacket]: exit code: 127
make: *** [docker/generated.mk:18981: .gopacket_gopacket-project-builder] Error 1
