WARNING:root:gcloud not found in PATH.
INFO:root:Successfully integrated benchmark: serde_json_serde_json.
INFO:root:Please run "make test-run-afl-serde_json_serde_json" to test integration.
#2 [internal] load .dockerignore
#2 sha256:5ebb06fad2531ec0b2fb78b406c93ff5feec406a95220d18e6c41ead36fd9781
#2 transferring context: 2B done
#2 ...

#1 [internal] load build definition from Dockerfile
#1 sha256:48351f213efc29c575a89be5b2b831ca75ea8e2624a2c683ecf3cb03d13cc1cb
#1 transferring dockerfile: 983B done
#1 DONE 0.8s

#2 [internal] load .dockerignore
#2 sha256:5ebb06fad2531ec0b2fb78b406c93ff5feec406a95220d18e6c41ead36fd9781
#2 DONE 1.0s

#3 [internal] load metadata for gcr.io/oss-fuzz-base/base-builder:latest
#3 sha256:f10dc39cc9d418a5bc416dead31a1902b6821fdae909cd3b08f7a3fd1faba7b5
#3 DONE 1.2s

#9 [internal] load build context
#9 sha256:7619d7ce719f1a5eaf49bdc6c9cbbbfa83f225e01c66b1650e0a100c2a24fe19
#9 DONE 0.0s

#5 [1/5] FROM gcr.io/oss-fuzz-base/base-builder@sha256:41d7bbe7827592680a606c9bba1aeb6e23c7502ce8b633923b06542f4c706e7c
#5 sha256:660db69324ed478291dd329cbbfe422dccbc173f9ab806c069fac341073eab8c
#5 DONE 0.0s

#4 importing cache manifest from gcr.io/fuzzbench/builders/benchmark/serde_json_serde_json
#4 sha256:727dd7d2a38a10f69a2749f64b6391b3780ffff44250b4183d3d0767969b0b89
#4 ERROR: gcr.io/fuzzbench/builders/benchmark/serde_json_serde_json:latest: not found

#9 [internal] load build context
#9 sha256:7619d7ce719f1a5eaf49bdc6c9cbbbfa83f225e01c66b1650e0a100c2a24fe19
#9 transferring context: 1.37kB done
#9 DONE 3.5s

#6 [2/5] RUN apt-get update && apt-get install -y make autoconf automake libtool curl cmake python llvm-dev libclang-dev clang
#6 sha256:c75a0411717db69bbf60117736af833b8ad74f7dd9b8896d6f9e0b767a74abd0
#6 CACHED

#7 [3/5] RUN git clone --depth 1 https://github.com/serde-rs/json json
#7 sha256:c139246daad412582a211e2ebfd4d90b44a1d9d23399a3dd05c207f0279cf05b
#7 CACHED

#8 [4/5] WORKDIR /src
#8 sha256:8c160281d5932e6108c4b574edc1b2e53f9dd677043c31bfc4786530e7ee4da5
#8 CACHED

#10 [5/5] COPY build.sh /src/
#10 sha256:f4f96f2d6bb18b7d538562711f60e87c00c149e9aaa10345f8fe35adedfc0abf
#10 DONE 3.0s

#11 exporting to image
#11 sha256:e8c613e07b0b7ff33893b694f7759a10d42e180f2b4dc349fb57dc6b71dcab00
#11 exporting layers done
#11 writing image sha256:6ed48af413720d57d734ca90aad893e3dccb3cc0918dc9a026b454cd6907f2ee
#11 writing image sha256:6ed48af413720d57d734ca90aad893e3dccb3cc0918dc9a026b454cd6907f2ee 0.0s done
#11 naming to gcr.io/fuzzbench/builders/benchmark/serde_json_serde_json 0.0s done
#11 DONE 0.4s

#12 exporting cache
#12 sha256:2700d4ef94dee473593c5c614b55b2dedcca7893909811a8f2b48291a1f581e4
#12 preparing build cache for export done
#12 DONE 0.0s
------
 > importing cache manifest from gcr.io/fuzzbench/builders/benchmark/serde_json_serde_json:
------
#1 [internal] load build definition from builder.Dockerfile
#1 sha256:7137c09a5bb65855b4d70c0526b5ad153d9cdf4b28be7f0a071aa296ba0acc65
#1 transferring dockerfile: 46B done
#1 DONE 0.1s

#2 [internal] load .dockerignore
#2 sha256:3770577a13c01bf2b37ef9996fdabd4f382dff52cc7b7ffda9d72e5dc6bef537
#2 transferring context: 2B done
#2 DONE 0.1s

#3 [internal] load metadata for gcr.io/fuzzbench/builders/benchmark/serde_json_serde_json:latest
#3 sha256:324fcfa6d2fba42293dcb6712343eaf6d848e3283e9c44d8232e94210a67682d
#3 DONE 0.0s

#5 [1/3] FROM gcr.io/fuzzbench/builders/benchmark/serde_json_serde_json
#5 sha256:5c740d6521fb69bb99299e0d7a2bc40f0d119c0cac0583f3849d9ebebf298f47
#5 DONE 0.0s

#4 importing cache manifest from gcr.io/fuzzbench/builders/afl/serde_json_serde_json-intermediate
#4 sha256:c21bc456c8a9b65234032b6c9ebeecc26c87c050714bae9a497e307085898e97
#4 ERROR: gcr.io/fuzzbench/builders/afl/serde_json_serde_json-intermediate:latest: not found

#5 [1/3] FROM gcr.io/fuzzbench/builders/benchmark/serde_json_serde_json
#5 sha256:5c740d6521fb69bb99299e0d7a2bc40f0d119c0cac0583f3849d9ebebf298f47
#5 DONE 0.7s

#6 [2/3] RUN git clone https://github.com/google/AFL.git /afl &&     cd /afl &&     git checkout 61037103ae3722c8060ff7082994836a794f978e &&     AFL_NO_X86=1 make
#6 sha256:25815df8a5d6268254f1a94781808ed75b1437767dc04bbaf078556028abaa44
#6 0.768 Cloning into '/afl'...
#6 1.560 Note: switching to '61037103ae3722c8060ff7082994836a794f978e'.
#6 1.560 
#6 1.560 You are in 'detached HEAD' state. You can look around, make experimental
#6 1.560 changes and commit them, and you can discard any commits you make in this
#6 1.560 state without impacting any branches by switching back to a branch.
#6 1.560 
#6 1.560 If you want to create a new branch to retain commits you create, you may
#6 1.560 do so (now or later) by using -c with the switch command. Example:
#6 1.560 
#6 1.560   git switch -c <new-branch-name>
#6 1.560 
#6 1.560 Or undo this operation with:
#6 1.560 
#6 1.560   git switch -
#6 1.560 
#6 1.560 Turn off this advice by setting config variable advice.detachedHead to false
#6 1.560 
#6 1.560 HEAD is now at 6103710 Fix a typo filename comparison in the fuzzer (#139)
#6 1.584 [!] Note: skipping x86 compilation checks (AFL_NO_X86 set).
#6 1.585 clang -O1 -fno-omit-frame-pointer -gline-tables-only -DFUZZING_BUILD_MODE_UNSAFE_FOR_PRODUCTION -Wall -D_FORTIFY_SOURCE=2 -g -Wno-pointer-sign -DAFL_PATH=\"/usr/local/lib/afl\" -DDOC_PATH=\"/usr/local/share/doc/afl\" -DBIN_PATH=\"/usr/local/bin\" afl-gcc.c -o afl-gcc -ldl
#6 1.768 set -e; for i in afl-g++ afl-clang afl-clang++; do ln -sf afl-gcc $i; done
#6 1.773 clang -O1 -fno-omit-frame-pointer -gline-tables-only -DFUZZING_BUILD_MODE_UNSAFE_FOR_PRODUCTION -Wall -D_FORTIFY_SOURCE=2 -g -Wno-pointer-sign -DAFL_PATH=\"/usr/local/lib/afl\" -DDOC_PATH=\"/usr/local/share/doc/afl\" -DBIN_PATH=\"/usr/local/bin\" afl-fuzz.c -o afl-fuzz -ldl
#6 4.151 clang -O1 -fno-omit-frame-pointer -gline-tables-only -DFUZZING_BUILD_MODE_UNSAFE_FOR_PRODUCTION -Wall -D_FORTIFY_SOURCE=2 -g -Wno-pointer-sign -DAFL_PATH=\"/usr/local/lib/afl\" -DDOC_PATH=\"/usr/local/share/doc/afl\" -DBIN_PATH=\"/usr/local/bin\" afl-showmap.c -o afl-showmap -ldl
#6 4.469 clang -O1 -fno-omit-frame-pointer -gline-tables-only -DFUZZING_BUILD_MODE_UNSAFE_FOR_PRODUCTION -Wall -D_FORTIFY_SOURCE=2 -g -Wno-pointer-sign -DAFL_PATH=\"/usr/local/lib/afl\" -DDOC_PATH=\"/usr/local/share/doc/afl\" -DBIN_PATH=\"/usr/local/bin\" afl-tmin.c -o afl-tmin -ldl
#6 4.900 clang -O1 -fno-omit-frame-pointer -gline-tables-only -DFUZZING_BUILD_MODE_UNSAFE_FOR_PRODUCTION -Wall -D_FORTIFY_SOURCE=2 -g -Wno-pointer-sign -DAFL_PATH=\"/usr/local/lib/afl\" -DDOC_PATH=\"/usr/local/share/doc/afl\" -DBIN_PATH=\"/usr/local/bin\" afl-gotcpu.c -o afl-gotcpu -ldl
#6 5.057 clang -O1 -fno-omit-frame-pointer -gline-tables-only -DFUZZING_BUILD_MODE_UNSAFE_FOR_PRODUCTION -Wall -D_FORTIFY_SOURCE=2 -g -Wno-pointer-sign -DAFL_PATH=\"/usr/local/lib/afl\" -DDOC_PATH=\"/usr/local/share/doc/afl\" -DBIN_PATH=\"/usr/local/bin\" afl-analyze.c -o afl-analyze -ldl
#6 5.453 clang -O1 -fno-omit-frame-pointer -gline-tables-only -DFUZZING_BUILD_MODE_UNSAFE_FOR_PRODUCTION -Wall -D_FORTIFY_SOURCE=2 -g -Wno-pointer-sign -DAFL_PATH=\"/usr/local/lib/afl\" -DDOC_PATH=\"/usr/local/share/doc/afl\" -DBIN_PATH=\"/usr/local/bin\" afl-as.c -o afl-as -ldl
#6 5.692 ln -sf afl-as as
#6 5.694 [!] Note: skipping build tests (you may need to use LLVM or QEMU mode).
#6 5.696 [+] LLVM users: see llvm_mode/README.llvm for a faster alternative to afl-gcc.
#6 5.698 [+] All done! Be sure to review README - it's pretty short and useful.
#6 DONE 7.0s

#7 [3/3] RUN apt-get update &&     apt-get install wget -y &&     wget https://raw.githubusercontent.com/llvm/llvm-project/5feb80e748924606531ba28c97fe65145c65372e/compiler-rt/lib/fuzzer/afl/afl_driver.cpp -O /afl/afl_driver.cpp &&     clang -Wno-pointer-sign -c /afl/llvm_mode/afl-llvm-rt.o.c -I/afl &&     clang++ -stdlib=libc++ -std=c++11 -O2 -c /afl/afl_driver.cpp &&     ar r /libAFL.a *.o
#7 sha256:0a8573b77f280e6a9dd10c1f64c29c2a73eb506fef360d401b199b1ddb5749a7
#7 0.813 Hit:1 http://ppa.launchpad.net/git-core/ppa/ubuntu focal InRelease
#7 0.813 Hit:2 http://archive.ubuntu.com/ubuntu focal InRelease
#7 0.813 Hit:3 http://archive.ubuntu.com/ubuntu focal-updates InRelease
#7 0.832 Hit:4 http://archive.ubuntu.com/ubuntu focal-backports InRelease
#7 0.946 Hit:5 http://security.ubuntu.com/ubuntu focal-security InRelease
#7 1.745 Reading package lists...
#7 3.337 Reading package lists...
#7 4.762 Building dependency tree...
#7 4.974 Reading state information...
#7 5.220 wget is already the newest version (1.20.3-1ubuntu2).
#7 5.220 0 upgraded, 0 newly installed, 0 to remove and 1 not upgraded.
#7 5.286 --2022-02-18 01:15:37--  https://raw.githubusercontent.com/llvm/llvm-project/5feb80e748924606531ba28c97fe65145c65372e/compiler-rt/lib/fuzzer/afl/afl_driver.cpp
#7 5.288 Resolving raw.githubusercontent.com (raw.githubusercontent.com)... 185.199.108.133, 185.199.109.133, 185.199.110.133, ...
#7 5.300 Connecting to raw.githubusercontent.com (raw.githubusercontent.com)|185.199.108.133|:443... connected.
#7 5.322 HTTP request sent, awaiting response... 200 OK
#7 5.500 Length: 9177 (9.0K) [text/plain]
#7 5.500 Saving to: '/afl/afl_driver.cpp'
#7 5.500 
#7 5.500      0K ........                                              100% 12.0M=0.001s
#7 5.501 
#7 5.501 2022-02-18 01:15:37 (12.0 MB/s) - '/afl/afl_driver.cpp' saved [9177/9177]
#7 5.501 
#7 8.512 ar: creating /libAFL.a
#7 DONE 11.6s

#8 exporting to image
#8 sha256:e8c613e07b0b7ff33893b694f7759a10d42e180f2b4dc349fb57dc6b71dcab00
#8 exporting layers done
#8 writing image sha256:270761334030d8c3550aff2dd1052ab02a981941fa13a24e64a08209bcacd11f
#8 writing image sha256:270761334030d8c3550aff2dd1052ab02a981941fa13a24e64a08209bcacd11f 0.0s done
#8 naming to gcr.io/fuzzbench/builders/afl/serde_json_serde_json-intermediate 0.0s done
#8 DONE 0.4s

#9 exporting cache
#9 sha256:2700d4ef94dee473593c5c614b55b2dedcca7893909811a8f2b48291a1f581e4
#9 preparing build cache for export done
#9 DONE 0.0s
------
 > importing cache manifest from gcr.io/fuzzbench/builders/afl/serde_json_serde_json-intermediate:
------
#2 [internal] load .dockerignore
#2 sha256:d06f0150d6424446031254ae85ecafb108027c93fb37ecdcc9b4c66fb2e08058
#2 transferring context: 34B done
#2 DONE 0.2s

#1 [internal] load build definition from Dockerfile
#1 sha256:9b4df115a9b457e307fa632eb461c68c1be14e6aed59dd9a67c329c79887f771
#1 transferring dockerfile: 2.00kB done
#1 DONE 0.2s

#3 [internal] load metadata for docker.io/library/ubuntu:xenial
#3 sha256:f62bae18ed588840f045c881b2502661f2a89578a2f8f99b83f5200ee83dd25b
#3 DONE 0.0s

#5 [1/7] FROM docker.io/library/ubuntu:xenial
#5 sha256:14dd403f25ae9e519bd44f27dc17af7ce80f5a4f9f48ca88108364e67ec5d360
#5 DONE 0.0s

#4 importing cache manifest from gcr.io/fuzzbench/base-image
#4 sha256:9b220ebb4d4daceed1b96df9b6dca076e762f1cd612574f010b82d5b9e5ad896
#4 DONE 0.0s

#8 [internal] load build context
#8 sha256:38cae82581d352690ffeb78ae7972d52a408befc2d09814bd125bd6260f2934e
#8 transferring context: 559B 0.0s done
#8 DONE 0.1s

#7 [3/7] RUN cd /tmp/ &&     curl -O https://www.python.org/ftp/python/3.8.6/Python-3.8.6.tar.xz &&     tar -xvf Python-3.8.6.tar.xz &&     cd Python-3.8.6 &&     ./configure --enable-loadable-sqlite-extensions --enable-optimizations &&     make -j install &&     rm -r /tmp/Python-3.8.6.tar.xz /tmp/Python-3.8.6
#7 sha256:c5b9d1fb3371e84dbc60b76e7b2f8d5913bc93bcd4910ab65daa03e7b2ec4bb0
#7 CACHED

#9 [4/7] COPY ./requirements.txt /
#9 sha256:63f77317aca241a494f420abbc696570fcf650d2f687a2b406301d62b28e96b4
#9 CACHED

#10 [5/7] RUN pip3 install -r /requirements.txt
#10 sha256:5df25703ab422f339830c67458d52cf151108befbf9393c9644bd7f60b695ba9
#10 CACHED

#11 [6/7] RUN apt-get update -y && apt-get install -y     apt-transport-https     lsb-release
#11 sha256:f735f5a71f8d0ddac094dd4ac871bca23cb1d41b000c38d52b373163ff2bbc44
#11 CACHED

#6 [2/7] RUN apt-get update -y && apt-get install -y     build-essential     rsync     curl     zlib1g-dev     libncurses5-dev     libgdbm-dev     libnss3-dev     libssl-dev     libreadline-dev     libffi-dev     virtualenv     libbz2-dev     liblzma-dev     libsqlite3-dev
#6 sha256:3a1b0960f17eed529eaae93dc8fd3554f2743dd584d8fa569cdbe6bc734371ac
#6 CACHED

#12 [7/7] RUN CLOUD_SDK_REPO="cloud-sdk-$(lsb_release -c -s)" &&     echo "deb https://packages.cloud.google.com/apt $CLOUD_SDK_REPO main"     | tee -a /etc/apt/sources.list.d/google-cloud-sdk.list &&     curl https://packages.cloud.google.com/apt/doc/apt-key.gpg     | apt-key add - &&     apt-get update -y &&     apt-get install -y google-cloud-sdk
#12 sha256:28e6db7dd88f3dbb6f8605637ed7d523e73be0c9653c62e4c6a1423fd8d0fe7a
#12 CACHED

#13 exporting to image
#13 sha256:e8c613e07b0b7ff33893b694f7759a10d42e180f2b4dc349fb57dc6b71dcab00
#13 exporting layers done
#13 writing image sha256:b63d9e35e1d27432ba62a0e358b3878140f549eb12be87f86addae674564f405 0.0s done
#13 naming to gcr.io/fuzzbench/base-image done
#13 DONE 0.1s

#14 exporting cache
#14 sha256:2700d4ef94dee473593c5c614b55b2dedcca7893909811a8f2b48291a1f581e4
#14 preparing build cache for export done
#14 DONE 0.0s
#1 [internal] load build definition from Dockerfile
#1 sha256:8970e6e8596145904725ae328878f9e23b94e965a4d3544095bc80d7e57e2212
#1 transferring dockerfile: 2.22kB done
#1 DONE 0.1s

#2 [internal] load .dockerignore
#2 sha256:c2dfac378f9e52735998591caec49e4b12a8224b3f5c0599d6f5a2aa55ef6bf0
#2 transferring context: 34B done
#2 DONE 0.1s

#3 [internal] load metadata for gcr.io/fuzzbench/builders/afl/serde_json_serde_json-intermediate:latest
#3 sha256:617fc1993711898e7e564cd29e552589d55c1ca87e1b3dfd15bd3cfd9ec7de53
#3 DONE 0.0s

#7 [base-image 1/1] FROM gcr.io/fuzzbench/base-image
#7 sha256:4d07825694520f8b6f6a0d8592dbd345433361ae044cb7f06706c5a95e3daaad
#7 CACHED

#4 [internal] load metadata for gcr.io/fuzzbench/base-image:latest
#4 sha256:932022888f650cc455b10eb5123bb08c0cccacac29a693e69314abbfd28a72c3
#4 DONE 0.0s

#12 [internal] load build context
#12 sha256:df8c23dfe0e318627bd72a15de13a4300f99514842c68c71392fcb7e35a96c03
#12 DONE 0.0s

#6 [stage-1  1/13] FROM gcr.io/fuzzbench/builders/afl/serde_json_serde_json-intermediate
#6 sha256:5f8250ced1b8ad4464a1041a9263252def5bc77a4982519f6a3063309e892406
#6 DONE 0.0s

#5 importing cache manifest from gcr.io/fuzzbench/builders/afl/serde_json_serde_json
#5 sha256:1da3cb338338b38a13292df0caf83617fae0ab9d460051a21d9aec9abeddcf9e
#5 ERROR: gcr.io/fuzzbench/builders/afl/serde_json_serde_json:latest: not found

#12 [internal] load build context
#12 sha256:df8c23dfe0e318627bd72a15de13a4300f99514842c68c71392fcb7e35a96c03
#12 transferring context: 669.89kB 0.1s done
#12 DONE 0.3s

#6 [stage-1  1/13] FROM gcr.io/fuzzbench/builders/afl/serde_json_serde_json-intermediate
#6 sha256:5f8250ced1b8ad4464a1041a9263252def5bc77a4982519f6a3063309e892406
#6 DONE 1.4s

#8 [stage-1  2/13] COPY --from=base-image /usr/local/bin/python3* /usr/local/bin/
#8 sha256:e22990b1ca47f5df739cf1189cfbe30bd5473b0f1377ea6b9ac7b469f631a6ad
#8 DONE 1.3s

#9 [stage-1  3/13] COPY --from=base-image /usr/local/lib/python3.8 /usr/local/lib/python3.8
#9 sha256:7ae4f6a69731d4d94c12ccb45b41bfdaa099bd04ff250ed41c153fe198b31d2c
#9 DONE 78.0s

#10 [stage-1  4/13] COPY --from=base-image /usr/local/include/python3.8 /usr/local/include/python3.8
#10 sha256:372ab4daa3952bd562deb234d894c639cd1206faeea4b1caab9535c868808b58
#10 DONE 0.5s

#11 [stage-1  5/13] COPY --from=base-image /usr/local/lib/python3.8/site-packages /usr/local/lib/python3.8/site-packages
#11 sha256:ddfa0ebe2f74302eeefb0f2fd5de0d3ae52d4172dccb0d6751ba331b6170d969
#11 DONE 64.6s

#13 [stage-1  6/13] COPY fuzzers /src/fuzzers
#13 sha256:786561fc446f8850eea2e804586ee4006339126c148457c28260afd17ce417eb
#13 DONE 0.4s

#14 [stage-1  7/13] RUN touch /src/__init__.py
#14 sha256:9627bc25aa10eecdb2f27e284e0907d97a2dc5aafeb3e768caacc8eb1f21d491
#14 DONE 1.5s

#15 [stage-1  8/13] COPY benchmarks/serde_json_serde_json/benchmark.yaml /
#15 sha256:625f2c75f24f339436f9047a197a3cb6399a34ec5c5379db47cbc8a8736476e8
#15 DONE 2.4s

#16 [stage-1  9/13] RUN mkdir /opt/fuzzbench/
#16 sha256:966a604f37435e3d836c0b373df2d960e2fcbdc56df983ffba77e8b0ca83e3b8
#16 DONE 4.7s

#17 [stage-1 10/13] COPY docker/benchmark-builder/checkout_commit.py /opt/fuzzbench/
#17 sha256:9d788807f83b9229cc7dc2537e477b2bcc5e76c20fe2aed263f73212f2b84644
#17 DONE 0.6s

#18 [stage-1 11/13] RUN export CHECKOUT_COMMIT=$(cat /benchmark.yaml | tr -d ' ' | grep 'commit:' | cut -d ':' -f2) &&     python3 -u /opt/fuzzbench/checkout_commit.py $CHECKOUT_COMMIT /src
#18 sha256:add64e65b48e4988e451553927ad8623e0267ebea68332eb9a7adace928ab0ed
#18 0.626 Checking out commit 4f7cf1b3
#18 2.629 From https://github.com/serde-rs/json
#18 2.629  * [new tag]         v0.6.0     -> v0.6.0
#18 2.629  * [new tag]         v0.7.0     -> v0.7.0
#18 2.630  * [new tag]         v0.7.1     -> v0.7.1
#18 2.630  * [new tag]         v0.7.2     -> v0.7.2
#18 2.630  * [new tag]         v0.7.3     -> v0.7.3
#18 2.631  * [new tag]         v0.7.4     -> v0.7.4
#18 2.631  * [new tag]         v0.8.0     -> v0.8.0
#18 2.631  * [new tag]         v0.8.0-rc1 -> v0.8.0-rc1
#18 2.631  * [new tag]         v0.8.1     -> v0.8.1
#18 2.632  * [new tag]         v0.8.2     -> v0.8.2
#18 2.632  * [new tag]         v0.8.3     -> v0.8.3
#18 2.632  * [new tag]         v0.8.4     -> v0.8.4
#18 2.632  * [new tag]         v0.8.5     -> v0.8.5
#18 2.633  * [new tag]         v0.8.6     -> v0.8.6
#18 2.633  * [new tag]         v0.9.0     -> v0.9.0
#18 2.633  * [new tag]         v0.9.0-rc1 -> v0.9.0-rc1
#18 2.633  * [new tag]         v0.9.0-rc2 -> v0.9.0-rc2
#18 2.634  * [new tag]         v0.9.0-rc3 -> v0.9.0-rc3
#18 2.634  * [new tag]         v0.9.1     -> v0.9.1
#18 2.634  * [new tag]         v0.9.10    -> v0.9.10
#18 2.634  * [new tag]         v0.9.2     -> v0.9.2
#18 2.635  * [new tag]         v0.9.3     -> v0.9.3
#18 2.635  * [new tag]         v0.9.4     -> v0.9.4
#18 2.635  * [new tag]         v0.9.5     -> v0.9.5
#18 2.636  * [new tag]         v0.9.6     -> v0.9.6
#18 2.636  * [new tag]         v0.9.7     -> v0.9.7
#18 2.636  * [new tag]         v0.9.8     -> v0.9.8
#18 2.636  * [new tag]         v0.9.9     -> v0.9.9
#18 2.637  * [new tag]         v1.0.0     -> v1.0.0
#18 2.637  * [new tag]         v1.0.1     -> v1.0.1
#18 2.638  * [new tag]         v1.0.10    -> v1.0.10
#18 2.638  * [new tag]         v1.0.11    -> v1.0.11
#18 2.638  * [new tag]         v1.0.12    -> v1.0.12
#18 2.639  * [new tag]         v1.0.13    -> v1.0.13
#18 2.639  * [new tag]         v1.0.14    -> v1.0.14
#18 2.639  * [new tag]         v1.0.15    -> v1.0.15
#18 2.640  * [new tag]         v1.0.16    -> v1.0.16
#18 2.640  * [new tag]         v1.0.17    -> v1.0.17
#18 2.640  * [new tag]         v1.0.18    -> v1.0.18
#18 2.640  * [new tag]         v1.0.19    -> v1.0.19
#18 2.640  * [new tag]         v1.0.2     -> v1.0.2
#18 2.641  * [new tag]         v1.0.20    -> v1.0.20
#18 2.641  * [new tag]         v1.0.21    -> v1.0.21
#18 2.641  * [new tag]         v1.0.22    -> v1.0.22
#18 2.642  * [new tag]         v1.0.23    -> v1.0.23
#18 2.642  * [new tag]         v1.0.24    -> v1.0.24
#18 2.642  * [new tag]         v1.0.25    -> v1.0.25
#18 2.642  * [new tag]         v1.0.26    -> v1.0.26
#18 2.643  * [new tag]         v1.0.27    -> v1.0.27
#18 2.643  * [new tag]         v1.0.28    -> v1.0.28
#18 2.643  * [new tag]         v1.0.29    -> v1.0.29
#18 2.643  * [new tag]         v1.0.3     -> v1.0.3
#18 2.644  * [new tag]         v1.0.30    -> v1.0.30
#18 2.644  * [new tag]         v1.0.31    -> v1.0.31
#18 2.644  * [new tag]         v1.0.32    -> v1.0.32
#18 2.644  * [new tag]         v1.0.33    -> v1.0.33
#18 2.645  * [new tag]         v1.0.34    -> v1.0.34
#18 2.645  * [new tag]         v1.0.35    -> v1.0.35
#18 2.645  * [new tag]         v1.0.36    -> v1.0.36
#18 2.645  * [new tag]         v1.0.37    -> v1.0.37
#18 2.646  * [new tag]         v1.0.38    -> v1.0.38
#18 2.646  * [new tag]         v1.0.39    -> v1.0.39
#18 2.646  * [new tag]         v1.0.4     -> v1.0.4
#18 2.646  * [new tag]         v1.0.40    -> v1.0.40
#18 2.647  * [new tag]         v1.0.41    -> v1.0.41
#18 2.647  * [new tag]         v1.0.42    -> v1.0.42
#18 2.647  * [new tag]         v1.0.43    -> v1.0.43
#18 2.647  * [new tag]         v1.0.44    -> v1.0.44
#18 2.648  * [new tag]         v1.0.45    -> v1.0.45
#18 2.648  * [new tag]         v1.0.46    -> v1.0.46
#18 2.648  * [new tag]         v1.0.47    -> v1.0.47
#18 2.649  * [new tag]         v1.0.48    -> v1.0.48
#18 2.649  * [new tag]         v1.0.49    -> v1.0.49
#18 2.649  * [new tag]         v1.0.5     -> v1.0.5
#18 2.649  * [new tag]         v1.0.50    -> v1.0.50
#18 2.650  * [new tag]         v1.0.51    -> v1.0.51
#18 2.650  * [new tag]         v1.0.52    -> v1.0.52
#18 2.650  * [new tag]         v1.0.53    -> v1.0.53
#18 2.650  * [new tag]         v1.0.54    -> v1.0.54
#18 2.651  * [new tag]         v1.0.55    -> v1.0.55
#18 2.651  * [new tag]         v1.0.56    -> v1.0.56
#18 2.651  * [new tag]         v1.0.57    -> v1.0.57
#18 2.651  * [new tag]         v1.0.58    -> v1.0.58
#18 2.652  * [new tag]         v1.0.59    -> v1.0.59
#18 2.652  * [new tag]         v1.0.6     -> v1.0.6
#18 2.652  * [new tag]         v1.0.60    -> v1.0.60
#18 2.652  * [new tag]         v1.0.61    -> v1.0.61
#18 2.653  * [new tag]         v1.0.62    -> v1.0.62
#18 2.653  * [new tag]         v1.0.63    -> v1.0.63
#18 2.653  * [new tag]         v1.0.64    -> v1.0.64
#18 2.653  * [new tag]         v1.0.65    -> v1.0.65
#18 2.653  * [new tag]         v1.0.66    -> v1.0.66
#18 2.654  * [new tag]         v1.0.67    -> v1.0.67
#18 2.654  * [new tag]         v1.0.68    -> v1.0.68
#18 2.654  * [new tag]         v1.0.69    -> v1.0.69
#18 2.654  * [new tag]         v1.0.7     -> v1.0.7
#18 2.655  * [new tag]         v1.0.70    -> v1.0.70
#18 2.655  * [new tag]         v1.0.71    -> v1.0.71
#18 2.655  * [new tag]         v1.0.72    -> v1.0.72
#18 2.655  * [new tag]         v1.0.73    -> v1.0.73
#18 2.656  * [new tag]         v1.0.74    -> v1.0.74
#18 2.656  * [new tag]         v1.0.75    -> v1.0.75
#18 2.656  * [new tag]         v1.0.76    -> v1.0.76
#18 2.656  * [new tag]         v1.0.77    -> v1.0.77
#18 2.657  * [new tag]         v1.0.78    -> v1.0.78
#18 2.657  * [new tag]         v1.0.8     -> v1.0.8
#18 2.657  * [new tag]         v1.0.9     -> v1.0.9
#18 2.664 error: pathspec '4f7cf1b3' did not match any file(s) known to git
#18 2.681 error: pathspec '4f7cf1b3' did not match any file(s) known to git
#18 2.687 error: pathspec '4f7cf1b3' did not match any file(s) known to git
#18 2.728 Checkout unsuccessful.
#18 DONE 7.5s

#19 [stage-1 12/13] RUN echo "#!/bin/bash\nPYTHONPATH=/src python3 -u -c "from fuzzers import utils; utils.initialize_env(); from fuzzers.afl import fuzzer; fuzzer.build()"" > /usr/bin/fuzzer_build &&     chmod +x /usr/bin/fuzzer_build
#19 sha256:7201a5b63daa9081b9aa51810c18ccc9ac146b48ff8a4dc728d566a197c97499
#19 DONE 1.0s

#20 [stage-1 13/13] RUN echo "Run fuzzer_build to build the target" && if [ -z "$debug_builder" ] ; then fuzzer_build; fi
#20 sha256:2ff3e8f050e57c7108d6c1a8d0aaeb3abbc4ce8b7362ced42afa965e493791e8
#20 0.578 Run fuzzer_build to build the target
#20 0.698 FUZZ_TARGET = serde_json
#20 0.698 CFLAGS = -DFUZZING_BUILD_MODE_UNSAFE_FOR_PRODUCTION -pthread -Wl,--no-as-needed -Wl,-ldl -Wl,-lm -Wno-unused-command-line-argument -O3
#20 0.698 CXXFLAGS = -DFUZZING_BUILD_MODE_UNSAFE_FOR_PRODUCTION -pthread -Wl,--no-as-needed -Wl,-ldl -Wl,-lm -Wno-unused-command-line-argument -stdlib=libc++ -O3
#20 0.712 Building benchmark serde_json_serde_json with fuzzer afl
#20 0.716 + export CUSTOM_LIBFUZZER_PATH=/usr/lib/libFuzzingEngine.a
#20 0.716 + CUSTOM_LIBFUZZER_PATH=/usr/lib/libFuzzingEngine.a
#20 0.716 + export CUSTOM_LIBFUZZER_STD_CXX=c++
#20 0.716 + CUSTOM_LIBFUZZER_STD_CXX=c++
#20 0.716 + export 'CFLAGS=-O1 -fno-omit-frame-pointer -gline-tables-only -DFUZZING_BUILD_MODE_UNSAFE_FOR_PRODUCTION'
#20 0.716 + CFLAGS='-O1 -fno-omit-frame-pointer -gline-tables-only -DFUZZING_BUILD_MODE_UNSAFE_FOR_PRODUCTION'
#20 0.716 + export CXXFLAGS_EXTRA=-stdlib=libc++
#20 0.716 + CXXFLAGS_EXTRA=-stdlib=libc++
#20 0.716 + export 'CXXFLAGS=-O1 -fno-omit-frame-pointer -gline-tables-only -DFUZZING_BUILD_MODE_UNSAFE_FOR_PRODUCTION -stdlib=libc++'
#20 0.716 + CXXFLAGS='-O1 -fno-omit-frame-pointer -gline-tables-only -DFUZZING_BUILD_MODE_UNSAFE_FOR_PRODUCTION -stdlib=libc++'
#20 0.716 + export 'RUSTFLAGS=-Cdebuginfo=1 -Cforce-frame-pointers'
#20 0.716 + RUSTFLAGS='-Cdebuginfo=1 -Cforce-frame-pointers'
#20 0.716 + cd /src/json
#20 0.716 + cargo fuzz build -O
#20 0.719 /usr/local/bin/cargo: line 55: /rust/bin/cargo: No such file or directory
#20 0.720 Traceback (most recent call last):
#20 0.720   File "<string>", line 1, in <module>
#20 0.721   File "/src/fuzzers/afl/fuzzer.py", line 40, in build
#20 0.721     utils.build_benchmark()
#20 0.721   File "/src/fuzzers/utils.py", line 82, in build_benchmark
#20 0.721     subprocess.check_call(['/bin/bash', '-ex', build_script], env=env)
#20 0.721   File "/usr/local/lib/python3.8/subprocess.py", line 364, in check_call
#20 0.722     raise CalledProcessError(retcode, cmd)
#20 0.722 subprocess.CalledProcessError: Command '['/bin/bash', '-ex', '/src/build.sh']' returned non-zero exit status 127.
#20 ERROR: executor failed running [/bin/sh -c echo "Run fuzzer_build to build the target" && if [ -z "$debug_builder" ] ; then fuzzer_build; fi]: exit code: 1
------
 > importing cache manifest from gcr.io/fuzzbench/builders/afl/serde_json_serde_json:
------
------
 > [stage-1 13/13] RUN echo "Run fuzzer_build to build the target" && if [ -z "$debug_builder" ] ; then fuzzer_build; fi:
------
executor failed running [/bin/sh -c echo "Run fuzzer_build to build the target" && if [ -z "$debug_builder" ] ; then fuzzer_build; fi]: exit code: 1
make: *** [docker/generated.mk:2835287: .afl-serde_json_serde_json-builder] Error 1
/bin/sh: 1: source: not found
#1 [internal] load build definition from Dockerfile
#1 sha256:1d12d783daa4ff5b451ba562b864b8358f103102812d48e72c5e44eb0ea8fefc
#1 transferring dockerfile: 32B done
#1 ...

#2 [internal] load .dockerignore
#2 sha256:9089d2e8b6c446aa1d65842b4fde6c6aa615b3a0bcfaa787c7c4bba3ab70fc54
#2 transferring context: 2B done
#2 DONE 1.7s

#1 [internal] load build definition from Dockerfile
#1 sha256:1d12d783daa4ff5b451ba562b864b8358f103102812d48e72c5e44eb0ea8fefc
#1 DONE 1.8s

#3 [internal] load metadata for gcr.io/oss-fuzz-base/base-builder:latest
#3 sha256:f10dc39cc9d418a5bc416dead31a1902b6821fdae909cd3b08f7a3fd1faba7b5
#3 DONE 0.7s

#5 [1/5] FROM gcr.io/oss-fuzz-base/base-builder@sha256:41d7bbe7827592680a606c9bba1aeb6e23c7502ce8b633923b06542f4c706e7c
#5 sha256:660db69324ed478291dd329cbbfe422dccbc173f9ab806c069fac341073eab8c
#5 DONE 0.0s

#4 importing cache manifest from gcr.io/fuzzbench/builders/benchmark/serde_json_serde_json
#4 sha256:727dd7d2a38a10f69a2749f64b6391b3780ffff44250b4183d3d0767969b0b89
#4 DONE 0.0s

#9 [internal] load build context
#9 sha256:55fa0066f95022c5ced477354ee086eed7c1d048a695bd6d7b447f49a1be7b7d
#9 transferring context: 30B done
#9 DONE 0.4s

#6 [2/5] RUN apt-get update && apt-get install -y make autoconf automake libtool curl cmake python llvm-dev libclang-dev clang
#6 sha256:c75a0411717db69bbf60117736af833b8ad74f7dd9b8896d6f9e0b767a74abd0
#6 CACHED

#7 [3/5] RUN git clone --depth 1 https://github.com/serde-rs/json json
#7 sha256:c139246daad412582a211e2ebfd4d90b44a1d9d23399a3dd05c207f0279cf05b
#7 CACHED

#8 [4/5] WORKDIR /src
#8 sha256:8c160281d5932e6108c4b574edc1b2e53f9dd677043c31bfc4786530e7ee4da5
#8 CACHED

#10 [5/5] COPY build.sh /src/
#10 sha256:ae2238e195f2e752b615b8ab2d1bf8012d6dd3cf4bee3a67aa5b185076e09f5d
#10 CACHED

#11 exporting to image
#11 sha256:e8c613e07b0b7ff33893b694f7759a10d42e180f2b4dc349fb57dc6b71dcab00
#11 exporting layers done
#11 writing image sha256:6ed48af413720d57d734ca90aad893e3dccb3cc0918dc9a026b454cd6907f2ee
#11 writing image sha256:6ed48af413720d57d734ca90aad893e3dccb3cc0918dc9a026b454cd6907f2ee 0.0s done
#11 naming to gcr.io/fuzzbench/builders/benchmark/serde_json_serde_json done
#11 DONE 1.2s

#12 exporting cache
#12 sha256:2700d4ef94dee473593c5c614b55b2dedcca7893909811a8f2b48291a1f581e4
#12 preparing build cache for export done
#12 DONE 0.0s
#1 [internal] load build definition from builder.Dockerfile
#1 sha256:774f6f1dff3fc40d8ea2dbe591bb7e6a6ee2e521e52a64bf853e6dec01a8bcc3
#1 transferring dockerfile: 46B done
#1 DONE 0.1s

#2 [internal] load .dockerignore
#2 sha256:2ae58e5e436a895c6e23216d7ced0d0722a86187191045aba91504d999ad5901
#2 transferring context: 2B done
#2 DONE 0.2s

#3 [internal] load metadata for gcr.io/fuzzbench/builders/benchmark/serde_json_serde_json:latest
#3 sha256:324fcfa6d2fba42293dcb6712343eaf6d848e3283e9c44d8232e94210a67682d
#3 DONE 0.0s

#4 importing cache manifest from gcr.io/fuzzbench/builders/afl/serde_json_serde_json-intermediate
#4 sha256:c21bc456c8a9b65234032b6c9ebeecc26c87c050714bae9a497e307085898e97
#4 DONE 0.0s

#5 [1/3] FROM gcr.io/fuzzbench/builders/benchmark/serde_json_serde_json
#5 sha256:5c740d6521fb69bb99299e0d7a2bc40f0d119c0cac0583f3849d9ebebf298f47
#5 DONE 0.0s

#6 [2/3] RUN git clone https://github.com/google/AFL.git /afl &&     cd /afl &&     git checkout 61037103ae3722c8060ff7082994836a794f978e &&     AFL_NO_X86=1 make
#6 sha256:25815df8a5d6268254f1a94781808ed75b1437767dc04bbaf078556028abaa44
#6 CACHED

#7 [3/3] RUN apt-get update &&     apt-get install wget -y &&     wget https://raw.githubusercontent.com/llvm/llvm-project/5feb80e748924606531ba28c97fe65145c65372e/compiler-rt/lib/fuzzer/afl/afl_driver.cpp -O /afl/afl_driver.cpp &&     clang -Wno-pointer-sign -c /afl/llvm_mode/afl-llvm-rt.o.c -I/afl &&     clang++ -stdlib=libc++ -std=c++11 -O2 -c /afl/afl_driver.cpp &&     ar r /libAFL.a *.o
#7 sha256:0a8573b77f280e6a9dd10c1f64c29c2a73eb506fef360d401b199b1ddb5749a7
#7 CACHED

#8 exporting to image
#8 sha256:e8c613e07b0b7ff33893b694f7759a10d42e180f2b4dc349fb57dc6b71dcab00
#8 exporting layers done
#8 writing image sha256:270761334030d8c3550aff2dd1052ab02a981941fa13a24e64a08209bcacd11f
#8 writing image sha256:270761334030d8c3550aff2dd1052ab02a981941fa13a24e64a08209bcacd11f 0.0s done
#8 naming to gcr.io/fuzzbench/builders/afl/serde_json_serde_json-intermediate done
#8 DONE 0.4s

#9 exporting cache
#9 sha256:2700d4ef94dee473593c5c614b55b2dedcca7893909811a8f2b48291a1f581e4
#9 preparing build cache for export done
#9 DONE 0.0s
#2 [internal] load .dockerignore
#2 sha256:026326a8c65f91ff92bcd2608705cbf99e69c906d89bea115e4099b49cde36f4
#2 transferring context:
#2 transferring context: 34B done
#2 DONE 0.9s

#1 [internal] load build definition from Dockerfile
#1 sha256:8f564e2f36492a9a7de7de8d18b2eae6781a412f6223ac8523f1915944930cf2
#1 transferring dockerfile: 2.00kB done
#1 DONE 0.9s

#3 [internal] load metadata for docker.io/library/ubuntu:xenial
#3 sha256:f62bae18ed588840f045c881b2502661f2a89578a2f8f99b83f5200ee83dd25b
#3 DONE 0.0s

#4 importing cache manifest from gcr.io/fuzzbench/base-image
#4 sha256:9b220ebb4d4daceed1b96df9b6dca076e762f1cd612574f010b82d5b9e5ad896
#4 DONE 0.0s

#5 [1/7] FROM docker.io/library/ubuntu:xenial
#5 sha256:14dd403f25ae9e519bd44f27dc17af7ce80f5a4f9f48ca88108364e67ec5d360
#5 DONE 0.0s

#8 [internal] load build context
#8 sha256:2bcd1784b622bc17ae4587f5c80a92d5938d16fb5afa6605b75d39af717d06aa
#8 transferring context: 559B 0.0s done
#8 DONE 0.1s

#6 [2/7] RUN apt-get update -y && apt-get install -y     build-essential     rsync     curl     zlib1g-dev     libncurses5-dev     libgdbm-dev     libnss3-dev     libssl-dev     libreadline-dev     libffi-dev     virtualenv     libbz2-dev     liblzma-dev     libsqlite3-dev
#6 sha256:3a1b0960f17eed529eaae93dc8fd3554f2743dd584d8fa569cdbe6bc734371ac
#6 CACHED

#7 [3/7] RUN cd /tmp/ &&     curl -O https://www.python.org/ftp/python/3.8.6/Python-3.8.6.tar.xz &&     tar -xvf Python-3.8.6.tar.xz &&     cd Python-3.8.6 &&     ./configure --enable-loadable-sqlite-extensions --enable-optimizations &&     make -j install &&     rm -r /tmp/Python-3.8.6.tar.xz /tmp/Python-3.8.6
#7 sha256:c5b9d1fb3371e84dbc60b76e7b2f8d5913bc93bcd4910ab65daa03e7b2ec4bb0
#7 CACHED

#9 [4/7] COPY ./requirements.txt /
#9 sha256:6b4e77311bb5e81a9b6ac636230cdc5f38288f5e0abfe8e8f87f62b5502748c4
#9 CACHED

#10 [5/7] RUN pip3 install -r /requirements.txt
#10 sha256:5d25cb39bf336ac98d1b22df76b957fbc8e7c595cd6b192396b9aee36819ddc8
#10 CACHED

#11 [6/7] RUN apt-get update -y && apt-get install -y     apt-transport-https     lsb-release
#11 sha256:179a5f512dbad4c4598208514026032e25fd5626f40aca907ae16f7676069e0b
#11 CACHED

#12 [7/7] RUN CLOUD_SDK_REPO="cloud-sdk-$(lsb_release -c -s)" &&     echo "deb https://packages.cloud.google.com/apt $CLOUD_SDK_REPO main"     | tee -a /etc/apt/sources.list.d/google-cloud-sdk.list &&     curl https://packages.cloud.google.com/apt/doc/apt-key.gpg     | apt-key add - &&     apt-get update -y &&     apt-get install -y google-cloud-sdk
#12 sha256:e5500a8959a2e56c118a545605c85dce9e2ebaf3c3ade618a98f4d782ed446ff
#12 CACHED

#13 exporting to image
#13 sha256:e8c613e07b0b7ff33893b694f7759a10d42e180f2b4dc349fb57dc6b71dcab00
#13 exporting layers done
#13 writing image sha256:b63d9e35e1d27432ba62a0e358b3878140f549eb12be87f86addae674564f405
#13 writing image sha256:b63d9e35e1d27432ba62a0e358b3878140f549eb12be87f86addae674564f405 0.0s done
#13 naming to gcr.io/fuzzbench/base-image done
#13 DONE 0.1s

#14 exporting cache
#14 sha256:2700d4ef94dee473593c5c614b55b2dedcca7893909811a8f2b48291a1f581e4
#14 preparing build cache for export done
#14 DONE 0.0s
#2 [internal] load .dockerignore
#2 sha256:a0e0245839f1b6b336cc2ee2ffe650c7791cca386f21f0fafb93513efd3fb357
#2 transferring context: 34B done
#2 DONE 1.6s

#1 [internal] load build definition from Dockerfile
#1 sha256:fd33daa68db7ea87c6f5fae65aab7cd7fe0dfdb2e915e582e6b028310a0da7e3
#1 transferring dockerfile: 2.22kB done
#1 DONE 1.6s

#4 [internal] load metadata for gcr.io/fuzzbench/base-image:latest
#4 sha256:932022888f650cc455b10eb5123bb08c0cccacac29a693e69314abbfd28a72c3
#4 DONE 0.0s

#3 [internal] load metadata for gcr.io/fuzzbench/builders/afl/serde_json_serde_json-intermediate:latest
#3 sha256:617fc1993711898e7e564cd29e552589d55c1ca87e1b3dfd15bd3cfd9ec7de53
#3 DONE 0.0s

#7 [base-image 1/1] FROM gcr.io/fuzzbench/base-image
#7 sha256:4d07825694520f8b6f6a0d8592dbd345433361ae044cb7f06706c5a95e3daaad
#7 CACHED

#12 [internal] load build context
#12 sha256:2f46b40db9749831b2716f6a69a6fab3fe05f416b605849447be908695529661
#12 DONE 0.0s

#6 [stage-1  1/13] FROM gcr.io/fuzzbench/builders/afl/serde_json_serde_json-intermediate
#6 sha256:5f8250ced1b8ad4464a1041a9263252def5bc77a4982519f6a3063309e892406
#6 DONE 0.0s

#5 importing cache manifest from gcr.io/fuzzbench/builders/afl/serde_json_serde_json
#5 sha256:1da3cb338338b38a13292df0caf83617fae0ab9d460051a21d9aec9abeddcf9e
#5 ERROR: gcr.io/fuzzbench/builders/afl/serde_json_serde_json:latest: not found

#12 [internal] load build context
#12 sha256:2f46b40db9749831b2716f6a69a6fab3fe05f416b605849447be908695529661
#12 transferring context: 669.89kB 0.1s done
#12 DONE 0.2s

#13 [stage-1  6/13] COPY fuzzers /src/fuzzers
#13 sha256:787a7f34af8a36f40f60aa6accfcf3bcbd0017179a78f8ee7cfb3aba524d5f84
#13 CACHED

#17 [stage-1 10/13] COPY docker/benchmark-builder/checkout_commit.py /opt/fuzzbench/
#17 sha256:ac62b4ec63b655816df69c9c65b92f8f58c6694830beea0a8cc8123e33a4726f
#17 CACHED

#10 [stage-1  4/13] COPY --from=base-image /usr/local/include/python3.8 /usr/local/include/python3.8
#10 sha256:372ab4daa3952bd562deb234d894c639cd1206faeea4b1caab9535c868808b58
#10 CACHED

#16 [stage-1  9/13] RUN mkdir /opt/fuzzbench/
#16 sha256:549a16cdff5943afa4916f763a6dcbc26078a4df7e85365d691d2327a918c1b5
#16 CACHED

#8 [stage-1  2/13] COPY --from=base-image /usr/local/bin/python3* /usr/local/bin/
#8 sha256:e22990b1ca47f5df739cf1189cfbe30bd5473b0f1377ea6b9ac7b469f631a6ad
#8 CACHED

#9 [stage-1  3/13] COPY --from=base-image /usr/local/lib/python3.8 /usr/local/lib/python3.8
#9 sha256:7ae4f6a69731d4d94c12ccb45b41bfdaa099bd04ff250ed41c153fe198b31d2c
#9 CACHED

#11 [stage-1  5/13] COPY --from=base-image /usr/local/lib/python3.8/site-packages /usr/local/lib/python3.8/site-packages
#11 sha256:ddfa0ebe2f74302eeefb0f2fd5de0d3ae52d4172dccb0d6751ba331b6170d969
#11 CACHED

#14 [stage-1  7/13] RUN touch /src/__init__.py
#14 sha256:7560b014689e7f22a8703503a4d8dd40b20990cbc76ee10aab8d80ed44ec0bf4
#14 CACHED

#18 [stage-1 11/13] RUN export CHECKOUT_COMMIT=$(cat /benchmark.yaml | tr -d ' ' | grep 'commit:' | cut -d ':' -f2) &&     python3 -u /opt/fuzzbench/checkout_commit.py $CHECKOUT_COMMIT /src
#18 sha256:b0bf7c2698f5ff82ec3d37e1a78b5bc95c45ac8c55de913b00e988669c1533d2
#18 CACHED

#15 [stage-1  8/13] COPY benchmarks/serde_json_serde_json/benchmark.yaml /
#15 sha256:6dfe6f8f5dcada944d5efbb1e2829b19b24fa1c29b127b30336c36884a450c70
#15 CACHED

#19 [stage-1 12/13] RUN echo "#!/bin/bash\nPYTHONPATH=/src python3 -u -c "from fuzzers import utils; utils.initialize_env(); from fuzzers.afl import fuzzer; fuzzer.build()"" > /usr/bin/fuzzer_build &&     chmod +x /usr/bin/fuzzer_build
#19 sha256:ca9292e364c364e4a6bd10be0e7623835ae5a4cb6ca041f92140cbcbf603abef
#19 CACHED

#20 [stage-1 13/13] RUN echo "Run fuzzer_build to build the target" && if [ -z "$debug_builder" ] ; then fuzzer_build; fi
#20 sha256:60a0e5c2844b9c20c54fb42e79564ef9ce9e5b3b7fb2030d030605af2f1a7405
#20 0.492 Run fuzzer_build to build the target
#20 0.608 FUZZ_TARGET = serde_json
#20 0.608 CFLAGS = -DFUZZING_BUILD_MODE_UNSAFE_FOR_PRODUCTION -pthread -Wl,--no-as-needed -Wl,-ldl -Wl,-lm -Wno-unused-command-line-argument -O3
#20 0.608 CXXFLAGS = -DFUZZING_BUILD_MODE_UNSAFE_FOR_PRODUCTION -pthread -Wl,--no-as-needed -Wl,-ldl -Wl,-lm -Wno-unused-command-line-argument -stdlib=libc++ -O3
#20 0.613 Building benchmark serde_json_serde_json with fuzzer afl
#20 0.616 + export CUSTOM_LIBFUZZER_PATH=/usr/lib/libFuzzingEngine.a
#20 0.616 + CUSTOM_LIBFUZZER_PATH=/usr/lib/libFuzzingEngine.a
#20 0.616 + export CUSTOM_LIBFUZZER_STD_CXX=c++
#20 0.616 + CUSTOM_LIBFUZZER_STD_CXX=c++
#20 0.617 + export 'CFLAGS=-O1 -fno-omit-frame-pointer -gline-tables-only -DFUZZING_BUILD_MODE_UNSAFE_FOR_PRODUCTION'
#20 0.617 + CFLAGS='-O1 -fno-omit-frame-pointer -gline-tables-only -DFUZZING_BUILD_MODE_UNSAFE_FOR_PRODUCTION'
#20 0.617 + export CXXFLAGS_EXTRA=-stdlib=libc++
#20 0.617 + CXXFLAGS_EXTRA=-stdlib=libc++
#20 0.617 + export 'CXXFLAGS=-O1 -fno-omit-frame-pointer -gline-tables-only -DFUZZING_BUILD_MODE_UNSAFE_FOR_PRODUCTION -stdlib=libc++'
#20 0.617 + CXXFLAGS='-O1 -fno-omit-frame-pointer -gline-tables-only -DFUZZING_BUILD_MODE_UNSAFE_FOR_PRODUCTION -stdlib=libc++'
#20 0.617 + export 'RUSTFLAGS=-Cdebuginfo=1 -Cforce-frame-pointers'
#20 0.617 + RUSTFLAGS='-Cdebuginfo=1 -Cforce-frame-pointers'
#20 0.617 + cd /src/json
#20 0.617 + cargo fuzz build -O
#20 0.620 /usr/local/bin/cargo: line 55: /rust/bin/cargo: No such file or directory
#20 0.621 Traceback (most recent call last):
#20 0.621   File "<string>", line 1, in <module>
#20 0.622   File "/src/fuzzers/afl/fuzzer.py", line 40, in build
#20 0.622     utils.build_benchmark()
#20 0.622   File "/src/fuzzers/utils.py", line 82, in build_benchmark
#20 0.622     subprocess.check_call(['/bin/bash', '-ex', build_script], env=env)
#20 0.622   File "/usr/local/lib/python3.8/subprocess.py", line 364, in check_call
#20 0.622     raise CalledProcessError(retcode, cmd)
#20 0.622 subprocess.CalledProcessError: Command '['/bin/bash', '-ex', '/src/build.sh']' returned non-zero exit status 127.
#20 ERROR: executor failed running [/bin/sh -c echo "Run fuzzer_build to build the target" && if [ -z "$debug_builder" ] ; then fuzzer_build; fi]: exit code: 1
------
 > importing cache manifest from gcr.io/fuzzbench/builders/afl/serde_json_serde_json:
------
------
 > [stage-1 13/13] RUN echo "Run fuzzer_build to build the target" && if [ -z "$debug_builder" ] ; then fuzzer_build; fi:
------
executor failed running [/bin/sh -c echo "Run fuzzer_build to build the target" && if [ -z "$debug_builder" ] ; then fuzzer_build; fi]: exit code: 1
make: *** [docker/generated.mk:2835287: .afl-serde_json_serde_json-builder] Error 1
