WARNING:root:gcloud not found in PATH.
INFO:root:Successfully integrated benchmark: pffft_pffft_fuzzer.
INFO:root:Please run "make test-run-afl-pffft_pffft_fuzzer" to test integration.
#1 [internal] load build definition from Dockerfile
#1 sha256:15cdedaf9f4664b2720e30372e54161213f2fa2a66020a1f7a1ed5c4cd07d8c8
#1 transferring dockerfile: 931B done
#1 DONE 0.2s

#2 [internal] load .dockerignore
#2 sha256:3671514d8e3afa81ec7cddb1c80bc6b643e5e1806316ab3b8cb23c73300ac66a
#2 transferring context: 2B done
#2 DONE 0.3s

#3 [internal] load metadata for gcr.io/oss-fuzz-base/base-builder:latest
#3 sha256:f10dc39cc9d418a5bc416dead31a1902b6821fdae909cd3b08f7a3fd1faba7b5
#3 DONE 0.5s

#9 [internal] load build context
#9 sha256:8d2168f3a0422ff348f4412211738d5030f4a35e6f7732110ff7790ccdcba9da
#9 DONE 0.0s

#5 [1/5] FROM gcr.io/oss-fuzz-base/base-builder@sha256:112044a9815d235113677d459cf2ece740a51f2b85081c8f66943dcdc72ddf7f
#5 sha256:4aee4bf9f7280ac8b7f02b8d29e6e084dd034d2c294b4e3e05d8ce7048a1450f
#5 DONE 0.0s

#4 importing cache manifest from gcr.io/fuzzbench/builders/benchmark/pffft_pffft_fuzzer
#4 sha256:59310303bd0efa29aee2654cd991696e41df637a0e3df620dd616f890d3e830e
#4 ERROR: gcr.io/fuzzbench/builders/benchmark/pffft_pffft_fuzzer:latest: not found

#5 [1/5] FROM gcr.io/oss-fuzz-base/base-builder@sha256:112044a9815d235113677d459cf2ece740a51f2b85081c8f66943dcdc72ddf7f
#5 sha256:4aee4bf9f7280ac8b7f02b8d29e6e084dd034d2c294b4e3e05d8ce7048a1450f
#5 CACHED

#9 [internal] load build context
#9 sha256:8d2168f3a0422ff348f4412211738d5030f4a35e6f7732110ff7790ccdcba9da
#9 transferring context: 3.37kB done
#9 DONE 0.0s

#6 [2/5] RUN apt-get update && apt-get install -y mercurial
#6 sha256:ca3b250051ab0528a2148974a361a281a231764a538bd2cdcdaa4d91e858a979
#6 0.616 Hit:1 http://archive.ubuntu.com/ubuntu focal InRelease
#6 0.616 Get:2 http://archive.ubuntu.com/ubuntu focal-updates InRelease [114 kB]
#6 0.616 Get:3 http://security.ubuntu.com/ubuntu focal-security InRelease [114 kB]
#6 0.616 Hit:4 http://ppa.launchpad.net/git-core/ppa/ubuntu focal InRelease
#6 0.674 Get:5 http://archive.ubuntu.com/ubuntu focal-backports InRelease [108 kB]
#6 1.360 Get:6 http://archive.ubuntu.com/ubuntu focal-updates/universe amd64 Packages [1134 kB]
#6 1.541 Get:7 http://archive.ubuntu.com/ubuntu focal-updates/main i386 Packages [755 kB]
#6 1.602 Get:8 http://archive.ubuntu.com/ubuntu focal-updates/main amd64 Packages [1984 kB]
#6 1.768 Get:9 http://archive.ubuntu.com/ubuntu focal-updates/universe i386 Packages [827 kB]
#6 2.049 Fetched 5036 kB in 2s (3318 kB/s)
#6 2.049 Reading package lists...
#6 3.688 Reading package lists...
#6 5.120 Building dependency tree...
#6 5.332 Reading state information...
#6 5.544 The following additional packages will be installed:
#6 5.544   libpython2-stdlib libpython2.7-minimal libpython2.7-stdlib mercurial-common
#6 5.545   python2 python2-minimal python2.7 python2.7-minimal
#6 5.547 Suggested packages:
#6 5.547   kdiff3 | kdiff3-qt | kompare | meld | tkcvs | mgdiff qct python-mysqldb
#6 5.547   python-openssl python-pygments wish python2-doc python-tk python2.7-doc
#6 5.547   binfmt-support
#6 5.711 The following NEW packages will be installed:
#6 5.711   libpython2-stdlib libpython2.7-minimal libpython2.7-stdlib mercurial
#6 5.712   mercurial-common python2 python2-minimal python2.7 python2.7-minimal
#6 5.788 0 upgraded, 9 newly installed, 0 to remove and 0 not upgraded.
#6 5.788 Need to get 6789 kB of archives.
#6 5.788 After this operation, 31.6 MB of additional disk space will be used.
#6 5.788 Get:1 http://archive.ubuntu.com/ubuntu focal-updates/universe amd64 libpython2.7-minimal amd64 2.7.18-1~20.04.1 [335 kB]
#6 5.926 Get:2 http://archive.ubuntu.com/ubuntu focal-updates/universe amd64 python2.7-minimal amd64 2.7.18-1~20.04.1 [1285 kB]
#6 6.021 Get:3 http://archive.ubuntu.com/ubuntu focal/universe amd64 python2-minimal amd64 2.7.17-2ubuntu4 [27.5 kB]
#6 6.023 Get:4 http://archive.ubuntu.com/ubuntu focal-updates/universe amd64 libpython2.7-stdlib amd64 2.7.18-1~20.04.1 [1887 kB]
#6 6.163 Get:5 http://archive.ubuntu.com/ubuntu focal-updates/universe amd64 python2.7 amd64 2.7.18-1~20.04.1 [248 kB]
#6 6.181 Get:6 http://archive.ubuntu.com/ubuntu focal/universe amd64 libpython2-stdlib amd64 2.7.17-2ubuntu4 [7072 B]
#6 6.182 Get:7 http://archive.ubuntu.com/ubuntu focal/universe amd64 python2 amd64 2.7.17-2ubuntu4 [26.5 kB]
#6 6.184 Get:8 http://archive.ubuntu.com/ubuntu focal/universe amd64 mercurial-common all 5.3.1-1ubuntu1 [2650 kB]
#6 6.382 Get:9 http://archive.ubuntu.com/ubuntu focal/universe amd64 mercurial amd64 5.3.1-1ubuntu1 [323 kB]
#6 6.649 debconf: delaying package configuration, since apt-utils is not installed
#6 6.716 Fetched 6789 kB in 1s (9954 kB/s)
#6 6.789 Selecting previously unselected package libpython2.7-minimal:amd64.
#6 6.789 (Reading database ... (Reading database ... 5%(Reading database ... 10%(Reading database ... 15%(Reading database ... 20%(Reading database ... 25%(Reading database ... 30%(Reading database ... 35%(Reading database ... 40%(Reading database ... 45%(Reading database ... 50%(Reading database ... 55%(Reading database ... 60%(Reading database ... 65%(Reading database ... 70%(Reading database ... 75%(Reading database ... 80%(Reading database ... 85%(Reading database ... 90%(Reading database ... 95%(Reading database ... 100%(Reading database ... 21291 files and directories currently installed.)
#6 6.812 Preparing to unpack .../0-libpython2.7-minimal_2.7.18-1~20.04.1_amd64.deb ...
#6 6.816 Unpacking libpython2.7-minimal:amd64 (2.7.18-1~20.04.1) ...
#6 6.918 Selecting previously unselected package python2.7-minimal.
#6 6.921 Preparing to unpack .../1-python2.7-minimal_2.7.18-1~20.04.1_amd64.deb ...
#6 6.930 Unpacking python2.7-minimal (2.7.18-1~20.04.1) ...
#6 7.242 Selecting previously unselected package python2-minimal.
#6 7.245 Preparing to unpack .../2-python2-minimal_2.7.17-2ubuntu4_amd64.deb ...
#6 7.250 Unpacking python2-minimal (2.7.17-2ubuntu4) ...
#6 7.291 Selecting previously unselected package libpython2.7-stdlib:amd64.
#6 7.294 Preparing to unpack .../3-libpython2.7-stdlib_2.7.18-1~20.04.1_amd64.deb ...
#6 7.298 Unpacking libpython2.7-stdlib:amd64 (2.7.18-1~20.04.1) ...
#6 7.540 Selecting previously unselected package python2.7.
#6 7.544 Preparing to unpack .../4-python2.7_2.7.18-1~20.04.1_amd64.deb ...
#6 7.547 Unpacking python2.7 (2.7.18-1~20.04.1) ...
#6 7.608 Selecting previously unselected package libpython2-stdlib:amd64.
#6 7.611 Preparing to unpack .../5-libpython2-stdlib_2.7.17-2ubuntu4_amd64.deb ...
#6 7.617 Unpacking libpython2-stdlib:amd64 (2.7.17-2ubuntu4) ...
#6 7.674 Setting up libpython2.7-minimal:amd64 (2.7.18-1~20.04.1) ...
#6 7.704 Setting up python2.7-minimal (2.7.18-1~20.04.1) ...
#6 8.137 Setting up python2-minimal (2.7.17-2ubuntu4) ...
#6 8.327 Selecting previously unselected package python2.
#6 8.327 (Reading database ... (Reading database ... 5%(Reading database ... 10%(Reading database ... 15%(Reading database ... 20%(Reading database ... 25%(Reading database ... 30%(Reading database ... 35%(Reading database ... 40%(Reading database ... 45%(Reading database ... 50%(Reading database ... 55%(Reading database ... 60%(Reading database ... 65%(Reading database ... 70%(Reading database ... 75%(Reading database ... 80%(Reading database ... 85%(Reading database ... 90%(Reading database ... 95%(Reading database ... 100%(Reading database ... 22038 files and directories currently installed.)
#6 8.349 Preparing to unpack .../python2_2.7.17-2ubuntu4_amd64.deb ...
#6 8.374 Unpacking python2 (2.7.17-2ubuntu4) ...
#6 8.475 Selecting previously unselected package mercurial-common.
#6 8.478 Preparing to unpack .../mercurial-common_5.3.1-1ubuntu1_all.deb ...
#6 8.501 Unpacking mercurial-common (5.3.1-1ubuntu1) ...
#6 8.863 Selecting previously unselected package mercurial.
#6 8.866 Preparing to unpack .../mercurial_5.3.1-1ubuntu1_amd64.deb ...
#6 8.873 Unpacking mercurial (5.3.1-1ubuntu1) ...
#6 9.029 Setting up libpython2.7-stdlib:amd64 (2.7.18-1~20.04.1) ...
#6 9.072 Setting up python2.7 (2.7.18-1~20.04.1) ...
#6 10.04 Setting up libpython2-stdlib:amd64 (2.7.17-2ubuntu4) ...
#6 10.07 Setting up python2 (2.7.17-2ubuntu4) ...
#6 10.11 Setting up mercurial-common (5.3.1-1ubuntu1) ...
#6 11.84 Setting up mercurial (5.3.1-1ubuntu1) ...
#6 12.16 
#6 12.16 Creating config file /etc/mercurial/hgrc.d/hgext.rc with new version
#6 12.34 Processing triggers for mime-support (3.64ubuntu1) ...
#6 DONE 13.4s

#7 [3/5] RUN hg clone https://bitbucket.org/jpommier/pffft /src/pffft
#7 sha256:d970367516305a4122afdaf9354ff25cb72557a99d3de9e057a70faa8a457b95
#7 1.239 abort: HTTP Error 404: Not Found
#7 ERROR: executor failed running [/bin/sh -c hg clone https://bitbucket.org/jpommier/pffft $SRC/pffft]: exit code: 255
------
 > importing cache manifest from gcr.io/fuzzbench/builders/benchmark/pffft_pffft_fuzzer:
------
------
 > [3/5] RUN hg clone https://bitbucket.org/jpommier/pffft /src/pffft:
------
executor failed running [/bin/sh -c hg clone https://bitbucket.org/jpommier/pffft $SRC/pffft]: exit code: 255
make: *** [docker/generated.mk:56107: .pffft_pffft_fuzzer-project-builder] Error 1
/bin/sh: 1: source: not found
#1 [internal] load build definition from Dockerfile
#1 sha256:0d878e8ed1692bfab127ab9f37ece447a9239826d6afeafa9b8382bbce90bee9
#1 transferring dockerfile: 32B done
#1 DONE 0.1s

#2 [internal] load .dockerignore
#2 sha256:25d38fd6f2a2fce0ae51e925d27768b2212b76f299229939684bd7fe7b0eee4b
#2 transferring context: 2B done
#2 DONE 0.1s

#3 [internal] load metadata for gcr.io/oss-fuzz-base/base-builder:latest
#3 sha256:f10dc39cc9d418a5bc416dead31a1902b6821fdae909cd3b08f7a3fd1faba7b5
#3 DONE 0.4s

#9 [internal] load build context
#9 sha256:04c0db5f6849b231fe1c0aa0e52bda0f5676b9704fd0a49b4c5a4c685618f9fe
#9 DONE 0.0s

#5 [1/5] FROM gcr.io/oss-fuzz-base/base-builder@sha256:112044a9815d235113677d459cf2ece740a51f2b85081c8f66943dcdc72ddf7f
#5 sha256:4aee4bf9f7280ac8b7f02b8d29e6e084dd034d2c294b4e3e05d8ce7048a1450f
#5 DONE 0.0s

#4 importing cache manifest from gcr.io/fuzzbench/builders/benchmark/pffft_pffft_fuzzer
#4 sha256:59310303bd0efa29aee2654cd991696e41df637a0e3df620dd616f890d3e830e
#4 ERROR: gcr.io/fuzzbench/builders/benchmark/pffft_pffft_fuzzer:latest: not found

#6 [2/5] RUN apt-get update && apt-get install -y mercurial
#6 sha256:ca3b250051ab0528a2148974a361a281a231764a538bd2cdcdaa4d91e858a979
#6 CACHED

#9 [internal] load build context
#9 sha256:04c0db5f6849b231fe1c0aa0e52bda0f5676b9704fd0a49b4c5a4c685618f9fe
#9 transferring context: 65B done
#9 DONE 0.1s

#7 [3/5] RUN hg clone https://bitbucket.org/jpommier/pffft /src/pffft
#7 sha256:d970367516305a4122afdaf9354ff25cb72557a99d3de9e057a70faa8a457b95
#7 1.035 abort: HTTP Error 404: Not Found
#7 ERROR: executor failed running [/bin/sh -c hg clone https://bitbucket.org/jpommier/pffft $SRC/pffft]: exit code: 255
------
 > importing cache manifest from gcr.io/fuzzbench/builders/benchmark/pffft_pffft_fuzzer:
------
------
 > [3/5] RUN hg clone https://bitbucket.org/jpommier/pffft /src/pffft:
------
executor failed running [/bin/sh -c hg clone https://bitbucket.org/jpommier/pffft $SRC/pffft]: exit code: 255
make: *** [docker/generated.mk:56107: .pffft_pffft_fuzzer-project-builder] Error 1
