WARNING:root:gcloud not found in PATH.
INFO:root:Successfully integrated benchmark: boost_boost_ptree_inforead_fuzzer.
INFO:root:Please run "make test-run-afl-boost_boost_ptree_inforead_fuzzer" to test integration.
#1 [internal] load build definition from Dockerfile
#1 sha256:fe3ff9c74703cba9523c72896f236dd9ac5a2efa7a63eecd3d871612bbce1cf1
#1 transferring dockerfile: 1.12kB done
#1 DONE 0.0s

#2 [internal] load .dockerignore
#2 sha256:c8dd327f34b8de43059ea1ba1982e8b844b2bbbbb1ae1a62c8d602fcc099bfe1
#2 transferring context: 2B done
#2 DONE 0.0s

#3 [internal] load metadata for gcr.io/oss-fuzz-base/base-builder:latest
#3 sha256:f10dc39cc9d418a5bc416dead31a1902b6821fdae909cd3b08f7a3fd1faba7b5
#3 DONE 0.5s

#10 [internal] load build context
#10 sha256:69af90c37e9e87c961f2f4ade7d2eb61ffdb587b484f08c416e7484fed2fcf8a
#10 DONE 0.0s

#5 [1/6] FROM gcr.io/oss-fuzz-base/base-builder@sha256:41d7bbe7827592680a606c9bba1aeb6e23c7502ce8b633923b06542f4c706e7c
#5 sha256:660db69324ed478291dd329cbbfe422dccbc173f9ab806c069fac341073eab8c
#5 DONE 0.0s

#4 importing cache manifest from gcr.io/fuzzbench/builders/benchmark/boost_boost_ptree_inforead_fuzzer
#4 sha256:bf73e5a93ac7b49cd358d1b94652464067d8c44957a5330304991d4ae651be86
#4 ERROR: gcr.io/fuzzbench/builders/benchmark/boost_boost_ptree_inforead_fuzzer:latest: not found

#10 [internal] load build context
#10 sha256:69af90c37e9e87c961f2f4ade7d2eb61ffdb587b484f08c416e7484fed2fcf8a
#10 transferring context: 2.40kB done
#10 DONE 0.0s

#6 [2/6] RUN apt-get update && apt-get install -y g++
#6 sha256:af3a28fbaef1d043919d93747061c5755e2161896ee0b66b13300fc7e54c3d90
#6 CACHED

#7 [3/6] RUN git clone --recursive https://github.com/boostorg/boost.git
#7 sha256:67869b6b2869a34d8198f8ddb8ff78e8a8b8e5a898b3f72376b5ac365e825fe2
#7 CACHED

#8 [4/6] WORKDIR boost
#8 sha256:755c9caf20b728150890ac7a5930f5fbc4bb14055a1d076889c70231e26b5020
#8 CACHED

#9 [5/6] RUN ./bootstrap.sh && ./b2 headers
#9 sha256:22cb100c1bc39190d79f2ede1ffe043110b390c776b0bd1716ee5931553a4a03
#9 CACHED

#11 [6/6] COPY build.sh boost_regex_fuzzer.cc /src/
#11 sha256:7a5d6bc6cd6c25beebf6ff4a7465ef332ae428888680c46e4d82504b851ae631
#11 CACHED

#12 exporting to image
#12 sha256:e8c613e07b0b7ff33893b694f7759a10d42e180f2b4dc349fb57dc6b71dcab00
#12 exporting layers done
#12 writing image sha256:fbba3a9e34102c20d4647c811eacf93c19f3012f925257c3e0790533d74736e9 done
#12 naming to gcr.io/fuzzbench/builders/benchmark/boost_boost_ptree_inforead_fuzzer done
#12 DONE 0.2s

#13 exporting cache
#13 sha256:2700d4ef94dee473593c5c614b55b2dedcca7893909811a8f2b48291a1f581e4
#13 preparing build cache for export done
#13 DONE 0.0s
------
 > importing cache manifest from gcr.io/fuzzbench/builders/benchmark/boost_boost_ptree_inforead_fuzzer:
------
#1 [internal] load build definition from builder.Dockerfile
#1 sha256:fb409a9c255d6800e65926abbf5ca3b3cd781d37862c065c8cc49abc13d2451e
#1 transferring dockerfile: 46B done
#1 DONE 0.1s

#2 [internal] load .dockerignore
#2 sha256:608a91fdf5b143fa62246bc827ab1793d5c130c520042764c07f5ca1b02ba8ca
#2 transferring context: 2B done
#2 DONE 0.1s

#3 [internal] load metadata for gcr.io/fuzzbench/builders/benchmark/boost_boost_ptree_inforead_fuzzer:latest
#3 sha256:ef271cc9a4d685a23eea07c336df826eb80ea4170782a98a2ae18a8efe7f425a
#3 DONE 0.0s

#5 [1/3] FROM gcr.io/fuzzbench/builders/benchmark/boost_boost_ptree_inforead_fuzzer
#5 sha256:1ebd6c18b27f6fb4fc5baafbc20ab6821d4d51bf07533d7684ff864ee419409c
#5 DONE 0.0s

#4 importing cache manifest from gcr.io/fuzzbench/builders/afl/boost_boost_ptree_inforead_fuzzer-intermediate
#4 sha256:361085db05ba1d43340f47c6696abf1408d498c7927b8597f13032267fe30615
#4 ERROR: gcr.io/fuzzbench/builders/afl/boost_boost_ptree_inforead_fuzzer-intermediate:latest: not found

#6 [2/3] RUN git clone https://github.com/google/AFL.git /afl &&     cd /afl &&     git checkout 61037103ae3722c8060ff7082994836a794f978e &&     AFL_NO_X86=1 make
#6 sha256:d957421f443cc243b891e4d1d85edad68903dd48c8c8393119cd97dacac2e7fa
#6 CACHED

#7 [3/3] RUN apt-get update &&     apt-get install wget -y &&     wget https://raw.githubusercontent.com/llvm/llvm-project/5feb80e748924606531ba28c97fe65145c65372e/compiler-rt/lib/fuzzer/afl/afl_driver.cpp -O /afl/afl_driver.cpp &&     clang -Wno-pointer-sign -c /afl/llvm_mode/afl-llvm-rt.o.c -I/afl &&     clang++ -stdlib=libc++ -std=c++11 -O2 -c /afl/afl_driver.cpp &&     ar r /libAFL.a *.o
#7 sha256:533752f7798ff2f5c2fb692856e51130a656f2196bdb72faa795367f049e3b73
#7 CACHED

#8 exporting to image
#8 sha256:e8c613e07b0b7ff33893b694f7759a10d42e180f2b4dc349fb57dc6b71dcab00
#8 exporting layers done
#8 writing image sha256:475471697422e350d24a776c9eba65b2e29b7ee75efad0055f2aaa929eb5c476 0.0s done
#8 naming to gcr.io/fuzzbench/builders/afl/boost_boost_ptree_inforead_fuzzer-intermediate done
#8 DONE 0.3s

#9 exporting cache
#9 sha256:2700d4ef94dee473593c5c614b55b2dedcca7893909811a8f2b48291a1f581e4
#9 preparing build cache for export done
#9 DONE 0.0s
------
 > importing cache manifest from gcr.io/fuzzbench/builders/afl/boost_boost_ptree_inforead_fuzzer-intermediate:
------
#1 [internal] load build definition from Dockerfile
#1 sha256:403bc8ba468647ce1072e75ccfd2902deda4b3448b7e53dc6bef825859b0a514
#1 transferring dockerfile: 2.00kB done
#1 DONE 0.0s

#2 [internal] load .dockerignore
#2 sha256:3ce1a363234ddc885bd06566a19389470e44fa7dd529541037fda7de0d3f7963
#2 transferring context: 34B done
#2 DONE 0.0s

#3 [internal] load metadata for docker.io/library/ubuntu:xenial
#3 sha256:f62bae18ed588840f045c881b2502661f2a89578a2f8f99b83f5200ee83dd25b
#3 DONE 0.0s

#5 [1/7] FROM docker.io/library/ubuntu:xenial
#5 sha256:14dd403f25ae9e519bd44f27dc17af7ce80f5a4f9f48ca88108364e67ec5d360
#5 DONE 0.0s

#4 importing cache manifest from gcr.io/fuzzbench/base-image
#4 sha256:9b220ebb4d4daceed1b96df9b6dca076e762f1cd612574f010b82d5b9e5ad896
#4 DONE 0.0s

#8 [internal] load build context
#8 sha256:21369502a68c3ee98d03772df6a181bfc63dfa7b0c687323a924e577889f01f4
#8 transferring context: 559B 0.0s done
#8 DONE 0.0s

#7 [3/7] RUN cd /tmp/ &&     curl -O https://www.python.org/ftp/python/3.8.6/Python-3.8.6.tar.xz &&     tar -xvf Python-3.8.6.tar.xz &&     cd Python-3.8.6 &&     ./configure --enable-loadable-sqlite-extensions --enable-optimizations &&     make -j install &&     rm -r /tmp/Python-3.8.6.tar.xz /tmp/Python-3.8.6
#7 sha256:c5b9d1fb3371e84dbc60b76e7b2f8d5913bc93bcd4910ab65daa03e7b2ec4bb0
#7 CACHED

#10 [5/7] RUN pip3 install -r /requirements.txt
#10 sha256:7dda17cf45506ddb721f5f22a08bb80c16a90830c493d9d3b0cfd381b28ee857
#10 CACHED

#6 [2/7] RUN apt-get update -y && apt-get install -y     build-essential     rsync     curl     zlib1g-dev     libncurses5-dev     libgdbm-dev     libnss3-dev     libssl-dev     libreadline-dev     libffi-dev     virtualenv     libbz2-dev     liblzma-dev     libsqlite3-dev
#6 sha256:3a1b0960f17eed529eaae93dc8fd3554f2743dd584d8fa569cdbe6bc734371ac
#6 CACHED

#9 [4/7] COPY ./requirements.txt /
#9 sha256:08d588ad95d6be54a57c3dbc53c039b662f794e9f339470e6769ea3e807a7726
#9 CACHED

#11 [6/7] RUN apt-get update -y && apt-get install -y     apt-transport-https     lsb-release
#11 sha256:569a27bc355c0e41df35dd95766f231cb8144a3bf5b819db226b407bfffe2091
#11 CACHED

#12 [7/7] RUN CLOUD_SDK_REPO="cloud-sdk-$(lsb_release -c -s)" &&     echo "deb https://packages.cloud.google.com/apt $CLOUD_SDK_REPO main"     | tee -a /etc/apt/sources.list.d/google-cloud-sdk.list &&     curl https://packages.cloud.google.com/apt/doc/apt-key.gpg     | apt-key add - &&     apt-get update -y &&     apt-get install -y google-cloud-sdk
#12 sha256:4e49e1ccba4cae9cb387ee6b4f0eeeaa2b75bffab0e160bcfe1476692ddfd58c
#12 CACHED

#13 exporting to image
#13 sha256:e8c613e07b0b7ff33893b694f7759a10d42e180f2b4dc349fb57dc6b71dcab00
#13 exporting layers done
#13 writing image sha256:cdb478538a35041a0b5608a1313087aff20fc062fe25108e635bb6f1faebe08e done
#13 naming to gcr.io/fuzzbench/base-image done
#13 DONE 0.0s

#14 exporting cache
#14 sha256:2700d4ef94dee473593c5c614b55b2dedcca7893909811a8f2b48291a1f581e4
#14 preparing build cache for export done
#14 DONE 0.0s
#1 [internal] load build definition from Dockerfile
#1 sha256:2719107736c3d286ffa0393ad666d45699285f96ec231006b07d85f87a8e9efe
#1 transferring dockerfile: 2.22kB done
#1 DONE 0.0s

#2 [internal] load .dockerignore
#2 sha256:503bf58ff81d9cab64f374336aaa4cb4be3fd1f5c0c37ae404df3a3e892c412a
#2 transferring context: 34B done
#2 DONE 0.0s

#4 [internal] load metadata for gcr.io/fuzzbench/base-image:latest
#4 sha256:932022888f650cc455b10eb5123bb08c0cccacac29a693e69314abbfd28a72c3
#4 DONE 0.0s

#3 [internal] load metadata for gcr.io/fuzzbench/builders/afl/boost_boost_ptree_inforead_fuzzer-intermediate:latest
#3 sha256:6c59fb124e374b0518f92cef28968e828fe2563ee5cbe34b3b6f38dae7c2c379
#3 DONE 0.0s

#12 [internal] load build context
#12 sha256:ec80331d03e8accb51ac2b6956950d4933f55181c4df1d32b21f793a6d11363c
#12 DONE 0.0s

#7 [base-image 1/1] FROM gcr.io/fuzzbench/base-image
#7 sha256:4d07825694520f8b6f6a0d8592dbd345433361ae044cb7f06706c5a95e3daaad
#7 DONE 0.0s

#6 [stage-1  1/13] FROM gcr.io/fuzzbench/builders/afl/boost_boost_ptree_inforead_fuzzer-intermediate
#6 sha256:1354b9611445bc79af07043dbdffd01020c1c27883f9571ff26cf0653f48adca
#6 DONE 0.0s

#5 importing cache manifest from gcr.io/fuzzbench/builders/afl/boost_boost_ptree_inforead_fuzzer
#5 sha256:ceec8205313e7180aa7c2e05ff0965ee3c3b78c3b37b300999d9fa35e134fa99
#5 ERROR: gcr.io/fuzzbench/builders/afl/boost_boost_ptree_inforead_fuzzer:latest: not found

#12 [internal] load build context
#12 sha256:ec80331d03e8accb51ac2b6956950d4933f55181c4df1d32b21f793a6d11363c
#12 transferring context: 669.92kB 0.1s done
#12 DONE 0.1s

#10 [stage-1  4/13] COPY --from=base-image /usr/local/include/python3.8 /usr/local/include/python3.8
#10 sha256:939d33d773b74aec9318e0bb7ebcd1960a150d2c3237fcfdd57fb330e2f20993
#10 CACHED

#11 [stage-1  5/13] COPY --from=base-image /usr/local/lib/python3.8/site-packages /usr/local/lib/python3.8/site-packages
#11 sha256:065fb9c50f825db4e0de0e9ff9bc36696104ebcc81154967e4dd546b4e9b9beb
#11 CACHED

#8 [stage-1  2/13] COPY --from=base-image /usr/local/bin/python3* /usr/local/bin/
#8 sha256:47bf7c7a5872f0a26136f4fe31f371675cdfce8c9bc55baad9a89ccfe0e09e7b
#8 CACHED

#9 [stage-1  3/13] COPY --from=base-image /usr/local/lib/python3.8 /usr/local/lib/python3.8
#9 sha256:a4e7d5d7027e9e386b5fd9d3e4ac90800fafaa89b14db314807e8b72978727d8
#9 CACHED

#13 [stage-1  6/13] COPY fuzzers /src/fuzzers
#13 sha256:56a0affd906ebf286d084185e23252cf529f9412b066cc15c07e618c8672c99f
#13 CACHED

#14 [stage-1  7/13] RUN touch /src/__init__.py
#14 sha256:7beaf4f3017a39c245c4a811b6e62f8feb481251c38dae81093c8027f42176ec
#14 DONE 0.7s

#15 [stage-1  8/13] COPY benchmarks/boost_boost_ptree_inforead_fuzzer/benchmark.yaml /
#15 sha256:9f2b0045a1fdaf25fc814bce9afd5770e091eedf85530d44a3ecb486d345fc51
#15 DONE 0.2s

#16 [stage-1  9/13] RUN mkdir /opt/fuzzbench/
#16 sha256:67c2d13d2a717bb6177493ebb7611f6238fc8d9acaf2f6a08b9fa47bfe7a346a
#16 DONE 0.5s

#17 [stage-1 10/13] COPY docker/benchmark-builder/checkout_commit.py /opt/fuzzbench/
#17 sha256:7894318ec07f3d684a137bc18d0cfcc6844d387b3094f0108b6a674e1331bb8b
#17 DONE 0.2s

#18 [stage-1 11/13] RUN export CHECKOUT_COMMIT=$(cat /benchmark.yaml | tr -d ' ' | grep 'commit:' | cut -d ':' -f2) &&     python3 -u /opt/fuzzbench/checkout_commit.py $CHECKOUT_COMMIT /src
#18 sha256:41600bfae752baf7ac5249a0d6eed83d966f010247bfbe7601ee19271350a4ba
#18 0.449 Checking out commit 88d167f9
#18 0.454 error: pathspec '88d167f9' did not match any file(s) known to git
#18 0.459 error: pathspec '88d167f9' did not match any file(s) known to git
#18 0.464 error: pathspec '88d167f9' did not match any file(s) known to git
#18 0.483 error: pathspec '88d167f9' did not match any file(s) known to git
#18 0.511 error: pathspec '88d167f9' did not match any file(s) known to git
#18 0.529 error: pathspec '88d167f9' did not match any file(s) known to git
#18 0.545 error: pathspec '88d167f9' did not match any file(s) known to git
#18 0.562 error: pathspec '88d167f9' did not match any file(s) known to git
#18 0.578 error: pathspec '88d167f9' did not match any file(s) known to git
#18 0.585 error: pathspec '88d167f9' did not match any file(s) known to git
#18 0.593 error: pathspec '88d167f9' did not match any file(s) known to git
#18 0.599 error: pathspec '88d167f9' did not match any file(s) known to git
#18 0.607 error: pathspec '88d167f9' did not match any file(s) known to git
#18 0.615 error: pathspec '88d167f9' did not match any file(s) known to git
#18 0.622 error: pathspec '88d167f9' did not match any file(s) known to git
#18 0.631 error: pathspec '88d167f9' did not match any file(s) known to git
#18 0.638 error: pathspec '88d167f9' did not match any file(s) known to git
#18 0.646 error: pathspec '88d167f9' did not match any file(s) known to git
#18 0.652 error: pathspec '88d167f9' did not match any file(s) known to git
#18 0.664 error: pathspec '88d167f9' did not match any file(s) known to git
#18 0.678 error: pathspec '88d167f9' did not match any file(s) known to git
#18 0.684 error: pathspec '88d167f9' did not match any file(s) known to git
#18 0.693 error: pathspec '88d167f9' did not match any file(s) known to git
#18 0.701 error: pathspec '88d167f9' did not match any file(s) known to git
#18 0.709 error: pathspec '88d167f9' did not match any file(s) known to git
#18 0.718 error: pathspec '88d167f9' did not match any file(s) known to git
#18 0.725 error: pathspec '88d167f9' did not match any file(s) known to git
#18 0.732 error: pathspec '88d167f9' did not match any file(s) known to git
#18 0.739 error: pathspec '88d167f9' did not match any file(s) known to git
#18 0.745 error: pathspec '88d167f9' did not match any file(s) known to git
#18 0.751 error: pathspec '88d167f9' did not match any file(s) known to git
#18 0.759 error: pathspec '88d167f9' did not match any file(s) known to git
#18 0.766 error: pathspec '88d167f9' did not match any file(s) known to git
#18 0.772 error: pathspec '88d167f9' did not match any file(s) known to git
#18 0.790 error: pathspec '88d167f9' did not match any file(s) known to git
#18 0.797 error: pathspec '88d167f9' did not match any file(s) known to git
#18 0.803 error: pathspec '88d167f9' did not match any file(s) known to git
#18 0.808 error: pathspec '88d167f9' did not match any file(s) known to git
#18 0.818 error: pathspec '88d167f9' did not match any file(s) known to git
#18 0.827 error: pathspec '88d167f9' did not match any file(s) known to git
#18 0.839 error: pathspec '88d167f9' did not match any file(s) known to git
#18 0.858 error: pathspec '88d167f9' did not match any file(s) known to git
#18 0.865 error: pathspec '88d167f9' did not match any file(s) known to git
#18 0.872 error: pathspec '88d167f9' did not match any file(s) known to git
#18 0.880 error: pathspec '88d167f9' did not match any file(s) known to git
#18 0.889 error: pathspec '88d167f9' did not match any file(s) known to git
#18 0.923 error: pathspec '88d167f9' did not match any file(s) known to git
#18 0.930 error: pathspec '88d167f9' did not match any file(s) known to git
#18 0.936 error: pathspec '88d167f9' did not match any file(s) known to git
#18 0.944 error: pathspec '88d167f9' did not match any file(s) known to git
#18 0.952 error: pathspec '88d167f9' did not match any file(s) known to git
#18 0.981 error: pathspec '88d167f9' did not match any file(s) known to git
#18 0.988 error: pathspec '88d167f9' did not match any file(s) known to git
#18 0.999 error: pathspec '88d167f9' did not match any file(s) known to git
#18 1.005 error: pathspec '88d167f9' did not match any file(s) known to git
#18 1.011 error: pathspec '88d167f9' did not match any file(s) known to git
#18 1.018 error: pathspec '88d167f9' did not match any file(s) known to git
#18 1.025 error: pathspec '88d167f9' did not match any file(s) known to git
#18 1.032 error: pathspec '88d167f9' did not match any file(s) known to git
#18 1.037 error: pathspec '88d167f9' did not match any file(s) known to git
#18 1.042 error: pathspec '88d167f9' did not match any file(s) known to git
#18 1.050 error: pathspec '88d167f9' did not match any file(s) known to git
#18 1.056 error: pathspec '88d167f9' did not match any file(s) known to git
#18 1.077 error: pathspec '88d167f9' did not match any file(s) known to git
#18 1.083 error: pathspec '88d167f9' did not match any file(s) known to git
#18 1.095 error: pathspec '88d167f9' did not match any file(s) known to git
#18 1.105 error: pathspec '88d167f9' did not match any file(s) known to git
#18 1.113 error: pathspec '88d167f9' did not match any file(s) known to git
#18 1.122 error: pathspec '88d167f9' did not match any file(s) known to git
#18 1.128 error: pathspec '88d167f9' did not match any file(s) known to git
#18 1.135 error: pathspec '88d167f9' did not match any file(s) known to git
#18 1.142 error: pathspec '88d167f9' did not match any file(s) known to git
#18 1.154 error: pathspec '88d167f9' did not match any file(s) known to git
#18 1.167 error: pathspec '88d167f9' did not match any file(s) known to git
#18 1.174 error: pathspec '88d167f9' did not match any file(s) known to git
#18 1.184 error: pathspec '88d167f9' did not match any file(s) known to git
#18 1.202 error: pathspec '88d167f9' did not match any file(s) known to git
#18 1.211 error: pathspec '88d167f9' did not match any file(s) known to git
#18 1.216 error: pathspec '88d167f9' did not match any file(s) known to git
#18 1.224 error: pathspec '88d167f9' did not match any file(s) known to git
#18 1.231 error: pathspec '88d167f9' did not match any file(s) known to git
#18 1.237 error: pathspec '88d167f9' did not match any file(s) known to git
#18 1.246 error: pathspec '88d167f9' did not match any file(s) known to git
#18 1.252 error: pathspec '88d167f9' did not match any file(s) known to git
#18 1.260 error: pathspec '88d167f9' did not match any file(s) known to git
#18 1.267 error: pathspec '88d167f9' did not match any file(s) known to git
#18 1.275 error: pathspec '88d167f9' did not match any file(s) known to git
#18 1.283 error: pathspec '88d167f9' did not match any file(s) known to git
#18 1.296 error: pathspec '88d167f9' did not match any file(s) known to git
#18 1.313 error: pathspec '88d167f9' did not match any file(s) known to git
#18 1.320 error: pathspec '88d167f9' did not match any file(s) known to git
#18 1.331 error: pathspec '88d167f9' did not match any file(s) known to git
#18 1.338 error: pathspec '88d167f9' did not match any file(s) known to git
#18 1.354 error: pathspec '88d167f9' did not match any file(s) known to git
#18 1.383 error: pathspec '88d167f9' did not match any file(s) known to git
#18 1.389 error: pathspec '88d167f9' did not match any file(s) known to git
#18 1.397 error: pathspec '88d167f9' did not match any file(s) known to git
#18 1.406 error: pathspec '88d167f9' did not match any file(s) known to git
#18 1.412 error: pathspec '88d167f9' did not match any file(s) known to git
#18 1.419 error: pathspec '88d167f9' did not match any file(s) known to git
#18 1.428 error: pathspec '88d167f9' did not match any file(s) known to git
#18 1.435 error: pathspec '88d167f9' did not match any file(s) known to git
#18 1.442 error: pathspec '88d167f9' did not match any file(s) known to git
#18 1.450 error: pathspec '88d167f9' did not match any file(s) known to git
#18 1.458 error: pathspec '88d167f9' did not match any file(s) known to git
#18 1.466 error: pathspec '88d167f9' did not match any file(s) known to git
#18 1.473 error: pathspec '88d167f9' did not match any file(s) known to git
#18 1.483 error: pathspec '88d167f9' did not match any file(s) known to git
#18 1.488 error: pathspec '88d167f9' did not match any file(s) known to git
#18 1.494 error: pathspec '88d167f9' did not match any file(s) known to git
#18 1.500 error: pathspec '88d167f9' did not match any file(s) known to git
#18 1.510 error: pathspec '88d167f9' did not match any file(s) known to git
#18 1.522 error: pathspec '88d167f9' did not match any file(s) known to git
#18 1.534 error: pathspec '88d167f9' did not match any file(s) known to git
#18 1.542 error: pathspec '88d167f9' did not match any file(s) known to git
#18 1.549 error: pathspec '88d167f9' did not match any file(s) known to git
#18 1.557 error: pathspec '88d167f9' did not match any file(s) known to git
#18 1.564 error: pathspec '88d167f9' did not match any file(s) known to git
#18 1.571 error: pathspec '88d167f9' did not match any file(s) known to git
#18 1.577 error: pathspec '88d167f9' did not match any file(s) known to git
#18 1.583 error: pathspec '88d167f9' did not match any file(s) known to git
#18 1.590 error: pathspec '88d167f9' did not match any file(s) known to git
#18 1.605 error: pathspec '88d167f9' did not match any file(s) known to git
#18 1.611 error: pathspec '88d167f9' did not match any file(s) known to git
#18 1.617 error: pathspec '88d167f9' did not match any file(s) known to git
#18 1.624 error: pathspec '88d167f9' did not match any file(s) known to git
#18 1.630 error: pathspec '88d167f9' did not match any file(s) known to git
#18 1.638 error: pathspec '88d167f9' did not match any file(s) known to git
#18 1.645 error: pathspec '88d167f9' did not match any file(s) known to git
#18 1.652 error: pathspec '88d167f9' did not match any file(s) known to git
#18 1.672 error: pathspec '88d167f9' did not match any file(s) known to git
#18 1.680 error: pathspec '88d167f9' did not match any file(s) known to git
#18 1.694 error: pathspec '88d167f9' did not match any file(s) known to git
#18 1.701 error: pathspec '88d167f9' did not match any file(s) known to git
#18 1.711 error: pathspec '88d167f9' did not match any file(s) known to git
#18 1.717 error: pathspec '88d167f9' did not match any file(s) known to git
#18 1.723 error: pathspec '88d167f9' did not match any file(s) known to git
#18 1.730 error: pathspec '88d167f9' did not match any file(s) known to git
#18 1.738 error: pathspec '88d167f9' did not match any file(s) known to git
#18 1.748 error: pathspec '88d167f9' did not match any file(s) known to git
#18 1.758 error: pathspec '88d167f9' did not match any file(s) known to git
#18 1.777 error: pathspec '88d167f9' did not match any file(s) known to git
#18 1.784 error: pathspec '88d167f9' did not match any file(s) known to git
#18 1.793 error: pathspec '88d167f9' did not match any file(s) known to git
#18 1.801 error: pathspec '88d167f9' did not match any file(s) known to git
#18 1.807 error: pathspec '88d167f9' did not match any file(s) known to git
#18 1.813 error: pathspec '88d167f9' did not match any file(s) known to git
#18 1.829 error: pathspec '88d167f9' did not match any file(s) known to git
#18 1.838 error: pathspec '88d167f9' did not match any file(s) known to git
#18 1.845 error: pathspec '88d167f9' did not match any file(s) known to git
#18 1.853 error: pathspec '88d167f9' did not match any file(s) known to git
#18 1.859 error: pathspec '88d167f9' did not match any file(s) known to git
#18 1.870 error: pathspec '88d167f9' did not match any file(s) known to git
#18 1.876 error: pathspec '88d167f9' did not match any file(s) known to git
#18 1.883 error: pathspec '88d167f9' did not match any file(s) known to git
#18 1.890 error: pathspec '88d167f9' did not match any file(s) known to git
#18 1.899 error: pathspec '88d167f9' did not match any file(s) known to git
#18 1.908 error: pathspec '88d167f9' did not match any file(s) known to git
#18 1.919 error: pathspec '88d167f9' did not match any file(s) known to git
#18 1.929 error: pathspec '88d167f9' did not match any file(s) known to git
#18 1.938 error: pathspec '88d167f9' did not match any file(s) known to git
#18 1.944 error: pathspec '88d167f9' did not match any file(s) known to git
#18 1.954 error: pathspec '88d167f9' did not match any file(s) known to git
#18 1.961 error: pathspec '88d167f9' did not match any file(s) known to git
#18 1.969 error: pathspec '88d167f9' did not match any file(s) known to git
#18 2.252 Checkout unsuccessful.
#18 DONE 2.5s

#19 [stage-1 12/13] RUN echo "#!/bin/bash\nPYTHONPATH=/src python3 -u -c "from fuzzers import utils; utils.initialize_env(); from fuzzers.afl import fuzzer; fuzzer.build()"" > /usr/bin/fuzzer_build &&     chmod +x /usr/bin/fuzzer_build
#19 sha256:e338702bd8f0b2505113f678cb0c4aafcbd750d474dd88b34c3ddf4feefbe98e
#19 DONE 0.5s

#20 [stage-1 13/13] RUN echo "Run fuzzer_build to build the target" && if [ -z "$debug_builder" ] ; then fuzzer_build; fi
#20 sha256:d1df24fab46c1ffdb502ce0b94e431f6fa3f2623b74438609929b1d56a800344
#20 0.439 Run fuzzer_build to build the target
#20 0.552 FUZZ_TARGET = boost_ptree_inforead_fuzzer
#20 0.552 CFLAGS = -DFUZZING_BUILD_MODE_UNSAFE_FOR_PRODUCTION -pthread -Wl,--no-as-needed -Wl,-ldl -Wl,-lm -Wno-unused-command-line-argument -O3
#20 0.552 CXXFLAGS = -DFUZZING_BUILD_MODE_UNSAFE_FOR_PRODUCTION -pthread -Wl,--no-as-needed -Wl,-ldl -Wl,-lm -Wno-unused-command-line-argument -stdlib=libc++ -O3
#20 0.557 Building benchmark boost_boost_ptree_inforead_fuzzer with fuzzer afl
#20 0.560 + clang++ -DFUZZING_BUILD_MODE_UNSAFE_FOR_PRODUCTION -pthread -Wl,--no-as-needed -Wl,-ldl -Wl,-lm -Wno-unused-command-line-argument -stdlib=libc++ -O3 -fsanitize-coverage=trace-pc-guard -I . ../boost_regex_fuzzer.cc libs/regex/src/posix_api.cpp libs/regex/src/regex.cpp libs/regex/src/regex_debug.cpp libs/regex/src/static_mutex.cpp libs/regex/src/wide_posix_api.cpp /libAFL.a -o boost_regex_fuzzer
#20 25.09 + clang++ -DFUZZING_BUILD_MODE_UNSAFE_FOR_PRODUCTION -pthread -Wl,--no-as-needed -Wl,-ldl -Wl,-lm -Wno-unused-command-line-argument -stdlib=libc++ -O3 -fsanitize-coverage=trace-pc-guard -I . ../boost_ptree_xmlread_fuzzer.cc /libAFL.a -o boost_ptree_xmlread_fuzzer
#20 25.11 clang-14: error: no such file or directory: '../boost_ptree_xmlread_fuzzer.cc'
#20 25.11 Traceback (most recent call last):
#20 25.11   File "<string>", line 1, in <module>
#20 25.11   File "/src/fuzzers/afl/fuzzer.py", line 40, in build
#20 25.11     utils.build_benchmark()
#20 25.11   File "/src/fuzzers/utils.py", line 82, in build_benchmark
#20 25.11     subprocess.check_call(['/bin/bash', '-ex', build_script], env=env)
#20 25.11   File "/usr/local/lib/python3.8/subprocess.py", line 364, in check_call
#20 25.11     raise CalledProcessError(retcode, cmd)
#20 25.11 subprocess.CalledProcessError: Command '['/bin/bash', '-ex', '/src/build.sh']' returned non-zero exit status 1.
#20 ERROR: executor failed running [/bin/sh -c echo "Run fuzzer_build to build the target" && if [ -z "$debug_builder" ] ; then fuzzer_build; fi]: exit code: 1
------
 > importing cache manifest from gcr.io/fuzzbench/builders/afl/boost_boost_ptree_inforead_fuzzer:
------
------
 > [stage-1 13/13] RUN echo "Run fuzzer_build to build the target" && if [ -z "$debug_builder" ] ; then fuzzer_build; fi:
------
executor failed running [/bin/sh -c echo "Run fuzzer_build to build the target" && if [ -z "$debug_builder" ] ; then fuzzer_build; fi]: exit code: 1
make: *** [docker/generated.mk:2764684: .afl-boost_boost_ptree_inforead_fuzzer-builder] Error 1
/bin/sh: 1: source: not found
#1 [internal] load build definition from Dockerfile
#1 sha256:25c87989cc3b165b19103bd83b08500e7aac4e5c3985f532aac3f6efc99f2a89
#1 transferring dockerfile: 32B done
#1 DONE 0.0s

#2 [internal] load .dockerignore
#2 sha256:c7873a7d587d88faedef7a130eff37ee647c57ba6dd9f703e35510a556bcfc4f
#2 transferring context: 2B done
#2 DONE 0.0s

#3 [internal] load metadata for gcr.io/oss-fuzz-base/base-builder:latest
#3 sha256:f10dc39cc9d418a5bc416dead31a1902b6821fdae909cd3b08f7a3fd1faba7b5
#3 DONE 0.4s

#5 [1/6] FROM gcr.io/oss-fuzz-base/base-builder@sha256:41d7bbe7827592680a606c9bba1aeb6e23c7502ce8b633923b06542f4c706e7c
#5 sha256:660db69324ed478291dd329cbbfe422dccbc173f9ab806c069fac341073eab8c
#5 DONE 0.0s

#4 importing cache manifest from gcr.io/fuzzbench/builders/benchmark/boost_boost_ptree_inforead_fuzzer
#4 sha256:bf73e5a93ac7b49cd358d1b94652464067d8c44957a5330304991d4ae651be86
#4 DONE 0.0s

#10 [internal] load build context
#10 sha256:1e341db4266479382a17780040ce43efd74cefe9d70814412fb8b5795b56e81a
#10 transferring context: 71B done
#10 DONE 0.0s

#8 [4/6] WORKDIR boost
#8 sha256:755c9caf20b728150890ac7a5930f5fbc4bb14055a1d076889c70231e26b5020
#8 CACHED

#6 [2/6] RUN apt-get update && apt-get install -y g++
#6 sha256:af3a28fbaef1d043919d93747061c5755e2161896ee0b66b13300fc7e54c3d90
#6 CACHED

#7 [3/6] RUN git clone --recursive https://github.com/boostorg/boost.git
#7 sha256:67869b6b2869a34d8198f8ddb8ff78e8a8b8e5a898b3f72376b5ac365e825fe2
#7 CACHED

#9 [5/6] RUN ./bootstrap.sh && ./b2 headers
#9 sha256:22cb100c1bc39190d79f2ede1ffe043110b390c776b0bd1716ee5931553a4a03
#9 CACHED

#11 [6/6] COPY build.sh boost_regex_fuzzer.cc /src/
#11 sha256:a51b4f169e3c646b5d3e5402b5be0ae0691cdfac0b8845160ebfd7df87f32659
#11 CACHED

#12 exporting to image
#12 sha256:e8c613e07b0b7ff33893b694f7759a10d42e180f2b4dc349fb57dc6b71dcab00
#12 exporting layers done
#12 writing image sha256:fbba3a9e34102c20d4647c811eacf93c19f3012f925257c3e0790533d74736e9
#12 writing image sha256:fbba3a9e34102c20d4647c811eacf93c19f3012f925257c3e0790533d74736e9 done
#12 naming to gcr.io/fuzzbench/builders/benchmark/boost_boost_ptree_inforead_fuzzer done
#12 DONE 0.1s

#13 exporting cache
#13 sha256:2700d4ef94dee473593c5c614b55b2dedcca7893909811a8f2b48291a1f581e4
#13 preparing build cache for export done
#13 DONE 0.0s
#1 [internal] load build definition from builder.Dockerfile
#1 sha256:407a51e54276cd3af122e9332fcfc54ce37d07866453b36815c0cb25e2e7d57c
#1 DONE 0.0s

#1 [internal] load build definition from builder.Dockerfile
#1 sha256:407a51e54276cd3af122e9332fcfc54ce37d07866453b36815c0cb25e2e7d57c
#1 transferring dockerfile: 46B done
#1 DONE 0.0s

#2 [internal] load .dockerignore
#2 sha256:4a363008c40b1f40c838a3ef709d1eafc2159c8de2b888a8bf52f6b200f3cf7d
#2 transferring context: 2B done
#2 DONE 0.0s

#3 [internal] load metadata for gcr.io/fuzzbench/builders/benchmark/boost_boost_ptree_inforead_fuzzer:latest
#3 sha256:ef271cc9a4d685a23eea07c336df826eb80ea4170782a98a2ae18a8efe7f425a
#3 DONE 0.0s

#5 [1/3] FROM gcr.io/fuzzbench/builders/benchmark/boost_boost_ptree_inforead_fuzzer
#5 sha256:1ebd6c18b27f6fb4fc5baafbc20ab6821d4d51bf07533d7684ff864ee419409c
#5 DONE 0.0s

#4 importing cache manifest from gcr.io/fuzzbench/builders/afl/boost_boost_ptree_inforead_fuzzer-intermediate
#4 sha256:361085db05ba1d43340f47c6696abf1408d498c7927b8597f13032267fe30615
#4 DONE 0.0s

#6 [2/3] RUN git clone https://github.com/google/AFL.git /afl &&     cd /afl &&     git checkout 61037103ae3722c8060ff7082994836a794f978e &&     AFL_NO_X86=1 make
#6 sha256:d957421f443cc243b891e4d1d85edad68903dd48c8c8393119cd97dacac2e7fa
#6 CACHED

#7 [3/3] RUN apt-get update &&     apt-get install wget -y &&     wget https://raw.githubusercontent.com/llvm/llvm-project/5feb80e748924606531ba28c97fe65145c65372e/compiler-rt/lib/fuzzer/afl/afl_driver.cpp -O /afl/afl_driver.cpp &&     clang -Wno-pointer-sign -c /afl/llvm_mode/afl-llvm-rt.o.c -I/afl &&     clang++ -stdlib=libc++ -std=c++11 -O2 -c /afl/afl_driver.cpp &&     ar r /libAFL.a *.o
#7 sha256:533752f7798ff2f5c2fb692856e51130a656f2196bdb72faa795367f049e3b73
#7 CACHED

#8 exporting to image
#8 sha256:e8c613e07b0b7ff33893b694f7759a10d42e180f2b4dc349fb57dc6b71dcab00
#8 exporting layers done
#8 writing image sha256:475471697422e350d24a776c9eba65b2e29b7ee75efad0055f2aaa929eb5c476
#8 writing image sha256:475471697422e350d24a776c9eba65b2e29b7ee75efad0055f2aaa929eb5c476 done
#8 naming to gcr.io/fuzzbench/builders/afl/boost_boost_ptree_inforead_fuzzer-intermediate done
#8 DONE 0.1s

#9 exporting cache
#9 sha256:2700d4ef94dee473593c5c614b55b2dedcca7893909811a8f2b48291a1f581e4
#9 preparing build cache for export done
#9 DONE 0.0s
#1 [internal] load build definition from Dockerfile
#1 sha256:5393d5a153754f7b14b52ffbc0896a75d3b1d01bec12f3564e0419e510c59ab4
#1 transferring dockerfile: 2.00kB done
#1 DONE 0.0s

#2 [internal] load .dockerignore
#2 sha256:957e91c3d79dad99f52d553f16ff1c1bf8716b6269ed0a47403f443eb1c71e51
#2 transferring context: 34B done
#2 DONE 0.0s

#3 [internal] load metadata for docker.io/library/ubuntu:xenial
#3 sha256:f62bae18ed588840f045c881b2502661f2a89578a2f8f99b83f5200ee83dd25b
#3 DONE 0.0s

#5 [1/7] FROM docker.io/library/ubuntu:xenial
#5 sha256:14dd403f25ae9e519bd44f27dc17af7ce80f5a4f9f48ca88108364e67ec5d360
#5 DONE 0.0s

#4 importing cache manifest from gcr.io/fuzzbench/base-image
#4 sha256:9b220ebb4d4daceed1b96df9b6dca076e762f1cd612574f010b82d5b9e5ad896
#4 DONE 0.0s

#8 [internal] load build context
#8 sha256:e73f3b14978ec6369f16c4ac38a54dce7914ad0ab560652878614b75e294aeb0
#8 transferring context: 559B 0.0s done
#8 DONE 0.0s

#9 [4/7] COPY ./requirements.txt /
#9 sha256:21abeeaaa0d218c525fe8417222aa94a9b0487d897f2dc33c92a81c2b396cb12
#9 CACHED

#10 [5/7] RUN pip3 install -r /requirements.txt
#10 sha256:02c6e7b901f2783b2bbc4539b375127785c03a789a9c51aaefcfa8f459e5a279
#10 CACHED

#11 [6/7] RUN apt-get update -y && apt-get install -y     apt-transport-https     lsb-release
#11 sha256:73fdf4dc7736dd3d5eabe147f028e187325cf38c8ce4370b3905e213eaa0867d
#11 CACHED

#7 [3/7] RUN cd /tmp/ &&     curl -O https://www.python.org/ftp/python/3.8.6/Python-3.8.6.tar.xz &&     tar -xvf Python-3.8.6.tar.xz &&     cd Python-3.8.6 &&     ./configure --enable-loadable-sqlite-extensions --enable-optimizations &&     make -j install &&     rm -r /tmp/Python-3.8.6.tar.xz /tmp/Python-3.8.6
#7 sha256:c5b9d1fb3371e84dbc60b76e7b2f8d5913bc93bcd4910ab65daa03e7b2ec4bb0
#7 CACHED

#6 [2/7] RUN apt-get update -y && apt-get install -y     build-essential     rsync     curl     zlib1g-dev     libncurses5-dev     libgdbm-dev     libnss3-dev     libssl-dev     libreadline-dev     libffi-dev     virtualenv     libbz2-dev     liblzma-dev     libsqlite3-dev
#6 sha256:3a1b0960f17eed529eaae93dc8fd3554f2743dd584d8fa569cdbe6bc734371ac
#6 CACHED

#12 [7/7] RUN CLOUD_SDK_REPO="cloud-sdk-$(lsb_release -c -s)" &&     echo "deb https://packages.cloud.google.com/apt $CLOUD_SDK_REPO main"     | tee -a /etc/apt/sources.list.d/google-cloud-sdk.list &&     curl https://packages.cloud.google.com/apt/doc/apt-key.gpg     | apt-key add - &&     apt-get update -y &&     apt-get install -y google-cloud-sdk
#12 sha256:d703d6b9d9524e0b863caecdb83ae5a4888f66642fdd4da966a26a7cfe20d238
#12 CACHED

#13 exporting to image
#13 sha256:e8c613e07b0b7ff33893b694f7759a10d42e180f2b4dc349fb57dc6b71dcab00
#13 exporting layers done
#13 writing image sha256:cdb478538a35041a0b5608a1313087aff20fc062fe25108e635bb6f1faebe08e done
#13 naming to gcr.io/fuzzbench/base-image done
#13 DONE 0.0s

#14 exporting cache
#14 sha256:2700d4ef94dee473593c5c614b55b2dedcca7893909811a8f2b48291a1f581e4
#14 preparing build cache for export done
#14 DONE 0.0s
#1 [internal] load build definition from Dockerfile
#1 sha256:38937d2cbacbdfbd48c9296a463eed17626772dbb43b939ff1df5f5b16114888
#1 transferring dockerfile: 2.22kB done
#1 DONE 0.0s

#2 [internal] load .dockerignore
#2 sha256:95bb58ec463fe012fa77c0f8be856c38f460185e7f6d4acd6c7ac9c1b2dd6d11
#2 transferring context: 34B done
#2 DONE 0.0s

#3 [internal] load metadata for gcr.io/fuzzbench/base-image:latest
#3 sha256:932022888f650cc455b10eb5123bb08c0cccacac29a693e69314abbfd28a72c3
#3 DONE 0.0s

#4 [internal] load metadata for gcr.io/fuzzbench/builders/afl/boost_boost_ptree_inforead_fuzzer-intermediate:latest
#4 sha256:6c59fb124e374b0518f92cef28968e828fe2563ee5cbe34b3b6f38dae7c2c379
#4 DONE 0.0s

#12 [internal] load build context
#12 sha256:51ba104c5aba12f15463dbb1e6860a8cdaa9559fe2d9b0b8dea2a768d27820d4
#12 DONE 0.0s

#7 [base-image 1/1] FROM gcr.io/fuzzbench/base-image
#7 sha256:4d07825694520f8b6f6a0d8592dbd345433361ae044cb7f06706c5a95e3daaad
#7 DONE 0.0s

#6 [stage-1  1/13] FROM gcr.io/fuzzbench/builders/afl/boost_boost_ptree_inforead_fuzzer-intermediate
#6 sha256:1354b9611445bc79af07043dbdffd01020c1c27883f9571ff26cf0653f48adca
#6 DONE 0.0s

#5 importing cache manifest from gcr.io/fuzzbench/builders/afl/boost_boost_ptree_inforead_fuzzer
#5 sha256:ceec8205313e7180aa7c2e05ff0965ee3c3b78c3b37b300999d9fa35e134fa99
#5 ERROR: gcr.io/fuzzbench/builders/afl/boost_boost_ptree_inforead_fuzzer:latest: not found

#12 [internal] load build context
#12 sha256:51ba104c5aba12f15463dbb1e6860a8cdaa9559fe2d9b0b8dea2a768d27820d4
#12 transferring context: 669.92kB 0.1s done
#12 DONE 0.1s

#8 [stage-1  2/13] COPY --from=base-image /usr/local/bin/python3* /usr/local/bin/
#8 sha256:47bf7c7a5872f0a26136f4fe31f371675cdfce8c9bc55baad9a89ccfe0e09e7b
#8 CACHED

#13 [stage-1  6/13] COPY fuzzers /src/fuzzers
#13 sha256:af116636c7bec7e8614042e3460c3b2707e03f2dd76a18bccf1e8e208735c95a
#13 CACHED

#9 [stage-1  3/13] COPY --from=base-image /usr/local/lib/python3.8 /usr/local/lib/python3.8
#9 sha256:a4e7d5d7027e9e386b5fd9d3e4ac90800fafaa89b14db314807e8b72978727d8
#9 CACHED

#11 [stage-1  5/13] COPY --from=base-image /usr/local/lib/python3.8/site-packages /usr/local/lib/python3.8/site-packages
#11 sha256:065fb9c50f825db4e0de0e9ff9bc36696104ebcc81154967e4dd546b4e9b9beb
#11 CACHED

#14 [stage-1  7/13] RUN touch /src/__init__.py
#14 sha256:60098b68e5e119fa3e0e519e61a19419c5e0bd9f9b5c2c42d9029d28e9ca5eaa
#14 CACHED

#17 [stage-1 10/13] COPY docker/benchmark-builder/checkout_commit.py /opt/fuzzbench/
#17 sha256:57ee62f40983f9032fa23671f2d4652a9e47615c094f2b088d0abeffc55fe053
#17 CACHED

#16 [stage-1  9/13] RUN mkdir /opt/fuzzbench/
#16 sha256:a96603b6cd21d7936394c4c0a36799b500d446476573e56191d2187e3378042e
#16 CACHED

#18 [stage-1 11/13] RUN export CHECKOUT_COMMIT=$(cat /benchmark.yaml | tr -d ' ' | grep 'commit:' | cut -d ':' -f2) &&     python3 -u /opt/fuzzbench/checkout_commit.py $CHECKOUT_COMMIT /src
#18 sha256:bbed815564358720b25480dd27e2d2223e8cdf67d47c374727d7e6007d9d3513
#18 CACHED

#10 [stage-1  4/13] COPY --from=base-image /usr/local/include/python3.8 /usr/local/include/python3.8
#10 sha256:939d33d773b74aec9318e0bb7ebcd1960a150d2c3237fcfdd57fb330e2f20993
#10 CACHED

#15 [stage-1  8/13] COPY benchmarks/boost_boost_ptree_inforead_fuzzer/benchmark.yaml /
#15 sha256:09520d6683f2cd45c3289e22d4294ea16944aa8e362a767ad9cfff46a5cf5a8f
#15 CACHED

#19 [stage-1 12/13] RUN echo "#!/bin/bash\nPYTHONPATH=/src python3 -u -c "from fuzzers import utils; utils.initialize_env(); from fuzzers.afl import fuzzer; fuzzer.build()"" > /usr/bin/fuzzer_build &&     chmod +x /usr/bin/fuzzer_build
#19 sha256:3d60373213a41c6d36987dd3b509cf01c995c87c95c472f6a6693f331aaed321
#19 CACHED

#20 [stage-1 13/13] RUN echo "Run fuzzer_build to build the target" && if [ -z "$debug_builder" ] ; then fuzzer_build; fi
#20 sha256:162c45418234a54953744d2c4145a1c61b3486254a401e0997a52822b53e8013
#20 0.347 Run fuzzer_build to build the target
#20 0.459 FUZZ_TARGET = boost_ptree_inforead_fuzzer
#20 0.459 CFLAGS = -DFUZZING_BUILD_MODE_UNSAFE_FOR_PRODUCTION -pthread -Wl,--no-as-needed -Wl,-ldl -Wl,-lm -Wno-unused-command-line-argument -O3
#20 0.459 CXXFLAGS = -DFUZZING_BUILD_MODE_UNSAFE_FOR_PRODUCTION -pthread -Wl,--no-as-needed -Wl,-ldl -Wl,-lm -Wno-unused-command-line-argument -stdlib=libc++ -O3
#20 0.464 Building benchmark boost_boost_ptree_inforead_fuzzer with fuzzer afl
#20 0.467 + clang++ -DFUZZING_BUILD_MODE_UNSAFE_FOR_PRODUCTION -pthread -Wl,--no-as-needed -Wl,-ldl -Wl,-lm -Wno-unused-command-line-argument -stdlib=libc++ -O3 -fsanitize-coverage=trace-pc-guard -I . ../boost_regex_fuzzer.cc libs/regex/src/posix_api.cpp libs/regex/src/regex.cpp libs/regex/src/regex_debug.cpp libs/regex/src/static_mutex.cpp libs/regex/src/wide_posix_api.cpp /libAFL.a -o boost_regex_fuzzer
#20 25.05 + clang++ -DFUZZING_BUILD_MODE_UNSAFE_FOR_PRODUCTION -pthread -Wl,--no-as-needed -Wl,-ldl -Wl,-lm -Wno-unused-command-line-argument -stdlib=libc++ -O3 -fsanitize-coverage=trace-pc-guard -I . ../boost_ptree_xmlread_fuzzer.cc /libAFL.a -o boost_ptree_xmlread_fuzzer
#20 25.06 clang-14: error: no such file or directory: '../boost_ptree_xmlread_fuzzer.cc'
#20 25.06 Traceback (most recent call last):
#20 25.06   File "<string>", line 1, in <module>
#20 25.06   File "/src/fuzzers/afl/fuzzer.py", line 40, in build
#20 25.06     utils.build_benchmark()
#20 25.06   File "/src/fuzzers/utils.py", line 82, in build_benchmark
#20 25.06     subprocess.check_call(['/bin/bash', '-ex', build_script], env=env)
#20 25.06   File "/usr/local/lib/python3.8/subprocess.py", line 364, in check_call
#20 25.06     raise CalledProcessError(retcode, cmd)
#20 25.06 subprocess.CalledProcessError: Command '['/bin/bash', '-ex', '/src/build.sh']' returned non-zero exit status 1.
#20 ERROR: executor failed running [/bin/sh -c echo "Run fuzzer_build to build the target" && if [ -z "$debug_builder" ] ; then fuzzer_build; fi]: exit code: 1
------
 > importing cache manifest from gcr.io/fuzzbench/builders/afl/boost_boost_ptree_inforead_fuzzer:
------
------
 > [stage-1 13/13] RUN echo "Run fuzzer_build to build the target" && if [ -z "$debug_builder" ] ; then fuzzer_build; fi:
------
executor failed running [/bin/sh -c echo "Run fuzzer_build to build the target" && if [ -z "$debug_builder" ] ; then fuzzer_build; fi]: exit code: 1
make: *** [docker/generated.mk:2764684: .afl-boost_boost_ptree_inforead_fuzzer-builder] Error 1
