WARNING:root:gcloud not found in PATH.
INFO:root:Successfully integrated benchmark: opencv_generateusergallerycollage_fuzzer.
INFO:root:Please run "make test-run-afl-opencv_generateusergallerycollage_fuzzer" to test integration.
#1 [internal] load build definition from Dockerfile
#1 sha256:47f0da7e828cdc54a91f6266449452340a4c72cde05477584c034bb230ce88cf
#1 transferring dockerfile: 937B done
#1 DONE 0.1s

#2 [internal] load .dockerignore
#2 sha256:be244a9c13846c81418aff243b340a90e450adc44c2a902e26d433321111a5a8
#2 transferring context: 2B done
#2 DONE 0.0s

#3 [internal] load metadata for gcr.io/oss-fuzz-base/base-builder:latest
#3 sha256:f10dc39cc9d418a5bc416dead31a1902b6821fdae909cd3b08f7a3fd1faba7b5
#3 DONE 0.5s

#10 [1/6] FROM gcr.io/oss-fuzz-base/base-builder@sha256:112044a9815d235113677d459cf2ece740a51f2b85081c8f66943dcdc72ddf7f
#10 sha256:4aee4bf9f7280ac8b7f02b8d29e6e084dd034d2c294b4e3e05d8ce7048a1450f
#10 DONE 0.0s

#11 [internal] load build context
#11 sha256:1b1dda7e51f8b79b0ba744d28e45801b7b7b30b3882be4bbc05021c4438ffd20
#11 DONE 0.0s

#4 importing cache manifest from gcr.io/fuzzbench/builders/benchmark/opencv_generateusergallerycollage_fuzzer
#4 sha256:d71bf166b0b2a68b95929295b9265058e2af7190e7f18fc1964b92c41626a65c
#4 ERROR: gcr.io/fuzzbench/builders/benchmark/opencv_generateusergallerycollage_fuzzer:latest: not found

#11 [internal] load build context
#11 sha256:1b1dda7e51f8b79b0ba744d28e45801b7b7b30b3882be4bbc05021c4438ffd20
#11 transferring context: 2.35kB done
#11 DONE 0.0s

#7 [4/6] WORKDIR opencv/
#7 sha256:fda6c4b7e211bdd8ec1ae001cbb40929be694af912454da7105b1ff5a7d1ef7e
#7 CACHED

#8 [5/6] COPY build.sh /src/
#8 sha256:4616e975d568b2658149abe8a3fc9acb00a43a5c9013375d3411e0767daf4a11
#8 CACHED

#5 [2/6] RUN apt-get update && apt-get install -y build-essential cmake pkg-config
#5 sha256:5b4cdd543f7676d762d91b87c637b12e81d197a5de05812a3f0a2dc7aead2436
#5 CACHED

#6 [3/6] RUN git clone --depth 1 https://github.com/opencv/opencv.git opencv
#6 sha256:59a9fb61118231e7c2a207bca2277cafcfad95bb7e22f5ee768b2c0e041e7f83
#6 CACHED

#9 [6/6] COPY *.cc *.h /src/
#9 sha256:f59fb44becc5efa2fa49e9b16b5bf6813b21c339b4a31d9ed76557c316ac3142
#9 CACHED

#12 exporting to image
#12 sha256:e8c613e07b0b7ff33893b694f7759a10d42e180f2b4dc349fb57dc6b71dcab00
#12 exporting layers done
#12 writing image sha256:1becccd814dbf34cc8e63e180aa81b53d32b799e754916d11e8fe1e0019dbfe9 done
#12 naming to gcr.io/fuzzbench/builders/benchmark/opencv_generateusergallerycollage_fuzzer done
#12 DONE 0.1s

#13 exporting cache
#13 sha256:2700d4ef94dee473593c5c614b55b2dedcca7893909811a8f2b48291a1f581e4
#13 preparing build cache for export done
#13 DONE 0.0s
------
 > importing cache manifest from gcr.io/fuzzbench/builders/benchmark/opencv_generateusergallerycollage_fuzzer:
------
#1 [internal] load build definition from builder.Dockerfile
#1 sha256:4f96369bc4ccc2efafafc2332334eb65e57e409675c7c1f36dcdfd4f0978354c
#1 transferring dockerfile: 46B done
#1 DONE 0.1s

#2 [internal] load .dockerignore
#2 sha256:8bef25577f324393b54abb8dc3f0ccda385807e4f01c311aacf5578fce05dead
#2 transferring context:
#2 transferring context: 2B done
#2 DONE 0.1s

#3 [internal] load metadata for gcr.io/fuzzbench/builders/benchmark/opencv_generateusergallerycollage_fuzzer:latest
#3 sha256:fabc62fef2138ec664deb40751b6b5fba6ea4cface0f43e61a43b04213b1658b
#3 DONE 0.0s

#7 [1/3] FROM gcr.io/fuzzbench/builders/benchmark/opencv_generateusergallerycollage_fuzzer
#7 sha256:0fbd196e19158c91d87c417a96efd05f042f965b6829c722836ffae245489706
#7 DONE 0.0s

#4 importing cache manifest from gcr.io/fuzzbench/builders/afl/opencv_generateusergallerycollage_fuzzer-intermediate
#4 sha256:603625bcc17028cc78bd5a686f60058a4f6238ebc061a5d1c226dcd92c4bafab
#4 ERROR: gcr.io/fuzzbench/builders/afl/opencv_generateusergallerycollage_fuzzer-intermediate:latest: not found

#5 [2/3] RUN git clone https://github.com/google/AFL.git /afl &&     cd /afl &&     git checkout 61037103ae3722c8060ff7082994836a794f978e &&     AFL_NO_X86=1 make
#5 sha256:90340012a6dc2df21b0112019312d7783dfbb0c7aba30b19bb97c073c1348af1
#5 CACHED

#6 [3/3] RUN apt-get update &&     apt-get install wget -y &&     wget https://raw.githubusercontent.com/llvm/llvm-project/5feb80e748924606531ba28c97fe65145c65372e/compiler-rt/lib/fuzzer/afl/afl_driver.cpp -O /afl/afl_driver.cpp &&     clang -Wno-pointer-sign -c /afl/llvm_mode/afl-llvm-rt.o.c -I/afl &&     clang++ -stdlib=libc++ -std=c++11 -O2 -c /afl/afl_driver.cpp &&     ar r /libAFL.a *.o
#6 sha256:1bb0e8d9d6e5f0e916907a0656a71c07875aa5695f5daeeb71ead39c138faa1a
#6 CACHED

#8 exporting to image
#8 sha256:e8c613e07b0b7ff33893b694f7759a10d42e180f2b4dc349fb57dc6b71dcab00
#8 exporting layers done
#8 writing image sha256:46f5031b711128eb84cc163599a68526005a66a2f95e2b1d5dab852aa983e026 done
#8 naming to gcr.io/fuzzbench/builders/afl/opencv_generateusergallerycollage_fuzzer-intermediate done
#8 DONE 0.1s

#9 exporting cache
#9 sha256:2700d4ef94dee473593c5c614b55b2dedcca7893909811a8f2b48291a1f581e4
#9 preparing build cache for export done
#9 DONE 0.0s
------
 > importing cache manifest from gcr.io/fuzzbench/builders/afl/opencv_generateusergallerycollage_fuzzer-intermediate:
------
#1 [internal] load build definition from Dockerfile
#1 sha256:17ac87aeb6f90371881d4b521c25158ef40c0dbee3194f183dabfeaff1e37495
#1 transferring dockerfile: 2.00kB done
#1 DONE 0.1s

#2 [internal] load .dockerignore
#2 sha256:d4361b9153b4da595eacd28f8071b83b49b1e13fd417fe262e430b504778a8c2
#2 transferring context: 34B done
#2 DONE 0.1s

#3 [internal] load metadata for docker.io/library/ubuntu:xenial
#3 sha256:f62bae18ed588840f045c881b2502661f2a89578a2f8f99b83f5200ee83dd25b
#3 DONE 0.0s

#4 importing cache manifest from gcr.io/fuzzbench/base-image
#4 sha256:9b220ebb4d4daceed1b96df9b6dca076e762f1cd612574f010b82d5b9e5ad896
#4 DONE 0.0s

#5 [1/7] FROM docker.io/library/ubuntu:xenial
#5 sha256:14dd403f25ae9e519bd44f27dc17af7ce80f5a4f9f48ca88108364e67ec5d360
#5 DONE 0.0s

#8 [internal] load build context
#8 sha256:a3cfd0649f16a14f841fb9c0b4897a7e9b3480a4bc606662ca25193a547accd2
#8 transferring context: 559B 0.0s done
#8 DONE 0.1s

#10 [5/7] RUN pip3 install -r /requirements.txt
#10 sha256:859c739eb626248ddfc14525884195783d82065e5d642fba20a2dd254fac5372
#10 CACHED

#6 [2/7] RUN apt-get update -y && apt-get install -y     build-essential     rsync     curl     zlib1g-dev     libncurses5-dev     libgdbm-dev     libnss3-dev     libssl-dev     libreadline-dev     libffi-dev     virtualenv     libbz2-dev     liblzma-dev     libsqlite3-dev
#6 sha256:3a1b0960f17eed529eaae93dc8fd3554f2743dd584d8fa569cdbe6bc734371ac
#6 CACHED

#11 [6/7] RUN apt-get update -y && apt-get install -y     apt-transport-https     lsb-release
#11 sha256:66df39efeb88901acae3232d5df699b2de38b0c4171b10038dd4fca53de0d8c0
#11 CACHED

#9 [4/7] COPY ./requirements.txt /
#9 sha256:a79035a23c3b05e6a292960eaa8f122a5b00bb2e0de34e0aeb8fd5d146216b3c
#9 CACHED

#7 [3/7] RUN cd /tmp/ &&     curl -O https://www.python.org/ftp/python/3.8.6/Python-3.8.6.tar.xz &&     tar -xvf Python-3.8.6.tar.xz &&     cd Python-3.8.6 &&     ./configure --enable-loadable-sqlite-extensions --enable-optimizations &&     make -j install &&     rm -r /tmp/Python-3.8.6.tar.xz /tmp/Python-3.8.6
#7 sha256:c5b9d1fb3371e84dbc60b76e7b2f8d5913bc93bcd4910ab65daa03e7b2ec4bb0
#7 CACHED

#12 [7/7] RUN CLOUD_SDK_REPO="cloud-sdk-$(lsb_release -c -s)" &&     echo "deb https://packages.cloud.google.com/apt $CLOUD_SDK_REPO main"     | tee -a /etc/apt/sources.list.d/google-cloud-sdk.list &&     curl https://packages.cloud.google.com/apt/doc/apt-key.gpg     | apt-key add - &&     apt-get update -y &&     apt-get install -y google-cloud-sdk
#12 sha256:c8e7543b7d65fc3a0b846912d90dd14e5becbbcd717946931a4a6d071e87fc13
#12 CACHED

#13 exporting to image
#13 sha256:e8c613e07b0b7ff33893b694f7759a10d42e180f2b4dc349fb57dc6b71dcab00
#13 exporting layers done
#13 writing image sha256:55e5825902805b10e1ba0cd27e4af0d82c25f9e225d6218342d4b6474bd3ddae done
#13 naming to gcr.io/fuzzbench/base-image done
#13 DONE 0.0s

#14 exporting cache
#14 sha256:2700d4ef94dee473593c5c614b55b2dedcca7893909811a8f2b48291a1f581e4
#14 preparing build cache for export done
#14 DONE 0.0s
#1 [internal] load build definition from Dockerfile
#1 sha256:e0ceae23ef73c2a660eace044ea1b820d2a5758c210ed46042b0a9d41ceeaa1d
#1 transferring dockerfile: 2.22kB done
#1 DONE 0.0s

#2 [internal] load .dockerignore
#2 sha256:b52deecf5e2fb7097d566a70d4f57663732138d6374ccc8735ee23b4b1d79370
#2 transferring context: 34B done
#2 DONE 0.0s

#7 [base-image 1/1] FROM gcr.io/fuzzbench/base-image
#7 sha256:4d07825694520f8b6f6a0d8592dbd345433361ae044cb7f06706c5a95e3daaad
#7 DONE 1.0s

#6 [stage-1  1/13] FROM gcr.io/fuzzbench/builders/afl/opencv_generateusergallerycollage_fuzzer-intermediate
#6 sha256:482cd864bdebfa3f697a55905475fed01cb8f0525d11f728183b5e83d712d41e
#6 DONE 0.0s

#3 [internal] load metadata for gcr.io/fuzzbench/base-image:latest
#3 sha256:932022888f650cc455b10eb5123bb08c0cccacac29a693e69314abbfd28a72c3
#3 DONE 0.0s

#4 [internal] load metadata for gcr.io/fuzzbench/builders/afl/opencv_generateusergallerycollage_fuzzer-intermediate:latest
#4 sha256:6d745075288ac304aff20a31dabd96d7d5e69b633101539ecb59977bd0f124fb
#4 DONE 0.0s

#12 [internal] load build context
#12 sha256:3d367c51341b70e72ff1ea9931182efe7f32f1e9725f72d8140c05e2526cdef7
#12 DONE 0.0s

#5 importing cache manifest from gcr.io/fuzzbench/builders/afl/opencv_generateusergallerycollage_fuzzer
#5 sha256:06a0afd637e9944aaf7dd0cf90a36a07dc7dc37202abfbd983de0eb9401131f0
#5 ERROR: gcr.io/fuzzbench/builders/afl/opencv_generateusergallerycollage_fuzzer:latest: not found

#12 [internal] load build context
#12 sha256:3d367c51341b70e72ff1ea9931182efe7f32f1e9725f72d8140c05e2526cdef7
#12 transferring context: 669.94kB 0.2s done
#12 DONE 0.3s

#8 [stage-1  2/13] COPY --from=base-image /usr/local/bin/python3* /usr/local/bin/
#8 sha256:43fda8408636365a734ef44e6948be3c63c3642b5edbf607916427b213108fba
#8 CACHED

#9 [stage-1  3/13] COPY --from=base-image /usr/local/lib/python3.8 /usr/local/lib/python3.8
#9 sha256:cab69279cb0d6f97167b441b58008b8ee5740451c8b9b71f31fa01fafc077254
#9 CACHED

#10 [stage-1  4/13] COPY --from=base-image /usr/local/include/python3.8 /usr/local/include/python3.8
#10 sha256:6a88f0098013a2eefd76366daddbeefebdf71110ea45262832a337e2ad8d83fc
#10 CACHED

#11 [stage-1  5/13] COPY --from=base-image /usr/local/lib/python3.8/site-packages /usr/local/lib/python3.8/site-packages
#11 sha256:4c8d1b5773f553ac4014b6de685e5a9dfbc9a10b0f1c6cf7fe03e227aa2d1829
#11 CACHED

#13 [stage-1  6/13] COPY fuzzers /src/fuzzers
#13 sha256:27a24f16c09eeee77b6b76b3968e5f6bc32aed10db3b4bd818c63a3c9ee77eb3
#13 CACHED

#14 [stage-1  7/13] RUN touch /src/__init__.py
#14 sha256:6a64ea4b2c1794bdbae1e8708c3229c22b76f6353da501cef3ec18244c6e657b
#14 DONE 1.6s

#15 [stage-1  8/13] COPY benchmarks/opencv_generateusergallerycollage_fuzzer/benchmark.yaml /
#15 sha256:1005daebaafdcc6ed818460d8231291ad48c95fdb3249f976c2bb888c4155000
#15 DONE 0.4s

#16 [stage-1  9/13] RUN mkdir /opt/fuzzbench/
#16 sha256:2c85b21fe0f7640d86c6c789a4a35b859c0e978d64a4b2a3343e4743e4a216d6
#16 DONE 1.4s

#17 [stage-1 10/13] COPY docker/benchmark-builder/checkout_commit.py /opt/fuzzbench/
#17 sha256:f4bc90ce7e4fbe28a1f4489e88923d06035296e36b80aa72dc9667b17fa38496
#17 DONE 0.3s

#18 [stage-1 11/13] RUN export CHECKOUT_COMMIT=$(cat /benchmark.yaml | tr -d ' ' | grep 'commit:' | cut -d ':' -f2) &&     python3 -u /opt/fuzzbench/checkout_commit.py $CHECKOUT_COMMIT /src
#18 sha256:3215159955d589690d97d1ef56439071bc6983d5e908fe0f9a00d816b7899574
#18 1.498 Checking out commit 84faf557
#18 142.2 From https://github.com/opencv/opencv
#18 142.2  * [new tag]               2.2                  -> 2.2
#18 142.2  * [new tag]               2.4.0                -> 2.4.0
#18 142.2  * [new tag]               2.4.1                -> 2.4.1
#18 142.2  * [new tag]               2.4.10               -> 2.4.10
#18 142.2  * [new tag]               2.4.10.1             -> 2.4.10.1
#18 142.2  * [new tag]               2.4.10.2             -> 2.4.10.2
#18 142.2  * [new tag]               2.4.10.3             -> 2.4.10.3
#18 142.2  * [new tag]               2.4.10.4             -> 2.4.10.4
#18 142.2  * [new tag]               2.4.11               -> 2.4.11
#18 142.2  * [new tag]               2.4.12               -> 2.4.12
#18 142.2  * [new tag]               2.4.12.1             -> 2.4.12.1
#18 142.2  * [new tag]               2.4.12.2             -> 2.4.12.2
#18 142.2  * [new tag]               2.4.12.3             -> 2.4.12.3
#18 142.2  * [new tag]               2.4.13               -> 2.4.13
#18 142.2  * [new tag]               2.4.13.1             -> 2.4.13.1
#18 142.2  * [new tag]               2.4.2                -> 2.4.2
#18 142.2  * [new tag]               2.4.3                -> 2.4.3
#18 142.2  * [new tag]               2.4.3-rc             -> 2.4.3-rc
#18 142.2  * [new tag]               2.4.3.1              -> 2.4.3.1
#18 142.2  * [new tag]               2.4.3.2              -> 2.4.3.2
#18 142.2  * [new tag]               2.4.4                -> 2.4.4
#18 142.2  * [new tag]               2.4.4-beta           -> 2.4.4-beta
#18 142.2  * [new tag]               2.4.5                -> 2.4.5
#18 142.2  * [new tag]               2.4.6                -> 2.4.6
#18 142.2  * [new tag]               2.4.6.1              -> 2.4.6.1
#18 142.2  * [new tag]               2.4.6.2              -> 2.4.6.2
#18 142.2  * [new tag]               2.4.6.2-rc1          -> 2.4.6.2-rc1
#18 142.2  * [new tag]               2.4.7                -> 2.4.7
#18 142.2  * [new tag]               2.4.7-rc1            -> 2.4.7-rc1
#18 142.2  * [new tag]               2.4.7.1              -> 2.4.7.1
#18 142.2  * [new tag]               2.4.7.2              -> 2.4.7.2
#18 142.2  * [new tag]               2.4.8                -> 2.4.8
#18 142.2  * [new tag]               2.4.8.1              -> 2.4.8.1
#18 142.2  * [new tag]               2.4.8.2              -> 2.4.8.2
#18 142.2  * [new tag]               2.4.8.3              -> 2.4.8.3
#18 142.2  * [new tag]               2.4.9                -> 2.4.9
#18 142.2  * [new tag]               2.4.9.1              -> 2.4.9.1
#18 142.2  * [new tag]               3.0-ocl-tech-preview -> 3.0-ocl-tech-preview
#18 142.2  * [new tag]               3.0-ocl-tp2          -> 3.0-ocl-tp2
#18 142.2  * [new tag]               3.0.0                -> 3.0.0
#18 142.2  * [new tag]               3.0.0-alpha          -> 3.0.0-alpha
#18 142.2  * [new tag]               3.0.0-beta           -> 3.0.0-beta
#18 142.2  * [new tag]               3.0.0-rc1            -> 3.0.0-rc1
#18 142.2  * [new tag]               3.1.0                -> 3.1.0
#18 142.2  * [new tag]               3.2.0                -> 3.2.0
#18 142.2  * [new tag]               3.2.0-rc             -> 3.2.0-rc
#18 142.2  * [new tag]               3.3.0                -> 3.3.0
#18 142.2  * [new tag]               3.3.0-cvsdk          -> 3.3.0-cvsdk
#18 142.2  * [new tag]               3.3.0-rc             -> 3.3.0-rc
#18 142.2  * [new tag]               3.3.1                -> 3.3.1
#18 142.2  * [new tag]               3.3.1-cvsdk          -> 3.3.1-cvsdk
#18 142.2  * [new tag]               3.4.0                -> 3.4.0
#18 142.2  * [new tag]               3.4.0-rc             -> 3.4.0-rc
#18 142.2  * [new tag]               3.4.1                -> 3.4.1
#18 142.2  * [new tag]               3.4.1-cvsdk          -> 3.4.1-cvsdk
#18 142.2  * [new tag]               3.4.10               -> 3.4.10
#18 142.2  * [new tag]               3.4.11               -> 3.4.11
#18 142.2  * [new tag]               3.4.12               -> 3.4.12
#18 142.2  * [new tag]               3.4.13               -> 3.4.13
#18 142.2  * [new tag]               3.4.14               -> 3.4.14
#18 142.2  * [new tag]               3.4.15               -> 3.4.15
#18 142.2  * [new tag]               3.4.16               -> 3.4.16
#18 142.2  * [new tag]               3.4.17               -> 3.4.17
#18 142.2  * [new tag]               3.4.2                -> 3.4.2
#18 142.2  * [new tag]               3.4.2-openvino       -> 3.4.2-openvino
#18 142.2  * [new tag]               3.4.3                -> 3.4.3
#18 142.2  * [new tag]               3.4.3-openvino       -> 3.4.3-openvino
#18 142.2  * [new tag]               3.4.4                -> 3.4.4
#18 142.2  * [new tag]               3.4.5                -> 3.4.5
#18 142.2  * [new tag]               3.4.6                -> 3.4.6
#18 142.2  * [new tag]               3.4.7                -> 3.4.7
#18 142.2  * [new tag]               3.4.8                -> 3.4.8
#18 142.2  * [new tag]               3.4.9                -> 3.4.9
#18 142.2  * [new tag]               4.0.0                -> 4.0.0
#18 142.2  * [new tag]               4.0.0-alpha          -> 4.0.0-alpha
#18 142.2  * [new tag]               4.0.0-beta           -> 4.0.0-beta
#18 142.2  * [new tag]               4.0.0-openvino       -> 4.0.0-openvino
#18 142.2  * [new tag]               4.0.0-rc             -> 4.0.0-rc
#18 142.2  * [new tag]               4.0.1                -> 4.0.1
#18 142.2  * [new tag]               4.0.1-openvino       -> 4.0.1-openvino
#18 142.2  * [new tag]               4.1.0                -> 4.1.0
#18 142.2  * [new tag]               4.1.0-openvino       -> 4.1.0-openvino
#18 142.2  * [new tag]               4.1.1                -> 4.1.1
#18 142.2  * [new tag]               4.1.1-openvino       -> 4.1.1-openvino
#18 142.2  * [new tag]               4.1.2                -> 4.1.2
#18 142.2  * [new tag]               4.1.2-openvino       -> 4.1.2-openvino
#18 142.2  * [new tag]               4.2.0                -> 4.2.0
#18 142.2  * [new tag]               4.3.0                -> 4.3.0
#18 142.2  * [new tag]               4.4.0                -> 4.4.0
#18 142.2  * [new tag]               4.5.0                -> 4.5.0
#18 142.2  * [new tag]               4.5.1                -> 4.5.1
#18 142.2  * [new tag]               4.5.2                -> 4.5.2
#18 142.2  * [new tag]               4.5.3                -> 4.5.3
#18 142.2  * [new tag]               4.5.4                -> 4.5.4
#18 142.2  * [new tag]               4.5.5                -> 4.5.5
#18 142.3 error: pathspec '84faf557' did not match any file(s) known to git
#18 142.3 error: pathspec '84faf557' did not match any file(s) known to git
#18 142.3 error: pathspec '84faf557' did not match any file(s) known to git
#18 143.7 error: pathspec '84faf557' did not match any file(s) known to git
#18 143.8 error: pathspec '84faf557' did not match any file(s) known to git
#18 143.8 error: pathspec '84faf557' did not match any file(s) known to git
#18 143.9 error: pathspec '84faf557' did not match any file(s) known to git
#18 143.9 error: pathspec '84faf557' did not match any file(s) known to git
#18 144.0 error: pathspec '84faf557' did not match any file(s) known to git
#18 144.0 error: pathspec '84faf557' did not match any file(s) known to git
#18 144.1 error: pathspec '84faf557' did not match any file(s) known to git
#18 144.1 error: pathspec '84faf557' did not match any file(s) known to git
#18 144.3 error: pathspec '84faf557' did not match any file(s) known to git
#18 144.3 error: pathspec '84faf557' did not match any file(s) known to git
#18 144.4 error: pathspec '84faf557' did not match any file(s) known to git
#18 144.4 error: pathspec '84faf557' did not match any file(s) known to git
#18 144.5 error: pathspec '84faf557' did not match any file(s) known to git
#18 144.5 error: pathspec '84faf557' did not match any file(s) known to git
#18 144.6 error: pathspec '84faf557' did not match any file(s) known to git
#18 144.6 error: pathspec '84faf557' did not match any file(s) known to git
#18 144.6 error: pathspec '84faf557' did not match any file(s) known to git
#18 144.7 error: pathspec '84faf557' did not match any file(s) known to git
#18 145.0 Checkout unsuccessful.
#18 DONE 145.8s

#19 [stage-1 12/13] RUN echo "#!/bin/bash\nPYTHONPATH=/src python3 -u -c "from fuzzers import utils; utils.initialize_env(); from fuzzers.afl import fuzzer; fuzzer.build()"" > /usr/bin/fuzzer_build &&     chmod +x /usr/bin/fuzzer_build
#19 sha256:db4537b21fdc1777743af848cad4b32b876bcdf7bca4b674736ebc39b4bbac85
#19 DONE 2.3s

#20 [stage-1 13/13] RUN echo "Run fuzzer_build to build the target" && if [ -z "$debug_builder" ] ; then fuzzer_build; fi
#20 sha256:2590bb766102a471f0e1c6bb3b077002d97d44e6385901b1b51827584dea760c
#20 1.572 Run fuzzer_build to build the target
#20 2.017 FUZZ_TARGET = generateusergallerycollage_fuzzer
#20 2.017 CFLAGS = -DFUZZING_BUILD_MODE_UNSAFE_FOR_PRODUCTION -pthread -Wl,--no-as-needed -Wl,-ldl -Wl,-lm -Wno-unused-command-line-argument -O3
#20 2.017 CXXFLAGS = -DFUZZING_BUILD_MODE_UNSAFE_FOR_PRODUCTION -pthread -Wl,--no-as-needed -Wl,-ldl -Wl,-lm -Wno-unused-command-line-argument -stdlib=libc++ -O3
#20 2.033 Building benchmark opencv_generateusergallerycollage_fuzzer with fuzzer afl
#20 2.038 + mkdir opencv/build
#20 2.042 mkdir: cannot create directory ‘opencv/build’: No such file or directory
#20 2.043 Traceback (most recent call last):
#20 2.043   File "<string>", line 1, in <module>
#20 2.043   File "/src/fuzzers/afl/fuzzer.py", line 40, in build
#20 2.044     utils.build_benchmark()
#20 2.044   File "/src/fuzzers/utils.py", line 82, in build_benchmark
#20 2.045     subprocess.check_call(['/bin/bash', '-ex', build_script], env=env)
#20 2.045   File "/usr/local/lib/python3.8/subprocess.py", line 364, in check_call
#20 2.047     raise CalledProcessError(retcode, cmd)
#20 2.047 subprocess.CalledProcessError: Command '['/bin/bash', '-ex', '/src/build.sh']' returned non-zero exit status 1.
#20 ERROR: executor failed running [/bin/sh -c echo "Run fuzzer_build to build the target" && if [ -z "$debug_builder" ] ; then fuzzer_build; fi]: exit code: 1
------
 > importing cache manifest from gcr.io/fuzzbench/builders/afl/opencv_generateusergallerycollage_fuzzer:
------
------
 > [stage-1 13/13] RUN echo "Run fuzzer_build to build the target" && if [ -z "$debug_builder" ] ; then fuzzer_build; fi:
------
executor failed running [/bin/sh -c echo "Run fuzzer_build to build the target" && if [ -z "$debug_builder" ] ; then fuzzer_build; fi]: exit code: 1
make: *** [docker/generated.mk:2854229: .afl-opencv_generateusergallerycollage_fuzzer-builder] Error 1
/bin/sh: 1: source: not found
#1 [internal] load build definition from Dockerfile
#1 sha256:bf9e8bee645d971d2a5fb812b9f0cf88672a9c04a6ee3f8df8e8f6904cf73196
#1 transferring dockerfile: 32B done
#1 DONE 0.3s

#2 [internal] load .dockerignore
#2 sha256:e27656e4f994acfc547428326edd48e96a1a853444ecbda9df4ef03409f2c89b
#2 transferring context: 2B done
#2 DONE 0.3s

#3 [internal] load metadata for gcr.io/oss-fuzz-base/base-builder:latest
#3 sha256:f10dc39cc9d418a5bc416dead31a1902b6821fdae909cd3b08f7a3fd1faba7b5
#3 DONE 0.5s

#4 [1/6] FROM gcr.io/oss-fuzz-base/base-builder@sha256:112044a9815d235113677d459cf2ece740a51f2b85081c8f66943dcdc72ddf7f
#4 sha256:4aee4bf9f7280ac8b7f02b8d29e6e084dd034d2c294b4e3e05d8ce7048a1450f
#4 DONE 0.0s

#11 importing cache manifest from gcr.io/fuzzbench/builders/benchmark/opencv_generateusergallerycollage_fuzzer
#11 sha256:d71bf166b0b2a68b95929295b9265058e2af7190e7f18fc1964b92c41626a65c
#11 DONE 0.0s

#8 [internal] load build context
#8 sha256:91162fd5dd352576a9907f1e5ff116c400261d8a8c6a8ea55cd3426a1702fa29
#8 transferring context: 429B done
#8 DONE 0.1s

#5 [2/6] RUN apt-get update && apt-get install -y build-essential cmake pkg-config
#5 sha256:5b4cdd543f7676d762d91b87c637b12e81d197a5de05812a3f0a2dc7aead2436
#5 CACHED

#6 [3/6] RUN git clone --depth 1 https://github.com/opencv/opencv.git opencv
#6 sha256:59a9fb61118231e7c2a207bca2277cafcfad95bb7e22f5ee768b2c0e041e7f83
#6 CACHED

#7 [4/6] WORKDIR opencv/
#7 sha256:fda6c4b7e211bdd8ec1ae001cbb40929be694af912454da7105b1ff5a7d1ef7e
#7 CACHED

#9 [5/6] COPY build.sh /src/
#9 sha256:7ac08f47d15a06ed6d1e00e61a645e74dc2d144cba6eb91201716435e41d6419
#9 CACHED

#10 [6/6] COPY *.cc *.h /src/
#10 sha256:329801dba83a7227bad7123b317abf03551e25fc42b21b1f03c0328d283d9f11
#10 CACHED

#12 exporting to image
#12 sha256:e8c613e07b0b7ff33893b694f7759a10d42e180f2b4dc349fb57dc6b71dcab00
#12 exporting layers done
#12 writing image sha256:1becccd814dbf34cc8e63e180aa81b53d32b799e754916d11e8fe1e0019dbfe9 0.0s done
#12 naming to gcr.io/fuzzbench/builders/benchmark/opencv_generateusergallerycollage_fuzzer done
#12 DONE 0.3s

#13 exporting cache
#13 sha256:2700d4ef94dee473593c5c614b55b2dedcca7893909811a8f2b48291a1f581e4
#13 preparing build cache for export done
#13 DONE 0.0s
#1 [internal] load build definition from builder.Dockerfile
#1 sha256:92b89ef15593c928b1bc2896bca58806c17055d4a922e58c5e093e1cab2e8f01
#1 transferring dockerfile: 46B done
#1 DONE 0.1s

#2 [internal] load .dockerignore
#2 sha256:4cebf2c3c0dfc2005bbc8f70a640b8bdfdcf2c5fccfd3591ddf14578d9146c7c
#2 transferring context: 2B done
#2 DONE 0.1s

#3 [internal] load metadata for gcr.io/fuzzbench/builders/benchmark/opencv_generateusergallerycollage_fuzzer:latest
#3 sha256:fabc62fef2138ec664deb40751b6b5fba6ea4cface0f43e61a43b04213b1658b
#3 DONE 0.0s

#7 importing cache manifest from gcr.io/fuzzbench/builders/afl/opencv_generateusergallerycollage_fuzzer-intermediate
#7 sha256:603625bcc17028cc78bd5a686f60058a4f6238ebc061a5d1c226dcd92c4bafab
#7 DONE 0.0s

#4 [1/3] FROM gcr.io/fuzzbench/builders/benchmark/opencv_generateusergallerycollage_fuzzer
#4 sha256:0fbd196e19158c91d87c417a96efd05f042f965b6829c722836ffae245489706
#4 DONE 0.0s

#5 [2/3] RUN git clone https://github.com/google/AFL.git /afl &&     cd /afl &&     git checkout 61037103ae3722c8060ff7082994836a794f978e &&     AFL_NO_X86=1 make
#5 sha256:90340012a6dc2df21b0112019312d7783dfbb0c7aba30b19bb97c073c1348af1
#5 CACHED

#6 [3/3] RUN apt-get update &&     apt-get install wget -y &&     wget https://raw.githubusercontent.com/llvm/llvm-project/5feb80e748924606531ba28c97fe65145c65372e/compiler-rt/lib/fuzzer/afl/afl_driver.cpp -O /afl/afl_driver.cpp &&     clang -Wno-pointer-sign -c /afl/llvm_mode/afl-llvm-rt.o.c -I/afl &&     clang++ -stdlib=libc++ -std=c++11 -O2 -c /afl/afl_driver.cpp &&     ar r /libAFL.a *.o
#6 sha256:1bb0e8d9d6e5f0e916907a0656a71c07875aa5695f5daeeb71ead39c138faa1a
#6 CACHED

#8 exporting to image
#8 sha256:e8c613e07b0b7ff33893b694f7759a10d42e180f2b4dc349fb57dc6b71dcab00
#8 exporting layers done
#8 writing image sha256:46f5031b711128eb84cc163599a68526005a66a2f95e2b1d5dab852aa983e026 0.0s done
#8 naming to gcr.io/fuzzbench/builders/afl/opencv_generateusergallerycollage_fuzzer-intermediate done
#8 DONE 0.3s

#9 exporting cache
#9 sha256:2700d4ef94dee473593c5c614b55b2dedcca7893909811a8f2b48291a1f581e4
#9 preparing build cache for export done
#9 DONE 0.0s
#1 [internal] load build definition from Dockerfile
#1 sha256:a7fcd91e59210126325cf29211217dd50800d9f321b32f8cdc17f8f0a9d1987d
#1 transferring dockerfile: 2.00kB done
#1 DONE 0.1s

#2 [internal] load .dockerignore
#2 sha256:432fb4299b5c8697675e96c05f7fb18df0a22d2dccb7445ed3a184599f74a398
#2 transferring context: 34B done
#2 DONE 0.2s

#3 [internal] load metadata for docker.io/library/ubuntu:xenial
#3 sha256:f62bae18ed588840f045c881b2502661f2a89578a2f8f99b83f5200ee83dd25b
#3 DONE 0.0s

#4 importing cache manifest from gcr.io/fuzzbench/base-image
#4 sha256:9b220ebb4d4daceed1b96df9b6dca076e762f1cd612574f010b82d5b9e5ad896
#4 DONE 0.0s

#5 [1/7] FROM docker.io/library/ubuntu:xenial
#5 sha256:14dd403f25ae9e519bd44f27dc17af7ce80f5a4f9f48ca88108364e67ec5d360
#5 DONE 0.0s

#8 [internal] load build context
#8 sha256:75f333acef72f145a87e6acd21e5a4fd426922b2258c8cdf8808f9d94b5affb9
#8 transferring context: 559B 0.0s done
#8 DONE 0.2s

#9 [4/7] COPY ./requirements.txt /
#9 sha256:3d3e4f8f4550e7f2b76f2c33721d5a38b226d7050a036e5936afdf6b0a5fdd19
#9 CACHED

#10 [5/7] RUN pip3 install -r /requirements.txt
#10 sha256:a8356c2168490069d2606c4e50203984fc9c9a1db40268fdb10661c2a404a44d
#10 CACHED

#11 [6/7] RUN apt-get update -y && apt-get install -y     apt-transport-https     lsb-release
#11 sha256:92046c0eb518c152dfa8e41338ff958c942395cbc44f50595610bea3f34a9fb2
#11 CACHED

#6 [2/7] RUN apt-get update -y && apt-get install -y     build-essential     rsync     curl     zlib1g-dev     libncurses5-dev     libgdbm-dev     libnss3-dev     libssl-dev     libreadline-dev     libffi-dev     virtualenv     libbz2-dev     liblzma-dev     libsqlite3-dev
#6 sha256:3a1b0960f17eed529eaae93dc8fd3554f2743dd584d8fa569cdbe6bc734371ac
#6 CACHED

#7 [3/7] RUN cd /tmp/ &&     curl -O https://www.python.org/ftp/python/3.8.6/Python-3.8.6.tar.xz &&     tar -xvf Python-3.8.6.tar.xz &&     cd Python-3.8.6 &&     ./configure --enable-loadable-sqlite-extensions --enable-optimizations &&     make -j install &&     rm -r /tmp/Python-3.8.6.tar.xz /tmp/Python-3.8.6
#7 sha256:c5b9d1fb3371e84dbc60b76e7b2f8d5913bc93bcd4910ab65daa03e7b2ec4bb0
#7 CACHED

#12 [7/7] RUN CLOUD_SDK_REPO="cloud-sdk-$(lsb_release -c -s)" &&     echo "deb https://packages.cloud.google.com/apt $CLOUD_SDK_REPO main"     | tee -a /etc/apt/sources.list.d/google-cloud-sdk.list &&     curl https://packages.cloud.google.com/apt/doc/apt-key.gpg     | apt-key add - &&     apt-get update -y &&     apt-get install -y google-cloud-sdk
#12 sha256:fd3bceedbf3fdc38f90aa210cd3e68a52016208dc30811f2f43505d3b1b7af65
#12 CACHED

#13 exporting to image
#13 sha256:e8c613e07b0b7ff33893b694f7759a10d42e180f2b4dc349fb57dc6b71dcab00
#13 exporting layers done
#13 writing image sha256:55e5825902805b10e1ba0cd27e4af0d82c25f9e225d6218342d4b6474bd3ddae done
#13 naming to gcr.io/fuzzbench/base-image done
#13 DONE 0.2s

#14 exporting cache
#14 sha256:2700d4ef94dee473593c5c614b55b2dedcca7893909811a8f2b48291a1f581e4
#14 preparing build cache for export done
#14 DONE 0.0s
#1 [internal] load build definition from Dockerfile
#1 sha256:eab42d7e51e11be8f6eb8384ef5a0b2d74035fe6dfd14717273b4d027441efa5
#1 transferring dockerfile: 2.22kB done
#1 DONE 0.1s

#2 [internal] load .dockerignore
#2 sha256:56709719f5ebc2b73f10f1ca8642d502a43ef3d2208ce07af7ebc07ca8c3238a
#2 transferring context: 34B done
#2 DONE 0.2s

#7 [base-image 1/1] FROM gcr.io/fuzzbench/base-image
#7 sha256:4d07825694520f8b6f6a0d8592dbd345433361ae044cb7f06706c5a95e3daaad
#7 DONE 1.0s

#6 [stage-1  1/13] FROM gcr.io/fuzzbench/builders/afl/opencv_generateusergallerycollage_fuzzer-intermediate
#6 sha256:482cd864bdebfa3f697a55905475fed01cb8f0525d11f728183b5e83d712d41e
#6 DONE 0.0s

#3 [internal] load metadata for gcr.io/fuzzbench/builders/afl/opencv_generateusergallerycollage_fuzzer-intermediate:latest
#3 sha256:6d745075288ac304aff20a31dabd96d7d5e69b633101539ecb59977bd0f124fb
#3 DONE 0.0s

#4 [internal] load metadata for gcr.io/fuzzbench/base-image:latest
#4 sha256:932022888f650cc455b10eb5123bb08c0cccacac29a693e69314abbfd28a72c3
#4 DONE 0.0s

#12 [internal] load build context
#12 sha256:8497d91b52a7500c3225dfd21af6fb95c9484256f54c6f5de10ef2a5d2c27160
#12 DONE 0.0s

#5 importing cache manifest from gcr.io/fuzzbench/builders/afl/opencv_generateusergallerycollage_fuzzer
#5 sha256:06a0afd637e9944aaf7dd0cf90a36a07dc7dc37202abfbd983de0eb9401131f0
#5 ERROR: gcr.io/fuzzbench/builders/afl/opencv_generateusergallerycollage_fuzzer:latest: not found

#12 [internal] load build context
#12 sha256:8497d91b52a7500c3225dfd21af6fb95c9484256f54c6f5de10ef2a5d2c27160
#12 transferring context: 669.94kB 0.2s done
#12 DONE 0.9s

#13 [stage-1  6/13] COPY fuzzers /src/fuzzers
#13 sha256:43eeec4c71668ffed7d2b851d2a61276ce437af34e7653130b9c508e0c268aa6
#13 CACHED

#8 [stage-1  2/13] COPY --from=base-image /usr/local/bin/python3* /usr/local/bin/
#8 sha256:43fda8408636365a734ef44e6948be3c63c3642b5edbf607916427b213108fba
#8 CACHED

#9 [stage-1  3/13] COPY --from=base-image /usr/local/lib/python3.8 /usr/local/lib/python3.8
#9 sha256:cab69279cb0d6f97167b441b58008b8ee5740451c8b9b71f31fa01fafc077254
#9 CACHED

#10 [stage-1  4/13] COPY --from=base-image /usr/local/include/python3.8 /usr/local/include/python3.8
#10 sha256:6a88f0098013a2eefd76366daddbeefebdf71110ea45262832a337e2ad8d83fc
#10 CACHED

#11 [stage-1  5/13] COPY --from=base-image /usr/local/lib/python3.8/site-packages /usr/local/lib/python3.8/site-packages
#11 sha256:4c8d1b5773f553ac4014b6de685e5a9dfbc9a10b0f1c6cf7fe03e227aa2d1829
#11 CACHED

#14 [stage-1  7/13] RUN touch /src/__init__.py
#14 sha256:f2ddafc1db9bfcda68c7be522e146219b60f70e13a7f5e95d8373dcb69bbc158
#14 DONE 2.1s

#15 [stage-1  8/13] COPY benchmarks/opencv_generateusergallerycollage_fuzzer/benchmark.yaml /
#15 sha256:242ab1523396a20b8ec14ccd5ea048e66ca7310d4d013719b521b6a16621aee5
#15 DONE 0.1s

#16 [stage-1  9/13] RUN mkdir /opt/fuzzbench/
#16 sha256:055b99d4662cd81266e7cdf08a4f70ce2474d6202dfb7942026c6568bcbc9147
#16 DONE 1.1s

#17 [stage-1 10/13] COPY docker/benchmark-builder/checkout_commit.py /opt/fuzzbench/
#17 sha256:d79cd2966a7e1e56030ecec004a47325921eb7f8a93f42b4c8a52be4fd5f9e80
#17 DONE 0.1s

#18 [stage-1 11/13] RUN export CHECKOUT_COMMIT=$(cat /benchmark.yaml | tr -d ' ' | grep 'commit:' | cut -d ':' -f2) &&     python3 -u /opt/fuzzbench/checkout_commit.py $CHECKOUT_COMMIT /src
#18 sha256:1a92f0268a744252085a62ccc4c28de412c8abd02cf7af7027266f2c6e4c8b4a
#18 1.487 Checking out commit 84faf557
#18 144.4 From https://github.com/opencv/opencv
#18 144.4  * [new tag]               2.2                  -> 2.2
#18 144.4  * [new tag]               2.4.0                -> 2.4.0
#18 144.4  * [new tag]               2.4.1                -> 2.4.1
#18 144.4  * [new tag]               2.4.10               -> 2.4.10
#18 144.4  * [new tag]               2.4.10.1             -> 2.4.10.1
#18 144.4  * [new tag]               2.4.10.2             -> 2.4.10.2
#18 144.4  * [new tag]               2.4.10.3             -> 2.4.10.3
#18 144.4  * [new tag]               2.4.10.4             -> 2.4.10.4
#18 144.4  * [new tag]               2.4.11               -> 2.4.11
#18 144.4  * [new tag]               2.4.12               -> 2.4.12
#18 144.4  * [new tag]               2.4.12.1             -> 2.4.12.1
#18 144.4  * [new tag]               2.4.12.2             -> 2.4.12.2
#18 144.4  * [new tag]               2.4.12.3             -> 2.4.12.3
#18 144.4  * [new tag]               2.4.13               -> 2.4.13
#18 144.4  * [new tag]               2.4.13.1             -> 2.4.13.1
#18 144.4  * [new tag]               2.4.2                -> 2.4.2
#18 144.4  * [new tag]               2.4.3                -> 2.4.3
#18 144.4  * [new tag]               2.4.3-rc             -> 2.4.3-rc
#18 144.4  * [new tag]               2.4.3.1              -> 2.4.3.1
#18 144.4  * [new tag]               2.4.3.2              -> 2.4.3.2
#18 144.4  * [new tag]               2.4.4                -> 2.4.4
#18 144.4  * [new tag]               2.4.4-beta           -> 2.4.4-beta
#18 144.4  * [new tag]               2.4.5                -> 2.4.5
#18 144.4  * [new tag]               2.4.6                -> 2.4.6
#18 144.4  * [new tag]               2.4.6.1              -> 2.4.6.1
#18 144.4  * [new tag]               2.4.6.2              -> 2.4.6.2
#18 144.4  * [new tag]               2.4.6.2-rc1          -> 2.4.6.2-rc1
#18 144.4  * [new tag]               2.4.7                -> 2.4.7
#18 144.4  * [new tag]               2.4.7-rc1            -> 2.4.7-rc1
#18 144.4  * [new tag]               2.4.7.1              -> 2.4.7.1
#18 144.4  * [new tag]               2.4.7.2              -> 2.4.7.2
#18 144.5  * [new tag]               2.4.8                -> 2.4.8
#18 144.5  * [new tag]               2.4.8.1              -> 2.4.8.1
#18 144.5  * [new tag]               2.4.8.2              -> 2.4.8.2
#18 144.5  * [new tag]               2.4.8.3              -> 2.4.8.3
#18 144.5  * [new tag]               2.4.9                -> 2.4.9
#18 144.5  * [new tag]               2.4.9.1              -> 2.4.9.1
#18 144.5  * [new tag]               3.0-ocl-tech-preview -> 3.0-ocl-tech-preview
#18 144.5  * [new tag]               3.0-ocl-tp2          -> 3.0-ocl-tp2
#18 144.5  * [new tag]               3.0.0                -> 3.0.0
#18 144.5  * [new tag]               3.0.0-alpha          -> 3.0.0-alpha
#18 144.5  * [new tag]               3.0.0-beta           -> 3.0.0-beta
#18 144.5  * [new tag]               3.0.0-rc1            -> 3.0.0-rc1
#18 144.5  * [new tag]               3.1.0                -> 3.1.0
#18 144.5  * [new tag]               3.2.0                -> 3.2.0
#18 144.5  * [new tag]               3.2.0-rc             -> 3.2.0-rc
#18 144.5  * [new tag]               3.3.0                -> 3.3.0
#18 144.5  * [new tag]               3.3.0-cvsdk          -> 3.3.0-cvsdk
#18 144.5  * [new tag]               3.3.0-rc             -> 3.3.0-rc
#18 144.5  * [new tag]               3.3.1                -> 3.3.1
#18 144.5  * [new tag]               3.3.1-cvsdk          -> 3.3.1-cvsdk
#18 144.5  * [new tag]               3.4.0                -> 3.4.0
#18 144.5  * [new tag]               3.4.0-rc             -> 3.4.0-rc
#18 144.5  * [new tag]               3.4.1                -> 3.4.1
#18 144.5  * [new tag]               3.4.1-cvsdk          -> 3.4.1-cvsdk
#18 144.5  * [new tag]               3.4.10               -> 3.4.10
#18 144.5  * [new tag]               3.4.11               -> 3.4.11
#18 144.5  * [new tag]               3.4.12               -> 3.4.12
#18 144.5  * [new tag]               3.4.13               -> 3.4.13
#18 144.5  * [new tag]               3.4.14               -> 3.4.14
#18 144.5  * [new tag]               3.4.15               -> 3.4.15
#18 144.5  * [new tag]               3.4.16               -> 3.4.16
#18 144.5  * [new tag]               3.4.17               -> 3.4.17
#18 144.5  * [new tag]               3.4.2                -> 3.4.2
#18 144.5  * [new tag]               3.4.2-openvino       -> 3.4.2-openvino
#18 144.5  * [new tag]               3.4.3                -> 3.4.3
#18 144.5  * [new tag]               3.4.3-openvino       -> 3.4.3-openvino
#18 144.5  * [new tag]               3.4.4                -> 3.4.4
#18 144.5  * [new tag]               3.4.5                -> 3.4.5
#18 144.5  * [new tag]               3.4.6                -> 3.4.6
#18 144.5  * [new tag]               3.4.7                -> 3.4.7
#18 144.5  * [new tag]               3.4.8                -> 3.4.8
#18 144.5  * [new tag]               3.4.9                -> 3.4.9
#18 144.5  * [new tag]               4.0.0                -> 4.0.0
#18 144.5  * [new tag]               4.0.0-alpha          -> 4.0.0-alpha
#18 144.5  * [new tag]               4.0.0-beta           -> 4.0.0-beta
#18 144.5  * [new tag]               4.0.0-openvino       -> 4.0.0-openvino
#18 144.5  * [new tag]               4.0.0-rc             -> 4.0.0-rc
#18 144.5  * [new tag]               4.0.1                -> 4.0.1
#18 144.5  * [new tag]               4.0.1-openvino       -> 4.0.1-openvino
#18 144.5  * [new tag]               4.1.0                -> 4.1.0
#18 144.5  * [new tag]               4.1.0-openvino       -> 4.1.0-openvino
#18 144.5  * [new tag]               4.1.1                -> 4.1.1
#18 144.5  * [new tag]               4.1.1-openvino       -> 4.1.1-openvino
#18 144.5  * [new tag]               4.1.2                -> 4.1.2
#18 144.5  * [new tag]               4.1.2-openvino       -> 4.1.2-openvino
#18 144.5  * [new tag]               4.2.0                -> 4.2.0
#18 144.5  * [new tag]               4.3.0                -> 4.3.0
#18 144.5  * [new tag]               4.4.0                -> 4.4.0
#18 144.5  * [new tag]               4.5.0                -> 4.5.0
#18 144.5  * [new tag]               4.5.1                -> 4.5.1
#18 144.5  * [new tag]               4.5.2                -> 4.5.2
#18 144.5  * [new tag]               4.5.3                -> 4.5.3
#18 144.5  * [new tag]               4.5.4                -> 4.5.4
#18 144.5  * [new tag]               4.5.5                -> 4.5.5
#18 144.6 error: pathspec '84faf557' did not match any file(s) known to git
#18 144.6 error: pathspec '84faf557' did not match any file(s) known to git
#18 144.6 error: pathspec '84faf557' did not match any file(s) known to git
#18 144.8 error: pathspec '84faf557' did not match any file(s) known to git
#18 144.8 error: pathspec '84faf557' did not match any file(s) known to git
#18 144.9 error: pathspec '84faf557' did not match any file(s) known to git
#18 144.9 error: pathspec '84faf557' did not match any file(s) known to git
#18 145.0 error: pathspec '84faf557' did not match any file(s) known to git
#18 145.0 error: pathspec '84faf557' did not match any file(s) known to git
#18 145.1 error: pathspec '84faf557' did not match any file(s) known to git
#18 145.1 error: pathspec '84faf557' did not match any file(s) known to git
#18 145.2 error: pathspec '84faf557' did not match any file(s) known to git
#18 145.4 error: pathspec '84faf557' did not match any file(s) known to git
#18 145.4 error: pathspec '84faf557' did not match any file(s) known to git
#18 145.5 error: pathspec '84faf557' did not match any file(s) known to git
#18 145.5 error: pathspec '84faf557' did not match any file(s) known to git
#18 145.6 error: pathspec '84faf557' did not match any file(s) known to git
#18 145.6 error: pathspec '84faf557' did not match any file(s) known to git
#18 145.7 error: pathspec '84faf557' did not match any file(s) known to git
#18 145.7 error: pathspec '84faf557' did not match any file(s) known to git
#18 145.8 error: pathspec '84faf557' did not match any file(s) known to git
#18 145.8 error: pathspec '84faf557' did not match any file(s) known to git
#18 146.1 Checkout unsuccessful.
#18 DONE 146.3s

#19 [stage-1 12/13] RUN echo "#!/bin/bash\nPYTHONPATH=/src python3 -u -c "from fuzzers import utils; utils.initialize_env(); from fuzzers.afl import fuzzer; fuzzer.build()"" > /usr/bin/fuzzer_build &&     chmod +x /usr/bin/fuzzer_build
#19 sha256:c81cbb0543a829c25780451591729ef3f1230a126fb22699e9e95983f186bbd9
#19 DONE 1.5s

#20 [stage-1 13/13] RUN echo "Run fuzzer_build to build the target" && if [ -z "$debug_builder" ] ; then fuzzer_build; fi
#20 sha256:af534a589bcd2dccc225ca285a290c04ef4961e058b24cac9744f832021f891e
#20 1.354 Run fuzzer_build to build the target
#20 1.769 FUZZ_TARGET = generateusergallerycollage_fuzzer
#20 1.769 CFLAGS = -DFUZZING_BUILD_MODE_UNSAFE_FOR_PRODUCTION -pthread -Wl,--no-as-needed -Wl,-ldl -Wl,-lm -Wno-unused-command-line-argument -O3
#20 1.769 CXXFLAGS = -DFUZZING_BUILD_MODE_UNSAFE_FOR_PRODUCTION -pthread -Wl,--no-as-needed -Wl,-ldl -Wl,-lm -Wno-unused-command-line-argument -stdlib=libc++ -O3
#20 1.785 Building benchmark opencv_generateusergallerycollage_fuzzer with fuzzer afl
#20 1.790 + mkdir opencv/build
#20 1.801 mkdir: cannot create directory ‘opencv/build’: No such file or directory
#20 1.804 Traceback (most recent call last):
#20 1.804   File "<string>", line 1, in <module>
#20 1.805   File "/src/fuzzers/afl/fuzzer.py", line 40, in build
#20 1.807     utils.build_benchmark()
#20 1.808   File "/src/fuzzers/utils.py", line 82, in build_benchmark
#20 1.809     subprocess.check_call(['/bin/bash', '-ex', build_script], env=env)
#20 1.810   File "/usr/local/lib/python3.8/subprocess.py", line 364, in check_call
#20 1.812     raise CalledProcessError(retcode, cmd)
#20 1.813 subprocess.CalledProcessError: Command '['/bin/bash', '-ex', '/src/build.sh']' returned non-zero exit status 1.
#20 ERROR: executor failed running [/bin/sh -c echo "Run fuzzer_build to build the target" && if [ -z "$debug_builder" ] ; then fuzzer_build; fi]: exit code: 1
------
 > importing cache manifest from gcr.io/fuzzbench/builders/afl/opencv_generateusergallerycollage_fuzzer:
------
------
 > [stage-1 13/13] RUN echo "Run fuzzer_build to build the target" && if [ -z "$debug_builder" ] ; then fuzzer_build; fi:
------
executor failed running [/bin/sh -c echo "Run fuzzer_build to build the target" && if [ -z "$debug_builder" ] ; then fuzzer_build; fi]: exit code: 1
make: *** [docker/generated.mk:2854229: .afl-opencv_generateusergallerycollage_fuzzer-builder] Error 1
