WARNING:root:gcloud not found in PATH.
INFO:root:Successfully integrated benchmark: serde_json_serde_json.
INFO:root:Please run "make test-run-afl-serde_json_serde_json" to test integration.
#2 [internal] load .dockerignore
#2 sha256:7489ea743276e0d06264de4fe323e8f0b3c7f69b09b323d979cf5a99969cd7d9
#2 transferring context: 2B done
#2 DONE 0.6s

#1 [internal] load build definition from Dockerfile
#1 sha256:cc2309e423ede91f7c3be4c1026f3001115114ff4cee3a0333f50c20a8722884
#1 transferring dockerfile: 1.15kB done
#1 DONE 0.5s

#3 [internal] load metadata for gcr.io/oss-fuzz-base/base-builder:latest
#3 sha256:f10dc39cc9d418a5bc416dead31a1902b6821fdae909cd3b08f7a3fd1faba7b5
#3 DONE 0.4s

#11 [internal] load build context
#11 sha256:8d31ccc88c4649d88c6fdb6c521e2016b78f0e44dfe59a256747ac0b8839f89f
#11 DONE 0.0s

#5 [1/7] FROM gcr.io/oss-fuzz-base/base-builder@sha256:41d7bbe7827592680a606c9bba1aeb6e23c7502ce8b633923b06542f4c706e7c
#5 sha256:660db69324ed478291dd329cbbfe422dccbc173f9ab806c069fac341073eab8c
#5 DONE 0.0s

#4 importing cache manifest from gcr.io/fuzzbench/builders/benchmark/serde_json_serde_json
#4 sha256:727dd7d2a38a10f69a2749f64b6391b3780ffff44250b4183d3d0767969b0b89
#4 ERROR: gcr.io/fuzzbench/builders/benchmark/serde_json_serde_json:latest: not found

#5 [1/7] FROM gcr.io/oss-fuzz-base/base-builder@sha256:41d7bbe7827592680a606c9bba1aeb6e23c7502ce8b633923b06542f4c706e7c
#5 sha256:660db69324ed478291dd329cbbfe422dccbc173f9ab806c069fac341073eab8c
#5 CACHED

#11 [internal] load build context
#11 sha256:8d31ccc88c4649d88c6fdb6c521e2016b78f0e44dfe59a256747ac0b8839f89f
#11 transferring context: 1.37kB done
#11 DONE 0.2s

#6 [2/7] RUN apt-get update && apt-get install -y make autoconf automake libtool curl cmake python llvm-dev libclang-dev clang
#6 sha256:c75a0411717db69bbf60117736af833b8ad74f7dd9b8896d6f9e0b767a74abd0
#6 0.774 Hit:1 http://archive.ubuntu.com/ubuntu focal InRelease
#6 0.774 Get:2 http://archive.ubuntu.com/ubuntu focal-updates InRelease [114 kB]
#6 0.786 Hit:3 http://ppa.launchpad.net/git-core/ppa/ubuntu focal InRelease
#6 0.838 Get:4 http://archive.ubuntu.com/ubuntu focal-backports InRelease [108 kB]
#6 0.868 Get:5 http://security.ubuntu.com/ubuntu focal-security InRelease [114 kB]
#6 1.697 Get:6 http://archive.ubuntu.com/ubuntu focal-updates/universe amd64 Packages [1135 kB]
#6 1.825 Get:7 http://archive.ubuntu.com/ubuntu focal-updates/main amd64 Packages [1984 kB]
#6 1.991 Get:8 http://archive.ubuntu.com/ubuntu focal-updates/main i386 Packages [755 kB]
#6 2.047 Get:9 http://archive.ubuntu.com/ubuntu focal-updates/restricted amd64 Packages [1042 kB]
#6 2.117 Get:10 http://security.ubuntu.com/ubuntu focal-security/restricted amd64 Packages [974 kB]
#6 2.125 Get:11 http://archive.ubuntu.com/ubuntu focal-updates/universe i386 Packages [828 kB]
#6 2.572 Get:12 http://security.ubuntu.com/ubuntu focal-security/universe amd64 Packages [841 kB]
#6 2.634 Get:13 http://security.ubuntu.com/ubuntu focal-security/main amd64 Packages [1557 kB]
#6 2.774 Get:14 http://security.ubuntu.com/ubuntu focal-security/universe i386 Packages [657 kB]
#6 2.823 Get:15 http://security.ubuntu.com/ubuntu focal-security/main i386 Packages [467 kB]
#6 3.128 Fetched 10.6 MB in 2s (4519 kB/s)
#6 3.128 Reading package lists...
#6 4.816 Reading package lists...
#6 6.249 Building dependency tree...
#6 6.459 Reading state information...
#6 6.672 make is already the newest version (4.2.1-1.2).
#6 6.672 make set to manually installed.
#6 6.672 curl is already the newest version (7.68.0-1ubuntu2.7).
#6 6.672 The following additional packages will be installed:
#6 6.672   autotools-dev binfmt-support clang-10 cmake-data libarchive13
#6 6.672   libclang-10-dev libclang-common-10-dev libclang-cpp10 libclang1-10
#6 6.673   libffi-dev libgc1c2 libjsoncpp1 libllvm10 libltdl-dev libltdl7
#6 6.673   libncurses-dev libobjc-9-dev libobjc4 libomp-10-dev libomp5-10 libpfm4
#6 6.673   libpipeline1 libpython2-stdlib libpython2.7-minimal libpython2.7-stdlib
#6 6.673   librhash0 libsigsegv2 libtinfo-dev libuv1 libz3-4 libz3-dev llvm llvm-10
#6 6.674   llvm-10-dev llvm-10-runtime llvm-10-tools llvm-runtime m4 python2
#6 6.674   python2-minimal python2.7 python2.7-minimal python3-pygments python3-yaml
#6 6.676 Suggested packages:
#6 6.676   autoconf-archive gnu-standards autoconf-doc gettext clang-10-doc cmake-doc
#6 6.676   ninja-build lrzip libtool-doc ncurses-doc libomp-10-doc gfortran
#6 6.676   | fortran95-compiler gcj-jdk llvm-10-doc m4-doc python2-doc python-tk
#6 6.676   python2.7-doc python-pygments-doc ttf-bitstream-vera
#6 6.977 The following NEW packages will be installed:
#6 6.977   autoconf automake autotools-dev binfmt-support clang clang-10 cmake
#6 6.977   cmake-data libarchive13 libclang-10-dev libclang-common-10-dev
#6 6.977   libclang-cpp10 libclang-dev libclang1-10 libffi-dev libgc1c2 libjsoncpp1
#6 6.978   libllvm10 libltdl-dev libltdl7 libncurses-dev libobjc-9-dev libobjc4
#6 6.978   libomp-10-dev libomp5-10 libpfm4 libpipeline1 libpython2-stdlib
#6 6.978   libpython2.7-minimal libpython2.7-stdlib librhash0 libsigsegv2 libtinfo-dev
#6 6.978   libtool libuv1 libz3-4 libz3-dev llvm llvm-10 llvm-10-dev llvm-10-runtime
#6 6.979   llvm-10-tools llvm-dev llvm-runtime m4 python-is-python2 python2
#6 6.979   python2-minimal python2.7 python2.7-minimal python3-pygments python3-yaml
#6 7.060 0 upgraded, 52 newly installed, 0 to remove and 1 not upgraded.
#6 7.060 Need to get 109 MB of archives.
#6 7.060 After this operation, 713 MB of additional disk space will be used.
#6 7.060 Get:1 http://archive.ubuntu.com/ubuntu focal-updates/universe amd64 libpython2.7-minimal amd64 2.7.18-1~20.04.1 [335 kB]
#6 7.203 Get:2 http://archive.ubuntu.com/ubuntu focal-updates/universe amd64 python2.7-minimal amd64 2.7.18-1~20.04.1 [1285 kB]
#6 7.298 Get:3 http://archive.ubuntu.com/ubuntu focal/universe amd64 python2-minimal amd64 2.7.17-2ubuntu4 [27.5 kB]
#6 7.300 Get:4 http://archive.ubuntu.com/ubuntu focal-updates/universe amd64 libpython2.7-stdlib amd64 2.7.18-1~20.04.1 [1887 kB]
#6 7.443 Get:5 http://archive.ubuntu.com/ubuntu focal-updates/universe amd64 python2.7 amd64 2.7.18-1~20.04.1 [248 kB]
#6 7.462 Get:6 http://archive.ubuntu.com/ubuntu focal/universe amd64 libpython2-stdlib amd64 2.7.17-2ubuntu4 [7072 B]
#6 7.462 Get:7 http://archive.ubuntu.com/ubuntu focal/universe amd64 python2 amd64 2.7.17-2ubuntu4 [26.5 kB]
#6 7.464 Get:8 http://archive.ubuntu.com/ubuntu focal-updates/main amd64 python3-yaml amd64 5.3.1-1ubuntu0.1 [136 kB]
#6 7.474 Get:9 http://archive.ubuntu.com/ubuntu focal/main amd64 libpipeline1 amd64 1.5.2-2build1 [27.7 kB]
#6 7.476 Get:10 http://archive.ubuntu.com/ubuntu focal-updates/main amd64 libuv1 amd64 1.34.2-1ubuntu1.3 [80.8 kB]
#6 7.482 Get:11 http://archive.ubuntu.com/ubuntu focal/main amd64 libsigsegv2 amd64 2.12-2 [13.9 kB]
#6 7.483 Get:12 http://archive.ubuntu.com/ubuntu focal/main amd64 m4 amd64 1.4.18-4 [199 kB]
#6 7.498 Get:13 http://archive.ubuntu.com/ubuntu focal/main amd64 autoconf all 2.69-11.1 [321 kB]
#6 7.522 Get:14 http://archive.ubuntu.com/ubuntu focal/main amd64 autotools-dev all 20180224.1 [39.6 kB]
#6 7.525 Get:15 http://archive.ubuntu.com/ubuntu focal/main amd64 automake all 1:1.16.1-4ubuntu6 [522 kB]
#6 7.564 Get:16 http://archive.ubuntu.com/ubuntu focal/universe amd64 binfmt-support amd64 2.2.0-2 [58.2 kB]
#6 7.568 Get:17 http://archive.ubuntu.com/ubuntu focal/main amd64 libllvm10 amd64 1:10.0.0-4ubuntu1 [15.3 MB]
#6 8.825 Get:18 http://archive.ubuntu.com/ubuntu focal/universe amd64 libclang-cpp10 amd64 1:10.0.0-4ubuntu1 [9944 kB]
#6 9.469 Get:19 http://archive.ubuntu.com/ubuntu focal/main amd64 libgc1c2 amd64 1:7.6.4-0.4ubuntu1 [83.9 kB]
#6 9.474 Get:20 http://archive.ubuntu.com/ubuntu focal-updates/universe amd64 libobjc4 amd64 10.3.0-1ubuntu1~20.04 [42.8 kB]
#6 9.477 Get:21 http://archive.ubuntu.com/ubuntu focal-updates/universe amd64 libobjc-9-dev amd64 9.3.0-17ubuntu1~20.04 [226 kB]
#6 9.494 Get:22 http://archive.ubuntu.com/ubuntu focal/universe amd64 libclang-common-10-dev amd64 1:10.0.0-4ubuntu1 [5012 kB]
#6 9.868 Get:23 http://archive.ubuntu.com/ubuntu focal/universe amd64 libclang1-10 amd64 1:10.0.0-4ubuntu1 [7571 kB]
#6 10.43 Get:24 http://archive.ubuntu.com/ubuntu focal/universe amd64 clang-10 amd64 1:10.0.0-4ubuntu1 [66.9 kB]
#6 10.44 Get:25 http://archive.ubuntu.com/ubuntu focal/universe amd64 clang amd64 1:10.0-50~exp1 [3276 B]
#6 10.44 Get:26 http://archive.ubuntu.com/ubuntu focal/main amd64 cmake-data all 3.16.3-1ubuntu1 [1612 kB]
#6 10.57 Get:27 http://archive.ubuntu.com/ubuntu focal-updates/main amd64 libarchive13 amd64 3.4.0-2ubuntu1.1 [327 kB]
#6 10.59 Get:28 http://archive.ubuntu.com/ubuntu focal/main amd64 libjsoncpp1 amd64 1.7.4-3.1ubuntu2 [75.6 kB]
#6 10.60 Get:29 http://archive.ubuntu.com/ubuntu focal/main amd64 librhash0 amd64 1.3.9-1 [113 kB]
#6 10.61 Get:30 http://archive.ubuntu.com/ubuntu focal/main amd64 cmake amd64 3.16.3-1ubuntu1 [3669 kB]
#6 10.88 Get:31 http://archive.ubuntu.com/ubuntu focal/universe amd64 libclang-10-dev amd64 1:10.0.0-4ubuntu1 [19.4 MB]
#6 12.90 Get:32 http://archive.ubuntu.com/ubuntu focal/universe amd64 libclang-dev amd64 1:10.0-50~exp1 [2880 B]
#6 12.90 Get:33 http://archive.ubuntu.com/ubuntu focal/main amd64 libltdl7 amd64 2.4.6-14 [38.5 kB]
#6 12.90 Get:34 http://archive.ubuntu.com/ubuntu focal/main amd64 libltdl-dev amd64 2.4.6-14 [162 kB]
#6 12.90 Get:35 http://archive.ubuntu.com/ubuntu focal/main amd64 libncurses-dev amd64 6.2-0ubuntu2 [339 kB]
#6 12.90 Get:36 http://archive.ubuntu.com/ubuntu focal/universe amd64 libomp5-10 amd64 1:10.0.0-4ubuntu1 [300 kB]
#6 12.91 Get:37 http://archive.ubuntu.com/ubuntu focal/universe amd64 libomp-10-dev amd64 1:10.0.0-4ubuntu1 [47.7 kB]
#6 12.91 Get:38 http://archive.ubuntu.com/ubuntu focal/main amd64 libtinfo-dev amd64 6.2-0ubuntu2 [968 B]
#6 12.91 Get:39 http://archive.ubuntu.com/ubuntu focal/main amd64 libtool all 2.4.6-14 [161 kB]
#6 12.91 Get:40 http://archive.ubuntu.com/ubuntu focal/universe amd64 llvm-10-runtime amd64 1:10.0.0-4ubuntu1 [180 kB]
#6 12.92 Get:41 http://archive.ubuntu.com/ubuntu focal/universe amd64 llvm-runtime amd64 1:10.0-50~exp1 [2916 B]
#6 12.92 Get:42 http://archive.ubuntu.com/ubuntu focal/main amd64 libpfm4 amd64 4.10.1+git20-g7700f49-2 [266 kB]
#6 12.95 Get:43 http://archive.ubuntu.com/ubuntu focal/universe amd64 llvm-10 amd64 1:10.0.0-4ubuntu1 [5214 kB]
#6 13.66 Get:44 http://archive.ubuntu.com/ubuntu focal/universe amd64 llvm amd64 1:10.0-50~exp1 [3880 B]
#6 13.66 Get:45 http://archive.ubuntu.com/ubuntu focal/main amd64 libffi-dev amd64 3.3-4 [57.0 kB]
#6 13.66 Get:46 http://archive.ubuntu.com/ubuntu focal-updates/main amd64 python3-pygments all 2.3.1+dfsg-1ubuntu2.2 [579 kB]
#6 13.67 Get:47 http://archive.ubuntu.com/ubuntu focal/universe amd64 llvm-10-tools amd64 1:10.0.0-4ubuntu1 [317 kB]
#6 13.67 Get:48 http://archive.ubuntu.com/ubuntu focal/universe amd64 libz3-4 amd64 4.8.7-4build1 [6792 kB]
#6 13.98 Get:49 http://archive.ubuntu.com/ubuntu focal/universe amd64 libz3-dev amd64 4.8.7-4build1 [67.5 kB]
#6 14.02 Get:50 http://archive.ubuntu.com/ubuntu focal/universe amd64 llvm-10-dev amd64 1:10.0.0-4ubuntu1 [26.0 MB]
#6 16.08 Get:51 http://archive.ubuntu.com/ubuntu focal/universe amd64 llvm-dev amd64 1:10.0-50~exp1 [1856 B]
#6 16.08 Get:52 http://archive.ubuntu.com/ubuntu focal/universe amd64 python-is-python2 all 2.7.17-4 [2496 B]
#6 16.33 debconf: delaying package configuration, since apt-utils is not installed
#6 16.40 Fetched 109 MB in 9s (12.0 MB/s)
#6 16.46 Selecting previously unselected package libpython2.7-minimal:amd64.
#6 16.46 (Reading database ... (Reading database ... 5%(Reading database ... 10%(Reading database ... 15%(Reading database ... 20%(Reading database ... 25%(Reading database ... 30%(Reading database ... 35%(Reading database ... 40%(Reading database ... 45%(Reading database ... 50%(Reading database ... 55%(Reading database ... 60%(Reading database ... 65%(Reading database ... 70%(Reading database ... 75%(Reading database ... 80%(Reading database ... 85%(Reading database ... 90%(Reading database ... 95%(Reading database ... 100%(Reading database ... 21291 files and directories currently installed.)
#6 16.48 Preparing to unpack .../0-libpython2.7-minimal_2.7.18-1~20.04.1_amd64.deb ...
#6 16.49 Unpacking libpython2.7-minimal:amd64 (2.7.18-1~20.04.1) ...
#6 16.79 Selecting previously unselected package python2.7-minimal.
#6 16.79 Preparing to unpack .../1-python2.7-minimal_2.7.18-1~20.04.1_amd64.deb ...
#6 16.83 Unpacking python2.7-minimal (2.7.18-1~20.04.1) ...
#6 17.60 Selecting previously unselected package python2-minimal.
#6 17.60 Preparing to unpack .../2-python2-minimal_2.7.17-2ubuntu4_amd64.deb ...
#6 17.61 Unpacking python2-minimal (2.7.17-2ubuntu4) ...
#6 17.68 Selecting previously unselected package libpython2.7-stdlib:amd64.
#6 17.69 Preparing to unpack .../3-libpython2.7-stdlib_2.7.18-1~20.04.1_amd64.deb ...
#6 17.71 Unpacking libpython2.7-stdlib:amd64 (2.7.18-1~20.04.1) ...
#6 18.67 Selecting previously unselected package python2.7.
#6 18.67 Preparing to unpack .../4-python2.7_2.7.18-1~20.04.1_amd64.deb ...
#6 18.69 Unpacking python2.7 (2.7.18-1~20.04.1) ...
#6 18.86 Selecting previously unselected package libpython2-stdlib:amd64.
#6 18.87 Preparing to unpack .../5-libpython2-stdlib_2.7.17-2ubuntu4_amd64.deb ...
#6 18.89 Unpacking libpython2-stdlib:amd64 (2.7.17-2ubuntu4) ...
#6 19.05 Setting up libpython2.7-minimal:amd64 (2.7.18-1~20.04.1) ...
#6 19.16 Setting up python2.7-minimal (2.7.18-1~20.04.1) ...
#6 19.67 Setting up python2-minimal (2.7.17-2ubuntu4) ...
#6 19.91 Selecting previously unselected package python2.
#6 19.91 (Reading database ... (Reading database ... 5%(Reading database ... 10%(Reading database ... 15%(Reading database ... 20%(Reading database ... 25%(Reading database ... 30%(Reading database ... 35%(Reading database ... 40%(Reading database ... 45%(Reading database ... 50%(Reading database ... 55%(Reading database ... 60%(Reading database ... 65%(Reading database ... 70%(Reading database ... 75%(Reading database ... 80%(Reading database ... 85%(Reading database ... 90%(Reading database ... 95%(Reading database ... 100%(Reading database ... 22038 files and directories currently installed.)
#6 19.93 Preparing to unpack .../00-python2_2.7.17-2ubuntu4_amd64.deb ...
#6 19.95 Unpacking python2 (2.7.17-2ubuntu4) ...
#6 20.11 Selecting previously unselected package python3-yaml.
#6 20.12 Preparing to unpack .../01-python3-yaml_5.3.1-1ubuntu0.1_amd64.deb ...
#6 20.14 Unpacking python3-yaml (5.3.1-1ubuntu0.1) ...
#6 20.34 Selecting previously unselected package libpipeline1:amd64.
#6 20.35 Preparing to unpack .../02-libpipeline1_1.5.2-2build1_amd64.deb ...
#6 20.39 Unpacking libpipeline1:amd64 (1.5.2-2build1) ...
#6 20.55 Selecting previously unselected package libuv1:amd64.
#6 20.56 Preparing to unpack .../03-libuv1_1.34.2-1ubuntu1.3_amd64.deb ...
#6 20.57 Unpacking libuv1:amd64 (1.34.2-1ubuntu1.3) ...
#6 20.75 Selecting previously unselected package libsigsegv2:amd64.
#6 20.75 Preparing to unpack .../04-libsigsegv2_2.12-2_amd64.deb ...
#6 20.78 Unpacking libsigsegv2:amd64 (2.12-2) ...
#6 20.92 Selecting previously unselected package m4.
#6 20.93 Preparing to unpack .../05-m4_1.4.18-4_amd64.deb ...
#6 20.95 Unpacking m4 (1.4.18-4) ...
#6 21.09 Selecting previously unselected package autoconf.
#6 21.09 Preparing to unpack .../06-autoconf_2.69-11.1_all.deb ...
#6 21.10 Unpacking autoconf (2.69-11.1) ...
#6 21.26 Selecting previously unselected package autotools-dev.
#6 21.26 Preparing to unpack .../07-autotools-dev_20180224.1_all.deb ...
#6 21.28 Unpacking autotools-dev (20180224.1) ...
#6 21.36 Selecting previously unselected package automake.
#6 21.36 Preparing to unpack .../08-automake_1%3a1.16.1-4ubuntu6_all.deb ...
#6 21.37 Unpacking automake (1:1.16.1-4ubuntu6) ...
#6 21.56 Selecting previously unselected package binfmt-support.
#6 21.56 Preparing to unpack .../09-binfmt-support_2.2.0-2_amd64.deb ...
#6 21.59 Unpacking binfmt-support (2.2.0-2) ...
#6 21.71 Selecting previously unselected package libllvm10:amd64.
#6 21.71 Preparing to unpack .../10-libllvm10_1%3a10.0.0-4ubuntu1_amd64.deb ...
#6 21.73 Unpacking libllvm10:amd64 (1:10.0.0-4ubuntu1) ...
#6 23.44 Selecting previously unselected package libclang-cpp10.
#6 23.45 Preparing to unpack .../11-libclang-cpp10_1%3a10.0.0-4ubuntu1_amd64.deb ...
#6 23.47 Unpacking libclang-cpp10 (1:10.0.0-4ubuntu1) ...
#6 24.66 Selecting previously unselected package libgc1c2:amd64.
#6 24.66 Preparing to unpack .../12-libgc1c2_1%3a7.6.4-0.4ubuntu1_amd64.deb ...
#6 24.68 Unpacking libgc1c2:amd64 (1:7.6.4-0.4ubuntu1) ...
#6 24.98 Selecting previously unselected package libobjc4:amd64.
#6 24.98 Preparing to unpack .../13-libobjc4_10.3.0-1ubuntu1~20.04_amd64.deb ...
#6 24.99 Unpacking libobjc4:amd64 (10.3.0-1ubuntu1~20.04) ...
#6 25.12 Selecting previously unselected package libobjc-9-dev:amd64.
#6 25.13 Preparing to unpack .../14-libobjc-9-dev_9.3.0-17ubuntu1~20.04_amd64.deb ...
#6 25.16 Unpacking libobjc-9-dev:amd64 (9.3.0-17ubuntu1~20.04) ...
#6 25.30 Selecting previously unselected package libclang-common-10-dev.
#6 25.30 Preparing to unpack .../15-libclang-common-10-dev_1%3a10.0.0-4ubuntu1_amd64.deb ...
#6 25.31 Unpacking libclang-common-10-dev (1:10.0.0-4ubuntu1) ...
#6 26.18 Selecting previously unselected package libclang1-10.
#6 26.19 Preparing to unpack .../16-libclang1-10_1%3a10.0.0-4ubuntu1_amd64.deb ...
#6 26.22 Unpacking libclang1-10 (1:10.0.0-4ubuntu1) ...
#6 27.18 Selecting previously unselected package clang-10.
#6 27.18 Preparing to unpack .../17-clang-10_1%3a10.0.0-4ubuntu1_amd64.deb ...
#6 27.21 Unpacking clang-10 (1:10.0.0-4ubuntu1) ...
#6 27.39 Selecting previously unselected package clang.
#6 27.39 Preparing to unpack .../18-clang_1%3a10.0-50~exp1_amd64.deb ...
#6 27.42 Unpacking clang (1:10.0-50~exp1) ...
#6 27.63 Selecting previously unselected package cmake-data.
#6 27.64 Preparing to unpack .../19-cmake-data_3.16.3-1ubuntu1_all.deb ...
#6 27.66 Unpacking cmake-data (3.16.3-1ubuntu1) ...
#6 28.39 Selecting previously unselected package libarchive13:amd64.
#6 28.39 Preparing to unpack .../20-libarchive13_3.4.0-2ubuntu1.1_amd64.deb ...
#6 28.40 Unpacking libarchive13:amd64 (3.4.0-2ubuntu1.1) ...
#6 28.58 Selecting previously unselected package libjsoncpp1:amd64.
#6 28.59 Preparing to unpack .../21-libjsoncpp1_1.7.4-3.1ubuntu2_amd64.deb ...
#6 28.61 Unpacking libjsoncpp1:amd64 (1.7.4-3.1ubuntu2) ...
#6 28.80 Selecting previously unselected package librhash0:amd64.
#6 28.80 Preparing to unpack .../22-librhash0_1.3.9-1_amd64.deb ...
#6 28.82 Unpacking librhash0:amd64 (1.3.9-1) ...
#6 28.98 Selecting previously unselected package cmake.
#6 28.98 Preparing to unpack .../23-cmake_3.16.3-1ubuntu1_amd64.deb ...
#6 29.01 Unpacking cmake (3.16.3-1ubuntu1) ...
#6 29.60 Selecting previously unselected package libclang-10-dev.
#6 29.61 Preparing to unpack .../24-libclang-10-dev_1%3a10.0.0-4ubuntu1_amd64.deb ...
#6 29.64 Unpacking libclang-10-dev (1:10.0.0-4ubuntu1) ...
#6 32.73 Selecting previously unselected package libclang-dev.
#6 32.73 Preparing to unpack .../25-libclang-dev_1%3a10.0-50~exp1_amd64.deb ...
#6 32.90 Unpacking libclang-dev (1:10.0-50~exp1) ...
#6 33.61 Selecting previously unselected package libltdl7:amd64.
#6 33.61 Preparing to unpack .../26-libltdl7_2.4.6-14_amd64.deb ...
#6 33.70 Unpacking libltdl7:amd64 (2.4.6-14) ...
#6 34.63 Selecting previously unselected package libltdl-dev:amd64.
#6 34.63 Preparing to unpack .../27-libltdl-dev_2.4.6-14_amd64.deb ...
#6 34.95 Unpacking libltdl-dev:amd64 (2.4.6-14) ...
#6 35.82 Selecting previously unselected package libncurses-dev:amd64.
#6 35.82 Preparing to unpack .../28-libncurses-dev_6.2-0ubuntu2_amd64.deb ...
#6 35.97 Unpacking libncurses-dev:amd64 (6.2-0ubuntu2) ...
#6 36.71 Selecting previously unselected package libomp5-10:amd64.
#6 36.71 Preparing to unpack .../29-libomp5-10_1%3a10.0.0-4ubuntu1_amd64.deb ...
#6 36.72 Unpacking libomp5-10:amd64 (1:10.0.0-4ubuntu1) ...
#6 36.92 Selecting previously unselected package libomp-10-dev.
#6 36.92 Preparing to unpack .../30-libomp-10-dev_1%3a10.0.0-4ubuntu1_amd64.deb ...
#6 36.95 Unpacking libomp-10-dev (1:10.0.0-4ubuntu1) ...
#6 37.08 Selecting previously unselected package libtinfo-dev:amd64.
#6 37.09 Preparing to unpack .../31-libtinfo-dev_6.2-0ubuntu2_amd64.deb ...
#6 37.11 Unpacking libtinfo-dev:amd64 (6.2-0ubuntu2) ...
#6 37.23 Selecting previously unselected package libtool.
#6 37.24 Preparing to unpack .../32-libtool_2.4.6-14_all.deb ...
#6 37.26 Unpacking libtool (2.4.6-14) ...
#6 37.43 Selecting previously unselected package llvm-10-runtime.
#6 37.43 Preparing to unpack .../33-llvm-10-runtime_1%3a10.0.0-4ubuntu1_amd64.deb ...
#6 37.44 Unpacking llvm-10-runtime (1:10.0.0-4ubuntu1) ...
#6 37.56 Selecting previously unselected package llvm-runtime.
#6 37.56 Preparing to unpack .../34-llvm-runtime_1%3a10.0-50~exp1_amd64.deb ...
#6 37.58 Unpacking llvm-runtime (1:10.0-50~exp1) ...
#6 37.69 Selecting previously unselected package libpfm4:amd64.
#6 37.69 Preparing to unpack .../35-libpfm4_4.10.1+git20-g7700f49-2_amd64.deb ...
#6 37.71 Unpacking libpfm4:amd64 (4.10.1+git20-g7700f49-2) ...
#6 37.84 Selecting previously unselected package llvm-10.
#6 37.84 Preparing to unpack .../36-llvm-10_1%3a10.0.0-4ubuntu1_amd64.deb ...
#6 37.85 Unpacking llvm-10 (1:10.0.0-4ubuntu1) ...
#6 38.60 Selecting previously unselected package llvm.
#6 38.60 Preparing to unpack .../37-llvm_1%3a10.0-50~exp1_amd64.deb ...
#6 38.62 Unpacking llvm (1:10.0-50~exp1) ...
#6 38.80 Selecting previously unselected package libffi-dev:amd64.
#6 38.81 Preparing to unpack .../38-libffi-dev_3.3-4_amd64.deb ...
#6 38.83 Unpacking libffi-dev:amd64 (3.3-4) ...
#6 39.00 Selecting previously unselected package python3-pygments.
#6 39.00 Preparing to unpack .../39-python3-pygments_2.3.1+dfsg-1ubuntu2.2_all.deb ...
#6 39.02 Unpacking python3-pygments (2.3.1+dfsg-1ubuntu2.2) ...
#6 39.20 Selecting previously unselected package llvm-10-tools.
#6 39.20 Preparing to unpack .../40-llvm-10-tools_1%3a10.0.0-4ubuntu1_amd64.deb ...
#6 39.22 Unpacking llvm-10-tools (1:10.0.0-4ubuntu1) ...
#6 39.42 Selecting previously unselected package libz3-4:amd64.
#6 39.43 Preparing to unpack .../41-libz3-4_4.8.7-4build1_amd64.deb ...
#6 39.44 Unpacking libz3-4:amd64 (4.8.7-4build1) ...
#6 40.22 Selecting previously unselected package libz3-dev:amd64.
#6 40.22 Preparing to unpack .../42-libz3-dev_4.8.7-4build1_amd64.deb ...
#6 40.24 Unpacking libz3-dev:amd64 (4.8.7-4build1) ...
#6 40.37 Selecting previously unselected package llvm-10-dev.
#6 40.37 Preparing to unpack .../43-llvm-10-dev_1%3a10.0.0-4ubuntu1_amd64.deb ...
#6 40.38 Unpacking llvm-10-dev (1:10.0.0-4ubuntu1) ...
#6 44.43 Selecting previously unselected package llvm-dev.
#6 44.43 Preparing to unpack .../44-llvm-dev_1%3a10.0-50~exp1_amd64.deb ...
#6 44.45 Unpacking llvm-dev (1:10.0-50~exp1) ...
#6 44.99 Selecting previously unselected package python-is-python2.
#6 45.00 Preparing to unpack .../45-python-is-python2_2.7.17-4_all.deb ...
#6 45.21 Unpacking python-is-python2 (2.7.17-4) ...
#6 46.28 Setting up libpipeline1:amd64 (1.5.2-2build1) ...
#6 46.85 Setting up libncurses-dev:amd64 (6.2-0ubuntu2) ...
#6 47.07 Setting up libarchive13:amd64 (3.4.0-2ubuntu1.1) ...
#6 47.49 Setting up libgc1c2:amd64 (1:7.6.4-0.4ubuntu1) ...
#6 47.66 Setting up python3-yaml (5.3.1-1ubuntu0.1) ...
#6 48.19 Setting up libobjc4:amd64 (10.3.0-1ubuntu1~20.04) ...
#6 48.70 Setting up libffi-dev:amd64 (3.3-4) ...
#6 48.77 Setting up libpython2.7-stdlib:amd64 (2.7.18-1~20.04.1) ...
#6 48.84 Setting up libllvm10:amd64 (1:10.0.0-4ubuntu1) ...
#6 48.90 Setting up autotools-dev (20180224.1) ...
#6 48.96 Setting up python3-pygments (2.3.1+dfsg-1ubuntu2.2) ...
#6 49.73 Setting up libz3-4:amd64 (4.8.7-4build1) ...
#6 49.84 Setting up libuv1:amd64 (1.34.2-1ubuntu1.3) ...
#6 49.92 Setting up libpfm4:amd64 (4.10.1+git20-g7700f49-2) ...
#6 50.01 Setting up libclang1-10 (1:10.0.0-4ubuntu1) ...
#6 50.08 Setting up libsigsegv2:amd64 (2.12-2) ...
#6 50.17 Setting up binfmt-support (2.2.0-2) ...
#6 50.59 Created symlink /etc/systemd/system/multi-user.target.wants/binfmt-support.service â†’ /lib/systemd/system/binfmt-support.service.
#6 50.63 invoke-rc.d: could not determine current runlevel
#6 50.70 invoke-rc.d: policy-rc.d denied execution of start.
#6 50.85 Setting up libobjc-9-dev:amd64 (9.3.0-17ubuntu1~20.04) ...
#6 51.84 Setting up libltdl7:amd64 (2.4.6-14) ...
#6 52.20 Setting up libomp5-10:amd64 (1:10.0.0-4ubuntu1) ...
#6 52.64 Setting up librhash0:amd64 (1.3.9-1) ...
#6 52.69 Setting up cmake-data (3.16.3-1ubuntu1) ...
#6 52.78 Setting up libjsoncpp1:amd64 (1.7.4-3.1ubuntu2) ...
#6 52.83 Setting up libtinfo-dev:amd64 (6.2-0ubuntu2) ...
#6 52.88 Setting up libz3-dev:amd64 (4.8.7-4build1) ...
#6 52.94 Setting up llvm-10-tools (1:10.0.0-4ubuntu1) ...
#6 52.99 Setting up libomp-10-dev (1:10.0.0-4ubuntu1) ...
#6 53.05 Setting up python2.7 (2.7.18-1~20.04.1) ...
#6 54.09 Setting up libtool (2.4.6-14) ...
#6 54.14 Setting up libpython2-stdlib:amd64 (2.7.17-2ubuntu4) ...
#6 54.18 Setting up libclang-common-10-dev (1:10.0.0-4ubuntu1) ...
#6 54.24 Setting up m4 (1.4.18-4) ...
#6 54.30 Setting up libclang-cpp10 (1:10.0.0-4ubuntu1) ...
#6 54.35 Setting up python2 (2.7.17-2ubuntu4) ...
#6 54.41 Setting up llvm-10-runtime (1:10.0.0-4ubuntu1) ...
#6 54.46 Setting up llvm-runtime (1:10.0-50~exp1) ...
#6 54.51 Setting up autoconf (2.69-11.1) ...
#6 54.58 Setting up cmake (3.16.3-1ubuntu1) ...
#6 54.63 Setting up clang-10 (1:10.0.0-4ubuntu1) ...
#6 54.68 Setting up libclang-10-dev (1:10.0.0-4ubuntu1) ...
#6 54.73 Setting up python-is-python2 (2.7.17-4) ...
#6 54.80 Setting up automake (1:1.16.1-4ubuntu6) ...
#6 54.85 update-alternatives: using /usr/bin/automake-1.16 to provide /usr/bin/automake (automake) in auto mode
#6 54.85 update-alternatives: warning: skip creation of /usr/share/man/man1/automake.1.gz because associated file /usr/share/man/man1/automake-1.16.1.gz (of link group automake) doesn't exist
#6 54.85 update-alternatives: warning: skip creation of /usr/share/man/man1/aclocal.1.gz because associated file /usr/share/man/man1/aclocal-1.16.1.gz (of link group automake) doesn't exist
#6 54.87 Setting up libclang-dev (1:10.0-50~exp1) ...
#6 54.92 Setting up llvm-10 (1:10.0.0-4ubuntu1) ...
#6 54.97 Setting up libltdl-dev:amd64 (2.4.6-14) ...
#6 55.02 Setting up llvm-10-dev (1:10.0.0-4ubuntu1) ...
#6 55.07 Setting up clang (1:10.0-50~exp1) ...
#6 55.16 Setting up llvm (1:10.0-50~exp1) ...
#6 55.17 Setting up llvm-dev (1:10.0-50~exp1) ...
#6 55.19 Processing triggers for libc-bin (2.31-0ubuntu9.2) ...
#6 55.27 Processing triggers for systemd (245.4-4ubuntu3.15) ...
#6 55.28 Processing triggers for mime-support (3.64ubuntu1) ...
#6 DONE 61.8s

#7 [3/7] RUN curl https://sh.rustup.rs | sh -s -- -y --default-toolchain=nightly
#7 sha256:b9f7b35a9ebecbe6423f7c87d66a008f08aa2cf4216e9f9c98e7c2f26be7ac73
#7 0.657   % Total    % Received % Xferd  Average Speed   Time    Time     Time  Current
#7 0.657                                  Dload  Upload   Total   Spent    Left  Speed
#7 0.657   0     0    0     0    0     0      0      0 --:--:-- --:--:-- --:--:--     0100 21102  100 21102    0     0   189k      0 --:--:-- --:--:-- --:--:--  189k
#7 0.794 info: downloading installer
#7 2.156 warning: it looks like you have an existing installation of Rust at:
#7 2.156 warning: /usr/local/bin
#7 2.156 warning: rustup should not be installed alongside Rust. Please uninstall your existing Rust first.
#7 2.156 warning: Otherwise you may have confusion unless you are careful with your PATH
#7 2.156 warning: If you are sure that you want both rustup and your already installed Rust
#7 2.156 warning: then please reply `y' or `yes' or set RUSTUP_INIT_SKIP_PATH_CHECK to yes
#7 2.156 warning: or pass `-y' to ignore all ignorable checks.
#7 2.156 error: cannot install while Rust is installed
#7 2.156 warning: continuing (because the -y flag is set and the error is ignorable)
#7 2.269 info: profile set to 'default'
#7 2.269 info: default host triple is x86_64-unknown-linux-gnu
#7 2.269 info: syncing channel updates for 'nightly-x86_64-unknown-linux-gnu'
#7 2.592 info: latest update on 2022-02-18, rust version 1.60.0-nightly (30b3f35c4 2022-02-17)
#7 2.592 info: downloading component 'cargo'
#7 3.164 info: downloading component 'clippy'
#7 3.427 info: downloading component 'rust-docs'
#7 6.127 info: downloading component 'rust-std'
#7 8.596 info: downloading component 'rustc'
#7 13.74 info: downloading component 'rustfmt'
#7 14.24 info: installing component 'cargo'
#7 15.00 info: installing component 'clippy'
#7 15.56 info: installing component 'rust-docs'
#7 19.10 info: installing component 'rust-std'
#7 22.01 info: installing component 'rustc'
#7 27.12 info: installing component 'rustfmt'
#7 27.72 info: default toolchain set to 'nightly-x86_64-unknown-linux-gnu'
#7 27.72 
#7 27.74   nightly-x86_64-unknown-linux-gnu installed - rustc 1.60.0-nightly (30b3f35c4 2022-02-17)
#7 27.74 
#7 27.74 
#7 27.74 Rust is installed now. Great!
#7 27.74 
#7 27.74 To get started you may need to restart your current shell.
#7 27.74 This would reload your PATH environment variable to include
#7 27.74 Cargo's bin directory (/rust/bin).
#7 27.74 
#7 27.74 To configure your current shell, run:
#7 27.74 source /rust/env
#7 DONE 52.0s

#8 [4/7] RUN cargo install cargo-fuzz
#8 sha256:25e6f0ec52401ffe94ba166c1d830778fdf7da2b4e5539ca60ef5dc78910e880
#8 0.867     Updating crates.io index
#8 59.29  Downloading crates ...
#8 59.59   Downloaded cargo-fuzz v0.11.0
#8 59.73   Installing cargo-fuzz v0.11.0
#8 60.37  Downloading crates ...
#8 60.58   Downloaded addr2line v0.17.0
#8 60.58   Downloaded rustc-demangle v0.1.21
#8 60.59   Downloaded remove_dir_all v0.5.3
#8 60.59   Downloaded quote v1.0.15
#8 60.60   Downloaded ryu v1.0.9
#8 60.62   Downloaded regex v1.5.4
#8 60.64   Downloaded unicode-segmentation v1.9.0
#8 60.65   Downloaded structopt-derive v0.4.18
#8 60.65   Downloaded unicode-xid v0.2.2
#8 60.66   Downloaded vec_map v0.8.2
#8 60.66   Downloaded tempfile v3.3.0
#8 60.66   Downloaded version_check v0.9.4
#8 60.67   Downloaded toml v0.5.8
#8 60.67   Downloaded structopt v0.3.26
#8 60.69   Downloaded syn v1.0.86
#8 60.72   Downloaded anyhow v1.0.53
#8 60.73   Downloaded aho-corasick v0.7.18
#8 60.74   Downloaded strsim v0.8.0
#8 60.74   Downloaded semver v0.10.0
#8 60.74   Downloaded failure v0.1.8
#8 60.75   Downloaded rustc-cfg v0.4.0
#8 60.75   Downloaded cfg-if v1.0.0
#8 60.76   Downloaded heck v0.3.3
#8 60.76   Downloaded semver-parser v0.7.0
#8 60.76   Downloaded proc-macro-error v1.0.4
#8 60.77   Downloaded proc-macro2 v1.0.36
#8 60.78   Downloaded serde v1.0.136
#8 60.78   Downloaded semver v0.9.0
#8 60.79   Downloaded object v0.27.1
#8 60.82   Downloaded fastrand v1.7.0
#8 60.83   Downloaded memchr v2.4.1
#8 60.84   Downloaded clap v2.34.0
#8 60.86   Downloaded serde_json v1.0.79
#8 60.88   Downloaded ansi_term v0.12.1
#8 60.88   Downloaded miniz_oxide v0.4.4
#8 60.89   Downloaded regex-syntax v0.6.25
#8 60.91   Downloaded cc v1.0.73
#8 60.92   Downloaded rustc_version v0.2.3
#8 60.92   Downloaded proc-macro-error-attr v1.0.4
#8 60.93   Downloaded lazy_static v1.4.0
#8 60.93   Downloaded libc v0.2.118
#8 60.98   Downloaded gimli v0.26.1
#8 61.02   Downloaded itoa v1.0.1
#8 61.02   Downloaded bitflags v1.3.2
#8 61.02   Downloaded backtrace v0.3.64
#8 61.04   Downloaded autocfg v1.1.0
#8 61.04   Downloaded failure_derive v0.1.8
#8 61.04   Downloaded cargo-binutils v0.3.5
#8 61.05   Downloaded cargo_metadata v0.11.4
#8 61.05   Downloaded atty v0.2.14
#8 61.05   Downloaded adler v1.0.2
#8 61.05   Downloaded unicode-width v0.1.9
#8 61.06   Downloaded textwrap v0.11.0
#8 61.06   Downloaded synstructure v0.12.6
#8 61.06   Downloaded serde_derive v1.0.136
#8 61.21    Compiling proc-macro2 v1.0.36
#8 61.21    Compiling unicode-xid v0.2.2
#8 61.21    Compiling syn v1.0.86
#8 61.21    Compiling libc v0.2.118
#8 61.22    Compiling memchr v2.4.1
#8 61.22    Compiling serde_derive v1.0.136
#8 61.22    Compiling version_check v0.9.4
#8 61.22    Compiling autocfg v1.1.0
#8 61.56    Compiling serde v1.0.136
#8 62.04    Compiling cc v1.0.73
#8 62.09    Compiling failure_derive v0.1.8
#8 62.17    Compiling adler v1.0.2
#8 62.22    Compiling semver-parser v0.7.0
#8 62.27    Compiling gimli v0.26.1
#8 62.28    Compiling cfg-if v1.0.0
#8 62.36    Compiling rustc-demangle v0.1.21
#8 62.49    Compiling serde_json v1.0.79
#8 62.50    Compiling unicode-width v0.1.9
#8 62.76    Compiling vec_map v0.8.2
#8 62.79    Compiling anyhow v1.0.53
#8 63.01    Compiling bitflags v1.3.2
#8 63.21    Compiling strsim v0.8.0
#8 63.26    Compiling unicode-segmentation v1.9.0
#8 63.43    Compiling ansi_term v0.12.1
#8 63.80    Compiling itoa v1.0.1
#8 64.21    Compiling ryu v1.0.9
#8 64.51    Compiling regex-syntax v0.6.25
#8 64.99    Compiling remove_dir_all v0.5.3
#8 65.02    Compiling fastrand v1.7.0
#8 65.12    Compiling lazy_static v1.4.0
#8 65.24    Compiling cargo-fuzz v0.11.0
#8 65.60    Compiling proc-macro-error-attr v1.0.4
#8 65.72    Compiling proc-macro-error v1.0.4
#8 65.91    Compiling miniz_oxide v0.4.4
#8 66.12    Compiling semver v0.9.0
#8 66.19    Compiling textwrap v0.11.0
#8 66.41    Compiling heck v0.3.3
#8 66.56    Compiling backtrace v0.3.64
#8 68.35    Compiling rustc_version v0.2.3
#8 69.14    Compiling object v0.27.1
#8 69.32    Compiling aho-corasick v0.7.18
#8 69.54    Compiling quote v1.0.15
#8 70.00    Compiling addr2line v0.17.0
#8 70.37    Compiling atty v0.2.14
#8 70.52    Compiling tempfile v3.3.0
#8 71.79    Compiling clap v2.34.0
#8 73.37    Compiling regex v1.5.4
#8 79.63    Compiling synstructure v0.12.6
#8 87.06    Compiling structopt-derive v0.4.18
#8 89.55    Compiling failure v0.1.8
#8 90.81    Compiling rustc-cfg v0.4.0
#8 92.80    Compiling structopt v0.3.26
#8 100.6    Compiling semver v0.10.0
#8 100.6    Compiling toml v0.5.8
#8 102.0    Compiling cargo_metadata v0.11.4
#8 104.8    Compiling cargo-binutils v0.3.5
#8 116.0     Finished release [optimized] target(s) in 1m 55s
#8 116.0   Installing /rust/bin/cargo-fuzz
#8 116.0    Installed package `cargo-fuzz v0.11.0` (executable `cargo-fuzz`)
#8 DONE 116.5s

#9 [5/7] RUN git clone --depth 1 https://github.com/serde-rs/json json
#9 sha256:9a96d1faa7046b90d39749c5b4b43a7516c710eddf89895e32c9fde305332ce4
#9 0.581 Cloning into 'json'...
#9 DONE 2.2s

#10 [6/7] WORKDIR /src
#10 sha256:1d1fc788920b223a8f8f3a7b9b02abe773c2fe3ac19453171fe7e31493fc647e
#10 DONE 0.3s

#12 [7/7] COPY build.sh /src/
#12 sha256:0ebdf169f3db9d68dd96af1a7905de189e67d0cc66caf131207ade2373a646d9
#12 DONE 0.3s

#13 exporting to image
#13 sha256:e8c613e07b0b7ff33893b694f7759a10d42e180f2b4dc349fb57dc6b71dcab00
#13 exporting layers done
#13 writing image sha256:b6521e6a384e13112f2e28510bea3d62d46c4a02f462bc661e681149615333c3 0.0s done
#13 naming to gcr.io/fuzzbench/builders/benchmark/serde_json_serde_json 0.0s done
#13 DONE 0.3s

#14 exporting cache
#14 sha256:2700d4ef94dee473593c5c614b55b2dedcca7893909811a8f2b48291a1f581e4
#14 preparing build cache for export done
#14 DONE 0.0s
------
 > importing cache manifest from gcr.io/fuzzbench/builders/benchmark/serde_json_serde_json:
------
#1 [internal] load build definition from builder.Dockerfile
#1 sha256:60f1985008dedb30f68eb8adf874b2af015d7e25f46ba35fe283e4d8423998d6
#1 transferring dockerfile: 46B done
#1 DONE 0.1s

#2 [internal] load .dockerignore
#2 sha256:e03975fe7515bf012b5841f27a10d1e7becb70b9dfff8c97ed601c4a378cbd79
#2 transferring context: 2B done
#2 DONE 0.1s

#3 [internal] load metadata for gcr.io/fuzzbench/builders/benchmark/serde_json_serde_json:latest
#3 sha256:324fcfa6d2fba42293dcb6712343eaf6d848e3283e9c44d8232e94210a67682d
#3 DONE 0.0s

#7 importing cache manifest from gcr.io/fuzzbench/builders/afl/serde_json_serde_json-intermediate
#7 sha256:c21bc456c8a9b65234032b6c9ebeecc26c87c050714bae9a497e307085898e97
#7 ...

#4 [1/3] FROM gcr.io/fuzzbench/builders/benchmark/serde_json_serde_json
#4 sha256:5c740d6521fb69bb99299e0d7a2bc40f0d119c0cac0583f3849d9ebebf298f47
#4 DONE 0.0s

#7 importing cache manifest from gcr.io/fuzzbench/builders/afl/serde_json_serde_json-intermediate
#7 sha256:c21bc456c8a9b65234032b6c9ebeecc26c87c050714bae9a497e307085898e97
#7 ERROR: gcr.io/fuzzbench/builders/afl/serde_json_serde_json-intermediate:latest: not found

#4 [1/3] FROM gcr.io/fuzzbench/builders/benchmark/serde_json_serde_json
#4 sha256:5c740d6521fb69bb99299e0d7a2bc40f0d119c0cac0583f3849d9ebebf298f47
#4 DONE 1.2s

#5 [2/3] RUN git clone https://github.com/google/AFL.git /afl &&     cd /afl &&     git checkout 61037103ae3722c8060ff7082994836a794f978e &&     AFL_NO_X86=1 make
#5 sha256:4e4fd8ba2fc729e975f16664c7d40b80d24a35abd698311fd71726504d659c1a
#5 0.459 Cloning into '/afl'...
#5 1.199 Note: switching to '61037103ae3722c8060ff7082994836a794f978e'.
#5 1.199 
#5 1.199 You are in 'detached HEAD' state. You can look around, make experimental
#5 1.199 changes and commit them, and you can discard any commits you make in this
#5 1.199 state without impacting any branches by switching back to a branch.
#5 1.199 
#5 1.199 If you want to create a new branch to retain commits you create, you may
#5 1.199 do so (now or later) by using -c with the switch command. Example:
#5 1.199 
#5 1.199   git switch -c <new-branch-name>
#5 1.199 
#5 1.199 Or undo this operation with:
#5 1.199 
#5 1.199   git switch -
#5 1.199 
#5 1.199 Turn off this advice by setting config variable advice.detachedHead to false
#5 1.199 
#5 1.199 HEAD is now at 6103710 Fix a typo filename comparison in the fuzzer (#139)
#5 1.222 [!] Note: skipping x86 compilation checks (AFL_NO_X86 set).
#5 1.222 clang -O1 -fno-omit-frame-pointer -gline-tables-only -DFUZZING_BUILD_MODE_UNSAFE_FOR_PRODUCTION -Wall -D_FORTIFY_SOURCE=2 -g -Wno-pointer-sign -DAFL_PATH=\"/usr/local/lib/afl\" -DDOC_PATH=\"/usr/local/share/doc/afl\" -DBIN_PATH=\"/usr/local/bin\" afl-gcc.c -o afl-gcc -ldl
#5 1.398 set -e; for i in afl-g++ afl-clang afl-clang++; do ln -sf afl-gcc $i; done
#5 1.403 clang -O1 -fno-omit-frame-pointer -gline-tables-only -DFUZZING_BUILD_MODE_UNSAFE_FOR_PRODUCTION -Wall -D_FORTIFY_SOURCE=2 -g -Wno-pointer-sign -DAFL_PATH=\"/usr/local/lib/afl\" -DDOC_PATH=\"/usr/local/share/doc/afl\" -DBIN_PATH=\"/usr/local/bin\" afl-fuzz.c -o afl-fuzz -ldl
#5 3.772 clang -O1 -fno-omit-frame-pointer -gline-tables-only -DFUZZING_BUILD_MODE_UNSAFE_FOR_PRODUCTION -Wall -D_FORTIFY_SOURCE=2 -g -Wno-pointer-sign -DAFL_PATH=\"/usr/local/lib/afl\" -DDOC_PATH=\"/usr/local/share/doc/afl\" -DBIN_PATH=\"/usr/local/bin\" afl-showmap.c -o afl-showmap -ldl
#5 4.089 clang -O1 -fno-omit-frame-pointer -gline-tables-only -DFUZZING_BUILD_MODE_UNSAFE_FOR_PRODUCTION -Wall -D_FORTIFY_SOURCE=2 -g -Wno-pointer-sign -DAFL_PATH=\"/usr/local/lib/afl\" -DDOC_PATH=\"/usr/local/share/doc/afl\" -DBIN_PATH=\"/usr/local/bin\" afl-tmin.c -o afl-tmin -ldl
#5 4.517 clang -O1 -fno-omit-frame-pointer -gline-tables-only -DFUZZING_BUILD_MODE_UNSAFE_FOR_PRODUCTION -Wall -D_FORTIFY_SOURCE=2 -g -Wno-pointer-sign -DAFL_PATH=\"/usr/local/lib/afl\" -DDOC_PATH=\"/usr/local/share/doc/afl\" -DBIN_PATH=\"/usr/local/bin\" afl-gotcpu.c -o afl-gotcpu -ldl
#5 4.667 clang -O1 -fno-omit-frame-pointer -gline-tables-only -DFUZZING_BUILD_MODE_UNSAFE_FOR_PRODUCTION -Wall -D_FORTIFY_SOURCE=2 -g -Wno-pointer-sign -DAFL_PATH=\"/usr/local/lib/afl\" -DDOC_PATH=\"/usr/local/share/doc/afl\" -DBIN_PATH=\"/usr/local/bin\" afl-analyze.c -o afl-analyze -ldl
#5 5.064 clang -O1 -fno-omit-frame-pointer -gline-tables-only -DFUZZING_BUILD_MODE_UNSAFE_FOR_PRODUCTION -Wall -D_FORTIFY_SOURCE=2 -g -Wno-pointer-sign -DAFL_PATH=\"/usr/local/lib/afl\" -DDOC_PATH=\"/usr/local/share/doc/afl\" -DBIN_PATH=\"/usr/local/bin\" afl-as.c -o afl-as -ldl
#5 5.302 ln -sf afl-as as
#5 5.304 [!] Note: skipping build tests (you may need to use LLVM or QEMU mode).
#5 5.305 [+] LLVM users: see llvm_mode/README.llvm for a faster alternative to afl-gcc.
#5 5.306 [+] All done! Be sure to review README - it's pretty short and useful.
#5 DONE 5.9s

#6 [3/3] RUN apt-get update &&     apt-get install wget -y &&     wget https://raw.githubusercontent.com/llvm/llvm-project/5feb80e748924606531ba28c97fe65145c65372e/compiler-rt/lib/fuzzer/afl/afl_driver.cpp -O /afl/afl_driver.cpp &&     clang -Wno-pointer-sign -c /afl/llvm_mode/afl-llvm-rt.o.c -I/afl &&     clang++ -stdlib=libc++ -std=c++11 -O2 -c /afl/afl_driver.cpp &&     ar r /libAFL.a *.o
#6 sha256:8c323a40b3ebd3cea60b67b385b74643c1316211322f78de3859c91524e93e54
#6 0.783 Hit:1 http://ppa.launchpad.net/git-core/ppa/ubuntu focal InRelease
#6 0.783 Hit:2 http://archive.ubuntu.com/ubuntu focal InRelease
#6 0.784 Hit:3 http://archive.ubuntu.com/ubuntu focal-updates InRelease
#6 0.808 Hit:4 http://archive.ubuntu.com/ubuntu focal-backports InRelease
#6 0.914 Hit:5 http://security.ubuntu.com/ubuntu focal-security InRelease
#6 1.767 Reading package lists...
#6 3.351 Reading package lists...
#6 4.777 Building dependency tree...
#6 4.989 Reading state information...
#6 5.234 wget is already the newest version (1.20.3-1ubuntu2).
#6 5.234 0 upgraded, 0 newly installed, 0 to remove and 1 not upgraded.
#6 5.250 --2022-02-18 01:08:28--  https://raw.githubusercontent.com/llvm/llvm-project/5feb80e748924606531ba28c97fe65145c65372e/compiler-rt/lib/fuzzer/afl/afl_driver.cpp
#6 5.252 Resolving raw.githubusercontent.com (raw.githubusercontent.com)... 185.199.108.133, 185.199.109.133, 185.199.110.133, ...
#6 5.253 Connecting to raw.githubusercontent.com (raw.githubusercontent.com)|185.199.108.133|:443... connected.
#6 5.277 HTTP request sent, awaiting response... 200 OK
#6 5.457 Length: 9177 (9.0K) [text/plain]
#6 5.457 Saving to: '/afl/afl_driver.cpp'
#6 5.457 
#6 5.457      0K ........                                              100% 8.52M=0.001s
#6 5.458 
#6 5.458 2022-02-18 01:08:28 (8.52 MB/s) - '/afl/afl_driver.cpp' saved [9177/9177]
#6 5.458 
#6 7.265 ar: creating /libAFL.a
#6 DONE 7.6s

#8 exporting to image
#8 sha256:e8c613e07b0b7ff33893b694f7759a10d42e180f2b4dc349fb57dc6b71dcab00
#8 exporting layers done
#8 writing image sha256:f40f75e6e270fce4fd36258fb423006beab3ba35d49e79977469ae67aa5dc18a done
#8 naming to gcr.io/fuzzbench/builders/afl/serde_json_serde_json-intermediate done
#8 DONE 0.3s

#9 exporting cache
#9 sha256:2700d4ef94dee473593c5c614b55b2dedcca7893909811a8f2b48291a1f581e4
#9 preparing build cache for export done
#9 DONE 0.0s
------
 > importing cache manifest from gcr.io/fuzzbench/builders/afl/serde_json_serde_json-intermediate:
------
#1 [internal] load build definition from Dockerfile
#1 sha256:425e78042840bec299e9eef003f87ef31cd6b05180a4163ea828ae1b7a44f304
#1 transferring dockerfile: 2.00kB done
#1 DONE 0.1s

#2 [internal] load .dockerignore
#2 sha256:673814ac14a77d07b1e26ee646e9ca1d2e1cbf0d4720603c64f313bb7d184f51
#2 transferring context: 34B done
#2 DONE 0.1s

#3 [internal] load metadata for docker.io/library/ubuntu:xenial
#3 sha256:f62bae18ed588840f045c881b2502661f2a89578a2f8f99b83f5200ee83dd25b
#3 DONE 0.0s

#5 [1/7] FROM docker.io/library/ubuntu:xenial
#5 sha256:14dd403f25ae9e519bd44f27dc17af7ce80f5a4f9f48ca88108364e67ec5d360
#5 DONE 0.0s

#4 importing cache manifest from gcr.io/fuzzbench/base-image
#4 sha256:9b220ebb4d4daceed1b96df9b6dca076e762f1cd612574f010b82d5b9e5ad896
#4 DONE 0.0s

#8 [internal] load build context
#8 sha256:4bc792b0dd49c4dc3c623a584585517bb5420c4eef5d1e3efabcc914ef862885
#8 transferring context: 559B 0.0s done
#8 DONE 0.1s

#6 [2/7] RUN apt-get update -y && apt-get install -y     build-essential     rsync     curl     zlib1g-dev     libncurses5-dev     libgdbm-dev     libnss3-dev     libssl-dev     libreadline-dev     libffi-dev     virtualenv     libbz2-dev     liblzma-dev     libsqlite3-dev
#6 sha256:3a1b0960f17eed529eaae93dc8fd3554f2743dd584d8fa569cdbe6bc734371ac
#6 CACHED

#7 [3/7] RUN cd /tmp/ &&     curl -O https://www.python.org/ftp/python/3.8.6/Python-3.8.6.tar.xz &&     tar -xvf Python-3.8.6.tar.xz &&     cd Python-3.8.6 &&     ./configure --enable-loadable-sqlite-extensions --enable-optimizations &&     make -j install &&     rm -r /tmp/Python-3.8.6.tar.xz /tmp/Python-3.8.6
#7 sha256:c5b9d1fb3371e84dbc60b76e7b2f8d5913bc93bcd4910ab65daa03e7b2ec4bb0
#7 CACHED

#9 [4/7] COPY ./requirements.txt /
#9 sha256:c8e6fe70981efc8586fa569dc140132374749e0daf87b71c40e84aa2a57d7ba4
#9 CACHED

#10 [5/7] RUN pip3 install -r /requirements.txt
#10 sha256:d2ef155212f108029bf5f10db20c811833415ae19ad8ea19055b2311f4eae898
#10 CACHED

#11 [6/7] RUN apt-get update -y && apt-get install -y     apt-transport-https     lsb-release
#11 sha256:5e57063e2e8b72e05907ae43dc79da5edcfcf2b6f0e1afd4e5efbe3770690b28
#11 CACHED

#12 [7/7] RUN CLOUD_SDK_REPO="cloud-sdk-$(lsb_release -c -s)" &&     echo "deb https://packages.cloud.google.com/apt $CLOUD_SDK_REPO main"     | tee -a /etc/apt/sources.list.d/google-cloud-sdk.list &&     curl https://packages.cloud.google.com/apt/doc/apt-key.gpg     | apt-key add - &&     apt-get update -y &&     apt-get install -y google-cloud-sdk
#12 sha256:4e889af5fcab8e325dc3ff9a31398cf09d5921277ecb90eb3e2d73b230d61e01
#12 CACHED

#13 exporting to image
#13 sha256:e8c613e07b0b7ff33893b694f7759a10d42e180f2b4dc349fb57dc6b71dcab00
#13 exporting layers done
#13 writing image sha256:b63d9e35e1d27432ba62a0e358b3878140f549eb12be87f86addae674564f405
#13 writing image sha256:b63d9e35e1d27432ba62a0e358b3878140f549eb12be87f86addae674564f405 0.0s done
#13 naming to gcr.io/fuzzbench/base-image done
#13 DONE 0.1s

#14 exporting cache
#14 sha256:2700d4ef94dee473593c5c614b55b2dedcca7893909811a8f2b48291a1f581e4
#14 preparing build cache for export done
#14 DONE 0.0s
#1 [internal] load build definition from Dockerfile
#1 sha256:28bef532a525996d94f7176a77a447797e1ea2d15740fe33451ab7d09f22f65d
#1 transferring dockerfile: 2.22kB done
#1 DONE 0.1s

#2 [internal] load .dockerignore
#2 sha256:6c86cfd0155976fe0093d474d57ee8067d2013bd34f47983288e355ce1cc4cdd
#2 transferring context: 34B done
#2 DONE 0.1s

#7 [base-image 1/1] FROM gcr.io/fuzzbench/base-image
#7 sha256:4d07825694520f8b6f6a0d8592dbd345433361ae044cb7f06706c5a95e3daaad
#7 CACHED

#3 [internal] load metadata for gcr.io/fuzzbench/base-image:latest
#3 sha256:932022888f650cc455b10eb5123bb08c0cccacac29a693e69314abbfd28a72c3
#3 DONE 0.0s

#4 [internal] load metadata for gcr.io/fuzzbench/builders/afl/serde_json_serde_json-intermediate:latest
#4 sha256:617fc1993711898e7e564cd29e552589d55c1ca87e1b3dfd15bd3cfd9ec7de53
#4 DONE 0.0s

#12 [internal] load build context
#12 sha256:38f1b03ebdbbdac9e1e539b69b0b603c4543d0a4b7ba415e97a1e1b530e096ab
#12 DONE 0.0s

#6 [stage-1  1/13] FROM gcr.io/fuzzbench/builders/afl/serde_json_serde_json-intermediate
#6 sha256:5f8250ced1b8ad4464a1041a9263252def5bc77a4982519f6a3063309e892406
#6 DONE 0.0s

#5 importing cache manifest from gcr.io/fuzzbench/builders/afl/serde_json_serde_json
#5 sha256:1da3cb338338b38a13292df0caf83617fae0ab9d460051a21d9aec9abeddcf9e
#5 ERROR: gcr.io/fuzzbench/builders/afl/serde_json_serde_json:latest: not found

#12 [internal] load build context
#12 sha256:38f1b03ebdbbdac9e1e539b69b0b603c4543d0a4b7ba415e97a1e1b530e096ab
#12 transferring context: 669.89kB 0.1s done
#12 DONE 0.2s

#6 [stage-1  1/13] FROM gcr.io/fuzzbench/builders/afl/serde_json_serde_json-intermediate
#6 sha256:5f8250ced1b8ad4464a1041a9263252def5bc77a4982519f6a3063309e892406
#6 DONE 0.7s

#8 [stage-1  2/13] COPY --from=base-image /usr/local/bin/python3* /usr/local/bin/
#8 sha256:e22990b1ca47f5df739cf1189cfbe30bd5473b0f1377ea6b9ac7b469f631a6ad
#8 DONE 0.6s

#9 [stage-1  3/13] COPY --from=base-image /usr/local/lib/python3.8 /usr/local/lib/python3.8
#9 sha256:7ae4f6a69731d4d94c12ccb45b41bfdaa099bd04ff250ed41c153fe198b31d2c
/bin/sh: 1: source: not found
#2 [internal] load .dockerignore
#2 sha256:8630d720b7563a7e633601d4e040c105b9ba425121782ebb53d10e60bf15932f
#2 transferring context: 2B done
#2 DONE 0.3s

#1 [internal] load build definition from Dockerfile
#1 sha256:72aa37782f158038cd89f7558ec59abe21b36801ab85321dc0cab4185be492d8
#1 transferring dockerfile: 32B done
#1 DONE 0.2s

#3 [internal] load metadata for gcr.io/oss-fuzz-base/base-builder:latest
#3 sha256:f10dc39cc9d418a5bc416dead31a1902b6821fdae909cd3b08f7a3fd1faba7b5
#3 DONE 0.4s

#5 [1/7] FROM gcr.io/oss-fuzz-base/base-builder@sha256:41d7bbe7827592680a606c9bba1aeb6e23c7502ce8b633923b06542f4c706e7c
#5 sha256:660db69324ed478291dd329cbbfe422dccbc173f9ab806c069fac341073eab8c
#5 DONE 0.0s

#4 importing cache manifest from gcr.io/fuzzbench/builders/benchmark/serde_json_serde_json
#4 sha256:727dd7d2a38a10f69a2749f64b6391b3780ffff44250b4183d3d0767969b0b89
#4 DONE 0.0s

#11 [internal] load build context
#11 sha256:2b03715430058dbcf619c6a307ac2ade0f2acfcba4ed6ba60b0ac3d1449aa2b4
#11 transferring context: 30B done
#11 DONE 0.1s

#8 [4/7] RUN cargo install cargo-fuzz
#8 sha256:25e6f0ec52401ffe94ba166c1d830778fdf7da2b4e5539ca60ef5dc78910e880
#8 CACHED

#9 [5/7] RUN git clone --depth 1 https://github.com/serde-rs/json json
#9 sha256:9a96d1faa7046b90d39749c5b4b43a7516c710eddf89895e32c9fde305332ce4
#9 CACHED

#10 [6/7] WORKDIR /src
#10 sha256:1d1fc788920b223a8f8f3a7b9b02abe773c2fe3ac19453171fe7e31493fc647e
#10 CACHED

#6 [2/7] RUN apt-get update && apt-get install -y make autoconf automake libtool curl cmake python llvm-dev libclang-dev clang
#6 sha256:c75a0411717db69bbf60117736af833b8ad74f7dd9b8896d6f9e0b767a74abd0
#6 CACHED

#7 [3/7] RUN curl https://sh.rustup.rs | sh -s -- -y --default-toolchain=nightly
#7 sha256:b9f7b35a9ebecbe6423f7c87d66a008f08aa2cf4216e9f9c98e7c2f26be7ac73
#7 CACHED

#12 [7/7] COPY build.sh /src/
#12 sha256:711619f7163d22a5501ef39017572a7134d2ecb62585913773a48d3f72216be0
#12 CACHED

#13 exporting to image
#13 sha256:e8c613e07b0b7ff33893b694f7759a10d42e180f2b4dc349fb57dc6b71dcab00
#13 exporting layers done
#13 writing image sha256:b6521e6a384e13112f2e28510bea3d62d46c4a02f462bc661e681149615333c3 done
#13 naming to gcr.io/fuzzbench/builders/benchmark/serde_json_serde_json done
#13 DONE 0.1s

#14 exporting cache
#14 sha256:2700d4ef94dee473593c5c614b55b2dedcca7893909811a8f2b48291a1f581e4
#14 preparing build cache for export done
#14 DONE 0.0s
#9 DONE 22.2s

#10 [stage-1  4/13] COPY --from=base-image /usr/local/include/python3.8 /usr/local/include/python3.8
#10 sha256:372ab4daa3952bd562deb234d894c639cd1206faeea4b1caab9535c868808b58
#10 DONE 0.2s

#11 [stage-1  5/13] COPY --from=base-image /usr/local/lib/python3.8/site-packages /usr/local/lib/python3.8/site-packages
#11 sha256:ddfa0ebe2f74302eeefb0f2fd5de0d3ae52d4172dccb0d6751ba331b6170d969
#1 [internal] load build definition from builder.Dockerfile
#1 sha256:736d29b8c2728011e2936f5765cb3fff2954c56cd0237c7d4f83dbe5fbec8674
#1 transferring dockerfile: 46B done
#1 DONE 0.0s

#2 [internal] load .dockerignore
#2 sha256:45d180a1f253850d2b7946a76219097af930272bf26ce2e7cd5fced421d405f4
#2 transferring context: 2B done
#2 DONE 0.0s

#3 [internal] load metadata for gcr.io/fuzzbench/builders/benchmark/serde_json_serde_json:latest
#3 sha256:324fcfa6d2fba42293dcb6712343eaf6d848e3283e9c44d8232e94210a67682d
#3 DONE 0.0s

#4 importing cache manifest from gcr.io/fuzzbench/builders/afl/serde_json_serde_json-intermediate
#4 sha256:c21bc456c8a9b65234032b6c9ebeecc26c87c050714bae9a497e307085898e97
#4 DONE 0.0s

#5 [1/3] FROM gcr.io/fuzzbench/builders/benchmark/serde_json_serde_json
#5 sha256:5c740d6521fb69bb99299e0d7a2bc40f0d119c0cac0583f3849d9ebebf298f47
#5 DONE 0.0s

#6 [2/3] RUN git clone https://github.com/google/AFL.git /afl &&     cd /afl &&     git checkout 61037103ae3722c8060ff7082994836a794f978e &&     AFL_NO_X86=1 make
#6 sha256:4e4fd8ba2fc729e975f16664c7d40b80d24a35abd698311fd71726504d659c1a
#6 CACHED

#7 [3/3] RUN apt-get update &&     apt-get install wget -y &&     wget https://raw.githubusercontent.com/llvm/llvm-project/5feb80e748924606531ba28c97fe65145c65372e/compiler-rt/lib/fuzzer/afl/afl_driver.cpp -O /afl/afl_driver.cpp &&     clang -Wno-pointer-sign -c /afl/llvm_mode/afl-llvm-rt.o.c -I/afl &&     clang++ -stdlib=libc++ -std=c++11 -O2 -c /afl/afl_driver.cpp &&     ar r /libAFL.a *.o
#7 sha256:8c323a40b3ebd3cea60b67b385b74643c1316211322f78de3859c91524e93e54
#7 CACHED

#8 exporting to image
#8 sha256:e8c613e07b0b7ff33893b694f7759a10d42e180f2b4dc349fb57dc6b71dcab00
#8 exporting layers done
#8 writing image sha256:f40f75e6e270fce4fd36258fb423006beab3ba35d49e79977469ae67aa5dc18a
#8 writing image sha256:f40f75e6e270fce4fd36258fb423006beab3ba35d49e79977469ae67aa5dc18a done
#8 naming to gcr.io/fuzzbench/builders/afl/serde_json_serde_json-intermediate done
#8 DONE 0.1s

#9 exporting cache
#9 sha256:2700d4ef94dee473593c5c614b55b2dedcca7893909811a8f2b48291a1f581e4
#9 preparing build cache for export done
#9 DONE 0.0s
#1 [internal] load build definition from Dockerfile
#1 sha256:1adcc07bc8afb815302a71cbc52adbba57638ed1b13dfbfb88fe13c6d1bca5b3
#1 transferring dockerfile: 2.00kB done
#1 DONE 0.1s

#2 [internal] load .dockerignore
#2 sha256:ad211176c9e06ffd53a935b2607d58ee9291e66477a749bffd19c4b61631cb47
#2 transferring context: 143B done
#2 DONE 0.1s

#3 [internal] load metadata for docker.io/library/ubuntu:xenial
#3 sha256:f62bae18ed588840f045c881b2502661f2a89578a2f8f99b83f5200ee83dd25b
#3 DONE 0.0s

#4 importing cache manifest from gcr.io/fuzzbench/base-image
#4 sha256:9b220ebb4d4daceed1b96df9b6dca076e762f1cd612574f010b82d5b9e5ad896
#4 DONE 0.0s

#5 [1/7] FROM docker.io/library/ubuntu:xenial
#5 sha256:14dd403f25ae9e519bd44f27dc17af7ce80f5a4f9f48ca88108364e67ec5d360
#5 DONE 0.0s

#8 [internal] load build context
#8 sha256:7606582bebc269aaf582058d001378e01474b263525a30dd1940fc5827241721
#8 transferring context: 559B done
#8 DONE 0.1s

#9 [4/7] COPY ./requirements.txt /
#9 sha256:7f3827fd728fc52739f245bf5b10f5db30a0fa650304a201b42b882ebf079c94
#9 CACHED

#10 [5/7] RUN pip3 install -r /requirements.txt
#10 sha256:99e0716a36b66505731a39c1da0e24fa5f988eb31474df96ccbd66ad1af556a9
#10 CACHED

#11 [6/7] RUN apt-get update -y && apt-get install -y     apt-transport-https     lsb-release
#11 sha256:f1fc86b157d244fe78023f2e5b393df4c25f251b142724fda255fc44e5af1395
#11 CACHED

#6 [2/7] RUN apt-get update -y && apt-get install -y     build-essential     rsync     curl     zlib1g-dev     libncurses5-dev     libgdbm-dev     libnss3-dev     libssl-dev     libreadline-dev     libffi-dev     virtualenv     libbz2-dev     liblzma-dev     libsqlite3-dev
#6 sha256:3a1b0960f17eed529eaae93dc8fd3554f2743dd584d8fa569cdbe6bc734371ac
#6 CACHED

#7 [3/7] RUN cd /tmp/ &&     curl -O https://www.python.org/ftp/python/3.8.6/Python-3.8.6.tar.xz &&     tar -xvf Python-3.8.6.tar.xz &&     cd Python-3.8.6 &&     ./configure --enable-loadable-sqlite-extensions --enable-optimizations &&     make -j install &&     rm -r /tmp/Python-3.8.6.tar.xz /tmp/Python-3.8.6
#7 sha256:c5b9d1fb3371e84dbc60b76e7b2f8d5913bc93bcd4910ab65daa03e7b2ec4bb0
#7 CACHED

#12 [7/7] RUN CLOUD_SDK_REPO="cloud-sdk-$(lsb_release -c -s)" &&     echo "deb https://packages.cloud.google.com/apt $CLOUD_SDK_REPO main"     | tee -a /etc/apt/sources.list.d/google-cloud-sdk.list &&     curl https://packages.cloud.google.com/apt/doc/apt-key.gpg     | apt-key add - &&     apt-get update -y &&     apt-get install -y google-cloud-sdk
#12 sha256:2698a40740b55e40684ec7b599aa0b748850780439823a4320082c8d76594f44
#12 CACHED

#13 exporting to image
#13 sha256:e8c613e07b0b7ff33893b694f7759a10d42e180f2b4dc349fb57dc6b71dcab00
#13 exporting layers done
#13 writing image sha256:b63d9e35e1d27432ba62a0e358b3878140f549eb12be87f86addae674564f405 0.0s done
#13 naming to gcr.io/fuzzbench/base-image done
#13 DONE 0.1s

#14 exporting cache
#14 sha256:2700d4ef94dee473593c5c614b55b2dedcca7893909811a8f2b48291a1f581e4
#14 preparing build cache for export done
#14 DONE 0.0s
#1 [internal] load build definition from Dockerfile
#1 sha256:6a26af4ce1d84721c4b57f1859cb8b6effd52158ae00d1c8039c2630c7523073
#1 transferring dockerfile: 2.22kB done
#1 DONE 0.0s

#2 [internal] load .dockerignore
#2 sha256:9b1f5f9a91d06c5e424049c477e5965bfd9c74ea6659eab9b5c15e265e20c597
#2 transferring context: 34B done
#2 DONE 0.0s

#3 [internal] load metadata for gcr.io/fuzzbench/builders/afl/serde_json_serde_json-intermediate:latest
#3 sha256:617fc1993711898e7e564cd29e552589d55c1ca87e1b3dfd15bd3cfd9ec7de53
#3 DONE 0.0s

#7 [base-image 1/1] FROM gcr.io/fuzzbench/base-image
#7 sha256:4d07825694520f8b6f6a0d8592dbd345433361ae044cb7f06706c5a95e3daaad
#7 CACHED

#6 [stage-1  1/13] FROM gcr.io/fuzzbench/builders/afl/serde_json_serde_json-intermediate
#6 sha256:5f8250ced1b8ad4464a1041a9263252def5bc77a4982519f6a3063309e892406
#6 DONE 0.7s

#8 [stage-1  2/13] COPY --from=base-image /usr/local/bin/python3* /usr/local/bin/
#8 sha256:e22990b1ca47f5df739cf1189cfbe30bd5473b0f1377ea6b9ac7b469f631a6ad
#8 DONE 0.6s

#9 [stage-1  3/13] COPY --from=base-image /usr/local/lib/python3.8 /usr/local/lib/python3.8
#9 sha256:7ae4f6a69731d4d94c12ccb45b41bfdaa099bd04ff250ed41c153fe198b31d2c
#9 DONE 22.2s

#10 [stage-1  4/13] COPY --from=base-image /usr/local/include/python3.8 /usr/local/include/python3.8
#10 sha256:372ab4daa3952bd562deb234d894c639cd1206faeea4b1caab9535c868808b58
#10 DONE 0.2s

#4 [internal] load metadata for gcr.io/fuzzbench/base-image:latest
#4 sha256:932022888f650cc455b10eb5123bb08c0cccacac29a693e69314abbfd28a72c3
#4 DONE 0.0s

#12 [internal] load build context
#12 sha256:4801a2070ce79936b216ed681573fb6812d83b2483ea2382339ef879231f883a
#12 DONE 0.0s

#11 [stage-1  5/13] COPY --from=base-image /usr/local/lib/python3.8/site-packages /usr/local/lib/python3.8/site-packages
#11 sha256:ddfa0ebe2f74302eeefb0f2fd5de0d3ae52d4172dccb0d6751ba331b6170d969
#11 ...

#5 importing cache manifest from gcr.io/fuzzbench/builders/afl/serde_json_serde_json
#5 sha256:1da3cb338338b38a13292df0caf83617fae0ab9d460051a21d9aec9abeddcf9e
#5 ERROR: gcr.io/fuzzbench/builders/afl/serde_json_serde_json:latest: not found

#12 [internal] load build context
#12 sha256:4801a2070ce79936b216ed681573fb6812d83b2483ea2382339ef879231f883a
#12 transferring context: 669.89kB 0.1s done
#12 DONE 0.3s

#11 [stage-1  5/13] COPY --from=base-image /usr/local/lib/python3.8/site-packages /usr/local/lib/python3.8/site-packages
#11 sha256:ddfa0ebe2f74302eeefb0f2fd5de0d3ae52d4172dccb0d6751ba331b6170d969
#11 DONE 54.1s
#11 DONE 54.1s

#13 [stage-1  6/13] COPY fuzzers /src/fuzzers
#13 sha256:0e7c47af3164321b35493af5b015ab149153e5e29ca88615fef722555238ad56
#13 DONE 3.3s

#14 [stage-1  7/13] RUN touch /src/__init__.py
#14 sha256:9065b9f54f95d9f5ced046b6ca64aa86ffa35fed6ae1eff9824b330143aae5a4
#14 DONE 9.9s

#15 [stage-1  8/13] COPY benchmarks/serde_json_serde_json/benchmark.yaml /
#15 sha256:b361cc21e1a0b81fcd8032c974c807712b743a2c7ab461faef98389be9c5d7c4
#15 DONE 0.4s

#16 [stage-1  9/13] RUN mkdir /opt/fuzzbench/
#16 sha256:22bed20099f653878dff50eaec57f189cb759aa46aa9f3e79773bebee091db3b
#16 DONE 0.6s

#17 [stage-1 10/13] COPY docker/benchmark-builder/checkout_commit.py /opt/fuzzbench/
#17 sha256:bae9303da6753c288bd9b83248d79bc757b6ff0dab5af65c88c14dac4e89313d
#17 DONE 0.3s

#18 [stage-1 11/13] RUN export CHECKOUT_COMMIT=$(cat /benchmark.yaml | tr -d ' ' | grep 'commit:' | cut -d ':' -f2) &&     python3 -u /opt/fuzzbench/checkout_commit.py $CHECKOUT_COMMIT /src
#18 sha256:d29bc88d030a2423a169e09e1a0075b8c0e7a4d61e3912e0ed1c0da9350cae39
#18 0.495 Checking out commit a019d8a7
#18 5.088 From https://github.com/serde-rs/json
#18 5.088  * [new tag]         v0.6.0     -> v0.6.0
#18 5.089  * [new tag]         v0.7.0     -> v0.7.0
#18 5.089  * [new tag]         v0.7.1     -> v0.7.1
#18 5.089  * [new tag]         v0.7.2     -> v0.7.2
#18 5.089  * [new tag]         v0.7.3     -> v0.7.3
#18 5.090  * [new tag]         v0.7.4     -> v0.7.4
#18 5.090  * [new tag]         v0.8.0     -> v0.8.0
#18 5.090  * [new tag]         v0.8.0-rc1 -> v0.8.0-rc1
#18 5.090  * [new tag]         v0.8.1     -> v0.8.1
#18 5.091  * [new tag]         v0.8.2     -> v0.8.2
#18 5.091  * [new tag]         v0.8.3     -> v0.8.3
#18 5.091  * [new tag]         v0.8.4     -> v0.8.4
#18 5.092  * [new tag]         v0.8.5     -> v0.8.5
#18 5.092  * [new tag]         v0.8.6     -> v0.8.6
#18 5.092  * [new tag]         v0.9.0     -> v0.9.0
#18 5.093  * [new tag]         v0.9.0-rc1 -> v0.9.0-rc1
#18 5.093  * [new tag]         v0.9.0-rc2 -> v0.9.0-rc2
#18 5.093  * [new tag]         v0.9.0-rc3 -> v0.9.0-rc3
#18 5.094  * [new tag]         v0.9.1     -> v0.9.1
#18 5.094  * [new tag]         v0.9.10    -> v0.9.10
#18 5.094  * [new tag]         v0.9.2     -> v0.9.2
#18 5.095  * [new tag]         v0.9.3     -> v0.9.3
#18 5.095  * [new tag]         v0.9.4     -> v0.9.4
#18 5.095  * [new tag]         v0.9.5     -> v0.9.5
#18 5.095  * [new tag]         v0.9.6     -> v0.9.6
#18 5.095  * [new tag]         v0.9.7     -> v0.9.7
#18 5.096  * [new tag]         v0.9.8     -> v0.9.8
#18 5.096  * [new tag]         v0.9.9     -> v0.9.9
#18 5.096  * [new tag]         v1.0.0     -> v1.0.0
#18 5.096  * [new tag]         v1.0.1     -> v1.0.1
#18 5.096  * [new tag]         v1.0.10    -> v1.0.10
#18 5.097  * [new tag]         v1.0.11    -> v1.0.11
#18 5.097  * [new tag]         v1.0.12    -> v1.0.12
#18 5.097  * [new tag]         v1.0.13    -> v1.0.13
#18 5.097  * [new tag]         v1.0.14    -> v1.0.14
#18 5.097  * [new tag]         v1.0.15    -> v1.0.15
#18 5.098  * [new tag]         v1.0.16    -> v1.0.16
#18 5.098  * [new tag]         v1.0.17    -> v1.0.17
#18 5.098  * [new tag]         v1.0.18    -> v1.0.18
#18 5.098  * [new tag]         v1.0.19    -> v1.0.19
#18 5.099  * [new tag]         v1.0.2     -> v1.0.2
#18 5.099  * [new tag]         v1.0.20    -> v1.0.20
#18 5.099  * [new tag]         v1.0.21    -> v1.0.21
#18 5.099  * [new tag]         v1.0.22    -> v1.0.22
#18 5.100  * [new tag]         v1.0.23    -> v1.0.23
#18 5.100  * [new tag]         v1.0.24    -> v1.0.24
#18 5.100  * [new tag]         v1.0.25    -> v1.0.25
#18 5.101  * [new tag]         v1.0.26    -> v1.0.26
#18 5.101  * [new tag]         v1.0.27    -> v1.0.27
#18 5.101  * [new tag]         v1.0.28    -> v1.0.28
#18 5.101  * [new tag]         v1.0.29    -> v1.0.29
#18 5.102  * [new tag]         v1.0.3     -> v1.0.3
#18 5.102  * [new tag]         v1.0.30    -> v1.0.30
#18 5.102  * [new tag]         v1.0.31    -> v1.0.31
#18 5.103  * [new tag]         v1.0.32    -> v1.0.32
#18 5.103  * [new tag]         v1.0.33    -> v1.0.33
#18 5.103  * [new tag]         v1.0.34    -> v1.0.34
#18 5.103  * [new tag]         v1.0.35    -> v1.0.35
#18 5.104  * [new tag]         v1.0.36    -> v1.0.36
#18 5.104  * [new tag]         v1.0.37    -> v1.0.37
#18 5.104  * [new tag]         v1.0.38    -> v1.0.38
#18 5.104  * [new tag]         v1.0.39    -> v1.0.39
#18 5.105  * [new tag]         v1.0.4     -> v1.0.4
#18 5.105  * [new tag]         v1.0.40    -> v1.0.40
#18 5.105  * [new tag]         v1.0.41    -> v1.0.41
#18 5.105  * [new tag]         v1.0.42    -> v1.0.42
#18 5.106  * [new tag]         v1.0.43    -> v1.0.43
#18 5.106  * [new tag]         v1.0.44    -> v1.0.44
#18 5.106  * [new tag]         v1.0.45    -> v1.0.45
#18 5.106  * [new tag]         v1.0.46    -> v1.0.46
#18 5.106  * [new tag]         v1.0.47    -> v1.0.47
#18 5.107  * [new tag]         v1.0.48    -> v1.0.48
#18 5.107  * [new tag]         v1.0.49    -> v1.0.49
#18 5.107  * [new tag]         v1.0.5     -> v1.0.5
#18 5.107  * [new tag]         v1.0.50    -> v1.0.50
#18 5.107  * [new tag]         v1.0.51    -> v1.0.51
#18 5.108  * [new tag]         v1.0.52    -> v1.0.52
#18 5.108  * [new tag]         v1.0.53    -> v1.0.53
#18 5.108  * [new tag]         v1.0.54    -> v1.0.54
#18 5.108  * [new tag]         v1.0.55    -> v1.0.55
#18 5.109  * [new tag]         v1.0.56    -> v1.0.56
#18 5.109  * [new tag]         v1.0.57    -> v1.0.57
#18 5.109  * [new tag]         v1.0.58    -> v1.0.58
#18 5.109  * [new tag]         v1.0.59    -> v1.0.59
#18 5.110  * [new tag]         v1.0.6     -> v1.0.6
#18 5.110  * [new tag]         v1.0.60    -> v1.0.60
#18 5.110  * [new tag]         v1.0.61    -> v1.0.61
#18 5.110  * [new tag]         v1.0.62    -> v1.0.62
#18 5.110  * [new tag]         v1.0.63    -> v1.0.63
#18 5.111  * [new tag]         v1.0.64    -> v1.0.64
#18 5.111  * [new tag]         v1.0.65    -> v1.0.65
#18 5.111  * [new tag]         v1.0.66    -> v1.0.66
#18 5.111  * [new tag]         v1.0.67    -> v1.0.67
#18 5.112  * [new tag]         v1.0.68    -> v1.0.68
#18 5.112  * [new tag]         v1.0.69    -> v1.0.69
#18 5.112  * [new tag]         v1.0.7     -> v1.0.7
#18 5.112  * [new tag]         v1.0.70    -> v1.0.70
#18 5.112  * [new tag]         v1.0.71    -> v1.0.71
#18 5.113  * [new tag]         v1.0.72    -> v1.0.72
#18 5.113  * [new tag]         v1.0.73    -> v1.0.73
#18 5.113  * [new tag]         v1.0.74    -> v1.0.74
#18 5.113  * [new tag]         v1.0.75    -> v1.0.75
#18 5.114  * [new tag]         v1.0.76    -> v1.0.76
#18 5.114  * [new tag]         v1.0.77    -> v1.0.77
#18 5.114  * [new tag]         v1.0.78    -> v1.0.78
#18 5.114  * [new tag]         v1.0.8     -> v1.0.8
#18 5.114  * [new tag]         v1.0.9     -> v1.0.9
#18 5.120 error: pathspec 'a019d8a7' did not match any file(s) known to git
#18 5.126 error: pathspec 'a019d8a7' did not match any file(s) known to git
#18 5.132 error: pathspec 'a019d8a7' did not match any file(s) known to git
#18 5.173 Checkout unsuccessful.
#18 DONE 6.2s

#19 [stage-1 12/13] RUN echo "#!/bin/bash\nPYTHONPATH=/src python3 -u -c "from fuzzers import utils; utils.initialize_env(); from fuzzers.afl import fuzzer; fuzzer.build()"" > /usr/bin/fuzzer_build &&     chmod +x /usr/bin/fuzzer_build
#19 sha256:1311960657b1db1738ca26300310fcf9709d859810575aa1446ec037137e5e8a
#19 DONE 1.2s

#20 [stage-1 13/13] RUN echo "Run fuzzer_build to build the target" && if [ -z "$debug_builder" ] ; then fuzzer_build; fi
#20 sha256:8be007276bde7fdd67d1c9538651dc76092aea38018b87b2c0d14b0805138c0f
#20 0.580 Run fuzzer_build to build the target
#20 0.695 FUZZ_TARGET = serde_json
#20 0.695 CFLAGS = -DFUZZING_BUILD_MODE_UNSAFE_FOR_PRODUCTION -pthread -Wl,--no-as-needed -Wl,-ldl -Wl,-lm -Wno-unused-command-line-argument -O3
#20 0.695 CXXFLAGS = -DFUZZING_BUILD_MODE_UNSAFE_FOR_PRODUCTION -pthread -Wl,--no-as-needed -Wl,-ldl -Wl,-lm -Wno-unused-command-line-argument -stdlib=libc++ -O3
#20 0.702 Building benchmark serde_json_serde_json with fuzzer afl
#20 0.704 + export CUSTOM_LIBFUZZER_PATH=/usr/lib/libFuzzingEngine.a
#20 0.704 + CUSTOM_LIBFUZZER_PATH=/usr/lib/libFuzzingEngine.a
#20 0.704 + export CUSTOM_LIBFUZZER_STD_CXX=c++
#20 0.704 + CUSTOM_LIBFUZZER_STD_CXX=c++
#20 0.704 + export 'CFLAGS=-O1 -fno-omit-frame-pointer -gline-tables-only -DFUZZING_BUILD_MODE_UNSAFE_FOR_PRODUCTION'
#20 0.704 + CFLAGS='-O1 -fno-omit-frame-pointer -gline-tables-only -DFUZZING_BUILD_MODE_UNSAFE_FOR_PRODUCTION'
#20 0.704 + export CXXFLAGS_EXTRA=-stdlib=libc++
#20 0.704 + CXXFLAGS_EXTRA=-stdlib=libc++
#20 0.704 + export 'CXXFLAGS=-O1 -fno-omit-frame-pointer -gline-tables-only -DFUZZING_BUILD_MODE_UNSAFE_FOR_PRODUCTION -stdlib=libc++'
#20 0.704 + CXXFLAGS='-O1 -fno-omit-frame-pointer -gline-tables-only -DFUZZING_BUILD_MODE_UNSAFE_FOR_PRODUCTION -stdlib=libc++'
#20 0.704 + export 'RUSTFLAGS=-Cdebuginfo=1 -Cforce-frame-pointers'
#20 0.704 + RUSTFLAGS='-Cdebuginfo=1 -Cforce-frame-pointers'
#20 0.705 + cd /src/json
#20 0.705 + cargo fuzz build -O
#20 1.992     Updating crates.io index
#20 3.092  Downloading crates ...
#20 3.334   Downloaded once_cell v1.9.0
#20 3.343   Downloaded arbitrary v1.1.0
#20 3.358   Downloaded libfuzzer-sys v0.4.2
#20 3.592    Compiling cc v1.0.73
#20 3.592    Compiling serde v1.0.136
#20 3.592    Compiling serde_json v1.0.79 (/src/json)
#20 3.592    Compiling itoa v1.0.1
#20 3.593    Compiling once_cell v1.9.0
#20 3.593    Compiling ryu v1.0.9
#20 3.595    Compiling arbitrary v1.1.0
#20 5.354    Compiling libfuzzer-sys v0.4.2
#20 27.10    Compiling serde_json-fuzz v0.0.0 (/src/json/fuzz)
#20 34.30 error: linking with `cc` failed: exit status: 1
#20 34.30   |
#20 34.30   = note: "cc" "-m64" "-Wl,-Bstatic" "-Wl,--whole-archive" "/rust/rustup/toolchains/nightly-x86_64-unknown-linux-gnu/lib/rustlib/x86_64-unknown-linux-gnu/lib/librustc-nightly_rt.asan.a" "-Wl,--no-whole-archive" "/src/json/fuzz/target/x86_64-unknown-linux-gnu/release/deps/from_slice-abf148a7caffa235.from_slice.67db1af1-cgu.0.rcgu.o" "/src/json/fuzz/target/x86_64-unknown-linux-gnu/release/deps/from_slice-abf148a7caffa235.4gwuu1no7pkd8ko6.rcgu.o" "-Wl,--as-needed" "-L" "/src/json/fuzz/target/x86_64-unknown-linux-gnu/release/deps" "-L" "/src/json/fuzz/target/release/deps" "-L" "/usr/lib" "-L" "/rust/rustup/toolchains/nightly-x86_64-unknown-linux-gnu/lib/rustlib/x86_64-unknown-linux-gnu/lib" "/src/json/fuzz/target/x86_64-unknown-linux-gnu/release/deps/libserde_json-51146a982f6ccb5b.rlib" "/src/json/fuzz/target/x86_64-unknown-linux-gnu/release/deps/libryu-ac7e9794bfa20e69.rlib" "/src/json/fuzz/target/x86_64-unknown-linux-gnu/release/deps/libitoa-166363bfbcb81e3c.rlib" "/src/json/fuzz/target/x86_64-unknown-linux-gnu/release/deps/libserde-b282c9e03b647af5.rlib" "/src/json/fuzz/target/x86_64-unknown-linux-gnu/release/deps/liblibfuzzer_sys-979599ae2e238a4c.rlib" "/src/json/fuzz/target/x86_64-unknown-linux-gnu/release/deps/libonce_cell-0fcec6d9dba9528f.rlib" "/src/json/fuzz/target/x86_64-unknown-linux-gnu/release/deps/libarbitrary-3d9ac33839c0dedf.rlib" "-Wl,--start-group" "/rust/rustup/toolchains/nightly-x86_64-unknown-linux-gnu/lib/rustlib/x86_64-unknown-linux-gnu/lib/libstd-1b64d5fe7a3c3d7f.rlib" "/rust/rustup/toolchains/nightly-x86_64-unknown-linux-gnu/lib/rustlib/x86_64-unknown-linux-gnu/lib/libpanic_unwind-e7f86684b9679284.rlib" "/rust/rustup/toolchains/nightly-x86_64-unknown-linux-gnu/lib/rustlib/x86_64-unknown-linux-gnu/lib/libminiz_oxide-546bece8dd1bea42.rlib" "/rust/rustup/toolchains/nightly-x86_64-unknown-linux-gnu/lib/rustlib/x86_64-unknown-linux-gnu/lib/libadler-9b358af16d7d7aa1.rlib" "/rust/rustup/toolchains/nightly-x86_64-unknown-linux-gnu/lib/rustlib/x86_64-unknown-linux-gnu/lib/libobject-10a87791239bd676.rlib" "/rust/rustup/toolchains/nightly-x86_64-unknown-linux-gnu/lib/rustlib/x86_64-unknown-linux-gnu/lib/libmemchr-0e6cad6dd623d38e.rlib" "/rust/rustup/toolchains/nightly-x86_64-unknown-linux-gnu/lib/rustlib/x86_64-unknown-linux-gnu/lib/libaddr2line-9d05dd05a4d51b33.rlib" "/rust/rustup/toolchains/nightly-x86_64-unknown-linux-gnu/lib/rustlib/x86_64-unknown-linux-gnu/lib/libgimli-a60ff138fe1adfad.rlib" "/rust/rustup/toolchains/nightly-x86_64-unknown-linux-gnu/lib/rustlib/x86_64-unknown-linux-gnu/lib/librustc_demangle-0e9344458c09713e.rlib" "/rust/rustup/toolchains/nightly-x86_64-unknown-linux-gnu/lib/rustlib/x86_64-unknown-linux-gnu/lib/libstd_detect-ef3b808d96f639bf.rlib" "/rust/rustup/toolchains/nightly-x86_64-unknown-linux-gnu/lib/rustlib/x86_64-unknown-linux-gnu/lib/libhashbrown-e3ce420901586b53.rlib" "/rust/rustup/toolchains/nightly-x86_64-unknown-linux-gnu/lib/rustlib/x86_64-unknown-linux-gnu/lib/librustc_std_workspace_alloc-554cd499fe1a3b52.rlib" "/rust/rustup/toolchains/nightly-x86_64-unknown-linux-gnu/lib/rustlib/x86_64-unknown-linux-gnu/lib/libunwind-d105877dbe329cd1.rlib" "/rust/rustup/toolchains/nightly-x86_64-unknown-linux-gnu/lib/rustlib/x86_64-unknown-linux-gnu/lib/libcfg_if-8fec8a74c706e4b4.rlib" "/rust/rustup/toolchains/nightly-x86_64-unknown-linux-gnu/lib/rustlib/x86_64-unknown-linux-gnu/lib/liblibc-e869a247063ed69a.rlib" "/rust/rustup/toolchains/nightly-x86_64-unknown-linux-gnu/lib/rustlib/x86_64-unknown-linux-gnu/lib/liballoc-4896c4057dc9553a.rlib" "/rust/rustup/toolchains/nightly-x86_64-unknown-linux-gnu/lib/rustlib/x86_64-unknown-linux-gnu/lib/librustc_std_workspace_core-2a6a2797f7a73818.rlib" "/rust/rustup/toolchains/nightly-x86_64-unknown-linux-gnu/lib/rustlib/x86_64-unknown-linux-gnu/lib/libcore-0e3656b1fda5fd7b.rlib" "-Wl,--end-group" "/rust/rustup/toolchains/nightly-x86_64-unknown-linux-gnu/lib/rustlib/x86_64-unknown-linux-gnu/lib/libcompiler_builtins-1f103368fa522bc0.rlib" "-Wl,-Bdynamic" "-lc++" "-lgcc_s" "-lutil" "-lrt" "-lpthread" "-lm" "-ldl" "-lc" "-Wl,--eh-frame-hdr" "-Wl,-znoexecstack" "-L" "/rust/rustup/toolchains/nightly-x86_64-unknown-linux-gnu/lib/rustlib/x86_64-unknown-linux-gnu/lib" "-o" "/src/json/fuzz/target/x86_64-unknown-linux-gnu/release/deps/from_slice-abf148a7caffa235" "-pie" "-Wl,-zrelro,-znow" "-Wl,-O1" "-nodefaultlibs"
#20 34.30   = note: /usr/bin/ld: /src/json/fuzz/target/x86_64-unknown-linux-gnu/release/deps/liblibfuzzer_sys-979599ae2e238a4c.rlib(afl_driver.o): relocation R_X86_64_32 against `.rodata.str1.1' can not be used when making a PIE object; recompile with -fPIE
#20 34.30           /usr/bin/ld: /src/json/fuzz/target/x86_64-unknown-linux-gnu/release/deps/liblibfuzzer_sys-979599ae2e238a4c.rlib(afl-llvm-rt.o.o): relocation R_X86_64_32S against `.data' can not be used when making a PIE object; recompile with -fPIE
#20 34.30           collect2: error: ld returned 1 exit status
#20 34.30           
#20 34.30 
#20 34.31 error: could not compile `serde_json-fuzz` due to previous error
#20 34.31 Error: failed to build fuzz script: "cargo" "build" "--manifest-path" "/src/json/fuzz/Cargo.toml" "--target" "x86_64-unknown-linux-gnu" "--release" "--bins"
#20 34.32 Traceback (most recent call last):
#20 34.32   File "<string>", line 1, in <module>
#20 34.32   File "/src/fuzzers/afl/fuzzer.py", line 40, in build
#20 34.32     utils.build_benchmark()
#20 34.32   File "/src/fuzzers/utils.py", line 82, in build_benchmark
#20 34.32     subprocess.check_call(['/bin/bash', '-ex', build_script], env=env)
#20 34.32   File "/usr/local/lib/python3.8/subprocess.py", line 364, in check_call
#20 34.32     raise CalledProcessError(retcode, cmd)
#20 34.32 subprocess.CalledProcessError: Command '['/bin/bash', '-ex', '/src/build.sh']' returned non-zero exit status 1.
------
 > importing cache manifest from gcr.io/fuzzbench/builders/afl/serde_json_serde_json:
------
executor failed running [/bin/sh -c echo "Run fuzzer_build to build the target" && if [ -z "$debug_builder" ] ; then fuzzer_build; fi]: exit code: 1
#20 ERROR: executor failed running [/bin/sh -c echo "Run fuzzer_build to build the target" && if [ -z "$debug_builder" ] ; then fuzzer_build; fi]: exit code: 1
------
 > importing cache manifest from gcr.io/fuzzbench/builders/afl/serde_json_serde_json:
------
------
 > [stage-1 13/13] RUN echo "Run fuzzer_build to build the target" && if [ -z "$debug_builder" ] ; then fuzzer_build; fi:
------
executor failed running [/bin/sh -c echo "Run fuzzer_build to build the target" && if [ -z "$debug_builder" ] ; then fuzzer_build; fi]: exit code: 1
make: *** [docker/generated.mk:2835287: .afl-serde_json_serde_json-builder] Error 1
make: *** [docker/generated.mk:2835287: .afl-serde_json_serde_json-builder] Error 1
