WARNING:root:gcloud not found in PATH.
INFO:root:Successfully integrated benchmark: clickhouse_clickhouse.
INFO:root:Please run "make test-run-afl-clickhouse_clickhouse" to test integration.
#1 [internal] load build definition from Dockerfile
#1 sha256:0fbd43b5e0607356b57b1e280ae40c1dd8d679581061a8ac9abb63d97af80727
#1 transferring dockerfile: 1.68kB done
#1 DONE 0.3s

#2 [internal] load .dockerignore
#2 sha256:4a92fec023aa402b974198ad1e32dc54a752062b27d884a5313ec04a0a308f69
#2 transferring context: 2B done
#2 DONE 0.3s

#3 [internal] load metadata for gcr.io/oss-fuzz-base/base-builder:latest
#3 sha256:f10dc39cc9d418a5bc416dead31a1902b6821fdae909cd3b08f7a3fd1faba7b5
#3 DONE 0.5s

#4 [1/8] FROM gcr.io/oss-fuzz-base/base-builder@sha256:4ad017ca53699eda684c1c444948c93a4af848fe34baee3a765d3c4693fe6a56
#4 sha256:3f10b3978a3951f6e2692fa5e5890ee5a755650381dedece7198ed0b1dcdaa8c
#4 DONE 0.0s

#11 [internal] load build context
#11 sha256:2e5597dd70c1ea9469820c7b009e0df05750568566000f6d52bfdc8d74ee3280
#11 DONE 0.0s

#13 importing cache manifest from gcr.io/fuzzbench/builders/benchmark/clickhouse_clickhouse
#13 sha256:7fb42213e4fd05e00b69212424c6ed74c86b4003db08ea840656c421ae979e9e
#13 ERROR: gcr.io/fuzzbench/builders/benchmark/clickhouse_clickhouse:latest: not found

#4 [1/8] FROM gcr.io/oss-fuzz-base/base-builder@sha256:4ad017ca53699eda684c1c444948c93a4af848fe34baee3a765d3c4693fe6a56
#4 sha256:3f10b3978a3951f6e2692fa5e5890ee5a755650381dedece7198ed0b1dcdaa8c
#4 CACHED

#11 [internal] load build context
#11 sha256:2e5597dd70c1ea9469820c7b009e0df05750568566000f6d52bfdc8d74ee3280
#11 transferring context: 2.80kB done
#11 DONE 0.2s

#5 [2/8] RUN apt-get update -y     && env DEBIAN_FRONTEND=noninteractive         apt-get install --yes --no-install-recommends             bash             wget             curl             expect             ninja-build             perl             pkg-config             python             python-lxml             python-requests             python-termcolor             sudo             tzdata
#5 sha256:24170e86a88bf3749eee468b7c8f653e4a5e388790da6713c544a220ee8c3e6e
#5 0.806 Hit:1 http://ppa.launchpad.net/git-core/ppa/ubuntu focal InRelease
#5 0.806 Hit:2 http://archive.ubuntu.com/ubuntu focal InRelease
#5 0.809 Get:3 http://archive.ubuntu.com/ubuntu focal-updates InRelease [114 kB]
#5 0.909 Get:4 http://archive.ubuntu.com/ubuntu focal-backports InRelease [108 kB]
#5 0.925 Get:5 http://security.ubuntu.com/ubuntu focal-security InRelease [114 kB]
#5 1.347 Get:6 http://archive.ubuntu.com/ubuntu focal-updates/universe amd64 Packages [1134 kB]
#5 1.716 Get:7 http://archive.ubuntu.com/ubuntu focal-updates/main i386 Packages [752 kB]
#5 1.772 Get:8 http://archive.ubuntu.com/ubuntu focal-updates/main amd64 Packages [1973 kB]
#5 1.919 Get:9 http://archive.ubuntu.com/ubuntu focal-updates/universe i386 Packages [827 kB]
#5 1.962 Get:10 http://security.ubuntu.com/ubuntu focal-security/main amd64 Packages [1547 kB]
#5 1.983 Get:11 http://archive.ubuntu.com/ubuntu focal-backports/universe amd64 Packages [24.8 kB]
#5 1.985 Get:12 http://archive.ubuntu.com/ubuntu focal-backports/universe i386 Packages [13.1 kB]
#5 2.596 Fetched 6607 kB in 2s (3637 kB/s)
#5 2.596 Reading package lists...
#5 4.319 Reading package lists...
#5 5.725 Building dependency tree...
#5 5.934 Reading state information...
#5 5.967 E: Unable to locate package python-requests
#5 5.967 E: Unable to locate package python-termcolor
#5 ERROR: executor failed running [/bin/sh -c apt-get update -y     && env DEBIAN_FRONTEND=noninteractive         apt-get install --yes --no-install-recommends             bash             wget             curl             expect             ninja-build             perl             pkg-config             python             python-lxml             python-requests             python-termcolor             sudo             tzdata]: exit code: 100
------
 > importing cache manifest from gcr.io/fuzzbench/builders/benchmark/clickhouse_clickhouse:
------
------
 > [2/8] RUN apt-get update -y     && env DEBIAN_FRONTEND=noninteractive         apt-get install --yes --no-install-recommends             bash             wget             curl             expect             ninja-build             perl             pkg-config             python             python-lxml             python-requests             python-termcolor             sudo             tzdata:
------
executor failed running [/bin/sh -c apt-get update -y     && env DEBIAN_FRONTEND=noninteractive         apt-get install --yes --no-install-recommends             bash             wget             curl             expect             ninja-build             perl             pkg-config             python             python-lxml             python-requests             python-termcolor             sudo             tzdata]: exit code: 100
make: *** [docker/generated.mk:8733: .clickhouse_clickhouse-project-builder] Error 1
/bin/sh: 1: source: not found
#1 [internal] load build definition from Dockerfile
#1 sha256:9a151fa503d3434473dafa00f3744c66b4a624dd2da6d0dd4744df3fd595d4fb
#1 transferring dockerfile: 32B done
#1 DONE 0.1s

#2 [internal] load .dockerignore
#2 sha256:4555d845728652a96881d5e5224bc7f7fc944d3e6f5fc55f9cac5bb7946e6a2d
#2 transferring context: 2B done
#2 DONE 0.1s

#3 [internal] load metadata for gcr.io/oss-fuzz-base/base-builder:latest
#3 sha256:f10dc39cc9d418a5bc416dead31a1902b6821fdae909cd3b08f7a3fd1faba7b5
#3 DONE 0.4s

#12 [internal] load build context
#12 sha256:6f41ad5c2662b6b7761aa45e6bbf7f1896aafbd6857afd9864f5d5aeeee8f663
#12 DONE 0.0s

#5 [1/8] FROM gcr.io/oss-fuzz-base/base-builder@sha256:4ad017ca53699eda684c1c444948c93a4af848fe34baee3a765d3c4693fe6a56
#5 sha256:3f10b3978a3951f6e2692fa5e5890ee5a755650381dedece7198ed0b1dcdaa8c
#5 DONE 0.0s

#4 importing cache manifest from gcr.io/fuzzbench/builders/benchmark/clickhouse_clickhouse
#4 sha256:7fb42213e4fd05e00b69212424c6ed74c86b4003db08ea840656c421ae979e9e
#4 ERROR: gcr.io/fuzzbench/builders/benchmark/clickhouse_clickhouse:latest: not found

#5 [1/8] FROM gcr.io/oss-fuzz-base/base-builder@sha256:4ad017ca53699eda684c1c444948c93a4af848fe34baee3a765d3c4693fe6a56
#5 sha256:3f10b3978a3951f6e2692fa5e5890ee5a755650381dedece7198ed0b1dcdaa8c
#5 CACHED

#12 [internal] load build context
#12 sha256:6f41ad5c2662b6b7761aa45e6bbf7f1896aafbd6857afd9864f5d5aeeee8f663
#12 transferring context: 30B done
#12 DONE 0.1s

#6 [2/8] RUN apt-get update -y     && env DEBIAN_FRONTEND=noninteractive         apt-get install --yes --no-install-recommends             bash             wget             curl             expect             ninja-build             perl             pkg-config             python             python-lxml             python-requests             python-termcolor             sudo             tzdata
#6 sha256:24170e86a88bf3749eee468b7c8f653e4a5e388790da6713c544a220ee8c3e6e
#6 0.687 Hit:1 http://archive.ubuntu.com/ubuntu focal InRelease
#6 0.687 Get:2 http://archive.ubuntu.com/ubuntu focal-updates InRelease [114 kB]
#6 0.687 Hit:3 http://ppa.launchpad.net/git-core/ppa/ubuntu focal InRelease
#6 0.749 Get:4 http://archive.ubuntu.com/ubuntu focal-backports InRelease [108 kB]
#6 0.773 Get:5 http://security.ubuntu.com/ubuntu focal-security InRelease [114 kB]
#6 1.221 Get:6 http://archive.ubuntu.com/ubuntu focal-updates/main i386 Packages [752 kB]
#6 1.324 Get:7 http://archive.ubuntu.com/ubuntu focal-updates/universe i386 Packages [827 kB]
#6 1.386 Get:8 http://archive.ubuntu.com/ubuntu focal-updates/main amd64 Packages [1973 kB]
#6 1.532 Get:9 http://archive.ubuntu.com/ubuntu focal-updates/universe amd64 Packages [1134 kB]
#6 1.612 Get:10 http://security.ubuntu.com/ubuntu focal-security/main amd64 Packages [1547 kB]
#6 1.618 Get:11 http://archive.ubuntu.com/ubuntu focal-backports/universe i386 Packages [13.1 kB]
#6 1.619 Get:12 http://archive.ubuntu.com/ubuntu focal-backports/universe amd64 Packages [24.8 kB]
#6 2.174 Fetched 6607 kB in 2s (4129 kB/s)
#6 2.174 Reading package lists...
#6 3.694 Reading package lists...
#6 5.096 Building dependency tree...
#6 5.306 Reading state information...
#6 5.339 E: Unable to locate package python-requests
#6 5.339 E: Unable to locate package python-termcolor
#6 ERROR: executor failed running [/bin/sh -c apt-get update -y     && env DEBIAN_FRONTEND=noninteractive         apt-get install --yes --no-install-recommends             bash             wget             curl             expect             ninja-build             perl             pkg-config             python             python-lxml             python-requests             python-termcolor             sudo             tzdata]: exit code: 100
------
 > importing cache manifest from gcr.io/fuzzbench/builders/benchmark/clickhouse_clickhouse:
------
------
 > [2/8] RUN apt-get update -y     && env DEBIAN_FRONTEND=noninteractive         apt-get install --yes --no-install-recommends             bash             wget             curl             expect             ninja-build             perl             pkg-config             python             python-lxml             python-requests             python-termcolor             sudo             tzdata:
------
executor failed running [/bin/sh -c apt-get update -y     && env DEBIAN_FRONTEND=noninteractive         apt-get install --yes --no-install-recommends             bash             wget             curl             expect             ninja-build             perl             pkg-config             python             python-lxml             python-requests             python-termcolor             sudo             tzdata]: exit code: 100
make: *** [docker/generated.mk:8733: .clickhouse_clickhouse-project-builder] Error 1
