WARNING:root:gcloud not found in PATH.
INFO:root:Successfully integrated benchmark: gopacket_gopacket.
INFO:root:Please run "make test-run-afl-gopacket_gopacket" to test integration.
#1 [internal] load build definition from Dockerfile
#1 sha256:5fe84d8cb935a47d50c7eca67970a60a17c1e9c7ca9d838c4f1bacd725af34fd
#1 transferring dockerfile: 32B done
#1 DONE 0.0s

#2 [internal] load .dockerignore
#2 sha256:1e86818b1a12a1ca5c893f70027b8561303baeabe36ff72e64bddbdf0f9946b3
#2 transferring context: 2B done
#2 DONE 0.0s

#3 [internal] load metadata for gcr.io/oss-fuzz-base/base-builder:latest
#3 sha256:f10dc39cc9d418a5bc416dead31a1902b6821fdae909cd3b08f7a3fd1faba7b5
#3 DONE 0.3s

#7 [internal] load build context
#7 sha256:9913f64f8bc2235fb96b09512f35b27bd8db5708729b431ba70f158f81e70bce
#7 DONE 0.0s

#5 [1/4] FROM gcr.io/oss-fuzz-base/base-builder@sha256:4ad017ca53699eda684c1c444948c93a4af848fe34baee3a765d3c4693fe6a56
#5 sha256:3f10b3978a3951f6e2692fa5e5890ee5a755650381dedece7198ed0b1dcdaa8c
#5 DONE 0.0s

#4 importing cache manifest from gcr.io/fuzzbench/builders/benchmark/gopacket_gopacket
#4 sha256:b92bf1f9babdf5ebbfad5b02605cdf81d4f6943356f4ed0ff3c9816a317769dd
#4 ERROR: gcr.io/fuzzbench/builders/benchmark/gopacket_gopacket:latest: not found

#5 [1/4] FROM gcr.io/oss-fuzz-base/base-builder@sha256:4ad017ca53699eda684c1c444948c93a4af848fe34baee3a765d3c4693fe6a56
#5 sha256:3f10b3978a3951f6e2692fa5e5890ee5a755650381dedece7198ed0b1dcdaa8c
#5 CACHED

#7 [internal] load build context
#7 sha256:9913f64f8bc2235fb96b09512f35b27bd8db5708729b431ba70f158f81e70bce
#7 transferring context: 30B done
#7 DONE 0.0s

#6 [2/4] RUN go get github.com/google/gopacket
#6 sha256:b81e5c8dead57f432db95411dc02a17c25f4cc4ec48d1f3031a799aec5c06b26
#6 0.315 /bin/sh: 1: go: not found
#6 ERROR: executor failed running [/bin/sh -c go get github.com/google/gopacket]: exit code: 127
------
 > importing cache manifest from gcr.io/fuzzbench/builders/benchmark/gopacket_gopacket:
------
------
 > [2/4] RUN go get github.com/google/gopacket:
------
executor failed running [/bin/sh -c go get github.com/google/gopacket]: exit code: 127
make: *** [docker/generated.mk:18981: .gopacket_gopacket-project-builder] Error 1
/bin/sh: 1: source: not found
#1 [internal] load build definition from Dockerfile
#1 sha256:e9e2db4b45777ae27205ef6829642e9ea1a35dfccae42c8ad2bd327c1e36d036
#1 transferring dockerfile: 32B done
#1 DONE 0.0s

#2 [internal] load .dockerignore
#2 sha256:8d6d5eb4c3af4a51d2df5d71488bbcca05d943d0fe9a4af040dbf1d06b9262c1
#2 transferring context: 2B done
#2 DONE 0.0s

#3 [internal] load metadata for gcr.io/oss-fuzz-base/base-builder:latest
#3 sha256:f10dc39cc9d418a5bc416dead31a1902b6821fdae909cd3b08f7a3fd1faba7b5
#3 DONE 0.4s

#7 [internal] load build context
#7 sha256:95a10728621a95ba7f6ad981e3b5b8f41253c831406e52ba1e82e888729b5e2f
#7 DONE 0.0s

#5 [1/4] FROM gcr.io/oss-fuzz-base/base-builder@sha256:4ad017ca53699eda684c1c444948c93a4af848fe34baee3a765d3c4693fe6a56
#5 sha256:3f10b3978a3951f6e2692fa5e5890ee5a755650381dedece7198ed0b1dcdaa8c
#5 DONE 0.0s

#4 importing cache manifest from gcr.io/fuzzbench/builders/benchmark/gopacket_gopacket
#4 sha256:b92bf1f9babdf5ebbfad5b02605cdf81d4f6943356f4ed0ff3c9816a317769dd
#4 ERROR: gcr.io/fuzzbench/builders/benchmark/gopacket_gopacket:latest: not found

#5 [1/4] FROM gcr.io/oss-fuzz-base/base-builder@sha256:4ad017ca53699eda684c1c444948c93a4af848fe34baee3a765d3c4693fe6a56
#5 sha256:3f10b3978a3951f6e2692fa5e5890ee5a755650381dedece7198ed0b1dcdaa8c
#5 CACHED

#7 [internal] load build context
#7 sha256:95a10728621a95ba7f6ad981e3b5b8f41253c831406e52ba1e82e888729b5e2f
#7 transferring context: 30B done
#7 DONE 0.0s

#6 [2/4] RUN go get github.com/google/gopacket
#6 sha256:b81e5c8dead57f432db95411dc02a17c25f4cc4ec48d1f3031a799aec5c06b26
#6 0.337 /bin/sh: 1: go: not found
#6 ERROR: executor failed running [/bin/sh -c go get github.com/google/gopacket]: exit code: 127
------
 > importing cache manifest from gcr.io/fuzzbench/builders/benchmark/gopacket_gopacket:
------
------
 > [2/4] RUN go get github.com/google/gopacket:
------
executor failed running [/bin/sh -c go get github.com/google/gopacket]: exit code: 127
make: *** [docker/generated.mk:18981: .gopacket_gopacket-project-builder] Error 1
