WARNING:root:gcloud not found in PATH.
INFO:root:Successfully integrated benchmark: go-json-iterator_go-json-iterator.
INFO:root:Please run "make test-run-afl-go-json-iterator_go-json-iterator" to test integration.
#1 [internal] load build definition from Dockerfile
#1 sha256:6e3529123687411364fd7d78ab9385896dc74a749a69d5f403ce8b7ca06e1f2e
#1 transferring dockerfile: 857B done
#1 DONE 0.1s

#2 [internal] load .dockerignore
#2 sha256:f16645e7c1ecbe77760acb9f6aaffe252c896de008d8de1f860c88d53c2ded33
#2 transferring context: 2B done
#2 DONE 0.1s

#3 [internal] load metadata for gcr.io/oss-fuzz-base/base-builder:latest
#3 sha256:f10dc39cc9d418a5bc416dead31a1902b6821fdae909cd3b08f7a3fd1faba7b5
#3 DONE 0.5s

#7 [internal] load build context
#7 sha256:33a9f1e707dd97ef4646cc751717bcfccfc622c8afcd384265aa746ca5b3d481
#7 DONE 0.0s

#5 [1/4] FROM gcr.io/oss-fuzz-base/base-builder@sha256:112044a9815d235113677d459cf2ece740a51f2b85081c8f66943dcdc72ddf7f
#5 sha256:4aee4bf9f7280ac8b7f02b8d29e6e084dd034d2c294b4e3e05d8ce7048a1450f
#5 DONE 0.0s

#4 importing cache manifest from gcr.io/fuzzbench/builders/benchmark/go-json-iterator_go-json-iterator
#4 sha256:127227b090603afe8ce49265311f1b1edbec26c00a444223c56808e270064caa
#4 ERROR: gcr.io/fuzzbench/builders/benchmark/go-json-iterator_go-json-iterator:latest: not found

#5 [1/4] FROM gcr.io/oss-fuzz-base/base-builder@sha256:112044a9815d235113677d459cf2ece740a51f2b85081c8f66943dcdc72ddf7f
#5 sha256:4aee4bf9f7280ac8b7f02b8d29e6e084dd034d2c294b4e3e05d8ce7048a1450f
#5 CACHED

#6 [2/4] RUN go get github.com/json-iterator/go
#6 sha256:27bdc0304a33aee181bea60bf74e918038ce1cc21c553a3cde6d4439705a2cc0
#6 ...

#7 [internal] load build context
#7 sha256:33a9f1e707dd97ef4646cc751717bcfccfc622c8afcd384265aa746ca5b3d481
#7 transferring context: 2.74kB done
#7 DONE 0.2s

#6 [2/4] RUN go get github.com/json-iterator/go
#6 sha256:27bdc0304a33aee181bea60bf74e918038ce1cc21c553a3cde6d4439705a2cc0
#6 0.612 /bin/sh: 1: go: not found
#6 ERROR: executor failed running [/bin/sh -c go get github.com/json-iterator/go]: exit code: 127
------
 > importing cache manifest from gcr.io/fuzzbench/builders/benchmark/go-json-iterator_go-json-iterator:
------
------
 > [2/4] RUN go get github.com/json-iterator/go:
------
executor failed running [/bin/sh -c go get github.com/json-iterator/go]: exit code: 127
make: *** [docker/generated.mk:19980: .go-json-iterator_go-json-iterator-project-builder] Error 1
/bin/sh: 1: source: not found
#1 [internal] load build definition from Dockerfile
#1 sha256:a30cc2f22aef6a00216558292df977627f42ee704f32cfbd26eabd0f32d31836
#1 transferring dockerfile: 32B done
#1 DONE 0.3s

#2 [internal] load .dockerignore
#2 sha256:b7ef5f1b352b70662f241965289a7762f06fee1ac3781b58c836b45628c7b7a5
#2 transferring context: 2B done
#2 DONE 0.3s

#3 [internal] load metadata for gcr.io/oss-fuzz-base/base-builder:latest
#3 sha256:f10dc39cc9d418a5bc416dead31a1902b6821fdae909cd3b08f7a3fd1faba7b5
#3 DONE 0.4s

#7 [internal] load build context
#7 sha256:07db9e1b908af21a3361a2dfc5dd2921220fbb93f50d1b46aaf8d27d2b4faed6
#7 DONE 0.0s

#5 [1/4] FROM gcr.io/oss-fuzz-base/base-builder@sha256:112044a9815d235113677d459cf2ece740a51f2b85081c8f66943dcdc72ddf7f
#5 sha256:4aee4bf9f7280ac8b7f02b8d29e6e084dd034d2c294b4e3e05d8ce7048a1450f
#5 DONE 0.0s

#4 importing cache manifest from gcr.io/fuzzbench/builders/benchmark/go-json-iterator_go-json-iterator
#4 sha256:127227b090603afe8ce49265311f1b1edbec26c00a444223c56808e270064caa
#4 ERROR: gcr.io/fuzzbench/builders/benchmark/go-json-iterator_go-json-iterator:latest: not found

#5 [1/4] FROM gcr.io/oss-fuzz-base/base-builder@sha256:112044a9815d235113677d459cf2ece740a51f2b85081c8f66943dcdc72ddf7f
#5 sha256:4aee4bf9f7280ac8b7f02b8d29e6e084dd034d2c294b4e3e05d8ce7048a1450f
#5 CACHED

#7 [internal] load build context
#7 sha256:07db9e1b908af21a3361a2dfc5dd2921220fbb93f50d1b46aaf8d27d2b4faed6
#7 transferring context: 62B done
#7 DONE 0.2s

#6 [2/4] RUN go get github.com/json-iterator/go
#6 sha256:27bdc0304a33aee181bea60bf74e918038ce1cc21c553a3cde6d4439705a2cc0
#6 1.180 /bin/sh: 1: go: not found
#6 ERROR: executor failed running [/bin/sh -c go get github.com/json-iterator/go]: exit code: 127
------
 > importing cache manifest from gcr.io/fuzzbench/builders/benchmark/go-json-iterator_go-json-iterator:
------
------
 > [2/4] RUN go get github.com/json-iterator/go:
------
executor failed running [/bin/sh -c go get github.com/json-iterator/go]: exit code: 127
make: *** [docker/generated.mk:19980: .go-json-iterator_go-json-iterator-project-builder] Error 1
