WARNING:root:gcloud not found in PATH.
INFO:root:Successfully integrated benchmark: yara_yara.
INFO:root:Please run "make test-run-afl-yara_yara" to test integration.
#2 [internal] load .dockerignore
#2 sha256:662671c82a32df3632b62a120be80969e8cdde009aa4c73ff23dc54584d1ce52
#2 ...

#1 [internal] load build definition from Dockerfile
#1 sha256:1b0f03c07b422e0c3b9885797294b725bf48ce1a1f61d6ce2cf13032a498cf11
#1 transferring dockerfile: 959B done
#1 DONE 0.8s

#2 [internal] load .dockerignore
#2 sha256:662671c82a32df3632b62a120be80969e8cdde009aa4c73ff23dc54584d1ce52
#2 transferring context: 2B done
#2 DONE 0.9s

#3 [internal] load metadata for gcr.io/oss-fuzz-base/base-builder:latest
#3 sha256:f10dc39cc9d418a5bc416dead31a1902b6821fdae909cd3b08f7a3fd1faba7b5
#3 DONE 0.4s

#8 [internal] load build context
#8 sha256:a904a818d3705f183150fe701afc9a36b98868ef9a81a793752c9ba2fd21a341
#8 DONE 0.0s

#5 [1/5] FROM gcr.io/oss-fuzz-base/base-builder@sha256:f4e5ea12494fab091c5d830cf803b3421f2860f729b9d1b07da44924396cf8cf
#5 sha256:ef290950573a2779ee526af357b28fbddfc20d7409aa51f58f777c9e972cba29
#5 DONE 0.0s

#4 importing cache manifest from gcr.io/fuzzbench/builders/benchmark/yara_yara
#4 sha256:32e0034a5a2adda65251af997899d41934872c954b22d26965fd56eb7b7abcb7
#4 ERROR: gcr.io/fuzzbench/builders/benchmark/yara_yara:latest: not found

#5 [1/5] FROM gcr.io/oss-fuzz-base/base-builder@sha256:f4e5ea12494fab091c5d830cf803b3421f2860f729b9d1b07da44924396cf8cf
#5 sha256:ef290950573a2779ee526af357b28fbddfc20d7409aa51f58f777c9e972cba29
#5 CACHED

#6 [2/5] RUN   apt-get update && apt-get install -y   automake   autoconf   make   libtool
#6 sha256:1b74e7728dfc960ad4d4e630e39a14d79aaa9d6c937f9bb4d841c5880b0254ec
#6 ...

#8 [internal] load build context
#8 sha256:a904a818d3705f183150fe701afc9a36b98868ef9a81a793752c9ba2fd21a341
#8 transferring context: 1.41kB done
#8 DONE 0.2s

#6 [2/5] RUN   apt-get update && apt-get install -y   automake   autoconf   make   libtool
#6 sha256:1b74e7728dfc960ad4d4e630e39a14d79aaa9d6c937f9bb4d841c5880b0254ec
#6 0.691 Hit:1 http://ppa.launchpad.net/git-core/ppa/ubuntu focal InRelease
#6 0.691 Hit:2 http://archive.ubuntu.com/ubuntu focal InRelease
#6 0.691 Get:3 http://security.ubuntu.com/ubuntu focal-security InRelease [114 kB]
#6 0.700 Get:4 http://archive.ubuntu.com/ubuntu focal-updates InRelease [114 kB]
#6 0.796 Get:5 http://archive.ubuntu.com/ubuntu focal-backports InRelease [108 kB]
#6 1.228 Get:6 http://security.ubuntu.com/ubuntu focal-security/universe i386 Packages [657 kB]
#6 1.330 Get:7 http://security.ubuntu.com/ubuntu focal-security/universe amd64 Packages [840 kB]
#6 1.392 Get:8 http://security.ubuntu.com/ubuntu focal-security/main i386 Packages [464 kB]
#6 1.426 Get:9 http://archive.ubuntu.com/ubuntu focal-updates/main i386 Packages [752 kB]
#6 1.426 Get:10 http://security.ubuntu.com/ubuntu focal-security/main amd64 Packages [1546 kB]
#6 1.632 Get:11 http://archive.ubuntu.com/ubuntu focal-updates/universe amd64 Packages [1134 kB]
#6 1.719 Get:12 http://archive.ubuntu.com/ubuntu focal-updates/universe i386 Packages [827 kB]
#6 1.780 Get:13 http://archive.ubuntu.com/ubuntu focal-updates/main amd64 Packages [1973 kB]
#6 2.219 Fetched 8529 kB in 1s (5728 kB/s)
#6 2.219 Reading package lists...
#6 3.720 Reading package lists...
#6 5.137 Building dependency tree...
#6 5.348 Reading state information...
#6 5.557 make is already the newest version (4.2.1-1.2).
#6 5.557 make set to manually installed.
#6 5.557 The following additional packages will be installed:
#6 5.559   autotools-dev libltdl-dev libltdl7 libsigsegv2 m4
#6 5.561 Suggested packages:
#6 5.561   autoconf-archive gnu-standards autoconf-doc gettext libtool-doc gfortran
#6 5.561   | fortran95-compiler gcj-jdk m4-doc
#6 5.603 The following NEW packages will be installed:
#6 5.605   autoconf automake autotools-dev libltdl-dev libltdl7 libsigsegv2 libtool m4
#6 5.678 0 upgraded, 8 newly installed, 0 to remove and 3 not upgraded.
#6 5.678 Need to get 1457 kB of archives.
#6 5.678 After this operation, 6651 kB of additional disk space will be used.
#6 5.678 Get:1 http://archive.ubuntu.com/ubuntu focal/main amd64 libsigsegv2 amd64 2.12-2 [13.9 kB]
#6 5.702 Get:2 http://archive.ubuntu.com/ubuntu focal/main amd64 m4 amd64 1.4.18-4 [199 kB]
#6 5.766 Get:3 http://archive.ubuntu.com/ubuntu focal/main amd64 autoconf all 2.69-11.1 [321 kB]
#6 5.814 Get:4 http://archive.ubuntu.com/ubuntu focal/main amd64 autotools-dev all 20180224.1 [39.6 kB]
#6 5.820 Get:5 http://archive.ubuntu.com/ubuntu focal/main amd64 automake all 1:1.16.1-4ubuntu6 [522 kB]
#6 5.911 Get:6 http://archive.ubuntu.com/ubuntu focal/main amd64 libltdl7 amd64 2.4.6-14 [38.5 kB]
#6 5.918 Get:7 http://archive.ubuntu.com/ubuntu focal/main amd64 libltdl-dev amd64 2.4.6-14 [162 kB]
#6 5.946 Get:8 http://archive.ubuntu.com/ubuntu focal/main amd64 libtool all 2.4.6-14 [161 kB]
#6 6.228 debconf: delaying package configuration, since apt-utils is not installed
#6 6.306 Fetched 1457 kB in 0s (4086 kB/s)
#6 6.396 Selecting previously unselected package libsigsegv2:amd64.
#6 6.396 (Reading database ... (Reading database ... 5%(Reading database ... 10%(Reading database ... 15%(Reading database ... 20%(Reading database ... 25%(Reading database ... 30%(Reading database ... 35%(Reading database ... 40%(Reading database ... 45%(Reading database ... 50%(Reading database ... 55%(Reading database ... 60%(Reading database ... 65%(Reading database ... 70%(Reading database ... 75%(Reading database ... 80%(Reading database ... 85%(Reading database ... 90%(Reading database ... 95%(Reading database ... 100%(Reading database ... 21291 files and directories currently installed.)
#6 6.417 Preparing to unpack .../0-libsigsegv2_2.12-2_amd64.deb ...
#6 6.451 Unpacking libsigsegv2:amd64 (2.12-2) ...
#6 6.522 Selecting previously unselected package m4.
#6 6.525 Preparing to unpack .../1-m4_1.4.18-4_amd64.deb ...
#6 6.542 Unpacking m4 (1.4.18-4) ...
#6 6.662 Selecting previously unselected package autoconf.
#6 6.665 Preparing to unpack .../2-autoconf_2.69-11.1_all.deb ...
#6 6.682 Unpacking autoconf (2.69-11.1) ...
#6 6.833 Selecting previously unselected package autotools-dev.
#6 6.836 Preparing to unpack .../3-autotools-dev_20180224.1_all.deb ...
#6 6.850 Unpacking autotools-dev (20180224.1) ...
#6 6.979 Selecting previously unselected package automake.
#6 6.982 Preparing to unpack .../4-automake_1%3a1.16.1-4ubuntu6_all.deb ...
#6 6.990 Unpacking automake (1:1.16.1-4ubuntu6) ...
#6 7.160 Selecting previously unselected package libltdl7:amd64.
#6 7.163 Preparing to unpack .../5-libltdl7_2.4.6-14_amd64.deb ...
#6 7.174 Unpacking libltdl7:amd64 (2.4.6-14) ...
#6 7.250 Selecting previously unselected package libltdl-dev:amd64.
#6 7.253 Preparing to unpack .../6-libltdl-dev_2.4.6-14_amd64.deb ...
#6 7.259 Unpacking libltdl-dev:amd64 (2.4.6-14) ...
#6 7.375 Selecting previously unselected package libtool.
#6 7.378 Preparing to unpack .../7-libtool_2.4.6-14_all.deb ...
#6 7.386 Unpacking libtool (2.4.6-14) ...
#6 7.516 Setting up autotools-dev (20180224.1) ...
#6 7.557 Setting up libsigsegv2:amd64 (2.12-2) ...
#6 7.589 Setting up libltdl7:amd64 (2.4.6-14) ...
#6 7.636 Setting up libtool (2.4.6-14) ...
#6 7.664 Setting up m4 (1.4.18-4) ...
#6 7.689 Setting up autoconf (2.69-11.1) ...
#6 7.759 Setting up automake (1:1.16.1-4ubuntu6) ...
#6 7.818 update-alternatives: using /usr/bin/automake-1.16 to provide /usr/bin/automake (automake) in auto mode
#6 7.818 update-alternatives: warning: skip creation of /usr/share/man/man1/automake.1.gz because associated file /usr/share/man/man1/automake-1.16.1.gz (of link group automake) doesn't exist
#6 7.818 update-alternatives: warning: skip creation of /usr/share/man/man1/aclocal.1.gz because associated file /usr/share/man/man1/aclocal-1.16.1.gz (of link group automake) doesn't exist
#6 7.850 Setting up libltdl-dev:amd64 (2.4.6-14) ...
#6 7.890 Processing triggers for libc-bin (2.31-0ubuntu9.2) ...
#6 DONE 8.4s

#7 [3/5] RUN git clone --depth 1 https://github.com/VirusTotal/yara.git
#7 sha256:b15c6e0792e9115886a331f69736834bdd1ffc897cef699009cda711dd5e65de
#7 0.469 Cloning into 'yara'...
#7 DONE 2.0s

#9 [4/5] COPY build.sh /src/
#9 sha256:bd5ed81a90779899b6c183c590c067df5d2530a83b6d6182ca4a11779c3d8a3a
#9 DONE 0.2s

#10 [5/5] WORKDIR yara
#10 sha256:99ae715a00b99632c486ba8fbd233944f84a1c0a85807b35a93d3b7e4f759273
#10 DONE 0.1s

#11 exporting to image
#11 sha256:e8c613e07b0b7ff33893b694f7759a10d42e180f2b4dc349fb57dc6b71dcab00
#11 exporting layers done
#11 writing image sha256:9e8ed49215b1cc61ac89683b0eebb3cbd662eed738ada31298173c5bff6853a9 done
#11 naming to gcr.io/fuzzbench/builders/benchmark/yara_yara done
#11 DONE 0.1s

#12 exporting cache
#12 sha256:2700d4ef94dee473593c5c614b55b2dedcca7893909811a8f2b48291a1f581e4
#12 preparing build cache for export done
#12 DONE 0.0s
------
 > importing cache manifest from gcr.io/fuzzbench/builders/benchmark/yara_yara:
------
#1 [internal] load build definition from builder.Dockerfile
#1 sha256:2307ca73f4e3fda25a8a9b4dd809236c695d30aacd130d34419b4ed3a6142437
#1 transferring dockerfile: 46B done
#1 DONE 0.0s

#2 [internal] load .dockerignore
#2 sha256:678a69be2118b1696fd358de6af9e166dc2840dcb654e4f4d18293f812c5fe9d
#2 transferring context: 2B done
#2 DONE 0.0s

#3 [internal] load metadata for gcr.io/fuzzbench/builders/benchmark/yara_yara:latest
#3 sha256:34bd4adcc46552fc75b8144d67e4a66282011b1486484d9c5b30a5b77ce52fe6
#3 DONE 0.0s

#5 [1/3] FROM gcr.io/fuzzbench/builders/benchmark/yara_yara
#5 sha256:79ba9eafc1e4c4aea4f71c51dc068b58b89dfb26df89d2ee3a07f65e6fc05b4f
#5 DONE 0.0s

#4 importing cache manifest from gcr.io/fuzzbench/builders/afl/yara_yara-intermediate
#4 sha256:9fc3cd48949f595d6e981d4cc73ee65c8e4739387c412619a39be3ae8b22394c
#4 ERROR: gcr.io/fuzzbench/builders/afl/yara_yara-intermediate:latest: not found

#5 [1/3] FROM gcr.io/fuzzbench/builders/benchmark/yara_yara
#5 sha256:79ba9eafc1e4c4aea4f71c51dc068b58b89dfb26df89d2ee3a07f65e6fc05b4f
#5 DONE 4.0s

#6 [2/3] RUN git clone https://github.com/google/AFL.git /afl &&     cd /afl &&     git checkout 61037103ae3722c8060ff7082994836a794f978e &&     AFL_NO_X86=1 make
#6 sha256:111e0c1a0c401dc896b3d0676eaae5d010bc979ca62295dd910239bf5b79a90b
#6 1.397 Cloning into '/afl'...
#6 2.142 Note: switching to '61037103ae3722c8060ff7082994836a794f978e'.
#6 2.142 
#6 2.142 You are in 'detached HEAD' state. You can look around, make experimental
#6 2.142 changes and commit them, and you can discard any commits you make in this
#6 2.142 state without impacting any branches by switching back to a branch.
#6 2.142 
#6 2.142 If you want to create a new branch to retain commits you create, you may
#6 2.142 do so (now or later) by using -c with the switch command. Example:
#6 2.142 
#6 2.142   git switch -c <new-branch-name>
#6 2.142 
#6 2.142 Or undo this operation with:
#6 2.142 
#6 2.142   git switch -
#6 2.142 
#6 2.142 Turn off this advice by setting config variable advice.detachedHead to false
#6 2.142 
#6 2.142 HEAD is now at 6103710 Fix a typo filename comparison in the fuzzer (#139)
#6 2.159 [!] Note: skipping x86 compilation checks (AFL_NO_X86 set).
#6 2.159 clang -O1 -fno-omit-frame-pointer -gline-tables-only -DFUZZING_BUILD_MODE_UNSAFE_FOR_PRODUCTION -Wall -D_FORTIFY_SOURCE=2 -g -Wno-pointer-sign -DAFL_PATH=\"/usr/local/lib/afl\" -DDOC_PATH=\"/usr/local/share/doc/afl\" -DBIN_PATH=\"/usr/local/bin\" afl-gcc.c -o afl-gcc -ldl
#6 2.327 set -e; for i in afl-g++ afl-clang afl-clang++; do ln -sf afl-gcc $i; done
#6 2.332 clang -O1 -fno-omit-frame-pointer -gline-tables-only -DFUZZING_BUILD_MODE_UNSAFE_FOR_PRODUCTION -Wall -D_FORTIFY_SOURCE=2 -g -Wno-pointer-sign -DAFL_PATH=\"/usr/local/lib/afl\" -DDOC_PATH=\"/usr/local/share/doc/afl\" -DBIN_PATH=\"/usr/local/bin\" afl-fuzz.c -o afl-fuzz -ldl
#6 4.702 clang -O1 -fno-omit-frame-pointer -gline-tables-only -DFUZZING_BUILD_MODE_UNSAFE_FOR_PRODUCTION -Wall -D_FORTIFY_SOURCE=2 -g -Wno-pointer-sign -DAFL_PATH=\"/usr/local/lib/afl\" -DDOC_PATH=\"/usr/local/share/doc/afl\" -DBIN_PATH=\"/usr/local/bin\" afl-showmap.c -o afl-showmap -ldl
#6 5.017 clang -O1 -fno-omit-frame-pointer -gline-tables-only -DFUZZING_BUILD_MODE_UNSAFE_FOR_PRODUCTION -Wall -D_FORTIFY_SOURCE=2 -g -Wno-pointer-sign -DAFL_PATH=\"/usr/local/lib/afl\" -DDOC_PATH=\"/usr/local/share/doc/afl\" -DBIN_PATH=\"/usr/local/bin\" afl-tmin.c -o afl-tmin -ldl
#6 5.445 clang -O1 -fno-omit-frame-pointer -gline-tables-only -DFUZZING_BUILD_MODE_UNSAFE_FOR_PRODUCTION -Wall -D_FORTIFY_SOURCE=2 -g -Wno-pointer-sign -DAFL_PATH=\"/usr/local/lib/afl\" -DDOC_PATH=\"/usr/local/share/doc/afl\" -DBIN_PATH=\"/usr/local/bin\" afl-gotcpu.c -o afl-gotcpu -ldl
#6 5.594 clang -O1 -fno-omit-frame-pointer -gline-tables-only -DFUZZING_BUILD_MODE_UNSAFE_FOR_PRODUCTION -Wall -D_FORTIFY_SOURCE=2 -g -Wno-pointer-sign -DAFL_PATH=\"/usr/local/lib/afl\" -DDOC_PATH=\"/usr/local/share/doc/afl\" -DBIN_PATH=\"/usr/local/bin\" afl-analyze.c -o afl-analyze -ldl
#6 5.995 clang -O1 -fno-omit-frame-pointer -gline-tables-only -DFUZZING_BUILD_MODE_UNSAFE_FOR_PRODUCTION -Wall -D_FORTIFY_SOURCE=2 -g -Wno-pointer-sign -DAFL_PATH=\"/usr/local/lib/afl\" -DDOC_PATH=\"/usr/local/share/doc/afl\" -DBIN_PATH=\"/usr/local/bin\" afl-as.c -o afl-as -ldl
#6 6.238 ln -sf afl-as as
#6 6.240 [!] Note: skipping build tests (you may need to use LLVM or QEMU mode).
#6 6.243 [+] LLVM users: see llvm_mode/README.llvm for a faster alternative to afl-gcc.
#6 6.244 [+] All done! Be sure to review README - it's pretty short and useful.
#6 DONE 7.1s

#7 [3/3] RUN apt-get update &&     apt-get install wget -y &&     wget https://raw.githubusercontent.com/llvm/llvm-project/5feb80e748924606531ba28c97fe65145c65372e/compiler-rt/lib/fuzzer/afl/afl_driver.cpp -O /afl/afl_driver.cpp &&     clang -Wno-pointer-sign -c /afl/llvm_mode/afl-llvm-rt.o.c -I/afl &&     clang++ -stdlib=libc++ -std=c++11 -O2 -c /afl/afl_driver.cpp &&     ar r /libAFL.a *.o
#7 sha256:162b5ff375cc6e9c4391db236eea77fc2b5ac816739a70c73620bdd2768faa6c
#7 0.749 Hit:1 http://ppa.launchpad.net/git-core/ppa/ubuntu focal InRelease
#7 0.749 Hit:2 http://archive.ubuntu.com/ubuntu focal InRelease
#7 0.749 Hit:3 http://archive.ubuntu.com/ubuntu focal-updates InRelease
#7 0.750 Hit:4 http://archive.ubuntu.com/ubuntu focal-backports InRelease
#7 0.854 Hit:5 http://security.ubuntu.com/ubuntu focal-security InRelease
#7 1.769 Reading package lists...
#7 3.259 Reading package lists...
#7 4.677 Building dependency tree...
#7 4.888 Reading state information...
#7 5.135 wget is already the newest version (1.20.3-1ubuntu2).
#7 5.135 0 upgraded, 0 newly installed, 0 to remove and 3 not upgraded.
#7 5.140 --2022-02-15 21:01:52--  https://raw.githubusercontent.com/llvm/llvm-project/5feb80e748924606531ba28c97fe65145c65372e/compiler-rt/lib/fuzzer/afl/afl_driver.cpp
#7 5.143 Resolving raw.githubusercontent.com (raw.githubusercontent.com)... 185.199.111.133, 185.199.109.133, 185.199.108.133, ...
#7 5.144 Connecting to raw.githubusercontent.com (raw.githubusercontent.com)|185.199.111.133|:443... connected.
#7 5.168 HTTP request sent, awaiting response... 200 OK
#7 5.354 Length: 9177 (9.0K) [text/plain]
#7 5.354 Saving to: '/afl/afl_driver.cpp'
#7 5.354 
#7 5.354      0K ........                                              100% 9.22M=0.001s
#7 5.355 
#7 5.355 2022-02-15 21:01:53 (9.22 MB/s) - '/afl/afl_driver.cpp' saved [9177/9177]
#7 5.355 
#7 7.080 ar: creating /libAFL.a
#7 DONE 7.5s

#8 exporting to image
#8 sha256:e8c613e07b0b7ff33893b694f7759a10d42e180f2b4dc349fb57dc6b71dcab00
#8 exporting layers done
#8 writing image sha256:8d443bcfa2aa55d7d452ce369c748ae4e7b4e994c71f7245b2202ad1f277dfb5 done
#8 naming to gcr.io/fuzzbench/builders/afl/yara_yara-intermediate done
#8 DONE 0.1s

#9 exporting cache
#9 sha256:2700d4ef94dee473593c5c614b55b2dedcca7893909811a8f2b48291a1f581e4
#9 preparing build cache for export done
#9 DONE 0.0s
------
 > importing cache manifest from gcr.io/fuzzbench/builders/afl/yara_yara-intermediate:
------
#1 [internal] load build definition from Dockerfile
#1 sha256:e66d8748f1bd18926570f2f196a4a1034ae77bec7428242b44190e1464107f8d
#1 transferring dockerfile: 2.00kB done
#1 DONE 0.0s

#2 [internal] load .dockerignore
#2 sha256:a9ae258cbaab8b71fa77ff0dfa98600e12e505b752b1522c49f28cdb9e2b1d28
#2 transferring context: 34B done
#2 DONE 0.0s

#3 [internal] load metadata for docker.io/library/ubuntu:xenial
#3 sha256:f62bae18ed588840f045c881b2502661f2a89578a2f8f99b83f5200ee83dd25b
#3 DONE 0.0s

#5 [1/7] FROM docker.io/library/ubuntu:xenial
#5 sha256:14dd403f25ae9e519bd44f27dc17af7ce80f5a4f9f48ca88108364e67ec5d360
#5 DONE 0.0s

#4 importing cache manifest from gcr.io/fuzzbench/base-image
#4 sha256:9b220ebb4d4daceed1b96df9b6dca076e762f1cd612574f010b82d5b9e5ad896
#4 DONE 0.0s

#8 [internal] load build context
#8 sha256:dd7fb9f2879af3ddc861cddcf3fe27b970255c710be2bbf444b26c95cfadd1bd
#8 transferring context: 559B 0.0s done
#8 DONE 0.1s

#11 [6/7] RUN apt-get update -y && apt-get install -y     apt-transport-https     lsb-release
#11 sha256:9ad327ab09a25ad6715d774e237dc7c7a5dd522acba02e323272ff199fbbd82c
#11 CACHED

#6 [2/7] RUN apt-get update -y && apt-get install -y     build-essential     rsync     curl     zlib1g-dev     libncurses5-dev     libgdbm-dev     libnss3-dev     libssl-dev     libreadline-dev     libffi-dev     virtualenv     libbz2-dev     liblzma-dev     libsqlite3-dev
#6 sha256:3a1b0960f17eed529eaae93dc8fd3554f2743dd584d8fa569cdbe6bc734371ac
#6 CACHED

#7 [3/7] RUN cd /tmp/ &&     curl -O https://www.python.org/ftp/python/3.8.6/Python-3.8.6.tar.xz &&     tar -xvf Python-3.8.6.tar.xz &&     cd Python-3.8.6 &&     ./configure --enable-loadable-sqlite-extensions --enable-optimizations &&     make -j install &&     rm -r /tmp/Python-3.8.6.tar.xz /tmp/Python-3.8.6
#7 sha256:c5b9d1fb3371e84dbc60b76e7b2f8d5913bc93bcd4910ab65daa03e7b2ec4bb0
#7 CACHED

#9 [4/7] COPY ./requirements.txt /
#9 sha256:d20f14f5013d3aa0ce7550b82251ae664dc2009bcd6996917018e532f75e8ead
#9 CACHED

#10 [5/7] RUN pip3 install -r /requirements.txt
#10 sha256:cb28ff2e5bc07626f066961695a01deb378b5a85ce255af9da9c152dac53b4bd
#10 CACHED

#12 [7/7] RUN CLOUD_SDK_REPO="cloud-sdk-$(lsb_release -c -s)" &&     echo "deb https://packages.cloud.google.com/apt $CLOUD_SDK_REPO main"     | tee -a /etc/apt/sources.list.d/google-cloud-sdk.list &&     curl https://packages.cloud.google.com/apt/doc/apt-key.gpg     | apt-key add - &&     apt-get update -y &&     apt-get install -y google-cloud-sdk
#12 sha256:c0a985c92aaba2c6345c0359c5e41e11cba1b7e539e9dac0721bc5f9d7e79f93
#12 CACHED

#13 exporting to image
#13 sha256:e8c613e07b0b7ff33893b694f7759a10d42e180f2b4dc349fb57dc6b71dcab00
#13 exporting layers done
#13 writing image sha256:139540fb22a119f888cb3e5ed6e013e8d868574697f5fb839e5da9e23de73e0a
#13 writing image sha256:139540fb22a119f888cb3e5ed6e013e8d868574697f5fb839e5da9e23de73e0a 0.0s done
#13 naming to gcr.io/fuzzbench/base-image done
#13 DONE 0.1s

#14 exporting cache
#14 sha256:2700d4ef94dee473593c5c614b55b2dedcca7893909811a8f2b48291a1f581e4
#14 preparing build cache for export done
#14 DONE 0.0s
#1 [internal] load build definition from Dockerfile
#1 sha256:8349214b93c7301c91da0baf9b7c6fbfc3b65a45d616a0853fa9da57ee68c67f
#1 transferring dockerfile: 2.22kB done
#1 DONE 0.0s

#2 [internal] load .dockerignore
#2 sha256:82a536de5fe8798018cdfc939ea3c366d420b18ff8b63562ac5ddb139d26bfcb
#2 transferring context: 34B done
#2 DONE 0.1s

#4 [internal] load metadata for gcr.io/fuzzbench/base-image:latest
#4 sha256:932022888f650cc455b10eb5123bb08c0cccacac29a693e69314abbfd28a72c3
#4 DONE 0.0s

#3 [internal] load metadata for gcr.io/fuzzbench/builders/afl/yara_yara-intermediate:latest
#3 sha256:89b1ce4c804f3a3cfddc5b113ced0e3f497542c4df793e1d48444aa082e7efeb
#3 DONE 0.0s

#12 [internal] load build context
#12 sha256:c680e1bbee85c73fbcdf9ba9c36ed2acfd1607fe33317929f1fe535f9b66529a
#12 DONE 0.0s

#7 [base-image 1/1] FROM gcr.io/fuzzbench/base-image
#7 sha256:4d07825694520f8b6f6a0d8592dbd345433361ae044cb7f06706c5a95e3daaad
#7 DONE 0.0s

#6 [stage-1  1/13] FROM gcr.io/fuzzbench/builders/afl/yara_yara-intermediate
#6 sha256:b1790001f71c23a6ea76fe91cee1608441c6ea324099aea1d302e67cf0c878e1
#6 DONE 0.0s

#5 importing cache manifest from gcr.io/fuzzbench/builders/afl/yara_yara
#5 sha256:b5c03bcf769f5c9a001eb7bd5ce7128ec32935770891ed37037ae82194436133
#5 ERROR: gcr.io/fuzzbench/builders/afl/yara_yara:latest: not found

#7 [base-image 1/1] FROM gcr.io/fuzzbench/base-image
#7 sha256:4d07825694520f8b6f6a0d8592dbd345433361ae044cb7f06706c5a95e3daaad
#7 CACHED

#12 [internal] load build context
#12 sha256:c680e1bbee85c73fbcdf9ba9c36ed2acfd1607fe33317929f1fe535f9b66529a
#12 transferring context: 669.85kB 0.1s done
#12 DONE 0.2s

#6 [stage-1  1/13] FROM gcr.io/fuzzbench/builders/afl/yara_yara-intermediate
#6 sha256:b1790001f71c23a6ea76fe91cee1608441c6ea324099aea1d302e67cf0c878e1
#6 DONE 0.6s

#8 [stage-1  2/13] COPY --from=base-image /usr/local/bin/python3* /usr/local/bin/
#8 sha256:0b7176789a4ed40a1879e537eae7ab1bdd446c9d7af6bc1bcad969970f95633c
#8 DONE 0.5s

#9 [stage-1  3/13] COPY --from=base-image /usr/local/lib/python3.8 /usr/local/lib/python3.8
#9 sha256:9b43cc9e7bb2cb31000d986ccfb8ef3e70b8a56abd290f92fb52d676ae6af7f5
#9 DONE 14.3s

#10 [stage-1  4/13] COPY --from=base-image /usr/local/include/python3.8 /usr/local/include/python3.8
#10 sha256:7237fe633bafb62fc6d716a05926701b69862ba8360efdccad39dd40eb01fb12
#10 DONE 0.1s

#11 [stage-1  5/13] COPY --from=base-image /usr/local/lib/python3.8/site-packages /usr/local/lib/python3.8/site-packages
#11 sha256:5164dd615e8c4454170466a5ecc1d987a3eded3d37acf0b1d60c3b4f96064a00
#11 DONE 18.4s

#13 [stage-1  6/13] COPY fuzzers /src/fuzzers
#13 sha256:dcd5aab67a2c59d4bd2842fabc8137a72efaa2a5f15dabd6272be4d4764449d1
#13 DONE 0.3s

#14 [stage-1  7/13] RUN touch /src/__init__.py
#14 sha256:064027dd940e763f6488bce7e43aa17f4fc6e7c99fbefadb7938b89483946564
#14 DONE 1.1s

#15 [stage-1  8/13] COPY benchmarks/yara_yara/benchmark.yaml /
#15 sha256:4689df394abaa4dd67469afe93a43d19287da3a690c9429e4d26b8f5d276822a
#15 DONE 0.3s

#16 [stage-1  9/13] RUN mkdir /opt/fuzzbench/
#16 sha256:191f877baf60aca2fa26298a97f835a55b22b095e815b9f46078c3896713a2ce
#16 DONE 0.8s

#17 [stage-1 10/13] COPY docker/benchmark-builder/checkout_commit.py /opt/fuzzbench/
#17 sha256:c774735f363a798f809d59ef9254a674b0528390d87f82e098b0106c57588dc4
#17 DONE 0.4s

#18 [stage-1 11/13] RUN export CHECKOUT_COMMIT=$(cat /benchmark.yaml | tr -d ' ' | grep 'commit:' | cut -d ':' -f2) &&     python3 -u /opt/fuzzbench/checkout_commit.py $CHECKOUT_COMMIT /src
#18 sha256:9251ca299309361145208aaa0becbb5962b02df65bd2361fba96f6bc48b0c631
#18 0.589 Checking out commit 3049c50d
#18 5.619 From https://github.com/VirusTotal/yara
#18 5.619  * [new tag]           v2.0.0      -> v2.0.0
#18 5.620  * [new tag]           v2.1.0      -> v2.1.0
#18 5.620  * [new tag]           v3.0.0      -> v3.0.0
#18 5.620  * [new tag]           v3.1.0      -> v3.1.0
#18 5.621  * [new tag]           v3.10.0     -> v3.10.0
#18 5.621  * [new tag]           v3.10.0-rc1 -> v3.10.0-rc1
#18 5.621  * [new tag]           v3.11.0     -> v3.11.0
#18 5.621  * [new tag]           v3.2.0      -> v3.2.0
#18 5.622  * [new tag]           v3.3.0      -> v3.3.0
#18 5.622  * [new tag]           v3.4.0      -> v3.4.0
#18 5.622  * [new tag]           v3.6.0      -> v3.6.0
#18 5.622  * [new tag]           v3.7.0      -> v3.7.0
#18 5.623  * [new tag]           v3.8.0      -> v3.8.0
#18 5.623  * [new tag]           v3.8.1      -> v3.8.1
#18 5.624  * [new tag]           v3.9.0      -> v3.9.0
#18 5.624  * [new tag]           v4.0.0      -> v4.0.0
#18 5.624  * [new tag]           v4.0.0-rc1  -> v4.0.0-rc1
#18 5.624  * [new tag]           v4.0.0-rc2  -> v4.0.0-rc2
#18 5.625  * [new tag]           v4.0.0-rc3  -> v4.0.0-rc3
#18 5.625  * [new tag]           v4.0.1      -> v4.0.1
#18 5.626  * [new tag]           v4.0.2      -> v4.0.2
#18 5.626  * [new tag]           v4.1.0      -> v4.1.0
#18 5.626  * [new tag]           v4.1.0-rc1  -> v4.1.0-rc1
#18 5.626  * [new tag]           v4.1.0-rc2  -> v4.1.0-rc2
#18 5.627  * [new tag]           v4.2.0-rc1  -> v4.2.0-rc1
#18 5.634 error: pathspec '3049c50d' did not match any file(s) known to git
#18 5.641 error: pathspec '3049c50d' did not match any file(s) known to git
#18 5.648 error: pathspec '3049c50d' did not match any file(s) known to git
#18 5.681 error: pathspec '3049c50d' did not match any file(s) known to git
#18 5.691 error: pathspec '3049c50d' did not match any file(s) known to git
#18 5.697 error: pathspec '3049c50d' did not match any file(s) known to git
#18 5.728 Checkout unsuccessful.
#18 DONE 6.0s

#19 [stage-1 12/13] RUN echo "#!/bin/bash\nPYTHONPATH=/src python3 -u -c "from fuzzers import utils; utils.initialize_env(); from fuzzers.afl import fuzzer; fuzzer.build()"" > /usr/bin/fuzzer_build &&     chmod +x /usr/bin/fuzzer_build
#19 sha256:5bfd4f4e7bca535b4c1e3ce7f8d2ef737b11d870327a7df577f04c1e455c87af
#19 DONE 0.8s

#20 [stage-1 13/13] RUN echo "Run fuzzer_build to build the target" && if [ -z "$debug_builder" ] ; then fuzzer_build; fi
#20 sha256:d246c1a89fdac8c3de75b799c1fd8a98634ae2e22086b933f9ae48749c13d315
#20 0.593 Run fuzzer_build to build the target
#20 0.714 FUZZ_TARGET = yara
#20 0.714 CFLAGS = -DFUZZING_BUILD_MODE_UNSAFE_FOR_PRODUCTION -pthread -Wl,--no-as-needed -Wl,-ldl -Wl,-lm -Wno-unused-command-line-argument -O3
#20 0.714 CXXFLAGS = -DFUZZING_BUILD_MODE_UNSAFE_FOR_PRODUCTION -pthread -Wl,--no-as-needed -Wl,-ldl -Wl,-lm -Wno-unused-command-line-argument -stdlib=libc++ -O3
#20 0.735 Building benchmark yara_yara with fuzzer afl
#20 0.738 + ./bootstrap.sh
#20 5.175 libtoolize: putting auxiliary files in AC_CONFIG_AUX_DIR, 'build-aux'.
#20 5.175 libtoolize: copying file 'build-aux/ltmain.sh'
#20 5.217 libtoolize: putting macros in AC_CONFIG_MACRO_DIRS, 'm4'.
#20 5.217 libtoolize: copying file 'm4/libtool.m4'
#20 5.256 libtoolize: copying file 'm4/ltoptions.m4'
#20 5.299 libtoolize: copying file 'm4/ltsugar.m4'
#20 5.344 libtoolize: copying file 'm4/ltversion.m4'
#20 5.389 libtoolize: copying file 'm4/lt~obsolete.m4'
#20 9.213 configure.ac:20: installing 'build-aux/ar-lib'
#20 9.217 configure.ac:20: installing 'build-aux/compile'
#20 9.220 configure.ac:38: installing 'build-aux/config.guess'
#20 9.224 configure.ac:38: installing 'build-aux/config.sub'
#20 9.228 configure.ac:8: installing 'build-aux/install-sh'
#20 9.231 configure.ac:8: installing 'build-aux/missing'
#20 9.308 Makefile.am: installing 'build-aux/depcomp'
#20 9.358 parallel-tests: installing 'build-aux/test-driver'
#20 9.468 configure.ac: installing 'build-aux/ylwrap'
#20 9.531 + ./configure --enable-debug --enable-dex --enable-dotnet --without-crypto
#20 9.777 checking whether make supports nested variables... yes
#20 9.782 checking for a BSD-compatible install... /usr/bin/install -c
#20 9.796 checking whether build environment is sane... yes
#20 9.814 checking for a thread-safe mkdir -p... /usr/bin/mkdir -p
#20 9.818 checking for gawk... no
#20 9.819 checking for mawk... mawk
#20 9.820 checking whether make sets $(MAKE)... yes
#20 9.847 checking whether make supports the include directive... yes (GNU style)
#20 9.861 checking for gcc... clang
#20 10.14 checking whether the C compiler works... yes
#20 10.26 checking for C compiler default output file name... a.out
#20 10.27 checking for suffix of executables... 
#20 10.39 checking whether we are cross compiling... no
#20 10.52 checking for suffix of object files... o
#20 10.55 checking whether we are using the GNU C compiler... yes
#20 10.58 checking whether clang accepts -g... yes
#20 10.61 checking for clang option to accept ISO C89... none needed
#20 10.66 checking whether clang understands -c and -o together... yes
#20 10.69 checking dependency style of clang... gcc3
#20 10.75 checking for ar... ar
#20 10.75 checking the archiver (ar) interface... ar
#20 10.78 checking for gcc... (cached) clang
#20 10.85 checking whether we are using the GNU C compiler... (cached) yes
#20 10.85 checking whether clang accepts -g... (cached) yes
#20 10.85 checking for clang option to accept ISO C89... (cached) none needed
#20 10.85 checking whether clang understands -c and -o together... (cached) yes
#20 10.85 checking dependency style of clang... (cached) gcc3
#20 10.85 checking for clang option to accept ISO C99... none needed
#20 10.92 checking for flex... no
#20 10.92 checking for lex... no
#20 10.93 checking for bison... no
#20 10.93 checking for byacc... no
#20 10.93 checking for inline... inline
#20 10.95 checking how to run the C preprocessor... clang -E
#20 11.05 checking for grep that handles long lines and -e... /usr/bin/grep
#20 11.05 checking for egrep... /usr/bin/grep -E
#20 11.06 checking for ANSI C header files... yes
#20 11.30 checking for sys/types.h... yes
#20 11.35 checking for sys/stat.h... yes
#20 11.40 checking for stdlib.h... yes
#20 11.46 checking for string.h... yes
#20 11.52 checking for memory.h... yes
#20 11.57 checking for strings.h... yes
#20 11.64 checking for inttypes.h... yes
#20 11.70 checking for stdint.h... yes
#20 11.76 checking for unistd.h... yes
#20 11.82 checking whether byte ordering is bigendian... no
#20 11.93 checking for special C compiler options needed for large files... no
#20 11.93 checking for _FILE_OFFSET_BITS value needed for large files... no
#20 11.98 checking build system type... x86_64-pc-linux-gnu
#20 12.06 checking host system type... x86_64-pc-linux-gnu
#20 12.06 checking how to print strings... printf
#20 12.11 checking for a sed that does not truncate output... /usr/bin/sed
#20 12.12 checking for fgrep... /usr/bin/grep -F
#20 12.13 checking for ld used by clang... /usr/bin/ld
#20 12.14 checking if the linker (/usr/bin/ld) is GNU ld... yes
#20 12.14 checking for BSD- or MS-compatible name lister (nm)... /usr/bin/nm -B
#20 12.15 checking the name lister (/usr/bin/nm -B) interface... BSD nm
#20 12.17 checking whether ln -s works... yes
#20 12.17 checking the maximum length of command line arguments... 1572864
#20 12.18 checking how to convert x86_64-pc-linux-gnu file names to x86_64-pc-linux-gnu format... func_convert_file_noop
#20 12.18 checking how to convert x86_64-pc-linux-gnu file names to toolchain format... func_convert_file_noop
#20 12.18 checking for /usr/bin/ld option to reload object files... -r
#20 12.18 checking for objdump... objdump
#20 12.18 checking how to recognize dependent libraries... pass_all
#20 12.18 checking for dlltool... no
#20 12.18 checking how to associate runtime and link libraries... printf %s\n
#20 12.19 checking for archiver @FILE support... @
#20 12.23 checking for strip... strip
#20 12.23 checking for ranlib... ranlib
#20 12.23 checking command to parse /usr/bin/nm -B output from clang object... ok
#20 12.40 checking for sysroot... no
#20 12.40 checking for a working dd... /usr/bin/dd
#20 12.40 checking how to truncate binary pipes... /usr/bin/dd bs=4096 count=1
#20 12.43 checking for mt... no
#20 12.44 checking if : is a manifest tool... no
#20 12.44 checking for dlfcn.h... yes
#20 12.50 checking for objdir... .libs
#20 12.67 checking if clang supports -fno-rtti -fno-exceptions... yes
#20 12.70 checking for clang option to produce PIC... -fPIC -DPIC
#20 12.70 checking if clang PIC flag -fPIC -DPIC works... yes
#20 12.72 checking if clang static flag -static works... yes
#20 12.89 checking if clang supports -c -o file.o... yes
#20 12.94 checking if clang supports -c -o file.o... (cached) yes
#20 12.94 checking whether the clang linker (/usr/bin/ld -m elf_x86_64) supports shared libraries... yes
#20 12.96 checking whether -lc should be explicitly linked in... no
#20 13.02 checking dynamic linker characteristics... GNU/Linux ld.so
#20 13.19 checking how to hardcode library paths into programs... immediate
#20 13.19 checking whether stripping libraries is possible... yes
#20 13.19 checking if libtool supports shared libraries... yes
#20 13.19 checking whether to build shared libraries... yes
#20 13.19 checking whether to build static libraries... yes
#20 13.20 checking for the pthreads library -lpthreads... no
#20 13.28 checking whether pthreads work without any flags... yes
#20 13.43 checking for joinable pthread attribute... PTHREAD_CREATE_JOINABLE
#20 13.57 checking if more special flags are required for pthreads... no
#20 13.57 checking whether to check for GCC pthread/shared inconsistencies... no
#20 13.64 checking for isnan in -lm... yes
#20 13.78 checking for log2 in -lm... yes
#20 13.93 checking for strlcpy... no
#20 14.07 checking for strlcat... no
#20 14.22 checking for memmem... yes
#20 14.37 checking for timegm... yes
#20 14.52 checking for _mkgmtime... no
#20 14.66 checking for clock_gettime... yes
#20 14.80 checking stdbool.h usability... yes
#20 14.85 checking stdbool.h presence... yes
#20 14.87 checking for stdbool.h... yes
#20 14.88 ./configure: line 11481: syntax error near unexpected token `PROTOBUF_C,'
#20 14.88 ./configure: line 11481: `    PKG_CHECK_MODULES(PROTOBUF_C, libprotobuf-c >= 1.0.0)'
#20 14.94 Traceback (most recent call last):
#20 14.94   File "<string>", line 1, in <module>
#20 14.94   File "/src/fuzzers/afl/fuzzer.py", line 40, in build
#20 14.94     utils.build_benchmark()
#20 14.94   File "/src/fuzzers/utils.py", line 82, in build_benchmark
#20 14.94     subprocess.check_call(['/bin/bash', '-ex', build_script], env=env)
#20 14.94   File "/usr/local/lib/python3.8/subprocess.py", line 364, in check_call
#20 14.94     raise CalledProcessError(retcode, cmd)
#20 14.94 subprocess.CalledProcessError: Command '['/bin/bash', '-ex', '/src/build.sh']' returned non-zero exit status 2.
#20 ERROR: executor failed running [/bin/sh -c echo "Run fuzzer_build to build the target" && if [ -z "$debug_builder" ] ; then fuzzer_build; fi]: exit code: 1
------
 > importing cache manifest from gcr.io/fuzzbench/builders/afl/yara_yara:
------
------
 > [stage-1 13/13] RUN echo "Run fuzzer_build to build the target" && if [ -z "$debug_builder" ] ; then fuzzer_build; fi:
------
executor failed running [/bin/sh -c echo "Run fuzzer_build to build the target" && if [ -z "$debug_builder" ] ; then fuzzer_build; fi]: exit code: 1
make: *** [docker/generated.mk:2726432: .afl-yara_yara-builder] Error 1
/bin/sh: 1: source: not found
#2 [internal] load .dockerignore
#2 sha256:d741fc0aa839a14721e5e8e2c4ae651250700dd46a5a4679f1ae5f26170388e9
#2 transferring context: 2B done
#2 DONE 0.2s

#1 [internal] load build definition from Dockerfile
#1 sha256:25c140e0dc4a3419cfda20229a1d05be6e9fbabcdf8753bf91f7441e6aeb5338
#1 transferring dockerfile: 32B done
#1 DONE 0.2s

#3 [internal] load metadata for gcr.io/oss-fuzz-base/base-builder:latest
#3 sha256:f10dc39cc9d418a5bc416dead31a1902b6821fdae909cd3b08f7a3fd1faba7b5
#3 DONE 0.4s

#5 [1/5] FROM gcr.io/oss-fuzz-base/base-builder@sha256:f4e5ea12494fab091c5d830cf803b3421f2860f729b9d1b07da44924396cf8cf
#5 sha256:ef290950573a2779ee526af357b28fbddfc20d7409aa51f58f777c9e972cba29
#5 DONE 0.0s

#4 importing cache manifest from gcr.io/fuzzbench/builders/benchmark/yara_yara
#4 sha256:32e0034a5a2adda65251af997899d41934872c954b22d26965fd56eb7b7abcb7
#4 DONE 0.0s

#8 [internal] load build context
#8 sha256:ce3afa590209ce323d32a6102b8f9fd751463ca9eb311d727b5051f7d5b5ec1c
#8 transferring context: 30B done
#8 DONE 0.1s

#9 [4/5] COPY build.sh /src/
#9 sha256:aa0092f3663f0c3e9b421528187b9edecf20e2b774bfc1112c54d4ef46092358
#9 CACHED

#6 [2/5] RUN   apt-get update && apt-get install -y   automake   autoconf   make   libtool
#6 sha256:1b74e7728dfc960ad4d4e630e39a14d79aaa9d6c937f9bb4d841c5880b0254ec
#6 CACHED

#7 [3/5] RUN git clone --depth 1 https://github.com/VirusTotal/yara.git
#7 sha256:b15c6e0792e9115886a331f69736834bdd1ffc897cef699009cda711dd5e65de
#7 CACHED

#10 [5/5] WORKDIR yara
#10 sha256:b868af8a0e8e08ea3c37fc559b89a708e99923aa84027a588ca4483892ef2ba2
#10 CACHED

#11 exporting to image
#11 sha256:e8c613e07b0b7ff33893b694f7759a10d42e180f2b4dc349fb57dc6b71dcab00
#11 exporting layers done
#11 writing image sha256:9e8ed49215b1cc61ac89683b0eebb3cbd662eed738ada31298173c5bff6853a9 0.0s done
#11 naming to gcr.io/fuzzbench/builders/benchmark/yara_yara done
#11 DONE 0.3s

#12 exporting cache
#12 sha256:2700d4ef94dee473593c5c614b55b2dedcca7893909811a8f2b48291a1f581e4
#12 preparing build cache for export done
#12 DONE 0.0s
#1 [internal] load build definition from builder.Dockerfile
#1 sha256:375a30b0fabd493b39b1b5d67c526289986579a2ee9c1074091244aedfc47282
#1 transferring dockerfile: 46B done
#1 DONE 0.1s

#2 [internal] load .dockerignore
#2 sha256:9e696ee33753ae9a3d5283ac5419ae538b01e47c5a7c27648b31018da828e5b1
#2 transferring context: 2B done
#2 DONE 0.1s

#3 [internal] load metadata for gcr.io/fuzzbench/builders/benchmark/yara_yara:latest
#3 sha256:34bd4adcc46552fc75b8144d67e4a66282011b1486484d9c5b30a5b77ce52fe6
#3 DONE 0.0s

#4 importing cache manifest from gcr.io/fuzzbench/builders/afl/yara_yara-intermediate
#4 sha256:9fc3cd48949f595d6e981d4cc73ee65c8e4739387c412619a39be3ae8b22394c
#4 DONE 0.0s

#5 [1/3] FROM gcr.io/fuzzbench/builders/benchmark/yara_yara
#5 sha256:79ba9eafc1e4c4aea4f71c51dc068b58b89dfb26df89d2ee3a07f65e6fc05b4f
#5 DONE 0.0s

#6 [2/3] RUN git clone https://github.com/google/AFL.git /afl &&     cd /afl &&     git checkout 61037103ae3722c8060ff7082994836a794f978e &&     AFL_NO_X86=1 make
#6 sha256:111e0c1a0c401dc896b3d0676eaae5d010bc979ca62295dd910239bf5b79a90b
#6 CACHED

#7 [3/3] RUN apt-get update &&     apt-get install wget -y &&     wget https://raw.githubusercontent.com/llvm/llvm-project/5feb80e748924606531ba28c97fe65145c65372e/compiler-rt/lib/fuzzer/afl/afl_driver.cpp -O /afl/afl_driver.cpp &&     clang -Wno-pointer-sign -c /afl/llvm_mode/afl-llvm-rt.o.c -I/afl &&     clang++ -stdlib=libc++ -std=c++11 -O2 -c /afl/afl_driver.cpp &&     ar r /libAFL.a *.o
#7 sha256:162b5ff375cc6e9c4391db236eea77fc2b5ac816739a70c73620bdd2768faa6c
#7 CACHED

#8 exporting to image
#8 sha256:e8c613e07b0b7ff33893b694f7759a10d42e180f2b4dc349fb57dc6b71dcab00
#8 exporting layers done
#8 writing image sha256:8d443bcfa2aa55d7d452ce369c748ae4e7b4e994c71f7245b2202ad1f277dfb5 0.0s done
#8 naming to gcr.io/fuzzbench/builders/afl/yara_yara-intermediate done
#8 DONE 0.3s

#9 exporting cache
#9 sha256:2700d4ef94dee473593c5c614b55b2dedcca7893909811a8f2b48291a1f581e4
#9 preparing build cache for export done
#9 DONE 0.0s
#1 [internal] load build definition from Dockerfile
#1 sha256:ee65ccd0e31f822766e4b8013959df10524015ea6e370f11968356743c8446d4
#1 transferring dockerfile: 2.00kB done
#1 DONE 0.1s

#2 [internal] load .dockerignore
#2 sha256:95167125c9cee9bdc60d10a7af0019e7a381381cdaf0becf4bcb22c5fe4efe3c
#2 transferring context: 34B done
#2 DONE 0.2s

#3 [internal] load metadata for docker.io/library/ubuntu:xenial
#3 sha256:f62bae18ed588840f045c881b2502661f2a89578a2f8f99b83f5200ee83dd25b
#3 DONE 0.0s

#4 importing cache manifest from gcr.io/fuzzbench/base-image
#4 sha256:9b220ebb4d4daceed1b96df9b6dca076e762f1cd612574f010b82d5b9e5ad896
#4 DONE 0.0s

#5 [1/7] FROM docker.io/library/ubuntu:xenial
#5 sha256:14dd403f25ae9e519bd44f27dc17af7ce80f5a4f9f48ca88108364e67ec5d360
#5 DONE 0.0s

#8 [internal] load build context
#8 sha256:5ba990d209e5821b9395a81f22a8840e073e5e7955ecbd1c89e26ab091dd4e6c
#8 transferring context: 559B 0.0s done
#8 DONE 0.1s

#6 [2/7] RUN apt-get update -y && apt-get install -y     build-essential     rsync     curl     zlib1g-dev     libncurses5-dev     libgdbm-dev     libnss3-dev     libssl-dev     libreadline-dev     libffi-dev     virtualenv     libbz2-dev     liblzma-dev     libsqlite3-dev
#6 sha256:3a1b0960f17eed529eaae93dc8fd3554f2743dd584d8fa569cdbe6bc734371ac
#6 CACHED

#7 [3/7] RUN cd /tmp/ &&     curl -O https://www.python.org/ftp/python/3.8.6/Python-3.8.6.tar.xz &&     tar -xvf Python-3.8.6.tar.xz &&     cd Python-3.8.6 &&     ./configure --enable-loadable-sqlite-extensions --enable-optimizations &&     make -j install &&     rm -r /tmp/Python-3.8.6.tar.xz /tmp/Python-3.8.6
#7 sha256:c5b9d1fb3371e84dbc60b76e7b2f8d5913bc93bcd4910ab65daa03e7b2ec4bb0
#7 CACHED

#9 [4/7] COPY ./requirements.txt /
#9 sha256:5247a5042296b93f32b3d1cd22888009cc00568b2ff104f85688e9d8661509eb
#9 CACHED

#10 [5/7] RUN pip3 install -r /requirements.txt
#10 sha256:fca728cd9182650a5ee8df69d4d368fa5bd5f844e3f17b1678627e5628046841
#10 CACHED

#11 [6/7] RUN apt-get update -y && apt-get install -y     apt-transport-https     lsb-release
#11 sha256:f9597d05620c0e9ac3fc0159eb301d4378069b22481046b324c38542e3bb2699
#11 CACHED

#12 [7/7] RUN CLOUD_SDK_REPO="cloud-sdk-$(lsb_release -c -s)" &&     echo "deb https://packages.cloud.google.com/apt $CLOUD_SDK_REPO main"     | tee -a /etc/apt/sources.list.d/google-cloud-sdk.list &&     curl https://packages.cloud.google.com/apt/doc/apt-key.gpg     | apt-key add - &&     apt-get update -y &&     apt-get install -y google-cloud-sdk
#12 sha256:a275d7a1f474bf5b16f037649ba2ce14a6ac67a64177141c9ea373507bbd8fbc
#12 CACHED

#13 exporting to image
#13 sha256:e8c613e07b0b7ff33893b694f7759a10d42e180f2b4dc349fb57dc6b71dcab00
#13 exporting layers done
#13 writing image sha256:139540fb22a119f888cb3e5ed6e013e8d868574697f5fb839e5da9e23de73e0a
#13 writing image sha256:139540fb22a119f888cb3e5ed6e013e8d868574697f5fb839e5da9e23de73e0a 0.0s done
#13 naming to gcr.io/fuzzbench/base-image done
#13 DONE 0.1s

#14 exporting cache
#14 sha256:2700d4ef94dee473593c5c614b55b2dedcca7893909811a8f2b48291a1f581e4
#14 preparing build cache for export done
#14 DONE 0.0s
#1 [internal] load build definition from Dockerfile
#1 sha256:9cf1fa2eec64222f7c8831d05d050aa47e0c0fa25051a668b3d257dc786f992a
#1 transferring dockerfile: 2.22kB done
#1 DONE 0.1s

#2 [internal] load .dockerignore
#2 sha256:0d190a84c60aabab5d1030e8a55d6de0f02a3f9479b10accc3f7f9a25307b865
#2 transferring context: 34B done
#2 DONE 0.1s

#4 [internal] load metadata for gcr.io/fuzzbench/base-image:latest
#4 sha256:932022888f650cc455b10eb5123bb08c0cccacac29a693e69314abbfd28a72c3
#4 DONE 0.0s

#3 [internal] load metadata for gcr.io/fuzzbench/builders/afl/yara_yara-intermediate:latest
#3 sha256:89b1ce4c804f3a3cfddc5b113ced0e3f497542c4df793e1d48444aa082e7efeb
#3 DONE 0.0s

#12 [internal] load build context
#12 sha256:63f1e146417cd033a57901e47705a46c9ae8dd2b478ac6a43f203253b5ce0418
#12 DONE 0.0s

#7 [base-image 1/1] FROM gcr.io/fuzzbench/base-image
#7 sha256:4d07825694520f8b6f6a0d8592dbd345433361ae044cb7f06706c5a95e3daaad
#7 DONE 0.0s

#6 [stage-1  1/13] FROM gcr.io/fuzzbench/builders/afl/yara_yara-intermediate
#6 sha256:b1790001f71c23a6ea76fe91cee1608441c6ea324099aea1d302e67cf0c878e1
#6 DONE 0.0s

#5 importing cache manifest from gcr.io/fuzzbench/builders/afl/yara_yara
#5 sha256:b5c03bcf769f5c9a001eb7bd5ce7128ec32935770891ed37037ae82194436133
#5 ERROR: gcr.io/fuzzbench/builders/afl/yara_yara:latest: not found

#12 [internal] load build context
#12 sha256:63f1e146417cd033a57901e47705a46c9ae8dd2b478ac6a43f203253b5ce0418
#12 transferring context: 669.85kB 0.1s done
#12 DONE 0.3s

#15 [stage-1  8/13] COPY benchmarks/yara_yara/benchmark.yaml /
#15 sha256:396e5ce97e2e33443f0f2d344d4bf9be1751c13fd00106025b1a44423e9b4561
#15 CACHED

#17 [stage-1 10/13] COPY docker/benchmark-builder/checkout_commit.py /opt/fuzzbench/
#17 sha256:a5d8eb6acc5d7dd0e00562db42177e68d48e2b9253e171a47e134db6c8c623ed
#17 CACHED

#9 [stage-1  3/13] COPY --from=base-image /usr/local/lib/python3.8 /usr/local/lib/python3.8
#9 sha256:9b43cc9e7bb2cb31000d986ccfb8ef3e70b8a56abd290f92fb52d676ae6af7f5
#9 CACHED

#11 [stage-1  5/13] COPY --from=base-image /usr/local/lib/python3.8/site-packages /usr/local/lib/python3.8/site-packages
#11 sha256:5164dd615e8c4454170466a5ecc1d987a3eded3d37acf0b1d60c3b4f96064a00
#11 CACHED

#14 [stage-1  7/13] RUN touch /src/__init__.py
#14 sha256:01b124a586aef737c4b278b6006cbe7e144a91e3d1e98fe5d854041ff6d8cb30
#14 CACHED

#18 [stage-1 11/13] RUN export CHECKOUT_COMMIT=$(cat /benchmark.yaml | tr -d ' ' | grep 'commit:' | cut -d ':' -f2) &&     python3 -u /opt/fuzzbench/checkout_commit.py $CHECKOUT_COMMIT /src
#18 sha256:098944f396bbc35241966f0b30a2a1b4a83c5d04ce5542aee2b73d811a69f7e0
#18 CACHED

#10 [stage-1  4/13] COPY --from=base-image /usr/local/include/python3.8 /usr/local/include/python3.8
#10 sha256:7237fe633bafb62fc6d716a05926701b69862ba8360efdccad39dd40eb01fb12
#10 CACHED

#13 [stage-1  6/13] COPY fuzzers /src/fuzzers
#13 sha256:b801c63e2669843292a6030505eda75ff718c37e5a9d26e7cab35064f800bed7
#13 CACHED

#16 [stage-1  9/13] RUN mkdir /opt/fuzzbench/
#16 sha256:5f859d81b7ed1b43e8e10fe209de9e180121cea594676a0d778e2c4550a03547
#16 CACHED

#8 [stage-1  2/13] COPY --from=base-image /usr/local/bin/python3* /usr/local/bin/
#8 sha256:0b7176789a4ed40a1879e537eae7ab1bdd446c9d7af6bc1bcad969970f95633c
#8 CACHED

#19 [stage-1 12/13] RUN echo "#!/bin/bash\nPYTHONPATH=/src python3 -u -c "from fuzzers import utils; utils.initialize_env(); from fuzzers.afl import fuzzer; fuzzer.build()"" > /usr/bin/fuzzer_build &&     chmod +x /usr/bin/fuzzer_build
#19 sha256:48c047beb1a0acf729ac6463a1fea3c55d38f6bfd098822970eef0e6ab3a0331
#19 CACHED

#20 [stage-1 13/13] RUN echo "Run fuzzer_build to build the target" && if [ -z "$debug_builder" ] ; then fuzzer_build; fi
#20 sha256:6480b85dea888af625c8358b3345ddf3918c7af3b2db302aaa66e90bb8fd740b
#20 0.484 Run fuzzer_build to build the target
#20 0.599 FUZZ_TARGET = yara
#20 0.599 CFLAGS = -DFUZZING_BUILD_MODE_UNSAFE_FOR_PRODUCTION -pthread -Wl,--no-as-needed -Wl,-ldl -Wl,-lm -Wno-unused-command-line-argument -O3
#20 0.599 CXXFLAGS = -DFUZZING_BUILD_MODE_UNSAFE_FOR_PRODUCTION -pthread -Wl,--no-as-needed -Wl,-ldl -Wl,-lm -Wno-unused-command-line-argument -stdlib=libc++ -O3
#20 0.605 Building benchmark yara_yara with fuzzer afl
#20 0.609 + ./bootstrap.sh
#20 4.828 libtoolize: putting auxiliary files in AC_CONFIG_AUX_DIR, 'build-aux'.
#20 4.828 libtoolize: copying file 'build-aux/ltmain.sh'
#20 4.870 libtoolize: putting macros in AC_CONFIG_MACRO_DIRS, 'm4'.
#20 4.870 libtoolize: copying file 'm4/libtool.m4'
#20 4.912 libtoolize: copying file 'm4/ltoptions.m4'
#20 4.954 libtoolize: copying file 'm4/ltsugar.m4'
#20 4.999 libtoolize: copying file 'm4/ltversion.m4'
#20 5.042 libtoolize: copying file 'm4/lt~obsolete.m4'
#20 8.852 configure.ac:20: installing 'build-aux/ar-lib'
#20 8.855 configure.ac:20: installing 'build-aux/compile'
#20 8.858 configure.ac:38: installing 'build-aux/config.guess'
#20 8.860 configure.ac:38: installing 'build-aux/config.sub'
#20 8.863 configure.ac:8: installing 'build-aux/install-sh'
#20 8.866 configure.ac:8: installing 'build-aux/missing'
#20 8.927 Makefile.am: installing 'build-aux/depcomp'
#20 8.969 parallel-tests: installing 'build-aux/test-driver'
#20 9.074 configure.ac: installing 'build-aux/ylwrap'
#20 9.135 + ./configure --enable-debug --enable-dex --enable-dotnet --without-crypto
#20 9.365 checking whether make supports nested variables... yes
#20 9.371 checking for a BSD-compatible install... /usr/bin/install -c
#20 9.385 checking whether build environment is sane... yes
#20 9.402 checking for a thread-safe mkdir -p... /usr/bin/mkdir -p
#20 9.406 checking for gawk... no
#20 9.407 checking for mawk... mawk
#20 9.408 checking whether make sets $(MAKE)... yes
#20 9.437 checking whether make supports the include directive... yes (GNU style)
#20 9.451 checking for gcc... clang
#20 9.522 checking whether the C compiler works... yes
#20 9.653 checking for C compiler default output file name... a.out
#20 9.654 checking for suffix of executables... 
#20 9.778 checking whether we are cross compiling... no
#20 9.920 checking for suffix of object files... o
#20 9.950 checking whether we are using the GNU C compiler... yes
#20 9.981 checking whether clang accepts -g... yes
#20 10.01 checking for clang option to accept ISO C89... none needed
#20 10.05 checking whether clang understands -c and -o together... yes
#20 10.09 checking dependency style of clang... gcc3
#20 10.15 checking for ar... ar
#20 10.15 checking the archiver (ar) interface... ar
#20 10.21 checking for gcc... (cached) clang
#20 10.28 checking whether we are using the GNU C compiler... (cached) yes
#20 10.28 checking whether clang accepts -g... (cached) yes
#20 10.28 checking for clang option to accept ISO C89... (cached) none needed
#20 10.28 checking whether clang understands -c and -o together... (cached) yes
#20 10.28 checking dependency style of clang... (cached) gcc3
#20 10.28 checking for clang option to accept ISO C99... none needed
#20 10.35 checking for flex... no
#20 10.35 checking for lex... no
#20 10.35 checking for bison... no
#20 10.35 checking for byacc... no
#20 10.36 checking for inline... inline
#20 10.38 checking how to run the C preprocessor... clang -E
#20 10.48 checking for grep that handles long lines and -e... /usr/bin/grep
#20 10.48 checking for egrep... /usr/bin/grep -E
#20 10.49 checking for ANSI C header files... yes
#20 10.73 checking for sys/types.h... yes
#20 10.78 checking for sys/stat.h... yes
#20 10.83 checking for stdlib.h... yes
#20 10.89 checking for string.h... yes
#20 10.95 checking for memory.h... yes
#20 11.01 checking for strings.h... yes
#20 11.06 checking for inttypes.h... yes
#20 11.12 checking for stdint.h... yes
#20 11.18 checking for unistd.h... yes
#20 11.24 checking whether byte ordering is bigendian... no
#20 11.35 checking for special C compiler options needed for large files... no
#20 11.35 checking for _FILE_OFFSET_BITS value needed for large files... no
#20 11.41 checking build system type... x86_64-pc-linux-gnu
#20 11.48 checking host system type... x86_64-pc-linux-gnu
#20 11.48 checking how to print strings... printf
#20 11.54 checking for a sed that does not truncate output... /usr/bin/sed
#20 11.55 checking for fgrep... /usr/bin/grep -F
#20 11.55 checking for ld used by clang... /usr/bin/ld
#20 11.57 checking if the linker (/usr/bin/ld) is GNU ld... yes
#20 11.57 checking for BSD- or MS-compatible name lister (nm)... /usr/bin/nm -B
#20 11.58 checking the name lister (/usr/bin/nm -B) interface... BSD nm
#20 11.61 checking whether ln -s works... yes
#20 11.61 checking the maximum length of command line arguments... 1572864
#20 11.62 checking how to convert x86_64-pc-linux-gnu file names to x86_64-pc-linux-gnu format... func_convert_file_noop
#20 11.62 checking how to convert x86_64-pc-linux-gnu file names to toolchain format... func_convert_file_noop
#20 11.62 checking for /usr/bin/ld option to reload object files... -r
#20 11.63 checking for objdump... objdump
#20 11.63 checking how to recognize dependent libraries... pass_all
#20 11.63 checking for dlltool... no
#20 11.63 checking how to associate runtime and link libraries... printf %s\n
#20 11.63 checking for archiver @FILE support... @
#20 11.69 checking for strip... strip
#20 11.69 checking for ranlib... ranlib
#20 11.69 checking command to parse /usr/bin/nm -B output from clang object... ok
#20 12.02 checking for sysroot... no
#20 12.02 checking for a working dd... /usr/bin/dd
#20 12.03 checking how to truncate binary pipes... /usr/bin/dd bs=4096 count=1
#20 12.06 checking for mt... no
#20 12.06 checking if : is a manifest tool... no
#20 12.07 checking for dlfcn.h... yes
#20 12.13 checking for objdir... .libs
#20 12.31 checking if clang supports -fno-rtti -fno-exceptions... yes
#20 12.34 checking for clang option to produce PIC... -fPIC -DPIC
#20 12.34 checking if clang PIC flag -fPIC -DPIC works... yes
#20 12.37 checking if clang static flag -static works... yes
#20 12.55 checking if clang supports -c -o file.o... yes
#20 12.60 checking if clang supports -c -o file.o... (cached) yes
#20 12.60 checking whether the clang linker (/usr/bin/ld -m elf_x86_64) supports shared libraries... yes
#20 12.62 checking whether -lc should be explicitly linked in... no
#20 12.67 checking dynamic linker characteristics... GNU/Linux ld.so
#20 12.85 checking how to hardcode library paths into programs... immediate
#20 12.85 checking whether stripping libraries is possible... yes
#20 12.85 checking if libtool supports shared libraries... yes
#20 12.85 checking whether to build shared libraries... yes
#20 12.85 checking whether to build static libraries... yes
#20 12.85 checking for the pthreads library -lpthreads... no
#20 12.94 checking whether pthreads work without any flags... yes
#20 13.09 checking for joinable pthread attribute... PTHREAD_CREATE_JOINABLE
#20 13.22 checking if more special flags are required for pthreads... no
#20 13.22 checking whether to check for GCC pthread/shared inconsistencies... no
#20 13.29 checking for isnan in -lm... yes
#20 13.42 checking for log2 in -lm... yes
#20 13.57 checking for strlcpy... no
#20 13.73 checking for strlcat... no
#20 13.90 checking for memmem... yes
#20 14.05 checking for timegm... yes
#20 14.19 checking for _mkgmtime... no
#20 14.35 checking for clock_gettime... yes
#20 14.48 checking stdbool.h usability... yes
#20 14.53 checking stdbool.h presence... yes
#20 14.55 checking for stdbool.h... yes
#20 14.56 ./configure: line 11481: syntax error near unexpected token `PROTOBUF_C,'
#20 14.56 ./configure: line 11481: `    PKG_CHECK_MODULES(PROTOBUF_C, libprotobuf-c >= 1.0.0)'
#20 14.62 Traceback (most recent call last):
#20 14.62   File "<string>", line 1, in <module>
#20 14.62   File "/src/fuzzers/afl/fuzzer.py", line 40, in build
#20 14.62     utils.build_benchmark()
#20 14.62   File "/src/fuzzers/utils.py", line 82, in build_benchmark
#20 14.62     subprocess.check_call(['/bin/bash', '-ex', build_script], env=env)
#20 14.62   File "/usr/local/lib/python3.8/subprocess.py", line 364, in check_call
#20 14.62     raise CalledProcessError(retcode, cmd)
#20 14.62 subprocess.CalledProcessError: Command '['/bin/bash', '-ex', '/src/build.sh']' returned non-zero exit status 2.
#20 ERROR: executor failed running [/bin/sh -c echo "Run fuzzer_build to build the target" && if [ -z "$debug_builder" ] ; then fuzzer_build; fi]: exit code: 1
------
 > importing cache manifest from gcr.io/fuzzbench/builders/afl/yara_yara:
------
------
 > [stage-1 13/13] RUN echo "Run fuzzer_build to build the target" && if [ -z "$debug_builder" ] ; then fuzzer_build; fi:
------
executor failed running [/bin/sh -c echo "Run fuzzer_build to build the target" && if [ -z "$debug_builder" ] ; then fuzzer_build; fi]: exit code: 1
make: *** [docker/generated.mk:2726432: .afl-yara_yara-builder] Error 1
