WARNING:root:gcloud not found in PATH.
INFO:root:Successfully integrated benchmark: proj4_proj4.
INFO:root:Please run "make test-run-afl-proj4_proj4" to test integration.
#1 [internal] load build definition from Dockerfile
#1 sha256:af17e92f40ac6b256cafa35f52c116eb4423c26b5a3e0f1b60b7e08de80a9d79
#1 transferring dockerfile: 950B done
#1 DONE 0.4s

#2 [internal] load .dockerignore
#2 sha256:19a4362c3cb5f1bed25e84cad65cebb3f6cd8e09460e0d4d03fa7017e42a7087
#2 transferring context: 2B done
#2 DONE 0.3s

#3 [internal] load metadata for gcr.io/oss-fuzz-base/base-builder:latest
#3 sha256:f10dc39cc9d418a5bc416dead31a1902b6821fdae909cd3b08f7a3fd1faba7b5
#3 DONE 0.4s

#9 [internal] load build context
#9 sha256:4844492a7b29e82bdf9f73de1c7cd9380a1287cfd63e59f4814aa68b99c25a62
#9 DONE 0.0s

#5 [1/5] FROM gcr.io/oss-fuzz-base/base-builder@sha256:4ad017ca53699eda684c1c444948c93a4af848fe34baee3a765d3c4693fe6a56
#5 sha256:3f10b3978a3951f6e2692fa5e5890ee5a755650381dedece7198ed0b1dcdaa8c
#5 DONE 0.0s

#4 importing cache manifest from gcr.io/fuzzbench/builders/benchmark/proj4_proj4
#4 sha256:2f401111748cc0ad40672fcf6540625dbb8e29038fa7f154717de7e1c8db6150
#4 ERROR: gcr.io/fuzzbench/builders/benchmark/proj4_proj4:latest: not found

#5 [1/5] FROM gcr.io/oss-fuzz-base/base-builder@sha256:4ad017ca53699eda684c1c444948c93a4af848fe34baee3a765d3c4693fe6a56
#5 sha256:3f10b3978a3951f6e2692fa5e5890ee5a755650381dedece7198ed0b1dcdaa8c
#5 CACHED

#9 [internal] load build context
#9 sha256:4844492a7b29e82bdf9f73de1c7cd9380a1287cfd63e59f4814aa68b99c25a62
#9 transferring context: 851B done
#9 DONE 0.2s

#6 [2/5] RUN apt-get update && apt-get install -y make autoconf automake libtool g++
#6 sha256:9f8580bfd934226d431ddbb95a5a724fc0ff2f130b3cd6edd674e24532830867
#6 0.780 Hit:1 http://ppa.launchpad.net/git-core/ppa/ubuntu focal InRelease
#6 0.780 Hit:2 http://archive.ubuntu.com/ubuntu focal InRelease
#6 0.788 Get:3 http://archive.ubuntu.com/ubuntu focal-updates InRelease [114 kB]
#6 0.884 Get:4 http://security.ubuntu.com/ubuntu focal-security InRelease [114 kB]
#6 0.894 Get:5 http://archive.ubuntu.com/ubuntu focal-backports InRelease [108 kB]
#6 1.330 Get:6 http://archive.ubuntu.com/ubuntu focal-updates/universe amd64 Packages [1134 kB]
#6 1.473 Get:7 http://archive.ubuntu.com/ubuntu focal-updates/main amd64 Packages [1973 kB]
#6 1.677 Get:8 http://archive.ubuntu.com/ubuntu focal-updates/main i386 Packages [752 kB]
#6 1.758 Get:9 http://archive.ubuntu.com/ubuntu focal-updates/universe i386 Packages [827 kB]
#6 1.783 Get:10 http://security.ubuntu.com/ubuntu focal-security/main amd64 Packages [1547 kB]
#6 1.856 Get:11 http://archive.ubuntu.com/ubuntu focal-backports/universe amd64 Packages [24.8 kB]
#6 1.858 Get:12 http://archive.ubuntu.com/ubuntu focal-backports/universe i386 Packages [13.1 kB]
#6 2.603 Fetched 6606 kB in 2s (3648 kB/s)
#6 2.603 Reading package lists...
#6 4.235 Reading package lists...
#6 5.647 Building dependency tree...
#6 5.858 Reading state information...
#6 6.068 g++ is already the newest version (4:9.3.0-1ubuntu2).
#6 6.068 g++ set to manually installed.
#6 6.068 make is already the newest version (4.2.1-1.2).
#6 6.068 make set to manually installed.
#6 6.068 The following additional packages will be installed:
#6 6.070   autotools-dev libltdl-dev libltdl7 libsigsegv2 m4
#6 6.072 Suggested packages:
#6 6.072   autoconf-archive gnu-standards autoconf-doc gettext libtool-doc gfortran
#6 6.072   | fortran95-compiler gcj-jdk m4-doc
#6 6.125 The following NEW packages will be installed:
#6 6.127   autoconf automake autotools-dev libltdl-dev libltdl7 libsigsegv2 libtool m4
#6 6.202 0 upgraded, 8 newly installed, 0 to remove and 0 not upgraded.
#6 6.202 Need to get 1457 kB of archives.
#6 6.202 After this operation, 6651 kB of additional disk space will be used.
#6 6.202 Get:1 http://archive.ubuntu.com/ubuntu focal/main amd64 libsigsegv2 amd64 2.12-2 [13.9 kB]
#6 6.230 Get:2 http://archive.ubuntu.com/ubuntu focal/main amd64 m4 amd64 1.4.18-4 [199 kB]
#6 6.299 Get:3 http://archive.ubuntu.com/ubuntu focal/main amd64 autoconf all 2.69-11.1 [321 kB]
#6 6.330 Get:4 http://archive.ubuntu.com/ubuntu focal/main amd64 autotools-dev all 20180224.1 [39.6 kB]
#6 6.333 Get:5 http://archive.ubuntu.com/ubuntu focal/main amd64 automake all 1:1.16.1-4ubuntu6 [522 kB]
#6 6.372 Get:6 http://archive.ubuntu.com/ubuntu focal/main amd64 libltdl7 amd64 2.4.6-14 [38.5 kB]
#6 6.374 Get:7 http://archive.ubuntu.com/ubuntu focal/main amd64 libltdl-dev amd64 2.4.6-14 [162 kB]
#6 6.386 Get:8 http://archive.ubuntu.com/ubuntu focal/main amd64 libtool all 2.4.6-14 [161 kB]
#6 6.646 debconf: delaying package configuration, since apt-utils is not installed
#6 6.729 Fetched 1457 kB in 0s (5677 kB/s)
#6 6.826 Selecting previously unselected package libsigsegv2:amd64.
#6 6.826 (Reading database ... (Reading database ... 5%(Reading database ... 10%(Reading database ... 15%(Reading database ... 20%(Reading database ... 25%(Reading database ... 30%(Reading database ... 35%(Reading database ... 40%(Reading database ... 45%(Reading database ... 50%(Reading database ... 55%(Reading database ... 60%(Reading database ... 65%(Reading database ... 70%(Reading database ... 75%(Reading database ... 80%(Reading database ... 85%(Reading database ... 90%(Reading database ... 95%(Reading database ... 100%(Reading database ... 21291 files and directories currently installed.)
#6 6.855 Preparing to unpack .../0-libsigsegv2_2.12-2_amd64.deb ...
#6 6.890 Unpacking libsigsegv2:amd64 (2.12-2) ...
#6 7.001 Selecting previously unselected package m4.
#6 7.005 Preparing to unpack .../1-m4_1.4.18-4_amd64.deb ...
#6 7.023 Unpacking m4 (1.4.18-4) ...
#6 7.167 Selecting previously unselected package autoconf.
#6 7.171 Preparing to unpack .../2-autoconf_2.69-11.1_all.deb ...
#6 7.188 Unpacking autoconf (2.69-11.1) ...
#6 7.370 Selecting previously unselected package autotools-dev.
#6 7.373 Preparing to unpack .../3-autotools-dev_20180224.1_all.deb ...
#6 7.401 Unpacking autotools-dev (20180224.1) ...
#6 7.585 Selecting previously unselected package automake.
#6 7.589 Preparing to unpack .../4-automake_1%3a1.16.1-4ubuntu6_all.deb ...
#6 7.607 Unpacking automake (1:1.16.1-4ubuntu6) ...
#6 7.820 Selecting previously unselected package libltdl7:amd64.
#6 7.823 Preparing to unpack .../5-libltdl7_2.4.6-14_amd64.deb ...
#6 7.846 Unpacking libltdl7:amd64 (2.4.6-14) ...
#6 7.962 Selecting previously unselected package libltdl-dev:amd64.
#6 7.965 Preparing to unpack .../6-libltdl-dev_2.4.6-14_amd64.deb ...
#6 7.986 Unpacking libltdl-dev:amd64 (2.4.6-14) ...
#6 8.145 Selecting previously unselected package libtool.
#6 8.148 Preparing to unpack .../7-libtool_2.4.6-14_all.deb ...
#6 8.166 Unpacking libtool (2.4.6-14) ...
#6 8.350 Setting up autotools-dev (20180224.1) ...
#6 8.396 Setting up libsigsegv2:amd64 (2.12-2) ...
#6 8.439 Setting up libltdl7:amd64 (2.4.6-14) ...
#6 8.486 Setting up libtool (2.4.6-14) ...
#6 8.533 Setting up m4 (1.4.18-4) ...
#6 8.582 Setting up autoconf (2.69-11.1) ...
#6 8.660 Setting up automake (1:1.16.1-4ubuntu6) ...
#6 8.714 update-alternatives: using /usr/bin/automake-1.16 to provide /usr/bin/automake (automake) in auto mode
#6 8.714 update-alternatives: warning: skip creation of /usr/share/man/man1/automake.1.gz because associated file /usr/share/man/man1/automake-1.16.1.gz (of link group automake) doesn't exist
#6 8.714 update-alternatives: warning: skip creation of /usr/share/man/man1/aclocal.1.gz because associated file /usr/share/man/man1/aclocal-1.16.1.gz (of link group automake) doesn't exist
#6 8.751 Setting up libltdl-dev:amd64 (2.4.6-14) ...
#6 8.821 Processing triggers for libc-bin (2.31-0ubuntu9.2) ...
#6 DONE 9.3s

#7 [3/5] RUN git clone --depth 1 https://github.com/OSGeo/proj.4 proj.4
#7 sha256:6941b674b8f9abe1287d309c41e072c0fb2a8d0537604129fa97855ce6ffef67
#7 0.563 Cloning into 'proj.4'...
#7 DONE 14.0s

#8 [4/5] WORKDIR proj.4
#8 sha256:48c062f428cf43f669b181f23cbb6148aef41c1931e699744c6cd201d288bd3c
#8 DONE 0.3s

#10 [5/5] COPY build.sh /src/
#10 sha256:8bfe62253ed29c781e054c7340400148cf24f4ba4b8aa2c68ba280d1e3e3051a
#10 DONE 0.3s

#11 exporting to image
#11 sha256:e8c613e07b0b7ff33893b694f7759a10d42e180f2b4dc349fb57dc6b71dcab00
#11 exporting layers done
#11 writing image sha256:f795d9ab6eabf59d0d8ecbe8dac3f14bc7ecd8b5ad4d332b14309683064c6e7f 0.0s done
#11 naming to gcr.io/fuzzbench/builders/benchmark/proj4_proj4 done
#11 DONE 0.3s

#12 exporting cache
#12 sha256:2700d4ef94dee473593c5c614b55b2dedcca7893909811a8f2b48291a1f581e4
#12 preparing build cache for export done
#12 DONE 0.0s
------
 > importing cache manifest from gcr.io/fuzzbench/builders/benchmark/proj4_proj4:
------
#1 [internal] load build definition from builder.Dockerfile
#1 sha256:ae28c17ed2dadc5535fa8e8899f0dd06007fa55ecdcdb626676dda5074a58d9a
#1 transferring dockerfile: 46B done
#1 DONE 0.1s

#2 [internal] load .dockerignore
#2 sha256:22e47f8a8b78079912334afe1f4e9270638a4f195b30957d39102d8818a398f5
#2 transferring context: 2B done
#2 DONE 0.1s

#3 [internal] load metadata for gcr.io/fuzzbench/builders/benchmark/proj4_proj4:latest
#3 sha256:3411f762cc2faa4afd2b3980c35ff51c3cb416355d06074fbbdf5b4123d9fbb4
#3 DONE 0.0s

#5 [1/3] FROM gcr.io/fuzzbench/builders/benchmark/proj4_proj4
#5 sha256:28fa9a80e3ba122ed9badede01aa0250129cb3cffffc2441cbf18ce5bf8f15fc
#5 DONE 0.0s

#4 importing cache manifest from gcr.io/fuzzbench/builders/afl/proj4_proj4-intermediate
#4 sha256:df3c21a29825b13dcfd8d744f6ffa0ab10f8ca2ccdeca4b4993586cdd5e547aa
#4 ERROR: gcr.io/fuzzbench/builders/afl/proj4_proj4-intermediate:latest: not found

#5 [1/3] FROM gcr.io/fuzzbench/builders/benchmark/proj4_proj4
#5 sha256:28fa9a80e3ba122ed9badede01aa0250129cb3cffffc2441cbf18ce5bf8f15fc
#5 DONE 0.9s

#6 [2/3] RUN git clone https://github.com/google/AFL.git /afl &&     cd /afl &&     git checkout 61037103ae3722c8060ff7082994836a794f978e &&     AFL_NO_X86=1 make
#6 sha256:0ea48365346880e66b651320e96ce78c6e9093e6e9a02f95f0f7d9b4da875568
#6 0.394 Cloning into '/afl'...
#6 1.395 Note: switching to '61037103ae3722c8060ff7082994836a794f978e'.
#6 1.395 
#6 1.395 You are in 'detached HEAD' state. You can look around, make experimental
#6 1.395 changes and commit them, and you can discard any commits you make in this
#6 1.395 state without impacting any branches by switching back to a branch.
#6 1.395 
#6 1.395 If you want to create a new branch to retain commits you create, you may
#6 1.395 do so (now or later) by using -c with the switch command. Example:
#6 1.395 
#6 1.395   git switch -c <new-branch-name>
#6 1.395 
#6 1.395 Or undo this operation with:
#6 1.395 
#6 1.395   git switch -
#6 1.395 
#6 1.395 Turn off this advice by setting config variable advice.detachedHead to false
#6 1.395 
#6 1.395 HEAD is now at 6103710 Fix a typo filename comparison in the fuzzer (#139)
#6 1.935 [!] Note: skipping x86 compilation checks (AFL_NO_X86 set).
#6 1.935 clang -O1 -fno-omit-frame-pointer -gline-tables-only -DFUZZING_BUILD_MODE_UNSAFE_FOR_PRODUCTION -Wall -D_FORTIFY_SOURCE=2 -g -Wno-pointer-sign -DAFL_PATH=\"/usr/local/lib/afl\" -DDOC_PATH=\"/usr/local/share/doc/afl\" -DBIN_PATH=\"/usr/local/bin\" afl-gcc.c -o afl-gcc -ldl
#6 2.119 set -e; for i in afl-g++ afl-clang afl-clang++; do ln -sf afl-gcc $i; done
#6 2.124 clang -O1 -fno-omit-frame-pointer -gline-tables-only -DFUZZING_BUILD_MODE_UNSAFE_FOR_PRODUCTION -Wall -D_FORTIFY_SOURCE=2 -g -Wno-pointer-sign -DAFL_PATH=\"/usr/local/lib/afl\" -DDOC_PATH=\"/usr/local/share/doc/afl\" -DBIN_PATH=\"/usr/local/bin\" afl-fuzz.c -o afl-fuzz -ldl
#6 4.667 clang -O1 -fno-omit-frame-pointer -gline-tables-only -DFUZZING_BUILD_MODE_UNSAFE_FOR_PRODUCTION -Wall -D_FORTIFY_SOURCE=2 -g -Wno-pointer-sign -DAFL_PATH=\"/usr/local/lib/afl\" -DDOC_PATH=\"/usr/local/share/doc/afl\" -DBIN_PATH=\"/usr/local/bin\" afl-showmap.c -o afl-showmap -ldl
#6 4.979 clang -O1 -fno-omit-frame-pointer -gline-tables-only -DFUZZING_BUILD_MODE_UNSAFE_FOR_PRODUCTION -Wall -D_FORTIFY_SOURCE=2 -g -Wno-pointer-sign -DAFL_PATH=\"/usr/local/lib/afl\" -DDOC_PATH=\"/usr/local/share/doc/afl\" -DBIN_PATH=\"/usr/local/bin\" afl-tmin.c -o afl-tmin -ldl
#6 5.407 clang -O1 -fno-omit-frame-pointer -gline-tables-only -DFUZZING_BUILD_MODE_UNSAFE_FOR_PRODUCTION -Wall -D_FORTIFY_SOURCE=2 -g -Wno-pointer-sign -DAFL_PATH=\"/usr/local/lib/afl\" -DDOC_PATH=\"/usr/local/share/doc/afl\" -DBIN_PATH=\"/usr/local/bin\" afl-gotcpu.c -o afl-gotcpu -ldl
#6 5.551 clang -O1 -fno-omit-frame-pointer -gline-tables-only -DFUZZING_BUILD_MODE_UNSAFE_FOR_PRODUCTION -Wall -D_FORTIFY_SOURCE=2 -g -Wno-pointer-sign -DAFL_PATH=\"/usr/local/lib/afl\" -DDOC_PATH=\"/usr/local/share/doc/afl\" -DBIN_PATH=\"/usr/local/bin\" afl-analyze.c -o afl-analyze -ldl
#6 5.948 clang -O1 -fno-omit-frame-pointer -gline-tables-only -DFUZZING_BUILD_MODE_UNSAFE_FOR_PRODUCTION -Wall -D_FORTIFY_SOURCE=2 -g -Wno-pointer-sign -DAFL_PATH=\"/usr/local/lib/afl\" -DDOC_PATH=\"/usr/local/share/doc/afl\" -DBIN_PATH=\"/usr/local/bin\" afl-as.c -o afl-as -ldl
#6 6.185 ln -sf afl-as as
#6 6.187 [!] Note: skipping build tests (you may need to use LLVM or QEMU mode).
#6 6.190 [+] LLVM users: see llvm_mode/README.llvm for a faster alternative to afl-gcc.
#6 6.191 [+] All done! Be sure to review README - it's pretty short and useful.
#6 DONE 7.3s

#7 [3/3] RUN apt-get update &&     apt-get install wget -y &&     wget https://raw.githubusercontent.com/llvm/llvm-project/5feb80e748924606531ba28c97fe65145c65372e/compiler-rt/lib/fuzzer/afl/afl_driver.cpp -O /afl/afl_driver.cpp &&     clang -Wno-pointer-sign -c /afl/llvm_mode/afl-llvm-rt.o.c -I/afl &&     clang++ -stdlib=libc++ -std=c++11 -O2 -c /afl/afl_driver.cpp &&     ar r /libAFL.a *.o
#7 sha256:93f58f2c6302be5b57579c25597227ccdf34b792f17863352f3c658ea23e4043
#7 0.787 Hit:1 http://ppa.launchpad.net/git-core/ppa/ubuntu focal InRelease
#7 0.787 Hit:2 http://archive.ubuntu.com/ubuntu focal InRelease
#7 0.799 Hit:3 http://archive.ubuntu.com/ubuntu focal-updates InRelease
#7 0.824 Hit:4 http://archive.ubuntu.com/ubuntu focal-backports InRelease
#7 0.953 Hit:5 http://security.ubuntu.com/ubuntu focal-security InRelease
#7 1.695 Reading package lists...
#7 3.267 Reading package lists...
#7 4.684 Building dependency tree...
#7 4.895 Reading state information...
#7 5.157 wget is already the newest version (1.20.3-1ubuntu2).
#7 5.157 0 upgraded, 0 newly installed, 0 to remove and 0 not upgraded.
#7 5.198 --2022-02-16 22:25:31--  https://raw.githubusercontent.com/llvm/llvm-project/5feb80e748924606531ba28c97fe65145c65372e/compiler-rt/lib/fuzzer/afl/afl_driver.cpp
#7 5.200 Resolving raw.githubusercontent.com (raw.githubusercontent.com)... 185.199.108.133, 185.199.109.133, 185.199.110.133, ...
#7 5.201 Connecting to raw.githubusercontent.com (raw.githubusercontent.com)|185.199.108.133|:443... connected.
#7 5.225 HTTP request sent, awaiting response... 200 OK
#7 5.245 Length: 9177 (9.0K) [text/plain]
#7 5.245 Saving to: '/afl/afl_driver.cpp'
#7 5.245 
#7 5.245      0K ........                                              100% 7.23M=0.001s
#7 5.246 
#7 5.246 2022-02-16 22:25:31 (7.23 MB/s) - '/afl/afl_driver.cpp' saved [9177/9177]
#7 5.246 
#7 7.028 ar: creating /libAFL.a
#7 DONE 7.4s

#8 exporting to image
#8 sha256:e8c613e07b0b7ff33893b694f7759a10d42e180f2b4dc349fb57dc6b71dcab00
#8 exporting layers done
#8 writing image sha256:e6b25d40af209114ed5bcbd5b9077bfff7eb17b3c9a997085de6edf8efb8c443
#8 writing image sha256:e6b25d40af209114ed5bcbd5b9077bfff7eb17b3c9a997085de6edf8efb8c443 done
#8 naming to gcr.io/fuzzbench/builders/afl/proj4_proj4-intermediate 0.0s done
#8 DONE 0.3s

#9 exporting cache
#9 sha256:2700d4ef94dee473593c5c614b55b2dedcca7893909811a8f2b48291a1f581e4
#9 preparing build cache for export done
#9 DONE 0.0s
------
 > importing cache manifest from gcr.io/fuzzbench/builders/afl/proj4_proj4-intermediate:
------
#2 [internal] load .dockerignore
#2 sha256:7637e76cf1004ae792b8a996fd91857854684c164d77d71ebd8c7052fa094b1c
#2 transferring context: 34B done
#2 DONE 0.3s

#1 [internal] load build definition from Dockerfile
#1 sha256:288d6a3de74e6e03599e459f4195d2fe1f2b4cd930411a31cd5c74c77a118b2f
#1 transferring dockerfile: 2.00kB done
#1 DONE 0.2s

#3 [internal] load metadata for docker.io/library/ubuntu:xenial
#3 sha256:f62bae18ed588840f045c881b2502661f2a89578a2f8f99b83f5200ee83dd25b
#3 DONE 0.0s

#5 [1/7] FROM docker.io/library/ubuntu:xenial
#5 sha256:14dd403f25ae9e519bd44f27dc17af7ce80f5a4f9f48ca88108364e67ec5d360
#5 DONE 0.0s

#4 importing cache manifest from gcr.io/fuzzbench/base-image
#4 sha256:9b220ebb4d4daceed1b96df9b6dca076e762f1cd612574f010b82d5b9e5ad896
#4 DONE 0.0s

#8 [internal] load build context
#8 sha256:c9361cbd4d069b458a26ba087fc48405f105099804c7c6d0b96aaabb2c2edd88
#8 transferring context: 559B 0.0s done
#8 DONE 0.1s

#9 [4/7] COPY ./requirements.txt /
#9 sha256:cb4ef6eecdf2a76e0a743c80aaeb8d421805d4fc84f5a21dfe766ad4ac892f3c
#9 CACHED

#10 [5/7] RUN pip3 install -r /requirements.txt
#10 sha256:e42e5169aec0d7d5872cd192e74bd158ee20dc5d0d561dd145797d86e9fb9c69
#10 CACHED

#11 [6/7] RUN apt-get update -y && apt-get install -y     apt-transport-https     lsb-release
#11 sha256:5d17497171539302a017974765573d1ef5bbe7d226d7ebfb2f76c518a50c7fe1
#11 CACHED

#6 [2/7] RUN apt-get update -y && apt-get install -y     build-essential     rsync     curl     zlib1g-dev     libncurses5-dev     libgdbm-dev     libnss3-dev     libssl-dev     libreadline-dev     libffi-dev     virtualenv     libbz2-dev     liblzma-dev     libsqlite3-dev
#6 sha256:3a1b0960f17eed529eaae93dc8fd3554f2743dd584d8fa569cdbe6bc734371ac
#6 CACHED

#7 [3/7] RUN cd /tmp/ &&     curl -O https://www.python.org/ftp/python/3.8.6/Python-3.8.6.tar.xz &&     tar -xvf Python-3.8.6.tar.xz &&     cd Python-3.8.6 &&     ./configure --enable-loadable-sqlite-extensions --enable-optimizations &&     make -j install &&     rm -r /tmp/Python-3.8.6.tar.xz /tmp/Python-3.8.6
#7 sha256:c5b9d1fb3371e84dbc60b76e7b2f8d5913bc93bcd4910ab65daa03e7b2ec4bb0
#7 CACHED

#12 [7/7] RUN CLOUD_SDK_REPO="cloud-sdk-$(lsb_release -c -s)" &&     echo "deb https://packages.cloud.google.com/apt $CLOUD_SDK_REPO main"     | tee -a /etc/apt/sources.list.d/google-cloud-sdk.list &&     curl https://packages.cloud.google.com/apt/doc/apt-key.gpg     | apt-key add - &&     apt-get update -y &&     apt-get install -y google-cloud-sdk
#12 sha256:bdb031b8b018f7295058ec429531ab0d35ec630ce6b34be7578f089e6a58a9c7
#12 CACHED

#13 exporting to image
#13 sha256:e8c613e07b0b7ff33893b694f7759a10d42e180f2b4dc349fb57dc6b71dcab00
#13 exporting layers done
#13 writing image sha256:139540fb22a119f888cb3e5ed6e013e8d868574697f5fb839e5da9e23de73e0a
#13 writing image sha256:139540fb22a119f888cb3e5ed6e013e8d868574697f5fb839e5da9e23de73e0a done
#13 naming to gcr.io/fuzzbench/base-image done
#13 DONE 0.1s

#14 exporting cache
#14 sha256:2700d4ef94dee473593c5c614b55b2dedcca7893909811a8f2b48291a1f581e4
#14 preparing build cache for export done
#14 DONE 0.0s
#1 [internal] load build definition from Dockerfile
#1 sha256:a02c8cebd4132e630d221594742c953febd4449fb7be21befe3cfd3c0237d695
#1 transferring dockerfile: 2.22kB done
#1 DONE 0.1s

#2 [internal] load .dockerignore
#2 sha256:11727bf98895ed5a1160a6c43bb76598d891837b4039a7314f275e0530b80129
#2 transferring context: 34B done
#2 DONE 0.1s

#4 [internal] load metadata for gcr.io/fuzzbench/base-image:latest
#4 sha256:932022888f650cc455b10eb5123bb08c0cccacac29a693e69314abbfd28a72c3
#4 DONE 0.0s

#3 [internal] load metadata for gcr.io/fuzzbench/builders/afl/proj4_proj4-intermediate:latest
#3 sha256:10351e0588d47d132d025d095d7ecea64adb95cf78a64e582a549d1d5b4b294c
#3 DONE 0.0s

#12 [internal] load build context
#12 sha256:b7211a2533f6cdf50d5d3eb4a4e1868a4283df42b32d2aa2572eddec22d2205f
#12 DONE 0.0s

#7 [base-image 1/1] FROM gcr.io/fuzzbench/base-image
#7 sha256:4d07825694520f8b6f6a0d8592dbd345433361ae044cb7f06706c5a95e3daaad
#7 DONE 0.0s

#6 [stage-1  1/13] FROM gcr.io/fuzzbench/builders/afl/proj4_proj4-intermediate
#6 sha256:4458374f608d75714f0c81d1f0e847f95474f05b3cdde9d40ed9252ef2008ecf
#6 DONE 0.0s

#5 importing cache manifest from gcr.io/fuzzbench/builders/afl/proj4_proj4
#5 sha256:f77732eed117f555cc6cd347e801ad85cf255d367389dc24a8db7f4e90ba20d0
#5 ERROR: gcr.io/fuzzbench/builders/afl/proj4_proj4:latest: not found

#7 [base-image 1/1] FROM gcr.io/fuzzbench/base-image
#7 sha256:4d07825694520f8b6f6a0d8592dbd345433361ae044cb7f06706c5a95e3daaad
#7 CACHED

#12 [internal] load build context
#12 sha256:b7211a2533f6cdf50d5d3eb4a4e1868a4283df42b32d2aa2572eddec22d2205f
#12 transferring context: 669.86kB 0.1s done
#12 DONE 0.2s

#6 [stage-1  1/13] FROM gcr.io/fuzzbench/builders/afl/proj4_proj4-intermediate
#6 sha256:4458374f608d75714f0c81d1f0e847f95474f05b3cdde9d40ed9252ef2008ecf
#6 DONE 1.1s

#8 [stage-1  2/13] COPY --from=base-image /usr/local/bin/python3* /usr/local/bin/
#8 sha256:9fdcf01adcd5e4c969c47215ef75673c6b72da6232b129d19ad2e97b23b8764a
#8 DONE 0.8s

#9 [stage-1  3/13] COPY --from=base-image /usr/local/lib/python3.8 /usr/local/lib/python3.8
#9 sha256:405e827647a95c108bf4b6e61493d76ea237a90a55a17dc6e0bcbda0bdc36e0f
#9 DONE 25.1s

#10 [stage-1  4/13] COPY --from=base-image /usr/local/include/python3.8 /usr/local/include/python3.8
#10 sha256:d81a569c5367ec027fc44d9999768cd1dd1b1d16eeaeccf888a682d0f2659878
#10 DONE 0.1s

#11 [stage-1  5/13] COPY --from=base-image /usr/local/lib/python3.8/site-packages /usr/local/lib/python3.8/site-packages
#11 sha256:d468ce356b33d8a9e8610a0cfcf6e179f51d2b7a820c2f5bad1346d0ff002cb2
#11 DONE 39.1s

#13 [stage-1  6/13] COPY fuzzers /src/fuzzers
#13 sha256:caf1aeea294fbad4807aa21b9908cb348bb46e3cfaa8ff4878a5884abaca8b36
#13 DONE 2.3s

#14 [stage-1  7/13] RUN touch /src/__init__.py
#14 sha256:df8632a2f689b2379a8bb0886de30ddd3043b294e1c4e6dd302e1314517b92ed
#14 DONE 1.0s

#15 [stage-1  8/13] COPY benchmarks/proj4_proj4/benchmark.yaml /
#15 sha256:21a6fb5f36aadaabacb4369d7398f1caf1e46df36e6c2bed06717d1d4da6790f
#15 DONE 0.4s

#16 [stage-1  9/13] RUN mkdir /opt/fuzzbench/
#16 sha256:a78c31ec3e59cc9df231484cfa91eda0fec924746f68b9974e449776fd223e83
#16 DONE 3.5s

#17 [stage-1 10/13] COPY docker/benchmark-builder/checkout_commit.py /opt/fuzzbench/
#17 sha256:8d520af320e8443c94a13a4a16fd4fd97482653df21d815a65f2d630f04ec583
#17 DONE 1.4s

#18 [stage-1 11/13] RUN export CHECKOUT_COMMIT=$(cat /benchmark.yaml | tr -d ' ' | grep 'commit:' | cut -d ':' -f2) &&     python3 -u /opt/fuzzbench/checkout_commit.py $CHECKOUT_COMMIT /src
#18 sha256:f2c428ba874fec7d938a6e3f44209791e47dbe36b0e0fc93e352fd998ca23868
#18 1.289 Checking out commit 10783acc
#18 38.42 From https://github.com/OSGeo/proj.4
#18 38.42  * [new tag]           4.7.0      -> 4.7.0
#18 38.42  * [new tag]           4.8.0      -> 4.8.0
#18 38.42  * [new tag]           4.9.0      -> 4.9.0
#18 38.42  * [new tag]           4.9.1      -> 4.9.1
#18 38.42  * [new tag]           4.9.3      -> 4.9.3
#18 38.42  * [new tag]           5.0.0      -> 5.0.0
#18 38.42  * [new tag]           5.1.0      -> 5.1.0
#18 38.42  * [new tag]           5.2.0      -> 5.2.0
#18 38.42  * [new tag]           6.2.0      -> 6.2.0
#18 38.42  * [new tag]           6.3.0      -> 6.3.0
#18 38.42  * [new tag]           8.0.0      -> 8.0.0
#18 38.42  * [new tag]           8.1.0      -> 8.1.0
#18 38.42  * [new tag]           proj_4_4_3 -> proj_4_4_3
#18 38.42  * [new tag]           proj_4_4_5 -> proj_4_4_5
#18 38.42  * [new tag]           proj_4_4_6 -> proj_4_4_6
#18 38.42  * [new tag]           proj_4_4_7 -> proj_4_4_7
#18 38.42  * [new tag]           proj_4_4_8 -> proj_4_4_8
#18 38.42  * [new tag]           proj_4_4_9 -> proj_4_4_9
#18 38.42  * [new tag]           proj_4_5_0 -> proj_4_5_0
#18 38.42  * [new tag]           proj_4_6_0 -> proj_4_6_0
#18 38.42  * [new tag]           proj_4_6_1 -> proj_4_6_1
#18 38.43 error: pathspec '10783acc' did not match any file(s) known to git
#18 38.44 error: pathspec '10783acc' did not match any file(s) known to git
#18 38.45 error: pathspec '10783acc' did not match any file(s) known to git
#18 38.52 Checkout unsuccessful.
#18 DONE 40.4s

#19 [stage-1 12/13] RUN echo "#!/bin/bash\nPYTHONPATH=/src python3 -u -c "from fuzzers import utils; utils.initialize_env(); from fuzzers.afl import fuzzer; fuzzer.build()"" > /usr/bin/fuzzer_build &&     chmod +x /usr/bin/fuzzer_build
#19 sha256:2fb5bd20018160c6421e15dec3f993a760fd8aede31a6ba6d76ca057718b2ba6
#19 DONE 2.4s

#20 [stage-1 13/13] RUN echo "Run fuzzer_build to build the target" && if [ -z "$debug_builder" ] ; then fuzzer_build; fi
#20 sha256:4efec0638f6f2b916fc12a93af323481a94e1976fe444a1aafeedb104dcd9c97
#20 0.633 Run fuzzer_build to build the target
#20 0.777 FUZZ_TARGET = proj4
#20 0.777 CFLAGS = -DFUZZING_BUILD_MODE_UNSAFE_FOR_PRODUCTION -pthread -Wl,--no-as-needed -Wl,-ldl -Wl,-lm -Wno-unused-command-line-argument -O3
#20 0.777 CXXFLAGS = -DFUZZING_BUILD_MODE_UNSAFE_FOR_PRODUCTION -pthread -Wl,--no-as-needed -Wl,-ldl -Wl,-lm -Wno-unused-command-line-argument -stdlib=libc++ -O3
#20 0.792 Building benchmark proj4_proj4 with fuzzer afl
#20 0.796 + ./autogen.sh
#20 0.796 /src/build.sh: line 18: ./autogen.sh: No such file or directory
#20 0.798 Traceback (most recent call last):
#20 0.798   File "<string>", line 1, in <module>
#20 0.798   File "/src/fuzzers/afl/fuzzer.py", line 40, in build
#20 0.798     utils.build_benchmark()
#20 0.798   File "/src/fuzzers/utils.py", line 82, in build_benchmark
#20 0.798     subprocess.check_call(['/bin/bash', '-ex', build_script], env=env)
#20 0.798   File "/usr/local/lib/python3.8/subprocess.py", line 364, in check_call
#20 0.799     raise CalledProcessError(retcode, cmd)
#20 0.799 subprocess.CalledProcessError: Command '['/bin/bash', '-ex', '/src/build.sh']' returned non-zero exit status 127.
#20 ERROR: executor failed running [/bin/sh -c echo "Run fuzzer_build to build the target" && if [ -z "$debug_builder" ] ; then fuzzer_build; fi]: exit code: 1
------
 > importing cache manifest from gcr.io/fuzzbench/builders/afl/proj4_proj4:
------
------
 > [stage-1 13/13] RUN echo "Run fuzzer_build to build the target" && if [ -z "$debug_builder" ] ; then fuzzer_build; fi:
------
executor failed running [/bin/sh -c echo "Run fuzzer_build to build the target" && if [ -z "$debug_builder" ] ; then fuzzer_build; fi]: exit code: 1
make: *** [docker/generated.mk:2776628: .afl-proj4_proj4-builder] Error 1
/bin/sh: 1: source: not found
#2 [internal] load .dockerignore
#2 sha256:92876869fdec1a8358c118a5c2e4c72b1797dc7a00decd52010f52be7af182c3
#2 transferring context: 2B done
#2 ...

#1 [internal] load build definition from Dockerfile
#1 sha256:43ff8f3b365b61815bd2cc9dd99d8df588cf948e8f27c5e5549aa095a2dcc545
#1 transferring dockerfile: 32B done
#1 DONE 0.3s

#2 [internal] load .dockerignore
#2 sha256:92876869fdec1a8358c118a5c2e4c72b1797dc7a00decd52010f52be7af182c3
#2 DONE 0.4s

#3 [internal] load metadata for gcr.io/oss-fuzz-base/base-builder:latest
#3 sha256:f10dc39cc9d418a5bc416dead31a1902b6821fdae909cd3b08f7a3fd1faba7b5
#3 DONE 0.5s

#4 importing cache manifest from gcr.io/fuzzbench/builders/benchmark/proj4_proj4
#4 sha256:2f401111748cc0ad40672fcf6540625dbb8e29038fa7f154717de7e1c8db6150
#4 DONE 0.0s

#5 [1/5] FROM gcr.io/oss-fuzz-base/base-builder@sha256:4ad017ca53699eda684c1c444948c93a4af848fe34baee3a765d3c4693fe6a56
#5 sha256:3f10b3978a3951f6e2692fa5e5890ee5a755650381dedece7198ed0b1dcdaa8c
#5 DONE 0.0s

#9 [internal] load build context
#9 sha256:633bbfc1a915047e04b3b453dd825e7454458a4b0ae9c4174d1f0fe82dd622a9
#9 transferring context: 30B done
#9 DONE 0.1s

#6 [2/5] RUN apt-get update && apt-get install -y make autoconf automake libtool g++
#6 sha256:9f8580bfd934226d431ddbb95a5a724fc0ff2f130b3cd6edd674e24532830867
#6 CACHED

#7 [3/5] RUN git clone --depth 1 https://github.com/OSGeo/proj.4 proj.4
#7 sha256:6941b674b8f9abe1287d309c41e072c0fb2a8d0537604129fa97855ce6ffef67
#7 CACHED

#8 [4/5] WORKDIR proj.4
#8 sha256:48c062f428cf43f669b181f23cbb6148aef41c1931e699744c6cd201d288bd3c
#8 CACHED

#10 [5/5] COPY build.sh /src/
#10 sha256:008b86304823034448cc90bd5a9e0838abe44503864a913e879306cbf59e7b32
#10 CACHED

#11 exporting to image
#11 sha256:e8c613e07b0b7ff33893b694f7759a10d42e180f2b4dc349fb57dc6b71dcab00
#11 exporting layers done
#11 writing image sha256:f795d9ab6eabf59d0d8ecbe8dac3f14bc7ecd8b5ad4d332b14309683064c6e7f 0.0s done
#11 naming to gcr.io/fuzzbench/builders/benchmark/proj4_proj4 done
#11 DONE 0.4s

#12 exporting cache
#12 sha256:2700d4ef94dee473593c5c614b55b2dedcca7893909811a8f2b48291a1f581e4
#12 preparing build cache for export done
#12 DONE 0.0s
#1 [internal] load build definition from builder.Dockerfile
#1 sha256:6c8bf712901b220e240a86d821d90f72fae81af75e8efa1ea4b086c935aa3106
#1 transferring dockerfile: 46B done
#1 DONE 0.1s

#2 [internal] load .dockerignore
#2 sha256:f79f33c6f9674712d5334b44c61c9512fec78470c62ca66ee2e7a5d03a096dee
#2 transferring context: 2B done
#2 DONE 0.2s

#3 [internal] load metadata for gcr.io/fuzzbench/builders/benchmark/proj4_proj4:latest
#3 sha256:3411f762cc2faa4afd2b3980c35ff51c3cb416355d06074fbbdf5b4123d9fbb4
#3 DONE 0.0s

#4 importing cache manifest from gcr.io/fuzzbench/builders/afl/proj4_proj4-intermediate
#4 sha256:df3c21a29825b13dcfd8d744f6ffa0ab10f8ca2ccdeca4b4993586cdd5e547aa
#4 DONE 0.0s

#5 [1/3] FROM gcr.io/fuzzbench/builders/benchmark/proj4_proj4
#5 sha256:28fa9a80e3ba122ed9badede01aa0250129cb3cffffc2441cbf18ce5bf8f15fc
#5 DONE 0.0s

#6 [2/3] RUN git clone https://github.com/google/AFL.git /afl &&     cd /afl &&     git checkout 61037103ae3722c8060ff7082994836a794f978e &&     AFL_NO_X86=1 make
#6 sha256:0ea48365346880e66b651320e96ce78c6e9093e6e9a02f95f0f7d9b4da875568
#6 CACHED

#7 [3/3] RUN apt-get update &&     apt-get install wget -y &&     wget https://raw.githubusercontent.com/llvm/llvm-project/5feb80e748924606531ba28c97fe65145c65372e/compiler-rt/lib/fuzzer/afl/afl_driver.cpp -O /afl/afl_driver.cpp &&     clang -Wno-pointer-sign -c /afl/llvm_mode/afl-llvm-rt.o.c -I/afl &&     clang++ -stdlib=libc++ -std=c++11 -O2 -c /afl/afl_driver.cpp &&     ar r /libAFL.a *.o
#7 sha256:93f58f2c6302be5b57579c25597227ccdf34b792f17863352f3c658ea23e4043
#7 CACHED

#8 exporting to image
#8 sha256:e8c613e07b0b7ff33893b694f7759a10d42e180f2b4dc349fb57dc6b71dcab00
#8 exporting layers done
#8 writing image sha256:e6b25d40af209114ed5bcbd5b9077bfff7eb17b3c9a997085de6edf8efb8c443 0.0s done
#8 naming to gcr.io/fuzzbench/builders/afl/proj4_proj4-intermediate done
#8 DONE 0.5s

#9 exporting cache
#9 sha256:2700d4ef94dee473593c5c614b55b2dedcca7893909811a8f2b48291a1f581e4
#9 preparing build cache for export done
#9 DONE 0.0s
#2 [internal] load .dockerignore
#2 sha256:56b73c18b307c9424eb984f2382473a865feb422772ea9266c39b70fb0898675
#2 transferring context: 34B done
#2 ...

#1 [internal] load build definition from Dockerfile
#1 sha256:0d68ab3b3ebe05657c9d60766f752120b49ad5f50c8a2a44ffcf5960d2f1f6ef
#1 transferring dockerfile: 2.00kB done
#1 DONE 0.2s

#2 [internal] load .dockerignore
#2 sha256:56b73c18b307c9424eb984f2382473a865feb422772ea9266c39b70fb0898675
#2 DONE 0.3s

#3 [internal] load metadata for docker.io/library/ubuntu:xenial
#3 sha256:f62bae18ed588840f045c881b2502661f2a89578a2f8f99b83f5200ee83dd25b
#3 DONE 0.0s

#4 importing cache manifest from gcr.io/fuzzbench/base-image
#4 sha256:9b220ebb4d4daceed1b96df9b6dca076e762f1cd612574f010b82d5b9e5ad896
#4 DONE 0.0s

#5 [1/7] FROM docker.io/library/ubuntu:xenial
#5 sha256:14dd403f25ae9e519bd44f27dc17af7ce80f5a4f9f48ca88108364e67ec5d360
#5 DONE 0.0s

#8 [internal] load build context
#8 sha256:01d2676cc04568c20e2fff63e948a3191bc21a7e021378ead21f2092835e6838
#8 transferring context: 559B 0.0s done
#8 DONE 0.1s

#6 [2/7] RUN apt-get update -y && apt-get install -y     build-essential     rsync     curl     zlib1g-dev     libncurses5-dev     libgdbm-dev     libnss3-dev     libssl-dev     libreadline-dev     libffi-dev     virtualenv     libbz2-dev     liblzma-dev     libsqlite3-dev
#6 sha256:3a1b0960f17eed529eaae93dc8fd3554f2743dd584d8fa569cdbe6bc734371ac
#6 CACHED

#7 [3/7] RUN cd /tmp/ &&     curl -O https://www.python.org/ftp/python/3.8.6/Python-3.8.6.tar.xz &&     tar -xvf Python-3.8.6.tar.xz &&     cd Python-3.8.6 &&     ./configure --enable-loadable-sqlite-extensions --enable-optimizations &&     make -j install &&     rm -r /tmp/Python-3.8.6.tar.xz /tmp/Python-3.8.6
#7 sha256:c5b9d1fb3371e84dbc60b76e7b2f8d5913bc93bcd4910ab65daa03e7b2ec4bb0
#7 CACHED

#9 [4/7] COPY ./requirements.txt /
#9 sha256:912fc05a61f364445656c2ca206a89fde22245c12018ebc816588910a5bf988c
#9 CACHED

#10 [5/7] RUN pip3 install -r /requirements.txt
#10 sha256:59e9b17d5a9f717bd2a7d0d850d6e452ee6784d4ef9f5a23d63aac264102d780
#10 CACHED

#11 [6/7] RUN apt-get update -y && apt-get install -y     apt-transport-https     lsb-release
#11 sha256:d479c3a900dfc69197d5a822c4bc7f6869045dd20be50077283e34cc4d873ac1
#11 CACHED

#12 [7/7] RUN CLOUD_SDK_REPO="cloud-sdk-$(lsb_release -c -s)" &&     echo "deb https://packages.cloud.google.com/apt $CLOUD_SDK_REPO main"     | tee -a /etc/apt/sources.list.d/google-cloud-sdk.list &&     curl https://packages.cloud.google.com/apt/doc/apt-key.gpg     | apt-key add - &&     apt-get update -y &&     apt-get install -y google-cloud-sdk
#12 sha256:7f514a2c8aeb994499c0096a2cc07aca29df9942f93317008aa2bcc944c086e9
#12 CACHED

#13 exporting to image
#13 sha256:e8c613e07b0b7ff33893b694f7759a10d42e180f2b4dc349fb57dc6b71dcab00
#13 exporting layers done
#13 writing image sha256:139540fb22a119f888cb3e5ed6e013e8d868574697f5fb839e5da9e23de73e0a
#13 writing image sha256:139540fb22a119f888cb3e5ed6e013e8d868574697f5fb839e5da9e23de73e0a 0.0s done
#13 naming to gcr.io/fuzzbench/base-image done
#13 DONE 0.1s

#14 exporting cache
#14 sha256:2700d4ef94dee473593c5c614b55b2dedcca7893909811a8f2b48291a1f581e4
#14 preparing build cache for export done
#14 DONE 0.0s
#1 [internal] load build definition from Dockerfile
#1 sha256:1f3e1632e9d344b5541f4158aa93dbc08d30727230c27be55183ce6b069c5eb8
#1 transferring dockerfile: 2.22kB done
#1 DONE 0.1s

#2 [internal] load .dockerignore
#2 sha256:1061be343add2f2c33b46696a6f60dd2f35daf239fc9fd0c7380fd7e57fe7e68
#2 transferring context: 34B done
#2 DONE 0.1s

#4 [internal] load metadata for gcr.io/fuzzbench/base-image:latest
#4 sha256:932022888f650cc455b10eb5123bb08c0cccacac29a693e69314abbfd28a72c3
#4 DONE 0.0s

#3 [internal] load metadata for gcr.io/fuzzbench/builders/afl/proj4_proj4-intermediate:latest
#3 sha256:10351e0588d47d132d025d095d7ecea64adb95cf78a64e582a549d1d5b4b294c
#3 DONE 0.0s

#12 [internal] load build context
#12 sha256:852784905557af3910cfffc68d4c84db2ba91d5f6d1d2d45266e9116bb2929fa
#12 DONE 0.0s

#7 [base-image 1/1] FROM gcr.io/fuzzbench/base-image
#7 sha256:4d07825694520f8b6f6a0d8592dbd345433361ae044cb7f06706c5a95e3daaad
#7 DONE 0.0s

#6 [stage-1  1/13] FROM gcr.io/fuzzbench/builders/afl/proj4_proj4-intermediate
#6 sha256:4458374f608d75714f0c81d1f0e847f95474f05b3cdde9d40ed9252ef2008ecf
#6 DONE 0.0s

#5 importing cache manifest from gcr.io/fuzzbench/builders/afl/proj4_proj4
#5 sha256:f77732eed117f555cc6cd347e801ad85cf255d367389dc24a8db7f4e90ba20d0
#5 ERROR: gcr.io/fuzzbench/builders/afl/proj4_proj4:latest: not found

#12 [internal] load build context
#12 sha256:852784905557af3910cfffc68d4c84db2ba91d5f6d1d2d45266e9116bb2929fa
#12 transferring context: 669.86kB 0.1s done
#12 DONE 0.3s

#13 [stage-1  6/13] COPY fuzzers /src/fuzzers
#13 sha256:6d9ebae7f65260bd8766a1b7722e9b0e4e00d9758ff5c529f391f486e8a478db
#13 CACHED

#16 [stage-1  9/13] RUN mkdir /opt/fuzzbench/
#16 sha256:7b652a95c02534511f932dfa6bc9279d9d44f8e822b236a4a2b5b5448d18af5a
#16 CACHED

#17 [stage-1 10/13] COPY docker/benchmark-builder/checkout_commit.py /opt/fuzzbench/
#17 sha256:994702fe33588a59378c1ab0165927a3b22512d5a1d8ab68a37dd6d0e7b75621
#17 CACHED

#8 [stage-1  2/13] COPY --from=base-image /usr/local/bin/python3* /usr/local/bin/
#8 sha256:9fdcf01adcd5e4c969c47215ef75673c6b72da6232b129d19ad2e97b23b8764a
#8 CACHED

#11 [stage-1  5/13] COPY --from=base-image /usr/local/lib/python3.8/site-packages /usr/local/lib/python3.8/site-packages
#11 sha256:d468ce356b33d8a9e8610a0cfcf6e179f51d2b7a820c2f5bad1346d0ff002cb2
#11 CACHED

#15 [stage-1  8/13] COPY benchmarks/proj4_proj4/benchmark.yaml /
#15 sha256:2685ae8468908e77b33f8678abbf5bb76e581a8afc9331e7031a44be6bffea84
#15 CACHED

#14 [stage-1  7/13] RUN touch /src/__init__.py
#14 sha256:e770c2b6f5a8f058169f4eec2e4399de4e584e35a21278b40e6277afb52ad6a9
#14 CACHED

#9 [stage-1  3/13] COPY --from=base-image /usr/local/lib/python3.8 /usr/local/lib/python3.8
#9 sha256:405e827647a95c108bf4b6e61493d76ea237a90a55a17dc6e0bcbda0bdc36e0f
#9 CACHED

#10 [stage-1  4/13] COPY --from=base-image /usr/local/include/python3.8 /usr/local/include/python3.8
#10 sha256:d81a569c5367ec027fc44d9999768cd1dd1b1d16eeaeccf888a682d0f2659878
#10 CACHED

#18 [stage-1 11/13] RUN export CHECKOUT_COMMIT=$(cat /benchmark.yaml | tr -d ' ' | grep 'commit:' | cut -d ':' -f2) &&     python3 -u /opt/fuzzbench/checkout_commit.py $CHECKOUT_COMMIT /src
#18 sha256:92b23a1817d79b83e6912f8dfc534c8f736e8d1bf7b732a5fe615c8bc1841c5c
#18 CACHED

#19 [stage-1 12/13] RUN echo "#!/bin/bash\nPYTHONPATH=/src python3 -u -c "from fuzzers import utils; utils.initialize_env(); from fuzzers.afl import fuzzer; fuzzer.build()"" > /usr/bin/fuzzer_build &&     chmod +x /usr/bin/fuzzer_build
#19 sha256:497a88db199b161323bf227def8a7d5275e4a8ef3c7fd7434561a951f4714ddb
#19 CACHED

#20 [stage-1 13/13] RUN echo "Run fuzzer_build to build the target" && if [ -z "$debug_builder" ] ; then fuzzer_build; fi
#20 sha256:2a1d8832636b963e31ccc91e929a4ef7332c568a1f6416f9ebc636cda526edd9
#20 0.441 Run fuzzer_build to build the target
#20 0.572 FUZZ_TARGET = proj4
#20 0.572 CFLAGS = -DFUZZING_BUILD_MODE_UNSAFE_FOR_PRODUCTION -pthread -Wl,--no-as-needed -Wl,-ldl -Wl,-lm -Wno-unused-command-line-argument -O3
#20 0.572 CXXFLAGS = -DFUZZING_BUILD_MODE_UNSAFE_FOR_PRODUCTION -pthread -Wl,--no-as-needed -Wl,-ldl -Wl,-lm -Wno-unused-command-line-argument -stdlib=libc++ -O3
#20 0.577 Building benchmark proj4_proj4 with fuzzer afl
#20 0.580 + ./autogen.sh
#20 0.581 /src/build.sh: line 18: ./autogen.sh: No such file or directory
#20 0.581 Traceback (most recent call last):
#20 0.581   File "<string>", line 1, in <module>
#20 0.581   File "/src/fuzzers/afl/fuzzer.py", line 40, in build
#20 0.582     utils.build_benchmark()
#20 0.582   File "/src/fuzzers/utils.py", line 82, in build_benchmark
#20 0.582     subprocess.check_call(['/bin/bash', '-ex', build_script], env=env)
#20 0.582   File "/usr/local/lib/python3.8/subprocess.py", line 364, in check_call
#20 0.582     raise CalledProcessError(retcode, cmd)
#20 0.582 subprocess.CalledProcessError: Command '['/bin/bash', '-ex', '/src/build.sh']' returned non-zero exit status 127.
#20 ERROR: executor failed running [/bin/sh -c echo "Run fuzzer_build to build the target" && if [ -z "$debug_builder" ] ; then fuzzer_build; fi]: exit code: 1
------
 > importing cache manifest from gcr.io/fuzzbench/builders/afl/proj4_proj4:
------
------
 > [stage-1 13/13] RUN echo "Run fuzzer_build to build the target" && if [ -z "$debug_builder" ] ; then fuzzer_build; fi:
------
executor failed running [/bin/sh -c echo "Run fuzzer_build to build the target" && if [ -z "$debug_builder" ] ; then fuzzer_build; fi]: exit code: 1
make: *** [docker/generated.mk:2776628: .afl-proj4_proj4-builder] Error 1
