WARNING:root:gcloud not found in PATH.
INFO:root:Successfully integrated benchmark: opencv_filestorage_read_string_fuzzer.
INFO:root:Please run "make test-run-afl-opencv_filestorage_read_string_fuzzer" to test integration.
#1 [internal] load build definition from Dockerfile
#1 sha256:129549a075e3878e131c844890e648e66206ad8706b4f5aff6db32c068de165a
#1 transferring dockerfile: 32B done
#1 DONE 0.1s

#2 [internal] load .dockerignore
#2 sha256:0ed3c10a9d6f55d72aa24186f7dae653d7819bed531b0380aa76a9aff5571d99
#2 transferring context: 2B 0.0s done
#2 DONE 0.2s

#3 [internal] load metadata for gcr.io/oss-fuzz-base/base-builder:latest
#3 sha256:f10dc39cc9d418a5bc416dead31a1902b6821fdae909cd3b08f7a3fd1faba7b5
#3 DONE 0.5s

#4 [1/6] FROM gcr.io/oss-fuzz-base/base-builder@sha256:112044a9815d235113677d459cf2ece740a51f2b85081c8f66943dcdc72ddf7f
#4 sha256:4aee4bf9f7280ac8b7f02b8d29e6e084dd034d2c294b4e3e05d8ce7048a1450f
#4 DONE 0.0s

#8 [internal] load build context
#8 sha256:47792b987df21f0536e4353a41cc54b743f09a7fd6109e7ecab24badc5cd8e8f
#8 DONE 0.0s

#11 importing cache manifest from gcr.io/fuzzbench/builders/benchmark/opencv_filestorage_read_string_fuzzer
#11 sha256:cc0139b8bde882ac996011899edbbdc1571bd141f0ceeb5c5a73c9f969211047
#11 ERROR: gcr.io/fuzzbench/builders/benchmark/opencv_filestorage_read_string_fuzzer:latest: not found

#8 [internal] load build context
#8 sha256:47792b987df21f0536e4353a41cc54b743f09a7fd6109e7ecab24badc5cd8e8f
#8 transferring context: 2.18kB done
#8 DONE 0.0s

#9 [5/6] COPY build.sh /src/
#9 sha256:5283bccf59985a1e4ee616c409c2ca140f7d7b4082039ab25bd96c9da2fedcef
#9 CACHED

#5 [2/6] RUN apt-get update && apt-get install -y build-essential cmake pkg-config
#5 sha256:5b4cdd543f7676d762d91b87c637b12e81d197a5de05812a3f0a2dc7aead2436
#5 CACHED

#6 [3/6] RUN git clone --depth 1 https://github.com/opencv/opencv.git opencv
#6 sha256:59a9fb61118231e7c2a207bca2277cafcfad95bb7e22f5ee768b2c0e041e7f83
#6 CACHED

#7 [4/6] WORKDIR opencv/
#7 sha256:fda6c4b7e211bdd8ec1ae001cbb40929be694af912454da7105b1ff5a7d1ef7e
#7 CACHED

#10 [6/6] COPY *.cc *.h /src/
#10 sha256:e40d7270554617747645e4f3aa58808d0aeea49d120cd10d5f266facb6633f41
#10 CACHED

#12 exporting to image
#12 sha256:e8c613e07b0b7ff33893b694f7759a10d42e180f2b4dc349fb57dc6b71dcab00
#12 exporting layers done
#12 writing image sha256:8a497c7e790611b7a92bb9829260fb3a936252ecb7d9088bba013e8d2b52277b done
#12 naming to gcr.io/fuzzbench/builders/benchmark/opencv_filestorage_read_string_fuzzer done
#12 DONE 0.1s

#13 exporting cache
#13 sha256:2700d4ef94dee473593c5c614b55b2dedcca7893909811a8f2b48291a1f581e4
#13 preparing build cache for export done
#13 DONE 0.0s
------
 > importing cache manifest from gcr.io/fuzzbench/builders/benchmark/opencv_filestorage_read_string_fuzzer:
------
#1 [internal] load build definition from builder.Dockerfile
#1 sha256:ce1ecb60fd58997d630abf30eb2ff81530dcdbef9ad72fc848d286e1f80cfb93
#1 transferring dockerfile: 46B done
#1 DONE 0.2s

#2 [internal] load .dockerignore
#2 sha256:bc037a7413278aabde302d7ac3d15cdbf914e88b13765380bdc0bab9ee8c9aa8
#2 transferring context: 2B done
#2 DONE 0.2s

#3 [internal] load metadata for gcr.io/fuzzbench/builders/benchmark/opencv_filestorage_read_string_fuzzer:latest
#3 sha256:0f1759bbd24bb1c4e59b7315acd9103557d1e62befed511df4863e45171b4df1
#3 DONE 0.0s

#5 [1/3] FROM gcr.io/fuzzbench/builders/benchmark/opencv_filestorage_read_string_fuzzer
#5 sha256:9bc4e62cae23f42a205ee92f0e68217aa9e6eca11d749f673b7c31ce7cdd06fc
#5 DONE 0.0s

#4 importing cache manifest from gcr.io/fuzzbench/builders/afl/opencv_filestorage_read_string_fuzzer-intermediate
#4 sha256:3d30ec2e9d4dc119f04de51f7ac3e50a12fa3c78d1c53cbbc7f60ea7dc51a063
#4 ERROR: gcr.io/fuzzbench/builders/afl/opencv_filestorage_read_string_fuzzer-intermediate:latest: not found

#6 [2/3] RUN git clone https://github.com/google/AFL.git /afl &&     cd /afl &&     git checkout 61037103ae3722c8060ff7082994836a794f978e &&     AFL_NO_X86=1 make
#6 sha256:53baa11ffb1ebc2026b95125df1937540de8267ddee01243e43f11d383db7808
#6 CACHED

#7 [3/3] RUN apt-get update &&     apt-get install wget -y &&     wget https://raw.githubusercontent.com/llvm/llvm-project/5feb80e748924606531ba28c97fe65145c65372e/compiler-rt/lib/fuzzer/afl/afl_driver.cpp -O /afl/afl_driver.cpp &&     clang -Wno-pointer-sign -c /afl/llvm_mode/afl-llvm-rt.o.c -I/afl &&     clang++ -stdlib=libc++ -std=c++11 -O2 -c /afl/afl_driver.cpp &&     ar r /libAFL.a *.o
#7 sha256:40a0b9f0b23363919f2a0992faadc4ee714b6911b726462a4b67f7418d666f53
#7 CACHED

#8 exporting to image
#8 sha256:e8c613e07b0b7ff33893b694f7759a10d42e180f2b4dc349fb57dc6b71dcab00
#8 exporting layers done
#8 writing image sha256:abe2b32671846efe952468466ad42dff64a887ab71f481b7118d3c0190ecbd7a done
#8 naming to gcr.io/fuzzbench/builders/afl/opencv_filestorage_read_string_fuzzer-intermediate done
#8 DONE 0.2s

#9 exporting cache
#9 sha256:2700d4ef94dee473593c5c614b55b2dedcca7893909811a8f2b48291a1f581e4
#9 preparing build cache for export done
#9 DONE 0.0s
------
 > importing cache manifest from gcr.io/fuzzbench/builders/afl/opencv_filestorage_read_string_fuzzer-intermediate:
------
#1 [internal] load build definition from Dockerfile
#1 sha256:a98a3896293c884fa33c5a2de7c33b8e667a5ae9054665eb1c592a412acf878b
#1 transferring dockerfile: 2.00kB done
#1 DONE 0.1s

#2 [internal] load .dockerignore
#2 sha256:f086b12c21f581f0cf2fd8576a4926fbebac6a751a507a698c5560816eebea00
#2 transferring context: 34B done
#2 DONE 0.1s

#3 [internal] load metadata for docker.io/library/ubuntu:xenial
#3 sha256:f62bae18ed588840f045c881b2502661f2a89578a2f8f99b83f5200ee83dd25b
#3 DONE 0.0s

#4 importing cache manifest from gcr.io/fuzzbench/base-image
#4 sha256:9b220ebb4d4daceed1b96df9b6dca076e762f1cd612574f010b82d5b9e5ad896
#4 DONE 0.0s

#5 [1/7] FROM docker.io/library/ubuntu:xenial
#5 sha256:14dd403f25ae9e519bd44f27dc17af7ce80f5a4f9f48ca88108364e67ec5d360
#5 DONE 0.0s

#8 [internal] load build context
#8 sha256:6cad8385f12b297e8f2b97af4f82c07a853ad7dcc8b2f3fb009a7e6efdd814f2
#8 transferring context: 559B 0.0s done
#8 DONE 0.1s

#9 [4/7] COPY ./requirements.txt /
#9 sha256:338b4cfc37d1bbcf89f258defaba13427c7b27b494fce266b939a3dae2275647
#9 CACHED

#10 [5/7] RUN pip3 install -r /requirements.txt
#10 sha256:433c6da95fb1af8327c49411c3682eba3f25b6bac8115fc1fe41755d0755f313
#10 CACHED

#11 [6/7] RUN apt-get update -y && apt-get install -y     apt-transport-https     lsb-release
#11 sha256:269c1a0e24a6e070299bed572d85de551dbce541dca4fc3a3002d0468ec97df5
#11 CACHED

#7 [3/7] RUN cd /tmp/ &&     curl -O https://www.python.org/ftp/python/3.8.6/Python-3.8.6.tar.xz &&     tar -xvf Python-3.8.6.tar.xz &&     cd Python-3.8.6 &&     ./configure --enable-loadable-sqlite-extensions --enable-optimizations &&     make -j install &&     rm -r /tmp/Python-3.8.6.tar.xz /tmp/Python-3.8.6
#7 sha256:c5b9d1fb3371e84dbc60b76e7b2f8d5913bc93bcd4910ab65daa03e7b2ec4bb0
#7 CACHED

#6 [2/7] RUN apt-get update -y && apt-get install -y     build-essential     rsync     curl     zlib1g-dev     libncurses5-dev     libgdbm-dev     libnss3-dev     libssl-dev     libreadline-dev     libffi-dev     virtualenv     libbz2-dev     liblzma-dev     libsqlite3-dev
#6 sha256:3a1b0960f17eed529eaae93dc8fd3554f2743dd584d8fa569cdbe6bc734371ac
#6 CACHED

#12 [7/7] RUN CLOUD_SDK_REPO="cloud-sdk-$(lsb_release -c -s)" &&     echo "deb https://packages.cloud.google.com/apt $CLOUD_SDK_REPO main"     | tee -a /etc/apt/sources.list.d/google-cloud-sdk.list &&     curl https://packages.cloud.google.com/apt/doc/apt-key.gpg     | apt-key add - &&     apt-get update -y &&     apt-get install -y google-cloud-sdk
#12 sha256:ea05a7908966579ab4e16a1c302c7e8f17a40245adb3ed2d383a251b69dda001
#12 CACHED

#13 exporting to image
#13 sha256:e8c613e07b0b7ff33893b694f7759a10d42e180f2b4dc349fb57dc6b71dcab00
#13 exporting layers done
#13 writing image sha256:55e5825902805b10e1ba0cd27e4af0d82c25f9e225d6218342d4b6474bd3ddae done
#13 naming to gcr.io/fuzzbench/base-image done
#13 DONE 0.0s

#14 exporting cache
#14 sha256:2700d4ef94dee473593c5c614b55b2dedcca7893909811a8f2b48291a1f581e4
#14 preparing build cache for export done
#14 DONE 0.0s
#1 [internal] load build definition from Dockerfile
#1 sha256:06abac6afaff28aef9a5d7c306011a4490f2e72f318ce8b34a39d3c1a89976a9
#1 transferring dockerfile: 2.22kB done
#1 DONE 0.1s

#2 [internal] load .dockerignore
#2 sha256:68c44bd6629c898d0f383cbf439f4aaab0110ce7e8427e5d6e200cae3f8e8e0c
#2 transferring context: 34B done
#2 DONE 0.1s

#7 [base-image 1/1] FROM gcr.io/fuzzbench/base-image
#7 sha256:4d07825694520f8b6f6a0d8592dbd345433361ae044cb7f06706c5a95e3daaad
#7 DONE 1.0s

#6 [stage-1  1/13] FROM gcr.io/fuzzbench/builders/afl/opencv_filestorage_read_string_fuzzer-intermediate
#6 sha256:ff75c9d4ea2e0f8bf58818e50340fe56dfd09ff2ea1907e6c54adcf9a0c5a275
#6 DONE 0.0s

#3 [internal] load metadata for gcr.io/fuzzbench/builders/afl/opencv_filestorage_read_string_fuzzer-intermediate:latest
#3 sha256:8fc09c1eebd437dc4c3b2b4ee68d74af8a79c8e90107d69678afd8acbced4130
#3 DONE 0.0s

#4 [internal] load metadata for gcr.io/fuzzbench/base-image:latest
#4 sha256:932022888f650cc455b10eb5123bb08c0cccacac29a693e69314abbfd28a72c3
#4 DONE 0.0s

#12 [internal] load build context
#12 sha256:bc94067edce3e95366c0510a41292d98ab9aecd3f65f0c2a02c9620b7d11169d
#12 DONE 0.0s

#5 importing cache manifest from gcr.io/fuzzbench/builders/afl/opencv_filestorage_read_string_fuzzer
#5 sha256:e4078980db5e0c1cdd18c284e56f89162e4e6f6ad508bea1f729625465ecfcc5
#5 ERROR: gcr.io/fuzzbench/builders/afl/opencv_filestorage_read_string_fuzzer:latest: not found

#12 [internal] load build context
#12 sha256:bc94067edce3e95366c0510a41292d98ab9aecd3f65f0c2a02c9620b7d11169d
#12 transferring context: 669.93kB 0.2s done
#12 DONE 0.3s

#9 [stage-1  3/13] COPY --from=base-image /usr/local/lib/python3.8 /usr/local/lib/python3.8
#9 sha256:e68d322b1cf02d41d5ade1b041ef6666f59fe2bf377c57c892e06f439964e55d
#9 CACHED

#10 [stage-1  4/13] COPY --from=base-image /usr/local/include/python3.8 /usr/local/include/python3.8
#10 sha256:13e57ac53f592d336ebf26dadacaba2c2f90d77c76824f75de5d6bc5dee1d44b
#10 CACHED

#11 [stage-1  5/13] COPY --from=base-image /usr/local/lib/python3.8/site-packages /usr/local/lib/python3.8/site-packages
#11 sha256:c1ed1bda8f4f601d2d017bf874a29c79e2921a35af98175449b3aa47a69ff94c
#11 CACHED

#13 [stage-1  6/13] COPY fuzzers /src/fuzzers
#13 sha256:2159d37e43754cd0cd8426186a35a87b5baaecee8ccc0b0eaf83de17827763ff
#13 CACHED

#8 [stage-1  2/13] COPY --from=base-image /usr/local/bin/python3* /usr/local/bin/
#8 sha256:300875743435f94ffc4000246f4c3c4b637695bbc9acfdf4f6be48a2bc58ea25
#8 CACHED

#14 [stage-1  7/13] RUN touch /src/__init__.py
#14 sha256:41ad7ccef2277cd66d62ef31fd1bcbdd9b2853df4096951f34e62a0fd59fbe78
#14 DONE 1.4s

#15 [stage-1  8/13] COPY benchmarks/opencv_filestorage_read_string_fuzzer/benchmark.yaml /
#15 sha256:e714bbc0353384d27a7736fa7ce2290eb9c4ea42c625efc85854aa013f544223
#15 DONE 0.3s

#16 [stage-1  9/13] RUN mkdir /opt/fuzzbench/
#16 sha256:e6df99b9afbeb32f21908c7d0d7ce911cd4f32f935b8628ea3ea692a15e174b8
#16 DONE 1.4s

#17 [stage-1 10/13] COPY docker/benchmark-builder/checkout_commit.py /opt/fuzzbench/
#17 sha256:149f2ccbfa250321c982dcae6554d18aa023c3156ec65564cbd80a86c1aed74a
#17 DONE 0.1s

#18 [stage-1 11/13] RUN export CHECKOUT_COMMIT=$(cat /benchmark.yaml | tr -d ' ' | grep 'commit:' | cut -d ':' -f2) &&     python3 -u /opt/fuzzbench/checkout_commit.py $CHECKOUT_COMMIT /src
#18 sha256:5dace6ae73217ccdee15df39938a1e9f3f61288bcd5c33429dcbae3432e1d927
#18 1.167 Checking out commit b27c51de
#18 146.5 From https://github.com/opencv/opencv
#18 146.5  * [new tag]               2.2                  -> 2.2
#18 146.5  * [new tag]               2.4.0                -> 2.4.0
#18 146.5  * [new tag]               2.4.1                -> 2.4.1
#18 146.5  * [new tag]               2.4.10               -> 2.4.10
#18 146.5  * [new tag]               2.4.10.1             -> 2.4.10.1
#18 146.5  * [new tag]               2.4.10.2             -> 2.4.10.2
#18 146.5  * [new tag]               2.4.10.3             -> 2.4.10.3
#18 146.5  * [new tag]               2.4.10.4             -> 2.4.10.4
#18 146.5  * [new tag]               2.4.11               -> 2.4.11
#18 146.5  * [new tag]               2.4.12               -> 2.4.12
#18 146.5  * [new tag]               2.4.12.1             -> 2.4.12.1
#18 146.5  * [new tag]               2.4.12.2             -> 2.4.12.2
#18 146.5  * [new tag]               2.4.12.3             -> 2.4.12.3
#18 146.5  * [new tag]               2.4.13               -> 2.4.13
#18 146.5  * [new tag]               2.4.13.1             -> 2.4.13.1
#18 146.5  * [new tag]               2.4.2                -> 2.4.2
#18 146.5  * [new tag]               2.4.3                -> 2.4.3
#18 146.5  * [new tag]               2.4.3-rc             -> 2.4.3-rc
#18 146.5  * [new tag]               2.4.3.1              -> 2.4.3.1
#18 146.5  * [new tag]               2.4.3.2              -> 2.4.3.2
#18 146.5  * [new tag]               2.4.4                -> 2.4.4
#18 146.5  * [new tag]               2.4.4-beta           -> 2.4.4-beta
#18 146.5  * [new tag]               2.4.5                -> 2.4.5
#18 146.5  * [new tag]               2.4.6                -> 2.4.6
#18 146.5  * [new tag]               2.4.6.1              -> 2.4.6.1
#18 146.5  * [new tag]               2.4.6.2              -> 2.4.6.2
#18 146.5  * [new tag]               2.4.6.2-rc1          -> 2.4.6.2-rc1
#18 146.5  * [new tag]               2.4.7                -> 2.4.7
#18 146.5  * [new tag]               2.4.7-rc1            -> 2.4.7-rc1
#18 146.5  * [new tag]               2.4.7.1              -> 2.4.7.1
#18 146.5  * [new tag]               2.4.7.2              -> 2.4.7.2
#18 146.5  * [new tag]               2.4.8                -> 2.4.8
#18 146.5  * [new tag]               2.4.8.1              -> 2.4.8.1
#18 146.5  * [new tag]               2.4.8.2              -> 2.4.8.2
#18 146.5  * [new tag]               2.4.8.3              -> 2.4.8.3
#18 146.5  * [new tag]               2.4.9                -> 2.4.9
#18 146.5  * [new tag]               2.4.9.1              -> 2.4.9.1
#18 146.5  * [new tag]               3.0-ocl-tech-preview -> 3.0-ocl-tech-preview
#18 146.5  * [new tag]               3.0-ocl-tp2          -> 3.0-ocl-tp2
#18 146.5  * [new tag]               3.0.0                -> 3.0.0
#18 146.5  * [new tag]               3.0.0-alpha          -> 3.0.0-alpha
#18 146.5  * [new tag]               3.0.0-beta           -> 3.0.0-beta
#18 146.5  * [new tag]               3.0.0-rc1            -> 3.0.0-rc1
#18 146.5  * [new tag]               3.1.0                -> 3.1.0
#18 146.6  * [new tag]               3.2.0                -> 3.2.0
#18 146.6  * [new tag]               3.2.0-rc             -> 3.2.0-rc
#18 146.6  * [new tag]               3.3.0                -> 3.3.0
#18 146.6  * [new tag]               3.3.0-cvsdk          -> 3.3.0-cvsdk
#18 146.6  * [new tag]               3.3.0-rc             -> 3.3.0-rc
#18 146.6  * [new tag]               3.3.1                -> 3.3.1
#18 146.6  * [new tag]               3.3.1-cvsdk          -> 3.3.1-cvsdk
#18 146.6  * [new tag]               3.4.0                -> 3.4.0
#18 146.6  * [new tag]               3.4.0-rc             -> 3.4.0-rc
#18 146.6  * [new tag]               3.4.1                -> 3.4.1
#18 146.6  * [new tag]               3.4.1-cvsdk          -> 3.4.1-cvsdk
#18 146.6  * [new tag]               3.4.10               -> 3.4.10
#18 146.6  * [new tag]               3.4.11               -> 3.4.11
#18 146.6  * [new tag]               3.4.12               -> 3.4.12
#18 146.6  * [new tag]               3.4.13               -> 3.4.13
#18 146.6  * [new tag]               3.4.14               -> 3.4.14
#18 146.6  * [new tag]               3.4.15               -> 3.4.15
#18 146.6  * [new tag]               3.4.16               -> 3.4.16
#18 146.6  * [new tag]               3.4.17               -> 3.4.17
#18 146.6  * [new tag]               3.4.2                -> 3.4.2
#18 146.6  * [new tag]               3.4.2-openvino       -> 3.4.2-openvino
#18 146.6  * [new tag]               3.4.3                -> 3.4.3
#18 146.6  * [new tag]               3.4.3-openvino       -> 3.4.3-openvino
#18 146.6  * [new tag]               3.4.4                -> 3.4.4
#18 146.6  * [new tag]               3.4.5                -> 3.4.5
#18 146.6  * [new tag]               3.4.6                -> 3.4.6
#18 146.6  * [new tag]               3.4.7                -> 3.4.7
#18 146.6  * [new tag]               3.4.8                -> 3.4.8
#18 146.6  * [new tag]               3.4.9                -> 3.4.9
#18 146.6  * [new tag]               4.0.0                -> 4.0.0
#18 146.6  * [new tag]               4.0.0-alpha          -> 4.0.0-alpha
#18 146.6  * [new tag]               4.0.0-beta           -> 4.0.0-beta
#18 146.6  * [new tag]               4.0.0-openvino       -> 4.0.0-openvino
#18 146.6  * [new tag]               4.0.0-rc             -> 4.0.0-rc
#18 146.6  * [new tag]               4.0.1                -> 4.0.1
#18 146.6  * [new tag]               4.0.1-openvino       -> 4.0.1-openvino
#18 146.6  * [new tag]               4.1.0                -> 4.1.0
#18 146.6  * [new tag]               4.1.0-openvino       -> 4.1.0-openvino
#18 146.6  * [new tag]               4.1.1                -> 4.1.1
#18 146.6  * [new tag]               4.1.1-openvino       -> 4.1.1-openvino
#18 146.6  * [new tag]               4.1.2                -> 4.1.2
#18 146.6  * [new tag]               4.1.2-openvino       -> 4.1.2-openvino
#18 146.6  * [new tag]               4.2.0                -> 4.2.0
#18 146.6  * [new tag]               4.3.0                -> 4.3.0
#18 146.6  * [new tag]               4.4.0                -> 4.4.0
#18 146.6  * [new tag]               4.5.0                -> 4.5.0
#18 146.6  * [new tag]               4.5.1                -> 4.5.1
#18 146.6  * [new tag]               4.5.2                -> 4.5.2
#18 146.6  * [new tag]               4.5.3                -> 4.5.3
#18 146.6  * [new tag]               4.5.4                -> 4.5.4
#18 146.6  * [new tag]               4.5.5                -> 4.5.5
#18 146.6 error: pathspec 'b27c51de' did not match any file(s) known to git
#18 146.7 error: pathspec 'b27c51de' did not match any file(s) known to git
#18 146.7 error: pathspec 'b27c51de' did not match any file(s) known to git
#18 146.8 error: pathspec 'b27c51de' did not match any file(s) known to git
#18 146.9 error: pathspec 'b27c51de' did not match any file(s) known to git
#18 146.9 error: pathspec 'b27c51de' did not match any file(s) known to git
#18 147.0 error: pathspec 'b27c51de' did not match any file(s) known to git
#18 147.0 error: pathspec 'b27c51de' did not match any file(s) known to git
#18 147.1 error: pathspec 'b27c51de' did not match any file(s) known to git
#18 147.2 error: pathspec 'b27c51de' did not match any file(s) known to git
#18 147.2 error: pathspec 'b27c51de' did not match any file(s) known to git
#18 147.3 error: pathspec 'b27c51de' did not match any file(s) known to git
#18 147.5 error: pathspec 'b27c51de' did not match any file(s) known to git
#18 147.5 error: pathspec 'b27c51de' did not match any file(s) known to git
#18 147.6 error: pathspec 'b27c51de' did not match any file(s) known to git
#18 147.6 error: pathspec 'b27c51de' did not match any file(s) known to git
#18 147.7 error: pathspec 'b27c51de' did not match any file(s) known to git
#18 147.7 error: pathspec 'b27c51de' did not match any file(s) known to git
#18 147.8 error: pathspec 'b27c51de' did not match any file(s) known to git
#18 147.9 error: pathspec 'b27c51de' did not match any file(s) known to git
#18 147.9 error: pathspec 'b27c51de' did not match any file(s) known to git
#18 147.9 error: pathspec 'b27c51de' did not match any file(s) known to git
#18 148.2 Checkout unsuccessful.
#18 DONE 148.6s

#19 [stage-1 12/13] RUN echo "#!/bin/bash\nPYTHONPATH=/src python3 -u -c "from fuzzers import utils; utils.initialize_env(); from fuzzers.afl import fuzzer; fuzzer.build()"" > /usr/bin/fuzzer_build &&     chmod +x /usr/bin/fuzzer_build
#19 sha256:54ad785e54d241116ed049351021c49ff921cc673c15ba503ec6a902ba5b1ed0
#19 DONE 1.4s

#20 [stage-1 13/13] RUN echo "Run fuzzer_build to build the target" && if [ -z "$debug_builder" ] ; then fuzzer_build; fi
#20 sha256:9b13b4017a43d87972899e791251c3127b5b2833572ba0c72ef56e5dae562c4e
#20 1.027 Run fuzzer_build to build the target
#20 1.440 FUZZ_TARGET = filestorage_read_string_fuzzer
#20 1.441 CFLAGS = -DFUZZING_BUILD_MODE_UNSAFE_FOR_PRODUCTION -pthread -Wl,--no-as-needed -Wl,-ldl -Wl,-lm -Wno-unused-command-line-argument -O3
#20 1.441 CXXFLAGS = -DFUZZING_BUILD_MODE_UNSAFE_FOR_PRODUCTION -pthread -Wl,--no-as-needed -Wl,-ldl -Wl,-lm -Wno-unused-command-line-argument -stdlib=libc++ -O3
#20 1.455 Building benchmark opencv_filestorage_read_string_fuzzer with fuzzer afl
#20 1.461 + mkdir opencv/build
#20 1.475 mkdir: cannot create directory ‘opencv/build’: No such file or directory
#20 1.476 Traceback (most recent call last):
#20 1.476   File "<string>", line 1, in <module>
#20 1.477   File "/src/fuzzers/afl/fuzzer.py", line 40, in build
#20 1.479     utils.build_benchmark()
#20 1.479   File "/src/fuzzers/utils.py", line 82, in build_benchmark
#20 1.480     subprocess.check_call(['/bin/bash', '-ex', build_script], env=env)
#20 1.481   File "/usr/local/lib/python3.8/subprocess.py", line 364, in check_call
#20 1.486     raise CalledProcessError(retcode, cmd)
#20 1.486 subprocess.CalledProcessError: Command '['/bin/bash', '-ex', '/src/build.sh']' returned non-zero exit status 1.
#20 ERROR: executor failed running [/bin/sh -c echo "Run fuzzer_build to build the target" && if [ -z "$debug_builder" ] ; then fuzzer_build; fi]: exit code: 1
------
 > importing cache manifest from gcr.io/fuzzbench/builders/afl/opencv_filestorage_read_string_fuzzer:
------
------
 > [stage-1 13/13] RUN echo "Run fuzzer_build to build the target" && if [ -z "$debug_builder" ] ; then fuzzer_build; fi:
------
executor failed running [/bin/sh -c echo "Run fuzzer_build to build the target" && if [ -z "$debug_builder" ] ; then fuzzer_build; fi]: exit code: 1
make: *** [docker/generated.mk:2854122: .afl-opencv_filestorage_read_string_fuzzer-builder] Error 1
/bin/sh: 1: source: not found
#1 [internal] load build definition from Dockerfile
#1 sha256:f1a0e41d98abe0c1eb79fdefc613ab2c19bb4a9545568a94c19f93bc3198a8c0
#1 transferring dockerfile: 32B done
#1 DONE 0.0s

#2 [internal] load .dockerignore
#2 sha256:1ea3e6e6e7d21b89aefbeedca86a55eb249dcc756c84e706286266efec88f9ba
#2 transferring context: 2B done
#2 DONE 0.0s

#3 [internal] load metadata for gcr.io/oss-fuzz-base/base-builder:latest
#3 sha256:f10dc39cc9d418a5bc416dead31a1902b6821fdae909cd3b08f7a3fd1faba7b5
#3 DONE 0.5s

#4 [1/6] FROM gcr.io/oss-fuzz-base/base-builder@sha256:112044a9815d235113677d459cf2ece740a51f2b85081c8f66943dcdc72ddf7f
#4 sha256:4aee4bf9f7280ac8b7f02b8d29e6e084dd034d2c294b4e3e05d8ce7048a1450f
#4 DONE 0.0s

#11 importing cache manifest from gcr.io/fuzzbench/builders/benchmark/opencv_filestorage_read_string_fuzzer
#11 sha256:cc0139b8bde882ac996011899edbbdc1571bd141f0ceeb5c5a73c9f969211047
#11 DONE 0.0s

#8 [internal] load build context
#8 sha256:38fb8ef24f3ad3dda6a0d456e88ceff44d8ce53c256ee10a945f3df27fcdde29
#8 transferring context: 429B done
#8 DONE 0.0s

#9 [5/6] COPY build.sh /src/
#9 sha256:5a419453556fa9e2d42820c8a87917226da06f14ca8e85120ba4484b13d76bcd
#9 CACHED

#5 [2/6] RUN apt-get update && apt-get install -y build-essential cmake pkg-config
#5 sha256:5b4cdd543f7676d762d91b87c637b12e81d197a5de05812a3f0a2dc7aead2436
#5 CACHED

#6 [3/6] RUN git clone --depth 1 https://github.com/opencv/opencv.git opencv
#6 sha256:59a9fb61118231e7c2a207bca2277cafcfad95bb7e22f5ee768b2c0e041e7f83
#6 CACHED

#7 [4/6] WORKDIR opencv/
#7 sha256:fda6c4b7e211bdd8ec1ae001cbb40929be694af912454da7105b1ff5a7d1ef7e
#7 CACHED

#10 [6/6] COPY *.cc *.h /src/
#10 sha256:dcff96c1aa047c9a167103910dfbf0a332919ab66678372be6ec19c290a26f26
#10 CACHED

#12 exporting to image
#12 sha256:e8c613e07b0b7ff33893b694f7759a10d42e180f2b4dc349fb57dc6b71dcab00
#12 exporting layers done
#12 writing image sha256:8a497c7e790611b7a92bb9829260fb3a936252ecb7d9088bba013e8d2b52277b done
#12 naming to gcr.io/fuzzbench/builders/benchmark/opencv_filestorage_read_string_fuzzer done
#12 DONE 0.1s

#13 exporting cache
#13 sha256:2700d4ef94dee473593c5c614b55b2dedcca7893909811a8f2b48291a1f581e4
#13 preparing build cache for export done
#13 DONE 0.0s
#1 [internal] load build definition from builder.Dockerfile
#1 sha256:8f6434ff6954f5bedea86aa3e6e25a77a8013934a566375419d5dd8b32f037ad
#1 transferring dockerfile: 46B done
#1 DONE 0.0s

#2 [internal] load .dockerignore
#2 sha256:f5573f5042fd68e070d458e2a63b6c268cf0511da57d13b9ef19f7bbf955e6b3
#2 transferring context: 2B done
#2 DONE 0.0s

#3 [internal] load metadata for gcr.io/fuzzbench/builders/benchmark/opencv_filestorage_read_string_fuzzer:latest
#3 sha256:0f1759bbd24bb1c4e59b7315acd9103557d1e62befed511df4863e45171b4df1
#3 DONE 0.0s

#4 [1/3] FROM gcr.io/fuzzbench/builders/benchmark/opencv_filestorage_read_string_fuzzer
#4 sha256:9bc4e62cae23f42a205ee92f0e68217aa9e6eca11d749f673b7c31ce7cdd06fc
#4 DONE 0.0s

#7 importing cache manifest from gcr.io/fuzzbench/builders/afl/opencv_filestorage_read_string_fuzzer-intermediate
#7 sha256:3d30ec2e9d4dc119f04de51f7ac3e50a12fa3c78d1c53cbbc7f60ea7dc51a063
#7 DONE 0.0s

#5 [2/3] RUN git clone https://github.com/google/AFL.git /afl &&     cd /afl &&     git checkout 61037103ae3722c8060ff7082994836a794f978e &&     AFL_NO_X86=1 make
#5 sha256:53baa11ffb1ebc2026b95125df1937540de8267ddee01243e43f11d383db7808
#5 CACHED

#6 [3/3] RUN apt-get update &&     apt-get install wget -y &&     wget https://raw.githubusercontent.com/llvm/llvm-project/5feb80e748924606531ba28c97fe65145c65372e/compiler-rt/lib/fuzzer/afl/afl_driver.cpp -O /afl/afl_driver.cpp &&     clang -Wno-pointer-sign -c /afl/llvm_mode/afl-llvm-rt.o.c -I/afl &&     clang++ -stdlib=libc++ -std=c++11 -O2 -c /afl/afl_driver.cpp &&     ar r /libAFL.a *.o
#6 sha256:40a0b9f0b23363919f2a0992faadc4ee714b6911b726462a4b67f7418d666f53
#6 CACHED

#8 exporting to image
#8 sha256:e8c613e07b0b7ff33893b694f7759a10d42e180f2b4dc349fb57dc6b71dcab00
#8 exporting layers done
#8 writing image sha256:abe2b32671846efe952468466ad42dff64a887ab71f481b7118d3c0190ecbd7a done
#8 naming to gcr.io/fuzzbench/builders/afl/opencv_filestorage_read_string_fuzzer-intermediate done
#8 DONE 0.2s

#9 exporting cache
#9 sha256:2700d4ef94dee473593c5c614b55b2dedcca7893909811a8f2b48291a1f581e4
#9 preparing build cache for export done
#9 DONE 0.0s
#1 [internal] load build definition from Dockerfile
#1 sha256:07edd90e0e566e1cc3e0d45ed51e1c937bda429109ec1050389649a186f2dbf5
#1 transferring dockerfile: 2.00kB done
#1 DONE 0.1s

#2 [internal] load .dockerignore
#2 sha256:57e8d0b9649a2fa13b30d322613976327e930881d647a7ea2bc63437c40fe027
#2 transferring context: 34B 0.0s done
#2 DONE 0.1s

#3 [internal] load metadata for docker.io/library/ubuntu:xenial
#3 sha256:f62bae18ed588840f045c881b2502661f2a89578a2f8f99b83f5200ee83dd25b
#3 DONE 0.0s

#12 importing cache manifest from gcr.io/fuzzbench/base-image
#12 sha256:9b220ebb4d4daceed1b96df9b6dca076e762f1cd612574f010b82d5b9e5ad896
#12 DONE 0.0s

#4 [1/7] FROM docker.io/library/ubuntu:xenial
#4 sha256:14dd403f25ae9e519bd44f27dc17af7ce80f5a4f9f48ca88108364e67ec5d360
#4 DONE 0.0s

#7 [internal] load build context
#7 sha256:191b31d97e915e2a65cbdd6b94f0426180f2688bb9dc5aee4c09e36d8bfc5fa7
#7 transferring context: 559B 0.0s done
#7 DONE 0.1s

#8 [4/7] COPY ./requirements.txt /
#8 sha256:714cf3a7a0d206448b8da6255cec417822b74a6504003fa7dd4e0aa62ac0e636
#8 CACHED

#6 [3/7] RUN cd /tmp/ &&     curl -O https://www.python.org/ftp/python/3.8.6/Python-3.8.6.tar.xz &&     tar -xvf Python-3.8.6.tar.xz &&     cd Python-3.8.6 &&     ./configure --enable-loadable-sqlite-extensions --enable-optimizations &&     make -j install &&     rm -r /tmp/Python-3.8.6.tar.xz /tmp/Python-3.8.6
#6 sha256:c5b9d1fb3371e84dbc60b76e7b2f8d5913bc93bcd4910ab65daa03e7b2ec4bb0
#6 CACHED

#5 [2/7] RUN apt-get update -y && apt-get install -y     build-essential     rsync     curl     zlib1g-dev     libncurses5-dev     libgdbm-dev     libnss3-dev     libssl-dev     libreadline-dev     libffi-dev     virtualenv     libbz2-dev     liblzma-dev     libsqlite3-dev
#5 sha256:3a1b0960f17eed529eaae93dc8fd3554f2743dd584d8fa569cdbe6bc734371ac
#5 CACHED

#9 [5/7] RUN pip3 install -r /requirements.txt
#9 sha256:3f9e780d752211d97345ed59a825342100e9bac8d8a952ed7d7d21d37ec4cb7b
#9 CACHED

#10 [6/7] RUN apt-get update -y && apt-get install -y     apt-transport-https     lsb-release
#10 sha256:0d01d77ad1bce04e90326c98bd90b3ed9de0f76cebc13707522fa2f4a36fa813
#10 CACHED

#11 [7/7] RUN CLOUD_SDK_REPO="cloud-sdk-$(lsb_release -c -s)" &&     echo "deb https://packages.cloud.google.com/apt $CLOUD_SDK_REPO main"     | tee -a /etc/apt/sources.list.d/google-cloud-sdk.list &&     curl https://packages.cloud.google.com/apt/doc/apt-key.gpg     | apt-key add - &&     apt-get update -y &&     apt-get install -y google-cloud-sdk
#11 sha256:f950976ea0ce2d0705547c9e7ee934066169ad69fd99799e8f0e8ebcf84c4d55
#11 CACHED

#13 exporting to image
#13 sha256:e8c613e07b0b7ff33893b694f7759a10d42e180f2b4dc349fb57dc6b71dcab00
#13 exporting layers done
#13 writing image sha256:55e5825902805b10e1ba0cd27e4af0d82c25f9e225d6218342d4b6474bd3ddae
#13 writing image sha256:55e5825902805b10e1ba0cd27e4af0d82c25f9e225d6218342d4b6474bd3ddae done
#13 naming to gcr.io/fuzzbench/base-image done
#13 DONE 0.0s

#14 exporting cache
#14 sha256:2700d4ef94dee473593c5c614b55b2dedcca7893909811a8f2b48291a1f581e4
#14 preparing build cache for export done
#14 DONE 0.0s
#1 [internal] load build definition from Dockerfile
#1 sha256:6956f7740bba901033fc27458d70ea39be18df7a121b6a69bc2f510aeaa182fe
#1 transferring dockerfile: 2.22kB done
#1 DONE 0.0s

#2 [internal] load .dockerignore
#2 sha256:7164e5687f411b16ad0f9bafd8e25e3c18f70d05140691a4191270e2c4a4d075
#2 transferring context: 34B done
#2 DONE 0.0s

#7 [base-image 1/1] FROM gcr.io/fuzzbench/base-image
#7 sha256:4d07825694520f8b6f6a0d8592dbd345433361ae044cb7f06706c5a95e3daaad
#7 DONE 1.0s

#6 [stage-1  1/13] FROM gcr.io/fuzzbench/builders/afl/opencv_filestorage_read_string_fuzzer-intermediate
#6 sha256:ff75c9d4ea2e0f8bf58818e50340fe56dfd09ff2ea1907e6c54adcf9a0c5a275
#6 DONE 0.0s

#3 [internal] load metadata for gcr.io/fuzzbench/builders/afl/opencv_filestorage_read_string_fuzzer-intermediate:latest
#3 sha256:8fc09c1eebd437dc4c3b2b4ee68d74af8a79c8e90107d69678afd8acbced4130
#3 DONE 0.0s

#4 [internal] load metadata for gcr.io/fuzzbench/base-image:latest
#4 sha256:932022888f650cc455b10eb5123bb08c0cccacac29a693e69314abbfd28a72c3
#4 DONE 0.0s

#12 [internal] load build context
#12 sha256:00d04cc99536d5cb44e5b5f8a04e1ea9b28f8f7afc699cb0bd3482bc768683f7
#12 DONE 0.0s

#5 importing cache manifest from gcr.io/fuzzbench/builders/afl/opencv_filestorage_read_string_fuzzer
#5 sha256:e4078980db5e0c1cdd18c284e56f89162e4e6f6ad508bea1f729625465ecfcc5
#5 ERROR: gcr.io/fuzzbench/builders/afl/opencv_filestorage_read_string_fuzzer:latest: not found

#12 [internal] load build context
#12 sha256:00d04cc99536d5cb44e5b5f8a04e1ea9b28f8f7afc699cb0bd3482bc768683f7
#12 transferring context: 669.93kB 0.2s done
#12 DONE 0.2s

#8 [stage-1  2/13] COPY --from=base-image /usr/local/bin/python3* /usr/local/bin/
#8 sha256:300875743435f94ffc4000246f4c3c4b637695bbc9acfdf4f6be48a2bc58ea25
#8 CACHED

#9 [stage-1  3/13] COPY --from=base-image /usr/local/lib/python3.8 /usr/local/lib/python3.8
#9 sha256:e68d322b1cf02d41d5ade1b041ef6666f59fe2bf377c57c892e06f439964e55d
#9 CACHED

#10 [stage-1  4/13] COPY --from=base-image /usr/local/include/python3.8 /usr/local/include/python3.8
#10 sha256:13e57ac53f592d336ebf26dadacaba2c2f90d77c76824f75de5d6bc5dee1d44b
#10 CACHED

#11 [stage-1  5/13] COPY --from=base-image /usr/local/lib/python3.8/site-packages /usr/local/lib/python3.8/site-packages
#11 sha256:c1ed1bda8f4f601d2d017bf874a29c79e2921a35af98175449b3aa47a69ff94c
#11 CACHED

#13 [stage-1  6/13] COPY fuzzers /src/fuzzers
#13 sha256:f3d0b6a164de83ae89b2569c03a2b83064892f9808cf21e9524b6061a7d9a3a0
#13 CACHED

#14 [stage-1  7/13] RUN touch /src/__init__.py
#14 sha256:32a3fee0100ab65bac9bdf20e47b5fa76d8fd5e6b7fd043d646b2dbcecf8b6f3
#14 DONE 1.2s

#15 [stage-1  8/13] COPY benchmarks/opencv_filestorage_read_string_fuzzer/benchmark.yaml /
#15 sha256:82d514eada3803ad5511268659aa615cd132bd21c23fc3ffbe46df4daa8ab947
#15 DONE 0.1s

#16 [stage-1  9/13] RUN mkdir /opt/fuzzbench/
#16 sha256:d9bb47914d8d5c45ea4d1de1d64eba1ba4f3405d21e6efefbd126e49a1520d64
#16 DONE 1.4s

#17 [stage-1 10/13] COPY docker/benchmark-builder/checkout_commit.py /opt/fuzzbench/
#17 sha256:0e30bcc407d42e720aebe31e92d5317ee2af4a5e799a94a3b41758f8fb717f19
#17 DONE 0.3s

#18 [stage-1 11/13] RUN export CHECKOUT_COMMIT=$(cat /benchmark.yaml | tr -d ' ' | grep 'commit:' | cut -d ':' -f2) &&     python3 -u /opt/fuzzbench/checkout_commit.py $CHECKOUT_COMMIT /src
#18 sha256:fdea4a519d950076137b38549cdf4a379269212f74fdf1bdc98223b48c7c5c93
#18 1.401 Checking out commit b27c51de
#18 141.5 From https://github.com/opencv/opencv
#18 141.5  * [new tag]               2.2                  -> 2.2
#18 141.5  * [new tag]               2.4.0                -> 2.4.0
#18 141.5  * [new tag]               2.4.1                -> 2.4.1
#18 141.5  * [new tag]               2.4.10               -> 2.4.10
#18 141.5  * [new tag]               2.4.10.1             -> 2.4.10.1
#18 141.5  * [new tag]               2.4.10.2             -> 2.4.10.2
#18 141.5  * [new tag]               2.4.10.3             -> 2.4.10.3
#18 141.5  * [new tag]               2.4.10.4             -> 2.4.10.4
#18 141.5  * [new tag]               2.4.11               -> 2.4.11
#18 141.5  * [new tag]               2.4.12               -> 2.4.12
#18 141.5  * [new tag]               2.4.12.1             -> 2.4.12.1
#18 141.5  * [new tag]               2.4.12.2             -> 2.4.12.2
#18 141.5  * [new tag]               2.4.12.3             -> 2.4.12.3
#18 141.5  * [new tag]               2.4.13               -> 2.4.13
#18 141.5  * [new tag]               2.4.13.1             -> 2.4.13.1
#18 141.5  * [new tag]               2.4.2                -> 2.4.2
#18 141.5  * [new tag]               2.4.3                -> 2.4.3
#18 141.5  * [new tag]               2.4.3-rc             -> 2.4.3-rc
#18 141.5  * [new tag]               2.4.3.1              -> 2.4.3.1
#18 141.5  * [new tag]               2.4.3.2              -> 2.4.3.2
#18 141.5  * [new tag]               2.4.4                -> 2.4.4
#18 141.5  * [new tag]               2.4.4-beta           -> 2.4.4-beta
#18 141.5  * [new tag]               2.4.5                -> 2.4.5
#18 141.5  * [new tag]               2.4.6                -> 2.4.6
#18 141.5  * [new tag]               2.4.6.1              -> 2.4.6.1
#18 141.5  * [new tag]               2.4.6.2              -> 2.4.6.2
#18 141.5  * [new tag]               2.4.6.2-rc1          -> 2.4.6.2-rc1
#18 141.5  * [new tag]               2.4.7                -> 2.4.7
#18 141.5  * [new tag]               2.4.7-rc1            -> 2.4.7-rc1
#18 141.5  * [new tag]               2.4.7.1              -> 2.4.7.1
#18 141.5  * [new tag]               2.4.7.2              -> 2.4.7.2
#18 141.5  * [new tag]               2.4.8                -> 2.4.8
#18 141.5  * [new tag]               2.4.8.1              -> 2.4.8.1
#18 141.5  * [new tag]               2.4.8.2              -> 2.4.8.2
#18 141.5  * [new tag]               2.4.8.3              -> 2.4.8.3
#18 141.5  * [new tag]               2.4.9                -> 2.4.9
#18 141.5  * [new tag]               2.4.9.1              -> 2.4.9.1
#18 141.5  * [new tag]               3.0-ocl-tech-preview -> 3.0-ocl-tech-preview
#18 141.5  * [new tag]               3.0-ocl-tp2          -> 3.0-ocl-tp2
#18 141.5  * [new tag]               3.0.0                -> 3.0.0
#18 141.5  * [new tag]               3.0.0-alpha          -> 3.0.0-alpha
#18 141.5  * [new tag]               3.0.0-beta           -> 3.0.0-beta
#18 141.5  * [new tag]               3.0.0-rc1            -> 3.0.0-rc1
#18 141.5  * [new tag]               3.1.0                -> 3.1.0
#18 141.5  * [new tag]               3.2.0                -> 3.2.0
#18 141.5  * [new tag]               3.2.0-rc             -> 3.2.0-rc
#18 141.5  * [new tag]               3.3.0                -> 3.3.0
#18 141.5  * [new tag]               3.3.0-cvsdk          -> 3.3.0-cvsdk
#18 141.5  * [new tag]               3.3.0-rc             -> 3.3.0-rc
#18 141.5  * [new tag]               3.3.1                -> 3.3.1
#18 141.5  * [new tag]               3.3.1-cvsdk          -> 3.3.1-cvsdk
#18 141.5  * [new tag]               3.4.0                -> 3.4.0
#18 141.5  * [new tag]               3.4.0-rc             -> 3.4.0-rc
#18 141.5  * [new tag]               3.4.1                -> 3.4.1
#18 141.5  * [new tag]               3.4.1-cvsdk          -> 3.4.1-cvsdk
#18 141.5  * [new tag]               3.4.10               -> 3.4.10
#18 141.5  * [new tag]               3.4.11               -> 3.4.11
#18 141.5  * [new tag]               3.4.12               -> 3.4.12
#18 141.5  * [new tag]               3.4.13               -> 3.4.13
#18 141.5  * [new tag]               3.4.14               -> 3.4.14
#18 141.5  * [new tag]               3.4.15               -> 3.4.15
#18 141.5  * [new tag]               3.4.16               -> 3.4.16
#18 141.5  * [new tag]               3.4.17               -> 3.4.17
#18 141.5  * [new tag]               3.4.2                -> 3.4.2
#18 141.5  * [new tag]               3.4.2-openvino       -> 3.4.2-openvino
#18 141.5  * [new tag]               3.4.3                -> 3.4.3
#18 141.5  * [new tag]               3.4.3-openvino       -> 3.4.3-openvino
#18 141.5  * [new tag]               3.4.4                -> 3.4.4
#18 141.5  * [new tag]               3.4.5                -> 3.4.5
#18 141.5  * [new tag]               3.4.6                -> 3.4.6
#18 141.5  * [new tag]               3.4.7                -> 3.4.7
#18 141.5  * [new tag]               3.4.8                -> 3.4.8
#18 141.5  * [new tag]               3.4.9                -> 3.4.9
#18 141.5  * [new tag]               4.0.0                -> 4.0.0
#18 141.5  * [new tag]               4.0.0-alpha          -> 4.0.0-alpha
#18 141.5  * [new tag]               4.0.0-beta           -> 4.0.0-beta
#18 141.5  * [new tag]               4.0.0-openvino       -> 4.0.0-openvino
#18 141.5  * [new tag]               4.0.0-rc             -> 4.0.0-rc
#18 141.5  * [new tag]               4.0.1                -> 4.0.1
#18 141.5  * [new tag]               4.0.1-openvino       -> 4.0.1-openvino
#18 141.5  * [new tag]               4.1.0                -> 4.1.0
#18 141.5  * [new tag]               4.1.0-openvino       -> 4.1.0-openvino
#18 141.5  * [new tag]               4.1.1                -> 4.1.1
#18 141.5  * [new tag]               4.1.1-openvino       -> 4.1.1-openvino
#18 141.5  * [new tag]               4.1.2                -> 4.1.2
#18 141.5  * [new tag]               4.1.2-openvino       -> 4.1.2-openvino
#18 141.5  * [new tag]               4.2.0                -> 4.2.0
#18 141.5  * [new tag]               4.3.0                -> 4.3.0
#18 141.5  * [new tag]               4.4.0                -> 4.4.0
#18 141.5  * [new tag]               4.5.0                -> 4.5.0
#18 141.5  * [new tag]               4.5.1                -> 4.5.1
#18 141.5  * [new tag]               4.5.2                -> 4.5.2
#18 141.5  * [new tag]               4.5.3                -> 4.5.3
#18 141.5  * [new tag]               4.5.4                -> 4.5.4
#18 141.5  * [new tag]               4.5.5                -> 4.5.5
#18 141.6 error: pathspec 'b27c51de' did not match any file(s) known to git
#18 141.6 error: pathspec 'b27c51de' did not match any file(s) known to git
#18 141.6 error: pathspec 'b27c51de' did not match any file(s) known to git
#18 141.8 error: pathspec 'b27c51de' did not match any file(s) known to git
#18 141.8 error: pathspec 'b27c51de' did not match any file(s) known to git
#18 141.9 error: pathspec 'b27c51de' did not match any file(s) known to git
#18 141.9 error: pathspec 'b27c51de' did not match any file(s) known to git
#18 142.0 error: pathspec 'b27c51de' did not match any file(s) known to git
#18 142.0 error: pathspec 'b27c51de' did not match any file(s) known to git
#18 142.1 error: pathspec 'b27c51de' did not match any file(s) known to git
#18 142.2 error: pathspec 'b27c51de' did not match any file(s) known to git
#18 142.2 error: pathspec 'b27c51de' did not match any file(s) known to git
#18 142.3 error: pathspec 'b27c51de' did not match any file(s) known to git
#18 142.4 error: pathspec 'b27c51de' did not match any file(s) known to git
#18 142.4 error: pathspec 'b27c51de' did not match any file(s) known to git
#18 142.4 error: pathspec 'b27c51de' did not match any file(s) known to git
#18 142.5 error: pathspec 'b27c51de' did not match any file(s) known to git
#18 142.5 error: pathspec 'b27c51de' did not match any file(s) known to git
#18 142.6 error: pathspec 'b27c51de' did not match any file(s) known to git
#18 142.6 error: pathspec 'b27c51de' did not match any file(s) known to git
#18 142.7 error: pathspec 'b27c51de' did not match any file(s) known to git
#18 142.7 error: pathspec 'b27c51de' did not match any file(s) known to git
#18 143.1 Checkout unsuccessful.
#18 DONE 143.8s

#19 [stage-1 12/13] RUN echo "#!/bin/bash\nPYTHONPATH=/src python3 -u -c "from fuzzers import utils; utils.initialize_env(); from fuzzers.afl import fuzzer; fuzzer.build()"" > /usr/bin/fuzzer_build &&     chmod +x /usr/bin/fuzzer_build
#19 sha256:582083cc4c86ff8b1c36c14166ab186a6bf8537dc295522acb082e3e61a11ef2
#19 DONE 2.0s

#20 [stage-1 13/13] RUN echo "Run fuzzer_build to build the target" && if [ -z "$debug_builder" ] ; then fuzzer_build; fi
#20 sha256:c9e44882236773e70e166873e47ff20bd0d03197ba65dd33f0cda1979520c45b
#20 1.537 Run fuzzer_build to build the target
#20 1.996 FUZZ_TARGET = filestorage_read_string_fuzzer
#20 1.996 CFLAGS = -DFUZZING_BUILD_MODE_UNSAFE_FOR_PRODUCTION -pthread -Wl,--no-as-needed -Wl,-ldl -Wl,-lm -Wno-unused-command-line-argument -O3
#20 1.996 CXXFLAGS = -DFUZZING_BUILD_MODE_UNSAFE_FOR_PRODUCTION -pthread -Wl,--no-as-needed -Wl,-ldl -Wl,-lm -Wno-unused-command-line-argument -stdlib=libc++ -O3
#20 2.010 Building benchmark opencv_filestorage_read_string_fuzzer with fuzzer afl
#20 2.015 + mkdir opencv/build
#20 2.028 mkdir: cannot create directory ‘opencv/build’: No such file or directory
#20 2.029 Traceback (most recent call last):
#20 2.030   File "<string>", line 1, in <module>
#20 2.030   File "/src/fuzzers/afl/fuzzer.py", line 40, in build
#20 2.040     utils.build_benchmark()
#20 2.040   File "/src/fuzzers/utils.py", line 82, in build_benchmark
#20 2.041     subprocess.check_call(['/bin/bash', '-ex', build_script], env=env)
#20 2.042   File "/usr/local/lib/python3.8/subprocess.py", line 364, in check_call
#20 2.044     raise CalledProcessError(retcode, cmd)
#20 2.044 subprocess.CalledProcessError: Command '['/bin/bash', '-ex', '/src/build.sh']' returned non-zero exit status 1.
#20 ERROR: executor failed running [/bin/sh -c echo "Run fuzzer_build to build the target" && if [ -z "$debug_builder" ] ; then fuzzer_build; fi]: exit code: 1
------
 > importing cache manifest from gcr.io/fuzzbench/builders/afl/opencv_filestorage_read_string_fuzzer:
------
------
 > [stage-1 13/13] RUN echo "Run fuzzer_build to build the target" && if [ -z "$debug_builder" ] ; then fuzzer_build; fi:
------
executor failed running [/bin/sh -c echo "Run fuzzer_build to build the target" && if [ -z "$debug_builder" ] ; then fuzzer_build; fi]: exit code: 1
make: *** [docker/generated.mk:2854122: .afl-opencv_filestorage_read_string_fuzzer-builder] Error 1
