WARNING:root:gcloud not found in PATH.
INFO:root:Successfully integrated benchmark: xerces-c_xerces_fuzz_common.
INFO:root:Please run "make test-run-afl-xerces-c_xerces_fuzz_common" to test integration.
#1 [internal] load build definition from Dockerfile
#1 sha256:12c01a987857b00e2730d51e9c07a244dd8e61e3824479b3c6779b0e4bba6228
#1 transferring dockerfile:
#1 transferring dockerfile: 1.25kB done
#1 DONE 0.2s

#2 [internal] load .dockerignore
#2 sha256:4cc6f5d7e176c4fa82e1084b3d82a9d02ebbde09640775f40fbe0035b0b45dcc
#2 transferring context: 2B done
#2 DONE 0.2s

#3 [internal] load metadata for gcr.io/oss-fuzz-base/base-builder:latest
#3 sha256:f10dc39cc9d418a5bc416dead31a1902b6821fdae909cd3b08f7a3fd1faba7b5
#3 DONE 0.4s

#10 [internal] load build context
#10 sha256:0d88f2347f9d35d6fe48a24dad20be4f6fae1cd5a06d8ffa8994cabe1a6b00b8
#10 DONE 0.0s

#5 [1/6] FROM gcr.io/oss-fuzz-base/base-builder@sha256:f4e5ea12494fab091c5d830cf803b3421f2860f729b9d1b07da44924396cf8cf
#5 sha256:ef290950573a2779ee526af357b28fbddfc20d7409aa51f58f777c9e972cba29
#5 DONE 0.0s

#4 importing cache manifest from gcr.io/fuzzbench/builders/benchmark/xerces-c_xerces_fuzz_common
#4 sha256:9afd0bceca54c5f81ff68bc645ee83d6cc384c4e50daadea58571353470fb0b2
#4 ERROR: gcr.io/fuzzbench/builders/benchmark/xerces-c_xerces_fuzz_common:latest: not found

#6 [2/6] RUN apt-get update && apt-get install -y make autoconf automake libtool wget zlib1g-dev libtool ninja-build cmake subversion
#6 sha256:49a7be0d1426a251f412403b6f3dd299746dfa7d77c2a0d17974e8e219c1ab51
#6 CACHED

#7 [3/6] RUN svn co https://svn.apache.org/repos/asf/xerces/c/trunk /src/xerces-c
#7 sha256:2d69086665ffa0ba5e8cd5f963a9e6563ce2c73682d46e1d7780d66f0f453ddb
#7 CACHED

#8 [4/6] RUN git clone --depth 1 https://github.com/google/libprotobuf-mutator.git
#8 sha256:bee7b0dcd969c3fa01d5a1c50ef58aceb1d1ff26454b357d14091e8c06c30b6c
#8 CACHED

#10 [internal] load build context
#10 sha256:0d88f2347f9d35d6fe48a24dad20be4f6fae1cd5a06d8ffa8994cabe1a6b00b8
#10 transferring context: 32.07kB done
#10 DONE 0.2s

#9 [5/6] RUN (mkdir LPM && cd LPM && cmake ../libprotobuf-mutator -GNinja -DLIB_PROTO_MUTATOR_DOWNLOAD_PROTOBUF=ON -DLIB_PROTO_MUTATOR_TESTING=OFF -DCMAKE_BUILD_TYPE=Release && ninja)
#9 sha256:64be309b4d5ca6af803e12213c3728ca03cc31a94bed735864af4240930a4c69
#9 0.700 -- The CXX compiler identification is Clang 14.0.0
#9 0.716 -- Detecting CXX compiler ABI info
#9 0.807 -- Detecting CXX compiler ABI info - done
#9 0.825 -- Check for working CXX compiler: /usr/local/bin/clang++ - skipped
#9 0.826 -- Detecting CXX compile features
#9 0.827 -- Detecting CXX compile features - done
#9 0.904 -- The C compiler identification is Clang 14.0.0
#9 0.917 -- Detecting C compiler ABI info
#9 1.007 -- Detecting C compiler ABI info - done
#9 1.027 -- Check for working C compiler: /usr/local/bin/clang - skipped
#9 1.028 -- Detecting C compile features
#9 1.029 -- Detecting C compile features - done
#9 1.036 -- Looking for pthread.h
#9 1.132 -- Looking for pthread.h - found
#9 1.132 -- Performing Test CMAKE_HAVE_LIBC_PTHREAD
#9 1.228 -- Performing Test CMAKE_HAVE_LIBC_PTHREAD - Failed
#9 1.228 -- Check if compiler accepts -pthread
#9 1.325 -- Check if compiler accepts -pthread - yes
#9 1.329 -- Found Threads: TRUE  
#9 1.341 -- Could NOT find LibLZMA (missing: LIBLZMA_LIBRARY LIBLZMA_INCLUDE_DIR LIBLZMA_HAS_AUTO_DECODER LIBLZMA_HAS_EASY_ENCODER LIBLZMA_HAS_LZMA_PRESET) 
#9 1.356 -- Found ZLIB: /usr/lib/x86_64-linux-gnu/libz.so (found version "1.2.11") 
#9 1.358 -- Performing Test LIB_PROTO_MUTATOR_HAS_SANITIZE_ADDRESS
#9 1.597 -- Performing Test LIB_PROTO_MUTATOR_HAS_SANITIZE_ADDRESS - Success
#9 1.598 -- Performing Test LIB_PROTO_MUTATOR_HAS_SANITIZE_SCOPE
#9 1.838 -- Performing Test LIB_PROTO_MUTATOR_HAS_SANITIZE_SCOPE - Success
#9 1.841 -- Performing Test LIB_PROTO_MUTATOR_HAS_NO_COVERAGE
#9 1.932 -- Performing Test LIB_PROTO_MUTATOR_HAS_NO_COVERAGE - Success
#9 1.933 -- Performing Test LIB_PROTO_MUTATOR_HAS_SANITIZE_FUZZER
#9 2.114 -- Performing Test LIB_PROTO_MUTATOR_HAS_SANITIZE_FUZZER - Success
#9 2.116 -- Performing Test LIB_PROTO_MUTATOR_HAS_NO_SANITIZE_FUZZER
#9 2.207 -- Performing Test LIB_PROTO_MUTATOR_HAS_NO_SANITIZE_FUZZER - Success
#9 2.209 -- Performing Test LIB_PROTO_MUTATOR_HAS_WSTRING_CONVERSION
#9 2.301 -- Performing Test LIB_PROTO_MUTATOR_HAS_WSTRING_CONVERSION - Success
#9 2.317 -- Could NOT find Protobuf (missing: Protobuf_LIBRARIES Protobuf_INCLUDE_DIR) 
#9 2.415 -- Configuring done
#9 2.418 CMake Error: The following variables are used in this project, but they are set to NOTFOUND.
#9 2.418 Please set them or make sure they are set and tested correctly in the CMake files:
#9 2.418 LIBLZMA_LIBRARY (ADVANCED)
#9 2.418     linked by target "libxml2_example" in directory /src/libprotobuf-mutator/examples/libxml2
#9 2.418 
#9 2.441 -- Generating done
#9 2.446 CMake Generate step failed.  Build files cannot be regenerated correctly.
#9 ERROR: executor failed running [/bin/sh -c (mkdir LPM && cd LPM && cmake ../libprotobuf-mutator -GNinja -DLIB_PROTO_MUTATOR_DOWNLOAD_PROTOBUF=ON -DLIB_PROTO_MUTATOR_TESTING=OFF -DCMAKE_BUILD_TYPE=Release && ninja)]: exit code: 1
------
 > importing cache manifest from gcr.io/fuzzbench/builders/benchmark/xerces-c_xerces_fuzz_common:
------
------
 > [5/6] RUN (mkdir LPM && cd LPM && cmake ../libprotobuf-mutator -GNinja -DLIB_PROTO_MUTATOR_DOWNLOAD_PROTOBUF=ON -DLIB_PROTO_MUTATOR_TESTING=OFF -DCMAKE_BUILD_TYPE=Release && ninja):
------
executor failed running [/bin/sh -c (mkdir LPM && cd LPM && cmake ../libprotobuf-mutator -GNinja -DLIB_PROTO_MUTATOR_DOWNLOAD_PROTOBUF=ON -DLIB_PROTO_MUTATOR_TESTING=OFF -DCMAKE_BUILD_TYPE=Release && ninja)]: exit code: 1
make: *** [docker/generated.mk:72079: .xerces-c_xerces_fuzz_common-project-builder] Error 1
/bin/sh: 1: source: not found
#2 [internal] load .dockerignore
#2 sha256:dc6de6d7605d4ecc8ff96105a6fe584e1ee810b75835de08ea4ecc1ded33cb19
#2 transferring context: 2B done
#2 DONE 0.5s

#1 [internal] load build definition from Dockerfile
#1 sha256:5a20193282fe561458733ae3ec4f71cab4e0a45cbcec288b783edd8ccae8c057
#1 transferring dockerfile: 32B done
#1 DONE 0.6s

#3 [internal] load metadata for gcr.io/oss-fuzz-base/base-builder:latest
#3 sha256:f10dc39cc9d418a5bc416dead31a1902b6821fdae909cd3b08f7a3fd1faba7b5
#3 DONE 0.4s

#9 [internal] load build context
#9 sha256:1f109157dd3d0269ff7661e7ac3a99e579b78e3efbb0682a56ea9ec17916b428
#9 DONE 0.0s

#4 [1/6] FROM gcr.io/oss-fuzz-base/base-builder@sha256:f4e5ea12494fab091c5d830cf803b3421f2860f729b9d1b07da44924396cf8cf
#4 sha256:ef290950573a2779ee526af357b28fbddfc20d7409aa51f58f777c9e972cba29
#4 DONE 0.0s

#11 importing cache manifest from gcr.io/fuzzbench/builders/benchmark/xerces-c_xerces_fuzz_common
#11 sha256:9afd0bceca54c5f81ff68bc645ee83d6cc384c4e50daadea58571353470fb0b2
#11 ERROR: gcr.io/fuzzbench/builders/benchmark/xerces-c_xerces_fuzz_common:latest: not found

#9 [internal] load build context
#9 sha256:1f109157dd3d0269ff7661e7ac3a99e579b78e3efbb0682a56ea9ec17916b428
#9 transferring context: 300B done
#9 DONE 0.1s

#5 [2/6] RUN apt-get update && apt-get install -y make autoconf automake libtool wget zlib1g-dev libtool ninja-build cmake subversion
#5 sha256:49a7be0d1426a251f412403b6f3dd299746dfa7d77c2a0d17974e8e219c1ab51
#5 CACHED

#6 [3/6] RUN svn co https://svn.apache.org/repos/asf/xerces/c/trunk /src/xerces-c
#6 sha256:2d69086665ffa0ba5e8cd5f963a9e6563ce2c73682d46e1d7780d66f0f453ddb
#6 CACHED

#7 [4/6] RUN git clone --depth 1 https://github.com/google/libprotobuf-mutator.git
#7 sha256:bee7b0dcd969c3fa01d5a1c50ef58aceb1d1ff26454b357d14091e8c06c30b6c
#7 CACHED

#8 [5/6] RUN (mkdir LPM && cd LPM && cmake ../libprotobuf-mutator -GNinja -DLIB_PROTO_MUTATOR_DOWNLOAD_PROTOBUF=ON -DLIB_PROTO_MUTATOR_TESTING=OFF -DCMAKE_BUILD_TYPE=Release && ninja)
#8 sha256:64be309b4d5ca6af803e12213c3728ca03cc31a94bed735864af4240930a4c69
#8 0.668 -- The CXX compiler identification is Clang 14.0.0
#8 0.682 -- Detecting CXX compiler ABI info
#8 0.781 -- Detecting CXX compiler ABI info - done
#8 0.800 -- Check for working CXX compiler: /usr/local/bin/clang++ - skipped
#8 0.800 -- Detecting CXX compile features
#8 0.801 -- Detecting CXX compile features - done
#8 0.881 -- The C compiler identification is Clang 14.0.0
#8 0.893 -- Detecting C compiler ABI info
#8 0.975 -- Detecting C compiler ABI info - done
#8 0.994 -- Check for working C compiler: /usr/local/bin/clang - skipped
#8 0.995 -- Detecting C compile features
#8 0.996 -- Detecting C compile features - done
#8 1.001 -- Looking for pthread.h
#8 1.100 -- Looking for pthread.h - found
#8 1.101 -- Performing Test CMAKE_HAVE_LIBC_PTHREAD
#8 1.201 -- Performing Test CMAKE_HAVE_LIBC_PTHREAD - Failed
#8 1.201 -- Check if compiler accepts -pthread
#8 1.304 -- Check if compiler accepts -pthread - yes
#8 1.307 -- Found Threads: TRUE  
#8 1.320 -- Could NOT find LibLZMA (missing: LIBLZMA_LIBRARY LIBLZMA_INCLUDE_DIR LIBLZMA_HAS_AUTO_DECODER LIBLZMA_HAS_EASY_ENCODER LIBLZMA_HAS_LZMA_PRESET) 
#8 1.335 -- Found ZLIB: /usr/lib/x86_64-linux-gnu/libz.so (found version "1.2.11") 
#8 1.336 -- Performing Test LIB_PROTO_MUTATOR_HAS_SANITIZE_ADDRESS
#8 1.578 -- Performing Test LIB_PROTO_MUTATOR_HAS_SANITIZE_ADDRESS - Success
#8 1.580 -- Performing Test LIB_PROTO_MUTATOR_HAS_SANITIZE_SCOPE
#8 1.823 -- Performing Test LIB_PROTO_MUTATOR_HAS_SANITIZE_SCOPE - Success
#8 1.825 -- Performing Test LIB_PROTO_MUTATOR_HAS_NO_COVERAGE
#8 1.916 -- Performing Test LIB_PROTO_MUTATOR_HAS_NO_COVERAGE - Success
#8 1.918 -- Performing Test LIB_PROTO_MUTATOR_HAS_SANITIZE_FUZZER
#8 2.100 -- Performing Test LIB_PROTO_MUTATOR_HAS_SANITIZE_FUZZER - Success
#8 2.102 -- Performing Test LIB_PROTO_MUTATOR_HAS_NO_SANITIZE_FUZZER
#8 2.195 -- Performing Test LIB_PROTO_MUTATOR_HAS_NO_SANITIZE_FUZZER - Success
#8 2.197 -- Performing Test LIB_PROTO_MUTATOR_HAS_WSTRING_CONVERSION
#8 2.284 -- Performing Test LIB_PROTO_MUTATOR_HAS_WSTRING_CONVERSION - Success
#8 2.302 -- Could NOT find Protobuf (missing: Protobuf_LIBRARIES Protobuf_INCLUDE_DIR) 
#8 2.396 -- Configuring done
#8 2.398 CMake Error: The following variables are used in this project, but they are set to NOTFOUND.
#8 2.398 Please set them or make sure they are set and tested correctly in the CMake files:
#8 2.398 LIBLZMA_LIBRARY (ADVANCED)
#8 2.398     linked by target "libxml2_example" in directory /src/libprotobuf-mutator/examples/libxml2
#8 2.398 
#8 2.423 -- Generating done
#8 2.427 CMake Generate step failed.  Build files cannot be regenerated correctly.
#8 ERROR: executor failed running [/bin/sh -c (mkdir LPM && cd LPM && cmake ../libprotobuf-mutator -GNinja -DLIB_PROTO_MUTATOR_DOWNLOAD_PROTOBUF=ON -DLIB_PROTO_MUTATOR_TESTING=OFF -DCMAKE_BUILD_TYPE=Release && ninja)]: exit code: 1
------
 > importing cache manifest from gcr.io/fuzzbench/builders/benchmark/xerces-c_xerces_fuzz_common:
------
------
 > [5/6] RUN (mkdir LPM && cd LPM && cmake ../libprotobuf-mutator -GNinja -DLIB_PROTO_MUTATOR_DOWNLOAD_PROTOBUF=ON -DLIB_PROTO_MUTATOR_TESTING=OFF -DCMAKE_BUILD_TYPE=Release && ninja):
------
executor failed running [/bin/sh -c (mkdir LPM && cd LPM && cmake ../libprotobuf-mutator -GNinja -DLIB_PROTO_MUTATOR_DOWNLOAD_PROTOBUF=ON -DLIB_PROTO_MUTATOR_TESTING=OFF -DCMAKE_BUILD_TYPE=Release && ninja)]: exit code: 1
make: *** [docker/generated.mk:72079: .xerces-c_xerces_fuzz_common-project-builder] Error 1
