WARNING:root:gcloud not found in PATH.
INFO:root:Successfully integrated benchmark: libssh_libssh.
INFO:root:Please run "make test-run-afl-libssh_libssh" to test integration.
#2 [internal] load .dockerignore
#2 sha256:a5e8efc3c27ee194399c7b640d9548532c0cfb79314bcc2a96b9f8eb2cada609
#2 transferring context: 2B done
#2 DONE 0.2s

#1 [internal] load build definition from Dockerfile
#1 sha256:982d0dcec219d1885cad475c307f905ae8670b26ebbddd35d608026eb4c13831
#1 transferring dockerfile: 32B done
#1 DONE 0.3s

#3 [internal] load metadata for gcr.io/oss-fuzz-base/base-builder:latest
#3 sha256:f10dc39cc9d418a5bc416dead31a1902b6821fdae909cd3b08f7a3fd1faba7b5
#3 DONE 0.4s

#9 [internal] load build context
#9 sha256:e2263ec6fcdf908e2dfa4132484439e65406025efa300c83f423b2d43d80da57
#9 DONE 0.0s

#5 [1/5] FROM gcr.io/oss-fuzz-base/base-builder@sha256:4ad017ca53699eda684c1c444948c93a4af848fe34baee3a765d3c4693fe6a56
#5 sha256:3f10b3978a3951f6e2692fa5e5890ee5a755650381dedece7198ed0b1dcdaa8c
#5 DONE 0.0s

#4 importing cache manifest from gcr.io/fuzzbench/builders/benchmark/libssh_libssh
#4 sha256:2789ff977efd2226a2cc456cf52819fd8ebac662da819d5d3de5ae6fe72e2aec
#4 ERROR: gcr.io/fuzzbench/builders/benchmark/libssh_libssh:latest: not found

#9 [internal] load build context
#9 sha256:e2263ec6fcdf908e2dfa4132484439e65406025efa300c83f423b2d43d80da57
#9 transferring context: 30B done
#9 DONE 0.0s

#6 [2/5] RUN apt-get update && apt-get install -y cmake zlib1g-dev libssl-dev
#6 sha256:f798435e56a398f4cdb69f8175f92319dfc72f9847ca5b970174c4eb708e3281
#6 CACHED

#7 [3/5] RUN git clone --depth=1 https://git.libssh.org/projects/libssh.git
#7 sha256:75bdd4c37a24c287188100068e60360609463b3e1b8b7cfeca38a294484ae2ca
#7 CACHED

#8 [4/5] WORKDIR libssh
#8 sha256:51f308b12b3e218f0f4e37eb1c9f50618a7cd0b5f4eed0848ec0535d00090395
#8 CACHED

#10 [5/5] COPY build.sh /src/
#10 sha256:a41770245d56aa52adb40d55abd996587333f3f5ee815a815485bfa8e7051fee
#10 CACHED

#11 exporting to image
#11 sha256:e8c613e07b0b7ff33893b694f7759a10d42e180f2b4dc349fb57dc6b71dcab00
#11 exporting layers done
#11 writing image sha256:e44d1da5bec724e6164642b5f87fa752841a5cdcfc75b644b3ce8ed767e1a570 0.0s done
#11 naming to gcr.io/fuzzbench/builders/benchmark/libssh_libssh done
#11 DONE 0.2s

#12 exporting cache
#12 sha256:2700d4ef94dee473593c5c614b55b2dedcca7893909811a8f2b48291a1f581e4
#12 preparing build cache for export done
#12 DONE 0.0s
------
 > importing cache manifest from gcr.io/fuzzbench/builders/benchmark/libssh_libssh:
------
#1 [internal] load build definition from builder.Dockerfile
#1 sha256:4ce1948449f396ddacfce30ca299808ec994f78109cf01ff2a2049058692c77a
#1 transferring dockerfile: 1.35kB done
#1 DONE 0.0s

#2 [internal] load .dockerignore
#2 sha256:ca959df616c41b104649aa6cf2f0393c6dd8d15d88ec9c3fe54a6ba62a21e55a
#2 transferring context: 2B done
#2 DONE 0.1s

#3 [internal] load metadata for gcr.io/fuzzbench/builders/benchmark/libssh_libssh:latest
#3 sha256:e404a447d1f74e48975954af2163e443918fbc0dc4f97fdd146a84627e4207de
#3 DONE 0.0s

#5 [1/3] FROM gcr.io/fuzzbench/builders/benchmark/libssh_libssh
#5 sha256:3f38a6bd7521e44a37371b73588d5c211dcb9a8295e76b5a1abc296eefb9ad87
#5 DONE 0.0s

#4 importing cache manifest from gcr.io/fuzzbench/builders/afl/libssh_libssh-intermediate
#4 sha256:9a953c52765eefb7912a3382da3cdc1f4857f3e9d09dadc22449e74cee894c09
#4 ERROR: gcr.io/fuzzbench/builders/afl/libssh_libssh-intermediate:latest: not found

#6 [2/3] RUN git clone https://github.com/google/AFL.git /afl &&     cd /afl &&     git checkout 61037103ae3722c8060ff7082994836a794f978e &&     AFL_NO_X86=1 make
#6 sha256:3c9392a416ea5d2c8c3b69d5e009da616f1060bdbd68720b30e2a917ef3d500c
#6 CACHED

#7 [3/3] RUN apt-get update &&     apt-get install wget -y &&     wget https://raw.githubusercontent.com/llvm/llvm-project/5feb80e748924606531ba28c97fe65145c65372e/compiler-rt/lib/fuzzer/afl/afl_driver.cpp -O /afl/afl_driver.cpp &&     clang -Wno-pointer-sign -c /afl/llvm_mode/afl-llvm-rt.o.c -I/afl &&     clang++ -stdlib=libc++ -std=c++11 -O2 -c /afl/afl_driver.cpp &&     ar r /libAFL.a *.o
#7 sha256:3c5aa5416d2ee50d093eb7d4bbc41c1750bcee61f16f72ef210dc71b1677a6af
#7 CACHED

#8 exporting to image
#8 sha256:e8c613e07b0b7ff33893b694f7759a10d42e180f2b4dc349fb57dc6b71dcab00
#8 exporting layers done
#8 writing image sha256:8b60bbab41f2a95d1a1fb58d5e538dbcfc0ad1d85c5f34a544ff35c72e13b26b 0.0s done
#8 naming to gcr.io/fuzzbench/builders/afl/libssh_libssh-intermediate 0.0s done
#8 DONE 0.6s

#9 exporting cache
#9 sha256:2700d4ef94dee473593c5c614b55b2dedcca7893909811a8f2b48291a1f581e4
#9 preparing build cache for export done
#9 DONE 0.0s
------
 > importing cache manifest from gcr.io/fuzzbench/builders/afl/libssh_libssh-intermediate:
------
#1 [internal] load build definition from Dockerfile
#1 sha256:d70b688409759deceaf81ad658663794b549f7d867f113d767b95240c9cbbac1
#1 transferring dockerfile: 2.00kB done
#1 ...

#2 [internal] load .dockerignore
#2 sha256:105fe4f40dd52873dfbe54f13029f9f745e80b783b7b64ed2dcf4beab72c6174
#2 transferring context: 34B done
#2 DONE 0.5s

#1 [internal] load build definition from Dockerfile
#1 sha256:d70b688409759deceaf81ad658663794b549f7d867f113d767b95240c9cbbac1
#1 DONE 0.7s

#3 [internal] load metadata for docker.io/library/ubuntu:xenial
#3 sha256:f62bae18ed588840f045c881b2502661f2a89578a2f8f99b83f5200ee83dd25b
#3 DONE 0.0s

#5 [1/7] FROM docker.io/library/ubuntu:xenial
#5 sha256:14dd403f25ae9e519bd44f27dc17af7ce80f5a4f9f48ca88108364e67ec5d360
#5 DONE 0.0s

#4 importing cache manifest from gcr.io/fuzzbench/base-image
#4 sha256:9b220ebb4d4daceed1b96df9b6dca076e762f1cd612574f010b82d5b9e5ad896
#4 DONE 0.0s

#8 [internal] load build context
#8 sha256:04c2d383e0783033589d62f34af738365564350ca251a1a1a74004d209f3e9b1
#8 transferring context: 559B 0.2s done
#8 DONE 0.4s

#9 [4/7] COPY ./requirements.txt /
#9 sha256:254577c70112bd54da6cff1a97d9c048e7a0709524b49318c2b09e3b22f0bdc5
#9 CACHED

#10 [5/7] RUN pip3 install -r /requirements.txt
#10 sha256:1fc12a8260da0c3dd1d74d6f19f78e2495307686939804c132b4f17a8add7fef
#10 CACHED

#11 [6/7] RUN apt-get update -y && apt-get install -y     apt-transport-https     lsb-release
#11 sha256:1b00f146076f9b9d0babc1c69d412d6cb6babee5a3643253ddcb978c0cd61186
#11 CACHED

#6 [2/7] RUN apt-get update -y && apt-get install -y     build-essential     rsync     curl     zlib1g-dev     libncurses5-dev     libgdbm-dev     libnss3-dev     libssl-dev     libreadline-dev     libffi-dev     virtualenv     libbz2-dev     liblzma-dev     libsqlite3-dev
#6 sha256:3a1b0960f17eed529eaae93dc8fd3554f2743dd584d8fa569cdbe6bc734371ac
#6 CACHED

#7 [3/7] RUN cd /tmp/ &&     curl -O https://www.python.org/ftp/python/3.8.6/Python-3.8.6.tar.xz &&     tar -xvf Python-3.8.6.tar.xz &&     cd Python-3.8.6 &&     ./configure --enable-loadable-sqlite-extensions --enable-optimizations &&     make -j install &&     rm -r /tmp/Python-3.8.6.tar.xz /tmp/Python-3.8.6
#7 sha256:c5b9d1fb3371e84dbc60b76e7b2f8d5913bc93bcd4910ab65daa03e7b2ec4bb0
#7 CACHED

#12 [7/7] RUN CLOUD_SDK_REPO="cloud-sdk-$(lsb_release -c -s)" &&     echo "deb https://packages.cloud.google.com/apt $CLOUD_SDK_REPO main"     | tee -a /etc/apt/sources.list.d/google-cloud-sdk.list &&     curl https://packages.cloud.google.com/apt/doc/apt-key.gpg     | apt-key add - &&     apt-get update -y &&     apt-get install -y google-cloud-sdk
#12 sha256:31c5e9423d8af7d70232b4c44e223f95cac4bb58d333491e6673614563cd97af
#12 CACHED

#13 exporting to image
#13 sha256:e8c613e07b0b7ff33893b694f7759a10d42e180f2b4dc349fb57dc6b71dcab00
#13 exporting layers done
#13 writing image sha256:139540fb22a119f888cb3e5ed6e013e8d868574697f5fb839e5da9e23de73e0a
#13 writing image sha256:139540fb22a119f888cb3e5ed6e013e8d868574697f5fb839e5da9e23de73e0a 0.1s done
#13 naming to gcr.io/fuzzbench/base-image done
#13 DONE 0.6s

#14 exporting cache
#14 sha256:2700d4ef94dee473593c5c614b55b2dedcca7893909811a8f2b48291a1f581e4
#14 preparing build cache for export done
#14 DONE 0.0s
#2 [internal] load .dockerignore
#2 sha256:93e053f252f70c1d3acd6718b8f9333e700957782115f3ce39411d4179729287
#2 transferring context: 34B done
#2 DONE 0.3s

#1 [internal] load build definition from Dockerfile
#1 sha256:94a3e53adaa5bf97888753f42697129ebf2cb197ae8c90a429f068835de0ec00
#1 transferring dockerfile: 2.22kB done
#1 DONE 0.3s

#4 [internal] load metadata for gcr.io/fuzzbench/base-image:latest
#4 sha256:932022888f650cc455b10eb5123bb08c0cccacac29a693e69314abbfd28a72c3
#4 DONE 0.0s

#3 [internal] load metadata for gcr.io/fuzzbench/builders/afl/libssh_libssh-intermediate:latest
#3 sha256:22d61ba5b0df9222bec6b6dabeeb899f56a3db896430afe7528b2fb5901be292
#3 DONE 0.0s

#12 [internal] load build context
#12 sha256:76edcaa6ad07d44517979f6b5fd86e7847e9fb772205f92231caeed185564fd5
#12 DONE 0.0s

#7 [base-image 1/1] FROM gcr.io/fuzzbench/base-image
#7 sha256:4d07825694520f8b6f6a0d8592dbd345433361ae044cb7f06706c5a95e3daaad
#7 DONE 0.0s

#6 [stage-1  1/13] FROM gcr.io/fuzzbench/builders/afl/libssh_libssh-intermediate
#6 sha256:47de934364481badde1d0efe6cbc21813bbb4af4b77c246bc3e10f31c1f0058d
#6 DONE 0.0s

#5 importing cache manifest from gcr.io/fuzzbench/builders/afl/libssh_libssh
#5 sha256:f3229c6a9ba46789fe39108587c2487dd926de7ac3c1b5416ae06d885329bfe1
#5 ERROR: gcr.io/fuzzbench/builders/afl/libssh_libssh:latest: not found

#12 [internal] load build context
#12 sha256:76edcaa6ad07d44517979f6b5fd86e7847e9fb772205f92231caeed185564fd5
#12 transferring context: 669.86kB 0.1s done
#12 DONE 0.2s

#8 [stage-1  2/13] COPY --from=base-image /usr/local/bin/python3* /usr/local/bin/
#8 sha256:360bef6ed1f022a36e6bb7a330aa9161e23346a290f08803df6471219631a16f
#8 CACHED

#9 [stage-1  3/13] COPY --from=base-image /usr/local/lib/python3.8 /usr/local/lib/python3.8
#9 sha256:50749d472b125970d56154db1208a11204904c8242a87a74446dce770eb8209f
#9 CACHED

#10 [stage-1  4/13] COPY --from=base-image /usr/local/include/python3.8 /usr/local/include/python3.8
#10 sha256:9cfc1a5f56ac425ea66439b33ef5a90127295e5e28c602168c19f59b779cd3f3
#10 CACHED

#11 [stage-1  5/13] COPY --from=base-image /usr/local/lib/python3.8/site-packages /usr/local/lib/python3.8/site-packages
#11 sha256:7f38d29132900c235ac620f97da5c8a128058977e6c0bbbcfd47f91bfff65b52
#11 CACHED

#13 [stage-1  6/13] COPY fuzzers /src/fuzzers
#13 sha256:dd2c150c54e3659a80e0cde534417d580301a19941a25ec56842b32667e69574
#13 CACHED

#14 [stage-1  7/13] RUN touch /src/__init__.py
#14 sha256:2e9c74164e44c06544e499b870338d8f52d419768011139b7b7dba0be0173a9d
#14 CACHED

#15 [stage-1  8/13] COPY benchmarks/libssh_libssh/benchmark.yaml /
#15 sha256:4ac132ea841a1ddc1a7de689f2d8f1bc76eee6c64aef8b1068e5e117139ecd4f
#15 DONE 0.6s

#16 [stage-1  9/13] RUN mkdir /opt/fuzzbench/
#16 sha256:d5463a3e420de18c8d18757b9aec4af2fe6070eef7b7cd6b2766f65a8a1a2f6c
#16 DONE 0.8s

#17 [stage-1 10/13] COPY docker/benchmark-builder/checkout_commit.py /opt/fuzzbench/
#17 sha256:bf3379a4fb37d47a6e629ff0c75282766cb8f6bab7b8a8e59997708ed01a9671
#17 DONE 0.3s

#18 [stage-1 11/13] RUN export CHECKOUT_COMMIT=$(cat /benchmark.yaml | tr -d ' ' | grep 'commit:' | cut -d ':' -f2) &&     python3 -u /opt/fuzzbench/checkout_commit.py $CHECKOUT_COMMIT /src
#18 sha256:cfd9320678bd771c6b4549af44e1cc046531ca6dd9bdf84476ac70830c880abf
#18 0.436 Checking out commit 4518205e
#18 3.638 From https://git.libssh.org/projects/libssh
#18 3.638  * [new tag]           libssh-0.8.0  -> libssh-0.8.0
#18 3.638  * [new tag]           release-0-3-0 -> release-0-3-0
#18 3.645 error: pathspec '4518205e' did not match any file(s) known to git
#18 3.656 error: pathspec '4518205e' did not match any file(s) known to git
#18 3.663 error: pathspec '4518205e' did not match any file(s) known to git
#18 3.682 error: pathspec '4518205e' did not match any file(s) known to git
#18 3.714 Checkout unsuccessful.
#18 DONE 4.1s

#19 [stage-1 12/13] RUN echo "#!/bin/bash\nPYTHONPATH=/src python3 -u -c "from fuzzers import utils; utils.initialize_env(); from fuzzers.afl import fuzzer; fuzzer.build()"" > /usr/bin/fuzzer_build &&     chmod +x /usr/bin/fuzzer_build
#19 sha256:0bdf88eb7e270e7726e49dc0b1b48416963d3e7227be39418e57f6d36802c6d9
#19 DONE 0.8s

#20 [stage-1 13/13] RUN echo "Run fuzzer_build to build the target" && if [ -z "$debug_builder" ] ; then fuzzer_build; fi
#20 sha256:1370c01956f4bb68006c5506ba28a28d661a3dea12e40069b3daa922935bdc4a
#20 0.452 Run fuzzer_build to build the target
#20 0.565 FUZZ_TARGET = libssh
#20 0.565 CFLAGS = -DFUZZING_BUILD_MODE_UNSAFE_FOR_PRODUCTION -pthread -Wl,--no-as-needed -Wl,-ldl -Wl,-lm -Wno-unused-command-line-argument -O3
#20 0.565 CXXFLAGS = -DFUZZING_BUILD_MODE_UNSAFE_FOR_PRODUCTION -pthread -Wl,--no-as-needed -Wl,-ldl -Wl,-lm -Wno-unused-command-line-argument -stdlib=libc++ -O3
#20 0.573 Building benchmark libssh_libssh with fuzzer afl
#20 0.576 + BUILD=/work/build
#20 0.576 + mkdir -p /work/build
#20 0.579 + pushd /work/build
#20 0.579 + cmake -DCMAKE_C_COMPILER=clang -DCMAKE_CXX_COMPILER=clang++ '-DCMAKE_C_FLAGS=-DFUZZING_BUILD_MODE_UNSAFE_FOR_PRODUCTION -pthread -Wl,--no-as-needed -Wl,-ldl -Wl,-lm -Wno-unused-command-line-argument -O3 -fsanitize-coverage=trace-pc-guard' '-DCMAKE_CXX_FLAGS=-DFUZZING_BUILD_MODE_UNSAFE_FOR_PRODUCTION -pthread -Wl,--no-as-needed -Wl,-ldl -Wl,-lm -Wno-unused-command-line-argument -stdlib=libc++ -O3 -fsanitize-coverage=trace-pc-guard' -DBUILD_SHARED_LIBS=OFF -DWITH_INSECURE_NONE=ON /src/libssh
#20 0.579 /work/build /src/libssh
#20 0.830 -- The C compiler identification is Clang 14.0.0
#20 0.861 -- Detecting C compiler ABI info
#20 1.019 -- Detecting C compiler ABI info - done
#20 1.069 -- Check for working C compiler: /usr/local/bin/clang - skipped
#20 1.070 -- Detecting C compile features
#20 1.070 -- Detecting C compile features - done
#20 1.090 -- Performing Test REQUIRED_FLAGS_WERROR
#20 1.241 -- Performing Test REQUIRED_FLAGS_WERROR - Success
#20 1.244 -- Performing Test WITH_STD_GNU99_FLAG
#20 1.390 -- Performing Test WITH_STD_GNU99_FLAG - Success
#20 1.392 -- Performing Test WITH_WPEDANTIC_FLAG
#20 1.533 -- Performing Test WITH_WPEDANTIC_FLAG - Success
#20 1.535 -- Performing Test WITH_WALL_FLAG
#20 1.678 -- Performing Test WITH_WALL_FLAG - Success
#20 1.680 -- Performing Test WITH_WSHADOW_FLAG
#20 1.824 -- Performing Test WITH_WSHADOW_FLAG - Success
#20 1.826 -- Performing Test WITH_WMISSING_PROTOTYPES_FLAG
#20 1.971 -- Performing Test WITH_WMISSING_PROTOTYPES_FLAG - Success
#20 1.973 -- Performing Test WITH_WCAST_ALIGN_FLAG
#20 2.122 -- Performing Test WITH_WCAST_ALIGN_FLAG - Success
#20 2.124 -- Performing Test WITH_WERROR_ADDRESS_FLAG
#20 2.274 -- Performing Test WITH_WERROR_ADDRESS_FLAG - Success
#20 2.277 -- Performing Test WITH_WSTRICT_PROTOTYPES_FLAG
#20 2.438 -- Performing Test WITH_WSTRICT_PROTOTYPES_FLAG - Success
#20 2.440 -- Performing Test WITH_WERROR_STRICT_PROTOTYPES_FLAG
#20 2.586 -- Performing Test WITH_WERROR_STRICT_PROTOTYPES_FLAG - Success
#20 2.589 -- Performing Test WITH_WWRITE_STRINGS_FLAG
#20 2.741 -- Performing Test WITH_WWRITE_STRINGS_FLAG - Success
#20 2.744 -- Performing Test WITH_WERROR_WRITE_STRINGS_FLAG
#20 2.892 -- Performing Test WITH_WERROR_WRITE_STRINGS_FLAG - Success
#20 2.895 -- Performing Test WITH_WERROR_IMPLICIT_FUNCTION_DECLARATION_FLAG
#20 3.048 -- Performing Test WITH_WERROR_IMPLICIT_FUNCTION_DECLARATION_FLAG - Success
#20 3.050 -- Performing Test WITH_WPOINTER_ARITH_FLAG
#20 3.195 -- Performing Test WITH_WPOINTER_ARITH_FLAG - Success
#20 3.197 -- Performing Test WITH_WERROR_POINTER_ARITH_FLAG
#20 3.342 -- Performing Test WITH_WERROR_POINTER_ARITH_FLAG - Success
#20 3.345 -- Performing Test WITH_WDECLARATION_AFTER_STATEMENT_FLAG
#20 3.494 -- Performing Test WITH_WDECLARATION_AFTER_STATEMENT_FLAG - Success
#20 3.495 -- Performing Test WITH_WERROR_DECLARATION_AFTER_STATEMENT_FLAG
#20 3.646 -- Performing Test WITH_WERROR_DECLARATION_AFTER_STATEMENT_FLAG - Success
#20 3.648 -- Performing Test WITH_WRETURN_TYPE_FLAG
#20 3.804 -- Performing Test WITH_WRETURN_TYPE_FLAG - Success
#20 3.806 -- Performing Test WITH_WERROR_RETURN_TYPE_FLAG
#20 3.964 -- Performing Test WITH_WERROR_RETURN_TYPE_FLAG - Success
#20 3.966 -- Performing Test WITH_WUNINITIALIZED_FLAG
#20 4.116 -- Performing Test WITH_WUNINITIALIZED_FLAG - Success
#20 4.118 -- Performing Test WITH_WERROR_UNINITIALIZED_FLAG
#20 4.266 -- Performing Test WITH_WERROR_UNINITIALIZED_FLAG - Success
#20 4.268 -- Performing Test WITH_WIMPLICIT_FALLTHROUGH_FLAG
#20 4.423 -- Performing Test WITH_WIMPLICIT_FALLTHROUGH_FLAG - Success
#20 4.426 -- Performing Test WITH_WERROR_STRICT_OVERFLOW_FLAG
#20 4.572 -- Performing Test WITH_WERROR_STRICT_OVERFLOW_FLAG - Success
#20 4.574 -- Performing Test WITH_WSTRICT_OVERFLOW_2_FLAG
#20 4.720 -- Performing Test WITH_WSTRICT_OVERFLOW_2_FLAG - Success
#20 4.722 -- Performing Test WITH_WNO_FORMAT_ZERO_LENGTH_FLAG
#20 4.876 -- Performing Test WITH_WNO_FORMAT_ZERO_LENGTH_FLAG - Success
#20 4.879 -- Performing Test WITH_WMISSING_FIELD_INITIALIZERS_FLAG
#20 5.032 -- Performing Test WITH_WMISSING_FIELD_INITIALIZERS_FLAG - Success
#20 5.035 -- Performing Test WITH_WSIGN_COMPARE_FLAG
#20 5.178 -- Performing Test WITH_WSIGN_COMPARE_FLAG - Success
#20 5.179 -- Performing Test REQUIRED_FLAGS_WFORMAT
#20 5.327 -- Performing Test REQUIRED_FLAGS_WFORMAT - Success
#20 5.330 -- Performing Test WITH_WFORMAT_SECURITY_FLAG
#20 5.476 -- Performing Test WITH_WFORMAT_SECURITY_FLAG - Success
#20 5.479 -- Performing Test WITH_WERROR_FORMAT_SECURITY_FLAG
#20 5.627 -- Performing Test WITH_WERROR_FORMAT_SECURITY_FLAG - Success
#20 5.630 -- Performing Test WITH_WNO_GNU_ZERO_VARIADIC_MACRO_ARGUMENTS_FLAG
#20 5.783 -- Performing Test WITH_WNO_GNU_ZERO_VARIADIC_MACRO_ARGUMENTS_FLAG - Success
#20 5.785 -- Performing Test WITH_FNO_COMMON_FLAG
#20 5.928 -- Performing Test WITH_FNO_COMMON_FLAG - Success
#20 5.928 -- Performing Test WITH_STACK_PROTECTOR_STRONG
#20 6.083 -- Performing Test WITH_STACK_PROTECTOR_STRONG - Success
#20 6.084 -- Performing Test WITH_STACK_CLASH_PROTECTION
#20 6.244 -- Performing Test WITH_STACK_CLASH_PROTECTION - Success
#20 6.247 -- Performing Test WITH_WNO_DEPRECATED_DECLARATIONS_FLAG
#20 6.401 -- Performing Test WITH_WNO_DEPRECATED_DECLARATIONS_FLAG - Success
#20 6.426 -- Found ZLIB: /usr/lib/x86_64-linux-gnu/libz.so (found version "1.2.11") 
#20 6.435 -- Found OpenSSL: /usr/lib/x86_64-linux-gnu/libcrypto.so (found suitable version "1.1.1f", minimum required is "1.0.1")  
#20 6.437 -- Looking for pthread.h
#20 6.607 -- Looking for pthread.h - found
#20 6.607 -- Performing Test CMAKE_HAVE_LIBC_PTHREAD
#20 6.783 -- Performing Test CMAKE_HAVE_LIBC_PTHREAD - Success
#20 6.787 -- Found Threads: TRUE  
#20 6.794 -- Could NOT find PkgConfig (missing: PKG_CONFIG_EXECUTABLE) 
#20 6.796 -- Could NOT find GSSAPI (missing: GSSAPI_LIBRARIES GSSAPI_INCLUDE_DIR) 
#20 6.799 -- Could NOT find NaCl (missing: NACL_LIBRARIES NACL_INCLUDE_DIRS) 
#20 6.834 -- Found PythonInterp: /usr/bin/python (found version "3.8.10") 
#20 6.835 -- Could not find `abimap` in PATH. It can be found in PyPI as `abimap` (try `pip install abimap`)
#20 6.837 -- Could NOT find ABIMap (missing: ABIMAP_EXECUTABLE) (Required is at least version "0.3.1")
#20 6.849 -- Looking for argp.h
#20 7.019 -- Looking for argp.h - found
#20 7.020 -- Looking for pty.h
#20 7.192 -- Looking for pty.h - found
#20 7.193 -- Looking for utmp.h
#20 7.368 -- Looking for utmp.h - found
#20 7.369 -- Looking for termios.h
#20 7.531 -- Looking for termios.h - found
#20 7.532 -- Looking for unistd.h
#20 7.779 -- Looking for unistd.h - found
#20 7.779 -- Looking for stdint.h
#20 7.946 -- Looking for stdint.h - found
#20 7.947 -- Looking for util.h
#20 7.984 -- Looking for util.h - not found
#20 7.985 -- Looking for libutil.h
#20 8.019 -- Looking for libutil.h - not found
#20 8.019 -- Looking for sys/time.h
#20 8.182 -- Looking for sys/time.h - found
#20 8.183 -- Looking for sys/utime.h
#20 8.221 -- Looking for sys/utime.h - not found
#20 8.222 -- Looking for sys/param.h
#20 8.390 -- Looking for sys/param.h - found
#20 8.391 -- Looking for arpa/inet.h
#20 8.566 -- Looking for arpa/inet.h - found
#20 8.567 -- Looking for byteswap.h
#20 8.728 -- Looking for byteswap.h - found
#20 8.729 -- Looking for glob.h
#20 8.891 -- Looking for glob.h - found
#20 8.891 -- Looking for valgrind/valgrind.h
#20 8.929 -- Looking for valgrind/valgrind.h - not found
#20 8.930 -- Looking for openssl/des.h
#20 9.097 -- Looking for openssl/des.h - found
#20 9.098 -- Looking for openssl/aes.h
#20 9.265 -- Looking for openssl/aes.h - found
#20 9.266 -- Looking for openssl/ecdh.h
#20 9.504 -- Looking for openssl/ecdh.h - found
#20 9.505 -- Looking for openssl/ec.h
#20 9.758 -- Looking for openssl/ec.h - found
#20 9.759 -- Looking for openssl/ecdsa.h
#20 9.999 -- Looking for openssl/ecdsa.h - found
#20 9.999 -- Looking for EVP_KDF_CTX_new_id
#20 10.21 -- Looking for EVP_KDF_CTX_new_id - not found
#20 10.21 -- Looking for FIPS_mode
#20 10.41 -- Looking for FIPS_mode - found
#20 10.41 -- Looking for RAND_priv_bytes
#20 10.63 -- Looking for RAND_priv_bytes - found
#20 10.63 -- Looking for EVP_DigestSign
#20 10.83 -- Looking for EVP_DigestSign - found
#20 10.83 -- Looking for EVP_DigestVerify
#20 11.04 -- Looking for EVP_DigestVerify - found
#20 11.04 -- Looking for OPENSSL_ia32cap_loc
#20 11.24 -- Looking for OPENSSL_ia32cap_loc - not found
#20 11.24 -- Looking for EVP_PKEY_ED25519
#20 11.54 -- Looking for EVP_PKEY_ED25519 - found
#20 11.54 -- Looking for EVP_chacha20
#20 11.75 -- Looking for EVP_chacha20 - found
#20 11.75 -- Looking for EVP_PKEY_POLY1305
#20 12.05 -- Looking for EVP_PKEY_POLY1305 - found
#20 12.05 -- Looking for EVP_PKEY_X25519
#20 12.35 -- Looking for EVP_PKEY_X25519 - found
#20 12.36 -- Looking for isblank
#20 12.52 -- Looking for isblank - found
#20 12.52 -- Looking for strncpy
#20 12.68 -- Looking for strncpy - found
#20 12.68 -- Looking for strndup
#20 12.85 -- Looking for strndup - found
#20 12.85 -- Looking for strtoull
#20 13.01 -- Looking for strtoull - found
#20 13.02 -- Looking for explicit_bzero
#20 13.18 -- Looking for explicit_bzero - found
#20 13.18 -- Looking for memset_s
#20 13.34 -- Looking for memset_s - not found
#20 13.34 -- Performing Test HAVE_GLOB_GL_FLAGS_MEMBER
#20 13.51 -- Performing Test HAVE_GLOB_GL_FLAGS_MEMBER - Success
#20 13.51 -- Looking for glob
#20 13.68 -- Looking for glob - found
#20 13.68 -- Looking for vsnprintf
#20 13.84 -- Looking for vsnprintf - found
#20 13.84 -- Looking for snprintf
#20 14.00 -- Looking for snprintf - found
#20 14.00 -- Looking for poll
#20 14.17 -- Looking for poll - found
#20 14.17 -- Looking for select
#20 14.33 -- Looking for select - found
#20 14.33 -- Looking for getaddrinfo
#20 14.49 -- Looking for getaddrinfo - found
#20 14.50 -- Looking for ntohll
#20 14.55 -- Looking for ntohll - not found
#20 14.55 -- Looking for htonll
#20 14.60 -- Looking for htonll - not found
#20 14.60 -- Looking for clock_gettime in rt
#20 14.76 -- Looking for clock_gettime in rt - found
#20 14.76 -- Looking for forkpty in util
#20 14.93 -- Looking for forkpty in util - found
#20 14.93 -- Looking for cfmakeraw
#20 15.10 -- Looking for cfmakeraw - found
#20 15.10 -- Looking for __strtoull
#20 15.26 -- Looking for __strtoull - not found
#20 15.26 -- Performing Test HAVE_GCC_THREAD_LOCAL_STORAGE
#20 15.41 -- Performing Test HAVE_GCC_THREAD_LOCAL_STORAGE - Success
#20 15.42 -- Performing Test HAVE_MSC_THREAD_LOCAL_STORAGE
#20 15.46 -- Performing Test HAVE_MSC_THREAD_LOCAL_STORAGE - Failed
#20 15.46 -- Performing Test HAVE_CONSTRUCTOR_ATTRIBUTE
#20 15.65 -- Performing Test HAVE_CONSTRUCTOR_ATTRIBUTE - Success
#20 15.65 -- Performing Test HAVE_DESTRUCTOR_ATTRIBUTE
#20 15.81 -- Performing Test HAVE_DESTRUCTOR_ATTRIBUTE - Success
#20 15.81 -- Performing Test HAVE_FALLTHROUGH_ATTRIBUTE
#20 15.96 -- Performing Test HAVE_FALLTHROUGH_ATTRIBUTE - Success
#20 15.97 -- Performing Test HAVE_UNUSED_ATTRIBUTE
#20 16.13 -- Performing Test HAVE_UNUSED_ATTRIBUTE - Success
#20 16.13 -- Performing Test HAVE_GCC_VOLATILE_MEMORY_PROTECTION
#20 16.29 -- Performing Test HAVE_GCC_VOLATILE_MEMORY_PROTECTION - Success
#20 16.29 -- Performing Test HAVE_COMPILER__FUNC__
#20 16.46 -- Performing Test HAVE_COMPILER__FUNC__ - Success
#20 16.46 -- Performing Test HAVE_COMPILER__FUNCTION__
#20 16.63 -- Performing Test HAVE_COMPILER__FUNCTION__ - Success
#20 16.63 -- Performing Test HAVE_LD_VERSION_SCRIPT
#20 16.79 -- Performing Test HAVE_LD_VERSION_SCRIPT - Success
#20 16.81 -- Could NOT find Doxygen (missing: DOXYGEN_EXECUTABLE) 
#20 16.81 -- Threads_FOUND=TRUE
#20 17.07 -- The CXX compiler identification is Clang 14.0.0
#20 17.08 -- Detecting CXX compiler ABI info
#20 17.27 -- Detecting CXX compiler ABI info - done
#20 17.34 -- Check for working CXX compiler: /usr/local/bin/clang++ - skipped
#20 17.34 -- Detecting CXX compile features
#20 17.34 -- Detecting CXX compile features - done
#20 17.34 -- ********************************************
#20 17.34 -- ********** libssh build options : **********
#20 17.34 -- zlib support: ON
#20 17.34 -- libgcrypt support: OFF
#20 17.34 -- libmbedTLS support: OFF
#20 17.34 -- libnacl support: OFF
#20 17.34 -- SFTP support: ON
#20 17.34 -- Server support : ON
#20 17.34 -- GSSAPI support : 0
#20 17.34 -- GEX support : ON
#20 17.34 -- Support insecure none cipher and MAC : ON
#20 17.34 -- Pcap debugging support : ON
#20 17.34 -- Build shared library: OFF
#20 17.34 -- Unit testing: OFF
#20 17.34 -- Client code testing: OFF
#20 17.34 -- Blowfish cipher support: OFF
#20 17.34 -- PKCS #11 URI support: OFF
#20 17.34 -- DSA support: OFF
#20 17.34 -- Server code testing: OFF
#20 17.34 -- Public API documentation generation
#20 17.34 -- Benchmarks: OFF
#20 17.34 -- Symbol versioning: ON
#20 17.34 -- Allow ABI break: OFF
#20 17.35 -- Release is final: 
#20 17.35 -- Global client config: /etc/ssh/ssh_config
#20 17.35 -- Global bind config: /etc/ssh/libssh_server_config
#20 17.35 -- ********************************************
#20 17.35 -- Configuring done
#20 17.43 -- Generating done
#20 17.43 -- Build files have been written to: /work/build
#20 17.44 ++ nproc
#20 17.44 + make -j8
#20 17.47 [  1%] Building C object src/CMakeFiles/ssh.dir/agent.c.o
#20 17.47 [  2%] Building C object src/CMakeFiles/ssh.dir/auth.c.o
#20 17.48 [  3%] Building C object src/CMakeFiles/ssh.dir/base64.c.o
#20 17.48 [  4%] Building C object src/CMakeFiles/ssh.dir/bignum.c.o
#20 17.48 [  5%] Building C object src/CMakeFiles/ssh.dir/buffer.c.o
#20 17.48 [  6%] Building C object src/CMakeFiles/ssh.dir/callbacks.c.o
#20 17.48 [  6%] Building C object src/CMakeFiles/ssh.dir/channels.c.o
#20 17.48 [  7%] Building C object src/CMakeFiles/ssh.dir/client.c.o
#20 17.69 [  8%] Building C object src/CMakeFiles/ssh.dir/config.c.o
#20 17.76 [  9%] Building C object src/CMakeFiles/ssh.dir/connect.c.o
#20 17.79 [ 10%] Building C object src/CMakeFiles/ssh.dir/connector.c.o
#20 17.94 [ 11%] Building C object src/CMakeFiles/ssh.dir/crypto_common.c.o
#20 17.95 [ 12%] Building C object src/CMakeFiles/ssh.dir/curve25519.c.o
#20 18.16 [ 12%] Building C object src/CMakeFiles/ssh.dir/dh.c.o
#20 18.25 [ 13%] Building C object src/CMakeFiles/ssh.dir/ecdh.c.o
#20 18.27 [ 14%] Building C object src/CMakeFiles/ssh.dir/error.c.o
#20 18.31 [ 15%] Building C object src/CMakeFiles/ssh.dir/getpass.c.o
#20 18.36 [ 16%] Building C object src/CMakeFiles/ssh.dir/init.c.o
#20 18.41 [ 17%] Building C object src/CMakeFiles/ssh.dir/kdf.c.o
#20 18.49 [ 18%] Building C object src/CMakeFiles/ssh.dir/kex.c.o
#20 18.50 [ 19%] Building C object src/CMakeFiles/ssh.dir/known_hosts.c.o
#20 18.56 [ 19%] Building C object src/CMakeFiles/ssh.dir/knownhosts.c.o
#20 18.57 [ 20%] Building C object src/CMakeFiles/ssh.dir/legacy.c.o
#20 18.62 [ 21%] Building C object src/CMakeFiles/ssh.dir/log.c.o
#20 18.68 [ 22%] Building C object src/CMakeFiles/ssh.dir/match.c.o
#20 18.75 [ 23%] Building C object src/CMakeFiles/ssh.dir/messages.c.o
#20 18.80 [ 24%] Building C object src/CMakeFiles/ssh.dir/misc.c.o
#20 18.87 [ 25%] Building C object src/CMakeFiles/ssh.dir/options.c.o
#20 18.94 [ 26%] Building C object src/CMakeFiles/ssh.dir/packet.c.o
#20 18.95 [ 26%] Building C object src/CMakeFiles/ssh.dir/packet_cb.c.o
#20 19.11 [ 27%] Building C object src/CMakeFiles/ssh.dir/packet_crypt.c.o
#20 19.22 [ 28%] Building C object src/CMakeFiles/ssh.dir/pcap.c.o
#20 19.30 [ 29%] Building C object src/CMakeFiles/ssh.dir/pki.c.o
#20 19.31 [ 30%] Building C object src/CMakeFiles/ssh.dir/pki_container_openssh.c.o
#20 19.47 [ 31%] Building C object src/CMakeFiles/ssh.dir/poll.c.o
#20 19.55 [ 32%] Building C object src/CMakeFiles/ssh.dir/session.c.o
#20 19.58 [ 32%] Building C object src/CMakeFiles/ssh.dir/scp.c.o
#20 19.63 [ 33%] Building C object src/CMakeFiles/ssh.dir/socket.c.o
#20 19.63 [ 34%] Building C object src/CMakeFiles/ssh.dir/string.c.o
#20 19.75 [ 35%] Building C object src/CMakeFiles/ssh.dir/threads.c.o
#20 19.80 [ 36%] Building C object src/CMakeFiles/ssh.dir/wrapper.c.o
#20 19.82 [ 37%] Building C object src/CMakeFiles/ssh.dir/external/bcrypt_pbkdf.c.o
#20 19.96 [ 38%] Building C object src/CMakeFiles/ssh.dir/external/blowfish.c.o
#20 19.98 [ 39%] Building C object src/CMakeFiles/ssh.dir/config_parser.c.o
#20 20.05 [ 39%] Building C object src/CMakeFiles/ssh.dir/token.c.o
#20 20.16 [ 40%] Building C object src/CMakeFiles/ssh.dir/pki_ed25519_common.c.o
#20 20.17 [ 41%] Building C object src/CMakeFiles/ssh.dir/threads/noop.c.o
#20 20.19 [ 42%] Building C object src/CMakeFiles/ssh.dir/threads/pthread.c.o
#20 20.21 [ 43%] Building C object src/CMakeFiles/ssh.dir/threads/libcrypto.c.o
#20 20.29 [ 44%] Building C object src/CMakeFiles/ssh.dir/pki_crypto.c.o
#20 20.32 [ 45%] Building C object src/CMakeFiles/ssh.dir/ecdh_crypto.c.o
#20 20.35 [ 46%] Building C object src/CMakeFiles/ssh.dir/libcrypto.c.o
#20 20.35 [ 46%] Building C object src/CMakeFiles/ssh.dir/dh_crypto.c.o
#20 20.36 [ 47%] Building C object src/CMakeFiles/ssh.dir/sftp.c.o
#20 20.39 [ 48%] Building C object src/CMakeFiles/ssh.dir/sftpserver.c.o
#20 20.50 [ 49%] Building C object src/CMakeFiles/ssh.dir/server.c.o
#20 20.50 [ 50%] Building C object src/CMakeFiles/ssh.dir/bind.c.o
#20 20.68 [ 51%] Building C object src/CMakeFiles/ssh.dir/bind_config.c.o
#20 20.70 [ 52%] Building C object src/CMakeFiles/ssh.dir/dh-gex.c.o
#20 20.72 [ 52%] Building C object src/CMakeFiles/ssh.dir/gzip.c.o
#20 21.64 [ 53%] Linking C static library libssh.a
#20 22.35 [ 53%] Built target ssh
#20 22.37 [ 55%] Building C object examples/CMakeFiles/samplesshd-kbdint.dir/samplesshd-kbdint.c.o
#20 22.37 [ 55%] Building C object examples/CMakeFiles/keygen2.dir/keygen2.c.o
#20 22.37 [ 55%] Building C object examples/CMakeFiles/samplesftp.dir/samplesftp.c.o
#20 22.37 [ 56%] Building C object examples/CMakeFiles/exec.dir/exec.c.o
#20 22.37 [ 56%] Building C object examples/CMakeFiles/ssh-client.dir/ssh_client.c.o
#20 22.37 [ 58%] Building C object examples/CMakeFiles/keygen.dir/keygen.c.o
#20 22.37 [ 58%] Building C object examples/CMakeFiles/ssh_server_fork.dir/ssh_server.c.o
#20 22.37 [ 59%] Building C object examples/CMakeFiles/libssh_scp.dir/libssh_scp.c.o
#20 22.46 [ 60%] Linking C executable keygen
#20 22.47 /src/libssh/examples/libssh_scp.c:156:22: warning: 'ssh_scp_close' is deprecated [-Wdeprecated-declarations]
#20 22.47                 rc = ssh_scp_close(loc->scp);
#20 22.47                      ^
#20 22.47 /src/libssh/include/libssh/libssh.h:556:1: note: 'ssh_scp_close' has been explicitly marked deprecated here
#20 22.47 SSH_DEPRECATED LIBSSH_API int ssh_scp_close(ssh_scp scp);
#20 22.47 ^
#20 22.47 /src/libssh/include/libssh/libssh.h:86:40: note: expanded from macro 'SSH_DEPRECATED'
#20 22.47 #define SSH_DEPRECATED __attribute__ ((deprecated))
#20 22.47                                        ^
#20 22.47 /src/libssh/examples/libssh_scp.c:162:17: warning: 'ssh_scp_free' is deprecated [-Wdeprecated-declarations]
#20 22.47                 ssh_scp_free(loc->scp);
#20 22.47                 ^
#20 22.47 /src/libssh/include/libssh/libssh.h:558:1: note: 'ssh_scp_free' has been explicitly marked deprecated here
#20 22.48 SSH_DEPRECATED LIBSSH_API void ssh_scp_free(ssh_scp scp);
#20 22.48 ^
#20 22.48 /src/libssh/include/libssh/libssh.h:86:40: note: expanded from macro 'SSH_DEPRECATED'
#20 22.48 #define SSH_DEPRECATED __attribute__ ((deprecated))
#20 22.48                                        ^
#20 22.48 /src/libssh/examples/libssh_scp.c:187:20: warning: 'ssh_scp_new' is deprecated [-Wdeprecated-declarations]
#20 22.48         loc->scp = ssh_scp_new(loc->session, SSH_SCP_WRITE, loc->path);
#20 22.48                    ^
#20 22.48 /src/libssh/include/libssh/libssh.h:561:1: note: 'ssh_scp_new' has been explicitly marked deprecated here
#20 22.48 SSH_DEPRECATED LIBSSH_API ssh_scp ssh_scp_new(ssh_session session, int mode, const char *location);
#20 22.48 ^
#20 22.48 /src/libssh/include/libssh/libssh.h:86:40: note: expanded from macro 'SSH_DEPRECATED'
#20 22.48 #define SSH_DEPRECATED __attribute__ ((deprecated))
#20 22.48                                        ^
#20 22.48 /src/libssh/examples/libssh_scp.c:196:13: warning: 'ssh_scp_init' is deprecated [-Wdeprecated-declarations]
#20 22.48         if (ssh_scp_init(loc->scp) == SSH_ERROR) {
#20 22.48             ^
#20 22.48 /src/libssh/include/libssh/libssh.h:559:1: note: 'ssh_scp_init' has been explicitly marked deprecated here
#20 22.48 SSH_DEPRECATED LIBSSH_API int ssh_scp_init(ssh_scp scp);
#20 22.48 ^
#20 22.48 /src/libssh/include/libssh/libssh.h:86:40: note: expanded from macro 'SSH_DEPRECATED'
#20 22.48 #define SSH_DEPRECATED __attribute__ ((deprecated))
#20 22.48                                        ^
#20 22.48 /src/libssh/examples/libssh_scp.c:198:13: warning: 'ssh_scp_free' is deprecated [-Wdeprecated-declarations]
#20 22.48             ssh_scp_free(loc->scp);
#20 22.48             ^
#20 22.48 /src/libssh/include/libssh/libssh.h:558:1: note: 'ssh_scp_free' has been explicitly marked deprecated here
#20 22.48 SSH_DEPRECATED LIBSSH_API void ssh_scp_free(ssh_scp scp);
#20 22.48 ^
#20 22.48 /src/libssh/include/libssh/libssh.h:86:40: note: expanded from macro 'SSH_DEPRECATED'
#20 22.48 #define SSH_DEPRECATED __attribute__ ((deprecated))
#20 22.48                                        ^
#20 22.48 /src/libssh/examples/libssh_scp.c:213:20: warning: 'ssh_scp_new' is deprecated [-Wdeprecated-declarations]
#20 22.48         loc->scp = ssh_scp_new(loc->session, SSH_SCP_READ, loc->path);
#20 22.48                    ^
#20 22.48 /src/libssh/include/libssh/libssh.h:561:1: note: 'ssh_scp_new' has been explicitly marked deprecated here
#20 22.48 SSH_DEPRECATED LIBSSH_API ssh_scp ssh_scp_new(ssh_session session, int mode, const char *location);
#20 22.48 ^
#20 22.48 /src/libssh/include/libssh/libssh.h:86:40: note: expanded from macro 'SSH_DEPRECATED'
#20 22.48 #define SSH_DEPRECATED __attribute__ ((deprecated))
#20 22.48                                        ^
#20 22.48 /src/libssh/examples/libssh_scp.c:222:13: warning: 'ssh_scp_init' is deprecated [-Wdeprecated-declarations]
#20 22.48         if (ssh_scp_init(loc->scp) == SSH_ERROR) {
#20 22.48             ^
#20 22.49 /src/libssh/include/libssh/libssh.h:559:1: note: 'ssh_scp_init' has been explicitly marked deprecated here
#20 22.49 SSH_DEPRECATED LIBSSH_API int ssh_scp_init(ssh_scp scp);
#20 22.49 ^
#20 22.49 /src/libssh/include/libssh/libssh.h:86:40: note: expanded from macro 'SSH_DEPRECATED'
#20 22.49 #define SSH_DEPRECATED __attribute__ ((deprecated))
#20 22.49                                        ^
#20 22.49 /src/libssh/examples/libssh_scp.c:224:13: warning: 'ssh_scp_free' is deprecated [-Wdeprecated-declarations]
#20 22.49             ssh_scp_free(loc->scp);
#20 22.49             ^
#20 22.49 /src/libssh/include/libssh/libssh.h:558:1: note: 'ssh_scp_free' has been explicitly marked deprecated here
#20 22.49 SSH_DEPRECATED LIBSSH_API void ssh_scp_free(ssh_scp scp);
#20 22.49 ^
#20 22.49 /src/libssh/include/libssh/libssh.h:86:40: note: expanded from macro 'SSH_DEPRECATED'
#20 22.49 #define SSH_DEPRECATED __attribute__ ((deprecated))
#20 22.49                                        ^
#20 22.49 /src/libssh/examples/libssh_scp.c:290:17: warning: 'ssh_scp_pull_request' is deprecated [-Wdeprecated-declarations]
#20 22.49             r = ssh_scp_pull_request(src->scp);
#20 22.49                 ^
#20 22.49 /src/libssh/include/libssh/libssh.h:562:1: note: 'ssh_scp_pull_request' has been explicitly marked deprecated here
#20 22.49 SSH_DEPRECATED LIBSSH_API int ssh_scp_pull_request(ssh_scp scp);
#20 22.49 ^
#20 22.49 /src/libssh/include/libssh/libssh.h:86:40: note: expanded from macro 'SSH_DEPRECATED'
#20 22.49 #define SSH_DEPRECATED __attribute__ ((deprecated))
#20 22.49                                        ^
#20 22.49 /src/libssh/examples/libssh_scp.c:292:17: warning: 'ssh_scp_deny_request' is deprecated [-Wdeprecated-declarations]
#20 22.49                 ssh_scp_deny_request(src->scp, "Not in recursive mode");
#20 22.49                 ^
#20 22.49 /src/libssh/include/libssh/libssh.h:557:1: note: 'ssh_scp_deny_request' has been explicitly marked deprecated here
#20 22.50 SSH_DEPRECATED LIBSSH_API int ssh_scp_deny_request(ssh_scp scp, const char *reason);
#20 22.50 ^
#20 22.50 /src/libssh/include/libssh/libssh.h:86:40: note: expanded from macro 'SSH_DEPRECATED'
#20 22.50 #define SSH_DEPRECATED __attribute__ ((deprecated))
#20 22.50                                        ^
#20 22.50 /src/libssh/examples/libssh_scp.c:296:24: warning: 'ssh_scp_request_get_size' is deprecated [-Wdeprecated-declarations]
#20 22.50                 size = ssh_scp_request_get_size(src->scp);
#20 22.50                        ^
#20 22.50 /src/libssh/include/libssh/libssh.h:569:1: note: 'ssh_scp_request_get_size' has been explicitly marked deprecated here
#20 22.50 SSH_DEPRECATED LIBSSH_API size_t ssh_scp_request_get_size(ssh_scp scp);
#20 22.50 ^
#20 22.50 /src/libssh/include/libssh/libssh.h:86:40: note: expanded from macro 'SSH_DEPRECATED'
#20 22.50 #define SSH_DEPRECATED __attribute__ ((deprecated))
#20 22.50                                        ^
#20 22.50 /src/libssh/examples/libssh_scp.c:[ 61%] Building C object examples/CMakeFiles/exec.dir/authentication.c.o
#20 22.50 297:35: warning: 'ssh_scp_request_get_filename' is deprecated [-Wdeprecated-declarations]
#20 22.50                 filename = strdup(ssh_scp_request_get_filename(src->scp));
#20 22.50                                   ^
#20 22.50 /src/libssh/include/libssh/libssh.h:567:1: note: 'ssh_scp_request_get_filename' has been explicitly marked deprecated here
#20 22.50 SSH_DEPRECATED LIBSSH_API const char *ssh_scp_request_get_filename(ssh_scp scp);
#20 22.50 ^
#20 22.50 /src/libssh/include/libssh/libssh.h:86:40: note: expanded from macro 'SSH_DEPRECATED'
#20 22.50 #define SSH_DEPRECATED __attribute__ ((deprecated))
#20 22.50                                        ^
#20 22.50 /src/libssh/examples/libssh_scp.c:298:24: warning: 'ssh_scp_request_get_permissions' is deprecated [-Wdeprecated-declarations]
#20 22.50                 mode = ssh_scp_request_get_permissions(src->scp);
#20 22.50                        ^
#20 22.50 /src/libssh/include/libssh/libssh.h:568:1: note: 'ssh_scp_request_get_permissions' has been explicitly marked deprecated here
#20 22.51 SSH_DEPRECATED LIBSSH_API int ssh_scp_request_get_permissions(ssh_scp scp);
#20 22.51 ^
#20 22.51 /src/libssh/include/libssh/libssh.h:86:40: note: expanded from macro 'SSH_DEPRECATED'
#20 22.51 #define SSH_DEPRECATED __attribute__ ((deprecated))
#20 22.51                                        ^
#20 22.51 /src/libssh/examples/libssh_scp.c:313:13: warning: 'ssh_scp_push_file' is deprecated [-Wdeprecated-declarations]
#20 22.51         r = ssh_scp_push_file(dest->scp, src->path, size, mode);
#20 22.51             ^
#20 22.51 /src/libssh/include/libssh/libssh.h:564:1: note: 'ssh_scp_push_file' has been explicitly marked deprecated here
#20 22.51 SSH_DEPRECATED LIBSSH_API int ssh_scp_push_file(ssh_scp scp, const char *filename, size_t size, int perms);
#20 22.51 ^
#20 22.51 /src/libssh/include/libssh/libssh.h:86:40: note: expanded from macro 'SSH_DEPRECATED'
#20 22.51 #define SSH_DEPRECATED __attribute__ ((deprecated))
#20 22.51                                        ^
#20 22.51 /src/libssh/examples/libssh_scp.c:320:13: warning: 'ssh_scp_free' is deprecated [-Wdeprecated-declarations]
#20 22.51             ssh_scp_free(dest->scp);
#20 22.51             ^
#20 22.51 /src/libssh/include/libssh/libssh.h:558:1: note: 'ssh_scp_free' has been explicitly marked deprecated here
#20 22.51 SSH_DEPRECATED LIBSSH_API void ssh_scp_free(ssh_scp scp);
#20 22.51 ^
#20 22.51 /src/libssh/include/libssh/libssh.h:86:40: note: expanded from macro 'SSH_DEPRECATED'
#20 22.51 #define SSH_DEPRECATED __attribute__ ((deprecated))
#20 22.51                                        ^
#20 22.51 /src/libssh/examples/libssh_scp.c:332:21: warning: 'ssh_scp_deny_request' is deprecated [-Wdeprecated-declarations]
#20 22.51                     ssh_scp_deny_request(src->scp, "Cannot open local file");
#20 22.51                     ^
#20 22.51 /src/libssh/include/libssh/libssh.h:557:1: note: 'ssh_scp_deny_request' has been explicitly marked deprecated here
#20 22.51 SSH_DEPRECATED LIBSSH_API int ssh_scp_deny_request(ssh_scp scp, const char *reason);
#20 22.51 ^
#20 22.51 /src/libssh/include/libssh/libssh.h:86:40: note: expanded from macro 'SSH_DEPRECATED'
#20 22.51 #define SSH_DEPRECATED __attribute__ ((deprecated))
#20 22.51                                        ^
#20 22.51 /src/libssh/examples/libssh_scp.c:339:13: warning: 'ssh_scp_accept_request' is deprecated [-Wdeprecated-declarations]
#20 22.51             ssh_scp_accept_request(src->scp);
#20 22.52             ^
#20 22.52 /src/libssh/include/libssh/libssh.h:555:1: note: 'ssh_scp_accept_request' has been explicitly marked deprecated here
#20 22.52 SSH_DEPRECATED LIBSSH_API int ssh_scp_accept_request(ssh_scp scp);
#20 22.52 ^
#20 22.52 /src/libssh/include/libssh/libssh.h:86:40: note: expanded from macro 'SSH_DEPRECATED'
#20 22.52 #define SSH_DEPRECATED __attribute__ ((deprecated))
#20 22.52                                        ^
#20 22.52 /src/libssh/examples/libssh_scp.c:345:17: warning: 'ssh_scp_read' is deprecated [-Wdeprecated-declarations]
#20 22.52             r = ssh_scp_read(src->scp, buffer, sizeof(buffer));
#20 22.52                 ^
#20 22.52 /src/libssh/include/libssh/libssh.h:566:1: note: 'ssh_scp_read' has been explicitly marked deprecated here
#20 22.52 SSH_DEPRECATED LIBSSH_API int ssh_scp_read(ssh_scp scp, void *buffer, size_t size);
#20 22.52 ^
#20 22.52 /src/libssh/include/libssh/libssh.h:86:40: note: expanded from macro 'SSH_DEPRECATED'
#20 22.52 #define SSH_DEPRECATED __attribute__ ((deprecated))
#20 22.52                                        ^
#20 22.52 /src/libssh/examples/libssh_scp.c:373:17: warning: 'ssh_scp_write' is deprecated [-Wdeprecated-declarations]
#20 22.52             w = ssh_scp_write(dest->scp, buffer, r);
#20 22.52                 ^
#20 22.52 /src/libssh/include/libssh/libssh.h:572:1: note: 'ssh_scp_write' has been explicitly marked deprecated here
#20 22.52 SSH_DEPRECATED LIBSSH_API int ssh_scp_write(ssh_scp scp, const void *buffer, size_t len);
#20 22.52 ^
#20 22.52 /src/libssh/include/libssh/libssh.h:86:40: note: expanded from macro 'SSH_DEPRECATED'
#20 22.52 #define SSH_DEPRECATED __attribute__ ((deprecated))
#20 22.52                                        ^
#20 22.52 /src/libssh/examples/libssh_scp.c:378:17: warning: 'ssh_scp_free' is deprecated [-Wdeprecated-declarations]
#20 22.53                 ssh_scp_free(dest->scp);
#20 22.53                 ^
#20 22.53 /src/libssh/include/libssh/libssh.h:558:1: note: 'ssh_scp_free' has been explicitly marked deprecated here
#20 22.53 SSH_DEPRECATED LIBSSH_API void ssh_scp_free(ssh_scp scp);
#20 22.53 ^
#20 22.53 /src/libssh/include/libssh/libssh.h:86:40: note: expanded from macro 'SSH_DEPRECATED'
#20 22.53 #define SSH_DEPRECATED __attribute__ ((deprecated))
#20 22.53                                        ^
#20 22.57 [ 62%] Building C object examples/CMakeFiles/samplesftp.dir/authentication.c.o
#20 22.57 [ 63%] Linking C executable samplesshd-kbdint
#20 22.58 [ 64%] Building C object examples/CMakeFiles/keygen2.dir/authentication.c.o
#20 22.65 [ 65%] Building C object examples/CMakeFiles/ssh-client.dir/authentication.c.o
#20 22.72 [ 65%] Linking C executable ssh_server_fork
#20 22.73 20 warnings generated.
#20 22.73 [ 66%] Building C object examples/CMakeFiles/exec.dir/knownhosts.c.o
#20 22.74 [ 67%] Building C object examples/CMakeFiles/libssh_scp.dir/authentication.c.o
#20 22.77 [ 67%] Building C object examples/CMakeFiles/samplesftp.dir/knownhosts.c.o
#20 22.78 [ 68%] Building C object examples/CMakeFiles/keygen2.dir/knownhosts.c.o
#20 22.83 [ 68%] Built target keygen
#20 22.84 [ 69%] Building C object examples/CMakeFiles/sshnetcat.dir/sshnetcat.c.o
#20 22.85 [ 70%] Building C object examples/CMakeFiles/ssh-client.dir/knownhosts.c.o
#20 22.87 [ 71%] Building C object examples/CMakeFiles/exec.dir/connect_ssh.c.o
#20 22.91 [ 72%] Building C object examples/CMakeFiles/samplesftp.dir/connect_ssh.c.o
#20 22.92 [ 73%] Building C object examples/CMakeFiles/keygen2.dir/connect_ssh.c.o
#20 22.93 [ 73%] Built target samplesshd-kbdint
#20 22.94 [ 74%] Building C object examples/CMakeFiles/sshnetcat.dir/authentication.c.o
#20 22.94 [ 75%] Building C object examples/CMakeFiles/libssh_scp.dir/knownhosts.c.o
#20 22.98 [ 76%] Linking C executable exec
#20 22.99 [ 77%] Building C object examples/CMakeFiles/ssh-client.dir/connect_ssh.c.o
#20 23.02 [ 78%] Linking C executable samplesftp
#20 23.03 [ 79%] Linking C executable keygen2
#20 23.08 [ 79%] Built target ssh_server_fork
#20 23.09 [ 79%] Building C object examples/CMakeFiles/libssh_scp.dir/connect_ssh.c.o
#20 23.09 [ 80%] Building C object examples/CMakeFiles/sshnetcat.dir/knownhosts.c.o
#20 23.10 [ 81%] Building C object examples/CMakeFiles/ssh_server_pthread.dir/ssh_server.c.o
#20 23.10 [ 82%] Linking C executable ssh-client
#20 23.14 [ 83%] Building C object examples/CMakeFiles/sshnetcat.dir/connect_ssh.c.o
#20 23.19 [ 84%] Linking C executable libssh_scp
#20 23.24 [ 86%] Linking C executable sshnetcat
#20 23.24 [ 86%] Building CXX object examples/CMakeFiles/libsshpp_noexcept.dir/libsshpp_noexcept.cpp.o
#20 23.34 [ 86%] Built target exec
#20 23.35 [ 86%] Building C object examples/CMakeFiles/scp_download.dir/scp_download.c.o
#20 23.40 [ 86%] Built target samplesftp
#20 23.40 [ 86%] Built target keygen2
#20 23.41 [ 87%] Building C object examples/CMakeFiles/senddata.dir/senddata.c.o
#20 23.42 [ 88%] Building CXX object examples/CMakeFiles/libsshpp.dir/libsshpp.cpp.o
#20 23.45 /src/libssh/examples/scp_download.c:113:15: warning: 'ssh_scp_new' is deprecated [-Wdeprecated-declarations]
#20 23.46   ssh_scp scp=ssh_scp_new(session, SSH_SCP_READ | SSH_SCP_RECURSIVE, "/tmp/libssh_tests/*");
#20 23.46               ^
#20 23.46 /src/libssh/include/libssh/libssh.h:561:1: note: 'ssh_scp_new' has been explicitly marked deprecated here
#20 23.46 SSH_DEPRECATED LIBSSH_API ssh_scp ssh_scp_new(ssh_session session, int mode, const char *location);
#20 23.46 ^
#20 23.46 /src/libssh/include/libssh/libssh.h:86:40: note: expanded from macro 'SSH_DEPRECATED'
#20 23.46 #define SSH_DEPRECATED __attribute__ ((deprecated))
#20 23.46                                        ^
#20 23.46 /src/libssh/examples/scp_download.c:114:6: warning: 'ssh_scp_init' is deprecated [-Wdeprecated-declarations]
#20 23.46   if(ssh_scp_init(scp) != SSH_OK){
#20 23.46      ^
#20 23.46 /src/libssh/include/libssh/libssh.h:559:1: note: 'ssh_scp_init' has been explicitly marked deprecated here
#20 23.46 SSH_DEPRECATED LIBSSH_API int ssh_scp_init(ssh_scp scp);
#20 23.46 ^
#20 23.46 /src/libssh/include/libssh/libssh.h:86:40: note: expanded from macro 'SSH_DEPRECATED'
#20 23.46 #define SSH_DEPRECATED __attribute__ ((deprecated))
#20 23.46                                        ^
#20 23.46 /src/libssh/examples/scp_download.c:116:4: warning: 'ssh_scp_free' is deprecated [-Wdeprecated-declarations]
#20 23.46           ssh_scp_free(scp);
#20 23.46           ^
#20 23.46 /src/libssh/include/libssh/libssh.h:558:1: note: 'ssh_scp_free' has been explicitly marked deprecated here
#20 23.46 SSH_DEPRECATED LIBSSH_API void ssh_scp_free(ssh_scp scp);
#20 23.46 ^
#20 23.46 /src/libssh/include/libssh/libssh.h:86:40: note: expanded from macro 'SSH_DEPRECATED'
#20 23.46 #define SSH_DEPRECATED __attribute__ ((deprecated))
#20 23.46                                        ^
#20 23.46 /src/libssh/examples/scp_download.c:122:6: warning: 'ssh_scp_pull_request' is deprecated [-Wdeprecated-declarations]
#20 23.46           r=ssh_scp_pull_request(scp);
#20 23.46             ^
#20 23.46 /src/libssh/include/libssh/libssh.h:562:1: note: 'ssh_scp_pull_request' has been explicitly marked deprecated here
#20 23.46 SSH_DEPRECATED LIBSSH_API int ssh_scp_pull_request(ssh_scp scp);
#20 23.46 ^
#20 23.46 /src/libssh/include/libssh/libssh.h:86:40: note: expanded from macro 'SSH_DEPRECATED'
#20 23.46 #define SSH_DEPRECATED __attribute__ ((deprecated))
#20 23.46                                        ^
#20 23.46 /src/libssh/examples/scp_download.c:125:10: warning: 'ssh_scp_request_get_size' is deprecated [-Wdeprecated-declarations]
#20 23.46                   size=ssh_scp_request_get_size(scp);
#20 23.46                        ^
#20 23.46 /src/libssh/include/libssh/libssh.h:569:1: note: 'ssh_scp_request_get_size' has been explicitly marked deprecated here
#20 23.46 SSH_DEPRECATED LIBSSH_API size_t ssh_scp_request_get_size(ssh_scp scp);
#20 23.46 ^
#20 23.46 /src/libssh/include/libssh/libssh.h:86:40: note: expanded from macro 'SSH_DEPRECATED'
#20 23.46 #define SSH_DEPRECATED __attribute__ ((deprecated))
#20 23.46                                        ^
#20 23.47 /src/libssh/examples/scp_download.c:126:21: warning: 'ssh_scp_request_get_filename' is deprecated [-Wdeprecated-declarations]
#20 23.47                   filename=strdup(ssh_scp_request_get_filename(scp));
#20 23.47                                   ^
#20 23.47 /src/libssh/include/libssh/libssh.h:567:1: note: 'ssh_scp_request_get_filename' has been explicitly marked deprecated here
#20 23.47 SSH_DEPRECATED LIBSSH_API const char *ssh_scp_request_get_filename(ssh_scp scp);
#20 23.47 ^
#20 23.47 /src/libssh/include/libssh/libssh.h:86:40: note: expanded from macro 'SSH_DEPRECATED'
#20 23.47 #define SSH_DEPRECATED __attribute__ ((deprecated))
#20 23.47                                        ^
#20 23.47 /src/libssh/examples/scp_download.c:127:10: warning: 'ssh_scp_request_get_permissions' is deprecated [-Wdeprecated-declarations]
#20 23.47                   mode=ssh_scp_request_get_permissions(scp);
#20 23.47                        ^
#20 23.47 /src/libssh/include/libssh/libssh.h:568:1: note: 'ssh_scp_request_get_permissions' has been explicitly marked deprecated here
#20 23.47 SSH_DEPRECATED LIBSSH_API int ssh_scp_request_get_permissions(ssh_scp scp);
#20 23.47 ^
#20 23.47 /src/libssh/include/libssh/libssh.h:86:40: note: expanded from macro 'SSH_DEPRECATED'
#20 23.47 #define SSH_DEPRECATED __attribute__ ((deprecated))
#20 23.47                                        ^
#20 23.47 /src/libssh/examples/scp_download.c:130:5: warning: 'ssh_scp_accept_request' is deprecated [-Wdeprecated-declarations]
#20 23.47                   ssh_scp_accept_request(scp);
#20 23.47                   ^
#20 23.47 /src/libssh/include/libssh/libssh.h:555:1: note: 'ssh_scp_accept_request' has been explicitly marked deprecated here
#20 23.47 SSH_DEPRECATED LIBSSH_API int ssh_scp_accept_request(ssh_scp scp);
#20 23.47 ^
#20 23.47 /src/libssh/include/libssh/libssh.h:86:40: note: expanded from macro 'SSH_DEPRECATED'
#20 23.47 #define SSH_DEPRECATED __attribute__ ((deprecated))
#20 23.47                                        ^
#20 23.47 /src/libssh/examples/scp_download.c:131:7: warning: 'ssh_scp_read' is deprecated [-Wdeprecated-declarations]
#20 23.47                   r=ssh_scp_read(scp,buffer,sizeof(buffer));
#20 23.47                     ^
#20 23.47 /src/libssh/include/libssh/libssh.h:566:1: note: 'ssh_scp_read' has been explicitly marked deprecated here
#20 23.47 [ 88%] Built target ssh-client
#20 23.47 SSH_DEPRECATED LIBSSH_API int ssh_scp_read(ssh_scp scp, void *buffer, size_t size);
#20 23.47 ^
#20 23.47 /src/libssh/include/libssh/libssh.h:86:40: note: expanded from macro 'SSH_DEPRECATED'
#20 23.47 #define SSH_DEPRECATED __attribute__ ((deprecated))
#20 23.47                                        ^
#20 23.47 /src/libssh/examples/scp_download.c:134:6: warning: 'ssh_scp_close' is deprecated [-Wdeprecated-declarations]
#20 23.47                           ssh_scp_close(scp);
#20 23.47                           ^
#20 23.47 /src/libssh/include/libssh/libssh.h:556:1: note: 'ssh_scp_close' has been explicitly marked deprecated here
#20 23.47 SSH_DEPRECATED LIBSSH_API int ssh_scp_close(ssh_scp scp);
#20 23.47 ^
#20 23.47 /src/libssh/include/libssh/libssh.h:86:40: note: expanded from macro 'SSH_DEPRECATED'
#20 23.47 #define SSH_DEPRECATED __attribute__ ((deprecated))
#20 23.47                                        ^
#20 23.47 /src/libssh/examples/scp_download.c:135:6: warning: 'ssh_scp_free' is deprecated [-Wdeprecated-declarations]
#20 23.47                           ssh_scp_free(scp);
#20 23.47                           ^
#20 23.47 /src/libssh/include/libssh/libssh.h:558:1: note: 'ssh_scp_free' has been explicitly marked deprecated here
#20 23.47 SSH_DEPRECATED LIBSSH_API void ssh_scp_free(ssh_scp scp);
#20 23.47 ^
#20 23.47 /src/libssh/include/libssh/libssh.h:86:40: note: expanded from macro 'SSH_DEPRECATED'
#20 23.47 #define SSH_DEPRECATED __attribute__ ((deprecated))
#20 23.47                                        ^
#20 23.48 /src/libssh/examples/scp_download.c:142:5: warning: 'ssh_scp_close' is deprecated [-Wdeprecated-declarations]
#20 23.48                   ssh_scp_close(scp);
#20 23.48                   ^
#20 23.48 /src/libssh/include/libssh/libssh.h:556:1: note: 'ssh_scp_close' has been explicitly marked deprecated here
#20 23.48 SSH_DEPRECATED LIBSSH_API int ssh_scp_close(ssh_scp scp);
#20 23.48 ^
#20 23.48 /src/libssh/include/libssh/libssh.h:86:40: note: expanded from macro 'SSH_DEPRECATED'
#20 23.48 #define SSH_DEPRECATED __attribute__ ((deprecated))
#20 23.48                                        ^
#20 23.48 /src/libssh/examples/scp_download.c:143:5: warning: 'ssh_scp_free' is deprecated [-Wdeprecated-declarations]
#20 23.48                   ssh_scp_free(scp);
#20 23.48                   ^
#20 23.48 /src/libssh/include/libssh/libssh.h:558:1: note: 'ssh_scp_free' has been explicitly marked deprecated here
#20 23.48 SSH_DEPRECATED LIBSSH_API void ssh_scp_free(ssh_scp scp);
#20 23.48 ^
#20 23.48 /src/libssh/include/libssh/libssh.h:86:40: note: expanded from macro 'SSH_DEPRECATED'
#20 23.48 #define SSH_DEPRECATED __attribute__ ((deprecated))
#20 23.48                                        ^
#20 23.48 /src/libssh/examples/scp_download.c:146:36: warning: 'ssh_scp_request_get_warning' is deprecated [-Wdeprecated-declarations]
#20 23.48                   fprintf(stderr,"Warning: %s\n",ssh_scp_request_get_warning(scp));
#20 23.48                                                  ^
#20 23.48 /src/libssh/include/libssh/libssh.h:571:1: note: 'ssh_scp_request_get_warning' has been explicitly marked deprecated here
#20 23.48 SSH_DEPRECATED LIBSSH_API const char *ssh_scp_request_get_warning(ssh_scp scp);
#20 23.48 ^
#20 23.48 /src/libssh/include/libssh/libssh.h:86:40: note: expanded from macro 'SSH_DEPRECATED'
#20 23.48 #define SSH_DEPRECATED __attribute__ ((deprecated))
#20 23.48                                        ^
#20 23.48 /src/libssh/examples/scp_download.c:149:21: warning: 'ssh_scp_request_get_filename' is deprecated [-Wdeprecated-declarations]
#20 23.48                   filename=strdup(ssh_scp_request_get_filename(scp));
#20 23.48                                   ^
#20 23.48 /src/libssh/include/libssh/libssh.h:567:1: note: 'ssh_scp_request_get_filename' has been explicitly marked deprecated here
#20 23.48 SSH_DEPRECATED LIBSSH_API const char *ssh_scp_request_get_filename(ssh_scp scp);
#20 23.48 ^
#20 23.48 /src/libssh/include/libssh/libssh.h:86:40: note: expanded from macro 'SSH_DEPRECATED'
#20 23.48 #define SSH_DEPRECATED __attribute__ ((deprecated))
#20 23.48                                        ^
#20 23.48 /src/libssh/examples/scp_download.c:150:10: warning: 'ssh_scp_request_get_permissions' is deprecated [-Wdeprecated-declarations]
#20 23.48                   mode=ssh_scp_request_get_permissions(scp);
#20 23.48                        ^
#20 23.48 /src/libssh/include/libssh/libssh.h:568:1: note: 'ssh_scp_request_get_permissions' has been explicitly marked deprecated here
#20 23.48 SSH_DEPRECATED LIBSSH_API int ssh_scp_request_get_permissions(ssh_scp scp);
#20 23.48 ^
#20 23.48 /src/libssh/include/libssh/libssh.h:86:40: note: expanded from macro 'SSH_DEPRECATED'
#20 23.48 #define SSH_DEPRECATED __attribute__ ((deprecated))
#20 23.48                                        ^
#20 23.48 /src/libssh/examples/scp_download.c:153:5: warning: 'ssh_scp_accept_request' is deprecated [-Wdeprecated-declarations]
#20 23.48                   ssh_scp_accept_request(scp);
#20 23.48                   ^
#20 23.48 /src/libssh/include/libssh/libssh.h:555:1: note: 'ssh_scp_accept_request' has been explicitly marked deprecated here
#20 23.48 SSH_DEPRECATED LIBSSH_API int ssh_scp_accept_request(ssh_scp scp);
#20 23.48 ^
#20 23.48 /src/libssh/include/libssh/libssh.h:86:40: note: expanded from macro 'SSH_DEPRECATED'
#20 23.48 #define SSH_DEPRECATED __attribute__ ((deprecated))
#20 23.48                                        ^
#20 23.48 /src/libssh/examples/scp_download.c:164:3: warning: 'ssh_scp_close' is deprecated [-Wdeprecated-declarations]
#20 23.48   ssh_scp_close(scp);
#20 23.48   ^
#20 23.48 /src/libssh/include/libssh/libssh.h:556:1: note: 'ssh_scp_close' has been explicitly marked deprecated here
#20 23.48 SSH_DEPRECATED LIBSSH_API int ssh_scp_close(ssh_scp scp);
#20 23.48 ^
#20 23.48 /src/libssh/include/libssh/libssh.h:86:40: note: expanded from macro 'SSH_DEPRECATED'
#20 23.48 #define SSH_DEPRECATED __attribute__ ((deprecated))
#20 23.48                                        ^
#20 23.48 /src/libssh/examples/scp_download.c:165:3: warning: 'ssh_scp_free' is deprecated [-Wdeprecated-declarations]
#20 23.48   ssh_scp_free(scp);
#20 23.48   ^
#20 23.48 /src/libssh/include/libssh/libssh.h:558:1: note: 'ssh_scp_free' has been explicitly marked deprecated here
#20 23.48 SSH_DEPRECATED LIBSSH_API void ssh_scp_free(ssh_scp scp);
#20 23.48 ^
#20 23.48 /src/libssh/include/libssh/libssh.h:86:40: note: expanded from macro 'SSH_DEPRECATED'
#20 23.48 #define SSH_DEPRECATED __attribute__ ((deprecated))
#20 23.48                                        ^
#20 23.49 [ 89%] Linking C executable ssh_server_pthread
#20 23.49 [ 90%] Building C object examples/CMakeFiles/samplesshd-cb.dir/samplesshd-cb.c.o
#20 23.53 19 warnings generated.
#20 23.53 [ 91%] Building C object examples/CMakeFiles/senddata.dir/authentication.c.o
#20 23.53 [ 92%] Building C object examples/CMakeFiles/scp_download.dir/authentication.c.o
#20 23.56 [ 92%] Built target libssh_scp
#20 23.56 [ 93%] Building C object examples/CMakeFiles/scp_download.dir/knownhosts.c.o
#20 23.65 [ 93%] Built target sshnetcat
#20 23.65 [ 94%] Building C object examples/CMakeFiles/scp_download.dir/connect_ssh.c.o
#20 23.68 [ 95%] Linking C executable samplesshd-cb
#20 23.72 [ 96%] Building C object examples/CMakeFiles/senddata.dir/knownhosts.c.o
#20 23.72 [ 96%] Building C object examples/CMakeFiles/senddata.dir/connect_ssh.c.o
#20 23.76 [ 97%] Linking C executable scp_download
#20 23.85 [ 97%] Built target ssh_server_pthread
#20 23.85 [ 98%] Linking C executable senddata
#20 23.98 [ 98%] Built target samplesshd-cb
#20 24.09 [ 98%] Built target senddata
#20 24.11 [ 98%] Built target scp_download
#20 24.80 [ 99%] Linking CXX executable libsshpp_noexcept
#20 24.87 [100%] Linking CXX executable libsshpp
#20 25.17 [100%] Built target libsshpp_noexcept
#20 25.23 [100%] Built target libsshpp
#20 25.25 ++ find /src/libssh/tests/fuzz/ -name '*_fuzzer.cpp'
#20 25.25 + fuzzers=
#20 25.25 /src/libssh
#20 25.25 + popd
#20 25.25 [post_build] Copying afl-fuzz to $OUT directory
#20 DONE 26.0s

#21 exporting to image
#21 sha256:e8c613e07b0b7ff33893b694f7759a10d42e180f2b4dc349fb57dc6b71dcab00
#21 exporting layers done
#21 writing image sha256:c2c5d9b17a24875e404c593e78a703c3f7bf20798f9f428d07a707f5675ea060 done
#21 naming to gcr.io/fuzzbench/builders/afl/libssh_libssh 0.0s done
#21 DONE 0.2s

#22 exporting cache
#22 sha256:2700d4ef94dee473593c5c614b55b2dedcca7893909811a8f2b48291a1f581e4
#22 preparing build cache for export done
#22 DONE 0.0s
------
 > importing cache manifest from gcr.io/fuzzbench/builders/afl/libssh_libssh:
------
#1 [internal] load build definition from runner.Dockerfile
#1 sha256:0dfc835157f0e23804f2f61a63d32146027c5723877ae52c59f2290000bbc806
#1 transferring dockerfile: 656B done
#1 DONE 0.1s

#2 [internal] load .dockerignore
#2 sha256:696abb02dbf3d1ed892058af40ae90ecd8a77ee2fdfa57ab0c0d7c367a36147c
#2 transferring context: 2B done
#2 DONE 0.1s

#3 [internal] load metadata for gcr.io/fuzzbench/base-image:latest
#3 sha256:932022888f650cc455b10eb5123bb08c0cccacac29a693e69314abbfd28a72c3
#3 DONE 0.0s

#4 [1/1] FROM gcr.io/fuzzbench/base-image
#4 sha256:4d07825694520f8b6f6a0d8592dbd345433361ae044cb7f06706c5a95e3daaad
#4 DONE 0.0s

#5 importing cache manifest from gcr.io/fuzzbench/runners/afl/libssh_libssh-intermediate
#5 sha256:1a8bccf6363c82f3a1c8214a5ddfdb21f7b6f1816a798d68b32d6f9924143b27
#5 ERROR: gcr.io/fuzzbench/runners/afl/libssh_libssh-intermediate:latest: not found

#4 [1/1] FROM gcr.io/fuzzbench/base-image
#4 sha256:4d07825694520f8b6f6a0d8592dbd345433361ae044cb7f06706c5a95e3daaad
#4 CACHED

#6 exporting to image
#6 sha256:e8c613e07b0b7ff33893b694f7759a10d42e180f2b4dc349fb57dc6b71dcab00
#6 exporting layers done
#6 writing image sha256:3e4588a9aebaeeab0d6e65a047af35e4caf540bb58ccd8719f28cf6fa6b3868f 0.0s done
#6 naming to gcr.io/fuzzbench/runners/afl/libssh_libssh-intermediate 0.0s done
#6 DONE 0.2s

#7 exporting cache
#7 sha256:2700d4ef94dee473593c5c614b55b2dedcca7893909811a8f2b48291a1f581e4
#7 preparing build cache for export done
#7 DONE 0.0s
------
 > importing cache manifest from gcr.io/fuzzbench/runners/afl/libssh_libssh-intermediate:
------
#1 [internal] load build definition from Dockerfile
#1 sha256:d78490758e999a7a99cf11bdb5651f59f2c80a39a68ecfff667b010d54c80c26
#1 transferring dockerfile: 3.17kB done
#1 DONE 0.1s

#2 [internal] load .dockerignore
#2 sha256:3ebe8587766c5a64ce01decc93b89b0f2baded78cf2228d4bb00d61b02b6b97e
#2 transferring context: 34B done
#2 DONE 0.1s

#3 [internal] load metadata for gcr.io/fuzzbench/runners/afl/libssh_libssh-intermediate:latest
#3 sha256:4dba138d978a7c93b44dcf5908a5d7e6e5d0faa04cc7356362d2a127a17bc5c0
#3 DONE 0.0s

#4 [internal] load metadata for gcr.io/fuzzbench/builders/afl/libssh_libssh:latest
#4 sha256:ca9b1f6552de78de4402b4ace6a39e47881761ae243cc05bced2aa879118f3bd
#4 DONE 0.0s

#12 [internal] load build context
#12 sha256:f17a4da86db3497d625b730ad177831976ffd882cf1b0594eeed6c58aed9fd81
#12 DONE 0.0s

#6 [stage-1  1/13] FROM gcr.io/fuzzbench/runners/afl/libssh_libssh-intermediate
#6 sha256:63b0a61f6428688639f15ee7c8a06fe9323faa54f4e2d62b1f4f44bb9f380bba
#6 DONE 0.0s

#10 [builder 1/1] FROM gcr.io/fuzzbench/builders/afl/libssh_libssh
#10 sha256:d98f9a6663a8cb48b1338b13b580565aa8e9740436465a794282d8c88037b82a
#10 DONE 0.0s

#5 importing cache manifest from gcr.io/fuzzbench/runners/afl/libssh_libssh
#5 sha256:fc4d9adb4ec206f34c98a8e1596ff79045eeead86cd7d7b1da5a9ef8a3a5770c
#5 ERROR: gcr.io/fuzzbench/runners/afl/libssh_libssh:latest: not found

#12 [internal] load build context
#12 sha256:f17a4da86db3497d625b730ad177831976ffd882cf1b0594eeed6c58aed9fd81
#12 transferring context: 17.65MB 0.6s done
#12 DONE 0.8s

#10 [builder 1/1] FROM gcr.io/fuzzbench/builders/afl/libssh_libssh
#10 sha256:d98f9a6663a8cb48b1338b13b580565aa8e9740436465a794282d8c88037b82a
#10 DONE 1.7s

#7 [stage-1  2/13] RUN apt-get update -y && apt-get install -y     libglib2.0-0     libxml2     libarchive13     libgss3
#7 sha256:b90170e1634194a0860028ab70a136ddb0b26f060c7f6fbd4698c2b1ab63bb09
#7 CACHED

#8 [stage-1  3/13] RUN mkdir -p /out
#8 sha256:656acd84d6ff09f163db6eb4c6a61c56fc06bfc1971b8e3a424fbfb9ef72a95e
#8 CACHED

#9 [stage-1  4/13] WORKDIR /out
#9 sha256:68b89fa2a616acd50a83b30f95189e79bd569639e1428ed501ffde8d09ac12e9
#9 CACHED

#11 [stage-1  5/13] COPY --from=builder /out/ ./
#11 sha256:97ec241051b8ecfafbc5606f37845aed3bcfc907f19fb42a96880201e6eecc17
#11 CACHED

#13 [stage-1  6/13] COPY benchmarks /src/benchmarks
#13 sha256:0c24114319f7d94570d9046a8561407c05fce969c671726af017f154f73b2266
#13 DONE 1.3s

#14 [stage-1  7/13] COPY fuzzers /src/fuzzers
#14 sha256:8de099ca61bcb64ff0e931d56755fd1de147c52035bc09a6134c29fc9c0c446f
#14 DONE 0.3s

#15 [stage-1  8/13] RUN touch __init__.py
#15 sha256:8e573959c13551fad14d9edb96604083cc7170ea3db9827300c3d9c1c85ca09a
#15 DONE 0.7s

#16 [stage-1  9/13] RUN mkdir -p /out/seeds /out/corpus
#16 sha256:66404aeca4c0767330c1828de513d8f0b8cb7c242378b91077b77d1881149b4e
#16 DONE 0.8s

#17 [stage-1 10/13] COPY common /src/common
#17 sha256:fc5c6a86120a51639f0e180cad8cd5ebc111a971ffa028c5787caecb26e42282
#17 DONE 0.3s

#18 [stage-1 11/13] COPY experiment/runner.py /src/experiment/runner.py
#18 sha256:a584348043192ed3dfa2a5cda1506fd0744240fa1c3b854824cd12b4a7a946cb
#18 DONE 0.2s

#19 [stage-1 12/13] COPY docker/benchmark-runner /src/docker/benchmark-runner
#19 sha256:4ac0bc39be54c60d2a740936312ed8cdb701f58f61299818f75b3378de8fb52b
#19 DONE 0.1s

#20 [stage-1 13/13] RUN chmod +x /src/docker/benchmark-runner/startup-runner.sh
#20 sha256:2aeb5d49e885b46edc4d1ab664aaf9398254330cda9627648276e900f7ce5a8d
#20 DONE 0.5s

#21 exporting to image
#21 sha256:e8c613e07b0b7ff33893b694f7759a10d42e180f2b4dc349fb57dc6b71dcab00
#21 exporting layers done
#21 writing image sha256:05aff8356d5027e9eae9496a87497d098d00151524cbe206f6ddfa3f1a606c89 done
#21 naming to gcr.io/fuzzbench/runners/afl/libssh_libssh done
#21 DONE 0.1s

#22 exporting cache
#22 sha256:2700d4ef94dee473593c5c614b55b2dedcca7893909811a8f2b48291a1f581e4
#22 preparing build cache for export done
#22 DONE 0.0s
------
 > importing cache manifest from gcr.io/fuzzbench/runners/afl/libssh_libssh:
------
INFO:root:Doing trial as part of experiment.
INFO:root:Starting trial.
ERROR:root:Fuzz target binary not found.
INFO:root:Doing final sync.
ERROR:root:Call to <function get_stats at 0x7f5aab557f70> failed. Extras: {'traceback': 'Traceback (most recent call last):\n  File "/src/experiment/runner.py", line 374, in record_stats\n    stats_json_str = fuzzer_module_get_stats(output_corpus,\n  File "/src/fuzzers/afl/fuzzer.py", line 51, in get_stats\n    with open(stats_file) as file_handle:\nFileNotFoundError: [Errno 2] No such file or directory: \'/out/corpus/fuzzer_stats\'\n'}
/bin/sh: 1: source: not found
#2 [internal] load .dockerignore
#2 sha256:7302d903b5cf626fb566249463e8ac75305ea411d7bce14eec8b069d1ba18639
#2 transferring context: 2B done
#2 DONE 0.2s

#1 [internal] load build definition from Dockerfile
#1 sha256:f5e73613650c9b5d989cb3ba46e3e6f5b0f22bb8071c6b051b6aa3f1edce037e
#1 transferring dockerfile: 32B done
#1 DONE 0.2s

#3 [internal] load metadata for gcr.io/oss-fuzz-base/base-builder:latest
#3 sha256:f10dc39cc9d418a5bc416dead31a1902b6821fdae909cd3b08f7a3fd1faba7b5
#3 DONE 0.5s

#5 [1/5] FROM gcr.io/oss-fuzz-base/base-builder@sha256:4ad017ca53699eda684c1c444948c93a4af848fe34baee3a765d3c4693fe6a56
#5 sha256:3f10b3978a3951f6e2692fa5e5890ee5a755650381dedece7198ed0b1dcdaa8c
#5 DONE 0.0s

#4 importing cache manifest from gcr.io/fuzzbench/builders/benchmark/libssh_libssh
#4 sha256:2789ff977efd2226a2cc456cf52819fd8ebac662da819d5d3de5ae6fe72e2aec
#4 DONE 0.0s

#9 [internal] load build context
#9 sha256:3a35b08f25916fb05eb0bf96b4398208f90ecfa64a9c741b7a0c8fc8168239a5
#9 transferring context: 30B done
#9 DONE 0.0s

#8 [4/5] WORKDIR libssh
#8 sha256:51f308b12b3e218f0f4e37eb1c9f50618a7cd0b5f4eed0848ec0535d00090395
#8 CACHED

#6 [2/5] RUN apt-get update && apt-get install -y cmake zlib1g-dev libssl-dev
#6 sha256:f798435e56a398f4cdb69f8175f92319dfc72f9847ca5b970174c4eb708e3281
#6 CACHED

#7 [3/5] RUN git clone --depth=1 https://git.libssh.org/projects/libssh.git
#7 sha256:75bdd4c37a24c287188100068e60360609463b3e1b8b7cfeca38a294484ae2ca
#7 CACHED

#10 [5/5] COPY build.sh /src/
#10 sha256:fdc49b0a47bd599afcb0fce4733088aa86ea689ea137592d56692da6833d3639
#10 CACHED

#11 exporting to image
#11 sha256:e8c613e07b0b7ff33893b694f7759a10d42e180f2b4dc349fb57dc6b71dcab00
#11 exporting layers done
#11 writing image sha256:e44d1da5bec724e6164642b5f87fa752841a5cdcfc75b644b3ce8ed767e1a570 done
#11 naming to gcr.io/fuzzbench/builders/benchmark/libssh_libssh done
#11 DONE 0.2s

#12 exporting cache
#12 sha256:2700d4ef94dee473593c5c614b55b2dedcca7893909811a8f2b48291a1f581e4
#12 preparing build cache for export done
#12 DONE 0.0s
#1 [internal] load build definition from builder.Dockerfile
#1 sha256:91ee00aa4d77608e3139c33b1aab1f3d538691b0b364cee8b4e5fc713008650b
#1 transferring dockerfile: 1.35kB done
#1 DONE 0.0s

#2 [internal] load .dockerignore
#2 sha256:cc99a16f88bf18ac6196d0da69d84130e49692dc223809ec093863089662fcb8
#2 transferring context: 2B done
#2 DONE 0.1s

#3 [internal] load metadata for gcr.io/fuzzbench/builders/benchmark/libssh_libssh:latest
#3 sha256:e404a447d1f74e48975954af2163e443918fbc0dc4f97fdd146a84627e4207de
#3 DONE 0.0s

#4 importing cache manifest from gcr.io/fuzzbench/builders/afl/libssh_libssh-intermediate
#4 sha256:9a953c52765eefb7912a3382da3cdc1f4857f3e9d09dadc22449e74cee894c09
#4 DONE 0.0s

#5 [1/3] FROM gcr.io/fuzzbench/builders/benchmark/libssh_libssh
#5 sha256:3f38a6bd7521e44a37371b73588d5c211dcb9a8295e76b5a1abc296eefb9ad87
#5 DONE 0.0s

#6 [2/3] RUN git clone https://github.com/google/AFL.git /afl &&     cd /afl &&     git checkout 61037103ae3722c8060ff7082994836a794f978e &&     AFL_NO_X86=1 make
#6 sha256:3c9392a416ea5d2c8c3b69d5e009da616f1060bdbd68720b30e2a917ef3d500c
#6 CACHED

#7 [3/3] RUN apt-get update &&     apt-get install wget -y &&     wget https://raw.githubusercontent.com/llvm/llvm-project/5feb80e748924606531ba28c97fe65145c65372e/compiler-rt/lib/fuzzer/afl/afl_driver.cpp -O /afl/afl_driver.cpp &&     clang -Wno-pointer-sign -c /afl/llvm_mode/afl-llvm-rt.o.c -I/afl &&     clang++ -stdlib=libc++ -std=c++11 -O2 -c /afl/afl_driver.cpp &&     ar r /libAFL.a *.o
#7 sha256:3c5aa5416d2ee50d093eb7d4bbc41c1750bcee61f16f72ef210dc71b1677a6af
#7 CACHED

#8 exporting to image
#8 sha256:e8c613e07b0b7ff33893b694f7759a10d42e180f2b4dc349fb57dc6b71dcab00
#8 exporting layers done
#8 writing image sha256:8b60bbab41f2a95d1a1fb58d5e538dbcfc0ad1d85c5f34a544ff35c72e13b26b
#8 writing image sha256:8b60bbab41f2a95d1a1fb58d5e538dbcfc0ad1d85c5f34a544ff35c72e13b26b 0.1s done
#8 naming to gcr.io/fuzzbench/builders/afl/libssh_libssh-intermediate done
#8 DONE 3.5s

#9 exporting cache
#9 sha256:2700d4ef94dee473593c5c614b55b2dedcca7893909811a8f2b48291a1f581e4
#9 preparing build cache for export done
#9 DONE 0.0s
#2 [internal] load .dockerignore
#2 sha256:9f83955fb9c67e8031e618bf18487de406f0f569bef3c7b032899e1f9c577df8
#2 transferring context: 34B done
#2 DONE 0.5s

#1 [internal] load build definition from Dockerfile
#1 sha256:504a7767b3c50b486e896b3fce58013ab7b138cfa0af0ba35a25403e93f72c20
#1 transferring dockerfile: 2.00kB done
#1 DONE 0.5s

#3 [internal] load metadata for docker.io/library/ubuntu:xenial
#3 sha256:f62bae18ed588840f045c881b2502661f2a89578a2f8f99b83f5200ee83dd25b
#3 DONE 0.0s

#5 [1/7] FROM docker.io/library/ubuntu:xenial
#5 sha256:14dd403f25ae9e519bd44f27dc17af7ce80f5a4f9f48ca88108364e67ec5d360
#5 DONE 0.0s

#4 importing cache manifest from gcr.io/fuzzbench/base-image
#4 sha256:9b220ebb4d4daceed1b96df9b6dca076e762f1cd612574f010b82d5b9e5ad896
#4 DONE 0.0s

#8 [internal] load build context
#8 sha256:34f7aa66a645eadf6de61fe22ba4dbc723a1f0acbde23af65958199a171ca49c
#8 transferring context: 559B 0.2s done
#8 DONE 0.2s

#9 [4/7] COPY ./requirements.txt /
#9 sha256:37042cdc571f15e67c0de5dc65ed62f86d966dcc720b4cac76b5e98adf9d4ed4
#9 CACHED

#10 [5/7] RUN pip3 install -r /requirements.txt
#10 sha256:4fb6a337ec111a65686e7c09ac0250d30ee74bfca7fa4211b8a829b8282b0820
#10 CACHED

#11 [6/7] RUN apt-get update -y && apt-get install -y     apt-transport-https     lsb-release
#11 sha256:159839f2a399459d092c6abf01fda646d1ec2deff336aef4a2cba43bcad6d8b2
#11 CACHED

#6 [2/7] RUN apt-get update -y && apt-get install -y     build-essential     rsync     curl     zlib1g-dev     libncurses5-dev     libgdbm-dev     libnss3-dev     libssl-dev     libreadline-dev     libffi-dev     virtualenv     libbz2-dev     liblzma-dev     libsqlite3-dev
#6 sha256:3a1b0960f17eed529eaae93dc8fd3554f2743dd584d8fa569cdbe6bc734371ac
#6 CACHED

#7 [3/7] RUN cd /tmp/ &&     curl -O https://www.python.org/ftp/python/3.8.6/Python-3.8.6.tar.xz &&     tar -xvf Python-3.8.6.tar.xz &&     cd Python-3.8.6 &&     ./configure --enable-loadable-sqlite-extensions --enable-optimizations &&     make -j install &&     rm -r /tmp/Python-3.8.6.tar.xz /tmp/Python-3.8.6
#7 sha256:c5b9d1fb3371e84dbc60b76e7b2f8d5913bc93bcd4910ab65daa03e7b2ec4bb0
#7 CACHED

#12 [7/7] RUN CLOUD_SDK_REPO="cloud-sdk-$(lsb_release -c -s)" &&     echo "deb https://packages.cloud.google.com/apt $CLOUD_SDK_REPO main"     | tee -a /etc/apt/sources.list.d/google-cloud-sdk.list &&     curl https://packages.cloud.google.com/apt/doc/apt-key.gpg     | apt-key add - &&     apt-get update -y &&     apt-get install -y google-cloud-sdk
#12 sha256:2139b2ff0a4b8134c68e3afb1a640cb6f5b16142c1d8d79047c45d69d9ebf579
#12 CACHED

#13 exporting to image
#13 sha256:e8c613e07b0b7ff33893b694f7759a10d42e180f2b4dc349fb57dc6b71dcab00
#13 exporting layers done
#13 writing image sha256:139540fb22a119f888cb3e5ed6e013e8d868574697f5fb839e5da9e23de73e0a
#13 writing image sha256:139540fb22a119f888cb3e5ed6e013e8d868574697f5fb839e5da9e23de73e0a 0.0s done
#13 naming to gcr.io/fuzzbench/base-image done
#13 DONE 0.1s

#14 exporting cache
#14 sha256:2700d4ef94dee473593c5c614b55b2dedcca7893909811a8f2b48291a1f581e4
#14 preparing build cache for export done
#14 DONE 0.0s
#1 [internal] load build definition from Dockerfile
#1 sha256:d2bf4e294d0ac5cb21927def2a2162098cba4cebd275d6cff1a479a35bd7ad83
#1 transferring dockerfile: 2.22kB done
#1 DONE 0.1s

#2 [internal] load .dockerignore
#2 sha256:9c218fde0b6d3d9c1dac33d4d4d7c8ac2c3782f3408e906a068423690af6ffc3
#2 transferring context: 34B done
#2 DONE 0.1s

#4 [internal] load metadata for gcr.io/fuzzbench/base-image:latest
#4 sha256:932022888f650cc455b10eb5123bb08c0cccacac29a693e69314abbfd28a72c3
#4 DONE 0.0s

#3 [internal] load metadata for gcr.io/fuzzbench/builders/afl/libssh_libssh-intermediate:latest
#3 sha256:22d61ba5b0df9222bec6b6dabeeb899f56a3db896430afe7528b2fb5901be292
#3 DONE 0.0s

#7 [base-image 1/1] FROM gcr.io/fuzzbench/base-image
#7 sha256:4d07825694520f8b6f6a0d8592dbd345433361ae044cb7f06706c5a95e3daaad
#7 DONE 0.0s

#6 [stage-1  1/13] FROM gcr.io/fuzzbench/builders/afl/libssh_libssh-intermediate
#6 sha256:47de934364481badde1d0efe6cbc21813bbb4af4b77c246bc3e10f31c1f0058d
#6 DONE 0.0s

#5 importing cache manifest from gcr.io/fuzzbench/builders/afl/libssh_libssh
#5 sha256:f3229c6a9ba46789fe39108587c2487dd926de7ac3c1b5416ae06d885329bfe1
#5 DONE 0.0s

#12 [internal] load build context
#12 sha256:99c9441106cabc6ec016de4b91e45ad4642657202dc987d3cd809b90f288a936
#12 transferring context: 669.86kB 0.1s done
#12 DONE 0.1s

#16 [stage-1  9/13] RUN mkdir /opt/fuzzbench/
#16 sha256:4616a397852930fb181aec541263eb185efd744f4c73af324e5109ba55ac884c
#16 CACHED

#10 [stage-1  4/13] COPY --from=base-image /usr/local/include/python3.8 /usr/local/include/python3.8
#10 sha256:9cfc1a5f56ac425ea66439b33ef5a90127295e5e28c602168c19f59b779cd3f3
#10 CACHED

#17 [stage-1 10/13] COPY docker/benchmark-builder/checkout_commit.py /opt/fuzzbench/
#17 sha256:dfd4adfe42039882857f485befb38a644cf3171f8827e9293f8daf1af0a4019d
#17 CACHED

#18 [stage-1 11/13] RUN export CHECKOUT_COMMIT=$(cat /benchmark.yaml | tr -d ' ' | grep 'commit:' | cut -d ':' -f2) &&     python3 -u /opt/fuzzbench/checkout_commit.py $CHECKOUT_COMMIT /src
#18 sha256:e50e2fec9fb73403ba87c9a7111dd7765662e9c0cbbc37b7a829a3f50b7f7fb3
#18 CACHED

#13 [stage-1  6/13] COPY fuzzers /src/fuzzers
#13 sha256:8a5bc70de6a4712ef1abd168047dd3a6eecaadfbbb996334d6cbdc80ca88d530
#13 CACHED

#8 [stage-1  2/13] COPY --from=base-image /usr/local/bin/python3* /usr/local/bin/
#8 sha256:360bef6ed1f022a36e6bb7a330aa9161e23346a290f08803df6471219631a16f
#8 CACHED

#15 [stage-1  8/13] COPY benchmarks/libssh_libssh/benchmark.yaml /
#15 sha256:7fc607f2c919b32e17d102e62cf6fbfe7a803bc6ff9a1ec42750830b526052ae
#15 CACHED

#14 [stage-1  7/13] RUN touch /src/__init__.py
#14 sha256:dfdcd35f538389dc0653f40aa1c4a841308b48545a18b2b1ef033b1fdb219e0e
#14 CACHED

#11 [stage-1  5/13] COPY --from=base-image /usr/local/lib/python3.8/site-packages /usr/local/lib/python3.8/site-packages
#11 sha256:7f38d29132900c235ac620f97da5c8a128058977e6c0bbbcfd47f91bfff65b52
#11 CACHED

#9 [stage-1  3/13] COPY --from=base-image /usr/local/lib/python3.8 /usr/local/lib/python3.8
#9 sha256:50749d472b125970d56154db1208a11204904c8242a87a74446dce770eb8209f
#9 CACHED

#19 [stage-1 12/13] RUN echo "#!/bin/bash\nPYTHONPATH=/src python3 -u -c "from fuzzers import utils; utils.initialize_env(); from fuzzers.afl import fuzzer; fuzzer.build()"" > /usr/bin/fuzzer_build &&     chmod +x /usr/bin/fuzzer_build
#19 sha256:dca3e81f0149c590b7878354bea21be403243259d4bbdc3cd34350a946de55d3
#19 CACHED

#20 [stage-1 13/13] RUN echo "Run fuzzer_build to build the target" && if [ -z "$debug_builder" ] ; then fuzzer_build; fi
#20 sha256:62ee629a2f9b78d329fcc519d14af18e7801311b53de1afb86f5246dbe9c340d
#20 CACHED

#21 exporting to image
#21 sha256:e8c613e07b0b7ff33893b694f7759a10d42e180f2b4dc349fb57dc6b71dcab00
#21 exporting layers done
#21 writing image sha256:c2c5d9b17a24875e404c593e78a703c3f7bf20798f9f428d07a707f5675ea060
#21 writing image sha256:c2c5d9b17a24875e404c593e78a703c3f7bf20798f9f428d07a707f5675ea060 0.0s done
#21 naming to gcr.io/fuzzbench/builders/afl/libssh_libssh done
#21 DONE 0.2s

#22 exporting cache
#22 sha256:2700d4ef94dee473593c5c614b55b2dedcca7893909811a8f2b48291a1f581e4
#22 preparing build cache for export done
#22 DONE 0.0s
#1 [internal] load build definition from runner.Dockerfile
#1 sha256:b5618d900353c0de72e7a49281768ce644eba25eda7bb1bb1d9a539838001d58
#1 transferring dockerfile: 656B done
#1 DONE 0.0s

#2 [internal] load .dockerignore
#2 sha256:254a5ef9bf5148371074774c4041b327eb93b468fe66f71fd6ca1c625e2b945b
#2 transferring context: 2B done
#2 DONE 0.0s

#3 [internal] load metadata for gcr.io/fuzzbench/base-image:latest
#3 sha256:932022888f650cc455b10eb5123bb08c0cccacac29a693e69314abbfd28a72c3
#3 DONE 0.0s

#5 importing cache manifest from gcr.io/fuzzbench/runners/afl/libssh_libssh-intermediate
#5 sha256:1a8bccf6363c82f3a1c8214a5ddfdb21f7b6f1816a798d68b32d6f9924143b27
#5 DONE 0.0s

#4 [1/1] FROM gcr.io/fuzzbench/base-image
#4 sha256:4d07825694520f8b6f6a0d8592dbd345433361ae044cb7f06706c5a95e3daaad
#4 CACHED

#6 exporting to image
#6 sha256:e8c613e07b0b7ff33893b694f7759a10d42e180f2b4dc349fb57dc6b71dcab00
#6 exporting layers done
#6 writing image sha256:3e4588a9aebaeeab0d6e65a047af35e4caf540bb58ccd8719f28cf6fa6b3868f
#6 writing image sha256:3e4588a9aebaeeab0d6e65a047af35e4caf540bb58ccd8719f28cf6fa6b3868f done
#6 naming to gcr.io/fuzzbench/runners/afl/libssh_libssh-intermediate done
#6 DONE 0.0s

#7 exporting cache
#7 sha256:2700d4ef94dee473593c5c614b55b2dedcca7893909811a8f2b48291a1f581e4
#7 preparing build cache for export done
#7 DONE 0.0s
#1 [internal] load build definition from Dockerfile
#1 sha256:efb35efdfcfbbd17eab460ca41ee285219d50a9fde7a53eeae3be784223aefba
#1 transferring dockerfile: 3.17kB done
#1 DONE 0.0s

#2 [internal] load .dockerignore
#2 sha256:184ead0a9bbc3c1b5efd06c8915b7d1333bd8278e669a86c7ab9735308da2049
#2 transferring context: 34B done
#2 DONE 0.0s

#4 [internal] load metadata for gcr.io/fuzzbench/builders/afl/libssh_libssh:latest
#4 sha256:ca9b1f6552de78de4402b4ace6a39e47881761ae243cc05bced2aa879118f3bd
#4 DONE 0.0s

#3 [internal] load metadata for gcr.io/fuzzbench/runners/afl/libssh_libssh-intermediate:latest
#3 sha256:4dba138d978a7c93b44dcf5908a5d7e6e5d0faa04cc7356362d2a127a17bc5c0
#3 DONE 0.0s

#6 [stage-1  1/13] FROM gcr.io/fuzzbench/runners/afl/libssh_libssh-intermediate
#6 sha256:63b0a61f6428688639f15ee7c8a06fe9323faa54f4e2d62b1f4f44bb9f380bba
#6 DONE 0.0s

#5 importing cache manifest from gcr.io/fuzzbench/runners/afl/libssh_libssh
#5 sha256:fc4d9adb4ec206f34c98a8e1596ff79045eeead86cd7d7b1da5a9ef8a3a5770c
#5 DONE 0.0s

#10 [builder 1/1] FROM gcr.io/fuzzbench/builders/afl/libssh_libssh
#10 sha256:d98f9a6663a8cb48b1338b13b580565aa8e9740436465a794282d8c88037b82a
#10 DONE 0.0s

#12 [internal] load build context
#12 sha256:8fe24cba98f359ff7aa7fddca8ee5101a3df3e2980bf98e22742423154e13838
#12 transferring context: 17.65MB 0.6s done
#12 DONE 0.7s

#11 [stage-1  5/13] COPY --from=builder /out/ ./
#11 sha256:97ec241051b8ecfafbc5606f37845aed3bcfc907f19fb42a96880201e6eecc17
#11 CACHED

#13 [stage-1  6/13] COPY benchmarks /src/benchmarks
#13 sha256:11c464d5d564383ddfd80eec65c1632064f4f64e980fa88ea8e0f79403a9de47
#13 CACHED

#8 [stage-1  3/13] RUN mkdir -p /out
#8 sha256:656acd84d6ff09f163db6eb4c6a61c56fc06bfc1971b8e3a424fbfb9ef72a95e
#8 CACHED

#17 [stage-1 10/13] COPY common /src/common
#17 sha256:1df67af1d2a5f71606f2d6e3938586c59c806b6f7062467629817d1420c04035
#17 CACHED

#18 [stage-1 11/13] COPY experiment/runner.py /src/experiment/runner.py
#18 sha256:33feb62e209c63177b9483225781f8461d6a8298803dc9ca61e83c92c67e63f2
#18 CACHED

#15 [stage-1  8/13] RUN touch __init__.py
#15 sha256:8de41806b92434378995d5f6188e71566e074fadac8f8c66d4cc1482758b1f49
#15 CACHED

#9 [stage-1  4/13] WORKDIR /out
#9 sha256:68b89fa2a616acd50a83b30f95189e79bd569639e1428ed501ffde8d09ac12e9
#9 CACHED

#14 [stage-1  7/13] COPY fuzzers /src/fuzzers
#14 sha256:964d1b4f9207af020ba44e541c546d0d2889c8448356fb630828eccf9dbe4d64
#14 CACHED

#16 [stage-1  9/13] RUN mkdir -p /out/seeds /out/corpus
#16 sha256:83687a790012d94e0e9d6b831c3332df7c33ad108898c1f5a5b22c4889b60455
#16 CACHED

#19 [stage-1 12/13] COPY docker/benchmark-runner /src/docker/benchmark-runner
#19 sha256:fc3ebed1cc772c3a1885a07a58774f5d2233d7ca219a9f9ed04e913851a4579c
#19 CACHED

#7 [stage-1  2/13] RUN apt-get update -y && apt-get install -y     libglib2.0-0     libxml2     libarchive13     libgss3
#7 sha256:b90170e1634194a0860028ab70a136ddb0b26f060c7f6fbd4698c2b1ab63bb09
#7 CACHED

#20 [stage-1 13/13] RUN chmod +x /src/docker/benchmark-runner/startup-runner.sh
#20 sha256:e3845148061d2c10b7e584fec3ff56e9457719f96c1cc7500413a5ed696dc40a
#20 CACHED

#21 exporting to image
#21 sha256:e8c613e07b0b7ff33893b694f7759a10d42e180f2b4dc349fb57dc6b71dcab00
#21 exporting layers done
#21 writing image sha256:05aff8356d5027e9eae9496a87497d098d00151524cbe206f6ddfa3f1a606c89
#21 writing image sha256:05aff8356d5027e9eae9496a87497d098d00151524cbe206f6ddfa3f1a606c89 0.0s done
#21 naming to gcr.io/fuzzbench/runners/afl/libssh_libssh done
#21 DONE 0.1s

#22 exporting cache
#22 sha256:2700d4ef94dee473593c5c614b55b2dedcca7893909811a8f2b48291a1f581e4
#22 preparing build cache for export done
#22 DONE 0.0s
INFO:root:Doing trial as part of experiment.
INFO:root:Starting trial.
ERROR:root:Fuzz target binary not found.
INFO:root:Doing final sync.
ERROR:root:Call to <function get_stats at 0x7f62c4cf3f70> failed. Extras: {'traceback': 'Traceback (most recent call last):\n  File "/src/experiment/runner.py", line 374, in record_stats\n    stats_json_str = fuzzer_module_get_stats(output_corpus,\n  File "/src/fuzzers/afl/fuzzer.py", line 51, in get_stats\n    with open(stats_file) as file_handle:\nFileNotFoundError: [Errno 2] No such file or directory: \'/out/corpus/fuzzer_stats\'\n'}
