WARNING:root:gcloud not found in PATH.
INFO:root:Successfully integrated benchmark: opencv_filestorage_read_filename_fuzzer.
INFO:root:Please run "make test-run-afl-opencv_filestorage_read_filename_fuzzer" to test integration.
#1 [internal] load build definition from Dockerfile
#1 sha256:90ec30cfe9b0db8e089c03beb572389496c10e5e174ac073462a4ddff857f4cf
#1 transferring dockerfile: 937B done
#1 DONE 0.1s

#2 [internal] load .dockerignore
#2 sha256:ad08c8f0e94ebb4cce26e3edd3824597ffc3f886ed854e50aa6f210ec9ab525e
#2 transferring context: 2B done
#2 DONE 0.1s

#3 [internal] load metadata for gcr.io/oss-fuzz-base/base-builder:latest
#3 sha256:f10dc39cc9d418a5bc416dead31a1902b6821fdae909cd3b08f7a3fd1faba7b5
#3 DONE 0.5s

#4 [1/6] FROM gcr.io/oss-fuzz-base/base-builder@sha256:112044a9815d235113677d459cf2ece740a51f2b85081c8f66943dcdc72ddf7f
#4 sha256:4aee4bf9f7280ac8b7f02b8d29e6e084dd034d2c294b4e3e05d8ce7048a1450f
#4 DONE 0.0s

#8 [internal] load build context
#8 sha256:46f7f706f5967c4fc3c02e14477dc469750bb3084b2d6fb166c501e5f4d09d7f
#8 DONE 0.0s

#11 importing cache manifest from gcr.io/fuzzbench/builders/benchmark/opencv_filestorage_read_filename_fuzzer
#11 sha256:9fe5db2933528b33519dec47e4792e0e11ec21a7c058297ae8c63550381a95a5
#11 ERROR: gcr.io/fuzzbench/builders/benchmark/opencv_filestorage_read_filename_fuzzer:latest: not found

#5 [2/6] RUN apt-get update && apt-get install -y build-essential cmake pkg-config
#5 sha256:5b4cdd543f7676d762d91b87c637b12e81d197a5de05812a3f0a2dc7aead2436
#5 CACHED

#6 [3/6] RUN git clone --depth 1 https://github.com/opencv/opencv.git opencv
#6 sha256:59a9fb61118231e7c2a207bca2277cafcfad95bb7e22f5ee768b2c0e041e7f83
#6 CACHED

#8 [internal] load build context
#8 sha256:46f7f706f5967c4fc3c02e14477dc469750bb3084b2d6fb166c501e5f4d09d7f
#8 transferring context: 2.35kB done
#8 DONE 0.0s

#7 [4/6] WORKDIR opencv/
#7 sha256:fda6c4b7e211bdd8ec1ae001cbb40929be694af912454da7105b1ff5a7d1ef7e
#7 DONE 0.2s

#9 [5/6] COPY build.sh /src/
#9 sha256:42cca3c90360cebccc62d73ee2c1bb131e054eb0078a361e9835fe8d0075f0df
#9 DONE 0.1s

#10 [6/6] COPY *.cc *.h /src/
#10 sha256:672f2b637a81786891f53ad1cf3d28bedc1affeae15b00b6308ffa71a3bbf0db
#10 DONE 0.2s

#12 exporting to image
#12 sha256:e8c613e07b0b7ff33893b694f7759a10d42e180f2b4dc349fb57dc6b71dcab00
#12 exporting layers done
#12 writing image sha256:1becccd814dbf34cc8e63e180aa81b53d32b799e754916d11e8fe1e0019dbfe9 done
#12 naming to gcr.io/fuzzbench/builders/benchmark/opencv_filestorage_read_filename_fuzzer done
#12 DONE 0.1s

#13 exporting cache
#13 sha256:2700d4ef94dee473593c5c614b55b2dedcca7893909811a8f2b48291a1f581e4
#13 preparing build cache for export done
#13 DONE 0.0s
------
 > importing cache manifest from gcr.io/fuzzbench/builders/benchmark/opencv_filestorage_read_filename_fuzzer:
------
#1 [internal] load build definition from builder.Dockerfile
#1 sha256:65fc10b23deac21dd378d640ba896f97d26671810d285f2223fb769006257024
#1 transferring dockerfile: 46B done
#1 DONE 0.0s

#2 [internal] load .dockerignore
#2 sha256:3c141d255ee2088167784298b8da5cd05926c7e3cfb4719a187d35b77c43111d
#2 transferring context: 2B done
#2 DONE 0.1s

#3 [internal] load metadata for gcr.io/fuzzbench/builders/benchmark/opencv_filestorage_read_filename_fuzzer:latest
#3 sha256:fd93ffee4a0ffcbff8008d1e99abcef18698c7559d43a5d6c81d7990333e8343
#3 DONE 0.0s

#4 [1/3] FROM gcr.io/fuzzbench/builders/benchmark/opencv_filestorage_read_filename_fuzzer
#4 sha256:b60d4f0c1daea247e9f6437a349ac15a32bbe0efcd52209d08fc10115536779e
#4 DONE 0.0s

#7 importing cache manifest from gcr.io/fuzzbench/builders/afl/opencv_filestorage_read_filename_fuzzer-intermediate
#7 sha256:d022735bd3492fb5ef0f03ddaa94c1eb7f5daa65ae4dbd6d76a4b306ea10c87c
#7 ERROR: gcr.io/fuzzbench/builders/afl/opencv_filestorage_read_filename_fuzzer-intermediate:latest: not found

#4 [1/3] FROM gcr.io/fuzzbench/builders/benchmark/opencv_filestorage_read_filename_fuzzer
#4 sha256:b60d4f0c1daea247e9f6437a349ac15a32bbe0efcd52209d08fc10115536779e
#4 DONE 0.2s

#5 [2/3] RUN git clone https://github.com/google/AFL.git /afl &&     cd /afl &&     git checkout 61037103ae3722c8060ff7082994836a794f978e &&     AFL_NO_X86=1 make
#5 sha256:3e524a2c73f908f35f6b6c5c2a5ef3a28618ab0c782b069b6e6503e8bb2fba22
#5 1.157 Cloning into '/afl'...
#5 2.341 Note: switching to '61037103ae3722c8060ff7082994836a794f978e'.
#5 2.341 
#5 2.341 You are in 'detached HEAD' state. You can look around, make experimental
#5 2.341 changes and commit them, and you can discard any commits you make in this
#5 2.341 state without impacting any branches by switching back to a branch.
#5 2.341 
#5 2.341 If you want to create a new branch to retain commits you create, you may
#5 2.341 do so (now or later) by using -c with the switch command. Example:
#5 2.341 
#5 2.341   git switch -c <new-branch-name>
#5 2.341 
#5 2.341 Or undo this operation with:
#5 2.341 
#5 2.341   git switch -
#5 2.341 
#5 2.341 Turn off this advice by setting config variable advice.detachedHead to false
#5 2.341 
#5 2.347 HEAD is now at 6103710 Fix a typo filename comparison in the fuzzer (#139)
#5 2.397 [!] Note: skipping x86 compilation checks (AFL_NO_X86 set).
#5 2.397 clang -O1 -fno-omit-frame-pointer -gline-tables-only -DFUZZING_BUILD_MODE_UNSAFE_FOR_PRODUCTION -Wall -D_FORTIFY_SOURCE=2 -g -Wno-pointer-sign -DAFL_PATH=\"/usr/local/lib/afl\" -DDOC_PATH=\"/usr/local/share/doc/afl\" -DBIN_PATH=\"/usr/local/bin\" afl-gcc.c -o afl-gcc -ldl
#5 2.981 set -e; for i in afl-g++ afl-clang afl-clang++; do ln -sf afl-gcc $i; done
#5 2.999 clang -O1 -fno-omit-frame-pointer -gline-tables-only -DFUZZING_BUILD_MODE_UNSAFE_FOR_PRODUCTION -Wall -D_FORTIFY_SOURCE=2 -g -Wno-pointer-sign -DAFL_PATH=\"/usr/local/lib/afl\" -DDOC_PATH=\"/usr/local/share/doc/afl\" -DBIN_PATH=\"/usr/local/bin\" afl-fuzz.c -o afl-fuzz -ldl
#5 9.926 clang -O1 -fno-omit-frame-pointer -gline-tables-only -DFUZZING_BUILD_MODE_UNSAFE_FOR_PRODUCTION -Wall -D_FORTIFY_SOURCE=2 -g -Wno-pointer-sign -DAFL_PATH=\"/usr/local/lib/afl\" -DDOC_PATH=\"/usr/local/share/doc/afl\" -DBIN_PATH=\"/usr/local/bin\" afl-showmap.c -o afl-showmap -ldl
#5 10.87 clang -O1 -fno-omit-frame-pointer -gline-tables-only -DFUZZING_BUILD_MODE_UNSAFE_FOR_PRODUCTION -Wall -D_FORTIFY_SOURCE=2 -g -Wno-pointer-sign -DAFL_PATH=\"/usr/local/lib/afl\" -DDOC_PATH=\"/usr/local/share/doc/afl\" -DBIN_PATH=\"/usr/local/bin\" afl-tmin.c -o afl-tmin -ldl
#5 11.94 clang -O1 -fno-omit-frame-pointer -gline-tables-only -DFUZZING_BUILD_MODE_UNSAFE_FOR_PRODUCTION -Wall -D_FORTIFY_SOURCE=2 -g -Wno-pointer-sign -DAFL_PATH=\"/usr/local/lib/afl\" -DDOC_PATH=\"/usr/local/share/doc/afl\" -DBIN_PATH=\"/usr/local/bin\" afl-gotcpu.c -o afl-gotcpu -ldl
#5 12.26 clang -O1 -fno-omit-frame-pointer -gline-tables-only -DFUZZING_BUILD_MODE_UNSAFE_FOR_PRODUCTION -Wall -D_FORTIFY_SOURCE=2 -g -Wno-pointer-sign -DAFL_PATH=\"/usr/local/lib/afl\" -DDOC_PATH=\"/usr/local/share/doc/afl\" -DBIN_PATH=\"/usr/local/bin\" afl-analyze.c -o afl-analyze -ldl
#5 13.23 clang -O1 -fno-omit-frame-pointer -gline-tables-only -DFUZZING_BUILD_MODE_UNSAFE_FOR_PRODUCTION -Wall -D_FORTIFY_SOURCE=2 -g -Wno-pointer-sign -DAFL_PATH=\"/usr/local/lib/afl\" -DDOC_PATH=\"/usr/local/share/doc/afl\" -DBIN_PATH=\"/usr/local/bin\" afl-as.c -o afl-as -ldl
#5 13.96 ln -sf afl-as as
#5 13.97 [!] Note: skipping build tests (you may need to use LLVM or QEMU mode).
#5 13.97 [+] LLVM users: see llvm_mode/README.llvm for a faster alternative to afl-gcc.
#5 13.97 [+] All done! Be sure to review README - it's pretty short and useful.
#5 DONE 14.1s

#6 [3/3] RUN apt-get update &&     apt-get install wget -y &&     wget https://raw.githubusercontent.com/llvm/llvm-project/5feb80e748924606531ba28c97fe65145c65372e/compiler-rt/lib/fuzzer/afl/afl_driver.cpp -O /afl/afl_driver.cpp &&     clang -Wno-pointer-sign -c /afl/llvm_mode/afl-llvm-rt.o.c -I/afl &&     clang++ -stdlib=libc++ -std=c++11 -O2 -c /afl/afl_driver.cpp &&     ar r /libAFL.a *.o
#6 sha256:530362b0f8c9a2ac02e55735f75abffa4083a0a0a02ecc1a5a9386e5200c8b0f
#6 1.570 Hit:1 http://archive.ubuntu.com/ubuntu focal InRelease
#6 1.570 Get:2 http://archive.ubuntu.com/ubuntu focal-updates InRelease [114 kB]
#6 1.570 Get:3 http://security.ubuntu.com/ubuntu focal-security InRelease [114 kB]
#6 1.570 Hit:4 http://ppa.launchpad.net/git-core/ppa/ubuntu focal InRelease
#6 1.674 Get:5 http://archive.ubuntu.com/ubuntu focal-backports InRelease [108 kB]
#6 4.129 Fetched 336 kB in 3s (127 kB/s)
#6 4.129 Reading package lists...
#6 8.378 Reading package lists...
#6 12.69 Building dependency tree...
#6 13.31 Reading state information...
#6 14.06 wget is already the newest version (1.20.3-1ubuntu2).
#6 14.06 0 upgraded, 0 newly installed, 0 to remove and 0 not upgraded.
#6 14.09 --2022-02-18 17:22:02--  https://raw.githubusercontent.com/llvm/llvm-project/5feb80e748924606531ba28c97fe65145c65372e/compiler-rt/lib/fuzzer/afl/afl_driver.cpp
#6 14.11 Resolving raw.githubusercontent.com (raw.githubusercontent.com)... 185.199.108.133, 185.199.109.133, 185.199.110.133, ...
#6 14.11 Connecting to raw.githubusercontent.com (raw.githubusercontent.com)|185.199.108.133|:443... connected.
#6 14.15 HTTP request sent, awaiting response... 200 OK
#6 14.35 Length: 9177 (9.0K) [text/plain]
#6 14.35 Saving to: '/afl/afl_driver.cpp'
#6 14.35 
#6 14.35      0K ........                                              100% 8.23M=0.001s
#6 14.35 
#6 14.35 2022-02-18 17:22:02 (8.23 MB/s) - '/afl/afl_driver.cpp' saved [9177/9177]
#6 14.35 
#6 18.95 ar: creating /libAFL.a
#6 DONE 19.1s

#8 exporting to image
#8 sha256:e8c613e07b0b7ff33893b694f7759a10d42e180f2b4dc349fb57dc6b71dcab00
#8 exporting layers done
#8 writing image sha256:46f5031b711128eb84cc163599a68526005a66a2f95e2b1d5dab852aa983e026 done
#8 naming to gcr.io/fuzzbench/builders/afl/opencv_filestorage_read_filename_fuzzer-intermediate done
#8 DONE 0.1s

#9 exporting cache
#9 sha256:2700d4ef94dee473593c5c614b55b2dedcca7893909811a8f2b48291a1f581e4
#9 preparing build cache for export done
#9 DONE 0.0s
------
 > importing cache manifest from gcr.io/fuzzbench/builders/afl/opencv_filestorage_read_filename_fuzzer-intermediate:
------
#1 [internal] load build definition from Dockerfile
#1 sha256:501c7391fa39912874cf4b379b942621b8ab4ac62bde02bbfaa196b71caa2ad5
#1 transferring dockerfile: 2.00kB done
#1 DONE 0.1s

#2 [internal] load .dockerignore
#2 sha256:5eb3947d8c648b055e0e30f77ad5ff7d0a132fc8b60e22ce011cb5f836fa4aa2
#2 transferring context: 143B done
#2 DONE 0.1s

#3 [internal] load metadata for docker.io/library/ubuntu:xenial
#3 sha256:f62bae18ed588840f045c881b2502661f2a89578a2f8f99b83f5200ee83dd25b
#3 DONE 0.0s

#4 importing cache manifest from gcr.io/fuzzbench/base-image
#4 sha256:9b220ebb4d4daceed1b96df9b6dca076e762f1cd612574f010b82d5b9e5ad896
#4 DONE 0.0s

#5 [1/7] FROM docker.io/library/ubuntu:xenial
#5 sha256:14dd403f25ae9e519bd44f27dc17af7ce80f5a4f9f48ca88108364e67ec5d360
#5 DONE 0.0s

#8 [internal] load build context
#8 sha256:ade1f809e74488e3809dd12836053a9ec29cee8db85990a2e5e0660a9415302d
#8 transferring context: 559B done
#8 DONE 0.0s

#11 [6/7] RUN apt-get update -y && apt-get install -y     apt-transport-https     lsb-release
#11 sha256:635de6ccb30092e958240ccd6d81cd82dab53491151315c1324ed246e4c8f201
#11 CACHED

#7 [3/7] RUN cd /tmp/ &&     curl -O https://www.python.org/ftp/python/3.8.6/Python-3.8.6.tar.xz &&     tar -xvf Python-3.8.6.tar.xz &&     cd Python-3.8.6 &&     ./configure --enable-loadable-sqlite-extensions --enable-optimizations &&     make -j install &&     rm -r /tmp/Python-3.8.6.tar.xz /tmp/Python-3.8.6
#7 sha256:c5b9d1fb3371e84dbc60b76e7b2f8d5913bc93bcd4910ab65daa03e7b2ec4bb0
#7 CACHED

#6 [2/7] RUN apt-get update -y && apt-get install -y     build-essential     rsync     curl     zlib1g-dev     libncurses5-dev     libgdbm-dev     libnss3-dev     libssl-dev     libreadline-dev     libffi-dev     virtualenv     libbz2-dev     liblzma-dev     libsqlite3-dev
#6 sha256:3a1b0960f17eed529eaae93dc8fd3554f2743dd584d8fa569cdbe6bc734371ac
#6 CACHED

#9 [4/7] COPY ./requirements.txt /
#9 sha256:0a110c0a3b4c964622e888b5a53f3080ac71d1de4a48ce16f760adcdf959bb3e
#9 CACHED

#10 [5/7] RUN pip3 install -r /requirements.txt
#10 sha256:2aae1e52b0928403c04f34b365fad0094ba414aa0f7cee47f98658454fe10ace
#10 CACHED

#12 [7/7] RUN CLOUD_SDK_REPO="cloud-sdk-$(lsb_release -c -s)" &&     echo "deb https://packages.cloud.google.com/apt $CLOUD_SDK_REPO main"     | tee -a /etc/apt/sources.list.d/google-cloud-sdk.list &&     curl https://packages.cloud.google.com/apt/doc/apt-key.gpg     | apt-key add - &&     apt-get update -y &&     apt-get install -y google-cloud-sdk
#12 sha256:d5d88c50baeb49b69e1fbcf363543c1950ccd1442418951f0df4e8f4d5745e83
#12 CACHED

#13 exporting to image
#13 sha256:e8c613e07b0b7ff33893b694f7759a10d42e180f2b4dc349fb57dc6b71dcab00
#13 exporting layers done
#13 writing image sha256:55e5825902805b10e1ba0cd27e4af0d82c25f9e225d6218342d4b6474bd3ddae done
#13 naming to gcr.io/fuzzbench/base-image done
#13 DONE 0.0s

#14 exporting cache
#14 sha256:2700d4ef94dee473593c5c614b55b2dedcca7893909811a8f2b48291a1f581e4
#14 preparing build cache for export done
#14 DONE 0.0s
#1 [internal] load build definition from Dockerfile
#1 sha256:788bd222e09671e5e74b987d62fed3cf1a1916ce7fbc243e63320f8bdcecd865
#1 transferring dockerfile: 2.22kB done
#1 DONE 0.0s

#2 [internal] load .dockerignore
#2 sha256:0ed24909916a3ef9e3504b0b74d025ef4f6559c4415dfb3c6b0345faaa824708
#2 transferring context: 34B done
#2 DONE 0.0s

#3 [internal] load metadata for gcr.io/fuzzbench/base-image:latest
#3 sha256:932022888f650cc455b10eb5123bb08c0cccacac29a693e69314abbfd28a72c3
#3 DONE 0.0s

#7 [base-image 1/1] FROM gcr.io/fuzzbench/base-image
#7 sha256:4d07825694520f8b6f6a0d8592dbd345433361ae044cb7f06706c5a95e3daaad
#7 DONE 1.0s

#6 [stage-1  1/13] FROM gcr.io/fuzzbench/builders/afl/opencv_filestorage_read_filename_fuzzer-intermediate
#6 sha256:84e053f7967bf333e56169cf444b729ddce52669fa96fa369ad600d2a985d590
#6 DONE 1.5s

#8 [stage-1  2/13] COPY --from=base-image /usr/local/bin/python3* /usr/local/bin/
#8 sha256:b77cd9ac3ff8736e71e84830f8653b6aedde081912ba3e8fc106010937e86b33
#8 DONE 0.4s

#9 [stage-1  3/13] COPY --from=base-image /usr/local/lib/python3.8 /usr/local/lib/python3.8
#9 sha256:f1bef5984ef7b89293fe3cb419bc46462229f73f9ec51be46189c40faac5cad9
#9 DONE 22.7s

#10 [stage-1  4/13] COPY --from=base-image /usr/local/include/python3.8 /usr/local/include/python3.8
#10 sha256:f1d75600985de073fe880d47eff407f6457f05234b0862e2c77025b3e999045c
#10 DONE 0.3s

#11 [stage-1  5/13] COPY --from=base-image /usr/local/lib/python3.8/site-packages /usr/local/lib/python3.8/site-packages
#11 sha256:1c43fa99e45b3791bd1be53bed548744822cc78b3bc2107f4823e28bbccb3f23
#11 DONE 44.0s

#4 [internal] load metadata for gcr.io/fuzzbench/builders/afl/opencv_filestorage_read_filename_fuzzer-intermediate:latest
#4 sha256:c10e9c581383008df0904f9ab3e7a1280d43b1dfcd3e8d0e3bcdbf7336493119
#4 DONE 0.0s

#12 [internal] load build context
#12 sha256:bee6c6ae0dc932ec5deb2b94d8e5fd6fd065b6b8c63e6f8a5a2eec192712e735
#12 DONE 0.0s

#5 importing cache manifest from gcr.io/fuzzbench/builders/afl/opencv_filestorage_read_filename_fuzzer
#5 sha256:a1685c086b089a9e9493216f4c7fc2546ecb8fdfcd886e345b4d04771ecccd27
#5 ERROR: gcr.io/fuzzbench/builders/afl/opencv_filestorage_read_filename_fuzzer:latest: not found

#12 [internal] load build context
#12 sha256:bee6c6ae0dc932ec5deb2b94d8e5fd6fd065b6b8c63e6f8a5a2eec192712e735
#12 transferring context: 669.94kB 0.2s done
#12 DONE 0.2s

#13 [stage-1  6/13] COPY fuzzers /src/fuzzers
#13 sha256:2ab5c5710031484d34dd7aeefce74690d8a89fcc88d85035d715fd03cf2a46d2
#13 CACHED

#14 [stage-1  7/13] RUN touch /src/__init__.py
#14 sha256:49f2e4be19cb2c752772b470ceecc60c49b3613005b79294ebad1fe585adb7e6
#14 DONE 1.2s

#15 [stage-1  8/13] COPY benchmarks/opencv_filestorage_read_filename_fuzzer/benchmark.yaml /
#15 sha256:92cf79168c216db2f1886368c1f34bce807b2a5a9e1c198d52bd0cff7619f9de
#15 DONE 0.2s

#16 [stage-1  9/13] RUN mkdir /opt/fuzzbench/
#16 sha256:3a7998eb417fd14c200bee59718d0866cffe26510a8e2925daec44fde7866bd2
#16 DONE 1.5s

#17 [stage-1 10/13] COPY docker/benchmark-builder/checkout_commit.py /opt/fuzzbench/
#17 sha256:cf33f8244212622577d02ead5f04e231d4df4df52da300eb9906c962caf41ce1
#17 DONE 0.3s

#18 [stage-1 11/13] RUN export CHECKOUT_COMMIT=$(cat /benchmark.yaml | tr -d ' ' | grep 'commit:' | cut -d ':' -f2) &&     python3 -u /opt/fuzzbench/checkout_commit.py $CHECKOUT_COMMIT /src
#18 sha256:dbc2e7510a32f54a006b0dee34b27b6cd802c7bf72aa4f7cd14e273fd26b5667
#18 1.288 Checking out commit 84faf557
#18 153.7 From https://github.com/opencv/opencv
#18 153.7  * [new tag]               2.2                  -> 2.2
#18 153.7  * [new tag]               2.4.0                -> 2.4.0
#18 153.7  * [new tag]               2.4.1                -> 2.4.1
#18 153.7  * [new tag]               2.4.10               -> 2.4.10
#18 153.7  * [new tag]               2.4.10.1             -> 2.4.10.1
#18 153.7  * [new tag]               2.4.10.2             -> 2.4.10.2
#18 153.7  * [new tag]               2.4.10.3             -> 2.4.10.3
#18 153.8  * [new tag]               2.4.10.4             -> 2.4.10.4
#18 153.8  * [new tag]               2.4.11               -> 2.4.11
#18 153.8  * [new tag]               2.4.12               -> 2.4.12
#18 153.8  * [new tag]               2.4.12.1             -> 2.4.12.1
#18 153.8  * [new tag]               2.4.12.2             -> 2.4.12.2
#18 153.8  * [new tag]               2.4.12.3             -> 2.4.12.3
#18 153.8  * [new tag]               2.4.13               -> 2.4.13
#18 153.8  * [new tag]               2.4.13.1             -> 2.4.13.1
#18 153.8  * [new tag]               2.4.2                -> 2.4.2
#18 153.8  * [new tag]               2.4.3                -> 2.4.3
#18 153.8  * [new tag]               2.4.3-rc             -> 2.4.3-rc
#18 153.8  * [new tag]               2.4.3.1              -> 2.4.3.1
#18 153.8  * [new tag]               2.4.3.2              -> 2.4.3.2
#18 153.8  * [new tag]               2.4.4                -> 2.4.4
#18 153.8  * [new tag]               2.4.4-beta           -> 2.4.4-beta
#18 153.8  * [new tag]               2.4.5                -> 2.4.5
#18 153.8  * [new tag]               2.4.6                -> 2.4.6
#18 153.8  * [new tag]               2.4.6.1              -> 2.4.6.1
#18 153.8  * [new tag]               2.4.6.2              -> 2.4.6.2
#18 153.8  * [new tag]               2.4.6.2-rc1          -> 2.4.6.2-rc1
#18 153.8  * [new tag]               2.4.7                -> 2.4.7
#18 153.8  * [new tag]               2.4.7-rc1            -> 2.4.7-rc1
#18 153.8  * [new tag]               2.4.7.1              -> 2.4.7.1
#18 153.8  * [new tag]               2.4.7.2              -> 2.4.7.2
#18 153.8  * [new tag]               2.4.8                -> 2.4.8
#18 153.8  * [new tag]               2.4.8.1              -> 2.4.8.1
#18 153.8  * [new tag]               2.4.8.2              -> 2.4.8.2
#18 153.8  * [new tag]               2.4.8.3              -> 2.4.8.3
#18 153.8  * [new tag]               2.4.9                -> 2.4.9
#18 153.8  * [new tag]               2.4.9.1              -> 2.4.9.1
#18 153.8  * [new tag]               3.0-ocl-tech-preview -> 3.0-ocl-tech-preview
#18 153.8  * [new tag]               3.0-ocl-tp2          -> 3.0-ocl-tp2
#18 153.8  * [new tag]               3.0.0                -> 3.0.0
#18 153.8  * [new tag]               3.0.0-alpha          -> 3.0.0-alpha
#18 153.8  * [new tag]               3.0.0-beta           -> 3.0.0-beta
#18 153.8  * [new tag]               3.0.0-rc1            -> 3.0.0-rc1
#18 153.8  * [new tag]               3.1.0                -> 3.1.0
#18 153.8  * [new tag]               3.2.0                -> 3.2.0
#18 153.8  * [new tag]               3.2.0-rc             -> 3.2.0-rc
#18 153.8  * [new tag]               3.3.0                -> 3.3.0
#18 153.8  * [new tag]               3.3.0-cvsdk          -> 3.3.0-cvsdk
#18 153.8  * [new tag]               3.3.0-rc             -> 3.3.0-rc
#18 153.8  * [new tag]               3.3.1                -> 3.3.1
#18 153.8  * [new tag]               3.3.1-cvsdk          -> 3.3.1-cvsdk
#18 153.8  * [new tag]               3.4.0                -> 3.4.0
#18 153.8  * [new tag]               3.4.0-rc             -> 3.4.0-rc
#18 153.8  * [new tag]               3.4.1                -> 3.4.1
#18 153.8  * [new tag]               3.4.1-cvsdk          -> 3.4.1-cvsdk
#18 153.8  * [new tag]               3.4.10               -> 3.4.10
#18 153.8  * [new tag]               3.4.11               -> 3.4.11
#18 153.8  * [new tag]               3.4.12               -> 3.4.12
#18 153.8  * [new tag]               3.4.13               -> 3.4.13
#18 153.8  * [new tag]               3.4.14               -> 3.4.14
#18 153.8  * [new tag]               3.4.15               -> 3.4.15
#18 153.8  * [new tag]               3.4.16               -> 3.4.16
#18 153.8  * [new tag]               3.4.17               -> 3.4.17
#18 153.8  * [new tag]               3.4.2                -> 3.4.2
#18 153.8  * [new tag]               3.4.2-openvino       -> 3.4.2-openvino
#18 153.8  * [new tag]               3.4.3                -> 3.4.3
#18 153.8  * [new tag]               3.4.3-openvino       -> 3.4.3-openvino
#18 153.8  * [new tag]               3.4.4                -> 3.4.4
#18 153.8  * [new tag]               3.4.5                -> 3.4.5
#18 153.8  * [new tag]               3.4.6                -> 3.4.6
#18 153.8  * [new tag]               3.4.7                -> 3.4.7
#18 153.8  * [new tag]               3.4.8                -> 3.4.8
#18 153.8  * [new tag]               3.4.9                -> 3.4.9
#18 153.8  * [new tag]               4.0.0                -> 4.0.0
#18 153.8  * [new tag]               4.0.0-alpha          -> 4.0.0-alpha
#18 153.8  * [new tag]               4.0.0-beta           -> 4.0.0-beta
#18 153.8  * [new tag]               4.0.0-openvino       -> 4.0.0-openvino
#18 153.8  * [new tag]               4.0.0-rc             -> 4.0.0-rc
#18 153.8  * [new tag]               4.0.1                -> 4.0.1
#18 153.8  * [new tag]               4.0.1-openvino       -> 4.0.1-openvino
#18 153.8  * [new tag]               4.1.0                -> 4.1.0
#18 153.8  * [new tag]               4.1.0-openvino       -> 4.1.0-openvino
#18 153.8  * [new tag]               4.1.1                -> 4.1.1
#18 153.8  * [new tag]               4.1.1-openvino       -> 4.1.1-openvino
#18 153.8  * [new tag]               4.1.2                -> 4.1.2
#18 153.8  * [new tag]               4.1.2-openvino       -> 4.1.2-openvino
#18 153.8  * [new tag]               4.2.0                -> 4.2.0
#18 153.8  * [new tag]               4.3.0                -> 4.3.0
#18 153.8  * [new tag]               4.4.0                -> 4.4.0
#18 153.8  * [new tag]               4.5.0                -> 4.5.0
#18 153.8  * [new tag]               4.5.1                -> 4.5.1
#18 153.8  * [new tag]               4.5.2                -> 4.5.2
#18 153.8  * [new tag]               4.5.3                -> 4.5.3
#18 153.8  * [new tag]               4.5.4                -> 4.5.4
#18 153.8  * [new tag]               4.5.5                -> 4.5.5
#18 153.9 error: pathspec '84faf557' did not match any file(s) known to git
#18 153.9 error: pathspec '84faf557' did not match any file(s) known to git
#18 153.9 error: pathspec '84faf557' did not match any file(s) known to git
#18 154.0 error: pathspec '84faf557' did not match any file(s) known to git
#18 154.1 error: pathspec '84faf557' did not match any file(s) known to git
#18 154.1 error: pathspec '84faf557' did not match any file(s) known to git
#18 154.2 error: pathspec '84faf557' did not match any file(s) known to git
#18 154.2 error: pathspec '84faf557' did not match any file(s) known to git
#18 154.3 error: pathspec '84faf557' did not match any file(s) known to git
#18 154.4 error: pathspec '84faf557' did not match any file(s) known to git
#18 154.4 error: pathspec '84faf557' did not match any file(s) known to git
#18 154.5 error: pathspec '84faf557' did not match any file(s) known to git
#18 154.7 error: pathspec '84faf557' did not match any file(s) known to git
#18 154.7 error: pathspec '84faf557' did not match any file(s) known to git
#18 154.8 error: pathspec '84faf557' did not match any file(s) known to git
#18 154.8 error: pathspec '84faf557' did not match any file(s) known to git
#18 154.9 error: pathspec '84faf557' did not match any file(s) known to git
#18 154.9 error: pathspec '84faf557' did not match any file(s) known to git
#18 155.0 error: pathspec '84faf557' did not match any file(s) known to git
#18 155.0 error: pathspec '84faf557' did not match any file(s) known to git
#18 155.1 error: pathspec '84faf557' did not match any file(s) known to git
#18 155.1 error: pathspec '84faf557' did not match any file(s) known to git
#18 155.4 Checkout unsuccessful.
#18 DONE 155.8s

#19 [stage-1 12/13] RUN echo "#!/bin/bash\nPYTHONPATH=/src python3 -u -c "from fuzzers import utils; utils.initialize_env(); from fuzzers.afl import fuzzer; fuzzer.build()"" > /usr/bin/fuzzer_build &&     chmod +x /usr/bin/fuzzer_build
#19 sha256:afb043131b91fb8597eda220c9746ed21a7592c4a141bc1b0be55a9b4793f7f5
#19 DONE 1.4s

#20 [stage-1 13/13] RUN echo "Run fuzzer_build to build the target" && if [ -z "$debug_builder" ] ; then fuzzer_build; fi
#20 sha256:2355e69fa079a0c3cc6ad6edd6447a2ba8226f975d1fcefbbaabe07228bc0366
#20 1.350 Run fuzzer_build to build the target
#20 1.750 FUZZ_TARGET = filestorage_read_filename_fuzzer
#20 1.751 CFLAGS = -DFUZZING_BUILD_MODE_UNSAFE_FOR_PRODUCTION -pthread -Wl,--no-as-needed -Wl,-ldl -Wl,-lm -Wno-unused-command-line-argument -O3
#20 1.751 CXXFLAGS = -DFUZZING_BUILD_MODE_UNSAFE_FOR_PRODUCTION -pthread -Wl,--no-as-needed -Wl,-ldl -Wl,-lm -Wno-unused-command-line-argument -stdlib=libc++ -O3
#20 1.771 Building benchmark opencv_filestorage_read_filename_fuzzer with fuzzer afl
#20 1.777 + mkdir opencv/build
#20 1.781 mkdir: cannot create directory ‘opencv/build’: No such file or directory
#20 1.782 Traceback (most recent call last):
#20 1.782   File "<string>", line 1, in <module>
#20 1.782   File "/src/fuzzers/afl/fuzzer.py", line 40, in build
#20 1.783     utils.build_benchmark()
#20 1.784   File "/src/fuzzers/utils.py", line 82, in build_benchmark
#20 1.784     subprocess.check_call(['/bin/bash', '-ex', build_script], env=env)
#20 1.785   File "/usr/local/lib/python3.8/subprocess.py", line 364, in check_call
#20 1.786     raise CalledProcessError(retcode, cmd)
#20 1.786 subprocess.CalledProcessError: Command '['/bin/bash', '-ex', '/src/build.sh']' returned non-zero exit status 1.
#20 ERROR: executor failed running [/bin/sh -c echo "Run fuzzer_build to build the target" && if [ -z "$debug_builder" ] ; then fuzzer_build; fi]: exit code: 1
------
 > importing cache manifest from gcr.io/fuzzbench/builders/afl/opencv_filestorage_read_filename_fuzzer:
------
------
 > [stage-1 13/13] RUN echo "Run fuzzer_build to build the target" && if [ -z "$debug_builder" ] ; then fuzzer_build; fi:
------
executor failed running [/bin/sh -c echo "Run fuzzer_build to build the target" && if [ -z "$debug_builder" ] ; then fuzzer_build; fi]: exit code: 1
make: *** [docker/generated.mk:2854015: .afl-opencv_filestorage_read_filename_fuzzer-builder] Error 1
/bin/sh: 1: source: not found
#1 [internal] load build definition from Dockerfile
#1 sha256:fb0082b686754bbedbba27028171621b41b8408ca730a3a8745fa38cc56d5b54
#1 transferring dockerfile: 32B done
#1 DONE 0.0s

#2 [internal] load .dockerignore
#2 sha256:4be63c55c74497418f98188cc1ef0c774ab170d4b19b5b1105f98540332e412d
#2 transferring context: 2B done
#2 DONE 0.1s

#3 [internal] load metadata for gcr.io/oss-fuzz-base/base-builder:latest
#3 sha256:f10dc39cc9d418a5bc416dead31a1902b6821fdae909cd3b08f7a3fd1faba7b5
#3 DONE 0.5s

#10 [1/6] FROM gcr.io/oss-fuzz-base/base-builder@sha256:112044a9815d235113677d459cf2ece740a51f2b85081c8f66943dcdc72ddf7f
#10 sha256:4aee4bf9f7280ac8b7f02b8d29e6e084dd034d2c294b4e3e05d8ce7048a1450f
#10 DONE 0.0s

#4 importing cache manifest from gcr.io/fuzzbench/builders/benchmark/opencv_filestorage_read_filename_fuzzer
#4 sha256:9fe5db2933528b33519dec47e4792e0e11ec21a7c058297ae8c63550381a95a5
#4 DONE 0.0s

#11 [internal] load build context
#11 sha256:8b75479b589efe7e048893227f60469719f32e0d60afc5b09f40632f8c06406e
#11 transferring context: 429B done
#11 DONE 0.0s

#8 [5/6] COPY build.sh /src/
#8 sha256:970156bf702a0fdac3ebcb512a58c3f2feb365149bea92e053838d3b7a6ab706
#8 CACHED

#5 [2/6] RUN apt-get update && apt-get install -y build-essential cmake pkg-config
#5 sha256:5b4cdd543f7676d762d91b87c637b12e81d197a5de05812a3f0a2dc7aead2436
#5 CACHED

#6 [3/6] RUN git clone --depth 1 https://github.com/opencv/opencv.git opencv
#6 sha256:59a9fb61118231e7c2a207bca2277cafcfad95bb7e22f5ee768b2c0e041e7f83
#6 CACHED

#7 [4/6] WORKDIR opencv/
#7 sha256:fda6c4b7e211bdd8ec1ae001cbb40929be694af912454da7105b1ff5a7d1ef7e
#7 CACHED

#9 [6/6] COPY *.cc *.h /src/
#9 sha256:8f5f12895748362bccc04ae83be49b2d4c3460b2910a3b8e432b1a3a3bce2b44
#9 CACHED

#12 exporting to image
#12 sha256:e8c613e07b0b7ff33893b694f7759a10d42e180f2b4dc349fb57dc6b71dcab00
#12 exporting layers done
#12 writing image sha256:1becccd814dbf34cc8e63e180aa81b53d32b799e754916d11e8fe1e0019dbfe9 done
#12 naming to gcr.io/fuzzbench/builders/benchmark/opencv_filestorage_read_filename_fuzzer done
#12 DONE 0.1s

#13 exporting cache
#13 sha256:2700d4ef94dee473593c5c614b55b2dedcca7893909811a8f2b48291a1f581e4
#13 preparing build cache for export done
#13 DONE 0.0s
#1 [internal] load build definition from builder.Dockerfile
#1 sha256:abb6f9050e7e1b1c9f5076aa1cbadb539144196cd431ca92ce737bd6ae2e703b
#1 transferring dockerfile: 46B done
#1 DONE 0.1s

#2 [internal] load .dockerignore
#2 sha256:1e1c013c89cac7bea910d5138f86e92f8d3f16bd926d5ca5523140702447fd11
#2 transferring context: 2B done
#2 DONE 0.1s

#3 [internal] load metadata for gcr.io/fuzzbench/builders/benchmark/opencv_filestorage_read_filename_fuzzer:latest
#3 sha256:fd93ffee4a0ffcbff8008d1e99abcef18698c7559d43a5d6c81d7990333e8343
#3 DONE 0.0s

#6 importing cache manifest from gcr.io/fuzzbench/builders/afl/opencv_filestorage_read_filename_fuzzer-intermediate
#6 sha256:d022735bd3492fb5ef0f03ddaa94c1eb7f5daa65ae4dbd6d76a4b306ea10c87c
#6 DONE 0.0s

#7 [1/3] FROM gcr.io/fuzzbench/builders/benchmark/opencv_filestorage_read_filename_fuzzer
#7 sha256:b60d4f0c1daea247e9f6437a349ac15a32bbe0efcd52209d08fc10115536779e
#7 DONE 0.0s

#4 [2/3] RUN git clone https://github.com/google/AFL.git /afl &&     cd /afl &&     git checkout 61037103ae3722c8060ff7082994836a794f978e &&     AFL_NO_X86=1 make
#4 sha256:3e524a2c73f908f35f6b6c5c2a5ef3a28618ab0c782b069b6e6503e8bb2fba22
#4 CACHED

#5 [3/3] RUN apt-get update &&     apt-get install wget -y &&     wget https://raw.githubusercontent.com/llvm/llvm-project/5feb80e748924606531ba28c97fe65145c65372e/compiler-rt/lib/fuzzer/afl/afl_driver.cpp -O /afl/afl_driver.cpp &&     clang -Wno-pointer-sign -c /afl/llvm_mode/afl-llvm-rt.o.c -I/afl &&     clang++ -stdlib=libc++ -std=c++11 -O2 -c /afl/afl_driver.cpp &&     ar r /libAFL.a *.o
#5 sha256:530362b0f8c9a2ac02e55735f75abffa4083a0a0a02ecc1a5a9386e5200c8b0f
#5 CACHED

#8 exporting to image
#8 sha256:e8c613e07b0b7ff33893b694f7759a10d42e180f2b4dc349fb57dc6b71dcab00
#8 exporting layers done
#8 writing image sha256:46f5031b711128eb84cc163599a68526005a66a2f95e2b1d5dab852aa983e026 done
#8 naming to gcr.io/fuzzbench/builders/afl/opencv_filestorage_read_filename_fuzzer-intermediate done
#8 DONE 0.3s

#9 exporting cache
#9 sha256:2700d4ef94dee473593c5c614b55b2dedcca7893909811a8f2b48291a1f581e4
#9 preparing build cache for export done
#9 DONE 0.0s
#1 [internal] load build definition from Dockerfile
#1 sha256:c61f792e72ed83bd0822a7b9475e14b6cea3de64d6a376b9d4d845f059dfb2e7
#1 transferring dockerfile: 2.00kB done
#1 DONE 0.1s

#2 [internal] load .dockerignore
#2 sha256:80805df38d7813aec72dd0dd0c8de3c06b234e6e18d9daf7324cd0ddb4975813
#2 transferring context: 34B done
#2 DONE 0.1s

#3 [internal] load metadata for docker.io/library/ubuntu:xenial
#3 sha256:f62bae18ed588840f045c881b2502661f2a89578a2f8f99b83f5200ee83dd25b
#3 DONE 0.0s

#12 importing cache manifest from gcr.io/fuzzbench/base-image
#12 sha256:9b220ebb4d4daceed1b96df9b6dca076e762f1cd612574f010b82d5b9e5ad896
#12 DONE 0.0s

#4 [1/7] FROM docker.io/library/ubuntu:xenial
#4 sha256:14dd403f25ae9e519bd44f27dc17af7ce80f5a4f9f48ca88108364e67ec5d360
#4 DONE 0.0s

#7 [internal] load build context
#7 sha256:4e920d7971731eceefff007b6c2518495dd41c4e8a5b5fa46c351a73d60432f3
#7 transferring context: 559B 0.0s done
#7 DONE 0.1s

#5 [2/7] RUN apt-get update -y && apt-get install -y     build-essential     rsync     curl     zlib1g-dev     libncurses5-dev     libgdbm-dev     libnss3-dev     libssl-dev     libreadline-dev     libffi-dev     virtualenv     libbz2-dev     liblzma-dev     libsqlite3-dev
#5 sha256:3a1b0960f17eed529eaae93dc8fd3554f2743dd584d8fa569cdbe6bc734371ac
#5 CACHED

#6 [3/7] RUN cd /tmp/ &&     curl -O https://www.python.org/ftp/python/3.8.6/Python-3.8.6.tar.xz &&     tar -xvf Python-3.8.6.tar.xz &&     cd Python-3.8.6 &&     ./configure --enable-loadable-sqlite-extensions --enable-optimizations &&     make -j install &&     rm -r /tmp/Python-3.8.6.tar.xz /tmp/Python-3.8.6
#6 sha256:c5b9d1fb3371e84dbc60b76e7b2f8d5913bc93bcd4910ab65daa03e7b2ec4bb0
#6 CACHED

#8 [4/7] COPY ./requirements.txt /
#8 sha256:8306ebf79ea0a347ee25aefa84320256957bb8a4927777ab921790f33656e006
#8 CACHED

#9 [5/7] RUN pip3 install -r /requirements.txt
#9 sha256:8949201a75b46ba15ee357c81e2cc50040356dfc82ca5a7849d96c19dda18554
#9 CACHED

#10 [6/7] RUN apt-get update -y && apt-get install -y     apt-transport-https     lsb-release
#10 sha256:771e7045495fc8b87a19c1dcdee171cc0143a5f0a1e009b0e0538aaa9bdf1c73
#10 CACHED

#11 [7/7] RUN CLOUD_SDK_REPO="cloud-sdk-$(lsb_release -c -s)" &&     echo "deb https://packages.cloud.google.com/apt $CLOUD_SDK_REPO main"     | tee -a /etc/apt/sources.list.d/google-cloud-sdk.list &&     curl https://packages.cloud.google.com/apt/doc/apt-key.gpg     | apt-key add - &&     apt-get update -y &&     apt-get install -y google-cloud-sdk
#11 sha256:3adb4e34b1ebf7d928143cbea9dd2036c7907779f70f0e2714298ad615a5ea2e
#11 CACHED

#13 exporting to image
#13 sha256:e8c613e07b0b7ff33893b694f7759a10d42e180f2b4dc349fb57dc6b71dcab00
#13 exporting layers done
#13 writing image sha256:55e5825902805b10e1ba0cd27e4af0d82c25f9e225d6218342d4b6474bd3ddae 0.0s done
#13 naming to gcr.io/fuzzbench/base-image done
#13 DONE 0.1s

#14 exporting cache
#14 sha256:2700d4ef94dee473593c5c614b55b2dedcca7893909811a8f2b48291a1f581e4
#14 preparing build cache for export done
#14 DONE 0.0s
#1 [internal] load build definition from Dockerfile
#1 sha256:c29a4a6f1e1ef34e1044f3349178d6f927d9ee287d8628ec2e4e2f0fc5a190bc
#1 transferring dockerfile: 2.22kB done
#1 DONE 0.1s

#2 [internal] load .dockerignore
#2 sha256:121fd9eed693ff779cd704f070dc83e74d4474c351c51997f01229b4de40d08d
#2 transferring context: 34B done
#2 DONE 0.1s

#4 [internal] load metadata for gcr.io/fuzzbench/base-image:latest
#4 sha256:932022888f650cc455b10eb5123bb08c0cccacac29a693e69314abbfd28a72c3
#4 DONE 0.0s

#3 [internal] load metadata for gcr.io/fuzzbench/builders/afl/opencv_filestorage_read_filename_fuzzer-intermediate:latest
#3 sha256:c10e9c581383008df0904f9ab3e7a1280d43b1dfcd3e8d0e3bcdbf7336493119
#3 DONE 0.0s

#7 [base-image 1/1] FROM gcr.io/fuzzbench/base-image
#7 sha256:4d07825694520f8b6f6a0d8592dbd345433361ae044cb7f06706c5a95e3daaad
#7 DONE 1.0s

#6 [stage-1  1/13] FROM gcr.io/fuzzbench/builders/afl/opencv_filestorage_read_filename_fuzzer-intermediate
#6 sha256:84e053f7967bf333e56169cf444b729ddce52669fa96fa369ad600d2a985d590
#6 DONE 1.5s

#8 [stage-1  2/13] COPY --from=base-image /usr/local/bin/python3* /usr/local/bin/
#8 sha256:b77cd9ac3ff8736e71e84830f8653b6aedde081912ba3e8fc106010937e86b33
#8 DONE 0.4s

#9 [stage-1  3/13] COPY --from=base-image /usr/local/lib/python3.8 /usr/local/lib/python3.8
#9 sha256:f1bef5984ef7b89293fe3cb419bc46462229f73f9ec51be46189c40faac5cad9
#9 DONE 22.7s

#10 [stage-1  4/13] COPY --from=base-image /usr/local/include/python3.8 /usr/local/include/python3.8
#10 sha256:f1d75600985de073fe880d47eff407f6457f05234b0862e2c77025b3e999045c
#10 DONE 0.3s

#11 [stage-1  5/13] COPY --from=base-image /usr/local/lib/python3.8/site-packages /usr/local/lib/python3.8/site-packages
#11 sha256:1c43fa99e45b3791bd1be53bed548744822cc78b3bc2107f4823e28bbccb3f23
#11 DONE 44.0s

#12 [internal] load build context
#12 sha256:1848c079ebddfdd6f1b1fc4dd0102b1769ba45d3d7e36adff671f6bccfae2249
#12 DONE 0.0s

#5 importing cache manifest from gcr.io/fuzzbench/builders/afl/opencv_filestorage_read_filename_fuzzer
#5 sha256:a1685c086b089a9e9493216f4c7fc2546ecb8fdfcd886e345b4d04771ecccd27
#5 ERROR: gcr.io/fuzzbench/builders/afl/opencv_filestorage_read_filename_fuzzer:latest: not found

#12 [internal] load build context
#12 sha256:1848c079ebddfdd6f1b1fc4dd0102b1769ba45d3d7e36adff671f6bccfae2249
#12 transferring context: 669.94kB 0.2s done
#12 DONE 0.2s

#13 [stage-1  6/13] COPY fuzzers /src/fuzzers
#13 sha256:0ee00933b43876e37a1138924358e483beb6e367cec23f17df60397aa8de524c
#13 CACHED

#14 [stage-1  7/13] RUN touch /src/__init__.py
#14 sha256:a4ccec8e34b82d0174659de02bb71352992a348292ec7b3aa44a5c9f862211f1
#14 DONE 1.4s

#15 [stage-1  8/13] COPY benchmarks/opencv_filestorage_read_filename_fuzzer/benchmark.yaml /
#15 sha256:9ff0153970cd1d77299f4f83bfd403187be0e5bd7ebfb924aa90ad0fc61c733f
#15 DONE 0.2s

#16 [stage-1  9/13] RUN mkdir /opt/fuzzbench/
#16 sha256:073a0fb1dcfb4d4fe7440c9344e91e4ff13b525e140034b6d7515ee96a58bb43
#16 DONE 1.2s

#17 [stage-1 10/13] COPY docker/benchmark-builder/checkout_commit.py /opt/fuzzbench/
#17 sha256:57d313db89b02fe8e5315aab50b9fa6d4422039b3898abda8d6f6283dbf69c63
#17 DONE 0.1s

#18 [stage-1 11/13] RUN export CHECKOUT_COMMIT=$(cat /benchmark.yaml | tr -d ' ' | grep 'commit:' | cut -d ':' -f2) &&     python3 -u /opt/fuzzbench/checkout_commit.py $CHECKOUT_COMMIT /src
#18 sha256:25280b20546fa70bbe8bae418156cfae10d7a443b223ee9fc3e4f40f928796a7
#18 1.334 Checking out commit 84faf557
#18 136.4 From https://github.com/opencv/opencv
#18 136.4  * [new tag]               2.2                  -> 2.2
#18 136.4  * [new tag]               2.4.0                -> 2.4.0
#18 136.4  * [new tag]               2.4.1                -> 2.4.1
#18 136.4  * [new tag]               2.4.10               -> 2.4.10
#18 136.4  * [new tag]               2.4.10.1             -> 2.4.10.1
#18 136.4  * [new tag]               2.4.10.2             -> 2.4.10.2
#18 136.4  * [new tag]               2.4.10.3             -> 2.4.10.3
#18 136.4  * [new tag]               2.4.10.4             -> 2.4.10.4
#18 136.4  * [new tag]               2.4.11               -> 2.4.11
#18 136.4  * [new tag]               2.4.12               -> 2.4.12
#18 136.4  * [new tag]               2.4.12.1             -> 2.4.12.1
#18 136.4  * [new tag]               2.4.12.2             -> 2.4.12.2
#18 136.4  * [new tag]               2.4.12.3             -> 2.4.12.3
#18 136.4  * [new tag]               2.4.13               -> 2.4.13
#18 136.4  * [new tag]               2.4.13.1             -> 2.4.13.1
#18 136.4  * [new tag]               2.4.2                -> 2.4.2
#18 136.4  * [new tag]               2.4.3                -> 2.4.3
#18 136.4  * [new tag]               2.4.3-rc             -> 2.4.3-rc
#18 136.4  * [new tag]               2.4.3.1              -> 2.4.3.1
#18 136.4  * [new tag]               2.4.3.2              -> 2.4.3.2
#18 136.4  * [new tag]               2.4.4                -> 2.4.4
#18 136.4  * [new tag]               2.4.4-beta           -> 2.4.4-beta
#18 136.4  * [new tag]               2.4.5                -> 2.4.5
#18 136.4  * [new tag]               2.4.6                -> 2.4.6
#18 136.4  * [new tag]               2.4.6.1              -> 2.4.6.1
#18 136.4  * [new tag]               2.4.6.2              -> 2.4.6.2
#18 136.4  * [new tag]               2.4.6.2-rc1          -> 2.4.6.2-rc1
#18 136.4  * [new tag]               2.4.7                -> 2.4.7
#18 136.4  * [new tag]               2.4.7-rc1            -> 2.4.7-rc1
#18 136.4  * [new tag]               2.4.7.1              -> 2.4.7.1
#18 136.4  * [new tag]               2.4.7.2              -> 2.4.7.2
#18 136.4  * [new tag]               2.4.8                -> 2.4.8
#18 136.4  * [new tag]               2.4.8.1              -> 2.4.8.1
#18 136.4  * [new tag]               2.4.8.2              -> 2.4.8.2
#18 136.4  * [new tag]               2.4.8.3              -> 2.4.8.3
#18 136.4  * [new tag]               2.4.9                -> 2.4.9
#18 136.4  * [new tag]               2.4.9.1              -> 2.4.9.1
#18 136.4  * [new tag]               3.0-ocl-tech-preview -> 3.0-ocl-tech-preview
#18 136.4  * [new tag]               3.0-ocl-tp2          -> 3.0-ocl-tp2
#18 136.4  * [new tag]               3.0.0                -> 3.0.0
#18 136.4  * [new tag]               3.0.0-alpha          -> 3.0.0-alpha
#18 136.4  * [new tag]               3.0.0-beta           -> 3.0.0-beta
#18 136.4  * [new tag]               3.0.0-rc1            -> 3.0.0-rc1
#18 136.4  * [new tag]               3.1.0                -> 3.1.0
#18 136.4  * [new tag]               3.2.0                -> 3.2.0
#18 136.4  * [new tag]               3.2.0-rc             -> 3.2.0-rc
#18 136.4  * [new tag]               3.3.0                -> 3.3.0
#18 136.4  * [new tag]               3.3.0-cvsdk          -> 3.3.0-cvsdk
#18 136.4  * [new tag]               3.3.0-rc             -> 3.3.0-rc
#18 136.4  * [new tag]               3.3.1                -> 3.3.1
#18 136.4  * [new tag]               3.3.1-cvsdk          -> 3.3.1-cvsdk
#18 136.4  * [new tag]               3.4.0                -> 3.4.0
#18 136.4  * [new tag]               3.4.0-rc             -> 3.4.0-rc
#18 136.4  * [new tag]               3.4.1                -> 3.4.1
#18 136.4  * [new tag]               3.4.1-cvsdk          -> 3.4.1-cvsdk
#18 136.4  * [new tag]               3.4.10               -> 3.4.10
#18 136.4  * [new tag]               3.4.11               -> 3.4.11
#18 136.4  * [new tag]               3.4.12               -> 3.4.12
#18 136.4  * [new tag]               3.4.13               -> 3.4.13
#18 136.4  * [new tag]               3.4.14               -> 3.4.14
#18 136.4  * [new tag]               3.4.15               -> 3.4.15
#18 136.4  * [new tag]               3.4.16               -> 3.4.16
#18 136.4  * [new tag]               3.4.17               -> 3.4.17
#18 136.5  * [new tag]               3.4.2                -> 3.4.2
#18 136.5  * [new tag]               3.4.2-openvino       -> 3.4.2-openvino
#18 136.5  * [new tag]               3.4.3                -> 3.4.3
#18 136.5  * [new tag]               3.4.3-openvino       -> 3.4.3-openvino
#18 136.5  * [new tag]               3.4.4                -> 3.4.4
#18 136.5  * [new tag]               3.4.5                -> 3.4.5
#18 136.5  * [new tag]               3.4.6                -> 3.4.6
#18 136.5  * [new tag]               3.4.7                -> 3.4.7
#18 136.5  * [new tag]               3.4.8                -> 3.4.8
#18 136.5  * [new tag]               3.4.9                -> 3.4.9
#18 136.5  * [new tag]               4.0.0                -> 4.0.0
#18 136.5  * [new tag]               4.0.0-alpha          -> 4.0.0-alpha
#18 136.5  * [new tag]               4.0.0-beta           -> 4.0.0-beta
#18 136.5  * [new tag]               4.0.0-openvino       -> 4.0.0-openvino
#18 136.5  * [new tag]               4.0.0-rc             -> 4.0.0-rc
#18 136.5  * [new tag]               4.0.1                -> 4.0.1
#18 136.5  * [new tag]               4.0.1-openvino       -> 4.0.1-openvino
#18 136.5  * [new tag]               4.1.0                -> 4.1.0
#18 136.5  * [new tag]               4.1.0-openvino       -> 4.1.0-openvino
#18 136.5  * [new tag]               4.1.1                -> 4.1.1
#18 136.5  * [new tag]               4.1.1-openvino       -> 4.1.1-openvino
#18 136.5  * [new tag]               4.1.2                -> 4.1.2
#18 136.5  * [new tag]               4.1.2-openvino       -> 4.1.2-openvino
#18 136.5  * [new tag]               4.2.0                -> 4.2.0
#18 136.5  * [new tag]               4.3.0                -> 4.3.0
#18 136.5  * [new tag]               4.4.0                -> 4.4.0
#18 136.5  * [new tag]               4.5.0                -> 4.5.0
#18 136.5  * [new tag]               4.5.1                -> 4.5.1
#18 136.5  * [new tag]               4.5.2                -> 4.5.2
#18 136.5  * [new tag]               4.5.3                -> 4.5.3
#18 136.5  * [new tag]               4.5.4                -> 4.5.4
#18 136.5  * [new tag]               4.5.5                -> 4.5.5
#18 136.5 error: pathspec '84faf557' did not match any file(s) known to git
#18 136.5 error: pathspec '84faf557' did not match any file(s) known to git
#18 136.6 error: pathspec '84faf557' did not match any file(s) known to git
#18 136.7 error: pathspec '84faf557' did not match any file(s) known to git
#18 136.7 error: pathspec '84faf557' did not match any file(s) known to git
#18 136.8 error: pathspec '84faf557' did not match any file(s) known to git
#18 136.8 error: pathspec '84faf557' did not match any file(s) known to git
#18 136.9 error: pathspec '84faf557' did not match any file(s) known to git
#18 136.9 error: pathspec '84faf557' did not match any file(s) known to git
#18 137.0 error: pathspec '84faf557' did not match any file(s) known to git
#18 137.1 error: pathspec '84faf557' did not match any file(s) known to git
#18 137.2 error: pathspec '84faf557' did not match any file(s) known to git
#18 137.3 error: pathspec '84faf557' did not match any file(s) known to git
#18 137.4 error: pathspec '84faf557' did not match any file(s) known to git
#18 137.4 error: pathspec '84faf557' did not match any file(s) known to git
#18 137.4 error: pathspec '84faf557' did not match any file(s) known to git
#18 137.5 error: pathspec '84faf557' did not match any file(s) known to git
#18 137.5 error: pathspec '84faf557' did not match any file(s) known to git
#18 137.6 error: pathspec '84faf557' did not match any file(s) known to git
#18 137.6 error: pathspec '84faf557' did not match any file(s) known to git
#18 137.6 error: pathspec '84faf557' did not match any file(s) known to git
#18 137.7 error: pathspec '84faf557' did not match any file(s) known to git
#18 137.9 Checkout unsuccessful.
#18 DONE 138.0s

#19 [stage-1 12/13] RUN echo "#!/bin/bash\nPYTHONPATH=/src python3 -u -c "from fuzzers import utils; utils.initialize_env(); from fuzzers.afl import fuzzer; fuzzer.build()"" > /usr/bin/fuzzer_build &&     chmod +x /usr/bin/fuzzer_build
#19 sha256:0651b99463c26749664a84fa6b540eb9b875a7233c8189b35f357d55148c263b
#19 DONE 1.2s

#20 [stage-1 13/13] RUN echo "Run fuzzer_build to build the target" && if [ -z "$debug_builder" ] ; then fuzzer_build; fi
#20 sha256:16fdb581986b48ecdf4233d6770db346c6ccc2589ba0cb1a1920a83507f95cd3
#20 1.269 Run fuzzer_build to build the target
#20 1.684 FUZZ_TARGET = filestorage_read_filename_fuzzer
#20 1.685 CFLAGS = -DFUZZING_BUILD_MODE_UNSAFE_FOR_PRODUCTION -pthread -Wl,--no-as-needed -Wl,-ldl -Wl,-lm -Wno-unused-command-line-argument -O3
#20 1.688 CXXFLAGS = -DFUZZING_BUILD_MODE_UNSAFE_FOR_PRODUCTION -pthread -Wl,--no-as-needed -Wl,-ldl -Wl,-lm -Wno-unused-command-line-argument -stdlib=libc++ -O3
#20 1.699 Building benchmark opencv_filestorage_read_filename_fuzzer with fuzzer afl
#20 1.704 + mkdir opencv/build
#20 1.714 mkdir: cannot create directory ‘opencv/build’: No such file or directory
#20 1.715 Traceback (most recent call last):
#20 1.715   File "<string>", line 1, in <module>
#20 1.716   File "/src/fuzzers/afl/fuzzer.py", line 40, in build
#20 1.717     utils.build_benchmark()
#20 1.718   File "/src/fuzzers/utils.py", line 82, in build_benchmark
#20 1.718     subprocess.check_call(['/bin/bash', '-ex', build_script], env=env)
#20 1.719   File "/usr/local/lib/python3.8/subprocess.py", line 364, in check_call
#20 1.720     raise CalledProcessError(retcode, cmd)
#20 1.721 subprocess.CalledProcessError: Command '['/bin/bash', '-ex', '/src/build.sh']' returned non-zero exit status 1.
#20 ERROR: executor failed running [/bin/sh -c echo "Run fuzzer_build to build the target" && if [ -z "$debug_builder" ] ; then fuzzer_build; fi]: exit code: 1
------
 > importing cache manifest from gcr.io/fuzzbench/builders/afl/opencv_filestorage_read_filename_fuzzer:
------
------
 > [stage-1 13/13] RUN echo "Run fuzzer_build to build the target" && if [ -z "$debug_builder" ] ; then fuzzer_build; fi:
------
executor failed running [/bin/sh -c echo "Run fuzzer_build to build the target" && if [ -z "$debug_builder" ] ; then fuzzer_build; fi]: exit code: 1
make: *** [docker/generated.mk:2854015: .afl-opencv_filestorage_read_filename_fuzzer-builder] Error 1
