WARNING:root:gcloud not found in PATH.
INFO:root:Successfully integrated benchmark: ibmswtpm2_fuzzer.
INFO:root:Please run "make test-run-afl-ibmswtpm2_fuzzer" to test integration.
#1 [internal] load build definition from Dockerfile
#1 sha256:8e55b8367517e636e799cd7fdf1fdaed839c6e47a6ca16c3a349c6c99cea6acc
#1 transferring dockerfile: 1.13kB done
#1 DONE 0.4s

#2 [internal] load .dockerignore
#2 sha256:dd7fb053183ceef2d0a85fab0f35554f9b445148646402eea9529846ae1e4964
#2 transferring context: 2B done
#2 DONE 0.4s

#3 [internal] load metadata for gcr.io/oss-fuzz-base/base-builder:latest
#3 sha256:f10dc39cc9d418a5bc416dead31a1902b6821fdae909cd3b08f7a3fd1faba7b5
#3 DONE 0.4s

#9 [internal] load build context
#9 sha256:b6669aed0384e54153a7b520ead19ae22d05f0cd69f675c53a3a2abb6f1f619a
#9 DONE 0.0s

#5 [1/8] FROM gcr.io/oss-fuzz-base/base-builder@sha256:f4e5ea12494fab091c5d830cf803b3421f2860f729b9d1b07da44924396cf8cf
#5 sha256:ef290950573a2779ee526af357b28fbddfc20d7409aa51f58f777c9e972cba29
#5 DONE 0.0s

#4 importing cache manifest from gcr.io/fuzzbench/builders/benchmark/ibmswtpm2_fuzzer
#4 sha256:305d6b208c70365879003357b579084aba22412e11583a39d7ac0faa3db182a7
#4 ERROR: gcr.io/fuzzbench/builders/benchmark/ibmswtpm2_fuzzer:latest: not found

#9 [internal] load build context
#9 sha256:b6669aed0384e54153a7b520ead19ae22d05f0cd69f675c53a3a2abb6f1f619a
#9 transferring context: 94B done
#9 DONE 0.1s

#10 [5/8] COPY build.sh /src/
#10 sha256:d83f51865e53570ad663e5ac3a5aa71996213bd83ec201d3dae82d406a924255
#10 CACHED

#12 [7/8] COPY no_writes.patch /src/
#12 sha256:a870435fffdf2248075c28450f9d51d43e2f830c411d001136a595c9b2d32af3
#12 CACHED

#6 [2/8] RUN apt-get update && apt-get install -y make autoconf automake libtool libssl-dev curl tar g++
#6 sha256:9a6dc14d6f3bba7fed32add56c117e4df20065c541861334aead2685c69dc9b3
#6 CACHED

#7 [3/8] RUN mkdir ibmswtpm2 &&   cd ibmswtpm2 &&   curl -sSL "https://downloads.sourceforge.net/project/ibmswtpm2/ibmtpm1332.tar.gz" | tar xvz
#7 sha256:1a5463ba3c72abff8ecd50ee9c561410ba2a0be25dfcf990374dad90a8300a96
#7 CACHED

#8 [4/8] WORKDIR ibmswtpm2/src
#8 sha256:d7479ce0f23e9145d4511d315d621eb1dc8cde0f6725d66a82f0b2b9d8da115f
#8 CACHED

#11 [6/8] COPY fuzzer.cc ./
#11 sha256:8dfa34c30f26bc592c36706c8fcf45c7355623d462f1bb98093017eb769632cd
#11 CACHED

#13 [8/8] RUN patch -p1 < /src/no_writes.patch
#13 sha256:e6e09bfc6ca6e5b0f6b529d67a0858eb363fd372e550e1fc5077a83f54addb95
#13 CACHED

#14 exporting to image
#14 sha256:e8c613e07b0b7ff33893b694f7759a10d42e180f2b4dc349fb57dc6b71dcab00
#14 exporting layers done
#14 writing image sha256:5dd57875cce9258428a94b87f6951c9bf7136186e885b07369fa213f812a9589 done
#14 naming to gcr.io/fuzzbench/builders/benchmark/ibmswtpm2_fuzzer done
#14 DONE 0.5s

#15 exporting cache
#15 sha256:2700d4ef94dee473593c5c614b55b2dedcca7893909811a8f2b48291a1f581e4
#15 preparing build cache for export done
#15 DONE 0.0s
------
 > importing cache manifest from gcr.io/fuzzbench/builders/benchmark/ibmswtpm2_fuzzer:
------
#1 [internal] load build definition from builder.Dockerfile
#1 sha256:dae59333aabd602459a5f80b7c360d79235f710597611ddad5ee65d11d8dff72
#1 transferring dockerfile: 1.35kB done
#1 DONE 0.1s

#2 [internal] load .dockerignore
#2 sha256:15ae5855a2853688b83ddf0e149c92484f59a875bd787c36b2793f329bc7c9a4
#2 transferring context: 2B done
#2 DONE 0.1s

#3 [internal] load metadata for gcr.io/fuzzbench/builders/benchmark/ibmswtpm2_fuzzer:latest
#3 sha256:457c21c2f8f732bc21b37598c35c49b150b476f42cc9b95079c333ef7d23a0e0
#3 DONE 0.0s

#5 [1/3] FROM gcr.io/fuzzbench/builders/benchmark/ibmswtpm2_fuzzer
#5 sha256:5e0f0cfe53e233c0b40e49686763d300ef2e61273736e0cdff9b6d9ffb2dccef
#5 DONE 0.0s

#4 importing cache manifest from gcr.io/fuzzbench/builders/afl/ibmswtpm2_fuzzer-intermediate
#4 sha256:55b7f1e260a1bcab1a74663b6c88ee4ef3ab9bc49e5796d5228a20e1ba2b2f8d
#4 ERROR: gcr.io/fuzzbench/builders/afl/ibmswtpm2_fuzzer-intermediate:latest: not found

#6 [2/3] RUN git clone https://github.com/google/AFL.git /afl &&     cd /afl &&     git checkout 61037103ae3722c8060ff7082994836a794f978e &&     AFL_NO_X86=1 make
#6 sha256:52034e01b2ff67f14515f030b11b49d2de15306bb9950ea4e354e846269e4994
#6 CACHED

#7 [3/3] RUN apt-get update &&     apt-get install wget -y &&     wget https://raw.githubusercontent.com/llvm/llvm-project/5feb80e748924606531ba28c97fe65145c65372e/compiler-rt/lib/fuzzer/afl/afl_driver.cpp -O /afl/afl_driver.cpp &&     clang -Wno-pointer-sign -c /afl/llvm_mode/afl-llvm-rt.o.c -I/afl &&     clang++ -stdlib=libc++ -std=c++11 -O2 -c /afl/afl_driver.cpp &&     ar r /libAFL.a *.o
#7 sha256:1110fad3b57553e6265c879fe935dff0bd3f7691d62c6d0131ab2ad4c860a50c
#7 CACHED

#8 exporting to image
#8 sha256:e8c613e07b0b7ff33893b694f7759a10d42e180f2b4dc349fb57dc6b71dcab00
#8 exporting layers done
#8 writing image sha256:00d0b918d1e4fb5625dc00018b154c8a6d9202a7aafe13fa24890a8f47d54624 0.0s done
#8 naming to gcr.io/fuzzbench/builders/afl/ibmswtpm2_fuzzer-intermediate done
#8 DONE 0.6s

#9 exporting cache
#9 sha256:2700d4ef94dee473593c5c614b55b2dedcca7893909811a8f2b48291a1f581e4
#9 preparing build cache for export done
#9 DONE 0.0s
------
 > importing cache manifest from gcr.io/fuzzbench/builders/afl/ibmswtpm2_fuzzer-intermediate:
------
#2 [internal] load .dockerignore
#2 sha256:308d44ff24710e0051e74ab5ec041b80172997ab7583b47f6edab0ddd5641521
#2 transferring context: 34B done
#2 ...

#1 [internal] load build definition from Dockerfile
#1 sha256:25551cd35b3350870f3ef36ca506e84d06ef98b9d78723447c1b3aae57b88b69
#1 transferring dockerfile: 2.00kB done
#1 DONE 0.6s

#2 [internal] load .dockerignore
#2 sha256:308d44ff24710e0051e74ab5ec041b80172997ab7583b47f6edab0ddd5641521
#2 DONE 0.6s

#3 [internal] load metadata for docker.io/library/ubuntu:xenial
#3 sha256:f62bae18ed588840f045c881b2502661f2a89578a2f8f99b83f5200ee83dd25b
#3 DONE 0.0s

#5 [1/7] FROM docker.io/library/ubuntu:xenial
#5 sha256:14dd403f25ae9e519bd44f27dc17af7ce80f5a4f9f48ca88108364e67ec5d360
#5 DONE 0.0s

#4 importing cache manifest from gcr.io/fuzzbench/base-image
#4 sha256:9b220ebb4d4daceed1b96df9b6dca076e762f1cd612574f010b82d5b9e5ad896
#4 DONE 0.0s

#8 [internal] load build context
#8 sha256:fc2e390b2ef354d8b0c9b681d481e46d92f42df30bfa69ad0ae84f65cd93c47f
#8 transferring context: 559B 0.2s done
#8 DONE 0.3s

#6 [2/7] RUN apt-get update -y && apt-get install -y     build-essential     rsync     curl     zlib1g-dev     libncurses5-dev     libgdbm-dev     libnss3-dev     libssl-dev     libreadline-dev     libffi-dev     virtualenv     libbz2-dev     liblzma-dev     libsqlite3-dev
#6 sha256:3a1b0960f17eed529eaae93dc8fd3554f2743dd584d8fa569cdbe6bc734371ac
#6 CACHED

#7 [3/7] RUN cd /tmp/ &&     curl -O https://www.python.org/ftp/python/3.8.6/Python-3.8.6.tar.xz &&     tar -xvf Python-3.8.6.tar.xz &&     cd Python-3.8.6 &&     ./configure --enable-loadable-sqlite-extensions --enable-optimizations &&     make -j install &&     rm -r /tmp/Python-3.8.6.tar.xz /tmp/Python-3.8.6
#7 sha256:c5b9d1fb3371e84dbc60b76e7b2f8d5913bc93bcd4910ab65daa03e7b2ec4bb0
#7 CACHED

#9 [4/7] COPY ./requirements.txt /
#9 sha256:2ef3b057c6d60e104c18ee22f06efe20ccc0230fd6c0268008ae4fe476007d24
#9 CACHED

#10 [5/7] RUN pip3 install -r /requirements.txt
#10 sha256:afe524a5b8215f3855c6b4154f56ce787a94f55b3d1865748ec1f619fedad331
#10 CACHED

#11 [6/7] RUN apt-get update -y && apt-get install -y     apt-transport-https     lsb-release
#11 sha256:a2397dd3e387c7412c350295f372d792d2eb4e971bb4d6dadea6538644e2db0e
#11 CACHED

#12 [7/7] RUN CLOUD_SDK_REPO="cloud-sdk-$(lsb_release -c -s)" &&     echo "deb https://packages.cloud.google.com/apt $CLOUD_SDK_REPO main"     | tee -a /etc/apt/sources.list.d/google-cloud-sdk.list &&     curl https://packages.cloud.google.com/apt/doc/apt-key.gpg     | apt-key add - &&     apt-get update -y &&     apt-get install -y google-cloud-sdk
#12 sha256:f62345265f2089c81f7ba46e1cda3f24ed9d7e6011feb407351fd492da58c07f
#12 CACHED

#13 exporting to image
#13 sha256:e8c613e07b0b7ff33893b694f7759a10d42e180f2b4dc349fb57dc6b71dcab00
#13 exporting layers done
#13 writing image sha256:3e04b5fd0a277df2bc5cd3367dbf9178b152077681f3e4447621291a56e5d56f
#13 writing image sha256:3e04b5fd0a277df2bc5cd3367dbf9178b152077681f3e4447621291a56e5d56f 0.0s done
#13 naming to gcr.io/fuzzbench/base-image done
#13 DONE 0.1s

#14 exporting cache
#14 sha256:2700d4ef94dee473593c5c614b55b2dedcca7893909811a8f2b48291a1f581e4
#14 preparing build cache for export done
#14 DONE 0.0s
#1 [internal] load build definition from Dockerfile
#1 sha256:72e2e309b755321997cdae98acb92d7107afa6af159b55b8cae2d7a0c9cac720
#1 transferring dockerfile: 2.22kB done
#1 DONE 0.1s

#2 [internal] load .dockerignore
#2 sha256:a66ffd546d395556fcd1769e665f1c2f3b5c4de4df2e3e5cdfc1517536009f18
#2 transferring context: 34B done
#2 DONE 0.1s

#3 [internal] load metadata for gcr.io/fuzzbench/base-image:latest
#3 sha256:932022888f650cc455b10eb5123bb08c0cccacac29a693e69314abbfd28a72c3
#3 DONE 0.0s

#4 [internal] load metadata for gcr.io/fuzzbench/builders/afl/ibmswtpm2_fuzzer-intermediate:latest
#4 sha256:4293a8dbd911609ab625347f05750123270feda5ffc97cb959f03886cbee0404
#4 DONE 0.0s

#12 [internal] load build context
#12 sha256:f24ece6a0236a4f3796167f0c0f252f2d8b8846dc66b5bb7036bb4fbc035ab90
#12 DONE 0.0s

#7 [base-image 1/1] FROM gcr.io/fuzzbench/base-image
#7 sha256:4d07825694520f8b6f6a0d8592dbd345433361ae044cb7f06706c5a95e3daaad
#7 DONE 0.0s

#6 [stage-1  1/13] FROM gcr.io/fuzzbench/builders/afl/ibmswtpm2_fuzzer-intermediate
#6 sha256:01b6da94182f8db7af92b42cb177084dcca51d8e770a9fdcfbbdaf3a33bfa0b6
#6 DONE 0.0s

#5 importing cache manifest from gcr.io/fuzzbench/builders/afl/ibmswtpm2_fuzzer
#5 sha256:70ccb2d646b15a9cc05194d6bb3a541ffc7d83886e106ee8fcb6389a55c3d221
#5 ERROR: gcr.io/fuzzbench/builders/afl/ibmswtpm2_fuzzer:latest: not found

#12 [internal] load build context
#12 sha256:f24ece6a0236a4f3796167f0c0f252f2d8b8846dc66b5bb7036bb4fbc035ab90
#12 transferring context: 669.87kB 0.1s done
#12 DONE 0.2s

#10 [stage-1  4/13] COPY --from=base-image /usr/local/include/python3.8 /usr/local/include/python3.8
#10 sha256:75411680ba267fbe55b49ccc52e0afdce6cb7f607b7d33dd19d8deb97f281d32
#10 CACHED

#11 [stage-1  5/13] COPY --from=base-image /usr/local/lib/python3.8/site-packages /usr/local/lib/python3.8/site-packages
#11 sha256:d3a38b36e1b975ac999f680863a278ca6b259d43a5cb576c445f1744fade94e9
#11 CACHED

#13 [stage-1  6/13] COPY fuzzers /src/fuzzers
#13 sha256:8054794f2e3beda0528af0e567db3bc39dd3688106dd15ac2d813cfe87a48438
#13 CACHED

#8 [stage-1  2/13] COPY --from=base-image /usr/local/bin/python3* /usr/local/bin/
#8 sha256:617e7fa1ae62bb981325643e14fc86e17fef325bdfe5e5580bc6da81694bf5d0
#8 CACHED

#9 [stage-1  3/13] COPY --from=base-image /usr/local/lib/python3.8 /usr/local/lib/python3.8
#9 sha256:601734ef2f10760298fd82c798bf4eeda6070767c0db2b36aade156e4c88617a
#9 CACHED

#14 [stage-1  7/13] RUN touch /src/__init__.py
#14 sha256:80554c97b23f948d4abdaa8bcd654262a87506dbdeeeaa3af99934916ca0a184
#14 CACHED

#15 [stage-1  8/13] COPY benchmarks/ibmswtpm2_fuzzer/benchmark.yaml /
#15 sha256:255233bf4d09e29bec50c08df33183f63df85557c66ba77401f077a351a76faa
#15 DONE 0.4s

#16 [stage-1  9/13] RUN mkdir /opt/fuzzbench/
#16 sha256:7d4a4d8a0702d8f6d5fb7ceb879b1a72f418ab0fcf91ff1fd54d5fbfe5f07c2b
#16 DONE 0.8s

#17 [stage-1 10/13] COPY docker/benchmark-builder/checkout_commit.py /opt/fuzzbench/
#17 sha256:015cac20cdc9041520690c4d67b5e5397c7fcba6a90f297025169eb41a4f5e2f
#17 DONE 0.4s

#18 [stage-1 11/13] RUN export CHECKOUT_COMMIT=$(cat /benchmark.yaml | tr -d ' ' | grep 'commit:' | cut -d ':' -f2) &&     python3 -u /opt/fuzzbench/checkout_commit.py $CHECKOUT_COMMIT /src
#18 sha256:f67cafe49d4fb9d014a33a29f72780db72216848799398975a6c2097a8564692
#18 0.564 Checking out commit d561c49a
#18 0.573 error: pathspec 'd561c49a' did not match any file(s) known to git
#18 0.580 error: pathspec 'd561c49a' did not match any file(s) known to git
#18 0.617 Checkout unsuccessful.
#18 DONE 0.8s

#19 [stage-1 12/13] RUN echo "#!/bin/bash\nPYTHONPATH=/src python3 -u -c "from fuzzers import utils; utils.initialize_env(); from fuzzers.afl import fuzzer; fuzzer.build()"" > /usr/bin/fuzzer_build &&     chmod +x /usr/bin/fuzzer_build
#19 sha256:3287b7baaf17f7b91bc9f8c1dedb864a44e8b9e47117634a8e50a853f1d71bbc
#19 DONE 0.9s

#20 [stage-1 13/13] RUN echo "Run fuzzer_build to build the target" && if [ -z "$debug_builder" ] ; then fuzzer_build; fi
#20 sha256:ed2a4bfc6ecc749d11f22d1fbf382abf705f71186fac6cc5ae63d2e6dd8de3c9
#20 0.594 Run fuzzer_build to build the target
#20 0.722 FUZZ_TARGET = fuzzer
#20 0.722 CFLAGS = -DFUZZING_BUILD_MODE_UNSAFE_FOR_PRODUCTION -pthread -Wl,--no-as-needed -Wl,-ldl -Wl,-lm -Wno-unused-command-line-argument -O3
#20 0.722 CXXFLAGS = -DFUZZING_BUILD_MODE_UNSAFE_FOR_PRODUCTION -pthread -Wl,--no-as-needed -Wl,-ldl -Wl,-lm -Wno-unused-command-line-argument -stdlib=libc++ -O3
#20 0.732 Building benchmark ibmswtpm2_fuzzer with fuzzer afl
#20 0.736 ++ nproc
#20 0.737 + make -j8 fuzz_tpm_server
#20 0.757 clang -DFUZZING_BUILD_MODE_UNSAFE_FOR_PRODUCTION -pthread -Wl,--no-as-needed -Wl,-ldl -Wl,-lm -Wno-unused-command-line-argument -O3 -fsanitize-coverage=trace-pc-guard -Wall -Wmissing-declarations -Wmissing-prototypes -Wnested-externs -Wsign-compare -c -ggdb -O0 -DTPM_POSIX -DIS_POSIX -DTPM_NUVOTON -I../utils -I. -DFUZZING_BUILD_MODE_UNSAFE_FOR_PRODUCTION -DUSE_BIT_FIELD_STRUCTURES=NO AlgorithmCap.c -o AlgorithmCap.o
#20 0.758 clang -DFUZZING_BUILD_MODE_UNSAFE_FOR_PRODUCTION -pthread -Wl,--no-as-needed -Wl,-ldl -Wl,-lm -Wno-unused-command-line-argument -O3 -fsanitize-coverage=trace-pc-guard -Wall -Wmissing-declarations -Wmissing-prototypes -Wnested-externs -Wsign-compare -c -ggdb -O0 -DTPM_POSIX -DIS_POSIX -DTPM_NUVOTON -I../utils -I. -DFUZZING_BUILD_MODE_UNSAFE_FOR_PRODUCTION -DUSE_BIT_FIELD_STRUCTURES=NO AlgorithmTests.c -o AlgorithmTests.o
#20 0.758 clang -DFUZZING_BUILD_MODE_UNSAFE_FOR_PRODUCTION -pthread -Wl,--no-as-needed -Wl,-ldl -Wl,-lm -Wno-unused-command-line-argument -O3 -fsanitize-coverage=trace-pc-guard -Wall -Wmissing-declarations -Wmissing-prototypes -Wnested-externs -Wsign-compare -c -ggdb -O0 -DTPM_POSIX -DIS_POSIX -DTPM_NUVOTON -I../utils -I. -DFUZZING_BUILD_MODE_UNSAFE_FOR_PRODUCTION -DUSE_BIT_FIELD_STRUCTURES=NO AsymmetricCommands.c -o AsymmetricCommands.o
#20 0.759 clang -DFUZZING_BUILD_MODE_UNSAFE_FOR_PRODUCTION -pthread -Wl,--no-as-needed -Wl,-ldl -Wl,-lm -Wno-unused-command-line-argument -O3 -fsanitize-coverage=trace-pc-guard -Wall -Wmissing-declarations -Wmissing-prototypes -Wnested-externs -Wsign-compare -c -ggdb -O0 -DTPM_POSIX -DIS_POSIX -DTPM_NUVOTON -I../utils -I. -DFUZZING_BUILD_MODE_UNSAFE_FOR_PRODUCTION -DUSE_BIT_FIELD_STRUCTURES=NO Attest_spt.c -o Attest_spt.o
#20 0.760 clang -DFUZZING_BUILD_MODE_UNSAFE_FOR_PRODUCTION -pthread -Wl,--no-as-needed -Wl,-ldl -Wl,-lm -Wno-unused-command-line-argument -O3 -fsanitize-coverage=trace-pc-guard -Wall -Wmissing-declarations -Wmissing-prototypes -Wnested-externs -Wsign-compare -c -ggdb -O0 -DTPM_POSIX -DIS_POSIX -DTPM_NUVOTON -I../utils -I. -DFUZZING_BUILD_MODE_UNSAFE_FOR_PRODUCTION -DUSE_BIT_FIELD_STRUCTURES=NO AttestationCommands.c -o AttestationCommands.o
#20 0.760 clang -DFUZZING_BUILD_MODE_UNSAFE_FOR_PRODUCTION -pthread -Wl,--no-as-needed -Wl,-ldl -Wl,-lm -Wno-unused-command-line-argument -O3 -fsanitize-coverage=trace-pc-guard -Wall -Wmissing-declarations -Wmissing-prototypes -Wnested-externs -Wsign-compare -c -ggdb -O0 -DTPM_POSIX -DIS_POSIX -DTPM_NUVOTON -I../utils -I. -DFUZZING_BUILD_MODE_UNSAFE_FOR_PRODUCTION -DUSE_BIT_FIELD_STRUCTURES=NO AuditCommands.c -o AuditCommands.o
#20 0.761 clang -DFUZZING_BUILD_MODE_UNSAFE_FOR_PRODUCTION -pthread -Wl,--no-as-needed -Wl,-ldl -Wl,-lm -Wno-unused-command-line-argument -O3 -fsanitize-coverage=trace-pc-guard -Wall -Wmissing-declarations -Wmissing-prototypes -Wnested-externs -Wsign-compare -c -ggdb -O0 -DTPM_POSIX -DIS_POSIX -DTPM_NUVOTON -I../utils -I. -DFUZZING_BUILD_MODE_UNSAFE_FOR_PRODUCTION -DUSE_BIT_FIELD_STRUCTURES=NO Bits.c -o Bits.o
#20 0.761 clang -DFUZZING_BUILD_MODE_UNSAFE_FOR_PRODUCTION -pthread -Wl,--no-as-needed -Wl,-ldl -Wl,-lm -Wno-unused-command-line-argument -O3 -fsanitize-coverage=trace-pc-guard -Wall -Wmissing-declarations -Wmissing-prototypes -Wnested-externs -Wsign-compare -c -ggdb -O0 -DTPM_POSIX -DIS_POSIX -DTPM_NUVOTON -I../utils -I. -DFUZZING_BUILD_MODE_UNSAFE_FOR_PRODUCTION -DUSE_BIT_FIELD_STRUCTURES=NO BnConvert.c -o BnConvert.o
#20 1.110 In file included from In file included from AlgorithmTests.c:66:
#20 1.110 In file included from ./Tpm.h:71:
#20 1.110 In file included from ./Global.h:84:
#20 1.110 ./CryptHash.h:129:5: warning: macro expansion producing 'defined' has undefined behavior [-Wexpansion-to-defined]
#20 1.111 #if SMAC_IMPLEMENTED
#20 1.111     ^
#20 1.111 ./CryptHash.h:93:27: note: expanded from macro 'SMAC_IMPLEMENTED'
#20 1.111 #define SMAC_IMPLEMENTED (defined TPM_CC_MAC || defined TPM_CC_MAC_Start)
#20 1.111                           ^
#20 1.111 ./CryptHash.h:129:5: warning: macro expansion producing 'defined' has undefined behavior [-Wexpansion-to-defined]
#20 1.111 ./CryptHash.h:93:49: note: expanded from macro 'SMAC_IMPLEMENTED'
#20 1.111 #define SMAC_IMPLEMENTED (defined TPM_CC_MAC || defined TPM_CC_MAC_Start)
#20 1.112                                                 ^
#20 1.113 AsymmetricCommands.c:62:
#20 1.114 In file included from ./Tpm.h:71:
#20 1.115 In file included from ./Global.h:84:
#20 1.116 In file included from In file included from AlgorithmCap.c:67:
#20 1.116 In file included from ./Tpm.h:71:
#20 1.116 In file included from ./Global.h:84:
#20 1.116 ./CryptHash.h:129:5: warning: macro expansion producing 'defined' has undefined behavior [-Wexpansion-to-defined]
#20 1.116 In file included from AttestationCommands.c:Attest_spt.c:62:
#20 1.116 In file included from #if SMAC_IMPLEMENTED./Tpm.h:
#20 1.116 71    ^:
#20 1.116 
#20 1.116 In file included from ./Global.h:84:
#20 1.116 ./CryptHash.h./CryptHash.h::12993::527::  warning: note: macro expansion producing 'defined' has undefined behavior [-Wexpansion-to-defined]expanded from macro 'SMAC_IMPLEMENTED'
#20 1.116 
#20 1.116 62#define SMAC_IMPLEMENTED (defined TPM_CC_MAC || defined TPM_CC_MAC_Start)
#20 1.116                           ^
#20 1.116 #if SMAC_IMPLEMENTED
#20 1.116     ^./CryptHash.h
#20 1.116 :129:5./CryptHash.h:: 93warning: :macro expansion producing 'defined' has undefined behavior [-Wexpansion-to-defined]27
#20 1.116 : note: ./CryptHash.hexpanded from macro 'SMAC_IMPLEMENTED':
#20 1.116 93:49: note: expanded from macro 'SMAC_IMPLEMENTED'
#20 1.116 :
#20 1.116 #define SMAC_IMPLEMENTED (defined TPM_CC_MAC || defined TPM_CC_MAC_Start)In file included from #define SMAC_IMPLEMENTED (defined TPM_CC_MAC || defined TPM_CC_MAC_Start)
#20 1.116 ./Tpm.h:71                          ^:
#20 1.116 
#20 1.116 In file included from ./Global.h:84:
#20 1.116 ./CryptHash.h:./CryptHash.h129::5129:: 5warning: :macro expansion producing 'defined' has undefined behavior [-Wexpansion-to-defined] 
#20 1.116 warning: macro expansion producing 'defined' has undefined behavior [-Wexpansion-to-defined]
#20 1.117 ./CryptHash.h
#20 1.117 #if SMAC_IMPLEMENTED
#20 1.117     ^
#20 1.117 ./CryptHash.h:93::9327:: 49note: :expanded from macro 'SMAC_IMPLEMENTED' 
#20 1.117 note: expanded from macro 'SMAC_IMPLEMENTED'
#20 1.117                                                 ^#define SMAC_IMPLEMENTED (defined TPM_CC_MAC || defined TPM_CC_MAC_Start)#define SMAC_IMPLEMENTED (defined TPM_CC_MAC || defined TPM_CC_MAC_Start)
#20 1.117 
#20 1.117 
#20 1.117                                                 ^
#20 1.117                           ^
#20 1.117 ./CryptHash.h:129:5: warning: macro expansion producing 'defined' has undefined behavior [-Wexpansion-to-defined]
#20 1.117 ./CryptHash.h:93:49: note: expanded from macro 'SMAC_IMPLEMENTED'
#20 1.117 #define SMAC_IMPLEMENTED (defined TPM_CC_MAC || defined TPM_CC_MAC_Start)
#20 1.117                                                 ^
#20 1.118 ./CryptHash.h:129:5: warning: macro expansion producing 'defined' has undefined behavior [-Wexpansion-to-defined]
#20 1.121 In file included from Bits.c:69:
#20 1.121 In file included from ./Tpm.h:71:
#20 1.121 In file included from ./Global.hIn file included from AuditCommands.c:84:
#20 1.121 ./CryptHash.h:129:5: warning: macro expansion producing 'defined' has undefined behavior [-Wexpansion-to-defined]
#20 1.121 :#if SMAC_IMPLEMENTED
#20 1.121     ^
#20 1.121 ./CryptHash.h62:
#20 1.121 In file included from ./Tpm.h:71:
#20 1.121 In file included from ./Global.h:84:
#20 1.121 ./CryptHash.h:129:5: warning: macro expansion producing 'defined' has undefined behavior [-Wexpansion-to-defined]
#20 1.121 :#if SMAC_IMPLEMENTED93:27: note: expanded from macro 'SMAC_IMPLEMENTED'
#20 1.121 
#20 1.121 #define SMAC_IMPLEMENTED (defined TPM_CC_MAC || defined TPM_CC_MAC_Start)    ^
#20 1.121 ./CryptHash.h:93:27: note: expanded from macro 'SMAC_IMPLEMENTED'
#20 1.121 #define SMAC_IMPLEMENTED (defined TPM_CC_MAC || defined TPM_CC_MAC_Start)
#20 1.121 
#20 1.121                           ^                          ^
#20 1.121 ./CryptHash.h:
#20 1.121 ./CryptHash.h:129:5: warning: macro expansion producing 'defined' has undefined behavior [-Wexpansion-to-defined]
#20 1.121 ./CryptHash.h:129:5: warning: macro expansion producing 'defined' has undefined behavior [-Wexpansion-to-defined]
#20 1.121 ./CryptHash.h:93:49: note: expanded from macro 'SMAC_IMPLEMENTED'
#20 1.121 93#define SMAC_IMPLEMENTED (defined TPM_CC_MAC || defined TPM_CC_MAC_Start)
#20 1.121 :49: note: expanded from macro 'SMAC_IMPLEMENTED'
#20 1.121                                                 ^#define SMAC_IMPLEMENTED (defined TPM_CC_MAC || defined TPM_CC_MAC_Start)
#20 1.122 
#20 1.122                                                 ^
#20 1.123 #if SMAC_IMPLEMENTED
#20 1.123     ^
#20 1.123 ./CryptHash.h:93:27: note: expanded from macro 'SMAC_IMPLEMENTED'
#20 1.124 #define SMAC_IMPLEMENTED (defined TPM_CC_MAC || defined TPM_CC_MAC_Start)
#20 1.124                           ^
#20 1.124 ./CryptHash.h:129:5: warning: macro expansion producing 'defined' has undefined behavior [-Wexpansion-to-defined]
#20 1.124 ./CryptHash.h:93:49: note: expanded from macro 'SMAC_IMPLEMENTED'
#20 1.124 #define SMAC_IMPLEMENTED (defined TPM_CC_MAC || defined TPM_CC_MAC_Start)
#20 1.124                                                 ^
#20 1.128 In file included from BnConvert.c:67:
#20 1.129 In file included from ./Tpm.h:71:
#20 1.130 In file included from ./Global.h:84:
#20 1.131 ./CryptHash.h:129:5: warning: macro expansion producing 'defined' has undefined behavior [-Wexpansion-to-defined]
#20 1.131 #if SMAC_IMPLEMENTED
#20 1.132     ^
#20 1.132 ./CryptHash.h:93:27: note: expanded from macro 'SMAC_IMPLEMENTED'
#20 1.132 #define SMAC_IMPLEMENTED (defined TPM_CC_MAC || defined TPM_CC_MAC_Start)
#20 1.133                           ^
#20 1.133 ./CryptHash.h:129:5: warning: macro expansion producing 'defined' has undefined behavior [-Wexpansion-to-defined]
#20 1.136 ./CryptHash.h:93:49: note: expanded from macro 'SMAC_IMPLEMENTED'
#20 1.139 #define SMAC_IMPLEMENTED (defined TPM_CC_MAC || defined TPM_CC_MAC_Start)
#20 1.139                                                 ^
#20 1.314 2 warnings generated.
#20 1.316 2 warnings generated.
#20 1.318 clang -DFUZZING_BUILD_MODE_UNSAFE_FOR_PRODUCTION -pthread -Wl,--no-as-needed -Wl,-ldl -Wl,-lm -Wno-unused-command-line-argument -O3 -fsanitize-coverage=trace-pc-guard -Wall -Wmissing-declarations -Wmissing-prototypes -Wnested-externs -Wsign-compare -c -ggdb -O0 -DTPM_POSIX -DIS_POSIX -DTPM_NUVOTON -I../utils -I. -DFUZZING_BUILD_MODE_UNSAFE_FOR_PRODUCTION -DUSE_BIT_FIELD_STRUCTURES=NO BnEccData.c -o BnEccData.o
#20 1.320 clang -DFUZZING_BUILD_MODE_UNSAFE_FOR_PRODUCTION -pthread -Wl,--no-as-needed -Wl,-ldl -Wl,-lm -Wno-unused-command-line-argument -O3 -fsanitize-coverage=trace-pc-guard -Wall -Wmissing-declarations -Wmissing-prototypes -Wnested-externs -Wsign-compare -c -ggdb -O0 -DTPM_POSIX -DIS_POSIX -DTPM_NUVOTON -I../utils -I. -DFUZZING_BUILD_MODE_UNSAFE_FOR_PRODUCTION -DUSE_BIT_FIELD_STRUCTURES=NO BnMath.c -o BnMath.o
#20 1.420 2 warnings generated.
#20 1.425 clang -DFUZZING_BUILD_MODE_UNSAFE_FOR_PRODUCTION -pthread -Wl,--no-as-needed -Wl,-ldl -Wl,-lm -Wno-unused-command-line-argument -O3 -fsanitize-coverage=trace-pc-guard -Wall -Wmissing-declarations -Wmissing-prototypes -Wnested-externs -Wsign-compare -c -ggdb -O0 -DTPM_POSIX -DIS_POSIX -DTPM_NUVOTON -I../utils -I. -DFUZZING_BUILD_MODE_UNSAFE_FOR_PRODUCTION -DUSE_BIT_FIELD_STRUCTURES=NO BnMemory.c -o BnMemory.o
#20 1.506 2 warnings generated.
#20 1.511 clang -DFUZZING_BUILD_MODE_UNSAFE_FOR_PRODUCTION -pthread -Wl,--no-as-needed -Wl,-ldl -Wl,-lm -Wno-unused-command-line-argument -O3 -fsanitize-coverage=trace-pc-guard -Wall -Wmissing-declarations -Wmissing-prototypes -Wnested-externs -Wsign-compare -c -ggdb -O0 -DTPM_POSIX -DIS_POSIX -DTPM_NUVOTON -I../utils -I. -DFUZZING_BUILD_MODE_UNSAFE_FOR_PRODUCTION -DUSE_BIT_FIELD_STRUCTURES=NO Cancel.c -o Cancel.o
#20 1.517 2 warnings generated.
#20 1.521 clang -DFUZZING_BUILD_MODE_UNSAFE_FOR_PRODUCTION -pthread -Wl,--no-as-needed -Wl,-ldl -Wl,-lm -Wno-unused-command-line-argument -O3 -fsanitize-coverage=trace-pc-guard -Wall -Wmissing-declarations -Wmissing-prototypes -Wnested-externs -Wsign-compare -c -ggdb -O0 -DTPM_POSIX -DIS_POSIX -DTPM_NUVOTON -I../utils -I. -DFUZZING_BUILD_MODE_UNSAFE_FOR_PRODUCTION -DUSE_BIT_FIELD_STRUCTURES=NO CapabilityCommands.c -o CapabilityCommands.o
#20 1.595 2 warnings generated.
#20 1.597 clang -DFUZZING_BUILD_MODE_UNSAFE_FOR_PRODUCTION -pthread -Wl,--no-as-needed -Wl,-ldl -Wl,-lm -Wno-unused-command-line-argument -O3 -fsanitize-coverage=trace-pc-guard -Wall -Wmissing-declarations -Wmissing-prototypes -Wnested-externs -Wsign-compare -c -ggdb -O0 -DTPM_POSIX -DIS_POSIX -DTPM_NUVOTON -I../utils -I. -DFUZZING_BUILD_MODE_UNSAFE_FOR_PRODUCTION -DUSE_BIT_FIELD_STRUCTURES=NO Clock.c -o Clock.o
#20 1.613 clang -DFUZZING_BUILD_MODE_UNSAFE_FOR_PRODUCTION -pthread -Wl,--no-as-needed -Wl,-ldl -Wl,-lm -Wno-unused-command-line-argument -O3 -fsanitize-coverage=trace-pc-guard -Wall -Wmissing-declarations -Wmissing-prototypes -Wnested-externs -Wsign-compare -c -ggdb -O0 -DTPM_POSIX -DIS_POSIX -DTPM_NUVOTON -I../utils -I. -DFUZZING_BUILD_MODE_UNSAFE_FOR_PRODUCTION -DUSE_BIT_FIELD_STRUCTURES=NO ClockCommands.c -o ClockCommands.o
#20 1.667 clang -DFUZZING_BUILD_MODE_UNSAFE_FOR_PRODUCTION -pthread -Wl,--no-as-needed -Wl,-ldl -Wl,-lm -Wno-unused-command-line-argument -O3 -fsanitize-coverage=trace-pc-guard -Wall -Wmissing-declarations -Wmissing-prototypes -Wnested-externs -Wsign-compare -c -ggdb -O0 -DTPM_POSIX -DIS_POSIX -DTPM_NUVOTON -I../utils -I. -DFUZZING_BUILD_MODE_UNSAFE_FOR_PRODUCTION -DUSE_BIT_FIELD_STRUCTURES=NO CommandAudit.c -o CommandAudit.o
#20 1.667 2 warnings generated.
#20 1.673 clang -DFUZZING_BUILD_MODE_UNSAFE_FOR_PRODUCTION -pthread -Wl,--no-as-needed -Wl,-ldl -Wl,-lm -Wno-unused-command-line-argument -O3 -fsanitize-coverage=trace-pc-guard -Wall -Wmissing-declarations -Wmissing-prototypes -Wnested-externs -Wsign-compare -c -ggdb -O0 -DTPM_POSIX -DIS_POSIX -DTPM_NUVOTON -I../utils -I. -DFUZZING_BUILD_MODE_UNSAFE_FOR_PRODUCTION -DUSE_BIT_FIELD_STRUCTURES=NO CommandCodeAttributes.c -o CommandCodeAttributes.o
#20 1.725 2 warnings generated.
#20 1.731 clang -DFUZZING_BUILD_MODE_UNSAFE_FOR_PRODUCTION -pthread -Wl,--no-as-needed -Wl,-ldl -Wl,-lm -Wno-unused-command-line-argument -O3 -fsanitize-coverage=trace-pc-guard -Wall -Wmissing-declarations -Wmissing-prototypes -Wnested-externs -Wsign-compare -c -ggdb -O0 -DTPM_POSIX -DIS_POSIX -DTPM_NUVOTON -I../utils -I. -DFUZZING_BUILD_MODE_UNSAFE_FOR_PRODUCTION -DUSE_BIT_FIELD_STRUCTURES=NO CommandDispatcher.c -o CommandDispatcher.o
#20 1.901 In file included from BnMemory.c:66:
#20 1.901 In file included from ./Tpm.h:71:
#20 1.901 In file included from ./Global.h:84:
#20 1.901 ./CryptHash.h:129:5: warning: macro expansion producing 'defined' has undefined behavior [-Wexpansion-to-defined]
#20 1.902 #if SMAC_IMPLEMENTED
#20 1.902     ^
#20 1.902 ./CryptHash.h:93:27: note: expanded from macro 'SMAC_IMPLEMENTED'
#20 1.902 #define SMAC_IMPLEMENTED (defined TPM_CC_MAC || defined TPM_CC_MAC_Start)
#20 1.902                           ^
#20 1.902 ./CryptHash.h:129:5: warning: macro expansion producing 'defined' has undefined behavior [-Wexpansion-to-defined]
#20 1.903 ./CryptHash.h:93:49: In file included from note: BnEccData.c:63:
#20 1.903 In file included from ./Tpm.h:71:
#20 1.903 In file included from ./Global.h:84:
#20 1.903 ./CryptHash.h:129:5: warning: macro expansion producing 'defined' has undefined behavior [-Wexpansion-to-defined]
#20 1.903 expanded from macro 'SMAC_IMPLEMENTED'#if SMAC_IMPLEMENTED
#20 1.903 
#20 1.903     ^#define SMAC_IMPLEMENTED (defined TPM_CC_MAC || defined TPM_CC_MAC_Start)
#20 1.903                                                 ^
#20 1.903 
#20 1.903 In file included from CapabilityCommands.c./CryptHash.h:93:27: note: expanded from macro 'SMAC_IMPLEMENTED'
#20 1.903 :#define SMAC_IMPLEMENTED (defined TPM_CC_MAC || defined TPM_CC_MAC_Start)
#20 1.903                           ^
#20 1.903 ./CryptHash.h62:129:
#20 1.903 In file included from ./Tpm.h:71:
#20 1.903 In file included from ./Global.h:84:
#20 1.903 ./CryptHash.h:129:5: warning: macro expansion producing 'defined' has undefined behavior [-Wexpansion-to-defined]
#20 1.903 :#if SMAC_IMPLEMENTED
#20 1.903     ^
#20 1.903 ./CryptHash.h:5: warning: macro expansion producing 'defined' has undefined behavior [-Wexpansion-to-defined]
#20 1.903 ./CryptHash.h:93:27: note: expanded from macro 'SMAC_IMPLEMENTED'
#20 1.903 93#define SMAC_IMPLEMENTED (defined TPM_CC_MAC || defined TPM_CC_MAC_Start)
#20 1.903                           ^
#20 1.903 ./CryptHash.h::12949: note: expanded from macro 'SMAC_IMPLEMENTED'
#20 1.904 :#define SMAC_IMPLEMENTED (defined TPM_CC_MAC || defined TPM_CC_MAC_Start)
#20 1.904                                                 ^
#20 1.904 5: warning: macro expansion producing 'defined' has undefined behavior [-Wexpansion-to-defined]
#20 1.904 ./CryptHash.h:93:49: note: expanded from macro 'SMAC_IMPLEMENTED'
#20 1.904 #define SMAC_IMPLEMENTED (defined TPM_CC_MAC || defined TPM_CC_MAC_Start)
#20 1.904 In file included from BnMath.c:64:
#20 1.904 In file included from ./Tpm.h:71:
#20 1.904 In file included from ./Global.h:84:
#20 1.904 ./CryptHash.h:129:5: warning: macro expansion producing 'defined' has undefined behavior [-Wexpansion-to-defined]
#20 1.906                                                 ^#if SMAC_IMPLEMENTED
#20 1.906     ^
#20 1.906 ./CryptHash.h
#20 1.906 :93:27: note: expanded from macro 'SMAC_IMPLEMENTED'
#20 1.906 #define SMAC_IMPLEMENTED (defined TPM_CC_MAC || defined TPM_CC_MAC_Start)
#20 1.906                           ^
#20 1.906 ./CryptHash.h:129:5: warning: macro expansion producing 'defined' has undefined behavior [-Wexpansion-to-defined]
#20 1.906 ./CryptHash.h:93:49: note: expanded from macro 'SMAC_IMPLEMENTED'
#20 1.906 #define SMAC_IMPLEMENTED (defined TPM_CC_MAC || defined TPM_CC_MAC_Start)
#20 1.906                                                 ^
#20 1.965 In file included from ClockCommands.c:62:
#20 1.965 In file included from ./Tpm.h:71:
#20 1.966 In file included from ./Global.h:84:
#20 1.966 ./CryptHash.h:129:5: warning: macro expansion producing 'defined' has undefined behavior [-Wexpansion-to-defined]
#20 1.966 #if SMAC_IMPLEMENTED
#20 1.966     ^
#20 1.966 ./CryptHash.h:93:27: note: expanded from macro 'SMAC_IMPLEMENTED'
#20 1.967 #define SMAC_IMPLEMENTED (defined TPM_CC_MAC || defined TPM_CC_MAC_Start)
#20 1.967                           ^
#20 1.967 ./CryptHash.h:129:5: warning: macro expansion producing 'defined' has undefined behavior [-Wexpansion-to-defined]
#20 1.967 ./CryptHash.h:93:49: note: expanded from macro 'SMAC_IMPLEMENTED'
#20 1.967 #define SMAC_IMPLEMENTED (defined TPM_CC_MAC || defined TPM_CC_MAC_Start)
#20 1.968                                                 ^
#20 2.018 In file included from CommandAudit.c:66:
#20 2.018 In file included from ./Tpm.h:71:
#20 2.018 In file included from ./Global.h:84:
#20 2.019 ./CryptHash.h:129:5: warning: macro expansion producing 'defined' has undefined behavior [-Wexpansion-to-defined]
#20 2.019 #if SMAC_IMPLEMENTED
#20 2.019     ^
#20 2.019 ./CryptHash.h:93:27: note: expanded from macro 'SMAC_IMPLEMENTED'
#20 2.019 #define SMAC_IMPLEMENTED (defined TPM_CC_MAC || defined TPM_CC_MAC_Start)
#20 2.019                           ^
#20 2.020 ./CryptHash.h:129:5: warning: macro expansion producing 'defined' has undefined behavior [-Wexpansion-to-defined]
#20 2.020 ./CryptHash.h:93:49: note: expanded from macro 'SMAC_IMPLEMENTED'
#20 2.020 #define SMAC_IMPLEMENTED (defined TPM_CC_MAC || defined TPM_CC_MAC_Start)
#20 2.020                                                 ^
#20 2.033 In file included from CommandCodeAttributes.c:66:
#20 2.034 In file included from ./Tpm.h:71:
#20 2.034 In file included from ./Global.h:84:
#20 2.034 ./CryptHash.h:129:5: warning: macro expansion producing 'defined' has undefined behavior [-Wexpansion-to-defined]
#20 2.034 #if SMAC_IMPLEMENTED
#20 2.034     ^
#20 2.034 ./CryptHash.h:93:27: note: expanded from macro 'SMAC_IMPLEMENTED'
#20 2.034 #define SMAC_IMPLEMENTED (defined TPM_CC_MAC || defined TPM_CC_MAC_Start)
#20 2.034                           ^
#20 2.034 ./CryptHash.h:129:5: warning: macro expansion producing 'defined' has undefined behavior [-Wexpansion-to-defined]
#20 2.034 ./CryptHash.h:93:49: note: expanded from macro 'SMAC_IMPLEMENTED'
#20 2.034 #define SMAC_IMPLEMENTED (defined TPM_CC_MAC || defined TPM_CC_MAC_Start)
#20 2.035                                                 ^
#20 2.095 2 warnings generated.
#20 2.096 In file included from CommandDispatcher.c:78:
#20 2.096 In file included from ./Tpm.h:71:
#20 2.096 In file included from ./Global.h:84:
#20 2.096 ./CryptHash.h:129:5: warning: macro expansion producing 'defined' has undefined behavior [-Wexpansion-to-defined]
#20 2.096 #if SMAC_IMPLEMENTED
#20 2.097     ^
#20 2.097 ./CryptHash.h:93:27: note: expanded from macro 'SMAC_IMPLEMENTED'
#20 2.097 #define SMAC_IMPLEMENTED (defined TPM_CC_MAC || defined TPM_CC_MAC_Start)
#20 2.097                           ^
#20 2.097 ./CryptHash.h:129:5: warning: macro expansion producing 'defined' has undefined behavior [-Wexpansion-to-defined]
#20 2.098 ./CryptHash.h:93:49: note: expanded from macro 'SMAC_IMPLEMENTED'
#20 2.098 #define SMAC_IMPLEMENTED (defined TPM_CC_MAC || defined TPM_CC_MAC_Start)
#20 2.099                                                 ^
#20 2.099 2 warnings generated.
#20 2.101 clang -DFUZZING_BUILD_MODE_UNSAFE_FOR_PRODUCTION -pthread -Wl,--no-as-needed -Wl,-ldl -Wl,-lm -Wno-unused-command-line-argument -O3 -fsanitize-coverage=trace-pc-guard -Wall -Wmissing-declarations -Wmissing-prototypes -Wnested-externs -Wsign-compare -c -ggdb -O0 -DTPM_POSIX -DIS_POSIX -DTPM_NUVOTON -I../utils -I. -DFUZZING_BUILD_MODE_UNSAFE_FOR_PRODUCTION -DUSE_BIT_FIELD_STRUCTURES=NO ContextCommands.c -o ContextCommands.o
#20 2.105 clang -DFUZZING_BUILD_MODE_UNSAFE_FOR_PRODUCTION -pthread -Wl,--no-as-needed -Wl,-ldl -Wl,-lm -Wno-unused-command-line-argument -O3 -fsanitize-coverage=trace-pc-guard -Wall -Wmissing-declarations -Wmissing-prototypes -Wnested-externs -Wsign-compare -c -ggdb -O0 -DTPM_POSIX -DIS_POSIX -DTPM_NUVOTON -I../utils -I. -DFUZZING_BUILD_MODE_UNSAFE_FOR_PRODUCTION -DUSE_BIT_FIELD_STRUCTURES=NO Context_spt.c -o Context_spt.o
#20 2.109 2 warnings generated.
#20 2.115 clang -DFUZZING_BUILD_MODE_UNSAFE_FOR_PRODUCTION -pthread -Wl,--no-as-needed -Wl,-ldl -Wl,-lm -Wno-unused-command-line-argument -O3 -fsanitize-coverage=trace-pc-guard -Wall -Wmissing-declarations -Wmissing-prototypes -Wnested-externs -Wsign-compare -c -ggdb -O0 -DTPM_POSIX -DIS_POSIX -DTPM_NUVOTON -I../utils -I. -DFUZZING_BUILD_MODE_UNSAFE_FOR_PRODUCTION -DUSE_BIT_FIELD_STRUCTURES=NO CryptDes.c -o CryptDes.o
#20 2.153 2 warnings generated.
#20 2.160 clang -DFUZZING_BUILD_MODE_UNSAFE_FOR_PRODUCTION -pthread -Wl,--no-as-needed -Wl,-ldl -Wl,-lm -Wno-unused-command-line-argument -O3 -fsanitize-coverage=trace-pc-guard -Wall -Wmissing-declarations -Wmissing-prototypes -Wnested-externs -Wsign-compare -c -ggdb -O0 -DTPM_POSIX -DIS_POSIX -DTPM_NUVOTON -I../utils -I. -DFUZZING_BUILD_MODE_UNSAFE_FOR_PRODUCTION -DUSE_BIT_FIELD_STRUCTURES=NO CryptCmac.c -o CryptCmac.o
#20 2.212 2 warnings generated.
#20 2.218 clang -DFUZZING_BUILD_MODE_UNSAFE_FOR_PRODUCTION -pthread -Wl,--no-as-needed -Wl,-ldl -Wl,-lm -Wno-unused-command-line-argument -O3 -fsanitize-coverage=trace-pc-guard -Wall -Wmissing-declarations -Wmissing-prototypes -Wnested-externs -Wsign-compare -c -ggdb -O0 -DTPM_POSIX -DIS_POSIX -DTPM_NUVOTON -I../utils -I. -DFUZZING_BUILD_MODE_UNSAFE_FOR_PRODUCTION -DUSE_BIT_FIELD_STRUCTURES=NO CryptEccKeyExchange.c -o CryptEccKeyExchange.o
#20 2.239 2 warnings generated.
#20 2.246 clang -DFUZZING_BUILD_MODE_UNSAFE_FOR_PRODUCTION -pthread -Wl,--no-as-needed -Wl,-ldl -Wl,-lm -Wno-unused-command-line-argument -O3 -fsanitize-coverage=trace-pc-guard -Wall -Wmissing-declarations -Wmissing-prototypes -Wnested-externs -Wsign-compare -c -ggdb -O0 -DTPM_POSIX -DIS_POSIX -DTPM_NUVOTON -I../utils -I. -DFUZZING_BUILD_MODE_UNSAFE_FOR_PRODUCTION -DUSE_BIT_FIELD_STRUCTURES=NO CryptEccMain.c -o CryptEccMain.o
#20 2.277 2 warnings generated.
#20 2.283 clang -DFUZZING_BUILD_MODE_UNSAFE_FOR_PRODUCTION -pthread -Wl,--no-as-needed -Wl,-ldl -Wl,-lm -Wno-unused-command-line-argument -O3 -fsanitize-coverage=trace-pc-guard -Wall -Wmissing-declarations -Wmissing-prototypes -Wnested-externs -Wsign-compare -c -ggdb -O0 -DTPM_POSIX -DIS_POSIX -DTPM_NUVOTON -I../utils -I. -DFUZZING_BUILD_MODE_UNSAFE_FOR_PRODUCTION -DUSE_BIT_FIELD_STRUCTURES=NO CryptEccSignature.c -o CryptEccSignature.o
#20 2.443 In file included from ContextCommands.c:62:
#20 2.444 In file included from ./Tpm.h:71:
#20 2.444 In file included from ./Global.h:84:
#20 2.444 ./CryptHash.h:129:5: warning: macro expansion producing 'defined' has undefined behavior [-Wexpansion-to-defined]
#20 2.445 #if SMAC_IMPLEMENTED
#20 2.445     ^
#20 2.445 ./CryptHash.h:93:27: note: expanded from macro 'SMAC_IMPLEMENTED'
#20 2.445 #define SMAC_IMPLEMENTED (defined TPM_CC_MAC || defined TPM_CC_MAC_Start)
#20 2.445                           ^
#20 2.446 ./CryptHash.h:129:5: warning: macro expansion producing 'defined' has undefined behavior [-Wexpansion-to-defined]
#20 2.446 ./CryptHash.h:93:49: note: expanded from macro 'SMAC_IMPLEMENTED'
#20 2.447 #define SMAC_IMPLEMENTED (defined TPM_CC_MAC || defined TPM_CC_MAC_Start)
#20 2.447                                                 ^
#20 2.451 In file included from Context_spt.c:63:
#20 2.451 In file included from ./Tpm.h:71:
#20 2.451 In file included from ./Global.h:84:
#20 2.451 ./CryptHash.h:129:5: warning: macro expansion producing 'defined' has undefined behavior [-Wexpansion-to-defined]
#20 2.452 #if SMAC_IMPLEMENTED
#20 2.452     ^
#20 2.452 ./CryptHash.h:93:27: note: expanded from macro 'SMAC_IMPLEMENTED'
#20 2.452 #define SMAC_IMPLEMENTED (defined TPM_CC_MAC || defined TPM_CC_MAC_Start)
#20 2.452                           ^
#20 2.452 ./CryptHash.h:129:5: warning: macro expansion producing 'defined' has undefined behavior [-Wexpansion-to-defined]
#20 2.453 ./CryptHash.h:93:49: note: expanded from macro 'SMAC_IMPLEMENTED'
#20 2.453 #define SMAC_IMPLEMENTED (defined TPM_CC_MAC || defined TPM_CC_MAC_Start)
#20 2.453                                                 ^
#20 2.475 In file included from CryptDes.c:66:
#20 2.475 In file included from ./Tpm.h:71:
#20 2.475 In file included from ./Global.h2 warnings:84:
#20 2.475 ./CryptHash.h:129:5: warning: macro expansion producing 'defined' has undefined behavior [-Wexpansion-to-defined]
#20 2.475  generated#if SMAC_IMPLEMENTED.
#20 2.475 
#20 2.475     ^
#20 2.476 ./CryptHash.h:93:27: note: expanded from macro 'SMAC_IMPLEMENTED'
#20 2.476 #define SMAC_IMPLEMENTED (defined TPM_CC_MAC || defined TPM_CC_MAC_Start)
#20 2.476                           ^
#20 2.476 ./CryptHash.h:129:5: warning: macro expansion producing 'defined' has undefined behavior [-Wexpansion-to-defined]
#20 2.477 ./CryptHash.h:93:49: note: expanded from macro 'SMAC_IMPLEMENTED'
#20 2.477 #define SMAC_IMPLEMENTED (defined TPM_CC_MAC || defined TPM_CC_MAC_Start)
#20 2.477                                                 ^
#20 2.482 clang -DFUZZING_BUILD_MODE_UNSAFE_FOR_PRODUCTION -pthread -Wl,--no-as-needed -Wl,-ldl -Wl,-lm -Wno-unused-command-line-argument -O3 -fsanitize-coverage=trace-pc-guard -Wall -Wmissing-declarations -Wmissing-prototypes -Wnested-externs -Wsign-compare -c -ggdb -O0 -DTPM_POSIX -DIS_POSIX -DTPM_NUVOTON -I../utils -I. -DFUZZING_BUILD_MODE_UNSAFE_FOR_PRODUCTION -DUSE_BIT_FIELD_STRUCTURES=NO CryptHash.c -o CryptHash.o
#20 2.509 In file included from CryptCmac.c:69:
#20 2.509 In file included from ./Tpm.h:71:
#20 2.509 In file included from ./Global.h:84:
#20 2.510 ./CryptHash.h:129:5: warning: macro expansion producing 'defined' has undefined behavior [-Wexpansion-to-defined]
#20 2.510 #if SMAC_IMPLEMENTED
#20 2.510     ^
#20 2.510 ./CryptHash.h:93:27: note: expanded from macro 'SMAC_IMPLEMENTED'
#20 2.511 #define SMAC_IMPLEMENTED (defined TPM_CC_MAC || defined TPM_CC_MAC_Start)
#20 2.511                           ^
#20 2.511 ./CryptHash.h:129:5: warning: macro expansion producing 'defined' has undefined behavior [-Wexpansion-to-defined]
#20 2.511 ./CryptHash.h:93:49: note: expanded from macro 'SMAC_IMPLEMENTED'
#20 2.512 #define SMAC_IMPLEMENTED (defined TPM_CC_MAC || defined TPM_CC_MAC_Start)
#20 2.512                                                 ^
#20 2.563 In file included from CryptEccKeyExchange.c:63:
#20 2.563 In file included from ./Tpm.h:71:
#20 2.563 In file included from ./Global.h:84:
#20 2.563 ./CryptHash.h:129:5: warning: macro expansion producing 'defined' has undefined behavior [-Wexpansion-to-defined]
#20 2.564 #if SMAC_IMPLEMENTED
#20 2.564     ^
#20 2.564 ./CryptHash.h:93:27: note: expanded from macro 'SMAC_IMPLEMENTED'
#20 2.564 #define SMAC_IMPLEMENTED (defined TPM_CC_MAC || defined TPM_CC_MAC_Start)
#20 2.564                           ^
#20 2.564 ./CryptHash.h:129:5: warning: macro expansion producing 'defined' has undefined behavior [-Wexpansion-to-defined]
#20 2.564 ./CryptHash.h:93:49: note: expanded from macro 'SMAC_IMPLEMENTED'
#20 2.565 #define SMAC_IMPLEMENTED (defined TPM_CC_MAC || defined TPM_CC_MAC_Start)
#20 2.565                                                 ^
#20 2.601 In file included from CryptEccMain.c:64:
#20 2.601 In file included from ./Tpm.h:71:
#20 2.601 In file included from ./Global.h:84:
#20 2.602 ./CryptHash.h:129:5: warning: macro expansion producing 'defined' has undefined behavior [-Wexpansion-to-defined]
#20 2.602 #if SMAC_IMPLEMENTED
#20 2.602     ^
#20 2.602 ./CryptHash.h:93:27: note: expanded from macro 'SMAC_IMPLEMENTED'
#20 2.602 #define SMAC_IMPLEMENTED (defined TPM_CC_MAC || defined TPM_CC_MAC_Start)
#20 2.603                           ^
#20 2.603 ./CryptHash.h:129:5: warning: macro expansion producing 'defined' has undefined behavior [-Wexpansion-to-defined]
#20 2.603 ./CryptHash.h:93:49: note: expanded from macro 'SMAC_IMPLEMENTED'
#20 2.603 #define SMAC_IMPLEMENTED (defined TPM_CC_MAC || defined TPM_CC_MAC_Start)
#20 2.603                                                 ^
#20 2.638 In file included from CryptEccSignature.c:64:
#20 2.639 In file included from ./Tpm.h:71:
#20 2.639 In file included from ./Global.h:84:
#20 2.639 ./CryptHash.h:129:5: warning: macro expansion producing 'defined' has undefined behavior [-Wexpansion-to-defined]
#20 2.639 #if SMAC_IMPLEMENTED
#20 2.639     ^
#20 2.639 ./CryptHash.h:93:27: note: expanded from macro 'SMAC_IMPLEMENTED'
#20 2.640 #define SMAC_IMPLEMENTED (defined TPM_CC_MAC || defined TPM_CC_MAC_Start)
#20 2.640                           ^
#20 2.640 ./CryptHash.h:129:5: warning: macro expansion producing 'defined' has undefined behavior [-Wexpansion-to-defined]
#20 2.640 ./CryptHash.h:93:49: note: expanded from macro 'SMAC_IMPLEMENTED'
#20 2.641 #define SMAC_IMPLEMENTED (defined TPM_CC_MAC || defined TPM_CC_MAC_Start)
#20 2.641                                                 ^
#20 2.651 2 warnings generated.
#20 2.657 clang -DFUZZING_BUILD_MODE_UNSAFE_FOR_PRODUCTION -pthread -Wl,--no-as-needed -Wl,-ldl -Wl,-lm -Wno-unused-command-line-argument -O3 -fsanitize-coverage=trace-pc-guard -Wall -Wmissing-declarations -Wmissing-prototypes -Wnested-externs -Wsign-compare -c -ggdb -O0 -DTPM_POSIX -DIS_POSIX -DTPM_NUVOTON -I../utils -I. -DFUZZING_BUILD_MODE_UNSAFE_FOR_PRODUCTION -DUSE_BIT_FIELD_STRUCTURES=NO CryptHashData.c -o CryptHashData.o
#20 2.659 2 warnings generated.
#20 2.665 clang -DFUZZING_BUILD_MODE_UNSAFE_FOR_PRODUCTION -pthread -Wl,--no-as-needed -Wl,-ldl -Wl,-lm -Wno-unused-command-line-argument -O3 -fsanitize-coverage=trace-pc-guard -Wall -Wmissing-declarations -Wmissing-prototypes -Wnested-externs -Wsign-compare -c -ggdb -O0 -DTPM_POSIX -DIS_POSIX -DTPM_NUVOTON -I../utils -I. -DFUZZING_BUILD_MODE_UNSAFE_FOR_PRODUCTION -DUSE_BIT_FIELD_STRUCTURES=NO CryptPrime.c -o CryptPrime.o
#20 2.666 2 warnings generated.
#20 2.673 clang -DFUZZING_BUILD_MODE_UNSAFE_FOR_PRODUCTION -pthread -Wl,--no-as-needed -Wl,-ldl -Wl,-lm -Wno-unused-command-line-argument -O3 -fsanitize-coverage=trace-pc-guard -Wall -Wmissing-declarations -Wmissing-prototypes -Wnested-externs -Wsign-compare -c -ggdb -O0 -DTPM_POSIX -DIS_POSIX -DTPM_NUVOTON -I../utils -I. -DFUZZING_BUILD_MODE_UNSAFE_FOR_PRODUCTION -DUSE_BIT_FIELD_STRUCTURES=NO CryptPrimeSieve.c -o CryptPrimeSieve.o
#20 2.700 2 warnings generated.
#20 2.705 clang -DFUZZING_BUILD_MODE_UNSAFE_FOR_PRODUCTION -pthread -Wl,--no-as-needed -Wl,-ldl -Wl,-lm -Wno-unused-command-line-argument -O3 -fsanitize-coverage=trace-pc-guard -Wall -Wmissing-declarations -Wmissing-prototypes -Wnested-externs -Wsign-compare -c -ggdb -O0 -DTPM_POSIX -DIS_POSIX -DTPM_NUVOTON -I../utils -I. -DFUZZING_BUILD_MODE_UNSAFE_FOR_PRODUCTION -DUSE_BIT_FIELD_STRUCTURES=NO CryptRand.c -o CryptRand.o
#20 2.838 In file included from CryptHash.c:67:
#20 2.838 In file included from ./Tpm.h:71:
#20 2.838 In file included from ./Global.h:84:
#20 2.839 ./CryptHash.h:129:5: warning: macro expansion producing 'defined' has undefined behavior [-Wexpansion-to-defined]
#20 2.839 #if SMAC_IMPLEMENTED
#20 2.839     ^
#20 2.839 ./CryptHash.h:93:27: note: expanded from macro 'SMAC_IMPLEMENTED'
#20 2.840 #define SMAC_IMPLEMENTED (defined TPM_CC_MAC || defined TPM_CC_MAC_Start)
#20 2.840                           ^
#20 2.840 ./CryptHash.h:129:5: warning: macro expansion producing 'defined' has undefined behavior [-Wexpansion-to-defined]
#20 2.840 ./CryptHash.h:93:49: note: expanded from macro 'SMAC_IMPLEMENTED'
#20 2.840 #define SMAC_IMPLEMENTED (defined TPM_CC_MAC || defined TPM_CC_MAC_Start)
#20 2.841                                                 ^
#20 3.010 In file included from CryptHashData.c:In file included from CryptPrime.c:63:
#20 3.011 In file included from ./Tpm.h:71:
#20 3.011 In file included from ./Global.h:84:
#20 3.012 ./CryptHash.h:129:5: warning: macro expansion producing 'defined' has undefined behavior [-Wexpansion-to-defined]
#20 3.012 #if SMAC_IMPLEMENTED
#20 3.012     ^
#20 3.012 ./CryptHash.h:93:27: note: expanded from macro 'SMAC_IMPLEMENTED'
#20 3.013 #define SMAC_IMPLEMENTED (defined TPM_CC_MAC || defined TPM_CC_MAC_Start)
#20 3.013                           ^
#20 3.013 ./CryptHash.h:129:5: warning: macro expansion producing 'defined' has undefined behavior [-Wexpansion-to-defined]
#20 3.014 ./CryptHash.h:9363:
#20 3.014 In file included from ./Tpm.h:71:
#20 3.014 In file included from ./Global.h:84:
#20 3.014 ./CryptHash.h:129:5: warning: macro expansion producing 'defined' has undefined behavior [-Wexpansion-to-defined]
#20 3.015 #if SMAC_IMPLEMENTED
#20 3.015     ^
#20 3.015 ./CryptHash.h:93:27: note: expanded from macro 'SMAC_IMPLEMENTED'
#20 3.015 #define SMAC_IMPLEMENTED (defined TPM_CC_MAC || defined TPM_CC_MAC_Start)
#20 3.015                           ^
#20 3.015 ./CryptHash.h:129:5: warning: macro expansion producing 'defined' has undefined behavior [-Wexpansion-to-defined]
#20 3.016 ./CryptHash.h:93:49: note: expanded from macro 'SMAC_IMPLEMENTED'
#20 3.016 #define SMAC_IMPLEMENTED (defined TPM_CC_MAC || defined TPM_CC_MAC_Start)
#20 3.016                                                 ^
#20 3.017 :49: note: expanded from macro 'SMAC_IMPLEMENTED'
#20 3.018 #define SMAC_IMPLEMENTED (defined TPM_CC_MAC || defined TPM_CC_MAC_Start)
#20 3.018                                                 ^
#20 3.027 CryptHash.c:453:5: warning: macro expansion producing 'defined' has undefined behavior [-Wexpansion-to-defined]
#20 3.027 #if SMAC_IMPLEMENTED
#20 3.027     ^
#20 3.027 ./CryptHash.h:93:27: note: expanded from macro 'SMAC_IMPLEMENTED'
#20 3.028 #define SMAC_IMPLEMENTED (defined TPM_CC_MAC || defined TPM_CC_MAC_Start)
#20 3.028                           ^
#20 3.028 CryptHash.c:453:5: warning: macro expansion producing 'defined' has undefined behavior [-Wexpansion-to-defined]
#20 3.028 ./CryptHash.h:93:49: note: expanded from macro 'SMAC_IMPLEMENTED'
#20 3.029 #define SMAC_IMPLEMENTED (defined TPM_CC_MAC || defined TPM_CC_MAC_Start)
#20 3.029                                                 ^
#20 3.033 2 warnings generated.
#20 3.036 CryptHash.c:624:5: warning: macro expansion producing 'defined' has undefined behavior [-Wexpansion-to-defined]
#20 3.037 #if SMAC_IMPLEMENTED
#20 3.037     ^
#20 3.037 ./CryptHash.h:93:27: note: expanded from macro 'SMAC_IMPLEMENTED'
#20 3.037 #define SMAC_IMPLEMENTED (defined TPM_CC_MAC || defined TPM_CC_MAC_Start)
#20 3.037                           ^
#20 3.037 CryptHash.c:624:5: warning: macro expansion producing 'defined' has undefined behavior [-Wexpansion-to-defined]
#20 3.038 ./CryptHash.h:93:49: note: expanded from macro 'SMAC_IMPLEMENTED'
#20 3.038 #define SMAC_IMPLEMENTED (defined TPM_CC_MAC || defined TPM_CC_MAC_Start)
#20 3.038                                                 ^
#20 3.039 In file included from CryptPrimeSieve.c:64:
#20 3.039 In file included from ./Tpm.h:71:
#20 3.039 In file included from ./Global.h:84:
#20 3.039 ./CryptHash.h:129:5: warning: macro expansion producing 'defined' has undefined behavior [-Wexpansion-to-defined]
#20 3.039 #if SMAC_IMPLEMENTED
#20 3.039     ^
#20 3.039 ./CryptHash.h:93:27: note: expanded from macro 'SMAC_IMPLEMENTED'
#20 3.039 #define SMAC_IMPLEMENTED (defined TPM_CC_MAC || defined TPM_CC_MAC_Start)
#20 3.039                           ^
#20 3.039 ./CryptHash.h:129:5: warning: macro expansion producing 'defined' has undefined behavior [-Wexpansion-to-defined]
#20 3.039 ./CryptHash.h:93:49: note: expanded from macro 'SMAC_IMPLEMENTED'
#20 3.040 #define SMAC_IMPLEMENTED (defined TPM_CC_MAC || defined TPM_CC_MAC_Start)
#20 3.040                                                 ^
#20 3.042 clang -DFUZZING_BUILD_MODE_UNSAFE_FOR_PRODUCTION -pthread -Wl,--no-as-needed -Wl,-ldl -Wl,-lm -Wno-unused-command-line-argument -O3 -fsanitize-coverage=trace-pc-guard -Wall -Wmissing-declarations -Wmissing-prototypes -Wnested-externs -Wsign-compare -c -ggdb -O0 -DTPM_POSIX -DIS_POSIX -DTPM_NUVOTON -I../utils -I. -DFUZZING_BUILD_MODE_UNSAFE_FOR_PRODUCTION -DUSE_BIT_FIELD_STRUCTURES=NO CryptRsa.c -o CryptRsa.o
#20 3.051 In file included from CryptRand.c:62:
#20 3.051 In file included from ./Tpm.h:71:
#20 3.052 In file included from ./Global.h:84:
#20 3.052 ./CryptHash.h:129:5: warning: macro expansion producing 'defined' has undefined behavior [-Wexpansion-to-defined]
#20 3.052 #if SMAC_IMPLEMENTED
#20 3.052     ^
#20 3.052 ./CryptHash.h:93:27: note: expanded from macro 'SMAC_IMPLEMENTED'
#20 3.053 #define SMAC_IMPLEMENTED (defined TPM_CC_MAC || defined TPM_CC_MAC_Start)
#20 3.053                           ^
#20 3.053 ./CryptHash.h:129:5: warning: macro expansion producing 'defined' has undefined behavior [-Wexpansion-to-defined]
#20 3.053 ./CryptHash.h:93:49: note: expanded from macro 'SMAC_IMPLEMENTED'
#20 3.053 #define SMAC_IMPLEMENTED (defined TPM_CC_MAC || defined TPM_CC_MAC_Start)
#20 3.053                                                 ^
#20 3.095 6 warnings generated.
#20 3.103 clang -DFUZZING_BUILD_MODE_UNSAFE_FOR_PRODUCTION -pthread -Wl,--no-as-needed -Wl,-ldl -Wl,-lm -Wno-unused-command-line-argument -O3 -fsanitize-coverage=trace-pc-guard -Wall -Wmissing-declarations -Wmissing-prototypes -Wnested-externs -Wsign-compare -c -ggdb -O0 -DTPM_POSIX -DIS_POSIX -DTPM_NUVOTON -I../utils -I. -DFUZZING_BUILD_MODE_UNSAFE_FOR_PRODUCTION -DUSE_BIT_FIELD_STRUCTURES=NO CryptSelfTest.c -o CryptSelfTest.o
#20 3.199 2 warnings generated.
#20 3.205 clang -DFUZZING_BUILD_MODE_UNSAFE_FOR_PRODUCTION -pthread -Wl,--no-as-needed -Wl,-ldl -Wl,-lm -Wno-unused-command-line-argument -O3 -fsanitize-coverage=trace-pc-guard -Wall -Wmissing-declarations -Wmissing-prototypes -Wnested-externs -Wsign-compare -c -ggdb -O0 -DTPM_POSIX -DIS_POSIX -DTPM_NUVOTON -I../utils -I. -DFUZZING_BUILD_MODE_UNSAFE_FOR_PRODUCTION -DUSE_BIT_FIELD_STRUCTURES=NO CryptSmac.c -o CryptSmac.o
#20 3.242 2 warnings generated.
#20 3.248 clang -DFUZZING_BUILD_MODE_UNSAFE_FOR_PRODUCTION -pthread -Wl,--no-as-needed -Wl,-ldl -Wl,-lm -Wno-unused-command-line-argument -O3 -fsanitize-coverage=trace-pc-guard -Wall -Wmissing-declarations -Wmissing-prototypes -Wnested-externs -Wsign-compare -c -ggdb -O0 -DTPM_POSIX -DIS_POSIX -DTPM_NUVOTON -I../utils -I. -DFUZZING_BUILD_MODE_UNSAFE_FOR_PRODUCTION -DUSE_BIT_FIELD_STRUCTURES=NO CryptSym.c -o CryptSym.o
#20 3.306 2 warnings generated.
#20 3.313 clang -DFUZZING_BUILD_MODE_UNSAFE_FOR_PRODUCTION -pthread -Wl,--no-as-needed -Wl,-ldl -Wl,-lm -Wno-unused-command-line-argument -O3 -fsanitize-coverage=trace-pc-guard -Wall -Wmissing-declarations -Wmissing-prototypes -Wnested-externs -Wsign-compare -c -ggdb -O0 -DTPM_POSIX -DIS_POSIX -DTPM_NUVOTON -I../utils -I. -DFUZZING_BUILD_MODE_UNSAFE_FOR_PRODUCTION -DUSE_BIT_FIELD_STRUCTURES=NO CryptUtil.c -o CryptUtil.o
#20 3.354 2 warnings generated.
#20 3.361 clang -DFUZZING_BUILD_MODE_UNSAFE_FOR_PRODUCTION -pthread -Wl,--no-as-needed -Wl,-ldl -Wl,-lm -Wno-unused-command-line-argument -O3 -fsanitize-coverage=trace-pc-guard -Wall -Wmissing-declarations -Wmissing-prototypes -Wnested-externs -Wsign-compare -c -ggdb -O0 -DTPM_POSIX -DIS_POSIX -DTPM_NUVOTON -I../utils -I. -DFUZZING_BUILD_MODE_UNSAFE_FOR_PRODUCTION -DUSE_BIT_FIELD_STRUCTURES=NO DA.c -o DA.o
#20 3.384 In file included from CryptRsa.c:69:
#20 3.385 In file included from ./Tpm.h:71:
#20 3.385 In file included from ./Global.h:84:
#20 3.385 ./CryptHash.h:129:5: warning: macro expansion producing 'defined' has undefined behavior [-Wexpansion-to-defined]
#20 3.387 #if SMAC_IMPLEMENTED
#20 3.388     ^
#20 3.388 ./CryptHash.h:93:27: note: expanded from macro 'SMAC_IMPLEMENTED'
#20 3.391 #define SMAC_IMPLEMENTED (defined TPM_CC_MAC || defined TPM_CC_MAC_Start)
#20 3.392                           ^
#20 3.392 ./CryptHash.h:129:5: warning: macro expansion producing 'defined' has undefined behavior [-Wexpansion-to-defined]
#20 3.395 ./CryptHash.h:93:49: note: expanded from macro 'SMAC_IMPLEMENTED'
#20 3.398 #define SMAC_IMPLEMENTED (defined TPM_CC_MAC || defined TPM_CC_MAC_Start)
#20 3.398                                                 ^
#20 3.451 In file included from CryptSelfTest.c:73:
#20 3.452 In file included from ./Tpm.h:71:
#20 3.452 In file included from ./Global.h:84:
#20 3.452 ./CryptHash.h:129:5: warning: macro expansion producing 'defined' has undefined behavior [-Wexpansion-to-defined]
#20 3.452 #if SMAC_IMPLEMENTED
#20 3.452     ^
#20 3.452 ./CryptHash.h:93:27: note: expanded from macro 'SMAC_IMPLEMENTED'
#20 3.453 #define SMAC_IMPLEMENTED (defined TPM_CC_MAC || defined TPM_CC_MAC_Start)
#20 3.453                           ^
#20 3.453 ./CryptHash.h:129:5: warning: macro expansion producing 'defined' has undefined behavior [-Wexpansion-to-defined]
#20 3.453 ./CryptHash.h:93:49: note: expanded from macro 'SMAC_IMPLEMENTED'
#20 3.454 #define SMAC_IMPLEMENTED (defined TPM_CC_MAC || defined TPM_CC_MAC_Start)
#20 3.454                                                 ^
#20 3.535 2 warnings generated.
#20 3.544 clang -DFUZZING_BUILD_MODE_UNSAFE_FOR_PRODUCTION -pthread -Wl,--no-as-needed -Wl,-ldl -Wl,-lm -Wno-unused-command-line-argument -O3 -fsanitize-coverage=trace-pc-guard -Wall -Wmissing-declarations -Wmissing-prototypes -Wnested-externs -Wsign-compare -c -ggdb -O0 -DTPM_POSIX -DIS_POSIX -DTPM_NUVOTON -I../utils -I. -DFUZZING_BUILD_MODE_UNSAFE_FOR_PRODUCTION -DUSE_BIT_FIELD_STRUCTURES=NO DictionaryCommands.c -o DictionaryCommands.o
#20 3.547 In file included from CryptSmac.c:69:
#20 3.547 In file included from ./Tpm.h:71:
#20 3.547 In file included from ./Global.h:84:
#20 3.547 ./CryptHash.h:129:5: warning: macro expansion producing 'defined' has undefined behavior [-Wexpansion-to-defined]
#20 3.547 #if SMAC_IMPLEMENTED
#20 3.547     ^
#20 3.548 ./CryptHash.h:93:27: note: expanded from macro 'SMAC_IMPLEMENTED'
#20 3.548 #define SMAC_IMPLEMENTED (defined TPM_CC_MAC || defined TPM_CC_MAC_Start)
#20 3.548                           ^
#20 3.548 ./CryptHash.h:129:5: warning: macro expansion producing 'defined' has undefined behavior [-Wexpansion-to-defined]
#20 3.548 ./CryptHash.h:93:49: note: expanded from macro 'SMAC_IMPLEMENTED'
#20 3.549 #define SMAC_IMPLEMENTED (defined TPM_CC_MAC || defined TPM_CC_MAC_Start)
#20 3.549                                                 ^
#20 3.601 In file included from CryptSym.c:68:
#20 3.601 In file included from ./Tpm.h:71:
#20 3.601 In file included from ./Global.h:84:
#20 3.601 ./CryptHash.h:129:5: warning: macro expansion producing 'defined' has undefined behavior [-Wexpansion-to-defined]
#20 3.602 #if SMAC_IMPLEMENTED
#20 3.602     ^
#20 3.602 ./CryptHash.h:93:27: note: expanded from macro 'SMAC_IMPLEMENTED'
#20 3.602 #define SMAC_IMPLEMENTED (defined TPM_CC_MAC || defined TPM_CC_MAC_Start)
#20 3.602                           ^
#20 3.602 ./CryptHash.h:129:5: warning: macro expansion producing 'defined' has undefined behavior [-Wexpansion-to-defined]
#20 3.602 ./CryptHash.h:93:49: note: expanded from macro 'SMAC_IMPLEMENTED'
#20 3.603 #define SMAC_IMPLEMENTED (defined TPM_CC_MAC || defined TPM_CC_MAC_Start)
#20 3.603                                                 ^
#20 3.631 2 warnings generated.
#20 3.638 clang -DFUZZING_BUILD_MODE_UNSAFE_FOR_PRODUCTION -pthread -Wl,--no-as-needed -Wl,-ldl -Wl,-lm -Wno-unused-command-line-argument -O3 -fsanitize-coverage=trace-pc-guard -Wall -Wmissing-declarations -Wmissing-prototypes -Wnested-externs -Wsign-compare -c -ggdb -O0 -DTPM_POSIX -DIS_POSIX -DTPM_NUVOTON -I../utils -I. -DFUZZING_BUILD_MODE_UNSAFE_FOR_PRODUCTION -DUSE_BIT_FIELD_STRUCTURES=NO DuplicationCommands.c -o DuplicationCommands.o
#20 3.663 In file included from CryptUtil.c:67:
#20 3.663 In file included from ./Tpm.h:71:
#20 3.663 In file included from ./Global.h:84:
#20 3.664 ./CryptHash.h:129:5: warning: macro expansion producing 'defined' has undefined behavior [-Wexpansion-to-defined]
#20 3.664 #if SMAC_IMPLEMENTED
#20 3.664     ^
#20 3.664 ./CryptHash.h:93:27: note: expanded from macro 'SMAC_IMPLEMENTED'
#20 3.664 #define SMAC_IMPLEMENTED (defined TPM_CC_MAC || defined TPM_CC_MAC_Start)
#20 3.664                           ^
#20 3.665 ./CryptHash.h:129:5: warning: macro expansion producing 'defined' has undefined behavior [-Wexpansion-to-defined]
#20 3.665 ./CryptHash.h:93:49: note: expanded from macro 'SMAC_IMPLEMENTED'
#20 3.665 #define SMAC_IMPLEMENTED (defined TPM_CC_MAC || defined TPM_CC_MAC_Start)
#20 3.665                                                 ^
#20 3.689 2 warnings generated.
#20 3.695 clang -DFUZZING_BUILD_MODE_UNSAFE_FOR_PRODUCTION -pthread -Wl,--no-as-needed -Wl,-ldl -Wl,-lm -Wno-unused-command-line-argument -O3 -fsanitize-coverage=trace-pc-guard -Wall -Wmissing-declarations -Wmissing-prototypes -Wnested-externs -Wsign-compare -c -ggdb -O0 -DTPM_POSIX -DIS_POSIX -DTPM_NUVOTON -I../utils -I. -DFUZZING_BUILD_MODE_UNSAFE_FOR_PRODUCTION -DUSE_BIT_FIELD_STRUCTURES=NO EACommands.c -o EACommands.o
#20 3.716 In file included from DA.c:67:
#20 3.717 In file included from ./Tpm.h:71:
#20 3.717 In file included from ./Global.h:84:
#20 3.717 ./CryptHash.h:129:5: warning: macro expansion producing 'defined' has undefined behavior [-Wexpansion-to-defined]
#20 3.718 #if SMAC_IMPLEMENTED
#20 3.718     ^
#20 3.718 ./CryptHash.h:93:27: note: expanded from macro 'SMAC_IMPLEMENTED'
#20 3.718 #define SMAC_IMPLEMENTED (defined TPM_CC_MAC || defined TPM_CC_MAC_Start)
#20 3.719                           ^
#20 3.719 ./CryptHash.h:129:5: warning: macro expansion producing 'defined' has undefined behavior [-Wexpansion-to-defined]
#20 3.719 ./CryptHash.h:93:49: note: expanded from macro 'SMAC_IMPLEMENTED'
#20 3.719 #define SMAC_IMPLEMENTED (defined TPM_CC_MAC || defined TPM_CC_MAC_Start)
#20 3.720                                                 ^
#20 3.732 CryptSmac.c:70:5: warning: macro expansion producing 'defined' has undefined behavior [-Wexpansion-to-defined]
#20 3.733 #if SMAC_IMPLEMENTED
#20 3.733     ^
#20 3.733 ./CryptHash.h:93:27: note: expanded from macro 'SMAC_IMPLEMENTED'
#20 3.733 #define SMAC_IMPLEMENTED (defined TPM_CC_MAC || defined TPM_CC_MAC_Start)
#20 3.733                           ^
#20 3.733 CryptSmac.c:70:5: warning: macro expansion producing 'defined' has undefined behavior [-Wexpansion-to-defined]
#20 3.734 ./CryptHash.h:93:49: note: expanded from macro 'SMAC_IMPLEMENTED'
#20 3.734 #define SMAC_IMPLEMENTED (defined TPM_CC_MAC || defined TPM_CC_MAC_Start)
#20 3.734                                                 ^
#20 3.748 4 warnings generated.
#20 3.755 clang -DFUZZING_BUILD_MODE_UNSAFE_FOR_PRODUCTION -pthread -Wl,--no-as-needed -Wl,-ldl -Wl,-lm -Wno-unused-command-line-argument -O3 -fsanitize-coverage=trace-pc-guard -Wall -Wmissing-declarations -Wmissing-prototypes -Wnested-externs -Wsign-compare -c -ggdb -O0 -DTPM_POSIX -DIS_POSIX -DTPM_NUVOTON -I../utils -I. -DFUZZING_BUILD_MODE_UNSAFE_FOR_PRODUCTION -DUSE_BIT_FIELD_STRUCTURES=NO EncryptDecrypt_spt.c -o EncryptDecrypt_spt.o
#20 3.827 2 warnings generated.
#20 3.835 clang -DFUZZING_BUILD_MODE_UNSAFE_FOR_PRODUCTION -pthread -Wl,--no-as-needed -Wl,-ldl -Wl,-lm -Wno-unused-command-line-argument -O3 -fsanitize-coverage=trace-pc-guard -Wall -Wmissing-declarations -Wmissing-prototypes -Wnested-externs -Wsign-compare -c -ggdb -O0 -DTPM_POSIX -DIS_POSIX -DTPM_NUVOTON -I../utils -I. -DFUZZING_BUILD_MODE_UNSAFE_FOR_PRODUCTION -DUSE_BIT_FIELD_STRUCTURES=NO Entity.c -o Entity.o
#20 3.895 In file included from DictionaryCommands.c:62:
#20 3.895 In file included from ./Tpm.h:71:
#20 3.895 In file included from ./Global.h:84:
#20 3.895 ./CryptHash.h:129:5: warning: macro expansion producing 'defined' has undefined behavior [-Wexpansion-to-defined]
#20 3.896 #if SMAC_IMPLEMENTED
#20 3.896     ^
#20 3.896 ./CryptHash.h:93:27: note: expanded from macro 'SMAC_IMPLEMENTED'
#20 3.896 #define SMAC_IMPLEMENTED (defined TPM_CC_MAC || defined TPM_CC_MAC_Start)
#20 3.896                           ^
#20 3.896 ./CryptHash.h:129:5: warning: macro expansion producing 'defined' has undefined behavior [-Wexpansion-to-defined]
#20 3.897 ./CryptHash.h:93:49: note: expanded from macro 'SMAC_IMPLEMENTED'
#20 3.897 #define SMAC_IMPLEMENTED (defined TPM_CC_MAC || defined TPM_CC_MAC_Start)
#20 3.897                                                 ^
#20 3.910 2 warnings generated.
#20 3.917 clang -DFUZZING_BUILD_MODE_UNSAFE_FOR_PRODUCTION -pthread -Wl,--no-as-needed -Wl,-ldl -Wl,-lm -Wno-unused-command-line-argument -O3 -fsanitize-coverage=trace-pc-guard -Wall -Wmissing-declarations -Wmissing-prototypes -Wnested-externs -Wsign-compare -c -ggdb -O0 -DTPM_POSIX -DIS_POSIX -DTPM_NUVOTON -I../utils -I. -DFUZZING_BUILD_MODE_UNSAFE_FOR_PRODUCTION -DUSE_BIT_FIELD_STRUCTURES=NO Entropy.c -o Entropy.o
#20 3.976 In file included from DuplicationCommands.c:62:
#20 3.976 In file included from ./Tpm.h:71:
#20 3.976 In file included from ./Global.h:84:
#20 3.977 ./CryptHash.h:129:5: warning: macro expansion producing 'defined' has undefined behavior [-Wexpansion-to-defined]
#20 3.977 #if SMAC_IMPLEMENTED
#20 3.977     ^
#20 3.977 ./CryptHash.h:93:27: note: expanded from macro 'SMAC_IMPLEMENTED'
#20 3.977 #define SMAC_IMPLEMENTED (defined TPM_CC_MAC || defined TPM_CC_MAC_Start)
#20 3.977                           ^
#20 3.977 ./CryptHash.h:129:5: warning: macro expansion producing 'defined' has undefined behavior [-Wexpansion-to-defined]
#20 3.978 ./CryptHash.h:93:49: note: expanded from macro 'SMAC_IMPLEMENTED'
#20 3.978 #define SMAC_IMPLEMENTED (defined TPM_CC_MAC || defined TPM_CC_MAC_Start)
#20 3.978                                                 ^
#20 3.981 2 warnings generated.
#20 3.987 clang -DFUZZING_BUILD_MODE_UNSAFE_FOR_PRODUCTION -pthread -Wl,--no-as-needed -Wl,-ldl -Wl,-lm -Wno-unused-command-line-argument -O3 -fsanitize-coverage=trace-pc-guard -Wall -Wmissing-declarations -Wmissing-prototypes -Wnested-externs -Wsign-compare -c -ggdb -O0 -DTPM_POSIX -DIS_POSIX -DTPM_NUVOTON -I../utils -I. -DFUZZING_BUILD_MODE_UNSAFE_FOR_PRODUCTION -DUSE_BIT_FIELD_STRUCTURES=NO EphemeralCommands.c -o EphemeralCommands.o
#20 3.995 clang -DFUZZING_BUILD_MODE_UNSAFE_FOR_PRODUCTION -pthread -Wl,--no-as-needed -Wl,-ldl -Wl,-lm -Wno-unused-command-line-argument -O3 -fsanitize-coverage=trace-pc-guard -Wall -Wmissing-declarations -Wmissing-prototypes -Wnested-externs -Wsign-compare -c -ggdb -O0 -DTPM_POSIX -DIS_POSIX -DTPM_NUVOTON -I../utils -I. -DFUZZING_BUILD_MODE_UNSAFE_FOR_PRODUCTION -DUSE_BIT_FIELD_STRUCTURES=NO ExecCommand.c -o ExecCommand.o
#20 4.043 In file included from EACommands.c:62:
#20 4.043 In file included from ./Tpm.h:71:
#20 4.043 In file included from ./Global.h:84:
#20 4.044 ./CryptHash.h:129:5: warning: macro expansion producing 'defined' has undefined behavior [-Wexpansion-to-defined]
#20 4.044 #if SMAC_IMPLEMENTED
#20 4.044     ^
#20 4.044 ./CryptHash.h:93:27: note: expanded from macro 'SMAC_IMPLEMENTED'
#20 4.044 #define SMAC_IMPLEMENTED (defined TPM_CC_MAC || defined TPM_CC_MAC_Start)
#20 4.044                           ^
#20 4.045 ./CryptHash.h:129:5: warning: macro expansion producing 'defined' has undefined behavior [-Wexpansion-to-defined]
#20 4.045 ./CryptHash.h:93:49: note: expanded from macro 'SMAC_IMPLEMENTED'
#20 4.045 #define SMAC_IMPLEMENTED (defined TPM_CC_MAC || defined TPM_CC_MAC_Start)
#20 4.045                                                 ^
#20 4.077 2 warnings generated.
#20 4.084 clang -DFUZZING_BUILD_MODE_UNSAFE_FOR_PRODUCTION -pthread -Wl,--no-as-needed -Wl,-ldl -Wl,-lm -Wno-unused-command-line-argument -O3 -fsanitize-coverage=trace-pc-guard -Wall -Wmissing-declarations -Wmissing-prototypes -Wnested-externs -Wsign-compare -c -ggdb -O0 -DTPM_POSIX -DIS_POSIX -DTPM_NUVOTON -I../utils -I. -DFUZZING_BUILD_MODE_UNSAFE_FOR_PRODUCTION -DUSE_BIT_FIELD_STRUCTURES=NO Global.c -o Global.o
#20 4.105 In file included from EncryptDecrypt_spt.c:63:
#20 4.106 In file included from ./Tpm.h:71:
#20 4.106 In file included from ./Global.h:84:
#20 4.106 ./CryptHash.h:129:5: warning: macro expansion producing 'defined' has undefined behavior [-Wexpansion-to-defined]
#20 4.107 #if SMAC_IMPLEMENTED
#20 4.107     ^
#20 4.107 ./CryptHash.h:93:27: note: expanded from macro 'SMAC_IMPLEMENTED'
#20 4.107 #define SMAC_IMPLEMENTED (defined TPM_CC_MAC || defined TPM_CC_MAC_Start)
#20 4.108                           ^
#20 4.108 ./CryptHash.h:129:5: warning: macro expansion producing 'defined' has undefined behavior [-Wexpansion-to-defined]
#20 4.108 ./CryptHash.h:93:49: note: expanded from macro 'SMAC_IMPLEMENTED'
#20 4.109 #define SMAC_IMPLEMENTED (defined TPM_CC_MAC || defined TPM_CC_MAC_Start)
#20 4.109                                                 ^
#20 4.174 2 warnings generated.
#20 4.181 clang -DFUZZING_BUILD_MODE_UNSAFE_FOR_PRODUCTION -pthread -Wl,--no-as-needed -Wl,-ldl -Wl,-lm -Wno-unused-command-line-argument -O3 -fsanitize-coverage=trace-pc-guard -Wall -Wmissing-declarations -Wmissing-prototypes -Wnested-externs -Wsign-compare -c -ggdb -O0 -DTPM_POSIX -DIS_POSIX -DTPM_NUVOTON -I../utils -I. -DFUZZING_BUILD_MODE_UNSAFE_FOR_PRODUCTION -DUSE_BIT_FIELD_STRUCTURES=NO Handle.c -o Handle.o
#20 4.190 In file included from Entity.c:68:
#20 4.190 In file included from ./Tpm.h:71:
#20 4.190 In file included from ./Global.h:84:
#20 4.191 ./CryptHash.h:129:5: warning: macro expansion producing 'defined' has undefined behavior [-Wexpansion-to-defined]
#20 4.191 #if SMAC_IMPLEMENTED
#20 4.191     ^
#20 4.191 ./CryptHash.h:93:27: note: expanded from macro 'SMAC_IMPLEMENTED'
#20 4.192 #define SMAC_IMPLEMENTED (defined TPM_CC_MAC || defined TPM_CC_MAC_Start)
#20 4.192                           ^
#20 4.192 ./CryptHash.h:129:5: warning: macro expansion producing 'defined' has undefined behavior [-Wexpansion-to-defined]
#20 4.192 ./CryptHash.h:93:49: note: expanded from macro 'SMAC_IMPLEMENTED'
#20 4.193 #define SMAC_IMPLEMENTED (defined TPM_CC_MAC || defined TPM_CC_MAC_Start)
#20 4.193                                                 ^
#20 4.298 2 warnings generated.
#20 4.305 clang -DFUZZING_BUILD_MODE_UNSAFE_FOR_PRODUCTION -pthread -Wl,--no-as-needed -Wl,-ldl -Wl,-lm -Wno-unused-command-line-argument -O3 -fsanitize-coverage=trace-pc-guard -Wall -Wmissing-declarations -Wmissing-prototypes -Wnested-externs -Wsign-compare -c -ggdb -O0 -DTPM_POSIX -DIS_POSIX -DTPM_NUVOTON -I../utils -I. -DFUZZING_BUILD_MODE_UNSAFE_FOR_PRODUCTION -DUSE_BIT_FIELD_STRUCTURES=NO HashCommands.c -o HashCommands.o
#20 4.308 2 warnings generated.
#20 4.315 clang -DFUZZING_BUILD_MODE_UNSAFE_FOR_PRODUCTION -pthread -Wl,--no-as-needed -Wl,-ldl -Wl,-lm -Wno-unused-command-line-argument -O3 -fsanitize-coverage=trace-pc-guard -Wall -Wmissing-declarations -Wmissing-prototypes -Wnested-externs -Wsign-compare -c -ggdb -O0 -DTPM_POSIX -DIS_POSIX -DTPM_NUVOTON -I../utils -I. -DFUZZING_BUILD_MODE_UNSAFE_FOR_PRODUCTION -DUSE_BIT_FIELD_STRUCTURES=NO Hierarchy.c -o Hierarchy.o
#20 4.326 2 warnings generated.
#20 4.336 In file included from EphemeralCommands.c:62:
#20 4.336 In file included from ./Tpm.h:71:
#20 4.336 In file included from ./Global.h:84:
#20 4.336 ./CryptHash.h:129:5: warning: macro expansion producing 'defined' has undefined behavior [-Wexpansion-to-defined]
#20 4.336 #if SMAC_IMPLEMENTED
#20 4.336     ^
#20 4.336 ./CryptHash.h:93:27: note: expanded from macro 'SMAC_IMPLEMENTED'
#20 4.336 #define SMAC_IMPLEMENTED (defined TPM_CC_MAC || defined TPM_CC_MAC_Start)
#20 4.336                           ^
#20 4.336 ./CryptHash.h:129:5: warning: macro expansion producing 'defined' has undefined behavior [-Wexpansion-to-defined]
#20 4.336 ./CryptHash.h:93:49: note: expanded from macro 'SMAC_IMPLEMENTED'
#20 4.337 #define SMAC_IMPLEMENTED (defined TPM_CC_MAC || defined TPM_CC_MAC_Start)
#20 4.337                                                 ^
#20 4.340 In file included from ExecCommand.c:65:
#20 4.340 In file included from ./Tpm.h:71:
#20 4.340 In file included from ./Global.h:84:
#20 4.340 ./CryptHash.h:129:5: warning: macro expansion producing 'defined' has undefined behavior [-Wexpansion-to-defined]
#20 4.341 #if SMAC_IMPLEMENTED
#20 4.341     ^
#20 4.341 ./CryptHash.h:93:27: note: expanded from macro 'SMAC_IMPLEMENTED'
#20 4.341 #define SMAC_IMPLEMENTED (defined TPM_CC_MAC || defined TPM_CC_MAC_Start)
#20 4.341                           ^
#20 4.341 ./CryptHash.h:129:5: warning: macro expansion producing 'defined' has undefined behavior [-Wexpansion-to-defined]
#20 4.342 ./CryptHash.h:93:49: note: expanded from macro 'SMAC_IMPLEMENTED'
#20 4.342 #define SMAC_IMPLEMENTED (defined TPM_CC_MAC || defined TPM_CC_MAC_Start)
#20 4.342                                                 ^
#20 4.344 clang -DFUZZING_BUILD_MODE_UNSAFE_FOR_PRODUCTION -pthread -Wl,--no-as-needed -Wl,-ldl -Wl,-lm -Wno-unused-command-line-argument -O3 -fsanitize-coverage=trace-pc-guard -Wall -Wmissing-declarations -Wmissing-prototypes -Wnested-externs -Wsign-compare -c -ggdb -O0 -DTPM_POSIX -DIS_POSIX -DTPM_NUVOTON -I../utils -I. -DFUZZING_BUILD_MODE_UNSAFE_FOR_PRODUCTION -DUSE_BIT_FIELD_STRUCTURES=NO HierarchyCommands.c -o HierarchyCommands.o
#20 4.397 2 warnings generated.
#20 4.404 clang -DFUZZING_BUILD_MODE_UNSAFE_FOR_PRODUCTION -pthread -Wl,--no-as-needed -Wl,-ldl -Wl,-lm -Wno-unused-command-line-argument -O3 -fsanitize-coverage=trace-pc-guard -Wall -Wmissing-declarations -Wmissing-prototypes -Wnested-externs -Wsign-compare -c -ggdb -O0 -DTPM_POSIX -DIS_POSIX -DTPM_NUVOTON -I../utils -I. -DFUZZING_BUILD_MODE_UNSAFE_FOR_PRODUCTION -DUSE_BIT_FIELD_STRUCTURES=NO IoBuffers.c -o IoBuffers.o
#20 4.438 In file included from Global.c:68:
#20 4.438 In file included from ./Tpm.h:71:
#20 4.438 In file included from ./Global.h:84:
#20 4.439 ./CryptHash.h:129:5: warning: macro expansion producing 'defined' has undefined behavior [-Wexpansion-to-defined]
#20 4.439 #if SMAC_IMPLEMENTED
#20 4.439     ^
#20 4.439 ./CryptHash.h:93:27: note: expanded from macro 'SMAC_IMPLEMENTED'
#20 4.440 #define SMAC_IMPLEMENTED (defined TPM_CC_MAC || defined TPM_CC_MAC_Start)
#20 4.440                           ^
#20 4.440 ./CryptHash.h:129:5: warning: macro expansion producing 'defined' has undefined behavior [-Wexpansion-to-defined]
#20 4.440 ./CryptHash.h:93:49: note: expanded from macro 'SMAC_IMPLEMENTED'
#20 4.440 #define SMAC_IMPLEMENTED (defined TPM_CC_MAC || defined TPM_CC_MAC_Start)
#20 4.440                                                 ^
#20 4.528 2 warnings generated.
#20 4.530 In file included from Handle.c:66:
#20 4.531 In file included from ./Tpm.h:71:
#20 4.531 In file included from ./Global.h:84:
#20 4.531 ./CryptHash.h:129:5: warning: macro expansion producing 'defined' has undefined behavior [-Wexpansion-to-defined]
#20 4.532 #if SMAC_IMPLEMENTED
#20 4.532     ^
#20 4.532 ./CryptHash.h:93:27: note: 2expanded from macro 'SMAC_IMPLEMENTED' warning
#20 4.532 s generated.
#20 4.532 #define SMAC_IMPLEMENTED (defined TPM_CC_MAC || defined TPM_CC_MAC_Start)
#20 4.532                           ^
#20 4.532 ./CryptHash.h:129:5: warning: macro expansion producing 'defined' has undefined behavior [-Wexpansion-to-defined]
#20 4.533 ./CryptHash.h:93:49: note: expanded from macro 'SMAC_IMPLEMENTED'
#20 4.533 #define SMAC_IMPLEMENTED (defined TPM_CC_MAC || defined TPM_CC_MAC_Start)
#20 4.533                                                 ^
#20 4.534 clang -DFUZZING_BUILD_MODE_UNSAFE_FOR_PRODUCTION -pthread -Wl,--no-as-needed -Wl,-ldl -Wl,-lm -Wno-unused-command-line-argument -O3 -fsanitize-coverage=trace-pc-guard -Wall -Wmissing-declarations -Wmissing-prototypes -Wnested-externs -Wsign-compare -c -ggdb -O0 -DTPM_POSIX -DIS_POSIX -DTPM_NUVOTON -I../utils -I. -DFUZZING_BUILD_MODE_UNSAFE_FOR_PRODUCTION -DUSE_BIT_FIELD_STRUCTURES=NO IntegrityCommands.c -o IntegrityCommands.o
#20 4.539 clang -DFUZZING_BUILD_MODE_UNSAFE_FOR_PRODUCTION -pthread -Wl,--no-as-needed -Wl,-ldl -Wl,-lm -Wno-unused-command-line-argument -O3 -fsanitize-coverage=trace-pc-guard -Wall -Wmissing-declarations -Wmissing-prototypes -Wnested-externs -Wsign-compare -c -ggdb -O0 -DTPM_POSIX -DIS_POSIX -DTPM_NUVOTON -I../utils -I. -DFUZZING_BUILD_MODE_UNSAFE_FOR_PRODUCTION -DUSE_BIT_FIELD_STRUCTURES=NO Locality.c -o Locality.o
#20 4.619 2 warnings generated.
#20 4.625 clang -DFUZZING_BUILD_MODE_UNSAFE_FOR_PRODUCTION -pthread -Wl,--no-as-needed -Wl,-ldl -Wl,-lm -Wno-unused-command-line-argument -O3 -fsanitize-coverage=trace-pc-guard -Wall -Wmissing-declarations -Wmissing-prototypes -Wnested-externs -Wsign-compare -c -ggdb -O0 -DTPM_POSIX -DIS_POSIX -DTPM_NUVOTON -I../utils -I. -DFUZZING_BUILD_MODE_UNSAFE_FOR_PRODUCTION -DUSE_BIT_FIELD_STRUCTURES=NO LocalityPlat.c -o LocalityPlat.o
#20 4.653 In file included from HashCommands.c:62:
#20 4.653 In file included from ./Tpm.h:71:
#20 4.653 In file included from ./Global.h:84:
#20 4.653 ./CryptHash.h:129:5: warning: macro expansion producing 'defined' has undefined behavior [-Wexpansion-to-defined]
#20 4.655 #if SMAC_IMPLEMENTED
#20 4.655     ^
#20 4.655 ./CryptHash.h:93:27: note: expanded from macro 'SMAC_IMPLEMENTED'
#20 4.655 #define SMAC_IMPLEMENTED (defined TPM_CC_MAC || defined TPM_CC_MAC_Start)
#20 4.655                           ^
#20 4.656 ./CryptHash.h:129:5: warning: macro expansion producing 'defined' has undefined behavior [-Wexpansion-to-defined]
#20 4.656 ./CryptHash.h:93:49: note: expanded from macro 'SMAC_IMPLEMENTED'
#20 4.657 #define SMAC_IMPLEMENTED (defined TPM_CC_MAC || defined TPM_CC_MAC_Start)
#20 4.657                                                 ^
#20 4.670 clang -DFUZZING_BUILD_MODE_UNSAFE_FOR_PRODUCTION -pthread -Wl,--no-as-needed -Wl,-ldl -Wl,-lm -Wno-unused-command-line-argument -O3 -fsanitize-coverage=trace-pc-guard -Wall -Wmissing-declarations -Wmissing-prototypes -Wnested-externs -Wsign-compare -c -ggdb -O0 -DTPM_POSIX -DIS_POSIX -DTPM_NUVOTON -I../utils -I. -DFUZZING_BUILD_MODE_UNSAFE_FOR_PRODUCTION -DUSE_BIT_FIELD_STRUCTURES=NO ManagementCommands.c -o ManagementCommands.o
#20 4.677 In file included from Hierarchy.c:65:
#20 4.678 In file included from ./Tpm.h:71:
#20 4.678 In file included from ./Global.h:84:
#20 4.678 ./CryptHash.h:129:5: warning: macro expansion producing 'defined' has undefined behavior [-Wexpansion-to-defined]
#20 4.678 #if SMAC_IMPLEMENTED
#20 4.678     ^
#20 4.679 ./CryptHash.h:93:27: note: expanded from macro 'SMAC_IMPLEMENTED'
#20 4.679 #define SMAC_IMPLEMENTED (defined TPM_CC_MAC || defined TPM_CC_MAC_Start)
#20 4.679                           ^
#20 4.679 ./CryptHash.h:129:5: warning: macro expansion producing 'defined' has undefined behavior [-Wexpansion-to-defined]
#20 4.679 ./CryptHash.h:93:49: note: expanded from macro 'SMAC_IMPLEMENTED'
#20 4.680 #define SMAC_IMPLEMENTED (defined TPM_CC_MAC || defined TPM_CC_MAC_Start)
#20 4.680                                                 ^
#20 4.691 In file included from HierarchyCommands.c:62:
#20 4.691 In file included from ./Tpm.h:71:
#20 4.691 In file included from ./Global.h:84:
#20 4.692 ./CryptHash.h:129:5: warning: macro expansion producing 'defined' has undefined behavior [-Wexpansion-to-defined]
#20 4.692 #if SMAC_IMPLEMENTED
#20 4.692     ^
#20 4.692 ./CryptHash.h:93:27: note: expanded from macro 'SMAC_IMPLEMENTED'
#20 4.693 #define SMAC_IMPLEMENTED (defined TPM_CC_MAC || defined TPM_CC_MAC_Start)
#20 4.693                           ^
#20 4.693 ./CryptHash.h:129:5: warning: macro expansion producing 'defined' has undefined behavior [-Wexpansion-to-defined]
#20 4.693 ./CryptHash.h:93:49: note: expanded from macro 'SMAC_IMPLEMENTED'
#20 4.694 #define SMAC_IMPLEMENTED (defined TPM_CC_MAC || defined TPM_CC_MAC_Start)
#20 4.694                                                 ^
#20 4.717 2 warnings generated.
#20 4.724 clang -DFUZZING_BUILD_MODE_UNSAFE_FOR_PRODUCTION -pthread -Wl,--no-as-needed -Wl,-ldl -Wl,-lm -Wno-unused-command-line-argument -O3 -fsanitize-coverage=trace-pc-guard -Wall -Wmissing-declarations -Wmissing-prototypes -Wnested-externs -Wsign-compare -c -ggdb -O0 -DTPM_POSIX -DIS_POSIX -DTPM_NUVOTON -I../utils -I. -DFUZZING_BUILD_MODE_UNSAFE_FOR_PRODUCTION -DUSE_BIT_FIELD_STRUCTURES=NO Manufacture.c -o Manufacture.o
#20 4.756 In file included from IoBuffers.c:67:
#20 4.757 In file included from ./Tpm.h:71:
#20 4.757 In file included from ./Global.h:84:
#20 4.757 ./CryptHash.h:129:5: warning: macro expansion producing 'defined' has undefined behavior [-Wexpansion-to-defined]
#20 4.757 #if SMAC_IMPLEMENTED
#20 4.757     ^
#20 4.757 ./CryptHash.h:93:27: note: expanded from macro 'SMAC_IMPLEMENTED'
#20 4.757 #define SMAC_IMPLEMENTED (defined TPM_CC_MAC || defined TPM_CC_MAC_Start)
#20 4.757                           ^
#20 4.758 ./CryptHash.h:129:5: warning: macro expansion producing 'defined' has undefined behavior [-Wexpansion-to-defined]
#20 4.758 ./CryptHash.h:93:49: note: expanded from macro 'SMAC_IMPLEMENTED'
#20 4.758 #define SMAC_IMPLEMENTED (defined TPM_CC_MAC || defined TPM_CC_MAC_Start)
#20 4.758                                                 ^
#20 4.842 HashCommands.c:298:6: warning: macro expansion producing 'defined' has undefined behavior [-Wexpansion-to-defined]
#20 4.843 #if !SMAC_IMPLEMENTED
#20 4.843      ^
#20 4.843 ./CryptHash.h:93:27: note: expanded from macro 'SMAC_IMPLEMENTED'
#20 4.844 #define SMAC_IMPLEMENTED (defined TPM_CC_MAC || defined TPM_CC_MAC_Start)
#20 4.845                           ^
#20 4.845 HashCommands.c:298:6: warning: macro expansion producing 'defined' has undefined behavior [-Wexpansion-to-defined]
#20 4.845 ./CryptHash.h:93:49: note: expanded from macro 'SMAC_IMPLEMENTED'
#20 4.845 #define SMAC_IMPLEMENTED (defined TPM_CC_MAC || defined TPM_CC_MAC_Start)
#20 4.845                                                 ^
#20 4.867 4 warnings generated.
#20 4.876 clang -DFUZZING_BUILD_MODE_UNSAFE_FOR_PRODUCTION -pthread -Wl,--no-as-needed -Wl,-ldl -Wl,-lm -Wno-unused-command-line-argument -O3 -fsanitize-coverage=trace-pc-guard -Wall -Wmissing-declarations -Wmissing-prototypes -Wnested-externs -Wsign-compare -c -ggdb -O0 -DTPM_POSIX -DIS_POSIX -DTPM_NUVOTON -I../utils -I. -DFUZZING_BUILD_MODE_UNSAFE_FOR_PRODUCTION -DUSE_BIT_FIELD_STRUCTURES=NO Marshal.c -o Marshal.o
#20 4.880 In file included from Locality.c:64:
#20 4.880 In file included from ./Tpm.h:71:
#20 4.881 In file included from ./Global.h:84:
#20 4.882 ./CryptHash.h:129:5:2 warnings generated.
#20 4.883  warning: macro expansion producing 'defined' has undefined behavior [-Wexpansion-to-defined]
#20 4.884 #if SMAC_IMPLEMENTED
#20 4.884     ^
#20 4.884 ./CryptHash.h:93:27: note: expanded from macro 'SMAC_IMPLEMENTED'
#20 4.884 #define SMAC_IMPLEMENTED (defined TPM_CC_MAC || defined TPM_CC_MAC_Start)
#20 4.884                           ^
#20 4.885 ./CryptHash.h:129:5: warning: macro expansion producing 'defined' has undefined behavior [-Wexpansion-to-defined]
#20 4.885 ./CryptHash.h:93:49: note: expanded from macro 'SMAC_IMPLEMENTED'
#20 4.885 #define SMAC_IMPLEMENTED (defined TPM_CC_MAC || defined TPM_CC_MAC_Start)
#20 4.886                                                 ^
#20 4.886 In file included from IntegrityCommands.c:62:
#20 4.886 In file included from ./Tpm.h:71:
#20 4.886 In file included from ./Global.h:84:
#20 4.886 ./CryptHash.h:129:5: warning: macro expansion producing 'defined' has undefined behavior [-Wexpansion-to-defined]
#20 4.886 #if SMAC_IMPLEMENTED
#20 4.886     ^
#20 4.886 ./CryptHash.h:93:27: note: expanded from macro 'SMAC_IMPLEMENTED'
#20 4.887 #define SMAC_IMPLEMENTED (defined TPM_CC_MAC || defined TPM_CC_MAC_Start)
#20 4.887                           ^
#20 4.887 ./CryptHash.h:129:5: warning: macro expansion producing 'defined' has undefined behavior [-Wexpansion-to-defined]
#20 4.887 ./CryptHash.h:93:49: note: expanded from macro 'SMAC_IMPLEMENTED'
#20 4.887 #define SMAC_IMPLEMENTED (defined TPM_CC_MAC || defined TPM_CC_MAC_Start)
#20 4.887                                                 ^
#20 4.894 clang -DFUZZING_BUILD_MODE_UNSAFE_FOR_PRODUCTION -pthread -Wl,--no-as-needed -Wl,-ldl -Wl,-lm -Wno-unused-command-line-argument -O3 -fsanitize-coverage=trace-pc-guard -Wall -Wmissing-declarations -Wmissing-prototypes -Wnested-externs -Wsign-compare -c -ggdb -O0 -DTPM_POSIX -DIS_POSIX -DTPM_NUVOTON -I../utils -I. -DFUZZING_BUILD_MODE_UNSAFE_FOR_PRODUCTION -DUSE_BIT_FIELD_STRUCTURES=NO MathOnByteBuffers.c -o MathOnByteBuffers.o
#20 4.924 2 warnings generated.
#20 4.931 clang -DFUZZING_BUILD_MODE_UNSAFE_FOR_PRODUCTION -pthread -Wl,--no-as-needed -Wl,-ldl -Wl,-lm -Wno-unused-command-line-argument -O3 -fsanitize-coverage=trace-pc-guard -Wall -Wmissing-declarations -Wmissing-prototypes -Wnested-externs -Wsign-compare -c -ggdb -O0 -DTPM_POSIX -DIS_POSIX -DTPM_NUVOTON -I../utils -I. -DFUZZING_BUILD_MODE_UNSAFE_FOR_PRODUCTION -DUSE_BIT_FIELD_STRUCTURES=NO Memory.c -o Memory.o
#20 4.933 2 warnings generated.
#20 4.941 clang -DFUZZING_BUILD_MODE_UNSAFE_FOR_PRODUCTION -pthread -Wl,--no-as-needed -Wl,-ldl -Wl,-lm -Wno-unused-command-line-argument -O3 -fsanitize-coverage=trace-pc-guard -Wall -Wmissing-declarations -Wmissing-prototypes -Wnested-externs -Wsign-compare -c -ggdb -O0 -DTPM_POSIX -DIS_POSIX -DTPM_NUVOTON -I../utils -I. -DFUZZING_BUILD_MODE_UNSAFE_FOR_PRODUCTION -DUSE_BIT_FIELD_STRUCTURES=NO NVCommands.c -o NVCommands.o
#20 5.021 In file included from ManagementCommands.c:62:
#20 5.022 In file included from ./Tpm.h:71:
#20 5.022 In file included from ./Global.h:84:
#20 5.022 ./CryptHash.h:129:5: warning: macro expansion producing 'defined' has undefined behavior [-Wexpansion-to-defined]
#20 5.023 #if SMAC_IMPLEMENTED
#20 5.023     ^
#20 5.023 ./CryptHash.h:93:27: note: expanded from macro 'SMAC_IMPLEMENTED'
#20 5.023 #define SMAC_IMPLEMENTED (defined TPM_CC_MAC || defined TPM_CC_MAC_Start)
#20 5.023                           ^
#20 5.023 ./CryptHash.h:129:5: warning: macro expansion producing 'defined' has undefined behavior [-Wexpansion-to-defined]
#20 5.023 ./CryptHash.h:93:49: note: expanded from macro 'SMAC_IMPLEMENTED'
#20 5.024 #define SMAC_IMPLEMENTED (defined TPM_CC_MAC || defined TPM_CC_MAC_Start)
#20 5.024                                                 ^
#20 5.071 2 warnings generated.
#20 5.074 In file included from Manufacture.c:69:
#20 5.074 In file included from ./Tpm.h:71:
#20 5.074 In file included from ./Global.h:84:
#20 5.074 ./CryptHash.h:129:5: warning: macro expansion producing 'defined' has undefined behavior [-Wexpansion-to-defined]
#20 5.075 #if SMAC_IMPLEMENTED
#20 5.075     ^
#20 5.075 ./CryptHash.h:93:27: note: expanded from macro 'SMAC_IMPLEMENTED'
#20 5.075 #define SMAC_IMPLEMENTED (defined TPM_CC_MAC || defined TPM_CC_MAC_Start)
#20 5.075                           ^
#20 5.075 ./CryptHash.h:129:5: warning: macro expansion producing 'defined' has undefined behavior [-Wexpansion-to-defined]
#20 5.076 ./CryptHash.h:93:49: note: expanded from macro 'SMAC_IMPLEMENTED'
#20 5.076 #define SMAC_IMPLEMENTED (defined TPM_CC_MAC || defined TPM_CC_MAC_Start)
#20 5.076                                                 ^
#20 5.080 clang -DFUZZING_BUILD_MODE_UNSAFE_FOR_PRODUCTION -pthread -Wl,--no-as-needed -Wl,-ldl -Wl,-lm -Wno-unused-command-line-argument -O3 -fsanitize-coverage=trace-pc-guard -Wall -Wmissing-declarations -Wmissing-prototypes -Wnested-externs -Wsign-compare -c -ggdb -O0 -DTPM_POSIX -DIS_POSIX -DTPM_NUVOTON -I../utils -I. -DFUZZING_BUILD_MODE_UNSAFE_FOR_PRODUCTION -DUSE_BIT_FIELD_STRUCTURES=NO NVDynamic.c -o NVDynamic.o
#20 5.113 2 warnings generated.
#20 5.120 clang -DFUZZING_BUILD_MODE_UNSAFE_FOR_PRODUCTION -pthread -Wl,--no-as-needed -Wl,-ldl -Wl,-lm -Wno-unused-command-line-argument -O3 -fsanitize-coverage=trace-pc-guard -Wall -Wmissing-declarations -Wmissing-prototypes -Wnested-externs -Wsign-compare -c -ggdb -O0 -DTPM_POSIX -DIS_POSIX -DTPM_NUVOTON -I../utils -I. -DFUZZING_BUILD_MODE_UNSAFE_FOR_PRODUCTION -DUSE_BIT_FIELD_STRUCTURES=NO NVMem.c -o NVMem.o
#20 5.168 NVMem.c:225:25: warning: if statement has empty body [-Wempty-body]
#20 5.169     if(NULL != s_NvFile);
#20 5.169                         ^
#20 5.169 NVMem.c:225:25: note: put the semicolon on a separate line to silence this warning
#20 5.194 1 warning generated.
#20 5.198 clang -DFUZZING_BUILD_MODE_UNSAFE_FOR_PRODUCTION -pthread -Wl,--no-as-needed -Wl,-ldl -Wl,-lm -Wno-unused-command-line-argument -O3 -fsanitize-coverage=trace-pc-guard -Wall -Wmissing-declarations -Wmissing-prototypes -Wnested-externs -Wsign-compare -c -ggdb -O0 -DTPM_POSIX -DIS_POSIX -DTPM_NUVOTON -I../utils -I. -DFUZZING_BUILD_MODE_UNSAFE_FOR_PRODUCTION -DUSE_BIT_FIELD_STRUCTURES=NO NVReserved.c -o NVReserved.o
#20 5.207 2 warnings generated.
#20 5.214 clang -DFUZZING_BUILD_MODE_UNSAFE_FOR_PRODUCTION -pthread -Wl,--no-as-needed -Wl,-ldl -Wl,-lm -Wno-unused-command-line-argument -O3 -fsanitize-coverage=trace-pc-guard -Wall -Wmissing-declarations -Wmissing-prototypes -Wnested-externs -Wsign-compare -c -ggdb -O0 -DTPM_POSIX -DIS_POSIX -DTPM_NUVOTON -I../utils -I. -DFUZZING_BUILD_MODE_UNSAFE_FOR_PRODUCTION -DUSE_BIT_FIELD_STRUCTURES=NO NV_spt.c -o NV_spt.o
#20 5.246 In file included from Marshal.c:66:
#20 5.246 In file included from ./Tpm.h:71:
#20 5.247 In file included from ./Global.h:84:
#20 5.247 ./CryptHash.h:129:5: warning: macro expansion producing 'defined' has undefined behavior [-Wexpansion-to-defined]
#20 5.248 #if SMAC_IMPLEMENTED
#20 5.248     ^
#20 5.248 ./CryptHash.h:93:27: note: expanded from macro 'SMAC_IMPLEMENTED'
#20 5.248 #define SMAC_IMPLEMENTED (defined TPM_CC_MAC || defined TPM_CC_MAC_Start)
#20 5.249                           ^
#20 5.249 ./CryptHash.h:129:5In file included from : warning: macro expansion producing 'defined' has undefined behavior [-Wexpansion-to-defined]
#20 5.249 ./CryptHash.h:93:49: note: expanded from macro 'SMAC_IMPLEMENTED'
#20 5.249 #define SMAC_IMPLEMENTED (defined TPM_CC_MAC || defined TPM_CC_MAC_Start)MathOnByteBuffers.c:66
#20 5.249                                                 ^
#20 5.249 :
#20 5.249 In file included from ./Tpm.h:71:
#20 5.250 In file included from ./Global.h:84:
#20 5.250 ./CryptHash.h:129:5: warning: macro expansion producing 'defined' has undefined behavior [-Wexpansion-to-defined]
#20 5.250 #if SMAC_IMPLEMENTED
#20 5.250     ^
#20 5.250 ./CryptHash.h:93:27: note: expanded from macro 'SMAC_IMPLEMENTED'
#20 5.251 #define SMAC_IMPLEMENTED (defined TPM_CC_MAC || defined TPM_CC_MAC_Start)
#20 5.251                           ^
#20 5.251 ./CryptHash.h:129:5: warning: macro expansion producing 'defined' has undefined behavior [-Wexpansion-to-defined]
#20 5.251 ./CryptHash.h:93:49: note: expanded from macro 'SMAC_IMPLEMENTED'
#20 5.251 #define SMAC_IMPLEMENTED (defined TPM_CC_MAC || defined TPM_CC_MAC_Start)
#20 5.252                                                 ^
#20 5.254 2 warnings generated.
#20 5.261 clang -DFUZZING_BUILD_MODE_UNSAFE_FOR_PRODUCTION -pthread -Wl,--no-as-needed -Wl,-ldl -Wl,-lm -Wno-unused-command-line-argument -O3 -fsanitize-coverage=trace-pc-guard -Wall -Wmissing-declarations -Wmissing-prototypes -Wnested-externs -Wsign-compare -c -ggdb -O0 -DTPM_POSIX -DIS_POSIX -DTPM_NUVOTON -I../utils -I. -DFUZZING_BUILD_MODE_UNSAFE_FOR_PRODUCTION -DUSE_BIT_FIELD_STRUCTURES=NO Object.c -o Object.o
#20 5.271 In file included from Memory.c:71:
#20 5.271 In file included from ./Tpm.h:71:
#20 5.271 In file included from ./Global.h:84:
#20 5.272 ./CryptHash.h:129:5: warning: macro expansion producing 'defined' has undefined behavior [-Wexpansion-to-defined]
#20 5.272 #if SMAC_IMPLEMENTED
#20 5.272     ^
#20 5.272 ./CryptHash.h:93:27: note: expanded from macro 'SMAC_IMPLEMENTED'
#20 5.273 #define SMAC_IMPLEMENTED (defined TPM_CC_MAC || defined TPM_CC_MAC_Start)
#20 5.273                           ^
#20 5.273 ./CryptHash.h:129:5: warning: macro expansion producing 'defined' has undefined behavior [-Wexpansion-to-defined]
#20 5.273 ./CryptHash.h:93:49: note: expanded from macro 'SMAC_IMPLEMENTED'
#20 5.273 #define SMAC_IMPLEMENTED (defined TPM_CC_MAC || defined TPM_CC_MAC_Start)
#20 5.273                                                 ^
#20 5.289 In file included from NVCommands.c:62:
#20 5.289 In file included from ./Tpm.h:71:
#20 5.289 In file included from ./Global.h:84:
#20 5.289 ./CryptHash.h:129:5: warning: macro expansion producing 'defined' has undefined behavior [-Wexpansion-to-defined]
#20 5.290 #if SMAC_IMPLEMENTED
#20 5.290     ^
#20 5.290 ./CryptHash.h:93:27: note: expanded from macro 'SMAC_IMPLEMENTED'
#20 5.290 #define SMAC_IMPLEMENTED (defined TPM_CC_MAC || defined TPM_CC_MAC_Start)
#20 5.290                           ^
#20 5.290 ./CryptHash.h:129:5: warning: macro expansion producing 'defined' has undefined behavior [-Wexpansion-to-defined]
#20 5.291 ./CryptHash.h:93:49: note: expanded from macro 'SMAC_IMPLEMENTED'
#20 5.291 #define SMAC_IMPLEMENTED (defined TPM_CC_MAC || defined TPM_CC_MAC_Start)
#20 5.291                                                 ^
#20 5.436 In file included from NVDynamic.c:65:
#20 5.437 In file included from ./Tpm.h:71:
#20 5.438 In file included from ./Global.h:84:
#20 5.438 ./CryptHash.h:129:5: warning: macro expansion producing 'defined' has undefined behavior [-Wexpansion-to-defined]
#20 5.438 #if SMAC_IMPLEMENTED
#20 5.438     ^
#20 5.438 ./CryptHash.h:93:27: note: expanded from macro 'SMAC_IMPLEMENTED'
#20 5.439 #define SMAC_IMPLEMENTED (defined TPM_CC_MAC || defined TPM_CC_MAC_Start)
#20 5.439                           ^
#20 5.439 ./CryptHash.h:129:5: warning: macro expansion producing 'defined' has undefined behavior [-Wexpansion-to-defined]
#20 5.439 ./CryptHash.h:93:49: note: expanded from macro 'SMAC_IMPLEMENTED'
#20 5.439 #define SMAC_IMPLEMENTED (defined TPM_CC_MAC || defined TPM_CC_MAC_Start)
#20 5.440                                                 ^
#20 5.471 2 warnings generated.
#20 5.478 clang -DFUZZING_BUILD_MODE_UNSAFE_FOR_PRODUCTION -pthread -Wl,--no-as-needed -Wl,-ldl -Wl,-lm -Wno-unused-command-line-argument -O3 -fsanitize-coverage=trace-pc-guard -Wall -Wmissing-declarations -Wmissing-prototypes -Wnested-externs -Wsign-compare -c -ggdb -O0 -DTPM_POSIX -DIS_POSIX -DTPM_NUVOTON -I../utils -I. -DFUZZING_BUILD_MODE_UNSAFE_FOR_PRODUCTION -DUSE_BIT_FIELD_STRUCTURES=NO ObjectCommands.c -o ObjectCommands.o
#20 5.498 Marshal.c:1388:12: warning: explicitly assigning value of variable of type 'TPMS_ENC_SCHEME_RSAES *' (aka 'unsigned char *') to itself [-Wself-assign]
#20 5.498     source = source;
#20 5.498     ~~~~~~ ^ ~~~~~~
#20 5.499 Marshal.c:1389:12: warning: explicitly assigning value of variable of type 'BYTE **' (aka 'unsigned char **') to itself [-Wself-assign]
#20 5.499     buffer = buffer;
#20 5.499     ~~~~~~ ^ ~~~~~~
#20 5.499 Marshal.c:1390:10: warning: explicitly assigning value of variable of type 'INT32 *' (aka 'int *') to itself [-Wself-assign]
#20 5.499     size = size;
#20 5.499     ~~~~ ^ ~~~~
#20 5.523 2 warnings generated.
#20 5.529 clang -DFUZZING_BUILD_MODE_UNSAFE_FOR_PRODUCTION -pthread -Wl,--no-as-needed -Wl,-ldl -Wl,-lm -Wno-unused-command-line-argument -O3 -fsanitize-coverage=trace-pc-guard -Wall -Wmissing-declarations -Wmissing-prototypes -Wnested-externs -Wsign-compare -c -ggdb -O0 -DTPM_POSIX -DIS_POSIX -DTPM_NUVOTON -I../utils -I. -DFUZZING_BUILD_MODE_UNSAFE_FOR_PRODUCTION -DUSE_BIT_FIELD_STRUCTURES=NO Object_spt.c -o Object_spt.o
#20 5.560 In file included from NV_spt.c:64:
#20 5.560 In file included from ./Tpm.h:71:
#20 5.561 In file included from ./Global.h:84:
#20 5.561 ./CryptHash.h:129:5: warning: macro expansion producing 'defined' has undefined behavior [-Wexpansion-to-defined]
#20 5.561 #if SMAC_IMPLEMENTED
#20 5.561     ^
#20 5.561 ./CryptHash.h:93:27: note: expanded from macro 'SMAC_IMPLEMENTED'
#20 5.562 #define SMAC_IMPLEMENTED (defined TPM_CC_MAC || defined TPM_CC_MAC_Start)
#20 5.562                           ^
#20 5.562 ./CryptHash.h:129:5: warning: macro expansion producing 'defined' has undefined behavior [-Wexpansion-to-defined]
#20 5.562 ./CryptHash.h:93:49: note: expanded from macro 'SMAC_IMPLEMENTED'
#20 5.563 #define SMAC_IMPLEMENTED (defined TPM_CC_MAC || defined TPM_CC_MAC_Start)
#20 5.563                                                 ^
#20 5.581 In file included from NVReserved.c:65:
#20 5.581 In file included from ./Tpm.h:71:
#20 5.582 In file included from ./Global.h:84:
#20 5.582 ./CryptHash.h:129:5: warning: macro expansion producing 'defined' has undefined behavior [-Wexpansion-to-defined]
#20 5.582 #if SMAC_IMPLEMENTED
#20 5.582     ^
#20 5.582 ./CryptHash.h:93:27: note: expanded from macro 'SMAC_IMPLEMENTED'
#20 5.583 #define SMAC_IMPLEMENTED (defined TPM_CC_MAC || defined TPM_CC_MAC_Start)
#20 5.583                           ^
#20 5.583 ./CryptHash.h:129:5: warning: macro expansion producing 'defined' has undefined behavior [-Wexpansion-to-defined]
#20 5.583 ./CryptHash.h:93:49: note: expanded from macro 'SMAC_IMPLEMENTED'
#20 5.584 #define SMAC_IMPLEMENTED (defined TPM_CC_MAC || defined TPM_CC_MAC_Start)
#20 5.584                                                 ^
#20 5.611 In file included from Object.c:67:
#20 5.611 In file included from ./Tpm.h:71:
#20 5.611 In file included from ./Global.h:84:
#20 5.612 ./CryptHash.h:129:5: warning: macro expansion producing 'defined' has undefined behavior [-Wexpansion-to-defined]
#20 5.612 #if SMAC_IMPLEMENTED
#20 5.612     ^
#20 5.612 ./CryptHash.h:93:27: note: expanded from macro 'SMAC_IMPLEMENTED'
#20 5.612 #define SMAC_IMPLEMENTED (defined TPM_CC_MAC || defined TPM_CC_MAC_Start)
#20 5.612                           ^
#20 5.613 ./CryptHash.h:129:5: warning: macro expansion producing 'defined' has undefined behavior [-Wexpansion-to-defined]
#20 5.613 ./CryptHash.h:93:49: note: expanded from macro 'SMAC_IMPLEMENTED'
#20 5.613 #define SMAC_IMPLEMENTED (defined TPM_CC_MAC || defined TPM_CC_MAC_Start)
#20 5.613                                                 ^
#20 5.686 5 warnings generated.
#20 5.692 clang -DFUZZING_BUILD_MODE_UNSAFE_FOR_PRODUCTION -pthread -Wl,--no-as-needed -Wl,-ldl -Wl,-lm -Wno-unused-command-line-argument -O3 -fsanitize-coverage=trace-pc-guard -Wall -Wmissing-declarations -Wmissing-prototypes -Wnested-externs -Wsign-compare -c -ggdb -O0 -DTPM_POSIX -DIS_POSIX -DTPM_NUVOTON -I../utils -I. -DFUZZING_BUILD_MODE_UNSAFE_FOR_PRODUCTION -DUSE_BIT_FIELD_STRUCTURES=NO PCR.c -o PCR.o
#20 5.739 2 warnings generated.
#20 5.745 clang -DFUZZING_BUILD_MODE_UNSAFE_FOR_PRODUCTION -pthread -Wl,--no-as-needed -Wl,-ldl -Wl,-lm -Wno-unused-command-line-argument -O3 -fsanitize-coverage=trace-pc-guard -Wall -Wmissing-declarations -Wmissing-prototypes -Wnested-externs -Wsign-compare -c -ggdb -O0 -DTPM_POSIX -DIS_POSIX -DTPM_NUVOTON -I../utils -I. -DFUZZING_BUILD_MODE_UNSAFE_FOR_PRODUCTION -DUSE_BIT_FIELD_STRUCTURES=NO PP.c -o PP.o
#20 5.747 2 warnings generated.
#20 5.754 clang -DFUZZING_BUILD_MODE_UNSAFE_FOR_PRODUCTION -pthread -Wl,--no-as-needed -Wl,-ldl -Wl,-lm -Wno-unused-command-line-argument -O3 -fsanitize-coverage=trace-pc-guard -Wall -Wmissing-declarations -Wmissing-prototypes -Wnested-externs -Wsign-compare -c -ggdb -O0 -DTPM_POSIX -DIS_POSIX -DTPM_NUVOTON -I../utils -I. -DFUZZING_BUILD_MODE_UNSAFE_FOR_PRODUCTION -DUSE_BIT_FIELD_STRUCTURES=NO PPPlat.c -o PPPlat.o
#20 5.777 2 warnings generated.
#20 5.783 clang -DFUZZING_BUILD_MODE_UNSAFE_FOR_PRODUCTION -pthread -Wl,--no-as-needed -Wl,-ldl -Wl,-lm -Wno-unused-command-line-argument -O3 -fsanitize-coverage=trace-pc-guard -Wall -Wmissing-declarations -Wmissing-prototypes -Wnested-externs -Wsign-compare -c -ggdb -O0 -DTPM_POSIX -DIS_POSIX -DTPM_NUVOTON -I../utils -I. -DFUZZING_BUILD_MODE_UNSAFE_FOR_PRODUCTION -DUSE_BIT_FIELD_STRUCTURES=NO PlatformData.c -o PlatformData.o
#20 5.794 clang -DFUZZING_BUILD_MODE_UNSAFE_FOR_PRODUCTION -pthread -Wl,--no-as-needed -Wl,-ldl -Wl,-lm -Wno-unused-command-line-argument -O3 -fsanitize-coverage=trace-pc-guard -Wall -Wmissing-declarations -Wmissing-prototypes -Wnested-externs -Wsign-compare -c -ggdb -O0 -DTPM_POSIX -DIS_POSIX -DTPM_NUVOTON -I../utils -I. -DFUZZING_BUILD_MODE_UNSAFE_FOR_PRODUCTION -DUSE_BIT_FIELD_STRUCTURES=NO Policy_spt.c -o Policy_spt.o
#20 5.796 Object.c:539:6: warning: macro expansion producing 'defined' has undefined behavior [-Wexpansion-to-defined]
#20 5.797 #if !SMAC_IMPLEMENTED
#20 5.797      ^
#20 5.797 ./CryptHash.h:93:27: note: expanded from macro 'SMAC_IMPLEMENTED'
#20 5.797 #define SMAC_IMPLEMENTED (defined TPM_CC_MAC || defined TPM_CC_MAC_Start)
#20 5.797                           ^
#20 5.798 Object.c:539:6: warning: macro expansion producing 'defined' has undefined behavior [-Wexpansion-to-defined]
#20 5.798 ./CryptHash.h:93:49: note: expanded from macro 'SMAC_IMPLEMENTED'
#20 5.798 #define SMAC_IMPLEMENTED (defined TPM_CC_MAC || defined TPM_CC_MAC_Start)
#20 5.798                                                 ^
#20 5.822 clang -DFUZZING_BUILD_MODE_UNSAFE_FOR_PRODUCTION -pthread -Wl,--no-as-needed -Wl,-ldl -Wl,-lm -Wno-unused-command-line-argument -O3 -fsanitize-coverage=trace-pc-guard -Wall -Wmissing-declarations -Wmissing-prototypes -Wnested-externs -Wsign-compare -c -ggdb -O0 -DTPM_POSIX -DIS_POSIX -DTPM_NUVOTON -I../utils -I. -DFUZZING_BUILD_MODE_UNSAFE_FOR_PRODUCTION -DUSE_BIT_FIELD_STRUCTURES=NO Power.c -o Power.o
#20 5.830 In file included from ObjectCommands.c:62:
#20 5.831 In file included from ./Tpm.h:71:
#20 5.831 In file included from ./Global.h:84:
#20 5.831 ./CryptHash.h:129:5: warning: macro expansion producing 'defined' has undefined behavior [-Wexpansion-to-defined]
#20 5.832 #if SMAC_IMPLEMENTED
#20 5.832     ^
#20 5.832 ./CryptHash.h:93:27: note: expanded from macro 'SMAC_IMPLEMENTED'
#20 5.833 #define SMAC_IMPLEMENTED (defined TPM_CC_MAC || defined TPM_CC_MAC_Start)
#20 5.833                           ^
#20 5.833 ./CryptHash.h:129:5: warning: macro expansion producing 'defined' has undefined behavior [-Wexpansion-to-defined]
#20 5.834 ./CryptHash.h:93:49: note: expanded from macro 'SMAC_IMPLEMENTED'
#20 5.835 #define SMAC_IMPLEMENTED (defined TPM_CC_MAC || defined TPM_CC_MAC_Start)
#20 5.835                                                 ^
#20 5.856 4 warnings generated.
#20 5.862 clang -DFUZZING_BUILD_MODE_UNSAFE_FOR_PRODUCTION -pthread -Wl,--no-as-needed -Wl,-ldl -Wl,-lm -Wno-unused-command-line-argument -O3 -fsanitize-coverage=trace-pc-guard -Wall -Wmissing-declarations -Wmissing-prototypes -Wnested-externs -Wsign-compare -c -ggdb -O0 -DTPM_POSIX -DIS_POSIX -DTPM_NUVOTON -I../utils -I. -DFUZZING_BUILD_MODE_UNSAFE_FOR_PRODUCTION -DUSE_BIT_FIELD_STRUCTURES=NO PowerPlat.c -o PowerPlat.o
#20 5.880 In file included from Object_spt.c:64:
#20 5.880 In file included from ./Tpm.h:71:
#20 5.880 In file included from ./Global.h:84:
#20 5.880 ./CryptHash.h:129:5: warning: macro expansion producing 'defined' has undefined behavior [-Wexpansion-to-defined]
#20 5.881 #if SMAC_IMPLEMENTED
#20 5.881     ^
#20 5.881 ./CryptHash.h:93:27: note: expanded from macro 'SMAC_IMPLEMENTED'
#20 5.881 #define SMAC_IMPLEMENTED (defined TPM_CC_MAC || defined TPM_CC_MAC_Start)
#20 5.881                           ^
#20 5.881 ./CryptHash.h:129:5: warning: macro expansion producing 'defined' has undefined behavior [-Wexpansion-to-defined]
#20 5.882 ./CryptHash.h:93:49: note: expanded from macro 'SMAC_IMPLEMENTED'
#20 5.882 #define SMAC_IMPLEMENTED (defined TPM_CC_MAC || defined TPM_CC_MAC_Start)
#20 5.882                                                 ^
#20 5.906 clang -DFUZZING_BUILD_MODE_UNSAFE_FOR_PRODUCTION -pthread -Wl,--no-as-needed -Wl,-ldl -Wl,-lm -Wno-unused-command-line-argument -O3 -fsanitize-coverage=trace-pc-guard -Wall -Wmissing-declarations -Wmissing-prototypes -Wnested-externs -Wsign-compare -c -ggdb -O0 -DTPM_POSIX -DIS_POSIX -DTPM_NUVOTON -I../utils -I. -DFUZZING_BUILD_MODE_UNSAFE_FOR_PRODUCTION -DUSE_BIT_FIELD_STRUCTURES=NO PrimeData.c -o PrimeData.o
#20 6.004 2 warnings generated.
#20 6.013 clang -DFUZZING_BUILD_MODE_UNSAFE_FOR_PRODUCTION -pthread -Wl,--no-as-needed -Wl,-ldl -Wl,-lm -Wno-unused-command-line-argument -O3 -fsanitize-coverage=trace-pc-guard -Wall -Wmissing-declarations -Wmissing-prototypes -Wnested-externs -Wsign-compare -c -ggdb -O0 -DTPM_POSIX -DIS_POSIX -DTPM_NUVOTON -I../utils -I. -DFUZZING_BUILD_MODE_UNSAFE_FOR_PRODUCTION -DUSE_BIT_FIELD_STRUCTURES=NO PropertyCap.c -o PropertyCap.o
#20 6.039 In file included from PCR.c:73:
#20 6.040 In file included from ./Tpm.h:71:
#20 6.040 In file included from ./Global.h:84:
#20 6.040 ./CryptHash.h:129:5: warning: macro expansion producing 'defined' has undefined behavior [-Wexpansion-to-defined]
#20 6.041 #if SMAC_IMPLEMENTED
#20 6.041     ^
#20 6.041 ./CryptHash.h:93:27: note: expanded from macro 'SMAC_IMPLEMENTED'
#20 6.041 #define SMAC_IMPLEMENTED (defined TPM_CC_MAC || defined TPM_CC_MAC_Start)
#20 6.042                           ^
#20 6.042 ./CryptHash.h:129:5: warning: macro expansion producing 'defined' has undefined behavior [-Wexpansion-to-defined]
#20 6.042 ./CryptHash.h:93:49: note: expanded from macro 'SMAC_IMPLEMENTED'
#20 6.042 #define SMAC_IMPLEMENTED (defined TPM_CC_MAC || defined TPM_CC_MAC_Start)
#20 6.042                                                 ^
#20 6.065 2 warnings generated.
#20 6.071 clang -DFUZZING_BUILD_MODE_UNSAFE_FOR_PRODUCTION -pthread -Wl,--no-as-needed -Wl,-ldl -Wl,-lm -Wno-unused-command-line-argument -O3 -fsanitize-coverage=trace-pc-guard -Wall -Wmissing-declarations -Wmissing-prototypes -Wnested-externs -Wsign-compare -c -ggdb -O0 -DTPM_POSIX -DIS_POSIX -DTPM_NUVOTON -I../utils -I. -DFUZZING_BUILD_MODE_UNSAFE_FOR_PRODUCTION -DUSE_BIT_FIELD_STRUCTURES=NO RandomCommands.c -o RandomCommands.o
#20 6.088 In file included from PP.c:66:
#20 6.088 In file included from ./Tpm.h:71:
#20 6.089 In file included from ./Global.h:84:
#20 6.089 ./CryptHash.h:129:5: warning: macro expansion producing 'defined' has undefined behavior [-Wexpansion-to-defined]
#20 6.090 #if SMAC_IMPLEMENTED
#20 6.090     ^
#20 6.090 ./CryptHash.h:93:27: note: expanded from macro 'SMAC_IMPLEMENTED'
#20 6.091 #define SMAC_IMPLEMENTED (defined TPM_CC_MAC || defined TPM_CC_MAC_Start)
#20 6.091                           ^
#20 6.091 ./CryptHash.h:129:5: warning: macro expansion producing 'defined' has undefined behavior [-Wexpansion-to-defined]
#20 6.091 ./CryptHash.h:93:49: note: expanded from macro 'SMAC_IMPLEMENTED'
#20 6.092 #define SMAC_IMPLEMENTED (defined TPM_CC_MAC || defined TPM_CC_MAC_Start)
#20 6.092                                                 ^
#20 6.151 In file included from Policy_spt.c:63:
#20 6.151 In file included from ./Tpm.h:71:
#20 6.151 In file included from ./Global.h:84:
#20 6.151 ./CryptHash.h:129:5: warning: macro expansion producing 'defined' has undefined behavior [-Wexpansion-to-defined]
#20 6.151 #if SMAC_IMPLEMENTED
#20 6.152     ^
#20 6.152 ./CryptHash.h:93:27: note: expanded from macro 'SMAC_IMPLEMENTED'
#20 6.152 #define SMAC_IMPLEMENTED (defined TPM_CC_MAC || defined TPM_CC_MAC_Start)
#20 6.152                           ^
#20 6.152 ./CryptHash.h:129:5: warning: macro expansion producing 'defined' has undefined behavior [-Wexpansion-to-defined]
#20 6.152 ./CryptHash.h:93:49: note: expanded from macro 'SMAC_IMPLEMENTED'
#20 6.153 #define SMAC_IMPLEMENTED (defined TPM_CC_MAC || defined TPM_CC_MAC_Start)
#20 6.153                                                 ^
#20 6.164 2 warnings generated.
#20 6.170 clang -DFUZZING_BUILD_MODE_UNSAFE_FOR_PRODUCTION -pthread -Wl,--no-as-needed -Wl,-ldl -Wl,-lm -Wno-unused-command-line-argument -O3 -fsanitize-coverage=trace-pc-guard -Wall -Wmissing-declarations -Wmissing-prototypes -Wnested-externs -Wsign-compare -c -ggdb -O0 -DTPM_POSIX -DIS_POSIX -DTPM_NUVOTON -I../utils -I. -DFUZZING_BUILD_MODE_UNSAFE_FOR_PRODUCTION -DUSE_BIT_FIELD_STRUCTURES=NO Response.c -o Response.o
#20 6.176 In file included from Power.c:67:
#20 6.176 In file included from ./Tpm.h:71:
#20 6.176 In file included from ./Global.h:84:
#20 6.176 ./CryptHash.h:129:5: warning: macro expansion producing 'defined' has undefined behavior [-Wexpansion-to-defined]
#20 6.177 #if SMAC_IMPLEMENTED
#20 6.177     ^
#20 6.177 ./CryptHash.h:93:27: note: expanded from macro 'SMAC_IMPLEMENTED'
#20 6.177 #define SMAC_IMPLEMENTED (defined TPM_CC_MAC || defined TPM_CC_MAC_Start)
#20 6.177                           ^
#20 6.177 ./CryptHash.h:129:5: warning: macro expansion producing 'defined' has undefined behavior [-Wexpansion-to-defined]
#20 6.178 ./CryptHash.h:93:49: note: expanded from macro 'SMAC_IMPLEMENTED'
#20 6.178 #define SMAC_IMPLEMENTED (defined TPM_CC_MAC || defined TPM_CC_MAC_Start)
#20 6.178                                                 ^
#20 6.261 In file included from PrimeData.c:62:
#20 6.261 In file included from ./Tpm.h:71:
#20 6.261 In file included from ./Global.h:84:
#20 6.262 ./CryptHash.h:129:5: warning: macro expansion producing 'defined' has undefined behavior [-Wexpansion-to-defined]
#20 6.262 #if SMAC_IMPLEMENTED
#20 6.262     ^
#20 6.262 ./CryptHash.h:93:27: note: expanded from macro 'SMAC_IMPLEMENTED'
#20 6.262 #define SMAC_IMPLEMENTED (defined TPM_CC_MAC || defined TPM_CC_MAC_Start)
#20 6.263                           ^
#20 6.263 ./CryptHash.h:129:5: warning: macro expansion producing 'defined' has undefined behavior [-Wexpansion-to-defined]
#20 6.263 ./CryptHash.h:93:49: note: expanded from macro 'SMAC_IMPLEMENTED'
#20 6.263 #define SMAC_IMPLEMENTED (defined TPM_CC_MAC || defined TPM_CC_MAC_Start)
#20 6.264                                                 ^
#20 6.282 2 warnings generated.
#20 6.288 clang -DFUZZING_BUILD_MODE_UNSAFE_FOR_PRODUCTION -pthread -Wl,--no-as-needed -Wl,-ldl -Wl,-lm -Wno-unused-command-line-argument -O3 -fsanitize-coverage=trace-pc-guard -Wall -Wmissing-declarations -Wmissing-prototypes -Wnested-externs -Wsign-compare -c -ggdb -O0 -DTPM_POSIX -DIS_POSIX -DTPM_NUVOTON -I../utils -I. -DFUZZING_BUILD_MODE_UNSAFE_FOR_PRODUCTION -DUSE_BIT_FIELD_STRUCTURES=NO ResponseCodeProcessing.c -o ResponseCodeProcessing.o
#20 6.303 2 warnings generated.
#20 6.309 clang -DFUZZING_BUILD_MODE_UNSAFE_FOR_PRODUCTION -pthread -Wl,--no-as-needed -Wl,-ldl -Wl,-lm -Wno-unused-command-line-argument -O3 -fsanitize-coverage=trace-pc-guard -Wall -Wmissing-declarations -Wmissing-prototypes -Wnested-externs -Wsign-compare -c -ggdb -O0 -DTPM_POSIX -DIS_POSIX -DTPM_NUVOTON -I../utils -I. -DFUZZING_BUILD_MODE_UNSAFE_FOR_PRODUCTION -DUSE_BIT_FIELD_STRUCTURES=NO RsaKeyCache.c -o RsaKeyCache.o
#20 6.355 2 warnings generated.
#20 6.356 In file included from PropertyCap.c:66:
#20 6.357 In file included from ./Tpm.h:71:
#20 6.357 In file included from ./Global.h:84:
#20 6.357 ./CryptHash.h:129:5: warning: macro expansion producing 'defined' has undefined behavior [-Wexpansion-to-defined]
#20 6.357 #if SMAC_IMPLEMENTED
#20 6.358     ^
#20 6.358 ./CryptHash.h:93:27: note: expanded from macro 'SMAC_IMPLEMENTED'
#20 6.358 #define SMAC_IMPLEMENTED (defined TPM_CC_MAC || defined TPM_CC_MAC_Start)
#20 6.358                           ^
#20 6.358 ./CryptHash.h:129:5:2 warnings generated.
#20 6.358  warning: macro expansion producing 'defined' has undefined behavior [-Wexpansion-to-defined]
#20 6.359 ./CryptHash.h:93:49: note: expanded from macro 'SMAC_IMPLEMENTED'
#20 6.359 #define SMAC_IMPLEMENTED (defined TPM_CC_MAC || defined TPM_CC_MAC_Start)
#20 6.359                                                 ^
#20 6.362 clang -DFUZZING_BUILD_MODE_UNSAFE_FOR_PRODUCTION -pthread -Wl,--no-as-needed -Wl,-ldl -Wl,-lm -Wno-unused-command-line-argument -O3 -fsanitize-coverage=trace-pc-guard -Wall -Wmissing-declarations -Wmissing-prototypes -Wnested-externs -Wsign-compare -c -ggdb -O0 -DTPM_POSIX -DIS_POSIX -DTPM_NUVOTON -I../utils -I. -DFUZZING_BUILD_MODE_UNSAFE_FOR_PRODUCTION -DUSE_BIT_FIELD_STRUCTURES=NO RunCommand.c -o RunCommand.o
#20 6.365 clang -DFUZZING_BUILD_MODE_UNSAFE_FOR_PRODUCTION -pthread -Wl,--no-as-needed -Wl,-ldl -Wl,-lm -Wno-unused-command-line-argument -O3 -fsanitize-coverage=trace-pc-guard -Wall -Wmissing-declarations -Wmissing-prototypes -Wnested-externs -Wsign-compare -c -ggdb -O0 -DTPM_POSIX -DIS_POSIX -DTPM_NUVOTON -I../utils -I. -DFUZZING_BUILD_MODE_UNSAFE_FOR_PRODUCTION -DUSE_BIT_FIELD_STRUCTURES=NO Session.c -o Session.o
#20 6.408 clang -DFUZZING_BUILD_MODE_UNSAFE_FOR_PRODUCTION -pthread -Wl,--no-as-needed -Wl,-ldl -Wl,-lm -Wno-unused-command-line-argument -O3 -fsanitize-coverage=trace-pc-guard -Wall -Wmissing-declarations -Wmissing-prototypes -Wnested-externs -Wsign-compare -c -ggdb -O0 -DTPM_POSIX -DIS_POSIX -DTPM_NUVOTON -I../utils -I. -DFUZZING_BUILD_MODE_UNSAFE_FOR_PRODUCTION -DUSE_BIT_FIELD_STRUCTURES=NO SessionCommands.c -o SessionCommands.o
#20 6.424 In file included from RandomCommands.c:62:
#20 6.424 In file included from ./Tpm.h:71:
#20 6.424 In file included from ./Global.h:84:
#20 6.425 ./CryptHash.h:129:5: warning: macro expansion producing 'defined' has undefined behavior [-Wexpansion-to-defined]
#20 6.425 #if SMAC_IMPLEMENTED
#20 6.425     ^
#20 6.425 ./CryptHash.h:93:27: note: expanded from macro 'SMAC_IMPLEMENTED'
#20 6.426 #define SMAC_IMPLEMENTED (defined TPM_CC_MAC || defined TPM_CC_MAC_Start)
#20 6.426                           ^
#20 6.426 ./CryptHash.h:129:5: warning: macro expansion producing 'defined' has undefined behavior [-Wexpansion-to-defined]
#20 6.426 ./CryptHash.h:93:49: note: expanded from macro 'SMAC_IMPLEMENTED'
#20 6.427 #define SMAC_IMPLEMENTED (defined TPM_CC_MAC || defined TPM_CC_MAC_Start)
#20 6.427                                                 ^
#20 6.455 2 warnings generated.
#20 6.462 clang -DFUZZING_BUILD_MODE_UNSAFE_FOR_PRODUCTION -pthread -Wl,--no-as-needed -Wl,-ldl -Wl,-lm -Wno-unused-command-line-argument -O3 -fsanitize-coverage=trace-pc-guard -Wall -Wmissing-declarations -Wmissing-prototypes -Wnested-externs -Wsign-compare -c -ggdb -O0 -DTPM_POSIX -DIS_POSIX -DTPM_NUVOTON -I../utils -I. -DFUZZING_BUILD_MODE_UNSAFE_FOR_PRODUCTION -DUSE_BIT_FIELD_STRUCTURES=NO SessionProcess.c -o SessionProcess.o
#20 6.512 In file included from Response.c:67:
#20 6.512 In file included from ./Tpm.h:71:
#20 6.513 In file included from ./Global.h:84:
#20 6.513 ./CryptHash.h:129:5: warning: macro expansion producing 'defined' has undefined behavior [-Wexpansion-to-defined]
#20 6.513 #if SMAC_IMPLEMENTED
#20 6.513     ^
#20 6.513 ./CryptHash.h:93:27: note: expanded from macro 'SMAC_IMPLEMENTED'
#20 6.514 #define SMAC_IMPLEMENTED (defined TPM_CC_MAC || defined TPM_CC_MAC_Start)
#20 6.514                           ^
#20 6.514 ./CryptHash.h:129:5: warning: macro expansion producing 'defined' has undefined behavior [-Wexpansion-to-defined]
#20 6.514 ./CryptHash.h:93:49: note: expanded from macro 'SMAC_IMPLEMENTED'
#20 6.514 #define SMAC_IMPLEMENTED (defined TPM_CC_MAC || defined TPM_CC_MAC_Start)
#20 6.514                                                 ^
#20 6.568 2 warnings generated.
#20 6.574 clang -DFUZZING_BUILD_MODE_UNSAFE_FOR_PRODUCTION -pthread -Wl,--no-as-needed -Wl,-ldl -Wl,-lm -Wno-unused-command-line-argument -O3 -fsanitize-coverage=trace-pc-guard -Wall -Wmissing-declarations -Wmissing-prototypes -Wnested-externs -Wsign-compare -c -ggdb -O0 -DTPM_POSIX -DIS_POSIX -DTPM_NUVOTON -I../utils -I. -DFUZZING_BUILD_MODE_UNSAFE_FOR_PRODUCTION -DUSE_BIT_FIELD_STRUCTURES=NO SigningCommands.c -o SigningCommands.o
#20 6.606 2 warnings generated.
#20 6.612 clang -DFUZZING_BUILD_MODE_UNSAFE_FOR_PRODUCTION -pthread -Wl,--no-as-needed -Wl,-ldl -Wl,-lm -Wno-unused-command-line-argument -O3 -fsanitize-coverage=trace-pc-guard -Wall -Wmissing-declarations -Wmissing-prototypes -Wnested-externs -Wsign-compare -c -ggdb -O0 -DTPM_POSIX -DIS_POSIX -DTPM_NUVOTON -I../utils -I. -DFUZZING_BUILD_MODE_UNSAFE_FOR_PRODUCTION -DUSE_BIT_FIELD_STRUCTURES=NO StartupCommands.c -o StartupCommands.o
#20 6.642 In file included from ResponseCodeProcessing.c:67:
#20 6.643 In file included from ./Tpm.h:71:
#20 6.643 In file included from ./Global.h:84:
#20 6.643 ./CryptHash.h:129:5: warning: macro expansion producing 'defined' has undefined behavior [-Wexpansion-to-defined]
#20 6.644 #if SMAC_IMPLEMENTED
#20 6.644     ^
#20 6.644 ./CryptHash.h:93:27: note: expanded from macro 'SMAC_IMPLEMENTED'
#20 6.644 #define SMAC_IMPLEMENTED (defined TPM_CC_MAC || defined TPM_CC_MAC_Start)
#20 6.644                           ^
#20 6.645 ./CryptHash.h:129:5: warning: macro expansion producing 'defined' has undefined behavior [-Wexpansion-to-defined]
#20 6.645 ./CryptHash.h:93:49: note: expanded from macro 'SMAC_IMPLEMENTED'
#20 6.646 #define SMAC_IMPLEMENTED (defined TPM_CC_MAC || defined TPM_CC_MAC_Start)
#20 6.646                                                 ^
#20 6.660 In file included from RsaKeyCache.c:65:
#20 6.660 In file included from ./Tpm.h:71:
#20 6.660 In file included from ./Global.h:84:
#20 6.660 ./CryptHash.h:129:5: warning: macro expansion producing 'defined' has undefined behavior [-Wexpansion-to-defined]
#20 6.661 #if SMAC_IMPLEMENTED
#20 6.661     ^
#20 6.661 ./CryptHash.h:93:27: note: expanded from macro 'SMAC_IMPLEMENTED'
#20 6.661 #define SMAC_IMPLEMENTED (defined TPM_CC_MAC || defined TPM_CC_MAC_Start)
#20 6.661                           ^
#20 6.661 ./CryptHash.h:129:5: warning: macro expansion producing 'defined' has undefined behavior [-Wexpansion-to-defined]
#20 6.661 ./CryptHash.h:93:49: note: expanded from macro 'SMAC_IMPLEMENTED'
#20 6.662 #define SMAC_IMPLEMENTED (defined TPM_CC_MAC || defined TPM_CC_MAC_Start)
#20 6.662                                                 ^
#20 6.691 2 warnings generated.
#20 6.699 clang -DFUZZING_BUILD_MODE_UNSAFE_FOR_PRODUCTION -pthread -Wl,--no-as-needed -Wl,-ldl -Wl,-lm -Wno-unused-command-line-argument -O3 -fsanitize-coverage=trace-pc-guard -Wall -Wmissing-declarations -Wmissing-prototypes -Wnested-externs -Wsign-compare -c -ggdb -O0 -DTPM_POSIX -DIS_POSIX -DTPM_NUVOTON -I../utils -I. -DFUZZING_BUILD_MODE_UNSAFE_FOR_PRODUCTION -DUSE_BIT_FIELD_STRUCTURES=NO SymmetricCommands.c -o SymmetricCommands.o
#20 6.716 In file included from Session.c:64:
#20 6.717 In file included from ./Tpm.h:71:
#20 6.717 In file included from ./Global.h:84:
#20 6.717 ./CryptHash.h:129:5: warning: macro expansion producing 'defined' has undefined behavior [-Wexpansion-to-defined]
#20 6.718 #if SMAC_IMPLEMENTED
#20 6.718     ^
#20 6.718 ./CryptHash.h:93:27: note: expanded from macro 'SMAC_IMPLEMENTED'
#20 6.718 #define SMAC_IMPLEMENTED (defined TPM_CC_MAC || defined TPM_CC_MAC_Start)
#20 6.718                           ^
#20 6.718 ./CryptHash.h:129:5: warning: macro expansion producing 'defined' has undefined behavior [-Wexpansion-to-defined]
#20 6.719 ./CryptHash.h:93:49: note: expanded from macro 'SMAC_IMPLEMENTED'
#20 6.719 #define SMAC_IMPLEMENTED (defined TPM_CC_MAC || defined TPM_CC_MAC_Start)
#20 6.719                                                 ^
#20 6.753 In file included from SessionCommands.c:62:
#20 6.753 In file included from ./Tpm.h:71:
#20 6.753 In file included from ./Global.h:84:
#20 6.753 ./CryptHash.h:129:5: warning: macro expansion producing 'defined' has undefined behavior [-Wexpansion-to-defined]
#20 6.753 #if SMAC_IMPLEMENTED
#20 6.753     ^
#20 6.754 ./CryptHash.h:93:27: note: expanded from macro 'SMAC_IMPLEMENTED'
#20 6.754 #define SMAC_IMPLEMENTED (defined TPM_CC_MAC || defined TPM_CC_MAC_Start)
#20 6.754                           ^
#20 6.754 ./CryptHash.h:129:5: warning: macro expansion producing 'defined' has undefined behavior [-Wexpansion-to-defined]
#20 6.754 ./CryptHash.h:93:49: note: expanded from macro 'SMAC_IMPLEMENTED'
#20 6.755 #define SMAC_IMPLEMENTED (defined TPM_CC_MAC || defined TPM_CC_MAC_Start)
#20 6.755                                                 ^
#20 6.808 In file included from SessionProcess.c:69:
#20 6.808 In file included from ./Tpm.h:71:
#20 6.808 In file included from ./Global.h:84:
#20 6.808 ./CryptHash.h:129:5: warning: macro expansion producing 'defined' has undefined behavior [-Wexpansion-to-defined]
#20 6.808 #if SMAC_IMPLEMENTED
#20 6.808     ^
#20 6.809 ./CryptHash.h:93:27: note: expanded from macro 'SMAC_IMPLEMENTED'
#20 6.809 #define SMAC_IMPLEMENTED (defined TPM_CC_MAC || defined TPM_CC_MAC_Start)
#20 6.809                           ^
#20 6.809 ./CryptHash.h:129:5: warning: macro expansion producing 'defined' has undefined behavior [-Wexpansion-to-defined]
#20 6.809 ./CryptHash.h:93:49: note: expanded from macro 'SMAC_IMPLEMENTED'
#20 6.810 #define SMAC_IMPLEMENTED (defined TPM_CC_MAC || defined TPM_CC_MAC_Start)
#20 6.810                                                 ^
#20 6.830 2 warnings generated.
#20 6.833 2 warnings generated.
#20 6.837 clang -DFUZZING_BUILD_MODE_UNSAFE_FOR_PRODUCTION -pthread -Wl,--no-as-needed -Wl,-ldl -Wl,-lm -Wno-unused-command-line-argument -O3 -fsanitize-coverage=trace-pc-guard -Wall -Wmissing-declarations -Wmissing-prototypes -Wnested-externs -Wsign-compare -c -ggdb -O0 -DTPM_POSIX -DIS_POSIX -DTPM_NUVOTON -I../utils -I. -DFUZZING_BUILD_MODE_UNSAFE_FOR_PRODUCTION -DUSE_BIT_FIELD_STRUCTURES=NO TPMCmdp.c -o TPMCmdp.o
#20 6.839 clang -DFUZZING_BUILD_MODE_UNSAFE_FOR_PRODUCTION -pthread -Wl,--no-as-needed -Wl,-ldl -Wl,-lm -Wno-unused-command-line-argument -O3 -fsanitize-coverage=trace-pc-guard -Wall -Wmissing-declarations -Wmissing-prototypes -Wnested-externs -Wsign-compare -c -ggdb -O0 -DTPM_POSIX -DIS_POSIX -DTPM_NUVOTON -I../utils -I. -DFUZZING_BUILD_MODE_UNSAFE_FOR_PRODUCTION -DUSE_BIT_FIELD_STRUCTURES=NO TPMCmds.c -o TPMCmds.o
#20 6.933 2 warnings generated.
#20 6.934 In file included from SigningCommands.c:62:
#20 6.935 In file included from ./Tpm.h:71:
#20 6.935 In file included from ./Global.h:84:
#20 6.935 ./CryptHash.h:129:5: warning: clang -DFUZZING_BUILD_MODE_UNSAFE_FOR_PRODUCTION -pthread -Wl,--no-as-needed -Wl,-ldl -Wl,-lm -Wno-unused-command-line-argument -O3 -fsanitize-coverage=trace-pc-guard -Wall -Wmissing-declarations -Wmissing-prototypes -Wnested-externs -Wsign-compare -c -ggdb -O0 -DTPM_POSIX -DIS_POSIX -DTPM_NUVOTON -I../utils -I. -DFUZZING_BUILD_MODE_UNSAFE_FOR_PRODUCTION -DUSE_BIT_FIELD_STRUCTURES=NO TestingCommands.c -o TestingCommands.o
#20 6.936 macro expansion producing 'defined' has undefined behavior [-Wexpansion-to-defined]
#20 6.936 #if SMAC_IMPLEMENTED
#20 6.936     ^
#20 6.936 ./CryptHash.h:93:27: note: expanded from macro 'SMAC_IMPLEMENTED'
#20 6.936 #define SMAC_IMPLEMENTED (defined TPM_CC_MAC || defined TPM_CC_MAC_Start)
#20 6.937                           ^
#20 6.937 ./CryptHash.h:129:5: warning: macro expansion producing 'defined' has undefined behavior [-Wexpansion-to-defined]
#20 6.937 ./CryptHash.h:93:49: note: expanded from macro 'SMAC_IMPLEMENTED'
#20 6.938 #define SMAC_IMPLEMENTED (defined TPM_CC_MAC || defined TPM_CC_MAC_Start)
#20 6.938                                                 ^
#20 6.939 clang -DFUZZING_BUILD_MODE_UNSAFE_FOR_PRODUCTION -pthread -Wl,--no-as-needed -Wl,-ldl -Wl,-lm -Wno-unused-command-line-argument -O3 -fsanitize-coverage=trace-pc-guard -Wall -Wmissing-declarations -Wmissing-prototypes -Wnested-externs -Wsign-compare -c -ggdb -O0 -DTPM_POSIX -DIS_POSIX -DTPM_NUVOTON -I../utils -I. -DFUZZING_BUILD_MODE_UNSAFE_FOR_PRODUCTION -DUSE_BIT_FIELD_STRUCTURES=NO Ticket.c -o Ticket.o
#20 6.941 TPMCmds.c:116:1: warning: no previous prototype for function 'tpm_server_main' [-Wmissing-prototypes]
#20 6.941 tpm_server_main
#20 6.942 ^
#20 6.942 TPMCmds.c:112:1: note: declare 'static' if the function is not intended to be used outside of this translation unit
#20 6.942 int
#20 6.942 ^
#20 6.942 static 
#20 6.955 1 warning generated.
#20 6.955 2 warnings generated.
#20 6.958 clang -DFUZZING_BUILD_MODE_UNSAFE_FOR_PRODUCTION -pthread -Wl,--no-as-needed -Wl,-ldl -Wl,-lm -Wno-unused-command-line-argument -O3 -fsanitize-coverage=trace-pc-guard -Wall -Wmissing-declarations -Wmissing-prototypes -Wnested-externs -Wsign-compare -c -ggdb -O0 -DTPM_POSIX -DIS_POSIX -DTPM_NUVOTON -I../utils -I. -DFUZZING_BUILD_MODE_UNSAFE_FOR_PRODUCTION -DUSE_BIT_FIELD_STRUCTURES=NO Time.c -o Time.o
#20 6.962 clang -DFUZZING_BUILD_MODE_UNSAFE_FOR_PRODUCTION -pthread -Wl,--no-as-needed -Wl,-ldl -Wl,-lm -Wno-unused-command-line-argument -O3 -fsanitize-coverage=trace-pc-guard -Wall -Wmissing-declarations -Wmissing-prototypes -Wnested-externs -Wsign-compare -c -ggdb -O0 -DTPM_POSIX -DIS_POSIX -DTPM_NUVOTON -I../utils -I. -DFUZZING_BUILD_MODE_UNSAFE_FOR_PRODUCTION -DUSE_BIT_FIELD_STRUCTURES=NO TpmFail.c -o TpmFail.o
#20 6.967 In file included from StartupCommands.c:63:
#20 6.968 In file included from ./Tpm.h:71:
#20 6.968 In file included from ./Global.h:84:
#20 6.969 ./CryptHash.h:129:5: warning: macro expansion producing 'defined' has undefined behavior [-Wexpansion-to-defined]
#20 6.969 #if SMAC_IMPLEMENTED
#20 6.969     ^
#20 6.969 ./CryptHash.h:93:27: note: expanded from macro 'SMAC_IMPLEMENTED'
#20 6.970 #define SMAC_IMPLEMENTED (defined TPM_CC_MAC || defined TPM_CC_MAC_Start)
#20 6.970                           ^
#20 6.970 ./CryptHash.h:129:5: warning: macro expansion producing 'defined' has undefined behavior [-Wexpansion-to-defined]
#20 6.971 ./CryptHash.h:93:49: note: expanded from macro 'SMAC_IMPLEMENTED'
#20 6.971 #define SMAC_IMPLEMENTED (defined TPM_CC_MAC || defined TPM_CC_MAC_Start)
#20 6.971                                                 ^
#20 7.045 In file included from SymmetricCommands.c:62:
#20 7.045 In file included from ./Tpm.h:71:
#20 7.046 In file included from ./Global.h:84:
#20 7.047 ./CryptHash.h:129:5: warning: macro expansion producing 'defined' has undefined behavior [-Wexpansion-to-defined]
#20 7.047 #if SMAC_IMPLEMENTED
#20 7.047     ^
#20 7.047 ./CryptHash.h:93:27: note: expanded from macro 'SMAC_IMPLEMENTED'
#20 7.047 #define SMAC_IMPLEMENTED (defined TPM_CC_MAC || defined TPM_CC_MAC_Start)
#20 7.047                           ^
#20 7.047 ./CryptHash.h:129:5: warning: macro expansion producing 'defined' has undefined behavior [-Wexpansion-to-defined]
#20 7.047 ./CryptHash.h:93:49: note: expanded from macro 'SMAC_IMPLEMENTED'
#20 7.048 #define SMAC_IMPLEMENTED (defined TPM_CC_MAC || defined TPM_CC_MAC_Start)
#20 7.048                                                 ^
#20 7.123 2 warnings generated.
#20 7.130 clang -DFUZZING_BUILD_MODE_UNSAFE_FOR_PRODUCTION -pthread -Wl,--no-as-needed -Wl,-ldl -Wl,-lm -Wno-unused-command-line-argument -O3 -fsanitize-coverage=trace-pc-guard -Wall -Wmissing-declarations -Wmissing-prototypes -Wnested-externs -Wsign-compare -c -ggdb -O0 -DTPM_POSIX -DIS_POSIX -DTPM_NUVOTON -I../utils -I. -DFUZZING_BUILD_MODE_UNSAFE_FOR_PRODUCTION -DUSE_BIT_FIELD_STRUCTURES=NO TpmSizeChecks.c -o TpmSizeChecks.o
#20 7.135 2 warnings generated.
#20 7.142 clang -DFUZZING_BUILD_MODE_UNSAFE_FOR_PRODUCTION -pthread -Wl,--no-as-needed -Wl,-ldl -Wl,-lm -Wno-unused-command-line-argument -O3 -fsanitize-coverage=trace-pc-guard -Wall -Wmissing-declarations -Wmissing-prototypes -Wnested-externs -Wsign-compare -c -ggdb -O0 -DTPM_POSIX -DIS_POSIX -DTPM_NUVOTON -I../utils -I. -DFUZZING_BUILD_MODE_UNSAFE_FOR_PRODUCTION -DUSE_BIT_FIELD_STRUCTURES=NO TpmToOsslDesSupport.c -o TpmToOsslDesSupport.o
#20 7.153 clang -DFUZZING_BUILD_MODE_UNSAFE_FOR_PRODUCTION -pthread -Wl,--no-as-needed -Wl,-ldl -Wl,-lm -Wno-unused-command-line-argument -O3 -fsanitize-coverage=trace-pc-guard -Wall -Wmissing-declarations -Wmissing-prototypes -Wnested-externs -Wsign-compare -c -ggdb -O0 -DTPM_POSIX -DIS_POSIX -DTPM_NUVOTON -I../utils -I. -DFUZZING_BUILD_MODE_UNSAFE_FOR_PRODUCTION -DUSE_BIT_FIELD_STRUCTURES=NO TpmToOsslMath.c -o TpmToOsslMath.o
#20 7.163 2 warnings generated.
#20 7.170 clang -DFUZZING_BUILD_MODE_UNSAFE_FOR_PRODUCTION -pthread -Wl,--no-as-needed -Wl,-ldl -Wl,-lm -Wno-unused-command-line-argument -O3 -fsanitize-coverage=trace-pc-guard -Wall -Wmissing-declarations -Wmissing-prototypes -Wnested-externs -Wsign-compare -c -ggdb -O0 -DTPM_POSIX -DIS_POSIX -DTPM_NUVOTON -I../utils -I. -DFUZZING_BUILD_MODE_UNSAFE_FOR_PRODUCTION -DUSE_BIT_FIELD_STRUCTURES=NO TpmToOsslSupport.c -o TpmToOsslSupport.o
#20 7.235 2 warnings generated.
#20 7.241 clang -DFUZZING_BUILD_MODE_UNSAFE_FOR_PRODUCTION -pthread -Wl,--no-as-needed -Wl,-ldl -Wl,-lm -Wno-unused-command-line-argument -O3 -fsanitize-coverage=trace-pc-guard -Wall -Wmissing-declarations -Wmissing-prototypes -Wnested-externs -Wsign-compare -c -ggdb -O0 -DTPM_POSIX -DIS_POSIX -DTPM_NUVOTON -I../utils -I. -DFUZZING_BUILD_MODE_UNSAFE_FOR_PRODUCTION -DUSE_BIT_FIELD_STRUCTURES=NO Unique.c -o Unique.o
#20 7.281 In file included from TestingCommands.c:62:
#20 7.282 In file included from ./Tpm.h:71:
#20 7.283 In file included from ./Global.h:84:
#20 7.283 ./CryptHash.h:129:5: warning: macro expansion producing 'defined' has undefined behavior [-Wexpansion-to-defined]
#20 7.284 #if SMAC_IMPLEMENTED
#20 7.284     ^
#20 7.284 ./CryptHash.h:93:27: note: clang -DFUZZING_BUILD_MODE_UNSAFE_FOR_PRODUCTION -pthread -Wl,--no-as-needed -Wl,-ldl -Wl,-lm -Wno-unused-command-line-argument -O3 -fsanitize-coverage=trace-pc-guard -Wall -Wmissing-declarations -Wmissing-prototypes -Wnested-externs -Wsign-compare -c -ggdb -O0 -DTPM_POSIX -DIS_POSIX -DTPM_NUVOTON -I../utils -I. -DFUZZING_BUILD_MODE_UNSAFE_FOR_PRODUCTION -DUSE_BIT_FIELD_STRUCTURES=NO Unmarshal.c -o Unmarshal.o
#20 7.284 expanded from macro 'SMAC_IMPLEMENTED'
#20 7.285 #define SMAC_IMPLEMENTED (defined TPM_CC_MAC || defined TPM_CC_MAC_Start)
#20 7.285                           ^
#20 7.285 ./CryptHash.h:129:5: warning: macro expansion producing 'defined' has undefined behavior [-Wexpansion-to-defined]
#20 7.285 ./CryptHash.h:93:49: note: expanded from macro 'SMAC_IMPLEMENTED'
#20 7.286 #define SMAC_IMPLEMENTED (defined TPM_CC_MAC || defined TPM_CC_MAC_Start)
#20 7.286                                                 ^
#20 7.288 In file included from Ticket.c:66:
#20 7.288 In file included from ./Tpm.h:71:
#20 7.289 In file included from ./Global.h:84:
#20 7.289 ./CryptHash.h:129:5: warning: macro expansion producing 'defined' has undefined behavior [-Wexpansion-to-defined]
#20 7.289 #if SMAC_IMPLEMENTED
#20 7.289     ^
#20 7.289 ./CryptHash.h:93:27: note: expanded from macro 'SMAC_IMPLEMENTED'
#20 7.290 #define SMAC_IMPLEMENTED (defined TPM_CC_MAC || defined TPM_CC_MAC_Start)
#20 7.290                           ^
#20 7.290 ./CryptHash.h:129:5: warning: macro expansion producing 'defined' has undefined behavior [-Wexpansion-to-defined]
#20 7.290 ./CryptHash.h:93:49: note: expanded from macro 'SMAC_IMPLEMENTED'
#20 7.291 #define SMAC_IMPLEMENTED (defined TPM_CC_MAC || defined TPM_CC_MAC_Start)
#20 7.291                                                 ^
#20 7.300 In file included from Time.c:66:
#20 7.300 In file included from ./Tpm.h:71:
#20 7.300 In file included from ./Global.h:84:
#20 7.301 ./CryptHash.h:129:5: warning: macro expansion producing 'defined' has undefined behavior [-Wexpansion-to-defined]
#20 7.301 #if SMAC_IMPLEMENTED
#20 7.301     ^
#20 7.301 ./CryptHash.h:93:27: note: expanded from macro 'SMAC_IMPLEMENTED'
#20 7.301 #define SMAC_IMPLEMENTED (defined TPM_CC_MAC || defined TPM_CC_MAC_Start)
#20 7.301                           ^
#20 7.302 ./CryptHash.h:129:5: warning: macro expansion producing 'defined' has undefined behavior [-Wexpansion-to-defined]
#20 7.302 ./CryptHash.h:93:49: note: expanded from macro 'SMAC_IMPLEMENTED'
#20 7.302 #define SMAC_IMPLEMENTED (defined TPM_CC_MAC || defined TPM_CC_MAC_Start)
#20 7.302                                                 ^
#20 7.312 In file included from TpmFail.c:65:
#20 7.312 In file included from ./Tpm.h:71:
#20 7.312 In file included from ./Global.h:84:
#20 7.313 ./CryptHash.h:129:5: warning: macro expansion producing 'defined' has undefined behavior [-Wexpansion-to-defined]
#20 7.313 #if SMAC_IMPLEMENTED
#20 7.313     ^
#20 7.313 ./CryptHash.h:93:27: note: expanded from macro 'SMAC_IMPLEMENTED'
#20 7.313 #define SMAC_IMPLEMENTED (defined TPM_CC_MAC || defined TPM_CC_MAC_Start)
#20 7.313                           ^
#20 7.313 ./CryptHash.h:129:5: warning: macro expansion producing 'defined' has undefined behavior [-Wexpansion-to-defined]
#20 7.314 ./CryptHash.h:93:49: note: expanded from macro 'SMAC_IMPLEMENTED'
#20 7.314 #define SMAC_IMPLEMENTED (defined TPM_CC_MAC || defined TPM_CC_MAC_Start)
#20 7.314                                                 ^
#20 7.468 2 warnings generated.
#20 7.474 clang -DFUZZING_BUILD_MODE_UNSAFE_FOR_PRODUCTION -pthread -Wl,--no-as-needed -Wl,-ldl -Wl,-lm -Wno-unused-command-line-argument -O3 -fsanitize-coverage=trace-pc-guard -Wall -Wmissing-declarations -Wmissing-prototypes -Wnested-externs -Wsign-compare -c -ggdb -O0 -DTPM_POSIX -DIS_POSIX -DTPM_NUVOTON -I../utils -I. -DFUZZING_BUILD_MODE_UNSAFE_FOR_PRODUCTION -DUSE_BIT_FIELD_STRUCTURES=NO Vendor_TCG_Test.c -o Vendor_TCG_Test.o
#20 7.477 2 warnings generated.
#20 7.483 clang -DFUZZING_BUILD_MODE_UNSAFE_FOR_PRODUCTION -pthread -Wl,--no-as-needed -Wl,-ldl -Wl,-lm -Wno-unused-command-line-argument -O3 -fsanitize-coverage=trace-pc-guard -Wall -Wmissing-declarations -Wmissing-prototypes -Wnested-externs -Wsign-compare -c -ggdb -O0 -DTPM_POSIX -DIS_POSIX -DTPM_NUVOTON -I../utils -I. -DFUZZING_BUILD_MODE_UNSAFE_FOR_PRODUCTION -DUSE_BIT_FIELD_STRUCTURES=NO ntc2lib.c -o ntc2lib.o
#20 7.493 2 warnings generated.
#20 7.501 clang -DFUZZING_BUILD_MODE_UNSAFE_FOR_PRODUCTION -pthread -Wl,--no-as-needed -Wl,-ldl -Wl,-lm -Wno-unused-command-line-argument -O3 -fsanitize-coverage=trace-pc-guard -Wall -Wmissing-declarations -Wmissing-prototypes -Wnested-externs -Wsign-compare -c -ggdb -O0 -DTPM_POSIX -DIS_POSIX -DTPM_NUVOTON -I../utils -I. -DFUZZING_BUILD_MODE_UNSAFE_FOR_PRODUCTION -DUSE_BIT_FIELD_STRUCTURES=NO ntc2.c -o ntc2.o
#20 7.505 In file included from TpmToOsslMath.c:72:
#20 7.506 In file included from ./Tpm.h:71:
#20 7.507 In file included from ./Global.h:84:
#20 7.508 ./CryptHash.h:1292 warnings generated.
#20 7.508 Unmarshal.c:729:15: warning: explicitly assigning value of variable of type 'BOOL' (aka 'int') to itself [-Wself-assign]
#20 7.508     allowNull = allowNull;
#20 7.508     ~~~~~~~~~ ^ ~~~~~~~~~
#20 7.508 :5: warning: macro expansion producing 'defined' has undefined behavior [-Wexpansion-to-defined]
#20 7.508 #if SMAC_IMPLEMENTED
#20 7.509     ^
#20 7.509 ./CryptHash.h:Unmarshal.c93::749:15: warning: explicitly assigning value of variable of type 'BOOL' (aka 'int') to itself [-Wself-assign]
#20 7.509 27    allowNull = allowNull;
#20 7.509     ~~~~~~~~~ ^ ~~~~~~~~~
#20 7.509 : note: expanded from macro 'SMAC_IMPLEMENTED'
#20 7.510 #define SMAC_IMPLEMENTED (defined TPM_CC_MAC || defined TPM_CC_MAC_Start)
#20 7.510                           ^
#20 7.510 ./CryptHash.h:129:5: warning: macro expansion producing 'defined' has undefined behavior [-Wexpansion-to-defined]
#20 7.510 Unmarshal.c:769:15: warning: explicitly assigning value of variable of type 'BOOL' (aka 'int') to itself [-Wself-assign]
#20 7.510     allowNull = allowNull;
#20 7.510     ~~~~~~~~~ ^ ~~~~~~~~~
#20 7.510 ./CryptHash.h:93:49: note: expanded from macro 'SMAC_IMPLEMENTED'
#20 7.511 #define SMAC_IMPLEMENTED (defined TPM_CC_MAC || defined TPM_CC_MAC_Start)
#20 7.511                                                 ^
#20 7.512 In file included from TpmToOsslDesSupport.c:67:
#20 7.512 In file included from ./Tpm.h:71:
#20 7.513 Unmarshal.c:793:15: warning: explicitly assigning value of variable of type 'BOOL' (aka 'int') to itself [-Wself-assign]
#20 7.513     allowNull = allowNull;
#20 7.513     ~~~~~~~~~ ^ ~~~~~~~~~
#20 7.513 In file included from ./Global.h:84:
#20 7.513 ./CryptHash.h:129:5: warning: macro expansion producing 'defined' has undefined behavior [-Wexpansion-to-defined]
#20 7.514 #if SMAC_IMPLEMENTED
#20 7.514     ^
#20 7.514 ./CryptHash.h:93:27: note: expanded from macro 'SMAC_IMPLEMENTED'
#20 7.514 clang -DFUZZING_BUILD_MODE_UNSAFE_FOR_PRODUCTION -pthread -Wl,--no-as-needed -Wl,-ldl -Wl,-lm -Wno-unused-command-line-argument -O3 -fsanitize-coverage=trace-pc-guard -Wall -Wmissing-declarations -Wmissing-prototypes -Wnested-externs -Wsign-compare -c -ggdb -O0 -DTPM_POSIX -DIS_POSIX -DTPM_NUVOTON -I../utils -I. -DFUZZING_BUILD_MODE_UNSAFE_FOR_PRODUCTION -DUSE_BIT_FIELD_STRUCTURES=NO TcpServerPosix.c -o TcpServerPosix.o
#20 7.514 #define SMAC_IMPLEMENTED (defined TPM_CC_MAC || defined TPM_CC_MAC_Start)
#20 7.514                           ^
#20 7.514 ./CryptHash.h:129:5: warning: macro expansion producing 'defined' has undefined behavior [-Wexpansion-to-defined]
#20 7.515 ./CryptHash.h:93:49: note: expanded from macro 'SMAC_IMPLEMENTED'
#20 7.515 #define SMAC_IMPLEMENTED (defined TPM_CC_MAC || defined TPM_CC_MAC_Start)
#20 7.515                                                 ^
#20 7.516 Unmarshal.c:876:15: warning: explicitly assigning value of variable of type 'BOOL' (aka 'int') to itself [-Wself-assign]
#20 7.517     allowNull = allowNull;
#20 7.517     ~~~~~~~~~ ^ ~~~~~~~~~
#20 7.518 Unmarshal.c:901:15: warning: explicitly assigning value of variable of type 'BOOL' (aka 'int') to itself [-Wself-assign]
#20 7.518     allowNull = allowNull;
#20 7.518     ~~~~~~~~~ ^ ~~~~~~~~~
#20 7.520 Unmarshal.c:948:15: warning: explicitly assigning value of variable of type 'BOOL' (aka 'int') to itself [-Wself-assign]
#20 7.520     allowNull = allowNull;
#20 7.520     ~~~~~~~~~ ^ ~~~~~~~~~
#20 7.521 Unmarshal.c:971:15: warning: explicitly assigning value of variable of type 'BOOL' (aka 'int') to itself [-Wself-assign]
#20 7.521     allowNull = allowNull;
#20 7.521     ~~~~~~~~~ ^ ~~~~~~~~~
#20 7.522 Unmarshal.c:994:15: warning: explicitly assigning value of variable of type 'BOOL' (aka 'int') to itself [-Wself-assign]
#20 7.522     allowNull = allowNull;
#20 7.522     ~~~~~~~~~ ^ ~~~~~~~~~
#20 7.524 Unmarshal.c:1022:15: warning: explicitly assigning value of variable of type 'BOOL' (aka 'int') to itself [-Wself-assign]
#20 7.524     allowNull = allowNull;
#20 7.524     ~~~~~~~~~ ^ ~~~~~~~~~
#20 7.525 Unmarshal.c:1044:15: warning: explicitly assigning value of variable of type 'BOOL' (aka 'int') to itself [-Wself-assign]
#20 7.525     allowNull = allowNull;
#20 7.525     ~~~~~~~~~ ^ ~~~~~~~~~
#20 7.526 In file included from TpmToOsslSupport.c:67:
#20 7.526 In file included from ./Tpm.h:71:
#20 7.526 In file included from ./Global.h:84:
#20 7.526 ./CryptHash.h:129:5: warning: macro expansion producing 'defined' has undefined behavior [-Wexpansion-to-defined]
#20 7.527 #if SMAC_IMPLEMENTED
#20 7.527     ^
#20 7.527 ./CryptHash.h:93:27: note: expanded from macro 'SMAC_IMPLEMENTED'
#20 7.527 #define SMAC_IMPLEMENTED (defined TPM_CC_MAC || defined TPM_CC_MAC_Start)
#20 7.527                           ^
#20 7.527 ./CryptHash.h:129:5: warning: macro expansion producing 'defined' has undefined behavior [-Wexpansion-to-defined]
#20 7.528 ./CryptHash.h:93:49: note: expanded from macro 'SMAC_IMPLEMENTED'
#20 7.528 #define SMAC_IMPLEMENTED (defined TPM_CC_MAC || defined TPM_CC_MAC_Start)
#20 7.529                                                 ^
#20 7.535 Unmarshal.c:1432:12: warning: explicitly assigning value of variable of type 'TPMS_EMPTY *' (aka 'unsigned char *') to itself [-Wself-assign]
#20 7.536     target = target;
#20 7.536     ~~~~~~ ^ ~~~~~~
#20 7.536 Unmarshal.c:1433:12: warning: explicitly assigning value of variable of type 'BYTE **' (aka 'unsigned char **') to itself [-Wself-assign]
#20 7.536     buffer = buffer;
#20 7.536     ~~~~~~ ^ ~~~~~~
#20 7.536 Unmarshal.c:1434:10: warning: explicitly assigning value of variable of type 'INT32 *' (aka 'int *') to itself [-Wself-assign]
#20 7.537     size = size;
#20 7.537     ~~~~ ^ ~~~~
#20 7.634 TcpServerPosix.c:89:15: warning: unused variable 'ServerVersion' [-Wunused-variable]
#20 7.634 static UINT32 ServerVersion = 1;
#20 7.634               ^
#20 7.667 1 warning generated.
#20 7.671 clang++ -DFUZZING_BUILD_MODE_UNSAFE_FOR_PRODUCTION -pthread -Wl,--no-as-needed -Wl,-ldl -Wl,-lm -Wno-unused-command-line-argument -stdlib=libc++ -O3 -fsanitize-coverage=trace-pc-guard -DFUZZING_BUILD_MODE_UNSAFE_FOR_PRODUCTION -pthread -Wl,--no-as-needed -Wl,-ldl -Wl,-lm -Wno-unused-command-line-argument -O3 -fsanitize-coverage=trace-pc-guard -Wall -Wmissing-declarations -Wmissing-prototypes -Wnested-externs -Wsign-compare -c -ggdb -O0 -DTPM_POSIX -DIS_POSIX -DTPM_NUVOTON -I../utils -I. -DFUZZING_BUILD_MODE_UNSAFE_FOR_PRODUCTION -DUSE_BIT_FIELD_STRUCTURES=NO /libAFL.a fuzzer.cc -o fuzzer.o
#20 7.692 2 warnings generated.
#20 7.700 2 warnings generated.
#20 7.761 fuzzer.cc:26:16: warning: no previous prototype for function 'LLVMFuzzerTestOneInput' [-Wmissing-prototypes]
#20 7.761 extern "C" int LLVMFuzzerTestOneInput(const uint8_t *Data, size_t Size) {
#20 7.761                ^
#20 7.761 fuzzer.cc:26:12: note: declare 'static' if the function is not intended to be used outside of this translation unit
#20 7.761 extern "C" int LLVMFuzzerTestOneInput(const uint8_t *Data, size_t Size) {
#20 7.761            ^
#20 7.761            static 
#20 7.767 1 warning generated.
#20 7.771 In file included from Vendor_TCG_Test.c:62:
#20 7.771 In file included from ./Tpm.h:71:
#20 7.771 In file included from ./Global.h:84:
#20 7.771 ./CryptHash.h:129:5: warning: macro expansion producing 'defined' has undefined behavior [-Wexpansion-to-defined]
#20 7.771 #if SMAC_IMPLEMENTED
#20 7.771     ^
#20 7.771 ./CryptHash.h:93:27: note: expanded from macro 'SMAC_IMPLEMENTED'
#20 7.771 #define SMAC_IMPLEMENTED (defined TPM_CC_MAC || defined TPM_CC_MAC_Start)
#20 7.771                           ^
#20 7.771 ./CryptHash.h:129:5: warning: macro expansion producing 'defined' has undefined behavior [-Wexpansion-to-defined]
#20 7.771 ./CryptHash.h:93:49: note: expanded from macro 'SMAC_IMPLEMENTED'
#20 7.771 #define SMAC_IMPLEMENTED (defined TPM_CC_MAC || defined TPM_CC_MAC_Start)
#20 7.771                                                 ^
#20 7.876 2 warnings generated.
#20 7.934 2 warnings generated.
#20 7.963 14 warnings generated.
#20 7.967 clang++ -DFUZZING_BUILD_MODE_UNSAFE_FOR_PRODUCTION -pthread -Wl,--no-as-needed -Wl,-ldl -Wl,-lm -Wno-unused-command-line-argument -stdlib=libc++ -O3 -fsanitize-coverage=trace-pc-guard fuzzer.o AlgorithmCap.o AlgorithmTests.o AsymmetricCommands.o Attest_spt.o AttestationCommands.o AuditCommands.o Bits.o BnConvert.o BnEccData.o BnMath.o BnMemory.o Cancel.o CapabilityCommands.o Clock.o ClockCommands.o CommandAudit.o CommandCodeAttributes.o CommandDispatcher.o ContextCommands.o Context_spt.o CryptDes.o CryptCmac.o CryptEccKeyExchange.o CryptEccMain.o CryptEccSignature.o CryptHash.o CryptHashData.o CryptPrime.o CryptPrimeSieve.o CryptRand.o CryptRsa.o CryptSelfTest.o CryptSmac.o CryptSym.o CryptUtil.o DA.o DictionaryCommands.o DuplicationCommands.o EACommands.o EncryptDecrypt_spt.o Entity.o Entropy.o EphemeralCommands.o ExecCommand.o Global.o Handle.o HashCommands.o Hierarchy.o HierarchyCommands.o IoBuffers.o IntegrityCommands.o Locality.o LocalityPlat.o ManagementCommands.o Manufacture.o Marshal.o MathOnByteBuffers.o Memory.o NVCommands.o NVDynamic.o NVMem.o NVReserved.o NV_spt.o Object.o ObjectCommands.o Object_spt.o PCR.o PP.o PPPlat.o PlatformData.o Policy_spt.o Power.o PowerPlat.o PrimeData.o PropertyCap.o RandomCommands.o Response.o ResponseCodeProcessing.o RsaKeyCache.o RunCommand.o Session.o SessionCommands.o SessionProcess.o SigningCommands.o StartupCommands.o SymmetricCommands.o TPMCmdp.o TPMCmds.o TestingCommands.o Ticket.o Time.o TpmFail.o TpmSizeChecks.o TpmToOsslDesSupport.o TpmToOsslMath.o TpmToOsslSupport.o Unique.o Unmarshal.o Vendor_TCG_Test.o ntc2lib.o ntc2.o TcpServerPosix.o -ggdb -DTPM_POSIX -DTPM_NUVOTON -lcrypto -lpthread -lrt -I. -DFUZZING_BUILD_MODE_UNSAFE_FOR_PRODUCTION /libAFL.a -o fuzz_tpm_server
#20 8.375 + cp fuzz_tpm_server /out/fuzz_tpm_server
#20 8.384 [post_build] Copying afl-fuzz to $OUT directory
#20 DONE 9.2s

#21 exporting to image
#21 sha256:e8c613e07b0b7ff33893b694f7759a10d42e180f2b4dc349fb57dc6b71dcab00
#21 exporting layers done
#21 writing image sha256:37438c933a41653200101cf739d1995e8ee39bff8fcae6c259daf98a0a0bcadd
#21 writing image sha256:37438c933a41653200101cf739d1995e8ee39bff8fcae6c259daf98a0a0bcadd 0.0s done
#21 naming to gcr.io/fuzzbench/builders/afl/ibmswtpm2_fuzzer 0.0s done
#21 DONE 0.5s

#22 exporting cache
#22 sha256:2700d4ef94dee473593c5c614b55b2dedcca7893909811a8f2b48291a1f581e4
#22 preparing build cache for export done
#22 DONE 0.0s
------
 > importing cache manifest from gcr.io/fuzzbench/builders/afl/ibmswtpm2_fuzzer:
------
#1 [internal] load build definition from runner.Dockerfile
#1 sha256:824e29caa04483f1fa0bb88087df18037c42296ae1a6d5017aea7c6757ac3ddd
#1 transferring dockerfile: 656B done
#1 DONE 0.1s

#2 [internal] load .dockerignore
#2 sha256:54387ab57732ee72e3684c47c5ffccb623b49de229be0c403a5d99d5679b8e45
#2 transferring context: 2B done
#2 DONE 0.2s

#3 [internal] load metadata for gcr.io/fuzzbench/base-image:latest
#3 sha256:932022888f650cc455b10eb5123bb08c0cccacac29a693e69314abbfd28a72c3
#3 DONE 0.0s

#4 [1/1] FROM gcr.io/fuzzbench/base-image
#4 sha256:4d07825694520f8b6f6a0d8592dbd345433361ae044cb7f06706c5a95e3daaad
#4 DONE 0.0s

#5 importing cache manifest from gcr.io/fuzzbench/runners/afl/ibmswtpm2_fuzzer-intermediate
#5 sha256:f5c4a45906a7f1e842453fb15d810eaf5f3638ce70e48c44fe69b6d4c8a3c6f7
#5 ERROR: gcr.io/fuzzbench/runners/afl/ibmswtpm2_fuzzer-intermediate:latest: not found

#4 [1/1] FROM gcr.io/fuzzbench/base-image
#4 sha256:4d07825694520f8b6f6a0d8592dbd345433361ae044cb7f06706c5a95e3daaad
#4 CACHED

#6 exporting to image
#6 sha256:e8c613e07b0b7ff33893b694f7759a10d42e180f2b4dc349fb57dc6b71dcab00
#6 exporting layers done
#6 writing image sha256:4efbd5e416c83953b598ff82cefe236e4f25c5eeda46088ba83e35554e2d5ee7
#6 writing image sha256:4efbd5e416c83953b598ff82cefe236e4f25c5eeda46088ba83e35554e2d5ee7 done
#6 naming to gcr.io/fuzzbench/runners/afl/ibmswtpm2_fuzzer-intermediate done
#6 DONE 0.1s

#7 exporting cache
#7 sha256:2700d4ef94dee473593c5c614b55b2dedcca7893909811a8f2b48291a1f581e4
#7 preparing build cache for export done
#7 DONE 0.0s
------
 > importing cache manifest from gcr.io/fuzzbench/runners/afl/ibmswtpm2_fuzzer-intermediate:
------
#1 [internal] load build definition from Dockerfile
#1 sha256:070eb7737b0c737cf8e0322318544a935bfc868c30d524eeb21ce88aa339a2b4
#1 transferring dockerfile: 3.17kB done
#1 DONE 0.1s

#2 [internal] load .dockerignore
#2 sha256:1115a3f12b25cafa6ae4abae25f608960d49b2e70afc686557b9a75d8fb0f526
#2 transferring context: 34B done
#2 DONE 0.1s

#3 [internal] load metadata for gcr.io/fuzzbench/runners/afl/ibmswtpm2_fuzzer-intermediate:latest
#3 sha256:1a7e284959ecbca8944b54e046e1715c5825f93454c99d64c4889406c1481720
#3 DONE 0.0s

#4 [internal] load metadata for gcr.io/fuzzbench/builders/afl/ibmswtpm2_fuzzer:latest
#4 sha256:e1aef5447ae94c2ae011c8bfff0f8d168998cb8bb9914cbad096e9c176cc9d30
#4 DONE 0.0s

#12 [internal] load build context
#12 sha256:c0452cfc53890f61a8dbb3047de0620a31ad11f7ff1f86bcf09fad8048d5927a
#12 DONE 0.0s

#6 [stage-1  1/13] FROM gcr.io/fuzzbench/runners/afl/ibmswtpm2_fuzzer-intermediate
#6 sha256:a28226c326fd1a6ce2e587f64375eb23284a20840484f240982c87b06992e884
#6 DONE 0.0s

#10 [builder 1/1] FROM gcr.io/fuzzbench/builders/afl/ibmswtpm2_fuzzer
#10 sha256:8dc27a3572677ba74412419ad9310747734315fa25280970347c277411e4959a
#10 DONE 0.0s

#5 importing cache manifest from gcr.io/fuzzbench/runners/afl/ibmswtpm2_fuzzer
#5 sha256:22358bbb3b5dbd89c5df62e53c97f466991d6ebb784832653f137d103629922a
#5 ERROR: gcr.io/fuzzbench/runners/afl/ibmswtpm2_fuzzer:latest: not found

#12 [internal] load build context
#12 sha256:c0452cfc53890f61a8dbb3047de0620a31ad11f7ff1f86bcf09fad8048d5927a
#12 transferring context: 17.54MB 0.6s done
#12 DONE 0.8s

#10 [builder 1/1] FROM gcr.io/fuzzbench/builders/afl/ibmswtpm2_fuzzer
#10 sha256:8dc27a3572677ba74412419ad9310747734315fa25280970347c277411e4959a
#10 DONE 1.3s

#9 [stage-1  4/13] WORKDIR /out
#9 sha256:d1c7b0dc61d326d193df07687aa5c82ad741af5e5d7735ed26e6fbdab794efb7
#9 CACHED

#7 [stage-1  2/13] RUN apt-get update -y && apt-get install -y     libglib2.0-0     libxml2     libarchive13     libgss3
#7 sha256:6d0d6bb0f295156de5cdec5dfc4d99b8ca4167b2eb4575ae0a4baee7b32f8757
#7 CACHED

#8 [stage-1  3/13] RUN mkdir -p /out
#8 sha256:33df23188c995343423171d8e201c8146fcd0b7e0391be82d8892b1b83d8d5f6
#8 CACHED

#11 [stage-1  5/13] COPY --from=builder /out/ ./
#11 sha256:e245f0b9896750851be823660e80d666607b93ad5a0c7fb040639b3e1f418942
#11 CACHED

#13 [stage-1  6/13] COPY benchmarks /src/benchmarks
#13 sha256:ca524e274bcf5dee1976212acf1a3a36ecf19ad40b194d59aa82f5e616aa2022
#13 DONE 1.1s

#14 [stage-1  7/13] COPY fuzzers /src/fuzzers
#14 sha256:e216ab1d6c60d3a1f168e5a0ce55a0003483742a6c622cae7f4866505293c74b
#14 DONE 0.4s

#15 [stage-1  8/13] RUN touch __init__.py
#15 sha256:49324d6046023db08fa4754f9a117de979bd940b5ed7ecd7e3c8c919a38a2045
#15 DONE 0.7s

#16 [stage-1  9/13] RUN mkdir -p /out/seeds /out/corpus
#16 sha256:de257aa75411453ef71c03acdad4a8bc104d8bc33573f0fb1112d90e343b0187
#16 DONE 0.5s

#17 [stage-1 10/13] COPY common /src/common
#17 sha256:6c864cb9aeb06a3fbd7dc42dcc8e9fb8160cee8c49270038a50c6a1d165d4d01
#17 DONE 0.1s

#18 [stage-1 11/13] COPY experiment/runner.py /src/experiment/runner.py
#18 sha256:8c1a41584081c41c413f0ca3a42f45cea42b047aaacd33c283945213df5eb81e
#18 DONE 0.1s

#19 [stage-1 12/13] COPY docker/benchmark-runner /src/docker/benchmark-runner
#19 sha256:404c9481628d105bb1392a91896ec95f8a1ad07dfb6f73a94d7b6d724b98230a
#19 DONE 0.1s

#20 [stage-1 13/13] RUN chmod +x /src/docker/benchmark-runner/startup-runner.sh
#20 sha256:92266f0b682d48fc103115068e3f3fdbec56fae4f4fb485a255361f012661acb
#20 DONE 0.6s

#21 exporting to image
#21 sha256:e8c613e07b0b7ff33893b694f7759a10d42e180f2b4dc349fb57dc6b71dcab00
#21 exporting layers done
#21 writing image sha256:861a5da67a6e863c7c27264279705ff0c4a43f4bf821c362ea4018aa487dee08 done
#21 naming to gcr.io/fuzzbench/runners/afl/ibmswtpm2_fuzzer done
#21 DONE 0.0s

#22 exporting cache
#22 sha256:2700d4ef94dee473593c5c614b55b2dedcca7893909811a8f2b48291a1f581e4
#22 preparing build cache for export done
#22 DONE 0.0s
------
 > importing cache manifest from gcr.io/fuzzbench/runners/afl/ibmswtpm2_fuzzer:
------
INFO:root:Doing trial as part of experiment.
INFO:root:Starting trial.
ERROR:root:Fuzz target binary not found.
INFO:root:Doing final sync.
ERROR:root:Call to <function get_stats at 0x7fc506a9ef70> failed. Extras: {'traceback': 'Traceback (most recent call last):\n  File "/src/experiment/runner.py", line 374, in record_stats\n    stats_json_str = fuzzer_module_get_stats(output_corpus,\n  File "/src/fuzzers/afl/fuzzer.py", line 51, in get_stats\n    with open(stats_file) as file_handle:\nFileNotFoundError: [Errno 2] No such file or directory: \'/out/corpus/fuzzer_stats\'\n'}
/bin/sh: 1: source: not found
#2 [internal] load .dockerignore
#2 sha256:3653962d3cb936ca604bc96e014dbff723355853e12f773f7f1d027599537c68
#2 transferring context: 2B done
#2 DONE 0.2s

#1 [internal] load build definition from Dockerfile
#1 sha256:7e8438037b76039a79dc5a0a1f31f34f075b434cc1ab287dee39f39148be0fe2
#1 transferring dockerfile: 32B done
#1 DONE 0.2s

#3 [internal] load metadata for gcr.io/oss-fuzz-base/base-builder:latest
#3 sha256:f10dc39cc9d418a5bc416dead31a1902b6821fdae909cd3b08f7a3fd1faba7b5
#3 DONE 0.4s

#5 [1/8] FROM gcr.io/oss-fuzz-base/base-builder@sha256:f4e5ea12494fab091c5d830cf803b3421f2860f729b9d1b07da44924396cf8cf
#5 sha256:ef290950573a2779ee526af357b28fbddfc20d7409aa51f58f777c9e972cba29
#5 DONE 0.0s

#4 importing cache manifest from gcr.io/fuzzbench/builders/benchmark/ibmswtpm2_fuzzer
#4 sha256:305d6b208c70365879003357b579084aba22412e11583a39d7ac0faa3db182a7
#4 DONE 0.0s

#9 [internal] load build context
#9 sha256:ce196bf2f036b84fc95b49c9bf35b32a8113cd478f72779c6176ad46b9ef3d0c
#9 transferring context: 94B done
#9 DONE 0.1s

#12 [7/8] COPY no_writes.patch /src/
#12 sha256:c273d28d6e2c7887e0b5c5c898546beb11d2d2d87ac3927fda38a54807840229
#12 CACHED

#6 [2/8] RUN apt-get update && apt-get install -y make autoconf automake libtool libssl-dev curl tar g++
#6 sha256:9a6dc14d6f3bba7fed32add56c117e4df20065c541861334aead2685c69dc9b3
#6 CACHED

#7 [3/8] RUN mkdir ibmswtpm2 &&   cd ibmswtpm2 &&   curl -sSL "https://downloads.sourceforge.net/project/ibmswtpm2/ibmtpm1332.tar.gz" | tar xvz
#7 sha256:1a5463ba3c72abff8ecd50ee9c561410ba2a0be25dfcf990374dad90a8300a96
#7 CACHED

#8 [4/8] WORKDIR ibmswtpm2/src
#8 sha256:d7479ce0f23e9145d4511d315d621eb1dc8cde0f6725d66a82f0b2b9d8da115f
#8 CACHED

#10 [5/8] COPY build.sh /src/
#10 sha256:1383e28ba1a7a3cf94eeb181ac94ee4e888d71447c5650d383bfdee586eae77c
#10 CACHED

#11 [6/8] COPY fuzzer.cc ./
#11 sha256:e00ab6ccf19ddbd4f8fb9e6695808e40a3eeb6563f91462beac2c65e61f4cb84
#11 CACHED

#13 [8/8] RUN patch -p1 < /src/no_writes.patch
#13 sha256:6ac3da4bc449c2ac9a37a9e6b7d1329f83fa1efa4d4d6d14062f950573ea5baa
#13 CACHED

#14 exporting to image
#14 sha256:e8c613e07b0b7ff33893b694f7759a10d42e180f2b4dc349fb57dc6b71dcab00
#14 exporting layers done
#14 writing image sha256:5dd57875cce9258428a94b87f6951c9bf7136186e885b07369fa213f812a9589 done
#14 naming to gcr.io/fuzzbench/builders/benchmark/ibmswtpm2_fuzzer done
#14 DONE 0.3s

#15 exporting cache
#15 sha256:2700d4ef94dee473593c5c614b55b2dedcca7893909811a8f2b48291a1f581e4
#15 preparing build cache for export done
#15 DONE 0.0s
#2 [internal] load .dockerignore
#2 sha256:9114765ad9c9d436aafa93f638e97a04b52b20904b09d1ac4dc93a163ff2b002
#2 transferring context: 2B done
#2 DONE 0.2s

#1 [internal] load build definition from builder.Dockerfile
#1 sha256:920ee1cbf5716e71fd072a440ca55e4968926796542c30213fc2e2c643ba9e61
#1 transferring dockerfile: 1.35kB done
#1 DONE 0.2s

#3 [internal] load metadata for gcr.io/fuzzbench/builders/benchmark/ibmswtpm2_fuzzer:latest
#3 sha256:457c21c2f8f732bc21b37598c35c49b150b476f42cc9b95079c333ef7d23a0e0
#3 DONE 0.0s

#4 importing cache manifest from gcr.io/fuzzbench/builders/afl/ibmswtpm2_fuzzer-intermediate
#4 sha256:55b7f1e260a1bcab1a74663b6c88ee4ef3ab9bc49e5796d5228a20e1ba2b2f8d
#4 DONE 0.0s

#5 [1/3] FROM gcr.io/fuzzbench/builders/benchmark/ibmswtpm2_fuzzer
#5 sha256:5e0f0cfe53e233c0b40e49686763d300ef2e61273736e0cdff9b6d9ffb2dccef
#5 DONE 0.0s

#6 [2/3] RUN git clone https://github.com/google/AFL.git /afl &&     cd /afl &&     git checkout 61037103ae3722c8060ff7082994836a794f978e &&     AFL_NO_X86=1 make
#6 sha256:52034e01b2ff67f14515f030b11b49d2de15306bb9950ea4e354e846269e4994
#6 CACHED

#7 [3/3] RUN apt-get update &&     apt-get install wget -y &&     wget https://raw.githubusercontent.com/llvm/llvm-project/5feb80e748924606531ba28c97fe65145c65372e/compiler-rt/lib/fuzzer/afl/afl_driver.cpp -O /afl/afl_driver.cpp &&     clang -Wno-pointer-sign -c /afl/llvm_mode/afl-llvm-rt.o.c -I/afl &&     clang++ -stdlib=libc++ -std=c++11 -O2 -c /afl/afl_driver.cpp &&     ar r /libAFL.a *.o
#7 sha256:1110fad3b57553e6265c879fe935dff0bd3f7691d62c6d0131ab2ad4c860a50c
#7 CACHED

#8 exporting to image
#8 sha256:e8c613e07b0b7ff33893b694f7759a10d42e180f2b4dc349fb57dc6b71dcab00
#8 exporting layers done
#8 writing image sha256:00d0b918d1e4fb5625dc00018b154c8a6d9202a7aafe13fa24890a8f47d54624
#8 writing image sha256:00d0b918d1e4fb5625dc00018b154c8a6d9202a7aafe13fa24890a8f47d54624 0.0s done
#8 naming to gcr.io/fuzzbench/builders/afl/ibmswtpm2_fuzzer-intermediate done
#8 DONE 0.4s

#9 exporting cache
#9 sha256:2700d4ef94dee473593c5c614b55b2dedcca7893909811a8f2b48291a1f581e4
#9 preparing build cache for export done
#9 DONE 0.0s
#1 [internal] load build definition from Dockerfile
#1 sha256:d3210a3ff45c6cd5d4543b6e2df7114c6ef70085cc131d89f1f57073a9338e50
#1 transferring dockerfile: 2.00kB done
#1 DONE 0.1s

#2 [internal] load .dockerignore
#2 sha256:01ce47991851ab3ed3122af0499bccfa2ea533ffbff2b7b7247a98a1e1691acb
#2 transferring context: 34B done
#2 DONE 0.1s

#3 [internal] load metadata for docker.io/library/ubuntu:xenial
#3 sha256:f62bae18ed588840f045c881b2502661f2a89578a2f8f99b83f5200ee83dd25b
#3 DONE 0.0s

#4 importing cache manifest from gcr.io/fuzzbench/base-image
#4 sha256:9b220ebb4d4daceed1b96df9b6dca076e762f1cd612574f010b82d5b9e5ad896
#4 DONE 0.0s

#5 [1/7] FROM docker.io/library/ubuntu:xenial
#5 sha256:14dd403f25ae9e519bd44f27dc17af7ce80f5a4f9f48ca88108364e67ec5d360
#5 DONE 0.0s

#8 [internal] load build context
#8 sha256:e65e015c39abdf35e610d007f9b55c0c6cc4b240dccdb4ba1bc6125434a24b9e
#8 transferring context: 559B 0.1s done
#8 DONE 0.2s

#6 [2/7] RUN apt-get update -y && apt-get install -y     build-essential     rsync     curl     zlib1g-dev     libncurses5-dev     libgdbm-dev     libnss3-dev     libssl-dev     libreadline-dev     libffi-dev     virtualenv     libbz2-dev     liblzma-dev     libsqlite3-dev
#6 sha256:3a1b0960f17eed529eaae93dc8fd3554f2743dd584d8fa569cdbe6bc734371ac
#6 CACHED

#7 [3/7] RUN cd /tmp/ &&     curl -O https://www.python.org/ftp/python/3.8.6/Python-3.8.6.tar.xz &&     tar -xvf Python-3.8.6.tar.xz &&     cd Python-3.8.6 &&     ./configure --enable-loadable-sqlite-extensions --enable-optimizations &&     make -j install &&     rm -r /tmp/Python-3.8.6.tar.xz /tmp/Python-3.8.6
#7 sha256:c5b9d1fb3371e84dbc60b76e7b2f8d5913bc93bcd4910ab65daa03e7b2ec4bb0
#7 CACHED

#9 [4/7] COPY ./requirements.txt /
#9 sha256:4d537ebd0a924076f5435b719f7b58151ad8a860d6c4ff658b2e4f7e9ffb134f
#9 CACHED

#10 [5/7] RUN pip3 install -r /requirements.txt
#10 sha256:5106e15fb96c675cc2db22a67322524adc2f0c5faddb7e608995b0e99bf7d9c4
#10 CACHED

#11 [6/7] RUN apt-get update -y && apt-get install -y     apt-transport-https     lsb-release
#11 sha256:0462ff0979e7957dd234ae923c534b895eeb6f6585ac97da361a45d3398d81d3
#11 CACHED

#12 [7/7] RUN CLOUD_SDK_REPO="cloud-sdk-$(lsb_release -c -s)" &&     echo "deb https://packages.cloud.google.com/apt $CLOUD_SDK_REPO main"     | tee -a /etc/apt/sources.list.d/google-cloud-sdk.list &&     curl https://packages.cloud.google.com/apt/doc/apt-key.gpg     | apt-key add - &&     apt-get update -y &&     apt-get install -y google-cloud-sdk
#12 sha256:d798260e7f5fb0e22fecb4402d0d09a98d57f19f8865438ead6fef67ec694e32
#12 CACHED

#13 exporting to image
#13 sha256:e8c613e07b0b7ff33893b694f7759a10d42e180f2b4dc349fb57dc6b71dcab00
#13 exporting layers done
#13 writing image sha256:3e04b5fd0a277df2bc5cd3367dbf9178b152077681f3e4447621291a56e5d56f 0.0s done
#13 naming to gcr.io/fuzzbench/base-image done
#13 DONE 0.6s

#14 exporting cache
#14 sha256:2700d4ef94dee473593c5c614b55b2dedcca7893909811a8f2b48291a1f581e4
#14 preparing build cache for export
#14 preparing build cache for export done
#14 DONE 0.0s
#1 [internal] load build definition from Dockerfile
#1 sha256:19aadb75b7cd36527c5f6f2fa0d54f80133e1c05165bc552cb0e5d58231ccb28
#1 transferring dockerfile: 2.22kB done
#1 DONE 0.2s

#2 [internal] load .dockerignore
#2 sha256:8988115d7f010980797a0812a9788d51a5dc6fb0795bd63e5cca2f936f8e3750
#2 transferring context: 34B done
#2 DONE 0.3s

#4 [internal] load metadata for gcr.io/fuzzbench/base-image:latest
#4 sha256:932022888f650cc455b10eb5123bb08c0cccacac29a693e69314abbfd28a72c3
#4 DONE 0.0s

#3 [internal] load metadata for gcr.io/fuzzbench/builders/afl/ibmswtpm2_fuzzer-intermediate:latest
#3 sha256:4293a8dbd911609ab625347f05750123270feda5ffc97cb959f03886cbee0404
#3 DONE 0.0s

#7 [base-image 1/1] FROM gcr.io/fuzzbench/base-image
#7 sha256:4d07825694520f8b6f6a0d8592dbd345433361ae044cb7f06706c5a95e3daaad
#7 DONE 0.0s

#6 [stage-1  1/13] FROM gcr.io/fuzzbench/builders/afl/ibmswtpm2_fuzzer-intermediate
#6 sha256:01b6da94182f8db7af92b42cb177084dcca51d8e770a9fdcfbbdaf3a33bfa0b6
#6 DONE 0.0s

#5 importing cache manifest from gcr.io/fuzzbench/builders/afl/ibmswtpm2_fuzzer
#5 sha256:70ccb2d646b15a9cc05194d6bb3a541ffc7d83886e106ee8fcb6389a55c3d221
#5 DONE 0.0s

#12 [internal] load build context
#12 sha256:62a19d7fb56b94d5d2e3febae5a20f17055ceed91fd6944af5631716e79999d7
#12 transferring context: 669.87kB 0.1s done
#12 DONE 0.2s

#10 [stage-1  4/13] COPY --from=base-image /usr/local/include/python3.8 /usr/local/include/python3.8
#10 sha256:75411680ba267fbe55b49ccc52e0afdce6cb7f607b7d33dd19d8deb97f281d32
#10 CACHED

#14 [stage-1  7/13] RUN touch /src/__init__.py
#14 sha256:c2733445ae3d88202703195fe24d13aab399823630c5981689689713fd148cc3
#14 CACHED

#18 [stage-1 11/13] RUN export CHECKOUT_COMMIT=$(cat /benchmark.yaml | tr -d ' ' | grep 'commit:' | cut -d ':' -f2) &&     python3 -u /opt/fuzzbench/checkout_commit.py $CHECKOUT_COMMIT /src
#18 sha256:11f2ecf4a15861df3463c30f9488d0c1b3b5c837ffb38a84975467875a9f39f3
#18 CACHED

#16 [stage-1  9/13] RUN mkdir /opt/fuzzbench/
#16 sha256:bcfd6135859577b748f06bf5feea59371fab9ce9673bac8a8c61a9803d475e1c
#16 CACHED

#19 [stage-1 12/13] RUN echo "#!/bin/bash\nPYTHONPATH=/src python3 -u -c "from fuzzers import utils; utils.initialize_env(); from fuzzers.afl import fuzzer; fuzzer.build()"" > /usr/bin/fuzzer_build &&     chmod +x /usr/bin/fuzzer_build
#19 sha256:76fc0cae5ded66efed358e311bf3f69a5b217e40a01c96383e51d291fecb5f53
#19 CACHED

#9 [stage-1  3/13] COPY --from=base-image /usr/local/lib/python3.8 /usr/local/lib/python3.8
#9 sha256:601734ef2f10760298fd82c798bf4eeda6070767c0db2b36aade156e4c88617a
#9 CACHED

#8 [stage-1  2/13] COPY --from=base-image /usr/local/bin/python3* /usr/local/bin/
#8 sha256:617e7fa1ae62bb981325643e14fc86e17fef325bdfe5e5580bc6da81694bf5d0
#8 CACHED

#11 [stage-1  5/13] COPY --from=base-image /usr/local/lib/python3.8/site-packages /usr/local/lib/python3.8/site-packages
#11 sha256:d3a38b36e1b975ac999f680863a278ca6b259d43a5cb576c445f1744fade94e9
#11 CACHED

#15 [stage-1  8/13] COPY benchmarks/ibmswtpm2_fuzzer/benchmark.yaml /
#15 sha256:d467d1ba6949ab37e4f1c2cb33d0d60128f11c9cd74cc5537b662bf8bbf88a76
#15 CACHED

#13 [stage-1  6/13] COPY fuzzers /src/fuzzers
#13 sha256:e5f327d965046b786bbdf30905cce6140e5a6eacb300e35aa13865c653f49e06
#13 CACHED

#17 [stage-1 10/13] COPY docker/benchmark-builder/checkout_commit.py /opt/fuzzbench/
#17 sha256:5224c1e9dfb0c2064f08f312a09d3043d453a92e408e41171d44e61c42d3c6ab
#17 CACHED

#20 [stage-1 13/13] RUN echo "Run fuzzer_build to build the target" && if [ -z "$debug_builder" ] ; then fuzzer_build; fi
#20 sha256:901ed126cc739bc125b7ba50acf17b18bbe6dd5e2560fb4efa0d61289d552ed4
#20 CACHED

#21 exporting to image
#21 sha256:e8c613e07b0b7ff33893b694f7759a10d42e180f2b4dc349fb57dc6b71dcab00
#21 exporting layers done
#21 writing image sha256:37438c933a41653200101cf739d1995e8ee39bff8fcae6c259daf98a0a0bcadd 0.0s done
#21 naming to gcr.io/fuzzbench/builders/afl/ibmswtpm2_fuzzer done
#21 DONE 0.6s

#22 exporting cache
#22 sha256:2700d4ef94dee473593c5c614b55b2dedcca7893909811a8f2b48291a1f581e4
#22 preparing build cache for export done
#22 DONE 0.0s
#1 [internal] load build definition from runner.Dockerfile
#1 sha256:d0b32275a6db30ccec440ab8e0f36d76882faacd73d57e60bb07d96e7887da53
#1 transferring dockerfile: 656B done
#1 DONE 0.1s

#2 [internal] load .dockerignore
#2 sha256:6cf28177ef6008bbc13ca9da582085ba1cffc3bb5317450bb4c1451d1b545066
#2 transferring context: 2B done
#2 DONE 0.2s

#3 [internal] load metadata for gcr.io/fuzzbench/base-image:latest
#3 sha256:932022888f650cc455b10eb5123bb08c0cccacac29a693e69314abbfd28a72c3
#3 DONE 0.0s

#5 importing cache manifest from gcr.io/fuzzbench/runners/afl/ibmswtpm2_fuzzer-intermediate
#5 sha256:f5c4a45906a7f1e842453fb15d810eaf5f3638ce70e48c44fe69b6d4c8a3c6f7
#5 DONE 0.0s

#4 [1/1] FROM gcr.io/fuzzbench/base-image
#4 sha256:4d07825694520f8b6f6a0d8592dbd345433361ae044cb7f06706c5a95e3daaad
#4 CACHED

#6 exporting to image
#6 sha256:e8c613e07b0b7ff33893b694f7759a10d42e180f2b4dc349fb57dc6b71dcab00
#6 exporting layers done
#6 writing image sha256:4efbd5e416c83953b598ff82cefe236e4f25c5eeda46088ba83e35554e2d5ee7
#6 writing image sha256:4efbd5e416c83953b598ff82cefe236e4f25c5eeda46088ba83e35554e2d5ee7 0.0s done
#6 naming to gcr.io/fuzzbench/runners/afl/ibmswtpm2_fuzzer-intermediate done
#6 DONE 0.1s

#7 exporting cache
#7 sha256:2700d4ef94dee473593c5c614b55b2dedcca7893909811a8f2b48291a1f581e4
#7 preparing build cache for export done
#7 DONE 0.0s
#1 [internal] load build definition from Dockerfile
#1 sha256:99a4442cd4ccad1043ad9b3bf0e4f799b5721859407597339f117ce7a1c3c429
#1 transferring dockerfile: 3.17kB done
#1 DONE 0.1s

#2 [internal] load .dockerignore
#2 sha256:2b638ab56d8cfb61be567f7ec385e07acaf50b5b4cd31545e19ac2af03cbaf48
#2 transferring context: 34B done
#2 DONE 0.1s

#3 [internal] load metadata for gcr.io/fuzzbench/builders/afl/ibmswtpm2_fuzzer:latest
#3 sha256:e1aef5447ae94c2ae011c8bfff0f8d168998cb8bb9914cbad096e9c176cc9d30
#3 DONE 0.0s

#4 [internal] load metadata for gcr.io/fuzzbench/runners/afl/ibmswtpm2_fuzzer-intermediate:latest
#4 sha256:1a7e284959ecbca8944b54e046e1715c5825f93454c99d64c4889406c1481720
#4 DONE 0.0s

#6 [stage-1  1/13] FROM gcr.io/fuzzbench/runners/afl/ibmswtpm2_fuzzer-intermediate
#6 sha256:a28226c326fd1a6ce2e587f64375eb23284a20840484f240982c87b06992e884
#6 DONE 0.0s

#5 importing cache manifest from gcr.io/fuzzbench/runners/afl/ibmswtpm2_fuzzer
#5 sha256:22358bbb3b5dbd89c5df62e53c97f466991d6ebb784832653f137d103629922a
#5 DONE 0.0s

#10 [builder 1/1] FROM gcr.io/fuzzbench/builders/afl/ibmswtpm2_fuzzer
#10 sha256:8dc27a3572677ba74412419ad9310747734315fa25280970347c277411e4959a
#10 DONE 0.0s

#12 [internal] load build context
#12 sha256:5364979ae5680296eaf5f3e70964867fb1c5698bbb32a660b7e98b2b5d8db3b0
#12 transferring context: 17.54MB 0.6s done
#12 DONE 0.7s

#14 [stage-1  7/13] COPY fuzzers /src/fuzzers
#14 sha256:50205f4bf3ad90c32fd8be160fa3f9f7b7a1ff623d02192261a6969fb4e4e220
#14 CACHED

#15 [stage-1  8/13] RUN touch __init__.py
#15 sha256:10ef1120a94de07c596bc9ebd2fc09092180f88a154a98b94f98fdb7cb83e76f
#15 CACHED

#13 [stage-1  6/13] COPY benchmarks /src/benchmarks
#13 sha256:83356ea09c1b53c7710964e0b3cc692f40a53987b5f2e1e67e68ec6ab6ebe220
#13 CACHED

#8 [stage-1  3/13] RUN mkdir -p /out
#8 sha256:33df23188c995343423171d8e201c8146fcd0b7e0391be82d8892b1b83d8d5f6
#8 CACHED

#11 [stage-1  5/13] COPY --from=builder /out/ ./
#11 sha256:e245f0b9896750851be823660e80d666607b93ad5a0c7fb040639b3e1f418942
#11 CACHED

#16 [stage-1  9/13] RUN mkdir -p /out/seeds /out/corpus
#16 sha256:6ea12659f41095357110a58a82d428714893bb139320ac7e68e3256b11e8c501
#16 CACHED

#17 [stage-1 10/13] COPY common /src/common
#17 sha256:a2f90ea20dd81f917aeca749674e9822fe67e98949563d83c02e46274b335a7d
#17 CACHED

#7 [stage-1  2/13] RUN apt-get update -y && apt-get install -y     libglib2.0-0     libxml2     libarchive13     libgss3
#7 sha256:6d0d6bb0f295156de5cdec5dfc4d99b8ca4167b2eb4575ae0a4baee7b32f8757
#7 CACHED

#19 [stage-1 12/13] COPY docker/benchmark-runner /src/docker/benchmark-runner
#19 sha256:45a0c71fe003ba415c6e9dc18f8e0fb2aab544c52c95c53aeb1f15b130dad71f
#19 CACHED

#9 [stage-1  4/13] WORKDIR /out
#9 sha256:d1c7b0dc61d326d193df07687aa5c82ad741af5e5d7735ed26e6fbdab794efb7
#9 CACHED

#18 [stage-1 11/13] COPY experiment/runner.py /src/experiment/runner.py
#18 sha256:62231e2214fa279210cd36ba0a1d6361d1cbef9eecd09cc1f6fca9f5b93770af
#18 CACHED

#20 [stage-1 13/13] RUN chmod +x /src/docker/benchmark-runner/startup-runner.sh
#20 sha256:abee884e519e40b388af9514f77af5d516c9cf12f8bcdc188765b5f02ff3caa7
#20 CACHED

#21 exporting to image
#21 sha256:e8c613e07b0b7ff33893b694f7759a10d42e180f2b4dc349fb57dc6b71dcab00
#21 exporting layers done
#21 writing image sha256:861a5da67a6e863c7c27264279705ff0c4a43f4bf821c362ea4018aa487dee08 0.0s done
#21 naming to gcr.io/fuzzbench/runners/afl/ibmswtpm2_fuzzer done
#21 DONE 0.3s

#22 exporting cache
#22 sha256:2700d4ef94dee473593c5c614b55b2dedcca7893909811a8f2b48291a1f581e4
#22 preparing build cache for export done
#22 DONE 0.0s
INFO:root:Doing trial as part of experiment.
INFO:root:Starting trial.
ERROR:root:Fuzz target binary not found.
INFO:root:Doing final sync.
ERROR:root:Call to <function get_stats at 0x7f6e9941df70> failed. Extras: {'traceback': 'Traceback (most recent call last):\n  File "/src/experiment/runner.py", line 374, in record_stats\n    stats_json_str = fuzzer_module_get_stats(output_corpus,\n  File "/src/fuzzers/afl/fuzzer.py", line 51, in get_stats\n    with open(stats_file) as file_handle:\nFileNotFoundError: [Errno 2] No such file or directory: \'/out/corpus/fuzzer_stats\'\n'}
