WARNING:root:gcloud not found in PATH.
INFO:root:Successfully integrated benchmark: opencv_filestorage_read_file_fuzzer.
INFO:root:Please run "make test-run-afl-opencv_filestorage_read_file_fuzzer" to test integration.
#1 [internal] load build definition from Dockerfile
#1 sha256:1a1cd3de26e8450a5ca9cdc44c74ef60de2554cf312420222f50a6597b26006a
#1 transferring dockerfile: 937B done
#1 DONE 0.0s

#2 [internal] load .dockerignore
#2 sha256:96dbeb9e349c7a11d359161f576d1d71dd26ce9137dfb027cd0e094427fed60f
#2 transferring context: 2B done
#2 DONE 0.0s

#3 [internal] load metadata for gcr.io/oss-fuzz-base/base-builder:latest
#3 sha256:f10dc39cc9d418a5bc416dead31a1902b6821fdae909cd3b08f7a3fd1faba7b5
#3 DONE 0.4s

#8 [internal] load build context
#8 sha256:041ce0805b0782388fa781502c14b728d3c1f639f7de0eabe6ff066c3b99c89a
#8 DONE 0.0s

#4 [1/6] FROM gcr.io/oss-fuzz-base/base-builder@sha256:112044a9815d235113677d459cf2ece740a51f2b85081c8f66943dcdc72ddf7f
#4 sha256:4aee4bf9f7280ac8b7f02b8d29e6e084dd034d2c294b4e3e05d8ce7048a1450f
#4 DONE 0.0s

#11 importing cache manifest from gcr.io/fuzzbench/builders/benchmark/opencv_filestorage_read_file_fuzzer
#11 sha256:3faff15c97638a3d77c56599a015fb01888b10571500ca014d0e81b1b17babc5
#11 ERROR: gcr.io/fuzzbench/builders/benchmark/opencv_filestorage_read_file_fuzzer:latest: not found

#8 [internal] load build context
#8 sha256:041ce0805b0782388fa781502c14b728d3c1f639f7de0eabe6ff066c3b99c89a
#8 transferring context: 2.35kB done
#8 DONE 0.0s

#9 [5/6] COPY build.sh /src/
#9 sha256:8022ac02c7b04a7f7686063ba2d8c6d8862de8b7fb464ae879bcb458cf660d6f
#9 CACHED

#5 [2/6] RUN apt-get update && apt-get install -y build-essential cmake pkg-config
#5 sha256:5b4cdd543f7676d762d91b87c637b12e81d197a5de05812a3f0a2dc7aead2436
#5 CACHED

#6 [3/6] RUN git clone --depth 1 https://github.com/opencv/opencv.git opencv
#6 sha256:59a9fb61118231e7c2a207bca2277cafcfad95bb7e22f5ee768b2c0e041e7f83
#6 CACHED

#7 [4/6] WORKDIR opencv/
#7 sha256:fda6c4b7e211bdd8ec1ae001cbb40929be694af912454da7105b1ff5a7d1ef7e
#7 CACHED

#10 [6/6] COPY *.cc *.h /src/
#10 sha256:9ba20aae7204eb853151f8224abf98df9ee9f4f5a0444e22345304f575f2485c
#10 CACHED

#12 exporting to image
#12 sha256:e8c613e07b0b7ff33893b694f7759a10d42e180f2b4dc349fb57dc6b71dcab00
#12 exporting layers done
#12 writing image sha256:1becccd814dbf34cc8e63e180aa81b53d32b799e754916d11e8fe1e0019dbfe9 done
#12 naming to gcr.io/fuzzbench/builders/benchmark/opencv_filestorage_read_file_fuzzer done
#12 DONE 0.1s

#13 exporting cache
#13 sha256:2700d4ef94dee473593c5c614b55b2dedcca7893909811a8f2b48291a1f581e4
#13 preparing build cache for export done
#13 DONE 0.0s
------
 > importing cache manifest from gcr.io/fuzzbench/builders/benchmark/opencv_filestorage_read_file_fuzzer:
------
#1 [internal] load build definition from builder.Dockerfile
#1 sha256:7cb28227f14e532382788fb564f7b2cc05a0e5f9fdaad2d1857c80dfc0443091
#1 transferring dockerfile: 46B done
#1 DONE 0.1s

#2 [internal] load .dockerignore
#2 sha256:55e72c52fd93bfb0414444c94d12a736665d0d5e721e54eeca63b392c8003781
#2 transferring context:
#2 transferring context: 2B done
#2 DONE 0.0s

#3 [internal] load metadata for gcr.io/fuzzbench/builders/benchmark/opencv_filestorage_read_file_fuzzer:latest
#3 sha256:8711a2aacf0c7b6fc12501a6c91ca43577bc0d2e4be2ba71ee39bfafe2b54753
#3 DONE 0.0s

#7 [1/3] FROM gcr.io/fuzzbench/builders/benchmark/opencv_filestorage_read_file_fuzzer
#7 sha256:90f931d07163947ba5027c0bc03d2bf81be30eff533c4833a6aed3757e0355de
#7 DONE 0.0s

#4 importing cache manifest from gcr.io/fuzzbench/builders/afl/opencv_filestorage_read_file_fuzzer-intermediate
#4 sha256:4df6815cf09177d46e5846f8966b9e3da588aa277df4cd4a47f375d3dbfff417
#4 ERROR: gcr.io/fuzzbench/builders/afl/opencv_filestorage_read_file_fuzzer-intermediate:latest: not found

#5 [2/3] RUN git clone https://github.com/google/AFL.git /afl &&     cd /afl &&     git checkout 61037103ae3722c8060ff7082994836a794f978e &&     AFL_NO_X86=1 make
#5 sha256:84d8bd2afc846883384ca904e3934121f22bbf3b13b6a645d8963fc41a86bcb2
#5 CACHED

#6 [3/3] RUN apt-get update &&     apt-get install wget -y &&     wget https://raw.githubusercontent.com/llvm/llvm-project/5feb80e748924606531ba28c97fe65145c65372e/compiler-rt/lib/fuzzer/afl/afl_driver.cpp -O /afl/afl_driver.cpp &&     clang -Wno-pointer-sign -c /afl/llvm_mode/afl-llvm-rt.o.c -I/afl &&     clang++ -stdlib=libc++ -std=c++11 -O2 -c /afl/afl_driver.cpp &&     ar r /libAFL.a *.o
#6 sha256:33bf8d1ecc8cfb58a591dd673466202d9a4c3cf20e942a4b1fcf722644bf228f
#6 CACHED

#8 exporting to image
#8 sha256:e8c613e07b0b7ff33893b694f7759a10d42e180f2b4dc349fb57dc6b71dcab00
#8 exporting layers done
#8 writing image sha256:46f5031b711128eb84cc163599a68526005a66a2f95e2b1d5dab852aa983e026 done
#8 naming to gcr.io/fuzzbench/builders/afl/opencv_filestorage_read_file_fuzzer-intermediate done
#8 DONE 0.1s

#9 exporting cache
#9 sha256:2700d4ef94dee473593c5c614b55b2dedcca7893909811a8f2b48291a1f581e4
#9 preparing build cache for export done
#9 DONE 0.0s
------
 > importing cache manifest from gcr.io/fuzzbench/builders/afl/opencv_filestorage_read_file_fuzzer-intermediate:
------
#1 [internal] load build definition from Dockerfile
#1 sha256:b69b6444be6f179a3dd3b991688145f19b9e6af9fc8feff37b6cce361a5f9bba
#1 transferring dockerfile: 2.00kB done
#1 DONE 0.1s

#2 [internal] load .dockerignore
#2 sha256:9254affb35d22a8ff771c9c640907edfcc1c278663d5c1867ca1dae1f18a3876
#2 transferring context: 34B done
#2 DONE 0.0s

#3 [internal] load metadata for docker.io/library/ubuntu:xenial
#3 sha256:f62bae18ed588840f045c881b2502661f2a89578a2f8f99b83f5200ee83dd25b
#3 DONE 0.0s

#4 importing cache manifest from gcr.io/fuzzbench/base-image
#4 sha256:9b220ebb4d4daceed1b96df9b6dca076e762f1cd612574f010b82d5b9e5ad896
#4 DONE 0.0s

#5 [1/7] FROM docker.io/library/ubuntu:xenial
#5 sha256:14dd403f25ae9e519bd44f27dc17af7ce80f5a4f9f48ca88108364e67ec5d360
#5 DONE 0.0s

#8 [internal] load build context
#8 sha256:bddedd0478ab791b5c1aaf48d2cf4baa560e2d0d59a3200fcf33287f5f778c4c
#8 transferring context: 559B 0.0s done
#8 DONE 0.1s

#11 [6/7] RUN apt-get update -y && apt-get install -y     apt-transport-https     lsb-release
#11 sha256:15df7e6daf4908566e884a8941c63b44c2c7578bbc785e57b9684e8df73b1e7a
#11 CACHED

#10 [5/7] RUN pip3 install -r /requirements.txt
#10 sha256:72da062d62a4d407e33327c5b0ea87336ec7b194dbf64f7fd35515d145c93138
#10 CACHED

#6 [2/7] RUN apt-get update -y && apt-get install -y     build-essential     rsync     curl     zlib1g-dev     libncurses5-dev     libgdbm-dev     libnss3-dev     libssl-dev     libreadline-dev     libffi-dev     virtualenv     libbz2-dev     liblzma-dev     libsqlite3-dev
#6 sha256:3a1b0960f17eed529eaae93dc8fd3554f2743dd584d8fa569cdbe6bc734371ac
#6 CACHED

#7 [3/7] RUN cd /tmp/ &&     curl -O https://www.python.org/ftp/python/3.8.6/Python-3.8.6.tar.xz &&     tar -xvf Python-3.8.6.tar.xz &&     cd Python-3.8.6 &&     ./configure --enable-loadable-sqlite-extensions --enable-optimizations &&     make -j install &&     rm -r /tmp/Python-3.8.6.tar.xz /tmp/Python-3.8.6
#7 sha256:c5b9d1fb3371e84dbc60b76e7b2f8d5913bc93bcd4910ab65daa03e7b2ec4bb0
#7 CACHED

#9 [4/7] COPY ./requirements.txt /
#9 sha256:a1f741eef1e2e701a3237e7f811d8d68711a29c031bad8313f776e95d4abea03
#9 CACHED

#12 [7/7] RUN CLOUD_SDK_REPO="cloud-sdk-$(lsb_release -c -s)" &&     echo "deb https://packages.cloud.google.com/apt $CLOUD_SDK_REPO main"     | tee -a /etc/apt/sources.list.d/google-cloud-sdk.list &&     curl https://packages.cloud.google.com/apt/doc/apt-key.gpg     | apt-key add - &&     apt-get update -y &&     apt-get install -y google-cloud-sdk
#12 sha256:5b73e1c56383eb905c5ec13645d3cbc368dc14e9452830c383df8fcd3edeafee
#12 CACHED

#13 exporting to image
#13 sha256:e8c613e07b0b7ff33893b694f7759a10d42e180f2b4dc349fb57dc6b71dcab00
#13 exporting layers done
#13 writing image sha256:55e5825902805b10e1ba0cd27e4af0d82c25f9e225d6218342d4b6474bd3ddae done
#13 naming to gcr.io/fuzzbench/base-image done
#13 DONE 0.0s

#14 exporting cache
#14 sha256:2700d4ef94dee473593c5c614b55b2dedcca7893909811a8f2b48291a1f581e4
#14 preparing build cache for export done
#14 DONE 0.0s
#1 [internal] load build definition from Dockerfile
#1 sha256:95ed8c3575eed6ca1adf85f4073300a5652cbfb466d680413e949baf02972ce8
#1 transferring dockerfile: 2.22kB done
#1 DONE 0.0s

#2 [internal] load .dockerignore
#2 sha256:44dd33b0aea0f45eeac67e87ca62617788ed095b9270eee89fb0b69a1974163d
#2 transferring context: 34B done
#2 DONE 0.0s

#3 [internal] load metadata for gcr.io/fuzzbench/base-image:latest
#3 sha256:932022888f650cc455b10eb5123bb08c0cccacac29a693e69314abbfd28a72c3
#3 DONE 0.0s

#6 [base-image 1/1] FROM gcr.io/fuzzbench/base-image
#6 sha256:4d07825694520f8b6f6a0d8592dbd345433361ae044cb7f06706c5a95e3daaad
#6 DONE 1.0s

#5 [stage-1  1/13] FROM gcr.io/fuzzbench/builders/afl/opencv_filestorage_read_file_fuzzer-intermediate
#5 sha256:f5edf8f81dbb10624d9ea5c65ce9a6fadb7bffe2f3ebdd30db393be25bfb3724
#5 DONE 0.0s

#4 [internal] load metadata for gcr.io/fuzzbench/builders/afl/opencv_filestorage_read_file_fuzzer-intermediate:latest
#4 sha256:5207154a898226468f9dcfffd800564b2b15714ece48aebb936d6a38a5ab5a4f
#4 DONE 0.0s

#11 [internal] load build context
#11 sha256:ffac0416ea8b2f400e893d4756102502781f54d69874eb4fb36e259496632ef1
#11 DONE 0.0s

#20 importing cache manifest from gcr.io/fuzzbench/builders/afl/opencv_filestorage_read_file_fuzzer
#20 sha256:1032924894f3a79c322d9477a81a3835f1c60ffb8ccd82d5cf27921659f85aa2
#20 ERROR: gcr.io/fuzzbench/builders/afl/opencv_filestorage_read_file_fuzzer:latest: not found

#11 [internal] load build context
#11 sha256:ffac0416ea8b2f400e893d4756102502781f54d69874eb4fb36e259496632ef1
#11 transferring context: 669.93kB 0.2s done
#11 DONE 0.2s

#9 [stage-1  4/13] COPY --from=base-image /usr/local/include/python3.8 /usr/local/include/python3.8
#9 sha256:9df27e2abc6e63e1368370367a2dfcb1f1376e7ac5e2f3a4929a8f8159c57141
#9 CACHED

#10 [stage-1  5/13] COPY --from=base-image /usr/local/lib/python3.8/site-packages /usr/local/lib/python3.8/site-packages
#10 sha256:b7766ce32f8d4a0db31f3e28bb5203ed90a3d1d86e567735a8bceb5a00456db0
#10 CACHED

#12 [stage-1  6/13] COPY fuzzers /src/fuzzers
#12 sha256:54eb17eaf220436ed972df8d90118d5eacd3bb2e8ee34c978a937165b378e85d
#12 CACHED

#7 [stage-1  2/13] COPY --from=base-image /usr/local/bin/python3* /usr/local/bin/
#7 sha256:c91405b326a035fdf6e0056e5fe402c276ebb1973133f8decd60a59427d99f43
#7 CACHED

#8 [stage-1  3/13] COPY --from=base-image /usr/local/lib/python3.8 /usr/local/lib/python3.8
#8 sha256:5c963c6d0e4680d227efabba0415223e2f4350dab271a0e031270010c30cccef
#8 CACHED

#13 [stage-1  7/13] RUN touch /src/__init__.py
#13 sha256:788ddc868f2b7dc534827bb64143f003620ecb902ee9458007551fcc81fcc501
#13 DONE 1.4s

#14 [stage-1  8/13] COPY benchmarks/opencv_filestorage_read_file_fuzzer/benchmark.yaml /
#14 sha256:6d52cf5ac38e6d9c4964007be505b7c3513b6f04d1fe320496b9ac2298b436b2
#14 DONE 0.1s

#15 [stage-1  9/13] RUN mkdir /opt/fuzzbench/
#15 sha256:ffcccda2335fe699b29f5833bc138818e61a52b28efc7cc8b202e0d0a7fde4cd
#15 DONE 1.7s

#16 [stage-1 10/13] COPY docker/benchmark-builder/checkout_commit.py /opt/fuzzbench/
#16 sha256:633b7162fc516945fe777aff0c633bb6e1465499edf10278792ad29965151bed
#16 DONE 0.2s

#17 [stage-1 11/13] RUN export CHECKOUT_COMMIT=$(cat /benchmark.yaml | tr -d ' ' | grep 'commit:' | cut -d ':' -f2) &&     python3 -u /opt/fuzzbench/checkout_commit.py $CHECKOUT_COMMIT /src
#17 sha256:2675661d5b0c5038263f3581ece83d1aab0737d6d07ba7f37bceb33c8a385026
#17 1.378 Checking out commit 84faf557
#17 145.3 From https://github.com/opencv/opencv
#17 145.3  * [new tag]               2.2                  -> 2.2
#17 145.3  * [new tag]               2.4.0                -> 2.4.0
#17 145.3  * [new tag]               2.4.1                -> 2.4.1
#17 145.3  * [new tag]               2.4.10               -> 2.4.10
#17 145.3  * [new tag]               2.4.10.1             -> 2.4.10.1
#17 145.3  * [new tag]               2.4.10.2             -> 2.4.10.2
#17 145.3  * [new tag]               2.4.10.3             -> 2.4.10.3
#17 145.3  * [new tag]               2.4.10.4             -> 2.4.10.4
#17 145.3  * [new tag]               2.4.11               -> 2.4.11
#17 145.3  * [new tag]               2.4.12               -> 2.4.12
#17 145.3  * [new tag]               2.4.12.1             -> 2.4.12.1
#17 145.3  * [new tag]               2.4.12.2             -> 2.4.12.2
#17 145.3  * [new tag]               2.4.12.3             -> 2.4.12.3
#17 145.3  * [new tag]               2.4.13               -> 2.4.13
#17 145.3  * [new tag]               2.4.13.1             -> 2.4.13.1
#17 145.3  * [new tag]               2.4.2                -> 2.4.2
#17 145.3  * [new tag]               2.4.3                -> 2.4.3
#17 145.3  * [new tag]               2.4.3-rc             -> 2.4.3-rc
#17 145.3  * [new tag]               2.4.3.1              -> 2.4.3.1
#17 145.3  * [new tag]               2.4.3.2              -> 2.4.3.2
#17 145.3  * [new tag]               2.4.4                -> 2.4.4
#17 145.3  * [new tag]               2.4.4-beta           -> 2.4.4-beta
#17 145.3  * [new tag]               2.4.5                -> 2.4.5
#17 145.3  * [new tag]               2.4.6                -> 2.4.6
#17 145.3  * [new tag]               2.4.6.1              -> 2.4.6.1
#17 145.3  * [new tag]               2.4.6.2              -> 2.4.6.2
#17 145.3  * [new tag]               2.4.6.2-rc1          -> 2.4.6.2-rc1
#17 145.3  * [new tag]               2.4.7                -> 2.4.7
#17 145.3  * [new tag]               2.4.7-rc1            -> 2.4.7-rc1
#17 145.3  * [new tag]               2.4.7.1              -> 2.4.7.1
#17 145.3  * [new tag]               2.4.7.2              -> 2.4.7.2
#17 145.3  * [new tag]               2.4.8                -> 2.4.8
#17 145.3  * [new tag]               2.4.8.1              -> 2.4.8.1
#17 145.3  * [new tag]               2.4.8.2              -> 2.4.8.2
#17 145.3  * [new tag]               2.4.8.3              -> 2.4.8.3
#17 145.3  * [new tag]               2.4.9                -> 2.4.9
#17 145.3  * [new tag]               2.4.9.1              -> 2.4.9.1
#17 145.3  * [new tag]               3.0-ocl-tech-preview -> 3.0-ocl-tech-preview
#17 145.3  * [new tag]               3.0-ocl-tp2          -> 3.0-ocl-tp2
#17 145.3  * [new tag]               3.0.0                -> 3.0.0
#17 145.3  * [new tag]               3.0.0-alpha          -> 3.0.0-alpha
#17 145.3  * [new tag]               3.0.0-beta           -> 3.0.0-beta
#17 145.3  * [new tag]               3.0.0-rc1            -> 3.0.0-rc1
#17 145.3  * [new tag]               3.1.0                -> 3.1.0
#17 145.3  * [new tag]               3.2.0                -> 3.2.0
#17 145.3  * [new tag]               3.2.0-rc             -> 3.2.0-rc
#17 145.3  * [new tag]               3.3.0                -> 3.3.0
#17 145.3  * [new tag]               3.3.0-cvsdk          -> 3.3.0-cvsdk
#17 145.3  * [new tag]               3.3.0-rc             -> 3.3.0-rc
#17 145.3  * [new tag]               3.3.1                -> 3.3.1
#17 145.3  * [new tag]               3.3.1-cvsdk          -> 3.3.1-cvsdk
#17 145.3  * [new tag]               3.4.0                -> 3.4.0
#17 145.3  * [new tag]               3.4.0-rc             -> 3.4.0-rc
#17 145.4  * [new tag]               3.4.1                -> 3.4.1
#17 145.4  * [new tag]               3.4.1-cvsdk          -> 3.4.1-cvsdk
#17 145.4  * [new tag]               3.4.10               -> 3.4.10
#17 145.4  * [new tag]               3.4.11               -> 3.4.11
#17 145.4  * [new tag]               3.4.12               -> 3.4.12
#17 145.4  * [new tag]               3.4.13               -> 3.4.13
#17 145.4  * [new tag]               3.4.14               -> 3.4.14
#17 145.4  * [new tag]               3.4.15               -> 3.4.15
#17 145.4  * [new tag]               3.4.16               -> 3.4.16
#17 145.4  * [new tag]               3.4.17               -> 3.4.17
#17 145.4  * [new tag]               3.4.2                -> 3.4.2
#17 145.4  * [new tag]               3.4.2-openvino       -> 3.4.2-openvino
#17 145.4  * [new tag]               3.4.3                -> 3.4.3
#17 145.4  * [new tag]               3.4.3-openvino       -> 3.4.3-openvino
#17 145.4  * [new tag]               3.4.4                -> 3.4.4
#17 145.4  * [new tag]               3.4.5                -> 3.4.5
#17 145.4  * [new tag]               3.4.6                -> 3.4.6
#17 145.4  * [new tag]               3.4.7                -> 3.4.7
#17 145.4  * [new tag]               3.4.8                -> 3.4.8
#17 145.4  * [new tag]               3.4.9                -> 3.4.9
#17 145.4  * [new tag]               4.0.0                -> 4.0.0
#17 145.4  * [new tag]               4.0.0-alpha          -> 4.0.0-alpha
#17 145.4  * [new tag]               4.0.0-beta           -> 4.0.0-beta
#17 145.4  * [new tag]               4.0.0-openvino       -> 4.0.0-openvino
#17 145.4  * [new tag]               4.0.0-rc             -> 4.0.0-rc
#17 145.4  * [new tag]               4.0.1                -> 4.0.1
#17 145.4  * [new tag]               4.0.1-openvino       -> 4.0.1-openvino
#17 145.4  * [new tag]               4.1.0                -> 4.1.0
#17 145.4  * [new tag]               4.1.0-openvino       -> 4.1.0-openvino
#17 145.4  * [new tag]               4.1.1                -> 4.1.1
#17 145.4  * [new tag]               4.1.1-openvino       -> 4.1.1-openvino
#17 145.4  * [new tag]               4.1.2                -> 4.1.2
#17 145.4  * [new tag]               4.1.2-openvino       -> 4.1.2-openvino
#17 145.4  * [new tag]               4.2.0                -> 4.2.0
#17 145.4  * [new tag]               4.3.0                -> 4.3.0
#17 145.4  * [new tag]               4.4.0                -> 4.4.0
#17 145.4  * [new tag]               4.5.0                -> 4.5.0
#17 145.4  * [new tag]               4.5.1                -> 4.5.1
#17 145.4  * [new tag]               4.5.2                -> 4.5.2
#17 145.4  * [new tag]               4.5.3                -> 4.5.3
#17 145.4  * [new tag]               4.5.4                -> 4.5.4
#17 145.4  * [new tag]               4.5.5                -> 4.5.5
#17 145.4 error: pathspec '84faf557' did not match any file(s) known to git
#17 145.5 error: pathspec '84faf557' did not match any file(s) known to git
#17 145.5 error: pathspec '84faf557' did not match any file(s) known to git
#17 145.6 error: pathspec '84faf557' did not match any file(s) known to git
#17 145.6 error: pathspec '84faf557' did not match any file(s) known to git
#17 145.7 error: pathspec '84faf557' did not match any file(s) known to git
#17 145.7 error: pathspec '84faf557' did not match any file(s) known to git
#17 145.7 error: pathspec '84faf557' did not match any file(s) known to git
#17 145.8 error: pathspec '84faf557' did not match any file(s) known to git
#17 145.9 error: pathspec '84faf557' did not match any file(s) known to git
#17 145.9 error: pathspec '84faf557' did not match any file(s) known to git
#17 146.0 error: pathspec '84faf557' did not match any file(s) known to git
#17 146.2 error: pathspec '84faf557' did not match any file(s) known to git
#17 146.2 error: pathspec '84faf557' did not match any file(s) known to git
#17 146.2 error: pathspec '84faf557' did not match any file(s) known to git
#17 146.3 error: pathspec '84faf557' did not match any file(s) known to git
#17 146.3 error: pathspec '84faf557' did not match any file(s) known to git
#17 146.4 error: pathspec '84faf557' did not match any file(s) known to git
#17 146.4 error: pathspec '84faf557' did not match any file(s) known to git
#17 146.5 error: pathspec '84faf557' did not match any file(s) known to git
#17 146.6 error: pathspec '84faf557' did not match any file(s) known to git
#17 146.6 error: pathspec '84faf557' did not match any file(s) known to git
#17 146.9 Checkout unsuccessful.
#17 DONE 147.1s

#18 [stage-1 12/13] RUN echo "#!/bin/bash\nPYTHONPATH=/src python3 -u -c "from fuzzers import utils; utils.initialize_env(); from fuzzers.afl import fuzzer; fuzzer.build()"" > /usr/bin/fuzzer_build &&     chmod +x /usr/bin/fuzzer_build
#18 sha256:fadafb44d823336a4d0c2b891692d7d1ece86b6951af885f6eab2cea52c475e9
#18 DONE 1.3s

#19 [stage-1 13/13] RUN echo "Run fuzzer_build to build the target" && if [ -z "$debug_builder" ] ; then fuzzer_build; fi
#19 sha256:49970f313380d2ea9381f1462d7fb758ec98b39acd53f7bfea3a4d7d52684435
#19 1.272 Run fuzzer_build to build the target
#19 1.605 FUZZ_TARGET = filestorage_read_file_fuzzer
#19 1.606 CFLAGS = -DFUZZING_BUILD_MODE_UNSAFE_FOR_PRODUCTION -pthread -Wl,--no-as-needed -Wl,-ldl -Wl,-lm -Wno-unused-command-line-argument -O3
#19 1.606 CXXFLAGS = -DFUZZING_BUILD_MODE_UNSAFE_FOR_PRODUCTION -pthread -Wl,--no-as-needed -Wl,-ldl -Wl,-lm -Wno-unused-command-line-argument -stdlib=libc++ -O3
#19 1.621 Building benchmark opencv_filestorage_read_file_fuzzer with fuzzer afl
#19 1.627 + mkdir opencv/build
#19 1.630 mkdir: cannot create directory ‘opencv/build’: No such file or directory
#19 1.631 Traceback (most recent call last):
#19 1.631   File "<string>", line 1, in <module>
#19 1.632   File "/src/fuzzers/afl/fuzzer.py", line 40, in build
#19 1.633     utils.build_benchmark()
#19 1.634   File "/src/fuzzers/utils.py", line 82, in build_benchmark
#19 1.635     subprocess.check_call(['/bin/bash', '-ex', build_script], env=env)
#19 1.636   File "/usr/local/lib/python3.8/subprocess.py", line 364, in check_call
#19 1.638     raise CalledProcessError(retcode, cmd)
#19 1.639 subprocess.CalledProcessError: Command '['/bin/bash', '-ex', '/src/build.sh']' returned non-zero exit status 1.
#19 ERROR: executor failed running [/bin/sh -c echo "Run fuzzer_build to build the target" && if [ -z "$debug_builder" ] ; then fuzzer_build; fi]: exit code: 1
------
 > importing cache manifest from gcr.io/fuzzbench/builders/afl/opencv_filestorage_read_file_fuzzer:
------
------
 > [stage-1 13/13] RUN echo "Run fuzzer_build to build the target" && if [ -z "$debug_builder" ] ; then fuzzer_build; fi:
------
executor failed running [/bin/sh -c echo "Run fuzzer_build to build the target" && if [ -z "$debug_builder" ] ; then fuzzer_build; fi]: exit code: 1
make: *** [docker/generated.mk:2853908: .afl-opencv_filestorage_read_file_fuzzer-builder] Error 1
/bin/sh: 1: source: not found
#1 [internal] load build definition from Dockerfile
#1 sha256:377be5af35ca888572c721e2f6193eafe39fa15cafbd5b78c3a587b2a49a0118
#1 transferring dockerfile: 32B done
#1 DONE 0.0s

#2 [internal] load .dockerignore
#2 sha256:f8c11384e67b4a6f33d11259a15701915019662997a95d4f6f05e437e0bd63a2
#2 transferring context: 2B 0.0s done
#2 DONE 0.1s

#3 [internal] load metadata for gcr.io/oss-fuzz-base/base-builder:latest
#3 sha256:f10dc39cc9d418a5bc416dead31a1902b6821fdae909cd3b08f7a3fd1faba7b5
#3 DONE 0.6s

#10 [1/6] FROM gcr.io/oss-fuzz-base/base-builder@sha256:112044a9815d235113677d459cf2ece740a51f2b85081c8f66943dcdc72ddf7f
#10 sha256:4aee4bf9f7280ac8b7f02b8d29e6e084dd034d2c294b4e3e05d8ce7048a1450f
#10 DONE 0.0s

#4 importing cache manifest from gcr.io/fuzzbench/builders/benchmark/opencv_filestorage_read_file_fuzzer
#4 sha256:3faff15c97638a3d77c56599a015fb01888b10571500ca014d0e81b1b17babc5
#4 DONE 0.0s

#11 [internal] load build context
#11 sha256:a163fe9376b983b354db418ce1037fbd2d75736636e4bc7207cc67986a908884
#11 transferring context: 429B done
#11 DONE 0.0s

#5 [2/6] RUN apt-get update && apt-get install -y build-essential cmake pkg-config
#5 sha256:5b4cdd543f7676d762d91b87c637b12e81d197a5de05812a3f0a2dc7aead2436
#5 CACHED

#7 [4/6] WORKDIR opencv/
#7 sha256:fda6c4b7e211bdd8ec1ae001cbb40929be694af912454da7105b1ff5a7d1ef7e
#7 CACHED

#8 [5/6] COPY build.sh /src/
#8 sha256:705509125690d79e60e947e2c968202312daa71c9766f0b7276fd0e06588764e
#8 CACHED

#6 [3/6] RUN git clone --depth 1 https://github.com/opencv/opencv.git opencv
#6 sha256:59a9fb61118231e7c2a207bca2277cafcfad95bb7e22f5ee768b2c0e041e7f83
#6 CACHED

#9 [6/6] COPY *.cc *.h /src/
#9 sha256:d3f822c0ac6e7e379beb2bb2f823b398ae37d1878f63b4608f881e341ff67c78
#9 CACHED

#12 exporting to image
#12 sha256:e8c613e07b0b7ff33893b694f7759a10d42e180f2b4dc349fb57dc6b71dcab00
#12 exporting layers done
#12 writing image sha256:1becccd814dbf34cc8e63e180aa81b53d32b799e754916d11e8fe1e0019dbfe9 done
#12 naming to gcr.io/fuzzbench/builders/benchmark/opencv_filestorage_read_file_fuzzer done
#12 DONE 0.2s

#13 exporting cache
#13 sha256:2700d4ef94dee473593c5c614b55b2dedcca7893909811a8f2b48291a1f581e4
#13 preparing build cache for export done
#13 DONE 0.0s
#1 [internal] load build definition from builder.Dockerfile
#1 sha256:4453cf1224c8db98ebaf7767f0f22d53edfeda0c2de82a7af3011be54145b47d
#1 transferring dockerfile: 46B done
#1 DONE 0.0s

#2 [internal] load .dockerignore
#2 sha256:10b8746b3e1d0f7d8800f23eafbea6a465ac8ab7b1cd2b0c9872829a379369b2
#2 transferring context: 2B done
#2 DONE 0.1s

#3 [internal] load metadata for gcr.io/fuzzbench/builders/benchmark/opencv_filestorage_read_file_fuzzer:latest
#3 sha256:8711a2aacf0c7b6fc12501a6c91ca43577bc0d2e4be2ba71ee39bfafe2b54753
#3 DONE 0.0s

#7 importing cache manifest from gcr.io/fuzzbench/builders/afl/opencv_filestorage_read_file_fuzzer-intermediate
#7 sha256:4df6815cf09177d46e5846f8966b9e3da588aa277df4cd4a47f375d3dbfff417
#7 DONE 0.0s

#6 [1/3] FROM gcr.io/fuzzbench/builders/benchmark/opencv_filestorage_read_file_fuzzer
#6 sha256:90f931d07163947ba5027c0bc03d2bf81be30eff533c4833a6aed3757e0355de
#6 DONE 0.0s

#4 [2/3] RUN git clone https://github.com/google/AFL.git /afl &&     cd /afl &&     git checkout 61037103ae3722c8060ff7082994836a794f978e &&     AFL_NO_X86=1 make
#4 sha256:84d8bd2afc846883384ca904e3934121f22bbf3b13b6a645d8963fc41a86bcb2
#4 CACHED

#5 [3/3] RUN apt-get update &&     apt-get install wget -y &&     wget https://raw.githubusercontent.com/llvm/llvm-project/5feb80e748924606531ba28c97fe65145c65372e/compiler-rt/lib/fuzzer/afl/afl_driver.cpp -O /afl/afl_driver.cpp &&     clang -Wno-pointer-sign -c /afl/llvm_mode/afl-llvm-rt.o.c -I/afl &&     clang++ -stdlib=libc++ -std=c++11 -O2 -c /afl/afl_driver.cpp &&     ar r /libAFL.a *.o
#5 sha256:33bf8d1ecc8cfb58a591dd673466202d9a4c3cf20e942a4b1fcf722644bf228f
#5 CACHED

#8 exporting to image
#8 sha256:e8c613e07b0b7ff33893b694f7759a10d42e180f2b4dc349fb57dc6b71dcab00
#8 exporting layers done
#8 writing image sha256:46f5031b711128eb84cc163599a68526005a66a2f95e2b1d5dab852aa983e026 done
#8 naming to gcr.io/fuzzbench/builders/afl/opencv_filestorage_read_file_fuzzer-intermediate done
#8 DONE 0.1s

#9 exporting cache
#9 sha256:2700d4ef94dee473593c5c614b55b2dedcca7893909811a8f2b48291a1f581e4
#9 preparing build cache for export done
#9 DONE 0.0s
#1 [internal] load build definition from Dockerfile
#1 sha256:55d127481837057d72db2469a1669adb5b44853c6804099ceb49a0e67f20b5e6
#1 transferring dockerfile: 2.00kB done
#1 DONE 0.1s

#2 [internal] load .dockerignore
#2 sha256:68819ceff5447d33ca942cdb5616ce321035f297e64154260111b3c9b8467607
#2 transferring context: 34B done
#2 DONE 0.1s

#3 [internal] load metadata for docker.io/library/ubuntu:xenial
#3 sha256:f62bae18ed588840f045c881b2502661f2a89578a2f8f99b83f5200ee83dd25b
#3 DONE 0.0s

#4 importing cache manifest from gcr.io/fuzzbench/base-image
#4 sha256:9b220ebb4d4daceed1b96df9b6dca076e762f1cd612574f010b82d5b9e5ad896
#4 DONE 0.0s

#5 [1/7] FROM docker.io/library/ubuntu:xenial
#5 sha256:14dd403f25ae9e519bd44f27dc17af7ce80f5a4f9f48ca88108364e67ec5d360
#5 DONE 0.0s

#8 [internal] load build context
#8 sha256:72975ec5e104dd9f2d495f0d2c1d5b14ea8f27c9190639b752d71f3e185332b2
#8 transferring context: 559B 0.1s done
#8 DONE 0.1s

#6 [2/7] RUN apt-get update -y && apt-get install -y     build-essential     rsync     curl     zlib1g-dev     libncurses5-dev     libgdbm-dev     libnss3-dev     libssl-dev     libreadline-dev     libffi-dev     virtualenv     libbz2-dev     liblzma-dev     libsqlite3-dev
#6 sha256:3a1b0960f17eed529eaae93dc8fd3554f2743dd584d8fa569cdbe6bc734371ac
#6 CACHED

#7 [3/7] RUN cd /tmp/ &&     curl -O https://www.python.org/ftp/python/3.8.6/Python-3.8.6.tar.xz &&     tar -xvf Python-3.8.6.tar.xz &&     cd Python-3.8.6 &&     ./configure --enable-loadable-sqlite-extensions --enable-optimizations &&     make -j install &&     rm -r /tmp/Python-3.8.6.tar.xz /tmp/Python-3.8.6
#7 sha256:c5b9d1fb3371e84dbc60b76e7b2f8d5913bc93bcd4910ab65daa03e7b2ec4bb0
#7 CACHED

#9 [4/7] COPY ./requirements.txt /
#9 sha256:8376b79266ed2e9ade18910ec39818608b22c57a96e729515e9e037df7263a91
#9 CACHED

#10 [5/7] RUN pip3 install -r /requirements.txt
#10 sha256:a9ceda462c5cfbce46a2e6c0097e2761315773cb4954444df838c42873a4a1dd
#10 CACHED

#11 [6/7] RUN apt-get update -y && apt-get install -y     apt-transport-https     lsb-release
#11 sha256:268e868e4a1f74dda1115440282b55195e1f8b946881ed6bf988d001cb9afbd5
#11 CACHED

#12 [7/7] RUN CLOUD_SDK_REPO="cloud-sdk-$(lsb_release -c -s)" &&     echo "deb https://packages.cloud.google.com/apt $CLOUD_SDK_REPO main"     | tee -a /etc/apt/sources.list.d/google-cloud-sdk.list &&     curl https://packages.cloud.google.com/apt/doc/apt-key.gpg     | apt-key add - &&     apt-get update -y &&     apt-get install -y google-cloud-sdk
#12 sha256:759b6d9967b2abd2155efe6c721a44a4577e9f65988703e7eb135f2efc0e37c3
#12 CACHED

#13 exporting to image
#13 sha256:e8c613e07b0b7ff33893b694f7759a10d42e180f2b4dc349fb57dc6b71dcab00
#13 exporting layers done
#13 writing image sha256:55e5825902805b10e1ba0cd27e4af0d82c25f9e225d6218342d4b6474bd3ddae 0.0s done
#13 naming to gcr.io/fuzzbench/base-image done
#13 DONE 0.2s

#14 exporting cache
#14 sha256:2700d4ef94dee473593c5c614b55b2dedcca7893909811a8f2b48291a1f581e4
#14 preparing build cache for export done
#14 DONE 0.0s
#1 [internal] load build definition from Dockerfile
#1 sha256:f5976a256b12bc25138606c67bc188454ec0161d6410631159d18b626f7c9561
#1 transferring dockerfile: 2.22kB done
#1 DONE 0.1s

#2 [internal] load .dockerignore
#2 sha256:b0e0aeb9b119a0648989d9457f17d7083ad8ce4a4d1f629bc0cc357cf5e22968
#2 transferring context: 34B done
#2 DONE 0.1s

#3 [internal] load metadata for gcr.io/fuzzbench/builders/afl/opencv_filestorage_read_file_fuzzer-intermediate:latest
#3 sha256:5207154a898226468f9dcfffd800564b2b15714ece48aebb936d6a38a5ab5a4f
#3 DONE 0.0s

#7 [base-image 1/1] FROM gcr.io/fuzzbench/base-image
#7 sha256:4d07825694520f8b6f6a0d8592dbd345433361ae044cb7f06706c5a95e3daaad
#7 DONE 1.0s

#6 [stage-1  1/13] FROM gcr.io/fuzzbench/builders/afl/opencv_filestorage_read_file_fuzzer-intermediate
#6 sha256:f5edf8f81dbb10624d9ea5c65ce9a6fadb7bffe2f3ebdd30db393be25bfb3724
#6 DONE 0.0s

#4 [internal] load metadata for gcr.io/fuzzbench/base-image:latest
#4 sha256:932022888f650cc455b10eb5123bb08c0cccacac29a693e69314abbfd28a72c3
#4 DONE 0.0s

#12 [internal] load build context
#12 sha256:53c6101ea29dc923fd103e7594878fd84e3b480a2acfb0c2e25758fff1372e77
#12 DONE 0.0s

#5 importing cache manifest from gcr.io/fuzzbench/builders/afl/opencv_filestorage_read_file_fuzzer
#5 sha256:1032924894f3a79c322d9477a81a3835f1c60ffb8ccd82d5cf27921659f85aa2
#5 ERROR: gcr.io/fuzzbench/builders/afl/opencv_filestorage_read_file_fuzzer:latest: not found

#12 [internal] load build context
#12 sha256:53c6101ea29dc923fd103e7594878fd84e3b480a2acfb0c2e25758fff1372e77
#12 transferring context: 669.93kB 0.2s done
#12 DONE 0.3s

#10 [stage-1  4/13] COPY --from=base-image /usr/local/include/python3.8 /usr/local/include/python3.8
#10 sha256:9df27e2abc6e63e1368370367a2dfcb1f1376e7ac5e2f3a4929a8f8159c57141
#10 CACHED

#11 [stage-1  5/13] COPY --from=base-image /usr/local/lib/python3.8/site-packages /usr/local/lib/python3.8/site-packages
#11 sha256:b7766ce32f8d4a0db31f3e28bb5203ed90a3d1d86e567735a8bceb5a00456db0
#11 CACHED

#13 [stage-1  6/13] COPY fuzzers /src/fuzzers
#13 sha256:aea908f1ad71533f0c874f68bf4b9a581537c9f48e66940331482ee6ba4543be
#13 CACHED

#8 [stage-1  2/13] COPY --from=base-image /usr/local/bin/python3* /usr/local/bin/
#8 sha256:c91405b326a035fdf6e0056e5fe402c276ebb1973133f8decd60a59427d99f43
#8 CACHED

#9 [stage-1  3/13] COPY --from=base-image /usr/local/lib/python3.8 /usr/local/lib/python3.8
#9 sha256:5c963c6d0e4680d227efabba0415223e2f4350dab271a0e031270010c30cccef
#9 CACHED

#14 [stage-1  7/13] RUN touch /src/__init__.py
#14 sha256:5019b6decdf190154df4e9a8728870cdb134580f18dd21a1c742180e00d5908c
#14 DONE 1.4s

#15 [stage-1  8/13] COPY benchmarks/opencv_filestorage_read_file_fuzzer/benchmark.yaml /
#15 sha256:d29d7b2d808e2dae52e75a79078191930725cf875bb1b8e52e597ac594b8e963
#15 DONE 0.2s

#16 [stage-1  9/13] RUN mkdir /opt/fuzzbench/
#16 sha256:a6cf204127225a82f49f85287659b6515085522ba40926553d8ff0ab86ec2bcc
#16 DONE 1.2s

#17 [stage-1 10/13] COPY docker/benchmark-builder/checkout_commit.py /opt/fuzzbench/
#17 sha256:05c2d7a58e94970e4df8513ce7ecda945a26ebc6b4dc23aa9d8d3032f346589b
#17 DONE 0.1s

#18 [stage-1 11/13] RUN export CHECKOUT_COMMIT=$(cat /benchmark.yaml | tr -d ' ' | grep 'commit:' | cut -d ':' -f2) &&     python3 -u /opt/fuzzbench/checkout_commit.py $CHECKOUT_COMMIT /src
#18 sha256:ff41ec6c4caad3bfaa41c82f8957a10b32ef60ecaad1f7bdc6cef8bc9176709d
#18 1.255 Checking out commit 84faf557
#18 138.4 From https://github.com/opencv/opencv
#18 138.4  * [new tag]               2.2                  -> 2.2
#18 138.4  * [new tag]               2.4.0                -> 2.4.0
#18 138.4  * [new tag]               2.4.1                -> 2.4.1
#18 138.4  * [new tag]               2.4.10               -> 2.4.10
#18 138.4  * [new tag]               2.4.10.1             -> 2.4.10.1
#18 138.4  * [new tag]               2.4.10.2             -> 2.4.10.2
#18 138.4  * [new tag]               2.4.10.3             -> 2.4.10.3
#18 138.4  * [new tag]               2.4.10.4             -> 2.4.10.4
#18 138.4  * [new tag]               2.4.11               -> 2.4.11
#18 138.4  * [new tag]               2.4.12               -> 2.4.12
#18 138.4  * [new tag]               2.4.12.1             -> 2.4.12.1
#18 138.4  * [new tag]               2.4.12.2             -> 2.4.12.2
#18 138.4  * [new tag]               2.4.12.3             -> 2.4.12.3
#18 138.4  * [new tag]               2.4.13               -> 2.4.13
#18 138.4  * [new tag]               2.4.13.1             -> 2.4.13.1
#18 138.4  * [new tag]               2.4.2                -> 2.4.2
#18 138.4  * [new tag]               2.4.3                -> 2.4.3
#18 138.4  * [new tag]               2.4.3-rc             -> 2.4.3-rc
#18 138.4  * [new tag]               2.4.3.1              -> 2.4.3.1
#18 138.4  * [new tag]               2.4.3.2              -> 2.4.3.2
#18 138.4  * [new tag]               2.4.4                -> 2.4.4
#18 138.4  * [new tag]               2.4.4-beta           -> 2.4.4-beta
#18 138.4  * [new tag]               2.4.5                -> 2.4.5
#18 138.4  * [new tag]               2.4.6                -> 2.4.6
#18 138.4  * [new tag]               2.4.6.1              -> 2.4.6.1
#18 138.4  * [new tag]               2.4.6.2              -> 2.4.6.2
#18 138.4  * [new tag]               2.4.6.2-rc1          -> 2.4.6.2-rc1
#18 138.4  * [new tag]               2.4.7                -> 2.4.7
#18 138.4  * [new tag]               2.4.7-rc1            -> 2.4.7-rc1
#18 138.4  * [new tag]               2.4.7.1              -> 2.4.7.1
#18 138.4  * [new tag]               2.4.7.2              -> 2.4.7.2
#18 138.4  * [new tag]               2.4.8                -> 2.4.8
#18 138.4  * [new tag]               2.4.8.1              -> 2.4.8.1
#18 138.4  * [new tag]               2.4.8.2              -> 2.4.8.2
#18 138.4  * [new tag]               2.4.8.3              -> 2.4.8.3
#18 138.4  * [new tag]               2.4.9                -> 2.4.9
#18 138.4  * [new tag]               2.4.9.1              -> 2.4.9.1
#18 138.4  * [new tag]               3.0-ocl-tech-preview -> 3.0-ocl-tech-preview
#18 138.4  * [new tag]               3.0-ocl-tp2          -> 3.0-ocl-tp2
#18 138.4  * [new tag]               3.0.0                -> 3.0.0
#18 138.4  * [new tag]               3.0.0-alpha          -> 3.0.0-alpha
#18 138.4  * [new tag]               3.0.0-beta           -> 3.0.0-beta
#18 138.4  * [new tag]               3.0.0-rc1            -> 3.0.0-rc1
#18 138.4  * [new tag]               3.1.0                -> 3.1.0
#18 138.5  * [new tag]               3.2.0                -> 3.2.0
#18 138.5  * [new tag]               3.2.0-rc             -> 3.2.0-rc
#18 138.5  * [new tag]               3.3.0                -> 3.3.0
#18 138.5  * [new tag]               3.3.0-cvsdk          -> 3.3.0-cvsdk
#18 138.5  * [new tag]               3.3.0-rc             -> 3.3.0-rc
#18 138.5  * [new tag]               3.3.1                -> 3.3.1
#18 138.5  * [new tag]               3.3.1-cvsdk          -> 3.3.1-cvsdk
#18 138.5  * [new tag]               3.4.0                -> 3.4.0
#18 138.5  * [new tag]               3.4.0-rc             -> 3.4.0-rc
#18 138.5  * [new tag]               3.4.1                -> 3.4.1
#18 138.5  * [new tag]               3.4.1-cvsdk          -> 3.4.1-cvsdk
#18 138.5  * [new tag]               3.4.10               -> 3.4.10
#18 138.5  * [new tag]               3.4.11               -> 3.4.11
#18 138.5  * [new tag]               3.4.12               -> 3.4.12
#18 138.5  * [new tag]               3.4.13               -> 3.4.13
#18 138.5  * [new tag]               3.4.14               -> 3.4.14
#18 138.5  * [new tag]               3.4.15               -> 3.4.15
#18 138.5  * [new tag]               3.4.16               -> 3.4.16
#18 138.5  * [new tag]               3.4.17               -> 3.4.17
#18 138.5  * [new tag]               3.4.2                -> 3.4.2
#18 138.5  * [new tag]               3.4.2-openvino       -> 3.4.2-openvino
#18 138.5  * [new tag]               3.4.3                -> 3.4.3
#18 138.5  * [new tag]               3.4.3-openvino       -> 3.4.3-openvino
#18 138.5  * [new tag]               3.4.4                -> 3.4.4
#18 138.5  * [new tag]               3.4.5                -> 3.4.5
#18 138.5  * [new tag]               3.4.6                -> 3.4.6
#18 138.5  * [new tag]               3.4.7                -> 3.4.7
#18 138.5  * [new tag]               3.4.8                -> 3.4.8
#18 138.5  * [new tag]               3.4.9                -> 3.4.9
#18 138.5  * [new tag]               4.0.0                -> 4.0.0
#18 138.5  * [new tag]               4.0.0-alpha          -> 4.0.0-alpha
#18 138.5  * [new tag]               4.0.0-beta           -> 4.0.0-beta
#18 138.5  * [new tag]               4.0.0-openvino       -> 4.0.0-openvino
#18 138.5  * [new tag]               4.0.0-rc             -> 4.0.0-rc
#18 138.5  * [new tag]               4.0.1                -> 4.0.1
#18 138.5  * [new tag]               4.0.1-openvino       -> 4.0.1-openvino
#18 138.5  * [new tag]               4.1.0                -> 4.1.0
#18 138.5  * [new tag]               4.1.0-openvino       -> 4.1.0-openvino
#18 138.5  * [new tag]               4.1.1                -> 4.1.1
#18 138.5  * [new tag]               4.1.1-openvino       -> 4.1.1-openvino
#18 138.5  * [new tag]               4.1.2                -> 4.1.2
#18 138.5  * [new tag]               4.1.2-openvino       -> 4.1.2-openvino
#18 138.5  * [new tag]               4.2.0                -> 4.2.0
#18 138.5  * [new tag]               4.3.0                -> 4.3.0
#18 138.5  * [new tag]               4.4.0                -> 4.4.0
#18 138.5  * [new tag]               4.5.0                -> 4.5.0
#18 138.5  * [new tag]               4.5.1                -> 4.5.1
#18 138.5  * [new tag]               4.5.2                -> 4.5.2
#18 138.5  * [new tag]               4.5.3                -> 4.5.3
#18 138.5  * [new tag]               4.5.4                -> 4.5.4
#18 138.5  * [new tag]               4.5.5                -> 4.5.5
#18 138.6 error: pathspec '84faf557' did not match any file(s) known to git
#18 138.6 error: pathspec '84faf557' did not match any file(s) known to git
#18 138.6 error: pathspec '84faf557' did not match any file(s) known to git
#18 138.7 error: pathspec '84faf557' did not match any file(s) known to git
#18 138.8 error: pathspec '84faf557' did not match any file(s) known to git
#18 138.8 error: pathspec '84faf557' did not match any file(s) known to git
#18 138.8 error: pathspec '84faf557' did not match any file(s) known to git
#18 138.9 error: pathspec '84faf557' did not match any file(s) known to git
#18 139.0 error: pathspec '84faf557' did not match any file(s) known to git
#18 139.0 error: pathspec '84faf557' did not match any file(s) known to git
#18 139.1 error: pathspec '84faf557' did not match any file(s) known to git
#18 139.1 error: pathspec '84faf557' did not match any file(s) known to git
#18 139.3 error: pathspec '84faf557' did not match any file(s) known to git
#18 139.4 error: pathspec '84faf557' did not match any file(s) known to git
#18 139.4 error: pathspec '84faf557' did not match any file(s) known to git
#18 139.5 error: pathspec '84faf557' did not match any file(s) known to git
#18 139.5 error: pathspec '84faf557' did not match any file(s) known to git
#18 139.5 error: pathspec '84faf557' did not match any file(s) known to git
#18 139.6 error: pathspec '84faf557' did not match any file(s) known to git
#18 139.6 error: pathspec '84faf557' did not match any file(s) known to git
#18 139.7 error: pathspec '84faf557' did not match any file(s) known to git
#18 139.7 error: pathspec '84faf557' did not match any file(s) known to git
#18 139.9 Checkout unsuccessful.
#18 DONE 140.1s

#19 [stage-1 12/13] RUN echo "#!/bin/bash\nPYTHONPATH=/src python3 -u -c "from fuzzers import utils; utils.initialize_env(); from fuzzers.afl import fuzzer; fuzzer.build()"" > /usr/bin/fuzzer_build &&     chmod +x /usr/bin/fuzzer_build
#19 sha256:624749ccfd5bd067bd1881ed39003fbfc55e2d8c6366b900666d35ac0c5d58fc
#19 DONE 1.3s

#20 [stage-1 13/13] RUN echo "Run fuzzer_build to build the target" && if [ -z "$debug_builder" ] ; then fuzzer_build; fi
#20 sha256:33bf18a7c35ef06601405c4c1aa73abaadeca5ff3ff722fba8b280535ff4f2e8
#20 1.039 Run fuzzer_build to build the target
#20 1.423 FUZZ_TARGET = filestorage_read_file_fuzzer
#20 1.424 CFLAGS = -DFUZZING_BUILD_MODE_UNSAFE_FOR_PRODUCTION -pthread -Wl,--no-as-needed -Wl,-ldl -Wl,-lm -Wno-unused-command-line-argument -O3
#20 1.424 CXXFLAGS = -DFUZZING_BUILD_MODE_UNSAFE_FOR_PRODUCTION -pthread -Wl,--no-as-needed -Wl,-ldl -Wl,-lm -Wno-unused-command-line-argument -stdlib=libc++ -O3
#20 1.438 Building benchmark opencv_filestorage_read_file_fuzzer with fuzzer afl
#20 1.443 + mkdir opencv/build
#20 1.446 mkdir: cannot create directory ‘opencv/build’: No such file or directory
#20 1.448 Traceback (most recent call last):
#20 1.448   File "<string>", line 1, in <module>
#20 1.449   File "/src/fuzzers/afl/fuzzer.py", line 40, in build
#20 1.450     utils.build_benchmark()
#20 1.451   File "/src/fuzzers/utils.py", line 82, in build_benchmark
#20 1.453     subprocess.check_call(['/bin/bash', '-ex', build_script], env=env)
#20 1.453   File "/usr/local/lib/python3.8/subprocess.py", line 364, in check_call
#20 1.455     raise CalledProcessError(retcode, cmd)
#20 1.456 subprocess.CalledProcessError: Command '['/bin/bash', '-ex', '/src/build.sh']' returned non-zero exit status 1.
#20 ERROR: executor failed running [/bin/sh -c echo "Run fuzzer_build to build the target" && if [ -z "$debug_builder" ] ; then fuzzer_build; fi]: exit code: 1
------
 > importing cache manifest from gcr.io/fuzzbench/builders/afl/opencv_filestorage_read_file_fuzzer:
------
------
 > [stage-1 13/13] RUN echo "Run fuzzer_build to build the target" && if [ -z "$debug_builder" ] ; then fuzzer_build; fi:
------
executor failed running [/bin/sh -c echo "Run fuzzer_build to build the target" && if [ -z "$debug_builder" ] ; then fuzzer_build; fi]: exit code: 1
make: *** [docker/generated.mk:2853908: .afl-opencv_filestorage_read_file_fuzzer-builder] Error 1
