WARNING:root:gcloud not found in PATH.
INFO:root:Successfully integrated benchmark: git_git.
INFO:root:Please run "make test-run-afl-git_git" to test integration.
#2 [internal] load .dockerignore
#2 sha256:5ebbd97f4cf9e6cd1545b1034b056a55763d5edcd638033bf974654c9f8d9355
#2 transferring context: 2B done
#2 DONE 0.1s

#1 [internal] load build definition from Dockerfile
#1 sha256:ad9377ed3197fcebff11e1f3e58ec7856d2fecf21c5d46ac0ad505c2ca034dd1
#1 transferring dockerfile: 1.30kB done
#1 DONE 0.2s

#3 [internal] load metadata for gcr.io/oss-fuzz-base/base-builder:latest
#3 sha256:f10dc39cc9d418a5bc416dead31a1902b6821fdae909cd3b08f7a3fd1faba7b5
#3 DONE 0.4s

#10 [internal] load build context
#10 sha256:e210b3ce41832c8690165c72d7f733239c690d4e5f3179ef1857a69ee70e5a93
#10 DONE 0.0s

#5 [1/6] FROM gcr.io/oss-fuzz-base/base-builder@sha256:41d7bbe7827592680a606c9bba1aeb6e23c7502ce8b633923b06542f4c706e7c
#5 sha256:660db69324ed478291dd329cbbfe422dccbc173f9ab806c069fac341073eab8c
#5 DONE 0.0s

#4 importing cache manifest from gcr.io/fuzzbench/builders/benchmark/git_git
#4 sha256:bba7fc86d2aaed4759e29656a432c6d57c98c2a1de86eca875a6146e6c5b66d0
#4 ERROR: gcr.io/fuzzbench/builders/benchmark/git_git:latest: not found

#5 [1/6] FROM gcr.io/oss-fuzz-base/base-builder@sha256:41d7bbe7827592680a606c9bba1aeb6e23c7502ce8b633923b06542f4c706e7c
#5 sha256:660db69324ed478291dd329cbbfe422dccbc173f9ab806c069fac341073eab8c
#5 CACHED

#10 [internal] load build context
#10 sha256:e210b3ce41832c8690165c72d7f733239c690d4e5f3179ef1857a69ee70e5a93
#10 transferring context: 30B done
#10 DONE 0.2s

#6 [2/6] RUN apt-get update &&     apt-get install --no-install-recommends -y         cvs cvsps gettext libcgi-pm-perl libcurl4-gnutls-dev         libdbd-sqlite3-perl liberror-perl libexpat1-dev libhttp-date-perl         libio-pty-perl libmailtools-perl libpcre2-dev libpcre3-dev libsvn-perl         libtime-modules-perl libyaml-perl libz-dev python subversion tcl unzip         asciidoc docbook-xsl xmlto libssl-dev zip
#6 sha256:38c6873ba7687ca9ef3b639f53634f78cd17f8679793f6f703baf55b09e51110
#6 0.721 Hit:1 http://ppa.launchpad.net/git-core/ppa/ubuntu focal InRelease
#6 0.721 Hit:2 http://archive.ubuntu.com/ubuntu focal InRelease
#6 0.721 Get:3 http://archive.ubuntu.com/ubuntu focal-updates InRelease [114 kB]
#6 0.814 Get:4 http://archive.ubuntu.com/ubuntu focal-backports InRelease [108 kB]
#6 0.830 Get:5 http://security.ubuntu.com/ubuntu focal-security InRelease [114 kB]
#6 1.275 Get:6 http://archive.ubuntu.com/ubuntu focal-updates/main i386 Packages [754 kB]
#6 1.383 Get:7 http://archive.ubuntu.com/ubuntu focal-updates/main amd64 Packages [1983 kB]
#6 1.530 Get:8 http://archive.ubuntu.com/ubuntu focal-updates/universe i386 Packages [827 kB]
#6 1.591 Get:9 http://archive.ubuntu.com/ubuntu focal-updates/restricted amd64 Packages [1042 kB]
#6 1.669 Get:10 http://archive.ubuntu.com/ubuntu focal-updates/universe amd64 Packages [1134 kB]
#6 1.982 Fetched 6076 kB in 1s (4627 kB/s)
#6 1.982 Reading package lists...
#6 3.479 Reading package lists...
#6 4.901 Building dependency tree...
#6 5.116 Reading state information...
#6 5.145 Package libtime-modules-perl is not available, but is referred to by another package.
#6 5.145 This may mean that the package is missing, has been obsoleted, or
#6 5.145 is only available from another source
#6 5.145 However the following packages replace it:
#6 5.145   libtime-parsedate-perl
#6 5.145 
#6 5.149 E: Package 'libtime-modules-perl' has no installation candidate
#6 ERROR: executor failed running [/bin/sh -c apt-get update &&     apt-get install --no-install-recommends -y         cvs cvsps gettext libcgi-pm-perl libcurl4-gnutls-dev         libdbd-sqlite3-perl liberror-perl libexpat1-dev libhttp-date-perl         libio-pty-perl libmailtools-perl libpcre2-dev libpcre3-dev libsvn-perl         libtime-modules-perl libyaml-perl libz-dev python subversion tcl unzip         asciidoc docbook-xsl xmlto libssl-dev zip]: exit code: 100
------
 > importing cache manifest from gcr.io/fuzzbench/builders/benchmark/git_git:
------
------
 > [2/6] RUN apt-get update &&     apt-get install --no-install-recommends -y         cvs cvsps gettext libcgi-pm-perl libcurl4-gnutls-dev         libdbd-sqlite3-perl liberror-perl libexpat1-dev libhttp-date-perl         libio-pty-perl libmailtools-perl libpcre2-dev libpcre3-dev libsvn-perl         libtime-modules-perl libyaml-perl libz-dev python subversion tcl unzip         asciidoc docbook-xsl xmlto libssl-dev zip:
------
executor failed running [/bin/sh -c apt-get update &&     apt-get install --no-install-recommends -y         cvs cvsps gettext libcgi-pm-perl libcurl4-gnutls-dev         libdbd-sqlite3-perl liberror-perl libexpat1-dev libhttp-date-perl         libio-pty-perl libmailtools-perl libpcre2-dev libpcre3-dev libsvn-perl         libtime-modules-perl libyaml-perl libz-dev python subversion tcl unzip         asciidoc docbook-xsl xmlto libssl-dev zip]: exit code: 100
make: *** [docker/generated.mk:17939: .git_git-project-builder] Error 1
/bin/sh: 1: source: not found
#2 [internal] load .dockerignore
#2 sha256:3125b4c4e97fcc759d39d707e914bab31f78ebd464a6371df13d51c6695fe1f2
#2 transferring context: 2B done
#2 DONE 0.2s

#1 [internal] load build definition from Dockerfile
#1 sha256:334732cd0460eabcd04e8f6c51ae73ec154b4ac7df0d6719a15b855ce1fb3263
#1 transferring dockerfile: 32B done
#1 DONE 0.2s

#3 [internal] load metadata for gcr.io/oss-fuzz-base/base-builder:latest
#3 sha256:f10dc39cc9d418a5bc416dead31a1902b6821fdae909cd3b08f7a3fd1faba7b5
#3 DONE 0.4s

#10 [internal] load build context
#10 sha256:59c7a6df7664f8856c1449a150b59b524a9e62be0eb0bcfbe5007f0e82adf355
#10 DONE 0.0s

#5 [1/6] FROM gcr.io/oss-fuzz-base/base-builder@sha256:41d7bbe7827592680a606c9bba1aeb6e23c7502ce8b633923b06542f4c706e7c
#5 sha256:660db69324ed478291dd329cbbfe422dccbc173f9ab806c069fac341073eab8c
#5 DONE 0.0s

#4 importing cache manifest from gcr.io/fuzzbench/builders/benchmark/git_git
#4 sha256:bba7fc86d2aaed4759e29656a432c6d57c98c2a1de86eca875a6146e6c5b66d0
#4 ERROR: gcr.io/fuzzbench/builders/benchmark/git_git:latest: not found

#5 [1/6] FROM gcr.io/oss-fuzz-base/base-builder@sha256:41d7bbe7827592680a606c9bba1aeb6e23c7502ce8b633923b06542f4c706e7c
#5 sha256:660db69324ed478291dd329cbbfe422dccbc173f9ab806c069fac341073eab8c
#5 CACHED

#6 [2/6] RUN apt-get update &&     apt-get install --no-install-recommends -y         cvs cvsps gettext libcgi-pm-perl libcurl4-gnutls-dev         libdbd-sqlite3-perl liberror-perl libexpat1-dev libhttp-date-perl         libio-pty-perl libmailtools-perl libpcre2-dev libpcre3-dev libsvn-perl         libtime-modules-perl libyaml-perl libz-dev python subversion tcl unzip         asciidoc docbook-xsl xmlto libssl-dev zip
#6 sha256:38c6873ba7687ca9ef3b639f53634f78cd17f8679793f6f703baf55b09e51110
#6 ...

#10 [internal] load build context
#10 sha256:59c7a6df7664f8856c1449a150b59b524a9e62be0eb0bcfbe5007f0e82adf355
#10 transferring context: 30B done
#10 DONE 0.3s

#6 [2/6] RUN apt-get update &&     apt-get install --no-install-recommends -y         cvs cvsps gettext libcgi-pm-perl libcurl4-gnutls-dev         libdbd-sqlite3-perl liberror-perl libexpat1-dev libhttp-date-perl         libio-pty-perl libmailtools-perl libpcre2-dev libpcre3-dev libsvn-perl         libtime-modules-perl libyaml-perl libz-dev python subversion tcl unzip         asciidoc docbook-xsl xmlto libssl-dev zip
#6 sha256:38c6873ba7687ca9ef3b639f53634f78cd17f8679793f6f703baf55b09e51110
#6 1.626 Hit:1 http://archive.ubuntu.com/ubuntu focal InRelease
#6 1.626 Get:2 http://archive.ubuntu.com/ubuntu focal-updates InRelease [114 kB]
#6 1.629 Get:3 http://archive.ubuntu.com/ubuntu focal-backports InRelease [108 kB]
#6 1.632 Get:4 http://security.ubuntu.com/ubuntu focal-security InRelease [114 kB]
#6 1.632 Hit:5 http://ppa.launchpad.net/git-core/ppa/ubuntu focal InRelease
#6 2.006 Get:6 http://archive.ubuntu.com/ubuntu focal-updates/main amd64 Packages [1983 kB]
#6 2.330 Get:7 http://archive.ubuntu.com/ubuntu focal-updates/main i386 Packages [754 kB]
#6 2.385 Get:8 http://archive.ubuntu.com/ubuntu focal-updates/universe amd64 Packages [1134 kB]
#6 2.469 Get:9 http://archive.ubuntu.com/ubuntu focal-updates/universe i386 Packages [827 kB]
#6 2.531 Get:10 http://archive.ubuntu.com/ubuntu focal-updates/restricted amd64 Packages [1042 kB]
#6 2.789 Fetched 6076 kB in 2s (4022 kB/s)
#6 2.789 Reading package lists...
#6 4.288 Reading package lists...
#6 5.721 Building dependency tree...
#6 5.937 Reading state information...
#6 5.965 Package libtime-modules-perl is not available, but is referred to by another package.
#6 5.965 This may mean that the package is missing, has been obsoleted, or
#6 5.965 is only available from another source
#6 5.965 However the following packages replace it:
#6 5.965   libtime-parsedate-perl
#6 5.965 
#6 5.970 E: Package 'libtime-modules-perl' has no installation candidate
#6 ERROR: executor failed running [/bin/sh -c apt-get update &&     apt-get install --no-install-recommends -y         cvs cvsps gettext libcgi-pm-perl libcurl4-gnutls-dev         libdbd-sqlite3-perl liberror-perl libexpat1-dev libhttp-date-perl         libio-pty-perl libmailtools-perl libpcre2-dev libpcre3-dev libsvn-perl         libtime-modules-perl libyaml-perl libz-dev python subversion tcl unzip         asciidoc docbook-xsl xmlto libssl-dev zip]: exit code: 100
------
 > importing cache manifest from gcr.io/fuzzbench/builders/benchmark/git_git:
------
------
 > [2/6] RUN apt-get update &&     apt-get install --no-install-recommends -y         cvs cvsps gettext libcgi-pm-perl libcurl4-gnutls-dev         libdbd-sqlite3-perl liberror-perl libexpat1-dev libhttp-date-perl         libio-pty-perl libmailtools-perl libpcre2-dev libpcre3-dev libsvn-perl         libtime-modules-perl libyaml-perl libz-dev python subversion tcl unzip         asciidoc docbook-xsl xmlto libssl-dev zip:
------
executor failed running [/bin/sh -c apt-get update &&     apt-get install --no-install-recommends -y         cvs cvsps gettext libcgi-pm-perl libcurl4-gnutls-dev         libdbd-sqlite3-perl liberror-perl libexpat1-dev libhttp-date-perl         libio-pty-perl libmailtools-perl libpcre2-dev libpcre3-dev libsvn-perl         libtime-modules-perl libyaml-perl libz-dev python subversion tcl unzip         asciidoc docbook-xsl xmlto libssl-dev zip]: exit code: 100
make: *** [docker/generated.mk:17939: .git_git-project-builder] Error 1
