WARNING:root:gcloud not found in PATH.
INFO:root:Successfully integrated benchmark: boost_boost_ptree_jsonread_fuzzer.
INFO:root:Please run "make test-run-afl-boost_boost_ptree_jsonread_fuzzer" to test integration.
#1 [internal] load build definition from Dockerfile
#1 sha256:8fb20d78c30a900ee6a2ff264a3c6a40ce34d86a9e9b91423dd5735d66a96195
#1 transferring dockerfile: 1.12kB done
#1 DONE 0.0s

#2 [internal] load .dockerignore
#2 sha256:3371cb1ff96ed01a74453970773140ef05602ead71d18f4c86fdf4132467b793
#2 transferring context: 2B done
#2 DONE 0.0s

#3 [internal] load metadata for gcr.io/oss-fuzz-base/base-builder:latest
#3 sha256:f10dc39cc9d418a5bc416dead31a1902b6821fdae909cd3b08f7a3fd1faba7b5
#3 DONE 0.4s

#10 [internal] load build context
#10 sha256:20563ab53f8df140e1473fb1891fe4055a933c1cc907b91a55b8aedf7d1260fb
#10 DONE 0.0s

#5 [1/6] FROM gcr.io/oss-fuzz-base/base-builder@sha256:41d7bbe7827592680a606c9bba1aeb6e23c7502ce8b633923b06542f4c706e7c
#5 sha256:660db69324ed478291dd329cbbfe422dccbc173f9ab806c069fac341073eab8c
#5 DONE 0.0s

#4 importing cache manifest from gcr.io/fuzzbench/builders/benchmark/boost_boost_ptree_jsonread_fuzzer
#4 sha256:f2cad61150b1b9b673b846bbb07fd8b40ad615d9a2330ab117957fc27b180cda
#4 ERROR: gcr.io/fuzzbench/builders/benchmark/boost_boost_ptree_jsonread_fuzzer:latest: not found

#10 [internal] load build context
#10 sha256:20563ab53f8df140e1473fb1891fe4055a933c1cc907b91a55b8aedf7d1260fb
#10 transferring context: 2.40kB done
#10 DONE 0.0s

#6 [2/6] RUN apt-get update && apt-get install -y g++
#6 sha256:af3a28fbaef1d043919d93747061c5755e2161896ee0b66b13300fc7e54c3d90
#6 CACHED

#7 [3/6] RUN git clone --recursive https://github.com/boostorg/boost.git
#7 sha256:67869b6b2869a34d8198f8ddb8ff78e8a8b8e5a898b3f72376b5ac365e825fe2
#7 CACHED

#8 [4/6] WORKDIR boost
#8 sha256:755c9caf20b728150890ac7a5930f5fbc4bb14055a1d076889c70231e26b5020
#8 CACHED

#9 [5/6] RUN ./bootstrap.sh && ./b2 headers
#9 sha256:22cb100c1bc39190d79f2ede1ffe043110b390c776b0bd1716ee5931553a4a03
#9 CACHED

#11 [6/6] COPY build.sh boost_regex_fuzzer.cc /src/
#11 sha256:9e523c97f8499204a59e4e7797c7aed9fee107f0115c8ce4f9d426b471b82547
#11 CACHED

#12 exporting to image
#12 sha256:e8c613e07b0b7ff33893b694f7759a10d42e180f2b4dc349fb57dc6b71dcab00
#12 exporting layers done
#12 writing image sha256:fbba3a9e34102c20d4647c811eacf93c19f3012f925257c3e0790533d74736e9
#12 writing image sha256:fbba3a9e34102c20d4647c811eacf93c19f3012f925257c3e0790533d74736e9 done
#12 naming to gcr.io/fuzzbench/builders/benchmark/boost_boost_ptree_jsonread_fuzzer done
#12 DONE 0.1s

#13 exporting cache
#13 sha256:2700d4ef94dee473593c5c614b55b2dedcca7893909811a8f2b48291a1f581e4
#13 preparing build cache for export done
#13 DONE 0.0s
------
 > importing cache manifest from gcr.io/fuzzbench/builders/benchmark/boost_boost_ptree_jsonread_fuzzer:
------
#1 [internal] load build definition from builder.Dockerfile
#1 sha256:3f16436404be708a4da1d9e7417d5c2d529348f68e39c279bc4f36170bfbcf8d
#1 transferring dockerfile: 46B done
#1 DONE 0.0s

#2 [internal] load .dockerignore
#2 sha256:06943b8a2e4be1e2bb9e1efb937ed8f85bd4316230b966b20290e18882dd386a
#2 transferring context: 2B done
#2 DONE 0.0s

#3 [internal] load metadata for gcr.io/fuzzbench/builders/benchmark/boost_boost_ptree_jsonread_fuzzer:latest
#3 sha256:578e2a05d327d9e5122f0d97563c77132eeedac954d356dfa9a905cfbda0691b
#3 DONE 0.0s

#5 [1/3] FROM gcr.io/fuzzbench/builders/benchmark/boost_boost_ptree_jsonread_fuzzer
#5 sha256:e53d8adbff41c54f085ded7c10f6fa50b9e84efeed3e2bedf219aa4f9c557418
#5 DONE 0.0s

#4 importing cache manifest from gcr.io/fuzzbench/builders/afl/boost_boost_ptree_jsonread_fuzzer-intermediate
#4 sha256:7a9cc79a76401160fd14f307b918db4e5aced255bb96649bb8f647dd53bcb432
#4 ERROR: gcr.io/fuzzbench/builders/afl/boost_boost_ptree_jsonread_fuzzer-intermediate:latest: not found

#6 [2/3] RUN git clone https://github.com/google/AFL.git /afl &&     cd /afl &&     git checkout 61037103ae3722c8060ff7082994836a794f978e &&     AFL_NO_X86=1 make
#6 sha256:001e454584db9f93ceb7d8563422d4a2638f8e9dfcf9d0e6a312537ea69110fb
#6 CACHED

#7 [3/3] RUN apt-get update &&     apt-get install wget -y &&     wget https://raw.githubusercontent.com/llvm/llvm-project/5feb80e748924606531ba28c97fe65145c65372e/compiler-rt/lib/fuzzer/afl/afl_driver.cpp -O /afl/afl_driver.cpp &&     clang -Wno-pointer-sign -c /afl/llvm_mode/afl-llvm-rt.o.c -I/afl &&     clang++ -stdlib=libc++ -std=c++11 -O2 -c /afl/afl_driver.cpp &&     ar r /libAFL.a *.o
#7 sha256:e6400518c4cd1f484c9bf30cf444ddcfae884a0b6b2dd76d00d5d799d3343d3b
#7 CACHED

#8 exporting to image
#8 sha256:e8c613e07b0b7ff33893b694f7759a10d42e180f2b4dc349fb57dc6b71dcab00
#8 exporting layers done
#8 writing image sha256:475471697422e350d24a776c9eba65b2e29b7ee75efad0055f2aaa929eb5c476 done
#8 naming to gcr.io/fuzzbench/builders/afl/boost_boost_ptree_jsonread_fuzzer-intermediate done
#8 DONE 0.1s

#9 exporting cache
#9 sha256:2700d4ef94dee473593c5c614b55b2dedcca7893909811a8f2b48291a1f581e4
#9 preparing build cache for export done
#9 DONE 0.0s
------
 > importing cache manifest from gcr.io/fuzzbench/builders/afl/boost_boost_ptree_jsonread_fuzzer-intermediate:
------
#1 [internal] load build definition from Dockerfile
#1 sha256:297c646845ceaebc597e4a0caf3e03ce3b26865570ceb0bb7401a8c47966290a
#1 transferring dockerfile: 2.00kB done
#1 DONE 0.0s

#2 [internal] load .dockerignore
#2 sha256:6c07c869a8c282d078d1432847d769f99bf8b64ab61067f461617e77bab61f43
#2 transferring context: 34B done
#2 DONE 0.0s

#3 [internal] load metadata for docker.io/library/ubuntu:xenial
#3 sha256:f62bae18ed588840f045c881b2502661f2a89578a2f8f99b83f5200ee83dd25b
#3 DONE 0.0s

#8 [internal] load build context
#8 sha256:3e4e70bd4f19e0af061dddc96ea88ed64cf04f6f428f810f1a340a223b83c7d3
#8 DONE 0.0s

#5 [1/7] FROM docker.io/library/ubuntu:xenial
#5 sha256:14dd403f25ae9e519bd44f27dc17af7ce80f5a4f9f48ca88108364e67ec5d360
#5 DONE 0.0s

#4 importing cache manifest from gcr.io/fuzzbench/base-image
#4 sha256:9b220ebb4d4daceed1b96df9b6dca076e762f1cd612574f010b82d5b9e5ad896
#4 DONE 0.0s

#8 [internal] load build context
#8 sha256:3e4e70bd4f19e0af061dddc96ea88ed64cf04f6f428f810f1a340a223b83c7d3
#8 transferring context: 559B 0.0s done
#8 DONE 0.0s

#10 [5/7] RUN pip3 install -r /requirements.txt
#10 sha256:9773b0727a688752a6ffa16560388205975c75e083df2ccc6e98a19837a8ebc8
#10 CACHED

#11 [6/7] RUN apt-get update -y && apt-get install -y     apt-transport-https     lsb-release
#11 sha256:0c5ef5332012c8dd0da4a1ac924697efd4b258ebebcbc16d3d03ed331eec5466
#11 CACHED

#7 [3/7] RUN cd /tmp/ &&     curl -O https://www.python.org/ftp/python/3.8.6/Python-3.8.6.tar.xz &&     tar -xvf Python-3.8.6.tar.xz &&     cd Python-3.8.6 &&     ./configure --enable-loadable-sqlite-extensions --enable-optimizations &&     make -j install &&     rm -r /tmp/Python-3.8.6.tar.xz /tmp/Python-3.8.6
#7 sha256:c5b9d1fb3371e84dbc60b76e7b2f8d5913bc93bcd4910ab65daa03e7b2ec4bb0
#7 CACHED

#9 [4/7] COPY ./requirements.txt /
#9 sha256:8a582ba3cbb57ac03aa6954141a9d215482234b817bb978bc5da5cbee63e78d2
#9 CACHED

#6 [2/7] RUN apt-get update -y && apt-get install -y     build-essential     rsync     curl     zlib1g-dev     libncurses5-dev     libgdbm-dev     libnss3-dev     libssl-dev     libreadline-dev     libffi-dev     virtualenv     libbz2-dev     liblzma-dev     libsqlite3-dev
#6 sha256:3a1b0960f17eed529eaae93dc8fd3554f2743dd584d8fa569cdbe6bc734371ac
#6 CACHED

#12 [7/7] RUN CLOUD_SDK_REPO="cloud-sdk-$(lsb_release -c -s)" &&     echo "deb https://packages.cloud.google.com/apt $CLOUD_SDK_REPO main"     | tee -a /etc/apt/sources.list.d/google-cloud-sdk.list &&     curl https://packages.cloud.google.com/apt/doc/apt-key.gpg     | apt-key add - &&     apt-get update -y &&     apt-get install -y google-cloud-sdk
#12 sha256:de4d4f1251438c11825984063d9476a774a6e26f193c923441c95ae37fbfbe0a
#12 CACHED

#13 exporting to image
#13 sha256:e8c613e07b0b7ff33893b694f7759a10d42e180f2b4dc349fb57dc6b71dcab00
#13 exporting layers done
#13 writing image sha256:cdb478538a35041a0b5608a1313087aff20fc062fe25108e635bb6f1faebe08e done
#13 naming to gcr.io/fuzzbench/base-image done
#13 DONE 0.0s

#14 exporting cache
#14 sha256:2700d4ef94dee473593c5c614b55b2dedcca7893909811a8f2b48291a1f581e4
#14 preparing build cache for export done
#14 DONE 0.0s
#1 [internal] load build definition from Dockerfile
#1 sha256:10b9bc0bc60169607bc9aa45a68ced1de530d5a2d1cde85263b1e8bd62d4c3c9
#1 transferring dockerfile: 2.22kB done
#1 DONE 0.0s

#2 [internal] load .dockerignore
#2 sha256:49fc4df7e32024a71672d4d4cfe3ab22d3b1a755368df4482a24d4a72e8777dc
#2 transferring context: 34B done
#2 DONE 0.0s

#4 [internal] load metadata for gcr.io/fuzzbench/base-image:latest
#4 sha256:932022888f650cc455b10eb5123bb08c0cccacac29a693e69314abbfd28a72c3
#4 DONE 0.0s

#3 [internal] load metadata for gcr.io/fuzzbench/builders/afl/boost_boost_ptree_jsonread_fuzzer-intermediate:latest
#3 sha256:b0468e9b7d59ae15774dabcd0c9e4b6d445e4412e91839e677ae3509a4fbe592
#3 DONE 0.0s

#12 [internal] load build context
#12 sha256:7cc3c7f488621704dfda44dfabdfb5e3ded853e9fffd6a4c06a65846b1867b53
#12 DONE 0.0s

#7 [base-image 1/1] FROM gcr.io/fuzzbench/base-image
#7 sha256:4d07825694520f8b6f6a0d8592dbd345433361ae044cb7f06706c5a95e3daaad
#7 DONE 0.0s

#6 [stage-1  1/13] FROM gcr.io/fuzzbench/builders/afl/boost_boost_ptree_jsonread_fuzzer-intermediate
#6 sha256:161dde1d5f1d405aac7b487fc103a2ea07d276e881efeb2e88d8dffd6ae76b0a
#6 DONE 0.0s

#5 importing cache manifest from gcr.io/fuzzbench/builders/afl/boost_boost_ptree_jsonread_fuzzer
#5 sha256:ec1838740da7c5c1c490eea60aae300f468facaf6407b01b9429240c18fc129b
#5 ERROR: gcr.io/fuzzbench/builders/afl/boost_boost_ptree_jsonread_fuzzer:latest: not found

#12 [internal] load build context
#12 sha256:7cc3c7f488621704dfda44dfabdfb5e3ded853e9fffd6a4c06a65846b1867b53
#12 transferring context: 669.92kB 0.1s done
#12 DONE 0.1s

#8 [stage-1  2/13] COPY --from=base-image /usr/local/bin/python3* /usr/local/bin/
#8 sha256:ee44d709ef046f4c0b89b31b2786736fd934c78fa913601c5d9f792b839271bd
#8 CACHED

#9 [stage-1  3/13] COPY --from=base-image /usr/local/lib/python3.8 /usr/local/lib/python3.8
#9 sha256:f53e3eda49c3d8c8c53675281081b6b3e85f2ea3440c12c04a5c54ed05ed1f56
#9 CACHED

#10 [stage-1  4/13] COPY --from=base-image /usr/local/include/python3.8 /usr/local/include/python3.8
#10 sha256:0cd181f1101b4023eb0857805e9d1696024ddf3baaecaba043fddb37d012f1d5
#10 CACHED

#11 [stage-1  5/13] COPY --from=base-image /usr/local/lib/python3.8/site-packages /usr/local/lib/python3.8/site-packages
#11 sha256:3bb99f55776ba17c85bd6e6d084514dbae65fa5d9536b4154dfa95193f378d0e
#11 CACHED

#13 [stage-1  6/13] COPY fuzzers /src/fuzzers
#13 sha256:5048412936293927f2c0570b384b2c8caa7a5bffacab48fe0fc728d3cba381d5
#13 CACHED

#14 [stage-1  7/13] RUN touch /src/__init__.py
#14 sha256:f32b7adb60cc094564eeb207fce3d794866f390db9c5c2e3625bd3c4b9b5949e
#14 DONE 0.5s

#15 [stage-1  8/13] COPY benchmarks/boost_boost_ptree_jsonread_fuzzer/benchmark.yaml /
#15 sha256:954ce4e8190f8c3c892868450e39f22243018e44eff6c26d7f75395b99fa175f
#15 DONE 0.1s

#16 [stage-1  9/13] RUN mkdir /opt/fuzzbench/
#16 sha256:95622cdcbbcaee013d0645b928e548e9ee8baac5c3ecf5f07f0ad57915618790
#16 DONE 0.5s

#17 [stage-1 10/13] COPY docker/benchmark-builder/checkout_commit.py /opt/fuzzbench/
#17 sha256:379064b20e7a6303298a0e8ac46cffc61dd489f555078228bacb85b89abec42a
#17 DONE 0.1s

#18 [stage-1 11/13] RUN export CHECKOUT_COMMIT=$(cat /benchmark.yaml | tr -d ' ' | grep 'commit:' | cut -d ':' -f2) &&     python3 -u /opt/fuzzbench/checkout_commit.py $CHECKOUT_COMMIT /src
#18 sha256:a516140bfbaf21012a34b6af16258b2a7edac5ffaa663f7af5a7ac7d5c65bb58
#18 0.498 Checking out commit 88d167f9
#18 0.507 error: pathspec '88d167f9' did not match any file(s) known to git
#18 0.511 error: pathspec '88d167f9' did not match any file(s) known to git
#18 0.518 error: pathspec '88d167f9' did not match any file(s) known to git
#18 0.535 error: pathspec '88d167f9' did not match any file(s) known to git
#18 0.564 error: pathspec '88d167f9' did not match any file(s) known to git
#18 0.582 error: pathspec '88d167f9' did not match any file(s) known to git
#18 0.599 error: pathspec '88d167f9' did not match any file(s) known to git
#18 0.618 error: pathspec '88d167f9' did not match any file(s) known to git
#18 0.631 error: pathspec '88d167f9' did not match any file(s) known to git
#18 0.638 error: pathspec '88d167f9' did not match any file(s) known to git
#18 0.646 error: pathspec '88d167f9' did not match any file(s) known to git
#18 0.651 error: pathspec '88d167f9' did not match any file(s) known to git
#18 0.661 error: pathspec '88d167f9' did not match any file(s) known to git
#18 0.668 error: pathspec '88d167f9' did not match any file(s) known to git
#18 0.675 error: pathspec '88d167f9' did not match any file(s) known to git
#18 0.684 error: pathspec '88d167f9' did not match any file(s) known to git
#18 0.691 error: pathspec '88d167f9' did not match any file(s) known to git
#18 0.698 error: pathspec '88d167f9' did not match any file(s) known to git
#18 0.704 error: pathspec '88d167f9' did not match any file(s) known to git
#18 0.714 error: pathspec '88d167f9' did not match any file(s) known to git
#18 0.725 error: pathspec '88d167f9' did not match any file(s) known to git
#18 0.731 error: pathspec '88d167f9' did not match any file(s) known to git
#18 0.741 error: pathspec '88d167f9' did not match any file(s) known to git
#18 0.749 error: pathspec '88d167f9' did not match any file(s) known to git
#18 0.756 error: pathspec '88d167f9' did not match any file(s) known to git
#18 0.763 error: pathspec '88d167f9' did not match any file(s) known to git
#18 0.769 error: pathspec '88d167f9' did not match any file(s) known to git
#18 0.775 error: pathspec '88d167f9' did not match any file(s) known to git
#18 0.782 error: pathspec '88d167f9' did not match any file(s) known to git
#18 0.789 error: pathspec '88d167f9' did not match any file(s) known to git
#18 0.795 error: pathspec '88d167f9' did not match any file(s) known to git
#18 0.803 error: pathspec '88d167f9' did not match any file(s) known to git
#18 0.810 error: pathspec '88d167f9' did not match any file(s) known to git
#18 0.817 error: pathspec '88d167f9' did not match any file(s) known to git
#18 0.834 error: pathspec '88d167f9' did not match any file(s) known to git
#18 0.839 error: pathspec '88d167f9' did not match any file(s) known to git
#18 0.845 error: pathspec '88d167f9' did not match any file(s) known to git
#18 0.849 error: pathspec '88d167f9' did not match any file(s) known to git
#18 0.857 error: pathspec '88d167f9' did not match any file(s) known to git
#18 0.868 error: pathspec '88d167f9' did not match any file(s) known to git
#18 0.880 error: pathspec '88d167f9' did not match any file(s) known to git
#18 0.899 error: pathspec '88d167f9' did not match any file(s) known to git
#18 0.905 error: pathspec '88d167f9' did not match any file(s) known to git
#18 0.912 error: pathspec '88d167f9' did not match any file(s) known to git
#18 0.920 error: pathspec '88d167f9' did not match any file(s) known to git
#18 0.928 error: pathspec '88d167f9' did not match any file(s) known to git
#18 0.959 error: pathspec '88d167f9' did not match any file(s) known to git
#18 0.966 error: pathspec '88d167f9' did not match any file(s) known to git
#18 0.972 error: pathspec '88d167f9' did not match any file(s) known to git
#18 0.979 error: pathspec '88d167f9' did not match any file(s) known to git
#18 0.988 error: pathspec '88d167f9' did not match any file(s) known to git
#18 1.017 error: pathspec '88d167f9' did not match any file(s) known to git
#18 1.025 error: pathspec '88d167f9' did not match any file(s) known to git
#18 1.035 error: pathspec '88d167f9' did not match any file(s) known to git
#18 1.042 error: pathspec '88d167f9' did not match any file(s) known to git
#18 1.048 error: pathspec '88d167f9' did not match any file(s) known to git
#18 1.055 error: pathspec '88d167f9' did not match any file(s) known to git
#18 1.061 error: pathspec '88d167f9' did not match any file(s) known to git
#18 1.067 error: pathspec '88d167f9' did not match any file(s) known to git
#18 1.072 error: pathspec '88d167f9' did not match any file(s) known to git
#18 1.077 error: pathspec '88d167f9' did not match any file(s) known to git
#18 1.085 error: pathspec '88d167f9' did not match any file(s) known to git
#18 1.092 error: pathspec '88d167f9' did not match any file(s) known to git
#18 1.112 error: pathspec '88d167f9' did not match any file(s) known to git
#18 1.117 error: pathspec '88d167f9' did not match any file(s) known to git
#18 1.129 error: pathspec '88d167f9' did not match any file(s) known to git
#18 1.142 error: pathspec '88d167f9' did not match any file(s) known to git
#18 1.148 error: pathspec '88d167f9' did not match any file(s) known to git
#18 1.156 error: pathspec '88d167f9' did not match any file(s) known to git
#18 1.162 error: pathspec '88d167f9' did not match any file(s) known to git
#18 1.169 error: pathspec '88d167f9' did not match any file(s) known to git
#18 1.177 error: pathspec '88d167f9' did not match any file(s) known to git
#18 1.188 error: pathspec '88d167f9' did not match any file(s) known to git
#18 1.200 error: pathspec '88d167f9' did not match any file(s) known to git
#18 1.206 error: pathspec '88d167f9' did not match any file(s) known to git
#18 1.216 error: pathspec '88d167f9' did not match any file(s) known to git
#18 1.234 error: pathspec '88d167f9' did not match any file(s) known to git
#18 1.241 error: pathspec '88d167f9' did not match any file(s) known to git
#18 1.246 error: pathspec '88d167f9' did not match any file(s) known to git
#18 1.255 error: pathspec '88d167f9' did not match any file(s) known to git
#18 1.262 error: pathspec '88d167f9' did not match any file(s) known to git
#18 1.267 error: pathspec '88d167f9' did not match any file(s) known to git
#18 1.277 error: pathspec '88d167f9' did not match any file(s) known to git
#18 1.283 error: pathspec '88d167f9' did not match any file(s) known to git
#18 1.290 error: pathspec '88d167f9' did not match any file(s) known to git
#18 1.298 error: pathspec '88d167f9' did not match any file(s) known to git
#18 1.307 error: pathspec '88d167f9' did not match any file(s) known to git
#18 1.315 error: pathspec '88d167f9' did not match any file(s) known to git
#18 1.328 error: pathspec '88d167f9' did not match any file(s) known to git
#18 1.343 error: pathspec '88d167f9' did not match any file(s) known to git
#18 1.349 error: pathspec '88d167f9' did not match any file(s) known to git
#18 1.358 error: pathspec '88d167f9' did not match any file(s) known to git
#18 1.365 error: pathspec '88d167f9' did not match any file(s) known to git
#18 1.379 error: pathspec '88d167f9' did not match any file(s) known to git
#18 1.409 error: pathspec '88d167f9' did not match any file(s) known to git
#18 1.415 error: pathspec '88d167f9' did not match any file(s) known to git
#18 1.423 error: pathspec '88d167f9' did not match any file(s) known to git
#18 1.431 error: pathspec '88d167f9' did not match any file(s) known to git
#18 1.437 error: pathspec '88d167f9' did not match any file(s) known to git
#18 1.444 error: pathspec '88d167f9' did not match any file(s) known to git
#18 1.454 error: pathspec '88d167f9' did not match any file(s) known to git
#18 1.462 error: pathspec '88d167f9' did not match any file(s) known to git
#18 1.469 error: pathspec '88d167f9' did not match any file(s) known to git
#18 1.475 error: pathspec '88d167f9' did not match any file(s) known to git
#18 1.482 error: pathspec '88d167f9' did not match any file(s) known to git
#18 1.489 error: pathspec '88d167f9' did not match any file(s) known to git
#18 1.496 error: pathspec '88d167f9' did not match any file(s) known to git
#18 1.505 error: pathspec '88d167f9' did not match any file(s) known to git
#18 1.510 error: pathspec '88d167f9' did not match any file(s) known to git
#18 1.517 error: pathspec '88d167f9' did not match any file(s) known to git
#18 1.523 error: pathspec '88d167f9' did not match any file(s) known to git
#18 1.532 error: pathspec '88d167f9' did not match any file(s) known to git
#18 1.543 error: pathspec '88d167f9' did not match any file(s) known to git
#18 1.553 error: pathspec '88d167f9' did not match any file(s) known to git
#18 1.561 error: pathspec '88d167f9' did not match any file(s) known to git
#18 1.568 error: pathspec '88d167f9' did not match any file(s) known to git
#18 1.576 error: pathspec '88d167f9' did not match any file(s) known to git
#18 1.582 error: pathspec '88d167f9' did not match any file(s) known to git
#18 1.589 error: pathspec '88d167f9' did not match any file(s) known to git
#18 1.595 error: pathspec '88d167f9' did not match any file(s) known to git
#18 1.600 error: pathspec '88d167f9' did not match any file(s) known to git
#18 1.608 error: pathspec '88d167f9' did not match any file(s) known to git
#18 1.620 error: pathspec '88d167f9' did not match any file(s) known to git
#18 1.627 error: pathspec '88d167f9' did not match any file(s) known to git
#18 1.632 error: pathspec '88d167f9' did not match any file(s) known to git
#18 1.639 error: pathspec '88d167f9' did not match any file(s) known to git
#18 1.645 error: pathspec '88d167f9' did not match any file(s) known to git
#18 1.653 error: pathspec '88d167f9' did not match any file(s) known to git
#18 1.660 error: pathspec '88d167f9' did not match any file(s) known to git
#18 1.667 error: pathspec '88d167f9' did not match any file(s) known to git
#18 1.686 error: pathspec '88d167f9' did not match any file(s) known to git
#18 1.695 error: pathspec '88d167f9' did not match any file(s) known to git
#18 1.708 error: pathspec '88d167f9' did not match any file(s) known to git
#18 1.715 error: pathspec '88d167f9' did not match any file(s) known to git
#18 1.726 error: pathspec '88d167f9' did not match any file(s) known to git
#18 1.733 error: pathspec '88d167f9' did not match any file(s) known to git
#18 1.738 error: pathspec '88d167f9' did not match any file(s) known to git
#18 1.745 error: pathspec '88d167f9' did not match any file(s) known to git
#18 1.753 error: pathspec '88d167f9' did not match any file(s) known to git
#18 1.763 error: pathspec '88d167f9' did not match any file(s) known to git
#18 1.774 error: pathspec '88d167f9' did not match any file(s) known to git
#18 1.793 error: pathspec '88d167f9' did not match any file(s) known to git
#18 1.800 error: pathspec '88d167f9' did not match any file(s) known to git
#18 1.807 error: pathspec '88d167f9' did not match any file(s) known to git
#18 1.814 error: pathspec '88d167f9' did not match any file(s) known to git
#18 1.820 error: pathspec '88d167f9' did not match any file(s) known to git
#18 1.826 error: pathspec '88d167f9' did not match any file(s) known to git
#18 1.842 error: pathspec '88d167f9' did not match any file(s) known to git
#18 1.851 error: pathspec '88d167f9' did not match any file(s) known to git
#18 1.858 error: pathspec '88d167f9' did not match any file(s) known to git
#18 1.867 error: pathspec '88d167f9' did not match any file(s) known to git
#18 1.874 error: pathspec '88d167f9' did not match any file(s) known to git
#18 1.884 error: pathspec '88d167f9' did not match any file(s) known to git
#18 1.890 error: pathspec '88d167f9' did not match any file(s) known to git
#18 1.897 error: pathspec '88d167f9' did not match any file(s) known to git
#18 1.904 error: pathspec '88d167f9' did not match any file(s) known to git
#18 1.912 error: pathspec '88d167f9' did not match any file(s) known to git
#18 1.920 error: pathspec '88d167f9' did not match any file(s) known to git
#18 1.929 error: pathspec '88d167f9' did not match any file(s) known to git
#18 1.938 error: pathspec '88d167f9' did not match any file(s) known to git
#18 1.946 error: pathspec '88d167f9' did not match any file(s) known to git
#18 1.953 error: pathspec '88d167f9' did not match any file(s) known to git
#18 1.964 error: pathspec '88d167f9' did not match any file(s) known to git
#18 1.971 error: pathspec '88d167f9' did not match any file(s) known to git
#18 1.977 error: pathspec '88d167f9' did not match any file(s) known to git
#18 2.257 Checkout unsuccessful.
#18 DONE 2.4s

#19 [stage-1 12/13] RUN echo "#!/bin/bash\nPYTHONPATH=/src python3 -u -c "from fuzzers import utils; utils.initialize_env(); from fuzzers.afl import fuzzer; fuzzer.build()"" > /usr/bin/fuzzer_build &&     chmod +x /usr/bin/fuzzer_build
#19 sha256:60bb7ee2c84c2417ba13684f9c3055498989e6d7d585489dbc9b1663638ee480
#19 DONE 0.7s

#20 [stage-1 13/13] RUN echo "Run fuzzer_build to build the target" && if [ -z "$debug_builder" ] ; then fuzzer_build; fi
#20 sha256:b148a06157d8806d01667430665fe2a9ffacf965d2f27cbbb0244aca76e1fdfc
#20 0.496 Run fuzzer_build to build the target
#20 0.608 FUZZ_TARGET = boost_ptree_jsonread_fuzzer
#20 0.608 CFLAGS = -DFUZZING_BUILD_MODE_UNSAFE_FOR_PRODUCTION -pthread -Wl,--no-as-needed -Wl,-ldl -Wl,-lm -Wno-unused-command-line-argument -O3
#20 0.608 CXXFLAGS = -DFUZZING_BUILD_MODE_UNSAFE_FOR_PRODUCTION -pthread -Wl,--no-as-needed -Wl,-ldl -Wl,-lm -Wno-unused-command-line-argument -stdlib=libc++ -O3
#20 0.613 Building benchmark boost_boost_ptree_jsonread_fuzzer with fuzzer afl
#20 0.616 + clang++ -DFUZZING_BUILD_MODE_UNSAFE_FOR_PRODUCTION -pthread -Wl,--no-as-needed -Wl,-ldl -Wl,-lm -Wno-unused-command-line-argument -stdlib=libc++ -O3 -fsanitize-coverage=trace-pc-guard -I . ../boost_regex_fuzzer.cc libs/regex/src/posix_api.cpp libs/regex/src/regex.cpp libs/regex/src/regex_debug.cpp libs/regex/src/static_mutex.cpp libs/regex/src/wide_posix_api.cpp /libAFL.a -o boost_regex_fuzzer
#20 25.06 + clang++ -DFUZZING_BUILD_MODE_UNSAFE_FOR_PRODUCTION -pthread -Wl,--no-as-needed -Wl,-ldl -Wl,-lm -Wno-unused-command-line-argument -stdlib=libc++ -O3 -fsanitize-coverage=trace-pc-guard -I . ../boost_ptree_xmlread_fuzzer.cc /libAFL.a -o boost_ptree_xmlread_fuzzer
#20 25.08 clang-14: error: no such file or directory: '../boost_ptree_xmlread_fuzzer.cc'
#20 25.08 Traceback (most recent call last):
#20 25.08   File "<string>", line 1, in <module>
#20 25.08   File "/src/fuzzers/afl/fuzzer.py", line 40, in build
#20 25.08     utils.build_benchmark()
#20 25.08   File "/src/fuzzers/utils.py", line 82, in build_benchmark
#20 25.08     subprocess.check_call(['/bin/bash', '-ex', build_script], env=env)
#20 25.08   File "/usr/local/lib/python3.8/subprocess.py", line 364, in check_call
#20 25.08     raise CalledProcessError(retcode, cmd)
#20 25.08 subprocess.CalledProcessError: Command '['/bin/bash', '-ex', '/src/build.sh']' returned non-zero exit status 1.
#20 ERROR: executor failed running [/bin/sh -c echo "Run fuzzer_build to build the target" && if [ -z "$debug_builder" ] ; then fuzzer_build; fi]: exit code: 1
------
 > importing cache manifest from gcr.io/fuzzbench/builders/afl/boost_boost_ptree_jsonread_fuzzer:
------
------
 > [stage-1 13/13] RUN echo "Run fuzzer_build to build the target" && if [ -z "$debug_builder" ] ; then fuzzer_build; fi:
------
executor failed running [/bin/sh -c echo "Run fuzzer_build to build the target" && if [ -z "$debug_builder" ] ; then fuzzer_build; fi]: exit code: 1
make: *** [docker/generated.mk:2764898: .afl-boost_boost_ptree_jsonread_fuzzer-builder] Error 1
/bin/sh: 1: source: not found
#1 [internal] load build definition from Dockerfile
#1 sha256:252eb55d6fb21ee1acd26d02c055db12b40230c56e9558186884f496a2a7cb50
#1 transferring dockerfile: 32B done
#1 DONE 0.0s

#2 [internal] load .dockerignore
#2 sha256:65f6512ee4462ddfbbac06f2803bcc008d43a4762d5c204331f6f6bd2d274297
#2 transferring context: 2B done
#2 DONE 0.0s

#3 [internal] load metadata for gcr.io/oss-fuzz-base/base-builder:latest
#3 sha256:f10dc39cc9d418a5bc416dead31a1902b6821fdae909cd3b08f7a3fd1faba7b5
#3 DONE 0.4s

#5 [1/6] FROM gcr.io/oss-fuzz-base/base-builder@sha256:41d7bbe7827592680a606c9bba1aeb6e23c7502ce8b633923b06542f4c706e7c
#5 sha256:660db69324ed478291dd329cbbfe422dccbc173f9ab806c069fac341073eab8c
#5 DONE 0.0s

#4 importing cache manifest from gcr.io/fuzzbench/builders/benchmark/boost_boost_ptree_jsonread_fuzzer
#4 sha256:f2cad61150b1b9b673b846bbb07fd8b40ad615d9a2330ab117957fc27b180cda
#4 DONE 0.0s

#10 [internal] load build context
#10 sha256:5872e2800003ef051dcd91ebcdd6f4cf56e5baf8f78e1e55362a2a9e3659ee97
#10 transferring context: 71B done
#10 DONE 0.1s

#8 [4/6] WORKDIR boost
#8 sha256:755c9caf20b728150890ac7a5930f5fbc4bb14055a1d076889c70231e26b5020
#8 CACHED

#9 [5/6] RUN ./bootstrap.sh && ./b2 headers
#9 sha256:22cb100c1bc39190d79f2ede1ffe043110b390c776b0bd1716ee5931553a4a03
#9 CACHED

#6 [2/6] RUN apt-get update && apt-get install -y g++
#6 sha256:af3a28fbaef1d043919d93747061c5755e2161896ee0b66b13300fc7e54c3d90
#6 CACHED

#7 [3/6] RUN git clone --recursive https://github.com/boostorg/boost.git
#7 sha256:67869b6b2869a34d8198f8ddb8ff78e8a8b8e5a898b3f72376b5ac365e825fe2
#7 CACHED

#11 [6/6] COPY build.sh boost_regex_fuzzer.cc /src/
#11 sha256:ad9af6fbc219886b7ccdc3f353f0af48c0dfc82b63f65a8efe58b47a117ccfce
#11 CACHED

#12 exporting to image
#12 sha256:e8c613e07b0b7ff33893b694f7759a10d42e180f2b4dc349fb57dc6b71dcab00
#12 exporting layers done
#12 writing image sha256:fbba3a9e34102c20d4647c811eacf93c19f3012f925257c3e0790533d74736e9 done
#12 naming to gcr.io/fuzzbench/builders/benchmark/boost_boost_ptree_jsonread_fuzzer done
#12 DONE 0.1s

#13 exporting cache
#13 sha256:2700d4ef94dee473593c5c614b55b2dedcca7893909811a8f2b48291a1f581e4
#13 preparing build cache for export done
#13 DONE 0.0s
#1 [internal] load build definition from builder.Dockerfile
#1 sha256:f41ced8caa7ccabb63d33930d6f5844c0d7daa1909c4c50c1f82a5957b3f0f5a
#1 transferring dockerfile: 46B done
#1 DONE 0.1s

#2 [internal] load .dockerignore
#2 sha256:634d330ecabc685cabf471d92ab6da011c90e03ceb13823f7a37e1357d2ab469
#2 transferring context: 2B done
#2 DONE 0.1s

#3 [internal] load metadata for gcr.io/fuzzbench/builders/benchmark/boost_boost_ptree_jsonread_fuzzer:latest
#3 sha256:578e2a05d327d9e5122f0d97563c77132eeedac954d356dfa9a905cfbda0691b
#3 DONE 0.0s

#4 importing cache manifest from gcr.io/fuzzbench/builders/afl/boost_boost_ptree_jsonread_fuzzer-intermediate
#4 sha256:7a9cc79a76401160fd14f307b918db4e5aced255bb96649bb8f647dd53bcb432
#4 DONE 0.0s

#5 [1/3] FROM gcr.io/fuzzbench/builders/benchmark/boost_boost_ptree_jsonread_fuzzer
#5 sha256:e53d8adbff41c54f085ded7c10f6fa50b9e84efeed3e2bedf219aa4f9c557418
#5 DONE 0.0s

#6 [2/3] RUN git clone https://github.com/google/AFL.git /afl &&     cd /afl &&     git checkout 61037103ae3722c8060ff7082994836a794f978e &&     AFL_NO_X86=1 make
#6 sha256:001e454584db9f93ceb7d8563422d4a2638f8e9dfcf9d0e6a312537ea69110fb
#6 CACHED

#7 [3/3] RUN apt-get update &&     apt-get install wget -y &&     wget https://raw.githubusercontent.com/llvm/llvm-project/5feb80e748924606531ba28c97fe65145c65372e/compiler-rt/lib/fuzzer/afl/afl_driver.cpp -O /afl/afl_driver.cpp &&     clang -Wno-pointer-sign -c /afl/llvm_mode/afl-llvm-rt.o.c -I/afl &&     clang++ -stdlib=libc++ -std=c++11 -O2 -c /afl/afl_driver.cpp &&     ar r /libAFL.a *.o
#7 sha256:e6400518c4cd1f484c9bf30cf444ddcfae884a0b6b2dd76d00d5d799d3343d3b
#7 CACHED

#8 exporting to image
#8 sha256:e8c613e07b0b7ff33893b694f7759a10d42e180f2b4dc349fb57dc6b71dcab00
#8 exporting layers done
#8 writing image sha256:475471697422e350d24a776c9eba65b2e29b7ee75efad0055f2aaa929eb5c476
#8 writing image sha256:475471697422e350d24a776c9eba65b2e29b7ee75efad0055f2aaa929eb5c476 done
#8 naming to gcr.io/fuzzbench/builders/afl/boost_boost_ptree_jsonread_fuzzer-intermediate done
#8 DONE 0.1s

#9 exporting cache
#9 sha256:2700d4ef94dee473593c5c614b55b2dedcca7893909811a8f2b48291a1f581e4
#9 preparing build cache for export done
#9 DONE 0.0s
#1 [internal] load build definition from Dockerfile
#1 sha256:63a704fa7076e4a3b392cb2ab5554f98c0a06da8bf5d1d2a34c8400895e4c112
#1 transferring dockerfile: 2.00kB done
#1 DONE 0.0s

#2 [internal] load .dockerignore
#2 sha256:254365372b44ed8f50095f44be8b08127a18647f6b5230eab6762e121d2c3a7c
#2 transferring context: 34B done
#2 DONE 0.0s

#3 [internal] load metadata for docker.io/library/ubuntu:xenial
#3 sha256:f62bae18ed588840f045c881b2502661f2a89578a2f8f99b83f5200ee83dd25b
#3 DONE 0.0s

#5 [1/7] FROM docker.io/library/ubuntu:xenial
#5 sha256:14dd403f25ae9e519bd44f27dc17af7ce80f5a4f9f48ca88108364e67ec5d360
#5 DONE 0.0s

#4 importing cache manifest from gcr.io/fuzzbench/base-image
#4 sha256:9b220ebb4d4daceed1b96df9b6dca076e762f1cd612574f010b82d5b9e5ad896
#4 DONE 0.0s

#8 [internal] load build context
#8 sha256:0752824fa29a2dd13937af55a9b33ea58a742e4a116ae1ebc0740ea8f7a35750
#8 transferring context: 559B 0.0s done
#8 DONE 0.1s

#7 [3/7] RUN cd /tmp/ &&     curl -O https://www.python.org/ftp/python/3.8.6/Python-3.8.6.tar.xz &&     tar -xvf Python-3.8.6.tar.xz &&     cd Python-3.8.6 &&     ./configure --enable-loadable-sqlite-extensions --enable-optimizations &&     make -j install &&     rm -r /tmp/Python-3.8.6.tar.xz /tmp/Python-3.8.6
#7 sha256:c5b9d1fb3371e84dbc60b76e7b2f8d5913bc93bcd4910ab65daa03e7b2ec4bb0
#7 CACHED

#9 [4/7] COPY ./requirements.txt /
#9 sha256:632a09f8f80735f164372c89aec36c1f9067d17f3740a13c49d2c868c72355c6
#9 CACHED

#6 [2/7] RUN apt-get update -y && apt-get install -y     build-essential     rsync     curl     zlib1g-dev     libncurses5-dev     libgdbm-dev     libnss3-dev     libssl-dev     libreadline-dev     libffi-dev     virtualenv     libbz2-dev     liblzma-dev     libsqlite3-dev
#6 sha256:3a1b0960f17eed529eaae93dc8fd3554f2743dd584d8fa569cdbe6bc734371ac
#6 CACHED

#10 [5/7] RUN pip3 install -r /requirements.txt
#10 sha256:65d5d820508967d31d87165de347e472408cf85c22aa23bc2e8246013e6b243c
#10 CACHED

#11 [6/7] RUN apt-get update -y && apt-get install -y     apt-transport-https     lsb-release
#11 sha256:cc63237b95a57e1754f841ea2c690033374252eb75c7f34c9489181d5749cee9
#11 CACHED

#12 [7/7] RUN CLOUD_SDK_REPO="cloud-sdk-$(lsb_release -c -s)" &&     echo "deb https://packages.cloud.google.com/apt $CLOUD_SDK_REPO main"     | tee -a /etc/apt/sources.list.d/google-cloud-sdk.list &&     curl https://packages.cloud.google.com/apt/doc/apt-key.gpg     | apt-key add - &&     apt-get update -y &&     apt-get install -y google-cloud-sdk
#12 sha256:a8ab69e10e659794bc2ded536070082f463b7573e09f2a7273d01ac0170c327e
#12 CACHED

#13 exporting to image
#13 sha256:e8c613e07b0b7ff33893b694f7759a10d42e180f2b4dc349fb57dc6b71dcab00
#13 exporting layers done
#13 writing image sha256:cdb478538a35041a0b5608a1313087aff20fc062fe25108e635bb6f1faebe08e done
#13 naming to gcr.io/fuzzbench/base-image done
#13 DONE 0.1s

#14 exporting cache
#14 sha256:2700d4ef94dee473593c5c614b55b2dedcca7893909811a8f2b48291a1f581e4
#14 preparing build cache for export
#14 preparing build cache for export done
#14 DONE 0.0s
#1 [internal] load build definition from Dockerfile
#1 sha256:56ebf38501e5f11e04d4a41a2335ee807e5b5ef84f7465767fe3b3cfddb0229f
#1 transferring dockerfile: 2.22kB done
#1 DONE 0.0s

#2 [internal] load .dockerignore
#2 sha256:4ac6dfb90054d05e4cfb31750498232a6cffa62a4228c547f229615d8f37780e
#2 transferring context: 34B done
#2 DONE 0.0s

#4 [internal] load metadata for gcr.io/fuzzbench/base-image:latest
#4 sha256:932022888f650cc455b10eb5123bb08c0cccacac29a693e69314abbfd28a72c3
#4 DONE 0.0s

#3 [internal] load metadata for gcr.io/fuzzbench/builders/afl/boost_boost_ptree_jsonread_fuzzer-intermediate:latest
#3 sha256:b0468e9b7d59ae15774dabcd0c9e4b6d445e4412e91839e677ae3509a4fbe592
#3 DONE 0.0s

#12 [internal] load build context
#12 sha256:7d30b483b90128df50ad61c7c5ed6498c537697d7c602dfe859d989b2a005042
#12 DONE 0.0s

#7 [base-image 1/1] FROM gcr.io/fuzzbench/base-image
#7 sha256:4d07825694520f8b6f6a0d8592dbd345433361ae044cb7f06706c5a95e3daaad
#7 DONE 0.0s

#6 [stage-1  1/13] FROM gcr.io/fuzzbench/builders/afl/boost_boost_ptree_jsonread_fuzzer-intermediate
#6 sha256:161dde1d5f1d405aac7b487fc103a2ea07d276e881efeb2e88d8dffd6ae76b0a
#6 DONE 0.0s

#5 importing cache manifest from gcr.io/fuzzbench/builders/afl/boost_boost_ptree_jsonread_fuzzer
#5 sha256:ec1838740da7c5c1c490eea60aae300f468facaf6407b01b9429240c18fc129b
#5 ERROR: gcr.io/fuzzbench/builders/afl/boost_boost_ptree_jsonread_fuzzer:latest: not found

#12 [internal] load build context
#12 sha256:7d30b483b90128df50ad61c7c5ed6498c537697d7c602dfe859d989b2a005042
#12 transferring context: 669.92kB 0.1s done
#12 DONE 0.1s

#8 [stage-1  2/13] COPY --from=base-image /usr/local/bin/python3* /usr/local/bin/
#8 sha256:ee44d709ef046f4c0b89b31b2786736fd934c78fa913601c5d9f792b839271bd
#8 CACHED

#14 [stage-1  7/13] RUN touch /src/__init__.py
#14 sha256:996137fa7a010cd5bff0a5f3eff683b7d3ba49e499c04bdb52aabf7f744dbc98
#14 CACHED

#15 [stage-1  8/13] COPY benchmarks/boost_boost_ptree_jsonread_fuzzer/benchmark.yaml /
#15 sha256:a13869c5a6365ace1235b63887aaa41d83976a6373265343f89958672b148a5c
#15 CACHED

#11 [stage-1  5/13] COPY --from=base-image /usr/local/lib/python3.8/site-packages /usr/local/lib/python3.8/site-packages
#11 sha256:3bb99f55776ba17c85bd6e6d084514dbae65fa5d9536b4154dfa95193f378d0e
#11 CACHED

#16 [stage-1  9/13] RUN mkdir /opt/fuzzbench/
#16 sha256:f7e249218d27e15b4575bdabf7a5fdc0e1ed842d5185e868073d53d63bca9576
#16 CACHED

#18 [stage-1 11/13] RUN export CHECKOUT_COMMIT=$(cat /benchmark.yaml | tr -d ' ' | grep 'commit:' | cut -d ':' -f2) &&     python3 -u /opt/fuzzbench/checkout_commit.py $CHECKOUT_COMMIT /src
#18 sha256:20cd3f7972e75698f70869cf2be2f5eff3987e9b1288e2d2089d3ede6dd40a8c
#18 CACHED

#9 [stage-1  3/13] COPY --from=base-image /usr/local/lib/python3.8 /usr/local/lib/python3.8
#9 sha256:f53e3eda49c3d8c8c53675281081b6b3e85f2ea3440c12c04a5c54ed05ed1f56
#9 CACHED

#13 [stage-1  6/13] COPY fuzzers /src/fuzzers
#13 sha256:a1f595fffbf4fffd684d40dc707ca1f1676f687da126771af1c231db58a47288
#13 CACHED

#17 [stage-1 10/13] COPY docker/benchmark-builder/checkout_commit.py /opt/fuzzbench/
#17 sha256:09cac54cf6a8a783d643c62b295d7dfc6c68e1662186aaf4a8da6a358fa9e603
#17 CACHED

#10 [stage-1  4/13] COPY --from=base-image /usr/local/include/python3.8 /usr/local/include/python3.8
#10 sha256:0cd181f1101b4023eb0857805e9d1696024ddf3baaecaba043fddb37d012f1d5
#10 CACHED

#19 [stage-1 12/13] RUN echo "#!/bin/bash\nPYTHONPATH=/src python3 -u -c "from fuzzers import utils; utils.initialize_env(); from fuzzers.afl import fuzzer; fuzzer.build()"" > /usr/bin/fuzzer_build &&     chmod +x /usr/bin/fuzzer_build
#19 sha256:b4060bc45a385f1ac97cd617377d3ece54121bd26d89db147e30c202f3930703
#19 CACHED

#20 [stage-1 13/13] RUN echo "Run fuzzer_build to build the target" && if [ -z "$debug_builder" ] ; then fuzzer_build; fi
#20 sha256:af81b272b88659cbc35301fe02c778ad23904d98fc11c4d80334c561740b30e1
#20 0.330 Run fuzzer_build to build the target
#20 0.442 FUZZ_TARGET = boost_ptree_jsonread_fuzzer
#20 0.442 CFLAGS = -DFUZZING_BUILD_MODE_UNSAFE_FOR_PRODUCTION -pthread -Wl,--no-as-needed -Wl,-ldl -Wl,-lm -Wno-unused-command-line-argument -O3
#20 0.442 CXXFLAGS = -DFUZZING_BUILD_MODE_UNSAFE_FOR_PRODUCTION -pthread -Wl,--no-as-needed -Wl,-ldl -Wl,-lm -Wno-unused-command-line-argument -stdlib=libc++ -O3
#20 0.447 Building benchmark boost_boost_ptree_jsonread_fuzzer with fuzzer afl
#20 0.451 + clang++ -DFUZZING_BUILD_MODE_UNSAFE_FOR_PRODUCTION -pthread -Wl,--no-as-needed -Wl,-ldl -Wl,-lm -Wno-unused-command-line-argument -stdlib=libc++ -O3 -fsanitize-coverage=trace-pc-guard -I . ../boost_regex_fuzzer.cc libs/regex/src/posix_api.cpp libs/regex/src/regex.cpp libs/regex/src/regex_debug.cpp libs/regex/src/static_mutex.cpp libs/regex/src/wide_posix_api.cpp /libAFL.a -o boost_regex_fuzzer
#20 25.58 + clang++ -DFUZZING_BUILD_MODE_UNSAFE_FOR_PRODUCTION -pthread -Wl,--no-as-needed -Wl,-ldl -Wl,-lm -Wno-unused-command-line-argument -stdlib=libc++ -O3 -fsanitize-coverage=trace-pc-guard -I . ../boost_ptree_xmlread_fuzzer.cc /libAFL.a -o boost_ptree_xmlread_fuzzer
#20 25.59 clang-14: error: no such file or directory: '../boost_ptree_xmlread_fuzzer.cc'
#20 25.60 Traceback (most recent call last):
#20 25.60   File "<string>", line 1, in <module>
#20 25.60   File "/src/fuzzers/afl/fuzzer.py", line 40, in build
#20 25.60     utils.build_benchmark()
#20 25.60   File "/src/fuzzers/utils.py", line 82, in build_benchmark
#20 25.60     subprocess.check_call(['/bin/bash', '-ex', build_script], env=env)
#20 25.60   File "/usr/local/lib/python3.8/subprocess.py", line 364, in check_call
#20 25.60     raise CalledProcessError(retcode, cmd)
#20 25.60 subprocess.CalledProcessError: Command '['/bin/bash', '-ex', '/src/build.sh']' returned non-zero exit status 1.
#20 ERROR: executor failed running [/bin/sh -c echo "Run fuzzer_build to build the target" && if [ -z "$debug_builder" ] ; then fuzzer_build; fi]: exit code: 1
------
 > importing cache manifest from gcr.io/fuzzbench/builders/afl/boost_boost_ptree_jsonread_fuzzer:
------
------
 > [stage-1 13/13] RUN echo "Run fuzzer_build to build the target" && if [ -z "$debug_builder" ] ; then fuzzer_build; fi:
------
executor failed running [/bin/sh -c echo "Run fuzzer_build to build the target" && if [ -z "$debug_builder" ] ; then fuzzer_build; fi]: exit code: 1
make: *** [docker/generated.mk:2764898: .afl-boost_boost_ptree_jsonread_fuzzer-builder] Error 1
