WARNING:root:gcloud not found in PATH.
INFO:root:Successfully integrated benchmark: tidy-html5_tidy_fuzzer.
INFO:root:Please run "make test-run-afl-tidy-html5_tidy_fuzzer" to test integration.
#2 [internal] load .dockerignore
#2 sha256:b369c277ed48fd3418b72cda26aa1d868982461d0941c2e23dfeadce2d267b58
#2 transferring context: 2B done
#2 DONE 0.2s

#1 [internal] load build definition from Dockerfile
#1 sha256:2146e029973990016ddc6528c8575e26b6bbeb3e7d97e439e04e552c473e28b2
#1 transferring dockerfile: 1.02kB done
#1 DONE 0.2s

#3 [internal] load metadata for gcr.io/oss-fuzz-base/base-builder:latest
#3 sha256:f10dc39cc9d418a5bc416dead31a1902b6821fdae909cd3b08f7a3fd1faba7b5
#3 DONE 0.4s

#9 [internal] load build context
#9 sha256:3522e5ee4b4509e9d1e3b0dbf099ba0d98016ef82257282f423be430052b29d8
#9 DONE 0.0s

#5 [1/6] FROM gcr.io/oss-fuzz-base/base-builder@sha256:f4e5ea12494fab091c5d830cf803b3421f2860f729b9d1b07da44924396cf8cf
#5 sha256:ef290950573a2779ee526af357b28fbddfc20d7409aa51f58f777c9e972cba29
#5 DONE 0.0s

#4 importing cache manifest from gcr.io/fuzzbench/builders/benchmark/tidy-html5_tidy_fuzzer
#4 sha256:9058429b61f7bc8229789457f3ac2966d769e2dd640ac96722019fa5fea3fd5b
#4 ERROR: gcr.io/fuzzbench/builders/benchmark/tidy-html5_tidy_fuzzer:latest: not found

#6 [2/6] RUN apt-get update &&     apt-get install -y --no-install-recommends         cmake ninja-build &&     apt-get clean
#6 sha256:f970db4514ebb1e89648b4f8cc5e12a903b122b625f6a126818ef81e31ca391a
#6 CACHED

#9 [internal] load build context
#9 sha256:3522e5ee4b4509e9d1e3b0dbf099ba0d98016ef82257282f423be430052b29d8
#9 transferring context: 3.67kB done
#9 DONE 0.5s

#7 [3/6] RUN git clone https://github.com/htacg/tidy-html5.git tidy-html5
#7 sha256:b9450b7f585a40e8df9f76d2bae4b4f45f6abf5c198e492ce8a5ae7376c7e963
#7 1.079 Cloning into 'tidy-html5'...
#7 DONE 3.7s

#8 [4/6] WORKDIR tidy-html5
#8 sha256:2fab03d1537c0a331b29a43d3832af4fae175a57f86d4d01022f382e4bd2e7f1
#8 DONE 0.1s

#10 [5/6] COPY build.sh /src/
#10 sha256:111a6564ea3823965a94fc9d989c90029cd415e64ca684ae4231a5cfd6fb857b
#10 DONE 0.1s

#11 [6/6] COPY *.c *.h *.options /src/
#11 sha256:8e36288623003d90d5c502b8ac61cc954931f2aa6f9c5d464a5bc8a62a7e9d21
#11 DONE 0.1s

#12 exporting to image
#12 sha256:e8c613e07b0b7ff33893b694f7759a10d42e180f2b4dc349fb57dc6b71dcab00
#12 exporting layers done
#12 writing image sha256:a1f01134b1631723a7b7a5bba290534aaf1e3bf7984a371993bb6b64e6646990 done
#12 naming to gcr.io/fuzzbench/builders/benchmark/tidy-html5_tidy_fuzzer done
#12 DONE 0.1s

#13 exporting cache
#13 sha256:2700d4ef94dee473593c5c614b55b2dedcca7893909811a8f2b48291a1f581e4
#13 preparing build cache for export done
#13 DONE 0.0s
------
 > importing cache manifest from gcr.io/fuzzbench/builders/benchmark/tidy-html5_tidy_fuzzer:
------
#1 [internal] load build definition from builder.Dockerfile
#1 sha256:5ff867aef162160a6c9fe10ddad41c3f1eea52c4bbc8cb3996980fea4b6ec554
#1 transferring dockerfile: 46B done
#1 DONE 0.0s

#2 [internal] load .dockerignore
#2 sha256:ee46d660649dc06b7ae6359c987d011b36be5cf37d195c6158244ce58ce9de43
#2 transferring context: 2B done
#2 DONE 0.0s

#3 [internal] load metadata for gcr.io/fuzzbench/builders/benchmark/tidy-html5_tidy_fuzzer:latest
#3 sha256:a607e1bbdc5b866aeb2e108274ac2b4ea010b8946be768805a808c2d667accf8
#3 DONE 0.0s

#5 [1/3] FROM gcr.io/fuzzbench/builders/benchmark/tidy-html5_tidy_fuzzer
#5 sha256:dd393377da604e49679c5935e0245d566ea7187580647391e133294eb7a5bea4
#5 DONE 0.0s

#4 importing cache manifest from gcr.io/fuzzbench/builders/afl/tidy-html5_tidy_fuzzer-intermediate
#4 sha256:bc379b9da05958e183969bba326425436d8db3621acdd8c288346a8f73ab2ace
#4 ERROR: gcr.io/fuzzbench/builders/afl/tidy-html5_tidy_fuzzer-intermediate:latest: not found

#5 [1/3] FROM gcr.io/fuzzbench/builders/benchmark/tidy-html5_tidy_fuzzer
#5 sha256:dd393377da604e49679c5935e0245d566ea7187580647391e133294eb7a5bea4
#5 DONE 0.2s

#6 [2/3] RUN git clone https://github.com/google/AFL.git /afl &&     cd /afl &&     git checkout 61037103ae3722c8060ff7082994836a794f978e &&     AFL_NO_X86=1 make
#6 sha256:e80a52fa41874a9dac1b7babec672e142484dd284a484fd74a9fc7cdf787a9b4
#6 0.342 Cloning into '/afl'...
#6 1.369 Note: switching to '61037103ae3722c8060ff7082994836a794f978e'.
#6 1.369 
#6 1.369 You are in 'detached HEAD' state. You can look around, make experimental
#6 1.369 changes and commit them, and you can discard any commits you make in this
#6 1.369 state without impacting any branches by switching back to a branch.
#6 1.369 
#6 1.369 If you want to create a new branch to retain commits you create, you may
#6 1.369 do so (now or later) by using -c with the switch command. Example:
#6 1.369 
#6 1.369   git switch -c <new-branch-name>
#6 1.369 
#6 1.369 Or undo this operation with:
#6 1.369 
#6 1.369   git switch -
#6 1.369 
#6 1.369 Turn off this advice by setting config variable advice.detachedHead to false
#6 1.369 
#6 1.369 HEAD is now at 6103710 Fix a typo filename comparison in the fuzzer (#139)
#6 1.387 [!] Note: skipping x86 compilation checks (AFL_NO_X86 set).
#6 1.387 clang -O1 -fno-omit-frame-pointer -gline-tables-only -DFUZZING_BUILD_MODE_UNSAFE_FOR_PRODUCTION -Wall -D_FORTIFY_SOURCE=2 -g -Wno-pointer-sign -DAFL_PATH=\"/usr/local/lib/afl\" -DDOC_PATH=\"/usr/local/share/doc/afl\" -DBIN_PATH=\"/usr/local/bin\" afl-gcc.c -o afl-gcc -ldl
#6 1.563 set -e; for i in afl-g++ afl-clang afl-clang++; do ln -sf afl-gcc $i; done
#6 1.567 clang -O1 -fno-omit-frame-pointer -gline-tables-only -DFUZZING_BUILD_MODE_UNSAFE_FOR_PRODUCTION -Wall -D_FORTIFY_SOURCE=2 -g -Wno-pointer-sign -DAFL_PATH=\"/usr/local/lib/afl\" -DDOC_PATH=\"/usr/local/share/doc/afl\" -DBIN_PATH=\"/usr/local/bin\" afl-fuzz.c -o afl-fuzz -ldl
#6 3.925 clang -O1 -fno-omit-frame-pointer -gline-tables-only -DFUZZING_BUILD_MODE_UNSAFE_FOR_PRODUCTION -Wall -D_FORTIFY_SOURCE=2 -g -Wno-pointer-sign -DAFL_PATH=\"/usr/local/lib/afl\" -DDOC_PATH=\"/usr/local/share/doc/afl\" -DBIN_PATH=\"/usr/local/bin\" afl-showmap.c -o afl-showmap -ldl
#6 4.235 clang -O1 -fno-omit-frame-pointer -gline-tables-only -DFUZZING_BUILD_MODE_UNSAFE_FOR_PRODUCTION -Wall -D_FORTIFY_SOURCE=2 -g -Wno-pointer-sign -DAFL_PATH=\"/usr/local/lib/afl\" -DDOC_PATH=\"/usr/local/share/doc/afl\" -DBIN_PATH=\"/usr/local/bin\" afl-tmin.c -o afl-tmin -ldl
#6 4.659 clang -O1 -fno-omit-frame-pointer -gline-tables-only -DFUZZING_BUILD_MODE_UNSAFE_FOR_PRODUCTION -Wall -D_FORTIFY_SOURCE=2 -g -Wno-pointer-sign -DAFL_PATH=\"/usr/local/lib/afl\" -DDOC_PATH=\"/usr/local/share/doc/afl\" -DBIN_PATH=\"/usr/local/bin\" afl-gotcpu.c -o afl-gotcpu -ldl
#6 4.807 clang -O1 -fno-omit-frame-pointer -gline-tables-only -DFUZZING_BUILD_MODE_UNSAFE_FOR_PRODUCTION -Wall -D_FORTIFY_SOURCE=2 -g -Wno-pointer-sign -DAFL_PATH=\"/usr/local/lib/afl\" -DDOC_PATH=\"/usr/local/share/doc/afl\" -DBIN_PATH=\"/usr/local/bin\" afl-analyze.c -o afl-analyze -ldl
#6 5.218 clang -O1 -fno-omit-frame-pointer -gline-tables-only -DFUZZING_BUILD_MODE_UNSAFE_FOR_PRODUCTION -Wall -D_FORTIFY_SOURCE=2 -g -Wno-pointer-sign -DAFL_PATH=\"/usr/local/lib/afl\" -DDOC_PATH=\"/usr/local/share/doc/afl\" -DBIN_PATH=\"/usr/local/bin\" afl-as.c -o afl-as -ldl
#6 5.456 ln -sf afl-as as
#6 5.459 [!] Note: skipping build tests (you may need to use LLVM or QEMU mode).
#6 5.461 [+] LLVM users: see llvm_mode/README.llvm for a faster alternative to afl-gcc.
#6 5.462 [+] All done! Be sure to review README - it's pretty short and useful.
#6 DONE 6.2s

#7 [3/3] RUN apt-get update &&     apt-get install wget -y &&     wget https://raw.githubusercontent.com/llvm/llvm-project/5feb80e748924606531ba28c97fe65145c65372e/compiler-rt/lib/fuzzer/afl/afl_driver.cpp -O /afl/afl_driver.cpp &&     clang -Wno-pointer-sign -c /afl/llvm_mode/afl-llvm-rt.o.c -I/afl &&     clang++ -stdlib=libc++ -std=c++11 -O2 -c /afl/afl_driver.cpp &&     ar r /libAFL.a *.o
#7 sha256:8de0813feabc6d1235090b52719a646338e786bb326cc3d0c620d73391a8a288
#7 0.635 Hit:1 http://archive.ubuntu.com/ubuntu focal InRelease
#7 0.635 Hit:2 http://archive.ubuntu.com/ubuntu focal-updates InRelease
#7 0.635 Hit:3 http://security.ubuntu.com/ubuntu focal-security InRelease
#7 0.635 Hit:4 http://ppa.launchpad.net/git-core/ppa/ubuntu focal InRelease
#7 0.658 Hit:5 http://archive.ubuntu.com/ubuntu focal-backports InRelease
#7 1.520 Reading package lists...
#7 3.025 Reading package lists...
#7 4.448 Building dependency tree...
#7 4.670 Reading state information...
#7 4.918 wget is already the newest version (1.20.3-1ubuntu2).
#7 4.918 0 upgraded, 0 newly installed, 0 to remove and 2 not upgraded.
#7 4.923 --2022-02-15 16:23:20--  https://raw.githubusercontent.com/llvm/llvm-project/5feb80e748924606531ba28c97fe65145c65372e/compiler-rt/lib/fuzzer/afl/afl_driver.cpp
#7 4.925 Resolving raw.githubusercontent.com (raw.githubusercontent.com)... 185.199.108.133, 185.199.109.133, 185.199.110.133, ...
#7 4.927 Connecting to raw.githubusercontent.com (raw.githubusercontent.com)|185.199.108.133|:443... connected.
#7 4.951 HTTP request sent, awaiting response... 200 OK
#7 5.145 Length: 9177 (9.0K) [text/plain]
#7 5.145 Saving to: '/afl/afl_driver.cpp'
#7 5.145 
#7 5.145      0K ........                                              100% 8.29M=0.001s
#7 5.146 
#7 5.146 2022-02-15 16:23:20 (8.29 MB/s) - '/afl/afl_driver.cpp' saved [9177/9177]
#7 5.146 
#7 6.928 ar: creating /libAFL.a
#7 DONE 7.4s

#8 exporting to image
#8 sha256:e8c613e07b0b7ff33893b694f7759a10d42e180f2b4dc349fb57dc6b71dcab00
#8 exporting layers done
#8 writing image sha256:0e5019a80b69858625c26493b3393c366af046fb91dc25cd79ff10ca3dcfedf7 done
#8 naming to gcr.io/fuzzbench/builders/afl/tidy-html5_tidy_fuzzer-intermediate done
#8 DONE 0.3s

#9 exporting cache
#9 sha256:2700d4ef94dee473593c5c614b55b2dedcca7893909811a8f2b48291a1f581e4
#9 preparing build cache for export done
#9 DONE 0.0s
------
 > importing cache manifest from gcr.io/fuzzbench/builders/afl/tidy-html5_tidy_fuzzer-intermediate:
------
#1 [internal] load build definition from Dockerfile
#1 sha256:2123fce507da2fa947d4288a4bbe0552b11af479268de2093a4883212ae794c1
#1 transferring dockerfile: 2.00kB done
#1 DONE 0.0s

#2 [internal] load .dockerignore
#2 sha256:5920b4d2f9e31e74dbf5832ed1dbe41b6f0ce5b9987aec8705a4b9edfc983017
#2 transferring context: 34B done
#2 DONE 0.0s

#3 [internal] load metadata for docker.io/library/ubuntu:xenial
#3 sha256:f62bae18ed588840f045c881b2502661f2a89578a2f8f99b83f5200ee83dd25b
#3 DONE 0.0s

#5 [1/7] FROM docker.io/library/ubuntu:xenial
#5 sha256:14dd403f25ae9e519bd44f27dc17af7ce80f5a4f9f48ca88108364e67ec5d360
#5 DONE 0.0s

#4 importing cache manifest from gcr.io/fuzzbench/base-image
#4 sha256:9b220ebb4d4daceed1b96df9b6dca076e762f1cd612574f010b82d5b9e5ad896
#4 DONE 0.0s

#8 [internal] load build context
#8 sha256:f932016ddfe0c062b0d055cba3af5b3133fa17bcca7b6a9a7ea4f3c464a6446f
#8 transferring context: 559B 0.0s done
#8 DONE 0.0s

#6 [2/7] RUN apt-get update -y && apt-get install -y     build-essential     rsync     curl     zlib1g-dev     libncurses5-dev     libgdbm-dev     libnss3-dev     libssl-dev     libreadline-dev     libffi-dev     virtualenv     libbz2-dev     liblzma-dev     libsqlite3-dev
#6 sha256:3a1b0960f17eed529eaae93dc8fd3554f2743dd584d8fa569cdbe6bc734371ac
#6 CACHED

#7 [3/7] RUN cd /tmp/ &&     curl -O https://www.python.org/ftp/python/3.8.6/Python-3.8.6.tar.xz &&     tar -xvf Python-3.8.6.tar.xz &&     cd Python-3.8.6 &&     ./configure --enable-loadable-sqlite-extensions --enable-optimizations &&     make -j install &&     rm -r /tmp/Python-3.8.6.tar.xz /tmp/Python-3.8.6
#7 sha256:c5b9d1fb3371e84dbc60b76e7b2f8d5913bc93bcd4910ab65daa03e7b2ec4bb0
#7 CACHED

#10 [5/7] RUN pip3 install -r /requirements.txt
#10 sha256:e7f334130ff843cc4a016938c36a1b39753c6c58e8b9a829b660da4ecbfbb9f4
#10 CACHED

#11 [6/7] RUN apt-get update -y && apt-get install -y     apt-transport-https     lsb-release
#11 sha256:a1121a5f5bff818cb32c2bd2492d7088c8ac5eda1ac295a1d2bcb78f6ab90d75
#11 CACHED

#9 [4/7] COPY ./requirements.txt /
#9 sha256:aad35b64a3b7246901227aab7c4fd925fa62733588e3d697f3fd16f20fadd85b
#9 CACHED

#12 [7/7] RUN CLOUD_SDK_REPO="cloud-sdk-$(lsb_release -c -s)" &&     echo "deb https://packages.cloud.google.com/apt $CLOUD_SDK_REPO main"     | tee -a /etc/apt/sources.list.d/google-cloud-sdk.list &&     curl https://packages.cloud.google.com/apt/doc/apt-key.gpg     | apt-key add - &&     apt-get update -y &&     apt-get install -y google-cloud-sdk
#12 sha256:fbe6c1c8099567d162d19bd67158560ebf2ad17aa2d7ff46eb162d20f79de091
#12 CACHED

#13 exporting to image
#13 sha256:e8c613e07b0b7ff33893b694f7759a10d42e180f2b4dc349fb57dc6b71dcab00
#13 exporting layers done
#13 writing image sha256:5bcafeca90d09e5a030feed2ced83edfc14622deae3e4a98f2d89504ec6deb0e done
#13 naming to gcr.io/fuzzbench/base-image done
#13 DONE 0.0s

#14 exporting cache
#14 sha256:2700d4ef94dee473593c5c614b55b2dedcca7893909811a8f2b48291a1f581e4
#14 preparing build cache for export done
#14 DONE 0.0s
#1 [internal] load build definition from Dockerfile
#1 sha256:8efe0e590b19242631a6ce2273da06f039b1d54f6723d12c3fa1c3f58b38e7fd
#1 transferring dockerfile: 2.22kB done
#1 DONE 0.0s

#2 [internal] load .dockerignore
#2 sha256:d8559446775fb7e81931f5b101dbd096d0e8b36615d1bb33dc884267b928f73b
#2 transferring context: 34B done
#2 DONE 0.0s

#3 [internal] load metadata for gcr.io/fuzzbench/base-image:latest
#3 sha256:932022888f650cc455b10eb5123bb08c0cccacac29a693e69314abbfd28a72c3
#3 DONE 0.0s

#4 [internal] load metadata for gcr.io/fuzzbench/builders/afl/tidy-html5_tidy_fuzzer-intermediate:latest
#4 sha256:c30999fb4e16db74731902057a4845f0c9bd89da1597073ab471b0a4b9c1af29
#4 DONE 0.0s

#12 [internal] load build context
#12 sha256:8545c29a0b44103fca66267bfffa9e8ee49688ef4ebadfbdcb2ffc561a8a24cc
#12 DONE 0.0s

#7 [base-image 1/1] FROM gcr.io/fuzzbench/base-image
#7 sha256:4d07825694520f8b6f6a0d8592dbd345433361ae044cb7f06706c5a95e3daaad
#7 DONE 0.0s

#6 [stage-1  1/13] FROM gcr.io/fuzzbench/builders/afl/tidy-html5_tidy_fuzzer-intermediate
#6 sha256:c158932f280aa7717fa502b9e25c4555200c7dc31be96ef64c230010674f0b3d
#6 DONE 0.0s

#5 importing cache manifest from gcr.io/fuzzbench/builders/afl/tidy-html5_tidy_fuzzer
#5 sha256:3b713a0c0e3795ad0eb2c1deaa18515a2ea383e3c32e75f51026b20c58ef7ad7
#5 ERROR: gcr.io/fuzzbench/builders/afl/tidy-html5_tidy_fuzzer:latest: not found

#7 [base-image 1/1] FROM gcr.io/fuzzbench/base-image
#7 sha256:4d07825694520f8b6f6a0d8592dbd345433361ae044cb7f06706c5a95e3daaad
#7 CACHED

#12 [internal] load build context
#12 sha256:8545c29a0b44103fca66267bfffa9e8ee49688ef4ebadfbdcb2ffc561a8a24cc
#12 transferring context: 669.89kB 0.1s done
#12 DONE 0.2s

#6 [stage-1  1/13] FROM gcr.io/fuzzbench/builders/afl/tidy-html5_tidy_fuzzer-intermediate
#6 sha256:c158932f280aa7717fa502b9e25c4555200c7dc31be96ef64c230010674f0b3d
#6 DONE 0.6s

#8 [stage-1  2/13] COPY --from=base-image /usr/local/bin/python3* /usr/local/bin/
#8 sha256:111acc254b9d157ef2b64183f20b443960dc6812c9e324c11310d1ca96c163fe
#8 DONE 0.5s

#9 [stage-1  3/13] COPY --from=base-image /usr/local/lib/python3.8 /usr/local/lib/python3.8
#9 sha256:6a3275c7acc7f87fa3e6f293cb4c264ea422435d48d50e17fc824fcbf2d3ede3
#9 DONE 14.5s

#10 [stage-1  4/13] COPY --from=base-image /usr/local/include/python3.8 /usr/local/include/python3.8
#10 sha256:24f910f8b8a956693cd455083cc278f3e61f875f31017b917d873b6805e33e2e
#10 DONE 0.2s

#11 [stage-1  5/13] COPY --from=base-image /usr/local/lib/python3.8/site-packages /usr/local/lib/python3.8/site-packages
#11 sha256:b8a87ff876e967d5506786de8f2968e654f8a1f8cd7f8069d56da3e4ddaa4811
#11 DONE 16.0s

#13 [stage-1  6/13] COPY fuzzers /src/fuzzers
#13 sha256:8cccab5b6d2964c2407ff7fae5c00221c40688803af6046dc26de39ed061ca3f
#13 DONE 0.3s

#14 [stage-1  7/13] RUN touch /src/__init__.py
#14 sha256:d0b6907de3202fcdef748cf65fefff7b09919099c2ae6fa3466a7c5ced0ad1dd
#14 DONE 0.9s

#15 [stage-1  8/13] COPY benchmarks/tidy-html5_tidy_fuzzer/benchmark.yaml /
#15 sha256:4d051cc2c6bca8566b9398284d7ad8897f02aa54d0004fdb5b27efb92b24bbcc
#15 DONE 0.3s

#16 [stage-1  9/13] RUN mkdir /opt/fuzzbench/
#16 sha256:d3b15deab98b8f7bcbd5738c1b732a50331ec6d0c9387e400ef5501bc93d56db
#16 DONE 0.9s

#17 [stage-1 10/13] COPY docker/benchmark-builder/checkout_commit.py /opt/fuzzbench/
#17 sha256:1dd292ac11eeede3659000c5fc972be0bc9f227d12da87b1afbcbd28e35f9ce7
#17 DONE 0.4s

#18 [stage-1 11/13] RUN export CHECKOUT_COMMIT=$(cat /benchmark.yaml | tr -d ' ' | grep 'commit:' | cut -d ':' -f2) &&     python3 -u /opt/fuzzbench/checkout_commit.py $CHECKOUT_COMMIT /src
#18 sha256:be7398086b0c84c6c02526ffca1b427d1c109dde2bf3ae632ad8d386e8134084
#18 0.530 Checking out commit b6aefa51
#18 0.535 error: pathspec 'b6aefa51' did not match any file(s) known to git
#18 0.540 error: pathspec 'b6aefa51' did not match any file(s) known to git
#18 0.546 error: pathspec 'b6aefa51' did not match any file(s) known to git
#18 0.597 Checkout unsuccessful.
#18 DONE 1.0s

#19 [stage-1 12/13] RUN echo "#!/bin/bash\nPYTHONPATH=/src python3 -u -c "from fuzzers import utils; utils.initialize_env(); from fuzzers.afl import fuzzer; fuzzer.build()"" > /usr/bin/fuzzer_build &&     chmod +x /usr/bin/fuzzer_build
#19 sha256:984dce1e8752221169cf457f695f363033eb7f38348df705424e264032738426
#19 DONE 0.9s

#20 [stage-1 13/13] RUN echo "Run fuzzer_build to build the target" && if [ -z "$debug_builder" ] ; then fuzzer_build; fi
#20 sha256:066d081bbddb340f6cd755cc780abf8e33df057b36f69ef7447a050b8b03ac96
#20 0.547 Run fuzzer_build to build the target
#20 0.659 FUZZ_TARGET = tidy_fuzzer
#20 0.659 CFLAGS = -DFUZZING_BUILD_MODE_UNSAFE_FOR_PRODUCTION -pthread -Wl,--no-as-needed -Wl,-ldl -Wl,-lm -Wno-unused-command-line-argument -O3
#20 0.659 CXXFLAGS = -DFUZZING_BUILD_MODE_UNSAFE_FOR_PRODUCTION -pthread -Wl,--no-as-needed -Wl,-ldl -Wl,-lm -Wno-unused-command-line-argument -stdlib=libc++ -O3
#20 0.663 Building benchmark tidy-html5_tidy_fuzzer with fuzzer afl
#20 0.667 + mkdir -p /work/tidy-html5
#20 0.669 + cd /work/tidy-html5
#20 0.669 + cmake -GNinja /src/tidy-html5/
#20 0.888 -- The C compiler identification is Clang 14.0.0
#20 1.139 -- The CXX compiler identification is Clang 14.0.0
#20 1.154 -- Detecting C compiler ABI info
#20 1.304 -- Detecting C compiler ABI info - done
#20 1.351 -- Check for working C compiler: /usr/local/bin/clang - skipped
#20 1.351 -- Detecting C compile features
#20 1.352 -- Detecting C compile features - done
#20 1.360 -- Detecting CXX compiler ABI info
#20 1.545 -- Detecting CXX compiler ABI info - done
#20 1.612 -- Check for working CXX compiler: /usr/local/bin/clang++ - skipped
#20 1.612 -- Detecting CXX compile features
#20 1.613 -- Detecting CXX compile features - done
#20 1.615 -> TIDY_SO_VERSION = 59. This is an ODD (development) release.
#20 1.615 -- *** Debug Logging is NOT enabled.
#20 1.615 -- *** Building support for runtime configuration files.
#20 1.615 -- *** Also building DLL library SHARED, version 5.9.20, date 2022.01.25
#20 1.617 -- *** NOTE: xsltproc NOT FOUND! Can NOT generate man page.
#20 1.617 -- *** You need to install xsltproc in your system.
#20 1.631 -- Configuring done
#20 1.643 -- Generating done
#20 1.652 -- Build files have been written to: /work/tidy-html5
#20 1.656 + ninja
#20 1.886 [1/56] Building C object CMakeFiles/tidy-share.dir/src/charsets.c.o
#20 2.053 [2/56] Building C object CMakeFiles/tidy-share.dir/src/entities.c.o
#20 2.100 [3/56] Building C object CMakeFiles/tidy-share.dir/src/istack.c.o
#20 2.280 [4/56] Building C object CMakeFiles/tidy-share.dir/src/alloc.c.o
#20 2.399 [5/56] Building C object CMakeFiles/tidy-share.dir/src/tags.c.o
#20 2.575 [6/56] Building C object CMakeFiles/tidy-share.dir/src/message.c.o
#20 2.689 [7/56] Building C object CMakeFiles/tidy-share.dir/src/fileio.c.o
#20 2.786 [8/56] Building C object CMakeFiles/tidy-share.dir/src/buffio.c.o
#20 2.960 [9/56] Building C object CMakeFiles/tidy-share.dir/src/tagask.c.o
#20 3.258 [10/56] Building C object CMakeFiles/tidy-share.dir/src/tmbstr.c.o
#20 3.269 [11/56] Building C object CMakeFiles/tidy-share.dir/src/streamio.c.o
#20 3.390 [12/56] Building C object CMakeFiles/tidy-share.dir/src/attrs.c.o
#20 3.412 [13/56] Building C object CMakeFiles/tidy-share.dir/src/clean.c.o
#20 3.530 [14/56] Building C object CMakeFiles/tidy-share.dir/src/access.c.o
#20 3.553 [15/56] Building C object CMakeFiles/tidy-share.dir/src/utf8.c.o
#20 3.569 [16/56] Building C object CMakeFiles/tidy-share.dir/src/mappedio.c.o
#20 3.657 [17/56] Building C object CMakeFiles/tidy-share.dir/src/config.c.o
#20 3.677 [18/56] Building C object CMakeFiles/tidy-share.dir/src/gdoc.c.o
#20 3.700 [19/56] Building C object CMakeFiles/tidy-share.dir/src/sprtf.c.o
#20 4.014 [20/56] Building C object CMakeFiles/tidy-share.dir/src/messageobj.c.o
#20 4.054 [21/56] Building C object CMakeFiles/tidy-share.dir/src/language.c.o
#20 4.244 [22/56] Building C object CMakeFiles/tidy-static.dir/src/istack.c.o
#20 4.342 [23/56] Building C object CMakeFiles/tidy-share.dir/src/attrdict.c.o
#20 4.580 [24/56] Building C object CMakeFiles/tidy-share.dir/src/lexer.c.o
#20 4.677 [25/56] Building C object CMakeFiles/tidy-static.dir/src/tags.c.o
#20 4.684 [26/56] Building C object CMakeFiles/tidy-share.dir/src/tidylib.c.o
#20 4.777 [27/56] Building C object CMakeFiles/tidy-static.dir/src/entities.c.o
#20 4.898 [28/56] Building C object CMakeFiles/tidy-static.dir/src/charsets.c.o
#20 5.302 [29/56] Building C object CMakeFiles/tidy-static.dir/src/attrs.c.o
#20 5.462 [30/56] Building C object CMakeFiles/tidy-static.dir/src/alloc.c.o
#20 5.546 [31/56] Building C object CMakeFiles/tidy-static.dir/src/message.c.o
#20 5.579 [32/56] Building C object CMakeFiles/tidy-static.dir/src/access.c.o
#20 5.580 [33/56] Building C object CMakeFiles/tidy-share.dir/src/parser.c.o
#20 5.580 /src/tidy-html5/src/parser.c:2793:11: warning: variable 'head' set but not used [-Wunused-but-set-variable]
#20 5.580     Node *head = NULL;
#20 5.580           ^
#20 5.580 1 warning generated.
#20 5.691 [34/56] Building C object CMakeFiles/tidy-static.dir/src/fileio.c.o
#20 5.815 [35/56] Building C object CMakeFiles/tidy-static.dir/src/tagask.c.o
#20 5.859 [36/56] Building C object CMakeFiles/tidy-static.dir/src/buffio.c.o
#20 6.081 [37/56] Building C object CMakeFiles/tidy-static.dir/src/utf8.c.o
#20 6.125 [38/56] Building C object CMakeFiles/tidy-static.dir/src/tmbstr.c.o
#20 6.189 [39/56] Building C object CMakeFiles/tidy-static.dir/src/config.c.o
#20 6.214 [40/56] Building C object CMakeFiles/tidy-static.dir/src/streamio.c.o
#20 6.293 [41/56] Building C object CMakeFiles/tidy-static.dir/src/mappedio.c.o
#20 6.501 [42/56] Building C object CMakeFiles/tidy-static.dir/src/clean.c.o
#20 6.542 [43/56] Building C object CMakeFiles/tidy-static.dir/src/gdoc.c.o
#20 6.665 [44/56] Building C object CMakeFiles/tidy-static.dir/src/sprtf.c.o
#20 6.719 [45/56] Building C object CMakeFiles/tidy-static.dir/src/language.c.o
#20 6.788 [46/56] Building C object CMakeFiles/tidy-static.dir/src/messageobj.c.o
#20 6.908 [47/56] Building C object CMakeFiles/tidy-share.dir/src/pprint.c.o
#20 7.023 [48/56] Linking C shared library libtidy.so
#20 7.133 [49/56] Building C object CMakeFiles/tidy-static.dir/src/tidylib.c.o
#20 7.141 [50/56] Building C object CMakeFiles/tidy-static.dir/src/attrdict.c.o
#20 7.251 [51/56] Building C object CMakeFiles/tidy-static.dir/src/parser.c.o
#20 7.251 /src/tidy-html5/src/parser.c:2793:11: warning: variable 'head' set but not used [-Wunused-but-set-variable]
#20 7.251     Node *head = NULL;
#20 7.251           ^
#20 7.251 1 warning generated.
#20 7.332 [52/56] Building C object CMakeFiles/tidy-static.dir/src/lexer.c.o
#20 7.802 [53/56] Building C object CMakeFiles/tidy.dir/console/tidy.c.o
#20 7.802 /src/tidy-html5/console/tidy.c:2085:10: warning: variable 'accessWarnings' set but not used [-Wunused-but-set-variable]
#20 7.802     uint accessWarnings = 0;
#20 7.802          ^
#20 7.802 1 warning generated.
#20 8.422 [54/56] Building C object CMakeFiles/tidy-static.dir/src/pprint.c.o
#20 8.441 [55/56] Linking C static library libtidy.a
#20 8.615 [56/56] Linking C executable tidy
#20 8.616 + for fuzzer in tidy_config_fuzzer tidy_fuzzer
#20 8.616 + clang -DFUZZING_BUILD_MODE_UNSAFE_FOR_PRODUCTION -pthread -Wl,--no-as-needed -Wl,-ldl -Wl,-lm -Wno-unused-command-line-argument -O3 -fsanitize-coverage=trace-pc-guard -c -I/src/tidy-html5/include /src/tidy_config_fuzzer.c -o tidy_config_fuzzer.o
#20 8.685 + clang++ -DFUZZING_BUILD_MODE_UNSAFE_FOR_PRODUCTION -pthread -Wl,--no-as-needed -Wl,-ldl -Wl,-lm -Wno-unused-command-line-argument -stdlib=libc++ -O3 -fsanitize-coverage=trace-pc-guard -std=c++11 tidy_config_fuzzer.o -o /out/tidy_config_fuzzer -lFuzzingEngine libtidys.a
#20 8.697 clang-14: error: no such file or directory: 'libtidys.a'
#20 8.700 Traceback (most recent call last):
#20 8.700   File "<string>", line 1, in <module>
#20 8.700   File "/src/fuzzers/afl/fuzzer.py", line 40, in build
#20 8.700     utils.build_benchmark()
#20 8.700   File "/src/fuzzers/utils.py", line 82, in build_benchmark
#20 8.701     subprocess.check_call(['/bin/bash', '-ex', build_script], env=env)
#20 8.701   File "/usr/local/lib/python3.8/subprocess.py", line 364, in check_call
#20 8.701     raise CalledProcessError(retcode, cmd)
#20 8.701 subprocess.CalledProcessError: Command '['/bin/bash', '-ex', '/src/build.sh']' returned non-zero exit status 1.
#20 ERROR: executor failed running [/bin/sh -c echo "Run fuzzer_build to build the target" && if [ -z "$debug_builder" ] ; then fuzzer_build; fi]: exit code: 1
------
 > importing cache manifest from gcr.io/fuzzbench/builders/afl/tidy-html5_tidy_fuzzer:
------
------
 > [stage-1 13/13] RUN echo "Run fuzzer_build to build the target" && if [ -z "$debug_builder" ] ; then fuzzer_build; fi:
------
executor failed running [/bin/sh -c echo "Run fuzzer_build to build the target" && if [ -z "$debug_builder" ] ; then fuzzer_build; fi]: exit code: 1
make: *** [docker/generated.mk:2720519: .afl-tidy-html5_tidy_fuzzer-builder] Error 1
/bin/sh: 1: source: not found
#2 [internal] load .dockerignore
#2 sha256:300bf2b0c11d82d09964b3fe4a29a91fe2e0f06234175dcfdf87ae6dbc01437f
#2 transferring context: 2B done
#2 DONE 0.3s

#1 [internal] load build definition from Dockerfile
#1 sha256:98a863abb67d7f84fda258fc20682b21843c673263f1c7f06bc43a46696609c4
#1 transferring dockerfile: 32B done
#1 DONE 0.2s

#3 [internal] load metadata for gcr.io/oss-fuzz-base/base-builder:latest
#3 sha256:f10dc39cc9d418a5bc416dead31a1902b6821fdae909cd3b08f7a3fd1faba7b5
#3 DONE 0.6s

#5 [1/6] FROM gcr.io/oss-fuzz-base/base-builder@sha256:f4e5ea12494fab091c5d830cf803b3421f2860f729b9d1b07da44924396cf8cf
#5 sha256:ef290950573a2779ee526af357b28fbddfc20d7409aa51f58f777c9e972cba29
#5 DONE 0.0s

#4 importing cache manifest from gcr.io/fuzzbench/builders/benchmark/tidy-html5_tidy_fuzzer
#4 sha256:9058429b61f7bc8229789457f3ac2966d769e2dd640ac96722019fa5fea3fd5b
#4 DONE 0.0s

#9 [internal] load build context
#9 sha256:b087fb7ee6bd249aee12c9fe9dedfaa34f482439a85a0a538480848d38e63068
#9 transferring context: 354B done
#9 DONE 0.1s

#6 [2/6] RUN apt-get update &&     apt-get install -y --no-install-recommends         cmake ninja-build &&     apt-get clean
#6 sha256:f970db4514ebb1e89648b4f8cc5e12a903b122b625f6a126818ef81e31ca391a
#6 CACHED

#7 [3/6] RUN git clone https://github.com/htacg/tidy-html5.git tidy-html5
#7 sha256:b9450b7f585a40e8df9f76d2bae4b4f45f6abf5c198e492ce8a5ae7376c7e963
#7 CACHED

#8 [4/6] WORKDIR tidy-html5
#8 sha256:2fab03d1537c0a331b29a43d3832af4fae175a57f86d4d01022f382e4bd2e7f1
#8 CACHED

#10 [5/6] COPY build.sh /src/
#10 sha256:039c7a65fed66ac55edfa027fe4f6b7c56429be7862ea5b81f25c9da77f9c133
#10 CACHED

#11 [6/6] COPY *.c *.h *.options /src/
#11 sha256:d0c8d58f0f417d46a48df3bfdda872477cdd6738749e53fccbded7aaad4870f3
#11 CACHED

#12 exporting to image
#12 sha256:e8c613e07b0b7ff33893b694f7759a10d42e180f2b4dc349fb57dc6b71dcab00
#12 exporting layers done
#12 writing image sha256:a1f01134b1631723a7b7a5bba290534aaf1e3bf7984a371993bb6b64e6646990 0.0s done
#12 naming to gcr.io/fuzzbench/builders/benchmark/tidy-html5_tidy_fuzzer done
#12 DONE 0.4s

#13 exporting cache
#13 sha256:2700d4ef94dee473593c5c614b55b2dedcca7893909811a8f2b48291a1f581e4
#13 preparing build cache for export done
#13 DONE 0.0s
#1 [internal] load build definition from builder.Dockerfile
#1 sha256:aa5e83f05972897d56475ac0c7a556f4ab3ba35e61a463fa7bbbfb1dfe47f7d0
#1 transferring dockerfile: 46B done
#1 DONE 0.1s

#2 [internal] load .dockerignore
#2 sha256:4e6741bc1a97bf21fc5cbc6b46e283bf51bd08eb526c0fba4921c70f056c8339
#2 transferring context: 2B done
#2 DONE 0.1s

#3 [internal] load metadata for gcr.io/fuzzbench/builders/benchmark/tidy-html5_tidy_fuzzer:latest
#3 sha256:a607e1bbdc5b866aeb2e108274ac2b4ea010b8946be768805a808c2d667accf8
#3 DONE 0.0s

#4 importing cache manifest from gcr.io/fuzzbench/builders/afl/tidy-html5_tidy_fuzzer-intermediate
#4 sha256:bc379b9da05958e183969bba326425436d8db3621acdd8c288346a8f73ab2ace
#4 DONE 0.0s

#5 [1/3] FROM gcr.io/fuzzbench/builders/benchmark/tidy-html5_tidy_fuzzer
#5 sha256:dd393377da604e49679c5935e0245d566ea7187580647391e133294eb7a5bea4
#5 DONE 0.0s

#6 [2/3] RUN git clone https://github.com/google/AFL.git /afl &&     cd /afl &&     git checkout 61037103ae3722c8060ff7082994836a794f978e &&     AFL_NO_X86=1 make
#6 sha256:e80a52fa41874a9dac1b7babec672e142484dd284a484fd74a9fc7cdf787a9b4
#6 CACHED

#7 [3/3] RUN apt-get update &&     apt-get install wget -y &&     wget https://raw.githubusercontent.com/llvm/llvm-project/5feb80e748924606531ba28c97fe65145c65372e/compiler-rt/lib/fuzzer/afl/afl_driver.cpp -O /afl/afl_driver.cpp &&     clang -Wno-pointer-sign -c /afl/llvm_mode/afl-llvm-rt.o.c -I/afl &&     clang++ -stdlib=libc++ -std=c++11 -O2 -c /afl/afl_driver.cpp &&     ar r /libAFL.a *.o
#7 sha256:8de0813feabc6d1235090b52719a646338e786bb326cc3d0c620d73391a8a288
#7 CACHED

#8 exporting to image
#8 sha256:e8c613e07b0b7ff33893b694f7759a10d42e180f2b4dc349fb57dc6b71dcab00
#8 exporting layers done
#8 writing image sha256:0e5019a80b69858625c26493b3393c366af046fb91dc25cd79ff10ca3dcfedf7 0.0s done
#8 naming to gcr.io/fuzzbench/builders/afl/tidy-html5_tidy_fuzzer-intermediate done
#8 DONE 0.4s

#9 exporting cache
#9 sha256:2700d4ef94dee473593c5c614b55b2dedcca7893909811a8f2b48291a1f581e4
#9 preparing build cache for export done
#9 DONE 0.0s
#1 [internal] load build definition from Dockerfile
#1 sha256:616adaf32b918e572e15994c696453831cac608d20cd22534731d90464febe4b
#1 transferring dockerfile: 2.00kB done
#1 DONE 0.1s

#2 [internal] load .dockerignore
#2 sha256:4e341506299ff773763ec916b6d83df09d40840aa12a5ee36b81971c8f94cbd4
#2 transferring context: 34B done
#2 DONE 0.1s

#3 [internal] load metadata for docker.io/library/ubuntu:xenial
#3 sha256:f62bae18ed588840f045c881b2502661f2a89578a2f8f99b83f5200ee83dd25b
#3 DONE 0.0s

#5 [1/7] FROM docker.io/library/ubuntu:xenial
#5 sha256:14dd403f25ae9e519bd44f27dc17af7ce80f5a4f9f48ca88108364e67ec5d360
#5 DONE 0.0s

#4 importing cache manifest from gcr.io/fuzzbench/base-image
#4 sha256:9b220ebb4d4daceed1b96df9b6dca076e762f1cd612574f010b82d5b9e5ad896
#4 DONE 0.0s

#8 [internal] load build context
#8 sha256:c78e548790ec183b26ba860cc098bfbd8397029e42c1d0acf520d20811a0985e
#8 transferring context: 559B 0.0s done
#8 DONE 0.1s

#11 [6/7] RUN apt-get update -y && apt-get install -y     apt-transport-https     lsb-release
#11 sha256:b33ee0911e7f9b5f7bd4bae717a93c4b219c23d420ac3807e8b6ab9d5d5a8b9e
#11 CACHED

#6 [2/7] RUN apt-get update -y && apt-get install -y     build-essential     rsync     curl     zlib1g-dev     libncurses5-dev     libgdbm-dev     libnss3-dev     libssl-dev     libreadline-dev     libffi-dev     virtualenv     libbz2-dev     liblzma-dev     libsqlite3-dev
#6 sha256:3a1b0960f17eed529eaae93dc8fd3554f2743dd584d8fa569cdbe6bc734371ac
#6 CACHED

#7 [3/7] RUN cd /tmp/ &&     curl -O https://www.python.org/ftp/python/3.8.6/Python-3.8.6.tar.xz &&     tar -xvf Python-3.8.6.tar.xz &&     cd Python-3.8.6 &&     ./configure --enable-loadable-sqlite-extensions --enable-optimizations &&     make -j install &&     rm -r /tmp/Python-3.8.6.tar.xz /tmp/Python-3.8.6
#7 sha256:c5b9d1fb3371e84dbc60b76e7b2f8d5913bc93bcd4910ab65daa03e7b2ec4bb0
#7 CACHED

#9 [4/7] COPY ./requirements.txt /
#9 sha256:9fcf4aa1169ad39f7c9045b92d836f4f7dd8f0f525b8403c3620fbeb3a0e617f
#9 CACHED

#10 [5/7] RUN pip3 install -r /requirements.txt
#10 sha256:4ba95d4505e211bc00282b4cfeb287aa8aca7989d3e6f6f2b562c96594b4b205
#10 CACHED

#12 [7/7] RUN CLOUD_SDK_REPO="cloud-sdk-$(lsb_release -c -s)" &&     echo "deb https://packages.cloud.google.com/apt $CLOUD_SDK_REPO main"     | tee -a /etc/apt/sources.list.d/google-cloud-sdk.list &&     curl https://packages.cloud.google.com/apt/doc/apt-key.gpg     | apt-key add - &&     apt-get update -y &&     apt-get install -y google-cloud-sdk
#12 sha256:33553260ab4b5cf2f96d4ac5d0c34dd80b1ad5b6f83c1388927bdd8f53f665c7
#12 CACHED

#13 exporting to image
#13 sha256:e8c613e07b0b7ff33893b694f7759a10d42e180f2b4dc349fb57dc6b71dcab00
#13 exporting layers done
#13 writing image sha256:5bcafeca90d09e5a030feed2ced83edfc14622deae3e4a98f2d89504ec6deb0e
#13 writing image sha256:5bcafeca90d09e5a030feed2ced83edfc14622deae3e4a98f2d89504ec6deb0e 0.0s done
#13 naming to gcr.io/fuzzbench/base-image done
#13 DONE 0.1s

#14 exporting cache
#14 sha256:2700d4ef94dee473593c5c614b55b2dedcca7893909811a8f2b48291a1f581e4
#14 preparing build cache for export done
#14 DONE 0.0s
#2 [internal] load .dockerignore
#2 sha256:9a22bb55538cc75de47bdfce65663707c7ebedc04aa6adb8157e22929ffdd4e1
#2 transferring context: 34B done
#2 DONE 0.1s

#1 [internal] load build definition from Dockerfile
#1 sha256:326218c24d12796625fdfc306e47a50881f4fe954f1243cc6f9f7557bd7243f0
#1 transferring dockerfile: 2.22kB done
#1 DONE 0.2s

#3 [internal] load metadata for gcr.io/fuzzbench/base-image:latest
#3 sha256:932022888f650cc455b10eb5123bb08c0cccacac29a693e69314abbfd28a72c3
#3 DONE 0.0s

#4 [internal] load metadata for gcr.io/fuzzbench/builders/afl/tidy-html5_tidy_fuzzer-intermediate:latest
#4 sha256:c30999fb4e16db74731902057a4845f0c9bd89da1597073ab471b0a4b9c1af29
#4 DONE 0.0s

#12 [internal] load build context
#12 sha256:9c15abb34c57617e03b8049dad64d923b27aff37af2d02be551d6dba97fa9af2
#12 DONE 0.0s

#7 [base-image 1/1] FROM gcr.io/fuzzbench/base-image
#7 sha256:4d07825694520f8b6f6a0d8592dbd345433361ae044cb7f06706c5a95e3daaad
#7 DONE 0.0s

#6 [stage-1  1/13] FROM gcr.io/fuzzbench/builders/afl/tidy-html5_tidy_fuzzer-intermediate
#6 sha256:c158932f280aa7717fa502b9e25c4555200c7dc31be96ef64c230010674f0b3d
#6 DONE 0.0s

#5 importing cache manifest from gcr.io/fuzzbench/builders/afl/tidy-html5_tidy_fuzzer
#5 sha256:3b713a0c0e3795ad0eb2c1deaa18515a2ea383e3c32e75f51026b20c58ef7ad7
#5 ERROR: gcr.io/fuzzbench/builders/afl/tidy-html5_tidy_fuzzer:latest: not found

#12 [internal] load build context
#12 sha256:9c15abb34c57617e03b8049dad64d923b27aff37af2d02be551d6dba97fa9af2
#12 transferring context: 669.89kB 0.1s done
#12 DONE 0.3s

#11 [stage-1  5/13] COPY --from=base-image /usr/local/lib/python3.8/site-packages /usr/local/lib/python3.8/site-packages
#11 sha256:b8a87ff876e967d5506786de8f2968e654f8a1f8cd7f8069d56da3e4ddaa4811
#11 CACHED

#16 [stage-1  9/13] RUN mkdir /opt/fuzzbench/
#16 sha256:0f221f5c2c92f507c8ac2fdac2316061867674c8065ba1cd7cebd919fdc05fca
#16 CACHED

#14 [stage-1  7/13] RUN touch /src/__init__.py
#14 sha256:8bcde969a10f72905945f7b2097f8d5c0ec1b3f315d6f35c8bebc34200402ba4
#14 CACHED

#18 [stage-1 11/13] RUN export CHECKOUT_COMMIT=$(cat /benchmark.yaml | tr -d ' ' | grep 'commit:' | cut -d ':' -f2) &&     python3 -u /opt/fuzzbench/checkout_commit.py $CHECKOUT_COMMIT /src
#18 sha256:fa8b9543369e810be7491d6b62794b51e7e9ffe3386c42defb135ffc071bc222
#18 CACHED

#8 [stage-1  2/13] COPY --from=base-image /usr/local/bin/python3* /usr/local/bin/
#8 sha256:111acc254b9d157ef2b64183f20b443960dc6812c9e324c11310d1ca96c163fe
#8 CACHED

#9 [stage-1  3/13] COPY --from=base-image /usr/local/lib/python3.8 /usr/local/lib/python3.8
#9 sha256:6a3275c7acc7f87fa3e6f293cb4c264ea422435d48d50e17fc824fcbf2d3ede3
#9 CACHED

#10 [stage-1  4/13] COPY --from=base-image /usr/local/include/python3.8 /usr/local/include/python3.8
#10 sha256:24f910f8b8a956693cd455083cc278f3e61f875f31017b917d873b6805e33e2e
#10 CACHED

#13 [stage-1  6/13] COPY fuzzers /src/fuzzers
#13 sha256:626c829e401955166a628368a445f0b80864abe7065e44f922f9b4ac5528d4dd
#13 CACHED

#15 [stage-1  8/13] COPY benchmarks/tidy-html5_tidy_fuzzer/benchmark.yaml /
#15 sha256:a817f1782255ee4efcd5f58978b6767598c39948c05d3f904aae1b506766a547
#15 CACHED

#17 [stage-1 10/13] COPY docker/benchmark-builder/checkout_commit.py /opt/fuzzbench/
#17 sha256:644c651f7792673e9842ed84c40c9a2b1603b74c785f30ddbdbf16552cfcad37
#17 CACHED

#19 [stage-1 12/13] RUN echo "#!/bin/bash\nPYTHONPATH=/src python3 -u -c "from fuzzers import utils; utils.initialize_env(); from fuzzers.afl import fuzzer; fuzzer.build()"" > /usr/bin/fuzzer_build &&     chmod +x /usr/bin/fuzzer_build
#19 sha256:d8818e9886acf936b7d97dd3fcf911ff91554f06a192fbad62a5b4f6e292c387
#19 CACHED

#20 [stage-1 13/13] RUN echo "Run fuzzer_build to build the target" && if [ -z "$debug_builder" ] ; then fuzzer_build; fi
#20 sha256:0dbd3168c3e748b5e17eeba09108290ebe7c012fe7217339e7ec74c9d2d26f0d
#20 0.536 Run fuzzer_build to build the target
#20 0.648 FUZZ_TARGET = tidy_fuzzer
#20 0.648 CFLAGS = -DFUZZING_BUILD_MODE_UNSAFE_FOR_PRODUCTION -pthread -Wl,--no-as-needed -Wl,-ldl -Wl,-lm -Wno-unused-command-line-argument -O3
#20 0.648 CXXFLAGS = -DFUZZING_BUILD_MODE_UNSAFE_FOR_PRODUCTION -pthread -Wl,--no-as-needed -Wl,-ldl -Wl,-lm -Wno-unused-command-line-argument -stdlib=libc++ -O3
#20 0.652 Building benchmark tidy-html5_tidy_fuzzer with fuzzer afl
#20 0.656 + mkdir -p /work/tidy-html5
#20 0.658 + cd /work/tidy-html5
#20 0.658 + cmake -GNinja /src/tidy-html5/
#20 0.867 -- The C compiler identification is Clang 14.0.0
#20 1.131 -- The CXX compiler identification is Clang 14.0.0
#20 1.144 -- Detecting C compiler ABI info
#20 1.301 -- Detecting C compiler ABI info - done
#20 1.349 -- Check for working C compiler: /usr/local/bin/clang - skipped
#20 1.350 -- Detecting C compile features
#20 1.350 -- Detecting C compile features - done
#20 1.358 -- Detecting CXX compiler ABI info
#20 1.553 -- Detecting CXX compiler ABI info - done
#20 1.617 -- Check for working CXX compiler: /usr/local/bin/clang++ - skipped
#20 1.617 -- Detecting CXX compile features
#20 1.619 -- Detecting CXX compile features - done
#20 1.620 -> TIDY_SO_VERSION = 59. This is an ODD (development) release.
#20 1.620 -- *** Debug Logging is NOT enabled.
#20 1.620 -- *** Building support for runtime configuration files.
#20 1.620 -- *** Also building DLL library SHARED, version 5.9.20, date 2022.01.25
#20 1.622 -- *** NOTE: xsltproc NOT FOUND! Can NOT generate man page.
#20 1.622 -- *** You need to install xsltproc in your system.
#20 1.636 -- Configuring done
#20 1.648 -- Generating done
#20 1.658 -- Build files have been written to: /work/tidy-html5
#20 1.662 + ninja
#20 1.891 [1/56] Building C object CMakeFiles/tidy-share.dir/src/charsets.c.o
#20 1.937 [2/56] Building C object CMakeFiles/tidy-share.dir/src/istack.c.o
#20 2.035 [3/56] Building C object CMakeFiles/tidy-share.dir/src/entities.c.o
#20 2.153 [4/56] Building C object CMakeFiles/tidy-share.dir/src/alloc.c.o
#20 2.446 [5/56] Building C object CMakeFiles/tidy-share.dir/src/tags.c.o
#20 2.609 [6/56] Building C object CMakeFiles/tidy-share.dir/src/message.c.o
#20 2.726 [7/56] Building C object CMakeFiles/tidy-share.dir/src/fileio.c.o
#20 2.747 [8/56] Building C object CMakeFiles/tidy-share.dir/src/buffio.c.o
#20 3.014 [9/56] Building C object CMakeFiles/tidy-share.dir/src/tagask.c.o
#20 3.198 [10/56] Building C object CMakeFiles/tidy-share.dir/src/streamio.c.o
#20 3.395 [11/56] Building C object CMakeFiles/tidy-share.dir/src/config.c.o
#20 3.442 [12/56] Building C object CMakeFiles/tidy-share.dir/src/tmbstr.c.o
#20 3.520 [13/56] Building C object CMakeFiles/tidy-share.dir/src/clean.c.o
#20 3.527 [14/56] Building C object CMakeFiles/tidy-share.dir/src/utf8.c.o
#20 3.603 [15/56] Building C object CMakeFiles/tidy-share.dir/src/mappedio.c.o
#20 3.677 [16/56] Building C object CMakeFiles/tidy-share.dir/src/access.c.o
#20 3.684 [17/56] Building C object CMakeFiles/tidy-share.dir/src/gdoc.c.o
#20 3.751 [18/56] Building C object CMakeFiles/tidy-share.dir/src/sprtf.c.o
#20 3.761 [19/56] Building C object CMakeFiles/tidy-share.dir/src/attrs.c.o
#20 3.820 [20/56] Building C object CMakeFiles/tidy-share.dir/src/attrdict.c.o
#20 3.996 [21/56] Building C object CMakeFiles/tidy-share.dir/src/messageobj.c.o
#20 4.064 [22/56] Building C object CMakeFiles/tidy-static.dir/src/istack.c.o
#20 4.123 [23/56] Building C object CMakeFiles/tidy-share.dir/src/language.c.o
#20 4.443 [24/56] Building C object CMakeFiles/tidy-static.dir/src/entities.c.o
#20 4.603 [25/56] Building C object CMakeFiles/tidy-static.dir/src/tags.c.o
#20 4.811 [26/56] Building C object CMakeFiles/tidy-share.dir/src/lexer.c.o
#20 4.894 [27/56] Building C object CMakeFiles/tidy-share.dir/src/tidylib.c.o
#20 4.992 [28/56] Building C object CMakeFiles/tidy-static.dir/src/charsets.c.o
#20 5.300 [29/56] Building C object CMakeFiles/tidy-static.dir/src/attrs.c.o
#20 5.467 [30/56] Building C object CMakeFiles/tidy-static.dir/src/alloc.c.o
#20 5.666 [31/56] Building C object CMakeFiles/tidy-static.dir/src/message.c.o
#20 5.820 [32/56] Building C object CMakeFiles/tidy-share.dir/src/parser.c.o
#20 5.821 /src/tidy-html5/src/parser.c:2793:11: warning: variable 'head' set but not used [-Wunused-but-set-variable]
#20 5.821     Node *head = NULL;
#20 5.821           ^
#20 5.821 1 warning generated.
#20 5.958 [33/56] Building C object CMakeFiles/tidy-static.dir/src/fileio.c.o
#20 5.978 [34/56] Building C object CMakeFiles/tidy-static.dir/src/buffio.c.o
#20 6.103 [35/56] Building C object CMakeFiles/tidy-static.dir/src/access.c.o
#20 6.216 [36/56] Building C object CMakeFiles/tidy-static.dir/src/tagask.c.o
#20 6.293 [37/56] Building C object CMakeFiles/tidy-static.dir/src/config.c.o
#20 6.426 [38/56] Building C object CMakeFiles/tidy-static.dir/src/tmbstr.c.o
#20 6.545 [39/56] Building C object CMakeFiles/tidy-static.dir/src/mappedio.c.o
#20 6.566 [40/56] Building C object CMakeFiles/tidy-static.dir/src/utf8.c.o
#20 6.630 [41/56] Building C object CMakeFiles/tidy-static.dir/src/streamio.c.o
#20 6.648 [42/56] Building C object CMakeFiles/tidy-static.dir/src/clean.c.o
#20 6.734 [43/56] Building C object CMakeFiles/tidy-static.dir/src/gdoc.c.o
#20 6.828 [44/56] Building C object CMakeFiles/tidy-static.dir/src/sprtf.c.o
#20 6.909 [45/56] Building C object CMakeFiles/tidy-share.dir/src/pprint.c.o
#20 6.933 [46/56] Building C object CMakeFiles/tidy-static.dir/src/lexer.c.o
#20 7.098 [47/56] Building C object CMakeFiles/tidy-static.dir/src/messageobj.c.o
#20 7.102 [48/56] Building C object CMakeFiles/tidy-static.dir/src/attrdict.c.o
#20 7.105 [49/56] Linking C shared library libtidy.so
#20 7.123 [50/56] Building C object CMakeFiles/tidy-static.dir/src/language.c.o
#20 7.324 [51/56] Building C object CMakeFiles/tidy-static.dir/src/tidylib.c.o
#20 7.333 [52/56] Building C object CMakeFiles/tidy-static.dir/src/parser.c.o
#20 7.333 /src/tidy-html5/src/parser.c:2793:11: warning: variable 'head' set but not used [-Wunused-but-set-variable]
#20 7.333     Node *head = NULL;
#20 7.333           ^
#20 7.333 1 warning generated.
#20 7.821 [53/56] Building C object CMakeFiles/tidy.dir/console/tidy.c.o
#20 7.821 /src/tidy-html5/console/tidy.c:2085:10: warning: variable 'accessWarnings' set but not used [-Wunused-but-set-variable]
#20 7.821     uint accessWarnings = 0;
#20 7.821          ^
#20 7.821 1 warning generated.
#20 8.279 [54/56] Building C object CMakeFiles/tidy-static.dir/src/pprint.c.o
#20 8.298 [55/56] Linking C static library libtidy.a
#20 8.474 [56/56] Linking C executable tidy
#20 8.474 + for fuzzer in tidy_config_fuzzer tidy_fuzzer
#20 8.474 + clang -DFUZZING_BUILD_MODE_UNSAFE_FOR_PRODUCTION -pthread -Wl,--no-as-needed -Wl,-ldl -Wl,-lm -Wno-unused-command-line-argument -O3 -fsanitize-coverage=trace-pc-guard -c -I/src/tidy-html5/include /src/tidy_config_fuzzer.c -o tidy_config_fuzzer.o
#20 8.545 + clang++ -DFUZZING_BUILD_MODE_UNSAFE_FOR_PRODUCTION -pthread -Wl,--no-as-needed -Wl,-ldl -Wl,-lm -Wno-unused-command-line-argument -stdlib=libc++ -O3 -fsanitize-coverage=trace-pc-guard -std=c++11 tidy_config_fuzzer.o -o /out/tidy_config_fuzzer -lFuzzingEngine libtidys.a
#20 8.557 clang-14: error: no such file or directory: 'libtidys.a'
#20 8.560 Traceback (most recent call last):
#20 8.560   File "<string>", line 1, in <module>
#20 8.560   File "/src/fuzzers/afl/fuzzer.py", line 40, in build
#20 8.560     utils.build_benchmark()
#20 8.560   File "/src/fuzzers/utils.py", line 82, in build_benchmark
#20 8.561     subprocess.check_call(['/bin/bash', '-ex', build_script], env=env)
#20 8.561   File "/usr/local/lib/python3.8/subprocess.py", line 364, in check_call
#20 8.561     raise CalledProcessError(retcode, cmd)
#20 8.561 subprocess.CalledProcessError: Command '['/bin/bash', '-ex', '/src/build.sh']' returned non-zero exit status 1.
#20 ERROR: executor failed running [/bin/sh -c echo "Run fuzzer_build to build the target" && if [ -z "$debug_builder" ] ; then fuzzer_build; fi]: exit code: 1
------
 > importing cache manifest from gcr.io/fuzzbench/builders/afl/tidy-html5_tidy_fuzzer:
------
------
 > [stage-1 13/13] RUN echo "Run fuzzer_build to build the target" && if [ -z "$debug_builder" ] ; then fuzzer_build; fi:
------
executor failed running [/bin/sh -c echo "Run fuzzer_build to build the target" && if [ -z "$debug_builder" ] ; then fuzzer_build; fi]: exit code: 1
make: *** [docker/generated.mk:2720519: .afl-tidy-html5_tidy_fuzzer-builder] Error 1
