WARNING:root:gcloud not found in PATH.
INFO:root:Successfully integrated benchmark: nats_nats.
INFO:root:Please run "make test-run-afl-nats_nats" to test integration.
#1 [internal] load build definition from Dockerfile
#1 sha256:e5fc884a0424d9e0233bcd439f09a5dbfb1ca506c9652e07fb95affa5471396a
#1 transferring dockerfile: 32B done
#1 DONE 0.0s

#2 [internal] load .dockerignore
#2 sha256:ed57522c3a27b2b6c5e510ae3bae4ef7e84863fabdd6028c492316a38fc87799
#2 transferring context: 2B done
#2 DONE 0.0s

#3 [internal] load metadata for gcr.io/oss-fuzz-base/base-builder:latest
#3 sha256:f10dc39cc9d418a5bc416dead31a1902b6821fdae909cd3b08f7a3fd1faba7b5
#3 DONE 0.4s

#7 [internal] load build context
#7 sha256:66e0290a1e96aa1a1dc1511eb8bfd45fecdb3bc33f5bdb5daf37e2e437c74b66
#7 DONE 0.0s

#5 [1/4] FROM gcr.io/oss-fuzz-base/base-builder@sha256:77750d283f2957d1beeddda2e8f6c5604ab5f969a3616e9cac40f4261ca04c0a
#5 sha256:7999addb2cd81975cd6421c6aaef5643a901995c540a40e8df741ab4c30f6043
#5 DONE 0.0s

#4 importing cache manifest from gcr.io/fuzzbench/builders/benchmark/nats_nats
#4 sha256:63ccb32c508f0d2f1d7dbe1ca803a2de06872facc8e185b2382dda2089af01ba
#4 ERROR: gcr.io/fuzzbench/builders/benchmark/nats_nats:latest: not found

#5 [1/4] FROM gcr.io/oss-fuzz-base/base-builder@sha256:77750d283f2957d1beeddda2e8f6c5604ab5f969a3616e9cac40f4261ca04c0a
#5 sha256:7999addb2cd81975cd6421c6aaef5643a901995c540a40e8df741ab4c30f6043
#5 CACHED

#7 [internal] load build context
#7 sha256:66e0290a1e96aa1a1dc1511eb8bfd45fecdb3bc33f5bdb5daf37e2e437c74b66
#7 transferring context: 30B done
#7 DONE 0.0s

#6 [2/4] RUN go get github.com/nats-io/nats-server
#6 sha256:031a8b2298d8da88eb5ff154940af820d9aa76876d2b9407f216162dde245ae7
#6 0.358 /bin/sh: 1: go: not found
#6 ERROR: executor failed running [/bin/sh -c go get github.com/nats-io/nats-server]: exit code: 127
------
 > importing cache manifest from gcr.io/fuzzbench/builders/benchmark/nats_nats:
------
------
 > [2/4] RUN go get github.com/nats-io/nats-server:
------
executor failed running [/bin/sh -c go get github.com/nats-io/nats-server]: exit code: 127
make: *** [docker/generated.mk:44665: .nats_nats-project-builder] Error 1
/bin/sh: 1: source: not found
#1 [internal] load build definition from Dockerfile
#1 sha256:167678046ea8b2c6085e901c42e4094eac68d714d741a74fa75fab7730ea1cc2
#1 transferring dockerfile: 32B done
#1 DONE 0.0s

#2 [internal] load .dockerignore
#2 sha256:0e2b74ca353e753529cc5132648e931a3109a063f2a31c4bcf1bb1a60f75db12
#2 transferring context: 2B done
#2 DONE 0.0s

#3 [internal] load metadata for gcr.io/oss-fuzz-base/base-builder:latest
#3 sha256:f10dc39cc9d418a5bc416dead31a1902b6821fdae909cd3b08f7a3fd1faba7b5
#3 DONE 0.4s

#7 [internal] load build context
#7 sha256:30bdcd434637aadca53f224cbb043d68efe157c50136e850e92fbeb35d6ff66b
#7 DONE 0.0s

#5 [1/4] FROM gcr.io/oss-fuzz-base/base-builder@sha256:77750d283f2957d1beeddda2e8f6c5604ab5f969a3616e9cac40f4261ca04c0a
#5 sha256:7999addb2cd81975cd6421c6aaef5643a901995c540a40e8df741ab4c30f6043
#5 DONE 0.0s

#4 importing cache manifest from gcr.io/fuzzbench/builders/benchmark/nats_nats
#4 sha256:63ccb32c508f0d2f1d7dbe1ca803a2de06872facc8e185b2382dda2089af01ba
#4 ERROR: gcr.io/fuzzbench/builders/benchmark/nats_nats:latest: not found

#5 [1/4] FROM gcr.io/oss-fuzz-base/base-builder@sha256:77750d283f2957d1beeddda2e8f6c5604ab5f969a3616e9cac40f4261ca04c0a
#5 sha256:7999addb2cd81975cd6421c6aaef5643a901995c540a40e8df741ab4c30f6043
#5 CACHED

#7 [internal] load build context
#7 sha256:30bdcd434637aadca53f224cbb043d68efe157c50136e850e92fbeb35d6ff66b
#7 transferring context: 30B done
#7 DONE 0.0s

#6 [2/4] RUN go get github.com/nats-io/nats-server
#6 sha256:031a8b2298d8da88eb5ff154940af820d9aa76876d2b9407f216162dde245ae7
#6 0.328 /bin/sh: 1: go: not found
#6 ERROR: executor failed running [/bin/sh -c go get github.com/nats-io/nats-server]: exit code: 127
------
 > importing cache manifest from gcr.io/fuzzbench/builders/benchmark/nats_nats:
------
------
 > [2/4] RUN go get github.com/nats-io/nats-server:
------
executor failed running [/bin/sh -c go get github.com/nats-io/nats-server]: exit code: 127
make: *** [docker/generated.mk:44665: .nats_nats-project-builder] Error 1
