WARNING:root:gcloud not found in PATH.
INFO:root:Successfully integrated benchmark: vitess_vitess.
INFO:root:Please run "make test-run-afl-vitess_vitess" to test integration.
#1 [internal] load build definition from Dockerfile
#1 sha256:3474914e593ad9e11a1f10c8ef5d9637fc2697522ba2692dc33370e4b69c3300
#1 transferring dockerfile: 32B done
#1 DONE 0.0s

#2 [internal] load .dockerignore
#2 sha256:32fa38115145cecde1920e8a83238a812808da141b40e4b1e1e2747a74bdcdaf
#2 transferring context: 2B done
#2 DONE 0.0s

#3 [internal] load metadata for gcr.io/oss-fuzz-base/base-builder:latest
#3 sha256:f10dc39cc9d418a5bc416dead31a1902b6821fdae909cd3b08f7a3fd1faba7b5
#3 DONE 0.4s

#7 [internal] load build context
#7 sha256:15236cea7761979d5619486ef93605024a030a47822180188ec51b3c0eac6e30
#7 DONE 0.0s

#5 [1/4] FROM gcr.io/oss-fuzz-base/base-builder@sha256:f4e5ea12494fab091c5d830cf803b3421f2860f729b9d1b07da44924396cf8cf
#5 sha256:ef290950573a2779ee526af357b28fbddfc20d7409aa51f58f777c9e972cba29
#5 DONE 0.0s

#4 importing cache manifest from gcr.io/fuzzbench/builders/benchmark/vitess_vitess
#4 sha256:9840eb69b6228e4e92147dd1f0902bb2fbb2a986d48562f72b5330a707640528
#4 ERROR: gcr.io/fuzzbench/builders/benchmark/vitess_vitess:latest: not found

#5 [1/4] FROM gcr.io/oss-fuzz-base/base-builder@sha256:f4e5ea12494fab091c5d830cf803b3421f2860f729b9d1b07da44924396cf8cf
#5 sha256:ef290950573a2779ee526af357b28fbddfc20d7409aa51f58f777c9e972cba29
#5 CACHED

#7 [internal] load build context
#7 sha256:15236cea7761979d5619486ef93605024a030a47822180188ec51b3c0eac6e30
#7 transferring context: 953B done
#7 DONE 0.0s

#6 [2/4] RUN go get 	github.com/vitessio/vitess 		vitess.io/vitess/go/bytes2 		vitess.io/vitess/go/sqltypes 		vitess.io/vitess/go/vt/log 		vitess.io/vitess/go/vt/proto/query 		vitess.io/vitess/go/vt/proto/vtrpc 		vitess.io/vitess/go/vt/vterrors 		vitess.io/vitess/go/vt/vtgate/evalengine
#6 sha256:e420f5df1a2bc1c117de98d961df123c003dafb7c150555555a705ff645a5475
#6 1.111 /bin/sh: 1: go: not found
#6 ERROR: executor failed running [/bin/sh -c go get 	github.com/vitessio/vitess 		vitess.io/vitess/go/bytes2 		vitess.io/vitess/go/sqltypes 		vitess.io/vitess/go/vt/log 		vitess.io/vitess/go/vt/proto/query 		vitess.io/vitess/go/vt/proto/vtrpc 		vitess.io/vitess/go/vt/vterrors 		vitess.io/vitess/go/vt/vtgate/evalengine]: exit code: 127
------
 > importing cache manifest from gcr.io/fuzzbench/builders/benchmark/vitess_vitess:
------
------
 > [2/4] RUN go get 	github.com/vitessio/vitess 		vitess.io/vitess/go/bytes2 		vitess.io/vitess/go/sqltypes 		vitess.io/vitess/go/vt/log 		vitess.io/vitess/go/vt/proto/query 		vitess.io/vitess/go/vt/proto/vtrpc 		vitess.io/vitess/go/vt/vterrors 		vitess.io/vitess/go/vt/vtgate/evalengine:
------
executor failed running [/bin/sh -c go get 	github.com/vitessio/vitess 		vitess.io/vitess/go/bytes2 		vitess.io/vitess/go/sqltypes 		vitess.io/vitess/go/vt/log 		vitess.io/vitess/go/vt/proto/query 		vitess.io/vitess/go/vt/proto/vtrpc 		vitess.io/vitess/go/vt/vterrors 		vitess.io/vitess/go/vt/vtgate/evalengine]: exit code: 127
make: *** [docker/generated.mk:69226: .vitess_vitess-project-builder] Error 1
/bin/sh: 1: source: not found
#1 [internal] load build definition from Dockerfile
#1 sha256:2cba97b8a14460999cf6a0692056c86a997e62e33ffc2f0ae566770fb65705e7
#1 transferring dockerfile: 32B done
#1 DONE 0.0s

#2 [internal] load .dockerignore
#2 sha256:6fc5cf81d73245ac35b3dc5f0499f0d1445fec0ede89b5c5376779b67d260ecf
#2 transferring context: 2B done
#2 DONE 0.0s

#3 [internal] load metadata for gcr.io/oss-fuzz-base/base-builder:latest
#3 sha256:f10dc39cc9d418a5bc416dead31a1902b6821fdae909cd3b08f7a3fd1faba7b5
#3 DONE 0.4s

#4 [1/4] FROM gcr.io/oss-fuzz-base/base-builder@sha256:f4e5ea12494fab091c5d830cf803b3421f2860f729b9d1b07da44924396cf8cf
#4 sha256:ef290950573a2779ee526af357b28fbddfc20d7409aa51f58f777c9e972cba29
#4 DONE 0.0s

#6 [internal] load build context
#6 sha256:c83c44a93e902e739844c9ec73c1c82d76b169392d7d1e4691205820778b02ba
#6 DONE 0.0s

#9 importing cache manifest from gcr.io/fuzzbench/builders/benchmark/vitess_vitess
#9 sha256:9840eb69b6228e4e92147dd1f0902bb2fbb2a986d48562f72b5330a707640528
#9 ERROR: gcr.io/fuzzbench/builders/benchmark/vitess_vitess:latest: not found

#4 [1/4] FROM gcr.io/oss-fuzz-base/base-builder@sha256:f4e5ea12494fab091c5d830cf803b3421f2860f729b9d1b07da44924396cf8cf
#4 sha256:ef290950573a2779ee526af357b28fbddfc20d7409aa51f58f777c9e972cba29
#4 CACHED

#6 [internal] load build context
#6 sha256:c83c44a93e902e739844c9ec73c1c82d76b169392d7d1e4691205820778b02ba
#6 transferring context: 30B done
#6 DONE 0.0s

#5 [2/4] RUN go get 	github.com/vitessio/vitess 		vitess.io/vitess/go/bytes2 		vitess.io/vitess/go/sqltypes 		vitess.io/vitess/go/vt/log 		vitess.io/vitess/go/vt/proto/query 		vitess.io/vitess/go/vt/proto/vtrpc 		vitess.io/vitess/go/vt/vterrors 		vitess.io/vitess/go/vt/vtgate/evalengine
#5 sha256:e420f5df1a2bc1c117de98d961df123c003dafb7c150555555a705ff645a5475
#5 0.926 /bin/sh: 1: go: not found
#5 ERROR: executor failed running [/bin/sh -c go get 	github.com/vitessio/vitess 		vitess.io/vitess/go/bytes2 		vitess.io/vitess/go/sqltypes 		vitess.io/vitess/go/vt/log 		vitess.io/vitess/go/vt/proto/query 		vitess.io/vitess/go/vt/proto/vtrpc 		vitess.io/vitess/go/vt/vterrors 		vitess.io/vitess/go/vt/vtgate/evalengine]: exit code: 127
------
 > importing cache manifest from gcr.io/fuzzbench/builders/benchmark/vitess_vitess:
------
------
 > [2/4] RUN go get 	github.com/vitessio/vitess 		vitess.io/vitess/go/bytes2 		vitess.io/vitess/go/sqltypes 		vitess.io/vitess/go/vt/log 		vitess.io/vitess/go/vt/proto/query 		vitess.io/vitess/go/vt/proto/vtrpc 		vitess.io/vitess/go/vt/vterrors 		vitess.io/vitess/go/vt/vtgate/evalengine:
------
executor failed running [/bin/sh -c go get 	github.com/vitessio/vitess 		vitess.io/vitess/go/bytes2 		vitess.io/vitess/go/sqltypes 		vitess.io/vitess/go/vt/log 		vitess.io/vitess/go/vt/proto/query 		vitess.io/vitess/go/vt/proto/vtrpc 		vitess.io/vitess/go/vt/vterrors 		vitess.io/vitess/go/vt/vtgate/evalengine]: exit code: 127
make: *** [docker/generated.mk:69226: .vitess_vitess-project-builder] Error 1
