WARNING:root:gcloud not found in PATH.
INFO:root:Successfully integrated benchmark: bearssl_bearssl.
INFO:root:Please run "make test-run-afl-bearssl_bearssl" to test integration.
#1 [internal] load build definition from Dockerfile
#1 sha256:6fa36799d8d2817ce896db0ca1cec6e5f920797ba179869d75f512e27427e819
#1 transferring dockerfile: 1.19kB done
#1 DONE 0.0s

#2 [internal] load .dockerignore
#2 sha256:452110d836f87403872bfe295628492158bff305145e5e0272cf10953ed0ab9b
#2 transferring context: 2B done
#2 DONE 0.0s

#3 [internal] load metadata for gcr.io/oss-fuzz-base/base-builder:latest
#3 sha256:f10dc39cc9d418a5bc416dead31a1902b6821fdae909cd3b08f7a3fd1faba7b5
#3 DONE 0.4s

#12 [internal] load build context
#12 sha256:1635d9c2231ae512a3ded61577e76685641d7efef8e9375327f1c12d8c24d831
#12 DONE 0.0s

#5 [1/8] FROM gcr.io/oss-fuzz-base/base-builder@sha256:77750d283f2957d1beeddda2e8f6c5604ab5f969a3616e9cac40f4261ca04c0a
#5 sha256:7999addb2cd81975cd6421c6aaef5643a901995c540a40e8df741ab4c30f6043
#5 DONE 0.0s

#4 importing cache manifest from gcr.io/fuzzbench/builders/benchmark/bearssl_bearssl
#4 sha256:bcbfe8849d3ca461a58a38098503b4f29801c12f72b139ef46d98b6c9eb2ed79
#4 ERROR: gcr.io/fuzzbench/builders/benchmark/bearssl_bearssl:latest: not found

#5 [1/8] FROM gcr.io/oss-fuzz-base/base-builder@sha256:77750d283f2957d1beeddda2e8f6c5604ab5f969a3616e9cac40f4261ca04c0a
#5 sha256:7999addb2cd81975cd6421c6aaef5643a901995c540a40e8df741ab4c30f6043
#5 CACHED

#12 [internal] load build context
#12 sha256:1635d9c2231ae512a3ded61577e76685641d7efef8e9375327f1c12d8c24d831
#12 transferring context: 3.16kB done
#12 DONE 0.0s

#6 [2/8] RUN apt-get update && apt-get install -y make autoconf automake libtool wget python
#6 sha256:3ff0e996153af5db0e614307556327e9f69f33e4aedb544b97bacaf7a93cad4d
#6 0.522 Hit:1 http://archive.ubuntu.com/ubuntu focal InRelease
#6 0.522 Hit:2 http://ppa.launchpad.net/git-core/ppa/ubuntu focal InRelease
#6 0.523 Get:3 http://security.ubuntu.com/ubuntu focal-security InRelease [114 kB]
#6 0.526 Get:4 http://archive.ubuntu.com/ubuntu focal-updates InRelease [114 kB]
#6 0.615 Get:5 http://archive.ubuntu.com/ubuntu focal-backports InRelease [108 kB]
#6 1.056 Get:6 http://security.ubuntu.com/ubuntu focal-security/main i386 Packages [464 kB]
#6 1.141 Get:7 http://security.ubuntu.com/ubuntu focal-security/restricted amd64 Packages [961 kB]
#6 1.213 Get:8 http://security.ubuntu.com/ubuntu focal-security/universe i386 Packages [656 kB]
#6 1.256 Get:9 http://archive.ubuntu.com/ubuntu focal-updates/main i386 Packages [752 kB]
#6 1.265 Get:10 http://security.ubuntu.com/ubuntu focal-security/main amd64 Packages [1546 kB]
#6 1.410 Get:11 http://security.ubuntu.com/ubuntu focal-security/universe amd64 Packages [839 kB]
#6 1.520 Get:12 http://archive.ubuntu.com/ubuntu focal-updates/universe amd64 Packages [1133 kB]
#6 1.665 Get:13 http://archive.ubuntu.com/ubuntu focal-updates/universe i386 Packages [826 kB]
#6 1.730 Get:14 http://archive.ubuntu.com/ubuntu focal-updates/main amd64 Packages [1973 kB]
#6 2.133 Fetched 9486 kB in 2s (5916 kB/s)
#6 2.133 Reading package lists...
#6 3.793 Reading package lists...
#6 5.209 Building dependency tree...
#6 5.419 Reading state information...
#6 5.641 make is already the newest version (4.2.1-1.2).
#6 5.641 make set to manually installed.
#6 5.641 wget is already the newest version (1.20.3-1ubuntu2).
#6 5.641 The following additional packages will be installed:
#6 5.642   autotools-dev libltdl-dev libltdl7 libpython2-stdlib libpython2.7-minimal
#6 5.643   libpython2.7-stdlib libsigsegv2 m4 python2 python2-minimal python2.7
#6 5.643   python2.7-minimal
#6 5.645 Suggested packages:
#6 5.645   autoconf-archive gnu-standards autoconf-doc gettext libtool-doc gfortran
#6 5.645   | fortran95-compiler gcj-jdk m4-doc python2-doc python-tk python2.7-doc
#6 5.645   binfmt-support
#6 5.801 The following NEW packages will be installed:
#6 5.802   autoconf automake autotools-dev libltdl-dev libltdl7 libpython2-stdlib
#6 5.803   libpython2.7-minimal libpython2.7-stdlib libsigsegv2 libtool m4
#6 5.803   python-is-python2 python2 python2-minimal python2.7 python2.7-minimal
#6 5.875 0 upgraded, 16 newly installed, 0 to remove and 0 not upgraded.
#6 5.875 Need to get 5276 kB of archives.
#6 5.875 After this operation, 23.2 MB of additional disk space will be used.
#6 5.875 Get:1 http://archive.ubuntu.com/ubuntu focal-updates/universe amd64 libpython2.7-minimal amd64 2.7.18-1~20.04.1 [335 kB]
#6 6.001 Get:2 http://archive.ubuntu.com/ubuntu focal-updates/universe amd64 python2.7-minimal amd64 2.7.18-1~20.04.1 [1285 kB]
#6 6.096 Get:3 http://archive.ubuntu.com/ubuntu focal/universe amd64 python2-minimal amd64 2.7.17-2ubuntu4 [27.5 kB]
#6 6.098 Get:4 http://archive.ubuntu.com/ubuntu focal-updates/universe amd64 libpython2.7-stdlib amd64 2.7.18-1~20.04.1 [1887 kB]
#6 6.239 Get:5 http://archive.ubuntu.com/ubuntu focal-updates/universe amd64 python2.7 amd64 2.7.18-1~20.04.1 [248 kB]
#6 6.257 Get:6 http://archive.ubuntu.com/ubuntu focal/universe amd64 libpython2-stdlib amd64 2.7.17-2ubuntu4 [7072 B]
#6 6.258 Get:7 http://archive.ubuntu.com/ubuntu focal/universe amd64 python2 amd64 2.7.17-2ubuntu4 [26.5 kB]
#6 6.260 Get:8 http://archive.ubuntu.com/ubuntu focal/main amd64 libsigsegv2 amd64 2.12-2 [13.9 kB]
#6 6.261 Get:9 http://archive.ubuntu.com/ubuntu focal/main amd64 m4 amd64 1.4.18-4 [199 kB]
#6 6.276 Get:10 http://archive.ubuntu.com/ubuntu focal/main amd64 autoconf all 2.69-11.1 [321 kB]
#6 6.301 Get:11 http://archive.ubuntu.com/ubuntu focal/main amd64 autotools-dev all 20180224.1 [39.6 kB]
#6 6.304 Get:12 http://archive.ubuntu.com/ubuntu focal/main amd64 automake all 1:1.16.1-4ubuntu6 [522 kB]
#6 6.345 Get:13 http://archive.ubuntu.com/ubuntu focal/main amd64 libltdl7 amd64 2.4.6-14 [38.5 kB]
#6 6.347 Get:14 http://archive.ubuntu.com/ubuntu focal/main amd64 libltdl-dev amd64 2.4.6-14 [162 kB]
#6 6.360 Get:15 http://archive.ubuntu.com/ubuntu focal/main amd64 libtool all 2.4.6-14 [161 kB]
#6 6.373 Get:16 http://archive.ubuntu.com/ubuntu focal/universe amd64 python-is-python2 all 2.7.17-4 [2496 B]
#6 6.618 debconf: delaying package configuration, since apt-utils is not installed
#6 6.682 Fetched 5276 kB in 1s (9460 kB/s)
#6 6.741 Selecting previously unselected package libpython2.7-minimal:amd64.
#6 6.741 (Reading database ... (Reading database ... 5%(Reading database ... 10%(Reading database ... 15%(Reading database ... 20%(Reading database ... 25%(Reading database ... 30%(Reading database ... 35%(Reading database ... 40%(Reading database ... 45%(Reading database ... 50%(Reading database ... 55%(Reading database ... 60%(Reading database ... 65%(Reading database ... 70%(Reading database ... 75%(Reading database ... 80%(Reading database ... 85%(Reading database ... 90%(Reading database ... 95%(Reading database ... 100%(Reading database ... 21291 files and directories currently installed.)
#6 6.779 Preparing to unpack .../0-libpython2.7-minimal_2.7.18-1~20.04.1_amd64.deb ...
#6 6.794 Unpacking libpython2.7-minimal:amd64 (2.7.18-1~20.04.1) ...
#6 6.935 Selecting previously unselected package python2.7-minimal.
#6 6.938 Preparing to unpack .../1-python2.7-minimal_2.7.18-1~20.04.1_amd64.deb ...
#6 6.947 Unpacking python2.7-minimal (2.7.18-1~20.04.1) ...
#6 7.176 Selecting previously unselected package python2-minimal.
#6 7.179 Preparing to unpack .../2-python2-minimal_2.7.17-2ubuntu4_amd64.deb ...
#6 7.202 Unpacking python2-minimal (2.7.17-2ubuntu4) ...
#6 7.307 Selecting previously unselected package libpython2.7-stdlib:amd64.
#6 7.310 Preparing to unpack .../3-libpython2.7-stdlib_2.7.18-1~20.04.1_amd64.deb ...
#6 7.318 Unpacking libpython2.7-stdlib:amd64 (2.7.18-1~20.04.1) ...
#6 7.588 Selecting previously unselected package python2.7.
#6 7.591 Preparing to unpack .../4-python2.7_2.7.18-1~20.04.1_amd64.deb ...
#6 7.601 Unpacking python2.7 (2.7.18-1~20.04.1) ...
#6 7.688 Selecting previously unselected package libpython2-stdlib:amd64.
#6 7.690 Preparing to unpack .../5-libpython2-stdlib_2.7.17-2ubuntu4_amd64.deb ...
#6 7.697 Unpacking libpython2-stdlib:amd64 (2.7.17-2ubuntu4) ...
#6 7.784 Setting up libpython2.7-minimal:amd64 (2.7.18-1~20.04.1) ...
#6 7.866 Setting up python2.7-minimal (2.7.18-1~20.04.1) ...
#6 8.275 Setting up python2-minimal (2.7.17-2ubuntu4) ...
#6 8.421 Selecting previously unselected package python2.
#6 8.421 (Reading database ... (Reading database ... 5%(Reading database ... 10%(Reading database ... 15%(Reading database ... 20%(Reading database ... 25%(Reading database ... 30%(Reading database ... 35%(Reading database ... 40%(Reading database ... 45%(Reading database ... 50%(Reading database ... 55%(Reading database ... 60%(Reading database ... 65%(Reading database ... 70%(Reading database ... 75%(Reading database ... 80%(Reading database ... 85%(Reading database ... 90%(Reading database ... 95%(Reading database ... 100%(Reading database ... 22038 files and directories currently installed.)
#6 8.439 Preparing to unpack .../0-python2_2.7.17-2ubuntu4_amd64.deb ...
#6 8.453 Unpacking python2 (2.7.17-2ubuntu4) ...
#6 8.529 Selecting previously unselected package libsigsegv2:amd64.
#6 8.532 Preparing to unpack .../1-libsigsegv2_2.12-2_amd64.deb ...
#6 8.542 Unpacking libsigsegv2:amd64 (2.12-2) ...
#6 8.593 Selecting previously unselected package m4.
#6 8.596 Preparing to unpack .../2-m4_1.4.18-4_amd64.deb ...
#6 8.602 Unpacking m4 (1.4.18-4) ...
#6 8.688 Selecting previously unselected package autoconf.
#6 8.691 Preparing to unpack .../3-autoconf_2.69-11.1_all.deb ...
#6 8.702 Unpacking autoconf (2.69-11.1) ...
#6 8.798 Selecting previously unselected package autotools-dev.
#6 8.801 Preparing to unpack .../4-autotools-dev_20180224.1_all.deb ...
#6 8.806 Unpacking autotools-dev (20180224.1) ...
#6 8.858 Selecting previously unselected package automake.
#6 8.862 Preparing to unpack .../5-automake_1%3a1.16.1-4ubuntu6_all.deb ...
#6 8.868 Unpacking automake (1:1.16.1-4ubuntu6) ...
#6 8.971 Selecting previously unselected package libltdl7:amd64.
#6 8.975 Preparing to unpack .../6-libltdl7_2.4.6-14_amd64.deb ...
#6 8.978 Unpacking libltdl7:amd64 (2.4.6-14) ...
#6 9.016 Selecting previously unselected package libltdl-dev:amd64.
#6 9.019 Preparing to unpack .../7-libltdl-dev_2.4.6-14_amd64.deb ...
#6 9.023 Unpacking libltdl-dev:amd64 (2.4.6-14) ...
#6 9.092 Selecting previously unselected package libtool.
#6 9.095 Preparing to unpack .../8-libtool_2.4.6-14_all.deb ...
#6 9.101 Unpacking libtool (2.4.6-14) ...
#6 9.167 Selecting previously unselected package python-is-python2.
#6 9.170 Preparing to unpack .../9-python-is-python2_2.7.17-4_all.deb ...
#6 9.175 Unpacking python-is-python2 (2.7.17-4) ...
#6 9.226 Setting up libpython2.7-stdlib:amd64 (2.7.18-1~20.04.1) ...
#6 9.241 Setting up autotools-dev (20180224.1) ...
#6 9.257 Setting up libsigsegv2:amd64 (2.12-2) ...
#6 9.274 Setting up libltdl7:amd64 (2.4.6-14) ...
#6 9.290 Setting up python2.7 (2.7.18-1~20.04.1) ...
#6 10.77 Setting up libtool (2.4.6-14) ...
#6 10.82 Setting up libpython2-stdlib:amd64 (2.7.17-2ubuntu4) ...
#6 10.89 Setting up m4 (1.4.18-4) ...
#6 10.93 Setting up python2 (2.7.17-2ubuntu4) ...
#6 10.94 Setting up autoconf (2.69-11.1) ...
#6 10.97 Setting up python-is-python2 (2.7.17-4) ...
#6 10.98 Setting up automake (1:1.16.1-4ubuntu6) ...
#6 11.00 update-alternatives: using /usr/bin/automake-1.16 to provide /usr/bin/automake (automake) in auto mode
#6 11.00 update-alternatives: warning: skip creation of /usr/share/man/man1/automake.1.gz because associated file /usr/share/man/man1/automake-1.16.1.gz (of link group automake) doesn't exist
#6 11.00 update-alternatives: warning: skip creation of /usr/share/man/man1/aclocal.1.gz because associated file /usr/share/man/man1/aclocal-1.16.1.gz (of link group automake) doesn't exist
#6 11.01 Setting up libltdl-dev:amd64 (2.4.6-14) ...
#6 11.03 Processing triggers for libc-bin (2.31-0ubuntu9.2) ...
#6 11.12 Processing triggers for mime-support (3.64ubuntu1) ...
#6 DONE 11.5s

#7 [3/8] RUN git clone --depth 1 https://www.bearssl.org/git/BearSSL
#7 sha256:ac037abe3fa2729203adc90f2c187da35ec55f0eb1f27735af81025ded6ff2e1
#7 0.439 Cloning into 'BearSSL'...
#7 DONE 2.1s

#8 [4/8] RUN git clone --depth 1 https://github.com/randombit/botan.git
#8 sha256:7ef403732505edd26f44cbeba13256123e866c377a78380be5e81ac7ea329a8e
#8 0.441 Cloning into 'botan'...
#8 DONE 3.6s

#9 [5/8] RUN git clone --depth 1 https://github.com/guidovranken/cryptofuzz
#9 sha256:1ef0c709c513c8dd06f7a4b6a7b1f4c87997021bdfb536e0a234b3459c8c4f70
#9 0.565 Cloning into 'cryptofuzz'...
#9 DONE 2.7s

#10 [6/8] RUN git clone --depth 1 https://github.com/guidovranken/cryptofuzz-corpora
#10 sha256:814b8fa5cedab55d93db7b148cffa3a26cc03ae20aeddc0f5c871109576199bc
#10 0.460 Cloning into 'cryptofuzz-corpora'...
#10 DONE 3.1s

#11 [7/8] RUN wget https://dl.bintray.com/boostorg/release/1.74.0/source/boost_1_74_0.tar.bz2
#11 sha256:11e701cc4c0d2c05ece26d0ac64861c9c07d0e7685027d02868ca219301daa6b
#11 0.442 --2022-02-10 20:48:12--  https://dl.bintray.com/boostorg/release/1.74.0/source/boost_1_74_0.tar.bz2
#11 0.445 Resolving dl.bintray.com (dl.bintray.com)... 54.189.239.169, 34.211.215.209
#11 0.459 Connecting to dl.bintray.com (dl.bintray.com)|54.189.239.169|:443... connected.
#11 1.014 HTTP request sent, awaiting response... 502 Bad Gateway
#11 1.196 2022-02-10 20:48:13 ERROR 502: Bad Gateway.
#11 1.196 
#11 ERROR: executor failed running [/bin/sh -c wget https://dl.bintray.com/boostorg/release/1.74.0/source/boost_1_74_0.tar.bz2]: exit code: 8
------
 > importing cache manifest from gcr.io/fuzzbench/builders/benchmark/bearssl_bearssl:
------
------
 > [7/8] RUN wget https://dl.bintray.com/boostorg/release/1.74.0/source/boost_1_74_0.tar.bz2:
------
executor failed running [/bin/sh -c wget https://dl.bintray.com/boostorg/release/1.74.0/source/boost_1_74_0.tar.bz2]: exit code: 8
make: *** [docker/generated.mk:3839: .bearssl_bearssl-project-builder] Error 1
/bin/sh: 1: source: not found
#1 [internal] load build definition from Dockerfile
#1 sha256:5f72226c69e02ca06f168de942b4335f32673207015fd54e6fb9af0e4fda79d4
#1 transferring dockerfile: 32B done
#1 DONE 0.0s

#2 [internal] load .dockerignore
#2 sha256:01284b17fd93a0ebb1ba9e322bb727586821d799b9f51305adfadc01212180c9
#2 transferring context: 2B done
#2 DONE 0.0s

#3 [internal] load metadata for gcr.io/oss-fuzz-base/base-builder:latest
#3 sha256:f10dc39cc9d418a5bc416dead31a1902b6821fdae909cd3b08f7a3fd1faba7b5
#3 DONE 0.3s

#12 [internal] load build context
#12 sha256:85c9508a4c05185c02545f4a513b68ac483c5c58123594e2b7a6fa4bf7f5213a
#12 DONE 0.0s

#5 [1/8] FROM gcr.io/oss-fuzz-base/base-builder@sha256:77750d283f2957d1beeddda2e8f6c5604ab5f969a3616e9cac40f4261ca04c0a
#5 sha256:7999addb2cd81975cd6421c6aaef5643a901995c540a40e8df741ab4c30f6043
#5 DONE 0.0s

#4 importing cache manifest from gcr.io/fuzzbench/builders/benchmark/bearssl_bearssl
#4 sha256:bcbfe8849d3ca461a58a38098503b4f29801c12f72b139ef46d98b6c9eb2ed79
#4 ERROR: gcr.io/fuzzbench/builders/benchmark/bearssl_bearssl:latest: not found

#6 [2/8] RUN apt-get update && apt-get install -y make autoconf automake libtool wget python
#6 sha256:3ff0e996153af5db0e614307556327e9f69f33e4aedb544b97bacaf7a93cad4d
#6 CACHED

#7 [3/8] RUN git clone --depth 1 https://www.bearssl.org/git/BearSSL
#7 sha256:ac037abe3fa2729203adc90f2c187da35ec55f0eb1f27735af81025ded6ff2e1
#7 CACHED

#8 [4/8] RUN git clone --depth 1 https://github.com/randombit/botan.git
#8 sha256:7ef403732505edd26f44cbeba13256123e866c377a78380be5e81ac7ea329a8e
#8 CACHED

#9 [5/8] RUN git clone --depth 1 https://github.com/guidovranken/cryptofuzz
#9 sha256:1ef0c709c513c8dd06f7a4b6a7b1f4c87997021bdfb536e0a234b3459c8c4f70
#9 CACHED

#10 [6/8] RUN git clone --depth 1 https://github.com/guidovranken/cryptofuzz-corpora
#10 sha256:814b8fa5cedab55d93db7b148cffa3a26cc03ae20aeddc0f5c871109576199bc
#10 CACHED

#12 [internal] load build context
#12 sha256:85c9508a4c05185c02545f4a513b68ac483c5c58123594e2b7a6fa4bf7f5213a
#12 transferring context: 30B done
#12 DONE 0.0s

#11 [7/8] RUN wget https://dl.bintray.com/boostorg/release/1.74.0/source/boost_1_74_0.tar.bz2
#11 sha256:11e701cc4c0d2c05ece26d0ac64861c9c07d0e7685027d02868ca219301daa6b
#11 0.342 --2022-02-10 20:48:16--  https://dl.bintray.com/boostorg/release/1.74.0/source/boost_1_74_0.tar.bz2
#11 0.343 Resolving dl.bintray.com (dl.bintray.com)... 54.189.239.169, 34.211.215.209
#11 0.345 Connecting to dl.bintray.com (dl.bintray.com)|54.189.239.169|:443... connected.
#11 0.924 HTTP request sent, awaiting response... 502 Bad Gateway
#11 1.103 2022-02-10 20:48:17 ERROR 502: Bad Gateway.
#11 1.103 
#11 ERROR: executor failed running [/bin/sh -c wget https://dl.bintray.com/boostorg/release/1.74.0/source/boost_1_74_0.tar.bz2]: exit code: 8
------
 > importing cache manifest from gcr.io/fuzzbench/builders/benchmark/bearssl_bearssl:
------
------
 > [7/8] RUN wget https://dl.bintray.com/boostorg/release/1.74.0/source/boost_1_74_0.tar.bz2:
------
executor failed running [/bin/sh -c wget https://dl.bintray.com/boostorg/release/1.74.0/source/boost_1_74_0.tar.bz2]: exit code: 8
make: *** [docker/generated.mk:3839: .bearssl_bearssl-project-builder] Error 1
