WARNING:root:gcloud not found in PATH.
INFO:root:Successfully integrated benchmark: opencv_imencode_fuzzer.
INFO:root:Please run "make test-run-afl-opencv_imencode_fuzzer" to test integration.
#1 [internal] load build definition from Dockerfile
#1 sha256:50c41aed3387cebcce6f11cb665d43809da78328601be80a6a4883edc54f60d8
#1 transferring dockerfile: 32B done
#1 DONE 0.2s

#2 [internal] load .dockerignore
#2 sha256:a1587b0f31d4dbb8e1731bc89c2f3bfa0ea37a7d963d433e6bcc62f0f95996a5
#2 transferring context: 2B done
#2 DONE 0.1s

#3 [internal] load metadata for gcr.io/oss-fuzz-base/base-builder:latest
#3 sha256:f10dc39cc9d418a5bc416dead31a1902b6821fdae909cd3b08f7a3fd1faba7b5
#3 DONE 0.5s

#5 [1/6] FROM gcr.io/oss-fuzz-base/base-builder@sha256:112044a9815d235113677d459cf2ece740a51f2b85081c8f66943dcdc72ddf7f
#5 sha256:4aee4bf9f7280ac8b7f02b8d29e6e084dd034d2c294b4e3e05d8ce7048a1450f
#5 DONE 0.0s

#9 [internal] load build context
#9 sha256:eaad236640bc06c2ab1d697ba6c0040135e2bd9588f78006dc97687b9a3b255b
#9 DONE 0.0s

#4 importing cache manifest from gcr.io/fuzzbench/builders/benchmark/opencv_imencode_fuzzer
#4 sha256:8909e5ce8b7a6420d7b581b9011c59a79de5e0c7d8952291e8bf7e63cd5302a6
#4 ERROR: gcr.io/fuzzbench/builders/benchmark/opencv_imencode_fuzzer:latest: not found

#9 [internal] load build context
#9 sha256:eaad236640bc06c2ab1d697ba6c0040135e2bd9588f78006dc97687b9a3b255b
#9 transferring context: 2.18kB done
#9 DONE 0.0s

#6 [2/6] RUN apt-get update && apt-get install -y build-essential cmake pkg-config
#6 sha256:5b4cdd543f7676d762d91b87c637b12e81d197a5de05812a3f0a2dc7aead2436
#6 CACHED

#7 [3/6] RUN git clone --depth 1 https://github.com/opencv/opencv.git opencv
#7 sha256:59a9fb61118231e7c2a207bca2277cafcfad95bb7e22f5ee768b2c0e041e7f83
#7 CACHED

#8 [4/6] WORKDIR opencv/
#8 sha256:fda6c4b7e211bdd8ec1ae001cbb40929be694af912454da7105b1ff5a7d1ef7e
#8 CACHED

#10 [5/6] COPY build.sh /src/
#10 sha256:a25b8ee09cd0adf7e57e9b671073a045e3f147a868695e4101d7a948770bd3a5
#10 CACHED

#11 [6/6] COPY *.cc *.h /src/
#11 sha256:3c1d8d94c4d11cbac4aa01333bce6fb474ee84c2b28d04b36bd5ce439a25a260
#11 CACHED

#12 exporting to image
#12 sha256:e8c613e07b0b7ff33893b694f7759a10d42e180f2b4dc349fb57dc6b71dcab00
#12 exporting layers done
#12 writing image sha256:8a497c7e790611b7a92bb9829260fb3a936252ecb7d9088bba013e8d2b52277b
#12 writing image sha256:8a497c7e790611b7a92bb9829260fb3a936252ecb7d9088bba013e8d2b52277b done
#12 naming to gcr.io/fuzzbench/builders/benchmark/opencv_imencode_fuzzer done
#12 DONE 0.1s

#13 exporting cache
#13 sha256:2700d4ef94dee473593c5c614b55b2dedcca7893909811a8f2b48291a1f581e4
#13 preparing build cache for export done
#13 DONE 0.0s
------
 > importing cache manifest from gcr.io/fuzzbench/builders/benchmark/opencv_imencode_fuzzer:
------
#1 [internal] load build definition from builder.Dockerfile
#1 sha256:14fe184ca5cc90a7ec6cf24363f91c452b6c040d0e0a725260338a1502b8f80f
#1 transferring dockerfile: 46B done
#1 DONE 0.0s

#2 [internal] load .dockerignore
#2 sha256:5d9b321af3ad9067995a327b091309a01e003b581dc678e3acaed34b0233a71a
#2 transferring context: 2B done
#2 DONE 0.0s

#3 [internal] load metadata for gcr.io/fuzzbench/builders/benchmark/opencv_imencode_fuzzer:latest
#3 sha256:9dc78bea2eb08968a6bee9025ee494d9949aad645d066b5af66b22b6f1dfafa1
#3 DONE 0.0s

#4 [1/3] FROM gcr.io/fuzzbench/builders/benchmark/opencv_imencode_fuzzer
#4 sha256:485870fd83ac5d135484aa1ed9e70ef99a0f61b1457868a1a558dc84d7aa5faf
#4 DONE 0.0s

#7 importing cache manifest from gcr.io/fuzzbench/builders/afl/opencv_imencode_fuzzer-intermediate
#7 sha256:822c9d86dbeff47b14d169912a9c896fe2947703fd4c9ecc380f7aa0d89d5af4
#7 ERROR: gcr.io/fuzzbench/builders/afl/opencv_imencode_fuzzer-intermediate:latest: not found

#5 [2/3] RUN git clone https://github.com/google/AFL.git /afl &&     cd /afl &&     git checkout 61037103ae3722c8060ff7082994836a794f978e &&     AFL_NO_X86=1 make
#5 sha256:d8b7f906e2c5a0f5c662411ec4ddb7bd4bb4ac7c36e792b3ae9001a21770aa6b
#5 CACHED

#6 [3/3] RUN apt-get update &&     apt-get install wget -y &&     wget https://raw.githubusercontent.com/llvm/llvm-project/5feb80e748924606531ba28c97fe65145c65372e/compiler-rt/lib/fuzzer/afl/afl_driver.cpp -O /afl/afl_driver.cpp &&     clang -Wno-pointer-sign -c /afl/llvm_mode/afl-llvm-rt.o.c -I/afl &&     clang++ -stdlib=libc++ -std=c++11 -O2 -c /afl/afl_driver.cpp &&     ar r /libAFL.a *.o
#6 sha256:139aafe6332de5c94be28097bdf051fc20d4392b7a7134067d3809a04f04ec6e
#6 CACHED

#8 exporting to image
#8 sha256:e8c613e07b0b7ff33893b694f7759a10d42e180f2b4dc349fb57dc6b71dcab00
#8 exporting layers done
#8 writing image sha256:abe2b32671846efe952468466ad42dff64a887ab71f481b7118d3c0190ecbd7a done
#8 naming to gcr.io/fuzzbench/builders/afl/opencv_imencode_fuzzer-intermediate done
#8 DONE 0.1s

#9 exporting cache
#9 sha256:2700d4ef94dee473593c5c614b55b2dedcca7893909811a8f2b48291a1f581e4
#9 preparing build cache for export done
#9 DONE 0.0s
------
 > importing cache manifest from gcr.io/fuzzbench/builders/afl/opencv_imencode_fuzzer-intermediate:
------
#1 [internal] load build definition from Dockerfile
#1 sha256:75069bb0d08fa336de2f05187e670343d6123e5b9bdae6a98e35b7a43a8ead91
#1 transferring dockerfile: 2.00kB 0.0s done
#1 DONE 0.1s

#2 [internal] load .dockerignore
#2 sha256:d5b48718772808b14b347bca1f982670d28638a2be9fbf6e4b1a764ca7de4b14
#2 transferring context: 34B 0.0s done
#2 DONE 0.0s

#3 [internal] load metadata for docker.io/library/ubuntu:xenial
#3 sha256:f62bae18ed588840f045c881b2502661f2a89578a2f8f99b83f5200ee83dd25b
#3 DONE 0.0s

#12 importing cache manifest from gcr.io/fuzzbench/base-image
#12 sha256:9b220ebb4d4daceed1b96df9b6dca076e762f1cd612574f010b82d5b9e5ad896
#12 DONE 0.0s

#4 [1/7] FROM docker.io/library/ubuntu:xenial
#4 sha256:14dd403f25ae9e519bd44f27dc17af7ce80f5a4f9f48ca88108364e67ec5d360
#4 DONE 0.0s

#7 [internal] load build context
#7 sha256:8cd608c0844f431febc3bda42aab2193128aa791c4db4ab19e36d194304ca48c
#7 transferring context: 559B 0.1s done
#7 DONE 0.1s

#9 [5/7] RUN pip3 install -r /requirements.txt
#9 sha256:07419cee46f07fef9048568d6c0623052a325a4c604fc9fafa0ef1b31443f3a6
#9 CACHED

#10 [6/7] RUN apt-get update -y && apt-get install -y     apt-transport-https     lsb-release
#10 sha256:a28bd2f722692abfa31cf1be8a707a916e9fcbadbac08241ca6f24872189d282
#10 CACHED

#5 [2/7] RUN apt-get update -y && apt-get install -y     build-essential     rsync     curl     zlib1g-dev     libncurses5-dev     libgdbm-dev     libnss3-dev     libssl-dev     libreadline-dev     libffi-dev     virtualenv     libbz2-dev     liblzma-dev     libsqlite3-dev
#5 sha256:3a1b0960f17eed529eaae93dc8fd3554f2743dd584d8fa569cdbe6bc734371ac
#5 CACHED

#6 [3/7] RUN cd /tmp/ &&     curl -O https://www.python.org/ftp/python/3.8.6/Python-3.8.6.tar.xz &&     tar -xvf Python-3.8.6.tar.xz &&     cd Python-3.8.6 &&     ./configure --enable-loadable-sqlite-extensions --enable-optimizations &&     make -j install &&     rm -r /tmp/Python-3.8.6.tar.xz /tmp/Python-3.8.6
#6 sha256:c5b9d1fb3371e84dbc60b76e7b2f8d5913bc93bcd4910ab65daa03e7b2ec4bb0
#6 CACHED

#8 [4/7] COPY ./requirements.txt /
#8 sha256:e4f79398f5f192cfddc912e5ae29b9c8eb2453067f2ddf2ccf88ad2182b80d20
#8 CACHED

#11 [7/7] RUN CLOUD_SDK_REPO="cloud-sdk-$(lsb_release -c -s)" &&     echo "deb https://packages.cloud.google.com/apt $CLOUD_SDK_REPO main"     | tee -a /etc/apt/sources.list.d/google-cloud-sdk.list &&     curl https://packages.cloud.google.com/apt/doc/apt-key.gpg     | apt-key add - &&     apt-get update -y &&     apt-get install -y google-cloud-sdk
#11 sha256:561a1ff3f7e70f55b4a4cf0a512f9779cd6a8a60559a9ba2494feb76bcb3d6f9
#11 CACHED

#13 exporting to image
#13 sha256:e8c613e07b0b7ff33893b694f7759a10d42e180f2b4dc349fb57dc6b71dcab00
#13 exporting layers done
#13 writing image sha256:55e5825902805b10e1ba0cd27e4af0d82c25f9e225d6218342d4b6474bd3ddae done
#13 naming to gcr.io/fuzzbench/base-image done
#13 DONE 0.0s

#14 exporting cache
#14 sha256:2700d4ef94dee473593c5c614b55b2dedcca7893909811a8f2b48291a1f581e4
#14 preparing build cache for export done
#14 DONE 0.0s
#1 [internal] load build definition from Dockerfile
#1 sha256:e662bdd445a06f0ad1897405cc71fae975453544b3134c257b20f0cdad2c18b5
#1 transferring dockerfile: 2.22kB done
#1 DONE 0.1s

#2 [internal] load .dockerignore
#2 sha256:c4028d0bdbcc300ce2d3e752806830486412a0e53e37b590a16dd9dddbc70a23
#2 transferring context: 34B done
#2 DONE 0.0s

#7 [base-image 1/1] FROM gcr.io/fuzzbench/base-image
#7 sha256:4d07825694520f8b6f6a0d8592dbd345433361ae044cb7f06706c5a95e3daaad
#7 DONE 1.0s

#6 [stage-1  1/13] FROM gcr.io/fuzzbench/builders/afl/opencv_imencode_fuzzer-intermediate
#6 sha256:2381069809cdb57264e3a7391a92a4626db3804caf56c15b302670fd4647bc01
#6 DONE 0.0s

#4 [internal] load metadata for gcr.io/fuzzbench/base-image:latest
#4 sha256:932022888f650cc455b10eb5123bb08c0cccacac29a693e69314abbfd28a72c3
#4 DONE 0.0s

#3 [internal] load metadata for gcr.io/fuzzbench/builders/afl/opencv_imencode_fuzzer-intermediate:latest
#3 sha256:5fbdc8709e1cec3b80a2fa01cbddab56a0738d67e1a577b67f8967eb175c02e4
#3 DONE 0.0s

#12 [internal] load build context
#12 sha256:5460799de71211281e0c33d1dafac8b22c5e8cb88ff0be66f0d5e3fd1afb6d68
#12 DONE 0.0s

#5 importing cache manifest from gcr.io/fuzzbench/builders/afl/opencv_imencode_fuzzer
#5 sha256:3f165a30e8821a3d5bdf146bc2a9d292dd174973b1fafadbd7282920b41f745d
#5 ERROR: gcr.io/fuzzbench/builders/afl/opencv_imencode_fuzzer:latest: not found

#12 [internal] load build context
#12 sha256:5460799de71211281e0c33d1dafac8b22c5e8cb88ff0be66f0d5e3fd1afb6d68
#12 transferring context: 669.89kB 1.0s done
#12 DONE 1.0s

#8 [stage-1  2/13] COPY --from=base-image /usr/local/bin/python3* /usr/local/bin/
#8 sha256:e938ba20cfe1e1d501fbc23aac6c43c6468de069d6dd68b757b93aaa78d67960
#8 CACHED

#9 [stage-1  3/13] COPY --from=base-image /usr/local/lib/python3.8 /usr/local/lib/python3.8
#9 sha256:9564e97b767db8190ef6f8b9327f1da9aacefb8b8d0266445ffd3fa33a682a26
#9 CACHED

#10 [stage-1  4/13] COPY --from=base-image /usr/local/include/python3.8 /usr/local/include/python3.8
#10 sha256:cd528ecf18fac8e9fe58e3ec4729801f6e96bf32c21de68988a74310138bfd72
#10 CACHED

#11 [stage-1  5/13] COPY --from=base-image /usr/local/lib/python3.8/site-packages /usr/local/lib/python3.8/site-packages
#11 sha256:175d88e01b58cf2503cca02d05548e08f600337be840e9076acea665e9c36971
#11 CACHED

#13 [stage-1  6/13] COPY fuzzers /src/fuzzers
#13 sha256:eebfefe91c432bb4bf976bea0a678dcf4375965f4f2a8c6cbb3770a2aaa29d62
#13 CACHED

#14 [stage-1  7/13] RUN touch /src/__init__.py
#14 sha256:59e487f1b8acb2b68365d608629ac5a83f2c2ab47d2a016fe1c03314da67a39e
#14 DONE 1.3s

#15 [stage-1  8/13] COPY benchmarks/opencv_imencode_fuzzer/benchmark.yaml /
#15 sha256:e7ceec1b5e7271c57bc3a9f3d3f70e581e8619ddd00803cd656fb3ea615b5d48
#15 DONE 0.2s

#16 [stage-1  9/13] RUN mkdir /opt/fuzzbench/
#16 sha256:a196c39fa6fdab46357ffb54227f3ac32d7a02dd4e798bd56a9a2e86f7d7ac48
#16 DONE 1.2s

#17 [stage-1 10/13] COPY docker/benchmark-builder/checkout_commit.py /opt/fuzzbench/
#17 sha256:2dbe45e18877b13a8b6b838ccffcec673f8b5a7875d33ac24f521730d0eaf109
#17 DONE 0.2s

#18 [stage-1 11/13] RUN export CHECKOUT_COMMIT=$(cat /benchmark.yaml | tr -d ' ' | grep 'commit:' | cut -d ':' -f2) &&     python3 -u /opt/fuzzbench/checkout_commit.py $CHECKOUT_COMMIT /src
#18 sha256:097ddd35f1663ae3df26951e8aebd70661f9658a5c4f33a180e5aa7bc6bae4ad
#18 1.178 Checking out commit b27c51de
#18 139.9 From https://github.com/opencv/opencv
#18 139.9  * [new tag]               2.2                  -> 2.2
#18 139.9  * [new tag]               2.4.0                -> 2.4.0
#18 139.9  * [new tag]               2.4.1                -> 2.4.1
#18 139.9  * [new tag]               2.4.10               -> 2.4.10
#18 139.9  * [new tag]               2.4.10.1             -> 2.4.10.1
#18 139.9  * [new tag]               2.4.10.2             -> 2.4.10.2
#18 139.9  * [new tag]               2.4.10.3             -> 2.4.10.3
#18 139.9  * [new tag]               2.4.10.4             -> 2.4.10.4
#18 139.9  * [new tag]               2.4.11               -> 2.4.11
#18 139.9  * [new tag]               2.4.12               -> 2.4.12
#18 139.9  * [new tag]               2.4.12.1             -> 2.4.12.1
#18 139.9  * [new tag]               2.4.12.2             -> 2.4.12.2
#18 139.9  * [new tag]               2.4.12.3             -> 2.4.12.3
#18 139.9  * [new tag]               2.4.13               -> 2.4.13
#18 139.9  * [new tag]               2.4.13.1             -> 2.4.13.1
#18 139.9  * [new tag]               2.4.2                -> 2.4.2
#18 139.9  * [new tag]               2.4.3                -> 2.4.3
#18 139.9  * [new tag]               2.4.3-rc             -> 2.4.3-rc
#18 139.9  * [new tag]               2.4.3.1              -> 2.4.3.1
#18 139.9  * [new tag]               2.4.3.2              -> 2.4.3.2
#18 139.9  * [new tag]               2.4.4                -> 2.4.4
#18 139.9  * [new tag]               2.4.4-beta           -> 2.4.4-beta
#18 139.9  * [new tag]               2.4.5                -> 2.4.5
#18 139.9  * [new tag]               2.4.6                -> 2.4.6
#18 139.9  * [new tag]               2.4.6.1              -> 2.4.6.1
#18 139.9  * [new tag]               2.4.6.2              -> 2.4.6.2
#18 139.9  * [new tag]               2.4.6.2-rc1          -> 2.4.6.2-rc1
#18 139.9  * [new tag]               2.4.7                -> 2.4.7
#18 139.9  * [new tag]               2.4.7-rc1            -> 2.4.7-rc1
#18 139.9  * [new tag]               2.4.7.1              -> 2.4.7.1
#18 139.9  * [new tag]               2.4.7.2              -> 2.4.7.2
#18 139.9  * [new tag]               2.4.8                -> 2.4.8
#18 139.9  * [new tag]               2.4.8.1              -> 2.4.8.1
#18 139.9  * [new tag]               2.4.8.2              -> 2.4.8.2
#18 139.9  * [new tag]               2.4.8.3              -> 2.4.8.3
#18 139.9  * [new tag]               2.4.9                -> 2.4.9
#18 139.9  * [new tag]               2.4.9.1              -> 2.4.9.1
#18 139.9  * [new tag]               3.0-ocl-tech-preview -> 3.0-ocl-tech-preview
#18 139.9  * [new tag]               3.0-ocl-tp2          -> 3.0-ocl-tp2
#18 139.9  * [new tag]               3.0.0                -> 3.0.0
#18 139.9  * [new tag]               3.0.0-alpha          -> 3.0.0-alpha
#18 139.9  * [new tag]               3.0.0-beta           -> 3.0.0-beta
#18 139.9  * [new tag]               3.0.0-rc1            -> 3.0.0-rc1
#18 139.9  * [new tag]               3.1.0                -> 3.1.0
#18 139.9  * [new tag]               3.2.0                -> 3.2.0
#18 139.9  * [new tag]               3.2.0-rc             -> 3.2.0-rc
#18 139.9  * [new tag]               3.3.0                -> 3.3.0
#18 139.9  * [new tag]               3.3.0-cvsdk          -> 3.3.0-cvsdk
#18 139.9  * [new tag]               3.3.0-rc             -> 3.3.0-rc
#18 139.9  * [new tag]               3.3.1                -> 3.3.1
#18 139.9  * [new tag]               3.3.1-cvsdk          -> 3.3.1-cvsdk
#18 139.9  * [new tag]               3.4.0                -> 3.4.0
#18 139.9  * [new tag]               3.4.0-rc             -> 3.4.0-rc
#18 139.9  * [new tag]               3.4.1                -> 3.4.1
#18 139.9  * [new tag]               3.4.1-cvsdk          -> 3.4.1-cvsdk
#18 139.9  * [new tag]               3.4.10               -> 3.4.10
#18 139.9  * [new tag]               3.4.11               -> 3.4.11
#18 139.9  * [new tag]               3.4.12               -> 3.4.12
#18 139.9  * [new tag]               3.4.13               -> 3.4.13
#18 139.9  * [new tag]               3.4.14               -> 3.4.14
#18 139.9  * [new tag]               3.4.15               -> 3.4.15
#18 139.9  * [new tag]               3.4.16               -> 3.4.16
#18 139.9  * [new tag]               3.4.17               -> 3.4.17
#18 139.9  * [new tag]               3.4.2                -> 3.4.2
#18 139.9  * [new tag]               3.4.2-openvino       -> 3.4.2-openvino
#18 139.9  * [new tag]               3.4.3                -> 3.4.3
#18 139.9  * [new tag]               3.4.3-openvino       -> 3.4.3-openvino
#18 139.9  * [new tag]               3.4.4                -> 3.4.4
#18 139.9  * [new tag]               3.4.5                -> 3.4.5
#18 139.9  * [new tag]               3.4.6                -> 3.4.6
#18 139.9  * [new tag]               3.4.7                -> 3.4.7
#18 139.9  * [new tag]               3.4.8                -> 3.4.8
#18 139.9  * [new tag]               3.4.9                -> 3.4.9
#18 139.9  * [new tag]               4.0.0                -> 4.0.0
#18 139.9  * [new tag]               4.0.0-alpha          -> 4.0.0-alpha
#18 139.9  * [new tag]               4.0.0-beta           -> 4.0.0-beta
#18 139.9  * [new tag]               4.0.0-openvino       -> 4.0.0-openvino
#18 139.9  * [new tag]               4.0.0-rc             -> 4.0.0-rc
#18 139.9  * [new tag]               4.0.1                -> 4.0.1
#18 139.9  * [new tag]               4.0.1-openvino       -> 4.0.1-openvino
#18 139.9  * [new tag]               4.1.0                -> 4.1.0
#18 139.9  * [new tag]               4.1.0-openvino       -> 4.1.0-openvino
#18 139.9  * [new tag]               4.1.1                -> 4.1.1
#18 139.9  * [new tag]               4.1.1-openvino       -> 4.1.1-openvino
#18 139.9  * [new tag]               4.1.2                -> 4.1.2
#18 139.9  * [new tag]               4.1.2-openvino       -> 4.1.2-openvino
#18 139.9  * [new tag]               4.2.0                -> 4.2.0
#18 140.0  * [new tag]               4.3.0                -> 4.3.0
#18 140.0  * [new tag]               4.4.0                -> 4.4.0
#18 140.0  * [new tag]               4.5.0                -> 4.5.0
#18 140.0  * [new tag]               4.5.1                -> 4.5.1
#18 140.0  * [new tag]               4.5.2                -> 4.5.2
#18 140.0  * [new tag]               4.5.3                -> 4.5.3
#18 140.0  * [new tag]               4.5.4                -> 4.5.4
#18 140.0  * [new tag]               4.5.5                -> 4.5.5
#18 140.0 error: pathspec 'b27c51de' did not match any file(s) known to git
#18 140.0 error: pathspec 'b27c51de' did not match any file(s) known to git
#18 140.0 error: pathspec 'b27c51de' did not match any file(s) known to git
#18 140.2 error: pathspec 'b27c51de' did not match any file(s) known to git
#18 140.2 error: pathspec 'b27c51de' did not match any file(s) known to git
#18 140.3 error: pathspec 'b27c51de' did not match any file(s) known to git
#18 140.3 error: pathspec 'b27c51de' did not match any file(s) known to git
#18 140.4 error: pathspec 'b27c51de' did not match any file(s) known to git
#18 140.4 error: pathspec 'b27c51de' did not match any file(s) known to git
#18 140.5 error: pathspec 'b27c51de' did not match any file(s) known to git
#18 140.6 error: pathspec 'b27c51de' did not match any file(s) known to git
#18 140.7 error: pathspec 'b27c51de' did not match any file(s) known to git
#18 140.8 error: pathspec 'b27c51de' did not match any file(s) known to git
#18 140.8 error: pathspec 'b27c51de' did not match any file(s) known to git
#18 140.9 error: pathspec 'b27c51de' did not match any file(s) known to git
#18 141.0 error: pathspec 'b27c51de' did not match any file(s) known to git
#18 141.0 error: pathspec 'b27c51de' did not match any file(s) known to git
#18 141.0 error: pathspec 'b27c51de' did not match any file(s) known to git
#18 141.1 error: pathspec 'b27c51de' did not match any file(s) known to git
#18 141.1 error: pathspec 'b27c51de' did not match any file(s) known to git
#18 141.2 error: pathspec 'b27c51de' did not match any file(s) known to git
#18 141.2 error: pathspec 'b27c51de' did not match any file(s) known to git
#18 141.5 Checkout unsuccessful.
#18 DONE 141.6s

#19 [stage-1 12/13] RUN echo "#!/bin/bash\nPYTHONPATH=/src python3 -u -c "from fuzzers import utils; utils.initialize_env(); from fuzzers.afl import fuzzer; fuzzer.build()"" > /usr/bin/fuzzer_build &&     chmod +x /usr/bin/fuzzer_build
#19 sha256:380e340b190aafd5228e5e214b6106912b068e55d3821b30d2f8b5343dd344c1
#19 DONE 1.6s

#20 [stage-1 13/13] RUN echo "Run fuzzer_build to build the target" && if [ -z "$debug_builder" ] ; then fuzzer_build; fi
#20 sha256:a1eaf8f77a31334aeb7de102b216a1829d99ccd30af136d5b8afaa706a1fa9d4
#20 1.329 Run fuzzer_build to build the target
#20 1.723 FUZZ_TARGET = imencode_fuzzer
#20 1.723 CFLAGS = -DFUZZING_BUILD_MODE_UNSAFE_FOR_PRODUCTION -pthread -Wl,--no-as-needed -Wl,-ldl -Wl,-lm -Wno-unused-command-line-argument -O3
#20 1.724 CXXFLAGS = -DFUZZING_BUILD_MODE_UNSAFE_FOR_PRODUCTION -pthread -Wl,--no-as-needed -Wl,-ldl -Wl,-lm -Wno-unused-command-line-argument -stdlib=libc++ -O3
#20 1.738 Building benchmark opencv_imencode_fuzzer with fuzzer afl
#20 1.743 + mkdir opencv/build
#20 1.746 mkdir: cannot create directory ‘opencv/build’: No such file or directory
#20 1.747 Traceback (most recent call last):
#20 1.747   File "<string>", line 1, in <module>
#20 1.748   File "/src/fuzzers/afl/fuzzer.py", line 40, in build
#20 1.748     utils.build_benchmark()
#20 1.749   File "/src/fuzzers/utils.py", line 82, in build_benchmark
#20 1.749     subprocess.check_call(['/bin/bash', '-ex', build_script], env=env)
#20 1.750   File "/usr/local/lib/python3.8/subprocess.py", line 364, in check_call
#20 1.751     raise CalledProcessError(retcode, cmd)
#20 1.751 subprocess.CalledProcessError: Command '['/bin/bash', '-ex', '/src/build.sh']' returned non-zero exit status 1.
#20 ERROR: executor failed running [/bin/sh -c echo "Run fuzzer_build to build the target" && if [ -z "$debug_builder" ] ; then fuzzer_build; fi]: exit code: 1
------
 > importing cache manifest from gcr.io/fuzzbench/builders/afl/opencv_imencode_fuzzer:
------
------
 > [stage-1 13/13] RUN echo "Run fuzzer_build to build the target" && if [ -z "$debug_builder" ] ; then fuzzer_build; fi:
------
executor failed running [/bin/sh -c echo "Run fuzzer_build to build the target" && if [ -z "$debug_builder" ] ; then fuzzer_build; fi]: exit code: 1
make: *** [docker/generated.mk:2854443: .afl-opencv_imencode_fuzzer-builder] Error 1
/bin/sh: 1: source: not found
#1 [internal] load build definition from Dockerfile
#1 sha256:ba8dabb7f997c3cab9b69a7622ae10ed87ffbea62c8e87ceac90d96ce4b346f5
#1 transferring dockerfile: 32B done
#1 DONE 0.1s

#2 [internal] load .dockerignore
#2 sha256:f04de377cbf6eaab7df3c0d8d322963f4ae2e6ace94cfbd4e8d961f2a0aea613
#2 transferring context: 2B done
#2 DONE 0.1s

#3 [internal] load metadata for gcr.io/oss-fuzz-base/base-builder:latest
#3 sha256:f10dc39cc9d418a5bc416dead31a1902b6821fdae909cd3b08f7a3fd1faba7b5
#3 DONE 0.5s

#4 [1/6] FROM gcr.io/oss-fuzz-base/base-builder@sha256:112044a9815d235113677d459cf2ece740a51f2b85081c8f66943dcdc72ddf7f
#4 sha256:4aee4bf9f7280ac8b7f02b8d29e6e084dd034d2c294b4e3e05d8ce7048a1450f
#4 DONE 0.0s

#11 importing cache manifest from gcr.io/fuzzbench/builders/benchmark/opencv_imencode_fuzzer
#11 sha256:8909e5ce8b7a6420d7b581b9011c59a79de5e0c7d8952291e8bf7e63cd5302a6
#11 DONE 0.0s

#8 [internal] load build context
#8 sha256:159dbbae703c9b78b436ce9ded5d7d550aaf2412d6e90170c502248b8165019d
#8 transferring context: 429B done
#8 DONE 0.0s

#7 [4/6] WORKDIR opencv/
#7 sha256:fda6c4b7e211bdd8ec1ae001cbb40929be694af912454da7105b1ff5a7d1ef7e
#7 CACHED

#6 [3/6] RUN git clone --depth 1 https://github.com/opencv/opencv.git opencv
#6 sha256:59a9fb61118231e7c2a207bca2277cafcfad95bb7e22f5ee768b2c0e041e7f83
#6 CACHED

#9 [5/6] COPY build.sh /src/
#9 sha256:c3f5fc48c2eebba8f995518b6f86a267e9a0e0f5fa71ba78816af4428efa7349
#9 CACHED

#5 [2/6] RUN apt-get update && apt-get install -y build-essential cmake pkg-config
#5 sha256:5b4cdd543f7676d762d91b87c637b12e81d197a5de05812a3f0a2dc7aead2436
#5 CACHED

#10 [6/6] COPY *.cc *.h /src/
#10 sha256:98133c5c399fe2a6e824819ff954531cdfabc6e5275d97fe1a08d06fdcb30209
#10 CACHED

#12 exporting to image
#12 sha256:e8c613e07b0b7ff33893b694f7759a10d42e180f2b4dc349fb57dc6b71dcab00
#12 exporting layers done
#12 writing image sha256:8a497c7e790611b7a92bb9829260fb3a936252ecb7d9088bba013e8d2b52277b done
#12 naming to gcr.io/fuzzbench/builders/benchmark/opencv_imencode_fuzzer done
#12 DONE 0.1s

#13 exporting cache
#13 sha256:2700d4ef94dee473593c5c614b55b2dedcca7893909811a8f2b48291a1f581e4
#13 preparing build cache for export done
#13 DONE 0.0s
#1 [internal] load build definition from builder.Dockerfile
#1 sha256:e979bad520aada88fd17d37f49826f02678065daaf9912082f7d731fa3c11ce7
#1 transferring dockerfile: 46B done
#1 DONE 0.0s

#2 [internal] load .dockerignore
#2 sha256:117446dbcfd4abbf268d14bc631a8cfd763b00cb2fa470cc01c46db163463756
#2 transferring context: 2B done
#2 DONE 0.0s

#3 [internal] load metadata for gcr.io/fuzzbench/builders/benchmark/opencv_imencode_fuzzer:latest
#3 sha256:9dc78bea2eb08968a6bee9025ee494d9949aad645d066b5af66b22b6f1dfafa1
#3 DONE 0.0s

#4 importing cache manifest from gcr.io/fuzzbench/builders/afl/opencv_imencode_fuzzer-intermediate
#4 sha256:822c9d86dbeff47b14d169912a9c896fe2947703fd4c9ecc380f7aa0d89d5af4
#4 DONE 0.0s

#5 [1/3] FROM gcr.io/fuzzbench/builders/benchmark/opencv_imencode_fuzzer
#5 sha256:485870fd83ac5d135484aa1ed9e70ef99a0f61b1457868a1a558dc84d7aa5faf
#5 DONE 0.0s

#6 [2/3] RUN git clone https://github.com/google/AFL.git /afl &&     cd /afl &&     git checkout 61037103ae3722c8060ff7082994836a794f978e &&     AFL_NO_X86=1 make
#6 sha256:d8b7f906e2c5a0f5c662411ec4ddb7bd4bb4ac7c36e792b3ae9001a21770aa6b
#6 CACHED

#7 [3/3] RUN apt-get update &&     apt-get install wget -y &&     wget https://raw.githubusercontent.com/llvm/llvm-project/5feb80e748924606531ba28c97fe65145c65372e/compiler-rt/lib/fuzzer/afl/afl_driver.cpp -O /afl/afl_driver.cpp &&     clang -Wno-pointer-sign -c /afl/llvm_mode/afl-llvm-rt.o.c -I/afl &&     clang++ -stdlib=libc++ -std=c++11 -O2 -c /afl/afl_driver.cpp &&     ar r /libAFL.a *.o
#7 sha256:139aafe6332de5c94be28097bdf051fc20d4392b7a7134067d3809a04f04ec6e
#7 CACHED

#8 exporting to image
#8 sha256:e8c613e07b0b7ff33893b694f7759a10d42e180f2b4dc349fb57dc6b71dcab00
#8 exporting layers done
#8 writing image sha256:abe2b32671846efe952468466ad42dff64a887ab71f481b7118d3c0190ecbd7a
#8 writing image sha256:abe2b32671846efe952468466ad42dff64a887ab71f481b7118d3c0190ecbd7a done
#8 naming to gcr.io/fuzzbench/builders/afl/opencv_imencode_fuzzer-intermediate done
#8 DONE 0.1s

#9 exporting cache
#9 sha256:2700d4ef94dee473593c5c614b55b2dedcca7893909811a8f2b48291a1f581e4
#9 preparing build cache for export done
#9 DONE 0.0s
#1 [internal] load build definition from Dockerfile
#1 sha256:e7d876985a8ea0d8fd8e422c4786608da2725a7b63f829612e152367e493659c
#1 transferring dockerfile: 2.00kB done
#1 DONE 0.1s

#2 [internal] load .dockerignore
#2 sha256:7649859fde346ae6582864a25fec84a2b9a9975c232f0427886be6269a1bcb13
#2 transferring context: 34B done
#2 DONE 0.0s

#3 [internal] load metadata for docker.io/library/ubuntu:xenial
#3 sha256:f62bae18ed588840f045c881b2502661f2a89578a2f8f99b83f5200ee83dd25b
#3 DONE 0.0s

#4 importing cache manifest from gcr.io/fuzzbench/base-image
#4 sha256:9b220ebb4d4daceed1b96df9b6dca076e762f1cd612574f010b82d5b9e5ad896
#4 DONE 0.0s

#5 [1/7] FROM docker.io/library/ubuntu:xenial
#5 sha256:14dd403f25ae9e519bd44f27dc17af7ce80f5a4f9f48ca88108364e67ec5d360
#5 DONE 0.0s

#8 [internal] load build context
#8 sha256:03b13818d5caa94d962ff22a20f557db8790cad6cd01a199647be3743827cef0
#8 transferring context: 559B 0.0s done
#8 DONE 0.1s

#11 [6/7] RUN apt-get update -y && apt-get install -y     apt-transport-https     lsb-release
#11 sha256:6dd5c82c6b7e9ae71938935bc275c131de4a315565d407b02e0f4d545d7fd9e7
#11 CACHED

#6 [2/7] RUN apt-get update -y && apt-get install -y     build-essential     rsync     curl     zlib1g-dev     libncurses5-dev     libgdbm-dev     libnss3-dev     libssl-dev     libreadline-dev     libffi-dev     virtualenv     libbz2-dev     liblzma-dev     libsqlite3-dev
#6 sha256:3a1b0960f17eed529eaae93dc8fd3554f2743dd584d8fa569cdbe6bc734371ac
#6 CACHED

#7 [3/7] RUN cd /tmp/ &&     curl -O https://www.python.org/ftp/python/3.8.6/Python-3.8.6.tar.xz &&     tar -xvf Python-3.8.6.tar.xz &&     cd Python-3.8.6 &&     ./configure --enable-loadable-sqlite-extensions --enable-optimizations &&     make -j install &&     rm -r /tmp/Python-3.8.6.tar.xz /tmp/Python-3.8.6
#7 sha256:c5b9d1fb3371e84dbc60b76e7b2f8d5913bc93bcd4910ab65daa03e7b2ec4bb0
#7 CACHED

#9 [4/7] COPY ./requirements.txt /
#9 sha256:c6d53134f2f352e700564392224611bb49a4dc3f4a0d92914173af1728a22cc5
#9 CACHED

#10 [5/7] RUN pip3 install -r /requirements.txt
#10 sha256:33beda38b6408fd8ea865f4ebd2f0c1bf92312775eae5f04eb53e3edff4f6fd8
#10 CACHED

#12 [7/7] RUN CLOUD_SDK_REPO="cloud-sdk-$(lsb_release -c -s)" &&     echo "deb https://packages.cloud.google.com/apt $CLOUD_SDK_REPO main"     | tee -a /etc/apt/sources.list.d/google-cloud-sdk.list &&     curl https://packages.cloud.google.com/apt/doc/apt-key.gpg     | apt-key add - &&     apt-get update -y &&     apt-get install -y google-cloud-sdk
#12 sha256:fff890d21316d712549713c95fc496dba4f82336246518f2531cb06050cb787f
#12 CACHED

#13 exporting to image
#13 sha256:e8c613e07b0b7ff33893b694f7759a10d42e180f2b4dc349fb57dc6b71dcab00
#13 exporting layers done
#13 writing image sha256:55e5825902805b10e1ba0cd27e4af0d82c25f9e225d6218342d4b6474bd3ddae done
#13 naming to gcr.io/fuzzbench/base-image done
#13 DONE 0.0s

#14 exporting cache
#14 sha256:2700d4ef94dee473593c5c614b55b2dedcca7893909811a8f2b48291a1f581e4
#14 preparing build cache for export done
#14 DONE 0.0s
#1 [internal] load build definition from Dockerfile
#1 sha256:c71c338a30b7efb431865aa213686b2ab7284a7b7d7e0d09743ee08d9add7f62
#1 transferring dockerfile: 2.22kB done
#1 DONE 0.0s

#2 [internal] load .dockerignore
#2 sha256:3e5d9babe651eec2ddc1f1c5e87f6de1ec984a5f55261ec2533f64b49212b247
#2 transferring context: 34B done
#2 DONE 0.0s

#7 [base-image 1/1] FROM gcr.io/fuzzbench/base-image
#7 sha256:4d07825694520f8b6f6a0d8592dbd345433361ae044cb7f06706c5a95e3daaad
#7 DONE 1.0s

#6 [stage-1  1/13] FROM gcr.io/fuzzbench/builders/afl/opencv_imencode_fuzzer-intermediate
#6 sha256:2381069809cdb57264e3a7391a92a4626db3804caf56c15b302670fd4647bc01
#6 DONE 0.0s

#4 [internal] load metadata for gcr.io/fuzzbench/base-image:latest
#4 sha256:932022888f650cc455b10eb5123bb08c0cccacac29a693e69314abbfd28a72c3
#4 DONE 0.0s

#3 [internal] load metadata for gcr.io/fuzzbench/builders/afl/opencv_imencode_fuzzer-intermediate:latest
#3 sha256:5fbdc8709e1cec3b80a2fa01cbddab56a0738d67e1a577b67f8967eb175c02e4
#3 DONE 0.0s

#12 [internal] load build context
#12 sha256:d8af7db73fee14e5825eaee83da19aa6199494ce9155b429bfa7bd933e779a25
#12 DONE 0.0s

#5 importing cache manifest from gcr.io/fuzzbench/builders/afl/opencv_imencode_fuzzer
#5 sha256:3f165a30e8821a3d5bdf146bc2a9d292dd174973b1fafadbd7282920b41f745d
#5 ERROR: gcr.io/fuzzbench/builders/afl/opencv_imencode_fuzzer:latest: not found

#12 [internal] load build context
#12 sha256:d8af7db73fee14e5825eaee83da19aa6199494ce9155b429bfa7bd933e779a25
#12 transferring context: 669.89kB 0.2s done
#12 DONE 0.2s

#10 [stage-1  4/13] COPY --from=base-image /usr/local/include/python3.8 /usr/local/include/python3.8
#10 sha256:cd528ecf18fac8e9fe58e3ec4729801f6e96bf32c21de68988a74310138bfd72
#10 CACHED

#11 [stage-1  5/13] COPY --from=base-image /usr/local/lib/python3.8/site-packages /usr/local/lib/python3.8/site-packages
#11 sha256:175d88e01b58cf2503cca02d05548e08f600337be840e9076acea665e9c36971
#11 CACHED

#13 [stage-1  6/13] COPY fuzzers /src/fuzzers
#13 sha256:263c48a910a35047634693f7cd1034acfda237d782b33d0843de9a606c5e7e9e
#13 CACHED

#8 [stage-1  2/13] COPY --from=base-image /usr/local/bin/python3* /usr/local/bin/
#8 sha256:e938ba20cfe1e1d501fbc23aac6c43c6468de069d6dd68b757b93aaa78d67960
#8 CACHED

#9 [stage-1  3/13] COPY --from=base-image /usr/local/lib/python3.8 /usr/local/lib/python3.8
#9 sha256:9564e97b767db8190ef6f8b9327f1da9aacefb8b8d0266445ffd3fa33a682a26
#9 CACHED

#14 [stage-1  7/13] RUN touch /src/__init__.py
#14 sha256:ac715d35b3875f1fc0937dffedb54e6086cf24115b06bdd0ece752cba64373ff
#14 DONE 1.6s

#15 [stage-1  8/13] COPY benchmarks/opencv_imencode_fuzzer/benchmark.yaml /
#15 sha256:4db429fdf0922f9cf8ee16893be2784b3f85248a4cb07cf377fcbdc085544c63
#15 DONE 0.1s

#16 [stage-1  9/13] RUN mkdir /opt/fuzzbench/
#16 sha256:7fb3065c7d7d9bf0c4744d789debb8afb177d558bb9f4f6d59aa14e02415014c
#16 DONE 1.4s

#17 [stage-1 10/13] COPY docker/benchmark-builder/checkout_commit.py /opt/fuzzbench/
#17 sha256:48b54c776c6c18337447fd1cca4d32ffeca804f44b55bf9f4d79aa1d30f96b6f
#17 DONE 0.3s

#18 [stage-1 11/13] RUN export CHECKOUT_COMMIT=$(cat /benchmark.yaml | tr -d ' ' | grep 'commit:' | cut -d ':' -f2) &&     python3 -u /opt/fuzzbench/checkout_commit.py $CHECKOUT_COMMIT /src
#18 sha256:c11ab730d95d4e3193b9b3d5458706b071234123e5f584575977d599c39746ed
#18 1.202 Checking out commit b27c51de
#18 147.3 From https://github.com/opencv/opencv
#18 147.3  * [new tag]               2.2                  -> 2.2
#18 147.3  * [new tag]               2.4.0                -> 2.4.0
#18 147.3  * [new tag]               2.4.1                -> 2.4.1
#18 147.3  * [new tag]               2.4.10               -> 2.4.10
#18 147.3  * [new tag]               2.4.10.1             -> 2.4.10.1
#18 147.3  * [new tag]               2.4.10.2             -> 2.4.10.2
#18 147.3  * [new tag]               2.4.10.3             -> 2.4.10.3
#18 147.3  * [new tag]               2.4.10.4             -> 2.4.10.4
#18 147.3  * [new tag]               2.4.11               -> 2.4.11
#18 147.3  * [new tag]               2.4.12               -> 2.4.12
#18 147.3  * [new tag]               2.4.12.1             -> 2.4.12.1
#18 147.3  * [new tag]               2.4.12.2             -> 2.4.12.2
#18 147.3  * [new tag]               2.4.12.3             -> 2.4.12.3
#18 147.3  * [new tag]               2.4.13               -> 2.4.13
#18 147.3  * [new tag]               2.4.13.1             -> 2.4.13.1
#18 147.3  * [new tag]               2.4.2                -> 2.4.2
#18 147.3  * [new tag]               2.4.3                -> 2.4.3
#18 147.3  * [new tag]               2.4.3-rc             -> 2.4.3-rc
#18 147.3  * [new tag]               2.4.3.1              -> 2.4.3.1
#18 147.3  * [new tag]               2.4.3.2              -> 2.4.3.2
#18 147.3  * [new tag]               2.4.4                -> 2.4.4
#18 147.3  * [new tag]               2.4.4-beta           -> 2.4.4-beta
#18 147.3  * [new tag]               2.4.5                -> 2.4.5
#18 147.3  * [new tag]               2.4.6                -> 2.4.6
#18 147.3  * [new tag]               2.4.6.1              -> 2.4.6.1
#18 147.3  * [new tag]               2.4.6.2              -> 2.4.6.2
#18 147.3  * [new tag]               2.4.6.2-rc1          -> 2.4.6.2-rc1
#18 147.3  * [new tag]               2.4.7                -> 2.4.7
#18 147.3  * [new tag]               2.4.7-rc1            -> 2.4.7-rc1
#18 147.3  * [new tag]               2.4.7.1              -> 2.4.7.1
#18 147.3  * [new tag]               2.4.7.2              -> 2.4.7.2
#18 147.3  * [new tag]               2.4.8                -> 2.4.8
#18 147.3  * [new tag]               2.4.8.1              -> 2.4.8.1
#18 147.3  * [new tag]               2.4.8.2              -> 2.4.8.2
#18 147.3  * [new tag]               2.4.8.3              -> 2.4.8.3
#18 147.3  * [new tag]               2.4.9                -> 2.4.9
#18 147.3  * [new tag]               2.4.9.1              -> 2.4.9.1
#18 147.3  * [new tag]               3.0-ocl-tech-preview -> 3.0-ocl-tech-preview
#18 147.4  * [new tag]               3.0-ocl-tp2          -> 3.0-ocl-tp2
#18 147.4  * [new tag]               3.0.0                -> 3.0.0
#18 147.4  * [new tag]               3.0.0-alpha          -> 3.0.0-alpha
#18 147.4  * [new tag]               3.0.0-beta           -> 3.0.0-beta
#18 147.4  * [new tag]               3.0.0-rc1            -> 3.0.0-rc1
#18 147.4  * [new tag]               3.1.0                -> 3.1.0
#18 147.4  * [new tag]               3.2.0                -> 3.2.0
#18 147.4  * [new tag]               3.2.0-rc             -> 3.2.0-rc
#18 147.4  * [new tag]               3.3.0                -> 3.3.0
#18 147.4  * [new tag]               3.3.0-cvsdk          -> 3.3.0-cvsdk
#18 147.4  * [new tag]               3.3.0-rc             -> 3.3.0-rc
#18 147.4  * [new tag]               3.3.1                -> 3.3.1
#18 147.4  * [new tag]               3.3.1-cvsdk          -> 3.3.1-cvsdk
#18 147.4  * [new tag]               3.4.0                -> 3.4.0
#18 147.4  * [new tag]               3.4.0-rc             -> 3.4.0-rc
#18 147.4  * [new tag]               3.4.1                -> 3.4.1
#18 147.4  * [new tag]               3.4.1-cvsdk          -> 3.4.1-cvsdk
#18 147.4  * [new tag]               3.4.10               -> 3.4.10
#18 147.4  * [new tag]               3.4.11               -> 3.4.11
#18 147.4  * [new tag]               3.4.12               -> 3.4.12
#18 147.4  * [new tag]               3.4.13               -> 3.4.13
#18 147.4  * [new tag]               3.4.14               -> 3.4.14
#18 147.4  * [new tag]               3.4.15               -> 3.4.15
#18 147.4  * [new tag]               3.4.16               -> 3.4.16
#18 147.4  * [new tag]               3.4.17               -> 3.4.17
#18 147.4  * [new tag]               3.4.2                -> 3.4.2
#18 147.4  * [new tag]               3.4.2-openvino       -> 3.4.2-openvino
#18 147.4  * [new tag]               3.4.3                -> 3.4.3
#18 147.4  * [new tag]               3.4.3-openvino       -> 3.4.3-openvino
#18 147.4  * [new tag]               3.4.4                -> 3.4.4
#18 147.4  * [new tag]               3.4.5                -> 3.4.5
#18 147.4  * [new tag]               3.4.6                -> 3.4.6
#18 147.4  * [new tag]               3.4.7                -> 3.4.7
#18 147.4  * [new tag]               3.4.8                -> 3.4.8
#18 147.4  * [new tag]               3.4.9                -> 3.4.9
#18 147.4  * [new tag]               4.0.0                -> 4.0.0
#18 147.4  * [new tag]               4.0.0-alpha          -> 4.0.0-alpha
#18 147.4  * [new tag]               4.0.0-beta           -> 4.0.0-beta
#18 147.4  * [new tag]               4.0.0-openvino       -> 4.0.0-openvino
#18 147.4  * [new tag]               4.0.0-rc             -> 4.0.0-rc
#18 147.4  * [new tag]               4.0.1                -> 4.0.1
#18 147.4  * [new tag]               4.0.1-openvino       -> 4.0.1-openvino
#18 147.4  * [new tag]               4.1.0                -> 4.1.0
#18 147.4  * [new tag]               4.1.0-openvino       -> 4.1.0-openvino
#18 147.4  * [new tag]               4.1.1                -> 4.1.1
#18 147.4  * [new tag]               4.1.1-openvino       -> 4.1.1-openvino
#18 147.4  * [new tag]               4.1.2                -> 4.1.2
#18 147.4  * [new tag]               4.1.2-openvino       -> 4.1.2-openvino
#18 147.4  * [new tag]               4.2.0                -> 4.2.0
#18 147.4  * [new tag]               4.3.0                -> 4.3.0
#18 147.4  * [new tag]               4.4.0                -> 4.4.0
#18 147.4  * [new tag]               4.5.0                -> 4.5.0
#18 147.4  * [new tag]               4.5.1                -> 4.5.1
#18 147.4  * [new tag]               4.5.2                -> 4.5.2
#18 147.4  * [new tag]               4.5.3                -> 4.5.3
#18 147.4  * [new tag]               4.5.4                -> 4.5.4
#18 147.4  * [new tag]               4.5.5                -> 4.5.5
#18 147.5 error: pathspec 'b27c51de' did not match any file(s) known to git
#18 147.5 error: pathspec 'b27c51de' did not match any file(s) known to git
#18 147.5 error: pathspec 'b27c51de' did not match any file(s) known to git
#18 147.7 error: pathspec 'b27c51de' did not match any file(s) known to git
#18 147.7 error: pathspec 'b27c51de' did not match any file(s) known to git
#18 147.8 error: pathspec 'b27c51de' did not match any file(s) known to git
#18 147.8 error: pathspec 'b27c51de' did not match any file(s) known to git
#18 147.9 error: pathspec 'b27c51de' did not match any file(s) known to git
#18 147.9 error: pathspec 'b27c51de' did not match any file(s) known to git
#18 148.0 error: pathspec 'b27c51de' did not match any file(s) known to git
#18 148.0 error: pathspec 'b27c51de' did not match any file(s) known to git
#18 148.1 error: pathspec 'b27c51de' did not match any file(s) known to git
#18 148.2 error: pathspec 'b27c51de' did not match any file(s) known to git
#18 148.2 error: pathspec 'b27c51de' did not match any file(s) known to git
#18 148.3 error: pathspec 'b27c51de' did not match any file(s) known to git
#18 148.3 error: pathspec 'b27c51de' did not match any file(s) known to git
#18 148.4 error: pathspec 'b27c51de' did not match any file(s) known to git
#18 148.4 error: pathspec 'b27c51de' did not match any file(s) known to git
#18 148.5 error: pathspec 'b27c51de' did not match any file(s) known to git
#18 148.5 error: pathspec 'b27c51de' did not match any file(s) known to git
#18 148.6 error: pathspec 'b27c51de' did not match any file(s) known to git
#18 148.6 error: pathspec 'b27c51de' did not match any file(s) known to git
#18 148.8 Checkout unsuccessful.
#18 DONE 149.9s

#19 [stage-1 12/13] RUN echo "#!/bin/bash\nPYTHONPATH=/src python3 -u -c "from fuzzers import utils; utils.initialize_env(); from fuzzers.afl import fuzzer; fuzzer.build()"" > /usr/bin/fuzzer_build &&     chmod +x /usr/bin/fuzzer_build
#19 sha256:b44e5883dccbc071f06a703df692615211d5f3fe7c9a4eb04e2c1cc3fe4d1057
#19 DONE 1.8s

#20 [stage-1 13/13] RUN echo "Run fuzzer_build to build the target" && if [ -z "$debug_builder" ] ; then fuzzer_build; fi
#20 sha256:83a6af91e3273fac13e9bbe7875bb15eff5c0e5e7009a2e7646ede2c248bd46b
#20 1.229 Run fuzzer_build to build the target
#20 1.712 FUZZ_TARGET = imencode_fuzzer
#20 1.712 CFLAGS = -DFUZZING_BUILD_MODE_UNSAFE_FOR_PRODUCTION -pthread -Wl,--no-as-needed -Wl,-ldl -Wl,-lm -Wno-unused-command-line-argument -O3
#20 1.712 CXXFLAGS = -DFUZZING_BUILD_MODE_UNSAFE_FOR_PRODUCTION -pthread -Wl,--no-as-needed -Wl,-ldl -Wl,-lm -Wno-unused-command-line-argument -stdlib=libc++ -O3
#20 1.726 Building benchmark opencv_imencode_fuzzer with fuzzer afl
#20 1.732 + mkdir opencv/build
#20 1.737 mkdir: cannot create directory ‘opencv/build’: No such file or directory
#20 1.739 Traceback (most recent call last):
#20 1.739   File "<string>", line 1, in <module>
#20 1.740   File "/src/fuzzers/afl/fuzzer.py", line 40, in build
#20 1.746     utils.build_benchmark()
#20 1.746   File "/src/fuzzers/utils.py", line 82, in build_benchmark
#20 1.747     subprocess.check_call(['/bin/bash', '-ex', build_script], env=env)
#20 1.748   File "/usr/local/lib/python3.8/subprocess.py", line 364, in check_call
#20 1.749     raise CalledProcessError(retcode, cmd)
#20 1.750 subprocess.CalledProcessError: Command '['/bin/bash', '-ex', '/src/build.sh']' returned non-zero exit status 1.
#20 ERROR: executor failed running [/bin/sh -c echo "Run fuzzer_build to build the target" && if [ -z "$debug_builder" ] ; then fuzzer_build; fi]: exit code: 1
------
 > importing cache manifest from gcr.io/fuzzbench/builders/afl/opencv_imencode_fuzzer:
------
------
 > [stage-1 13/13] RUN echo "Run fuzzer_build to build the target" && if [ -z "$debug_builder" ] ; then fuzzer_build; fi:
------
executor failed running [/bin/sh -c echo "Run fuzzer_build to build the target" && if [ -z "$debug_builder" ] ; then fuzzer_build; fi]: exit code: 1
make: *** [docker/generated.mk:2854443: .afl-opencv_imencode_fuzzer-builder] Error 1
