WARNING:root:gcloud not found in PATH.
INFO:root:Successfully integrated benchmark: libtiff_libtiff.
INFO:root:Please run "make test-run-afl-libtiff_libtiff" to test integration.
#1 [internal] load build definition from Dockerfile
#1 sha256:28e86dd585d7123337b96146d71aa2dc107838f88c000d0f613f4715d1a0da5a
#1 transferring dockerfile:
#1 transferring dockerfile: 1.27kB done
#1 DONE 0.3s

#2 [internal] load .dockerignore
#2 sha256:45811af91e9c8eff21c72140c9735da6f0ed7cbfd4aa3a4cf619f914edbf3101
#2 transferring context: 2B done
#2 DONE 0.4s

#3 [internal] load metadata for gcr.io/oss-fuzz-base/base-builder:latest
#3 sha256:f10dc39cc9d418a5bc416dead31a1902b6821fdae909cd3b08f7a3fd1faba7b5
#3 DONE 0.4s

#15 [internal] load build context
#15 sha256:d69733112c10cfc4edfb878fea5dddefaf8ae45e657b7b340a680876ddc5fec9
#15 DONE 0.0s

#5 [1/9] FROM gcr.io/oss-fuzz-base/base-builder@sha256:41d7bbe7827592680a606c9bba1aeb6e23c7502ce8b633923b06542f4c706e7c
#5 sha256:660db69324ed478291dd329cbbfe422dccbc173f9ab806c069fac341073eab8c
#5 DONE 0.0s

#10 http://lcamtuf.coredump.cx/afl/demo/afl_testcases.tgz
#10 sha256:c2b3d7b065c1cefc26267202ac1286747c6378df92f200e1766fa0a6721ce75b
#10 ...

#12 https://raw.githubusercontent.com/mcarpenter/afl/master/dictionaries/tiff.dict
#12 sha256:43be413207749d9f41da57ab07695cbda75fa5478be6cb09e992af9711b1d723
#12 ERROR: invalid response status 404

#4 importing cache manifest from gcr.io/fuzzbench/builders/benchmark/libtiff_libtiff
#4 sha256:c755c376fd69665ee5354330badb14ed009440636a8cda3e259284bd58770531
#4 ERROR: gcr.io/fuzzbench/builders/benchmark/libtiff_libtiff:latest: not found

#10 http://lcamtuf.coredump.cx/afl/demo/afl_testcases.tgz
#10 sha256:c2b3d7b065c1cefc26267202ac1286747c6378df92f200e1766fa0a6721ce75b
#10 CANCELED

#15 [internal] load build context
#15 sha256:d69733112c10cfc4edfb878fea5dddefaf8ae45e657b7b340a680876ddc5fec9
#15 CANCELED
------
 > importing cache manifest from gcr.io/fuzzbench/builders/benchmark/libtiff_libtiff:
------
------
 > https://raw.githubusercontent.com/mcarpenter/afl/master/dictionaries/tiff.dict:
------
failed to load cache key: invalid response status 404
make: *** [docker/generated.mk:37137: .libtiff_libtiff-project-builder] Error 1
/bin/sh: 1: source: not found
#1 [internal] load build definition from Dockerfile
#1 sha256:1c3d12d705f457d957068b6da96e72e1fdd2ffd8e2b1ff9ff593aa84cf116a21
#1 transferring dockerfile: 32B done
#1 DONE 0.3s

#2 [internal] load .dockerignore
#2 sha256:17e18625bcf99191ec18e0343bfb4188648f8341b42c53c5dc07b3f6290a4c8c
#2 transferring context: 2B done
#2 DONE 0.3s

#3 [internal] load metadata for gcr.io/oss-fuzz-base/base-builder:latest
#3 sha256:f10dc39cc9d418a5bc416dead31a1902b6821fdae909cd3b08f7a3fd1faba7b5
#3 DONE 0.4s

#15 [internal] load build context
#15 sha256:772e9e48b99b962df65ed3c98adb64dfa2e4743cb8b66dcf569d25fe314f0278
#15 DONE 0.0s

#5 [1/9] FROM gcr.io/oss-fuzz-base/base-builder@sha256:41d7bbe7827592680a606c9bba1aeb6e23c7502ce8b633923b06542f4c706e7c
#5 sha256:660db69324ed478291dd329cbbfe422dccbc173f9ab806c069fac341073eab8c
#5 DONE 0.0s

#12 https://raw.githubusercontent.com/mcarpenter/afl/master/dictionaries/tiff.dict
#12 sha256:43be413207749d9f41da57ab07695cbda75fa5478be6cb09e992af9711b1d723
#12 ERROR: invalid response status 404

#10 http://lcamtuf.coredump.cx/afl/demo/afl_testcases.tgz
#10 sha256:c2b3d7b065c1cefc26267202ac1286747c6378df92f200e1766fa0a6721ce75b
#10 CANCELED

#4 importing cache manifest from gcr.io/fuzzbench/builders/benchmark/libtiff_libtiff
#4 sha256:c755c376fd69665ee5354330badb14ed009440636a8cda3e259284bd58770531
#4 ERROR: gcr.io/fuzzbench/builders/benchmark/libtiff_libtiff:latest: not found

#15 [internal] load build context
#15 sha256:772e9e48b99b962df65ed3c98adb64dfa2e4743cb8b66dcf569d25fe314f0278
#15 CANCELED
------
 > importing cache manifest from gcr.io/fuzzbench/builders/benchmark/libtiff_libtiff:
------
------
 > https://raw.githubusercontent.com/mcarpenter/afl/master/dictionaries/tiff.dict:
------
failed to load cache key: invalid response status 404
make: *** [docker/generated.mk:37137: .libtiff_libtiff-project-builder] Error 1
