WARNING:root:gcloud not found in PATH.
INFO:root:Successfully integrated benchmark: tensorflow_tensorflow.
INFO:root:Please run "make test-run-afl-tensorflow_tensorflow" to test integration.
#2 [internal] load .dockerignore
#2 sha256:707eea8d7d2e890177572b69193ad1fe5b21b808b1f3c93577821d61bcae9c39
#2 transferring context: 2B done
#2 DONE 7.2s

#1 [internal] load build definition from Dockerfile
#1 sha256:5accc7dcacdeb28d2f9bb616e0d7e9d99b699edd5708886a01964a0511c684aa
#1 transferring dockerfile: 1.38kB done
#1 DONE 7.2s

#3 [internal] load metadata for gcr.io/oss-fuzz-base/base-builder:latest
#3 sha256:f10dc39cc9d418a5bc416dead31a1902b6821fdae909cd3b08f7a3fd1faba7b5
#3 DONE 0.5s

#12 [internal] load build context
#12 sha256:9a52f8642393e0323f2db99853b12277051a6c30e02bd576745e60523a67750f
#12 DONE 0.0s

#5 [1/8] FROM gcr.io/oss-fuzz-base/base-builder@sha256:112044a9815d235113677d459cf2ece740a51f2b85081c8f66943dcdc72ddf7f
#5 sha256:4aee4bf9f7280ac8b7f02b8d29e6e084dd034d2c294b4e3e05d8ce7048a1450f
#5 DONE 0.0s

#4 importing cache manifest from gcr.io/fuzzbench/builders/benchmark/tensorflow_tensorflow
#4 sha256:83a1e181caae138b2c36e4224b6b6f88b1c1eb4ca7140d6f53e615da70dbfe48
#4 ERROR: gcr.io/fuzzbench/builders/benchmark/tensorflow_tensorflow:latest: not found

#5 [1/8] FROM gcr.io/oss-fuzz-base/base-builder@sha256:112044a9815d235113677d459cf2ece740a51f2b85081c8f66943dcdc72ddf7f
#5 sha256:4aee4bf9f7280ac8b7f02b8d29e6e084dd034d2c294b4e3e05d8ce7048a1450f
#5 CACHED

#12 [internal] load build context
#12 sha256:9a52f8642393e0323f2db99853b12277051a6c30e02bd576745e60523a67750f
#12 transferring context: 6.13kB done
#12 DONE 0.3s

#6 [2/8] RUN apt-get update && apt-get install -y --no-install-recommends         curl         python-dev         rsync         &&     apt-get clean &&     rm -rf /var/lib/apt/lists/*
#6 sha256:b7b42b15508772007b181914f5c520249dddec61c7c3fe4760b28f2ec3f580b4
#6 0.701 Hit:1 http://ppa.launchpad.net/git-core/ppa/ubuntu focal InRelease
#6 0.905 Hit:2 http://archive.ubuntu.com/ubuntu focal InRelease
#6 0.911 Get:3 http://archive.ubuntu.com/ubuntu focal-updates InRelease [114 kB]
#6 1.045 Get:4 http://security.ubuntu.com/ubuntu focal-security InRelease [114 kB]
#6 1.152 Get:5 http://archive.ubuntu.com/ubuntu focal-backports InRelease [108 kB]
#6 1.270 Get:6 http://archive.ubuntu.com/ubuntu focal-updates/universe amd64 Packages [1134 kB]
#6 2.289 Get:7 http://archive.ubuntu.com/ubuntu focal-updates/universe i386 Packages [827 kB]
#6 2.374 Get:8 http://archive.ubuntu.com/ubuntu focal-updates/main i386 Packages [755 kB]
#6 3.683 Get:9 http://archive.ubuntu.com/ubuntu focal-updates/main amd64 Packages [1984 kB]
#6 4.442 Fetched 5036 kB in 3s (1502 kB/s)
#6 4.442 Reading package lists...
#6 6.228 Reading package lists...
#6 7.635 Building dependency tree...
#6 7.847 Reading state information...
#6 8.056 curl is already the newest version (7.68.0-1ubuntu2.7).
#6 8.056 rsync is already the newest version (3.1.3-8ubuntu0.1).
#6 8.056 The following additional packages will be installed:
#6 8.057   libexpat1-dev libpython2-dev libpython2-stdlib libpython2.7 libpython2.7-dev
#6 8.057   libpython2.7-minimal libpython2.7-stdlib python-is-python2 python2
#6 8.057   python2-dev python2-minimal python2.7 python2.7-dev python2.7-minimal
#6 8.060 Suggested packages:
#6 8.060   python2-doc python-tk python2.7-doc binfmt-support
#6 8.248 The following NEW packages will be installed:
#6 8.248   libexpat1-dev libpython2-dev libpython2-stdlib libpython2.7 libpython2.7-dev
#6 8.249   libpython2.7-minimal libpython2.7-stdlib python-dev-is-python2
#6 8.249   python-is-python2 python2 python2-dev python2-minimal python2.7
#6 8.250   python2.7-dev python2.7-minimal
#6 8.335 0 upgraded, 15 newly installed, 0 to remove and 0 not upgraded.
#6 8.335 Need to get 7744 kB of archives.
#6 8.335 After this operation, 35.1 MB of additional disk space will be used.
#6 8.335 Get:1 http://archive.ubuntu.com/ubuntu focal-updates/universe amd64 libpython2.7-minimal amd64 2.7.18-1~20.04.1 [335 kB]
#6 8.472 Get:2 http://archive.ubuntu.com/ubuntu focal-updates/universe amd64 python2.7-minimal amd64 2.7.18-1~20.04.1 [1285 kB]
#6 8.567 Get:3 http://archive.ubuntu.com/ubuntu focal/universe amd64 python2-minimal amd64 2.7.17-2ubuntu4 [27.5 kB]
#6 8.569 Get:4 http://archive.ubuntu.com/ubuntu focal-updates/universe amd64 libpython2.7-stdlib amd64 2.7.18-1~20.04.1 [1887 kB]
#6 8.709 Get:5 http://archive.ubuntu.com/ubuntu focal-updates/universe amd64 python2.7 amd64 2.7.18-1~20.04.1 [248 kB]
#6 8.728 Get:6 http://archive.ubuntu.com/ubuntu focal/universe amd64 libpython2-stdlib amd64 2.7.17-2ubuntu4 [7072 B]
#6 8.728 Get:7 http://archive.ubuntu.com/ubuntu focal/universe amd64 python2 amd64 2.7.17-2ubuntu4 [26.5 kB]
#6 8.730 Get:8 http://archive.ubuntu.com/ubuntu focal/main amd64 libexpat1-dev amd64 2.2.9-1build1 [116 kB]
#6 8.739 Get:9 http://archive.ubuntu.com/ubuntu focal-updates/universe amd64 libpython2.7 amd64 2.7.18-1~20.04.1 [1038 kB]
#6 8.816 Get:10 http://archive.ubuntu.com/ubuntu focal-updates/universe amd64 libpython2.7-dev amd64 2.7.18-1~20.04.1 [2475 kB]
#6 9.001 Get:11 http://archive.ubuntu.com/ubuntu focal/universe amd64 libpython2-dev amd64 2.7.17-2ubuntu4 [7140 B]
#6 9.001 Get:12 http://archive.ubuntu.com/ubuntu focal/universe amd64 python-is-python2 all 2.7.17-4 [2496 B]
#6 11.28 Get:13 http://archive.ubuntu.com/ubuntu focal-updates/universe amd64 python2.7-dev amd64 2.7.18-1~20.04.1 [287 kB]
#6 11.29 Get:14 http://archive.ubuntu.com/ubuntu focal/universe amd64 python2-dev amd64 2.7.17-2ubuntu4 [1268 B]
#6 11.29 Get:15 http://archive.ubuntu.com/ubuntu focal/universe amd64 python-dev-is-python2 all 2.7.17-4 [1396 B]
#6 12.72 debconf: delaying package configuration, since apt-utils is not installed
#6 12.94 Fetched 7744 kB in 3s (2560 kB/s)
#6 13.54 Selecting previously unselected package libpython2.7-minimal:amd64.
#6 13.54 (Reading database ... (Reading database ... 5%(Reading database ... 10%(Reading database ... 15%(Reading database ... 20%(Reading database ... 25%(Reading database ... 30%(Reading database ... 35%(Reading database ... 40%(Reading database ... 45%(Reading database ... 50%(Reading database ... 55%(Reading database ... 60%(Reading database ... 65%(Reading database ... 70%(Reading database ... 75%(Reading database ... 80%(Reading database ... 85%(Reading database ... 90%(Reading database ... 95%(Reading database ... 100%(Reading database ... 21291 files and directories currently installed.)
#6 13.72 Preparing to unpack .../0-libpython2.7-minimal_2.7.18-1~20.04.1_amd64.deb ...
#6 14.05 Unpacking libpython2.7-minimal:amd64 (2.7.18-1~20.04.1) ...
#6 15.01 Selecting previously unselected package python2.7-minimal.
#6 15.01 Preparing to unpack .../1-python2.7-minimal_2.7.18-1~20.04.1_amd64.deb ...
#6 15.04 Unpacking python2.7-minimal (2.7.18-1~20.04.1) ...
#6 15.31 Selecting previously unselected package python2-minimal.
#6 15.31 Preparing to unpack .../2-python2-minimal_2.7.17-2ubuntu4_amd64.deb ...
#6 15.34 Unpacking python2-minimal (2.7.17-2ubuntu4) ...
#6 15.47 Selecting previously unselected package libpython2.7-stdlib:amd64.
#6 15.47 Preparing to unpack .../3-libpython2.7-stdlib_2.7.18-1~20.04.1_amd64.deb ...
#6 15.48 Unpacking libpython2.7-stdlib:amd64 (2.7.18-1~20.04.1) ...
#6 15.83 Selecting previously unselected package python2.7.
#6 15.84 Preparing to unpack .../4-python2.7_2.7.18-1~20.04.1_amd64.deb ...
#6 15.86 Unpacking python2.7 (2.7.18-1~20.04.1) ...
#6 16.00 Selecting previously unselected package libpython2-stdlib:amd64.
#6 16.01 Preparing to unpack .../5-libpython2-stdlib_2.7.17-2ubuntu4_amd64.deb ...
#6 16.02 Unpacking libpython2-stdlib:amd64 (2.7.17-2ubuntu4) ...
#6 16.15 Setting up libpython2.7-minimal:amd64 (2.7.18-1~20.04.1) ...
#6 16.25 Setting up python2.7-minimal (2.7.18-1~20.04.1) ...
#6 16.69 Setting up python2-minimal (2.7.17-2ubuntu4) ...
#6 16.90 Selecting previously unselected package python2.
#6 16.90 (Reading database ... (Reading database ... 5%(Reading database ... 10%(Reading database ... 15%(Reading database ... 20%(Reading database ... 25%(Reading database ... 30%(Reading database ... 35%(Reading database ... 40%(Reading database ... 45%(Reading database ... 50%(Reading database ... 55%(Reading database ... 60%(Reading database ... 65%(Reading database ... 70%(Reading database ... 75%(Reading database ... 80%(Reading database ... 85%(Reading database ... 90%(Reading database ... 95%(Reading database ... 100%(Reading database ... 22038 files and directories currently installed.)
#6 16.92 Preparing to unpack .../0-python2_2.7.17-2ubuntu4_amd64.deb ...
#6 16.94 Unpacking python2 (2.7.17-2ubuntu4) ...
#6 17.06 Selecting previously unselected package libexpat1-dev:amd64.
#6 17.07 Preparing to unpack .../1-libexpat1-dev_2.2.9-1build1_amd64.deb ...
#6 17.09 Unpacking libexpat1-dev:amd64 (2.2.9-1build1) ...
#6 17.61 Selecting previously unselected package libpython2.7:amd64.
#6 17.61 Preparing to unpack .../2-libpython2.7_2.7.18-1~20.04.1_amd64.deb ...
#6 17.69 Unpacking libpython2.7:amd64 (2.7.18-1~20.04.1) ...
#6 17.89 Selecting previously unselected package libpython2.7-dev:amd64.
#6 17.90 Preparing to unpack .../3-libpython2.7-dev_2.7.18-1~20.04.1_amd64.deb ...
#6 17.90 Unpacking libpython2.7-dev:amd64 (2.7.18-1~20.04.1) ...
#6 18.26 Selecting previously unselected package libpython2-dev:amd64.
#6 18.27 Preparing to unpack .../4-libpython2-dev_2.7.17-2ubuntu4_amd64.deb ...
#6 18.27 Unpacking libpython2-dev:amd64 (2.7.17-2ubuntu4) ...
#6 18.33 Selecting previously unselected package python-is-python2.
#6 18.33 Preparing to unpack .../5-python-is-python2_2.7.17-4_all.deb ...
#6 18.33 Unpacking python-is-python2 (2.7.17-4) ...
#6 18.40 Selecting previously unselected package python2.7-dev.
#6 18.41 Preparing to unpack .../6-python2.7-dev_2.7.18-1~20.04.1_amd64.deb ...
#6 18.42 Unpacking python2.7-dev (2.7.18-1~20.04.1) ...
#6 18.54 Selecting previously unselected package python2-dev.
#6 18.54 Preparing to unpack .../7-python2-dev_2.7.17-2ubuntu4_amd64.deb ...
#6 18.56 Unpacking python2-dev (2.7.17-2ubuntu4) ...
#6 18.65 Selecting previously unselected package python-dev-is-python2.
#6 18.65 Preparing to unpack .../8-python-dev-is-python2_2.7.17-4_all.deb ...
#6 18.67 Unpacking python-dev-is-python2 (2.7.17-4) ...
#6 18.78 Setting up libpython2.7-stdlib:amd64 (2.7.18-1~20.04.1) ...
#6 18.83 Setting up libexpat1-dev:amd64 (2.2.9-1build1) ...
#6 18.86 Setting up libpython2.7:amd64 (2.7.18-1~20.04.1) ...
#6 18.90 Setting up libpython2.7-dev:amd64 (2.7.18-1~20.04.1) ...
#6 18.96 Setting up python2.7 (2.7.18-1~20.04.1) ...
#6 19.95 Setting up libpython2-stdlib:amd64 (2.7.17-2ubuntu4) ...
#6 20.01 Setting up python2 (2.7.17-2ubuntu4) ...
#6 20.06 Setting up libpython2-dev:amd64 (2.7.17-2ubuntu4) ...
#6 20.12 Setting up python-is-python2 (2.7.17-4) ...
#6 20.18 Setting up python2.7-dev (2.7.18-1~20.04.1) ...
#6 20.22 Setting up python2-dev (2.7.17-2ubuntu4) ...
#6 20.28 Setting up python-dev-is-python2 (2.7.17-4) ...
#6 20.35 Processing triggers for libc-bin (2.31-0ubuntu9.2) ...
#6 20.68 Processing triggers for mime-support (3.64ubuntu1) ...
#6 DONE 23.0s

#7 [3/8] RUN echo "deb [arch=amd64] http://storage.googleapis.com/bazel-apt stable jdk1.8" | tee /etc/apt/sources.list.d/bazel.list
#7 sha256:bd4a2010537d597d164c8e91b9dd8cbd0d5c705398b08e4e7486931f9b9681fc
#7 0.533 deb [arch=amd64] http://storage.googleapis.com/bazel-apt stable jdk1.8
#7 DONE 0.9s

#8 [4/8] RUN curl https://bazel.build/bazel-release.pub.gpg | apt-key add -
#8 sha256:fcf5382f46874a966ab0f2e10ce1270490a20aaa155b65751e0ce58ce9d4cd45
#8 0.662   % Total    % Received % Xferd  Average Speed   Time    Time     Time  Current
#8 0.662                                  Dload  Upload   Total   Spent    Left  Speed
#8 0.662   0     0    0     0    0     0      0      0 --:--:-- --:--:-- --:--:--     0  0     0    0     0    0     0      0      0 --:--:-- --:--:-- --:--:--     0Warning: apt-key output should not be parsed (stdout is not a terminal)
#8 0.967 100  3199  100  3199    0     0  10523      0 --:--:-- --:--:-- --:--:-- 10488
#8 1.191 OK
#8 DONE 1.7s

#9 [5/8] RUN apt-get update && apt-get install -y bazel
#9 sha256:85f533e26ea6907e663d2889a65b1948ac7d36ec8249a019dd79573648483a8f
#9 0.715 Get:1 http://ppa.launchpad.net/git-core/ppa/ubuntu focal InRelease [23.8 kB]
#9 0.716 Get:2 http://archive.ubuntu.com/ubuntu focal InRelease [265 kB]
#9 0.716 Get:3 http://security.ubuntu.com/ubuntu focal-security InRelease [114 kB]
#9 0.727 Get:4 http://storage.googleapis.com/bazel-apt stable InRelease [2256 B]
#9 0.849 Get:5 http://archive.ubuntu.com/ubuntu focal-updates InRelease [114 kB]
#9 0.882 Get:6 http://archive.ubuntu.com/ubuntu focal-backports InRelease [108 kB]
#9 1.018 Get:7 http://storage.googleapis.com/bazel-apt stable/jdk1.8 amd64 Packages [6927 B]
#9 1.076 Get:8 http://ppa.launchpad.net/git-core/ppa/ubuntu focal/main i386 Packages [3170 B]
#9 1.129 Get:9 http://ppa.launchpad.net/git-core/ppa/ubuntu focal/main amd64 Packages [3169 B]
#9 1.222 Get:10 http://security.ubuntu.com/ubuntu focal-security/universe amd64 Packages [841 kB]
#9 1.338 Get:11 http://security.ubuntu.com/ubuntu focal-security/multiverse i386 Packages [8160 B]
#9 1.339 Get:12 http://security.ubuntu.com/ubuntu focal-security/multiverse amd64 Packages [25.8 kB]
#9 1.341 Get:13 http://security.ubuntu.com/ubuntu focal-security/main i386 Packages [467 kB]
#9 1.375 Get:14 http://security.ubuntu.com/ubuntu focal-security/restricted i386 Packages [26.5 kB]
#9 1.377 Get:15 http://security.ubuntu.com/ubuntu focal-security/restricted amd64 Packages [974 kB]
#9 1.445 Get:16 http://archive.ubuntu.com/ubuntu focal/multiverse i386 Packages [88.9 kB]
#9 1.454 Get:17 http://security.ubuntu.com/ubuntu focal-security/main amd64 Packages [1557 kB]
#9 1.538 Get:18 http://archive.ubuntu.com/ubuntu focal/restricted amd64 Packages [33.4 kB]
#9 1.545 Get:19 http://archive.ubuntu.com/ubuntu focal/main i386 Packages [930 kB]
#9 1.602 Get:20 http://security.ubuntu.com/ubuntu focal-security/universe i386 Packages [657 kB]
#9 1.693 Get:21 http://archive.ubuntu.com/ubuntu focal/universe i386 Packages [5999 kB]
#9 2.141 Get:22 http://archive.ubuntu.com/ubuntu focal/restricted i386 Packages [10.1 kB]
#9 2.142 Get:23 http://archive.ubuntu.com/ubuntu focal/main amd64 Packages [1275 kB]
#9 2.236 Get:24 http://archive.ubuntu.com/ubuntu focal/universe amd64 Packages [11.3 MB]
#9 3.253 Get:25 http://archive.ubuntu.com/ubuntu focal/multiverse amd64 Packages [177 kB]
#9 3.256 Get:26 http://archive.ubuntu.com/ubuntu focal-updates/universe amd64 Packages [1134 kB]
#9 5.647 Get:27 http://archive.ubuntu.com/ubuntu focal-updates/multiverse amd64 Packages [29.4 kB]
#9 5.648 Get:28 http://archive.ubuntu.com/ubuntu focal-updates/multiverse i386 Packages [9591 B]
#9 5.649 Get:29 http://archive.ubuntu.com/ubuntu focal-updates/restricted amd64 Packages [1042 kB]
#9 5.670 Get:30 http://archive.ubuntu.com/ubuntu focal-updates/main amd64 Packages [1984 kB]
#9 5.700 Get:31 http://archive.ubuntu.com/ubuntu focal-updates/main i386 Packages [755 kB]
#9 5.709 Get:32 http://archive.ubuntu.com/ubuntu focal-updates/restricted i386 Packages [28.1 kB]
#9 5.710 Get:33 http://archive.ubuntu.com/ubuntu focal-updates/universe i386 Packages [827 kB]
#9 5.720 Get:34 http://archive.ubuntu.com/ubuntu focal-backports/main amd64 Packages [50.8 kB]
#9 5.721 Get:35 http://archive.ubuntu.com/ubuntu focal-backports/universe amd64 Packages [24.8 kB]
#9 5.721 Get:36 http://archive.ubuntu.com/ubuntu focal-backports/universe i386 Packages [13.1 kB]
#9 5.722 Get:37 http://archive.ubuntu.com/ubuntu focal-backports/main i386 Packages [41.7 kB]
#9 6.143 Fetched 31.0 MB in 5s (5647 kB/s)
#9 6.143 Reading package lists...
#9 7.653 Reading package lists...
#9 9.085 Building dependency tree...
#9 9.296 Reading state information...
#9 9.507 The following additional packages will be installed:
#9 9.507   zlib1g-dev
#9 9.508 Suggested packages:
#9 9.508   google-jdk | java8-sdk-headless | java8-jdk | java8-sdk
#9 9.508   | oracle-java8-installer bash-completion
#9 9.550 The following NEW packages will be installed:
#9 9.553   bazel zlib1g-dev
#9 9.640 0 upgraded, 2 newly installed, 0 to remove and 0 not upgraded.
#9 9.640 Need to get 48.7 MB of archives.
#9 9.640 After this operation, 605 kB of additional disk space will be used.
#9 9.640 Get:1 http://archive.ubuntu.com/ubuntu focal-updates/main amd64 zlib1g-dev amd64 1:1.2.11.dfsg-2ubuntu1.2 [155 kB]
#9 9.961 Get:2 http://storage.googleapis.com/bazel-apt stable/jdk1.8 amd64 bazel amd64 5.0.0 [48.5 MB]
#9 15.43 debconf: delaying package configuration, since apt-utils is not installed
#9 15.51 Fetched 48.7 MB in 5s (8993 kB/s)
#9 15.58 Selecting previously unselected package zlib1g-dev:amd64.
#9 15.58 (Reading database ... (Reading database ... 5%(Reading database ... 10%(Reading database ... 15%(Reading database ... 20%(Reading database ... 25%(Reading database ... 30%(Reading database ... 35%(Reading database ... 40%(Reading database ... 45%(Reading database ... 50%(Reading database ... 55%(Reading database ... 60%(Reading database ... 65%(Reading database ... 70%(Reading database ... 75%(Reading database ... 80%(Reading database ... 85%(Reading database ... 90%(Reading database ... 95%(Reading database ... 100%(Reading database ... 22241 files and directories currently installed.)
#9 15.60 Preparing to unpack .../zlib1g-dev_1%3a1.2.11.dfsg-2ubuntu1.2_amd64.deb ...
#9 15.62 Unpacking zlib1g-dev:amd64 (1:1.2.11.dfsg-2ubuntu1.2) ...
#9 15.75 Selecting previously unselected package bazel.
#9 15.76 Preparing to unpack .../archives/bazel_5.0.0_amd64.deb ...
#9 15.78 Unpacking bazel (5.0.0) ...
#9 16.16 Setting up zlib1g-dev:amd64 (1:1.2.11.dfsg-2ubuntu1.2) ...
#9 16.20 Setting up bazel (5.0.0) ...
#9 DONE 17.5s

#10 [6/8] RUN git clone --depth 1 https://github.com/tensorflow/tensorflow tensorflow
#10 sha256:9f0c29b2b408cbfb8bb79cf43736374aea9b353eb0ccb29ed990d614f941a096
#10 0.699 Cloning into 'tensorflow'...
#10 21.92 Updating files:  34% (8819/25721)Updating files:  35% (9003/25721)Updating files:  36% (9260/25721)Updating files:  37% (9517/25721)Updating files:  38% (9774/25721)Updating files:  39% (10032/25721)Updating files:  40% (10289/25721)Updating files:  41% (10546/25721)Updating files:  42% (10803/25721)Updating files:  43% (11061/25721)Updating files:  44% (11318/25721)Updating files:  45% (11575/25721)Updating files:  46% (11832/25721)Updating files:  47% (12089/25721)Updating files:  48% (12347/25721)Updating files:  49% (12604/25721)Updating files:  50% (12861/25721)Updating files:  51% (13118/25721)Updating files:  52% (13375/25721)Updating files:  53% (13633/25721)Updating files:  54% (13890/25721)Updating files:  55% (14147/25721)Updating files:  56% (14404/25721)Updating files:  57% (14661/25721)Updating files:  58% (14919/25721)Updating files:  59% (15176/25721)Updating files:  60% (15433/25721)Updating files:  61% (15690/25721)Updating files:  62% (15948/25721)Updating files:  63% (16205/25721)Updating files:  64% (16462/25721)Updating files:  65% (16719/25721)Updating files:  66% (16976/25721)Updating files:  67% (17234/25721)Updating files:  68% (17491/25721)Updating files:  69% (17748/25721)Updating files:  70% (18005/25721)Updating files:  70% (18042/25721)Updating files:  71% (18262/25721)Updating files:  72% (18520/25721)Updating files:  73% (18777/25721)Updating files:  74% (19034/25721)Updating files:  75% (19291/25721)Updating files:  76% (19548/25721)Updating files:  77% (19806/25721)Updating files:  78% (20063/25721)Updating files:  79% (20320/25721)Updating files:  80% (20577/25721)Updating files:  81% (20835/25721)Updating files:  82% (21092/25721)Updating files:  83% (21349/25721)Updating files:  84% (21606/25721)Updating files:  85% (21863/25721)Updating files:  86% (22121/25721)Updating files:  87% (22378/25721)Updating files:  88% (22635/25721)Updating files:  89% (22892/25721)Updating files:  90% (23149/25721)Updating files:  91% (23407/25721)Updating files:  92% (23664/25721)Updating files:  93% (23921/25721)Updating files:  94% (24178/25721)Updating files:  95% (24435/25721)Updating files:  96% (24693/25721)Updating files:  97% (24950/25721)Updating files:  98% (25207/25721)Updating files:  99% (25464/25721)Updating files:  99% (25694/25721)Updating files: 100% (25721/25721)Updating files: 100% (25721/25721), done.
#10 DONE 30.9s

#11 [7/8] WORKDIR /src/tensorflow
#11 sha256:71417c41b4f17d6d4f83a18e5a8455371571419a3ce8ed1a2fec7ebefaef947e
#11 DONE 0.4s

#13 [8/8] COPY build.sh /src/
#13 sha256:0df4213787685ad6c5d3d8b439b9a27c862db0b2b97e375ff5744757002a6675
#13 DONE 0.2s

#14 exporting to image
#14 sha256:e8c613e07b0b7ff33893b694f7759a10d42e180f2b4dc349fb57dc6b71dcab00
#14 exporting layers done
#14 writing image sha256:02b279877121ff0b1abf70cd77517fe2ae14de07c7b6d3d85619b3c733cfe464 0.0s done
#14 naming to gcr.io/fuzzbench/builders/benchmark/tensorflow_tensorflow 0.0s done
#14 DONE 0.3s

#15 exporting cache
#15 sha256:2700d4ef94dee473593c5c614b55b2dedcca7893909811a8f2b48291a1f581e4
#15 preparing build cache for export done
#15 DONE 0.0s
------
 > importing cache manifest from gcr.io/fuzzbench/builders/benchmark/tensorflow_tensorflow:
------
#1 [internal] load build definition from builder.Dockerfile
#1 sha256:772f2d515ceb40da257167957564a6a72ddcdcabc1647cc23ed0df74cf57efb2
#1 transferring dockerfile: 46B done
#1 DONE 0.1s

#2 [internal] load .dockerignore
#2 sha256:c01265fa495b692941495a247776d588fbd2617e98fc24fc45f24ea64a2176bf
#2 transferring context: 2B done
#2 DONE 0.1s

#3 [internal] load metadata for gcr.io/fuzzbench/builders/benchmark/tensorflow_tensorflow:latest
#3 sha256:f4f4876a1b6034a549ec85ff044ca0447ee36bcbb8519301d038ebe742c20e95
#3 DONE 0.0s

#5 [1/3] FROM gcr.io/fuzzbench/builders/benchmark/tensorflow_tensorflow
#5 sha256:0da68fdbceb0a0437a6d101256075170951e209676e53f8f18123dede7819a9a
#5 DONE 0.0s

#4 importing cache manifest from gcr.io/fuzzbench/builders/afl/tensorflow_tensorflow-intermediate
#4 sha256:d86fc56e9cbb241ab7ba3a8d8da9c2489cd1a53a7518e7f9cccfbb30a0402c45
#4 ERROR: gcr.io/fuzzbench/builders/afl/tensorflow_tensorflow-intermediate:latest: not found

#5 [1/3] FROM gcr.io/fuzzbench/builders/benchmark/tensorflow_tensorflow
#5 sha256:0da68fdbceb0a0437a6d101256075170951e209676e53f8f18123dede7819a9a
#5 DONE 1.8s

#6 [2/3] RUN git clone https://github.com/google/AFL.git /afl &&     cd /afl &&     git checkout 61037103ae3722c8060ff7082994836a794f978e &&     AFL_NO_X86=1 make
#6 sha256:bc2bba9bf31e5fe591fdbe4a2e44ef34dbfbfe34eab1c5a5884b1d119247fb35
#6 0.485 Cloning into '/afl'...
#6 1.476 Note: switching to '61037103ae3722c8060ff7082994836a794f978e'.
#6 1.476 
#6 1.476 You are in 'detached HEAD' state. You can look around, make experimental
#6 1.476 changes and commit them, and you can discard any commits you make in this
#6 1.476 state without impacting any branches by switching back to a branch.
#6 1.476 
#6 1.476 If you want to create a new branch to retain commits you create, you may
#6 1.476 do so (now or later) by using -c with the switch command. Example:
#6 1.476 
#6 1.476   git switch -c <new-branch-name>
#6 1.476 
#6 1.476 Or undo this operation with:
#6 1.476 
#6 1.476   git switch -
#6 1.476 
#6 1.476 Turn off this advice by setting config variable advice.detachedHead to false
#6 1.476 
#6 1.476 HEAD is now at 6103710 Fix a typo filename comparison in the fuzzer (#139)
#6 1.534 [!] Note: skipping x86 compilation checks (AFL_NO_X86 set).
#6 1.535 clang -O1 -fno-omit-frame-pointer -gline-tables-only -DFUZZING_BUILD_MODE_UNSAFE_FOR_PRODUCTION -Wall -D_FORTIFY_SOURCE=2 -g -Wno-pointer-sign -DAFL_PATH=\"/usr/local/lib/afl\" -DDOC_PATH=\"/usr/local/share/doc/afl\" -DBIN_PATH=\"/usr/local/bin\" afl-gcc.c -o afl-gcc -ldl
#6 1.728 set -e; for i in afl-g++ afl-clang afl-clang++; do ln -sf afl-gcc $i; done
#6 1.742 clang -O1 -fno-omit-frame-pointer -gline-tables-only -DFUZZING_BUILD_MODE_UNSAFE_FOR_PRODUCTION -Wall -D_FORTIFY_SOURCE=2 -g -Wno-pointer-sign -DAFL_PATH=\"/usr/local/lib/afl\" -DDOC_PATH=\"/usr/local/share/doc/afl\" -DBIN_PATH=\"/usr/local/bin\" afl-fuzz.c -o afl-fuzz -ldl
#6 4.165 clang -O1 -fno-omit-frame-pointer -gline-tables-only -DFUZZING_BUILD_MODE_UNSAFE_FOR_PRODUCTION -Wall -D_FORTIFY_SOURCE=2 -g -Wno-pointer-sign -DAFL_PATH=\"/usr/local/lib/afl\" -DDOC_PATH=\"/usr/local/share/doc/afl\" -DBIN_PATH=\"/usr/local/bin\" afl-showmap.c -o afl-showmap -ldl
#6 4.481 clang -O1 -fno-omit-frame-pointer -gline-tables-only -DFUZZING_BUILD_MODE_UNSAFE_FOR_PRODUCTION -Wall -D_FORTIFY_SOURCE=2 -g -Wno-pointer-sign -DAFL_PATH=\"/usr/local/lib/afl\" -DDOC_PATH=\"/usr/local/share/doc/afl\" -DBIN_PATH=\"/usr/local/bin\" afl-tmin.c -o afl-tmin -ldl
#6 4.909 clang -O1 -fno-omit-frame-pointer -gline-tables-only -DFUZZING_BUILD_MODE_UNSAFE_FOR_PRODUCTION -Wall -D_FORTIFY_SOURCE=2 -g -Wno-pointer-sign -DAFL_PATH=\"/usr/local/lib/afl\" -DDOC_PATH=\"/usr/local/share/doc/afl\" -DBIN_PATH=\"/usr/local/bin\" afl-gotcpu.c -o afl-gotcpu -ldl
#6 5.058 clang -O1 -fno-omit-frame-pointer -gline-tables-only -DFUZZING_BUILD_MODE_UNSAFE_FOR_PRODUCTION -Wall -D_FORTIFY_SOURCE=2 -g -Wno-pointer-sign -DAFL_PATH=\"/usr/local/lib/afl\" -DDOC_PATH=\"/usr/local/share/doc/afl\" -DBIN_PATH=\"/usr/local/bin\" afl-analyze.c -o afl-analyze -ldl
#6 5.455 clang -O1 -fno-omit-frame-pointer -gline-tables-only -DFUZZING_BUILD_MODE_UNSAFE_FOR_PRODUCTION -Wall -D_FORTIFY_SOURCE=2 -g -Wno-pointer-sign -DAFL_PATH=\"/usr/local/lib/afl\" -DDOC_PATH=\"/usr/local/share/doc/afl\" -DBIN_PATH=\"/usr/local/bin\" afl-as.c -o afl-as -ldl
#6 5.694 ln -sf afl-as as
#6 5.696 [!] Note: skipping build tests (you may need to use LLVM or QEMU mode).
#6 5.698 [+] LLVM users: see llvm_mode/README.llvm for a faster alternative to afl-gcc.
#6 5.699 [+] All done! Be sure to review README - it's pretty short and useful.
#6 DONE 6.2s

#7 [3/3] RUN apt-get update &&     apt-get install wget -y &&     wget https://raw.githubusercontent.com/llvm/llvm-project/5feb80e748924606531ba28c97fe65145c65372e/compiler-rt/lib/fuzzer/afl/afl_driver.cpp -O /afl/afl_driver.cpp &&     clang -Wno-pointer-sign -c /afl/llvm_mode/afl-llvm-rt.o.c -I/afl &&     clang++ -stdlib=libc++ -std=c++11 -O2 -c /afl/afl_driver.cpp &&     ar r /libAFL.a *.o
#7 sha256:151754e3df1e0485aa3cccfcd5cc17f20e21f94caefcf76f91c14577981b31ec
#7 0.791 Hit:1 http://ppa.launchpad.net/git-core/ppa/ubuntu focal InRelease
#7 0.791 Hit:2 http://archive.ubuntu.com/ubuntu focal InRelease
#7 0.791 Hit:3 http://storage.googleapis.com/bazel-apt stable InRelease
#7 0.797 Hit:4 http://archive.ubuntu.com/ubuntu focal-updates InRelease
#7 0.801 Hit:5 http://security.ubuntu.com/ubuntu focal-security InRelease
#7 0.820 Hit:6 http://archive.ubuntu.com/ubuntu focal-backports InRelease
#7 2.084 Reading package lists...
#7 3.580 Reading package lists...
#7 5.009 Building dependency tree...
#7 5.241 Reading state information...
#7 5.497 wget is already the newest version (1.20.3-1ubuntu2).
#7 5.497 0 upgraded, 0 newly installed, 0 to remove and 0 not upgraded.
#7 5.521 --2022-02-18 10:58:57--  https://raw.githubusercontent.com/llvm/llvm-project/5feb80e748924606531ba28c97fe65145c65372e/compiler-rt/lib/fuzzer/afl/afl_driver.cpp
#7 5.523 Resolving raw.githubusercontent.com (raw.githubusercontent.com)... 185.199.108.133, 185.199.109.133, 185.199.110.133, ...
#7 5.525 Connecting to raw.githubusercontent.com (raw.githubusercontent.com)|185.199.108.133|:443... connected.
#7 5.548 HTTP request sent, awaiting response... 200 OK
#7 5.710 Length: 9177 (9.0K) [text/plain]
#7 5.710 Saving to: '/afl/afl_driver.cpp'
#7 5.710 
#7 5.710      0K ........                                              100% 8.89M=0.001s
#7 5.711 
#7 5.711 2022-02-18 10:58:57 (8.89 MB/s) - '/afl/afl_driver.cpp' saved [9177/9177]
#7 5.711 
#7 7.830 ar: creating /libAFL.a
#7 DONE 8.3s

#8 exporting to image
#8 sha256:e8c613e07b0b7ff33893b694f7759a10d42e180f2b4dc349fb57dc6b71dcab00
#8 exporting layers done
#8 writing image sha256:590a3cc982749c51cf2d1fc3fe3b046e06a62dbfbc4e65fc3db25f9a59200f61 0.0s done
#8 naming to gcr.io/fuzzbench/builders/afl/tensorflow_tensorflow-intermediate done
#8 DONE 0.4s

#9 exporting cache
#9 sha256:2700d4ef94dee473593c5c614b55b2dedcca7893909811a8f2b48291a1f581e4
#9 preparing build cache for export done
#9 DONE 0.0s
------
 > importing cache manifest from gcr.io/fuzzbench/builders/afl/tensorflow_tensorflow-intermediate:
------
#1 [internal] load build definition from Dockerfile
#1 sha256:3619f064150a93f755f0b6cdcb6e4c0ec8252903efa633520a7a78d60adb7284
#1 transferring dockerfile: 2.00kB done
#1 DONE 0.1s

#2 [internal] load .dockerignore
#2 sha256:2c3c70c40a662e0b77ca7c49cb1a367da82e3a8aa2ce884e9a4a5920316038b3
#2 transferring context: 34B done
#2 DONE 0.1s

#3 [internal] load metadata for docker.io/library/ubuntu:xenial
#3 sha256:f62bae18ed588840f045c881b2502661f2a89578a2f8f99b83f5200ee83dd25b
#3 DONE 0.0s

#5 [1/7] FROM docker.io/library/ubuntu:xenial
#5 sha256:14dd403f25ae9e519bd44f27dc17af7ce80f5a4f9f48ca88108364e67ec5d360
#5 DONE 0.0s

#4 importing cache manifest from gcr.io/fuzzbench/base-image
#4 sha256:9b220ebb4d4daceed1b96df9b6dca076e762f1cd612574f010b82d5b9e5ad896
#4 DONE 0.0s

#8 [internal] load build context
#8 sha256:7784006b14b5eb4693590e3b0ea035de54dc09ab11a78b907c1d86325bd4a7f2
#8 transferring context: 559B 0.0s done
#8 DONE 0.1s

#7 [3/7] RUN cd /tmp/ &&     curl -O https://www.python.org/ftp/python/3.8.6/Python-3.8.6.tar.xz &&     tar -xvf Python-3.8.6.tar.xz &&     cd Python-3.8.6 &&     ./configure --enable-loadable-sqlite-extensions --enable-optimizations &&     make -j install &&     rm -r /tmp/Python-3.8.6.tar.xz /tmp/Python-3.8.6
#7 sha256:c5b9d1fb3371e84dbc60b76e7b2f8d5913bc93bcd4910ab65daa03e7b2ec4bb0
#7 CACHED

#9 [4/7] COPY ./requirements.txt /
#9 sha256:0f204112c4a79a992f7378cac6f8f18aac7ea105a0f1b7b8736fc5789ff5a573
#9 CACHED

#10 [5/7] RUN pip3 install -r /requirements.txt
#10 sha256:f816b6212644c9e258265b91d2e04c8e2cfe1709612e2314f75e282d0edacce2
#10 CACHED

#11 [6/7] RUN apt-get update -y && apt-get install -y     apt-transport-https     lsb-release
#11 sha256:e9114621ce898a8e9fcf59ad6c0ecfd69ea25921bd2aac17dcca42c5277fca93
#11 CACHED

#6 [2/7] RUN apt-get update -y && apt-get install -y     build-essential     rsync     curl     zlib1g-dev     libncurses5-dev     libgdbm-dev     libnss3-dev     libssl-dev     libreadline-dev     libffi-dev     virtualenv     libbz2-dev     liblzma-dev     libsqlite3-dev
#6 sha256:3a1b0960f17eed529eaae93dc8fd3554f2743dd584d8fa569cdbe6bc734371ac
#6 CACHED

#12 [7/7] RUN CLOUD_SDK_REPO="cloud-sdk-$(lsb_release -c -s)" &&     echo "deb https://packages.cloud.google.com/apt $CLOUD_SDK_REPO main"     | tee -a /etc/apt/sources.list.d/google-cloud-sdk.list &&     curl https://packages.cloud.google.com/apt/doc/apt-key.gpg     | apt-key add - &&     apt-get update -y &&     apt-get install -y google-cloud-sdk
#12 sha256:28f4a406c8a7b182ce640eba63c213108d5935a745f1a8d3e8117e665f3a9ba7
#12 CACHED

#13 exporting to image
#13 sha256:e8c613e07b0b7ff33893b694f7759a10d42e180f2b4dc349fb57dc6b71dcab00
#13 exporting layers done
#13 writing image sha256:ef0e87506e02e8309334e3a5cc106b4cd4043dd187be24e173eb28546ac98029
#13 writing image sha256:ef0e87506e02e8309334e3a5cc106b4cd4043dd187be24e173eb28546ac98029 0.0s done
#13 naming to gcr.io/fuzzbench/base-image done
#13 DONE 0.1s

#14 exporting cache
#14 sha256:2700d4ef94dee473593c5c614b55b2dedcca7893909811a8f2b48291a1f581e4
#14 preparing build cache for export done
#14 DONE 0.0s
#1 [internal] load build definition from Dockerfile
#1 sha256:ba9f1ff9f11f074bce4047bee8b17794da4e9dfd6a48f4e7a770ec52c8454b72
#1 transferring dockerfile: 2.22kB done
#1 DONE 0.1s

#2 [internal] load .dockerignore
#2 sha256:142e44707a0402b40dc467b7b2c87ff17ed965cd9331b074d625bcdd6f6381b5
#2 transferring context: 34B done
#2 DONE 0.1s

#3 [internal] load metadata for gcr.io/fuzzbench/builders/afl/tensorflow_tensorflow-intermediate:latest
#3 sha256:2b3999da39383c4c9b67cd2813885b4d08e796723901db97341e83af53796427
#3 DONE 0.0s

#4 [internal] load metadata for gcr.io/fuzzbench/base-image:latest
#4 sha256:932022888f650cc455b10eb5123bb08c0cccacac29a693e69314abbfd28a72c3
#4 DONE 0.0s

#12 [internal] load build context
#12 sha256:91749fdd18afd8abd6d74d8cfc7d436d4395eca191c36167b97021b030dcbfc6
#12 DONE 0.0s

#7 [base-image 1/1] FROM gcr.io/fuzzbench/base-image
#7 sha256:4d07825694520f8b6f6a0d8592dbd345433361ae044cb7f06706c5a95e3daaad
#7 DONE 0.0s

#6 [stage-1  1/13] FROM gcr.io/fuzzbench/builders/afl/tensorflow_tensorflow-intermediate
#6 sha256:89694648d4b34c2de5660d83a35f977a122b17d056c288e24acf016f6c31ae90
#6 DONE 0.0s

#5 importing cache manifest from gcr.io/fuzzbench/builders/afl/tensorflow_tensorflow
#5 sha256:ab4d3d74da97dba018c500aa643a265465791c53366c84cc90f1715b4e70f799
#5 ERROR: gcr.io/fuzzbench/builders/afl/tensorflow_tensorflow:latest: not found

#7 [base-image 1/1] FROM gcr.io/fuzzbench/base-image
#7 sha256:4d07825694520f8b6f6a0d8592dbd345433361ae044cb7f06706c5a95e3daaad
#7 CACHED

#6 [stage-1  1/13] FROM gcr.io/fuzzbench/builders/afl/tensorflow_tensorflow-intermediate
#6 sha256:89694648d4b34c2de5660d83a35f977a122b17d056c288e24acf016f6c31ae90
#6 ...

#12 [internal] load build context
#12 sha256:91749fdd18afd8abd6d74d8cfc7d436d4395eca191c36167b97021b030dcbfc6
#12 transferring context: 669.89kB 0.1s done
#12 DONE 0.5s

#6 [stage-1  1/13] FROM gcr.io/fuzzbench/builders/afl/tensorflow_tensorflow-intermediate
#6 sha256:89694648d4b34c2de5660d83a35f977a122b17d056c288e24acf016f6c31ae90
#6 DONE 1.3s

#8 [stage-1  2/13] COPY --from=base-image /usr/local/bin/python3* /usr/local/bin/
#8 sha256:6de518fdb5a2c3924c7dfb6a316463de00a84bb7dad6fcd3455c7790f8613369
#8 DONE 0.8s

#9 [stage-1  3/13] COPY --from=base-image /usr/local/lib/python3.8 /usr/local/lib/python3.8
#9 sha256:cb4b0b64271e37cbffc70e48e364a6ce0a206556297d869c7d2b6504e9d4294b
#9 DONE 45.0s

#10 [stage-1  4/13] COPY --from=base-image /usr/local/include/python3.8 /usr/local/include/python3.8
#10 sha256:8c6b8b9085ad09060313b4e6e06a20401f713a72b833f539fa3012597476aeac
#10 DONE 0.3s

#11 [stage-1  5/13] COPY --from=base-image /usr/local/lib/python3.8/site-packages /usr/local/lib/python3.8/site-packages
#11 sha256:21eff37354f4b340b65abde4b0a91459eceaf1c29daa61f0f9d251ab18a27b57
#11 DONE 41.7s

#13 [stage-1  6/13] COPY fuzzers /src/fuzzers
#13 sha256:f24d4f15117ec9548b4c27b7a31937bd024cbcd651617064a215ccd4e8d390db
#13 DONE 2.1s

#14 [stage-1  7/13] RUN touch /src/__init__.py
#14 sha256:c62b4aaa3be3c004e1e489e2869e637a6e22140f42a2a562afff5444b78a5d4b
#14 DONE 4.1s

#15 [stage-1  8/13] COPY benchmarks/tensorflow_tensorflow/benchmark.yaml /
#15 sha256:b7ab69e96b43f7e218e4e5a8c3ae72376beae57c4c27e0ec9bbad3e48bc7e7c8
#15 DONE 1.3s

#16 [stage-1  9/13] RUN mkdir /opt/fuzzbench/
#16 sha256:f1b86170ec6f78deb77cd357f4a13b8d92083556d59518011f93f75df1a3e814
#16 DONE 1.0s

#17 [stage-1 10/13] COPY docker/benchmark-builder/checkout_commit.py /opt/fuzzbench/
#17 sha256:1a7bd1a0910d24ace64ed1939fe4baa612d225d7fa917393efc6ce9289d87bb4
#17 DONE 1.4s

#18 [stage-1 11/13] RUN export CHECKOUT_COMMIT=$(cat /benchmark.yaml | tr -d ' ' | grep 'commit:' | cut -d ':' -f2) &&     python3 -u /opt/fuzzbench/checkout_commit.py $CHECKOUT_COMMIT /src
#18 sha256:6b11b0c105fe9a71805efbba31fcb2caaf3f0d52fea4f8f220c9e1f79dee9279
#18 1.704 Checking out commit 922ea7c8
/bin/sh: 1: source: not found
#1 [internal] load build definition from Dockerfile
#1 sha256:ac18b5f86497bd47d3cac6a24c8cdff8f0fb572a15503aa6fbd760e018bd191d
#1 DONE 0.0s

#1 [internal] load build definition from Dockerfile
#1 sha256:ac18b5f86497bd47d3cac6a24c8cdff8f0fb572a15503aa6fbd760e018bd191d
#1 transferring dockerfile: 32B done
#1 DONE 0.5s

#2 [internal] load .dockerignore
#2 sha256:9fe6b794fae18d170a1960dca147adcc86affef2c645a61621f10b497201e5d1
#2 transferring context: 2B done
#2 DONE 0.7s

#3 [internal] load metadata for gcr.io/oss-fuzz-base/base-builder:latest
#3 sha256:f10dc39cc9d418a5bc416dead31a1902b6821fdae909cd3b08f7a3fd1faba7b5
#3 DONE 1.4s

#5 [1/8] FROM gcr.io/oss-fuzz-base/base-builder@sha256:112044a9815d235113677d459cf2ece740a51f2b85081c8f66943dcdc72ddf7f
#5 sha256:4aee4bf9f7280ac8b7f02b8d29e6e084dd034d2c294b4e3e05d8ce7048a1450f
#5 DONE 0.0s

#4 importing cache manifest from gcr.io/fuzzbench/builders/benchmark/tensorflow_tensorflow
#4 sha256:83a1e181caae138b2c36e4224b6b6f88b1c1eb4ca7140d6f53e615da70dbfe48
#4 DONE 0.0s

#12 [internal] load build context
#12 sha256:a8e3aad1364bdf0521bddf172fb695c6804e99d1a1214a5be6863e225472d61e
#12 transferring context: 30B done
#12 DONE 0.3s

#10 [6/8] RUN git clone --depth 1 https://github.com/tensorflow/tensorflow tensorflow
#10 sha256:9f0c29b2b408cbfb8bb79cf43736374aea9b353eb0ccb29ed990d614f941a096
#10 CACHED

#11 [7/8] WORKDIR /src/tensorflow
#11 sha256:71417c41b4f17d6d4f83a18e5a8455371571419a3ce8ed1a2fec7ebefaef947e
#11 CACHED

#6 [2/8] RUN apt-get update && apt-get install -y --no-install-recommends         curl         python-dev         rsync         &&     apt-get clean &&     rm -rf /var/lib/apt/lists/*
#6 sha256:b7b42b15508772007b181914f5c520249dddec61c7c3fe4760b28f2ec3f580b4
#6 CACHED

#7 [3/8] RUN echo "deb [arch=amd64] http://storage.googleapis.com/bazel-apt stable jdk1.8" | tee /etc/apt/sources.list.d/bazel.list
#7 sha256:bd4a2010537d597d164c8e91b9dd8cbd0d5c705398b08e4e7486931f9b9681fc
#7 CACHED

#8 [4/8] RUN curl https://bazel.build/bazel-release.pub.gpg | apt-key add -
#8 sha256:fcf5382f46874a966ab0f2e10ce1270490a20aaa155b65751e0ce58ce9d4cd45
#8 CACHED

#9 [5/8] RUN apt-get update && apt-get install -y bazel
#9 sha256:85f533e26ea6907e663d2889a65b1948ac7d36ec8249a019dd79573648483a8f
#9 CACHED

#13 [8/8] COPY build.sh /src/
#13 sha256:cd4ce74dcfc9b6622854fb08ae71f96cf9c7493fcbf0d3b7dbd1201c832671e8
#13 CACHED

#14 exporting to image
#14 sha256:e8c613e07b0b7ff33893b694f7759a10d42e180f2b4dc349fb57dc6b71dcab00
#14 exporting layers done
#14 writing image sha256:02b279877121ff0b1abf70cd77517fe2ae14de07c7b6d3d85619b3c733cfe464 0.1s done
#14 naming to gcr.io/fuzzbench/builders/benchmark/tensorflow_tensorflow done
#14 DONE 1.9s

#15 exporting cache
#15 sha256:2700d4ef94dee473593c5c614b55b2dedcca7893909811a8f2b48291a1f581e4
#15 preparing build cache for export
#15 preparing build cache for export done
#15 DONE 0.0s
#2 [internal] load .dockerignore
#2 sha256:5168e15a4042863054aed9ac49650c975aee8f5f4491599d1029ac527bb08423
#2 transferring context: 2B done
#2 DONE 0.5s

#1 [internal] load build definition from builder.Dockerfile
#1 sha256:622ca74abf0721628f60fd150405ec4158fa18eb02cdfa2a1b0242653c130921
#1 transferring dockerfile: 46B done
#1 DONE 0.7s

#3 [internal] load metadata for gcr.io/fuzzbench/builders/benchmark/tensorflow_tensorflow:latest
#3 sha256:f4f4876a1b6034a549ec85ff044ca0447ee36bcbb8519301d038ebe742c20e95
#3 DONE 0.0s

#4 importing cache manifest from gcr.io/fuzzbench/builders/afl/tensorflow_tensorflow-intermediate
#4 sha256:d86fc56e9cbb241ab7ba3a8d8da9c2489cd1a53a7518e7f9cccfbb30a0402c45
#4 DONE 0.0s

#5 [1/3] FROM gcr.io/fuzzbench/builders/benchmark/tensorflow_tensorflow
#5 sha256:0da68fdbceb0a0437a6d101256075170951e209676e53f8f18123dede7819a9a
#5 DONE 0.0s

#6 [2/3] RUN git clone https://github.com/google/AFL.git /afl &&     cd /afl &&     git checkout 61037103ae3722c8060ff7082994836a794f978e &&     AFL_NO_X86=1 make
#6 sha256:bc2bba9bf31e5fe591fdbe4a2e44ef34dbfbfe34eab1c5a5884b1d119247fb35
#6 CACHED

#7 [3/3] RUN apt-get update &&     apt-get install wget -y &&     wget https://raw.githubusercontent.com/llvm/llvm-project/5feb80e748924606531ba28c97fe65145c65372e/compiler-rt/lib/fuzzer/afl/afl_driver.cpp -O /afl/afl_driver.cpp &&     clang -Wno-pointer-sign -c /afl/llvm_mode/afl-llvm-rt.o.c -I/afl &&     clang++ -stdlib=libc++ -std=c++11 -O2 -c /afl/afl_driver.cpp &&     ar r /libAFL.a *.o
#7 sha256:151754e3df1e0485aa3cccfcd5cc17f20e21f94caefcf76f91c14577981b31ec
#7 CACHED

#8 exporting to image
#8 sha256:e8c613e07b0b7ff33893b694f7759a10d42e180f2b4dc349fb57dc6b71dcab00
#8 exporting layers done
#8 writing image sha256:590a3cc982749c51cf2d1fc3fe3b046e06a62dbfbc4e65fc3db25f9a59200f61 0.0s done
#8 naming to gcr.io/fuzzbench/builders/afl/tensorflow_tensorflow-intermediate done
#8 DONE 1.2s

#9 exporting cache
#9 sha256:2700d4ef94dee473593c5c614b55b2dedcca7893909811a8f2b48291a1f581e4
#9 preparing build cache for export done
#9 DONE 0.0s
#1 [internal] load build definition from Dockerfile
#1 sha256:c8502def3ab4abc995fc64449b19aa3fa6bab8e7445b663d8c9edb0ce5a412cb
#1 transferring dockerfile: 2.00kB done
#1 DONE 0.1s

#2 [internal] load .dockerignore
#2 sha256:714f3ca6ea3c11d48671c7d5a67b953a8cc0b1afaf6c820c752d37437dadaf02
#2 transferring context: 34B done
#2 DONE 0.1s

#3 [internal] load metadata for docker.io/library/ubuntu:xenial
#3 sha256:f62bae18ed588840f045c881b2502661f2a89578a2f8f99b83f5200ee83dd25b
#3 DONE 0.0s

#5 [1/7] FROM docker.io/library/ubuntu:xenial
#5 sha256:14dd403f25ae9e519bd44f27dc17af7ce80f5a4f9f48ca88108364e67ec5d360
#5 DONE 0.0s

#4 importing cache manifest from gcr.io/fuzzbench/base-image
#4 sha256:9b220ebb4d4daceed1b96df9b6dca076e762f1cd612574f010b82d5b9e5ad896
#4 DONE 0.0s

#8 [internal] load build context
#8 sha256:6776e45467efd99b1c54ce1031bad3d57a8d581047433350dd5c7e44a9a5ec4c
#8 transferring context: 559B 0.0s done
#8 DONE 0.1s

#11 [6/7] RUN apt-get update -y && apt-get install -y     apt-transport-https     lsb-release
#11 sha256:6469b762ae2b1826c908982cbb44ef3556bcd2c98883cbda97d20d47d89eeeae
#11 CACHED

#6 [2/7] RUN apt-get update -y && apt-get install -y     build-essential     rsync     curl     zlib1g-dev     libncurses5-dev     libgdbm-dev     libnss3-dev     libssl-dev     libreadline-dev     libffi-dev     virtualenv     libbz2-dev     liblzma-dev     libsqlite3-dev
#6 sha256:3a1b0960f17eed529eaae93dc8fd3554f2743dd584d8fa569cdbe6bc734371ac
#6 CACHED

#7 [3/7] RUN cd /tmp/ &&     curl -O https://www.python.org/ftp/python/3.8.6/Python-3.8.6.tar.xz &&     tar -xvf Python-3.8.6.tar.xz &&     cd Python-3.8.6 &&     ./configure --enable-loadable-sqlite-extensions --enable-optimizations &&     make -j install &&     rm -r /tmp/Python-3.8.6.tar.xz /tmp/Python-3.8.6
#7 sha256:c5b9d1fb3371e84dbc60b76e7b2f8d5913bc93bcd4910ab65daa03e7b2ec4bb0
#7 CACHED

#9 [4/7] COPY ./requirements.txt /
#9 sha256:2c915e37833dc59e8472cb2a72d2b7fb7236dafd2d4680de6dbc1c70bcb0cb29
#9 CACHED

#10 [5/7] RUN pip3 install -r /requirements.txt
#10 sha256:ee3e80c438016bcd4f6fac973f0e8d4fc629556d7a7618b67b8d3b79fbbf1225
#10 CACHED

#12 [7/7] RUN CLOUD_SDK_REPO="cloud-sdk-$(lsb_release -c -s)" &&     echo "deb https://packages.cloud.google.com/apt $CLOUD_SDK_REPO main"     | tee -a /etc/apt/sources.list.d/google-cloud-sdk.list &&     curl https://packages.cloud.google.com/apt/doc/apt-key.gpg     | apt-key add - &&     apt-get update -y &&     apt-get install -y google-cloud-sdk
#12 sha256:cb489830dac60890d1d13ee58270301943657f780dc98aa825d268b5716bb9f4
#12 CACHED

#13 exporting to image
#13 sha256:e8c613e07b0b7ff33893b694f7759a10d42e180f2b4dc349fb57dc6b71dcab00
#13 exporting layers done
#13 writing image sha256:ef0e87506e02e8309334e3a5cc106b4cd4043dd187be24e173eb28546ac98029 0.0s done
#13 naming to gcr.io/fuzzbench/base-image done
#13 DONE 0.1s

#14 exporting cache
#14 sha256:2700d4ef94dee473593c5c614b55b2dedcca7893909811a8f2b48291a1f581e4
#14 preparing build cache for export done
#14 DONE 0.0s
#1 [internal] load build definition from Dockerfile
#1 sha256:a37164f715b73ff6318a0cfab69627b56e1852fd738d0926dc032e00794eef0a
#1 transferring dockerfile:
#1 transferring dockerfile: 2.22kB done
#1 ...

#2 [internal] load .dockerignore
#2 sha256:16a24c11ba73e66e4265d40cf19ce72a2511b352a542828b4e3ba90b87f29b28
#2 transferring context: 34B done
#2 DONE 1.0s

#1 [internal] load build definition from Dockerfile
#1 sha256:a37164f715b73ff6318a0cfab69627b56e1852fd738d0926dc032e00794eef0a
#1 DONE 1.3s

#4 [internal] load metadata for gcr.io/fuzzbench/base-image:latest
#4 sha256:932022888f650cc455b10eb5123bb08c0cccacac29a693e69314abbfd28a72c3
#4 DONE 0.0s

#7 [base-image 1/1] FROM gcr.io/fuzzbench/base-image
#7 sha256:4d07825694520f8b6f6a0d8592dbd345433361ae044cb7f06706c5a95e3daaad
#7 CACHED

#6 [stage-1  1/13] FROM gcr.io/fuzzbench/builders/afl/tensorflow_tensorflow-intermediate
#6 sha256:89694648d4b34c2de5660d83a35f977a122b17d056c288e24acf016f6c31ae90
#6 DONE 1.3s

#8 [stage-1  2/13] COPY --from=base-image /usr/local/bin/python3* /usr/local/bin/
#8 sha256:6de518fdb5a2c3924c7dfb6a316463de00a84bb7dad6fcd3455c7790f8613369
#8 DONE 0.8s

#9 [stage-1  3/13] COPY --from=base-image /usr/local/lib/python3.8 /usr/local/lib/python3.8
#9 sha256:cb4b0b64271e37cbffc70e48e364a6ce0a206556297d869c7d2b6504e9d4294b
#9 DONE 45.0s

#10 [stage-1  4/13] COPY --from=base-image /usr/local/include/python3.8 /usr/local/include/python3.8
#10 sha256:8c6b8b9085ad09060313b4e6e06a20401f713a72b833f539fa3012597476aeac
#10 DONE 0.3s

#11 [stage-1  5/13] COPY --from=base-image /usr/local/lib/python3.8/site-packages /usr/local/lib/python3.8/site-packages
#11 sha256:21eff37354f4b340b65abde4b0a91459eceaf1c29daa61f0f9d251ab18a27b57
#11 DONE 41.7s

#3 [internal] load metadata for gcr.io/fuzzbench/builders/afl/tensorflow_tensorflow-intermediate:latest
#3 sha256:2b3999da39383c4c9b67cd2813885b4d08e796723901db97341e83af53796427
#3 DONE 0.0s

#12 [internal] load build context
#12 sha256:9c96e47bc2555b292cddca0d5020250d8e69e98d667e2e6f75df728aaac0d5ee
#12 DONE 0.0s

#5 importing cache manifest from gcr.io/fuzzbench/builders/afl/tensorflow_tensorflow
#5 sha256:ab4d3d74da97dba018c500aa643a265465791c53366c84cc90f1715b4e70f799
#5 ERROR: gcr.io/fuzzbench/builders/afl/tensorflow_tensorflow:latest: not found

#12 [internal] load build context
#12 sha256:9c96e47bc2555b292cddca0d5020250d8e69e98d667e2e6f75df728aaac0d5ee
#12 transferring context: 669.89kB 0.1s done
#12 DONE 0.1s
#18 180.7 From https://github.com/tensorflow/tensorflow
#18 180.7  * [new tag]                 0.12.0-rc0   -> 0.12.0-rc0
#18 180.7  * [new tag]                 0.12.0-rc1   -> 0.12.0-rc1
#18 180.7  * [new tag]                 0.12.1       -> 0.12.1
#18 180.7  * [new tag]                 0.5.0        -> 0.5.0
#18 180.7  * [new tag]                 0.6.0        -> 0.6.0
#18 180.7  * [new tag]                 v0.10.0      -> v0.10.0
#18 180.7  * [new tag]                 v0.10.0rc0   -> v0.10.0rc0
#18 180.7  * [new tag]                 v0.11.0      -> v0.11.0
#18 180.7  * [new tag]                 v0.11.0rc0   -> v0.11.0rc0
#18 180.7  * [new tag]                 v0.11.0rc1   -> v0.11.0rc1
#18 180.7  * [new tag]                 v0.11.0rc2   -> v0.11.0rc2
#18 180.7  * [new tag]                 v0.12.0      -> v0.12.0
#18 180.7  * [new tag]                 v0.7.0       -> v0.7.0
#18 180.7  * [new tag]                 v0.7.1       -> v0.7.1
#18 180.7  * [new tag]                 v0.8.0rc0    -> v0.8.0rc0
#18 180.7  * [new tag]                 v0.9.0       -> v0.9.0
#18 180.7  * [new tag]                 v0.9.0rc0    -> v0.9.0rc0
#18 180.7  * [new tag]                 v1.0.0       -> v1.0.0
#18 180.7  * [new tag]                 v1.0.0-alpha -> v1.0.0-alpha
#18 180.7  * [new tag]                 v1.0.0-rc0   -> v1.0.0-rc0
#18 180.7  * [new tag]                 v1.0.0-rc1   -> v1.0.0-rc1
#18 180.7  * [new tag]                 v1.0.0-rc2   -> v1.0.0-rc2
#18 180.7  * [new tag]                 v1.1.0       -> v1.1.0
#18 180.7  * [new tag]                 v1.1.0-rc0   -> v1.1.0-rc0
#18 180.7  * [new tag]                 v1.1.0-rc1   -> v1.1.0-rc1
#18 180.7  * [new tag]                 v1.1.0-rc2   -> v1.1.0-rc2
#18 180.7  * [new tag]                 v1.12.0      -> v1.12.0
#18 180.7  * [new tag]                 v1.12.0-rc0  -> v1.12.0-rc0
#18 180.7  * [new tag]                 v1.12.0-rc1  -> v1.12.0-rc1
#18 180.7  * [new tag]                 v1.12.0-rc2  -> v1.12.0-rc2
#18 180.7  * [new tag]                 v1.12.1      -> v1.12.1
#18 180.7  * [new tag]                 v1.2.0       -> v1.2.0
#18 180.7  * [new tag]                 v1.2.0-rc0   -> v1.2.0-rc0
#18 180.7  * [new tag]                 v1.2.0-rc1   -> v1.2.0-rc1
#18 180.7  * [new tag]                 v1.2.0-rc2   -> v1.2.0-rc2
#18 180.7  * [new tag]                 v1.3.0-rc0   -> v1.3.0-rc0
#18 180.7  * [new tag]                 v1.3.0-rc1   -> v1.3.0-rc1
#18 180.7  * [new tag]                 v1.5.0       -> v1.5.0
#18 180.7  * [new tag]                 v1.5.0-rc0   -> v1.5.0-rc0
#18 180.7  * [new tag]                 v1.5.0-rc1   -> v1.5.0-rc1
#18 180.7  * [new tag]                 v1.6.0       -> v1.6.0
#18 180.7  * [new tag]                 v1.6.0-rc0   -> v1.6.0-rc0
#18 180.7  * [new tag]                 v1.6.0-rc1   -> v1.6.0-rc1
#18 180.7  * [new tag]                 v1.7.0       -> v1.7.0
#18 180.7  * [new tag]                 v1.7.0-rc0   -> v1.7.0-rc0
#18 180.7  * [new tag]                 v1.7.0-rc1   -> v1.7.0-rc1
#18 180.7  * [new tag]                 v1.8.0       -> v1.8.0
#18 180.7  * [new tag]                 v1.8.0-rc0   -> v1.8.0-rc0
#18 180.7  * [new tag]                 v1.8.0-rc1   -> v1.8.0-rc1
#18 180.7  * [new tag]                 v1.9.0       -> v1.9.0
#18 180.7  * [new tag]                 v1.9.0-rc0   -> v1.9.0-rc0
#18 180.7  * [new tag]                 v1.9.0-rc1   -> v1.9.0-rc1
#18 180.7  * [new tag]                 v1.9.0-rc2   -> v1.9.0-rc2
#18 180.8 error: pathspec '922ea7c8' did not match any file(s) known to git
#18 180.8 error: pathspec '922ea7c8' did not match any file(s) known to git
#18 180.8 error: pathspec '922ea7c8' did not match any file(s) known to git
#18 180.8 error: pathspec '922ea7c8' did not match any file(s) known to git
#18 180.8 error: pathspec '922ea7c8' did not match any file(s) known to git
#18 180.9 error: pathspec '922ea7c8' did not match any file(s) known to git
#18 180.9 error: pathspec '922ea7c8' did not match any file(s) known to git
#18 181.0 error: pathspec '922ea7c8' did not match any file(s) known to git
#18 181.0 error: pathspec '922ea7c8' did not match any file(s) known to git
#18 181.0 error: pathspec '922ea7c8' did not match any file(s) known to git
#18 181.0 error: pathspec '922ea7c8' did not match any file(s) known to git
#18 181.0 error: pathspec '922ea7c8' did not match any file(s) known to git
#18 181.0 error: pathspec '922ea7c8' did not match any file(s) known to git
#18 181.0 error: pathspec '922ea7c8' did not match any file(s) known to git
#18 181.1 error: pathspec '922ea7c8' did not match any file(s) known to git
#18 181.1 error: pathspec '922ea7c8' did not match any file(s) known to git
#18 181.1 error: pathspec '922ea7c8' did not match any file(s) known to git
#18 181.1 error: pathspec '922ea7c8' did not match any file(s) known to git
#18 181.1 error: pathspec '922ea7c8' did not match any file(s) known to git
#18 181.2 error: pathspec '922ea7c8' did not match any file(s) known to git
#18 181.2 error: pathspec '922ea7c8' did not match any file(s) known to git
#18 181.2 error: pathspec '922ea7c8' did not match any file(s) known to git
#18 181.2 error: pathspec '922ea7c8' did not match any file(s) known to git
#18 181.2 error: pathspec '922ea7c8' did not match any file(s) known to git
#18 181.3 Checkout unsuccessful.
#18 DONE 181.8s

#19 [stage-1 12/13] RUN echo "#!/bin/bash\nPYTHONPATH=/src python3 -u -c "from fuzzers import utils; utils.initialize_env(); from fuzzers.afl import fuzzer; fuzzer.build()"" > /usr/bin/fuzzer_build &&     chmod +x /usr/bin/fuzzer_build
#19 sha256:fb5604c95369c6e1fc0024f8e611dac1a4c0ccfcd0de510bcf50c2f61e7dd074
#19 DONE 0.6s

#20 [stage-1 13/13] RUN echo "Run fuzzer_build to build the target" && if [ -z "$debug_builder" ] ; then fuzzer_build; fi
#20 sha256:63a6a46c42c30de2506e1d5736b0b847739ea2af1aa716d3958474801876131c
#20 0.448 Run fuzzer_build to build the target
#20 0.560 FUZZ_TARGET = tensorflow
#20 0.560 CFLAGS = -DFUZZING_BUILD_MODE_UNSAFE_FOR_PRODUCTION -pthread -Wl,--no-as-needed -Wl,-ldl -Wl,-lm -Wno-unused-command-line-argument -O3
#20 0.560 CXXFLAGS = -DFUZZING_BUILD_MODE_UNSAFE_FOR_PRODUCTION -pthread -Wl,--no-as-needed -Wl,-ldl -Wl,-lm -Wno-unused-command-line-argument -stdlib=libc++ -O3
#20 0.566 Building benchmark tensorflow_tensorflow with fuzzer afl
#20 0.571 ++ grep 'current_bazel_version =' configure.py
#20 0.571 ++ cut -d, -f2
#20 0.571 ++ cut '-d'\''' -f2
#20 0.571 ++ tr -d '[:space:]'
#20 0.575 + BAZEL_VERSION=
#20 0.575 + '[' -z ']'
#20 0.575 + echo 'Couldn'\''t find a valid bazel version in configure.py script'
#20 0.575 Couldn't find a valid bazel version in configure.py script
#20 0.575 + exit 1
#20 0.576 Traceback (most recent call last):
#20 0.576   File "<string>", line 1, in <module>
#20 0.576   File "/src/fuzzers/afl/fuzzer.py", line 40, in build
#20 0.576     utils.build_benchmark()
#20 0.576   File "/src/fuzzers/utils.py", line 82, in build_benchmark
#20 0.576     subprocess.check_call(['/bin/bash', '-ex', build_script], env=env)
#20 0.576   File "/usr/local/lib/python3.8/subprocess.py", line 364, in check_call
#20 0.577     raise CalledProcessError(retcode, cmd)
#20 0.577 subprocess.CalledProcessError: Command '['/bin/bash', '-ex', '/src/build.sh']' returned non-zero exit status 1.
------
 > importing cache manifest from gcr.io/fuzzbench/builders/afl/tensorflow_tensorflow:
------
executor failed running [/bin/sh -c echo "Run fuzzer_build to build the target" && if [ -z "$debug_builder" ] ; then fuzzer_build; fi]: exit code: 1
#20 ERROR: executor failed running [/bin/sh -c echo "Run fuzzer_build to build the target" && if [ -z "$debug_builder" ] ; then fuzzer_build; fi]: exit code: 1
------
 > importing cache manifest from gcr.io/fuzzbench/builders/afl/tensorflow_tensorflow:
------
------
 > [stage-1 13/13] RUN echo "Run fuzzer_build to build the target" && if [ -z "$debug_builder" ] ; then fuzzer_build; fi:
------
executor failed running [/bin/sh -c echo "Run fuzzer_build to build the target" && if [ -z "$debug_builder" ] ; then fuzzer_build; fi]: exit code: 1
make: *** [docker/generated.mk:2868437: .afl-tensorflow_tensorflow-builder] Error 1
make: *** [docker/generated.mk:2868437: .afl-tensorflow_tensorflow-builder] Error 1
