WARNING:root:gcloud not found in PATH.
INFO:root:Successfully integrated benchmark: brunsli_brunsli.
INFO:root:Please run "make test-run-afl-brunsli_brunsli" to test integration.
#2 [internal] load .dockerignore
#2 sha256:c53e3d8d0492ae687c11b9ef14427a459ae43d5bf0cf90f4dbb1317fc33557ce
#2 transferring context: 2B done
#2 DONE 0.4s

#1 [internal] load build definition from Dockerfile
#1 sha256:26114a3bee5068223eae19700277f39b94beef3f66ca9fafa63838aaa8c00ab5
#1 transferring dockerfile: 964B done
#1 DONE 0.3s

#3 [internal] load metadata for gcr.io/oss-fuzz-base/base-builder:latest
#3 sha256:f10dc39cc9d418a5bc416dead31a1902b6821fdae909cd3b08f7a3fd1faba7b5
#3 DONE 0.4s

#9 [internal] load build context
#9 sha256:3077aba387851776b7b527ecc3b8c308e48207bd43e031b1e63b58962d58cc47
#9 DONE 0.0s

#5 [1/5] FROM gcr.io/oss-fuzz-base/base-builder@sha256:41d7bbe7827592680a606c9bba1aeb6e23c7502ce8b633923b06542f4c706e7c
#5 sha256:660db69324ed478291dd329cbbfe422dccbc173f9ab806c069fac341073eab8c
#5 DONE 0.0s

#4 importing cache manifest from gcr.io/fuzzbench/builders/benchmark/brunsli_brunsli
#4 sha256:a2c086265e0d3e36fd19ffecea4e8c5af15b78c9abaf96454542407729543af1
#4 ERROR: gcr.io/fuzzbench/builders/benchmark/brunsli_brunsli:latest: not found

#5 [1/5] FROM gcr.io/oss-fuzz-base/base-builder@sha256:41d7bbe7827592680a606c9bba1aeb6e23c7502ce8b633923b06542f4c706e7c
#5 sha256:660db69324ed478291dd329cbbfe422dccbc173f9ab806c069fac341073eab8c
#5 CACHED

#6 [2/5] RUN apt-get update && apt-get install -y cmake libtool make
#6 sha256:a7e417afb716b0d29339ed2b930efa1baab543d800d74302c11f7406fb6cdb35
#6 ...

#9 [internal] load build context
#9 sha256:3077aba387851776b7b527ecc3b8c308e48207bd43e031b1e63b58962d58cc47
#9 transferring context: 1.38kB done
#9 DONE 0.2s

#6 [2/5] RUN apt-get update && apt-get install -y cmake libtool make
#6 sha256:a7e417afb716b0d29339ed2b930efa1baab543d800d74302c11f7406fb6cdb35
#6 0.760 Hit:1 http://archive.ubuntu.com/ubuntu focal InRelease
#6 0.760 Get:2 http://archive.ubuntu.com/ubuntu focal-updates InRelease [114 kB]
#6 0.760 Get:3 http://security.ubuntu.com/ubuntu focal-security InRelease [114 kB]
#6 0.761 Hit:4 http://ppa.launchpad.net/git-core/ppa/ubuntu focal InRelease
#6 0.851 Get:5 http://archive.ubuntu.com/ubuntu focal-backports InRelease [108 kB]
#6 1.519 Get:6 http://archive.ubuntu.com/ubuntu focal-updates/restricted amd64 Packages [1042 kB]
#6 1.653 Get:7 http://archive.ubuntu.com/ubuntu focal-updates/universe amd64 Packages [1134 kB]
#6 1.737 Get:8 http://archive.ubuntu.com/ubuntu focal-updates/main amd64 Packages [1983 kB]
#6 1.885 Get:9 http://archive.ubuntu.com/ubuntu focal-updates/universe i386 Packages [827 kB]
#6 1.948 Get:10 http://archive.ubuntu.com/ubuntu focal-updates/main i386 Packages [754 kB]
#6 2.192 Fetched 6076 kB in 2s (3935 kB/s)
#6 2.192 Reading package lists...
#6 3.897 Reading package lists...
#6 5.314 Building dependency tree...
#6 5.525 Reading state information...
#6 5.741 make is already the newest version (4.2.1-1.2).
#6 5.741 make set to manually installed.
#6 5.741 The following additional packages will be installed:
#6 5.741   autoconf automake autotools-dev cmake-data libarchive13 libjsoncpp1
#6 5.742   libltdl-dev libltdl7 librhash0 libsigsegv2 libuv1 m4
#6 5.745 Suggested packages:
#6 5.745   autoconf-archive gnu-standards autoconf-doc gettext cmake-doc ninja-build
#6 5.745   lrzip libtool-doc gfortran | fortran95-compiler gcj-jdk m4-doc
#6 5.796 The following NEW packages will be installed:
#6 5.797   autoconf automake autotools-dev cmake cmake-data libarchive13 libjsoncpp1
#6 5.798   libltdl-dev libltdl7 librhash0 libsigsegv2 libtool libuv1 m4
#6 5.889 0 upgraded, 14 newly installed, 0 to remove and 1 not upgraded.
#6 5.889 Need to get 7334 kB of archives.
#6 5.889 After this operation, 36.1 MB of additional disk space will be used.
#6 5.889 Get:1 http://archive.ubuntu.com/ubuntu focal-updates/main amd64 libuv1 amd64 1.34.2-1ubuntu1.3 [80.8 kB]
#6 6.087 Get:2 http://archive.ubuntu.com/ubuntu focal/main amd64 libsigsegv2 amd64 2.12-2 [13.9 kB]
#6 6.100 Get:3 http://archive.ubuntu.com/ubuntu focal/main amd64 m4 amd64 1.4.18-4 [199 kB]
#6 6.130 Get:4 http://archive.ubuntu.com/ubuntu focal/main amd64 autoconf all 2.69-11.1 [321 kB]
#6 6.165 Get:5 http://archive.ubuntu.com/ubuntu focal/main amd64 autotools-dev all 20180224.1 [39.6 kB]
#6 6.168 Get:6 http://archive.ubuntu.com/ubuntu focal/main amd64 automake all 1:1.16.1-4ubuntu6 [522 kB]
#6 6.287 Get:7 http://archive.ubuntu.com/ubuntu focal/main amd64 cmake-data all 3.16.3-1ubuntu1 [1612 kB]
#6 6.398 Get:8 http://archive.ubuntu.com/ubuntu focal/main amd64 libarchive13 amd64 3.4.0-2ubuntu1 [327 kB]
#6 6.422 Get:9 http://archive.ubuntu.com/ubuntu focal/main amd64 libjsoncpp1 amd64 1.7.4-3.1ubuntu2 [75.6 kB]
#6 6.427 Get:10 http://archive.ubuntu.com/ubuntu focal/main amd64 librhash0 amd64 1.3.9-1 [113 kB]
#6 6.436 Get:11 http://archive.ubuntu.com/ubuntu focal/main amd64 cmake amd64 3.16.3-1ubuntu1 [3669 kB]
#6 6.725 Get:12 http://archive.ubuntu.com/ubuntu focal/main amd64 libltdl7 amd64 2.4.6-14 [38.5 kB]
#6 6.727 Get:13 http://archive.ubuntu.com/ubuntu focal/main amd64 libltdl-dev amd64 2.4.6-14 [162 kB]
#6 6.738 Get:14 http://archive.ubuntu.com/ubuntu focal/main amd64 libtool all 2.4.6-14 [161 kB]
#6 7.045 debconf: delaying package configuration, since apt-utils is not installed
#6 7.156 Fetched 7334 kB in 1s (7826 kB/s)
#6 7.256 Selecting previously unselected package libuv1:amd64.
#6 7.256 (Reading database ... (Reading database ... 5%(Reading database ... 10%(Reading database ... 15%(Reading database ... 20%(Reading database ... 25%(Reading database ... 30%(Reading database ... 35%(Reading database ... 40%(Reading database ... 45%(Reading database ... 50%(Reading database ... 55%(Reading database ... 60%(Reading database ... 65%(Reading database ... 70%(Reading database ... 75%(Reading database ... 80%(Reading database ... 85%(Reading database ... 90%(Reading database ... 95%(Reading database ... 100%(Reading database ... 21291 files and directories currently installed.)
#6 7.276 Preparing to unpack .../00-libuv1_1.34.2-1ubuntu1.3_amd64.deb ...
#6 7.301 Unpacking libuv1:amd64 (1.34.2-1ubuntu1.3) ...
#6 7.417 Selecting previously unselected package libsigsegv2:amd64.
#6 7.420 Preparing to unpack .../01-libsigsegv2_2.12-2_amd64.deb ...
#6 7.430 Unpacking libsigsegv2:amd64 (2.12-2) ...
#6 7.516 Selecting previously unselected package m4.
#6 7.519 Preparing to unpack .../02-m4_1.4.18-4_amd64.deb ...
#6 7.524 Unpacking m4 (1.4.18-4) ...
#6 7.659 Selecting previously unselected package autoconf.
#6 7.662 Preparing to unpack .../03-autoconf_2.69-11.1_all.deb ...
#6 7.665 Unpacking autoconf (2.69-11.1) ...
#6 7.809 Selecting previously unselected package autotools-dev.
#6 7.812 Preparing to unpack .../04-autotools-dev_20180224.1_all.deb ...
#6 7.818 Unpacking autotools-dev (20180224.1) ...
#6 7.925 Selecting previously unselected package automake.
#6 7.928 Preparing to unpack .../05-automake_1%3a1.16.1-4ubuntu6_all.deb ...
#6 7.940 Unpacking automake (1:1.16.1-4ubuntu6) ...
#6 8.158 Selecting previously unselected package cmake-data.
#6 8.162 Preparing to unpack .../06-cmake-data_3.16.3-1ubuntu1_all.deb ...
#6 8.173 Unpacking cmake-data (3.16.3-1ubuntu1) ...
#6 8.828 Selecting previously unselected package libarchive13:amd64.
#6 8.832 Preparing to unpack .../07-libarchive13_3.4.0-2ubuntu1_amd64.deb ...
#6 8.840 Unpacking libarchive13:amd64 (3.4.0-2ubuntu1) ...
#6 9.022 Selecting previously unselected package libjsoncpp1:amd64.
#6 9.025 Preparing to unpack .../08-libjsoncpp1_1.7.4-3.1ubuntu2_amd64.deb ...
#6 9.076 Unpacking libjsoncpp1:amd64 (1.7.4-3.1ubuntu2) ...
#6 9.256 Selecting previously unselected package librhash0:amd64.
#6 9.260 Preparing to unpack .../09-librhash0_1.3.9-1_amd64.deb ...
#6 9.272 Unpacking librhash0:amd64 (1.3.9-1) ...
#6 9.437 Selecting previously unselected package cmake.
#6 9.441 Preparing to unpack .../10-cmake_3.16.3-1ubuntu1_amd64.deb ...
#6 9.459 Unpacking cmake (3.16.3-1ubuntu1) ...
#6 9.996 Selecting previously unselected package libltdl7:amd64.
#6 9.999 Preparing to unpack .../11-libltdl7_2.4.6-14_amd64.deb ...
#6 10.02 Unpacking libltdl7:amd64 (2.4.6-14) ...
#6 10.11 Selecting previously unselected package libltdl-dev:amd64.
#6 10.11 Preparing to unpack .../12-libltdl-dev_2.4.6-14_amd64.deb ...
#6 10.13 Unpacking libltdl-dev:amd64 (2.4.6-14) ...
#6 10.25 Selecting previously unselected package libtool.
#6 10.26 Preparing to unpack .../13-libtool_2.4.6-14_all.deb ...
#6 10.27 Unpacking libtool (2.4.6-14) ...
#6 10.42 Setting up libarchive13:amd64 (3.4.0-2ubuntu1) ...
#6 10.50 Setting up autotools-dev (20180224.1) ...
#6 10.57 Setting up libuv1:amd64 (1.34.2-1ubuntu1.3) ...
#6 10.65 Setting up libsigsegv2:amd64 (2.12-2) ...
#6 10.71 Setting up libltdl7:amd64 (2.4.6-14) ...
#6 10.75 Setting up librhash0:amd64 (1.3.9-1) ...
#6 10.81 Setting up cmake-data (3.16.3-1ubuntu1) ...
#6 10.89 Setting up libjsoncpp1:amd64 (1.7.4-3.1ubuntu2) ...
#6 10.95 Setting up libtool (2.4.6-14) ...
#6 11.00 Setting up m4 (1.4.18-4) ...
#6 11.07 Setting up autoconf (2.69-11.1) ...
#6 11.15 Setting up cmake (3.16.3-1ubuntu1) ...
#6 11.21 Setting up automake (1:1.16.1-4ubuntu6) ...
#6 11.27 update-alternatives: using /usr/bin/automake-1.16 to provide /usr/bin/automake (automake) in auto mode
#6 11.27 update-alternatives: warning: skip creation of /usr/share/man/man1/automake.1.gz because associated file /usr/share/man/man1/automake-1.16.1.gz (of link group automake) doesn't exist
#6 11.27 update-alternatives: warning: skip creation of /usr/share/man/man1/aclocal.1.gz because associated file /usr/share/man/man1/aclocal-1.16.1.gz (of link group automake) doesn't exist
#6 11.30 Setting up libltdl-dev:amd64 (2.4.6-14) ...
#6 11.38 Processing triggers for libc-bin (2.31-0ubuntu9.2) ...
#6 DONE 12.0s

#7 [3/5] RUN git clone --depth 1 https://github.com/google/brunsli.git &&     cd brunsli &&     git submodule update --init --depth 1
#7 sha256:770716b4b9189a922cb093423fabd071177b3a7437e27a84adab2c4c9bbdb137
#7 0.509 Cloning into 'brunsli'...
#7 DONE 1.7s

#8 [4/5] WORKDIR brunsli
#8 sha256:f1188d1a04d0ebb260d3ebdc0e60461ab965cf5c6574e10161291043168520a8
#8 DONE 0.2s

#10 [5/5] COPY build.sh /src/
#10 sha256:9ec7d0e6f85d979efee22982921d10297a8c39b1e37e1dcbae1a484b928c8ea5
#10 DONE 0.2s

#11 exporting to image
#11 sha256:e8c613e07b0b7ff33893b694f7759a10d42e180f2b4dc349fb57dc6b71dcab00
#11 exporting layers done
#11 writing image sha256:4091a11c3d224b1c2b081abb38485584e24e6145a8956120696c1dc480d67aac 0.0s done
#11 naming to gcr.io/fuzzbench/builders/benchmark/brunsli_brunsli done
#11 DONE 0.2s

#12 exporting cache
#12 sha256:2700d4ef94dee473593c5c614b55b2dedcca7893909811a8f2b48291a1f581e4
#12 preparing build cache for export done
#12 DONE 0.0s
------
 > importing cache manifest from gcr.io/fuzzbench/builders/benchmark/brunsli_brunsli:
------
#2 [internal] load .dockerignore
#2 sha256:d732f6aca1e58d06d86e3c6b6c21e23a88053e7ea32dcffa7751449043898f05
#2 transferring context: 2B done
#2 DONE 0.2s

#1 [internal] load build definition from builder.Dockerfile
#1 sha256:3f6d6bbc491cac037ca64bb97eb47872aa1a8b924590eed15769690397242bc0
#1 transferring dockerfile: 1.35kB done
#1 DONE 0.2s

#3 [internal] load metadata for gcr.io/fuzzbench/builders/benchmark/brunsli_brunsli:latest
#3 sha256:bde49013a96abd2c53eabef149baef3e58614d40dd0efde4506d15c9bdeb7b73
#3 DONE 0.0s

#5 [1/3] FROM gcr.io/fuzzbench/builders/benchmark/brunsli_brunsli
#5 sha256:bafa4781872fef4fec3699f25e723c8d279e0cd8614d48667885643bc97fefa7
#5 DONE 0.0s

#4 importing cache manifest from gcr.io/fuzzbench/builders/afl/brunsli_brunsli-intermediate
#4 sha256:cbe68b89b88b4046f50c2ce0389356e52d5dc9c81dc1c9a2b037142d9e861c12
#4 ERROR: gcr.io/fuzzbench/builders/afl/brunsli_brunsli-intermediate:latest: not found

#5 [1/3] FROM gcr.io/fuzzbench/builders/benchmark/brunsli_brunsli
#5 sha256:bafa4781872fef4fec3699f25e723c8d279e0cd8614d48667885643bc97fefa7
#5 DONE 0.9s

#6 [2/3] RUN git clone https://github.com/google/AFL.git /afl &&     cd /afl &&     git checkout 61037103ae3722c8060ff7082994836a794f978e &&     AFL_NO_X86=1 make
#6 sha256:c54d5ea7a5393b643d8e38fdf912aa2e3a5fe534e07d08b6459b2a19b1a28fa9
#6 0.417 Cloning into '/afl'...
#6 1.199 Note: switching to '61037103ae3722c8060ff7082994836a794f978e'.
#6 1.199 
#6 1.199 You are in 'detached HEAD' state. You can look around, make experimental
#6 1.199 changes and commit them, and you can discard any commits you make in this
#6 1.199 state without impacting any branches by switching back to a branch.
#6 1.199 
#6 1.199 If you want to create a new branch to retain commits you create, you may
#6 1.199 do so (now or later) by using -c with the switch command. Example:
#6 1.199 
#6 1.199   git switch -c <new-branch-name>
#6 1.199 
#6 1.199 Or undo this operation with:
#6 1.199 
#6 1.199   git switch -
#6 1.199 
#6 1.199 Turn off this advice by setting config variable advice.detachedHead to false
#6 1.199 
#6 1.199 HEAD is now at 6103710 Fix a typo filename comparison in the fuzzer (#139)
#6 1.248 [!] Note: skipping x86 compilation checks (AFL_NO_X86 set).
#6 1.249 clang -O1 -fno-omit-frame-pointer -gline-tables-only -DFUZZING_BUILD_MODE_UNSAFE_FOR_PRODUCTION -Wall -D_FORTIFY_SOURCE=2 -g -Wno-pointer-sign -DAFL_PATH=\"/usr/local/lib/afl\" -DDOC_PATH=\"/usr/local/share/doc/afl\" -DBIN_PATH=\"/usr/local/bin\" afl-gcc.c -o afl-gcc -ldl
#6 1.418 set -e; for i in afl-g++ afl-clang afl-clang++; do ln -sf afl-gcc $i; done
#6 1.423 clang -O1 -fno-omit-frame-pointer -gline-tables-only -DFUZZING_BUILD_MODE_UNSAFE_FOR_PRODUCTION -Wall -D_FORTIFY_SOURCE=2 -g -Wno-pointer-sign -DAFL_PATH=\"/usr/local/lib/afl\" -DDOC_PATH=\"/usr/local/share/doc/afl\" -DBIN_PATH=\"/usr/local/bin\" afl-fuzz.c -o afl-fuzz -ldl
#6 4.007 clang -O1 -fno-omit-frame-pointer -gline-tables-only -DFUZZING_BUILD_MODE_UNSAFE_FOR_PRODUCTION -Wall -D_FORTIFY_SOURCE=2 -g -Wno-pointer-sign -DAFL_PATH=\"/usr/local/lib/afl\" -DDOC_PATH=\"/usr/local/share/doc/afl\" -DBIN_PATH=\"/usr/local/bin\" afl-showmap.c -o afl-showmap -ldl
#6 4.321 clang -O1 -fno-omit-frame-pointer -gline-tables-only -DFUZZING_BUILD_MODE_UNSAFE_FOR_PRODUCTION -Wall -D_FORTIFY_SOURCE=2 -g -Wno-pointer-sign -DAFL_PATH=\"/usr/local/lib/afl\" -DDOC_PATH=\"/usr/local/share/doc/afl\" -DBIN_PATH=\"/usr/local/bin\" afl-tmin.c -o afl-tmin -ldl
#6 4.757 clang -O1 -fno-omit-frame-pointer -gline-tables-only -DFUZZING_BUILD_MODE_UNSAFE_FOR_PRODUCTION -Wall -D_FORTIFY_SOURCE=2 -g -Wno-pointer-sign -DAFL_PATH=\"/usr/local/lib/afl\" -DDOC_PATH=\"/usr/local/share/doc/afl\" -DBIN_PATH=\"/usr/local/bin\" afl-gotcpu.c -o afl-gotcpu -ldl
#6 5.001 clang -O1 -fno-omit-frame-pointer -gline-tables-only -DFUZZING_BUILD_MODE_UNSAFE_FOR_PRODUCTION -Wall -D_FORTIFY_SOURCE=2 -g -Wno-pointer-sign -DAFL_PATH=\"/usr/local/lib/afl\" -DDOC_PATH=\"/usr/local/share/doc/afl\" -DBIN_PATH=\"/usr/local/bin\" afl-analyze.c -o afl-analyze -ldl
#6 5.395 clang -O1 -fno-omit-frame-pointer -gline-tables-only -DFUZZING_BUILD_MODE_UNSAFE_FOR_PRODUCTION -Wall -D_FORTIFY_SOURCE=2 -g -Wno-pointer-sign -DAFL_PATH=\"/usr/local/lib/afl\" -DDOC_PATH=\"/usr/local/share/doc/afl\" -DBIN_PATH=\"/usr/local/bin\" afl-as.c -o afl-as -ldl
#6 5.663 ln -sf afl-as as
#6 5.665 [!] Note: skipping build tests (you may need to use LLVM or QEMU mode).
#6 5.668 [+] LLVM users: see llvm_mode/README.llvm for a faster alternative to afl-gcc.
#6 5.668 [+] All done! Be sure to review README - it's pretty short and useful.
#6 DONE 6.1s

#7 [3/3] RUN apt-get update &&     apt-get install wget -y &&     wget https://raw.githubusercontent.com/llvm/llvm-project/5feb80e748924606531ba28c97fe65145c65372e/compiler-rt/lib/fuzzer/afl/afl_driver.cpp -O /afl/afl_driver.cpp &&     clang -Wno-pointer-sign -c /afl/llvm_mode/afl-llvm-rt.o.c -I/afl &&     clang++ -stdlib=libc++ -std=c++11 -O2 -c /afl/afl_driver.cpp &&     ar r /libAFL.a *.o
#7 sha256:e9282c0df0eb8cf848440eef853424c357bef1f841a4a15a01aac6763329a8a2
#7 0.707 Hit:1 http://ppa.launchpad.net/git-core/ppa/ubuntu focal InRelease
#7 0.707 Hit:2 http://archive.ubuntu.com/ubuntu focal InRelease
#7 0.707 Hit:3 http://archive.ubuntu.com/ubuntu focal-updates InRelease
#7 0.707 Hit:4 http://security.ubuntu.com/ubuntu focal-security InRelease
#7 0.724 Hit:5 http://archive.ubuntu.com/ubuntu focal-backports InRelease
#7 1.613 Reading package lists...
#7 3.281 Reading package lists...
#7 4.728 Building dependency tree...
#7 4.940 Reading state information...
#7 5.189 wget is already the newest version (1.20.3-1ubuntu2).
#7 5.189 0 upgraded, 0 newly installed, 0 to remove and 1 not upgraded.
#7 5.207 --2022-02-17 14:29:11--  https://raw.githubusercontent.com/llvm/llvm-project/5feb80e748924606531ba28c97fe65145c65372e/compiler-rt/lib/fuzzer/afl/afl_driver.cpp
#7 5.209 Resolving raw.githubusercontent.com (raw.githubusercontent.com)... 185.199.111.133, 185.199.108.133, 185.199.110.133, ...
#7 5.221 Connecting to raw.githubusercontent.com (raw.githubusercontent.com)|185.199.111.133|:443... connected.
#7 5.245 HTTP request sent, awaiting response... 200 OK
#7 5.435 Length: 9177 (9.0K) [text/plain]
#7 5.435 Saving to: '/afl/afl_driver.cpp'
#7 5.436 
#7 5.436      0K ........                                              100% 8.73M=0.001s
#7 5.437 
#7 5.437 2022-02-17 14:29:11 (8.73 MB/s) - '/afl/afl_driver.cpp' saved [9177/9177]
#7 5.437 
#7 7.404 ar: creating /libAFL.a
#7 DONE 7.7s

#8 exporting to image
#8 sha256:e8c613e07b0b7ff33893b694f7759a10d42e180f2b4dc349fb57dc6b71dcab00
#8 exporting layers done
#8 writing image sha256:0520dee9ae522099abdabe5f262522a063434088c6c521414c46270629795f2c 0.0s done
#8 naming to gcr.io/fuzzbench/builders/afl/brunsli_brunsli-intermediate done
#8 DONE 0.2s

#9 exporting cache
#9 sha256:2700d4ef94dee473593c5c614b55b2dedcca7893909811a8f2b48291a1f581e4
#9 preparing build cache for export done
#9 DONE 0.0s
------
 > importing cache manifest from gcr.io/fuzzbench/builders/afl/brunsli_brunsli-intermediate:
------
#2 [internal] load .dockerignore
#2 sha256:e07ffbf4be64cda5a49e70e88968e497619818abb5635830dcb82df23688c094
#2 transferring context: 34B done
#2 ...

#1 [internal] load build definition from Dockerfile
#1 sha256:5d8d6851a7281e41a73b0dbf23c9fe39e83df32932d05a76f7d10f5b0bf0d217
#1 transferring dockerfile: 2.00kB done
#1 DONE 0.3s

#2 [internal] load .dockerignore
#2 sha256:e07ffbf4be64cda5a49e70e88968e497619818abb5635830dcb82df23688c094
#2 DONE 0.3s

#3 [internal] load metadata for docker.io/library/ubuntu:xenial
#3 sha256:f62bae18ed588840f045c881b2502661f2a89578a2f8f99b83f5200ee83dd25b
#3 DONE 0.0s

#4 importing cache manifest from gcr.io/fuzzbench/base-image
#4 sha256:9b220ebb4d4daceed1b96df9b6dca076e762f1cd612574f010b82d5b9e5ad896
#4 DONE 0.0s

#5 [1/7] FROM docker.io/library/ubuntu:xenial
#5 sha256:14dd403f25ae9e519bd44f27dc17af7ce80f5a4f9f48ca88108364e67ec5d360
#5 DONE 0.0s

#8 [internal] load build context
#8 sha256:287272ba71bb59229b89aec7d8a484aa1a9da32929fd4981982022061c9624d8
#8 transferring context: 559B 0.2s done
#8 DONE 0.4s

#6 [2/7] RUN apt-get update -y && apt-get install -y     build-essential     rsync     curl     zlib1g-dev     libncurses5-dev     libgdbm-dev     libnss3-dev     libssl-dev     libreadline-dev     libffi-dev     virtualenv     libbz2-dev     liblzma-dev     libsqlite3-dev
#6 sha256:3a1b0960f17eed529eaae93dc8fd3554f2743dd584d8fa569cdbe6bc734371ac
#6 CACHED

#7 [3/7] RUN cd /tmp/ &&     curl -O https://www.python.org/ftp/python/3.8.6/Python-3.8.6.tar.xz &&     tar -xvf Python-3.8.6.tar.xz &&     cd Python-3.8.6 &&     ./configure --enable-loadable-sqlite-extensions --enable-optimizations &&     make -j install &&     rm -r /tmp/Python-3.8.6.tar.xz /tmp/Python-3.8.6
#7 sha256:c5b9d1fb3371e84dbc60b76e7b2f8d5913bc93bcd4910ab65daa03e7b2ec4bb0
#7 CACHED

#9 [4/7] COPY ./requirements.txt /
#9 sha256:2dcba8518c29c347eb51fc4355d42facb77430e6c865e179ddf2f4a8957f312e
#9 CACHED

#10 [5/7] RUN pip3 install -r /requirements.txt
#10 sha256:c6712e0c0e0d926a554debc0c106695bb6b6cc3681a6175c86e0e3bdd72f1e3b
#10 CACHED

#11 [6/7] RUN apt-get update -y && apt-get install -y     apt-transport-https     lsb-release
#11 sha256:c29a910894a65abbbadf3938c7431e08c2c0279057dd74d9b274bd76efea3972
#11 CACHED

#12 [7/7] RUN CLOUD_SDK_REPO="cloud-sdk-$(lsb_release -c -s)" &&     echo "deb https://packages.cloud.google.com/apt $CLOUD_SDK_REPO main"     | tee -a /etc/apt/sources.list.d/google-cloud-sdk.list &&     curl https://packages.cloud.google.com/apt/doc/apt-key.gpg     | apt-key add - &&     apt-get update -y &&     apt-get install -y google-cloud-sdk
#12 sha256:de1ceb0b09f6ccc8054f3842d55371e3028138015c997d05021c5437a38cb99b
#12 CACHED

#13 exporting to image
#13 sha256:e8c613e07b0b7ff33893b694f7759a10d42e180f2b4dc349fb57dc6b71dcab00
#13 exporting layers done
#13 writing image sha256:49724756c78e533229355b3454e58e19471aff396c0708a235bec31a2b597f30 0.0s done
#13 naming to gcr.io/fuzzbench/base-image done
#13 DONE 0.5s

#14 exporting cache
#14 sha256:2700d4ef94dee473593c5c614b55b2dedcca7893909811a8f2b48291a1f581e4
#14 preparing build cache for export done
#14 DONE 0.0s
#1 [internal] load build definition from Dockerfile
#1 sha256:7afc5f6eafb310663616547f74d4bd50188e29c5b720ff77ff38b769b6d38cce
#1 transferring dockerfile: 2.22kB done
#1 DONE 0.0s

#2 [internal] load .dockerignore
#2 sha256:24357762f528def3bcd1b38885a1b59ae675b1d030667562978dde44b7b85be1
#2 transferring context: 34B done
#2 DONE 0.0s

#4 [internal] load metadata for gcr.io/fuzzbench/base-image:latest
#4 sha256:932022888f650cc455b10eb5123bb08c0cccacac29a693e69314abbfd28a72c3
#4 DONE 0.0s

#3 [internal] load metadata for gcr.io/fuzzbench/builders/afl/brunsli_brunsli-intermediate:latest
#3 sha256:aa8e8fc0fadeaa3a0e71683322e56966a50864aaee924c219e070c1fd833b3cc
#3 DONE 0.0s

#12 [internal] load build context
#12 sha256:426be599ae5f914133ad8014629a3a94d96819a89b2e23334ae528bd5d7e7ed1
#12 DONE 0.0s

#7 [base-image 1/1] FROM gcr.io/fuzzbench/base-image
#7 sha256:4d07825694520f8b6f6a0d8592dbd345433361ae044cb7f06706c5a95e3daaad
#7 DONE 0.0s

#6 [stage-1  1/13] FROM gcr.io/fuzzbench/builders/afl/brunsli_brunsli-intermediate
#6 sha256:2ea4f29f65e1def1792ecd5e080deae4d2ea7d39dfa11651d3afc62dc02cd807
#6 DONE 0.0s

#5 importing cache manifest from gcr.io/fuzzbench/builders/afl/brunsli_brunsli
#5 sha256:4c209ed38a1fcfb226e7816fd4296f698b39da00b56043ed22b1c7da968791f5
#5 ERROR: gcr.io/fuzzbench/builders/afl/brunsli_brunsli:latest: not found

#7 [base-image 1/1] FROM gcr.io/fuzzbench/base-image
#7 sha256:4d07825694520f8b6f6a0d8592dbd345433361ae044cb7f06706c5a95e3daaad
#7 CACHED

#12 [internal] load build context
#12 sha256:426be599ae5f914133ad8014629a3a94d96819a89b2e23334ae528bd5d7e7ed1
#12 transferring context: 669.87kB 0.1s done
#12 DONE 0.1s

#6 [stage-1  1/13] FROM gcr.io/fuzzbench/builders/afl/brunsli_brunsli-intermediate
#6 sha256:2ea4f29f65e1def1792ecd5e080deae4d2ea7d39dfa11651d3afc62dc02cd807
#6 DONE 0.3s

#8 [stage-1  2/13] COPY --from=base-image /usr/local/bin/python3* /usr/local/bin/
#8 sha256:80996ce107f0c0fbc877d39e7472f46bae3f1309efdcee7e8f32208e86f1d1a0
#8 DONE 1.1s

#9 [stage-1  3/13] COPY --from=base-image /usr/local/lib/python3.8 /usr/local/lib/python3.8
#9 sha256:09b8037c92c82cc4a83cd50ec4ba275f0c38ce135dd3f80c45facbb662787406
#9 DONE 17.2s

#10 [stage-1  4/13] COPY --from=base-image /usr/local/include/python3.8 /usr/local/include/python3.8
#10 sha256:e5a6b20ccd9aeff5e9a38d32de322cc68336f3f5340f996fb13a220d150a5526
#10 DONE 0.3s

#11 [stage-1  5/13] COPY --from=base-image /usr/local/lib/python3.8/site-packages /usr/local/lib/python3.8/site-packages
#11 sha256:2a6d61f937161c39709def070b7e1c14b3e1cd9e3cf323771191bd745041bb94
#11 DONE 31.4s

#13 [stage-1  6/13] COPY fuzzers /src/fuzzers
#13 sha256:315066597328777b7ac91e6a12d4520e60c46a3f5216447ef38ac273018a18f3
#13 DONE 0.7s

#14 [stage-1  7/13] RUN touch /src/__init__.py
#14 sha256:ba78a4558f49edce89578c5b85c06e05e584c94b7f63b406e9be5d49fbc922e7
#14 DONE 2.5s

#15 [stage-1  8/13] COPY benchmarks/brunsli_brunsli/benchmark.yaml /
#15 sha256:36abebecc667f07a1eb6f1c5d5d0c6303c74ff947f158fc1a218f0e16a162cb7
#15 DONE 0.4s

#16 [stage-1  9/13] RUN mkdir /opt/fuzzbench/
#16 sha256:8bef3cb8e9286b5acc57fe4094ba6a3be2cab44c2b3e8f0639bc222319082858
#16 DONE 0.7s

#17 [stage-1 10/13] COPY docker/benchmark-builder/checkout_commit.py /opt/fuzzbench/
#17 sha256:109e62884563824b3d1dc89d8141bd3cc7a194daebf9320ed3a55fda24497c39
#17 DONE 0.3s

#18 [stage-1 11/13] RUN export CHECKOUT_COMMIT=$(cat /benchmark.yaml | tr -d ' ' | grep 'commit:' | cut -d ':' -f2) &&     python3 -u /opt/fuzzbench/checkout_commit.py $CHECKOUT_COMMIT /src
#18 sha256:887f611674978749402d1ed4bdbaa2f309f0b119e3065a86cfa19ac93deea2fd
#18 0.512 Checking out commit 1d5a2cd8
#18 4.938 From https://github.com/google/brunsli
#18 4.938  * [new tag]         v0.1       -> v0.1
#18 4.944 error: pathspec '1d5a2cd8' did not match any file(s) known to git
#18 4.950 error: pathspec '1d5a2cd8' did not match any file(s) known to git
#18 4.957 error: pathspec '1d5a2cd8' did not match any file(s) known to git
#18 4.987 error: pathspec '1d5a2cd8' did not match any file(s) known to git
#18 4.993 error: pathspec '1d5a2cd8' did not match any file(s) known to git
#18 5.028 Checkout unsuccessful.
#18 DONE 5.5s

#19 [stage-1 12/13] RUN echo "#!/bin/bash\nPYTHONPATH=/src python3 -u -c "from fuzzers import utils; utils.initialize_env(); from fuzzers.afl import fuzzer; fuzzer.build()"" > /usr/bin/fuzzer_build &&     chmod +x /usr/bin/fuzzer_build
#19 sha256:797ec6298ce70bb3549e74488d4af38d5a7a95547cc25f4a2ef98ce426d4749f
#19 DONE 1.1s

#20 [stage-1 13/13] RUN echo "Run fuzzer_build to build the target" && if [ -z "$debug_builder" ] ; then fuzzer_build; fi
#20 sha256:933eac318dc8164f696e30250c07fde25031a4f6e75ca95939862e86c6a8356f
#20 0.632 Run fuzzer_build to build the target
#20 0.745 FUZZ_TARGET = brunsli
#20 0.745 CFLAGS = -DFUZZING_BUILD_MODE_UNSAFE_FOR_PRODUCTION -pthread -Wl,--no-as-needed -Wl,-ldl -Wl,-lm -Wno-unused-command-line-argument -O3
#20 0.745 CXXFLAGS = -DFUZZING_BUILD_MODE_UNSAFE_FOR_PRODUCTION -pthread -Wl,--no-as-needed -Wl,-ldl -Wl,-lm -Wno-unused-command-line-argument -stdlib=libc++ -O3
#20 0.759 Building benchmark brunsli_brunsli with fuzzer afl
#20 0.763 + cmake . -DBUILD_TESTING=OFF
#20 0.988 -- The C compiler identification is Clang 14.0.0
#20 1.246 -- The CXX compiler identification is Clang 14.0.0
#20 1.257 -- Detecting C compiler ABI info
#20 1.416 -- Detecting C compiler ABI info - done
#20 1.465 -- Check for working C compiler: /usr/local/bin/clang - skipped
#20 1.465 -- Detecting C compile features
#20 1.466 -- Detecting C compile features - done
#20 1.473 -- Detecting CXX compiler ABI info
#20 1.672 -- Detecting CXX compiler ABI info - done
#20 1.736 -- Check for working CXX compiler: /usr/local/bin/clang++ - skipped
#20 1.737 -- Detecting CXX compile features
#20 1.737 -- Detecting CXX compile features - done
#20 1.739 -- Performing Test BRUNSLI_EMSCRIPTEN
#20 1.894 -- Performing Test BRUNSLI_EMSCRIPTEN - Failed
#20 1.894 -- Compiler is not EMSCRIPTEN
#20 5.242 -- Found Python: /usr/local/bin/python3.8 (found version "3.8.6") found components: Interpreter 
#20 5.245 -- Looking for pthread.h
#20 5.419 -- Looking for pthread.h - found
#20 5.420 -- Performing Test CMAKE_HAVE_LIBC_PTHREAD
#20 5.606 -- Performing Test CMAKE_HAVE_LIBC_PTHREAD - Success
#20 5.610 -- Found Threads: TRUE  
#20 12.84 CMake Deprecation Warning at _deps/brotli-src/CMakeLists.txt:5 (cmake_minimum_required):
#20 12.84   Compatibility with CMake < 2.8.12 will be removed from a future version of
#20 12.84   CMake.
#20 12.84 
#20 12.84   Update the VERSION argument <min> value or use a ...<max> suffix to tell
#20 12.84   CMake that the project does not need compatibility with older versions.
#20 12.84 
#20 12.84 
#20 12.84 -- Setting build type to Release as none was specified.
#20 12.84 -- Performing Test BROTLI_EMSCRIPTEN
#20 13.00 -- Performing Test BROTLI_EMSCRIPTEN - Failed
#20 13.00 -- Compiler is not EMSCRIPTEN
#20 13.02 -- Looking for log2
#20 13.18 -- Looking for log2 - found
#20 13.19 -- Configuring done
#20 13.26 -- Generating done
#20 13.26 -- Build files have been written to: /src/brunsli
#20 13.26 + make clean
#20 13.38 ++ nproc
#20 13.38 + make -j8 brunslidec-static
#20 13.41 [  3%] Building C object _deps/brotli-build/CMakeFiles/brotlicommon-static.dir/c/common/constants.c.o
#20 13.41 [ 10%] Building C object _deps/brotli-build/CMakeFiles/brotlicommon-static.dir/c/common/context.c.o
#20 13.41 [ 10%] Building CXX object CMakeFiles/brunslicommon-static.dir/c/common/ans_params.cc.o
#20 13.42 [ 14%] Building C object _deps/brotli-build/CMakeFiles/brotlicommon-static.dir/c/common/dictionary.c.o
#20 13.42 [ 17%] Building CXX object CMakeFiles/brunslicommon-static.dir/c/common/constants.cc.o
#20 13.42 [ 21%] Building CXX object CMakeFiles/brunslicommon-static.dir/c/common/context.cc.o
#20 13.42 [ 25%] Building C object _deps/brotli-build/CMakeFiles/brotlicommon-static.dir/c/common/transform.c.o
#20 13.42 [ 28%] Building C object _deps/brotli-build/CMakeFiles/brotlicommon-static.dir/c/common/platform.c.o
#20 13.44 [ 32%] Building CXX object CMakeFiles/brunslicommon-static.dir/c/common/lehmer_code.cc.o
#20 13.45 [ 32%] Building CXX object CMakeFiles/brunslicommon-static.dir/c/common/platform.cc.o
#20 13.46 [ 35%] Building CXX object CMakeFiles/brunslicommon-static.dir/c/common/predict.cc.o
#20 13.48 [ 39%] Building CXX object CMakeFiles/brunslicommon-static.dir/c/common/quant_matrix.cc.o
#20 14.03 [ 42%] Linking C static library libbrotlicommon-static.a
#20 14.05 [ 42%] Built target brotlicommon-static
#20 14.07 [ 50%] Building C object _deps/brotli-build/CMakeFiles/brotlidec-static.dir/c/dec/decode.c.o
#20 14.07 [ 50%] Building C object _deps/brotli-build/CMakeFiles/brotlidec-static.dir/c/dec/bit_reader.c.o
#20 14.19 [ 53%] Building C object _deps/brotli-build/CMakeFiles/brotlidec-static.dir/c/dec/huffman.c.o
#20 14.54 [ 57%] Building C object _deps/brotli-build/CMakeFiles/brotlidec-static.dir/c/dec/state.c.o
#20 15.49 [ 60%] Linking CXX static library artifacts/libbrunslicommon-static.a
#20 15.51 [ 60%] Built target brunslicommon-static
#20 16.25 [ 64%] Linking C static library libbrotlidec-static.a
#20 16.27 [ 64%] Built target brotlidec-static
#20 16.29 [ 67%] Building CXX object CMakeFiles/brunslidec-static.dir/c/dec/ans_decode.cc.o
#20 16.29 [ 75%] Building CXX object CMakeFiles/brunslidec-static.dir/c/dec/bit_reader.cc.o
#20 16.29 [ 75%] Building CXX object CMakeFiles/brunslidec-static.dir/c/dec/brunsli_decode.cc.o
#20 16.29 [ 78%] Building CXX object CMakeFiles/brunslidec-static.dir/c/dec/context_map_decode.cc.o
#20 16.29 [ 82%] Building CXX object CMakeFiles/brunslidec-static.dir/c/dec/histogram_decode.cc.o
#20 16.29 [ 85%] Building CXX object CMakeFiles/brunslidec-static.dir/c/dec/huffman_decode.cc.o
#20 16.29 [ 89%] Building CXX object CMakeFiles/brunslidec-static.dir/c/dec/huffman_table.cc.o
#20 16.29 [ 92%] Building CXX object CMakeFiles/brunslidec-static.dir/c/dec/jpeg_data_writer.cc.o
#20 17.78 [ 96%] Building CXX object CMakeFiles/brunslidec-static.dir/c/dec/state.cc.o
#20 22.95 [100%] Linking CXX static library artifacts/libbrunslidec-static.a
#20 22.97 [100%] Built target brunslidec-static
#20 23.24 + clang++ -DFUZZING_BUILD_MODE_UNSAFE_FOR_PRODUCTION -pthread -Wl,--no-as-needed -Wl,-ldl -Wl,-lm -Wno-unused-command-line-argument -stdlib=libc++ -O3 -fsanitize-coverage=trace-pc-guard -std=c++11 -I./c/include c/tests/fuzz_decode.cc -o /out/fuzz_decode /libAFL.a ./libbrunslidec-static.a ./libbrunslicommon-static.a ./third_party/brotli/libbrotlidec-static.a ./third_party/brotli/libbrotlicommon-static.a
#20 23.25 clang-14: error: no such file or directory: './libbrunslidec-static.a'
#20 23.26 clang-14: error: no such file or directory: './libbrunslicommon-static.a'
#20 23.26 clang-14: error: no such file or directory: './third_party/brotli/libbrotlidec-static.a'
#20 23.27 clang-14: error: no such file or directory: './third_party/brotli/libbrotlicommon-static.a'
#20 23.27 Traceback (most recent call last):
#20 23.27   File "<string>", line 1, in <module>
#20 23.27   File "/src/fuzzers/afl/fuzzer.py", line 40, in build
#20 23.27     utils.build_benchmark()
#20 23.27   File "/src/fuzzers/utils.py", line 82, in build_benchmark
#20 23.27     subprocess.check_call(['/bin/bash', '-ex', build_script], env=env)
#20 23.27   File "/usr/local/lib/python3.8/subprocess.py", line 364, in check_call
#20 23.27     raise CalledProcessError(retcode, cmd)
#20 23.27 subprocess.CalledProcessError: Command '['/bin/bash', '-ex', '/src/build.sh']' returned non-zero exit status 1.
#20 ERROR: executor failed running [/bin/sh -c echo "Run fuzzer_build to build the target" && if [ -z "$debug_builder" ] ; then fuzzer_build; fi]: exit code: 1
------
 > importing cache manifest from gcr.io/fuzzbench/builders/afl/brunsli_brunsli:
------
------
 > [stage-1 13/13] RUN echo "Run fuzzer_build to build the target" && if [ -z "$debug_builder" ] ; then fuzzer_build; fi:
------
executor failed running [/bin/sh -c echo "Run fuzzer_build to build the target" && if [ -z "$debug_builder" ] ; then fuzzer_build; fi]: exit code: 1
make: *** [docker/generated.mk:2785134: .afl-brunsli_brunsli-builder] Error 1
/bin/sh: 1: source: not found
#1 [internal] load build definition from Dockerfile
#1 sha256:0e9440d63ec1625d7bfead21b899866510141b117f9cc4346cf96371eb006eb2
#1 transferring dockerfile: 32B done
#1 DONE 0.3s

#2 [internal] load .dockerignore
#2 sha256:a60023c2cf9c815928f7afa90022be23cceb8f59f9b1a9a34bc320091e6bf3d8
#2 transferring context: 2B done
#2 DONE 0.3s

#3 [internal] load metadata for gcr.io/oss-fuzz-base/base-builder:latest
#3 sha256:f10dc39cc9d418a5bc416dead31a1902b6821fdae909cd3b08f7a3fd1faba7b5
#3 DONE 0.6s

#5 [1/5] FROM gcr.io/oss-fuzz-base/base-builder@sha256:41d7bbe7827592680a606c9bba1aeb6e23c7502ce8b633923b06542f4c706e7c
#5 sha256:660db69324ed478291dd329cbbfe422dccbc173f9ab806c069fac341073eab8c
#5 DONE 0.0s

#4 importing cache manifest from gcr.io/fuzzbench/builders/benchmark/brunsli_brunsli
#4 sha256:a2c086265e0d3e36fd19ffecea4e8c5af15b78c9abaf96454542407729543af1
#4 DONE 0.0s

#9 [internal] load build context
#9 sha256:1f9f89dfbc452f3452be8fabf10ed2de18e28985855594425c980f0b19248c90
#9 transferring context: 30B done
#9 DONE 0.1s

#6 [2/5] RUN apt-get update && apt-get install -y cmake libtool make
#6 sha256:a7e417afb716b0d29339ed2b930efa1baab543d800d74302c11f7406fb6cdb35
#6 CACHED

#7 [3/5] RUN git clone --depth 1 https://github.com/google/brunsli.git &&     cd brunsli &&     git submodule update --init --depth 1
#7 sha256:770716b4b9189a922cb093423fabd071177b3a7437e27a84adab2c4c9bbdb137
#7 CACHED

#8 [4/5] WORKDIR brunsli
#8 sha256:f1188d1a04d0ebb260d3ebdc0e60461ab965cf5c6574e10161291043168520a8
#8 CACHED

#10 [5/5] COPY build.sh /src/
#10 sha256:38d34687b254e20b529ba91588b5a388f17aa007baa126b5f439a520504cc8a4
#10 CACHED

#11 exporting to image
#11 sha256:e8c613e07b0b7ff33893b694f7759a10d42e180f2b4dc349fb57dc6b71dcab00
#11 exporting layers done
#11 writing image sha256:4091a11c3d224b1c2b081abb38485584e24e6145a8956120696c1dc480d67aac
#11 writing image sha256:4091a11c3d224b1c2b081abb38485584e24e6145a8956120696c1dc480d67aac 0.0s done
#11 naming to gcr.io/fuzzbench/builders/benchmark/brunsli_brunsli done
#11 DONE 0.4s

#12 exporting cache
#12 sha256:2700d4ef94dee473593c5c614b55b2dedcca7893909811a8f2b48291a1f581e4
#12 preparing build cache for export done
#12 DONE 0.0s
#1 [internal] load build definition from builder.Dockerfile
#1 sha256:ec747da1f93a22215115efd5dcd2d424e2f67eaa1c050f9ac569ca5bc4cdcd16
#1 transferring dockerfile: 46B done
#1 DONE 0.1s

#2 [internal] load .dockerignore
#2 sha256:3ef5c914bffb9ef5c353daa097110a411e853f884b8e509d59c73bdcca707922
#2 transferring context: 2B done
#2 DONE 0.1s

#3 [internal] load metadata for gcr.io/fuzzbench/builders/benchmark/brunsli_brunsli:latest
#3 sha256:bde49013a96abd2c53eabef149baef3e58614d40dd0efde4506d15c9bdeb7b73
#3 DONE 0.0s

#5 [1/3] FROM gcr.io/fuzzbench/builders/benchmark/brunsli_brunsli
#5 sha256:bafa4781872fef4fec3699f25e723c8d279e0cd8614d48667885643bc97fefa7
#5 DONE 0.0s

#4 importing cache manifest from gcr.io/fuzzbench/builders/afl/brunsli_brunsli-intermediate
#4 sha256:cbe68b89b88b4046f50c2ce0389356e52d5dc9c81dc1c9a2b037142d9e861c12
#4 DONE 0.0s

#6 [2/3] RUN git clone https://github.com/google/AFL.git /afl &&     cd /afl &&     git checkout 61037103ae3722c8060ff7082994836a794f978e &&     AFL_NO_X86=1 make
#6 sha256:c54d5ea7a5393b643d8e38fdf912aa2e3a5fe534e07d08b6459b2a19b1a28fa9
#6 CACHED

#7 [3/3] RUN apt-get update &&     apt-get install wget -y &&     wget https://raw.githubusercontent.com/llvm/llvm-project/5feb80e748924606531ba28c97fe65145c65372e/compiler-rt/lib/fuzzer/afl/afl_driver.cpp -O /afl/afl_driver.cpp &&     clang -Wno-pointer-sign -c /afl/llvm_mode/afl-llvm-rt.o.c -I/afl &&     clang++ -stdlib=libc++ -std=c++11 -O2 -c /afl/afl_driver.cpp &&     ar r /libAFL.a *.o
#7 sha256:e9282c0df0eb8cf848440eef853424c357bef1f841a4a15a01aac6763329a8a2
#7 CACHED

#8 exporting to image
#8 sha256:e8c613e07b0b7ff33893b694f7759a10d42e180f2b4dc349fb57dc6b71dcab00
#8 exporting layers done
#8 writing image sha256:0520dee9ae522099abdabe5f262522a063434088c6c521414c46270629795f2c
#8 writing image sha256:0520dee9ae522099abdabe5f262522a063434088c6c521414c46270629795f2c 0.0s done
#8 naming to gcr.io/fuzzbench/builders/afl/brunsli_brunsli-intermediate done
#8 DONE 0.4s

#9 exporting cache
#9 sha256:2700d4ef94dee473593c5c614b55b2dedcca7893909811a8f2b48291a1f581e4
#9 preparing build cache for export done
#9 DONE 0.0s
#2 [internal] load .dockerignore
#2 sha256:6f900a20d73be86777c01baff15137be06f2740407bd236a71335f745b6a6152
#2 transferring context: 34B done
#2 DONE 0.2s

#1 [internal] load build definition from Dockerfile
#1 sha256:4a9400ed668f81b0542cf4261881f35dc79e45255f0fbb7f504acd5a4787f751
#1 transferring dockerfile: 2.00kB done
#1 DONE 0.2s

#3 [internal] load metadata for docker.io/library/ubuntu:xenial
#3 sha256:f62bae18ed588840f045c881b2502661f2a89578a2f8f99b83f5200ee83dd25b
#3 DONE 0.0s

#5 [1/7] FROM docker.io/library/ubuntu:xenial
#5 sha256:14dd403f25ae9e519bd44f27dc17af7ce80f5a4f9f48ca88108364e67ec5d360
#5 DONE 0.0s

#4 importing cache manifest from gcr.io/fuzzbench/base-image
#4 sha256:9b220ebb4d4daceed1b96df9b6dca076e762f1cd612574f010b82d5b9e5ad896
#4 DONE 0.0s

#8 [internal] load build context
#8 sha256:fd28c02390e7f74086f89d36509179db6d0c11a0b92c68bcd8ee244f9ea36da2
#8 transferring context: 559B 0.0s done
#8 DONE 0.1s

#6 [2/7] RUN apt-get update -y && apt-get install -y     build-essential     rsync     curl     zlib1g-dev     libncurses5-dev     libgdbm-dev     libnss3-dev     libssl-dev     libreadline-dev     libffi-dev     virtualenv     libbz2-dev     liblzma-dev     libsqlite3-dev
#6 sha256:3a1b0960f17eed529eaae93dc8fd3554f2743dd584d8fa569cdbe6bc734371ac
#6 CACHED

#7 [3/7] RUN cd /tmp/ &&     curl -O https://www.python.org/ftp/python/3.8.6/Python-3.8.6.tar.xz &&     tar -xvf Python-3.8.6.tar.xz &&     cd Python-3.8.6 &&     ./configure --enable-loadable-sqlite-extensions --enable-optimizations &&     make -j install &&     rm -r /tmp/Python-3.8.6.tar.xz /tmp/Python-3.8.6
#7 sha256:c5b9d1fb3371e84dbc60b76e7b2f8d5913bc93bcd4910ab65daa03e7b2ec4bb0
#7 CACHED

#9 [4/7] COPY ./requirements.txt /
#9 sha256:205ee465b4a8f24731a34b4a25924627719b3c578c369fbb255dcec849039e8c
#9 CACHED

#10 [5/7] RUN pip3 install -r /requirements.txt
#10 sha256:fd314e62f8f253fd60245477ccd0e68dd3db33d6c6112b8f19bec05cffa98218
#10 CACHED

#11 [6/7] RUN apt-get update -y && apt-get install -y     apt-transport-https     lsb-release
#11 sha256:bfadc7bfbb55c0fb9ba754622966938d2bb691e88c4514986d338ebc8b896df8
#11 CACHED

#12 [7/7] RUN CLOUD_SDK_REPO="cloud-sdk-$(lsb_release -c -s)" &&     echo "deb https://packages.cloud.google.com/apt $CLOUD_SDK_REPO main"     | tee -a /etc/apt/sources.list.d/google-cloud-sdk.list &&     curl https://packages.cloud.google.com/apt/doc/apt-key.gpg     | apt-key add - &&     apt-get update -y &&     apt-get install -y google-cloud-sdk
#12 sha256:8e77e80f0aad9f69efa294bbd56b8aa6bced79abe0d2fa016cbb62cec0d81cff
#12 CACHED

#13 exporting to image
#13 sha256:e8c613e07b0b7ff33893b694f7759a10d42e180f2b4dc349fb57dc6b71dcab00
#13 exporting layers done
#13 writing image sha256:49724756c78e533229355b3454e58e19471aff396c0708a235bec31a2b597f30
#13 writing image sha256:49724756c78e533229355b3454e58e19471aff396c0708a235bec31a2b597f30 0.0s done
#13 naming to gcr.io/fuzzbench/base-image done
#13 DONE 0.1s

#14 exporting cache
#14 sha256:2700d4ef94dee473593c5c614b55b2dedcca7893909811a8f2b48291a1f581e4
#14 preparing build cache for export done
#14 DONE 0.0s
#1 [internal] load build definition from Dockerfile
#1 sha256:4441ee13933108f597c37f2ab07258a65b9c86849ed917b5760dc4bd4234148c
#1 transferring dockerfile: 2.22kB done
#1 DONE 0.1s

#2 [internal] load .dockerignore
#2 sha256:69e2f2154f60d71b3816c5f12de51a255125ea06dafc97eecd9421e9dea37495
#2 transferring context: 34B done
#2 DONE 0.1s

#4 [internal] load metadata for gcr.io/fuzzbench/base-image:latest
#4 sha256:932022888f650cc455b10eb5123bb08c0cccacac29a693e69314abbfd28a72c3
#4 DONE 0.0s

#3 [internal] load metadata for gcr.io/fuzzbench/builders/afl/brunsli_brunsli-intermediate:latest
#3 sha256:aa8e8fc0fadeaa3a0e71683322e56966a50864aaee924c219e070c1fd833b3cc
#3 DONE 0.0s

#12 [internal] load build context
#12 sha256:68d5325243f022af8f99eda221fc4d2ace68a0e74714284b4463d3bfb33063a4
#12 DONE 0.0s

#7 [base-image 1/1] FROM gcr.io/fuzzbench/base-image
#7 sha256:4d07825694520f8b6f6a0d8592dbd345433361ae044cb7f06706c5a95e3daaad
#7 DONE 0.0s

#6 [stage-1  1/13] FROM gcr.io/fuzzbench/builders/afl/brunsli_brunsli-intermediate
#6 sha256:2ea4f29f65e1def1792ecd5e080deae4d2ea7d39dfa11651d3afc62dc02cd807
#6 DONE 0.0s

#5 importing cache manifest from gcr.io/fuzzbench/builders/afl/brunsli_brunsli
#5 sha256:4c209ed38a1fcfb226e7816fd4296f698b39da00b56043ed22b1c7da968791f5
#5 ERROR: gcr.io/fuzzbench/builders/afl/brunsli_brunsli:latest: not found

#12 [internal] load build context
#12 sha256:68d5325243f022af8f99eda221fc4d2ace68a0e74714284b4463d3bfb33063a4
#12 transferring context: 669.87kB 0.1s done
#12 DONE 0.1s

#8 [stage-1  2/13] COPY --from=base-image /usr/local/bin/python3* /usr/local/bin/
#8 sha256:80996ce107f0c0fbc877d39e7472f46bae3f1309efdcee7e8f32208e86f1d1a0
#8 CACHED

#18 [stage-1 11/13] RUN export CHECKOUT_COMMIT=$(cat /benchmark.yaml | tr -d ' ' | grep 'commit:' | cut -d ':' -f2) &&     python3 -u /opt/fuzzbench/checkout_commit.py $CHECKOUT_COMMIT /src
#18 sha256:8cb453f6c27ce425df138575889d94cfec0af45ec4d7bb2d6ee49466e7b5fb83
#18 CACHED

#17 [stage-1 10/13] COPY docker/benchmark-builder/checkout_commit.py /opt/fuzzbench/
#17 sha256:2c44e12ad87762d976400955a25171d26e4261523ea1057ab4b0aac6c5a432b3
#17 CACHED

#10 [stage-1  4/13] COPY --from=base-image /usr/local/include/python3.8 /usr/local/include/python3.8
#10 sha256:e5a6b20ccd9aeff5e9a38d32de322cc68336f3f5340f996fb13a220d150a5526
#10 CACHED

#11 [stage-1  5/13] COPY --from=base-image /usr/local/lib/python3.8/site-packages /usr/local/lib/python3.8/site-packages
#11 sha256:2a6d61f937161c39709def070b7e1c14b3e1cd9e3cf323771191bd745041bb94
#11 CACHED

#13 [stage-1  6/13] COPY fuzzers /src/fuzzers
#13 sha256:1dfbd8423cb7730c98213890e388657b6ced3814644677d47af6d230ca3bf39f
#13 CACHED

#16 [stage-1  9/13] RUN mkdir /opt/fuzzbench/
#16 sha256:09d469e7004d0aaa66b21619493a1eee0871fc81a70e212d5bd22b6af1540391
#16 CACHED

#9 [stage-1  3/13] COPY --from=base-image /usr/local/lib/python3.8 /usr/local/lib/python3.8
#9 sha256:09b8037c92c82cc4a83cd50ec4ba275f0c38ce135dd3f80c45facbb662787406
#9 CACHED

#14 [stage-1  7/13] RUN touch /src/__init__.py
#14 sha256:9a7c04e472e19d283cb932c2379980c2add45d6dad17257ae2ac93530fb9ab40
#14 CACHED

#15 [stage-1  8/13] COPY benchmarks/brunsli_brunsli/benchmark.yaml /
#15 sha256:c03a08d304972420d3dc6988cdb749a9e311eb94005b36340f2f543283762591
#15 CACHED

#19 [stage-1 12/13] RUN echo "#!/bin/bash\nPYTHONPATH=/src python3 -u -c "from fuzzers import utils; utils.initialize_env(); from fuzzers.afl import fuzzer; fuzzer.build()"" > /usr/bin/fuzzer_build &&     chmod +x /usr/bin/fuzzer_build
#19 sha256:86cae9adbeb8c34cb20e8b3d9761a0cd9f6b106ad75bf688fc7a0716d18cf2b8
#19 CACHED

#20 [stage-1 13/13] RUN echo "Run fuzzer_build to build the target" && if [ -z "$debug_builder" ] ; then fuzzer_build; fi
#20 sha256:21a5542584a2726b0c1fccb37fc3d80dbe3be776f39062af97953c89d1344e9c
#20 0.471 Run fuzzer_build to build the target
#20 0.588 FUZZ_TARGET = brunsli
#20 0.588 CFLAGS = -DFUZZING_BUILD_MODE_UNSAFE_FOR_PRODUCTION -pthread -Wl,--no-as-needed -Wl,-ldl -Wl,-lm -Wno-unused-command-line-argument -O3
#20 0.588 CXXFLAGS = -DFUZZING_BUILD_MODE_UNSAFE_FOR_PRODUCTION -pthread -Wl,--no-as-needed -Wl,-ldl -Wl,-lm -Wno-unused-command-line-argument -stdlib=libc++ -O3
#20 0.596 Building benchmark brunsli_brunsli with fuzzer afl
#20 0.600 + cmake . -DBUILD_TESTING=OFF
#20 0.804 -- The C compiler identification is Clang 14.0.0
#20 1.048 -- The CXX compiler identification is Clang 14.0.0
#20 1.059 -- Detecting C compiler ABI info
#20 1.212 -- Detecting C compiler ABI info - done
#20 1.261 -- Check for working C compiler: /usr/local/bin/clang - skipped
#20 1.261 -- Detecting C compile features
#20 1.262 -- Detecting C compile features - done
#20 1.269 -- Detecting CXX compiler ABI info
#20 1.461 -- Detecting CXX compiler ABI info - done
#20 1.525 -- Check for working CXX compiler: /usr/local/bin/clang++ - skipped
#20 1.526 -- Detecting CXX compile features
#20 1.527 -- Detecting CXX compile features - done
#20 1.528 -- Performing Test BRUNSLI_EMSCRIPTEN
#20 1.680 -- Performing Test BRUNSLI_EMSCRIPTEN - Failed
#20 1.680 -- Compiler is not EMSCRIPTEN
#20 12.97 -- Found Python: /usr/local/bin/python3.8 (found version "3.8.6") found components: Interpreter 
#20 12.97 -- Looking for pthread.h
#20 13.14 -- Looking for pthread.h - found
#20 13.14 -- Performing Test CMAKE_HAVE_LIBC_PTHREAD
#20 13.31 -- Performing Test CMAKE_HAVE_LIBC_PTHREAD - Success
#20 13.31 -- Found Threads: TRUE  
#20 28.43 CMake Deprecation Warning at _deps/brotli-src/CMakeLists.txt:5 (cmake_minimum_required):
#20 28.43   Compatibility with CMake < 2.8.12 will be removed from a future version of
#20 28.43   CMake.
#20 28.43 
#20 28.43   Update the VERSION argument <min> value or use a ...<max> suffix to tell
#20 28.43   CMake that the project does not need compatibility with older versions.
#20 28.43 
#20 28.43 
#20 28.43 -- Setting build type to Release as none was specified.
#20 28.43 -- Performing Test BROTLI_EMSCRIPTEN
#20 28.59 -- Performing Test BROTLI_EMSCRIPTEN - Failed
#20 28.59 -- Compiler is not EMSCRIPTEN
#20 28.60 -- Looking for log2
#20 28.75 -- Looking for log2 - found
#20 28.76 -- Configuring done
#20 28.83 -- Generating done
#20 28.83 -- Build files have been written to: /src/brunsli
#20 28.84 + make clean
#20 28.95 ++ nproc
#20 28.95 + make -j8 brunslidec-static
#20 28.99 [  3%] Building CXX object CMakeFiles/brunslicommon-static.dir/c/common/ans_params.cc.o
#20 28.99 [  7%] Building C object _deps/brotli-build/CMakeFiles/brotlicommon-static.dir/c/common/constants.c.o
#20 28.99 [ 14%] Building CXX object CMakeFiles/brunslicommon-static.dir/c/common/constants.cc.o
#20 28.99 [ 17%] Building C object _deps/brotli-build/CMakeFiles/brotlicommon-static.dir/c/common/context.c.o
#20 28.99 [ 17%] Building CXX object CMakeFiles/brunslicommon-static.dir/c/common/context.cc.o
#20 28.99 [ 25%] Building CXX object CMakeFiles/brunslicommon-static.dir/c/common/lehmer_code.cc.o
#20 28.99 [ 25%] Building C object _deps/brotli-build/CMakeFiles/brotlicommon-static.dir/c/common/dictionary.c.o
#20 28.99 [ 25%] Building CXX object CMakeFiles/brunslicommon-static.dir/c/common/platform.cc.o
#20 29.01 [ 28%] Building CXX object CMakeFiles/brunslicommon-static.dir/c/common/predict.cc.o
#20 29.03 [ 32%] Building C object _deps/brotli-build/CMakeFiles/brotlicommon-static.dir/c/common/platform.c.o
#20 29.03 [ 35%] Building C object _deps/brotli-build/CMakeFiles/brotlicommon-static.dir/c/common/transform.c.o
#20 29.09 [ 39%] Building CXX object CMakeFiles/brunslicommon-static.dir/c/common/quant_matrix.cc.o
#20 29.57 [ 42%] Linking C static library libbrotlicommon-static.a
#20 29.59 [ 42%] Built target brotlicommon-static
#20 29.60 [ 50%] Building C object _deps/brotli-build/CMakeFiles/brotlidec-static.dir/c/dec/decode.c.o
#20 29.60 [ 50%] Building C object _deps/brotli-build/CMakeFiles/brotlidec-static.dir/c/dec/bit_reader.c.o
#20 29.71 [ 53%] Building C object _deps/brotli-build/CMakeFiles/brotlidec-static.dir/c/dec/huffman.c.o
#20 30.01 [ 57%] Building C object _deps/brotli-build/CMakeFiles/brotlidec-static.dir/c/dec/state.c.o
#20 30.95 [ 60%] Linking CXX static library artifacts/libbrunslicommon-static.a
#20 30.96 [ 60%] Built target brunslicommon-static
#20 31.47 [ 64%] Linking C static library libbrotlidec-static.a
#20 31.49 [ 64%] Built target brotlidec-static
#20 31.50 [ 67%] Building CXX object CMakeFiles/brunslidec-static.dir/c/dec/ans_decode.cc.o
#20 31.50 [ 71%] Building CXX object CMakeFiles/brunslidec-static.dir/c/dec/bit_reader.cc.o
#20 31.50 [ 75%] Building CXX object CMakeFiles/brunslidec-static.dir/c/dec/brunsli_decode.cc.o
#20 31.51 [ 78%] Building CXX object CMakeFiles/brunslidec-static.dir/c/dec/context_map_decode.cc.o
#20 31.51 [ 82%] Building CXX object CMakeFiles/brunslidec-static.dir/c/dec/histogram_decode.cc.o
#20 31.51 [ 85%] Building CXX object CMakeFiles/brunslidec-static.dir/c/dec/huffman_decode.cc.o
#20 31.51 [ 89%] Building CXX object CMakeFiles/brunslidec-static.dir/c/dec/huffman_table.cc.o
#20 31.51 [ 92%] Building CXX object CMakeFiles/brunslidec-static.dir/c/dec/jpeg_data_writer.cc.o
#20 32.87 [ 96%] Building CXX object CMakeFiles/brunslidec-static.dir/c/dec/state.cc.o
#20 38.09 [100%] Linking CXX static library artifacts/libbrunslidec-static.a
#20 38.12 [100%] Built target brunslidec-static
#20 38.12 + clang++ -DFUZZING_BUILD_MODE_UNSAFE_FOR_PRODUCTION -pthread -Wl,--no-as-needed -Wl,-ldl -Wl,-lm -Wno-unused-command-line-argument -stdlib=libc++ -O3 -fsanitize-coverage=trace-pc-guard -std=c++11 -I./c/include c/tests/fuzz_decode.cc -o /out/fuzz_decode /libAFL.a ./libbrunslidec-static.a ./libbrunslicommon-static.a ./third_party/brotli/libbrotlidec-static.a ./third_party/brotli/libbrotlicommon-static.a
#20 38.18 clang-14: error: no such file or directory: './libbrunslidec-static.a'
#20 38.18 clang-14: error: no such file or directory: './libbrunslicommon-static.a'
#20 38.19 clang-14: error: no such file or directory: './third_party/brotli/libbrotlidec-static.a'
#20 38.20 clang-14: error: no such file or directory: './third_party/brotli/libbrotlicommon-static.a'
#20 38.20 Traceback (most recent call last):
#20 38.20   File "<string>", line 1, in <module>
#20 38.20   File "/src/fuzzers/afl/fuzzer.py", line 40, in build
#20 38.20     utils.build_benchmark()
#20 38.20   File "/src/fuzzers/utils.py", line 82, in build_benchmark
#20 38.20     subprocess.check_call(['/bin/bash', '-ex', build_script], env=env)
#20 38.20   File "/usr/local/lib/python3.8/subprocess.py", line 364, in check_call
#20 38.20     raise CalledProcessError(retcode, cmd)
#20 38.20 subprocess.CalledProcessError: Command '['/bin/bash', '-ex', '/src/build.sh']' returned non-zero exit status 1.
#20 ERROR: executor failed running [/bin/sh -c echo "Run fuzzer_build to build the target" && if [ -z "$debug_builder" ] ; then fuzzer_build; fi]: exit code: 1
------
 > importing cache manifest from gcr.io/fuzzbench/builders/afl/brunsli_brunsli:
------
------
 > [stage-1 13/13] RUN echo "Run fuzzer_build to build the target" && if [ -z "$debug_builder" ] ; then fuzzer_build; fi:
------
executor failed running [/bin/sh -c echo "Run fuzzer_build to build the target" && if [ -z "$debug_builder" ] ; then fuzzer_build; fi]: exit code: 1
make: *** [docker/generated.mk:2785134: .afl-brunsli_brunsli-builder] Error 1
