WARNING:root:gcloud not found in PATH.
INFO:root:Successfully integrated benchmark: tidb_tidb.
INFO:root:Please run "make test-run-afl-tidb_tidb" to test integration.
#1 [internal] load build definition from Dockerfile
#1 sha256:682627c277d468c7a2316b8688eaf23f651d5580bd8add36cd1db67c71cf03c9
#1 transferring dockerfile:
#1 transferring dockerfile: 843B done
#1 DONE 0.5s

#2 [internal] load .dockerignore
#2 sha256:57e44650d31fed00bb41e51e0c79b07e148a2b7de55aaaa5a9c5f0fddea67f43
#2 transferring context: 2B done
#2 DONE 0.9s

#3 [internal] load metadata for gcr.io/oss-fuzz-base/base-builder:latest
#3 sha256:f10dc39cc9d418a5bc416dead31a1902b6821fdae909cd3b08f7a3fd1faba7b5
#3 DONE 0.4s

#7 [internal] load build context
#7 sha256:876be408f49b8e92d8c4e4244ea4ada2b54ed5e815b9ffafc5979ea89d8c54bb
#7 DONE 0.0s

#5 [1/4] FROM gcr.io/oss-fuzz-base/base-builder@sha256:f4e5ea12494fab091c5d830cf803b3421f2860f729b9d1b07da44924396cf8cf
#5 sha256:ef290950573a2779ee526af357b28fbddfc20d7409aa51f58f777c9e972cba29
#5 DONE 0.0s

#4 importing cache manifest from gcr.io/fuzzbench/builders/benchmark/tidb_tidb
#4 sha256:9f2234168bc03345390b054dc2c80e2fe314b3685bc59c7a4bbb4c3e5d8cd35f
#4 ERROR: gcr.io/fuzzbench/builders/benchmark/tidb_tidb:latest: not found

#5 [1/4] FROM gcr.io/oss-fuzz-base/base-builder@sha256:f4e5ea12494fab091c5d830cf803b3421f2860f729b9d1b07da44924396cf8cf
#5 sha256:ef290950573a2779ee526af357b28fbddfc20d7409aa51f58f777c9e972cba29
#5 CACHED

#7 [internal] load build context
#7 sha256:876be408f49b8e92d8c4e4244ea4ada2b54ed5e815b9ffafc5979ea89d8c54bb
#7 transferring context: 1.12kB done
#7 DONE 0.8s

#6 [2/4] RUN go get github.com/pingcap/tidb/store
#6 sha256:0c28f5e52020691aec69d6dd7bfd7dcaf9e65f10814b20a70dfca7906de709cb
#6 0.977 /bin/sh: 1: go: not found
#6 ERROR: executor failed running [/bin/sh -c go get github.com/pingcap/tidb/store]: exit code: 127
------
 > importing cache manifest from gcr.io/fuzzbench/builders/benchmark/tidb_tidb:
------
------
 > [2/4] RUN go get github.com/pingcap/tidb/store:
------
executor failed running [/bin/sh -c go get github.com/pingcap/tidb/store]: exit code: 127
make: *** [docker/generated.mk:65299: .tidb_tidb-project-builder] Error 1
/bin/sh: 1: source: not found
#1 [internal] load build definition from Dockerfile
#1 sha256:13e5caf09fa5fda132f9fb5cf218ddf07b5862386deb1696ec04cdb388a9d921
#1 transferring dockerfile: 32B done
#1 DONE 0.4s

#2 [internal] load .dockerignore
#2 sha256:8f295291c0b72690c9ef15c16cab76bec50e6f321726e81ae23f8c775af88ca5
#2 transferring context: 2B done
#2 DONE 0.5s

#3 [internal] load metadata for gcr.io/oss-fuzz-base/base-builder:latest
#3 sha256:f10dc39cc9d418a5bc416dead31a1902b6821fdae909cd3b08f7a3fd1faba7b5
#3 DONE 0.4s

#7 [internal] load build context
#7 sha256:36375f7cbf02fd559c312bc027c0405effd6696227140875f9d1f6882effc03f
#7 DONE 0.0s

#5 [1/4] FROM gcr.io/oss-fuzz-base/base-builder@sha256:f4e5ea12494fab091c5d830cf803b3421f2860f729b9d1b07da44924396cf8cf
#5 sha256:ef290950573a2779ee526af357b28fbddfc20d7409aa51f58f777c9e972cba29
#5 DONE 0.0s

#4 importing cache manifest from gcr.io/fuzzbench/builders/benchmark/tidb_tidb
#4 sha256:9f2234168bc03345390b054dc2c80e2fe314b3685bc59c7a4bbb4c3e5d8cd35f
#4 ERROR: gcr.io/fuzzbench/builders/benchmark/tidb_tidb:latest: not found

#5 [1/4] FROM gcr.io/oss-fuzz-base/base-builder@sha256:f4e5ea12494fab091c5d830cf803b3421f2860f729b9d1b07da44924396cf8cf
#5 sha256:ef290950573a2779ee526af357b28fbddfc20d7409aa51f58f777c9e972cba29
#5 CACHED

#7 [internal] load build context
#7 sha256:36375f7cbf02fd559c312bc027c0405effd6696227140875f9d1f6882effc03f
#7 transferring context: 30B done
#7 DONE 0.1s

#6 [2/4] RUN go get github.com/pingcap/tidb/store
#6 sha256:0c28f5e52020691aec69d6dd7bfd7dcaf9e65f10814b20a70dfca7906de709cb
#6 0.459 /bin/sh: 1: go: not found
#6 ERROR: executor failed running [/bin/sh -c go get github.com/pingcap/tidb/store]: exit code: 127
------
 > importing cache manifest from gcr.io/fuzzbench/builders/benchmark/tidb_tidb:
------
------
 > [2/4] RUN go get github.com/pingcap/tidb/store:
------
executor failed running [/bin/sh -c go get github.com/pingcap/tidb/store]: exit code: 127
make: *** [docker/generated.mk:65299: .tidb_tidb-project-builder] Error 1
