WARNING:root:gcloud not found in PATH.
INFO:root:Successfully integrated benchmark: opencv_filestorage_read_filename_fuzzer.
INFO:root:Please run "make test-run-afl-opencv_filestorage_read_filename_fuzzer" to test integration.
#1 [internal] load build definition from Dockerfile
#1 sha256:6444a1ba9eeb146f5b453863feeee5cda70dc6d63be54966d81d121d0b45c12d
#1 transferring dockerfile: 32B done
#1 DONE 0.1s

#2 [internal] load .dockerignore
#2 sha256:9e516f24a65241aa328522a2e5b6abaf33c181476d198d1eb20f2edd935974af
#2 transferring context: 2B done
#2 DONE 0.1s

#3 [internal] load metadata for gcr.io/oss-fuzz-base/base-builder:latest
#3 sha256:f10dc39cc9d418a5bc416dead31a1902b6821fdae909cd3b08f7a3fd1faba7b5
#3 DONE 0.5s

#5 [1/6] FROM gcr.io/oss-fuzz-base/base-builder@sha256:112044a9815d235113677d459cf2ece740a51f2b85081c8f66943dcdc72ddf7f
#5 sha256:4aee4bf9f7280ac8b7f02b8d29e6e084dd034d2c294b4e3e05d8ce7048a1450f
#5 DONE 0.0s

#9 [internal] load build context
#9 sha256:7ba282ada9c54af24ff8e6ac01c2b5aa0bdce6ed4cc2ce0779e5143565a10f48
#9 DONE 0.0s

#4 importing cache manifest from gcr.io/fuzzbench/builders/benchmark/opencv_filestorage_read_filename_fuzzer
#4 sha256:9fe5db2933528b33519dec47e4792e0e11ec21a7c058297ae8c63550381a95a5
#4 ERROR: gcr.io/fuzzbench/builders/benchmark/opencv_filestorage_read_filename_fuzzer:latest: not found

#9 [internal] load build context
#9 sha256:7ba282ada9c54af24ff8e6ac01c2b5aa0bdce6ed4cc2ce0779e5143565a10f48
#9 transferring context: 2.18kB done
#9 DONE 0.0s

#6 [2/6] RUN apt-get update && apt-get install -y build-essential cmake pkg-config
#6 sha256:5b4cdd543f7676d762d91b87c637b12e81d197a5de05812a3f0a2dc7aead2436
#6 CACHED

#7 [3/6] RUN git clone --depth 1 https://github.com/opencv/opencv.git opencv
#7 sha256:59a9fb61118231e7c2a207bca2277cafcfad95bb7e22f5ee768b2c0e041e7f83
#7 CACHED

#8 [4/6] WORKDIR opencv/
#8 sha256:fda6c4b7e211bdd8ec1ae001cbb40929be694af912454da7105b1ff5a7d1ef7e
#8 CACHED

#10 [5/6] COPY build.sh /src/
#10 sha256:7e6fb502ef6598763126dec7da6f645f1bd802efd015e31d01b6a50aaf3dd352
#10 DONE 0.1s

#11 [6/6] COPY *.cc *.h /src/
#11 sha256:1186e5de8e3ebe6349d0d45defe0e5ab271edd0de36c1d4599584cb3e6d019aa
#11 DONE 0.1s

#12 exporting to image
#12 sha256:e8c613e07b0b7ff33893b694f7759a10d42e180f2b4dc349fb57dc6b71dcab00
#12 exporting layers done
#12 writing image sha256:8a497c7e790611b7a92bb9829260fb3a936252ecb7d9088bba013e8d2b52277b
#12 writing image sha256:8a497c7e790611b7a92bb9829260fb3a936252ecb7d9088bba013e8d2b52277b done
#12 naming to gcr.io/fuzzbench/builders/benchmark/opencv_filestorage_read_filename_fuzzer done
#12 DONE 0.1s

#13 exporting cache
#13 sha256:2700d4ef94dee473593c5c614b55b2dedcca7893909811a8f2b48291a1f581e4
#13 preparing build cache for export done
#13 DONE 0.0s
------
 > importing cache manifest from gcr.io/fuzzbench/builders/benchmark/opencv_filestorage_read_filename_fuzzer:
------
#1 [internal] load build definition from builder.Dockerfile
#1 sha256:5c8cb28dd777449823f90128996dc1d0a5ebd15a3381d7fcfa6dd56c9899fe9f
#1 transferring dockerfile: 46B done
#1 DONE 0.1s

#2 [internal] load .dockerignore
#2 sha256:9b1ac4309b5a00921f1ce7eed1033dfc0991188bf6a3867a9b1349b560caa106
#2 transferring context: 2B done
#2 DONE 0.0s

#3 [internal] load metadata for gcr.io/fuzzbench/builders/benchmark/opencv_filestorage_read_filename_fuzzer:latest
#3 sha256:fd93ffee4a0ffcbff8008d1e99abcef18698c7559d43a5d6c81d7990333e8343
#3 DONE 0.0s

#7 [1/3] FROM gcr.io/fuzzbench/builders/benchmark/opencv_filestorage_read_filename_fuzzer
#7 sha256:b60d4f0c1daea247e9f6437a349ac15a32bbe0efcd52209d08fc10115536779e
#7 DONE 0.0s

#4 importing cache manifest from gcr.io/fuzzbench/builders/afl/opencv_filestorage_read_filename_fuzzer-intermediate
#4 sha256:d022735bd3492fb5ef0f03ddaa94c1eb7f5daa65ae4dbd6d76a4b306ea10c87c
#4 ERROR: gcr.io/fuzzbench/builders/afl/opencv_filestorage_read_filename_fuzzer-intermediate:latest: not found

#7 [1/3] FROM gcr.io/fuzzbench/builders/benchmark/opencv_filestorage_read_filename_fuzzer
#7 sha256:b60d4f0c1daea247e9f6437a349ac15a32bbe0efcd52209d08fc10115536779e
#7 DONE 0.2s

#5 [2/3] RUN git clone https://github.com/google/AFL.git /afl &&     cd /afl &&     git checkout 61037103ae3722c8060ff7082994836a794f978e &&     AFL_NO_X86=1 make
#5 sha256:3e524a2c73f908f35f6b6c5c2a5ef3a28618ab0c782b069b6e6503e8bb2fba22
#5 1.056 Cloning into '/afl'...
#5 2.195 Note: switching to '61037103ae3722c8060ff7082994836a794f978e'.
#5 2.195 
#5 2.195 You are in 'detached HEAD' state. You can look around, make experimental
#5 2.195 changes and commit them, and you can discard any commits you make in this
#5 2.195 state without impacting any branches by switching back to a branch.
#5 2.195 
#5 2.195 If you want to create a new branch to retain commits you create, you may
#5 2.195 do so (now or later) by using -c with the switch command. Example:
#5 2.195 
#5 2.195   git switch -c <new-branch-name>
#5 2.195 
#5 2.195 Or undo this operation with:
#5 2.195 
#5 2.195   git switch -
#5 2.195 
#5 2.195 Turn off this advice by setting config variable advice.detachedHead to false
#5 2.195 
#5 2.195 HEAD is now at 6103710 Fix a typo filename comparison in the fuzzer (#139)
#5 2.306 [!] Note: skipping x86 compilation checks (AFL_NO_X86 set).
#5 2.307 clang -O1 -fno-omit-frame-pointer -gline-tables-only -DFUZZING_BUILD_MODE_UNSAFE_FOR_PRODUCTION -Wall -D_FORTIFY_SOURCE=2 -g -Wno-pointer-sign -DAFL_PATH=\"/usr/local/lib/afl\" -DDOC_PATH=\"/usr/local/share/doc/afl\" -DBIN_PATH=\"/usr/local/bin\" afl-gcc.c -o afl-gcc -ldl
#5 2.830 set -e; for i in afl-g++ afl-clang afl-clang++; do ln -sf afl-gcc $i; done
#5 2.849 clang -O1 -fno-omit-frame-pointer -gline-tables-only -DFUZZING_BUILD_MODE_UNSAFE_FOR_PRODUCTION -Wall -D_FORTIFY_SOURCE=2 -g -Wno-pointer-sign -DAFL_PATH=\"/usr/local/lib/afl\" -DDOC_PATH=\"/usr/local/share/doc/afl\" -DBIN_PATH=\"/usr/local/bin\" afl-fuzz.c -o afl-fuzz -ldl
#5 9.378 clang -O1 -fno-omit-frame-pointer -gline-tables-only -DFUZZING_BUILD_MODE_UNSAFE_FOR_PRODUCTION -Wall -D_FORTIFY_SOURCE=2 -g -Wno-pointer-sign -DAFL_PATH=\"/usr/local/lib/afl\" -DDOC_PATH=\"/usr/local/share/doc/afl\" -DBIN_PATH=\"/usr/local/bin\" afl-showmap.c -o afl-showmap -ldl
#5 10.22 clang -O1 -fno-omit-frame-pointer -gline-tables-only -DFUZZING_BUILD_MODE_UNSAFE_FOR_PRODUCTION -Wall -D_FORTIFY_SOURCE=2 -g -Wno-pointer-sign -DAFL_PATH=\"/usr/local/lib/afl\" -DDOC_PATH=\"/usr/local/share/doc/afl\" -DBIN_PATH=\"/usr/local/bin\" afl-tmin.c -o afl-tmin -ldl
#5 11.27 clang -O1 -fno-omit-frame-pointer -gline-tables-only -DFUZZING_BUILD_MODE_UNSAFE_FOR_PRODUCTION -Wall -D_FORTIFY_SOURCE=2 -g -Wno-pointer-sign -DAFL_PATH=\"/usr/local/lib/afl\" -DDOC_PATH=\"/usr/local/share/doc/afl\" -DBIN_PATH=\"/usr/local/bin\" afl-gotcpu.c -o afl-gotcpu -ldl
#5 11.61 clang -O1 -fno-omit-frame-pointer -gline-tables-only -DFUZZING_BUILD_MODE_UNSAFE_FOR_PRODUCTION -Wall -D_FORTIFY_SOURCE=2 -g -Wno-pointer-sign -DAFL_PATH=\"/usr/local/lib/afl\" -DDOC_PATH=\"/usr/local/share/doc/afl\" -DBIN_PATH=\"/usr/local/bin\" afl-analyze.c -o afl-analyze -ldl
#5 12.63 clang -O1 -fno-omit-frame-pointer -gline-tables-only -DFUZZING_BUILD_MODE_UNSAFE_FOR_PRODUCTION -Wall -D_FORTIFY_SOURCE=2 -g -Wno-pointer-sign -DAFL_PATH=\"/usr/local/lib/afl\" -DDOC_PATH=\"/usr/local/share/doc/afl\" -DBIN_PATH=\"/usr/local/bin\" afl-as.c -o afl-as -ldl
#5 13.19 ln -sf afl-as as
#5 13.20 [!] Note: skipping build tests (you may need to use LLVM or QEMU mode).
#5 13.21 [+] LLVM users: see llvm_mode/README.llvm for a faster alternative to afl-gcc.
#5 13.21 [+] All done! Be sure to review README - it's pretty short and useful.
#5 DONE 13.4s

#6 [3/3] RUN apt-get update &&     apt-get install wget -y &&     wget https://raw.githubusercontent.com/llvm/llvm-project/5feb80e748924606531ba28c97fe65145c65372e/compiler-rt/lib/fuzzer/afl/afl_driver.cpp -O /afl/afl_driver.cpp &&     clang -Wno-pointer-sign -c /afl/llvm_mode/afl-llvm-rt.o.c -I/afl &&     clang++ -stdlib=libc++ -std=c++11 -O2 -c /afl/afl_driver.cpp &&     ar r /libAFL.a *.o
#6 sha256:530362b0f8c9a2ac02e55735f75abffa4083a0a0a02ecc1a5a9386e5200c8b0f
#6 1.563 Hit:1 http://archive.ubuntu.com/ubuntu focal InRelease
#6 1.563 Hit:2 http://ppa.launchpad.net/git-core/ppa/ubuntu focal InRelease
#6 1.578 Get:3 http://archive.ubuntu.com/ubuntu focal-updates InRelease [114 kB]
#6 1.670 Get:4 http://archive.ubuntu.com/ubuntu focal-backports InRelease [108 kB]
#6 1.676 Get:5 http://security.ubuntu.com/ubuntu focal-security InRelease [114 kB]
#6 3.130 Get:6 http://archive.ubuntu.com/ubuntu focal-updates/main i386 Packages [755 kB]
#6 3.348 Get:7 http://archive.ubuntu.com/ubuntu focal-updates/main amd64 Packages [1984 kB]
#6 4.523 Fetched 3074 kB in 3s (1008 kB/s)
#6 4.523 Reading package lists...
#6 8.718 Reading package lists...
#6 12.77 Building dependency tree...
#6 13.31 Reading state information...
#6 14.11 wget is already the newest version (1.20.3-1ubuntu2).
#6 14.11 0 upgraded, 0 newly installed, 0 to remove and 1 not upgraded.
#6 14.13 --2022-02-18 18:08:11--  https://raw.githubusercontent.com/llvm/llvm-project/5feb80e748924606531ba28c97fe65145c65372e/compiler-rt/lib/fuzzer/afl/afl_driver.cpp
#6 14.16 Resolving raw.githubusercontent.com (raw.githubusercontent.com)... 185.199.111.133, 185.199.108.133, 185.199.109.133, ...
#6 14.17 Connecting to raw.githubusercontent.com (raw.githubusercontent.com)|185.199.111.133|:443... connected.
#6 14.20 HTTP request sent, awaiting response... 200 OK
#6 14.37 Length: 9177 (9.0K) [text/plain]
#6 14.37 Saving to: '/afl/afl_driver.cpp'
#6 14.37 
#6 14.37      0K ........                                              100% 7.07M=0.001s
#6 14.37 
#6 14.37 2022-02-18 18:08:11 (7.07 MB/s) - '/afl/afl_driver.cpp' saved [9177/9177]
#6 14.37 
#6 18.66 ar: creating /libAFL.a
#6 DONE 18.8s

#8 exporting to image
#8 sha256:e8c613e07b0b7ff33893b694f7759a10d42e180f2b4dc349fb57dc6b71dcab00
#8 exporting layers done
#8 writing image sha256:abe2b32671846efe952468466ad42dff64a887ab71f481b7118d3c0190ecbd7a done
#8 naming to gcr.io/fuzzbench/builders/afl/opencv_filestorage_read_filename_fuzzer-intermediate done
#8 DONE 0.2s

#9 exporting cache
#9 sha256:2700d4ef94dee473593c5c614b55b2dedcca7893909811a8f2b48291a1f581e4
#9 preparing build cache for export done
#9 DONE 0.0s
------
 > importing cache manifest from gcr.io/fuzzbench/builders/afl/opencv_filestorage_read_filename_fuzzer-intermediate:
------
#1 [internal] load build definition from Dockerfile
#1 sha256:57b4335d0865869b98543c0c4d7b40cb9a6f1cbedb44886d9767ab30b389a460
#1 transferring dockerfile: 2.00kB done
#1 DONE 0.0s

#2 [internal] load .dockerignore
#2 sha256:e5c13f899a241b585cf4256aafb6b4be80fb48d497c44e33d6ca257f53689232
#2 transferring context: 34B done
#2 DONE 0.0s

#3 [internal] load metadata for docker.io/library/ubuntu:xenial
#3 sha256:f62bae18ed588840f045c881b2502661f2a89578a2f8f99b83f5200ee83dd25b
#3 DONE 0.0s

#11 [1/7] FROM docker.io/library/ubuntu:xenial
#11 sha256:14dd403f25ae9e519bd44f27dc17af7ce80f5a4f9f48ca88108364e67ec5d360
#11 DONE 0.0s

#12 importing cache manifest from gcr.io/fuzzbench/base-image
#12 sha256:9b220ebb4d4daceed1b96df9b6dca076e762f1cd612574f010b82d5b9e5ad896
#12 DONE 0.0s

#6 [internal] load build context
#6 sha256:b889e43cbceab49b7aee3524eb4a43037741444fcde0311251b308d35c28032f
#6 transferring context: 559B 0.0s done
#6 DONE 0.1s

#9 [6/7] RUN apt-get update -y && apt-get install -y     apt-transport-https     lsb-release
#9 sha256:f5bac5360c3742beedbced63a73535d6a641e3f43011aa2f8922b7ee7eed40b9
#9 CACHED

#7 [4/7] COPY ./requirements.txt /
#7 sha256:e0496b6cca60098e686b92755c2315a7699bd8c18f1ffc93b086142b75aae9d6
#7 CACHED

#4 [2/7] RUN apt-get update -y && apt-get install -y     build-essential     rsync     curl     zlib1g-dev     libncurses5-dev     libgdbm-dev     libnss3-dev     libssl-dev     libreadline-dev     libffi-dev     virtualenv     libbz2-dev     liblzma-dev     libsqlite3-dev
#4 sha256:3a1b0960f17eed529eaae93dc8fd3554f2743dd584d8fa569cdbe6bc734371ac
#4 CACHED

#5 [3/7] RUN cd /tmp/ &&     curl -O https://www.python.org/ftp/python/3.8.6/Python-3.8.6.tar.xz &&     tar -xvf Python-3.8.6.tar.xz &&     cd Python-3.8.6 &&     ./configure --enable-loadable-sqlite-extensions --enable-optimizations &&     make -j install &&     rm -r /tmp/Python-3.8.6.tar.xz /tmp/Python-3.8.6
#5 sha256:c5b9d1fb3371e84dbc60b76e7b2f8d5913bc93bcd4910ab65daa03e7b2ec4bb0
#5 CACHED

#8 [5/7] RUN pip3 install -r /requirements.txt
#8 sha256:3dabd66e3e46b1aca4c91d0ade8ebf16b4eb3e8bff4fcf94fa78703836dbd9f0
#8 CACHED

#10 [7/7] RUN CLOUD_SDK_REPO="cloud-sdk-$(lsb_release -c -s)" &&     echo "deb https://packages.cloud.google.com/apt $CLOUD_SDK_REPO main"     | tee -a /etc/apt/sources.list.d/google-cloud-sdk.list &&     curl https://packages.cloud.google.com/apt/doc/apt-key.gpg     | apt-key add - &&     apt-get update -y &&     apt-get install -y google-cloud-sdk
#10 sha256:b116e5381113e757ac3b5507dd31addc54fdf77c4ecb2edc97d51c66d560fadf
#10 CACHED

#13 exporting to image
#13 sha256:e8c613e07b0b7ff33893b694f7759a10d42e180f2b4dc349fb57dc6b71dcab00
#13 exporting layers done
#13 writing image sha256:55e5825902805b10e1ba0cd27e4af0d82c25f9e225d6218342d4b6474bd3ddae done
#13 naming to gcr.io/fuzzbench/base-image done
#13 DONE 0.0s

#14 exporting cache
#14 sha256:2700d4ef94dee473593c5c614b55b2dedcca7893909811a8f2b48291a1f581e4
#14 preparing build cache for export done
#14 DONE 0.0s
#1 [internal] load build definition from Dockerfile
#1 sha256:9480cce83dd30c08e1bd69bc1d76e2d0d358cd483f0ce996bdae9645387b7e71
#1 transferring dockerfile: 2.22kB done
#1 DONE 0.1s

#2 [internal] load .dockerignore
#2 sha256:5096e34e94df62c0ec3a329af353e63d3138dfb57efefbff899043e662549990
#2 transferring context: 34B done
#2 DONE 0.1s

#6 [base-image 1/1] FROM gcr.io/fuzzbench/base-image
#6 sha256:4d07825694520f8b6f6a0d8592dbd345433361ae044cb7f06706c5a95e3daaad
#6 DONE 1.0s

#5 [stage-1  1/13] FROM gcr.io/fuzzbench/builders/afl/opencv_filestorage_read_filename_fuzzer-intermediate
#5 sha256:84e053f7967bf333e56169cf444b729ddce52669fa96fa369ad600d2a985d590
#5 DONE 1.5s

#7 [stage-1  2/13] COPY --from=base-image /usr/local/bin/python3* /usr/local/bin/
#7 sha256:b77cd9ac3ff8736e71e84830f8653b6aedde081912ba3e8fc106010937e86b33
#7 DONE 0.4s

#8 [stage-1  3/13] COPY --from=base-image /usr/local/lib/python3.8 /usr/local/lib/python3.8
#8 sha256:f1bef5984ef7b89293fe3cb419bc46462229f73f9ec51be46189c40faac5cad9
#8 DONE 22.7s

#9 [stage-1  4/13] COPY --from=base-image /usr/local/include/python3.8 /usr/local/include/python3.8
#9 sha256:f1d75600985de073fe880d47eff407f6457f05234b0862e2c77025b3e999045c
#9 DONE 0.3s

#10 [stage-1  5/13] COPY --from=base-image /usr/local/lib/python3.8/site-packages /usr/local/lib/python3.8/site-packages
#10 sha256:1c43fa99e45b3791bd1be53bed548744822cc78b3bc2107f4823e28bbccb3f23
#10 DONE 44.0s

#4 [internal] load metadata for gcr.io/fuzzbench/base-image:latest
#4 sha256:932022888f650cc455b10eb5123bb08c0cccacac29a693e69314abbfd28a72c3
#4 DONE 0.0s

#3 [internal] load metadata for gcr.io/fuzzbench/builders/afl/opencv_filestorage_read_filename_fuzzer-intermediate:latest
#3 sha256:c10e9c581383008df0904f9ab3e7a1280d43b1dfcd3e8d0e3bcdbf7336493119
#3 DONE 0.0s

#11 [internal] load build context
#11 sha256:be3d75bce77e73e90413a529e1fe28c6dbbed66038cc05a015b5eeb534002902
#11 DONE 0.0s

#20 importing cache manifest from gcr.io/fuzzbench/builders/afl/opencv_filestorage_read_filename_fuzzer
#20 sha256:a1685c086b089a9e9493216f4c7fc2546ecb8fdfcd886e345b4d04771ecccd27
#20 ERROR: gcr.io/fuzzbench/builders/afl/opencv_filestorage_read_filename_fuzzer:latest: not found

#11 [internal] load build context
#11 sha256:be3d75bce77e73e90413a529e1fe28c6dbbed66038cc05a015b5eeb534002902
#11 transferring context: 669.94kB 0.2s done
#11 DONE 0.2s

#12 [stage-1  6/13] COPY fuzzers /src/fuzzers
#12 sha256:2a153968fcae0b36522eebee499448cb253e5339ef6ffcc3bba6a13b29c84e1e
#12 CACHED

#13 [stage-1  7/13] RUN touch /src/__init__.py
#13 sha256:7f8084e2d4b842a858d2a63f80d04a7ae624a6db3e271cff161a1eb45cd89d9c
#13 DONE 1.2s

#14 [stage-1  8/13] COPY benchmarks/opencv_filestorage_read_filename_fuzzer/benchmark.yaml /
#14 sha256:5c67afa142fb51837bc8214a7ad01d1b505f8631326a314bef86b012ef9d95e5
#14 DONE 0.3s

#15 [stage-1  9/13] RUN mkdir /opt/fuzzbench/
#15 sha256:8aa2f979d6b9035e5fed1b997fa2401341cd0c86bd760bb537d9121ab2d3b61d
#15 DONE 1.3s

#16 [stage-1 10/13] COPY docker/benchmark-builder/checkout_commit.py /opt/fuzzbench/
#16 sha256:7232c9b6cfaad29dc7a422d525f55c596646f4631905377caeeffe83e4ea350a
#16 DONE 0.2s

#17 [stage-1 11/13] RUN export CHECKOUT_COMMIT=$(cat /benchmark.yaml | tr -d ' ' | grep 'commit:' | cut -d ':' -f2) &&     python3 -u /opt/fuzzbench/checkout_commit.py $CHECKOUT_COMMIT /src
#17 sha256:277841be274af5b02fdc251e3e4a91149a596f69f32fe7e5275f00d71e48bf65
#17 1.266 Checking out commit b27c51de
#17 159.6 From https://github.com/opencv/opencv
#17 159.6  * [new tag]               2.2                  -> 2.2
#17 159.6  * [new tag]               2.4.0                -> 2.4.0
#17 159.6  * [new tag]               2.4.1                -> 2.4.1
#17 159.6  * [new tag]               2.4.10               -> 2.4.10
#17 159.6  * [new tag]               2.4.10.1             -> 2.4.10.1
#17 159.6  * [new tag]               2.4.10.2             -> 2.4.10.2
#17 159.6  * [new tag]               2.4.10.3             -> 2.4.10.3
#17 159.6  * [new tag]               2.4.10.4             -> 2.4.10.4
#17 159.6  * [new tag]               2.4.11               -> 2.4.11
#17 159.6  * [new tag]               2.4.12               -> 2.4.12
#17 159.6  * [new tag]               2.4.12.1             -> 2.4.12.1
#17 159.6  * [new tag]               2.4.12.2             -> 2.4.12.2
#17 159.6  * [new tag]               2.4.12.3             -> 2.4.12.3
#17 159.6  * [new tag]               2.4.13               -> 2.4.13
#17 159.6  * [new tag]               2.4.13.1             -> 2.4.13.1
#17 159.6  * [new tag]               2.4.2                -> 2.4.2
#17 159.6  * [new tag]               2.4.3                -> 2.4.3
#17 159.6  * [new tag]               2.4.3-rc             -> 2.4.3-rc
#17 159.6  * [new tag]               2.4.3.1              -> 2.4.3.1
#17 159.6  * [new tag]               2.4.3.2              -> 2.4.3.2
#17 159.6  * [new tag]               2.4.4                -> 2.4.4
#17 159.6  * [new tag]               2.4.4-beta           -> 2.4.4-beta
#17 159.6  * [new tag]               2.4.5                -> 2.4.5
#17 159.6  * [new tag]               2.4.6                -> 2.4.6
#17 159.6  * [new tag]               2.4.6.1              -> 2.4.6.1
#17 159.6  * [new tag]               2.4.6.2              -> 2.4.6.2
#17 159.6  * [new tag]               2.4.6.2-rc1          -> 2.4.6.2-rc1
#17 159.6  * [new tag]               2.4.7                -> 2.4.7
#17 159.6  * [new tag]               2.4.7-rc1            -> 2.4.7-rc1
#17 159.6  * [new tag]               2.4.7.1              -> 2.4.7.1
#17 159.6  * [new tag]               2.4.7.2              -> 2.4.7.2
#17 159.6  * [new tag]               2.4.8                -> 2.4.8
#17 159.6  * [new tag]               2.4.8.1              -> 2.4.8.1
#17 159.6  * [new tag]               2.4.8.2              -> 2.4.8.2
#17 159.6  * [new tag]               2.4.8.3              -> 2.4.8.3
#17 159.6  * [new tag]               2.4.9                -> 2.4.9
#17 159.6  * [new tag]               2.4.9.1              -> 2.4.9.1
#17 159.6  * [new tag]               3.0-ocl-tech-preview -> 3.0-ocl-tech-preview
#17 159.6  * [new tag]               3.0-ocl-tp2          -> 3.0-ocl-tp2
#17 159.6  * [new tag]               3.0.0                -> 3.0.0
#17 159.6  * [new tag]               3.0.0-alpha          -> 3.0.0-alpha
#17 159.6  * [new tag]               3.0.0-beta           -> 3.0.0-beta
#17 159.6  * [new tag]               3.0.0-rc1            -> 3.0.0-rc1
#17 159.6  * [new tag]               3.1.0                -> 3.1.0
#17 159.6  * [new tag]               3.2.0                -> 3.2.0
#17 159.6  * [new tag]               3.2.0-rc             -> 3.2.0-rc
#17 159.6  * [new tag]               3.3.0                -> 3.3.0
#17 159.6  * [new tag]               3.3.0-cvsdk          -> 3.3.0-cvsdk
#17 159.6  * [new tag]               3.3.0-rc             -> 3.3.0-rc
#17 159.6  * [new tag]               3.3.1                -> 3.3.1
#17 159.6  * [new tag]               3.3.1-cvsdk          -> 3.3.1-cvsdk
#17 159.6  * [new tag]               3.4.0                -> 3.4.0
#17 159.6  * [new tag]               3.4.0-rc             -> 3.4.0-rc
#17 159.6  * [new tag]               3.4.1                -> 3.4.1
#17 159.6  * [new tag]               3.4.1-cvsdk          -> 3.4.1-cvsdk
#17 159.6  * [new tag]               3.4.10               -> 3.4.10
#17 159.6  * [new tag]               3.4.11               -> 3.4.11
#17 159.6  * [new tag]               3.4.12               -> 3.4.12
#17 159.6  * [new tag]               3.4.13               -> 3.4.13
#17 159.6  * [new tag]               3.4.14               -> 3.4.14
#17 159.6  * [new tag]               3.4.15               -> 3.4.15
#17 159.7  * [new tag]               3.4.16               -> 3.4.16
#17 159.7  * [new tag]               3.4.17               -> 3.4.17
#17 159.7  * [new tag]               3.4.2                -> 3.4.2
#17 159.7  * [new tag]               3.4.2-openvino       -> 3.4.2-openvino
#17 159.7  * [new tag]               3.4.3                -> 3.4.3
#17 159.7  * [new tag]               3.4.3-openvino       -> 3.4.3-openvino
#17 159.7  * [new tag]               3.4.4                -> 3.4.4
#17 159.7  * [new tag]               3.4.5                -> 3.4.5
#17 159.7  * [new tag]               3.4.6                -> 3.4.6
#17 159.7  * [new tag]               3.4.7                -> 3.4.7
#17 159.7  * [new tag]               3.4.8                -> 3.4.8
#17 159.7  * [new tag]               3.4.9                -> 3.4.9
#17 159.7  * [new tag]               4.0.0                -> 4.0.0
#17 159.7  * [new tag]               4.0.0-alpha          -> 4.0.0-alpha
#17 159.7  * [new tag]               4.0.0-beta           -> 4.0.0-beta
#17 159.7  * [new tag]               4.0.0-openvino       -> 4.0.0-openvino
#17 159.7  * [new tag]               4.0.0-rc             -> 4.0.0-rc
#17 159.7  * [new tag]               4.0.1                -> 4.0.1
#17 159.7  * [new tag]               4.0.1-openvino       -> 4.0.1-openvino
#17 159.7  * [new tag]               4.1.0                -> 4.1.0
#17 159.7  * [new tag]               4.1.0-openvino       -> 4.1.0-openvino
#17 159.7  * [new tag]               4.1.1                -> 4.1.1
#17 159.7  * [new tag]               4.1.1-openvino       -> 4.1.1-openvino
#17 159.7  * [new tag]               4.1.2                -> 4.1.2
#17 159.7  * [new tag]               4.1.2-openvino       -> 4.1.2-openvino
#17 159.7  * [new tag]               4.2.0                -> 4.2.0
#17 159.7  * [new tag]               4.3.0                -> 4.3.0
#17 159.7  * [new tag]               4.4.0                -> 4.4.0
#17 159.7  * [new tag]               4.5.0                -> 4.5.0
#17 159.7  * [new tag]               4.5.1                -> 4.5.1
#17 159.7  * [new tag]               4.5.2                -> 4.5.2
#17 159.7  * [new tag]               4.5.3                -> 4.5.3
#17 159.7  * [new tag]               4.5.4                -> 4.5.4
#17 159.7  * [new tag]               4.5.5                -> 4.5.5
#17 159.7 error: pathspec 'b27c51de' did not match any file(s) known to git
#17 159.7 error: pathspec 'b27c51de' did not match any file(s) known to git
#17 159.7 error: pathspec 'b27c51de' did not match any file(s) known to git
#17 159.9 error: pathspec 'b27c51de' did not match any file(s) known to git
#17 159.9 error: pathspec 'b27c51de' did not match any file(s) known to git
#17 160.0 error: pathspec 'b27c51de' did not match any file(s) known to git
#17 160.0 error: pathspec 'b27c51de' did not match any file(s) known to git
#17 160.1 error: pathspec 'b27c51de' did not match any file(s) known to git
#17 160.1 error: pathspec 'b27c51de' did not match any file(s) known to git
#17 160.2 error: pathspec 'b27c51de' did not match any file(s) known to git
#17 160.3 error: pathspec 'b27c51de' did not match any file(s) known to git
#17 160.4 error: pathspec 'b27c51de' did not match any file(s) known to git
#17 160.6 error: pathspec 'b27c51de' did not match any file(s) known to git
#17 160.6 error: pathspec 'b27c51de' did not match any file(s) known to git
#17 160.7 error: pathspec 'b27c51de' did not match any file(s) known to git
#17 160.7 error: pathspec 'b27c51de' did not match any file(s) known to git
#17 160.7 error: pathspec 'b27c51de' did not match any file(s) known to git
#17 160.8 error: pathspec 'b27c51de' did not match any file(s) known to git
#17 160.8 error: pathspec 'b27c51de' did not match any file(s) known to git
#17 160.8 error: pathspec 'b27c51de' did not match any file(s) known to git
#17 160.9 error: pathspec 'b27c51de' did not match any file(s) known to git
#17 160.9 error: pathspec 'b27c51de' did not match any file(s) known to git
#17 161.1 Checkout unsuccessful.
#17 DONE 161.3s

#18 [stage-1 12/13] RUN echo "#!/bin/bash\nPYTHONPATH=/src python3 -u -c "from fuzzers import utils; utils.initialize_env(); from fuzzers.afl import fuzzer; fuzzer.build()"" > /usr/bin/fuzzer_build &&     chmod +x /usr/bin/fuzzer_build
#18 sha256:f642d3587c61f029e06c4a1acf38c33e62681166b98ab21c98ddc83b2743fe21
#18 DONE 1.3s

#19 [stage-1 13/13] RUN echo "Run fuzzer_build to build the target" && if [ -z "$debug_builder" ] ; then fuzzer_build; fi
#19 sha256:a087989792f3447187f337cb499acf5aa20168f14d213be216927ceb76996c59
#19 1.143 Run fuzzer_build to build the target
#19 1.443 FUZZ_TARGET = filestorage_read_filename_fuzzer
#19 1.444 CFLAGS = -DFUZZING_BUILD_MODE_UNSAFE_FOR_PRODUCTION -pthread -Wl,--no-as-needed -Wl,-ldl -Wl,-lm -Wno-unused-command-line-argument -O3
#19 1.444 CXXFLAGS = -DFUZZING_BUILD_MODE_UNSAFE_FOR_PRODUCTION -pthread -Wl,--no-as-needed -Wl,-ldl -Wl,-lm -Wno-unused-command-line-argument -stdlib=libc++ -O3
#19 1.455 Building benchmark opencv_filestorage_read_filename_fuzzer with fuzzer afl
#19 1.466 + mkdir opencv/build
#19 1.469 mkdir: cannot create directory ‘opencv/build’: No such file or directory
#19 1.470 Traceback (most recent call last):
#19 1.470   File "<string>", line 1, in <module>
#19 1.470   File "/src/fuzzers/afl/fuzzer.py", line 40, in build
#19 1.471     utils.build_benchmark()
#19 1.471   File "/src/fuzzers/utils.py", line 82, in build_benchmark
#19 1.472     subprocess.check_call(['/bin/bash', '-ex', build_script], env=env)
#19 1.473   File "/usr/local/lib/python3.8/subprocess.py", line 364, in check_call
#19 1.474     raise CalledProcessError(retcode, cmd)
#19 1.474 subprocess.CalledProcessError: Command '['/bin/bash', '-ex', '/src/build.sh']' returned non-zero exit status 1.
#19 ERROR: executor failed running [/bin/sh -c echo "Run fuzzer_build to build the target" && if [ -z "$debug_builder" ] ; then fuzzer_build; fi]: exit code: 1
------
 > importing cache manifest from gcr.io/fuzzbench/builders/afl/opencv_filestorage_read_filename_fuzzer:
------
------
 > [stage-1 13/13] RUN echo "Run fuzzer_build to build the target" && if [ -z "$debug_builder" ] ; then fuzzer_build; fi:
------
executor failed running [/bin/sh -c echo "Run fuzzer_build to build the target" && if [ -z "$debug_builder" ] ; then fuzzer_build; fi]: exit code: 1
make: *** [docker/generated.mk:2854015: .afl-opencv_filestorage_read_filename_fuzzer-builder] Error 1
/bin/sh: 1: source: not found
#1 [internal] load build definition from Dockerfile
#1 sha256:aeb15978d446c14443509ac8059d67ab6ef20a241bc921e4c4441df4442a7793
#1 transferring dockerfile: 32B done
#1 DONE 0.1s

#2 [internal] load .dockerignore
#2 sha256:bfee153f6c372116f1ea25612b2f740d94ee1a68ba07f1c16b72e7ac2ec9d1a0
#2 transferring context: 2B done
#2 DONE 0.1s

#3 [internal] load metadata for gcr.io/oss-fuzz-base/base-builder:latest
#3 sha256:f10dc39cc9d418a5bc416dead31a1902b6821fdae909cd3b08f7a3fd1faba7b5
#3 DONE 0.4s

#5 [1/6] FROM gcr.io/oss-fuzz-base/base-builder@sha256:112044a9815d235113677d459cf2ece740a51f2b85081c8f66943dcdc72ddf7f
#5 sha256:4aee4bf9f7280ac8b7f02b8d29e6e084dd034d2c294b4e3e05d8ce7048a1450f
#5 DONE 0.0s

#4 importing cache manifest from gcr.io/fuzzbench/builders/benchmark/opencv_filestorage_read_filename_fuzzer
#4 sha256:9fe5db2933528b33519dec47e4792e0e11ec21a7c058297ae8c63550381a95a5
#4 DONE 0.0s

#9 [internal] load build context
#9 sha256:f2102c4ce7849ebb9cae48525ddf5b377d7c55918b52912f09d382c5b0b2aa1d
#9 transferring context: 429B done
#9 DONE 0.0s

#8 [4/6] WORKDIR opencv/
#8 sha256:fda6c4b7e211bdd8ec1ae001cbb40929be694af912454da7105b1ff5a7d1ef7e
#8 CACHED

#10 [5/6] COPY build.sh /src/
#10 sha256:9f84523fd9c252a0f3a03a1a7ba9b311c46d91b994988f21b29e06a377e2da0f
#10 CACHED

#7 [3/6] RUN git clone --depth 1 https://github.com/opencv/opencv.git opencv
#7 sha256:59a9fb61118231e7c2a207bca2277cafcfad95bb7e22f5ee768b2c0e041e7f83
#7 CACHED

#6 [2/6] RUN apt-get update && apt-get install -y build-essential cmake pkg-config
#6 sha256:5b4cdd543f7676d762d91b87c637b12e81d197a5de05812a3f0a2dc7aead2436
#6 CACHED

#11 [6/6] COPY *.cc *.h /src/
#11 sha256:620debfb6693f3dfae4e9dfa32a248fdac60037c1ad551ced67c706971126cf8
#11 CACHED

#12 exporting to image
#12 sha256:e8c613e07b0b7ff33893b694f7759a10d42e180f2b4dc349fb57dc6b71dcab00
#12 exporting layers done
#12 writing image sha256:8a497c7e790611b7a92bb9829260fb3a936252ecb7d9088bba013e8d2b52277b done
#12 naming to gcr.io/fuzzbench/builders/benchmark/opencv_filestorage_read_filename_fuzzer done
#12 DONE 0.1s

#13 exporting cache
#13 sha256:2700d4ef94dee473593c5c614b55b2dedcca7893909811a8f2b48291a1f581e4
#13 preparing build cache for export done
#13 DONE 0.0s
#1 [internal] load build definition from builder.Dockerfile
#1 sha256:ab9080ef31b8d4ab3b16a67cbfd628dfa18bb76b3f4104a8192f35b253fa5f1e
#1 transferring dockerfile: 46B done
#1 DONE 0.2s

#2 [internal] load .dockerignore
#2 sha256:029228e123219dec258e8f312942c8f3758ea2d918d4fb3075abaa8d72bf0622
#2 transferring context: 2B done
#2 DONE 0.2s

#3 [internal] load metadata for gcr.io/fuzzbench/builders/benchmark/opencv_filestorage_read_filename_fuzzer:latest
#3 sha256:fd93ffee4a0ffcbff8008d1e99abcef18698c7559d43a5d6c81d7990333e8343
#3 DONE 0.0s

#7 [1/3] FROM gcr.io/fuzzbench/builders/benchmark/opencv_filestorage_read_filename_fuzzer
#7 sha256:b60d4f0c1daea247e9f6437a349ac15a32bbe0efcd52209d08fc10115536779e
#7 DONE 0.0s

#4 importing cache manifest from gcr.io/fuzzbench/builders/afl/opencv_filestorage_read_filename_fuzzer-intermediate
#4 sha256:d022735bd3492fb5ef0f03ddaa94c1eb7f5daa65ae4dbd6d76a4b306ea10c87c
#4 DONE 0.0s

#5 [2/3] RUN git clone https://github.com/google/AFL.git /afl &&     cd /afl &&     git checkout 61037103ae3722c8060ff7082994836a794f978e &&     AFL_NO_X86=1 make
#5 sha256:3e524a2c73f908f35f6b6c5c2a5ef3a28618ab0c782b069b6e6503e8bb2fba22
#5 CACHED

#6 [3/3] RUN apt-get update &&     apt-get install wget -y &&     wget https://raw.githubusercontent.com/llvm/llvm-project/5feb80e748924606531ba28c97fe65145c65372e/compiler-rt/lib/fuzzer/afl/afl_driver.cpp -O /afl/afl_driver.cpp &&     clang -Wno-pointer-sign -c /afl/llvm_mode/afl-llvm-rt.o.c -I/afl &&     clang++ -stdlib=libc++ -std=c++11 -O2 -c /afl/afl_driver.cpp &&     ar r /libAFL.a *.o
#6 sha256:530362b0f8c9a2ac02e55735f75abffa4083a0a0a02ecc1a5a9386e5200c8b0f
#6 CACHED

#8 exporting to image
#8 sha256:e8c613e07b0b7ff33893b694f7759a10d42e180f2b4dc349fb57dc6b71dcab00
#8 exporting layers done
#8 writing image sha256:abe2b32671846efe952468466ad42dff64a887ab71f481b7118d3c0190ecbd7a
#8 writing image sha256:abe2b32671846efe952468466ad42dff64a887ab71f481b7118d3c0190ecbd7a 0.0s done
#8 naming to gcr.io/fuzzbench/builders/afl/opencv_filestorage_read_filename_fuzzer-intermediate done
#8 DONE 0.3s

#9 exporting cache
#9 sha256:2700d4ef94dee473593c5c614b55b2dedcca7893909811a8f2b48291a1f581e4
#9 preparing build cache for export done
#9 DONE 0.0s
#1 [internal] load build definition from Dockerfile
#1 sha256:810438d30b550e6d77351fa38d686b839b574fcc23cd4cbbee2d1811144a6562
#1 transferring dockerfile: 2.00kB done
#1 DONE 0.1s

#2 [internal] load .dockerignore
#2 sha256:5b31e6db9988c9edac09dd43452d6136c1c9d15c050740fa856bb60307f6dc55
#2 transferring context: 34B done
#2 DONE 0.1s

#3 [internal] load metadata for docker.io/library/ubuntu:xenial
#3 sha256:f62bae18ed588840f045c881b2502661f2a89578a2f8f99b83f5200ee83dd25b
#3 DONE 0.0s

#12 [1/7] FROM docker.io/library/ubuntu:xenial
#12 sha256:14dd403f25ae9e519bd44f27dc17af7ce80f5a4f9f48ca88108364e67ec5d360
#12 DONE 0.0s

#11 importing cache manifest from gcr.io/fuzzbench/base-image
#11 sha256:9b220ebb4d4daceed1b96df9b6dca076e762f1cd612574f010b82d5b9e5ad896
#11 DONE 0.0s

#6 [internal] load build context
#6 sha256:b9a11c20b91fc7edcc64a30a3df50950484b521c10bbc3ca451e1d48be802914
#6 transferring context: 559B 0.0s done
#6 DONE 0.1s

#8 [5/7] RUN pip3 install -r /requirements.txt
#8 sha256:f3bbadb2ff64077cef6c143b80825c6a56dc737a61f29aea11ed9ee640ca2f6f
#8 CACHED

#9 [6/7] RUN apt-get update -y && apt-get install -y     apt-transport-https     lsb-release
#9 sha256:f68abd9cef3d50b4ca0830e77e252c24af7d3c3862bcd156beff6e0808aaa67b
#9 CACHED

#4 [2/7] RUN apt-get update -y && apt-get install -y     build-essential     rsync     curl     zlib1g-dev     libncurses5-dev     libgdbm-dev     libnss3-dev     libssl-dev     libreadline-dev     libffi-dev     virtualenv     libbz2-dev     liblzma-dev     libsqlite3-dev
#4 sha256:3a1b0960f17eed529eaae93dc8fd3554f2743dd584d8fa569cdbe6bc734371ac
#4 CACHED

#5 [3/7] RUN cd /tmp/ &&     curl -O https://www.python.org/ftp/python/3.8.6/Python-3.8.6.tar.xz &&     tar -xvf Python-3.8.6.tar.xz &&     cd Python-3.8.6 &&     ./configure --enable-loadable-sqlite-extensions --enable-optimizations &&     make -j install &&     rm -r /tmp/Python-3.8.6.tar.xz /tmp/Python-3.8.6
#5 sha256:c5b9d1fb3371e84dbc60b76e7b2f8d5913bc93bcd4910ab65daa03e7b2ec4bb0
#5 CACHED

#7 [4/7] COPY ./requirements.txt /
#7 sha256:c0d3612dede7c86a931944003624b8936b71399b7b8800f0228002301d89bc1d
#7 CACHED

#10 [7/7] RUN CLOUD_SDK_REPO="cloud-sdk-$(lsb_release -c -s)" &&     echo "deb https://packages.cloud.google.com/apt $CLOUD_SDK_REPO main"     | tee -a /etc/apt/sources.list.d/google-cloud-sdk.list &&     curl https://packages.cloud.google.com/apt/doc/apt-key.gpg     | apt-key add - &&     apt-get update -y &&     apt-get install -y google-cloud-sdk
#10 sha256:f5785d3c3370fa743e8dd29f79b2025fcd457f79281987bdb9f385dc8c7b8b2f
#10 CACHED

#13 exporting to image
#13 sha256:e8c613e07b0b7ff33893b694f7759a10d42e180f2b4dc349fb57dc6b71dcab00
#13 exporting layers done
#13 writing image sha256:55e5825902805b10e1ba0cd27e4af0d82c25f9e225d6218342d4b6474bd3ddae
#13 writing image sha256:55e5825902805b10e1ba0cd27e4af0d82c25f9e225d6218342d4b6474bd3ddae 0.0s done
#13 naming to gcr.io/fuzzbench/base-image done
#13 DONE 0.1s

#14 exporting cache
#14 sha256:2700d4ef94dee473593c5c614b55b2dedcca7893909811a8f2b48291a1f581e4
#14 preparing build cache for export done
#14 DONE 0.0s
#1 [internal] load build definition from Dockerfile
#1 sha256:4bf6fc9cf96f1b0e5cdbd5d0cfcb392f9af5ef0fb11cf81e839c184ca3bd3cec
#1 transferring dockerfile: 2.22kB done
#1 DONE 0.1s

#2 [internal] load .dockerignore
#2 sha256:33712702e3b7826cc982c216906cc418e61d61ee318d04b785936ed9025fe61b
#2 transferring context: 34B done
#2 DONE 0.1s

#7 [base-image 1/1] FROM gcr.io/fuzzbench/base-image
#7 sha256:4d07825694520f8b6f6a0d8592dbd345433361ae044cb7f06706c5a95e3daaad
#7 DONE 1.0s

#6 [stage-1  1/13] FROM gcr.io/fuzzbench/builders/afl/opencv_filestorage_read_filename_fuzzer-intermediate
#6 sha256:84e053f7967bf333e56169cf444b729ddce52669fa96fa369ad600d2a985d590
#6 DONE 1.5s

#8 [stage-1  2/13] COPY --from=base-image /usr/local/bin/python3* /usr/local/bin/
#8 sha256:b77cd9ac3ff8736e71e84830f8653b6aedde081912ba3e8fc106010937e86b33
#8 DONE 0.4s

#9 [stage-1  3/13] COPY --from=base-image /usr/local/lib/python3.8 /usr/local/lib/python3.8
#9 sha256:f1bef5984ef7b89293fe3cb419bc46462229f73f9ec51be46189c40faac5cad9
#9 DONE 22.7s

#10 [stage-1  4/13] COPY --from=base-image /usr/local/include/python3.8 /usr/local/include/python3.8
#10 sha256:f1d75600985de073fe880d47eff407f6457f05234b0862e2c77025b3e999045c
#10 DONE 0.3s

#11 [stage-1  5/13] COPY --from=base-image /usr/local/lib/python3.8/site-packages /usr/local/lib/python3.8/site-packages
#11 sha256:1c43fa99e45b3791bd1be53bed548744822cc78b3bc2107f4823e28bbccb3f23
#11 DONE 44.0s

#3 [internal] load metadata for gcr.io/fuzzbench/builders/afl/opencv_filestorage_read_filename_fuzzer-intermediate:latest
#3 sha256:c10e9c581383008df0904f9ab3e7a1280d43b1dfcd3e8d0e3bcdbf7336493119
#3 DONE 0.0s

#4 [internal] load metadata for gcr.io/fuzzbench/base-image:latest
#4 sha256:932022888f650cc455b10eb5123bb08c0cccacac29a693e69314abbfd28a72c3
#4 DONE 0.0s

#12 [internal] load build context
#12 sha256:d1ab41bac91fba2cc1240b4de891768d550882db799081ea94a75fc5a3729eae
#12 DONE 0.0s

#5 importing cache manifest from gcr.io/fuzzbench/builders/afl/opencv_filestorage_read_filename_fuzzer
#5 sha256:a1685c086b089a9e9493216f4c7fc2546ecb8fdfcd886e345b4d04771ecccd27
#5 ERROR: gcr.io/fuzzbench/builders/afl/opencv_filestorage_read_filename_fuzzer:latest: not found

#12 [internal] load build context
#12 sha256:d1ab41bac91fba2cc1240b4de891768d550882db799081ea94a75fc5a3729eae
#12 transferring context: 669.94kB 0.2s done
#12 DONE 0.2s

#13 [stage-1  6/13] COPY fuzzers /src/fuzzers
#13 sha256:54d88da23a7f21f2d4e6ca77ff299b37552caa715d83e15ace0dad0727a7ebff
#13 CACHED

#14 [stage-1  7/13] RUN touch /src/__init__.py
#14 sha256:53e2f28ff97dcddae99efe6cbb968323ef2abccb9db8ff8245b1e70e6e581c6c
#14 DONE 1.2s

#15 [stage-1  8/13] COPY benchmarks/opencv_filestorage_read_filename_fuzzer/benchmark.yaml /
#15 sha256:eb2ed648b863a28f99c5757bb393e9ef73ae6fd1c62bc4916e6a285baab2871b
#15 DONE 0.2s

#16 [stage-1  9/13] RUN mkdir /opt/fuzzbench/
#16 sha256:323d98fdaa9346c3cf75c5ab5db82c7169e3125d15b738234e1187089f8dec08
#16 DONE 1.3s

#17 [stage-1 10/13] COPY docker/benchmark-builder/checkout_commit.py /opt/fuzzbench/
#17 sha256:9408dcf6ef3d8319e9f9c4600e91e62324abb13545eea03088836041d1be2c4d
#17 DONE 0.2s

#18 [stage-1 11/13] RUN export CHECKOUT_COMMIT=$(cat /benchmark.yaml | tr -d ' ' | grep 'commit:' | cut -d ':' -f2) &&     python3 -u /opt/fuzzbench/checkout_commit.py $CHECKOUT_COMMIT /src
#18 sha256:5de6cab2e30e96f06a6b539f563ca358381c08210479c37b55f9966aa39e7d00
#18 1.370 Checking out commit b27c51de
#18 137.8 From https://github.com/opencv/opencv
#18 137.8  * [new tag]               2.2                  -> 2.2
#18 137.8  * [new tag]               2.4.0                -> 2.4.0
#18 137.8  * [new tag]               2.4.1                -> 2.4.1
#18 137.8  * [new tag]               2.4.10               -> 2.4.10
#18 137.8  * [new tag]               2.4.10.1             -> 2.4.10.1
#18 137.8  * [new tag]               2.4.10.2             -> 2.4.10.2
#18 137.8  * [new tag]               2.4.10.3             -> 2.4.10.3
#18 137.8  * [new tag]               2.4.10.4             -> 2.4.10.4
#18 137.8  * [new tag]               2.4.11               -> 2.4.11
#18 137.8  * [new tag]               2.4.12               -> 2.4.12
#18 137.8  * [new tag]               2.4.12.1             -> 2.4.12.1
#18 137.8  * [new tag]               2.4.12.2             -> 2.4.12.2
#18 137.8  * [new tag]               2.4.12.3             -> 2.4.12.3
#18 137.8  * [new tag]               2.4.13               -> 2.4.13
#18 137.8  * [new tag]               2.4.13.1             -> 2.4.13.1
#18 137.8  * [new tag]               2.4.2                -> 2.4.2
#18 137.8  * [new tag]               2.4.3                -> 2.4.3
#18 137.8  * [new tag]               2.4.3-rc             -> 2.4.3-rc
#18 137.8  * [new tag]               2.4.3.1              -> 2.4.3.1
#18 137.8  * [new tag]               2.4.3.2              -> 2.4.3.2
#18 137.8  * [new tag]               2.4.4                -> 2.4.4
#18 137.8  * [new tag]               2.4.4-beta           -> 2.4.4-beta
#18 137.8  * [new tag]               2.4.5                -> 2.4.5
#18 137.8  * [new tag]               2.4.6                -> 2.4.6
#18 137.8  * [new tag]               2.4.6.1              -> 2.4.6.1
#18 137.8  * [new tag]               2.4.6.2              -> 2.4.6.2
#18 137.8  * [new tag]               2.4.6.2-rc1          -> 2.4.6.2-rc1
#18 137.8  * [new tag]               2.4.7                -> 2.4.7
#18 137.8  * [new tag]               2.4.7-rc1            -> 2.4.7-rc1
#18 137.8  * [new tag]               2.4.7.1              -> 2.4.7.1
#18 137.8  * [new tag]               2.4.7.2              -> 2.4.7.2
#18 137.8  * [new tag]               2.4.8                -> 2.4.8
#18 137.8  * [new tag]               2.4.8.1              -> 2.4.8.1
#18 137.8  * [new tag]               2.4.8.2              -> 2.4.8.2
#18 137.8  * [new tag]               2.4.8.3              -> 2.4.8.3
#18 137.8  * [new tag]               2.4.9                -> 2.4.9
#18 137.8  * [new tag]               2.4.9.1              -> 2.4.9.1
#18 137.8  * [new tag]               3.0-ocl-tech-preview -> 3.0-ocl-tech-preview
#18 137.8  * [new tag]               3.0-ocl-tp2          -> 3.0-ocl-tp2
#18 137.8  * [new tag]               3.0.0                -> 3.0.0
#18 137.8  * [new tag]               3.0.0-alpha          -> 3.0.0-alpha
#18 137.8  * [new tag]               3.0.0-beta           -> 3.0.0-beta
#18 137.8  * [new tag]               3.0.0-rc1            -> 3.0.0-rc1
#18 137.8  * [new tag]               3.1.0                -> 3.1.0
#18 137.8  * [new tag]               3.2.0                -> 3.2.0
#18 137.8  * [new tag]               3.2.0-rc             -> 3.2.0-rc
#18 137.8  * [new tag]               3.3.0                -> 3.3.0
#18 137.8  * [new tag]               3.3.0-cvsdk          -> 3.3.0-cvsdk
#18 137.8  * [new tag]               3.3.0-rc             -> 3.3.0-rc
#18 137.8  * [new tag]               3.3.1                -> 3.3.1
#18 137.8  * [new tag]               3.3.1-cvsdk          -> 3.3.1-cvsdk
#18 137.8  * [new tag]               3.4.0                -> 3.4.0
#18 137.8  * [new tag]               3.4.0-rc             -> 3.4.0-rc
#18 137.8  * [new tag]               3.4.1                -> 3.4.1
#18 137.8  * [new tag]               3.4.1-cvsdk          -> 3.4.1-cvsdk
#18 137.8  * [new tag]               3.4.10               -> 3.4.10
#18 137.8  * [new tag]               3.4.11               -> 3.4.11
#18 137.8  * [new tag]               3.4.12               -> 3.4.12
#18 137.8  * [new tag]               3.4.13               -> 3.4.13
#18 137.8  * [new tag]               3.4.14               -> 3.4.14
#18 137.9  * [new tag]               3.4.15               -> 3.4.15
#18 137.9  * [new tag]               3.4.16               -> 3.4.16
#18 137.9  * [new tag]               3.4.17               -> 3.4.17
#18 137.9  * [new tag]               3.4.2                -> 3.4.2
#18 137.9  * [new tag]               3.4.2-openvino       -> 3.4.2-openvino
#18 137.9  * [new tag]               3.4.3                -> 3.4.3
#18 137.9  * [new tag]               3.4.3-openvino       -> 3.4.3-openvino
#18 137.9  * [new tag]               3.4.4                -> 3.4.4
#18 137.9  * [new tag]               3.4.5                -> 3.4.5
#18 137.9  * [new tag]               3.4.6                -> 3.4.6
#18 137.9  * [new tag]               3.4.7                -> 3.4.7
#18 137.9  * [new tag]               3.4.8                -> 3.4.8
#18 137.9  * [new tag]               3.4.9                -> 3.4.9
#18 137.9  * [new tag]               4.0.0                -> 4.0.0
#18 137.9  * [new tag]               4.0.0-alpha          -> 4.0.0-alpha
#18 137.9  * [new tag]               4.0.0-beta           -> 4.0.0-beta
#18 137.9  * [new tag]               4.0.0-openvino       -> 4.0.0-openvino
#18 137.9  * [new tag]               4.0.0-rc             -> 4.0.0-rc
#18 137.9  * [new tag]               4.0.1                -> 4.0.1
#18 137.9  * [new tag]               4.0.1-openvino       -> 4.0.1-openvino
#18 137.9  * [new tag]               4.1.0                -> 4.1.0
#18 137.9  * [new tag]               4.1.0-openvino       -> 4.1.0-openvino
#18 137.9  * [new tag]               4.1.1                -> 4.1.1
#18 137.9  * [new tag]               4.1.1-openvino       -> 4.1.1-openvino
#18 137.9  * [new tag]               4.1.2                -> 4.1.2
#18 137.9  * [new tag]               4.1.2-openvino       -> 4.1.2-openvino
#18 137.9  * [new tag]               4.2.0                -> 4.2.0
#18 137.9  * [new tag]               4.3.0                -> 4.3.0
#18 137.9  * [new tag]               4.4.0                -> 4.4.0
#18 137.9  * [new tag]               4.5.0                -> 4.5.0
#18 137.9  * [new tag]               4.5.1                -> 4.5.1
#18 137.9  * [new tag]               4.5.2                -> 4.5.2
#18 137.9  * [new tag]               4.5.3                -> 4.5.3
#18 137.9  * [new tag]               4.5.4                -> 4.5.4
#18 137.9  * [new tag]               4.5.5                -> 4.5.5
#18 137.9 error: pathspec 'b27c51de' did not match any file(s) known to git
#18 137.9 error: pathspec 'b27c51de' did not match any file(s) known to git
#18 138.0 error: pathspec 'b27c51de' did not match any file(s) known to git
#18 138.1 error: pathspec 'b27c51de' did not match any file(s) known to git
#18 138.1 error: pathspec 'b27c51de' did not match any file(s) known to git
#18 138.2 error: pathspec 'b27c51de' did not match any file(s) known to git
#18 138.2 error: pathspec 'b27c51de' did not match any file(s) known to git
#18 138.3 error: pathspec 'b27c51de' did not match any file(s) known to git
#18 138.3 error: pathspec 'b27c51de' did not match any file(s) known to git
#18 138.4 error: pathspec 'b27c51de' did not match any file(s) known to git
#18 138.4 error: pathspec 'b27c51de' did not match any file(s) known to git
#18 138.5 error: pathspec 'b27c51de' did not match any file(s) known to git
#18 138.7 error: pathspec 'b27c51de' did not match any file(s) known to git
#18 138.8 error: pathspec 'b27c51de' did not match any file(s) known to git
#18 138.8 error: pathspec 'b27c51de' did not match any file(s) known to git
#18 138.9 error: pathspec 'b27c51de' did not match any file(s) known to git
#18 139.0 error: pathspec 'b27c51de' did not match any file(s) known to git
#18 139.0 error: pathspec 'b27c51de' did not match any file(s) known to git
#18 139.1 error: pathspec 'b27c51de' did not match any file(s) known to git
#18 139.1 error: pathspec 'b27c51de' did not match any file(s) known to git
#18 139.2 error: pathspec 'b27c51de' did not match any file(s) known to git
#18 139.2 error: pathspec 'b27c51de' did not match any file(s) known to git
#18 139.6 Checkout unsuccessful.
#18 DONE 139.9s

#19 [stage-1 12/13] RUN echo "#!/bin/bash\nPYTHONPATH=/src python3 -u -c "from fuzzers import utils; utils.initialize_env(); from fuzzers.afl import fuzzer; fuzzer.build()"" > /usr/bin/fuzzer_build &&     chmod +x /usr/bin/fuzzer_build
#19 sha256:a4667c7050296cce3d6aa567552d16598ea444063532aa53eb51c3eb65985d34
#19 DONE 1.5s

#20 [stage-1 13/13] RUN echo "Run fuzzer_build to build the target" && if [ -z "$debug_builder" ] ; then fuzzer_build; fi
#20 sha256:b4fcdb5a3aea039714e0713540da2a3520f70f0a6f33471a661b1ba379053f5a
#20 1.336 Run fuzzer_build to build the target
#20 1.750 FUZZ_TARGET = filestorage_read_filename_fuzzer
#20 1.750 CFLAGS = -DFUZZING_BUILD_MODE_UNSAFE_FOR_PRODUCTION -pthread -Wl,--no-as-needed -Wl,-ldl -Wl,-lm -Wno-unused-command-line-argument -O3
#20 1.750 CXXFLAGS = -DFUZZING_BUILD_MODE_UNSAFE_FOR_PRODUCTION -pthread -Wl,--no-as-needed -Wl,-ldl -Wl,-lm -Wno-unused-command-line-argument -stdlib=libc++ -O3
#20 1.764 Building benchmark opencv_filestorage_read_filename_fuzzer with fuzzer afl
#20 1.770 + mkdir opencv/build
#20 1.775 mkdir: cannot create directory ‘opencv/build’: No such file or directory
#20 1.777 Traceback (most recent call last):
#20 1.777   File "<string>", line 1, in <module>
#20 1.781   File "/src/fuzzers/afl/fuzzer.py", line 40, in build
#20 1.782     utils.build_benchmark()
#20 1.782   File "/src/fuzzers/utils.py", line 82, in build_benchmark
#20 1.783     subprocess.check_call(['/bin/bash', '-ex', build_script], env=env)
#20 1.783   File "/usr/local/lib/python3.8/subprocess.py", line 364, in check_call
#20 1.785     raise CalledProcessError(retcode, cmd)
#20 1.785 subprocess.CalledProcessError: Command '['/bin/bash', '-ex', '/src/build.sh']' returned non-zero exit status 1.
#20 ERROR: executor failed running [/bin/sh -c echo "Run fuzzer_build to build the target" && if [ -z "$debug_builder" ] ; then fuzzer_build; fi]: exit code: 1
------
 > importing cache manifest from gcr.io/fuzzbench/builders/afl/opencv_filestorage_read_filename_fuzzer:
------
------
 > [stage-1 13/13] RUN echo "Run fuzzer_build to build the target" && if [ -z "$debug_builder" ] ; then fuzzer_build; fi:
------
executor failed running [/bin/sh -c echo "Run fuzzer_build to build the target" && if [ -z "$debug_builder" ] ; then fuzzer_build; fi]: exit code: 1
make: *** [docker/generated.mk:2854015: .afl-opencv_filestorage_read_filename_fuzzer-builder] Error 1
