WARNING:root:gcloud not found in PATH.
INFO:root:Successfully integrated benchmark: vitess_vitess.
INFO:root:Please run "make test-run-afl-vitess_vitess" to test integration.
#1 [internal] load build definition from Dockerfile
#1 sha256:2c8f9ba9be5561e197c888490f36dacef299f06f704944dc2de014232c9ab72d
#1 transferring dockerfile: 1.06kB done
#1 DONE 0.0s

#2 [internal] load .dockerignore
#2 sha256:3242af64ea3b0a5011be8da6ba1bb825757e8342166ea75bb0183fb189b7787d
#2 transferring context: 2B done
#2 DONE 0.1s

#3 [internal] load metadata for gcr.io/oss-fuzz-base/base-builder:latest
#3 sha256:f10dc39cc9d418a5bc416dead31a1902b6821fdae909cd3b08f7a3fd1faba7b5
#3 DONE 0.3s

#4 [1/4] FROM gcr.io/oss-fuzz-base/base-builder@sha256:f4e5ea12494fab091c5d830cf803b3421f2860f729b9d1b07da44924396cf8cf
#4 sha256:ef290950573a2779ee526af357b28fbddfc20d7409aa51f58f777c9e972cba29
#4 DONE 0.0s

#6 [internal] load build context
#6 sha256:7c63dcf140b83c30d468bac314bb43747bcfd2c0c38c81347aa99d62623c80de
#6 DONE 0.0s

#9 importing cache manifest from gcr.io/fuzzbench/builders/benchmark/vitess_vitess
#9 sha256:9840eb69b6228e4e92147dd1f0902bb2fbb2a986d48562f72b5330a707640528
#9 ERROR: gcr.io/fuzzbench/builders/benchmark/vitess_vitess:latest: not found

#4 [1/4] FROM gcr.io/oss-fuzz-base/base-builder@sha256:f4e5ea12494fab091c5d830cf803b3421f2860f729b9d1b07da44924396cf8cf
#4 sha256:ef290950573a2779ee526af357b28fbddfc20d7409aa51f58f777c9e972cba29
#4 CACHED

#5 [2/4] RUN go get 	github.com/vitessio/vitess 		vitess.io/vitess/go/bytes2 		vitess.io/vitess/go/sqltypes 		vitess.io/vitess/go/vt/log 		vitess.io/vitess/go/vt/proto/query 		vitess.io/vitess/go/vt/proto/vtrpc 		vitess.io/vitess/go/vt/vterrors 		vitess.io/vitess/go/vt/vtgate/evalengine
#5 sha256:e420f5df1a2bc1c117de98d961df123c003dafb7c150555555a705ff645a5475
#5 ...

#6 [internal] load build context
#6 sha256:7c63dcf140b83c30d468bac314bb43747bcfd2c0c38c81347aa99d62623c80de
#6 transferring context: 783B done
#6 DONE 0.0s

#5 [2/4] RUN go get 	github.com/vitessio/vitess 		vitess.io/vitess/go/bytes2 		vitess.io/vitess/go/sqltypes 		vitess.io/vitess/go/vt/log 		vitess.io/vitess/go/vt/proto/query 		vitess.io/vitess/go/vt/proto/vtrpc 		vitess.io/vitess/go/vt/vterrors 		vitess.io/vitess/go/vt/vtgate/evalengine
#5 sha256:e420f5df1a2bc1c117de98d961df123c003dafb7c150555555a705ff645a5475
#5 1.123 /bin/sh: 1: go: not found
#5 ERROR: executor failed running [/bin/sh -c go get 	github.com/vitessio/vitess 		vitess.io/vitess/go/bytes2 		vitess.io/vitess/go/sqltypes 		vitess.io/vitess/go/vt/log 		vitess.io/vitess/go/vt/proto/query 		vitess.io/vitess/go/vt/proto/vtrpc 		vitess.io/vitess/go/vt/vterrors 		vitess.io/vitess/go/vt/vtgate/evalengine]: exit code: 127
------
 > importing cache manifest from gcr.io/fuzzbench/builders/benchmark/vitess_vitess:
------
------
 > [2/4] RUN go get 	github.com/vitessio/vitess 		vitess.io/vitess/go/bytes2 		vitess.io/vitess/go/sqltypes 		vitess.io/vitess/go/vt/log 		vitess.io/vitess/go/vt/proto/query 		vitess.io/vitess/go/vt/proto/vtrpc 		vitess.io/vitess/go/vt/vterrors 		vitess.io/vitess/go/vt/vtgate/evalengine:
------
executor failed running [/bin/sh -c go get 	github.com/vitessio/vitess 		vitess.io/vitess/go/bytes2 		vitess.io/vitess/go/sqltypes 		vitess.io/vitess/go/vt/log 		vitess.io/vitess/go/vt/proto/query 		vitess.io/vitess/go/vt/proto/vtrpc 		vitess.io/vitess/go/vt/vterrors 		vitess.io/vitess/go/vt/vtgate/evalengine]: exit code: 127
make: *** [docker/generated.mk:69226: .vitess_vitess-project-builder] Error 1
/bin/sh: 1: source: not found
#1 [internal] load build definition from Dockerfile
#1 sha256:fac6aebb34f99dc95e5f76cfd9c6128b32b4e459e3f2790e174c7b4403ba6718
#1 transferring dockerfile: 32B done
#1 DONE 0.1s

#2 [internal] load .dockerignore
#2 sha256:80b68acb964dcda871b648e02551bbd29324b438cac43d211027c52037f82790
#2 transferring context: 2B done
#2 DONE 0.0s

#3 [internal] load metadata for gcr.io/oss-fuzz-base/base-builder:latest
#3 sha256:f10dc39cc9d418a5bc416dead31a1902b6821fdae909cd3b08f7a3fd1faba7b5
#3 DONE 0.4s

#7 [internal] load build context
#7 sha256:33991dbea782e43247864bddf0b6bd49492d1f855b09c68e79ca0597d8a9baf2
#7 DONE 0.0s

#5 [1/4] FROM gcr.io/oss-fuzz-base/base-builder@sha256:f4e5ea12494fab091c5d830cf803b3421f2860f729b9d1b07da44924396cf8cf
#5 sha256:ef290950573a2779ee526af357b28fbddfc20d7409aa51f58f777c9e972cba29
#5 DONE 0.0s

#4 importing cache manifest from gcr.io/fuzzbench/builders/benchmark/vitess_vitess
#4 sha256:9840eb69b6228e4e92147dd1f0902bb2fbb2a986d48562f72b5330a707640528
#4 ERROR: gcr.io/fuzzbench/builders/benchmark/vitess_vitess:latest: not found

#5 [1/4] FROM gcr.io/oss-fuzz-base/base-builder@sha256:f4e5ea12494fab091c5d830cf803b3421f2860f729b9d1b07da44924396cf8cf
#5 sha256:ef290950573a2779ee526af357b28fbddfc20d7409aa51f58f777c9e972cba29
#5 CACHED

#7 [internal] load build context
#7 sha256:33991dbea782e43247864bddf0b6bd49492d1f855b09c68e79ca0597d8a9baf2
#7 transferring context: 30B done
#7 DONE 0.0s

#6 [2/4] RUN go get 	github.com/vitessio/vitess 		vitess.io/vitess/go/bytes2 		vitess.io/vitess/go/sqltypes 		vitess.io/vitess/go/vt/log 		vitess.io/vitess/go/vt/proto/query 		vitess.io/vitess/go/vt/proto/vtrpc 		vitess.io/vitess/go/vt/vterrors 		vitess.io/vitess/go/vt/vtgate/evalengine
#6 sha256:e420f5df1a2bc1c117de98d961df123c003dafb7c150555555a705ff645a5475
#6 1.047 /bin/sh: 1: go: not found
#6 ERROR: executor failed running [/bin/sh -c go get 	github.com/vitessio/vitess 		vitess.io/vitess/go/bytes2 		vitess.io/vitess/go/sqltypes 		vitess.io/vitess/go/vt/log 		vitess.io/vitess/go/vt/proto/query 		vitess.io/vitess/go/vt/proto/vtrpc 		vitess.io/vitess/go/vt/vterrors 		vitess.io/vitess/go/vt/vtgate/evalengine]: exit code: 127
------
 > importing cache manifest from gcr.io/fuzzbench/builders/benchmark/vitess_vitess:
------
------
 > [2/4] RUN go get 	github.com/vitessio/vitess 		vitess.io/vitess/go/bytes2 		vitess.io/vitess/go/sqltypes 		vitess.io/vitess/go/vt/log 		vitess.io/vitess/go/vt/proto/query 		vitess.io/vitess/go/vt/proto/vtrpc 		vitess.io/vitess/go/vt/vterrors 		vitess.io/vitess/go/vt/vtgate/evalengine:
------
executor failed running [/bin/sh -c go get 	github.com/vitessio/vitess 		vitess.io/vitess/go/bytes2 		vitess.io/vitess/go/sqltypes 		vitess.io/vitess/go/vt/log 		vitess.io/vitess/go/vt/proto/query 		vitess.io/vitess/go/vt/proto/vtrpc 		vitess.io/vitess/go/vt/vterrors 		vitess.io/vitess/go/vt/vtgate/evalengine]: exit code: 127
make: *** [docker/generated.mk:69226: .vitess_vitess-project-builder] Error 1
