WARNING:root:gcloud not found in PATH.
INFO:root:Successfully integrated benchmark: leveldb_fuzz_db.
INFO:root:Please run "make test-run-afl-leveldb_fuzz_db" to test integration.
#2 [internal] load .dockerignore
#2 sha256:32ec9d7e28f57316df3c176d67b9fcb84b49df735941d39c37fb7cd769c66f15
#2 ...

#1 [internal] load build definition from Dockerfile
#1 sha256:222940806d3bfe0f398e40a20694d106ce75db377b4a2ec42b77418eac087849
#1 transferring dockerfile: 1.02kB done
#1 DONE 0.4s

#2 [internal] load .dockerignore
#2 sha256:32ec9d7e28f57316df3c176d67b9fcb84b49df735941d39c37fb7cd769c66f15
#2 transferring context: 2B done
#2 DONE 0.6s

#3 [internal] load metadata for gcr.io/oss-fuzz-base/base-builder:latest
#3 sha256:f10dc39cc9d418a5bc416dead31a1902b6821fdae909cd3b08f7a3fd1faba7b5
#3 DONE 0.5s

#9 [internal] load build context
#9 sha256:6c54cdfc32dd7f08086f3681da8516a3449f6e592ee0e218ab6de8b89efaffcf
#9 DONE 0.0s

#5 [1/7] FROM gcr.io/oss-fuzz-base/base-builder@sha256:f4e5ea12494fab091c5d830cf803b3421f2860f729b9d1b07da44924396cf8cf
#5 sha256:ef290950573a2779ee526af357b28fbddfc20d7409aa51f58f777c9e972cba29
#5 DONE 0.0s

#4 importing cache manifest from gcr.io/fuzzbench/builders/benchmark/leveldb_fuzz_db
#4 sha256:7d9908ba63753cf2d6880d362a2da14457179d9fe10e6c5ba23b0512b16df63c
#4 ERROR: gcr.io/fuzzbench/builders/benchmark/leveldb_fuzz_db:latest: not found

#5 [1/7] FROM gcr.io/oss-fuzz-base/base-builder@sha256:f4e5ea12494fab091c5d830cf803b3421f2860f729b9d1b07da44924396cf8cf
#5 sha256:ef290950573a2779ee526af357b28fbddfc20d7409aa51f58f777c9e972cba29
#5 CACHED

#6 [2/7] RUN apt-get update && apt-get install -y make autoconf automake libtool gettext pkg-config build-essential
#6 sha256:d3e9bc0e90033fb1cf04b38d3df2d698bc3abeb1cd1c756ba4ea7a49d6bdae55
#6 ...

#9 [internal] load build context
#9 sha256:6c54cdfc32dd7f08086f3681da8516a3449f6e592ee0e218ab6de8b89efaffcf
#9 transferring context: 4.44kB done
#9 DONE 0.2s

#6 [2/7] RUN apt-get update && apt-get install -y make autoconf automake libtool gettext pkg-config build-essential
#6 sha256:d3e9bc0e90033fb1cf04b38d3df2d698bc3abeb1cd1c756ba4ea7a49d6bdae55
#6 0.806 Hit:1 http://archive.ubuntu.com/ubuntu focal InRelease
#6 0.806 Get:2 http://archive.ubuntu.com/ubuntu focal-updates InRelease [114 kB]
#6 0.806 Get:3 http://security.ubuntu.com/ubuntu focal-security InRelease [114 kB]
#6 0.806 Hit:4 http://ppa.launchpad.net/git-core/ppa/ubuntu focal InRelease
#6 0.866 Get:5 http://archive.ubuntu.com/ubuntu focal-backports InRelease [108 kB]
#6 1.349 Get:6 http://security.ubuntu.com/ubuntu focal-security/universe i386 Packages [657 kB]
#6 1.472 Get:7 http://security.ubuntu.com/ubuntu focal-security/universe amd64 Packages [840 kB]
#6 1.541 Get:8 http://security.ubuntu.com/ubuntu focal-security/main amd64 Packages [1546 kB]
#6 1.568 Get:9 http://archive.ubuntu.com/ubuntu focal-updates/universe amd64 Packages [1134 kB]
#6 1.719 Get:10 http://security.ubuntu.com/ubuntu focal-security/main i386 Packages [464 kB]
#6 1.886 Get:11 http://archive.ubuntu.com/ubuntu focal-updates/universe i386 Packages [827 kB]
#6 2.011 Get:12 http://archive.ubuntu.com/ubuntu focal-updates/main amd64 Packages [1973 kB]
#6 2.221 Get:13 http://archive.ubuntu.com/ubuntu focal-updates/main i386 Packages [752 kB]
#6 2.553 Fetched 8529 kB in 2s (4807 kB/s)
#6 2.553 Reading package lists...
#6 4.264 Reading package lists...
#6 5.674 Building dependency tree...
#6 5.884 Reading state information...
#6 6.107 make is already the newest version (4.2.1-1.2).
#6 6.107 make set to manually installed.
#6 6.107 build-essential is already the newest version (12.8ubuntu1.1).
#6 6.107 The following additional packages will be installed:
#6 6.109   autotools-dev gettext-base libcroco3 libltdl-dev libltdl7 libsigsegv2 m4
#6 6.110 Suggested packages:
#6 6.110   autoconf-archive gnu-standards autoconf-doc gettext-doc autopoint
#6 6.110   libasprintf-dev libgettextpo-dev libtool-doc gfortran | fortran95-compiler
#6 6.110   gcj-jdk m4-doc
#6 6.156 The following NEW packages will be installed:
#6 6.157   autoconf automake autotools-dev gettext gettext-base libcroco3 libltdl-dev
#6 6.158   libltdl7 libsigsegv2 libtool m4 pkg-config
#6 6.235 0 upgraded, 12 newly installed, 0 to remove and 3 not upgraded.
#6 6.235 Need to get 2531 kB of archives.
#6 6.235 After this operation, 11.4 MB of additional disk space will be used.
#6 6.235 Get:1 http://archive.ubuntu.com/ubuntu focal/main amd64 gettext-base amd64 0.19.8.1-10build1 [50.2 kB]
#6 6.316 Get:2 http://archive.ubuntu.com/ubuntu focal/main amd64 libsigsegv2 amd64 2.12-2 [13.9 kB]
#6 6.319 Get:3 http://archive.ubuntu.com/ubuntu focal/main amd64 m4 amd64 1.4.18-4 [199 kB]
#6 6.370 Get:4 http://archive.ubuntu.com/ubuntu focal/main amd64 autoconf all 2.69-11.1 [321 kB]
#6 6.399 Get:5 http://archive.ubuntu.com/ubuntu focal/main amd64 autotools-dev all 20180224.1 [39.6 kB]
#6 6.402 Get:6 http://archive.ubuntu.com/ubuntu focal/main amd64 automake all 1:1.16.1-4ubuntu6 [522 kB]
#6 6.441 Get:7 http://archive.ubuntu.com/ubuntu focal/main amd64 libcroco3 amd64 0.6.13-1 [82.5 kB]
#6 6.447 Get:8 http://archive.ubuntu.com/ubuntu focal/main amd64 gettext amd64 0.19.8.1-10build1 [895 kB]
#6 6.513 Get:9 http://archive.ubuntu.com/ubuntu focal/main amd64 libltdl7 amd64 2.4.6-14 [38.5 kB]
#6 6.516 Get:10 http://archive.ubuntu.com/ubuntu focal/main amd64 libltdl-dev amd64 2.4.6-14 [162 kB]
#6 6.528 Get:11 http://archive.ubuntu.com/ubuntu focal/main amd64 libtool all 2.4.6-14 [161 kB]
#6 6.540 Get:12 http://archive.ubuntu.com/ubuntu focal/main amd64 pkg-config amd64 0.29.1-0ubuntu4 [45.5 kB]
#6 7.868 debconf: delaying package configuration, since apt-utils is not installed
#6 8.137 Fetched 2531 kB in 0s (6764 kB/s)
#6 8.875 Selecting previously unselected package gettext-base.
#6 8.875 (Reading database ... (Reading database ... 5%(Reading database ... 10%(Reading database ... 15%(Reading database ... 20%(Reading database ... 25%(Reading database ... 30%(Reading database ... 35%(Reading database ... 40%(Reading database ... 45%(Reading database ... 50%(Reading database ... 55%(Reading database ... 60%(Reading database ... 65%(Reading database ... 70%(Reading database ... 75%(Reading database ... 80%(Reading database ... 85%(Reading database ... 90%(Reading database ... 95%(Reading database ... 100%(Reading database ... 21291 files and directories currently installed.)
#6 9.047 Preparing to unpack .../00-gettext-base_0.19.8.1-10build1_amd64.deb ...
#6 9.372 Unpacking gettext-base (0.19.8.1-10build1) ...
#6 11.00 Selecting previously unselected package libsigsegv2:amd64.
#6 11.00 Preparing to unpack .../01-libsigsegv2_2.12-2_amd64.deb ...
#6 11.27 Unpacking libsigsegv2:amd64 (2.12-2) ...
#6 11.89 Selecting previously unselected package m4.
#6 11.89 Preparing to unpack .../02-m4_1.4.18-4_amd64.deb ...
#6 11.92 Unpacking m4 (1.4.18-4) ...
#6 12.14 Selecting previously unselected package autoconf.
#6 12.14 Preparing to unpack .../03-autoconf_2.69-11.1_all.deb ...
#6 12.16 Unpacking autoconf (2.69-11.1) ...
#6 12.33 Selecting previously unselected package autotools-dev.
#6 12.33 Preparing to unpack .../04-autotools-dev_20180224.1_all.deb ...
#6 12.35 Unpacking autotools-dev (20180224.1) ...
#6 12.52 Selecting previously unselected package automake.
#6 12.52 Preparing to unpack .../05-automake_1%3a1.16.1-4ubuntu6_all.deb ...
#6 12.54 Unpacking automake (1:1.16.1-4ubuntu6) ...
#6 12.72 Selecting previously unselected package libcroco3:amd64.
#6 12.73 Preparing to unpack .../06-libcroco3_0.6.13-1_amd64.deb ...
#6 12.74 Unpacking libcroco3:amd64 (0.6.13-1) ...
#6 12.88 Selecting previously unselected package gettext.
#6 12.88 Preparing to unpack .../07-gettext_0.19.8.1-10build1_amd64.deb ...
#6 12.89 Unpacking gettext (0.19.8.1-10build1) ...
#6 13.12 Selecting previously unselected package libltdl7:amd64.
#6 13.12 Preparing to unpack .../08-libltdl7_2.4.6-14_amd64.deb ...
#6 13.14 Unpacking libltdl7:amd64 (2.4.6-14) ...
#6 13.28 Selecting previously unselected package libltdl-dev:amd64.
#6 13.29 Preparing to unpack .../09-libltdl-dev_2.4.6-14_amd64.deb ...
#6 13.31 Unpacking libltdl-dev:amd64 (2.4.6-14) ...
#6 13.45 Selecting previously unselected package libtool.
#6 13.46 Preparing to unpack .../10-libtool_2.4.6-14_all.deb ...
#6 13.48 Unpacking libtool (2.4.6-14) ...
#6 13.63 Selecting previously unselected package pkg-config.
#6 13.64 Preparing to unpack .../11-pkg-config_0.29.1-0ubuntu4_amd64.deb ...
#6 13.65 Unpacking pkg-config (0.29.1-0ubuntu4) ...
#6 13.80 Setting up gettext-base (0.19.8.1-10build1) ...
#6 13.88 Setting up autotools-dev (20180224.1) ...
#6 13.93 Setting up libsigsegv2:amd64 (2.12-2) ...
#6 13.98 Setting up libcroco3:amd64 (0.6.13-1) ...
#6 14.03 Setting up pkg-config (0.29.1-0ubuntu4) ...
#6 14.17 Setting up libltdl7:amd64 (2.4.6-14) ...
#6 14.22 Setting up gettext (0.19.8.1-10build1) ...
#6 14.26 Setting up libtool (2.4.6-14) ...
#6 14.29 Setting up m4 (1.4.18-4) ...
#6 14.32 Setting up autoconf (2.69-11.1) ...
#6 14.37 Setting up automake (1:1.16.1-4ubuntu6) ...
#6 14.41 update-alternatives: using /usr/bin/automake-1.16 to provide /usr/bin/automake (automake) in auto mode
#6 14.41 update-alternatives: warning: skip creation of /usr/share/man/man1/automake.1.gz because associated file /usr/share/man/man1/automake-1.16.1.gz (of link group automake) doesn't exist
#6 14.41 update-alternatives: warning: skip creation of /usr/share/man/man1/aclocal.1.gz because associated file /usr/share/man/man1/aclocal-1.16.1.gz (of link group automake) doesn't exist
#6 14.44 Setting up libltdl-dev:amd64 (2.4.6-14) ...
#6 14.49 Processing triggers for libc-bin (2.31-0ubuntu9.2) ...
#6 DONE 15.1s

#7 [3/7] RUN git clone --recurse-submodules https://github.com/google/leveldb.git
#7 sha256:39d1fe90ac2ca89d106215b5f192898be0cf56723b6413a7362b71f05ee7150a
#7 0.585 Cloning into 'leveldb'...
#7 1.925 Submodule 'third_party/benchmark' (https://github.com/google/benchmark) registered for path 'third_party/benchmark'
#7 1.926 Submodule 'third_party/googletest' (https://github.com/google/googletest.git) registered for path 'third_party/googletest'
#7 1.934 Cloning into '/src/leveldb/third_party/benchmark'...
#7 3.070 Cloning into '/src/leveldb/third_party/googletest'...
#7 6.186 Submodule path 'third_party/benchmark': checked out '7d0d9061d83b663ce05d9de5da3d5865a3845b79'
#7 6.286 Submodule path 'third_party/googletest': checked out '662fe38e44900c007eccb65a5d2ea19df7bd520e'
#7 DONE 6.9s

#8 [4/7] WORKDIR /src/
#8 sha256:aaca341d0c5aeff56f26deb096091838a057371cbf57d313a3e8a2f03be0f24f
#8 DONE 0.4s

#10 [5/7] COPY build.sh /src/
#10 sha256:3028f66104d311a71f7e4294b9e6fa57ba30e2cfdd7b0a6730507c88a74261f0
#10 DONE 0.3s

#11 [6/7] COPY *.cc /src/leveldb/
#11 sha256:8ba3a75b27b8762cf99c99cba0e0413a7600892f9f6e45bad571d7439bb49d9f
#11 DONE 0.4s

#12 [7/7] COPY *.options /src/
#12 sha256:611d4bdcca0de25efd828939500178ca6a2c3fe6ddda136905680de26f073254
#12 DONE 0.4s

#13 exporting to image
#13 sha256:e8c613e07b0b7ff33893b694f7759a10d42e180f2b4dc349fb57dc6b71dcab00
#13 exporting layers done
#13 writing image sha256:6adad7a21e1171715257ad525bdf9111bef91c13a50e568bb3347855336be11f done
#13 naming to gcr.io/fuzzbench/builders/benchmark/leveldb_fuzz_db done
#13 DONE 0.2s

#14 exporting cache
#14 sha256:2700d4ef94dee473593c5c614b55b2dedcca7893909811a8f2b48291a1f581e4
#14 preparing build cache for export done
#14 DONE 0.0s
------
 > importing cache manifest from gcr.io/fuzzbench/builders/benchmark/leveldb_fuzz_db:
------
#1 [internal] load build definition from builder.Dockerfile
#1 sha256:f1229844ba4ab73e07008b139c23dd7e67b1957966a828261a3bc6b4edc42067
#1 transferring dockerfile: 1.35kB done
#1 DONE 0.0s

#2 [internal] load .dockerignore
#2 sha256:3a0965721dca38a66ce9fa9e3cbee60d5fef48ac2487635262b0e83c959725a2
#2 transferring context: 2B done
#2 DONE 0.1s

#3 [internal] load metadata for gcr.io/fuzzbench/builders/benchmark/leveldb_fuzz_db:latest
#3 sha256:ad59758077779b46494dd0b5ee394dd956539929f38d0ef055ffec943d93d765
#3 DONE 0.0s

#5 [1/3] FROM gcr.io/fuzzbench/builders/benchmark/leveldb_fuzz_db
#5 sha256:192512c88e2b5a004f251c2fddc09f6400d6bdc8f14e3d01197363f8e5eaccad
#5 DONE 0.0s

#4 importing cache manifest from gcr.io/fuzzbench/builders/afl/leveldb_fuzz_db-intermediate
#4 sha256:8a057b9ed8fe4931bb76fec1a4952c832876696a003f9ff7b780a6b40ff6d6a0
#4 ERROR: gcr.io/fuzzbench/builders/afl/leveldb_fuzz_db-intermediate:latest: not found

#5 [1/3] FROM gcr.io/fuzzbench/builders/benchmark/leveldb_fuzz_db
#5 sha256:192512c88e2b5a004f251c2fddc09f6400d6bdc8f14e3d01197363f8e5eaccad
#5 DONE 0.7s

#6 [2/3] RUN git clone https://github.com/google/AFL.git /afl &&     cd /afl &&     git checkout 61037103ae3722c8060ff7082994836a794f978e &&     AFL_NO_X86=1 make
#6 sha256:df7616c957e934db6fcc7ee1849ab0b5d38f5f5bcd2a6cfa81fdef8e8b8f4ad1
#6 0.358 Cloning into '/afl'...
#6 1.097 Note: switching to '61037103ae3722c8060ff7082994836a794f978e'.
#6 1.097 
#6 1.097 You are in 'detached HEAD' state. You can look around, make experimental
#6 1.097 changes and commit them, and you can discard any commits you make in this
#6 1.097 state without impacting any branches by switching back to a branch.
#6 1.097 
#6 1.097 If you want to create a new branch to retain commits you create, you may
#6 1.097 do so (now or later) by using -c with the switch command. Example:
#6 1.097 
#6 1.097   git switch -c <new-branch-name>
#6 1.097 
#6 1.097 Or undo this operation with:
#6 1.097 
#6 1.097   git switch -
#6 1.097 
#6 1.097 Turn off this advice by setting config variable advice.detachedHead to false
#6 1.097 
#6 1.097 HEAD is now at 6103710 Fix a typo filename comparison in the fuzzer (#139)
#6 1.115 [!] Note: skipping x86 compilation checks (AFL_NO_X86 set).
#6 1.115 clang -O1 -fno-omit-frame-pointer -gline-tables-only -DFUZZING_BUILD_MODE_UNSAFE_FOR_PRODUCTION -Wall -D_FORTIFY_SOURCE=2 -g -Wno-pointer-sign -DAFL_PATH=\"/usr/local/lib/afl\" -DDOC_PATH=\"/usr/local/share/doc/afl\" -DBIN_PATH=\"/usr/local/bin\" afl-gcc.c -o afl-gcc -ldl
#6 1.302 set -e; for i in afl-g++ afl-clang afl-clang++; do ln -sf afl-gcc $i; done
#6 1.306 clang -O1 -fno-omit-frame-pointer -gline-tables-only -DFUZZING_BUILD_MODE_UNSAFE_FOR_PRODUCTION -Wall -D_FORTIFY_SOURCE=2 -g -Wno-pointer-sign -DAFL_PATH=\"/usr/local/lib/afl\" -DDOC_PATH=\"/usr/local/share/doc/afl\" -DBIN_PATH=\"/usr/local/bin\" afl-fuzz.c -o afl-fuzz -ldl
#6 3.704 clang -O1 -fno-omit-frame-pointer -gline-tables-only -DFUZZING_BUILD_MODE_UNSAFE_FOR_PRODUCTION -Wall -D_FORTIFY_SOURCE=2 -g -Wno-pointer-sign -DAFL_PATH=\"/usr/local/lib/afl\" -DDOC_PATH=\"/usr/local/share/doc/afl\" -DBIN_PATH=\"/usr/local/bin\" afl-showmap.c -o afl-showmap -ldl
#6 4.024 clang -O1 -fno-omit-frame-pointer -gline-tables-only -DFUZZING_BUILD_MODE_UNSAFE_FOR_PRODUCTION -Wall -D_FORTIFY_SOURCE=2 -g -Wno-pointer-sign -DAFL_PATH=\"/usr/local/lib/afl\" -DDOC_PATH=\"/usr/local/share/doc/afl\" -DBIN_PATH=\"/usr/local/bin\" afl-tmin.c -o afl-tmin -ldl
#6 4.448 clang -O1 -fno-omit-frame-pointer -gline-tables-only -DFUZZING_BUILD_MODE_UNSAFE_FOR_PRODUCTION -Wall -D_FORTIFY_SOURCE=2 -g -Wno-pointer-sign -DAFL_PATH=\"/usr/local/lib/afl\" -DDOC_PATH=\"/usr/local/share/doc/afl\" -DBIN_PATH=\"/usr/local/bin\" afl-gotcpu.c -o afl-gotcpu -ldl
#6 4.600 clang -O1 -fno-omit-frame-pointer -gline-tables-only -DFUZZING_BUILD_MODE_UNSAFE_FOR_PRODUCTION -Wall -D_FORTIFY_SOURCE=2 -g -Wno-pointer-sign -DAFL_PATH=\"/usr/local/lib/afl\" -DDOC_PATH=\"/usr/local/share/doc/afl\" -DBIN_PATH=\"/usr/local/bin\" afl-analyze.c -o afl-analyze -ldl
#6 4.999 clang -O1 -fno-omit-frame-pointer -gline-tables-only -DFUZZING_BUILD_MODE_UNSAFE_FOR_PRODUCTION -Wall -D_FORTIFY_SOURCE=2 -g -Wno-pointer-sign -DAFL_PATH=\"/usr/local/lib/afl\" -DDOC_PATH=\"/usr/local/share/doc/afl\" -DBIN_PATH=\"/usr/local/bin\" afl-as.c -o afl-as -ldl
#6 5.244 ln -sf afl-as as
#6 5.246 [!] Note: skipping build tests (you may need to use LLVM or QEMU mode).
#6 5.249 [+] LLVM users: see llvm_mode/README.llvm for a faster alternative to afl-gcc.
#6 5.250 [+] All done! Be sure to review README - it's pretty short and useful.
#6 DONE 5.6s

#7 [3/3] RUN apt-get update &&     apt-get install wget -y &&     wget https://raw.githubusercontent.com/llvm/llvm-project/5feb80e748924606531ba28c97fe65145c65372e/compiler-rt/lib/fuzzer/afl/afl_driver.cpp -O /afl/afl_driver.cpp &&     clang -Wno-pointer-sign -c /afl/llvm_mode/afl-llvm-rt.o.c -I/afl &&     clang++ -stdlib=libc++ -std=c++11 -O2 -c /afl/afl_driver.cpp &&     ar r /libAFL.a *.o
#7 sha256:b05ed52ba86ad06f87ff8f16d4b3e018d4d4d9c8e246d6523fd62255a57b40ad
#7 0.768 Hit:1 http://ppa.launchpad.net/git-core/ppa/ubuntu focal InRelease
#7 0.768 Hit:2 http://archive.ubuntu.com/ubuntu focal InRelease
#7 0.768 Hit:3 http://archive.ubuntu.com/ubuntu focal-updates InRelease
#7 0.769 Hit:4 http://archive.ubuntu.com/ubuntu focal-backports InRelease
#7 0.869 Hit:5 http://security.ubuntu.com/ubuntu focal-security InRelease
#7 1.791 Reading package lists...
#7 3.282 Reading package lists...
#7 4.717 Building dependency tree...
#7 4.929 Reading state information...
#7 5.175 wget is already the newest version (1.20.3-1ubuntu2).
#7 5.175 0 upgraded, 0 newly installed, 0 to remove and 3 not upgraded.
#7 5.191 --2022-02-15 23:38:32--  https://raw.githubusercontent.com/llvm/llvm-project/5feb80e748924606531ba28c97fe65145c65372e/compiler-rt/lib/fuzzer/afl/afl_driver.cpp
#7 5.193 Resolving raw.githubusercontent.com (raw.githubusercontent.com)... 185.199.110.133, 185.199.111.133, 185.199.108.133, ...
#7 5.195 Connecting to raw.githubusercontent.com (raw.githubusercontent.com)|185.199.110.133|:443... connected.
#7 5.218 HTTP request sent, awaiting response... 200 OK
#7 5.384 Length: 9177 (9.0K) [text/plain]
#7 5.384 Saving to: '/afl/afl_driver.cpp'
#7 5.385 
#7 5.385      0K ........                                              100% 10.7M=0.001s
#7 5.385 
#7 5.385 2022-02-15 23:38:32 (10.7 MB/s) - '/afl/afl_driver.cpp' saved [9177/9177]
#7 5.385 
#7 7.144 ar: creating /libAFL.a
#7 DONE 7.4s

#8 exporting to image
#8 sha256:e8c613e07b0b7ff33893b694f7759a10d42e180f2b4dc349fb57dc6b71dcab00
#8 exporting layers done
#8 writing image sha256:09e49024713c0457553402a81aeee5dcbba0a03d7d74011956b8b9f6ea921eeb
#8 writing image sha256:09e49024713c0457553402a81aeee5dcbba0a03d7d74011956b8b9f6ea921eeb done
#8 naming to gcr.io/fuzzbench/builders/afl/leveldb_fuzz_db-intermediate done
#8 DONE 0.3s

#9 exporting cache
#9 sha256:2700d4ef94dee473593c5c614b55b2dedcca7893909811a8f2b48291a1f581e4
#9 preparing build cache for export done
#9 DONE 0.0s
------
 > importing cache manifest from gcr.io/fuzzbench/builders/afl/leveldb_fuzz_db-intermediate:
------
#1 [internal] load build definition from Dockerfile
#1 sha256:79af1c2717ea818d734228b7e44c854cbdc0fd8af8671a11104ea111ea20e0bf
#1 transferring dockerfile: 2.00kB done
#1 DONE 0.1s

#2 [internal] load .dockerignore
#2 sha256:9803b772166225e900d769553c29f403a357322111c9b82b49561bb4aa099bd5
#2 transferring context: 34B done
#2 DONE 0.2s

#3 [internal] load metadata for docker.io/library/ubuntu:xenial
#3 sha256:f62bae18ed588840f045c881b2502661f2a89578a2f8f99b83f5200ee83dd25b
#3 DONE 0.0s

#5 [1/7] FROM docker.io/library/ubuntu:xenial
#5 sha256:14dd403f25ae9e519bd44f27dc17af7ce80f5a4f9f48ca88108364e67ec5d360
#5 DONE 0.0s

#4 importing cache manifest from gcr.io/fuzzbench/base-image
#4 sha256:9b220ebb4d4daceed1b96df9b6dca076e762f1cd612574f010b82d5b9e5ad896
#4 DONE 0.0s

#8 [internal] load build context
#8 sha256:34e4e29a57287417562077c08f9fe7af1127bbea61d55c1f7a8991116884f772
#8 transferring context: 559B 0.1s done
#8 DONE 0.3s

#7 [3/7] RUN cd /tmp/ &&     curl -O https://www.python.org/ftp/python/3.8.6/Python-3.8.6.tar.xz &&     tar -xvf Python-3.8.6.tar.xz &&     cd Python-3.8.6 &&     ./configure --enable-loadable-sqlite-extensions --enable-optimizations &&     make -j install &&     rm -r /tmp/Python-3.8.6.tar.xz /tmp/Python-3.8.6
#7 sha256:c5b9d1fb3371e84dbc60b76e7b2f8d5913bc93bcd4910ab65daa03e7b2ec4bb0
#7 CACHED

#9 [4/7] COPY ./requirements.txt /
#9 sha256:d2afe66168e72aaefe7bfcb8be18a8bfa9ac8466445a459a8e06f468764ddb98
#9 CACHED

#10 [5/7] RUN pip3 install -r /requirements.txt
#10 sha256:0b076e51d8ae4fe8d18bce9b56548df290d15b62f4ab4a84c952375540c5db03
#10 CACHED

#11 [6/7] RUN apt-get update -y && apt-get install -y     apt-transport-https     lsb-release
#11 sha256:419b48772a0eef66660fc8b3fb18dc97a8e4b2a55c0a29d7a763cac51d2aec91
#11 CACHED

#6 [2/7] RUN apt-get update -y && apt-get install -y     build-essential     rsync     curl     zlib1g-dev     libncurses5-dev     libgdbm-dev     libnss3-dev     libssl-dev     libreadline-dev     libffi-dev     virtualenv     libbz2-dev     liblzma-dev     libsqlite3-dev
#6 sha256:3a1b0960f17eed529eaae93dc8fd3554f2743dd584d8fa569cdbe6bc734371ac
#6 CACHED

#12 [7/7] RUN CLOUD_SDK_REPO="cloud-sdk-$(lsb_release -c -s)" &&     echo "deb https://packages.cloud.google.com/apt $CLOUD_SDK_REPO main"     | tee -a /etc/apt/sources.list.d/google-cloud-sdk.list &&     curl https://packages.cloud.google.com/apt/doc/apt-key.gpg     | apt-key add - &&     apt-get update -y &&     apt-get install -y google-cloud-sdk
#12 sha256:0697d0669c6f69c7235c9c8a08e961d78647b198819e76899a988acf8dbf5903
#12 CACHED

#13 exporting to image
#13 sha256:e8c613e07b0b7ff33893b694f7759a10d42e180f2b4dc349fb57dc6b71dcab00
#13 exporting layers done
#13 writing image sha256:139540fb22a119f888cb3e5ed6e013e8d868574697f5fb839e5da9e23de73e0a
#13 writing image sha256:139540fb22a119f888cb3e5ed6e013e8d868574697f5fb839e5da9e23de73e0a 0.0s done
#13 naming to gcr.io/fuzzbench/base-image done
#13 DONE 0.1s

#14 exporting cache
#14 sha256:2700d4ef94dee473593c5c614b55b2dedcca7893909811a8f2b48291a1f581e4
#14 preparing build cache for export done
#14 DONE 0.0s
#1 [internal] load build definition from Dockerfile
#1 sha256:a2d796d08f4c443c967664cc4669edbcd898a35c79741f79d73676eb51433537
#1 transferring dockerfile: 2.22kB done
#1 DONE 0.1s

#2 [internal] load .dockerignore
#2 sha256:004dc42b15a7918600b81bb2d51b72e33557816f7d8b4e31ac1653c968b6a704
#2 transferring context: 34B done
#2 DONE 0.1s

#4 [internal] load metadata for gcr.io/fuzzbench/base-image:latest
#4 sha256:932022888f650cc455b10eb5123bb08c0cccacac29a693e69314abbfd28a72c3
#4 DONE 0.0s

#3 [internal] load metadata for gcr.io/fuzzbench/builders/afl/leveldb_fuzz_db-intermediate:latest
#3 sha256:4dc07d8b67e379f49730d0b4c7cab30e0472567c6e59dcb822d815365e7be7eb
#3 DONE 0.0s

#12 [internal] load build context
#12 sha256:0749efc16ced0f378ee083ca413777deb013996b8228ab837ef1ffe3f94554c2
#12 DONE 0.0s

#7 [base-image 1/1] FROM gcr.io/fuzzbench/base-image
#7 sha256:4d07825694520f8b6f6a0d8592dbd345433361ae044cb7f06706c5a95e3daaad
#7 DONE 0.0s

#6 [stage-1  1/13] FROM gcr.io/fuzzbench/builders/afl/leveldb_fuzz_db-intermediate
#6 sha256:eaf84a818b23f8956fb6adc3cd42519d54b3a9a01c44f2149aaae5e12d3c1bf9
#6 DONE 0.0s

#5 importing cache manifest from gcr.io/fuzzbench/builders/afl/leveldb_fuzz_db
#5 sha256:65658048e93c249a88fcc56e5c597480afba36bf2337afd0a4c0b6151ad5f421
#5 ERROR: gcr.io/fuzzbench/builders/afl/leveldb_fuzz_db:latest: not found

#7 [base-image 1/1] FROM gcr.io/fuzzbench/base-image
#7 sha256:4d07825694520f8b6f6a0d8592dbd345433361ae044cb7f06706c5a95e3daaad
#7 CACHED

#12 [internal] load build context
#12 sha256:0749efc16ced0f378ee083ca413777deb013996b8228ab837ef1ffe3f94554c2
#12 transferring context: 669.87kB 0.1s done
#12 DONE 0.3s

#6 [stage-1  1/13] FROM gcr.io/fuzzbench/builders/afl/leveldb_fuzz_db-intermediate
#6 sha256:eaf84a818b23f8956fb6adc3cd42519d54b3a9a01c44f2149aaae5e12d3c1bf9
#6 DONE 1.0s

#8 [stage-1  2/13] COPY --from=base-image /usr/local/bin/python3* /usr/local/bin/
#8 sha256:4fbb53fb972da0208ba1c0a97272507d0cf286647cca91fe6b5a170a3bf09e98
#8 DONE 0.7s

#9 [stage-1  3/13] COPY --from=base-image /usr/local/lib/python3.8 /usr/local/lib/python3.8
#9 sha256:4ca1663c861abdb8a466f58e24fd96d6707c53608b0bd631c4396a7aba9381a2
#9 DONE 19.2s

#10 [stage-1  4/13] COPY --from=base-image /usr/local/include/python3.8 /usr/local/include/python3.8
#10 sha256:52e0a9f5eb1eb248e1dcae584fb20842eafb63be6379c67d8b10f1c2f0f1cc78
#10 DONE 0.2s

#11 [stage-1  5/13] COPY --from=base-image /usr/local/lib/python3.8/site-packages /usr/local/lib/python3.8/site-packages
#11 sha256:ea22dd75975af4ea21fddd49b0b9b5ee34b28419cf33e7572bd6cad8d553cab2
#11 DONE 19.3s

#13 [stage-1  6/13] COPY fuzzers /src/fuzzers
#13 sha256:62cf55c8f6d9c546233c6499a85887565492034596733562c3be83e1e30e8c16
#13 DONE 0.4s

#14 [stage-1  7/13] RUN touch /src/__init__.py
#14 sha256:a9c827c3104f1dd9cd2fdfbd58ad4c3373c9db499a868acd3471db2313fed6d9
#14 DONE 0.7s

#15 [stage-1  8/13] COPY benchmarks/leveldb_fuzz_db/benchmark.yaml /
#15 sha256:5ab7a03077eb5861edd2251cb0ead6d4f556100bdf4acc1b0dccac790216ada6
#15 DONE 0.2s

#16 [stage-1  9/13] RUN mkdir /opt/fuzzbench/
#16 sha256:01b206222276a23ce66b4e01b6b160e038c616010d939848384052914bf4237e
#16 DONE 0.6s

#17 [stage-1 10/13] COPY docker/benchmark-builder/checkout_commit.py /opt/fuzzbench/
#17 sha256:fc032ccd7a51147f07f0eefa47cb1750227dae33bba3fcae148e4f780e6d53fb
#17 DONE 0.2s

#18 [stage-1 11/13] RUN export CHECKOUT_COMMIT=$(cat /benchmark.yaml | tr -d ' ' | grep 'commit:' | cut -d ':' -f2) &&     python3 -u /opt/fuzzbench/checkout_commit.py $CHECKOUT_COMMIT /src
#18 sha256:365ac3b3a99ec065549418c9f78b48715841d3746d6abe306c6ce83594fc2d7e
#18 0.560 Checking out commit 07454dc5
#18 0.569 error: pathspec '07454dc5' did not match any file(s) known to git
#18 0.575 error: pathspec '07454dc5' did not match any file(s) known to git
#18 0.582 error: pathspec '07454dc5' did not match any file(s) known to git
#18 0.651 error: pathspec '07454dc5' did not match any file(s) known to git
#18 0.694 Checkout unsuccessful.
#18 DONE 1.1s

#19 [stage-1 12/13] RUN echo "#!/bin/bash\nPYTHONPATH=/src python3 -u -c "from fuzzers import utils; utils.initialize_env(); from fuzzers.afl import fuzzer; fuzzer.build()"" > /usr/bin/fuzzer_build &&     chmod +x /usr/bin/fuzzer_build
#19 sha256:7d8e564fed71e7f574cca7d93bd82a2bf4e09bae0e3af217d9eae4bcaca65422
#19 DONE 1.0s

#20 [stage-1 13/13] RUN echo "Run fuzzer_build to build the target" && if [ -z "$debug_builder" ] ; then fuzzer_build; fi
#20 sha256:9d845c76408e17bd826229c9fa5660b2346cd4fa8ae59a2dd86d3a6f53ab08fe
#20 0.603 Run fuzzer_build to build the target
#20 0.763 FUZZ_TARGET = fuzz_db
#20 0.763 CFLAGS = -DFUZZING_BUILD_MODE_UNSAFE_FOR_PRODUCTION -pthread -Wl,--no-as-needed -Wl,-ldl -Wl,-lm -Wno-unused-command-line-argument -O3
#20 0.763 CXXFLAGS = -DFUZZING_BUILD_MODE_UNSAFE_FOR_PRODUCTION -pthread -Wl,--no-as-needed -Wl,-ldl -Wl,-lm -Wno-unused-command-line-argument -stdlib=libc++ -O3
#20 0.772 Building benchmark leveldb_fuzz_db with fuzzer afl
#20 0.776 + cd /src/leveldb
#20 0.776 + mkdir -p build
#20 0.780 + cd build
#20 0.780 + cmake -DCMAKE_BUILD_TYPE=Release ..
#20 1.083 -- The C compiler identification is Clang 14.0.0
#20 1.343 -- The CXX compiler identification is Clang 14.0.0
#20 1.371 -- Detecting C compiler ABI info
#20 1.545 -- Detecting C compiler ABI info - done
#20 1.596 -- Check for working C compiler: /usr/local/bin/clang - skipped
#20 1.601 -- Detecting C compile features
#20 1.602 -- Detecting C compile features - done
#20 1.612 -- Detecting CXX compiler ABI info
#20 1.805 -- Detecting CXX compiler ABI info - done
#20 1.877 -- Check for working CXX compiler: /usr/local/bin/clang++ - skipped
#20 1.877 -- Detecting CXX compile features
#20 1.878 -- Detecting CXX compile features - done
#20 1.882 -- Looking for unistd.h
#20 2.043 -- Looking for unistd.h - found
#20 2.046 -- Looking for crc32c_value in crc32c
#20 2.148 -- Looking for crc32c_value in crc32c - not found
#20 2.148 -- Looking for snappy_compress in snappy
#20 2.240 -- Looking for snappy_compress in snappy - not found
#20 2.240 -- Looking for malloc in tcmalloc
#20 2.341 -- Looking for malloc in tcmalloc - not found
#20 2.348 -- Looking for fdatasync
#20 2.562 -- Looking for fdatasync - found
#20 2.562 -- Looking for F_FULLFSYNC
#20 2.609 -- Looking for F_FULLFSYNC - not found
#20 2.610 -- Looking for O_CLOEXEC
#20 2.822 -- Looking for O_CLOEXEC - found
#20 2.830 -- Performing Test HAVE_CLANG_THREAD_SAFETY
#20 3.012 -- Performing Test HAVE_CLANG_THREAD_SAFETY - Success
#20 3.013 -- Performing Test LEVELDB_HAVE_NO_MISSING_FIELD_INITIALIZERS
#20 3.196 -- Performing Test LEVELDB_HAVE_NO_MISSING_FIELD_INITIALIZERS - Success
#20 3.197 -- Performing Test HAVE_CXX17_HAS_INCLUDE
#20 4.107 -- Performing Test HAVE_CXX17_HAS_INCLUDE - Success
#20 4.125 -- Looking for pthread.h
#20 4.289 -- Looking for pthread.h - found
#20 4.290 -- Performing Test CMAKE_HAVE_LIBC_PTHREAD
#20 4.458 -- Performing Test CMAKE_HAVE_LIBC_PTHREAD - Success
#20 4.468 -- Found Threads: TRUE  
#20 4.999 -- Found Python: /usr/local/bin/python3.8 (found version "3.8.6") found components: Interpreter 
#20 5.072 -- Failed to find LLVM FileCheck
#20 5.080 -- Found Git: /usr/bin/git (found version "2.35.1") 
#20 5.173 -- git Version: v1.5.3-7d0d9061
#20 5.173 -- Version: 1.5.3
#20 5.177 -- Performing Test HAVE_CXX_FLAG_STD_CXX11
#20 5.366 -- Performing Test HAVE_CXX_FLAG_STD_CXX11 - Success
#20 5.369 -- Performing Test HAVE_CXX_FLAG_WALL
#20 5.557 -- Performing Test HAVE_CXX_FLAG_WALL - Success
#20 5.560 -- Performing Test HAVE_CXX_FLAG_WEXTRA
#20 5.749 -- Performing Test HAVE_CXX_FLAG_WEXTRA - Success
#20 5.751 -- Performing Test HAVE_CXX_FLAG_WSHADOW
#20 5.933 -- Performing Test HAVE_CXX_FLAG_WSHADOW - Success
#20 5.936 -- Performing Test HAVE_CXX_FLAG_WERROR
#20 6.128 -- Performing Test HAVE_CXX_FLAG_WERROR - Success
#20 6.132 -- Performing Test HAVE_CXX_FLAG_WSUGGEST_OVERRIDE
#20 6.318 -- Performing Test HAVE_CXX_FLAG_WSUGGEST_OVERRIDE - Success
#20 6.320 -- Performing Test HAVE_CXX_FLAG_WSHORTEN_64_TO_32
#20 6.543 -- Performing Test HAVE_CXX_FLAG_WSHORTEN_64_TO_32 - Success
#20 6.545 -- Performing Test HAVE_CXX_FLAG_FSTRICT_ALIASING
#20 6.730 -- Performing Test HAVE_CXX_FLAG_FSTRICT_ALIASING - Success
#20 6.732 -- Performing Test HAVE_CXX_FLAG_WNO_DEPRECATED_DECLARATIONS
#20 6.937 -- Performing Test HAVE_CXX_FLAG_WNO_DEPRECATED_DECLARATIONS - Success
#20 6.938 -- Performing Test HAVE_CXX_FLAG_WNO_DEPRECATED
#20 7.122 -- Performing Test HAVE_CXX_FLAG_WNO_DEPRECATED - Success
#20 7.126 -- Performing Test HAVE_CXX_FLAG_FNO_EXCEPTIONS
#20 7.315 -- Performing Test HAVE_CXX_FLAG_FNO_EXCEPTIONS - Success
#20 7.317 -- Performing Test HAVE_CXX_FLAG_WSTRICT_ALIASING
#20 7.504 -- Performing Test HAVE_CXX_FLAG_WSTRICT_ALIASING - Success
#20 7.507 -- Performing Test HAVE_CXX_FLAG_WD654
#20 7.544 -- Performing Test HAVE_CXX_FLAG_WD654 - Failed
#20 7.546 -- Performing Test HAVE_CXX_FLAG_WTHREAD_SAFETY
#20 7.735 -- Performing Test HAVE_CXX_FLAG_WTHREAD_SAFETY - Success
#20 7.736 -- Performing Test HAVE_THREAD_SAFETY_ATTRIBUTES
#20 7.736 -- Performing Test HAVE_THREAD_SAFETY_ATTRIBUTES
#20 8.811 -- Performing Test HAVE_THREAD_SAFETY_ATTRIBUTES -- failed to compile
#20 8.813 -- Performing Test HAVE_CXX_FLAG_COVERAGE
#20 9.018 -- Performing Test HAVE_CXX_FLAG_COVERAGE - Success
#20 9.018 -- Performing Test HAVE_STD_REGEX
#20 9.018 -- Performing Test HAVE_STD_REGEX
#20 13.01 -- Performing Test HAVE_STD_REGEX -- success
#20 13.01 -- Performing Test HAVE_GNU_POSIX_REGEX
#20 13.01 -- Performing Test HAVE_GNU_POSIX_REGEX
#20 13.59 -- Performing Test HAVE_GNU_POSIX_REGEX -- failed to compile
#20 13.59 -- Performing Test HAVE_POSIX_REGEX
#20 13.59 -- Performing Test HAVE_POSIX_REGEX
#20 14.52 -- Performing Test HAVE_POSIX_REGEX -- success
#20 14.52 -- Performing Test HAVE_STEADY_CLOCK
#20 14.52 -- Performing Test HAVE_STEADY_CLOCK
#20 14.84 -- Performing Test HAVE_STEADY_CLOCK -- success
#20 14.86 -- Looking for sqlite3_open in sqlite3
#20 14.95 -- Looking for sqlite3_open in sqlite3 - not found
#20 14.95 -- Performing Test HAVE_KYOTOCABINET
#20 14.99 -- Performing Test HAVE_KYOTOCABINET - Failed
#20 15.00 -- Configuring done
#20 15.07 -- Generating done
#20 15.07 -- Build files have been written to: /src/leveldb/build
#20 15.08 + cmake --build .
#20 15.11 [  1%] Building CXX object third_party/googletest/googletest/CMakeFiles/gtest.dir/src/gtest-all.cc.o
#20 29.65 [  2%] Linking CXX static library ../../../lib/libgtest.a
#20 29.71 [  2%] Built target gtest
#20 29.72 [  3%] Building CXX object third_party/googletest/googlemock/CMakeFiles/gmock.dir/src/gmock-all.cc.o
#20 34.63 [  4%] Linking CXX static library ../../../lib/libgmock.a
#20 34.65 [  4%] Built target gmock
#20 34.66 [  5%] Building CXX object third_party/googletest/googletest/CMakeFiles/gtest_main.dir/src/gtest_main.cc.o
#20 36.45 [  6%] Linking CXX static library ../../../lib/libgtest_main.a
#20 36.47 [  6%] Built target gtest_main
#20 36.48 [  7%] Building CXX object CMakeFiles/leveldb.dir/db/builder.cc.o
#20 37.62 [  8%] Building CXX object CMakeFiles/leveldb.dir/db/c.cc.o
#20 38.79 [  9%] Building CXX object CMakeFiles/leveldb.dir/db/db_impl.cc.o
#20 42.00 [ 10%] Building CXX object CMakeFiles/leveldb.dir/db/db_iter.cc.o
#20 43.17 [ 11%] Building CXX object CMakeFiles/leveldb.dir/db/dbformat.cc.o
#20 44.51 [ 12%] Building CXX object CMakeFiles/leveldb.dir/db/dumpfile.cc.o
#20 45.85 [ 13%] Building CXX object CMakeFiles/leveldb.dir/db/filename.cc.o
#20 46.85 [ 14%] Building CXX object CMakeFiles/leveldb.dir/db/log_reader.cc.o
#20 47.87 [ 15%] Building CXX object CMakeFiles/leveldb.dir/db/log_writer.cc.o
#20 48.78 [ 16%] Building CXX object CMakeFiles/leveldb.dir/db/memtable.cc.o
#20 49.88 [ 17%] Building CXX object CMakeFiles/leveldb.dir/db/repair.cc.o
#20 51.93 [ 18%] Building CXX object CMakeFiles/leveldb.dir/db/table_cache.cc.o
#20 52.87 [ 19%] Building CXX object CMakeFiles/leveldb.dir/db/version_edit.cc.o
#20 54.40 [ 19%] Building CXX object CMakeFiles/leveldb.dir/db/version_set.cc.o
#20 57.65 [ 20%] Building CXX object CMakeFiles/leveldb.dir/db/write_batch.cc.o
#20 58.65 [ 21%] Building CXX object CMakeFiles/leveldb.dir/table/block_builder.cc.o
#20 59.64 [ 22%] Building CXX object CMakeFiles/leveldb.dir/table/block.cc.o
#20 60.67 [ 23%] Building CXX object CMakeFiles/leveldb.dir/table/filter_block.cc.o
#20 61.86 [ 24%] Building CXX object CMakeFiles/leveldb.dir/table/format.cc.o
#20 63.34 [ 25%] Building CXX object CMakeFiles/leveldb.dir/table/iterator.cc.o
#20 64.12 [ 26%] Building CXX object CMakeFiles/leveldb.dir/table/merger.cc.o
#20 64.99 [ 27%] Building CXX object CMakeFiles/leveldb.dir/table/table_builder.cc.o
#20 66.06 [ 28%] Building CXX object CMakeFiles/leveldb.dir/table/table.cc.o
#20 67.06 [ 29%] Building CXX object CMakeFiles/leveldb.dir/table/two_level_iterator.cc.o
#20 67.92 [ 30%] Building CXX object CMakeFiles/leveldb.dir/util/arena.cc.o
#20 68.68 [ 31%] Building CXX object CMakeFiles/leveldb.dir/util/bloom.cc.o
#20 69.48 [ 32%] Building CXX object CMakeFiles/leveldb.dir/util/cache.cc.o
#20 70.55 [ 33%] Building CXX object CMakeFiles/leveldb.dir/util/coding.cc.o
#20 71.40 [ 34%] Building CXX object CMakeFiles/leveldb.dir/util/comparator.cc.o
#20 72.22 [ 35%] Building CXX object CMakeFiles/leveldb.dir/util/crc32c.cc.o
#20 73.05 [ 35%] Building CXX object CMakeFiles/leveldb.dir/util/env.cc.o
#20 73.95 [ 36%] Building CXX object CMakeFiles/leveldb.dir/util/filter_policy.cc.o
#20 74.67 [ 37%] Building CXX object CMakeFiles/leveldb.dir/util/hash.cc.o
#20 75.58 [ 38%] Building CXX object CMakeFiles/leveldb.dir/util/logging.cc.o
#20 76.48 [ 39%] Building CXX object CMakeFiles/leveldb.dir/util/options.cc.o
#20 77.29 [ 40%] Building CXX object CMakeFiles/leveldb.dir/util/status.cc.o
#20 78.10 [ 41%] Building CXX object CMakeFiles/leveldb.dir/util/env_posix.cc.o
#20 80.69 [ 42%] Building CXX object CMakeFiles/leveldb.dir/helpers/memenv/memenv.cc.o
#20 82.25 [ 43%] Linking CXX static library libleveldb.a
#20 83.43 [ 43%] Built target leveldb
#20 83.44 [ 44%] Building CXX object CMakeFiles/leveldb_tests.dir/util/status_test.cc.o
#20 86.05 [ 45%] Building CXX object CMakeFiles/leveldb_tests.dir/util/no_destructor_test.cc.o
#20 88.12 [ 46%] Building CXX object CMakeFiles/leveldb_tests.dir/util/testutil.cc.o
#20 90.43 [ 47%] Building CXX object CMakeFiles/leveldb_tests.dir/db/autocompact_test.cc.o
#20 93.56 [ 48%] Building CXX object CMakeFiles/leveldb_tests.dir/db/corruption_test.cc.o
#20 97.35 [ 49%] Building CXX object CMakeFiles/leveldb_tests.dir/db/db_test.cc.o
#20 109.4 [ 50%] Building CXX object CMakeFiles/leveldb_tests.dir/db/dbformat_test.cc.o
#20 112.0 [ 51%] Building CXX object CMakeFiles/leveldb_tests.dir/db/filename_test.cc.o
#20 114.9 [ 52%] Building CXX object CMakeFiles/leveldb_tests.dir/db/log_test.cc.o
#20 119.0 [ 52%] Building CXX object CMakeFiles/leveldb_tests.dir/db/recovery_test.cc.o
#20 123.1 [ 53%] Building CXX object CMakeFiles/leveldb_tests.dir/db/skiplist_test.cc.o
#20 126.5 [ 54%] Building CXX object CMakeFiles/leveldb_tests.dir/db/version_edit_test.cc.o
#20 129.0 [ 55%] Building CXX object CMakeFiles/leveldb_tests.dir/db/version_set_test.cc.o
#20 132.7 [ 56%] Building CXX object CMakeFiles/leveldb_tests.dir/db/write_batch_test.cc.o
#20 135.2 [ 57%] Building CXX object CMakeFiles/leveldb_tests.dir/helpers/memenv/memenv_test.cc.o
#20 138.9 [ 58%] Building CXX object CMakeFiles/leveldb_tests.dir/table/filter_block_test.cc.o
#20 141.7 [ 59%] Building CXX object CMakeFiles/leveldb_tests.dir/table/table_test.cc.o
#20 146.1 [ 60%] Building CXX object CMakeFiles/leveldb_tests.dir/util/arena_test.cc.o
#20 148.5 [ 61%] Building CXX object CMakeFiles/leveldb_tests.dir/util/bloom_test.cc.o
#20 151.5 [ 62%] Building CXX object CMakeFiles/leveldb_tests.dir/util/cache_test.cc.o
#20 154.3 [ 63%] Building CXX object CMakeFiles/leveldb_tests.dir/util/coding_test.cc.o
#20 157.1 [ 64%] Building CXX object CMakeFiles/leveldb_tests.dir/util/crc32c_test.cc.o
#20 159.3 [ 65%] Building CXX object CMakeFiles/leveldb_tests.dir/util/hash_test.cc.o
#20 161.4 [ 66%] Building CXX object CMakeFiles/leveldb_tests.dir/util/logging_test.cc.o
#20 163.9 [ 67%] Linking CXX executable leveldb_tests
#20 164.4 [ 67%] Built target leveldb_tests
#20 164.5 [ 68%] Building CXX object CMakeFiles/env_posix_test.dir/util/testutil.cc.o
#20 166.8 [ 69%] Building CXX object CMakeFiles/env_posix_test.dir/util/env_posix_test.cc.o
#20 170.5 [ 70%] Linking CXX executable env_posix_test
#20 170.9 [ 70%] Built target env_posix_test
#20 170.9 [ 71%] Building CXX object CMakeFiles/leveldbutil.dir/db/leveldbutil.cc.o
#20 171.8 [ 72%] Linking CXX executable leveldbutil
#20 172.1 [ 72%] Built target leveldbutil
#20 172.1 [ 73%] Building CXX object CMakeFiles/c_test.dir/util/testutil.cc.o
#20 174.4 [ 74%] Building C object CMakeFiles/c_test.dir/db/c_test.c.o
#20 174.6 [ 75%] Linking CXX executable c_test
#20 174.8 [ 75%] Built target c_test
#20 174.9 [ 75%] Building CXX object third_party/benchmark/src/CMakeFiles/benchmark.dir/benchmark.cc.o
#20 178.3 [ 76%] Building CXX object third_party/benchmark/src/CMakeFiles/benchmark.dir/benchmark_api_internal.cc.o
#20 179.8 [ 77%] Building CXX object third_party/benchmark/src/CMakeFiles/benchmark.dir/benchmark_name.cc.o
#20 181.0 [ 78%] Building CXX object third_party/benchmark/src/CMakeFiles/benchmark.dir/benchmark_register.cc.o
#20 187.0 [ 79%] Building CXX object third_party/benchmark/src/CMakeFiles/benchmark.dir/benchmark_runner.cc.o
#20 191.0 [ 80%] Building CXX object third_party/benchmark/src/CMakeFiles/benchmark.dir/colorprint.cc.o
#20 192.5 [ 81%] Building CXX object third_party/benchmark/src/CMakeFiles/benchmark.dir/commandlineflags.cc.o
#20 194.5 [ 82%] Building CXX object third_party/benchmark/src/CMakeFiles/benchmark.dir/complexity.cc.o
/bin/sh: 1: source: not found
#20 195.8 /src/leveldb/third_party/benchmark/src/complexity.cc:85:10: error: variable 'sigma_gn' set but not used [-Werror,-Wunused-but-set-variable]
#20 195.8   double sigma_gn = 0.0;
#20 195.8          ^
#20 196.0 1 error generated.
#20 196.0 make[2]: *** [third_party/benchmark/src/CMakeFiles/benchmark.dir/build.make:174: third_party/benchmark/src/CMakeFiles/benchmark.dir/complexity.cc.o] Error 1
#20 196.0 make[1]: *** [CMakeFiles/Makefile2:452: third_party/benchmark/src/CMakeFiles/benchmark.dir/all] Error 2
#20 196.0 make: *** [Makefile:146: all] Error 2
#20 196.0 Traceback (most recent call last):
#20 196.0   File "<string>", line 1, in <module>
#20 196.0   File "/src/fuzzers/afl/fuzzer.py", line 40, in build
#20 196.0     utils.build_benchmark()
#20 196.0   File "/src/fuzzers/utils.py", line 82, in build_benchmark
#20 196.0     subprocess.check_call(['/bin/bash', '-ex', build_script], env=env)
#20 196.0   File "/usr/local/lib/python3.8/subprocess.py", line 364, in check_call
#20 196.0     raise CalledProcessError(retcode, cmd)
#20 196.0 subprocess.CalledProcessError: Command '['/bin/bash', '-ex', '/src/build.sh']' returned non-zero exit status 2.
#20 ERROR: executor failed running [/bin/sh -c echo "Run fuzzer_build to build the target" && if [ -z "$debug_builder" ] ; then fuzzer_build; fi]: exit code: 1
------
 > importing cache manifest from gcr.io/fuzzbench/builders/afl/leveldb_fuzz_db:
------
------
 > [stage-1 13/13] RUN echo "Run fuzzer_build to build the target" && if [ -z "$debug_builder" ] ; then fuzzer_build; fi:
------
executor failed running [/bin/sh -c echo "Run fuzzer_build to build the target" && if [ -z "$debug_builder" ] ; then fuzzer_build; fi]: exit code: 1
make: *** [docker/generated.mk:2694394: .afl-leveldb_fuzz_db-builder] Error 1
#2 [internal] load .dockerignore
#2 sha256:9fe76afbc157adc5d9f1ad07e0087280000f8eec936304f1dda404ff442045ef
#2 transferring context: 2B done
#2 DONE 0.2s

#1 [internal] load build definition from Dockerfile
#1 sha256:1d93304ef78f1ed9e1cca17531b2edb9ed42b7b07fbf8aa8fbbad8c3d0598e2d
#1 transferring dockerfile: 32B done
#1 DONE 0.2s

#3 [internal] load metadata for gcr.io/oss-fuzz-base/base-builder:latest
#3 sha256:f10dc39cc9d418a5bc416dead31a1902b6821fdae909cd3b08f7a3fd1faba7b5
#3 DONE 0.7s

#5 [1/7] FROM gcr.io/oss-fuzz-base/base-builder@sha256:f4e5ea12494fab091c5d830cf803b3421f2860f729b9d1b07da44924396cf8cf
#5 sha256:ef290950573a2779ee526af357b28fbddfc20d7409aa51f58f777c9e972cba29
#5 DONE 0.0s

#4 importing cache manifest from gcr.io/fuzzbench/builders/benchmark/leveldb_fuzz_db
#4 sha256:7d9908ba63753cf2d6880d362a2da14457179d9fe10e6c5ba23b0512b16df63c
#4 DONE 0.0s

#9 [internal] load build context
#9 sha256:4a633a48c36439e335ea3bc3dde81e24870a9a6a8ca2322772e37ed9797808e7
#9 transferring context: 94B done
#9 DONE 0.2s

#6 [2/7] RUN apt-get update && apt-get install -y make autoconf automake libtool gettext pkg-config build-essential
#6 sha256:d3e9bc0e90033fb1cf04b38d3df2d698bc3abeb1cd1c756ba4ea7a49d6bdae55
#6 CACHED

#7 [3/7] RUN git clone --recurse-submodules https://github.com/google/leveldb.git
#7 sha256:39d1fe90ac2ca89d106215b5f192898be0cf56723b6413a7362b71f05ee7150a
#7 CACHED

#8 [4/7] WORKDIR /src/
#8 sha256:aaca341d0c5aeff56f26deb096091838a057371cbf57d313a3e8a2f03be0f24f
#8 CACHED

#10 [5/7] COPY build.sh /src/
#10 sha256:265850bec3e9d81d23fc8d47defc3de9a5fabc5c094870ba1b27cde6a0628bb5
#10 CACHED

#11 [6/7] COPY *.cc /src/leveldb/
#11 sha256:68dc04ce434762753d59736a10536489374919df78dae00ace7bb4f44c60c106
#11 CACHED

#12 [7/7] COPY *.options /src/
#12 sha256:1ec4c3c1ad1aa4b2b1180e8ae4af86c50d27f95e6fdc226861bcc5f063025daf
#12 CACHED

#13 exporting to image
#13 sha256:e8c613e07b0b7ff33893b694f7759a10d42e180f2b4dc349fb57dc6b71dcab00
#13 exporting layers done
#13 writing image sha256:6adad7a21e1171715257ad525bdf9111bef91c13a50e568bb3347855336be11f done
#13 naming to gcr.io/fuzzbench/builders/benchmark/leveldb_fuzz_db done
#13 DONE 0.9s

#14 exporting cache
#14 sha256:2700d4ef94dee473593c5c614b55b2dedcca7893909811a8f2b48291a1f581e4
#14 preparing build cache for export done
#14 DONE 0.0s
#1 [internal] load build definition from builder.Dockerfile
#1 sha256:031ed20198fcc1406306ef169dbd5d86f708f0308f840b2c7b37f5acbd589987
#1 transferring dockerfile: 46B done
#1 DONE 0.0s

#2 [internal] load .dockerignore
#2 sha256:a3e6f9d0e228cb488ad1fcd4a71a550e297aab0c84c66d0ae5c577ac87453eae
#2 transferring context: 2B done
#2 DONE 0.0s

#3 [internal] load metadata for gcr.io/fuzzbench/builders/benchmark/leveldb_fuzz_db:latest
#3 sha256:ad59758077779b46494dd0b5ee394dd956539929f38d0ef055ffec943d93d765
#3 DONE 0.0s

#5 [1/3] FROM gcr.io/fuzzbench/builders/benchmark/leveldb_fuzz_db
#5 sha256:192512c88e2b5a004f251c2fddc09f6400d6bdc8f14e3d01197363f8e5eaccad
#5 DONE 0.0s

#4 importing cache manifest from gcr.io/fuzzbench/builders/afl/leveldb_fuzz_db-intermediate
#4 sha256:8a057b9ed8fe4931bb76fec1a4952c832876696a003f9ff7b780a6b40ff6d6a0
#4 DONE 0.0s

#6 [2/3] RUN git clone https://github.com/google/AFL.git /afl &&     cd /afl &&     git checkout 61037103ae3722c8060ff7082994836a794f978e &&     AFL_NO_X86=1 make
#6 sha256:df7616c957e934db6fcc7ee1849ab0b5d38f5f5bcd2a6cfa81fdef8e8b8f4ad1
#6 CACHED

#7 [3/3] RUN apt-get update &&     apt-get install wget -y &&     wget https://raw.githubusercontent.com/llvm/llvm-project/5feb80e748924606531ba28c97fe65145c65372e/compiler-rt/lib/fuzzer/afl/afl_driver.cpp -O /afl/afl_driver.cpp &&     clang -Wno-pointer-sign -c /afl/llvm_mode/afl-llvm-rt.o.c -I/afl &&     clang++ -stdlib=libc++ -std=c++11 -O2 -c /afl/afl_driver.cpp &&     ar r /libAFL.a *.o
#7 sha256:b05ed52ba86ad06f87ff8f16d4b3e018d4d4d9c8e246d6523fd62255a57b40ad
#7 CACHED

#8 exporting to image
#8 sha256:e8c613e07b0b7ff33893b694f7759a10d42e180f2b4dc349fb57dc6b71dcab00
#8 exporting layers done
#8 writing image sha256:09e49024713c0457553402a81aeee5dcbba0a03d7d74011956b8b9f6ea921eeb
#8 writing image sha256:09e49024713c0457553402a81aeee5dcbba0a03d7d74011956b8b9f6ea921eeb done
#8 naming to gcr.io/fuzzbench/builders/afl/leveldb_fuzz_db-intermediate done
#8 DONE 0.1s

#9 exporting cache
#9 sha256:2700d4ef94dee473593c5c614b55b2dedcca7893909811a8f2b48291a1f581e4
#9 preparing build cache for export done
#9 DONE 0.0s
#1 [internal] load build definition from Dockerfile
#1 sha256:e4908e7415e2b96265c0a5ceeae65624312001c4bf25165c6c2a25fcd056b9ba
#1 transferring dockerfile: 2.00kB done
#1 DONE 0.0s

#2 [internal] load .dockerignore
#2 sha256:5b2fa52109f294d317528188b792c77152e4316e4079d25329e7cffed21a5cdf
#2 transferring context: 34B done
#2 DONE 0.0s

#3 [internal] load metadata for docker.io/library/ubuntu:xenial
#3 sha256:f62bae18ed588840f045c881b2502661f2a89578a2f8f99b83f5200ee83dd25b
#3 DONE 0.0s

#4 importing cache manifest from gcr.io/fuzzbench/base-image
#4 sha256:9b220ebb4d4daceed1b96df9b6dca076e762f1cd612574f010b82d5b9e5ad896
#4 DONE 0.0s

#5 [1/7] FROM docker.io/library/ubuntu:xenial
#5 sha256:14dd403f25ae9e519bd44f27dc17af7ce80f5a4f9f48ca88108364e67ec5d360
#5 DONE 0.0s

#8 [internal] load build context
#8 sha256:3ad82b6a50867ca5f55e6c63e426081e310c226018cc878ea00e9db056ce832e
#8 transferring context: 559B 0.0s done
#8 DONE 0.1s

#7 [3/7] RUN cd /tmp/ &&     curl -O https://www.python.org/ftp/python/3.8.6/Python-3.8.6.tar.xz &&     tar -xvf Python-3.8.6.tar.xz &&     cd Python-3.8.6 &&     ./configure --enable-loadable-sqlite-extensions --enable-optimizations &&     make -j install &&     rm -r /tmp/Python-3.8.6.tar.xz /tmp/Python-3.8.6
#7 sha256:c5b9d1fb3371e84dbc60b76e7b2f8d5913bc93bcd4910ab65daa03e7b2ec4bb0
#7 CACHED

#10 [5/7] RUN pip3 install -r /requirements.txt
#10 sha256:9a8ff7c44c62f86da1033289543dbffe94e8b5aa2a06c3a515dbe69a914204b3
#10 CACHED

#9 [4/7] COPY ./requirements.txt /
#9 sha256:6b4b7d1130fe95b0ff83d5f00392d7207ea4cf6c702b852e4d3be35b265af5ab
#9 CACHED

#6 [2/7] RUN apt-get update -y && apt-get install -y     build-essential     rsync     curl     zlib1g-dev     libncurses5-dev     libgdbm-dev     libnss3-dev     libssl-dev     libreadline-dev     libffi-dev     virtualenv     libbz2-dev     liblzma-dev     libsqlite3-dev
#6 sha256:3a1b0960f17eed529eaae93dc8fd3554f2743dd584d8fa569cdbe6bc734371ac
#6 CACHED

#11 [6/7] RUN apt-get update -y && apt-get install -y     apt-transport-https     lsb-release
#11 sha256:67dfeace6ab97ad33839f341314835d5ddb0a2ff86d66a130e3886112674198c
#11 CACHED

#12 [7/7] RUN CLOUD_SDK_REPO="cloud-sdk-$(lsb_release -c -s)" &&     echo "deb https://packages.cloud.google.com/apt $CLOUD_SDK_REPO main"     | tee -a /etc/apt/sources.list.d/google-cloud-sdk.list &&     curl https://packages.cloud.google.com/apt/doc/apt-key.gpg     | apt-key add - &&     apt-get update -y &&     apt-get install -y google-cloud-sdk
#12 sha256:0e53838d73e3b9dc3493c4f559f9ff70f1795f30a3c5b0732aa7b6b624bf0403
#12 CACHED

#13 exporting to image
#13 sha256:e8c613e07b0b7ff33893b694f7759a10d42e180f2b4dc349fb57dc6b71dcab00
#13 exporting layers done
#13 writing image sha256:139540fb22a119f888cb3e5ed6e013e8d868574697f5fb839e5da9e23de73e0a
#13 writing image sha256:139540fb22a119f888cb3e5ed6e013e8d868574697f5fb839e5da9e23de73e0a done
#13 naming to gcr.io/fuzzbench/base-image done
#13 DONE 0.1s

#14 exporting cache
#14 sha256:2700d4ef94dee473593c5c614b55b2dedcca7893909811a8f2b48291a1f581e4
#14 preparing build cache for export done
#14 DONE 0.0s
#1 [internal] load build definition from Dockerfile
#1 sha256:e91c66f9e63d3eb15bc17944f86345eba093c0d2d82be95df4ba287dd31c8f8a
#1 transferring dockerfile: 2.22kB done
#1 DONE 0.1s

#2 [internal] load .dockerignore
#2 sha256:03645a1cd48494eae9f2e29a927c504d1dd926090a35d32109fe88848f0b68da
#2 transferring context: 34B done
#2 DONE 0.1s

#4 [internal] load metadata for gcr.io/fuzzbench/base-image:latest
#4 sha256:932022888f650cc455b10eb5123bb08c0cccacac29a693e69314abbfd28a72c3
#4 DONE 0.0s

#3 [internal] load metadata for gcr.io/fuzzbench/builders/afl/leveldb_fuzz_db-intermediate:latest
#3 sha256:4dc07d8b67e379f49730d0b4c7cab30e0472567c6e59dcb822d815365e7be7eb
#3 DONE 0.0s

#12 [internal] load build context
#12 sha256:40bf5c6f57da5beaf23556235dbaee735629dc1181116bc844492b3ed123a193
#12 DONE 0.0s

#7 [base-image 1/1] FROM gcr.io/fuzzbench/base-image
#7 sha256:4d07825694520f8b6f6a0d8592dbd345433361ae044cb7f06706c5a95e3daaad
#7 DONE 0.0s

#6 [stage-1  1/13] FROM gcr.io/fuzzbench/builders/afl/leveldb_fuzz_db-intermediate
#6 sha256:eaf84a818b23f8956fb6adc3cd42519d54b3a9a01c44f2149aaae5e12d3c1bf9
#6 DONE 0.0s

#5 importing cache manifest from gcr.io/fuzzbench/builders/afl/leveldb_fuzz_db
#5 sha256:65658048e93c249a88fcc56e5c597480afba36bf2337afd0a4c0b6151ad5f421
#5 ERROR: gcr.io/fuzzbench/builders/afl/leveldb_fuzz_db:latest: not found

#12 [internal] load build context
#12 sha256:40bf5c6f57da5beaf23556235dbaee735629dc1181116bc844492b3ed123a193
#12 transferring context: 669.87kB 0.1s done
#12 DONE 0.1s

#11 [stage-1  5/13] COPY --from=base-image /usr/local/lib/python3.8/site-packages /usr/local/lib/python3.8/site-packages
#11 sha256:ea22dd75975af4ea21fddd49b0b9b5ee34b28419cf33e7572bd6cad8d553cab2
#11 CACHED

#14 [stage-1  7/13] RUN touch /src/__init__.py
#14 sha256:05e44a1e322d7bb159bf855ca7774fc5546b99dad5889cbadeeea1ccaf287dc8
#14 CACHED

#15 [stage-1  8/13] COPY benchmarks/leveldb_fuzz_db/benchmark.yaml /
#15 sha256:21430ba79770fe49fab837a0c4381f3f5e921120639c7d0e260aceb2e89e0631
#15 CACHED

#9 [stage-1  3/13] COPY --from=base-image /usr/local/lib/python3.8 /usr/local/lib/python3.8
#9 sha256:4ca1663c861abdb8a466f58e24fd96d6707c53608b0bd631c4396a7aba9381a2
#9 CACHED

#13 [stage-1  6/13] COPY fuzzers /src/fuzzers
#13 sha256:857b86388aace44a8ea90b8a6f4fbd1df57c8ca25359ec83c3688c56d1c18b3f
#13 CACHED

#16 [stage-1  9/13] RUN mkdir /opt/fuzzbench/
#16 sha256:916861617a612b6c082240ec9646354b2efd051566ef7ea04751d01a1e51581a
#16 CACHED

#17 [stage-1 10/13] COPY docker/benchmark-builder/checkout_commit.py /opt/fuzzbench/
#17 sha256:3c18bceda88738f9c84ce4a208fa686fcb60a44b57ec35acd5c7e8e4107ca1d7
#17 CACHED

#18 [stage-1 11/13] RUN export CHECKOUT_COMMIT=$(cat /benchmark.yaml | tr -d ' ' | grep 'commit:' | cut -d ':' -f2) &&     python3 -u /opt/fuzzbench/checkout_commit.py $CHECKOUT_COMMIT /src
#18 sha256:313ea879767036fc864e789c5b3967a83f55929fce38ea7fc3563f640c842cba
#18 CACHED

#8 [stage-1  2/13] COPY --from=base-image /usr/local/bin/python3* /usr/local/bin/
#8 sha256:4fbb53fb972da0208ba1c0a97272507d0cf286647cca91fe6b5a170a3bf09e98
#8 CACHED

#10 [stage-1  4/13] COPY --from=base-image /usr/local/include/python3.8 /usr/local/include/python3.8
#10 sha256:52e0a9f5eb1eb248e1dcae584fb20842eafb63be6379c67d8b10f1c2f0f1cc78
#10 CACHED

#19 [stage-1 12/13] RUN echo "#!/bin/bash\nPYTHONPATH=/src python3 -u -c "from fuzzers import utils; utils.initialize_env(); from fuzzers.afl import fuzzer; fuzzer.build()"" > /usr/bin/fuzzer_build &&     chmod +x /usr/bin/fuzzer_build
#19 sha256:9c38adda85fe02b66abd3e42ea3fe7a79d9a38a7fbe8120f4b24fb712d37afdf
#19 CACHED

#20 [stage-1 13/13] RUN echo "Run fuzzer_build to build the target" && if [ -z "$debug_builder" ] ; then fuzzer_build; fi
#20 sha256:28857a94d607392a606f2dd15999b10b5ce429fa0fb2c6a0506d8fcc04eeb9a6
#20 0.409 Run fuzzer_build to build the target
#20 0.525 FUZZ_TARGET = fuzz_db
#20 0.525 CFLAGS = -DFUZZING_BUILD_MODE_UNSAFE_FOR_PRODUCTION -pthread -Wl,--no-as-needed -Wl,-ldl -Wl,-lm -Wno-unused-command-line-argument -O3
#20 0.525 CXXFLAGS = -DFUZZING_BUILD_MODE_UNSAFE_FOR_PRODUCTION -pthread -Wl,--no-as-needed -Wl,-ldl -Wl,-lm -Wno-unused-command-line-argument -stdlib=libc++ -O3
#20 0.536 Building benchmark leveldb_fuzz_db with fuzzer afl
#20 0.540 + cd /src/leveldb
#20 0.540 + mkdir -p build
#20 0.542 + cd build
#20 0.542 + cmake -DCMAKE_BUILD_TYPE=Release ..
#20 0.738 -- The C compiler identification is Clang 14.0.0
#20 0.973 -- The CXX compiler identification is Clang 14.0.0
#20 0.984 -- Detecting C compiler ABI info
#20 1.136 -- Detecting C compiler ABI info - done
#20 1.187 -- Check for working C compiler: /usr/local/bin/clang - skipped
#20 1.187 -- Detecting C compile features
#20 1.188 -- Detecting C compile features - done
#20 1.194 -- Detecting CXX compiler ABI info
#20 1.391 -- Detecting CXX compiler ABI info - done
#20 1.455 -- Check for working CXX compiler: /usr/local/bin/clang++ - skipped
#20 1.456 -- Detecting CXX compile features
#20 1.457 -- Detecting CXX compile features - done
#20 1.459 -- Looking for unistd.h
#20 1.620 -- Looking for unistd.h - found
#20 1.620 -- Looking for crc32c_value in crc32c
#20 1.722 -- Looking for crc32c_value in crc32c - not found
#20 1.722 -- Looking for snappy_compress in snappy
#20 1.816 -- Looking for snappy_compress in snappy - not found
#20 1.816 -- Looking for malloc in tcmalloc
#20 1.912 -- Looking for malloc in tcmalloc - not found
#20 1.914 -- Looking for fdatasync
#20 2.131 -- Looking for fdatasync - found
#20 2.132 -- Looking for F_FULLFSYNC
#20 2.178 -- Looking for F_FULLFSYNC - not found
#20 2.178 -- Looking for O_CLOEXEC
#20 2.386 -- Looking for O_CLOEXEC - found
#20 2.390 -- Performing Test HAVE_CLANG_THREAD_SAFETY
#20 2.575 -- Performing Test HAVE_CLANG_THREAD_SAFETY - Success
#20 2.576 -- Performing Test LEVELDB_HAVE_NO_MISSING_FIELD_INITIALIZERS
#20 2.762 -- Performing Test LEVELDB_HAVE_NO_MISSING_FIELD_INITIALIZERS - Success
#20 2.763 -- Performing Test HAVE_CXX17_HAS_INCLUDE
#20 3.682 -- Performing Test HAVE_CXX17_HAS_INCLUDE - Success
#20 3.689 -- Looking for pthread.h
#20 3.860 -- Looking for pthread.h - found
#20 3.861 -- Performing Test CMAKE_HAVE_LIBC_PTHREAD
#20 4.038 -- Performing Test CMAKE_HAVE_LIBC_PTHREAD - Success
#20 4.041 -- Found Threads: TRUE  
#20 4.511 -- Found Python: /usr/local/bin/python3.8 (found version "3.8.6") found components: Interpreter 
#20 4.529 -- Failed to find LLVM FileCheck
#20 4.534 -- Found Git: /usr/bin/git (found version "2.35.1") 
#20 4.567 -- git Version: v1.5.3-7d0d9061
#20 4.567 -- Version: 1.5.3
#20 4.571 -- Performing Test HAVE_CXX_FLAG_STD_CXX11
#20 4.758 -- Performing Test HAVE_CXX_FLAG_STD_CXX11 - Success
#20 4.760 -- Performing Test HAVE_CXX_FLAG_WALL
#20 4.946 -- Performing Test HAVE_CXX_FLAG_WALL - Success
#20 4.947 -- Performing Test HAVE_CXX_FLAG_WEXTRA
#20 5.131 -- Performing Test HAVE_CXX_FLAG_WEXTRA - Success
#20 5.133 -- Performing Test HAVE_CXX_FLAG_WSHADOW
#20 5.317 -- Performing Test HAVE_CXX_FLAG_WSHADOW - Success
#20 5.319 -- Performing Test HAVE_CXX_FLAG_WERROR
#20 5.504 -- Performing Test HAVE_CXX_FLAG_WERROR - Success
#20 5.508 -- Performing Test HAVE_CXX_FLAG_WSUGGEST_OVERRIDE
#20 5.691 -- Performing Test HAVE_CXX_FLAG_WSUGGEST_OVERRIDE - Success
#20 5.693 -- Performing Test HAVE_CXX_FLAG_WSHORTEN_64_TO_32
#20 5.875 -- Performing Test HAVE_CXX_FLAG_WSHORTEN_64_TO_32 - Success
#20 5.877 -- Performing Test HAVE_CXX_FLAG_FSTRICT_ALIASING
#20 6.064 -- Performing Test HAVE_CXX_FLAG_FSTRICT_ALIASING - Success
#20 6.066 -- Performing Test HAVE_CXX_FLAG_WNO_DEPRECATED_DECLARATIONS
#20 6.244 -- Performing Test HAVE_CXX_FLAG_WNO_DEPRECATED_DECLARATIONS - Success
#20 6.246 -- Performing Test HAVE_CXX_FLAG_WNO_DEPRECATED
#20 6.431 -- Performing Test HAVE_CXX_FLAG_WNO_DEPRECATED - Success
#20 6.434 -- Performing Test HAVE_CXX_FLAG_FNO_EXCEPTIONS
#20 6.611 -- Performing Test HAVE_CXX_FLAG_FNO_EXCEPTIONS - Success
#20 6.613 -- Performing Test HAVE_CXX_FLAG_WSTRICT_ALIASING
#20 6.805 -- Performing Test HAVE_CXX_FLAG_WSTRICT_ALIASING - Success
#20 6.807 -- Performing Test HAVE_CXX_FLAG_WD654
#20 6.843 -- Performing Test HAVE_CXX_FLAG_WD654 - Failed
#20 6.846 -- Performing Test HAVE_CXX_FLAG_WTHREAD_SAFETY
#20 7.026 -- Performing Test HAVE_CXX_FLAG_WTHREAD_SAFETY - Success
#20 7.027 -- Performing Test HAVE_THREAD_SAFETY_ATTRIBUTES
#20 7.027 -- Performing Test HAVE_THREAD_SAFETY_ATTRIBUTES
#20 8.090 -- Performing Test HAVE_THREAD_SAFETY_ATTRIBUTES -- failed to compile
#20 8.092 -- Performing Test HAVE_CXX_FLAG_COVERAGE
#20 8.283 -- Performing Test HAVE_CXX_FLAG_COVERAGE - Success
#20 8.284 -- Performing Test HAVE_STD_REGEX
#20 8.284 -- Performing Test HAVE_STD_REGEX
#20 12.29 -- Performing Test HAVE_STD_REGEX -- success
#20 12.29 -- Performing Test HAVE_GNU_POSIX_REGEX
#20 12.29 -- Performing Test HAVE_GNU_POSIX_REGEX
#20 12.86 -- Performing Test HAVE_GNU_POSIX_REGEX -- failed to compile
#20 12.86 -- Performing Test HAVE_POSIX_REGEX
#20 12.86 -- Performing Test HAVE_POSIX_REGEX
#20 13.80 -- Performing Test HAVE_POSIX_REGEX -- success
#20 13.80 -- Performing Test HAVE_STEADY_CLOCK
#20 13.80 -- Performing Test HAVE_STEADY_CLOCK
#20 14.12 -- Performing Test HAVE_STEADY_CLOCK -- success
#20 14.14 -- Looking for sqlite3_open in sqlite3
#20 14.23 -- Looking for sqlite3_open in sqlite3 - not found
#20 14.23 -- Performing Test HAVE_KYOTOCABINET
#20 14.27 -- Performing Test HAVE_KYOTOCABINET - Failed
#20 14.28 -- Configuring done
#20 14.35 -- Generating done
#20 14.35 -- Build files have been written to: /src/leveldb/build
#20 14.36 + cmake --build .
#20 14.40 [  1%] Building CXX object CMakeFiles/leveldb.dir/db/builder.cc.o
#20 15.51 [  2%] Building CXX object CMakeFiles/leveldb.dir/db/c.cc.o
#20 16.71 [  3%] Building CXX object CMakeFiles/leveldb.dir/db/db_impl.cc.o
#20 19.99 [  4%] Building CXX object CMakeFiles/leveldb.dir/db/db_iter.cc.o
#20 21.18 [  5%] Building CXX object CMakeFiles/leveldb.dir/db/dbformat.cc.o
#20 22.54 [  6%] Building CXX object CMakeFiles/leveldb.dir/db/dumpfile.cc.o
#20 23.88 [  7%] Building CXX object CMakeFiles/leveldb.dir/db/filename.cc.o
#20 24.87 [  8%] Building CXX object CMakeFiles/leveldb.dir/db/log_reader.cc.o
#20 25.84 [  9%] Building CXX object CMakeFiles/leveldb.dir/db/log_writer.cc.o
#20 26.74 [ 10%] Building CXX object CMakeFiles/leveldb.dir/db/memtable.cc.o
#20 27.83 [ 11%] Building CXX object CMakeFiles/leveldb.dir/db/repair.cc.o
#20 29.88 [ 12%] Building CXX object CMakeFiles/leveldb.dir/db/table_cache.cc.o
#20 30.80 [ 13%] Building CXX object CMakeFiles/leveldb.dir/db/version_edit.cc.o
#20 32.27 [ 13%] Building CXX object CMakeFiles/leveldb.dir/db/version_set.cc.o
#20 35.50 [ 14%] Building CXX object CMakeFiles/leveldb.dir/db/write_batch.cc.o
#20 36.48 [ 15%] Building CXX object CMakeFiles/leveldb.dir/table/block_builder.cc.o
#20 37.45 [ 16%] Building CXX object CMakeFiles/leveldb.dir/table/block.cc.o
#20 38.47 [ 17%] Building CXX object CMakeFiles/leveldb.dir/table/filter_block.cc.o
#20 39.61 [ 18%] Building CXX object CMakeFiles/leveldb.dir/table/format.cc.o
#20 40.53 [ 19%] Building CXX object CMakeFiles/leveldb.dir/table/iterator.cc.o
#20 41.30 [ 20%] Building CXX object CMakeFiles/leveldb.dir/table/merger.cc.o
#20 42.16 [ 21%] Building CXX object CMakeFiles/leveldb.dir/table/table_builder.cc.o
#20 43.22 [ 22%] Building CXX object CMakeFiles/leveldb.dir/table/table.cc.o
#20 44.22 [ 23%] Building CXX object CMakeFiles/leveldb.dir/table/two_level_iterator.cc.o
#20 45.06 [ 24%] Building CXX object CMakeFiles/leveldb.dir/util/arena.cc.o
#20 45.79 [ 25%] Building CXX object CMakeFiles/leveldb.dir/util/bloom.cc.o
#20 46.56 [ 26%] Building CXX object CMakeFiles/leveldb.dir/util/cache.cc.o
#20 47.56 [ 27%] Building CXX object CMakeFiles/leveldb.dir/util/coding.cc.o
#20 48.41 [ 28%] Building CXX object CMakeFiles/leveldb.dir/util/comparator.cc.o
#20 49.23 [ 29%] Building CXX object CMakeFiles/leveldb.dir/util/crc32c.cc.o
#20 50.08 [ 29%] Building CXX object CMakeFiles/leveldb.dir/util/env.cc.o
#20 50.97 [ 30%] Building CXX object CMakeFiles/leveldb.dir/util/filter_policy.cc.o
#20 51.68 [ 31%] Building CXX object CMakeFiles/leveldb.dir/util/hash.cc.o
#20 52.45 [ 32%] Building CXX object CMakeFiles/leveldb.dir/util/logging.cc.o
#20 53.34 [ 33%] Building CXX object CMakeFiles/leveldb.dir/util/options.cc.o
#20 54.14 [ 34%] Building CXX object CMakeFiles/leveldb.dir/util/status.cc.o
#20 54.95 [ 35%] Building CXX object CMakeFiles/leveldb.dir/util/env_posix.cc.o
#20 57.49 [ 36%] Building CXX object CMakeFiles/leveldb.dir/helpers/memenv/memenv.cc.o
#20 59.07 [ 37%] Linking CXX static library libleveldb.a
#20 59.10 [ 37%] Built target leveldb
#20 59.11 [ 38%] Building CXX object third_party/googletest/googletest/CMakeFiles/gtest.dir/src/gtest-all.cc.o
#20 73.58 [ 39%] Linking CXX static library ../../../lib/libgtest.a
#20 73.60 [ 39%] Built target gtest
#20 73.62 [ 40%] Building CXX object third_party/googletest/googlemock/CMakeFiles/gmock.dir/src/gmock-all.cc.o
#20 78.46 [ 41%] Linking CXX static library ../../../lib/libgmock.a
#20 78.48 [ 41%] Built target gmock
#20 78.50 [ 42%] Building CXX object third_party/googletest/googletest/CMakeFiles/gtest_main.dir/src/gtest_main.cc.o
#20 80.30 [ 43%] Linking CXX static library ../../../lib/libgtest_main.a
#20 80.32 [ 43%] Built target gtest_main
#20 80.33 [ 44%] Building CXX object CMakeFiles/leveldb_tests.dir/util/status_test.cc.o
#20 82.40 [ 45%] Building CXX object CMakeFiles/leveldb_tests.dir/util/no_destructor_test.cc.o
#20 84.48 [ 46%] Building CXX object CMakeFiles/leveldb_tests.dir/util/testutil.cc.o
#20 86.78 [ 47%] Building CXX object CMakeFiles/leveldb_tests.dir/db/autocompact_test.cc.o
#20 89.92 [ 48%] Building CXX object CMakeFiles/leveldb_tests.dir/db/corruption_test.cc.o
#20 93.70 [ 49%] Building CXX object CMakeFiles/leveldb_tests.dir/db/db_test.cc.o
#20 105.0 [ 50%] Building CXX object CMakeFiles/leveldb_tests.dir/db/dbformat_test.cc.o
#20 107.5 [ 51%] Building CXX object CMakeFiles/leveldb_tests.dir/db/filename_test.cc.o
#20 109.9 [ 52%] Building CXX object CMakeFiles/leveldb_tests.dir/db/log_test.cc.o
#20 113.8 [ 52%] Building CXX object CMakeFiles/leveldb_tests.dir/db/recovery_test.cc.o
#20 118.0 [ 53%] Building CXX object CMakeFiles/leveldb_tests.dir/db/skiplist_test.cc.o
#20 121.4 [ 54%] Building CXX object CMakeFiles/leveldb_tests.dir/db/version_edit_test.cc.o
#20 123.9 [ 55%] Building CXX object CMakeFiles/leveldb_tests.dir/db/version_set_test.cc.o
#20 127.7 [ 56%] Building CXX object CMakeFiles/leveldb_tests.dir/db/write_batch_test.cc.o
#20 130.1 [ 57%] Building CXX object CMakeFiles/leveldb_tests.dir/helpers/memenv/memenv_test.cc.o
#20 133.9 [ 58%] Building CXX object CMakeFiles/leveldb_tests.dir/table/filter_block_test.cc.o
#20 136.7 [ 59%] Building CXX object CMakeFiles/leveldb_tests.dir/table/table_test.cc.o
#20 141.3 [ 60%] Building CXX object CMakeFiles/leveldb_tests.dir/util/arena_test.cc.o
#20 143.7 [ 61%] Building CXX object CMakeFiles/leveldb_tests.dir/util/bloom_test.cc.o
#20 146.7 [ 62%] Building CXX object CMakeFiles/leveldb_tests.dir/util/cache_test.cc.o
#20 149.6 [ 63%] Building CXX object CMakeFiles/leveldb_tests.dir/util/coding_test.cc.o
#20 152.4 [ 64%] Building CXX object CMakeFiles/leveldb_tests.dir/util/crc32c_test.cc.o
#20 154.6 [ 65%] Building CXX object CMakeFiles/leveldb_tests.dir/util/hash_test.cc.o
#20 156.6 [ 66%] Building CXX object CMakeFiles/leveldb_tests.dir/util/logging_test.cc.o
#20 159.1 [ 67%] Linking CXX executable leveldb_tests
#20 159.6 [ 67%] Built target leveldb_tests
#20 159.7 [ 68%] Building CXX object CMakeFiles/env_posix_test.dir/util/testutil.cc.o
#20 162.0 [ 69%] Building CXX object CMakeFiles/env_posix_test.dir/util/env_posix_test.cc.o
#20 165.8 [ 70%] Linking CXX executable env_posix_test
#20 166.1 [ 70%] Built target env_posix_test
#20 166.1 [ 71%] Building CXX object CMakeFiles/leveldbutil.dir/db/leveldbutil.cc.o
#20 167.0 [ 72%] Linking CXX executable leveldbutil
#20 167.3 [ 72%] Built target leveldbutil
#20 167.3 [ 73%] Building CXX object CMakeFiles/c_test.dir/util/testutil.cc.o
#20 169.6 [ 74%] Building C object CMakeFiles/c_test.dir/db/c_test.c.o
#20 169.7 [ 75%] Linking CXX executable c_test
#20 170.0 [ 75%] Built target c_test
#20 170.0 [ 75%] Building CXX object third_party/benchmark/src/CMakeFiles/benchmark.dir/benchmark.cc.o
#20 173.6 [ 76%] Building CXX object third_party/benchmark/src/CMakeFiles/benchmark.dir/benchmark_api_internal.cc.o
#20 175.1 [ 77%] Building CXX object third_party/benchmark/src/CMakeFiles/benchmark.dir/benchmark_name.cc.o
#20 176.2 [ 78%] Building CXX object third_party/benchmark/src/CMakeFiles/benchmark.dir/benchmark_register.cc.o
#20 182.2 [ 79%] Building CXX object third_party/benchmark/src/CMakeFiles/benchmark.dir/benchmark_runner.cc.o
#20 186.1 [ 80%] Building CXX object third_party/benchmark/src/CMakeFiles/benchmark.dir/colorprint.cc.o
#20 187.7 [ 81%] Building CXX object third_party/benchmark/src/CMakeFiles/benchmark.dir/commandlineflags.cc.o
#20 189.6 [ 82%] Building CXX object third_party/benchmark/src/CMakeFiles/benchmark.dir/complexity.cc.o
#20 190.9 /src/leveldb/third_party/benchmark/src/complexity.cc:85:10: error: variable 'sigma_gn' set but not used [-Werror,-Wunused-but-set-variable]
#20 190.9   double sigma_gn = 0.0;
#20 190.9          ^
#20 191.1 1 error generated.
#20 191.1 make[2]: *** [third_party/benchmark/src/CMakeFiles/benchmark.dir/build.make:174: third_party/benchmark/src/CMakeFiles/benchmark.dir/complexity.cc.o] Error 1
#20 191.1 make[1]: *** [CMakeFiles/Makefile2:452: third_party/benchmark/src/CMakeFiles/benchmark.dir/all] Error 2
#20 191.1 make: *** [Makefile:146: all] Error 2
#20 191.1 Traceback (most recent call last):
#20 191.1   File "<string>", line 1, in <module>
#20 191.1   File "/src/fuzzers/afl/fuzzer.py", line 40, in build
#20 191.1     utils.build_benchmark()
#20 191.1   File "/src/fuzzers/utils.py", line 82, in build_benchmark
#20 191.1     subprocess.check_call(['/bin/bash', '-ex', build_script], env=env)
#20 191.1   File "/usr/local/lib/python3.8/subprocess.py", line 364, in check_call
#20 191.1     raise CalledProcessError(retcode, cmd)
#20 191.1 subprocess.CalledProcessError: Command '['/bin/bash', '-ex', '/src/build.sh']' returned non-zero exit status 2.
#20 ERROR: executor failed running [/bin/sh -c echo "Run fuzzer_build to build the target" && if [ -z "$debug_builder" ] ; then fuzzer_build; fi]: exit code: 1
------
 > importing cache manifest from gcr.io/fuzzbench/builders/afl/leveldb_fuzz_db:
------
------
 > [stage-1 13/13] RUN echo "Run fuzzer_build to build the target" && if [ -z "$debug_builder" ] ; then fuzzer_build; fi:
------
executor failed running [/bin/sh -c echo "Run fuzzer_build to build the target" && if [ -z "$debug_builder" ] ; then fuzzer_build; fi]: exit code: 1
make: *** [docker/generated.mk:2694394: .afl-leveldb_fuzz_db-builder] Error 1
