WARNING:root:gcloud not found in PATH.
INFO:root:Successfully integrated benchmark: cascadia_cascadia.
INFO:root:Please run "make test-run-afl-cascadia_cascadia" to test integration.
#1 [internal] load build definition from Dockerfile
#1 sha256:22aeb223247229c49a52165868dc13d590c836f77e2fd1ce902fbaa5981d4770
#1 transferring dockerfile: 848B done
#1 DONE 0.1s

#2 [internal] load .dockerignore
#2 sha256:c2b8f6375b6ca332e867bf8a472fbebc722f8898cf81c0227f4cbebc75c563a7
#2 transferring context:
#2 transferring context: 2B done
#2 DONE 0.1s

#3 [internal] load metadata for gcr.io/oss-fuzz-base/base-builder:latest
#3 sha256:f10dc39cc9d418a5bc416dead31a1902b6821fdae909cd3b08f7a3fd1faba7b5
#3 DONE 0.5s

#7 [internal] load build context
#7 sha256:a9756859a78194aaaafe62d06c23ccf7c24c0d624a34b9e6bd1ba6311651eb1a
#7 DONE 0.0s

#5 [1/4] FROM gcr.io/oss-fuzz-base/base-builder@sha256:41d7bbe7827592680a606c9bba1aeb6e23c7502ce8b633923b06542f4c706e7c
#5 sha256:660db69324ed478291dd329cbbfe422dccbc173f9ab806c069fac341073eab8c
#5 DONE 0.0s

#4 importing cache manifest from gcr.io/fuzzbench/builders/benchmark/cascadia_cascadia
#4 sha256:4806773c1f67c6d6bf76da90cd558a73f6c5e2ded8e2652f87bc0b636b9ceb05
#4 ERROR: gcr.io/fuzzbench/builders/benchmark/cascadia_cascadia:latest: not found

#5 [1/4] FROM gcr.io/oss-fuzz-base/base-builder@sha256:41d7bbe7827592680a606c9bba1aeb6e23c7502ce8b633923b06542f4c706e7c
#5 sha256:660db69324ed478291dd329cbbfe422dccbc173f9ab806c069fac341073eab8c
#5 CACHED

#6 [2/4] RUN go get github.com/andybalholm/cascadia
#6 sha256:ed1c91e9c14d58ad4742f82b13d64f28044589f1a3f8059134d2255f1035f33e
#6 ...

#7 [internal] load build context
#7 sha256:a9756859a78194aaaafe62d06c23ccf7c24c0d624a34b9e6bd1ba6311651eb1a
#7 transferring context: 949B done
#7 DONE 0.1s

#6 [2/4] RUN go get github.com/andybalholm/cascadia
#6 sha256:ed1c91e9c14d58ad4742f82b13d64f28044589f1a3f8059134d2255f1035f33e
#6 0.481 /bin/sh: 1: go: not found
#6 ERROR: executor failed running [/bin/sh -c go get github.com/andybalholm/cascadia]: exit code: 127
------
 > importing cache manifest from gcr.io/fuzzbench/builders/benchmark/cascadia_cascadia:
------
------
 > [2/4] RUN go get github.com/andybalholm/cascadia:
------
executor failed running [/bin/sh -c go get github.com/andybalholm/cascadia]: exit code: 127
make: *** [docker/generated.mk:7659: .cascadia_cascadia-project-builder] Error 1
/bin/sh: 1: source: not found
#2 [internal] load .dockerignore
#2 sha256:757cdbc4ffe9e24893db7187f622883c3e51ca43de4e47eb8e66b251f158ded5
#2 transferring context: 2B done
#2 ...

#1 [internal] load build definition from Dockerfile
#1 sha256:3de645a6133a6866079e9a7c3bd0b651b50d66c76c9bd1f9dd92402e2d925913
#1 transferring dockerfile: 32B done
#1 DONE 0.7s

#2 [internal] load .dockerignore
#2 sha256:757cdbc4ffe9e24893db7187f622883c3e51ca43de4e47eb8e66b251f158ded5
#2 DONE 0.7s

#3 [internal] load metadata for gcr.io/oss-fuzz-base/base-builder:latest
#3 sha256:f10dc39cc9d418a5bc416dead31a1902b6821fdae909cd3b08f7a3fd1faba7b5
#3 DONE 0.4s

#7 [internal] load build context
#7 sha256:11f4e146e1020d021b71b758ecabdedffee2b02e4d8ac67c289ed7b819947789
#7 DONE 0.0s

#5 [1/4] FROM gcr.io/oss-fuzz-base/base-builder@sha256:41d7bbe7827592680a606c9bba1aeb6e23c7502ce8b633923b06542f4c706e7c
#5 sha256:660db69324ed478291dd329cbbfe422dccbc173f9ab806c069fac341073eab8c
#5 DONE 0.0s

#4 importing cache manifest from gcr.io/fuzzbench/builders/benchmark/cascadia_cascadia
#4 sha256:4806773c1f67c6d6bf76da90cd558a73f6c5e2ded8e2652f87bc0b636b9ceb05
#4 ERROR: gcr.io/fuzzbench/builders/benchmark/cascadia_cascadia:latest: not found

#5 [1/4] FROM gcr.io/oss-fuzz-base/base-builder@sha256:41d7bbe7827592680a606c9bba1aeb6e23c7502ce8b633923b06542f4c706e7c
#5 sha256:660db69324ed478291dd329cbbfe422dccbc173f9ab806c069fac341073eab8c
#5 CACHED

#7 [internal] load build context
#7 sha256:11f4e146e1020d021b71b758ecabdedffee2b02e4d8ac67c289ed7b819947789
#7 transferring context: 30B done
#7 DONE 0.3s

#6 [2/4] RUN go get github.com/andybalholm/cascadia
#6 sha256:ed1c91e9c14d58ad4742f82b13d64f28044589f1a3f8059134d2255f1035f33e
#6 0.638 /bin/sh: 1: go: not found
#6 ERROR: executor failed running [/bin/sh -c go get github.com/andybalholm/cascadia]: exit code: 127
------
 > importing cache manifest from gcr.io/fuzzbench/builders/benchmark/cascadia_cascadia:
------
------
 > [2/4] RUN go get github.com/andybalholm/cascadia:
------
executor failed running [/bin/sh -c go get github.com/andybalholm/cascadia]: exit code: 127
make: *** [docker/generated.mk:7659: .cascadia_cascadia-project-builder] Error 1
