WARNING:root:gcloud not found in PATH.
INFO:root:Successfully integrated benchmark: openssh_openssh.
INFO:root:Please run "make test-run-afl-openssh_openssh" to test integration.
#2 [internal] load .dockerignore
#2 sha256:c91bea3d260e7fce48b332e6301ee37c7a2d38804fc78f57b4efa05480b81383
#2 transferring context: 2B done
#2 DONE 0.1s

#1 [internal] load build definition from Dockerfile
#1 sha256:c20645a28719fce9825afb2fc2e3ac1ce15a50675511cabc1fa6c5f7baa586a7
#1 transferring dockerfile: 1.06kB done
#1 DONE 0.2s

#3 [internal] load metadata for gcr.io/oss-fuzz-base/base-builder:latest
#3 sha256:f10dc39cc9d418a5bc416dead31a1902b6821fdae909cd3b08f7a3fd1faba7b5
#3 DONE 0.4s

#11 [internal] load build context
#11 sha256:331b0cd7d29537fcff5c116c2f908311352a8acecfb434bfe5659277a55c8150
#11 DONE 0.0s

#5 [1/7] FROM gcr.io/oss-fuzz-base/base-builder@sha256:4ad017ca53699eda684c1c444948c93a4af848fe34baee3a765d3c4693fe6a56
#5 sha256:3f10b3978a3951f6e2692fa5e5890ee5a755650381dedece7198ed0b1dcdaa8c
#5 DONE 0.0s

#4 importing cache manifest from gcr.io/fuzzbench/builders/benchmark/openssh_openssh
#4 sha256:2b7e89deb048107550e867fa5978fa1ee0015d830dfb39128c7f3ecea3841cdb
#4 ERROR: gcr.io/fuzzbench/builders/benchmark/openssh_openssh:latest: not found

#6 [2/7] RUN apt-get update && apt-get install -y make autoconf automake libtool
#6 sha256:e94c22665874d420ced0c3b871f4947e168d3bab9afd9b749baffcff0f8f695f
#6 CACHED

#11 [internal] load build context
#11 sha256:331b0cd7d29537fcff5c116c2f908311352a8acecfb434bfe5659277a55c8150
#11 transferring context: 2.77kB done
#11 DONE 0.0s

#7 [3/7] RUN apt-get install -y libz-dev libssl1.0.0 libssl-dev libedit-dev zip
#7 sha256:769c7545d2e3bc5f2f8e2c12fbc08397a79894d1eae4d6b3567607f84f598ef8
#7 0.434 Reading package lists...
#7 1.844 Building dependency tree...
#7 2.056 Reading state information...
#7 2.084 Package libssl1.0.0 is not available, but is referred to by another package.
#7 2.084 This may mean that the package is missing, has been obsoleted, or
#7 2.084 is only available from another source
#7 2.084 
#7 2.088 E: Package 'libssl1.0.0' has no installation candidate
#7 ERROR: executor failed running [/bin/sh -c apt-get install -y libz-dev libssl1.0.0 libssl-dev libedit-dev zip]: exit code: 100
------
 > importing cache manifest from gcr.io/fuzzbench/builders/benchmark/openssh_openssh:
------
------
 > [3/7] RUN apt-get install -y libz-dev libssl1.0.0 libssl-dev libedit-dev zip:
------
executor failed running [/bin/sh -c apt-get install -y libz-dev libssl1.0.0 libssl-dev libedit-dev zip]: exit code: 100
make: *** [docker/generated.mk:50800: .openssh_openssh-project-builder] Error 1
/bin/sh: 1: source: not found
#1 [internal] load build definition from Dockerfile
#1 sha256:dab2767a499a3c56208f54f7c6a6aba7b09bb316b55bd1bb4c2dd1b24baff293
#1 transferring dockerfile: 32B done
#1 DONE 0.0s

#2 [internal] load .dockerignore
#2 sha256:fafbb6479f5082ced6892073aaa6499cc1cfeac64e6ee7b8b9a7d160fa2ad130
#2 transferring context: 2B done
#2 DONE 0.0s

#3 [internal] load metadata for gcr.io/oss-fuzz-base/base-builder:latest
#3 sha256:f10dc39cc9d418a5bc416dead31a1902b6821fdae909cd3b08f7a3fd1faba7b5
#3 DONE 0.4s

#11 [internal] load build context
#11 sha256:93da86ba5f4bf467d6ebc338bc151105d904da84fa2d3adfa6a629e7a8ed755f
#11 DONE 0.0s

#5 [1/7] FROM gcr.io/oss-fuzz-base/base-builder@sha256:4ad017ca53699eda684c1c444948c93a4af848fe34baee3a765d3c4693fe6a56
#5 sha256:3f10b3978a3951f6e2692fa5e5890ee5a755650381dedece7198ed0b1dcdaa8c
#5 DONE 0.0s

#4 importing cache manifest from gcr.io/fuzzbench/builders/benchmark/openssh_openssh
#4 sha256:2b7e89deb048107550e867fa5978fa1ee0015d830dfb39128c7f3ecea3841cdb
#4 ERROR: gcr.io/fuzzbench/builders/benchmark/openssh_openssh:latest: not found

#6 [2/7] RUN apt-get update && apt-get install -y make autoconf automake libtool
#6 sha256:e94c22665874d420ced0c3b871f4947e168d3bab9afd9b749baffcff0f8f695f
#6 CACHED

#11 [internal] load build context
#11 sha256:93da86ba5f4bf467d6ebc338bc151105d904da84fa2d3adfa6a629e7a8ed755f
#11 transferring context: 30B done
#11 DONE 0.1s

#7 [3/7] RUN apt-get install -y libz-dev libssl1.0.0 libssl-dev libedit-dev zip
#7 sha256:769c7545d2e3bc5f2f8e2c12fbc08397a79894d1eae4d6b3567607f84f598ef8
#7 0.580 Reading package lists...
#7 1.999 Building dependency tree...
#7 2.210 Reading state information...
#7 2.239 Package libssl1.0.0 is not available, but is referred to by another package.
#7 2.239 This may mean that the package is missing, has been obsoleted, or
#7 2.239 is only available from another source
#7 2.239 
#7 2.243 E: Package 'libssl1.0.0' has no installation candidate
#7 ERROR: executor failed running [/bin/sh -c apt-get install -y libz-dev libssl1.0.0 libssl-dev libedit-dev zip]: exit code: 100
------
 > importing cache manifest from gcr.io/fuzzbench/builders/benchmark/openssh_openssh:
------
------
 > [3/7] RUN apt-get install -y libz-dev libssl1.0.0 libssl-dev libedit-dev zip:
------
executor failed running [/bin/sh -c apt-get install -y libz-dev libssl1.0.0 libssl-dev libedit-dev zip]: exit code: 100
make: *** [docker/generated.mk:50800: .openssh_openssh-project-builder] Error 1
