WARNING:root:gcloud not found in PATH.
INFO:root:Successfully integrated benchmark: ibmswtpm2_fuzzer.
INFO:root:Please run "make test-run-afl-ibmswtpm2_fuzzer" to test integration.
#1 [internal] load build definition from Dockerfile
#1 sha256:62bafa4ecd7310929e5a0d4603a380fb3bcb046679bd6ea479f34e891d3ff2ab
#1 transferring dockerfile: 1.16kB done
#1 DONE 0.7s

#2 [internal] load .dockerignore
#2 sha256:4b8d44c94c9b2e033826cf9eee976fe275097e8f8b2ffd29201823db5cfaf755
#2 transferring context: 2B done
#2 DONE 0.8s

#3 [internal] load metadata for gcr.io/oss-fuzz-base/base-builder:latest
#3 sha256:f10dc39cc9d418a5bc416dead31a1902b6821fdae909cd3b08f7a3fd1faba7b5
#3 DONE 0.4s

#9 [internal] load build context
#9 sha256:8a45e9c3e75cd880f7fd7511d622f27dba6d13a84467a55f68242d16a6388a8e
#9 DONE 0.0s

#5 [1/8] FROM gcr.io/oss-fuzz-base/base-builder@sha256:f4e5ea12494fab091c5d830cf803b3421f2860f729b9d1b07da44924396cf8cf
#5 sha256:ef290950573a2779ee526af357b28fbddfc20d7409aa51f58f777c9e972cba29
#5 DONE 0.0s

#4 importing cache manifest from gcr.io/fuzzbench/builders/benchmark/ibmswtpm2_fuzzer
#4 sha256:305d6b208c70365879003357b579084aba22412e11583a39d7ac0faa3db182a7
#4 ERROR: gcr.io/fuzzbench/builders/benchmark/ibmswtpm2_fuzzer:latest: not found

#9 [internal] load build context
#9 sha256:8a45e9c3e75cd880f7fd7511d622f27dba6d13a84467a55f68242d16a6388a8e
#9 transferring context: 94B done
#9 DONE 0.1s

#11 [6/8] COPY fuzzer.cc ./
#11 sha256:5e19ca8caa3d11e86718d0e91a4932d49597ed5b6e12a9c3b3cc6bb2dd5a7482
#11 CACHED

#8 [4/8] WORKDIR ibmswtpm2/src
#8 sha256:d7479ce0f23e9145d4511d315d621eb1dc8cde0f6725d66a82f0b2b9d8da115f
#8 CACHED

#7 [3/8] RUN mkdir ibmswtpm2 &&   cd ibmswtpm2 &&   curl -sSL "https://downloads.sourceforge.net/project/ibmswtpm2/ibmtpm1332.tar.gz" | tar xvz
#7 sha256:1a5463ba3c72abff8ecd50ee9c561410ba2a0be25dfcf990374dad90a8300a96
#7 CACHED

#10 [5/8] COPY build.sh /src/
#10 sha256:9bcb1e5ee177274072ca91557a11df05795107c15802b0c12f1d975519a00131
#10 CACHED

#12 [7/8] COPY no_writes.patch /src/
#12 sha256:ac4d9932160e56c05f6c7417a4b24a5a0c5193c2fb878f6e95e28a250b9ecb25
#12 CACHED

#6 [2/8] RUN apt-get update && apt-get install -y make autoconf automake libtool libssl-dev curl tar g++
#6 sha256:9a6dc14d6f3bba7fed32add56c117e4df20065c541861334aead2685c69dc9b3
#6 CACHED

#13 [8/8] RUN patch -p1 < /src/no_writes.patch
#13 sha256:bc22a9b00d4150409b0fd05cc2711cc727ea64f0de80e43822156a144564d864
#13 CACHED

#14 exporting to image
#14 sha256:e8c613e07b0b7ff33893b694f7759a10d42e180f2b4dc349fb57dc6b71dcab00
#14 exporting layers done
#14 writing image sha256:6f06c6fe069cbffefea80ef73b661c7797e947eb0a569f291bc4db0c9cb5527a 0.0s done
#14 naming to gcr.io/fuzzbench/builders/benchmark/ibmswtpm2_fuzzer 0.0s done
#14 DONE 0.4s

#15 exporting cache
#15 sha256:2700d4ef94dee473593c5c614b55b2dedcca7893909811a8f2b48291a1f581e4
#15 preparing build cache for export done
#15 DONE 0.0s
------
 > importing cache manifest from gcr.io/fuzzbench/builders/benchmark/ibmswtpm2_fuzzer:
------
#1 [internal] load build definition from builder.Dockerfile
#1 sha256:4a7ab68e92ea29188b5a465c6161093b7fab681e24b0828a0784f8c3bd1e9471
#1 transferring dockerfile: 1.35kB done
#1 DONE 0.1s

#2 [internal] load .dockerignore
#2 sha256:995367211be2d7e917e73665778d4ceaab11815c1c06e518fe98858b6d69a077
#2 transferring context: 2B done
#2 DONE 0.1s

#3 [internal] load metadata for gcr.io/fuzzbench/builders/benchmark/ibmswtpm2_fuzzer:latest
#3 sha256:457c21c2f8f732bc21b37598c35c49b150b476f42cc9b95079c333ef7d23a0e0
#3 DONE 0.0s

#5 [1/3] FROM gcr.io/fuzzbench/builders/benchmark/ibmswtpm2_fuzzer
#5 sha256:5e0f0cfe53e233c0b40e49686763d300ef2e61273736e0cdff9b6d9ffb2dccef
#5 DONE 0.0s

#4 importing cache manifest from gcr.io/fuzzbench/builders/afl/ibmswtpm2_fuzzer-intermediate
#4 sha256:55b7f1e260a1bcab1a74663b6c88ee4ef3ab9bc49e5796d5228a20e1ba2b2f8d
#4 ERROR: gcr.io/fuzzbench/builders/afl/ibmswtpm2_fuzzer-intermediate:latest: not found

#6 [2/3] RUN git clone https://github.com/google/AFL.git /afl &&     cd /afl &&     git checkout 61037103ae3722c8060ff7082994836a794f978e &&     AFL_NO_X86=1 make
#6 sha256:52034e01b2ff67f14515f030b11b49d2de15306bb9950ea4e354e846269e4994
#6 CACHED

#7 [3/3] RUN apt-get update &&     apt-get install wget -y &&     wget https://raw.githubusercontent.com/llvm/llvm-project/5feb80e748924606531ba28c97fe65145c65372e/compiler-rt/lib/fuzzer/afl/afl_driver.cpp -O /afl/afl_driver.cpp &&     clang -Wno-pointer-sign -c /afl/llvm_mode/afl-llvm-rt.o.c -I/afl &&     clang++ -stdlib=libc++ -std=c++11 -O2 -c /afl/afl_driver.cpp &&     ar r /libAFL.a *.o
#7 sha256:1110fad3b57553e6265c879fe935dff0bd3f7691d62c6d0131ab2ad4c860a50c
#7 CACHED

#8 exporting to image
#8 sha256:e8c613e07b0b7ff33893b694f7759a10d42e180f2b4dc349fb57dc6b71dcab00
#8 exporting layers done
#8 writing image sha256:9504b7cb194c1653a3b39b199d661e64b197478b32b03e38efc9b72493ef6075 0.0s done
#8 naming to gcr.io/fuzzbench/builders/afl/ibmswtpm2_fuzzer-intermediate done
#8 DONE 0.4s

#9 exporting cache
#9 sha256:2700d4ef94dee473593c5c614b55b2dedcca7893909811a8f2b48291a1f581e4
#9 preparing build cache for export done
#9 DONE 0.0s
------
 > importing cache manifest from gcr.io/fuzzbench/builders/afl/ibmswtpm2_fuzzer-intermediate:
------
#1 [internal] load build definition from Dockerfile
#1 sha256:dbddd1a7937b395de9b2bfc175e617d8db4aa807e02397b798ef3128404b704e
#1 transferring dockerfile: 2.00kB done
#1 DONE 0.1s

#2 [internal] load .dockerignore
#2 sha256:355833d4d636539452080d2659eb9395d40f8e8ccb0f9e4804e658fb23a18f67
#2 transferring context: 34B done
#2 DONE 0.2s

#3 [internal] load metadata for docker.io/library/ubuntu:xenial
#3 sha256:f62bae18ed588840f045c881b2502661f2a89578a2f8f99b83f5200ee83dd25b
#3 DONE 0.0s

#5 [1/7] FROM docker.io/library/ubuntu:xenial
#5 sha256:14dd403f25ae9e519bd44f27dc17af7ce80f5a4f9f48ca88108364e67ec5d360
#5 DONE 0.0s

#4 importing cache manifest from gcr.io/fuzzbench/base-image
#4 sha256:9b220ebb4d4daceed1b96df9b6dca076e762f1cd612574f010b82d5b9e5ad896
#4 DONE 0.0s

#8 [internal] load build context
#8 sha256:b6a455fbb6c5e9a752ef73ef4070ee22343ea8401637e6bf4217270663ff636a
#8 transferring context: 559B 0.1s done
#8 DONE 0.2s

#11 [6/7] RUN apt-get update -y && apt-get install -y     apt-transport-https     lsb-release
#11 sha256:0f3eb4206650a9aa2fecc0c49fb32d038ce8d2c194a8697b1754a1c4e07718ee
#11 CACHED

#6 [2/7] RUN apt-get update -y && apt-get install -y     build-essential     rsync     curl     zlib1g-dev     libncurses5-dev     libgdbm-dev     libnss3-dev     libssl-dev     libreadline-dev     libffi-dev     virtualenv     libbz2-dev     liblzma-dev     libsqlite3-dev
#6 sha256:3a1b0960f17eed529eaae93dc8fd3554f2743dd584d8fa569cdbe6bc734371ac
#6 CACHED

#7 [3/7] RUN cd /tmp/ &&     curl -O https://www.python.org/ftp/python/3.8.6/Python-3.8.6.tar.xz &&     tar -xvf Python-3.8.6.tar.xz &&     cd Python-3.8.6 &&     ./configure --enable-loadable-sqlite-extensions --enable-optimizations &&     make -j install &&     rm -r /tmp/Python-3.8.6.tar.xz /tmp/Python-3.8.6
#7 sha256:c5b9d1fb3371e84dbc60b76e7b2f8d5913bc93bcd4910ab65daa03e7b2ec4bb0
#7 CACHED

#9 [4/7] COPY ./requirements.txt /
#9 sha256:558774c5bebefb570ed4c71786a816506eb161b67d4f146a9533253c61a711d3
#9 CACHED

#10 [5/7] RUN pip3 install -r /requirements.txt
#10 sha256:220024ea41dd9b70497e7848d3580872b92cd535f624e2bce5698bb9da891c92
#10 CACHED

#12 [7/7] RUN CLOUD_SDK_REPO="cloud-sdk-$(lsb_release -c -s)" &&     echo "deb https://packages.cloud.google.com/apt $CLOUD_SDK_REPO main"     | tee -a /etc/apt/sources.list.d/google-cloud-sdk.list &&     curl https://packages.cloud.google.com/apt/doc/apt-key.gpg     | apt-key add - &&     apt-get update -y &&     apt-get install -y google-cloud-sdk
#12 sha256:5756b3ab7611c75337886c7ed2c2817305e93ed44a804290db6d14794daa80bf
#12 CACHED

#13 exporting to image
#13 sha256:e8c613e07b0b7ff33893b694f7759a10d42e180f2b4dc349fb57dc6b71dcab00
#13 exporting layers done
#13 writing image sha256:3e04b5fd0a277df2bc5cd3367dbf9178b152077681f3e4447621291a56e5d56f
#13 writing image sha256:3e04b5fd0a277df2bc5cd3367dbf9178b152077681f3e4447621291a56e5d56f 0.0s done
#13 naming to gcr.io/fuzzbench/base-image done
#13 DONE 0.2s

#14 exporting cache
#14 sha256:2700d4ef94dee473593c5c614b55b2dedcca7893909811a8f2b48291a1f581e4
#14 preparing build cache for export done
#14 DONE 0.0s
#1 [internal] load build definition from Dockerfile
#1 sha256:41b847257acd322f036bd3cb8d03c0ab04b3f1b94acce9b97466da9f52083228
#1 transferring dockerfile: 2.22kB done
#1 DONE 0.1s

#2 [internal] load .dockerignore
#2 sha256:312ca07f43e2bc154aa38ecfe28484d89a0795a096b21bf08f56e2aaa6b06ec8
#2 transferring context: 34B done
#2 DONE 0.2s

#4 [internal] load metadata for gcr.io/fuzzbench/base-image:latest
#4 sha256:932022888f650cc455b10eb5123bb08c0cccacac29a693e69314abbfd28a72c3
#4 DONE 0.0s

#3 [internal] load metadata for gcr.io/fuzzbench/builders/afl/ibmswtpm2_fuzzer-intermediate:latest
#3 sha256:4293a8dbd911609ab625347f05750123270feda5ffc97cb959f03886cbee0404
#3 DONE 0.0s

#12 [internal] load build context
#12 sha256:4fa055c936eb44a32b281c50300b202da59c3fa3d26a1b791f47a553996e4536
#12 DONE 0.0s

#7 [base-image 1/1] FROM gcr.io/fuzzbench/base-image
#7 sha256:4d07825694520f8b6f6a0d8592dbd345433361ae044cb7f06706c5a95e3daaad
#7 DONE 0.0s

#6 [stage-1  1/13] FROM gcr.io/fuzzbench/builders/afl/ibmswtpm2_fuzzer-intermediate
#6 sha256:01b6da94182f8db7af92b42cb177084dcca51d8e770a9fdcfbbdaf3a33bfa0b6
#6 DONE 0.0s

#5 importing cache manifest from gcr.io/fuzzbench/builders/afl/ibmswtpm2_fuzzer
#5 sha256:70ccb2d646b15a9cc05194d6bb3a541ffc7d83886e106ee8fcb6389a55c3d221
#5 ERROR: gcr.io/fuzzbench/builders/afl/ibmswtpm2_fuzzer:latest: not found

#12 [internal] load build context
#12 sha256:4fa055c936eb44a32b281c50300b202da59c3fa3d26a1b791f47a553996e4536
#12 transferring context: 669.87kB 0.1s done
#12 DONE 0.2s

#11 [stage-1  5/13] COPY --from=base-image /usr/local/lib/python3.8/site-packages /usr/local/lib/python3.8/site-packages
#11 sha256:d3a38b36e1b975ac999f680863a278ca6b259d43a5cb576c445f1744fade94e9
#11 CACHED

#13 [stage-1  6/13] COPY fuzzers /src/fuzzers
#13 sha256:8fa8fc52e49cef2427c107ab65288bdf297370454e037867586f82f4af9be5af
#13 CACHED

#8 [stage-1  2/13] COPY --from=base-image /usr/local/bin/python3* /usr/local/bin/
#8 sha256:617e7fa1ae62bb981325643e14fc86e17fef325bdfe5e5580bc6da81694bf5d0
#8 CACHED

#9 [stage-1  3/13] COPY --from=base-image /usr/local/lib/python3.8 /usr/local/lib/python3.8
#9 sha256:601734ef2f10760298fd82c798bf4eeda6070767c0db2b36aade156e4c88617a
#9 CACHED

#10 [stage-1  4/13] COPY --from=base-image /usr/local/include/python3.8 /usr/local/include/python3.8
#10 sha256:75411680ba267fbe55b49ccc52e0afdce6cb7f607b7d33dd19d8deb97f281d32
#10 CACHED

#14 [stage-1  7/13] RUN touch /src/__init__.py
#14 sha256:0813623a788986b9e5455d89e7a441638384b0a755195a2f41cf99c8fa6666e8
#14 CACHED

#15 [stage-1  8/13] COPY benchmarks/ibmswtpm2_fuzzer/benchmark.yaml /
#15 sha256:7738e01255329c21461cb47f7f87553370ba8ae9b0f3c3def9a1eaf7f8828db8
#15 DONE 0.5s

#16 [stage-1  9/13] RUN mkdir /opt/fuzzbench/
#16 sha256:e244708efc69ecdd04f657b5c6eced23da5c8d27b73dd189ea8c6ca7e3f7012b
#16 DONE 0.8s

#17 [stage-1 10/13] COPY docker/benchmark-builder/checkout_commit.py /opt/fuzzbench/
#17 sha256:9813665018d6057740325c67a275807d53f7a1880a3462311fcd62b153b17685
#17 DONE 0.4s

#18 [stage-1 11/13] RUN export CHECKOUT_COMMIT=$(cat /benchmark.yaml | tr -d ' ' | grep 'commit:' | cut -d ':' -f2) &&     python3 -u /opt/fuzzbench/checkout_commit.py $CHECKOUT_COMMIT /src
#18 sha256:daa4700bef67d214137814504422fda5bb97bb92b64f8f68d2152f815b710a20
#18 0.573 Checking out commit ef93ae10
#18 0.584 error: pathspec 'ef93ae10' did not match any file(s) known to git
#18 0.590 error: pathspec 'ef93ae10' did not match any file(s) known to git
#18 0.630 Checkout unsuccessful.
#18 DONE 0.8s

#19 [stage-1 12/13] RUN echo "#!/bin/bash\nPYTHONPATH=/src python3 -u -c "from fuzzers import utils; utils.initialize_env(); from fuzzers.afl import fuzzer; fuzzer.build()"" > /usr/bin/fuzzer_build &&     chmod +x /usr/bin/fuzzer_build
#19 sha256:6986af921b1bc5c25e9ee9a1a16975b5630511ac4ea12695dbd7f9797e303130
#19 DONE 1.1s

#20 [stage-1 13/13] RUN echo "Run fuzzer_build to build the target" && if [ -z "$debug_builder" ] ; then fuzzer_build; fi
#20 sha256:9f4821dc21db7895b3f6bdd7ed02e0dca084dcfaec17eeab63a770c0448029b0
#20 0.634 Run fuzzer_build to build the target
#20 0.760 FUZZ_TARGET = fuzzer
#20 0.760 CFLAGS = -DFUZZING_BUILD_MODE_UNSAFE_FOR_PRODUCTION -pthread -Wl,--no-as-needed -Wl,-ldl -Wl,-lm -Wno-unused-command-line-argument -O3
#20 0.760 CXXFLAGS = -DFUZZING_BUILD_MODE_UNSAFE_FOR_PRODUCTION -pthread -Wl,--no-as-needed -Wl,-ldl -Wl,-lm -Wno-unused-command-line-argument -stdlib=libc++ -O3
#20 0.764 Building benchmark ibmswtpm2_fuzzer with fuzzer afl
#20 0.768 ++ nproc
#20 0.769 + make -j8 fuzz_tpm_server
#20 0.790 clang -DFUZZING_BUILD_MODE_UNSAFE_FOR_PRODUCTION -pthread -Wl,--no-as-needed -Wl,-ldl -Wl,-lm -Wno-unused-command-line-argument -O3 -fsanitize-coverage=trace-pc-guard -Wall -Wmissing-declarations -Wmissing-prototypes -Wnested-externs -Wsign-compare -c -ggdb -O0 -DTPM_POSIX -DIS_POSIX -DTPM_NUVOTON -I../utils -I. -DFUZZING_BUILD_MODE_UNSAFE_FOR_PRODUCTION -DUSE_BIT_FIELD_STRUCTURES=NO AlgorithmCap.c -o AlgorithmCap.o
#20 0.790 clang -DFUZZING_BUILD_MODE_UNSAFE_FOR_PRODUCTION -pthread -Wl,--no-as-needed -Wl,-ldl -Wl,-lm -Wno-unused-command-line-argument -O3 -fsanitize-coverage=trace-pc-guard -Wall -Wmissing-declarations -Wmissing-prototypes -Wnested-externs -Wsign-compare -c -ggdb -O0 -DTPM_POSIX -DIS_POSIX -DTPM_NUVOTON -I../utils -I. -DFUZZING_BUILD_MODE_UNSAFE_FOR_PRODUCTION -DUSE_BIT_FIELD_STRUCTURES=NO AlgorithmTests.c -o AlgorithmTests.o
#20 0.791 clang -DFUZZING_BUILD_MODE_UNSAFE_FOR_PRODUCTION -pthread -Wl,--no-as-needed -Wl,-ldl -Wl,-lm -Wno-unused-command-line-argument -O3 -fsanitize-coverage=trace-pc-guard -Wall -Wmissing-declarations -Wmissing-prototypes -Wnested-externs -Wsign-compare -c -ggdb -O0 -DTPM_POSIX -DIS_POSIX -DTPM_NUVOTON -I../utils -I. -DFUZZING_BUILD_MODE_UNSAFE_FOR_PRODUCTION -DUSE_BIT_FIELD_STRUCTURES=NO AsymmetricCommands.c -o AsymmetricCommands.o
#20 0.791 clang -DFUZZING_BUILD_MODE_UNSAFE_FOR_PRODUCTION -pthread -Wl,--no-as-needed -Wl,-ldl -Wl,-lm -Wno-unused-command-line-argument -O3 -fsanitize-coverage=trace-pc-guard -Wall -Wmissing-declarations -Wmissing-prototypes -Wnested-externs -Wsign-compare -c -ggdb -O0 -DTPM_POSIX -DIS_POSIX -DTPM_NUVOTON -I../utils -I. -DFUZZING_BUILD_MODE_UNSAFE_FOR_PRODUCTION -DUSE_BIT_FIELD_STRUCTURES=NO Attest_spt.c -o Attest_spt.o
#20 0.792 clang -DFUZZING_BUILD_MODE_UNSAFE_FOR_PRODUCTION -pthread -Wl,--no-as-needed -Wl,-ldl -Wl,-lm -Wno-unused-command-line-argument -O3 -fsanitize-coverage=trace-pc-guard -Wall -Wmissing-declarations -Wmissing-prototypes -Wnested-externs -Wsign-compare -c -ggdb -O0 -DTPM_POSIX -DIS_POSIX -DTPM_NUVOTON -I../utils -I. -DFUZZING_BUILD_MODE_UNSAFE_FOR_PRODUCTION -DUSE_BIT_FIELD_STRUCTURES=NO AttestationCommands.c -o AttestationCommands.o
#20 0.792 clang -DFUZZING_BUILD_MODE_UNSAFE_FOR_PRODUCTION -pthread -Wl,--no-as-needed -Wl,-ldl -Wl,-lm -Wno-unused-command-line-argument -O3 -fsanitize-coverage=trace-pc-guard -Wall -Wmissing-declarations -Wmissing-prototypes -Wnested-externs -Wsign-compare -c -ggdb -O0 -DTPM_POSIX -DIS_POSIX -DTPM_NUVOTON -I../utils -I. -DFUZZING_BUILD_MODE_UNSAFE_FOR_PRODUCTION -DUSE_BIT_FIELD_STRUCTURES=NO AuditCommands.c -o AuditCommands.o
#20 0.794 clang -DFUZZING_BUILD_MODE_UNSAFE_FOR_PRODUCTION -pthread -Wl,--no-as-needed -Wl,-ldl -Wl,-lm -Wno-unused-command-line-argument -O3 -fsanitize-coverage=trace-pc-guard -Wall -Wmissing-declarations -Wmissing-prototypes -Wnested-externs -Wsign-compare -c -ggdb -O0 -DTPM_POSIX -DIS_POSIX -DTPM_NUVOTON -I../utils -I. -DFUZZING_BUILD_MODE_UNSAFE_FOR_PRODUCTION -DUSE_BIT_FIELD_STRUCTURES=NO Bits.c -o Bits.o
#20 0.794 clang -DFUZZING_BUILD_MODE_UNSAFE_FOR_PRODUCTION -pthread -Wl,--no-as-needed -Wl,-ldl -Wl,-lm -Wno-unused-command-line-argument -O3 -fsanitize-coverage=trace-pc-guard -Wall -Wmissing-declarations -Wmissing-prototypes -Wnested-externs -Wsign-compare -c -ggdb -O0 -DTPM_POSIX -DIS_POSIX -DTPM_NUVOTON -I../utils -I. -DFUZZING_BUILD_MODE_UNSAFE_FOR_PRODUCTION -DUSE_BIT_FIELD_STRUCTURES=NO BnConvert.c -o BnConvert.o
#20 1.143 In file included from AuditCommands.c:62:
#20 1.144 In file included from ./Tpm.h:71:
#20 1.144 In file included from ./Global.h:84:
#20 1.144 ./CryptHash.h:129:5: warning: macro expansion producing 'defined' has undefined behavior [-Wexpansion-to-defined]
#20 1.145 #if SMAC_IMPLEMENTED
#20 1.145     ^
#20 1.145 ./CryptHash.h:93:27: note: expanded from macro 'SMAC_IMPLEMENTED'
#20 1.145 #define SMAC_IMPLEMENTED (defined TPM_CC_MAC || defined TPM_CC_MAC_Start)
#20 1.145                           ^
#20 1.145 ./CryptHash.h:129:5: warning: macro expansion producing 'defined' has undefined behavior [-Wexpansion-to-defined]
#20 1.146 ./CryptHash.h:In file included from AsymmetricCommands.c:62:
#20 1.146 In file included from ./Tpm.h:71:
#20 1.146 In file included from ./Global.h:84:
#20 1.146 ./CryptHash.h:129:5: warning: macro expansion producing 'defined' has undefined behavior [-Wexpansion-to-defined]
#20 1.146 #if SMAC_IMPLEMENTED
#20 1.146     ^
#20 1.146 ./CryptHash.h:93:27: note: expanded from macro 'SMAC_IMPLEMENTED'
#20 1.146 #define SMAC_IMPLEMENTED (defined TPM_CC_MAC || defined TPM_CC_MAC_Start)
#20 1.146                           ^
#20 1.146 ./CryptHash.h:129:5: warning: macro expansion producing 'defined' has undefined behavior [-Wexpansion-to-defined]
#20 1.147 ./CryptHash.h:93In file included from :49: note: expanded from macro 'SMAC_IMPLEMENTED'
#20 1.147 Bits.c#define SMAC_IMPLEMENTED (defined TPM_CC_MAC || defined TPM_CC_MAC_Start)
#20 1.147                                                 ^
#20 1.147 :69:
#20 1.147 In file included from ./Tpm.h:71:
#20 1.147 In file included from ./Global.h:84:
#20 1.147 ./CryptHash.hIn file included from AlgorithmTests.c:66:
#20 1.147 In file included from ./Tpm.h:71:
#20 1.147 In file included from ./Global.h:84:
#20 1.147 ./CryptHash.h:129:5: warning: macro expansion producing 'defined' has undefined behavior [-Wexpansion-to-defined]
#20 1.147 :#if SMAC_IMPLEMENTED
#20 1.147     ^
#20 1.147 ./CryptHash.h:93:27: note: expanded from macro 'SMAC_IMPLEMENTED'
#20 1.147 129#define SMAC_IMPLEMENTED (defined TPM_CC_MAC || defined TPM_CC_MAC_Start)
#20 1.147 :5: warning: macro expansion producing 'defined' has undefined behavior [-Wexpansion-to-defined]
#20 1.147                           ^#if SMAC_IMPLEMENTED
#20 1.147     ^
#20 1.147 ./CryptHash.h:
#20 1.147 ./CryptHash.h:129:5: warning: macro expansion producing 'defined' has undefined behavior [-Wexpansion-to-defined]
#20 1.147 ./CryptHash.h93::93:49: note: expanded from macro 'SMAC_IMPLEMENTED'
#20 1.147 27#define SMAC_IMPLEMENTED (defined TPM_CC_MAC || defined TPM_CC_MAC_Start)
#20 1.147                                                 ^
#20 1.147 : note: expanded from macro 'SMAC_IMPLEMENTED'
#20 1.148 #define SMAC_IMPLEMENTED (defined TPM_CC_MAC || defined TPM_CC_MAC_Start)
#20 1.148                           ^
#20 1.148 ./CryptHash.h:129:5: warning: macro expansion producing 'defined' has undefined behavior [-Wexpansion-to-defined]
#20 1.148 ./CryptHash.h:93:49In file included from AlgorithmCap.c:67:
#20 1.148 In file included from ./Tpm.h:71:
#20 1.148 In file included from ./Global.h:84:
#20 1.148 ./CryptHash.h:129:5: warning: macro expansion producing 'defined' has undefined behavior [-Wexpansion-to-defined]
#20 1.148 :#if SMAC_IMPLEMENTED
#20 1.148     ^
#20 1.148 ./CryptHash.h note: :93:27: note: expanded from macro 'SMAC_IMPLEMENTED'
#20 1.148 expanded from macro 'SMAC_IMPLEMENTED'#define SMAC_IMPLEMENTED (defined TPM_CC_MAC || defined TPM_CC_MAC_Start)
#20 1.148 
#20 1.148                           ^
#20 1.149 #define SMAC_IMPLEMENTED (defined TPM_CC_MAC || defined TPM_CC_MAC_Start)./CryptHash.h:129:5: warning: macro expansion producing 'defined' has undefined behavior [-Wexpansion-to-defined]
#20 1.149 ./CryptHash.h:93:49: note: expanded from macro 'SMAC_IMPLEMENTED'
#20 1.149 
#20 1.149 #define SMAC_IMPLEMENTED (defined TPM_CC_MAC || defined TPM_CC_MAC_Start)                                                ^
#20 1.149 
#20 1.149                                                 ^
#20 1.149 93:49: note: expanded from macro 'SMAC_IMPLEMENTED'
#20 1.150 #define SMAC_IMPLEMENTED (defined TPM_CC_MAC || defined TPM_CC_MAC_Start)
#20 1.150                                                 ^
#20 1.151 In file included from Attest_spt.c:62:
#20 1.151 In file included from ./Tpm.h:71:
#20 1.151 In file included from ./Global.h:84:
#20 1.151 ./CryptHash.h:129:5: warning: macro expansion producing 'defined' has undefined behavior [-Wexpansion-to-defined]
#20 1.151 #if SMAC_IMPLEMENTED
#20 1.152     ^
#20 1.152 ./CryptHash.h:93:27: note: expanded from macro 'SMAC_IMPLEMENTED'
#20 1.152 #define SMAC_IMPLEMENTED (defined TPM_CC_MAC || defined TPM_CC_MAC_Start)
#20 1.152                           ^
#20 1.152 ./CryptHash.h:129:5: warning: macro expansion producing 'defined' has undefined behavior [-Wexpansion-to-defined]
#20 1.152 ./CryptHash.h:93:49: note: expanded from macro 'SMAC_IMPLEMENTED'
#20 1.152 #define SMAC_IMPLEMENTED (defined TPM_CC_MAC || defined TPM_CC_MAC_Start)
#20 1.152                                                 ^
#20 1.157 In file included from AttestationCommands.c:62:
#20 1.158 In file included from ./Tpm.h:71:
#20 1.158 In file included from ./Global.h:84:
#20 1.159 ./CryptHash.h:129:5: warning: macro expansion producing 'defined' has undefined behavior [-Wexpansion-to-defined]
#20 1.160 #if SMAC_IMPLEMENTED
#20 1.161     ^
#20 1.161 In file included from ./CryptHash.h:93:27: note: expanded from macro 'SMAC_IMPLEMENTED'
#20 1.161 BnConvert.c:67:
#20 1.161 In file included from ./Tpm.h:71:
#20 1.161 In file included from ./Global.h:84:
#20 1.161 ./CryptHash.h:129:5: warning: macro expansion producing 'defined' has undefined behavior [-Wexpansion-to-defined]
#20 1.162 #if SMAC_IMPLEMENTED
#20 1.162     ^
#20 1.162 ./CryptHash.h:93:27#define SMAC_IMPLEMENTED (defined TPM_CC_MAC || defined TPM_CC_MAC_Start)
#20 1.162                           ^
#20 1.162 :./CryptHash.h:129:5: warning: macro expansion producing 'defined' has undefined behavior [-Wexpansion-to-defined]
#20 1.162 ./CryptHash.h:93:49:  note: expanded from macro 'SMAC_IMPLEMENTED'
#20 1.162 note: expanded from macro 'SMAC_IMPLEMENTED'#define SMAC_IMPLEMENTED (defined TPM_CC_MAC || defined TPM_CC_MAC_Start)
#20 1.162 
#20 1.162                                                 ^
#20 1.163 #define SMAC_IMPLEMENTED (defined TPM_CC_MAC || defined TPM_CC_MAC_Start)
#20 1.163                           ^
#20 1.163 ./CryptHash.h:129:5: warning: macro expansion producing 'defined' has undefined behavior [-Wexpansion-to-defined]
#20 1.163 ./CryptHash.h:93:49: note: expanded from macro 'SMAC_IMPLEMENTED'
#20 1.163 #define SMAC_IMPLEMENTED (defined TPM_CC_MAC || defined TPM_CC_MAC_Start)
#20 1.163                                                 ^
#20 1.339 clang -DFUZZING_BUILD_MODE_UNSAFE_FOR_PRODUCTION -pthread -Wl,--no-as-needed -Wl,-ldl -Wl,-lm -Wno-unused-command-line-argument -O3 -fsanitize-coverage=trace-pc-guard -Wall -Wmissing-declarations -Wmissing-prototypes -Wnested-externs -Wsign-compare -c -ggdb -O0 -DTPM_POSIX -DIS_POSIX -DTPM_NUVOTON -I../utils -I. -DFUZZING_BUILD_MODE_UNSAFE_FOR_PRODUCTION -DUSE_BIT_FIELD_STRUCTURES=NO BnEccData.c -o BnEccData.o
#20 1.339 2 warnings generated.
#20 1.339 2 warnings generated.
#20 1.341 clang -DFUZZING_BUILD_MODE_UNSAFE_FOR_PRODUCTION -pthread -Wl,--no-as-needed -Wl,-ldl -Wl,-lm -Wno-unused-command-line-argument -O3 -fsanitize-coverage=trace-pc-guard -Wall -Wmissing-declarations -Wmissing-prototypes -Wnested-externs -Wsign-compare -c -ggdb -O0 -DTPM_POSIX -DIS_POSIX -DTPM_NUVOTON -I../utils -I. -DFUZZING_BUILD_MODE_UNSAFE_FOR_PRODUCTION -DUSE_BIT_FIELD_STRUCTURES=NO BnMath.c -o BnMath.o
#20 1.517 2clang -DFUZZING_BUILD_MODE_UNSAFE_FOR_PRODUCTION -pthread -Wl,--no-as-needed -Wl,-ldl -Wl,-lm -Wno-unused-command-line-argument -O3 -fsanitize-coverage=trace-pc-guard -Wall -Wmissing-declarations -Wmissing-prototypes -Wnested-externs -Wsign-compare -c -ggdb -O0 -DTPM_POSIX -DIS_POSIX -DTPM_NUVOTON -I../utils -I. -DFUZZING_BUILD_MODE_UNSAFE_FOR_PRODUCTION -DUSE_BIT_FIELD_STRUCTURES=NO BnMemory.c -o BnMemory.o
#20 1.529 clang -DFUZZING_BUILD_MODE_UNSAFE_FOR_PRODUCTION -pthread -Wl,--no-as-needed -Wl,-ldl -Wl,-lm -Wno-unused-command-line-argument -O3 -fsanitize-coverage=trace-pc-guard -Wall -Wmissing-declarations -Wmissing-prototypes -Wnested-externs -Wsign-compare -c -ggdb -O0 -DTPM_POSIX -DIS_POSIX -DTPM_NUVOTON -I../utils -I. -DFUZZING_BUILD_MODE_UNSAFE_FOR_PRODUCTION -DUSE_BIT_FIELD_STRUCTURES=NO Cancel.c -o Cancel.o
#20 1.537 clang -DFUZZING_BUILD_MODE_UNSAFE_FOR_PRODUCTION -pthread -Wl,--no-as-needed -Wl,-ldl -Wl,-lm -Wno-unused-command-line-argument -O3 -fsanitize-coverage=trace-pc-guard -Wall -Wmissing-declarations -Wmissing-prototypes -Wnested-externs -Wsign-compare -c -ggdb -O0 -DTPM_POSIX -DIS_POSIX -DTPM_NUVOTON -I../utils -I. -DFUZZING_BUILD_MODE_UNSAFE_FOR_PRODUCTION -DUSE_BIT_FIELD_STRUCTURES=NO CapabilityCommands.c -o CapabilityCommands.o
#20 1.537  warnings generated.
#20 1.537 2 warnings generated.
#20 1.537 2 warnings generated.
#20 1.543 2 warnings generated.
#20 1.548 clang -DFUZZING_BUILD_MODE_UNSAFE_FOR_PRODUCTION -pthread -Wl,--no-as-needed -Wl,-ldl -Wl,-lm -Wno-unused-command-line-argument -O3 -fsanitize-coverage=trace-pc-guard -Wall -Wmissing-declarations -Wmissing-prototypes -Wnested-externs -Wsign-compare -c -ggdb -O0 -DTPM_POSIX -DIS_POSIX -DTPM_NUVOTON -I../utils -I. -DFUZZING_BUILD_MODE_UNSAFE_FOR_PRODUCTION -DUSE_BIT_FIELD_STRUCTURES=NO Clock.c -o Clock.o
#20 1.551 2 warnings generated.
#20 1.553 2 warnings generated.
#20 1.557 In file included from BnEccData.c:63:
#20 1.557 In file included from ./Tpm.h:71:
#20 1.557 In file included from ./Global.h:84:
#20 1.557 ./CryptHash.h:129:5: warning: macro expansion producing 'defined' has undefined behavior [-Wexpansion-to-defined]
#20 1.557 #if SMAC_IMPLEMENTED
#20 1.557     ^
#20 1.557 ./CryptHash.h:93:27: note: expanded from macro 'SMAC_IMPLEMENTED'
#20 1.557 clang -DFUZZING_BUILD_MODE_UNSAFE_FOR_PRODUCTION -pthread -Wl,--no-as-needed -Wl,-ldl -Wl,-lm -Wno-unused-command-line-argument -O3 -fsanitize-coverage=trace-pc-guard -Wall -Wmissing-declarations -Wmissing-prototypes -Wnested-externs -Wsign-compare -c -ggdb -O0 -DTPM_POSIX -DIS_POSIX -DTPM_NUVOTON -I../utils -I. -DFUZZING_BUILD_MODE_UNSAFE_FOR_PRODUCTION -DUSE_BIT_FIELD_STRUCTURES=NO ClockCommands.c -o ClockCommands.o
#20 1.558 #define SMAC_IMPLEMENTED (defined TPM_CC_MAC || defined TPM_CC_MAC_Start)
#20 1.558                           ^
#20 1.558 ./CryptHash.h:129:5: warning: macro expansion producing 'defined' has undefined behavior [-Wexpansion-to-defined]
#20 1.558 ./CryptHash.h:93:49: note: expanded from macro 'SMAC_IMPLEMENTED'
#20 1.558 #define SMAC_IMPLEMENTED (defined TPM_CC_MAC || defined TPM_CC_MAC_Start)
#20 1.558                                                 ^
#20 1.558 clang -DFUZZING_BUILD_MODE_UNSAFE_FOR_PRODUCTION -pthread -Wl,--no-as-needed -Wl,-ldl -Wl,-lm -Wno-unused-command-line-argument -O3 -fsanitize-coverage=trace-pc-guard -Wall -Wmissing-declarations -Wmissing-prototypes -Wnested-externs -Wsign-compare -c -ggdb -O0 -DTPM_POSIX -DIS_POSIX -DTPM_NUVOTON -I../utils -I. -DFUZZING_BUILD_MODE_UNSAFE_FOR_PRODUCTION -DUSE_BIT_FIELD_STRUCTURES=NO CommandAudit.c -o CommandAudit.o
#20 1.613 clang -DFUZZING_BUILD_MODE_UNSAFE_FOR_PRODUCTION -pthread -Wl,--no-as-needed -Wl,-ldl -Wl,-lm -Wno-unused-command-line-argument -O3 -fsanitize-coverage=trace-pc-guard -Wall -Wmissing-declarations -Wmissing-prototypes -Wnested-externs -Wsign-compare -c -ggdb -O0 -DTPM_POSIX -DIS_POSIX -DTPM_NUVOTON -I../utils -I. -DFUZZING_BUILD_MODE_UNSAFE_FOR_PRODUCTION -DUSE_BIT_FIELD_STRUCTURES=NO CommandCodeAttributes.c -o CommandCodeAttributes.o
#20 1.630 clang -DFUZZING_BUILD_MODE_UNSAFE_FOR_PRODUCTION -pthread -Wl,--no-as-needed -Wl,-ldl -Wl,-lm -Wno-unused-command-line-argument -O3 -fsanitize-coverage=trace-pc-guard -Wall -Wmissing-declarations -Wmissing-prototypes -Wnested-externs -Wsign-compare -c -ggdb -O0 -DTPM_POSIX -DIS_POSIX -DTPM_NUVOTON -I../utils -I. -DFUZZING_BUILD_MODE_UNSAFE_FOR_PRODUCTION -DUSE_BIT_FIELD_STRUCTURES=NO CommandDispatcher.c -o CommandDispatcher.o
#20 1.645 In file included from BnMath.c:64:
#20 1.646 In file included from ./Tpm.h:71:
#20 1.646 In file included from ./Global.h:84:
#20 1.646 ./CryptHash.h:129:5: warning: macro expansion producing 'defined' has undefined behavior [-Wexpansion-to-defined]
#20 1.646 #if SMAC_IMPLEMENTED
#20 1.647     ^
#20 1.647 ./CryptHash.h:93:27: note: expanded from macro 'SMAC_IMPLEMENTED'
#20 1.647 #define SMAC_IMPLEMENTED (defined TPM_CC_MAC || defined TPM_CC_MAC_Start)
#20 1.647                           ^
#20 1.647 ./CryptHash.h:129:5: warning: macro expansion producing 'defined' has undefined behavior [-Wexpansion-to-defined]
#20 1.648 ./CryptHash.h:93:49: note: expanded from macro 'SMAC_IMPLEMENTED'
#20 1.649 #define SMAC_IMPLEMENTED (defined TPM_CC_MAC || defined TPM_CC_MAC_Start)
#20 1.649                                                 ^
#20 1.735 2 warnings generated.
#20 1.741 clang -DFUZZING_BUILD_MODE_UNSAFE_FOR_PRODUCTION -pthread -Wl,--no-as-needed -Wl,-ldl -Wl,-lm -Wno-unused-command-line-argument -O3 -fsanitize-coverage=trace-pc-guard -Wall -Wmissing-declarations -Wmissing-prototypes -Wnested-externs -Wsign-compare -c -ggdb -O0 -DTPM_POSIX -DIS_POSIX -DTPM_NUVOTON -I../utils -I. -DFUZZING_BUILD_MODE_UNSAFE_FOR_PRODUCTION -DUSE_BIT_FIELD_STRUCTURES=NO ContextCommands.c -o ContextCommands.o
#20 1.916 In file included from ClockCommands.c:62In file included from CapabilityCommands.c:62:
#20 1.917 In file included from ./Tpm.h:71:
#20 1.917 In file included from ./Global.h:84:
#20 1.917 ./CryptHash.h:129:5: warning: macro expansion producing 'defined' has undefined behavior [-Wexpansion-to-defined]
#20 1.918 #if SMAC_IMPLEMENTED
#20 1.918     ^
#20 1.918 ./CryptHash.h:93:27: note: expanded from macro 'SMAC_IMPLEMENTED'
#20 1.918 #define SMAC_IMPLEMENTED (defined TPM_CC_MAC || defined TPM_CC_MAC_Start)
#20 1.918                           ^
#20 1.918 ./CryptHash.h:129:5: warning: macro expansion producing 'defined' has undefined behavior [-Wexpansion-to-defined]
#20 1.919 ./CryptHash.h:93:49: note: expanded from macro 'SMAC_IMPLEMENTED'
#20 1.919 #define SMAC_IMPLEMENTED (defined TPM_CC_MAC || defined TPM_CC_MAC_Start)
#20 1.919                                                 ^
#20 1.920 :
#20 1.921 In file included from CommandAudit.c:66:
#20 1.921 In file included from ./Tpm.h:71:
#20 1.921 In file included from ./Global.h:84:
#20 1.921 ./CryptHash.h:129:5: warning: macro expansion producing 'defined' has undefined behavior [-Wexpansion-to-defined]
#20 1.921 #if SMAC_IMPLEMENTED
#20 1.921     ^
#20 1.921 ./CryptHash.h:93:27: note: expanded from macro 'SMAC_IMPLEMENTED'
#20 1.922 #define SMAC_IMPLEMENTED (defined TPM_CC_MAC || defined TPM_CC_MAC_Start)
#20 1.922                           ^
#20 1.922 ./CryptHash.h:129:5: In file included from BnMemory.c:66:
#20 1.922 In file included from ./Tpm.h:71:
#20 1.922 In file included from ./Global.h:84:
#20 1.922 ./CryptHash.h:129:5: warning: macro expansion producing 'defined' has undefined behavior [-Wexpansion-to-defined]
#20 1.922 warning: #if SMAC_IMPLEMENTED
#20 1.922     ^
#20 1.922 ./CryptHash.h:93:27: note: expanded from macro 'SMAC_IMPLEMENTED'
#20 1.922 macro expansion producing 'defined' has undefined behavior [-Wexpansion-to-defined]#define SMAC_IMPLEMENTED (defined TPM_CC_MAC || defined TPM_CC_MAC_Start)
#20 1.922 ./CryptHash.h:93:49: note: expanded from macro 'SMAC_IMPLEMENTED'
#20 1.922 
#20 1.922 #define SMAC_IMPLEMENTED (defined TPM_CC_MAC || defined TPM_CC_MAC_Start)                          ^
#20 1.922 ./CryptHash.h:129:5: warning: macro expansion producing 'defined' has undefined behavior [-Wexpansion-to-defined]
#20 1.922 ./CryptHash.h:
#20 1.922                                                 ^
#20 1.922 93:49: note: expanded from macro 'SMAC_IMPLEMENTED'
#20 1.923 #define SMAC_IMPLEMENTED (defined TPM_CC_MAC || defined TPM_CC_MAC_Start)
#20 1.923                                                 ^
#20 1.924 In file included from ./Tpm.h:71:
#20 1.925 In file included from ./Global.h:84:
#20 1.926 ./CryptHash.h:129:5: warning: macro expansion producing 'defined' has undefined behavior [-Wexpansion-to-defined]
#20 1.929 #if SMAC_IMPLEMENTED
#20 1.929     ^
#20 1.930 ./CryptHash.h:93:27: note: expanded from macro 'SMAC_IMPLEMENTED'
#20 1.932 #define SMAC_IMPLEMENTED (defined TPM_CC_MAC || defined TPM_CC_MAC_Start)
#20 1.933                           ^
#20 1.933 ./CryptHash.h:129:5: warning: macro expansion producing 'defined' has undefined behavior [-Wexpansion-to-defined]
#20 1.936 ./CryptHash.h:93:49: note: expanded from macro 'SMAC_IMPLEMENTED'
#20 1.938 #define SMAC_IMPLEMENTED (defined TPM_CC_MAC || defined TPM_CC_MAC_Start)
#20 1.939                                                 ^
#20 1.961 In file included from CommandCodeAttributes.c:66:
#20 1.961 In file included from ./Tpm.h:71:
#20 1.961 In file included from ./Global.h:84:
#20 1.961 ./CryptHash.h:129:5: warning: macro expansion producing 'defined' has undefined behavior [-Wexpansion-to-defined]
#20 1.962 #if SMAC_IMPLEMENTED
#20 1.962     ^
#20 1.962 ./CryptHash.h:93:27: note: expanded from macro 'SMAC_IMPLEMENTED'
#20 1.962 #define SMAC_IMPLEMENTED (defined TPM_CC_MAC || defined TPM_CC_MAC_Start)
#20 1.963                           ^
#20 1.963 ./CryptHash.h:129:5: warning: macro expansion producing 'defined' has undefined behavior [-Wexpansion-to-defined]
#20 1.963 ./CryptHash.h:93:49: note: expanded from macro 'SMAC_IMPLEMENTED'
#20 1.963 #define SMAC_IMPLEMENTED (defined TPM_CC_MAC || defined TPM_CC_MAC_Start)
#20 1.963                                                 ^
#20 1.982 In file included from CommandDispatcher.c:78:
#20 1.982 In file included from ./Tpm.h:71:
#20 1.982 In file included from ./Global.h:84:
#20 1.982 ./CryptHash.h:129:5: warning: macro expansion producing 'defined' has undefined behavior [-Wexpansion-to-defined]
#20 1.983 #if SMAC_IMPLEMENTED
#20 1.983     ^
#20 1.983 ./CryptHash.h:93:27: note: expanded from macro 'SMAC_IMPLEMENTED'
#20 1.983 #define SMAC_IMPLEMENTED (defined TPM_CC_MAC || defined TPM_CC_MAC_Start)
#20 1.983                           ^
#20 1.983 ./CryptHash.h:129:5: warning: macro expansion producing 'defined' has undefined behavior [-Wexpansion-to-defined]
#20 1.984 ./CryptHash.h:93:49: note: expanded from macro 'SMAC_IMPLEMENTED'
#20 1.984 #define SMAC_IMPLEMENTED (defined TPM_CC_MAC || defined TPM_CC_MAC_Start)
#20 1.984                                                 ^
#20 1.986 2 warnings generated.
#20 1.994 clang -DFUZZING_BUILD_MODE_UNSAFE_FOR_PRODUCTION -pthread -Wl,--no-as-needed -Wl,-ldl -Wl,-lm -Wno-unused-command-line-argument -O3 -fsanitize-coverage=trace-pc-guard -Wall -Wmissing-declarations -Wmissing-prototypes -Wnested-externs -Wsign-compare -c -ggdb -O0 -DTPM_POSIX -DIS_POSIX -DTPM_NUVOTON -I../utils -I. -DFUZZING_BUILD_MODE_UNSAFE_FOR_PRODUCTION -DUSE_BIT_FIELD_STRUCTURES=NO Context_spt.c -o Context_spt.o
#20 2.089 In file included from ContextCommands.c:62:
#20 2.089 In file included from ./Tpm.h:71:
#20 2.090 In file included from ./Global.h:84:
#20 2.090 ./CryptHash.h:129:5: warning: macro expansion producing 'defined' has undefined behavior [-Wexpansion-to-defined]
#20 2.090 #if SMAC_IMPLEMENTED
#20 2.090     ^
#20 2.090 ./CryptHash.h:93:27: note: expanded from macro 'SMAC_IMPLEMENTED'
#20 2.091 #define SMAC_IMPLEMENTED (defined TPM_CC_MAC || defined TPM_CC_MAC_Start)
#20 2.091                           ^
#20 2.091 ./CryptHash.h:129:5: warning: macro expansion producing 'defined' has undefined behavior [-Wexpansion-to-defined]
#20 2.091 ./CryptHash.h:93:49: note: expanded from macro 'SMAC_IMPLEMENTED'
#20 2.092 #define SMAC_IMPLEMENTED (defined TPM_CC_MAC || defined TPM_CC_MAC_Start)
#20 2.092                                                 ^
#20 2.109 2 warnings generated.
#20 2.115 clang -DFUZZING_BUILD_MODE_UNSAFE_FOR_PRODUCTION -pthread -Wl,--no-as-needed -Wl,-ldl -Wl,-lm -Wno-unused-command-line-argument -O3 -fsanitize-coverage=trace-pc-guard -Wall -Wmissing-declarations -Wmissing-prototypes -Wnested-externs -Wsign-compare -c -ggdb -O0 -DTPM_POSIX -DIS_POSIX -DTPM_NUVOTON -I../utils -I. -DFUZZING_BUILD_MODE_UNSAFE_FOR_PRODUCTION -DUSE_BIT_FIELD_STRUCTURES=NO CryptDes.c -o CryptDes.o
#20 2.117 2 warnings generated.
#20 2.122 2 warnings generated.
#20 2.123 clang -DFUZZING_BUILD_MODE_UNSAFE_FOR_PRODUCTION -pthread -Wl,--no-as-needed -Wl,-ldl -Wl,-lm -Wno-unused-command-line-argument -O3 -fsanitize-coverage=trace-pc-guard -Wall -Wmissing-declarations -Wmissing-prototypes -Wnested-externs -Wsign-compare -c -ggdb -O0 -DTPM_POSIX -DIS_POSIX -DTPM_NUVOTON -I../utils -I. -DFUZZING_BUILD_MODE_UNSAFE_FOR_PRODUCTION -DUSE_BIT_FIELD_STRUCTURES=NO CryptCmac.c -o CryptCmac.o
#20 2.128 clang -DFUZZING_BUILD_MODE_UNSAFE_FOR_PRODUCTION -pthread -Wl,--no-as-needed -Wl,-ldl -Wl,-lm -Wno-unused-command-line-argument -O3 -fsanitize-coverage=trace-pc-guard -Wall -Wmissing-declarations -Wmissing-prototypes -Wnested-externs -Wsign-compare -c -ggdb -O0 -DTPM_POSIX -DIS_POSIX -DTPM_NUVOTON -I../utils -I. -DFUZZING_BUILD_MODE_UNSAFE_FOR_PRODUCTION -DUSE_BIT_FIELD_STRUCTURES=NO CryptEccKeyExchange.c -o CryptEccKeyExchange.o
#20 2.136 2 warnings generated.
#20 2.143 clang -DFUZZING_BUILD_MODE_UNSAFE_FOR_PRODUCTION -pthread -Wl,--no-as-needed -Wl,-ldl -Wl,-lm -Wno-unused-command-line-argument -O3 -fsanitize-coverage=trace-pc-guard -Wall -Wmissing-declarations -Wmissing-prototypes -Wnested-externs -Wsign-compare -c -ggdb -O0 -DTPM_POSIX -DIS_POSIX -DTPM_NUVOTON -I../utils -I. -DFUZZING_BUILD_MODE_UNSAFE_FOR_PRODUCTION -DUSE_BIT_FIELD_STRUCTURES=NO CryptEccMain.c -o CryptEccMain.o
#20 2.209 2 warnings generated.
#20 2.215 clang -DFUZZING_BUILD_MODE_UNSAFE_FOR_PRODUCTION -pthread -Wl,--no-as-needed -Wl,-ldl -Wl,-lm -Wno-unused-command-line-argument -O3 -fsanitize-coverage=trace-pc-guard -Wall -Wmissing-declarations -Wmissing-prototypes -Wnested-externs -Wsign-compare -c -ggdb -O0 -DTPM_POSIX -DIS_POSIX -DTPM_NUVOTON -I../utils -I. -DFUZZING_BUILD_MODE_UNSAFE_FOR_PRODUCTION -DUSE_BIT_FIELD_STRUCTURES=NO CryptEccSignature.c -o CryptEccSignature.o
#20 2.305 2 warnings generated.
#20 2.312 clang -DFUZZING_BUILD_MODE_UNSAFE_FOR_PRODUCTION -pthread -Wl,--no-as-needed -Wl,-ldl -Wl,-lm -Wno-unused-command-line-argument -O3 -fsanitize-coverage=trace-pc-guard -Wall -Wmissing-declarations -Wmissing-prototypes -Wnested-externs -Wsign-compare -c -ggdb -O0 -DTPM_POSIX -DIS_POSIX -DTPM_NUVOTON -I../utils -I. -DFUZZING_BUILD_MODE_UNSAFE_FOR_PRODUCTION -DUSE_BIT_FIELD_STRUCTURES=NO CryptHash.c -o CryptHash.o
#20 2.327 In file included from Context_spt.c:63:
#20 2.327 In file included from ./Tpm.h:71:
#20 2.327 In file included from ./Global.h:84:
#20 2.328 ./CryptHash.h:129:5: warning: macro expansion producing 'defined' has undefined behavior [-Wexpansion-to-defined]
#20 2.328 #if SMAC_IMPLEMENTED
#20 2.328     ^
#20 2.328 ./CryptHash.h:93:27: note: expanded from macro 'SMAC_IMPLEMENTED'
#20 2.329 #define SMAC_IMPLEMENTED (defined TPM_CC_MAC || defined TPM_CC_MAC_Start)
#20 2.329                           ^
#20 2.329 ./CryptHash.h:129:5: warning: macro expansion producing 'defined' has undefined behavior [-Wexpansion-to-defined]
#20 2.330 ./CryptHash.h:93:49: note: expanded from macro 'SMAC_IMPLEMENTED'
#20 2.330 #define SMAC_IMPLEMENTED (defined TPM_CC_MAC || defined TPM_CC_MAC_Start)
#20 2.330                                                 ^
#20 2.350 2 warnings generated.
#20 2.357 clang -DFUZZING_BUILD_MODE_UNSAFE_FOR_PRODUCTION -pthread -Wl,--no-as-needed -Wl,-ldl -Wl,-lm -Wno-unused-command-line-argument -O3 -fsanitize-coverage=trace-pc-guard -Wall -Wmissing-declarations -Wmissing-prototypes -Wnested-externs -Wsign-compare -c -ggdb -O0 -DTPM_POSIX -DIS_POSIX -DTPM_NUVOTON -I../utils -I. -DFUZZING_BUILD_MODE_UNSAFE_FOR_PRODUCTION -DUSE_BIT_FIELD_STRUCTURES=NO CryptHashData.c -o CryptHashData.o
#20 2.462 In file included from CryptDes.c:66:
#20 2.470 In file included from ./Tpm.h:In file included from CryptEccKeyExchange.c:63:
#20 2.470 In file included from ./Tpm.h:71:
#20 2.470 In file included from ./Global.h:84:
#20 2.470 ./CryptHash.h:129:5: warning: macro expansion producing 'defined' has undefined behavior [-Wexpansion-to-defined]
#20 2.470 71:
#20 2.470 #if SMAC_IMPLEMENTED
#20 2.470     ^
#20 2.470 ./CryptHash.h:93:27: note: expanded from macro 'SMAC_IMPLEMENTED'
#20 2.470 In file included from ./Global.h#define SMAC_IMPLEMENTED (defined TPM_CC_MAC || defined TPM_CC_MAC_Start)
#20 2.470                           ^
#20 2.470 ./CryptHash.h:84:
#20 2.470 ./CryptHash.h:129:5: warning: macro expansion producing 'defined' has undefined behavior [-Wexpansion-to-defined]
#20 2.470 :#if SMAC_IMPLEMENTED
#20 2.470     ^
#20 2.470 ./CryptHash.h:93:27: note: expanded from macro 'SMAC_IMPLEMENTED'
#20 2.470 129#define SMAC_IMPLEMENTED (defined TPM_CC_MAC || defined TPM_CC_MAC_Start)
#20 2.470                           ^
#20 2.470 :./CryptHash.h:129:5: warning: macro expansion producing 'defined' has undefined behavior [-Wexpansion-to-defined]
#20 2.470 ./CryptHash.h:93:49: note: expanded from macro 'SMAC_IMPLEMENTED'
#20 2.470 #define SMAC_IMPLEMENTED (defined TPM_CC_MAC || defined TPM_CC_MAC_Start)
#20 2.470                                                 ^
#20 2.470 5: warning: macro expansion producing 'defined' has undefined behavior [-Wexpansion-to-defined]
#20 2.470 ./CryptHash.h:93:49: note: expanded from macro 'SMAC_IMPLEMENTED'
#20 2.471 #define SMAC_IMPLEMENTED (defined TPM_CC_MAC || defined TPM_CC_MAC_Start)
#20 2.471                                                 ^
#20 2.476 In file included from CryptCmac.c:69:
#20 2.476 In file included from ./Tpm.h:71:
#20 2.476 In file included from ./Global.h:84:
#20 2.476 ./CryptHash.h:129:5: warning: macro expansion producing 'defined' has undefined behavior [-Wexpansion-to-defined]
#20 2.477 #if SMAC_IMPLEMENTED
#20 2.477     ^
#20 2.477 ./CryptHash.h:93:27: note: expanded from macro 'SMAC_IMPLEMENTED'
#20 2.478 #define SMAC_IMPLEMENTED (defined TPM_CC_MAC || defined TPM_CC_MAC_Start)
#20 2.478                           ^
#20 2.478 ./CryptHash.h:129:5: warning: macro expansion producing 'defined' has undefined behavior [-Wexpansion-to-defined]
#20 2.478 ./CryptHash.h:93:49: note: expanded from macro 'SMAC_IMPLEMENTED'
#20 2.479 #define SMAC_IMPLEMENTED (defined TPM_CC_MAC || defined TPM_CC_MAC_Start)
#20 2.479                                                 ^
#20 2.515 In file included from CryptEccMain.c:64:
#20 2.516 In file included from ./Tpm.h:71:
#20 2.518 In file included from ./Global.h:84:
#20 2.519 ./CryptHash.h:129:5: warning: macro expansion producing 'defined' has undefined behavior [-Wexpansion-to-defined]
#20 2.521 #if SMAC_IMPLEMENTED
#20 2.522     ^
#20 2.522 ./CryptHash.h:93:27: note: expanded from macro 'SMAC_IMPLEMENTED'
#20 2.524 #define SMAC_IMPLEMENTED (defined TPM_CC_MAC || defined TPM_CC_MAC_Start)
#20 2.525                           ^
#20 2.525 ./CryptHash.h:2 warnings generated.
#20 2.526 129:5: warning: macro expansion producing 'defined' has undefined behavior [-Wexpansion-to-defined]
#20 2.528 ./CryptHash.h:93:49: note: expanded from macro 'SMAC_IMPLEMENTED'
#20 2.530 #define SMAC_IMPLEMENTED (defined TPM_CC_MAC || defined TPM_CC_MAC_Start)
#20 2.530                                                 ^
#20 2.533 clang -DFUZZING_BUILD_MODE_UNSAFE_FOR_PRODUCTION -pthread -Wl,--no-as-needed -Wl,-ldl -Wl,-lm -Wno-unused-command-line-argument -O3 -fsanitize-coverage=trace-pc-guard -Wall -Wmissing-declarations -Wmissing-prototypes -Wnested-externs -Wsign-compare -c -ggdb -O0 -DTPM_POSIX -DIS_POSIX -DTPM_NUVOTON -I../utils -I. -DFUZZING_BUILD_MODE_UNSAFE_FOR_PRODUCTION -DUSE_BIT_FIELD_STRUCTURES=NO CryptPrime.c -o CryptPrime.o
#20 2.566 In file included from CryptEccSignature.c:64:
#20 2.566 In file included from ./Tpm.h:71:
#20 2.566 In file included from ./Global.h:84:
#20 2.566 ./CryptHash.h:129:5: warning: macro expansion producing 'defined' has undefined behavior [-Wexpansion-to-defined]
#20 2.567 #if SMAC_IMPLEMENTED
#20 2.567     ^
#20 2.567 ./CryptHash.h:93:27: note: expanded from macro 'SMAC_IMPLEMENTED'
#20 2.567 #define SMAC_IMPLEMENTED (defined TPM_CC_MAC || defined TPM_CC_MAC_Start)
#20 2.567                           ^
#20 2.567 ./CryptHash.h:129:5: warning: macro expansion producing 'defined' has undefined behavior [-Wexpansion-to-defined]
#20 2.567 ./CryptHash.h:93:49: note: expanded from macro 'SMAC_IMPLEMENTED'
#20 2.568 #define SMAC_IMPLEMENTED (defined TPM_CC_MAC || defined TPM_CC_MAC_Start)
#20 2.568                                                 ^
#20 2.640 2 warnings generated.
#20 2.645 clang -DFUZZING_BUILD_MODE_UNSAFE_FOR_PRODUCTION -pthread -Wl,--no-as-needed -Wl,-ldl -Wl,-lm -Wno-unused-command-line-argument -O3 -fsanitize-coverage=trace-pc-guard -Wall -Wmissing-declarations -Wmissing-prototypes -Wnested-externs -Wsign-compare -c -ggdb -O0 -DTPM_POSIX -DIS_POSIX -DTPM_NUVOTON -I../utils -I. -DFUZZING_BUILD_MODE_UNSAFE_FOR_PRODUCTION -DUSE_BIT_FIELD_STRUCTURES=NO CryptPrimeSieve.c -o CryptPrimeSieve.o
#20 2.660 In file included from CryptHash.c:67:
#20 2.661 In file included from ./Tpm.h:71:
#20 2.661 In file included from ./Global.h:84:
#20 2.661 ./CryptHash.h:129:5: warning: macro expansion producing 'defined' has undefined behavior [-Wexpansion-to-defined]
#20 2.662 #if SMAC_IMPLEMENTED
#20 2.662     ^
#20 2.662 ./CryptHash.h:93:27: note: expanded from macro 'SMAC_IMPLEMENTED'
#20 2.662 #define SMAC_IMPLEMENTED (defined TPM_CC_MAC || defined TPM_CC_MAC_Start)
#20 2.663                           ^
#20 2.663 ./CryptHash.h:129:5: warning: macro expansion producing 'defined' has undefined behavior [-Wexpansion-to-defined]
#20 2.664 ./CryptHash.h:93:49: note: expanded from macro 'SMAC_IMPLEMENTED'
#20 2.664 #define SMAC_IMPLEMENTED (defined TPM_CC_MAC || defined TPM_CC_MAC_Start)
#20 2.664                                                 ^
#20 2.675 2 warnings generated.
#20 2.681 clang -DFUZZING_BUILD_MODE_UNSAFE_FOR_PRODUCTION -pthread -Wl,--no-as-needed -Wl,-ldl -Wl,-lm -Wno-unused-command-line-argument -O3 -fsanitize-coverage=trace-pc-guard -Wall -Wmissing-declarations -Wmissing-prototypes -Wnested-externs -Wsign-compare -c -ggdb -O0 -DTPM_POSIX -DIS_POSIX -DTPM_NUVOTON -I../utils -I. -DFUZZING_BUILD_MODE_UNSAFE_FOR_PRODUCTION -DUSE_BIT_FIELD_STRUCTURES=NO CryptRand.c -o CryptRand.o
#20 2.704 In file included from CryptHashData.c:63:
#20 2.704 In file included from ./Tpm.h:71:
#20 2.705 In file included from ./Global.h:84:
#20 2.705 ./CryptHash.h:129:5: warning: macro expansion producing 'defined' has undefined behavior [-Wexpansion-to-defined]
#20 2.705 #if SMAC_IMPLEMENTED
#20 2.705     ^
#20 2.705 ./CryptHash.h:93:27: note: expanded from macro 'SMAC_IMPLEMENTED'
#20 2.706 #define SMAC_IMPLEMENTED (defined TPM_CC_MAC || defined TPM_CC_MAC_Start)
#20 2.706                           ^
#20 2.706 ./CryptHash.h:129:5: warning: macro expansion producing 'defined' has undefined behavior [-Wexpansion-to-defined]
#20 2.706 ./CryptHash.h:93:49: note: expanded from macro 'SMAC_IMPLEMENTED'
#20 2.707 #define SMAC_IMPLEMENTED (defined TPM_CC_MAC || defined TPM_CC_MAC_Start)
#20 2.707                                                 ^
#20 2.850 CryptHash.c:453:5: warning: macro expansion producing 'defined' has undefined behavior [-Wexpansion-to-defined]
#20 2.851 #if SMAC_IMPLEMENTED
#20 2.851     ^
#20 2.851 ./CryptHash.h:93:27: note: expanded from macro 'SMAC_IMPLEMENTED'
#20 2.851 #define SMAC_IMPLEMENTED (defined TPM_CC_MAC || defined TPM_CC_MAC_Start)
#20 2.851                           ^
#20 2.851 CryptHash.c:453:5: warning: macro expansion producing 'defined' has undefined behavior [-Wexpansion-to-defined]
#20 2.851 ./CryptHash.h:93:49: note: expanded from macro 'SMAC_IMPLEMENTED'
#20 2.852 #define SMAC_IMPLEMENTED (defined TPM_CC_MAC || defined TPM_CC_MAC_Start)
#20 2.852                                                 ^
#20 2.859 CryptHash.c:624:5: warning: macro expansion producing 'defined' has undefined behavior [-Wexpansion-to-defined]
#20 2.860 #if SMAC_IMPLEMENTED
#20 2.860     ^
#20 2.860 ./CryptHash.h:93:27: note: expanded from macro 'SMAC_IMPLEMENTED'
#20 2.860 #define SMAC_IMPLEMENTED (defined TPM_CC_MAC || defined TPM_CC_MAC_Start)
#20 2.860                           ^
#20 2.860 CryptHash.c:624:5: warning: macro expansion producing 'defined' has undefined behavior [-Wexpansion-to-defined]
#20 2.861 ./CryptHash.h:93:49: note: expanded from macro 'SMAC_IMPLEMENTED'
#20 2.862 #define SMAC_IMPLEMENTED (defined TPM_CC_MAC || defined TPM_CC_MAC_Start)
#20 2.862                                                 ^
#20 2.877 In file included from CryptPrime.c:63:
#20 2.877 In file included from ./Tpm.h:271:
#20 2.877 In file included from ./Global.h:84:
#20 2.877 ./CryptHash.h:129:5: warning: macro expansion producing 'defined' has undefined behavior [-Wexpansion-to-defined]
#20 2.878  warning#if SMAC_IMPLEMENTED
#20 2.878 s generated.
#20 2.878     ^
#20 2.878 ./CryptHash.h:93:27: note: expanded from macro 'SMAC_IMPLEMENTED'
#20 2.878 #define SMAC_IMPLEMENTED (defined TPM_CC_MAC || defined TPM_CC_MAC_Start)
#20 2.878                           ^
#20 2.878 ./CryptHash.h:129:5: warning: macro expansion producing 'defined' has undefined behavior [-Wexpansion-to-defined]
#20 2.878 ./CryptHash.h:93:49: note: expanded from macro 'SMAC_IMPLEMENTED'
#20 2.879 #define SMAC_IMPLEMENTED (defined TPM_CC_MAC || defined TPM_CC_MAC_Start)
#20 2.879                                                 ^
#20 2.884 clang -DFUZZING_BUILD_MODE_UNSAFE_FOR_PRODUCTION -pthread -Wl,--no-as-needed -Wl,-ldl -Wl,-lm -Wno-unused-command-line-argument -O3 -fsanitize-coverage=trace-pc-guard -Wall -Wmissing-declarations -Wmissing-prototypes -Wnested-externs -Wsign-compare -c -ggdb -O0 -DTPM_POSIX -DIS_POSIX -DTPM_NUVOTON -I../utils -I. -DFUZZING_BUILD_MODE_UNSAFE_FOR_PRODUCTION -DUSE_BIT_FIELD_STRUCTURES=NO CryptRsa.c -o CryptRsa.o
#20 2.914 6 warnings generated.
#20 2.921 clang -DFUZZING_BUILD_MODE_UNSAFE_FOR_PRODUCTION -pthread -Wl,--no-as-needed -Wl,-ldl -Wl,-lm -Wno-unused-command-line-argument -O3 -fsanitize-coverage=trace-pc-guard -Wall -Wmissing-declarations -Wmissing-prototypes -Wnested-externs -Wsign-compare -c -ggdb -O0 -DTPM_POSIX -DIS_POSIX -DTPM_NUVOTON -I../utils -I. -DFUZZING_BUILD_MODE_UNSAFE_FOR_PRODUCTION -DUSE_BIT_FIELD_STRUCTURES=NO CryptSelfTest.c -o CryptSelfTest.o
#20 2.946 2 warnings generated.
#20 2.953 clang -DFUZZING_BUILD_MODE_UNSAFE_FOR_PRODUCTION -pthread -Wl,--no-as-needed -Wl,-ldl -Wl,-lm -Wno-unused-command-line-argument -O3 -fsanitize-coverage=trace-pc-guard -Wall -Wmissing-declarations -Wmissing-prototypes -Wnested-externs -Wsign-compare -c -ggdb -O0 -DTPM_POSIX -DIS_POSIX -DTPM_NUVOTON -I../utils -I. -DFUZZING_BUILD_MODE_UNSAFE_FOR_PRODUCTION -DUSE_BIT_FIELD_STRUCTURES=NO CryptSmac.c -o CryptSmac.o
#20 3.001 In file included from CryptPrimeSieve.c:64:
#20 3.002 In file included from ./Tpm.h:71:
#20 3.002 In file included from ./Global.h:84:
#20 3.002 ./CryptHash.h:129:5: warning: macro expansion producing 'defined' has undefined behavior [-Wexpansion-to-defined]
#20 3.002 #if SMAC_IMPLEMENTED
#20 3.003     ^
#20 3.003 ./CryptHash.h:93:27: note: expanded from macro 'SMAC_IMPLEMENTED'
#20 3.003 #define SMAC_IMPLEMENTED (defined TPM_CC_MAC || defined TPM_CC_MAC_Start)
#20 3.003                           ^
#20 3.003 ./CryptHash.h:129:5: warning: macro expansion producing 'defined' has undefined behavior [-Wexpansion-to-defined]
#20 3.004 ./CryptHash.h:93:49: note: expanded from macro 'SMAC_IMPLEMENTED'
#20 3.004 #define SMAC_IMPLEMENTED (defined TPM_CC_MAC || defined TPM_CC_MAC_Start)
#20 3.004                                                 ^
#20 3.035 In file included from CryptRand.c:62:
#20 3.035 In file included from ./Tpm.h:71:
#20 3.036 In file included from ./Global.h:84:
#20 3.036 ./CryptHash.h:129:5: warning: macro expansion producing 'defined' has undefined behavior [-Wexpansion-to-defined]
#20 3.036 #if SMAC_IMPLEMENTED
#20 3.036     ^
#20 3.036 ./CryptHash.h:93:27: note: expanded from macro 'SMAC_IMPLEMENTED'
#20 3.037 #define SMAC_IMPLEMENTED (defined TPM_CC_MAC || defined TPM_CC_MAC_Start)
#20 3.037                           ^
#20 3.037 ./CryptHash.h:129:5: warning: macro expansion producing 'defined' has undefined behavior [-Wexpansion-to-defined]
#20 3.038 ./CryptHash.h:93:49: note: expanded from macro 'SMAC_IMPLEMENTED'
#20 3.038 #define SMAC_IMPLEMENTED (defined TPM_CC_MAC || defined TPM_CC_MAC_Start)
#20 3.038                                                 ^
#20 3.229 In file included from CryptRsa.c:69:
#20 3.229 In file included from ./Tpm.h:71:
#20 3.229 In file included from ./Global.h:84:
#20 3.229 ./CryptHash.h:129:5: warning: macro expansion producing 'defined' has undefined behavior [-Wexpansion-to-defined]
#20 3.229 #if SMAC_IMPLEMENTED
#20 3.229     ^
#20 3.229 ./CryptHash.h:93:27: note: expanded from macro 'SMAC_IMPLEMENTED'
#20 3.229 #define SMAC_IMPLEMENTED (defined TPM_CC_MAC || defined TPM_CC_MAC_Start)
#20 3.229                           ^
#20 3.229 ./CryptHash.h:129:5: warning: macro expansion producing 'defined' has undefined behavior [-Wexpansion-to-defined]
#20 3.229 ./CryptHash.h:93:49: note: expanded from macro 'SMAC_IMPLEMENTED'
#20 3.229 #define SMAC_IMPLEMENTED (defined TPM_CC_MAC || defined TPM_CC_MAC_Start)
#20 3.229                                                 ^
#20 3.272 In file included from CryptSmac.c:69:
#20 3.272 In file included from ./Tpm.h:71:
#20 3.272 In file included from ./Global.h:84:
#20 3.272 ./CryptHash.h:129:5: warning: macro expansion producing 'defined' has undefined behavior [-Wexpansion-to-defined]
#20 3.272 #if SMAC_IMPLEMENTED
#20 3.272     ^
#20 3.272 ./CryptHash.h:93:27: note: expanded from macro 'SMAC_IMPLEMENTED'
#20 3.272 #define SMAC_IMPLEMENTED (defined TPM_CC_MAC || defined TPM_CC_MAC_Start)
#20 3.272                           ^
#20 3.272 ./CryptHash.h:129:5: warning: macro expansion producing 'defined' has undefined behavior [-Wexpansion-to-defined]
#20 3.272 ./CryptHash.h:93:49: note: expanded from macro 'SMAC_IMPLEMENTED'
#20 3.272 #define SMAC_IMPLEMENTED (defined TPM_CC_MAC || defined TPM_CC_MAC_Start)
#20 3.272                                                 ^
#20 3.286 2 warnings generated.
#20 3.293 clang -DFUZZING_BUILD_MODE_UNSAFE_FOR_PRODUCTION -pthread -Wl,--no-as-needed -Wl,-ldl -Wl,-lm -Wno-unused-command-line-argument -O3 -fsanitize-coverage=trace-pc-guard -Wall -Wmissing-declarations -Wmissing-prototypes -Wnested-externs -Wsign-compare -c -ggdb -O0 -DTPM_POSIX -DIS_POSIX -DTPM_NUVOTON -I../utils -I. -DFUZZING_BUILD_MODE_UNSAFE_FOR_PRODUCTION -DUSE_BIT_FIELD_STRUCTURES=NO CryptSym.c -o CryptSym.o
#20 3.293 2 warnings generated.
#20 3.300 clang -DFUZZING_BUILD_MODE_UNSAFE_FOR_PRODUCTION -pthread -Wl,--no-as-needed -Wl,-ldl -Wl,-lm -Wno-unused-command-line-argument -O3 -fsanitize-coverage=trace-pc-guard -Wall -Wmissing-declarations -Wmissing-prototypes -Wnested-externs -Wsign-compare -c -ggdb -O0 -DTPM_POSIX -DIS_POSIX -DTPM_NUVOTON -I../utils -I. -DFUZZING_BUILD_MODE_UNSAFE_FOR_PRODUCTION -DUSE_BIT_FIELD_STRUCTURES=NO CryptUtil.c -o CryptUtil.o
#20 3.392 2 warnings generated.
#20 3.393 CryptSmac.c:70:5: warning: macro expansion producing 'defined' has undefined behavior [-Wexpansion-to-defined]
#20 3.393 #if SMAC_IMPLEMENTED
#20 3.393     ^
#20 3.393 ./CryptHash.h:93:27: note: expanded from macro 'SMAC_IMPLEMENTED'
#20 3.393 #define SMAC_IMPLEMENTED (defined TPM_CC_MAC || defined TPM_CC_MAC_Start)
#20 3.393                           ^
#20 3.393 CryptSmac.c:70:5: warning: macro expansion producing 'defined' has undefined behavior [-Wexpansion-to-defined]
#20 3.393 ./CryptHash.h:93:49: note: expanded from macro 'SMAC_IMPLEMENTED'
#20 3.393 #define SMAC_IMPLEMENTED (defined TPM_CC_MAC || defined TPM_CC_MAC_Start)
#20 3.393                                                 ^
#20 3.398 clang -DFUZZING_BUILD_MODE_UNSAFE_FOR_PRODUCTION -pthread -Wl,--no-as-needed -Wl,-ldl -Wl,-lm -Wno-unused-command-line-argument -O3 -fsanitize-coverage=trace-pc-guard -Wall -Wmissing-declarations -Wmissing-prototypes -Wnested-externs -Wsign-compare -c -ggdb -O0 -DTPM_POSIX -DIS_POSIX -DTPM_NUVOTON -I../utils -I. -DFUZZING_BUILD_MODE_UNSAFE_FOR_PRODUCTION -DUSE_BIT_FIELD_STRUCTURES=NO DA.c -o DA.o
#20 3.406 4 warnings generated.
#20 3.407 2 warnings generated.
#20 3.411 In file included from CryptSelfTest.c:73:
#20 3.411 In file included from ./Tpm.h:71:
#20 3.411 In file included from ./Global.h:84:
#20 3.411 ./CryptHash.h:129:5: warning: macro expansion producing 'defined' has undefined behavior [-Wexpansion-to-defined]
#20 3.411 #if SMAC_IMPLEMENTED
#20 3.411     ^
#20 3.411 ./CryptHash.h:93:27: note: expanded from macro 'SMAC_IMPLEMENTED'
#20 3.411 #define SMAC_IMPLEMENTED (defined TPM_CC_MAC || defined TPM_CC_MAC_Start)
#20 3.411                           ^
#20 3.411 ./CryptHash.h:129:5: warning: macro expansion producing 'defined' has undefined behavior [-Wexpansion-to-defined]
#20 3.412 ./CryptHash.h:93:49: note: expanded from macro 'SMAC_IMPLEMENTED'
#20 3.412 #define SMAC_IMPLEMENTED (defined TPM_CC_MAC || defined TPM_CC_MAC_Start)
#20 3.412                                                 ^
#20 3.413 2 warnings generated.
#20 3.413 clang -DFUZZING_BUILD_MODE_UNSAFE_FOR_PRODUCTION -pthread -Wl,--no-as-needed -Wl,-ldl -Wl,-lm -Wno-unused-command-line-argument -O3 -fsanitize-coverage=trace-pc-guard -Wall -Wmissing-declarations -Wmissing-prototypes -Wnested-externs -Wsign-compare -c -ggdb -O0 -DTPM_POSIX -DIS_POSIX -DTPM_NUVOTON -I../utils -I. -DFUZZING_BUILD_MODE_UNSAFE_FOR_PRODUCTION -DUSE_BIT_FIELD_STRUCTURES=NO DictionaryCommands.c -o DictionaryCommands.o
#20 3.414 clang -DFUZZING_BUILD_MODE_UNSAFE_FOR_PRODUCTION -pthread -Wl,--no-as-needed -Wl,-ldl -Wl,-lm -Wno-unused-command-line-argument -O3 -fsanitize-coverage=trace-pc-guard -Wall -Wmissing-declarations -Wmissing-prototypes -Wnested-externs -Wsign-compare -c -ggdb -O0 -DTPM_POSIX -DIS_POSIX -DTPM_NUVOTON -I../utils -I. -DFUZZING_BUILD_MODE_UNSAFE_FOR_PRODUCTION -DUSE_BIT_FIELD_STRUCTURES=NO DuplicationCommands.c -o DuplicationCommands.o
#20 3.418 clang -DFUZZING_BUILD_MODE_UNSAFE_FOR_PRODUCTION -pthread -Wl,--no-as-needed -Wl,-ldl -Wl,-lm -Wno-unused-command-line-argument -O3 -fsanitize-coverage=trace-pc-guard -Wall -Wmissing-declarations -Wmissing-prototypes -Wnested-externs -Wsign-compare -c -ggdb -O0 -DTPM_POSIX -DIS_POSIX -DTPM_NUVOTON -I../utils -I. -DFUZZING_BUILD_MODE_UNSAFE_FOR_PRODUCTION -DUSE_BIT_FIELD_STRUCTURES=NO EACommands.c -o EACommands.o
#20 3.516 2 warnings generated.
#20 3.521 clang -DFUZZING_BUILD_MODE_UNSAFE_FOR_PRODUCTION -pthread -Wl,--no-as-needed -Wl,-ldl -Wl,-lm -Wno-unused-command-line-argument -O3 -fsanitize-coverage=trace-pc-guard -Wall -Wmissing-declarations -Wmissing-prototypes -Wnested-externs -Wsign-compare -c -ggdb -O0 -DTPM_POSIX -DIS_POSIX -DTPM_NUVOTON -I../utils -I. -DFUZZING_BUILD_MODE_UNSAFE_FOR_PRODUCTION -DUSE_BIT_FIELD_STRUCTURES=NO EncryptDecrypt_spt.c -o EncryptDecrypt_spt.o
#20 3.861 In file included from In file included from DA.c:67:
#20 3.861 In file included from ./Tpm.h:71:
#20 3.861 In file included from ./Global.h:84:
#20 3.861 ./CryptHash.h:129:5: warning: macro expansion producing 'defined' has undefined behavior [-Wexpansion-to-defined]
#20 3.861 #if SMAC_IMPLEMENTED
#20 3.861     ^
#20 3.862 ./CryptHash.h:93:27: note: expanded from macro 'SMAC_IMPLEMENTED'
#20 3.862 #define SMAC_IMPLEMENTED (defined TPM_CC_MAC || defined TPM_CC_MAC_Start)
#20 3.862                           ^
#20 3.862 ./CryptHash.h:129:5: warning: macro expansion producing 'defined' has undefined behavior [-Wexpansion-to-defined]
#20 3.862 ./CryptHash.h:93:49: note: expanded from macro 'SMAC_IMPLEMENTED'
#20 3.863 #define SMAC_IMPLEMENTED (defined TPM_CC_MAC || defined TPM_CC_MAC_Start)
#20 3.863                                                 ^
#20 3.863 DuplicationCommands.c:62:
#20 3.864 In file included from ./Tpm.h:71:
#20 3.864 In file included from ./Global.h:84:
#20 3.864 ./CryptHash.h:129:5: warning: macro expansion producing 'defined' has undefined behavior [-Wexpansion-to-defined]
#20 3.865 #if SMAC_IMPLEMENTED
#20 3.865     ^
#20 3.865 ./CryptHash.h:93:27: note: expanded from macro 'SMAC_IMPLEMENTED'
#20 3.865 #define SMAC_IMPLEMENTED (defined TPM_CC_MAC || defined TPM_CC_MAC_Start)
#20 3.865                           ^
#20 3.865 ./CryptHash.h:129:5: warning: macro expansion producing 'defined' has undefined behavior [-Wexpansion-to-defined]
#20 3.866 ./CryptHash.h:93:49: note: expanded from macro 'SMAC_IMPLEMENTED'
#20 3.866 #define SMAC_IMPLEMENTED (defined TPM_CC_MAC || defined TPM_CC_MAC_Start)
#20 3.866                                                 ^
#20 3.868 In file included from CryptSym.c:68:
#20 3.868 In file included from ./Tpm.h:71:
#20 3.868 In file included from ./Global.h:In file included from EncryptDecrypt_spt.c:63:
#20 3.869 In file included from ./Tpm.h:71:
#20 3.869 In file included from ./Global.h:84:
#20 3.869 ./CryptHash.h:129:5: warning: macro expansion producing 'defined' has undefined behavior [-Wexpansion-to-defined]
#20 3.869 84#if SMAC_IMPLEMENTED
#20 3.869     ^
#20 3.869 ./CryptHash.h:
#20 3.869 :93./CryptHash.h::27129:: 5note: :expanded from macro 'SMAC_IMPLEMENTED' 
#20 3.869 warning: macro expansion producing 'defined' has undefined behavior [-Wexpansion-to-defined]
#20 3.869 #define SMAC_IMPLEMENTED (defined TPM_CC_MAC || defined TPM_CC_MAC_Start)
#20 3.869                           ^#if SMAC_IMPLEMENTED
#20 3.869 
#20 3.869     ^./CryptHash.h
#20 3.869 :129./CryptHash.h::593:: 27warning: :macro expansion producing 'defined' has undefined behavior [-Wexpansion-to-defined] 
#20 3.869 note: expanded from macro 'SMAC_IMPLEMENTED'
#20 3.869 ./CryptHash.h:#define SMAC_IMPLEMENTED (defined TPM_CC_MAC || defined TPM_CC_MAC_Start)93:49
#20 3.869                           ^
#20 3.869 ./CryptHash.h::129 :note: 5expanded from macro 'SMAC_IMPLEMENTED':
#20 3.870  warning: macro expansion producing 'defined' has undefined behavior [-Wexpansion-to-defined]
#20 3.870 ./CryptHash.h:#define SMAC_IMPLEMENTED (defined TPM_CC_MAC || defined TPM_CC_MAC_Start)93:49:
#20 3.870                                                  ^note: 
#20 3.870 expanded from macro 'SMAC_IMPLEMENTED'
#20 3.870 #define SMAC_IMPLEMENTED (defined TPM_CC_MAC || defined TPM_CC_MAC_Start)
#20 3.870                                                 ^
#20 3.870 In file included from EACommands.c:62:
#20 3.871 In file included from ./Tpm.h:71:
#20 3.871 In file included from ./Global.h:84:
#20 3.871 ./CryptHash.h:129:In file included from CryptUtil.c:67:
#20 3.871 5In file included from DictionaryCommands.c:: 62In file included from ./Tpm.h:71:
#20 3.871 In file included from ./Global.h:84:
#20 3.871 ./CryptHash.h:129:5: warning: macro expansion producing 'defined' has undefined behavior [-Wexpansion-to-defined]
#20 3.871 :
#20 3.871 #if SMAC_IMPLEMENTED
#20 3.871     ^
#20 3.871 ./CryptHash.hIn file included from :./Tpm.h:71:
#20 3.871 In file included from ./Global.h:84:
#20 3.871 ./CryptHash.h:129:5: warning: macro expansion producing 'defined' has undefined behavior [-Wexpansion-to-defined]
#20 3.871 93warning: #if SMAC_IMPLEMENTED
#20 3.871     ^macro expansion producing 'defined' has undefined behavior [-Wexpansion-to-defined]
#20 3.871 
#20 3.871 ./CryptHash.h::27: note: expanded from macro 'SMAC_IMPLEMENTED'
#20 3.871 93#if SMAC_IMPLEMENTED
#20 3.871     ^
#20 3.871 #define SMAC_IMPLEMENTED (defined TPM_CC_MAC || defined TPM_CC_MAC_Start)./CryptHash.h:93:27: :27note: expanded from macro 'SMAC_IMPLEMENTED'
#20 3.873 
#20 3.873 :                          ^
#20 3.873 ./CryptHash.h:129:5: note: expanded from macro 'SMAC_IMPLEMENTED'
#20 3.874 #define SMAC_IMPLEMENTED (defined TPM_CC_MAC || defined TPM_CC_MAC_Start)
#20 3.874                           ^
#20 3.874 #define SMAC_IMPLEMENTED (defined TPM_CC_MAC || defined TPM_CC_MAC_Start)
#20 3.874 ./CryptHash.h:129                          ^
#20 3.874 ./CryptHash.h::5:129:5: warning: macro expansion producing 'defined' has undefined behavior [-Wexpansion-to-defined]
#20 3.874 ./CryptHash.h: 93warning: :49macro expansion producing 'defined' has undefined behavior [-Wexpansion-to-defined]:
#20 3.874  note: expanded from macro 'SMAC_IMPLEMENTED'
#20 3.874 #define SMAC_IMPLEMENTED (defined TPM_CC_MAC || defined TPM_CC_MAC_Start)
#20 3.874 ./CryptHash.h:93:49: note: expanded from macro 'SMAC_IMPLEMENTED'
#20 3.874                                                 ^ 
#20 3.874 warning: macro expansion producing 'defined' has undefined behavior [-Wexpansion-to-defined]
#20 3.875 ./CryptHash.h:93:49: note: expanded from macro 'SMAC_IMPLEMENTED'
#20 3.875 #define SMAC_IMPLEMENTED (defined TPM_CC_MAC || defined TPM_CC_MAC_Start)
#20 3.875                                                 ^
#20 3.875 #define SMAC_IMPLEMENTED (defined TPM_CC_MAC || defined TPM_CC_MAC_Start)
#20 3.875                                                 ^
#20 4.059 2 warnings generated.
#20 4.061 2 warnings generated.
#20 4.065 2 warnings generated.
#20 4.066 clang -DFUZZING_BUILD_MODE_UNSAFE_FOR_PRODUCTION -pthread -Wl,--no-as-needed -Wl,-ldl -Wl,-lm -Wno-unused-command-line-argument -O3 -fsanitize-coverage=trace-pc-guard -Wall -Wmissing-declarations -Wmissing-prototypes -Wnested-externs -Wsign-compare -c -ggdb -O0 -DTPM_POSIX -DIS_POSIX -DTPM_NUVOTON -I../utils -I. -DFUZZING_BUILD_MODE_UNSAFE_FOR_PRODUCTION -DUSE_BIT_FIELD_STRUCTURES=NO Entity.c -o Entity.o
#20 4.067 clang -DFUZZING_BUILD_MODE_UNSAFE_FOR_PRODUCTION -pthread -Wl,--no-as-needed -Wl,-ldl -Wl,-lm -Wno-unused-command-line-argument -O3 -fsanitize-coverage=trace-pc-guard -Wall -Wmissing-declarations -Wmissing-prototypes -Wnested-externs -Wsign-compare -c -ggdb -O0 -DTPM_POSIX -DIS_POSIX -DTPM_NUVOTON -I../utils -I. -DFUZZING_BUILD_MODE_UNSAFE_FOR_PRODUCTION -DUSE_BIT_FIELD_STRUCTURES=NO Entropy.c -o Entropy.o
#20 4.074 clang -DFUZZING_BUILD_MODE_UNSAFE_FOR_PRODUCTION -pthread -Wl,--no-as-needed -Wl,-ldl -Wl,-lm -Wno-unused-command-line-argument -O3 -fsanitize-coverage=trace-pc-guard -Wall -Wmissing-declarations -Wmissing-prototypes -Wnested-externs -Wsign-compare -c -ggdb -O0 -DTPM_POSIX -DIS_POSIX -DTPM_NUVOTON -I../utils -I. -DFUZZING_BUILD_MODE_UNSAFE_FOR_PRODUCTION -DUSE_BIT_FIELD_STRUCTURES=NO EphemeralCommands.c -o EphemeralCommands.o
#20 4.078 2 warnings generated.
#20 4.084 clang -DFUZZING_BUILD_MODE_UNSAFE_FOR_PRODUCTION -pthread -Wl,--no-as-needed -Wl,-ldl -Wl,-lm -Wno-unused-command-line-argument -O3 -fsanitize-coverage=trace-pc-guard -Wall -Wmissing-declarations -Wmissing-prototypes -Wnested-externs -Wsign-compare -c -ggdb -O0 -DTPM_POSIX -DIS_POSIX -DTPM_NUVOTON -I../utils -I. -DFUZZING_BUILD_MODE_UNSAFE_FOR_PRODUCTION -DUSE_BIT_FIELD_STRUCTURES=NO ExecCommand.c -o ExecCommand.o
#20 4.094 2 warnings generated.
#20 4.100 clang -DFUZZING_BUILD_MODE_UNSAFE_FOR_PRODUCTION -pthread -Wl,--no-as-needed -Wl,-ldl -Wl,-lm -Wno-unused-command-line-argument -O3 -fsanitize-coverage=trace-pc-guard -Wall -Wmissing-declarations -Wmissing-prototypes -Wnested-externs -Wsign-compare -c -ggdb -O0 -DTPM_POSIX -DIS_POSIX -DTPM_NUVOTON -I../utils -I. -DFUZZING_BUILD_MODE_UNSAFE_FOR_PRODUCTION -DUSE_BIT_FIELD_STRUCTURES=NO Global.c -o Global.o
#20 4.141 2 warnings generated.
#20 4.142 clang -DFUZZING_BUILD_MODE_UNSAFE_FOR_PRODUCTION -pthread -Wl,--no-as-needed -Wl,-ldl -Wl,-lm -Wno-unused-command-line-argument -O3 -fsanitize-coverage=trace-pc-guard -Wall -Wmissing-declarations -Wmissing-prototypes -Wnested-externs -Wsign-compare -c -ggdb -O0 -DTPM_POSIX -DIS_POSIX -DTPM_NUVOTON -I../utils -I. -DFUZZING_BUILD_MODE_UNSAFE_FOR_PRODUCTION -DUSE_BIT_FIELD_STRUCTURES=NO Handle.c -o Handle.o
#20 4.147 clang -DFUZZING_BUILD_MODE_UNSAFE_FOR_PRODUCTION -pthread -Wl,--no-as-needed -Wl,-ldl -Wl,-lm -Wno-unused-command-line-argument -O3 -fsanitize-coverage=trace-pc-guard -Wall -Wmissing-declarations -Wmissing-prototypes -Wnested-externs -Wsign-compare -c -ggdb -O0 -DTPM_POSIX -DIS_POSIX -DTPM_NUVOTON -I../utils -I. -DFUZZING_BUILD_MODE_UNSAFE_FOR_PRODUCTION -DUSE_BIT_FIELD_STRUCTURES=NO HashCommands.c -o HashCommands.o
#20 4.177 2 warnings generated.
#20 4.183 clang -DFUZZING_BUILD_MODE_UNSAFE_FOR_PRODUCTION -pthread -Wl,--no-as-needed -Wl,-ldl -Wl,-lm -Wno-unused-command-line-argument -O3 -fsanitize-coverage=trace-pc-guard -Wall -Wmissing-declarations -Wmissing-prototypes -Wnested-externs -Wsign-compare -c -ggdb -O0 -DTPM_POSIX -DIS_POSIX -DTPM_NUVOTON -I../utils -I. -DFUZZING_BUILD_MODE_UNSAFE_FOR_PRODUCTION -DUSE_BIT_FIELD_STRUCTURES=NO Hierarchy.c -o Hierarchy.o
#20 4.188 2 warnings generated.
#20 4.201 clang -DFUZZING_BUILD_MODE_UNSAFE_FOR_PRODUCTION -pthread -Wl,--no-as-needed -Wl,-ldl -Wl,-lm -Wno-unused-command-line-argument -O3 -fsanitize-coverage=trace-pc-guard -Wall -Wmissing-declarations -Wmissing-prototypes -Wnested-externs -Wsign-compare -c -ggdb -O0 -DTPM_POSIX -DIS_POSIX -DTPM_NUVOTON -I../utils -I. -DFUZZING_BUILD_MODE_UNSAFE_FOR_PRODUCTION -DUSE_BIT_FIELD_STRUCTURES=NO HierarchyCommands.c -o HierarchyCommands.o
#20 4.409 In file included from Entity.c:68:
#20 4.410 In file included from ./Tpm.h:71:
#20 4.410 In file included from ./Global.h:84:
#20 4.410 ./CryptHash.h:129:5: warning: macro expansion producing 'defined' has undefined behavior [-Wexpansion-to-defined]
#20 4.410 #if SMAC_IMPLEMENTED
#20 4.411     ^
#20 4.411 ./CryptHash.h:93:27: note: expanded from macro 'SMAC_IMPLEMENTED'
#20 4.412 #define SMAC_IMPLEMENTED (defined TPM_CC_MAC || defined TPM_CC_MAC_Start)
#20 4.412                           ^
#20 4.412 ./CryptHash.h:129:5: warning: macro expansion producing 'defined' has undefined behavior [-Wexpansion-to-defined]
#20 4.413 ./CryptHash.h:93:49: note: expanded from macro 'SMAC_IMPLEMENTED'
#20 4.413 #define SMAC_IMPLEMENTED (defined TPM_CC_MAC || defined TPM_CC_MAC_Start)
#20 4.413                                                 ^
#20 4.431 In file included from EphemeralCommands.c:62:
#20 4.431 In file included from ./Tpm.h:71:
#20 4.431 In file included from ./Global.h:84:
#20 4.431 ./CryptHash.h:129:5: warning: macro expansion producing 'defined' has undefined behavior [-Wexpansion-to-defined]
#20 4.432 #if SMAC_IMPLEMENTED
#20 4.432     ^
#20 4.432 ./CryptHash.h:93:27: note: expanded from macro 'SMAC_IMPLEMENTED'
#20 4.433 #define SMAC_IMPLEMENTED (defined TPM_CC_MAC || defined TPM_CC_MAC_Start)
#20 4.433                           ^
#20 4.433 ./CryptHash.h:129:5: warning: macro expansion producing 'defined' has undefined behavior [-Wexpansion-to-defined]
#20 4.434 ./CryptHash.h:93:49: note: expanded from macro 'SMAC_IMPLEMENTED'
#20 4.434 #define SMAC_IMPLEMENTED (defined TPM_CC_MAC || defined TPM_CC_MAC_Start)
#20 4.434                                                 ^
#20 4.451 In file included from Global.c:68:
#20 4.451 In file included from ./Tpm.h:71:
#20 4.451 In file included from ./Global.h:84:
#20 4.451 ./CryptHash.h:129:5: warning: macro expansion producing 'defined' has undefined behavior [-Wexpansion-to-defined]
#20 4.452 #if SMAC_IMPLEMENTED
#20 4.452     ^
#20 4.452 ./CryptHash.h:93:27: note: expanded from macro 'SMAC_IMPLEMENTED'
#20 4.452 #define SMAC_IMPLEMENTED (defined TPM_CC_MAC || defined TPM_CC_MAC_Start)
#20 4.452                           ^
#20 4.452 ./CryptHash.h:129:5: warning: macro expansion producing 'defined' has undefined behavior [-Wexpansion-to-defined]
#20 4.453 ./CryptHash.h:93:49: note: expanded from macro 'SMAC_IMPLEMENTED'
#20 4.453 #define SMAC_IMPLEMENTED (defined TPM_CC_MAC || defined TPM_CC_MAC_Start)
#20 4.453                                                 ^
#20 4.455 In file included from ExecCommand.c:65:
#20 4.455 In file included from ./Tpm.h:71:
#20 4.456 In file included from ./Global.h:84:
#20 4.456 ./CryptHash.h:129:5: warning: macro expansion producing 'defined' has undefined behavior [-Wexpansion-to-defined]
#20 4.456 #if SMAC_IMPLEMENTED
#20 4.456     ^
#20 4.456 ./CryptHash.h:93:27: note: expanded from macro 'SMAC_IMPLEMENTED'
#20 4.457 #define SMAC_IMPLEMENTED (defined TPM_CC_MAC || defined TPM_CC_MAC_Start)
#20 4.457                           ^
#20 4.457 ./CryptHash.h:129:5: warning: macro expansion producing 'defined' has undefined behavior [-Wexpansion-to-defined]
#20 4.457 ./CryptHash.h:93:49: note: expanded from macro 'SMAC_IMPLEMENTED'
#20 4.458 #define SMAC_IMPLEMENTED (defined TPM_CC_MAC || defined TPM_CC_MAC_Start)
#20 4.458                                                 ^
#20 4.493 In file included from Handle.c:66:
#20 4.493 In file included from ./Tpm.h:71:
#20 4.493 In file included from ./Global.h:84:
#20 4.493 ./CryptHash.h:129:5: warning: macro expansion producing 'defined' has undefined behavior [-Wexpansion-to-defined]
#20 4.494 #if SMAC_IMPLEMENTEDIn file included from HashCommands.c:62:
#20 4.494 In file included from ./Tpm.h:71:
#20 4.494 In file included from ./Global.h:84:
#20 4.495 ./CryptHash.h:129:5: warning: macro expansion producing 'defined' has undefined behavior [-Wexpansion-to-defined]
#20 4.495 #if SMAC_IMPLEMENTED
#20 4.495     ^
#20 4.495 ./CryptHash.h:93:27: note: expanded from macro 'SMAC_IMPLEMENTED'
#20 4.496 #define SMAC_IMPLEMENTED (defined TPM_CC_MAC || defined TPM_CC_MAC_Start)
#20 4.496                           ^
#20 4.496 ./CryptHash.h:129:5: warning: macro expansion producing 'defined' has undefined behavior [-Wexpansion-to-defined]
#20 4.496 ./CryptHash.h:93:49: note: expanded from macro 'SMAC_IMPLEMENTED'
#20 4.496 #define SMAC_IMPLEMENTED (defined TPM_CC_MAC || defined TPM_CC_MAC_Start)
#20 4.496                                                 ^
#20 4.498 
#20 4.498     ^
#20 4.499 ./CryptHash.h:93:27: note: expanded from macro 'SMAC_IMPLEMENTED'
#20 4.499 #define SMAC_IMPLEMENTED (defined TPM_CC_MAC || defined TPM_CC_MAC_Start)
#20 4.499                           ^
#20 4.499 ./CryptHash.h:129:5: warning: macro expansion producing 'defined' has undefined behavior [-Wexpansion-to-defined]
#20 4.500 ./CryptHash.h:93:49: note: expanded from macro 'SMAC_IMPLEMENTED'
#20 4.500 #define SMAC_IMPLEMENTED (defined TPM_CC_MAC || defined TPM_CC_MAC_Start)
#20 4.500                                                 ^
#20 4.556 In file included from HierarchyCommands.c:62:
#20 4.556 In file included from ./Tpm.h:71:
#20 4.556 In file included from ./Global.h:84:
#20 4.557 ./CryptHash.h:129:5: warning: macro expansion producing 'defined' has undefined behavior [-Wexpansion-to-defined]
#20 4.557 #if SMAC_IMPLEMENTED
#20 4.557     ^
#20 4.557 ./CryptHash.h:93:27: note: expanded from macro 'SMAC_IMPLEMENTED'
#20 4.557 #define SMAC_IMPLEMENTED (defined TPM_CC_MAC || defined TPM_CC_MAC_Start)
#20 4.558                           ^
#20 4.558 ./CryptHash.h:129:5: warning: macro expansion producing 'defined' has undefined behavior [-Wexpansion-to-defined]
#20 4.558 ./CryptHash.h:93:49: note: expanded from macro 'SMAC_IMPLEMENTED'
#20 4.558 #define SMAC_IMPLEMENTED (defined TPM_CC_MAC || defined TPM_CC_MAC_Start)
#20 4.558                                                 ^
#20 4.562 In file included from Hierarchy.c:65:
#20 4.562 In file included from ./Tpm.h:71:
#20 4.562 In file included from ./Global.h:84:
#20 4.562 ./CryptHash.h:129:5: warning: macro expansion producing 'defined' has undefined behavior [-Wexpansion-to-defined]
#20 4.563 #if SMAC_IMPLEMENTED
#20 4.563     ^
#20 4.563 ./CryptHash.h:93:27: note: expanded from macro 'SMAC_IMPLEMENTED'
#20 4.563 #define SMAC_IMPLEMENTED (defined TPM_CC_MAC || defined TPM_CC_MAC_Start)
#20 4.563                           ^
#20 4.563 ./CryptHash.h:129:5: warning: macro expansion producing 'defined' has undefined behavior [-Wexpansion-to-defined]
#20 4.564 ./CryptHash.h:93:49: note: expanded from macro 'SMAC_IMPLEMENTED'
#20 4.564 #define SMAC_IMPLEMENTED (defined TPM_CC_MAC || defined TPM_CC_MAC_Start)
#20 4.564                                                 ^
#20 4.632 2 warnings generated.
#20 4.633 2 warnings generated.
#20 4.639 clang -DFUZZING_BUILD_MODE_UNSAFE_FOR_PRODUCTION -pthread -Wl,--no-as-needed -Wl,-ldl -Wl,-lm -Wno-unused-command-line-argument -O3 -fsanitize-coverage=trace-pc-guard -Wall -Wmissing-declarations -Wmissing-prototypes -Wnested-externs -Wsign-compare -c -ggdb -O0 -DTPM_POSIX -DIS_POSIX -DTPM_NUVOTON -I../utils -I. -DFUZZING_BUILD_MODE_UNSAFE_FOR_PRODUCTION -DUSE_BIT_FIELD_STRUCTURES=NO IoBuffers.c -o IoBuffers.o
#20 4.640 clang -DFUZZING_BUILD_MODE_UNSAFE_FOR_PRODUCTION -pthread -Wl,--no-as-needed -Wl,-ldl -Wl,-lm -Wno-unused-command-line-argument -O3 -fsanitize-coverage=trace-pc-guard -Wall -Wmissing-declarations -Wmissing-prototypes -Wnested-externs -Wsign-compare -c -ggdb -O0 -DTPM_POSIX -DIS_POSIX -DTPM_NUVOTON -I../utils -I. -DFUZZING_BUILD_MODE_UNSAFE_FOR_PRODUCTION -DUSE_BIT_FIELD_STRUCTURES=NO IntegrityCommands.c -o IntegrityCommands.o
#20 4.644 2 warnings generated.
#20 4.645 2 warnings generated.
#20 4.651 clang -DFUZZING_BUILD_MODE_UNSAFE_FOR_PRODUCTION -pthread -Wl,--no-as-needed -Wl,-ldl -Wl,-lm -Wno-unused-command-line-argument -O3 -fsanitize-coverage=trace-pc-guard -Wall -Wmissing-declarations -Wmissing-prototypes -Wnested-externs -Wsign-compare -c -ggdb -O0 -DTPM_POSIX -DIS_POSIX -DTPM_NUVOTON -I../utils -I. -DFUZZING_BUILD_MODE_UNSAFE_FOR_PRODUCTION -DUSE_BIT_FIELD_STRUCTURES=NO Locality.c -o Locality.o
#20 4.652 clang -DFUZZING_BUILD_MODE_UNSAFE_FOR_PRODUCTION -pthread -Wl,--no-as-needed -Wl,-ldl -Wl,-lm -Wno-unused-command-line-argument -O3 -fsanitize-coverage=trace-pc-guard -Wall -Wmissing-declarations -Wmissing-prototypes -Wnested-externs -Wsign-compare -c -ggdb -O0 -DTPM_POSIX -DIS_POSIX -DTPM_NUVOTON -I../utils -I. -DFUZZING_BUILD_MODE_UNSAFE_FOR_PRODUCTION -DUSE_BIT_FIELD_STRUCTURES=NO LocalityPlat.c -o LocalityPlat.o
#20 4.682 HashCommands.c:298:6: warning: macro expansion producing 'defined' has undefined behavior [-Wexpansion-to-defined]
#20 4.683 #if !SMAC_IMPLEMENTED
#20 4.683      ^
#20 4.683 ./CryptHash.h:93:27: note: expanded from macro 'SMAC_IMPLEMENTED'
#20 4.684 #define SMAC_IMPLEMENTED (defined TPM_CC_MAC || defined TPM_CC_MAC_Start)
#20 4.684                           ^
#20 4.684 HashCommands.c:298:2 warnings generated.
#20 4.684 6: warning: macro expansion producing 'defined' has undefined behavior [-Wexpansion-to-defined]
#20 4.685 ./CryptHash.h:93:49: note: expanded from macro 'SMAC_IMPLEMENTED'
#20 4.687 #define SMAC_IMPLEMENTED (defined TPM_CC_MAC || defined TPM_CC_MAC_Start)
#20 4.688                                                 ^
#20 4.690 clang -DFUZZING_BUILD_MODE_UNSAFE_FOR_PRODUCTION -pthread -Wl,--no-as-needed -Wl,-ldl -Wl,-lm -Wno-unused-command-line-argument -O3 -fsanitize-coverage=trace-pc-guard -Wall -Wmissing-declarations -Wmissing-prototypes -Wnested-externs -Wsign-compare -c -ggdb -O0 -DTPM_POSIX -DIS_POSIX -DTPM_NUVOTON -I../utils -I. -DFUZZING_BUILD_MODE_UNSAFE_FOR_PRODUCTION -DUSE_BIT_FIELD_STRUCTURES=NO ManagementCommands.c -o ManagementCommands.o
#20 4.695 clang -DFUZZING_BUILD_MODE_UNSAFE_FOR_PRODUCTION -pthread -Wl,--no-as-needed -Wl,-ldl -Wl,-lm -Wno-unused-command-line-argument -O3 -fsanitize-coverage=trace-pc-guard -Wall -Wmissing-declarations -Wmissing-prototypes -Wnested-externs -Wsign-compare -c -ggdb -O0 -DTPM_POSIX -DIS_POSIX -DTPM_NUVOTON -I../utils -I. -DFUZZING_BUILD_MODE_UNSAFE_FOR_PRODUCTION -DUSE_BIT_FIELD_STRUCTURES=NO Manufacture.c -o Manufacture.o
#20 4.708 4 warnings generated.
#20 4.715 clang -DFUZZING_BUILD_MODE_UNSAFE_FOR_PRODUCTION -pthread -Wl,--no-as-needed -Wl,-ldl -Wl,-lm -Wno-unused-command-line-argument -O3 -fsanitize-coverage=trace-pc-guard -Wall -Wmissing-declarations -Wmissing-prototypes -Wnested-externs -Wsign-compare -c -ggdb -O0 -DTPM_POSIX -DIS_POSIX -DTPM_NUVOTON -I../utils -I. -DFUZZING_BUILD_MODE_UNSAFE_FOR_PRODUCTION -DUSE_BIT_FIELD_STRUCTURES=NO Marshal.c -o Marshal.o
#20 4.737 2 warnings generated.
#20 4.743 clang -DFUZZING_BUILD_MODE_UNSAFE_FOR_PRODUCTION -pthread -Wl,--no-as-needed -Wl,-ldl -Wl,-lm -Wno-unused-command-line-argument -O3 -fsanitize-coverage=trace-pc-guard -Wall -Wmissing-declarations -Wmissing-prototypes -Wnested-externs -Wsign-compare -c -ggdb -O0 -DTPM_POSIX -DIS_POSIX -DTPM_NUVOTON -I../utils -I. -DFUZZING_BUILD_MODE_UNSAFE_FOR_PRODUCTION -DUSE_BIT_FIELD_STRUCTURES=NO MathOnByteBuffers.c -o MathOnByteBuffers.o
#20 4.772 2 warnings generated.
#20 4.778 clang -DFUZZING_BUILD_MODE_UNSAFE_FOR_PRODUCTION -pthread -Wl,--no-as-needed -Wl,-ldl -Wl,-lm -Wno-unused-command-line-argument -O3 -fsanitize-coverage=trace-pc-guard -Wall -Wmissing-declarations -Wmissing-prototypes -Wnested-externs -Wsign-compare -c -ggdb -O0 -DTPM_POSIX -DIS_POSIX -DTPM_NUVOTON -I../utils -I. -DFUZZING_BUILD_MODE_UNSAFE_FOR_PRODUCTION -DUSE_BIT_FIELD_STRUCTURES=NO Memory.c -o Memory.o
#20 4.984 In file included from IoBuffers.c:67:
#20 4.989 In file included from ./Tpm.h:71:
#20 4.989 In file included from ./Global.h:84:
#20 4.989 ./CryptHash.h:129:5: warning: macro expansion producing 'defined' has undefined behavior [-Wexpansion-to-defined]
#20 4.989 #if SMAC_IMPLEMENTED
#20 4.989     ^
#20 4.989 ./CryptHash.h:93:27: note: expanded from macro 'SMAC_IMPLEMENTED'
#20 4.989 #define SMAC_IMPLEMENTED (defined TPM_CC_MAC || defined TPM_CC_MAC_Start)
#20 4.989                           ^
#20 4.989 ./CryptHash.h:129:5: warning: macro expansion producing 'defined' has undefined behavior [-Wexpansion-to-defined]
#20 4.989 ./CryptHash.h:93:49: note: expanded from macro 'SMAC_IMPLEMENTED'
#20 4.989 #define SMAC_IMPLEMENTED (defined TPM_CC_MAC || defined TPM_CC_MAC_Start)
#20 4.989                                                 ^
#20 4.998 In file included from IntegrityCommands.c:In file included from Locality.c:64:
#20 4.998 In file included from ./Tpm.h:71:
#20 4.998 In file included from ./Global.h:84:
#20 4.999 ./CryptHash.h:129:5: warning: macro expansion producing 'defined' has undefined behavior [-Wexpansion-to-defined]
#20 4.999 #if SMAC_IMPLEMENTED
#20 4.999     ^
#20 4.999 ./CryptHash.h:93:27: note: expanded from macro 'SMAC_IMPLEMENTED'
#20 4.999 #define SMAC_IMPLEMENTED (defined TPM_CC_MAC || defined TPM_CC_MAC_Start)
#20 5.000                           ^
#20 5.000 ./CryptHash.h:129:5: warning: macro expansion producing 'defined' has undefined behavior [-Wexpansion-to-defined]
#20 5.000 ./CryptHash.h:93:49: note: expanded from macro 'SMAC_IMPLEMENTED'
#20 5.000 #define SMAC_IMPLEMENTED (defined TPM_CC_MAC || defined TPM_CC_MAC_Start)
#20 5.000                                                 ^
#20 5.001 62:
#20 5.001 In file included from ./Tpm.h:71:
#20 5.002 In file included from ./Global.h:84:
#20 5.002 ./CryptHash.h:129:5: warning: macro expansion producing 'defined' has undefined behavior [-Wexpansion-to-defined]
#20 5.004 #if SMAC_IMPLEMENTED
#20 5.004     ^
#20 5.004 ./CryptHash.h:93:27: note: expanded from macro 'SMAC_IMPLEMENTED'
#20 5.005 #define SMAC_IMPLEMENTED (defined TPM_CC_MAC || defined TPM_CC_MAC_Start)
#20 5.005                           ^
#20 5.005 ./CryptHash.h:129:5: warning: macro expansion producing 'defined' has undefined behavior [-Wexpansion-to-defined]
#20 5.006 ./CryptHash.h:93:49: note: expanded from macro 'SMAC_IMPLEMENTED'
#20 5.006 #define SMAC_IMPLEMENTED (defined TPM_CC_MAC || defined TPM_CC_MAC_Start)
#20 5.007                                                 ^
#20 5.039 In file included from ManagementCommands.c:62:
#20 5.039 In file included from ./Tpm.h:71:
#20 5.039 In file included from ./Global.h:84:
#20 5.040 ./CryptHash.h:129:5: warning: macro expansion producing 'defined' has undefined behavior [-Wexpansion-to-defined]
#20 5.040 #if SMAC_IMPLEMENTED
#20 5.040     ^
#20 5.040 ./CryptHash.h:93:27: note: expanded from macro 'SMAC_IMPLEMENTED'
#20 5.041 #define SMAC_IMPLEMENTED (defined TPM_CC_MAC || defined TPM_CC_MAC_Start)
#20 5.041                           ^
#20 5.041 ./CryptHash.h:129:5: warning: macro expansion producing 'defined' has undefined behavior [-Wexpansion-to-defined]
#20 5.041 ./CryptHash.h:93:49: note: expanded from macro 'SMAC_IMPLEMENTED'
#20 5.042 #define SMAC_IMPLEMENTED (defined TPM_CC_MAC || defined TPM_CC_MAC_Start)
#20 5.042                                                 ^
#20 5.055 In file included from Manufacture.c:69:
#20 5.055 In file included from ./Tpm.h:71:
#20 5.055 In file included from ./Global.h:84:
#20 5.056 ./CryptHash.h:129:5: warning: macro expansion producing 'defined' has undefined behavior [-Wexpansion-to-defined]
#20 5.056 #if SMAC_IMPLEMENTED
#20 5.056     ^
#20 5.056 ./CryptHash.h:93:27: note: expanded from macro 'SMAC_IMPLEMENTED'
#20 5.056 #define SMAC_IMPLEMENTED (defined TPM_CC_MAC || defined TPM_CC_MAC_Start)
#20 5.056                           ^
#20 5.057 ./CryptHash.h:129:5: warning: macro expansion producing 'defined' has undefined behavior [-Wexpansion-to-defined]
#20 5.057 ./CryptHash.h:93:49: note: expanded from macro 'SMAC_IMPLEMENTED'
#20 5.057 #define SMAC_IMPLEMENTED (defined TPM_CC_MAC || defined TPM_CC_MAC_Start)
#20 5.057                                                 ^
#20 5.066 In file included from Marshal.c:66:
#20 5.066 In file included from ./Tpm.h:71:
#20 5.066 In file included from ./Global.h:84:
#20 5.066 ./CryptHash.h:129:5: warning: macro expansion producing 'defined' has undefined behavior [-Wexpansion-to-defined]
#20 5.067 #if SMAC_IMPLEMENTED
#20 5.067     ^
#20 5.067 ./CryptHash.h:93:27: note: expanded from macro 'SMAC_IMPLEMENTED'
#20 5.067 #define SMAC_IMPLEMENTED (defined TPM_CC_MAC || defined TPM_CC_MAC_Start)
#20 5.067                           ^
#20 5.067 ./CryptHash.h:129:5: warning: macro expansion producing 'defined' has undefined behavior [-Wexpansion-to-defined]
#20 5.068 ./CryptHash.h:93:49: note: expanded from macro 'SMAC_IMPLEMENTED'
#20 5.068 #define SMAC_IMPLEMENTED (defined TPM_CC_MAC || defined TPM_CC_MAC_Start)
#20 5.068                                                 ^
#20 5.091 In file included from MathOnByteBuffers.c:66:
#20 5.091 In file included from ./Tpm.h:71:
#20 5.091 In file included from ./Global.h:84:
#20 5.092 ./CryptHash.h:129:5: warning: macro expansion producing 'defined' has undefined behavior [-Wexpansion-to-defined]
#20 5.092 #if SMAC_IMPLEMENTED
#20 5.092     ^
#20 5.092 ./CryptHash.h:93:27: note: expanded from macro 'SMAC_IMPLEMENTED'
#20 5.092 #define SMAC_IMPLEMENTED (defined TPM_CC_MAC || defined TPM_CC_MAC_Start)
#20 5.093                           ^
#20 5.093 ./CryptHash.h:129:5: warning: macro expansion producing 'defined' has undefined behavior [-Wexpansion-to-defined]
#20 5.093 ./CryptHash.h:93:49: note: expanded from macro 'SMAC_IMPLEMENTED'
#20 5.093 #define SMAC_IMPLEMENTED (defined TPM_CC_MAC || defined TPM_CC_MAC_Start)
#20 5.093                                                 ^
#20 5.137 In file included from Memory.c:71:
#20 5.137 In file included from ./Tpm.h:71:
#20 5.138 In file included from ./Global.h:84:
#20 5.138 ./CryptHash.h:129:5: warning: macro expansion producing 'defined' has undefined behavior [-Wexpansion-to-defined]
#20 5.138 #if SMAC_IMPLEMENTED
#20 5.138     ^
#20 5.138 ./CryptHash.h:93:27: note: expanded from macro 'SMAC_IMPLEMENTED'
#20 5.139 #define SMAC_IMPLEMENTED (defined TPM_CC_MAC || defined TPM_CC_MAC_Start)
#20 5.139                           ^
#20 5.139 ./CryptHash.h:129:5: warning: macro expansion producing 'defined' has undefined behavior [-Wexpansion-to-defined]
#20 5.140 ./CryptHash.h:93:49: note: expanded from macro 'SMAC_IMPLEMENTED'
#20 5.140 #define SMAC_IMPLEMENTED (defined TPM_CC_MAC || defined TPM_CC_MAC_Start)
#20 5.140                                                 ^
#20 5.179 2 warnings generated.
#20 5.182 2 warnings generated.
#20 5.186 clang -DFUZZING_BUILD_MODE_UNSAFE_FOR_PRODUCTION -pthread -Wl,--no-as-needed -Wl,-ldl -Wl,-lm -Wno-unused-command-line-argument -O3 -fsanitize-coverage=trace-pc-guard -Wall -Wmissing-declarations -Wmissing-prototypes -Wnested-externs -Wsign-compare -c -ggdb -O0 -DTPM_POSIX -DIS_POSIX -DTPM_NUVOTON -I../utils -I. -DFUZZING_BUILD_MODE_UNSAFE_FOR_PRODUCTION -DUSE_BIT_FIELD_STRUCTURES=NO NVCommands.c -o NVCommands.o
#20 5.189 clang -DFUZZING_BUILD_MODE_UNSAFE_FOR_PRODUCTION -pthread -Wl,--no-as-needed -Wl,-ldl -Wl,-lm -Wno-unused-command-line-argument -O3 -fsanitize-coverage=trace-pc-guard -Wall -Wmissing-declarations -Wmissing-prototypes -Wnested-externs -Wsign-compare -c -ggdb -O0 -DTPM_POSIX -DIS_POSIX -DTPM_NUVOTON -I../utils -I. -DFUZZING_BUILD_MODE_UNSAFE_FOR_PRODUCTION -DUSE_BIT_FIELD_STRUCTURES=NO NVDynamic.c -o NVDynamic.o
#20 5.221 2 warnings generated.
#20 5.227 clang -DFUZZING_BUILD_MODE_UNSAFE_FOR_PRODUCTION -pthread -Wl,--no-as-needed -Wl,-ldl -Wl,-lm -Wno-unused-command-line-argument -O3 -fsanitize-coverage=trace-pc-guard -Wall -Wmissing-declarations -Wmissing-prototypes -Wnested-externs -Wsign-compare -c -ggdb -O0 -DTPM_POSIX -DIS_POSIX -DTPM_NUVOTON -I../utils -I. -DFUZZING_BUILD_MODE_UNSAFE_FOR_PRODUCTION -DUSE_BIT_FIELD_STRUCTURES=NO NVMem.c -o NVMem.o
#20 5.231 2 warnings generated.
#20 5.237 clang -DFUZZING_BUILD_MODE_UNSAFE_FOR_PRODUCTION -pthread -Wl,--no-as-needed -Wl,-ldl -Wl,-lm -Wno-unused-command-line-argument -O3 -fsanitize-coverage=trace-pc-guard -Wall -Wmissing-declarations -Wmissing-prototypes -Wnested-externs -Wsign-compare -c -ggdb -O0 -DTPM_POSIX -DIS_POSIX -DTPM_NUVOTON -I../utils -I. -DFUZZING_BUILD_MODE_UNSAFE_FOR_PRODUCTION -DUSE_BIT_FIELD_STRUCTURES=NO NVReserved.c -o NVReserved.o
#20 5.237 2 warnings generated.
#20 5.243 clang -DFUZZING_BUILD_MODE_UNSAFE_FOR_PRODUCTION -pthread -Wl,--no-as-needed -Wl,-ldl -Wl,-lm -Wno-unused-command-line-argument -O3 -fsanitize-coverage=trace-pc-guard -Wall -Wmissing-declarations -Wmissing-prototypes -Wnested-externs -Wsign-compare -c -ggdb -O0 -DTPM_POSIX -DIS_POSIX -DTPM_NUVOTON -I../utils -I. -DFUZZING_BUILD_MODE_UNSAFE_FOR_PRODUCTION -DUSE_BIT_FIELD_STRUCTURES=NO NV_spt.c -o NV_spt.o
#20 5.277 NVMem.c:225:25: warning: if statement has empty body [-Wempty-body]
#20 5.278     if(NULL != s_NvFile);
#20 5.278                         ^
#20 5.278 NVMem.c:225:25: note: put the semicolon on a separate line to silence this warning
#20 5.302 1 warning generated.
#20 5.306 clang -DFUZZING_BUILD_MODE_UNSAFE_FOR_PRODUCTION -pthread -Wl,--no-as-needed -Wl,-ldl -Wl,-lm -Wno-unused-command-line-argument -O3 -fsanitize-coverage=trace-pc-guard -Wall -Wmissing-declarations -Wmissing-prototypes -Wnested-externs -Wsign-compare -c -ggdb -O0 -DTPM_POSIX -DIS_POSIX -DTPM_NUVOTON -I../utils -I. -DFUZZING_BUILD_MODE_UNSAFE_FOR_PRODUCTION -DUSE_BIT_FIELD_STRUCTURES=NO Object.c -o Object.o
#20 5.306 Marshal.c:1388:12: warning: explicitly assigning value of variable of type 'TPMS_ENC_SCHEME_RSAES *' (aka 'unsigned char *') to itself [-Wself-assign]
#20 5.306     source = source;
#20 5.306     ~~~~~~ ^ ~~~~~~
#20 5.306 Marshal.c:1389:12: warning: explicitly assigning value of variable of type 'BYTE **' (aka 'unsigned char **') to itself [-Wself-assign]
#20 5.307     buffer = buffer;
#20 5.307     ~~~~~~ ^ ~~~~~~
#20 5.307 Marshal.c:1390:10: warning: explicitly assigning value of variable of type 'INT32 *' (aka 'int *') to itself [-Wself-assign]
#20 5.308     size = size;
#20 5.308     ~~~~ ^ ~~~~
#20 5.331 2 warnings generated.
#20 5.337 clang -DFUZZING_BUILD_MODE_UNSAFE_FOR_PRODUCTION -pthread -Wl,--no-as-needed -Wl,-ldl -Wl,-lm -Wno-unused-command-line-argument -O3 -fsanitize-coverage=trace-pc-guard -Wall -Wmissing-declarations -Wmissing-prototypes -Wnested-externs -Wsign-compare -c -ggdb -O0 -DTPM_POSIX -DIS_POSIX -DTPM_NUVOTON -I../utils -I. -DFUZZING_BUILD_MODE_UNSAFE_FOR_PRODUCTION -DUSE_BIT_FIELD_STRUCTURES=NO ObjectCommands.c -o ObjectCommands.o
#20 5.490 5 warnings generated.
#20 5.498 clang -DFUZZING_BUILD_MODE_UNSAFE_FOR_PRODUCTION -pthread -Wl,--no-as-needed -Wl,-ldl -Wl,-lm -Wno-unused-command-line-argument -O3 -fsanitize-coverage=trace-pc-guard -Wall -Wmissing-declarations -Wmissing-prototypes -Wnested-externs -Wsign-compare -c -ggdb -O0 -DTPM_POSIX -DIS_POSIX -DTPM_NUVOTON -I../utils -I. -DFUZZING_BUILD_MODE_UNSAFE_FOR_PRODUCTION -DUSE_BIT_FIELD_STRUCTURES=NO Object_spt.c -o Object_spt.o
#20 5.533 In file included from NVCommands.c:62:
#20 5.533 In file included from ./Tpm.h:71:
#20 5.534 In file included from ./Global.h:84:
#20 5.534 ./CryptHash.h:129:5: warning: macro expansion producing 'defined' has undefined behavior [-Wexpansion-to-defined]
#20 5.534 #if SMAC_IMPLEMENTED
#20 5.534     ^
#20 5.534 ./CryptHash.h:93:27: note: expanded from macro 'SMAC_IMPLEMENTED'
#20 5.535 #define SMAC_IMPLEMENTED (defined TPM_CC_MAC || defined TPM_CC_MAC_Start)
#20 5.535                           ^
#20 5.535 ./CryptHash.h:129:5: warning: macro expansion producing 'defined' has undefined behavior [-Wexpansion-to-defined]
#20 5.535 ./CryptHash.h:93:49: note: expanded from macro 'SMAC_IMPLEMENTED'
#20 5.536 #define SMAC_IMPLEMENTED (defined TPM_CC_MAC || defined TPM_CC_MAC_Start)
#20 5.536                                                 ^
#20 5.537 In file included from NVDynamic.c:65:
#20 5.537 In file included from ./Tpm.h:71:
#20 5.537 In file included from ./Global.h:84:
#20 5.537 ./CryptHash.h:129:5: warning: macro expansion producing 'defined' has undefined behavior [-Wexpansion-to-defined]
#20 5.538 #if SMAC_IMPLEMENTED
#20 5.538     ^
#20 5.538 ./CryptHash.h:93:27: note: expanded from macro 'SMAC_IMPLEMENTED'
#20 5.538 #define SMAC_IMPLEMENTED (defined TPM_CC_MAC || defined TPM_CC_MAC_Start)
#20 5.538                           ^
#20 5.538 ./CryptHash.h:129:5: warning: macro expansion producing 'defined' has undefined behavior [-Wexpansion-to-defined]
#20 5.539 ./CryptHash.h:93:49: note: expanded from macro 'SMAC_IMPLEMENTED'
#20 5.539 #define SMAC_IMPLEMENTED (defined TPM_CC_MAC || defined TPM_CC_MAC_Start)
#20 5.539                                                 ^
#20 5.588 In file included from NVReserved.c:65:
#20 5.589 In file included from ./Tpm.h:71:
#20 5.589 In file included from ./Global.h:84:
#20 5.589 ./CryptHash.h:129:5: warning: macro expansion producing 'defined' has undefined behavior [-Wexpansion-to-defined]
#20 5.589 #if SMAC_IMPLEMENTED
#20 5.589     ^
#20 5.589 ./CryptHash.h:93:27: note: expanded from macro 'SMAC_IMPLEMENTED'
#20 5.590 #define SMAC_IMPLEMENTED (defined TPM_CC_MAC || defined TPM_CC_MAC_Start)
#20 5.590                           ^
#20 5.590 ./CryptHash.h:129:5: warning: macro expansion producing 'defined' has undefined behavior [-Wexpansion-to-defined]
#20 5.590 ./CryptHash.h:93:49: note: expanded from macro 'SMAC_IMPLEMENTED'
#20 5.591 #define SMAC_IMPLEMENTED (defined TPM_CC_MAC || defined TPM_CC_MAC_Start)
#20 5.591                                                 ^
#20 5.597 In file included from NV_spt.c:64:
#20 5.597 In file included from ./Tpm.h:71:
#20 5.598 In file included from ./Global.h:84:
#20 5.598 ./CryptHash.h:129:5: warning: macro expansion producing 'defined' has undefined behavior [-Wexpansion-to-defined]
#20 5.598 #if SMAC_IMPLEMENTED
#20 5.598     ^
#20 5.598 ./CryptHash.h:93:27: note: expanded from macro 'SMAC_IMPLEMENTED'
#20 5.599 #define SMAC_IMPLEMENTED (defined TPM_CC_MAC || defined TPM_CC_MAC_Start)
#20 5.599                           ^
#20 5.599 ./CryptHash.h:129:5: warning: macro expansion producing 'defined' has undefined behavior [-Wexpansion-to-defined]
#20 5.599 ./CryptHash.h:93:49: note: expanded from macro 'SMAC_IMPLEMENTED'
#20 5.599 #define SMAC_IMPLEMENTED (defined TPM_CC_MAC || defined TPM_CC_MAC_Start)
#20 5.599                                                 ^
#20 5.664 In file included from Object.c:67:
#20 5.666 In file included from ./Tpm.h:71:
#20 5.667 In file included from ./Global.h:84:
#20 5.668 ./CryptHash.h:129:5: warning: macro expansion producing 'defined' has undefined behavior [-Wexpansion-to-defined]
#20 5.671 #if SMAC_IMPLEMENTED
#20 5.671     ^
#20 5.672 ./CryptHash.h:93:27: note: expanded from macro 'SMAC_IMPLEMENTED'
#20 5.674 #define SMAC_IMPLEMENTED (defined TPM_CC_MAC || defined TPM_CC_MAC_Start)
#20 5.674                           ^
#20 5.675 ./CryptHash.h:129:5: warning: macro expansion producing 'defined' has undefined behavior [-Wexpansion-to-defined]
#20 5.677 ./CryptHash.h:93:49: note: expanded from macro 'SMAC_IMPLEMENTED'
#20 5.680 #define SMAC_IMPLEMENTED (defined TPM_CC_MAC || defined TPM_CC_MAC_Start)
#20 5.681                                                 ^
#20 5.685 In file included from ObjectCommands.c:62:
#20 5.685 In file included from ./Tpm.h:71:
#20 5.686 In file included from ./Global.h:84:
#20 5.686 ./CryptHash.h:129:5: warning: macro expansion producing 'defined' has undefined behavior [-Wexpansion-to-defined]
#20 5.687 #if SMAC_IMPLEMENTED
#20 5.687     ^
#20 5.687 ./CryptHash.h:93:27: note: expanded from macro 'SMAC_IMPLEMENTED'
#20 5.687 #define SMAC_IMPLEMENTED (defined TPM_CC_MAC || defined TPM_CC_MAC_Start)
#20 5.687                           ^
#20 5.687 ./CryptHash.h:129:5: warning: macro expansion producing 'defined' has undefined behavior [-Wexpansion-to-defined]
#20 5.688 ./CryptHash.h:93:49: note: expanded from macro 'SMAC_IMPLEMENTED'
#20 5.688 #define SMAC_IMPLEMENTED (defined TPM_CC_MAC || defined TPM_CC_MAC_Start)
#20 5.688                                                 ^
#20 5.775 2 warnings generated.
#20 5.776 2 warning2 warnings generated.
#20 5.776 s generated.
#20 5.783 clang -DFUZZING_BUILD_MODE_UNSAFE_FOR_PRODUCTION -pthread -Wl,--no-as-needed -Wl,-ldl -Wl,-lm -Wno-unused-command-line-argument -O3 -fsanitize-coverage=trace-pc-guard -Wall -Wmissing-declarations -Wmissing-prototypes -Wnested-externs -Wsign-compare -c -ggdb -O0 -DTPM_POSIX -DIS_POSIX -DTPM_NUVOTON -I../utils -I. -DFUZZING_BUILD_MODE_UNSAFE_FOR_PRODUCTION -DUSE_BIT_FIELD_STRUCTURES=NO PCR.c -o PCR.o
#20 5.784 clang -DFUZZING_BUILD_MODE_UNSAFE_FOR_PRODUCTION -pthread -Wl,--no-as-needed -Wl,-ldl -Wl,-lm -Wno-unused-command-line-argument -O3 -fsanitize-coverage=trace-pc-guard -Wall -Wmissing-declarations -Wmissing-prototypes -Wnested-externs -Wsign-compare -c -ggdb -O0 -DTPM_POSIX -DIS_POSIX -DTPM_NUVOTON -I../utils -I. -DFUZZING_BUILD_MODE_UNSAFE_FOR_PRODUCTION -DUSE_BIT_FIELD_STRUCTURES=NO PP.c -o PP.o
#20 5.784 clang -DFUZZING_BUILD_MODE_UNSAFE_FOR_PRODUCTION -pthread -Wl,--no-as-needed -Wl,-ldl -Wl,-lm -Wno-unused-command-line-argument -O3 -fsanitize-coverage=trace-pc-guard -Wall -Wmissing-declarations -Wmissing-prototypes -Wnested-externs -Wsign-compare -c -ggdb -O0 -DTPM_POSIX -DIS_POSIX -DTPM_NUVOTON -I../utils -I. -DFUZZING_BUILD_MODE_UNSAFE_FOR_PRODUCTION -DUSE_BIT_FIELD_STRUCTURES=NO PPPlat.c -o PPPlat.o
#20 5.824 clang -DFUZZING_BUILD_MODE_UNSAFE_FOR_PRODUCTION -pthread -Wl,--no-as-needed -Wl,-ldl -Wl,-lm -Wno-unused-command-line-argument -O3 -fsanitize-coverage=trace-pc-guard -Wall -Wmissing-declarations -Wmissing-prototypes -Wnested-externs -Wsign-compare -c -ggdb -O0 -DTPM_POSIX -DIS_POSIX -DTPM_NUVOTON -I../utils -I. -DFUZZING_BUILD_MODE_UNSAFE_FOR_PRODUCTION -DUSE_BIT_FIELD_STRUCTURES=NO PlatformData.c -o PlatformData.o
#20 5.836 2 warnings generated.
#20 5.843 clang -DFUZZING_BUILD_MODE_UNSAFE_FOR_PRODUCTION -pthread -Wl,--no-as-needed -Wl,-ldl -Wl,-lm -Wno-unused-command-line-argument -O3 -fsanitize-coverage=trace-pc-guard -Wall -Wmissing-declarations -Wmissing-prototypes -Wnested-externs -Wsign-compare -c -ggdb -O0 -DTPM_POSIX -DIS_POSIX -DTPM_NUVOTON -I../utils -I. -DFUZZING_BUILD_MODE_UNSAFE_FOR_PRODUCTION -DUSE_BIT_FIELD_STRUCTURES=NO Policy_spt.c -o Policy_spt.o
#20 5.845 2 warnings generated.
#20 5.854 clang -DFUZZING_BUILD_MODE_UNSAFE_FOR_PRODUCTION -pthread -Wl,--no-as-needed -Wl,-ldl -Wl,-lm -Wno-unused-command-line-argument -O3 -fsanitize-coverage=trace-pc-guard -Wall -Wmissing-declarations -Wmissing-prototypes -Wnested-externs -Wsign-compare -c -ggdb -O0 -DTPM_POSIX -DIS_POSIX -DTPM_NUVOTON -I../utils -I. -DFUZZING_BUILD_MODE_UNSAFE_FOR_PRODUCTION -DUSE_BIT_FIELD_STRUCTURES=NO Power.c -o Power.o
#20 5.855 In file included from Object_spt.c:64:
#20 5.855 In file included from ./Tpm.h:71:
#20 5.856 In file included from ./Global.h:84:
#20 5.856 ./CryptHash.h:129:5: warning: macro expansion producing 'defined' has undefined behavior [-Wexpansion-to-defined]
#20 5.856 #if SMAC_IMPLEMENTED
#20 5.857     ^
#20 5.857 ./CryptHash.h:93:27: note: expanded from macro 'SMAC_IMPLEMENTED'
#20 5.857 #define SMAC_IMPLEMENTED (defined TPM_CC_MAC || defined TPM_CC_MAC_Start)
#20 5.857                           ^
#20 5.858 ./CryptHash.h:129:5: warning: macro expansion producing 'defined' has undefined behavior [-Wexpansion-to-defined]
#20 5.858 ./CryptHash.h:93:49: note: expanded from macro 'SMAC_IMPLEMENTED'
#20 5.860 #define SMAC_IMPLEMENTED (defined TPM_CC_MAC || defined TPM_CC_MAC_Start)
#20 5.860                                                 ^
#20 5.863 clang -DFUZZING_BUILD_MODE_UNSAFE_FOR_PRODUCTION -pthread -Wl,--no-as-needed -Wl,-ldl -Wl,-lm -Wno-unused-command-line-argument -O3 -fsanitize-coverage=trace-pc-guard -Wall -Wmissing-declarations -Wmissing-prototypes -Wnested-externs -Wsign-compare -c -ggdb -O0 -DTPM_POSIX -DIS_POSIX -DTPM_NUVOTON -I../utils -I. -DFUZZING_BUILD_MODE_UNSAFE_FOR_PRODUCTION -DUSE_BIT_FIELD_STRUCTURES=NO PowerPlat.c -o PowerPlat.o
#20 5.875 Object.c:539:6: warning: macro expansion producing 'defined' has undefined behavior [-Wexpansion-to-defined]
#20 5.875 #if !SMAC_IMPLEMENTED
#20 5.875      ^
#20 5.876 ./CryptHash.h:93:27: note: expanded from macro 'SMAC_IMPLEMENTED'
#20 5.876 #define SMAC_IMPLEMENTED (defined TPM_CC_MAC || defined TPM_CC_MAC_Start)
#20 5.876                           ^
#20 5.876 Object.c:539:6: warning: macro expansion producing 'defined' has undefined behavior [-Wexpansion-to-defined]
#20 5.876 ./CryptHash.h:93:49: note: expanded from macro 'SMAC_IMPLEMENTED'
#20 5.877 #define SMAC_IMPLEMENTED (defined TPM_CC_MAC || defined TPM_CC_MAC_Start)
#20 5.877                                                 ^
#20 5.907 clang -DFUZZING_BUILD_MODE_UNSAFE_FOR_PRODUCTION -pthread -Wl,--no-as-needed -Wl,-ldl -Wl,-lm -Wno-unused-command-line-argument -O3 -fsanitize-coverage=trace-pc-guard -Wall -Wmissing-declarations -Wmissing-prototypes -Wnested-externs -Wsign-compare -c -ggdb -O0 -DTPM_POSIX -DIS_POSIX -DTPM_NUVOTON -I../utils -I. -DFUZZING_BUILD_MODE_UNSAFE_FOR_PRODUCTION -DUSE_BIT_FIELD_STRUCTURES=NO PrimeData.c -o PrimeData.o
#20 5.913 2 warnings generated.
#20 5.919 clang -DFUZZING_BUILD_MODE_UNSAFE_FOR_PRODUCTION -pthread -Wl,--no-as-needed -Wl,-ldl -Wl,-lm -Wno-unused-command-line-argument -O3 -fsanitize-coverage=trace-pc-guard -Wall -Wmissing-declarations -Wmissing-prototypes -Wnested-externs -Wsign-compare -c -ggdb -O0 -DTPM_POSIX -DIS_POSIX -DTPM_NUVOTON -I../utils -I. -DFUZZING_BUILD_MODE_UNSAFE_FOR_PRODUCTION -DUSE_BIT_FIELD_STRUCTURES=NO PropertyCap.c -o PropertyCap.o
#20 5.937 4 warnings generated.
#20 5.943 clang -DFUZZING_BUILD_MODE_UNSAFE_FOR_PRODUCTION -pthread -Wl,--no-as-needed -Wl,-ldl -Wl,-lm -Wno-unused-command-line-argument -O3 -fsanitize-coverage=trace-pc-guard -Wall -Wmissing-declarations -Wmissing-prototypes -Wnested-externs -Wsign-compare -c -ggdb -O0 -DTPM_POSIX -DIS_POSIX -DTPM_NUVOTON -I../utils -I. -DFUZZING_BUILD_MODE_UNSAFE_FOR_PRODUCTION -DUSE_BIT_FIELD_STRUCTURES=NO RandomCommands.c -o RandomCommands.o
#20 6.126 In file included from PCR.c:73:
#20 6.128 In file included from ./Tpm.h:71:
#20 6.129 In file included from ./Global.h:84In file included from :
#20 6.130 ./CryptHash.h:129:5: warning: macro expansion producing 'defined' has undefined behavior [-Wexpansion-to-defined]
#20 6.130 PP.c#if SMAC_IMPLEMENTED
#20 6.130     ^
#20 6.131 :66./CryptHash.h::
#20 6.131 In file included from ./Tpm.h:71:
#20 6.131 In file included from ./Global.h:84:
#20 6.131 93:27: note: expanded from macro 'SMAC_IMPLEMENTED'
#20 6.131 ./CryptHash.h#define SMAC_IMPLEMENTED (defined TPM_CC_MAC || defined TPM_CC_MAC_Start)
#20 6.131 :                          ^
#20 6.131 ./CryptHash.h129:5: warning: macro expansion producing 'defined' has undefined behavior [-Wexpansion-to-defined]
#20 6.131 :#if SMAC_IMPLEMENTED129:5: warning: macro expansion producing 'defined' has undefined behavior [-Wexpansion-to-defined]
#20 6.132 ./CryptHash.h:
#20 6.132     ^
#20 6.132 ./CryptHash.h:93:49: note: expanded from macro 'SMAC_IMPLEMENTED'
#20 6.132 93:27: note: expanded from macro 'SMAC_IMPLEMENTED'
#20 6.132 #define SMAC_IMPLEMENTED (defined TPM_CC_MAC || defined TPM_CC_MAC_Start)#define SMAC_IMPLEMENTED (defined TPM_CC_MAC || defined TPM_CC_MAC_Start)
#20 6.132                           ^
#20 6.132 ./CryptHash.h:129
#20 6.132                                                 ^
#20 6.132 :5: warning: macro expansion producing 'defined' has undefined behavior [-Wexpansion-to-defined]
#20 6.132 ./CryptHash.h:93:49: note: expanded from macro 'SMAC_IMPLEMENTED'
#20 6.133 #define SMAC_IMPLEMENTED (defined TPM_CC_MAC || defined TPM_CC_MAC_Start)
#20 6.133                                                 ^
#20 6.140 2 warnings generated.
#20 6.147 clang -DFUZZING_BUILD_MODE_UNSAFE_FOR_PRODUCTION -pthread -Wl,--no-as-needed -Wl,-ldl -Wl,-lm -Wno-unused-command-line-argument -O3 -fsanitize-coverage=trace-pc-guard -Wall -Wmissing-declarations -Wmissing-prototypes -Wnested-externs -Wsign-compare -c -ggdb -O0 -DTPM_POSIX -DIS_POSIX -DTPM_NUVOTON -I../utils -I. -DFUZZING_BUILD_MODE_UNSAFE_FOR_PRODUCTION -DUSE_BIT_FIELD_STRUCTURES=NO Response.c -o Response.o
#20 6.193 In file included from Policy_spt.c:63:
#20 6.194 In file included from ./Tpm.h:71:
#20 6.194 In file included from ./Global.h:84:
#20 6.194 ./CryptHash.h:129:5: warning: macro expansion producing 'defined' has undefined behavior [-Wexpansion-to-defined]
#20 6.196 #if SMAC_IMPLEMENTED
#20 6.196     ^
#20 6.196 ./CryptHash.h:In file included from Power.c:6793:
#20 6.196 In file included from ./Tpm.h:71:
#20 6.196 In file included from ./Global.h:84:
#20 6.196 ./CryptHash.h:129:5: warning: macro expansion producing 'defined' has undefined behavior [-Wexpansion-to-defined]
#20 6.197 :#if SMAC_IMPLEMENTED
#20 6.197     ^
#20 6.197 ./CryptHash.h:27: note: expanded from macro 'SMAC_IMPLEMENTED'
#20 6.197 93:27: note: expanded from macro 'SMAC_IMPLEMENTED'
#20 6.197 #define SMAC_IMPLEMENTED (defined TPM_CC_MAC || defined TPM_CC_MAC_Start)
#20 6.197                           ^
#20 6.197 ./CryptHash.h:129:5: warning: macro expansion producing 'defined' has undefined behavior [-Wexpansion-to-defined]
#20 6.198 ./CryptHash.h:93:49: note: expanded from macro 'SMAC_IMPLEMENTED'
#20 6.198 #define SMAC_IMPLEMENTED (defined TPM_CC_MAC || defined TPM_CC_MAC_Start)
#20 6.198                                                 ^
#20 6.198 #define SMAC_IMPLEMENTED (defined TPM_CC_MAC || defined TPM_CC_MAC_Start)
#20 6.198                           ^
#20 6.198 ./CryptHash.h:129:5: warning: macro expansion producing 'defined' has undefined behavior [-Wexpansion-to-defined]
#20 6.200 ./CryptHash.h:93:49: note: expanded from macro 'SMAC_IMPLEMENTED'
#20 6.201 #define SMAC_IMPLEMENTED (defined TPM_CC_MAC || defined TPM_CC_MAC_Start)
#20 6.201                                                 ^
#20 6.263 In file included from PropertyCap.c:66:
#20 6.264 In file included from ./Tpm.h:71:
#20 6.264 In file included from ./Global.h:84:
#20 6.264 ./CryptHash.h:129:5: warning: macro expansion producing 'defined' has undefined behavior [-Wexpansion-to-defined]
#20 6.264 #if SMAC_IMPLEMENTED
#20 6.264     ^
#20 6.264 ./CryptHash.h:93:27: note: expanded from macro 'SMAC_IMPLEMENTED'
#20 6.265 #define SMAC_IMPLEMENTED (defined TPM_CC_MAC || defined TPM_CC_MAC_Start)
#20 6.265                           ^
#20 6.265 ./CryptHash.h:129:5: warning: macro expansion producing 'defined' has undefined behavior [-Wexpansion-to-defined]
#20 6.265 ./CryptHash.h:93:49: note: expanded from macro 'SMAC_IMPLEMENTED'
#20 6.266 #define SMAC_IMPLEMENTED (defined TPM_CC_MAC || defined TPM_CC_MAC_Start)
#20 6.266                                                 ^
#20 6.271 In file included from PrimeData.c:62:
#20 6.271 In file included from ./Tpm.h:71:
#20 6.271 In file included from ./Global.h:84:
#20 6.271 ./CryptHash.h:129:5: warning: macro expansion producing 'defined' has undefined behavior [-Wexpansion-to-defined]
#20 6.272 #if SMAC_IMPLEMENTED
#20 6.272     ^
#20 6.272 ./CryptHash.h:93:27: note: expanded from macro 'SMAC_IMPLEMENTED'
#20 6.272 #define SMAC_IMPLEMENTED (defined TPM_CC_MAC || defined TPM_CC_MAC_Start)
#20 6.272                           ^
#20 6.272 ./CryptHash.h:129:5: warning: macro expansion producing 'defined' has undefined behavior [-Wexpansion-to-defined]
#20 6.273 ./CryptHash.h:93:49: note: expanded from macro 'SMAC_IMPLEMENTED'
#20 6.273 #define SMAC_IMPLEMENTED (defined TPM_CC_MAC || defined TPM_CC_MAC_Start)
#20 6.273                                                 ^
#20 6.300 In file included from RandomCommands.c:62:
#20 6.300 In file included from ./Tpm.h:71:
#20 6.301 In file included from ./Global.h:84:
#20 6.301 ./CryptHash.h:129:5: warning: macro expansion producing 'defined' has undefined behavior [-Wexpansion-to-defined]
#20 6.301 #if SMAC_IMPLEMENTED
#20 6.302     ^
#20 6.302 ./CryptHash.h:93:27: note: expanded from macro 'SMAC_IMPLEMENTED'
#20 6.302 #define SMAC_IMPLEMENTED (defined TPM_CC_MAC || defined TPM_CC_MAC_Start)
#20 6.302                           ^
#20 6.302 ./CryptHash.h:129:5: warning: macro expansion producing 'defined' has undefined behavior [-Wexpansion-to-defined]
#20 6.303 ./CryptHash.h:93:49: note: expanded from macro 'SMAC_IMPLEMENTED'
#20 6.303 #define SMAC_IMPLEMENTED (defined TPM_CC_MAC || defined TPM_CC_MAC_Start)
#20 6.303                                                 ^
#20 6.329 2 warnings generated.
#20 6.337 clang -DFUZZING_BUILD_MODE_UNSAFE_FOR_PRODUCTION -pthread -Wl,--no-as-needed -Wl,-ldl -Wl,-lm -Wno-unused-command-line-argument -O3 -fsanitize-coverage=trace-pc-guard -Wall -Wmissing-declarations -Wmissing-prototypes -Wnested-externs -Wsign-compare -c -ggdb -O0 -DTPM_POSIX -DIS_POSIX -DTPM_NUVOTON -I../utils -I. -DFUZZING_BUILD_MODE_UNSAFE_FOR_PRODUCTION -DUSE_BIT_FIELD_STRUCTURES=NO ResponseCodeProcessing.c -o ResponseCodeProcessing.o
#20 6.375 2 warnings generated.
#20 6.380 clang -DFUZZING_BUILD_MODE_UNSAFE_FOR_PRODUCTION -pthread -Wl,--no-as-needed -Wl,-ldl -Wl,-lm -Wno-unused-command-line-argument -O3 -fsanitize-coverage=trace-pc-guard -Wall -Wmissing-declarations -Wmissing-prototypes -Wnested-externs -Wsign-compare -c -ggdb -O0 -DTPM_POSIX -DIS_POSIX -DTPM_NUVOTON -I../utils -I. -DFUZZING_BUILD_MODE_UNSAFE_FOR_PRODUCTION -DUSE_BIT_FIELD_STRUCTURES=NO RsaKeyCache.c -o RsaKeyCache.o
#20 6.398 2 warnings generated.
#20 6.404 clang -DFUZZING_BUILD_MODE_UNSAFE_FOR_PRODUCTION -pthread -Wl,--no-as-needed -Wl,-ldl -Wl,-lm -Wno-unused-command-line-argument -O3 -fsanitize-coverage=trace-pc-guard -Wall -Wmissing-declarations -Wmissing-prototypes -Wnested-externs -Wsign-compare -c -ggdb -O0 -DTPM_POSIX -DIS_POSIX -DTPM_NUVOTON -I../utils -I. -DFUZZING_BUILD_MODE_UNSAFE_FOR_PRODUCTION -DUSE_BIT_FIELD_STRUCTURES=NO RunCommand.c -o RunCommand.o
#20 6.408 2 warnings generated.
#20 6.414 clang -DFUZZING_BUILD_MODE_UNSAFE_FOR_PRODUCTION -pthread -Wl,--no-as-needed -Wl,-ldl -Wl,-lm -Wno-unused-command-line-argument -O3 -fsanitize-coverage=trace-pc-guard -Wall -Wmissing-declarations -Wmissing-prototypes -Wnested-externs -Wsign-compare -c -ggdb -O0 -DTPM_POSIX -DIS_POSIX -DTPM_NUVOTON -I../utils -I. -DFUZZING_BUILD_MODE_UNSAFE_FOR_PRODUCTION -DUSE_BIT_FIELD_STRUCTURES=NO Session.c -o Session.o
#20 6.445 clang -DFUZZING_BUILD_MODE_UNSAFE_FOR_PRODUCTION -pthread -Wl,--no-as-needed -Wl,-ldl -Wl,-lm -Wno-unused-command-line-argument -O3 -fsanitize-coverage=trace-pc-guard -Wall -Wmissing-declarations -Wmissing-prototypes -Wnested-externs -Wsign-compare -c -ggdb -O0 -DTPM_POSIX -DIS_POSIX -DTPM_NUVOTON -I../utils -I. -DFUZZING_BUILD_MODE_UNSAFE_FOR_PRODUCTION -DUSE_BIT_FIELD_STRUCTURES=NO SessionCommands.c -o SessionCommands.o
#20 6.460 2 warnings generated.
#20 6.466 clang -DFUZZING_BUILD_MODE_UNSAFE_FOR_PRODUCTION -pthread -Wl,--no-as-needed -Wl,-ldl -Wl,-lm -Wno-unused-command-line-argument -O3 -fsanitize-coverage=trace-pc-guard -Wall -Wmissing-declarations -Wmissing-prototypes -Wnested-externs -Wsign-compare -c -ggdb -O0 -DTPM_POSIX -DIS_POSIX -DTPM_NUVOTON -I../utils -I. -DFUZZING_BUILD_MODE_UNSAFE_FOR_PRODUCTION -DUSE_BIT_FIELD_STRUCTURES=NO SessionProcess.c -o SessionProcess.o
#20 6.469 2 warnings generated.
#20 6.473 2 warnings generated.
#20 6.475 clang -DFUZZING_BUILD_MODE_UNSAFE_FOR_PRODUCTION -pthread -Wl,--no-as-needed -Wl,-ldl -Wl,-lm -Wno-unused-command-line-argument -O3 -fsanitize-coverage=trace-pc-guard -Wall -Wmissing-declarations -Wmissing-prototypes -Wnested-externs -Wsign-compare -c -ggdb -O0 -DTPM_POSIX -DIS_POSIX -DTPM_NUVOTON -I../utils -I. -DFUZZING_BUILD_MODE_UNSAFE_FOR_PRODUCTION -DUSE_BIT_FIELD_STRUCTURES=NO SigningCommands.c -o SigningCommands.o
#20 6.480 clang -DFUZZING_BUILD_MODE_UNSAFE_FOR_PRODUCTION -pthread -Wl,--no-as-needed -Wl,-ldl -Wl,-lm -Wno-unused-command-line-argument -O3 -fsanitize-coverage=trace-pc-guard -Wall -Wmissing-declarations -Wmissing-prototypes -Wnested-externs -Wsign-compare -c -ggdb -O0 -DTPM_POSIX -DIS_POSIX -DTPM_NUVOTON -I../utils -I. -DFUZZING_BUILD_MODE_UNSAFE_FOR_PRODUCTION -DUSE_BIT_FIELD_STRUCTURES=NO StartupCommands.c -o StartupCommands.o
#20 6.503 In file included from Response.c:67:
#20 6.503 In file included from ./Tpm.h:71:
#20 6.503 In file included from ./Global.h:84:
#20 6.503 ./CryptHash.h:129:5: warning: macro expansion producing 'defined' has undefined behavior [-Wexpansion-to-defined]
#20 6.503 #if SMAC_IMPLEMENTED
#20 6.503     ^
#20 6.503 ./CryptHash.h:93:27: note: expanded from macro 'SMAC_IMPLEMENTED'
#20 6.503 #define SMAC_IMPLEMENTED (defined TPM_CC_MAC || defined TPM_CC_MAC_Start)
#20 6.503                           ^
#20 6.503 ./CryptHash.h:129:5: warning: macro expansion producing 'defined' has undefined behavior [-Wexpansion-to-defined]
#20 6.503 ./CryptHash.h:93:49: note: expanded from macro 'SMAC_IMPLEMENTED'
#20 6.503 #define SMAC_IMPLEMENTED (defined TPM_CC_MAC || defined TPM_CC_MAC_Start)
#20 6.503                                                 ^
#20 6.679 2 warnings generated.
#20 6.687 In file included from ResponseCodeProcessing.c:clang -DFUZZING_BUILD_MODE_UNSAFE_FOR_PRODUCTION -pthread -Wl,--no-as-needed -Wl,-ldl -Wl,-lm -Wno-unused-command-line-argument -O3 -fsanitize-coverage=trace-pc-guard -Wall -Wmissing-declarations -Wmissing-prototypes -Wnested-externs -Wsign-compare -c -ggdb -O0 -DTPM_POSIX -DIS_POSIX -DTPM_NUVOTON -I../utils -I. -DFUZZING_BUILD_MODE_UNSAFE_FOR_PRODUCTION -DUSE_BIT_FIELD_STRUCTURES=NO SymmetricCommands.c -o SymmetricCommands.o
#20 6.687 67:
#20 6.687 In file included from ./Tpm.h:71:
#20 6.687 In file included from ./Global.h:84:
#20 6.687 ./CryptHash.h:129:5: warning: macro expansion producing 'defined' has undefined behavior [-Wexpansion-to-defined]
#20 6.688 #if SMAC_IMPLEMENTED
#20 6.688     ^
#20 6.688 ./CryptHash.h:93:27: note: expanded from macro 'SMAC_IMPLEMENTED'
#20 6.688 #define SMAC_IMPLEMENTED (defined TPM_CC_MAC || defined TPM_CC_MAC_Start)
#20 6.688                           ^
#20 6.688 ./CryptHash.h:129:5: warning: macro expansion producing 'defined' has undefined behavior [-Wexpansion-to-defined]
#20 6.689 ./CryptHash.h:93:49: note: expanded from macro 'SMAC_IMPLEMENTED'
#20 6.689 #define SMAC_IMPLEMENTED (defined TPM_CC_MAC || defined TPM_CC_MAC_Start)
#20 6.689                                                 ^
#20 6.725 In file included from RsaKeyCache.c:65:
#20 6.725 In file included from ./Tpm.h:71:
#20 6.725 In file included from ./Global.h:84:
#20 6.726 ./CryptHash.h:129:5: warning: macro expansion producing 'defined' has undefined behavior [-Wexpansion-to-defined]
#20 6.726 #if SMAC_IMPLEMENTED
#20 6.726     ^
#20 6.726 ./CryptHash.h:93:27: note: expanded from macro 'SMAC_IMPLEMENTED'
#20 6.727 #define SMAC_IMPLEMENTED (defined TPM_CC_MAC || defined TPM_CC_MAC_Start)
#20 6.727                           ^
#20 6.727 ./CryptHash.h:129:5: warning: macro expansion producing 'defined' has undefined behavior [-Wexpansion-to-defined]
#20 6.727 ./CryptHash.h:93:49: note: expanded from macro 'SMAC_IMPLEMENTED'
#20 6.727 #define SMAC_IMPLEMENTED (defined TPM_CC_MAC || defined TPM_CC_MAC_Start)
#20 6.728                                                 ^
#20 6.759 In file included from Session.c:64:
#20 6.759 In file included from ./Tpm.h:71:
#20 6.759 In file included from ./Global.h:84:
#20 6.760 ./CryptHash.h:129:5: warning: macro expansion producing 'defined' has undefined behavior [-Wexpansion-to-defined]
#20 6.760 #if SMAC_IMPLEMENTED
#20 6.760     ^
#20 6.760 ./CryptHash.h:93:27: note: expanded from macro 'SMAC_IMPLEMENTED'
#20 6.761 #define SMAC_IMPLEMENTED (defined TPM_CC_MAC || defined TPM_CC_MAC_Start)
#20 6.761                           ^
#20 6.761 ./CryptHash.h:129:5: warning: macro expansion producing 'defined' has undefined behavior [-Wexpansion-to-defined]
#20 6.761 ./CryptHash.h:93:49: note: expanded from macro 'SMAC_IMPLEMENTED'
#20 6.762 #define SMAC_IMPLEMENTED (defined TPM_CC_MAC || defined TPM_CC_MAC_Start)
#20 6.762                                                 ^
#20 6.797 In file included from SessionCommands.c:62:
#20 6.798 In file included from ./Tpm.h:71:
#20 6.798 In file included from ./Global.h:84:
#20 6.798 ./CryptHash.h:129:5: warning: macro expansion producing 'defined' has undefined behavior [-Wexpansion-to-defined]
#20 6.798 #if SMAC_IMPLEMENTED
#20 6.798     ^
#20 6.798 ./CryptHash.h:93:27: note: expanded from macro 'SMAC_IMPLEMENTED'
#20 6.799 #define SMAC_IMPLEMENTED (defined TPM_CC_MAC || defined TPM_CC_MAC_Start)
#20 6.799                           ^
#20 6.799 ./CryptHash.h:129:5: warning: macro expansion producing 'defined' has undefined behavior [-Wexpansion-to-defined]
#20 6.799 ./CryptHash.h:93:49: note: expanded from macro 'SMAC_IMPLEMENTED'
#20 6.800 #define SMAC_IMPLEMENTED (defined TPM_CC_MAC || defined TPM_CC_MAC_Start)
#20 6.800                                                 ^
#20 6.818 In file included from SessionProcess.c:69:
#20 6.819 In file included from ./Tpm.h:71:
#20 6.819 In file included from ./Global.h:84:
#20 6.819 ./CryptHash.h:129:5: warning: macro expansion producing 'defined' has undefined behavior [-Wexpansion-to-defined]
#20 6.819 #if SMAC_IMPLEMENTED
#20 6.819     ^
#20 6.819 ./CryptHash.h:93:27: note: expanded from macro 'SMAC_IMPLEMENTED'
#20 6.820 #define SMAC_IMPLEMENTED (defined TPM_CC_MAC || defined TPM_CC_MAC_Start)
#20 6.820                           ^
#20 6.820 ./CryptHash.h:129:5: warning: macro expansion producing 'defined' has undefined behavior [-Wexpansion-to-defined]
#20 6.820 ./CryptHash.h:93:49: note: expanded from macro 'SMAC_IMPLEMENTED'
#20 6.821 #define SMAC_IMPLEMENTED (defined TPM_CC_MAC || defined TPM_CC_MAC_Start)
#20 6.821                                                 ^
#20 6.832 In file included from SigningCommands.c:62:
#20 6.832 In file included from ./Tpm.h:71:
#20 6.833 In file included from ./Global.h:84:
#20 6.833 ./CryptHash.h:129:5: warning: macro expansion producing 'defined' has undefined behavior [-Wexpansion-to-defined]
#20 6.833 #if SMAC_IMPLEMENTEDIn file included from 
#20 6.833 StartupCommands.c    ^:
#20 6.833 ./CryptHash.h63:93:
#20 6.833 In file included from :27./Tpm.h:: 71:
#20 6.833 note: expanded from macro 'SMAC_IMPLEMENTED'In file included from 
#20 6.833 ./Global.h:84:
#20 6.834 ./CryptHash.h:129:#define SMAC_IMPLEMENTED (defined TPM_CC_MAC || defined TPM_CC_MAC_Start)5
#20 6.834 :                           ^
#20 6.834 warning: macro expansion producing 'defined' has undefined behavior [-Wexpansion-to-defined]
#20 6.834 ./CryptHash.h:129:5:#if SMAC_IMPLEMENTED 
#20 6.834 warning:     ^macro expansion producing 'defined' has undefined behavior [-Wexpansion-to-defined]
#20 6.834 
#20 6.834 ./CryptHash.h:./CryptHash.h:9393::2749::  note: note: expanded from macro 'SMAC_IMPLEMENTED'expanded from macro 'SMAC_IMPLEMENTED'
#20 6.834 
#20 6.834 #define SMAC_IMPLEMENTED (defined TPM_CC_MAC || defined TPM_CC_MAC_Start)#define SMAC_IMPLEMENTED (defined TPM_CC_MAC || defined TPM_CC_MAC_Start)
#20 6.834 
#20 6.834                                                 ^                          ^
#20 6.834 
#20 6.834 ./CryptHash.h:129:5: warning: macro expansion producing 'defined' has undefined behavior [-Wexpansion-to-defined]
#20 6.835 ./CryptHash.h:93:49: note: expanded from macro 'SMAC_IMPLEMENTED'
#20 6.835 #define SMAC_IMPLEMENTED (defined TPM_CC_MAC || defined TPM_CC_MAC_Start)
#20 6.835                                                 ^
#20 6.878 2 warnings generated.
#20 6.885 clang -DFUZZING_BUILD_MODE_UNSAFE_FOR_PRODUCTION -pthread -Wl,--no-as-needed -Wl,-ldl -Wl,-lm -Wno-unused-command-line-argument -O3 -fsanitize-coverage=trace-pc-guard -Wall -Wmissing-declarations -Wmissing-prototypes -Wnested-externs -Wsign-compare -c -ggdb -O0 -DTPM_POSIX -DIS_POSIX -DTPM_NUVOTON -I../utils -I. -DFUZZING_BUILD_MODE_UNSAFE_FOR_PRODUCTION -DUSE_BIT_FIELD_STRUCTURES=NO TPMCmdp.c -o TPMCmdp.o
#20 6.907 2 warnings generated.
#20 6.914 clang -DFUZZING_BUILD_MODE_UNSAFE_FOR_PRODUCTION -pthread -Wl,--no-as-needed -Wl,-ldl -Wl,-lm -Wno-unused-command-line-argument -O3 -fsanitize-coverage=trace-pc-guard -Wall -Wmissing-declarations -Wmissing-prototypes -Wnested-externs -Wsign-compare -c -ggdb -O0 -DTPM_POSIX -DIS_POSIX -DTPM_NUVOTON -I../utils -I. -DFUZZING_BUILD_MODE_UNSAFE_FOR_PRODUCTION -DUSE_BIT_FIELD_STRUCTURES=NO TPMCmds.c -o TPMCmds.o
#20 6.982 2 warnings generated.
#20 6.984 clang -DFUZZING_BUILD_MODE_UNSAFE_FOR_PRODUCTION -pthread -Wl,--no-as-needed -Wl,-ldl -Wl,-lm -Wno-unused-command-line-argument -O3 -fsanitize-coverage=trace-pc-guard -Wall -Wmissing-declarations -Wmissing-prototypes -Wnested-externs -Wsign-compare -c -ggdb -O0 -DTPM_POSIX -DIS_POSIX -DTPM_NUVOTON -I../utils -I. -DFUZZING_BUILD_MODE_UNSAFE_FOR_PRODUCTION -DUSE_BIT_FIELD_STRUCTURES=NO TestingCommands.c -o TestingCommands.o
#20 6.987 clang -DFUZZING_BUILD_MODE_UNSAFE_FOR_PRODUCTION -pthread -Wl,--no-as-needed -Wl,-ldl -Wl,-lm -Wno-unused-command-line-argument -O3 -fsanitize-coverage=trace-pc-guard -Wall -Wmissing-declarations -Wmissing-prototypes -Wnested-externs -Wsign-compare -c -ggdb -O0 -DTPM_POSIX -DIS_POSIX -DTPM_NUVOTON -I../utils -I. -DFUZZING_BUILD_MODE_UNSAFE_FOR_PRODUCTION -DUSE_BIT_FIELD_STRUCTURES=NO Ticket.c -o Ticket.o
#20 6.991 2 warnings generated.
#20 6.998 clang -DFUZZING_BUILD_MODE_UNSAFE_FOR_PRODUCTION -pthread -Wl,--no-as-needed -Wl,-ldl -Wl,-lm -Wno-unused-command-line-argument -O3 -fsanitize-coverage=trace-pc-guard -Wall -Wmissing-declarations -Wmissing-prototypes -Wnested-externs -Wsign-compare -c -ggdb -O0 -DTPM_POSIX -DIS_POSIX -DTPM_NUVOTON -I../utils -I. -DFUZZING_BUILD_MODE_UNSAFE_FOR_PRODUCTION -DUSE_BIT_FIELD_STRUCTURES=NO Time.c -o Time.o
#20 6.999 TPMCmds.c:116:1: warning: no previous prototype for function 'tpm_server_main' [-Wmissing-prototypes]
#20 7.000 tpm_server_main
#20 7.000 ^
#20 7.000 TPMCmds.c:112:1: note: declare 'static' if the function is not intended to be used outside of this translation unit
#20 7.001 int
#20 7.001 ^
#20 7.001 static 
#20 7.013 1 warning generated.
#20 7.016 clang -DFUZZING_BUILD_MODE_UNSAFE_FOR_PRODUCTION -pthread -Wl,--no-as-needed -Wl,-ldl -Wl,-lm -Wno-unused-command-line-argument -O3 -fsanitize-coverage=trace-pc-guard -Wall -Wmissing-declarations -Wmissing-prototypes -Wnested-externs -Wsign-compare -c -ggdb -O0 -DTPM_POSIX -DIS_POSIX -DTPM_NUVOTON -I../utils -I. -DFUZZING_BUILD_MODE_UNSAFE_FOR_PRODUCTION -DUSE_BIT_FIELD_STRUCTURES=NO TpmFail.c -o TpmFail.o
#20 7.021 2 warnings generated.
#20 7.027 2 warnings generated.
#20 7.027 clang -DFUZZING_BUILD_MODE_UNSAFE_FOR_PRODUCTION -pthread -Wl,--no-as-needed -Wl,-ldl -Wl,-lm -Wno-unused-command-line-argument -O3 -fsanitize-coverage=trace-pc-guard -Wall -Wmissing-declarations -Wmissing-prototypes -Wnested-externs -Wsign-compare -c -ggdb -O0 -DTPM_POSIX -DIS_POSIX -DTPM_NUVOTON -I../utils -I. -DFUZZING_BUILD_MODE_UNSAFE_FOR_PRODUCTION -DUSE_BIT_FIELD_STRUCTURES=NO TpmSizeChecks.c -o TpmSizeChecks.o
#20 7.034 clang -DFUZZING_BUILD_MODE_UNSAFE_FOR_PRODUCTION -pthread -Wl,--no-as-needed -Wl,-ldl -Wl,-lm -Wno-unused-command-line-argument -O3 -fsanitize-coverage=trace-pc-guard -Wall -Wmissing-declarations -Wmissing-prototypes -Wnested-externs -Wsign-compare -c -ggdb -O0 -DTPM_POSIX -DIS_POSIX -DTPM_NUVOTON -I../utils -I. -DFUZZING_BUILD_MODE_UNSAFE_FOR_PRODUCTION -DUSE_BIT_FIELD_STRUCTURES=NO TpmToOsslDesSupport.c -o TpmToOsslDesSupport.o
#20 7.040 In file included from SymmetricCommands.c:62:
#20 7.040 In file included from ./Tpm.h:71:
#20 7.040 In file included from ./Global.h:84:
#20 7.040 ./CryptHash.h:129:5: warning: macro expansion producing 'defined' has undefined behavior [-Wexpansion-to-defined]
#20 7.040 #if SMAC_IMPLEMENTED
#20 7.040     ^
#20 7.040 ./CryptHash.h:93:27: note: expanded from macro 'SMAC_IMPLEMENTED'
#20 7.041 #define SMAC_IMPLEMENTED (defined TPM_CC_MAC || defined TPM_CC_MAC_Start)
#20 7.041                           ^
#20 7.041 ./CryptHash.h:129:5: warning: macro expansion producing 'defined' has undefined behavior [-Wexpansion-to-defined]
#20 7.041 ./CryptHash.h:93:49: note: expanded from macro 'SMAC_IMPLEMENTED'
#20 7.041 #define SMAC_IMPLEMENTED (defined TPM_CC_MAC || defined TPM_CC_MAC_Start)
#20 7.041                                                 ^
#20 7.050 clang -DFUZZING_BUILD_MODE_UNSAFE_FOR_PRODUCTION -pthread -Wl,--no-as-needed -Wl,-ldl -Wl,-lm -Wno-unused-command-line-argument -O3 -fsanitize-coverage=trace-pc-guard -Wall -Wmissing-declarations -Wmissing-prototypes -Wnested-externs -Wsign-compare -c -ggdb -O0 -DTPM_POSIX -DIS_POSIX -DTPM_NUVOTON -I../utils -I. -DFUZZING_BUILD_MODE_UNSAFE_FOR_PRODUCTION -DUSE_BIT_FIELD_STRUCTURES=NO TpmToOsslMath.c -o TpmToOsslMath.o
#20 7.129 2 warnings generated.
#20 7.135 clang -DFUZZING_BUILD_MODE_UNSAFE_FOR_PRODUCTION -pthread -Wl,--no-as-needed -Wl,-ldl -Wl,-lm -Wno-unused-command-line-argument -O3 -fsanitize-coverage=trace-pc-guard -Wall -Wmissing-declarations -Wmissing-prototypes -Wnested-externs -Wsign-compare -c -ggdb -O0 -DTPM_POSIX -DIS_POSIX -DTPM_NUVOTON -I../utils -I. -DFUZZING_BUILD_MODE_UNSAFE_FOR_PRODUCTION -DUSE_BIT_FIELD_STRUCTURES=NO TpmToOsslSupport.c -o TpmToOsslSupport.o
#20 7.232 2 warnings generated.
#20 7.241 clang -DFUZZING_BUILD_MODE_UNSAFE_FOR_PRODUCTION -pthread -Wl,--no-as-needed -Wl,-ldl -Wl,-lm -Wno-unused-command-line-argument -O3 -fsanitize-coverage=trace-pc-guard -Wall -Wmissing-declarations -Wmissing-prototypes -Wnested-externs -Wsign-compare -c -ggdb -O0 -DTPM_POSIX -DIS_POSIX -DTPM_NUVOTON -I../utils -I. -DFUZZING_BUILD_MODE_UNSAFE_FOR_PRODUCTION -DUSE_BIT_FIELD_STRUCTURES=NO Unique.c -o Unique.o
#20 7.286 clang -DFUZZING_BUILD_MODE_UNSAFE_FOR_PRODUCTION -pthread -Wl,--no-as-needed -Wl,-ldl -Wl,-lm -Wno-unused-command-line-argument -O3 -fsanitize-coverage=trace-pc-guard -Wall -Wmissing-declarations -Wmissing-prototypes -Wnested-externs -Wsign-compare -c -ggdb -O0 -DTPM_POSIX -DIS_POSIX -DTPM_NUVOTON -I../utils -I. -DFUZZING_BUILD_MODE_UNSAFE_FOR_PRODUCTION -DUSE_BIT_FIELD_STRUCTURES=NO Unmarshal.c -o Unmarshal.o
#20 7.335 In file included from Ticket.c:66:
#20 7.336 In file included from ./Tpm.h:71:
#20 7.336 In file included from ./Global.h:In file included from TestingCommands.c84:
#20 7.336 ./CryptHash.h:129:5: warning: macro expansion producing 'defined' has undefined behavior [-Wexpansion-to-defined]
#20 7.336 :#if SMAC_IMPLEMENTED62
#20 7.336     ^:
#20 7.336 In file included from 
#20 7.336 ./CryptHash.h./Tpm.h:71:
#20 7.336 In file included from ./Global.h:84:
#20 7.337 ./CryptHash.h:129:5: warning: macro expansion producing 'defined' has undefined behavior [-Wexpansion-to-defined]
#20 7.337 #if SMAC_IMPLEMENTED
#20 7.337     ^
#20 7.337 ./CryptHash.h:93:27: note: expanded from macro 'SMAC_IMPLEMENTED'
#20 7.338 #define SMAC_IMPLEMENTED (defined TPM_CC_MAC || defined TPM_CC_MAC_Start):93
#20 7.338                           ^
#20 7.338 ./CryptHash.h:129:5: warning: macro expansion producing 'defined' has undefined behavior [-Wexpansion-to-defined]
#20 7.338 ./CryptHash.h:93:49: note: expanded from macro 'SMAC_IMPLEMENTED'
#20 7.338 #define SMAC_IMPLEMENTED (defined TPM_CC_MAC || defined TPM_CC_MAC_Start):
#20 7.338 27                                                ^
#20 7.338 : note: expanded from macro 'SMAC_IMPLEMENTED'
#20 7.338 #define SMAC_IMPLEMENTED (defined TPM_CC_MAC || defined TPM_CC_MAC_Start)
#20 7.338                           ^
#20 7.338 ./CryptHash.h:129:5: warning: macro expansion producing 'defined' has undefined behavior [-Wexpansion-to-defined]
#20 7.339 ./CryptHash.h:93:49: note: expanded from macro 'SMAC_IMPLEMENTED'
#20 7.339 #define SMAC_IMPLEMENTED (defined TPM_CC_MAC || defined TPM_CC_MAC_Start)
#20 7.339                                                 ^
#20 7.345 In file included from Time.c:66:
#20 7.345 In file included from ./Tpm.h:71:
#20 7.345 In file included from ./Global.h:84:
#20 7.345 ./CryptHash.h:129:5: warning: macro expansion producing 'defined' has undefined behavior [-Wexpansion-to-defined]
#20 7.346 #if SMAC_IMPLEMENTED
#20 7.346     ^
#20 7.346 ./CryptHash.h:93:27: note: expanded from macro 'SMAC_IMPLEMENTED'
#20 7.346 #define SMAC_IMPLEMENTED (defined TPM_CC_MAC || defined TPM_CC_MAC_Start)
#20 7.346                           ^
#20 7.347 ./CryptHash.h:129:5: warning: macro expansion producing 'defined' has undefined behavior [-Wexpansion-to-defined]
#20 7.347 ./CryptHash.h:93:49: note: expanded from macro 'SMAC_IMPLEMENTED'
#20 7.347 #define SMAC_IMPLEMENTED (defined TPM_CC_MAC || defined TPM_CC_MAC_Start)
#20 7.347                                                 ^
#20 7.365 In file included from TpmFail.c:65:
#20 7.366 In file included from ./Tpm.h:71:
#20 7.366 In file included from ./Global.h:84:
#20 7.366 ./CryptHash.h:129:5: warning: macro expansion producing 'defined' has undefined behavior [-Wexpansion-to-defined]
#20 7.367 #if SMAC_IMPLEMENTED
#20 7.367     ^
#20 7.367 ./CryptHash.h:93:27: note: expanded from macro 'SMAC_IMPLEMENTED'
#20 7.367 #define SMAC_IMPLEMENTED (defined TPM_CC_MAC || defined TPM_CC_MAC_Start)
#20 7.368                           ^
#20 7.368 ./CryptHash.h:129:5: warning: macro expansion producing 'defined' has undefined behavior [-Wexpansion-to-defined]
#20 7.368 ./CryptHash.h:93:49: note: expanded from macro 'SMAC_IMPLEMENTED'
#20 7.368 #define SMAC_IMPLEMENTED (defined TPM_CC_MAC || defined TPM_CC_MAC_Start)
#20 7.368                                                 ^
#20 7.397 In file included from TpmToOsslMath.c:72:
#20 7.397 In file included from ./Tpm.h:71:
#20 7.397 In file included from ./Global.h:84:
#20 7.397 ./CryptHash.h:129:5: warning: macro expansion producing 'defined' has undefined behavior [-Wexpansion-to-defined]
#20 7.397 #if SMAC_IMPLEMENTED
#20 7.398     ^
#20 7.398 ./CryptHash.h:93:27: note: expanded from macro 'SMAC_IMPLEMENTED'
#20 7.398 #define SMAC_IMPLEMENTED (defined TPM_CC_MAC || defined TPM_CC_MAC_Start)
#20 7.398                           ^
#20 7.398 ./CryptHash.h:129:5: warning: macro expansion producing 'defined' has undefined behavior [-Wexpansion-to-defined]
#20 7.398 ./CryptHash.h:93:49: note: expanded from macro 'SMAC_IMPLEMENTED'
#20 7.399 #define SMAC_IMPLEMENTED (defined TPM_CC_MAC || defined TPM_CC_MAC_Start)
#20 7.399                                                 ^
#20 7.409 In file included from TpmToOsslDesSupport.c:67:
#20 7.410 In file included from ./Tpm.h:71:
#20 7.410 In file included from ./Global.h:84:
#20 7.410 ./CryptHash.h:129:5: warning: macro expansion producing 'defined' has undefined behavior [-Wexpansion-to-defined]
#20 7.410 #if SMAC_IMPLEMENTED
#20 7.410     ^
#20 7.410 ./CryptHash.h:93:27: note: expanded from macro 'SMAC_IMPLEMENTED'
#20 7.411 #define SMAC_IMPLEMENTED (defined TPM_CC_MAC || defined TPM_CC_MAC_Start)
#20 7.411                           ^
#20 7.411 ./CryptHash.h:129:5: warning: macro expansion producing 'defined' has undefined behavior [-Wexpansion-to-defined]
#20 7.411 ./CryptHash.h:93:49: note: expanded from macro 'SMAC_IMPLEMENTED'
#20 7.412 #define SMAC_IMPLEMENTED (defined TPM_CC_MAC || defined TPM_CC_MAC_Start)
#20 7.412                                                 ^
#20 7.489 In file included from TpmToOsslSupport.c:67:
#20 7.490 In file included from ./Tpm.h:71:
#20 7.490 In file included from ./Global.h:84:
#20 7.490 ./CryptHash.h:129:5: warning: macro expansion producing 'defined' has undefined behavior [-Wexpansion-to-defined]
#20 7.490 #if SMAC_IMPLEMENTED
#20 7.490     ^
#20 7.490 ./CryptHash.h:93:27: note: expanded from macro 'SMAC_IMPLEMENTED'
#20 7.491 #define SMAC_IMPLEMENTED (defined TPM_CC_MAC || defined TPM_CC_MAC_Start)
#20 7.491                           ^
#20 7.491 ./CryptHash.h:129:5: warning: macro expansion producing 'defined' has undefined behavior [-Wexpansion-to-defined]
#20 7.491 ./CryptHash.h:93:49: note: expanded from macro 'SMAC_IMPLEMENTED'
#20 7.492 #define SMAC_IMPLEMENTED (defined TPM_CC_MAC || defined TPM_CC_MAC_Start)
#20 7.492                                                 ^
#20 7.511 Unmarshal.c:729:15: warning: explicitly assigning value of variable of type 'BOOL' (aka 'int') to itself [-Wself-assign]
#20 7.511     allowNull = allowNull;
#20 7.511     ~~~~~~~~~ ^ ~~~~~~~~~
#20 7.512 Unmarshal.c:749:15: warning: explicitly assigning value of variable of type 'BOOL' (aka 'int') to itself [-Wself-assign]
#20 7.513     allowNull = allowNull;
#20 7.513     ~~~~~~~~~ ^ ~~~~~~~~~
#20 7.514 Unmarshal.c:769:15: warning: explicitly assigning value of variable of type 'BOOL' (aka 'int') to itself [-Wself-assign]
#20 7.515     allowNull = allowNull;
#20 7.515     ~~~~~~~~~ ^ ~~~~~~~~~
#20 7.517 Unmarshal.c:793:15: warning: explicitly assigning value of variable of type 'BOOL' (aka 'int') to itself [-Wself-assign]
#20 7.517     allowNull = allowNull;
#20 7.517     ~~~~~~~~~ ^ ~~~~~~~~~
#20 7.521 Unmarshal.c:876:15: warning: explicitly assigning value of variable of type 'BOOL' (aka 'int') to itself [-Wself-assign]
#20 7.522     allowNull = allowNull;
#20 7.522     ~~~~~~~~~ ^ ~~~~~~~~~
#20 7.523 Unmarshal.c:901:15: warning: explicitly assigning value of variable of type 'BOOL' (aka 'int') to itself [-Wself-assign]
#20 7.523     allowNull = allowNull;
#20 7.523     ~~~~~~~~~ ^ ~~~~~~~~~
#20 7.525 Unmarshal.c:948:15: warning: explicitly assigning value of variable of type 'BOOL' (aka 'int') to itself [-Wself-assign]
#20 7.525     allowNull = allowNull;
#20 7.525     ~~~~~~~~~ ^ ~~~~~~~~~
#20 7.527 Unmarshal.c:971:15: warning: explicitly assigning value of variable of type 'BOOL' (aka 'int') to itself [-Wself-assign]
#20 7.527     allowNull = allowNull;
#20 7.527     ~~~~~~~~~ ^ ~~~~~~~~~
#20 7.528 Unmarshal.c:994:15: warning: explicitly assigning value of variable of type 'BOOL' (aka 'int') to itself [-Wself-assign]
#20 7.528     allowNull = allowNull;
#20 7.528     ~~~~~~~~~ ^ ~~~~~~~~~
#20 7.529 2 warnings generated.
#20 7.530 Unmarshal.c:1022:15: warning: explicitly assigning value of variable of type 'BOOL' (aka 'int') to itself [-Wself-assign]
#20 7.530     allowNull = allowNull;
#20 7.530     ~~~~~~~~~ ^ ~~~~~~~~~
#20 7.531 Unmarshal.c:1044:15: warning: explicitly assigning value of variable of type 'BOOL' (aka 'int') to itself [-Wself-assign]
#20 7.532     allowNull = allowNull;
#20 7.532     ~~~~~~~~~ ^ ~~~~~~~~~
#20 7.536 clang -DFUZZING_BUILD_MODE_UNSAFE_FOR_PRODUCTION -pthread -Wl,--no-as-needed -Wl,-ldl -Wl,-lm -Wno-unused-command-line-argument -O3 -fsanitize-coverage=trace-pc-guard -Wall -Wmissing-declarations -Wmissing-prototypes -Wnested-externs -Wsign-compare -c -ggdb -O0 -DTPM_POSIX -DIS_POSIX -DTPM_NUVOTON -I../utils -I. -DFUZZING_BUILD_MODE_UNSAFE_FOR_PRODUCTION -DUSE_BIT_FIELD_STRUCTURES=NO Vendor_TCG_Test.c -o Vendor_TCG_Test.o
#20 7.544 Unmarshal.c:1432:12: warning: explicitly assigning value of variable of type 'TPMS_EMPTY *' (aka 'unsigned char *') to itself [-Wself-assign]
#20 7.544     target = target;
#20 7.544     ~~~~~~ ^ ~~~~~~
#20 7.545 Unmarshal.c:1433:12: warning: explicitly assigning value of variable of type 'BYTE **' (aka 'unsigned char **') to itself [-Wself-assign]
#20 7.546     buffer = buffer;
#20 7.546     ~~~~~~ ^ ~~~~~~
#20 7.546 Unmarshal.c:1434:10: warning: explicitly assigning value of variable of type 'INT32 *' (aka 'int *') to itself [-Wself-assign]
#20 7.550     size = size;
#20 7.550     ~~~~ ^ ~~~~
#20 7.556 2 warnings generated.
#20 7.562 clang -DFUZZING_BUILD_MODE_UNSAFE_FOR_PRODUCTION -pthread -Wl,--no-as-needed -Wl,-ldl -Wl,-lm -Wno-unused-command-line-argument -O3 -fsanitize-coverage=trace-pc-guard -Wall -Wmissing-declarations -Wmissing-prototypes -Wnested-externs -Wsign-compare -c -ggdb -O0 -DTPM_POSIX -DIS_POSIX -DTPM_NUVOTON -I../utils -I. -DFUZZING_BUILD_MODE_UNSAFE_FOR_PRODUCTION -DUSE_BIT_FIELD_STRUCTURES=NO ntc2lib.c -o ntc2lib.o
#20 7.564 2 warnings generated.
#20 7.570 clang -DFUZZING_BUILD_MODE_UNSAFE_FOR_PRODUCTION -pthread -Wl,--no-as-needed -Wl,-ldl -Wl,-lm -Wno-unused-command-line-argument -O3 -fsanitize-coverage=trace-pc-guard -Wall -Wmissing-declarations -Wmissing-prototypes -Wnested-externs -Wsign-compare -c -ggdb -O0 -DTPM_POSIX -DIS_POSIX -DTPM_NUVOTON -I../utils -I. -DFUZZING_BUILD_MODE_UNSAFE_FOR_PRODUCTION -DUSE_BIT_FIELD_STRUCTURES=NO ntc2.c -o ntc2.o
#20 7.571 2 warnings generated.
#20 7.577 clang -DFUZZING_BUILD_MODE_UNSAFE_FOR_PRODUCTION -pthread -Wl,--no-as-needed -Wl,-ldl -Wl,-lm -Wno-unused-command-line-argument -O3 -fsanitize-coverage=trace-pc-guard -Wall -Wmissing-declarations -Wmissing-prototypes -Wnested-externs -Wsign-compare -c -ggdb -O0 -DTPM_POSIX -DIS_POSIX -DTPM_NUVOTON -I../utils -I. -DFUZZING_BUILD_MODE_UNSAFE_FOR_PRODUCTION -DUSE_BIT_FIELD_STRUCTURES=NO TcpServerPosix.c -o TcpServerPosix.o
#20 7.587 2 warnings generated.
#20 7.593 clang++ -DFUZZING_BUILD_MODE_UNSAFE_FOR_PRODUCTION -pthread -Wl,--no-as-needed -Wl,-ldl -Wl,-lm -Wno-unused-command-line-argument -stdlib=libc++ -O3 -fsanitize-coverage=trace-pc-guard -DFUZZING_BUILD_MODE_UNSAFE_FOR_PRODUCTION -pthread -Wl,--no-as-needed -Wl,-ldl -Wl,-lm -Wno-unused-command-line-argument -O3 -fsanitize-coverage=trace-pc-guard -Wall -Wmissing-declarations -Wmissing-prototypes -Wnested-externs -Wsign-compare -c -ggdb -O0 -DTPM_POSIX -DIS_POSIX -DTPM_NUVOTON -I../utils -I. -DFUZZING_BUILD_MODE_UNSAFE_FOR_PRODUCTION -DUSE_BIT_FIELD_STRUCTURES=NO /libAFL.a fuzzer.cc -o fuzzer.o
#20 7.672 2 warnings generated.
#20 7.685 TcpServerPosix.c:89:15: warning: unused variable 'ServerVersion' [-Wunused-variable]
#20 7.686 static UINT32 ServerVersion = 1;
#20 7.686               ^
#20 7.703 fuzzer.cc:26:16: warning: no previous prototype for function 'LLVMFuzzerTestOneInput' [-Wmissing-prototypes]
#20 7.703 extern "C" int LLVMFuzzerTestOneInput(const uint8_t *Data, size_t Size) {
#20 7.703                ^
#20 7.704 fuzzer.cc:26:12: note: declare 'static' if the function is not intended to be used outside of this translation unit
#20 7.705 extern "C" int LLVMFuzzerTestOneInput(const uint8_t *Data, size_t Size) {
#20 7.705            ^
#20 7.705            static 
#20 7.710 1 warning generated.
#20 7.720 1 warning generated.
#20 7.797 2 warnings generated.
#20 7.820 In file included from Vendor_TCG_Test.c:62:
#20 7.820 In file included from ./Tpm.h:71:
#20 7.820 In file included from ./Global.h:84:
#20 7.820 ./CryptHash.h:129:5: warning: macro expansion producing 'defined' has undefined behavior [-Wexpansion-to-defined]
#20 7.820 #if SMAC_IMPLEMENTED
#20 7.820     ^
#20 7.820 ./CryptHash.h:93:27: note: expanded from macro 'SMAC_IMPLEMENTED'
#20 7.820 #define SMAC_IMPLEMENTED (defined TPM_CC_MAC || defined TPM_CC_MAC_Start)
#20 7.820                           ^
#20 7.820 ./CryptHash.h:129:5: warning: macro expansion producing 'defined' has undefined behavior [-Wexpansion-to-defined]
#20 7.820 ./CryptHash.h:93:49: note: expanded from macro 'SMAC_IMPLEMENTED'
#20 7.820 #define SMAC_IMPLEMENTED (defined TPM_CC_MAC || defined TPM_CC_MAC_Start)
#20 7.820                                                 ^
#20 7.914 2 warnings generated.
#20 7.930 14 warnings generated.
#20 7.934 clang++ -DFUZZING_BUILD_MODE_UNSAFE_FOR_PRODUCTION -pthread -Wl,--no-as-needed -Wl,-ldl -Wl,-lm -Wno-unused-command-line-argument -stdlib=libc++ -O3 -fsanitize-coverage=trace-pc-guard fuzzer.o AlgorithmCap.o AlgorithmTests.o AsymmetricCommands.o Attest_spt.o AttestationCommands.o AuditCommands.o Bits.o BnConvert.o BnEccData.o BnMath.o BnMemory.o Cancel.o CapabilityCommands.o Clock.o ClockCommands.o CommandAudit.o CommandCodeAttributes.o CommandDispatcher.o ContextCommands.o Context_spt.o CryptDes.o CryptCmac.o CryptEccKeyExchange.o CryptEccMain.o CryptEccSignature.o CryptHash.o CryptHashData.o CryptPrime.o CryptPrimeSieve.o CryptRand.o CryptRsa.o CryptSelfTest.o CryptSmac.o CryptSym.o CryptUtil.o DA.o DictionaryCommands.o DuplicationCommands.o EACommands.o EncryptDecrypt_spt.o Entity.o Entropy.o EphemeralCommands.o ExecCommand.o Global.o Handle.o HashCommands.o Hierarchy.o HierarchyCommands.o IoBuffers.o IntegrityCommands.o Locality.o LocalityPlat.o ManagementCommands.o Manufacture.o Marshal.o MathOnByteBuffers.o Memory.o NVCommands.o NVDynamic.o NVMem.o NVReserved.o NV_spt.o Object.o ObjectCommands.o Object_spt.o PCR.o PP.o PPPlat.o PlatformData.o Policy_spt.o Power.o PowerPlat.o PrimeData.o PropertyCap.o RandomCommands.o Response.o ResponseCodeProcessing.o RsaKeyCache.o RunCommand.o Session.o SessionCommands.o SessionProcess.o SigningCommands.o StartupCommands.o SymmetricCommands.o TPMCmdp.o TPMCmds.o TestingCommands.o Ticket.o Time.o TpmFail.o TpmSizeChecks.o TpmToOsslDesSupport.o TpmToOsslMath.o TpmToOsslSupport.o Unique.o Unmarshal.o Vendor_TCG_Test.o ntc2lib.o ntc2.o TcpServerPosix.o -ggdb -DTPM_POSIX -DTPM_NUVOTON -lcrypto -lpthread -lrt -I. -DFUZZING_BUILD_MODE_UNSAFE_FOR_PRODUCTION /libAFL.a -o fuzz_tpm_server
#20 8.607 + cp fuzz_tpm_server /out/fuzz_tpm_server
#20 8.616 [post_build] Copying afl-fuzz to $OUT directory
#20 DONE 10.2s

#21 exporting to image
#21 sha256:e8c613e07b0b7ff33893b694f7759a10d42e180f2b4dc349fb57dc6b71dcab00
#21 exporting layers done
#21 writing image sha256:e375a7722334fc0469e88eeac37286e8f7f58535c26fb84b3ed5e5899cafa75e 0.0s done
#21 naming to gcr.io/fuzzbench/builders/afl/ibmswtpm2_fuzzer 0.0s done
#21 DONE 0.5s

#22 exporting cache
#22 sha256:2700d4ef94dee473593c5c614b55b2dedcca7893909811a8f2b48291a1f581e4
#22 preparing build cache for export done
#22 DONE 0.0s
------
 > importing cache manifest from gcr.io/fuzzbench/builders/afl/ibmswtpm2_fuzzer:
------
#1 [internal] load build definition from runner.Dockerfile
#1 sha256:6127178369301d3cfaa252227c093d2bf8afc0a3c97a4bbbad25983c5cbe81b4
#1 transferring dockerfile: 656B done
#1 DONE 0.1s

#2 [internal] load .dockerignore
#2 sha256:b7d44e4a30eebc56db23bf92ad46c69085fd2f47859581a6292c8801eb8903e2
#2 transferring context: 2B done
#2 DONE 0.1s

#3 [internal] load metadata for gcr.io/fuzzbench/base-image:latest
#3 sha256:932022888f650cc455b10eb5123bb08c0cccacac29a693e69314abbfd28a72c3
#3 DONE 0.0s

#4 [1/1] FROM gcr.io/fuzzbench/base-image
#4 sha256:4d07825694520f8b6f6a0d8592dbd345433361ae044cb7f06706c5a95e3daaad
#4 DONE 0.0s

#5 importing cache manifest from gcr.io/fuzzbench/runners/afl/ibmswtpm2_fuzzer-intermediate
#5 sha256:f5c4a45906a7f1e842453fb15d810eaf5f3638ce70e48c44fe69b6d4c8a3c6f7
#5 ERROR: gcr.io/fuzzbench/runners/afl/ibmswtpm2_fuzzer-intermediate:latest: not found

#4 [1/1] FROM gcr.io/fuzzbench/base-image
#4 sha256:4d07825694520f8b6f6a0d8592dbd345433361ae044cb7f06706c5a95e3daaad
#4 CACHED

#6 exporting to image
#6 sha256:e8c613e07b0b7ff33893b694f7759a10d42e180f2b4dc349fb57dc6b71dcab00
#6 exporting layers done
#6 writing image sha256:4efbd5e416c83953b598ff82cefe236e4f25c5eeda46088ba83e35554e2d5ee7 0.0s done
#6 naming to gcr.io/fuzzbench/runners/afl/ibmswtpm2_fuzzer-intermediate 0.0s done
#6 DONE 0.2s

#7 exporting cache
#7 sha256:2700d4ef94dee473593c5c614b55b2dedcca7893909811a8f2b48291a1f581e4
#7 preparing build cache for export done
#7 DONE 0.0s
------
 > importing cache manifest from gcr.io/fuzzbench/runners/afl/ibmswtpm2_fuzzer-intermediate:
------
#1 [internal] load build definition from Dockerfile
#1 sha256:b4b876543056739e42ad6da2dcc91a15526485c2484e27d2ea384f7820b59f1d
#1 transferring dockerfile: 3.17kB done
#1 DONE 0.1s

#2 [internal] load .dockerignore
#2 sha256:560328f36a51d89693f871f8f5603c918e54b6c88b74d0ce6d1ef9e34a631861
#2 transferring context: 34B done
#2 DONE 0.1s

#3 [internal] load metadata for gcr.io/fuzzbench/runners/afl/ibmswtpm2_fuzzer-intermediate:latest
#3 sha256:1a7e284959ecbca8944b54e046e1715c5825f93454c99d64c4889406c1481720
#3 DONE 0.0s

#4 [internal] load metadata for gcr.io/fuzzbench/builders/afl/ibmswtpm2_fuzzer:latest
#4 sha256:e1aef5447ae94c2ae011c8bfff0f8d168998cb8bb9914cbad096e9c176cc9d30
#4 DONE 0.0s

#12 [internal] load build context
#12 sha256:fe428013a81dd1284a4907a4a89df26af013acb911b0ccc6e1337c7ac4b1add0
#12 DONE 0.0s

#6 [stage-1  1/13] FROM gcr.io/fuzzbench/runners/afl/ibmswtpm2_fuzzer-intermediate
#6 sha256:a28226c326fd1a6ce2e587f64375eb23284a20840484f240982c87b06992e884
#6 DONE 0.0s

#10 [builder 1/1] FROM gcr.io/fuzzbench/builders/afl/ibmswtpm2_fuzzer
#10 sha256:8dc27a3572677ba74412419ad9310747734315fa25280970347c277411e4959a
#10 DONE 0.0s

#5 importing cache manifest from gcr.io/fuzzbench/runners/afl/ibmswtpm2_fuzzer
#5 sha256:22358bbb3b5dbd89c5df62e53c97f466991d6ebb784832653f137d103629922a
#5 ERROR: gcr.io/fuzzbench/runners/afl/ibmswtpm2_fuzzer:latest: not found

#12 [internal] load build context
#12 sha256:fe428013a81dd1284a4907a4a89df26af013acb911b0ccc6e1337c7ac4b1add0
#12 ...

#10 [builder 1/1] FROM gcr.io/fuzzbench/builders/afl/ibmswtpm2_fuzzer
#10 sha256:8dc27a3572677ba74412419ad9310747734315fa25280970347c277411e4959a
#10 DONE 0.5s

#12 [internal] load build context
#12 sha256:fe428013a81dd1284a4907a4a89df26af013acb911b0ccc6e1337c7ac4b1add0
#12 transferring context: 17.54MB 0.6s done
#12 DONE 0.6s

#7 [stage-1  2/13] RUN apt-get update -y && apt-get install -y     libglib2.0-0     libxml2     libarchive13     libgss3
#7 sha256:6d0d6bb0f295156de5cdec5dfc4d99b8ca4167b2eb4575ae0a4baee7b32f8757
#7 CACHED

#8 [stage-1  3/13] RUN mkdir -p /out
#8 sha256:33df23188c995343423171d8e201c8146fcd0b7e0391be82d8892b1b83d8d5f6
#8 CACHED

#9 [stage-1  4/13] WORKDIR /out
#9 sha256:d1c7b0dc61d326d193df07687aa5c82ad741af5e5d7735ed26e6fbdab794efb7
#9 CACHED

#11 [stage-1  5/13] COPY --from=builder /out/ ./
#11 sha256:e245f0b9896750851be823660e80d666607b93ad5a0c7fb040639b3e1f418942
#11 CACHED

#13 [stage-1  6/13] COPY benchmarks /src/benchmarks
#13 sha256:26fb74476750690a8d1dfbf65838306fbaa133e43ea7f6521a57a801eb51020d
#13 DONE 1.3s

#14 [stage-1  7/13] COPY fuzzers /src/fuzzers
#14 sha256:dfc539f6a20b6c5730fd8be5cda69ae18c793ee92a24f767ed7201ddbe91f85c
#14 DONE 0.5s

#15 [stage-1  8/13] RUN touch __init__.py
#15 sha256:b163b5be02a68a0c60d77688d946d59bc73bfcbd5525cf3dd338c5dd2faa1d05
#15 DONE 0.7s

#16 [stage-1  9/13] RUN mkdir -p /out/seeds /out/corpus
#16 sha256:49e6878b78d47899d5ae8f96b3e25f6063bf34fa9dde023313722e182c78719a
#16 DONE 0.5s

#17 [stage-1 10/13] COPY common /src/common
#17 sha256:58270acf804489592e79b3e0e264f24a19dccd20ac3e4b0e547d9430a10393e1
#17 DONE 0.1s

#18 [stage-1 11/13] COPY experiment/runner.py /src/experiment/runner.py
#18 sha256:af0d578e9fb2f39a58b323302b68cd007b831d77065a626f7e0b06368d77abfb
#18 DONE 0.1s

#19 [stage-1 12/13] COPY docker/benchmark-runner /src/docker/benchmark-runner
#19 sha256:06393330a796767d3eccf45f6a4b4408bb3c4f10af3fa7602c271b4efefb34dc
#19 DONE 0.1s

#20 [stage-1 13/13] RUN chmod +x /src/docker/benchmark-runner/startup-runner.sh
#20 sha256:a866b233c5005497005c30d002a7e3f989628c35d1816bb5feb995adc02669fe
#20 DONE 0.5s

#21 exporting to image
#21 sha256:e8c613e07b0b7ff33893b694f7759a10d42e180f2b4dc349fb57dc6b71dcab00
#21 exporting layers done
#21 writing image sha256:fa10996506743df761d6c207150b146d337b48df40465e800d00d62353b5e6b3 done
#21 naming to gcr.io/fuzzbench/runners/afl/ibmswtpm2_fuzzer done
#21 DONE 0.0s

#22 exporting cache
#22 sha256:2700d4ef94dee473593c5c614b55b2dedcca7893909811a8f2b48291a1f581e4
#22 preparing build cache for export done
#22 DONE 0.0s
------
 > importing cache manifest from gcr.io/fuzzbench/runners/afl/ibmswtpm2_fuzzer:
------
INFO:root:Doing trial as part of experiment.
INFO:root:Starting trial.
ERROR:root:Fuzz target binary not found.
INFO:root:Doing final sync.
ERROR:root:Call to <function get_stats at 0x7fa36a2bef70> failed. Extras: {'traceback': 'Traceback (most recent call last):\n  File "/src/experiment/runner.py", line 374, in record_stats\n    stats_json_str = fuzzer_module_get_stats(output_corpus,\n  File "/src/fuzzers/afl/fuzzer.py", line 51, in get_stats\n    with open(stats_file) as file_handle:\nFileNotFoundError: [Errno 2] No such file or directory: \'/out/corpus/fuzzer_stats\'\n'}
/bin/sh: 1: source: not found
#1 [internal] load build definition from Dockerfile
#1 sha256:0b1330d8558dacb321f3fe13041fcfd4641e877f2a1c35f7c649234ba539cf6f
#1 transferring dockerfile: 32B done
#1 DONE 0.3s

#2 [internal] load .dockerignore
#2 sha256:4f666ceb09894ce24bfe769f7650a01ab3f7c5cbbe2192e0fec9b7a8f62157b8
#2 transferring context: 2B done
#2 DONE 0.3s

#3 [internal] load metadata for gcr.io/oss-fuzz-base/base-builder:latest
#3 sha256:f10dc39cc9d418a5bc416dead31a1902b6821fdae909cd3b08f7a3fd1faba7b5
#3 DONE 0.4s

#5 [1/8] FROM gcr.io/oss-fuzz-base/base-builder@sha256:f4e5ea12494fab091c5d830cf803b3421f2860f729b9d1b07da44924396cf8cf
#5 sha256:ef290950573a2779ee526af357b28fbddfc20d7409aa51f58f777c9e972cba29
#5 DONE 0.0s

#4 importing cache manifest from gcr.io/fuzzbench/builders/benchmark/ibmswtpm2_fuzzer
#4 sha256:305d6b208c70365879003357b579084aba22412e11583a39d7ac0faa3db182a7
#4 DONE 0.0s

#9 [internal] load build context
#9 sha256:9722fad6d81ff9cdf07870b23abec8b6e7b4ca82a572e24ffb58baeaf6f9a941
#9 transferring context: 94B done
#9 DONE 0.1s

#6 [2/8] RUN apt-get update && apt-get install -y make autoconf automake libtool libssl-dev curl tar g++
#6 sha256:9a6dc14d6f3bba7fed32add56c117e4df20065c541861334aead2685c69dc9b3
#6 CACHED

#7 [3/8] RUN mkdir ibmswtpm2 &&   cd ibmswtpm2 &&   curl -sSL "https://downloads.sourceforge.net/project/ibmswtpm2/ibmtpm1332.tar.gz" | tar xvz
#7 sha256:1a5463ba3c72abff8ecd50ee9c561410ba2a0be25dfcf990374dad90a8300a96
#7 CACHED

#8 [4/8] WORKDIR ibmswtpm2/src
#8 sha256:d7479ce0f23e9145d4511d315d621eb1dc8cde0f6725d66a82f0b2b9d8da115f
#8 CACHED

#10 [5/8] COPY build.sh /src/
#10 sha256:ee5ca15c1b345740b66b9e526b2b878bbcb9333a44d3f81019207a708a8caae0
#10 CACHED

#11 [6/8] COPY fuzzer.cc ./
#11 sha256:710579894cfc19c877f32f1e9962c279b667de713f4bb9712611a415b972778e
#11 CACHED

#12 [7/8] COPY no_writes.patch /src/
#12 sha256:37986ffe40624ca9b4a17205aa5acac10b475b12cac107267f19b007662d24da
#12 CACHED

#13 [8/8] RUN patch -p1 < /src/no_writes.patch
#13 sha256:39cda85a07251c44e4acf76b144acf0e867ce9f6db6ad37158d43980d5d7b626
#13 CACHED

#14 exporting to image
#14 sha256:e8c613e07b0b7ff33893b694f7759a10d42e180f2b4dc349fb57dc6b71dcab00
#14 exporting layers done
#14 writing image sha256:6f06c6fe069cbffefea80ef73b661c7797e947eb0a569f291bc4db0c9cb5527a 0.0s done
#14 naming to gcr.io/fuzzbench/builders/benchmark/ibmswtpm2_fuzzer done
#14 DONE 0.4s

#15 exporting cache
#15 sha256:2700d4ef94dee473593c5c614b55b2dedcca7893909811a8f2b48291a1f581e4
#15 preparing build cache for export done
#15 DONE 0.0s
#1 [internal] load build definition from builder.Dockerfile
#1 sha256:c9abcbb5adc2823c996e6d5e48a35a08beba943c1fff0cf904e0b049622db0c8
#1 transferring dockerfile: 1.35kB done
#1 DONE 0.1s

#2 [internal] load .dockerignore
#2 sha256:2aa2bce2188597711aa7325e26caa8afc4e50c22028e9f97dceead24a6261df7
#2 transferring context: 2B done
#2 DONE 0.1s

#3 [internal] load metadata for gcr.io/fuzzbench/builders/benchmark/ibmswtpm2_fuzzer:latest
#3 sha256:457c21c2f8f732bc21b37598c35c49b150b476f42cc9b95079c333ef7d23a0e0
#3 DONE 0.0s

#5 [1/3] FROM gcr.io/fuzzbench/builders/benchmark/ibmswtpm2_fuzzer
#5 sha256:5e0f0cfe53e233c0b40e49686763d300ef2e61273736e0cdff9b6d9ffb2dccef
#5 DONE 0.0s

#4 importing cache manifest from gcr.io/fuzzbench/builders/afl/ibmswtpm2_fuzzer-intermediate
#4 sha256:55b7f1e260a1bcab1a74663b6c88ee4ef3ab9bc49e5796d5228a20e1ba2b2f8d
#4 DONE 0.0s

#6 [2/3] RUN git clone https://github.com/google/AFL.git /afl &&     cd /afl &&     git checkout 61037103ae3722c8060ff7082994836a794f978e &&     AFL_NO_X86=1 make
#6 sha256:52034e01b2ff67f14515f030b11b49d2de15306bb9950ea4e354e846269e4994
#6 CACHED

#7 [3/3] RUN apt-get update &&     apt-get install wget -y &&     wget https://raw.githubusercontent.com/llvm/llvm-project/5feb80e748924606531ba28c97fe65145c65372e/compiler-rt/lib/fuzzer/afl/afl_driver.cpp -O /afl/afl_driver.cpp &&     clang -Wno-pointer-sign -c /afl/llvm_mode/afl-llvm-rt.o.c -I/afl &&     clang++ -stdlib=libc++ -std=c++11 -O2 -c /afl/afl_driver.cpp &&     ar r /libAFL.a *.o
#7 sha256:1110fad3b57553e6265c879fe935dff0bd3f7691d62c6d0131ab2ad4c860a50c
#7 CACHED

#8 exporting to image
#8 sha256:e8c613e07b0b7ff33893b694f7759a10d42e180f2b4dc349fb57dc6b71dcab00
#8 exporting layers done
#8 writing image sha256:9504b7cb194c1653a3b39b199d661e64b197478b32b03e38efc9b72493ef6075 done
#8 naming to gcr.io/fuzzbench/builders/afl/ibmswtpm2_fuzzer-intermediate done
#8 DONE 0.5s

#9 exporting cache
#9 sha256:2700d4ef94dee473593c5c614b55b2dedcca7893909811a8f2b48291a1f581e4
#9 preparing build cache for export done
#9 DONE 0.0s
#1 [internal] load build definition from Dockerfile
#1 sha256:bcb702f38dd1b089248468bcb501230e82ab87cc84f4073ccc28663a8fa41727
#1 transferring dockerfile: 2.00kB done
#1 DONE 0.1s

#2 [internal] load .dockerignore
#2 sha256:ecedcf841ca1a2813e4ca6b51c93c965e7722eeaabc2ddd800d64d7d4774788d
#2 transferring context: 34B done
#2 DONE 0.2s

#3 [internal] load metadata for docker.io/library/ubuntu:xenial
#3 sha256:f62bae18ed588840f045c881b2502661f2a89578a2f8f99b83f5200ee83dd25b
#3 DONE 0.0s

#5 [1/7] FROM docker.io/library/ubuntu:xenial
#5 sha256:14dd403f25ae9e519bd44f27dc17af7ce80f5a4f9f48ca88108364e67ec5d360
#5 DONE 0.0s

#4 importing cache manifest from gcr.io/fuzzbench/base-image
#4 sha256:9b220ebb4d4daceed1b96df9b6dca076e762f1cd612574f010b82d5b9e5ad896
#4 DONE 0.0s

#8 [internal] load build context
#8 sha256:4b3f1a886c4f7f867ba0f243c193627301990cdc9024d027ac1a53b352ce8232
#8 transferring context: 559B 0.1s done
#8 DONE 0.2s

#7 [3/7] RUN cd /tmp/ &&     curl -O https://www.python.org/ftp/python/3.8.6/Python-3.8.6.tar.xz &&     tar -xvf Python-3.8.6.tar.xz &&     cd Python-3.8.6 &&     ./configure --enable-loadable-sqlite-extensions --enable-optimizations &&     make -j install &&     rm -r /tmp/Python-3.8.6.tar.xz /tmp/Python-3.8.6
#7 sha256:c5b9d1fb3371e84dbc60b76e7b2f8d5913bc93bcd4910ab65daa03e7b2ec4bb0
#7 CACHED

#9 [4/7] COPY ./requirements.txt /
#9 sha256:e64726a299c9474e3776e748f4fc934ea22fd794bb9de2722ff61c68aff31fb2
#9 CACHED

#10 [5/7] RUN pip3 install -r /requirements.txt
#10 sha256:ea6ec36730e483b6efbe1064403ad885d6ed1939b0bd55a0d284543890fe7b80
#10 CACHED

#11 [6/7] RUN apt-get update -y && apt-get install -y     apt-transport-https     lsb-release
#11 sha256:2888fe6eab8e451b98f91c04ffd52ad3ffca1552b83f22c65b3252a2f489ef58
#11 CACHED

#6 [2/7] RUN apt-get update -y && apt-get install -y     build-essential     rsync     curl     zlib1g-dev     libncurses5-dev     libgdbm-dev     libnss3-dev     libssl-dev     libreadline-dev     libffi-dev     virtualenv     libbz2-dev     liblzma-dev     libsqlite3-dev
#6 sha256:3a1b0960f17eed529eaae93dc8fd3554f2743dd584d8fa569cdbe6bc734371ac
#6 CACHED

#12 [7/7] RUN CLOUD_SDK_REPO="cloud-sdk-$(lsb_release -c -s)" &&     echo "deb https://packages.cloud.google.com/apt $CLOUD_SDK_REPO main"     | tee -a /etc/apt/sources.list.d/google-cloud-sdk.list &&     curl https://packages.cloud.google.com/apt/doc/apt-key.gpg     | apt-key add - &&     apt-get update -y &&     apt-get install -y google-cloud-sdk
#12 sha256:9779026a5dade7291cdfce2f3b4e978b9d25b3c084e63596c35b444db3d53581
#12 CACHED

#13 exporting to image
#13 sha256:e8c613e07b0b7ff33893b694f7759a10d42e180f2b4dc349fb57dc6b71dcab00
#13 exporting layers done
#13 writing image sha256:3e04b5fd0a277df2bc5cd3367dbf9178b152077681f3e4447621291a56e5d56f 0.0s done
#13 naming to gcr.io/fuzzbench/base-image done
#13 DONE 0.1s

#14 exporting cache
#14 sha256:2700d4ef94dee473593c5c614b55b2dedcca7893909811a8f2b48291a1f581e4
#14 preparing build cache for export done
#14 DONE 0.0s
#1 [internal] load build definition from Dockerfile
#1 sha256:58de0de01ffba0d4b9320f3b168af9d1ff2740e643c3ff249ccaeb3e38aba747
#1 transferring dockerfile: 2.22kB done
#1 DONE 0.1s

#2 [internal] load .dockerignore
#2 sha256:8c938e64fc3c53c176de9b44bcb156dc578ef35b953cccb515376f1a207eb836
#2 transferring context: 34B done
#2 DONE 0.1s

#4 [internal] load metadata for gcr.io/fuzzbench/base-image:latest
#4 sha256:932022888f650cc455b10eb5123bb08c0cccacac29a693e69314abbfd28a72c3
#4 DONE 0.0s

#3 [internal] load metadata for gcr.io/fuzzbench/builders/afl/ibmswtpm2_fuzzer-intermediate:latest
#3 sha256:4293a8dbd911609ab625347f05750123270feda5ffc97cb959f03886cbee0404
#3 DONE 0.0s

#7 [base-image 1/1] FROM gcr.io/fuzzbench/base-image
#7 sha256:4d07825694520f8b6f6a0d8592dbd345433361ae044cb7f06706c5a95e3daaad
#7 DONE 0.0s

#6 [stage-1  1/13] FROM gcr.io/fuzzbench/builders/afl/ibmswtpm2_fuzzer-intermediate
#6 sha256:01b6da94182f8db7af92b42cb177084dcca51d8e770a9fdcfbbdaf3a33bfa0b6
#6 DONE 0.0s

#5 importing cache manifest from gcr.io/fuzzbench/builders/afl/ibmswtpm2_fuzzer
#5 sha256:70ccb2d646b15a9cc05194d6bb3a541ffc7d83886e106ee8fcb6389a55c3d221
#5 DONE 0.0s

#12 [internal] load build context
#12 sha256:f104f22efd689d52aa6cdba736c1d2bfefdd35b9b86dd66ceb069b55a65389a9
#12 transferring context: 669.87kB 0.1s done
#12 DONE 0.3s

#15 [stage-1  8/13] COPY benchmarks/ibmswtpm2_fuzzer/benchmark.yaml /
#15 sha256:bb33dd1bfba09451c3c8aa87c76d96ac6912824bfc3146bfbb338b726ff08af8
#15 CACHED

#16 [stage-1  9/13] RUN mkdir /opt/fuzzbench/
#16 sha256:99a21fc91d14a9d6ba7c13e52ea922ba34bc352257a71c0d0c5889acb3338bff
#16 CACHED

#17 [stage-1 10/13] COPY docker/benchmark-builder/checkout_commit.py /opt/fuzzbench/
#17 sha256:0094bfa714e4c958f7743fa27b1a8c01dae4e803b38e316726b2491f627f8dc1
#17 CACHED

#13 [stage-1  6/13] COPY fuzzers /src/fuzzers
#13 sha256:4cc477180f6ac1404bc77e9b73e8907491b1002aaed13b6e7c431a6cbb0bf31c
#13 CACHED

#18 [stage-1 11/13] RUN export CHECKOUT_COMMIT=$(cat /benchmark.yaml | tr -d ' ' | grep 'commit:' | cut -d ':' -f2) &&     python3 -u /opt/fuzzbench/checkout_commit.py $CHECKOUT_COMMIT /src
#18 sha256:00bcf0f82e49847f98bebbb8d60014fa652204bda8dfecdc13b21c5862cae8db
#18 CACHED

#9 [stage-1  3/13] COPY --from=base-image /usr/local/lib/python3.8 /usr/local/lib/python3.8
#9 sha256:601734ef2f10760298fd82c798bf4eeda6070767c0db2b36aade156e4c88617a
#9 CACHED

#19 [stage-1 12/13] RUN echo "#!/bin/bash\nPYTHONPATH=/src python3 -u -c "from fuzzers import utils; utils.initialize_env(); from fuzzers.afl import fuzzer; fuzzer.build()"" > /usr/bin/fuzzer_build &&     chmod +x /usr/bin/fuzzer_build
#19 sha256:0729c1b4cdde39231bf0ad843224a7bd6d196b164903a87680d2f74fe453ae1d
#19 CACHED

#14 [stage-1  7/13] RUN touch /src/__init__.py
#14 sha256:eb99579817143ca11861dca07a3f34052ecc1167e14fb8f9490dfa2f93caa7c0
#14 CACHED

#8 [stage-1  2/13] COPY --from=base-image /usr/local/bin/python3* /usr/local/bin/
#8 sha256:617e7fa1ae62bb981325643e14fc86e17fef325bdfe5e5580bc6da81694bf5d0
#8 CACHED

#10 [stage-1  4/13] COPY --from=base-image /usr/local/include/python3.8 /usr/local/include/python3.8
#10 sha256:75411680ba267fbe55b49ccc52e0afdce6cb7f607b7d33dd19d8deb97f281d32
#10 CACHED

#11 [stage-1  5/13] COPY --from=base-image /usr/local/lib/python3.8/site-packages /usr/local/lib/python3.8/site-packages
#11 sha256:d3a38b36e1b975ac999f680863a278ca6b259d43a5cb576c445f1744fade94e9
#11 CACHED

#20 [stage-1 13/13] RUN echo "Run fuzzer_build to build the target" && if [ -z "$debug_builder" ] ; then fuzzer_build; fi
#20 sha256:3dc5590a1dacc58cf114d4f3d3802da2e17801a9a963887eac8b969ecb2cb346
#20 CACHED

#21 exporting to image
#21 sha256:e8c613e07b0b7ff33893b694f7759a10d42e180f2b4dc349fb57dc6b71dcab00
#21 exporting layers done
#21 writing image sha256:e375a7722334fc0469e88eeac37286e8f7f58535c26fb84b3ed5e5899cafa75e 0.0s done
#21 naming to gcr.io/fuzzbench/builders/afl/ibmswtpm2_fuzzer done
#21 DONE 0.6s

#22 exporting cache
#22 sha256:2700d4ef94dee473593c5c614b55b2dedcca7893909811a8f2b48291a1f581e4
#22 preparing build cache for export done
#22 DONE 0.0s
#1 [internal] load build definition from runner.Dockerfile
#1 sha256:fdb2a50065e30681a0919834322cdca252423231e6db123abaeafbd6a67d4e49
#1 transferring dockerfile: 656B done
#1 DONE 0.1s

#2 [internal] load .dockerignore
#2 sha256:7b640590d39c148db81f9aac3692b739426334a461064b61fcb734a86c8e6105
#2 transferring context: 2B done
#2 DONE 0.2s

#3 [internal] load metadata for gcr.io/fuzzbench/base-image:latest
#3 sha256:932022888f650cc455b10eb5123bb08c0cccacac29a693e69314abbfd28a72c3
#3 DONE 0.0s

#4 importing cache manifest from gcr.io/fuzzbench/runners/afl/ibmswtpm2_fuzzer-intermediate
#4 sha256:f5c4a45906a7f1e842453fb15d810eaf5f3638ce70e48c44fe69b6d4c8a3c6f7
#4 DONE 0.0s

#5 [1/1] FROM gcr.io/fuzzbench/base-image
#5 sha256:4d07825694520f8b6f6a0d8592dbd345433361ae044cb7f06706c5a95e3daaad
#5 CACHED

#6 exporting to image
#6 sha256:e8c613e07b0b7ff33893b694f7759a10d42e180f2b4dc349fb57dc6b71dcab00
#6 exporting layers done
#6 writing image sha256:4efbd5e416c83953b598ff82cefe236e4f25c5eeda46088ba83e35554e2d5ee7 0.0s done
#6 naming to gcr.io/fuzzbench/runners/afl/ibmswtpm2_fuzzer-intermediate done
#6 DONE 0.2s

#7 exporting cache
#7 sha256:2700d4ef94dee473593c5c614b55b2dedcca7893909811a8f2b48291a1f581e4
#7 preparing build cache for export done
#7 DONE 0.0s
#1 [internal] load build definition from Dockerfile
#1 sha256:7a75ed131da594b980728465acd8b2f328c634534b8bd3dcb363fe89001c5bc9
#1 transferring dockerfile: 3.17kB done
#1 DONE 0.1s

#2 [internal] load .dockerignore
#2 sha256:7b78132ac401b8c53c39b7378ccdb9cf5e47127c3b1516768f29676095a45676
#2 transferring context: 34B done
#2 DONE 0.1s

#4 [internal] load metadata for gcr.io/fuzzbench/builders/afl/ibmswtpm2_fuzzer:latest
#4 sha256:e1aef5447ae94c2ae011c8bfff0f8d168998cb8bb9914cbad096e9c176cc9d30
#4 DONE 0.0s

#3 [internal] load metadata for gcr.io/fuzzbench/runners/afl/ibmswtpm2_fuzzer-intermediate:latest
#3 sha256:1a7e284959ecbca8944b54e046e1715c5825f93454c99d64c4889406c1481720
#3 DONE 0.0s

#6 [stage-1  1/13] FROM gcr.io/fuzzbench/runners/afl/ibmswtpm2_fuzzer-intermediate
#6 sha256:a28226c326fd1a6ce2e587f64375eb23284a20840484f240982c87b06992e884
#6 DONE 0.0s

#5 importing cache manifest from gcr.io/fuzzbench/runners/afl/ibmswtpm2_fuzzer
#5 sha256:22358bbb3b5dbd89c5df62e53c97f466991d6ebb784832653f137d103629922a
#5 DONE 0.0s

#10 [builder 1/1] FROM gcr.io/fuzzbench/builders/afl/ibmswtpm2_fuzzer
#10 sha256:8dc27a3572677ba74412419ad9310747734315fa25280970347c277411e4959a
#10 DONE 0.0s

#12 [internal] load build context
#12 sha256:4fefdba184d5d717f440763aed473e558000988aa4952ced94af345b6cffda05
#12 transferring context: 17.54MB 0.6s done
#12 DONE 0.7s

#8 [stage-1  3/13] RUN mkdir -p /out
#8 sha256:33df23188c995343423171d8e201c8146fcd0b7e0391be82d8892b1b83d8d5f6
#8 CACHED

#11 [stage-1  5/13] COPY --from=builder /out/ ./
#11 sha256:e245f0b9896750851be823660e80d666607b93ad5a0c7fb040639b3e1f418942
#11 CACHED

#7 [stage-1  2/13] RUN apt-get update -y && apt-get install -y     libglib2.0-0     libxml2     libarchive13     libgss3
#7 sha256:6d0d6bb0f295156de5cdec5dfc4d99b8ca4167b2eb4575ae0a4baee7b32f8757
#7 CACHED

#13 [stage-1  6/13] COPY benchmarks /src/benchmarks
#13 sha256:900587c44dd90bdbec831d3aa27d0722e3774d2aede429d63af27072ded630d9
#13 CACHED

#14 [stage-1  7/13] COPY fuzzers /src/fuzzers
#14 sha256:14f6227df3576a28e8f47976c05d88b9e2f967a4f51b5fec8918fc998df19918
#14 CACHED

#16 [stage-1  9/13] RUN mkdir -p /out/seeds /out/corpus
#16 sha256:ba09fa70ba10cd420d6403ca5a798fa0ba0312e0ed1260565289f9ee597f559b
#16 CACHED

#17 [stage-1 10/13] COPY common /src/common
#17 sha256:002418951998dde4060b4025158011cc9ade3c174441d01006e2a34058b5d2a1
#17 CACHED

#18 [stage-1 11/13] COPY experiment/runner.py /src/experiment/runner.py
#18 sha256:34abd61d39a49ec7072ae3fe1025b9e79f6f640be232563f7cb44a8f8d4360d2
#18 CACHED

#19 [stage-1 12/13] COPY docker/benchmark-runner /src/docker/benchmark-runner
#19 sha256:fad06eacdcae739c0d213f4f4ce7f52032c45d22297be4059ffe5afd66a2133f
#19 CACHED

#9 [stage-1  4/13] WORKDIR /out
#9 sha256:d1c7b0dc61d326d193df07687aa5c82ad741af5e5d7735ed26e6fbdab794efb7
#9 CACHED

#15 [stage-1  8/13] RUN touch __init__.py
#15 sha256:241a45925a39b20efe328043dd142f42d9c370335ebf160fb634ee8cbd17a0a8
#15 CACHED

#20 [stage-1 13/13] RUN chmod +x /src/docker/benchmark-runner/startup-runner.sh
#20 sha256:334666a704147579a37b742d1d97f4cb0194c33d2571a51c63c2389c917158bd
#20 CACHED

#21 exporting to image
#21 sha256:e8c613e07b0b7ff33893b694f7759a10d42e180f2b4dc349fb57dc6b71dcab00
#21 exporting layers done
#21 writing image sha256:fa10996506743df761d6c207150b146d337b48df40465e800d00d62353b5e6b3 0.0s done
#21 naming to gcr.io/fuzzbench/runners/afl/ibmswtpm2_fuzzer done
#21 DONE 0.4s

#22 exporting cache
#22 sha256:2700d4ef94dee473593c5c614b55b2dedcca7893909811a8f2b48291a1f581e4
#22 preparing build cache for export done
#22 DONE 0.0s
INFO:root:Doing trial as part of experiment.
INFO:root:Starting trial.
ERROR:root:Fuzz target binary not found.
INFO:root:Doing final sync.
ERROR:root:Call to <function get_stats at 0x7fb92de31f70> failed. Extras: {'traceback': 'Traceback (most recent call last):\n  File "/src/experiment/runner.py", line 374, in record_stats\n    stats_json_str = fuzzer_module_get_stats(output_corpus,\n  File "/src/fuzzers/afl/fuzzer.py", line 51, in get_stats\n    with open(stats_file) as file_handle:\nFileNotFoundError: [Errno 2] No such file or directory: \'/out/corpus/fuzzer_stats\'\n'}
