WARNING:root:gcloud not found in PATH.
INFO:root:Successfully integrated benchmark: fluent-bit_fluent-bit.
INFO:root:Please run "make test-run-afl-fluent-bit_fluent-bit" to test integration.
#1 [internal] load build definition from Dockerfile
#1 sha256:d7599b4012b330c28e64853900bf759901942495d3b7c6a70f3ff8b038428f4e
#1 transferring dockerfile: 886B done
#1 DONE 0.0s

#2 [internal] load .dockerignore
#2 sha256:05e888506ae6f04e01a66b850329bae5db067cf6a120dede2daf9a9c5d895844
#2 transferring context: 2B done
#2 DONE 0.0s

#3 [internal] load metadata for gcr.io/oss-fuzz-base/base-builder:latest
#3 sha256:f10dc39cc9d418a5bc416dead31a1902b6821fdae909cd3b08f7a3fd1faba7b5
#3 DONE 0.4s

#9 [internal] load build context
#9 sha256:dc9e47ad30ab7f637ffb91ec96576e498c0441a5f35517e0b5a31a12ba1cb6fd
#9 DONE 0.0s

#5 [1/5] FROM gcr.io/oss-fuzz-base/base-builder@sha256:4ad017ca53699eda684c1c444948c93a4af848fe34baee3a765d3c4693fe6a56
#5 sha256:3f10b3978a3951f6e2692fa5e5890ee5a755650381dedece7198ed0b1dcdaa8c
#5 DONE 0.0s

#4 importing cache manifest from gcr.io/fuzzbench/builders/benchmark/fluent-bit_fluent-bit
#4 sha256:6608035b46e1377f81c4b7dafe9bc9e0d2412e2f0719dd310b52fd98d03ff3c4
#4 ERROR: gcr.io/fuzzbench/builders/benchmark/fluent-bit_fluent-bit:latest: not found

#5 [1/5] FROM gcr.io/oss-fuzz-base/base-builder@sha256:4ad017ca53699eda684c1c444948c93a4af848fe34baee3a765d3c4693fe6a56
#5 sha256:3f10b3978a3951f6e2692fa5e5890ee5a755650381dedece7198ed0b1dcdaa8c
#5 CACHED

#9 [internal] load build context
#9 sha256:dc9e47ad30ab7f637ffb91ec96576e498c0441a5f35517e0b5a31a12ba1cb6fd
#9 transferring context: 2.71kB done
#9 DONE 0.0s

#6 [2/5] RUN apt-get update && apt-get install -y make cmake flex bison
#6 sha256:9124a92d0bef806c168245d8cf1c1c664f5ac990ba2114e15c160098599d003f
#6 0.548 Hit:1 http://archive.ubuntu.com/ubuntu focal InRelease
#6 0.548 Hit:2 http://ppa.launchpad.net/git-core/ppa/ubuntu focal InRelease
#6 0.549 Get:3 http://archive.ubuntu.com/ubuntu focal-updates InRelease [114 kB]
#6 0.639 Get:4 http://archive.ubuntu.com/ubuntu focal-backports InRelease [108 kB]
#6 0.686 Get:5 http://security.ubuntu.com/ubuntu focal-security InRelease [114 kB]
#6 1.076 Get:6 http://archive.ubuntu.com/ubuntu focal-updates/universe amd64 Packages [1134 kB]
#6 1.205 Get:7 http://archive.ubuntu.com/ubuntu focal-updates/universe i386 Packages [827 kB]
#6 1.267 Get:8 http://archive.ubuntu.com/ubuntu focal-updates/main i386 Packages [752 kB]
#6 1.323 Get:9 http://archive.ubuntu.com/ubuntu focal-updates/main amd64 Packages [1973 kB]
#6 1.465 Get:10 http://security.ubuntu.com/ubuntu focal-security/main amd64 Packages [1547 kB]
#6 2.020 Fetched 6568 kB in 2s (4202 kB/s)
#6 2.020 Reading package lists...
#6 3.628 Reading package lists...
#6 5.036 Building dependency tree...
#6 5.248 Reading state information...
#6 5.457 make is already the newest version (4.2.1-1.2).
#6 5.457 make set to manually installed.
#6 5.457 The following additional packages will be installed:
#6 5.458   cmake-data libarchive13 libfl-dev libfl2 libjsoncpp1 librhash0 libsigsegv2
#6 5.458   libuv1 m4
#6 5.460 Suggested packages:
#6 5.460   bison-doc cmake-doc ninja-build flex-doc lrzip m4-doc
#6 5.507 The following NEW packages will be installed:
#6 5.508   bison cmake cmake-data flex libarchive13 libfl-dev libfl2 libjsoncpp1
#6 5.509   librhash0 libsigsegv2 libuv1 m4
#6 5.582 0 upgraded, 12 newly installed, 0 to remove and 0 not upgraded.
#6 5.582 Need to get 7081 kB of archives.
#6 5.582 After this operation, 33.0 MB of additional disk space will be used.
#6 5.582 Get:1 http://archive.ubuntu.com/ubuntu focal/main amd64 libsigsegv2 amd64 2.12-2 [13.9 kB]
#6 5.608 Get:2 http://archive.ubuntu.com/ubuntu focal/main amd64 m4 amd64 1.4.18-4 [199 kB]
#6 5.680 Get:3 http://archive.ubuntu.com/ubuntu focal/main amd64 flex amd64 2.6.4-6.2 [317 kB]
#6 5.711 Get:4 http://archive.ubuntu.com/ubuntu focal-updates/main amd64 libuv1 amd64 1.34.2-1ubuntu1.3 [80.8 kB]
#6 5.717 Get:5 http://archive.ubuntu.com/ubuntu focal/main amd64 bison amd64 2:3.5.1+dfsg-1 [657 kB]
#6 5.787 Get:6 http://archive.ubuntu.com/ubuntu focal/main amd64 cmake-data all 3.16.3-1ubuntu1 [1612 kB]
#6 5.964 Get:7 http://archive.ubuntu.com/ubuntu focal/main amd64 libarchive13 amd64 3.4.0-2ubuntu1 [327 kB]
#6 5.999 Get:8 http://archive.ubuntu.com/ubuntu focal/main amd64 libjsoncpp1 amd64 1.7.4-3.1ubuntu2 [75.6 kB]
#6 6.007 Get:9 http://archive.ubuntu.com/ubuntu focal/main amd64 librhash0 amd64 1.3.9-1 [113 kB]
#6 6.020 Get:10 http://archive.ubuntu.com/ubuntu focal/main amd64 cmake amd64 3.16.3-1ubuntu1 [3669 kB]
#6 6.321 Get:11 http://archive.ubuntu.com/ubuntu focal/main amd64 libfl2 amd64 2.6.4-6.2 [11.5 kB]
#6 6.323 Get:12 http://archive.ubuntu.com/ubuntu focal/main amd64 libfl-dev amd64 2.6.4-6.2 [6316 B]
#6 6.562 debconf: delaying package configuration, since apt-utils is not installed
#6 6.618 Fetched 7081 kB in 1s (8830 kB/s)
#6 6.658 Selecting previously unselected package libsigsegv2:amd64.
#6 6.658 (Reading database ... (Reading database ... 5%(Reading database ... 10%(Reading database ... 15%(Reading database ... 20%(Reading database ... 25%(Reading database ... 30%(Reading database ... 35%(Reading database ... 40%(Reading database ... 45%(Reading database ... 50%(Reading database ... 55%(Reading database ... 60%(Reading database ... 65%(Reading database ... 70%(Reading database ... 75%(Reading database ... 80%(Reading database ... 85%(Reading database ... 90%(Reading database ... 95%(Reading database ... 100%(Reading database ... 21291 files and directories currently installed.)
#6 6.688 Preparing to unpack .../00-libsigsegv2_2.12-2_amd64.deb ...
#6 6.696 Unpacking libsigsegv2:amd64 (2.12-2) ...
#6 6.741 Selecting previously unselected package m4.
#6 6.744 Preparing to unpack .../01-m4_1.4.18-4_amd64.deb ...
#6 6.749 Unpacking m4 (1.4.18-4) ...
#6 6.812 Selecting previously unselected package flex.
#6 6.815 Preparing to unpack .../02-flex_2.6.4-6.2_amd64.deb ...
#6 6.818 Unpacking flex (2.6.4-6.2) ...
#6 6.893 Selecting previously unselected package libuv1:amd64.
#6 6.896 Preparing to unpack .../03-libuv1_1.34.2-1ubuntu1.3_amd64.deb ...
#6 6.900 Unpacking libuv1:amd64 (1.34.2-1ubuntu1.3) ...
#6 6.950 Selecting previously unselected package bison.
#6 6.953 Preparing to unpack .../04-bison_2%3a3.5.1+dfsg-1_amd64.deb ...
#6 6.960 Unpacking bison (2:3.5.1+dfsg-1) ...
#6 7.065 Selecting previously unselected package cmake-data.
#6 7.068 Preparing to unpack .../05-cmake-data_3.16.3-1ubuntu1_all.deb ...
#6 7.074 Unpacking cmake-data (3.16.3-1ubuntu1) ...
#6 7.680 Selecting previously unselected package libarchive13:amd64.
#6 7.684 Preparing to unpack .../06-libarchive13_3.4.0-2ubuntu1_amd64.deb ...
#6 7.688 Unpacking libarchive13:amd64 (3.4.0-2ubuntu1) ...
#6 7.764 Selecting previously unselected package libjsoncpp1:amd64.
#6 7.767 Preparing to unpack .../07-libjsoncpp1_1.7.4-3.1ubuntu2_amd64.deb ...
#6 7.771 Unpacking libjsoncpp1:amd64 (1.7.4-3.1ubuntu2) ...
#6 7.834 Selecting previously unselected package librhash0:amd64.
#6 7.838 Preparing to unpack .../08-librhash0_1.3.9-1_amd64.deb ...
#6 7.843 Unpacking librhash0:amd64 (1.3.9-1) ...
#6 7.899 Selecting previously unselected package cmake.
#6 7.902 Preparing to unpack .../09-cmake_3.16.3-1ubuntu1_amd64.deb ...
#6 7.907 Unpacking cmake (3.16.3-1ubuntu1) ...
#6 8.390 Selecting previously unselected package libfl2:amd64.
#6 8.393 Preparing to unpack .../10-libfl2_2.6.4-6.2_amd64.deb ...
#6 8.397 Unpacking libfl2:amd64 (2.6.4-6.2) ...
#6 8.435 Selecting previously unselected package libfl-dev:amd64.
#6 8.438 Preparing to unpack .../11-libfl-dev_2.6.4-6.2_amd64.deb ...
#6 8.444 Unpacking libfl-dev:amd64 (2.6.4-6.2) ...
#6 8.509 Setting up libarchive13:amd64 (3.4.0-2ubuntu1) ...
#6 8.525 Setting up libuv1:amd64 (1.34.2-1ubuntu1.3) ...
#6 8.541 Setting up libsigsegv2:amd64 (2.12-2) ...
#6 8.558 Setting up libfl2:amd64 (2.6.4-6.2) ...
#6 8.574 Setting up librhash0:amd64 (1.3.9-1) ...
#6 8.587 Setting up cmake-data (3.16.3-1ubuntu1) ...
#6 8.604 Setting up libjsoncpp1:amd64 (1.7.4-3.1ubuntu2) ...
#6 8.617 Setting up m4 (1.4.18-4) ...
#6 8.633 Setting up bison (2:3.5.1+dfsg-1) ...
#6 8.652 update-alternatives: using /usr/bin/bison.yacc to provide /usr/bin/yacc (yacc) in auto mode
#6 8.652 update-alternatives: warning: skip creation of /usr/share/man/man1/yacc.1.gz because associated file /usr/share/man/man1/bison.yacc.1.gz (of link group yacc) doesn't exist
#6 8.660 Setting up cmake (3.16.3-1ubuntu1) ...
#6 8.673 Setting up flex (2.6.4-6.2) ...
#6 8.687 Setting up libfl-dev:amd64 (2.6.4-6.2) ...
#6 8.700 Processing triggers for libc-bin (2.31-0ubuntu9.2) ...
#6 DONE 9.2s

#7 [3/5] RUN git clone https://github.com/fluent/fluent-bit/
#7 sha256:c5ccc8583419c151b9990b98c4a27156d23ffb81876ed6770a06428af3e912f4
#7 0.595 Cloning into 'fluent-bit'...
#7 DONE 9.6s

#8 [4/5] WORKDIR /src
#8 sha256:b19451156fd83226efdb3f2e6d8024bc6dda45171ddcc92e1caf6fb9a8bf47f0
#8 DONE 0.1s

#10 [5/5] COPY build.sh /src/
#10 sha256:f679cda88f11cfba822fe4332eb1fa78fa548eacded8b2b50ae9386a60ff4e5a
#10 DONE 0.2s

#11 exporting to image
#11 sha256:e8c613e07b0b7ff33893b694f7759a10d42e180f2b4dc349fb57dc6b71dcab00
#11 exporting layers done
#11 writing image sha256:9816d0533eb5e224303bc2bf6d7accc79bc1f405bb527cc0eb9a1714c521010d
#11 writing image sha256:9816d0533eb5e224303bc2bf6d7accc79bc1f405bb527cc0eb9a1714c521010d done
#11 naming to gcr.io/fuzzbench/builders/benchmark/fluent-bit_fluent-bit done
#11 DONE 0.1s

#12 exporting cache
#12 sha256:2700d4ef94dee473593c5c614b55b2dedcca7893909811a8f2b48291a1f581e4
#12 preparing build cache for export done
#12 DONE 0.0s
------
 > importing cache manifest from gcr.io/fuzzbench/builders/benchmark/fluent-bit_fluent-bit:
------
#1 [internal] load build definition from builder.Dockerfile
#1 sha256:f2a584bad7a40f29934369b1fb86265fdfea6e978d7ce8c1ef3bf116b7f5fd45
#1 transferring dockerfile: 46B done
#1 DONE 0.0s

#2 [internal] load .dockerignore
#2 sha256:c5e18276c70a2ce65fc9ebd4d80e0ca38dddca16c1dfbc8abb3ff6bbce352c0e
#2 transferring context: 2B done
#2 DONE 0.0s

#3 [internal] load metadata for gcr.io/fuzzbench/builders/benchmark/fluent-bit_fluent-bit:latest
#3 sha256:f741f5c1b233f45945eeaad2da4bc5a0e2d93b5e7465708289641bd803a5aaae
#3 DONE 0.0s

#5 [1/3] FROM gcr.io/fuzzbench/builders/benchmark/fluent-bit_fluent-bit
#5 sha256:d35901096ea2f92cfc51cfb478683a5ab895e00b2c42bc40aab33af60191c08e
#5 DONE 0.0s

#4 importing cache manifest from gcr.io/fuzzbench/builders/afl/fluent-bit_fluent-bit-intermediate
#4 sha256:bb7cffaa75b249a36039175618c5c43b46fd3458b23788c6d33f5a5c9bef1ab3
#4 ERROR: gcr.io/fuzzbench/builders/afl/fluent-bit_fluent-bit-intermediate:latest: not found

#5 [1/3] FROM gcr.io/fuzzbench/builders/benchmark/fluent-bit_fluent-bit
#5 sha256:d35901096ea2f92cfc51cfb478683a5ab895e00b2c42bc40aab33af60191c08e
#5 DONE 0.4s

#6 [2/3] RUN git clone https://github.com/google/AFL.git /afl &&     cd /afl &&     git checkout 61037103ae3722c8060ff7082994836a794f978e &&     AFL_NO_X86=1 make
#6 sha256:129947cd6854d5bed0798c389bafc64abb2a82774b3dca25339efc41609f8ffa
#6 0.322 Cloning into '/afl'...
#6 1.404 Note: switching to '61037103ae3722c8060ff7082994836a794f978e'.
#6 1.404 
#6 1.404 You are in 'detached HEAD' state. You can look around, make experimental
#6 1.404 changes and commit them, and you can discard any commits you make in this
#6 1.404 state without impacting any branches by switching back to a branch.
#6 1.404 
#6 1.404 If you want to create a new branch to retain commits you create, you may
#6 1.404 do so (now or later) by using -c with the switch command. Example:
#6 1.404 
#6 1.404   git switch -c <new-branch-name>
#6 1.404 
#6 1.404 Or undo this operation with:
#6 1.404 
#6 1.404   git switch -
#6 1.404 
#6 1.404 Turn off this advice by setting config variable advice.detachedHead to false
#6 1.404 
#6 1.404 HEAD is now at 6103710 Fix a typo filename comparison in the fuzzer (#139)
#6 1.422 [!] Note: skipping x86 compilation checks (AFL_NO_X86 set).
#6 1.423 clang -O1 -fno-omit-frame-pointer -gline-tables-only -DFUZZING_BUILD_MODE_UNSAFE_FOR_PRODUCTION -Wall -D_FORTIFY_SOURCE=2 -g -Wno-pointer-sign -DAFL_PATH=\"/usr/local/lib/afl\" -DDOC_PATH=\"/usr/local/share/doc/afl\" -DBIN_PATH=\"/usr/local/bin\" afl-gcc.c -o afl-gcc -ldl
#6 1.603 set -e; for i in afl-g++ afl-clang afl-clang++; do ln -sf afl-gcc $i; done
#6 1.608 clang -O1 -fno-omit-frame-pointer -gline-tables-only -DFUZZING_BUILD_MODE_UNSAFE_FOR_PRODUCTION -Wall -D_FORTIFY_SOURCE=2 -g -Wno-pointer-sign -DAFL_PATH=\"/usr/local/lib/afl\" -DDOC_PATH=\"/usr/local/share/doc/afl\" -DBIN_PATH=\"/usr/local/bin\" afl-fuzz.c -o afl-fuzz -ldl
#6 3.983 clang -O1 -fno-omit-frame-pointer -gline-tables-only -DFUZZING_BUILD_MODE_UNSAFE_FOR_PRODUCTION -Wall -D_FORTIFY_SOURCE=2 -g -Wno-pointer-sign -DAFL_PATH=\"/usr/local/lib/afl\" -DDOC_PATH=\"/usr/local/share/doc/afl\" -DBIN_PATH=\"/usr/local/bin\" afl-showmap.c -o afl-showmap -ldl
#6 4.299 clang -O1 -fno-omit-frame-pointer -gline-tables-only -DFUZZING_BUILD_MODE_UNSAFE_FOR_PRODUCTION -Wall -D_FORTIFY_SOURCE=2 -g -Wno-pointer-sign -DAFL_PATH=\"/usr/local/lib/afl\" -DDOC_PATH=\"/usr/local/share/doc/afl\" -DBIN_PATH=\"/usr/local/bin\" afl-tmin.c -o afl-tmin -ldl
#6 4.737 clang -O1 -fno-omit-frame-pointer -gline-tables-only -DFUZZING_BUILD_MODE_UNSAFE_FOR_PRODUCTION -Wall -D_FORTIFY_SOURCE=2 -g -Wno-pointer-sign -DAFL_PATH=\"/usr/local/lib/afl\" -DDOC_PATH=\"/usr/local/share/doc/afl\" -DBIN_PATH=\"/usr/local/bin\" afl-gotcpu.c -o afl-gotcpu -ldl
#6 4.886 clang -O1 -fno-omit-frame-pointer -gline-tables-only -DFUZZING_BUILD_MODE_UNSAFE_FOR_PRODUCTION -Wall -D_FORTIFY_SOURCE=2 -g -Wno-pointer-sign -DAFL_PATH=\"/usr/local/lib/afl\" -DDOC_PATH=\"/usr/local/share/doc/afl\" -DBIN_PATH=\"/usr/local/bin\" afl-analyze.c -o afl-analyze -ldl
#6 5.282 clang -O1 -fno-omit-frame-pointer -gline-tables-only -DFUZZING_BUILD_MODE_UNSAFE_FOR_PRODUCTION -Wall -D_FORTIFY_SOURCE=2 -g -Wno-pointer-sign -DAFL_PATH=\"/usr/local/lib/afl\" -DDOC_PATH=\"/usr/local/share/doc/afl\" -DBIN_PATH=\"/usr/local/bin\" afl-as.c -o afl-as -ldl
#6 5.528 ln -sf afl-as as
#6 5.529 [!] Note: skipping build tests (you may need to use LLVM or QEMU mode).
#6 5.531 [+] LLVM users: see llvm_mode/README.llvm for a faster alternative to afl-gcc.
#6 5.532 [+] All done! Be sure to review README - it's pretty short and useful.
#6 DONE 6.0s

#7 [3/3] RUN apt-get update &&     apt-get install wget -y &&     wget https://raw.githubusercontent.com/llvm/llvm-project/5feb80e748924606531ba28c97fe65145c65372e/compiler-rt/lib/fuzzer/afl/afl_driver.cpp -O /afl/afl_driver.cpp &&     clang -Wno-pointer-sign -c /afl/llvm_mode/afl-llvm-rt.o.c -I/afl &&     clang++ -stdlib=libc++ -std=c++11 -O2 -c /afl/afl_driver.cpp &&     ar r /libAFL.a *.o
#7 sha256:71203c8ed4426a8a27e9029781a94c234f8fd1f406b4736993fec35bdef2a13c
#7 0.719 Hit:1 http://ppa.launchpad.net/git-core/ppa/ubuntu focal InRelease
#7 0.719 Hit:2 http://archive.ubuntu.com/ubuntu focal InRelease
#7 0.719 Hit:3 http://archive.ubuntu.com/ubuntu focal-updates InRelease
#7 0.736 Hit:4 http://archive.ubuntu.com/ubuntu focal-backports InRelease
#7 0.827 Hit:5 http://security.ubuntu.com/ubuntu focal-security InRelease
#7 1.658 Reading package lists...
#7 3.143 Reading package lists...
#7 4.552 Building dependency tree...
#7 4.766 Reading state information...
#7 5.010 wget is already the newest version (1.20.3-1ubuntu2).
#7 5.010 0 upgraded, 0 newly installed, 0 to remove and 0 not upgraded.
#7 5.025 --2022-02-16 16:33:01--  https://raw.githubusercontent.com/llvm/llvm-project/5feb80e748924606531ba28c97fe65145c65372e/compiler-rt/lib/fuzzer/afl/afl_driver.cpp
#7 5.027 Resolving raw.githubusercontent.com (raw.githubusercontent.com)... 185.199.111.133, 185.199.109.133, 185.199.110.133, ...
#7 5.029 Connecting to raw.githubusercontent.com (raw.githubusercontent.com)|185.199.111.133|:443... connected.
#7 5.052 HTTP request sent, awaiting response... 200 OK
#7 5.229 Length: 9177 (9.0K) [text/plain]
#7 5.229 Saving to: '/afl/afl_driver.cpp'
#7 5.230 
#7 5.230      0K ........                                              100% 8.22M=0.001s
#7 5.231 
#7 5.231 2022-02-16 16:33:01 (8.22 MB/s) - '/afl/afl_driver.cpp' saved [9177/9177]
#7 5.231 
#7 7.008 ar: creating /libAFL.a
#7 DONE 7.4s

#8 exporting to image
#8 sha256:e8c613e07b0b7ff33893b694f7759a10d42e180f2b4dc349fb57dc6b71dcab00
#8 exporting layers done
#8 writing image sha256:dc973f2a079e7bb46a80a1b2d81a72040fc599b4338156e393a7b9046d9059ca
#8 writing image sha256:dc973f2a079e7bb46a80a1b2d81a72040fc599b4338156e393a7b9046d9059ca done
#8 naming to gcr.io/fuzzbench/builders/afl/fluent-bit_fluent-bit-intermediate done
#8 DONE 0.1s

#9 exporting cache
#9 sha256:2700d4ef94dee473593c5c614b55b2dedcca7893909811a8f2b48291a1f581e4
#9 preparing build cache for export done
#9 DONE 0.0s
------
 > importing cache manifest from gcr.io/fuzzbench/builders/afl/fluent-bit_fluent-bit-intermediate:
------
#1 [internal] load build definition from Dockerfile
#1 sha256:8d8e888572cab04a6bbb8bbd11a54be9ac695298b70bc15f26aa8b6d4e7f0ed5
#1 transferring dockerfile: 2.00kB done
#1 DONE 0.0s

#2 [internal] load .dockerignore
#2 sha256:82f385ab7d667dfb61de7fd9e8bbcd8289e1c564e0d9e3ab0b40a34c56b444d9
#2 transferring context: 34B done
#2 DONE 0.0s

#3 [internal] load metadata for docker.io/library/ubuntu:xenial
#3 sha256:f62bae18ed588840f045c881b2502661f2a89578a2f8f99b83f5200ee83dd25b
#3 DONE 0.0s

#4 importing cache manifest from gcr.io/fuzzbench/base-image
#4 sha256:9b220ebb4d4daceed1b96df9b6dca076e762f1cd612574f010b82d5b9e5ad896
#4 DONE 0.0s

#5 [1/7] FROM docker.io/library/ubuntu:xenial
#5 sha256:14dd403f25ae9e519bd44f27dc17af7ce80f5a4f9f48ca88108364e67ec5d360
#5 DONE 0.0s

#8 [internal] load build context
#8 sha256:ec9ff8bffaa43285ca7e0fecea0d712c8de0f725a9aff851f0560f0c8935334f
#8 transferring context: 559B 0.0s done
#8 DONE 0.0s

#9 [4/7] COPY ./requirements.txt /
#9 sha256:f49dd0d3be5403f9812475e92c4b02c0356afd0dd9648cb01d8199a1a0404b76
#9 CACHED

#11 [6/7] RUN apt-get update -y && apt-get install -y     apt-transport-https     lsb-release
#11 sha256:7de73d2b9e416540c81e95404678d3fb40ce34cf66552edeff669613a93c4a48
#11 CACHED

#7 [3/7] RUN cd /tmp/ &&     curl -O https://www.python.org/ftp/python/3.8.6/Python-3.8.6.tar.xz &&     tar -xvf Python-3.8.6.tar.xz &&     cd Python-3.8.6 &&     ./configure --enable-loadable-sqlite-extensions --enable-optimizations &&     make -j install &&     rm -r /tmp/Python-3.8.6.tar.xz /tmp/Python-3.8.6
#7 sha256:c5b9d1fb3371e84dbc60b76e7b2f8d5913bc93bcd4910ab65daa03e7b2ec4bb0
#7 CACHED

#10 [5/7] RUN pip3 install -r /requirements.txt
#10 sha256:49609c979c808bf449ae54c3189d425f995ed025ca73bce7ef3222aaa0d79b53
#10 CACHED

#6 [2/7] RUN apt-get update -y && apt-get install -y     build-essential     rsync     curl     zlib1g-dev     libncurses5-dev     libgdbm-dev     libnss3-dev     libssl-dev     libreadline-dev     libffi-dev     virtualenv     libbz2-dev     liblzma-dev     libsqlite3-dev
#6 sha256:3a1b0960f17eed529eaae93dc8fd3554f2743dd584d8fa569cdbe6bc734371ac
#6 CACHED

#12 [7/7] RUN CLOUD_SDK_REPO="cloud-sdk-$(lsb_release -c -s)" &&     echo "deb https://packages.cloud.google.com/apt $CLOUD_SDK_REPO main"     | tee -a /etc/apt/sources.list.d/google-cloud-sdk.list &&     curl https://packages.cloud.google.com/apt/doc/apt-key.gpg     | apt-key add - &&     apt-get update -y &&     apt-get install -y google-cloud-sdk
#12 sha256:9d3a8da8a62978ee6af6ffa8118a7c55655e42a48e21ebd06f0b4f868cec2a57
#12 CACHED

#13 exporting to image
#13 sha256:e8c613e07b0b7ff33893b694f7759a10d42e180f2b4dc349fb57dc6b71dcab00
#13 exporting layers done
#13 writing image sha256:139540fb22a119f888cb3e5ed6e013e8d868574697f5fb839e5da9e23de73e0a done
#13 naming to gcr.io/fuzzbench/base-image done
#13 DONE 0.0s

#14 exporting cache
#14 sha256:2700d4ef94dee473593c5c614b55b2dedcca7893909811a8f2b48291a1f581e4
#14 preparing build cache for export done
#14 DONE 0.0s
#1 [internal] load build definition from Dockerfile
#1 sha256:5c030b6fc1ee4f1bab7498c861fd5dfc708bb778ab082bb193969050a65252bb
#1 transferring dockerfile: 2.22kB done
#1 DONE 0.0s

#2 [internal] load .dockerignore
#2 sha256:7dacb29c6474c8db4d3358b5541774381b268b05cabc4e4bc613a2575a789a41
#2 transferring context: 34B done
#2 DONE 0.0s

#4 [internal] load metadata for gcr.io/fuzzbench/base-image:latest
#4 sha256:932022888f650cc455b10eb5123bb08c0cccacac29a693e69314abbfd28a72c3
#4 DONE 0.0s

#3 [internal] load metadata for gcr.io/fuzzbench/builders/afl/fluent-bit_fluent-bit-intermediate:latest
#3 sha256:bf057f07de9f0019ba953eba37e9899f0e695618215b29e4af5e45ddb6b3415d
#3 DONE 0.0s

#12 [internal] load build context
#12 sha256:623b4f7d56ef34450ebf3f19ea48acfa4785ebabea17db661cf025f7f0ee59e5
#12 DONE 0.0s

#7 [base-image 1/1] FROM gcr.io/fuzzbench/base-image
#7 sha256:4d07825694520f8b6f6a0d8592dbd345433361ae044cb7f06706c5a95e3daaad
#7 DONE 0.0s

#6 [stage-1  1/13] FROM gcr.io/fuzzbench/builders/afl/fluent-bit_fluent-bit-intermediate
#6 sha256:be3afb20676fa981b3be01cb3d6787363e41edc71788b7b3f3f1fcfec981b6a8
#6 DONE 0.0s

#5 importing cache manifest from gcr.io/fuzzbench/builders/afl/fluent-bit_fluent-bit
#5 sha256:5f322f15f0731a6a56542b5132d0446f19f3cf5098fe84f24ab259a62f12edbc
#5 ERROR: gcr.io/fuzzbench/builders/afl/fluent-bit_fluent-bit:latest: not found

#7 [base-image 1/1] FROM gcr.io/fuzzbench/base-image
#7 sha256:4d07825694520f8b6f6a0d8592dbd345433361ae044cb7f06706c5a95e3daaad
#7 CACHED

#12 [internal] load build context
#12 sha256:623b4f7d56ef34450ebf3f19ea48acfa4785ebabea17db661cf025f7f0ee59e5
#12 transferring context: 669.89kB 0.1s done
#12 DONE 0.2s

#6 [stage-1  1/13] FROM gcr.io/fuzzbench/builders/afl/fluent-bit_fluent-bit-intermediate
#6 sha256:be3afb20676fa981b3be01cb3d6787363e41edc71788b7b3f3f1fcfec981b6a8
#6 DONE 0.4s

#8 [stage-1  2/13] COPY --from=base-image /usr/local/bin/python3* /usr/local/bin/
#8 sha256:ca1b027a73b04eb41905a89a41133aada29ecc883915635cd00b52ab76bbd74f
#8 DONE 0.3s

#9 [stage-1  3/13] COPY --from=base-image /usr/local/lib/python3.8 /usr/local/lib/python3.8
#9 sha256:be0076552da2a6c4e8a45161905191d9fa673201a0b95f9dcc63e3a403345242
#9 DONE 15.8s

#10 [stage-1  4/13] COPY --from=base-image /usr/local/include/python3.8 /usr/local/include/python3.8
#10 sha256:9267b615a05a47c66a5ca291995aa8c7d98f8798a7e3f90b95bd7e242183d4c6
#10 DONE 0.4s

#11 [stage-1  5/13] COPY --from=base-image /usr/local/lib/python3.8/site-packages /usr/local/lib/python3.8/site-packages
#11 sha256:1b49b29898350fbb36ac8f4ab163b4fb7022e9c6e7e553ceed73f50933591b50
#11 DONE 17.5s

#13 [stage-1  6/13] COPY fuzzers /src/fuzzers
#13 sha256:0ca099df75d1dc0234f139cf4ea0b98605459bd14e5fa6f37bbcd5489193c744
#13 DONE 0.3s

#14 [stage-1  7/13] RUN touch /src/__init__.py
#14 sha256:e1ccf3825ac76c406d4bf5c0dcb31f3c902b3ea32a02f13fa20f3988aab11e12
#14 DONE 0.7s

#15 [stage-1  8/13] COPY benchmarks/fluent-bit_fluent-bit/benchmark.yaml /
#15 sha256:99605574f3bb5dc5cfa020627eec96bad9113cf4379218f4ab90bff79ee29b4c
#15 DONE 0.3s

#16 [stage-1  9/13] RUN mkdir /opt/fuzzbench/
#16 sha256:6131997a6295a34c3b55a301389efc61c8fd7598e5ad9c5e4725f5e8fa4ea860
#16 DONE 0.7s

#17 [stage-1 10/13] COPY docker/benchmark-builder/checkout_commit.py /opt/fuzzbench/
#17 sha256:f277942358be6a3751fd24e34bfafcdfb8ac67622dc4a5e99273aa6df009c18d
#17 DONE 0.3s

#18 [stage-1 11/13] RUN export CHECKOUT_COMMIT=$(cat /benchmark.yaml | tr -d ' ' | grep 'commit:' | cut -d ':' -f2) &&     python3 -u /opt/fuzzbench/checkout_commit.py $CHECKOUT_COMMIT /src
#18 sha256:7e00123f3a39e92026f81c2af30333cfea8a215b53c716583565d45ed7b3dc4f
#18 0.513 Checking out commit 84faf557
#18 0.519 error: pathspec '84faf557' did not match any file(s) known to git
#18 0.524 error: pathspec '84faf557' did not match any file(s) known to git
#18 0.531 error: pathspec '84faf557' did not match any file(s) known to git
#18 0.553 error: pathspec '84faf557' did not match any file(s) known to git
#18 0.677 Checkout unsuccessful.
#18 DONE 1.2s

#19 [stage-1 12/13] RUN echo "#!/bin/bash\nPYTHONPATH=/src python3 -u -c "from fuzzers import utils; utils.initialize_env(); from fuzzers.afl import fuzzer; fuzzer.build()"" > /usr/bin/fuzzer_build &&     chmod +x /usr/bin/fuzzer_build
#19 sha256:38fc5bd1c3de8aa5273ff9623bd3333880914328bea79ac9594e9d1806dea1b8
#19 DONE 0.7s

#20 [stage-1 13/13] RUN echo "Run fuzzer_build to build the target" && if [ -z "$debug_builder" ] ; then fuzzer_build; fi
#20 sha256:4407e3403cc3b45bd209b238d4ccf993fc543d48cd71af9695dacd1236247065
#20 0.548 Run fuzzer_build to build the target
#20 0.685 FUZZ_TARGET = fluent-bit
#20 0.685 CFLAGS = -DFUZZING_BUILD_MODE_UNSAFE_FOR_PRODUCTION -pthread -Wl,--no-as-needed -Wl,-ldl -Wl,-lm -Wno-unused-command-line-argument -O3
#20 0.685 CXXFLAGS = -DFUZZING_BUILD_MODE_UNSAFE_FOR_PRODUCTION -pthread -Wl,--no-as-needed -Wl,-ldl -Wl,-lm -Wno-unused-command-line-argument -stdlib=libc++ -O3
#20 0.695 Building benchmark fluent-bit_fluent-bit with fuzzer afl
#20 0.698 + cd fluent-bit/build
#20 0.698 + export 'CFLAGS=-DFUZZING_BUILD_MODE_UNSAFE_FOR_PRODUCTION -pthread -Wl,--no-as-needed -Wl,-ldl -Wl,-lm -Wno-unused-command-line-argument -O3 -fsanitize-coverage=trace-pc-guard -fcommon -DFLB_TESTS_OSSFUZZ=ON'
#20 0.698 + CFLAGS='-DFUZZING_BUILD_MODE_UNSAFE_FOR_PRODUCTION -pthread -Wl,--no-as-needed -Wl,-ldl -Wl,-lm -Wno-unused-command-line-argument -O3 -fsanitize-coverage=trace-pc-guard -fcommon -DFLB_TESTS_OSSFUZZ=ON'
#20 0.698 + export 'CXXFLAGS=-DFUZZING_BUILD_MODE_UNSAFE_FOR_PRODUCTION -pthread -Wl,--no-as-needed -Wl,-ldl -Wl,-lm -Wno-unused-command-line-argument -stdlib=libc++ -O3 -fsanitize-coverage=trace-pc-guard -fcommon -DFLB_TESTS_OSSFUZZ=ON'
#20 0.698 + CXXFLAGS='-DFUZZING_BUILD_MODE_UNSAFE_FOR_PRODUCTION -pthread -Wl,--no-as-needed -Wl,-ldl -Wl,-lm -Wno-unused-command-line-argument -stdlib=libc++ -O3 -fsanitize-coverage=trace-pc-guard -fcommon -DFLB_TESTS_OSSFUZZ=ON'
#20 0.699 + INPUT_PLUGINS='-DFLB_IN_COLLECTD=OFF -DFLB_IN_CPU=OFF -DFLB_IN_DISK=OFF -DFLB_IN_DOCKER=OFF -DFLB_IN_EXEC=OFF -DFLB_IN_FORWARD=OFF -DFLB_IN_HEAD=OFF -DFLB_IN_HEALTH=OFF -DFLB_IN_KMSG=OFF -DFLB_IN_MEM=OFF -DFLB_IN_MQTT=OFF -DFLB_IN_NETIF=OFF -DFLB_IN_PROC=OFF -DFLB_IN_RANDOM=OFF -DFLB_IN_SERIAL=OFF -DFLB_IN_STDIN=OFF -DFLB_IN_SYSLOG=OFF -DFLB_IN_SYSTEMD=OFF -DFLB_IN_TAIL=OFF -DFLB_IN_TCP=OFF -DFLB_IN_THERMAL=OFF -DFLB_IN_WINLOG=OFF'
#20 0.699 + OUTPUT_PLUGINS='-DFLB_STREAM_PROCESSOR=Off -DFLB_LUAJIT=OFF -DFLB_FILTER_GREP=OFF -DFLB_FILTER_REWRITE_TAG=OFF -DFLB_OUT_AZURE=OFF -DFLB_OUT_BIGQUERY=OFF -DFLB_OUT_COUNTER=OFF -DFLB_OUT_DATADOG=OFF -DFLB_OUT_ES=OFF -DFLB_OUT_FILE=OFF -DFLB_OUT_FLOWCOUNTER=OFF -DFLB_OUT_FORWARD=OFF -DFLB_OUT_GELF=OFF -DFLB_OUT_HTTP=OFF -DFLB_OUT_INFLUXDB=OFF -DFLB_OUT_KAFKA=OFF -DFLB_OUT_KAFKA_REST=OFF -DFLB_OUT_NATS=OFF -DFLB_OUT_NULL=OFF -DFLB_OUT_PGSQL=OFF -DFLB_OUT_PLOT=OFF -DFLB_OUT_SLACK=OFF -DFLB_OUT_SPLUNK=OFF -DFLB_OUT_STACKDRIVER=OFF -DFLB_OUT_STDOUT=OFF -DFLB_OUT_TCP=OFF -DFLB_OUT_SYSLOG=OFF -DFLB_OUT_NRLOGS=OFF  -DFLB_OUT_LOKI=OFF'
#20 0.699 + FILTER_PLUGINS='-DFLB_FILTER_PARSER=ON  -DFLB_FILTER_RECORD_MODIFIER=OFF -DFLB_FILTER_MODIFY=OFF -DFLB_FILTER_THROTTLE=OFF -DFLB_FILTER_KUBERNETES=OFF -DFLB_FILTER_NEST=OFF -DFLB_FILTER_PARSER=OFF -DFLB_FILTER_AWS=OFF -DFLB_FILTER_ALTER_SIZE=OFF'
#20 0.699 + cmake -DFLB_METRICS=ON -DFLB_DEBUG=On -DMBEDTLS_FATAL_WARNINGS=OFF -DFLB_TESTS_INTERNAL=ON -DFLB_TESTS_INTERNAL_FUZZ=ON -DFLB_TESTS_OSSFUZZ=ON -DFLB_IN_COLLECTD=OFF -DFLB_IN_CPU=OFF -DFLB_IN_DISK=OFF -DFLB_IN_DOCKER=OFF -DFLB_IN_EXEC=OFF -DFLB_IN_FORWARD=OFF -DFLB_IN_HEAD=OFF -DFLB_IN_HEALTH=OFF -DFLB_IN_KMSG=OFF -DFLB_IN_MEM=OFF -DFLB_IN_MQTT=OFF -DFLB_IN_NETIF=OFF -DFLB_IN_PROC=OFF -DFLB_IN_RANDOM=OFF -DFLB_IN_SERIAL=OFF -DFLB_IN_STDIN=OFF -DFLB_IN_SYSLOG=OFF -DFLB_IN_SYSTEMD=OFF -DFLB_IN_TAIL=OFF -DFLB_IN_TCP=OFF -DFLB_IN_THERMAL=OFF -DFLB_IN_WINLOG=OFF -DFLB_FILTER_PARSER=ON -DFLB_FILTER_RECORD_MODIFIER=OFF -DFLB_FILTER_MODIFY=OFF -DFLB_FILTER_THROTTLE=OFF -DFLB_FILTER_KUBERNETES=OFF -DFLB_FILTER_NEST=OFF -DFLB_FILTER_PARSER=OFF -DFLB_FILTER_AWS=OFF -DFLB_FILTER_ALTER_SIZE=OFF -DFLB_STREAM_PROCESSOR=Off -DFLB_LUAJIT=OFF -DFLB_FILTER_GREP=OFF -DFLB_FILTER_REWRITE_TAG=OFF -DFLB_OUT_AZURE=OFF -DFLB_OUT_BIGQUERY=OFF -DFLB_OUT_COUNTER=OFF -DFLB_OUT_DATADOG=OFF -DFLB_OUT_ES=OFF -DFLB_OUT_FILE=OFF -DFLB_OUT_FLOWCOUNTER=OFF -DFLB_OUT_FORWARD=OFF -DFLB_OUT_GELF=OFF -DFLB_OUT_HTTP=OFF -DFLB_OUT_INFLUXDB=OFF -DFLB_OUT_KAFKA=OFF -DFLB_OUT_KAFKA_REST=OFF -DFLB_OUT_NATS=OFF -DFLB_OUT_NULL=OFF -DFLB_OUT_PGSQL=OFF -DFLB_OUT_PLOT=OFF -DFLB_OUT_SLACK=OFF -DFLB_OUT_SPLUNK=OFF -DFLB_OUT_STACKDRIVER=OFF -DFLB_OUT_STDOUT=OFF -DFLB_OUT_TCP=OFF -DFLB_OUT_SYSLOG=OFF -DFLB_OUT_NRLOGS=OFF -DFLB_OUT_LOKI=OFF ..
#20 0.965 -- The C compiler identification is Clang 14.0.0
#20 1.236 -- The CXX compiler identification is Clang 14.0.0
#20 1.255 -- Detecting C compiler ABI info
#20 1.428 -- Detecting C compiler ABI info - done
#20 1.480 -- Check for working C compiler: /usr/local/bin/clang - skipped
#20 1.481 -- Detecting C compile features
#20 1.482 -- Detecting C compile features - done
#20 1.489 -- Detecting CXX compiler ABI info
#20 1.679 -- Detecting CXX compiler ABI info - done
#20 1.746 -- Check for working CXX compiler: /usr/local/bin/clang++ - skipped
#20 1.747 -- Detecting CXX compile features
#20 1.748 -- Detecting CXX compile features - done
#20 1.783 -- Could NOT find PkgConfig (missing: PKG_CONFIG_EXECUTABLE) 
#20 1.794 -- Could NOT find Journald (missing: JOURNALD_LIBRARY JOURNALD_INCLUDE_DIR) 
#20 1.798 -- Found Monkey: /src/fluent-bit/lib/monkey/include  
#20 1.819 -- Found FLEX: /usr/bin/flex (found version "2.6.4") 
#20 1.828 -- Found BISON: /usr/bin/bison (found version "3.5.1") 
#20 1.828 -- Enabling FLB_REGEX since FLB_PARSER requires
#20 1.830 CMake Deprecation Warning at lib/msgpack-c/CMakeLists.txt:1 (cmake_minimum_required):
#20 1.830   Compatibility with CMake < 2.8.12 will be removed from a future version of
#20 1.830   CMake.
#20 1.830 
#20 1.830   Update the VERSION argument <min> value or use a ...<max> suffix to tell
#20 1.830   CMake that the project does not need compatibility with older versions.
#20 1.830 
#20 1.830 
#20 2.049 CMake Deprecation Warning at lib/tutf8e/CMakeLists.txt:1 (cmake_minimum_required):
#20 2.049   Compatibility with CMake < 2.8.12 will be removed from a future version of
#20 2.049   CMake.
#20 2.049 
#20 2.049   Update the VERSION argument <min> value or use a ...<max> suffix to tell
#20 2.049   CMake that the project does not need compatibility with older versions.
#20 2.049 
#20 2.049 
#20 2.096 -- xxHash build type: Debug
#20 2.109 CMake Deprecation Warning at lib/snappy-fef67ac/CMakeLists.txt:1 (cmake_minimum_required):
#20 2.109   Compatibility with CMake < 2.8.12 will be removed from a future version of
#20 2.109   CMake.
#20 2.109 
#20 2.109   Update the VERSION argument <min> value or use a ...<max> suffix to tell
#20 2.109   CMake that the project does not need compatibility with older versions.
#20 2.109 
#20 2.109 
#20 2.115 CMake Deprecation Warning at lib/cmetrics/CMakeLists.txt:1 (cmake_minimum_required):
#20 2.115   Compatibility with CMake < 2.8.12 will be removed from a future version of
#20 2.115   CMake.
#20 2.115 
#20 2.115   Update the VERSION argument <min> value or use a ...<max> suffix to tell
#20 2.115   CMake that the project does not need compatibility with older versions.
#20 2.115 
#20 2.115 
#20 2.121 -- Performing Test CMT_HAVE_TIMESPEC_GET
#20 2.291 -- Performing Test CMT_HAVE_TIMESPEC_GET - Success
#20 2.292 -- Performing Test CMT_HAVE_GMTIME_R
#20 2.461 -- Performing Test CMT_HAVE_GMTIME_R - Success
#20 2.462 -- Performing Test CMT_HAVE_GMTIME_S
#20 2.628 -- Performing Test CMT_HAVE_GMTIME_S - Failed
#20 2.629 -- Performing Test CMT_HAVE_CLOCK_GET_TIME
#20 2.668 -- Performing Test CMT_HAVE_CLOCK_GET_TIME - Failed
#20 2.669 -- Performing Test CMT_HAVE_MSGPACK
#20 2.781 -- Performing Test CMT_HAVE_MSGPACK - Failed
#20 2.842 -- Looking for res_servicename
#20 3.007 -- Looking for res_servicename - not found
#20 3.007 -- Looking for res_servicename in resolv
#20 3.170 -- Looking for res_servicename in resolv - not found
#20 3.170 -- Looking for gethostbyname
#20 3.332 -- Looking for gethostbyname - found
#20 3.333 -- Looking for socket
#20 3.495 -- Looking for socket - found
#20 3.495 -- Looking for clock_gettime
#20 3.661 -- Looking for clock_gettime - found
#20 3.662 -- Looking for include file sys/types.h
#20 3.823 -- Looking for include file sys/types.h - found
#20 3.825 -- Looking for include file sys/socket.h
#20 3.995 -- Looking for include file sys/socket.h - found
#20 3.996 -- Looking for include file arpa/inet.h
#20 4.168 -- Looking for include file arpa/inet.h - found
#20 4.169 -- Looking for include file arpa/nameser_compat.h
#20 4.331 -- Looking for include file arpa/nameser_compat.h - found
#20 4.332 -- Looking for include file arpa/nameser.h
#20 4.504 -- Looking for include file arpa/nameser.h - found
#20 4.505 -- Looking for include file assert.h
#20 4.674 -- Looking for include file assert.h - found
#20 4.675 -- Looking for include file errno.h
#20 4.841 -- Looking for include file errno.h - found
#20 4.842 -- Looking for include file fcntl.h
#20 5.013 -- Looking for include file fcntl.h - found
#20 5.014 -- Looking for include file inttypes.h
#20 5.181 -- Looking for include file inttypes.h - found
#20 5.182 -- Looking for include file limits.h
#20 5.340 -- Looking for include file limits.h - found
#20 5.341 -- Looking for include file malloc.h
#20 5.517 -- Looking for include file malloc.h - found
#20 5.518 -- Looking for include file memory.h
#20 5.684 -- Looking for include file memory.h - found
#20 5.685 -- Looking for include file netdb.h
#20 5.854 -- Looking for include file netdb.h - found
#20 5.856 -- Looking for include file netinet/in.h
#20 6.089 -- Looking for include file netinet/in.h - found
#20 6.090 -- Looking for include file net/if.h
#20 6.258 -- Looking for include file net/if.h - found
#20 6.259 -- Looking for include file signal.h
#20 6.433 -- Looking for include file signal.h - found
#20 6.434 -- Looking for include file socket.h
#20 6.474 -- Looking for include file socket.h - not found
#20 6.475 -- Looking for include file stdbool.h
#20 6.645 -- Looking for include file stdbool.h - found
#20 6.645 -- Looking for include file stdint.h
#20 6.812 -- Looking for include file stdint.h - found
#20 6.813 -- Looking for include file stdlib.h
#20 6.987 -- Looking for include file stdlib.h - found
#20 6.988 -- Looking for include file strings.h
#20 7.199 -- Looking for include file strings.h - found
#20 7.200 -- Looking for include file string.h
#20 7.370 -- Looking for include file string.h - found
#20 7.371 -- Looking for include file stropts.h
#20 7.410 -- Looking for include file stropts.h - not found
#20 7.411 -- Looking for include file sys/ioctl.h
#20 7.576 -- Looking for include file sys/ioctl.h - found
#20 7.577 -- Looking for include file sys/param.h
#20 7.755 -- Looking for include file sys/param.h - found
#20 7.756 -- Looking for include file sys/select.h
#20 7.919 -- Looking for include file sys/select.h - found
#20 7.920 -- Looking for include file sys/stat.h
#20 8.087 -- Looking for include file sys/stat.h - found
#20 8.087 -- Looking for include file sys/time.h
#20 8.251 -- Looking for include file sys/time.h - found
#20 8.252 -- Looking for include file sys/uio.h
#20 8.419 -- Looking for include file sys/uio.h - found
#20 8.420 -- Looking for include file time.h
#20 8.586 -- Looking for include file time.h - found
#20 8.587 -- Looking for include file dlfcn.h
#20 8.754 -- Looking for include file dlfcn.h - found
#20 8.755 -- Looking for include file unistd.h
#20 8.922 -- Looking for include file unistd.h - found
#20 8.923 -- Looking for include files sys/types.h, netinet/tcp.h
#20 9.102 -- Looking for include files sys/types.h, netinet/tcp.h - found
#20 9.103 -- Looking for include files winsock2.h, windows.h
#20 9.142 -- Looking for include files winsock2.h, windows.h - not found
#20 9.144 -- Looking for 3 include files winsock2.h, ..., windows.h
#20 9.184 -- Looking for 3 include files winsock2.h, ..., windows.h - not found
#20 9.185 -- Looking for include files winsock.h, windows.h
#20 9.228 -- Looking for include files winsock.h, windows.h - not found
#20 9.229 -- Looking for include file windows.h
#20 9.269 -- Looking for include file windows.h - not found
#20 9.271 -- Performing Test HAVE_SOCKLEN_T
#20 9.494 -- Performing Test HAVE_SOCKLEN_T - Success
#20 9.495 -- Performing Test HAVE_TYPE_SOCKET
#20 9.595 -- Performing Test HAVE_TYPE_SOCKET - Failed
#20 9.596 -- Performing Test HAVE_BOOL_T
#20 9.817 -- Performing Test HAVE_BOOL_T - Success
#20 9.818 -- Performing Test HAVE_SSIZE_T
#20 10.04 -- Performing Test HAVE_SSIZE_T - Success
#20 10.04 -- Performing Test HAVE_LONGLONG
#20 10.26 -- Performing Test HAVE_LONGLONG - Success
#20 10.26 -- Performing Test HAVE_SIG_ATOMIC_T
#20 10.49 -- Performing Test HAVE_SIG_ATOMIC_T - Success
#20 10.49 -- Performing Test HAVE_STRUCT_ADDRINFO
#20 10.71 -- Performing Test HAVE_STRUCT_ADDRINFO - Success
#20 10.71 -- Performing Test HAVE_STRUCT_IN6_ADDR
#20 10.92 -- Performing Test HAVE_STRUCT_IN6_ADDR - Success
#20 10.93 -- Performing Test HAVE_STRUCT_SOCKADDR_IN6
#20 11.15 -- Performing Test HAVE_STRUCT_SOCKADDR_IN6 - Success
#20 11.15 -- Performing Test HAVE_STRUCT_SOCKADDR_STORAGE
#20 11.36 -- Performing Test HAVE_STRUCT_SOCKADDR_STORAGE - Success
#20 11.36 -- Performing Test HAVE_STRUCT_TIMEVAL
#20 11.59 -- Performing Test HAVE_STRUCT_TIMEVAL - Success
#20 11.59 -- Looking for AF_INET6
#20 11.81 -- Looking for AF_INET6 - found
#20 11.81 -- Looking for O_NONBLOCK
#20 12.02 -- Looking for O_NONBLOCK - found
#20 12.02 -- Looking for FIONBIO
#20 12.23 -- Looking for FIONBIO - found
#20 12.23 -- Looking for SIOCGIFADDR
#20 12.43 -- Looking for SIOCGIFADDR - found
#20 12.43 -- Looking for MSG_NOSIGNAL
#20 12.67 -- Looking for MSG_NOSIGNAL - found
#20 12.67 -- Looking for PF_INET6
#20 12.88 -- Looking for PF_INET6 - found
#20 12.89 -- Looking for SO_NONBLOCK
#20 12.99 -- Looking for SO_NONBLOCK - not found
#20 12.99 -- Looking for CLOCK_MONOTONIC
#20 13.20 -- Looking for CLOCK_MONOTONIC - found
#20 13.20 -- Performing Test HAVE_SOCKADDR_IN6_SIN6_SCOPE_ID
#20 13.42 -- Performing Test HAVE_SOCKADDR_IN6_SIN6_SCOPE_ID - Success
#20 13.42 -- Performing Test HAVE_LL
#20 13.58 -- Performing Test HAVE_LL - Success
#20 13.58 -- Looking for bitncmp
#20 13.68 -- Looking for bitncmp - not found
#20 13.68 -- Looking for closesocket
#20 13.77 -- Looking for closesocket - not found
#20 13.77 -- Looking for CloseSocket
#20 13.86 -- Looking for CloseSocket - not found
#20 13.86 -- Looking for connect
#20 14.08 -- Looking for connect - found
#20 14.09 -- Looking for fcntl
#20 14.30 -- Looking for fcntl - found
#20 14.31 -- Looking for freeaddrinfo
#20 14.52 -- Looking for freeaddrinfo - found
#20 14.52 -- Looking for getaddrinfo
#20 14.74 -- Looking for getaddrinfo - found
#20 14.74 -- Looking for getenv
#20 14.95 -- Looking for getenv - found
#20 14.96 -- Looking for gethostbyaddr
#20 15.18 -- Looking for gethostbyaddr - found
#20 15.18 -- Looking for gethostbyname
#20 15.39 -- Looking for gethostbyname - found
#20 15.39 -- Looking for gethostname
#20 15.61 -- Looking for gethostname - found
#20 15.61 -- Looking for getnameinfo
#20 15.82 -- Looking for getnameinfo - found
#20 15.82 -- Looking for getservbyport_r
#20 16.03 -- Looking for getservbyport_r - found
#20 16.03 -- Looking for getservbyname_r
#20 16.23 -- Looking for getservbyname_r - found
#20 16.24 -- Looking for gettimeofday
#20 16.45 -- Looking for gettimeofday - found
#20 16.45 -- Looking for if_indextoname
#20 16.67 -- Looking for if_indextoname - found
#20 16.67 -- Looking for inet_net_pton
#20 16.88 -- Looking for inet_net_pton - not found
#20 16.88 -- Looking for inet_ntop
#20 17.09 -- Looking for inet_ntop - found
#20 17.09 -- Looking for inet_pton
#20 17.31 -- Looking for inet_pton - found
#20 17.31 -- Looking for ioctl
#20 17.52 -- Looking for ioctl - found
#20 17.53 -- Looking for ioctlsocket
#20 17.62 -- Looking for ioctlsocket - not found
#20 17.62 -- Looking for IoctlSocket
#20 17.72 -- Looking for IoctlSocket - not found
#20 17.72 -- Looking for recv
#20 17.93 -- Looking for recv - found
#20 17.93 -- Looking for recvfrom
#20 18.16 -- Looking for recvfrom - found
#20 18.16 -- Looking for send
#20 18.37 -- Looking for send - found
#20 18.37 -- Looking for setsockopt
#20 18.60 -- Looking for setsockopt - found
#20 18.60 -- Looking for socket
#20 18.81 -- Looking for socket - found
#20 18.81 -- Looking for strcasecmp
#20 19.02 -- Looking for strcasecmp - found
#20 19.02 -- Looking for strcmpi
#20 19.11 -- Looking for strcmpi - not found
#20 19.11 -- Looking for strdup
#20 19.34 -- Looking for strdup - found
#20 19.34 -- Looking for stricmp
#20 19.43 -- Looking for stricmp - not found
#20 19.43 -- Looking for strncasecmp
#20 19.65 -- Looking for strncasecmp - found
#20 19.65 -- Looking for strncmpi
#20 19.75 -- Looking for strncmpi - not found
#20 19.75 -- Looking for strnicmp
#20 19.84 -- Looking for strnicmp - not found
#20 19.84 -- Looking for writev
#20 20.05 -- Looking for writev - found
#20 20.05 -- Looking for __system_property_get
#20 20.22 -- Looking for __system_property_get - not found
#20 20.24 CMake Deprecation Warning at lib/chunkio/CMakeLists.txt:1 (cmake_minimum_required):
#20 20.24   Compatibility with CMake < 2.8.12 will be removed from a future version of
#20 20.24   CMake.
#20 20.24 
#20 20.24   Update the VERSION argument <min> value or use a ...<max> suffix to tell
#20 20.24   CMake that the project does not need compatibility with older versions.
#20 20.24 
#20 20.24 
#20 20.24 -- Performing Test CIO_HAVE_GETPAGESIZE
#20 20.41 -- Performing Test CIO_HAVE_GETPAGESIZE - Success
#20 20.42 -- Performing Test CIO_HAVE_FALLOCATE
#20 20.58 -- Performing Test CIO_HAVE_FALLOCATE - Success
#20 20.59 CMake Deprecation Warning at lib/monkey/CMakeLists.txt:2 (cmake_minimum_required):
#20 20.59   Compatibility with CMake < 2.8.12 will be removed from a future version of
#20 20.59   CMake.
#20 20.59 
#20 20.59   Update the VERSION argument <min> value or use a ...<max> suffix to tell
#20 20.59   CMake that the project does not need compatibility with older versions.
#20 20.59 
#20 20.59 
#20 20.61 -- Looking for pthread.h
#20 20.78 -- Looking for pthread.h - found
#20 20.78 -- Performing Test CMAKE_HAVE_LIBC_PTHREAD
#20 20.97 -- Performing Test CMAKE_HAVE_LIBC_PTHREAD - Success
#20 20.98 -- Found Threads: TRUE  
#20 20.98 -- Looking for accept4
#20 21.15 -- Looking for accept4 - found
#20 21.15 -- Looking for execinfo.h
#20 21.31 -- Looking for execinfo.h - found
#20 21.31 -- Performing Test HAVE_C_TLS
#20 21.47 -- Performing Test HAVE_C_TLS - Success
#20 21.47 -- Performing Test MK_HAVE_VALGRIND
#20 21.52 -- Performing Test MK_HAVE_VALGRIND - Failed
#20 21.52 -- Performing Test HAVE_REGEX
#20 21.56 -- Performing Test HAVE_REGEX - Failed
#20 21.57 -- Looking for posix_memalign
#20 21.74 -- Looking for posix_memalign - found
#20 21.74 Found posix_memalign in stdlib.h -DHAVE_POSIX_MEMALIGN_IN_STDLIB -DHAVE_POSIX_MEMALIGN
#20 21.74 -- Looking for posix_memalign
#20 21.79 -- Looking for posix_memalign - not found
#20 21.79 -- Performing Test HAVE_STAT_H
#20 21.96 -- Performing Test HAVE_STAT_H - Success
#20 21.96 -- Performing Test HAVE_MEMMEM
#20 22.38 -- Performing Test HAVE_MEMMEM - Success
#20 22.38 -- Performing Test HAVE_EPOLL
#20 22.55 -- Performing Test HAVE_EPOLL - Success
#20 22.55 -- Performing Test HAVE_KQUEUE
#20 22.59 -- Performing Test HAVE_KQUEUE - Failed
#20 22.59 -- Performing Test HAVE_TIMERFD_CREATE
#20 22.77 -- Performing Test HAVE_TIMERFD_CREATE - Success
#20 22.77 -- Performing Test HAVE_EVENTFD
#20 22.94 -- Performing Test HAVE_EVENTFD - Success
#20 22.94 -- Performing Test MK_HAVE_MEMRCHR
#20 23.12 -- Performing Test MK_HAVE_MEMRCHR - Success
#20 23.12 -- Plugin dirlisting enabled 
#20 23.12 -- Plugin liana enabled [== static ==]
#20 23.13 -- Plugin mandril enabled 
#20 23.13 -- LINKING monkey-liana-static;
#20 23.47 -- Found Python3: /usr/local/bin/python3.8 (found version "3.8.6") found components: Interpreter 
#20 23.70 -- Could NOT find OpenSSL, try to set the path to OpenSSL root folder in the system variable OPENSSL_ROOT_DIR (missing: OPENSSL_CRYPTO_LIBRARY OPENSSL_INCLUDE_DIR) 
#20 23.70 -- Performing Test FLB_HAVE_VALGRIND
#20 23.74 -- Performing Test FLB_HAVE_VALGRIND - Failed
#20 23.74 -- Performing Test FLB_HAVE_FORK
#20 23.91 -- Performing Test FLB_HAVE_FORK - Success
#20 23.92 -- Performing Test FLB_HAVE_TIMESPEC_GET
#20 24.08 -- Performing Test FLB_HAVE_TIMESPEC_GET - Success
#20 24.08 -- Performing Test FLB_HAVE_GMTOFF
#20 24.24 -- Performing Test FLB_HAVE_GMTOFF - Success
#20 24.24 -- Performing Test FLB_HAVE_CLOCK_GET_TIME
#20 24.28 -- Performing Test FLB_HAVE_CLOCK_GET_TIME - Failed
#20 24.28 -- Performing Test FLB_HAVE_UNIX_SOCKET
#20 24.45 -- Performing Test FLB_HAVE_UNIX_SOCKET - Success
#20 24.45 -- Performing Test FLB_HAVE_LIBYAML
#20 24.49 -- Performing Test FLB_HAVE_LIBYAML - Failed
#20 24.49 -- Performing Test FLB_HAVE_ATTRIBUTE_ALLOC_SIZE
#20 24.67 -- Performing Test FLB_HAVE_ATTRIBUTE_ALLOC_SIZE - Success
#20 24.76 -- Could NOT find PostgreSQL (missing: PostgreSQL_LIBRARY PostgreSQL_INCLUDE_DIR) 
#20 24.76 -- Could NOT find PkgConfig (missing: PKG_CONFIG_EXECUTABLE) 
#20 24.77 -- Performing Test FLB_HAVE_C_TLS
#20 24.92 -- Performing Test FLB_HAVE_C_TLS - Success
#20 24.92 -- Performing Test FLB_HAVE_ACCEPT4
#20 25.10 -- Performing Test FLB_HAVE_ACCEPT4 - Success
#20 25.10 -- Performing Test FLB_HAVE_INOTIFY
#20 25.27 -- Performing Test FLB_HAVE_INOTIFY - Success
#20 25.27 -- Looking for getentropy
#20 25.43 -- Looking for getentropy - found
#20 25.43 -- Looking for getentropy
#20 25.61 -- Looking for getentropy - found
#20 25.67 -- Looking for stddef.h
#20 25.82 -- Looking for stddef.h - found
#20 25.82 -- Check size of unsigned __int128
#20 26.04 -- Check size of unsigned __int128 - done
#20 26.04 -- Check size of unsigned int __attribute__((mode(TI)))
#20 26.25 -- Check size of unsigned int __attribute__((mode(TI))) - done
#20 26.37 -- Configuring done
#20 27.50 -- Generating done
#20 27.56 -- Build files have been written to: /src/fluent-bit/build
#20 27.59 + make
#20 27.65 [  0%] Creating directories for 'backtrace'
#20 27.67 [  0%] No download step for 'backtrace'
#20 27.68 [  0%] No update step for 'backtrace'
#20 27.69 [  0%] No patch step for 'backtrace'
#20 27.70 [  0%] Performing configure step for 'backtrace'
#20 27.95 checking build system type... x86_64-pc-linux-gnu
#20 28.02 checking host system type... x86_64-pc-linux-gnu
#20 28.02 checking target system type... x86_64-pc-linux-gnu
#20 28.03 checking for gcc... clang
#20 28.10 checking whether the C compiler works... yes
#20 28.21 checking for C compiler default output file name... a.out
#20 28.21 checking for suffix of executables... 
#20 28.33 checking whether we are cross compiling... no
#20 28.46 checking for suffix of object files... o
#20 28.49 checking whether we are using the GNU C compiler... yes
#20 28.52 checking whether clang accepts -g... yes
#20 28.55 checking for clang option to accept ISO C89... none needed
#20 28.59 checking whether clang understands -c and -o together... yes
#20 28.63 checking how to run the C preprocessor... clang -E
#20 28.73 checking for grep that handles long lines and -e... /usr/bin/grep
#20 28.73 checking for egrep... /usr/bin/grep -E
#20 28.73 checking for ANSI C header files... yes
#20 28.99 checking for sys/types.h... yes
#20 29.04 checking for sys/stat.h... yes
#20 29.09 checking for stdlib.h... yes
#20 29.15 checking for string.h... yes
#20 29.21 checking for memory.h... yes
#20 29.27 checking for strings.h... yes
#20 29.33 checking for inttypes.h... yes
#20 29.39 checking for stdint.h... yes
#20 29.45 checking for unistd.h... yes
#20 29.51 checking minix/config.h usability... no
#20 29.57 checking minix/config.h presence... no
#20 29.60 checking for minix/config.h... no
#20 29.60 checking whether it is safe to define __EXTENSIONS__... yes
#20 29.65 checking for a BSD-compatible install... /usr/bin/install -c
#20 29.67 checking whether build environment is sane... yes
#20 29.68 /src/fluent-bit/lib/libbacktrace-ca0de05/missing: Unknown `--is-lightweight' option
#20 29.68 Try `/src/fluent-bit/lib/libbacktrace-ca0de05/missing --help' for more information
#20 29.69 configure: WARNING: 'missing' script is too old or missing
#20 29.69 checking for a thread-safe mkdir -p... /usr/bin/mkdir -p
#20 29.69 checking for gawk... no
#20 29.69 checking for mawk... mawk
#20 29.69 checking whether make sets $(MAKE)... yes
#20 29.71 checking whether make supports nested variables... yes
#20 29.72 checking whether to enable maintainer-specific portions of Makefiles... no
#20 29.73 checking for gcc... (cached) clang
#20 29.79 checking whether we are using the GNU C compiler... (cached) yes
#20 29.79 checking whether clang accepts -g... (cached) yes
#20 29.79 checking for clang option to accept ISO C89... (cached) none needed
#20 29.79 checking whether clang understands -c and -o together... (cached) yes
#20 29.79 checking for ranlib... ranlib
#20 29.79 checking for gawk... (cached) mawk
#20 29.80 checking for dwz... no
#20 29.80 checking how to print strings... printf
#20 29.85 checking for a sed that does not truncate output... /usr/bin/sed
#20 29.86 checking for fgrep... /usr/bin/grep -F
#20 29.86 checking for ld used by clang... /usr/bin/ld
#20 29.88 checking if the linker (/usr/bin/ld) is GNU ld... yes
#20 29.89 checking for BSD- or MS-compatible name lister (nm)... /usr/bin/nm -B
#20 29.89 checking the name lister (/usr/bin/nm -B) interface... BSD nm
#20 29.92 checking whether ln -s works... yes
#20 29.92 checking the maximum length of command line arguments... 1572864
#20 29.93 checking whether the shell understands some XSI constructs... yes
#20 29.93 checking whether the shell understands "+="... yes
#20 29.94 checking for /usr/bin/ld option to reload object files... -r
#20 29.94 checking for objdump... objdump
#20 29.94 checking how to recognize dependent libraries... pass_all
#20 29.94 checking for ar... ar
#20 29.94 checking for strip... strip
#20 29.95 checking for ranlib... (cached) ranlib
#20 29.95 checking command to parse /usr/bin/nm -B output from clang object... ok
#20 30.16 checking for dlfcn.h... yes
#20 30.23 checking for objdir... .libs
#20 30.40 checking if clang supports -fno-rtti -fno-exceptions... yes
#20 30.43 checking for clang option to produce PIC... -fPIC -DPIC
#20 30.44 checking if clang PIC flag -fPIC -DPIC works... yes
#20 30.47 checking if clang static flag -static works... yes
#20 30.66 checking if clang supports -c -o file.o... yes
#20 31.11 checking if clang supports -c -o file.o... (cached) yes
#20 31.11 checking whether the clang linker (/usr/bin/ld -m elf_x86_64) supports shared libraries... yes
#20 31.13 checking dynamic linker characteristics... GNU/Linux ld.so
#20 32.84 checking how to hardcode library paths into programs... immediate
#20 32.84 checking whether stripping libraries is possible... yes
#20 32.84 checking if libtool supports shared libraries... yes
#20 32.84 checking whether to build shared libraries... no
#20 32.84 checking whether to build static libraries... yes
#20 32.84 checking for special C compiler options needed for large files... no
#20 32.84 checking for _FILE_OFFSET_BITS value needed for large files... no
#20 32.87 checking unwind.h usability... yes
#20 32.94 checking unwind.h presence... yes
#20 32.96 checking for unwind.h... yes
#20 32.96 checking for _Unwind_Backtrace... yes
#20 33.14 checking for -funwind-tables option... yes
#20 33.17 checking for -frandom-seed=string option... yes
#20 33.20 checking whether clang supports -W... yes
#20 33.23 checking whether clang supports -Wall... yes
#20 33.26 checking whether clang supports -Wwrite-strings... yes
#20 33.29 checking whether clang supports -Wstrict-prototypes... yes
#20 33.32 checking whether clang supports -Wmissing-prototypes... yes
#20 33.35 checking whether clang supports -Wold-style-definition... yes
#20 33.38 checking whether clang supports -Wmissing-format-attribute... yes
#20 33.41 checking whether clang supports -Wcast-qual... yes
#20 33.44 checking for _Unwind_GetIPInfo... yes
#20 33.72 checking __sync extensions... yes
#20 33.86 checking __atomic extensions... yes
#20 33.99 checking output filetype... elf64
#20 34.03 checking sys/mman.h usability... yes
#20 34.10 checking sys/mman.h presence... yes
#20 34.12 checking for sys/mman.h... yes
#20 34.12 checking for mmap... yes
#20 34.27 checking link.h usability... yes
#20 34.34 checking link.h presence... yes
#20 34.37 checking for link.h... yes
#20 34.38 checking for dl_iterate_phdr... yes
#20 34.50 checking mach-o/dyld.h usability... no
#20 34.57 checking mach-o/dyld.h presence... no
#20 34.60 checking for mach-o/dyld.h... no
#20 34.60 checking sys/ldr.h usability... no
#20 34.67 checking sys/ldr.h presence... no
#20 34.70 checking for sys/ldr.h... no
#20 34.70 checking for fcntl... yes
#20 34.84 checking whether strnlen is declared... yes
#20 34.91 checking for lstat... yes
#20 35.04 checking for readlink... yes
#20 35.18 checking for getexecname... no
#20 35.34 checking for KERN_PROC... no
#20 35.38 checking for KERN_PROG_ARGS... no
#20 35.42 checking for clock_gettime... yes
#20 35.55 checking whether -pthread is supported... yes
#20 35.58 checking whether -gdwarf-5 is supported... yes
#20 35.60 checking for compress in -lz... no
#20 35.68 checking whether --compress-debug-sections is supported... yes
#20 35.81 checking for objcopy... objcopy
#20 35.82 checking for readelf... readelf
#20 35.82 checking whether objcopy supports debuglink... objcopy: /tmp/ls1337: debuglink section already exists
#20 35.82 yes
#20 35.82 checking for dsymutil... no
#20 35.82 checking whether tests can run... yes
#20 35.99 checking that generated files are newer than configure... done
#20 35.99 configure: creating ./config.status
#20 36.70 config.status: creating Makefile
#20 36.73 config.status: creating backtrace-supported.h
#20 36.74 config.status: creating install-debuginfo-for-buildid.sh
#20 36.76 config.status: creating config.h
#20 36.78 config.status: executing libtool commands
#20 36.81 config.status: executing default commands
#20 36.88 [  0%] Performing build step for 'backtrace'
#20 36.92 libtool: compile:  clang -DHAVE_CONFIG_H -I. -I/src/fluent-bit/lib/libbacktrace-ca0de05 -funwind-tables -frandom-seed=atomic.lo -W -Wall -Wwrite-strings -Wstrict-prototypes -Wmissing-prototypes -Wold-style-definition -Wmissing-format-attribute -Wcast-qual -DFUZZING_BUILD_MODE_UNSAFE_FOR_PRODUCTION -pthread -Wl,--no-as-needed -Wl,-ldl -Wl,-lm -Wno-unused-command-line-argument -O3 -fsanitize-coverage=trace-pc-guard -fcommon -DFLB_TESTS_OSSFUZZ=ON -c /src/fluent-bit/lib/libbacktrace-ca0de05/atomic.c -o atomic.o
#20 36.98 libtool: compile:  clang -DHAVE_CONFIG_H -I. -I/src/fluent-bit/lib/libbacktrace-ca0de05 -funwind-tables -frandom-seed=dwarf.lo -W -Wall -Wwrite-strings -Wstrict-prototypes -Wmissing-prototypes -Wold-style-definition -Wmissing-format-attribute -Wcast-qual -DFUZZING_BUILD_MODE_UNSAFE_FOR_PRODUCTION -pthread -Wl,--no-as-needed -Wl,-ldl -Wl,-lm -Wno-unused-command-line-argument -O3 -fsanitize-coverage=trace-pc-guard -fcommon -DFLB_TESTS_OSSFUZZ=ON -c /src/fluent-bit/lib/libbacktrace-ca0de05/dwarf.c -o dwarf.o
#20 39.09 libtool: compile:  clang -DHAVE_CONFIG_H -I. -I/src/fluent-bit/lib/libbacktrace-ca0de05 -funwind-tables -frandom-seed=fileline.lo -W -Wall -Wwrite-strings -Wstrict-prototypes -Wmissing-prototypes -Wold-style-definition -Wmissing-format-attribute -Wcast-qual -DFUZZING_BUILD_MODE_UNSAFE_FOR_PRODUCTION -pthread -Wl,--no-as-needed -Wl,-ldl -Wl,-lm -Wno-unused-command-line-argument -O3 -fsanitize-coverage=trace-pc-guard -fcommon -DFLB_TESTS_OSSFUZZ=ON -c /src/fluent-bit/lib/libbacktrace-ca0de05/fileline.c -o fileline.o
#20 39.20 libtool: compile:  clang -DHAVE_CONFIG_H -I. -I/src/fluent-bit/lib/libbacktrace-ca0de05 -funwind-tables -frandom-seed=posix.lo -W -Wall -Wwrite-strings -Wstrict-prototypes -Wmissing-prototypes -Wold-style-definition -Wmissing-format-attribute -Wcast-qual -DFUZZING_BUILD_MODE_UNSAFE_FOR_PRODUCTION -pthread -Wl,--no-as-needed -Wl,-ldl -Wl,-lm -Wno-unused-command-line-argument -O3 -fsanitize-coverage=trace-pc-guard -fcommon -DFLB_TESTS_OSSFUZZ=ON -c /src/fluent-bit/lib/libbacktrace-ca0de05/posix.c -o posix.o
#20 39.28 libtool: compile:  clang -DHAVE_CONFIG_H -I. -I/src/fluent-bit/lib/libbacktrace-ca0de05 -funwind-tables -frandom-seed=print.lo -W -Wall -Wwrite-strings -Wstrict-prototypes -Wmissing-prototypes -Wold-style-definition -Wmissing-format-attribute -Wcast-qual -DFUZZING_BUILD_MODE_UNSAFE_FOR_PRODUCTION -pthread -Wl,--no-as-needed -Wl,-ldl -Wl,-lm -Wno-unused-command-line-argument -O3 -fsanitize-coverage=trace-pc-guard -fcommon -DFLB_TESTS_OSSFUZZ=ON -c /src/fluent-bit/lib/libbacktrace-ca0de05/print.c -o print.o
#20 39.35 libtool: compile:  clang -DHAVE_CONFIG_H -I. -I/src/fluent-bit/lib/libbacktrace-ca0de05 -funwind-tables -frandom-seed=sort.lo -W -Wall -Wwrite-strings -Wstrict-prototypes -Wmissing-prototypes -Wold-style-definition -Wmissing-format-attribute -Wcast-qual -DFUZZING_BUILD_MODE_UNSAFE_FOR_PRODUCTION -pthread -Wl,--no-as-needed -Wl,-ldl -Wl,-lm -Wno-unused-command-line-argument -O3 -fsanitize-coverage=trace-pc-guard -fcommon -DFLB_TESTS_OSSFUZZ=ON -c /src/fluent-bit/lib/libbacktrace-ca0de05/sort.c -o sort.o
#20 39.51 libtool: compile:  clang -DHAVE_CONFIG_H -I. -I/src/fluent-bit/lib/libbacktrace-ca0de05 -funwind-tables -frandom-seed=state.lo -W -Wall -Wwrite-strings -Wstrict-prototypes -Wmissing-prototypes -Wold-style-definition -Wmissing-format-attribute -Wcast-qual -DFUZZING_BUILD_MODE_UNSAFE_FOR_PRODUCTION -pthread -Wl,--no-as-needed -Wl,-ldl -Wl,-lm -Wno-unused-command-line-argument -O3 -fsanitize-coverage=trace-pc-guard -fcommon -DFLB_TESTS_OSSFUZZ=ON -c /src/fluent-bit/lib/libbacktrace-ca0de05/state.c -o state.o
#20 39.58 libtool: compile:  clang -DHAVE_CONFIG_H -I. -I/src/fluent-bit/lib/libbacktrace-ca0de05 -funwind-tables -frandom-seed=backtrace.lo -W -Wall -Wwrite-strings -Wstrict-prototypes -Wmissing-prototypes -Wold-style-definition -Wmissing-format-attribute -Wcast-qual -DFUZZING_BUILD_MODE_UNSAFE_FOR_PRODUCTION -pthread -Wl,--no-as-needed -Wl,-ldl -Wl,-lm -Wno-unused-command-line-argument -O3 -fsanitize-coverage=trace-pc-guard -fcommon -DFLB_TESTS_OSSFUZZ=ON -c /src/fluent-bit/lib/libbacktrace-ca0de05/backtrace.c -o backtrace.o
#20 39.65 libtool: compile:  clang -DHAVE_CONFIG_H -I. -I/src/fluent-bit/lib/libbacktrace-ca0de05 -funwind-tables -frandom-seed=simple.lo -W -Wall -Wwrite-strings -Wstrict-prototypes -Wmissing-prototypes -Wold-style-definition -Wmissing-format-attribute -Wcast-qual -DFUZZING_BUILD_MODE_UNSAFE_FOR_PRODUCTION -pthread -Wl,--no-as-needed -Wl,-ldl -Wl,-lm -Wno-unused-command-line-argument -O3 -fsanitize-coverage=trace-pc-guard -fcommon -DFLB_TESTS_OSSFUZZ=ON -c /src/fluent-bit/lib/libbacktrace-ca0de05/simple.c -o simple.o
#20 39.72 libtool: compile:  clang -DHAVE_CONFIG_H -I. -I/src/fluent-bit/lib/libbacktrace-ca0de05 -funwind-tables -frandom-seed=elf.lo -W -Wall -Wwrite-strings -Wstrict-prototypes -Wmissing-prototypes -Wold-style-definition -Wmissing-format-attribute -Wcast-qual -DFUZZING_BUILD_MODE_UNSAFE_FOR_PRODUCTION -pthread -Wl,--no-as-needed -Wl,-ldl -Wl,-lm -Wno-unused-command-line-argument -O3 -fsanitize-coverage=trace-pc-guard -fcommon -DFLB_TESTS_OSSFUZZ=ON -c /src/fluent-bit/lib/libbacktrace-ca0de05/elf.c -o elf.o
#20 40.87 libtool: compile:  clang -DHAVE_CONFIG_H -I. -I/src/fluent-bit/lib/libbacktrace-ca0de05 -funwind-tables -frandom-seed=mmapio.lo -W -Wall -Wwrite-strings -Wstrict-prototypes -Wmissing-prototypes -Wold-style-definition -Wmissing-format-attribute -Wcast-qual -DFUZZING_BUILD_MODE_UNSAFE_FOR_PRODUCTION -pthread -Wl,--no-as-needed -Wl,-ldl -Wl,-lm -Wno-unused-command-line-argument -O3 -fsanitize-coverage=trace-pc-guard -fcommon -DFLB_TESTS_OSSFUZZ=ON -c /src/fluent-bit/lib/libbacktrace-ca0de05/mmapio.c -o mmapio.o
#20 40.95 libtool: compile:  clang -DHAVE_CONFIG_H -I. -I/src/fluent-bit/lib/libbacktrace-ca0de05 -funwind-tables -frandom-seed=mmap.lo -W -Wall -Wwrite-strings -Wstrict-prototypes -Wmissing-prototypes -Wold-style-definition -Wmissing-format-attribute -Wcast-qual -DFUZZING_BUILD_MODE_UNSAFE_FOR_PRODUCTION -pthread -Wl,--no-as-needed -Wl,-ldl -Wl,-lm -Wno-unused-command-line-argument -O3 -fsanitize-coverage=trace-pc-guard -fcommon -DFLB_TESTS_OSSFUZZ=ON -c /src/fluent-bit/lib/libbacktrace-ca0de05/mmap.c -o mmap.o
#20 41.15 libtool: link: ar cru .libs/libbacktrace.a  atomic.o dwarf.o fileline.o posix.o print.o sort.o state.o backtrace.o simple.o elf.o mmapio.o mmap.o
#20 41.15 ar: `u' modifier ignored since `D' is the default (see `U')
#20 41.16 libtool: link: ranlib .libs/libbacktrace.a
#20 41.19 libtool: link: ( cd ".libs" && rm -f "libbacktrace.la" && ln -s "../libbacktrace.la" "libbacktrace.la" )
#20 41.20 [  1%] Performing install step for 'backtrace'
#20 41.23  /usr/bin/mkdir -p '/src/fluent-bit/build/backtrace-prefix/lib'
#20 41.23  /bin/bash ./libtool   --mode=install /usr/bin/install -c   libbacktrace.la '/src/fluent-bit/build/backtrace-prefix/lib'
#20 41.25 libtool: install: /usr/bin/install -c .libs/libbacktrace.lai /src/fluent-bit/build/backtrace-prefix/lib/libbacktrace.la
#20 41.26 libtool: install: /usr/bin/install -c .libs/libbacktrace.a /src/fluent-bit/build/backtrace-prefix/lib/libbacktrace.a
#20 41.26 libtool: install: chmod 644 /src/fluent-bit/build/backtrace-prefix/lib/libbacktrace.a
#20 41.26 libtool: install: ranlib /src/fluent-bit/build/backtrace-prefix/lib/libbacktrace.a
#20 41.31 libtool: finish: PATH="/usr/local/sbin:/usr/local/bin:/usr/sbin:/usr/bin:/sbin:/bin:/out:/sbin" ldconfig -n /src/fluent-bit/build/backtrace-prefix/lib
#20 41.32 ----------------------------------------------------------------------
#20 41.32 Libraries have been installed in:
#20 41.32    /src/fluent-bit/build/backtrace-prefix/lib
#20 41.32 
#20 41.32 If you ever happen to want to link against installed libraries
#20 41.32 in a given directory, LIBDIR, you must either use libtool, and
#20 41.32 specify the full pathname of the library, or use the `-LLIBDIR'
#20 41.32 flag during linking and do at least one of the following:
#20 41.32    - add LIBDIR to the `LD_LIBRARY_PATH' environment variable
#20 41.32      during execution
#20 41.32    - add LIBDIR to the `LD_RUN_PATH' environment variable
#20 41.32      during linking
#20 41.32    - use the `-Wl,-rpath -Wl,LIBDIR' linker flag
#20 41.32    - have your system administrator add LIBDIR to `/etc/ld.so.conf'
#20 41.32 
#20 41.32 See any operating system documentation about shared libraries for
#20 41.32 more information, such as the ld(1) and ld.so(8) manual pages.
#20 41.32 ----------------------------------------------------------------------
#20 41.32  /usr/bin/mkdir -p '/src/fluent-bit/build/backtrace-prefix/include'
#20 41.33  /usr/bin/install -c -m 644 /src/fluent-bit/lib/libbacktrace-ca0de05/backtrace.h backtrace-supported.h '/src/fluent-bit/build/backtrace-prefix/include'
#20 41.34 [  1%] Completed 'backtrace'
#20 41.35 [  1%] Built target backtrace
#20 41.37 [  1%] Building C object lib/c-ares-809d5e84/src/lib/CMakeFiles/c-ares.dir/ares__close_sockets.c.o
#20 41.50 [  1%] Building C object lib/c-ares-809d5e84/src/lib/CMakeFiles/c-ares.dir/ares__get_hostent.c.o
#20 41.69 [  1%] Building C object lib/c-ares-809d5e84/src/lib/CMakeFiles/c-ares.dir/ares__parse_into_addrinfo.c.o
#20 41.85 [  1%] Building C object lib/c-ares-809d5e84/src/lib/CMakeFiles/c-ares.dir/ares__readaddrinfo.c.o
#20 42.05 [  2%] Building C object lib/c-ares-809d5e84/src/lib/CMakeFiles/c-ares.dir/ares__sortaddrinfo.c.o
#20 42.30 [  2%] Building C object lib/c-ares-809d5e84/src/lib/CMakeFiles/c-ares.dir/ares__read_line.c.o
#20 42.40 [  2%] Building C object lib/c-ares-809d5e84/src/lib/CMakeFiles/c-ares.dir/ares__timeval.c.o
#20 42.50 [  2%] Building C object lib/c-ares-809d5e84/src/lib/CMakeFiles/c-ares.dir/ares_android.c.o
#20 42.52 [  2%] Building C object lib/c-ares-809d5e84/src/lib/CMakeFiles/c-ares.dir/ares_cancel.c.o
#20 42.63 [  2%] Building C object lib/c-ares-809d5e84/src/lib/CMakeFiles/c-ares.dir/ares_data.c.o
#20 42.76 [  2%] Building C object lib/c-ares-809d5e84/src/lib/CMakeFiles/c-ares.dir/ares_destroy.c.o
#20 42.90 [  2%] Building C object lib/c-ares-809d5e84/src/lib/CMakeFiles/c-ares.dir/ares_expand_name.c.o
#20 43.07 [  3%] Building C object lib/c-ares-809d5e84/src/lib/CMakeFiles/c-ares.dir/ares_expand_string.c.o
#20 43.17 [  3%] Building C object lib/c-ares-809d5e84/src/lib/CMakeFiles/c-ares.dir/ares_fds.c.o
#20 43.29 [  3%] Building C object lib/c-ares-809d5e84/src/lib/CMakeFiles/c-ares.dir/ares_free_hostent.c.o
#20 43.39 [  3%] Building C object lib/c-ares-809d5e84/src/lib/CMakeFiles/c-ares.dir/ares_free_string.c.o
#20 43.48 [  3%] Building C object lib/c-ares-809d5e84/src/lib/CMakeFiles/c-ares.dir/ares_freeaddrinfo.c.o
#20 43.59 [  3%] Building C object lib/c-ares-809d5e84/src/lib/CMakeFiles/c-ares.dir/ares_getaddrinfo.c.o
#20 43.86 [  3%] Building C object lib/c-ares-809d5e84/src/lib/CMakeFiles/c-ares.dir/ares_getenv.c.o
#20 43.94 [  3%] Building C object lib/c-ares-809d5e84/src/lib/CMakeFiles/c-ares.dir/ares_gethostbyaddr.c.o
#20 44.11 [  4%] Building C object lib/c-ares-809d5e84/src/lib/CMakeFiles/c-ares.dir/ares_gethostbyname.c.o
#20 44.38 [  4%] Building C object lib/c-ares-809d5e84/src/lib/CMakeFiles/c-ares.dir/ares_getnameinfo.c.o
#20 44.59 [  4%] Building C object lib/c-ares-809d5e84/src/lib/CMakeFiles/c-ares.dir/ares_getsock.c.o
#20 44.70 [  4%] Building C object lib/c-ares-809d5e84/src/lib/CMakeFiles/c-ares.dir/ares_init.c.o
#20 45.32 [  4%] Building C object lib/c-ares-809d5e84/src/lib/CMakeFiles/c-ares.dir/ares_library_init.c.o
#20 45.42 [  4%] Building C object lib/c-ares-809d5e84/src/lib/CMakeFiles/c-ares.dir/ares_llist.c.o
#20 45.51 [  4%] Building C object lib/c-ares-809d5e84/src/lib/CMakeFiles/c-ares.dir/ares_mkquery.c.o
#20 45.62 [  4%] Building C object lib/c-ares-809d5e84/src/lib/CMakeFiles/c-ares.dir/ares_create_query.c.o
#20 45.74 [  5%] Building C object lib/c-ares-809d5e84/src/lib/CMakeFiles/c-ares.dir/ares_nowarn.c.o
#20 45.84 [  5%] Building C object lib/c-ares-809d5e84/src/lib/CMakeFiles/c-ares.dir/ares_options.c.o
#20 46.04 [  5%] Building C object lib/c-ares-809d5e84/src/lib/CMakeFiles/c-ares.dir/ares_parse_a_reply.c.o
#20 46.19 [  5%] Building C object lib/c-ares-809d5e84/src/lib/CMakeFiles/c-ares.dir/ares_parse_aaaa_reply.c.o
#20 46.34 [  5%] Building C object lib/c-ares-809d5e84/src/lib/CMakeFiles/c-ares.dir/ares_parse_caa_reply.c.o
#20 46.48 [  5%] Building C object lib/c-ares-809d5e84/src/lib/CMakeFiles/c-ares.dir/ares_parse_mx_reply.c.o
#20 46.61 [  5%] Building C object lib/c-ares-809d5e84/src/lib/CMakeFiles/c-ares.dir/ares_parse_naptr_reply.c.o
#20 46.75 [  6%] Building C object lib/c-ares-809d5e84/src/lib/CMakeFiles/c-ares.dir/ares_parse_ns_reply.c.o
#20 46.90 [  6%] Building C object lib/c-ares-809d5e84/src/lib/CMakeFiles/c-ares.dir/ares_parse_ptr_reply.c.o
#20 47.08 [  6%] Building C object lib/c-ares-809d5e84/src/lib/CMakeFiles/c-ares.dir/ares_parse_soa_reply.c.o
#20 47.23 [  6%] Building C object lib/c-ares-809d5e84/src/lib/CMakeFiles/c-ares.dir/ares_parse_srv_reply.c.o
#20 47.36 [  6%] Building C object lib/c-ares-809d5e84/src/lib/CMakeFiles/c-ares.dir/ares_parse_txt_reply.c.o
#20 47.53 [  6%] Building C object lib/c-ares-809d5e84/src/lib/CMakeFiles/c-ares.dir/ares_platform.c.o
#20 47.64 [  6%] Building C object lib/c-ares-809d5e84/src/lib/CMakeFiles/c-ares.dir/ares_process.c.o
#20 48.31 [  6%] Building C object lib/c-ares-809d5e84/src/lib/CMakeFiles/c-ares.dir/ares_query.c.o
#20 48.46 [  7%] Building C object lib/c-ares-809d5e84/src/lib/CMakeFiles/c-ares.dir/ares_search.c.o
#20 48.62 [  7%] Building C object lib/c-ares-809d5e84/src/lib/CMakeFiles/c-ares.dir/ares_send.c.o
#20 48.76 [  7%] Building C object lib/c-ares-809d5e84/src/lib/CMakeFiles/c-ares.dir/ares_strcasecmp.c.o
#20 48.84 [  7%] Building C object lib/c-ares-809d5e84/src/lib/CMakeFiles/c-ares.dir/ares_strdup.c.o
#20 48.93 [  7%] Building C object lib/c-ares-809d5e84/src/lib/CMakeFiles/c-ares.dir/ares_strerror.c.o
#20 49.02 [  7%] Building C object lib/c-ares-809d5e84/src/lib/CMakeFiles/c-ares.dir/ares_strsplit.c.o
#20 49.18 [  7%] Building C object lib/c-ares-809d5e84/src/lib/CMakeFiles/c-ares.dir/ares_timeout.c.o
#20 49.29 [  7%] Building C object lib/c-ares-809d5e84/src/lib/CMakeFiles/c-ares.dir/ares_version.c.o
#20 49.39 [  8%] Building C object lib/c-ares-809d5e84/src/lib/CMakeFiles/c-ares.dir/ares_writev.c.o
#20 49.48 [  8%] Building C object lib/c-ares-809d5e84/src/lib/CMakeFiles/c-ares.dir/bitncmp.c.o
#20 49.58 [  8%] Building C object lib/c-ares-809d5e84/src/lib/CMakeFiles/c-ares.dir/inet_net_pton.c.o
#20 49.87 [  8%] Building C object lib/c-ares-809d5e84/src/lib/CMakeFiles/c-ares.dir/inet_ntop.c.o
#20 49.98 [  8%] Building C object lib/c-ares-809d5e84/src/lib/CMakeFiles/c-ares.dir/windows_port.c.o
#20 50.07 [  8%] Linking C static library ../../lib/libcares.a
#20 50.10 [  8%] Built target c-ares
#20 50.11 [  8%] Building C object lib/jsmn/CMakeFiles/jsmn.dir/jsmn.c.o
#20 50.25 [  9%] Linking C static library ../../library/libjsmn.a
#20 50.28 [  9%] Built target jsmn
#20 50.29 [  9%] Building C object lib/sqlite-amalgamation-3330000/CMakeFiles/sqlite3.dir/sqlite3.c.o
#20 104.7 [  9%] Linking C static library ../../library/libsqlite3.a
#20 104.8 [  9%] Built target sqlite3
#20 104.8 [  9%] Building C object tools/xxd-c/CMakeFiles/xxd-c.dir/xxd-c.c.o
#20 104.9 [  9%] Linking C executable ../../bin/xxd-c
#20 105.0 [  9%] Built target xxd-c
#20 105.1 [  9%] Creating directories for 'onigmo'
#20 105.1 [  9%] No download step for 'onigmo'
#20 105.1 [  9%] No update step for 'onigmo'
#20 105.1 [  9%] No patch step for 'onigmo'
#20 105.1 [  9%] Performing configure step for 'onigmo'
#20 105.4 checking for a BSD-compatible install... /usr/bin/install -c
#20 105.4 checking whether build environment is sane... yes
#20 106.4 checking for a thread-safe mkdir -p... /usr/bin/mkdir -p
#20 106.4 checking for gawk... no
#20 106.4 checking for mawk... mawk
#20 106.4 checking whether make sets $(MAKE)... yes
#20 106.4 checking for gcc... clang
#20 106.5 checking whether the C compiler works... yes
#20 106.6 checking for C compiler default output file name... a.out
#20 106.6 checking for suffix of executables... 
#20 106.6 checking whether we are cross compiling... no
#20 106.7 checking for suffix of object files... o
#20 106.7 checking whether we are using the GNU C compiler... yes
#20 106.8 checking whether clang accepts -g... yes
#20 106.8 checking for clang option to accept ISO C89... none needed
#20 106.8 checking for style of include used by make... GNU
#20 106.8 checking dependency style of clang... gcc3
#20 106.9 checking build system type... x86_64-pc-linux-gnu
#20 107.0 checking host system type... x86_64-pc-linux-gnu
#20 107.0 checking how to print strings... printf
#20 107.0 checking for a sed that does not truncate output... /usr/bin/sed
#20 107.1 checking for grep that handles long lines and -e... /usr/bin/grep
#20 107.1 checking for egrep... /usr/bin/grep -E
#20 107.1 checking for fgrep... /usr/bin/grep -F
#20 107.1 checking for ld used by clang... /usr/bin/ld
#20 107.1 checking if the linker (/usr/bin/ld) is GNU ld... yes
#20 107.1 checking for BSD- or MS-compatible name lister (nm)... /usr/bin/nm -B
#20 107.1 checking the name lister (/usr/bin/nm -B) interface... BSD nm
#20 107.1 checking whether ln -s works... yes
#20 107.1 checking the maximum length of command line arguments... 1572864
#20 107.1 checking how to convert x86_64-pc-linux-gnu file names to x86_64-pc-linux-gnu format... func_convert_file_noop
#20 107.1 checking how to convert x86_64-pc-linux-gnu file names to toolchain format... func_convert_file_noop
#20 107.1 checking for /usr/bin/ld option to reload object files... -r
#20 107.1 checking for objdump... objdump
#20 107.1 checking how to recognize dependent libraries... pass_all
#20 107.1 checking for dlltool... no
#20 107.1 checking how to associate runtime and link libraries... printf %s\n
#20 107.1 checking for ar... ar
#20 107.1 checking for archiver @FILE support... @
#20 107.2 checking for strip... strip
#20 107.2 checking for ranlib... ranlib
#20 107.2 checking command to parse /usr/bin/nm -B output from clang object... ok
#20 107.3 checking for sysroot... no
#20 107.3 checking for a working dd... /usr/bin/dd
#20 107.3 checking how to truncate binary pipes... /usr/bin/dd bs=4096 count=1
#20 107.3 checking for mt... no
#20 107.3 checking if : is a manifest tool... no
#20 107.3 checking how to run the C preprocessor... clang -E
#20 107.5 checking for ANSI C header files... yes
#20 107.6 checking for sys/types.h... yes
#20 107.7 checking for sys/stat.h... yes
#20 107.8 checking for stdlib.h... yes
#20 107.8 checking for string.h... yes
#20 107.9 checking for memory.h... yes
#20 107.9 checking for strings.h... yes
#20 108.0 checking for inttypes.h... yes
#20 108.1 checking for stdint.h... yes
#20 108.1 checking for unistd.h... yes
#20 108.2 checking for dlfcn.h... yes
#20 108.3 checking for objdir... .libs
#20 108.4 checking if clang supports -fno-rtti -fno-exceptions... yes
#20 108.4 checking for clang option to produce PIC... -fPIC -DPIC
#20 108.4 checking if clang PIC flag -fPIC -DPIC works... yes
#20 108.4 checking if clang static flag -static works... yes
#20 108.5 checking if clang supports -c -o file.o... yes
#20 108.6 checking if clang supports -c -o file.o... (cached) yes
#20 108.6 checking whether the clang linker (/usr/bin/ld -m elf_x86_64) supports shared libraries... yes
#20 108.6 checking dynamic linker characteristics... GNU/Linux ld.so
#20 108.7 checking how to hardcode library paths into programs... immediate
#20 108.7 checking whether stripping libraries is possible... yes
#20 108.7 checking if libtool supports shared libraries... yes
#20 108.7 checking whether to build shared libraries... no
#20 108.7 checking whether to build static libraries... yes
#20 108.7 checking whether clang and cc understand -c and -o together... yes
#20 108.9 checking whether make sets $(MAKE)... (cached) yes
#20 108.9 checking for python3... python3
#20 108.9 checking for ANSI C header files... (cached) yes
#20 108.9 checking sys/time.h usability... yes
#20 108.9 checking sys/time.h presence... yes
#20 109.0 checking for sys/time.h... yes
#20 109.0 checking for unistd.h... (cached) yes
#20 109.0 checking sys/times.h usability... yes
#20 109.1 checking sys/times.h presence... yes
#20 109.1 checking for sys/times.h... yes
#20 109.1 checking for stdint.h... (cached) yes
#20 109.1 checking size of int... 4
#20 109.2 checking size of short... 2
#20 109.3 checking size of long... 8
#20 109.4 checking size of void*... 8
#20 109.5 checking size of long long... 8
#20 110.4 checking for an ANSI C-conforming const... yes
#20 110.4 checking whether time.h and sys/time.h may both be included... yes
#20 110.4 checking for size_t... yes
#20 111.0 checking for working alloca.h... yes
#20 111.0 checking for alloca... yes
#20 111.1 checking for working memcmp... yes
#20 111.3 configure: creating ./config.status
#20 112.1 config.status: creating Makefile
#20 112.1 config.status: creating onigmo-config
#20 112.1 config.status: creating sample/Makefile
#20 112.1 config.status: creating config.h
#20 112.2 config.status: executing depfiles commands
#20 112.4 config.status: executing libtool commands
#20 112.4 config.status: executing default commands
#20 112.5 [  9%] Performing build step for 'onigmo'
#20 112.5 /src/fluent-bit/lib/onigmo/missing: line 52: aclocal-1.11: command not found
#20 112.5 WARNING: `aclocal-1.11' is missing on your system.  You should only need it if
#20 112.5          you modified `acinclude.m4' or `configure.ac'.  You might want
#20 112.5          to install the `Automake' and `Perl' packages.  Grab them from
#20 112.5          any GNU archive site.
#20 112.7  cd . && /bin/bash /src/fluent-bit/lib/onigmo/missing --run automake-1.11 --foreign
#20 112.7 /src/fluent-bit/lib/onigmo/missing: line 52: automake-1.11: command not found
#20 112.7 WARNING: `automake-1.11' is missing on your system.  You should only need it if
#20 112.7          you modified `Makefile.am', `acinclude.m4' or `configure.ac'.
#20 112.7          You might want to install the `Automake' and `Perl' packages.
#20 112.7          Grab them from any GNU archive site.
#20 112.8 /src/fluent-bit/lib/onigmo/missing: line 52: autoconf: command not found
#20 112.8 WARNING: `autoconf' is missing on your system.  You should only need it if
#20 112.8          you modified `configure.ac'.  You might want to install the
#20 112.8          `Autoconf' and `GNU m4' packages.  Grab them from any GNU
#20 112.8          archive site.
#20 113.0 running CONFIG_SHELL=/bin/bash /bin/bash ./configure --with-pic --disable-shared --enable-static --prefix=/src/fluent-bit/build CFLAGS=-std=gnu99 -Wall -pipe -g3 -O3 -funroll-loops CC=clang --no-create --no-recursion
#20 113.1 checking for a BSD-compatible install... /usr/bin/install -c
#20 113.1 checking whether build environment is sane... yes
#20 114.1 checking for a thread-safe mkdir -p... /usr/bin/mkdir -p
#20 114.2 checking for gawk... no
#20 114.2 checking for mawk... mawk
#20 114.2 checking whether make sets $(MAKE)... yes
#20 114.2 checking for gcc... clang
#20 114.2 checking whether the C compiler works... yes
#20 114.3 checking for C compiler default output file name... a.out
#20 114.3 checking for suffix of executables... 
#20 114.4 checking whether we are cross compiling... no
#20 114.5 checking for suffix of object files... o
#20 114.5 checking whether we are using the GNU C compiler... yes
#20 114.5 checking whether clang accepts -g... yes
#20 114.5 checking for clang option to accept ISO C89... none needed
#20 114.6 checking for style of include used by make... GNU
#20 114.6 checking dependency style of clang... gcc3
#20 114.7 checking build system type... x86_64-pc-linux-gnu
#20 114.7 checking host system type... x86_64-pc-linux-gnu
#20 114.7 checking how to print strings... printf
#20 114.8 checking for a sed that does not truncate output... /usr/bin/sed
#20 114.8 checking for grep that handles long lines and -e... /usr/bin/grep
#20 114.8 checking for egrep... /usr/bin/grep -E
#20 114.8 checking for fgrep... /usr/bin/grep -F
#20 114.8 checking for ld used by clang... /usr/bin/ld
#20 114.8 checking if the linker (/usr/bin/ld) is GNU ld... yes
#20 114.8 checking for BSD- or MS-compatible name lister (nm)... /usr/bin/nm -B
#20 114.8 checking the name lister (/usr/bin/nm -B) interface... BSD nm
#20 114.9 checking whether ln -s works... yes
#20 114.9 checking the maximum length of command line arguments... 1572864
#20 114.9 checking how to convert x86_64-pc-linux-gnu file names to x86_64-pc-linux-gnu format... func_convert_file_noop
#20 114.9 checking how to convert x86_64-pc-linux-gnu file names to toolchain format... func_convert_file_noop
#20 114.9 checking for /usr/bin/ld option to reload object files... -r
#20 114.9 checking for objdump... objdump
#20 114.9 checking how to recognize dependent libraries... pass_all
#20 114.9 checking for dlltool... no
#20 114.9 checking how to associate runtime and link libraries... printf %s\n
#20 114.9 checking for ar... ar
#20 114.9 checking for archiver @FILE support... @
#20 114.9 checking for strip... strip
#20 114.9 checking for ranlib... ranlib
#20 114.9 checking command to parse /usr/bin/nm -B output from clang object... ok
#20 115.1 checking for sysroot... no
#20 115.1 checking for a working dd... /usr/bin/dd
#20 115.1 checking how to truncate binary pipes... /usr/bin/dd bs=4096 count=1
#20 115.1 checking for mt... no
#20 115.1 checking if : is a manifest tool... no
#20 115.1 checking how to run the C preprocessor... clang -E
#20 115.2 checking for ANSI C header files... yes
#20 115.4 checking for sys/types.h... yes
#20 115.4 checking for sys/stat.h... yes
#20 115.5 checking for stdlib.h... yes
#20 115.5 checking for string.h... yes
#20 115.6 checking for memory.h... yes
#20 115.6 checking for strings.h... yes
#20 115.7 checking for inttypes.h... yes
#20 115.8 checking for stdint.h... yes
#20 115.8 checking for unistd.h... yes
#20 115.9 checking for dlfcn.h... yes
#20 115.9 checking for objdir... .libs
#20 116.7 checking if clang supports -fno-rtti -fno-exceptions... yes
#20 116.7 checking for clang option to produce PIC... -fPIC -DPIC
#20 116.7 checking if clang PIC flag -fPIC -DPIC works... yes
#20 116.7 checking if clang static flag -static works... yes
#20 116.8 checking if clang supports -c -o file.o... yes
#20 116.9 checking if clang supports -c -o file.o... (cached) yes
#20 116.9 checking whether the clang linker (/usr/bin/ld -m elf_x86_64) supports shared libraries... yes
#20 116.9 checking dynamic linker characteristics... GNU/Linux ld.so
#20 117.0 checking how to hardcode library paths into programs... immediate
#20 117.0 checking whether stripping libraries is possible... yes
#20 117.0 checking if libtool supports shared libraries... yes
#20 117.0 checking whether to build shared libraries... no
#20 117.0 checking whether to build static libraries... yes
#20 117.0 checking whether clang and cc understand -c and -o together... yes
#20 117.2 checking whether make sets $(MAKE)... (cached) yes
#20 117.2 checking for python3... python3
#20 117.2 checking for ANSI C header files... (cached) yes
#20 117.2 checking sys/time.h usability... yes
#20 117.2 checking sys/time.h presence... yes
#20 117.3 checking for sys/time.h... yes
#20 117.3 checking for unistd.h... (cached) yes
#20 117.3 checking sys/times.h usability... yes
#20 117.3 checking sys/times.h presence... yes
#20 117.4 checking for sys/times.h... yes
#20 117.4 checking for stdint.h... (cached) yes
#20 117.4 checking size of int... 4
#20 117.5 checking size of short... 2
#20 117.6 checking size of long... 8
#20 117.7 checking size of void*... 8
#20 117.8 checking size of long long... 8
#20 117.9 checking for an ANSI C-conforming const... yes
#20 117.9 checking whether time.h and sys/time.h may both be included... yes
#20 118.0 checking for size_t... yes
#20 118.1 checking for working alloca.h... yes
#20 118.2 checking for alloca... yes
#20 118.2 checking for working memcmp... yes
#20 118.4 configure: creating ./config.status
#20 119.0  /bin/bash ./config.status
#20 119.2 config.status: creating Makefile
#20 119.2 config.status: creating onigmo-config
#20 119.3 config.status: creating sample/Makefile
#20 119.3 config.status: creating config.h
#20 119.3 config.status: config.h is unchanged
#20 119.3 config.status: executing depfiles commands
#20 119.4 config.status: executing libtool commands
#20 119.4 config.status: executing default commands
#20 119.4 /src/fluent-bit/lib/onigmo/missing: line 52: autoheader: command not found
#20 119.4 WARNING: `autoheader' is missing on your system.  You should only need it if
#20 119.4          you modified `acconfig.h' or `configure.ac'.  You might want
#20 119.4          to install the `Autoconf' and `GNU m4' packages.  Grab them
#20 119.4          from any GNU archive site.
#20 119.6 config.status: creating config.h
#20 119.6 config.status: config.h is unchanged
#20 119.6 Making all in .
#20 119.7 libtool: compile:  clang -DHAVE_CONFIG_H -I. -I. -I/src/fluent-bit/build/include -I./enc/unicode -Wall -std=gnu99 -Wall -pipe -g3 -O3 -funroll-loops -MT regerror.lo -MD -MP -MF .deps/regerror.Tpo -c regerror.c  -fPIC -DPIC -o regerror.o
#20 120.0 libtool: compile:  clang -DHAVE_CONFIG_H -I. -I. -I/src/fluent-bit/build/include -I./enc/unicode -Wall -std=gnu99 -Wall -pipe -g3 -O3 -funroll-loops -MT regparse.lo -MD -MP -MF .deps/regparse.Tpo -c regparse.c  -fPIC -DPIC -o regparse.o
#20 122.6 libtool: compile:  clang -DHAVE_CONFIG_H -I. -I. -I/src/fluent-bit/build/include -I./enc/unicode -Wall -std=gnu99 -Wall -pipe -g3 -O3 -funroll-loops -MT regext.lo -MD -MP -MF .deps/regext.Tpo -c regext.c  -fPIC -DPIC -o regext.o
#20 122.9 libtool: compile:  clang -DHAVE_CONFIG_H -I. -I. -I/src/fluent-bit/build/include -I./enc/unicode -Wall -std=gnu99 -Wall -pipe -g3 -O3 -funroll-loops -MT regcomp.lo -MD -MP -MF .deps/regcomp.Tpo -c regcomp.c  -fPIC -DPIC -o regcomp.o
#20 124.8 libtool: compile:  clang -DHAVE_CONFIG_H -I. -I. -I/src/fluent-bit/build/include -I./enc/unicode -Wall -std=gnu99 -Wall -pipe -g3 -O3 -funroll-loops -MT regexec.lo -MD -MP -MF .deps/regexec.Tpo -c regexec.c  -fPIC -DPIC -o regexec.o
#20 128.0 libtool: compile:  clang -DHAVE_CONFIG_H -I. -I. -I/src/fluent-bit/build/include -I./enc/unicode -Wall -std=gnu99 -Wall -pipe -g3 -O3 -funroll-loops -MT reggnu.lo -MD -MP -MF .deps/reggnu.Tpo -c reggnu.c  -fPIC -DPIC -o reggnu.o
#20 128.1 libtool: compile:  clang -DHAVE_CONFIG_H -I. -I. -I/src/fluent-bit/build/include -I./enc/unicode -Wall -std=gnu99 -Wall -pipe -g3 -O3 -funroll-loops -MT regenc.lo -MD -MP -MF .deps/regenc.Tpo -c regenc.c  -fPIC -DPIC -o regenc.o
#20 128.5 libtool: compile:  clang -DHAVE_CONFIG_H -I. -I. -I/src/fluent-bit/build/include -I./enc/unicode -Wall -std=gnu99 -Wall -pipe -g3 -O3 -funroll-loops -MT regsyntax.lo -MD -MP -MF .deps/regsyntax.Tpo -c regsyntax.c  -fPIC -DPIC -o regsyntax.o
#20 128.6 libtool: compile:  clang -DHAVE_CONFIG_H -I. -I. -I/src/fluent-bit/build/include -I./enc/unicode -Wall -std=gnu99 -Wall -pipe -g3 -O3 -funroll-loops -MT regtrav.lo -MD -MP -MF .deps/regtrav.Tpo -c regtrav.c  -fPIC -DPIC -o regtrav.o
#20 128.8 libtool: compile:  clang -DHAVE_CONFIG_H -I. -I. -I/src/fluent-bit/build/include -I./enc/unicode -Wall -std=gnu99 -Wall -pipe -g3 -O3 -funroll-loops -MT regversion.lo -MD -MP -MF .deps/regversion.Tpo -c regversion.c  -fPIC -DPIC -o regversion.o
#20 128.9 libtool: compile:  clang -DHAVE_CONFIG_H -I. -I. -I/src/fluent-bit/build/include -I./enc/unicode -Wall -std=gnu99 -Wall -pipe -g3 -O3 -funroll-loops -MT st.lo -MD -MP -MF .deps/st.Tpo -c st.c  -fPIC -DPIC -o st.o
#20 129.2 libtool: compile:  clang -DHAVE_CONFIG_H -I. -I. -I/src/fluent-bit/build/include -I./enc/unicode -Wall -std=gnu99 -Wall -pipe -g3 -O3 -funroll-loops -MT regposix.lo -MD -MP -MF .deps/regposix.Tpo -c regposix.c  -fPIC -DPIC -o regposix.o
#20 129.4 libtool: compile:  clang -DHAVE_CONFIG_H -I. -I. -I/src/fluent-bit/build/include -I./enc/unicode -Wall -std=gnu99 -Wall -pipe -g3 -O3 -funroll-loops -MT regposerr.lo -MD -MP -MF .deps/regposerr.Tpo -c regposerr.c  -fPIC -DPIC -o regposerr.o
#20 129.5 libtool: compile:  clang -DHAVE_CONFIG_H -I. -I. -I/src/fluent-bit/build/include -I./enc/unicode -Wall -std=gnu99 -Wall -pipe -g3 -O3 -funroll-loops -MT unicode.lo -MD -MP -MF .deps/unicode.Tpo -c ./enc/unicode.c  -fPIC -DPIC -o unicode.o
#20 130.4 libtool: compile:  clang -DHAVE_CONFIG_H -I. -I. -I/src/fluent-bit/build/include -I./enc/unicode -Wall -std=gnu99 -Wall -pipe -g3 -O3 -funroll-loops -MT ascii.lo -MD -MP -MF .deps/ascii.Tpo -c ./enc/ascii.c  -fPIC -DPIC -o ascii.o
#20 130.5 libtool: compile:  clang -DHAVE_CONFIG_H -I. -I. -I/src/fluent-bit/build/include -I./enc/unicode -Wall -std=gnu99 -Wall -pipe -g3 -O3 -funroll-loops -MT utf_8.lo -MD -MP -MF .deps/utf_8.Tpo -c ./enc/utf_8.c  -fPIC -DPIC -o utf_8.o
#20 130.7 libtool: compile:  clang -DHAVE_CONFIG_H -I. -I. -I/src/fluent-bit/build/include -I./enc/unicode -Wall -std=gnu99 -Wall -pipe -g3 -O3 -funroll-loops -MT utf_16be.lo -MD -MP -MF .deps/utf_16be.Tpo -c ./enc/utf_16be.c  -fPIC -DPIC -o utf_16be.o
#20 130.8 libtool: compile:  clang -DHAVE_CONFIG_H -I. -I. -I/src/fluent-bit/build/include -I./enc/unicode -Wall -std=gnu99 -Wall -pipe -g3 -O3 -funroll-loops -MT utf_16le.lo -MD -MP -MF .deps/utf_16le.Tpo -c ./enc/utf_16le.c  -fPIC -DPIC -o utf_16le.o
#20 130.9 libtool: compile:  clang -DHAVE_CONFIG_H -I. -I. -I/src/fluent-bit/build/include -I./enc/unicode -Wall -std=gnu99 -Wall -pipe -g3 -O3 -funroll-loops -MT utf_32be.lo -MD -MP -MF .deps/utf_32be.Tpo -c ./enc/utf_32be.c  -fPIC -DPIC -o utf_32be.o
#20 131.0 libtool: compile:  clang -DHAVE_CONFIG_H -I. -I. -I/src/fluent-bit/build/include -I./enc/unicode -Wall -std=gnu99 -Wall -pipe -g3 -O3 -funroll-loops -MT utf_32le.lo -MD -MP -MF .deps/utf_32le.Tpo -c ./enc/utf_32le.c  -fPIC -DPIC -o utf_32le.o
#20 131.2 libtool: compile:  clang -DHAVE_CONFIG_H -I. -I. -I/src/fluent-bit/build/include -I./enc/unicode -Wall -std=gnu99 -Wall -pipe -g3 -O3 -funroll-loops -MT euc_jp.lo -MD -MP -MF .deps/euc_jp.Tpo -c ./enc/euc_jp.c  -fPIC -DPIC -o euc_jp.o
#20 131.4 libtool: compile:  clang -DHAVE_CONFIG_H -I. -I. -I/src/fluent-bit/build/include -I./enc/unicode -Wall -std=gnu99 -Wall -pipe -g3 -O3 -funroll-loops -MT shift_jis.lo -MD -MP -MF .deps/shift_jis.Tpo -c ./enc/shift_jis.c  -fPIC -DPIC -o shift_jis.o
#20 131.6 libtool: compile:  clang -DHAVE_CONFIG_H -I. -I. -I/src/fluent-bit/build/include -I./enc/unicode -Wall -std=gnu99 -Wall -pipe -g3 -O3 -funroll-loops -MT windows_31j.lo -MD -MP -MF .deps/windows_31j.Tpo -c ./enc/windows_31j.c  -fPIC -DPIC -o windows_31j.o
#20 131.8 libtool: compile:  clang -DHAVE_CONFIG_H -I. -I. -I/src/fluent-bit/build/include -I./enc/unicode -Wall -std=gnu99 -Wall -pipe -g3 -O3 -funroll-loops -MT iso_8859_1.lo -MD -MP -MF .deps/iso_8859_1.Tpo -c ./enc/iso_8859_1.c  -fPIC -DPIC -o iso_8859_1.o
#20 131.9 libtool: compile:  clang -DHAVE_CONFIG_H -I. -I. -I/src/fluent-bit/build/include -I./enc/unicode -Wall -std=gnu99 -Wall -pipe -g3 -O3 -funroll-loops -MT iso_8859_2.lo -MD -MP -MF .deps/iso_8859_2.Tpo -c ./enc/iso_8859_2.c  -fPIC -DPIC -o iso_8859_2.o
#20 132.1 libtool: compile:  clang -DHAVE_CONFIG_H -I. -I. -I/src/fluent-bit/build/include -I./enc/unicode -Wall -std=gnu99 -Wall -pipe -g3 -O3 -funroll-loops -MT iso_8859_3.lo -MD -MP -MF .deps/iso_8859_3.Tpo -c ./enc/iso_8859_3.c  -fPIC -DPIC -o iso_8859_3.o
#20 132.2 libtool: compile:  clang -DHAVE_CONFIG_H -I. -I. -I/src/fluent-bit/build/include -I./enc/unicode -Wall -std=gnu99 -Wall -pipe -g3 -O3 -funroll-loops -MT iso_8859_4.lo -MD -MP -MF .deps/iso_8859_4.Tpo -c ./enc/iso_8859_4.c  -fPIC -DPIC -o iso_8859_4.o
#20 132.3 libtool: compile:  clang -DHAVE_CONFIG_H -I. -I. -I/src/fluent-bit/build/include -I./enc/unicode -Wall -std=gnu99 -Wall -pipe -g3 -O3 -funroll-loops -MT iso_8859_5.lo -MD -MP -MF .deps/iso_8859_5.Tpo -c ./enc/iso_8859_5.c  -fPIC -DPIC -o iso_8859_5.o
#20 132.5 libtool: compile:  clang -DHAVE_CONFIG_H -I. -I. -I/src/fluent-bit/build/include -I./enc/unicode -Wall -std=gnu99 -Wall -pipe -g3 -O3 -funroll-loops -MT iso_8859_6.lo -MD -MP -MF .deps/iso_8859_6.Tpo -c ./enc/iso_8859_6.c  -fPIC -DPIC -o iso_8859_6.o
#20 132.6 libtool: compile:  clang -DHAVE_CONFIG_H -I. -I. -I/src/fluent-bit/build/include -I./enc/unicode -Wall -std=gnu99 -Wall -pipe -g3 -O3 -funroll-loops -MT iso_8859_7.lo -MD -MP -MF .deps/iso_8859_7.Tpo -c ./enc/iso_8859_7.c  -fPIC -DPIC -o iso_8859_7.o
#20 132.7 libtool: compile:  clang -DHAVE_CONFIG_H -I. -I. -I/src/fluent-bit/build/include -I./enc/unicode -Wall -std=gnu99 -Wall -pipe -g3 -O3 -funroll-loops -MT iso_8859_8.lo -MD -MP -MF .deps/iso_8859_8.Tpo -c ./enc/iso_8859_8.c  -fPIC -DPIC -o iso_8859_8.o
#20 132.8 libtool: compile:  clang -DHAVE_CONFIG_H -I. -I. -I/src/fluent-bit/build/include -I./enc/unicode -Wall -std=gnu99 -Wall -pipe -g3 -O3 -funroll-loops -MT iso_8859_9.lo -MD -MP -MF .deps/iso_8859_9.Tpo -c ./enc/iso_8859_9.c  -fPIC -DPIC -o iso_8859_9.o
#20 133.0 libtool: compile:  clang -DHAVE_CONFIG_H -I. -I. -I/src/fluent-bit/build/include -I./enc/unicode -Wall -std=gnu99 -Wall -pipe -g3 -O3 -funroll-loops -MT iso_8859_10.lo -MD -MP -MF .deps/iso_8859_10.Tpo -c ./enc/iso_8859_10.c  -fPIC -DPIC -o iso_8859_10.o
#20 133.1 libtool: compile:  clang -DHAVE_CONFIG_H -I. -I. -I/src/fluent-bit/build/include -I./enc/unicode -Wall -std=gnu99 -Wall -pipe -g3 -O3 -funroll-loops -MT iso_8859_11.lo -MD -MP -MF .deps/iso_8859_11.Tpo -c ./enc/iso_8859_11.c  -fPIC -DPIC -o iso_8859_11.o
#20 133.2 libtool: compile:  clang -DHAVE_CONFIG_H -I. -I. -I/src/fluent-bit/build/include -I./enc/unicode -Wall -std=gnu99 -Wall -pipe -g3 -O3 -funroll-loops -MT iso_8859_13.lo -MD -MP -MF .deps/iso_8859_13.Tpo -c ./enc/iso_8859_13.c  -fPIC -DPIC -o iso_8859_13.o
#20 133.3 libtool: compile:  clang -DHAVE_CONFIG_H -I. -I. -I/src/fluent-bit/build/include -I./enc/unicode -Wall -std=gnu99 -Wall -pipe -g3 -O3 -funroll-loops -MT iso_8859_14.lo -MD -MP -MF .deps/iso_8859_14.Tpo -c ./enc/iso_8859_14.c  -fPIC -DPIC -o iso_8859_14.o
#20 133.5 libtool: compile:  clang -DHAVE_CONFIG_H -I. -I. -I/src/fluent-bit/build/include -I./enc/unicode -Wall -std=gnu99 -Wall -pipe -g3 -O3 -funroll-loops -MT iso_8859_15.lo -MD -MP -MF .deps/iso_8859_15.Tpo -c ./enc/iso_8859_15.c  -fPIC -DPIC -o iso_8859_15.o
#20 133.6 libtool: compile:  clang -DHAVE_CONFIG_H -I. -I. -I/src/fluent-bit/build/include -I./enc/unicode -Wall -std=gnu99 -Wall -pipe -g3 -O3 -funroll-loops -MT iso_8859_16.lo -MD -MP -MF .deps/iso_8859_16.Tpo -c ./enc/iso_8859_16.c  -fPIC -DPIC -o iso_8859_16.o
#20 133.8 libtool: compile:  clang -DHAVE_CONFIG_H -I. -I. -I/src/fluent-bit/build/include -I./enc/unicode -Wall -std=gnu99 -Wall -pipe -g3 -O3 -funroll-loops -MT euc_tw.lo -MD -MP -MF .deps/euc_tw.Tpo -c ./enc/euc_tw.c  -fPIC -DPIC -o euc_tw.o
#20 133.9 libtool: compile:  clang -DHAVE_CONFIG_H -I. -I. -I/src/fluent-bit/build/include -I./enc/unicode -Wall -std=gnu99 -Wall -pipe -g3 -O3 -funroll-loops -MT euc_kr.lo -MD -MP -MF .deps/euc_kr.Tpo -c ./enc/euc_kr.c  -fPIC -DPIC -o euc_kr.o
#20 134.0 libtool: compile:  clang -DHAVE_CONFIG_H -I. -I. -I/src/fluent-bit/build/include -I./enc/unicode -Wall -std=gnu99 -Wall -pipe -g3 -O3 -funroll-loops -MT big5.lo -MD -MP -MF .deps/big5.Tpo -c ./enc/big5.c  -fPIC -DPIC -o big5.o
#20 134.2 libtool: compile:  clang -DHAVE_CONFIG_H -I. -I. -I/src/fluent-bit/build/include -I./enc/unicode -Wall -std=gnu99 -Wall -pipe -g3 -O3 -funroll-loops -MT gb18030.lo -MD -MP -MF .deps/gb18030.Tpo -c ./enc/gb18030.c  -fPIC -DPIC -o gb18030.o
#20 134.4 libtool: compile:  clang -DHAVE_CONFIG_H -I. -I. -I/src/fluent-bit/build/include -I./enc/unicode -Wall -std=gnu99 -Wall -pipe -g3 -O3 -funroll-loops -MT koi8_r.lo -MD -MP -MF .deps/koi8_r.Tpo -c ./enc/koi8_r.c  -fPIC -DPIC -o koi8_r.o
#20 134.5 libtool: compile:  clang -DHAVE_CONFIG_H -I. -I. -I/src/fluent-bit/build/include -I./enc/unicode -Wall -std=gnu99 -Wall -pipe -g3 -O3 -funroll-loops -MT koi8_u.lo -MD -MP -MF .deps/koi8_u.Tpo -c ./enc/koi8_u.c  -fPIC -DPIC -o koi8_u.o
#20 134.6 libtool: compile:  clang -DHAVE_CONFIG_H -I. -I. -I/src/fluent-bit/build/include -I./enc/unicode -Wall -std=gnu99 -Wall -pipe -g3 -O3 -funroll-loops -MT windows_1250.lo -MD -MP -MF .deps/windows_1250.Tpo -c ./enc/windows_1250.c  -fPIC -DPIC -o windows_1250.o
#20 134.7 libtool: compile:  clang -DHAVE_CONFIG_H -I. -I. -I/src/fluent-bit/build/include -I./enc/unicode -Wall -std=gnu99 -Wall -pipe -g3 -O3 -funroll-loops -MT windows_1251.lo -MD -MP -MF .deps/windows_1251.Tpo -c ./enc/windows_1251.c  -fPIC -DPIC -o windows_1251.o
#20 134.9 libtool: compile:  clang -DHAVE_CONFIG_H -I. -I. -I/src/fluent-bit/build/include -I./enc/unicode -Wall -std=gnu99 -Wall -pipe -g3 -O3 -funroll-loops -MT windows_1252.lo -MD -MP -MF .deps/windows_1252.Tpo -c ./enc/windows_1252.c  -fPIC -DPIC -o windows_1252.o
#20 135.0 libtool: compile:  clang -DHAVE_CONFIG_H -I. -I. -I/src/fluent-bit/build/include -I./enc/unicode -Wall -std=gnu99 -Wall -pipe -g3 -O3 -funroll-loops -MT windows_1253.lo -MD -MP -MF .deps/windows_1253.Tpo -c ./enc/windows_1253.c  -fPIC -DPIC -o windows_1253.o
#20 135.1 libtool: compile:  clang -DHAVE_CONFIG_H -I. -I. -I/src/fluent-bit/build/include -I./enc/unicode -Wall -std=gnu99 -Wall -pipe -g3 -O3 -funroll-loops -MT windows_1254.lo -MD -MP -MF .deps/windows_1254.Tpo -c ./enc/windows_1254.c  -fPIC -DPIC -o windows_1254.o
#20 135.3 libtool: compile:  clang -DHAVE_CONFIG_H -I. -I. -I/src/fluent-bit/build/include -I./enc/unicode -Wall -std=gnu99 -Wall -pipe -g3 -O3 -funroll-loops -MT windows_1257.lo -MD -MP -MF .deps/windows_1257.Tpo -c ./enc/windows_1257.c  -fPIC -DPIC -o windows_1257.o
#20 135.6 libtool: link: ar cru .libs/libonigmo.a  regerror.o regparse.o regext.o regcomp.o regexec.o reggnu.o regenc.o regsyntax.o regtrav.o regversion.o st.o regposix.o regposerr.o unicode.o ascii.o utf_8.o utf_16be.o utf_16le.o utf_32be.o utf_32le.o euc_jp.o shift_jis.o windows_31j.o iso_8859_1.o iso_8859_2.o iso_8859_3.o iso_8859_4.o iso_8859_5.o iso_8859_6.o iso_8859_7.o iso_8859_8.o iso_8859_9.o iso_8859_10.o iso_8859_11.o iso_8859_13.o iso_8859_14.o iso_8859_15.o iso_8859_16.o euc_tw.o euc_kr.o big5.o gb18030.o koi8_r.o koi8_u.o windows_1250.o windows_1251.o windows_1252.o windows_1253.o windows_1254.o windows_1257.o
#20 135.6 ar: `u' modifier ignored since `D' is the default (see `U')
#20 135.6 libtool: link: ranlib .libs/libonigmo.a
#20 135.7 libtool: link: ( cd ".libs" && rm -f "libonigmo.la" && ln -s "../libonigmo.la" "libonigmo.la" )
#20 135.7 Making all in sample
#20 135.9 libtool: link: clang -std=gnu99 -Wall -pipe -g3 -O3 -funroll-loops -o encode encode.o  ../.libs/libonigmo.a
#20 136.2 libtool: link: clang -std=gnu99 -Wall -pipe -g3 -O3 -funroll-loops -o listcap listcap.o  ../.libs/libonigmo.a
#20 136.4 libtool: link: clang -std=gnu99 -Wall -pipe -g3 -O3 -funroll-loops -o names names.o  ../.libs/libonigmo.a
#20 136.6 libtool: link: clang -std=gnu99 -Wall -pipe -g3 -O3 -funroll-loops -o posix posix.o  ../.libs/libonigmo.a
#20 136.9 libtool: link: clang -std=gnu99 -Wall -pipe -g3 -O3 -funroll-loops -o simple simple.o  ../.libs/libonigmo.a
#20 137.1 libtool: link: clang -std=gnu99 -Wall -pipe -g3 -O3 -funroll-loops -o sql sql.o  ../.libs/libonigmo.a
#20 137.3 libtool: link: clang -std=gnu99 -Wall -pipe -g3 -O3 -funroll-loops -o syntax syntax.o  ../.libs/libonigmo.a
#20 137.5 libtool: link: clang -std=gnu99 -Wall -pipe -g3 -O3 -funroll-loops -o scan scan.o  ../.libs/libonigmo.a
#20 137.8 libtool: link: clang -std=gnu99 -Wall -pipe -g3 -O3 -funroll-loops -o crnl crnl.o  ../.libs/libonigmo.a
#20 137.9 [ 10%] Performing install step for 'onigmo'
#20 137.9 Making install in .
#20 137.9  /usr/bin/mkdir -p '/src/fluent-bit/build/bin'
#20 137.9  /usr/bin/install -c onigmo-config '/src/fluent-bit/build/bin'
#20 137.9  /usr/bin/mkdir -p '/src/fluent-bit/build/lib'
#20 137.9  /bin/bash ./libtool   --mode=install /usr/bin/install -c   libonigmo.la '/src/fluent-bit/build/lib'
#20 138.0 libtool: install: /usr/bin/install -c .libs/libonigmo.lai /src/fluent-bit/build/lib/libonigmo.la
#20 138.0 libtool: install: /usr/bin/install -c .libs/libonigmo.a /src/fluent-bit/build/lib/libonigmo.a
#20 138.0 libtool: install: chmod 644 /src/fluent-bit/build/lib/libonigmo.a
#20 138.0 libtool: install: ranlib /src/fluent-bit/build/lib/libonigmo.a
#20 138.1 libtool: finish: PATH="/usr/local/sbin:/usr/local/bin:/usr/sbin:/usr/bin:/sbin:/bin:/out:/sbin" ldconfig -n /src/fluent-bit/build/lib
#20 138.1 ----------------------------------------------------------------------
#20 138.1 Libraries have been installed in:
#20 138.1    /src/fluent-bit/build/lib
#20 138.1 
#20 138.1 If you ever happen to want to link against installed libraries
#20 138.1 in a given directory, LIBDIR, you must either use libtool, and
#20 138.1 specify the full pathname of the library, or use the '-LLIBDIR'
#20 138.1 flag during linking and do at least one of the following:
#20 138.1    - add LIBDIR to the 'LD_LIBRARY_PATH' environment variable
#20 138.1      during execution
#20 138.1    - add LIBDIR to the 'LD_RUN_PATH' environment variable
#20 138.1      during linking
#20 138.1    - use the '-Wl,-rpath -Wl,LIBDIR' linker flag
#20 138.1    - have your system administrator add LIBDIR to '/etc/ld.so.conf'
#20 138.1 
#20 138.1 See any operating system documentation about shared libraries for
#20 138.1 more information, such as the ld(1) and ld.so(8) manual pages.
#20 138.1 ----------------------------------------------------------------------
#20 138.1  /usr/bin/mkdir -p '/src/fluent-bit/build/include'
#20 138.1  /usr/bin/install -c -m 644 onigmo.h onigmognu.h onigmoposix.h '/src/fluent-bit/build/include'
#20 138.1  /usr/bin/mkdir -p '/src/fluent-bit/build/lib/pkgconfig'
#20 138.1  /usr/bin/install -c -m 644 onigmo.pc '/src/fluent-bit/build/lib/pkgconfig'
#20 138.1 Making install in sample
#20 138.1 [ 10%] Completed 'onigmo'
#20 138.1 [ 10%] Built target onigmo
#20 138.2 [ 10%] Building C object src/proxy/go/CMakeFiles/flb-plugin-proxy-go.dir/go.c.o
#20 138.8 [ 10%] Linking C static library ../../../library/libflb-plugin-proxy-go.a
#20 138.9 [ 10%] Built target flb-plugin-proxy-go
#20 138.9 [ 10%] Building C object lib/msgpack-c/CMakeFiles/msgpack-c-static.dir/src/objectc.c.o
#20 139.2 [ 10%] Building C object lib/msgpack-c/CMakeFiles/msgpack-c-static.dir/src/unpack.c.o
#20 139.6 [ 11%] Building C object lib/msgpack-c/CMakeFiles/msgpack-c-static.dir/src/version.c.o
#20 139.7 [ 11%] Building C object lib/msgpack-c/CMakeFiles/msgpack-c-static.dir/src/vrefbuffer.c.o
#20 139.9 [ 11%] Building C object lib/msgpack-c/CMakeFiles/msgpack-c-static.dir/src/zone.c.o
#20 140.0 [ 11%] Linking C static library ../../library/libmsgpack-c-static.a
#20 140.0 [ 11%] Built target msgpack-c-static
#20 140.0 [ 11%] Building C object lib/mpack-amalgamation-1.0/CMakeFiles/mpack-static.dir/src/mpack/mpack.c.o
#20 142.7 [ 11%] Linking C static library ../../library/libmpack-static.a
#20 142.7 [ 11%] Built target mpack-static
#20 142.7 [ 12%] Building C object lib/miniz/CMakeFiles/miniz.dir/miniz.c.o
#20 144.7 [ 12%] Linking C static library ../../library/libminiz.a
#20 144.7 [ 12%] Built target miniz
#20 144.7 [ 13%] Building C object lib/tutf8e/CMakeFiles/tutf8e.dir/src/tutf8e.c.o
#20 144.8 [ 13%] Linking C static library ../../library/libtutf8e.a
#20 144.9 [ 13%] Built target tutf8e
#20 144.9 [ 13%] Building C object lib/xxHash-0.8.1/cmake_unofficial/CMakeFiles/xxhash.dir/__/xxhash.c.o
#20 147.4 [ 14%] Linking C static library ../../../library/libxxhash.a
#20 147.4 [ 14%] Built target xxhash
#20 147.4 [ 14%] Building C object lib/snappy-fef67ac/CMakeFiles/snappy-c.dir/snappy.c.o
#20 147.5 /src/fluent-bit/lib/snappy-fef67ac/snappy.c:1386:9: warning: variable 'written' set but not used [-Wunused-but-set-variable]
#20 147.5         size_t written = 0;
#20 147.5                ^
#20 147.5 /src/fluent-bit/lib/snappy-fef67ac/snappy.c:60:19: warning: unused function 'get_unaligned16' [-Wunused-function]
#20 147.5 static inline u16 get_unaligned16(u16 *x)
#20 147.5                   ^
#20 147.5 /src/fluent-bit/lib/snappy-fef67ac/snappy.c:204:19: warning: unused function 'find_lsb_set_non_zero' [-Wunused-function]
#20 147.5 static inline int find_lsb_set_non_zero(u32 n)
#20 147.5                   ^
#20 147.9 3 warnings generated.
#20 147.9 [ 14%] Linking C static library ../../library/libsnappy-c.a
#20 147.9 [ 14%] Built target snappy-c
#20 147.9 [ 14%] Building C object lib/cmetrics/src/CMakeFiles/cmetrics-static.dir/cmt_gauge.c.o
#20 148.0 [ 15%] Building C object lib/cmetrics/src/CMakeFiles/cmetrics-static.dir/cmt_counter.c.o
#20 148.2 [ 15%] Building C object lib/cmetrics/src/CMakeFiles/cmetrics-static.dir/cmt_untyped.c.o
#20 148.3 [ 15%] Building C object lib/cmetrics/src/CMakeFiles/cmetrics-static.dir/cmt_metric.c.o
#20 148.4 [ 15%] Building C object lib/cmetrics/src/CMakeFiles/cmetrics-static.dir/cmt_map.c.o
#20 149.3 [ 15%] Building C object lib/cmetrics/src/CMakeFiles/cmetrics-static.dir/cmt_log.c.o
#20 149.4 [ 15%] Building C object lib/cmetrics/src/CMakeFiles/cmetrics-static.dir/cmt_opts.c.o
#20 149.5 [ 15%] Building C object lib/cmetrics/src/CMakeFiles/cmetrics-static.dir/cmt_time.c.o
#20 149.5 [ 15%] Building C object lib/cmetrics/src/CMakeFiles/cmetrics-static.dir/cmt_label.c.o
#20 149.6 [ 16%] Building C object lib/cmetrics/src/CMakeFiles/cmetrics-static.dir/cmt_cat.c.o
#20 149.8 [ 16%] Building C object lib/cmetrics/src/CMakeFiles/cmetrics-static.dir/cmt_sds.c.o
#20 149.9 [ 16%] Building C object lib/cmetrics/src/CMakeFiles/cmetrics-static.dir/cmetrics.c.o
#20 150.0 [ 16%] Building C object lib/cmetrics/src/CMakeFiles/cmetrics-static.dir/cmt_encode_opentelemetry.c.o
#20 150.1 /src/fluent-bit/lib/cmetrics/src/cmt_encode_opentelemetry.c:233:5: warning: unused function 'initialize_export_metrics_service_request' [-Wunused-function]
#20 150.1     initialize_export_metrics_service_request(size_t resource_metrics_count)
#20 150.1     ^
#20 150.1 /src/fluent-bit/lib/cmetrics/src/cmt_encode_opentelemetry.c:307:5: warning: unused function 'initialize_resource' [-Wunused-function]
#20 150.1     initialize_resource(size_t attribute_count)
#20 150.1     ^
#20 150.1 /src/fluent-bit/lib/cmetrics/src/cmt_encode_opentelemetry.c:332:12: warning: unused function 'append_attribute_to_resource' [-Wunused-function]
#20 150.1 static int append_attribute_to_resource(
#20 150.1            ^
#20 150.4 3 warnings generated.
#20 150.5 [ 16%] Building C object lib/cmetrics/src/CMakeFiles/cmetrics-static.dir/cmt_encode_prometheus.c.o
#20 150.6 [ 16%] Building C object lib/cmetrics/src/CMakeFiles/cmetrics-static.dir/cmt_encode_prometheus_remote_write.c.o
#20 151.0 [ 16%] Building C object lib/cmetrics/src/CMakeFiles/cmetrics-static.dir/cmt_encode_text.c.o
#20 151.1 [ 17%] Building C object lib/cmetrics/src/CMakeFiles/cmetrics-static.dir/cmt_encode_influx.c.o
#20 151.3 [ 17%] Building C object lib/cmetrics/src/CMakeFiles/cmetrics-static.dir/cmt_encode_msgpack.c.o
#20 151.5 [ 17%] Building C object lib/cmetrics/src/CMakeFiles/cmetrics-static.dir/cmt_decode_msgpack.c.o
#20 151.8 [ 17%] Building C object lib/cmetrics/src/CMakeFiles/cmetrics-static.dir/cmt_mpack_utils.c.o
#20 151.9 [ 17%] Building C object lib/cmetrics/src/CMakeFiles/cmetrics-static.dir/external/protobuf-c.c.o
#20 154.0 [ 17%] Building C object lib/cmetrics/src/CMakeFiles/cmetrics-static.dir/external/remote.pb-c.c.o
#20 154.1 [ 17%] Building C object lib/cmetrics/src/CMakeFiles/cmetrics-static.dir/external/types.pb-c.c.o
#20 154.3 [ 17%] Building C object lib/cmetrics/src/CMakeFiles/cmetrics-static.dir/external/opentelemetry_common.pb-c.c.o
#20 154.4 [ 18%] Building C object lib/cmetrics/src/CMakeFiles/cmetrics-static.dir/external/opentelemetry_metrics.pb-c.c.o
#20 154.7 [ 18%] Building C object lib/cmetrics/src/CMakeFiles/cmetrics-static.dir/external/opentelemetry_resource.pb-c.c.o
#20 154.7 [ 18%] Building C object lib/cmetrics/src/CMakeFiles/cmetrics-static.dir/external/opentelemetry_metrics_service.pb-c.c.o
#20 154.8 [ 18%] Building C object lib/cmetrics/src/CMakeFiles/cmetrics-static.dir/cmt_atomic_clang.c.o
#20 154.9 [ 18%] Linking C static library ../../../library/libcmetrics.a
#20 154.9 [ 18%] Built target cmetrics-static
#20 154.9 [ 18%] Building C object lib/chunkio/deps/crc32/CMakeFiles/cio-crc32.dir/crc32.c.o
#20 155.0 [ 18%] Linking C static library ../../../../library/libcio-crc32.a
#20 155.0 [ 18%] Built target cio-crc32
#20 155.0 [ 18%] Building C object lib/chunkio/src/CMakeFiles/chunkio-static.dir/cio_os.c.o
#20 155.1 [ 18%] Building C object lib/chunkio/src/CMakeFiles/chunkio-static.dir/cio_log.c.o
#20 155.2 [ 19%] Building C object lib/chunkio/src/CMakeFiles/chunkio-static.dir/cio_memfs.c.o
#20 155.3 [ 19%] Building C object lib/chunkio/src/CMakeFiles/chunkio-static.dir/cio_chunk.c.o
#20 155.5 [ 19%] Building C object lib/chunkio/src/CMakeFiles/chunkio-static.dir/cio_meta.c.o
#20 155.6 [ 19%] Building C object lib/chunkio/src/CMakeFiles/chunkio-static.dir/cio_scan.c.o
#20 155.7 [ 19%] Building C object lib/chunkio/src/CMakeFiles/chunkio-static.dir/cio_utils.c.o
#20 155.8 [ 19%] Building C object lib/chunkio/src/CMakeFiles/chunkio-static.dir/cio_stream.c.o
#20 156.0 [ 19%] Building C object lib/chunkio/src/CMakeFiles/chunkio-static.dir/cio_stats.c.o
#20 156.1 [ 19%] Building C object lib/chunkio/src/CMakeFiles/chunkio-static.dir/cio_error.c.o
#20 156.2 [ 20%] Building C object lib/chunkio/src/CMakeFiles/chunkio-static.dir/chunkio.c.o
#20 156.3 [ 20%] Building C object lib/chunkio/src/CMakeFiles/chunkio-static.dir/cio_file.c.o
#20 156.7 [ 20%] Linking C static library ../../../library/libchunkio-static.a
#20 156.7 [ 20%] Built target chunkio-static
#20 156.7 [ 20%] Building C object lib/monkey/deps/rbtree/CMakeFiles/rbtree.dir/rbtree.c.o
#20 156.8 /src/fluent-bit/lib/monkey/deps/rbtree/rbtree.c:170:22: warning: unused function '__helper_get_sibling' [-Wunused-function]
#20 156.8 struct rb_tree_node *__helper_get_sibling(struct rb_tree_node *node)
#20 156.8                      ^
#20 156.8 /src/fluent-bit/lib/monkey/deps/rbtree/rbtree.c:200:22: warning: unused function '__helper_get_uncle' [-Wunused-function]
#20 156.8 struct rb_tree_node *__helper_get_uncle(struct rb_tree_node *node)
#20 156.8                      ^
#20 157.0 2 warnings generated.
#20 157.0 [ 20%] Linking C static library ../../library/librbtree.a
#20 157.0 [ 20%] Built target rbtree
#20 157.0 [ 21%] Building C object lib/monkey/deps/regex/CMakeFiles/regex.dir/re.c.o
#20 157.2 [ 21%] Linking C static library ../../library/libregex.a
#20 157.2 [ 21%] Built target regex
#20 157.2 [ 21%] Building C object lib/monkey/deps/flb_libco/CMakeFiles/co.dir/libco.c.o
#20 157.3 [ 21%] Linking C static library ../../library/libco.a
#20 157.3 [ 21%] Built target co
#20 157.4 [ 21%] Building C object lib/monkey/mk_core/CMakeFiles/mk_core.dir/mk_rconf.c.o
#20 157.6 [ 21%] Building C object lib/monkey/mk_core/CMakeFiles/mk_core.dir/mk_string.c.o
#20 157.9 [ 21%] Building C object lib/monkey/mk_core/CMakeFiles/mk_core.dir/mk_memory.c.o
#20 157.9 [ 21%] Building C object lib/monkey/mk_core/CMakeFiles/mk_core.dir/mk_event.c.o
#20 158.0 In file included from /src/fluent-bit/lib/monkey/mk_core/mk_event.c:36:
#20 158.0 /src/fluent-bit/lib/monkey/mk_core/mk_event_epoll.c:373:32: warning: comparison of integers of different signs: 'size_t' (aka 'unsigned long') and 'int' [-Wsign-compare]
#20 158.0         for (index = 0 ; index < loop->n_events ; index++) {
#20 158.0                          ~~~~~ ^ ~~~~~~~~~~~~~~
#20 158.0 /src/fluent-bit/lib/monkey/mk_core/mk_event.c:109:9: warning: unused variable 'result' [-Wunused-variable]
#20 158.0     int result;
#20 158.0         ^
#20 158.1 2 warnings generated.
#20 158.1 [ 21%] Building C object lib/monkey/mk_core/CMakeFiles/mk_core.dir/mk_utils.c.o
#20 158.2 [ 21%] Building C object lib/monkey/mk_core/CMakeFiles/mk_core.dir/mk_file.c.o
#20 158.4 [ 22%] Building C object lib/monkey/mk_core/CMakeFiles/mk_core.dir/mk_iov.c.o
#20 158.5 [ 22%] Linking C static library ../library/libmk_core.a
#20 158.5 [ 22%] Built target mk_core
#20 158.5 [ 23%] Building C object lib/monkey/plugins/liana/CMakeFiles/monkey-liana-static.dir/liana.c.o
#20 158.7 [ 23%] Linking C static library ../../library/monkey-liana.a
#20 158.7 [ 23%] Built target monkey-liana-static
#20 158.7 [ 23%] Building C object lib/monkey/mk_server/CMakeFiles/monkey-core-static.dir/monkey.c.o
#20 158.9 [ 24%] Building C object lib/monkey/mk_server/CMakeFiles/monkey-core-static.dir/mk_lib.c.o
#20 159.2 [ 24%] Building C object lib/monkey/mk_server/CMakeFiles/monkey-core-static.dir/mk_fifo.c.o
#20 159.4 [ 24%] Building C object lib/monkey/mk_server/CMakeFiles/monkey-core-static.dir/mk_mimetype.c.o
#20 159.6 [ 24%] Building C object lib/monkey/mk_server/CMakeFiles/monkey-core-static.dir/mk_vhost.c.o
#20 160.0 [ 24%] Building C object lib/monkey/mk_server/CMakeFiles/monkey-core-static.dir/mk_header.c.o
#20 160.2 [ 24%] Building C object lib/monkey/mk_server/CMakeFiles/monkey-core-static.dir/mk_config.c.o
#20 160.5 [ 24%] Building C object lib/monkey/mk_server/CMakeFiles/monkey-core-static.dir/mk_user.c.o
#20 160.6 [ 24%] Building C object lib/monkey/mk_server/CMakeFiles/monkey-core-static.dir/mk_utils.c.o
#20 160.9 [ 25%] Building C object lib/monkey/mk_server/CMakeFiles/monkey-core-static.dir/mk_stream.c.o
#20 161.1 [ 25%] Building C object lib/monkey/mk_server/CMakeFiles/monkey-core-static.dir/mk_scheduler.c.o
#20 161.4 [ 25%] Building C object lib/monkey/mk_server/CMakeFiles/monkey-core-static.dir/mk_http.c.o
#20 161.9 [ 25%] Building C object lib/monkey/mk_server/CMakeFiles/monkey-core-static.dir/mk_http_parser.c.o
#20 162.4 [ 25%] Building C object lib/monkey/mk_server/CMakeFiles/monkey-core-static.dir/mk_http_thread.c.o
#20 162.6 [ 25%] Building C object lib/monkey/mk_server/CMakeFiles/monkey-core-static.dir/mk_socket.c.o
#20 162.8 [ 25%] Building C object lib/monkey/mk_server/CMakeFiles/monkey-core-static.dir/mk_net.c.o
#20 162.9 [ 26%] Building C object lib/monkey/mk_server/CMakeFiles/monkey-core-static.dir/mk_clock.c.o
#20 163.0 [ 26%] Building C object lib/monkey/mk_server/CMakeFiles/monkey-core-static.dir/mk_cache.c.o
#20 163.2 [ 26%] Building C object lib/monkey/mk_server/CMakeFiles/monkey-core-static.dir/mk_server.c.o
#20 163.3 /src/fluent-bit/lib/monkey/mk_server/mk_server.c:170:9: warning: variable 'i' set but not used [-Wunused-but-set-variable]
#20 163.3     int i = 0;
#20 163.3         ^
#20 163.5 1 warning generated.
#20 163.5 [ 26%] Building C object lib/monkey/mk_server/CMakeFiles/monkey-core-static.dir/mk_kernel.c.o
#20 163.6 [ 26%] Building C object lib/monkey/mk_server/CMakeFiles/monkey-core-static.dir/mk_plugin.c.o
#20 163.9 [ 26%] Linking C static library ../library/libmonkey.a
#20 164.0 [ 26%] Built target monkey-core-static
#20 164.1 [ 26%] Building C object lib/mbedtls-2.27.0/library/CMakeFiles/mbedcrypto.dir/aes.c.o
#20 164.2 [ 26%] Building C object lib/mbedtls-2.27.0/library/CMakeFiles/mbedcrypto.dir/aesni.c.o
#20 164.2 [ 26%] Building C object lib/mbedtls-2.27.0/library/CMakeFiles/mbedcrypto.dir/arc4.c.o
#20 164.3 [ 26%] Building C object lib/mbedtls-2.27.0/library/CMakeFiles/mbedcrypto.dir/aria.c.o
#20 164.3 [ 27%] Building C object lib/mbedtls-2.27.0/library/CMakeFiles/mbedcrypto.dir/asn1parse.c.o
#20 164.4 [ 27%] Building C object lib/mbedtls-2.27.0/library/CMakeFiles/mbedcrypto.dir/asn1write.c.o
#20 164.5 [ 27%] Building C object lib/mbedtls-2.27.0/library/CMakeFiles/mbedcrypto.dir/base64.c.o
#20 164.5 [ 27%] Building C object lib/mbedtls-2.27.0/library/CMakeFiles/mbedcrypto.dir/bignum.c.o
#20 164.7 [ 27%] Building C object lib/mbedtls-2.27.0/library/CMakeFiles/mbedcrypto.dir/blowfish.c.o
#20 164.8 [ 27%] Building C object lib/mbedtls-2.27.0/library/CMakeFiles/mbedcrypto.dir/camellia.c.o
#20 164.9 [ 27%] Building C object lib/mbedtls-2.27.0/library/CMakeFiles/mbedcrypto.dir/ccm.c.o
#20 165.0 [ 27%] Building C object lib/mbedtls-2.27.0/library/CMakeFiles/mbedcrypto.dir/chacha20.c.o
#20 165.0 [ 28%] Building C object lib/mbedtls-2.27.0/library/CMakeFiles/mbedcrypto.dir/chachapoly.c.o
#20 165.1 [ 28%] Building C object lib/mbedtls-2.27.0/library/CMakeFiles/mbedcrypto.dir/cipher.c.o
#20 165.2 [ 28%] Building C object lib/mbedtls-2.27.0/library/CMakeFiles/mbedcrypto.dir/cipher_wrap.c.o
#20 165.3 [ 28%] Building C object lib/mbedtls-2.27.0/library/CMakeFiles/mbedcrypto.dir/cmac.c.o
#20 165.3 [ 28%] Building C object lib/mbedtls-2.27.0/library/CMakeFiles/mbedcrypto.dir/ctr_drbg.c.o
#20 165.4 [ 28%] Building C object lib/mbedtls-2.27.0/library/CMakeFiles/mbedcrypto.dir/des.c.o
#20 165.5 [ 28%] Building C object lib/mbedtls-2.27.0/library/CMakeFiles/mbedcrypto.dir/dhm.c.o
#20 165.6 [ 29%] Building C object lib/mbedtls-2.27.0/library/CMakeFiles/mbedcrypto.dir/ecdh.c.o
#20 165.7 [ 29%] Building C object lib/mbedtls-2.27.0/library/CMakeFiles/mbedcrypto.dir/ecdsa.c.o
#20 165.8 [ 29%] Building C object lib/mbedtls-2.27.0/library/CMakeFiles/mbedcrypto.dir/ecjpake.c.o
#20 165.8 [ 29%] Building C object lib/mbedtls-2.27.0/library/CMakeFiles/mbedcrypto.dir/ecp.c.o
#20 166.0 [ 29%] Building C object lib/mbedtls-2.27.0/library/CMakeFiles/mbedcrypto.dir/ecp_curves.c.o
#20 166.2 [ 29%] Building C object lib/mbedtls-2.27.0/library/CMakeFiles/mbedcrypto.dir/entropy.c.o
#20 166.2 [ 29%] Building C object lib/mbedtls-2.27.0/library/CMakeFiles/mbedcrypto.dir/entropy_poll.c.o
#20 166.3 [ 29%] Building C object lib/mbedtls-2.27.0/library/CMakeFiles/mbedcrypto.dir/error.c.o
#20 166.4 [ 30%] Building C object lib/mbedtls-2.27.0/library/CMakeFiles/mbedcrypto.dir/gcm.c.o
#20 166.5 [ 30%] Building C object lib/mbedtls-2.27.0/library/CMakeFiles/mbedcrypto.dir/havege.c.o
#20 166.5 [ 30%] Building C object lib/mbedtls-2.27.0/library/CMakeFiles/mbedcrypto.dir/hkdf.c.o
#20 166.6 [ 30%] Building C object lib/mbedtls-2.27.0/library/CMakeFiles/mbedcrypto.dir/hmac_drbg.c.o
#20 166.7 [ 30%] Building C object lib/mbedtls-2.27.0/library/CMakeFiles/mbedcrypto.dir/md.c.o
#20 166.8 [ 30%] Building C object lib/mbedtls-2.27.0/library/CMakeFiles/mbedcrypto.dir/md2.c.o
#20 166.8 [ 30%] Building C object lib/mbedtls-2.27.0/library/CMakeFiles/mbedcrypto.dir/md4.c.o
#20 166.8 [ 30%] Building C object lib/mbedtls-2.27.0/library/CMakeFiles/mbedcrypto.dir/md5.c.o
#20 166.9 [ 31%] Building C object lib/mbedtls-2.27.0/library/CMakeFiles/mbedcrypto.dir/memory_buffer_alloc.c.o
#20 166.9 [ 31%] Building C object lib/mbedtls-2.27.0/library/CMakeFiles/mbedcrypto.dir/mps_reader.c.o
#20 167.0 [ 31%] Building C object lib/mbedtls-2.27.0/library/CMakeFiles/mbedcrypto.dir/mps_trace.c.o
#20 167.0 [ 31%] Building C object lib/mbedtls-2.27.0/library/CMakeFiles/mbedcrypto.dir/nist_kw.c.o
#20 167.0 [ 31%] Building C object lib/mbedtls-2.27.0/library/CMakeFiles/mbedcrypto.dir/oid.c.o
#20 167.1 [ 31%] Building C object lib/mbedtls-2.27.0/library/CMakeFiles/mbedcrypto.dir/padlock.c.o
#20 167.1 [ 31%] Building C object lib/mbedtls-2.27.0/library/CMakeFiles/mbedcrypto.dir/pem.c.o
#20 167.2 [ 31%] Building C object lib/mbedtls-2.27.0/library/CMakeFiles/mbedcrypto.dir/pk.c.o
#20 167.3 [ 32%] Building C object lib/mbedtls-2.27.0/library/CMakeFiles/mbedcrypto.dir/pk_wrap.c.o
#20 167.4 [ 32%] Building C object lib/mbedtls-2.27.0/library/CMakeFiles/mbedcrypto.dir/pkcs12.c.o
#20 167.5 [ 32%] Building C object lib/mbedtls-2.27.0/library/CMakeFiles/mbedcrypto.dir/pkcs5.c.o
#20 167.5 [ 32%] Building C object lib/mbedtls-2.27.0/library/CMakeFiles/mbedcrypto.dir/pkparse.c.o
#20 167.7 [ 32%] Building C object lib/mbedtls-2.27.0/library/CMakeFiles/mbedcrypto.dir/pkwrite.c.o
#20 167.8 [ 32%] Building C object lib/mbedtls-2.27.0/library/CMakeFiles/mbedcrypto.dir/platform.c.o
#20 167.8 [ 32%] Building C object lib/mbedtls-2.27.0/library/CMakeFiles/mbedcrypto.dir/platform_util.c.o
#20 167.9 [ 32%] Building C object lib/mbedtls-2.27.0/library/CMakeFiles/mbedcrypto.dir/poly1305.c.o
#20 167.9 [ 33%] Building C object lib/mbedtls-2.27.0/library/CMakeFiles/mbedcrypto.dir/psa_crypto.c.o
#20 168.3 [ 33%] Building C object lib/mbedtls-2.27.0/library/CMakeFiles/mbedcrypto.dir/psa_crypto_aead.c.o
#20 168.4 [ 33%] Building C object lib/mbedtls-2.27.0/library/CMakeFiles/mbedcrypto.dir/psa_crypto_cipher.c.o
#20 168.5 /src/fluent-bit/lib/mbedtls-2.27.0/library/psa_crypto_cipher.c:270:12: warning: parameter 'output_size' set but not used [-Wunused-but-set-parameter]
#20 168.5     size_t output_size,
#20 168.5            ^
#20 168.5 1 warning generated.
#20 168.6 [ 33%] Building C object lib/mbedtls-2.27.0/library/CMakeFiles/mbedcrypto.dir/psa_crypto_client.c.o
#20 168.6 [ 33%] Building C object lib/mbedtls-2.27.0/library/CMakeFiles/mbedcrypto.dir/psa_crypto_driver_wrappers.c.o
#20 168.8 [ 33%] Building C object lib/mbedtls-2.27.0/library/CMakeFiles/mbedcrypto.dir/psa_crypto_ecp.c.o
#20 168.9 [ 33%] Building C object lib/mbedtls-2.27.0/library/CMakeFiles/mbedcrypto.dir/psa_crypto_hash.c.o
#20 169.0 [ 33%] Building C object lib/mbedtls-2.27.0/library/CMakeFiles/mbedcrypto.dir/psa_crypto_mac.c.o
#20 169.1 [ 34%] Building C object lib/mbedtls-2.27.0/library/CMakeFiles/mbedcrypto.dir/psa_crypto_rsa.c.o
#20 169.2 [ 34%] Building C object lib/mbedtls-2.27.0/library/CMakeFiles/mbedcrypto.dir/psa_crypto_se.c.o
#20 169.3 [ 34%] Building C object lib/mbedtls-2.27.0/library/CMakeFiles/mbedcrypto.dir/psa_crypto_slot_management.c.o
#20 169.4 [ 34%] Building C object lib/mbedtls-2.27.0/library/CMakeFiles/mbedcrypto.dir/psa_crypto_storage.c.o
#20 169.5 [ 34%] Building C object lib/mbedtls-2.27.0/library/CMakeFiles/mbedcrypto.dir/psa_its_file.c.o
#20 169.6 [ 34%] Building C object lib/mbedtls-2.27.0/library/CMakeFiles/mbedcrypto.dir/ripemd160.c.o
#20 169.7 [ 34%] Building C object lib/mbedtls-2.27.0/library/CMakeFiles/mbedcrypto.dir/rsa.c.o
#20 169.9 [ 34%] Building C object lib/mbedtls-2.27.0/library/CMakeFiles/mbedcrypto.dir/rsa_internal.c.o
#20 170.0 [ 35%] Building C object lib/mbedtls-2.27.0/library/CMakeFiles/mbedcrypto.dir/sha1.c.o
#20 170.1 [ 35%] Building C object lib/mbedtls-2.27.0/library/CMakeFiles/mbedcrypto.dir/sha256.c.o
#20 170.2 [ 35%] Building C object lib/mbedtls-2.27.0/library/CMakeFiles/mbedcrypto.dir/sha512.c.o
#20 170.3 [ 35%] Building C object lib/mbedtls-2.27.0/library/CMakeFiles/mbedcrypto.dir/threading.c.o
#20 170.3 [ 35%] Building C object lib/mbedtls-2.27.0/library/CMakeFiles/mbedcrypto.dir/timing.c.o
#20 170.4 [ 35%] Building C object lib/mbedtls-2.27.0/library/CMakeFiles/mbedcrypto.dir/version.c.o
#20 170.4 [ 35%] Building C object lib/mbedtls-2.27.0/library/CMakeFiles/mbedcrypto.dir/version_features.c.o
#20 170.4 [ 36%] Building C object lib/mbedtls-2.27.0/library/CMakeFiles/mbedcrypto.dir/xtea.c.o
#20 170.5 [ 36%] Linking C static library ../../../library/libmbedcrypto.a
#20 170.5 [ 36%] Built target mbedcrypto
#20 170.5 [ 36%] Building C object lib/mbedtls-2.27.0/library/CMakeFiles/mbedx509.dir/certs.c.o
#20 170.6 [ 36%] Building C object lib/mbedtls-2.27.0/library/CMakeFiles/mbedx509.dir/pkcs11.c.o
#20 170.6 [ 37%] Building C object lib/mbedtls-2.27.0/library/CMakeFiles/mbedx509.dir/x509.c.o
#20 170.7 [ 37%] Building C object lib/mbedtls-2.27.0/library/CMakeFiles/mbedx509.dir/x509_create.c.o
#20 170.8 [ 37%] Building C object lib/mbedtls-2.27.0/library/CMakeFiles/mbedx509.dir/x509_crl.c.o
#20 170.9 [ 37%] Building C object lib/mbedtls-2.27.0/library/CMakeFiles/mbedx509.dir/x509_crt.c.o
#20 171.1 [ 37%] Building C object lib/mbedtls-2.27.0/library/CMakeFiles/mbedx509.dir/x509_csr.c.o
#20 171.2 [ 37%] Building C object lib/mbedtls-2.27.0/library/CMakeFiles/mbedx509.dir/x509write_crt.c.o
#20 171.3 [ 37%] Building C object lib/mbedtls-2.27.0/library/CMakeFiles/mbedx509.dir/x509write_csr.c.o
#20 171.4 [ 37%] Linking C static library ../../../library/libmbedx509.a
#20 171.4 [ 37%] Built target mbedx509
#20 171.4 [ 37%] Building C object lib/mbedtls-2.27.0/library/CMakeFiles/mbedtls.dir/debug.c.o
#20 171.5 [ 37%] Building C object lib/mbedtls-2.27.0/library/CMakeFiles/mbedtls.dir/net_sockets.c.o
#20 171.9 [ 37%] Building C object lib/mbedtls-2.27.0/library/CMakeFiles/mbedtls.dir/ssl_cache.c.o
#20 172.0 [ 37%] Building C object lib/mbedtls-2.27.0/library/CMakeFiles/mbedtls.dir/ssl_ciphersuites.c.o
#20 172.1 [ 37%] Building C object lib/mbedtls-2.27.0/library/CMakeFiles/mbedtls.dir/ssl_cli.c.o
#20 172.4 [ 37%] Building C object lib/mbedtls-2.27.0/library/CMakeFiles/mbedtls.dir/ssl_cookie.c.o
#20 172.5 [ 38%] Building C object lib/mbedtls-2.27.0/library/CMakeFiles/mbedtls.dir/ssl_msg.c.o
#20 172.8 [ 38%] Building C object lib/mbedtls-2.27.0/library/CMakeFiles/mbedtls.dir/ssl_srv.c.o
#20 173.0 [ 38%] Building C object lib/mbedtls-2.27.0/library/CMakeFiles/mbedtls.dir/ssl_ticket.c.o
#20 173.1 [ 38%] Building C object lib/mbedtls-2.27.0/library/CMakeFiles/mbedtls.dir/ssl_tls.c.o
#20 173.5 [ 38%] Building C object lib/mbedtls-2.27.0/library/CMakeFiles/mbedtls.dir/ssl_tls13_keys.c.o
#20 173.5 [ 38%] Linking C static library ../../../library/libmbedtls.a
#20 173.5 [ 38%] Built target mbedtls
#20 173.6 [ 38%] Building C object plugins/filter_geoip2/libmaxminddb/CMakeFiles/maxminddb.dir/src/maxminddb.c.o
#20 174.2 [ 38%] Building C object plugins/filter_geoip2/libmaxminddb/CMakeFiles/maxminddb.dir/src/data-pool.c.o
#20 174.3 [ 38%] Linking C static library ../../../library/libmaxminddb.a
#20 174.3 [ 38%] Built target maxminddb
#20 174.3 [ 38%] [BISON][parser] Building parser with bison 3.5.1
#20 174.3 ra.y:2.1-22: warning: deprecated directive: %name-prefix "flb_ra_", use %define api.prefix {flb_ra_} [-Wdeprecated]
#20 174.3     2 | %name-prefix "flb_ra_"
#20 174.3       | ^~~~~~~~~~~~~~~~~~~~~~
#20 174.3       | %define api.prefix {flb_ra_}
#20 174.4 ra.y: warning: fix-its can be applied.  Rerun with option '--update'. [-Wother]
#20 174.4 [ 38%] [FLEX][lexer] Building scanner with flex 2.6.4
#20 174.4 [ 39%] Building C object src/record_accessor/CMakeFiles/flb-ra-parser.dir/flb_ra_parser.c.o
#20 174.6 [ 39%] Building C object src/record_accessor/CMakeFiles/flb-ra-parser.dir/ra_lex.c.o
#20 175.1 [ 39%] Building C object src/record_accessor/CMakeFiles/flb-ra-parser.dir/ra_parser.c.o
#20 175.3 [ 39%] Linking C static library ../../library/libflb-ra-parser.a
#20 175.4 [ 39%] Built target flb-ra-parser
#20 175.4 [ 39%] Building C object src/http_server/api/v1/CMakeFiles/api-v1.dir/uptime.c.o
#20 175.8 [ 39%] Building C object src/http_server/api/v1/CMakeFiles/api-v1.dir/metrics.c.o
#20 176.2 [ 39%] Building C object src/http_server/api/v1/CMakeFiles/api-v1.dir/storage.c.o
#20 176.5 [ 39%] Building C object src/http_server/api/v1/CMakeFiles/api-v1.dir/plugins.c.o
#20 177.1 [ 39%] Building C object src/http_server/api/v1/CMakeFiles/api-v1.dir/register.c.o
#20 177.2 [ 39%] Building C object src/http_server/api/v1/CMakeFiles/api-v1.dir/health.c.o
#20 177.5 [ 39%] Linking C static library ../../../../library/libapi-v1.a
#20 177.5 [ 39%] Built target api-v1
#20 177.5 [ 39%] Building C object src/http_server/CMakeFiles/flb-http-server.dir/flb_hs.c.o
#20 177.7 [ 40%] Building C object src/http_server/CMakeFiles/flb-http-server.dir/flb_hs_endpoints.c.o
#20 178.2 [ 40%] Building C object src/http_server/CMakeFiles/flb-http-server.dir/flb_hs_utils.c.o
#20 178.3 [ 40%] Linking C static library ../../library/libflb-http-server.a
#20 178.4 [ 40%] Built target flb-http-server
#20 178.4 [ 40%] Building C object src/CMakeFiles/fluent-bit-static.dir/flb_mp.c.o
#20 179.1 [ 40%] Building C object src/CMakeFiles/fluent-bit-static.dir/flb_kv.c.o
#20 179.3 [ 40%] Building C object src/CMakeFiles/fluent-bit-static.dir/flb_api.c.o
#20 179.5 [ 40%] Building C object src/CMakeFiles/fluent-bit-static.dir/flb_lib.c.o
#20 179.9 [ 40%] Building C object src/CMakeFiles/fluent-bit-static.dir/flb_log.c.o
#20 180.1 [ 40%] Building C object src/CMakeFiles/fluent-bit-static.dir/flb_env.c.o
#20 180.2 [ 40%] Building C object src/CMakeFiles/fluent-bit-static.dir/flb_file.c.o
#20 180.3 [ 41%] Building C object src/CMakeFiles/fluent-bit-static.dir/flb_uri.c.o
#20 180.5 [ 41%] Building C object src/CMakeFiles/fluent-bit-static.dir/flb_hash.c.o
#20 180.8 [ 41%] Building C object src/CMakeFiles/fluent-bit-static.dir/flb_help.c.o
#20 181.3 [ 41%] Building C object src/CMakeFiles/fluent-bit-static.dir/flb_pack.c.o
#20 182.0 [ 41%] Building C object src/CMakeFiles/fluent-bit-static.dir/flb_pack_gelf.c.o
#20 182.6 [ 41%] Building C object src/CMakeFiles/fluent-bit-static.dir/flb_sds.c.o
#20 182.9 [ 41%] Building C object src/CMakeFiles/fluent-bit-static.dir/flb_pipe.c.o
#20 183.1 [ 41%] Building C object src/CMakeFiles/fluent-bit-static.dir/flb_meta.c.o
#20 183.3 [ 42%] Building C object src/CMakeFiles/fluent-bit-static.dir/flb_kernel.c.o
#20 183.5 [ 42%] Building C object src/CMakeFiles/fluent-bit-static.dir/flb_custom.c.o
#20 183.8 [ 42%] Building C object src/CMakeFiles/fluent-bit-static.dir/flb_input.c.o
#20 184.3 [ 42%] Building C object src/CMakeFiles/fluent-bit-static.dir/flb_input_chunk.c.o
#20 186.2 [ 42%] Building C object src/CMakeFiles/fluent-bit-static.dir/flb_input_metric.c.o
#20 186.4 [ 42%] Building C object src/CMakeFiles/fluent-bit-static.dir/flb_input_thread.c.o
#20 186.8 [ 42%] Building C object src/CMakeFiles/fluent-bit-static.dir/flb_filter.c.o
#20 187.2 [ 43%] Building C object src/CMakeFiles/fluent-bit-static.dir/flb_output.c.o
#20 187.9 [ 43%] Building C object src/CMakeFiles/fluent-bit-static.dir/flb_output_thread.c.o
#20 188.3 [ 43%] Building C object src/CMakeFiles/fluent-bit-static.dir/flb_config.c.o
#20 188.8 [ 43%] Building C object src/CMakeFiles/fluent-bit-static.dir/flb_config_map.c.o
#20 189.1 [ 43%] Building C object src/CMakeFiles/fluent-bit-static.dir/flb_socket.c.o
#20 189.2 [ 43%] Building C object src/CMakeFiles/fluent-bit-static.dir/flb_network.c.o
#20 189.9 [ 43%] Building C object src/CMakeFiles/fluent-bit-static.dir/flb_utils.c.o
#20 190.5 [ 43%] Building C object src/CMakeFiles/fluent-bit-static.dir/flb_slist.c.o
#20 190.7 [ 44%] Building C object src/CMakeFiles/fluent-bit-static.dir/flb_engine.c.o
#20 191.0 /src/fluent-bit/src/flb_engine.c:406:47: warning: result of comparison of constant 4294967299 with expression of type 'int' is always false [-Wtautological-constant-out-of-range-compare]
#20 191.0             if (ret == FLB_ENGINE_STOP || ret == FLB_ENGINE_EV_STOP) {
#20 191.0                                           ~~~ ^  ~~~~~~~~~~~~~~~~~~
#20 191.2 1 warning generated.
#20 191.2 [ 44%] Building C object src/CMakeFiles/fluent-bit-static.dir/flb_engine_dispatch.c.o
#20 191.5 [ 44%] Building C object src/CMakeFiles/fluent-bit-static.dir/flb_task.c.o
#20 191.9 [ 44%] Building C object src/CMakeFiles/fluent-bit-static.dir/flb_unescape.c.o
#20 192.2 [ 44%] Building C object src/CMakeFiles/fluent-bit-static.dir/flb_scheduler.c.o
#20 192.6 [ 44%] Building C object src/CMakeFiles/fluent-bit-static.dir/flb_io.c.o
#20 192.8 [ 44%] Building C object src/CMakeFiles/fluent-bit-static.dir/flb_storage.c.o
#20 194.2 [ 44%] Building C object src/CMakeFiles/fluent-bit-static.dir/flb_upstream.c.o
#20 194.8 [ 45%] Building C object src/CMakeFiles/fluent-bit-static.dir/flb_upstream_ha.c.o
#20 195.1 [ 45%] Building C object src/CMakeFiles/fluent-bit-static.dir/flb_upstream_node.c.o
#20 195.4 [ 45%] Building C object src/CMakeFiles/fluent-bit-static.dir/flb_router.c.o
#20 195.7 [ 45%] Building C object src/CMakeFiles/fluent-bit-static.dir/flb_worker.c.o
#20 195.8 [ 45%] Building C object src/CMakeFiles/fluent-bit-static.dir/flb_coro.c.o
#20 195.9 [ 45%] Building C object src/CMakeFiles/fluent-bit-static.dir/flb_time.c.o
#20 196.2 [ 45%] Building C object src/CMakeFiles/fluent-bit-static.dir/flb_sosreport.c.o
#20 196.5 [ 45%] Building C object src/CMakeFiles/fluent-bit-static.dir/flb_sha512.c.o
#20 196.6 [ 46%] Building C object src/CMakeFiles/fluent-bit-static.dir/flb_random.c.o
#20 196.8 [ 46%] Building C object src/CMakeFiles/fluent-bit-static.dir/flb_plugin.c.o
#20 197.0 /src/fluent-bit/src/flb_plugin.c:358:40: warning: passing 'const char *' to parameter of type 'char *' discards qualifiers [-Wincompatible-pointer-types-discards-qualifiers]
#20 197.0     cf = flb_cf_create_from_file(NULL, cfg);
#20 197.0                                        ^~~
#20 197.0 /src/fluent-bit/include/fluent-bit/config_format/flb_cf.h:109:65: note: passing argument to parameter 'file' here
#20 197.0 struct flb_cf *flb_cf_create_from_file(struct flb_cf *cf, char *file);
#20 197.0                                                                 ^
#20 197.1 1 warning generated.
#20 197.1 [ 46%] Building C object src/CMakeFiles/fluent-bit-static.dir/flb_gzip.c.o
#20 197.3 [ 46%] Building C object src/CMakeFiles/fluent-bit-static.dir/flb_snappy.c.o
#20 197.4 [ 46%] Building C object src/CMakeFiles/fluent-bit-static.dir/flb_http_client.c.o
#20 198.0 [ 46%] Building C object src/CMakeFiles/fluent-bit-static.dir/flb_callback.c.o
#20 198.1 [ 46%] Building C object src/CMakeFiles/fluent-bit-static.dir/flb_strptime.c.o
#20 198.5 [ 46%] Building C object src/CMakeFiles/fluent-bit-static.dir/flb_fstore.c.o
#20 198.8 [ 47%] Building C object src/CMakeFiles/fluent-bit-static.dir/flb_thread_pool.c.o
#20 199.0 [ 47%] Building C object src/CMakeFiles/fluent-bit-static.dir/flb_routes_mask.c.o
#20 199.2 [ 47%] Building C object src/CMakeFiles/fluent-bit-static.dir/flb_typecast.c.o
#20 199.5 [ 47%] Building C object src/CMakeFiles/fluent-bit-static.dir/flb_event.c.o
#20 199.7 [ 47%] Building C object src/CMakeFiles/fluent-bit-static.dir/flb_base64.c.o
#20 199.8 [ 47%] Building C object src/CMakeFiles/fluent-bit-static.dir/config_format/flb_config_format.c.o
#20 200.0 [ 47%] Building C object src/CMakeFiles/fluent-bit-static.dir/config_format/flb_cf_fluentbit.c.o
#20 200.1 /src/fluent-bit/src/config_format/flb_cf_fluentbit.c:109:12: warning: unused function 'static_fgets' [-Wunused-function]
#20 200.1 static int static_fgets(char *out, size_t size, const char *data, size_t *off)
#20 200.1            ^
#20 200.3 1 warning generated.
#20 200.3 [ 47%] Building C object src/CMakeFiles/fluent-bit-static.dir/multiline/flb_ml_parser_cri.c.o
#20 200.5 [ 48%] Building C object src/CMakeFiles/fluent-bit-static.dir/multiline/flb_ml_parser_docker.c.o
#20 200.8 [ 48%] Building C object src/CMakeFiles/fluent-bit-static.dir/multiline/flb_ml_parser_python.c.o
#20 201.0 [ 48%] Building C object src/CMakeFiles/fluent-bit-static.dir/multiline/flb_ml_parser_java.c.o
#20 201.3 [ 48%] Building C object src/CMakeFiles/fluent-bit-static.dir/multiline/flb_ml_parser_go.c.o
#20 201.5 [ 48%] Building C object src/CMakeFiles/fluent-bit-static.dir/multiline/flb_ml_stream.c.o
#20 201.9 [ 48%] Building C object src/CMakeFiles/fluent-bit-static.dir/multiline/flb_ml_parser.c.o
#20 202.2 [ 48%] Building C object src/CMakeFiles/fluent-bit-static.dir/multiline/flb_ml_group.c.o
#20 202.4 [ 48%] Building C object src/CMakeFiles/fluent-bit-static.dir/multiline/flb_ml_rule.c.o
#20 202.8 [ 49%] Building C object src/CMakeFiles/fluent-bit-static.dir/multiline/flb_ml.c.o
#20 203.5 [ 49%] Building C object src/CMakeFiles/fluent-bit-static.dir/flb_parser.c.o
#20 204.3 [ 49%] Building C object src/CMakeFiles/fluent-bit-static.dir/flb_parser_regex.c.o
#20 204.6 [ 49%] Building C object src/CMakeFiles/fluent-bit-static.dir/flb_parser_json.c.o
#20 204.9 [ 49%] Building C object src/CMakeFiles/fluent-bit-static.dir/flb_parser_decoder.c.o
#20 205.5 [ 49%] Building C object src/CMakeFiles/fluent-bit-static.dir/flb_parser_ltsv.c.o
#20 205.8 [ 49%] Building C object src/CMakeFiles/fluent-bit-static.dir/flb_parser_logfmt.c.o
#20 206.1 [ 50%] Building C object src/CMakeFiles/fluent-bit-static.dir/tls/flb_tls.c.o
#20 206.5 [ 50%] Building C object src/CMakeFiles/fluent-bit-static.dir/flb_oauth2.c.o
#20 206.9 [ 50%] Building C object src/CMakeFiles/fluent-bit-static.dir/flb_plugin_proxy.c.o
#20 207.1 [ 50%] Building C object src/CMakeFiles/fluent-bit-static.dir/flb_metrics.c.o
#20 207.4 [ 50%] Building C object src/CMakeFiles/fluent-bit-static.dir/flb_metrics_exporter.c.o
#20 208.1 [ 50%] Building C object src/CMakeFiles/fluent-bit-static.dir/flb_signv4.c.o
#20 209.0 [ 50%] Building C object src/CMakeFiles/fluent-bit-static.dir/aws/flb_aws_util.c.o
#20 209.4 [ 50%] Building C object src/CMakeFiles/fluent-bit-static.dir/aws/flb_aws_credentials.c.o
#20 209.8 [ 51%] Building C object src/CMakeFiles/fluent-bit-static.dir/aws/flb_aws_credentials_sts.c.o
#20 210.2 [ 51%] Building C object src/CMakeFiles/fluent-bit-static.dir/aws/flb_aws_credentials_ec2.c.o
#20 210.5 [ 51%] Building C object src/CMakeFiles/fluent-bit-static.dir/aws/flb_aws_imds.c.o
#20 210.8 [ 51%] Building C object src/CMakeFiles/fluent-bit-static.dir/aws/flb_aws_credentials_http.c.o
#20 211.1 [ 51%] Building C object src/CMakeFiles/fluent-bit-static.dir/aws/flb_aws_credentials_profile.c.o
#20 211.6 [ 51%] Building C object src/CMakeFiles/fluent-bit-static.dir/aws/flb_aws_credentials_process.c.o
#20 212.0 [ 51%] Building C object src/CMakeFiles/fluent-bit-static.dir/flb_regex.c.o
#20 212.2 [ 51%] Building C object src/CMakeFiles/fluent-bit-static.dir/flb_sqldb.c.o
#20 212.4 [ 52%] Building C object src/CMakeFiles/fluent-bit-static.dir/flb_record_accessor.c.o
#20 212.8 [ 52%] Building C object src/CMakeFiles/fluent-bit-static.dir/flb_ra_key.c.o
#20 213.2 [ 52%] Linking C static library ../library/libfluent-bit.a
#20 213.2 [ 52%] Built target fluent-bit-static
#20 213.2 [ 52%] Building C object plugins/filter_geoip2/CMakeFiles/flb-plugin-filter_geoip2.dir/geoip2.c.o
#20 213.8 [ 52%] Linking C static library ../../library/libflb-plugin-filter_geoip2.a
#20 213.8 [ 52%] Built target flb-plugin-filter_geoip2
#20 213.8 [ 52%] Building C object plugins/filter_stdout/CMakeFiles/flb-plugin-filter_stdout.dir/stdout.c.o
#20 214.0 [ 52%] Linking C static library ../../library/libflb-plugin-filter_stdout.a
#20 214.1 [ 52%] Built target flb-plugin-filter_stdout
#20 214.1 [ 53%] Building C object plugins/filter_expect/CMakeFiles/flb-plugin-filter_expect.dir/expect.c.o
#20 214.5 [ 53%] Linking C static library ../../library/libflb-plugin-filter_expect.a
#20 214.5 [ 53%] Built target flb-plugin-filter_expect
#20 214.5 [ 53%] Building C object plugins/filter_multiline/CMakeFiles/flb-plugin-filter_multiline.dir/ml.c.o
#20 214.8 [ 53%] Linking C static library ../../library/libflb-plugin-filter_multiline.a
#20 214.8 [ 53%] Built target flb-plugin-filter_multiline
#20 214.8 [ 54%] Building C object plugins/filter_type_converter/CMakeFiles/flb-plugin-filter_type_converter.dir/type_converter.c.o
#20 215.2 [ 54%] Linking C static library ../../library/libflb-plugin-filter_type_converter.a
#20 215.2 [ 54%] Built target flb-plugin-filter_type_converter
#20 215.2 [ 54%] Building C object plugins/filter_checklist/CMakeFiles/flb-plugin-filter_checklist.dir/checklist.c.o
#20 215.7 [ 54%] Linking C static library ../../library/libflb-plugin-filter_checklist.a
#20 215.7 [ 54%] Built target flb-plugin-filter_checklist
#20 215.8 [ 54%] Building C object plugins/out_s3/CMakeFiles/flb-plugin-out_s3.dir/s3.c.o
/bin/sh: 1: source: not found
#20 216.8 [ 55%] Building C object plugins/out_s3/CMakeFiles/flb-plugin-out_s3.dir/s3_store.c.o
#20 217.2 [ 55%] Building C object plugins/out_s3/CMakeFiles/flb-plugin-out_s3.dir/s3_multipart.c.o
#20 217.6 [ 55%] Linking C static library ../../library/libflb-plugin-out_s3.a
#20 217.7 [ 55%] Built target flb-plugin-out_s3
#20 217.7 [ 55%] Building C object plugins/out_prometheus_remote_write/CMakeFiles/flb-plugin-out_prometheus_remote_write.dir/remote_write.c.o
#20 218.0 [ 55%] Building C object plugins/out_prometheus_remote_write/CMakeFiles/flb-plugin-out_prometheus_remote_write.dir/remote_write_conf.c.o
#20 218.3 [ 55%] Linking C static library ../../library/libflb-plugin-out_prometheus_remote_write.a
#20 218.3 [ 55%] Built target flb-plugin-out_prometheus_remote_write
#20 218.3 [ 55%] Building C object plugins/out_prometheus_exporter/CMakeFiles/flb-plugin-out_prometheus_exporter.dir/prom_http.c.o
#20 218.6 [ 55%] Building C object plugins/out_prometheus_exporter/CMakeFiles/flb-plugin-out_prometheus_exporter.dir/prom.c.o
#20 219.0 [ 55%] Linking C static library ../../library/libflb-plugin-out_prometheus_exporter.a
#1 [internal] load build definition from Dockerfile
#1 sha256:f0d85e72c931166c4d47a56f1c3aa937ae3fb41b7258933647856369865bf549
#1 transferring dockerfile: 32B done
#1 DONE 0.0s

#2 [internal] load .dockerignore
#2 sha256:192e1bb23f2d025ddb53c49185a893e31275016fe154b919a62930138e3b5bda
#2 transferring context: 2B done
#2 DONE 0.0s

#3 [internal] load metadata for gcr.io/oss-fuzz-base/base-builder:latest
#3 sha256:f10dc39cc9d418a5bc416dead31a1902b6821fdae909cd3b08f7a3fd1faba7b5
#20 219.0 [ 55%] Built target flb-plugin-out_prometheus_exporter
#20 219.0 [ 55%] Building C object plugins/out_opentelemetry/CMakeFiles/flb-plugin-out_opentelemetry.dir/opentelemetry.c.o
#20 219.3 [ 55%] Building C object plugins/out_opentelemetry/CMakeFiles/flb-plugin-out_opentelemetry.dir/opentelemetry_conf.c.o
#3 DONE 0.4s

#5 [1/5] FROM gcr.io/oss-fuzz-base/base-builder@sha256:4ad017ca53699eda684c1c444948c93a4af848fe34baee3a765d3c4693fe6a56
#5 sha256:3f10b3978a3951f6e2692fa5e5890ee5a755650381dedece7198ed0b1dcdaa8c
#5 DONE 0.0s

#4 importing cache manifest from gcr.io/fuzzbench/builders/benchmark/fluent-bit_fluent-bit
#4 sha256:6608035b46e1377f81c4b7dafe9bc9e0d2412e2f0719dd310b52fd98d03ff3c4
#4 DONE 0.0s

#9 [internal] load build context
#9 sha256:cb390e9a3eb0ab99bcfb3b8882cf463f2d21145c0d082304a14d1994b6360a59
#9 transferring context: 30B done
#9 DONE 0.0s

#6 [2/5] RUN apt-get update && apt-get install -y make cmake flex bison
#6 sha256:9124a92d0bef806c168245d8cf1c1c664f5ac990ba2114e15c160098599d003f
#6 CACHED

#8 [4/5] WORKDIR /src
#8 sha256:b19451156fd83226efdb3f2e6d8024bc6dda45171ddcc92e1caf6fb9a8bf47f0
#8 CACHED

#7 [3/5] RUN git clone https://github.com/fluent/fluent-bit/
#7 sha256:c5ccc8583419c151b9990b98c4a27156d23ffb81876ed6770a06428af3e912f4
#7 CACHED

#10 [5/5] COPY build.sh /src/
#10 sha256:d4b7640a1a5eeac181580aae3d61f5108f7965281ee8ac85358ac411cfd1ecef
#10 CACHED

#11 exporting to image
#11 sha256:e8c613e07b0b7ff33893b694f7759a10d42e180f2b4dc349fb57dc6b71dcab00
#11 exporting layers done
#11 writing image sha256:9816d0533eb5e224303bc2bf6d7accc79bc1f405bb527cc0eb9a1714c521010d
#11 writing image sha256:9816d0533eb5e224303bc2bf6d7accc79bc1f405bb527cc0eb9a1714c521010d done
#11 naming to gcr.io/fuzzbench/builders/benchmark/fluent-bit_fluent-bit done
#11 DONE 0.1s

#12 exporting cache
#12 sha256:2700d4ef94dee473593c5c614b55b2dedcca7893909811a8f2b48291a1f581e4
#12 preparing build cache for export done
#12 DONE 0.0s
#20 219.6 [ 56%] Linking C static library ../../library/libflb-plugin-out_opentelemetry.a
#20 219.6 [ 56%] Built target flb-plugin-out_opentelemetry
#20 219.7 [ 56%] Building C object plugins/out_kinesis_streams/CMakeFiles/flb-plugin-out_kinesis_streams.dir/kinesis.c.o
#1 [internal] load build definition from builder.Dockerfile
#1 sha256:162636ba4bd232f41f8193e4fbab5af237fbfc72738e1c36ef86221252cfcb35
#1 transferring dockerfile: 46B done
#1 DONE 0.0s

#2 [internal] load .dockerignore
#2 sha256:80e1d1f8fe1430ea867dbd9b6f0ef780a638bcf9bc7405b77b2e1661f2688eb4
#2 transferring context: 2B done
#2 DONE 0.0s

#3 [internal] load metadata for gcr.io/fuzzbench/builders/benchmark/fluent-bit_fluent-bit:latest
#3 sha256:f741f5c1b233f45945eeaad2da4bc5a0e2d93b5e7465708289641bd803a5aaae
#3 DONE 0.0s

#4 importing cache manifest from gcr.io/fuzzbench/builders/afl/fluent-bit_fluent-bit-intermediate
#4 sha256:bb7cffaa75b249a36039175618c5c43b46fd3458b23788c6d33f5a5c9bef1ab3
#4 DONE 0.0s

#5 [1/3] FROM gcr.io/fuzzbench/builders/benchmark/fluent-bit_fluent-bit
#5 sha256:d35901096ea2f92cfc51cfb478683a5ab895e00b2c42bc40aab33af60191c08e
#5 DONE 0.0s

#6 [2/3] RUN git clone https://github.com/google/AFL.git /afl &&     cd /afl &&     git checkout 61037103ae3722c8060ff7082994836a794f978e &&     AFL_NO_X86=1 make
#6 sha256:129947cd6854d5bed0798c389bafc64abb2a82774b3dca25339efc41609f8ffa
#6 CACHED

#7 [3/3] RUN apt-get update &&     apt-get install wget -y &&     wget https://raw.githubusercontent.com/llvm/llvm-project/5feb80e748924606531ba28c97fe65145c65372e/compiler-rt/lib/fuzzer/afl/afl_driver.cpp -O /afl/afl_driver.cpp &&     clang -Wno-pointer-sign -c /afl/llvm_mode/afl-llvm-rt.o.c -I/afl &&     clang++ -stdlib=libc++ -std=c++11 -O2 -c /afl/afl_driver.cpp &&     ar r /libAFL.a *.o
#7 sha256:71203c8ed4426a8a27e9029781a94c234f8fd1f406b4736993fec35bdef2a13c
#7 CACHED

#8 exporting to image
#8 sha256:e8c613e07b0b7ff33893b694f7759a10d42e180f2b4dc349fb57dc6b71dcab00
#8 exporting layers done
#8 writing image sha256:dc973f2a079e7bb46a80a1b2d81a72040fc599b4338156e393a7b9046d9059ca done
#8 naming to gcr.io/fuzzbench/builders/afl/fluent-bit_fluent-bit-intermediate done
#8 DONE 0.1s

#9 exporting cache
#9 sha256:2700d4ef94dee473593c5c614b55b2dedcca7893909811a8f2b48291a1f581e4
#9 preparing build cache for export done
#9 DONE 0.0s
#20 220.0 [ 56%] Building C object plugins/out_kinesis_streams/CMakeFiles/flb-plugin-out_kinesis_streams.dir/kinesis_api.c.o
#20 220.6 [ 56%] Linking C static library ../../library/libflb-plugin-out_kinesis_streams.a
#20 220.6 [ 56%] Built target flb-plugin-out_kinesis_streams
#20 220.6 [ 57%] Building C object plugins/out_kinesis_firehose/CMakeFiles/flb-plugin-out_kinesis_firehose.dir/firehose.c.o
#20 220.8 /src/fluent-bit/plugins/out_kinesis_firehose/firehose.c:207:53: warning: passing 'const char *' to parameter of type 'char *' discards qualifiers [-Wincompatible-pointer-types-discards-qualifiers]
#20 220.8                                                     ctx->external_id,
#20 220.8                                                     ^~~~~~~~~~~~~~~~
#20 220.8 /src/fluent-bit/include/fluent-bit/flb_aws_credentials.h:185:56: note: passing argument to parameter 'external_id' here
#20 220.8                                                  char *external_id,
#20 220.8                                                        ^
#20 220.9 1 warning generated.
#20 220.9 [ 57%] Building C object plugins/out_kinesis_firehose/CMakeFiles/flb-plugin-out_kinesis_firehose.dir/firehose_api.c.o
#1 [internal] load build definition from Dockerfile
#1 sha256:608c61eed60a8904a2aebfb557e2481a0d34a4b557cbdd8149aeec6cd32dd9d4
#1 transferring dockerfile: 2.00kB done
#1 DONE 0.0s

#2 [internal] load .dockerignore
#2 sha256:a434e85ceafa94c66cfd22f0a52746d43cc6d193c058d827ba5e3a207c2f1d38
#2 transferring context: 34B done
#2 DONE 0.0s

#3 [internal] load metadata for docker.io/library/ubuntu:xenial
#3 sha256:f62bae18ed588840f045c881b2502661f2a89578a2f8f99b83f5200ee83dd25b
#3 DONE 0.0s

#4 importing cache manifest from gcr.io/fuzzbench/base-image
#4 sha256:9b220ebb4d4daceed1b96df9b6dca076e762f1cd612574f010b82d5b9e5ad896
#4 DONE 0.0s

#5 [1/7] FROM docker.io/library/ubuntu:xenial
#5 sha256:14dd403f25ae9e519bd44f27dc17af7ce80f5a4f9f48ca88108364e67ec5d360
#5 DONE 0.0s

#8 [internal] load build context
#8 sha256:8a6c1ea67a059798d174cb39b87770ecb98714d00f3ace6cbb3f7e7ffd60da12
#8 transferring context: 559B 0.0s done
#8 DONE 0.0s

#10 [5/7] RUN pip3 install -r /requirements.txt
#10 sha256:5cb4412e62463a50e42b527ce55539f0156c2b2d21b8b7074865ef3787ad9da0
#10 CACHED

#9 [4/7] COPY ./requirements.txt /
#9 sha256:c0843e45a28aba909f57fd4c518bead78bfb79c6c3e17284b5b161cc38eab64d
#9 CACHED

#7 [3/7] RUN cd /tmp/ &&     curl -O https://www.python.org/ftp/python/3.8.6/Python-3.8.6.tar.xz &&     tar -xvf Python-3.8.6.tar.xz &&     cd Python-3.8.6 &&     ./configure --enable-loadable-sqlite-extensions --enable-optimizations &&     make -j install &&     rm -r /tmp/Python-3.8.6.tar.xz /tmp/Python-3.8.6
#7 sha256:c5b9d1fb3371e84dbc60b76e7b2f8d5913bc93bcd4910ab65daa03e7b2ec4bb0
#7 CACHED

#6 [2/7] RUN apt-get update -y && apt-get install -y     build-essential     rsync     curl     zlib1g-dev     libncurses5-dev     libgdbm-dev     libnss3-dev     libssl-dev     libreadline-dev     libffi-dev     virtualenv     libbz2-dev     liblzma-dev     libsqlite3-dev
#6 sha256:3a1b0960f17eed529eaae93dc8fd3554f2743dd584d8fa569cdbe6bc734371ac
#6 CACHED

#11 [6/7] RUN apt-get update -y && apt-get install -y     apt-transport-https     lsb-release
#11 sha256:e25bb3af41766397c65f97a0e45e33a2d5d7a36d9f869b1c1f4e625e9714f658
#11 CACHED

#12 [7/7] RUN CLOUD_SDK_REPO="cloud-sdk-$(lsb_release -c -s)" &&     echo "deb https://packages.cloud.google.com/apt $CLOUD_SDK_REPO main"     | tee -a /etc/apt/sources.list.d/google-cloud-sdk.list &&     curl https://packages.cloud.google.com/apt/doc/apt-key.gpg     | apt-key add - &&     apt-get update -y &&     apt-get install -y google-cloud-sdk
#12 sha256:edf08f11aef274279267f7873c768e35243e51b0056781b0810749e800c220db
#12 CACHED

#13 exporting to image
#13 sha256:e8c613e07b0b7ff33893b694f7759a10d42e180f2b4dc349fb57dc6b71dcab00
#13 exporting layers done
#13 writing image sha256:139540fb22a119f888cb3e5ed6e013e8d868574697f5fb839e5da9e23de73e0a done
#13 naming to gcr.io/fuzzbench/base-image done
#13 DONE 0.0s

#14 exporting cache
#14 sha256:2700d4ef94dee473593c5c614b55b2dedcca7893909811a8f2b48291a1f581e4
#14 preparing build cache for export done
#14 DONE 0.0s
#20 221.5 [ 57%] Linking C static library ../../library/libflb-plugin-out_kinesis_firehose.a
#20 221.5 [ 57%] Built target flb-plugin-out_kinesis_firehose
#20 221.5 [ 57%] Building C object plugins/out_cloudwatch_logs/CMakeFiles/flb-plugin-out_cloudwatch_logs.dir/cloudwatch_logs.c.o
#7 [base-image 1/1] FROM gcr.io/fuzzbench/base-image
#7 sha256:4d07825694520f8b6f6a0d8592dbd345433361ae044cb7f06706c5a95e3daaad
#7 CACHED

#6 [stage-1  1/13] FROM gcr.io/fuzzbench/builders/afl/fluent-bit_fluent-bit-intermediate
#6 sha256:be3afb20676fa981b3be01cb3d6787363e41edc71788b7b3f3f1fcfec981b6a8
#6 DONE 0.4s

#8 [stage-1  2/13] COPY --from=base-image /usr/local/bin/python3* /usr/local/bin/
#8 sha256:ca1b027a73b04eb41905a89a41133aada29ecc883915635cd00b52ab76bbd74f
#8 DONE 0.3s

#9 [stage-1  3/13] COPY --from=base-image /usr/local/lib/python3.8 /usr/local/lib/python3.8
#9 sha256:be0076552da2a6c4e8a45161905191d9fa673201a0b95f9dcc63e3a403345242
#9 DONE 15.8s

#10 [stage-1  4/13] COPY --from=base-image /usr/local/include/python3.8 /usr/local/include/python3.8
#10 sha256:9267b615a05a47c66a5ca291995aa8c7d98f8798a7e3f90b95bd7e242183d4c6
#10 DONE 0.4s

#11 [stage-1  5/13] COPY --from=base-image /usr/local/lib/python3.8/site-packages /usr/local/lib/python3.8/site-packages
#11 sha256:1b49b29898350fbb36ac8f4ab163b4fb7022e9c6e7e553ceed73f50933591b50
#11 DONE 17.5s

#1 [internal] load build definition from Dockerfile
#1 sha256:503ff5bb40e8de79497e4d8f23f6ba8c7320daf3e77d9c31d9f43fcbd2c6bdc1
#1 transferring dockerfile: 2.22kB done
#1 DONE 0.0s

#2 [internal] load .dockerignore
#2 sha256:a0b7d243201d54b81d1f8dd248706a0f3b06538b818699acfc717e05039fabb1
#2 transferring context: 34B done
#2 DONE 0.0s

#3 [internal] load metadata for gcr.io/fuzzbench/base-image:latest
#3 sha256:932022888f650cc455b10eb5123bb08c0cccacac29a693e69314abbfd28a72c3
#3 DONE 0.0s

#4 [internal] load metadata for gcr.io/fuzzbench/builders/afl/fluent-bit_fluent-bit-intermediate:latest
#4 sha256:bf057f07de9f0019ba953eba37e9899f0e695618215b29e4af5e45ddb6b3415d
#4 DONE 0.0s

#12 [internal] load build context
#12 sha256:757245d4b4968cb9101fe187ebec5ce60dbe6a69bc74604047514c83e53c71a8
#12 DONE 0.0s

#5 importing cache manifest from gcr.io/fuzzbench/builders/afl/fluent-bit_fluent-bit
#5 sha256:5f322f15f0731a6a56542b5132d0446f19f3cf5098fe84f24ab259a62f12edbc
#20 221.9 [ 57%] Building C object plugins/out_cloudwatch_logs/CMakeFiles/flb-plugin-out_cloudwatch_logs.dir/cloudwatch_api.c.o
#5 ERROR: gcr.io/fuzzbench/builders/afl/fluent-bit_fluent-bit:latest: not found

#12 [internal] load build context
#12 sha256:757245d4b4968cb9101fe187ebec5ce60dbe6a69bc74604047514c83e53c71a8
#12 transferring context: 669.89kB 0.1s done
#12 DONE 0.1s
#20 222.7 [ 57%] Linking C static library ../../library/libflb-plugin-out_cloudwatch_logs.a
#20 222.7 [ 57%] Built target flb-plugin-out_cloudwatch_logs
#20 222.7 [ 57%] Building C object plugins/out_websocket/CMakeFiles/flb-plugin-out_websocket.dir/websocket_conf.c.o
#20 223.0 [ 57%] Building C object plugins/out_websocket/CMakeFiles/flb-plugin-out_websocket.dir/websocket.c.o
#20 223.2 /src/fluent-bit/plugins/out_websocket/websocket.c:124:34: warning: implicit conversion from 'int' to 'char' changes value from 254 to -2 [-Wconstant-conversion]
#20 223.2         data_frame_head[1] = 126 | 0x80;
#20 223.2                            ~ ~~~~^~~~~~
#20 223.2 /src/fluent-bit/plugins/out_websocket/websocket.c:140:34: warning: implicit conversion from 'int' to 'char' changes value from 255 to -1 [-Wconstant-conversion]
#20 223.2         data_frame_head[1] = 127 | 0x80;
#20 223.2                            ~ ~~~~^~~~~~
#20 223.3 2 warnings generated.
#20 223.4 [ 57%] Linking C static library ../../library/libflb-plugin-out_websocket.a
#20 223.4 [ 57%] Built target flb-plugin-out_websocket
#20 223.4 [ 57%] Building C object plugins/out_lib/CMakeFiles/flb-plugin-out_lib.dir/out_lib.c.o
#20 223.7 [ 58%] Linking C static library ../../library/libflb-plugin-out_lib.a
#20 223.7 [ 58%] Built target flb-plugin-out_lib
#20 223.7 [ 58%] Building C object plugins/out_td/CMakeFiles/flb-plugin-out_td.dir/td_http.c.o
#20 223.9 [ 58%] Building C object plugins/out_td/CMakeFiles/flb-plugin-out_td.dir/td_config.c.o
#20 224.2 [ 58%] Building C object plugins/out_td/CMakeFiles/flb-plugin-out_td.dir/td.c.o
#20 224.6 [ 59%] Linking C static library ../../library/libflb-plugin-out_td.a
#20 224.6 [ 59%] Built target flb-plugin-out_td
#20 224.6 [ 59%] Building C object plugins/out_skywalking/CMakeFiles/flb-plugin-out_skywalking.dir/skywalking.c.o
#20 225.7 [ 59%] Linking C static library ../../library/libflb-plugin-out_skywalking.a
#20 225.7 [ 59%] Built target flb-plugin-out_skywalking
#20 225.7 [ 59%] Building C object plugins/out_opensearch/CMakeFiles/flb-plugin-out_opensearch.dir/os_conf.c.o
#20 226.0 [ 59%] Building C object plugins/out_opensearch/CMakeFiles/flb-plugin-out_opensearch.dir/opensearch.c.o
#20 226.7 [ 59%] Linking C static library ../../library/libflb-plugin-out_opensearch.a
#20 226.7 [ 59%] Built target flb-plugin-out_opensearch
#20 226.7 [ 59%] Building C object plugins/out_logdna/CMakeFiles/flb-plugin-out_logdna.dir/logdna.c.o
#20 227.3 [ 59%] Linking C static library ../../library/libflb-plugin-out_logdna.a
#20 227.3 [ 59%] Built target flb-plugin-out_logdna
#20 227.3 [ 59%] Building C object plugins/out_exit/CMakeFiles/flb-plugin-out_exit.dir/exit.c.o
#20 227.5 [ 59%] Linking C static library ../../library/libflb-plugin-out_exit.a
#20 227.6 [ 59%] Built target flb-plugin-out_exit
#20 227.6 [ 59%] Building C object plugins/out_calyptia/CMakeFiles/flb-plugin-out_calyptia.dir/calyptia.c.o
#20 228.3 [ 59%] Linking C static library ../../library/libflb-plugin-out_calyptia.a
#20 228.3 [ 59%] Built target flb-plugin-out_calyptia
#20 228.4 [ 59%] Building C object plugins/out_azure_blob/CMakeFiles/flb-plugin-out_azure_blob.dir/azure_blob.c.o
#20 228.7 [ 59%] Building C object plugins/out_azure_blob/CMakeFiles/flb-plugin-out_azure_blob.dir/azure_blob_uri.c.o
#20 228.9 [ 59%] Building C object plugins/out_azure_blob/CMakeFiles/flb-plugin-out_azure_blob.dir/azure_blob_conf.c.o
#20 229.2 [ 59%] Building C object plugins/out_azure_blob/CMakeFiles/flb-plugin-out_azure_blob.dir/azure_blob_http.c.o
#20 229.5 [ 59%] Building C object plugins/out_azure_blob/CMakeFiles/flb-plugin-out_azure_blob.dir/azure_blob_appendblob.c.o
#20 229.7 [ 59%] Building C object plugins/out_azure_blob/CMakeFiles/flb-plugin-out_azure_blob.dir/azure_blob_blockblob.c.o
#20 230.0 [ 60%] Linking C static library ../../library/libflb-plugin-out_azure_blob.a
#20 230.0 [ 60%] Built target flb-plugin-out_azure_blob
#20 230.0 [ 60%] Building C object plugins/in_lib/CMakeFiles/flb-plugin-in_lib.dir/in_lib.c.o
#20 230.3 [ 60%] Building C object plugins/in_lib/CMakeFiles/flb-plugin-in_lib.dir/__/__/src/flb_pack.c.o
#20 231.1 [ 60%] Linking C static library ../../library/libflb-plugin-in_lib.a
#20 231.1 [ 60%] Built target flb-plugin-in_lib
#20 231.1 [ 60%] Building C object plugins/in_nginx_exporter_metrics/CMakeFiles/flb-plugin-in_nginx_exporter_metrics.dir/nginx.c.o
#20 232.1 [ 60%] Linking C static library ../../library/libflb-plugin-in_nginx_exporter_metrics.a
#20 232.1 [ 60%] Built target flb-plugin-in_nginx_exporter_metrics
#20 232.1 [ 61%] Building C object plugins/in_storage_backlog/CMakeFiles/flb-plugin-in_storage_backlog.dir/sb.c.o
#20 232.5 [ 61%] Linking C static library ../../library/libflb-plugin-in_storage_backlog.a
#20 232.5 [ 61%] Built target flb-plugin-in_storage_backlog
#20 232.5 [ 61%] Building C object plugins/in_statsd/CMakeFiles/flb-plugin-in_statsd.dir/statsd.c.o
#20 232.9 [ 61%] Linking C static library ../../library/libflb-plugin-in_statsd.a
#20 233.0 [ 61%] Built target flb-plugin-in_statsd
#20 233.0 [ 61%] Building C object plugins/in_http/CMakeFiles/flb-plugin-in_http.dir/http.c.o
#20 233.2 [ 61%] Building C object plugins/in_http/CMakeFiles/flb-plugin-in_http.dir/http_conn.c.o
#20 233.5 [ 62%] Building C object plugins/in_http/CMakeFiles/flb-plugin-in_http.dir/http_prot.c.o
#20 233.9 [ 62%] Building C object plugins/in_http/CMakeFiles/flb-plugin-in_http.dir/http_config.c.o
#20 234.2 [ 62%] Linking C static library ../../library/libflb-plugin-in_http.a
#20 234.2 [ 62%] Built target flb-plugin-in_http
#20 234.2 [ 63%] Building C object plugins/in_dummy_thread/CMakeFiles/flb-plugin-in_dummy_thread.dir/in_dummy_thread.c.o
#20 234.4 [ 63%] Linking C static library ../../library/libflb-plugin-in_dummy_thread.a
#20 234.5 [ 63%] Built target flb-plugin-in_dummy_thread
#20 234.5 [ 63%] Building C object plugins/in_dummy/CMakeFiles/flb-plugin-in_dummy.dir/in_dummy.c.o
#20 234.8 [ 63%] Linking C static library ../../library/libflb-plugin-in_dummy.a
#20 234.8 [ 63%] Built target flb-plugin-in_dummy
#20 234.8 [ 63%] Building C object plugins/in_emitter/CMakeFiles/flb-plugin-in_emitter.dir/emitter.c.o
#20 235.1 [ 63%] Linking C static library ../../library/libflb-plugin-in_emitter.a
#20 235.1 [ 63%] Built target flb-plugin-in_emitter
#20 235.1 [ 63%] Building C object plugins/in_fluentbit_metrics/CMakeFiles/flb-plugin-in_fluentbit_metrics.dir/metrics.c.o
#20 235.3 [ 63%] Linking C static library ../../library/libflb-plugin-in_fluentbit_metrics.a
#20 235.4 [ 63%] Built target flb-plugin-in_fluentbit_metrics
#20 235.4 [ 64%] Building C object plugins/in_node_exporter_metrics/CMakeFiles/flb-plugin-in_node_exporter_metrics.dir/ne_cpu.c.o
#20 235.7 [ 64%] Building C object plugins/in_node_exporter_metrics/CMakeFiles/flb-plugin-in_node_exporter_metrics.dir/ne_meminfo.c.o
#20 235.9 [ 64%] Building C object plugins/in_node_exporter_metrics/CMakeFiles/flb-plugin-in_node_exporter_metrics.dir/ne_diskstats.c.o
#20 236.2 [ 64%] Building C object plugins/in_node_exporter_metrics/CMakeFiles/flb-plugin-in_node_exporter_metrics.dir/ne_uname.c.o
#20 236.4 [ 64%] Building C object plugins/in_node_exporter_metrics/CMakeFiles/flb-plugin-in_node_exporter_metrics.dir/ne_stat_linux.c.o
#20 236.7 [ 64%] Building C object plugins/in_node_exporter_metrics/CMakeFiles/flb-plugin-in_node_exporter_metrics.dir/ne_vmstat_linux.c.o
#20 236.9 [ 64%] Building C object plugins/in_node_exporter_metrics/CMakeFiles/flb-plugin-in_node_exporter_metrics.dir/ne_netdev.c.o
#20 237.2 [ 64%] Building C object plugins/in_node_exporter_metrics/CMakeFiles/flb-plugin-in_node_exporter_metrics.dir/ne_time.c.o
#20 237.4 [ 65%] Building C object plugins/in_node_exporter_metrics/CMakeFiles/flb-plugin-in_node_exporter_metrics.dir/ne_loadavg.c.o
#20 237.6 [ 65%] Building C object plugins/in_node_exporter_metrics/CMakeFiles/flb-plugin-in_node_exporter_metrics.dir/ne_filefd_linux.c.o
#20 237.8 [ 65%] Building C object plugins/in_node_exporter_metrics/CMakeFiles/flb-plugin-in_node_exporter_metrics.dir/ne_utils.c.o
#20 238.1 [ 65%] Building C object plugins/in_node_exporter_metrics/CMakeFiles/flb-plugin-in_node_exporter_metrics.dir/ne_config.c.o
#20 238.3 [ 65%] Building C object plugins/in_node_exporter_metrics/CMakeFiles/flb-plugin-in_node_exporter_metrics.dir/ne.c.o
#20 238.5 [ 65%] Linking C static library ../../library/libflb-plugin-in_node_exporter_metrics.a
#20 238.6 [ 65%] Built target flb-plugin-in_node_exporter_metrics
#20 238.6 [ 65%] Building C object plugins/in_docker_events/CMakeFiles/flb-plugin-in_docker_events.dir/docker_events.c.o
#20 238.9 [ 65%] Building C object plugins/in_docker_events/CMakeFiles/flb-plugin-in_docker_events.dir/docker_events_config.c.o
#20 239.2 [ 65%] Linking C static library ../../library/libflb-plugin-in_docker_events.a
#20 239.2 [ 65%] Built target flb-plugin-in_docker_events
#20 239.2 [ 65%] Building C object plugins/custom_calyptia/CMakeFiles/flb-plugin-custom_calyptia.dir/calyptia.c.o
#20 239.5 [ 65%] Linking C static library ../../library/libflb-plugin-custom_calyptia.a
#20 239.5 [ 65%] Built target flb-plugin-custom_calyptia
#20 239.5 [ 65%] Building C object src/CMakeFiles/fluent-bit-bin.dir/fluent-bit.c.o
#20 240.1 [ 65%] Building C object src/CMakeFiles/fluent-bit-bin.dir/flb_dump.c.o
#20 240.4 [ 65%] Linking C executable ../bin/fluent-bit
#20 241.1 [ 65%] Built target fluent-bit-bin
#20 241.1 [ 65%] Building C object src/CMakeFiles/fluent-bit-shared.dir/flb_mp.c.o
#20 241.5 [ 66%] Building C object src/CMakeFiles/fluent-bit-shared.dir/flb_kv.c.o
#20 241.6 [ 66%] Building C object src/CMakeFiles/fluent-bit-shared.dir/flb_api.c.o
#20 241.8 [ 66%] Building C object src/CMakeFiles/fluent-bit-shared.dir/flb_lib.c.o
#20 242.2 [ 66%] Building C object src/CMakeFiles/fluent-bit-shared.dir/flb_log.c.o
#20 242.4 [ 66%] Building C object src/CMakeFiles/fluent-bit-shared.dir/flb_env.c.o
#20 242.6 [ 66%] Building C object src/CMakeFiles/fluent-bit-shared.dir/flb_file.c.o
#20 242.7 [ 66%] Building C object src/CMakeFiles/fluent-bit-shared.dir/flb_uri.c.o
#20 242.9 [ 66%] Building C object src/CMakeFiles/fluent-bit-shared.dir/flb_hash.c.o
#20 243.2 [ 67%] Building C object src/CMakeFiles/fluent-bit-shared.dir/flb_help.c.o
#20 243.7 [ 67%] Building C object src/CMakeFiles/fluent-bit-shared.dir/flb_pack.c.o
#20 244.4 [ 67%] Building C object src/CMakeFiles/fluent-bit-shared.dir/flb_pack_gelf.c.o
#20 245.0 [ 67%] Building C object src/CMakeFiles/fluent-bit-shared.dir/flb_sds.c.o
#20 245.3 [ 67%] Building C object src/CMakeFiles/fluent-bit-shared.dir/flb_pipe.c.o
#20 245.5 [ 67%] Building C object src/CMakeFiles/fluent-bit-shared.dir/flb_meta.c.o
#20 245.6 [ 67%] Building C object src/CMakeFiles/fluent-bit-shared.dir/flb_kernel.c.o
#20 245.8 [ 68%] Building C object src/CMakeFiles/fluent-bit-shared.dir/flb_custom.c.o
#20 246.1 [ 68%] Building C object src/CMakeFiles/fluent-bit-shared.dir/flb_input.c.o
#20 246.6 [ 68%] Building C object src/CMakeFiles/fluent-bit-shared.dir/flb_input_chunk.c.o
#20 247.3 [ 68%] Building C object src/CMakeFiles/fluent-bit-shared.dir/flb_input_metric.c.o
#20 247.5 [ 68%] Building C object src/CMakeFiles/fluent-bit-shared.dir/flb_input_thread.c.o
#20 247.7 [ 68%] Building C object src/CMakeFiles/fluent-bit-shared.dir/flb_filter.c.o
#20 248.1 [ 68%] Building C object src/CMakeFiles/fluent-bit-shared.dir/flb_output.c.o
#20 248.6 [ 68%] Building C object src/CMakeFiles/fluent-bit-shared.dir/flb_output_thread.c.o
#20 249.0 [ 69%] Building C object src/CMakeFiles/fluent-bit-shared.dir/flb_config.c.o
#20 249.5 [ 69%] Building C object src/CMakeFiles/fluent-bit-shared.dir/flb_config_map.c.o
#20 249.8 [ 69%] Building C object src/CMakeFiles/fluent-bit-shared.dir/flb_socket.c.o
#20 249.9 [ 69%] Building C object src/CMakeFiles/fluent-bit-shared.dir/flb_network.c.o
#20 250.6 [ 69%] Building C object src/CMakeFiles/fluent-bit-shared.dir/flb_utils.c.o
#20 251.2 [ 69%] Building C object src/CMakeFiles/fluent-bit-shared.dir/flb_slist.c.o
#20 251.4 [ 69%] Building C object src/CMakeFiles/fluent-bit-shared.dir/flb_engine.c.o
#20 251.6 /src/fluent-bit/src/flb_engine.c:406:47: warning: result of comparison of constant 4294967299 with expression of type 'int' is always false [-Wtautological-constant-out-of-range-compare]
#20 251.6             if (ret == FLB_ENGINE_STOP || ret == FLB_ENGINE_EV_STOP) {
#20 251.6                                           ~~~ ^  ~~~~~~~~~~~~~~~~~~
#20 251.9 1 warning generated.
#20 251.9 [ 69%] Building C object src/CMakeFiles/fluent-bit-shared.dir/flb_engine_dispatch.c.o
#20 252.2 [ 70%] Building C object src/CMakeFiles/fluent-bit-shared.dir/flb_task.c.o
#20 252.5 [ 70%] Building C object src/CMakeFiles/fluent-bit-shared.dir/flb_unescape.c.o
#20 252.8 [ 70%] Building C object src/CMakeFiles/fluent-bit-shared.dir/flb_scheduler.c.o
#20 253.2 [ 70%] Building C object src/CMakeFiles/fluent-bit-shared.dir/flb_io.c.o
#20 253.5 [ 70%] Building C object src/CMakeFiles/fluent-bit-shared.dir/flb_storage.c.o
#20 254.8 [ 70%] Building C object src/CMakeFiles/fluent-bit-shared.dir/flb_upstream.c.o
#20 255.4 [ 70%] Building C object src/CMakeFiles/fluent-bit-shared.dir/flb_upstream_ha.c.o
#20 255.8 [ 70%] Building C object src/CMakeFiles/fluent-bit-shared.dir/flb_upstream_node.c.o
#20 256.0 [ 71%] Building C object src/CMakeFiles/fluent-bit-shared.dir/flb_router.c.o
#20 256.3 [ 71%] Building C object src/CMakeFiles/fluent-bit-shared.dir/flb_worker.c.o
#20 256.4 [ 71%] Building C object src/CMakeFiles/fluent-bit-shared.dir/flb_coro.c.o
#20 256.5 [ 71%] Building C object src/CMakeFiles/fluent-bit-shared.dir/flb_time.c.o
#20 256.8 [ 71%] Building C object src/CMakeFiles/fluent-bit-shared.dir/flb_sosreport.c.o
#20 257.1 [ 71%] Building C object src/CMakeFiles/fluent-bit-shared.dir/flb_sha512.c.o
#20 257.2 [ 71%] Building C object src/CMakeFiles/fluent-bit-shared.dir/flb_random.c.o
#20 257.3 [ 71%] Building C object src/CMakeFiles/fluent-bit-shared.dir/flb_plugin.c.o
#20 257.5 /src/fluent-bit/src/flb_plugin.c:358:40: warning: passing 'const char *' to parameter of type 'char *' discards qualifiers [-Wincompatible-pointer-types-discards-qualifiers]
#20 257.5     cf = flb_cf_create_from_file(NULL, cfg);
#20 257.5                                        ^~~
#20 257.5 /src/fluent-bit/include/fluent-bit/config_format/flb_cf.h:109:65: note: passing argument to parameter 'file' here
#20 257.5 struct flb_cf *flb_cf_create_from_file(struct flb_cf *cf, char *file);
#20 257.5                                                                 ^
#20 257.6 1 warning generated.
#20 257.6 [ 72%] Building C object src/CMakeFiles/fluent-bit-shared.dir/flb_gzip.c.o
#20 257.8 [ 72%] Building C object src/CMakeFiles/fluent-bit-shared.dir/flb_snappy.c.o
#20 257.9 [ 72%] Building C object src/CMakeFiles/fluent-bit-shared.dir/flb_http_client.c.o
#20 258.5 [ 72%] Building C object src/CMakeFiles/fluent-bit-shared.dir/flb_callback.c.o
#20 258.6 [ 72%] Building C object src/CMakeFiles/fluent-bit-shared.dir/flb_strptime.c.o
#20 259.1 [ 72%] Building C object src/CMakeFiles/fluent-bit-shared.dir/flb_fstore.c.o
#20 259.3 [ 72%] Building C object src/CMakeFiles/fluent-bit-shared.dir/flb_thread_pool.c.o
#20 259.5 [ 72%] Building C object src/CMakeFiles/fluent-bit-shared.dir/flb_routes_mask.c.o
#20 259.7 [ 73%] Building C object src/CMakeFiles/fluent-bit-shared.dir/flb_typecast.c.o
#20 260.0 [ 73%] Building C object src/CMakeFiles/fluent-bit-shared.dir/flb_event.c.o
#20 260.2 [ 73%] Building C object src/CMakeFiles/fluent-bit-shared.dir/flb_base64.c.o
#20 260.3 [ 73%] Building C object src/CMakeFiles/fluent-bit-shared.dir/config_format/flb_config_format.c.o
#20 260.5 [ 73%] Building C object src/CMakeFiles/fluent-bit-shared.dir/config_format/flb_cf_fluentbit.c.o
#20 260.6 /src/fluent-bit/src/config_format/flb_cf_fluentbit.c:109:12: warning: unused function 'static_fgets' [-Wunused-function]
#20 260.6 static int static_fgets(char *out, size_t size, const char *data, size_t *off)
#20 260.6            ^
#20 260.8 1 warning generated.
#20 260.8 [ 73%] Building C object src/CMakeFiles/fluent-bit-shared.dir/multiline/flb_ml_parser_cri.c.o
#20 261.0 [ 73%] Building C object src/CMakeFiles/fluent-bit-shared.dir/multiline/flb_ml_parser_docker.c.o
#20 261.3 [ 74%] Building C object src/CMakeFiles/fluent-bit-shared.dir/multiline/flb_ml_parser_python.c.o
#20 261.5 [ 74%] Building C object src/CMakeFiles/fluent-bit-shared.dir/multiline/flb_ml_parser_java.c.o
#20 261.8 [ 74%] Building C object src/CMakeFiles/fluent-bit-shared.dir/multiline/flb_ml_parser_go.c.o
#20 262.0 [ 74%] Building C object src/CMakeFiles/fluent-bit-shared.dir/multiline/flb_ml_stream.c.o
#20 262.4 [ 74%] Building C object src/CMakeFiles/fluent-bit-shared.dir/multiline/flb_ml_parser.c.o
#20 262.7 [ 74%] Building C object src/CMakeFiles/fluent-bit-shared.dir/multiline/flb_ml_group.c.o
#20 262.9 [ 74%] Building C object src/CMakeFiles/fluent-bit-shared.dir/multiline/flb_ml_rule.c.o
#20 263.3 [ 74%] Building C object src/CMakeFiles/fluent-bit-shared.dir/multiline/flb_ml.c.o
#20 264.0 [ 75%] Building C object src/CMakeFiles/fluent-bit-shared.dir/flb_parser.c.o
#20 264.8 [ 75%] Building C object src/CMakeFiles/fluent-bit-shared.dir/flb_parser_regex.c.o
#20 265.1 [ 75%] Building C object src/CMakeFiles/fluent-bit-shared.dir/flb_parser_json.c.o
#20 265.4 [ 75%] Building C object src/CMakeFiles/fluent-bit-shared.dir/flb_parser_decoder.c.o
#20 265.9 [ 75%] Building C object src/CMakeFiles/fluent-bit-shared.dir/flb_parser_ltsv.c.o
#20 266.3 [ 75%] Building C object src/CMakeFiles/fluent-bit-shared.dir/flb_parser_logfmt.c.o
#20 266.6 [ 75%] Building C object src/CMakeFiles/fluent-bit-shared.dir/tls/flb_tls.c.o
#20 267.0 [ 75%] Building C object src/CMakeFiles/fluent-bit-shared.dir/flb_oauth2.c.o
#20 267.3 [ 76%] Building C object src/CMakeFiles/fluent-bit-shared.dir/flb_plugin_proxy.c.o
#20 267.6 [ 76%] Building C object src/CMakeFiles/fluent-bit-shared.dir/flb_metrics.c.o
#20 267.9 [ 76%] Building C object src/CMakeFiles/fluent-bit-shared.dir/flb_metrics_exporter.c.o
#20 268.6 [ 76%] Building C object src/CMakeFiles/fluent-bit-shared.dir/flb_signv4.c.o
#20 269.3 [ 76%] Building C object src/CMakeFiles/fluent-bit-shared.dir/aws/flb_aws_util.c.o
#20 269.8 [ 76%] Building C object src/CMakeFiles/fluent-bit-shared.dir/aws/flb_aws_credentials.c.o
#20 270.2 [ 76%] Building C object src/CMakeFiles/fluent-bit-shared.dir/aws/flb_aws_credentials_sts.c.o
#20 270.6 [ 76%] Building C object src/CMakeFiles/fluent-bit-shared.dir/aws/flb_aws_credentials_ec2.c.o
#20 270.9 [ 77%] Building C object src/CMakeFiles/fluent-bit-shared.dir/aws/flb_aws_imds.c.o
#20 271.1 [ 77%] Building C object src/CMakeFiles/fluent-bit-shared.dir/aws/flb_aws_credentials_http.c.o
#20 271.5 [ 77%] Building C object src/CMakeFiles/fluent-bit-shared.dir/aws/flb_aws_credentials_profile.c.o
#20 271.9 [ 77%] Building C object src/CMakeFiles/fluent-bit-shared.dir/aws/flb_aws_credentials_process.c.o
#20 272.4 [ 77%] Building C object src/CMakeFiles/fluent-bit-shared.dir/flb_regex.c.o
#20 272.5 [ 77%] Building C object src/CMakeFiles/fluent-bit-shared.dir/flb_sqldb.c.o
#20 272.8 [ 77%] Building C object src/CMakeFiles/fluent-bit-shared.dir/flb_record_accessor.c.o
#20 273.2 [ 77%] Building C object src/CMakeFiles/fluent-bit-shared.dir/flb_ra_key.c.o
#20 273.5 [ 78%] Linking C shared library ../lib/libfluent-bit.so
#20 274.2 [ 78%] Built target fluent-bit-shared
#20 274.2 [ 78%] Building C object examples/hello_world/CMakeFiles/hello_world.dir/hello_world.c.o
#20 274.4 [ 78%] Linking C executable ../../bin/hello_world
#20 274.6 [ 78%] Built target hello_world
#20 274.6 [ 78%] Building CXX object examples/hello_world_cpp/CMakeFiles/hello_world_cpp.dir/hello_world.cc.o
#20 274.9 [ 78%] Linking CXX executable ../../bin/hello_world_cpp
#20 275.0 [ 78%] Built target hello_world_cpp
#20 275.0 [ 78%] Building CXX object examples/td_cpp/CMakeFiles/td.dir/td.cc.o
#20 275.3 [ 78%] Linking CXX executable ../../bin/td
#20 275.5 [ 78%] Built target td
#20 275.5 [ 78%] Building C object examples/out_lib/CMakeFiles/out_lib.dir/out_lib.c.o
#20 275.7 [ 78%] Linking C executable ../../bin/out_lib
#20 275.9 [ 78%] Built target out_lib
#20 275.9 [ 78%] Building C object tests/internal/CMakeFiles/flb-it-aws_credentials_process.dir/aws_credentials_process.c.o
#20 276.6 [ 78%] Linking C executable ../../bin/flb-it-aws_credentials_process
#20 277.3 [ 78%] Built target flb-it-aws_credentials_process
#20 277.3 [ 78%] Building C object tests/internal/CMakeFiles/flb-it-aws_credentials_http.dir/aws_credentials_http.c.o
#20 278.0 [ 79%] Linking C executable ../../bin/flb-it-aws_credentials_http
#20 278.7 [ 79%] Built target flb-it-aws_credentials_http
#20 278.7 [ 79%] Building C object tests/internal/CMakeFiles/flb-it-aws_credentials_sts.dir/aws_credentials_sts.c.o
#20 279.4 [ 79%] Linking C executable ../../bin/flb-it-aws_credentials_sts
#20 280.1 [ 79%] Built target flb-it-aws_credentials_sts
#20 280.2 [ 79%] Building C object tests/internal/CMakeFiles/flb-it-aws_credentials.dir/aws_credentials.c.o
#20 280.8 [ 79%] Linking C executable ../../bin/flb-it-aws_credentials
#20 281.5 [ 79%] Built target flb-it-aws_credentials
#20 281.5 [ 79%] Building C object tests/internal/CMakeFiles/flb-it-aws_util.dir/aws_util.c.o
#20 282.1 [ 79%] Linking C executable ../../bin/flb-it-aws_util
#20 282.9 [ 79%] Built target flb-it-aws_util
#20 282.9 [ 80%] Building C object tests/internal/CMakeFiles/flb-it-signv4.dir/signv4.c.o
#20 283.6 [ 80%] Linking C executable ../../bin/flb-it-signv4
#20 284.3 [ 80%] Built target flb-it-signv4
#20 284.4 [ 80%] Building C object tests/internal/CMakeFiles/flb-it-parser.dir/parser.c.o
#20 285.1 [ 80%] Linking C executable ../../bin/flb-it-parser
#20 285.8 [ 80%] Built target flb-it-parser
#20 285.8 [ 81%] Building C object tests/internal/CMakeFiles/flb-it-fstore.dir/fstore.c.o
#20 286.3 [ 81%] Linking C executable ../../bin/flb-it-fstore
#20 286.5 [ 81%] Built target flb-it-fstore
#20 286.5 [ 81%] Building C object tests/internal/CMakeFiles/flb-it-gelf.dir/gelf.c.o
#20 287.2 [ 81%] Linking C executable ../../bin/flb-it-gelf
#20 287.4 [ 81%] Built target flb-it-gelf
#20 287.4 [ 81%] Building C object tests/internal/CMakeFiles/flb-it-config_format_fluentbit.dir/config_format_fluentbit.c.o
#20 287.8 [ 82%] Linking C executable ../../bin/flb-it-config_format_fluentbit
#20 288.0 [ 82%] Built target flb-it-config_format_fluentbit
#20 288.0 [ 82%] Building C object tests/internal/CMakeFiles/flb-it-config_format.dir/config_format.c.o
#20 288.5 [ 82%] Linking C executable ../../bin/flb-it-config_format
#20 288.6 [ 82%] Built target flb-it-config_format
#20 288.7 [ 82%] Building C object tests/internal/CMakeFiles/flb-it-http_client.dir/http_client.c.o
#20 289.2 [ 82%] Linking C executable ../../bin/flb-it-http_client
#20 289.9 [ 82%] Built target flb-it-http_client
#20 289.9 [ 82%] Building C object tests/internal/CMakeFiles/flb-it-network.dir/network.c.o
#20 290.5 [ 82%] Linking C executable ../../bin/flb-it-network
#20 291.2 [ 82%] Built target flb-it-network
#20 291.2 [ 82%] Building C object tests/internal/CMakeFiles/flb-it-aws_credentials_profile.dir/aws_credentials_profile.c.o
#20 291.9 [ 82%] Linking C executable ../../bin/flb-it-aws_credentials_profile
#20 292.6 [ 82%] Built target flb-it-aws_credentials_profile
#20 292.6 [ 82%] Building C object tests/internal/CMakeFiles/flb-it-random.dir/random.c.o
#20 293.0 [ 82%] Linking C executable ../../bin/flb-it-random
#20 293.1 [ 82%] Built target flb-it-random
#20 293.2 [ 82%] Building C object tests/internal/CMakeFiles/flb-it-aws_credentials_ec2.dir/aws_credentials_ec2.c.o
#20 294.0 [ 82%] Linking C executable ../../bin/flb-it-aws_credentials_ec2
#20 294.8 [ 82%] Built target flb-it-aws_credentials_ec2
#20 294.8 [ 82%] Building C object tests/internal/CMakeFiles/flb-it-timeout.dir/timeout.c.o
#20 295.3 [ 82%] Linking C executable ../../bin/flb-it-timeout
#20 296.0 [ 82%] Built target flb-it-timeout
#20 296.1 [ 82%] Building C object tests/internal/CMakeFiles/flb-it-router.dir/router.c.o
#20 296.6 [ 82%] Linking C executable ../../bin/flb-it-router
#20 297.3 [ 82%] Built target flb-it-router
#20 297.4 [ 82%] Building C object tests/internal/CMakeFiles/flb-it-base64.dir/base64.c.o
#20 297.9 [ 82%] Linking C executable ../../bin/flb-it-base64
#20 298.1 [ 82%] Built target flb-it-base64
#20 298.1 [ 82%] Building C object tests/internal/CMakeFiles/flb-it-slist.dir/slist.c.o
#20 298.6 [ 82%] Linking C executable ../../bin/flb-it-slist
#20 298.8 [ 82%] Built target flb-it-slist
#20 298.8 [ 83%] Building C object tests/internal/CMakeFiles/flb-it-pack.dir/pack.c.o
#20 299.6 [ 83%] Linking C executable ../../bin/flb-it-pack
#20 299.8 [ 83%] Built target flb-it-pack
#20 299.8 [ 83%] Building C object tests/internal/CMakeFiles/flb-it-pipe.dir/pipe.c.o
#20 300.3 [ 83%] Linking C executable ../../bin/flb-it-pipe
#20 300.4 [ 83%] Built target flb-it-pipe
#20 300.5 [ 83%] Building C object tests/internal/CMakeFiles/flb-it-hashtable.dir/hashtable.c.o
#20 300.6 /src/fluent-bit/tests/internal/hashtable.c:362:9: warning: variable 'id' set but not used [-Wunused-but-set-variable]
#20 300.6     int id;
#20 300.6         ^
#20 300.6 /src/fluent-bit/tests/internal/hashtable.c:367:17: warning: unused variable 'out_buf' [-Wunused-variable]
#20 300.6     const char *out_buf;
#20 300.6                 ^
#20 300.6 /src/fluent-bit/tests/internal/hashtable.c:368:12: warning: unused variable 'out_size' [-Wunused-variable]
#20 300.6     size_t out_size;
#20 300.6            ^
#20 301.0 3 warnings generated.
#20 301.0 [ 83%] Linking C executable ../../bin/flb-it-hashtable
#20 301.2 [ 83%] Built target flb-it-hashtable
#20 301.2 [ 83%] Building C object tests/internal/CMakeFiles/flb-it-sha512.dir/sha512.c.o
#20 301.6 [ 83%] Linking C executable ../../bin/flb-it-sha512
#20 301.8 [ 83%] Built target flb-it-sha512
#20 301.8 [ 83%] Building C object tests/internal/CMakeFiles/flb-it-utils.dir/utils.c.o
#20 302.3 [ 83%] Linking C executable ../../bin/flb-it-utils
#20 302.5 [ 83%] Built target flb-it-utils
#20 302.5 [ 83%] Building C object tests/internal/CMakeFiles/flb-it-gzip.dir/gzip.c.o
#20 303.0 [ 84%] Linking C executable ../../bin/flb-it-gzip
#20 303.1 [ 84%] Built target flb-it-gzip
#20 303.1 [ 84%] Building C object tests/internal/CMakeFiles/flb-it-file.dir/file.c.o
#20 303.7 [ 84%] Linking C executable ../../bin/flb-it-file
#20 303.9 [ 84%] Built target flb-it-file
#20 303.9 [ 84%] Building C object tests/internal/CMakeFiles/flb-it-config_map.dir/config_map.c.o
#20 304.4 [ 84%] Linking C executable ../../bin/flb-it-config_map
#20 305.2 [ 84%] Built target flb-it-config_map
#20 305.2 [ 85%] Building C object tests/internal/CMakeFiles/flb-it-record_accessor.dir/record_accessor.c.o
#20 305.9 [ 85%] Linking C executable ../../bin/flb-it-record_accessor
#20 306.1 [ 85%] Built target flb-it-record_accessor
#20 306.1 [ 85%] Building C object tests/internal/CMakeFiles/flb-it-mp.dir/mp.c.o
#20 306.7 [ 85%] Linking C executable ../../bin/flb-it-mp
#20 306.9 [ 85%] Built target flb-it-mp
#20 307.0 [ 85%] Building C object tests/internal/CMakeFiles/flb-it-flb_time.dir/flb_time.c.o
#20 307.5 [ 85%] Linking C executable ../../bin/flb-it-flb_time
#20 307.7 [ 85%] Built target flb-it-flb_time
#20 307.7 [ 86%] Building C object tests/internal/CMakeFiles/flb-it-unit_sizes.dir/unit_sizes.c.o
#20 308.1 [ 86%] Linking C executable ../../bin/flb-it-unit_sizes
#20 308.3 [ 86%] Built target flb-it-unit_sizes
#20 308.3 [ 86%] Building C object tests/internal/CMakeFiles/flb-it-sds.dir/sds.c.o
#20 308.8 [ 86%] Linking C executable ../../bin/flb-it-sds
#20 308.9 [ 86%] Built target flb-it-sds
#20 309.0 [ 86%] Building C object tests/internal/CMakeFiles/flb-it-typecast.dir/typecast.c.o
#20 309.6 [ 86%] Linking C executable ../../bin/flb-it-typecast
#20 309.8 [ 86%] Built target flb-it-typecast
#20 309.8 [ 86%] Building C object tests/internal/CMakeFiles/flb-it-input_chunk.dir/input_chunk.c.o
#20 310.5 [ 86%] Linking C executable ../../bin/flb-it-input_chunk
#20 311.2 [ 86%] Built target flb-it-input_chunk
#20 311.2 [ 86%] Building C object tests/internal/CMakeFiles/flb-it-metrics.dir/metrics.c.o
#20 311.7 [ 87%] Linking C executable ../../bin/flb-it-metrics
#20 311.9 [ 87%] Built target flb-it-metrics
#20 311.9 [ 87%] Building C object tests/internal/CMakeFiles/flb-it-multiline.dir/multiline.c.o
#20 312.8 [ 87%] Linking C executable ../../bin/flb-it-multiline
#20 313.5 [ 87%] Built target flb-it-multiline
#20 313.5 [ 87%] Building C object tests/internal/aws/CMakeFiles/flb-it-aws_placeholder.dir/placeholder.c.o
#20 313.9 [ 88%] Linking C executable ../../../bin/flb-it-aws_placeholder
#20 314.0 [ 88%] Built target flb-it-aws_placeholder
#20 314.0 [ 88%] Building C object tests/internal/fuzzers/CMakeFiles/flb-it-fuzz-record_ac_fuzzer_OSSFUZZ.dir/record_ac_fuzzer.c.o
#20 314.3 [ 88%] Linking C executable ../../../bin/flb-it-fuzz-record_ac_fuzzer_OSSFUZZ
#20 314.4 /usr/bin/ld: /libAFL.a(afl_driver.o): in function `main':
#20 314.4 afl_driver.cpp:(.text+0x278): undefined reference to `std::__1::basic_istream<char, std::__1::char_traits<char> >::~basic_istream()'
#20 314.4 /usr/bin/ld: afl_driver.cpp:(.text+0x285): undefined reference to `std::__1::basic_ios<char, std::__1::char_traits<char> >::~basic_ios()'
#20 314.4 /usr/bin/ld: afl_driver.cpp:(.text+0x2b9): undefined reference to `std::__1::basic_istream<char, std::__1::char_traits<char> >::seekg(long long, std::__1::ios_base::seekdir)'
#20 314.4 /usr/bin/ld: afl_driver.cpp:(.text+0x2c1): undefined reference to `std::__1::basic_istream<char, std::__1::char_traits<char> >::tellg()'
#20 314.4 /usr/bin/ld: afl_driver.cpp:(.text+0x2d0): undefined reference to `std::__1::basic_istream<char, std::__1::char_traits<char> >::seekg(long long, std::__1::ios_base::seekdir)'
#20 314.4 /usr/bin/ld: afl_driver.cpp:(.text+0x2d5): undefined reference to `std::__1::cout'
#20 314.4 /usr/bin/ld: afl_driver.cpp:(.text+0x2ef): undefined reference to `std::__1::basic_ostream<char, std::__1::char_traits<char> >::operator<<(unsigned long)'
#20 314.4 /usr/bin/ld: afl_driver.cpp:(.text+0x33a): undefined reference to `std::__1::ios_base::getloc() const'
#20 314.4 /usr/bin/ld: afl_driver.cpp:(.text+0x33f): undefined reference to `std::__1::ctype<char>::id'
#20 314.4 /usr/bin/ld: afl_driver.cpp:(.text+0x349): undefined reference to `std::__1::locale::use_facet(std::__1::locale::id&) const'
#20 314.4 /usr/bin/ld: afl_driver.cpp:(.text+0x363): undefined reference to `std::__1::locale::~locale()'
#20 314.4 /usr/bin/ld: afl_driver.cpp:(.text+0x36e): undefined reference to `std::__1::basic_ostream<char, std::__1::char_traits<char> >::put(char)'
#20 314.4 /usr/bin/ld: afl_driver.cpp:(.text+0x376): undefined reference to `std::__1::basic_ostream<char, std::__1::char_traits<char> >::flush()'
#20 314.4 /usr/bin/ld: afl_driver.cpp:(.text+0x39a): undefined reference to `operator new(unsigned long)'
#20 314.4 /usr/bin/ld: afl_driver.cpp:(.text+0x3d2): undefined reference to `std::__1::basic_istream<char, std::__1::char_traits<char> >::read(char*, long)'
#20 314.4 /usr/bin/ld: afl_driver.cpp:(.text+0x3f6): undefined reference to `std::__1::cout'
#20 314.4 /usr/bin/ld: afl_driver.cpp:(.text+0x41c): undefined reference to `std::__1::ios_base::getloc() const'
#20 314.4 /usr/bin/ld: afl_driver.cpp:(.text+0x421): undefined reference to `std::__1::ctype<char>::id'
#20 314.4 /usr/bin/ld: afl_driver.cpp:(.text+0x42b): undefined reference to `std::__1::locale::use_facet(std::__1::locale::id&) const'
#20 314.4 /usr/bin/ld: afl_driver.cpp:(.text+0x445): undefined reference to `std::__1::locale::~locale()'
#20 314.4 /usr/bin/ld: afl_driver.cpp:(.text+0x450): undefined reference to `std::__1::basic_ostream<char, std::__1::char_traits<char> >::put(char)'
#20 314.4 /usr/bin/ld: afl_driver.cpp:(.text+0x458): undefined reference to `std::__1::basic_ostream<char, std::__1::char_traits<char> >::flush()'
#20 314.4 /usr/bin/ld: afl_driver.cpp:(.text+0x469): undefined reference to `operator delete(void*)'
#20 314.4 /usr/bin/ld: afl_driver.cpp:(.text+0x4c9): undefined reference to `operator new[](unsigned long)'
#20 314.4 /usr/bin/ld: afl_driver.cpp:(.text+0x4f3): undefined reference to `operator delete[](void*)'
#20 314.4 /usr/bin/ld: afl_driver.cpp:(.text+0x595): undefined reference to `operator delete(void*)'
#20 314.4 /usr/bin/ld: afl_driver.cpp:(.text+0x5a8): undefined reference to `std::__1::locale::~locale()'
#20 314.4 /usr/bin/ld: afl_driver.cpp:(.text+0x5b7): undefined reference to `std::__1::locale::~locale()'
#20 314.4 /usr/bin/ld: afl_driver.cpp:(.text+0x5c9): undefined reference to `operator delete(void*)'
#20 314.4 /usr/bin/ld: afl_driver.cpp:(.text+0x5ea): undefined reference to `std::__1::basic_ios<char, std::__1::char_traits<char> >::~basic_ios()'
#20 314.4 /usr/bin/ld: /libAFL.a(afl_driver.o): in function `std::__1::basic_ifstream<char, std::__1::char_traits<char> >::basic_ifstream(char const*, unsigned int)':
#20 314.4 afl_driver.cpp:(.text._ZNSt3__114basic_ifstreamIcNS_11char_traitsIcEEEC1EPKcj[_ZNSt3__114basic_ifstreamIcNS_11char_traitsIcEEEC1EPKcj]+0x40): undefined reference to `std::__1::ios_base::init(void*)'
#20 314.4 /usr/bin/ld: afl_driver.cpp:(.text._ZNSt3__114basic_ifstreamIcNS_11char_traitsIcEEEC1EPKcj[_ZNSt3__114basic_ifstreamIcNS_11char_traitsIcEEEC1EPKcj]+0x90): undefined reference to `std::__1::ios_base::clear(unsigned int)'
#20 314.4 /usr/bin/ld: afl_driver.cpp:(.text._ZNSt3__114basic_ifstreamIcNS_11char_traitsIcEEEC1EPKcj[_ZNSt3__114basic_ifstreamIcNS_11char_traitsIcEEEC1EPKcj]+0x165): undefined reference to `std::__1::basic_istream<char, std::__1::char_traits<char> >::~basic_istream()'
#20 314.4 /usr/bin/ld: afl_driver.cpp:(.text._ZNSt3__114basic_ifstreamIcNS_11char_traitsIcEEEC1EPKcj[_ZNSt3__114basic_ifstreamIcNS_11char_traitsIcEEEC1EPKcj]+0x172): undefined reference to `std::__1::basic_ios<char, std::__1::char_traits<char> >::~basic_ios()'
#20 314.4 /usr/bin/ld: /libAFL.a(afl_driver.o): in function `std::__1::basic_ifstream<char, std::__1::char_traits<char> >::~basic_ifstream()':
#20 314.4 afl_driver.cpp:(.text._ZNSt3__114basic_ifstreamIcNS_11char_traitsIcEEED1Ev[_ZNSt3__114basic_ifstreamIcNS_11char_traitsIcEEED1Ev]+0x1a): undefined reference to `std::__1::basic_ios<char, std::__1::char_traits<char> >::~basic_ios()'
#20 314.4 /usr/bin/ld: /libAFL.a(afl_driver.o): in function `std::__1::basic_filebuf<char, std::__1::char_traits<char> >::basic_filebuf()':
#20 314.4 afl_driver.cpp:(.text._ZNSt3__113basic_filebufIcNS_11char_traitsIcEEEC2Ev[_ZNSt3__113basic_filebufIcNS_11char_traitsIcEEEC2Ev]+0xc): undefined reference to `std::__1::basic_streambuf<char, std::__1::char_traits<char> >::basic_streambuf()'
#20 314.4 /usr/bin/ld: afl_driver.cpp:(.text._ZNSt3__113basic_filebufIcNS_11char_traitsIcEEEC2Ev[_ZNSt3__113basic_filebufIcNS_11char_traitsIcEEEC2Ev]+0x56): undefined reference to `std::__1::locale::locale(std::__1::locale const&)'
#20 314.4 /usr/bin/ld: afl_driver.cpp:(.text._ZNSt3__113basic_filebufIcNS_11char_traitsIcEEEC2Ev[_ZNSt3__113basic_filebufIcNS_11char_traitsIcEEEC2Ev]+0x5b): undefined reference to `std::__1::codecvt<char, char, __mbstate_t>::id'
#20 314.4 /usr/bin/ld: afl_driver.cpp:(.text._ZNSt3__113basic_filebufIcNS_11char_traitsIcEEEC2Ev[_ZNSt3__113basic_filebufIcNS_11char_traitsIcEEEC2Ev]+0x63): undefined reference to `std::__1::locale::has_facet(std::__1::locale::id&) const'
#20 314.4 /usr/bin/ld: afl_driver.cpp:(.text._ZNSt3__113basic_filebufIcNS_11char_traitsIcEEEC2Ev[_ZNSt3__113basic_filebufIcNS_11char_traitsIcEEEC2Ev]+0x6f): undefined reference to `std::__1::locale::~locale()'
#20 314.4 /usr/bin/ld: afl_driver.cpp:(.text._ZNSt3__113basic_filebufIcNS_11char_traitsIcEEEC2Ev[_ZNSt3__113basic_filebufIcNS_11char_traitsIcEEEC2Ev]+0x84): undefined reference to `std::__1::locale::locale(std::__1::locale const&)'
#20 314.4 /usr/bin/ld: afl_driver.cpp:(.text._ZNSt3__113basic_filebufIcNS_11char_traitsIcEEEC2Ev[_ZNSt3__113basic_filebufIcNS_11char_traitsIcEEEC2Ev]+0x89): undefined reference to `std::__1::codecvt<char, char, __mbstate_t>::id'
#20 314.4 /usr/bin/ld: afl_driver.cpp:(.text._ZNSt3__113basic_filebufIcNS_11char_traitsIcEEEC2Ev[_ZNSt3__113basic_filebufIcNS_11char_traitsIcEEEC2Ev]+0x91): undefined reference to `std::__1::locale::use_facet(std::__1::locale::id&) const'
#20 314.4 /usr/bin/ld: afl_driver.cpp:(.text._ZNSt3__113basic_filebufIcNS_11char_traitsIcEEEC2Ev[_ZNSt3__113basic_filebufIcNS_11char_traitsIcEEEC2Ev]+0xa2): undefined reference to `std::__1::locale::~locale()'
#20 314.4 /usr/bin/ld: afl_driver.cpp:(.text._ZNSt3__113basic_filebufIcNS_11char_traitsIcEEEC2Ev[_ZNSt3__113basic_filebufIcNS_11char_traitsIcEEEC2Ev]+0xdb): undefined reference to `std::__1::locale::~locale()'
#20 314.4 /usr/bin/ld: afl_driver.cpp:(.text._ZNSt3__113basic_filebufIcNS_11char_traitsIcEEEC2Ev[_ZNSt3__113basic_filebufIcNS_11char_traitsIcEEEC2Ev]+0xe8): undefined reference to `std::__1::basic_streambuf<char, std::__1::char_traits<char> >::~basic_streambuf()'
#20 314.4 /usr/bin/ld: /libAFL.a(afl_driver.o): in function `std::__1::basic_filebuf<char, std::__1::char_traits<char> >::~basic_filebuf()':
#20 314.4 afl_driver.cpp:(.text._ZNSt3__113basic_filebufIcNS_11char_traitsIcEEED2Ev[_ZNSt3__113basic_filebufIcNS_11char_traitsIcEEED2Ev]+0x50): undefined reference to `operator delete[](void*)'
#20 314.4 /usr/bin/ld: afl_driver.cpp:(.text._ZNSt3__113basic_filebufIcNS_11char_traitsIcEEED2Ev[_ZNSt3__113basic_filebufIcNS_11char_traitsIcEEED2Ev]+0x67): undefined reference to `operator delete[](void*)'
#20 314.4 /usr/bin/ld: afl_driver.cpp:(.text._ZNSt3__113basic_filebufIcNS_11char_traitsIcEEED2Ev[_ZNSt3__113basic_filebufIcNS_11char_traitsIcEEED2Ev]+0x74): undefined reference to `std::__1::basic_streambuf<char, std::__1::char_traits<char> >::~basic_streambuf()'
#20 314.4 /usr/bin/ld: afl_driver.cpp:(.text._ZNSt3__113basic_filebufIcNS_11char_traitsIcEEED2Ev[_ZNSt3__113basic_filebufIcNS_11char_traitsIcEEED2Ev]+0x8c): undefined reference to `__cxa_begin_catch'
#20 314.4 /usr/bin/ld: afl_driver.cpp:(.text._ZNSt3__113basic_filebufIcNS_11char_traitsIcEEED2Ev[_ZNSt3__113basic_filebufIcNS_11char_traitsIcEEED2Ev]+0x91): undefined reference to `__cxa_end_catch'
#20 314.4 /usr/bin/ld: afl_driver.cpp:(.text._ZNSt3__113basic_filebufIcNS_11char_traitsIcEEED2Ev[_ZNSt3__113basic_filebufIcNS_11char_traitsIcEEED2Ev]+0x9e): undefined reference to `std::__1::basic_streambuf<char, std::__1::char_traits<char> >::~basic_streambuf()'
#20 314.4 /usr/bin/ld: /libAFL.a(afl_driver.o): in function `std::__1::basic_ifstream<char, std::__1::char_traits<char> >::~basic_ifstream()':
#20 314.4 afl_driver.cpp:(.text._ZNSt3__114basic_ifstreamIcNS_11char_traitsIcEEED0Ev[_ZNSt3__114basic_ifstreamIcNS_11char_traitsIcEEED0Ev]+0x32): undefined reference to `std::__1::basic_istream<char, std::__1::char_traits<char> >::~basic_istream()'
#20 314.4 /usr/bin/ld: afl_driver.cpp:(.text._ZNSt3__114basic_ifstreamIcNS_11char_traitsIcEEED0Ev[_ZNSt3__114basic_ifstreamIcNS_11char_traitsIcEEED0Ev]+0x3a): undefined reference to `std::__1::basic_ios<char, std::__1::char_traits<char> >::~basic_ios()'
#20 314.4 /usr/bin/ld: afl_driver.cpp:(.text._ZNSt3__114basic_ifstreamIcNS_11char_traitsIcEEED0Ev[_ZNSt3__114basic_ifstreamIcNS_11char_traitsIcEEED0Ev]+0x49): undefined reference to `operator delete(void*)'
#20 314.4 /usr/bin/ld: /libAFL.a(afl_driver.o): in function `virtual thunk to std::__1::basic_ifstream<char, std::__1::char_traits<char> >::~basic_ifstream()':
#20 314.4 afl_driver.cpp:(.text._ZTv0_n24_NSt3__114basic_ifstreamIcNS_11char_traitsIcEEED1Ev[_ZTv0_n24_NSt3__114basic_ifstreamIcNS_11char_traitsIcEEED1Ev]+0x43): undefined reference to `std::__1::basic_istream<char, std::__1::char_traits<char> >::~basic_istream()'
#20 314.4 /usr/bin/ld: afl_driver.cpp:(.text._ZTv0_n24_NSt3__114basic_ifstreamIcNS_11char_traitsIcEEED1Ev[_ZTv0_n24_NSt3__114basic_ifstreamIcNS_11char_traitsIcEEED1Ev]+0x52): undefined reference to `std::__1::basic_ios<char, std::__1::char_traits<char> >::~basic_ios()'
#20 314.4 /usr/bin/ld: /libAFL.a(afl_driver.o): in function `virtual thunk to std::__1::basic_ifstream<char, std::__1::char_traits<char> >::~basic_ifstream()':
#20 314.4 afl_driver.cpp:(.text._ZTv0_n24_NSt3__114basic_ifstreamIcNS_11char_traitsIcEEED0Ev[_ZTv0_n24_NSt3__114basic_ifstreamIcNS_11char_traitsIcEEED0Ev]+0x43): undefined reference to `std::__1::basic_istream<char, std::__1::char_traits<char> >::~basic_istream()'
#20 314.4 /usr/bin/ld: afl_driver.cpp:(.text._ZTv0_n24_NSt3__114basic_ifstreamIcNS_11char_traitsIcEEED0Ev[_ZTv0_n24_NSt3__114basic_ifstreamIcNS_11char_traitsIcEEED0Ev]+0x4b): undefined reference to `std::__1::basic_ios<char, std::__1::char_traits<char> >::~basic_ios()'
#20 314.4 /usr/bin/ld: afl_driver.cpp:(.text._ZTv0_n24_NSt3__114basic_ifstreamIcNS_11char_traitsIcEEED0Ev[_ZTv0_n24_NSt3__114basic_ifstreamIcNS_11char_traitsIcEEED0Ev]+0x5a): undefined reference to `operator delete(void*)'
#20 314.4 /usr/bin/ld: /libAFL.a(afl_driver.o): in function `std::__1::basic_filebuf<char, std::__1::char_traits<char> >::~basic_filebuf()':
#20 314.4 afl_driver.cpp:(.text._ZNSt3__113basic_filebufIcNS_11char_traitsIcEEED0Ev[_ZNSt3__113basic_filebufIcNS_11char_traitsIcEEED0Ev]+0xe): undefined reference to `operator delete(void*)'
#20 314.4 /usr/bin/ld: /libAFL.a(afl_driver.o): in function `std::__1::basic_filebuf<char, std::__1::char_traits<char> >::imbue(std::__1::locale const&)':
#20 314.4 afl_driver.cpp:(.text._ZNSt3__113basic_filebufIcNS_11char_traitsIcEEE5imbueERKNS_6localeE[_ZNSt3__113basic_filebufIcNS_11char_traitsIcEEE5imbueERKNS_6localeE]+0x11): undefined reference to `std::__1::codecvt<char, char, __mbstate_t>::id'
#20 314.4 /usr/bin/ld: afl_driver.cpp:(.text._ZNSt3__113basic_filebufIcNS_11char_traitsIcEEE5imbueERKNS_6localeE[_ZNSt3__113basic_filebufIcNS_11char_traitsIcEEE5imbueERKNS_6localeE]+0x19): undefined reference to `std::__1::locale::use_facet(std::__1::locale::id&) const'
#20 314.4 /usr/bin/ld: afl_driver.cpp:(.text._ZNSt3__113basic_filebufIcNS_11char_traitsIcEEE5imbueERKNS_6localeE[_ZNSt3__113basic_filebufIcNS_11char_traitsIcEEE5imbueERKNS_6localeE]+0x6a): undefined reference to `operator delete[](void*)'
#20 314.4 /usr/bin/ld: afl_driver.cpp:(.text._ZNSt3__113basic_filebufIcNS_11char_traitsIcEEE5imbueERKNS_6localeE[_ZNSt3__113basic_filebufIcNS_11char_traitsIcEEE5imbueERKNS_6localeE]+0xa7): undefined reference to `operator new[](unsigned long)'
#20 314.4 /usr/bin/ld: afl_driver.cpp:(.text._ZNSt3__113basic_filebufIcNS_11char_traitsIcEEE5imbueERKNS_6localeE[_ZNSt3__113basic_filebufIcNS_11char_traitsIcEEE5imbueERKNS_6localeE]+0xd9): undefined reference to `operator new[](unsigned long)'
#20 314.4 /usr/bin/ld: /libAFL.a(afl_driver.o): in function `std::__1::basic_filebuf<char, std::__1::char_traits<char> >::setbuf(char*, long)':
#20 314.4 afl_driver.cpp:(.text._ZNSt3__113basic_filebufIcNS_11char_traitsIcEEE6setbufEPcl[_ZNSt3__113basic_filebufIcNS_11char_traitsIcEEE6setbufEPcl]+0x32): undefined reference to `operator delete[](void*)'
#20 314.4 /usr/bin/ld: afl_driver.cpp:(.text._ZNSt3__113basic_filebufIcNS_11char_traitsIcEEE6setbufEPcl[_ZNSt3__113basic_filebufIcNS_11char_traitsIcEEE6setbufEPcl]+0x49): undefined reference to `operator delete[](void*)'
#20 314.4 /usr/bin/ld: afl_driver.cpp:(.text._ZNSt3__113basic_filebufIcNS_11char_traitsIcEEE6setbufEPcl[_ZNSt3__113basic_filebufIcNS_11char_traitsIcEEE6setbufEPcl]+0xac): undefined reference to `operator new[](unsigned long)'
#20 314.4 /usr/bin/ld: afl_driver.cpp:(.text._ZNSt3__113basic_filebufIcNS_11char_traitsIcEEE6setbufEPcl[_ZNSt3__113basic_filebufIcNS_11char_traitsIcEEE6setbufEPcl]+0xe4): undefined reference to `operator new[](unsigned long)'
#20 314.4 /usr/bin/ld: /libAFL.a(afl_driver.o): in function `__clang_call_terminate':
#20 314.4 afl_driver.cpp:(.text.__clang_call_terminate[__clang_call_terminate]+0x2): undefined reference to `__cxa_begin_catch'
#20 314.4 /usr/bin/ld: afl_driver.cpp:(.text.__clang_call_terminate[__clang_call_terminate]+0x7): undefined reference to `std::terminate()'
#20 314.4 /usr/bin/ld: /libAFL.a(afl_driver.o): in function `std::__1::__throw_bad_cast()':
#20 314.4 afl_driver.cpp:(.text._ZNSt3__116__throw_bad_castEv[_ZNSt3__116__throw_bad_castEv]+0x7): undefined reference to `__cxa_allocate_exception'
#20 314.4 /usr/bin/ld: afl_driver.cpp:(.text._ZNSt3__116__throw_bad_castEv[_ZNSt3__116__throw_bad_castEv]+0x12): undefined reference to `std::bad_cast::bad_cast()'
#20 314.4 /usr/bin/ld: afl_driver.cpp:(.text._ZNSt3__116__throw_bad_castEv[_ZNSt3__116__throw_bad_castEv]+0x17): undefined reference to `typeinfo for std::bad_cast'
#20 314.4 /usr/bin/ld: afl_driver.cpp:(.text._ZNSt3__116__throw_bad_castEv[_ZNSt3__116__throw_bad_castEv]+0x1c): undefined reference to `std::bad_cast::~bad_cast()'
#20 314.4 /usr/bin/ld: afl_driver.cpp:(.text._ZNSt3__116__throw_bad_castEv[_ZNSt3__116__throw_bad_castEv]+0x24): undefined reference to `__cxa_throw'
#20 314.4 /usr/bin/ld: /libAFL.a(afl_driver.o): in function `std::__1::basic_ostream<char, std::__1::char_traits<char> >& std::__1::__put_character_sequence<char, std::__1::char_traits<char> >(std::__1::basic_ostream<char, std::__1::char_traits<char> >&, char const*, unsigned long)':
#20 314.4 afl_driver.cpp:(.text._ZNSt3__124__put_character_sequenceIcNS_11char_traitsIcEEEERNS_13basic_ostreamIT_T0_EES7_PKS4_m[_ZNSt3__124__put_character_sequenceIcNS_11char_traitsIcEEEERNS_13basic_ostreamIT_T0_EES7_PKS4_m]+0x20): undefined reference to `std::__1::basic_ostream<char, std::__1::char_traits<char> >::sentry::sentry(std::__1::basic_ostream<char, std::__1::char_traits<char> >&)'
#20 314.4 /usr/bin/ld: afl_driver.cpp:(.text._ZNSt3__124__put_character_sequenceIcNS_11char_traitsIcEEEERNS_13basic_ostreamIT_T0_EES7_PKS4_m[_ZNSt3__124__put_character_sequenceIcNS_11char_traitsIcEEEERNS_13basic_ostreamIT_T0_EES7_PKS4_m]+0x58): undefined reference to `std::__1::ios_base::getloc() const'
#20 314.4 /usr/bin/ld: afl_driver.cpp:(.text._ZNSt3__124__put_character_sequenceIcNS_11char_traitsIcEEEERNS_13basic_ostreamIT_T0_EES7_PKS4_m[_ZNSt3__124__put_character_sequenceIcNS_11char_traitsIcEEEERNS_13basic_ostreamIT_T0_EES7_PKS4_m]+0x62): undefined reference to `std::__1::ctype<char>::id'
#20 314.4 /usr/bin/ld: afl_driver.cpp:(.text._ZNSt3__124__put_character_sequenceIcNS_11char_traitsIcEEEERNS_13basic_ostreamIT_T0_EES7_PKS4_m[_ZNSt3__124__put_character_sequenceIcNS_11char_traitsIcEEEERNS_13basic_ostreamIT_T0_EES7_PKS4_m]+0x67): undefined reference to `std::__1::locale::use_facet(std::__1::locale::id&) const'
#20 314.4 /usr/bin/ld: afl_driver.cpp:(.text._ZNSt3__124__put_character_sequenceIcNS_11char_traitsIcEEEERNS_13basic_ostreamIT_T0_EES7_PKS4_m[_ZNSt3__124__put_character_sequenceIcNS_11char_traitsIcEEEERNS_13basic_ostreamIT_T0_EES7_PKS4_m]+0x83): undefined reference to `std::__1::locale::~locale()'
#20 314.4 /usr/bin/ld: afl_driver.cpp:(.text._ZNSt3__124__put_character_sequenceIcNS_11char_traitsIcEEEERNS_13basic_ostreamIT_T0_EES7_PKS4_m[_ZNSt3__124__put_character_sequenceIcNS_11char_traitsIcEEEERNS_13basic_ostreamIT_T0_EES7_PKS4_m]+0xd4): undefined reference to `std::__1::ios_base::clear(unsigned int)'
#20 314.4 /usr/bin/ld: afl_driver.cpp:(.text._ZNSt3__124__put_character_sequenceIcNS_11char_traitsIcEEEERNS_13basic_ostreamIT_T0_EES7_PKS4_m[_ZNSt3__124__put_character_sequenceIcNS_11char_traitsIcEEEERNS_13basic_ostreamIT_T0_EES7_PKS4_m]+0xde): undefined reference to `std::__1::basic_ostream<char, std::__1::char_traits<char> >::sentry::~sentry()'
#20 314.4 /usr/bin/ld: afl_driver.cpp:(.text._ZNSt3__124__put_character_sequenceIcNS_11char_traitsIcEEEERNS_13basic_ostreamIT_T0_EES7_PKS4_m[_ZNSt3__124__put_character_sequenceIcNS_11char_traitsIcEEEERNS_13basic_ostreamIT_T0_EES7_PKS4_m]+0xff): undefined reference to `std::__1::locale::~locale()'
#20 314.4 /usr/bin/ld: afl_driver.cpp:(.text._ZNSt3__124__put_character_sequenceIcNS_11char_traitsIcEEEERNS_13basic_ostreamIT_T0_EES7_PKS4_m[_ZNSt3__124__put_character_sequenceIcNS_11char_traitsIcEEEERNS_13basic_ostreamIT_T0_EES7_PKS4_m]+0x10e): undefined reference to `std::__1::basic_ostream<char, std::__1::char_traits<char> >::sentry::~sentry()'
#20 314.4 /usr/bin/ld: afl_driver.cpp:(.text._ZNSt3__124__put_character_sequenceIcNS_11char_traitsIcEEEERNS_13basic_ostreamIT_T0_EES7_PKS4_m[_ZNSt3__124__put_character_sequenceIcNS_11char_traitsIcEEEERNS_13basic_ostreamIT_T0_EES7_PKS4_m]+0x11b): undefined reference to `__cxa_begin_catch'
#20 314.4 /usr/bin/ld: afl_driver.cpp:(.text._ZNSt3__124__put_character_sequenceIcNS_11char_traitsIcEEEERNS_13basic_ostreamIT_T0_EES7_PKS4_m[_ZNSt3__124__put_character_sequenceIcNS_11char_traitsIcEEEERNS_13basic_ostreamIT_T0_EES7_PKS4_m]+0x12a): undefined reference to `std::__1::ios_base::__set_badbit_and_consider_rethrow()'
#20 314.4 /usr/bin/ld: afl_driver.cpp:(.text._ZNSt3__124__put_character_sequenceIcNS_11char_traitsIcEEEERNS_13basic_ostreamIT_T0_EES7_PKS4_m[_ZNSt3__124__put_character_sequenceIcNS_11char_traitsIcEEEERNS_13basic_ostreamIT_T0_EES7_PKS4_m]+0x12f): undefined reference to `__cxa_end_catch'
#20 314.4 /usr/bin/ld: afl_driver.cpp:(.text._ZNSt3__124__put_character_sequenceIcNS_11char_traitsIcEEEERNS_13basic_ostreamIT_T0_EES7_PKS4_m[_ZNSt3__124__put_character_sequenceIcNS_11char_traitsIcEEEERNS_13basic_ostreamIT_T0_EES7_PKS4_m]+0x139): undefined reference to `__cxa_end_catch'
#20 314.4 /usr/bin/ld: /libAFL.a(afl_driver.o): in function `std::__1::ostreambuf_iterator<char, std::__1::char_traits<char> > std::__1::__pad_and_output<char, std::__1::char_traits<char> >(std::__1::ostreambuf_iterator<char, std::__1::char_traits<char> >, char const*, char const*, char const*, std::__1::ios_base&, char)':
#20 314.4 afl_driver.cpp:(.text._ZNSt3__116__pad_and_outputIcNS_11char_traitsIcEEEENS_19ostreambuf_iteratorIT_T0_EES6_PKS4_S8_S8_RNS_8ios_baseES4_[_ZNSt3__116__pad_and_outputIcNS_11char_traitsIcEEEENS_19ostreambuf_iteratorIT_T0_EES6_PKS4_S8_S8_RNS_8ios_baseES4_]+0x8a): undefined reference to `operator new(unsigned long)'
#20 314.4 /usr/bin/ld: afl_driver.cpp:(.text._ZNSt3__116__pad_and_outputIcNS_11char_traitsIcEEEENS_19ostreambuf_iteratorIT_T0_EES6_PKS4_S8_S8_RNS_8ios_baseES4_[_ZNSt3__116__pad_and_outputIcNS_11char_traitsIcEEEENS_19ostreambuf_iteratorIT_T0_EES6_PKS4_S8_S8_RNS_8ios_baseES4_]+0xf0): undefined reference to `operator delete(void*)'
#20 314.4 /usr/bin/ld: afl_driver.cpp:(.text._ZNSt3__116__pad_and_outputIcNS_11char_traitsIcEEEENS_19ostreambuf_iteratorIT_T0_EES6_PKS4_S8_S8_RNS_8ios_baseES4_[_ZNSt3__116__pad_and_outputIcNS_11char_traitsIcEEEENS_19ostreambuf_iteratorIT_T0_EES6_PKS4_S8_S8_RNS_8ios_baseES4_]+0x145): undefined reference to `operator delete(void*)'
#20 314.4 /usr/bin/ld: /libAFL.a(afl_driver.o): in function `std::__1::__vector_base<char, std::__1::allocator<char> >::__throw_length_error() const':
#20 314.4 afl_driver.cpp:(.text._ZNKSt3__113__vector_baseIcNS_9allocatorIcEEE20__throw_length_errorEv[_ZNKSt3__113__vector_baseIcNS_9allocatorIcEEE20__throw_length_errorEv]+0x2): undefined reference to `std::__1::__vector_base_common<true>::__throw_length_error() const'
#20 314.4 /usr/bin/ld: /libAFL.a(afl_driver.o): in function `std::__1::basic_ifstream<char, std::__1::char_traits<char> >::~basic_ifstream()':
#20 314.4 afl_driver.cpp:(.text._ZNSt3__114basic_ifstreamIcNS_11char_traitsIcEEED2Ev[_ZNSt3__114basic_ifstreamIcNS_11char_traitsIcEEED2Ev]+0x37): undefined reference to `std::__1::basic_istream<char, std::__1::char_traits<char> >::~basic_istream()'
#20 314.4 /usr/bin/ld: /libAFL.a(afl_driver.o):(.rodata._ZTCNSt3__114basic_ifstreamIcNS_11char_traitsIcEEEE0_NS_13basic_istreamIcS2_EE[_ZTCNSt3__114basic_ifstreamIcNS_11char_traitsIcEEEE0_NS_13basic_istreamIcS2_EE]+0x10): undefined reference to `typeinfo for std::__1::basic_istream<char, std::__1::char_traits<char> >'
#20 314.4 /usr/bin/ld: /libAFL.a(afl_driver.o):(.rodata._ZTCNSt3__114basic_ifstreamIcNS_11char_traitsIcEEEE0_NS_13basic_istreamIcS2_EE[_ZTCNSt3__114basic_ifstreamIcNS_11char_traitsIcEEEE0_NS_13basic_istreamIcS2_EE]+0x18): undefined reference to `std::__1::basic_istream<char, std::__1::char_traits<char> >::~basic_istream()'
#20 314.4 /usr/bin/ld: /libAFL.a(afl_driver.o):(.rodata._ZTCNSt3__114basic_ifstreamIcNS_11char_traitsIcEEEE0_NS_13basic_istreamIcS2_EE[_ZTCNSt3__114basic_ifstreamIcNS_11char_traitsIcEEEE0_NS_13basic_istreamIcS2_EE]+0x20): undefined reference to `std::__1::basic_istream<char, std::__1::char_traits<char> >::~basic_istream()'
#20 314.4 /usr/bin/ld: /libAFL.a(afl_driver.o):(.rodata._ZTCNSt3__114basic_ifstreamIcNS_11char_traitsIcEEEE0_NS_13basic_istreamIcS2_EE[_ZTCNSt3__114basic_ifstreamIcNS_11char_traitsIcEEEE0_NS_13basic_istreamIcS2_EE]+0x38): undefined reference to `typeinfo for std::__1::basic_istream<char, std::__1::char_traits<char> >'
#20 314.4 /usr/bin/ld: /libAFL.a(afl_driver.o):(.rodata._ZTCNSt3__114basic_ifstreamIcNS_11char_traitsIcEEEE0_NS_13basic_istreamIcS2_EE[_ZTCNSt3__114basic_ifstreamIcNS_11char_traitsIcEEEE0_NS_13basic_istreamIcS2_EE]+0x40): undefined reference to `virtual thunk to std::__1::basic_istream<char, std::__1::char_traits<char> >::~basic_istream()'
#20 314.4 /usr/bin/ld: /libAFL.a(afl_driver.o):(.rodata._ZTCNSt3__114basic_ifstreamIcNS_11char_traitsIcEEEE0_NS_13basic_istreamIcS2_EE[_ZTCNSt3__114basic_ifstreamIcNS_11char_traitsIcEEEE0_NS_13basic_istreamIcS2_EE]+0x48): undefined reference to `virtual thunk to std::__1::basic_istream<char, std::__1::char_traits<char> >::~basic_istream()'
#20 314.4 /usr/bin/ld: /libAFL.a(afl_driver.o):(.rodata._ZTINSt3__114basic_ifstreamIcNS_11char_traitsIcEEEE[_ZTINSt3__114basic_ifstreamIcNS_11char_traitsIcEEEE]+0x0): undefined reference to `vtable for __cxxabiv1::__si_class_type_info'
#20 314.4 /usr/bin/ld: /libAFL.a(afl_driver.o):(.rodata._ZTINSt3__114basic_ifstreamIcNS_11char_traitsIcEEEE[_ZTINSt3__114basic_ifstreamIcNS_11char_traitsIcEEEE]+0x10): undefined reference to `typeinfo for std::__1::basic_istream<char, std::__1::char_traits<char> >'
#20 314.4 /usr/bin/ld: /libAFL.a(afl_driver.o):(.rodata._ZTVNSt3__113basic_filebufIcNS_11char_traitsIcEEEE[_ZTVNSt3__113basic_filebufIcNS_11char_traitsIcEEEE]+0x48): undefined reference to `std::__1::basic_streambuf<char, std::__1::char_traits<char> >::showmanyc()'
#20 314.4 /usr/bin/ld: /libAFL.a(afl_driver.o):(.rodata._ZTVNSt3__113basic_filebufIcNS_11char_traitsIcEEEE[_ZTVNSt3__113basic_filebufIcNS_11char_traitsIcEEEE]+0x50): undefined reference to `std::__1::basic_streambuf<char, std::__1::char_traits<char> >::xsgetn(char*, long)'
#20 314.4 /usr/bin/ld: /libAFL.a(afl_driver.o):(.rodata._ZTVNSt3__113basic_filebufIcNS_11char_traitsIcEEEE[_ZTVNSt3__113basic_filebufIcNS_11char_traitsIcEEEE]+0x60): undefined reference to `std::__1::basic_streambuf<char, std::__1::char_traits<char> >::uflow()'
#20 314.4 /usr/bin/ld: /libAFL.a(afl_driver.o):(.rodata._ZTVNSt3__113basic_filebufIcNS_11char_traitsIcEEEE[_ZTVNSt3__113basic_filebufIcNS_11char_traitsIcEEEE]+0x70): undefined reference to `std::__1::basic_streambuf<char, std::__1::char_traits<char> >::xsputn(char const*, long)'
#20 314.4 /usr/bin/ld: /libAFL.a(afl_driver.o):(.rodata._ZTINSt3__113basic_filebufIcNS_11char_traitsIcEEEE[_ZTINSt3__113basic_filebufIcNS_11char_traitsIcEEEE]+0x0): undefined reference to `vtable for __cxxabiv1::__si_class_type_info'
#20 314.4 /usr/bin/ld: /libAFL.a(afl_driver.o):(.rodata._ZTINSt3__113basic_filebufIcNS_11char_traitsIcEEEE[_ZTINSt3__113basic_filebufIcNS_11char_traitsIcEEEE]+0x10): undefined reference to `typeinfo for std::__1::basic_streambuf<char, std::__1::char_traits<char> >'
#20 314.4 /usr/bin/ld: /libAFL.a(afl_driver.o):(.eh_frame+0x37b): undefined reference to `__gxx_personality_v0'
#20 314.5 clang-14: error: linker command failed with exit code 1 (use -v to see invocation)
#20 314.5 make[2]: *** [tests/internal/fuzzers/CMakeFiles/flb-it-fuzz-record_ac_fuzzer_OSSFUZZ.dir/build.make:196: bin/flb-it-fuzz-record_ac_fuzzer_OSSFUZZ] Error 1
#20 314.5 make[1]: *** [CMakeFiles/Makefile2:6155: tests/internal/fuzzers/CMakeFiles/flb-it-fuzz-record_ac_fuzzer_OSSFUZZ.dir/all] Error 2
#20 314.5 make: *** [Makefile:166: all] Error 2
#20 314.5 Traceback (most recent call last):
#20 314.5   File "<string>", line 1, in <module>
#20 314.5   File "/src/fuzzers/afl/fuzzer.py", line 40, in build
#20 314.5     utils.build_benchmark()
#20 314.5   File "/src/fuzzers/utils.py", line 82, in build_benchmark
#20 314.5     subprocess.check_call(['/bin/bash', '-ex', build_script], env=env)
#20 314.5   File "/usr/local/lib/python3.8/subprocess.py", line 364, in check_call
#20 314.5     raise CalledProcessError(retcode, cmd)
#20 314.5 subprocess.CalledProcessError: Command '['/bin/bash', '-ex', '/src/build.sh']' returned non-zero exit status 2.
------
 > importing cache manifest from gcr.io/fuzzbench/builders/afl/fluent-bit_fluent-bit:
------
executor failed running [/bin/sh -c echo "Run fuzzer_build to build the target" && if [ -z "$debug_builder" ] ; then fuzzer_build; fi]: exit code: 1
#20 ERROR: executor failed running [/bin/sh -c echo "Run fuzzer_build to build the target" && if [ -z "$debug_builder" ] ; then fuzzer_build; fi]: exit code: 1
------
 > importing cache manifest from gcr.io/fuzzbench/builders/afl/fluent-bit_fluent-bit:
------
------
 > [stage-1 13/13] RUN echo "Run fuzzer_build to build the target" && if [ -z "$debug_builder" ] ; then fuzzer_build; fi:
------
executor failed running [/bin/sh -c echo "Run fuzzer_build to build the target" && if [ -z "$debug_builder" ] ; then fuzzer_build; fi]: exit code: 1
make: *** [docker/generated.mk:2723845: .afl-fluent-bit_fluent-bit-builder] Error 1
make: *** [docker/generated.mk:2723845: .afl-fluent-bit_fluent-bit-builder] Error 1
