WARNING:root:gcloud not found in PATH.
INFO:root:Successfully integrated benchmark: opencv_generateusergallerycollage_fuzzer.
INFO:root:Please run "make test-run-afl-opencv_generateusergallerycollage_fuzzer" to test integration.
#1 [internal] load build definition from Dockerfile
#1 sha256:d146157b4b1f8b61c7125623ec1a814cf5f8255d2a53e911b2f1d094d374d1e1
#1 transferring dockerfile: 32B done
#1 DONE 0.0s

#2 [internal] load .dockerignore
#2 sha256:311ae9af35fb2b0bc4607922eac9c29310bcb8dc9029fedbdf3fb5cc2fc7ebe7
#2 transferring context: 2B done
#2 DONE 0.1s

#3 [internal] load metadata for gcr.io/oss-fuzz-base/base-builder:latest
#3 sha256:f10dc39cc9d418a5bc416dead31a1902b6821fdae909cd3b08f7a3fd1faba7b5
#3 DONE 0.5s

#5 [1/6] FROM gcr.io/oss-fuzz-base/base-builder@sha256:112044a9815d235113677d459cf2ece740a51f2b85081c8f66943dcdc72ddf7f
#5 sha256:4aee4bf9f7280ac8b7f02b8d29e6e084dd034d2c294b4e3e05d8ce7048a1450f
#5 DONE 0.0s

#9 [internal] load build context
#9 sha256:704b4eced7f99fba4dc5e9f9a03adab1d118ffd3157860a20ec74bce75a81695
#9 DONE 0.0s

#4 importing cache manifest from gcr.io/fuzzbench/builders/benchmark/opencv_generateusergallerycollage_fuzzer
#4 sha256:d71bf166b0b2a68b95929295b9265058e2af7190e7f18fc1964b92c41626a65c
#4 ERROR: gcr.io/fuzzbench/builders/benchmark/opencv_generateusergallerycollage_fuzzer:latest: not found

#9 [internal] load build context
#9 sha256:704b4eced7f99fba4dc5e9f9a03adab1d118ffd3157860a20ec74bce75a81695
#9 transferring context: 2.18kB done
#9 DONE 0.0s

#8 [4/6] WORKDIR opencv/
#8 sha256:fda6c4b7e211bdd8ec1ae001cbb40929be694af912454da7105b1ff5a7d1ef7e
#8 CACHED

#10 [5/6] COPY build.sh /src/
#10 sha256:45cc2e6b9a47fc6bfff93022d6c7bebc4351736ffb1350e552797aed771a1ef2
#10 CACHED

#6 [2/6] RUN apt-get update && apt-get install -y build-essential cmake pkg-config
#6 sha256:5b4cdd543f7676d762d91b87c637b12e81d197a5de05812a3f0a2dc7aead2436
#6 CACHED

#7 [3/6] RUN git clone --depth 1 https://github.com/opencv/opencv.git opencv
#7 sha256:59a9fb61118231e7c2a207bca2277cafcfad95bb7e22f5ee768b2c0e041e7f83
#7 CACHED

#11 [6/6] COPY *.cc *.h /src/
#11 sha256:92dc9b77691878d14d96f42085cd8f662237b8ea131bca38829aa9beec1a9e2c
#11 CACHED

#12 exporting to image
#12 sha256:e8c613e07b0b7ff33893b694f7759a10d42e180f2b4dc349fb57dc6b71dcab00
#12 exporting layers done
#12 writing image sha256:8a497c7e790611b7a92bb9829260fb3a936252ecb7d9088bba013e8d2b52277b
#12 writing image sha256:8a497c7e790611b7a92bb9829260fb3a936252ecb7d9088bba013e8d2b52277b done
#12 naming to gcr.io/fuzzbench/builders/benchmark/opencv_generateusergallerycollage_fuzzer done
#12 DONE 0.1s

#13 exporting cache
#13 sha256:2700d4ef94dee473593c5c614b55b2dedcca7893909811a8f2b48291a1f581e4
#13 preparing build cache for export done
#13 DONE 0.0s
------
 > importing cache manifest from gcr.io/fuzzbench/builders/benchmark/opencv_generateusergallerycollage_fuzzer:
------
#1 [internal] load build definition from builder.Dockerfile
#1 sha256:e1e2ed28488e6427b5f5f8303ea1f1b4411ff3c5f42c99ab0b4d739aa844160e
#1 transferring dockerfile: 46B done
#1 DONE 0.0s

#2 [internal] load .dockerignore
#2 sha256:651ecd8ff76b678f9b63d52eecb2190a299fa1066d1eb660f16a3390e0cda0b6
#2 transferring context: 2B done
#2 DONE 0.0s

#3 [internal] load metadata for gcr.io/fuzzbench/builders/benchmark/opencv_generateusergallerycollage_fuzzer:latest
#3 sha256:fabc62fef2138ec664deb40751b6b5fba6ea4cface0f43e61a43b04213b1658b
#3 DONE 0.0s

#7 [1/3] FROM gcr.io/fuzzbench/builders/benchmark/opencv_generateusergallerycollage_fuzzer
#7 sha256:0fbd196e19158c91d87c417a96efd05f042f965b6829c722836ffae245489706
#7 DONE 0.0s

#4 importing cache manifest from gcr.io/fuzzbench/builders/afl/opencv_generateusergallerycollage_fuzzer-intermediate
#4 sha256:603625bcc17028cc78bd5a686f60058a4f6238ebc061a5d1c226dcd92c4bafab
#4 ERROR: gcr.io/fuzzbench/builders/afl/opencv_generateusergallerycollage_fuzzer-intermediate:latest: not found

#5 [2/3] RUN git clone https://github.com/google/AFL.git /afl &&     cd /afl &&     git checkout 61037103ae3722c8060ff7082994836a794f978e &&     AFL_NO_X86=1 make
#5 sha256:90340012a6dc2df21b0112019312d7783dfbb0c7aba30b19bb97c073c1348af1
#5 CACHED

#6 [3/3] RUN apt-get update &&     apt-get install wget -y &&     wget https://raw.githubusercontent.com/llvm/llvm-project/5feb80e748924606531ba28c97fe65145c65372e/compiler-rt/lib/fuzzer/afl/afl_driver.cpp -O /afl/afl_driver.cpp &&     clang -Wno-pointer-sign -c /afl/llvm_mode/afl-llvm-rt.o.c -I/afl &&     clang++ -stdlib=libc++ -std=c++11 -O2 -c /afl/afl_driver.cpp &&     ar r /libAFL.a *.o
#6 sha256:1bb0e8d9d6e5f0e916907a0656a71c07875aa5695f5daeeb71ead39c138faa1a
#6 CACHED

#8 exporting to image
#8 sha256:e8c613e07b0b7ff33893b694f7759a10d42e180f2b4dc349fb57dc6b71dcab00
#8 exporting layers done
#8 writing image sha256:abe2b32671846efe952468466ad42dff64a887ab71f481b7118d3c0190ecbd7a done
#8 naming to gcr.io/fuzzbench/builders/afl/opencv_generateusergallerycollage_fuzzer-intermediate
#8 naming to gcr.io/fuzzbench/builders/afl/opencv_generateusergallerycollage_fuzzer-intermediate done
#8 DONE 0.1s

#9 exporting cache
#9 sha256:2700d4ef94dee473593c5c614b55b2dedcca7893909811a8f2b48291a1f581e4
#9 preparing build cache for export done
#9 DONE 0.0s
------
 > importing cache manifest from gcr.io/fuzzbench/builders/afl/opencv_generateusergallerycollage_fuzzer-intermediate:
------
#1 [internal] load build definition from Dockerfile
#1 sha256:666d42fafc03815fcb07a13ac38712115e746962823d34bd3da260e861a73db9
#1 transferring dockerfile: 2.00kB done
#1 DONE 0.0s

#2 [internal] load .dockerignore
#2 sha256:47e11e905c0bee3195ebe1710f4da2b3101b6d283413cc809ed2bfd06d74807c
#2 transferring context: 34B 0.0s done
#2 DONE 0.0s

#3 [internal] load metadata for docker.io/library/ubuntu:xenial
#3 sha256:f62bae18ed588840f045c881b2502661f2a89578a2f8f99b83f5200ee83dd25b
#3 DONE 0.0s

#11 [1/7] FROM docker.io/library/ubuntu:xenial
#11 sha256:14dd403f25ae9e519bd44f27dc17af7ce80f5a4f9f48ca88108364e67ec5d360
#11 DONE 0.0s

#12 importing cache manifest from gcr.io/fuzzbench/base-image
#12 sha256:9b220ebb4d4daceed1b96df9b6dca076e762f1cd612574f010b82d5b9e5ad896
#12 DONE 0.0s

#6 [internal] load build context
#6 sha256:2ac1d1e7bb273d1adf53d115ef5dc4bf06418abba2b7a39538e3964633c5de75
#6 transferring context: 559B 0.0s done
#6 DONE 0.1s

#9 [6/7] RUN apt-get update -y && apt-get install -y     apt-transport-https     lsb-release
#9 sha256:459442ba4953bc9aa0366575c217481f4749cdad56e634e66b2a69d2c4853a59
#9 CACHED

#4 [2/7] RUN apt-get update -y && apt-get install -y     build-essential     rsync     curl     zlib1g-dev     libncurses5-dev     libgdbm-dev     libnss3-dev     libssl-dev     libreadline-dev     libffi-dev     virtualenv     libbz2-dev     liblzma-dev     libsqlite3-dev
#4 sha256:3a1b0960f17eed529eaae93dc8fd3554f2743dd584d8fa569cdbe6bc734371ac
#4 CACHED

#8 [5/7] RUN pip3 install -r /requirements.txt
#8 sha256:71d2b07bbd33b08d2563160e2d2af0b3a18aaec255bf88e0edd6a11e7d8b0b33
#8 CACHED

#7 [4/7] COPY ./requirements.txt /
#7 sha256:53281f81e9e5282161088376fcd548fd0cf3f4b29bbb5f9ffd52093d755d4a75
#7 CACHED

#5 [3/7] RUN cd /tmp/ &&     curl -O https://www.python.org/ftp/python/3.8.6/Python-3.8.6.tar.xz &&     tar -xvf Python-3.8.6.tar.xz &&     cd Python-3.8.6 &&     ./configure --enable-loadable-sqlite-extensions --enable-optimizations &&     make -j install &&     rm -r /tmp/Python-3.8.6.tar.xz /tmp/Python-3.8.6
#5 sha256:c5b9d1fb3371e84dbc60b76e7b2f8d5913bc93bcd4910ab65daa03e7b2ec4bb0
#5 CACHED

#10 [7/7] RUN CLOUD_SDK_REPO="cloud-sdk-$(lsb_release -c -s)" &&     echo "deb https://packages.cloud.google.com/apt $CLOUD_SDK_REPO main"     | tee -a /etc/apt/sources.list.d/google-cloud-sdk.list &&     curl https://packages.cloud.google.com/apt/doc/apt-key.gpg     | apt-key add - &&     apt-get update -y &&     apt-get install -y google-cloud-sdk
#10 sha256:783f7de3c5d9e60a6053108b793a67fee996e7cf54414b8de7ac2db2fd096d98
#10 CACHED

#13 exporting to image
#13 sha256:e8c613e07b0b7ff33893b694f7759a10d42e180f2b4dc349fb57dc6b71dcab00
#13 exporting layers done
#13 writing image sha256:55e5825902805b10e1ba0cd27e4af0d82c25f9e225d6218342d4b6474bd3ddae done
#13 naming to gcr.io/fuzzbench/base-image done
#13 DONE 0.0s

#14 exporting cache
#14 sha256:2700d4ef94dee473593c5c614b55b2dedcca7893909811a8f2b48291a1f581e4
#14 preparing build cache for export done
#14 DONE 0.0s
#1 [internal] load build definition from Dockerfile
#1 sha256:c659dfeb6574d0a838b87becae2b436b15bb345fffd0a789527111efeca62ee0
#1 transferring dockerfile: 2.22kB done
#1 DONE 0.0s

#2 [internal] load .dockerignore
#2 sha256:ca49d07738ca6617c68b30b8aade601faa7794d1751969a4af86d24befb288c2
#2 transferring context: 34B done
#2 DONE 0.1s

#7 [base-image 1/1] FROM gcr.io/fuzzbench/base-image
#7 sha256:4d07825694520f8b6f6a0d8592dbd345433361ae044cb7f06706c5a95e3daaad
#7 DONE 1.0s

#6 [stage-1  1/13] FROM gcr.io/fuzzbench/builders/afl/opencv_generateusergallerycollage_fuzzer-intermediate
#6 sha256:482cd864bdebfa3f697a55905475fed01cb8f0525d11f728183b5e83d712d41e
#6 DONE 0.0s

#3 [internal] load metadata for gcr.io/fuzzbench/builders/afl/opencv_generateusergallerycollage_fuzzer-intermediate:latest
#3 sha256:6d745075288ac304aff20a31dabd96d7d5e69b633101539ecb59977bd0f124fb
#3 DONE 0.0s

#4 [internal] load metadata for gcr.io/fuzzbench/base-image:latest
#4 sha256:932022888f650cc455b10eb5123bb08c0cccacac29a693e69314abbfd28a72c3
#4 DONE 0.0s

#12 [internal] load build context
#12 sha256:7c9497e3016562279e539bf997ee263bee157b7b20c648e3f2f6daf51da87ef3
#12 DONE 0.0s

#5 importing cache manifest from gcr.io/fuzzbench/builders/afl/opencv_generateusergallerycollage_fuzzer
#5 sha256:06a0afd637e9944aaf7dd0cf90a36a07dc7dc37202abfbd983de0eb9401131f0
#5 ERROR: gcr.io/fuzzbench/builders/afl/opencv_generateusergallerycollage_fuzzer:latest: not found

#12 [internal] load build context
#12 sha256:7c9497e3016562279e539bf997ee263bee157b7b20c648e3f2f6daf51da87ef3
#12 transferring context: 669.94kB 0.9s done
#12 DONE 1.0s

#8 [stage-1  2/13] COPY --from=base-image /usr/local/bin/python3* /usr/local/bin/
#8 sha256:43fda8408636365a734ef44e6948be3c63c3642b5edbf607916427b213108fba
#8 CACHED

#9 [stage-1  3/13] COPY --from=base-image /usr/local/lib/python3.8 /usr/local/lib/python3.8
#9 sha256:cab69279cb0d6f97167b441b58008b8ee5740451c8b9b71f31fa01fafc077254
#9 CACHED

#10 [stage-1  4/13] COPY --from=base-image /usr/local/include/python3.8 /usr/local/include/python3.8
#10 sha256:6a88f0098013a2eefd76366daddbeefebdf71110ea45262832a337e2ad8d83fc
#10 CACHED

#11 [stage-1  5/13] COPY --from=base-image /usr/local/lib/python3.8/site-packages /usr/local/lib/python3.8/site-packages
#11 sha256:4c8d1b5773f553ac4014b6de685e5a9dfbc9a10b0f1c6cf7fe03e227aa2d1829
#11 CACHED

#13 [stage-1  6/13] COPY fuzzers /src/fuzzers
#13 sha256:96ac5f7c9f736486222ac0dc087d9751f31dbe5d5007a7561129288cb1eafabe
#13 CACHED

#14 [stage-1  7/13] RUN touch /src/__init__.py
#14 sha256:3a3bdd1e754d4f5320cf6620032c3fc127e61908d4dfeb32b9c22252b2d0762e
#14 DONE 1.3s

#15 [stage-1  8/13] COPY benchmarks/opencv_generateusergallerycollage_fuzzer/benchmark.yaml /
#15 sha256:a0848d3194243bfb93a10cfed173d8fc00254840639efec2a07a4b19fcbdd219
#15 DONE 0.1s

#16 [stage-1  9/13] RUN mkdir /opt/fuzzbench/
#16 sha256:b8964352409f7db040419d2603613ca41d414648909fe4d06036a3c1731bbfb3
#16 DONE 1.2s

#17 [stage-1 10/13] COPY docker/benchmark-builder/checkout_commit.py /opt/fuzzbench/
#17 sha256:3a033f1b8946a0fff27784820ad559c609e9ac653acf8eac067034731febfed3
#17 DONE 0.1s

#18 [stage-1 11/13] RUN export CHECKOUT_COMMIT=$(cat /benchmark.yaml | tr -d ' ' | grep 'commit:' | cut -d ':' -f2) &&     python3 -u /opt/fuzzbench/checkout_commit.py $CHECKOUT_COMMIT /src
#18 sha256:e6cad42fe837c852c603e69de90cb8e3e4ad4f47a696f60459c4a97303366039
#18 1.364 Checking out commit b27c51de
#18 140.2 From https://github.com/opencv/opencv
#18 140.2  * [new tag]               2.2                  -> 2.2
#18 140.2  * [new tag]               2.4.0                -> 2.4.0
#18 140.2  * [new tag]               2.4.1                -> 2.4.1
#18 140.2  * [new tag]               2.4.10               -> 2.4.10
#18 140.2  * [new tag]               2.4.10.1             -> 2.4.10.1
#18 140.2  * [new tag]               2.4.10.2             -> 2.4.10.2
#18 140.2  * [new tag]               2.4.10.3             -> 2.4.10.3
#18 140.2  * [new tag]               2.4.10.4             -> 2.4.10.4
#18 140.2  * [new tag]               2.4.11               -> 2.4.11
#18 140.2  * [new tag]               2.4.12               -> 2.4.12
#18 140.2  * [new tag]               2.4.12.1             -> 2.4.12.1
#18 140.2  * [new tag]               2.4.12.2             -> 2.4.12.2
#18 140.2  * [new tag]               2.4.12.3             -> 2.4.12.3
#18 140.2  * [new tag]               2.4.13               -> 2.4.13
#18 140.2  * [new tag]               2.4.13.1             -> 2.4.13.1
#18 140.2  * [new tag]               2.4.2                -> 2.4.2
#18 140.2  * [new tag]               2.4.3                -> 2.4.3
#18 140.2  * [new tag]               2.4.3-rc             -> 2.4.3-rc
#18 140.2  * [new tag]               2.4.3.1              -> 2.4.3.1
#18 140.2  * [new tag]               2.4.3.2              -> 2.4.3.2
#18 140.2  * [new tag]               2.4.4                -> 2.4.4
#18 140.2  * [new tag]               2.4.4-beta           -> 2.4.4-beta
#18 140.2  * [new tag]               2.4.5                -> 2.4.5
#18 140.2  * [new tag]               2.4.6                -> 2.4.6
#18 140.2  * [new tag]               2.4.6.1              -> 2.4.6.1
#18 140.2  * [new tag]               2.4.6.2              -> 2.4.6.2
#18 140.2  * [new tag]               2.4.6.2-rc1          -> 2.4.6.2-rc1
#18 140.2  * [new tag]               2.4.7                -> 2.4.7
#18 140.2  * [new tag]               2.4.7-rc1            -> 2.4.7-rc1
#18 140.2  * [new tag]               2.4.7.1              -> 2.4.7.1
#18 140.2  * [new tag]               2.4.7.2              -> 2.4.7.2
#18 140.2  * [new tag]               2.4.8                -> 2.4.8
#18 140.2  * [new tag]               2.4.8.1              -> 2.4.8.1
#18 140.2  * [new tag]               2.4.8.2              -> 2.4.8.2
#18 140.2  * [new tag]               2.4.8.3              -> 2.4.8.3
#18 140.2  * [new tag]               2.4.9                -> 2.4.9
#18 140.2  * [new tag]               2.4.9.1              -> 2.4.9.1
#18 140.2  * [new tag]               3.0-ocl-tech-preview -> 3.0-ocl-tech-preview
#18 140.2  * [new tag]               3.0-ocl-tp2          -> 3.0-ocl-tp2
#18 140.2  * [new tag]               3.0.0                -> 3.0.0
#18 140.2  * [new tag]               3.0.0-alpha          -> 3.0.0-alpha
#18 140.2  * [new tag]               3.0.0-beta           -> 3.0.0-beta
#18 140.2  * [new tag]               3.0.0-rc1            -> 3.0.0-rc1
#18 140.2  * [new tag]               3.1.0                -> 3.1.0
#18 140.2  * [new tag]               3.2.0                -> 3.2.0
#18 140.2  * [new tag]               3.2.0-rc             -> 3.2.0-rc
#18 140.2  * [new tag]               3.3.0                -> 3.3.0
#18 140.2  * [new tag]               3.3.0-cvsdk          -> 3.3.0-cvsdk
#18 140.2  * [new tag]               3.3.0-rc             -> 3.3.0-rc
#18 140.2  * [new tag]               3.3.1                -> 3.3.1
#18 140.3  * [new tag]               3.3.1-cvsdk          -> 3.3.1-cvsdk
#18 140.3  * [new tag]               3.4.0                -> 3.4.0
#18 140.3  * [new tag]               3.4.0-rc             -> 3.4.0-rc
#18 140.3  * [new tag]               3.4.1                -> 3.4.1
#18 140.3  * [new tag]               3.4.1-cvsdk          -> 3.4.1-cvsdk
#18 140.3  * [new tag]               3.4.10               -> 3.4.10
#18 140.3  * [new tag]               3.4.11               -> 3.4.11
#18 140.3  * [new tag]               3.4.12               -> 3.4.12
#18 140.3  * [new tag]               3.4.13               -> 3.4.13
#18 140.3  * [new tag]               3.4.14               -> 3.4.14
#18 140.3  * [new tag]               3.4.15               -> 3.4.15
#18 140.3  * [new tag]               3.4.16               -> 3.4.16
#18 140.3  * [new tag]               3.4.17               -> 3.4.17
#18 140.3  * [new tag]               3.4.2                -> 3.4.2
#18 140.3  * [new tag]               3.4.2-openvino       -> 3.4.2-openvino
#18 140.3  * [new tag]               3.4.3                -> 3.4.3
#18 140.3  * [new tag]               3.4.3-openvino       -> 3.4.3-openvino
#18 140.3  * [new tag]               3.4.4                -> 3.4.4
#18 140.3  * [new tag]               3.4.5                -> 3.4.5
#18 140.3  * [new tag]               3.4.6                -> 3.4.6
#18 140.3  * [new tag]               3.4.7                -> 3.4.7
#18 140.3  * [new tag]               3.4.8                -> 3.4.8
#18 140.3  * [new tag]               3.4.9                -> 3.4.9
#18 140.3  * [new tag]               4.0.0                -> 4.0.0
#18 140.3  * [new tag]               4.0.0-alpha          -> 4.0.0-alpha
#18 140.3  * [new tag]               4.0.0-beta           -> 4.0.0-beta
#18 140.3  * [new tag]               4.0.0-openvino       -> 4.0.0-openvino
#18 140.3  * [new tag]               4.0.0-rc             -> 4.0.0-rc
#18 140.3  * [new tag]               4.0.1                -> 4.0.1
#18 140.3  * [new tag]               4.0.1-openvino       -> 4.0.1-openvino
#18 140.3  * [new tag]               4.1.0                -> 4.1.0
#18 140.3  * [new tag]               4.1.0-openvino       -> 4.1.0-openvino
#18 140.3  * [new tag]               4.1.1                -> 4.1.1
#18 140.3  * [new tag]               4.1.1-openvino       -> 4.1.1-openvino
#18 140.3  * [new tag]               4.1.2                -> 4.1.2
#18 140.3  * [new tag]               4.1.2-openvino       -> 4.1.2-openvino
#18 140.3  * [new tag]               4.2.0                -> 4.2.0
#18 140.3  * [new tag]               4.3.0                -> 4.3.0
#18 140.3  * [new tag]               4.4.0                -> 4.4.0
#18 140.3  * [new tag]               4.5.0                -> 4.5.0
#18 140.3  * [new tag]               4.5.1                -> 4.5.1
#18 140.3  * [new tag]               4.5.2                -> 4.5.2
#18 140.3  * [new tag]               4.5.3                -> 4.5.3
#18 140.3  * [new tag]               4.5.4                -> 4.5.4
#18 140.3  * [new tag]               4.5.5                -> 4.5.5
#18 140.3 error: pathspec 'b27c51de' did not match any file(s) known to git
#18 140.3 error: pathspec 'b27c51de' did not match any file(s) known to git
#18 140.4 error: pathspec 'b27c51de' did not match any file(s) known to git
#18 140.5 error: pathspec 'b27c51de' did not match any file(s) known to git
#18 140.5 error: pathspec 'b27c51de' did not match any file(s) known to git
#18 140.6 error: pathspec 'b27c51de' did not match any file(s) known to git
#18 140.6 error: pathspec 'b27c51de' did not match any file(s) known to git
#18 140.7 error: pathspec 'b27c51de' did not match any file(s) known to git
#18 140.8 error: pathspec 'b27c51de' did not match any file(s) known to git
#18 140.9 error: pathspec 'b27c51de' did not match any file(s) known to git
#18 141.0 error: pathspec 'b27c51de' did not match any file(s) known to git
#18 141.0 error: pathspec 'b27c51de' did not match any file(s) known to git
#18 141.2 error: pathspec 'b27c51de' did not match any file(s) known to git
#18 141.3 error: pathspec 'b27c51de' did not match any file(s) known to git
#18 141.3 error: pathspec 'b27c51de' did not match any file(s) known to git
#18 141.3 error: pathspec 'b27c51de' did not match any file(s) known to git
#18 141.4 error: pathspec 'b27c51de' did not match any file(s) known to git
#18 141.4 error: pathspec 'b27c51de' did not match any file(s) known to git
#18 141.5 error: pathspec 'b27c51de' did not match any file(s) known to git
#18 141.6 error: pathspec 'b27c51de' did not match any file(s) known to git
#18 141.7 error: pathspec 'b27c51de' did not match any file(s) known to git
#18 141.7 error: pathspec 'b27c51de' did not match any file(s) known to git
#18 142.0 Checkout unsuccessful.
#18 DONE 142.2s

#19 [stage-1 12/13] RUN echo "#!/bin/bash\nPYTHONPATH=/src python3 -u -c "from fuzzers import utils; utils.initialize_env(); from fuzzers.afl import fuzzer; fuzzer.build()"" > /usr/bin/fuzzer_build &&     chmod +x /usr/bin/fuzzer_build
#19 sha256:5c489aa0809e6ebf48a718707945f99f6cdbf7e7ebc0ae7d65c6470d22882539
#19 DONE 1.3s

#20 [stage-1 13/13] RUN echo "Run fuzzer_build to build the target" && if [ -z "$debug_builder" ] ; then fuzzer_build; fi
#20 sha256:30c41841df45af6bb9aee34a9ae730babe0120f14d5a11a5734d451050d5e0f7
#20 1.030 Run fuzzer_build to build the target
#20 1.445 FUZZ_TARGET = generateusergallerycollage_fuzzer
#20 1.446 CFLAGS = -DFUZZING_BUILD_MODE_UNSAFE_FOR_PRODUCTION -pthread -Wl,--no-as-needed -Wl,-ldl -Wl,-lm -Wno-unused-command-line-argument -O3
#20 1.446 CXXFLAGS = -DFUZZING_BUILD_MODE_UNSAFE_FOR_PRODUCTION -pthread -Wl,--no-as-needed -Wl,-ldl -Wl,-lm -Wno-unused-command-line-argument -stdlib=libc++ -O3
#20 1.459 Building benchmark opencv_generateusergallerycollage_fuzzer with fuzzer afl
#20 1.467 + mkdir opencv/build
#20 1.470 mkdir: cannot create directory ‘opencv/build’: No such file or directory
#20 1.471 Traceback (most recent call last):
#20 1.471   File "<string>", line 1, in <module>
#20 1.472   File "/src/fuzzers/afl/fuzzer.py", line 40, in build
#20 1.472     utils.build_benchmark()
#20 1.473   File "/src/fuzzers/utils.py", line 82, in build_benchmark
#20 1.473     subprocess.check_call(['/bin/bash', '-ex', build_script], env=env)
#20 1.474   File "/usr/local/lib/python3.8/subprocess.py", line 364, in check_call
#20 1.475     raise CalledProcessError(retcode, cmd)
#20 1.476 subprocess.CalledProcessError: Command '['/bin/bash', '-ex', '/src/build.sh']' returned non-zero exit status 1.
#20 ERROR: executor failed running [/bin/sh -c echo "Run fuzzer_build to build the target" && if [ -z "$debug_builder" ] ; then fuzzer_build; fi]: exit code: 1
------
 > importing cache manifest from gcr.io/fuzzbench/builders/afl/opencv_generateusergallerycollage_fuzzer:
------
------
 > [stage-1 13/13] RUN echo "Run fuzzer_build to build the target" && if [ -z "$debug_builder" ] ; then fuzzer_build; fi:
------
executor failed running [/bin/sh -c echo "Run fuzzer_build to build the target" && if [ -z "$debug_builder" ] ; then fuzzer_build; fi]: exit code: 1
make: *** [docker/generated.mk:2854229: .afl-opencv_generateusergallerycollage_fuzzer-builder] Error 1
/bin/sh: 1: source: not found
#1 [internal] load build definition from Dockerfile
#1 sha256:59118b8f21402cb6529f49a38cde4bf4a54e63b02a4ad697f82f423fb1ae72a5
#1 transferring dockerfile: 32B done
#1 DONE 0.0s

#2 [internal] load .dockerignore
#2 sha256:b05b85fe81b25c1620fc85b89282859e9f3874bd9534d466e600bf981e29309e
#2 transferring context: 2B 0.0s done
#2 DONE 0.0s

#3 [internal] load metadata for gcr.io/oss-fuzz-base/base-builder:latest
#3 sha256:f10dc39cc9d418a5bc416dead31a1902b6821fdae909cd3b08f7a3fd1faba7b5
#3 DONE 0.5s

#10 [1/6] FROM gcr.io/oss-fuzz-base/base-builder@sha256:112044a9815d235113677d459cf2ece740a51f2b85081c8f66943dcdc72ddf7f
#10 sha256:4aee4bf9f7280ac8b7f02b8d29e6e084dd034d2c294b4e3e05d8ce7048a1450f
#10 DONE 0.0s

#4 importing cache manifest from gcr.io/fuzzbench/builders/benchmark/opencv_generateusergallerycollage_fuzzer
#4 sha256:d71bf166b0b2a68b95929295b9265058e2af7190e7f18fc1964b92c41626a65c
#4 DONE 0.0s

#11 [internal] load build context
#11 sha256:b9eb63fdfabe9ffdacd3882404a95089fa96fddb0edf71fbc966245e9ae464a1
#11 transferring context: 429B done
#11 DONE 0.0s

#8 [5/6] COPY build.sh /src/
#8 sha256:031096758b5a6f0abc46e36a2779b93740841b2d5f671dffd2d92ca130b255a9
#8 CACHED

#6 [3/6] RUN git clone --depth 1 https://github.com/opencv/opencv.git opencv
#6 sha256:59a9fb61118231e7c2a207bca2277cafcfad95bb7e22f5ee768b2c0e041e7f83
#6 CACHED

#7 [4/6] WORKDIR opencv/
#7 sha256:fda6c4b7e211bdd8ec1ae001cbb40929be694af912454da7105b1ff5a7d1ef7e
#7 CACHED

#5 [2/6] RUN apt-get update && apt-get install -y build-essential cmake pkg-config
#5 sha256:5b4cdd543f7676d762d91b87c637b12e81d197a5de05812a3f0a2dc7aead2436
#5 CACHED

#9 [6/6] COPY *.cc *.h /src/
#9 sha256:eb58f24e3b9ac541952d514dd80a450d29ba540b32596040f8d509bcff2c00ef
#9 CACHED

#12 exporting to image
#12 sha256:e8c613e07b0b7ff33893b694f7759a10d42e180f2b4dc349fb57dc6b71dcab00
#12 exporting layers done
#12 writing image sha256:8a497c7e790611b7a92bb9829260fb3a936252ecb7d9088bba013e8d2b52277b
#12 writing image sha256:8a497c7e790611b7a92bb9829260fb3a936252ecb7d9088bba013e8d2b52277b done
#12 naming to gcr.io/fuzzbench/builders/benchmark/opencv_generateusergallerycollage_fuzzer done
#12 DONE 0.1s

#13 exporting cache
#13 sha256:2700d4ef94dee473593c5c614b55b2dedcca7893909811a8f2b48291a1f581e4
#13 preparing build cache for export done
#13 DONE 0.0s
#1 [internal] load build definition from builder.Dockerfile
#1 sha256:8fcfee82ba225cf5f507b3701ec5780a3aa535a6212b22857e0037c23e86565f
#1 transferring dockerfile: 46B done
#1 DONE 0.0s

#2 [internal] load .dockerignore
#2 sha256:c9a4cb88a7309a5efa9b576c56f82d8ae5ccbdf9da9250dc7f9780f7b298a5fe
#2 transferring context: 2B done
#2 DONE 0.0s

#3 [internal] load metadata for gcr.io/fuzzbench/builders/benchmark/opencv_generateusergallerycollage_fuzzer:latest
#3 sha256:fabc62fef2138ec664deb40751b6b5fba6ea4cface0f43e61a43b04213b1658b
#3 DONE 0.0s

#7 [1/3] FROM gcr.io/fuzzbench/builders/benchmark/opencv_generateusergallerycollage_fuzzer
#7 sha256:0fbd196e19158c91d87c417a96efd05f042f965b6829c722836ffae245489706
#7 DONE 0.0s

#6 importing cache manifest from gcr.io/fuzzbench/builders/afl/opencv_generateusergallerycollage_fuzzer-intermediate
#6 sha256:603625bcc17028cc78bd5a686f60058a4f6238ebc061a5d1c226dcd92c4bafab
#6 DONE 0.0s

#4 [2/3] RUN git clone https://github.com/google/AFL.git /afl &&     cd /afl &&     git checkout 61037103ae3722c8060ff7082994836a794f978e &&     AFL_NO_X86=1 make
#4 sha256:90340012a6dc2df21b0112019312d7783dfbb0c7aba30b19bb97c073c1348af1
#4 CACHED

#5 [3/3] RUN apt-get update &&     apt-get install wget -y &&     wget https://raw.githubusercontent.com/llvm/llvm-project/5feb80e748924606531ba28c97fe65145c65372e/compiler-rt/lib/fuzzer/afl/afl_driver.cpp -O /afl/afl_driver.cpp &&     clang -Wno-pointer-sign -c /afl/llvm_mode/afl-llvm-rt.o.c -I/afl &&     clang++ -stdlib=libc++ -std=c++11 -O2 -c /afl/afl_driver.cpp &&     ar r /libAFL.a *.o
#5 sha256:1bb0e8d9d6e5f0e916907a0656a71c07875aa5695f5daeeb71ead39c138faa1a
#5 CACHED

#8 exporting to image
#8 sha256:e8c613e07b0b7ff33893b694f7759a10d42e180f2b4dc349fb57dc6b71dcab00
#8 exporting layers done
#8 writing image sha256:abe2b32671846efe952468466ad42dff64a887ab71f481b7118d3c0190ecbd7a
#8 writing image sha256:abe2b32671846efe952468466ad42dff64a887ab71f481b7118d3c0190ecbd7a done
#8 naming to gcr.io/fuzzbench/builders/afl/opencv_generateusergallerycollage_fuzzer-intermediate done
#8 DONE 0.1s

#9 exporting cache
#9 sha256:2700d4ef94dee473593c5c614b55b2dedcca7893909811a8f2b48291a1f581e4
#9 preparing build cache for export done
#9 DONE 0.0s
#1 [internal] load build definition from Dockerfile
#1 sha256:e274a9ffd8e177188dbe98558dd33586fccfd92e98d533097363d547afae69b7
#1 transferring dockerfile: 2.00kB done
#1 DONE 0.1s

#2 [internal] load .dockerignore
#2 sha256:db2f3b54beb1a39f5b631e5307ee7548d209a72e8073c08b182640468db32a41
#2 transferring context: 34B 0.0s done
#2 DONE 0.1s

#3 [internal] load metadata for docker.io/library/ubuntu:xenial
#3 sha256:f62bae18ed588840f045c881b2502661f2a89578a2f8f99b83f5200ee83dd25b
#3 DONE 0.0s

#12 importing cache manifest from gcr.io/fuzzbench/base-image
#12 sha256:9b220ebb4d4daceed1b96df9b6dca076e762f1cd612574f010b82d5b9e5ad896
#12 DONE 0.0s

#4 [1/7] FROM docker.io/library/ubuntu:xenial
#4 sha256:14dd403f25ae9e519bd44f27dc17af7ce80f5a4f9f48ca88108364e67ec5d360
#4 DONE 0.0s

#7 [internal] load build context
#7 sha256:12a4d9151f013bacc70511b37027fbdafb2ee60edd9768e7a01d3aea55446105
#7 transferring context: 559B 0.0s done
#7 DONE 0.1s

#9 [5/7] RUN pip3 install -r /requirements.txt
#9 sha256:7262c5e35c05b1edb747249b953f74d68dcbb4642d4cc9321cbd4cb2150165d5
#9 CACHED

#10 [6/7] RUN apt-get update -y && apt-get install -y     apt-transport-https     lsb-release
#10 sha256:d11471ca40d654df0c5f8b6ffa54e46e0ffe4a2c930a2b4e9d2d247b066f5516
#10 CACHED

#5 [2/7] RUN apt-get update -y && apt-get install -y     build-essential     rsync     curl     zlib1g-dev     libncurses5-dev     libgdbm-dev     libnss3-dev     libssl-dev     libreadline-dev     libffi-dev     virtualenv     libbz2-dev     liblzma-dev     libsqlite3-dev
#5 sha256:3a1b0960f17eed529eaae93dc8fd3554f2743dd584d8fa569cdbe6bc734371ac
#5 CACHED

#6 [3/7] RUN cd /tmp/ &&     curl -O https://www.python.org/ftp/python/3.8.6/Python-3.8.6.tar.xz &&     tar -xvf Python-3.8.6.tar.xz &&     cd Python-3.8.6 &&     ./configure --enable-loadable-sqlite-extensions --enable-optimizations &&     make -j install &&     rm -r /tmp/Python-3.8.6.tar.xz /tmp/Python-3.8.6
#6 sha256:c5b9d1fb3371e84dbc60b76e7b2f8d5913bc93bcd4910ab65daa03e7b2ec4bb0
#6 CACHED

#8 [4/7] COPY ./requirements.txt /
#8 sha256:d4201b8cdaa0b989f6c5eb49b3219dcc180b384383fe414e30d3f0cab2490e8d
#8 CACHED

#11 [7/7] RUN CLOUD_SDK_REPO="cloud-sdk-$(lsb_release -c -s)" &&     echo "deb https://packages.cloud.google.com/apt $CLOUD_SDK_REPO main"     | tee -a /etc/apt/sources.list.d/google-cloud-sdk.list &&     curl https://packages.cloud.google.com/apt/doc/apt-key.gpg     | apt-key add - &&     apt-get update -y &&     apt-get install -y google-cloud-sdk
#11 sha256:4f56c47a0470768f68b6ee52af3b587f4782cbaad6ddb6f546d8c9c20887a7b2
#11 CACHED

#13 exporting to image
#13 sha256:e8c613e07b0b7ff33893b694f7759a10d42e180f2b4dc349fb57dc6b71dcab00
#13 exporting layers done
#13 writing image sha256:55e5825902805b10e1ba0cd27e4af0d82c25f9e225d6218342d4b6474bd3ddae
#13 writing image sha256:55e5825902805b10e1ba0cd27e4af0d82c25f9e225d6218342d4b6474bd3ddae done
#13 naming to gcr.io/fuzzbench/base-image done
#13 DONE 0.0s

#14 exporting cache
#14 sha256:2700d4ef94dee473593c5c614b55b2dedcca7893909811a8f2b48291a1f581e4
#14 preparing build cache for export done
#14 DONE 0.0s
#1 [internal] load build definition from Dockerfile
#1 sha256:980269ade20915a6c55706aa03a4077fb78dbf998c11b7f5edf95ef6f58ee64d
#1 transferring dockerfile: 2.22kB done
#1 DONE 0.0s

#2 [internal] load .dockerignore
#2 sha256:210490ca3d76f704a554923e5972a55444c0d5addffedf87daed3289a6878d89
#2 transferring context: 34B 0.0s done
#2 DONE 0.0s

#3 [internal] load metadata for gcr.io/fuzzbench/builders/afl/opencv_generateusergallerycollage_fuzzer-intermediate:latest
#3 sha256:6d745075288ac304aff20a31dabd96d7d5e69b633101539ecb59977bd0f124fb
#3 DONE 0.0s

#4 [internal] load metadata for gcr.io/fuzzbench/base-image:latest
#4 sha256:932022888f650cc455b10eb5123bb08c0cccacac29a693e69314abbfd28a72c3
#4 DONE 0.0s

#6 [base-image 1/1] FROM gcr.io/fuzzbench/base-image
#6 sha256:4d07825694520f8b6f6a0d8592dbd345433361ae044cb7f06706c5a95e3daaad
#6 DONE 1.0s

#5 [stage-1  1/13] FROM gcr.io/fuzzbench/builders/afl/opencv_generateusergallerycollage_fuzzer-intermediate
#5 sha256:482cd864bdebfa3f697a55905475fed01cb8f0525d11f728183b5e83d712d41e
#5 DONE 0.0s

#11 [internal] load build context
#11 sha256:4f0dcd112d482255cd807ef0a0a30d3600766c2d0f224cbb4adaf22f6deb87e8
#11 DONE 0.0s

#20 importing cache manifest from gcr.io/fuzzbench/builders/afl/opencv_generateusergallerycollage_fuzzer
#20 sha256:06a0afd637e9944aaf7dd0cf90a36a07dc7dc37202abfbd983de0eb9401131f0
#20 ERROR: gcr.io/fuzzbench/builders/afl/opencv_generateusergallerycollage_fuzzer:latest: not found

#11 [internal] load build context
#11 sha256:4f0dcd112d482255cd807ef0a0a30d3600766c2d0f224cbb4adaf22f6deb87e8
#11 transferring context: 669.94kB 0.3s done
#11 DONE 0.3s

#9 [stage-1  4/13] COPY --from=base-image /usr/local/include/python3.8 /usr/local/include/python3.8
#9 sha256:6a88f0098013a2eefd76366daddbeefebdf71110ea45262832a337e2ad8d83fc
#9 CACHED

#10 [stage-1  5/13] COPY --from=base-image /usr/local/lib/python3.8/site-packages /usr/local/lib/python3.8/site-packages
#10 sha256:4c8d1b5773f553ac4014b6de685e5a9dfbc9a10b0f1c6cf7fe03e227aa2d1829
#10 CACHED

#12 [stage-1  6/13] COPY fuzzers /src/fuzzers
#12 sha256:49a33df8a04ced4f81fc415626a536e761d7ca90fce0c4c12a7f53d352598a5c
#12 CACHED

#7 [stage-1  2/13] COPY --from=base-image /usr/local/bin/python3* /usr/local/bin/
#7 sha256:43fda8408636365a734ef44e6948be3c63c3642b5edbf607916427b213108fba
#7 CACHED

#8 [stage-1  3/13] COPY --from=base-image /usr/local/lib/python3.8 /usr/local/lib/python3.8
#8 sha256:cab69279cb0d6f97167b441b58008b8ee5740451c8b9b71f31fa01fafc077254
#8 CACHED

#13 [stage-1  7/13] RUN touch /src/__init__.py
#13 sha256:9408e95d5e7d2c6825f425e5811c4e023fd5ce2e55615d0da78e919cbdf5cb49
#13 DONE 1.6s

#14 [stage-1  8/13] COPY benchmarks/opencv_generateusergallerycollage_fuzzer/benchmark.yaml /
#14 sha256:2202725d106218ed275a465e735bac7d65cdc2af24d7a50e85560ee821a42131
#14 DONE 0.2s

#15 [stage-1  9/13] RUN mkdir /opt/fuzzbench/
#15 sha256:abdd1a64e54b0a0fef18bcd646d8d39ff6e20d13865875c4b954d4b76bf99892
#15 DONE 1.1s

#16 [stage-1 10/13] COPY docker/benchmark-builder/checkout_commit.py /opt/fuzzbench/
#16 sha256:af0e68a634271b774a19d33e98f201cf4ff8225bfc3165834afd188c70caeea3
#16 DONE 0.3s

#17 [stage-1 11/13] RUN export CHECKOUT_COMMIT=$(cat /benchmark.yaml | tr -d ' ' | grep 'commit:' | cut -d ':' -f2) &&     python3 -u /opt/fuzzbench/checkout_commit.py $CHECKOUT_COMMIT /src
#17 sha256:9d7f3d4bc7dcea07020888f7c18a2bdec8d4628c49db7e0ea36a152351f23e4f
#17 1.111 Checking out commit b27c51de
#17 143.0 From https://github.com/opencv/opencv
#17 143.0  * [new tag]               2.2                  -> 2.2
#17 143.0  * [new tag]               2.4.0                -> 2.4.0
#17 143.0  * [new tag]               2.4.1                -> 2.4.1
#17 143.0  * [new tag]               2.4.10               -> 2.4.10
#17 143.0  * [new tag]               2.4.10.1             -> 2.4.10.1
#17 143.0  * [new tag]               2.4.10.2             -> 2.4.10.2
#17 143.0  * [new tag]               2.4.10.3             -> 2.4.10.3
#17 143.0  * [new tag]               2.4.10.4             -> 2.4.10.4
#17 143.0  * [new tag]               2.4.11               -> 2.4.11
#17 143.0  * [new tag]               2.4.12               -> 2.4.12
#17 143.0  * [new tag]               2.4.12.1             -> 2.4.12.1
#17 143.0  * [new tag]               2.4.12.2             -> 2.4.12.2
#17 143.0  * [new tag]               2.4.12.3             -> 2.4.12.3
#17 143.0  * [new tag]               2.4.13               -> 2.4.13
#17 143.0  * [new tag]               2.4.13.1             -> 2.4.13.1
#17 143.0  * [new tag]               2.4.2                -> 2.4.2
#17 143.0  * [new tag]               2.4.3                -> 2.4.3
#17 143.0  * [new tag]               2.4.3-rc             -> 2.4.3-rc
#17 143.0  * [new tag]               2.4.3.1              -> 2.4.3.1
#17 143.0  * [new tag]               2.4.3.2              -> 2.4.3.2
#17 143.0  * [new tag]               2.4.4                -> 2.4.4
#17 143.0  * [new tag]               2.4.4-beta           -> 2.4.4-beta
#17 143.0  * [new tag]               2.4.5                -> 2.4.5
#17 143.0  * [new tag]               2.4.6                -> 2.4.6
#17 143.0  * [new tag]               2.4.6.1              -> 2.4.6.1
#17 143.0  * [new tag]               2.4.6.2              -> 2.4.6.2
#17 143.0  * [new tag]               2.4.6.2-rc1          -> 2.4.6.2-rc1
#17 143.0  * [new tag]               2.4.7                -> 2.4.7
#17 143.0  * [new tag]               2.4.7-rc1            -> 2.4.7-rc1
#17 143.0  * [new tag]               2.4.7.1              -> 2.4.7.1
#17 143.0  * [new tag]               2.4.7.2              -> 2.4.7.2
#17 143.0  * [new tag]               2.4.8                -> 2.4.8
#17 143.0  * [new tag]               2.4.8.1              -> 2.4.8.1
#17 143.0  * [new tag]               2.4.8.2              -> 2.4.8.2
#17 143.0  * [new tag]               2.4.8.3              -> 2.4.8.3
#17 143.0  * [new tag]               2.4.9                -> 2.4.9
#17 143.0  * [new tag]               2.4.9.1              -> 2.4.9.1
#17 143.0  * [new tag]               3.0-ocl-tech-preview -> 3.0-ocl-tech-preview
#17 143.0  * [new tag]               3.0-ocl-tp2          -> 3.0-ocl-tp2
#17 143.0  * [new tag]               3.0.0                -> 3.0.0
#17 143.0  * [new tag]               3.0.0-alpha          -> 3.0.0-alpha
#17 143.0  * [new tag]               3.0.0-beta           -> 3.0.0-beta
#17 143.0  * [new tag]               3.0.0-rc1            -> 3.0.0-rc1
#17 143.0  * [new tag]               3.1.0                -> 3.1.0
#17 143.0  * [new tag]               3.2.0                -> 3.2.0
#17 143.0  * [new tag]               3.2.0-rc             -> 3.2.0-rc
#17 143.0  * [new tag]               3.3.0                -> 3.3.0
#17 143.0  * [new tag]               3.3.0-cvsdk          -> 3.3.0-cvsdk
#17 143.0  * [new tag]               3.3.0-rc             -> 3.3.0-rc
#17 143.0  * [new tag]               3.3.1                -> 3.3.1
#17 143.0  * [new tag]               3.3.1-cvsdk          -> 3.3.1-cvsdk
#17 143.0  * [new tag]               3.4.0                -> 3.4.0
#17 143.0  * [new tag]               3.4.0-rc             -> 3.4.0-rc
#17 143.0  * [new tag]               3.4.1                -> 3.4.1
#17 143.0  * [new tag]               3.4.1-cvsdk          -> 3.4.1-cvsdk
#17 143.0  * [new tag]               3.4.10               -> 3.4.10
#17 143.0  * [new tag]               3.4.11               -> 3.4.11
#17 143.0  * [new tag]               3.4.12               -> 3.4.12
#17 143.0  * [new tag]               3.4.13               -> 3.4.13
#17 143.0  * [new tag]               3.4.14               -> 3.4.14
#17 143.0  * [new tag]               3.4.15               -> 3.4.15
#17 143.0  * [new tag]               3.4.16               -> 3.4.16
#17 143.0  * [new tag]               3.4.17               -> 3.4.17
#17 143.0  * [new tag]               3.4.2                -> 3.4.2
#17 143.0  * [new tag]               3.4.2-openvino       -> 3.4.2-openvino
#17 143.0  * [new tag]               3.4.3                -> 3.4.3
#17 143.0  * [new tag]               3.4.3-openvino       -> 3.4.3-openvino
#17 143.0  * [new tag]               3.4.4                -> 3.4.4
#17 143.0  * [new tag]               3.4.5                -> 3.4.5
#17 143.0  * [new tag]               3.4.6                -> 3.4.6
#17 143.0  * [new tag]               3.4.7                -> 3.4.7
#17 143.0  * [new tag]               3.4.8                -> 3.4.8
#17 143.0  * [new tag]               3.4.9                -> 3.4.9
#17 143.0  * [new tag]               4.0.0                -> 4.0.0
#17 143.0  * [new tag]               4.0.0-alpha          -> 4.0.0-alpha
#17 143.0  * [new tag]               4.0.0-beta           -> 4.0.0-beta
#17 143.0  * [new tag]               4.0.0-openvino       -> 4.0.0-openvino
#17 143.0  * [new tag]               4.0.0-rc             -> 4.0.0-rc
#17 143.0  * [new tag]               4.0.1                -> 4.0.1
#17 143.0  * [new tag]               4.0.1-openvino       -> 4.0.1-openvino
#17 143.0  * [new tag]               4.1.0                -> 4.1.0
#17 143.0  * [new tag]               4.1.0-openvino       -> 4.1.0-openvino
#17 143.0  * [new tag]               4.1.1                -> 4.1.1
#17 143.0  * [new tag]               4.1.1-openvino       -> 4.1.1-openvino
#17 143.0  * [new tag]               4.1.2                -> 4.1.2
#17 143.0  * [new tag]               4.1.2-openvino       -> 4.1.2-openvino
#17 143.0  * [new tag]               4.2.0                -> 4.2.0
#17 143.0  * [new tag]               4.3.0                -> 4.3.0
#17 143.0  * [new tag]               4.4.0                -> 4.4.0
#17 143.0  * [new tag]               4.5.0                -> 4.5.0
#17 143.0  * [new tag]               4.5.1                -> 4.5.1
#17 143.0  * [new tag]               4.5.2                -> 4.5.2
#17 143.0  * [new tag]               4.5.3                -> 4.5.3
#17 143.1  * [new tag]               4.5.4                -> 4.5.4
#17 143.1  * [new tag]               4.5.5                -> 4.5.5
#17 143.1 error: pathspec 'b27c51de' did not match any file(s) known to git
#17 143.1 error: pathspec 'b27c51de' did not match any file(s) known to git
#17 143.1 error: pathspec 'b27c51de' did not match any file(s) known to git
#17 143.3 error: pathspec 'b27c51de' did not match any file(s) known to git
#17 143.3 error: pathspec 'b27c51de' did not match any file(s) known to git
#17 143.3 error: pathspec 'b27c51de' did not match any file(s) known to git
#17 143.4 error: pathspec 'b27c51de' did not match any file(s) known to git
#17 143.4 error: pathspec 'b27c51de' did not match any file(s) known to git
#17 143.5 error: pathspec 'b27c51de' did not match any file(s) known to git
#17 143.6 error: pathspec 'b27c51de' did not match any file(s) known to git
#17 143.7 error: pathspec 'b27c51de' did not match any file(s) known to git
#17 143.7 error: pathspec 'b27c51de' did not match any file(s) known to git
#17 143.9 error: pathspec 'b27c51de' did not match any file(s) known to git
#17 143.9 error: pathspec 'b27c51de' did not match any file(s) known to git
#17 144.0 error: pathspec 'b27c51de' did not match any file(s) known to git
#17 144.0 error: pathspec 'b27c51de' did not match any file(s) known to git
#17 144.1 error: pathspec 'b27c51de' did not match any file(s) known to git
#17 144.1 error: pathspec 'b27c51de' did not match any file(s) known to git
#17 144.2 error: pathspec 'b27c51de' did not match any file(s) known to git
#17 144.2 error: pathspec 'b27c51de' did not match any file(s) known to git
#17 144.3 error: pathspec 'b27c51de' did not match any file(s) known to git
#17 144.4 error: pathspec 'b27c51de' did not match any file(s) known to git
#17 144.7 Checkout unsuccessful.
#17 DONE 145.0s

#18 [stage-1 12/13] RUN echo "#!/bin/bash\nPYTHONPATH=/src python3 -u -c "from fuzzers import utils; utils.initialize_env(); from fuzzers.afl import fuzzer; fuzzer.build()"" > /usr/bin/fuzzer_build &&     chmod +x /usr/bin/fuzzer_build
#18 sha256:809c5937c25600ca8fee3cce57bd0a19ab57eff489c284d6a6d31396009b61a1
#18 DONE 2.1s

#19 [stage-1 13/13] RUN echo "Run fuzzer_build to build the target" && if [ -z "$debug_builder" ] ; then fuzzer_build; fi
#19 sha256:36b9c18c5ae15122734cf9b1d2a5df9ff0ccf8917e9a8298a77db282c04f7744
#19 1.468 Run fuzzer_build to build the target
#19 1.892 FUZZ_TARGET = generateusergallerycollage_fuzzer
#19 1.892 CFLAGS = -DFUZZING_BUILD_MODE_UNSAFE_FOR_PRODUCTION -pthread -Wl,--no-as-needed -Wl,-ldl -Wl,-lm -Wno-unused-command-line-argument -O3
#19 1.892 CXXFLAGS = -DFUZZING_BUILD_MODE_UNSAFE_FOR_PRODUCTION -pthread -Wl,--no-as-needed -Wl,-ldl -Wl,-lm -Wno-unused-command-line-argument -stdlib=libc++ -O3
#19 1.914 Building benchmark opencv_generateusergallerycollage_fuzzer with fuzzer afl
#19 1.919 + mkdir opencv/build
#19 1.933 mkdir: cannot create directory ‘opencv/build’: No such file or directory
#19 1.934 Traceback (most recent call last):
#19 1.934   File "<string>", line 1, in <module>
#19 1.935   File "/src/fuzzers/afl/fuzzer.py", line 40, in build
#19 1.936     utils.build_benchmark()
#19 1.937   File "/src/fuzzers/utils.py", line 82, in build_benchmark
#19 1.938     subprocess.check_call(['/bin/bash', '-ex', build_script], env=env)
#19 1.938   File "/usr/local/lib/python3.8/subprocess.py", line 364, in check_call
#19 1.940     raise CalledProcessError(retcode, cmd)
#19 1.940 subprocess.CalledProcessError: Command '['/bin/bash', '-ex', '/src/build.sh']' returned non-zero exit status 1.
#19 ERROR: executor failed running [/bin/sh -c echo "Run fuzzer_build to build the target" && if [ -z "$debug_builder" ] ; then fuzzer_build; fi]: exit code: 1
------
 > importing cache manifest from gcr.io/fuzzbench/builders/afl/opencv_generateusergallerycollage_fuzzer:
------
------
 > [stage-1 13/13] RUN echo "Run fuzzer_build to build the target" && if [ -z "$debug_builder" ] ; then fuzzer_build; fi:
------
executor failed running [/bin/sh -c echo "Run fuzzer_build to build the target" && if [ -z "$debug_builder" ] ; then fuzzer_build; fi]: exit code: 1
make: *** [docker/generated.mk:2854229: .afl-opencv_generateusergallerycollage_fuzzer-builder] Error 1
