WARNING:root:gcloud not found in PATH.
INFO:root:Successfully integrated benchmark: fasthttp_fasthttp.
INFO:root:Please run "make test-run-afl-fasthttp_fasthttp" to test integration.
#1 [internal] load build definition from Dockerfile
#1 sha256:61c9bcb4c1ce66349a7acbdddc05ac37ecc5b1ad73980b4282fb6d47f90e6477
#1 transferring dockerfile: 842B done
#1 DONE 0.3s

#2 [internal] load .dockerignore
#2 sha256:c0430b9b2250986d84e294e6853780da4c4260d52028be2c46bcf1a3e6ac9d6e
#2 transferring context: 2B done
#2 DONE 0.3s

#3 [internal] load metadata for gcr.io/oss-fuzz-base/base-builder:latest
#3 sha256:f10dc39cc9d418a5bc416dead31a1902b6821fdae909cd3b08f7a3fd1faba7b5
#3 DONE 0.4s

#7 [internal] load build context
#7 sha256:60252e365e88b81925e19c810e23c2dfefd1e049d01860a8a5d1cd07897b192d
#7 DONE 0.0s

#5 [1/4] FROM gcr.io/oss-fuzz-base/base-builder@sha256:41d7bbe7827592680a606c9bba1aeb6e23c7502ce8b633923b06542f4c706e7c
#5 sha256:660db69324ed478291dd329cbbfe422dccbc173f9ab806c069fac341073eab8c
#5 DONE 0.0s

#4 importing cache manifest from gcr.io/fuzzbench/builders/benchmark/fasthttp_fasthttp
#4 sha256:4f06feb5b7685b2367120ad232cf38bb43b701c6924e40dd7e423dbdb70d474d
#4 ERROR: gcr.io/fuzzbench/builders/benchmark/fasthttp_fasthttp:latest: not found

#5 [1/4] FROM gcr.io/oss-fuzz-base/base-builder@sha256:41d7bbe7827592680a606c9bba1aeb6e23c7502ce8b633923b06542f4c706e7c
#5 sha256:660db69324ed478291dd329cbbfe422dccbc173f9ab806c069fac341073eab8c
#5 CACHED

#7 [internal] load build context
#7 sha256:60252e365e88b81925e19c810e23c2dfefd1e049d01860a8a5d1cd07897b192d
#7 transferring context: 1.05kB done
#7 DONE 0.1s

#6 [2/4] RUN go get github.com/valyala/fasthttp
#6 sha256:6a13cb620376cca2d672807111a2e871a04a76f6eb223db5c37f92faaa91aa6e
#6 0.407 /bin/sh: 1: go: not found
#6 ERROR: executor failed running [/bin/sh -c go get github.com/valyala/fasthttp]: exit code: 127
------
 > importing cache manifest from gcr.io/fuzzbench/builders/benchmark/fasthttp_fasthttp:
------
------
 > [2/4] RUN go get github.com/valyala/fasthttp:
------
executor failed running [/bin/sh -c go get github.com/valyala/fasthttp]: exit code: 127
make: *** [docker/generated.mk:14149: .fasthttp_fasthttp-project-builder] Error 1
/bin/sh: 1: source: not found
#1 [internal] load build definition from Dockerfile
#1 sha256:d1f47b6c9b20d210f91b8bd61d8d66b31364b147e4d75c0eaf2baa9c0d7d4563
#1 transferring dockerfile: 32B done
#1 DONE 0.1s

#2 [internal] load .dockerignore
#2 sha256:90763abc9b4af46437e63e6877baf9bfa68d02ea5db54475a8523ef974600086
#2 transferring context: 2B done
#2 DONE 0.1s

#3 [internal] load metadata for gcr.io/oss-fuzz-base/base-builder:latest
#3 sha256:f10dc39cc9d418a5bc416dead31a1902b6821fdae909cd3b08f7a3fd1faba7b5
#3 DONE 0.4s

#7 [internal] load build context
#7 sha256:ca32047f123c069817ae502c2adb39f9c8fc2a9b82830a69b9c9e4dbfd6c7fc5
#7 DONE 0.0s

#5 [1/4] FROM gcr.io/oss-fuzz-base/base-builder@sha256:41d7bbe7827592680a606c9bba1aeb6e23c7502ce8b633923b06542f4c706e7c
#5 sha256:660db69324ed478291dd329cbbfe422dccbc173f9ab806c069fac341073eab8c
#5 DONE 0.0s

#4 importing cache manifest from gcr.io/fuzzbench/builders/benchmark/fasthttp_fasthttp
#4 sha256:4f06feb5b7685b2367120ad232cf38bb43b701c6924e40dd7e423dbdb70d474d
#4 ERROR: gcr.io/fuzzbench/builders/benchmark/fasthttp_fasthttp:latest: not found

#5 [1/4] FROM gcr.io/oss-fuzz-base/base-builder@sha256:41d7bbe7827592680a606c9bba1aeb6e23c7502ce8b633923b06542f4c706e7c
#5 sha256:660db69324ed478291dd329cbbfe422dccbc173f9ab806c069fac341073eab8c
#5 CACHED

#7 [internal] load build context
#7 sha256:ca32047f123c069817ae502c2adb39f9c8fc2a9b82830a69b9c9e4dbfd6c7fc5
#7 transferring context: 30B done
#7 DONE 0.1s

#6 [2/4] RUN go get github.com/valyala/fasthttp
#6 sha256:6a13cb620376cca2d672807111a2e871a04a76f6eb223db5c37f92faaa91aa6e
#6 0.488 /bin/sh: 1: go: not found
#6 ERROR: executor failed running [/bin/sh -c go get github.com/valyala/fasthttp]: exit code: 127
------
 > importing cache manifest from gcr.io/fuzzbench/builders/benchmark/fasthttp_fasthttp:
------
------
 > [2/4] RUN go get github.com/valyala/fasthttp:
------
executor failed running [/bin/sh -c go get github.com/valyala/fasthttp]: exit code: 127
make: *** [docker/generated.mk:14149: .fasthttp_fasthttp-project-builder] Error 1
