WARNING:root:gcloud not found in PATH.
INFO:root:Successfully integrated benchmark: apache-httpd_fuzz_request.
INFO:root:Please run "make test-run-afl-apache-httpd_fuzz_request" to test integration.
#1 [internal] load build definition from Dockerfile
#1 sha256:509bb9a51875ed8409f1efcd8c710f52756bbf0ac0137c25c5557e514dd7beaf
#1 transferring dockerfile: 1.31kB done
#1 DONE 0.0s

#2 [internal] load .dockerignore
#2 sha256:de91fc3ce914b8a0dd1785b72e2dc1560f4c294059929fc5e9e8393f3f316c8e
#2 transferring context: 2B done
#2 DONE 0.0s

#3 [internal] load metadata for gcr.io/oss-fuzz-base/base-builder:latest
#3 sha256:f10dc39cc9d418a5bc416dead31a1902b6821fdae909cd3b08f7a3fd1faba7b5
#3 DONE 0.4s

#11 [internal] load build context
#11 sha256:3034d617223a44ab7cd263b55445182b22ece54b74929075f36c21b2959846a2
#11 DONE 0.0s

#5 [1/9] FROM gcr.io/oss-fuzz-base/base-builder@sha256:7f76292abe20e3a09554cd7e52e4ba7f174e2726aa0615496ca232017535a443
#5 sha256:b785341069aff1aa420741f46c0341befe7652e19f60afc8069313b0e11f206e
#5 DONE 0.0s

#4 importing cache manifest from gcr.io/fuzzbench/builders/benchmark/apache-httpd_fuzz_request
#4 sha256:2d97634a89df5a9124fdc2416225aafd44fd73f3cc71e57a22ac10e8812c0f1f
#4 ERROR: gcr.io/fuzzbench/builders/benchmark/apache-httpd_fuzz_request:latest: not found

#11 [internal] load build context
#11 sha256:3034d617223a44ab7cd263b55445182b22ece54b74929075f36c21b2959846a2
#11 transferring context: 20.29kB done
#11 DONE 0.0s

#10 [6/9] WORKDIR httpd
#10 sha256:60cd4cde5a502e1018dd714a0d477a1b60c45e798a47753ad5c241ca22bdd4f5
#10 CACHED

#12 [7/9] COPY build.sh /src/
#12 sha256:5b670bdcaee64b670dd4771e59ad18f97379fe4abc08c0a343922e1ea7b7be01
#12 CACHED

#13 [8/9] COPY fuzz_*.c /src/
#13 sha256:c78e848846346e1d256490bb1c9bb5fc9c8f3e620d433aff366ca9fd50ca2fe1
#13 CACHED

#7 [3/9] RUN git clone https://github.com/AdaLogics/fuzz-headers
#7 sha256:3838405d3682a08d759667382e1cc851ddbb5939dde017f1205ed451d0ad611f
#7 CACHED

#8 [4/9] RUN wget https://github.com/libexpat/libexpat/releases/download/R_2_4_1/expat-2.4.1.tar.gz &&     tar -xf expat-2.4.1.tar.gz &&     cd expat-2.4.1 &&     ./configure &&     make &&     make install
#8 sha256:329d4d322362e116e3ed421e2a5fefeb55417de4c3699826a79b0bfec0881380
#8 CACHED

#6 [2/9] RUN apt-get update && apt-get install -y make autoconf automake libtool wget libpcre3                                          libpcre3-dev uuid-dev pkg-config libtool-bin
#6 sha256:86f4379b8e1a5e62ad5895af78cef0559921f3db55403320228d703e703faf1f
#6 CACHED

#9 [5/9] RUN git clone --depth=1 https://github.com/apache/httpd
#9 sha256:93359051cdf697011b4ec35e51f33287783d7fd9d741d509bffa209dabf753e2
#9 CACHED

#14 [9/9] COPY patches.diff /src/
#14 sha256:5ce63c1de277f2ebc3c598cd774f45024828e8fb4a8df11d377c301c7cb1b45c
#14 CACHED

#15 exporting to image
#15 sha256:e8c613e07b0b7ff33893b694f7759a10d42e180f2b4dc349fb57dc6b71dcab00
#15 exporting layers done
#15 writing image sha256:de88a922e478bc78126cea91d828e74a3ebcec26323ea20a30af11b9726bcd89
#15 writing image sha256:de88a922e478bc78126cea91d828e74a3ebcec26323ea20a30af11b9726bcd89 done
#15 naming to gcr.io/fuzzbench/builders/benchmark/apache-httpd_fuzz_request done
#15 DONE 0.1s

#16 exporting cache
#16 sha256:2700d4ef94dee473593c5c614b55b2dedcca7893909811a8f2b48291a1f581e4
#16 preparing build cache for export done
#16 DONE 0.0s
------
 > importing cache manifest from gcr.io/fuzzbench/builders/benchmark/apache-httpd_fuzz_request:
------
#1 [internal] load build definition from builder.Dockerfile
#1 sha256:212e5b79ff4d00d2801e142169ec7abd1a401e9dc5f67a07a120d523d7d6ebe9
#1 transferring dockerfile: 46B done
#1 DONE 0.0s

#2 [internal] load .dockerignore
#2 sha256:3541a83d8e92f327caec5823c45db679537421be86e3abf155a6db2fca041db4
#2 transferring context: 2B done
#2 DONE 0.1s

#3 [internal] load metadata for gcr.io/fuzzbench/builders/benchmark/apache-httpd_fuzz_request:latest
#3 sha256:b7cf54990f70f66f775c1f079097948a13a31a1c9b42b09d98ce11e684d284d9
#3 DONE 0.0s

#5 [1/3] FROM gcr.io/fuzzbench/builders/benchmark/apache-httpd_fuzz_request
#5 sha256:a3a5526f363c242f1d78dfcea984c47618243548df23d43176b059a18dc3464d
#5 DONE 0.0s

#4 importing cache manifest from gcr.io/fuzzbench/builders/afl/apache-httpd_fuzz_request-intermediate
#4 sha256:424ad9ab73e98a7811a79489497374c73ef8c997eb1a6b06c19beba797af0b40
#4 ERROR: gcr.io/fuzzbench/builders/afl/apache-httpd_fuzz_request-intermediate:latest: not found

#6 [2/3] RUN git clone https://github.com/google/AFL.git /afl &&     cd /afl &&     git checkout 61037103ae3722c8060ff7082994836a794f978e &&     AFL_NO_X86=1 make
#6 sha256:576908ef7892d5b69f712c8886a46e90eed58934be00055de9f1cf8265eacc54
#6 CACHED

#7 [3/3] RUN apt-get update &&     apt-get install wget -y &&     wget https://raw.githubusercontent.com/llvm/llvm-project/5feb80e748924606531ba28c97fe65145c65372e/compiler-rt/lib/fuzzer/afl/afl_driver.cpp -O /afl/afl_driver.cpp &&     clang -Wno-pointer-sign -c /afl/llvm_mode/afl-llvm-rt.o.c -I/afl &&     clang++ -stdlib=libc++ -std=c++11 -O2 -c /afl/afl_driver.cpp &&     ar r /libAFL.a *.o
#7 sha256:a43748f39bebd9cb1786c5199e033f1fdafaf84caa9d2e027d84c0807bd846f6
#7 CACHED

#8 exporting to image
#8 sha256:e8c613e07b0b7ff33893b694f7759a10d42e180f2b4dc349fb57dc6b71dcab00
#8 exporting layers done
#8 writing image sha256:5a59438caf566de7b4ff6d5e2668bdc553936154f3ad7be2d5db8deba8d42627
#8 writing image sha256:5a59438caf566de7b4ff6d5e2668bdc553936154f3ad7be2d5db8deba8d42627 done
#8 naming to gcr.io/fuzzbench/builders/afl/apache-httpd_fuzz_request-intermediate done
#8 DONE 0.1s

#9 exporting cache
#9 sha256:2700d4ef94dee473593c5c614b55b2dedcca7893909811a8f2b48291a1f581e4
#9 preparing build cache for export done
#9 DONE 0.0s
------
 > importing cache manifest from gcr.io/fuzzbench/builders/afl/apache-httpd_fuzz_request-intermediate:
------
#1 [internal] load build definition from Dockerfile
#1 sha256:f9ad4d5a4931586edf722e32a8011383a91749a88cd67bb48e70c06b07c68383
#1 transferring dockerfile: 2.00kB done
#1 DONE 0.0s

#2 [internal] load .dockerignore
#2 sha256:48af18697cafdca7878d0be33c4d9f0a97d0b34e5e2165bfcbbd0794c1434620
#2 transferring context: 34B done
#2 DONE 0.0s

#3 [internal] load metadata for docker.io/library/ubuntu:xenial
#3 sha256:f62bae18ed588840f045c881b2502661f2a89578a2f8f99b83f5200ee83dd25b
#3 DONE 0.0s

#5 [1/7] FROM docker.io/library/ubuntu:xenial
#5 sha256:14dd403f25ae9e519bd44f27dc17af7ce80f5a4f9f48ca88108364e67ec5d360
#5 DONE 0.0s

#4 importing cache manifest from gcr.io/fuzzbench/base-image
#4 sha256:9b220ebb4d4daceed1b96df9b6dca076e762f1cd612574f010b82d5b9e5ad896
#4 DONE 0.0s

#8 [internal] load build context
#8 sha256:899d24e2308e53d1fbb9662e5ea7ed9153da8a1610e1b514ff546e04ca55d5a8
#8 transferring context: 591B 0.0s done
#8 DONE 0.1s

#11 [6/7] RUN apt-get update -y && apt-get install -y     apt-transport-https     lsb-release
#11 sha256:7ad020a11fd3d4fb0856120004439d62b44282e369cdbbf98526ca8e4203b6d3
#11 CACHED

#10 [5/7] RUN pip3 install -r /requirements.txt
#10 sha256:8947de589d737720bd29667d7b1380c96655f8d012e2ddfae86287fa7c3631bf
#10 CACHED

#6 [2/7] RUN apt-get update -y && apt-get install -y     build-essential     rsync     curl     zlib1g-dev     libncurses5-dev     libgdbm-dev     libnss3-dev     libssl-dev     libreadline-dev     libffi-dev     virtualenv     libbz2-dev     liblzma-dev     libsqlite3-dev
#6 sha256:3a1b0960f17eed529eaae93dc8fd3554f2743dd584d8fa569cdbe6bc734371ac
#6 CACHED

#7 [3/7] RUN cd /tmp/ &&     curl -O https://www.python.org/ftp/python/3.8.6/Python-3.8.6.tar.xz &&     tar -xvf Python-3.8.6.tar.xz &&     cd Python-3.8.6 &&     ./configure --enable-loadable-sqlite-extensions --enable-optimizations &&     make -j install &&     rm -r /tmp/Python-3.8.6.tar.xz /tmp/Python-3.8.6
#7 sha256:c5b9d1fb3371e84dbc60b76e7b2f8d5913bc93bcd4910ab65daa03e7b2ec4bb0
#7 CACHED

#9 [4/7] COPY ./requirements.txt /
#9 sha256:11ebaffd00eaadf0833083793f523d24e49416e2055339c2384c66ec08113fb2
#9 CACHED

#12 [7/7] RUN CLOUD_SDK_REPO="cloud-sdk-$(lsb_release -c -s)" &&     echo "deb https://packages.cloud.google.com/apt $CLOUD_SDK_REPO main"     | tee -a /etc/apt/sources.list.d/google-cloud-sdk.list &&     curl https://packages.cloud.google.com/apt/doc/apt-key.gpg     | apt-key add - &&     apt-get update -y &&     apt-get install -y google-cloud-sdk
#12 sha256:9ce41a02a746b7d962872103de4234d80a742428d1bbb6301fcf1278a85144b0
#12 CACHED

#13 exporting to image
#13 sha256:e8c613e07b0b7ff33893b694f7759a10d42e180f2b4dc349fb57dc6b71dcab00
#13 exporting layers done
#13 writing image sha256:05b2aa84fbb14d46a2428ada51f12a750d9a6a7322c0a63b3b82bda36d00b178 done
#13 naming to gcr.io/fuzzbench/base-image done
#13 DONE 0.0s

#14 exporting cache
#14 sha256:2700d4ef94dee473593c5c614b55b2dedcca7893909811a8f2b48291a1f581e4
#14 preparing build cache for export done
#14 DONE 0.0s
#1 [internal] load build definition from Dockerfile
#1 sha256:83e321b39e20f68f7234083c977c6745ece9d9c371304961ac3f7db917b9faf0
#1 transferring dockerfile: 2.22kB done
#1 DONE 0.0s

#2 [internal] load .dockerignore
#2 sha256:7b627aa67d23995f63da1af46b2ec4c5635d340ebcae3d297be751d566d42d9b
#2 transferring context: 34B done
#2 DONE 0.0s

#4 [internal] load metadata for gcr.io/fuzzbench/base-image:latest
#4 sha256:932022888f650cc455b10eb5123bb08c0cccacac29a693e69314abbfd28a72c3
#4 DONE 0.0s

#3 [internal] load metadata for gcr.io/fuzzbench/builders/afl/apache-httpd_fuzz_request-intermediate:latest
#3 sha256:8144887906ffe1b28c9ed734dc7c990aefeb76eba40e5d693fbd932c8454b361
#3 DONE 0.0s

#12 [internal] load build context
#12 sha256:020cb2ad5fa4516d5af1a2d42cb40bd7e17e3b46ff510aaf99125d34650fadeb
#12 DONE 0.0s

#7 [base-image 1/1] FROM gcr.io/fuzzbench/base-image
#7 sha256:4d07825694520f8b6f6a0d8592dbd345433361ae044cb7f06706c5a95e3daaad
#7 DONE 0.0s

#6 [stage-1  1/13] FROM gcr.io/fuzzbench/builders/afl/apache-httpd_fuzz_request-intermediate
#6 sha256:6784cce66a67bae0dc79a5de82ef47d550d14027a667f3c82d99a84bb0fe7687
#6 DONE 0.0s

#5 importing cache manifest from gcr.io/fuzzbench/builders/afl/apache-httpd_fuzz_request
#5 sha256:0b145511a5d21a9245436faf01e37fcfe8a6c3dc7fea18bc8a93946438f0599e
#5 ERROR: gcr.io/fuzzbench/builders/afl/apache-httpd_fuzz_request:latest: not found

#12 [internal] load build context
#12 sha256:020cb2ad5fa4516d5af1a2d42cb40bd7e17e3b46ff510aaf99125d34650fadeb
#12 transferring context: 742.41kB 0.1s done
#12 DONE 0.1s

#8 [stage-1  2/13] COPY --from=base-image /usr/local/bin/python3* /usr/local/bin/
#8 sha256:4ac98ad034f260b489e50a16dc003be7deca7d6782a49d9b76314c4fee3cf685
#8 CACHED

#9 [stage-1  3/13] COPY --from=base-image /usr/local/lib/python3.8 /usr/local/lib/python3.8
#9 sha256:ad2907833320143669e24793c34621b2e1fbb8632f88679367cafe21b8a09319
#9 CACHED

#10 [stage-1  4/13] COPY --from=base-image /usr/local/include/python3.8 /usr/local/include/python3.8
#10 sha256:2d0a67c0ca2d0d857965894f00fcf954206a4448874490233b7d21b8d9471cb7
#10 CACHED

#11 [stage-1  5/13] COPY --from=base-image /usr/local/lib/python3.8/site-packages /usr/local/lib/python3.8/site-packages
#11 sha256:8de06057045029a98e06d1851fe0ac657c2323e35e23fcc3296caef34507f8a4
#11 CACHED

#13 [stage-1  6/13] COPY fuzzers /src/fuzzers
#13 sha256:da25ae13a5749222260949f8694ac0ea7d48d55ca8bf33abd25a9bdf1f7d9ec6
#13 CACHED

#14 [stage-1  7/13] RUN touch /src/__init__.py
#14 sha256:a004961a8ccbf844e550df4c9cd5fbd36489a28ff936c79cff18312564003973
#14 DONE 0.5s

#15 [stage-1  8/13] COPY benchmarks/apache-httpd_fuzz_request/benchmark.yaml /
#15 sha256:3683cffeee614dab1cea52ce97f08f7b5365cf195d64f1884ebfc643a95ee646
#15 DONE 0.1s

#16 [stage-1  9/13] RUN mkdir /opt/fuzzbench/
#16 sha256:51cd1adad7e089db3e1091ea99b531e67e486242de33f95f3349a99b2fa7ca6c
#16 DONE 0.5s

#17 [stage-1 10/13] COPY docker/benchmark-builder/checkout_commit.py /opt/fuzzbench/
#17 sha256:b6686aa7f97eb38a844f77ecebe70538a0c4719050488c5777db7bee3489660b
#17 DONE 0.1s

#18 [stage-1 11/13] RUN export CHECKOUT_COMMIT=$(cat /benchmark.yaml | tr -d ' ' | grep 'commit:' | cut -d ':' -f2) &&     python3 -u /opt/fuzzbench/checkout_commit.py $CHECKOUT_COMMIT /src
#18 sha256:53b2134f30a2f562407735b4d186f2906a1612e77341e4b176c78d0e2ee81d55
#18 0.484 Checking out commit dbf359cf
#18 44.09 error: pathspec 'dbf359cf' did not match any file(s) known to git
#18 44.09 error: pathspec 'dbf359cf' did not match any file(s) known to git
#18 44.10 error: pathspec 'dbf359cf' did not match any file(s) known to git
#18 44.11 error: pathspec 'dbf359cf' did not match any file(s) known to git
#18 44.17 Checkout unsuccessful.
#18 DONE 44.2s

#19 [stage-1 12/13] RUN echo "#!/bin/bash\nPYTHONPATH=/src python3 -u -c "from fuzzers import utils; utils.initialize_env(); from fuzzers.afl import fuzzer; fuzzer.build()"" > /usr/bin/fuzzer_build &&     chmod +x /usr/bin/fuzzer_build
#19 sha256:35850cebede137e5a062d65c51a20049e823dc5b271fced41e32e0a04f4b4885
#19 DONE 0.5s

#20 [stage-1 13/13] RUN echo "Run fuzzer_build to build the target" && if [ -z "$debug_builder" ] ; then fuzzer_build; fi
#20 sha256:19e879cc7fa277a2442702e9a83a0360e6fa1f68cecdee88cb61c4768911c7bf
#20 0.477 Run fuzzer_build to build the target
#20 0.622 FUZZ_TARGET = fuzz_request
#20 0.622 CFLAGS = -DFUZZING_BUILD_MODE_UNSAFE_FOR_PRODUCTION -pthread -Wl,--no-as-needed -Wl,-ldl -Wl,-lm -Wno-unused-command-line-argument -O3
#20 0.622 CXXFLAGS = -DFUZZING_BUILD_MODE_UNSAFE_FOR_PRODUCTION -pthread -Wl,--no-as-needed -Wl,-ldl -Wl,-lm -Wno-unused-command-line-argument -stdlib=libc++ -O3
#20 0.639 Building benchmark apache-httpd_fuzz_request with fuzzer afl
#20 0.642 + unset CPP
#20 0.642 + unset CXX
#20 0.642 + git apply --ignore-space-change --ignore-whitespace /src/patches.diff
#20 0.645 error: patch failed: server/apreq_parser_header.c:89
#20 0.645 error: server/apreq_parser_header.c: patch does not apply
#20 0.646 Traceback (most recent call last):
#20 0.646   File "<string>", line 1, in <module>
#20 0.646   File "/src/fuzzers/afl/fuzzer.py", line 40, in build
#20 0.646     utils.build_benchmark()
#20 0.646   File "/src/fuzzers/utils.py", line 82, in build_benchmark
#20 0.647     subprocess.check_call(['/bin/bash', '-ex', build_script], env=env)
#20 0.647   File "/usr/local/lib/python3.8/subprocess.py", line 364, in check_call
#20 0.647     raise CalledProcessError(retcode, cmd)
#20 0.647 subprocess.CalledProcessError: Command '['/bin/bash', '-ex', '/src/build.sh']' returned non-zero exit status 1.
#20 ERROR: executor failed running [/bin/sh -c echo "Run fuzzer_build to build the target" && if [ -z "$debug_builder" ] ; then fuzzer_build; fi]: exit code: 1
------
 > importing cache manifest from gcr.io/fuzzbench/builders/afl/apache-httpd_fuzz_request:
------
------
 > [stage-1 13/13] RUN echo "Run fuzzer_build to build the target" && if [ -z "$debug_builder" ] ; then fuzzer_build; fi:
------
executor failed running [/bin/sh -c echo "Run fuzzer_build to build the target" && if [ -z "$debug_builder" ] ; then fuzzer_build; fi]: exit code: 1
make: *** [docker/generated.mk:278195: .afl-apache-httpd_fuzz_request-builder] Error 1
