WARNING:root:gcloud not found in PATH.
INFO:root:Successfully integrated benchmark: fastjson_fastjson.
INFO:root:Please run "make test-run-afl-fastjson_fastjson" to test integration.
#1 [internal] load build definition from Dockerfile
#1 sha256:2269994a18f44b3e59cd76ac103ca3cf8fd2b4042745bc675bb82e94d1431280
#1 transferring dockerfile: 842B done
#1 DONE 0.1s

#2 [internal] load .dockerignore
#2 sha256:eb2d419c9d88dec0d18e724fdf0e43ab0bd2531c779896a2c0b688d224ffa705
#2 transferring context: 2B done
#2 DONE 0.1s

#3 [internal] load metadata for gcr.io/oss-fuzz-base/base-builder:latest
#3 sha256:f10dc39cc9d418a5bc416dead31a1902b6821fdae909cd3b08f7a3fd1faba7b5
#3 DONE 0.4s

#7 [internal] load build context
#7 sha256:5d484a3996ae2674522363728e523a2bec6004dad9111086b1996df9c6245dc2
#7 DONE 0.0s

#5 [1/4] FROM gcr.io/oss-fuzz-base/base-builder@sha256:112044a9815d235113677d459cf2ece740a51f2b85081c8f66943dcdc72ddf7f
#5 sha256:4aee4bf9f7280ac8b7f02b8d29e6e084dd034d2c294b4e3e05d8ce7048a1450f
#5 DONE 0.0s

#4 importing cache manifest from gcr.io/fuzzbench/builders/benchmark/fastjson_fastjson
#4 sha256:2f25de89ff5734f373a544e5f0d2329bbbfb3552179f8bc66c6e3bcd45c9adc3
#4 ERROR: gcr.io/fuzzbench/builders/benchmark/fastjson_fastjson:latest: not found

#5 [1/4] FROM gcr.io/oss-fuzz-base/base-builder@sha256:112044a9815d235113677d459cf2ece740a51f2b85081c8f66943dcdc72ddf7f
#5 sha256:4aee4bf9f7280ac8b7f02b8d29e6e084dd034d2c294b4e3e05d8ce7048a1450f
#5 CACHED

#7 [internal] load build context
#7 sha256:5d484a3996ae2674522363728e523a2bec6004dad9111086b1996df9c6245dc2
#7 transferring context: 940B done
#7 DONE 0.0s

#6 [2/4] RUN go get github.com/valyala/fastjson
#6 sha256:e10629107e606b87f4a7fba36407b2e242865d0cb109534597baa5c258ac8b5b
#6 0.345 /bin/sh: 1: go: not found
#6 ERROR: executor failed running [/bin/sh -c go get github.com/valyala/fastjson]: exit code: 127
------
 > importing cache manifest from gcr.io/fuzzbench/builders/benchmark/fastjson_fastjson:
------
------
 > [2/4] RUN go get github.com/valyala/fastjson:
------
executor failed running [/bin/sh -c go get github.com/valyala/fastjson]: exit code: 127
make: *** [docker/generated.mk:14292: .fastjson_fastjson-project-builder] Error 1
/bin/sh: 1: source: not found
#1 [internal] load build definition from Dockerfile
#1 sha256:3713c16b70f6cbb86109e3106ce8290a68cdb79d35cefa23538c9c332e32fb95
#1 transferring dockerfile: 32B done
#1 DONE 0.1s

#2 [internal] load .dockerignore
#2 sha256:67b974306221c6e9670be244bca7c3b104007d3a2579963c3e8d897aad4e75f0
#2 transferring context: 2B done
#2 DONE 0.1s

#3 [internal] load metadata for gcr.io/oss-fuzz-base/base-builder:latest
#3 sha256:f10dc39cc9d418a5bc416dead31a1902b6821fdae909cd3b08f7a3fd1faba7b5
#3 DONE 0.4s

#7 [internal] load build context
#7 sha256:581366bfdd59d6068f2d18698da1fcf164d134d20685a3664fbe17ba575bbdf2
#7 DONE 0.0s

#5 [1/4] FROM gcr.io/oss-fuzz-base/base-builder@sha256:112044a9815d235113677d459cf2ece740a51f2b85081c8f66943dcdc72ddf7f
#5 sha256:4aee4bf9f7280ac8b7f02b8d29e6e084dd034d2c294b4e3e05d8ce7048a1450f
#5 DONE 0.0s

#4 importing cache manifest from gcr.io/fuzzbench/builders/benchmark/fastjson_fastjson
#4 sha256:2f25de89ff5734f373a544e5f0d2329bbbfb3552179f8bc66c6e3bcd45c9adc3
#4 ERROR: gcr.io/fuzzbench/builders/benchmark/fastjson_fastjson:latest: not found

#5 [1/4] FROM gcr.io/oss-fuzz-base/base-builder@sha256:112044a9815d235113677d459cf2ece740a51f2b85081c8f66943dcdc72ddf7f
#5 sha256:4aee4bf9f7280ac8b7f02b8d29e6e084dd034d2c294b4e3e05d8ce7048a1450f
#5 CACHED

#7 [internal] load build context
#7 sha256:581366bfdd59d6068f2d18698da1fcf164d134d20685a3664fbe17ba575bbdf2
#7 transferring context: 30B done
#7 DONE 0.0s

#6 [2/4] RUN go get github.com/valyala/fastjson
#6 sha256:e10629107e606b87f4a7fba36407b2e242865d0cb109534597baa5c258ac8b5b
#6 0.373 /bin/sh: 1: go: not found
#6 ERROR: executor failed running [/bin/sh -c go get github.com/valyala/fastjson]: exit code: 127
------
 > importing cache manifest from gcr.io/fuzzbench/builders/benchmark/fastjson_fastjson:
------
------
 > [2/4] RUN go get github.com/valyala/fastjson:
------
executor failed running [/bin/sh -c go get github.com/valyala/fastjson]: exit code: 127
make: *** [docker/generated.mk:14292: .fastjson_fastjson-project-builder] Error 1
