WARNING:root:gcloud not found in PATH.
INFO:root:Successfully integrated benchmark: sqlite3_sqlite3.
INFO:root:Please run "make test-run-afl-sqlite3_sqlite3" to test integration.
#1 [internal] load build definition from Dockerfile
#1 sha256:137567791a0f6441172e4b4611047935bedca056b74551be556cca274e3fc249
#1 transferring dockerfile: 1.19kB done
#1 DONE 0.0s

#2 [internal] load .dockerignore
#2 sha256:d10e67c1b56b3059788e2fa54f92e5a2e8d1f935fd6b39d76b6d0c5e3e6f7be2
#2 transferring context: 2B done
#2 DONE 0.0s

#3 [internal] load metadata for docker.io/ossfuzz/base-libfuzzer:latest
#3 sha256:de5858be1c81531f1899359595a26336a5c3505aefbbe9f5fe9f2220a7621c7e
#3 ERROR: pull access denied, repository does not exist or may require authorization: server message: insufficient_scope: authorization failed
------
 > [internal] load metadata for docker.io/ossfuzz/base-libfuzzer:latest:
------
failed to solve with frontend dockerfile.v0: failed to create LLB definition: pull access denied, repository does not exist or may require authorization: server message: insufficient_scope: authorization failed
make: *** [docker/generated.mk:63260: .sqlite3_sqlite3-project-builder] Error 1
/bin/sh: 1: source: not found
#1 [internal] load build definition from Dockerfile
#1 sha256:bdb7ea593f31b113c40aecd269db234f5f0e8d0bf143f2b4db2a19a344d0be8d
#1 transferring dockerfile: 32B done
#1 DONE 0.0s

#2 [internal] load .dockerignore
#2 sha256:8fca044a1656b561cc9ff01863764acbcca02f45d9d1a1f1fbe2e62587fcb3b0
#2 transferring context: 2B done
#2 DONE 0.0s

#3 [internal] load metadata for docker.io/ossfuzz/base-libfuzzer:latest
#3 sha256:de5858be1c81531f1899359595a26336a5c3505aefbbe9f5fe9f2220a7621c7e
#3 ERROR: pull access denied, repository does not exist or may require authorization: server message: insufficient_scope: authorization failed
------
 > [internal] load metadata for docker.io/ossfuzz/base-libfuzzer:latest:
------
failed to solve with frontend dockerfile.v0: failed to create LLB definition: pull access denied, repository does not exist or may require authorization: server message: insufficient_scope: authorization failed
make: *** [docker/generated.mk:63260: .sqlite3_sqlite3-project-builder] Error 1
