WARNING:root:gcloud not found in PATH.
INFO:root:Successfully integrated benchmark: tidb_tidb.
INFO:root:Please run "make test-run-afl-tidb_tidb" to test integration.
#1 [internal] load build definition from Dockerfile
#1 sha256:fe780ff1861ee9baab2cd23f183357d966a73037a28d49d7d7b4a19206a25c27
#1 transferring dockerfile: 32B done
#1 DONE 0.3s

#2 [internal] load .dockerignore
#2 sha256:65f898e91b14c9f4d34918f0e1d9e25ca66153f15126211652cc696b03db6a1b
#2 transferring context: 2B done
#2 DONE 0.3s

#3 [internal] load metadata for gcr.io/oss-fuzz-base/base-builder:latest
#3 sha256:f10dc39cc9d418a5bc416dead31a1902b6821fdae909cd3b08f7a3fd1faba7b5
#3 DONE 0.4s

#7 [internal] load build context
#7 sha256:17e3fc58f2dbf8d4371ea2f86f33da2f61b57573736c88e525cb41773edf13b4
#7 DONE 0.0s

#5 [1/4] FROM gcr.io/oss-fuzz-base/base-builder@sha256:f4e5ea12494fab091c5d830cf803b3421f2860f729b9d1b07da44924396cf8cf
#5 sha256:ef290950573a2779ee526af357b28fbddfc20d7409aa51f58f777c9e972cba29
#5 DONE 0.0s

#4 importing cache manifest from gcr.io/fuzzbench/builders/benchmark/tidb_tidb
#4 sha256:9f2234168bc03345390b054dc2c80e2fe314b3685bc59c7a4bbb4c3e5d8cd35f
#4 ERROR: gcr.io/fuzzbench/builders/benchmark/tidb_tidb:latest: not found

#5 [1/4] FROM gcr.io/oss-fuzz-base/base-builder@sha256:f4e5ea12494fab091c5d830cf803b3421f2860f729b9d1b07da44924396cf8cf
#5 sha256:ef290950573a2779ee526af357b28fbddfc20d7409aa51f58f777c9e972cba29
#5 CACHED

#7 [internal] load build context
#7 sha256:17e3fc58f2dbf8d4371ea2f86f33da2f61b57573736c88e525cb41773edf13b4
#7 transferring context: 1.12kB done
#7 DONE 0.1s

#6 [2/4] RUN go get github.com/pingcap/tidb/store
#6 sha256:0c28f5e52020691aec69d6dd7bfd7dcaf9e65f10814b20a70dfca7906de709cb
#6 0.395 /bin/sh: 1: go: not found
#6 ERROR: executor failed running [/bin/sh -c go get github.com/pingcap/tidb/store]: exit code: 127
------
 > importing cache manifest from gcr.io/fuzzbench/builders/benchmark/tidb_tidb:
------
------
 > [2/4] RUN go get github.com/pingcap/tidb/store:
------
executor failed running [/bin/sh -c go get github.com/pingcap/tidb/store]: exit code: 127
make: *** [docker/generated.mk:65299: .tidb_tidb-project-builder] Error 1
/bin/sh: 1: source: not found
#2 [internal] load .dockerignore
#2 sha256:78feb0aaf486efc27afbecc3e5db81f33305b0dd02fbb59daa1f44efd0eac7f5
#2 transferring context: 2B done
#2 DONE 0.2s

#1 [internal] load build definition from Dockerfile
#1 sha256:dfe1098b940e90b8a0ffcf7f223dd0ab40b3e2bf6a3dd88ea5d7470bac9875b7
#1 transferring dockerfile: 32B done
#1 DONE 0.2s

#3 [internal] load metadata for gcr.io/oss-fuzz-base/base-builder:latest
#3 sha256:f10dc39cc9d418a5bc416dead31a1902b6821fdae909cd3b08f7a3fd1faba7b5
#3 DONE 0.4s

#7 [internal] load build context
#7 sha256:bd44b9a2775c2476181785d162799f613aca8e78681c2dad85550f75c60a33d0
#7 DONE 0.0s

#5 [1/4] FROM gcr.io/oss-fuzz-base/base-builder@sha256:f4e5ea12494fab091c5d830cf803b3421f2860f729b9d1b07da44924396cf8cf
#5 sha256:ef290950573a2779ee526af357b28fbddfc20d7409aa51f58f777c9e972cba29
#5 DONE 0.0s

#4 importing cache manifest from gcr.io/fuzzbench/builders/benchmark/tidb_tidb
#4 sha256:9f2234168bc03345390b054dc2c80e2fe314b3685bc59c7a4bbb4c3e5d8cd35f
#4 ERROR: gcr.io/fuzzbench/builders/benchmark/tidb_tidb:latest: not found

#5 [1/4] FROM gcr.io/oss-fuzz-base/base-builder@sha256:f4e5ea12494fab091c5d830cf803b3421f2860f729b9d1b07da44924396cf8cf
#5 sha256:ef290950573a2779ee526af357b28fbddfc20d7409aa51f58f777c9e972cba29
#5 CACHED

#7 [internal] load build context
#7 sha256:bd44b9a2775c2476181785d162799f613aca8e78681c2dad85550f75c60a33d0
#7 transferring context: 30B done
#7 DONE 0.1s

#6 [2/4] RUN go get github.com/pingcap/tidb/store
#6 sha256:0c28f5e52020691aec69d6dd7bfd7dcaf9e65f10814b20a70dfca7906de709cb
#6 0.532 /bin/sh: 1: go: not found
#6 ERROR: executor failed running [/bin/sh -c go get github.com/pingcap/tidb/store]: exit code: 127
------
 > importing cache manifest from gcr.io/fuzzbench/builders/benchmark/tidb_tidb:
------
------
 > [2/4] RUN go get github.com/pingcap/tidb/store:
------
executor failed running [/bin/sh -c go get github.com/pingcap/tidb/store]: exit code: 127
make: *** [docker/generated.mk:65299: .tidb_tidb-project-builder] Error 1
