WARNING:root:gcloud not found in PATH.
INFO:root:Successfully integrated benchmark: openssl_openssl.
INFO:root:Please run "make test-run-afl-openssl_openssl" to test integration.
#1 [internal] load build definition from Dockerfile
#1 sha256:0f67a5e160b0ce230594502082a0b3fb1467238c45f84240cc86f5955176c9f7
#1 transferring dockerfile: 888B done
#1 DONE 0.4s

#2 [internal] load .dockerignore
#2 sha256:a852678cc6274445e45971d7e6c090e9295aa342d951a0b3e6231664ef603085
#2 transferring context: 2B done
#2 DONE 0.4s

#3 [internal] load metadata for docker.io/ossfuzz/base-builder:latest
#3 sha256:1658bfc7ad2874004d53499bde356cef1fa4607e1f39114a04764c3152a57b06
#3 ERROR: pull access denied, repository does not exist or may require authorization: server message: insufficient_scope: authorization failed
------
 > [internal] load metadata for docker.io/ossfuzz/base-builder:latest:
------
failed to solve with frontend dockerfile.v0: failed to create LLB definition: pull access denied, repository does not exist or may require authorization: server message: insufficient_scope: authorization failed
make: *** [docker/generated.mk:49972: .openssl_openssl-project-builder] Error 1
/bin/sh: 1: source: not found
#2 [internal] load .dockerignore
#2 sha256:4f6c57b83bdd381c2c50b7868f30ae23765beef48ef1408ffcf7364085907dac
#2 transferring context: 2B done
#2 DONE 0.2s

#1 [internal] load build definition from Dockerfile
#1 sha256:e0504ccb3ec4d20ef6cf038ee5689ec0816f1778dda4be793ba57ba8264e8543
#1 transferring dockerfile: 32B done
#1 DONE 0.2s

#3 [internal] load metadata for docker.io/ossfuzz/base-builder:latest
#3 sha256:1658bfc7ad2874004d53499bde356cef1fa4607e1f39114a04764c3152a57b06
#3 ERROR: pull access denied, repository does not exist or may require authorization: server message: insufficient_scope: authorization failed
------
 > [internal] load metadata for docker.io/ossfuzz/base-builder:latest:
------
failed to solve with frontend dockerfile.v0: failed to create LLB definition: pull access denied, repository does not exist or may require authorization: server message: insufficient_scope: authorization failed
make: *** [docker/generated.mk:49972: .openssl_openssl-project-builder] Error 1
