WARNING:root:gcloud not found in PATH.
INFO:root:Successfully integrated benchmark: tidb_tidb.
INFO:root:Please run "make test-run-afl-tidb_tidb" to test integration.
#2 [internal] load .dockerignore
#2 sha256:4f058791ecfe1f3b7ea56e201fc846cbdc86300e814e43c7f3a1c4f300d41691
#2 transferring context: 2B done
#2 ...

#1 [internal] load build definition from Dockerfile
#1 sha256:63def8de2545cf910b5117da668bab7bb8a99e064bf5fece8eeff3ca7ee60a89
#1 transferring dockerfile: 813B done
#1 DONE 0.3s

#2 [internal] load .dockerignore
#2 sha256:4f058791ecfe1f3b7ea56e201fc846cbdc86300e814e43c7f3a1c4f300d41691
#2 DONE 0.3s

#3 [internal] load metadata for gcr.io/oss-fuzz-base/base-builder:latest
#3 sha256:f10dc39cc9d418a5bc416dead31a1902b6821fdae909cd3b08f7a3fd1faba7b5
#3 DONE 0.4s

#7 [internal] load build context
#7 sha256:ca33ae66ad323a0b20a357e66b96fef67c14305a1e983c97bd67a2c63074aa23
#7 DONE 0.0s

#5 [1/4] FROM gcr.io/oss-fuzz-base/base-builder@sha256:f4e5ea12494fab091c5d830cf803b3421f2860f729b9d1b07da44924396cf8cf
#5 sha256:ef290950573a2779ee526af357b28fbddfc20d7409aa51f58f777c9e972cba29
#5 DONE 0.0s

#4 importing cache manifest from gcr.io/fuzzbench/builders/benchmark/tidb_tidb
#4 sha256:9f2234168bc03345390b054dc2c80e2fe314b3685bc59c7a4bbb4c3e5d8cd35f
#4 ERROR: gcr.io/fuzzbench/builders/benchmark/tidb_tidb:latest: not found

#5 [1/4] FROM gcr.io/oss-fuzz-base/base-builder@sha256:f4e5ea12494fab091c5d830cf803b3421f2860f729b9d1b07da44924396cf8cf
#5 sha256:ef290950573a2779ee526af357b28fbddfc20d7409aa51f58f777c9e972cba29
#5 CACHED

#7 [internal] load build context
#7 sha256:ca33ae66ad323a0b20a357e66b96fef67c14305a1e983c97bd67a2c63074aa23
#7 transferring context: 960B 0.0s done
#7 DONE 0.1s

#6 [2/4] RUN go get github.com/pingcap/tidb/store
#6 sha256:0c28f5e52020691aec69d6dd7bfd7dcaf9e65f10814b20a70dfca7906de709cb
#6 0.439 /bin/sh: 1: go: not found
#6 ERROR: executor failed running [/bin/sh -c go get github.com/pingcap/tidb/store]: exit code: 127
------
 > importing cache manifest from gcr.io/fuzzbench/builders/benchmark/tidb_tidb:
------
------
 > [2/4] RUN go get github.com/pingcap/tidb/store:
------
executor failed running [/bin/sh -c go get github.com/pingcap/tidb/store]: exit code: 127
make: *** [docker/generated.mk:65299: .tidb_tidb-project-builder] Error 1
/bin/sh: 1: source: not found
#2 [internal] load .dockerignore
#2 sha256:f08e72df1d8f986ad7682122640f99bcb8fa3fe9f4e1494fd312b63e2aadbd4b
#2 transferring context: 2B done
#2 DONE 0.2s

#1 [internal] load build definition from Dockerfile
#1 sha256:77a7c5893e9fd8b0e89130928c85cf1a8464384ebffd38cccdd3ee4c58ee1551
#1 transferring dockerfile: 32B done
#1 DONE 0.2s

#3 [internal] load metadata for gcr.io/oss-fuzz-base/base-builder:latest
#3 sha256:f10dc39cc9d418a5bc416dead31a1902b6821fdae909cd3b08f7a3fd1faba7b5
#3 DONE 0.4s

#7 [internal] load build context
#7 sha256:60fce2dcb5bbd0a5c094819ce3f105b4a01de123e36f259c618cd9fcf89c7905
#7 DONE 0.0s

#5 [1/4] FROM gcr.io/oss-fuzz-base/base-builder@sha256:f4e5ea12494fab091c5d830cf803b3421f2860f729b9d1b07da44924396cf8cf
#5 sha256:ef290950573a2779ee526af357b28fbddfc20d7409aa51f58f777c9e972cba29
#5 DONE 0.0s

#4 importing cache manifest from gcr.io/fuzzbench/builders/benchmark/tidb_tidb
#4 sha256:9f2234168bc03345390b054dc2c80e2fe314b3685bc59c7a4bbb4c3e5d8cd35f
#4 ERROR: gcr.io/fuzzbench/builders/benchmark/tidb_tidb:latest: not found

#5 [1/4] FROM gcr.io/oss-fuzz-base/base-builder@sha256:f4e5ea12494fab091c5d830cf803b3421f2860f729b9d1b07da44924396cf8cf
#5 sha256:ef290950573a2779ee526af357b28fbddfc20d7409aa51f58f777c9e972cba29
#5 CACHED

#7 [internal] load build context
#7 sha256:60fce2dcb5bbd0a5c094819ce3f105b4a01de123e36f259c618cd9fcf89c7905
#7 transferring context: 30B done
#7 DONE 0.1s

#6 [2/4] RUN go get github.com/pingcap/tidb/store
#6 sha256:0c28f5e52020691aec69d6dd7bfd7dcaf9e65f10814b20a70dfca7906de709cb
#6 0.425 /bin/sh: 1: go: not found
#6 ERROR: executor failed running [/bin/sh -c go get github.com/pingcap/tidb/store]: exit code: 127
------
 > importing cache manifest from gcr.io/fuzzbench/builders/benchmark/tidb_tidb:
------
------
 > [2/4] RUN go get github.com/pingcap/tidb/store:
------
executor failed running [/bin/sh -c go get github.com/pingcap/tidb/store]: exit code: 127
make: *** [docker/generated.mk:65299: .tidb_tidb-project-builder] Error 1
