WARNING:root:gcloud not found in PATH.
INFO:root:Successfully integrated benchmark: arrow_arrow.
INFO:root:Please run "make test-run-afl-arrow_arrow" to test integration.
#1 [internal] load build definition from Dockerfile
#1 sha256:54ebc7cc2a2f9cd16c9bd1516368dd2097b1e5907d871c4b7aec2b98ccf689b8
#1 transferring dockerfile: 1.06kB done
#1 DONE 1.0s

#2 [internal] load .dockerignore
#2 sha256:6e5e515fb493e561bec08f1b1a213fa2adc820a7ca71e4fe685b58ecfe744647
#2 transferring context: 2B done
#2 DONE 1.3s

#3 [internal] load metadata for gcr.io/oss-fuzz-base/base-builder:latest
#3 sha256:f10dc39cc9d418a5bc416dead31a1902b6821fdae909cd3b08f7a3fd1faba7b5
#3 DONE 0.7s

#5 [1/4] FROM gcr.io/oss-fuzz-base/base-builder@sha256:112044a9815d235113677d459cf2ece740a51f2b85081c8f66943dcdc72ddf7f
#5 sha256:4aee4bf9f7280ac8b7f02b8d29e6e084dd034d2c294b4e3e05d8ce7048a1450f
#5 DONE 0.0s

#8 [internal] load build context
#8 sha256:6f5cd9c28815109bff042b86fd3c577cb3623d16e72c50186faa246ca87ca1f8
#8 DONE 0.0s

#4 importing cache manifest from gcr.io/fuzzbench/builders/benchmark/arrow_arrow
#4 sha256:52b8c4ac6a410079727c30037fea5ee309fa67e7f74f09300e9080158057aa8e
#4 ERROR: gcr.io/fuzzbench/builders/benchmark/arrow_arrow:latest: not found

#5 [1/4] FROM gcr.io/oss-fuzz-base/base-builder@sha256:112044a9815d235113677d459cf2ece740a51f2b85081c8f66943dcdc72ddf7f
#5 sha256:4aee4bf9f7280ac8b7f02b8d29e6e084dd034d2c294b4e3e05d8ce7048a1450f
#5 CACHED

#8 [internal] load build context
#8 sha256:6f5cd9c28815109bff042b86fd3c577cb3623d16e72c50186faa246ca87ca1f8
#8 transferring context: 1.85kB done
#8 DONE 1.2s

#6 [2/4] RUN apt-get update -y -q &&     apt-get update -y -q &&     apt-get install -y -q --no-install-recommends         cmake         ninja-build         python3
#6 sha256:2b0aff353567c0cd1c882d0e97d7377c841698a8749b392efb6797e1cd39e586
#6 4.726 Hit:1 http://archive.ubuntu.com/ubuntu focal InRelease
#6 4.726 Get:2 http://archive.ubuntu.com/ubuntu focal-updates InRelease [114 kB]
#6 4.730 Get:3 http://archive.ubuntu.com/ubuntu focal-backports InRelease [108 kB]
#6 4.734 Get:4 http://security.ubuntu.com/ubuntu focal-security InRelease [114 kB]
#6 4.742 Hit:5 http://ppa.launchpad.net/git-core/ppa/ubuntu focal InRelease
#6 5.514 Get:6 http://archive.ubuntu.com/ubuntu focal-updates/main amd64 Packages [1984 kB]
#6 5.834 Get:7 http://archive.ubuntu.com/ubuntu focal-updates/universe amd64 Packages [1134 kB]
#6 5.924 Get:8 http://archive.ubuntu.com/ubuntu focal-updates/universe i386 Packages [827 kB]
#6 5.997 Get:9 http://archive.ubuntu.com/ubuntu focal-updates/main i386 Packages [755 kB]
#6 6.841 Fetched 5036 kB in 2s (2121 kB/s)
#6 6.841 Reading package lists...
#6 10.48 Hit:1 http://ppa.launchpad.net/git-core/ppa/ubuntu focal InRelease
#6 10.48 Hit:2 http://archive.ubuntu.com/ubuntu focal InRelease
#6 10.48 Hit:3 http://archive.ubuntu.com/ubuntu focal-updates InRelease
#6 10.48 Hit:4 http://security.ubuntu.com/ubuntu focal-security InRelease
#6 10.50 Hit:5 http://archive.ubuntu.com/ubuntu focal-backports InRelease
#6 12.35 Reading package lists...
#6 15.64 Reading package lists...
#6 18.82 Building dependency tree...
#6 19.28 Reading state information...
#6 19.84 python3 is already the newest version (3.8.2-0ubuntu2).
#6 19.84 python3 set to manually installed.
#6 19.84 The following additional packages will be installed:
#6 19.84   cmake-data libarchive13 libjsoncpp1 librhash0 libuv1
#6 19.85 Suggested packages:
#6 19.85   cmake-doc lrzip
#6 19.96 The following NEW packages will be installed:
#6 19.96   cmake cmake-data libarchive13 libjsoncpp1 librhash0 libuv1 ninja-build
#6 20.06 0 upgraded, 7 newly installed, 0 to remove and 0 not upgraded.
#6 20.06 Need to get 5984 kB of archives.
#6 20.06 After this operation, 29.8 MB of additional disk space will be used.
#6 20.06 Get:1 http://archive.ubuntu.com/ubuntu focal-updates/main amd64 libuv1 amd64 1.34.2-1ubuntu1.3 [80.8 kB]
#6 20.20 Get:2 http://archive.ubuntu.com/ubuntu focal/main amd64 cmake-data all 3.16.3-1ubuntu1 [1612 kB]
#6 21.08 Get:3 http://archive.ubuntu.com/ubuntu focal-updates/main amd64 libarchive13 amd64 3.4.0-2ubuntu1.1 [327 kB]
#6 21.28 Get:4 http://archive.ubuntu.com/ubuntu focal/main amd64 libjsoncpp1 amd64 1.7.4-3.1ubuntu2 [75.6 kB]
#6 21.32 Get:5 http://archive.ubuntu.com/ubuntu focal/main amd64 librhash0 amd64 1.3.9-1 [113 kB]
#6 21.36 Get:6 http://archive.ubuntu.com/ubuntu focal/main amd64 cmake amd64 3.16.3-1ubuntu1 [3669 kB]
#6 22.23 Get:7 http://archive.ubuntu.com/ubuntu focal/universe amd64 ninja-build amd64 1.10.0-1build1 [107 kB]
#6 22.75 debconf: delaying package configuration, since apt-utils is not installed
#6 22.85 Fetched 5984 kB in 2s (2589 kB/s)
#6 22.92 Selecting previously unselected package libuv1:amd64.
#6 22.92 (Reading database ... (Reading database ... 5%(Reading database ... 10%(Reading database ... 15%(Reading database ... 20%(Reading database ... 25%(Reading database ... 30%(Reading database ... 35%(Reading database ... 40%(Reading database ... 45%(Reading database ... 50%(Reading database ... 55%(Reading database ... 60%(Reading database ... 65%(Reading database ... 70%(Reading database ... 75%(Reading database ... 80%(Reading database ... 85%(Reading database ... 90%(Reading database ... 95%(Reading database ... 100%(Reading database ... 21291 files and directories currently installed.)
#6 22.96 Preparing to unpack .../0-libuv1_1.34.2-1ubuntu1.3_amd64.deb ...
#6 22.97 Unpacking libuv1:amd64 (1.34.2-1ubuntu1.3) ...
#6 23.09 Selecting previously unselected package cmake-data.
#6 23.09 Preparing to unpack .../1-cmake-data_3.16.3-1ubuntu1_all.deb ...
#6 23.10 Unpacking cmake-data (3.16.3-1ubuntu1) ...
#6 24.52 Selecting previously unselected package libarchive13:amd64.
#6 24.53 Preparing to unpack .../2-libarchive13_3.4.0-2ubuntu1.1_amd64.deb ...
#6 24.53 Unpacking libarchive13:amd64 (3.4.0-2ubuntu1.1) ...
#6 24.67 Selecting previously unselected package libjsoncpp1:amd64.
#6 24.67 Preparing to unpack .../3-libjsoncpp1_1.7.4-3.1ubuntu2_amd64.deb ...
#6 24.68 Unpacking libjsoncpp1:amd64 (1.7.4-3.1ubuntu2) ...
#6 24.77 Selecting previously unselected package librhash0:amd64.
#6 24.77 Preparing to unpack .../4-librhash0_1.3.9-1_amd64.deb ...
#6 24.78 Unpacking librhash0:amd64 (1.3.9-1) ...
#6 24.87 Selecting previously unselected package cmake.
#6 24.87 Preparing to unpack .../5-cmake_3.16.3-1ubuntu1_amd64.deb ...
#6 24.88 Unpacking cmake (3.16.3-1ubuntu1) ...
#6 25.84 Selecting previously unselected package ninja-build.
#6 25.84 Preparing to unpack .../6-ninja-build_1.10.0-1build1_amd64.deb ...
#6 25.85 Unpacking ninja-build (1.10.0-1build1) ...
#6 25.96 Setting up libarchive13:amd64 (3.4.0-2ubuntu1.1) ...
#6 25.97 Setting up ninja-build (1.10.0-1build1) ...
#6 25.99 Setting up libuv1:amd64 (1.34.2-1ubuntu1.3) ...
#6 26.00 Setting up librhash0:amd64 (1.3.9-1) ...
#6 26.02 Setting up cmake-data (3.16.3-1ubuntu1) ...
#6 26.04 Setting up libjsoncpp1:amd64 (1.7.4-3.1ubuntu2) ...
#6 26.06 Setting up cmake (3.16.3-1ubuntu1) ...
#6 26.08 Processing triggers for libc-bin (2.31-0ubuntu9.2) ...
#6 DONE 26.6s

#7 [3/4] RUN git clone --depth=1 https://github.com/apache/arrow.git /src/arrow
#7 sha256:87bc382c75f7c89f1c7a3c9dc784a6525cbf476477771264b2f6cfdd0a66eea7
#7 1.016 Cloning into '/src/arrow'...
#7 6.721 Updating files:  66% (4032/6087)Updating files:  67% (4079/6087)Updating files:  68% (4140/6087)Updating files:  69% (4201/6087)Updating files:  70% (4261/6087)Updating files:  71% (4322/6087)Updating files:  72% (4383/6087)Updating files:  73% (4444/6087)Updating files:  74% (4505/6087)Updating files:  75% (4566/6087)Updating files:  76% (4627/6087)Updating files:  77% (4687/6087)Updating files:  78% (4748/6087)Updating files:  79% (4809/6087)Updating files:  80% (4870/6087)Updating files:  81% (4931/6087)Updating files:  82% (4992/6087)Updating files:  83% (5053/6087)Updating files:  84% (5114/6087)Updating files:  85% (5174/6087)Updating files:  86% (5235/6087)Updating files:  87% (5296/6087)Updating files:  88% (5357/6087)Updating files:  89% (5418/6087)Updating files:  90% (5479/6087)Updating files:  91% (5540/6087)Updating files:  92% (5601/6087)Updating files:  93% (5661/6087)Updating files:  94% (5722/6087)Updating files:  95% (5783/6087)Updating files:  96% (5844/6087)Updating files:  97% (5905/6087)Updating files:  98% (5966/6087)Updating files:  99% (6027/6087)Updating files: 100% (6087/6087)Updating files: 100% (6087/6087), done.
#7 DONE 7.9s

#9 [4/4] COPY build.sh /src/
#9 sha256:9d76fdb5b6949f060e1d3fffe12752fed2e7ecc5af0c6faff42bd1fc675021e3
#9 DONE 0.1s

#10 exporting to image
#10 sha256:e8c613e07b0b7ff33893b694f7759a10d42e180f2b4dc349fb57dc6b71dcab00
#10 exporting layers done
#10 writing image sha256:d1cf5c3ea38b37ff4898b343779bdc7cfc98b332e203999724c41afdd99a5408 done
#10 naming to gcr.io/fuzzbench/builders/benchmark/arrow_arrow done
#10 DONE 0.1s

#11 exporting cache
#11 sha256:2700d4ef94dee473593c5c614b55b2dedcca7893909811a8f2b48291a1f581e4
#11 preparing build cache for export done
#11 DONE 0.0s
------
 > importing cache manifest from gcr.io/fuzzbench/builders/benchmark/arrow_arrow:
------
#1 [internal] load build definition from builder.Dockerfile
#1 sha256:971dffd9e2ee3055a3da13c11010c47fa9af464d7f9e7f7145724ea5d5f36d57
#1 transferring dockerfile: 46B 0.0s done
#1 DONE 0.1s

#2 [internal] load .dockerignore
#2 sha256:621d301a787081d89c40134fb2b06a0ee1de263426b1bbfdc20800ad086f5c84
#2 transferring context: 2B done
#2 DONE 0.1s

#3 [internal] load metadata for gcr.io/fuzzbench/builders/benchmark/arrow_arrow:latest
#3 sha256:c791f821c5a2390e1458185242c42fbc45669871d0f2714d44c84d757aac8c0f
#3 DONE 0.0s

#4 [1/3] FROM gcr.io/fuzzbench/builders/benchmark/arrow_arrow
#4 sha256:3d396ea1521cdb01f8e77f21b1291e9b6db35a56849f508e9865ca3febf35e11
#4 DONE 0.0s

#7 importing cache manifest from gcr.io/fuzzbench/builders/afl/arrow_arrow-intermediate
#7 sha256:612c95e9e3811d71d89f0ef8ee259029c0051e2b1e030bab4ed6d93133bf26ad
#7 ERROR: gcr.io/fuzzbench/builders/afl/arrow_arrow-intermediate:latest: not found

#4 [1/3] FROM gcr.io/fuzzbench/builders/benchmark/arrow_arrow
#4 sha256:3d396ea1521cdb01f8e77f21b1291e9b6db35a56849f508e9865ca3febf35e11
#4 DONE 0.4s

#5 [2/3] RUN git clone https://github.com/google/AFL.git /afl &&     cd /afl &&     git checkout 61037103ae3722c8060ff7082994836a794f978e &&     AFL_NO_X86=1 make
#5 sha256:87a23b288fc2a3c30b9afc79464377074dd989e166dd27479a347cbf7a7ad1f7
#5 1.231 Cloning into '/afl'...
#5 2.187 Note: switching to '61037103ae3722c8060ff7082994836a794f978e'.
#5 2.187 
#5 2.187 You are in 'detached HEAD' state. You can look around, make experimental
#5 2.187 changes and commit them, and you can discard any commits you make in this
#5 2.187 state without impacting any branches by switching back to a branch.
#5 2.187 
#5 2.187 If you want to create a new branch to retain commits you create, you may
#5 2.187 do so (now or later) by using -c with the switch command. Example:
#5 2.187 
#5 2.187   git switch -c <new-branch-name>
#5 2.187 
#5 2.187 Or undo this operation with:
#5 2.187 
#5 2.187   git switch -
#5 2.187 
#5 2.187 Turn off this advice by setting config variable advice.detachedHead to false
#5 2.187 
#5 2.188 HEAD is now at 6103710 Fix a typo filename comparison in the fuzzer (#139)
#5 2.226 [!] Note: skipping x86 compilation checks (AFL_NO_X86 set).
#5 2.227 clang -O1 -fno-omit-frame-pointer -gline-tables-only -DFUZZING_BUILD_MODE_UNSAFE_FOR_PRODUCTION -Wall -D_FORTIFY_SOURCE=2 -g -Wno-pointer-sign -DAFL_PATH=\"/usr/local/lib/afl\" -DDOC_PATH=\"/usr/local/share/doc/afl\" -DBIN_PATH=\"/usr/local/bin\" afl-gcc.c -o afl-gcc -ldl
#5 2.574 set -e; for i in afl-g++ afl-clang afl-clang++; do ln -sf afl-gcc $i; done
#5 2.593 clang -O1 -fno-omit-frame-pointer -gline-tables-only -DFUZZING_BUILD_MODE_UNSAFE_FOR_PRODUCTION -Wall -D_FORTIFY_SOURCE=2 -g -Wno-pointer-sign -DAFL_PATH=\"/usr/local/lib/afl\" -DDOC_PATH=\"/usr/local/share/doc/afl\" -DBIN_PATH=\"/usr/local/bin\" afl-fuzz.c -o afl-fuzz -ldl
#5 8.025 clang -O1 -fno-omit-frame-pointer -gline-tables-only -DFUZZING_BUILD_MODE_UNSAFE_FOR_PRODUCTION -Wall -D_FORTIFY_SOURCE=2 -g -Wno-pointer-sign -DAFL_PATH=\"/usr/local/lib/afl\" -DDOC_PATH=\"/usr/local/share/doc/afl\" -DBIN_PATH=\"/usr/local/bin\" afl-showmap.c -o afl-showmap -ldl
#5 8.694 clang -O1 -fno-omit-frame-pointer -gline-tables-only -DFUZZING_BUILD_MODE_UNSAFE_FOR_PRODUCTION -Wall -D_FORTIFY_SOURCE=2 -g -Wno-pointer-sign -DAFL_PATH=\"/usr/local/lib/afl\" -DDOC_PATH=\"/usr/local/share/doc/afl\" -DBIN_PATH=\"/usr/local/bin\" afl-tmin.c -o afl-tmin -ldl
#5 9.621 clang -O1 -fno-omit-frame-pointer -gline-tables-only -DFUZZING_BUILD_MODE_UNSAFE_FOR_PRODUCTION -Wall -D_FORTIFY_SOURCE=2 -g -Wno-pointer-sign -DAFL_PATH=\"/usr/local/lib/afl\" -DDOC_PATH=\"/usr/local/share/doc/afl\" -DBIN_PATH=\"/usr/local/bin\" afl-gotcpu.c -o afl-gotcpu -ldl
#5 9.905 clang -O1 -fno-omit-frame-pointer -gline-tables-only -DFUZZING_BUILD_MODE_UNSAFE_FOR_PRODUCTION -Wall -D_FORTIFY_SOURCE=2 -g -Wno-pointer-sign -DAFL_PATH=\"/usr/local/lib/afl\" -DDOC_PATH=\"/usr/local/share/doc/afl\" -DBIN_PATH=\"/usr/local/bin\" afl-analyze.c -o afl-analyze -ldl
#5 10.76 clang -O1 -fno-omit-frame-pointer -gline-tables-only -DFUZZING_BUILD_MODE_UNSAFE_FOR_PRODUCTION -Wall -D_FORTIFY_SOURCE=2 -g -Wno-pointer-sign -DAFL_PATH=\"/usr/local/lib/afl\" -DDOC_PATH=\"/usr/local/share/doc/afl\" -DBIN_PATH=\"/usr/local/bin\" afl-as.c -o afl-as -ldl
#5 11.24 ln -sf afl-as as
#5 11.25 [!] Note: skipping build tests (you may need to use LLVM or QEMU mode).
#5 11.25 [+] LLVM users: see llvm_mode/README.llvm for a faster alternative to afl-gcc.
#5 11.25 [+] All done! Be sure to review README - it's pretty short and useful.
#5 DONE 11.5s

#6 [3/3] RUN apt-get update &&     apt-get install wget -y &&     wget https://raw.githubusercontent.com/llvm/llvm-project/5feb80e748924606531ba28c97fe65145c65372e/compiler-rt/lib/fuzzer/afl/afl_driver.cpp -O /afl/afl_driver.cpp &&     clang -Wno-pointer-sign -c /afl/llvm_mode/afl-llvm-rt.o.c -I/afl &&     clang++ -stdlib=libc++ -std=c++11 -O2 -c /afl/afl_driver.cpp &&     ar r /libAFL.a *.o
#6 sha256:f9725b1c21330f7154e137d333189d4047b676390275c4d79aa526bc85367fca
#6 1.618 Hit:1 http://ppa.launchpad.net/git-core/ppa/ubuntu focal InRelease
#6 2.282 Hit:2 http://security.ubuntu.com/ubuntu focal-security InRelease
#6 8.822 Hit:3 http://archive.ubuntu.com/ubuntu focal InRelease
#6 8.841 Hit:4 http://archive.ubuntu.com/ubuntu focal-updates InRelease
#6 8.870 Hit:5 http://archive.ubuntu.com/ubuntu focal-backports InRelease
#6 9.959 Reading package lists...
#6 13.35 Reading package lists...
#6 16.58 Building dependency tree...
#6 17.04 Reading state information...
#6 17.68 wget is already the newest version (1.20.3-1ubuntu2).
#6 17.68 0 upgraded, 0 newly installed, 0 to remove and 0 not upgraded.
#6 17.70 --2022-02-18 08:45:04--  https://raw.githubusercontent.com/llvm/llvm-project/5feb80e748924606531ba28c97fe65145c65372e/compiler-rt/lib/fuzzer/afl/afl_driver.cpp
#6 17.70 Resolving raw.githubusercontent.com (raw.githubusercontent.com)... 185.199.111.133, 185.199.108.133, 185.199.109.133, ...
#6 17.70 Connecting to raw.githubusercontent.com (raw.githubusercontent.com)|185.199.111.133|:443... connected.
#6 17.73 HTTP request sent, awaiting response... 200 OK
#6 17.94 Length: 9177 (9.0K) [text/plain]
#6 17.94 Saving to: '/afl/afl_driver.cpp'
#6 17.94 
#6 17.94      0K ........                                              100% 7.28M=0.001s
#6 17.94 
#6 17.94 2022-02-18 08:45:04 (7.28 MB/s) - '/afl/afl_driver.cpp' saved [9177/9177]
#6 17.94 
#6 21.58 ar: creating /libAFL.a
#6 DONE 21.7s

#8 exporting to image
#8 sha256:e8c613e07b0b7ff33893b694f7759a10d42e180f2b4dc349fb57dc6b71dcab00
#8 exporting layers done
#8 writing image sha256:9728f14b951c977282118c2348444c5248de73aa8ec01b22d0ade55acfe2df93 done
#8 naming to gcr.io/fuzzbench/builders/afl/arrow_arrow-intermediate done
#8 DONE 0.2s

#9 exporting cache
#9 sha256:2700d4ef94dee473593c5c614b55b2dedcca7893909811a8f2b48291a1f581e4
#9 preparing build cache for export done
#9 DONE 0.0s
------
 > importing cache manifest from gcr.io/fuzzbench/builders/afl/arrow_arrow-intermediate:
------
#1 [internal] load build definition from Dockerfile
#1 sha256:e4b2c724643c5e9f6180effd0aea835a2a2d20c6029e3b102d14167bff363c29
#1 transferring dockerfile: 2.00kB 0.0s done
#1 DONE 0.1s

#2 [internal] load .dockerignore
#2 sha256:2f5a9d66566d44b5d994bbb1fc4063783f0bfc5c16b830b1f1ee031ca885752b
#2 transferring context: 34B done
#2 DONE 0.1s

#3 [internal] load metadata for docker.io/library/ubuntu:xenial
#3 sha256:f62bae18ed588840f045c881b2502661f2a89578a2f8f99b83f5200ee83dd25b
#3 DONE 0.0s

#4 importing cache manifest from gcr.io/fuzzbench/base-image
#4 sha256:9b220ebb4d4daceed1b96df9b6dca076e762f1cd612574f010b82d5b9e5ad896
#4 DONE 0.0s

#5 [1/7] FROM docker.io/library/ubuntu:xenial
#5 sha256:14dd403f25ae9e519bd44f27dc17af7ce80f5a4f9f48ca88108364e67ec5d360
#5 DONE 0.0s

#8 [internal] load build context
#8 sha256:54fb85aff1d4bd854d23c58fb8334ba8df9acb6bcea6d19fc8e15f6987dad9d3
#8 transferring context: 559B 0.0s done
#8 DONE 0.1s

#6 [2/7] RUN apt-get update -y && apt-get install -y     build-essential     rsync     curl     zlib1g-dev     libncurses5-dev     libgdbm-dev     libnss3-dev     libssl-dev     libreadline-dev     libffi-dev     virtualenv     libbz2-dev     liblzma-dev     libsqlite3-dev
#6 sha256:3a1b0960f17eed529eaae93dc8fd3554f2743dd584d8fa569cdbe6bc734371ac
#6 CACHED

#7 [3/7] RUN cd /tmp/ &&     curl -O https://www.python.org/ftp/python/3.8.6/Python-3.8.6.tar.xz &&     tar -xvf Python-3.8.6.tar.xz &&     cd Python-3.8.6 &&     ./configure --enable-loadable-sqlite-extensions --enable-optimizations &&     make -j install &&     rm -r /tmp/Python-3.8.6.tar.xz /tmp/Python-3.8.6
#7 sha256:c5b9d1fb3371e84dbc60b76e7b2f8d5913bc93bcd4910ab65daa03e7b2ec4bb0
#7 CACHED

#9 [4/7] COPY ./requirements.txt /
#9 sha256:40c421a03c17f30efdd2f1913aa4a72e211cdee9a0ac8ce81baced4c3b6d917d
#9 CACHED

#10 [5/7] RUN pip3 install -r /requirements.txt
#10 sha256:ec4d7b35cde53754fe6e6e90ee35c94fbbdc6ef4f4278e42b11f0a50804e9966
#10 CACHED

#11 [6/7] RUN apt-get update -y && apt-get install -y     apt-transport-https     lsb-release
#11 sha256:51d1774797071d791da9453c820adc155361f790eedaeeaadf093d87bef9d6f7
#11 CACHED

#12 [7/7] RUN CLOUD_SDK_REPO="cloud-sdk-$(lsb_release -c -s)" &&     echo "deb https://packages.cloud.google.com/apt $CLOUD_SDK_REPO main"     | tee -a /etc/apt/sources.list.d/google-cloud-sdk.list &&     curl https://packages.cloud.google.com/apt/doc/apt-key.gpg     | apt-key add - &&     apt-get update -y &&     apt-get install -y google-cloud-sdk
#12 sha256:ddfbf98ba89b1f6f45bd0093e20d646588c24e053c4227294135bbf713c119d3
#12 CACHED

#13 exporting to image
#13 sha256:e8c613e07b0b7ff33893b694f7759a10d42e180f2b4dc349fb57dc6b71dcab00
#13 exporting layers done
#13 writing image sha256:7c312afc0c92be055a6e596de5bde5bb2ff79522f51f5d5c5b849c01586f4ff7
#13 writing image sha256:7c312afc0c92be055a6e596de5bde5bb2ff79522f51f5d5c5b849c01586f4ff7 0.0s done
#13 naming to gcr.io/fuzzbench/base-image done
#13 DONE 0.1s

#14 exporting cache
#14 sha256:2700d4ef94dee473593c5c614b55b2dedcca7893909811a8f2b48291a1f581e4
#14 preparing build cache for export done
#14 DONE 0.0s
#1 [internal] load build definition from Dockerfile
#1 sha256:576ca2beab8a4f4ddb1fd71b4febc8ceedbdfb12e73dc89f0767261fb1422214
#1 transferring dockerfile: 2.22kB done
#1 DONE 0.0s

#2 [internal] load .dockerignore
#2 sha256:572be7162ba33593c0ae2baa79cebf6fab916505851f850e5930b7ed45a9426d
#2 transferring context: 34B done
#2 DONE 0.1s

#7 [base-image 1/1] FROM gcr.io/fuzzbench/base-image
#7 sha256:4d07825694520f8b6f6a0d8592dbd345433361ae044cb7f06706c5a95e3daaad
#7 CACHED

#6 [stage-1  1/13] FROM gcr.io/fuzzbench/builders/afl/arrow_arrow-intermediate
#6 sha256:709fd35d9144b867e2c2693fd1cf7c030e24ca311d5b97a3e7bee0aa35cb98e6
#6 DONE 0.5s

#8 [stage-1  2/13] COPY --from=base-image /usr/local/bin/python3* /usr/local/bin/
#8 sha256:92680b7f7d697f488a6c6db5ecd76cfef0f31a1f398cb4543b320ea229dc585c
#8 DONE 0.6s

#9 [stage-1  3/13] COPY --from=base-image /usr/local/lib/python3.8 /usr/local/lib/python3.8
#9 sha256:959676c46abe6e5dfbeefe64b4f9d8a51edac248f1da794be0f16e8b0cf078fc
#9 DONE 14.7s

#10 [stage-1  4/13] COPY --from=base-image /usr/local/include/python3.8 /usr/local/include/python3.8
#10 sha256:56f3668c581ebbfd178b77f1987e19cf64af45644f75afe2eae13a33a045a4e9
#10 DONE 0.2s

#11 [stage-1  5/13] COPY --from=base-image /usr/local/lib/python3.8/site-packages /usr/local/lib/python3.8/site-packages
#11 sha256:94244727a380325e3d532e7e5f08f882d442be30a6cf9f1a79d6c0afb3817719
#11 DONE 22.8s

#3 [internal] load metadata for gcr.io/fuzzbench/base-image:latest
#3 sha256:932022888f650cc455b10eb5123bb08c0cccacac29a693e69314abbfd28a72c3
#3 DONE 0.0s

#4 [internal] load metadata for gcr.io/fuzzbench/builders/afl/arrow_arrow-intermediate:latest
#4 sha256:1f76ad463f9d8861547faadb7105ce0c99ca3c8fc00e6524c3d5c9d02c179ccf
#4 DONE 0.0s

#12 [internal] load build context
#12 sha256:2ca7dbe78d9ad5ebd9c23b67376f144871f970ce78da6e8268dffe27c879fa1a
#12 DONE 0.0s

#5 importing cache manifest from gcr.io/fuzzbench/builders/afl/arrow_arrow
#5 sha256:00b7629c0669f5746dd8f72499c93dec53c82621ce904c7868e96cab88164536
#5 ERROR: gcr.io/fuzzbench/builders/afl/arrow_arrow:latest: not found

#12 [internal] load build context
#12 sha256:2ca7dbe78d9ad5ebd9c23b67376f144871f970ce78da6e8268dffe27c879fa1a
#12 transferring context: 669.86kB 0.2s done
#12 DONE 0.3s

#13 [stage-1  6/13] COPY fuzzers /src/fuzzers
#13 sha256:00dc9211df0100ae6902e3078b8a24a2853128f968f19ea7de3e41368175d302
#13 CACHED

#14 [stage-1  7/13] RUN touch /src/__init__.py
#14 sha256:31e3a07cae0b26f5772fa426d1cc03096c825c2618c39ed981bb3a7752ebfe22
#14 CACHED

#15 [stage-1  8/13] COPY benchmarks/arrow_arrow/benchmark.yaml /
#15 sha256:f8f9440936d0769e6e29ea4f1a1d6b72533cfcda670b5971c49ee0f37e0fc18c
#15 DONE 0.2s

#16 [stage-1  9/13] RUN mkdir /opt/fuzzbench/
#16 sha256:9a652a182cc355e18ad9d85c163aade6024565abe3b6b1dfbf6dc81198d5ac88
#16 DONE 1.4s

#17 [stage-1 10/13] COPY docker/benchmark-builder/checkout_commit.py /opt/fuzzbench/
#17 sha256:7dc1ec2fd46afcd188d87db29d30366606fb3a820d1a21bc270b577964f95f84
#17 DONE 0.1s

#18 [stage-1 11/13] RUN export CHECKOUT_COMMIT=$(cat /benchmark.yaml | tr -d ' ' | grep 'commit:' | cut -d ':' -f2) &&     python3 -u /opt/fuzzbench/checkout_commit.py $CHECKOUT_COMMIT /src
#18 sha256:80aa26d0e693d45430713e271f70e74af6557c5bd480d22ebb2e2df8c4d38660
#18 1.146 Checking out commit 648d3f5b
#18 33.84 From https://github.com/apache/arrow
#18 33.84  * [new tag]             apache-arrow-0.1.0     -> apache-arrow-0.1.0
#18 33.84  * [new tag]             apache-arrow-0.10.0    -> apache-arrow-0.10.0
#18 33.84  * [new tag]             apache-arrow-0.11.0    -> apache-arrow-0.11.0
#18 33.84  * [new tag]             apache-arrow-0.12.0    -> apache-arrow-0.12.0
#18 33.84  * [new tag]             apache-arrow-0.13.0    -> apache-arrow-0.13.0
#18 33.84  * [new tag]             apache-arrow-0.14.0    -> apache-arrow-0.14.0
#18 33.84  * [new tag]             apache-arrow-0.15.0    -> apache-arrow-0.15.0
#18 33.84  * [new tag]             apache-arrow-0.16.0    -> apache-arrow-0.16.0
#18 33.85  * [new tag]             apache-arrow-0.17.0    -> apache-arrow-0.17.0
#18 33.85  * [new tag]             apache-arrow-0.2.0     -> apache-arrow-0.2.0
#18 33.85  * [new tag]             apache-arrow-0.4.0     -> apache-arrow-0.4.0
#18 33.85  * [new tag]             apache-arrow-0.4.1     -> apache-arrow-0.4.1
#18 33.85  * [new tag]             apache-arrow-0.5.0     -> apache-arrow-0.5.0
#18 33.85  * [new tag]             apache-arrow-0.6.0     -> apache-arrow-0.6.0
#18 33.85  * [new tag]             apache-arrow-0.7.0     -> apache-arrow-0.7.0
#18 33.85  * [new tag]             apache-arrow-0.7.1     -> apache-arrow-0.7.1
#18 33.85  * [new tag]             apache-arrow-0.8.0     -> apache-arrow-0.8.0
#18 33.85  * [new tag]             apache-arrow-0.9.0     -> apache-arrow-0.9.0
#18 33.85  * [new tag]             apache-arrow-1.0.0     -> apache-arrow-1.0.0
#18 33.85  * [new tag]             apache-arrow-2.0.0     -> apache-arrow-2.0.0
#18 33.85  * [new tag]             apache-arrow-3.0.0     -> apache-arrow-3.0.0
#18 33.85  * [new tag]             apache-arrow-5.0.0.dev -> apache-arrow-5.0.0.dev
#18 33.86  * [new tag]             apache-arrow-6.0.0.dev -> apache-arrow-6.0.0.dev
#18 33.86  * [new tag]             apache-arrow-7.0.0.dev -> apache-arrow-7.0.0.dev
#18 33.86  * [new tag]             apache-arrow-8.0.0.dev -> apache-arrow-8.0.0.dev
#18 33.86  * [new tag]             apache-arrow-js-0.2.0  -> apache-arrow-js-0.2.0
#18 33.86  * [new tag]             apache-arrow-js-0.3.0  -> apache-arrow-js-0.3.0
#18 33.86  * [new tag]             apache-arrow-js-0.4.0  -> apache-arrow-js-0.4.0
#18 33.86  * [new tag]             apache-arrow-js-0.4.1  -> apache-arrow-js-0.4.1
#18 36.56 Fetching submodule cpp/submodules/parquet-testing
#18 37.00 Fetching submodule testing
#18 38.31 From https://github.com/apache/arrow-testing
#18 38.31  * branch            0beeda3a0b9dc28cf18b6bb09f706e5caa5160d1 -> FETCH_HEAD
#18 41.32 From https://github.com/apache/parquet-testing
#18 41.32  * branch            8f2a069ed2c58787e5be2a3ca8c68bc801b8eafa -> FETCH_HEAD
#18 41.37 error: pathspec '648d3f5b' did not match any file(s) known to git
#18 41.40 error: pathspec '648d3f5b' did not match any file(s) known to git
#18 41.41 error: pathspec '648d3f5b' did not match any file(s) known to git
#18 41.48 error: pathspec '648d3f5b' did not match any file(s) known to git
#18 41.51 error: pathspec '648d3f5b' did not match any file(s) known to git
#18 41.56 error: pathspec '648d3f5b' did not match any file(s) known to git
#18 41.59 error: pathspec '648d3f5b' did not match any file(s) known to git
#18 41.61 error: pathspec '648d3f5b' did not match any file(s) known to git
#18 41.67 error: pathspec '648d3f5b' did not match any file(s) known to git
#18 41.71 error: pathspec '648d3f5b' did not match any file(s) known to git
#18 41.74 error: pathspec '648d3f5b' did not match any file(s) known to git
#18 41.77 error: pathspec '648d3f5b' did not match any file(s) known to git
#18 41.79 error: pathspec '648d3f5b' did not match any file(s) known to git
#18 41.82 error: pathspec '648d3f5b' did not match any file(s) known to git
#18 41.85 error: pathspec '648d3f5b' did not match any file(s) known to git
#18 41.87 error: pathspec '648d3f5b' did not match any file(s) known to git
#18 41.89 error: pathspec '648d3f5b' did not match any file(s) known to git
#18 41.91 error: pathspec '648d3f5b' did not match any file(s) known to git
#18 41.93 error: pathspec '648d3f5b' did not match any file(s) known to git
#18 41.97 error: pathspec '648d3f5b' did not match any file(s) known to git
#18 41.99 error: pathspec '648d3f5b' did not match any file(s) known to git
#18 42.02 error: pathspec '648d3f5b' did not match any file(s) known to git
#18 42.04 error: pathspec '648d3f5b' did not match any file(s) known to git
#18 42.07 error: pathspec '648d3f5b' did not match any file(s) known to git
#18 42.10 error: pathspec '648d3f5b' did not match any file(s) known to git
#18 42.12 error: pathspec '648d3f5b' did not match any file(s) known to git
#18 42.15 error: pathspec '648d3f5b' did not match any file(s) known to git
#18 42.17 error: pathspec '648d3f5b' did not match any file(s) known to git
#18 42.20 error: pathspec '648d3f5b' did not match any file(s) known to git
#18 42.22 error: pathspec '648d3f5b' did not match any file(s) known to git
#18 42.24 error: pathspec '648d3f5b' did not match any file(s) known to git
#18 42.26 error: pathspec '648d3f5b' did not match any file(s) known to git
#18 42.29 error: pathspec '648d3f5b' did not match any file(s) known to git
#18 42.31 error: pathspec '648d3f5b' did not match any file(s) known to git
#18 42.33 error: pathspec '648d3f5b' did not match any file(s) known to git
#18 42.36 error: pathspec '648d3f5b' did not match any file(s) known to git
#18 42.38 error: pathspec '648d3f5b' did not match any file(s) known to git
#18 42.40 error: pathspec '648d3f5b' did not match any file(s) known to git
#18 42.44 error: pathspec '648d3f5b' did not match any file(s) known to git
#18 42.46 error: pathspec '648d3f5b' did not match any file(s) known to git
#18 42.49 error: pathspec '648d3f5b' did not match any file(s) known to git
#18 42.53 error: pathspec '648d3f5b' did not match any file(s) known to git
#18 42.55 error: pathspec '648d3f5b' did not match any file(s) known to git
#18 42.58 error: pathspec '648d3f5b' did not match any file(s) known to git
#18 42.63 error: pathspec '648d3f5b' did not match any file(s) known to git
#18 42.65 error: pathspec '648d3f5b' did not match any file(s) known to git
#18 42.71 error: pathspec '648d3f5b' did not match any file(s) known to git
#18 42.75 error: pathspec '648d3f5b' did not match any file(s) known to git
#18 42.84 Checkout unsuccessful.
#18 DONE 43.1s

#19 [stage-1 12/13] RUN echo "#!/bin/bash\nPYTHONPATH=/src python3 -u -c "from fuzzers import utils; utils.initialize_env(); from fuzzers.afl import fuzzer; fuzzer.build()"" > /usr/bin/fuzzer_build &&     chmod +x /usr/bin/fuzzer_build
#19 sha256:7462e0e348e6fe8b07b3d5fff8064f45a4a236efeb93bf40e63e1f8feee5cbbb
#19 DONE 1.4s

#20 [stage-1 13/13] RUN echo "Run fuzzer_build to build the target" && if [ -z "$debug_builder" ] ; then fuzzer_build; fi
#20 sha256:692e0bc7832d3849e7c31d4fa35bbf7cc386265bf6b1269091420d2344b92b2a
#20 1.530 Run fuzzer_build to build the target
#20 1.771 FUZZ_TARGET = arrow
#20 1.772 CFLAGS = -DFUZZING_BUILD_MODE_UNSAFE_FOR_PRODUCTION -pthread -Wl,--no-as-needed -Wl,-ldl -Wl,-lm -Wno-unused-command-line-argument -O3
#20 1.772 CXXFLAGS = -DFUZZING_BUILD_MODE_UNSAFE_FOR_PRODUCTION -pthread -Wl,--no-as-needed -Wl,-ldl -Wl,-lm -Wno-unused-command-line-argument -stdlib=libc++ -O3
#20 1.782 Building benchmark arrow_arrow with fuzzer afl
#20 1.787 + set -ex
#20 1.787 + ARROW=/src/arrow/cpp
#20 1.787 + cd /work
#20 1.788 + export ASAN_OPTIONS=detect_leaks=0
#20 1.788 + ASAN_OPTIONS=detect_leaks=0
#20 1.788 + cmake /src/arrow/cpp -GNinja -DCMAKE_BUILD_TYPE=Release -DARROW_DEPENDENCY_SOURCE=BUNDLED -DBOOST_SOURCE=SYSTEM '-DCMAKE_C_FLAGS=-DFUZZING_BUILD_MODE_UNSAFE_FOR_PRODUCTION -pthread -Wl,--no-as-needed -Wl,-ldl -Wl,-lm -Wno-unused-command-line-argument -O3 -fsanitize-coverage=trace-pc-guard' '-DCMAKE_CXX_FLAGS=-DFUZZING_BUILD_MODE_UNSAFE_FOR_PRODUCTION -pthread -Wl,--no-as-needed -Wl,-ldl -Wl,-lm -Wno-unused-command-line-argument -stdlib=libc++ -O3 -fsanitize-coverage=trace-pc-guard' -DARROW_EXTRA_ERROR_CONTEXT=off -DARROW_JEMALLOC=off -DARROW_MIMALLOC=off -DARROW_FILESYSTEM=off -DARROW_PARQUET=on -DARROW_BUILD_SHARED=off -DARROW_BUILD_STATIC=on -DARROW_BUILD_TESTS=off -DARROW_BUILD_INTEGRATION=off -DARROW_BUILD_BENCHMARKS=off -DARROW_BUILD_EXAMPLES=off -DARROW_BUILD_UTILITIES=off -DARROW_TEST_LINKAGE=static -DPARQUET_BUILD_EXAMPLES=off -DPARQUET_BUILD_EXECUTABLES=off -DPARQUET_REQUIRE_ENCRYPTION=off -DARROW_WITH_BROTLI=off -DARROW_WITH_BZ2=off -DARROW_WITH_LZ4=off -DARROW_WITH_SNAPPY=off -DARROW_WITH_ZLIB=off -DARROW_WITH_ZSTD=off -DARROW_USE_GLOG=off -DARROW_USE_ASAN=off -DARROW_USE_UBSAN=off -DARROW_USE_TSAN=off -DARROW_FUZZING=on
#20 1.796 -- Building using CMake version: 3.21.1
#20 2.203 -- The C compiler identification is Clang 14.0.0
#20 2.701 -- The CXX compiler identification is Clang 14.0.0
#20 2.724 -- Detecting C compiler ABI info
#20 3.024 -- Detecting C compiler ABI info - done
#20 3.129 -- Check for working C compiler: /usr/local/bin/clang - skipped
#20 3.130 -- Detecting C compile features
#20 3.131 -- Detecting C compile features - done
#20 3.145 -- Detecting CXX compiler ABI info
#20 3.542 -- Detecting CXX compiler ABI info - done
#20 3.673 -- Check for working CXX compiler: /usr/local/bin/clang++ - skipped
#20 3.674 -- Detecting CXX compile features
#20 3.675 -- Detecting CXX compile features - done
#20 3.678 -- Arrow version: 8.0.0 (full: '8.0.0-SNAPSHOT')
#20 3.678 -- Arrow SO version: 800 (full: 800.0.0)
#20 3.706 -- clang-tidy 12 not found
#20 3.706 -- clang-format 12 not found
#20 3.707 -- Could NOT find ClangTools (missing: CLANG_FORMAT_BIN CLANG_TIDY_BIN) 
#20 3.708 -- infer not found
#20 4.976 -- Found Python3: /usr/local/bin/python3.8 (found version "3.8.6") found components: Interpreter 
#20 4.980 -- Found cpplint executable at /src/arrow/cpp/build-support/cpplint.py
#20 4.986 -- System processor: x86_64
#20 4.989 -- Performing Test CXX_SUPPORTS_SSE4_2
#20 5.334 -- Performing Test CXX_SUPPORTS_SSE4_2 - Success
#20 5.337 -- Performing Test CXX_SUPPORTS_AVX2
#20 5.680 -- Performing Test CXX_SUPPORTS_AVX2 - Success
#20 5.682 -- Performing Test CXX_SUPPORTS_AVX512
#20 7.363 -- Performing Test CXX_SUPPORTS_AVX512 - Success
#20 7.365 -- Arrow build warning level: PRODUCTION
#20 7.384 Using ld linker
#20 7.385 Configured for RELEASE build (set with cmake -DCMAKE_BUILD_TYPE={release,debug,...})
#20 7.386 -- Build Type: RELEASE
#20 7.391 -- Performing Test CXX_LINKER_SUPPORTS_VERSION_SCRIPT
#20 7.763 -- Performing Test CXX_LINKER_SUPPORTS_VERSION_SCRIPT - Success
#20 7.785 -- Using BUNDLED approach to find dependencies
#20 7.790 -- ARROW_ABSL_BUILD_VERSION: 20210324.2
#20 7.796 -- ARROW_ABSL_BUILD_SHA256_CHECKSUM: 59b862f50e710277f8ede96f083a5bb8d7c9595376146838b9580be90374ee1f
#20 7.797 -- ARROW_AWSSDK_BUILD_VERSION: 1.8.133
#20 7.797 -- ARROW_AWSSDK_BUILD_SHA256_CHECKSUM: d6c495bc06be5e21dac716571305d77437e7cfd62a2226b8fe48d9ab5785a8d6
#20 7.798 -- ARROW_AWS_CHECKSUMS_BUILD_VERSION: v0.1.12
#20 7.798 -- ARROW_AWS_CHECKSUMS_BUILD_SHA256_CHECKSUM: 394723034b81cc7cd528401775bc7aca2b12c7471c92350c80a0e2fb9d2909fe
#20 7.799 -- ARROW_AWS_C_COMMON_BUILD_VERSION: v0.6.9
#20 7.799 -- ARROW_AWS_C_COMMON_BUILD_SHA256_CHECKSUM: 928a3e36f24d1ee46f9eec360ec5cebfe8b9b8994fe39d4fa74ff51aebb12717
#20 7.800 -- ARROW_AWS_C_EVENT_STREAM_BUILD_VERSION: v0.1.5
#20 7.800 -- ARROW_AWS_C_EVENT_STREAM_BUILD_SHA256_CHECKSUM: f1b423a487b5d6dca118bfc0d0c6cc596dc476b282258a3228e73a8f730422d4
#20 7.801 -- ARROW_BOOST_BUILD_VERSION: 1.75.0
#20 7.801 -- ARROW_BOOST_BUILD_SHA256_CHECKSUM: 267e04a7c0bfe85daf796dedc789c3a27a76707e1c968f0a2a87bb96331e2b61
#20 7.802 -- ARROW_BROTLI_BUILD_VERSION: v1.0.9
#20 7.802 -- ARROW_BROTLI_BUILD_SHA256_CHECKSUM: f9e8d81d0405ba66d181529af42a3354f838c939095ff99930da6aa9cdf6fe46
#20 7.803 -- ARROW_BZIP2_BUILD_VERSION: 1.0.8
#20 7.803 -- ARROW_BZIP2_BUILD_SHA256_CHECKSUM: ab5a03176ee106d3f0fa90e381da478ddae405918153cca248e682cd0c4a2269
#20 7.804 -- ARROW_CARES_BUILD_VERSION: 1.17.2
#20 7.804 -- ARROW_CARES_BUILD_SHA256_CHECKSUM: 4803c844ce20ce510ef0eb83f8ea41fa24ecaae9d280c468c582d2bb25b3913d
#20 7.805 -- ARROW_CRC32C_BUILD_VERSION: 1.1.2
#20 7.805 -- ARROW_CRC32C_BUILD_SHA256_CHECKSUM: ac07840513072b7fcebda6e821068aa04889018f24e10e46181068fb214d7e56
#20 7.806 -- ARROW_GBENCHMARK_BUILD_VERSION: v1.6.0
#20 7.806 -- ARROW_GBENCHMARK_BUILD_SHA256_CHECKSUM: 1f71c72ce08d2c1310011ea6436b31e39ccab8c2db94186d26657d41747c85d6
#20 7.807 -- ARROW_GFLAGS_BUILD_VERSION: v2.2.2
#20 7.807 -- ARROW_GFLAGS_BUILD_SHA256_CHECKSUM: 34af2f15cf7367513b352bdcd2493ab14ce43692d2dcd9dfc499492966c64dcf
#20 7.808 -- ARROW_GLOG_BUILD_VERSION: v0.5.0
#20 7.808 -- ARROW_GLOG_BUILD_SHA256_CHECKSUM: eede71f28371bf39aa69b45de23b329d37214016e2055269b3b5e7cfd40b59f5
#20 7.809 -- ARROW_GOOGLE_CLOUD_CPP_BUILD_VERSION: v1.35.0
#20 7.809 -- ARROW_GOOGLE_CLOUD_CPP_BUILD_SHA256_CHECKSUM: e4e9eac1e7999eff195db270bc2a719004660b3730ebb5d2f444f2d2057e49b2
#20 7.810 -- ARROW_GRPC_BUILD_VERSION: v1.35.0
#20 7.810 -- ARROW_GRPC_BUILD_SHA256_CHECKSUM: 27dd2fc5c9809ddcde8eb6fa1fa278a3486566dfc28335fca13eb8df8bd3b958
#20 7.811 -- ARROW_GTEST_BUILD_VERSION: 1.11.0
#20 7.811 -- ARROW_GTEST_BUILD_SHA256_CHECKSUM: b4870bf121ff7795ba20d20bcdd8627b8e088f2d1dab299a031c1034eddc93d5
#20 7.812 -- ARROW_JEMALLOC_BUILD_VERSION: 5.2.1
#20 7.812 -- ARROW_JEMALLOC_BUILD_SHA256_CHECKSUM: 34330e5ce276099e2e8950d9335db5a875689a4c6a56751ef3b1d8c537f887f6
#20 7.817 -- ARROW_LZ4_BUILD_VERSION: 8f61d8eb7c6979769a484cde8df61ff7c4c77765
#20 7.817 -- ARROW_LZ4_BUILD_SHA256_CHECKSUM: 5b072d848f2f93fddb97e1143e22c1bd7fa19fc8431ee69e21758190a88125b4
#20 7.817 -- ARROW_MIMALLOC_BUILD_VERSION: v1.7.3
#20 7.818 -- ARROW_MIMALLOC_BUILD_SHA256_CHECKSUM: 0f987bda01ca9df87ec90e9d98c63fa893ee61f3cca565e5ca5ed744fdcc5109
#20 7.819 -- ARROW_NLOHMANN_JSON_BUILD_VERSION: v3.10.2
#20 7.819 -- ARROW_NLOHMANN_JSON_BUILD_SHA256_CHECKSUM: 081ed0f9f89805c2d96335c3acfa993b39a0a5b4b4cef7edb68dd2210a13458c
#20 7.820 -- ARROW_OPENTELEMETRY_BUILD_VERSION: v1.1.0
#20 7.820 -- ARROW_OPENTELEMETRY_BUILD_SHA256_CHECKSUM: f8fd3adddd47be382dc79c19d7e7efcf86a0dfbb5a237db6e0618dbb7eb8e058
#20 7.821 -- ARROW_OPENTELEMETRY_PROTO_BUILD_VERSION: v0.11.0
#20 7.821 -- ARROW_OPENTELEMETRY_PROTO_BUILD_SHA256_CHECKSUM: 985367f8905e91018e636cbf0d83ab3f834b665c4f5899a27d10cae9657710e2
#20 7.822 -- ARROW_ORC_BUILD_VERSION: 1.7.3
#20 7.822 -- ARROW_ORC_BUILD_SHA256_CHECKSUM: 535c4d7588172e85b8fc941cd0575d67f2155a55e4cd65d87d5b194b0bb28a31
#20 7.823 -- ARROW_PROTOBUF_BUILD_VERSION: v3.18.1
#20 7.823 -- ARROW_PROTOBUF_BUILD_SHA256_CHECKSUM: b8ab9bbdf0c6968cf20060794bc61e231fae82aaf69d6e3577c154181991f576
#20 7.824 -- ARROW_RAPIDJSON_BUILD_VERSION: 1a803826f1197b5e30703afe4b9c0e7dd48074f5
#20 7.824 -- ARROW_RAPIDJSON_BUILD_SHA256_CHECKSUM: 0b6b780b6c534bfb0b23d29910bfe361e486bcfeaf106db8bc8995792072905a
#20 7.825 -- ARROW_RE2_BUILD_VERSION: 2021-11-01
#20 7.825 -- ARROW_RE2_BUILD_SHA256_CHECKSUM: 8c45f7fba029ab41f2a7e6545058d9eec94eef97ce70df58e92d85cfc08b4669
#20 7.826 -- ARROW_SNAPPY_BUILD_VERSION: 1.1.9
#20 7.826 -- ARROW_SNAPPY_BUILD_SHA256_CHECKSUM: 75c1fbb3d618dd3a0483bff0e26d0a92b495bbe5059c8b4f1c962b478b6e06e7
#20 7.827 -- ARROW_SNAPPY_OLD_BUILD_VERSION: 1.1.8
#20 7.827 -- ARROW_SNAPPY_OLD_BUILD_SHA256_CHECKSUM: 16b677f07832a612b0836178db7f374e414f94657c138e6993cbfc5dcc58651f
#20 7.828 -- ARROW_THRIFT_BUILD_VERSION: 0.13.0
#20 7.828 -- ARROW_THRIFT_BUILD_SHA256_CHECKSUM: 7ad348b88033af46ce49148097afe354d513c1fca7c607b59c33ebb6064b5179
#20 7.829 -- ARROW_UTF8PROC_BUILD_VERSION: v2.7.0
#20 7.829 -- ARROW_UTF8PROC_BUILD_SHA256_CHECKSUM: 4bb121e297293c0fd55f08f83afab6d35d48f0af4ecc07523ad8ec99aa2b12a1
#20 7.829 -- ARROW_XSIMD_BUILD_VERSION: aeec9c872c8b475dedd7781336710f2dd2666cb2
#20 7.830 -- ARROW_XSIMD_BUILD_SHA256_CHECKSUM: 0a841e6c8acf216150e4fc19fca8e29fbab9614b56ac7b96e56019264ca27b26
#20 7.830 -- ARROW_ZLIB_BUILD_VERSION: 1.2.11
#20 7.830 -- ARROW_ZLIB_BUILD_SHA256_CHECKSUM: c3e5e9fdd5004dcb542feda5ee4f0ff0744628baf8ed2dd5d66f8ca1197cb1a1
#20 7.831 -- ARROW_ZSTD_BUILD_VERSION: v1.5.1
#20 7.831 -- ARROW_ZSTD_BUILD_SHA256_CHECKSUM: dc05773342b28f11658604381afd22cb0a13e8ba17ff2bd7516df377060c18dd
#20 7.840 -- Looking for pthread.h
#20 8.195 -- Looking for pthread.h - found
#20 8.197 -- Performing Test CMAKE_HAVE_LIBC_PTHREAD
#20 8.516 -- Performing Test CMAKE_HAVE_LIBC_PTHREAD - Success
#20 8.521 -- Found Threads: TRUE  
#20 8.524 -- Looking for _M_ARM64
#20 8.599 -- Looking for _M_ARM64 - not found
#20 8.601 -- Looking for __SIZEOF_INT128__
#20 9.001 -- Looking for __SIZEOF_INT128__ - found
#20 9.033 -- Found Boost: /usr/lib/x86_64-linux-gnu/cmake/Boost-1.71.0/BoostConfig.cmake (found suitable version "1.71.0", minimum required is "1.58") found components: system filesystem 
#20 9.037 -- Boost include dir: /usr/include
#20 9.037 -- Boost libraries: Boost::system;Boost::filesystem
#20 9.038 -- Building without OpenSSL support. Minimum OpenSSL version 1.0.2 required.
#20 9.039 Building Apache Thrift from source
#20 9.100 -- Building gtest from source
#20 9.151 -- Building RapidJSON from source
#20 9.202 -- Building xsimd from source
#20 9.252 -- Building RE2 from source
#20 9.303 -- Building utf8proc from source
#20 9.352 -- Found hdfs.h at: /src/arrow/cpp/thirdparty/hadoop/include/hdfs.h
#20 9.352 -- All bundled static libraries: thrift::thrift;re2::re2;utf8proc::utf8proc
#20 9.355 -- CMAKE_C_FLAGS: -DFUZZING_BUILD_MODE_UNSAFE_FOR_PRODUCTION -pthread -Wl,--no-as-needed -Wl,-ldl -Wl,-lm -Wno-unused-command-line-argument -O3 -fsanitize-coverage=trace-pc-guard -Qunused-arguments -O3 -DNDEBUG  -Wall -Wno-unknown-warning-option -Wno-pass-failed -msse4.2 
#20 9.355 -- CMAKE_CXX_FLAGS:  -DFUZZING_BUILD_MODE_UNSAFE_FOR_PRODUCTION -pthread -Wl,--no-as-needed -Wl,-ldl -Wl,-lm -Wno-unused-command-line-argument -stdlib=libc++ -O3 -fsanitize-coverage=trace-pc-guard -Qunused-arguments -fcolor-diagnostics -O3 -DNDEBUG  -Wall -Wno-unknown-warning-option -Wno-pass-failed -msse4.2  -fsanitize-coverage=pc-table,inline-8bit-counters,edge,no-prune,trace-cmp,trace-div,trace-gep
#20 9.374 -- Looking for backtrace
#20 9.681 -- Looking for backtrace - found
#20 9.682 -- backtrace facility detected in default set of libraries
#20 9.684 -- Found Backtrace: /usr/include  
#20 9.686 -- Creating bundled static library target arrow_bundled_dependencies at /work/release/libarrow_bundled_dependencies.a
#20 9.821 -- ---------------------------------------------------------------------
#20 9.821 -- Arrow version:                                 8.0.0-SNAPSHOT
#20 9.821 -- 
#20 9.821 -- Build configuration summary:
#20 9.821 --   Generator: Ninja
#20 9.822 --   Build type: RELEASE
#20 9.822 --   Source directory: /src/arrow/cpp
#20 9.822 --   Install prefix: /usr/local
#20 9.822 -- 
#20 9.822 -- Compile and link options:
#20 9.822 -- 
#20 9.823 --   ARROW_CXXFLAGS="" [default=""]
#20 9.823 --       Compiler flags to append when compiling Arrow
#20 9.823 --   ARROW_BUILD_STATIC=on [default=ON]
#20 9.823 --       Build static libraries
#20 9.823 --   ARROW_BUILD_SHARED=off [default=ON]
#20 9.823 --       Build shared libraries
#20 9.823 --   ARROW_PACKAGE_KIND="" [default=""]
#20 9.823 --       Arbitrary string that identifies the kind of package
#20 9.823 --       (for informational purposes)
#20 9.824 --   ARROW_GIT_ID=2a196601d520e7844f5cc70aa95f93a6fcb2d3bb [default=""]
#20 9.824 --       The Arrow git commit id (if any)
#20 9.824 --   ARROW_GIT_DESCRIPTION=apache-arrow-8.0.0.dev-94-g2a196601d [default=""]
#20 9.824 --       The Arrow git commit description (if any)
#20 9.824 --   ARROW_NO_DEPRECATED_API=OFF [default=OFF]
#20 9.824 --       Exclude deprecated APIs from build
#20 9.824 --   ARROW_USE_CCACHE=ON [default=ON]
#20 9.824 --       Use ccache when compiling (if available)
#20 9.825 --   ARROW_USE_LD_GOLD=OFF [default=OFF]
#20 9.825 --       Use ld.gold for linking on Linux (if available)
#20 9.825 --   ARROW_USE_PRECOMPILED_HEADERS=OFF [default=OFF]
#20 9.825 --       Use precompiled headers when compiling
#20 9.825 --   ARROW_SIMD_LEVEL=SSE4_2 [default=NONE|SSE4_2|AVX2|AVX512|NEON|DEFAULT]
#20 9.825 --       Compile-time SIMD optimization level
#20 9.825 --   ARROW_RUNTIME_SIMD_LEVEL=MAX [default=NONE|SSE4_2|AVX2|AVX512|MAX]
#20 9.825 --       Max runtime SIMD optimization level
#20 9.826 --   ARROW_ARMV8_ARCH=armv8-a [default=armv8-a|armv8-a+crc+crypto]
#20 9.826 --       Arm64 arch and extensions
#20 9.826 --   ARROW_ALTIVEC=ON [default=ON]
#20 9.826 --       Build with Altivec if compiler has support
#20 9.826 --   ARROW_RPATH_ORIGIN=OFF [default=OFF]
#20 9.826 --       Build Arrow libraries with RATH set to $ORIGIN
#20 9.826 --   ARROW_INSTALL_NAME_RPATH=ON [default=ON]
#20 9.826 --       Build Arrow libraries with install_name set to @rpath
#20 9.827 --   ARROW_GGDB_DEBUG=ON [default=ON]
#20 9.827 --       Pass -ggdb flag to debug builds
#20 9.827 -- 
#20 9.827 -- Test and benchmark options:
#20 9.827 -- 
#20 9.827 --   ARROW_BUILD_EXAMPLES=off [default=OFF]
#20 9.827 --       Build the Arrow examples
#20 9.827 --   ARROW_BUILD_TESTS=off [default=OFF]
#20 9.827 --       Build the Arrow googletest unit tests
#20 9.828 --   ARROW_ENABLE_TIMING_TESTS=ON [default=ON]
#20 9.828 --       Enable timing-sensitive tests
#20 9.828 --   ARROW_BUILD_INTEGRATION=off [default=OFF]
#20 9.828 --       Build the Arrow integration test executables
#20 9.828 --   ARROW_BUILD_BENCHMARKS=off [default=OFF]
#20 9.828 --       Build the Arrow micro benchmarks
#20 9.829 --   ARROW_BUILD_BENCHMARKS_REFERENCE=OFF [default=OFF]
#20 9.829 --       Build the Arrow micro reference benchmarks
#20 9.829 --   ARROW_BUILD_OPENMP_BENCHMARKS=OFF [default=OFF]
#20 9.829 --       Build the Arrow benchmarks that rely on OpenMP
#20 9.829 --   ARROW_BUILD_DETAILED_BENCHMARKS=OFF [default=OFF]
#20 9.829 --       Build benchmarks that do a longer exploration of performance
#20 9.829 --   ARROW_TEST_LINKAGE=static [default=shared|static]
#20 9.829 --       Linkage of Arrow libraries with unit tests executables.
#20 9.830 --   ARROW_FUZZING=on [default=OFF]
#20 9.830 --       Build Arrow Fuzzing executables
#20 9.830 --   ARROW_LARGE_MEMORY_TESTS=OFF [default=OFF]
#20 9.830 --       Enable unit tests which use large memory
#20 9.830 -- 
#20 9.830 -- Lint options:
#20 9.830 -- 
#20 9.831 --   ARROW_ONLY_LINT=OFF [default=OFF]
#20 9.831 --       Only define the lint and check-format targets
#20 9.831 --   ARROW_VERBOSE_LINT=OFF [default=OFF]
#20 9.831 --       If off, 'quiet' flags will be passed to linting tools
#20 9.831 --   ARROW_GENERATE_COVERAGE=OFF [default=OFF]
#20 9.831 --       Build with C++ code coverage enabled
#20 9.831 -- 
#20 9.831 -- Checks options:
#20 9.831 -- 
#20 9.832 --   ARROW_TEST_MEMCHECK=OFF [default=OFF]
#20 9.832 --       Run the test suite using valgrind --tool=memcheck
#20 9.832 --   ARROW_USE_ASAN=off [default=OFF]
#20 9.832 --       Enable Address Sanitizer checks
#20 9.832 --   ARROW_USE_TSAN=off [default=OFF]
#20 9.832 --       Enable Thread Sanitizer checks
#20 9.832 --   ARROW_USE_UBSAN=off [default=OFF]
#20 9.832 --       Enable Undefined Behavior sanitizer checks
#20 9.832 -- 
#20 9.833 -- Project component options:
#20 9.833 -- 
#20 9.833 --   ARROW_BUILD_UTILITIES=off [default=OFF]
#20 9.833 --       Build Arrow commandline utilities
#20 9.833 --   ARROW_COMPUTE=ON [default=OFF]
#20 9.833 --       Build the Arrow Compute Modules
#20 9.833 --   ARROW_CSV=OFF [default=OFF]
#20 9.833 --       Build the Arrow CSV Parser Module
#20 9.834 --   ARROW_CUDA=OFF [default=OFF]
#20 9.834 --       Build the Arrow CUDA extensions (requires CUDA toolkit)
#20 9.834 --   ARROW_DATASET=OFF [default=OFF]
#20 9.834 --       Build the Arrow Dataset Modules
#20 9.834 --   ARROW_ENGINE=OFF [default=OFF]
#20 9.834 --       Build the Arrow Query Engine Module
#20 9.835 --   ARROW_FILESYSTEM=off [default=OFF]
#20 9.835 --       Build the Arrow Filesystem Layer
#20 9.835 --   ARROW_FLIGHT=OFF [default=OFF]
#20 9.835 --       Build the Arrow Flight RPC System (requires GRPC, Protocol Buffers)
#20 9.835 --   ARROW_FLIGHT_SQL=OFF [default=OFF]
#20 9.835 --       Build the Arrow Flight SQL extension
#20 9.835 --   ARROW_GANDIVA=OFF [default=OFF]
#20 9.835 --       Build the Gandiva libraries
#20 9.836 --   ARROW_GCS=OFF [default=OFF]
#20 9.836 --       Build Arrow with GCS support (requires the GCloud SDK for C++)
#20 9.836 --   ARROW_HDFS=OFF [default=OFF]
#20 9.836 --       Build the Arrow HDFS bridge
#20 9.836 --   ARROW_HIVESERVER2=OFF [default=OFF]
#20 9.836 --       Build the HiveServer2 client and Arrow adapter
#20 9.836 --   ARROW_IPC=ON [default=ON]
#20 9.836 --       Build the Arrow IPC extensions
#20 9.837 --   ARROW_JEMALLOC=off [default=ON]
#20 9.837 --       Build the Arrow jemalloc-based allocator
#20 9.837 --   ARROW_JNI=OFF [default=OFF]
#20 9.837 --       Build the Arrow JNI lib
#20 9.837 --   ARROW_JSON=ON [default=OFF]
#20 9.837 --       Build Arrow with JSON support (requires RapidJSON)
#20 9.837 --   ARROW_MIMALLOC=off [default=OFF]
#20 9.837 --       Build the Arrow mimalloc-based allocator
#20 9.838 --   ARROW_PARQUET=on [default=OFF]
#20 9.838 --       Build the Parquet libraries
#20 9.838 --   ARROW_ORC=OFF [default=OFF]
#20 9.838 --       Build the Arrow ORC adapter
#20 9.838 --   ARROW_PLASMA=OFF [default=OFF]
#20 9.838 --       Build the plasma object store along with Arrow
#20 9.838 --   ARROW_PLASMA_JAVA_CLIENT=OFF [default=OFF]
#20 9.838 --       Build the plasma object store java client
#20 9.839 --   ARROW_PYTHON=OFF [default=OFF]
#20 9.839 --       Build the Arrow CPython extensions
#20 9.844 --   ARROW_S3=OFF [default=OFF]
#20 9.844 --       Build Arrow with S3 support (requires the AWS SDK for C++)
#20 9.844 --   ARROW_SKYHOOK=OFF [default=OFF]
#20 9.844 --       Build the Skyhook libraries
#20 9.844 --   ARROW_TENSORFLOW=OFF [default=OFF]
#20 9.844 --       Build Arrow with TensorFlow support enabled
#20 9.844 --   ARROW_TESTING=ON [default=OFF]
#20 9.844 --       Build the Arrow testing libraries
#20 9.844 -- 
#20 9.844 -- Thirdparty toolchain options:
#20 9.844 -- 
#20 9.844 --   ARROW_DEPENDENCY_SOURCE=BUNDLED [default=AUTO|BUNDLED|SYSTEM|CONDA|VCPKG|BREW]
#20 9.844 --       Method to use for acquiring arrow's build dependencies
#20 9.844 --   ARROW_VERBOSE_THIRDPARTY_BUILD=OFF [default=OFF]
#20 9.844 --       Show output from ExternalProjects rather than just logging to files
#20 9.844 --   ARROW_DEPENDENCY_USE_SHARED=ON [default=ON]
#20 9.844 --       Link to shared libraries
#20 9.844 --   ARROW_BOOST_USE_SHARED=ON [default=ON]
#20 9.844 --       Rely on boost shared libraries where relevant
#20 9.844 --   ARROW_BROTLI_USE_SHARED=ON [default=ON]
#20 9.844 --       Rely on Brotli shared libraries where relevant
#20 9.844 --   ARROW_BZ2_USE_SHARED=ON [default=ON]
#20 9.844 --       Rely on Bz2 shared libraries where relevant
#20 9.844 --   ARROW_GFLAGS_USE_SHARED=ON [default=ON]
#20 9.844 --       Rely on GFlags shared libraries where relevant
#20 9.844 --   ARROW_GRPC_USE_SHARED=ON [default=ON]
#20 9.844 --       Rely on gRPC shared libraries where relevant
#20 9.844 --   ARROW_LZ4_USE_SHARED=ON [default=ON]
#20 9.844 --       Rely on lz4 shared libraries where relevant
#20 9.844 --   ARROW_OPENSSL_USE_SHARED=ON [default=ON]
#20 9.844 --       Rely on OpenSSL shared libraries where relevant
#20 9.844 --   ARROW_PROTOBUF_USE_SHARED=ON [default=ON]
#20 9.844 --       Rely on Protocol Buffers shared libraries where relevant
#20 9.844 --   ARROW_THRIFT_USE_SHARED=ON [default=ON]
#20 9.844 --       Rely on thrift shared libraries where relevant
#20 9.844 --   ARROW_UTF8PROC_USE_SHARED=ON [default=ON]
#20 9.844 --       Rely on utf8proc shared libraries where relevant
#20 9.844 --   ARROW_SNAPPY_USE_SHARED=ON [default=ON]
#20 9.844 --       Rely on snappy shared libraries where relevant
#20 9.844 --   ARROW_UTF8PROC_USE_SHARED=ON [default=ON]
#20 9.844 --       Rely on utf8proc shared libraries where relevant
#20 9.844 --   ARROW_ZSTD_USE_SHARED=ON [default=ON]
#20 9.844 --       Rely on zstd shared libraries where relevant
#20 9.844 --   ARROW_USE_GLOG=off [default=OFF]
#20 9.844 --       Build libraries with glog support for pluggable logging
#20 9.845 --   ARROW_WITH_BACKTRACE=ON [default=ON]
#20 9.845 --       Build with backtrace support
#20 9.845 --   ARROW_WITH_OPENTELEMETRY=OFF [default=OFF]
#20 9.845 --       Build libraries with OpenTelemetry support for distributed tracing
#20 9.845 --   ARROW_WITH_BROTLI=off [default=OFF]
#20 9.845 --       Build with Brotli compression
#20 9.845 --   ARROW_WITH_BZ2=off [default=OFF]
#20 9.845 --       Build with BZ2 compression
#20 9.845 --   ARROW_WITH_LZ4=off [default=OFF]
#20 9.846 --       Build with lz4 compression
#20 9.846 --   ARROW_WITH_SNAPPY=off [default=OFF]
#20 9.846 --       Build with Snappy compression
#20 9.846 --   ARROW_WITH_ZLIB=off [default=OFF]
#20 9.846 --       Build with zlib compression
#20 9.846 --   ARROW_WITH_ZSTD=off [default=OFF]
#20 9.846 --       Build with zstd compression
#20 9.847 --   ARROW_WITH_UTF8PROC=ON [default=ON]
#20 9.847 --       Build with support for Unicode properties using the utf8proc library
#20 9.847 --       (only used if ARROW_COMPUTE is ON or ARROW_GANDIVA is ON)
#20 9.847 --   ARROW_WITH_RE2=ON [default=ON]
#20 9.847 --       Build with support for regular expressions using the re2 library
#20 9.847 --       (only used if ARROW_COMPUTE or ARROW_GANDIVA is ON)
#20 9.847 -- 
#20 9.847 -- Parquet options:
#20 9.847 -- 
#20 9.847 --   PARQUET_MINIMAL_DEPENDENCY=OFF [default=OFF]
#20 9.848 --       Depend only on Thirdparty headers to build libparquet.
#20 9.848 --       Always OFF if building binaries
#20 9.848 --   PARQUET_BUILD_EXECUTABLES=off [default=OFF]
#20 9.848 --       Build the Parquet executable CLI tools. Requires static libraries to be built.
#20 9.848 --   PARQUET_BUILD_EXAMPLES=off [default=OFF]
#20 9.848 --       Build the Parquet examples. Requires static libraries to be built.
#20 9.849 --   PARQUET_REQUIRE_ENCRYPTION=off [default=OFF]
#20 9.849 --       Build support for encryption. Fail if OpenSSL is not found
#20 9.849 -- 
#20 9.849 -- Gandiva options:
#20 9.849 -- 
#20 9.849 --   ARROW_GANDIVA_JAVA=OFF [default=OFF]
#20 9.849 --       Build the Gandiva JNI wrappers
#20 9.849 --   ARROW_GANDIVA_STATIC_LIBSTDCPP=OFF [default=OFF]
#20 9.849 --       Include -static-libstdc++ -static-libgcc when linking with
#20 9.849 --       Gandiva static libraries
#20 9.850 --   ARROW_GANDIVA_PC_CXX_FLAGS="" [default=""]
#20 9.850 --       Compiler flags to append when pre-compiling Gandiva operations
#20 9.850 -- 
#20 9.850 -- Advanced developer options:
#20 9.850 -- 
#20 9.850 --   ARROW_EXTRA_ERROR_CONTEXT=off [default=OFF]
#20 9.850 --       Compile with extra error context (line numbers, code)
#20 9.850 --   ARROW_OPTIONAL_INSTALL=OFF [default=OFF]
#20 9.850 --       If enabled install ONLY targets that have already been built. Please be
#20 9.850 --       advised that if this is enabled 'install' will fail silently on components
#20 9.851 --       that have not been built
#20 9.851 --   ARROW_SUBSTRAIT_REPO=https://github.com/substrait-io/substrait [default="https://github.com/substrait-io/substrait"]
#20 9.851 --       Custom git repository URL for downloading Substrait sources.
#20 9.851 --       See also ARROW_SUBSTRAIT_TAG
#20 9.851 --   ARROW_SUBSTRAIT_TAG=e1b4c04a1b518912f4c4065b16a1b2c0ac8e14cf [default="e1b4c04a1b518912f4c4065b16a1b2c0ac8e14cf"]
#20 9.851 --       Custom git hash/tag/branch for Substrait repository.
#20 9.851 --       See also ARROW_SUBSTRAIT_REPO
#20 9.851 --   Outputting build configuration summary to /work/cmake_summary.json
#20 9.865 -- Configuring done
#20 10.10 -- Generating done
#20 10.13 -- Build files have been written to: /work
#20 10.15 + cmake --build .
#20 10.26 [1/314] Creating directories for 'thrift_ep'
#20 10.27 [2/314] Creating directories for 'googletest_ep'
#20 10.28 [3/314] Creating directories for 'rapidjson_ep'
#20 10.28 [4/314] Creating directories for 'xsimd_ep'
#20 10.30 [5/314] Creating directories for 're2_ep'
#20 10.31 [6/314] Creating directories for 'utf8proc_ep'
#20 11.04 [7/314] Performing download step (download, verify and extract) for 'xsimd_ep'
#20 11.06 [8/314] No update step for 'xsimd_ep'
#20 11.08 [9/314] Performing download step (download, verify and extract) for 'utf8proc_ep'
#20 11.10 [10/314] Performing download step (download, verify and extract) for 're2_ep'
#20 11.11 [11/314] No patch step for 'xsimd_ep'
#20 11.12 [12/314] No update step for 'utf8proc_ep'
#20 11.15 [13/314] No update step for 're2_ep'
#20 11.16 [14/314] No patch step for 'utf8proc_ep'
#20 11.17 [15/314] No patch step for 're2_ep'
#20 11.31 [16/314] Performing download step (download, verify and extract) for 'googletest_ep'
#20 11.35 [17/314] Performing download step (download, verify and extract) for 'rapidjson_ep'
#20 11.36 [18/314] No update step for 'googletest_ep'
#20 11.38 [19/314] No update step for 'rapidjson_ep'
#20 11.41 [20/314] No patch step for 'googletest_ep'
#20 11.42 [21/314] No patch step for 'rapidjson_ep'
#20 12.13 [22/314] Performing download step (download, verify and extract) for 'thrift_ep'
#20 12.17 [23/314] No update step for 'thrift_ep'
#20 12.22 [24/314] No patch step for 'thrift_ep'
#20 12.86 [25/314] Performing configure step for 'utf8proc_ep'
#20 13.35 [26/314] Performing configure step for 'rapidjson_ep'
#20 13.44 [27/314] Performing build step for 'rapidjson_ep'
#20 13.62 [28/314] Performing install step for 'rapidjson_ep'
#20 13.66 [29/314] Completed 'rapidjson_ep'
#20 14.55 [30/314] Performing configure step for 'xsimd_ep'
#20 14.63 [31/314] Performing build step for 'xsimd_ep'
#20 14.75 [32/314] Performing configure step for 're2_ep'
#20 14.77 [33/314] Performing install step for 'xsimd_ep'
#20 14.82 [34/314] Completed 'xsimd_ep'
#20 20.21 [35/314] Performing configure step for 'googletest_ep'
#20 20.55 [36/314] Performing build step for 'utf8proc_ep'
#20 20.80 [37/314] Performing install step for 'utf8proc_ep'
#20 20.88 [38/314] Completed 'utf8proc_ep'
#20 52.70 [39/314] Performing configure step for 'thrift_ep'
#20 134.5 [40/314] Performing build step for 'thrift_ep'
#20 134.8 [41/314] Performing install step for 'thrift_ep'
#20 134.9 [42/314] Completed 'thrift_ep'
#20 139.8 [43/314] Performing build step for 'googletest_ep'
#20 140.0 [44/314] Performing install step for 'googletest_ep'
#20 140.0 [45/314] Completed 'googletest_ep'
#20 140.6 [46/314] Performing build step for 're2_ep'
#20 140.9 [47/314] Performing install step for 're2_ep'
#20 141.0 [48/314] Completed 're2_ep'
#20 152.4 [49/314] Building CXX object src/arrow/CMakeFiles/arrow_testing_objlib.dir/testing/util.cc.o
#20 156.8 [50/314] Building CXX object src/arrow/CMakeFiles/arrow_testing_objlib.dir/testing/json_integration.cc.o
/bin/sh: 1: source: not found
#20 159.3 [51/314] Building CXX object src/arrow/CMakeFiles/arrow_testing_objlib.dir/io/test_common.cc.o
#20 163.0 [52/314] Building CXX object src/arrow/CMakeFiles/arrow_objlib.dir/array/array_binary.cc.o
#1 [internal] load build definition from Dockerfile
#1 sha256:ff732540d7bb6fcc525033f6c0d07c95a9d8f1dda0a91a1290ab3ac72447d290
#1 transferring dockerfile: 32B done
#1 DONE 0.0s

#2 [internal] load .dockerignore
#2 sha256:4f14af0b0457b02b6a02d184a8a2f7d94c8d83ff4d0d5b1d60dff1a33df761e7
#2 transferring context: 2B done
#2 DONE 0.0s

#3 [internal] load metadata for gcr.io/oss-fuzz-base/base-builder:latest
#3 sha256:f10dc39cc9d418a5bc416dead31a1902b6821fdae909cd3b08f7a3fd1faba7b5
#3 DONE 0.5s

#4 importing cache manifest from gcr.io/fuzzbench/builders/benchmark/arrow_arrow
#4 sha256:52b8c4ac6a410079727c30037fea5ee309fa67e7f74f09300e9080158057aa8e
#4 DONE 0.0s

#5 [1/4] FROM gcr.io/oss-fuzz-base/base-builder@sha256:112044a9815d235113677d459cf2ece740a51f2b85081c8f66943dcdc72ddf7f
#5 sha256:4aee4bf9f7280ac8b7f02b8d29e6e084dd034d2c294b4e3e05d8ce7048a1450f
#5 DONE 0.0s

#8 [internal] load build context
#8 sha256:fbdee0df66479962e22a5c93a11d01b646a33a31518e4fd2f05ed5c6e77655f0
#8 transferring context: 30B done
#8 DONE 0.0s

#7 [3/4] RUN git clone --depth=1 https://github.com/apache/arrow.git /src/arrow
#7 sha256:87bc382c75f7c89f1c7a3c9dc784a6525cbf476477771264b2f6cfdd0a66eea7
#7 CACHED

#6 [2/4] RUN apt-get update -y -q &&     apt-get update -y -q &&     apt-get install -y -q --no-install-recommends         cmake         ninja-build         python3
#6 sha256:2b0aff353567c0cd1c882d0e97d7377c841698a8749b392efb6797e1cd39e586
#6 CACHED

#9 [4/4] COPY build.sh /src/
#9 sha256:fe15b5cabb2ba4006b2ad220a232929f20436272e8ee038c5f9ea54bde33a1f3
#9 CACHED

#10 exporting to image
#10 sha256:e8c613e07b0b7ff33893b694f7759a10d42e180f2b4dc349fb57dc6b71dcab00
#10 exporting layers done
#10 writing image sha256:d1cf5c3ea38b37ff4898b343779bdc7cfc98b332e203999724c41afdd99a5408
#10 writing image sha256:d1cf5c3ea38b37ff4898b343779bdc7cfc98b332e203999724c41afdd99a5408 done
#10 naming to gcr.io/fuzzbench/builders/benchmark/arrow_arrow done
#10 DONE 0.1s

#11 exporting cache
#11 sha256:2700d4ef94dee473593c5c614b55b2dedcca7893909811a8f2b48291a1f581e4
#11 preparing build cache for export done
#11 DONE 0.0s
#1 [internal] load build definition from builder.Dockerfile
#1 sha256:fb7d55e2c56135f3e1154f9c54f9aea1bad110f462633437ed05d040b4bde141
#1 transferring dockerfile: 46B done
#1 DONE 0.1s

#2 [internal] load .dockerignore
#2 sha256:5bbca29bc18322a51a8ab613402042384e7ddb2ea822666ac2c0464c31da6662
#2 transferring context: 2B done
#2 DONE 0.0s

#3 [internal] load metadata for gcr.io/fuzzbench/builders/benchmark/arrow_arrow:latest
#3 sha256:c791f821c5a2390e1458185242c42fbc45669871d0f2714d44c84d757aac8c0f
#3 DONE 0.0s

#6 [1/3] FROM gcr.io/fuzzbench/builders/benchmark/arrow_arrow
#6 sha256:3d396ea1521cdb01f8e77f21b1291e9b6db35a56849f508e9865ca3febf35e11
#6 DONE 0.0s

#7 importing cache manifest from gcr.io/fuzzbench/builders/afl/arrow_arrow-intermediate
#7 sha256:612c95e9e3811d71d89f0ef8ee259029c0051e2b1e030bab4ed6d93133bf26ad
#7 DONE 0.0s

#4 [2/3] RUN git clone https://github.com/google/AFL.git /afl &&     cd /afl &&     git checkout 61037103ae3722c8060ff7082994836a794f978e &&     AFL_NO_X86=1 make
#4 sha256:87a23b288fc2a3c30b9afc79464377074dd989e166dd27479a347cbf7a7ad1f7
#4 CACHED

#5 [3/3] RUN apt-get update &&     apt-get install wget -y &&     wget https://raw.githubusercontent.com/llvm/llvm-project/5feb80e748924606531ba28c97fe65145c65372e/compiler-rt/lib/fuzzer/afl/afl_driver.cpp -O /afl/afl_driver.cpp &&     clang -Wno-pointer-sign -c /afl/llvm_mode/afl-llvm-rt.o.c -I/afl &&     clang++ -stdlib=libc++ -std=c++11 -O2 -c /afl/afl_driver.cpp &&     ar r /libAFL.a *.o
#5 sha256:f9725b1c21330f7154e137d333189d4047b676390275c4d79aa526bc85367fca
#5 CACHED

#8 exporting to image
#8 sha256:e8c613e07b0b7ff33893b694f7759a10d42e180f2b4dc349fb57dc6b71dcab00
#8 exporting layers done
#8 writing image sha256:9728f14b951c977282118c2348444c5248de73aa8ec01b22d0ade55acfe2df93 done
#8 naming to gcr.io/fuzzbench/builders/afl/arrow_arrow-intermediate done
#8 DONE 0.1s

#9 exporting cache
#9 sha256:2700d4ef94dee473593c5c614b55b2dedcca7893909811a8f2b48291a1f581e4
#9 preparing build cache for export done
#9 DONE 0.0s
#20 167.4 [53/314] Building CXX object src/arrow/CMakeFiles/arrow_objlib.dir/array/array_decimal.cc.o
#1 [internal] load build definition from Dockerfile
#1 sha256:616af3d1dd84c6fb86b0bfa6d05a7fad3cf53e8f53132309473cc0ecc9559cc0
#1 transferring dockerfile: 2.00kB done
#1 DONE 0.0s

#2 [internal] load .dockerignore
#2 sha256:536ea74506c8222d576c56ac415ea58fd344794d3ab06b74133c38cbb90be12b
#2 transferring context: 34B done
#2 DONE 0.0s

#3 [internal] load metadata for docker.io/library/ubuntu:xenial
#3 sha256:f62bae18ed588840f045c881b2502661f2a89578a2f8f99b83f5200ee83dd25b
#3 DONE 0.0s

#12 importing cache manifest from gcr.io/fuzzbench/base-image
#12 sha256:9b220ebb4d4daceed1b96df9b6dca076e762f1cd612574f010b82d5b9e5ad896
#12 DONE 0.0s

#11 [1/7] FROM docker.io/library/ubuntu:xenial
#11 sha256:14dd403f25ae9e519bd44f27dc17af7ce80f5a4f9f48ca88108364e67ec5d360
#11 DONE 0.0s

#6 [internal] load build context
#6 sha256:66e757b218bb64b7edb4720f5a6b318eca8b7e6c125ef16458745719c40a1d3c
#6 transferring context: 559B 0.0s done
#6 DONE 0.1s

#4 [2/7] RUN apt-get update -y && apt-get install -y     build-essential     rsync     curl     zlib1g-dev     libncurses5-dev     libgdbm-dev     libnss3-dev     libssl-dev     libreadline-dev     libffi-dev     virtualenv     libbz2-dev     liblzma-dev     libsqlite3-dev
#4 sha256:3a1b0960f17eed529eaae93dc8fd3554f2743dd584d8fa569cdbe6bc734371ac
#4 CACHED

#7 [4/7] COPY ./requirements.txt /
#7 sha256:466f96c9daf9292f37992354c27f317a112048aae1772e9500fb7e3a20de1bd3
#7 CACHED

#5 [3/7] RUN cd /tmp/ &&     curl -O https://www.python.org/ftp/python/3.8.6/Python-3.8.6.tar.xz &&     tar -xvf Python-3.8.6.tar.xz &&     cd Python-3.8.6 &&     ./configure --enable-loadable-sqlite-extensions --enable-optimizations &&     make -j install &&     rm -r /tmp/Python-3.8.6.tar.xz /tmp/Python-3.8.6
#5 sha256:c5b9d1fb3371e84dbc60b76e7b2f8d5913bc93bcd4910ab65daa03e7b2ec4bb0
#5 CACHED

#8 [5/7] RUN pip3 install -r /requirements.txt
#8 sha256:23f99beac75dac772808b2216069f033ba7457e04c699c84517470b9064ad750
#8 CACHED

#9 [6/7] RUN apt-get update -y && apt-get install -y     apt-transport-https     lsb-release
#9 sha256:4acbb2f288c932ee88028b240d26d563916879b22f6367dd0b31eafe271fcccb
#9 CACHED

#10 [7/7] RUN CLOUD_SDK_REPO="cloud-sdk-$(lsb_release -c -s)" &&     echo "deb https://packages.cloud.google.com/apt $CLOUD_SDK_REPO main"     | tee -a /etc/apt/sources.list.d/google-cloud-sdk.list &&     curl https://packages.cloud.google.com/apt/doc/apt-key.gpg     | apt-key add - &&     apt-get update -y &&     apt-get install -y google-cloud-sdk
#10 sha256:d677aa0cda683f0e6f01190dc098e401cad865e6f8408dc75c6f1690b7d156bd
#10 CACHED

#13 exporting to image
#13 sha256:e8c613e07b0b7ff33893b694f7759a10d42e180f2b4dc349fb57dc6b71dcab00
#13 exporting layers done
#13 writing image sha256:7c312afc0c92be055a6e596de5bde5bb2ff79522f51f5d5c5b849c01586f4ff7 done
#13 naming to gcr.io/fuzzbench/base-image done
#13 DONE 0.0s

#14 exporting cache
#14 sha256:2700d4ef94dee473593c5c614b55b2dedcca7893909811a8f2b48291a1f581e4
#14 preparing build cache for export done
#14 DONE 0.0s
#1 [internal] load build definition from Dockerfile
#1 sha256:31692c39b7d5f7faa9d8674a47214a6f8ffc249283d3635134e98d9cb33b63ff
#1 transferring dockerfile: 2.22kB done
#1 DONE 0.1s

#2 [internal] load .dockerignore
#2 sha256:673db3b026b38769161af86dfeaa7f60728137219e9cdc76b64e2f300c71c92c
#2 transferring context: 34B done
#2 DONE 0.0s

#7 [base-image 1/1] FROM gcr.io/fuzzbench/base-image
#7 sha256:4d07825694520f8b6f6a0d8592dbd345433361ae044cb7f06706c5a95e3daaad
#7 CACHED

#6 [stage-1  1/13] FROM gcr.io/fuzzbench/builders/afl/arrow_arrow-intermediate
#6 sha256:709fd35d9144b867e2c2693fd1cf7c030e24ca311d5b97a3e7bee0aa35cb98e6
#6 DONE 0.5s

#8 [stage-1  2/13] COPY --from=base-image /usr/local/bin/python3* /usr/local/bin/
#8 sha256:92680b7f7d697f488a6c6db5ecd76cfef0f31a1f398cb4543b320ea229dc585c
#8 DONE 0.6s

#9 [stage-1  3/13] COPY --from=base-image /usr/local/lib/python3.8 /usr/local/lib/python3.8
#9 sha256:959676c46abe6e5dfbeefe64b4f9d8a51edac248f1da794be0f16e8b0cf078fc
#9 DONE 14.7s

#10 [stage-1  4/13] COPY --from=base-image /usr/local/include/python3.8 /usr/local/include/python3.8
#10 sha256:56f3668c581ebbfd178b77f1987e19cf64af45644f75afe2eae13a33a045a4e9
#10 DONE 0.2s

#11 [stage-1  5/13] COPY --from=base-image /usr/local/lib/python3.8/site-packages /usr/local/lib/python3.8/site-packages
#11 sha256:94244727a380325e3d532e7e5f08f882d442be30a6cf9f1a79d6c0afb3817719
#11 DONE 22.8s

#3 [internal] load metadata for gcr.io/fuzzbench/base-image:latest
#3 sha256:932022888f650cc455b10eb5123bb08c0cccacac29a693e69314abbfd28a72c3
#3 DONE 0.0s

#4 [internal] load metadata for gcr.io/fuzzbench/builders/afl/arrow_arrow-intermediate:latest
#4 sha256:1f76ad463f9d8861547faadb7105ce0c99ca3c8fc00e6524c3d5c9d02c179ccf
#4 DONE 0.0s

#12 [internal] load build context
#12 sha256:b6a631d61627d338acc4d529f56cbc6dec3cfb124d8685830e462826844284cd
#12 DONE 0.0s

#5 importing cache manifest from gcr.io/fuzzbench/builders/afl/arrow_arrow
#5 sha256:00b7629c0669f5746dd8f72499c93dec53c82621ce904c7868e96cab88164536
#5 ERROR: gcr.io/fuzzbench/builders/afl/arrow_arrow:latest: not found

#12 [internal] load build context
#12 sha256:b6a631d61627d338acc4d529f56cbc6dec3cfb124d8685830e462826844284cd
#12 transferring context: 669.86kB 0.2s done
#12 DONE 0.2s
#20 177.2 [54/314] Building CXX object src/arrow/CMakeFiles/arrow_objlib.dir/array/array_primitive.cc.o
#20 177.3 [55/314] Building CXX object src/arrow/CMakeFiles/arrow_testing_objlib.dir/testing/generator.cc.o
#20 193.5 [56/314] Building CXX object src/arrow/CMakeFiles/arrow_objlib.dir/array/builder_adaptive.cc.o
#20 197.6 [57/314] Building CXX object src/arrow/CMakeFiles/arrow_testing_objlib.dir/testing/gtest_util.cc.o
#20 198.1 [58/314] Building CXX object src/arrow/CMakeFiles/arrow_objlib.dir/array/array_nested.cc.o
#20 202.2 [59/314] Building CXX object src/arrow/CMakeFiles/arrow_testing_objlib.dir/compute/exec/test_util.cc.o
#20 202.7 [60/314] Building CXX object src/arrow/CMakeFiles/arrow_objlib.dir/array/builder_base.cc.o
#20 202.8 [61/314] Building CXX object src/arrow/CMakeFiles/arrow_objlib.dir/array/array_base.cc.o
#20 210.1 [62/314] Building CXX object src/arrow/CMakeFiles/arrow_objlib.dir/array/builder_binary.cc.o
#20 211.0 [63/314] Building CXX object src/arrow/CMakeFiles/arrow_objlib.dir/array/builder_decimal.cc.o
#20 218.5 [64/314] Building CXX object src/arrow/CMakeFiles/arrow_objlib.dir/array/builder_primitive.cc.o
#20 218.9 [65/314] Building CXX object src/arrow/CMakeFiles/arrow_testing_objlib.dir/testing/random.cc.o
#20 220.6 [66/314] Building CXX object src/arrow/CMakeFiles/arrow_testing_objlib.dir/ipc/test_common.cc.o
#20 221.4 [67/314] Building CXX object src/arrow/CMakeFiles/arrow_objlib.dir/array/builder_union.cc.o
#20 223.5 [68/314] Building CXX object src/arrow/CMakeFiles/arrow_objlib.dir/array/builder_nested.cc.o
#20 226.8 [69/314] Building CXX object src/arrow/CMakeFiles/arrow_objlib.dir/array/data.cc.o
#20 234.0 [70/314] Building CXX object src/arrow/CMakeFiles/arrow_objlib.dir/array/array_dict.cc.o
#20 234.6 [71/314] Building CXX object src/arrow/CMakeFiles/arrow_objlib.dir/buffer.cc.o
#20 235.0 [72/314] Building CXX object src/arrow/CMakeFiles/arrow_objlib.dir/array/concatenate.cc.o
#20 239.2 [73/314] Building CXX object src/arrow/CMakeFiles/arrow_objlib.dir/config.cc.o
#20 243.0 [74/314] Building CXX object src/arrow/CMakeFiles/arrow_objlib.dir/chunked_array.cc.o
#20 247.3 [75/314] Building CXX object src/arrow/CMakeFiles/arrow_objlib.dir/array/builder_dict.cc.o
#20 253.4 [76/314] Building CXX object src/arrow/CMakeFiles/arrow_objlib.dir/array/validate.cc.o
#20 254.6 [77/314] Building CXX object src/arrow/CMakeFiles/arrow_objlib.dir/device.cc.o
#20 257.1 [78/314] Building CXX object src/arrow/CMakeFiles/arrow_objlib.dir/datum.cc.o
#20 264.2 [79/314] Building CXX object src/arrow/CMakeFiles/arrow_objlib.dir/extension_type.cc.o
#20 266.9 [80/314] Building CXX object src/arrow/CMakeFiles/arrow_objlib.dir/array/util.cc.o
#20 268.2 [81/314] Building CXX object src/arrow/CMakeFiles/arrow_objlib.dir/compare.cc.o
#20 268.5 [82/314] Building CXX object src/arrow/CMakeFiles/arrow_testing_objlib.dir/testing/json_internal.cc.o
#20 269.6 [83/314] Building CXX object src/arrow/CMakeFiles/arrow_objlib.dir/result.cc.o
#20 271.8 [84/314] Building CXX object src/arrow/CMakeFiles/arrow_objlib.dir/memory_pool.cc.o
#20 275.6 [85/314] Building CXX object src/arrow/CMakeFiles/arrow_objlib.dir/status.cc.o
#20 279.3 [86/314] Building CXX object src/arrow/CMakeFiles/arrow_objlib.dir/record_batch.cc.o
#20 284.6 [87/314] Building CXX object src/arrow/CMakeFiles/arrow_objlib.dir/table_builder.cc.o
#20 286.2 [88/314] Building CXX object src/arrow/CMakeFiles/arrow_objlib.dir/sparse_tensor.cc.o
#20 292.7 [89/314] Building CXX object src/arrow/CMakeFiles/arrow_objlib.dir/tensor.cc.o
#20 299.5 [90/314] Building CXX object src/arrow/CMakeFiles/arrow_objlib.dir/table.cc.o
#20 300.9 [91/314] Building CXX object src/arrow/CMakeFiles/arrow_objlib.dir/tensor/csx_converter.cc.o
#20 301.2 [92/314] Building CXX object src/arrow/CMakeFiles/arrow_objlib.dir/tensor/csf_converter.cc.o
#20 312.6 [93/314] Building CXX object src/arrow/CMakeFiles/arrow_objlib.dir/visitor.cc.o
#20 316.4 [94/314] Building CXX object src/arrow/CMakeFiles/arrow_objlib.dir/pretty_print.cc.o
#20 317.4 [95/314] Building CXX object src/arrow/CMakeFiles/arrow_objlib.dir/io/buffered.cc.o
#20 329.6 [96/314] Building CXX object src/arrow/CMakeFiles/arrow_objlib.dir/io/caching.cc.o
#20 333.2 [97/314] Building CXX object src/arrow/CMakeFiles/arrow_objlib.dir/io/compressed.cc.o
#20 333.8 [98/314] Building CXX object src/arrow/CMakeFiles/arrow_objlib.dir/compute/kernels/aggregate_basic_avx2.cc.o
#20 341.8 [99/314] Building CXX object src/arrow/CMakeFiles/arrow_objlib.dir/io/file.cc.o
#20 344.0 [100/314] Building CXX object src/arrow/CMakeFiles/arrow_objlib.dir/tensor/coo_converter.cc.o
#20 346.4 [101/314] Building CXX object src/arrow/CMakeFiles/arrow_objlib.dir/io/hdfs.cc.o
#20 346.5 [102/314] Building CXX object src/arrow/CMakeFiles/arrow_objlib.dir/io/hdfs_internal.cc.o
#20 348.1 [103/314] Building CXX object src/arrow/CMakeFiles/arrow_objlib.dir/c/bridge.cc.o
#20 349.7 [104/314] Building CXX object src/arrow/CMakeFiles/arrow_objlib.dir/array/diff.cc.o
#20 350.8 [105/314] Building CXX object src/arrow/CMakeFiles/arrow_objlib.dir/io/stdio.cc.o
#20 351.9 [106/314] Building CXX object src/arrow/CMakeFiles/arrow_objlib.dir/io/slow.cc.o
#20 352.1 [107/314] Building CXX object src/arrow/CMakeFiles/arrow_objlib.dir/io/memory.cc.o
#20 352.5 [108/314] Building CXX object src/arrow/CMakeFiles/arrow_objlib.dir/io/interfaces.cc.o
#20 354.0 [109/314] Building CXX object src/arrow/CMakeFiles/arrow_objlib.dir/type.cc.o
#20 354.6 [110/314] Building CXX object src/arrow/CMakeFiles/arrow_objlib.dir/util/bit_block_counter.cc.o
#20 355.3 [111/314] Building CXX object src/arrow/CMakeFiles/arrow_objlib.dir/util/bit_util.cc.o
#20 355.6 [112/314] Building CXX object src/arrow/CMakeFiles/arrow_objlib.dir/util/bit_run_reader.cc.o
#20 355.7 [113/314] Building CXX object src/arrow/CMakeFiles/arrow_objlib.dir/io/transform.cc.o
#20 356.7 [114/314] Building CXX object src/arrow/CMakeFiles/arrow_objlib.dir/util/bitmap.cc.o
#20 357.4 [115/314] Building CXX object src/arrow/CMakeFiles/arrow_objlib.dir/util/async_util.cc.o
#20 357.4 [116/314] Building CXX object src/arrow/CMakeFiles/arrow_objlib.dir/util/basic_decimal.cc.o
#20 358.5 [117/314] Building CXX object src/arrow/CMakeFiles/arrow_objlib.dir/util/bitmap_builders.cc.o
#20 358.8 [118/314] Building CXX object src/arrow/CMakeFiles/arrow_objlib.dir/util/debug.cc.o
#20 360.2 [119/314] Building CXX object src/arrow/CMakeFiles/arrow_objlib.dir/util/compression.cc.o
#20 361.7 [120/314] Building CXX object src/arrow/CMakeFiles/arrow_objlib.dir/util/counting_semaphore.cc.o
#20 361.9 [121/314] Building CXX object src/arrow/CMakeFiles/arrow_objlib.dir/util/cancel.cc.o
#20 362.7 [122/314] Building CXX object src/arrow/CMakeFiles/arrow_objlib.dir/util/bitmap_ops.cc.o
#20 364.5 [123/314] Building CXX object src/arrow/CMakeFiles/arrow_objlib.dir/util/cpu_info.cc.o
#20 365.8 [124/314] Building CXX object src/arrow/CMakeFiles/arrow_objlib.dir/util/delimiting.cc.o
#20 366.4 [125/314] Building CXX object src/arrow/CMakeFiles/arrow_objlib.dir/scalar.cc.o
#20 367.7 [126/314] Building CXX object src/arrow/CMakeFiles/arrow_objlib.dir/util/bpacking.cc.o
#20 367.8 [127/314] Building CXX object src/arrow/CMakeFiles/arrow_objlib.dir/util/byte_size.cc.o
#20 368.1 [128/314] Building CXX object src/arrow/CMakeFiles/arrow_objlib.dir/util/formatting.cc.o
#20 369.0 [129/314] Building CXX object src/arrow/CMakeFiles/arrow_objlib.dir/util/decimal.cc.o
#20 369.1 [130/314] Building CXX object src/arrow/CMakeFiles/arrow_objlib.dir/util/logging.cc.o
#20 370.5 [131/314] Building CXX object src/arrow/CMakeFiles/arrow_objlib.dir/util/mutex.cc.o
#20 371.8 [132/314] Building CXX object src/arrow/CMakeFiles/arrow_objlib.dir/util/future.cc.o
#20 372.8 [133/314] Building CXX object src/arrow/CMakeFiles/arrow_objlib.dir/util/string_builder.cc.o
#20 373.4 [134/314] Building CXX object src/arrow/CMakeFiles/arrow_objlib.dir/util/string.cc.o
#20 375.3 [135/314] Building CXX object src/arrow/CMakeFiles/arrow_objlib.dir/util/memory.cc.o
#20 376.6 [136/314] Building CXX object src/arrow/CMakeFiles/arrow_objlib.dir/util/tdigest.cc.o
#20 376.8 [137/314] Building CXX object src/arrow/CMakeFiles/arrow_objlib.dir/util/task_group.cc.o
#20 376.9 [138/314] Building CXX object src/arrow/CMakeFiles/arrow_objlib.dir/util/time.cc.o
#20 377.9 [139/314] Building CXX object src/arrow/CMakeFiles/arrow_objlib.dir/util/io_util.cc.o
#20 377.9 [140/314] Building CXX object src/arrow/CMakeFiles/arrow_objlib.dir/util/key_value_metadata.cc.o
#20 378.8 [141/314] Building CXX object src/arrow/CMakeFiles/arrow_objlib.dir/util/tracing.cc.o
#20 379.6 [142/314] Building CXX object src/arrow/CMakeFiles/arrow_objlib.dir/util/thread_pool.cc.o
#20 379.6 [143/314] Building CXX object src/arrow/CMakeFiles/arrow_objlib.dir/util/unreachable.cc.o
#20 380.3 [144/314] Building CXX object src/arrow/CMakeFiles/arrow_objlib.dir/util/trie.cc.o
#20 381.2 [145/314] Building CXX object src/arrow/CMakeFiles/arrow_objlib.dir/vendored/double-conversion/bignum-dtoa.cc.o
#20 381.4 [146/314] Building CXX object src/arrow/CMakeFiles/arrow_objlib.dir/vendored/double-conversion/bignum.cc.o
#20 381.6 [147/314] Building CXX object src/arrow/CMakeFiles/arrow_objlib.dir/vendored/base64.cpp.o
#20 381.9 [148/314] Building CXX object src/arrow/CMakeFiles/arrow_objlib.dir/util/utf8.cc.o
#20 382.0 [149/314] Building CXX object src/arrow/CMakeFiles/arrow_objlib.dir/vendored/double-conversion/diy-fp.cc.o
#20 382.0 [150/314] Building CXX object src/arrow/CMakeFiles/arrow_objlib.dir/vendored/double-conversion/cached-powers.cc.o
#20 382.3 [151/314] Building CXX object src/arrow/CMakeFiles/arrow_objlib.dir/vendored/double-conversion/fast-dtoa.cc.o
#20 382.6 [152/314] Building CXX object src/arrow/CMakeFiles/arrow_objlib.dir/vendored/double-conversion/strtod.cc.o
#20 383.0 [153/314] Building CXX object src/arrow/CMakeFiles/arrow_objlib.dir/vendored/double-conversion/fixed-dtoa.cc.o
#20 387.6 [154/314] Building CXX object src/arrow/CMakeFiles/arrow_objlib.dir/vendored/double-conversion/double-conversion.cc.o
#20 388.7 [155/314] Building CXX object src/arrow/CMakeFiles/arrow_objlib.dir/util/uri.cc.o
#20 389.9 [156/314] Building CXX object src/arrow/CMakeFiles/arrow_objlib.dir/util/value_parsing.cc.o
#20 392.3 [157/314] Building CXX object src/arrow/CMakeFiles/arrow_objlib.dir/util/bpacking_avx2.cc.o
#20 393.0 [158/314] Building CXX object src/arrow/CMakeFiles/arrow_objlib.dir/util/bpacking_avx512.cc.o
#20 394.1 [159/314] Building CXX object src/arrow/CMakeFiles/arrow_objlib.dir/util/int_util.cc.o
#20 399.0 [160/314] Building CXX object src/arrow/CMakeFiles/arrow_objlib.dir/vendored/datetime/tz.cpp.o
#20 409.1 [161/314] Building CXX object src/arrow/CMakeFiles/arrow_objlib.dir/compute/cast.cc.o
#20 409.3 [162/314] Building CXX object src/arrow/CMakeFiles/arrow_objlib.dir/compute/api_aggregate.cc.o
#20 410.7 [163/314] Building CXX object src/arrow/CMakeFiles/arrow_objlib.dir/compute/exec.cc.o
#20 411.8 [164/314] Building CXX object src/arrow/CMakeFiles/arrow_objlib.dir/compute/exec/filter_node.cc.o
#20 417.0 [165/314] Building CXX object src/arrow/CMakeFiles/arrow_objlib.dir/compute/api_vector.cc.o
#20 418.3 [166/314] Building CXX object src/arrow/CMakeFiles/arrow_objlib.dir/compute/exec/aggregate_node.cc.o
#20 422.0 [167/314] Building CXX object src/arrow/CMakeFiles/arrow_objlib.dir/compute/exec/exec_plan.cc.o
#20 426.7 [168/314] Building CXX object src/arrow/CMakeFiles/arrow_objlib.dir/compute/exec/key_compare.cc.o
#20 428.0 [169/314] Building CXX object src/arrow/CMakeFiles/arrow_objlib.dir/compute/exec/key_hash.cc.o
#20 431.8 [170/314] Building CXX object src/arrow/CMakeFiles/arrow_objlib.dir/compute/exec/hash_join.cc.o
#20 432.8 [171/314] Building CXX object src/arrow/CMakeFiles/arrow_objlib.dir/compute/exec/key_encode.cc.o
#20 434.9 [172/314] Building CXX object src/arrow/CMakeFiles/arrow_objlib.dir/compute/exec/key_map.cc.o
#20 435.4 [173/314] Building CXX object src/arrow/CMakeFiles/arrow_objlib.dir/compute/exec/options.cc.o
#20 438.8 [174/314] Building CXX object src/arrow/CMakeFiles/arrow_objlib.dir/compute/exec/expression.cc.o
#20 439.0 [175/314] Building CXX object src/arrow/CMakeFiles/arrow_objlib.dir/compute/exec/hash_join_node.cc.o
#20 440.8 [176/314] Building CXX object src/arrow/CMakeFiles/arrow_objlib.dir/compute/exec/order_by_impl.cc.o
#20 441.1 [177/314] Building CXX object src/arrow/CMakeFiles/arrow_objlib.dir/compute/exec/hash_join_dict.cc.o
#20 442.9 [178/314] Building CXX object src/arrow/CMakeFiles/arrow_objlib.dir/compute/exec/task_util.cc.o
#20 446.0 [179/314] Building CXX object src/arrow/CMakeFiles/arrow_objlib.dir/compute/exec/project_node.cc.o
#20 448.6 [180/314] Building CXX object src/arrow/CMakeFiles/arrow_objlib.dir/compute/exec/ir_consumer.cc.o
#20 451.1 [181/314] Building CXX object src/arrow/CMakeFiles/arrow_objlib.dir/compute/exec/util.cc.o
#20 451.8 [182/314] Building CXX object src/arrow/CMakeFiles/arrow_objlib.dir/compute/exec/union_node.cc.o
#20 451.9 [183/314] Building CXX object src/arrow/CMakeFiles/arrow_objlib.dir/compute/exec/source_node.cc.o
#20 453.2 [184/314] Building CXX object src/arrow/CMakeFiles/arrow_objlib.dir/compute/exec/sink_node.cc.o
#20 456.3 [185/314] Building CXX object src/arrow/CMakeFiles/arrow_objlib.dir/compute/function_internal.cc.o
#20 456.7 [186/314] Building CXX object src/arrow/CMakeFiles/arrow_objlib.dir/compute/function.cc.o
#20 457.1 [187/314] Building CXX object src/arrow/CMakeFiles/arrow_objlib.dir/compute/kernel.cc.o
#20 464.3 [188/314] Building CXX object src/arrow/CMakeFiles/arrow_objlib.dir/compute/registry.cc.o
#20 470.9 [189/314] Building CXX object src/arrow/CMakeFiles/arrow_objlib.dir/compute/kernels/codegen_internal.cc.o
#20 474.0 [190/314] Building CXX object src/arrow/CMakeFiles/arrow_objlib.dir/compute/api_scalar.cc.o
#20 476.0 [191/314] Building CXX object src/arrow/CMakeFiles/arrow_objlib.dir/compute/kernels/aggregate_tdigest.cc.o
#20 478.5 [192/314] Building CXX object src/arrow/CMakeFiles/arrow_objlib.dir/compute/kernels/aggregate_var_std.cc.o
#20 482.1 [193/314] Building CXX object src/arrow/CMakeFiles/arrow_objlib.dir/compute/kernels/row_encoder.cc.o
#20 492.4 [194/314] Building CXX object src/arrow/CMakeFiles/arrow_objlib.dir/compute/kernels/scalar_cast_boolean.cc.o
#20 494.4 [195/314] Building CXX object src/arrow/CMakeFiles/arrow_objlib.dir/compute/kernels/scalar_cast_dictionary.cc.o
#20 516.6 [196/314] Building CXX object src/arrow/CMakeFiles/arrow_objlib.dir/compute/kernels/scalar_cast_nested.cc.o
#20 519.9 [197/314] Building CXX object src/arrow/CMakeFiles/arrow_objlib.dir/compute/kernels/aggregate_quantile.cc.o
#20 521.9 [198/314] Building CXX object src/arrow/CMakeFiles/arrow_objlib.dir/compute/kernels/scalar_boolean.cc.o
#20 525.8 [199/314] Building CXX object src/arrow/ipc/CMakeFiles/arrow-ipc-tensor-stream-fuzz.dir/tensor_stream_fuzz.cc.o
#20 530.0 [200/314] Building CXX object src/arrow/CMakeFiles/arrow_objlib.dir/builder.cc.o
#20 530.3 [201/314] Building CXX object src/arrow/CMakeFiles/arrow_objlib.dir/compute/kernels/scalar_cast_internal.cc.o
#20 530.5 [202/314] Building CXX object src/arrow/CMakeFiles/arrow_objlib.dir/compute/kernels/aggregate_mode.cc.o
#20 542.6 [203/314] Building CXX object src/arrow/CMakeFiles/arrow_objlib.dir/compute/kernels/scalar_random.cc.o
#20 568.8 [204/314] Building CXX object src/arrow/CMakeFiles/arrow_objlib.dir/compute/kernels/scalar_cast_temporal.cc.o
#20 578.0 [205/314] Building CXX object src/arrow/CMakeFiles/arrow_objlib.dir/compute/kernels/aggregate_basic.cc.o
#20 579.7 [206/314] Building CXX object src/arrow/CMakeFiles/arrow_objlib.dir/compute/kernels/scalar_set_lookup.cc.o
#20 580.1 [207/314] Building CXX object src/arrow/CMakeFiles/arrow_objlib.dir/compute/kernels/scalar_cast_numeric.cc.o
#20 587.4 [208/314] Building CXX object src/arrow/CMakeFiles/arrow_objlib.dir/compute/kernels/scalar_cast_string.cc.o
#20 605.2 [209/314] Building CXX object src/arrow/CMakeFiles/arrow_objlib.dir/compute/kernels/scalar_validity.cc.o
#20 615.4 [210/314] Building CXX object src/arrow/CMakeFiles/arrow_objlib.dir/compute/kernels/util_internal.cc.o
#20 650.7 [211/314] Building CXX object src/arrow/CMakeFiles/arrow_objlib.dir/compute/kernels/scalar_nested.cc.o
#20 659.2 [212/314] Building CXX object src/arrow/CMakeFiles/arrow_objlib.dir/compute/kernels/scalar_if_else.cc.o
#20 668.4 [213/314] Building CXX object src/arrow/CMakeFiles/arrow_objlib.dir/compute/kernels/scalar_string_utf8.cc.o
#20 675.4 [214/314] Building CXX object src/arrow/CMakeFiles/arrow_objlib.dir/compute/kernels/vector_nested.cc.o
#20 677.7 [215/314] Building CXX object src/arrow/CMakeFiles/arrow_objlib.dir/compute/kernels/scalar_compare.cc.o
#20 690.8 [216/314] Building CXX object src/arrow/CMakeFiles/arrow_objlib.dir/compute/kernels/hash_aggregate.cc.o
#20 708.0 [217/314] Building CXX object src/arrow/CMakeFiles/arrow_objlib.dir/compute/kernels/vector_hash.cc.o
#20 713.6 [218/314] Building CXX object src/arrow/CMakeFiles/arrow_objlib.dir/compute/kernels/vector_replace.cc.o
#20 714.0 [219/314] Building CXX object src/arrow/CMakeFiles/arrow_objlib.dir/compute/kernels/vector_array_sort.cc.o
#20 716.9 [220/314] Building CXX object src/arrow/CMakeFiles/arrow_objlib.dir/compute/exec/key_compare_avx2.cc.o
#20 720.9 [221/314] Building CXX object src/arrow/CMakeFiles/arrow_objlib.dir/compute/exec/key_encode_avx2.cc.o
#20 722.5 [222/314] Building CXX object src/arrow/CMakeFiles/arrow_objlib.dir/compute/exec/key_hash_avx2.cc.o
#20 724.3 [223/314] Building CXX object src/arrow/CMakeFiles/arrow_objlib.dir/compute/exec/key_map_avx2.cc.o
#20 729.1 [224/314] Building CXX object src/arrow/CMakeFiles/arrow_objlib.dir/compute/exec/util_avx2.cc.o
#20 735.8 [225/314] Building CXX object src/arrow/CMakeFiles/arrow_objlib.dir/ipc/dictionary.cc.o
#20 744.7 [226/314] Building CXX object src/arrow/CMakeFiles/arrow_objlib.dir/compute/kernels/aggregate_basic_avx512.cc.o
#20 747.2 [227/314] Building CXX object src/arrow/CMakeFiles/arrow_objlib.dir/ipc/feather.cc.o
#20 748.6 [228/314] Building CXX object src/arrow/CMakeFiles/arrow_objlib.dir/ipc/options.cc.o
#20 751.8 [229/314] Building CXX object src/arrow/CMakeFiles/arrow_objlib.dir/ipc/message.cc.o
#20 757.4 [230/314] Building CXX object src/arrow/CMakeFiles/arrow_objlib.dir/compute/kernels/vector_selection.cc.o
#20 758.9 [231/314] Building CXX object src/arrow/CMakeFiles/arrow_objlib.dir/json/options.cc.o
#20 759.1 [232/314] Building CXX object src/arrow/CMakeFiles/arrow_objlib.dir/compute/kernels/scalar_string_ascii.cc.o
#20 766.5 [233/314] Building CXX object src/arrow/CMakeFiles/arrow_objlib.dir/ipc/metadata_internal.cc.o
#20 769.4 [234/314] Building CXX object src/arrow/CMakeFiles/arrow_objlib.dir/json/chunker.cc.o
#20 773.7 [235/314] Building CXX object src/arrow/CMakeFiles/arrow_objlib.dir/ipc/writer.cc.o
#20 775.9 [236/314] Building CXX object src/arrow/CMakeFiles/arrow_objlib.dir/json/chunked_builder.cc.o
#20 776.4 [237/314] Building CXX object src/arrow/CMakeFiles/arrow_objlib.dir/json/object_parser.cc.o
#20 779.6 [238/314] Building CXX object src/arrow/CMakeFiles/arrow_objlib.dir/json/object_writer.cc.o
#20 780.0 [239/314] Building C object src/arrow/CMakeFiles/arrow_objlib.dir/vendored/musl/strptime.c.o
#20 781.1 [240/314] Building C object src/arrow/CMakeFiles/arrow_objlib.dir/vendored/uriparser/UriCommon.c.o
#20 781.5 [241/314] Building C object src/arrow/CMakeFiles/arrow_objlib.dir/vendored/uriparser/UriCompare.c.o
#20 782.8 [242/314] Building C object src/arrow/CMakeFiles/arrow_objlib.dir/vendored/uriparser/UriEscape.c.o
#20 783.4 [243/314] Building C object src/arrow/CMakeFiles/arrow_objlib.dir/vendored/uriparser/UriFile.c.o
#20 783.4 [244/314] Building C object src/arrow/CMakeFiles/arrow_objlib.dir/vendored/uriparser/UriIp4Base.c.o
#20 783.7 [245/314] Building C object src/arrow/CMakeFiles/arrow_objlib.dir/vendored/uriparser/UriIp4.c.o
#20 784.1 [246/314] Building C object src/arrow/CMakeFiles/arrow_objlib.dir/vendored/uriparser/UriMemory.c.o
#20 784.3 [247/314] Building C object src/arrow/CMakeFiles/arrow_objlib.dir/vendored/uriparser/UriNormalizeBase.c.o
#20 788.1 [248/314] Building C object src/arrow/CMakeFiles/arrow_objlib.dir/vendored/uriparser/UriNormalize.c.o
#20 788.4 [249/314] Building C object src/arrow/CMakeFiles/arrow_objlib.dir/vendored/uriparser/UriParseBase.c.o
#20 794.8 [250/314] Building C object src/arrow/CMakeFiles/arrow_objlib.dir/vendored/uriparser/UriParse.c.o
#20 795.0 [251/314] Building CXX object src/arrow/CMakeFiles/arrow_objlib.dir/json/reader.cc.o
#20 796.0 [252/314] Building C object src/arrow/CMakeFiles/arrow_objlib.dir/vendored/uriparser/UriQuery.c.o
#20 796.2 [253/314] Building C object src/arrow/CMakeFiles/arrow_objlib.dir/vendored/uriparser/UriRecompose.c.o
#20 796.5 [254/314] Building C object src/arrow/CMakeFiles/arrow_objlib.dir/vendored/uriparser/UriResolve.c.o
#20 796.6 [255/314] Bundling /work/release/libarrow_bundled_dependencies.a
#20 796.8 [256/314] Building C object src/arrow/CMakeFiles/arrow_objlib.dir/vendored/uriparser/UriShorten.c.o
#20 798.6 [257/314] Building CXX object src/arrow/CMakeFiles/arrow_objlib.dir/json/converter.cc.o
#20 802.6 [258/314] Building CXX object src/arrow/ipc/CMakeFiles/arrow-ipc-file-fuzz.dir/file_fuzz.cc.o
#20 804.3 [259/314] Building CXX object src/arrow/ipc/CMakeFiles/arrow-ipc-generate-tensor-fuzz-corpus.dir/generate_tensor_fuzz_corpus.cc.o
#20 807.1 [260/314] Building CXX object src/arrow/CMakeFiles/arrow_objlib.dir/json/parser.cc.o
#20 807.2 [261/314] Building CXX object src/arrow/ipc/CMakeFiles/arrow-ipc-generate-fuzz-corpus.dir/generate_fuzz_corpus.cc.o
#20 808.7 [262/314] Building CXX object src/arrow/CMakeFiles/arrow_objlib.dir/ipc/json_simple.cc.o
#20 809.0 [263/314] Building CXX object src/arrow/ipc/CMakeFiles/arrow-ipc-stream-fuzz.dir/stream_fuzz.cc.o
#20 811.4 [264/314] Building CXX object src/arrow/CMakeFiles/arrow_objlib.dir/ipc/reader.cc.o
#20 817.4 [265/314] Building CXX object src/parquet/CMakeFiles/parquet_objlib.dir/arrow/schema_internal.cc.o
#20 823.8 [266/314] Building CXX object src/parquet/CMakeFiles/parquet_objlib.dir/bloom_filter.cc.o
#20 829.9 [267/314] Building CXX object src/parquet/CMakeFiles/parquet_objlib.dir/arrow/writer.cc.o
#20 831.3 [268/314] Building CXX object src/parquet/CMakeFiles/parquet_objlib.dir/arrow/path_internal.cc.o
#20 837.3 [269/314] Building CXX object src/parquet/CMakeFiles/parquet_objlib.dir/arrow/schema.cc.o
#20 838.5 [270/314] Building CXX object src/parquet/CMakeFiles/parquet_objlib.dir/column_scanner.cc.o
#20 843.7 [271/314] Building CXX object src/parquet/CMakeFiles/parquet_objlib.dir/arrow/reader_internal.cc.o
#20 853.5 [272/314] Building CXX object src/parquet/CMakeFiles/parquet_objlib.dir/encryption/encryption.cc.o
#20 854.8 [273/314] Building CXX object src/parquet/CMakeFiles/parquet_objlib.dir/encryption/internal_file_decryptor.cc.o
#20 859.5 [274/314] Building CXX object src/parquet/CMakeFiles/parquet_objlib.dir/exception.cc.o
#20 863.8 [275/314] Building CXX object src/arrow/CMakeFiles/arrow_objlib.dir/compute/kernels/scalar_temporal_unary.cc.o
#20 863.9 [276/314] Building CXX object src/parquet/CMakeFiles/parquet_objlib.dir/encryption/internal_file_encryptor.cc.o
#20 864.8 [277/314] Building CXX object src/parquet/CMakeFiles/parquet_objlib.dir/arrow/reader.cc.o
#20 868.3 [278/314] Building CXX object src/parquet/CMakeFiles/parquet_objlib.dir/level_comparison.cc.o
#20 871.7 [279/314] Building CXX object src/parquet/CMakeFiles/parquet_objlib.dir/level_conversion.cc.o
#20 872.8 [280/314] Building CXX object src/arrow/CMakeFiles/arrow_objlib.dir/compute/kernels/scalar_arithmetic.cc.o
#20 875.5 [281/314] Building CXX object src/parquet/CMakeFiles/parquet_objlib.dir/murmur3.cc.o
#20 877.3 [282/314] Building CXX object src/parquet/CMakeFiles/parquet_objlib.dir/__/generated/parquet_constants.cpp.o
#20 878.3 [283/314] Building CXX object src/parquet/CMakeFiles/parquet_objlib.dir/file_writer.cc.o
#20 878.3 [284/314] Building CXX object src/parquet/CMakeFiles/parquet_objlib.dir/file_reader.cc.o
#20 881.3 [285/314] Building CXX object src/parquet/CMakeFiles/parquet_objlib.dir/platform.cc.o
#20 885.4 [286/314] Building CXX object src/parquet/CMakeFiles/parquet_objlib.dir/column_reader.cc.o
#20 889.5 [287/314] Building CXX object src/parquet/CMakeFiles/parquet_objlib.dir/properties.cc.o
#20 890.0 [288/314] Building CXX object src/parquet/CMakeFiles/parquet_objlib.dir/column_writer.cc.o
#20 890.5 [289/314] Building CXX object src/parquet/CMakeFiles/parquet_objlib.dir/printer.cc.o
#20 896.3 [290/314] Building CXX object src/arrow/CMakeFiles/arrow_objlib.dir/compute/kernels/scalar_temporal_binary.cc.o
#20 899.9 [291/314] Building CXX object src/parquet/CMakeFiles/parquet_objlib.dir/stream_writer.cc.o
#20 900.2 [292/314] Building CXX object src/parquet/CMakeFiles/parquet_objlib.dir/level_comparison_avx2.cc.o
#20 900.4 [293/314] Building CXX object src/parquet/CMakeFiles/parquet_objlib.dir/schema.cc.o
#20 902.5 [294/314] Building CXX object src/parquet/CMakeFiles/parquet_objlib.dir/metadata.cc.o
#20 902.7 [295/314] Building CXX object src/parquet/CMakeFiles/parquet_objlib.dir/stream_reader.cc.o
#20 903.2 [296/314] Building CXX object src/parquet/CMakeFiles/parquet_objlib.dir/encoding.cc.o
#20 903.4 [297/314] Building CXX object src/parquet/CMakeFiles/parquet_objlib.dir/types.cc.o
#20 906.3 [298/314] Building CXX object src/parquet/CMakeFiles/parquet_objlib.dir/level_conversion_bmi2.cc.o
#20 907.0 [299/314] Building CXX object src/parquet/arrow/CMakeFiles/parquet-arrow-fuzz.dir/fuzz.cc.o
#20 907.4 [300/314] Building CXX object src/parquet/CMakeFiles/parquet_objlib.dir/encryption/encryption_internal_nossl.cc.o
#20 907.5 [301/314] Building CXX object src/parquet/CMakeFiles/parquet_objlib.dir/__/generated/parquet_types.cpp.o
#20 907.5 [302/314] Building CXX object src/parquet/CMakeFiles/parquet_objlib.dir/statistics.cc.o
#20 912.4 [303/314] Building CXX object src/parquet/arrow/CMakeFiles/parquet-arrow-generate-fuzz-corpus.dir/generate_fuzz_corpus.cc.o
#20 1019.0 [304/314] Building CXX object src/arrow/CMakeFiles/arrow_objlib.dir/compute/kernels/vector_sort.cc.o
#20 1020.2 [305/314] Linking CXX static library release/libarrow.a
#20 1020.4 [306/314] Linking CXX static library release/libparquet.a
#20 1020.5 [307/314] Linking CXX static library release/libarrow_testing.a
#20 1026.3 [308/314] Linking CXX executable release/arrow-ipc-tensor-stream-fuzz
#20 1026.5 [309/314] Linking CXX executable release/arrow-ipc-stream-fuzz
#20 1027.5 [310/314] Linking CXX executable release/arrow-ipc-file-fuzz
#20 1028.6 [311/314] Linking CXX executable release/arrow-ipc-generate-tensor-fuzz-corpus
#20 1029.1 [312/314] Linking CXX executable release/arrow-ipc-generate-fuzz-corpus
#20 1035.6 [313/314] Linking CXX executable release/parquet-arrow-fuzz
#20 1036.6 [314/314] Linking CXX executable release/parquet-arrow-generate-fuzz-corpus
#20 1036.7 + cp -a release/arrow-ipc-file-fuzz release/arrow-ipc-generate-fuzz-corpus release/arrow-ipc-generate-tensor-fuzz-corpus release/arrow-ipc-stream-fuzz release/arrow-ipc-tensor-stream-fuzz release/libarrow.a release/libarrow_bundled_dependencies.a release/libarrow_testing.a release/libparquet.a release/parquet-arrow-fuzz release/parquet-arrow-generate-fuzz-corpus /out
#20 1038.0 + /src/arrow/cpp/build-support/fuzzing/generate_corpuses.sh /out
#20 1038.1 + CORPUS_DIR=/tmp/corpus
#20 1038.1 +++ dirname /src/arrow/cpp/build-support/fuzzing/generate_corpuses.sh
#20 1038.1 ++ cd /src/arrow/cpp/build-support/fuzzing/../../..
#20 1038.1 ++ pwd
#20 1038.1 + ARROW_ROOT=/src/arrow
#20 1038.1 + ARROW_CPP=/src/arrow/cpp
#20 1038.1 + OUT=/out
#20 1038.1 ++ find /src/arrow/testing/data/arrow-ipc-stream/integration -name '*.stream'
#20 1038.1 + IPC_INTEGRATION_FILES='/src/arrow/testing/data/arrow-ipc-stream/integration/2.0.0-compression/generated_zstd.stream
#20 1038.1 /src/arrow/testing/data/arrow-ipc-stream/integration/2.0.0-compression/generated_lz4.stream
#20 1038.1 /src/arrow/testing/data/arrow-ipc-stream/integration/1.0.0-bigendian/generated_decimal256.stream
#20 1038.1 /src/arrow/testing/data/arrow-ipc-stream/integration/1.0.0-bigendian/generated_nested.stream
#20 1038.1 /src/arrow/testing/data/arrow-ipc-stream/integration/1.0.0-bigendian/generated_interval.stream
#20 1038.1 /src/arrow/testing/data/arrow-ipc-stream/integration/1.0.0-bigendian/generated_map.stream
#20 1038.1 /src/arrow/testing/data/arrow-ipc-stream/integration/1.0.0-bigendian/generated_custom_metadata.stream
#20 1038.1 /src/arrow/testing/data/arrow-ipc-stream/integration/1.0.0-bigendian/generated_null.stream
#20 1038.1 /src/arrow/testing/data/arrow-ipc-stream/integration/1.0.0-bigendian/generated_union.stream
#20 1038.1 /src/arrow/testing/data/arrow-ipc-stream/integration/1.0.0-bigendian/generated_null_trivial.stream
#20 1038.1 /src/arrow/testing/data/arrow-ipc-stream/integration/1.0.0-bigendian/generated_map_non_canonical.stream
#20 1038.1 /src/arrow/testing/data/arrow-ipc-stream/integration/1.0.0-bigendian/generated_primitive_no_batches.stream
#20 1038.1 /src/arrow/testing/data/arrow-ipc-stream/integration/1.0.0-bigendian/generated_duplicate_fieldnames.stream
#20 1038.1 /src/arrow/testing/data/arrow-ipc-stream/integration/1.0.0-bigendian/generated_decimal.stream
#20 1038.1 /src/arrow/testing/data/arrow-ipc-stream/integration/1.0.0-bigendian/generated_nested_dictionary.stream
#20 1038.1 /src/arrow/testing/data/arrow-ipc-stream/integration/1.0.0-bigendian/generated_primitive_large_offsets.stream
#20 1038.1 /src/arrow/testing/data/arrow-ipc-stream/integration/1.0.0-bigendian/generated_extension.stream
#20 1038.1 /src/arrow/testing/data/arrow-ipc-stream/integration/1.0.0-bigendian/generated_nested_large_offsets.stream
#20 1038.1 /src/arrow/testing/data/arrow-ipc-stream/integration/1.0.0-bigendian/generated_primitive_zerolength.stream
#20 1038.1 /src/arrow/testing/data/arrow-ipc-stream/integration/1.0.0-bigendian/generated_datetime.stream
#20 1038.1 /src/arrow/testing/data/arrow-ipc-stream/integration/1.0.0-bigendian/generated_recursive_nested.stream
#20 1038.1 /src/arrow/testing/data/arrow-ipc-stream/integration/1.0.0-bigendian/generated_primitive.stream
#20 1038.1 /src/arrow/testing/data/arrow-ipc-stream/integration/1.0.0-bigendian/generated_dictionary_unsigned.stream
#20 1038.1 /src/arrow/testing/data/arrow-ipc-stream/integration/1.0.0-bigendian/generated_dictionary.stream
#20 1038.1 /src/arrow/testing/data/arrow-ipc-stream/integration/0.14.1/generated_nested.stream
#20 1038.1 /src/arrow/testing/data/arrow-ipc-stream/integration/0.14.1/generated_interval.stream
#20 1038.1 /src/arrow/testing/data/arrow-ipc-stream/integration/0.14.1/generated_map.stream
#20 1038.1 /src/arrow/testing/data/arrow-ipc-stream/integration/0.14.1/generated_primitive_no_batches.stream
#20 1038.1 /src/arrow/testing/data/arrow-ipc-stream/integration/0.14.1/generated_decimal.stream
#20 1038.1 /src/arrow/testing/data/arrow-ipc-stream/integration/0.14.1/generated_primitive_zerolength.stream
#20 1038.1 /src/arrow/testing/data/arrow-ipc-stream/integration/0.14.1/generated_datetime.stream
#20 1038.1 /src/arrow/testing/data/arrow-ipc-stream/integration/0.14.1/generated_primitive.stream
#20 1038.1 /src/arrow/testing/data/arrow-ipc-stream/integration/0.14.1/generated_dictionary.stream
#20 1038.1 /src/arrow/testing/data/arrow-ipc-stream/integration/0.17.1/generated_union.stream
#20 1038.1 /src/arrow/testing/data/arrow-ipc-stream/integration/1.0.0-littleendian/generated_decimal256.stream
#20 1038.1 /src/arrow/testing/data/arrow-ipc-stream/integration/1.0.0-littleendian/generated_nested.stream
#20 1038.1 /src/arrow/testing/data/arrow-ipc-stream/integration/1.0.0-littleendian/generated_interval.stream
#20 1038.1 /src/arrow/testing/data/arrow-ipc-stream/integration/1.0.0-littleendian/generated_map.stream
#20 1038.1 /src/arrow/testing/data/arrow-ipc-stream/integration/1.0.0-littleendian/generated_custom_metadata.stream
#20 1038.1 /src/arrow/testing/data/arrow-ipc-stream/integration/1.0.0-littleendian/generated_null.stream
#20 1038.1 /src/arrow/testing/data/arrow-ipc-stream/integration/1.0.0-littleendian/generated_union.stream
#20 1038.1 /src/arrow/testing/data/arrow-ipc-stream/integration/1.0.0-littleendian/generated_null_trivial.stream
#20 1038.1 /src/arrow/testing/data/arrow-ipc-stream/integration/1.0.0-littleendian/generated_map_non_canonical.stream
#20 1038.1 /src/arrow/testing/data/arrow-ipc-stream/integration/1.0.0-littleendian/generated_primitive_no_batches.stream
#20 1038.1 /src/arrow/testing/data/arrow-ipc-stream/integration/1.0.0-littleendian/generated_duplicate_fieldnames.stream
#20 1038.1 /src/arrow/testing/data/arrow-ipc-stream/integration/1.0.0-littleendian/generated_decimal.stream
#20 1038.1 /src/arrow/testing/data/arrow-ipc-stream/integration/1.0.0-littleendian/generated_nested_dictionary.stream
#20 1038.1 /src/arrow/testing/data/arrow-ipc-stream/integration/1.0.0-littleendian/generated_primitive_large_offsets.stream
#20 1038.1 /src/arrow/testing/data/arrow-ipc-stream/integration/1.0.0-littleendian/generated_extension.stream
#20 1038.1 /src/arrow/testing/data/arrow-ipc-stream/integration/1.0.0-littleendian/generated_nested_large_offsets.stream
#20 1038.1 /src/arrow/testing/data/arrow-ipc-stream/integration/1.0.0-littleendian/generated_primitive_zerolength.stream
#20 1038.1 /src/arrow/testing/data/arrow-ipc-stream/integration/1.0.0-littleendian/generated_datetime.stream
#20 1038.1 /src/arrow/testing/data/arrow-ipc-stream/integration/1.0.0-littleendian/generated_recursive_nested.stream
#20 1038.1 /src/arrow/testing/data/arrow-ipc-stream/integration/1.0.0-littleendian/generated_primitive.stream
#20 1038.1 /src/arrow/testing/data/arrow-ipc-stream/integration/1.0.0-littleendian/generated_dictionary_unsigned.stream
#20 1038.1 /src/arrow/testing/data/arrow-ipc-stream/integration/1.0.0-littleendian/generated_dictionary.stream
#20 1038.1 /src/arrow/testing/data/arrow-ipc-stream/integration/4.0.0-shareddict/generated_shared_dict.stream'
#20 1038.1 + rm -rf /tmp/corpus
#20 1038.1 + /out/arrow-ipc-generate-fuzz-corpus -stream /tmp/corpus
#20 1038.2 /tmp/corpus/batch-1
#20 1038.2 /tmp/corpus/batch-2
#20 1038.2 /tmp/corpus/batch-3
#20 1038.2 /tmp/corpus/batch-4
#20 1038.2 /tmp/corpus/batch-5
#20 1038.2 /tmp/corpus/batch-6
#20 1038.2 /tmp/corpus/batch-7
#20 1038.2 /tmp/corpus/batch-8
#20 1038.2 /tmp/corpus/batch-9
#20 1038.2 /tmp/corpus/batch-10
#20 1038.2 + cp --backup=numbered /src/arrow/testing/data/arrow-ipc-stream/integration/2.0.0-compression/generated_zstd.stream /src/arrow/testing/data/arrow-ipc-stream/integration/2.0.0-compression/generated_lz4.stream /src/arrow/testing/data/arrow-ipc-stream/integration/1.0.0-bigendian/generated_decimal256.stream /src/arrow/testing/data/arrow-ipc-stream/integration/1.0.0-bigendian/generated_nested.stream /src/arrow/testing/data/arrow-ipc-stream/integration/1.0.0-bigendian/generated_interval.stream /src/arrow/testing/data/arrow-ipc-stream/integration/1.0.0-bigendian/generated_map.stream /src/arrow/testing/data/arrow-ipc-stream/integration/1.0.0-bigendian/generated_custom_metadata.stream /src/arrow/testing/data/arrow-ipc-stream/integration/1.0.0-bigendian/generated_null.stream /src/arrow/testing/data/arrow-ipc-stream/integration/1.0.0-bigendian/generated_union.stream /src/arrow/testing/data/arrow-ipc-stream/integration/1.0.0-bigendian/generated_null_trivial.stream /src/arrow/testing/data/arrow-ipc-stream/integration/1.0.0-bigendian/generated_map_non_canonical.stream /src/arrow/testing/data/arrow-ipc-stream/integration/1.0.0-bigendian/generated_primitive_no_batches.stream /src/arrow/testing/data/arrow-ipc-stream/integration/1.0.0-bigendian/generated_duplicate_fieldnames.stream /src/arrow/testing/data/arrow-ipc-stream/integration/1.0.0-bigendian/generated_decimal.stream /src/arrow/testing/data/arrow-ipc-stream/integration/1.0.0-bigendian/generated_nested_dictionary.stream /src/arrow/testing/data/arrow-ipc-stream/integration/1.0.0-bigendian/generated_primitive_large_offsets.stream /src/arrow/testing/data/arrow-ipc-stream/integration/1.0.0-bigendian/generated_extension.stream /src/arrow/testing/data/arrow-ipc-stream/integration/1.0.0-bigendian/generated_nested_large_offsets.stream /src/arrow/testing/data/arrow-ipc-stream/integration/1.0.0-bigendian/generated_primitive_zerolength.stream /src/arrow/testing/data/arrow-ipc-stream/integration/1.0.0-bigendian/generated_datetime.stream /src/arrow/testing/data/arrow-ipc-stream/integration/1.0.0-bigendian/generated_recursive_nested.stream /src/arrow/testing/data/arrow-ipc-stream/integration/1.0.0-bigendian/generated_primitive.stream /src/arrow/testing/data/arrow-ipc-stream/integration/1.0.0-bigendian/generated_dictionary_unsigned.stream /src/arrow/testing/data/arrow-ipc-stream/integration/1.0.0-bigendian/generated_dictionary.stream /src/arrow/testing/data/arrow-ipc-stream/integration/0.14.1/generated_nested.stream /src/arrow/testing/data/arrow-ipc-stream/integration/0.14.1/generated_interval.stream /src/arrow/testing/data/arrow-ipc-stream/integration/0.14.1/generated_map.stream /src/arrow/testing/data/arrow-ipc-stream/integration/0.14.1/generated_primitive_no_batches.stream /src/arrow/testing/data/arrow-ipc-stream/integration/0.14.1/generated_decimal.stream /src/arrow/testing/data/arrow-ipc-stream/integration/0.14.1/generated_primitive_zerolength.stream /src/arrow/testing/data/arrow-ipc-stream/integration/0.14.1/generated_datetime.stream /src/arrow/testing/data/arrow-ipc-stream/integration/0.14.1/generated_primitive.stream /src/arrow/testing/data/arrow-ipc-stream/integration/0.14.1/generated_dictionary.stream /src/arrow/testing/data/arrow-ipc-stream/integration/0.17.1/generated_union.stream /src/arrow/testing/data/arrow-ipc-stream/integration/1.0.0-littleendian/generated_decimal256.stream /src/arrow/testing/data/arrow-ipc-stream/integration/1.0.0-littleendian/generated_nested.stream /src/arrow/testing/data/arrow-ipc-stream/integration/1.0.0-littleendian/generated_interval.stream /src/arrow/testing/data/arrow-ipc-stream/integration/1.0.0-littleendian/generated_map.stream /src/arrow/testing/data/arrow-ipc-stream/integration/1.0.0-littleendian/generated_custom_metadata.stream /src/arrow/testing/data/arrow-ipc-stream/integration/1.0.0-littleendian/generated_null.stream /src/arrow/testing/data/arrow-ipc-stream/integration/1.0.0-littleendian/generated_union.stream /src/arrow/testing/data/arrow-ipc-stream/integration/1.0.0-littleendian/generated_null_trivial.stream /src/arrow/testing/data/arrow-ipc-stream/integration/1.0.0-littleendian/generated_map_non_canonical.stream /src/arrow/testing/data/arrow-ipc-stream/integration/1.0.0-littleendian/generated_primitive_no_batches.stream /src/arrow/testing/data/arrow-ipc-stream/integration/1.0.0-littleendian/generated_duplicate_fieldnames.stream /src/arrow/testing/data/arrow-ipc-stream/integration/1.0.0-littleendian/generated_decimal.stream /src/arrow/testing/data/arrow-ipc-stream/integration/1.0.0-littleendian/generated_nested_dictionary.stream /src/arrow/testing/data/arrow-ipc-stream/integration/1.0.0-littleendian/generated_primitive_large_offsets.stream /src/arrow/testing/data/arrow-ipc-stream/integration/1.0.0-littleendian/generated_extension.stream /src/arrow/testing/data/arrow-ipc-stream/integration/1.0.0-littleendian/generated_nested_large_offsets.stream /src/arrow/testing/data/arrow-ipc-stream/integration/1.0.0-littleendian/generated_primitive_zerolength.stream /src/arrow/testing/data/arrow-ipc-stream/integration/1.0.0-littleendian/generated_datetime.stream /src/arrow/testing/data/arrow-ipc-stream/integration/1.0.0-littleendian/generated_recursive_nested.stream /src/arrow/testing/data/arrow-ipc-stream/integration/1.0.0-littleendian/generated_primitive.stream /src/arrow/testing/data/arrow-ipc-stream/integration/1.0.0-littleendian/generated_dictionary_unsigned.stream /src/arrow/testing/data/arrow-ipc-stream/integration/1.0.0-littleendian/generated_dictionary.stream /src/arrow/testing/data/arrow-ipc-stream/integration/4.0.0-shareddict/generated_shared_dict.stream /tmp/corpus
#20 1038.3 + /src/arrow/cpp/build-support/fuzzing/pack_corpus.py /tmp/corpus /out/arrow-ipc-stream-fuzz_seed_corpus.zip
#20 1038.4 + rm -rf /tmp/corpus
#20 1038.5 + /out/arrow-ipc-generate-fuzz-corpus -file /tmp/corpus
#20 1038.5 /tmp/corpus/batch-1
#20 1038.5 /tmp/corpus/batch-2
#20 1038.5 /tmp/corpus/batch-3
#20 1038.5 /tmp/corpus/batch-4
#20 1038.5 /tmp/corpus/batch-5
#20 1038.5 /tmp/corpus/batch-6
#20 1038.5 /tmp/corpus/batch-7
#20 1038.5 /tmp/corpus/batch-8
#20 1038.5 /tmp/corpus/batch-9
#20 1038.5 /tmp/corpus/batch-10
#20 1038.5 + /src/arrow/cpp/build-support/fuzzing/pack_corpus.py /tmp/corpus /out/arrow-ipc-file-fuzz_seed_corpus.zip
#20 1038.6 + rm -rf /tmp/corpus
#20 1038.6 + /out/arrow-ipc-generate-tensor-fuzz-corpus -stream /tmp/corpus
#20 1038.7 /tmp/corpus/tensor-1
#20 1038.7 /tmp/corpus/tensor-2
#20 1038.7 /tmp/corpus/tensor-3
#20 1038.7 /tmp/corpus/tensor-4
#20 1038.7 /tmp/corpus/tensor-5
#20 1038.7 /tmp/corpus/tensor-6
#20 1038.7 /tmp/corpus/tensor-7
#20 1038.7 /tmp/corpus/tensor-8
#20 1038.7 /tmp/corpus/tensor-9
#20 1038.7 /tmp/corpus/tensor-10
#20 1038.7 /tmp/corpus/tensor-11
#20 1038.7 /tmp/corpus/tensor-12
#20 1038.7 /tmp/corpus/tensor-13
#20 1038.7 /tmp/corpus/tensor-14
#20 1038.7 /tmp/corpus/tensor-15
#20 1038.7 /tmp/corpus/tensor-16
#20 1038.7 + /src/arrow/cpp/build-support/fuzzing/pack_corpus.py /tmp/corpus /out/arrow-ipc-tensor-stream-fuzz_seed_corpus.zip
#20 1038.8 + rm -rf /tmp/corpus
#20 1038.8 + /out/parquet-arrow-generate-fuzz-corpus /tmp/corpus
#20 1038.9 /tmp/corpus/pq-table-1
#20 1038.9 NotImplemented: Support for codec 'brotli' not built
#20 1039.0 Traceback (most recent call last):
#20 1039.0   File "<string>", line 1, in <module>
#20 1039.0   File "/src/fuzzers/afl/fuzzer.py", line 40, in build
#20 1039.1     utils.build_benchmark()
#20 1039.1   File "/src/fuzzers/utils.py", line 82, in build_benchmark
#20 1039.1     subprocess.check_call(['/bin/bash', '-ex', build_script], env=env)
#20 1039.1   File "/usr/local/lib/python3.8/subprocess.py", line 364, in check_call
#20 1039.1     raise CalledProcessError(retcode, cmd)
#20 1039.1 subprocess.CalledProcessError: Command '['/bin/bash', '-ex', '/src/build.sh']' returned non-zero exit status 1.
------
 > importing cache manifest from gcr.io/fuzzbench/builders/afl/arrow_arrow:
------
executor failed running [/bin/sh -c echo "Run fuzzer_build to build the target" && if [ -z "$debug_builder" ] ; then fuzzer_build; fi]: exit code: 1
#20 ERROR: executor failed running [/bin/sh -c echo "Run fuzzer_build to build the target" && if [ -z "$debug_builder" ] ; then fuzzer_build; fi]: exit code: 1
------
 > importing cache manifest from gcr.io/fuzzbench/builders/afl/arrow_arrow:
------
------
 > [stage-1 13/13] RUN echo "Run fuzzer_build to build the target" && if [ -z "$debug_builder" ] ; then fuzzer_build; fi:
------
executor failed running [/bin/sh -c echo "Run fuzzer_build to build the target" && if [ -z "$debug_builder" ] ; then fuzzer_build; fi]: exit code: 1
make: *** [docker/generated.mk:2810445: .afl-arrow_arrow-builder] Error 1
make: *** [docker/generated.mk:2810445: .afl-arrow_arrow-builder] Error 1
