WARNING:root:gcloud not found in PATH.
INFO:root:Successfully integrated benchmark: libressl_libressl.
INFO:root:Please run "make test-run-afl-libressl_libressl" to test integration.
#2 [internal] load .dockerignore
#2 sha256:42d7f7ca23dff9e88e6af4e60876e6b06d54a41023b785e1ced16616e8d9db0d
#2 ...

#1 [internal] load build definition from Dockerfile
#1 sha256:092546a7e356a8ae53e4894a019d2524f22c05bbc6e962e07f10857587a1fe4f
#1 transferring dockerfile: 1.05kB done
#1 DONE 1.1s

#2 [internal] load .dockerignore
#2 sha256:42d7f7ca23dff9e88e6af4e60876e6b06d54a41023b785e1ced16616e8d9db0d
#2 transferring context: 2B done
#2 DONE 1.3s

#3 [internal] load metadata for gcr.io/oss-fuzz-base/base-builder:latest
#3 sha256:f10dc39cc9d418a5bc416dead31a1902b6821fdae909cd3b08f7a3fd1faba7b5
#3 DONE 0.5s

#11 [internal] load build context
#11 sha256:02f2003961cf149d9fae18c459a39deb2b19a2dadebdcde3b21119b18d76fddf
#11 DONE 0.0s

#5 [1/7] FROM gcr.io/oss-fuzz-base/base-builder@sha256:4ad017ca53699eda684c1c444948c93a4af848fe34baee3a765d3c4693fe6a56
#5 sha256:3f10b3978a3951f6e2692fa5e5890ee5a755650381dedece7198ed0b1dcdaa8c
#5 DONE 0.0s

#4 importing cache manifest from gcr.io/fuzzbench/builders/benchmark/libressl_libressl
#4 sha256:e3e21863af1013203e393300107230c960acad920b0708d651bd7c1e4222bac6
#4 ERROR: gcr.io/fuzzbench/builders/benchmark/libressl_libressl:latest: not found

#5 [1/7] FROM gcr.io/oss-fuzz-base/base-builder@sha256:4ad017ca53699eda684c1c444948c93a4af848fe34baee3a765d3c4693fe6a56
#5 sha256:3f10b3978a3951f6e2692fa5e5890ee5a755650381dedece7198ed0b1dcdaa8c
#5 CACHED

#11 [internal] load build context
#11 sha256:02f2003961cf149d9fae18c459a39deb2b19a2dadebdcde3b21119b18d76fddf
#11 transferring context: 2.04kB done
#11 DONE 0.2s

#6 [2/7] RUN apt-get update && apt-get install -y make cmake
#6 sha256:fc243ccb7260051d1e9513f035346378e3586419558df39e485be5de01d50db0
#6 0.794 Hit:1 http://archive.ubuntu.com/ubuntu focal InRelease
#6 0.794 Get:2 http://archive.ubuntu.com/ubuntu focal-updates InRelease [114 kB]
#6 0.794 Hit:3 http://ppa.launchpad.net/git-core/ppa/ubuntu focal InRelease
#6 0.878 Get:4 http://archive.ubuntu.com/ubuntu focal-backports InRelease [108 kB]
#6 0.954 Get:5 http://security.ubuntu.com/ubuntu focal-security InRelease [114 kB]
#6 1.198 Get:6 http://archive.ubuntu.com/ubuntu focal-updates/universe amd64 Packages [1134 kB]
#6 1.408 Get:7 http://archive.ubuntu.com/ubuntu focal-updates/main i386 Packages [752 kB]
#6 1.520 Get:8 http://archive.ubuntu.com/ubuntu focal-updates/main amd64 Packages [1973 kB]
#6 1.593 Get:9 http://security.ubuntu.com/ubuntu focal-security/main amd64 Packages [1547 kB]
#6 1.834 Get:10 http://archive.ubuntu.com/ubuntu focal-updates/universe i386 Packages [827 kB]
#6 1.953 Get:11 http://archive.ubuntu.com/ubuntu focal-backports/universe amd64 Packages [24.8 kB]
#6 1.956 Get:12 http://archive.ubuntu.com/ubuntu focal-backports/universe i386 Packages [13.1 kB]
#6 2.396 Fetched 6606 kB in 2s (4091 kB/s)
#6 2.396 Reading package lists...
#6 3.998 Reading package lists...
#6 5.517 Building dependency tree...
#6 5.748 Reading state information...
#6 6.007 make is already the newest version (4.2.1-1.2).
#6 6.007 make set to manually installed.
#6 6.007 The following additional packages will be installed:
#6 6.008   cmake-data libarchive13 libjsoncpp1 librhash0 libuv1
#6 6.010 Suggested packages:
#6 6.010   cmake-doc ninja-build lrzip
#6 6.052 The following NEW packages will be installed:
#6 6.054   cmake cmake-data libarchive13 libjsoncpp1 librhash0 libuv1
#6 6.123 0 upgraded, 6 newly installed, 0 to remove and 0 not upgraded.
#6 6.123 Need to get 5877 kB of archives.
#6 6.123 After this operation, 29.5 MB of additional disk space will be used.
#6 6.123 Get:1 http://archive.ubuntu.com/ubuntu focal-updates/main amd64 libuv1 amd64 1.34.2-1ubuntu1.3 [80.8 kB]
#6 6.204 Get:2 http://archive.ubuntu.com/ubuntu focal/main amd64 cmake-data all 3.16.3-1ubuntu1 [1612 kB]
#6 6.364 Get:3 http://archive.ubuntu.com/ubuntu focal/main amd64 libarchive13 amd64 3.4.0-2ubuntu1 [327 kB]
#6 6.392 Get:4 http://archive.ubuntu.com/ubuntu focal/main amd64 libjsoncpp1 amd64 1.7.4-3.1ubuntu2 [75.6 kB]
#6 6.399 Get:5 http://archive.ubuntu.com/ubuntu focal/main amd64 librhash0 amd64 1.3.9-1 [113 kB]
#6 6.409 Get:6 http://archive.ubuntu.com/ubuntu focal/main amd64 cmake amd64 3.16.3-1ubuntu1 [3669 kB]
#6 7.025 debconf: delaying package configuration, since apt-utils is not installed
#6 7.096 Fetched 5877 kB in 1s (8891 kB/s)
#6 7.201 Selecting previously unselected package libuv1:amd64.
#6 7.201 (Reading database ... (Reading database ... 5%(Reading database ... 10%(Reading database ... 15%(Reading database ... 20%(Reading database ... 25%(Reading database ... 30%(Reading database ... 35%(Reading database ... 40%(Reading database ... 45%(Reading database ... 50%(Reading database ... 55%(Reading database ... 60%(Reading database ... 65%(Reading database ... 70%(Reading database ... 75%(Reading database ... 80%(Reading database ... 85%(Reading database ... 90%(Reading database ... 95%(Reading database ... 100%(Reading database ... 21291 files and directories currently installed.)
#6 7.219 Preparing to unpack .../0-libuv1_1.34.2-1ubuntu1.3_amd64.deb ...
#6 7.257 Unpacking libuv1:amd64 (1.34.2-1ubuntu1.3) ...
#6 7.448 Selecting previously unselected package cmake-data.
#6 7.451 Preparing to unpack .../1-cmake-data_3.16.3-1ubuntu1_all.deb ...
#6 7.478 Unpacking cmake-data (3.16.3-1ubuntu1) ...
#6 8.163 Selecting previously unselected package libarchive13:amd64.
#6 8.166 Preparing to unpack .../2-libarchive13_3.4.0-2ubuntu1_amd64.deb ...
#6 8.174 Unpacking libarchive13:amd64 (3.4.0-2ubuntu1) ...
#6 8.297 Selecting previously unselected package libjsoncpp1:amd64.
#6 8.299 Preparing to unpack .../3-libjsoncpp1_1.7.4-3.1ubuntu2_amd64.deb ...
#6 8.314 Unpacking libjsoncpp1:amd64 (1.7.4-3.1ubuntu2) ...
#6 8.433 Selecting previously unselected package librhash0:amd64.
#6 8.436 Preparing to unpack .../4-librhash0_1.3.9-1_amd64.deb ...
#6 8.442 Unpacking librhash0:amd64 (1.3.9-1) ...
#6 8.515 Selecting previously unselected package cmake.
#6 8.517 Preparing to unpack .../5-cmake_3.16.3-1ubuntu1_amd64.deb ...
#6 8.532 Unpacking cmake (3.16.3-1ubuntu1) ...
#6 9.113 Setting up libarchive13:amd64 (3.4.0-2ubuntu1) ...
#6 9.149 Setting up libuv1:amd64 (1.34.2-1ubuntu1.3) ...
#6 9.202 Setting up librhash0:amd64 (1.3.9-1) ...
#6 9.261 Setting up cmake-data (3.16.3-1ubuntu1) ...
#6 9.319 Setting up libjsoncpp1:amd64 (1.7.4-3.1ubuntu2) ...
#6 9.363 Setting up cmake (3.16.3-1ubuntu1) ...
#6 9.386 Processing triggers for libc-bin (2.31-0ubuntu9.2) ...
#6 DONE 10.2s

#7 [3/7] RUN git clone --depth 1 https://github.com/libressl-portable/portable.git libressl
#7 sha256:79616965e6449f3eb8f831c8f966ca0e24f6ac30a7d324a0c42f0b8bc1a16e7d
#7 0.520 Cloning into 'libressl'...
#7 DONE 2.0s

#8 [4/7] RUN git clone --depth 1 https://github.com/libressl-portable/fuzz.git libressl.fuzzers
#8 sha256:fe589641d70a02eb3813d037bcc2693d3fb3b6dd8aaa5a65b50277cf398616f1
#8 0.582 Cloning into 'libressl.fuzzers'...
#8 2.924 Updating files:  92% (13783/14904)Updating files:  93% (13861/14904)Updating files:  94% (14010/14904)Updating files:  95% (14159/14904)Updating files:  96% (14308/14904)Updating files:  97% (14457/14904)Updating files:  98% (14606/14904)Updating files:  99% (14755/14904)Updating files: 100% (14904/14904)Updating files: 100% (14904/14904), done.
#8 DONE 4.2s

#9 [5/7] WORKDIR libressl
#9 sha256:12b8758b1e0fbcb9703efd0e5f215e82c047dc1be80ea825a65bfde077b45620
#9 DONE 0.3s

#10 [6/7] RUN ./update.sh
#10 sha256:1a4f6ed3ff39b6fb9cf8069f80905064146fcef4e8590297d8c02e9d80510340
#10 0.399 pulling upstream openbsd source
#10 0.400 Cloning into 'openbsd'...
#10 11.36 Updating files:  53% (7287/13626)Updating files:  54% (7359/13626)Updating files:  55% (7495/13626)Updating files:  56% (7631/13626)Updating files:  57% (7767/13626)Updating files:  58% (7904/13626)Updating files:  59% (8040/13626)Updating files:  60% (8176/13626)Updating files:  61% (8312/13626)Updating files:  62% (8449/13626)Updating files:  63% (8585/13626)Updating files:  64% (8721/13626)Updating files:  65% (8857/13626)Updating files:  66% (8994/13626)Updating files:  67% (9130/13626)Updating files:  68% (9266/13626)Updating files:  69% (9402/13626)Updating files:  70% (9539/13626)Updating files:  71% (9675/13626)Updating files:  72% (9811/13626)Updating files:  73% (9947/13626)Updating files:  74% (10084/13626)Updating files:  75% (10220/13626)Updating files:  76% (10356/13626)Updating files:  77% (10493/13626)Updating files:  78% (10629/13626)Updating files:  79% (10765/13626)Updating files:  80% (10901/13626)Updating files:  81% (11038/13626)Updating files:  82% (11174/13626)Updating files:  83% (11310/13626)Updating files:  84% (11446/13626)Updating files:  85% (11583/13626)Updating files:  86% (11719/13626)Updating files:  87% (11855/13626)Updating files:  88% (11991/13626)Updating files:  89% (12128/13626)Updating files:  90% (12264/13626)Updating files:  91% (12400/13626)Updating files:  92% (12536/13626)Updating files:  93% (12673/13626)Updating files:  94% (12809/13626)Updating files:  95% (12945/13626)Updating files:  96% (13081/13626)Updating files:  97% (13218/13626)Updating files:  98% (13354/13626)Updating files:  99% (13490/13626)Updating files: 100% (13626/13626)Updating files: 100% (13626/13626), done.
#10 12.65 Already on 'master'
#10 12.65 Your branch is up to date with 'origin/master'.
#10 13.14 Already up to date.
#10 13.14 libcrypto version 49:0:0
#10 13.14 libssl version 52:0:0
#10 13.14 libtls version 24:1:0
#10 13.47 LibreSSL version 3.5.0
#10 13.47 copying libcrypto source
#10 15.97 generating arm ASM source for elf
#10 16.03 generating x86_64 ASM source for elf
#10 18.52 generating x86_64 ASM source for macosx
#10 20.99 generating x86_64 ASM source for masm
#10 24.09 generating x86_64 ASM source for mingw64
#10 26.71 copying libtls source
#10 26.74 copying nc(1) source
#10 26.75 copying ocspcheck(1) source
#10 26.76 copying openssl(1) source
#10 26.85 copying libssl source
#10 26.94 copying tests
#10 27.15 patching file tests/aeadtest.c
#10 27.15 patching file include/openssl/bio.h
#10 27.15 Hunk #1 succeeded at 666 (offset -47 lines).
#10 27.15 Hunk #2 succeeded at 696 (offset -47 lines).
#10 27.15 patching file crypto/bn/bn_div.c
#10 27.15 patching file ./crypto/bn/bn_lcl.h
#10 27.15 Hunk #1 succeeded at 283 (offset 44 lines).
#10 27.16 patching file tests/handshake_table.c
#10 27.16 patching file crypto/modes/modes_lcl.h
#10 27.16 patching file apps/nc/netcat.c
#10 27.16 patching file tests/ocsp_test.c
#10 27.16 patching file apps/openssl/openssl.c
#10 27.16 patching file tests/rfc5280time.c
#10 27.16 patching file apps/openssl/speed.c
#10 27.16 patching file ssl/ssl_txt.c
#10 27.17 patching file include/tls.h
#10 27.17 patching file tests/tlsexttest.c
#10 27.17 Hunk #4 succeeded at 2749 (offset 1 line).
#10 27.17 Hunk #5 succeeded at 2831 (offset 3 lines).
#10 27.17 patching file include/openssl/dtls1.h
#10 27.17 patching file include/openssl/opensslconf.h
#10 27.19 patching file include/openssl/ossl_typ.h
#10 27.19 Hunk #1 succeeded at 82 (offset 2 lines).
#10 27.19 patching file include/openssl/pkcs7.h
#10 27.19 patching file include/openssl/x509.h
#10 27.19 copying manpages
#10 DONE 30.8s

#12 [7/7] COPY build.sh *.options /src/
#12 sha256:d2c3b4d63c2c523ff48b2956b2628b863e0e61d751b4dbaae083fbb5df5cce0b
#12 DONE 0.2s

#13 exporting to image
#13 sha256:e8c613e07b0b7ff33893b694f7759a10d42e180f2b4dc349fb57dc6b71dcab00
#13 exporting layers done
#13 writing image sha256:5f06249baabd6822a8668949aba332f9f24ad1d93fe0ef78c77a581d80764008
#13 writing image sha256:5f06249baabd6822a8668949aba332f9f24ad1d93fe0ef78c77a581d80764008 0.0s done
#13 naming to gcr.io/fuzzbench/builders/benchmark/libressl_libressl done
#13 DONE 0.3s

#14 exporting cache
#14 sha256:2700d4ef94dee473593c5c614b55b2dedcca7893909811a8f2b48291a1f581e4
#14 preparing build cache for export done
#14 DONE 0.0s
------
 > importing cache manifest from gcr.io/fuzzbench/builders/benchmark/libressl_libressl:
------
#1 [internal] load build definition from builder.Dockerfile
#1 sha256:78cd477c80507925da2e5f0aa229edb3c138b9fe6be857669bf1cf7d5be62f9b
#1 transferring dockerfile: 46B done
#1 DONE 0.1s

#2 [internal] load .dockerignore
#2 sha256:e9728379da8070e0207820ccda767e217bc00e9c5e04197ce86c1a1e34e05696
#2 transferring context: 2B done
#2 DONE 0.1s

#3 [internal] load metadata for gcr.io/fuzzbench/builders/benchmark/libressl_libressl:latest
#3 sha256:bedb526a21bd642b501ac04e2be8ad45ebd86ff81b21fd27d9c554b22504b25c
#3 DONE 0.0s

#5 [1/3] FROM gcr.io/fuzzbench/builders/benchmark/libressl_libressl
#5 sha256:65a736a71fa185a58cfaddf39c9e9c149c7b0c20c7e221dd97f0469d41d91dac
#5 DONE 0.0s

#4 importing cache manifest from gcr.io/fuzzbench/builders/afl/libressl_libressl-intermediate
#4 sha256:890fc54d69d357ba7c06619053798db43c0fd83ef6bd074dea8215571deb7bfa
#4 ERROR: gcr.io/fuzzbench/builders/afl/libressl_libressl-intermediate:latest: not found

#5 [1/3] FROM gcr.io/fuzzbench/builders/benchmark/libressl_libressl
#5 sha256:65a736a71fa185a58cfaddf39c9e9c149c7b0c20c7e221dd97f0469d41d91dac
#5 DONE 0.9s

#6 [2/3] RUN git clone https://github.com/google/AFL.git /afl &&     cd /afl &&     git checkout 61037103ae3722c8060ff7082994836a794f978e &&     AFL_NO_X86=1 make
#6 sha256:d7659cb0e02b4f8cae291b2b7e4f4c0ddcb18268cc09c4af6dec1fd787f9d8e4
#6 0.399 Cloning into '/afl'...
#6 1.386 Note: switching to '61037103ae3722c8060ff7082994836a794f978e'.
#6 1.386 
#6 1.386 You are in 'detached HEAD' state. You can look around, make experimental
#6 1.386 changes and commit them, and you can discard any commits you make in this
#6 1.386 state without impacting any branches by switching back to a branch.
#6 1.386 
#6 1.386 If you want to create a new branch to retain commits you create, you may
#6 1.386 do so (now or later) by using -c with the switch command. Example:
#6 1.386 
#6 1.386   git switch -c <new-branch-name>
#6 1.386 
#6 1.386 Or undo this operation with:
#6 1.386 
#6 1.386   git switch -
#6 1.386 
#6 1.386 Turn off this advice by setting config variable advice.detachedHead to false
#6 1.386 
#6 1.386 HEAD is now at 6103710 Fix a typo filename comparison in the fuzzer (#139)
#6 1.397 [!] Note: skipping x86 compilation checks (AFL_NO_X86 set).
#6 1.398 clang -O1 -fno-omit-frame-pointer -gline-tables-only -DFUZZING_BUILD_MODE_UNSAFE_FOR_PRODUCTION -Wall -D_FORTIFY_SOURCE=2 -g -Wno-pointer-sign -DAFL_PATH=\"/usr/local/lib/afl\" -DDOC_PATH=\"/usr/local/share/doc/afl\" -DBIN_PATH=\"/usr/local/bin\" afl-gcc.c -o afl-gcc -ldl
#6 1.568 set -e; for i in afl-g++ afl-clang afl-clang++; do ln -sf afl-gcc $i; done
#6 1.571 clang -O1 -fno-omit-frame-pointer -gline-tables-only -DFUZZING_BUILD_MODE_UNSAFE_FOR_PRODUCTION -Wall -D_FORTIFY_SOURCE=2 -g -Wno-pointer-sign -DAFL_PATH=\"/usr/local/lib/afl\" -DDOC_PATH=\"/usr/local/share/doc/afl\" -DBIN_PATH=\"/usr/local/bin\" afl-fuzz.c -o afl-fuzz -ldl
#6 4.071 clang -O1 -fno-omit-frame-pointer -gline-tables-only -DFUZZING_BUILD_MODE_UNSAFE_FOR_PRODUCTION -Wall -D_FORTIFY_SOURCE=2 -g -Wno-pointer-sign -DAFL_PATH=\"/usr/local/lib/afl\" -DDOC_PATH=\"/usr/local/share/doc/afl\" -DBIN_PATH=\"/usr/local/bin\" afl-showmap.c -o afl-showmap -ldl
#6 4.388 clang -O1 -fno-omit-frame-pointer -gline-tables-only -DFUZZING_BUILD_MODE_UNSAFE_FOR_PRODUCTION -Wall -D_FORTIFY_SOURCE=2 -g -Wno-pointer-sign -DAFL_PATH=\"/usr/local/lib/afl\" -DDOC_PATH=\"/usr/local/share/doc/afl\" -DBIN_PATH=\"/usr/local/bin\" afl-tmin.c -o afl-tmin -ldl
#6 4.827 clang -O1 -fno-omit-frame-pointer -gline-tables-only -DFUZZING_BUILD_MODE_UNSAFE_FOR_PRODUCTION -Wall -D_FORTIFY_SOURCE=2 -g -Wno-pointer-sign -DAFL_PATH=\"/usr/local/lib/afl\" -DDOC_PATH=\"/usr/local/share/doc/afl\" -DBIN_PATH=\"/usr/local/bin\" afl-gotcpu.c -o afl-gotcpu -ldl
#6 4.970 clang -O1 -fno-omit-frame-pointer -gline-tables-only -DFUZZING_BUILD_MODE_UNSAFE_FOR_PRODUCTION -Wall -D_FORTIFY_SOURCE=2 -g -Wno-pointer-sign -DAFL_PATH=\"/usr/local/lib/afl\" -DDOC_PATH=\"/usr/local/share/doc/afl\" -DBIN_PATH=\"/usr/local/bin\" afl-analyze.c -o afl-analyze -ldl
#6 5.374 clang -O1 -fno-omit-frame-pointer -gline-tables-only -DFUZZING_BUILD_MODE_UNSAFE_FOR_PRODUCTION -Wall -D_FORTIFY_SOURCE=2 -g -Wno-pointer-sign -DAFL_PATH=\"/usr/local/lib/afl\" -DDOC_PATH=\"/usr/local/share/doc/afl\" -DBIN_PATH=\"/usr/local/bin\" afl-as.c -o afl-as -ldl
#6 5.608 ln -sf afl-as as
#6 5.609 [!] Note: skipping build tests (you may need to use LLVM or QEMU mode).
#6 5.611 [+] LLVM users: see llvm_mode/README.llvm for a faster alternative to afl-gcc.
#6 5.611 [+] All done! Be sure to review README - it's pretty short and useful.
#6 DONE 6.3s

#7 [3/3] RUN apt-get update &&     apt-get install wget -y &&     wget https://raw.githubusercontent.com/llvm/llvm-project/5feb80e748924606531ba28c97fe65145c65372e/compiler-rt/lib/fuzzer/afl/afl_driver.cpp -O /afl/afl_driver.cpp &&     clang -Wno-pointer-sign -c /afl/llvm_mode/afl-llvm-rt.o.c -I/afl &&     clang++ -stdlib=libc++ -std=c++11 -O2 -c /afl/afl_driver.cpp &&     ar r /libAFL.a *.o
#7 sha256:7a65d7f2a21bcb9d39601b78c88077bc9c192b36f52ade4793c9c37000333db0
#7 0.756 Hit:1 http://ppa.launchpad.net/git-core/ppa/ubuntu focal InRelease
#7 0.756 Hit:2 http://archive.ubuntu.com/ubuntu focal InRelease
#7 0.763 Hit:3 http://archive.ubuntu.com/ubuntu focal-updates InRelease
#7 0.786 Hit:4 http://archive.ubuntu.com/ubuntu focal-backports InRelease
#7 0.907 Hit:5 http://security.ubuntu.com/ubuntu focal-security InRelease
#7 1.492 Reading package lists...
#7 3.055 Reading package lists...
#7 4.590 Building dependency tree...
#7 4.821 Reading state information...
#7 5.115 wget is already the newest version (1.20.3-1ubuntu2).
#7 5.115 0 upgraded, 0 newly installed, 0 to remove and 0 not upgraded.
#7 5.130 --2022-02-16 20:26:04--  https://raw.githubusercontent.com/llvm/llvm-project/5feb80e748924606531ba28c97fe65145c65372e/compiler-rt/lib/fuzzer/afl/afl_driver.cpp
#7 5.134 Resolving raw.githubusercontent.com (raw.githubusercontent.com)... 185.199.109.133, 185.199.110.133, 185.199.111.133, ...
#7 5.136 Connecting to raw.githubusercontent.com (raw.githubusercontent.com)|185.199.109.133|:443... connected.
#7 5.161 HTTP request sent, awaiting response... 200 OK
#7 5.371 Length: 9177 (9.0K) [text/plain]
#7 5.371 Saving to: '/afl/afl_driver.cpp'
#7 5.371 
#7 5.371      0K ........                                              100% 10.1M=0.001s
#7 5.372 
#7 5.372 2022-02-16 20:26:04 (10.1 MB/s) - '/afl/afl_driver.cpp' saved [9177/9177]
#7 5.372 
#7 7.157 ar: creating /libAFL.a
#7 DONE 9.4s

#8 exporting to image
#8 sha256:e8c613e07b0b7ff33893b694f7759a10d42e180f2b4dc349fb57dc6b71dcab00
#8 exporting layers done
#8 writing image sha256:23c5c9921ca1e85c7554f1aa96f8e6ea15895ebc5d474c7330e339d9e0dff880
#8 writing image sha256:23c5c9921ca1e85c7554f1aa96f8e6ea15895ebc5d474c7330e339d9e0dff880 done
#8 naming to gcr.io/fuzzbench/builders/afl/libressl_libressl-intermediate done
#8 DONE 0.1s

#9 exporting cache
#9 sha256:2700d4ef94dee473593c5c614b55b2dedcca7893909811a8f2b48291a1f581e4
#9 preparing build cache for export done
#9 DONE 0.0s
------
 > importing cache manifest from gcr.io/fuzzbench/builders/afl/libressl_libressl-intermediate:
------
#1 [internal] load build definition from Dockerfile
#1 sha256:529560b9812dc58e2975b93b7dfd2e838784ce425e93c784ef081892926e82bd
#1 transferring dockerfile: 2.00kB done
#1 DONE 0.1s

#2 [internal] load .dockerignore
#2 sha256:5d60af6929e2b6cef1c1aec7d28cd361189a5ea1f5918f6be66e93519a893636
#2 transferring context: 34B done
#2 DONE 0.2s

#3 [internal] load metadata for docker.io/library/ubuntu:xenial
#3 sha256:f62bae18ed588840f045c881b2502661f2a89578a2f8f99b83f5200ee83dd25b
#3 DONE 0.0s

#5 [1/7] FROM docker.io/library/ubuntu:xenial
#5 sha256:14dd403f25ae9e519bd44f27dc17af7ce80f5a4f9f48ca88108364e67ec5d360
#5 DONE 0.0s

#4 importing cache manifest from gcr.io/fuzzbench/base-image
#4 sha256:9b220ebb4d4daceed1b96df9b6dca076e762f1cd612574f010b82d5b9e5ad896
#4 DONE 0.0s

#8 [internal] load build context
#8 sha256:74bc52dd0dc240e8a3e5410dd4589045748f71f4d5351e56847737346c0c648f
#8 transferring context: 559B 0.0s done
#8 DONE 0.1s

#10 [5/7] RUN pip3 install -r /requirements.txt
#10 sha256:92ba07a68a73041293556903ce647304e9fb8441fc3f3a3cf66b19fb9f9c9b8e
#10 CACHED

#11 [6/7] RUN apt-get update -y && apt-get install -y     apt-transport-https     lsb-release
#11 sha256:fa2f0d82aaffc7ea11bab8e93c9ec310f5aa5df14ced964da1206d8848adc55a
#11 CACHED

#6 [2/7] RUN apt-get update -y && apt-get install -y     build-essential     rsync     curl     zlib1g-dev     libncurses5-dev     libgdbm-dev     libnss3-dev     libssl-dev     libreadline-dev     libffi-dev     virtualenv     libbz2-dev     liblzma-dev     libsqlite3-dev
#6 sha256:3a1b0960f17eed529eaae93dc8fd3554f2743dd584d8fa569cdbe6bc734371ac
#6 CACHED

#7 [3/7] RUN cd /tmp/ &&     curl -O https://www.python.org/ftp/python/3.8.6/Python-3.8.6.tar.xz &&     tar -xvf Python-3.8.6.tar.xz &&     cd Python-3.8.6 &&     ./configure --enable-loadable-sqlite-extensions --enable-optimizations &&     make -j install &&     rm -r /tmp/Python-3.8.6.tar.xz /tmp/Python-3.8.6
#7 sha256:c5b9d1fb3371e84dbc60b76e7b2f8d5913bc93bcd4910ab65daa03e7b2ec4bb0
#7 CACHED

#9 [4/7] COPY ./requirements.txt /
#9 sha256:dcfb2297861eca5c3bc559e2144d03e489f210135dcd0b328b6e9151b814b939
#9 CACHED

#12 [7/7] RUN CLOUD_SDK_REPO="cloud-sdk-$(lsb_release -c -s)" &&     echo "deb https://packages.cloud.google.com/apt $CLOUD_SDK_REPO main"     | tee -a /etc/apt/sources.list.d/google-cloud-sdk.list &&     curl https://packages.cloud.google.com/apt/doc/apt-key.gpg     | apt-key add - &&     apt-get update -y &&     apt-get install -y google-cloud-sdk
#12 sha256:25dcd5c6e90e29a58187dba2fd478a8d8f140292131571268585e4cde7b4f8cb
#12 CACHED

#13 exporting to image
#13 sha256:e8c613e07b0b7ff33893b694f7759a10d42e180f2b4dc349fb57dc6b71dcab00
#13 exporting layers done
#13 writing image sha256:139540fb22a119f888cb3e5ed6e013e8d868574697f5fb839e5da9e23de73e0a
#13 writing image sha256:139540fb22a119f888cb3e5ed6e013e8d868574697f5fb839e5da9e23de73e0a 0.0s done
#13 naming to gcr.io/fuzzbench/base-image done
#13 DONE 0.1s

#14 exporting cache
#14 sha256:2700d4ef94dee473593c5c614b55b2dedcca7893909811a8f2b48291a1f581e4
#14 preparing build cache for export done
#14 DONE 0.0s
#1 [internal] load build definition from Dockerfile
#1 sha256:2657a6935fd4f726b59f5483eacf3be1da4141d57196de8c8ac189a75ae9f6f4
#1 transferring dockerfile: 2.22kB done
#1 DONE 0.0s

#2 [internal] load .dockerignore
#2 sha256:fd98522ac0e91a8be82e5e39130369e69b1d41968e69584593bd50fa1415eb7c
#2 transferring context: 34B done
#2 DONE 0.2s

#4 [internal] load metadata for gcr.io/fuzzbench/base-image:latest
#4 sha256:932022888f650cc455b10eb5123bb08c0cccacac29a693e69314abbfd28a72c3
#4 DONE 0.0s

#3 [internal] load metadata for gcr.io/fuzzbench/builders/afl/libressl_libressl-intermediate:latest
#3 sha256:be2e0168188ee3ff105002c8795136f4f1770ebdccbf5220555db79e45c2e40d
#3 DONE 0.0s

#12 [internal] load build context
#12 sha256:799d70df846f92d56583b2b71eb61c0c4cf8dca6881563e955ab88090d674dae
#12 DONE 0.0s

#7 [base-image 1/1] FROM gcr.io/fuzzbench/base-image
#7 sha256:4d07825694520f8b6f6a0d8592dbd345433361ae044cb7f06706c5a95e3daaad
#7 DONE 0.0s

#6 [stage-1  1/13] FROM gcr.io/fuzzbench/builders/afl/libressl_libressl-intermediate
#6 sha256:b6c37567245243f70aa9dcad216b206d3ec6d2e925458d6f9c7d8331f34913ad
#6 DONE 0.0s

#5 importing cache manifest from gcr.io/fuzzbench/builders/afl/libressl_libressl
#5 sha256:75e46bf5a53f9dfd310a831c3122891ee1125f91497d99ecb9721bda36fbbbf9
#5 ERROR: gcr.io/fuzzbench/builders/afl/libressl_libressl:latest: not found

#7 [base-image 1/1] FROM gcr.io/fuzzbench/base-image
#7 sha256:4d07825694520f8b6f6a0d8592dbd345433361ae044cb7f06706c5a95e3daaad
#7 CACHED

#12 [internal] load build context
#12 sha256:799d70df846f92d56583b2b71eb61c0c4cf8dca6881563e955ab88090d674dae
#12 transferring context: 669.87kB 0.1s done
#12 DONE 0.3s

#6 [stage-1  1/13] FROM gcr.io/fuzzbench/builders/afl/libressl_libressl-intermediate
#6 sha256:b6c37567245243f70aa9dcad216b206d3ec6d2e925458d6f9c7d8331f34913ad
#6 DONE 1.1s

#8 [stage-1  2/13] COPY --from=base-image /usr/local/bin/python3* /usr/local/bin/
#8 sha256:816c1b75a262fa57ef643dc4e27c50a5ae68f4b37fbd43adbd0ea712e3802294
#8 DONE 0.9s

#9 [stage-1  3/13] COPY --from=base-image /usr/local/lib/python3.8 /usr/local/lib/python3.8
#9 sha256:43c821aefd34e4a8274206d98dcdfebcd4cbfb5541929d800d8dc21e91f2a464
#9 DONE 20.0s

#10 [stage-1  4/13] COPY --from=base-image /usr/local/include/python3.8 /usr/local/include/python3.8
#10 sha256:458e12fcc60aeae876ed16db86d25ae4de3f72078fa90236f995b7d345a919db
#10 DONE 0.1s

#11 [stage-1  5/13] COPY --from=base-image /usr/local/lib/python3.8/site-packages /usr/local/lib/python3.8/site-packages
#11 sha256:44999dd9333bddd6032c5048de02c4db806ea2bf3cd2dc314dd962fe4797c458
#11 DONE 26.2s

#13 [stage-1  6/13] COPY fuzzers /src/fuzzers
#13 sha256:ded57654be1df46ff6caa440301855bc0008144249daaada6f1ee9996265c575
#13 DONE 0.5s

#14 [stage-1  7/13] RUN touch /src/__init__.py
#14 sha256:193157f02f9c22b3ac7d631dd9a62f8e67b38674030ca2e520a88cbe47894f32
#14 DONE 0.7s

#15 [stage-1  8/13] COPY benchmarks/libressl_libressl/benchmark.yaml /
#15 sha256:61f727fe31e309fac4a78fbe0f2ba1f57fe35b3868f880bb490cf444ae782ab5
#15 DONE 0.2s

#16 [stage-1  9/13] RUN mkdir /opt/fuzzbench/
#16 sha256:dc01ed8794988c6f3d86611022d039faa2942cfdb88204cbdf03e16f631d1df7
#16 DONE 0.6s

#17 [stage-1 10/13] COPY docker/benchmark-builder/checkout_commit.py /opt/fuzzbench/
#17 sha256:bbe56b93a3a37e291f1488fef3b5b47584a2c1409b97bc711a1a5aac5678a242
#17 DONE 0.4s

#18 [stage-1 11/13] RUN export CHECKOUT_COMMIT=$(cat /benchmark.yaml | tr -d ' ' | grep 'commit:' | cut -d ':' -f2) &&     python3 -u /opt/fuzzbench/checkout_commit.py $CHECKOUT_COMMIT /src
#18 sha256:ffe75bb1523a5de8f1d9b4fb0dd89a7f69c3adad24366bac16aa0fb18aace437
#18 0.651 Checking out commit 3bc10fd7
#18 2.880 From https://github.com/libressl-portable/portable
#18 2.880  * [new tag]         v2.1.2     -> v2.1.2
#18 2.881  * [new tag]         v2.1.3     -> v2.1.3
#18 2.881  * [new tag]         v2.1.4     -> v2.1.4
#18 2.881  * [new tag]         v2.2.0     -> v2.2.0
#18 2.882  * [new tag]         v2.2.1     -> v2.2.1
#18 2.882  * [new tag]         v2.2.2     -> v2.2.2
#18 2.882  * [new tag]         v2.3.0     -> v2.3.0
#18 2.883  * [new tag]         v2.3.1     -> v2.3.1
#18 2.883  * [new tag]         v2.3.2     -> v2.3.2
#18 2.883  * [new tag]         v2.4.0     -> v2.4.0
#18 2.884  * [new tag]         v2.4.1     -> v2.4.1
#18 2.884  * [new tag]         v2.5.0     -> v2.5.0
#18 2.884  * [new tag]         v2.5.1     -> v2.5.1
#18 2.884  * [new tag]         v2.5.2     -> v2.5.2
#18 2.885  * [new tag]         v2.6.0     -> v2.6.0
#18 2.885  * [new tag]         v2.6.1     -> v2.6.1
#18 2.885  * [new tag]         v2.6.2     -> v2.6.2
#18 2.886  * [new tag]         v2.7.0     -> v2.7.0
#18 2.886  * [new tag]         v2.7.1     -> v2.7.1
#18 2.886  * [new tag]         v2.8.0     -> v2.8.0
#18 2.887  * [new tag]         v2.8.1     -> v2.8.1
#18 2.887  * [new tag]         v2.9.0     -> v2.9.0
#18 2.888  * [new tag]         v3.0.0     -> v3.0.0
#18 2.888  * [new tag]         v3.0.1     -> v3.0.1
#18 2.888  * [new tag]         v3.1.0     -> v3.1.0
#18 2.888  * [new tag]         v3.2.0     -> v3.2.0
#18 2.888  * [new tag]         v3.2.1     -> v3.2.1
#18 2.889  * [new tag]         v3.3.0     -> v3.3.0
#18 2.889  * [new tag]         v3.3.1     -> v3.3.1
#18 2.889  * [new tag]         v3.3.2     -> v3.3.2
#18 2.889  * [new tag]         v3.4.0     -> v3.4.0
#18 2.897 error: pathspec '3bc10fd7' did not match any file(s) known to git
#18 9.003 error: pathspec '3bc10fd7' did not match any file(s) known to git
#18 9.022 error: pathspec '3bc10fd7' did not match any file(s) known to git
#18 9.030 error: pathspec '3bc10fd7' did not match any file(s) known to git
#18 9.064 error: pathspec '3bc10fd7' did not match any file(s) known to git
#18 9.202 Checkout unsuccessful.
#18 DONE 9.5s

#19 [stage-1 12/13] RUN echo "#!/bin/bash\nPYTHONPATH=/src python3 -u -c "from fuzzers import utils; utils.initialize_env(); from fuzzers.afl import fuzzer; fuzzer.build()"" > /usr/bin/fuzzer_build &&     chmod +x /usr/bin/fuzzer_build
#19 sha256:445029990e40c81b71e95e146ec4f038d3ac5e2f078a2004d3d44ff789af2d7e
#19 DONE 0.9s

#20 [stage-1 13/13] RUN echo "Run fuzzer_build to build the target" && if [ -z "$debug_builder" ] ; then fuzzer_build; fi
#20 sha256:05aedb04d478a84842cfa23f89935c888df532d655ed2d54db860aa2ad248a68
#20 0.604 Run fuzzer_build to build the target
#20 0.716 FUZZ_TARGET = libressl
#20 0.716 CFLAGS = -DFUZZING_BUILD_MODE_UNSAFE_FOR_PRODUCTION -pthread -Wl,--no-as-needed -Wl,-ldl -Wl,-lm -Wno-unused-command-line-argument -O3
#20 0.716 CXXFLAGS = -DFUZZING_BUILD_MODE_UNSAFE_FOR_PRODUCTION -pthread -Wl,--no-as-needed -Wl,-ldl -Wl,-lm -Wno-unused-command-line-argument -stdlib=libc++ -O3
#20 0.721 Building benchmark libressl_libressl with fuzzer afl
#20 0.724 + mkdir -p /work/libressl
#20 0.727 + cd /work/libressl
#20 0.727 + CMAKE_DEFINES=
#20 0.727 + [[ -DFUZZING_BUILD_MODE_UNSAFE_FOR_PRODUCTION -pthread -Wl,--no-as-needed -Wl,-ldl -Wl,-lm -Wno-unused-command-line-argument -O3 -fsanitize-coverage=trace-pc-guard = *sanitize=memory* ]]
#20 0.727 + cmake -DCMAKE_C_COMPILER=clang -DCMAKE_CXX_COMPILER=clang++ '-DCMAKE_C_FLAGS=-DFUZZING_BUILD_MODE_UNSAFE_FOR_PRODUCTION -pthread -Wl,--no-as-needed -Wl,-ldl -Wl,-lm -Wno-unused-command-line-argument -O3 -fsanitize-coverage=trace-pc-guard' '-DCMAKE_CXX_FLAGS=-DFUZZING_BUILD_MODE_UNSAFE_FOR_PRODUCTION -pthread -Wl,--no-as-needed -Wl,-ldl -Wl,-lm -Wno-unused-command-line-argument -stdlib=libc++ -O3 -fsanitize-coverage=trace-pc-guard' /src/libressl/
#20 1.050 -- The C compiler identification is Clang 14.0.0
#20 1.099 -- The ASM compiler identification is Clang
#20 1.104 -- Found assembler: /usr/local/bin/clang
#20 1.134 -- Detecting C compiler ABI info
#20 1.310 -- Detecting C compiler ABI info - done
#20 1.360 -- Check for working C compiler: /usr/local/bin/clang - skipped
#20 1.364 -- Detecting C compile features
#20 1.366 -- Detecting C compile features - done
#20 1.383 -- Looking for asprintf
#20 1.552 -- Looking for asprintf - found
#20 1.553 -- Looking for reallocarray
#20 1.711 -- Looking for reallocarray - found
#20 1.711 -- Looking for strcasecmp
#20 1.870 -- Looking for strcasecmp - found
#20 1.871 -- Looking for strlcat
#20 2.042 -- Looking for strlcat - not found
#20 2.042 -- Looking for strlcpy
#20 2.205 -- Looking for strlcpy - not found
#20 2.206 -- Looking for strndup
#20 2.369 -- Looking for strndup - found
#20 2.370 -- Looking for strnlen
#20 2.544 -- Looking for strnlen - found
#20 2.545 -- Looking for strsep
#20 2.704 -- Looking for strsep - found
#20 2.705 -- Looking for timegm
#20 2.867 -- Looking for timegm - found
#20 2.867 -- Looking for arc4random_buf
#20 3.032 -- Looking for arc4random_buf - not found
#20 3.033 -- Looking for arc4random_uniform
#20 3.194 -- Looking for arc4random_uniform - not found
#20 3.194 -- Looking for explicit_bzero
#20 3.356 -- Looking for explicit_bzero - found
#20 3.357 -- Looking for getauxval
#20 3.525 -- Looking for getauxval - found
#20 3.525 -- Looking for getentropy
#20 3.688 -- Looking for getentropy - found
#20 3.694 -- Looking for getpagesize
#20 3.863 -- Looking for getpagesize - found
#20 3.863 -- Looking for getprogname
#20 4.028 -- Looking for getprogname - not found
#20 4.028 -- Looking for syslog_r
#20 4.193 -- Looking for syslog_r - not found
#20 4.194 -- Looking for syslog
#20 4.363 -- Looking for syslog - found
#20 4.364 -- Looking for timespecsub
#20 4.410 -- Looking for timespecsub - not found
#20 4.410 -- Looking for timingsafe_bcmp
#20 4.572 -- Looking for timingsafe_bcmp - not found
#20 4.572 -- Looking for timingsafe_memcmp
#20 4.737 -- Looking for timingsafe_memcmp - not found
#20 4.738 -- Looking for memmem
#20 4.899 -- Looking for memmem - found
#20 4.900 -- Looking for include file endian.h
#20 5.171 -- Looking for include file endian.h - found
#20 5.173 -- Looking for include file err.h
#20 5.575 -- Looking for include file err.h - found
#20 5.576 -- Looking for 3 include files sys/types.h, ..., netinet/ip.h
#20 5.758 -- Looking for 3 include files sys/types.h, ..., netinet/ip.h - found
#20 5.759 -- Looking for clock_gettime in rt
#20 5.918 -- Looking for clock_gettime in rt - found
#20 5.920 -- Looking for sys/types.h
#20 6.087 -- Looking for sys/types.h - found
#20 6.088 -- Looking for stdint.h
#20 6.257 -- Looking for stdint.h - found
#20 6.258 -- Looking for stddef.h
#20 6.416 -- Looking for stddef.h - found
#20 6.416 -- Check size of time_t
#20 6.624 -- Check size of time_t - done
#20 6.638 -- Looking for b64_ntop
#20 6.803 -- Looking for b64_ntop - not found
#20 6.803 -- Looking for accept4
#20 6.973 -- Looking for accept4 - found
#20 6.974 -- Looking for readpassphrase
#20 7.136 -- Looking for readpassphrase - not found
#20 7.156 -- Looking for pipe2
#20 7.314 -- Looking for pipe2 - found
#20 7.322 -- Configuring done
#20 7.828 -- Generating done
#20 7.845 CMake Warning:
#20 7.845   Manually-specified variables were not used by the project:
#20 7.845 
#20 7.845     CMAKE_CXX_COMPILER
#20 7.845     CMAKE_CXX_FLAGS
#20 7.845 
#20 7.845 
#20 7.846 -- Build files have been written to: /work/libressl
#20 7.861 ++ nproc
#20 7.863 + make -j8
#20 7.897 [  0%] Building C object ssl/CMakeFiles/bs_obj.dir/bs_ber.c.o
#20 7.897 [  0%] Building C object ssl/CMakeFiles/bs_obj.dir/bs_cbb.c.o
#20 7.898 [  1%] Building C object ssl/CMakeFiles/bs_obj.dir/bs_cbs.c.o
#20 7.898 [  1%] Building C object tls/CMakeFiles/tls_obj.dir/tls_bio_cb.c.o
#20 7.898 [  1%] Building C object tls/CMakeFiles/tls_obj.dir/tls.c.o
#20 7.898 [  1%] Building C object tls/CMakeFiles/tls_obj.dir/tls_client.c.o
#20 7.901 [  1%] Building C object ssl/CMakeFiles/ssl_obj.dir/bio_ssl.c.o
#20 7.959 [  1%] Building C object crypto/CMakeFiles/crypto_obj.dir/aes/aes-elf-x86_64.S.o
#20 8.028 [  1%] Building C object tls/CMakeFiles/tls_obj.dir/tls_config.c.o
#20 8.048 [  1%] Building C object crypto/CMakeFiles/crypto_obj.dir/aes/bsaes-elf-x86_64.S.o
#20 8.109 [  1%] Building C object crypto/CMakeFiles/crypto_obj.dir/aes/vpaes-elf-x86_64.S.o
#20 8.155 [  1%] Building C object crypto/CMakeFiles/crypto_obj.dir/aes/aesni-elf-x86_64.S.o
#20 8.193 [  1%] Building C object tls/CMakeFiles/tls_obj.dir/tls_conninfo.c.o
#20 8.205 [  1%] Building C object tls/CMakeFiles/tls_obj.dir/tls_keypair.c.o
#20 8.217 [  1%] Building C object crypto/CMakeFiles/crypto_obj.dir/aes/aesni-sha1-elf-x86_64.S.o
#20 8.271 [  2%] Building C object crypto/CMakeFiles/crypto_obj.dir/bn/modexp512-elf-x86_64.S.o
#20 8.299 [  2%] Building C object ssl/CMakeFiles/ssl_obj.dir/d1_both.c.o
#20 8.326 [  2%] Building C object crypto/CMakeFiles/crypto_obj.dir/bn/mont-elf-x86_64.S.o
#20 8.342 [  2%] Building C object tls/CMakeFiles/tls_obj.dir/tls_server.c.o
#20 8.368 [  2%] Built target bs_obj
#20 8.372 [  2%] Building C object tls/CMakeFiles/tls_obj.dir/tls_signer.c.o
#20 8.380 [  2%] Building C object crypto/CMakeFiles/crypto_obj.dir/bn/mont5-elf-x86_64.S.o
#20 8.431 [  2%] Building C object crypto/CMakeFiles/crypto_obj.dir/bn/gf2m-elf-x86_64.S.o
#20 8.462 [  3%] Building C object tls/CMakeFiles/tls_obj.dir/tls_ocsp.c.o
#20 8.475 [  3%] Building C object crypto/CMakeFiles/crypto_obj.dir/camellia/cmll-elf-x86_64.S.o
#20 8.517 [  3%] Building C object tls/CMakeFiles/tls_obj.dir/tls_peer.c.o
#20 8.531 [  3%] Building C object crypto/CMakeFiles/crypto_obj.dir/md5/md5-elf-x86_64.S.o
#20 8.577 [  3%] Building C object crypto/CMakeFiles/crypto_obj.dir/modes/ghash-elf-x86_64.S.o
#20 8.580 [  3%] Building C object tls/CMakeFiles/tls_obj.dir/tls_util.c.o
#20 8.628 [  3%] Building C object crypto/CMakeFiles/crypto_obj.dir/rc4/rc4-elf-x86_64.S.o
#20 8.656 [  3%] Building C object tls/CMakeFiles/tls_obj.dir/tls_verify.c.o
#20 8.675 [  3%] Building C object crypto/CMakeFiles/crypto_obj.dir/rc4/rc4-md5-elf-x86_64.S.o
#20 8.728 [  4%] Building C object crypto/CMakeFiles/crypto_obj.dir/sha/sha1-elf-x86_64.S.o
#20 8.762 [  4%] Building C object crypto/CMakeFiles/crypto_obj.dir/sha/sha256-elf-x86_64.S.o
#20 8.775 [  4%] Building C object crypto/CMakeFiles/crypto_obj.dir/sha/sha512-elf-x86_64.S.o
#20 8.797 [  4%] Building C object crypto/CMakeFiles/crypto_obj.dir/whrlpool/wp-elf-x86_64.S.o
#20 8.810 [  4%] Building C object crypto/CMakeFiles/crypto_obj.dir/cpuid-elf-x86_64.S.o
#20 8.817 [  4%] Building C object crypto/CMakeFiles/crypto_obj.dir/cpt_err.c.o
#20 8.832 [  4%] Building C object crypto/CMakeFiles/crypto_obj.dir/cryptlib.c.o
#20 8.851 [  4%] Building C object crypto/CMakeFiles/crypto_obj.dir/crypto_init.c.o
#20 8.852 [  4%] Building C object crypto/CMakeFiles/crypto_obj.dir/cversion.c.o
#20 8.899 [  5%] Building C object crypto/CMakeFiles/crypto_obj.dir/ex_data.c.o
#20 8.919 [  5%] Building C object crypto/CMakeFiles/crypto_obj.dir/malloc-wrapper.c.o
#20 8.919 [  5%] Building C object ssl/CMakeFiles/ssl_obj.dir/d1_lib.c.o
#20 8.945 [  5%] Building C object crypto/CMakeFiles/crypto_obj.dir/mem_clr.c.o
#20 9.011 [  5%] Built target tls_obj
#20 9.011 [  6%] Building C object ssl/CMakeFiles/ssl_obj.dir/d1_pkt.c.o
#20 9.015 [  6%] Building C object ssl/CMakeFiles/ssl_obj.dir/d1_srtp.c.o
#20 9.020 [  6%] Building C object crypto/CMakeFiles/crypto_obj.dir/mem_dbg.c.o
#20 9.024 [  6%] Building C object crypto/CMakeFiles/crypto_obj.dir/o_fips.c.o
#20 9.036 [  6%] Building C object crypto/CMakeFiles/crypto_obj.dir/o_init.c.o
#20 9.048 [  6%] Building C object crypto/CMakeFiles/crypto_obj.dir/o_str.c.o
#20 9.100 [  6%] Building C object crypto/CMakeFiles/crypto_obj.dir/o_time.c.o
#20 9.121 [  6%] Building C object crypto/CMakeFiles/crypto_obj.dir/aes/aes_cfb.c.o
#20 9.123 [  7%] Building C object crypto/CMakeFiles/crypto_obj.dir/aes/aes_ctr.c.o
#20 9.126 [  7%] Building C object crypto/CMakeFiles/crypto_obj.dir/aes/aes_ecb.c.o
#20 9.159 [  7%] Building C object crypto/CMakeFiles/crypto_obj.dir/aes/aes_ige.c.o
#20 9.162 [  7%] Building C object crypto/CMakeFiles/crypto_obj.dir/aes/aes_misc.c.o
#20 9.192 [  7%] Building C object crypto/CMakeFiles/crypto_obj.dir/aes/aes_ofb.c.o
#20 9.206 [  7%] Building C object crypto/CMakeFiles/crypto_obj.dir/aes/aes_wrap.c.o
#20 9.219 [  7%] Building C object crypto/CMakeFiles/crypto_obj.dir/asn1/a_bitstr.c.o
#20 9.228 [  7%] Building C object crypto/CMakeFiles/crypto_obj.dir/asn1/a_enum.c.o
#20 9.254 [  7%] Building C object crypto/CMakeFiles/crypto_obj.dir/asn1/a_int.c.o
#20 9.310 [  8%] Building C object crypto/CMakeFiles/crypto_obj.dir/asn1/a_mbstr.c.o
#20 9.342 [  8%] Building C object ssl/CMakeFiles/ssl_obj.dir/pqueue.c.o
#20 9.349 [  8%] Building C object ssl/CMakeFiles/ssl_obj.dir/s3_cbc.c.o
#20 9.349 [  8%] Building C object crypto/CMakeFiles/crypto_obj.dir/asn1/a_object.c.o
#20 9.476 [  8%] Building C object ssl/CMakeFiles/ssl_obj.dir/s3_lib.c.o
#20 9.503 [  8%] Building C object crypto/CMakeFiles/crypto_obj.dir/asn1/a_octet.c.o
#20 9.549 [  8%] Building C object crypto/CMakeFiles/crypto_obj.dir/asn1/a_pkey.c.o
#20 9.576 [  8%] Building C object crypto/CMakeFiles/crypto_obj.dir/asn1/a_print.c.o
#20 9.602 [  8%] Building C object ssl/CMakeFiles/ssl_obj.dir/ssl_algs.c.o
#20 9.633 [  8%] Building C object crypto/CMakeFiles/crypto_obj.dir/asn1/a_pubkey.c.o
#20 9.686 [  8%] Building C object crypto/CMakeFiles/crypto_obj.dir/asn1/a_strex.c.o
#20 9.726 [  8%] Building C object crypto/CMakeFiles/crypto_obj.dir/asn1/a_string.c.o
#20 9.758 [  8%] Building C object crypto/CMakeFiles/crypto_obj.dir/asn1/a_strnid.c.o
#20 9.804 [  9%] Building C object crypto/CMakeFiles/crypto_obj.dir/asn1/a_time.c.o
#20 9.823 [  9%] Building C object crypto/CMakeFiles/crypto_obj.dir/asn1/a_time_tm.c.o
#20 9.882 [  9%] Building C object ssl/CMakeFiles/ssl_obj.dir/ssl_asn1.c.o
#20 9.897 [  9%] Building C object ssl/CMakeFiles/ssl_obj.dir/ssl_both.c.o
#20 9.957 [  9%] Building C object crypto/CMakeFiles/crypto_obj.dir/asn1/a_type.c.o
#20 9.974 [  9%] Building C object crypto/CMakeFiles/crypto_obj.dir/asn1/a_utf8.c.o
#20 10.02 [  9%] Building C object crypto/CMakeFiles/crypto_obj.dir/asn1/ameth_lib.c.o
#20 10.11 [  9%] Building C object crypto/CMakeFiles/crypto_obj.dir/asn1/asn1_err.c.o
#20 10.13 [  9%] Building C object crypto/CMakeFiles/crypto_obj.dir/asn1/asn1_gen.c.o
#20 10.14 [  9%] Building C object crypto/CMakeFiles/crypto_obj.dir/asn1/asn1_item.c.o
#20 10.15 [  9%] Building C object ssl/CMakeFiles/ssl_obj.dir/ssl_cert.c.o
#20 10.19 [  9%] Building C object crypto/CMakeFiles/crypto_obj.dir/asn1/asn1_lib.c.o
#20 10.25 [ 10%] Building C object crypto/CMakeFiles/crypto_obj.dir/asn1/asn1_old.c.o
#20 10.27 [ 11%] Building C object ssl/CMakeFiles/ssl_obj.dir/ssl_ciph.c.o
#20 10.27 [ 11%] Building C object crypto/CMakeFiles/crypto_obj.dir/asn1/asn1_old_lib.c.o
#20 10.36 [ 11%] Building C object ssl/CMakeFiles/ssl_obj.dir/ssl_ciphers.c.o
#20 10.38 [ 11%] Building C object crypto/CMakeFiles/crypto_obj.dir/asn1/asn1_par.c.o
#20 10.40 [ 11%] Building C object crypto/CMakeFiles/crypto_obj.dir/asn1/asn1_types.c.o
#20 10.47 [ 11%] Building C object crypto/CMakeFiles/crypto_obj.dir/asn1/asn_mime.c.o
#20 10.52 [ 11%] Building C object crypto/CMakeFiles/crypto_obj.dir/asn1/asn_moid.c.o
#20 10.53 [ 11%] Building C object crypto/CMakeFiles/crypto_obj.dir/asn1/bio_asn1.c.o
#20 10.60 [ 11%] Building C object crypto/CMakeFiles/crypto_obj.dir/asn1/bio_ndef.c.o
#20 10.62 [ 11%] Building C object ssl/CMakeFiles/ssl_obj.dir/ssl_clnt.c.o
#20 10.71 [ 11%] Building C object crypto/CMakeFiles/crypto_obj.dir/asn1/nsseq.c.o
#20 10.72 [ 11%] Building C object ssl/CMakeFiles/ssl_obj.dir/ssl_err.c.o
#20 10.75 [ 12%] Building C object crypto/CMakeFiles/crypto_obj.dir/asn1/p5_pbe.c.o
#20 10.78 [ 12%] Building C object crypto/CMakeFiles/crypto_obj.dir/asn1/p5_pbev2.c.o
#20 10.78 [ 12%] Building C object crypto/CMakeFiles/crypto_obj.dir/asn1/p8_pkey.c.o
#20 10.93 [ 12%] Building C object ssl/CMakeFiles/ssl_obj.dir/ssl_init.c.o
#20 10.99 [ 12%] Building C object crypto/CMakeFiles/crypto_obj.dir/asn1/t_crl.c.o
#20 11.01 [ 12%] Building C object crypto/CMakeFiles/crypto_obj.dir/asn1/t_pkey.c.o
#20 11.06 [ 12%] Building C object crypto/CMakeFiles/crypto_obj.dir/asn1/t_req.c.o
#20 11.07 [ 12%] Building C object crypto/CMakeFiles/crypto_obj.dir/asn1/t_spki.c.o
#20 11.09 [ 12%] Building C object ssl/CMakeFiles/ssl_obj.dir/ssl_kex.c.o
#20 11.16 [ 12%] Building C object crypto/CMakeFiles/crypto_obj.dir/asn1/t_x509.c.o
#20 11.21 [ 12%] Building C object ssl/CMakeFiles/ssl_obj.dir/ssl_lib.c.o
#20 11.22 [ 12%] Building C object ssl/CMakeFiles/ssl_obj.dir/ssl_methods.c.o
#20 11.24 [ 12%] Building C object crypto/CMakeFiles/crypto_obj.dir/asn1/t_x509a.c.o
#20 11.29 [ 13%] Building C object crypto/CMakeFiles/crypto_obj.dir/asn1/tasn_dec.c.o
#20 11.35 [ 13%] Building C object ssl/CMakeFiles/ssl_obj.dir/ssl_packet.c.o
#20 11.38 [ 13%] Building C object crypto/CMakeFiles/crypto_obj.dir/asn1/tasn_enc.c.o
#20 11.47 [ 13%] Building C object crypto/CMakeFiles/crypto_obj.dir/asn1/tasn_fre.c.o
#20 11.54 [ 14%] Building C object ssl/CMakeFiles/ssl_obj.dir/ssl_pkt.c.o
#20 11.65 [ 14%] Building C object crypto/CMakeFiles/crypto_obj.dir/asn1/tasn_new.c.o
#20 11.66 [ 14%] Building C object crypto/CMakeFiles/crypto_obj.dir/asn1/tasn_prn.c.o
#20 11.68 [ 14%] Building C object ssl/CMakeFiles/ssl_obj.dir/ssl_rsa.c.o
#20 11.70 [ 14%] Building C object ssl/CMakeFiles/ssl_obj.dir/ssl_sess.c.o
#20 11.73 [ 14%] Building C object crypto/CMakeFiles/crypto_obj.dir/asn1/tasn_typ.c.o
#20 11.80 [ 14%] Building C object crypto/CMakeFiles/crypto_obj.dir/asn1/tasn_utl.c.o
#20 11.90 [ 14%] Building C object crypto/CMakeFiles/crypto_obj.dir/asn1/x_algor.c.o
#20 11.96 [ 14%] Building C object crypto/CMakeFiles/crypto_obj.dir/asn1/x_attrib.c.o
#20 12.01 [ 15%] Building C object crypto/CMakeFiles/crypto_obj.dir/asn1/x_bignum.c.o
#20 12.09 [ 15%] Building C object crypto/CMakeFiles/crypto_obj.dir/asn1/x_crl.c.o
#20 12.13 [ 15%] Building C object ssl/CMakeFiles/ssl_obj.dir/ssl_sigalgs.c.o
#20 12.15 [ 15%] Building C object crypto/CMakeFiles/crypto_obj.dir/asn1/x_exten.c.o
#20 12.15 [ 15%] Building C object crypto/CMakeFiles/crypto_obj.dir/asn1/x_info.c.o
#20 12.19 [ 15%] Building C object crypto/CMakeFiles/crypto_obj.dir/asn1/x_long.c.o
#20 12.27 [ 15%] Building C object ssl/CMakeFiles/ssl_obj.dir/ssl_srvr.c.o
#20 12.31 [ 15%] Building C object ssl/CMakeFiles/ssl_obj.dir/ssl_stat.c.o
#20 12.35 [ 15%] Building C object crypto/CMakeFiles/crypto_obj.dir/asn1/x_name.c.o
#20 12.36 [ 15%] Building C object crypto/CMakeFiles/crypto_obj.dir/asn1/x_pkey.c.o
#20 12.36 [ 15%] Building C object crypto/CMakeFiles/crypto_obj.dir/asn1/x_pubkey.c.o
#20 12.50 [ 15%] Building C object ssl/CMakeFiles/ssl_obj.dir/ssl_tlsext.c.o
#20 12.54 [ 15%] Building C object crypto/CMakeFiles/crypto_obj.dir/asn1/x_req.c.o
#20 12.57 [ 15%] Building C object ssl/CMakeFiles/ssl_obj.dir/ssl_transcript.c.o
#20 12.59 [ 16%] Building C object crypto/CMakeFiles/crypto_obj.dir/asn1/x_sig.c.o
#20 12.72 [ 16%] Building C object ssl/CMakeFiles/ssl_obj.dir/ssl_txt.c.o
#20 12.73 [ 16%] Building C object crypto/CMakeFiles/crypto_obj.dir/asn1/x_spki.c.o
#20 12.76 [ 16%] Building C object crypto/CMakeFiles/crypto_obj.dir/asn1/x_val.c.o
#20 12.79 [ 16%] Building C object crypto/CMakeFiles/crypto_obj.dir/asn1/x_x509.c.o
#20 12.80 [ 16%] Building C object crypto/CMakeFiles/crypto_obj.dir/asn1/x_x509a.c.o
#20 12.90 [ 17%] Building C object ssl/CMakeFiles/ssl_obj.dir/ssl_versions.c.o
#20 12.95 [ 17%] Building C object crypto/CMakeFiles/crypto_obj.dir/bf/bf_cfb64.c.o
#20 12.97 [ 17%] Building C object crypto/CMakeFiles/crypto_obj.dir/bf/bf_ecb.c.o
#20 13.01 [ 17%] Building C object crypto/CMakeFiles/crypto_obj.dir/bf/bf_enc.c.o
#20 13.02 [ 17%] Building C object crypto/CMakeFiles/crypto_obj.dir/bf/bf_ofb64.c.o
#20 13.04 [ 17%] Building C object ssl/CMakeFiles/ssl_obj.dir/t1_enc.c.o
#20 13.07 [ 18%] Building C object crypto/CMakeFiles/crypto_obj.dir/bf/bf_skey.c.o
#20 13.08 [ 18%] Building C object ssl/CMakeFiles/ssl_obj.dir/t1_lib.c.o
#20 13.08 [ 18%] Building C object crypto/CMakeFiles/crypto_obj.dir/bio/b_dump.c.o
#20 13.19 [ 18%] Building C object crypto/CMakeFiles/crypto_obj.dir/bio/b_print.c.o
#20 13.24 [ 18%] Building C object crypto/CMakeFiles/crypto_obj.dir/bio/b_sock.c.o
#20 13.26 [ 18%] Building C object crypto/CMakeFiles/crypto_obj.dir/bio/bf_buff.c.o
#20 13.29 [ 18%] Building C object ssl/CMakeFiles/ssl_obj.dir/tls_buffer.c.o
#20 13.30 [ 18%] Building C object ssl/CMakeFiles/ssl_obj.dir/tls_content.c.o
#20 13.30 [ 18%] Building C object crypto/CMakeFiles/crypto_obj.dir/bio/bf_nbio.c.o
#20 13.40 [ 18%] Building C object ssl/CMakeFiles/ssl_obj.dir/tls_key_share.c.o
#20 13.43 [ 18%] Building C object crypto/CMakeFiles/crypto_obj.dir/bio/bf_null.c.o
#20 13.45 [ 18%] Building C object crypto/CMakeFiles/crypto_obj.dir/bio/bio_cb.c.o
#20 13.47 [ 18%] Building C object ssl/CMakeFiles/ssl_obj.dir/tls12_key_schedule.c.o
#20 13.47 [ 18%] Building C object ssl/CMakeFiles/ssl_obj.dir/tls12_lib.c.o
#20 13.55 [ 18%] Building C object crypto/CMakeFiles/crypto_obj.dir/bio/bio_err.c.o
#20 13.55 [ 18%] Building C object ssl/CMakeFiles/ssl_obj.dir/tls12_record_layer.c.o
#20 13.56 [ 19%] Building C object crypto/CMakeFiles/crypto_obj.dir/bio/bio_lib.c.o
#20 13.58 [ 19%] Building C object crypto/CMakeFiles/crypto_obj.dir/bio/bio_meth.c.o
#20 13.62 [ 20%] Building C object ssl/CMakeFiles/ssl_obj.dir/tls13_client.c.o
#20 13.65 [ 20%] Building C object crypto/CMakeFiles/crypto_obj.dir/bio/bss_acpt.c.o
#20 13.71 [ 20%] Building C object crypto/CMakeFiles/crypto_obj.dir/bio/bss_bio.c.o
#20 13.78 [ 20%] Building C object ssl/CMakeFiles/ssl_obj.dir/tls13_error.c.o
#20 13.78 [ 20%] Building C object ssl/CMakeFiles/ssl_obj.dir/tls13_handshake.c.o
#20 13.79 [ 20%] Building C object ssl/CMakeFiles/ssl_obj.dir/tls13_handshake_msg.c.o
#20 13.86 [ 20%] Building C object crypto/CMakeFiles/crypto_obj.dir/bio/bss_conn.c.o
#20 13.95 [ 20%] Building C object crypto/CMakeFiles/crypto_obj.dir/bio/bss_dgram.c.o
#20 14.00 [ 20%] Building C object crypto/CMakeFiles/crypto_obj.dir/bio/bss_fd.c.o
#20 14.05 [ 20%] Building C object ssl/CMakeFiles/ssl_obj.dir/tls13_key_schedule.c.o
#20 14.08 [ 20%] Building C object ssl/CMakeFiles/ssl_obj.dir/tls13_legacy.c.o
#20 14.15 [ 20%] Building C object crypto/CMakeFiles/crypto_obj.dir/bio/bss_file.c.o
#20 14.19 [ 20%] Building C object crypto/CMakeFiles/crypto_obj.dir/bio/bss_mem.c.o
#20 14.23 [ 21%] Building C object crypto/CMakeFiles/crypto_obj.dir/bio/bss_null.c.o
#20 14.24 [ 21%] Building C object ssl/CMakeFiles/ssl_obj.dir/tls13_lib.c.o
#20 14.25 [ 21%] Building C object ssl/CMakeFiles/ssl_obj.dir/tls13_record.c.o
#20 14.30 [ 21%] Building C object ssl/CMakeFiles/ssl_obj.dir/tls13_record_layer.c.o
#20 14.33 [ 21%] Building C object crypto/CMakeFiles/crypto_obj.dir/bio/bss_sock.c.o
#20 14.35 [ 21%] Building C object crypto/CMakeFiles/crypto_obj.dir/bn/bn_add.c.o
#20 14.38 [ 21%] Building C object crypto/CMakeFiles/crypto_obj.dir/bn/bn_asm.c.o
#20 14.45 [ 22%] Building C object ssl/CMakeFiles/ssl_obj.dir/tls13_server.c.o
#20 14.50 [ 22%] Building C object crypto/CMakeFiles/crypto_obj.dir/bn/bn_blind.c.o
#20 14.54 [ 22%] Building C object crypto/CMakeFiles/crypto_obj.dir/bn/bn_const.c.o
#20 14.55 [ 22%] Building C object crypto/CMakeFiles/crypto_obj.dir/bn/bn_ctx.c.o
#20 14.56 [ 22%] Building C object crypto/CMakeFiles/crypto_obj.dir/bn/bn_depr.c.o
#20 14.68 [ 22%] Building C object crypto/CMakeFiles/crypto_obj.dir/bn/bn_div.c.o
#20 14.69 [ 23%] Building C object crypto/CMakeFiles/crypto_obj.dir/bn/bn_err.c.o
#20 14.70 [ 23%] Building C object crypto/CMakeFiles/crypto_obj.dir/bn/bn_exp.c.o
#20 14.72 [ 23%] Building C object crypto/CMakeFiles/crypto_obj.dir/bn/bn_exp2.c.o
#20 14.80 [ 23%] Building C object crypto/CMakeFiles/crypto_obj.dir/bn/bn_gcd.c.o
#20 14.82 [ 23%] Building C object crypto/CMakeFiles/crypto_obj.dir/bn/bn_gf2m.c.o
#20 14.91 [ 23%] Building C object crypto/CMakeFiles/crypto_obj.dir/bn/bn_kron.c.o
#20 14.96 [ 23%] Building C object crypto/CMakeFiles/crypto_obj.dir/bn/bn_lib.c.o
#20 15.04 [ 23%] Building C object crypto/CMakeFiles/crypto_obj.dir/bn/bn_mod.c.o
#20 15.06 [ 23%] Building C object crypto/CMakeFiles/crypto_obj.dir/bn/bn_mont.c.o
#20 15.15 [ 23%] Built target ssl_obj
#20 15.16 [ 24%] Building C object crypto/CMakeFiles/crypto_obj.dir/bn/bn_mpi.c.o
#20 15.16 [ 24%] Building C object crypto/CMakeFiles/crypto_obj.dir/bn/bn_mul.c.o
#20 15.23 [ 24%] Building C object crypto/CMakeFiles/crypto_obj.dir/bn/bn_nist.c.o
#20 15.29 [ 24%] Building C object crypto/CMakeFiles/crypto_obj.dir/bn/bn_prime.c.o
#20 15.30 [ 24%] Building C object crypto/CMakeFiles/crypto_obj.dir/bn/bn_print.c.o
#20 15.36 [ 24%] Building C object crypto/CMakeFiles/crypto_obj.dir/bn/bn_rand.c.o
#20 15.51 [ 24%] Building C object crypto/CMakeFiles/crypto_obj.dir/bn/bn_recp.c.o
#20 15.57 [ 24%] Building C object crypto/CMakeFiles/crypto_obj.dir/bn/bn_shift.c.o
#20 15.63 [ 24%] Building C object crypto/CMakeFiles/crypto_obj.dir/bn/bn_sqr.c.o
#20 15.64 [ 25%] Building C object crypto/CMakeFiles/crypto_obj.dir/bn/bn_sqrt.c.o
#20 15.66 [ 25%] Building C object crypto/CMakeFiles/crypto_obj.dir/bn/bn_word.c.o
#20 15.68 [ 25%] Building C object crypto/CMakeFiles/crypto_obj.dir/bn/bn_x931p.c.o
#20 15.70 [ 25%] Building C object crypto/CMakeFiles/crypto_obj.dir/buffer/buf_err.c.o
#20 15.75 [ 25%] Building C object crypto/CMakeFiles/crypto_obj.dir/buffer/buf_str.c.o
#20 15.78 [ 25%] Building C object crypto/CMakeFiles/crypto_obj.dir/buffer/buffer.c.o
#20 15.81 [ 25%] Building C object crypto/CMakeFiles/crypto_obj.dir/bytestring/bs_ber.c.o
#20 15.82 [ 25%] Building C object crypto/CMakeFiles/crypto_obj.dir/bytestring/bs_cbb.c.o
#20 15.86 [ 25%] Building C object crypto/CMakeFiles/crypto_obj.dir/bytestring/bs_cbs.c.o
#20 15.87 [ 26%] Building C object crypto/CMakeFiles/crypto_obj.dir/camellia/cmll_cfb.c.o
#20 15.87 [ 26%] Building C object crypto/CMakeFiles/crypto_obj.dir/camellia/cmll_ctr.c.o
#20 15.88 [ 26%] Building C object crypto/CMakeFiles/crypto_obj.dir/camellia/cmll_ecb.c.o
#20 15.91 [ 26%] Building C object crypto/CMakeFiles/crypto_obj.dir/camellia/cmll_ofb.c.o
#20 15.91 [ 26%] Building C object crypto/CMakeFiles/crypto_obj.dir/camellia/cmll_misc.c.o
#20 15.91 [ 26%] Building C object crypto/CMakeFiles/crypto_obj.dir/cast/c_cfb64.c.o
#20 15.92 [ 26%] Building C object crypto/CMakeFiles/crypto_obj.dir/cast/c_ecb.c.o
#20 15.95 [ 26%] Building C object crypto/CMakeFiles/crypto_obj.dir/cast/c_enc.c.o
#20 15.95 [ 26%] Building C object crypto/CMakeFiles/crypto_obj.dir/cast/c_ofb64.c.o
#20 15.96 [ 27%] Building C object crypto/CMakeFiles/crypto_obj.dir/cast/c_skey.c.o
#20 15.97 [ 27%] Building C object crypto/CMakeFiles/crypto_obj.dir/chacha/chacha.c.o
#20 15.99 [ 27%] Building C object crypto/CMakeFiles/crypto_obj.dir/cmac/cm_ameth.c.o
#20 16.02 [ 27%] Building C object crypto/CMakeFiles/crypto_obj.dir/cmac/cm_pmeth.c.o
#20 16.02 [ 27%] Building C object crypto/CMakeFiles/crypto_obj.dir/cmac/cmac.c.o
#20 16.15 [ 27%] Building C object crypto/CMakeFiles/crypto_obj.dir/cms/cms_asn1.c.o
#20 16.16 [ 27%] Building C object crypto/CMakeFiles/crypto_obj.dir/cms/cms_att.c.o
#20 16.25 [ 27%] Building C object crypto/CMakeFiles/crypto_obj.dir/cms/cms_cd.c.o
#20 16.27 [ 27%] Building C object crypto/CMakeFiles/crypto_obj.dir/cms/cms_dd.c.o
#20 16.32 [ 28%] Building C object crypto/CMakeFiles/crypto_obj.dir/cms/cms_enc.c.o
#20 16.36 [ 28%] Building C object crypto/CMakeFiles/crypto_obj.dir/cms/cms_env.c.o
#20 16.38 [ 28%] Building C object crypto/CMakeFiles/crypto_obj.dir/cms/cms_err.c.o
#20 16.47 [ 28%] Building C object crypto/CMakeFiles/crypto_obj.dir/cms/cms_ess.c.o
#20 16.47 [ 28%] Building C object crypto/CMakeFiles/crypto_obj.dir/cms/cms_io.c.o
#20 16.50 [ 28%] Building C object crypto/CMakeFiles/crypto_obj.dir/cms/cms_kari.c.o
#20 16.54 [ 28%] Building C object crypto/CMakeFiles/crypto_obj.dir/cms/cms_lib.c.o
#20 16.56 [ 28%] Building C object crypto/CMakeFiles/crypto_obj.dir/cms/cms_pwri.c.o
#20 16.62 [ 28%] Building C object crypto/CMakeFiles/crypto_obj.dir/cms/cms_sd.c.o
#20 16.66 [ 29%] Building C object crypto/CMakeFiles/crypto_obj.dir/cms/cms_smime.c.o
#20 16.75 [ 29%] Building C object crypto/CMakeFiles/crypto_obj.dir/comp/c_rle.c.o
#20 16.83 [ 29%] Building C object crypto/CMakeFiles/crypto_obj.dir/comp/c_zlib.c.o
#20 16.90 [ 29%] Building C object crypto/CMakeFiles/crypto_obj.dir/comp/comp_err.c.o
#20 16.91 [ 29%] Building C object crypto/CMakeFiles/crypto_obj.dir/comp/comp_lib.c.o
#20 16.93 [ 29%] Building C object crypto/CMakeFiles/crypto_obj.dir/conf/conf_api.c.o
#20 16.95 [ 29%] Building C object crypto/CMakeFiles/crypto_obj.dir/conf/conf_def.c.o
#20 16.98 [ 29%] Building C object crypto/CMakeFiles/crypto_obj.dir/conf/conf_err.c.o
#20 17.01 [ 29%] Building C object crypto/CMakeFiles/crypto_obj.dir/conf/conf_lib.c.o
#20 17.05 [ 30%] Building C object crypto/CMakeFiles/crypto_obj.dir/conf/conf_mall.c.o
#20 17.07 [ 30%] Building C object crypto/CMakeFiles/crypto_obj.dir/conf/conf_mod.c.o
#20 17.09 [ 30%] Building C object crypto/CMakeFiles/crypto_obj.dir/conf/conf_sap.c.o
#20 17.13 [ 30%] Building C object crypto/CMakeFiles/crypto_obj.dir/ct/ct_b64.c.o
#20 17.25 [ 30%] Building C object crypto/CMakeFiles/crypto_obj.dir/ct/ct_err.c.o
#20 17.26 [ 30%] Building C object crypto/CMakeFiles/crypto_obj.dir/ct/ct_log.c.o
#20 17.28 [ 30%] Building C object crypto/CMakeFiles/crypto_obj.dir/ct/ct_oct.c.o
#20 17.35 [ 30%] Building C object crypto/CMakeFiles/crypto_obj.dir/ct/ct_policy.c.o
#20 17.35 [ 30%] Building C object crypto/CMakeFiles/crypto_obj.dir/ct/ct_prn.c.o
#20 17.35 [ 31%] Building C object crypto/CMakeFiles/crypto_obj.dir/ct/ct_sct.c.o
#20 17.43 [ 31%] Building C object crypto/CMakeFiles/crypto_obj.dir/ct/ct_sct_ctx.c.o
#20 17.45 [ 31%] Building C object crypto/CMakeFiles/crypto_obj.dir/ct/ct_vfy.c.o
#20 17.54 [ 31%] Building C object crypto/CMakeFiles/crypto_obj.dir/ct/ct_x509v3.c.o
#20 17.58 [ 31%] Building C object crypto/CMakeFiles/crypto_obj.dir/curve25519/curve25519-generic.c.o
#20 17.62 [ 31%] Building C object crypto/CMakeFiles/crypto_obj.dir/curve25519/curve25519.c.o
#20 17.62 [ 31%] Building C object crypto/CMakeFiles/crypto_obj.dir/des/cbc_cksm.c.o
#20 17.65 [ 31%] Building C object crypto/CMakeFiles/crypto_obj.dir/des/cbc_enc.c.o
#20 17.68 [ 31%] Building C object crypto/CMakeFiles/crypto_obj.dir/des/cfb64ede.c.o
#20 17.74 [ 32%] Building C object crypto/CMakeFiles/crypto_obj.dir/des/cfb64enc.c.o
#20 17.75 [ 32%] Building C object crypto/CMakeFiles/crypto_obj.dir/des/cfb_enc.c.o
#20 17.76 [ 32%] Building C object crypto/CMakeFiles/crypto_obj.dir/des/des_enc.c.o
#20 17.82 [ 32%] Building C object crypto/CMakeFiles/crypto_obj.dir/des/ecb3_enc.c.o
#20 17.84 [ 32%] Building C object crypto/CMakeFiles/crypto_obj.dir/des/ecb_enc.c.o
#20 17.90 [ 32%] Building C object crypto/CMakeFiles/crypto_obj.dir/des/ede_cbcm_enc.c.o
#20 17.96 [ 32%] Building C object crypto/CMakeFiles/crypto_obj.dir/des/enc_read.c.o
#20 18.02 [ 32%] Building C object crypto/CMakeFiles/crypto_obj.dir/des/enc_writ.c.o
#20 18.06 [ 32%] Building C object crypto/CMakeFiles/crypto_obj.dir/des/fcrypt.c.o
#20 18.06 [ 33%] Building C object crypto/CMakeFiles/crypto_obj.dir/des/ofb64ede.c.o
#20 18.06 [ 33%] Building C object crypto/CMakeFiles/crypto_obj.dir/des/fcrypt_b.c.o
#20 18.19 [ 33%] Building C object crypto/CMakeFiles/crypto_obj.dir/des/ofb_enc.c.o
#20 18.19 [ 33%] Building C object crypto/CMakeFiles/crypto_obj.dir/des/ofb64enc.c.o
#20 18.23 [ 33%] Building C object crypto/CMakeFiles/crypto_obj.dir/des/pcbc_enc.c.o
#20 18.28 [ 33%] Building C object crypto/CMakeFiles/crypto_obj.dir/des/qud_cksm.c.o
#20 18.29 [ 33%] Building C object crypto/CMakeFiles/crypto_obj.dir/des/rand_key.c.o
#20 18.36 [ 33%] Building C object crypto/CMakeFiles/crypto_obj.dir/des/set_key.c.o
#20 18.41 [ 33%] Building C object crypto/CMakeFiles/crypto_obj.dir/des/str2key.c.o
#20 18.44 [ 34%] Building C object crypto/CMakeFiles/crypto_obj.dir/des/xcbc_enc.c.o
#20 18.49 [ 34%] Building C object crypto/CMakeFiles/crypto_obj.dir/dh/dh_ameth.c.o
#20 18.50 [ 34%] Building C object crypto/CMakeFiles/crypto_obj.dir/dh/dh_asn1.c.o
#20 18.51 [ 34%] Building C object crypto/CMakeFiles/crypto_obj.dir/dh/dh_check.c.o
#20 18.65 [ 34%] Building C object crypto/CMakeFiles/crypto_obj.dir/dh/dh_depr.c.o
#20 18.66 [ 34%] Building C object crypto/CMakeFiles/crypto_obj.dir/dh/dh_err.c.o
#20 18.68 [ 34%] Building C object crypto/CMakeFiles/crypto_obj.dir/dh/dh_gen.c.o
#20 18.71 [ 34%] Building C object crypto/CMakeFiles/crypto_obj.dir/dh/dh_key.c.o
#20 18.73 [ 34%] Building C object crypto/CMakeFiles/crypto_obj.dir/dh/dh_lib.c.o
#20 18.73 [ 35%] Building C object crypto/CMakeFiles/crypto_obj.dir/dh/dh_pmeth.c.o
#20 18.77 [ 35%] Building C object crypto/CMakeFiles/crypto_obj.dir/dh/dh_prn.c.o
#20 18.78 [ 35%] Building C object crypto/CMakeFiles/crypto_obj.dir/dsa/dsa_ameth.c.o
#20 18.83 [ 35%] Building C object crypto/CMakeFiles/crypto_obj.dir/dsa/dsa_asn1.c.o
#20 18.86 [ 35%] Building C object crypto/CMakeFiles/crypto_obj.dir/dsa/dsa_depr.c.o
#20 18.90 [ 35%] Building C object crypto/CMakeFiles/crypto_obj.dir/dsa/dsa_err.c.o
#20 18.94 [ 35%] Building C object crypto/CMakeFiles/crypto_obj.dir/dsa/dsa_gen.c.o
#20 19.02 [ 35%] Building C object crypto/CMakeFiles/crypto_obj.dir/dsa/dsa_key.c.o
#20 19.03 [ 35%] Building C object crypto/CMakeFiles/crypto_obj.dir/dsa/dsa_lib.c.o
#20 19.03 [ 35%] Building C object crypto/CMakeFiles/crypto_obj.dir/dsa/dsa_meth.c.o
#20 19.04 [ 36%] Building C object crypto/CMakeFiles/crypto_obj.dir/dsa/dsa_ossl.c.o
#20 19.08 [ 36%] Building C object crypto/CMakeFiles/crypto_obj.dir/dsa/dsa_pmeth.c.o
#20 19.16 [ 36%] Building C object crypto/CMakeFiles/crypto_obj.dir/dsa/dsa_prn.c.o
#20 19.18 [ 36%] Building C object crypto/CMakeFiles/crypto_obj.dir/dsa/dsa_sign.c.o
#20 19.25 [ 36%] Building C object crypto/CMakeFiles/crypto_obj.dir/dsa/dsa_vrf.c.o
#20 19.28 [ 36%] Building C object crypto/CMakeFiles/crypto_obj.dir/dso/dso_dlfcn.c.o
#20 19.30 [ 36%] Building C object crypto/CMakeFiles/crypto_obj.dir/dso/dso_err.c.o
#20 19.30 [ 36%] Building C object crypto/CMakeFiles/crypto_obj.dir/dso/dso_lib.c.o
#20 19.35 [ 36%] Building C object crypto/CMakeFiles/crypto_obj.dir/dso/dso_null.c.o
#20 19.37 [ 37%] Building C object crypto/CMakeFiles/crypto_obj.dir/dso/dso_openssl.c.o
#20 19.39 [ 37%] Building C object crypto/CMakeFiles/crypto_obj.dir/ec/ec2_mult.c.o
#20 19.40 [ 37%] Building C object crypto/CMakeFiles/crypto_obj.dir/ec/ec2_oct.c.o
#20 19.41 [ 37%] Building C object crypto/CMakeFiles/crypto_obj.dir/ec/ec2_smpl.c.o
#20 19.42 [ 37%] Building C object crypto/CMakeFiles/crypto_obj.dir/ec/ec_ameth.c.o
#20 19.44 [ 37%] Building C object crypto/CMakeFiles/crypto_obj.dir/ec/ec_asn1.c.o
#20 19.46 [ 37%] Building C object crypto/CMakeFiles/crypto_obj.dir/ec/ec_check.c.o
#20 19.55 [ 37%] Building C object crypto/CMakeFiles/crypto_obj.dir/ec/ec_curve.c.o
#20 19.62 [ 37%] Building C object crypto/CMakeFiles/crypto_obj.dir/ec/ec_cvt.c.o
#20 19.63 [ 38%] Building C object crypto/CMakeFiles/crypto_obj.dir/ec/ec_err.c.o
#20 19.68 [ 38%] Building C object crypto/CMakeFiles/crypto_obj.dir/ec/ec_key.c.o
#20 19.72 [ 38%] Building C object crypto/CMakeFiles/crypto_obj.dir/ec/ec_kmeth.c.o
#20 19.79 [ 38%] Building C object crypto/CMakeFiles/crypto_obj.dir/ec/ec_lib.c.o
#20 19.81 [ 38%] Building C object crypto/CMakeFiles/crypto_obj.dir/ec/ec_mult.c.o
#20 19.84 [ 38%] Building C object crypto/CMakeFiles/crypto_obj.dir/ec/ec_oct.c.o
#20 19.97 [ 38%] Building C object crypto/CMakeFiles/crypto_obj.dir/ec/ec_pmeth.c.o
#20 20.04 [ 38%] Building C object crypto/CMakeFiles/crypto_obj.dir/ec/ec_print.c.o
#20 20.05 [ 38%] Building C object crypto/CMakeFiles/crypto_obj.dir/ec/eck_prn.c.o
#20 20.06 [ 39%] Building C object crypto/CMakeFiles/crypto_obj.dir/ec/ecp_mont.c.o
#20 20.13 [ 39%] Building C object crypto/CMakeFiles/crypto_obj.dir/ec/ecp_nist.c.o
#20 20.14 [ 39%] Building C object crypto/CMakeFiles/crypto_obj.dir/ec/ecp_oct.c.o
#20 20.24 [ 39%] Building C object crypto/CMakeFiles/crypto_obj.dir/ec/ecp_smpl.c.o
#20 20.28 [ 39%] Building C object crypto/CMakeFiles/crypto_obj.dir/ecdh/ecdh_kdf.c.o
#20 20.34 [ 39%] Building C object crypto/CMakeFiles/crypto_obj.dir/ecdh/ech_err.c.o
#20 20.35 [ 39%] Building C object crypto/CMakeFiles/crypto_obj.dir/ecdh/ech_key.c.o
#20 20.38 [ 39%] Building C object crypto/CMakeFiles/crypto_obj.dir/ecdh/ech_lib.c.o
#20 20.39 [ 39%] Building C object crypto/CMakeFiles/crypto_obj.dir/ecdsa/ecs_asn1.c.o
#20 20.43 [ 40%] Building C object crypto/CMakeFiles/crypto_obj.dir/ecdsa/ecs_err.c.o
#20 20.46 [ 40%] Building C object crypto/CMakeFiles/crypto_obj.dir/ecdsa/ecs_lib.c.o
#20 20.48 [ 40%] Building C object crypto/CMakeFiles/crypto_obj.dir/ecdsa/ecs_ossl.c.o
#20 20.48 [ 40%] Building C object crypto/CMakeFiles/crypto_obj.dir/ecdsa/ecs_sign.c.o
#20 20.55 [ 40%] Building C object crypto/CMakeFiles/crypto_obj.dir/ecdsa/ecs_vrf.c.o
#20 20.57 [ 40%] Building C object crypto/CMakeFiles/crypto_obj.dir/engine/eng_all.c.o
#20 20.59 [ 40%] Building C object crypto/CMakeFiles/crypto_obj.dir/engine/eng_cnf.c.o
#20 20.67 [ 40%] Building C object crypto/CMakeFiles/crypto_obj.dir/engine/eng_ctrl.c.o
#20 20.75 [ 40%] Building C object crypto/CMakeFiles/crypto_obj.dir/engine/eng_dyn.c.o
#20 20.75 [ 41%] Building C object crypto/CMakeFiles/crypto_obj.dir/engine/eng_err.c.o
#20 20.81 [ 41%] Building C object crypto/CMakeFiles/crypto_obj.dir/engine/eng_fat.c.o
#20 20.82 [ 41%] Building C object crypto/CMakeFiles/crypto_obj.dir/engine/eng_init.c.o
#20 20.82 [ 41%] Building C object crypto/CMakeFiles/crypto_obj.dir/engine/eng_lib.c.o
#20 20.94 [ 41%] Building C object crypto/CMakeFiles/crypto_obj.dir/engine/eng_list.c.o
#20 20.98 [ 41%] Building C object crypto/CMakeFiles/crypto_obj.dir/engine/eng_openssl.c.o
#20 20.99 [ 41%] Building C object crypto/CMakeFiles/crypto_obj.dir/engine/eng_pkey.c.o
#20 21.04 [ 41%] Building C object crypto/CMakeFiles/crypto_obj.dir/engine/eng_table.c.o
#20 21.08 [ 41%] Building C object crypto/CMakeFiles/crypto_obj.dir/engine/tb_asnmth.c.o
#20 21.10 [ 42%] Building C object crypto/CMakeFiles/crypto_obj.dir/engine/tb_cipher.c.o
#20 21.13 [ 42%] Building C object crypto/CMakeFiles/crypto_obj.dir/engine/tb_dh.c.o
#20 21.16 [ 42%] Building C object crypto/CMakeFiles/crypto_obj.dir/engine/tb_digest.c.o
#20 21.25 [ 42%] Building C object crypto/CMakeFiles/crypto_obj.dir/engine/tb_dsa.c.o
#20 21.27 [ 42%] Building C object crypto/CMakeFiles/crypto_obj.dir/engine/tb_ecdh.c.o
#20 21.30 [ 42%] Building C object crypto/CMakeFiles/crypto_obj.dir/engine/tb_ecdsa.c.o
#20 21.37 [ 42%] Building C object crypto/CMakeFiles/crypto_obj.dir/engine/tb_eckey.c.o
#20 21.37 [ 42%] Building C object crypto/CMakeFiles/crypto_obj.dir/engine/tb_pkmeth.c.o
#20 21.37 [ 42%] Building C object crypto/CMakeFiles/crypto_obj.dir/engine/tb_rand.c.o
#20 21.41 [ 43%] Building C object crypto/CMakeFiles/crypto_obj.dir/engine/tb_rsa.c.o
#20 21.43 [ 43%] Building C object crypto/CMakeFiles/crypto_obj.dir/engine/tb_store.c.o
#20 21.50 [ 43%] Building C object crypto/CMakeFiles/crypto_obj.dir/err/err.c.o
#20 21.52 [ 43%] Building C object crypto/CMakeFiles/crypto_obj.dir/err/err_all.c.o
#20 21.56 [ 43%] Building C object crypto/CMakeFiles/crypto_obj.dir/err/err_prn.c.o
#20 21.62 [ 43%] Building C object crypto/CMakeFiles/crypto_obj.dir/evp/bio_b64.c.o
#20 21.63 [ 43%] Building C object crypto/CMakeFiles/crypto_obj.dir/evp/bio_enc.c.o
#20 21.64 [ 43%] Building C object crypto/CMakeFiles/crypto_obj.dir/evp/bio_md.c.o
#20 21.66 [ 43%] Building C object crypto/CMakeFiles/crypto_obj.dir/evp/c_all.c.o
#20 21.68 [ 44%] Building C object crypto/CMakeFiles/crypto_obj.dir/evp/digest.c.o
#20 21.71 [ 44%] Building C object crypto/CMakeFiles/crypto_obj.dir/evp/e_aes.c.o
#20 21.84 [ 44%] Building C object crypto/CMakeFiles/crypto_obj.dir/evp/e_aes_cbc_hmac_sha1.c.o
#20 21.85 [ 44%] Building C object crypto/CMakeFiles/crypto_obj.dir/evp/e_bf.c.o
#20 21.89 [ 44%] Building C object crypto/CMakeFiles/crypto_obj.dir/evp/e_camellia.c.o
#20 21.91 [ 44%] Building C object crypto/CMakeFiles/crypto_obj.dir/evp/e_cast.c.o
#20 22.06 [ 44%] Building C object crypto/CMakeFiles/crypto_obj.dir/evp/e_chacha20poly1305.c.o
#20 22.06 [ 44%] Building C object crypto/CMakeFiles/crypto_obj.dir/evp/e_chacha.c.o
#20 22.12 [ 44%] Building C object crypto/CMakeFiles/crypto_obj.dir/evp/e_des.c.o
#20 22.12 [ 45%] Building C object crypto/CMakeFiles/crypto_obj.dir/evp/e_des3.c.o
#20 22.19 [ 45%] Building C object crypto/CMakeFiles/crypto_obj.dir/evp/e_gost2814789.c.o
#20 22.24 [ 45%] Building C object crypto/CMakeFiles/crypto_obj.dir/evp/e_idea.c.o
#20 22.29 [ 45%] Building C object crypto/CMakeFiles/crypto_obj.dir/evp/e_null.c.o
#20 22.29 [ 45%] Building C object crypto/CMakeFiles/crypto_obj.dir/evp/e_old.c.o
#20 22.35 [ 45%] Building C object crypto/CMakeFiles/crypto_obj.dir/evp/e_rc2.c.o
#20 22.38 [ 45%] Building C object crypto/CMakeFiles/crypto_obj.dir/evp/e_rc4.c.o
#20 22.40 [ 45%] Building C object crypto/CMakeFiles/crypto_obj.dir/evp/e_rc4_hmac_md5.c.o
#20 22.43 [ 45%] Building C object crypto/CMakeFiles/crypto_obj.dir/evp/e_sm4.c.o
#20 22.45 [ 46%] Building C object crypto/CMakeFiles/crypto_obj.dir/evp/e_xcbc_d.c.o
#20 22.46 [ 46%] Building C object crypto/CMakeFiles/crypto_obj.dir/evp/encode.c.o
#20 22.47 [ 46%] Building C object crypto/CMakeFiles/crypto_obj.dir/evp/evp_aead.c.o
#20 22.47 [ 46%] Building C object crypto/CMakeFiles/crypto_obj.dir/evp/evp_enc.c.o
#20 22.55 [ 46%] Building C object crypto/CMakeFiles/crypto_obj.dir/evp/evp_err.c.o
#20 22.61 [ 46%] Building C object crypto/CMakeFiles/crypto_obj.dir/evp/evp_key.c.o
#20 22.62 [ 46%] Building C object crypto/CMakeFiles/crypto_obj.dir/evp/evp_lib.c.o
#20 22.63 [ 46%] Building C object crypto/CMakeFiles/crypto_obj.dir/evp/evp_pbe.c.o
#20 22.66 [ 46%] Building C object crypto/CMakeFiles/crypto_obj.dir/evp/evp_pkey.c.o
#20 22.69 [ 47%] Building C object crypto/CMakeFiles/crypto_obj.dir/evp/m_gost2814789.c.o
#20 22.72 [ 47%] Building C object crypto/CMakeFiles/crypto_obj.dir/evp/m_gostr341194.c.o
#20 22.88 [ 47%] Building C object crypto/CMakeFiles/crypto_obj.dir/evp/m_md4.c.o
#20 22.88 [ 47%] Building C object crypto/CMakeFiles/crypto_obj.dir/evp/m_md5.c.o
#20 22.90 [ 47%] Building C object crypto/CMakeFiles/crypto_obj.dir/evp/m_md5_sha1.c.o
#20 22.93 [ 47%] Building C object crypto/CMakeFiles/crypto_obj.dir/evp/m_null.c.o
#20 22.93 [ 47%] Building C object crypto/CMakeFiles/crypto_obj.dir/evp/m_ripemd.c.o
#20 22.94 [ 47%] Building C object crypto/CMakeFiles/crypto_obj.dir/evp/m_sha1.c.o
#20 22.96 [ 47%] Building C object crypto/CMakeFiles/crypto_obj.dir/evp/m_sigver.c.o
#20 23.04 [ 48%] Building C object crypto/CMakeFiles/crypto_obj.dir/evp/m_streebog.c.o
#20 23.08 [ 48%] Building C object crypto/CMakeFiles/crypto_obj.dir/evp/m_sm3.c.o
#20 23.11 [ 48%] Building C object crypto/CMakeFiles/crypto_obj.dir/evp/m_wp.c.o
#20 23.11 [ 48%] Building C object crypto/CMakeFiles/crypto_obj.dir/evp/names.c.o
#20 23.13 [ 48%] Building C object crypto/CMakeFiles/crypto_obj.dir/evp/p5_crpt.c.o
#20 23.15 [ 48%] Building C object crypto/CMakeFiles/crypto_obj.dir/evp/p5_crpt2.c.o
#20 23.15 [ 48%] Building C object crypto/CMakeFiles/crypto_obj.dir/evp/p_dec.c.o
#20 23.22 [ 48%] Building C object crypto/CMakeFiles/crypto_obj.dir/evp/p_enc.c.o
#20 23.25 [ 48%] Building C object crypto/CMakeFiles/crypto_obj.dir/evp/p_lib.c.o
#20 23.25 [ 49%] Building C object crypto/CMakeFiles/crypto_obj.dir/evp/p_open.c.o
#20 23.33 [ 49%] Building C object crypto/CMakeFiles/crypto_obj.dir/evp/p_seal.c.o
#20 23.37 [ 49%] Building C object crypto/CMakeFiles/crypto_obj.dir/evp/p_sign.c.o
#20 23.38 [ 49%] Building C object crypto/CMakeFiles/crypto_obj.dir/evp/p_verify.c.o
#20 23.40 [ 49%] Building C object crypto/CMakeFiles/crypto_obj.dir/evp/pmeth_fn.c.o
#20 23.45 [ 49%] Building C object crypto/CMakeFiles/crypto_obj.dir/evp/pmeth_gn.c.o
#20 23.50 [ 49%] Building C object crypto/CMakeFiles/crypto_obj.dir/evp/pmeth_lib.c.o
#20 23.50 [ 49%] Building C object crypto/CMakeFiles/crypto_obj.dir/gost/gost2814789.c.o
#20 23.57 [ 49%] Building C object crypto/CMakeFiles/crypto_obj.dir/gost/gost89_keywrap.c.o
#20 23.61 [ 50%] Building C object crypto/CMakeFiles/crypto_obj.dir/gost/gost89_params.c.o
#20 23.61 [ 50%] Building C object crypto/CMakeFiles/crypto_obj.dir/gost/gost89imit_ameth.c.o
#20 23.70 [ 50%] Building C object crypto/CMakeFiles/crypto_obj.dir/gost/gost89imit_pmeth.c.o
#20 23.70 [ 50%] Building C object crypto/CMakeFiles/crypto_obj.dir/gost/gost_asn1.c.o
#20 23.70 [ 50%] Building C object crypto/CMakeFiles/crypto_obj.dir/gost/gost_err.c.o
#20 23.76 [ 50%] Building C object crypto/CMakeFiles/crypto_obj.dir/gost/gostr341001.c.o
#20 23.78 [ 50%] Building C object crypto/CMakeFiles/crypto_obj.dir/gost/gostr341001_ameth.c.o
#20 23.81 [ 50%] Building C object crypto/CMakeFiles/crypto_obj.dir/gost/gostr341001_key.c.o
#20 23.86 [ 50%] Building C object crypto/CMakeFiles/crypto_obj.dir/gost/gostr341001_params.c.o
#20 23.93 [ 51%] Building C object crypto/CMakeFiles/crypto_obj.dir/gost/gostr341001_pmeth.c.o
#20 23.97 [ 51%] Building C object crypto/CMakeFiles/crypto_obj.dir/gost/gostr341194.c.o
#20 24.02 [ 51%] Building C object crypto/CMakeFiles/crypto_obj.dir/gost/streebog.c.o
#20 24.05 [ 51%] Building C object crypto/CMakeFiles/crypto_obj.dir/hkdf/hkdf.c.o
#20 24.07 [ 51%] Building C object crypto/CMakeFiles/crypto_obj.dir/hmac/hm_ameth.c.o
#20 24.10 [ 51%] Building C object crypto/CMakeFiles/crypto_obj.dir/hmac/hm_pmeth.c.o
#20 24.24 [ 51%] Building C object crypto/CMakeFiles/crypto_obj.dir/hmac/hmac.c.o
#20 24.26 [ 51%] Building C object crypto/CMakeFiles/crypto_obj.dir/idea/i_cbc.c.o
#20 24.27 [ 51%] Building C object crypto/CMakeFiles/crypto_obj.dir/idea/i_cfb64.c.o
#20 24.27 [ 52%] Building C object crypto/CMakeFiles/crypto_obj.dir/idea/i_ecb.c.o
#20 24.32 [ 52%] Building C object crypto/CMakeFiles/crypto_obj.dir/idea/i_ofb64.c.o
#20 24.34 [ 52%] Building C object crypto/CMakeFiles/crypto_obj.dir/idea/i_skey.c.o
#20 24.39 [ 52%] Building C object crypto/CMakeFiles/crypto_obj.dir/lhash/lh_stats.c.o
#20 24.39 [ 52%] Building C object crypto/CMakeFiles/crypto_obj.dir/lhash/lhash.c.o
#20 24.42 [ 52%] Building C object crypto/CMakeFiles/crypto_obj.dir/md4/md4_dgst.c.o
#20 24.45 [ 52%] Building C object crypto/CMakeFiles/crypto_obj.dir/md4/md4_one.c.o
#20 24.47 [ 52%] Building C object crypto/CMakeFiles/crypto_obj.dir/md5/md5_dgst.c.o
#20 24.50 [ 52%] Building C object crypto/CMakeFiles/crypto_obj.dir/md5/md5_one.c.o
#20 24.53 [ 53%] Building C object crypto/CMakeFiles/crypto_obj.dir/modes/cbc128.c.o
#20 24.55 [ 53%] Building C object crypto/CMakeFiles/crypto_obj.dir/modes/ccm128.c.o
#20 24.56 [ 53%] Building C object crypto/CMakeFiles/crypto_obj.dir/modes/cfb128.c.o
#20 24.59 [ 53%] Building C object crypto/CMakeFiles/crypto_obj.dir/modes/ctr128.c.o
#20 24.61 [ 53%] Building C object crypto/CMakeFiles/crypto_obj.dir/modes/cts128.c.o
#20 24.61 [ 53%] Building C object crypto/CMakeFiles/crypto_obj.dir/modes/gcm128.c.o
#20 24.69 [ 53%] Building C object crypto/CMakeFiles/crypto_obj.dir/modes/ofb128.c.o
#20 24.70 [ 53%] Building C object crypto/CMakeFiles/crypto_obj.dir/modes/xts128.c.o
#20 24.82 [ 53%] Building C object crypto/CMakeFiles/crypto_obj.dir/objects/o_names.c.o
#20 24.84 [ 54%] Building C object crypto/CMakeFiles/crypto_obj.dir/objects/obj_dat.c.o
#20 24.84 [ 54%] Building C object crypto/CMakeFiles/crypto_obj.dir/objects/obj_err.c.o
#20 24.86 [ 54%] Building C object crypto/CMakeFiles/crypto_obj.dir/objects/obj_lib.c.o
#20 24.90 [ 54%] Building C object crypto/CMakeFiles/crypto_obj.dir/objects/obj_xref.c.o
#20 24.91 [ 54%] Building C object crypto/CMakeFiles/crypto_obj.dir/ocsp/ocsp_asn.c.o
#20 24.98 [ 54%] Building C object crypto/CMakeFiles/crypto_obj.dir/ocsp/ocsp_cl.c.o
#20 25.04 [ 54%] Building C object crypto/CMakeFiles/crypto_obj.dir/ocsp/ocsp_err.c.o
#20 25.11 [ 54%] Building C object crypto/CMakeFiles/crypto_obj.dir/ocsp/ocsp_ht.c.o
#20 25.11 [ 54%] Building C object crypto/CMakeFiles/crypto_obj.dir/ocsp/ocsp_ext.c.o
#20 25.13 [ 55%] Building C object crypto/CMakeFiles/crypto_obj.dir/ocsp/ocsp_lib.c.o
#20 25.23 [ 55%] Building C object crypto/CMakeFiles/crypto_obj.dir/ocsp/ocsp_prn.c.o
#20 25.31 [ 55%] Building C object crypto/CMakeFiles/crypto_obj.dir/ocsp/ocsp_srv.c.o
#20 25.32 [ 55%] Building C object crypto/CMakeFiles/crypto_obj.dir/ocsp/ocsp_vfy.c.o
#20 25.42 [ 55%] Building C object crypto/CMakeFiles/crypto_obj.dir/pem/pem_all.c.o
#20 25.46 [ 55%] Building C object crypto/CMakeFiles/crypto_obj.dir/pem/pem_err.c.o
#20 25.54 [ 55%] Building C object crypto/CMakeFiles/crypto_obj.dir/pem/pem_info.c.o
#20 25.56 [ 55%] Building C object crypto/CMakeFiles/crypto_obj.dir/pem/pem_lib.c.o
#20 25.64 [ 55%] Building C object crypto/CMakeFiles/crypto_obj.dir/pem/pem_oth.c.o
#20 25.66 [ 56%] Building C object crypto/CMakeFiles/crypto_obj.dir/pem/pem_pkey.c.o
#20 25.66 [ 56%] Building C object crypto/CMakeFiles/crypto_obj.dir/pem/pem_pk8.c.o
#20 25.70 [ 56%] Building C object crypto/CMakeFiles/crypto_obj.dir/pem/pem_sign.c.o
#20 25.74 [ 56%] Building C object crypto/CMakeFiles/crypto_obj.dir/pem/pem_x509.c.o
#20 25.85 [ 56%] Building C object crypto/CMakeFiles/crypto_obj.dir/pem/pem_xaux.c.o
#20 25.88 [ 56%] Building C object crypto/CMakeFiles/crypto_obj.dir/pem/pvkfmt.c.o
#20 25.92 [ 56%] Building C object crypto/CMakeFiles/crypto_obj.dir/pkcs12/p12_add.c.o
#20 25.95 [ 56%] Building C object crypto/CMakeFiles/crypto_obj.dir/pkcs12/p12_asn.c.o
#20 25.98 [ 56%] Building C object crypto/CMakeFiles/crypto_obj.dir/pkcs12/p12_attr.c.o
#20 25.99 [ 57%] Building C object crypto/CMakeFiles/crypto_obj.dir/pkcs12/p12_crpt.c.o
#20 26.00 [ 57%] Building C object crypto/CMakeFiles/crypto_obj.dir/pkcs12/p12_crt.c.o
#20 26.08 [ 57%] Building C object crypto/CMakeFiles/crypto_obj.dir/pkcs12/p12_decr.c.o
#20 26.21 [ 57%] Building C object crypto/CMakeFiles/crypto_obj.dir/pkcs12/p12_init.c.o
#20 26.21 [ 57%] Building C object crypto/CMakeFiles/crypto_obj.dir/pkcs12/p12_key.c.o
#20 26.23 [ 57%] Building C object crypto/CMakeFiles/crypto_obj.dir/pkcs12/p12_kiss.c.o
#20 26.24 [ 57%] Building C object crypto/CMakeFiles/crypto_obj.dir/pkcs12/p12_mutl.c.o
#20 26.24 [ 57%] Building C object crypto/CMakeFiles/crypto_obj.dir/pkcs12/p12_npas.c.o
#20 26.33 [ 57%] Building C object crypto/CMakeFiles/crypto_obj.dir/pkcs12/p12_p8d.c.o
#20 26.36 [ 58%] Building C object crypto/CMakeFiles/crypto_obj.dir/pkcs12/p12_p8e.c.o
#20 26.44 [ 58%] Building C object crypto/CMakeFiles/crypto_obj.dir/pkcs12/p12_utl.c.o
#20 26.56 [ 58%] Building C object crypto/CMakeFiles/crypto_obj.dir/pkcs12/pk12err.c.o
#20 26.57 [ 58%] Building C object crypto/CMakeFiles/crypto_obj.dir/pkcs7/bio_pk7.c.o
#20 26.58 [ 58%] Building C object crypto/CMakeFiles/crypto_obj.dir/pkcs7/pk7_asn1.c.o
#20 26.59 [ 58%] Building C object crypto/CMakeFiles/crypto_obj.dir/pkcs7/pk7_attr.c.o
#20 26.64 [ 58%] Building C object crypto/CMakeFiles/crypto_obj.dir/pkcs7/pk7_doit.c.o
#20 26.69 [ 58%] Building C object crypto/CMakeFiles/crypto_obj.dir/pkcs7/pk7_lib.c.o
#20 26.70 [ 58%] Building C object crypto/CMakeFiles/crypto_obj.dir/pkcs7/pk7_mime.c.o
#20 26.77 [ 59%] Building C object crypto/CMakeFiles/crypto_obj.dir/pkcs7/pk7_smime.c.o
#20 26.84 [ 59%] Building C object crypto/CMakeFiles/crypto_obj.dir/pkcs7/pkcs7err.c.o
#20 26.87 [ 59%] Building C object crypto/CMakeFiles/crypto_obj.dir/poly1305/poly1305.c.o
#20 26.92 [ 59%] Building C object crypto/CMakeFiles/crypto_obj.dir/rand/rand_err.c.o
#20 26.93 [ 59%] Building C object crypto/CMakeFiles/crypto_obj.dir/rand/rand_lib.c.o
#20 26.99 [ 59%] Building C object crypto/CMakeFiles/crypto_obj.dir/rand/randfile.c.o
#20 27.02 [ 59%] Building C object crypto/CMakeFiles/crypto_obj.dir/rc2/rc2_cbc.c.o
#20 27.04 [ 59%] Building C object crypto/CMakeFiles/crypto_obj.dir/rc2/rc2_ecb.c.o
#20 27.09 [ 59%] Building C object crypto/CMakeFiles/crypto_obj.dir/rc2/rc2_skey.c.o
#20 27.14 [ 60%] Building C object crypto/CMakeFiles/crypto_obj.dir/rc2/rc2ofb64.c.o
#20 27.14 [ 60%] Building C object crypto/CMakeFiles/crypto_obj.dir/rc2/rc2cfb64.c.o
#20 27.14 [ 60%] Building C object crypto/CMakeFiles/crypto_obj.dir/ripemd/rmd_dgst.c.o
#20 27.22 [ 60%] Building C object crypto/CMakeFiles/crypto_obj.dir/ripemd/rmd_one.c.o
#20 27.22 [ 60%] Building C object crypto/CMakeFiles/crypto_obj.dir/rsa/rsa_ameth.c.o
#20 27.26 [ 60%] Building C object crypto/CMakeFiles/crypto_obj.dir/rsa/rsa_chk.c.o
#20 27.26 [ 60%] Building C object crypto/CMakeFiles/crypto_obj.dir/rsa/rsa_asn1.c.o
#20 27.27 [ 60%] Building C object crypto/CMakeFiles/crypto_obj.dir/rsa/rsa_crpt.c.o
#20 27.29 [ 60%] Building C object crypto/CMakeFiles/crypto_obj.dir/rsa/rsa_depr.c.o
#20 27.33 [ 61%] Building C object crypto/CMakeFiles/crypto_obj.dir/rsa/rsa_eay.c.o
#20 27.43 [ 61%] Building C object crypto/CMakeFiles/crypto_obj.dir/rsa/rsa_err.c.o
#20 27.43 [ 61%] Building C object crypto/CMakeFiles/crypto_obj.dir/rsa/rsa_gen.c.o
#20 27.46 [ 61%] Building C object crypto/CMakeFiles/crypto_obj.dir/rsa/rsa_lib.c.o
#20 27.53 [ 61%] Building C object crypto/CMakeFiles/crypto_obj.dir/rsa/rsa_meth.c.o
#20 27.58 [ 61%] Building C object crypto/CMakeFiles/crypto_obj.dir/rsa/rsa_none.c.o
#20 27.58 [ 61%] Building C object crypto/CMakeFiles/crypto_obj.dir/rsa/rsa_oaep.c.o
#20 27.68 [ 61%] Building C object crypto/CMakeFiles/crypto_obj.dir/rsa/rsa_pk1.c.o
#20 27.73 [ 61%] Building C object crypto/CMakeFiles/crypto_obj.dir/rsa/rsa_pmeth.c.o
#20 27.75 [ 62%] Building C object crypto/CMakeFiles/crypto_obj.dir/rsa/rsa_prn.c.o
#20 27.76 [ 62%] Building C object crypto/CMakeFiles/crypto_obj.dir/rsa/rsa_pss.c.o
#20 27.81 [ 62%] Building C object crypto/CMakeFiles/crypto_obj.dir/rsa/rsa_saos.c.o
#20 27.83 [ 62%] Building C object crypto/CMakeFiles/crypto_obj.dir/rsa/rsa_sign.c.o
#20 27.89 [ 62%] Building C object crypto/CMakeFiles/crypto_obj.dir/rsa/rsa_x931.c.o
#20 27.93 [ 62%] Building C object crypto/CMakeFiles/crypto_obj.dir/sha/sha1_one.c.o
#20 27.93 [ 62%] Building C object crypto/CMakeFiles/crypto_obj.dir/sha/sha1dgst.c.o
#20 28.03 [ 62%] Building C object crypto/CMakeFiles/crypto_obj.dir/sha/sha256.c.o
#20 28.06 [ 62%] Building C object crypto/CMakeFiles/crypto_obj.dir/sha/sha512.c.o
#20 28.07 [ 63%] Building C object crypto/CMakeFiles/crypto_obj.dir/sm4/sm4.c.o
#20 28.07 [ 63%] Building C object crypto/CMakeFiles/crypto_obj.dir/sm3/sm3.c.o
#20 28.08 [ 63%] Building C object crypto/CMakeFiles/crypto_obj.dir/stack/stack.c.o
#20 28.13 [ 63%] Building C object crypto/CMakeFiles/crypto_obj.dir/ts/ts_asn1.c.o
#20 28.14 [ 63%] Building C object crypto/CMakeFiles/crypto_obj.dir/ts/ts_conf.c.o
#20 28.21 [ 63%] Building C object crypto/CMakeFiles/crypto_obj.dir/ts/ts_err.c.o
#20 28.27 [ 63%] Building C object crypto/CMakeFiles/crypto_obj.dir/ts/ts_lib.c.o
#20 28.29 [ 63%] Building C object crypto/CMakeFiles/crypto_obj.dir/ts/ts_req_print.c.o
#20 28.41 [ 63%] Building C object crypto/CMakeFiles/crypto_obj.dir/ts/ts_req_utils.c.o
#20 28.48 [ 64%] Building C object crypto/CMakeFiles/crypto_obj.dir/ts/ts_rsp_print.c.o
#20 28.54 [ 64%] Building C object crypto/CMakeFiles/crypto_obj.dir/ts/ts_rsp_sign.c.o
#20 28.55 [ 64%] Building C object crypto/CMakeFiles/crypto_obj.dir/ts/ts_rsp_utils.c.o
#20 28.56 [ 64%] Building C object crypto/CMakeFiles/crypto_obj.dir/ts/ts_rsp_verify.c.o
#20 28.58 [ 64%] Building C object crypto/CMakeFiles/crypto_obj.dir/ts/ts_verify_ctx.c.o
#20 28.61 [ 64%] Building C object crypto/CMakeFiles/crypto_obj.dir/txt_db/txt_db.c.o
#20 28.73 [ 64%] Building C object crypto/CMakeFiles/crypto_obj.dir/ui/ui_err.c.o
#20 28.82 [ 64%] Building C object crypto/CMakeFiles/crypto_obj.dir/ui/ui_lib.c.o
#20 28.84 [ 64%] Building C object crypto/CMakeFiles/crypto_obj.dir/ui/ui_util.c.o
#20 28.89 [ 65%] Building C object crypto/CMakeFiles/crypto_obj.dir/whrlpool/wp_dgst.c.o
#20 28.92 [ 65%] Building C object crypto/CMakeFiles/crypto_obj.dir/x509/by_dir.c.o
#20 28.94 [ 65%] Building C object crypto/CMakeFiles/crypto_obj.dir/x509/by_file.c.o
#20 28.97 [ 65%] Building C object crypto/CMakeFiles/crypto_obj.dir/x509/by_mem.c.o
#20 29.06 [ 65%] Building C object crypto/CMakeFiles/crypto_obj.dir/x509/pcy_cache.c.o
#20 29.11 [ 65%] Building C object crypto/CMakeFiles/crypto_obj.dir/x509/pcy_data.c.o
#20 29.24 [ 65%] Building C object crypto/CMakeFiles/crypto_obj.dir/x509/pcy_lib.c.o
#20 29.25 [ 65%] Building C object crypto/CMakeFiles/crypto_obj.dir/x509/pcy_map.c.o
#20 29.27 [ 65%] Building C object crypto/CMakeFiles/crypto_obj.dir/x509/pcy_node.c.o
#20 29.31 [ 66%] Building C object crypto/CMakeFiles/crypto_obj.dir/x509/pcy_tree.c.o
#20 29.32 [ 66%] Building C object crypto/CMakeFiles/crypto_obj.dir/x509/x509_addr.c.o
#20 29.38 [ 66%] Building C object crypto/CMakeFiles/crypto_obj.dir/x509/x509_akey.c.o
#20 29.39 [ 66%] Building C object crypto/CMakeFiles/crypto_obj.dir/x509/x509_akeya.c.o
#20 29.40 [ 66%] Building C object crypto/CMakeFiles/crypto_obj.dir/x509/x509_alt.c.o
#20 29.52 [ 66%] Building C object crypto/CMakeFiles/crypto_obj.dir/x509/x509_asid.c.o
#20 29.52 [ 66%] Building C object crypto/CMakeFiles/crypto_obj.dir/x509/x509_att.c.o
#20 29.57 [ 66%] Building C object crypto/CMakeFiles/crypto_obj.dir/x509/x509_bcons.c.o
#20 29.63 [ 66%] Building C object crypto/CMakeFiles/crypto_obj.dir/x509/x509_bitst.c.o
#20 29.69 [ 67%] Building C object crypto/CMakeFiles/crypto_obj.dir/x509/x509_cmp.c.o
#20 29.88 [ 67%] Building C object crypto/CMakeFiles/crypto_obj.dir/x509/x509_conf.c.o
#20 29.93 [ 67%] Building C object crypto/CMakeFiles/crypto_obj.dir/x509/x509_constraints.c.o
#20 29.93 [ 67%] Building C object crypto/CMakeFiles/crypto_obj.dir/x509/x509_cpols.c.o
#20 29.93 [ 67%] Building C object crypto/CMakeFiles/crypto_obj.dir/x509/x509_crld.c.o
#20 29.95 [ 67%] Building C object crypto/CMakeFiles/crypto_obj.dir/x509/x509_d2.c.o
#20 30.15 [ 67%] Building C object crypto/CMakeFiles/crypto_obj.dir/x509/x509_def.c.o
#20 30.19 [ 67%] Building C object crypto/CMakeFiles/crypto_obj.dir/x509/x509_enum.c.o
#20 30.24 [ 67%] Building C object crypto/CMakeFiles/crypto_obj.dir/x509/x509_err.c.o
#20 30.34 [ 68%] Building C object crypto/CMakeFiles/crypto_obj.dir/x509/x509_ext.c.o
#20 30.40 [ 68%] Building C object crypto/CMakeFiles/crypto_obj.dir/x509/x509_extku.c.o
#20 30.47 [ 68%] Building C object crypto/CMakeFiles/crypto_obj.dir/x509/x509_ia5.c.o
#20 30.47 [ 68%] Building C object crypto/CMakeFiles/crypto_obj.dir/x509/x509_genn.c.o
#20 30.47 [ 68%] Building C object crypto/CMakeFiles/crypto_obj.dir/x509/x509_info.c.o
#20 30.49 [ 68%] Building C object crypto/CMakeFiles/crypto_obj.dir/x509/x509_int.c.o
#20 30.52 [ 68%] Building C object crypto/CMakeFiles/crypto_obj.dir/x509/x509_issuer_cache.c.o
#20 30.65 [ 68%] Building C object crypto/CMakeFiles/crypto_obj.dir/x509/x509_lib.c.o
#20 30.70 [ 68%] Building C object crypto/CMakeFiles/crypto_obj.dir/x509/x509_lu.c.o
#20 30.73 [ 68%] Building C object crypto/CMakeFiles/crypto_obj.dir/x509/x509_ncons.c.o
#20 30.73 [ 69%] Building C object crypto/CMakeFiles/crypto_obj.dir/x509/x509_obj.c.o
#20 30.79 [ 69%] Building C object crypto/CMakeFiles/crypto_obj.dir/x509/x509_ocsp.c.o
#20 30.80 [ 69%] Building C object crypto/CMakeFiles/crypto_obj.dir/x509/x509_pci.c.o
#20 30.99 [ 69%] Building C object crypto/CMakeFiles/crypto_obj.dir/x509/x509_pcia.c.o
#20 31.03 [ 69%] Building C object crypto/CMakeFiles/crypto_obj.dir/x509/x509_pcons.c.o
#20 31.08 [ 69%] Building C object crypto/CMakeFiles/crypto_obj.dir/x509/x509_pku.c.o
#20 31.10 [ 69%] Building C object crypto/CMakeFiles/crypto_obj.dir/x509/x509_pmaps.c.o
#20 31.13 [ 69%] Building C object crypto/CMakeFiles/crypto_obj.dir/x509/x509_prn.c.o
#20 31.16 [ 69%] Building C object crypto/CMakeFiles/crypto_obj.dir/x509/x509_purp.c.o
#20 31.18 [ 70%] Building C object crypto/CMakeFiles/crypto_obj.dir/x509/x509_r2x.c.o
#20 31.26 [ 70%] Building C object crypto/CMakeFiles/crypto_obj.dir/x509/x509_req.c.o
#20 31.32 [ 70%] Building C object crypto/CMakeFiles/crypto_obj.dir/x509/x509_set.c.o
#20 31.34 [ 70%] Building C object crypto/CMakeFiles/crypto_obj.dir/x509/x509_skey.c.o
#20 31.34 [ 70%] Building C object crypto/CMakeFiles/crypto_obj.dir/x509/x509_sxnet.c.o
#20 31.40 [ 70%] Building C object crypto/CMakeFiles/crypto_obj.dir/x509/x509_trs.c.o
#20 31.43 [ 70%] Building C object crypto/CMakeFiles/crypto_obj.dir/x509/x509_txt.c.o
#20 31.46 [ 70%] Building C object crypto/CMakeFiles/crypto_obj.dir/x509/x509_utl.c.o
#20 31.61 [ 70%] Building C object crypto/CMakeFiles/crypto_obj.dir/x509/x509_v3.c.o
#20 31.62 [ 71%] Building C object crypto/CMakeFiles/crypto_obj.dir/x509/x509_verify.c.o
#20 31.63 [ 71%] Building C object crypto/CMakeFiles/crypto_obj.dir/x509/x509_vfy.c.o
#20 31.66 [ 71%] Building C object crypto/CMakeFiles/crypto_obj.dir/x509/x509_vpm.c.o
#20 31.73 [ 71%] Building C object crypto/CMakeFiles/crypto_obj.dir/x509/x509cset.c.o
#20 31.78 [ 71%] Building C object crypto/CMakeFiles/crypto_obj.dir/x509/x509name.c.o
#20 31.91 [ 71%] Building C object crypto/CMakeFiles/crypto_obj.dir/x509/x509rset.c.o
#20 31.96 [ 71%] Building C object crypto/CMakeFiles/crypto_obj.dir/x509/x509spki.c.o
#20 32.02 [ 71%] Building C object crypto/CMakeFiles/crypto_obj.dir/x509/x509type.c.o
#20 32.17 [ 71%] Building C object crypto/CMakeFiles/crypto_obj.dir/x509/x_all.c.o
#20 32.18 [ 72%] Building C object crypto/CMakeFiles/crypto_obj.dir/crypto_lock.c.o
#20 32.19 [ 72%] Building C object crypto/CMakeFiles/crypto_obj.dir/bio/b_posix.c.o
#20 32.23 [ 72%] Building C object crypto/CMakeFiles/crypto_obj.dir/bio/bss_log.c.o
#20 32.28 [ 72%] Building C object crypto/CMakeFiles/crypto_obj.dir/ui/ui_openssl.c.o
#20 32.31 [ 72%] Building C object crypto/CMakeFiles/crypto_obj.dir/compat/freezero.c.o
#20 32.32 [ 72%] Building C object crypto/CMakeFiles/crypto_obj.dir/compat/getprogname_linux.c.o
#20 32.38 [ 72%] Building C object crypto/CMakeFiles/crypto_obj.dir/compat/strlcat.c.o
#20 32.38 [ 72%] Building C object crypto/CMakeFiles/crypto_obj.dir/compat/recallocarray.c.o
#20 32.38 [ 72%] Building C object crypto/CMakeFiles/crypto_obj.dir/compat/strlcpy.c.o
#20 32.43 [ 73%] Building C object crypto/CMakeFiles/crypto_obj.dir/compat/strtonum.c.o
#20 32.45 [ 73%] Building C object crypto/CMakeFiles/crypto_obj.dir/compat/syslog_r.c.o
#20 32.46 [ 73%] Building C object crypto/CMakeFiles/crypto_obj.dir/compat/arc4random.c.o
#20 32.46 [ 73%] Building C object crypto/CMakeFiles/crypto_obj.dir/compat/arc4random_uniform.c.o
#20 32.49 [ 73%] Building C object crypto/CMakeFiles/crypto_obj.dir/compat/timingsafe_bcmp.c.o
#20 32.50 [ 73%] Building C object crypto/CMakeFiles/crypto_obj.dir/compat/timingsafe_memcmp.c.o
#20 32.99 [ 73%] Built target crypto_obj
#20 33.01 [ 73%] Linking C static library libcrypto.a
#20 33.01 [ 73%] Linking C static library libtls.a
#20 33.12 [ 73%] Built target crypto
#20 33.12 [ 73%] Built target tls
#20 33.13 [ 73%] Linking C static library libssl.a
#20 33.14 [ 73%] Building C object tests/CMakeFiles/tlstest.dir/tlstest.c.o
#20 33.14 [ 73%] Building C object tests/CMakeFiles/configtest.dir/configtest.c.o
#20 33.14 [ 73%] Building C object apps/nc/CMakeFiles/nc.dir/atomicio.c.o
#20 33.14 [ 73%] Building C object tests/CMakeFiles/verifytest.dir/verifytest.c.o
#20 33.14 [ 74%] Building C object apps/nc/CMakeFiles/nc.dir/socks.c.o
#20 33.14 [ 74%] Building C object apps/nc/CMakeFiles/nc.dir/netcat.c.o
#20 33.14 [ 75%] Building C object tests/CMakeFiles/keypairtest.dir/keypairtest.c.o
#20 33.16 [ 75%] Built target ssl
#20 33.17 [ 75%] Building C object apps/ocspcheck/CMakeFiles/ocspcheck.dir/http.c.o
#20 33.20 [ 75%] Building C object apps/nc/CMakeFiles/nc.dir/compat/socket.c.o
#20 33.23 [ 76%] Linking C executable configtest
#20 33.24 [ 76%] Building C object apps/nc/CMakeFiles/nc.dir/compat/base64.c.o
#20 33.38 [ 76%] Building C object apps/nc/CMakeFiles/nc.dir/compat/readpassphrase.c.o
#20 33.43 [ 76%] Linking C executable verifytest
#20 33.44 [ 76%] Building C object apps/ocspcheck/CMakeFiles/ocspcheck.dir/ocspcheck.c.o
#20 33.53 [ 76%] Linking C executable keypairtest
#20 33.54 [ 76%] Linking C executable tlstest
#20 33.57 [ 76%] Building C object tests/CMakeFiles/exptest.dir/exptest.c.o
#20 33.57 [ 77%] Building C object apps/openssl/CMakeFiles/openssl.dir/apps.c.o
#20 33.81 [ 77%] Linking C executable exptest
#20 34.11 [ 77%] Linking C executable ocspcheck
#20 34.17 [ 77%] Linking C executable nc
#20 34.30 [ 77%] Built target configtest
#20 34.32 [ 77%] Building C object tests/CMakeFiles/dtlstest.dir/dtlstest.c.o
#20 34.36 /usr/bin/ld: CMakeFiles/nc.dir/netcat.c.o: in function `main':
#20 34.36 netcat.c:(.text.main[main]+0xa63): warning: the use of `mktemp' is dangerous, better use `mkstemp' or `mkdtemp'
#20 34.57 [ 77%] Built target verifytest
#20 34.58 [ 77%] Building C object tests/CMakeFiles/handshake_table.dir/handshake_table.c.o
#20 34.69 [ 77%] Built target keypairtest
#20 34.69 [ 77%] Built target tlstest
#20 34.71 [ 77%] Building C object tests/CMakeFiles/explicit_bzero.dir/explicit_bzero.c.o
#20 34.71 [ 77%] Building C object tests/CMakeFiles/enginetest.dir/enginetest.c.o
#20 34.73 [ 77%] Built target exptest
#20 34.74 [ 77%] Building C object tests/CMakeFiles/ecdsatest.dir/ecdsatest.c.o
#20 34.87 [ 77%] Building C object apps/openssl/CMakeFiles/openssl.dir/asn1pars.c.o
#20 34.89 [ 77%] Linking C executable explicit_bzero
#20 34.89 [ 77%] Linking C executable handshake_table
#20 35.05 [ 78%] Linking C executable enginetest
#20 35.10 [ 78%] Linking C executable ecdsatest
#20 35.11 [ 78%] Built target explicit_bzero
#20 35.12 [ 78%] Building C object apps/openssl/CMakeFiles/openssl.dir/ca.c.o
#20 35.16 [ 78%] Linking C executable dtlstest
#20 35.29 [ 78%] Built target ocspcheck
#20 35.30 [ 78%] Building C object tests/CMakeFiles/ec_asn1_test.dir/ec_asn1_test.c.o
#20 35.32 [ 78%] Built target nc
#20 35.32 [ 78%] Building C object apps/openssl/CMakeFiles/openssl.dir/ciphers.c.o
#20 35.33 [ 78%] Building C object tests/CMakeFiles/constraints.dir/constraints.c.o
#20 35.51 [ 78%] Linking C executable ec_asn1_test
#20 35.68 [ 78%] Building C object apps/openssl/CMakeFiles/openssl.dir/crl.c.o
#20 35.84 [ 78%] Linking C executable constraints
#20 35.96 [ 78%] Built target enginetest
#20 35.97 [ 78%] Building C object tests/CMakeFiles/rmdtest.dir/rmdtest.c.o
#20 35.98 [ 78%] Built target handshake_table
#20 36.00 [ 79%] Building C object tests/CMakeFiles/sha1test.dir/sha1test.c.o
#20 36.03 [ 79%] Built target ecdsatest
#20 36.04 [ 79%] Building C object tests/CMakeFiles/cipherstest.dir/cipherstest.c.o
#20 36.10 [ 79%] Building C object apps/openssl/CMakeFiles/openssl.dir/crl2p7.c.o
#20 36.17 [ 79%] Linking C executable rmdtest
#20 36.23 [ 79%] Linking C executable sha1test
#20 36.23 [ 79%] Built target dtlstest
#20 36.25 [ 79%] Building C object tests/CMakeFiles/bn_to_string.dir/bn_to_string.c.o
#20 36.40 [ 79%] Linking C executable bn_to_string
#20 36.48 [ 79%] Built target ec_asn1_test
#20 36.50 [ 79%] Building C object tests/CMakeFiles/casttest.dir/casttest.c.o
#20 36.51 [ 79%] Linking C executable cipherstest
#20 36.52 [ 79%] Building C object apps/openssl/CMakeFiles/openssl.dir/cms.c.o
#20 36.69 [ 79%] Linking C executable casttest
#20 36.80 [ 79%] Built target constraints
#20 36.81 [ 79%] Building C object tests/CMakeFiles/mont.dir/mont.c.o
#20 36.90 [ 79%] Built target casttest
#20 36.92 [ 79%] Building C object tests/CMakeFiles/timingsafe.dir/timingsafe.c.o
#20 36.95 [ 79%] Building C object apps/openssl/CMakeFiles/openssl.dir/dgst.c.o
#20 36.96 [ 79%] Linking C executable mont
#20 37.02 [ 79%] Linking C executable timingsafe
#20 37.15 [ 79%] Built target rmdtest
#20 37.15 [ 79%] Built target sha1test
#20 37.16 [ 79%] Building C object tests/CMakeFiles/x509name.dir/x509name.c.o
#20 37.17 [ 79%] Building C object tests/CMakeFiles/aeadtest.dir/aeadtest.c.o
#20 37.22 [ 79%] Built target timingsafe
#20 37.22 [ 79%] Building C object apps/openssl/CMakeFiles/openssl.dir/dh.c.o
#20 37.30 [ 79%] Built target bn_to_string
#20 37.31 [ 79%] Building C object tests/CMakeFiles/x509attribute.dir/x509attribute.c.o
#20 37.41 [ 79%] Linking C executable x509name
#20 37.47 [ 80%] Building C object apps/openssl/CMakeFiles/openssl.dir/dhparam.c.o
#20 37.59 [ 80%] Linking C executable aeadtest
#20 37.60 [ 80%] Linking C executable x509attribute
#20 37.61 [ 80%] Building C object apps/openssl/CMakeFiles/openssl.dir/dsa.c.o
#20 37.61 [ 80%] Building C object apps/openssl/CMakeFiles/openssl.dir/dsaparam.c.o
#20 37.63 [ 80%] Built target cipherstest
#20 37.64 [ 80%] Building C object tests/CMakeFiles/arc4randomforktest.dir/arc4randomforktest.c.o
#20 37.84 [ 80%] Linking C executable arc4randomforktest
#20 37.89 [ 80%] Building C object apps/openssl/CMakeFiles/openssl.dir/ec.c.o
#20 37.89 [ 80%] Built target mont
#20 37.91 [ 80%] Building C object tests/CMakeFiles/ectest.dir/ectest.c.o
#20 37.95 [ 80%] Building C object apps/openssl/CMakeFiles/openssl.dir/ecparam.c.o
#20 38.03 [ 80%] Building C object apps/openssl/CMakeFiles/openssl.dir/enc.c.o
#20 38.05 [ 80%] Built target arc4randomforktest
#20 38.07 [ 80%] Building C object tests/CMakeFiles/asn1x509.dir/asn1x509.c.o
#20 38.25 [ 80%] Building C object apps/openssl/CMakeFiles/openssl.dir/errstr.c.o
#20 38.34 [ 80%] Built target x509name
#20 38.36 [ 80%] Building C object tests/CMakeFiles/randtest.dir/randtest.c.o
#20 38.44 [ 80%] Building C object apps/openssl/CMakeFiles/openssl.dir/gendh.c.o
#20 38.48 [ 80%] Built target aeadtest
#20 38.48 [ 80%] Built target x509attribute
#20 38.49 [ 81%] Building C object tests/CMakeFiles/freenull.dir/freenull.c.o
#20 38.50 [ 81%] Building C object tests/CMakeFiles/dsatest.dir/dsatest.c.o
#20 38.51 [ 81%] Linking C executable asn1x509
#20 38.54 [ 81%] Linking C executable randtest
#20 38.60 [ 81%] Building C object apps/openssl/CMakeFiles/openssl.dir/gendsa.c.o
#20 38.62 [ 81%] Building C object tests/CMakeFiles/aes_wrap.dir/aes_wrap.c.o
#20 38.69 [ 81%] Linking C executable dsatest
#20 38.74 [ 81%] Linking C executable aes_wrap
#20 38.76 [ 81%] Built target randtest
#20 38.78 [ 81%] Building C object tests/CMakeFiles/bnaddsub.dir/bnaddsub.c.o
#20 38.78 [ 82%] Building C object apps/openssl/CMakeFiles/openssl.dir/genpkey.c.o
#20 38.87 [ 82%] Linking C executable freenull
#20 38.95 [ 82%] Building C object apps/openssl/CMakeFiles/openssl.dir/genrsa.c.o
#20 38.96 [ 82%] Linking C executable bnaddsub
#20 38.96 [ 82%] Built target aes_wrap
#20 38.98 [ 82%] Building C object tests/CMakeFiles/rc4test.dir/rc4test.c.o
#20 39.20 [ 82%] Building C object apps/openssl/CMakeFiles/openssl.dir/nseq.c.o
#20 39.28 [ 82%] Linking C executable rc4test
#20 39.32 [ 82%] Building C object apps/openssl/CMakeFiles/openssl.dir/ocsp.c.o
#20 39.47 [ 82%] Built target asn1x509
#20 39.48 [ 82%] Building C object tests/CMakeFiles/rfc3779.dir/rfc3779.c.o
#20 39.52 [ 82%] Building C object apps/openssl/CMakeFiles/openssl.dir/openssl.c.o
#20 39.70 /src/libressl/tests/rfc3779.c:384:1: warning: unused function 'd2i_IPAddrBlocks' [-Wunused-function]
#20 39.70 d2i_IPAddrBlocks(IPAddrBlocks **addrs, const unsigned char **in, long len)
#20 39.70 ^
#20 39.82 [ 82%] Linking C executable ectest
#20 39.93 [ 82%] Built target dsatest
#20 39.95 [ 82%] Building C object tests/CMakeFiles/gcm128test.dir/gcm128test.c.o
#20 39.98 1 warning generated.
#20 39.99 [ 83%] Linking C executable rfc3779
#20 40.03 [ 83%] Built target freenull
#20 40.03 [ 83%] Built target bnaddsub
#20 40.04 [ 83%] Built target rc4test
#20 40.05 [ 83%] Building C object tests/CMakeFiles/destest.dir/destest.c.o
#20 40.05 [ 83%] Building C object tests/CMakeFiles/asn1evp.dir/asn1evp.c.o
#20 40.06 [ 83%] Building C object tests/CMakeFiles/clienttest.dir/clienttest.c.o
#20 40.12 [ 83%] Linking C executable gcm128test
#20 40.12 [ 83%] Building C object apps/openssl/CMakeFiles/openssl.dir/passwd.c.o
#20 40.24 [ 83%] Linking C executable asn1evp
#20 40.34 [ 83%] Building C object apps/openssl/CMakeFiles/openssl.dir/pkcs12.c.o
#20 40.34 [ 83%] Built target gcm128test
#20 40.36 [ 83%] Building C object tests/CMakeFiles/bftest.dir/bftest.c.o
#20 40.47 [ 83%] Linking C executable clienttest
#20 40.53 [ 84%] Linking C executable destest
#20 40.70 [ 84%] Building C object apps/openssl/CMakeFiles/openssl.dir/pkcs7.c.o
#20 40.74 [ 84%] Linking C executable bftest
#20 40.77 [ 84%] Built target destest
#20 40.77 [ 84%] Built target ectest
#20 40.78 [ 85%] Building C object tests/CMakeFiles/optionstest.dir/optionstest.c.o
#20 40.78 [ 85%] Building C object tests/CMakeFiles/ec_point_conversion.dir/ec_point_conversion.c.o
#20 40.94 [ 85%] Built target rfc3779
#20 40.94 [ 85%] Built target bftest
#20 40.95 [ 85%] Building C object tests/CMakeFiles/utf8test.dir/utf8test.c.o
#20 40.96 [ 85%] Building C object tests/CMakeFiles/dhtest.dir/dhtest.c.o
#20 41.05 [ 85%] Building C object apps/openssl/CMakeFiles/openssl.dir/pkcs8.c.o
#20 41.06 [ 86%] Building C object apps/openssl/CMakeFiles/openssl.dir/pkey.c.o
#20 41.10 [ 86%] Linking C executable ec_point_conversion
#20 41.14 [ 86%] Linking C executable dhtest
#20 41.19 [ 86%] Built target asn1evp
#20 41.21 [ 86%] Building C object tests/CMakeFiles/tlslegacytest.dir/tlslegacytest.c.o
#20 41.38 [ 86%] Linking C executable utf8test
#20 41.42 [ 86%] Building C object apps/openssl/CMakeFiles/openssl.dir/pkeyparam.c.o
#20 41.45 [ 86%] Building C object apps/openssl/CMakeFiles/openssl.dir/pkeyutl.c.o
#20 41.53 [ 87%] Linking C executable tlslegacytest
#20 41.56 [ 87%] Built target clienttest
#20 41.59 [ 87%] Building C object tests/CMakeFiles/asn1string_copy.dir/asn1string_copy.c.o
#20 41.60 [ 87%] Built target utf8test
#20 41.62 [ 87%] Building C object tests/CMakeFiles/sha256test.dir/sha256test.c.o
#20 41.75 [ 87%] Building C object apps/openssl/CMakeFiles/openssl.dir/prime.c.o
#20 41.76 [ 87%] Linking C executable asn1string_copy
#20 41.83 [ 87%] Linking C executable sha256test
#20 41.89 [ 87%] Building C object apps/openssl/CMakeFiles/openssl.dir/rand.c.o
#20 42.02 [ 87%] Built target ec_point_conversion
#20 42.04 [ 87%] Building C object tests/CMakeFiles/pkcs7test.dir/pkcs7test.c.o
#20 42.06 [ 87%] Built target dhtest
#20 42.07 [ 87%] Building C object tests/CMakeFiles/valid_handshakes_terminate.dir/valid_handshakes_terminate.c.o
#20 42.08 [ 87%] Building C object apps/openssl/CMakeFiles/openssl.dir/req.c.o
#20 42.20 [ 87%] Linking C executable optionstest
#20 42.20 [ 87%] Building C object apps/openssl/CMakeFiles/openssl.dir/rsa.c.o
#20 42.37 [ 87%] Linking C executable pkcs7test
#20 42.57 [ 87%] Building C object apps/openssl/CMakeFiles/openssl.dir/rsautl.c.o
#20 42.64 [ 87%] Linking C executable valid_handshakes_terminate
#20 42.65 [ 87%] Built target tlslegacytest
#20 42.66 [ 87%] Building C object tests/CMakeFiles/evp_pkey_check.dir/evp_pkey_check.c.o
#20 42.70 [ 87%] Built target asn1string_copy
#20 42.72 [ 87%] Building C object tests/CMakeFiles/cmstest.dir/cmstest.c.o
#20 42.79 [ 87%] Built target sha256test
#20 42.80 [ 87%] Building C object tests/CMakeFiles/gost2814789t.dir/gost2814789t.c.o
#20 42.96 [ 87%] Building C object apps/openssl/CMakeFiles/openssl.dir/s_cb.c.o
#20 42.96 [ 87%] Linking C executable evp_pkey_check
#20 43.18 [ 87%] Linking C executable cmstest
#20 43.18 [ 87%] Built target optionstest
#20 43.20 [ 87%] Building C object tests/CMakeFiles/rsa_test.dir/rsa_test.c.o
#20 43.21 [ 87%] Linking C executable gost2814789t
#20 43.26 [ 88%] Building C object apps/openssl/CMakeFiles/openssl.dir/s_client.c.o
#20 43.31 [ 88%] Built target pkcs7test
#20 43.32 [ 88%] Building C object tests/CMakeFiles/asn1api.dir/asn1api.c.o
#20 43.51 [ 88%] Linking C executable rsa_test
#20 43.52 [ 88%] Building C object apps/openssl/CMakeFiles/openssl.dir/s_server.c.o
#20 43.54 [ 88%] Linking C executable asn1api
#20 43.78 [ 88%] Built target valid_handshakes_terminate
#20 43.80 [ 88%] Building C object tests/CMakeFiles/sm3test.dir/sm3test.c.o
#20 43.89 [ 88%] Built target evp_pkey_check
#20 43.91 [ 88%] Building C object tests/CMakeFiles/bn_rand_interval.dir/bn_rand_interval.c.o
#20 44.01 [ 88%] Linking C executable sm3test
#20 44.07 [ 89%] Linking C executable bn_rand_interval
#20 44.16 [ 89%] Built target gost2814789t
#20 44.16 [ 89%] Built target cmstest
#20 44.17 [ 89%] Building C object tests/CMakeFiles/asn1complex.dir/asn1complex.c.o
#20 44.17 [ 89%] Building C object tests/CMakeFiles/buffertest.dir/buffertest.c.o
#20 44.34 [ 89%] Building C object apps/openssl/CMakeFiles/openssl.dir/s_socket.c.o
#20 44.38 [ 89%] Linking C executable buffertest
#20 44.39 [ 89%] Linking C executable asn1complex
#20 44.49 [ 89%] Built target rsa_test
#20 44.49 [ 89%] Built target asn1api
#20 44.50 [ 90%] Building C object tests/CMakeFiles/cipher_list.dir/cipher_list.c.o
#20 44.51 [ 90%] Building C object tests/CMakeFiles/recordtest.dir/recordtest.c.o
#20 44.64 [ 90%] Built target buffertest
#20 44.66 [ 90%] Building C object tests/CMakeFiles/hkdf_test.dir/hkdf_test.c.o
#20 44.71 [ 90%] Building C object apps/openssl/CMakeFiles/openssl.dir/s_time.c.o
#20 44.78 [ 90%] Building C object apps/openssl/CMakeFiles/openssl.dir/sess_id.c.o
#20 44.87 [ 91%] Linking C executable hkdf_test
#20 44.90 [ 91%] Linking C executable cipher_list
#20 44.95 [ 91%] Built target sm3test
#20 44.97 [ 91%] Building C object tests/CMakeFiles/chachatest.dir/chachatest.c.o
#20 44.99 [ 91%] Built target bn_rand_interval
#20 45.01 [ 91%] Building C object tests/CMakeFiles/tlsexttest.dir/tlsexttest.c.o
#20 45.11 [ 91%] Linking C executable recordtest
#20 45.14 [ 91%] Building C object apps/openssl/CMakeFiles/openssl.dir/smime.c.o
#20 45.18 [ 91%] Building C object apps/openssl/CMakeFiles/openssl.dir/speed.c.o
#20 45.19 [ 91%] Linking C executable chachatest
#20 45.34 [ 91%] Built target recordtest
#20 45.34 [ 91%] Built target asn1complex
#20 45.35 [ 91%] Building C object tests/CMakeFiles/pbkdf2.dir/pbkdf2.c.o
#20 45.35 [ 91%] Building C object tests/CMakeFiles/hmactest.dir/hmactest.c.o
#20 45.40 [ 91%] Built target chachatest
#20 45.41 [ 91%] Building C object tests/CMakeFiles/bntest.dir/bntest.c.o
#20 45.63 [ 91%] Linking C executable hmactest
#20 45.65 [ 92%] Linking C executable pbkdf2
#20 45.79 [ 92%] Building C object apps/openssl/CMakeFiles/openssl.dir/spkac.c.o
#20 45.82 [ 92%] Built target hkdf_test
#20 45.84 [ 92%] Building C object tests/CMakeFiles/pq_test.dir/pq_test.c.o
#20 45.94 [ 92%] Linking C executable pq_test
#20 46.02 [ 92%] Built target cipher_list
#20 46.03 [ 92%] Building C object tests/CMakeFiles/ideatest.dir/ideatest.c.o
#20 46.13 [ 92%] Building C object apps/openssl/CMakeFiles/openssl.dir/ts.c.o
#20 46.15 [ 92%] Built target pq_test
#20 46.16 [ 92%] Building C object tests/CMakeFiles/evptest.dir/evptest.c.o
#20 46.20 [ 92%] Linking C executable ideatest
#20 46.42 [ 92%] Built target ideatest
#20 46.43 [ 92%] Building C object tests/CMakeFiles/igetest.dir/igetest.c.o
#20 46.61 [ 92%] Built target pbkdf2
#20 46.62 [ 92%] Built target hmactest
#20 46.62 [ 92%] Building C object tests/CMakeFiles/key_schedule.dir/key_schedule.c.o
#20 46.64 [ 92%] Building C object tests/CMakeFiles/md4test.dir/md4test.c.o
#20 46.77 [ 92%] Linking C executable evptest
#20 46.84 [ 92%] Linking C executable igetest
#20 46.84 [ 92%] Linking C executable md4test
#20 46.88 [ 93%] Building C object apps/openssl/CMakeFiles/openssl.dir/verify.c.o
#20 47.06 [ 93%] Built target igetest
#20 47.08 [ 93%] Building C object tests/CMakeFiles/ecdhtest.dir/ecdhtest.c.o
#20 47.08 [ 93%] Linking C executable key_schedule
#20 47.26 [ 93%] Linking C executable tlsexttest
#20 47.29 [ 93%] Building C object apps/openssl/CMakeFiles/openssl.dir/version.c.o
#20 47.37 [ 93%] Linking C executable ecdhtest
#20 47.42 [ 93%] Linking C executable bntest
#20 47.61 [ 93%] Building C object apps/openssl/CMakeFiles/openssl.dir/x509.c.o
#20 47.74 [ 93%] Built target evptest
#20 47.76 [ 93%] Building C object tests/CMakeFiles/md5test.dir/md5test.c.o
#20 47.78 [ 93%] Built target md4test
#20 47.79 [ 93%] Building C object tests/CMakeFiles/base64test.dir/base64test.c.o
#20 47.95 [ 93%] Linking C executable md5test
#20 48.03 [ 93%] Built target key_schedule
#20 48.05 [ 93%] Building C object tests/CMakeFiles/poly1305test.dir/poly1305test.c.o
#20 48.10 [ 93%] Linking C executable base64test
#20 48.21 [ 93%] Linking C executable poly1305test
#20 48.31 [ 93%] Built target ecdhtest
#20 48.33 [ 94%] Building C object tests/CMakeFiles/rc2test.dir/rc2test.c.o
#20 48.37 [ 94%] Built target bntest
#20 48.38 [ 94%] Building C object tests/CMakeFiles/record_layer_test.dir/record_layer_test.c.o
#20 48.39 [ 94%] Built target tlsexttest
#20 48.41 [ 94%] Building C object tests/CMakeFiles/rfc5280time.dir/rfc5280time.c.o
#20 48.43 [ 94%] Built target poly1305test
#20 48.44 [ 94%] Building C object apps/openssl/CMakeFiles/openssl.dir/apps_posix.c.o
#20 48.44 [ 94%] Building C object tests/CMakeFiles/bytestringtest.dir/bytestringtest.c.o
#20 48.45 [ 94%] Linking C executable rc2test
#20 48.59 [ 94%] Building C object apps/openssl/CMakeFiles/openssl.dir/certhash.c.o
#20 48.66 [ 94%] Built target rc2test
#20 48.67 [ 94%] Building C object tests/CMakeFiles/servertest.dir/servertest.c.o
#20 48.76 [ 94%] Linking C executable rfc5280time
#20 48.76 [ 95%] Building C object tests/CMakeFiles/asn1time.dir/asn1time.c.o
#20 48.78 [ 95%] Linking C executable record_layer_test
#20 48.91 [ 95%] Built target md5test
#20 48.93 [ 95%] Building C object tests/CMakeFiles/ssltest.dir/ssltest.c.o
#20 48.98 [ 95%] Linking C executable servertest
#20 49.05 [ 95%] Built target base64test
#20 49.07 [ 95%] Building C object tests/CMakeFiles/x509req_ext.dir/x509req_ext.c.o
#20 49.09 [ 95%] Linking C executable asn1time
#20 49.19 [ 95%] Linking C executable bytestringtest
#20 49.38 [ 96%] Linking C executable x509req_ext
#20 49.41 [ 96%] Built target bytestringtest
#20 49.42 [ 96%] Building C object tests/CMakeFiles/sha512test.dir/sha512test.c.o
#20 49.61 [ 96%] Linking C executable openssl
#20 49.66 [ 96%] Linking C executable sha512test
#20 49.67 [ 96%] Built target rfc5280time
#20 49.70 [ 96%] Building C object tests/CMakeFiles/sm4test.dir/sm4test.c.o
#20 49.80 [ 97%] Linking C executable sm4test
#20 49.81 [ 97%] Built target record_layer_test
#20 49.83 [ 97%] Building C object tests/CMakeFiles/ssl_get_shared_ciphers.dir/ssl_get_shared_ciphers.c.o
#20 50.03 [ 97%] Built target sm4test
#20 50.05 [ 97%] Building C object tests/CMakeFiles/asn1basic.dir/asn1basic.c.o
#20 50.05 [ 97%] Built target asn1time
#20 50.07 [ 97%] Building C object tests/CMakeFiles/ssl_methods.dir/ssl_methods.c.o
#20 50.14 [ 97%] Built target servertest
#20 50.15 [ 97%] Building C object tests/CMakeFiles/ssl_versions.dir/ssl_versions.c.o
#20 50.21 [ 97%] Linking C executable ssltest
#20 50.28 [ 97%] Linking C executable ssl_get_shared_ciphers
#20 50.32 [ 98%] Linking C executable asn1basic
#20 50.33 [ 98%] Built target x509req_ext
#20 50.35 [ 98%] Building C object tests/CMakeFiles/asn1test.dir/asn1test.c.o
#20 50.39 [ 98%] Linking C executable ssl_methods
#20 50.61 [ 98%] Built target sha512test
#20 50.63 [ 98%] Building C object tests/CMakeFiles/tls_ext_alpn.dir/tls_ext_alpn.c.o
#20 50.64 [ 98%] Linking C executable ssl_versions
#20 50.87 [ 98%] Linking C executable asn1test
#20 50.99 [ 98%] Built target openssl
#20 51.01 [ 98%] Building C object tests/CMakeFiles/tls_prf.dir/tls_prf.c.o
#20 51.10 [ 99%] Linking C executable tls_ext_alpn
#20 51.24 [ 99%] Built target asn1basic
#20 51.26 [100%] Building C object tests/CMakeFiles/x25519test.dir/x25519test.c.o
#20 51.37 [100%] Linking C executable x25519test
#20 51.37 [100%] Built target ssltest
#20 51.39 [100%] Building C object tests/CMakeFiles/x509_info.dir/x509_info.c.o
#20 51.42 [100%] Built target ssl_get_shared_ciphers
#20 51.43 [100%] Linking C executable tls_prf
#20 51.44 [100%] Building C object tests/CMakeFiles/cts128test.dir/cts128test.c.o
#20 51.51 [100%] Built target ssl_methods
#20 51.57 Copying DLLs for regression tests
#20 51.59 [100%] Linking C executable cts128test
#20 51.63 [100%] Built target x25519test
#20 51.72 [100%] Linking C executable x509_info
#20 51.73 [100%] Built target ssl_versions
#20 51.80 [100%] Built target cts128test
#20 51.88 [100%] Built target asn1test
#20 52.06 [100%] Built target tls_ext_alpn
#20 52.23 [100%] Built target tls_prf
#20 52.28 [100%] Built target x509_info
#20 52.29 + LIBRESSL_FUZZERS=/src/libressl.fuzzers/fuzz
#20 52.29 ++ find /src/libressl.fuzzers/fuzz -name '*.c'
#20 52.29 ++ egrep -v 'driver.c|test-corpus.c'
#20 52.29 find: /src/libressl.fuzzers/fuzz: No such file or directory
#20 52.30 + fuzzerFiles=
#20 52.30 Traceback (most recent call last):
#20 52.30   File "<string>", line 1, in <module>
#20 52.30   File "/src/fuzzers/afl/fuzzer.py", line 40, in build
#20 52.30     utils.build_benchmark()
#20 52.30   File "/src/fuzzers/utils.py", line 82, in build_benchmark
#20 52.30     subprocess.check_call(['/bin/bash', '-ex', build_script], env=env)
#20 52.30   File "/usr/local/lib/python3.8/subprocess.py", line 364, in check_call
#20 52.30     raise CalledProcessError(retcode, cmd)
#20 52.30 subprocess.CalledProcessError: Command '['/bin/bash', '-ex', '/src/build.sh']' returned non-zero exit status 1.
#20 ERROR: executor failed running [/bin/sh -c echo "Run fuzzer_build to build the target" && if [ -z "$debug_builder" ] ; then fuzzer_build; fi]: exit code: 1
------
 > importing cache manifest from gcr.io/fuzzbench/builders/afl/libressl_libressl:
------
------
 > [stage-1 13/13] RUN echo "Run fuzzer_build to build the target" && if [ -z "$debug_builder" ] ; then fuzzer_build; fi:
------
executor failed running [/bin/sh -c echo "Run fuzzer_build to build the target" && if [ -z "$debug_builder" ] ; then fuzzer_build; fi]: exit code: 1
make: *** [docker/generated.mk:2748971: .afl-libressl_libressl-builder] Error 1
/bin/sh: 1: source: not found
#2 [internal] load .dockerignore
#2 sha256:b27472ad76fbf91f0f2b0e0586dcdf576976d5217982bb246b5a46de272b6383
#2 transferring context: 2B done
#2 ...

#1 [internal] load build definition from Dockerfile
#1 sha256:926cc9c36ec91bb39452761dfc91e8ee465cce384afbb816d6b8fbdc1e05c495
#1 transferring dockerfile: 32B done
#1 DONE 0.4s

#2 [internal] load .dockerignore
#2 sha256:b27472ad76fbf91f0f2b0e0586dcdf576976d5217982bb246b5a46de272b6383
#2 DONE 0.4s

#3 [internal] load metadata for gcr.io/oss-fuzz-base/base-builder:latest
#3 sha256:f10dc39cc9d418a5bc416dead31a1902b6821fdae909cd3b08f7a3fd1faba7b5
#3 DONE 0.5s

#12 importing cache manifest from gcr.io/fuzzbench/builders/benchmark/libressl_libressl
#12 sha256:e3e21863af1013203e393300107230c960acad920b0708d651bd7c1e4222bac6
#12 DONE 0.0s

#4 [1/7] FROM gcr.io/oss-fuzz-base/base-builder@sha256:4ad017ca53699eda684c1c444948c93a4af848fe34baee3a765d3c4693fe6a56
#4 sha256:3f10b3978a3951f6e2692fa5e5890ee5a755650381dedece7198ed0b1dcdaa8c
#4 DONE 0.0s

#10 [internal] load build context
#10 sha256:d857830ecb036a5421c97e62ce23e8f426db86f5a5eae49a4dcfb25efa6ae203
#10 transferring context: 63B done
#10 DONE 0.1s

#8 [5/7] WORKDIR libressl
#8 sha256:12b8758b1e0fbcb9703efd0e5f215e82c047dc1be80ea825a65bfde077b45620
#8 CACHED

#5 [2/7] RUN apt-get update && apt-get install -y make cmake
#5 sha256:fc243ccb7260051d1e9513f035346378e3586419558df39e485be5de01d50db0
#5 CACHED

#6 [3/7] RUN git clone --depth 1 https://github.com/libressl-portable/portable.git libressl
#6 sha256:79616965e6449f3eb8f831c8f966ca0e24f6ac30a7d324a0c42f0b8bc1a16e7d
#6 CACHED

#7 [4/7] RUN git clone --depth 1 https://github.com/libressl-portable/fuzz.git libressl.fuzzers
#7 sha256:fe589641d70a02eb3813d037bcc2693d3fb3b6dd8aaa5a65b50277cf398616f1
#7 CACHED

#9 [6/7] RUN ./update.sh
#9 sha256:1a4f6ed3ff39b6fb9cf8069f80905064146fcef4e8590297d8c02e9d80510340
#9 CACHED

#11 [7/7] COPY build.sh *.options /src/
#11 sha256:9a98861f1bf234f36b14fdab67207f207daa76daf5d6accba37098b24492f0c7
#11 CACHED

#13 exporting to image
#13 sha256:e8c613e07b0b7ff33893b694f7759a10d42e180f2b4dc349fb57dc6b71dcab00
#13 exporting layers done
#13 writing image sha256:5f06249baabd6822a8668949aba332f9f24ad1d93fe0ef78c77a581d80764008
#13 writing image sha256:5f06249baabd6822a8668949aba332f9f24ad1d93fe0ef78c77a581d80764008 0.0s done
#13 naming to gcr.io/fuzzbench/builders/benchmark/libressl_libressl done
#13 DONE 0.3s

#14 exporting cache
#14 sha256:2700d4ef94dee473593c5c614b55b2dedcca7893909811a8f2b48291a1f581e4
#14 preparing build cache for export done
#14 DONE 0.0s
#1 [internal] load build definition from builder.Dockerfile
#1 sha256:5b6b78a3eb49b47a6f138bac071721542947c7d1a56632f40e6bb232ca0e4d0f
#1 transferring dockerfile: 46B done
#1 DONE 0.1s

#2 [internal] load .dockerignore
#2 sha256:7c6740b5009be19bf0dd7031230db252d300f83122635605738dc04a8d6b148b
#2 transferring context: 2B done
#2 DONE 0.1s

#3 [internal] load metadata for gcr.io/fuzzbench/builders/benchmark/libressl_libressl:latest
#3 sha256:bedb526a21bd642b501ac04e2be8ad45ebd86ff81b21fd27d9c554b22504b25c
#3 DONE 0.0s

#7 [1/3] FROM gcr.io/fuzzbench/builders/benchmark/libressl_libressl
#7 sha256:65a736a71fa185a58cfaddf39c9e9c149c7b0c20c7e221dd97f0469d41d91dac
#7 DONE 0.0s

#4 importing cache manifest from gcr.io/fuzzbench/builders/afl/libressl_libressl-intermediate
#4 sha256:890fc54d69d357ba7c06619053798db43c0fd83ef6bd074dea8215571deb7bfa
#4 DONE 0.0s

#5 [2/3] RUN git clone https://github.com/google/AFL.git /afl &&     cd /afl &&     git checkout 61037103ae3722c8060ff7082994836a794f978e &&     AFL_NO_X86=1 make
#5 sha256:d7659cb0e02b4f8cae291b2b7e4f4c0ddcb18268cc09c4af6dec1fd787f9d8e4
#5 CACHED

#6 [3/3] RUN apt-get update &&     apt-get install wget -y &&     wget https://raw.githubusercontent.com/llvm/llvm-project/5feb80e748924606531ba28c97fe65145c65372e/compiler-rt/lib/fuzzer/afl/afl_driver.cpp -O /afl/afl_driver.cpp &&     clang -Wno-pointer-sign -c /afl/llvm_mode/afl-llvm-rt.o.c -I/afl &&     clang++ -stdlib=libc++ -std=c++11 -O2 -c /afl/afl_driver.cpp &&     ar r /libAFL.a *.o
#6 sha256:7a65d7f2a21bcb9d39601b78c88077bc9c192b36f52ade4793c9c37000333db0
#6 CACHED

#8 exporting to image
#8 sha256:e8c613e07b0b7ff33893b694f7759a10d42e180f2b4dc349fb57dc6b71dcab00
#8 exporting layers done
#8 writing image sha256:23c5c9921ca1e85c7554f1aa96f8e6ea15895ebc5d474c7330e339d9e0dff880 0.0s done
#8 naming to gcr.io/fuzzbench/builders/afl/libressl_libressl-intermediate done
#8 DONE 0.4s

#9 exporting cache
#9 sha256:2700d4ef94dee473593c5c614b55b2dedcca7893909811a8f2b48291a1f581e4
#9 preparing build cache for export done
#9 DONE 0.0s
#1 [internal] load build definition from Dockerfile
#1 sha256:f400e53ed4dd953bbb1665fbe0fe594842ae2f70f853feb937ec80f3fe266815
#1 transferring dockerfile: 2.00kB done
#1 DONE 0.1s

#2 [internal] load .dockerignore
#2 sha256:9c0224a39ab2feb84cbb0cc549a4cecbf5efceb7d5bb5c4af49c4ec3a1cf916a
#2 transferring context: 34B done
#2 DONE 0.1s

#3 [internal] load metadata for docker.io/library/ubuntu:xenial
#3 sha256:f62bae18ed588840f045c881b2502661f2a89578a2f8f99b83f5200ee83dd25b
#3 DONE 0.0s

#5 [1/7] FROM docker.io/library/ubuntu:xenial
#5 sha256:14dd403f25ae9e519bd44f27dc17af7ce80f5a4f9f48ca88108364e67ec5d360
#5 DONE 0.0s

#4 importing cache manifest from gcr.io/fuzzbench/base-image
#4 sha256:9b220ebb4d4daceed1b96df9b6dca076e762f1cd612574f010b82d5b9e5ad896
#4 DONE 0.0s

#8 [internal] load build context
#8 sha256:97874c26dd79790280ab115e80f1fd36ab5a33fd086b281832ea98963260928d
#8 transferring context: 559B 0.0s done
#8 DONE 0.1s

#9 [4/7] COPY ./requirements.txt /
#9 sha256:128ce98281afb756008bb74268867679500a5e10fd4d1c2b66fc74c02c028fd9
#9 CACHED

#10 [5/7] RUN pip3 install -r /requirements.txt
#10 sha256:defc60bddd5b7c5d6bc902771fc321fc3252568f5044c570a93bfd08909d8bf4
#10 CACHED

#11 [6/7] RUN apt-get update -y && apt-get install -y     apt-transport-https     lsb-release
#11 sha256:1f2801856bf1f86f980874daa2d43866c2b26e4cfbd86809c3f79a66dff14c67
#11 CACHED

#6 [2/7] RUN apt-get update -y && apt-get install -y     build-essential     rsync     curl     zlib1g-dev     libncurses5-dev     libgdbm-dev     libnss3-dev     libssl-dev     libreadline-dev     libffi-dev     virtualenv     libbz2-dev     liblzma-dev     libsqlite3-dev
#6 sha256:3a1b0960f17eed529eaae93dc8fd3554f2743dd584d8fa569cdbe6bc734371ac
#6 CACHED

#7 [3/7] RUN cd /tmp/ &&     curl -O https://www.python.org/ftp/python/3.8.6/Python-3.8.6.tar.xz &&     tar -xvf Python-3.8.6.tar.xz &&     cd Python-3.8.6 &&     ./configure --enable-loadable-sqlite-extensions --enable-optimizations &&     make -j install &&     rm -r /tmp/Python-3.8.6.tar.xz /tmp/Python-3.8.6
#7 sha256:c5b9d1fb3371e84dbc60b76e7b2f8d5913bc93bcd4910ab65daa03e7b2ec4bb0
#7 CACHED

#12 [7/7] RUN CLOUD_SDK_REPO="cloud-sdk-$(lsb_release -c -s)" &&     echo "deb https://packages.cloud.google.com/apt $CLOUD_SDK_REPO main"     | tee -a /etc/apt/sources.list.d/google-cloud-sdk.list &&     curl https://packages.cloud.google.com/apt/doc/apt-key.gpg     | apt-key add - &&     apt-get update -y &&     apt-get install -y google-cloud-sdk
#12 sha256:abed41284a6be5b2ec2ee3adbc05aaaa162ddfab792633150c7946d597d22635
#12 CACHED

#13 exporting to image
#13 sha256:e8c613e07b0b7ff33893b694f7759a10d42e180f2b4dc349fb57dc6b71dcab00
#13 exporting layers done
#13 writing image sha256:139540fb22a119f888cb3e5ed6e013e8d868574697f5fb839e5da9e23de73e0a
#13 writing image sha256:139540fb22a119f888cb3e5ed6e013e8d868574697f5fb839e5da9e23de73e0a done
#13 naming to gcr.io/fuzzbench/base-image done
#13 DONE 0.1s

#14 exporting cache
#14 sha256:2700d4ef94dee473593c5c614b55b2dedcca7893909811a8f2b48291a1f581e4
#14 preparing build cache for export done
#14 DONE 0.0s
#1 [internal] load build definition from Dockerfile
#1 sha256:0cc430b3643c9c14d7b6f76fe426daabe04d3b1ed10cabaa1550c0c5663e4ccf
#1 transferring dockerfile: 2.22kB done
#1 DONE 0.1s

#2 [internal] load .dockerignore
#2 sha256:7b47c8fc759e5a8cb5aabdd5252b6c1f06d3b05e72e70a7fedb35512c0f4efdc
#2 transferring context: 34B done
#2 DONE 0.1s

#4 [internal] load metadata for gcr.io/fuzzbench/base-image:latest
#4 sha256:932022888f650cc455b10eb5123bb08c0cccacac29a693e69314abbfd28a72c3
#4 DONE 0.0s

#3 [internal] load metadata for gcr.io/fuzzbench/builders/afl/libressl_libressl-intermediate:latest
#3 sha256:be2e0168188ee3ff105002c8795136f4f1770ebdccbf5220555db79e45c2e40d
#3 DONE 0.0s

#12 [internal] load build context
#12 sha256:801b6e8e3acd7e8b898c9beb47018f3e38059b64438432d34f4a9296b5650bff
#12 DONE 0.0s

#7 [base-image 1/1] FROM gcr.io/fuzzbench/base-image
#7 sha256:4d07825694520f8b6f6a0d8592dbd345433361ae044cb7f06706c5a95e3daaad
#7 DONE 0.0s

#6 [stage-1  1/13] FROM gcr.io/fuzzbench/builders/afl/libressl_libressl-intermediate
#6 sha256:b6c37567245243f70aa9dcad216b206d3ec6d2e925458d6f9c7d8331f34913ad
#6 DONE 0.0s

#5 importing cache manifest from gcr.io/fuzzbench/builders/afl/libressl_libressl
#5 sha256:75e46bf5a53f9dfd310a831c3122891ee1125f91497d99ecb9721bda36fbbbf9
#5 ERROR: gcr.io/fuzzbench/builders/afl/libressl_libressl:latest: not found

#12 [internal] load build context
#12 sha256:801b6e8e3acd7e8b898c9beb47018f3e38059b64438432d34f4a9296b5650bff
#12 transferring context: 669.87kB 0.1s done
#12 DONE 0.2s

#11 [stage-1  5/13] COPY --from=base-image /usr/local/lib/python3.8/site-packages /usr/local/lib/python3.8/site-packages
#11 sha256:44999dd9333bddd6032c5048de02c4db806ea2bf3cd2dc314dd962fe4797c458
#11 CACHED

#13 [stage-1  6/13] COPY fuzzers /src/fuzzers
#13 sha256:612f9a2172b253dcf7b1c5413889d138bdde0f69c7f5d532ab37c2ef4f97110a
#13 CACHED

#15 [stage-1  8/13] COPY benchmarks/libressl_libressl/benchmark.yaml /
#15 sha256:4a0afa59adf4f61525f769ce99ec657d8d6f81bcbb9aca8e6d2a29456eda0e60
#15 CACHED

#9 [stage-1  3/13] COPY --from=base-image /usr/local/lib/python3.8 /usr/local/lib/python3.8
#9 sha256:43c821aefd34e4a8274206d98dcdfebcd4cbfb5541929d800d8dc21e91f2a464
#9 CACHED

#10 [stage-1  4/13] COPY --from=base-image /usr/local/include/python3.8 /usr/local/include/python3.8
#10 sha256:458e12fcc60aeae876ed16db86d25ae4de3f72078fa90236f995b7d345a919db
#10 CACHED

#16 [stage-1  9/13] RUN mkdir /opt/fuzzbench/
#16 sha256:eb618005c4311aefd0f42494057b78cacd95a0480cc4f2dfad5cc59612155c02
#16 CACHED

#17 [stage-1 10/13] COPY docker/benchmark-builder/checkout_commit.py /opt/fuzzbench/
#17 sha256:657d262b507c601a36b3acb440e885dfd814f779e7630939141245ca754eabcf
#17 CACHED

#14 [stage-1  7/13] RUN touch /src/__init__.py
#14 sha256:4afce25c322f314bb99b1ed47e3ab13eb46f6ce3d0e8cf92d6f5cc7de6671740
#14 CACHED

#18 [stage-1 11/13] RUN export CHECKOUT_COMMIT=$(cat /benchmark.yaml | tr -d ' ' | grep 'commit:' | cut -d ':' -f2) &&     python3 -u /opt/fuzzbench/checkout_commit.py $CHECKOUT_COMMIT /src
#18 sha256:ef2fa1bf34faff45f7fc3c3782a85057e371dae6d1b762bf09c775e9155eba27
#18 CACHED

#8 [stage-1  2/13] COPY --from=base-image /usr/local/bin/python3* /usr/local/bin/
#8 sha256:816c1b75a262fa57ef643dc4e27c50a5ae68f4b37fbd43adbd0ea712e3802294
#8 CACHED

#19 [stage-1 12/13] RUN echo "#!/bin/bash\nPYTHONPATH=/src python3 -u -c "from fuzzers import utils; utils.initialize_env(); from fuzzers.afl import fuzzer; fuzzer.build()"" > /usr/bin/fuzzer_build &&     chmod +x /usr/bin/fuzzer_build
#19 sha256:8112dc5cece1710900325694c8227c4c8366fa9149832f05f9578758a8208847
#19 CACHED

#20 [stage-1 13/13] RUN echo "Run fuzzer_build to build the target" && if [ -z "$debug_builder" ] ; then fuzzer_build; fi
#20 sha256:fe0842aef612198e016a02e41b9014bf59a7e2213f2a75d264a65e7e1523c29e
#20 0.390 Run fuzzer_build to build the target
#20 0.503 FUZZ_TARGET = libressl
#20 0.503 CFLAGS = -DFUZZING_BUILD_MODE_UNSAFE_FOR_PRODUCTION -pthread -Wl,--no-as-needed -Wl,-ldl -Wl,-lm -Wno-unused-command-line-argument -O3
#20 0.503 CXXFLAGS = -DFUZZING_BUILD_MODE_UNSAFE_FOR_PRODUCTION -pthread -Wl,--no-as-needed -Wl,-ldl -Wl,-lm -Wno-unused-command-line-argument -stdlib=libc++ -O3
#20 0.508 Building benchmark libressl_libressl with fuzzer afl
#20 0.511 + mkdir -p /work/libressl
#20 0.513 + cd /work/libressl
#20 0.513 + CMAKE_DEFINES=
#20 0.513 + [[ -DFUZZING_BUILD_MODE_UNSAFE_FOR_PRODUCTION -pthread -Wl,--no-as-needed -Wl,-ldl -Wl,-lm -Wno-unused-command-line-argument -O3 -fsanitize-coverage=trace-pc-guard = *sanitize=memory* ]]
#20 0.513 + cmake -DCMAKE_C_COMPILER=clang -DCMAKE_CXX_COMPILER=clang++ '-DCMAKE_C_FLAGS=-DFUZZING_BUILD_MODE_UNSAFE_FOR_PRODUCTION -pthread -Wl,--no-as-needed -Wl,-ldl -Wl,-lm -Wno-unused-command-line-argument -O3 -fsanitize-coverage=trace-pc-guard' '-DCMAKE_CXX_FLAGS=-DFUZZING_BUILD_MODE_UNSAFE_FOR_PRODUCTION -pthread -Wl,--no-as-needed -Wl,-ldl -Wl,-lm -Wno-unused-command-line-argument -stdlib=libc++ -O3 -fsanitize-coverage=trace-pc-guard' /src/libressl/
#20 0.715 -- The C compiler identification is Clang 14.0.0
#20 0.745 -- The ASM compiler identification is Clang
#20 0.750 -- Found assembler: /usr/local/bin/clang
#20 0.764 -- Detecting C compiler ABI info
#20 0.911 -- Detecting C compiler ABI info - done
#20 0.967 -- Check for working C compiler: /usr/local/bin/clang - skipped
#20 0.968 -- Detecting C compile features
#20 0.968 -- Detecting C compile features - done
#20 0.979 -- Looking for asprintf
#20 1.138 -- Looking for asprintf - found
#20 1.139 -- Looking for reallocarray
#20 1.299 -- Looking for reallocarray - found
#20 1.299 -- Looking for strcasecmp
#20 1.461 -- Looking for strcasecmp - found
#20 1.461 -- Looking for strlcat
#20 1.626 -- Looking for strlcat - not found
#20 1.627 -- Looking for strlcpy
#20 1.788 -- Looking for strlcpy - not found
#20 1.788 -- Looking for strndup
#20 1.953 -- Looking for strndup - found
#20 1.953 -- Looking for strnlen
#20 2.115 -- Looking for strnlen - found
#20 2.116 -- Looking for strsep
#20 2.281 -- Looking for strsep - found
#20 2.281 -- Looking for timegm
#20 2.446 -- Looking for timegm - found
#20 2.446 -- Looking for arc4random_buf
#20 2.612 -- Looking for arc4random_buf - not found
#20 2.613 -- Looking for arc4random_uniform
#20 2.774 -- Looking for arc4random_uniform - not found
#20 2.774 -- Looking for explicit_bzero
#20 2.937 -- Looking for explicit_bzero - found
#20 2.937 -- Looking for getauxval
#20 3.113 -- Looking for getauxval - found
#20 3.114 -- Looking for getentropy
#20 3.278 -- Looking for getentropy - found
#20 3.279 -- Looking for getpagesize
#20 3.448 -- Looking for getpagesize - found
#20 3.448 -- Looking for getprogname
#20 3.610 -- Looking for getprogname - not found
#20 3.611 -- Looking for syslog_r
#20 3.776 -- Looking for syslog_r - not found
#20 3.776 -- Looking for syslog
#20 3.938 -- Looking for syslog - found
#20 3.939 -- Looking for timespecsub
#20 3.982 -- Looking for timespecsub - not found
#20 3.983 -- Looking for timingsafe_bcmp
#20 4.141 -- Looking for timingsafe_bcmp - not found
#20 4.142 -- Looking for timingsafe_memcmp
#20 4.300 -- Looking for timingsafe_memcmp - not found
#20 4.300 -- Looking for memmem
#20 4.468 -- Looking for memmem - found
#20 4.469 -- Looking for include file endian.h
#20 4.623 -- Looking for include file endian.h - found
#20 4.624 -- Looking for include file err.h
#20 4.788 -- Looking for include file err.h - found
#20 4.789 -- Looking for 3 include files sys/types.h, ..., netinet/ip.h
#20 4.972 -- Looking for 3 include files sys/types.h, ..., netinet/ip.h - found
#20 4.973 -- Looking for clock_gettime in rt
#20 5.133 -- Looking for clock_gettime in rt - found
#20 5.134 -- Looking for sys/types.h
#20 5.298 -- Looking for sys/types.h - found
#20 5.299 -- Looking for stdint.h
#20 5.469 -- Looking for stdint.h - found
#20 5.470 -- Looking for stddef.h
#20 5.628 -- Looking for stddef.h - found
#20 5.629 -- Check size of time_t
#20 5.832 -- Check size of time_t - done
#20 5.846 -- Looking for b64_ntop
#20 6.006 -- Looking for b64_ntop - not found
#20 6.007 -- Looking for accept4
#20 6.172 -- Looking for accept4 - found
#20 6.173 -- Looking for readpassphrase
#20 6.336 -- Looking for readpassphrase - not found
#20 6.356 -- Looking for pipe2
#20 6.514 -- Looking for pipe2 - found
#20 6.521 -- Configuring done
#20 7.057 -- Generating done
#20 7.073 CMake Warning:
#20 7.073   Manually-specified variables were not used by the project:
#20 7.073 
#20 7.073     CMAKE_CXX_COMPILER
#20 7.073     CMAKE_CXX_FLAGS
#20 7.073 
#20 7.073 
#20 7.074 -- Build files have been written to: /work/libressl
#20 7.084 ++ nproc
#20 7.086 + make -j8
#20 7.118 [  0%] Building C object ssl/CMakeFiles/bs_obj.dir/bs_ber.c.o
#20 7.118 [  0%] Building C object ssl/CMakeFiles/bs_obj.dir/bs_cbb.c.o
#20 7.118 [  1%] Building C object ssl/CMakeFiles/bs_obj.dir/bs_cbs.c.o
#20 7.119 [  1%] Building C object tls/CMakeFiles/tls_obj.dir/tls.c.o
#20 7.119 [  1%] Building C object tls/CMakeFiles/tls_obj.dir/tls_bio_cb.c.o
#20 7.119 [  1%] Building C object tls/CMakeFiles/tls_obj.dir/tls_client.c.o
#20 7.122 [  1%] Building C object ssl/CMakeFiles/ssl_obj.dir/bio_ssl.c.o
#20 7.179 [  1%] Building C object crypto/CMakeFiles/crypto_obj.dir/aes/aes-elf-x86_64.S.o
#20 7.240 [  1%] Building C object crypto/CMakeFiles/crypto_obj.dir/aes/bsaes-elf-x86_64.S.o
#20 7.250 [  1%] Building C object ssl/CMakeFiles/ssl_obj.dir/d1_both.c.o
#20 7.303 [  1%] Building C object crypto/CMakeFiles/crypto_obj.dir/aes/vpaes-elf-x86_64.S.o
#20 7.349 [  1%] Building C object crypto/CMakeFiles/crypto_obj.dir/aes/aesni-elf-x86_64.S.o
#20 7.410 [  1%] Building C object crypto/CMakeFiles/crypto_obj.dir/aes/aesni-sha1-elf-x86_64.S.o
#20 7.422 [  1%] Building C object tls/CMakeFiles/tls_obj.dir/tls_config.c.o
#20 7.428 [  1%] Building C object tls/CMakeFiles/tls_obj.dir/tls_conninfo.c.o
#20 7.464 [  2%] Building C object crypto/CMakeFiles/crypto_obj.dir/bn/modexp512-elf-x86_64.S.o
#20 7.518 [  2%] Building C object crypto/CMakeFiles/crypto_obj.dir/bn/mont-elf-x86_64.S.o
#20 7.536 [  2%] Building C object ssl/CMakeFiles/ssl_obj.dir/d1_lib.c.o
#20 7.570 [  2%] Building C object tls/CMakeFiles/tls_obj.dir/tls_keypair.c.o
#20 7.572 [  2%] Building C object crypto/CMakeFiles/crypto_obj.dir/bn/mont5-elf-x86_64.S.o
#20 7.592 [  2%] Built target bs_obj
#20 7.597 [  2%] Building C object crypto/CMakeFiles/crypto_obj.dir/bn/gf2m-elf-x86_64.S.o
#20 7.634 [  2%] Building C object crypto/CMakeFiles/crypto_obj.dir/camellia/cmll-elf-x86_64.S.o
#20 7.643 [  2%] Building C object crypto/CMakeFiles/crypto_obj.dir/md5/md5-elf-x86_64.S.o
#20 7.688 [  2%] Building C object tls/CMakeFiles/tls_obj.dir/tls_server.c.o
#20 7.689 [  2%] Building C object crypto/CMakeFiles/crypto_obj.dir/modes/ghash-elf-x86_64.S.o
#20 7.694 [  2%] Building C object crypto/CMakeFiles/crypto_obj.dir/rc4/rc4-elf-x86_64.S.o
#20 7.742 [  2%] Building C object tls/CMakeFiles/tls_obj.dir/tls_signer.c.o
#20 7.748 [  2%] Building C object crypto/CMakeFiles/crypto_obj.dir/rc4/rc4-md5-elf-x86_64.S.o
#20 7.802 [  3%] Building C object crypto/CMakeFiles/crypto_obj.dir/sha/sha1-elf-x86_64.S.o
#20 7.806 [  4%] Building C object tls/CMakeFiles/tls_obj.dir/tls_ocsp.c.o
#20 7.866 [  4%] Building C object crypto/CMakeFiles/crypto_obj.dir/sha/sha256-elf-x86_64.S.o
#20 7.885 [  4%] Building C object tls/CMakeFiles/tls_obj.dir/tls_peer.c.o
#20 7.919 [  4%] Building C object crypto/CMakeFiles/crypto_obj.dir/sha/sha512-elf-x86_64.S.o
#20 7.943 [  5%] Building C object ssl/CMakeFiles/ssl_obj.dir/d1_pkt.c.o
#20 7.972 [  5%] Building C object crypto/CMakeFiles/crypto_obj.dir/whrlpool/wp-elf-x86_64.S.o
#20 7.978 [  5%] Building C object ssl/CMakeFiles/ssl_obj.dir/d1_srtp.c.o
#20 8.041 [  5%] Building C object ssl/CMakeFiles/ssl_obj.dir/pqueue.c.o
#20 8.093 [  5%] Building C object ssl/CMakeFiles/ssl_obj.dir/s3_cbc.c.o
#20 8.125 [  5%] Building C object ssl/CMakeFiles/ssl_obj.dir/s3_lib.c.o
#20 8.147 [  5%] Building C object tls/CMakeFiles/tls_obj.dir/tls_util.c.o
#20 8.167 [  5%] Building C object ssl/CMakeFiles/ssl_obj.dir/ssl_algs.c.o
#20 8.243 [  5%] Building C object crypto/CMakeFiles/crypto_obj.dir/cpuid-elf-x86_64.S.o
#20 8.245 [  5%] Building C object tls/CMakeFiles/tls_obj.dir/tls_verify.c.o
#20 8.295 [  5%] Building C object ssl/CMakeFiles/ssl_obj.dir/ssl_asn1.c.o
#20 8.383 [  5%] Building C object ssl/CMakeFiles/ssl_obj.dir/ssl_both.c.o
#20 8.447 [  5%] Building C object ssl/CMakeFiles/ssl_obj.dir/ssl_cert.c.o
#20 8.451 [  5%] Building C object crypto/CMakeFiles/crypto_obj.dir/cpt_err.c.o
#20 8.515 [  6%] Building C object ssl/CMakeFiles/ssl_obj.dir/ssl_ciph.c.o
#20 8.554 [  6%] Building C object crypto/CMakeFiles/crypto_obj.dir/cryptlib.c.o
#20 8.584 [  6%] Built target tls_obj
#20 8.588 [  6%] Building C object crypto/CMakeFiles/crypto_obj.dir/crypto_init.c.o
#20 8.607 [  6%] Building C object ssl/CMakeFiles/ssl_obj.dir/ssl_ciphers.c.o
#20 8.679 [  6%] Building C object ssl/CMakeFiles/ssl_obj.dir/ssl_clnt.c.o
#20 8.750 [  6%] Building C object crypto/CMakeFiles/crypto_obj.dir/cversion.c.o
#20 8.760 [  7%] Building C object crypto/CMakeFiles/crypto_obj.dir/ex_data.c.o
#20 8.796 [  7%] Building C object ssl/CMakeFiles/ssl_obj.dir/ssl_err.c.o
#20 8.817 [  7%] Building C object ssl/CMakeFiles/ssl_obj.dir/ssl_init.c.o
#20 8.841 [  7%] Building C object crypto/CMakeFiles/crypto_obj.dir/malloc-wrapper.c.o
#20 8.925 [  7%] Building C object ssl/CMakeFiles/ssl_obj.dir/ssl_kex.c.o
#20 8.968 [  7%] Building C object crypto/CMakeFiles/crypto_obj.dir/mem_clr.c.o
#20 8.975 [  7%] Building C object ssl/CMakeFiles/ssl_obj.dir/ssl_lib.c.o
#20 9.048 [  7%] Building C object crypto/CMakeFiles/crypto_obj.dir/mem_dbg.c.o
#20 9.057 [  7%] Building C object crypto/CMakeFiles/crypto_obj.dir/o_fips.c.o
#20 9.102 [  7%] Building C object ssl/CMakeFiles/ssl_obj.dir/ssl_methods.c.o
#20 9.155 [  7%] Building C object ssl/CMakeFiles/ssl_obj.dir/ssl_packet.c.o
#20 9.155 [  7%] Building C object crypto/CMakeFiles/crypto_obj.dir/o_init.c.o
#20 9.162 [  8%] Building C object ssl/CMakeFiles/ssl_obj.dir/ssl_pkt.c.o
#20 9.190 [  8%] Building C object ssl/CMakeFiles/ssl_obj.dir/ssl_rsa.c.o
#20 9.236 [  8%] Building C object crypto/CMakeFiles/crypto_obj.dir/o_str.c.o
#20 9.288 [  8%] Building C object crypto/CMakeFiles/crypto_obj.dir/o_time.c.o
#20 9.405 [  8%] Building C object crypto/CMakeFiles/crypto_obj.dir/aes/aes_cfb.c.o
#20 9.420 [  8%] Building C object ssl/CMakeFiles/ssl_obj.dir/ssl_sess.c.o
#20 9.448 [  9%] Building C object crypto/CMakeFiles/crypto_obj.dir/aes/aes_ctr.c.o
#20 9.463 [  9%] Building C object ssl/CMakeFiles/ssl_obj.dir/ssl_sigalgs.c.o
#20 9.484 [  9%] Building C object crypto/CMakeFiles/crypto_obj.dir/aes/aes_ecb.c.o
#20 9.519 [  9%] Building C object ssl/CMakeFiles/ssl_obj.dir/ssl_srvr.c.o
#20 9.563 [  9%] Building C object crypto/CMakeFiles/crypto_obj.dir/aes/aes_ige.c.o
#20 9.644 [  9%] Building C object ssl/CMakeFiles/ssl_obj.dir/ssl_stat.c.o
#20 9.712 [  9%] Building C object crypto/CMakeFiles/crypto_obj.dir/aes/aes_misc.c.o
#20 9.775 [  9%] Building C object ssl/CMakeFiles/ssl_obj.dir/ssl_tlsext.c.o
#20 9.802 [  9%] Building C object crypto/CMakeFiles/crypto_obj.dir/aes/aes_ofb.c.o
#20 9.829 [  9%] Building C object ssl/CMakeFiles/ssl_obj.dir/ssl_transcript.c.o
#20 9.838 [  9%] Building C object crypto/CMakeFiles/crypto_obj.dir/aes/aes_wrap.c.o
#20 9.867 [  9%] Building C object ssl/CMakeFiles/ssl_obj.dir/ssl_txt.c.o
#20 9.979 [  9%] Building C object crypto/CMakeFiles/crypto_obj.dir/asn1/a_bitstr.c.o
#20 10.03 [ 10%] Building C object ssl/CMakeFiles/ssl_obj.dir/ssl_versions.c.o
#20 10.04 [ 10%] Building C object ssl/CMakeFiles/ssl_obj.dir/t1_enc.c.o
#20 10.16 [ 10%] Building C object ssl/CMakeFiles/ssl_obj.dir/t1_lib.c.o
#20 10.19 [ 10%] Building C object ssl/CMakeFiles/ssl_obj.dir/tls_buffer.c.o
#20 10.33 [ 10%] Building C object crypto/CMakeFiles/crypto_obj.dir/asn1/a_enum.c.o
#20 10.34 [ 10%] Building C object ssl/CMakeFiles/ssl_obj.dir/tls_content.c.o
#20 10.37 [ 10%] Building C object ssl/CMakeFiles/ssl_obj.dir/tls_key_share.c.o
#20 10.44 [ 10%] Building C object ssl/CMakeFiles/ssl_obj.dir/tls12_key_schedule.c.o
#20 10.44 [ 10%] Building C object ssl/CMakeFiles/ssl_obj.dir/tls12_lib.c.o
#20 10.47 [ 10%] Building C object ssl/CMakeFiles/ssl_obj.dir/tls12_record_layer.c.o
#20 10.53 [ 11%] Building C object ssl/CMakeFiles/ssl_obj.dir/tls13_client.c.o
#20 10.61 [ 11%] Building C object crypto/CMakeFiles/crypto_obj.dir/asn1/a_int.c.o
#20 10.69 [ 11%] Building C object ssl/CMakeFiles/ssl_obj.dir/tls13_error.c.o
#20 10.75 [ 11%] Building C object ssl/CMakeFiles/ssl_obj.dir/tls13_handshake.c.o
#20 10.76 [ 11%] Building C object ssl/CMakeFiles/ssl_obj.dir/tls13_handshake_msg.c.o
#20 10.76 [ 11%] Building C object ssl/CMakeFiles/ssl_obj.dir/tls13_key_schedule.c.o
#20 10.82 [ 11%] Building C object ssl/CMakeFiles/ssl_obj.dir/tls13_legacy.c.o
#20 10.96 [ 11%] Building C object ssl/CMakeFiles/ssl_obj.dir/tls13_lib.c.o
#20 11.06 [ 11%] Building C object ssl/CMakeFiles/ssl_obj.dir/tls13_record.c.o
#20 11.07 [ 12%] Building C object crypto/CMakeFiles/crypto_obj.dir/asn1/a_mbstr.c.o
#20 11.15 [ 13%] Building C object ssl/CMakeFiles/ssl_obj.dir/tls13_record_layer.c.o
#20 11.15 [ 13%] Building C object ssl/CMakeFiles/ssl_obj.dir/tls13_server.c.o
#20 11.22 [ 13%] Building C object crypto/CMakeFiles/crypto_obj.dir/asn1/a_object.c.o
#20 11.22 [ 13%] Building C object crypto/CMakeFiles/crypto_obj.dir/asn1/a_octet.c.o
#20 11.28 [ 13%] Building C object crypto/CMakeFiles/crypto_obj.dir/asn1/a_pkey.c.o
#20 11.33 [ 13%] Building C object crypto/CMakeFiles/crypto_obj.dir/asn1/a_print.c.o
#20 11.36 [ 13%] Building C object crypto/CMakeFiles/crypto_obj.dir/asn1/a_pubkey.c.o
#20 11.37 [ 13%] Building C object crypto/CMakeFiles/crypto_obj.dir/asn1/a_strex.c.o
#20 11.43 [ 13%] Building C object crypto/CMakeFiles/crypto_obj.dir/asn1/a_string.c.o
#20 11.51 [ 13%] Building C object crypto/CMakeFiles/crypto_obj.dir/asn1/a_strnid.c.o
#20 11.54 [ 14%] Building C object crypto/CMakeFiles/crypto_obj.dir/asn1/a_time.c.o
#20 11.55 [ 14%] Building C object crypto/CMakeFiles/crypto_obj.dir/asn1/a_time_tm.c.o
#20 11.57 [ 14%] Building C object crypto/CMakeFiles/crypto_obj.dir/asn1/a_type.c.o
#20 11.71 [ 14%] Building C object crypto/CMakeFiles/crypto_obj.dir/asn1/a_utf8.c.o
#20 11.74 [ 14%] Building C object crypto/CMakeFiles/crypto_obj.dir/asn1/ameth_lib.c.o
#20 11.74 [ 14%] Building C object crypto/CMakeFiles/crypto_obj.dir/asn1/asn1_err.c.o
#20 11.81 [ 14%] Building C object crypto/CMakeFiles/crypto_obj.dir/asn1/asn1_gen.c.o
#20 11.82 [ 14%] Building C object crypto/CMakeFiles/crypto_obj.dir/asn1/asn1_item.c.o
#20 11.83 [ 14%] Building C object crypto/CMakeFiles/crypto_obj.dir/asn1/asn1_lib.c.o
#20 11.88 [ 15%] Building C object crypto/CMakeFiles/crypto_obj.dir/asn1/asn1_old.c.o
#20 11.89 [ 15%] Building C object crypto/CMakeFiles/crypto_obj.dir/asn1/asn1_old_lib.c.o
#20 11.90 [ 15%] Built target ssl_obj
#20 11.90 [ 15%] Building C object crypto/CMakeFiles/crypto_obj.dir/asn1/asn1_par.c.o
#20 11.90 [ 15%] Building C object crypto/CMakeFiles/crypto_obj.dir/asn1/asn1_types.c.o
#20 11.92 [ 15%] Building C object crypto/CMakeFiles/crypto_obj.dir/asn1/asn_mime.c.o
#20 12.03 [ 15%] Building C object crypto/CMakeFiles/crypto_obj.dir/asn1/asn_moid.c.o
#20 12.05 [ 15%] Building C object crypto/CMakeFiles/crypto_obj.dir/asn1/bio_asn1.c.o
#20 12.10 [ 15%] Building C object crypto/CMakeFiles/crypto_obj.dir/asn1/bio_ndef.c.o
#20 12.11 [ 15%] Building C object crypto/CMakeFiles/crypto_obj.dir/asn1/nsseq.c.o
#20 12.22 [ 16%] Building C object crypto/CMakeFiles/crypto_obj.dir/asn1/p5_pbe.c.o
#20 12.25 [ 16%] Building C object crypto/CMakeFiles/crypto_obj.dir/asn1/p5_pbev2.c.o
#20 12.27 [ 16%] Building C object crypto/CMakeFiles/crypto_obj.dir/asn1/p8_pkey.c.o
#20 12.31 [ 16%] Building C object crypto/CMakeFiles/crypto_obj.dir/asn1/t_crl.c.o
#20 12.31 [ 16%] Building C object crypto/CMakeFiles/crypto_obj.dir/asn1/t_pkey.c.o
#20 12.32 [ 16%] Building C object crypto/CMakeFiles/crypto_obj.dir/asn1/t_req.c.o
#20 12.33 [ 16%] Building C object crypto/CMakeFiles/crypto_obj.dir/asn1/t_spki.c.o
#20 12.47 [ 16%] Building C object crypto/CMakeFiles/crypto_obj.dir/asn1/t_x509.c.o
#20 12.48 [ 16%] Building C object crypto/CMakeFiles/crypto_obj.dir/asn1/t_x509a.c.o
#20 12.53 [ 17%] Building C object crypto/CMakeFiles/crypto_obj.dir/asn1/tasn_dec.c.o
#20 12.55 [ 17%] Building C object crypto/CMakeFiles/crypto_obj.dir/asn1/tasn_enc.c.o
#20 12.57 [ 17%] Building C object crypto/CMakeFiles/crypto_obj.dir/asn1/tasn_fre.c.o
#20 12.58 [ 17%] Building C object crypto/CMakeFiles/crypto_obj.dir/asn1/tasn_new.c.o
#20 12.58 [ 17%] Building C object crypto/CMakeFiles/crypto_obj.dir/asn1/tasn_prn.c.o
#20 12.67 [ 17%] Building C object crypto/CMakeFiles/crypto_obj.dir/asn1/tasn_typ.c.o
#20 12.73 [ 17%] Building C object crypto/CMakeFiles/crypto_obj.dir/asn1/tasn_utl.c.o
#20 12.78 [ 17%] Building C object crypto/CMakeFiles/crypto_obj.dir/asn1/x_algor.c.o
#20 12.85 [ 17%] Building C object crypto/CMakeFiles/crypto_obj.dir/asn1/x_attrib.c.o
#20 12.93 [ 18%] Building C object crypto/CMakeFiles/crypto_obj.dir/asn1/x_bignum.c.o
#20 12.93 [ 18%] Building C object crypto/CMakeFiles/crypto_obj.dir/asn1/x_crl.c.o
#20 12.96 [ 18%] Building C object crypto/CMakeFiles/crypto_obj.dir/asn1/x_exten.c.o
#20 13.01 [ 18%] Building C object crypto/CMakeFiles/crypto_obj.dir/asn1/x_info.c.o
#20 13.06 [ 18%] Building C object crypto/CMakeFiles/crypto_obj.dir/asn1/x_long.c.o
#20 13.07 [ 18%] Building C object crypto/CMakeFiles/crypto_obj.dir/asn1/x_name.c.o
#20 13.08 [ 18%] Building C object crypto/CMakeFiles/crypto_obj.dir/asn1/x_pkey.c.o
#20 13.10 [ 18%] Building C object crypto/CMakeFiles/crypto_obj.dir/asn1/x_pubkey.c.o
#20 13.10 [ 18%] Building C object crypto/CMakeFiles/crypto_obj.dir/asn1/x_req.c.o
#20 13.20 [ 19%] Building C object crypto/CMakeFiles/crypto_obj.dir/asn1/x_sig.c.o
#20 13.23 [ 19%] Building C object crypto/CMakeFiles/crypto_obj.dir/asn1/x_spki.c.o
#20 13.25 [ 19%] Building C object crypto/CMakeFiles/crypto_obj.dir/asn1/x_val.c.o
#20 13.32 [ 19%] Building C object crypto/CMakeFiles/crypto_obj.dir/asn1/x_x509.c.o
#20 13.36 [ 19%] Building C object crypto/CMakeFiles/crypto_obj.dir/asn1/x_x509a.c.o
#20 13.43 [ 19%] Building C object crypto/CMakeFiles/crypto_obj.dir/bf/bf_cfb64.c.o
#20 13.44 [ 19%] Building C object crypto/CMakeFiles/crypto_obj.dir/bf/bf_ecb.c.o
#20 13.47 [ 19%] Building C object crypto/CMakeFiles/crypto_obj.dir/bf/bf_enc.c.o
#20 13.48 [ 19%] Building C object crypto/CMakeFiles/crypto_obj.dir/bf/bf_ofb64.c.o
#20 13.49 [ 20%] Building C object crypto/CMakeFiles/crypto_obj.dir/bf/bf_skey.c.o
#20 13.50 [ 20%] Building C object crypto/CMakeFiles/crypto_obj.dir/bio/b_dump.c.o
#20 13.52 [ 20%] Building C object crypto/CMakeFiles/crypto_obj.dir/bio/b_print.c.o
#20 13.54 [ 20%] Building C object crypto/CMakeFiles/crypto_obj.dir/bio/b_sock.c.o
#20 13.55 [ 20%] Building C object crypto/CMakeFiles/crypto_obj.dir/bio/bf_buff.c.o
#20 13.62 [ 20%] Building C object crypto/CMakeFiles/crypto_obj.dir/bio/bf_nbio.c.o
#20 13.64 [ 20%] Building C object crypto/CMakeFiles/crypto_obj.dir/bio/bf_null.c.o
#20 13.64 [ 20%] Building C object crypto/CMakeFiles/crypto_obj.dir/bio/bio_cb.c.o
#20 13.67 [ 20%] Building C object crypto/CMakeFiles/crypto_obj.dir/bio/bio_err.c.o
#20 13.69 [ 21%] Building C object crypto/CMakeFiles/crypto_obj.dir/bio/bio_lib.c.o
#20 13.74 [ 21%] Building C object crypto/CMakeFiles/crypto_obj.dir/bio/bio_meth.c.o
#20 13.77 [ 21%] Building C object crypto/CMakeFiles/crypto_obj.dir/bio/bss_acpt.c.o
#20 13.77 [ 21%] Building C object crypto/CMakeFiles/crypto_obj.dir/bio/bss_bio.c.o
#20 13.77 [ 21%] Building C object crypto/CMakeFiles/crypto_obj.dir/bio/bss_conn.c.o
#20 13.78 [ 21%] Building C object crypto/CMakeFiles/crypto_obj.dir/bio/bss_dgram.c.o
#20 13.79 [ 21%] Building C object crypto/CMakeFiles/crypto_obj.dir/bio/bss_fd.c.o
#20 13.88 [ 21%] Building C object crypto/CMakeFiles/crypto_obj.dir/bio/bss_file.c.o
#20 13.88 [ 21%] Building C object crypto/CMakeFiles/crypto_obj.dir/bio/bss_mem.c.o
#20 13.99 [ 22%] Building C object crypto/CMakeFiles/crypto_obj.dir/bio/bss_null.c.o
#20 14.00 [ 22%] Building C object crypto/CMakeFiles/crypto_obj.dir/bio/bss_sock.c.o
#20 14.08 [ 22%] Building C object crypto/CMakeFiles/crypto_obj.dir/bn/bn_add.c.o
#20 14.08 [ 22%] Building C object crypto/CMakeFiles/crypto_obj.dir/bn/bn_asm.c.o
#20 14.08 [ 22%] Building C object crypto/CMakeFiles/crypto_obj.dir/bn/bn_blind.c.o
#20 14.09 [ 22%] Building C object crypto/CMakeFiles/crypto_obj.dir/bn/bn_const.c.o
#20 14.09 [ 22%] Building C object crypto/CMakeFiles/crypto_obj.dir/bn/bn_ctx.c.o
#20 14.12 [ 22%] Building C object crypto/CMakeFiles/crypto_obj.dir/bn/bn_depr.c.o
#20 14.14 [ 22%] Building C object crypto/CMakeFiles/crypto_obj.dir/bn/bn_div.c.o
#20 14.19 [ 23%] Building C object crypto/CMakeFiles/crypto_obj.dir/bn/bn_err.c.o
#20 14.24 [ 23%] Building C object crypto/CMakeFiles/crypto_obj.dir/bn/bn_exp.c.o
#20 14.25 [ 23%] Building C object crypto/CMakeFiles/crypto_obj.dir/bn/bn_exp2.c.o
#20 14.30 [ 23%] Building C object crypto/CMakeFiles/crypto_obj.dir/bn/bn_gcd.c.o
#20 14.32 [ 23%] Building C object crypto/CMakeFiles/crypto_obj.dir/bn/bn_gf2m.c.o
#20 14.32 [ 23%] Building C object crypto/CMakeFiles/crypto_obj.dir/bn/bn_kron.c.o
#20 14.38 [ 23%] Building C object crypto/CMakeFiles/crypto_obj.dir/bn/bn_lib.c.o
#20 14.39 [ 23%] Building C object crypto/CMakeFiles/crypto_obj.dir/bn/bn_mod.c.o
#20 14.48 [ 23%] Building C object crypto/CMakeFiles/crypto_obj.dir/bn/bn_mont.c.o
#20 14.51 [ 24%] Building C object crypto/CMakeFiles/crypto_obj.dir/bn/bn_mpi.c.o
#20 14.60 [ 24%] Building C object crypto/CMakeFiles/crypto_obj.dir/bn/bn_mul.c.o
#20 14.66 [ 24%] Building C object crypto/CMakeFiles/crypto_obj.dir/bn/bn_nist.c.o
#20 14.69 [ 24%] Building C object crypto/CMakeFiles/crypto_obj.dir/bn/bn_prime.c.o
#20 14.78 [ 24%] Building C object crypto/CMakeFiles/crypto_obj.dir/bn/bn_print.c.o
#20 15.06 [ 24%] Building C object crypto/CMakeFiles/crypto_obj.dir/bn/bn_recp.c.o
#20 15.06 [ 24%] Building C object crypto/CMakeFiles/crypto_obj.dir/bn/bn_rand.c.o
#20 15.10 [ 24%] Building C object crypto/CMakeFiles/crypto_obj.dir/bn/bn_shift.c.o
#20 15.14 [ 24%] Building C object crypto/CMakeFiles/crypto_obj.dir/bn/bn_sqr.c.o
#20 15.16 [ 25%] Building C object crypto/CMakeFiles/crypto_obj.dir/bn/bn_sqrt.c.o
#20 15.18 [ 25%] Building C object crypto/CMakeFiles/crypto_obj.dir/bn/bn_word.c.o
#20 15.23 [ 25%] Building C object crypto/CMakeFiles/crypto_obj.dir/bn/bn_x931p.c.o
#20 15.23 [ 25%] Building C object crypto/CMakeFiles/crypto_obj.dir/buffer/buf_err.c.o
#20 15.26 [ 25%] Building C object crypto/CMakeFiles/crypto_obj.dir/buffer/buf_str.c.o
#20 15.28 [ 25%] Building C object crypto/CMakeFiles/crypto_obj.dir/buffer/buffer.c.o
#20 15.33 [ 25%] Building C object crypto/CMakeFiles/crypto_obj.dir/bytestring/bs_ber.c.o
#20 15.34 [ 25%] Building C object crypto/CMakeFiles/crypto_obj.dir/bytestring/bs_cbb.c.o
#20 15.39 [ 25%] Building C object crypto/CMakeFiles/crypto_obj.dir/bytestring/bs_cbs.c.o
#20 15.40 [ 26%] Building C object crypto/CMakeFiles/crypto_obj.dir/camellia/cmll_cfb.c.o
#20 15.41 [ 26%] Building C object crypto/CMakeFiles/crypto_obj.dir/camellia/cmll_ctr.c.o
#20 15.43 [ 26%] Building C object crypto/CMakeFiles/crypto_obj.dir/camellia/cmll_ecb.c.o
#20 15.44 [ 26%] Building C object crypto/CMakeFiles/crypto_obj.dir/camellia/cmll_misc.c.o
#20 15.45 [ 26%] Building C object crypto/CMakeFiles/crypto_obj.dir/camellia/cmll_ofb.c.o
#20 15.47 [ 26%] Building C object crypto/CMakeFiles/crypto_obj.dir/cast/c_cfb64.c.o
#20 15.47 [ 26%] Building C object crypto/CMakeFiles/crypto_obj.dir/cast/c_ecb.c.o
#20 15.47 [ 26%] Building C object crypto/CMakeFiles/crypto_obj.dir/cast/c_enc.c.o
#20 15.47 [ 26%] Building C object crypto/CMakeFiles/crypto_obj.dir/cast/c_ofb64.c.o
#20 15.49 [ 27%] Building C object crypto/CMakeFiles/crypto_obj.dir/cast/c_skey.c.o
#20 15.52 [ 27%] Building C object crypto/CMakeFiles/crypto_obj.dir/chacha/chacha.c.o
#20 15.55 [ 27%] Building C object crypto/CMakeFiles/crypto_obj.dir/cmac/cm_ameth.c.o
#20 15.55 [ 27%] Building C object crypto/CMakeFiles/crypto_obj.dir/cmac/cm_pmeth.c.o
#20 15.55 [ 27%] Building C object crypto/CMakeFiles/crypto_obj.dir/cmac/cmac.c.o
#20 15.71 [ 27%] Building C object crypto/CMakeFiles/crypto_obj.dir/cms/cms_asn1.c.o
#20 15.72 [ 27%] Building C object crypto/CMakeFiles/crypto_obj.dir/cms/cms_att.c.o
#20 15.80 [ 27%] Building C object crypto/CMakeFiles/crypto_obj.dir/cms/cms_cd.c.o
#20 15.83 [ 27%] Building C object crypto/CMakeFiles/crypto_obj.dir/cms/cms_dd.c.o
#20 15.87 [ 28%] Building C object crypto/CMakeFiles/crypto_obj.dir/cms/cms_enc.c.o
#20 15.91 [ 28%] Building C object crypto/CMakeFiles/crypto_obj.dir/cms/cms_env.c.o
#20 15.93 [ 28%] Building C object crypto/CMakeFiles/crypto_obj.dir/cms/cms_err.c.o
#20 16.04 [ 28%] Building C object crypto/CMakeFiles/crypto_obj.dir/cms/cms_ess.c.o
#20 16.05 [ 28%] Building C object crypto/CMakeFiles/crypto_obj.dir/cms/cms_io.c.o
#20 16.07 [ 28%] Building C object crypto/CMakeFiles/crypto_obj.dir/cms/cms_kari.c.o
#20 16.13 [ 28%] Building C object crypto/CMakeFiles/crypto_obj.dir/cms/cms_lib.c.o
#20 16.14 [ 28%] Building C object crypto/CMakeFiles/crypto_obj.dir/cms/cms_pwri.c.o
#20 16.20 [ 28%] Building C object crypto/CMakeFiles/crypto_obj.dir/cms/cms_sd.c.o
#20 16.24 [ 29%] Building C object crypto/CMakeFiles/crypto_obj.dir/cms/cms_smime.c.o
#20 16.36 [ 29%] Building C object crypto/CMakeFiles/crypto_obj.dir/comp/c_rle.c.o
#20 16.42 [ 29%] Building C object crypto/CMakeFiles/crypto_obj.dir/comp/c_zlib.c.o
#20 16.50 [ 29%] Building C object crypto/CMakeFiles/crypto_obj.dir/comp/comp_err.c.o
#20 16.51 [ 29%] Building C object crypto/CMakeFiles/crypto_obj.dir/comp/comp_lib.c.o
#20 16.51 [ 29%] Building C object crypto/CMakeFiles/crypto_obj.dir/conf/conf_api.c.o
#20 16.54 [ 29%] Building C object crypto/CMakeFiles/crypto_obj.dir/conf/conf_def.c.o
#20 16.58 [ 29%] Building C object crypto/CMakeFiles/crypto_obj.dir/conf/conf_err.c.o
#20 16.61 [ 29%] Building C object crypto/CMakeFiles/crypto_obj.dir/conf/conf_lib.c.o
#20 16.66 [ 30%] Building C object crypto/CMakeFiles/crypto_obj.dir/conf/conf_mall.c.o
#20 16.68 [ 30%] Building C object crypto/CMakeFiles/crypto_obj.dir/conf/conf_mod.c.o
#20 16.70 [ 30%] Building C object crypto/CMakeFiles/crypto_obj.dir/conf/conf_sap.c.o
#20 16.73 [ 30%] Building C object crypto/CMakeFiles/crypto_obj.dir/ct/ct_b64.c.o
#20 16.86 [ 30%] Building C object crypto/CMakeFiles/crypto_obj.dir/ct/ct_err.c.o
#20 16.89 [ 30%] Building C object crypto/CMakeFiles/crypto_obj.dir/ct/ct_log.c.o
#20 16.90 [ 30%] Building C object crypto/CMakeFiles/crypto_obj.dir/ct/ct_oct.c.o
#20 16.97 [ 30%] Building C object crypto/CMakeFiles/crypto_obj.dir/ct/ct_policy.c.o
#20 16.98 [ 30%] Building C object crypto/CMakeFiles/crypto_obj.dir/ct/ct_prn.c.o
#20 16.99 [ 31%] Building C object crypto/CMakeFiles/crypto_obj.dir/ct/ct_sct.c.o
#20 17.05 [ 31%] Building C object crypto/CMakeFiles/crypto_obj.dir/ct/ct_sct_ctx.c.o
#20 17.07 [ 31%] Building C object crypto/CMakeFiles/crypto_obj.dir/ct/ct_vfy.c.o
#20 17.17 [ 31%] Building C object crypto/CMakeFiles/crypto_obj.dir/ct/ct_x509v3.c.o
#20 17.22 [ 31%] Building C object crypto/CMakeFiles/crypto_obj.dir/curve25519/curve25519-generic.c.o
#20 17.25 [ 31%] Building C object crypto/CMakeFiles/crypto_obj.dir/curve25519/curve25519.c.o
#20 17.27 [ 31%] Building C object crypto/CMakeFiles/crypto_obj.dir/des/cbc_cksm.c.o
#20 17.30 [ 31%] Building C object crypto/CMakeFiles/crypto_obj.dir/des/cbc_enc.c.o
#20 17.33 [ 31%] Building C object crypto/CMakeFiles/crypto_obj.dir/des/cfb64ede.c.o
#20 17.37 [ 32%] Building C object crypto/CMakeFiles/crypto_obj.dir/des/cfb64enc.c.o
#20 17.39 [ 32%] Building C object crypto/CMakeFiles/crypto_obj.dir/des/cfb_enc.c.o
#20 17.41 [ 32%] Building C object crypto/CMakeFiles/crypto_obj.dir/des/des_enc.c.o
#20 17.47 [ 32%] Building C object crypto/CMakeFiles/crypto_obj.dir/des/ecb3_enc.c.o
#20 17.51 [ 32%] Building C object crypto/CMakeFiles/crypto_obj.dir/des/ecb_enc.c.o
#20 17.57 [ 32%] Building C object crypto/CMakeFiles/crypto_obj.dir/des/ede_cbcm_enc.c.o
#20 17.60 [ 32%] Building C object crypto/CMakeFiles/crypto_obj.dir/des/enc_read.c.o
#20 17.67 [ 32%] Building C object crypto/CMakeFiles/crypto_obj.dir/des/enc_writ.c.o
#20 17.71 [ 32%] Building C object crypto/CMakeFiles/crypto_obj.dir/des/fcrypt.c.o
#20 17.72 [ 33%] Building C object crypto/CMakeFiles/crypto_obj.dir/des/fcrypt_b.c.o
#20 17.74 [ 33%] Building C object crypto/CMakeFiles/crypto_obj.dir/des/ofb64ede.c.o
#20 17.85 [ 33%] Building C object crypto/CMakeFiles/crypto_obj.dir/des/ofb64enc.c.o
#20 17.87 [ 33%] Building C object crypto/CMakeFiles/crypto_obj.dir/des/ofb_enc.c.o
#20 17.90 [ 33%] Building C object crypto/CMakeFiles/crypto_obj.dir/des/pcbc_enc.c.o
#20 17.96 [ 33%] Building C object crypto/CMakeFiles/crypto_obj.dir/des/qud_cksm.c.o
#20 17.98 [ 33%] Building C object crypto/CMakeFiles/crypto_obj.dir/des/rand_key.c.o
#20 18.04 [ 33%] Building C object crypto/CMakeFiles/crypto_obj.dir/des/set_key.c.o
#20 18.07 [ 33%] Building C object crypto/CMakeFiles/crypto_obj.dir/des/str2key.c.o
#20 18.12 [ 34%] Building C object crypto/CMakeFiles/crypto_obj.dir/des/xcbc_enc.c.o
#20 18.17 [ 34%] Building C object crypto/CMakeFiles/crypto_obj.dir/dh/dh_ameth.c.o
#20 18.17 [ 34%] Building C object crypto/CMakeFiles/crypto_obj.dir/dh/dh_asn1.c.o
#20 18.20 [ 34%] Building C object crypto/CMakeFiles/crypto_obj.dir/dh/dh_check.c.o
#20 18.32 [ 34%] Building C object crypto/CMakeFiles/crypto_obj.dir/dh/dh_depr.c.o
#20 18.34 [ 34%] Building C object crypto/CMakeFiles/crypto_obj.dir/dh/dh_err.c.o
#20 18.39 [ 34%] Building C object crypto/CMakeFiles/crypto_obj.dir/dh/dh_gen.c.o
#20 18.42 [ 34%] Building C object crypto/CMakeFiles/crypto_obj.dir/dh/dh_key.c.o
#20 18.42 [ 34%] Building C object crypto/CMakeFiles/crypto_obj.dir/dh/dh_lib.c.o
#20 18.44 [ 35%] Building C object crypto/CMakeFiles/crypto_obj.dir/dh/dh_pmeth.c.o
#20 18.45 [ 35%] Building C object crypto/CMakeFiles/crypto_obj.dir/dh/dh_prn.c.o
#20 18.47 [ 35%] Building C object crypto/CMakeFiles/crypto_obj.dir/dsa/dsa_ameth.c.o
#20 18.55 [ 35%] Building C object crypto/CMakeFiles/crypto_obj.dir/dsa/dsa_asn1.c.o
#20 18.56 [ 35%] Building C object crypto/CMakeFiles/crypto_obj.dir/dsa/dsa_depr.c.o
#20 18.61 [ 35%] Building C object crypto/CMakeFiles/crypto_obj.dir/dsa/dsa_err.c.o
#20 18.63 [ 35%] Building C object crypto/CMakeFiles/crypto_obj.dir/dsa/dsa_gen.c.o
#20 18.74 [ 35%] Building C object crypto/CMakeFiles/crypto_obj.dir/dsa/dsa_key.c.o
#20 18.74 [ 35%] Building C object crypto/CMakeFiles/crypto_obj.dir/dsa/dsa_lib.c.o
#20 18.75 [ 35%] Building C object crypto/CMakeFiles/crypto_obj.dir/dsa/dsa_meth.c.o
#20 18.78 [ 36%] Building C object crypto/CMakeFiles/crypto_obj.dir/dsa/dsa_ossl.c.o
#20 18.78 [ 36%] Building C object crypto/CMakeFiles/crypto_obj.dir/dsa/dsa_pmeth.c.o
#20 18.89 [ 36%] Building C object crypto/CMakeFiles/crypto_obj.dir/dsa/dsa_prn.c.o
#20 18.91 [ 36%] Building C object crypto/CMakeFiles/crypto_obj.dir/dsa/dsa_sign.c.o
#20 18.97 [ 36%] Building C object crypto/CMakeFiles/crypto_obj.dir/dsa/dsa_vrf.c.o
#20 19.00 [ 36%] Building C object crypto/CMakeFiles/crypto_obj.dir/dso/dso_dlfcn.c.o
#20 19.04 [ 36%] Building C object crypto/CMakeFiles/crypto_obj.dir/dso/dso_err.c.o
#20 19.06 [ 36%] Building C object crypto/CMakeFiles/crypto_obj.dir/dso/dso_lib.c.o
#20 19.09 [ 36%] Building C object crypto/CMakeFiles/crypto_obj.dir/dso/dso_null.c.o
#20 19.09 [ 37%] Building C object crypto/CMakeFiles/crypto_obj.dir/dso/dso_openssl.c.o
#20 19.12 [ 37%] Building C object crypto/CMakeFiles/crypto_obj.dir/ec/ec2_mult.c.o
#20 19.12 [ 37%] Building C object crypto/CMakeFiles/crypto_obj.dir/ec/ec2_oct.c.o
#20 19.13 [ 37%] Building C object crypto/CMakeFiles/crypto_obj.dir/ec/ec2_smpl.c.o
#20 19.16 [ 37%] Building C object crypto/CMakeFiles/crypto_obj.dir/ec/ec_ameth.c.o
#20 19.19 [ 37%] Building C object crypto/CMakeFiles/crypto_obj.dir/ec/ec_asn1.c.o
#20 19.19 [ 37%] Building C object crypto/CMakeFiles/crypto_obj.dir/ec/ec_check.c.o
#20 19.33 [ 37%] Building C object crypto/CMakeFiles/crypto_obj.dir/ec/ec_curve.c.o
#20 19.36 [ 37%] Building C object crypto/CMakeFiles/crypto_obj.dir/ec/ec_cvt.c.o
#20 19.38 [ 38%] Building C object crypto/CMakeFiles/crypto_obj.dir/ec/ec_err.c.o
#20 19.41 [ 38%] Building C object crypto/CMakeFiles/crypto_obj.dir/ec/ec_key.c.o
#20 19.46 [ 38%] Building C object crypto/CMakeFiles/crypto_obj.dir/ec/ec_kmeth.c.o
#20 19.53 [ 38%] Building C object crypto/CMakeFiles/crypto_obj.dir/ec/ec_lib.c.o
#20 19.55 [ 38%] Building C object crypto/CMakeFiles/crypto_obj.dir/ec/ec_mult.c.o
#20 19.57 [ 38%] Building C object crypto/CMakeFiles/crypto_obj.dir/ec/ec_oct.c.o
#20 19.75 [ 38%] Building C object crypto/CMakeFiles/crypto_obj.dir/ec/ec_pmeth.c.o
#20 19.78 [ 38%] Building C object crypto/CMakeFiles/crypto_obj.dir/ec/ec_print.c.o
#20 19.79 [ 38%] Building C object crypto/CMakeFiles/crypto_obj.dir/ec/eck_prn.c.o
#20 19.81 [ 39%] Building C object crypto/CMakeFiles/crypto_obj.dir/ec/ecp_mont.c.o
#20 19.88 [ 39%] Building C object crypto/CMakeFiles/crypto_obj.dir/ec/ecp_nist.c.o
#20 19.89 [ 39%] Building C object crypto/CMakeFiles/crypto_obj.dir/ec/ecp_oct.c.o
#20 20.00 [ 39%] Building C object crypto/CMakeFiles/crypto_obj.dir/ec/ecp_smpl.c.o
#20 20.04 [ 39%] Building C object crypto/CMakeFiles/crypto_obj.dir/ecdh/ecdh_kdf.c.o
#20 20.10 [ 39%] Building C object crypto/CMakeFiles/crypto_obj.dir/ecdh/ech_err.c.o
#20 20.11 [ 39%] Building C object crypto/CMakeFiles/crypto_obj.dir/ecdh/ech_key.c.o
#20 20.15 [ 39%] Building C object crypto/CMakeFiles/crypto_obj.dir/ecdh/ech_lib.c.o
#20 20.19 [ 39%] Building C object crypto/CMakeFiles/crypto_obj.dir/ecdsa/ecs_asn1.c.o
#20 20.20 [ 40%] Building C object crypto/CMakeFiles/crypto_obj.dir/ecdsa/ecs_err.c.o
#20 20.24 [ 40%] Building C object crypto/CMakeFiles/crypto_obj.dir/ecdsa/ecs_lib.c.o
#20 20.25 [ 40%] Building C object crypto/CMakeFiles/crypto_obj.dir/ecdsa/ecs_ossl.c.o
#20 20.25 [ 40%] Building C object crypto/CMakeFiles/crypto_obj.dir/ecdsa/ecs_sign.c.o
#20 20.34 [ 40%] Building C object crypto/CMakeFiles/crypto_obj.dir/ecdsa/ecs_vrf.c.o
#20 20.35 [ 40%] Building C object crypto/CMakeFiles/crypto_obj.dir/engine/eng_all.c.o
#20 20.36 [ 40%] Building C object crypto/CMakeFiles/crypto_obj.dir/engine/eng_cnf.c.o
#20 20.46 [ 40%] Building C object crypto/CMakeFiles/crypto_obj.dir/engine/eng_ctrl.c.o
#20 20.53 [ 40%] Building C object crypto/CMakeFiles/crypto_obj.dir/engine/eng_dyn.c.o
#20 20.55 [ 41%] Building C object crypto/CMakeFiles/crypto_obj.dir/engine/eng_err.c.o
#20 20.59 [ 41%] Building C object crypto/CMakeFiles/crypto_obj.dir/engine/eng_fat.c.o
#20 20.61 [ 41%] Building C object crypto/CMakeFiles/crypto_obj.dir/engine/eng_init.c.o
#20 20.61 [ 41%] Building C object crypto/CMakeFiles/crypto_obj.dir/engine/eng_lib.c.o
#20 20.72 [ 41%] Building C object crypto/CMakeFiles/crypto_obj.dir/engine/eng_list.c.o
#20 20.77 [ 41%] Building C object crypto/CMakeFiles/crypto_obj.dir/engine/eng_openssl.c.o
#20 20.80 [ 41%] Building C object crypto/CMakeFiles/crypto_obj.dir/engine/eng_pkey.c.o
#20 20.84 [ 41%] Building C object crypto/CMakeFiles/crypto_obj.dir/engine/eng_table.c.o
#20 20.88 [ 41%] Building C object crypto/CMakeFiles/crypto_obj.dir/engine/tb_asnmth.c.o
#20 20.91 [ 42%] Building C object crypto/CMakeFiles/crypto_obj.dir/engine/tb_cipher.c.o
#20 20.91 [ 42%] Building C object crypto/CMakeFiles/crypto_obj.dir/engine/tb_dh.c.o
#20 20.96 [ 42%] Building C object crypto/CMakeFiles/crypto_obj.dir/engine/tb_digest.c.o
#20 21.08 [ 42%] Building C object crypto/CMakeFiles/crypto_obj.dir/engine/tb_dsa.c.o
#20 21.08 [ 42%] Building C object crypto/CMakeFiles/crypto_obj.dir/engine/tb_ecdh.c.o
#20 21.09 [ 42%] Building C object crypto/CMakeFiles/crypto_obj.dir/engine/tb_ecdsa.c.o
#20 21.17 [ 42%] Building C object crypto/CMakeFiles/crypto_obj.dir/engine/tb_eckey.c.o
#20 21.17 [ 42%] Building C object crypto/CMakeFiles/crypto_obj.dir/engine/tb_pkmeth.c.o
#20 21.19 [ 42%] Building C object crypto/CMakeFiles/crypto_obj.dir/engine/tb_rand.c.o
#20 21.22 [ 43%] Building C object crypto/CMakeFiles/crypto_obj.dir/engine/tb_rsa.c.o
#20 21.24 [ 43%] Building C object crypto/CMakeFiles/crypto_obj.dir/engine/tb_store.c.o
#20 21.33 [ 43%] Building C object crypto/CMakeFiles/crypto_obj.dir/err/err.c.o
#20 21.34 [ 43%] Building C object crypto/CMakeFiles/crypto_obj.dir/err/err_all.c.o
#20 21.36 [ 43%] Building C object crypto/CMakeFiles/crypto_obj.dir/err/err_prn.c.o
#20 21.43 [ 43%] Building C object crypto/CMakeFiles/crypto_obj.dir/evp/bio_b64.c.o
#20 21.45 [ 43%] Building C object crypto/CMakeFiles/crypto_obj.dir/evp/bio_enc.c.o
#20 21.46 [ 43%] Building C object crypto/CMakeFiles/crypto_obj.dir/evp/bio_md.c.o
#20 21.49 [ 43%] Building C object crypto/CMakeFiles/crypto_obj.dir/evp/c_all.c.o
#20 21.50 [ 44%] Building C object crypto/CMakeFiles/crypto_obj.dir/evp/digest.c.o
#20 21.51 [ 44%] Building C object crypto/CMakeFiles/crypto_obj.dir/evp/e_aes.c.o
#20 21.67 [ 44%] Building C object crypto/CMakeFiles/crypto_obj.dir/evp/e_aes_cbc_hmac_sha1.c.o
#20 21.68 [ 44%] Building C object crypto/CMakeFiles/crypto_obj.dir/evp/e_bf.c.o
#20 21.73 [ 44%] Building C object crypto/CMakeFiles/crypto_obj.dir/evp/e_camellia.c.o
#20 21.76 [ 44%] Building C object crypto/CMakeFiles/crypto_obj.dir/evp/e_cast.c.o
#20 21.89 [ 44%] Building C object crypto/CMakeFiles/crypto_obj.dir/evp/e_chacha.c.o
#20 21.91 [ 44%] Building C object crypto/CMakeFiles/crypto_obj.dir/evp/e_chacha20poly1305.c.o
#20 21.97 [ 44%] Building C object crypto/CMakeFiles/crypto_obj.dir/evp/e_des.c.o
#20 21.98 [ 45%] Building C object crypto/CMakeFiles/crypto_obj.dir/evp/e_des3.c.o
#20 22.04 [ 45%] Building C object crypto/CMakeFiles/crypto_obj.dir/evp/e_gost2814789.c.o
#20 22.06 [ 45%] Building C object crypto/CMakeFiles/crypto_obj.dir/evp/e_idea.c.o
#20 22.14 [ 45%] Building C object crypto/CMakeFiles/crypto_obj.dir/evp/e_null.c.o
#20 22.15 [ 45%] Building C object crypto/CMakeFiles/crypto_obj.dir/evp/e_old.c.o
#20 22.21 [ 45%] Building C object crypto/CMakeFiles/crypto_obj.dir/evp/e_rc2.c.o
#20 22.24 [ 45%] Building C object crypto/CMakeFiles/crypto_obj.dir/evp/e_rc4.c.o
#20 22.26 [ 45%] Building C object crypto/CMakeFiles/crypto_obj.dir/evp/e_rc4_hmac_md5.c.o
#20 22.27 [ 45%] Building C object crypto/CMakeFiles/crypto_obj.dir/evp/e_sm4.c.o
#20 22.30 [ 46%] Building C object crypto/CMakeFiles/crypto_obj.dir/evp/e_xcbc_d.c.o
#20 22.31 [ 46%] Building C object crypto/CMakeFiles/crypto_obj.dir/evp/encode.c.o
#20 22.32 [ 46%] Building C object crypto/CMakeFiles/crypto_obj.dir/evp/evp_aead.c.o
#20 22.32 [ 46%] Building C object crypto/CMakeFiles/crypto_obj.dir/evp/evp_enc.c.o
#20 22.41 [ 46%] Building C object crypto/CMakeFiles/crypto_obj.dir/evp/evp_err.c.o
#20 22.47 [ 46%] Building C object crypto/CMakeFiles/crypto_obj.dir/evp/evp_key.c.o
#20 22.49 [ 46%] Building C object crypto/CMakeFiles/crypto_obj.dir/evp/evp_lib.c.o
#20 22.50 [ 46%] Building C object crypto/CMakeFiles/crypto_obj.dir/evp/evp_pbe.c.o
#20 22.51 [ 46%] Building C object crypto/CMakeFiles/crypto_obj.dir/evp/evp_pkey.c.o
#20 22.53 [ 47%] Building C object crypto/CMakeFiles/crypto_obj.dir/evp/m_gost2814789.c.o
#20 22.60 [ 47%] Building C object crypto/CMakeFiles/crypto_obj.dir/evp/m_gostr341194.c.o
#20 22.72 [ 47%] Building C object crypto/CMakeFiles/crypto_obj.dir/evp/m_md4.c.o
#20 22.73 [ 47%] Building C object crypto/CMakeFiles/crypto_obj.dir/evp/m_md5.c.o
#20 22.79 [ 47%] Building C object crypto/CMakeFiles/crypto_obj.dir/evp/m_md5_sha1.c.o
#20 22.80 [ 47%] Building C object crypto/CMakeFiles/crypto_obj.dir/evp/m_null.c.o
#20 22.80 [ 47%] Building C object crypto/CMakeFiles/crypto_obj.dir/evp/m_ripemd.c.o
#20 22.83 [ 47%] Building C object crypto/CMakeFiles/crypto_obj.dir/evp/m_sha1.c.o
#20 22.84 [ 47%] Building C object crypto/CMakeFiles/crypto_obj.dir/evp/m_sigver.c.o
#20 22.91 [ 48%] Building C object crypto/CMakeFiles/crypto_obj.dir/evp/m_streebog.c.o
#20 22.96 [ 48%] Building C object crypto/CMakeFiles/crypto_obj.dir/evp/m_sm3.c.o
#20 22.97 [ 48%] Building C object crypto/CMakeFiles/crypto_obj.dir/evp/m_wp.c.o
#20 22.98 [ 48%] Building C object crypto/CMakeFiles/crypto_obj.dir/evp/names.c.o
#20 23.03 [ 48%] Building C object crypto/CMakeFiles/crypto_obj.dir/evp/p5_crpt.c.o
#20 23.04 [ 48%] Building C object crypto/CMakeFiles/crypto_obj.dir/evp/p5_crpt2.c.o
#20 23.04 [ 48%] Building C object crypto/CMakeFiles/crypto_obj.dir/evp/p_dec.c.o
#20 23.10 [ 48%] Building C object crypto/CMakeFiles/crypto_obj.dir/evp/p_enc.c.o
#20 23.13 [ 48%] Building C object crypto/CMakeFiles/crypto_obj.dir/evp/p_lib.c.o
#20 23.14 [ 49%] Building C object crypto/CMakeFiles/crypto_obj.dir/evp/p_open.c.o
#20 23.21 [ 49%] Building C object crypto/CMakeFiles/crypto_obj.dir/evp/p_seal.c.o
#20 23.27 [ 49%] Building C object crypto/CMakeFiles/crypto_obj.dir/evp/p_sign.c.o
#20 23.28 [ 49%] Building C object crypto/CMakeFiles/crypto_obj.dir/evp/p_verify.c.o
#20 23.32 [ 49%] Building C object crypto/CMakeFiles/crypto_obj.dir/evp/pmeth_fn.c.o
#20 23.34 [ 49%] Building C object crypto/CMakeFiles/crypto_obj.dir/evp/pmeth_gn.c.o
#20 23.40 [ 49%] Building C object crypto/CMakeFiles/crypto_obj.dir/evp/pmeth_lib.c.o
#20 23.40 [ 49%] Building C object crypto/CMakeFiles/crypto_obj.dir/gost/gost2814789.c.o
#20 23.46 [ 49%] Building C object crypto/CMakeFiles/crypto_obj.dir/gost/gost89_keywrap.c.o
#20 23.51 [ 50%] Building C object crypto/CMakeFiles/crypto_obj.dir/gost/gost89_params.c.o
#20 23.52 [ 50%] Building C object crypto/CMakeFiles/crypto_obj.dir/gost/gost89imit_ameth.c.o
#20 23.60 [ 50%] Building C object crypto/CMakeFiles/crypto_obj.dir/gost/gost89imit_pmeth.c.o
#20 23.61 [ 50%] Building C object crypto/CMakeFiles/crypto_obj.dir/gost/gost_asn1.c.o
#20 23.64 [ 50%] Building C object crypto/CMakeFiles/crypto_obj.dir/gost/gost_err.c.o
#20 23.66 [ 50%] Building C object crypto/CMakeFiles/crypto_obj.dir/gost/gostr341001.c.o
#20 23.69 [ 50%] Building C object crypto/CMakeFiles/crypto_obj.dir/gost/gostr341001_ameth.c.o
#20 23.72 [ 50%] Building C object crypto/CMakeFiles/crypto_obj.dir/gost/gostr341001_key.c.o
#20 23.80 [ 50%] Building C object crypto/CMakeFiles/crypto_obj.dir/gost/gostr341001_params.c.o
#20 23.85 [ 51%] Building C object crypto/CMakeFiles/crypto_obj.dir/gost/gostr341001_pmeth.c.o
#20 23.89 [ 51%] Building C object crypto/CMakeFiles/crypto_obj.dir/gost/gostr341194.c.o
#20 23.93 [ 51%] Building C object crypto/CMakeFiles/crypto_obj.dir/gost/streebog.c.o
#20 23.99 [ 51%] Building C object crypto/CMakeFiles/crypto_obj.dir/hkdf/hkdf.c.o
#20 23.99 [ 51%] Building C object crypto/CMakeFiles/crypto_obj.dir/hmac/hm_ameth.c.o
#20 24.03 [ 51%] Building C object crypto/CMakeFiles/crypto_obj.dir/hmac/hm_pmeth.c.o
#20 24.17 [ 51%] Building C object crypto/CMakeFiles/crypto_obj.dir/hmac/hmac.c.o
#20 24.18 [ 51%] Building C object crypto/CMakeFiles/crypto_obj.dir/idea/i_cbc.c.o
#20 24.21 [ 51%] Building C object crypto/CMakeFiles/crypto_obj.dir/idea/i_cfb64.c.o
#20 24.22 [ 52%] Building C object crypto/CMakeFiles/crypto_obj.dir/idea/i_ecb.c.o
#20 24.26 [ 52%] Building C object crypto/CMakeFiles/crypto_obj.dir/idea/i_ofb64.c.o
#20 24.29 [ 52%] Building C object crypto/CMakeFiles/crypto_obj.dir/idea/i_skey.c.o
#20 24.32 [ 52%] Building C object crypto/CMakeFiles/crypto_obj.dir/lhash/lh_stats.c.o
#20 24.34 [ 52%] Building C object crypto/CMakeFiles/crypto_obj.dir/lhash/lhash.c.o
#20 24.37 [ 52%] Building C object crypto/CMakeFiles/crypto_obj.dir/md4/md4_dgst.c.o
#20 24.39 [ 52%] Building C object crypto/CMakeFiles/crypto_obj.dir/md4/md4_one.c.o
#20 24.41 [ 52%] Building C object crypto/CMakeFiles/crypto_obj.dir/md5/md5_dgst.c.o
#20 24.46 [ 52%] Building C object crypto/CMakeFiles/crypto_obj.dir/md5/md5_one.c.o
#20 24.47 [ 53%] Building C object crypto/CMakeFiles/crypto_obj.dir/modes/cbc128.c.o
#20 24.50 [ 53%] Building C object crypto/CMakeFiles/crypto_obj.dir/modes/ccm128.c.o
#20 24.51 [ 53%] Building C object crypto/CMakeFiles/crypto_obj.dir/modes/cfb128.c.o
#20 24.52 [ 53%] Building C object crypto/CMakeFiles/crypto_obj.dir/modes/ctr128.c.o
#20 24.55 [ 53%] Building C object crypto/CMakeFiles/crypto_obj.dir/modes/cts128.c.o
#20 24.57 [ 53%] Building C object crypto/CMakeFiles/crypto_obj.dir/modes/gcm128.c.o
#20 24.65 [ 53%] Building C object crypto/CMakeFiles/crypto_obj.dir/modes/ofb128.c.o
#20 24.68 [ 53%] Building C object crypto/CMakeFiles/crypto_obj.dir/modes/xts128.c.o
#20 24.77 [ 53%] Building C object crypto/CMakeFiles/crypto_obj.dir/objects/o_names.c.o
#20 24.77 [ 54%] Building C object crypto/CMakeFiles/crypto_obj.dir/objects/obj_dat.c.o
#20 24.80 [ 54%] Building C object crypto/CMakeFiles/crypto_obj.dir/objects/obj_err.c.o
#20 24.82 [ 54%] Building C object crypto/CMakeFiles/crypto_obj.dir/objects/obj_lib.c.o
#20 24.87 [ 54%] Building C object crypto/CMakeFiles/crypto_obj.dir/objects/obj_xref.c.o
#20 24.90 [ 54%] Building C object crypto/CMakeFiles/crypto_obj.dir/ocsp/ocsp_asn.c.o
#20 24.95 [ 54%] Building C object crypto/CMakeFiles/crypto_obj.dir/ocsp/ocsp_cl.c.o
#20 25.01 [ 54%] Building C object crypto/CMakeFiles/crypto_obj.dir/ocsp/ocsp_err.c.o
#20 25.07 [ 54%] Building C object crypto/CMakeFiles/crypto_obj.dir/ocsp/ocsp_ext.c.o
#20 25.09 [ 54%] Building C object crypto/CMakeFiles/crypto_obj.dir/ocsp/ocsp_ht.c.o
#20 25.09 [ 55%] Building C object crypto/CMakeFiles/crypto_obj.dir/ocsp/ocsp_lib.c.o
#20 25.23 [ 55%] Building C object crypto/CMakeFiles/crypto_obj.dir/ocsp/ocsp_prn.c.o
#20 25.28 [ 55%] Building C object crypto/CMakeFiles/crypto_obj.dir/ocsp/ocsp_srv.c.o
#20 25.30 [ 55%] Building C object crypto/CMakeFiles/crypto_obj.dir/ocsp/ocsp_vfy.c.o
#20 25.39 [ 55%] Building C object crypto/CMakeFiles/crypto_obj.dir/pem/pem_all.c.o
#20 25.47 [ 55%] Building C object crypto/CMakeFiles/crypto_obj.dir/pem/pem_err.c.o
#20 25.53 [ 55%] Building C object crypto/CMakeFiles/crypto_obj.dir/pem/pem_info.c.o
#20 25.56 [ 55%] Building C object crypto/CMakeFiles/crypto_obj.dir/pem/pem_lib.c.o
#20 25.61 [ 55%] Building C object crypto/CMakeFiles/crypto_obj.dir/pem/pem_oth.c.o
#20 25.65 [ 56%] Building C object crypto/CMakeFiles/crypto_obj.dir/pem/pem_pk8.c.o
#20 25.67 [ 56%] Building C object crypto/CMakeFiles/crypto_obj.dir/pem/pem_pkey.c.o
#20 25.73 [ 56%] Building C object crypto/CMakeFiles/crypto_obj.dir/pem/pem_sign.c.o
#20 25.74 [ 56%] Building C object crypto/CMakeFiles/crypto_obj.dir/pem/pem_x509.c.o
#20 25.83 [ 56%] Building C object crypto/CMakeFiles/crypto_obj.dir/pem/pem_xaux.c.o
#20 25.85 [ 56%] Building C object crypto/CMakeFiles/crypto_obj.dir/pem/pvkfmt.c.o
#20 25.92 [ 56%] Building C object crypto/CMakeFiles/crypto_obj.dir/pkcs12/p12_add.c.o
#20 25.98 [ 56%] Building C object crypto/CMakeFiles/crypto_obj.dir/pkcs12/p12_attr.c.o
#20 25.98 [ 56%] Building C object crypto/CMakeFiles/crypto_obj.dir/pkcs12/p12_asn.c.o
#20 25.99 [ 57%] Building C object crypto/CMakeFiles/crypto_obj.dir/pkcs12/p12_crpt.c.o
#20 26.02 [ 57%] Building C object crypto/CMakeFiles/crypto_obj.dir/pkcs12/p12_crt.c.o
#20 26.07 [ 57%] Building C object crypto/CMakeFiles/crypto_obj.dir/pkcs12/p12_decr.c.o
#20 26.23 [ 57%] Building C object crypto/CMakeFiles/crypto_obj.dir/pkcs12/p12_init.c.o
#20 26.24 [ 57%] Building C object crypto/CMakeFiles/crypto_obj.dir/pkcs12/p12_key.c.o
#20 26.25 [ 57%] Building C object crypto/CMakeFiles/crypto_obj.dir/pkcs12/p12_kiss.c.o
#20 26.25 [ 57%] Building C object crypto/CMakeFiles/crypto_obj.dir/pkcs12/p12_mutl.c.o
#20 26.26 [ 57%] Building C object crypto/CMakeFiles/crypto_obj.dir/pkcs12/p12_npas.c.o
#20 26.36 [ 57%] Building C object crypto/CMakeFiles/crypto_obj.dir/pkcs12/p12_p8d.c.o
#20 26.38 [ 58%] Building C object crypto/CMakeFiles/crypto_obj.dir/pkcs12/p12_p8e.c.o
#20 26.48 [ 58%] Building C object crypto/CMakeFiles/crypto_obj.dir/pkcs12/p12_utl.c.o
#20 26.57 [ 58%] Building C object crypto/CMakeFiles/crypto_obj.dir/pkcs12/pk12err.c.o
#20 26.59 [ 58%] Building C object crypto/CMakeFiles/crypto_obj.dir/pkcs7/bio_pk7.c.o
#20 26.60 [ 58%] Building C object crypto/CMakeFiles/crypto_obj.dir/pkcs7/pk7_asn1.c.o
#20 26.61 [ 58%] Building C object crypto/CMakeFiles/crypto_obj.dir/pkcs7/pk7_attr.c.o
#20 26.62 [ 58%] Building C object crypto/CMakeFiles/crypto_obj.dir/pkcs7/pk7_doit.c.o
#20 26.64 [ 58%] Building C object crypto/CMakeFiles/crypto_obj.dir/pkcs7/pk7_lib.c.o
#20 26.73 [ 58%] Building C object crypto/CMakeFiles/crypto_obj.dir/pkcs7/pk7_mime.c.o
#20 26.81 [ 59%] Building C object crypto/CMakeFiles/crypto_obj.dir/pkcs7/pk7_smime.c.o
#20 26.82 [ 59%] Building C object crypto/CMakeFiles/crypto_obj.dir/pkcs7/pkcs7err.c.o
#20 26.90 [ 59%] Building C object crypto/CMakeFiles/crypto_obj.dir/poly1305/poly1305.c.o
#20 26.95 [ 59%] Building C object crypto/CMakeFiles/crypto_obj.dir/rand/rand_err.c.o
#20 26.97 [ 59%] Building C object crypto/CMakeFiles/crypto_obj.dir/rand/rand_lib.c.o
#20 26.97 [ 59%] Building C object crypto/CMakeFiles/crypto_obj.dir/rand/randfile.c.o
#20 27.07 [ 59%] Building C object crypto/CMakeFiles/crypto_obj.dir/rc2/rc2_cbc.c.o
#20 27.07 [ 59%] Building C object crypto/CMakeFiles/crypto_obj.dir/rc2/rc2_ecb.c.o
#20 27.11 [ 59%] Building C object crypto/CMakeFiles/crypto_obj.dir/rc2/rc2_skey.c.o
#20 27.12 [ 60%] Building C object crypto/CMakeFiles/crypto_obj.dir/rc2/rc2cfb64.c.o
#20 27.13 [ 60%] Building C object crypto/CMakeFiles/crypto_obj.dir/rc2/rc2ofb64.c.o
#20 27.14 [ 60%] Building C object crypto/CMakeFiles/crypto_obj.dir/ripemd/rmd_dgst.c.o
#20 27.20 [ 60%] Building C object crypto/CMakeFiles/crypto_obj.dir/ripemd/rmd_one.c.o
#20 27.20 [ 60%] Building C object crypto/CMakeFiles/crypto_obj.dir/rsa/rsa_ameth.c.o
#20 27.28 [ 60%] Building C object crypto/CMakeFiles/crypto_obj.dir/rsa/rsa_asn1.c.o
#20 27.30 [ 60%] Building C object crypto/CMakeFiles/crypto_obj.dir/rsa/rsa_chk.c.o
#20 27.31 [ 60%] Building C object crypto/CMakeFiles/crypto_obj.dir/rsa/rsa_crpt.c.o
#20 27.31 [ 60%] Building C object crypto/CMakeFiles/crypto_obj.dir/rsa/rsa_depr.c.o
#20 27.32 [ 61%] Building C object crypto/CMakeFiles/crypto_obj.dir/rsa/rsa_eay.c.o
#20 27.44 [ 61%] Building C object crypto/CMakeFiles/crypto_obj.dir/rsa/rsa_err.c.o
#20 27.47 [ 61%] Building C object crypto/CMakeFiles/crypto_obj.dir/rsa/rsa_gen.c.o
#20 27.52 [ 61%] Building C object crypto/CMakeFiles/crypto_obj.dir/rsa/rsa_lib.c.o
#20 27.57 [ 61%] Building C object crypto/CMakeFiles/crypto_obj.dir/rsa/rsa_meth.c.o
#20 27.60 [ 61%] Building C object crypto/CMakeFiles/crypto_obj.dir/rsa/rsa_none.c.o
#20 27.62 [ 61%] Building C object crypto/CMakeFiles/crypto_obj.dir/rsa/rsa_oaep.c.o
#20 27.74 [ 61%] Building C object crypto/CMakeFiles/crypto_obj.dir/rsa/rsa_pk1.c.o
#20 27.77 [ 62%] Building C object crypto/CMakeFiles/crypto_obj.dir/rsa/rsa_pmeth.c.o
#20 27.77 [ 62%] Building C object crypto/CMakeFiles/crypto_obj.dir/rsa/rsa_prn.c.o
#20 27.83 [ 62%] Building C object crypto/CMakeFiles/crypto_obj.dir/rsa/rsa_pss.c.o
#20 27.88 [ 62%] Building C object crypto/CMakeFiles/crypto_obj.dir/rsa/rsa_saos.c.o
#20 27.94 [ 62%] Building C object crypto/CMakeFiles/crypto_obj.dir/rsa/rsa_sign.c.o
#20 27.95 [ 62%] Building C object crypto/CMakeFiles/crypto_obj.dir/rsa/rsa_x931.c.o
#20 27.96 [ 62%] Building C object crypto/CMakeFiles/crypto_obj.dir/sha/sha1_one.c.o
#20 27.96 [ 62%] Building C object crypto/CMakeFiles/crypto_obj.dir/sha/sha1dgst.c.o
#20 28.07 [ 62%] Building C object crypto/CMakeFiles/crypto_obj.dir/sha/sha256.c.o
#20 28.11 [ 62%] Building C object crypto/CMakeFiles/crypto_obj.dir/sha/sha512.c.o
#20 28.12 [ 63%] Building C object crypto/CMakeFiles/crypto_obj.dir/sm3/sm3.c.o
#20 28.14 [ 63%] Building C object crypto/CMakeFiles/crypto_obj.dir/sm4/sm4.c.o
#20 28.15 [ 63%] Building C object crypto/CMakeFiles/crypto_obj.dir/stack/stack.c.o
#20 28.21 [ 63%] Building C object crypto/CMakeFiles/crypto_obj.dir/ts/ts_asn1.c.o
#20 28.26 [ 63%] Building C object crypto/CMakeFiles/crypto_obj.dir/ts/ts_conf.c.o
#20 28.26 [ 63%] Building C object crypto/CMakeFiles/crypto_obj.dir/ts/ts_err.c.o
#20 28.33 [ 63%] Building C object crypto/CMakeFiles/crypto_obj.dir/ts/ts_lib.c.o
#20 28.38 [ 63%] Building C object crypto/CMakeFiles/crypto_obj.dir/ts/ts_req_print.c.o
#20 28.49 [ 63%] Building C object crypto/CMakeFiles/crypto_obj.dir/ts/ts_req_utils.c.o
#20 28.53 [ 64%] Building C object crypto/CMakeFiles/crypto_obj.dir/ts/ts_rsp_print.c.o
#20 28.63 [ 64%] Building C object crypto/CMakeFiles/crypto_obj.dir/ts/ts_rsp_sign.c.o
#20 28.63 [ 64%] Building C object crypto/CMakeFiles/crypto_obj.dir/ts/ts_rsp_utils.c.o
#20 28.65 [ 64%] Building C object crypto/CMakeFiles/crypto_obj.dir/ts/ts_rsp_verify.c.o
#20 28.67 [ 64%] Building C object crypto/CMakeFiles/crypto_obj.dir/ts/ts_verify_ctx.c.o
#20 28.75 [ 64%] Building C object crypto/CMakeFiles/crypto_obj.dir/txt_db/txt_db.c.o
#20 28.82 [ 64%] Building C object crypto/CMakeFiles/crypto_obj.dir/ui/ui_err.c.o
#20 28.88 [ 64%] Building C object crypto/CMakeFiles/crypto_obj.dir/ui/ui_lib.c.o
#20 28.93 [ 64%] Building C object crypto/CMakeFiles/crypto_obj.dir/ui/ui_util.c.o
#20 28.99 [ 65%] Building C object crypto/CMakeFiles/crypto_obj.dir/whrlpool/wp_dgst.c.o
#20 29.03 [ 65%] Building C object crypto/CMakeFiles/crypto_obj.dir/x509/by_dir.c.o
#20 29.07 [ 65%] Building C object crypto/CMakeFiles/crypto_obj.dir/x509/by_file.c.o
#20 29.08 [ 65%] Building C object crypto/CMakeFiles/crypto_obj.dir/x509/by_mem.c.o
#20 29.19 [ 65%] Building C object crypto/CMakeFiles/crypto_obj.dir/x509/pcy_cache.c.o
#20 29.21 [ 65%] Building C object crypto/CMakeFiles/crypto_obj.dir/x509/pcy_data.c.o
#20 29.36 [ 65%] Building C object crypto/CMakeFiles/crypto_obj.dir/x509/pcy_lib.c.o
#20 29.36 [ 65%] Building C object crypto/CMakeFiles/crypto_obj.dir/x509/pcy_map.c.o
#20 29.39 [ 65%] Building C object crypto/CMakeFiles/crypto_obj.dir/x509/pcy_node.c.o
#20 29.40 [ 66%] Building C object crypto/CMakeFiles/crypto_obj.dir/x509/pcy_tree.c.o
#20 29.44 [ 66%] Building C object crypto/CMakeFiles/crypto_obj.dir/x509/x509_addr.c.o
#20 29.46 [ 66%] Building C object crypto/CMakeFiles/crypto_obj.dir/x509/x509_akey.c.o
#20 29.49 [ 66%] Building C object crypto/CMakeFiles/crypto_obj.dir/x509/x509_akeya.c.o
#20 29.55 [ 66%] Building C object crypto/CMakeFiles/crypto_obj.dir/x509/x509_alt.c.o
#20 29.64 [ 66%] Building C object crypto/CMakeFiles/crypto_obj.dir/x509/x509_asid.c.o
#20 29.65 [ 66%] Building C object crypto/CMakeFiles/crypto_obj.dir/x509/x509_att.c.o
#20 29.70 [ 66%] Building C object crypto/CMakeFiles/crypto_obj.dir/x509/x509_bcons.c.o
#20 29.74 [ 66%] Building C object crypto/CMakeFiles/crypto_obj.dir/x509/x509_bitst.c.o
#20 29.80 [ 67%] Building C object crypto/CMakeFiles/crypto_obj.dir/x509/x509_cmp.c.o
#20 30.01 [ 67%] Building C object crypto/CMakeFiles/crypto_obj.dir/x509/x509_conf.c.o
#20 30.05 [ 67%] Building C object crypto/CMakeFiles/crypto_obj.dir/x509/x509_constraints.c.o
#20 30.05 [ 67%] Building C object crypto/CMakeFiles/crypto_obj.dir/x509/x509_cpols.c.o
#20 30.10 [ 67%] Building C object crypto/CMakeFiles/crypto_obj.dir/x509/x509_crld.c.o
#20 30.13 [ 67%] Building C object crypto/CMakeFiles/crypto_obj.dir/x509/x509_d2.c.o
#20 30.26 [ 67%] Building C object crypto/CMakeFiles/crypto_obj.dir/x509/x509_def.c.o
#20 30.40 [ 67%] Building C object crypto/CMakeFiles/crypto_obj.dir/x509/x509_enum.c.o
#20 30.40 [ 67%] Building C object crypto/CMakeFiles/crypto_obj.dir/x509/x509_err.c.o
#20 30.49 [ 68%] Building C object crypto/CMakeFiles/crypto_obj.dir/x509/x509_ext.c.o
#20 30.51 [ 68%] Building C object crypto/CMakeFiles/crypto_obj.dir/x509/x509_extku.c.o
#20 30.63 [ 68%] Building C object crypto/CMakeFiles/crypto_obj.dir/x509/x509_genn.c.o
#20 30.64 [ 68%] Building C object crypto/CMakeFiles/crypto_obj.dir/x509/x509_ia5.c.o
#20 30.67 [ 68%] Building C object crypto/CMakeFiles/crypto_obj.dir/x509/x509_info.c.o
#20 30.68 [ 68%] Building C object crypto/CMakeFiles/crypto_obj.dir/x509/x509_int.c.o
#20 30.69 [ 68%] Building C object crypto/CMakeFiles/crypto_obj.dir/x509/x509_issuer_cache.c.o
#20 30.80 [ 68%] Building C object crypto/CMakeFiles/crypto_obj.dir/x509/x509_lib.c.o
#20 30.81 [ 68%] Building C object crypto/CMakeFiles/crypto_obj.dir/x509/x509_lu.c.o
#20 30.91 [ 68%] Building C object crypto/CMakeFiles/crypto_obj.dir/x509/x509_ncons.c.o
#20 30.93 [ 69%] Building C object crypto/CMakeFiles/crypto_obj.dir/x509/x509_obj.c.o
#20 30.97 [ 69%] Building C object crypto/CMakeFiles/crypto_obj.dir/x509/x509_ocsp.c.o
#20 31.01 [ 69%] Building C object crypto/CMakeFiles/crypto_obj.dir/x509/x509_pci.c.o
#20 31.15 [ 69%] Building C object crypto/CMakeFiles/crypto_obj.dir/x509/x509_pcia.c.o
#20 31.19 [ 69%] Building C object crypto/CMakeFiles/crypto_obj.dir/x509/x509_pcons.c.o
#20 31.28 [ 69%] Building C object crypto/CMakeFiles/crypto_obj.dir/x509/x509_pku.c.o
#20 31.31 [ 69%] Building C object crypto/CMakeFiles/crypto_obj.dir/x509/x509_pmaps.c.o
#20 31.33 [ 69%] Building C object crypto/CMakeFiles/crypto_obj.dir/x509/x509_prn.c.o
#20 31.37 [ 69%] Building C object crypto/CMakeFiles/crypto_obj.dir/x509/x509_purp.c.o
#20 31.39 [ 70%] Building C object crypto/CMakeFiles/crypto_obj.dir/x509/x509_r2x.c.o
#20 31.43 [ 70%] Building C object crypto/CMakeFiles/crypto_obj.dir/x509/x509_req.c.o
#20 31.46 [ 70%] Building C object crypto/CMakeFiles/crypto_obj.dir/x509/x509_set.c.o
#20 31.50 [ 70%] Building C object crypto/CMakeFiles/crypto_obj.dir/x509/x509_skey.c.o
#20 31.55 [ 70%] Building C object crypto/CMakeFiles/crypto_obj.dir/x509/x509_sxnet.c.o
#20 31.62 [ 70%] Building C object crypto/CMakeFiles/crypto_obj.dir/x509/x509_trs.c.o
#20 31.64 [ 70%] Building C object crypto/CMakeFiles/crypto_obj.dir/x509/x509_txt.c.o
#20 31.67 [ 70%] Building C object crypto/CMakeFiles/crypto_obj.dir/x509/x509_utl.c.o
#20 31.77 [ 70%] Building C object crypto/CMakeFiles/crypto_obj.dir/x509/x509_v3.c.o
#20 31.79 [ 71%] Building C object crypto/CMakeFiles/crypto_obj.dir/x509/x509_verify.c.o
#20 31.79 [ 71%] Building C object crypto/CMakeFiles/crypto_obj.dir/x509/x509_vfy.c.o
#20 31.89 [ 71%] Building C object crypto/CMakeFiles/crypto_obj.dir/x509/x509_vpm.c.o
#20 31.94 [ 71%] Building C object crypto/CMakeFiles/crypto_obj.dir/x509/x509cset.c.o
#20 32.01 [ 71%] Building C object crypto/CMakeFiles/crypto_obj.dir/x509/x509name.c.o
#20 32.15 [ 71%] Building C object crypto/CMakeFiles/crypto_obj.dir/x509/x509rset.c.o
#20 32.15 [ 71%] Building C object crypto/CMakeFiles/crypto_obj.dir/x509/x509spki.c.o
#20 32.26 [ 71%] Building C object crypto/CMakeFiles/crypto_obj.dir/x509/x509type.c.o
#20 32.40 [ 71%] Building C object crypto/CMakeFiles/crypto_obj.dir/x509/x_all.c.o
#20 32.42 [ 72%] Building C object crypto/CMakeFiles/crypto_obj.dir/crypto_lock.c.o
#20 32.43 [ 72%] Building C object crypto/CMakeFiles/crypto_obj.dir/bio/b_posix.c.o
#20 32.44 [ 72%] Building C object crypto/CMakeFiles/crypto_obj.dir/bio/bss_log.c.o
#20 32.53 [ 72%] Building C object crypto/CMakeFiles/crypto_obj.dir/ui/ui_openssl.c.o
#20 32.55 [ 72%] Building C object crypto/CMakeFiles/crypto_obj.dir/compat/freezero.c.o
#20 32.56 [ 72%] Building C object crypto/CMakeFiles/crypto_obj.dir/compat/getprogname_linux.c.o
#20 32.60 [ 72%] Building C object crypto/CMakeFiles/crypto_obj.dir/compat/recallocarray.c.o
#20 32.63 [ 72%] Building C object crypto/CMakeFiles/crypto_obj.dir/compat/strlcat.c.o
#20 32.63 [ 72%] Building C object crypto/CMakeFiles/crypto_obj.dir/compat/strlcpy.c.o
#20 32.66 [ 73%] Building C object crypto/CMakeFiles/crypto_obj.dir/compat/strtonum.c.o
#20 32.67 [ 73%] Building C object crypto/CMakeFiles/crypto_obj.dir/compat/syslog_r.c.o
#20 32.70 [ 73%] Building C object crypto/CMakeFiles/crypto_obj.dir/compat/arc4random.c.o
#20 32.71 [ 73%] Building C object crypto/CMakeFiles/crypto_obj.dir/compat/arc4random_uniform.c.o
#20 32.71 [ 73%] Building C object crypto/CMakeFiles/crypto_obj.dir/compat/timingsafe_bcmp.c.o
#20 32.72 [ 73%] Building C object crypto/CMakeFiles/crypto_obj.dir/compat/timingsafe_memcmp.c.o
#20 33.72 [ 73%] Built target crypto_obj
#20 33.74 [ 73%] Linking C static library libcrypto.a
#20 33.74 [ 73%] Linking C static library libtls.a
#20 33.80 [ 73%] Built target crypto
#20 33.80 [ 73%] Built target tls
#20 33.81 [ 73%] Linking C static library libssl.a
#20 33.82 [ 73%] Building C object apps/nc/CMakeFiles/nc.dir/atomicio.c.o
#20 33.82 [ 74%] Building C object apps/nc/CMakeFiles/nc.dir/netcat.c.o
#20 33.82 [ 74%] Building C object tests/CMakeFiles/verifytest.dir/verifytest.c.o
#20 33.82 [ 74%] Building C object apps/nc/CMakeFiles/nc.dir/socks.c.o
#20 33.82 [ 74%] Building C object tests/CMakeFiles/tlstest.dir/tlstest.c.o
#20 33.82 [ 74%] Building C object tests/CMakeFiles/configtest.dir/configtest.c.o
#20 33.82 [ 75%] Building C object tests/CMakeFiles/keypairtest.dir/keypairtest.c.o
#20 33.84 [ 75%] Built target ssl
#20 33.85 [ 75%] Building C object apps/ocspcheck/CMakeFiles/ocspcheck.dir/http.c.o
#20 33.88 [ 75%] Building C object apps/nc/CMakeFiles/nc.dir/compat/socket.c.o
#20 33.90 [ 76%] Linking C executable configtest
#20 33.92 [ 76%] Building C object apps/nc/CMakeFiles/nc.dir/compat/base64.c.o
#20 34.06 [ 76%] Building C object apps/nc/CMakeFiles/nc.dir/compat/readpassphrase.c.o
#20 34.09 [ 76%] Linking C executable verifytest
#20 34.13 [ 76%] Building C object apps/ocspcheck/CMakeFiles/ocspcheck.dir/ocspcheck.c.o
#20 34.20 [ 76%] Linking C executable tlstest
#20 34.20 [ 76%] Linking C executable keypairtest
#20 34.24 [ 77%] Building C object apps/openssl/CMakeFiles/openssl.dir/apps.c.o
#20 34.24 [ 77%] Building C object tests/CMakeFiles/exptest.dir/exptest.c.o
#20 34.48 [ 77%] Linking C executable exptest
#20 34.79 [ 77%] Linking C executable ocspcheck
#20 34.83 [ 77%] Linking C executable nc
#20 34.99 [ 77%] Built target configtest
#20 35.01 [ 77%] Building C object tests/CMakeFiles/dtlstest.dir/dtlstest.c.o
#20 35.03 /usr/bin/ld: CMakeFiles/nc.dir/netcat.c.o: in function `main':
#20 35.03 netcat.c:(.text.main[main]+0xa63): warning: the use of `mktemp' is dangerous, better use `mkstemp' or `mkdtemp'
#20 35.25 [ 77%] Built target verifytest
#20 35.27 [ 77%] Building C object tests/CMakeFiles/handshake_table.dir/handshake_table.c.o
#20 35.33 [ 77%] Built target keypairtest
#20 35.35 [ 77%] Building C object tests/CMakeFiles/explicit_bzero.dir/explicit_bzero.c.o
#20 35.36 [ 77%] Built target tlstest
#20 35.37 [ 77%] Building C object tests/CMakeFiles/enginetest.dir/enginetest.c.o
#20 35.42 [ 77%] Built target exptest
#20 35.43 [ 77%] Building C object tests/CMakeFiles/ecdsatest.dir/ecdsatest.c.o
#20 35.52 [ 77%] Building C object apps/openssl/CMakeFiles/openssl.dir/asn1pars.c.o
#20 35.53 [ 77%] Linking C executable explicit_bzero
#20 35.59 [ 77%] Linking C executable handshake_table
#20 35.68 [ 78%] Linking C executable enginetest
#20 35.76 [ 78%] Built target explicit_bzero
#20 35.77 [ 78%] Building C object tests/CMakeFiles/ec_asn1_test.dir/ec_asn1_test.c.o
#20 35.80 [ 78%] Linking C executable ecdsatest
#20 35.85 [ 78%] Linking C executable dtlstest
#20 35.94 [ 78%] Built target ocspcheck
#20 35.95 [ 78%] Building C object tests/CMakeFiles/constraints.dir/constraints.c.o
#20 35.98 [ 78%] Building C object apps/openssl/CMakeFiles/openssl.dir/ca.c.o
#20 36.00 [ 78%] Linking C executable ec_asn1_test
#20 36.02 [ 78%] Built target nc
#20 36.04 [ 78%] Building C object tests/CMakeFiles/rmdtest.dir/rmdtest.c.o
#20 36.22 [ 78%] Linking C executable rmdtest
#20 36.44 [ 78%] Linking C executable constraints
#20 36.63 [ 78%] Built target enginetest
#20 36.65 [ 79%] Building C object tests/CMakeFiles/sha1test.dir/sha1test.c.o
#20 36.73 [ 79%] Built target ecdsatest
#20 36.74 [ 79%] Building C object tests/CMakeFiles/cipherstest.dir/cipherstest.c.o
#20 36.75 [ 79%] Built target handshake_table
#20 36.77 [ 79%] Building C object tests/CMakeFiles/bn_to_string.dir/bn_to_string.c.o
#20 36.85 [ 79%] Linking C executable sha1test
#20 36.91 [ 79%] Linking C executable bn_to_string
#20 36.92 [ 79%] Built target ec_asn1_test
#20 36.94 [ 79%] Building C object tests/CMakeFiles/casttest.dir/casttest.c.o
#20 36.97 [ 79%] Built target dtlstest
#20 36.98 [ 79%] Building C object tests/CMakeFiles/mont.dir/mont.c.o
#20 37.13 [ 79%] Linking C executable casttest
#20 37.14 [ 79%] Linking C executable mont
#20 37.19 [ 79%] Built target rmdtest
#20 37.20 [ 79%] Linking C executable cipherstest
#20 37.20 [ 79%] Building C object tests/CMakeFiles/timingsafe.dir/timingsafe.c.o
#20 37.31 [ 79%] Linking C executable timingsafe
#20 37.35 [ 79%] Built target casttest
#20 37.36 [ 79%] Building C object tests/CMakeFiles/x509name.dir/x509name.c.o
#20 37.38 [ 79%] Built target constraints
#20 37.39 [ 79%] Building C object tests/CMakeFiles/aeadtest.dir/aeadtest.c.o
#20 37.53 [ 79%] Built target timingsafe
#20 37.54 [ 79%] Building C object tests/CMakeFiles/x509attribute.dir/x509attribute.c.o
#20 37.60 [ 79%] Linking C executable x509name
#20 37.79 [ 79%] Built target sha1test
#20 37.81 [ 79%] Building C object tests/CMakeFiles/arc4randomforktest.dir/arc4randomforktest.c.o
#20 37.82 [ 79%] Linking C executable aeadtest
#20 37.82 [ 79%] Linking C executable x509attribute
#20 37.86 [ 79%] Built target bn_to_string
#20 37.86 [ 79%] Building C object apps/openssl/CMakeFiles/openssl.dir/ciphers.c.o
#20 37.88 [ 79%] Building C object tests/CMakeFiles/ectest.dir/ectest.c.o
#20 38.03 [ 79%] Linking C executable arc4randomforktest
#20 38.13 [ 79%] Built target mont
#20 38.14 [ 79%] Building C object tests/CMakeFiles/asn1x509.dir/asn1x509.c.o
#20 38.23 [ 79%] Building C object apps/openssl/CMakeFiles/openssl.dir/crl.c.o
#20 38.24 [ 79%] Built target arc4randomforktest
#20 38.25 [ 79%] Building C object tests/CMakeFiles/randtest.dir/randtest.c.o
#20 38.35 [ 79%] Built target cipherstest
#20 38.37 [ 80%] Building C object tests/CMakeFiles/freenull.dir/freenull.c.o
#20 38.43 [ 80%] Linking C executable randtest
#20 38.57 [ 80%] Built target x509name
#20 38.57 [ 80%] Building C object apps/openssl/CMakeFiles/openssl.dir/crl2p7.c.o
#20 38.61 [ 80%] Linking C executable asn1x509
#20 38.64 [ 80%] Built target randtest
#20 38.66 [ 80%] Building C object tests/CMakeFiles/dsatest.dir/dsatest.c.o
#20 38.66 [ 80%] Building C object apps/openssl/CMakeFiles/openssl.dir/cms.c.o
#20 38.74 [ 80%] Linking C executable freenull
#20 38.77 [ 80%] Built target x509attribute
#20 38.78 [ 80%] Building C object tests/CMakeFiles/aes_wrap.dir/aes_wrap.c.o
#20 38.79 [ 80%] Built target aeadtest
#20 38.81 [ 80%] Building C object tests/CMakeFiles/bnaddsub.dir/bnaddsub.c.o
#20 38.87 [ 80%] Linking C executable dsatest
#20 38.91 [ 80%] Linking C executable aes_wrap
#20 38.97 [ 80%] Building C object apps/openssl/CMakeFiles/openssl.dir/dgst.c.o
#20 38.99 [ 80%] Linking C executable bnaddsub
#20 39.13 [ 80%] Built target aes_wrap
#20 39.14 [ 80%] Building C object tests/CMakeFiles/rc4test.dir/rc4test.c.o
#20 39.43 [ 80%] Linking C executable rc4test
#20 39.51 [ 80%] Building C object apps/openssl/CMakeFiles/openssl.dir/dh.c.o
#20 39.60 [ 80%] Built target asn1x509
#20 39.61 [ 80%] Building C object tests/CMakeFiles/rfc3779.dir/rfc3779.c.o
#20 39.68 [ 80%] Linking C executable ectest
#20 39.79 [ 80%] Building C object tests/CMakeFiles/gcm128test.dir/gcm128test.c.o
#20 39.79 [ 80%] Built target dsatest
#20 39.81 [ 80%] Building C object tests/CMakeFiles/destest.dir/destest.c.o
#20 39.87 [ 80%] Built target bnaddsub
#20 39.89 [ 80%] Building C object tests/CMakeFiles/asn1evp.dir/asn1evp.c.o
#20 39.89 /src/libressl/tests/rfc3779.c:384:1: warning: unused function 'd2i_IPAddrBlocks' [-Wunused-function]
#20 39.90 d2i_IPAddrBlocks(IPAddrBlocks **addrs, const unsigned char **in, long len)
#20 39.90 ^
#20 39.90 [ 81%] Building C object apps/openssl/CMakeFiles/openssl.dir/dhparam.c.o
#20 39.96 [ 81%] Linking C executable gcm128test
#20 40.03 [ 81%] Linking C executable asn1evp
#20 40.08 [ 81%] Built target freenull
#20 40.10 [ 81%] Building C object tests/CMakeFiles/clienttest.dir/clienttest.c.o
#20 40.32 1 warning generated.
#20 40.33 [ 83%] Building C object apps/openssl/CMakeFiles/openssl.dir/dsa.c.o
#20 40.33 [ 83%] Linking C executable rfc3779
#20 40.33 [ 83%] Linking C executable destest
#20 40.37 [ 83%] Built target gcm128test
#20 40.39 [ 83%] Building C object tests/CMakeFiles/bftest.dir/bftest.c.o
#20 40.45 [ 83%] Linking C executable clienttest
#20 40.56 [ 83%] Built target rc4test
#20 40.58 [ 83%] Building C object tests/CMakeFiles/optionstest.dir/optionstest.c.o
#20 40.59 [ 83%] Built target ectest
#20 40.60 [ 84%] Building C object tests/CMakeFiles/ec_point_conversion.dir/ec_point_conversion.c.o
#20 40.61 [ 84%] Built target destest
#20 40.62 [ 84%] Building C object tests/CMakeFiles/utf8test.dir/utf8test.c.o
#20 40.72 [ 84%] Building C object apps/openssl/CMakeFiles/openssl.dir/dsaparam.c.o
#20 40.82 [ 84%] Linking C executable bftest
#20 40.87 [ 84%] Built target asn1evp
#20 40.89 [ 84%] Building C object tests/CMakeFiles/dhtest.dir/dhtest.c.o
#20 40.95 [ 84%] Linking C executable ec_point_conversion
#20 41.06 [ 84%] Built target bftest
#20 41.07 [ 84%] Building C object tests/CMakeFiles/tlslegacytest.dir/tlslegacytest.c.o
#20 41.07 [ 84%] Linking C executable dhtest
#20 41.08 [ 84%] Linking C executable utf8test
#20 41.16 [ 84%] Building C object apps/openssl/CMakeFiles/openssl.dir/ec.c.o
#20 41.31 [ 84%] Built target utf8test
#20 41.32 [ 84%] Building C object tests/CMakeFiles/asn1string_copy.dir/asn1string_copy.c.o
#20 41.39 [ 85%] Linking C executable tlslegacytest
#20 41.41 [ 85%] Built target rfc3779
#20 41.42 [ 85%] Building C object tests/CMakeFiles/sha256test.dir/sha256test.c.o
#20 41.48 [ 85%] Linking C executable asn1string_copy
#20 41.51 [ 85%] Built target clienttest
#20 41.52 [ 85%] Building C object tests/CMakeFiles/pkcs7test.dir/pkcs7test.c.o
#20 41.55 [ 85%] Building C object apps/openssl/CMakeFiles/openssl.dir/ecparam.c.o
#20 41.66 [ 85%] Linking C executable sha256test
#20 41.90 [ 85%] Linking C executable pkcs7test
#20 42.00 [ 85%] Built target dhtest
#20 42.00 [ 85%] Built target ec_point_conversion
#20 42.02 [ 85%] Building C object tests/CMakeFiles/evp_pkey_check.dir/evp_pkey_check.c.o
#20 42.02 [ 85%] Building C object tests/CMakeFiles/valid_handshakes_terminate.dir/valid_handshakes_terminate.c.o
#20 42.04 [ 85%] Linking C executable optionstest
#20 42.05 [ 85%] Building C object apps/openssl/CMakeFiles/openssl.dir/enc.c.o
#20 42.31 [ 85%] Linking C executable evp_pkey_check
#20 42.43 [ 85%] Built target asn1string_copy
#20 42.45 [ 85%] Building C object tests/CMakeFiles/cmstest.dir/cmstest.c.o
#20 42.58 [ 85%] Linking C executable valid_handshakes_terminate
#20 42.60 [ 85%] Built target sha256test
#20 42.61 [ 85%] Building C object tests/CMakeFiles/gost2814789t.dir/gost2814789t.c.o
#20 42.65 [ 85%] Building C object apps/openssl/CMakeFiles/openssl.dir/errstr.c.o
#20 42.83 [ 85%] Built target tlslegacytest
#20 42.85 [ 85%] Built target pkcs7test
#20 42.85 [ 85%] Building C object tests/CMakeFiles/rsa_test.dir/rsa_test.c.o
#20 42.87 [ 85%] Building C object tests/CMakeFiles/asn1api.dir/asn1api.c.o
#20 42.91 [ 85%] Linking C executable cmstest
#20 43.01 [ 85%] Building C object apps/openssl/CMakeFiles/openssl.dir/gendh.c.o
#20 43.05 [ 85%] Built target optionstest
#20 43.06 [ 85%] Linking C executable gost2814789t
#20 43.06 [ 85%] Building C object tests/CMakeFiles/sm3test.dir/sm3test.c.o
#20 43.09 [ 85%] Linking C executable asn1api
#20 43.16 [ 85%] Linking C executable rsa_test
#20 43.26 [ 85%] Built target evp_pkey_check
#20 43.28 [ 85%] Building C object tests/CMakeFiles/bn_rand_interval.dir/bn_rand_interval.c.o
#20 43.29 [ 85%] Linking C executable sm3test
#20 43.38 [ 85%] Building C object apps/openssl/CMakeFiles/openssl.dir/gendsa.c.o
#20 43.45 [ 86%] Linking C executable bn_rand_interval
#20 43.64 [ 86%] Built target valid_handshakes_terminate
#20 43.66 [ 86%] Building C object tests/CMakeFiles/buffertest.dir/buffertest.c.o
#20 43.74 [ 87%] Building C object apps/openssl/CMakeFiles/openssl.dir/genpkey.c.o
#20 43.88 [ 87%] Built target cmstest
#20 43.89 [ 87%] Linking C executable buffertest
#20 43.89 [ 87%] Building C object tests/CMakeFiles/asn1complex.dir/asn1complex.c.o
#20 44.01 [ 87%] Built target gost2814789t
#20 44.03 [ 88%] Building C object tests/CMakeFiles/cipher_list.dir/cipher_list.c.o
#20 44.06 [ 88%] Built target asn1api
#20 44.08 [ 88%] Building C object tests/CMakeFiles/recordtest.dir/recordtest.c.o
#20 44.12 [ 88%] Built target rsa_test
#20 44.12 [ 88%] Building C object apps/openssl/CMakeFiles/openssl.dir/genrsa.c.o
#20 44.13 [ 88%] Linking C executable asn1complex
#20 44.13 [ 88%] Built target buffertest
#20 44.14 [ 88%] Building C object tests/CMakeFiles/hkdf_test.dir/hkdf_test.c.o
#20 44.14 [ 88%] Building C object tests/CMakeFiles/chachatest.dir/chachatest.c.o
#20 44.26 [ 88%] Built target sm3test
#20 44.28 [ 88%] Building C object tests/CMakeFiles/tlsexttest.dir/tlsexttest.c.o
#20 44.36 [ 89%] Linking C executable hkdf_test
#20 44.37 [ 89%] Linking C executable chachatest
#20 44.43 [ 89%] Built target bn_rand_interval
#20 44.44 [ 89%] Linking C executable cipher_list
#20 44.45 [ 89%] Building C object tests/CMakeFiles/hmactest.dir/hmactest.c.o
#20 44.52 [ 89%] Building C object apps/openssl/CMakeFiles/openssl.dir/nseq.c.o
#20 44.60 [ 89%] Built target chachatest
#20 44.61 [ 89%] Building C object tests/CMakeFiles/pbkdf2.dir/pbkdf2.c.o
#20 44.64 [ 89%] Linking C executable recordtest
#20 44.74 [ 89%] Linking C executable hmactest
#20 44.87 [ 89%] Building C object apps/openssl/CMakeFiles/openssl.dir/ocsp.c.o
#20 44.87 [ 89%] Built target recordtest
#20 44.88 [ 89%] Building C object tests/CMakeFiles/bntest.dir/bntest.c.o
#20 44.94 [ 90%] Linking C executable pbkdf2
#20 45.08 [ 90%] Built target asn1complex
#20 45.10 [ 90%] Building C object tests/CMakeFiles/pq_test.dir/pq_test.c.o
#20 45.21 [ 90%] Linking C executable pq_test
#20 45.31 [ 90%] Built target hkdf_test
#20 45.33 [ 90%] Building C object tests/CMakeFiles/ideatest.dir/ideatest.c.o
#20 45.42 [ 90%] Built target pq_test
#20 45.44 [ 90%] Building C object tests/CMakeFiles/evptest.dir/evptest.c.o
#20 45.52 [ 90%] Linking C executable ideatest
#20 45.59 [ 90%] Built target cipher_list
#20 45.61 [ 90%] Building C object tests/CMakeFiles/igetest.dir/igetest.c.o
#20 45.70 [ 90%] Built target hmactest
#20 45.72 [ 90%] Building C object tests/CMakeFiles/key_schedule.dir/key_schedule.c.o
#20 45.75 [ 90%] Built target ideatest
#20 45.77 [ 90%] Building C object tests/CMakeFiles/md4test.dir/md4test.c.o
#20 45.82 [ 90%] Building C object apps/openssl/CMakeFiles/openssl.dir/openssl.c.o
#20 45.91 [ 90%] Built target pbkdf2
#20 45.92 [ 90%] Building C object tests/CMakeFiles/ecdhtest.dir/ecdhtest.c.o
#20 45.98 [ 90%] Linking C executable md4test
#20 46.04 [ 90%] Linking C executable igetest
#20 46.10 [ 90%] Linking C executable evptest
#20 46.17 [ 90%] Linking C executable key_schedule
#20 46.23 [ 90%] Linking C executable ecdhtest
#20 46.27 [ 90%] Built target igetest
#20 46.29 [ 90%] Building C object tests/CMakeFiles/md5test.dir/md5test.c.o
#20 46.39 [ 90%] Building C object apps/openssl/CMakeFiles/openssl.dir/passwd.c.o
#20 46.49 [ 90%] Linking C executable md5test
#20 46.60 [ 90%] Linking C executable tlsexttest
#20 46.95 [ 90%] Linking C executable bntest
#20 46.96 [ 90%] Built target md4test
#20 46.98 [ 90%] Building C object tests/CMakeFiles/base64test.dir/base64test.c.o
#20 46.99 [ 90%] Building C object apps/openssl/CMakeFiles/openssl.dir/pkcs12.c.o
#20 47.06 [ 90%] Built target evptest
#20 47.07 [ 90%] Building C object tests/CMakeFiles/poly1305test.dir/poly1305test.c.o
#20 47.14 [ 90%] Built target key_schedule
#20 47.14 [ 90%] Building C object apps/openssl/CMakeFiles/openssl.dir/pkcs7.c.o
#20 47.19 [ 90%] Built target ecdhtest
#20 47.21 [ 91%] Building C object tests/CMakeFiles/rc2test.dir/rc2test.c.o
#20 47.23 [ 91%] Linking C executable poly1305test
#20 47.31 [ 91%] Linking C executable base64test
#20 47.33 [ 91%] Linking C executable rc2test
#20 47.44 [ 91%] Built target md5test
#20 47.45 [ 91%] Building C object tests/CMakeFiles/record_layer_test.dir/record_layer_test.c.o
#20 47.45 [ 91%] Built target poly1305test
#20 47.47 [ 91%] Building C object tests/CMakeFiles/rfc5280time.dir/rfc5280time.c.o
#20 47.53 [ 91%] Building C object apps/openssl/CMakeFiles/openssl.dir/pkcs8.c.o
#20 47.55 [ 91%] Built target rc2test
#20 47.56 [ 91%] Building C object tests/CMakeFiles/bytestringtest.dir/bytestringtest.c.o
#20 47.69 [ 92%] Building C object apps/openssl/CMakeFiles/openssl.dir/pkey.c.o
#20 47.74 [ 92%] Built target tlsexttest
#20 47.76 [ 92%] Building C object tests/CMakeFiles/servertest.dir/servertest.c.o
#20 47.83 [ 92%] Linking C executable rfc5280time
#20 47.85 [ 92%] Linking C executable record_layer_test
#20 47.93 [ 92%] Building C object apps/openssl/CMakeFiles/openssl.dir/pkeyparam.c.o
#20 47.94 [ 92%] Built target bntest
#20 47.96 [ 93%] Building C object tests/CMakeFiles/asn1time.dir/asn1time.c.o
#20 48.07 [ 93%] Building C object apps/openssl/CMakeFiles/openssl.dir/pkeyutl.c.o
#20 48.08 [ 93%] Linking C executable servertest
#20 48.23 [ 93%] Building C object apps/openssl/CMakeFiles/openssl.dir/prime.c.o
#20 48.24 [ 93%] Built target base64test
#20 48.25 [ 93%] Building C object tests/CMakeFiles/ssltest.dir/ssltest.c.o
#20 48.33 [ 93%] Linking C executable asn1time
#20 48.33 [ 93%] Linking C executable bytestringtest
#20 48.51 [ 93%] Building C object apps/openssl/CMakeFiles/openssl.dir/rand.c.o
#20 48.55 [ 93%] Building C object apps/openssl/CMakeFiles/openssl.dir/req.c.o
#20 48.57 [ 93%] Built target bytestringtest
#20 48.59 [ 93%] Building C object tests/CMakeFiles/x509req_ext.dir/x509req_ext.c.o
#20 48.80 [ 93%] Built target rfc5280time
#20 48.81 [ 93%] Building C object tests/CMakeFiles/sha512test.dir/sha512test.c.o
#20 48.83 [ 93%] Building C object apps/openssl/CMakeFiles/openssl.dir/rsa.c.o
#20 48.86 [ 93%] Built target record_layer_test
#20 48.88 [ 93%] Building C object tests/CMakeFiles/sm4test.dir/sm4test.c.o
#20 48.91 [ 94%] Linking C executable x509req_ext
#20 48.99 [ 95%] Linking C executable sm4test
#20 49.05 [ 95%] Linking C executable sha512test
#20 49.21 [ 95%] Built target sm4test
#20 49.22 [ 95%] Building C object tests/CMakeFiles/ssl_get_shared_ciphers.dir/ssl_get_shared_ciphers.c.o
#20 49.24 [ 95%] Built target servertest
#20 49.24 [ 95%] Building C object apps/openssl/CMakeFiles/openssl.dir/rsautl.c.o
#20 49.25 [ 95%] Building C object tests/CMakeFiles/asn1basic.dir/asn1basic.c.o
#20 49.29 [ 95%] Built target asn1time
#20 49.32 [ 95%] Building C object tests/CMakeFiles/ssl_methods.dir/ssl_methods.c.o
#20 49.53 [ 96%] Linking C executable asn1basic
#20 49.55 [ 96%] Linking C executable ssltest
#20 49.62 [ 96%] Linking C executable ssl_methods
#20 49.64 [ 96%] Building C object apps/openssl/CMakeFiles/openssl.dir/s_cb.c.o
#20 49.71 [ 96%] Linking C executable ssl_get_shared_ciphers
#20 49.84 [ 96%] Built target x509req_ext
#20 49.86 [ 96%] Building C object tests/CMakeFiles/ssl_versions.dir/ssl_versions.c.o
#20 49.88 [ 97%] Building C object apps/openssl/CMakeFiles/openssl.dir/s_client.c.o
#20 50.00 [ 97%] Built target sha512test
#20 50.01 [ 97%] Building C object tests/CMakeFiles/asn1test.dir/asn1test.c.o
#20 50.73 [ 97%] Linking C executable asn1test
#20 50.73 [ 97%] Linking C executable ssl_versions
#20 50.73 [ 97%] Building C object apps/openssl/CMakeFiles/openssl.dir/s_server.c.o
#20 50.73 [ 97%] Building C object apps/openssl/CMakeFiles/openssl.dir/s_socket.c.o
#20 50.97 [ 97%] Built target ssl_methods
#20 50.97 [ 97%] Built target asn1basic
#20 50.98 [ 97%] Built target ssl_get_shared_ciphers
#20 50.98 [ 97%] Building C object tests/CMakeFiles/tls_ext_alpn.dir/tls_ext_alpn.c.o
#20 50.98 [ 97%] Built target ssltest
#20 50.99 [ 97%] Building C object apps/openssl/CMakeFiles/openssl.dir/s_time.c.o
#20 50.99 [ 97%] Building C object tests/CMakeFiles/tls_prf.dir/tls_prf.c.o
#20 51.00 [ 98%] Building C object tests/CMakeFiles/x25519test.dir/x25519test.c.o
#20 51.10 [ 98%] Linking C executable x25519test
#20 51.16 [ 98%] Building C object apps/openssl/CMakeFiles/openssl.dir/sess_id.c.o
#20 51.32 Copying DLLs for regression tests
#20 51.37 [ 98%] Linking C executable tls_prf
#20 51.40 [ 98%] Building C object apps/openssl/CMakeFiles/openssl.dir/smime.c.o
#20 51.49 [ 99%] Linking C executable tls_ext_alpn
#20 51.53 [ 99%] Building C object tests/CMakeFiles/x509_info.dir/x509_info.c.o
#20 51.67 [ 99%] Built target x25519test
#20 51.69 [ 99%] Building C object tests/CMakeFiles/cts128test.dir/cts128test.c.o
#20 51.80 [ 99%] Linking C executable x509_info
#20 51.84 [ 99%] Built target ssl_versions
#20 51.85 [ 99%] Building C object apps/openssl/CMakeFiles/openssl.dir/speed.c.o
#20 51.86 [ 99%] Linking C executable cts128test
#20 51.88 [ 99%] Built target asn1test
#20 51.89 [ 99%] Building C object apps/openssl/CMakeFiles/openssl.dir/spkac.c.o
#20 51.92 [ 99%] Building C object apps/openssl/CMakeFiles/openssl.dir/ts.c.o
#20 52.08 [ 99%] Built target cts128test
#20 52.09 [100%] Building C object apps/openssl/CMakeFiles/openssl.dir/verify.c.o
#20 52.09 [100%] Building C object apps/openssl/CMakeFiles/openssl.dir/version.c.o
#20 52.25 [100%] Building C object apps/openssl/CMakeFiles/openssl.dir/x509.c.o
#20 52.41 [100%] Building C object apps/openssl/CMakeFiles/openssl.dir/apps_posix.c.o
#20 52.47 [100%] Building C object apps/openssl/CMakeFiles/openssl.dir/certhash.c.o
#20 52.50 [100%] Built target tls_prf
#20 52.78 [100%] Built target x509_info
#20 53.00 [100%] Built target tls_ext_alpn
#20 53.93 [100%] Linking C executable openssl
#20 54.58 [100%] Built target openssl
#20 54.59 + LIBRESSL_FUZZERS=/src/libressl.fuzzers/fuzz
#20 54.59 ++ find /src/libressl.fuzzers/fuzz -name '*.c'
#20 54.59 ++ egrep -v 'driver.c|test-corpus.c'
#20 54.59 find: /src/libressl.fuzzers/fuzz: No such file or directory
#20 54.60 + fuzzerFiles=
#20 54.60 Traceback (most recent call last):
#20 54.60   File "<string>", line 1, in <module>
#20 54.60   File "/src/fuzzers/afl/fuzzer.py", line 40, in build
#20 54.60     utils.build_benchmark()
#20 54.60   File "/src/fuzzers/utils.py", line 82, in build_benchmark
#20 54.60     subprocess.check_call(['/bin/bash', '-ex', build_script], env=env)
#20 54.60   File "/usr/local/lib/python3.8/subprocess.py", line 364, in check_call
#20 54.60     raise CalledProcessError(retcode, cmd)
#20 54.60 subprocess.CalledProcessError: Command '['/bin/bash', '-ex', '/src/build.sh']' returned non-zero exit status 1.
#20 ERROR: executor failed running [/bin/sh -c echo "Run fuzzer_build to build the target" && if [ -z "$debug_builder" ] ; then fuzzer_build; fi]: exit code: 1
------
 > importing cache manifest from gcr.io/fuzzbench/builders/afl/libressl_libressl:
------
------
 > [stage-1 13/13] RUN echo "Run fuzzer_build to build the target" && if [ -z "$debug_builder" ] ; then fuzzer_build; fi:
------
executor failed running [/bin/sh -c echo "Run fuzzer_build to build the target" && if [ -z "$debug_builder" ] ; then fuzzer_build; fi]: exit code: 1
make: *** [docker/generated.mk:2748971: .afl-libressl_libressl-builder] Error 1
