WARNING:root:gcloud not found in PATH.
INFO:root:Successfully integrated benchmark: radare2_radare2.
INFO:root:Please run "make test-run-afl-radare2_radare2" to test integration.
#2 [internal] load .dockerignore
#2 sha256:19a0fbd7a0a9c0c59456ad36aa529b7126dda3bb15c725a995f16f437db16f77
#2 transferring context: 2B done
#2 DONE 0.3s

#1 [internal] load build definition from Dockerfile
#1 sha256:388ad68d6a98597c5298e8f733a91b8462df16f4eced144508598b317f032eae
#1 transferring dockerfile: 291B done
#1 DONE 0.3s

#3 [internal] load metadata for gcr.io/oss-fuzz-base/base-builder:latest
#3 sha256:f10dc39cc9d418a5bc416dead31a1902b6821fdae909cd3b08f7a3fd1faba7b5
#3 DONE 0.5s

#10 [internal] load build context
#10 sha256:7967aaeac21358efa088f6d22f3b913437f1ff06cf0b5b87eafa2cf545493e30
#10 DONE 0.0s

#5 [1/7] FROM gcr.io/oss-fuzz-base/base-builder@sha256:f4e5ea12494fab091c5d830cf803b3421f2860f729b9d1b07da44924396cf8cf
#5 sha256:ef290950573a2779ee526af357b28fbddfc20d7409aa51f58f777c9e972cba29
#5 DONE 0.0s

#4 importing cache manifest from gcr.io/fuzzbench/builders/benchmark/radare2_radare2
#4 sha256:cf181658cfdc6050b239547405ca6b6675b4654332f15c4b3aa4c0c67eebb0fb
#4 ERROR: gcr.io/fuzzbench/builders/benchmark/radare2_radare2:latest: not found

#5 [1/7] FROM gcr.io/oss-fuzz-base/base-builder@sha256:f4e5ea12494fab091c5d830cf803b3421f2860f729b9d1b07da44924396cf8cf
#5 sha256:ef290950573a2779ee526af357b28fbddfc20d7409aa51f58f777c9e972cba29
#5 CACHED

#6 [2/7] RUN apt-get update
#6 sha256:2c5e784b7495336c061b797365702c48c9474c005e31792d24ba17ad502f7ad6
#6 ...

#10 [internal] load build context
#10 sha256:7967aaeac21358efa088f6d22f3b913437f1ff06cf0b5b87eafa2cf545493e30
#10 transferring context: 564B done
#10 DONE 0.1s

#6 [2/7] RUN apt-get update
#6 sha256:2c5e784b7495336c061b797365702c48c9474c005e31792d24ba17ad502f7ad6
#6 0.667 Hit:1 http://ppa.launchpad.net/git-core/ppa/ubuntu focal InRelease
#6 0.667 Hit:2 http://archive.ubuntu.com/ubuntu focal InRelease
#6 0.667 Get:3 http://archive.ubuntu.com/ubuntu focal-updates InRelease [114 kB]
#6 0.751 Get:4 http://archive.ubuntu.com/ubuntu focal-backports InRelease [108 kB]
#6 0.783 Get:5 http://security.ubuntu.com/ubuntu focal-security InRelease [114 kB]
#6 1.227 Get:6 http://archive.ubuntu.com/ubuntu focal-updates/universe i386 Packages [827 kB]
#6 1.362 Get:7 http://archive.ubuntu.com/ubuntu focal-updates/universe amd64 Packages [1134 kB]
#6 1.445 Get:8 http://archive.ubuntu.com/ubuntu focal-updates/main amd64 Packages [1973 kB]
#6 1.591 Get:9 http://archive.ubuntu.com/ubuntu focal-updates/main i386 Packages [752 kB]
#6 1.644 Get:10 http://security.ubuntu.com/ubuntu focal-security/main i386 Packages [464 kB]
#6 1.984 Get:11 http://security.ubuntu.com/ubuntu focal-security/universe i386 Packages [657 kB]
#6 2.107 Get:12 http://security.ubuntu.com/ubuntu focal-security/universe amd64 Packages [840 kB]
#6 2.200 Get:13 http://security.ubuntu.com/ubuntu focal-security/main amd64 Packages [1546 kB]
#6 2.552 Fetched 8529 kB in 2s (4506 kB/s)
#6 2.552 Reading package lists...
#6 DONE 4.9s

#7 [3/7] RUN git clone https://github.com/radare/radare2 radare2
#7 sha256:05d2e520a1fd89212478c4d2533bef4f4569fc67afe1cf9674c71417c56ead34
#7 0.616 Cloning into 'radare2'...
#7 DONE 22.4s

#8 [4/7] RUN git clone https://github.com/radare/radare2-regressions radare2-regressions
#8 sha256:b16dc12bc3005509be7d208c6c0e2211f795c06c8bfc62bea4fbb7b4d40fb6d1
#8 0.518 Cloning into 'radare2-regressions'...
#8 0.720 fatal: could not read Username for 'https://github.com': No such device or address
#8 ERROR: executor failed running [/bin/sh -c git clone https://github.com/radare/radare2-regressions radare2-regressions]: exit code: 128
------
 > importing cache manifest from gcr.io/fuzzbench/builders/benchmark/radare2_radare2:
------
------
 > [4/7] RUN git clone https://github.com/radare/radare2-regressions radare2-regressions:
------
executor failed running [/bin/sh -c git clone https://github.com/radare/radare2-regressions radare2-regressions]: exit code: 128
make: *** [docker/generated.mk:58537: .radare2_radare2-project-builder] Error 1
/bin/sh: 1: source: not found
#1 [internal] load build definition from Dockerfile
#1 sha256:29d50f7b2e67c24504503977da9cc826725a5bb0ce6e8836154117d8a1f9b669
#1 transferring dockerfile: 32B done
#1 DONE 0.1s

#2 [internal] load .dockerignore
#2 sha256:a6a2d85c6e1fa5a461a9c9ad982102a9f5f0690e735cdac2d18776c50eb3d813
#2 transferring context: 2B done
#2 DONE 0.1s

#3 [internal] load metadata for gcr.io/oss-fuzz-base/base-builder:latest
#3 sha256:f10dc39cc9d418a5bc416dead31a1902b6821fdae909cd3b08f7a3fd1faba7b5
#3 DONE 0.4s

#10 [internal] load build context
#10 sha256:259330be5165b3914b1ba3eb92dc97780223b1c3e5a1b8682dda5a2201914f6c
#10 DONE 0.0s

#5 [1/7] FROM gcr.io/oss-fuzz-base/base-builder@sha256:f4e5ea12494fab091c5d830cf803b3421f2860f729b9d1b07da44924396cf8cf
#5 sha256:ef290950573a2779ee526af357b28fbddfc20d7409aa51f58f777c9e972cba29
#5 DONE 0.0s

#4 importing cache manifest from gcr.io/fuzzbench/builders/benchmark/radare2_radare2
#4 sha256:cf181658cfdc6050b239547405ca6b6675b4654332f15c4b3aa4c0c67eebb0fb
#4 ERROR: gcr.io/fuzzbench/builders/benchmark/radare2_radare2:latest: not found

#10 [internal] load build context
#10 sha256:259330be5165b3914b1ba3eb92dc97780223b1c3e5a1b8682dda5a2201914f6c
#10 transferring context: 64B done
#10 DONE 0.1s

#6 [2/7] RUN apt-get update
#6 sha256:2c5e784b7495336c061b797365702c48c9474c005e31792d24ba17ad502f7ad6
#6 CACHED

#7 [3/7] RUN git clone https://github.com/radare/radare2 radare2
#7 sha256:05d2e520a1fd89212478c4d2533bef4f4569fc67afe1cf9674c71417c56ead34
#7 CACHED

#8 [4/7] RUN git clone https://github.com/radare/radare2-regressions radare2-regressions
#8 sha256:b16dc12bc3005509be7d208c6c0e2211f795c06c8bfc62bea4fbb7b4d40fb6d1
#8 0.538 Cloning into 'radare2-regressions'...
#8 0.735 fatal: could not read Username for 'https://github.com': No such device or address
#8 ERROR: executor failed running [/bin/sh -c git clone https://github.com/radare/radare2-regressions radare2-regressions]: exit code: 128
------
 > importing cache manifest from gcr.io/fuzzbench/builders/benchmark/radare2_radare2:
------
------
 > [4/7] RUN git clone https://github.com/radare/radare2-regressions radare2-regressions:
------
executor failed running [/bin/sh -c git clone https://github.com/radare/radare2-regressions radare2-regressions]: exit code: 128
make: *** [docker/generated.mk:58537: .radare2_radare2-project-builder] Error 1
