WARNING:root:gcloud not found in PATH.
INFO:root:Successfully integrated benchmark: radare2_radare2.
INFO:root:Please run "make test-run-afl-radare2_radare2" to test integration.
#2 [internal] load .dockerignore
#2 sha256:684da3c457117d82599c1a3dbb2328b55543eea96042b066b688bf7f82e14cbc
#2 transferring context: 2B done
#2 DONE 0.1s

#1 [internal] load build definition from Dockerfile
#1 sha256:550b3258c2271a23b3841ea2f6d918aa67f0a39fe827320edf72236df985601d
#1 transferring dockerfile: 320B done
#1 DONE 0.2s

#3 [internal] load metadata for gcr.io/oss-fuzz-base/base-builder:latest
#3 sha256:f10dc39cc9d418a5bc416dead31a1902b6821fdae909cd3b08f7a3fd1faba7b5
#3 DONE 0.4s

#10 [internal] load build context
#10 sha256:c7897156de98b86231b038b6436e139743d89a1d084fff1258ce946f00f95466
#10 DONE 0.0s

#5 [1/7] FROM gcr.io/oss-fuzz-base/base-builder@sha256:f4e5ea12494fab091c5d830cf803b3421f2860f729b9d1b07da44924396cf8cf
#5 sha256:ef290950573a2779ee526af357b28fbddfc20d7409aa51f58f777c9e972cba29
#5 DONE 0.0s

#4 importing cache manifest from gcr.io/fuzzbench/builders/benchmark/radare2_radare2
#4 sha256:cf181658cfdc6050b239547405ca6b6675b4654332f15c4b3aa4c0c67eebb0fb
#4 ERROR: gcr.io/fuzzbench/builders/benchmark/radare2_radare2:latest: not found

#6 [2/7] RUN apt-get update
#6 sha256:2c5e784b7495336c061b797365702c48c9474c005e31792d24ba17ad502f7ad6
#6 CACHED

#7 [3/7] RUN git clone https://github.com/radare/radare2 radare2
#7 sha256:05d2e520a1fd89212478c4d2533bef4f4569fc67afe1cf9674c71417c56ead34
#7 CACHED

#10 [internal] load build context
#10 sha256:c7897156de98b86231b038b6436e139743d89a1d084fff1258ce946f00f95466
#10 transferring context: 64B done
#10 DONE 0.1s

#8 [4/7] RUN git clone https://github.com/radare/radare2-regressions radare2-regressions
#8 sha256:b16dc12bc3005509be7d208c6c0e2211f795c06c8bfc62bea4fbb7b4d40fb6d1
#8 0.379 Cloning into 'radare2-regressions'...
#8 0.586 fatal: could not read Username for 'https://github.com': No such device or address
#8 ERROR: executor failed running [/bin/sh -c git clone https://github.com/radare/radare2-regressions radare2-regressions]: exit code: 128
------
 > importing cache manifest from gcr.io/fuzzbench/builders/benchmark/radare2_radare2:
------
------
 > [4/7] RUN git clone https://github.com/radare/radare2-regressions radare2-regressions:
------
executor failed running [/bin/sh -c git clone https://github.com/radare/radare2-regressions radare2-regressions]: exit code: 128
make: *** [docker/generated.mk:58537: .radare2_radare2-project-builder] Error 1
/bin/sh: 1: source: not found
#2 [internal] load .dockerignore
#2 sha256:79e2434142b8b212ec7d7623177924cff645a43147524091f86b564ca2cbcc74
#2 transferring context: 2B done
#2 DONE 0.2s

#1 [internal] load build definition from Dockerfile
#1 sha256:6bbfdb8e15ac867be81fd5bb2983ef0c3f9352abb441b6ddd37710297b0e4bf1
#1 transferring dockerfile: 32B done
#1 DONE 0.3s

#3 [internal] load metadata for gcr.io/oss-fuzz-base/base-builder:latest
#3 sha256:f10dc39cc9d418a5bc416dead31a1902b6821fdae909cd3b08f7a3fd1faba7b5
#3 DONE 0.4s

#10 [internal] load build context
#10 sha256:97af46df3e2a40444bba518cb3fe06b4052da78e1bd751545f110dc67860d1fb
#10 DONE 0.0s

#5 [1/7] FROM gcr.io/oss-fuzz-base/base-builder@sha256:f4e5ea12494fab091c5d830cf803b3421f2860f729b9d1b07da44924396cf8cf
#5 sha256:ef290950573a2779ee526af357b28fbddfc20d7409aa51f58f777c9e972cba29
#5 DONE 0.0s

#4 importing cache manifest from gcr.io/fuzzbench/builders/benchmark/radare2_radare2
#4 sha256:cf181658cfdc6050b239547405ca6b6675b4654332f15c4b3aa4c0c67eebb0fb
#4 ERROR: gcr.io/fuzzbench/builders/benchmark/radare2_radare2:latest: not found

#6 [2/7] RUN apt-get update
#6 sha256:2c5e784b7495336c061b797365702c48c9474c005e31792d24ba17ad502f7ad6
#6 CACHED

#7 [3/7] RUN git clone https://github.com/radare/radare2 radare2
#7 sha256:05d2e520a1fd89212478c4d2533bef4f4569fc67afe1cf9674c71417c56ead34
#7 CACHED

#10 [internal] load build context
#10 sha256:97af46df3e2a40444bba518cb3fe06b4052da78e1bd751545f110dc67860d1fb
#10 transferring context: 64B done
#10 DONE 0.1s

#8 [4/7] RUN git clone https://github.com/radare/radare2-regressions radare2-regressions
#8 sha256:b16dc12bc3005509be7d208c6c0e2211f795c06c8bfc62bea4fbb7b4d40fb6d1
#8 0.505 Cloning into 'radare2-regressions'...
#8 0.703 fatal: could not read Username for 'https://github.com': No such device or address
#8 ERROR: executor failed running [/bin/sh -c git clone https://github.com/radare/radare2-regressions radare2-regressions]: exit code: 128
------
 > importing cache manifest from gcr.io/fuzzbench/builders/benchmark/radare2_radare2:
------
------
 > [4/7] RUN git clone https://github.com/radare/radare2-regressions radare2-regressions:
------
executor failed running [/bin/sh -c git clone https://github.com/radare/radare2-regressions radare2-regressions]: exit code: 128
make: *** [docker/generated.mk:58537: .radare2_radare2-project-builder] Error 1
