WARNING:root:gcloud not found in PATH.
INFO:root:Successfully integrated benchmark: c-blosc_c-blosc.
INFO:root:Please run "make test-run-afl-c-blosc_c-blosc" to test integration.
#2 [internal] load .dockerignore
#2 sha256:92c6e13ff3d74d0950249063713748dd598b161c69e3f1848f79e92143864514
#2 transferring context: 2B done
#2 DONE 0.4s

#1 [internal] load build definition from Dockerfile
#1 sha256:6e944176d8e605754b209e9109c532bad65594b6d7137fc933976600a6e8da27
#1 transferring dockerfile: 956B done
#1 DONE 0.3s

#3 [internal] load metadata for gcr.io/oss-fuzz-base/base-builder:latest
#3 sha256:f10dc39cc9d418a5bc416dead31a1902b6821fdae909cd3b08f7a3fd1faba7b5
#3 DONE 0.4s

#9 [internal] load build context
#9 sha256:11a6f9b6480103be17d419f290b24a0fae2eb91405c8678fdca6c27e2f573538
#9 DONE 0.0s

#5 [1/5] FROM gcr.io/oss-fuzz-base/base-builder@sha256:4ad017ca53699eda684c1c444948c93a4af848fe34baee3a765d3c4693fe6a56
#5 sha256:3f10b3978a3951f6e2692fa5e5890ee5a755650381dedece7198ed0b1dcdaa8c
#5 DONE 0.0s

#4 importing cache manifest from gcr.io/fuzzbench/builders/benchmark/c-blosc_c-blosc
#4 sha256:55b9699d08fb7496a6ea8be791e8b83df6c84113be1fc39d5b89f98b255c3f6d
#4 ERROR: gcr.io/fuzzbench/builders/benchmark/c-blosc_c-blosc:latest: not found

#5 [1/5] FROM gcr.io/oss-fuzz-base/base-builder@sha256:4ad017ca53699eda684c1c444948c93a4af848fe34baee3a765d3c4693fe6a56
#5 sha256:3f10b3978a3951f6e2692fa5e5890ee5a755650381dedece7198ed0b1dcdaa8c
#5 CACHED

#9 [internal] load build context
#9 sha256:11a6f9b6480103be17d419f290b24a0fae2eb91405c8678fdca6c27e2f573538
#9 transferring context: 1.17kB done
#9 DONE 0.1s

#6 [2/5] RUN apt-get update && apt-get install -y make autoconf automake libtool cmake
#6 sha256:0c734aecf1b283c063c3bbc6f7e827fdfd9889f2d9f9c17d96046a591ed89710
#6 0.606 Hit:1 http://ppa.launchpad.net/git-core/ppa/ubuntu focal InRelease
#6 0.606 Hit:2 http://archive.ubuntu.com/ubuntu focal InRelease
#6 0.606 Get:3 http://archive.ubuntu.com/ubuntu focal-updates InRelease [114 kB]
#6 0.700 Get:4 http://archive.ubuntu.com/ubuntu focal-backports InRelease [108 kB]
#6 0.738 Get:5 http://security.ubuntu.com/ubuntu focal-security InRelease [114 kB]
#6 1.151 Get:6 http://archive.ubuntu.com/ubuntu focal-updates/main i386 Packages [752 kB]
#6 1.259 Get:7 http://archive.ubuntu.com/ubuntu focal-updates/universe amd64 Packages [1134 kB]
#6 1.343 Get:8 http://archive.ubuntu.com/ubuntu focal-updates/universe i386 Packages [827 kB]
#6 1.404 Get:9 http://archive.ubuntu.com/ubuntu focal-updates/main amd64 Packages [1973 kB]
#6 1.550 Get:10 http://security.ubuntu.com/ubuntu focal-security/main amd64 Packages [1547 kB]
#6 2.092 Fetched 6568 kB in 2s (4143 kB/s)
#6 2.092 Reading package lists...
#6 3.702 Reading package lists...
#6 5.115 Building dependency tree...
#6 5.326 Reading state information...
#6 5.537 make is already the newest version (4.2.1-1.2).
#6 5.537 make set to manually installed.
#6 5.537 The following additional packages will be installed:
#6 5.537   autotools-dev cmake-data libarchive13 libjsoncpp1 libltdl-dev libltdl7
#6 5.538   librhash0 libsigsegv2 libuv1 m4
#6 5.540 Suggested packages:
#6 5.540   autoconf-archive gnu-standards autoconf-doc gettext cmake-doc ninja-build
#6 5.540   lrzip libtool-doc gfortran | fortran95-compiler gcj-jdk m4-doc
#6 5.590 The following NEW packages will be installed:
#6 5.591   autoconf automake autotools-dev cmake cmake-data libarchive13 libjsoncpp1
#6 5.593   libltdl-dev libltdl7 librhash0 libsigsegv2 libtool libuv1 m4
#6 5.665 0 upgraded, 14 newly installed, 0 to remove and 0 not upgraded.
#6 5.665 Need to get 7334 kB of archives.
#6 5.665 After this operation, 36.1 MB of additional disk space will be used.
#6 5.665 Get:1 http://archive.ubuntu.com/ubuntu focal-updates/main amd64 libuv1 amd64 1.34.2-1ubuntu1.3 [80.8 kB]
#6 5.753 Get:2 http://archive.ubuntu.com/ubuntu focal/main amd64 libsigsegv2 amd64 2.12-2 [13.9 kB]
#6 5.755 Get:3 http://archive.ubuntu.com/ubuntu focal/main amd64 m4 amd64 1.4.18-4 [199 kB]
#6 5.797 Get:4 http://archive.ubuntu.com/ubuntu focal/main amd64 autoconf all 2.69-11.1 [321 kB]
#6 5.823 Get:5 http://archive.ubuntu.com/ubuntu focal/main amd64 autotools-dev all 20180224.1 [39.6 kB]
#6 5.825 Get:6 http://archive.ubuntu.com/ubuntu focal/main amd64 automake all 1:1.16.1-4ubuntu6 [522 kB]
#6 5.864 Get:7 http://archive.ubuntu.com/ubuntu focal/main amd64 cmake-data all 3.16.3-1ubuntu1 [1612 kB]
#6 5.985 Get:8 http://archive.ubuntu.com/ubuntu focal/main amd64 libarchive13 amd64 3.4.0-2ubuntu1 [327 kB]
#6 6.010 Get:9 http://archive.ubuntu.com/ubuntu focal/main amd64 libjsoncpp1 amd64 1.7.4-3.1ubuntu2 [75.6 kB]
#6 6.016 Get:10 http://archive.ubuntu.com/ubuntu focal/main amd64 librhash0 amd64 1.3.9-1 [113 kB]
#6 6.026 Get:11 http://archive.ubuntu.com/ubuntu focal/main amd64 cmake amd64 3.16.3-1ubuntu1 [3669 kB]
#6 6.301 Get:12 http://archive.ubuntu.com/ubuntu focal/main amd64 libltdl7 amd64 2.4.6-14 [38.5 kB]
#6 6.303 Get:13 http://archive.ubuntu.com/ubuntu focal/main amd64 libltdl-dev amd64 2.4.6-14 [162 kB]
#6 6.315 Get:14 http://archive.ubuntu.com/ubuntu focal/main amd64 libtool all 2.4.6-14 [161 kB]
#6 6.612 debconf: delaying package configuration, since apt-utils is not installed
#6 6.735 Fetched 7334 kB in 1s (10.2 MB/s)
#6 6.894 Selecting previously unselected package libuv1:amd64.
#6 6.894 (Reading database ... (Reading database ... 5%(Reading database ... 10%(Reading database ... 15%(Reading database ... 20%(Reading database ... 25%(Reading database ... 30%(Reading database ... 35%(Reading database ... 40%(Reading database ... 45%(Reading database ... 50%(Reading database ... 55%(Reading database ... 60%(Reading database ... 65%(Reading database ... 70%(Reading database ... 75%(Reading database ... 80%(Reading database ... 85%(Reading database ... 90%(Reading database ... 95%(Reading database ... 100%(Reading database ... 21291 files and directories currently installed.)
#6 6.916 Preparing to unpack .../00-libuv1_1.34.2-1ubuntu1.3_amd64.deb ...
#6 6.973 Unpacking libuv1:amd64 (1.34.2-1ubuntu1.3) ...
#6 7.128 Selecting previously unselected package libsigsegv2:amd64.
#6 7.131 Preparing to unpack .../01-libsigsegv2_2.12-2_amd64.deb ...
#6 7.151 Unpacking libsigsegv2:amd64 (2.12-2) ...
#6 7.278 Selecting previously unselected package m4.
#6 7.281 Preparing to unpack .../02-m4_1.4.18-4_amd64.deb ...
#6 7.301 Unpacking m4 (1.4.18-4) ...
#6 7.452 Selecting previously unselected package autoconf.
#6 7.456 Preparing to unpack .../03-autoconf_2.69-11.1_all.deb ...
#6 7.468 Unpacking autoconf (2.69-11.1) ...
#6 7.624 Selecting previously unselected package autotools-dev.
#6 7.627 Preparing to unpack .../04-autotools-dev_20180224.1_all.deb ...
#6 7.646 Unpacking autotools-dev (20180224.1) ...
#6 7.793 Selecting previously unselected package automake.
#6 7.796 Preparing to unpack .../05-automake_1%3a1.16.1-4ubuntu6_all.deb ...
#6 7.810 Unpacking automake (1:1.16.1-4ubuntu6) ...
#6 8.026 Selecting previously unselected package cmake-data.
#6 8.029 Preparing to unpack .../06-cmake-data_3.16.3-1ubuntu1_all.deb ...
#6 8.042 Unpacking cmake-data (3.16.3-1ubuntu1) ...
#6 8.692 Selecting previously unselected package libarchive13:amd64.
#6 8.697 Preparing to unpack .../07-libarchive13_3.4.0-2ubuntu1_amd64.deb ...
#6 8.711 Unpacking libarchive13:amd64 (3.4.0-2ubuntu1) ...
#6 8.850 Selecting previously unselected package libjsoncpp1:amd64.
#6 8.853 Preparing to unpack .../08-libjsoncpp1_1.7.4-3.1ubuntu2_amd64.deb ...
#6 8.866 Unpacking libjsoncpp1:amd64 (1.7.4-3.1ubuntu2) ...
#6 8.994 Selecting previously unselected package librhash0:amd64.
#6 8.996 Preparing to unpack .../09-librhash0_1.3.9-1_amd64.deb ...
#6 9.011 Unpacking librhash0:amd64 (1.3.9-1) ...
#6 9.087 Selecting previously unselected package cmake.
#6 9.091 Preparing to unpack .../10-cmake_3.16.3-1ubuntu1_amd64.deb ...
#6 9.104 Unpacking cmake (3.16.3-1ubuntu1) ...
#6 9.658 Selecting previously unselected package libltdl7:amd64.
#6 9.662 Preparing to unpack .../11-libltdl7_2.4.6-14_amd64.deb ...
#6 9.672 Unpacking libltdl7:amd64 (2.4.6-14) ...
#6 9.757 Selecting previously unselected package libltdl-dev:amd64.
#6 9.761 Preparing to unpack .../12-libltdl-dev_2.4.6-14_amd64.deb ...
#6 9.766 Unpacking libltdl-dev:amd64 (2.4.6-14) ...
#6 9.883 Selecting previously unselected package libtool.
#6 9.887 Preparing to unpack .../13-libtool_2.4.6-14_all.deb ...
#6 9.896 Unpacking libtool (2.4.6-14) ...
#6 10.03 Setting up libarchive13:amd64 (3.4.0-2ubuntu1) ...
#6 10.09 Setting up autotools-dev (20180224.1) ...
#6 10.12 Setting up libuv1:amd64 (1.34.2-1ubuntu1.3) ...
#6 10.15 Setting up libsigsegv2:amd64 (2.12-2) ...
#6 10.17 Setting up libltdl7:amd64 (2.4.6-14) ...
#6 10.19 Setting up librhash0:amd64 (1.3.9-1) ...
#6 10.22 Setting up cmake-data (3.16.3-1ubuntu1) ...
#6 10.28 Setting up libjsoncpp1:amd64 (1.7.4-3.1ubuntu2) ...
#6 10.30 Setting up libtool (2.4.6-14) ...
#6 10.32 Setting up m4 (1.4.18-4) ...
#6 10.33 Setting up autoconf (2.69-11.1) ...
#6 10.35 Setting up cmake (3.16.3-1ubuntu1) ...
#6 10.37 Setting up automake (1:1.16.1-4ubuntu6) ...
#6 10.39 update-alternatives: using /usr/bin/automake-1.16 to provide /usr/bin/automake (automake) in auto mode
#6 10.39 update-alternatives: warning: skip creation of /usr/share/man/man1/automake.1.gz because associated file /usr/share/man/man1/automake-1.16.1.gz (of link group automake) doesn't exist
#6 10.39 update-alternatives: warning: skip creation of /usr/share/man/man1/aclocal.1.gz because associated file /usr/share/man/man1/aclocal-1.16.1.gz (of link group automake) doesn't exist
#6 10.40 Setting up libltdl-dev:amd64 (2.4.6-14) ...
#6 10.41 Processing triggers for libc-bin (2.31-0ubuntu9.2) ...
#6 DONE 10.9s

#7 [3/5] RUN git clone --depth 1 https://github.com/Blosc/c-blosc.git c-blosc
#7 sha256:efd0bbeb489bc133beb61f331307df2ea3830ed09c2ad477ab5fd6d8fe4811c5
#7 0.430 Cloning into 'c-blosc'...
#7 DONE 2.5s

#8 [4/5] WORKDIR c-blosc
#8 sha256:9310cfa8281b1e9f922d631314bb8ec2febfd114b35251ca133f36791b85a60e
#8 DONE 0.1s

#10 [5/5] COPY build.sh /src/
#10 sha256:ff9d34b44194f5c7550ce8bbe369d37ee26fbed63e81264fdcc098023433a01d
#10 DONE 0.2s

#11 exporting to image
#11 sha256:e8c613e07b0b7ff33893b694f7759a10d42e180f2b4dc349fb57dc6b71dcab00
#11 exporting layers done
#11 writing image sha256:bcf58c08d055ec9d1b73b1bc3e70835f571b6e97ba91763760539e741fe1a58f
#11 writing image sha256:bcf58c08d055ec9d1b73b1bc3e70835f571b6e97ba91763760539e741fe1a58f done
#11 naming to gcr.io/fuzzbench/builders/benchmark/c-blosc_c-blosc 0.0s done
#11 DONE 0.3s

#12 exporting cache
#12 sha256:2700d4ef94dee473593c5c614b55b2dedcca7893909811a8f2b48291a1f581e4
#12 preparing build cache for export done
#12 DONE 0.0s
------
 > importing cache manifest from gcr.io/fuzzbench/builders/benchmark/c-blosc_c-blosc:
------
#1 [internal] load build definition from builder.Dockerfile
#1 sha256:cdda1152d698f910fbbf6acbb15665e3f23e23e25225f87e1a9e2ffce7bbc17e
#1 transferring dockerfile: 1.35kB done
#1 DONE 0.1s

#2 [internal] load .dockerignore
#2 sha256:6853710d2551776b099eb9ad5d290245596959021569ff96de62523386725618
#2 transferring context: 2B done
#2 DONE 0.1s

#3 [internal] load metadata for gcr.io/fuzzbench/builders/benchmark/c-blosc_c-blosc:latest
#3 sha256:3132141c1baafec214a55e82209ddb5aa1077367e9a9076a1e9d1069a70a26f5
#3 DONE 0.0s

#5 [1/3] FROM gcr.io/fuzzbench/builders/benchmark/c-blosc_c-blosc
#5 sha256:1957015a57ebc8f15889d1cb077f4958a82ea0a9ab527dca9b3453cbebb8debb
#5 DONE 0.0s

#4 importing cache manifest from gcr.io/fuzzbench/builders/afl/c-blosc_c-blosc-intermediate
#4 sha256:cbcadacd11dc54132dad0e52cd38a0dbf956c2dd68315d65af3437d475e1f3dc
#4 ERROR: gcr.io/fuzzbench/builders/afl/c-blosc_c-blosc-intermediate:latest: not found

#5 [1/3] FROM gcr.io/fuzzbench/builders/benchmark/c-blosc_c-blosc
#5 sha256:1957015a57ebc8f15889d1cb077f4958a82ea0a9ab527dca9b3453cbebb8debb
#5 DONE 0.7s

#6 [2/3] RUN git clone https://github.com/google/AFL.git /afl &&     cd /afl &&     git checkout 61037103ae3722c8060ff7082994836a794f978e &&     AFL_NO_X86=1 make
#6 sha256:628fd2bb8ed1d09abfc2207dcf01ca7458145f0f81d0dc5c42b53cc04e6ef4ed
#6 0.428 Cloning into '/afl'...
#6 1.266 Note: switching to '61037103ae3722c8060ff7082994836a794f978e'.
#6 1.266 
#6 1.266 You are in 'detached HEAD' state. You can look around, make experimental
#6 1.266 changes and commit them, and you can discard any commits you make in this
#6 1.266 state without impacting any branches by switching back to a branch.
#6 1.266 
#6 1.266 If you want to create a new branch to retain commits you create, you may
#6 1.266 do so (now or later) by using -c with the switch command. Example:
#6 1.266 
#6 1.266   git switch -c <new-branch-name>
#6 1.266 
#6 1.266 Or undo this operation with:
#6 1.266 
#6 1.266   git switch -
#6 1.266 
#6 1.266 Turn off this advice by setting config variable advice.detachedHead to false
#6 1.266 
#6 1.266 HEAD is now at 6103710 Fix a typo filename comparison in the fuzzer (#139)
#6 1.313 [!] Note: skipping x86 compilation checks (AFL_NO_X86 set).
#6 1.313 clang -O1 -fno-omit-frame-pointer -gline-tables-only -DFUZZING_BUILD_MODE_UNSAFE_FOR_PRODUCTION -Wall -D_FORTIFY_SOURCE=2 -g -Wno-pointer-sign -DAFL_PATH=\"/usr/local/lib/afl\" -DDOC_PATH=\"/usr/local/share/doc/afl\" -DBIN_PATH=\"/usr/local/bin\" afl-gcc.c -o afl-gcc -ldl
#6 1.510 set -e; for i in afl-g++ afl-clang afl-clang++; do ln -sf afl-gcc $i; done
#6 1.518 clang -O1 -fno-omit-frame-pointer -gline-tables-only -DFUZZING_BUILD_MODE_UNSAFE_FOR_PRODUCTION -Wall -D_FORTIFY_SOURCE=2 -g -Wno-pointer-sign -DAFL_PATH=\"/usr/local/lib/afl\" -DDOC_PATH=\"/usr/local/share/doc/afl\" -DBIN_PATH=\"/usr/local/bin\" afl-fuzz.c -o afl-fuzz -ldl
#6 3.886 clang -O1 -fno-omit-frame-pointer -gline-tables-only -DFUZZING_BUILD_MODE_UNSAFE_FOR_PRODUCTION -Wall -D_FORTIFY_SOURCE=2 -g -Wno-pointer-sign -DAFL_PATH=\"/usr/local/lib/afl\" -DDOC_PATH=\"/usr/local/share/doc/afl\" -DBIN_PATH=\"/usr/local/bin\" afl-showmap.c -o afl-showmap -ldl
#6 4.206 clang -O1 -fno-omit-frame-pointer -gline-tables-only -DFUZZING_BUILD_MODE_UNSAFE_FOR_PRODUCTION -Wall -D_FORTIFY_SOURCE=2 -g -Wno-pointer-sign -DAFL_PATH=\"/usr/local/lib/afl\" -DDOC_PATH=\"/usr/local/share/doc/afl\" -DBIN_PATH=\"/usr/local/bin\" afl-tmin.c -o afl-tmin -ldl
#6 4.639 clang -O1 -fno-omit-frame-pointer -gline-tables-only -DFUZZING_BUILD_MODE_UNSAFE_FOR_PRODUCTION -Wall -D_FORTIFY_SOURCE=2 -g -Wno-pointer-sign -DAFL_PATH=\"/usr/local/lib/afl\" -DDOC_PATH=\"/usr/local/share/doc/afl\" -DBIN_PATH=\"/usr/local/bin\" afl-gotcpu.c -o afl-gotcpu -ldl
#6 4.788 clang -O1 -fno-omit-frame-pointer -gline-tables-only -DFUZZING_BUILD_MODE_UNSAFE_FOR_PRODUCTION -Wall -D_FORTIFY_SOURCE=2 -g -Wno-pointer-sign -DAFL_PATH=\"/usr/local/lib/afl\" -DDOC_PATH=\"/usr/local/share/doc/afl\" -DBIN_PATH=\"/usr/local/bin\" afl-analyze.c -o afl-analyze -ldl
#6 5.186 clang -O1 -fno-omit-frame-pointer -gline-tables-only -DFUZZING_BUILD_MODE_UNSAFE_FOR_PRODUCTION -Wall -D_FORTIFY_SOURCE=2 -g -Wno-pointer-sign -DAFL_PATH=\"/usr/local/lib/afl\" -DDOC_PATH=\"/usr/local/share/doc/afl\" -DBIN_PATH=\"/usr/local/bin\" afl-as.c -o afl-as -ldl
#6 5.422 ln -sf afl-as as
#6 5.425 [!] Note: skipping build tests (you may need to use LLVM or QEMU mode).
#6 5.427 [+] LLVM users: see llvm_mode/README.llvm for a faster alternative to afl-gcc.
#6 5.428 [+] All done! Be sure to review README - it's pretty short and useful.
#6 DONE 5.9s

#7 [3/3] RUN apt-get update &&     apt-get install wget -y &&     wget https://raw.githubusercontent.com/llvm/llvm-project/5feb80e748924606531ba28c97fe65145c65372e/compiler-rt/lib/fuzzer/afl/afl_driver.cpp -O /afl/afl_driver.cpp &&     clang -Wno-pointer-sign -c /afl/llvm_mode/afl-llvm-rt.o.c -I/afl &&     clang++ -stdlib=libc++ -std=c++11 -O2 -c /afl/afl_driver.cpp &&     ar r /libAFL.a *.o
#7 sha256:0ef0db3a47a62f0c741c86531da1391e148fef9b826d79baad2a29718d0a4bc2
#7 0.729 Hit:1 http://ppa.launchpad.net/git-core/ppa/ubuntu focal InRelease
#7 0.729 Hit:2 http://archive.ubuntu.com/ubuntu focal InRelease
#7 0.729 Hit:3 http://archive.ubuntu.com/ubuntu focal-updates InRelease
#7 0.745 Hit:4 http://archive.ubuntu.com/ubuntu focal-backports InRelease
#7 0.840 Hit:5 http://security.ubuntu.com/ubuntu focal-security InRelease
#7 1.650 Reading package lists...
#7 3.157 Reading package lists...
#7 4.616 Building dependency tree...
#7 4.837 Reading state information...
#7 5.092 wget is already the newest version (1.20.3-1ubuntu2).
#7 5.092 0 upgraded, 0 newly installed, 0 to remove and 0 not upgraded.
#7 5.136 --2022-02-16 11:22:30--  https://raw.githubusercontent.com/llvm/llvm-project/5feb80e748924606531ba28c97fe65145c65372e/compiler-rt/lib/fuzzer/afl/afl_driver.cpp
#7 5.139 Resolving raw.githubusercontent.com (raw.githubusercontent.com)... 185.199.109.133, 185.199.110.133, 185.199.111.133, ...
#7 5.141 Connecting to raw.githubusercontent.com (raw.githubusercontent.com)|185.199.109.133|:443... connected.
#7 5.164 HTTP request sent, awaiting response... 200 OK
#7 5.337 Length: 9177 (9.0K) [text/plain]
#7 5.337 Saving to: '/afl/afl_driver.cpp'
#7 5.337 
#7 5.337      0K ........                                              100% 8.68M=0.001s
#7 5.338 
#7 5.338 2022-02-16 11:22:30 (8.68 MB/s) - '/afl/afl_driver.cpp' saved [9177/9177]
#7 5.338 
#7 7.095 ar: creating /libAFL.a
#7 DONE 7.4s

#8 exporting to image
#8 sha256:e8c613e07b0b7ff33893b694f7759a10d42e180f2b4dc349fb57dc6b71dcab00
#8 exporting layers done
#8 writing image sha256:92286c39acf6ddac77e318a78a0a907581db5955293fe2ee6ea158269c0994d4 done
#8 naming to gcr.io/fuzzbench/builders/afl/c-blosc_c-blosc-intermediate done
#8 DONE 0.2s

#9 exporting cache
#9 sha256:2700d4ef94dee473593c5c614b55b2dedcca7893909811a8f2b48291a1f581e4
#9 preparing build cache for export done
#9 DONE 0.0s
------
 > importing cache manifest from gcr.io/fuzzbench/builders/afl/c-blosc_c-blosc-intermediate:
------
#1 [internal] load build definition from Dockerfile
#1 sha256:da216b2f8b5100f4f165359e1ffb23cc68c76e72329a619f06968c6c58195ea9
#1 transferring dockerfile: 2.00kB done
#1 DONE 0.1s

#2 [internal] load .dockerignore
#2 sha256:6d419be9cd9cb43f1fa29e30c0ba3bb6184c2b592521690a72a2ab90727817b5
#2 transferring context: 34B done
#2 DONE 0.1s

#3 [internal] load metadata for docker.io/library/ubuntu:xenial
#3 sha256:f62bae18ed588840f045c881b2502661f2a89578a2f8f99b83f5200ee83dd25b
#3 DONE 0.0s

#5 [1/7] FROM docker.io/library/ubuntu:xenial
#5 sha256:14dd403f25ae9e519bd44f27dc17af7ce80f5a4f9f48ca88108364e67ec5d360
#5 DONE 0.0s

#4 importing cache manifest from gcr.io/fuzzbench/base-image
#4 sha256:9b220ebb4d4daceed1b96df9b6dca076e762f1cd612574f010b82d5b9e5ad896
#4 DONE 0.0s

#8 [internal] load build context
#8 sha256:91311cc2ce19a8bee79ddfd0802e7b3c89002f03dcb51bfe84e12a4b9c32424e
#8 transferring context: 559B 0.2s done
#8 DONE 0.2s

#11 [6/7] RUN apt-get update -y && apt-get install -y     apt-transport-https     lsb-release
#11 sha256:dd254b35af26db712c60e46dc398d016ebf223ee5b61fe999fc2e24dd56556f9
#11 CACHED

#6 [2/7] RUN apt-get update -y && apt-get install -y     build-essential     rsync     curl     zlib1g-dev     libncurses5-dev     libgdbm-dev     libnss3-dev     libssl-dev     libreadline-dev     libffi-dev     virtualenv     libbz2-dev     liblzma-dev     libsqlite3-dev
#6 sha256:3a1b0960f17eed529eaae93dc8fd3554f2743dd584d8fa569cdbe6bc734371ac
#6 CACHED

#7 [3/7] RUN cd /tmp/ &&     curl -O https://www.python.org/ftp/python/3.8.6/Python-3.8.6.tar.xz &&     tar -xvf Python-3.8.6.tar.xz &&     cd Python-3.8.6 &&     ./configure --enable-loadable-sqlite-extensions --enable-optimizations &&     make -j install &&     rm -r /tmp/Python-3.8.6.tar.xz /tmp/Python-3.8.6
#7 sha256:c5b9d1fb3371e84dbc60b76e7b2f8d5913bc93bcd4910ab65daa03e7b2ec4bb0
#7 CACHED

#9 [4/7] COPY ./requirements.txt /
#9 sha256:21e1766fd9b9c710da82e650830569c7ee13398383a77cf9697f3ee0bb8288d5
#9 CACHED

#10 [5/7] RUN pip3 install -r /requirements.txt
#10 sha256:82ca9c1a468692cf6a7f0994e67819533282c6efaea2cd9df63f797e7071ef16
#10 CACHED

#12 [7/7] RUN CLOUD_SDK_REPO="cloud-sdk-$(lsb_release -c -s)" &&     echo "deb https://packages.cloud.google.com/apt $CLOUD_SDK_REPO main"     | tee -a /etc/apt/sources.list.d/google-cloud-sdk.list &&     curl https://packages.cloud.google.com/apt/doc/apt-key.gpg     | apt-key add - &&     apt-get update -y &&     apt-get install -y google-cloud-sdk
#12 sha256:c594eb71c84ed4ededcd459cba4b9c17ee6b10064aab27684cc6b7f7e225c9a3
#12 CACHED

#13 exporting to image
#13 sha256:e8c613e07b0b7ff33893b694f7759a10d42e180f2b4dc349fb57dc6b71dcab00
#13 exporting layers done
#13 writing image sha256:139540fb22a119f888cb3e5ed6e013e8d868574697f5fb839e5da9e23de73e0a 0.0s done
#13 naming to gcr.io/fuzzbench/base-image done
#13 DONE 0.1s

#14 exporting cache
#14 sha256:2700d4ef94dee473593c5c614b55b2dedcca7893909811a8f2b48291a1f581e4
#14 preparing build cache for export done
#14 DONE 0.0s
#1 [internal] load build definition from Dockerfile
#1 sha256:5afeda7c2931b507a8f29fe74f4daa9e4415839c943ebc5599c0dd6f0f1a6e1e
#1 transferring dockerfile: 2.22kB done
#1 DONE 0.1s

#2 [internal] load .dockerignore
#2 sha256:60bf189345a630b79c8abdad5d0601875f516f47400b0e654a6597df4703f3ce
#2 transferring context: 34B done
#2 DONE 0.1s

#4 [internal] load metadata for gcr.io/fuzzbench/base-image:latest
#4 sha256:932022888f650cc455b10eb5123bb08c0cccacac29a693e69314abbfd28a72c3
#4 DONE 0.0s

#3 [internal] load metadata for gcr.io/fuzzbench/builders/afl/c-blosc_c-blosc-intermediate:latest
#3 sha256:5bbe185ee0c9ea45fa8ef1a339d4e808cf62191aa7c477cc3addea6565a73532
#3 DONE 0.0s

#12 [internal] load build context
#12 sha256:97e8deabe3c13c77eb25f752d309ce1d0309c53badbd442bf6a13056c9d9b293
#12 DONE 0.0s

#7 [base-image 1/1] FROM gcr.io/fuzzbench/base-image
#7 sha256:4d07825694520f8b6f6a0d8592dbd345433361ae044cb7f06706c5a95e3daaad
#7 DONE 0.0s

#6 [stage-1  1/13] FROM gcr.io/fuzzbench/builders/afl/c-blosc_c-blosc-intermediate
#6 sha256:70d6cfcb9ac686e795a88e005e384da4b69d62ab3f82cd3a4fa3334f01944ade
#6 DONE 0.0s

#5 importing cache manifest from gcr.io/fuzzbench/builders/afl/c-blosc_c-blosc
#5 sha256:8851d3678b6c0798b72451f1cee158d5c80fd7ad0f676fd51ad910c3579ea042
#5 ERROR: gcr.io/fuzzbench/builders/afl/c-blosc_c-blosc:latest: not found

#7 [base-image 1/1] FROM gcr.io/fuzzbench/base-image
#7 sha256:4d07825694520f8b6f6a0d8592dbd345433361ae044cb7f06706c5a95e3daaad
#7 CACHED

#12 [internal] load build context
#12 sha256:97e8deabe3c13c77eb25f752d309ce1d0309c53badbd442bf6a13056c9d9b293
#12 transferring context: 669.87kB 0.1s done
#12 DONE 0.1s

#6 [stage-1  1/13] FROM gcr.io/fuzzbench/builders/afl/c-blosc_c-blosc-intermediate
#6 sha256:70d6cfcb9ac686e795a88e005e384da4b69d62ab3f82cd3a4fa3334f01944ade
#6 DONE 0.6s

#8 [stage-1  2/13] COPY --from=base-image /usr/local/bin/python3* /usr/local/bin/
#8 sha256:c2e7d49a490e1113c4de89a119e4727b5308a2a7ad5b2cd8ff77c8c322c7d90f
#8 DONE 0.5s

#9 [stage-1  3/13] COPY --from=base-image /usr/local/lib/python3.8 /usr/local/lib/python3.8
#9 sha256:4785c5c8b2a0f19619a10001f322fea1563bbc6550ce788d943c2aee49ab32cd
#9 DONE 20.2s

#10 [stage-1  4/13] COPY --from=base-image /usr/local/include/python3.8 /usr/local/include/python3.8
#10 sha256:26fed9720eb0043ffbc896302b70e31e60e76653d9824949680f1a9ff2270838
#10 DONE 0.2s

#11 [stage-1  5/13] COPY --from=base-image /usr/local/lib/python3.8/site-packages /usr/local/lib/python3.8/site-packages
#11 sha256:d3d4918af943ad4c4715c4251e1934c83bbddd7d3c62a1f2496db737a7fa1dec
#11 DONE 28.9s

#13 [stage-1  6/13] COPY fuzzers /src/fuzzers
#13 sha256:ef65381a7af3ce9ca7c8a620535847d5878b3da62b88a085feba1184ea649765
#13 DONE 0.5s

#14 [stage-1  7/13] RUN touch /src/__init__.py
#14 sha256:6eb5b85dce270c668548ab573b221dc4254282021686ad791ad0efa09e9e5fbb
#14 DONE 0.7s

#15 [stage-1  8/13] COPY benchmarks/c-blosc_c-blosc/benchmark.yaml /
#15 sha256:71a05def2636ebd0a333cff140d07843638559267c4d8661925dd1db99a8d9bd
#15 DONE 1.2s

#16 [stage-1  9/13] RUN mkdir /opt/fuzzbench/
#16 sha256:0f71a924f57384c6dd9c9cdffddd518303aded5f46b11a177239a631e19c7e05
#16 DONE 0.7s

#17 [stage-1 10/13] COPY docker/benchmark-builder/checkout_commit.py /opt/fuzzbench/
#17 sha256:0e7167024bf5c47f0755db6beb621c696c83b6049c44cb529bf9e02492431a23
#17 DONE 0.3s

#18 [stage-1 11/13] RUN export CHECKOUT_COMMIT=$(cat /benchmark.yaml | tr -d ' ' | grep 'commit:' | cut -d ':' -f2) &&     python3 -u /opt/fuzzbench/checkout_commit.py $CHECKOUT_COMMIT /src
#18 sha256:b754e498de85dab9da115e04b228512a607a1637d5805ad19a89f14c02d77902
#18 2.383 Checking out commit 351bf4c3
#18 4.844 From https://github.com/Blosc/c-blosc
#18 4.844  * [new tag]         1.15.1     -> 1.15.1
#18 4.844  * [new tag]         v          -> v
#18 4.845  * [new tag]         v1.1.4     -> v1.1.4
#18 4.845  * [new tag]         v1.1.5     -> v1.1.5
#18 4.845  * [new tag]         v1.10.0    -> v1.10.0
#18 4.845  * [new tag]         v1.10.1    -> v1.10.1
#18 4.846  * [new tag]         v1.10.2    -> v1.10.2
#18 4.846  * [new tag]         v1.11.0    -> v1.11.0
#18 4.846  * [new tag]         v1.11.1    -> v1.11.1
#18 4.847  * [new tag]         v1.11.2    -> v1.11.2
#18 4.847  * [new tag]         v1.11.3    -> v1.11.3
#18 4.847  * [new tag]         v1.12.0    -> v1.12.0
#18 4.848  * [new tag]         v1.12.1    -> v1.12.1
#18 4.848  * [new tag]         v1.13.0    -> v1.13.0
#18 4.848  * [new tag]         v1.13.1    -> v1.13.1
#18 4.848  * [new tag]         v1.13.2    -> v1.13.2
#18 4.848  * [new tag]         v1.13.3    -> v1.13.3
#18 4.849  * [new tag]         v1.13.4    -> v1.13.4
#18 4.849  * [new tag]         v1.13.5    -> v1.13.5
#18 4.849  * [new tag]         v1.13.6    -> v1.13.6
#18 4.849  * [new tag]         v1.13.7    -> v1.13.7
#18 4.849  * [new tag]         v1.14.0    -> v1.14.0
#18 4.850  * [new tag]         v1.14.1    -> v1.14.1
#18 4.850  * [new tag]         v1.14.2    -> v1.14.2
#18 4.850  * [new tag]         v1.14.3    -> v1.14.3
#18 4.850  * [new tag]         v1.14.4    -> v1.14.4
#18 4.850  * [new tag]         v1.15.0    -> v1.15.0
#18 4.851  * [new tag]         v1.16.0    -> v1.16.0
#18 4.851  * [new tag]         v1.16.1    -> v1.16.1
#18 4.851  * [new tag]         v1.16.2    -> v1.16.2
#18 4.851  * [new tag]         v1.16.3    -> v1.16.3
#18 4.851  * [new tag]         v1.17.0    -> v1.17.0
#18 4.852  * [new tag]         v1.17.1    -> v1.17.1
#18 4.852  * [new tag]         v1.17.2    -> v1.17.2
#18 4.852  * [new tag]         v1.18.0    -> v1.18.0
#18 4.852  * [new tag]         v1.18.1    -> v1.18.1
#18 4.852  * [new tag]         v1.19.0    -> v1.19.0
#18 4.853  * [new tag]         v1.2.0     -> v1.2.0
#18 4.853  * [new tag]         v1.2.1     -> v1.2.1
#18 4.853  * [new tag]         v1.2.2     -> v1.2.2
#18 4.854  * [new tag]         v1.2.3     -> v1.2.3
#18 4.854  * [new tag]         v1.20.0    -> v1.20.0
#18 4.854  * [new tag]         v1.20.1    -> v1.20.1
#18 4.854  * [new tag]         v1.21.0    -> v1.21.0
#18 4.855  * [new tag]         v1.21.1    -> v1.21.1
#18 4.855  * [new tag]         v1.3.0     -> v1.3.0
#18 4.855  * [new tag]         v1.3.1     -> v1.3.1
#18 4.855  * [new tag]         v1.3.2     -> v1.3.2
#18 4.855  * [new tag]         v1.3.3     -> v1.3.3
#18 4.856  * [new tag]         v1.3.3-rc1 -> v1.3.3-rc1
#18 4.856  * [new tag]         v1.3.4     -> v1.3.4
#18 4.856  * [new tag]         v1.3.5     -> v1.3.5
#18 4.856  * [new tag]         v1.3.6     -> v1.3.6
#18 4.856  * [new tag]         v1.4.0     -> v1.4.0
#18 4.857  * [new tag]         v1.4.1     -> v1.4.1
#18 4.857  * [new tag]         v1.5.0     -> v1.5.0
#18 4.857  * [new tag]         v1.5.1     -> v1.5.1
#18 4.857  * [new tag]         v1.5.2     -> v1.5.2
#18 4.858  * [new tag]         v1.5.3     -> v1.5.3
#18 4.858  * [new tag]         v1.5.4     -> v1.5.4
#18 4.858  * [new tag]         v1.6.0     -> v1.6.0
#18 4.858  * [new tag]         v1.6.1     -> v1.6.1
#18 4.858  * [new tag]         v1.7.0     -> v1.7.0
#18 4.859  * [new tag]         v1.7.0-b1  -> v1.7.0-b1
#18 4.859  * [new tag]         v1.7.1     -> v1.7.1
#18 4.859  * [new tag]         v1.8.0     -> v1.8.0
#18 4.859  * [new tag]         v1.8.1     -> v1.8.1
#18 4.860  * [new tag]         v1.9.0     -> v1.9.0
#18 4.860  * [new tag]         v1.9.1     -> v1.9.1
#18 4.860  * [new tag]         v1.9.2     -> v1.9.2
#18 4.860  * [new tag]         v1.9.3     -> v1.9.3
#18 4.867 error: pathspec '351bf4c3' did not match any file(s) known to git
#18 4.872 error: pathspec '351bf4c3' did not match any file(s) known to git
#18 4.879 error: pathspec '351bf4c3' did not match any file(s) known to git
#18 4.924 Checkout unsuccessful.
#18 DONE 5.5s

#19 [stage-1 12/13] RUN echo "#!/bin/bash\nPYTHONPATH=/src python3 -u -c "from fuzzers import utils; utils.initialize_env(); from fuzzers.afl import fuzzer; fuzzer.build()"" > /usr/bin/fuzzer_build &&     chmod +x /usr/bin/fuzzer_build
#19 sha256:5aaa4b86ca3f54b6d5c07dfd645e9b080c9a84d6fb9523b56c355eee47a0074a
#19 DONE 0.8s

#20 [stage-1 13/13] RUN echo "Run fuzzer_build to build the target" && if [ -z "$debug_builder" ] ; then fuzzer_build; fi
#20 sha256:8aad7f09517a8e50102aa6ff879d47649ea98153dea235eee17c8f3955b459d2
#20 0.524 Run fuzzer_build to build the target
#20 0.660 FUZZ_TARGET = c-blosc
#20 0.660 CFLAGS = -DFUZZING_BUILD_MODE_UNSAFE_FOR_PRODUCTION -pthread -Wl,--no-as-needed -Wl,-ldl -Wl,-lm -Wno-unused-command-line-argument -O3
#20 0.660 CXXFLAGS = -DFUZZING_BUILD_MODE_UNSAFE_FOR_PRODUCTION -pthread -Wl,--no-as-needed -Wl,-ldl -Wl,-lm -Wno-unused-command-line-argument -stdlib=libc++ -O3
#20 0.673 Building benchmark c-blosc_c-blosc with fuzzer afl
#20 0.676 + cmake . '-DCMAKE_C_FLAGS=-DFUZZING_BUILD_MODE_UNSAFE_FOR_PRODUCTION -pthread -Wl,--no-as-needed -Wl,-ldl -Wl,-lm -Wno-unused-command-line-argument -O3 -fsanitize-coverage=trace-pc-guard' '-DCMAKE_CXX_FLAGS=-DFUZZING_BUILD_MODE_UNSAFE_FOR_PRODUCTION -pthread -Wl,--no-as-needed -Wl,-ldl -Wl,-lm -Wno-unused-command-line-argument -stdlib=libc++ -O3 -fsanitize-coverage=trace-pc-guard' -DBUILD_FUZZERS=ON
#20 0.978 -- The C compiler identification is Clang 14.0.0
#20 1.014 -- Detecting C compiler ABI info
#20 1.181 -- Detecting C compiler ABI info - done
#20 1.232 -- Check for working C compiler: /usr/local/bin/clang - skipped
#20 1.238 -- Detecting C compile features
#20 1.239 -- Detecting C compile features - done
#20 1.242 Configuring for Blosc version: 1.21.2.dev
#20 1.242 -- Using LZ4 internal sources.
#20 1.242 -- Using zlib internal sources.
#20 1.242 -- Using ZSTD internal sources.
#20 1.243 -- No build type specified. Defaulting to 'Release'.
#20 1.243 -- Building for system processor x86_64
#20 1.245 -- Adding run-time support for SSE2
#20 1.245 -- Adding run-time support for AVX2
#20 1.251 -- Looking for pthread.h
#20 1.423 -- Looking for pthread.h - found
#20 1.424 -- Performing Test CMAKE_HAVE_LIBC_PTHREAD
#20 1.603 -- Performing Test CMAKE_HAVE_LIBC_PTHREAD - Success
#20 1.610 -- Found Threads: TRUE  
#20 2.003 -- The CXX compiler identification is Clang 14.0.0
#20 2.024 -- Detecting CXX compiler ABI info
#20 2.230 -- Detecting CXX compiler ABI info - done
#20 2.297 -- Check for working CXX compiler: /usr/local/bin/clang++ - skipped
#20 2.297 -- Detecting CXX compile features
#20 2.299 -- Detecting CXX compile features - done
#20 2.354 -- Configuring done
#20 2.449 -- Generating done
#20 2.454 -- Build files have been written to: /src/c-blosc
#20 2.459 + make clean
#20 2.623 ++ nproc
#20 2.626 + make -j8
#20 2.657 [  2%] Building C object blosc/CMakeFiles/blosc_static.dir/blosc.c.o
#20 2.657 [  2%] Building C object blosc/CMakeFiles/blosc_shared_testing.dir/blosc.c.o
#20 2.657 [  2%] Building C object blosc/CMakeFiles/blosc_static.dir/blosclz.c.o
#20 2.657 [  2%] Building C object blosc/CMakeFiles/blosc_shared_testing.dir/blosclz.c.o
#20 2.657 [  3%] Building C object blosc/CMakeFiles/blosc_shared.dir/blosc.c.o
#20 2.657 [  4%] Building C object blosc/CMakeFiles/blosc_shared_testing.dir/fastcopy.c.o
#20 2.658 [  5%] Building C object blosc/CMakeFiles/blosc_shared.dir/blosclz.c.o
#20 2.658 [  5%] Building C object blosc/CMakeFiles/blosc_static.dir/fastcopy.c.o
#20 2.854 /src/c-blosc/blosc/blosc.c/src/c-blosc/blosc/blosc.c:735:11: warning: variable 'ctbytes' set but not used [-Wunused-but-set-variable]
#20 2.854   int32_t ctbytes = 0;           /* number of compressed bytes in block */
#20 2.854           ^
#20 2.854 :735:11: warning: variable 'ctbytes' set but not used [-Wunused-but-set-variable]
#20 2.857   int32_t ctbytes = 0;           /* number of compressed bytes in block */
#20 2.857           ^
#20 2.863 /src/c-blosc/blosc/blosc.c:735:11: warning: variable 'ctbytes' set but not used [-Wunused-but-set-variable]
#20 2.864   int32_t ctbytes = 0;           /* number of compressed bytes in block */
#20 2.864           ^
#20 3.099 [  6%] Building C object blosc/CMakeFiles/blosc_static.dir/shuffle-generic.c.o
#20 3.100 [  6%] Building C object blosc/CMakeFiles/blosc_shared_testing.dir/shuffle-generic.c.o
#20 3.120 [  6%] Building C object blosc/CMakeFiles/blosc_shared.dir/fastcopy.c.o
#20 3.134 [  7%] Building C object blosc/CMakeFiles/blosc_shared_testing.dir/bitshuffle-generic.c.o
#20 3.152 [  7%] Building C object blosc/CMakeFiles/blosc_shared_testing.dir/shuffle-sse2.c.o
#20 3.300 [  8%] Building C object blosc/CMakeFiles/blosc_shared_testing.dir/bitshuffle-sse2.c.o
#20 3.301 [  8%] Building C object blosc/CMakeFiles/blosc_static.dir/bitshuffle-generic.c.o
#20 3.512 1 warning generated.
#20 3.514 1 warning generated.
#20 3.520 1 warning generated.
#20 3.521 [  9%] Building C object blosc/CMakeFiles/blosc_static.dir/shuffle-sse2.c.o
#20 3.523 [ 10%] Building C object blosc/CMakeFiles/blosc_shared.dir/shuffle-generic.c.o
#20 3.527 [ 10%] Building C object blosc/CMakeFiles/blosc_shared_testing.dir/shuffle-avx2.c.o
#20 3.546 [ 10%] Building C object blosc/CMakeFiles/blosc_shared.dir/bitshuffle-generic.c.o
#20 3.599 [ 11%] Building C object blosc/CMakeFiles/blosc_shared_testing.dir/bitshuffle-avx2.c.o
#20 3.709 [ 12%] Building C object blosc/CMakeFiles/blosc_shared.dir/shuffle-sse2.c.o
#20 3.752 [ 12%] Building C object blosc/CMakeFiles/blosc_static.dir/bitshuffle-sse2.c.o
#20 3.871 [ 12%] Building C object blosc/CMakeFiles/blosc_shared_testing.dir/shuffle.c.o
#20 3.976 [ 13%] Building C object blosc/CMakeFiles/blosc_shared_testing.dir/__/internal-complibs/lz4-1.9.3/lz4.c.o
#20 4.001 [ 13%] Building C object blosc/CMakeFiles/blosc_shared.dir/bitshuffle-sse2.c.o
#20 4.107 [ 13%] Building C object blosc/CMakeFiles/blosc_shared_testing.dir/__/internal-complibs/lz4-1.9.3/lz4hc.c.o
#20 4.233 [ 14%] Building C object blosc/CMakeFiles/blosc_static.dir/shuffle-avx2.c.o
#20 4.382 [ 14%] Building C object blosc/CMakeFiles/blosc_static.dir/bitshuffle-avx2.c.o
#20 4.403 [ 15%] Building C object blosc/CMakeFiles/blosc_static.dir/shuffle.c.o
#20 4.617 [ 15%] Building C object blosc/CMakeFiles/blosc_static.dir/__/internal-complibs/lz4-1.9.3/lz4.c.o
#20 4.656 [ 16%] Building C object blosc/CMakeFiles/blosc_shared.dir/shuffle-avx2.c.o
#20 4.702 [ 17%] Building C object blosc/CMakeFiles/blosc_shared_testing.dir/__/internal-complibs/zlib-1.2.11/adler32.c.o
#20 4.903 [ 17%] Building C object blosc/CMakeFiles/blosc_shared_testing.dir/__/internal-complibs/zlib-1.2.11/compress.c.o
#20 4.991 [ 18%] Building C object blosc/CMakeFiles/blosc_shared_testing.dir/__/internal-complibs/zlib-1.2.11/crc32.c.o
#20 5.243 [ 18%] Building C object blosc/CMakeFiles/blosc_shared_testing.dir/__/internal-complibs/zlib-1.2.11/deflate.c.o
#20 5.292 [ 19%] Building C object blosc/CMakeFiles/blosc_shared_testing.dir/__/internal-complibs/zlib-1.2.11/gzclose.c.o
#20 5.388 [ 19%] Building C object blosc/CMakeFiles/blosc_shared_testing.dir/__/internal-complibs/zlib-1.2.11/gzlib.c.o
#20 5.419 [ 20%] Building C object blosc/CMakeFiles/blosc_static.dir/__/internal-complibs/lz4-1.9.3/lz4hc.c.o
#20 5.651 [ 21%] Building C object blosc/CMakeFiles/blosc_shared_testing.dir/__/internal-complibs/zlib-1.2.11/gzread.c.o
#20 5.856 [ 21%] Building C object blosc/CMakeFiles/blosc_static.dir/__/internal-complibs/zlib-1.2.11/adler32.c.o
#20 5.996 [ 21%] Building C object blosc/CMakeFiles/blosc_shared.dir/bitshuffle-avx2.c.o
#20 6.051 [ 22%] Building C object blosc/CMakeFiles/blosc_static.dir/__/internal-complibs/zlib-1.2.11/compress.c.o
#20 6.127 [ 22%] Building C object blosc/CMakeFiles/blosc_static.dir/__/internal-complibs/zlib-1.2.11/crc32.c.o
#20 6.287 [ 23%] Building C object blosc/CMakeFiles/blosc_shared.dir/shuffle.c.o
#20 6.366 [ 24%] Building C object blosc/CMakeFiles/blosc_static.dir/__/internal-complibs/zlib-1.2.11/deflate.c.o
#20 6.489 [ 24%] Building C object blosc/CMakeFiles/blosc_shared_testing.dir/__/internal-complibs/zlib-1.2.11/gzwrite.c.o
#20 6.510 [ 25%] Building C object blosc/CMakeFiles/blosc_shared_testing.dir/__/internal-complibs/zlib-1.2.11/infback.c.o
#20 6.836 [ 25%] Building C object blosc/CMakeFiles/blosc_shared_testing.dir/__/internal-complibs/zlib-1.2.11/inffast.c.o
#20 7.032 [ 25%] Building C object blosc/CMakeFiles/blosc_shared.dir/__/internal-complibs/lz4-1.9.3/lz4.c.o
#20 7.205 [ 26%] Building C object blosc/CMakeFiles/blosc_shared_testing.dir/__/internal-complibs/zlib-1.2.11/inflate.c.o
#20 7.215 [ 26%] Building C object blosc/CMakeFiles/blosc_shared_testing.dir/__/internal-complibs/zlib-1.2.11/inftrees.c.o
#20 7.432 [ 27%] Building C object blosc/CMakeFiles/blosc_shared_testing.dir/__/internal-complibs/zlib-1.2.11/trees.c.o
#20 7.529 [ 27%] Building C object blosc/CMakeFiles/blosc_static.dir/__/internal-complibs/zlib-1.2.11/gzclose.c.o
#20 7.617 [ 28%] Building C object blosc/CMakeFiles/blosc_static.dir/__/internal-complibs/zlib-1.2.11/gzlib.c.o
#20 7.863 [ 28%] Building C object blosc/CMakeFiles/blosc_static.dir/__/internal-complibs/zlib-1.2.11/gzread.c.o
#20 8.193 [ 29%] Building C object blosc/CMakeFiles/blosc_static.dir/__/internal-complibs/zlib-1.2.11/gzwrite.c.o
#20 8.220 [ 29%] Building C object blosc/CMakeFiles/blosc_shared_testing.dir/__/internal-complibs/zlib-1.2.11/uncompr.c.o
#20 8.300 [ 30%] Building C object blosc/CMakeFiles/blosc_shared_testing.dir/__/internal-complibs/zlib-1.2.11/zutil.c.o
#20 8.404 [ 31%] Building C object blosc/CMakeFiles/blosc_shared_testing.dir/__/internal-complibs/zstd-1.5.0/common/debug.c.o
#20 8.433 [ 31%] Building C object blosc/CMakeFiles/blosc_shared_testing.dir/__/internal-complibs/zstd-1.5.0/common/entropy_common.c.o
#20 8.520 [ 31%] Building C object blosc/CMakeFiles/blosc_static.dir/__/internal-complibs/zlib-1.2.11/infback.c.o
#20 8.727 [ 32%] Building C object blosc/CMakeFiles/blosc_shared_testing.dir/__/internal-complibs/zstd-1.5.0/common/error_private.c.o
#20 8.788 [ 32%] Building C object blosc/CMakeFiles/blosc_shared_testing.dir/__/internal-complibs/zstd-1.5.0/common/fse_decompress.c.o
#20 8.835 [ 33%] Building C object blosc/CMakeFiles/blosc_shared_testing.dir/__/internal-complibs/zstd-1.5.0/common/pool.c.o
#20 8.952 [ 33%] Building C object blosc/CMakeFiles/blosc_shared_testing.dir/__/internal-complibs/zstd-1.5.0/common/threading.c.o
#20 8.978 [ 34%] Building C object blosc/CMakeFiles/blosc_shared_testing.dir/__/internal-complibs/zstd-1.5.0/common/xxhash.c.o
#20 9.101 [ 35%] Building C object blosc/CMakeFiles/blosc_static.dir/__/internal-complibs/zlib-1.2.11/inffast.c.o
#20 9.339 [ 35%] Building C object blosc/CMakeFiles/blosc_shared_testing.dir/__/internal-complibs/zstd-1.5.0/common/zstd_common.c.o
#20 9.445 [ 35%] Building C object blosc/CMakeFiles/blosc_static.dir/__/internal-complibs/zlib-1.2.11/inflate.c.o
#20 9.479 [ 36%] Building C object blosc/CMakeFiles/blosc_shared_testing.dir/__/internal-complibs/zstd-1.5.0/compress/fse_compress.c.o
#20 9.753 [ 36%] Building C object blosc/CMakeFiles/blosc_shared_testing.dir/__/internal-complibs/zstd-1.5.0/compress/hist.c.o
#20 9.952 [ 37%] Building C object blosc/CMakeFiles/blosc_shared_testing.dir/__/internal-complibs/zstd-1.5.0/compress/huf_compress.c.o
#20 10.03 [ 37%] Building C object blosc/CMakeFiles/blosc_shared_testing.dir/__/internal-complibs/zstd-1.5.0/compress/zstd_compress.c.o
#20 10.85 [ 38%] Building C object blosc/CMakeFiles/blosc_static.dir/__/internal-complibs/zlib-1.2.11/inftrees.c.o
#20 10.90 [ 39%] Building C object blosc/CMakeFiles/blosc_shared_testing.dir/__/internal-complibs/zstd-1.5.0/compress/zstd_compress_literals.c.o
#20 10.97 [ 39%] Building C object blosc/CMakeFiles/blosc_static.dir/__/internal-complibs/zlib-1.2.11/trees.c.o
#20 11.07 [ 40%] Building C object blosc/CMakeFiles/blosc_static.dir/__/internal-complibs/zlib-1.2.11/uncompr.c.o
#20 11.14 [ 40%] Building C object blosc/CMakeFiles/blosc_static.dir/__/internal-complibs/zlib-1.2.11/zutil.c.o
#20 11.18 [ 40%] Building C object blosc/CMakeFiles/blosc_shared_testing.dir/__/internal-complibs/zstd-1.5.0/compress/zstd_compress_sequences.c.o
#20 11.23 [ 41%] Building C object blosc/CMakeFiles/blosc_static.dir/__/internal-complibs/zstd-1.5.0/common/debug.c.o
#20 11.26 [ 41%] Building C object blosc/CMakeFiles/blosc_static.dir/__/internal-complibs/zstd-1.5.0/common/entropy_common.c.o
#20 11.27 [ 42%] Building C object blosc/CMakeFiles/blosc_static.dir/__/internal-complibs/zstd-1.5.0/common/error_private.c.o
#20 11.32 [ 43%] Building C object blosc/CMakeFiles/blosc_static.dir/__/internal-complibs/zstd-1.5.0/common/fse_decompress.c.o
#20 11.61 [ 43%] Building C object blosc/CMakeFiles/blosc_static.dir/__/internal-complibs/zstd-1.5.0/common/pool.c.o
#20 11.67 [ 44%] Building C object blosc/CMakeFiles/blosc_shared_testing.dir/__/internal-complibs/zstd-1.5.0/compress/zstd_compress_superblock.c.o
#20 11.71 [ 45%] Building C object blosc/CMakeFiles/blosc_static.dir/__/internal-complibs/zstd-1.5.0/common/threading.c.o
#20 11.73 [ 45%] Building C object blosc/CMakeFiles/blosc_static.dir/__/internal-complibs/zstd-1.5.0/common/xxhash.c.o
#20 11.73 [ 46%] Building C object blosc/CMakeFiles/blosc_static.dir/__/internal-complibs/zstd-1.5.0/common/zstd_common.c.o
#20 11.81 /src/c-blosc/internal-complibs/zstd-1.5.0/compress/zstd_compress_superblock.c:134:12: warning: variable 'litLengthSum' set but not used [-Wunused-but-set-variable]
#20 11.82     size_t litLengthSum = 0;
#20 11.82            ^
#20 11.86 [ 46%] Building C object blosc/CMakeFiles/blosc_static.dir/__/internal-complibs/zstd-1.5.0/compress/fse_compress.c.o
#20 12.07 [ 47%] Building C object blosc/CMakeFiles/blosc_static.dir/__/internal-complibs/zstd-1.5.0/compress/hist.c.o
#20 12.21 1 warning generated.
#20 12.21 [ 47%] Building C object blosc/CMakeFiles/blosc_shared_testing.dir/__/internal-complibs/zstd-1.5.0/compress/zstd_double_fast.c.o
#20 12.23 [ 47%] Building C object blosc/CMakeFiles/blosc_static.dir/__/internal-complibs/zstd-1.5.0/compress/huf_compress.c.o
#20 12.26 [ 48%] Building C object blosc/CMakeFiles/blosc_static.dir/__/internal-complibs/zstd-1.5.0/compress/zstd_compress.c.o
#20 12.37 [ 48%] Building C object blosc/CMakeFiles/blosc_static.dir/__/internal-complibs/zstd-1.5.0/compress/zstd_compress_literals.c.o
#20 12.56 [ 49%] Building C object blosc/CMakeFiles/blosc_static.dir/__/internal-complibs/zstd-1.5.0/compress/zstd_compress_sequences.c.o
#20 13.00 [ 49%] Building C object blosc/CMakeFiles/blosc_static.dir/__/internal-complibs/zstd-1.5.0/compress/zstd_compress_superblock.c.o
#20 13.11 /src/c-blosc/internal-complibs/zstd-1.5.0/compress/zstd_compress_superblock.c:134:12: warning: variable 'litLengthSum' set but not used [-Wunused-but-set-variable]
#20 13.11     size_t litLengthSum = 0;
#20 13.11            ^
#20 13.18 [ 50%] Building C object blosc/CMakeFiles/blosc_static.dir/__/internal-complibs/zstd-1.5.0/compress/zstd_double_fast.c.o
#20 13.45 1 warning generated.
#20 13.46 [ 50%] Building C object blosc/CMakeFiles/blosc_static.dir/__/internal-complibs/zstd-1.5.0/compress/zstd_fast.c.o
#20 14.14 [ 51%] Building C object blosc/CMakeFiles/blosc_shared.dir/__/internal-complibs/lz4-1.9.3/lz4hc.c.o
#20 14.19 [ 52%] Building C object blosc/CMakeFiles/blosc_shared_testing.dir/__/internal-complibs/zstd-1.5.0/compress/zstd_fast.c.o
#20 14.60 [ 52%] Building C object blosc/CMakeFiles/blosc_shared_testing.dir/__/internal-complibs/zstd-1.5.0/compress/zstd_lazy.c.o
#20 14.71 [ 53%] Building C object blosc/CMakeFiles/blosc_static.dir/__/internal-complibs/zstd-1.5.0/compress/zstd_lazy.c.o
#20 16.30 [ 53%] Building C object blosc/CMakeFiles/blosc_static.dir/__/internal-complibs/zstd-1.5.0/compress/zstd_ldm.c.o
#20 17.11 [ 54%] Building C object blosc/CMakeFiles/blosc_static.dir/__/internal-complibs/zstd-1.5.0/compress/zstd_opt.c.o
#20 17.69 [ 54%] Building C object blosc/CMakeFiles/blosc_static.dir/__/internal-complibs/zstd-1.5.0/compress/zstdmt_compress.c.o
#20 18.57 [ 55%] Building C object blosc/CMakeFiles/blosc_shared_testing.dir/__/internal-complibs/zstd-1.5.0/compress/zstd_ldm.c.o
#20 18.88 [ 56%] Building C object blosc/CMakeFiles/blosc_static.dir/__/internal-complibs/zstd-1.5.0/decompress/huf_decompress.c.o
#20 19.13 [ 56%] Building C object blosc/CMakeFiles/blosc_shared_testing.dir/__/internal-complibs/zstd-1.5.0/compress/zstd_opt.c.o
#20 19.24 [ 56%] Building C object blosc/CMakeFiles/blosc_static.dir/__/internal-complibs/zstd-1.5.0/decompress/zstd_ddict.c.o
#20 19.40 [ 57%] Building C object blosc/CMakeFiles/blosc_shared_testing.dir/__/internal-complibs/zstd-1.5.0/compress/zstdmt_compress.c.o
#20 19.45 [ 58%] Building C object blosc/CMakeFiles/blosc_static.dir/__/internal-complibs/zstd-1.5.0/decompress/zstd_decompress.c.o
#20 20.50 [ 58%] Building C object blosc/CMakeFiles/blosc_shared_testing.dir/__/internal-complibs/zstd-1.5.0/decompress/huf_decompress.c.o
#20 20.66 [ 58%] Building C object blosc/CMakeFiles/blosc_static.dir/__/internal-complibs/zstd-1.5.0/decompress/zstd_decompress_block.c.o
#20 21.66 [ 59%] Building C object blosc/CMakeFiles/blosc_shared_testing.dir/__/internal-complibs/zstd-1.5.0/decompress/zstd_ddict.c.o
#20 21.86 [ 59%] Building C object blosc/CMakeFiles/blosc_shared_testing.dir/__/internal-complibs/zstd-1.5.0/decompress/zstd_decompress.c.o
#20 23.07 [ 60%] Building C object blosc/CMakeFiles/blosc_shared_testing.dir/__/internal-complibs/zstd-1.5.0/decompress/zstd_decompress_block.c.o
#20 23.32 [ 60%] Building C object blosc/CMakeFiles/blosc_shared.dir/__/internal-complibs/zlib-1.2.11/adler32.c.o
#20 23.39 [ 61%] Building C object blosc/CMakeFiles/blosc_shared.dir/__/internal-complibs/zlib-1.2.11/compress.c.o
#20 23.48 [ 61%] Building C object blosc/CMakeFiles/blosc_shared.dir/__/internal-complibs/zlib-1.2.11/crc32.c.o
#20 23.54 [ 62%] Building C object blosc/CMakeFiles/blosc_shared.dir/__/internal-complibs/zlib-1.2.11/deflate.c.o
#20 23.74 [ 62%] Building C object blosc/CMakeFiles/blosc_shared.dir/__/internal-complibs/zlib-1.2.11/gzclose.c.o
#20 23.84 [ 63%] Building C object blosc/CMakeFiles/blosc_shared.dir/__/internal-complibs/zlib-1.2.11/gzlib.c.o
#20 24.11 [ 63%] Building C object blosc/CMakeFiles/blosc_shared.dir/__/internal-complibs/zlib-1.2.11/gzread.c.o
#20 24.47 [ 64%] Building C object blosc/CMakeFiles/blosc_shared.dir/__/internal-complibs/zlib-1.2.11/gzwrite.c.o
#20 24.84 [ 64%] Building C object blosc/CMakeFiles/blosc_shared.dir/__/internal-complibs/zlib-1.2.11/infback.c.o
#20 24.88 [ 65%] Building C object blosc/CMakeFiles/blosc_shared.dir/__/internal-complibs/zlib-1.2.11/inffast.c.o
#20 25.12 [ 65%] Building C object blosc/CMakeFiles/blosc_shared.dir/__/internal-complibs/zlib-1.2.11/inflate.c.o
#20 25.27 [ 66%] Building C object blosc/CMakeFiles/blosc_shared.dir/__/internal-complibs/zlib-1.2.11/inftrees.c.o
#20 25.51 [ 66%] Building C object blosc/CMakeFiles/blosc_shared.dir/__/internal-complibs/zlib-1.2.11/trees.c.o
#20 25.55 [ 67%] Building C object blosc/CMakeFiles/blosc_shared.dir/__/internal-complibs/zlib-1.2.11/uncompr.c.o
#20 25.62 [ 68%] Building C object blosc/CMakeFiles/blosc_shared.dir/__/internal-complibs/zlib-1.2.11/zutil.c.o
#20 25.73 [ 68%] Building C object blosc/CMakeFiles/blosc_shared.dir/__/internal-complibs/zstd-1.5.0/common/debug.c.o
#20 25.73 [ 69%] Building C object blosc/CMakeFiles/blosc_shared.dir/__/internal-complibs/zstd-1.5.0/common/entropy_common.c.o
#20 25.75 [ 69%] Building C object blosc/CMakeFiles/blosc_shared.dir/__/internal-complibs/zstd-1.5.0/common/error_private.c.o
#20 25.81 [ 70%] Building C object blosc/CMakeFiles/blosc_shared.dir/__/internal-complibs/zstd-1.5.0/common/fse_decompress.c.o
#20 26.12 [ 70%] Building C object blosc/CMakeFiles/blosc_shared.dir/__/internal-complibs/zstd-1.5.0/common/pool.c.o
#20 26.23 [ 71%] Building C object blosc/CMakeFiles/blosc_shared.dir/__/internal-complibs/zstd-1.5.0/common/threading.c.o
#20 26.26 [ 71%] Building C object blosc/CMakeFiles/blosc_shared.dir/__/internal-complibs/zstd-1.5.0/common/xxhash.c.o
#20 26.38 [ 72%] Building C object blosc/CMakeFiles/blosc_shared.dir/__/internal-complibs/zstd-1.5.0/common/zstd_common.c.o
#20 26.53 [ 72%] Building C object blosc/CMakeFiles/blosc_shared.dir/__/internal-complibs/zstd-1.5.0/compress/fse_compress.c.o
#20 26.63 [ 73%] Building C object blosc/CMakeFiles/blosc_shared.dir/__/internal-complibs/zstd-1.5.0/compress/hist.c.o
#20 26.68 [ 73%] Building C object blosc/CMakeFiles/blosc_shared.dir/__/internal-complibs/zstd-1.5.0/compress/huf_compress.c.o
#20 26.84 [ 74%] Building C object blosc/CMakeFiles/blosc_shared.dir/__/internal-complibs/zstd-1.5.0/compress/zstd_compress.c.o
#20 26.85 [ 74%] Building C object blosc/CMakeFiles/blosc_shared.dir/__/internal-complibs/zstd-1.5.0/compress/zstd_compress_literals.c.o
#20 27.05 [ 75%] Building C object blosc/CMakeFiles/blosc_shared.dir/__/internal-complibs/zstd-1.5.0/compress/zstd_compress_sequences.c.o
#20 27.11 [ 75%] Building C object blosc/CMakeFiles/blosc_shared.dir/__/internal-complibs/zstd-1.5.0/compress/zstd_compress_superblock.c.o
#20 27.23 /src/c-blosc/internal-complibs/zstd-1.5.0/compress/zstd_compress_superblock.c:134:12: warning: variable 'litLengthSum' set but not used [-Wunused-but-set-variable]
#20 27.23     size_t litLengthSum = 0;
#20 27.23            ^
#20 27.56 [ 76%] Building C object blosc/CMakeFiles/blosc_shared.dir/__/internal-complibs/zstd-1.5.0/compress/zstd_double_fast.c.o
#20 27.64 1 warning generated.
#20 27.65 [ 76%] Building C object blosc/CMakeFiles/blosc_shared.dir/__/internal-complibs/zstd-1.5.0/compress/zstd_fast.c.o
#20 27.69 [ 77%] Building C object blosc/CMakeFiles/blosc_shared.dir/__/internal-complibs/zstd-1.5.0/compress/zstd_lazy.c.o
#20 31.20 [ 77%] Building C object blosc/CMakeFiles/blosc_shared.dir/__/internal-complibs/zstd-1.5.0/compress/zstd_ldm.c.o
#20 32.08 [ 78%] Building C object blosc/CMakeFiles/blosc_shared.dir/__/internal-complibs/zstd-1.5.0/compress/zstd_opt.c.o
#20 32.41 [ 78%] Building C object blosc/CMakeFiles/blosc_shared.dir/__/internal-complibs/zstd-1.5.0/compress/zstdmt_compress.c.o
#20 33.60 [ 79%] Building C object blosc/CMakeFiles/blosc_shared.dir/__/internal-complibs/zstd-1.5.0/decompress/huf_decompress.c.o
#20 35.02 [ 79%] Building C object blosc/CMakeFiles/blosc_shared.dir/__/internal-complibs/zstd-1.5.0/decompress/zstd_ddict.c.o
#20 35.24 [ 80%] Building C object blosc/CMakeFiles/blosc_shared.dir/__/internal-complibs/zstd-1.5.0/decompress/zstd_decompress.c.o
#20 36.54 [ 80%] Building C object blosc/CMakeFiles/blosc_shared.dir/__/internal-complibs/zstd-1.5.0/decompress/zstd_decompress_block.c.o
#20 68.58 [ 81%] Linking C static library libblosc.a
#20 68.73 [ 81%] Built target blosc_static
#20 68.74 [ 82%] Building C object tests/fuzz/CMakeFiles/fuzz_compress.dir/fuzz_compress.c.o
#20 68.74 [ 82%] Building C object tests/fuzz/CMakeFiles/fuzz_decompress.dir/fuzz_decompress.c.o
#20 68.81 [ 82%] Linking CXX executable decompress_fuzzer
#20 68.83 [ 83%] Linking CXX executable compress_fuzzer
#20 69.19 [ 83%] Built target fuzz_decompress
#20 69.19 [ 83%] Built target fuzz_compress
#20 82.90 [ 83%] Linking C shared library libblosc_testing.so
#20 83.13 [ 83%] Built target blosc_shared_testing
#20 83.14 [ 85%] Building C object tests/CMakeFiles/test_shuffle_roundtrip_sse2.dir/test_shuffle_roundtrip_sse2.c.o
#20 83.14 [ 85%] Building C object tests/CMakeFiles/test_shuffle_roundtrip_generic.dir/test_shuffle_roundtrip_generic.c.o
#20 83.14 [ 86%] Building C object tests/CMakeFiles/test_shuffle_roundtrip_avx2.dir/test_shuffle_roundtrip_avx2.c.o
#20 83.14 [ 87%] Building C object tests/CMakeFiles/test_forksafe.dir/test_forksafe.c.o
#20 83.14 [ 88%] Building C object tests/CMakeFiles/test_compress_roundtrip.dir/test_compress_roundtrip.c.o
#20 83.14 [ 89%] Building C object tests/CMakeFiles/test_bitshuffle_leftovers.dir/test_bitshuffle_leftovers.c.o
#20 83.14 [ 90%] Building C object tests/CMakeFiles/test_api.dir/test_api.c.o
#20 83.36 [ 90%] Linking C executable test_bitshuffle_leftovers
#20 83.37 [ 90%] Linking C executable test_forksafe
#20 83.41 [ 90%] Linking C executable test_api
#20 83.42 [ 90%] Linking C executable test_shuffle_roundtrip_avx2
#20 83.44 [ 90%] Linking C executable test_shuffle_roundtrip_generic
#20 83.45 [ 91%] Linking C executable test_shuffle_roundtrip_sse2
#20 83.45 [ 91%] Linking C executable test_compress_roundtrip
#20 83.56 [ 91%] Built target test_bitshuffle_leftovers
#20 83.57 [ 91%] Built target test_forksafe
#20 83.57 [ 92%] Building C object tests/CMakeFiles/test_compressor.dir/test_compressor.c.o
#20 83.58 [ 93%] Building C object tests/CMakeFiles/test_nthreads.dir/test_nthreads.c.o
#20 83.61 [ 93%] Built target test_api
#20 83.62 [ 93%] Built target test_shuffle_roundtrip_avx2
#20 83.62 [ 94%] Building C object tests/CMakeFiles/test_getitem.dir/test_getitem.c.o
#20 83.63 [ 95%] Building C object tests/CMakeFiles/test_noinit.dir/test_noinit.c.o
#20 83.64 [ 95%] Built target test_shuffle_roundtrip_generic
#20 83.64 [ 95%] Built target test_shuffle_roundtrip_sse2
#20 83.65 [ 96%] Building C object tests/CMakeFiles/test_maxout.dir/test_maxout.c.o
#20 83.65 [ 97%] Building C object tests/CMakeFiles/test_nolock.dir/test_nolock.c.o
#20 83.65 [ 97%] Built target test_compress_roundtrip
#20 83.75 [ 97%] Linking C executable test_getitem
#20 83.77 [ 97%] Linking C executable test_nthreads
#20 83.82 [ 97%] Linking C executable test_noinit
#20 83.83 [ 97%] Linking C executable test_nolock
#20 83.83 [ 97%] Linking C executable test_compressor
#20 83.87 [ 97%] Linking C executable test_maxout
#20 83.89 [ 97%] Built target test_getitem
#20 83.95 [ 97%] Built target test_nthreads
#20 83.98 [ 97%] Built target test_compressor
#20 83.99 [ 97%] Built target test_noinit
#20 84.00 [ 97%] Built target test_maxout
#20 84.02 [ 97%] Built target test_nolock
#20 86.22 [ 98%] Linking C shared library libblosc.so
#20 86.44 [ 98%] Built target blosc_shared
#20 86.45 [ 98%] Building C object bench/CMakeFiles/bench.dir/bench.c.o
#20 86.45 [ 98%] Building C object compat/CMakeFiles/filegen.dir/filegen.c.o
#20 86.55 [ 99%] Linking C executable filegen
#20 86.67 [ 99%] Built target filegen
#20 86.78 [100%] Linking C executable bench
#20 86.90 [100%] Built target bench
#20 86.91 + zip -j /out/decompress_fuzzer_seed_corpus.zip compat/blosc-1.11.1-blosclz.cdata compat/blosc-1.11.1-lz4.cdata compat/blosc-1.11.1-lz4hc.cdata compat/blosc-1.11.1-snappy.cdata compat/blosc-1.11.1-zlib.cdata compat/blosc-1.11.1-zstd.cdata compat/blosc-1.14.0-blosclz.cdata compat/blosc-1.14.0-lz4.cdata compat/blosc-1.14.0-lz4hc.cdata compat/blosc-1.14.0-snappy.cdata compat/blosc-1.14.0-zlib.cdata compat/blosc-1.14.0-zstd.cdata compat/blosc-1.18.0-blosclz-bitshuffle.cdata compat/blosc-1.18.0-blosclz.cdata compat/blosc-1.18.0-lz4-bitshuffle.cdata compat/blosc-1.18.0-lz4.cdata compat/blosc-1.18.0-lz4hc.cdata compat/blosc-1.18.0-zlib.cdata compat/blosc-1.18.0-zstd.cdata compat/blosc-1.3.0-blosclz.cdata compat/blosc-1.3.0-lz4.cdata compat/blosc-1.3.0-lz4hc.cdata compat/blosc-1.3.0-snappy.cdata compat/blosc-1.3.0-zlib.cdata compat/blosc-1.7.0-blosclz.cdata compat/blosc-1.7.0-lz4.cdata compat/blosc-1.7.0-lz4hc.cdata compat/blosc-1.7.0-snappy.cdata compat/blosc-1.7.0-zlib.cdata
#20 86.92   adding: blosc-1.11.1-blosclz.cdata (deflated 96%)
#20 86.92   adding: blosc-1.11.1-lz4.cdata (deflated 95%)
#20 86.92   adding: blosc-1.11.1-lz4hc.cdata (deflated 95%)
#20 86.93   adding: blosc-1.11.1-snappy.cdata (deflated 99%)
#20 86.94   adding: blosc-1.11.1-zlib.cdata (deflated 66%)
#20 86.94   adding: blosc-1.11.1-zstd.cdata (deflated 81%)
#20 86.94   adding: blosc-1.14.0-blosclz.cdata (deflated 96%)
#20 86.94   adding: blosc-1.14.0-lz4.cdata (deflated 96%)
#20 86.94   adding: blosc-1.14.0-lz4hc.cdata (deflated 97%)
#20 86.94   adding: blosc-1.14.0-snappy.cdata (deflated 99%)
#20 86.95   adding: blosc-1.14.0-zlib.cdata (deflated 91%)
#20 86.95   adding: blosc-1.14.0-zstd.cdata (deflated 81%)
#20 86.95   adding: blosc-1.18.0-blosclz-bitshuffle.cdata (deflated 98%)
#20 86.95   adding: blosc-1.18.0-blosclz.cdata (deflated 96%)
#20 86.95   adding: blosc-1.18.0-lz4-bitshuffle.cdata (deflated 99%)
#20 86.96   adding: blosc-1.18.0-lz4.cdata (deflated 96%)
#20 86.96   adding: blosc-1.18.0-lz4hc.cdata (deflated 97%)
#20 86.96   adding: blosc-1.18.0-zlib.cdata (deflated 91%)
#20 86.96   adding: blosc-1.18.0-zstd.cdata (deflated 81%)
#20 86.96   adding: blosc-1.3.0-blosclz.cdata (deflated 96%)
#20 86.96   adding: blosc-1.3.0-lz4.cdata (deflated 96%)
#20 86.96   adding: blosc-1.3.0-lz4hc.cdata (deflated 95%)
#20 86.96   adding: blosc-1.3.0-snappy.cdata (deflated 99%)
#20 86.97   adding: blosc-1.3.0-zlib.cdata (deflated 54%)
#20 86.97   adding: blosc-1.7.0-blosclz.cdata (deflated 96%)
#20 86.97   adding: blosc-1.7.0-lz4.cdata (deflated 96%)
#20 86.97   adding: blosc-1.7.0-lz4hc.cdata (deflated 95%)
#20 86.97   adding: blosc-1.7.0-snappy.cdata (deflated 99%)
#20 86.98   adding: blosc-1.7.0-zlib.cdata (deflated 54%)
#20 86.98 + find . -name '*_fuzzer' -exec cp -v '{}' /out ';'
#20 86.99 './tests/fuzz/decompress_fuzzer' -> '/out/decompress_fuzzer'
#20 87.00 './tests/fuzz/compress_fuzzer' -> '/out/compress_fuzzer'
#20 87.01 + find . -name '*_fuzzer.dict' -exec cp -v '{}' /out ';'
#20 87.02 + find . -name '*_fuzzer_seed_corpus.zip' -exec cp -v '{}' /out ';'
#20 87.03 [post_build] Copying afl-fuzz to $OUT directory
#20 DONE 87.6s

#21 exporting to image
#21 sha256:e8c613e07b0b7ff33893b694f7759a10d42e180f2b4dc349fb57dc6b71dcab00
#21 exporting layers done
#21 writing image sha256:bc0b671e13c3977366e4fb05a031090496345f8baaff830002cfc1a58ed885df
#21 writing image sha256:bc0b671e13c3977366e4fb05a031090496345f8baaff830002cfc1a58ed885df done
#21 naming to gcr.io/fuzzbench/builders/afl/c-blosc_c-blosc done
#21 DONE 0.2s

#22 exporting cache
#22 sha256:2700d4ef94dee473593c5c614b55b2dedcca7893909811a8f2b48291a1f581e4
#22 preparing build cache for export done
#22 DONE 0.0s
------
 > importing cache manifest from gcr.io/fuzzbench/builders/afl/c-blosc_c-blosc:
------
#1 [internal] load build definition from runner.Dockerfile
#1 sha256:0367fc04b63f314966789455a17aca8d71e94c1929bab34e77e9ffd080dd60d7
#1 transferring dockerfile: 656B done
#1 DONE 0.0s

#2 [internal] load .dockerignore
#2 sha256:0751e37717c4702ca8f596094ba7863a52fbb23fafe8364b7474048e785e10aa
#2 transferring context: 2B done
#2 DONE 0.1s

#3 [internal] load metadata for gcr.io/fuzzbench/base-image:latest
#3 sha256:932022888f650cc455b10eb5123bb08c0cccacac29a693e69314abbfd28a72c3
#3 DONE 0.0s

#4 [1/1] FROM gcr.io/fuzzbench/base-image
#4 sha256:4d07825694520f8b6f6a0d8592dbd345433361ae044cb7f06706c5a95e3daaad
#4 DONE 0.0s

#5 importing cache manifest from gcr.io/fuzzbench/runners/afl/c-blosc_c-blosc-intermediate
#5 sha256:6f9ce66bef250c9ddd0cbafac5fb489cc92c66ee80f388598aae841f8a4f790d
#5 ERROR: gcr.io/fuzzbench/runners/afl/c-blosc_c-blosc-intermediate:latest: not found

#4 [1/1] FROM gcr.io/fuzzbench/base-image
#4 sha256:4d07825694520f8b6f6a0d8592dbd345433361ae044cb7f06706c5a95e3daaad
#4 CACHED

#6 exporting to image
#6 sha256:e8c613e07b0b7ff33893b694f7759a10d42e180f2b4dc349fb57dc6b71dcab00
#6 exporting layers done
#6 writing image sha256:3e4588a9aebaeeab0d6e65a047af35e4caf540bb58ccd8719f28cf6fa6b3868f done
#6 naming to gcr.io/fuzzbench/runners/afl/c-blosc_c-blosc-intermediate 0.0s done
#6 DONE 0.1s

#7 exporting cache
#7 sha256:2700d4ef94dee473593c5c614b55b2dedcca7893909811a8f2b48291a1f581e4
#7 preparing build cache for export done
#7 DONE 0.0s
------
 > importing cache manifest from gcr.io/fuzzbench/runners/afl/c-blosc_c-blosc-intermediate:
------
#1 [internal] load build definition from Dockerfile
#1 sha256:85fc9810a70055036176756d093705e20df383ce4c69edaac6f1aab3d22c0de7
#1 transferring dockerfile: 3.17kB done
#1 DONE 0.0s

#2 [internal] load .dockerignore
#2 sha256:d21fb10d60e4e93a850cb01cb81ab802283e786855232eec14e128e4144b3a4a
#2 transferring context: 34B done
#2 DONE 0.0s

#3 [internal] load metadata for gcr.io/fuzzbench/runners/afl/c-blosc_c-blosc-intermediate:latest
#3 sha256:62275fd70e06df17e38f14cc42155bd0361bee16befa0cda4f445faffea47d22
#3 DONE 0.0s

#4 [internal] load metadata for gcr.io/fuzzbench/builders/afl/c-blosc_c-blosc:latest
#4 sha256:89e7fb0e54fb1e1fd9fb8fa4afd9b78564c11e0edf0eee689f91c56781f87418
#4 DONE 0.0s

#12 [internal] load build context
#12 sha256:6105c3e1a99d6290ee94dff53b8cc12947709275512e34762f92238d020cfc31
#12 DONE 0.0s

#6 [stage-1  1/13] FROM gcr.io/fuzzbench/runners/afl/c-blosc_c-blosc-intermediate
#6 sha256:3efdac1e681dba6ab9218459b3bdb54c97bae081170711ba37c73c1e55ce7626
#6 DONE 0.0s

#10 [builder 1/1] FROM gcr.io/fuzzbench/builders/afl/c-blosc_c-blosc
#10 sha256:376bddef6a93732c25cdc3e1fae13f81acbecee07be50cbc0971254d7a85afde
#10 DONE 0.0s

#5 importing cache manifest from gcr.io/fuzzbench/runners/afl/c-blosc_c-blosc
#5 sha256:89d99a488efd48e0ccd165e6c04d6f1f27f3607d380df7105feb4afe928daea2
#5 ERROR: gcr.io/fuzzbench/runners/afl/c-blosc_c-blosc:latest: not found

#12 [internal] load build context
#12 sha256:6105c3e1a99d6290ee94dff53b8cc12947709275512e34762f92238d020cfc31
#12 transferring context: 17.64MB 0.8s done
#12 DONE 1.7s

#10 [builder 1/1] FROM gcr.io/fuzzbench/builders/afl/c-blosc_c-blosc
#10 sha256:376bddef6a93732c25cdc3e1fae13f81acbecee07be50cbc0971254d7a85afde
#10 DONE 5.0s

#7 [stage-1  2/13] RUN apt-get update -y && apt-get install -y     libglib2.0-0     libxml2     libarchive13     libgss3
#7 sha256:8572ce34746730f8247e5c5294ae2218f9d3ced47a0589a42fcd955793cf5044
#7 CACHED

#8 [stage-1  3/13] RUN mkdir -p /out
#8 sha256:66a3248039468d25de7f2fd00b0d21325efff066ef4be55dba26f4f73d850d50
#8 CACHED

#9 [stage-1  4/13] WORKDIR /out
#9 sha256:0f653dd476ba6af202e24e3059553b5a7dd0480d7d3eefc95933a286b2fba18f
#9 CACHED

#11 [stage-1  5/13] COPY --from=builder /out/ ./
#11 sha256:abff08886275bf8d3410ea47f1250c5500c81eb45bc9270f9571dd80ab7ddf9c
#11 DONE 0.2s

#13 [stage-1  6/13] COPY benchmarks /src/benchmarks
#13 sha256:e187a9810a475818006d597ae13ee92620352bfbfe33063357e8c7d252c50143
#13 DONE 1.4s

#14 [stage-1  7/13] COPY fuzzers /src/fuzzers
#14 sha256:7051706a0e28f4a9604586648733f25387442dbaf41e6431fba9c55fb7c1aab5
#14 DONE 0.2s

#15 [stage-1  8/13] RUN touch __init__.py
#15 sha256:24f2765053c1604ddbbfd0df6e6e305a822cd9e741fff03d443aadf5decfd258
#15 DONE 0.7s

#16 [stage-1  9/13] RUN mkdir -p /out/seeds /out/corpus
#16 sha256:50668c5c710ef951e12122041d8c91410141606cf43441d88bcce7fb7a2ad9ca
#16 DONE 0.6s

#17 [stage-1 10/13] COPY common /src/common
#17 sha256:3233e9fac6dcff53d02a45b4f91608c4074753c950f729fbd1f76ca3188b4e2a
#17 DONE 0.2s

#18 [stage-1 11/13] COPY experiment/runner.py /src/experiment/runner.py
#18 sha256:36134b8cd2b1587889d3845837597f499493478f03fe33385f1e1c263242c8fe
#18 DONE 0.2s

#19 [stage-1 12/13] COPY docker/benchmark-runner /src/docker/benchmark-runner
#19 sha256:d6f52c30e6df806205f5c752a06c8cc9e13899daec07c94d1bb0749d466d444f
#19 DONE 0.2s

#20 [stage-1 13/13] RUN chmod +x /src/docker/benchmark-runner/startup-runner.sh
#20 sha256:2a6fbdbcd47261da87f0f30939f9006971d590eea978b18dcc0c5515607c44e0
#20 DONE 0.6s

#21 exporting to image
#21 sha256:e8c613e07b0b7ff33893b694f7759a10d42e180f2b4dc349fb57dc6b71dcab00
#21 exporting layers done
#21 writing image sha256:c5f8d6bebfcd84e472732827e83534be87b10023c86baa77608b1b1af7ccb81b 0.0s done
#21 naming to gcr.io/fuzzbench/runners/afl/c-blosc_c-blosc done
#21 DONE 0.1s

#22 exporting cache
#22 sha256:2700d4ef94dee473593c5c614b55b2dedcca7893909811a8f2b48291a1f581e4
#22 preparing build cache for export
#22 preparing build cache for export done
#22 DONE 0.0s
------
 > importing cache manifest from gcr.io/fuzzbench/runners/afl/c-blosc_c-blosc:
------
INFO:root:Doing trial as part of experiment.
INFO:root:Starting trial.
ERROR:root:Fuzz target binary not found.
INFO:root:Doing final sync.
ERROR:root:Call to <function get_stats at 0x7fc062fa8f70> failed. Extras: {'traceback': 'Traceback (most recent call last):\n  File "/src/experiment/runner.py", line 374, in record_stats\n    stats_json_str = fuzzer_module_get_stats(output_corpus,\n  File "/src/fuzzers/afl/fuzzer.py", line 51, in get_stats\n    with open(stats_file) as file_handle:\nFileNotFoundError: [Errno 2] No such file or directory: \'/out/corpus/fuzzer_stats\'\n'}
/bin/sh: 1: source: not found
#2 [internal] load .dockerignore
#2 sha256:b2718a3eb06ad90732e17862e39de9b48c52ed5d13486f825293854725b64a3f
#2 transferring context: 2B done
#2 DONE 0.3s

#1 [internal] load build definition from Dockerfile
#1 sha256:1e424e4fc0ac2809115ad0e494035e80f225185ece801a71f1864e117d27d3a4
#1 transferring dockerfile: 32B done
#1 DONE 0.2s

#3 [internal] load metadata for gcr.io/oss-fuzz-base/base-builder:latest
#3 sha256:f10dc39cc9d418a5bc416dead31a1902b6821fdae909cd3b08f7a3fd1faba7b5
#3 DONE 0.5s

#5 [1/5] FROM gcr.io/oss-fuzz-base/base-builder@sha256:4ad017ca53699eda684c1c444948c93a4af848fe34baee3a765d3c4693fe6a56
#5 sha256:3f10b3978a3951f6e2692fa5e5890ee5a755650381dedece7198ed0b1dcdaa8c
#5 DONE 0.0s

#4 importing cache manifest from gcr.io/fuzzbench/builders/benchmark/c-blosc_c-blosc
#4 sha256:55b9699d08fb7496a6ea8be791e8b83df6c84113be1fc39d5b89f98b255c3f6d
#4 DONE 0.0s

#9 [internal] load build context
#9 sha256:93d7de45e251d3e1d3c4c41ce806fabd948875e1da49899eaca52d32b5ff2ea7
#9 transferring context: 30B done
#9 DONE 0.1s

#8 [4/5] WORKDIR c-blosc
#8 sha256:9310cfa8281b1e9f922d631314bb8ec2febfd114b35251ca133f36791b85a60e
#8 CACHED

#6 [2/5] RUN apt-get update && apt-get install -y make autoconf automake libtool cmake
#6 sha256:0c734aecf1b283c063c3bbc6f7e827fdfd9889f2d9f9c17d96046a591ed89710
#6 CACHED

#7 [3/5] RUN git clone --depth 1 https://github.com/Blosc/c-blosc.git c-blosc
#7 sha256:efd0bbeb489bc133beb61f331307df2ea3830ed09c2ad477ab5fd6d8fe4811c5
#7 CACHED

#10 [5/5] COPY build.sh /src/
#10 sha256:c72ce9b924dedb017da2191bfd82a149fdcb94daa96755703dc53b49c24e35ff
#10 CACHED

#11 exporting to image
#11 sha256:e8c613e07b0b7ff33893b694f7759a10d42e180f2b4dc349fb57dc6b71dcab00
#11 exporting layers done
#11 writing image sha256:bcf58c08d055ec9d1b73b1bc3e70835f571b6e97ba91763760539e741fe1a58f
#11 writing image sha256:bcf58c08d055ec9d1b73b1bc3e70835f571b6e97ba91763760539e741fe1a58f done
#11 naming to gcr.io/fuzzbench/builders/benchmark/c-blosc_c-blosc done
#11 DONE 0.3s

#12 exporting cache
#12 sha256:2700d4ef94dee473593c5c614b55b2dedcca7893909811a8f2b48291a1f581e4
#12 preparing build cache for export done
#12 DONE 0.0s
#1 [internal] load build definition from builder.Dockerfile
#1 sha256:df4846615da382fc06c0452f5cfdfae5043a00eadf514d9c9f3323b1669e25cd
#1 transferring dockerfile: 1.35kB done
#1 DONE 0.1s

#2 [internal] load .dockerignore
#2 sha256:77e7c73a9eec0e28a6adad1e9e137aa48978367e75dc94ccf0edb16920d72c93
#2 transferring context: 2B done
#2 DONE 0.1s

#3 [internal] load metadata for gcr.io/fuzzbench/builders/benchmark/c-blosc_c-blosc:latest
#3 sha256:3132141c1baafec214a55e82209ddb5aa1077367e9a9076a1e9d1069a70a26f5
#3 DONE 0.0s

#4 importing cache manifest from gcr.io/fuzzbench/builders/afl/c-blosc_c-blosc-intermediate
#4 sha256:cbcadacd11dc54132dad0e52cd38a0dbf956c2dd68315d65af3437d475e1f3dc
#4 DONE 0.0s

#5 [1/3] FROM gcr.io/fuzzbench/builders/benchmark/c-blosc_c-blosc
#5 sha256:1957015a57ebc8f15889d1cb077f4958a82ea0a9ab527dca9b3453cbebb8debb
#5 DONE 0.0s

#6 [2/3] RUN git clone https://github.com/google/AFL.git /afl &&     cd /afl &&     git checkout 61037103ae3722c8060ff7082994836a794f978e &&     AFL_NO_X86=1 make
#6 sha256:628fd2bb8ed1d09abfc2207dcf01ca7458145f0f81d0dc5c42b53cc04e6ef4ed
#6 CACHED

#7 [3/3] RUN apt-get update &&     apt-get install wget -y &&     wget https://raw.githubusercontent.com/llvm/llvm-project/5feb80e748924606531ba28c97fe65145c65372e/compiler-rt/lib/fuzzer/afl/afl_driver.cpp -O /afl/afl_driver.cpp &&     clang -Wno-pointer-sign -c /afl/llvm_mode/afl-llvm-rt.o.c -I/afl &&     clang++ -stdlib=libc++ -std=c++11 -O2 -c /afl/afl_driver.cpp &&     ar r /libAFL.a *.o
#7 sha256:0ef0db3a47a62f0c741c86531da1391e148fef9b826d79baad2a29718d0a4bc2
#7 CACHED

#8 exporting to image
#8 sha256:e8c613e07b0b7ff33893b694f7759a10d42e180f2b4dc349fb57dc6b71dcab00
#8 exporting layers done
#8 writing image sha256:92286c39acf6ddac77e318a78a0a907581db5955293fe2ee6ea158269c0994d4 0.0s done
#8 naming to gcr.io/fuzzbench/builders/afl/c-blosc_c-blosc-intermediate done
#8 DONE 0.3s

#9 exporting cache
#9 sha256:2700d4ef94dee473593c5c614b55b2dedcca7893909811a8f2b48291a1f581e4
#9 preparing build cache for export done
#9 DONE 0.0s
#2 [internal] load .dockerignore
#2 sha256:793ed41b8a1723445cf62f83c978412528676b72a971447c9dab092e234164a5
#2 transferring context: 34B done
#2 DONE 0.2s

#1 [internal] load build definition from Dockerfile
#1 sha256:bd443520bdaebe1579fde5bc4daa068abb40491ed307e01af0d2f9b87e587e83
#1 transferring dockerfile: 2.00kB done
#1 DONE 0.2s

#3 [internal] load metadata for docker.io/library/ubuntu:xenial
#3 sha256:f62bae18ed588840f045c881b2502661f2a89578a2f8f99b83f5200ee83dd25b
#3 DONE 0.0s

#5 [1/7] FROM docker.io/library/ubuntu:xenial
#5 sha256:14dd403f25ae9e519bd44f27dc17af7ce80f5a4f9f48ca88108364e67ec5d360
#5 DONE 0.0s

#4 importing cache manifest from gcr.io/fuzzbench/base-image
#4 sha256:9b220ebb4d4daceed1b96df9b6dca076e762f1cd612574f010b82d5b9e5ad896
#4 DONE 0.0s

#8 [internal] load build context
#8 sha256:8ca20c09ac4e225450a3f0ff907aa502f06cbb9eec893c90f36fa65d8dd64447
#8 transferring context: 559B 0.2s done
#8 DONE 0.2s

#11 [6/7] RUN apt-get update -y && apt-get install -y     apt-transport-https     lsb-release
#11 sha256:cc54448463641942962e9d253a27472610992c05e94af4662df3882d711ce252
#11 CACHED

#6 [2/7] RUN apt-get update -y && apt-get install -y     build-essential     rsync     curl     zlib1g-dev     libncurses5-dev     libgdbm-dev     libnss3-dev     libssl-dev     libreadline-dev     libffi-dev     virtualenv     libbz2-dev     liblzma-dev     libsqlite3-dev
#6 sha256:3a1b0960f17eed529eaae93dc8fd3554f2743dd584d8fa569cdbe6bc734371ac
#6 CACHED

#7 [3/7] RUN cd /tmp/ &&     curl -O https://www.python.org/ftp/python/3.8.6/Python-3.8.6.tar.xz &&     tar -xvf Python-3.8.6.tar.xz &&     cd Python-3.8.6 &&     ./configure --enable-loadable-sqlite-extensions --enable-optimizations &&     make -j install &&     rm -r /tmp/Python-3.8.6.tar.xz /tmp/Python-3.8.6
#7 sha256:c5b9d1fb3371e84dbc60b76e7b2f8d5913bc93bcd4910ab65daa03e7b2ec4bb0
#7 CACHED

#9 [4/7] COPY ./requirements.txt /
#9 sha256:6cda844aecdc914347003ac67d9abe186d5377ebefe2674015c76816c48953f1
#9 CACHED

#10 [5/7] RUN pip3 install -r /requirements.txt
#10 sha256:2a2b96a10e82943a90bbbce1ffad21468a6e38b108a931f221297b4be4021f9a
#10 CACHED

#12 [7/7] RUN CLOUD_SDK_REPO="cloud-sdk-$(lsb_release -c -s)" &&     echo "deb https://packages.cloud.google.com/apt $CLOUD_SDK_REPO main"     | tee -a /etc/apt/sources.list.d/google-cloud-sdk.list &&     curl https://packages.cloud.google.com/apt/doc/apt-key.gpg     | apt-key add - &&     apt-get update -y &&     apt-get install -y google-cloud-sdk
#12 sha256:0315b7ad4ac6de32554a48382f46cbf50a1f8c967ae5f78e69a351755d44c31a
#12 CACHED

#13 exporting to image
#13 sha256:e8c613e07b0b7ff33893b694f7759a10d42e180f2b4dc349fb57dc6b71dcab00
#13 exporting layers done
#13 writing image sha256:139540fb22a119f888cb3e5ed6e013e8d868574697f5fb839e5da9e23de73e0a
#13 writing image sha256:139540fb22a119f888cb3e5ed6e013e8d868574697f5fb839e5da9e23de73e0a 0.0s done
#13 naming to gcr.io/fuzzbench/base-image done
#13 DONE 0.1s

#14 exporting cache
#14 sha256:2700d4ef94dee473593c5c614b55b2dedcca7893909811a8f2b48291a1f581e4
#14 preparing build cache for export done
#14 DONE 0.0s
#1 [internal] load build definition from Dockerfile
#1 sha256:0222a1b0a8d55f145b6d4c73317f3026ad55e010858eed3477bddec0648d2282
#1 transferring dockerfile: 2.22kB done
#1 DONE 0.1s

#2 [internal] load .dockerignore
#2 sha256:42862d9b02dde80f25513fcd1a45787d7889e70b6025c31408ccbe010ca6f8ac
#2 transferring context: 34B done
#2 DONE 0.1s

#4 [internal] load metadata for gcr.io/fuzzbench/base-image:latest
#4 sha256:932022888f650cc455b10eb5123bb08c0cccacac29a693e69314abbfd28a72c3
#4 DONE 0.0s

#3 [internal] load metadata for gcr.io/fuzzbench/builders/afl/c-blosc_c-blosc-intermediate:latest
#3 sha256:5bbe185ee0c9ea45fa8ef1a339d4e808cf62191aa7c477cc3addea6565a73532
#3 DONE 0.0s

#7 [base-image 1/1] FROM gcr.io/fuzzbench/base-image
#7 sha256:4d07825694520f8b6f6a0d8592dbd345433361ae044cb7f06706c5a95e3daaad
#7 DONE 0.0s

#6 [stage-1  1/13] FROM gcr.io/fuzzbench/builders/afl/c-blosc_c-blosc-intermediate
#6 sha256:70d6cfcb9ac686e795a88e005e384da4b69d62ab3f82cd3a4fa3334f01944ade
#6 DONE 0.0s

#5 importing cache manifest from gcr.io/fuzzbench/builders/afl/c-blosc_c-blosc
#5 sha256:8851d3678b6c0798b72451f1cee158d5c80fd7ad0f676fd51ad910c3579ea042
#5 DONE 0.0s

#12 [internal] load build context
#12 sha256:edb682c03f8de7e8ff7566326b67b29b59a0764aa2453837c2ff4dea1a5463db
#12 transferring context: 669.87kB 0.1s done
#12 DONE 0.1s

#15 [stage-1  8/13] COPY benchmarks/c-blosc_c-blosc/benchmark.yaml /
#15 sha256:9c8a27ba3cab5918a01792ae9be95b35efb320b63a4e5bbe6749cc6691bf2089
#15 CACHED

#17 [stage-1 10/13] COPY docker/benchmark-builder/checkout_commit.py /opt/fuzzbench/
#17 sha256:6fd34c91e43d299cceafbe233ca60f05fc4f3ce57bf7863a496cc26a13f66e98
#17 CACHED

#8 [stage-1  2/13] COPY --from=base-image /usr/local/bin/python3* /usr/local/bin/
#8 sha256:c2e7d49a490e1113c4de89a119e4727b5308a2a7ad5b2cd8ff77c8c322c7d90f
#8 CACHED

#14 [stage-1  7/13] RUN touch /src/__init__.py
#14 sha256:d0939409420d4f385863a1f4598cd490c04006aa8975cd15c7e5c77a8959491d
#14 CACHED

#9 [stage-1  3/13] COPY --from=base-image /usr/local/lib/python3.8 /usr/local/lib/python3.8
#9 sha256:4785c5c8b2a0f19619a10001f322fea1563bbc6550ce788d943c2aee49ab32cd
#9 CACHED

#19 [stage-1 12/13] RUN echo "#!/bin/bash\nPYTHONPATH=/src python3 -u -c "from fuzzers import utils; utils.initialize_env(); from fuzzers.afl import fuzzer; fuzzer.build()"" > /usr/bin/fuzzer_build &&     chmod +x /usr/bin/fuzzer_build
#19 sha256:98a6a356ad20f5faaeef976298506f96a87994ef7c61848d40489db67b67b45e
#19 CACHED

#13 [stage-1  6/13] COPY fuzzers /src/fuzzers
#13 sha256:be6ca24ef9e964649f760c8b1c5746263106d97c032f72c6ba94a92283f5e751
#13 CACHED

#16 [stage-1  9/13] RUN mkdir /opt/fuzzbench/
#16 sha256:ce5db8e39bb05df0eacd2807402168f7ba8bb8eb0eb44ae0693ba84131d00f70
#16 CACHED

#10 [stage-1  4/13] COPY --from=base-image /usr/local/include/python3.8 /usr/local/include/python3.8
#10 sha256:26fed9720eb0043ffbc896302b70e31e60e76653d9824949680f1a9ff2270838
#10 CACHED

#11 [stage-1  5/13] COPY --from=base-image /usr/local/lib/python3.8/site-packages /usr/local/lib/python3.8/site-packages
#11 sha256:d3d4918af943ad4c4715c4251e1934c83bbddd7d3c62a1f2496db737a7fa1dec
#11 CACHED

#18 [stage-1 11/13] RUN export CHECKOUT_COMMIT=$(cat /benchmark.yaml | tr -d ' ' | grep 'commit:' | cut -d ':' -f2) &&     python3 -u /opt/fuzzbench/checkout_commit.py $CHECKOUT_COMMIT /src
#18 sha256:3dc068c994074b34482a8e5901ed5b70f598d1f55b8dc7145fc7b06906199184
#18 CACHED

#20 [stage-1 13/13] RUN echo "Run fuzzer_build to build the target" && if [ -z "$debug_builder" ] ; then fuzzer_build; fi
#20 sha256:05db848323ff934f040507ec937ce342af7ea21f93edcddb1f591c2c495583b9
#20 CACHED

#21 exporting to image
#21 sha256:e8c613e07b0b7ff33893b694f7759a10d42e180f2b4dc349fb57dc6b71dcab00
#21 exporting layers done
#21 writing image sha256:bc0b671e13c3977366e4fb05a031090496345f8baaff830002cfc1a58ed885df 0.0s done
#21 naming to gcr.io/fuzzbench/builders/afl/c-blosc_c-blosc done
#21 DONE 0.3s

#22 exporting cache
#22 sha256:2700d4ef94dee473593c5c614b55b2dedcca7893909811a8f2b48291a1f581e4
#22 preparing build cache for export done
#22 DONE 0.0s
#1 [internal] load build definition from runner.Dockerfile
#1 sha256:00871937e1b7dc5668fe5caf053e537481ae77f779679e71b2b0ecdb696e1651
#1 transferring dockerfile: 656B done
#1 DONE 0.1s

#2 [internal] load .dockerignore
#2 sha256:7fa808f096311ccfd722614bd2b3e0fd415bb01574741d6a9799dbb1e987353e
#2 transferring context: 2B done
#2 DONE 0.1s

#3 [internal] load metadata for gcr.io/fuzzbench/base-image:latest
#3 sha256:932022888f650cc455b10eb5123bb08c0cccacac29a693e69314abbfd28a72c3
#3 DONE 0.0s

#4 importing cache manifest from gcr.io/fuzzbench/runners/afl/c-blosc_c-blosc-intermediate
#4 sha256:6f9ce66bef250c9ddd0cbafac5fb489cc92c66ee80f388598aae841f8a4f790d
#4 DONE 0.0s

#5 [1/1] FROM gcr.io/fuzzbench/base-image
#5 sha256:4d07825694520f8b6f6a0d8592dbd345433361ae044cb7f06706c5a95e3daaad
#5 CACHED

#6 exporting to image
#6 sha256:e8c613e07b0b7ff33893b694f7759a10d42e180f2b4dc349fb57dc6b71dcab00
#6 exporting layers done
#6 writing image sha256:3e4588a9aebaeeab0d6e65a047af35e4caf540bb58ccd8719f28cf6fa6b3868f 0.0s done
#6 naming to gcr.io/fuzzbench/runners/afl/c-blosc_c-blosc-intermediate done
#6 DONE 0.1s

#7 exporting cache
#7 sha256:2700d4ef94dee473593c5c614b55b2dedcca7893909811a8f2b48291a1f581e4
#7 preparing build cache for export done
#7 DONE 0.0s
#1 [internal] load build definition from Dockerfile
#1 sha256:45bce1f25981b40978d5148e9aa9116eb08ad0a40ead75e63865f95e3fb13463
#1 transferring dockerfile: 3.17kB done
#1 DONE 0.0s

#2 [internal] load .dockerignore
#2 sha256:cc4d3a7f25bcdb97f56419016983dbe1ce9c822bd8b26ec82a054746b74bd870
#2 transferring context: 34B done
#2 DONE 0.1s

#4 [internal] load metadata for gcr.io/fuzzbench/builders/afl/c-blosc_c-blosc:latest
#4 sha256:89e7fb0e54fb1e1fd9fb8fa4afd9b78564c11e0edf0eee689f91c56781f87418
#4 DONE 0.0s

#3 [internal] load metadata for gcr.io/fuzzbench/runners/afl/c-blosc_c-blosc-intermediate:latest
#3 sha256:62275fd70e06df17e38f14cc42155bd0361bee16befa0cda4f445faffea47d22
#3 DONE 0.0s

#6 [stage-1  1/13] FROM gcr.io/fuzzbench/runners/afl/c-blosc_c-blosc-intermediate
#6 sha256:3efdac1e681dba6ab9218459b3bdb54c97bae081170711ba37c73c1e55ce7626
#6 DONE 0.0s

#5 importing cache manifest from gcr.io/fuzzbench/runners/afl/c-blosc_c-blosc
#5 sha256:89d99a488efd48e0ccd165e6c04d6f1f27f3607d380df7105feb4afe928daea2
#5 DONE 0.0s

#10 [builder 1/1] FROM gcr.io/fuzzbench/builders/afl/c-blosc_c-blosc
#10 sha256:376bddef6a93732c25cdc3e1fae13f81acbecee07be50cbc0971254d7a85afde
#10 DONE 0.0s

#12 [internal] load build context
#12 sha256:48955a33b5a9d3c8c1075fe218aa81de4d4295f65c0f4e928fbfcf7d9260166d
#12 transferring context: 17.64MB 0.6s done
#12 DONE 0.7s

#11 [stage-1  5/13] COPY --from=builder /out/ ./
#11 sha256:abff08886275bf8d3410ea47f1250c5500c81eb45bc9270f9571dd80ab7ddf9c
#11 CACHED

#19 [stage-1 12/13] COPY docker/benchmark-runner /src/docker/benchmark-runner
#19 sha256:9d98e2c12078eba9d5b9e32a94da31f5105e1e6a425383f12b1f67f4fe3c54fb
#19 CACHED

#7 [stage-1  2/13] RUN apt-get update -y && apt-get install -y     libglib2.0-0     libxml2     libarchive13     libgss3
#7 sha256:8572ce34746730f8247e5c5294ae2218f9d3ced47a0589a42fcd955793cf5044
#7 CACHED

#17 [stage-1 10/13] COPY common /src/common
#17 sha256:05e05cdafc3783f8cc4b37bf76be9052ab942004546a4907f51ae07a2270d0f9
#17 CACHED

#9 [stage-1  4/13] WORKDIR /out
#9 sha256:0f653dd476ba6af202e24e3059553b5a7dd0480d7d3eefc95933a286b2fba18f
#9 CACHED

#15 [stage-1  8/13] RUN touch __init__.py
#15 sha256:ed50600398a3ce193077731bfb9b62a9ac7b64353f29b180709ee8985e8c2bc9
#15 CACHED

#8 [stage-1  3/13] RUN mkdir -p /out
#8 sha256:66a3248039468d25de7f2fd00b0d21325efff066ef4be55dba26f4f73d850d50
#8 CACHED

#14 [stage-1  7/13] COPY fuzzers /src/fuzzers
#14 sha256:f26d14fa529c08ccf238ce1fb7c7639646913f3e25f479fff071f5e0ff5a0da0
#14 CACHED

#16 [stage-1  9/13] RUN mkdir -p /out/seeds /out/corpus
#16 sha256:b5a048539c12ae3f66acb3a680a91eaece79deb84a0ee26aa38acc07bc1c8194
#16 CACHED

#18 [stage-1 11/13] COPY experiment/runner.py /src/experiment/runner.py
#18 sha256:8ea2befd4c41f8728b63485c50230a542f7ba55db35f19a60babd818c06caaee
#18 CACHED

#13 [stage-1  6/13] COPY benchmarks /src/benchmarks
#13 sha256:0ac5a29aaa7766f0c6a902cc301d3ce55b4fe3d6054660a7a7e24a262b631715
#13 CACHED

#20 [stage-1 13/13] RUN chmod +x /src/docker/benchmark-runner/startup-runner.sh
#20 sha256:5867a184d60dc1a0c0f294cba267479c6d0ef25e5a5f1b12268c26df8c1ab411
#20 CACHED

#21 exporting to image
#21 sha256:e8c613e07b0b7ff33893b694f7759a10d42e180f2b4dc349fb57dc6b71dcab00
#21 exporting layers done
#21 writing image sha256:c5f8d6bebfcd84e472732827e83534be87b10023c86baa77608b1b1af7ccb81b 0.0s done
#21 naming to gcr.io/fuzzbench/runners/afl/c-blosc_c-blosc done
#21 DONE 0.1s

#22 exporting cache
#22 sha256:2700d4ef94dee473593c5c614b55b2dedcca7893909811a8f2b48291a1f581e4
#22 preparing build cache for export
#22 preparing build cache for export done
#22 DONE 0.0s
INFO:root:Doing trial as part of experiment.
INFO:root:Starting trial.
ERROR:root:Fuzz target binary not found.
INFO:root:Doing final sync.
ERROR:root:Call to <function get_stats at 0x7f223c54bf70> failed. Extras: {'traceback': 'Traceback (most recent call last):\n  File "/src/experiment/runner.py", line 374, in record_stats\n    stats_json_str = fuzzer_module_get_stats(output_corpus,\n  File "/src/fuzzers/afl/fuzzer.py", line 51, in get_stats\n    with open(stats_file) as file_handle:\nFileNotFoundError: [Errno 2] No such file or directory: \'/out/corpus/fuzzer_stats\'\n'}
