WARNING:root:gcloud not found in PATH.
INFO:root:Successfully integrated benchmark: radon_radon.
INFO:root:Please run "make test-run-afl-radon_radon" to test integration.
#2 [internal] load .dockerignore
#2 sha256:1f9ec852aa4cdfd58c32887d33d2daf70e93cee115ce5f8443c0a3cae5236a21
#2 transferring context: 2B done
#2 DONE 0.7s

#1 [internal] load build definition from Dockerfile
#1 sha256:34887e25bd6409344670fc146908ee1f0a4e610f48b2e49d5aeae7b82e1b76b8
#1 transferring dockerfile: 827B done
#1 DONE 0.8s

#3 [internal] load metadata for gcr.io/oss-fuzz-base/base-builder:latest
#3 sha256:f10dc39cc9d418a5bc416dead31a1902b6821fdae909cd3b08f7a3fd1faba7b5
#3 DONE 0.5s

#7 [internal] load build context
#7 sha256:f3200a89014842fd6de0c64d44fd68e2ff4773e5bc591ed44cbe4fde5595fdee
#7 DONE 0.0s

#5 [1/4] FROM gcr.io/oss-fuzz-base/base-builder@sha256:4ad017ca53699eda684c1c444948c93a4af848fe34baee3a765d3c4693fe6a56
#5 sha256:3f10b3978a3951f6e2692fa5e5890ee5a755650381dedece7198ed0b1dcdaa8c
#5 DONE 0.0s

#4 importing cache manifest from gcr.io/fuzzbench/builders/benchmark/radon_radon
#4 sha256:b22646c109ec64e925641dda75c92195511a025af39ad22f09653c32ee92afbd
#4 ERROR: gcr.io/fuzzbench/builders/benchmark/radon_radon:latest: not found

#5 [1/4] FROM gcr.io/oss-fuzz-base/base-builder@sha256:4ad017ca53699eda684c1c444948c93a4af848fe34baee3a765d3c4693fe6a56
#5 sha256:3f10b3978a3951f6e2692fa5e5890ee5a755650381dedece7198ed0b1dcdaa8c
#5 CACHED

#7 [internal] load build context
#7 sha256:f3200a89014842fd6de0c64d44fd68e2ff4773e5bc591ed44cbe4fde5595fdee
#7 transferring context: 785B done
#7 DONE 0.2s

#6 [2/4] RUN go get github.com/radondb/radon/src/fuzz/sqlparser
#6 sha256:b8ca578af16e4dc19babfe9e8a32a25fd80431b4a53eb347ab6f9cebe9b56c5e
#6 0.435 /bin/sh: 1: go: not found
#6 ERROR: executor failed running [/bin/sh -c go get github.com/radondb/radon/src/fuzz/sqlparser]: exit code: 127
------
 > importing cache manifest from gcr.io/fuzzbench/builders/benchmark/radon_radon:
------
------
 > [2/4] RUN go get github.com/radondb/radon/src/fuzz/sqlparser:
------
executor failed running [/bin/sh -c go get github.com/radondb/radon/src/fuzz/sqlparser]: exit code: 127
make: *** [docker/generated.mk:60592: .radon_radon-project-builder] Error 1
/bin/sh: 1: source: not found
#2 [internal] load .dockerignore
#2 sha256:55db14ae62f838d3f20c7fc3dacb277e4f358a9479c4bb8999ed7b77bb75bc6c
#2 transferring context: 2B done
#2 DONE 0.4s

#1 [internal] load build definition from Dockerfile
#1 sha256:d7d4f5c9a02435e9b4df4beb47afde0b045d37cd722481e32fcbde0b30738a85
#1 transferring dockerfile: 32B done
#1 DONE 0.3s

#3 [internal] load metadata for gcr.io/oss-fuzz-base/base-builder:latest
#3 sha256:f10dc39cc9d418a5bc416dead31a1902b6821fdae909cd3b08f7a3fd1faba7b5
#3 DONE 0.5s

#7 [internal] load build context
#7 sha256:f0c17dbb543f79d4b256775c7c16d208ba9244e6dfbf41031e0d6e7b72856357
#7 DONE 0.0s

#5 [1/4] FROM gcr.io/oss-fuzz-base/base-builder@sha256:4ad017ca53699eda684c1c444948c93a4af848fe34baee3a765d3c4693fe6a56
#5 sha256:3f10b3978a3951f6e2692fa5e5890ee5a755650381dedece7198ed0b1dcdaa8c
#5 DONE 0.0s

#4 importing cache manifest from gcr.io/fuzzbench/builders/benchmark/radon_radon
#4 sha256:b22646c109ec64e925641dda75c92195511a025af39ad22f09653c32ee92afbd
#4 ERROR: gcr.io/fuzzbench/builders/benchmark/radon_radon:latest: not found

#5 [1/4] FROM gcr.io/oss-fuzz-base/base-builder@sha256:4ad017ca53699eda684c1c444948c93a4af848fe34baee3a765d3c4693fe6a56
#5 sha256:3f10b3978a3951f6e2692fa5e5890ee5a755650381dedece7198ed0b1dcdaa8c
#5 CACHED

#7 [internal] load build context
#7 sha256:f0c17dbb543f79d4b256775c7c16d208ba9244e6dfbf41031e0d6e7b72856357
#7 transferring context: 30B done
#7 DONE 0.1s

#6 [2/4] RUN go get github.com/radondb/radon/src/fuzz/sqlparser
#6 sha256:b8ca578af16e4dc19babfe9e8a32a25fd80431b4a53eb347ab6f9cebe9b56c5e
#6 0.487 /bin/sh: 1: go: not found
#6 ERROR: executor failed running [/bin/sh -c go get github.com/radondb/radon/src/fuzz/sqlparser]: exit code: 127
------
 > importing cache manifest from gcr.io/fuzzbench/builders/benchmark/radon_radon:
------
------
 > [2/4] RUN go get github.com/radondb/radon/src/fuzz/sqlparser:
------
executor failed running [/bin/sh -c go get github.com/radondb/radon/src/fuzz/sqlparser]: exit code: 127
make: *** [docker/generated.mk:60592: .radon_radon-project-builder] Error 1
