WARNING:root:gcloud not found in PATH.
INFO:root:Successfully integrated benchmark: tidy-html5_tidy_config_fuzzer.
INFO:root:Please run "make test-run-afl-tidy-html5_tidy_config_fuzzer" to test integration.
#1 [internal] load build definition from Dockerfile
#1 sha256:85d2ba5351937191cafa3c378347aeb867373a75f15e920a530040a450a2135f
#1 transferring dockerfile: 1.02kB done
#1 DONE 0.4s

#2 [internal] load .dockerignore
#2 sha256:998972545fcf33f8930f4a7dba4dd8254f8ec289a9dfd6363682ccd05c434400
#2 transferring context: 2B done
#2 DONE 0.5s

#3 [internal] load metadata for gcr.io/oss-fuzz-base/base-builder:latest
#3 sha256:f10dc39cc9d418a5bc416dead31a1902b6821fdae909cd3b08f7a3fd1faba7b5
#3 DONE 0.4s

#9 [internal] load build context
#9 sha256:0b40de8c82be76856d666173b729ce6ed70d96e9b9fffdec3d77219529639dc7
#9 DONE 0.0s

#5 [1/6] FROM gcr.io/oss-fuzz-base/base-builder@sha256:f4e5ea12494fab091c5d830cf803b3421f2860f729b9d1b07da44924396cf8cf
#5 sha256:ef290950573a2779ee526af357b28fbddfc20d7409aa51f58f777c9e972cba29
#5 DONE 0.0s

#4 importing cache manifest from gcr.io/fuzzbench/builders/benchmark/tidy-html5_tidy_config_fuzzer
#4 sha256:41b4404ddbadb5d387dcc6ad67b0a392f3aef2d6bc2848859719b0cb29d4d1ac
#4 ERROR: gcr.io/fuzzbench/builders/benchmark/tidy-html5_tidy_config_fuzzer:latest: not found

#9 [internal] load build context
#9 sha256:0b40de8c82be76856d666173b729ce6ed70d96e9b9fffdec3d77219529639dc7
#9 transferring context: 354B done
#9 DONE 0.1s

#6 [2/6] RUN apt-get update &&     apt-get install -y --no-install-recommends         cmake ninja-build &&     apt-get clean
#6 sha256:f970db4514ebb1e89648b4f8cc5e12a903b122b625f6a126818ef81e31ca391a
#6 CACHED

#7 [3/6] RUN git clone -b next --single-branch     https://github.com/htacg/tidy-html5.git tidy-html5
#7 sha256:87700e3bd2efd5e5e1942fd465a776053f409ea589078125508601072d032bef
#7 CACHED

#8 [4/6] WORKDIR tidy-html5
#8 sha256:692120baa63fdd7dcf95cc9600ba7d442dbbde2bec87dc467b553a4c3ba8d1fc
#8 CACHED

#10 [5/6] COPY build.sh /src/
#10 sha256:703c75d5cf1dc0e7e1bf92ab6243f4fc3a4b628cf87df1fde6ffbc3f721b35ca
#10 CACHED

#11 [6/6] COPY *.c *.h *.options /src/
#11 sha256:5efbc2feb0081cc80b8e0c0817f174b2f2a9ddab7bff3141f9fefa151b51e86c
#11 CACHED

#12 exporting to image
#12 sha256:e8c613e07b0b7ff33893b694f7759a10d42e180f2b4dc349fb57dc6b71dcab00
#12 exporting layers done
#12 writing image sha256:09009e4234b5d0add1ec580cb391427b87a141408e57ac74cf71e1108f1e64a8
#12 writing image sha256:09009e4234b5d0add1ec580cb391427b87a141408e57ac74cf71e1108f1e64a8 done
#12 naming to gcr.io/fuzzbench/builders/benchmark/tidy-html5_tidy_config_fuzzer done
#12 DONE 0.3s

#13 exporting cache
#13 sha256:2700d4ef94dee473593c5c614b55b2dedcca7893909811a8f2b48291a1f581e4
#13 preparing build cache for export done
#13 DONE 0.0s
------
 > importing cache manifest from gcr.io/fuzzbench/builders/benchmark/tidy-html5_tidy_config_fuzzer:
------
#2 [internal] load .dockerignore
#2 sha256:8ddecaeba7fdf1de38c472fe6f69ecf97e3fe3ccc297d2628e3a338205ade71a
#2 transferring context: 2B done
#2 DONE 0.7s

#1 [internal] load build definition from builder.Dockerfile
#1 sha256:4889bcc961f905e96aa16b0c15c7e63137c0f21752d5f14c6321b4e51abc4f21
#1 transferring dockerfile: 46B done
#1 DONE 0.7s

#3 [internal] load metadata for gcr.io/fuzzbench/builders/benchmark/tidy-html5_tidy_config_fuzzer:latest
#3 sha256:639498c3947231f9060f6846229f00f4f58bb81a38ca1782d23dfd1512038727
#3 DONE 0.0s

#5 [1/3] FROM gcr.io/fuzzbench/builders/benchmark/tidy-html5_tidy_config_fuzzer
#5 sha256:2aa2900fdab03cccd47a1dd84487dde3899f10706b6acc1c5bf9bce280f01289
#5 DONE 0.0s

#4 importing cache manifest from gcr.io/fuzzbench/builders/afl/tidy-html5_tidy_config_fuzzer-intermediate
#4 sha256:09f2ea22146a32b5c6eb7d77bfef471c8a36bc95687026938531a22217cc8f83
#4 ERROR: gcr.io/fuzzbench/builders/afl/tidy-html5_tidy_config_fuzzer-intermediate:latest: not found

#6 [2/3] RUN git clone https://github.com/google/AFL.git /afl &&     cd /afl &&     git checkout 61037103ae3722c8060ff7082994836a794f978e &&     AFL_NO_X86=1 make
#6 sha256:ff97a532d383dee56c878e56dc810f13970860aacf7dc9047db3285f0b7babfa
#6 CACHED

#7 [3/3] RUN apt-get update &&     apt-get install wget -y &&     wget https://raw.githubusercontent.com/llvm/llvm-project/5feb80e748924606531ba28c97fe65145c65372e/compiler-rt/lib/fuzzer/afl/afl_driver.cpp -O /afl/afl_driver.cpp &&     clang -Wno-pointer-sign -c /afl/llvm_mode/afl-llvm-rt.o.c -I/afl &&     clang++ -stdlib=libc++ -std=c++11 -O2 -c /afl/afl_driver.cpp &&     ar r /libAFL.a *.o
#7 sha256:9d9e2d899cca0b2fd3bfcb0cf60aaf6fbefa0d1cdccb6b88f27848d3af8ccded
#7 CACHED

#8 exporting to image
#8 sha256:e8c613e07b0b7ff33893b694f7759a10d42e180f2b4dc349fb57dc6b71dcab00
#8 exporting layers done
#8 writing image sha256:f4e762761d113d42696b1d04b0eadfdf809c5894591b802302525a77d459ca7d 0.0s done
#8 naming to gcr.io/fuzzbench/builders/afl/tidy-html5_tidy_config_fuzzer-intermediate done
#8 DONE 0.4s

#9 exporting cache
#9 sha256:2700d4ef94dee473593c5c614b55b2dedcca7893909811a8f2b48291a1f581e4
#9 preparing build cache for export done
#9 DONE 0.0s
------
 > importing cache manifest from gcr.io/fuzzbench/builders/afl/tidy-html5_tidy_config_fuzzer-intermediate:
------
#1 [internal] load build definition from Dockerfile
#1 sha256:bdc01522f6f2f65d1c914244853f7e5007f205a102cf0814c51832dedd05d949
#1 transferring dockerfile: 2.00kB done
#1 DONE 0.1s

#2 [internal] load .dockerignore
#2 sha256:a6314a47c3ed1f03db3fde8a131cf3958dff5ba41391e74a891931f03587e787
#2 transferring context: 34B done
#2 DONE 0.2s

#3 [internal] load metadata for docker.io/library/ubuntu:xenial
#3 sha256:f62bae18ed588840f045c881b2502661f2a89578a2f8f99b83f5200ee83dd25b
#3 DONE 0.0s

#5 [1/7] FROM docker.io/library/ubuntu:xenial
#5 sha256:14dd403f25ae9e519bd44f27dc17af7ce80f5a4f9f48ca88108364e67ec5d360
#5 DONE 0.0s

#4 importing cache manifest from gcr.io/fuzzbench/base-image
#4 sha256:9b220ebb4d4daceed1b96df9b6dca076e762f1cd612574f010b82d5b9e5ad896
#4 DONE 0.0s

#8 [internal] load build context
#8 sha256:f3840fe75b3511b870e8ee5b37a3197dbec64691fed184ad3209aa9163acc871
#8 transferring context: 559B 0.0s done
#8 DONE 0.1s

#6 [2/7] RUN apt-get update -y && apt-get install -y     build-essential     rsync     curl     zlib1g-dev     libncurses5-dev     libgdbm-dev     libnss3-dev     libssl-dev     libreadline-dev     libffi-dev     virtualenv     libbz2-dev     liblzma-dev     libsqlite3-dev
#6 sha256:3a1b0960f17eed529eaae93dc8fd3554f2743dd584d8fa569cdbe6bc734371ac
#6 CACHED

#7 [3/7] RUN cd /tmp/ &&     curl -O https://www.python.org/ftp/python/3.8.6/Python-3.8.6.tar.xz &&     tar -xvf Python-3.8.6.tar.xz &&     cd Python-3.8.6 &&     ./configure --enable-loadable-sqlite-extensions --enable-optimizations &&     make -j install &&     rm -r /tmp/Python-3.8.6.tar.xz /tmp/Python-3.8.6
#7 sha256:c5b9d1fb3371e84dbc60b76e7b2f8d5913bc93bcd4910ab65daa03e7b2ec4bb0
#7 CACHED

#9 [4/7] COPY ./requirements.txt /
#9 sha256:da283cc0dd199e687f5207c82ad9b04b71175be52b7daff6c51d6219e96b3c79
#9 CACHED

#10 [5/7] RUN pip3 install -r /requirements.txt
#10 sha256:2727c30d8e10dc7d39e35d18d6d88420d169c229b058cc635c52e59974808c84
#10 CACHED

#11 [6/7] RUN apt-get update -y && apt-get install -y     apt-transport-https     lsb-release
#11 sha256:3659cc7e9221ee18c17f32200710c0e116a499f1f8f0e0d91af3c6f1077bc2f9
#11 CACHED

#12 [7/7] RUN CLOUD_SDK_REPO="cloud-sdk-$(lsb_release -c -s)" &&     echo "deb https://packages.cloud.google.com/apt $CLOUD_SDK_REPO main"     | tee -a /etc/apt/sources.list.d/google-cloud-sdk.list &&     curl https://packages.cloud.google.com/apt/doc/apt-key.gpg     | apt-key add - &&     apt-get update -y &&     apt-get install -y google-cloud-sdk
#12 sha256:281aa2ccc8d36a02ca0bda294d738cba06b971d6f1ba12ffb9aded08fdb72db7
#12 CACHED

#13 exporting to image
#13 sha256:e8c613e07b0b7ff33893b694f7759a10d42e180f2b4dc349fb57dc6b71dcab00
#13 exporting layers done
#13 writing image sha256:5bcafeca90d09e5a030feed2ced83edfc14622deae3e4a98f2d89504ec6deb0e
#13 writing image sha256:5bcafeca90d09e5a030feed2ced83edfc14622deae3e4a98f2d89504ec6deb0e 0.0s done
#13 naming to gcr.io/fuzzbench/base-image done
#13 DONE 0.1s

#14 exporting cache
#14 sha256:2700d4ef94dee473593c5c614b55b2dedcca7893909811a8f2b48291a1f581e4
#14 preparing build cache for export done
#14 DONE 0.0s
#1 [internal] load build definition from Dockerfile
#1 sha256:e8de77d2d12453db43630b8b632561b64a4161a57453491852c0d84afc47eff2
#1 transferring dockerfile: 2.22kB done
#1 DONE 0.1s

#2 [internal] load .dockerignore
#2 sha256:6eff4ed9088110b9802d0c43806aabc9762e6bb3e6d917ff5e13c66752b2da10
#2 transferring context: 34B done
#2 DONE 0.1s

#4 [internal] load metadata for gcr.io/fuzzbench/base-image:latest
#4 sha256:932022888f650cc455b10eb5123bb08c0cccacac29a693e69314abbfd28a72c3
#4 DONE 0.0s

#3 [internal] load metadata for gcr.io/fuzzbench/builders/afl/tidy-html5_tidy_config_fuzzer-intermediate:latest
#3 sha256:096d7a32ce7f632d0f4667d4c49f55fd6e175f7adbadddb053eb3ebe1fcef10a
#3 DONE 0.0s

#12 [internal] load build context
#12 sha256:b0bd00fc7155bde47db5602b18d691e43d830bdacbac5ca724d9626e3df362c0
#12 DONE 0.0s

#7 [base-image 1/1] FROM gcr.io/fuzzbench/base-image
#7 sha256:4d07825694520f8b6f6a0d8592dbd345433361ae044cb7f06706c5a95e3daaad
#7 DONE 0.0s

#6 [stage-1  1/13] FROM gcr.io/fuzzbench/builders/afl/tidy-html5_tidy_config_fuzzer-intermediate
#6 sha256:fc53a61b6ec1214e2683fae66775f2657dd46e1d97138f6f6a479be7d8251278
#6 DONE 0.0s

#5 importing cache manifest from gcr.io/fuzzbench/builders/afl/tidy-html5_tidy_config_fuzzer
#5 sha256:8567c2aa0ede50f9894e94b75e812ad81d5e2d693c94f68cbfcd50abbbb593cc
#5 ERROR: gcr.io/fuzzbench/builders/afl/tidy-html5_tidy_config_fuzzer:latest: not found

#12 [internal] load build context
#12 sha256:b0bd00fc7155bde47db5602b18d691e43d830bdacbac5ca724d9626e3df362c0
#12 transferring context: 669.91kB 0.1s done
#12 DONE 0.2s

#8 [stage-1  2/13] COPY --from=base-image /usr/local/bin/python3* /usr/local/bin/
#8 sha256:99d19197225f553168974a8dc330070312928b3ec3a83ef851c73a25fee3d1ec
#8 CACHED

#9 [stage-1  3/13] COPY --from=base-image /usr/local/lib/python3.8 /usr/local/lib/python3.8
#9 sha256:e7dd087025b856e7152e2469e3aef118767cb129bc7f01fe26308b5c7f6b4885
#9 CACHED

#10 [stage-1  4/13] COPY --from=base-image /usr/local/include/python3.8 /usr/local/include/python3.8
#10 sha256:3d426bae5fe0e69982e5ac47a5da45cd9197ba2c4c1d04636f1b5d0db1834335
#10 CACHED

#11 [stage-1  5/13] COPY --from=base-image /usr/local/lib/python3.8/site-packages /usr/local/lib/python3.8/site-packages
#11 sha256:081cc0e68725c010e832e288e85fca0cba6410d685635936c1a20f72cdc8eea2
#11 CACHED

#13 [stage-1  6/13] COPY fuzzers /src/fuzzers
#13 sha256:b44da38ec24c88296e6276ab63d84fca1b135be31181e89fa3b1b375b711e6ba
#13 CACHED

#14 [stage-1  7/13] RUN touch /src/__init__.py
#14 sha256:49d093a3950de7828a5429c8190d19f37bf8bc03b30e058fcd232a71096737e5
#14 CACHED

#15 [stage-1  8/13] COPY benchmarks/tidy-html5_tidy_config_fuzzer/benchmark.yaml /
#15 sha256:aef9d58bcc876dff5330e09e08bb6751b3eadbefe2c4356d82a445506540af84
#15 DONE 0.6s

#16 [stage-1  9/13] RUN mkdir /opt/fuzzbench/
#16 sha256:78fab150a85bd9961bd7363f810eba1296e0cf30b4322fa6a5f16e9614d977e2
#16 DONE 0.7s

#17 [stage-1 10/13] COPY docker/benchmark-builder/checkout_commit.py /opt/fuzzbench/
#17 sha256:50b46fc97552c2b07cdb600e196ef52d154f0921d315e7931641e6f2d0a36347
#17 DONE 0.4s

#18 [stage-1 11/13] RUN export CHECKOUT_COMMIT=$(cat /benchmark.yaml | tr -d ' ' | grep 'commit:' | cut -d ':' -f2) &&     python3 -u /opt/fuzzbench/checkout_commit.py $CHECKOUT_COMMIT /src
#18 sha256:bc06fb1a69665873918c5f8086439650427d62a90de6e1447355263d8e056757
#18 0.578 Checking out commit 84faf557
#18 0.583 error: pathspec '84faf557' did not match any file(s) known to git
#18 0.588 error: pathspec '84faf557' did not match any file(s) known to git
#18 0.593 error: pathspec '84faf557' did not match any file(s) known to git
#18 0.636 Checkout unsuccessful.
#18 DONE 0.8s

#19 [stage-1 12/13] RUN echo "#!/bin/bash\nPYTHONPATH=/src python3 -u -c "from fuzzers import utils; utils.initialize_env(); from fuzzers.afl import fuzzer; fuzzer.build()"" > /usr/bin/fuzzer_build &&     chmod +x /usr/bin/fuzzer_build
#19 sha256:6e7ea77b59245eb5102687693b8d07e9fd0e1d06639f5545dad55cbd75b338e5
#19 DONE 1.2s

#20 [stage-1 13/13] RUN echo "Run fuzzer_build to build the target" && if [ -z "$debug_builder" ] ; then fuzzer_build; fi
#20 sha256:1f51dc54260efb9dd54ce8b6fea8121bb4a41f3d78a4c86b92847efd36c6ac16
#20 0.524 Run fuzzer_build to build the target
#20 0.637 FUZZ_TARGET = tidy_config_fuzzer
#20 0.637 CFLAGS = -DFUZZING_BUILD_MODE_UNSAFE_FOR_PRODUCTION -pthread -Wl,--no-as-needed -Wl,-ldl -Wl,-lm -Wno-unused-command-line-argument -O3
#20 0.637 CXXFLAGS = -DFUZZING_BUILD_MODE_UNSAFE_FOR_PRODUCTION -pthread -Wl,--no-as-needed -Wl,-ldl -Wl,-lm -Wno-unused-command-line-argument -stdlib=libc++ -O3
#20 0.642 Building benchmark tidy-html5_tidy_config_fuzzer with fuzzer afl
#20 0.645 + mkdir -p /work/tidy-html5
#20 0.648 + cd /work/tidy-html5
#20 0.648 + cmake -GNinja /src/tidy-html5/
#20 0.862 -- The C compiler identification is Clang 14.0.0
#20 1.107 -- The CXX compiler identification is Clang 14.0.0
#20 1.119 -- Detecting C compiler ABI info
#20 1.267 -- Detecting C compiler ABI info - done
#20 1.316 -- Check for working C compiler: /usr/local/bin/clang - skipped
#20 1.316 -- Detecting C compile features
#20 1.317 -- Detecting C compile features - done
#20 1.324 -- Detecting CXX compiler ABI info
#20 1.507 -- Detecting CXX compiler ABI info - done
#20 1.578 -- Check for working CXX compiler: /usr/local/bin/clang++ - skipped
#20 1.579 -- Detecting CXX compile features
#20 1.580 -- Detecting CXX compile features - done
#20 1.582 -> TIDY_SO_VERSION = 59. This is an ODD (development) release.
#20 1.582 -- *** Debug Logging is NOT enabled.
#20 1.582 -- *** Building support for runtime configuration files.
#20 1.582 -- *** Also building DLL library SHARED, version 5.9.20, date 2022.01.25
#20 1.583 -- *** NOTE: xsltproc NOT FOUND! Can NOT generate man page.
#20 1.583 -- *** You need to install xsltproc in your system.
#20 1.598 -- Configuring done
#20 1.610 -- Generating done
#20 1.619 -- Build files have been written to: /work/tidy-html5
#20 1.623 + ninja
#20 1.860 [1/56] Building C object CMakeFiles/tidy-share.dir/src/charsets.c.o
#20 1.941 [2/56] Building C object CMakeFiles/tidy-share.dir/src/entities.c.o
#20 1.966 [3/56] Building C object CMakeFiles/tidy-share.dir/src/istack.c.o
#20 2.197 [4/56] Building C object CMakeFiles/tidy-share.dir/src/alloc.c.o
#20 2.404 [5/56] Building C object CMakeFiles/tidy-share.dir/src/tags.c.o
#20 2.693 [6/56] Building C object CMakeFiles/tidy-share.dir/src/buffio.c.o
#20 2.798 [7/56] Building C object CMakeFiles/tidy-share.dir/src/message.c.o
#20 2.870 [8/56] Building C object CMakeFiles/tidy-share.dir/src/fileio.c.o
#20 2.993 [9/56] Building C object CMakeFiles/tidy-share.dir/src/tagask.c.o
#20 3.262 [10/56] Building C object CMakeFiles/tidy-share.dir/src/tmbstr.c.o
#20 3.333 [11/56] Building C object CMakeFiles/tidy-share.dir/src/config.c.o
#20 3.371 [12/56] Building C object CMakeFiles/tidy-share.dir/src/attrs.c.o
#20 3.457 [13/56] Building C object CMakeFiles/tidy-share.dir/src/streamio.c.o
#20 3.513 [14/56] Building C object CMakeFiles/tidy-share.dir/src/mappedio.c.o
#20 3.524 [15/56] Building C object CMakeFiles/tidy-share.dir/src/utf8.c.o
#20 3.534 [16/56] Building C object CMakeFiles/tidy-share.dir/src/clean.c.o
#20 3.729 [17/56] Building C object CMakeFiles/tidy-share.dir/src/sprtf.c.o
#20 3.758 [18/56] Building C object CMakeFiles/tidy-share.dir/src/gdoc.c.o
#20 3.913 [19/56] Building C object CMakeFiles/tidy-share.dir/src/access.c.o
#20 3.991 [20/56] Building C object CMakeFiles/tidy-share.dir/src/language.c.o
#20 3.998 [21/56] Building C object CMakeFiles/tidy-share.dir/src/messageobj.c.o
#20 4.140 [22/56] Building C object CMakeFiles/tidy-share.dir/src/attrdict.c.o
#20 4.232 [23/56] Building C object CMakeFiles/tidy-static.dir/src/istack.c.o
#20 4.359 [24/56] Building C object CMakeFiles/tidy-share.dir/src/tidylib.c.o
#20 4.579 [25/56] Building C object CMakeFiles/tidy-static.dir/src/entities.c.o
#20 4.610 [26/56] Building C object CMakeFiles/tidy-static.dir/src/tags.c.o
#20 4.743 [27/56] Building C object CMakeFiles/tidy-share.dir/src/lexer.c.o
#20 4.859 [28/56] Building C object CMakeFiles/tidy-static.dir/src/charsets.c.o
#20 5.441 [29/56] Building C object CMakeFiles/tidy-static.dir/src/attrs.c.o
#20 5.447 [30/56] Building C object CMakeFiles/tidy-share.dir/src/parser.c.o
#20 5.447 /src/tidy-html5/src/parser.c:2793:11: warning: variable 'head' set but not used [-Wunused-but-set-variable]
#20 5.447     Node *head = NULL;
#20 5.447           ^
#20 5.447 1 warning generated.
#20 5.585 [31/56] Building C object CMakeFiles/tidy-static.dir/src/message.c.o
#20 5.657 [32/56] Building C object CMakeFiles/tidy-static.dir/src/access.c.o
#20 5.670 [33/56] Building C object CMakeFiles/tidy-static.dir/src/alloc.c.o
#20 5.803 [34/56] Building C object CMakeFiles/tidy-static.dir/src/fileio.c.o
#20 5.836 [35/56] Building C object CMakeFiles/tidy-static.dir/src/buffio.c.o
#20 6.080 [36/56] Building C object CMakeFiles/tidy-static.dir/src/tagask.c.o
#20 6.209 [37/56] Building C object CMakeFiles/tidy-static.dir/src/streamio.c.o
#20 6.218 [38/56] Building C object CMakeFiles/tidy-static.dir/src/tmbstr.c.o
#20 6.286 [39/56] Building C object CMakeFiles/tidy-static.dir/src/config.c.o
#20 6.442 [40/56] Building C object CMakeFiles/tidy-static.dir/src/utf8.c.o
#20 6.466 [41/56] Building C object CMakeFiles/tidy-static.dir/src/gdoc.c.o
#20 6.485 [42/56] Building C object CMakeFiles/tidy-static.dir/src/mappedio.c.o
#20 6.487 [43/56] Building C object CMakeFiles/tidy-static.dir/src/clean.c.o
#20 6.554 [44/56] Building C object CMakeFiles/tidy-static.dir/src/sprtf.c.o
#20 6.923 [45/56] Building C object CMakeFiles/tidy-static.dir/src/language.c.o
#20 7.071 [46/56] Building C object CMakeFiles/tidy-static.dir/src/messageobj.c.o
#20 7.094 [47/56] Building C object CMakeFiles/tidy-static.dir/src/parser.c.o
#20 7.094 /src/tidy-html5/src/parser.c:2793:11: warning: variable 'head' set but not used [-Wunused-but-set-variable]
#20 7.094     Node *head = NULL;
#20 7.094           ^
#20 7.094 1 warning generated.
#20 7.115 [48/56] Building C object CMakeFiles/tidy-share.dir/src/pprint.c.o
#20 7.177 [49/56] Building C object CMakeFiles/tidy-static.dir/src/lexer.c.o
#20 7.190 [50/56] Building C object CMakeFiles/tidy-static.dir/src/attrdict.c.o
#20 7.220 [51/56] Building C object CMakeFiles/tidy-static.dir/src/tidylib.c.o
#20 7.252 [52/56] Linking C shared library libtidy.so
#20 7.707 [53/56] Building C object CMakeFiles/tidy.dir/console/tidy.c.o
#20 7.707 /src/tidy-html5/console/tidy.c:2085:10: warning: variable 'accessWarnings' set but not used [-Wunused-but-set-variable]
#20 7.707     uint accessWarnings = 0;
#20 7.707          ^
#20 7.707 1 warning generated.
#20 8.096 [54/56] Building C object CMakeFiles/tidy-static.dir/src/pprint.c.o
#20 8.114 [55/56] Linking C static library libtidy.a
#20 8.288 [56/56] Linking C executable tidy
#20 8.288 + for fuzzer in tidy_config_fuzzer tidy_fuzzer
#20 8.289 + clang -DFUZZING_BUILD_MODE_UNSAFE_FOR_PRODUCTION -pthread -Wl,--no-as-needed -Wl,-ldl -Wl,-lm -Wno-unused-command-line-argument -O3 -fsanitize-coverage=trace-pc-guard -c -I/src/tidy-html5/include /src/tidy_config_fuzzer.c -o tidy_config_fuzzer.o
#20 8.357 + clang++ -DFUZZING_BUILD_MODE_UNSAFE_FOR_PRODUCTION -pthread -Wl,--no-as-needed -Wl,-ldl -Wl,-lm -Wno-unused-command-line-argument -stdlib=libc++ -O3 -fsanitize-coverage=trace-pc-guard -std=c++11 tidy_config_fuzzer.o -o /out/tidy_config_fuzzer /libAFL.a libtidys.a
#20 8.365 clang-14: error: no such file or directory: 'libtidys.a'
#20 8.368 Traceback (most recent call last):
#20 8.368   File "<string>", line 1, in <module>
#20 8.368   File "/src/fuzzers/afl/fuzzer.py", line 40, in build
#20 8.368     utils.build_benchmark()
#20 8.368   File "/src/fuzzers/utils.py", line 82, in build_benchmark
#20 8.369     subprocess.check_call(['/bin/bash', '-ex', build_script], env=env)
#20 8.369   File "/usr/local/lib/python3.8/subprocess.py", line 364, in check_call
#20 8.369     raise CalledProcessError(retcode, cmd)
#20 8.369 subprocess.CalledProcessError: Command '['/bin/bash', '-ex', '/src/build.sh']' returned non-zero exit status 1.
#20 ERROR: executor failed running [/bin/sh -c echo "Run fuzzer_build to build the target" && if [ -z "$debug_builder" ] ; then fuzzer_build; fi]: exit code: 1
------
 > importing cache manifest from gcr.io/fuzzbench/builders/afl/tidy-html5_tidy_config_fuzzer:
------
------
 > [stage-1 13/13] RUN echo "Run fuzzer_build to build the target" && if [ -z "$debug_builder" ] ; then fuzzer_build; fi:
------
executor failed running [/bin/sh -c echo "Run fuzzer_build to build the target" && if [ -z "$debug_builder" ] ; then fuzzer_build; fi]: exit code: 1
make: *** [docker/generated.mk:2720412: .afl-tidy-html5_tidy_config_fuzzer-builder] Error 1
/bin/sh: 1: source: not found
#1 [internal] load build definition from Dockerfile
#1 sha256:36b1af22876f4505d35d328935724f17c3df9a543d4125cbc90e78a712cd6cc7
#1 transferring dockerfile: 32B done
#1 DONE 0.1s

#2 [internal] load .dockerignore
#2 sha256:b13cc872f665ba7f67c81a6c99f4128c408d46d7ea45f9aa8afaf6e1a247d325
#2 transferring context: 2B done
#2 DONE 0.1s

#3 [internal] load metadata for gcr.io/oss-fuzz-base/base-builder:latest
#3 sha256:f10dc39cc9d418a5bc416dead31a1902b6821fdae909cd3b08f7a3fd1faba7b5
#3 DONE 0.4s

#5 [1/6] FROM gcr.io/oss-fuzz-base/base-builder@sha256:f4e5ea12494fab091c5d830cf803b3421f2860f729b9d1b07da44924396cf8cf
#5 sha256:ef290950573a2779ee526af357b28fbddfc20d7409aa51f58f777c9e972cba29
#5 DONE 0.0s

#4 importing cache manifest from gcr.io/fuzzbench/builders/benchmark/tidy-html5_tidy_config_fuzzer
#4 sha256:41b4404ddbadb5d387dcc6ad67b0a392f3aef2d6bc2848859719b0cb29d4d1ac
#4 DONE 0.0s

#9 [internal] load build context
#9 sha256:0e4d53525fedb0cef9e25d6e190684f09f12a135a0ec542fafebb726d72b78e0
#9 transferring context: 354B done
#9 DONE 0.1s

#10 [5/6] COPY build.sh /src/
#10 sha256:db7fd8aa01b37a6386a36e184428116063b833b2a7a272ed2903eec886e53043
#10 CACHED

#7 [3/6] RUN git clone -b next --single-branch     https://github.com/htacg/tidy-html5.git tidy-html5
#7 sha256:87700e3bd2efd5e5e1942fd465a776053f409ea589078125508601072d032bef
#7 CACHED

#8 [4/6] WORKDIR tidy-html5
#8 sha256:692120baa63fdd7dcf95cc9600ba7d442dbbde2bec87dc467b553a4c3ba8d1fc
#8 CACHED

#6 [2/6] RUN apt-get update &&     apt-get install -y --no-install-recommends         cmake ninja-build &&     apt-get clean
#6 sha256:f970db4514ebb1e89648b4f8cc5e12a903b122b625f6a126818ef81e31ca391a
#6 CACHED

#11 [6/6] COPY *.c *.h *.options /src/
#11 sha256:edc1f2da1ec696c6d3c1958e64a9a7fd342b39575ee87c768b912cd162e4765f
#11 CACHED

#12 exporting to image
#12 sha256:e8c613e07b0b7ff33893b694f7759a10d42e180f2b4dc349fb57dc6b71dcab00
#12 exporting layers done
#12 writing image sha256:09009e4234b5d0add1ec580cb391427b87a141408e57ac74cf71e1108f1e64a8 0.0s done
#12 naming to gcr.io/fuzzbench/builders/benchmark/tidy-html5_tidy_config_fuzzer done
#12 DONE 0.3s

#13 exporting cache
#13 sha256:2700d4ef94dee473593c5c614b55b2dedcca7893909811a8f2b48291a1f581e4
#13 preparing build cache for export done
#13 DONE 0.0s
#2 [internal] load .dockerignore
#2 sha256:7de518c9ca5cee11a5278069e4892275ab321229d1ee5c5299366e2c1f35405d
#2 transferring context: 2B done
#2 DONE 0.2s

#1 [internal] load build definition from builder.Dockerfile
#1 sha256:770f24d38a6f09a358a2fe0be476f11993dff7648f71e71aecb942a205f95369
#1 transferring dockerfile: 46B done
#1 DONE 0.2s

#3 [internal] load metadata for gcr.io/fuzzbench/builders/benchmark/tidy-html5_tidy_config_fuzzer:latest
#3 sha256:639498c3947231f9060f6846229f00f4f58bb81a38ca1782d23dfd1512038727
#3 DONE 0.0s

#4 importing cache manifest from gcr.io/fuzzbench/builders/afl/tidy-html5_tidy_config_fuzzer-intermediate
#4 sha256:09f2ea22146a32b5c6eb7d77bfef471c8a36bc95687026938531a22217cc8f83
#4 DONE 0.0s

#5 [1/3] FROM gcr.io/fuzzbench/builders/benchmark/tidy-html5_tidy_config_fuzzer
#5 sha256:2aa2900fdab03cccd47a1dd84487dde3899f10706b6acc1c5bf9bce280f01289
#5 DONE 0.0s

#6 [2/3] RUN git clone https://github.com/google/AFL.git /afl &&     cd /afl &&     git checkout 61037103ae3722c8060ff7082994836a794f978e &&     AFL_NO_X86=1 make
#6 sha256:ff97a532d383dee56c878e56dc810f13970860aacf7dc9047db3285f0b7babfa
#6 CACHED

#7 [3/3] RUN apt-get update &&     apt-get install wget -y &&     wget https://raw.githubusercontent.com/llvm/llvm-project/5feb80e748924606531ba28c97fe65145c65372e/compiler-rt/lib/fuzzer/afl/afl_driver.cpp -O /afl/afl_driver.cpp &&     clang -Wno-pointer-sign -c /afl/llvm_mode/afl-llvm-rt.o.c -I/afl &&     clang++ -stdlib=libc++ -std=c++11 -O2 -c /afl/afl_driver.cpp &&     ar r /libAFL.a *.o
#7 sha256:9d9e2d899cca0b2fd3bfcb0cf60aaf6fbefa0d1cdccb6b88f27848d3af8ccded
#7 CACHED

#8 exporting to image
#8 sha256:e8c613e07b0b7ff33893b694f7759a10d42e180f2b4dc349fb57dc6b71dcab00
#8 exporting layers done
#8 writing image sha256:f4e762761d113d42696b1d04b0eadfdf809c5894591b802302525a77d459ca7d
#8 writing image sha256:f4e762761d113d42696b1d04b0eadfdf809c5894591b802302525a77d459ca7d done
#8 naming to gcr.io/fuzzbench/builders/afl/tidy-html5_tidy_config_fuzzer-intermediate done
#8 DONE 0.3s

#9 exporting cache
#9 sha256:2700d4ef94dee473593c5c614b55b2dedcca7893909811a8f2b48291a1f581e4
#9 preparing build cache for export done
#9 DONE 0.0s
#1 [internal] load build definition from Dockerfile
#1 sha256:f89373c58b326eac45cb5ecc7de929c8c432e18c6b2ef93f2942657ef22b760d
#1 transferring dockerfile: 2.00kB done
#1 DONE 0.1s

#2 [internal] load .dockerignore
#2 sha256:a3f3f845a9cfa019d8897c016340e3d5768d3feac379be9e0ea12a3ee0390367
#2 transferring context: 34B done
#2 DONE 0.2s

#3 [internal] load metadata for docker.io/library/ubuntu:xenial
#3 sha256:f62bae18ed588840f045c881b2502661f2a89578a2f8f99b83f5200ee83dd25b
#3 DONE 0.0s

#5 [1/7] FROM docker.io/library/ubuntu:xenial
#5 sha256:14dd403f25ae9e519bd44f27dc17af7ce80f5a4f9f48ca88108364e67ec5d360
#5 DONE 0.0s

#4 importing cache manifest from gcr.io/fuzzbench/base-image
#4 sha256:9b220ebb4d4daceed1b96df9b6dca076e762f1cd612574f010b82d5b9e5ad896
#4 DONE 0.0s

#8 [internal] load build context
#8 sha256:4cbfc145e4221fe84f9fe971d0778940188038bfb95e76b3977e1b3fcc0fbd0c
#8 transferring context: 559B 0.0s done
#8 DONE 0.1s

#11 [6/7] RUN apt-get update -y && apt-get install -y     apt-transport-https     lsb-release
#11 sha256:08de200011aeb2fd143deac2f22333619c1c553e0a3d34d97cf9ce66ece46006
#11 CACHED

#6 [2/7] RUN apt-get update -y && apt-get install -y     build-essential     rsync     curl     zlib1g-dev     libncurses5-dev     libgdbm-dev     libnss3-dev     libssl-dev     libreadline-dev     libffi-dev     virtualenv     libbz2-dev     liblzma-dev     libsqlite3-dev
#6 sha256:3a1b0960f17eed529eaae93dc8fd3554f2743dd584d8fa569cdbe6bc734371ac
#6 CACHED

#7 [3/7] RUN cd /tmp/ &&     curl -O https://www.python.org/ftp/python/3.8.6/Python-3.8.6.tar.xz &&     tar -xvf Python-3.8.6.tar.xz &&     cd Python-3.8.6 &&     ./configure --enable-loadable-sqlite-extensions --enable-optimizations &&     make -j install &&     rm -r /tmp/Python-3.8.6.tar.xz /tmp/Python-3.8.6
#7 sha256:c5b9d1fb3371e84dbc60b76e7b2f8d5913bc93bcd4910ab65daa03e7b2ec4bb0
#7 CACHED

#9 [4/7] COPY ./requirements.txt /
#9 sha256:3e7046ab893befef698197d9c0a036345ba91d5efc15a928832040ebc420d858
#9 CACHED

#10 [5/7] RUN pip3 install -r /requirements.txt
#10 sha256:c7f99d8b4e37192df6452802ee6dc3eb9299307738705c10fa2bc9e75cb95f2d
#10 CACHED

#12 [7/7] RUN CLOUD_SDK_REPO="cloud-sdk-$(lsb_release -c -s)" &&     echo "deb https://packages.cloud.google.com/apt $CLOUD_SDK_REPO main"     | tee -a /etc/apt/sources.list.d/google-cloud-sdk.list &&     curl https://packages.cloud.google.com/apt/doc/apt-key.gpg     | apt-key add - &&     apt-get update -y &&     apt-get install -y google-cloud-sdk
#12 sha256:6346334110ec84c793177ad6372c726bf05070c305421b110ab6b5ce77db215a
#12 CACHED

#13 exporting to image
#13 sha256:e8c613e07b0b7ff33893b694f7759a10d42e180f2b4dc349fb57dc6b71dcab00
#13 exporting layers done
#13 writing image sha256:5bcafeca90d09e5a030feed2ced83edfc14622deae3e4a98f2d89504ec6deb0e 0.0s done
#13 naming to gcr.io/fuzzbench/base-image done
#13 DONE 0.1s

#14 exporting cache
#14 sha256:2700d4ef94dee473593c5c614b55b2dedcca7893909811a8f2b48291a1f581e4
#14 preparing build cache for export done
#14 DONE 0.0s
#2 [internal] load .dockerignore
#2 sha256:fb1e9a18d5e233ad7ffa27abf3112763bd587c0733173a31694c69c05b650085
#2 transferring context: 34B done
#2 DONE 0.2s

#1 [internal] load build definition from Dockerfile
#1 sha256:8f84bc11dda33f49a074da3883fb1d03e8e4bb7078dfd74c9d451e237b984f18
#1 transferring dockerfile: 2.22kB done
#1 DONE 0.2s

#4 [internal] load metadata for gcr.io/fuzzbench/base-image:latest
#4 sha256:932022888f650cc455b10eb5123bb08c0cccacac29a693e69314abbfd28a72c3
#4 DONE 0.0s

#3 [internal] load metadata for gcr.io/fuzzbench/builders/afl/tidy-html5_tidy_config_fuzzer-intermediate:latest
#3 sha256:096d7a32ce7f632d0f4667d4c49f55fd6e175f7adbadddb053eb3ebe1fcef10a
#3 DONE 0.0s

#12 [internal] load build context
#12 sha256:c4bd29454131e04a3ac07e2d08b0fbefeb39199c6d08242fe5cd3b060e02a3b2
#12 DONE 0.0s

#7 [base-image 1/1] FROM gcr.io/fuzzbench/base-image
#7 sha256:4d07825694520f8b6f6a0d8592dbd345433361ae044cb7f06706c5a95e3daaad
#7 DONE 0.0s

#6 [stage-1  1/13] FROM gcr.io/fuzzbench/builders/afl/tidy-html5_tidy_config_fuzzer-intermediate
#6 sha256:fc53a61b6ec1214e2683fae66775f2657dd46e1d97138f6f6a479be7d8251278
#6 DONE 0.0s

#5 importing cache manifest from gcr.io/fuzzbench/builders/afl/tidy-html5_tidy_config_fuzzer
#5 sha256:8567c2aa0ede50f9894e94b75e812ad81d5e2d693c94f68cbfcd50abbbb593cc
#5 ERROR: gcr.io/fuzzbench/builders/afl/tidy-html5_tidy_config_fuzzer:latest: not found

#12 [internal] load build context
#12 sha256:c4bd29454131e04a3ac07e2d08b0fbefeb39199c6d08242fe5cd3b060e02a3b2
#12 transferring context: 669.91kB 0.1s done
#12 DONE 0.1s

#8 [stage-1  2/13] COPY --from=base-image /usr/local/bin/python3* /usr/local/bin/
#8 sha256:99d19197225f553168974a8dc330070312928b3ec3a83ef851c73a25fee3d1ec
#8 CACHED

#13 [stage-1  6/13] COPY fuzzers /src/fuzzers
#13 sha256:90de6ff8e9bd47b3975ee3112095b87446e5042f549d3dd7a2ff6e21dba8add3
#13 CACHED

#9 [stage-1  3/13] COPY --from=base-image /usr/local/lib/python3.8 /usr/local/lib/python3.8
#9 sha256:e7dd087025b856e7152e2469e3aef118767cb129bc7f01fe26308b5c7f6b4885
#9 CACHED

#17 [stage-1 10/13] COPY docker/benchmark-builder/checkout_commit.py /opt/fuzzbench/
#17 sha256:3524030af56a2eab1538f95a6f89cbe13dc9be02185ecd4ad146298ab4dcfed1
#17 CACHED

#16 [stage-1  9/13] RUN mkdir /opt/fuzzbench/
#16 sha256:4ca0855e2a76dd8e18fd79010d6cfe854a61803408d5c4fb766923fabf9de058
#16 CACHED

#18 [stage-1 11/13] RUN export CHECKOUT_COMMIT=$(cat /benchmark.yaml | tr -d ' ' | grep 'commit:' | cut -d ':' -f2) &&     python3 -u /opt/fuzzbench/checkout_commit.py $CHECKOUT_COMMIT /src
#18 sha256:6073c2fa0c0bdd74b5802c1dd73d00e307bb4e2f09407a071eefd717b564b29b
#18 CACHED

#10 [stage-1  4/13] COPY --from=base-image /usr/local/include/python3.8 /usr/local/include/python3.8
#10 sha256:3d426bae5fe0e69982e5ac47a5da45cd9197ba2c4c1d04636f1b5d0db1834335
#10 CACHED

#11 [stage-1  5/13] COPY --from=base-image /usr/local/lib/python3.8/site-packages /usr/local/lib/python3.8/site-packages
#11 sha256:081cc0e68725c010e832e288e85fca0cba6410d685635936c1a20f72cdc8eea2
#11 CACHED

#14 [stage-1  7/13] RUN touch /src/__init__.py
#14 sha256:0aaf6f92d7ab24f81566f07343fc9e23fd1d097b2a98117f558418eb5bb63b3e
#14 CACHED

#15 [stage-1  8/13] COPY benchmarks/tidy-html5_tidy_config_fuzzer/benchmark.yaml /
#15 sha256:11dbf6355d884adfa24c9d6053dd188973ce72040c233a19890d9e858ad442f5
#15 CACHED

#19 [stage-1 12/13] RUN echo "#!/bin/bash\nPYTHONPATH=/src python3 -u -c "from fuzzers import utils; utils.initialize_env(); from fuzzers.afl import fuzzer; fuzzer.build()"" > /usr/bin/fuzzer_build &&     chmod +x /usr/bin/fuzzer_build
#19 sha256:58ea54261f51d596a7313dc920cb3f199c6811a53ac4e28f66cfdac79dd03ee2
#19 CACHED

#20 [stage-1 13/13] RUN echo "Run fuzzer_build to build the target" && if [ -z "$debug_builder" ] ; then fuzzer_build; fi
#20 sha256:06e15986aaa397e2c8b330780080f97e3811125ec5c76ac39f41f54c4d85d57e
#20 0.376 Run fuzzer_build to build the target
#20 0.506 FUZZ_TARGET = tidy_config_fuzzer
#20 0.506 CFLAGS = -DFUZZING_BUILD_MODE_UNSAFE_FOR_PRODUCTION -pthread -Wl,--no-as-needed -Wl,-ldl -Wl,-lm -Wno-unused-command-line-argument -O3
#20 0.506 CXXFLAGS = -DFUZZING_BUILD_MODE_UNSAFE_FOR_PRODUCTION -pthread -Wl,--no-as-needed -Wl,-ldl -Wl,-lm -Wno-unused-command-line-argument -stdlib=libc++ -O3
#20 0.510 Building benchmark tidy-html5_tidy_config_fuzzer with fuzzer afl
#20 0.514 + mkdir -p /work/tidy-html5
#20 0.516 + cd /work/tidy-html5
#20 0.516 + cmake -GNinja /src/tidy-html5/
#20 0.723 -- The C compiler identification is Clang 14.0.0
#20 0.972 -- The CXX compiler identification is Clang 14.0.0
#20 0.988 -- Detecting C compiler ABI info
#20 1.141 -- Detecting C compiler ABI info - done
#20 1.191 -- Check for working C compiler: /usr/local/bin/clang - skipped
#20 1.191 -- Detecting C compile features
#20 1.192 -- Detecting C compile features - done
#20 1.199 -- Detecting CXX compiler ABI info
#20 1.385 -- Detecting CXX compiler ABI info - done
#20 1.457 -- Check for working CXX compiler: /usr/local/bin/clang++ - skipped
#20 1.457 -- Detecting CXX compile features
#20 1.458 -- Detecting CXX compile features - done
#20 1.460 -> TIDY_SO_VERSION = 59. This is an ODD (development) release.
#20 1.460 -- *** Debug Logging is NOT enabled.
#20 1.460 -- *** Building support for runtime configuration files.
#20 1.460 -- *** Also building DLL library SHARED, version 5.9.20, date 2022.01.25
#20 1.462 -- *** NOTE: xsltproc NOT FOUND! Can NOT generate man page.
#20 1.462 -- *** You need to install xsltproc in your system.
#20 1.477 -- Configuring done
#20 1.489 -- Generating done
#20 1.499 -- Build files have been written to: /work/tidy-html5
#20 1.504 + ninja
#20 1.781 [1/56] Building C object CMakeFiles/tidy-share.dir/src/charsets.c.o
#20 1.828 [2/56] Building C object CMakeFiles/tidy-share.dir/src/entities.c.o
#20 1.914 [3/56] Building C object CMakeFiles/tidy-share.dir/src/istack.c.o
#20 2.123 [4/56] Building C object CMakeFiles/tidy-share.dir/src/alloc.c.o
#20 2.249 [5/56] Building C object CMakeFiles/tidy-share.dir/src/tags.c.o
#20 2.590 [6/56] Building C object CMakeFiles/tidy-share.dir/src/message.c.o
#20 2.646 [7/56] Building C object CMakeFiles/tidy-share.dir/src/buffio.c.o
#20 2.777 [8/56] Building C object CMakeFiles/tidy-share.dir/src/fileio.c.o
#20 3.045 [9/56] Building C object CMakeFiles/tidy-share.dir/src/tagask.c.o
#20 3.114 [10/56] Building C object CMakeFiles/tidy-share.dir/src/config.c.o
#20 3.203 [11/56] Building C object CMakeFiles/tidy-share.dir/src/streamio.c.o
#20 3.239 [12/56] Building C object CMakeFiles/tidy-share.dir/src/attrs.c.o
#20 3.377 [13/56] Building C object CMakeFiles/tidy-share.dir/src/clean.c.o
#20 3.393 [14/56] Building C object CMakeFiles/tidy-share.dir/src/tmbstr.c.o
#20 3.394 [15/56] Building C object CMakeFiles/tidy-share.dir/src/utf8.c.o
#20 3.489 [16/56] Building C object CMakeFiles/tidy-share.dir/src/mappedio.c.o
#20 3.557 [17/56] Building C object CMakeFiles/tidy-share.dir/src/gdoc.c.o
#20 3.607 [18/56] Building C object CMakeFiles/tidy-share.dir/src/sprtf.c.o
#20 3.628 [19/56] Building C object CMakeFiles/tidy-share.dir/src/access.c.o
#20 3.863 [20/56] Building C object CMakeFiles/tidy-share.dir/src/language.c.o
#20 3.953 [21/56] Building C object CMakeFiles/tidy-share.dir/src/attrdict.c.o
#20 3.969 [22/56] Building C object CMakeFiles/tidy-share.dir/src/messageobj.c.o
#20 3.977 [23/56] Building C object CMakeFiles/tidy-static.dir/src/istack.c.o
#20 4.372 [24/56] Building C object CMakeFiles/tidy-static.dir/src/entities.c.o
#20 4.578 [25/56] Building C object CMakeFiles/tidy-static.dir/src/tags.c.o
#20 4.683 [26/56] Building C object CMakeFiles/tidy-share.dir/src/tidylib.c.o
#20 4.794 [27/56] Building C object CMakeFiles/tidy-static.dir/src/charsets.c.o
#20 4.848 [28/56] Building C object CMakeFiles/tidy-share.dir/src/lexer.c.o
#20 5.261 [29/56] Building C object CMakeFiles/tidy-static.dir/src/attrs.c.o
#20 5.416 [30/56] Building C object CMakeFiles/tidy-static.dir/src/alloc.c.o
#20 5.479 [31/56] Building C object CMakeFiles/tidy-static.dir/src/message.c.o
#20 5.528 [32/56] Building C object CMakeFiles/tidy-static.dir/src/access.c.o
#20 5.549 [33/56] Building C object CMakeFiles/tidy-share.dir/src/parser.c.o
#20 5.549 /src/tidy-html5/src/parser.c:2793:11: warning: variable 'head' set but not used [-Wunused-but-set-variable]
#20 5.549     Node *head = NULL;
#20 5.549           ^
#20 5.549 1 warning generated.
#20 5.722 [34/56] Building C object CMakeFiles/tidy-static.dir/src/fileio.c.o
#20 5.875 [35/56] Building C object CMakeFiles/tidy-static.dir/src/buffio.c.o
#20 5.911 [36/56] Building C object CMakeFiles/tidy-static.dir/src/tagask.c.o
#20 6.123 [37/56] Building C object CMakeFiles/tidy-static.dir/src/streamio.c.o
#20 6.138 [38/56] Building C object CMakeFiles/tidy-static.dir/src/config.c.o
#20 6.280 [39/56] Building C object CMakeFiles/tidy-static.dir/src/utf8.c.o
#20 6.309 [40/56] Building C object CMakeFiles/tidy-static.dir/src/tmbstr.c.o
#20 6.319 [41/56] Building C object CMakeFiles/tidy-static.dir/src/mappedio.c.o
#20 6.549 [42/56] Building C object CMakeFiles/tidy-static.dir/src/clean.c.o
#20 6.596 [43/56] Building C object CMakeFiles/tidy-static.dir/src/gdoc.c.o
#20 6.695 [44/56] Building C object CMakeFiles/tidy-static.dir/src/sprtf.c.o
#20 6.762 [45/56] Building C object CMakeFiles/tidy-static.dir/src/language.c.o
#20 6.839 [46/56] Building C object CMakeFiles/tidy-static.dir/src/messageobj.c.o
#20 6.925 [47/56] Building C object CMakeFiles/tidy-share.dir/src/pprint.c.o
#20 6.947 [48/56] Building C object CMakeFiles/tidy-static.dir/src/lexer.c.o
#20 7.051 [49/56] Building C object CMakeFiles/tidy-static.dir/src/parser.c.o
#20 7.051 /src/tidy-html5/src/parser.c:2793:11: warning: variable 'head' set but not used [-Wunused-but-set-variable]
#20 7.051     Node *head = NULL;
#20 7.051           ^
#20 7.051 1 warning generated.
#20 7.078 [50/56] Building C object CMakeFiles/tidy-static.dir/src/attrdict.c.o
#20 7.095 [51/56] Linking C shared library libtidy.so
#20 7.110 [52/56] Building C object CMakeFiles/tidy-static.dir/src/tidylib.c.o
#20 8.022 [53/56] Building C object CMakeFiles/tidy.dir/console/tidy.c.o
#20 8.022 /src/tidy-html5/console/tidy.c:2085:10: warning: variable 'accessWarnings' set but not used [-Wunused-but-set-variable]
#20 8.022     uint accessWarnings = 0;
#20 8.022          ^
#20 8.022 1 warning generated.
#20 8.549 [54/56] Building C object CMakeFiles/tidy-static.dir/src/pprint.c.o
#20 8.565 [55/56] Linking C static library libtidy.a
#20 8.734 [56/56] Linking C executable tidy
#20 8.735 + for fuzzer in tidy_config_fuzzer tidy_fuzzer
#20 8.735 + clang -DFUZZING_BUILD_MODE_UNSAFE_FOR_PRODUCTION -pthread -Wl,--no-as-needed -Wl,-ldl -Wl,-lm -Wno-unused-command-line-argument -O3 -fsanitize-coverage=trace-pc-guard -c -I/src/tidy-html5/include /src/tidy_config_fuzzer.c -o tidy_config_fuzzer.o
#20 8.810 + clang++ -DFUZZING_BUILD_MODE_UNSAFE_FOR_PRODUCTION -pthread -Wl,--no-as-needed -Wl,-ldl -Wl,-lm -Wno-unused-command-line-argument -stdlib=libc++ -O3 -fsanitize-coverage=trace-pc-guard -std=c++11 tidy_config_fuzzer.o -o /out/tidy_config_fuzzer /libAFL.a libtidys.a
#20 8.822 clang-14: error: no such file or directory: 'libtidys.a'
#20 8.825 Traceback (most recent call last):
#20 8.825   File "<string>", line 1, in <module>
#20 8.825   File "/src/fuzzers/afl/fuzzer.py", line 40, in build
#20 8.826     utils.build_benchmark()
#20 8.826   File "/src/fuzzers/utils.py", line 82, in build_benchmark
#20 8.826     subprocess.check_call(['/bin/bash', '-ex', build_script], env=env)
#20 8.826   File "/usr/local/lib/python3.8/subprocess.py", line 364, in check_call
#20 8.826     raise CalledProcessError(retcode, cmd)
#20 8.826 subprocess.CalledProcessError: Command '['/bin/bash', '-ex', '/src/build.sh']' returned non-zero exit status 1.
#20 ERROR: executor failed running [/bin/sh -c echo "Run fuzzer_build to build the target" && if [ -z "$debug_builder" ] ; then fuzzer_build; fi]: exit code: 1
------
 > importing cache manifest from gcr.io/fuzzbench/builders/afl/tidy-html5_tidy_config_fuzzer:
------
------
 > [stage-1 13/13] RUN echo "Run fuzzer_build to build the target" && if [ -z "$debug_builder" ] ; then fuzzer_build; fi:
------
executor failed running [/bin/sh -c echo "Run fuzzer_build to build the target" && if [ -z "$debug_builder" ] ; then fuzzer_build; fi]: exit code: 1
make: *** [docker/generated.mk:2720412: .afl-tidy-html5_tidy_config_fuzzer-builder] Error 1
