WARNING:root:gcloud not found in PATH.
INFO:root:Successfully integrated benchmark: libressl_libressl.
INFO:root:Please run "make test-run-afl-libressl_libressl" to test integration.
#1 [internal] load build definition from Dockerfile
#1 sha256:18f63fcd2e34463adca97f59b128427d5c9e5830f2f93c9e1cc56ea5538d9c50
#1 transferring dockerfile: 1.25kB done
#1 ...

#2 [internal] load .dockerignore
#2 sha256:14cf78b73a429bb0ebbb1d42d5582d91cf922eb17cfc0cf27fc4f1fc882dc3dd
#2 transferring context: 2B done
#2 DONE 0.8s

#1 [internal] load build definition from Dockerfile
#1 sha256:18f63fcd2e34463adca97f59b128427d5c9e5830f2f93c9e1cc56ea5538d9c50
#1 DONE 0.9s

#3 [internal] load metadata for gcr.io/oss-fuzz-base/base-builder:latest
#3 sha256:f10dc39cc9d418a5bc416dead31a1902b6821fdae909cd3b08f7a3fd1faba7b5
#3 DONE 0.4s

#14 [internal] load build context
#14 sha256:ab0eae1475f67b94faf9812d11a807075b2f4f31aa391f3fe7c67019ca6f5231
#14 DONE 0.0s

#5 [ 1/10] FROM gcr.io/oss-fuzz-base/base-builder@sha256:4ad017ca53699eda684c1c444948c93a4af848fe34baee3a765d3c4693fe6a56
#5 sha256:3f10b3978a3951f6e2692fa5e5890ee5a755650381dedece7198ed0b1dcdaa8c
#5 DONE 0.0s

#4 importing cache manifest from gcr.io/fuzzbench/builders/benchmark/libressl_libressl
#4 sha256:e3e21863af1013203e393300107230c960acad920b0708d651bd7c1e4222bac6
#4 ERROR: gcr.io/fuzzbench/builders/benchmark/libressl_libressl:latest: not found

#5 [ 1/10] FROM gcr.io/oss-fuzz-base/base-builder@sha256:4ad017ca53699eda684c1c444948c93a4af848fe34baee3a765d3c4693fe6a56
#5 sha256:3f10b3978a3951f6e2692fa5e5890ee5a755650381dedece7198ed0b1dcdaa8c
#5 CACHED

#6 [ 2/10] RUN apt-get update && apt-get install -y make cmake wget
#6 sha256:398d4d838cccefe0c088bb2be54c36c86a585837cfc0bb3d8cb59b701042d179
#6 ...

#14 [internal] load build context
#14 sha256:ab0eae1475f67b94faf9812d11a807075b2f4f31aa391f3fe7c67019ca6f5231
#14 transferring context: 3.13kB done
#14 DONE 0.2s

#6 [ 2/10] RUN apt-get update && apt-get install -y make cmake wget
#6 sha256:398d4d838cccefe0c088bb2be54c36c86a585837cfc0bb3d8cb59b701042d179
#6 0.717 Hit:1 http://archive.ubuntu.com/ubuntu focal InRelease
#6 0.717 Get:2 http://archive.ubuntu.com/ubuntu focal-updates InRelease [114 kB]
#6 0.717 Hit:3 http://ppa.launchpad.net/git-core/ppa/ubuntu focal InRelease
#6 0.797 Get:4 http://archive.ubuntu.com/ubuntu focal-backports InRelease [108 kB]
#6 0.836 Get:5 http://security.ubuntu.com/ubuntu focal-security InRelease [114 kB]
#6 1.257 Get:6 http://archive.ubuntu.com/ubuntu focal-updates/universe amd64 Packages [1134 kB]
#6 1.465 Get:7 http://archive.ubuntu.com/ubuntu focal-updates/main amd64 Packages [1973 kB]
#6 1.612 Get:8 http://archive.ubuntu.com/ubuntu focal-updates/main i386 Packages [752 kB]
#6 1.667 Get:9 http://archive.ubuntu.com/ubuntu focal-updates/universe i386 Packages [827 kB]
#6 1.681 Get:10 http://security.ubuntu.com/ubuntu focal-security/main amd64 Packages [1547 kB]
#6 1.738 Get:11 http://archive.ubuntu.com/ubuntu focal-backports/universe amd64 Packages [24.8 kB]
#6 1.740 Get:12 http://archive.ubuntu.com/ubuntu focal-backports/universe i386 Packages [13.1 kB]
#6 2.592 Fetched 6606 kB in 2s (4047 kB/s)
#6 2.592 Reading package lists...
#6 4.097 Reading package lists...
#6 5.524 Building dependency tree...
#6 5.736 Reading state information...
#6 5.944 make is already the newest version (4.2.1-1.2).
#6 5.944 make set to manually installed.
#6 5.944 wget is already the newest version (1.20.3-1ubuntu2).
#6 5.944 The following additional packages will be installed:
#6 5.946   cmake-data libarchive13 libjsoncpp1 librhash0 libuv1
#6 5.948 Suggested packages:
#6 5.948   cmake-doc ninja-build lrzip
#6 6.006 The following NEW packages will be installed:
#6 6.009   cmake cmake-data libarchive13 libjsoncpp1 librhash0 libuv1
#6 6.089 0 upgraded, 6 newly installed, 0 to remove and 0 not upgraded.
#6 6.089 Need to get 5877 kB of archives.
#6 6.089 After this operation, 29.5 MB of additional disk space will be used.
#6 6.089 Get:1 http://archive.ubuntu.com/ubuntu focal-updates/main amd64 libuv1 amd64 1.34.2-1ubuntu1.3 [80.8 kB]
#6 6.171 Get:2 http://archive.ubuntu.com/ubuntu focal/main amd64 cmake-data all 3.16.3-1ubuntu1 [1612 kB]
#6 6.323 Get:3 http://archive.ubuntu.com/ubuntu focal/main amd64 libarchive13 amd64 3.4.0-2ubuntu1 [327 kB]
#6 6.346 Get:4 http://archive.ubuntu.com/ubuntu focal/main amd64 libjsoncpp1 amd64 1.7.4-3.1ubuntu2 [75.6 kB]
#6 6.352 Get:5 http://archive.ubuntu.com/ubuntu focal/main amd64 librhash0 amd64 1.3.9-1 [113 kB]
#6 6.361 Get:6 http://archive.ubuntu.com/ubuntu focal/main amd64 cmake amd64 3.16.3-1ubuntu1 [3669 kB]
#6 7.040 debconf: delaying package configuration, since apt-utils is not installed
#6 7.439 Fetched 5877 kB in 1s (9576 kB/s)
#6 8.193 Selecting previously unselected package libuv1:amd64.
#6 8.193 (Reading database ... (Reading database ... 5%(Reading database ... 10%(Reading database ... 15%(Reading database ... 20%(Reading database ... 25%(Reading database ... 30%(Reading database ... 35%(Reading database ... 40%(Reading database ... 45%(Reading database ... 50%(Reading database ... 55%(Reading database ... 60%(Reading database ... 65%(Reading database ... 70%(Reading database ... 75%(Reading database ... 80%(Reading database ... 85%(Reading database ... 90%(Reading database ... 95%(Reading database ... 100%(Reading database ... 21291 files and directories currently installed.)
#6 8.216 Preparing to unpack .../0-libuv1_1.34.2-1ubuntu1.3_amd64.deb ...
#6 8.514 Unpacking libuv1:amd64 (1.34.2-1ubuntu1.3) ...
#6 10.13 Selecting previously unselected package cmake-data.
#6 10.13 Preparing to unpack .../1-cmake-data_3.16.3-1ubuntu1_all.deb ...
#6 10.22 Unpacking cmake-data (3.16.3-1ubuntu1) ...
#6 11.63 Selecting previously unselected package libarchive13:amd64.
#6 11.64 Preparing to unpack .../2-libarchive13_3.4.0-2ubuntu1_amd64.deb ...
#6 11.66 Unpacking libarchive13:amd64 (3.4.0-2ubuntu1) ...
#6 11.86 Selecting previously unselected package libjsoncpp1:amd64.
#6 11.87 Preparing to unpack .../3-libjsoncpp1_1.7.4-3.1ubuntu2_amd64.deb ...
#6 11.90 Unpacking libjsoncpp1:amd64 (1.7.4-3.1ubuntu2) ...
#6 12.10 Selecting previously unselected package librhash0:amd64.
#6 12.10 Preparing to unpack .../4-librhash0_1.3.9-1_amd64.deb ...
#6 12.13 Unpacking librhash0:amd64 (1.3.9-1) ...
#6 12.24 Selecting previously unselected package cmake.
#6 12.24 Preparing to unpack .../5-cmake_3.16.3-1ubuntu1_amd64.deb ...
#6 12.26 Unpacking cmake (3.16.3-1ubuntu1) ...
#6 12.77 Setting up libarchive13:amd64 (3.4.0-2ubuntu1) ...
#6 12.81 Setting up libuv1:amd64 (1.34.2-1ubuntu1.3) ...
#6 12.85 Setting up librhash0:amd64 (1.3.9-1) ...
#6 12.89 Setting up cmake-data (3.16.3-1ubuntu1) ...
#6 12.95 Setting up libjsoncpp1:amd64 (1.7.4-3.1ubuntu2) ...
#6 13.00 Setting up cmake (3.16.3-1ubuntu1) ...
#6 13.07 Processing triggers for libc-bin (2.31-0ubuntu9.2) ...
#6 DONE 13.9s

#7 [ 3/10] RUN git clone --depth 1 https://github.com/libressl-portable/portable.git libressl
#7 sha256:868148e96a6f3f7984eda932314525786d7f6d0ac8359f6bac074cf0d5438415
#7 0.450 Cloning into 'libressl'...
#7 DONE 2.3s

#8 [ 4/10] RUN git clone --depth 1 https://github.com/libressl-portable/fuzz.git libressl.fuzzers
#8 sha256:01b87b0cd2b6c5dbab7333fd5daabba613c11267e9a9af9810158bbce5416fe6
#8 0.588 Cloning into 'libressl.fuzzers'...
#8 3.204 Updating files:  83% (12466/14904)Updating files:  84% (12520/14904)Updating files:  85% (12669/14904)Updating files:  86% (12818/14904)Updating files:  87% (12967/14904)Updating files:  88% (13116/14904)Updating files:  89% (13265/14904)Updating files:  90% (13414/14904)Updating files:  91% (13563/14904)Updating files:  92% (13712/14904)Updating files:  93% (13861/14904)Updating files:  94% (14010/14904)Updating files:  95% (14159/14904)Updating files:  96% (14308/14904)Updating files:  97% (14457/14904)Updating files:  98% (14606/14904)Updating files:  99% (14755/14904)Updating files: 100% (14904/14904)Updating files: 100% (14904/14904), done.
#8 DONE 5.0s

#9 [ 5/10] RUN git clone --depth 1 https://github.com/guidovranken/cryptofuzz
#9 sha256:78fc12f9ac82ead6485fb0c39f5196f58dc526a777c6227a1a56a39619617828
#9 0.616 Cloning into 'cryptofuzz'...
#9 DONE 2.9s

#10 [ 6/10] RUN git clone --depth 1 https://github.com/guidovranken/cryptofuzz-corpora
#10 sha256:2bc387e1e1df9c362772b25efb444b916d1c50dd5462ced3f7cf2a3706ffa765
#10 0.582 Cloning into 'cryptofuzz-corpora'...
#10 DONE 3.1s

#11 [ 7/10] RUN wget https://dl.bintray.com/boostorg/release/1.74.0/source/boost_1_74_0.tar.bz2
#11 sha256:53a51b6db960eb7127c62effa5ceed46dbd35e1072fab39e0e5fcd7f26a82c28
#11 0.602 --2022-02-16 20:29:53--  https://dl.bintray.com/boostorg/release/1.74.0/source/boost_1_74_0.tar.bz2
#11 0.604 Resolving dl.bintray.com (dl.bintray.com)... 34.211.215.209, 54.189.239.169
#11 0.619 Connecting to dl.bintray.com (dl.bintray.com)|34.211.215.209|:443... connected.
#11 1.235 HTTP request sent, awaiting response... 502 Bad Gateway
#11 1.449 2022-02-16 20:29:54 ERROR 502: Bad Gateway.
#11 1.449 
#11 ERROR: executor failed running [/bin/sh -c wget https://dl.bintray.com/boostorg/release/1.74.0/source/boost_1_74_0.tar.bz2]: exit code: 8
------
 > importing cache manifest from gcr.io/fuzzbench/builders/benchmark/libressl_libressl:
------
------
 > [ 7/10] RUN wget https://dl.bintray.com/boostorg/release/1.74.0/source/boost_1_74_0.tar.bz2:
------
executor failed running [/bin/sh -c wget https://dl.bintray.com/boostorg/release/1.74.0/source/boost_1_74_0.tar.bz2]: exit code: 8
make: *** [docker/generated.mk:34280: .libressl_libressl-project-builder] Error 1
/bin/sh: 1: source: not found
#1 [internal] load build definition from Dockerfile
#1 sha256:9bf4e1c179bb1c839ab017bd60f2ed305d236a44c89957ed2a6ee81f0d324190
#1 transferring dockerfile: 32B done
#1 DONE 1.3s

#2 [internal] load .dockerignore
#2 sha256:aa8f875b129f8a4b2d80326b41b92de743bf9ce3ed64b7e48ad33bd784a34647
#2 transferring context: 2B done
#2 DONE 1.4s

#3 [internal] load metadata for gcr.io/oss-fuzz-base/base-builder:latest
#3 sha256:f10dc39cc9d418a5bc416dead31a1902b6821fdae909cd3b08f7a3fd1faba7b5
#3 DONE 0.6s

#5 [ 1/10] FROM gcr.io/oss-fuzz-base/base-builder@sha256:4ad017ca53699eda684c1c444948c93a4af848fe34baee3a765d3c4693fe6a56
#5 sha256:3f10b3978a3951f6e2692fa5e5890ee5a755650381dedece7198ed0b1dcdaa8c
#5 DONE 0.0s

#14 [internal] load build context
#14 sha256:7002c93a2b99920728457c193bb85c7d02fe0ac1ded3a35516315c47e9da546c
#14 DONE 0.0s

#4 importing cache manifest from gcr.io/fuzzbench/builders/benchmark/libressl_libressl
#4 sha256:e3e21863af1013203e393300107230c960acad920b0708d651bd7c1e4222bac6
#4 ERROR: gcr.io/fuzzbench/builders/benchmark/libressl_libressl:latest: not found

#14 [internal] load build context
#14 sha256:7002c93a2b99920728457c193bb85c7d02fe0ac1ded3a35516315c47e9da546c
#14 ...

#6 [ 2/10] RUN apt-get update && apt-get install -y make cmake wget
#6 sha256:398d4d838cccefe0c088bb2be54c36c86a585837cfc0bb3d8cb59b701042d179
#6 CACHED

#7 [ 3/10] RUN git clone --depth 1 https://github.com/libressl-portable/portable.git libressl
#7 sha256:868148e96a6f3f7984eda932314525786d7f6d0ac8359f6bac074cf0d5438415
#7 CACHED

#8 [ 4/10] RUN git clone --depth 1 https://github.com/libressl-portable/fuzz.git libressl.fuzzers
#8 sha256:01b87b0cd2b6c5dbab7333fd5daabba613c11267e9a9af9810158bbce5416fe6
#8 CACHED

#9 [ 5/10] RUN git clone --depth 1 https://github.com/guidovranken/cryptofuzz
#9 sha256:78fc12f9ac82ead6485fb0c39f5196f58dc526a777c6227a1a56a39619617828
#9 CACHED

#10 [ 6/10] RUN git clone --depth 1 https://github.com/guidovranken/cryptofuzz-corpora
#10 sha256:2bc387e1e1df9c362772b25efb444b916d1c50dd5462ced3f7cf2a3706ffa765
#10 CACHED

#14 [internal] load build context
#14 sha256:7002c93a2b99920728457c193bb85c7d02fe0ac1ded3a35516315c47e9da546c
#14 transferring context: 63B done
#14 DONE 0.2s

#11 [ 7/10] RUN wget https://dl.bintray.com/boostorg/release/1.74.0/source/boost_1_74_0.tar.bz2
#11 sha256:53a51b6db960eb7127c62effa5ceed46dbd35e1072fab39e0e5fcd7f26a82c28
#11 0.544 --2022-02-16 20:30:00--  https://dl.bintray.com/boostorg/release/1.74.0/source/boost_1_74_0.tar.bz2
#11 0.546 Resolving dl.bintray.com (dl.bintray.com)... 34.211.215.209, 54.189.239.169
#11 0.548 Connecting to dl.bintray.com (dl.bintray.com)|34.211.215.209|:443... connected.
#11 1.125 HTTP request sent, awaiting response... 502 Bad Gateway
#11 1.316 2022-02-16 20:30:01 ERROR 502: Bad Gateway.
#11 1.316 
#11 ERROR: executor failed running [/bin/sh -c wget https://dl.bintray.com/boostorg/release/1.74.0/source/boost_1_74_0.tar.bz2]: exit code: 8
------
 > importing cache manifest from gcr.io/fuzzbench/builders/benchmark/libressl_libressl:
------
------
 > [ 7/10] RUN wget https://dl.bintray.com/boostorg/release/1.74.0/source/boost_1_74_0.tar.bz2:
------
executor failed running [/bin/sh -c wget https://dl.bintray.com/boostorg/release/1.74.0/source/boost_1_74_0.tar.bz2]: exit code: 8
make: *** [docker/generated.mk:34280: .libressl_libressl-project-builder] Error 1
