WARNING:root:gcloud not found in PATH.
INFO:root:Successfully integrated benchmark: guetzli_guetzli.
INFO:root:Please run "make test-run-afl-guetzli_guetzli" to test integration.
#2 [internal] load .dockerignore
#2 sha256:f9b7ad711a9e2ee5077df146f9269d57f29a142bfcf3e366779caf08af6d76a4
#2 transferring context: 2B done
#2 ...

#1 [internal] load build definition from Dockerfile
#1 sha256:e76b8c7745ed6026f79e846707cbcd858200843ef8271739ff3a02a9c68d39d5
#1 transferring dockerfile: 1.23kB done
#1 DONE 0.5s

#2 [internal] load .dockerignore
#2 sha256:f9b7ad711a9e2ee5077df146f9269d57f29a142bfcf3e366779caf08af6d76a4
#2 DONE 1.0s

#3 [internal] load metadata for gcr.io/oss-fuzz-base/base-builder:latest
#3 sha256:f10dc39cc9d418a5bc416dead31a1902b6821fdae909cd3b08f7a3fd1faba7b5
#3 DONE 0.4s

#12 [internal] load build context
#12 sha256:34ce0e8e76315345f4afcc8f786cdd1a539565b908113e3f43c417b28bac0a9b
#12 DONE 0.0s

#5 [1/8] FROM gcr.io/oss-fuzz-base/base-builder@sha256:f4e5ea12494fab091c5d830cf803b3421f2860f729b9d1b07da44924396cf8cf
#5 sha256:ef290950573a2779ee526af357b28fbddfc20d7409aa51f58f777c9e972cba29
#5 DONE 0.0s

#4 importing cache manifest from gcr.io/fuzzbench/builders/benchmark/guetzli_guetzli
#4 sha256:e6fe7416ca5a1071730572f42c28c539cf6b1176dcb6fe624e17d81efd7763c5
#4 ERROR: gcr.io/fuzzbench/builders/benchmark/guetzli_guetzli:latest: not found

#6 [2/8] RUN apt-get update && apt-get install -y make autoconf automake libtool libpng-dev pkg-config curl
#6 sha256:37994e84047500aa241d7f594e7e07215b7efe51e494265c0bb86f1c202db78a
#6 CACHED

#7 [3/8] RUN mkdir afl-testcases
#7 sha256:fd095ebdd800772b6f03dbf85b10e195416f8c116448656df92332d602c8867e
#7 CACHED

#12 [internal] load build context
#12 sha256:34ce0e8e76315345f4afcc8f786cdd1a539565b908113e3f43c417b28bac0a9b
#12 transferring context: 899B done
#12 DONE 0.1s

#8 [4/8] RUN cd afl-testcases/ && curl http://lcamtuf.coredump.cx/afl/demo/afl_testcases.tgz | tar -xz
#8 sha256:6d2959e0c891f6861008e15f675c9cea88c3960d8f93b509f2b11564f4f07199
#8 0.454   % Total    % Received % Xferd  Average Speed   Time    Time     Time  Current
#8 0.454                                  Dload  Upload   Total   Spent    Left  Speed
#8 0.454   0     0    0     0    0     0      0      0 --:--:-- --:--:-- --:--:--     0  0     0    0     0    0     0      0      0 --:--:-- --:--:-- --:--:--     0
#8 0.543 
#8 0.543 gzip: stdin: unexpected end of file
#8 0.544 tar: Child returned status 1
#8 0.544 tar: Error is not recoverable: exiting now
#8 ERROR: executor failed running [/bin/sh -c cd afl-testcases/ && curl http://lcamtuf.coredump.cx/afl/demo/afl_testcases.tgz | tar -xz]: exit code: 2
------
 > importing cache manifest from gcr.io/fuzzbench/builders/benchmark/guetzli_guetzli:
------
------
 > [4/8] RUN cd afl-testcases/ && curl http://lcamtuf.coredump.cx/afl/demo/afl_testcases.tgz | tar -xz:
------
executor failed running [/bin/sh -c cd afl-testcases/ && curl http://lcamtuf.coredump.cx/afl/demo/afl_testcases.tgz | tar -xz]: exit code: 2
make: *** [docker/generated.mk:20053: .guetzli_guetzli-project-builder] Error 1
/bin/sh: 1: source: not found
#2 [internal] load .dockerignore
#2 sha256:fc87d74b2d414af99b02ab0bba7ec4d48d8008e8e76f0c86a8c44df961181205
#2 transferring context: 2B done
#2 DONE 0.2s

#1 [internal] load build definition from Dockerfile
#1 sha256:77dacd581803e2293f4117cfe2e69704b197286842abbc6f3256f23da2fd66a6
#1 transferring dockerfile: 32B done
#1 DONE 0.2s

#3 [internal] load metadata for gcr.io/oss-fuzz-base/base-builder:latest
#3 sha256:f10dc39cc9d418a5bc416dead31a1902b6821fdae909cd3b08f7a3fd1faba7b5
#3 DONE 0.5s

#12 [internal] load build context
#12 sha256:c7c280bc60d9f536489561a4b87d07c68d6c8618cee53f3ecd4f20759f6c8298
#12 DONE 0.0s

#5 [1/8] FROM gcr.io/oss-fuzz-base/base-builder@sha256:f4e5ea12494fab091c5d830cf803b3421f2860f729b9d1b07da44924396cf8cf
#5 sha256:ef290950573a2779ee526af357b28fbddfc20d7409aa51f58f777c9e972cba29
#5 DONE 0.0s

#4 importing cache manifest from gcr.io/fuzzbench/builders/benchmark/guetzli_guetzli
#4 sha256:e6fe7416ca5a1071730572f42c28c539cf6b1176dcb6fe624e17d81efd7763c5
#4 ERROR: gcr.io/fuzzbench/builders/benchmark/guetzli_guetzli:latest: not found

#6 [2/8] RUN apt-get update && apt-get install -y make autoconf automake libtool libpng-dev pkg-config curl
#6 sha256:37994e84047500aa241d7f594e7e07215b7efe51e494265c0bb86f1c202db78a
#6 CACHED

#7 [3/8] RUN mkdir afl-testcases
#7 sha256:fd095ebdd800772b6f03dbf85b10e195416f8c116448656df92332d602c8867e
#7 CACHED

#12 [internal] load build context
#12 sha256:c7c280bc60d9f536489561a4b87d07c68d6c8618cee53f3ecd4f20759f6c8298
#12 transferring context: 30B done
#12 DONE 0.1s

#8 [4/8] RUN cd afl-testcases/ && curl http://lcamtuf.coredump.cx/afl/demo/afl_testcases.tgz | tar -xz
#8 sha256:6d2959e0c891f6861008e15f675c9cea88c3960d8f93b509f2b11564f4f07199
#8 0.491   % Total    % Received % Xferd  Average Speed   Time    Time     Time  Current
#8 0.491                                  Dload  Upload   Total   Spent    Left  Speed
#8 0.491   0     0    0     0    0     0      0      0 --:--:-- --:--:-- --:--:--     0  0     0    0     0    0     0      0      0 --:--:-- --:--:-- --:--:--     0
#8 0.536 
#8 0.536 gzip: stdin: unexpected end of file
#8 0.537 tar: Child returned status 1
#8 0.537 tar: Error is not recoverable: exiting now
#8 ERROR: executor failed running [/bin/sh -c cd afl-testcases/ && curl http://lcamtuf.coredump.cx/afl/demo/afl_testcases.tgz | tar -xz]: exit code: 2
------
 > importing cache manifest from gcr.io/fuzzbench/builders/benchmark/guetzli_guetzli:
------
------
 > [4/8] RUN cd afl-testcases/ && curl http://lcamtuf.coredump.cx/afl/demo/afl_testcases.tgz | tar -xz:
------
executor failed running [/bin/sh -c cd afl-testcases/ && curl http://lcamtuf.coredump.cx/afl/demo/afl_testcases.tgz | tar -xz]: exit code: 2
make: *** [docker/generated.mk:20053: .guetzli_guetzli-project-builder] Error 1
