WARNING:root:gcloud not found in PATH.
INFO:root:Successfully integrated benchmark: libpng-proto_png_proto_mutator.
INFO:root:Please run "make test-run-afl-libpng-proto_png_proto_mutator" to test integration.
#2 [internal] load .dockerignore
#2 sha256:d6f072e72609ec47a0321e0d4a1db405ebbab8350573a1a99f9f17b85e8727f5
#2 ...

#1 [internal] load build definition from Dockerfile
#1 sha256:8971fcedda949f76835d83caf3d3d970b85e7b7e3abd0d65c11abd23d45dde3f
#1 transferring dockerfile: 1.23kB done
#1 DONE 0.4s

#2 [internal] load .dockerignore
#2 sha256:d6f072e72609ec47a0321e0d4a1db405ebbab8350573a1a99f9f17b85e8727f5
#2 transferring context: 2B done
#2 DONE 0.5s

#3 [internal] load metadata for gcr.io/oss-fuzz-base/base-builder:latest
#3 sha256:f10dc39cc9d418a5bc416dead31a1902b6821fdae909cd3b08f7a3fd1faba7b5
#3 DONE 0.4s

#10 [internal] load build context
#10 sha256:4a84401b694611289540806fc1233cf5c6b448e3083f660e10af09c868f17fa8
#10 DONE 0.0s

#5 [1/6] FROM gcr.io/oss-fuzz-base/base-builder@sha256:41d7bbe7827592680a606c9bba1aeb6e23c7502ce8b633923b06542f4c706e7c
#5 sha256:660db69324ed478291dd329cbbfe422dccbc173f9ab806c069fac341073eab8c
#5 DONE 0.0s

#4 importing cache manifest from gcr.io/fuzzbench/builders/benchmark/libpng-proto_png_proto_mutator
#4 sha256:af2cbf95bd41665dec664ae3844ed5df92c17b3bc560097863141788eca899f7
#4 ERROR: gcr.io/fuzzbench/builders/benchmark/libpng-proto_png_proto_mutator:latest: not found

#7 [3/6] RUN git clone --depth 1 https://github.com/glennrp/libpng.git
#7 sha256:5dc00fa862443af3d27d644c2d65a0faca7a433f989a2b77bf82448f15b73e4c
#7 CACHED

#6 [2/6] RUN apt-get update &&     apt-get install -y make autoconf automake libtool zlib1g-dev ninja-build cmake
#6 sha256:4fc20019cb390fb1f040bcdd39a29ed107bc04128e84b0b7eb235a06bcb8673e
#6 CACHED

#8 [4/6] RUN git clone --depth 1 https://github.com/google/libprotobuf-mutator.git
#8 sha256:79e7e47577b03be5aec6785093d07e5bb1ac586af7308d0bb6d47560dcb5b8d5
#8 CACHED

#9 [5/6] RUN (mkdir LPM && cd LPM && cmake ../libprotobuf-mutator -GNinja -DLIB_PROTO_MUTATOR_DOWNLOAD_PROTOBUF=ON -DLIB_PROTO_MUTATOR_TESTING=OFF && ninja)
#9 sha256:a747c847a03b50c9be0aea6acb35d8781db4f5bf879cdcce150a111643622905
#9 ...

#10 [internal] load build context
#10 sha256:4a84401b694611289540806fc1233cf5c6b448e3083f660e10af09c868f17fa8
#10 transferring context: 5.43kB done
#10 DONE 0.3s

#9 [5/6] RUN (mkdir LPM && cd LPM && cmake ../libprotobuf-mutator -GNinja -DLIB_PROTO_MUTATOR_DOWNLOAD_PROTOBUF=ON -DLIB_PROTO_MUTATOR_TESTING=OFF && ninja)
#9 sha256:a747c847a03b50c9be0aea6acb35d8781db4f5bf879cdcce150a111643622905
#9 0.902 -- The CXX compiler identification is Clang 14.0.0
#9 0.919 -- Detecting CXX compiler ABI info
#9 1.014 -- Detecting CXX compiler ABI info - done
#9 1.032 -- Check for working CXX compiler: /usr/local/bin/clang++ - skipped
#9 1.033 -- Detecting CXX compile features
#9 1.034 -- Detecting CXX compile features - done
#9 1.114 -- The C compiler identification is Clang 14.0.0
#9 1.127 -- Detecting C compiler ABI info
#9 1.214 -- Detecting C compiler ABI info - done
#9 1.232 -- Check for working C compiler: /usr/local/bin/clang - skipped
#9 1.233 -- Detecting C compile features
#9 1.234 -- Detecting C compile features - done
#9 1.241 -- Looking for pthread.h
#9 1.340 -- Looking for pthread.h - found
#9 1.341 -- Performing Test CMAKE_HAVE_LIBC_PTHREAD
#9 1.442 -- Performing Test CMAKE_HAVE_LIBC_PTHREAD - Failed
#9 1.442 -- Check if compiler accepts -pthread
#9 1.545 -- Check if compiler accepts -pthread - yes
#9 1.547 -- Found Threads: TRUE  
#9 1.561 -- Could NOT find LibLZMA (missing: LIBLZMA_LIBRARY LIBLZMA_INCLUDE_DIR LIBLZMA_HAS_AUTO_DECODER LIBLZMA_HAS_EASY_ENCODER LIBLZMA_HAS_LZMA_PRESET) 
#9 1.581 -- Found ZLIB: /usr/lib/x86_64-linux-gnu/libz.so (found version "1.2.11") 
#9 1.583 -- Performing Test LIB_PROTO_MUTATOR_HAS_SANITIZE_ADDRESS
#9 1.884 -- Performing Test LIB_PROTO_MUTATOR_HAS_SANITIZE_ADDRESS - Success
#9 1.886 -- Performing Test LIB_PROTO_MUTATOR_HAS_SANITIZE_SCOPE
#9 2.187 -- Performing Test LIB_PROTO_MUTATOR_HAS_SANITIZE_SCOPE - Success
#9 2.189 -- Performing Test LIB_PROTO_MUTATOR_HAS_NO_COVERAGE
#9 2.284 -- Performing Test LIB_PROTO_MUTATOR_HAS_NO_COVERAGE - Success
#9 2.286 -- Performing Test LIB_PROTO_MUTATOR_HAS_SANITIZE_FUZZER
#9 2.507 -- Performing Test LIB_PROTO_MUTATOR_HAS_SANITIZE_FUZZER - Success
#9 2.509 -- Performing Test LIB_PROTO_MUTATOR_HAS_NO_SANITIZE_FUZZER
#9 2.606 -- Performing Test LIB_PROTO_MUTATOR_HAS_NO_SANITIZE_FUZZER - Success
#9 2.608 -- Performing Test LIB_PROTO_MUTATOR_HAS_WSTRING_CONVERSION
#9 2.704 -- Performing Test LIB_PROTO_MUTATOR_HAS_WSTRING_CONVERSION - Success
#9 2.721 -- Could NOT find Protobuf (missing: Protobuf_LIBRARIES Protobuf_INCLUDE_DIR) 
#9 2.851 -- Configuring done
#9 2.854 CMake Error: The following variables are used in this project, but they are set to NOTFOUND.
#9 2.854 Please set them or make sure they are set and tested correctly in the CMake files:
#9 2.854 LIBLZMA_LIBRARY (ADVANCED)
#9 2.854     linked by target "libxml2_example" in directory /src/libprotobuf-mutator/examples/libxml2
#9 2.854 
#9 2.888 -- Generating done
#9 2.892 CMake Generate step failed.  Build files cannot be regenerated correctly.
#9 ERROR: executor failed running [/bin/sh -c (mkdir LPM && cd LPM && cmake ../libprotobuf-mutator -GNinja -DLIB_PROTO_MUTATOR_DOWNLOAD_PROTOBUF=ON -DLIB_PROTO_MUTATOR_TESTING=OFF && ninja)]: exit code: 1
------
 > importing cache manifest from gcr.io/fuzzbench/builders/benchmark/libpng-proto_png_proto_mutator:
------
------
 > [5/6] RUN (mkdir LPM && cd LPM && cmake ../libprotobuf-mutator -GNinja -DLIB_PROTO_MUTATOR_DOWNLOAD_PROTOBUF=ON -DLIB_PROTO_MUTATOR_TESTING=OFF && ninja):
------
executor failed running [/bin/sh -c (mkdir LPM && cd LPM && cmake ../libprotobuf-mutator -GNinja -DLIB_PROTO_MUTATOR_DOWNLOAD_PROTOBUF=ON -DLIB_PROTO_MUTATOR_TESTING=OFF && ninja)]: exit code: 1
make: *** [docker/generated.mk:34441: .libpng-proto_png_proto_mutator-project-builder] Error 1
/bin/sh: 1: source: not found
#1 [internal] load build definition from Dockerfile
#1 sha256:963535fcc8ea953bf1193735c4518f244aa61d9de5bd7d701ce1378c3a47981a
#1 transferring dockerfile: 32B done
#1 DONE 0.8s

#2 [internal] load .dockerignore
#2 sha256:d0a7130db6dbc17b26df2ba179dac2a7a780dcff93a15e8b1723ca03be82344e
#2 transferring context: 2B done
#2 DONE 0.9s

#3 [internal] load metadata for gcr.io/oss-fuzz-base/base-builder:latest
#3 sha256:f10dc39cc9d418a5bc416dead31a1902b6821fdae909cd3b08f7a3fd1faba7b5
#3 DONE 0.4s

#4 [1/6] FROM gcr.io/oss-fuzz-base/base-builder@sha256:41d7bbe7827592680a606c9bba1aeb6e23c7502ce8b633923b06542f4c706e7c
#4 sha256:660db69324ed478291dd329cbbfe422dccbc173f9ab806c069fac341073eab8c
#4 DONE 0.0s

#9 [internal] load build context
#9 sha256:c27fdd8e6c669d67b39124bcdedd1666c823e365dd7391ed926ff801e9cd8b0f
#9 DONE 0.0s

#11 importing cache manifest from gcr.io/fuzzbench/builders/benchmark/libpng-proto_png_proto_mutator
#11 sha256:af2cbf95bd41665dec664ae3844ed5df92c17b3bc560097863141788eca899f7
#11 ERROR: gcr.io/fuzzbench/builders/benchmark/libpng-proto_png_proto_mutator:latest: not found

#6 [3/6] RUN git clone --depth 1 https://github.com/glennrp/libpng.git
#6 sha256:5dc00fa862443af3d27d644c2d65a0faca7a433f989a2b77bf82448f15b73e4c
#6 CACHED

#5 [2/6] RUN apt-get update &&     apt-get install -y make autoconf automake libtool zlib1g-dev ninja-build cmake
#5 sha256:4fc20019cb390fb1f040bcdd39a29ed107bc04128e84b0b7eb235a06bcb8673e
#5 CACHED

#7 [4/6] RUN git clone --depth 1 https://github.com/google/libprotobuf-mutator.git
#7 sha256:79e7e47577b03be5aec6785093d07e5bb1ac586af7308d0bb6d47560dcb5b8d5
#7 CACHED

#9 [internal] load build context
#9 sha256:c27fdd8e6c669d67b39124bcdedd1666c823e365dd7391ed926ff801e9cd8b0f
#9 transferring context: 117B done
#9 DONE 0.1s

#8 [5/6] RUN (mkdir LPM && cd LPM && cmake ../libprotobuf-mutator -GNinja -DLIB_PROTO_MUTATOR_DOWNLOAD_PROTOBUF=ON -DLIB_PROTO_MUTATOR_TESTING=OFF && ninja)
#8 sha256:a747c847a03b50c9be0aea6acb35d8781db4f5bf879cdcce150a111643622905
#8 0.814 -- The CXX compiler identification is Clang 14.0.0
#8 0.840 -- Detecting CXX compiler ABI info
#8 0.980 -- Detecting CXX compiler ABI info - done
#8 1.012 -- Check for working CXX compiler: /usr/local/bin/clang++ - skipped
#8 1.013 -- Detecting CXX compile features
#8 1.015 -- Detecting CXX compile features - done
#8 1.133 -- The C compiler identification is Clang 14.0.0
#8 1.152 -- Detecting C compiler ABI info
#8 1.275 -- Detecting C compiler ABI info - done
#8 1.306 -- Check for working C compiler: /usr/local/bin/clang - skipped
#8 1.307 -- Detecting C compile features
#8 1.309 -- Detecting C compile features - done
#8 1.318 -- Looking for pthread.h
#8 1.423 -- Looking for pthread.h - found
#8 1.423 -- Performing Test CMAKE_HAVE_LIBC_PTHREAD
#8 1.525 -- Performing Test CMAKE_HAVE_LIBC_PTHREAD - Failed
#8 1.526 -- Check if compiler accepts -pthread
#8 1.629 -- Check if compiler accepts -pthread - yes
#8 1.631 -- Found Threads: TRUE  
#8 1.644 -- Could NOT find LibLZMA (missing: LIBLZMA_LIBRARY LIBLZMA_INCLUDE_DIR LIBLZMA_HAS_AUTO_DECODER LIBLZMA_HAS_EASY_ENCODER LIBLZMA_HAS_LZMA_PRESET) 
#8 1.663 -- Found ZLIB: /usr/lib/x86_64-linux-gnu/libz.so (found version "1.2.11") 
#8 1.665 -- Performing Test LIB_PROTO_MUTATOR_HAS_SANITIZE_ADDRESS
#8 1.960 -- Performing Test LIB_PROTO_MUTATOR_HAS_SANITIZE_ADDRESS - Success
#8 1.962 -- Performing Test LIB_PROTO_MUTATOR_HAS_SANITIZE_SCOPE
#8 2.255 -- Performing Test LIB_PROTO_MUTATOR_HAS_SANITIZE_SCOPE - Success
#8 2.256 -- Performing Test LIB_PROTO_MUTATOR_HAS_NO_COVERAGE
#8 2.351 -- Performing Test LIB_PROTO_MUTATOR_HAS_NO_COVERAGE - Success
#8 2.353 -- Performing Test LIB_PROTO_MUTATOR_HAS_SANITIZE_FUZZER
#8 2.568 -- Performing Test LIB_PROTO_MUTATOR_HAS_SANITIZE_FUZZER - Success
#8 2.570 -- Performing Test LIB_PROTO_MUTATOR_HAS_NO_SANITIZE_FUZZER
#8 2.667 -- Performing Test LIB_PROTO_MUTATOR_HAS_NO_SANITIZE_FUZZER - Success
#8 2.668 -- Performing Test LIB_PROTO_MUTATOR_HAS_WSTRING_CONVERSION
#8 2.762 -- Performing Test LIB_PROTO_MUTATOR_HAS_WSTRING_CONVERSION - Success
#8 2.780 -- Could NOT find Protobuf (missing: Protobuf_LIBRARIES Protobuf_INCLUDE_DIR) 
#8 2.906 -- Configuring done
#8 2.909 CMake Error: The following variables are used in this project, but they are set to NOTFOUND.
#8 2.909 Please set them or make sure they are set and tested correctly in the CMake files:
#8 2.909 LIBLZMA_LIBRARY (ADVANCED)
#8 2.909     linked by target "libxml2_example" in directory /src/libprotobuf-mutator/examples/libxml2
#8 2.909 
#8 2.941 -- Generating done
#8 2.945 CMake Generate step failed.  Build files cannot be regenerated correctly.
#8 ERROR: executor failed running [/bin/sh -c (mkdir LPM && cd LPM && cmake ../libprotobuf-mutator -GNinja -DLIB_PROTO_MUTATOR_DOWNLOAD_PROTOBUF=ON -DLIB_PROTO_MUTATOR_TESTING=OFF && ninja)]: exit code: 1
------
 > importing cache manifest from gcr.io/fuzzbench/builders/benchmark/libpng-proto_png_proto_mutator:
------
------
 > [5/6] RUN (mkdir LPM && cd LPM && cmake ../libprotobuf-mutator -GNinja -DLIB_PROTO_MUTATOR_DOWNLOAD_PROTOBUF=ON -DLIB_PROTO_MUTATOR_TESTING=OFF && ninja):
------
executor failed running [/bin/sh -c (mkdir LPM && cd LPM && cmake ../libprotobuf-mutator -GNinja -DLIB_PROTO_MUTATOR_DOWNLOAD_PROTOBUF=ON -DLIB_PROTO_MUTATOR_TESTING=OFF && ninja)]: exit code: 1
make: *** [docker/generated.mk:34441: .libpng-proto_png_proto_mutator-project-builder] Error 1
