WARNING:root:gcloud not found in PATH.
INFO:root:Successfully integrated benchmark: openvpn_fuzz_verify_cert.
INFO:root:Please run "make test-run-afl-openvpn_fuzz_verify_cert" to test integration.
#1 [internal] load build definition from Dockerfile
#1 sha256:18407543d0f2c3fa40104be3eb62b083dd78e24d367136ca481336aa53013574
#1 transferring dockerfile: 1.14kB done
#1 DONE 0.0s

#2 [internal] load .dockerignore
#2 sha256:fea4ec9342ff720116cb027ed72efaff8750e6c3eee3ebd655726d851bec33e8
#2 transferring context: 2B done
#2 DONE 0.0s

#3 [internal] load metadata for gcr.io/oss-fuzz-base/base-builder:latest
#3 sha256:f10dc39cc9d418a5bc416dead31a1902b6821fdae909cd3b08f7a3fd1faba7b5
#3 DONE 0.4s

#4 [ 1/10] FROM gcr.io/oss-fuzz-base/base-builder@sha256:7f76292abe20e3a09554cd7e52e4ba7f174e2726aa0615496ca232017535a443
#4 sha256:b785341069aff1aa420741f46c0341befe7652e19f60afc8069313b0e11f206e
#4 DONE 0.0s

#9 [internal] load build context
#9 sha256:697bd00873c28308560c54b81a8e52095e1703f003438c56425e0aa1b2e16f54
#9 DONE 0.0s

#15 importing cache manifest from gcr.io/fuzzbench/builders/benchmark/openvpn_fuzz_verify_cert
#15 sha256:67ebef728a056197ea531c8dc38c0fccbba8e54153e3ee95c3fa019648445e5f
#15 ERROR: gcr.io/fuzzbench/builders/benchmark/openvpn_fuzz_verify_cert:latest: not found

#9 [internal] load build context
#9 sha256:697bd00873c28308560c54b81a8e52095e1703f003438c56425e0aa1b2e16f54
#9 transferring context: 81.58kB done
#9 DONE 0.1s

#8 [ 5/10] WORKDIR openvpn
#8 sha256:f65ce2cde76195e43bdd98356e8070911b5d269dd7b61bc0837e9d2ce18f5d04
#8 CACHED

#11 [ 7/10] COPY fuzz*.cpp /src/
#11 sha256:35e341f39036a397a0f127836c79d12a319628e26a90b2158631a91ee3e2c687
#11 CACHED

#12 [ 8/10] COPY fuzz*.c /src/
#12 sha256:5a093c73bf960e066ff133c50071e43a8f0cdeb01abcd186e4a5b195af8b27cd
#12 CACHED

#7 [ 4/10] RUN git clone https://github.com/OpenVPN/openvpn openvpn
#7 sha256:26a377624941cec0f1e567d707efa0f635c5eefeed012a6aefedba489e5f7183
#7 CACHED

#13 [ 9/10] COPY fuzz*.h /src/openvpn/src/openvpn/
#13 sha256:7f7b3c10d6a1ea90bc544c0fc62b7f83c2e41f4050012e5e8619ec8c4e0e6d84
#13 CACHED

#10 [ 6/10] COPY build.sh /src/
#10 sha256:2395471864f758e3fad81f8062f4cbaf0bcec9284adffb4826c6cb99dd4ba8aa
#10 CACHED

#5 [ 2/10] RUN apt-get update && apt-get install -y make autoconf automake libtool libssl-dev liblzo2-dev libpam-dev
#5 sha256:3d4c9f7e5c075fda18895c267838756313cd547a977fb33d84669955d49d7f0f
#5 CACHED

#6 [ 3/10] RUN git clone --depth 1 https://github.com/google/boringssl.git boringssl
#6 sha256:d4c2fcd6c0a8371d9908a3a90694029a429f04c11c674addd8d417e71a4dd849
#6 CACHED

#14 [10/10] COPY crypto_patch.txt /src/crypto_patch.txt
#14 sha256:904020858eed806d1f2f1479fe1ea1aeb2df974a649d6adfef696bc83f445c73
#14 CACHED

#16 exporting to image
#16 sha256:e8c613e07b0b7ff33893b694f7759a10d42e180f2b4dc349fb57dc6b71dcab00
#16 exporting layers done
#16 writing image sha256:187f19404a22747b58d494cbf7b295c6e0468b3c9d3cb82c85888ea324dcef02 done
#16 naming to gcr.io/fuzzbench/builders/benchmark/openvpn_fuzz_verify_cert done
#16 DONE 0.2s

#17 exporting cache
#17 sha256:2700d4ef94dee473593c5c614b55b2dedcca7893909811a8f2b48291a1f581e4
#17 preparing build cache for export done
#17 DONE 0.0s
------
 > importing cache manifest from gcr.io/fuzzbench/builders/benchmark/openvpn_fuzz_verify_cert:
------
#1 [internal] load build definition from builder.Dockerfile
#1 sha256:51872c59bc0d7d5e568a986f46add9c1e9c3c69eb71ebf8f3dbcaec989471012
#1 transferring dockerfile: 46B done
#1 DONE 0.0s

#2 [internal] load .dockerignore
#2 sha256:d59489cbbcc13f82184a7a7ae51ff5addce895f9d9720ecf7105e442a1f2dd8c
#2 transferring context: 2B done
#2 DONE 0.0s

#3 [internal] load metadata for gcr.io/fuzzbench/builders/benchmark/openvpn_fuzz_verify_cert:latest
#3 sha256:42caecd07c6c723ef0fd532bf887b9113455a6f88cd009f93e1fb31ad2efcf58
#3 DONE 0.0s

#4 importing cache manifest from gcr.io/fuzzbench/builders/afl/openvpn_fuzz_verify_cert-intermediate
#4 sha256:62f639e02884c7df119b3075a4874159de59153543687117ce7f1e681aaf59ce
#4 ...

#5 [1/3] FROM gcr.io/fuzzbench/builders/benchmark/openvpn_fuzz_verify_cert
#5 sha256:e888a4a5ed065f6d5a4465d16b784a24b552e4b9af7d42de0b3c99b8e3aa4677
#5 DONE 0.0s

#4 importing cache manifest from gcr.io/fuzzbench/builders/afl/openvpn_fuzz_verify_cert-intermediate
#4 sha256:62f639e02884c7df119b3075a4874159de59153543687117ce7f1e681aaf59ce
#4 ERROR: gcr.io/fuzzbench/builders/afl/openvpn_fuzz_verify_cert-intermediate:latest: not found

#6 [2/3] RUN git clone https://github.com/google/AFL.git /afl &&     cd /afl &&     git checkout 61037103ae3722c8060ff7082994836a794f978e &&     AFL_NO_X86=1 make
#6 sha256:867ac355cdf2dd089dcb19133a67a57c90c46625d87f5c1137c5317bd06118e8
#6 CACHED

#7 [3/3] RUN apt-get update &&     apt-get install wget -y &&     wget https://raw.githubusercontent.com/llvm/llvm-project/5feb80e748924606531ba28c97fe65145c65372e/compiler-rt/lib/fuzzer/afl/afl_driver.cpp -O /afl/afl_driver.cpp &&     clang -Wno-pointer-sign -c /afl/llvm_mode/afl-llvm-rt.o.c -I/afl &&     clang++ -stdlib=libc++ -std=c++11 -O2 -c /afl/afl_driver.cpp &&     ar r /libAFL.a *.o
#7 sha256:89e432f9f4d75f1d1a5e41884a5783baf396369f809c25f36f51c11d8b52ed03
#7 CACHED

#8 exporting to image
#8 sha256:e8c613e07b0b7ff33893b694f7759a10d42e180f2b4dc349fb57dc6b71dcab00
#8 exporting layers done
#8 writing image sha256:f15cff2610579e577c407cc5409d3764cf1ff31ac8fe0731a60489783e2d0677
#8 writing image sha256:f15cff2610579e577c407cc5409d3764cf1ff31ac8fe0731a60489783e2d0677 done
#8 naming to gcr.io/fuzzbench/builders/afl/openvpn_fuzz_verify_cert-intermediate 0.0s done
#8 DONE 0.4s

#9 exporting cache
#9 sha256:2700d4ef94dee473593c5c614b55b2dedcca7893909811a8f2b48291a1f581e4
#9 preparing build cache for export done
#9 DONE 0.0s
------
 > importing cache manifest from gcr.io/fuzzbench/builders/afl/openvpn_fuzz_verify_cert-intermediate:
------
#1 [internal] load build definition from Dockerfile
#1 sha256:d32746e14ddbb220f65251821b73c2b371d0e1e0dbfe765facfcd14dbebf0333
#1 transferring dockerfile: 2.00kB done
#1 DONE 0.0s

#2 [internal] load .dockerignore
#2 sha256:258a65f8c9f57e3e0067eb42eab1f17c59ae2491ab2514b0fc87236291256a22
#2 transferring context: 34B done
#2 DONE 0.0s

#3 [internal] load metadata for docker.io/library/ubuntu:xenial
#3 sha256:f62bae18ed588840f045c881b2502661f2a89578a2f8f99b83f5200ee83dd25b
#3 DONE 0.0s

#5 [1/7] FROM docker.io/library/ubuntu:xenial
#5 sha256:14dd403f25ae9e519bd44f27dc17af7ce80f5a4f9f48ca88108364e67ec5d360
#5 DONE 0.0s

#4 importing cache manifest from gcr.io/fuzzbench/base-image
#4 sha256:9b220ebb4d4daceed1b96df9b6dca076e762f1cd612574f010b82d5b9e5ad896
#4 DONE 0.0s

#8 [internal] load build context
#8 sha256:3de2d76d3080ae62877d69d12e23ff1788be6f74bc78911a690fbc349ef1e496
#8 transferring context: 591B 0.0s done
#8 DONE 0.0s

#6 [2/7] RUN apt-get update -y && apt-get install -y     build-essential     rsync     curl     zlib1g-dev     libncurses5-dev     libgdbm-dev     libnss3-dev     libssl-dev     libreadline-dev     libffi-dev     virtualenv     libbz2-dev     liblzma-dev     libsqlite3-dev
#6 sha256:3a1b0960f17eed529eaae93dc8fd3554f2743dd584d8fa569cdbe6bc734371ac
#6 CACHED

#9 [4/7] COPY ./requirements.txt /
#9 sha256:585404a88cfcec56bc190ce0588ca32d2a277bc897579c81ced32653f68c8edc
#9 CACHED

#10 [5/7] RUN pip3 install -r /requirements.txt
#10 sha256:ca8704b30bcbaf204fd5b4738d91ddd0be294fc13dba7102b51bf4429ae62648
#10 CACHED

#7 [3/7] RUN cd /tmp/ &&     curl -O https://www.python.org/ftp/python/3.8.6/Python-3.8.6.tar.xz &&     tar -xvf Python-3.8.6.tar.xz &&     cd Python-3.8.6 &&     ./configure --enable-loadable-sqlite-extensions --enable-optimizations &&     make -j install &&     rm -r /tmp/Python-3.8.6.tar.xz /tmp/Python-3.8.6
#7 sha256:c5b9d1fb3371e84dbc60b76e7b2f8d5913bc93bcd4910ab65daa03e7b2ec4bb0
#7 CACHED

#11 [6/7] RUN apt-get update -y && apt-get install -y     apt-transport-https     lsb-release
#11 sha256:f9155fcf99c1b777d797712c99c7c68d51a91fb94a83385a570f83a147675b9c
#11 CACHED

#12 [7/7] RUN CLOUD_SDK_REPO="cloud-sdk-$(lsb_release -c -s)" &&     echo "deb https://packages.cloud.google.com/apt $CLOUD_SDK_REPO main"     | tee -a /etc/apt/sources.list.d/google-cloud-sdk.list &&     curl https://packages.cloud.google.com/apt/doc/apt-key.gpg     | apt-key add - &&     apt-get update -y &&     apt-get install -y google-cloud-sdk
#12 sha256:604b7325435fed5d48e6fc9325cef232404920dc5fb04ad0202ed8bb02c67f73
#12 CACHED

#13 exporting to image
#13 sha256:e8c613e07b0b7ff33893b694f7759a10d42e180f2b4dc349fb57dc6b71dcab00
#13 exporting layers done
#13 writing image sha256:4da70be18378b6764cc5ec8df38dbae22e74720b7140da7af78343e0dd72ff67 done
#13 naming to gcr.io/fuzzbench/base-image done
#13 DONE 0.0s

#14 exporting cache
#14 sha256:2700d4ef94dee473593c5c614b55b2dedcca7893909811a8f2b48291a1f581e4
#14 preparing build cache for export done
#14 DONE 0.0s
#1 [internal] load build definition from Dockerfile
#1 sha256:e50d60d8e767cb67b7494ce0574997860bcb0d12e716d2cfc64aef79de9e1750
#1 transferring dockerfile: 2.22kB done
#1 DONE 0.0s

#2 [internal] load .dockerignore
#2 sha256:0d0d736bd25a5714d5098e0db6219cbad9f6c04805b6ec3232f582b45ebbed04
#2 transferring context: 34B done
#2 DONE 0.0s

#4 [internal] load metadata for gcr.io/fuzzbench/base-image:latest
#4 sha256:932022888f650cc455b10eb5123bb08c0cccacac29a693e69314abbfd28a72c3
#4 DONE 0.0s

#3 [internal] load metadata for gcr.io/fuzzbench/builders/afl/openvpn_fuzz_verify_cert-intermediate:latest
#3 sha256:f48ae56bde358d8074b9efcb6d988e68ff9cf5f51b56221850047935f1b5f1ca
#3 DONE 0.0s

#12 [internal] load build context
#12 sha256:32c1e6f8f5ea4af9ea0e6fcfbd48bbfa48d356f0243071df9b48fef2db475c1a
#12 DONE 0.0s

#7 [base-image 1/1] FROM gcr.io/fuzzbench/base-image
#7 sha256:4d07825694520f8b6f6a0d8592dbd345433361ae044cb7f06706c5a95e3daaad
#7 DONE 0.0s

#6 [stage-1  1/13] FROM gcr.io/fuzzbench/builders/afl/openvpn_fuzz_verify_cert-intermediate
#6 sha256:007ba63b56b67eb0cc9e6bec9f61272481f238ed5db60bffd7f9a39546b9991d
#6 DONE 0.0s

#5 importing cache manifest from gcr.io/fuzzbench/builders/afl/openvpn_fuzz_verify_cert
#5 sha256:8598583f8fdf2c5cc3ceb0fb767f27b9781e81efa7f03ee8c51be0a92eb4806e
#5 ERROR: gcr.io/fuzzbench/builders/afl/openvpn_fuzz_verify_cert:latest: not found

#12 [internal] load build context
#12 sha256:32c1e6f8f5ea4af9ea0e6fcfbd48bbfa48d356f0243071df9b48fef2db475c1a
#12 transferring context: 742.40kB 0.1s done
#12 DONE 0.7s

#8 [stage-1  2/13] COPY --from=base-image /usr/local/bin/python3* /usr/local/bin/
#8 sha256:88ceb8df0e1faf849eed3f4b55b1a6c1e40949f32d56a9f3f4403717198b06fa
#8 CACHED

#9 [stage-1  3/13] COPY --from=base-image /usr/local/lib/python3.8 /usr/local/lib/python3.8
#9 sha256:c11405c5cf137c0fb49a28ab16ed218a458a17282f131f8846ba74317f13c671
#9 CACHED

#10 [stage-1  4/13] COPY --from=base-image /usr/local/include/python3.8 /usr/local/include/python3.8
#10 sha256:96a3419d170d16e5bcd9d8ac36b1a65be4f1c590f9a96aa249711285065c9bad
#10 CACHED

#11 [stage-1  5/13] COPY --from=base-image /usr/local/lib/python3.8/site-packages /usr/local/lib/python3.8/site-packages
#11 sha256:d04e094e63eb36bade68dc3777b1a09273dc9f2e10598f828ac13ab05a5b1af5
#11 CACHED

#13 [stage-1  6/13] COPY fuzzers /src/fuzzers
#13 sha256:e81c693b70fd3403aaed473e1b1aa72850082e639f81801e1e175f4afd5b9519
#13 CACHED

#14 [stage-1  7/13] RUN touch /src/__init__.py
#14 sha256:b49fe3ee88bcce127acbd9f635926b242bf0785dd3c64ddfc749e8ecef007d9e
#14 DONE 0.6s

#15 [stage-1  8/13] COPY benchmarks/openvpn_fuzz_verify_cert/benchmark.yaml /
#15 sha256:e6afdaf077d3de3dd33b3492052b8285aa81fe449631374e58132e2a97132ca8
#15 DONE 0.1s

#16 [stage-1  9/13] RUN mkdir /opt/fuzzbench/
#16 sha256:99825735a0bc66f092aee44120b9e8df38cec6370464e0653bda7cd9bc12ab2f
#16 DONE 0.5s

#17 [stage-1 10/13] COPY docker/benchmark-builder/checkout_commit.py /opt/fuzzbench/
#17 sha256:84bc160909671a9355efa0ba6cd5d1a33c11c6a947f56ab7a1e5981fd8bcee2d
#17 DONE 0.1s

#18 [stage-1 11/13] RUN export CHECKOUT_COMMIT=$(cat /benchmark.yaml | tr -d ' ' | grep 'commit:' | cut -d ':' -f2) &&     python3 -u /opt/fuzzbench/checkout_commit.py $CHECKOUT_COMMIT /src
#18 sha256:a8e2aeb3c522d138e8378ceb7137ed666f638d211cb324542751891aa0908473
#18 0.481 Checking out commit 209a0ee3
#18 0.486 error: pathspec '209a0ee3' did not match any file(s) known to git
#18 17.32 error: pathspec '209a0ee3' did not match any file(s) known to git
#18 17.32 error: pathspec '209a0ee3' did not match any file(s) known to git
#18 17.33 error: pathspec '209a0ee3' did not match any file(s) known to git
#18 17.35 error: pathspec '209a0ee3' did not match any file(s) known to git
#18 17.36 error: pathspec '209a0ee3' did not match any file(s) known to git
#18 17.43 Checkout unsuccessful.
#18 DONE 17.5s

#19 [stage-1 12/13] RUN echo "#!/bin/bash\nPYTHONPATH=/src python3 -u -c "from fuzzers import utils; utils.initialize_env(); from fuzzers.afl import fuzzer; fuzzer.build()"" > /usr/bin/fuzzer_build &&     chmod +x /usr/bin/fuzzer_build
#19 sha256:e40f4a2c1301e92349fa19ea86296617bf1a10e0295a2d46ad0e11dbbc43cb8d
#19 DONE 0.5s

#20 [stage-1 13/13] RUN echo "Run fuzzer_build to build the target" && if [ -z "$debug_builder" ] ; then fuzzer_build; fi
#20 sha256:f8842a92495877975b5f4f5121e5c9b50e7aeb6409658cda8a6061ccbf9a54f0
#20 0.439 Run fuzzer_build to build the target
#20 0.556 FUZZ_TARGET = fuzz_verify_cert
#20 0.556 CFLAGS = -DFUZZING_BUILD_MODE_UNSAFE_FOR_PRODUCTION -pthread -Wl,--no-as-needed -Wl,-ldl -Wl,-lm -Wno-unused-command-line-argument -O3
#20 0.556 CXXFLAGS = -DFUZZING_BUILD_MODE_UNSAFE_FOR_PRODUCTION -pthread -Wl,--no-as-needed -Wl,-ldl -Wl,-lm -Wno-unused-command-line-argument -stdlib=libc++ -O3
#20 0.565 Building benchmark openvpn_fuzz_verify_cert with fuzzer afl
#20 0.568 + BASE=/src/openvpn/src/openvpn
#20 0.569 + git apply /src/crypto_patch.txt
#20 0.573 error: patch failed: src/openvpn/crypto.c:752
#20 0.573 error: src/openvpn/crypto.c: patch does not apply
#20 0.574 Traceback (most recent call last):
#20 0.574   File "<string>", line 1, in <module>
#20 0.574   File "/src/fuzzers/afl/fuzzer.py", line 40, in build
#20 0.574     utils.build_benchmark()
#20 0.574   File "/src/fuzzers/utils.py", line 82, in build_benchmark
#20 0.574     subprocess.check_call(['/bin/bash', '-ex', build_script], env=env)
#20 0.574   File "/usr/local/lib/python3.8/subprocess.py", line 364, in check_call
#20 0.574     raise CalledProcessError(retcode, cmd)
#20 0.574 subprocess.CalledProcessError: Command '['/bin/bash', '-ex', '/src/build.sh']' returned non-zero exit status 1.
#20 ERROR: executor failed running [/bin/sh -c echo "Run fuzzer_build to build the target" && if [ -z "$debug_builder" ] ; then fuzzer_build; fi]: exit code: 1
------
 > importing cache manifest from gcr.io/fuzzbench/builders/afl/openvpn_fuzz_verify_cert:
------
------
 > [stage-1 13/13] RUN echo "Run fuzzer_build to build the target" && if [ -z "$debug_builder" ] ; then fuzzer_build; fi:
------
executor failed running [/bin/sh -c echo "Run fuzzer_build to build the target" && if [ -z "$debug_builder" ] ; then fuzzer_build; fi]: exit code: 1
make: *** [docker/generated.mk:281503: .afl-openvpn_fuzz_verify_cert-builder] Error 1
