WARNING:root:gcloud not found in PATH.
INFO:root:Successfully integrated benchmark: mercurial_mercurial.
INFO:root:Please run "make test-run-afl-mercurial_mercurial" to test integration.
#1 [internal] load build definition from Dockerfile
#1 sha256:7cafa3f6a87a8eaf68e22e9e0d1b3a7a9a160cc566906c9bb1e243a936fab554
#1 transferring dockerfile: 972B done
#1 DONE 0.1s

#2 [internal] load .dockerignore
#2 sha256:39b32a6f50c552448ce77e5859e25406249410fc0bfbaacc6d89b3f28fe68a9b
#2 transferring context: 2B done
#2 DONE 0.1s

#3 [internal] load metadata for gcr.io/oss-fuzz-base/base-builder:latest
#3 sha256:f10dc39cc9d418a5bc416dead31a1902b6821fdae909cd3b08f7a3fd1faba7b5
#3 DONE 0.4s

#8 [internal] load build context
#8 sha256:aefde2d872ff7a76ec5d8cec49a68412fe1958a4f27f5aa70dead945573e6d96
#8 DONE 0.0s

#4 [1/5] FROM gcr.io/oss-fuzz-base/base-builder@sha256:4ad017ca53699eda684c1c444948c93a4af848fe34baee3a765d3c4693fe6a56
#4 sha256:3f10b3978a3951f6e2692fa5e5890ee5a755650381dedece7198ed0b1dcdaa8c
#4 DONE 0.0s

#10 importing cache manifest from gcr.io/fuzzbench/builders/benchmark/mercurial_mercurial
#10 sha256:68f62610923dd0d5cd04c5fd52cb53a680a25e9df43d0ab56291d81df8155673
#10 ERROR: gcr.io/fuzzbench/builders/benchmark/mercurial_mercurial:latest: not found

#4 [1/5] FROM gcr.io/oss-fuzz-base/base-builder@sha256:4ad017ca53699eda684c1c444948c93a4af848fe34baee3a765d3c4693fe6a56
#4 sha256:3f10b3978a3951f6e2692fa5e5890ee5a755650381dedece7198ed0b1dcdaa8c
#4 CACHED

#8 [internal] load build context
#8 sha256:aefde2d872ff7a76ec5d8cec49a68412fe1958a4f27f5aa70dead945573e6d96
#8 transferring context: 743B done
#8 DONE 0.0s

#5 [2/5] RUN apt-get update && apt-get install -y make autoconf automake libtool   python-dev mercurial
#5 sha256:bec1d52790e11e01702c4a69fdb004ae6bc4f207437e3c4fcc765ff759f5e568
#5 1.135 Hit:1 http://archive.ubuntu.com/ubuntu focal InRelease
#5 1.135 Get:2 http://security.ubuntu.com/ubuntu focal-security InRelease [114 kB]
#5 1.135 Hit:3 http://ppa.launchpad.net/git-core/ppa/ubuntu focal InRelease
#5 1.136 Get:4 http://archive.ubuntu.com/ubuntu focal-updates InRelease [114 kB]
#5 1.236 Get:5 http://archive.ubuntu.com/ubuntu focal-backports InRelease [108 kB]
#5 1.844 Get:6 http://security.ubuntu.com/ubuntu focal-security/main amd64 Packages [1547 kB]
#5 2.366 Get:7 http://archive.ubuntu.com/ubuntu focal-updates/universe i386 Packages [827 kB]
#5 2.473 Get:8 http://archive.ubuntu.com/ubuntu focal-updates/main i386 Packages [752 kB]
#5 2.530 Get:9 http://archive.ubuntu.com/ubuntu focal-updates/universe amd64 Packages [1134 kB]
#5 2.615 Get:10 http://archive.ubuntu.com/ubuntu focal-updates/main amd64 Packages [1973 kB]
#5 2.955 Get:11 http://archive.ubuntu.com/ubuntu focal-backports/universe amd64 Packages [24.8 kB]
#5 2.984 Get:12 http://archive.ubuntu.com/ubuntu focal-backports/universe i386 Packages [13.1 kB]
#5 3.208 Fetched 6607 kB in 2s (3058 kB/s)
#5 3.208 Reading package lists...
#5 6.202 Reading package lists...
#5 9.040 Building dependency tree...
#5 9.483 Reading state information...
#5 9.997 make is already the newest version (4.2.1-1.2).
#5 9.997 make set to manually installed.
#5 9.997 The following additional packages will be installed:
#5 9.998   autotools-dev libexpat1-dev libltdl-dev libltdl7 libpython2-dev
#5 9.998   libpython2-stdlib libpython2.7 libpython2.7-dev libpython2.7-minimal
#5 9.999   libpython2.7-stdlib libsigsegv2 m4 mercurial-common python-is-python2
#5 9.999   python2 python2-dev python2-minimal python2.7 python2.7-dev
#5 10.00   python2.7-minimal
#5 10.00 Suggested packages:
#5 10.00   autoconf-archive gnu-standards autoconf-doc gettext libtool-doc gfortran
#5 10.00   | fortran95-compiler gcj-jdk m4-doc kdiff3 | kdiff3-qt | kompare | meld
#5 10.00   | tkcvs | mgdiff qct python-mysqldb python-openssl python-pygments wish
#5 10.00   python2-doc python-tk python2.7-doc binfmt-support
#5 10.39 The following NEW packages will be installed:
#5 10.39   autoconf automake autotools-dev libexpat1-dev libltdl-dev libltdl7
#5 10.39   libpython2-dev libpython2-stdlib libpython2.7 libpython2.7-dev
#5 10.39   libpython2.7-minimal libpython2.7-stdlib libsigsegv2 libtool m4 mercurial
#5 10.39   mercurial-common python-dev-is-python2 python-is-python2 python2 python2-dev
#5 10.39   python2-minimal python2.7 python2.7-dev python2.7-minimal
#5 10.49 0 upgraded, 25 newly installed, 0 to remove and 0 not upgraded.
#5 10.49 Need to get 12.2 MB of archives.
#5 10.49 After this operation, 56.9 MB of additional disk space will be used.
#5 10.49 Get:1 http://archive.ubuntu.com/ubuntu focal-updates/universe amd64 libpython2.7-minimal amd64 2.7.18-1~20.04.1 [335 kB]
#5 10.62 Get:2 http://archive.ubuntu.com/ubuntu focal-updates/universe amd64 python2.7-minimal amd64 2.7.18-1~20.04.1 [1285 kB]
#5 10.72 Get:3 http://archive.ubuntu.com/ubuntu focal/universe amd64 python2-minimal amd64 2.7.17-2ubuntu4 [27.5 kB]
#5 10.72 Get:4 http://archive.ubuntu.com/ubuntu focal-updates/universe amd64 libpython2.7-stdlib amd64 2.7.18-1~20.04.1 [1887 kB]
#5 10.89 Get:5 http://archive.ubuntu.com/ubuntu focal-updates/universe amd64 python2.7 amd64 2.7.18-1~20.04.1 [248 kB]
#5 10.91 Get:6 http://archive.ubuntu.com/ubuntu focal/universe amd64 libpython2-stdlib amd64 2.7.17-2ubuntu4 [7072 B]
#5 10.91 Get:7 http://archive.ubuntu.com/ubuntu focal/universe amd64 python2 amd64 2.7.17-2ubuntu4 [26.5 kB]
#5 10.91 Get:8 http://archive.ubuntu.com/ubuntu focal/main amd64 libsigsegv2 amd64 2.12-2 [13.9 kB]
#5 10.92 Get:9 http://archive.ubuntu.com/ubuntu focal/main amd64 m4 amd64 1.4.18-4 [199 kB]
#5 10.93 Get:10 http://archive.ubuntu.com/ubuntu focal/main amd64 autoconf all 2.69-11.1 [321 kB]
#5 10.96 Get:11 http://archive.ubuntu.com/ubuntu focal/main amd64 autotools-dev all 20180224.1 [39.6 kB]
#5 10.96 Get:12 http://archive.ubuntu.com/ubuntu focal/main amd64 automake all 1:1.16.1-4ubuntu6 [522 kB]
#5 11.01 Get:13 http://archive.ubuntu.com/ubuntu focal/main amd64 libexpat1-dev amd64 2.2.9-1build1 [116 kB]
#5 11.02 Get:14 http://archive.ubuntu.com/ubuntu focal/main amd64 libltdl7 amd64 2.4.6-14 [38.5 kB]
#5 11.02 Get:15 http://archive.ubuntu.com/ubuntu focal/main amd64 libltdl-dev amd64 2.4.6-14 [162 kB]
#5 11.04 Get:16 http://archive.ubuntu.com/ubuntu focal-updates/universe amd64 libpython2.7 amd64 2.7.18-1~20.04.1 [1038 kB]
#5 11.12 Get:17 http://archive.ubuntu.com/ubuntu focal-updates/universe amd64 libpython2.7-dev amd64 2.7.18-1~20.04.1 [2475 kB]
#5 11.31 Get:18 http://archive.ubuntu.com/ubuntu focal/universe amd64 libpython2-dev amd64 2.7.17-2ubuntu4 [7140 B]
#5 11.31 Get:19 http://archive.ubuntu.com/ubuntu focal/main amd64 libtool all 2.4.6-14 [161 kB]
#5 11.31 Get:20 http://archive.ubuntu.com/ubuntu focal/universe amd64 mercurial-common all 5.3.1-1ubuntu1 [2650 kB]
#5 11.51 Get:21 http://archive.ubuntu.com/ubuntu focal/universe amd64 mercurial amd64 5.3.1-1ubuntu1 [323 kB]
#5 11.53 Get:22 http://archive.ubuntu.com/ubuntu focal/universe amd64 python-is-python2 all 2.7.17-4 [2496 B]
#5 11.53 Get:23 http://archive.ubuntu.com/ubuntu focal-updates/universe amd64 python2.7-dev amd64 2.7.18-1~20.04.1 [287 kB]
#5 11.56 Get:24 http://archive.ubuntu.com/ubuntu focal/universe amd64 python2-dev amd64 2.7.17-2ubuntu4 [1268 B]
#5 11.56 Get:25 http://archive.ubuntu.com/ubuntu focal/universe amd64 python-dev-is-python2 all 2.7.17-4 [1396 B]
#5 11.79 debconf: delaying package configuration, since apt-utils is not installed
#5 11.85 Fetched 12.2 MB in 1s (10.7 MB/s)
#5 11.90 Selecting previously unselected package libpython2.7-minimal:amd64.
#5 11.90 (Reading database ... (Reading database ... 5%(Reading database ... 10%(Reading database ... 15%(Reading database ... 20%(Reading database ... 25%(Reading database ... 30%(Reading database ... 35%(Reading database ... 40%(Reading database ... 45%(Reading database ... 50%(Reading database ... 55%(Reading database ... 60%(Reading database ... 65%(Reading database ... 70%(Reading database ... 75%(Reading database ... 80%(Reading database ... 85%(Reading database ... 90%(Reading database ... 95%(Reading database ... 100%(Reading database ... 21291 files and directories currently installed.)
#5 11.92 Preparing to unpack .../0-libpython2.7-minimal_2.7.18-1~20.04.1_amd64.deb ...
#5 11.93 Unpacking libpython2.7-minimal:amd64 (2.7.18-1~20.04.1) ...
#5 12.04 Selecting previously unselected package python2.7-minimal.
#5 12.04 Preparing to unpack .../1-python2.7-minimal_2.7.18-1~20.04.1_amd64.deb ...
#5 12.05 Unpacking python2.7-minimal (2.7.18-1~20.04.1) ...
#5 12.21 Selecting previously unselected package python2-minimal.
#5 12.22 Preparing to unpack .../2-python2-minimal_2.7.17-2ubuntu4_amd64.deb ...
#5 12.22 Unpacking python2-minimal (2.7.17-2ubuntu4) ...
#5 12.26 Selecting previously unselected package libpython2.7-stdlib:amd64.
#5 12.26 Preparing to unpack .../3-libpython2.7-stdlib_2.7.18-1~20.04.1_amd64.deb ...
#5 12.26 Unpacking libpython2.7-stdlib:amd64 (2.7.18-1~20.04.1) ...
#5 12.51 Selecting previously unselected package python2.7.
#5 12.51 Preparing to unpack .../4-python2.7_2.7.18-1~20.04.1_amd64.deb ...
#5 12.52 Unpacking python2.7 (2.7.18-1~20.04.1) ...
#5 12.56 Selecting previously unselected package libpython2-stdlib:amd64.
#5 12.56 Preparing to unpack .../5-libpython2-stdlib_2.7.17-2ubuntu4_amd64.deb ...
#5 12.56 Unpacking libpython2-stdlib:amd64 (2.7.17-2ubuntu4) ...
#5 12.61 Setting up libpython2.7-minimal:amd64 (2.7.18-1~20.04.1) ...
#5 12.63 Setting up python2.7-minimal (2.7.18-1~20.04.1) ...
#5 13.06 Setting up python2-minimal (2.7.17-2ubuntu4) ...
#5 13.26 Selecting previously unselected package python2.
#5 13.26 (Reading database ... (Reading database ... 5%(Reading database ... 10%(Reading database ... 15%(Reading database ... 20%(Reading database ... 25%(Reading database ... 30%(Reading database ... 35%(Reading database ... 40%(Reading database ... 45%(Reading database ... 50%(Reading database ... 55%(Reading database ... 60%(Reading database ... 65%(Reading database ... 70%(Reading database ... 75%(Reading database ... 80%(Reading database ... 85%(Reading database ... 90%(Reading database ... 95%(Reading database ... 100%(Reading database ... 22038 files and directories currently installed.)
#5 13.28 Preparing to unpack .../00-python2_2.7.17-2ubuntu4_amd64.deb ...
#5 13.30 Unpacking python2 (2.7.17-2ubuntu4) ...
#5 13.38 Selecting previously unselected package libsigsegv2:amd64.
#5 13.38 Preparing to unpack .../01-libsigsegv2_2.12-2_amd64.deb ...
#5 13.39 Unpacking libsigsegv2:amd64 (2.12-2) ...
#5 13.45 Selecting previously unselected package m4.
#5 13.45 Preparing to unpack .../02-m4_1.4.18-4_amd64.deb ...
#5 13.46 Unpacking m4 (1.4.18-4) ...
#5 13.55 Selecting previously unselected package autoconf.
#5 13.55 Preparing to unpack .../03-autoconf_2.69-11.1_all.deb ...
#5 13.55 Unpacking autoconf (2.69-11.1) ...
#5 13.69 Selecting previously unselected package autotools-dev.
#5 13.70 Preparing to unpack .../04-autotools-dev_20180224.1_all.deb ...
#5 13.72 Unpacking autotools-dev (20180224.1) ...
#5 13.81 Selecting previously unselected package automake.
#5 13.81 Preparing to unpack .../05-automake_1%3a1.16.1-4ubuntu6_all.deb ...
#5 13.82 Unpacking automake (1:1.16.1-4ubuntu6) ...
#5 13.94 Selecting previously unselected package libexpat1-dev:amd64.
#5 13.95 Preparing to unpack .../06-libexpat1-dev_2.2.9-1build1_amd64.deb ...
#5 13.95 Unpacking libexpat1-dev:amd64 (2.2.9-1build1) ...
#5 14.11 Selecting previously unselected package libltdl7:amd64.
#5 14.11 Preparing to unpack .../07-libltdl7_2.4.6-14_amd64.deb ...
#5 14.16 Unpacking libltdl7:amd64 (2.4.6-14) ...
#5 14.24 Selecting previously unselected package libltdl-dev:amd64.
#5 14.24 Preparing to unpack .../08-libltdl-dev_2.4.6-14_amd64.deb ...
#5 14.26 Unpacking libltdl-dev:amd64 (2.4.6-14) ...
#5 14.38 Selecting previously unselected package libpython2.7:amd64.
#5 14.39 Preparing to unpack .../09-libpython2.7_2.7.18-1~20.04.1_amd64.deb ...
#5 14.39 Unpacking libpython2.7:amd64 (2.7.18-1~20.04.1) ...
#5 14.58 Selecting previously unselected package libpython2.7-dev:amd64.
#5 14.59 Preparing to unpack .../10-libpython2.7-dev_2.7.18-1~20.04.1_amd64.deb ...
#5 14.59 Unpacking libpython2.7-dev:amd64 (2.7.18-1~20.04.1) ...
#5 14.93 Selecting previously unselected package libpython2-dev:amd64.
#5 14.93 Preparing to unpack .../11-libpython2-dev_2.7.17-2ubuntu4_amd64.deb ...
#5 14.95 Unpacking libpython2-dev:amd64 (2.7.17-2ubuntu4) ...
#5 15.00 Selecting previously unselected package libtool.
#5 15.00 Preparing to unpack .../12-libtool_2.4.6-14_all.deb ...
#5 15.03 Unpacking libtool (2.4.6-14) ...
#5 15.11 Selecting previously unselected package mercurial-common.
#5 15.12 Preparing to unpack .../13-mercurial-common_5.3.1-1ubuntu1_all.deb ...
#5 15.14 Unpacking mercurial-common (5.3.1-1ubuntu1) ...
#5 15.51 Selecting previously unselected package mercurial.
#5 15.51 Preparing to unpack .../14-mercurial_5.3.1-1ubuntu1_amd64.deb ...
#5 15.52 Unpacking mercurial (5.3.1-1ubuntu1) ...
#5 15.64 Selecting previously unselected package python-is-python2.
#5 15.64 Preparing to unpack .../15-python-is-python2_2.7.17-4_all.deb ...
#5 15.65 Unpacking python-is-python2 (2.7.17-4) ...
#5 15.68 Selecting previously unselected package python2.7-dev.
#5 15.69 Preparing to unpack .../16-python2.7-dev_2.7.18-1~20.04.1_amd64.deb ...
#5 15.69 Unpacking python2.7-dev (2.7.18-1~20.04.1) ...
#5 15.74 Selecting previously unselected package python2-dev.
#5 15.74 Preparing to unpack .../17-python2-dev_2.7.17-2ubuntu4_amd64.deb ...
#5 15.75 Unpacking python2-dev (2.7.17-2ubuntu4) ...
#5 15.78 Selecting previously unselected package python-dev-is-python2.
#5 15.78 Preparing to unpack .../18-python-dev-is-python2_2.7.17-4_all.deb ...
#5 15.79 Unpacking python-dev-is-python2 (2.7.17-4) ...
#5 15.84 Setting up libpython2.7-stdlib:amd64 (2.7.18-1~20.04.1) ...
#5 15.85 Setting up autotools-dev (20180224.1) ...
#5 15.86 Setting up libexpat1-dev:amd64 (2.2.9-1build1) ...
#5 15.88 Setting up libsigsegv2:amd64 (2.12-2) ...
#5 15.89 Setting up libltdl7:amd64 (2.4.6-14) ...
#5 15.91 Setting up libpython2.7:amd64 (2.7.18-1~20.04.1) ...
#5 15.92 Setting up libpython2.7-dev:amd64 (2.7.18-1~20.04.1) ...
#5 15.93 Setting up python2.7 (2.7.18-1~20.04.1) ...
#5 16.94 Setting up libtool (2.4.6-14) ...
#5 16.95 Setting up libpython2-stdlib:amd64 (2.7.17-2ubuntu4) ...
#5 16.97 Setting up m4 (1.4.18-4) ...
#5 16.99 Setting up python2 (2.7.17-2ubuntu4) ...
#5 17.00 Setting up autoconf (2.69-11.1) ...
#5 17.02 Setting up libpython2-dev:amd64 (2.7.17-2ubuntu4) ...
#5 17.04 Setting up python-is-python2 (2.7.17-4) ...
#5 17.05 Setting up python2.7-dev (2.7.18-1~20.04.1) ...
#5 17.07 Setting up automake (1:1.16.1-4ubuntu6) ...
#5 17.08 update-alternatives: using /usr/bin/automake-1.16 to provide /usr/bin/automake (automake) in auto mode
#5 17.08 update-alternatives: warning: skip creation of /usr/share/man/man1/automake.1.gz because associated file /usr/share/man/man1/automake-1.16.1.gz (of link group automake) doesn't exist
#5 17.08 update-alternatives: warning: skip creation of /usr/share/man/man1/aclocal.1.gz because associated file /usr/share/man/man1/aclocal-1.16.1.gz (of link group automake) doesn't exist
#5 17.09 Setting up python2-dev (2.7.17-2ubuntu4) ...
#5 17.11 Setting up mercurial-common (5.3.1-1ubuntu1) ...
#5 18.82 Setting up libltdl-dev:amd64 (2.4.6-14) ...
#5 18.88 Setting up python-dev-is-python2 (2.7.17-4) ...
#5 18.89 Setting up mercurial (5.3.1-1ubuntu1) ...
#5 19.10 
#5 19.10 Creating config file /etc/mercurial/hgrc.d/hgext.rc with new version
#5 19.17 Processing triggers for mime-support (3.64ubuntu1) ...
#5 19.19 Processing triggers for libc-bin (2.31-0ubuntu9.2) ...
#5 DONE 21.2s

#6 [3/5] RUN hg clone https://www.mercurial-scm.org/repo/hg mercurial
#6 sha256:94c7e8ecc8a7db1fec5ee71252f4bafa530d06a5d2028087bb6de3086b9065dd
#6 47.04 requesting all changes
#6 47.04 adding changesets
#6 47.04 adding manifests
#6 47.04 adding file changes
#6 49.45 added 48749 changesets with 96007 changes to 3747 files (+1 heads)
#6 49.45 new changesets 9117c6561b0b:2d6940811067
#6 49.45 updating to bookmark @
#6 50.01 2226 files updated, 0 files merged, 0 files removed, 0 files unresolved
#6 DONE 51.0s

#7 [4/5] WORKDIR mercurial
#7 sha256:748063f32710838de60d407409d723e19a81bf5ec59c576dfaf0af7805d3a830
#7 DONE 0.1s

#9 [5/5] COPY build.sh /src/
#9 sha256:df7ed70ee275e1745d69884ab16c1331ab3d52692a2c33c135421d44c2dfddf3
#9 DONE 0.1s

#11 exporting to image
#11 sha256:e8c613e07b0b7ff33893b694f7759a10d42e180f2b4dc349fb57dc6b71dcab00
#11 exporting layers done
#11 writing image sha256:d8477ad28b9771e8baadec593d53fd753ec443a6c98d81204574579f7dc5900e
#11 writing image sha256:d8477ad28b9771e8baadec593d53fd753ec443a6c98d81204574579f7dc5900e done
#11 naming to gcr.io/fuzzbench/builders/benchmark/mercurial_mercurial done
#11 DONE 0.1s

#12 exporting cache
#12 sha256:2700d4ef94dee473593c5c614b55b2dedcca7893909811a8f2b48291a1f581e4
#12 preparing build cache for export done
#12 DONE 0.0s
------
 > importing cache manifest from gcr.io/fuzzbench/builders/benchmark/mercurial_mercurial:
------
#1 [internal] load build definition from builder.Dockerfile
#1 sha256:66ee74215612a98b70e488da94599b3a6c94fbc0cc0f0e192c60872b3324c14a
#1 transferring dockerfile: 46B done
#1 DONE 0.0s

#2 [internal] load .dockerignore
#2 sha256:decc87956212b0b16141a74463d9fca6b68430c8637f3a5223fd30c9cf8fa805
#2 transferring context: 2B done
#2 DONE 0.1s

#3 [internal] load metadata for gcr.io/fuzzbench/builders/benchmark/mercurial_mercurial:latest
#3 sha256:35aca6c408ed1e2faf3491cf6e77ed8bc6d8122351824bffd602328e9f3a8b05
#3 DONE 0.0s

#5 [1/3] FROM gcr.io/fuzzbench/builders/benchmark/mercurial_mercurial
#5 sha256:3ca484b0eb380f1940f511cdfa5665a24c2ffee8e0934e3eaf1149400a10b898
#5 DONE 0.0s

#4 importing cache manifest from gcr.io/fuzzbench/builders/afl/mercurial_mercurial-intermediate
#4 sha256:2dd505c91037b74ebb6d276fcf290c6e3e73861aeeb16527024a3ffe7587ba09
#4 ERROR: gcr.io/fuzzbench/builders/afl/mercurial_mercurial-intermediate:latest: not found

#5 [1/3] FROM gcr.io/fuzzbench/builders/benchmark/mercurial_mercurial
#5 sha256:3ca484b0eb380f1940f511cdfa5665a24c2ffee8e0934e3eaf1149400a10b898
#5 DONE 0.7s

#6 [2/3] RUN git clone https://github.com/google/AFL.git /afl &&     cd /afl &&     git checkout 61037103ae3722c8060ff7082994836a794f978e &&     AFL_NO_X86=1 make
#6 sha256:4b30fbafef23fe4852f96877bea0f0a71f036491635c60e9c36cd977534f8688
#6 0.426 Cloning into '/afl'...
#6 1.983 Note: switching to '61037103ae3722c8060ff7082994836a794f978e'.
#6 1.983 
#6 1.983 You are in 'detached HEAD' state. You can look around, make experimental
#6 1.983 changes and commit them, and you can discard any commits you make in this
#6 1.983 state without impacting any branches by switching back to a branch.
#6 1.983 
#6 1.983 If you want to create a new branch to retain commits you create, you may
#6 1.983 do so (now or later) by using -c with the switch command. Example:
#6 1.983 
#6 1.983   git switch -c <new-branch-name>
#6 1.983 
#6 1.983 Or undo this operation with:
#6 1.983 
#6 1.983   git switch -
#6 1.983 
#6 1.983 Turn off this advice by setting config variable advice.detachedHead to false
#6 1.983 
#6 1.983 HEAD is now at 6103710 Fix a typo filename comparison in the fuzzer (#139)
#6 1.999 [!] Note: skipping x86 compilation checks (AFL_NO_X86 set).
#6 1.999 clang -O1 -fno-omit-frame-pointer -gline-tables-only -DFUZZING_BUILD_MODE_UNSAFE_FOR_PRODUCTION -Wall -D_FORTIFY_SOURCE=2 -g -Wno-pointer-sign -DAFL_PATH=\"/usr/local/lib/afl\" -DDOC_PATH=\"/usr/local/share/doc/afl\" -DBIN_PATH=\"/usr/local/bin\" afl-gcc.c -o afl-gcc -ldl
#6 2.172 set -e; for i in afl-g++ afl-clang afl-clang++; do ln -sf afl-gcc $i; done
#6 2.177 clang -O1 -fno-omit-frame-pointer -gline-tables-only -DFUZZING_BUILD_MODE_UNSAFE_FOR_PRODUCTION -Wall -D_FORTIFY_SOURCE=2 -g -Wno-pointer-sign -DAFL_PATH=\"/usr/local/lib/afl\" -DDOC_PATH=\"/usr/local/share/doc/afl\" -DBIN_PATH=\"/usr/local/bin\" afl-fuzz.c -o afl-fuzz -ldl
#6 4.622 clang -O1 -fno-omit-frame-pointer -gline-tables-only -DFUZZING_BUILD_MODE_UNSAFE_FOR_PRODUCTION -Wall -D_FORTIFY_SOURCE=2 -g -Wno-pointer-sign -DAFL_PATH=\"/usr/local/lib/afl\" -DDOC_PATH=\"/usr/local/share/doc/afl\" -DBIN_PATH=\"/usr/local/bin\" afl-showmap.c -o afl-showmap -ldl
#6 4.940 clang -O1 -fno-omit-frame-pointer -gline-tables-only -DFUZZING_BUILD_MODE_UNSAFE_FOR_PRODUCTION -Wall -D_FORTIFY_SOURCE=2 -g -Wno-pointer-sign -DAFL_PATH=\"/usr/local/lib/afl\" -DDOC_PATH=\"/usr/local/share/doc/afl\" -DBIN_PATH=\"/usr/local/bin\" afl-tmin.c -o afl-tmin -ldl
#6 5.364 clang -O1 -fno-omit-frame-pointer -gline-tables-only -DFUZZING_BUILD_MODE_UNSAFE_FOR_PRODUCTION -Wall -D_FORTIFY_SOURCE=2 -g -Wno-pointer-sign -DAFL_PATH=\"/usr/local/lib/afl\" -DDOC_PATH=\"/usr/local/share/doc/afl\" -DBIN_PATH=\"/usr/local/bin\" afl-gotcpu.c -o afl-gotcpu -ldl
#6 5.512 clang -O1 -fno-omit-frame-pointer -gline-tables-only -DFUZZING_BUILD_MODE_UNSAFE_FOR_PRODUCTION -Wall -D_FORTIFY_SOURCE=2 -g -Wno-pointer-sign -DAFL_PATH=\"/usr/local/lib/afl\" -DDOC_PATH=\"/usr/local/share/doc/afl\" -DBIN_PATH=\"/usr/local/bin\" afl-analyze.c -o afl-analyze -ldl
#6 5.904 clang -O1 -fno-omit-frame-pointer -gline-tables-only -DFUZZING_BUILD_MODE_UNSAFE_FOR_PRODUCTION -Wall -D_FORTIFY_SOURCE=2 -g -Wno-pointer-sign -DAFL_PATH=\"/usr/local/lib/afl\" -DDOC_PATH=\"/usr/local/share/doc/afl\" -DBIN_PATH=\"/usr/local/bin\" afl-as.c -o afl-as -ldl
#6 6.137 ln -sf afl-as as
#6 6.139 [!] Note: skipping build tests (you may need to use LLVM or QEMU mode).
#6 6.142 [+] LLVM users: see llvm_mode/README.llvm for a faster alternative to afl-gcc.
#6 6.143 [+] All done! Be sure to review README - it's pretty short and useful.
#6 DONE 6.5s

#7 [3/3] RUN apt-get update &&     apt-get install wget -y &&     wget https://raw.githubusercontent.com/llvm/llvm-project/5feb80e748924606531ba28c97fe65145c65372e/compiler-rt/lib/fuzzer/afl/afl_driver.cpp -O /afl/afl_driver.cpp &&     clang -Wno-pointer-sign -c /afl/llvm_mode/afl-llvm-rt.o.c -I/afl &&     clang++ -stdlib=libc++ -std=c++11 -O2 -c /afl/afl_driver.cpp &&     ar r /libAFL.a *.o
#7 sha256:030a377e1efbf76b02452b6daed725789360f21ec81dc28deca67bb00182f466
#7 0.726 Hit:1 http://ppa.launchpad.net/git-core/ppa/ubuntu focal InRelease
#7 0.726 Hit:2 http://archive.ubuntu.com/ubuntu focal InRelease
#7 0.744 Hit:3 http://archive.ubuntu.com/ubuntu focal-updates InRelease
#7 0.767 Hit:4 http://archive.ubuntu.com/ubuntu focal-backports InRelease
#7 0.891 Hit:5 http://security.ubuntu.com/ubuntu focal-security InRelease
#7 1.620 Reading package lists...
#7 3.106 Reading package lists...
#7 4.529 Building dependency tree...
#7 4.738 Reading state information...
#7 4.981 wget is already the newest version (1.20.3-1ubuntu2).
#7 4.981 0 upgraded, 0 newly installed, 0 to remove and 0 not upgraded.
#7 4.994 --2022-02-17 01:22:28--  https://raw.githubusercontent.com/llvm/llvm-project/5feb80e748924606531ba28c97fe65145c65372e/compiler-rt/lib/fuzzer/afl/afl_driver.cpp
#7 4.997 Resolving raw.githubusercontent.com (raw.githubusercontent.com)... 185.199.108.133, 185.199.109.133, 185.199.110.133, ...
#7 5.009 Connecting to raw.githubusercontent.com (raw.githubusercontent.com)|185.199.108.133|:443... connected.
#7 5.031 HTTP request sent, awaiting response... 200 OK
#7 5.208 Length: 9177 (9.0K) [text/plain]
#7 5.208 Saving to: '/afl/afl_driver.cpp'
#7 5.208 
#7 5.208      0K ........                                              100% 6.71M=0.001s
#7 5.209 
#7 5.209 2022-02-17 01:22:29 (6.71 MB/s) - '/afl/afl_driver.cpp' saved [9177/9177]
#7 5.209 
#7 6.976 ar: creating /libAFL.a
#7 DONE 7.2s

#8 exporting to image
#8 sha256:e8c613e07b0b7ff33893b694f7759a10d42e180f2b4dc349fb57dc6b71dcab00
#8 exporting layers done
#8 writing image sha256:db94b0c975f3dfbbce53eff2f14c01f33c928deb8681000e1f55985e024fe042 done
#8 naming to gcr.io/fuzzbench/builders/afl/mercurial_mercurial-intermediate done
#8 DONE 0.1s

#9 exporting cache
#9 sha256:2700d4ef94dee473593c5c614b55b2dedcca7893909811a8f2b48291a1f581e4
#9 preparing build cache for export done
#9 DONE 0.0s
------
 > importing cache manifest from gcr.io/fuzzbench/builders/afl/mercurial_mercurial-intermediate:
------
#1 [internal] load build definition from Dockerfile
#1 sha256:e70abb593ed6799c968e7dca53e05c157b6de0b9365fb1971f11aa4a423da67e
#1 transferring dockerfile: 2.00kB done
#1 DONE 0.0s

#2 [internal] load .dockerignore
#2 sha256:77e5e76ffe60f80fb1e544793997ba8526736709b0c0912cbc219346ff63d3ad
#2 transferring context: 34B done
#2 DONE 0.0s

#3 [internal] load metadata for docker.io/library/ubuntu:xenial
#3 sha256:f62bae18ed588840f045c881b2502661f2a89578a2f8f99b83f5200ee83dd25b
#3 DONE 0.0s

#5 [1/7] FROM docker.io/library/ubuntu:xenial
#5 sha256:14dd403f25ae9e519bd44f27dc17af7ce80f5a4f9f48ca88108364e67ec5d360
#5 DONE 0.0s

#4 importing cache manifest from gcr.io/fuzzbench/base-image
#4 sha256:9b220ebb4d4daceed1b96df9b6dca076e762f1cd612574f010b82d5b9e5ad896
#4 DONE 0.0s

#8 [internal] load build context
#8 sha256:ef7ec49dc8a29562cb7521bc03a32ae7c85ac3b28da4d72c9ab9c78ad406d6bf
#8 transferring context: 559B 0.0s done
#8 DONE 0.0s

#9 [4/7] COPY ./requirements.txt /
#9 sha256:35ed658041b0ef5f2b0fcb380f30fae1be8bf6860fa8f9edf01561b23b7f87ba
#9 CACHED

#10 [5/7] RUN pip3 install -r /requirements.txt
#10 sha256:4347c8960944e84263cbda729e2b206c3d4893b9fa86df895abd1f1a4daab55a
#10 CACHED

#6 [2/7] RUN apt-get update -y && apt-get install -y     build-essential     rsync     curl     zlib1g-dev     libncurses5-dev     libgdbm-dev     libnss3-dev     libssl-dev     libreadline-dev     libffi-dev     virtualenv     libbz2-dev     liblzma-dev     libsqlite3-dev
#6 sha256:3a1b0960f17eed529eaae93dc8fd3554f2743dd584d8fa569cdbe6bc734371ac
#6 CACHED

#7 [3/7] RUN cd /tmp/ &&     curl -O https://www.python.org/ftp/python/3.8.6/Python-3.8.6.tar.xz &&     tar -xvf Python-3.8.6.tar.xz &&     cd Python-3.8.6 &&     ./configure --enable-loadable-sqlite-extensions --enable-optimizations &&     make -j install &&     rm -r /tmp/Python-3.8.6.tar.xz /tmp/Python-3.8.6
#7 sha256:c5b9d1fb3371e84dbc60b76e7b2f8d5913bc93bcd4910ab65daa03e7b2ec4bb0
#7 CACHED

#11 [6/7] RUN apt-get update -y && apt-get install -y     apt-transport-https     lsb-release
#11 sha256:2d8a7f744e415c84be05459e0ded5e1231f9f5573b63773649ccdfd22b11a3a5
#11 CACHED

#12 [7/7] RUN CLOUD_SDK_REPO="cloud-sdk-$(lsb_release -c -s)" &&     echo "deb https://packages.cloud.google.com/apt $CLOUD_SDK_REPO main"     | tee -a /etc/apt/sources.list.d/google-cloud-sdk.list &&     curl https://packages.cloud.google.com/apt/doc/apt-key.gpg     | apt-key add - &&     apt-get update -y &&     apt-get install -y google-cloud-sdk
#12 sha256:f1d85f50a4408900aaf48cfd552b9e909ee7ef6b491e51837c8be12d7946b402
#12 CACHED

#13 exporting to image
#13 sha256:e8c613e07b0b7ff33893b694f7759a10d42e180f2b4dc349fb57dc6b71dcab00
#13 exporting layers done
#13 writing image sha256:f0a6e2c90b9429076cded82fb18e115d226dbe158d519383e4bc5f9803ae5b00 done
#13 naming to gcr.io/fuzzbench/base-image done
#13 DONE 0.0s

#14 exporting cache
#14 sha256:2700d4ef94dee473593c5c614b55b2dedcca7893909811a8f2b48291a1f581e4
#14 preparing build cache for export done
#14 DONE 0.0s
#1 [internal] load build definition from Dockerfile
#1 sha256:9d41929c37ac4b9a5025bef72d3995e4500a16d72a5a06b995b244c6ca2bffc0
#1 transferring dockerfile: 2.22kB done
#1 DONE 0.0s

#2 [internal] load .dockerignore
#2 sha256:b5d7d095b6f98493b5abf2088c75643ba45dff6de274cc930fcb74ff9369fb6e
#2 transferring context: 34B done
#2 DONE 0.0s

#4 [internal] load metadata for gcr.io/fuzzbench/base-image:latest
#4 sha256:932022888f650cc455b10eb5123bb08c0cccacac29a693e69314abbfd28a72c3
#4 DONE 0.0s

#3 [internal] load metadata for gcr.io/fuzzbench/builders/afl/mercurial_mercurial-intermediate:latest
#3 sha256:795cad0892d2c51884ffcb3bbb0a906a38b4a4ea3bb3693e723649472573a1e8
#3 DONE 0.0s

#12 [internal] load build context
#12 sha256:4ccaa63034d3153c1ea5cdb548fad5b18e50716bb9bc3b4c703ad30ed18ea716
#12 DONE 0.0s

#7 [base-image 1/1] FROM gcr.io/fuzzbench/base-image
#7 sha256:4d07825694520f8b6f6a0d8592dbd345433361ae044cb7f06706c5a95e3daaad
#7 DONE 0.0s

#6 [stage-1  1/13] FROM gcr.io/fuzzbench/builders/afl/mercurial_mercurial-intermediate
#6 sha256:afdfbda21eedcf08a420f14591420ef79059dda647625a5a969553afa8c6137e
#6 DONE 0.0s

#5 importing cache manifest from gcr.io/fuzzbench/builders/afl/mercurial_mercurial
#5 sha256:82b3bc99b041768de8805faf9d222a2d03f5474fc3ea491dbb64ae52470435ce
#5 ERROR: gcr.io/fuzzbench/builders/afl/mercurial_mercurial:latest: not found

#7 [base-image 1/1] FROM gcr.io/fuzzbench/base-image
#7 sha256:4d07825694520f8b6f6a0d8592dbd345433361ae044cb7f06706c5a95e3daaad
#7 CACHED

#12 [internal] load build context
#12 sha256:4ccaa63034d3153c1ea5cdb548fad5b18e50716bb9bc3b4c703ad30ed18ea716
#12 transferring context: 669.88kB 0.1s done
#12 DONE 0.1s

#6 [stage-1  1/13] FROM gcr.io/fuzzbench/builders/afl/mercurial_mercurial-intermediate
#6 sha256:afdfbda21eedcf08a420f14591420ef79059dda647625a5a969553afa8c6137e
#6 DONE 0.2s

#8 [stage-1  2/13] COPY --from=base-image /usr/local/bin/python3* /usr/local/bin/
#8 sha256:488f6a52f17b3e6a851648262e98046b37c25fcda0834d93badf2080e8dd1e69
#8 DONE 0.3s

#9 [stage-1  3/13] COPY --from=base-image /usr/local/lib/python3.8 /usr/local/lib/python3.8
#9 sha256:4b06451b085a30ddd53c41aaca1f3a2ecca30132b60173597eb3c6a9e94222e1
#9 DONE 15.0s

#10 [stage-1  4/13] COPY --from=base-image /usr/local/include/python3.8 /usr/local/include/python3.8
#10 sha256:3c58b903a22af15b82f1abd9ca3eeaa69000901946892409573ea73854969511
#10 DONE 0.3s

#11 [stage-1  5/13] COPY --from=base-image /usr/local/lib/python3.8/site-packages /usr/local/lib/python3.8/site-packages
#11 sha256:cf1e5e446a4f6ebf61aed647717d9e2c3565f95cb6de9cc5fb1879b28faa6dc9
#11 DONE 16.2s

#13 [stage-1  6/13] COPY fuzzers /src/fuzzers
#13 sha256:f587f9b41bb933a45824a563978b29bc7e359e11d634d852fd2308a0042b56df
#13 DONE 0.3s

#14 [stage-1  7/13] RUN touch /src/__init__.py
#14 sha256:54de06f5f7bc1bc0ef55dfcfa6e39d89c0edd7b0ab017a49387a05a978fc08d8
#14 DONE 0.4s

#15 [stage-1  8/13] COPY benchmarks/mercurial_mercurial/benchmark.yaml /
#15 sha256:dc75b240e0f525541c1b912f7c3dd80296f60c6c316e5bb1dccd1adcc2a8c8f1
#15 DONE 0.1s

#16 [stage-1  9/13] RUN mkdir /opt/fuzzbench/
#16 sha256:05c7a518235144189288968e5da892632de5240b97997fc6a14ca07e5f768dcd
#16 DONE 0.6s

#17 [stage-1 10/13] COPY docker/benchmark-builder/checkout_commit.py /opt/fuzzbench/
#17 sha256:0e1fc0ed741ce4cd16d4b6f0d32fc9bb6ce2374c58459470e8acec0eb15869e9
#17 DONE 0.2s

#18 [stage-1 11/13] RUN export CHECKOUT_COMMIT=$(cat /benchmark.yaml | tr -d ' ' | grep 'commit:' | cut -d ':' -f2) &&     python3 -u /opt/fuzzbench/checkout_commit.py $CHECKOUT_COMMIT /src
#18 sha256:2ca34c3b96cbdb6cc87d23d1d30265eea409bea4447ac7cc609df8beea10fb0d
#18 0.466 Checking out commit b64e0b81
#18 0.601 abort: unknown revision 'b64e0b81'!
#18 0.620 error: pathspec 'b64e0b81' did not match any file(s) known to git
#18 0.627 error: pathspec 'b64e0b81' did not match any file(s) known to git
#18 0.765 abort: unknown revision 'b64e0b81'!
#18 0.897 abort: unknown revision 'b64e0b81'!
#18 0.975 Checkout unsuccessful.
#18 DONE 2.9s

#19 [stage-1 12/13] RUN echo "#!/bin/bash\nPYTHONPATH=/src python3 -u -c "from fuzzers import utils; utils.initialize_env(); from fuzzers.afl import fuzzer; fuzzer.build()"" > /usr/bin/fuzzer_build &&     chmod +x /usr/bin/fuzzer_build
#19 sha256:ef17c18e59685bc7989b94a820cc3381456c38b7ca99b2393c66c8dfad0c4b4e
#19 DONE 2.3s

#20 [stage-1 13/13] RUN echo "Run fuzzer_build to build the target" && if [ -z "$debug_builder" ] ; then fuzzer_build; fi
#20 sha256:90950db6e303d95109409dd2799bc6395ee4e8e626140cf4386c3cb19ca97a41
#20 0.589 Run fuzzer_build to build the target
#20 0.707 FUZZ_TARGET = mercurial
#20 0.707 CFLAGS = -DFUZZING_BUILD_MODE_UNSAFE_FOR_PRODUCTION -pthread -Wl,--no-as-needed -Wl,-ldl -Wl,-lm -Wno-unused-command-line-argument -O3
#20 0.707 CXXFLAGS = -DFUZZING_BUILD_MODE_UNSAFE_FOR_PRODUCTION -pthread -Wl,--no-as-needed -Wl,-ldl -Wl,-lm -Wno-unused-command-line-argument -stdlib=libc++ -O3
#20 0.711 Building benchmark mercurial_mercurial with fuzzer afl
#20 0.715 + cd contrib/fuzz
#20 0.715 + make oss-fuzz
#20 0.718 clang -DFUZZING_BUILD_MODE_UNSAFE_FOR_PRODUCTION -pthread -Wl,--no-as-needed -Wl,-ldl -Wl,-lm -Wno-unused-command-line-argument -O3 -fsanitize-coverage=trace-pc-guard -c -o bdiff-oss-fuzz.o ../../mercurial/bdiff.c
#20 0.925 clang++ -DFUZZING_BUILD_MODE_UNSAFE_FOR_PRODUCTION -pthread -Wl,--no-as-needed -Wl,-ldl -Wl,-lm -Wno-unused-command-line-argument -stdlib=libc++ -O3 -fsanitize-coverage=trace-pc-guard -Wno-deprecated-register -std=c++17 -I../../mercurial bdiff.cc \
#20 0.925   bdiff-oss-fuzz.o /libAFL.a -o \
#20 0.925   $OUT/bdiff_fuzzer
#20 2.173 clang -DFUZZING_BUILD_MODE_UNSAFE_FOR_PRODUCTION -pthread -Wl,--no-as-needed -Wl,-ldl -Wl,-lm -Wno-unused-command-line-argument -O3 -fsanitize-coverage=trace-pc-guard -c -o mpatch-oss-fuzz.o ../../mercurial/mpatch.c
#20 2.375 python3 mpatch_corpus.py $OUT/mpatch_fuzzer_seed_corpus.zip
#20 2.681 Traceback (most recent call last):
#20 2.681   File "mpatch_corpus.py", line 13, in <module>
#20 2.681     from mercurial import (
#20 2.681   File "/src/mercurial/mercurial/hg.py", line 26, in <module>
#20 2.681     from . import (
#20 2.681   File "/src/mercurial/mercurial/bookmarks.py", line 20, in <module>
#20 2.681     from . import (
#20 2.681   File "/src/mercurial/mercurial/obsutil.py", line 17, in <module>
#20 2.681     from . import (
#20 2.681   File "/src/mercurial/mercurial/diffutil.py", line 14, in <module>
#20 2.681     from . import (
#20 2.681   File "/src/mercurial/mercurial/mdiff.py", line 19, in <module>
#20 2.681     from . import (
#20 2.681   File "/src/mercurial/mercurial/util.py", line 55, in <module>
#20 2.681     from .utils import (
#20 2.681   File "/src/mercurial/mercurial/utils/procutil.py", line 38, in <module>
#20 2.681     osutil = policy.importmod('osutil')
#20 2.681   File "/src/mercurial/mercurial/policy.py", line 124, in importmod
#20 2.681     return _importfrom(pn, mn)
#20 2.681   File "/src/mercurial/mercurial/policy.py", line 67, in _importfrom
#20 2.681     pkg = __import__(pkgname, globals(), fakelocals, [modname], level=1)
#20 2.681   File "/src/mercurial/mercurial/pure/osutil.py", line 10, in <module>
#20 2.681     import ctypes
#20 2.681   File "/usr/local/lib/python3.8/ctypes/__init__.py", line 7, in <module>
#20 2.681     from _ctypes import Union, Structure, Array
#20 2.681 ImportError: libffi.so.6: cannot open shared object file: No such file or directory
#20 2.697 make: *** [Makefile:32: $OUT/mpatch_fuzzer_seed_corpus.zip] Error 1
#20 2.698 Traceback (most recent call last):
#20 2.698   File "<string>", line 1, in <module>
#20 2.698   File "/src/fuzzers/afl/fuzzer.py", line 40, in build
#20 2.698     utils.build_benchmark()
#20 2.698   File "/src/fuzzers/utils.py", line 82, in build_benchmark
#20 2.699     subprocess.check_call(['/bin/bash', '-ex', build_script], env=env)
#20 2.699   File "/usr/local/lib/python3.8/subprocess.py", line 364, in check_call
#20 2.699     raise CalledProcessError(retcode, cmd)
#20 2.699 subprocess.CalledProcessError: Command '['/bin/bash', '-ex', '/src/build.sh']' returned non-zero exit status 2.
#20 ERROR: executor failed running [/bin/sh -c echo "Run fuzzer_build to build the target" && if [ -z "$debug_builder" ] ; then fuzzer_build; fi]: exit code: 1
------
 > importing cache manifest from gcr.io/fuzzbench/builders/afl/mercurial_mercurial:
------
------
 > [stage-1 13/13] RUN echo "Run fuzzer_build to build the target" && if [ -z "$debug_builder" ] ; then fuzzer_build; fi:
------
executor failed running [/bin/sh -c echo "Run fuzzer_build to build the target" && if [ -z "$debug_builder" ] ; then fuzzer_build; fi]: exit code: 1
make: *** [docker/generated.mk:2780807: .afl-mercurial_mercurial-builder] Error 1
/bin/sh: 1: source: not found
#1 [internal] load build definition from Dockerfile
#1 sha256:c9a23b6591205f3df2308782bb8e38ca7636d752d66facf153551d36cfc528ba
#1 transferring dockerfile: 32B done
#1 DONE 0.3s

#2 [internal] load .dockerignore
#2 sha256:a9f005b701044892024c009e0ad5de55e0b24e7702828f796e3f1a6291c49fd4
#2 transferring context: 2B done
#2 DONE 0.3s

#3 [internal] load metadata for gcr.io/oss-fuzz-base/base-builder:latest
#3 sha256:f10dc39cc9d418a5bc416dead31a1902b6821fdae909cd3b08f7a3fd1faba7b5
#3 DONE 0.4s

#5 [1/5] FROM gcr.io/oss-fuzz-base/base-builder@sha256:4ad017ca53699eda684c1c444948c93a4af848fe34baee3a765d3c4693fe6a56
#5 sha256:3f10b3978a3951f6e2692fa5e5890ee5a755650381dedece7198ed0b1dcdaa8c
#5 DONE 0.0s

#4 importing cache manifest from gcr.io/fuzzbench/builders/benchmark/mercurial_mercurial
#4 sha256:68f62610923dd0d5cd04c5fd52cb53a680a25e9df43d0ab56291d81df8155673
#4 DONE 0.0s

#9 [internal] load build context
#9 sha256:b0b704b4621a04da1c7e7fb20d704808ac2ad1a7ab5b2ce91b122846f01511f5
#9 transferring context: 30B done
#9 DONE 0.1s

#7 [3/5] RUN hg clone https://www.mercurial-scm.org/repo/hg mercurial
#7 sha256:94c7e8ecc8a7db1fec5ee71252f4bafa530d06a5d2028087bb6de3086b9065dd
#7 CACHED

#8 [4/5] WORKDIR mercurial
#8 sha256:748063f32710838de60d407409d723e19a81bf5ec59c576dfaf0af7805d3a830
#8 CACHED

#6 [2/5] RUN apt-get update && apt-get install -y make autoconf automake libtool   python-dev mercurial
#6 sha256:bec1d52790e11e01702c4a69fdb004ae6bc4f207437e3c4fcc765ff759f5e568
#6 CACHED

#10 [5/5] COPY build.sh /src/
#10 sha256:a8ab34c72fe06ad76e89df9c0c10afbcf971a2302bda141dabe26aef211f48d5
#10 CACHED

#11 exporting to image
#11 sha256:e8c613e07b0b7ff33893b694f7759a10d42e180f2b4dc349fb57dc6b71dcab00
#11 exporting layers done
#11 writing image sha256:d8477ad28b9771e8baadec593d53fd753ec443a6c98d81204574579f7dc5900e
#11 writing image sha256:d8477ad28b9771e8baadec593d53fd753ec443a6c98d81204574579f7dc5900e 0.0s done
#11 naming to gcr.io/fuzzbench/builders/benchmark/mercurial_mercurial done
#11 DONE 0.3s

#12 exporting cache
#12 sha256:2700d4ef94dee473593c5c614b55b2dedcca7893909811a8f2b48291a1f581e4
#12 preparing build cache for export done
#12 DONE 0.0s
#1 [internal] load build definition from builder.Dockerfile
#1 sha256:ba6175943ce52344c6ebfd73e8595c4fedee9c5e613b3ccdcbd9874a6dec9bc1
#1 transferring dockerfile: 46B done
#1 DONE 0.1s

#2 [internal] load .dockerignore
#2 sha256:0be365d9dec8eab087dcc7dd462682beaa3375f9ed03727254b4e2f946d61d96
#2 transferring context: 2B done
#2 DONE 0.1s

#3 [internal] load metadata for gcr.io/fuzzbench/builders/benchmark/mercurial_mercurial:latest
#3 sha256:35aca6c408ed1e2faf3491cf6e77ed8bc6d8122351824bffd602328e9f3a8b05
#3 DONE 0.0s

#4 importing cache manifest from gcr.io/fuzzbench/builders/afl/mercurial_mercurial-intermediate
#4 sha256:2dd505c91037b74ebb6d276fcf290c6e3e73861aeeb16527024a3ffe7587ba09
#4 DONE 0.0s

#5 [1/3] FROM gcr.io/fuzzbench/builders/benchmark/mercurial_mercurial
#5 sha256:3ca484b0eb380f1940f511cdfa5665a24c2ffee8e0934e3eaf1149400a10b898
#5 DONE 0.0s

#6 [2/3] RUN git clone https://github.com/google/AFL.git /afl &&     cd /afl &&     git checkout 61037103ae3722c8060ff7082994836a794f978e &&     AFL_NO_X86=1 make
#6 sha256:4b30fbafef23fe4852f96877bea0f0a71f036491635c60e9c36cd977534f8688
#6 CACHED

#7 [3/3] RUN apt-get update &&     apt-get install wget -y &&     wget https://raw.githubusercontent.com/llvm/llvm-project/5feb80e748924606531ba28c97fe65145c65372e/compiler-rt/lib/fuzzer/afl/afl_driver.cpp -O /afl/afl_driver.cpp &&     clang -Wno-pointer-sign -c /afl/llvm_mode/afl-llvm-rt.o.c -I/afl &&     clang++ -stdlib=libc++ -std=c++11 -O2 -c /afl/afl_driver.cpp &&     ar r /libAFL.a *.o
#7 sha256:030a377e1efbf76b02452b6daed725789360f21ec81dc28deca67bb00182f466
#7 CACHED

#8 exporting to image
#8 sha256:e8c613e07b0b7ff33893b694f7759a10d42e180f2b4dc349fb57dc6b71dcab00
#8 exporting layers done
#8 writing image sha256:db94b0c975f3dfbbce53eff2f14c01f33c928deb8681000e1f55985e024fe042 0.0s done
#8 naming to gcr.io/fuzzbench/builders/afl/mercurial_mercurial-intermediate done
#8 DONE 0.4s

#9 exporting cache
#9 sha256:2700d4ef94dee473593c5c614b55b2dedcca7893909811a8f2b48291a1f581e4
#9 preparing build cache for export done
#9 DONE 0.0s
#1 [internal] load build definition from Dockerfile
#1 sha256:841f3e6bca0c3251d83c4da23c37031b6dcafc9b6ba5994b2511d11e8c53dc92
#1 transferring dockerfile: 2.00kB done
#1 DONE 0.1s

#2 [internal] load .dockerignore
#2 sha256:918f8bfa1b0acb92a5b2a026cfbf51759f76a08182cb4ab2d9179969edcbbc0f
#2 transferring context: 34B done
#2 DONE 0.1s

#3 [internal] load metadata for docker.io/library/ubuntu:xenial
#3 sha256:f62bae18ed588840f045c881b2502661f2a89578a2f8f99b83f5200ee83dd25b
#3 DONE 0.0s

#5 [1/7] FROM docker.io/library/ubuntu:xenial
#5 sha256:14dd403f25ae9e519bd44f27dc17af7ce80f5a4f9f48ca88108364e67ec5d360
#5 DONE 0.0s

#4 importing cache manifest from gcr.io/fuzzbench/base-image
#4 sha256:9b220ebb4d4daceed1b96df9b6dca076e762f1cd612574f010b82d5b9e5ad896
#4 DONE 0.0s

#8 [internal] load build context
#8 sha256:14fa08d42dec48eca2df3a5a7d3b480e07e0f344e5c3f0c321d45e192a582b75
#8 transferring context: 559B 0.0s done
#8 DONE 0.1s

#10 [5/7] RUN pip3 install -r /requirements.txt
#10 sha256:011870e04a1f1233042c42ab90fa79994a54db1a96db6d6f720b88cddda73c9f
#10 CACHED

#11 [6/7] RUN apt-get update -y && apt-get install -y     apt-transport-https     lsb-release
#11 sha256:88dec167c1bcc6e7644c503c76bbcbd4d185aba061299cd86c1b6eec1e437c41
#11 CACHED

#6 [2/7] RUN apt-get update -y && apt-get install -y     build-essential     rsync     curl     zlib1g-dev     libncurses5-dev     libgdbm-dev     libnss3-dev     libssl-dev     libreadline-dev     libffi-dev     virtualenv     libbz2-dev     liblzma-dev     libsqlite3-dev
#6 sha256:3a1b0960f17eed529eaae93dc8fd3554f2743dd584d8fa569cdbe6bc734371ac
#6 CACHED

#7 [3/7] RUN cd /tmp/ &&     curl -O https://www.python.org/ftp/python/3.8.6/Python-3.8.6.tar.xz &&     tar -xvf Python-3.8.6.tar.xz &&     cd Python-3.8.6 &&     ./configure --enable-loadable-sqlite-extensions --enable-optimizations &&     make -j install &&     rm -r /tmp/Python-3.8.6.tar.xz /tmp/Python-3.8.6
#7 sha256:c5b9d1fb3371e84dbc60b76e7b2f8d5913bc93bcd4910ab65daa03e7b2ec4bb0
#7 CACHED

#9 [4/7] COPY ./requirements.txt /
#9 sha256:98eb2cdb1d42fa88c0a5bdd4cbcedd53ab929105feec1041dab64f727dfec11a
#9 CACHED

#12 [7/7] RUN CLOUD_SDK_REPO="cloud-sdk-$(lsb_release -c -s)" &&     echo "deb https://packages.cloud.google.com/apt $CLOUD_SDK_REPO main"     | tee -a /etc/apt/sources.list.d/google-cloud-sdk.list &&     curl https://packages.cloud.google.com/apt/doc/apt-key.gpg     | apt-key add - &&     apt-get update -y &&     apt-get install -y google-cloud-sdk
#12 sha256:141272fb6ef022c71c947e582c121982329663c33e7d47a1fefa96e813dcda9d
#12 CACHED

#13 exporting to image
#13 sha256:e8c613e07b0b7ff33893b694f7759a10d42e180f2b4dc349fb57dc6b71dcab00
#13 exporting layers done
#13 writing image sha256:f0a6e2c90b9429076cded82fb18e115d226dbe158d519383e4bc5f9803ae5b00 0.0s done
#13 naming to gcr.io/fuzzbench/base-image done
#13 DONE 0.1s

#14 exporting cache
#14 sha256:2700d4ef94dee473593c5c614b55b2dedcca7893909811a8f2b48291a1f581e4
#14 preparing build cache for export done
#14 DONE 0.0s
#1 [internal] load build definition from Dockerfile
#1 sha256:475ac4cd01e9e009e1366919630499b62ac5fc0aaa309396895c59637b2999f1
#1 transferring dockerfile: 2.22kB done
#1 DONE 0.0s

#2 [internal] load .dockerignore
#2 sha256:b5b8603d2bd364909bd3095a8325e957b2813fe70819bfef6c8c2e037bb50c33
#2 transferring context: 34B done
#2 DONE 0.0s

#4 [internal] load metadata for gcr.io/fuzzbench/base-image:latest
#4 sha256:932022888f650cc455b10eb5123bb08c0cccacac29a693e69314abbfd28a72c3
#4 DONE 0.0s

#3 [internal] load metadata for gcr.io/fuzzbench/builders/afl/mercurial_mercurial-intermediate:latest
#3 sha256:795cad0892d2c51884ffcb3bbb0a906a38b4a4ea3bb3693e723649472573a1e8
#3 DONE 0.0s

#12 [internal] load build context
#12 sha256:1eaafe73957424a60b11a3ded7e7f58d5b025359bddaccf3fb5eea269401d6e8
#12 DONE 0.0s

#7 [base-image 1/1] FROM gcr.io/fuzzbench/base-image
#7 sha256:4d07825694520f8b6f6a0d8592dbd345433361ae044cb7f06706c5a95e3daaad
#7 DONE 0.0s

#6 [stage-1  1/13] FROM gcr.io/fuzzbench/builders/afl/mercurial_mercurial-intermediate
#6 sha256:afdfbda21eedcf08a420f14591420ef79059dda647625a5a969553afa8c6137e
#6 DONE 0.0s

#5 importing cache manifest from gcr.io/fuzzbench/builders/afl/mercurial_mercurial
#5 sha256:82b3bc99b041768de8805faf9d222a2d03f5474fc3ea491dbb64ae52470435ce
#5 ERROR: gcr.io/fuzzbench/builders/afl/mercurial_mercurial:latest: not found

#12 [internal] load build context
#12 sha256:1eaafe73957424a60b11a3ded7e7f58d5b025359bddaccf3fb5eea269401d6e8
#12 transferring context: 669.88kB 0.1s done
#12 DONE 0.3s

#9 [stage-1  3/13] COPY --from=base-image /usr/local/lib/python3.8 /usr/local/lib/python3.8
#9 sha256:4b06451b085a30ddd53c41aaca1f3a2ecca30132b60173597eb3c6a9e94222e1
#9 CACHED

#11 [stage-1  5/13] COPY --from=base-image /usr/local/lib/python3.8/site-packages /usr/local/lib/python3.8/site-packages
#11 sha256:cf1e5e446a4f6ebf61aed647717d9e2c3565f95cb6de9cc5fb1879b28faa6dc9
#11 CACHED

#8 [stage-1  2/13] COPY --from=base-image /usr/local/bin/python3* /usr/local/bin/
#8 sha256:488f6a52f17b3e6a851648262e98046b37c25fcda0834d93badf2080e8dd1e69
#8 CACHED

#14 [stage-1  7/13] RUN touch /src/__init__.py
#14 sha256:0e8ad993c9a09ab6c1456894269193bb9382a56894ee38155ea0c751735751a7
#14 CACHED

#16 [stage-1  9/13] RUN mkdir /opt/fuzzbench/
#16 sha256:1ab58d40da8353736ffdfaf00e6a3274aedccb486a7a700d18804633b5ef9dfe
#16 CACHED

#17 [stage-1 10/13] COPY docker/benchmark-builder/checkout_commit.py /opt/fuzzbench/
#17 sha256:1191786a03f4c2676855bd01e66010262ae11c7110ac03adc1e5e089263212a1
#17 CACHED

#18 [stage-1 11/13] RUN export CHECKOUT_COMMIT=$(cat /benchmark.yaml | tr -d ' ' | grep 'commit:' | cut -d ':' -f2) &&     python3 -u /opt/fuzzbench/checkout_commit.py $CHECKOUT_COMMIT /src
#18 sha256:b356aa46e2bc9ffd5f96e7d4eeab46895e1858a0c554fc6a5104e55ef038ba21
#18 CACHED

#15 [stage-1  8/13] COPY benchmarks/mercurial_mercurial/benchmark.yaml /
#15 sha256:67ea4473dee506ebfc75756690bb96ae40dda35e53ad1a8f1f6c7231579be079
#15 CACHED

#10 [stage-1  4/13] COPY --from=base-image /usr/local/include/python3.8 /usr/local/include/python3.8
#10 sha256:3c58b903a22af15b82f1abd9ca3eeaa69000901946892409573ea73854969511
#10 CACHED

#13 [stage-1  6/13] COPY fuzzers /src/fuzzers
#13 sha256:8494f62ff0cc8b3a927868582e9aa8bc0903fd2e25adf9ac4b938e4381c4a747
#13 CACHED

#19 [stage-1 12/13] RUN echo "#!/bin/bash\nPYTHONPATH=/src python3 -u -c "from fuzzers import utils; utils.initialize_env(); from fuzzers.afl import fuzzer; fuzzer.build()"" > /usr/bin/fuzzer_build &&     chmod +x /usr/bin/fuzzer_build
#19 sha256:c47eec44043bb70a81b31df38c6473fdd00a954b5dcadd5b80f840d5cd15dd19
#19 CACHED

#20 [stage-1 13/13] RUN echo "Run fuzzer_build to build the target" && if [ -z "$debug_builder" ] ; then fuzzer_build; fi
#20 sha256:65addc3d19cda27b101737ff084670ba100e1a0a1482e630a94cdb00aed04742
#20 0.504 Run fuzzer_build to build the target
#20 0.625 FUZZ_TARGET = mercurial
#20 0.625 CFLAGS = -DFUZZING_BUILD_MODE_UNSAFE_FOR_PRODUCTION -pthread -Wl,--no-as-needed -Wl,-ldl -Wl,-lm -Wno-unused-command-line-argument -O3
#20 0.625 CXXFLAGS = -DFUZZING_BUILD_MODE_UNSAFE_FOR_PRODUCTION -pthread -Wl,--no-as-needed -Wl,-ldl -Wl,-lm -Wno-unused-command-line-argument -stdlib=libc++ -O3
#20 0.629 Building benchmark mercurial_mercurial with fuzzer afl
#20 0.633 + cd contrib/fuzz
#20 0.633 + make oss-fuzz
#20 0.636 clang -DFUZZING_BUILD_MODE_UNSAFE_FOR_PRODUCTION -pthread -Wl,--no-as-needed -Wl,-ldl -Wl,-lm -Wno-unused-command-line-argument -O3 -fsanitize-coverage=trace-pc-guard -c -o bdiff-oss-fuzz.o ../../mercurial/bdiff.c
#20 0.848 clang++ -DFUZZING_BUILD_MODE_UNSAFE_FOR_PRODUCTION -pthread -Wl,--no-as-needed -Wl,-ldl -Wl,-lm -Wno-unused-command-line-argument -stdlib=libc++ -O3 -fsanitize-coverage=trace-pc-guard -Wno-deprecated-register -std=c++17 -I../../mercurial bdiff.cc \
#20 0.848   bdiff-oss-fuzz.o /libAFL.a -o \
#20 0.848   $OUT/bdiff_fuzzer
#20 2.105 clang -DFUZZING_BUILD_MODE_UNSAFE_FOR_PRODUCTION -pthread -Wl,--no-as-needed -Wl,-ldl -Wl,-lm -Wno-unused-command-line-argument -O3 -fsanitize-coverage=trace-pc-guard -c -o mpatch-oss-fuzz.o ../../mercurial/mpatch.c
#20 2.316 python3 mpatch_corpus.py $OUT/mpatch_fuzzer_seed_corpus.zip
#20 2.614 Traceback (most recent call last):
#20 2.614   File "mpatch_corpus.py", line 13, in <module>
#20 2.614     from mercurial import (
#20 2.614   File "/src/mercurial/mercurial/hg.py", line 26, in <module>
#20 2.614     from . import (
#20 2.614   File "/src/mercurial/mercurial/bookmarks.py", line 20, in <module>
#20 2.614     from . import (
#20 2.614   File "/src/mercurial/mercurial/obsutil.py", line 17, in <module>
#20 2.614     from . import (
#20 2.614   File "/src/mercurial/mercurial/diffutil.py", line 14, in <module>
#20 2.614     from . import (
#20 2.614   File "/src/mercurial/mercurial/mdiff.py", line 19, in <module>
#20 2.614     from . import (
#20 2.614   File "/src/mercurial/mercurial/util.py", line 55, in <module>
#20 2.614     from .utils import (
#20 2.614   File "/src/mercurial/mercurial/utils/procutil.py", line 38, in <module>
#20 2.614     osutil = policy.importmod('osutil')
#20 2.614   File "/src/mercurial/mercurial/policy.py", line 124, in importmod
#20 2.614     return _importfrom(pn, mn)
#20 2.614   File "/src/mercurial/mercurial/policy.py", line 67, in _importfrom
#20 2.614     pkg = __import__(pkgname, globals(), fakelocals, [modname], level=1)
#20 2.614   File "/src/mercurial/mercurial/pure/osutil.py", line 10, in <module>
#20 2.614     import ctypes
#20 2.614   File "/usr/local/lib/python3.8/ctypes/__init__.py", line 7, in <module>
#20 2.614     from _ctypes import Union, Structure, Array
#20 2.614 ImportError: libffi.so.6: cannot open shared object file: No such file or directory
#20 2.630 make: *** [Makefile:32: $OUT/mpatch_fuzzer_seed_corpus.zip] Error 1
#20 2.631 Traceback (most recent call last):
#20 2.631   File "<string>", line 1, in <module>
#20 2.631   File "/src/fuzzers/afl/fuzzer.py", line 40, in build
#20 2.632     utils.build_benchmark()
#20 2.632   File "/src/fuzzers/utils.py", line 82, in build_benchmark
#20 2.632     subprocess.check_call(['/bin/bash', '-ex', build_script], env=env)
#20 2.632   File "/usr/local/lib/python3.8/subprocess.py", line 364, in check_call
#20 2.632     raise CalledProcessError(retcode, cmd)
#20 2.632 subprocess.CalledProcessError: Command '['/bin/bash', '-ex', '/src/build.sh']' returned non-zero exit status 2.
#20 ERROR: executor failed running [/bin/sh -c echo "Run fuzzer_build to build the target" && if [ -z "$debug_builder" ] ; then fuzzer_build; fi]: exit code: 1
------
 > importing cache manifest from gcr.io/fuzzbench/builders/afl/mercurial_mercurial:
------
------
 > [stage-1 13/13] RUN echo "Run fuzzer_build to build the target" && if [ -z "$debug_builder" ] ; then fuzzer_build; fi:
------
executor failed running [/bin/sh -c echo "Run fuzzer_build to build the target" && if [ -z "$debug_builder" ] ; then fuzzer_build; fi]: exit code: 1
make: *** [docker/generated.mk:2780807: .afl-mercurial_mercurial-builder] Error 1
