WARNING:root:gcloud not found in PATH.
INFO:root:Successfully integrated benchmark: bloaty_bloaty.
INFO:root:Please run "make test-run-afl-bloaty_bloaty" to test integration.
#1 [internal] load build definition from Dockerfile
#1 sha256:6318a4868272624a75c911ba8a37b3f8bf575cf5f464a0681b22166f83e247aa
#1 transferring dockerfile: 904B done
#1 DONE 0.0s

#2 [internal] load .dockerignore
#2 sha256:72974cb841c4fc7ef2e7e6cd14e8650b25d7b0b8c06002d586254f093874076c
#2 transferring context: 2B done
#2 DONE 0.0s

#3 [internal] load metadata for gcr.io/oss-fuzz-base/base-builder:latest
#3 sha256:f10dc39cc9d418a5bc416dead31a1902b6821fdae909cd3b08f7a3fd1faba7b5
#3 DONE 0.4s

#9 [internal] load build context
#9 sha256:dd3fce23bcf655d0d41fadc3bd5e1191290d921ac517dbb1307f51d9967257ee
#9 DONE 0.0s

#5 [1/5] FROM gcr.io/oss-fuzz-base/base-builder@sha256:f4e5ea12494fab091c5d830cf803b3421f2860f729b9d1b07da44924396cf8cf
#5 sha256:ef290950573a2779ee526af357b28fbddfc20d7409aa51f58f777c9e972cba29
#5 DONE 0.0s

#4 importing cache manifest from gcr.io/fuzzbench/builders/benchmark/bloaty_bloaty
#4 sha256:b7aa0be7cb2f342e6cf502669c40f13f41527c482d942d42adddb668e361a316
#4 ERROR: gcr.io/fuzzbench/builders/benchmark/bloaty_bloaty:latest: not found

#9 [internal] load build context
#9 sha256:dd3fce23bcf655d0d41fadc3bd5e1191290d921ac517dbb1307f51d9967257ee
#9 transferring context: 30B done
#9 DONE 0.0s

#6 [2/5] RUN apt-get update && apt-get install -y cmake ninja-build g++
#6 sha256:dc3bc3ffcd325de26412a694a8944fd0393d8e118bcf05c25932b0dbf83b1338
#6 CACHED

#7 [3/5] RUN git clone --depth 1 https://github.com/google/bloaty.git bloaty
#7 sha256:711b050ff5646e79a91c08d41374bbbea9ed8e7fe5dd645cb48ffc3920bb9e04
#7 CACHED

#8 [4/5] WORKDIR bloaty
#8 sha256:42b05e7c322f3aa6e298578c0e216bd71ec9b1e355080787919b1e08ff4a873e
#8 CACHED

#10 [5/5] COPY build.sh /src/
#10 sha256:102e323078c4094bb9c9cf2d81cc5d77f1a0f469619e5332f64b4d29f42c9fd2
#10 CACHED

#11 exporting to image
#11 sha256:e8c613e07b0b7ff33893b694f7759a10d42e180f2b4dc349fb57dc6b71dcab00
#11 exporting layers done
#11 writing image sha256:1a289ef2a62e51064156d599eab253c15d07dfa310a960ce563c9b789988875c done
#11 naming to gcr.io/fuzzbench/builders/benchmark/bloaty_bloaty
#11 naming to gcr.io/fuzzbench/builders/benchmark/bloaty_bloaty done
#11 DONE 0.1s

#12 exporting cache
#12 sha256:2700d4ef94dee473593c5c614b55b2dedcca7893909811a8f2b48291a1f581e4
#12 preparing build cache for export done
#12 DONE 0.0s
------
 > importing cache manifest from gcr.io/fuzzbench/builders/benchmark/bloaty_bloaty:
------
#1 [internal] load build definition from builder.Dockerfile
#1 sha256:ca6945d9888722fd276203a3c02e13c67ab9e87c6c1c5eae033cbca4d4e8a924
#1 transferring dockerfile: 46B done
#1 DONE 0.0s

#2 [internal] load .dockerignore
#2 sha256:1aa635b0e236f281b6a5badfe4656c0eb79c8febdbee5fb224683691609d9515
#2 transferring context: 2B done
#2 DONE 0.0s

#3 [internal] load metadata for gcr.io/fuzzbench/builders/benchmark/bloaty_bloaty:latest
#3 sha256:5ca45e47aa4a63dc7020fcc3e34584f7b001e78567410d2d068068db768e7aa8
#3 DONE 0.0s

#5 [1/3] FROM gcr.io/fuzzbench/builders/benchmark/bloaty_bloaty
#5 sha256:0d85986fe63012022a6b4fa0f55bac4442646bd250e5b22e33feb55d78a5ab2d
#5 DONE 0.0s

#4 importing cache manifest from gcr.io/fuzzbench/builders/afl/bloaty_bloaty-intermediate
#4 sha256:3c2a6ec70b27d0d8404b168e9175d8680eb414f5cd6fa9acc9e428add7f3659f
#4 ERROR: gcr.io/fuzzbench/builders/afl/bloaty_bloaty-intermediate:latest: not found

#6 [2/3] RUN git clone https://github.com/google/AFL.git /afl &&     cd /afl &&     git checkout 61037103ae3722c8060ff7082994836a794f978e &&     AFL_NO_X86=1 make
#6 sha256:4dbdb50a6028702636b7ee363ca56f949ded7e8dac20ba3fca2cdd60d21d4f08
#6 CACHED

#7 [3/3] RUN apt-get update &&     apt-get install wget -y &&     wget https://raw.githubusercontent.com/llvm/llvm-project/5feb80e748924606531ba28c97fe65145c65372e/compiler-rt/lib/fuzzer/afl/afl_driver.cpp -O /afl/afl_driver.cpp &&     clang -Wno-pointer-sign -c /afl/llvm_mode/afl-llvm-rt.o.c -I/afl &&     clang++ -stdlib=libc++ -std=c++11 -O2 -c /afl/afl_driver.cpp &&     ar r /libAFL.a *.o
#7 sha256:8ffeed4b35fdad864a27419b7366c881f098a0a50480a86ca40fb35928d900e7
#7 CACHED

#8 exporting to image
#8 sha256:e8c613e07b0b7ff33893b694f7759a10d42e180f2b4dc349fb57dc6b71dcab00
#8 exporting layers done
#8 writing image sha256:f8883f4e5803004a7af3897bb2c8d639094c90ca5349f528fe450771c10beebb done
#8 naming to gcr.io/fuzzbench/builders/afl/bloaty_bloaty-intermediate done
#8 DONE 0.1s

#9 exporting cache
#9 sha256:2700d4ef94dee473593c5c614b55b2dedcca7893909811a8f2b48291a1f581e4
#9 preparing build cache for export done
#9 DONE 0.0s
------
 > importing cache manifest from gcr.io/fuzzbench/builders/afl/bloaty_bloaty-intermediate:
------
#1 [internal] load build definition from Dockerfile
#1 sha256:a8abf7ea0bc480f9f61cc31d635dc65c71a4559ee8293b120e95bc3f782af1ef
#1 transferring dockerfile: 2.00kB done
#1 DONE 0.0s

#2 [internal] load .dockerignore
#2 sha256:d271b3421d655f20b5aae7abb864710c45f33768f4ead78eadb51dcf6cd334bf
#2 transferring context: 34B done
#2 DONE 0.0s

#3 [internal] load metadata for docker.io/library/ubuntu:xenial
#3 sha256:f62bae18ed588840f045c881b2502661f2a89578a2f8f99b83f5200ee83dd25b
#3 DONE 0.0s

#5 [1/7] FROM docker.io/library/ubuntu:xenial
#5 sha256:14dd403f25ae9e519bd44f27dc17af7ce80f5a4f9f48ca88108364e67ec5d360
#5 DONE 0.0s

#4 importing cache manifest from gcr.io/fuzzbench/base-image
#4 sha256:9b220ebb4d4daceed1b96df9b6dca076e762f1cd612574f010b82d5b9e5ad896
#4 DONE 0.0s

#8 [internal] load build context
#8 sha256:7b1a89e7e90d3e6088b35232f20575d8edba1d94e6f590d135d297fd3c5c5b26
#8 transferring context: 559B 0.0s done
#8 DONE 0.0s

#10 [5/7] RUN pip3 install -r /requirements.txt
#10 sha256:85a067455c59cfc81ff1b4328d04d0c795d73c77382dc8471c0f34ed78581c1a
#10 CACHED

#7 [3/7] RUN cd /tmp/ &&     curl -O https://www.python.org/ftp/python/3.8.6/Python-3.8.6.tar.xz &&     tar -xvf Python-3.8.6.tar.xz &&     cd Python-3.8.6 &&     ./configure --enable-loadable-sqlite-extensions --enable-optimizations &&     make -j install &&     rm -r /tmp/Python-3.8.6.tar.xz /tmp/Python-3.8.6
#7 sha256:c5b9d1fb3371e84dbc60b76e7b2f8d5913bc93bcd4910ab65daa03e7b2ec4bb0
#7 CACHED

#9 [4/7] COPY ./requirements.txt /
#9 sha256:903323d176d19baafaece4a6d65743a9d8434ebf4f0e3042f9335074b7d9fc49
#9 CACHED

#6 [2/7] RUN apt-get update -y && apt-get install -y     build-essential     rsync     curl     zlib1g-dev     libncurses5-dev     libgdbm-dev     libnss3-dev     libssl-dev     libreadline-dev     libffi-dev     virtualenv     libbz2-dev     liblzma-dev     libsqlite3-dev
#6 sha256:3a1b0960f17eed529eaae93dc8fd3554f2743dd584d8fa569cdbe6bc734371ac
#6 CACHED

#11 [6/7] RUN apt-get update -y && apt-get install -y     apt-transport-https     lsb-release
#11 sha256:b41408b91218d9926ab65903dca911bc99e55f01c25236de82a7b39955fb30d7
#11 CACHED

#12 [7/7] RUN CLOUD_SDK_REPO="cloud-sdk-$(lsb_release -c -s)" &&     echo "deb https://packages.cloud.google.com/apt $CLOUD_SDK_REPO main"     | tee -a /etc/apt/sources.list.d/google-cloud-sdk.list &&     curl https://packages.cloud.google.com/apt/doc/apt-key.gpg     | apt-key add - &&     apt-get update -y &&     apt-get install -y google-cloud-sdk
#12 sha256:48bc875e13024112021a8bae4f79c5a5488e6a0a2f75bce69c5e6e7e56eb4d4f
#12 CACHED

#13 exporting to image
#13 sha256:e8c613e07b0b7ff33893b694f7759a10d42e180f2b4dc349fb57dc6b71dcab00
#13 exporting layers done
#13 writing image sha256:1b41dae4427763f93f7c63356068c8d0b6b6eda4730248e26cddeebab7c25a95 done
#13 naming to gcr.io/fuzzbench/base-image done
#13 DONE 0.0s

#14 exporting cache
#14 sha256:2700d4ef94dee473593c5c614b55b2dedcca7893909811a8f2b48291a1f581e4
#14 preparing build cache for export done
#14 DONE 0.0s
#1 [internal] load build definition from Dockerfile
#1 sha256:cfbd2f9b6472edaa584e3eaf97d8b997db5db0450b6a6ad3643e625c753a0f85
#1 transferring dockerfile: 2.22kB done
#1 DONE 0.0s

#2 [internal] load .dockerignore
#2 sha256:10967967056c5847a061ed97a2981772f95c24d5e10970f0052cd94144f6ceea
#2 transferring context: 34B done
#2 DONE 0.0s

#4 [internal] load metadata for gcr.io/fuzzbench/base-image:latest
#4 sha256:932022888f650cc455b10eb5123bb08c0cccacac29a693e69314abbfd28a72c3
#4 DONE 0.0s

#3 [internal] load metadata for gcr.io/fuzzbench/builders/afl/bloaty_bloaty-intermediate:latest
#3 sha256:136fd587a10bfdcd02deaacfea788b613d9147c4de32a3cdd90e0fce72ed3bc9
#3 DONE 0.0s

#12 [internal] load build context
#12 sha256:0cf9ea85652a805377988c6028938c72c2f2e8b02be304b680b57dec7327bcce
#12 DONE 0.0s

#7 [base-image 1/1] FROM gcr.io/fuzzbench/base-image
#7 sha256:4d07825694520f8b6f6a0d8592dbd345433361ae044cb7f06706c5a95e3daaad
#7 DONE 0.0s

#6 [stage-1  1/13] FROM gcr.io/fuzzbench/builders/afl/bloaty_bloaty-intermediate
#6 sha256:f41f67ccf5593cc552c44ddafc0c3172a1b52abc25df7cb99fddedd29db8271a
#6 DONE 0.0s

#5 importing cache manifest from gcr.io/fuzzbench/builders/afl/bloaty_bloaty
#5 sha256:1da0833708728e9bc7f8c4845bd446bc48493b3fa07696a3cba692c1ca9b4243
#5 ERROR: gcr.io/fuzzbench/builders/afl/bloaty_bloaty:latest: not found

#12 [internal] load build context
#12 sha256:0cf9ea85652a805377988c6028938c72c2f2e8b02be304b680b57dec7327bcce
#12 transferring context: 669.86kB 0.1s done
#12 DONE 0.1s

#10 [stage-1  4/13] COPY --from=base-image /usr/local/include/python3.8 /usr/local/include/python3.8
#10 sha256:797db143817eecc24ba0fed317d060125efc234b2122b7e464631d47c2d24c27
#10 CACHED

#11 [stage-1  5/13] COPY --from=base-image /usr/local/lib/python3.8/site-packages /usr/local/lib/python3.8/site-packages
#11 sha256:d5c3fb4c4bb68c05f50ab6064d6c8f32f1a75f70277e7d180e8b9cae25bd3458
#11 CACHED

#13 [stage-1  6/13] COPY fuzzers /src/fuzzers
#13 sha256:f886367321d3eb72ffa189788d5aa00b9caa3b295b0e425f83ccc93cf6cef850
#13 CACHED

#8 [stage-1  2/13] COPY --from=base-image /usr/local/bin/python3* /usr/local/bin/
#8 sha256:0fa1c86b016064b8a809a5f12f64fc9ae7c109a4a81144e94c2129ceb6542f6b
#8 CACHED

#9 [stage-1  3/13] COPY --from=base-image /usr/local/lib/python3.8 /usr/local/lib/python3.8
#9 sha256:b462d4e5911566fe2018d00d5206a52ac99954e8dd37bb7808b280346a97d6e1
#9 CACHED

#14 [stage-1  7/13] RUN touch /src/__init__.py
#14 sha256:e6cd73418eed0e13d61921994c3a16d524d6b54d6800e9ca58b8d3a445e251ef
#14 CACHED

#15 [stage-1  8/13] COPY benchmarks/bloaty_bloaty/benchmark.yaml /
#15 sha256:970b25c429bbd67a54a7bd6750faa34da1cb8f22dc139e2402da0e49f0fee3cd
#15 DONE 0.1s

#16 [stage-1  9/13] RUN mkdir /opt/fuzzbench/
#16 sha256:00508ba81f76a6555a2450ad988d4afeee3c158ad095ca6ee5a3b4a13bbbaeba
#16 DONE 0.4s

#17 [stage-1 10/13] COPY docker/benchmark-builder/checkout_commit.py /opt/fuzzbench/
#17 sha256:950d894b65b1b9ad191e38a9e05c3bd2e00d3874a1e84080cebfcfd7728baaca
#17 DONE 0.1s

#18 [stage-1 11/13] RUN export CHECKOUT_COMMIT=$(cat /benchmark.yaml | tr -d ' ' | grep 'commit:' | cut -d ':' -f2) &&     python3 -u /opt/fuzzbench/checkout_commit.py $CHECKOUT_COMMIT /src
#18 sha256:658642493439c8fa7f669ee7c7923d586affd27def8c60c79e25c7cf1b0d08ab
#18 0.486 Checking out commit 1d5a2cd8
#18 2.396 From https://github.com/google/bloaty
#18 2.396  * [new tag]         v1.0       -> v1.0
#18 2.396  * [new tag]         v1.1       -> v1.1
#18 2.430 error: pathspec '1d5a2cd8' did not match any file(s) known to git
#18 2.435 error: pathspec '1d5a2cd8' did not match any file(s) known to git
#18 2.441 error: pathspec '1d5a2cd8' did not match any file(s) known to git
#18 2.474 error: pathspec '1d5a2cd8' did not match any file(s) known to git
#18 2.488 Checkout unsuccessful.
#18 DONE 2.6s

#19 [stage-1 12/13] RUN echo "#!/bin/bash\nPYTHONPATH=/src python3 -u -c "from fuzzers import utils; utils.initialize_env(); from fuzzers.afl import fuzzer; fuzzer.build()"" > /usr/bin/fuzzer_build &&     chmod +x /usr/bin/fuzzer_build
#19 sha256:14fa99073815b221a8d1ce4722bd53a427946ca855fe70151a5eaeb23847f149
#19 DONE 0.5s

#20 [stage-1 13/13] RUN echo "Run fuzzer_build to build the target" && if [ -z "$debug_builder" ] ; then fuzzer_build; fi
#20 sha256:a82a76ce6decd2d87fa43aa722e232192f1cfb9150da1b111c3649442e1cb08d
#20 0.473 Run fuzzer_build to build the target
#20 0.586 FUZZ_TARGET = bloaty
#20 0.586 CFLAGS = -DFUZZING_BUILD_MODE_UNSAFE_FOR_PRODUCTION -pthread -Wl,--no-as-needed -Wl,-ldl -Wl,-lm -Wno-unused-command-line-argument -O3
#20 0.586 CXXFLAGS = -DFUZZING_BUILD_MODE_UNSAFE_FOR_PRODUCTION -pthread -Wl,--no-as-needed -Wl,-ldl -Wl,-lm -Wno-unused-command-line-argument -stdlib=libc++ -O3
#20 0.590 Building benchmark bloaty_bloaty with fuzzer afl
#20 0.594 + cd /work
#20 0.594 + cmake -G Ninja -DBUILD_TESTING=false /src/bloaty
#20 0.789 -- The C compiler identification is Clang 14.0.0
#20 1.034 -- The CXX compiler identification is Clang 14.0.0
#20 1.045 -- Detecting C compiler ABI info
#20 1.193 -- Detecting C compiler ABI info - done
#20 1.240 -- Check for working C compiler: /usr/local/bin/clang - skipped
#20 1.241 -- Detecting C compile features
#20 1.242 -- Detecting C compile features - done
#20 1.248 -- Detecting CXX compiler ABI info
#20 1.434 -- Detecting CXX compiler ABI info - done
#20 1.497 -- Check for working CXX compiler: /usr/local/bin/clang++ - skipped
#20 1.497 -- Detecting CXX compile features
#20 1.498 -- Detecting CXX compile features - done
#20 1.503 -- Could NOT find PkgConfig (missing: PKG_CONFIG_EXECUTABLE) 
#20 1.517 -- Could NOT find ZLIB (missing: ZLIB_LIBRARY ZLIB_INCLUDE_DIR) 
#20 1.517 -- Checking for one of the modules 're2'
#20 1.518 -- Checking for one of the modules 'capstone'
#20 1.518 -- Checking for one of the modules 'protobuf'
#20 1.519 -- System re2 not found, using bundled version
#20 1.519 -- System capstone not found, using bundled version
#20 1.519 -- System protobuf not found, using bundled version
#20 1.519 -- System zlib not found, using bundled version
#20 1.519 -- Setting build type to 'RelWithDebInfo' as none was specified.
#20 1.557 Submodule 'third_party/abseil-cpp' (https://github.com/abseil/abseil-cpp.git) registered for path 'third_party/abseil-cpp'
#20 1.558 Submodule 'third_party/capstone' (https://github.com/aquynh/capstone.git) registered for path 'third_party/capstone'
#20 1.559 Submodule 'third_party/demumble' (https://github.com/nico/demumble.git) registered for path 'third_party/demumble'
#20 1.559 Submodule 'third_party/googletest' (https://github.com/google/googletest.git) registered for path 'third_party/googletest'
#20 1.560 Submodule 'third_party/protobuf' (https://github.com/protocolbuffers/protobuf.git) registered for path 'third_party/protobuf'
#20 1.561 Submodule 'third_party/re2' (https://github.com/google/re2) registered for path 'third_party/re2'
#20 1.562 Submodule 'third_party/zlib' (https://github.com/madler/zlib) registered for path 'third_party/zlib'
#20 1.569 Cloning into '/src/bloaty/third_party/abseil-cpp'...
#20 3.384 Cloning into '/src/bloaty/third_party/capstone'...
#20 9.798 Cloning into '/src/bloaty/third_party/demumble'...
#20 10.48 Cloning into '/src/bloaty/third_party/googletest'...
#20 12.67 Cloning into '/src/bloaty/third_party/protobuf'...
#20 23.51 Cloning into '/src/bloaty/third_party/re2'...
#20 24.61 Cloning into '/src/bloaty/third_party/zlib'...
#20 30.38 Submodule path 'third_party/abseil-cpp': checked out '5dd240724366295970c613ed23d0092bcf392f18'
#20 30.73 Submodule path 'third_party/capstone': checked out '852f46a467cb37559a1f3a18bd45d5ca8c6fc5e7'
#20 30.77 Submodule path 'third_party/demumble': checked out '01098eab821b33bd31b9778aea38565cd796aa85'
#20 30.88 Submodule path 'third_party/googletest': checked out '565f1b848215b77c3732bca345fe76a0431d8b34'
#20 31.35 Submodule path 'third_party/protobuf': checked out 'bc1773c42c9c3c522145a3119e989e0dff2a8d54'
#20 31.35 Submodule 'third_party/benchmark' (https://github.com/google/benchmark.git) registered for path 'third_party/protobuf/third_party/benchmark'
#20 31.36 Submodule 'third_party/googletest' (https://github.com/google/googletest.git) registered for path 'third_party/protobuf/third_party/googletest'
#20 31.36 Cloning into '/src/bloaty/third_party/protobuf/third_party/benchmark'...
#20 32.54 Cloning into '/src/bloaty/third_party/protobuf/third_party/googletest'...
#20 35.29 Submodule path 'third_party/protobuf/third_party/benchmark': checked out '5b7683f49e1e9223cf9927b24f6fd3d6bd82e3f8'
#20 35.43 Submodule path 'third_party/protobuf/third_party/googletest': checked out '5ec7f0c4a113e2f18ac2c6cc7df51ad6afc24081'
#20 35.50 Submodule path 'third_party/re2': checked out '5bd613749fd530b576b890283bfb6bc6ea6246cb'
#20 35.58 Submodule path 'third_party/zlib': checked out 'cacf7f1d4e3d44d871b605da3b647f07d718623f'
#20 35.60 -- Looking for pthread.h
#20 35.76 -- Looking for pthread.h - found
#20 35.76 -- Performing Test CMAKE_HAVE_LIBC_PTHREAD
#20 35.94 -- Performing Test CMAKE_HAVE_LIBC_PTHREAD - Success
#20 35.94 -- Found Threads: TRUE  
#20 35.95 CMake Deprecation Warning at third_party/capstone/CMakeLists.txt:1 (cmake_minimum_required):
#20 35.95   Compatibility with CMake < 2.8.12 will be removed from a future version of
#20 35.95   CMake.
#20 35.95 
#20 35.95   Update the VERSION argument <min> value or use a ...<max> suffix to tell
#20 35.95   CMake that the project does not need compatibility with older versions.
#20 35.95 
#20 35.95 
#20 35.95 CMake Warning (dev) at third_party/capstone/CMakeLists.txt:2 (project):
#20 35.95   Policy CMP0048 is not set: project() command manages VERSION variables.
#20 35.95   Run "cmake --help-policy CMP0048" for policy details.  Use the cmake_policy
#20 35.95   command to set the policy and suppress this warning.
#20 35.95 
#20 35.95   The following variable(s) would be set to empty:
#20 35.95 
#20 35.95     PROJECT_VERSION
#20 35.95     PROJECT_VERSION_MAJOR
#20 35.95     PROJECT_VERSION_MINOR
#20 35.95 This warning is for project developers.  Use -Wno-dev to suppress it.
#20 35.95 
#20 35.95 CMake Deprecation Warning at third_party/capstone/CMakeLists.txt:18 (cmake_policy):
#20 35.95   The OLD behavior for policy CMP0048 will be removed from a future version
#20 35.95   of CMake.
#20 35.95 
#20 35.95   The cmake-policies(7) manual explains that the OLD behaviors of all
#20 35.95   policies are deprecated and that a policy should be set to OLD only under
#20 35.95   specific short-term circumstances.  Projects should be ported to the NEW
#20 35.95   behavior and not rely on setting a policy to OLD.
#20 35.95 
#20 35.95 
#20 35.96 Enabling CAPSTONE_ARM_SUPPORT
#20 35.96 Enabling CAPSTONE_ARM64_SUPPORT
#20 35.96 Enabling CAPSTONE_M68K_SUPPORT
#20 35.96 Enabling CAPSTONE_MIPS_SUPPORT
#20 35.96 Enabling CAPSTONE_PPC_SUPPORT
#20 35.96 Enabling CAPSTONE_SPARC_SUPPORT
#20 35.96 Enabling CAPSTONE_SYSZ_SUPPORT
#20 35.96 Enabling CAPSTONE_XCORE_SUPPORT
#20 35.96 Enabling CAPSTONE_X86_SUPPORT
#20 35.96 Enabling CAPSTONE_TMS320C64X_SUPPORT
#20 35.96 Enabling CAPSTONE_M680X_SUPPORT
#20 35.96 Enabling CAPSTONE_EVM_SUPPORT
#20 35.96 Enabling CAPSTONE_MOS65XX_SUPPORT
#20 35.97 -- 
#20 35.97 -- 3.9.1.0
#20 35.98 -- Could NOT find ZLIB (missing: ZLIB_LIBRARY ZLIB_INCLUDE_DIR) 
#20 35.98 -- Performing Test protobuf_HAVE_BUILTIN_ATOMICS
#20 36.38 -- Performing Test protobuf_HAVE_BUILTIN_ATOMICS - Success
#20 36.41 CMake Deprecation Warning at third_party/zlib/CMakeLists.txt:1 (cmake_minimum_required):
#20 36.41   Compatibility with CMake < 2.8.12 will be removed from a future version of
#20 36.41   CMake.
#20 36.41 
#20 36.41   Update the VERSION argument <min> value or use a ...<max> suffix to tell
#20 36.41   CMake that the project does not need compatibility with older versions.
#20 36.41 
#20 36.41 
#20 36.41 CMake Warning (dev) at third_party/zlib/CMakeLists.txt:4 (project):
#20 36.41   Policy CMP0048 is not set: project() command manages VERSION variables.
#20 36.41   Run "cmake --help-policy CMP0048" for policy details.  Use the cmake_policy
#20 36.41   command to set the policy and suppress this warning.
#20 36.41 
#20 36.41   The following variable(s) would be set to empty:
#20 36.41 
#20 36.41     PROJECT_VERSION
#20 36.41     PROJECT_VERSION_MAJOR
#20 36.41     PROJECT_VERSION_MINOR
#20 36.41 This warning is for project developers.  Use -Wno-dev to suppress it.
#20 36.41 
#20 36.41 -- Looking for sys/types.h
#20 36.57 -- Looking for sys/types.h - found
#20 36.57 -- Looking for stdint.h
#20 36.73 -- Looking for stdint.h - found
#20 36.73 -- Looking for stddef.h
#20 36.89 -- Looking for stddef.h - found
#20 36.89 -- Check size of off64_t
#20 37.09 -- Check size of off64_t - done
#20 37.09 -- Looking for fseeko
#20 37.24 -- Looking for fseeko - found
#20 37.25 -- Looking for unistd.h
#20 37.41 -- Looking for unistd.h - found
#20 37.41 -- Renaming
#20 37.41 --     /src/bloaty/third_party/zlib/zconf.h
#20 37.41 -- to 'zconf.h.included' because this file is included with zlib
#20 37.41 -- but CMake generates it automatically in the build directory.
#20 37.42 -- Performing Test SUPPORTS_COLOR_ALWAYS
#20 37.56 -- Performing Test SUPPORTS_COLOR_ALWAYS - Success
#20 37.56 LIB_FUZZING_ENGINE set, building fuzz_target instead of Bloaty
#20 37.56 -- Configuring done
#20 37.64 -- Generating done
#20 37.66 -- Build files have been written to: /work
#20 37.67 ++ nproc
#20 37.67 + ninja -j8
#20 40.80 [1/356] Building CXX object third_party/re2/CMakeFiles/re2.dir/re2/filtered_re2.cc.o
#20 40.84 [2/356] Building CXX object third_party/re2/CMakeFiles/re2.dir/re2/perl_groups.cc.o
#20 40.87 [3/356] Building CXX object third_party/re2/CMakeFiles/re2.dir/re2/bitstate.cc.o
#20 41.22 [4/356] Building CXX object third_party/re2/CMakeFiles/re2.dir/re2/mimics_pcre.cc.o
#20 41.46 [5/356] Building CXX object third_party/re2/CMakeFiles/re2.dir/re2/onepass.cc.o
#20 41.53 [6/356] Building CXX object third_party/re2/CMakeFiles/re2.dir/re2/nfa.cc.o
#20 43.50 [7/356] Building CXX object third_party/re2/CMakeFiles/re2.dir/re2/compile.cc.o
#20 43.93 [8/356] Building CXX object third_party/re2/CMakeFiles/re2.dir/re2/parse.cc.o
#20 44.97 [9/356] Building CXX object third_party/re2/CMakeFiles/re2.dir/re2/dfa.cc.o
#20 46.59 [10/356] Building CXX object third_party/re2/CMakeFiles/re2.dir/re2/prefilter.cc.o
#20 47.20 [11/356] Building CXX object third_party/re2/CMakeFiles/re2.dir/re2/re2.cc.o
#20 47.21 [12/356] Building CXX object third_party/re2/CMakeFiles/re2.dir/re2/prog.cc.o
#20 47.25 [13/356] Building CXX object third_party/re2/CMakeFiles/re2.dir/re2/unicode_casefold.cc.o
#20 47.30 [14/356] Building CXX object third_party/re2/CMakeFiles/re2.dir/re2/prefilter_tree.cc.o
#20 47.33 [15/356] Building CXX object third_party/re2/CMakeFiles/re2.dir/re2/stringpiece.cc.o
#20 47.42 [16/356] Building CXX object third_party/re2/CMakeFiles/re2.dir/util/rune.cc.o
#20 47.47 [17/356] Building CXX object third_party/re2/CMakeFiles/re2.dir/re2/unicode_groups.cc.o
#20 47.51 [18/356] Building C object third_party/capstone/CMakeFiles/capstone-static.dir/MCInstrDesc.c.o
#20 47.63 [19/356] Building C object third_party/capstone/CMakeFiles/capstone-static.dir/MCRegisterInfo.c.o
#20 47.65 [20/356] Building C object third_party/capstone/CMakeFiles/capstone-static.dir/MCInst.c.o
#20 47.82 [21/356] Building C object third_party/capstone/CMakeFiles/capstone-static.dir/SStream.c.o
#20 47.86 [22/356] Building C object third_party/capstone/CMakeFiles/capstone-static.dir/utils.c.o
#20 48.27 [23/356] Building C object third_party/capstone/CMakeFiles/capstone-static.dir/cs.c.o
#20 48.55 [24/356] Building CXX object third_party/re2/CMakeFiles/re2.dir/re2/set.cc.o
#20 48.64 [25/356] Building CXX object third_party/re2/CMakeFiles/re2.dir/re2/simplify.cc.o
#20 48.70 [26/356] Building C object third_party/capstone/CMakeFiles/capstone-static.dir/arch/ARM/ARMModule.c.o
#20 48.93 [27/356] Building C object third_party/capstone/CMakeFiles/capstone-static.dir/arch/AArch64/AArch64BaseInfo.c.o
#20 49.01 [28/356] Building C object third_party/capstone/CMakeFiles/capstone-static.dir/arch/ARM/ARMMapping.c.o
#20 49.07 [29/356] Building CXX object third_party/re2/CMakeFiles/re2.dir/re2/regexp.cc.o
#20 49.21 [30/356] Building C object third_party/capstone/CMakeFiles/capstone-static.dir/arch/AArch64/AArch64Module.c.o
#20 49.22 [31/356] Building CXX object third_party/re2/CMakeFiles/re2.dir/util/strutil.cc.o
#20 49.84 [32/356] Building C object third_party/capstone/CMakeFiles/capstone-static.dir/arch/AArch64/AArch64Mapping.c.o
#20 50.16 [33/356] Building C object third_party/capstone/CMakeFiles/capstone-static.dir/arch/Mips/MipsInstPrinter.c.o
#20 50.32 [34/356] Building C object third_party/capstone/CMakeFiles/capstone-static.dir/arch/Mips/MipsModule.c.o
#20 50.34 [35/356] Building C object third_party/capstone/CMakeFiles/capstone-static.dir/arch/Mips/MipsMapping.c.o
#20 50.88 [36/356] Building CXX object third_party/re2/CMakeFiles/re2.dir/re2/tostring.cc.o
#20 50.92 [37/356] Linking CXX static library third_party/re2/libre2.a
#20 51.08 [38/356] Building C object third_party/capstone/CMakeFiles/capstone-static.dir/arch/ARM/ARMInstPrinter.c.o
#20 51.23 [39/356] Building C object third_party/capstone/CMakeFiles/capstone-static.dir/arch/PowerPC/PPCModule.c.o
#20 51.47 [40/356] Building C object third_party/capstone/CMakeFiles/capstone-static.dir/arch/PowerPC/PPCMapping.c.o
#20 52.11 [41/356] Building C object third_party/capstone/CMakeFiles/capstone-static.dir/arch/PowerPC/PPCDisassembler.c.o
#20 52.43 [42/356] Building C object third_party/capstone/CMakeFiles/capstone-static.dir/arch/Mips/MipsDisassembler.c.o
#20 52.45 [43/356] Building C object third_party/capstone/CMakeFiles/capstone-static.dir/arch/X86/X86Disassembler.c.o
#20 52.62 [44/356] Building C object third_party/capstone/CMakeFiles/capstone-static.dir/arch/X86/X86Module.c.o
#20 53.50 [45/356] Building C object third_party/capstone/CMakeFiles/capstone-static.dir/arch/X86/X86IntelInstPrinter.c.o
#20 54.01 [46/356] Building C object third_party/capstone/CMakeFiles/capstone-static.dir/arch/AArch64/AArch64Disassembler.c.o
#20 54.16 [47/356] Building C object third_party/capstone/CMakeFiles/capstone-static.dir/arch/X86/X86ATTInstPrinter.c.o
#20 54.47 [48/356] Building C object third_party/capstone/CMakeFiles/capstone-static.dir/arch/Sparc/SparcMapping.c.o
#20 54.63 [49/356] Building C object third_party/capstone/CMakeFiles/capstone-static.dir/arch/Sparc/SparcModule.c.o
#20 54.78 [50/356] Building C object third_party/capstone/CMakeFiles/capstone-static.dir/arch/Sparc/SparcDisassembler.c.o
#20 55.25 [51/356] Building C object third_party/capstone/CMakeFiles/capstone-static.dir/arch/X86/X86Mapping.c.o
#20 55.49 [52/356] Building C object third_party/capstone/CMakeFiles/capstone-static.dir/arch/PowerPC/PPCInstPrinter.c.o
#20 55.64 [53/356] Building C object third_party/capstone/CMakeFiles/capstone-static.dir/arch/SystemZ/SystemZModule.c.o
#20 55.69 [54/356] Building C object third_party/capstone/CMakeFiles/capstone-static.dir/arch/SystemZ/SystemZMCTargetDesc.c.o
#20 55.93 [55/356] Building C object third_party/capstone/CMakeFiles/capstone-static.dir/arch/SystemZ/SystemZMapping.c.o
#20 55.98 [56/356] Building C object third_party/capstone/CMakeFiles/capstone-static.dir/arch/SystemZ/SystemZInstPrinter.c.o
#20 56.21 [57/356] Building C object third_party/capstone/CMakeFiles/capstone-static.dir/arch/XCore/XCoreMapping.c.o
#20 56.37 [58/356] Building C object third_party/capstone/CMakeFiles/capstone-static.dir/arch/XCore/XCoreModule.c.o
#20 56.43 [59/356] Building C object third_party/capstone/CMakeFiles/capstone-static.dir/arch/XCore/XCoreInstPrinter.c.o
#20 56.62 [60/356] Building C object third_party/capstone/CMakeFiles/capstone-static.dir/arch/X86/X86DisassemblerDecoder.c.o
#20 56.77 [61/356] Building C object third_party/capstone/CMakeFiles/capstone-static.dir/arch/M68K/M68KModule.c.o
#20 56.79 [62/356] Building C object third_party/capstone/CMakeFiles/capstone-static.dir/arch/M68K/M68KInstPrinter.c.o
#20 57.30 [63/356] Building C object third_party/capstone/CMakeFiles/capstone-static.dir/arch/TMS320C64x/TMS320C64xInstPrinter.c.o
#20 58.05 [64/356] Building C object third_party/capstone/CMakeFiles/capstone-static.dir/arch/XCore/XCoreDisassembler.c.o
#20 59.65 [65/356] Building C object third_party/capstone/CMakeFiles/capstone-static.dir/arch/Sparc/SparcInstPrinter.c.o
#20 59.76 [66/356] Building C object third_party/capstone/CMakeFiles/capstone-static.dir/arch/TMS320C64x/TMS320C64xDisassembler.c.o
#20 59.91 [67/356] Building C object third_party/capstone/CMakeFiles/capstone-static.dir/arch/TMS320C64x/TMS320C64xMapping.c.o
#20 59.91 [68/356] Building C object third_party/capstone/CMakeFiles/capstone-static.dir/arch/TMS320C64x/TMS320C64xModule.c.o
#20 60.20 [69/356] Building C object third_party/capstone/CMakeFiles/capstone-static.dir/arch/M68K/M68KDisassembler.c.o
#20 60.24 [70/356] Building C object third_party/capstone/CMakeFiles/capstone-static.dir/arch/M680X/M680XInstPrinter.c.o
#20 60.36 [71/356] Building C object third_party/capstone/CMakeFiles/capstone-static.dir/arch/M680X/M680XModule.c.o
#20 60.43 [72/356] Building C object third_party/capstone/CMakeFiles/capstone-static.dir/arch/EVM/EVMDisassembler.c.o
#20 60.51 [73/356] Building C object third_party/capstone/CMakeFiles/capstone-static.dir/arch/EVM/EVMInstPrinter.c.o
#20 60.62 [74/356] Building C object third_party/capstone/CMakeFiles/capstone-static.dir/arch/EVM/EVMMapping.c.o
#20 60.62 [75/356] Building CXX object third_party/protobuf/cmake/CMakeFiles/libprotobuf.dir/__/src/google/protobuf/stubs/time.cc.o
#20 60.66 [76/356] Building C object third_party/capstone/CMakeFiles/capstone-static.dir/arch/EVM/EVMModule.c.o
#20 60.76 [77/356] Building C object third_party/capstone/CMakeFiles/capstone-static.dir/arch/MOS65XX/MOS65XXModule.c.o
#20 60.89 [78/356] Building C object third_party/capstone/CMakeFiles/capstone-static.dir/arch/MOS65XX/MOS65XXDisassembler.c.o
#20 60.96 [79/356] Building C object third_party/capstone/CMakeFiles/capstone-static.dir/arch/SystemZ/SystemZDisassembler.c.o
#20 61.23 [80/356] Building C object third_party/capstone/CMakeFiles/capstone-static.dir/arch/AArch64/AArch64InstPrinter.c.o
#20 62.12 [81/356] Building C object third_party/capstone/CMakeFiles/capstone-static.dir/arch/M680X/M680XDisassembler.c.o
#20 62.90 [82/356] Building CXX object third_party/protobuf/cmake/CMakeFiles/libprotobuf.dir/__/src/google/protobuf/wire_format_lite.cc.o
#20 63.14 [83/356] Building C object third_party/capstone/CMakeFiles/capstone-static.dir/arch/ARM/ARMDisassembler.c.o
#20 63.21 [84/356] Linking C static library third_party/capstone/libcapstone.a
#20 63.45 [85/356] Building CXX object third_party/protobuf/cmake/CMakeFiles/libprotobuf-lite.dir/__/src/google/protobuf/arena.cc.o
#20 63.48 [86/356] Building CXX object third_party/protobuf/cmake/CMakeFiles/libprotobuf-lite.dir/__/src/google/protobuf/io/io_win32.cc.o
#20 64.03 [87/356] Building CXX object third_party/protobuf/cmake/CMakeFiles/libprotobuf-lite.dir/__/src/google/protobuf/any_lite.cc.o
#20 64.19 [88/356] Building CXX object third_party/protobuf/cmake/CMakeFiles/libprotobuf-lite.dir/__/src/google/protobuf/generated_enum_util.cc.o
#20 65.88 [89/356] Building CXX object third_party/protobuf/cmake/CMakeFiles/libprotobuf-lite.dir/__/src/google/protobuf/io/strtod.cc.o
#20 66.16 [90/356] Building CXX object third_party/protobuf/cmake/CMakeFiles/libprotobuf-lite.dir/__/src/google/protobuf/io/zero_copy_stream.cc.o
#20 66.33 [91/356] Building CXX object third_party/protobuf/cmake/CMakeFiles/libprotobuf-lite.dir/__/src/google/protobuf/implicit_weak_message.cc.o
#20 66.76 [92/356] Building CXX object third_party/protobuf/cmake/CMakeFiles/libprotobuf-lite.dir/__/src/google/protobuf/io/zero_copy_stream_impl.cc.o
#20 67.04 [93/356] Building CXX object third_party/protobuf/cmake/CMakeFiles/libprotobuf-lite.dir/__/src/google/protobuf/io/coded_stream.cc.o
#20 68.64 [94/356] Building CXX object third_party/protobuf/cmake/CMakeFiles/libprotobuf-lite.dir/__/src/google/protobuf/io/zero_copy_stream_impl_lite.cc.o
#20 69.78 [95/356] Building CXX object third_party/protobuf/cmake/CMakeFiles/libprotobuf-lite.dir/__/src/google/protobuf/stubs/bytestream.cc.o
#20 70.62 [96/356] Building CXX object third_party/protobuf/cmake/CMakeFiles/libprotobuf-lite.dir/__/src/google/protobuf/message_lite.cc.o
#20 71.52 [97/356] Building CXX object third_party/protobuf/cmake/CMakeFiles/libprotobuf-lite.dir/__/src/google/protobuf/parse_context.cc.o
#20 72.55 [98/356] Building CXX object third_party/protobuf/cmake/CMakeFiles/libprotobuf-lite.dir/__/src/google/protobuf/stubs/common.cc.o
#20 72.79 [99/356] Building CXX object third_party/protobuf/cmake/CMakeFiles/libprotobuf-lite.dir/__/src/google/protobuf/stubs/int128.cc.o
#20 73.12 [100/356] Building CXX object third_party/protobuf/cmake/CMakeFiles/libprotobuf-lite.dir/__/src/google/protobuf/generated_message_table_driven_lite.cc.o
#20 73.53 [101/356] Building CXX object third_party/protobuf/cmake/CMakeFiles/libprotobuf-lite.dir/__/src/google/protobuf/generated_message_util.cc.o
#20 73.62 [102/356] Building CXX object third_party/protobuf/cmake/CMakeFiles/libprotobuf-lite.dir/__/src/google/protobuf/extension_set.cc.o
#20 73.69 [103/356] Building CXX object third_party/protobuf/cmake/CMakeFiles/libprotobuf-lite.dir/__/src/google/protobuf/stubs/status.cc.o
#20 74.16 [104/356] Building CXX object third_party/protobuf/cmake/CMakeFiles/libprotobuf-lite.dir/__/src/google/protobuf/stubs/statusor.cc.o
#20 74.57 [105/356] Building CXX object third_party/protobuf/cmake/CMakeFiles/libprotobuf-lite.dir/__/src/google/protobuf/repeated_field.cc.o
#20 75.15 [106/356] Building CXX object third_party/protobuf/cmake/CMakeFiles/libprotobuf-lite.dir/__/src/google/protobuf/stubs/stringprintf.cc.o
#20 75.56 [107/356] Building CXX object third_party/protobuf/cmake/CMakeFiles/libprotobuf-lite.dir/__/src/google/protobuf/stubs/stringpiece.cc.o
#20 75.94 [108/356] Building CXX object third_party/protobuf/cmake/CMakeFiles/libprotobuf-lite.dir/__/src/google/protobuf/stubs/structurally_valid.cc.o
#20 76.72 [109/356] Building CXX object third_party/protobuf/cmake/CMakeFiles/libprotobuf-lite.dir/__/src/google/protobuf/stubs/time.cc.o
#20 78.48 [110/356] Building CXX object third_party/protobuf/cmake/CMakeFiles/libprotobuf-lite.dir/__/src/google/protobuf/wire_format_lite.cc.o
#20 79.11 [111/356] Building CXX object third_party/protobuf/cmake/CMakeFiles/libprotobuf-lite.dir/__/src/google/protobuf/stubs/strutil.cc.o
#20 79.15 [112/356] Linking CXX static library third_party/protobuf/cmake/libprotobuf-lite.a
#20 79.32 [113/356] Building CXX object third_party/protobuf/cmake/CMakeFiles/libprotoc.dir/__/src/google/protobuf/compiler/code_generator.cc.o
#20 83.13 [114/356] Building CXX object third_party/protobuf/cmake/CMakeFiles/libprotoc.dir/__/src/google/protobuf/compiler/cpp/cpp_extension.cc.o
#20 83.41 [115/356] Building CXX object third_party/protobuf/cmake/CMakeFiles/libprotoc.dir/__/src/google/protobuf/compiler/cpp/cpp_enum_field.cc.o
#20 83.53 [116/356] Building CXX object third_party/protobuf/cmake/CMakeFiles/libprotoc.dir/__/src/google/protobuf/compiler/cpp/cpp_field.cc.o
#20 84.66 [117/356] Building CXX object third_party/protobuf/cmake/CMakeFiles/libprotoc.dir/__/src/google/protobuf/compiler/cpp/cpp_enum.cc.o
#20 85.56 [118/356] Building CXX object third_party/protobuf/cmake/CMakeFiles/libprotoc.dir/__/src/google/protobuf/compiler/cpp/cpp_generator.cc.o
#20 90.93 [119/356] Building CXX object third_party/protobuf/cmake/CMakeFiles/libprotoc.dir/__/src/google/protobuf/compiler/cpp/cpp_map_field.cc.o
#20 91.74 [120/356] Building CXX object third_party/protobuf/cmake/CMakeFiles/libprotoc.dir/__/src/google/protobuf/compiler/command_line_interface.cc.o
#20 92.26 [121/356] Building CXX object third_party/protobuf/cmake/CMakeFiles/libprotoc.dir/__/src/google/protobuf/compiler/cpp/cpp_message_field.cc.o
#20 92.81 [122/356] Building CXX object third_party/protobuf/cmake/CMakeFiles/libprotoc.dir/__/src/google/protobuf/compiler/cpp/cpp_padding_optimizer.cc.o
#20 93.52 [123/356] Building CXX object third_party/protobuf/cmake/CMakeFiles/libprotoc.dir/__/src/google/protobuf/compiler/cpp/cpp_primitive_field.cc.o
#20 95.56 [124/356] Building CXX object third_party/protobuf/cmake/CMakeFiles/libprotoc.dir/__/src/google/protobuf/compiler/cpp/cpp_helpers.cc.o
#20 96.60 [125/356] Building CXX object third_party/protobuf/cmake/CMakeFiles/libprotoc.dir/__/src/google/protobuf/compiler/csharp/csharp_doc_comment.cc.o
#20 98.15 [126/356] Building CXX object third_party/protobuf/cmake/CMakeFiles/libprotoc.dir/__/src/google/protobuf/compiler/cpp/cpp_service.cc.o
#20 98.41 [127/356] Building CXX object third_party/protobuf/cmake/CMakeFiles/libprotoc.dir/__/src/google/protobuf/compiler/csharp/csharp_enum_field.cc.o
#20 98.75 [128/356] Building CXX object third_party/protobuf/cmake/CMakeFiles/libprotoc.dir/__/src/google/protobuf/compiler/csharp/csharp_enum.cc.o
#20 100.9 [129/356] Building CXX object third_party/protobuf/cmake/CMakeFiles/libprotoc.dir/__/src/google/protobuf/compiler/cpp/cpp_string_field.cc.o
#20 101.0 [130/356] Building CXX object third_party/protobuf/cmake/CMakeFiles/libprotoc.dir/__/src/google/protobuf/compiler/cpp/cpp_file.cc.o
#20 101.7 [131/356] Building CXX object third_party/protobuf/cmake/CMakeFiles/libprotoc.dir/__/src/google/protobuf/compiler/csharp/csharp_generator.cc.o
#20 103.6 [132/356] Building CXX object third_party/protobuf/cmake/CMakeFiles/libprotoc.dir/__/src/google/protobuf/compiler/csharp/csharp_field_base.cc.o
#20 103.8 [133/356] Building CXX object third_party/protobuf/cmake/CMakeFiles/libprotoc.dir/__/src/google/protobuf/compiler/csharp/csharp_map_field.cc.o
#20 104.1 [134/356] Building CXX object third_party/protobuf/cmake/CMakeFiles/libprotoc.dir/__/src/google/protobuf/compiler/csharp/csharp_helpers.cc.o
#20 106.4 [135/356] Building CXX object third_party/protobuf/cmake/CMakeFiles/libprotoc.dir/__/src/google/protobuf/compiler/csharp/csharp_message_field.cc.o
#20 106.5 [136/356] Building CXX object third_party/protobuf/cmake/CMakeFiles/libprotoc.dir/__/src/google/protobuf/compiler/csharp/csharp_message.cc.o
#20 106.7 [137/356] Building CXX object third_party/protobuf/cmake/CMakeFiles/libprotoc.dir/__/src/google/protobuf/compiler/csharp/csharp_primitive_field.cc.o
#20 108.2 [138/356] Building CXX object third_party/protobuf/cmake/CMakeFiles/libprotoc.dir/__/src/google/protobuf/compiler/csharp/csharp_reflection_class.cc.o
#20 108.3 [139/356] Building CXX object third_party/protobuf/cmake/CMakeFiles/libprotoc.dir/__/src/google/protobuf/compiler/csharp/csharp_repeated_enum_field.cc.o
#20 108.9 [140/356] Building CXX object third_party/protobuf/cmake/CMakeFiles/libprotoc.dir/__/src/google/protobuf/compiler/csharp/csharp_repeated_primitive_field.cc.o
#20 109.1 [141/356] Building CXX object third_party/protobuf/cmake/CMakeFiles/libprotoc.dir/__/src/google/protobuf/compiler/csharp/csharp_repeated_message_field.cc.o
#20 111.2 [142/356] Building CXX object third_party/protobuf/cmake/CMakeFiles/libprotoc.dir/__/src/google/protobuf/compiler/csharp/csharp_source_generator_base.cc.o
#20 112.0 [143/356] Building CXX object third_party/protobuf/cmake/CMakeFiles/libprotoc.dir/__/src/google/protobuf/compiler/csharp/csharp_wrapper_field.cc.o
#20 112.4 [144/356] Building CXX object third_party/protobuf/cmake/CMakeFiles/libprotoc.dir/__/src/google/protobuf/compiler/java/java_doc_comment.cc.o
#20 114.0 [145/356] Building CXX object third_party/protobuf/cmake/CMakeFiles/libprotoc.dir/__/src/google/protobuf/compiler/java/java_context.cc.o
#20 114.6 [146/356] Building CXX object third_party/protobuf/cmake/CMakeFiles/libprotoc.dir/__/src/google/protobuf/compiler/cpp/cpp_message.cc.o
#20 115.3 [147/356] Building CXX object third_party/protobuf/cmake/CMakeFiles/libprotoc.dir/__/src/google/protobuf/compiler/java/java_enum.cc.o
#20 116.1 [148/356] Building CXX object third_party/protobuf/cmake/CMakeFiles/libprotoc.dir/__/src/google/protobuf/compiler/java/java_enum_field_lite.cc.o
#20 116.2 [149/356] Building CXX object third_party/protobuf/cmake/CMakeFiles/libprotoc.dir/__/src/google/protobuf/compiler/java/java_enum_field.cc.o
#20 117.8 [150/356] Building CXX object third_party/protobuf/cmake/CMakeFiles/libprotoc.dir/__/src/google/protobuf/compiler/java/java_enum_lite.cc.o
#20 118.0 [151/356] Building CXX object third_party/protobuf/cmake/CMakeFiles/libprotoc.dir/__/src/google/protobuf/compiler/java/java_extension_lite.cc.o
#20 118.1 [152/356] Building CXX object third_party/protobuf/cmake/CMakeFiles/libprotoc.dir/__/src/google/protobuf/compiler/java/java_extension.cc.o
#20 120.4 [153/356] Building CXX object third_party/protobuf/cmake/CMakeFiles/libprotoc.dir/__/src/google/protobuf/compiler/java/java_field.cc.o
#20 120.8 [154/356] Building CXX object third_party/protobuf/cmake/CMakeFiles/libprotoc.dir/__/src/google/protobuf/compiler/java/java_generator_factory.cc.o
#20 121.8 [155/356] Building CXX object third_party/protobuf/cmake/CMakeFiles/libprotoc.dir/__/src/google/protobuf/compiler/java/java_generator.cc.o
#20 123.7 [156/356] Building CXX object third_party/protobuf/cmake/CMakeFiles/libprotoc.dir/__/src/google/protobuf/compiler/java/java_file.cc.o
#20 125.2 [157/356] Building CXX object third_party/protobuf/cmake/CMakeFiles/libprotoc.dir/__/src/google/protobuf/compiler/java/java_map_field_lite.cc.o
#20 125.3 [158/356] Building CXX object third_party/protobuf/cmake/CMakeFiles/libprotoc.dir/__/src/google/protobuf/compiler/java/java_map_field.cc.o
#20 125.5 [159/356] Building CXX object third_party/protobuf/cmake/CMakeFiles/libprotoc.dir/__/src/google/protobuf/compiler/java/java_helpers.cc.o
#20 126.6 [160/356] Building CXX object third_party/protobuf/cmake/CMakeFiles/libprotoc.dir/__/src/google/protobuf/compiler/java/java_message_builder_lite.cc.o
#20 127.9 [161/356] Building CXX object third_party/protobuf/cmake/CMakeFiles/libprotoc.dir/__/src/google/protobuf/compiler/java/java_message_builder.cc.o
#20 128.8 [162/356] Building CXX object third_party/protobuf/cmake/CMakeFiles/libprotoc.dir/__/src/google/protobuf/compiler/java/java_message_field.cc.o
#20 128.9 [163/356] Building CXX object third_party/protobuf/cmake/CMakeFiles/libprotoc.dir/__/src/google/protobuf/compiler/java/java_message.cc.o
#20 130.3 [164/356] Building CXX object third_party/protobuf/cmake/CMakeFiles/libprotoc.dir/__/src/google/protobuf/compiler/java/java_message_field_lite.cc.o
#20 131.1 [165/356] Building CXX object third_party/protobuf/cmake/CMakeFiles/libprotoc.dir/__/src/google/protobuf/compiler/java/java_name_resolver.cc.o
#20 133.4 [166/356] Building CXX object third_party/protobuf/cmake/CMakeFiles/libprotoc.dir/__/src/google/protobuf/compiler/java/java_message_lite.cc.o
#20 133.4 [167/356] Building CXX object third_party/protobuf/cmake/CMakeFiles/libprotoc.dir/__/src/google/protobuf/compiler/js/well_known_types_embed.cc.o
#20 134.4 [168/356] Building CXX object third_party/protobuf/cmake/CMakeFiles/libprotoc.dir/__/src/google/protobuf/compiler/java/java_primitive_field.cc.o
#20 134.9 [169/356] Building CXX object third_party/protobuf/cmake/CMakeFiles/libprotoc.dir/__/src/google/protobuf/compiler/java/java_service.cc.o
#20 135.0 [170/356] Building CXX object third_party/protobuf/cmake/CMakeFiles/libprotoc.dir/__/src/google/protobuf/compiler/java/java_primitive_field_lite.cc.o
#20 135.5 [171/356] Building CXX object third_party/protobuf/cmake/CMakeFiles/libprotoc.dir/__/src/google/protobuf/compiler/java/java_shared_code_generator.cc.o
#20 136.2 [172/356] Building CXX object third_party/protobuf/cmake/CMakeFiles/libprotoc.dir/__/src/google/protobuf/compiler/java/java_string_field.cc.o
#20 137.1 [173/356] Building CXX object third_party/protobuf/cmake/CMakeFiles/libprotoc.dir/__/src/google/protobuf/compiler/java/java_string_field_lite.cc.o
#20 140.6 [174/356] Building CXX object third_party/protobuf/cmake/CMakeFiles/libprotoc.dir/__/src/google/protobuf/compiler/objectivec/objectivec_enum_field.cc.o
#20 140.7 [175/356] Building CXX object third_party/protobuf/cmake/CMakeFiles/libprotoc.dir/__/src/google/protobuf/compiler/objectivec/objectivec_enum.cc.o
#20 141.4 [176/356] Building CXX object third_party/protobuf/cmake/CMakeFiles/libprotoc.dir/__/src/google/protobuf/compiler/objectivec/objectivec_extension.cc.o
#20 141.5 [177/356] Building CXX object third_party/protobuf/cmake/CMakeFiles/libprotoc.dir/__/src/google/protobuf/compiler/objectivec/objectivec_generator.cc.o
#20 143.0 [178/356] Building CXX object third_party/protobuf/cmake/CMakeFiles/libprotoc.dir/__/src/google/protobuf/compiler/objectivec/objectivec_field.cc.o
#20 144.1 [179/356] Building CXX object third_party/protobuf/cmake/CMakeFiles/libprotoc.dir/__/src/google/protobuf/compiler/objectivec/objectivec_file.cc.o
#20 147.2 [180/356] Building CXX object third_party/protobuf/cmake/CMakeFiles/libprotoc.dir/__/src/google/protobuf/compiler/objectivec/objectivec_message_field.cc.o
#20 147.4 [181/356] Building CXX object third_party/protobuf/cmake/CMakeFiles/libprotoc.dir/__/src/google/protobuf/compiler/objectivec/objectivec_oneof.cc.o
#20 147.4 [182/356] Building CXX object third_party/protobuf/cmake/CMakeFiles/libprotoc.dir/__/src/google/protobuf/compiler/objectivec/objectivec_map_field.cc.o
#20 148.7 [183/356] Building CXX object third_party/protobuf/cmake/CMakeFiles/libprotoc.dir/__/src/google/protobuf/compiler/objectivec/objectivec_primitive_field.cc.o
#20 150.5 [184/356] Building CXX object third_party/protobuf/cmake/CMakeFiles/libprotoc.dir/__/src/google/protobuf/compiler/objectivec/objectivec_helpers.cc.o
#20 151.0 [185/356] Building CXX object third_party/protobuf/cmake/CMakeFiles/libprotoc.dir/__/src/google/protobuf/compiler/objectivec/objectivec_message.cc.o
#20 152.7 [186/356] Building CXX object third_party/protobuf/cmake/CMakeFiles/libprotoc.dir/__/src/google/protobuf/compiler/plugin.cc.o
#20 154.3 [187/356] Building CXX object third_party/protobuf/cmake/CMakeFiles/libprotoc.dir/__/src/google/protobuf/compiler/subprocess.cc.o
#20 154.5 [188/356] Building CXX object third_party/protobuf/cmake/CMakeFiles/libprotoc.dir/__/src/google/protobuf/compiler/zip_writer.cc.o
#20 154.9 [189/356] Building CXX object third_party/protobuf/cmake/CMakeFiles/libprotoc.dir/__/src/google/protobuf/compiler/plugin.pb.cc.o
#20 156.0 [190/356] Building CXX object third_party/protobuf/cmake/CMakeFiles/libprotoc.dir/__/src/google/protobuf/compiler/ruby/ruby_generator.cc.o
#20 157.0 [191/356] Building CXX object third_party/protobuf/cmake/CMakeFiles/libprotoc.dir/__/src/google/protobuf/compiler/php/php_generator.cc.o
#20 157.4 [192/356] Building CXX object third_party/protobuf/cmake/CMakeFiles/libprotobuf.dir/__/src/google/protobuf/stubs/structurally_valid.cc.o
#20 157.7 [193/356] Building CXX object third_party/protobuf/cmake/CMakeFiles/libprotobuf.dir/__/src/google/protobuf/arena.cc.o
#20 158.0 [194/356] Building CXX object third_party/protobuf/cmake/CMakeFiles/libprotobuf.dir/__/src/google/protobuf/any_lite.cc.o
#20 158.1 [195/356] Building CXX object third_party/protobuf/cmake/CMakeFiles/libprotoc.dir/__/src/google/protobuf/compiler/js/js_generator.cc.o
#20 158.6 [196/356] Building CXX object third_party/protobuf/cmake/CMakeFiles/libprotobuf.dir/__/src/google/protobuf/stubs/strutil.cc.o
#20 158.6 [197/356] Building CXX object third_party/protobuf/cmake/CMakeFiles/libprotobuf.dir/__/src/google/protobuf/io/io_win32.cc.o
#20 160.3 [198/356] Building CXX object third_party/protobuf/cmake/CMakeFiles/libprotobuf.dir/__/src/google/protobuf/generated_enum_util.cc.o
#20 160.6 [199/356] Building CXX object third_party/protobuf/cmake/CMakeFiles/libprotoc.dir/__/src/google/protobuf/compiler/python/python_generator.cc.o
#20 161.1 [200/356] Building CXX object third_party/protobuf/cmake/CMakeFiles/libprotobuf.dir/__/src/google/protobuf/io/strtod.cc.o
#20 161.5 [201/356] Building CXX object third_party/protobuf/cmake/CMakeFiles/libprotobuf.dir/__/src/google/protobuf/implicit_weak_message.cc.o
#20 162.0 [202/356] Building CXX object third_party/protobuf/cmake/CMakeFiles/libprotobuf.dir/__/src/google/protobuf/io/coded_stream.cc.o
#20 162.6 [203/356] Building CXX object third_party/protobuf/cmake/CMakeFiles/libprotobuf.dir/__/src/google/protobuf/io/zero_copy_stream.cc.o
#20 163.3 [204/356] Building CXX object third_party/protobuf/cmake/CMakeFiles/libprotobuf.dir/__/src/google/protobuf/io/zero_copy_stream_impl.cc.o
#20 163.9 [205/356] Building CXX object third_party/protobuf/cmake/CMakeFiles/libprotobuf.dir/__/src/google/protobuf/io/zero_copy_stream_impl_lite.cc.o
#20 166.1 [206/356] Building CXX object third_party/protobuf/cmake/CMakeFiles/libprotobuf.dir/__/src/google/protobuf/stubs/bytestream.cc.o
#20 166.1 [207/356] Building CXX object third_party/protobuf/cmake/CMakeFiles/libprotobuf.dir/__/src/google/protobuf/message_lite.cc.o
#20 167.5 [208/356] Building CXX object third_party/protobuf/cmake/CMakeFiles/libprotobuf.dir/__/src/google/protobuf/parse_context.cc.o
#20 167.9 [209/356] Building CXX object third_party/protobuf/cmake/CMakeFiles/libprotobuf.dir/__/src/google/protobuf/stubs/common.cc.o
#20 169.2 [210/356] Building CXX object third_party/protobuf/cmake/CMakeFiles/libprotobuf.dir/__/src/google/protobuf/stubs/status.cc.o
#20 169.3 [211/356] Building CXX object third_party/protobuf/cmake/CMakeFiles/libprotobuf.dir/__/src/google/protobuf/stubs/int128.cc.o
#20 169.4 [212/356] Building CXX object third_party/protobuf/cmake/CMakeFiles/libprotobuf.dir/__/src/google/protobuf/extension_set.cc.o
#20 169.4 [213/356] Building CXX object third_party/protobuf/cmake/CMakeFiles/libprotobuf.dir/__/src/google/protobuf/generated_message_util.cc.o
#20 169.7 [214/356] Building CXX object third_party/protobuf/cmake/CMakeFiles/libprotobuf.dir/__/src/google/protobuf/generated_message_table_driven_lite.cc.o
#20 170.2 [215/356] Building CXX object third_party/protobuf/cmake/CMakeFiles/libprotobuf.dir/__/src/google/protobuf/stubs/statusor.cc.o
#20 170.8 [216/356] Building CXX object third_party/protobuf/cmake/CMakeFiles/libprotobuf.dir/__/src/google/protobuf/repeated_field.cc.o
#20 171.0 [217/356] Building CXX object third_party/protobuf/cmake/CMakeFiles/libprotobuf.dir/__/src/google/protobuf/stubs/stringpiece.cc.o
#20 171.7 [218/356] Building CXX object third_party/protobuf/cmake/CMakeFiles/libprotobuf.dir/__/src/google/protobuf/stubs/stringprintf.cc.o
#20 172.9 [219/356] Building CXX object third_party/protobuf/cmake/CMakeFiles/libprotobuf.dir/__/src/google/protobuf/any.cc.o
#20 173.7 [220/356] Building CXX object third_party/protobuf/cmake/CMakeFiles/libprotobuf.dir/__/src/google/protobuf/any.pb.cc.o
#20 176.0 [221/356] Building CXX object third_party/protobuf/cmake/CMakeFiles/libprotobuf.dir/__/src/google/protobuf/compiler/importer.cc.o
#20 176.2 [222/356] Building CXX object third_party/protobuf/cmake/CMakeFiles/libprotobuf.dir/__/src/google/protobuf/api.pb.cc.o
#20 177.2 [223/356] Building CXX object third_party/protobuf/cmake/CMakeFiles/libprotobuf.dir/__/src/google/protobuf/duration.pb.cc.o
#20 180.3 [224/356] Building CXX object third_party/protobuf/cmake/CMakeFiles/libprotobuf.dir/__/src/google/protobuf/empty.pb.cc.o
#20 180.5 [225/356] Building CXX object third_party/protobuf/cmake/CMakeFiles/libprotobuf.dir/__/src/google/protobuf/dynamic_message.cc.o
#20 181.8 [226/356] Building CXX object third_party/protobuf/cmake/CMakeFiles/libprotobuf.dir/__/src/google/protobuf/field_mask.pb.cc.o
#20 181.8 [227/356] Building CXX object third_party/protobuf/cmake/CMakeFiles/libprotobuf.dir/__/src/google/protobuf/io/gzip_stream.cc.o
#20 182.8 [228/356] Building CXX object third_party/protobuf/cmake/CMakeFiles/libprotobuf.dir/__/src/google/protobuf/extension_set_heavy.cc.o
#20 183.4 [229/356] Building CXX object third_party/protobuf/cmake/CMakeFiles/libprotobuf.dir/__/src/google/protobuf/descriptor_database.cc.o
#20 183.7 [230/356] Building CXX object third_party/protobuf/cmake/CMakeFiles/libprotobuf.dir/__/src/google/protobuf/compiler/parser.cc.o
#20 186.5 [231/356] Building CXX object third_party/protobuf/cmake/CMakeFiles/libprotobuf.dir/__/src/google/protobuf/io/printer.cc.o
#20 187.3 [232/356] Building CXX object third_party/protobuf/cmake/CMakeFiles/libprotobuf.dir/__/src/google/protobuf/io/tokenizer.cc.o
#20 189.7 [233/356] Building CXX object third_party/protobuf/cmake/CMakeFiles/libprotobuf.dir/__/src/google/protobuf/service.cc.o
#20 191.1 [234/356] Building CXX object third_party/protobuf/cmake/CMakeFiles/libprotobuf.dir/__/src/google/protobuf/map_field.cc.o
#20 192.6 [235/356] Building CXX object third_party/protobuf/cmake/CMakeFiles/libprotobuf.dir/__/src/google/protobuf/reflection_ops.cc.o
#20 192.8 [236/356] Building CXX object third_party/protobuf/cmake/CMakeFiles/libprotobuf.dir/__/src/google/protobuf/message.cc.o
#20 193.2 [237/356] Building CXX object third_party/protobuf/cmake/CMakeFiles/libprotobuf.dir/__/src/google/protobuf/generated_message_reflection.cc.o
#20 193.3 [238/356] Building CXX object third_party/protobuf/cmake/CMakeFiles/libprotobuf.dir/__/src/google/protobuf/generated_message_table_driven.cc.o
#20 194.2 [239/356] Building CXX object third_party/protobuf/cmake/CMakeFiles/libprotobuf.dir/__/src/google/protobuf/source_context.pb.cc.o
#20 195.1 [240/356] Building CXX object third_party/protobuf/cmake/CMakeFiles/libprotobuf.dir/__/src/google/protobuf/stubs/mathlimits.cc.o
#20 195.8 [241/356] Building CXX object third_party/protobuf/cmake/CMakeFiles/libprotobuf.dir/__/src/google/protobuf/stubs/substitute.cc.o
#20 197.7 [242/356] Building CXX object third_party/protobuf/cmake/CMakeFiles/libprotobuf.dir/__/src/google/protobuf/timestamp.pb.cc.o
#20 198.9 [243/356] Building CXX object third_party/protobuf/cmake/CMakeFiles/libprotobuf.dir/__/src/google/protobuf/util/delimited_message_util.cc.o
#20 199.1 [244/356] Building CXX object third_party/protobuf/cmake/CMakeFiles/libprotobuf.dir/__/src/google/protobuf/descriptor.pb.cc.o
#20 200.0 [245/356] Building CXX object third_party/protobuf/cmake/CMakeFiles/libprotobuf.dir/__/src/google/protobuf/unknown_field_set.cc.o
#20 202.2 [246/356] Building CXX object third_party/protobuf/cmake/CMakeFiles/libprotobuf.dir/__/src/google/protobuf/struct.pb.cc.o
#20 202.3 [247/356] Building CXX object third_party/protobuf/cmake/CMakeFiles/libprotobuf.dir/__/src/google/protobuf/util/field_comparator.cc.o
#20 203.2 [248/356] Building CXX object third_party/protobuf/cmake/CMakeFiles/libprotobuf.dir/__/src/google/protobuf/type.pb.cc.o
#20 205.0 [249/356] Building CXX object third_party/protobuf/cmake/CMakeFiles/libprotobuf.dir/__/src/google/protobuf/util/internal/error_listener.cc.o
#20 205.9 [250/356] Building CXX object third_party/protobuf/cmake/CMakeFiles/libprotobuf.dir/__/src/google/protobuf/util/field_mask_util.cc.o
#20 206.1 [251/356] Building CXX object third_party/protobuf/cmake/CMakeFiles/libprotobuf.dir/__/src/google/protobuf/util/internal/json_escaping.cc.o
#20 206.9 [252/356] Building CXX object third_party/protobuf/cmake/CMakeFiles/libprotobuf.dir/__/src/google/protobuf/util/internal/datapiece.cc.o
#20 207.8 [253/356] Building CXX object third_party/protobuf/cmake/CMakeFiles/libprotobuf.dir/__/src/google/protobuf/util/internal/field_mask_utility.cc.o
#20 208.8 [254/356] Building CXX object third_party/protobuf/cmake/CMakeFiles/libprotobuf.dir/__/src/google/protobuf/text_format.cc.o
#20 209.1 [255/356] Building CXX object third_party/protobuf/cmake/CMakeFiles/libprotobuf.dir/__/src/google/protobuf/util/internal/default_value_objectwriter.cc.o
#20 209.9 [256/356] Building CXX object third_party/protobuf/cmake/CMakeFiles/libprotobuf.dir/__/src/google/protobuf/util/internal/json_objectwriter.cc.o
#20 210.3 [257/356] Building CXX object third_party/protobuf/cmake/CMakeFiles/libprotobuf.dir/__/src/google/protobuf/util/internal/object_writer.cc.o
#20 211.2 [258/356] Building CXX object third_party/protobuf/cmake/CMakeFiles/libprotobuf.dir/__/src/google/protobuf/util/internal/json_stream_parser.cc.o
#20 214.8 [259/356] Building CXX object third_party/protobuf/cmake/CMakeFiles/libprotobuf.dir/__/src/google/protobuf/util/internal/type_info_test_helper.cc.o
#20 215.0 [260/356] Building CXX object third_party/protobuf/cmake/CMakeFiles/libprotobuf.dir/__/src/google/protobuf/descriptor.cc.o
#20 215.6 [261/356] Building CXX object third_party/protobuf/cmake/CMakeFiles/libprotobuf.dir/__/src/google/protobuf/util/internal/type_info.cc.o
#20 215.6 [262/356] Building CXX object third_party/protobuf/cmake/CMakeFiles/libprotobuf.dir/__/src/google/protobuf/util/internal/proto_writer.cc.o
#20 216.1 [263/356] Building CXX object third_party/protobuf/cmake/CMakeFiles/libprotobuf.dir/__/src/google/protobuf/util/internal/protostream_objectsource.cc.o
#20 216.7 [264/356] Building CXX object third_party/protobuf/cmake/CMakeFiles/libprotobuf.dir/__/src/google/protobuf/util/internal/utility.cc.o
#20 216.8 [265/356] Building CXX object third_party/protobuf/cmake/CMakeFiles/libprotobuf.dir/__/src/google/protobuf/util/json_util.cc.o
#20 216.8 [266/356] Building C object third_party/zlib/CMakeFiles/minigzip.dir/test/minigzip.o
#20 216.8 FAILED: third_party/zlib/CMakeFiles/minigzip.dir/test/minigzip.o 
#20 216.8 /usr/local/bin/clang -DUSE_RE2 -D_LARGEFILE64_SOURCE=1 -D_LIBCXXABI_FUNC_VIS="" -I/src/bloaty/third_party/re2 -I/src/bloaty/third_party/capstone/include -I/work/third_party/zlib -I/src/bloaty -isystem /src/bloaty/third_party/protobuf/src -DFUZZING_BUILD_MODE_UNSAFE_FOR_PRODUCTION -pthread -Wl,--no-as-needed -Wl,-ldl -Wl,-lm -Wno-unused-command-line-argument -O3 -fsanitize-coverage=trace-pc-guard -O2 -g -DNDEBUG -MD -MT third_party/zlib/CMakeFiles/minigzip.dir/test/minigzip.o -MF third_party/zlib/CMakeFiles/minigzip.dir/test/minigzip.o.d -o third_party/zlib/CMakeFiles/minigzip.dir/test/minigzip.o -c /src/bloaty/third_party/zlib/test/minigzip.c
#20 216.8 /src/bloaty/third_party/zlib/test/minigzip.c:18:10: fatal error: 'zlib.h' file not found
#20 216.8 #include "zlib.h"
#20 216.8          ^~~~~~~~
#20 216.8 1 error generated.
#20 218.7 [267/356] Building CXX object third_party/protobuf/cmake/CMakeFiles/libprotobuf.dir/__/src/google/protobuf/util/internal/protostream_objectwriter.cc.o
#20 219.6 [268/356] Building CXX object third_party/protobuf/cmake/CMakeFiles/libprotobuf.dir/__/src/google/protobuf/util/time_util.cc.o
#20 219.8 [269/356] Building CXX object third_party/protobuf/cmake/CMakeFiles/protoc.dir/__/src/google/protobuf/compiler/main.cc.o
#20 221.2 [270/356] Building CXX object third_party/protobuf/cmake/CMakeFiles/libprotobuf.dir/__/src/google/protobuf/util/type_resolver_util.cc.o
#20 221.6 [271/356] Building CXX object third_party/protobuf/cmake/CMakeFiles/libprotobuf.dir/__/src/google/protobuf/wrappers.pb.cc.o
#20 223.3 [272/356] Building CXX object third_party/protobuf/cmake/CMakeFiles/libprotobuf.dir/__/src/google/protobuf/wire_format.cc.o
#20 225.0 [273/356] Building CXX object third_party/protobuf/cmake/CMakeFiles/libprotobuf.dir/__/src/google/protobuf/util/message_differencer.cc.o
#20 225.0 ninja: build stopped: subcommand failed.
#20 225.0 Traceback (most recent call last):
#20 225.0   File "<string>", line 1, in <module>
#20 225.0   File "/src/fuzzers/afl/fuzzer.py", line 40, in build
#20 225.0     utils.build_benchmark()
#20 225.0   File "/src/fuzzers/utils.py", line 82, in build_benchmark
#20 225.0     subprocess.check_call(['/bin/bash', '-ex', build_script], env=env)
#20 225.0   File "/usr/local/lib/python3.8/subprocess.py", line 364, in check_call
#20 225.0     raise CalledProcessError(retcode, cmd)
#20 225.0 subprocess.CalledProcessError: Command '['/bin/bash', '-ex', '/src/build.sh']' returned non-zero exit status 1.
#20 ERROR: executor failed running [/bin/sh -c echo "Run fuzzer_build to build the target" && if [ -z "$debug_builder" ] ; then fuzzer_build; fi]: exit code: 1
------
 > importing cache manifest from gcr.io/fuzzbench/builders/afl/bloaty_bloaty:
------
------
 > [stage-1 13/13] RUN echo "Run fuzzer_build to build the target" && if [ -z "$debug_builder" ] ; then fuzzer_build; fi:
------
executor failed running [/bin/sh -c echo "Run fuzzer_build to build the target" && if [ -z "$debug_builder" ] ; then fuzzer_build; fi]: exit code: 1
make: *** [docker/generated.mk:2672308: .afl-bloaty_bloaty-builder] Error 1
/bin/sh: 1: source: not found
#1 [internal] load build definition from Dockerfile
#1 sha256:3ab63677985ff71e909b3440715427565cb52c59eb016f03b6a3ebe833167b80
#1 transferring dockerfile: 32B done
#1 DONE 0.0s

#2 [internal] load .dockerignore
#2 sha256:ab367d31f52939fea11c860c5a9e35138e264dec1e1ab17fc52079ee70689c76
#2 transferring context: 2B done
#2 DONE 0.0s

#3 [internal] load metadata for gcr.io/oss-fuzz-base/base-builder:latest
#3 sha256:f10dc39cc9d418a5bc416dead31a1902b6821fdae909cd3b08f7a3fd1faba7b5
#3 DONE 0.5s

#5 [1/5] FROM gcr.io/oss-fuzz-base/base-builder@sha256:f4e5ea12494fab091c5d830cf803b3421f2860f729b9d1b07da44924396cf8cf
#5 sha256:ef290950573a2779ee526af357b28fbddfc20d7409aa51f58f777c9e972cba29
#5 DONE 0.0s

#4 importing cache manifest from gcr.io/fuzzbench/builders/benchmark/bloaty_bloaty
#4 sha256:b7aa0be7cb2f342e6cf502669c40f13f41527c482d942d42adddb668e361a316
#4 DONE 0.0s

#9 [internal] load build context
#9 sha256:0ba565c22a37ea6077f3117dc2254a511465bc10b785d8d4dbc0cb43da66306f
#9 transferring context: 30B done
#9 DONE 0.0s

#8 [4/5] WORKDIR bloaty
#8 sha256:42b05e7c322f3aa6e298578c0e216bd71ec9b1e355080787919b1e08ff4a873e
#8 CACHED

#6 [2/5] RUN apt-get update && apt-get install -y cmake ninja-build g++
#6 sha256:dc3bc3ffcd325de26412a694a8944fd0393d8e118bcf05c25932b0dbf83b1338
#6 CACHED

#7 [3/5] RUN git clone --depth 1 https://github.com/google/bloaty.git bloaty
#7 sha256:711b050ff5646e79a91c08d41374bbbea9ed8e7fe5dd645cb48ffc3920bb9e04
#7 CACHED

#10 [5/5] COPY build.sh /src/
#10 sha256:4295d7b87f32830512d9db2c69480fc6bf382b3d261ef3da09f0cce0df768b35
#10 CACHED

#11 exporting to image
#11 sha256:e8c613e07b0b7ff33893b694f7759a10d42e180f2b4dc349fb57dc6b71dcab00
#11 exporting layers done
#11 writing image sha256:1a289ef2a62e51064156d599eab253c15d07dfa310a960ce563c9b789988875c
#11 writing image sha256:1a289ef2a62e51064156d599eab253c15d07dfa310a960ce563c9b789988875c 0.0s done
#11 naming to gcr.io/fuzzbench/builders/benchmark/bloaty_bloaty done
#11 DONE 0.1s

#12 exporting cache
#12 sha256:2700d4ef94dee473593c5c614b55b2dedcca7893909811a8f2b48291a1f581e4
#12 preparing build cache for export done
#12 DONE 0.0s
#1 [internal] load build definition from builder.Dockerfile
#1 sha256:1575250d4cc6eb6903dc1b30e16b087a82689572b6f41263305b6638d83270e4
#1 transferring dockerfile: 46B done
#1 DONE 0.0s

#2 [internal] load .dockerignore
#2 sha256:bd2dfd89e4384a456d928517237ed239424f8ac9803646a59cc37421e6f1bf6e
#2 transferring context: 2B done
#2 DONE 0.0s

#3 [internal] load metadata for gcr.io/fuzzbench/builders/benchmark/bloaty_bloaty:latest
#3 sha256:5ca45e47aa4a63dc7020fcc3e34584f7b001e78567410d2d068068db768e7aa8
#3 DONE 0.0s

#5 [1/3] FROM gcr.io/fuzzbench/builders/benchmark/bloaty_bloaty
#5 sha256:0d85986fe63012022a6b4fa0f55bac4442646bd250e5b22e33feb55d78a5ab2d
#5 DONE 0.0s

#4 importing cache manifest from gcr.io/fuzzbench/builders/afl/bloaty_bloaty-intermediate
#4 sha256:3c2a6ec70b27d0d8404b168e9175d8680eb414f5cd6fa9acc9e428add7f3659f
#4 DONE 0.0s

#6 [2/3] RUN git clone https://github.com/google/AFL.git /afl &&     cd /afl &&     git checkout 61037103ae3722c8060ff7082994836a794f978e &&     AFL_NO_X86=1 make
#6 sha256:4dbdb50a6028702636b7ee363ca56f949ded7e8dac20ba3fca2cdd60d21d4f08
#6 CACHED

#7 [3/3] RUN apt-get update &&     apt-get install wget -y &&     wget https://raw.githubusercontent.com/llvm/llvm-project/5feb80e748924606531ba28c97fe65145c65372e/compiler-rt/lib/fuzzer/afl/afl_driver.cpp -O /afl/afl_driver.cpp &&     clang -Wno-pointer-sign -c /afl/llvm_mode/afl-llvm-rt.o.c -I/afl &&     clang++ -stdlib=libc++ -std=c++11 -O2 -c /afl/afl_driver.cpp &&     ar r /libAFL.a *.o
#7 sha256:8ffeed4b35fdad864a27419b7366c881f098a0a50480a86ca40fb35928d900e7
#7 CACHED

#8 exporting to image
#8 sha256:e8c613e07b0b7ff33893b694f7759a10d42e180f2b4dc349fb57dc6b71dcab00
#8 exporting layers done
#8 writing image sha256:f8883f4e5803004a7af3897bb2c8d639094c90ca5349f528fe450771c10beebb done
#8 naming to gcr.io/fuzzbench/builders/afl/bloaty_bloaty-intermediate done
#8 DONE 0.1s

#9 exporting cache
#9 sha256:2700d4ef94dee473593c5c614b55b2dedcca7893909811a8f2b48291a1f581e4
#9 preparing build cache for export done
#9 DONE 0.0s
#1 [internal] load build definition from Dockerfile
#1 sha256:b80252b3ac671366f89eaaab914a96a8f2a3095be99d28138ed5b08312b9c715
#1 transferring dockerfile: 2.00kB done
#1 DONE 0.1s

#2 [internal] load .dockerignore
#2 sha256:729d0e3cbeb2782f43b10452f3336cff0b3bcb68a016c6b5ffbd011081486839
#2 transferring context: 34B done
#2 DONE 0.1s

#3 [internal] load metadata for docker.io/library/ubuntu:xenial
#3 sha256:f62bae18ed588840f045c881b2502661f2a89578a2f8f99b83f5200ee83dd25b
#3 DONE 0.0s

#5 [1/7] FROM docker.io/library/ubuntu:xenial
#5 sha256:14dd403f25ae9e519bd44f27dc17af7ce80f5a4f9f48ca88108364e67ec5d360
#5 DONE 0.0s

#4 importing cache manifest from gcr.io/fuzzbench/base-image
#4 sha256:9b220ebb4d4daceed1b96df9b6dca076e762f1cd612574f010b82d5b9e5ad896
#4 DONE 0.0s

#8 [internal] load build context
#8 sha256:5829c2c12df0e9e9fece9020f95f6134414c04046e3264ac004319b2090faeaa
#8 transferring context: 559B 0.0s done
#8 DONE 0.0s

#10 [5/7] RUN pip3 install -r /requirements.txt
#10 sha256:32172dc1f5ead59224a51a8d21a54a3322c6041ae610b41b2c013efd6b04e73f
#10 CACHED

#6 [2/7] RUN apt-get update -y && apt-get install -y     build-essential     rsync     curl     zlib1g-dev     libncurses5-dev     libgdbm-dev     libnss3-dev     libssl-dev     libreadline-dev     libffi-dev     virtualenv     libbz2-dev     liblzma-dev     libsqlite3-dev
#6 sha256:3a1b0960f17eed529eaae93dc8fd3554f2743dd584d8fa569cdbe6bc734371ac
#6 CACHED

#7 [3/7] RUN cd /tmp/ &&     curl -O https://www.python.org/ftp/python/3.8.6/Python-3.8.6.tar.xz &&     tar -xvf Python-3.8.6.tar.xz &&     cd Python-3.8.6 &&     ./configure --enable-loadable-sqlite-extensions --enable-optimizations &&     make -j install &&     rm -r /tmp/Python-3.8.6.tar.xz /tmp/Python-3.8.6
#7 sha256:c5b9d1fb3371e84dbc60b76e7b2f8d5913bc93bcd4910ab65daa03e7b2ec4bb0
#7 CACHED

#9 [4/7] COPY ./requirements.txt /
#9 sha256:1f81d9e560f2c4ad8d8670087d3b66cb028e1d171018bf1838cddb68c151f7b2
#9 CACHED

#11 [6/7] RUN apt-get update -y && apt-get install -y     apt-transport-https     lsb-release
#11 sha256:9288ae30464ab50b05aa0698c96d58a3b04a13b9cf4d76e2b66dfb8fab72eb77
#11 CACHED

#12 [7/7] RUN CLOUD_SDK_REPO="cloud-sdk-$(lsb_release -c -s)" &&     echo "deb https://packages.cloud.google.com/apt $CLOUD_SDK_REPO main"     | tee -a /etc/apt/sources.list.d/google-cloud-sdk.list &&     curl https://packages.cloud.google.com/apt/doc/apt-key.gpg     | apt-key add - &&     apt-get update -y &&     apt-get install -y google-cloud-sdk
#12 sha256:9bf29453e637c256f0adafd8571fb2627b7ee380e8a167318dc46346a1a3f7ad
#12 CACHED

#13 exporting to image
#13 sha256:e8c613e07b0b7ff33893b694f7759a10d42e180f2b4dc349fb57dc6b71dcab00
#13 exporting layers done
#13 writing image sha256:1b41dae4427763f93f7c63356068c8d0b6b6eda4730248e26cddeebab7c25a95 done
#13 naming to gcr.io/fuzzbench/base-image done
#13 DONE 0.0s

#14 exporting cache
#14 sha256:2700d4ef94dee473593c5c614b55b2dedcca7893909811a8f2b48291a1f581e4
#14 preparing build cache for export done
#14 DONE 0.0s
#1 [internal] load build definition from Dockerfile
#1 sha256:41814e5cd806300fb465eb0d8a9452f3ce34a6dc83deb114b2cce23d8cb2cdbe
#1 transferring dockerfile: 2.22kB done
#1 DONE 0.0s

#2 [internal] load .dockerignore
#2 sha256:030c3fba866cafe7d8ddd239f413d57d549d7c5df47828225d0d93494c8f66b8
#2 transferring context: 34B done
#2 DONE 0.0s

#4 [internal] load metadata for gcr.io/fuzzbench/base-image:latest
#4 sha256:932022888f650cc455b10eb5123bb08c0cccacac29a693e69314abbfd28a72c3
#4 DONE 0.0s

#3 [internal] load metadata for gcr.io/fuzzbench/builders/afl/bloaty_bloaty-intermediate:latest
#3 sha256:136fd587a10bfdcd02deaacfea788b613d9147c4de32a3cdd90e0fce72ed3bc9
#3 DONE 0.0s

#12 [internal] load build context
#12 sha256:8952168d63aa84c3ef1c790e2da5d12aad561eadd430568aeb57185493f1905d
#12 DONE 0.0s

#7 [base-image 1/1] FROM gcr.io/fuzzbench/base-image
#7 sha256:4d07825694520f8b6f6a0d8592dbd345433361ae044cb7f06706c5a95e3daaad
#7 DONE 0.0s

#6 [stage-1  1/13] FROM gcr.io/fuzzbench/builders/afl/bloaty_bloaty-intermediate
#6 sha256:f41f67ccf5593cc552c44ddafc0c3172a1b52abc25df7cb99fddedd29db8271a
#6 DONE 0.0s

#5 importing cache manifest from gcr.io/fuzzbench/builders/afl/bloaty_bloaty
#5 sha256:1da0833708728e9bc7f8c4845bd446bc48493b3fa07696a3cba692c1ca9b4243
#5 ERROR: gcr.io/fuzzbench/builders/afl/bloaty_bloaty:latest: not found

#12 [internal] load build context
#12 sha256:8952168d63aa84c3ef1c790e2da5d12aad561eadd430568aeb57185493f1905d
#12 transferring context: 669.86kB 0.1s done
#12 DONE 0.1s

#10 [stage-1  4/13] COPY --from=base-image /usr/local/include/python3.8 /usr/local/include/python3.8
#10 sha256:797db143817eecc24ba0fed317d060125efc234b2122b7e464631d47c2d24c27
#10 CACHED

#11 [stage-1  5/13] COPY --from=base-image /usr/local/lib/python3.8/site-packages /usr/local/lib/python3.8/site-packages
#11 sha256:d5c3fb4c4bb68c05f50ab6064d6c8f32f1a75f70277e7d180e8b9cae25bd3458
#11 CACHED

#14 [stage-1  7/13] RUN touch /src/__init__.py
#14 sha256:e15863b70ace0a4d8b94927ed25f17ad0195f54437517873fe15cbcf82239f17
#14 CACHED

#17 [stage-1 10/13] COPY docker/benchmark-builder/checkout_commit.py /opt/fuzzbench/
#17 sha256:c3a5f146dc11bc75b9f5a979b7785918b2e2e866c80d429bd566cbed83780311
#17 CACHED

#9 [stage-1  3/13] COPY --from=base-image /usr/local/lib/python3.8 /usr/local/lib/python3.8
#9 sha256:b462d4e5911566fe2018d00d5206a52ac99954e8dd37bb7808b280346a97d6e1
#9 CACHED

#13 [stage-1  6/13] COPY fuzzers /src/fuzzers
#13 sha256:4110a82d1ef10338dcf82cc30031c042abc4e9f6b78d9ee037a53a57056b7dab
#13 CACHED

#18 [stage-1 11/13] RUN export CHECKOUT_COMMIT=$(cat /benchmark.yaml | tr -d ' ' | grep 'commit:' | cut -d ':' -f2) &&     python3 -u /opt/fuzzbench/checkout_commit.py $CHECKOUT_COMMIT /src
#18 sha256:4beec0afa1d1771ec9738962412130b5b332b3148b1827ec7214764d2e33c61a
#18 CACHED

#8 [stage-1  2/13] COPY --from=base-image /usr/local/bin/python3* /usr/local/bin/
#8 sha256:0fa1c86b016064b8a809a5f12f64fc9ae7c109a4a81144e94c2129ceb6542f6b
#8 CACHED

#16 [stage-1  9/13] RUN mkdir /opt/fuzzbench/
#16 sha256:e50656b17112d8314fbc8b1653dab7ecae11947a1cd476ed48f069982d26ff9d
#16 CACHED

#15 [stage-1  8/13] COPY benchmarks/bloaty_bloaty/benchmark.yaml /
#15 sha256:7dd486bf42e42cc0671071687442a2b0a8f782651089416efa01a73d8703b328
#15 CACHED

#19 [stage-1 12/13] RUN echo "#!/bin/bash\nPYTHONPATH=/src python3 -u -c "from fuzzers import utils; utils.initialize_env(); from fuzzers.afl import fuzzer; fuzzer.build()"" > /usr/bin/fuzzer_build &&     chmod +x /usr/bin/fuzzer_build
#19 sha256:2fffabed208c1c5c3450d763d33a4d751a55e5fa0a28a55680dc2e96e208f03d
#19 CACHED

#20 [stage-1 13/13] RUN echo "Run fuzzer_build to build the target" && if [ -z "$debug_builder" ] ; then fuzzer_build; fi
#20 sha256:94391029fd47540bf8e36fc7969608102d72466c67adb7e326ee85eb0c91c401
#20 0.350 Run fuzzer_build to build the target
#20 0.461 FUZZ_TARGET = bloaty
#20 0.461 CFLAGS = -DFUZZING_BUILD_MODE_UNSAFE_FOR_PRODUCTION -pthread -Wl,--no-as-needed -Wl,-ldl -Wl,-lm -Wno-unused-command-line-argument -O3
#20 0.461 CXXFLAGS = -DFUZZING_BUILD_MODE_UNSAFE_FOR_PRODUCTION -pthread -Wl,--no-as-needed -Wl,-ldl -Wl,-lm -Wno-unused-command-line-argument -stdlib=libc++ -O3
#20 0.466 Building benchmark bloaty_bloaty with fuzzer afl
#20 0.469 + cd /work
#20 0.469 + cmake -G Ninja -DBUILD_TESTING=false /src/bloaty
#20 0.671 -- The C compiler identification is Clang 14.0.0
#20 0.915 -- The CXX compiler identification is Clang 14.0.0
#20 0.926 -- Detecting C compiler ABI info
#20 1.074 -- Detecting C compiler ABI info - done
#20 1.125 -- Check for working C compiler: /usr/local/bin/clang - skipped
#20 1.126 -- Detecting C compile features
#20 1.127 -- Detecting C compile features - done
#20 1.133 -- Detecting CXX compiler ABI info
#20 1.319 -- Detecting CXX compiler ABI info - done
#20 1.382 -- Check for working CXX compiler: /usr/local/bin/clang++ - skipped
#20 1.383 -- Detecting CXX compile features
#20 1.384 -- Detecting CXX compile features - done
#20 1.389 -- Could NOT find PkgConfig (missing: PKG_CONFIG_EXECUTABLE) 
#20 1.402 -- Could NOT find ZLIB (missing: ZLIB_LIBRARY ZLIB_INCLUDE_DIR) 
#20 1.402 -- Checking for one of the modules 're2'
#20 1.403 -- Checking for one of the modules 'capstone'
#20 1.404 -- Checking for one of the modules 'protobuf'
#20 1.404 -- System re2 not found, using bundled version
#20 1.404 -- System capstone not found, using bundled version
#20 1.404 -- System protobuf not found, using bundled version
#20 1.404 -- System zlib not found, using bundled version
#20 1.404 -- Setting build type to 'RelWithDebInfo' as none was specified.
#20 1.444 Submodule 'third_party/abseil-cpp' (https://github.com/abseil/abseil-cpp.git) registered for path 'third_party/abseil-cpp'
#20 1.445 Submodule 'third_party/capstone' (https://github.com/aquynh/capstone.git) registered for path 'third_party/capstone'
#20 1.445 Submodule 'third_party/demumble' (https://github.com/nico/demumble.git) registered for path 'third_party/demumble'
#20 1.446 Submodule 'third_party/googletest' (https://github.com/google/googletest.git) registered for path 'third_party/googletest'
#20 1.447 Submodule 'third_party/protobuf' (https://github.com/protocolbuffers/protobuf.git) registered for path 'third_party/protobuf'
#20 1.448 Submodule 'third_party/re2' (https://github.com/google/re2) registered for path 'third_party/re2'
#20 1.449 Submodule 'third_party/zlib' (https://github.com/madler/zlib) registered for path 'third_party/zlib'
#20 1.455 Cloning into '/src/bloaty/third_party/abseil-cpp'...
#20 3.311 Cloning into '/src/bloaty/third_party/capstone'...
#20 9.614 Cloning into '/src/bloaty/third_party/demumble'...
#20 10.18 Cloning into '/src/bloaty/third_party/googletest'...
#20 12.41 Cloning into '/src/bloaty/third_party/protobuf'...
#20 23.47 Cloning into '/src/bloaty/third_party/re2'...
#20 24.72 Cloning into '/src/bloaty/third_party/zlib'...
#20 28.05 Submodule path 'third_party/abseil-cpp': checked out '5dd240724366295970c613ed23d0092bcf392f18'
#20 28.40 Submodule path 'third_party/capstone': checked out '852f46a467cb37559a1f3a18bd45d5ca8c6fc5e7'
#20 28.43 Submodule path 'third_party/demumble': checked out '01098eab821b33bd31b9778aea38565cd796aa85'
#20 28.55 Submodule path 'third_party/googletest': checked out '565f1b848215b77c3732bca345fe76a0431d8b34'
#20 29.04 Submodule path 'third_party/protobuf': checked out 'bc1773c42c9c3c522145a3119e989e0dff2a8d54'
#20 29.05 Submodule 'third_party/benchmark' (https://github.com/google/benchmark.git) registered for path 'third_party/protobuf/third_party/benchmark'
#20 29.05 Submodule 'third_party/googletest' (https://github.com/google/googletest.git) registered for path 'third_party/protobuf/third_party/googletest'
#20 29.05 Cloning into '/src/bloaty/third_party/protobuf/third_party/benchmark'...
#20 30.08 Cloning into '/src/bloaty/third_party/protobuf/third_party/googletest'...
#20 32.49 Submodule path 'third_party/protobuf/third_party/benchmark': checked out '5b7683f49e1e9223cf9927b24f6fd3d6bd82e3f8'
#20 32.63 Submodule path 'third_party/protobuf/third_party/googletest': checked out '5ec7f0c4a113e2f18ac2c6cc7df51ad6afc24081'
#20 32.69 Submodule path 'third_party/re2': checked out '5bd613749fd530b576b890283bfb6bc6ea6246cb'
#20 32.77 Submodule path 'third_party/zlib': checked out 'cacf7f1d4e3d44d871b605da3b647f07d718623f'
#20 32.78 -- Looking for pthread.h
#20 32.96 -- Looking for pthread.h - found
#20 32.96 -- Performing Test CMAKE_HAVE_LIBC_PTHREAD
#20 33.12 -- Performing Test CMAKE_HAVE_LIBC_PTHREAD - Success
#20 33.13 -- Found Threads: TRUE  
#20 33.14 CMake Deprecation Warning at third_party/capstone/CMakeLists.txt:1 (cmake_minimum_required):
#20 33.14   Compatibility with CMake < 2.8.12 will be removed from a future version of
#20 33.14   CMake.
#20 33.14 
#20 33.14   Update the VERSION argument <min> value or use a ...<max> suffix to tell
#20 33.14   CMake that the project does not need compatibility with older versions.
#20 33.14 
#20 33.14 
#20 33.14 CMake Warning (dev) at third_party/capstone/CMakeLists.txt:2 (project):
#20 33.14   Policy CMP0048 is not set: project() command manages VERSION variables.
#20 33.14   Run "cmake --help-policy CMP0048" for policy details.  Use the cmake_policy
#20 33.14   command to set the policy and suppress this warning.
#20 33.14 
#20 33.14   The following variable(s) would be set to empty:
#20 33.14 
#20 33.14     PROJECT_VERSION
#20 33.14     PROJECT_VERSION_MAJOR
#20 33.14     PROJECT_VERSION_MINOR
#20 33.14 This warning is for project developers.  Use -Wno-dev to suppress it.
#20 33.14 
#20 33.14 CMake Deprecation Warning at third_party/capstone/CMakeLists.txt:18 (cmake_policy):
#20 33.14   The OLD behavior for policy CMP0048 will be removed from a future version
#20 33.14   of CMake.
#20 33.14 
#20 33.14   The cmake-policies(7) manual explains that the OLD behaviors of all
#20 33.14   policies are deprecated and that a policy should be set to OLD only under
#20 33.14   specific short-term circumstances.  Projects should be ported to the NEW
#20 33.14   behavior and not rely on setting a policy to OLD.
#20 33.14 
#20 33.14 
#20 33.14 Enabling CAPSTONE_ARM_SUPPORT
#20 33.14 Enabling CAPSTONE_ARM64_SUPPORT
#20 33.14 Enabling CAPSTONE_M68K_SUPPORT
#20 33.14 Enabling CAPSTONE_MIPS_SUPPORT
#20 33.14 Enabling CAPSTONE_PPC_SUPPORT
#20 33.14 Enabling CAPSTONE_SPARC_SUPPORT
#20 33.14 Enabling CAPSTONE_SYSZ_SUPPORT
#20 33.14 Enabling CAPSTONE_XCORE_SUPPORT
#20 33.14 Enabling CAPSTONE_X86_SUPPORT
#20 33.14 Enabling CAPSTONE_TMS320C64X_SUPPORT
#20 33.14 Enabling CAPSTONE_M680X_SUPPORT
#20 33.14 Enabling CAPSTONE_EVM_SUPPORT
#20 33.14 Enabling CAPSTONE_MOS65XX_SUPPORT
#20 33.15 -- 
#20 33.15 -- 3.9.1.0
#20 33.17 -- Could NOT find ZLIB (missing: ZLIB_LIBRARY ZLIB_INCLUDE_DIR) 
#20 33.17 -- Performing Test protobuf_HAVE_BUILTIN_ATOMICS
#20 33.58 -- Performing Test protobuf_HAVE_BUILTIN_ATOMICS - Success
#20 33.61 CMake Deprecation Warning at third_party/zlib/CMakeLists.txt:1 (cmake_minimum_required):
#20 33.61   Compatibility with CMake < 2.8.12 will be removed from a future version of
#20 33.61   CMake.
#20 33.61 
#20 33.61   Update the VERSION argument <min> value or use a ...<max> suffix to tell
#20 33.61   CMake that the project does not need compatibility with older versions.
#20 33.61 
#20 33.61 
#20 33.61 CMake Warning (dev) at third_party/zlib/CMakeLists.txt:4 (project):
#20 33.61   Policy CMP0048 is not set: project() command manages VERSION variables.
#20 33.61   Run "cmake --help-policy CMP0048" for policy details.  Use the cmake_policy
#20 33.61   command to set the policy and suppress this warning.
#20 33.61 
#20 33.61   The following variable(s) would be set to empty:
#20 33.61 
#20 33.61     PROJECT_VERSION
#20 33.61     PROJECT_VERSION_MAJOR
#20 33.61     PROJECT_VERSION_MINOR
#20 33.61 This warning is for project developers.  Use -Wno-dev to suppress it.
#20 33.61 
#20 33.61 -- Looking for sys/types.h
#20 33.77 -- Looking for sys/types.h - found
#20 33.77 -- Looking for stdint.h
#20 33.93 -- Looking for stdint.h - found
#20 33.93 -- Looking for stddef.h
#20 34.09 -- Looking for stddef.h - found
#20 34.09 -- Check size of off64_t
#20 34.30 -- Check size of off64_t - done
#20 34.30 -- Looking for fseeko
#20 34.46 -- Looking for fseeko - found
#20 34.46 -- Looking for unistd.h
#20 34.62 -- Looking for unistd.h - found
#20 34.62 -- Renaming
#20 34.62 --     /src/bloaty/third_party/zlib/zconf.h
#20 34.62 -- to 'zconf.h.included' because this file is included with zlib
#20 34.62 -- but CMake generates it automatically in the build directory.
#20 34.63 -- Performing Test SUPPORTS_COLOR_ALWAYS
#20 34.77 -- Performing Test SUPPORTS_COLOR_ALWAYS - Success
#20 34.77 LIB_FUZZING_ENGINE set, building fuzz_target instead of Bloaty
#20 34.77 -- Configuring done
#20 34.85 -- Generating done
#20 34.87 -- Build files have been written to: /work
#20 34.88 ++ nproc
#20 34.88 + ninja -j8
#20 38.03 [1/356] Building CXX object third_party/re2/CMakeFiles/re2.dir/re2/filtered_re2.cc.o
#20 38.07 [2/356] Building CXX object third_party/re2/CMakeFiles/re2.dir/re2/perl_groups.cc.o
#20 38.09 [3/356] Building CXX object third_party/re2/CMakeFiles/re2.dir/re2/bitstate.cc.o
#20 38.51 [4/356] Building CXX object third_party/re2/CMakeFiles/re2.dir/re2/mimics_pcre.cc.o
#20 38.72 [5/356] Building CXX object third_party/re2/CMakeFiles/re2.dir/re2/onepass.cc.o
#20 38.79 [6/356] Building CXX object third_party/re2/CMakeFiles/re2.dir/re2/nfa.cc.o
#20 40.80 [7/356] Building CXX object third_party/re2/CMakeFiles/re2.dir/re2/compile.cc.o
#20 41.19 [8/356] Building CXX object third_party/re2/CMakeFiles/re2.dir/re2/parse.cc.o
#20 42.25 [9/356] Building CXX object third_party/re2/CMakeFiles/re2.dir/re2/dfa.cc.o
#20 44.05 [10/356] Building CXX object third_party/re2/CMakeFiles/re2.dir/re2/prefilter.cc.o
#20 44.51 [11/356] Building CXX object third_party/re2/CMakeFiles/re2.dir/re2/re2.cc.o
#20 44.51 [12/356] Building CXX object third_party/re2/CMakeFiles/re2.dir/re2/prog.cc.o
#20 44.56 [13/356] Building CXX object third_party/re2/CMakeFiles/re2.dir/re2/unicode_casefold.cc.o
#20 44.57 [14/356] Building CXX object third_party/re2/CMakeFiles/re2.dir/re2/stringpiece.cc.o
#20 44.67 [15/356] Building CXX object third_party/re2/CMakeFiles/re2.dir/re2/prefilter_tree.cc.o
#20 44.73 [16/356] Building CXX object third_party/re2/CMakeFiles/re2.dir/util/rune.cc.o
#20 44.77 [17/356] Building CXX object third_party/re2/CMakeFiles/re2.dir/re2/unicode_groups.cc.o
#20 44.81 [18/356] Building C object third_party/capstone/CMakeFiles/capstone-static.dir/MCInstrDesc.c.o
#20 44.93 [19/356] Building C object third_party/capstone/CMakeFiles/capstone-static.dir/MCRegisterInfo.c.o
#20 44.96 [20/356] Building C object third_party/capstone/CMakeFiles/capstone-static.dir/MCInst.c.o
#20 45.13 [21/356] Building C object third_party/capstone/CMakeFiles/capstone-static.dir/SStream.c.o
#20 45.18 [22/356] Building C object third_party/capstone/CMakeFiles/capstone-static.dir/utils.c.o
#20 45.63 [23/356] Building C object third_party/capstone/CMakeFiles/capstone-static.dir/cs.c.o
#20 45.72 [24/356] Building CXX object third_party/re2/CMakeFiles/re2.dir/re2/set.cc.o
#20 45.87 [25/356] Building C object third_party/capstone/CMakeFiles/capstone-static.dir/arch/ARM/ARMModule.c.o
#20 45.99 [26/356] Building CXX object third_party/re2/CMakeFiles/re2.dir/re2/simplify.cc.o
#20 46.17 [27/356] Building C object third_party/capstone/CMakeFiles/capstone-static.dir/arch/AArch64/AArch64BaseInfo.c.o
#20 46.37 [28/356] Building CXX object third_party/re2/CMakeFiles/re2.dir/re2/regexp.cc.o
#20 46.37 [29/356] Building C object third_party/capstone/CMakeFiles/capstone-static.dir/arch/ARM/ARMMapping.c.o
#20 46.39 [30/356] Building CXX object third_party/re2/CMakeFiles/re2.dir/util/strutil.cc.o
#20 46.52 [31/356] Building C object third_party/capstone/CMakeFiles/capstone-static.dir/arch/AArch64/AArch64Module.c.o
#20 47.18 [32/356] Building C object third_party/capstone/CMakeFiles/capstone-static.dir/arch/AArch64/AArch64Mapping.c.o
#20 47.44 [33/356] Building C object third_party/capstone/CMakeFiles/capstone-static.dir/arch/Mips/MipsInstPrinter.c.o
#20 47.60 [34/356] Building C object third_party/capstone/CMakeFiles/capstone-static.dir/arch/Mips/MipsModule.c.o
#20 47.66 [35/356] Building C object third_party/capstone/CMakeFiles/capstone-static.dir/arch/Mips/MipsMapping.c.o
#20 48.38 [36/356] Building C object third_party/capstone/CMakeFiles/capstone-static.dir/arch/ARM/ARMInstPrinter.c.o
#20 48.49 [37/356] Building CXX object third_party/re2/CMakeFiles/re2.dir/re2/tostring.cc.o
#20 48.53 [38/356] Linking CXX static library third_party/re2/libre2.a
#20 48.69 [39/356] Building C object third_party/capstone/CMakeFiles/capstone-static.dir/arch/PowerPC/PPCModule.c.o
#20 48.90 [40/356] Building C object third_party/capstone/CMakeFiles/capstone-static.dir/arch/PowerPC/PPCMapping.c.o
#20 49.35 [41/356] Building C object third_party/capstone/CMakeFiles/capstone-static.dir/arch/PowerPC/PPCDisassembler.c.o
#20 49.69 [42/356] Building C object third_party/capstone/CMakeFiles/capstone-static.dir/arch/Mips/MipsDisassembler.c.o
#20 49.94 [43/356] Building C object third_party/capstone/CMakeFiles/capstone-static.dir/arch/X86/X86Disassembler.c.o
#20 50.11 [44/356] Building C object third_party/capstone/CMakeFiles/capstone-static.dir/arch/X86/X86Module.c.o
#20 50.77 [45/356] Building C object third_party/capstone/CMakeFiles/capstone-static.dir/arch/X86/X86IntelInstPrinter.c.o
#20 51.27 [46/356] Building C object third_party/capstone/CMakeFiles/capstone-static.dir/arch/AArch64/AArch64Disassembler.c.o
#20 51.69 [47/356] Building C object third_party/capstone/CMakeFiles/capstone-static.dir/arch/X86/X86ATTInstPrinter.c.o
#20 52.00 [48/356] Building C object third_party/capstone/CMakeFiles/capstone-static.dir/arch/Sparc/SparcDisassembler.c.o
#20 52.00 [49/356] Building C object third_party/capstone/CMakeFiles/capstone-static.dir/arch/Sparc/SparcMapping.c.o
#20 52.16 [50/356] Building C object third_party/capstone/CMakeFiles/capstone-static.dir/arch/Sparc/SparcModule.c.o
#20 52.58 [51/356] Building C object third_party/capstone/CMakeFiles/capstone-static.dir/arch/X86/X86Mapping.c.o
#20 52.75 [52/356] Building C object third_party/capstone/CMakeFiles/capstone-static.dir/arch/PowerPC/PPCInstPrinter.c.o
#20 52.90 [53/356] Building C object third_party/capstone/CMakeFiles/capstone-static.dir/arch/SystemZ/SystemZModule.c.o
#20 52.96 [54/356] Building C object third_party/capstone/CMakeFiles/capstone-static.dir/arch/SystemZ/SystemZMCTargetDesc.c.o
#20 53.29 [55/356] Building C object third_party/capstone/CMakeFiles/capstone-static.dir/arch/SystemZ/SystemZMapping.c.o
#20 53.31 [56/356] Building C object third_party/capstone/CMakeFiles/capstone-static.dir/arch/SystemZ/SystemZInstPrinter.c.o
#20 53.54 [57/356] Building C object third_party/capstone/CMakeFiles/capstone-static.dir/arch/XCore/XCoreMapping.c.o
#20 53.70 [58/356] Building C object third_party/capstone/CMakeFiles/capstone-static.dir/arch/XCore/XCoreModule.c.o
#20 53.75 [59/356] Building C object third_party/capstone/CMakeFiles/capstone-static.dir/arch/XCore/XCoreInstPrinter.c.o
#20 53.89 [60/356] Building C object third_party/capstone/CMakeFiles/capstone-static.dir/arch/X86/X86DisassemblerDecoder.c.o
#20 54.04 [61/356] Building C object third_party/capstone/CMakeFiles/capstone-static.dir/arch/M68K/M68KModule.c.o
#20 54.10 [62/356] Building C object third_party/capstone/CMakeFiles/capstone-static.dir/arch/M68K/M68KInstPrinter.c.o
#20 54.62 [63/356] Building C object third_party/capstone/CMakeFiles/capstone-static.dir/arch/TMS320C64x/TMS320C64xInstPrinter.c.o
#20 55.31 [64/356] Building C object third_party/capstone/CMakeFiles/capstone-static.dir/arch/XCore/XCoreDisassembler.c.o
#20 56.77 [65/356] Building C object third_party/capstone/CMakeFiles/capstone-static.dir/arch/Sparc/SparcInstPrinter.c.o
#20 57.03 [66/356] Building C object third_party/capstone/CMakeFiles/capstone-static.dir/arch/TMS320C64x/TMS320C64xMapping.c.o
#20 57.04 [67/356] Building C object third_party/capstone/CMakeFiles/capstone-static.dir/arch/TMS320C64x/TMS320C64xDisassembler.c.o
#20 57.17 [68/356] Building C object third_party/capstone/CMakeFiles/capstone-static.dir/arch/TMS320C64x/TMS320C64xModule.c.o
#20 57.51 [69/356] Building C object third_party/capstone/CMakeFiles/capstone-static.dir/arch/M680X/M680XInstPrinter.c.o
#20 57.63 [70/356] Building C object third_party/capstone/CMakeFiles/capstone-static.dir/arch/M68K/M68KDisassembler.c.o
#20 57.67 [71/356] Building C object third_party/capstone/CMakeFiles/capstone-static.dir/arch/M680X/M680XModule.c.o
#20 57.82 [72/356] Building C object third_party/capstone/CMakeFiles/capstone-static.dir/arch/EVM/EVMDisassembler.c.o
#20 57.83 [73/356] Building C object third_party/capstone/CMakeFiles/capstone-static.dir/arch/EVM/EVMInstPrinter.c.o
#20 57.98 [74/356] Building C object third_party/capstone/CMakeFiles/capstone-static.dir/arch/EVM/EVMModule.c.o
#20 58.01 [75/356] Building C object third_party/capstone/CMakeFiles/capstone-static.dir/arch/EVM/EVMMapping.c.o
#20 58.04 [76/356] Building CXX object third_party/protobuf/cmake/CMakeFiles/libprotobuf.dir/__/src/google/protobuf/stubs/time.cc.o
#20 58.13 [77/356] Building C object third_party/capstone/CMakeFiles/capstone-static.dir/arch/MOS65XX/MOS65XXModule.c.o
#20 58.27 [78/356] Building C object third_party/capstone/CMakeFiles/capstone-static.dir/arch/MOS65XX/MOS65XXDisassembler.c.o
#20 58.33 [79/356] Building C object third_party/capstone/CMakeFiles/capstone-static.dir/arch/SystemZ/SystemZDisassembler.c.o
#20 58.53 [80/356] Building C object third_party/capstone/CMakeFiles/capstone-static.dir/arch/AArch64/AArch64InstPrinter.c.o
#20 59.25 [81/356] Building C object third_party/capstone/CMakeFiles/capstone-static.dir/arch/M680X/M680XDisassembler.c.o
#20 60.09 [82/356] Building CXX object third_party/protobuf/cmake/CMakeFiles/libprotobuf.dir/__/src/google/protobuf/wire_format_lite.cc.o
#20 60.80 [83/356] Building CXX object third_party/protobuf/cmake/CMakeFiles/libprotobuf-lite.dir/__/src/google/protobuf/arena.cc.o
#20 60.85 [84/356] Building C object third_party/capstone/CMakeFiles/capstone-static.dir/arch/ARM/ARMDisassembler.c.o
#20 60.97 [85/356] Linking C static library third_party/capstone/libcapstone.a
#20 60.99 [86/356] Building CXX object third_party/protobuf/cmake/CMakeFiles/libprotobuf-lite.dir/__/src/google/protobuf/io/io_win32.cc.o
#20 61.49 [87/356] Building CXX object third_party/protobuf/cmake/CMakeFiles/libprotobuf-lite.dir/__/src/google/protobuf/any_lite.cc.o
#20 61.58 [88/356] Building CXX object third_party/protobuf/cmake/CMakeFiles/libprotobuf-lite.dir/__/src/google/protobuf/generated_enum_util.cc.o
#20 63.49 [89/356] Building CXX object third_party/protobuf/cmake/CMakeFiles/libprotobuf-lite.dir/__/src/google/protobuf/implicit_weak_message.cc.o
#20 63.50 [90/356] Building CXX object third_party/protobuf/cmake/CMakeFiles/libprotobuf-lite.dir/__/src/google/protobuf/io/strtod.cc.o
#20 63.68 [91/356] Building CXX object third_party/protobuf/cmake/CMakeFiles/libprotobuf-lite.dir/__/src/google/protobuf/io/zero_copy_stream.cc.o
#20 64.18 [92/356] Building CXX object third_party/protobuf/cmake/CMakeFiles/libprotobuf-lite.dir/__/src/google/protobuf/io/zero_copy_stream_impl.cc.o
#20 64.64 [93/356] Building CXX object third_party/protobuf/cmake/CMakeFiles/libprotobuf-lite.dir/__/src/google/protobuf/io/coded_stream.cc.o
#20 66.26 [94/356] Building CXX object third_party/protobuf/cmake/CMakeFiles/libprotobuf-lite.dir/__/src/google/protobuf/io/zero_copy_stream_impl_lite.cc.o
#20 67.40 [95/356] Building CXX object third_party/protobuf/cmake/CMakeFiles/libprotobuf-lite.dir/__/src/google/protobuf/stubs/bytestream.cc.o
#20 68.03 [96/356] Building CXX object third_party/protobuf/cmake/CMakeFiles/libprotobuf-lite.dir/__/src/google/protobuf/message_lite.cc.o
#20 69.01 [97/356] Building CXX object third_party/protobuf/cmake/CMakeFiles/libprotobuf-lite.dir/__/src/google/protobuf/parse_context.cc.o
#20 70.01 [98/356] Building CXX object third_party/protobuf/cmake/CMakeFiles/libprotobuf-lite.dir/__/src/google/protobuf/stubs/common.cc.o
#20 70.47 [99/356] Building CXX object third_party/protobuf/cmake/CMakeFiles/libprotobuf-lite.dir/__/src/google/protobuf/generated_message_table_driven_lite.cc.o
#20 70.48 [100/356] Building CXX object third_party/protobuf/cmake/CMakeFiles/libprotobuf-lite.dir/__/src/google/protobuf/stubs/int128.cc.o
#20 70.69 [101/356] Building CXX object third_party/protobuf/cmake/CMakeFiles/libprotobuf-lite.dir/__/src/google/protobuf/generated_message_util.cc.o
#20 71.05 [102/356] Building CXX object third_party/protobuf/cmake/CMakeFiles/libprotobuf-lite.dir/__/src/google/protobuf/extension_set.cc.o
#20 71.11 [103/356] Building CXX object third_party/protobuf/cmake/CMakeFiles/libprotobuf-lite.dir/__/src/google/protobuf/stubs/status.cc.o
#20 71.63 [104/356] Building CXX object third_party/protobuf/cmake/CMakeFiles/libprotobuf-lite.dir/__/src/google/protobuf/stubs/statusor.cc.o
#20 72.06 [105/356] Building CXX object third_party/protobuf/cmake/CMakeFiles/libprotobuf-lite.dir/__/src/google/protobuf/repeated_field.cc.o
#20 72.82 [106/356] Building CXX object third_party/protobuf/cmake/CMakeFiles/libprotobuf-lite.dir/__/src/google/protobuf/stubs/stringprintf.cc.o
#20 72.97 [107/356] Building CXX object third_party/protobuf/cmake/CMakeFiles/libprotobuf-lite.dir/__/src/google/protobuf/stubs/stringpiece.cc.o
#20 73.34 [108/356] Building CXX object third_party/protobuf/cmake/CMakeFiles/libprotobuf-lite.dir/__/src/google/protobuf/stubs/structurally_valid.cc.o
#20 74.17 [109/356] Building CXX object third_party/protobuf/cmake/CMakeFiles/libprotobuf-lite.dir/__/src/google/protobuf/stubs/time.cc.o
#20 75.95 [110/356] Building CXX object third_party/protobuf/cmake/CMakeFiles/libprotobuf-lite.dir/__/src/google/protobuf/wire_format_lite.cc.o
#20 76.28 [111/356] Building CXX object third_party/protobuf/cmake/CMakeFiles/libprotobuf-lite.dir/__/src/google/protobuf/stubs/strutil.cc.o
#20 76.33 [112/356] Linking CXX static library third_party/protobuf/cmake/libprotobuf-lite.a
#20 76.83 [113/356] Building CXX object third_party/protobuf/cmake/CMakeFiles/libprotoc.dir/__/src/google/protobuf/compiler/code_generator.cc.o
#20 80.49 [114/356] Building CXX object third_party/protobuf/cmake/CMakeFiles/libprotoc.dir/__/src/google/protobuf/compiler/cpp/cpp_extension.cc.o
#20 80.64 [115/356] Building CXX object third_party/protobuf/cmake/CMakeFiles/libprotoc.dir/__/src/google/protobuf/compiler/cpp/cpp_enum_field.cc.o
#20 81.07 [116/356] Building CXX object third_party/protobuf/cmake/CMakeFiles/libprotoc.dir/__/src/google/protobuf/compiler/cpp/cpp_field.cc.o
#20 82.23 [117/356] Building CXX object third_party/protobuf/cmake/CMakeFiles/libprotoc.dir/__/src/google/protobuf/compiler/cpp/cpp_enum.cc.o
#20 82.69 [118/356] Building CXX object third_party/protobuf/cmake/CMakeFiles/libprotoc.dir/__/src/google/protobuf/compiler/cpp/cpp_generator.cc.o
#20 88.42 [119/356] Building CXX object third_party/protobuf/cmake/CMakeFiles/libprotoc.dir/__/src/google/protobuf/compiler/cpp/cpp_map_field.cc.o
#20 89.52 [120/356] Building CXX object third_party/protobuf/cmake/CMakeFiles/libprotoc.dir/__/src/google/protobuf/compiler/command_line_interface.cc.o
#20 90.04 [121/356] Building CXX object third_party/protobuf/cmake/CMakeFiles/libprotoc.dir/__/src/google/protobuf/compiler/cpp/cpp_message_field.cc.o
#20 90.32 [122/356] Building CXX object third_party/protobuf/cmake/CMakeFiles/libprotoc.dir/__/src/google/protobuf/compiler/cpp/cpp_padding_optimizer.cc.o
#20 90.70 [123/356] Building CXX object third_party/protobuf/cmake/CMakeFiles/libprotoc.dir/__/src/google/protobuf/compiler/cpp/cpp_primitive_field.cc.o
#20 93.22 [124/356] Building CXX object third_party/protobuf/cmake/CMakeFiles/libprotoc.dir/__/src/google/protobuf/compiler/cpp/cpp_helpers.cc.o
#20 94.36 [125/356] Building CXX object third_party/protobuf/cmake/CMakeFiles/libprotoc.dir/__/src/google/protobuf/compiler/csharp/csharp_doc_comment.cc.o
#20 95.57 [126/356] Building CXX object third_party/protobuf/cmake/CMakeFiles/libprotoc.dir/__/src/google/protobuf/compiler/csharp/csharp_enum_field.cc.o
#20 95.68 [127/356] Building CXX object third_party/protobuf/cmake/CMakeFiles/libprotoc.dir/__/src/google/protobuf/compiler/cpp/cpp_service.cc.o
#20 96.35 [128/356] Building CXX object third_party/protobuf/cmake/CMakeFiles/libprotoc.dir/__/src/google/protobuf/compiler/csharp/csharp_enum.cc.o
#20 98.68 [129/356] Building CXX object third_party/protobuf/cmake/CMakeFiles/libprotoc.dir/__/src/google/protobuf/compiler/cpp/cpp_file.cc.o
#20 98.72 [130/356] Building CXX object third_party/protobuf/cmake/CMakeFiles/libprotoc.dir/__/src/google/protobuf/compiler/cpp/cpp_string_field.cc.o
#20 99.55 [131/356] Building CXX object third_party/protobuf/cmake/CMakeFiles/libprotoc.dir/__/src/google/protobuf/compiler/csharp/csharp_generator.cc.o
#20 101.1 [132/356] Building CXX object third_party/protobuf/cmake/CMakeFiles/libprotoc.dir/__/src/google/protobuf/compiler/csharp/csharp_map_field.cc.o
#20 101.3 [133/356] Building CXX object third_party/protobuf/cmake/CMakeFiles/libprotoc.dir/__/src/google/protobuf/compiler/csharp/csharp_field_base.cc.o
#20 101.5 [134/356] Building CXX object third_party/protobuf/cmake/CMakeFiles/libprotoc.dir/__/src/google/protobuf/compiler/csharp/csharp_helpers.cc.o
#20 104.1 [135/356] Building CXX object third_party/protobuf/cmake/CMakeFiles/libprotoc.dir/__/src/google/protobuf/compiler/csharp/csharp_message.cc.o
#20 104.2 [136/356] Building CXX object third_party/protobuf/cmake/CMakeFiles/libprotoc.dir/__/src/google/protobuf/compiler/csharp/csharp_message_field.cc.o
#20 104.4 [137/356] Building CXX object third_party/protobuf/cmake/CMakeFiles/libprotoc.dir/__/src/google/protobuf/compiler/csharp/csharp_primitive_field.cc.o
#20 105.8 [138/356] Building CXX object third_party/protobuf/cmake/CMakeFiles/libprotoc.dir/__/src/google/protobuf/compiler/csharp/csharp_repeated_enum_field.cc.o
#20 106.0 [139/356] Building CXX object third_party/protobuf/cmake/CMakeFiles/libprotoc.dir/__/src/google/protobuf/compiler/csharp/csharp_reflection_class.cc.o
#20 106.4 [140/356] Building CXX object third_party/protobuf/cmake/CMakeFiles/libprotoc.dir/__/src/google/protobuf/compiler/csharp/csharp_repeated_primitive_field.cc.o
#20 106.9 [141/356] Building CXX object third_party/protobuf/cmake/CMakeFiles/libprotoc.dir/__/src/google/protobuf/compiler/csharp/csharp_repeated_message_field.cc.o
#20 108.9 [142/356] Building CXX object third_party/protobuf/cmake/CMakeFiles/libprotoc.dir/__/src/google/protobuf/compiler/csharp/csharp_source_generator_base.cc.o
#20 109.8 [143/356] Building CXX object third_party/protobuf/cmake/CMakeFiles/libprotoc.dir/__/src/google/protobuf/compiler/csharp/csharp_wrapper_field.cc.o
#20 110.1 [144/356] Building CXX object third_party/protobuf/cmake/CMakeFiles/libprotoc.dir/__/src/google/protobuf/compiler/java/java_doc_comment.cc.o
#20 111.1 [145/356] Building CXX object third_party/protobuf/cmake/CMakeFiles/libprotoc.dir/__/src/google/protobuf/compiler/cpp/cpp_message.cc.o
#20 111.6 [146/356] Building CXX object third_party/protobuf/cmake/CMakeFiles/libprotoc.dir/__/src/google/protobuf/compiler/java/java_context.cc.o
#20 113.2 [147/356] Building CXX object third_party/protobuf/cmake/CMakeFiles/libprotoc.dir/__/src/google/protobuf/compiler/java/java_enum.cc.o
#20 113.7 [148/356] Building CXX object third_party/protobuf/cmake/CMakeFiles/libprotoc.dir/__/src/google/protobuf/compiler/java/java_enum_field.cc.o
#20 113.8 [149/356] Building CXX object third_party/protobuf/cmake/CMakeFiles/libprotoc.dir/__/src/google/protobuf/compiler/java/java_enum_field_lite.cc.o
#20 115.5 [150/356] Building CXX object third_party/protobuf/cmake/CMakeFiles/libprotoc.dir/__/src/google/protobuf/compiler/java/java_enum_lite.cc.o
#20 115.6 [151/356] Building CXX object third_party/protobuf/cmake/CMakeFiles/libprotoc.dir/__/src/google/protobuf/compiler/java/java_extension_lite.cc.o
#20 115.8 [152/356] Building CXX object third_party/protobuf/cmake/CMakeFiles/libprotoc.dir/__/src/google/protobuf/compiler/java/java_extension.cc.o
#20 117.6 [153/356] Building CXX object third_party/protobuf/cmake/CMakeFiles/libprotoc.dir/__/src/google/protobuf/compiler/java/java_field.cc.o
#20 118.4 [154/356] Building CXX object third_party/protobuf/cmake/CMakeFiles/libprotoc.dir/__/src/google/protobuf/compiler/java/java_generator_factory.cc.o
#20 119.6 [155/356] Building CXX object third_party/protobuf/cmake/CMakeFiles/libprotoc.dir/__/src/google/protobuf/compiler/java/java_generator.cc.o
#20 120.9 [156/356] Building CXX object third_party/protobuf/cmake/CMakeFiles/libprotoc.dir/__/src/google/protobuf/compiler/java/java_file.cc.o
#20 122.7 [157/356] Building CXX object third_party/protobuf/cmake/CMakeFiles/libprotoc.dir/__/src/google/protobuf/compiler/java/java_map_field_lite.cc.o
#20 122.9 [158/356] Building CXX object third_party/protobuf/cmake/CMakeFiles/libprotoc.dir/__/src/google/protobuf/compiler/java/java_map_field.cc.o
#20 123.1 [159/356] Building CXX object third_party/protobuf/cmake/CMakeFiles/libprotoc.dir/__/src/google/protobuf/compiler/java/java_helpers.cc.o
#20 124.2 [160/356] Building CXX object third_party/protobuf/cmake/CMakeFiles/libprotoc.dir/__/src/google/protobuf/compiler/java/java_message_builder_lite.cc.o
#20 125.0 [161/356] Building CXX object third_party/protobuf/cmake/CMakeFiles/libprotoc.dir/__/src/google/protobuf/compiler/java/java_message_builder.cc.o
#20 126.6 [162/356] Building CXX object third_party/protobuf/cmake/CMakeFiles/libprotoc.dir/__/src/google/protobuf/compiler/java/java_message_field.cc.o
#20 126.7 [163/356] Building CXX object third_party/protobuf/cmake/CMakeFiles/libprotoc.dir/__/src/google/protobuf/compiler/java/java_message.cc.o
#20 127.6 [164/356] Building CXX object third_party/protobuf/cmake/CMakeFiles/libprotoc.dir/__/src/google/protobuf/compiler/java/java_message_field_lite.cc.o
#20 128.7 [165/356] Building CXX object third_party/protobuf/cmake/CMakeFiles/libprotoc.dir/__/src/google/protobuf/compiler/java/java_name_resolver.cc.o
#20 130.7 [166/356] Building CXX object third_party/protobuf/cmake/CMakeFiles/libprotoc.dir/__/src/google/protobuf/compiler/java/java_message_lite.cc.o
#20 130.7 [167/356] Building CXX object third_party/protobuf/cmake/CMakeFiles/libprotoc.dir/__/src/google/protobuf/compiler/js/well_known_types_embed.cc.o
#20 131.7 [168/356] Building CXX object third_party/protobuf/cmake/CMakeFiles/libprotoc.dir/__/src/google/protobuf/compiler/java/java_primitive_field.cc.o
#20 131.8 [169/356] Building CXX object third_party/protobuf/cmake/CMakeFiles/libprotoc.dir/__/src/google/protobuf/compiler/java/java_service.cc.o
#20 132.6 [170/356] Building CXX object third_party/protobuf/cmake/CMakeFiles/libprotoc.dir/__/src/google/protobuf/compiler/java/java_primitive_field_lite.cc.o
#20 133.2 [171/356] Building CXX object third_party/protobuf/cmake/CMakeFiles/libprotoc.dir/__/src/google/protobuf/compiler/java/java_shared_code_generator.cc.o
#20 133.9 [172/356] Building CXX object third_party/protobuf/cmake/CMakeFiles/libprotoc.dir/__/src/google/protobuf/compiler/java/java_string_field.cc.o
#20 134.6 [173/356] Building CXX object third_party/protobuf/cmake/CMakeFiles/libprotoc.dir/__/src/google/protobuf/compiler/java/java_string_field_lite.cc.o
#20 137.6 [174/356] Building CXX object third_party/protobuf/cmake/CMakeFiles/libprotoc.dir/__/src/google/protobuf/compiler/objectivec/objectivec_enum_field.cc.o
#20 137.9 [175/356] Building CXX object third_party/protobuf/cmake/CMakeFiles/libprotoc.dir/__/src/google/protobuf/compiler/objectivec/objectivec_enum.cc.o
#20 138.3 [176/356] Building CXX object third_party/protobuf/cmake/CMakeFiles/libprotoc.dir/__/src/google/protobuf/compiler/objectivec/objectivec_extension.cc.o
#20 139.2 [177/356] Building CXX object third_party/protobuf/cmake/CMakeFiles/libprotoc.dir/__/src/google/protobuf/compiler/objectivec/objectivec_generator.cc.o
#20 140.9 [178/356] Building CXX object third_party/protobuf/cmake/CMakeFiles/libprotoc.dir/__/src/google/protobuf/compiler/objectivec/objectivec_field.cc.o
#20 141.8 [179/356] Building CXX object third_party/protobuf/cmake/CMakeFiles/libprotoc.dir/__/src/google/protobuf/compiler/objectivec/objectivec_file.cc.o
#20 144.2 [180/356] Building CXX object third_party/protobuf/cmake/CMakeFiles/libprotoc.dir/__/src/google/protobuf/compiler/objectivec/objectivec_message_field.cc.o
#20 144.6 [181/356] Building CXX object third_party/protobuf/cmake/CMakeFiles/libprotoc.dir/__/src/google/protobuf/compiler/objectivec/objectivec_map_field.cc.o
#20 145.3 [182/356] Building CXX object third_party/protobuf/cmake/CMakeFiles/libprotoc.dir/__/src/google/protobuf/compiler/objectivec/objectivec_oneof.cc.o
#20 146.8 [183/356] Building CXX object third_party/protobuf/cmake/CMakeFiles/libprotoc.dir/__/src/google/protobuf/compiler/objectivec/objectivec_primitive_field.cc.o
#20 147.9 [184/356] Building CXX object third_party/protobuf/cmake/CMakeFiles/libprotoc.dir/__/src/google/protobuf/compiler/objectivec/objectivec_helpers.cc.o
#20 148.3 [185/356] Building CXX object third_party/protobuf/cmake/CMakeFiles/libprotoc.dir/__/src/google/protobuf/compiler/objectivec/objectivec_message.cc.o
#20 149.8 [186/356] Building CXX object third_party/protobuf/cmake/CMakeFiles/libprotoc.dir/__/src/google/protobuf/compiler/plugin.cc.o
#20 151.7 [187/356] Building CXX object third_party/protobuf/cmake/CMakeFiles/libprotoc.dir/__/src/google/protobuf/compiler/subprocess.cc.o
#20 151.8 [188/356] Building CXX object third_party/protobuf/cmake/CMakeFiles/libprotoc.dir/__/src/google/protobuf/compiler/zip_writer.cc.o
#20 152.2 [189/356] Building CXX object third_party/protobuf/cmake/CMakeFiles/libprotoc.dir/__/src/google/protobuf/compiler/plugin.pb.cc.o
#20 154.3 [190/356] Building CXX object third_party/protobuf/cmake/CMakeFiles/libprotoc.dir/__/src/google/protobuf/compiler/ruby/ruby_generator.cc.o
#20 154.8 [191/356] Building CXX object third_party/protobuf/cmake/CMakeFiles/libprotobuf.dir/__/src/google/protobuf/stubs/structurally_valid.cc.o
#20 154.8 [192/356] Building CXX object third_party/protobuf/cmake/CMakeFiles/libprotoc.dir/__/src/google/protobuf/compiler/php/php_generator.cc.o
#20 155.0 [193/356] Building CXX object third_party/protobuf/cmake/CMakeFiles/libprotobuf.dir/__/src/google/protobuf/arena.cc.o
#20 155.4 [194/356] Building CXX object third_party/protobuf/cmake/CMakeFiles/libprotobuf.dir/__/src/google/protobuf/any_lite.cc.o
#20 155.8 [195/356] Building CXX object third_party/protobuf/cmake/CMakeFiles/libprotobuf.dir/__/src/google/protobuf/stubs/strutil.cc.o
#20 156.4 [196/356] Building CXX object third_party/protobuf/cmake/CMakeFiles/libprotoc.dir/__/src/google/protobuf/compiler/js/js_generator.cc.o
#20 156.4 [197/356] Building CXX object third_party/protobuf/cmake/CMakeFiles/libprotobuf.dir/__/src/google/protobuf/io/io_win32.cc.o
#20 158.1 [198/356] Building CXX object third_party/protobuf/cmake/CMakeFiles/libprotobuf.dir/__/src/google/protobuf/generated_enum_util.cc.o
#20 158.3 [199/356] Building CXX object third_party/protobuf/cmake/CMakeFiles/libprotoc.dir/__/src/google/protobuf/compiler/python/python_generator.cc.o
#20 158.9 [200/356] Building CXX object third_party/protobuf/cmake/CMakeFiles/libprotobuf.dir/__/src/google/protobuf/implicit_weak_message.cc.o
#20 158.9 [201/356] Building CXX object third_party/protobuf/cmake/CMakeFiles/libprotobuf.dir/__/src/google/protobuf/io/strtod.cc.o
#20 159.8 [202/356] Building CXX object third_party/protobuf/cmake/CMakeFiles/libprotobuf.dir/__/src/google/protobuf/io/coded_stream.cc.o
#20 160.3 [203/356] Building CXX object third_party/protobuf/cmake/CMakeFiles/libprotobuf.dir/__/src/google/protobuf/io/zero_copy_stream.cc.o
#20 161.0 [204/356] Building CXX object third_party/protobuf/cmake/CMakeFiles/libprotobuf.dir/__/src/google/protobuf/io/zero_copy_stream_impl.cc.o
#20 161.7 [205/356] Building CXX object third_party/protobuf/cmake/CMakeFiles/libprotobuf.dir/__/src/google/protobuf/io/zero_copy_stream_impl_lite.cc.o
#20 163.4 [206/356] Building CXX object third_party/protobuf/cmake/CMakeFiles/libprotobuf.dir/__/src/google/protobuf/message_lite.cc.o
#20 163.9 [207/356] Building CXX object third_party/protobuf/cmake/CMakeFiles/libprotobuf.dir/__/src/google/protobuf/stubs/bytestream.cc.o
#20 165.3 [208/356] Building CXX object third_party/protobuf/cmake/CMakeFiles/libprotobuf.dir/__/src/google/protobuf/parse_context.cc.o
#20 165.5 [209/356] Building CXX object third_party/protobuf/cmake/CMakeFiles/libprotobuf.dir/__/src/google/protobuf/stubs/common.cc.o
#20 166.5 [210/356] Building CXX object third_party/protobuf/cmake/CMakeFiles/libprotobuf.dir/__/src/google/protobuf/stubs/int128.cc.o
#20 166.6 [211/356] Building CXX object third_party/protobuf/cmake/CMakeFiles/libprotobuf.dir/__/src/google/protobuf/generated_message_util.cc.o
#20 167.1 [212/356] Building CXX object third_party/protobuf/cmake/CMakeFiles/libprotobuf.dir/__/src/google/protobuf/stubs/status.cc.o
#20 167.1 [213/356] Building CXX object third_party/protobuf/cmake/CMakeFiles/libprotobuf.dir/__/src/google/protobuf/generated_message_table_driven_lite.cc.o
#20 167.2 [214/356] Building CXX object third_party/protobuf/cmake/CMakeFiles/libprotobuf.dir/__/src/google/protobuf/extension_set.cc.o
#20 168.0 [215/356] Building CXX object third_party/protobuf/cmake/CMakeFiles/libprotobuf.dir/__/src/google/protobuf/stubs/statusor.cc.o
#20 168.4 [216/356] Building CXX object third_party/protobuf/cmake/CMakeFiles/libprotobuf.dir/__/src/google/protobuf/repeated_field.cc.o
#20 168.5 [217/356] Building CXX object third_party/protobuf/cmake/CMakeFiles/libprotobuf.dir/__/src/google/protobuf/stubs/stringpiece.cc.o
#20 169.0 [218/356] Building CXX object third_party/protobuf/cmake/CMakeFiles/libprotobuf.dir/__/src/google/protobuf/stubs/stringprintf.cc.o
#20 170.2 [219/356] Building CXX object third_party/protobuf/cmake/CMakeFiles/libprotobuf.dir/__/src/google/protobuf/any.cc.o
#20 171.5 [220/356] Building CXX object third_party/protobuf/cmake/CMakeFiles/libprotobuf.dir/__/src/google/protobuf/any.pb.cc.o
#20 173.6 [221/356] Building CXX object third_party/protobuf/cmake/CMakeFiles/libprotobuf.dir/__/src/google/protobuf/compiler/importer.cc.o
#20 174.0 [222/356] Building CXX object third_party/protobuf/cmake/CMakeFiles/libprotobuf.dir/__/src/google/protobuf/api.pb.cc.o
#20 174.5 [223/356] Building CXX object third_party/protobuf/cmake/CMakeFiles/libprotobuf.dir/__/src/google/protobuf/duration.pb.cc.o
#20 177.9 [224/356] Building CXX object third_party/protobuf/cmake/CMakeFiles/libprotobuf.dir/__/src/google/protobuf/empty.pb.cc.o
#20 178.4 [225/356] Building CXX object third_party/protobuf/cmake/CMakeFiles/libprotobuf.dir/__/src/google/protobuf/dynamic_message.cc.o
#20 179.1 [226/356] Building CXX object third_party/protobuf/cmake/CMakeFiles/libprotobuf.dir/__/src/google/protobuf/field_mask.pb.cc.o
#20 179.2 [227/356] Building CXX object third_party/protobuf/cmake/CMakeFiles/libprotobuf.dir/__/src/google/protobuf/io/gzip_stream.cc.o
#20 180.4 [228/356] Building CXX object third_party/protobuf/cmake/CMakeFiles/libprotobuf.dir/__/src/google/protobuf/descriptor_database.cc.o
#20 180.7 [229/356] Building CXX object third_party/protobuf/cmake/CMakeFiles/libprotobuf.dir/__/src/google/protobuf/extension_set_heavy.cc.o
#20 182.0 [230/356] Building CXX object third_party/protobuf/cmake/CMakeFiles/libprotobuf.dir/__/src/google/protobuf/compiler/parser.cc.o
#20 183.9 [231/356] Building CXX object third_party/protobuf/cmake/CMakeFiles/libprotobuf.dir/__/src/google/protobuf/io/printer.cc.o
#20 184.9 [232/356] Building CXX object third_party/protobuf/cmake/CMakeFiles/libprotobuf.dir/__/src/google/protobuf/io/tokenizer.cc.o
#20 187.2 [233/356] Building CXX object third_party/protobuf/cmake/CMakeFiles/libprotobuf.dir/__/src/google/protobuf/service.cc.o
#20 188.2 [234/356] Building CXX object third_party/protobuf/cmake/CMakeFiles/libprotobuf.dir/__/src/google/protobuf/map_field.cc.o
#20 190.0 [235/356] Building CXX object third_party/protobuf/cmake/CMakeFiles/libprotobuf.dir/__/src/google/protobuf/reflection_ops.cc.o
#20 190.9 [236/356] Building CXX object third_party/protobuf/cmake/CMakeFiles/libprotobuf.dir/__/src/google/protobuf/generated_message_reflection.cc.o
#20 191.2 [237/356] Building CXX object third_party/protobuf/cmake/CMakeFiles/libprotobuf.dir/__/src/google/protobuf/message.cc.o
#20 191.4 [238/356] Building CXX object third_party/protobuf/cmake/CMakeFiles/libprotobuf.dir/__/src/google/protobuf/generated_message_table_driven.cc.o
#20 191.8 [239/356] Building CXX object third_party/protobuf/cmake/CMakeFiles/libprotobuf.dir/__/src/google/protobuf/source_context.pb.cc.o
#20 192.5 [240/356] Building CXX object third_party/protobuf/cmake/CMakeFiles/libprotobuf.dir/__/src/google/protobuf/stubs/mathlimits.cc.o
#20 193.9 [241/356] Building CXX object third_party/protobuf/cmake/CMakeFiles/libprotobuf.dir/__/src/google/protobuf/stubs/substitute.cc.o
#20 195.8 [242/356] Building CXX object third_party/protobuf/cmake/CMakeFiles/libprotobuf.dir/__/src/google/protobuf/timestamp.pb.cc.o
#20 196.5 [243/356] Building CXX object third_party/protobuf/cmake/CMakeFiles/libprotobuf.dir/__/src/google/protobuf/descriptor.pb.cc.o
#20 196.9 [244/356] Building CXX object third_party/protobuf/cmake/CMakeFiles/libprotobuf.dir/__/src/google/protobuf/util/delimited_message_util.cc.o
#20 197.4 [245/356] Building CXX object third_party/protobuf/cmake/CMakeFiles/libprotobuf.dir/__/src/google/protobuf/unknown_field_set.cc.o
#20 199.0 [246/356] Building CXX object third_party/protobuf/cmake/CMakeFiles/libprotobuf.dir/__/src/google/protobuf/struct.pb.cc.o
#20 200.5 [247/356] Building CXX object third_party/protobuf/cmake/CMakeFiles/libprotobuf.dir/__/src/google/protobuf/util/field_comparator.cc.o
#20 200.7 [248/356] Building CXX object third_party/protobuf/cmake/CMakeFiles/libprotobuf.dir/__/src/google/protobuf/type.pb.cc.o
#20 201.7 [249/356] Building CXX object third_party/protobuf/cmake/CMakeFiles/libprotobuf.dir/__/src/google/protobuf/util/internal/error_listener.cc.o
#20 203.5 [250/356] Building CXX object third_party/protobuf/cmake/CMakeFiles/libprotobuf.dir/__/src/google/protobuf/util/internal/json_escaping.cc.o
#20 203.5 [251/356] Building CXX object third_party/protobuf/cmake/CMakeFiles/libprotobuf.dir/__/src/google/protobuf/util/field_mask_util.cc.o
#20 204.8 [252/356] Building CXX object third_party/protobuf/cmake/CMakeFiles/libprotobuf.dir/__/src/google/protobuf/util/internal/datapiece.cc.o
#20 206.2 [253/356] Building CXX object third_party/protobuf/cmake/CMakeFiles/libprotobuf.dir/__/src/google/protobuf/util/internal/field_mask_utility.cc.o
#20 206.5 [254/356] Building CXX object third_party/protobuf/cmake/CMakeFiles/libprotobuf.dir/__/src/google/protobuf/util/internal/default_value_objectwriter.cc.o
#20 206.6 [255/356] Building CXX object third_party/protobuf/cmake/CMakeFiles/libprotobuf.dir/__/src/google/protobuf/util/internal/json_objectwriter.cc.o
#20 206.7 [256/356] Building CXX object third_party/protobuf/cmake/CMakeFiles/libprotobuf.dir/__/src/google/protobuf/text_format.cc.o
#20 207.7 [257/356] Building CXX object third_party/protobuf/cmake/CMakeFiles/libprotobuf.dir/__/src/google/protobuf/util/internal/object_writer.cc.o
#20 208.7 [258/356] Building CXX object third_party/protobuf/cmake/CMakeFiles/libprotobuf.dir/__/src/google/protobuf/util/internal/json_stream_parser.cc.o
#20 211.6 [259/356] Building CXX object third_party/protobuf/cmake/CMakeFiles/libprotobuf.dir/__/src/google/protobuf/util/internal/type_info_test_helper.cc.o
#20 212.8 [260/356] Building CXX object third_party/protobuf/cmake/CMakeFiles/libprotobuf.dir/__/src/google/protobuf/descriptor.cc.o
#20 213.1 [261/356] Building CXX object third_party/protobuf/cmake/CMakeFiles/libprotobuf.dir/__/src/google/protobuf/util/internal/type_info.cc.o
#20 213.5 [262/356] Building CXX object third_party/protobuf/cmake/CMakeFiles/libprotobuf.dir/__/src/google/protobuf/util/internal/proto_writer.cc.o
#20 214.1 [263/356] Building CXX object third_party/protobuf/cmake/CMakeFiles/libprotobuf.dir/__/src/google/protobuf/util/internal/utility.cc.o
#20 214.2 [264/356] Building CXX object third_party/protobuf/cmake/CMakeFiles/libprotobuf.dir/__/src/google/protobuf/util/json_util.cc.o
#20 214.8 [265/356] Building CXX object third_party/protobuf/cmake/CMakeFiles/libprotobuf.dir/__/src/google/protobuf/util/internal/protostream_objectsource.cc.o
#20 214.8 [266/356] Building C object third_party/zlib/CMakeFiles/minigzip.dir/test/minigzip.o
#20 214.8 FAILED: third_party/zlib/CMakeFiles/minigzip.dir/test/minigzip.o 
#20 214.8 /usr/local/bin/clang -DUSE_RE2 -D_LARGEFILE64_SOURCE=1 -D_LIBCXXABI_FUNC_VIS="" -I/src/bloaty/third_party/re2 -I/src/bloaty/third_party/capstone/include -I/work/third_party/zlib -I/src/bloaty -isystem /src/bloaty/third_party/protobuf/src -DFUZZING_BUILD_MODE_UNSAFE_FOR_PRODUCTION -pthread -Wl,--no-as-needed -Wl,-ldl -Wl,-lm -Wno-unused-command-line-argument -O3 -fsanitize-coverage=trace-pc-guard -O2 -g -DNDEBUG -MD -MT third_party/zlib/CMakeFiles/minigzip.dir/test/minigzip.o -MF third_party/zlib/CMakeFiles/minigzip.dir/test/minigzip.o.d -o third_party/zlib/CMakeFiles/minigzip.dir/test/minigzip.o -c /src/bloaty/third_party/zlib/test/minigzip.c
#20 214.8 /src/bloaty/third_party/zlib/test/minigzip.c:18:10: fatal error: 'zlib.h' file not found
#20 214.8 #include "zlib.h"
#20 214.8          ^~~~~~~~
#20 214.8 1 error generated.
#20 216.3 [267/356] Building CXX object third_party/protobuf/cmake/CMakeFiles/libprotobuf.dir/__/src/google/protobuf/util/internal/protostream_objectwriter.cc.o
#20 216.6 [268/356] Building CXX object third_party/protobuf/cmake/CMakeFiles/libprotobuf.dir/__/src/google/protobuf/util/time_util.cc.o
#20 217.2 [269/356] Building CXX object third_party/protobuf/cmake/CMakeFiles/protoc.dir/__/src/google/protobuf/compiler/main.cc.o
#20 218.7 [270/356] Building CXX object third_party/protobuf/cmake/CMakeFiles/libprotobuf.dir/__/src/google/protobuf/util/type_resolver_util.cc.o
#20 219.4 [271/356] Building CXX object third_party/protobuf/cmake/CMakeFiles/libprotobuf.dir/__/src/google/protobuf/wrappers.pb.cc.o
#20 221.7 [272/356] Building CXX object third_party/protobuf/cmake/CMakeFiles/libprotobuf.dir/__/src/google/protobuf/wire_format.cc.o
#20 222.3 [273/356] Building CXX object third_party/protobuf/cmake/CMakeFiles/libprotobuf.dir/__/src/google/protobuf/util/message_differencer.cc.o
#20 222.3 ninja: build stopped: subcommand failed.
#20 222.3 Traceback (most recent call last):
#20 222.3   File "<string>", line 1, in <module>
#20 222.3   File "/src/fuzzers/afl/fuzzer.py", line 40, in build
#20 222.3     utils.build_benchmark()
#20 222.3   File "/src/fuzzers/utils.py", line 82, in build_benchmark
#20 222.3     subprocess.check_call(['/bin/bash', '-ex', build_script], env=env)
#20 222.3   File "/usr/local/lib/python3.8/subprocess.py", line 364, in check_call
#20 222.3     raise CalledProcessError(retcode, cmd)
#20 222.3 subprocess.CalledProcessError: Command '['/bin/bash', '-ex', '/src/build.sh']' returned non-zero exit status 1.
#20 ERROR: executor failed running [/bin/sh -c echo "Run fuzzer_build to build the target" && if [ -z "$debug_builder" ] ; then fuzzer_build; fi]: exit code: 1
------
 > importing cache manifest from gcr.io/fuzzbench/builders/afl/bloaty_bloaty:
------
------
 > [stage-1 13/13] RUN echo "Run fuzzer_build to build the target" && if [ -z "$debug_builder" ] ; then fuzzer_build; fi:
------
executor failed running [/bin/sh -c echo "Run fuzzer_build to build the target" && if [ -z "$debug_builder" ] ; then fuzzer_build; fi]: exit code: 1
make: *** [docker/generated.mk:2672308: .afl-bloaty_bloaty-builder] Error 1
