WARNING:root:gcloud not found in PATH.
INFO:root:Successfully integrated benchmark: libpng-proto_libpng_transforms_fuzzer.
INFO:root:Please run "make test-run-afl-libpng-proto_libpng_transforms_fuzzer" to test integration.
#2 [internal] load .dockerignore
#2 sha256:abba71e8f04d36183a61ed5fe80c3e402fb28ab9ab2e101e1a92453c7932792a
#2 transferring context: 2B done
#2 DONE 0.3s

#1 [internal] load build definition from Dockerfile
#1 sha256:008ff34d9671b3ac607719b86d503fb33a51e693e769d10ccc18002f49cef415
#1 transferring dockerfile: 1.23kB done
#1 DONE 0.3s

#3 [internal] load metadata for gcr.io/oss-fuzz-base/base-builder:latest
#3 sha256:f10dc39cc9d418a5bc416dead31a1902b6821fdae909cd3b08f7a3fd1faba7b5
#3 DONE 0.5s

#10 [internal] load build context
#10 sha256:f26666ca248f8511256f231a46cd5396b635f9a0e72c9dd07032de3924e01ff3
#10 DONE 0.0s

#5 [1/6] FROM gcr.io/oss-fuzz-base/base-builder@sha256:41d7bbe7827592680a606c9bba1aeb6e23c7502ce8b633923b06542f4c706e7c
#5 sha256:660db69324ed478291dd329cbbfe422dccbc173f9ab806c069fac341073eab8c
#5 DONE 0.0s

#4 importing cache manifest from gcr.io/fuzzbench/builders/benchmark/libpng-proto_libpng_transforms_fuzzer
#4 sha256:a6c3f17486d34fb221e9830c137d3e0231dc521cdeafe222873f342eed3d53bf
#4 ERROR: gcr.io/fuzzbench/builders/benchmark/libpng-proto_libpng_transforms_fuzzer:latest: not found

#7 [3/6] RUN git clone --depth 1 https://github.com/glennrp/libpng.git
#7 sha256:5dc00fa862443af3d27d644c2d65a0faca7a433f989a2b77bf82448f15b73e4c
#7 CACHED

#6 [2/6] RUN apt-get update &&     apt-get install -y make autoconf automake libtool zlib1g-dev ninja-build cmake
#6 sha256:4fc20019cb390fb1f040bcdd39a29ed107bc04128e84b0b7eb235a06bcb8673e
#6 CACHED

#8 [4/6] RUN git clone --depth 1 https://github.com/google/libprotobuf-mutator.git
#8 sha256:79e7e47577b03be5aec6785093d07e5bb1ac586af7308d0bb6d47560dcb5b8d5
#8 CACHED

#10 [internal] load build context
#10 sha256:f26666ca248f8511256f231a46cd5396b635f9a0e72c9dd07032de3924e01ff3
#10 transferring context: 5.43kB done
#10 DONE 0.2s

#9 [5/6] RUN (mkdir LPM && cd LPM && cmake ../libprotobuf-mutator -GNinja -DLIB_PROTO_MUTATOR_DOWNLOAD_PROTOBUF=ON -DLIB_PROTO_MUTATOR_TESTING=OFF && ninja)
#9 sha256:a747c847a03b50c9be0aea6acb35d8781db4f5bf879cdcce150a111643622905
#9 0.939 -- The CXX compiler identification is Clang 14.0.0
#9 0.956 -- Detecting CXX compiler ABI info
#9 1.055 -- Detecting CXX compiler ABI info - done
#9 1.074 -- Check for working CXX compiler: /usr/local/bin/clang++ - skipped
#9 1.074 -- Detecting CXX compile features
#9 1.076 -- Detecting CXX compile features - done
#9 1.159 -- The C compiler identification is Clang 14.0.0
#9 1.172 -- Detecting C compiler ABI info
#9 1.262 -- Detecting C compiler ABI info - done
#9 1.281 -- Check for working C compiler: /usr/local/bin/clang - skipped
#9 1.282 -- Detecting C compile features
#9 1.283 -- Detecting C compile features - done
#9 1.290 -- Looking for pthread.h
#9 1.391 -- Looking for pthread.h - found
#9 1.392 -- Performing Test CMAKE_HAVE_LIBC_PTHREAD
#9 1.497 -- Performing Test CMAKE_HAVE_LIBC_PTHREAD - Failed
#9 1.497 -- Check if compiler accepts -pthread
#9 1.608 -- Check if compiler accepts -pthread - yes
#9 1.611 -- Found Threads: TRUE  
#9 1.630 -- Could NOT find LibLZMA (missing: LIBLZMA_LIBRARY LIBLZMA_INCLUDE_DIR LIBLZMA_HAS_AUTO_DECODER LIBLZMA_HAS_EASY_ENCODER LIBLZMA_HAS_LZMA_PRESET) 
#9 1.661 -- Found ZLIB: /usr/lib/x86_64-linux-gnu/libz.so (found version "1.2.11") 
#9 1.663 -- Performing Test LIB_PROTO_MUTATOR_HAS_SANITIZE_ADDRESS
#9 2.090 -- Performing Test LIB_PROTO_MUTATOR_HAS_SANITIZE_ADDRESS - Success
#9 2.093 -- Performing Test LIB_PROTO_MUTATOR_HAS_SANITIZE_SCOPE
#9 2.530 -- Performing Test LIB_PROTO_MUTATOR_HAS_SANITIZE_SCOPE - Success
#9 2.533 -- Performing Test LIB_PROTO_MUTATOR_HAS_NO_COVERAGE
#9 2.665 -- Performing Test LIB_PROTO_MUTATOR_HAS_NO_COVERAGE - Success
#9 2.668 -- Performing Test LIB_PROTO_MUTATOR_HAS_SANITIZE_FUZZER
#9 2.985 -- Performing Test LIB_PROTO_MUTATOR_HAS_SANITIZE_FUZZER - Success
#9 2.988 -- Performing Test LIB_PROTO_MUTATOR_HAS_NO_SANITIZE_FUZZER
#9 3.120 -- Performing Test LIB_PROTO_MUTATOR_HAS_NO_SANITIZE_FUZZER - Success
#9 3.123 -- Performing Test LIB_PROTO_MUTATOR_HAS_WSTRING_CONVERSION
#9 3.256 -- Performing Test LIB_PROTO_MUTATOR_HAS_WSTRING_CONVERSION - Success
#9 3.279 -- Could NOT find Protobuf (missing: Protobuf_LIBRARIES Protobuf_INCLUDE_DIR) 
#9 3.468 -- Configuring done
#9 3.473 CMake Error: The following variables are used in this project, but they are set to NOTFOUND.
#9 3.473 Please set them or make sure they are set and tested correctly in the CMake files:
#9 3.473 LIBLZMA_LIBRARY (ADVANCED)
#9 3.473     linked by target "libxml2_example" in directory /src/libprotobuf-mutator/examples/libxml2
#9 3.473 
#9 3.519 -- Generating done
#9 3.525 CMake Generate step failed.  Build files cannot be regenerated correctly.
#9 ERROR: executor failed running [/bin/sh -c (mkdir LPM && cd LPM && cmake ../libprotobuf-mutator -GNinja -DLIB_PROTO_MUTATOR_DOWNLOAD_PROTOBUF=ON -DLIB_PROTO_MUTATOR_TESTING=OFF && ninja)]: exit code: 1
------
 > importing cache manifest from gcr.io/fuzzbench/builders/benchmark/libpng-proto_libpng_transforms_fuzzer:
------
------
 > [5/6] RUN (mkdir LPM && cd LPM && cmake ../libprotobuf-mutator -GNinja -DLIB_PROTO_MUTATOR_DOWNLOAD_PROTOBUF=ON -DLIB_PROTO_MUTATOR_TESTING=OFF && ninja):
------
executor failed running [/bin/sh -c (mkdir LPM && cd LPM && cmake ../libprotobuf-mutator -GNinja -DLIB_PROTO_MUTATOR_DOWNLOAD_PROTOBUF=ON -DLIB_PROTO_MUTATOR_TESTING=OFF && ninja)]: exit code: 1
make: *** [docker/generated.mk:34171: .libpng-proto_libpng_transforms_fuzzer-project-builder] Error 1
/bin/sh: 1: source: not found
#2 [internal] load .dockerignore
#2 sha256:7b3ae058573bbc7792330efe65acb9a748032e5812556c2d40128b7a139e36a0
#2 transferring context: 2B done
#2 ...

#1 [internal] load build definition from Dockerfile
#1 sha256:625581704ad774e5fdd1482d18df4aa7977296583552271744fad0b42308b528
#1 transferring dockerfile: 32B done
#1 DONE 1.2s

#2 [internal] load .dockerignore
#2 sha256:7b3ae058573bbc7792330efe65acb9a748032e5812556c2d40128b7a139e36a0
#2 DONE 1.2s

#3 [internal] load metadata for gcr.io/oss-fuzz-base/base-builder:latest
#3 sha256:f10dc39cc9d418a5bc416dead31a1902b6821fdae909cd3b08f7a3fd1faba7b5
#3 DONE 0.5s

#9 [internal] load build context
#9 sha256:0042d0bcafb3fb42a93e3a71ead4b6825bb9ac179249a5de552c1dd6394e97ae
#9 DONE 0.0s

#4 [1/6] FROM gcr.io/oss-fuzz-base/base-builder@sha256:41d7bbe7827592680a606c9bba1aeb6e23c7502ce8b633923b06542f4c706e7c
#4 sha256:660db69324ed478291dd329cbbfe422dccbc173f9ab806c069fac341073eab8c
#4 DONE 0.0s

#11 importing cache manifest from gcr.io/fuzzbench/builders/benchmark/libpng-proto_libpng_transforms_fuzzer
#11 sha256:a6c3f17486d34fb221e9830c137d3e0231dc521cdeafe222873f342eed3d53bf
#11 ERROR: gcr.io/fuzzbench/builders/benchmark/libpng-proto_libpng_transforms_fuzzer:latest: not found

#6 [3/6] RUN git clone --depth 1 https://github.com/glennrp/libpng.git
#6 sha256:5dc00fa862443af3d27d644c2d65a0faca7a433f989a2b77bf82448f15b73e4c
#6 CACHED

#5 [2/6] RUN apt-get update &&     apt-get install -y make autoconf automake libtool zlib1g-dev ninja-build cmake
#5 sha256:4fc20019cb390fb1f040bcdd39a29ed107bc04128e84b0b7eb235a06bcb8673e
#5 CACHED

#7 [4/6] RUN git clone --depth 1 https://github.com/google/libprotobuf-mutator.git
#7 sha256:79e7e47577b03be5aec6785093d07e5bb1ac586af7308d0bb6d47560dcb5b8d5
#7 CACHED

#9 [internal] load build context
#9 sha256:0042d0bcafb3fb42a93e3a71ead4b6825bb9ac179249a5de552c1dd6394e97ae
#9 transferring context: 117B done
#9 DONE 0.1s

#8 [5/6] RUN (mkdir LPM && cd LPM && cmake ../libprotobuf-mutator -GNinja -DLIB_PROTO_MUTATOR_DOWNLOAD_PROTOBUF=ON -DLIB_PROTO_MUTATOR_TESTING=OFF && ninja)
#8 sha256:a747c847a03b50c9be0aea6acb35d8781db4f5bf879cdcce150a111643622905
#8 0.794 -- The CXX compiler identification is Clang 14.0.0
#8 0.819 -- Detecting CXX compiler ABI info
#8 0.956 -- Detecting CXX compiler ABI info - done
#8 0.986 -- Check for working CXX compiler: /usr/local/bin/clang++ - skipped
#8 0.987 -- Detecting CXX compile features
#8 0.989 -- Detecting CXX compile features - done
#8 1.108 -- The C compiler identification is Clang 14.0.0
#8 1.126 -- Detecting C compiler ABI info
#8 1.250 -- Detecting C compiler ABI info - done
#8 1.282 -- Check for working C compiler: /usr/local/bin/clang - skipped
#8 1.283 -- Detecting C compile features
#8 1.285 -- Detecting C compile features - done
#8 1.294 -- Looking for pthread.h
#8 1.435 -- Looking for pthread.h - found
#8 1.436 -- Performing Test CMAKE_HAVE_LIBC_PTHREAD
#8 1.549 -- Performing Test CMAKE_HAVE_LIBC_PTHREAD - Failed
#8 1.549 -- Check if compiler accepts -pthread
#8 1.652 -- Check if compiler accepts -pthread - yes
#8 1.654 -- Found Threads: TRUE  
#8 1.668 -- Could NOT find LibLZMA (missing: LIBLZMA_LIBRARY LIBLZMA_INCLUDE_DIR LIBLZMA_HAS_AUTO_DECODER LIBLZMA_HAS_EASY_ENCODER LIBLZMA_HAS_LZMA_PRESET) 
#8 1.688 -- Found ZLIB: /usr/lib/x86_64-linux-gnu/libz.so (found version "1.2.11") 
#8 1.689 -- Performing Test LIB_PROTO_MUTATOR_HAS_SANITIZE_ADDRESS
#8 1.986 -- Performing Test LIB_PROTO_MUTATOR_HAS_SANITIZE_ADDRESS - Success
#8 1.988 -- Performing Test LIB_PROTO_MUTATOR_HAS_SANITIZE_SCOPE
#8 2.284 -- Performing Test LIB_PROTO_MUTATOR_HAS_SANITIZE_SCOPE - Success
#8 2.286 -- Performing Test LIB_PROTO_MUTATOR_HAS_NO_COVERAGE
#8 2.381 -- Performing Test LIB_PROTO_MUTATOR_HAS_NO_COVERAGE - Success
#8 2.383 -- Performing Test LIB_PROTO_MUTATOR_HAS_SANITIZE_FUZZER
#8 2.602 -- Performing Test LIB_PROTO_MUTATOR_HAS_SANITIZE_FUZZER - Success
#8 2.604 -- Performing Test LIB_PROTO_MUTATOR_HAS_NO_SANITIZE_FUZZER
#8 2.700 -- Performing Test LIB_PROTO_MUTATOR_HAS_NO_SANITIZE_FUZZER - Success
#8 2.702 -- Performing Test LIB_PROTO_MUTATOR_HAS_WSTRING_CONVERSION
#8 2.796 -- Performing Test LIB_PROTO_MUTATOR_HAS_WSTRING_CONVERSION - Success
#8 2.814 -- Could NOT find Protobuf (missing: Protobuf_LIBRARIES Protobuf_INCLUDE_DIR) 
#8 2.940 -- Configuring done
#8 2.944 CMake Error: The following variables are used in this project, but they are set to NOTFOUND.
#8 2.944 Please set them or make sure they are set and tested correctly in the CMake files:
#8 2.944 LIBLZMA_LIBRARY (ADVANCED)
#8 2.944     linked by target "libxml2_example" in directory /src/libprotobuf-mutator/examples/libxml2
#8 2.944 
#8 2.976 -- Generating done
#8 2.980 CMake Generate step failed.  Build files cannot be regenerated correctly.
#8 ERROR: executor failed running [/bin/sh -c (mkdir LPM && cd LPM && cmake ../libprotobuf-mutator -GNinja -DLIB_PROTO_MUTATOR_DOWNLOAD_PROTOBUF=ON -DLIB_PROTO_MUTATOR_TESTING=OFF && ninja)]: exit code: 1
------
 > importing cache manifest from gcr.io/fuzzbench/builders/benchmark/libpng-proto_libpng_transforms_fuzzer:
------
------
 > [5/6] RUN (mkdir LPM && cd LPM && cmake ../libprotobuf-mutator -GNinja -DLIB_PROTO_MUTATOR_DOWNLOAD_PROTOBUF=ON -DLIB_PROTO_MUTATOR_TESTING=OFF && ninja):
------
executor failed running [/bin/sh -c (mkdir LPM && cd LPM && cmake ../libprotobuf-mutator -GNinja -DLIB_PROTO_MUTATOR_DOWNLOAD_PROTOBUF=ON -DLIB_PROTO_MUTATOR_TESTING=OFF && ninja)]: exit code: 1
make: *** [docker/generated.mk:34171: .libpng-proto_libpng_transforms_fuzzer-project-builder] Error 1
