WARNING:root:gcloud not found in PATH.
INFO:root:Successfully integrated benchmark: leveldb_fuzz_db.
INFO:root:Please run "make test-run-afl-leveldb_fuzz_db" to test integration.
#1 [internal] load build definition from Dockerfile
#1 sha256:387ee6518d74b7f6858f7cbd4ee4770f457149b214e5d3ce2da2e3b5a6b8079b
#1 transferring dockerfile: 32B done
#1 DONE 0.0s

#2 [internal] load .dockerignore
#2 sha256:855435afc1ec33e8fe46daac442571a50a3ab48246dcd7a1298da7d5dd7a0622
#2 transferring context: 2B done
#2 DONE 0.0s

#3 [internal] load metadata for gcr.io/oss-fuzz-base/base-builder:latest
#3 sha256:f10dc39cc9d418a5bc416dead31a1902b6821fdae909cd3b08f7a3fd1faba7b5
#3 DONE 0.5s

#9 [internal] load build context
#9 sha256:b90981c01c5f6f2b48c38642da58215362d6cd7a8fa49d9059ef91744d438bd5
#9 DONE 0.0s

#5 [1/7] FROM gcr.io/oss-fuzz-base/base-builder@sha256:f4e5ea12494fab091c5d830cf803b3421f2860f729b9d1b07da44924396cf8cf
#5 sha256:ef290950573a2779ee526af357b28fbddfc20d7409aa51f58f777c9e972cba29
#5 DONE 0.0s

#4 importing cache manifest from gcr.io/fuzzbench/builders/benchmark/leveldb_fuzz_db
#4 sha256:7d9908ba63753cf2d6880d362a2da14457179d9fe10e6c5ba23b0512b16df63c
#4 ERROR: gcr.io/fuzzbench/builders/benchmark/leveldb_fuzz_db:latest: not found

#9 [internal] load build context
#9 sha256:b90981c01c5f6f2b48c38642da58215362d6cd7a8fa49d9059ef91744d438bd5
#9 transferring context: 3.13kB done
#9 DONE 0.0s

#6 [2/7] RUN apt-get update && apt-get install -y make autoconf automake libtool gettext pkg-config build-essential
#6 sha256:d3e9bc0e90033fb1cf04b38d3df2d698bc3abeb1cd1c756ba4ea7a49d6bdae55
#6 CACHED

#7 [3/7] RUN git clone --recurse-submodules https://github.com/google/leveldb.git
#7 sha256:39d1fe90ac2ca89d106215b5f192898be0cf56723b6413a7362b71f05ee7150a
#7 CACHED

#8 [4/7] WORKDIR /src/
#8 sha256:aaca341d0c5aeff56f26deb096091838a057371cbf57d313a3e8a2f03be0f24f
#8 CACHED

#10 [5/7] COPY build.sh /src/
#10 sha256:f7c8f1a68b4dcbf2a4eb684cd976aba171741abf73e964bc4fcf9de4f5a5b76f
#10 CACHED

#11 [6/7] COPY *.cc /src/leveldb/
#11 sha256:3f160e07f8f6c672877aa77d76c8350a87e2dc0f7e5e0d715453fb7aae4722b7
#11 DONE 0.1s

#12 [7/7] COPY *.options /src/
#12 sha256:b6d5ef7184f7fc74ee2e6939e685c464dcc133e14e1623166804a83e4c6463c9
#12 DONE 0.1s

#13 exporting to image
#13 sha256:e8c613e07b0b7ff33893b694f7759a10d42e180f2b4dc349fb57dc6b71dcab00
#13 exporting layers done
#13 writing image sha256:44e3a248c42c135cf654cbfc1f5dd74537b236c439e3f614916d6eab8d0ce4a3 done
#13 naming to gcr.io/fuzzbench/builders/benchmark/leveldb_fuzz_db done
#13 DONE 0.1s

#14 exporting cache
#14 sha256:2700d4ef94dee473593c5c614b55b2dedcca7893909811a8f2b48291a1f581e4
#14 preparing build cache for export done
#14 DONE 0.0s
------
 > importing cache manifest from gcr.io/fuzzbench/builders/benchmark/leveldb_fuzz_db:
------
#1 [internal] load build definition from builder.Dockerfile
#1 sha256:2f2217e87fb7f5ca015f40d3d59f9a31a377eb9acef9772fe242c56c81b403f7
#1 transferring dockerfile: 46B done
#1 DONE 0.0s

#2 [internal] load .dockerignore
#2 sha256:78d04f950f5d731f165608f34608316b1e4262d15b61cb7f6443303fd4fa9eb7
#2 transferring context: 2B done
#2 DONE 0.0s

#3 [internal] load metadata for gcr.io/fuzzbench/builders/benchmark/leveldb_fuzz_db:latest
#3 sha256:ad59758077779b46494dd0b5ee394dd956539929f38d0ef055ffec943d93d765
#3 DONE 0.0s

#5 [1/3] FROM gcr.io/fuzzbench/builders/benchmark/leveldb_fuzz_db
#5 sha256:192512c88e2b5a004f251c2fddc09f6400d6bdc8f14e3d01197363f8e5eaccad
#5 DONE 0.0s

#4 importing cache manifest from gcr.io/fuzzbench/builders/afl/leveldb_fuzz_db-intermediate
#4 sha256:8a057b9ed8fe4931bb76fec1a4952c832876696a003f9ff7b780a6b40ff6d6a0
#4 ERROR: gcr.io/fuzzbench/builders/afl/leveldb_fuzz_db-intermediate:latest: not found

#5 [1/3] FROM gcr.io/fuzzbench/builders/benchmark/leveldb_fuzz_db
#5 sha256:192512c88e2b5a004f251c2fddc09f6400d6bdc8f14e3d01197363f8e5eaccad
#5 DONE 0.2s

#6 [2/3] RUN git clone https://github.com/google/AFL.git /afl &&     cd /afl &&     git checkout 61037103ae3722c8060ff7082994836a794f978e &&     AFL_NO_X86=1 make
#6 sha256:df7616c957e934db6fcc7ee1849ab0b5d38f5f5bcd2a6cfa81fdef8e8b8f4ad1
#6 0.347 Cloning into '/afl'...
#6 1.433 Note: switching to '61037103ae3722c8060ff7082994836a794f978e'.
#6 1.433 
#6 1.433 You are in 'detached HEAD' state. You can look around, make experimental
#6 1.433 changes and commit them, and you can discard any commits you make in this
#6 1.433 state without impacting any branches by switching back to a branch.
#6 1.433 
#6 1.433 If you want to create a new branch to retain commits you create, you may
#6 1.433 do so (now or later) by using -c with the switch command. Example:
#6 1.433 
#6 1.433   git switch -c <new-branch-name>
#6 1.433 
#6 1.433 Or undo this operation with:
#6 1.433 
#6 1.433   git switch -
#6 1.433 
#6 1.433 Turn off this advice by setting config variable advice.detachedHead to false
#6 1.433 
#6 1.433 HEAD is now at 6103710 Fix a typo filename comparison in the fuzzer (#139)
#6 1.451 [!] Note: skipping x86 compilation checks (AFL_NO_X86 set).
#6 1.451 clang -O1 -fno-omit-frame-pointer -gline-tables-only -DFUZZING_BUILD_MODE_UNSAFE_FOR_PRODUCTION -Wall -D_FORTIFY_SOURCE=2 -g -Wno-pointer-sign -DAFL_PATH=\"/usr/local/lib/afl\" -DDOC_PATH=\"/usr/local/share/doc/afl\" -DBIN_PATH=\"/usr/local/bin\" afl-gcc.c -o afl-gcc -ldl
#6 1.625 set -e; for i in afl-g++ afl-clang afl-clang++; do ln -sf afl-gcc $i; done
#6 1.630 clang -O1 -fno-omit-frame-pointer -gline-tables-only -DFUZZING_BUILD_MODE_UNSAFE_FOR_PRODUCTION -Wall -D_FORTIFY_SOURCE=2 -g -Wno-pointer-sign -DAFL_PATH=\"/usr/local/lib/afl\" -DDOC_PATH=\"/usr/local/share/doc/afl\" -DBIN_PATH=\"/usr/local/bin\" afl-fuzz.c -o afl-fuzz -ldl
#6 4.000 clang -O1 -fno-omit-frame-pointer -gline-tables-only -DFUZZING_BUILD_MODE_UNSAFE_FOR_PRODUCTION -Wall -D_FORTIFY_SOURCE=2 -g -Wno-pointer-sign -DAFL_PATH=\"/usr/local/lib/afl\" -DDOC_PATH=\"/usr/local/share/doc/afl\" -DBIN_PATH=\"/usr/local/bin\" afl-showmap.c -o afl-showmap -ldl
#6 4.321 clang -O1 -fno-omit-frame-pointer -gline-tables-only -DFUZZING_BUILD_MODE_UNSAFE_FOR_PRODUCTION -Wall -D_FORTIFY_SOURCE=2 -g -Wno-pointer-sign -DAFL_PATH=\"/usr/local/lib/afl\" -DDOC_PATH=\"/usr/local/share/doc/afl\" -DBIN_PATH=\"/usr/local/bin\" afl-tmin.c -o afl-tmin -ldl
#6 4.749 clang -O1 -fno-omit-frame-pointer -gline-tables-only -DFUZZING_BUILD_MODE_UNSAFE_FOR_PRODUCTION -Wall -D_FORTIFY_SOURCE=2 -g -Wno-pointer-sign -DAFL_PATH=\"/usr/local/lib/afl\" -DDOC_PATH=\"/usr/local/share/doc/afl\" -DBIN_PATH=\"/usr/local/bin\" afl-gotcpu.c -o afl-gotcpu -ldl
#6 4.900 clang -O1 -fno-omit-frame-pointer -gline-tables-only -DFUZZING_BUILD_MODE_UNSAFE_FOR_PRODUCTION -Wall -D_FORTIFY_SOURCE=2 -g -Wno-pointer-sign -DAFL_PATH=\"/usr/local/lib/afl\" -DDOC_PATH=\"/usr/local/share/doc/afl\" -DBIN_PATH=\"/usr/local/bin\" afl-analyze.c -o afl-analyze -ldl
#6 5.297 clang -O1 -fno-omit-frame-pointer -gline-tables-only -DFUZZING_BUILD_MODE_UNSAFE_FOR_PRODUCTION -Wall -D_FORTIFY_SOURCE=2 -g -Wno-pointer-sign -DAFL_PATH=\"/usr/local/lib/afl\" -DDOC_PATH=\"/usr/local/share/doc/afl\" -DBIN_PATH=\"/usr/local/bin\" afl-as.c -o afl-as -ldl
#6 5.530 ln -sf afl-as as
#6 5.532 [!] Note: skipping build tests (you may need to use LLVM or QEMU mode).
#6 5.535 [+] LLVM users: see llvm_mode/README.llvm for a faster alternative to afl-gcc.
#6 5.536 [+] All done! Be sure to review README - it's pretty short and useful.
#6 DONE 5.6s

#7 [3/3] RUN apt-get update &&     apt-get install wget -y &&     wget https://raw.githubusercontent.com/llvm/llvm-project/5feb80e748924606531ba28c97fe65145c65372e/compiler-rt/lib/fuzzer/afl/afl_driver.cpp -O /afl/afl_driver.cpp &&     clang -Wno-pointer-sign -c /afl/llvm_mode/afl-llvm-rt.o.c -I/afl &&     clang++ -stdlib=libc++ -std=c++11 -O2 -c /afl/afl_driver.cpp &&     ar r /libAFL.a *.o
#7 sha256:b05ed52ba86ad06f87ff8f16d4b3e018d4d4d9c8e246d6523fd62255a57b40ad
#7 0.718 Hit:1 http://archive.ubuntu.com/ubuntu focal InRelease
#7 0.718 Hit:2 http://ppa.launchpad.net/git-core/ppa/ubuntu focal InRelease
#7 0.721 Hit:3 http://security.ubuntu.com/ubuntu focal-security InRelease
#7 0.725 Hit:4 http://archive.ubuntu.com/ubuntu focal-updates InRelease
#7 0.750 Hit:5 http://archive.ubuntu.com/ubuntu focal-backports InRelease
#7 1.574 Reading package lists...
#7 3.153 Reading package lists...
#7 4.562 Building dependency tree...
#7 4.773 Reading state information...
#7 5.018 wget is already the newest version (1.20.3-1ubuntu2).
#7 5.018 0 upgraded, 0 newly installed, 0 to remove and 3 not upgraded.
#7 5.025 --2022-02-15 23:46:17--  https://raw.githubusercontent.com/llvm/llvm-project/5feb80e748924606531ba28c97fe65145c65372e/compiler-rt/lib/fuzzer/afl/afl_driver.cpp
#7 5.028 Resolving raw.githubusercontent.com (raw.githubusercontent.com)... 185.199.110.133, 185.199.111.133, 185.199.108.133, ...
#7 5.030 Connecting to raw.githubusercontent.com (raw.githubusercontent.com)|185.199.110.133|:443... connected.
#7 5.052 HTTP request sent, awaiting response... 200 OK
#7 5.239 Length: 9177 (9.0K) [text/plain]
#7 5.239 Saving to: '/afl/afl_driver.cpp'
#7 5.240 
#7 5.240      0K ........                                              100% 3.77M=0.002s
#7 5.242 
#7 5.242 2022-02-15 23:46:17 (3.77 MB/s) - '/afl/afl_driver.cpp' saved [9177/9177]
#7 5.242 
#7 6.957 ar: creating /libAFL.a
#7 DONE 7.0s

#8 exporting to image
#8 sha256:e8c613e07b0b7ff33893b694f7759a10d42e180f2b4dc349fb57dc6b71dcab00
#8 exporting layers done
#8 writing image sha256:8eb3092076074f043d9694143fcb4bb98d9a78447471f23cc33cc06060d9f6bb done
#8 naming to gcr.io/fuzzbench/builders/afl/leveldb_fuzz_db-intermediate done
#8 DONE 0.1s

#9 exporting cache
#9 sha256:2700d4ef94dee473593c5c614b55b2dedcca7893909811a8f2b48291a1f581e4
#9 preparing build cache for export done
#9 DONE 0.0s
------
 > importing cache manifest from gcr.io/fuzzbench/builders/afl/leveldb_fuzz_db-intermediate:
------
#1 [internal] load build definition from Dockerfile
#1 sha256:0c235b8b0e57773e958a3bf6ca9e9d049da4ed397c7ee215e610c5d0584a4a51
#1 transferring dockerfile: 2.00kB done
#1 DONE 0.0s

#2 [internal] load .dockerignore
#2 sha256:4e0df9ec13b749e66d69cbac75cce6ea56ce2798dbaaef47e8b162e996097bd5
#2 transferring context: 34B done
#2 DONE 0.0s

#3 [internal] load metadata for docker.io/library/ubuntu:xenial
#3 sha256:f62bae18ed588840f045c881b2502661f2a89578a2f8f99b83f5200ee83dd25b
#3 DONE 0.0s

#5 [1/7] FROM docker.io/library/ubuntu:xenial
#5 sha256:14dd403f25ae9e519bd44f27dc17af7ce80f5a4f9f48ca88108364e67ec5d360
#5 DONE 0.0s

#4 importing cache manifest from gcr.io/fuzzbench/base-image
#4 sha256:9b220ebb4d4daceed1b96df9b6dca076e762f1cd612574f010b82d5b9e5ad896
#4 DONE 0.0s

#8 [internal] load build context
#8 sha256:9453c22b7785d5f0ce28328e7ccebbec352468733aaa09936d84f43e7e4b80ed
#8 transferring context: 559B 0.0s done
#8 DONE 0.0s

#6 [2/7] RUN apt-get update -y && apt-get install -y     build-essential     rsync     curl     zlib1g-dev     libncurses5-dev     libgdbm-dev     libnss3-dev     libssl-dev     libreadline-dev     libffi-dev     virtualenv     libbz2-dev     liblzma-dev     libsqlite3-dev
#6 sha256:3a1b0960f17eed529eaae93dc8fd3554f2743dd584d8fa569cdbe6bc734371ac
#6 CACHED

#7 [3/7] RUN cd /tmp/ &&     curl -O https://www.python.org/ftp/python/3.8.6/Python-3.8.6.tar.xz &&     tar -xvf Python-3.8.6.tar.xz &&     cd Python-3.8.6 &&     ./configure --enable-loadable-sqlite-extensions --enable-optimizations &&     make -j install &&     rm -r /tmp/Python-3.8.6.tar.xz /tmp/Python-3.8.6
#7 sha256:c5b9d1fb3371e84dbc60b76e7b2f8d5913bc93bcd4910ab65daa03e7b2ec4bb0
#7 CACHED

#10 [5/7] RUN pip3 install -r /requirements.txt
#10 sha256:8b06503d6d561e1307f3c8f73933f452a78b5e457131f62e056f73b53621c062
#10 CACHED

#11 [6/7] RUN apt-get update -y && apt-get install -y     apt-transport-https     lsb-release
#11 sha256:c3246ce776302d25324f404d8e8c43e09004c40f21fdfa8364723db30dca6ae5
#11 CACHED

#9 [4/7] COPY ./requirements.txt /
#9 sha256:5123c90a58a3a531481fc6ba09228adb99244953ace3f1bf2f3f6f81d43ed133
#9 CACHED

#12 [7/7] RUN CLOUD_SDK_REPO="cloud-sdk-$(lsb_release -c -s)" &&     echo "deb https://packages.cloud.google.com/apt $CLOUD_SDK_REPO main"     | tee -a /etc/apt/sources.list.d/google-cloud-sdk.list &&     curl https://packages.cloud.google.com/apt/doc/apt-key.gpg     | apt-key add - &&     apt-get update -y &&     apt-get install -y google-cloud-sdk
#12 sha256:75e1240037dfe99f4398143b7eed4dfbadfe0ae9059d7840fd404130497427bf
#12 CACHED

#13 exporting to image
#13 sha256:e8c613e07b0b7ff33893b694f7759a10d42e180f2b4dc349fb57dc6b71dcab00
#13 exporting layers done
#13 writing image sha256:139540fb22a119f888cb3e5ed6e013e8d868574697f5fb839e5da9e23de73e0a done
#13 naming to gcr.io/fuzzbench/base-image done
#13 DONE 0.0s

#14 exporting cache
#14 sha256:2700d4ef94dee473593c5c614b55b2dedcca7893909811a8f2b48291a1f581e4
#14 preparing build cache for export done
#14 DONE 0.0s
#1 [internal] load build definition from Dockerfile
#1 sha256:a7f198a6a9ccdb1a0ddf348decc20b0568ebd6a3ddee3e1e7ef7cc194ae64da3
#1 transferring dockerfile: 2.22kB done
#1 DONE 0.0s

#2 [internal] load .dockerignore
#2 sha256:5ea8ca8c5d4d0ad53cc7f35df1ab6d38d3f26b9503f1ac09b8ac1647ad6af1ff
#2 transferring context: 34B done
#2 DONE 0.0s

#4 [internal] load metadata for gcr.io/fuzzbench/base-image:latest
#4 sha256:932022888f650cc455b10eb5123bb08c0cccacac29a693e69314abbfd28a72c3
#4 DONE 0.0s

#3 [internal] load metadata for gcr.io/fuzzbench/builders/afl/leveldb_fuzz_db-intermediate:latest
#3 sha256:4dc07d8b67e379f49730d0b4c7cab30e0472567c6e59dcb822d815365e7be7eb
#3 DONE 0.0s

#12 [internal] load build context
#12 sha256:ed0ed66cd8ad3f3d7bf7d17846fcfe98dae04777a2d1859c5cd86823f06885a9
#12 DONE 0.0s

#7 [base-image 1/1] FROM gcr.io/fuzzbench/base-image
#7 sha256:4d07825694520f8b6f6a0d8592dbd345433361ae044cb7f06706c5a95e3daaad
#7 DONE 0.0s

#6 [stage-1  1/13] FROM gcr.io/fuzzbench/builders/afl/leveldb_fuzz_db-intermediate
#6 sha256:eaf84a818b23f8956fb6adc3cd42519d54b3a9a01c44f2149aaae5e12d3c1bf9
#6 DONE 0.0s

#5 importing cache manifest from gcr.io/fuzzbench/builders/afl/leveldb_fuzz_db
#5 sha256:65658048e93c249a88fcc56e5c597480afba36bf2337afd0a4c0b6151ad5f421
#5 ERROR: gcr.io/fuzzbench/builders/afl/leveldb_fuzz_db:latest: not found

#7 [base-image 1/1] FROM gcr.io/fuzzbench/base-image
#7 sha256:4d07825694520f8b6f6a0d8592dbd345433361ae044cb7f06706c5a95e3daaad
#7 CACHED

#12 [internal] load build context
#12 sha256:ed0ed66cd8ad3f3d7bf7d17846fcfe98dae04777a2d1859c5cd86823f06885a9
#12 transferring context: 669.87kB 0.1s done
#12 DONE 0.1s

#6 [stage-1  1/13] FROM gcr.io/fuzzbench/builders/afl/leveldb_fuzz_db-intermediate
#6 sha256:eaf84a818b23f8956fb6adc3cd42519d54b3a9a01c44f2149aaae5e12d3c1bf9
#6 DONE 0.2s

#8 [stage-1  2/13] COPY --from=base-image /usr/local/bin/python3* /usr/local/bin/
#8 sha256:4fbb53fb972da0208ba1c0a97272507d0cf286647cca91fe6b5a170a3bf09e98
#8 DONE 0.4s

#9 [stage-1  3/13] COPY --from=base-image /usr/local/lib/python3.8 /usr/local/lib/python3.8
#9 sha256:4ca1663c861abdb8a466f58e24fd96d6707c53608b0bd631c4396a7aba9381a2
#9 DONE 14.4s

#10 [stage-1  4/13] COPY --from=base-image /usr/local/include/python3.8 /usr/local/include/python3.8
#10 sha256:52e0a9f5eb1eb248e1dcae584fb20842eafb63be6379c67d8b10f1c2f0f1cc78
#10 DONE 0.3s

#11 [stage-1  5/13] COPY --from=base-image /usr/local/lib/python3.8/site-packages /usr/local/lib/python3.8/site-packages
#11 sha256:ea22dd75975af4ea21fddd49b0b9b5ee34b28419cf33e7572bd6cad8d553cab2
#11 DONE 18.1s

#13 [stage-1  6/13] COPY fuzzers /src/fuzzers
#13 sha256:f4e9668be5ab9fab3e329378b46fd7faddd98b1757be8468e1412e7742c5efb7
#13 DONE 0.4s

#14 [stage-1  7/13] RUN touch /src/__init__.py
#14 sha256:5d5787997f04c005f988b8293a2a661803c794bb64d8abe47f5e871c3dae97d0
#14 DONE 0.8s

#15 [stage-1  8/13] COPY benchmarks/leveldb_fuzz_db/benchmark.yaml /
#15 sha256:fd6821384befe94beb21f69471f2634e7e5f72c50bf2fa92f23d11c8d239383b
#15 DONE 0.3s

#16 [stage-1  9/13] RUN mkdir /opt/fuzzbench/
#16 sha256:aae4e4ad599107cb56439c9defb8b02e0c389a75c716ee4f473090f4bda48f11
#16 DONE 0.6s

#17 [stage-1 10/13] COPY docker/benchmark-builder/checkout_commit.py /opt/fuzzbench/
#17 sha256:8dc0b4b387b3b0aff2e80f81dd79b78994b317d67ee9fda71420d2404a7cb6d5
#17 DONE 0.2s

#18 [stage-1 11/13] RUN export CHECKOUT_COMMIT=$(cat /benchmark.yaml | tr -d ' ' | grep 'commit:' | cut -d ':' -f2) &&     python3 -u /opt/fuzzbench/checkout_commit.py $CHECKOUT_COMMIT /src
#18 sha256:ec776d2f8bcd5bdbbcaa37b4b99d9863eaa5b6653cf136666baaa42aba32e629
#18 0.493 Checking out commit 1d5a2cd8
#18 0.508 error: pathspec '1d5a2cd8' did not match any file(s) known to git
#18 0.518 error: pathspec '1d5a2cd8' did not match any file(s) known to git
#18 0.525 error: pathspec '1d5a2cd8' did not match any file(s) known to git
#18 0.559 error: pathspec '1d5a2cd8' did not match any file(s) known to git
#18 0.639 Checkout unsuccessful.
#18 DONE 0.8s

#19 [stage-1 12/13] RUN echo "#!/bin/bash\nPYTHONPATH=/src python3 -u -c "from fuzzers import utils; utils.initialize_env(); from fuzzers.afl import fuzzer; fuzzer.build()"" > /usr/bin/fuzzer_build &&     chmod +x /usr/bin/fuzzer_build
#19 sha256:dea7ed3dfe81efe13c9d492d1593878b13e77b4454659bfaaa09700ec4b11156
#19 DONE 0.7s

#20 [stage-1 13/13] RUN echo "Run fuzzer_build to build the target" && if [ -z "$debug_builder" ] ; then fuzzer_build; fi
#20 sha256:d5cd6cf8f808e08daca78e09227c22d66b53657f1625a5820b4993abadd9deba
#20 0.530 Run fuzzer_build to build the target
#20 0.672 FUZZ_TARGET = fuzz_db
#20 0.672 CFLAGS = -DFUZZING_BUILD_MODE_UNSAFE_FOR_PRODUCTION -pthread -Wl,--no-as-needed -Wl,-ldl -Wl,-lm -Wno-unused-command-line-argument -O3
#20 0.672 CXXFLAGS = -DFUZZING_BUILD_MODE_UNSAFE_FOR_PRODUCTION -pthread -Wl,--no-as-needed -Wl,-ldl -Wl,-lm -Wno-unused-command-line-argument -stdlib=libc++ -O3
#20 0.686 Building benchmark leveldb_fuzz_db with fuzzer afl
#20 0.690 + cd /src/leveldb
#20 0.690 + mkdir -p build
#20 0.692 + cd build
#20 0.692 + cmake -DCMAKE_BUILD_TYPE=Release ..
#20 0.911 -- The C compiler identification is Clang 14.0.0
#20 1.159 -- The CXX compiler identification is Clang 14.0.0
#20 1.170 -- Detecting C compiler ABI info
#20 1.333 -- Detecting C compiler ABI info - done
#20 1.383 -- Check for working C compiler: /usr/local/bin/clang - skipped
#20 1.383 -- Detecting C compile features
#20 1.384 -- Detecting C compile features - done
#20 1.391 -- Detecting CXX compiler ABI info
#20 1.578 -- Detecting CXX compiler ABI info - done
#20 1.643 -- Check for working CXX compiler: /usr/local/bin/clang++ - skipped
#20 1.644 -- Detecting CXX compile features
#20 1.645 -- Detecting CXX compile features - done
#20 1.647 -- Looking for unistd.h
#20 1.811 -- Looking for unistd.h - found
#20 1.812 -- Looking for crc32c_value in crc32c
#20 1.907 -- Looking for crc32c_value in crc32c - not found
#20 1.907 -- Looking for snappy_compress in snappy
#20 2.000 -- Looking for snappy_compress in snappy - not found
#20 2.000 -- Looking for malloc in tcmalloc
#20 2.098 -- Looking for malloc in tcmalloc - not found
#20 2.100 -- Looking for fdatasync
#20 2.313 -- Looking for fdatasync - found
#20 2.314 -- Looking for F_FULLFSYNC
#20 2.417 -- Looking for F_FULLFSYNC - not found
#20 2.418 -- Looking for O_CLOEXEC
#20 2.621 -- Looking for O_CLOEXEC - found
#20 2.626 -- Performing Test HAVE_CLANG_THREAD_SAFETY
#20 2.809 -- Performing Test HAVE_CLANG_THREAD_SAFETY - Success
#20 2.811 -- Performing Test LEVELDB_HAVE_NO_MISSING_FIELD_INITIALIZERS
#20 3.004 -- Performing Test LEVELDB_HAVE_NO_MISSING_FIELD_INITIALIZERS - Success
#20 3.005 -- Performing Test HAVE_CXX17_HAS_INCLUDE
#20 3.945 -- Performing Test HAVE_CXX17_HAS_INCLUDE - Success
#20 3.953 -- Looking for pthread.h
#20 4.123 -- Looking for pthread.h - found
#20 4.124 -- Performing Test CMAKE_HAVE_LIBC_PTHREAD
#20 4.295 -- Performing Test CMAKE_HAVE_LIBC_PTHREAD - Success
#20 4.298 -- Found Threads: TRUE  
#20 4.773 -- Found Python: /usr/local/bin/python3.8 (found version "3.8.6") found components: Interpreter 
#20 4.791 -- Failed to find LLVM FileCheck
#20 4.797 -- Found Git: /usr/bin/git (found version "2.35.1") 
#20 4.843 -- git Version: v1.5.3-7d0d9061
#20 4.843 -- Version: 1.5.3
#20 4.846 -- Performing Test HAVE_CXX_FLAG_STD_CXX11
#20 5.066 -- Performing Test HAVE_CXX_FLAG_STD_CXX11 - Success
#20 5.068 -- Performing Test HAVE_CXX_FLAG_WALL
#20 5.258 -- Performing Test HAVE_CXX_FLAG_WALL - Success
#20 5.260 -- Performing Test HAVE_CXX_FLAG_WEXTRA
#20 5.441 -- Performing Test HAVE_CXX_FLAG_WEXTRA - Success
#20 5.444 -- Performing Test HAVE_CXX_FLAG_WSHADOW
#20 5.636 -- Performing Test HAVE_CXX_FLAG_WSHADOW - Success
#20 5.639 -- Performing Test HAVE_CXX_FLAG_WERROR
#20 5.826 -- Performing Test HAVE_CXX_FLAG_WERROR - Success
#20 5.829 -- Performing Test HAVE_CXX_FLAG_WSUGGEST_OVERRIDE
#20 6.015 -- Performing Test HAVE_CXX_FLAG_WSUGGEST_OVERRIDE - Success
#20 6.018 -- Performing Test HAVE_CXX_FLAG_WSHORTEN_64_TO_32
#20 6.208 -- Performing Test HAVE_CXX_FLAG_WSHORTEN_64_TO_32 - Success
#20 6.211 -- Performing Test HAVE_CXX_FLAG_FSTRICT_ALIASING
#20 6.400 -- Performing Test HAVE_CXX_FLAG_FSTRICT_ALIASING - Success
#20 6.402 -- Performing Test HAVE_CXX_FLAG_WNO_DEPRECATED_DECLARATIONS
#20 6.584 -- Performing Test HAVE_CXX_FLAG_WNO_DEPRECATED_DECLARATIONS - Success
#20 6.585 -- Performing Test HAVE_CXX_FLAG_WNO_DEPRECATED
#20 6.784 -- Performing Test HAVE_CXX_FLAG_WNO_DEPRECATED - Success
#20 6.787 -- Performing Test HAVE_CXX_FLAG_FNO_EXCEPTIONS
#20 6.981 -- Performing Test HAVE_CXX_FLAG_FNO_EXCEPTIONS - Success
#20 6.983 -- Performing Test HAVE_CXX_FLAG_WSTRICT_ALIASING
#20 7.168 -- Performing Test HAVE_CXX_FLAG_WSTRICT_ALIASING - Success
#20 7.170 -- Performing Test HAVE_CXX_FLAG_WD654
#20 7.207 -- Performing Test HAVE_CXX_FLAG_WD654 - Failed
#20 7.210 -- Performing Test HAVE_CXX_FLAG_WTHREAD_SAFETY
#20 7.399 -- Performing Test HAVE_CXX_FLAG_WTHREAD_SAFETY - Success
#20 7.399 -- Performing Test HAVE_THREAD_SAFETY_ATTRIBUTES
#20 7.399 -- Performing Test HAVE_THREAD_SAFETY_ATTRIBUTES
#20 8.483 -- Performing Test HAVE_THREAD_SAFETY_ATTRIBUTES -- failed to compile
#20 8.485 -- Performing Test HAVE_CXX_FLAG_COVERAGE
#20 8.680 -- Performing Test HAVE_CXX_FLAG_COVERAGE - Success
#20 8.680 -- Performing Test HAVE_STD_REGEX
#20 8.680 -- Performing Test HAVE_STD_REGEX
#20 12.70 -- Performing Test HAVE_STD_REGEX -- success
#20 12.71 -- Performing Test HAVE_GNU_POSIX_REGEX
#20 12.71 -- Performing Test HAVE_GNU_POSIX_REGEX
#20 13.27 -- Performing Test HAVE_GNU_POSIX_REGEX -- failed to compile
#20 13.27 -- Performing Test HAVE_POSIX_REGEX
#20 13.27 -- Performing Test HAVE_POSIX_REGEX
#20 14.21 -- Performing Test HAVE_POSIX_REGEX -- success
#20 14.21 -- Performing Test HAVE_STEADY_CLOCK
#20 14.21 -- Performing Test HAVE_STEADY_CLOCK
#20 14.53 -- Performing Test HAVE_STEADY_CLOCK -- success
#20 14.56 -- Looking for sqlite3_open in sqlite3
#20 14.65 -- Looking for sqlite3_open in sqlite3 - not found
#20 14.65 -- Performing Test HAVE_KYOTOCABINET
#20 14.69 -- Performing Test HAVE_KYOTOCABINET - Failed
#20 14.69 -- Configuring done
#20 14.76 -- Generating done
#20 14.76 -- Build files have been written to: /src/leveldb/build
#20 14.77 + cmake --build .
#20 14.81 [  1%] Building CXX object CMakeFiles/leveldb.dir/db/builder.cc.o
#20 15.90 [  2%] Building CXX object CMakeFiles/leveldb.dir/db/c.cc.o
#20 17.03 [  3%] Building CXX object CMakeFiles/leveldb.dir/db/db_impl.cc.o
#20 20.19 [  4%] Building CXX object CMakeFiles/leveldb.dir/db/db_iter.cc.o
#20 21.34 [  5%] Building CXX object CMakeFiles/leveldb.dir/db/dbformat.cc.o
#20 22.67 [  6%] Building CXX object CMakeFiles/leveldb.dir/db/dumpfile.cc.o
#20 24.02 [  7%] Building CXX object CMakeFiles/leveldb.dir/db/filename.cc.o
#20 25.03 [  8%] Building CXX object CMakeFiles/leveldb.dir/db/log_reader.cc.o
#20 26.01 [  9%] Building CXX object CMakeFiles/leveldb.dir/db/log_writer.cc.o
#20 26.90 [ 10%] Building CXX object CMakeFiles/leveldb.dir/db/memtable.cc.o
#20 27.98 [ 11%] Building CXX object CMakeFiles/leveldb.dir/db/repair.cc.o
#20 30.04 [ 12%] Building CXX object CMakeFiles/leveldb.dir/db/table_cache.cc.o
#20 30.95 [ 13%] Building CXX object CMakeFiles/leveldb.dir/db/version_edit.cc.o
#20 32.45 [ 13%] Building CXX object CMakeFiles/leveldb.dir/db/version_set.cc.o
#20 35.72 [ 14%] Building CXX object CMakeFiles/leveldb.dir/db/write_batch.cc.o
#20 36.70 [ 15%] Building CXX object CMakeFiles/leveldb.dir/table/block_builder.cc.o
#20 37.69 [ 16%] Building CXX object CMakeFiles/leveldb.dir/table/block.cc.o
#20 38.70 [ 17%] Building CXX object CMakeFiles/leveldb.dir/table/filter_block.cc.o
#20 39.85 [ 18%] Building CXX object CMakeFiles/leveldb.dir/table/format.cc.o
#20 40.77 [ 19%] Building CXX object CMakeFiles/leveldb.dir/table/iterator.cc.o
#20 41.53 [ 20%] Building CXX object CMakeFiles/leveldb.dir/table/merger.cc.o
#20 42.40 [ 21%] Building CXX object CMakeFiles/leveldb.dir/table/table_builder.cc.o
#20 43.45 [ 22%] Building CXX object CMakeFiles/leveldb.dir/table/table.cc.o
#20 44.45 [ 23%] Building CXX object CMakeFiles/leveldb.dir/table/two_level_iterator.cc.o
#20 45.30 [ 24%] Building CXX object CMakeFiles/leveldb.dir/util/arena.cc.o
#20 46.04 [ 25%] Building CXX object CMakeFiles/leveldb.dir/util/bloom.cc.o
#20 46.80 [ 26%] Building CXX object CMakeFiles/leveldb.dir/util/cache.cc.o
#20 47.80 [ 27%] Building CXX object CMakeFiles/leveldb.dir/util/coding.cc.o
#20 48.65 [ 28%] Building CXX object CMakeFiles/leveldb.dir/util/comparator.cc.o
#20 49.46 [ 29%] Building CXX object CMakeFiles/leveldb.dir/util/crc32c.cc.o
#20 50.30 [ 29%] Building CXX object CMakeFiles/leveldb.dir/util/env.cc.o
#20 51.19 [ 30%] Building CXX object CMakeFiles/leveldb.dir/util/filter_policy.cc.o
#20 51.90 [ 31%] Building CXX object CMakeFiles/leveldb.dir/util/hash.cc.o
#20 52.69 [ 32%] Building CXX object CMakeFiles/leveldb.dir/util/logging.cc.o
#20 53.57 [ 33%] Building CXX object CMakeFiles/leveldb.dir/util/options.cc.o
#20 54.38 [ 34%] Building CXX object CMakeFiles/leveldb.dir/util/status.cc.o
#20 55.20 [ 35%] Building CXX object CMakeFiles/leveldb.dir/util/env_posix.cc.o
#20 57.72 [ 36%] Building CXX object CMakeFiles/leveldb.dir/helpers/memenv/memenv.cc.o
#20 59.26 [ 37%] Linking CXX static library libleveldb.a
#20 59.98 [ 37%] Built target leveldb
#20 60.00 [ 38%] Building CXX object third_party/googletest/googletest/CMakeFiles/gtest.dir/src/gtest-all.cc.o
#20 76.69 [ 39%] Linking CXX static library ../../../lib/libgtest.a
#20 76.71 [ 39%] Built target gtest
#20 76.73 [ 40%] Building CXX object third_party/googletest/googletest/CMakeFiles/gtest_main.dir/src/gtest_main.cc.o
#20 78.54 [ 41%] Linking CXX static library ../../../lib/libgtest_main.a
#20 78.56 [ 41%] Built target gtest_main
#20 78.57 [ 42%] Building CXX object third_party/googletest/googlemock/CMakeFiles/gmock.dir/src/gmock-all.cc.o
#20 83.52 [ 43%] Linking CXX static library ../../../lib/libgmock.a
#20 83.54 [ 43%] Built target gmock
#20 83.55 [ 44%] Building CXX object CMakeFiles/leveldb_tests.dir/util/status_test.cc.o
#20 85.65 [ 45%] Building CXX object CMakeFiles/leveldb_tests.dir/util/no_destructor_test.cc.o
#20 87.73 [ 46%] Building CXX object CMakeFiles/leveldb_tests.dir/util/testutil.cc.o
#20 90.02 [ 47%] Building CXX object CMakeFiles/leveldb_tests.dir/db/autocompact_test.cc.o
#20 93.15 [ 48%] Building CXX object CMakeFiles/leveldb_tests.dir/db/corruption_test.cc.o
#20 96.90 [ 49%] Building CXX object CMakeFiles/leveldb_tests.dir/db/db_test.cc.o
#20 108.5 [ 50%] Building CXX object CMakeFiles/leveldb_tests.dir/db/dbformat_test.cc.o
#20 110.9 [ 51%] Building CXX object CMakeFiles/leveldb_tests.dir/db/filename_test.cc.o
#20 113.4 [ 52%] Building CXX object CMakeFiles/leveldb_tests.dir/db/log_test.cc.o
#20 117.2 [ 52%] Building CXX object CMakeFiles/leveldb_tests.dir/db/recovery_test.cc.o
#20 121.4 [ 53%] Building CXX object CMakeFiles/leveldb_tests.dir/db/skiplist_test.cc.o
#20 124.7 [ 54%] Building CXX object CMakeFiles/leveldb_tests.dir/db/version_edit_test.cc.o
#20 127.2 [ 55%] Building CXX object CMakeFiles/leveldb_tests.dir/db/version_set_test.cc.o
#20 131.0 [ 56%] Building CXX object CMakeFiles/leveldb_tests.dir/db/write_batch_test.cc.o
#20 133.4 [ 57%] Building CXX object CMakeFiles/leveldb_tests.dir/helpers/memenv/memenv_test.cc.o
#20 137.2 [ 58%] Building CXX object CMakeFiles/leveldb_tests.dir/table/filter_block_test.cc.o
#20 139.9 [ 59%] Building CXX object CMakeFiles/leveldb_tests.dir/table/table_test.cc.o
#20 144.4 [ 60%] Building CXX object CMakeFiles/leveldb_tests.dir/util/arena_test.cc.o
#20 146.7 [ 61%] Building CXX object CMakeFiles/leveldb_tests.dir/util/bloom_test.cc.o
#20 149.7 [ 62%] Building CXX object CMakeFiles/leveldb_tests.dir/util/cache_test.cc.o
#20 152.6 [ 63%] Building CXX object CMakeFiles/leveldb_tests.dir/util/coding_test.cc.o
#20 155.4 [ 64%] Building CXX object CMakeFiles/leveldb_tests.dir/util/crc32c_test.cc.o
#20 157.6 [ 65%] Building CXX object CMakeFiles/leveldb_tests.dir/util/hash_test.cc.o
#20 159.7 [ 66%] Building CXX object CMakeFiles/leveldb_tests.dir/util/logging_test.cc.o
#20 162.2 [ 67%] Linking CXX executable leveldb_tests
#20 162.8 [ 67%] Built target leveldb_tests
#20 162.8 [ 68%] Building CXX object CMakeFiles/env_posix_test.dir/util/testutil.cc.o
#20 165.1 [ 69%] Building CXX object CMakeFiles/env_posix_test.dir/util/env_posix_test.cc.o
#20 168.9 [ 70%] Linking CXX executable env_posix_test
#20 169.2 [ 70%] Built target env_posix_test
#20 169.2 [ 71%] Building CXX object CMakeFiles/leveldbutil.dir/db/leveldbutil.cc.o
#20 170.1 [ 72%] Linking CXX executable leveldbutil
#20 170.4 [ 72%] Built target leveldbutil
#20 170.4 [ 73%] Building CXX object CMakeFiles/c_test.dir/util/testutil.cc.o
#20 172.7 [ 74%] Building C object CMakeFiles/c_test.dir/db/c_test.c.o
#20 172.9 [ 75%] Linking CXX executable c_test
#20 173.2 [ 75%] Built target c_test
#20 173.2 [ 75%] Building CXX object third_party/benchmark/src/CMakeFiles/benchmark.dir/benchmark.cc.o
#20 176.7 [ 76%] Building CXX object third_party/benchmark/src/CMakeFiles/benchmark.dir/benchmark_api_internal.cc.o
#20 178.2 [ 77%] Building CXX object third_party/benchmark/src/CMakeFiles/benchmark.dir/benchmark_name.cc.o
#20 179.4 [ 78%] Building CXX object third_party/benchmark/src/CMakeFiles/benchmark.dir/benchmark_register.cc.o
#20 185.4 [ 79%] Building CXX object third_party/benchmark/src/CMakeFiles/benchmark.dir/benchmark_runner.cc.o
#20 189.4 [ 80%] Building CXX object third_party/benchmark/src/CMakeFiles/benchmark.dir/colorprint.cc.o
#20 191.0 [ 81%] Building CXX object third_party/benchmark/src/CMakeFiles/benchmark.dir/commandlineflags.cc.o
#20 192.9 [ 82%] Building CXX object third_party/benchmark/src/CMakeFiles/benchmark.dir/complexity.cc.o
#20 194.2 /src/leveldb/third_party/benchmark/src/complexity.cc:85:10: error: variable 'sigma_gn' set but not used [-Werror,-Wunused-but-set-variable]
#20 194.2   double sigma_gn = 0.0;
#20 194.2          ^
#20 194.4 1 error generated.
#20 194.4 make[2]: *** [third_party/benchmark/src/CMakeFiles/benchmark.dir/build.make:174: third_party/benchmark/src/CMakeFiles/benchmark.dir/complexity.cc.o] Error 1
#20 194.4 make[1]: *** [CMakeFiles/Makefile2:452: third_party/benchmark/src/CMakeFiles/benchmark.dir/all] Error 2
#20 194.4 make: *** [Makefile:146: all] Error 2
#20 194.4 Traceback (most recent call last):
#20 194.4   File "<string>", line 1, in <module>
#20 194.4   File "/src/fuzzers/afl/fuzzer.py", line 40, in build
#20 194.4     utils.build_benchmark()
#20 194.4   File "/src/fuzzers/utils.py", line 82, in build_benchmark
#20 194.4     subprocess.check_call(['/bin/bash', '-ex', build_script], env=env)
#20 194.4   File "/usr/local/lib/python3.8/subprocess.py", line 364, in check_call
#20 194.4     raise CalledProcessError(retcode, cmd)
#20 194.4 subprocess.CalledProcessError: Command '['/bin/bash', '-ex', '/src/build.sh']' returned non-zero exit status 2.
#20 ERROR: executor failed running [/bin/sh -c echo "Run fuzzer_build to build the target" && if [ -z "$debug_builder" ] ; then fuzzer_build; fi]: exit code: 1
------
 > importing cache manifest from gcr.io/fuzzbench/builders/afl/leveldb_fuzz_db:
------
------
 > [stage-1 13/13] RUN echo "Run fuzzer_build to build the target" && if [ -z "$debug_builder" ] ; then fuzzer_build; fi:
------
executor failed running [/bin/sh -c echo "Run fuzzer_build to build the target" && if [ -z "$debug_builder" ] ; then fuzzer_build; fi]: exit code: 1
make: *** [docker/generated.mk:2694394: .afl-leveldb_fuzz_db-builder] Error 1
/bin/sh: 1: source: not found
#1 [internal] load build definition from Dockerfile
#1 sha256:fc248e3377204fb89e9ff7952966c99aa4c75ef102dcb0c512a73f0eaa9e6626
#1 transferring dockerfile: 32B done
#1 DONE 0.0s

#2 [internal] load .dockerignore
#2 sha256:d71797df5876a5bd772b422264170248c0d6ace50a9b463c3cf6409627880ae4
#2 transferring context: 2B done
#2 DONE 0.0s

#3 [internal] load metadata for gcr.io/oss-fuzz-base/base-builder:latest
#3 sha256:f10dc39cc9d418a5bc416dead31a1902b6821fdae909cd3b08f7a3fd1faba7b5
#3 DONE 0.4s

#5 [1/7] FROM gcr.io/oss-fuzz-base/base-builder@sha256:f4e5ea12494fab091c5d830cf803b3421f2860f729b9d1b07da44924396cf8cf
#5 sha256:ef290950573a2779ee526af357b28fbddfc20d7409aa51f58f777c9e972cba29
#5 DONE 0.0s

#4 importing cache manifest from gcr.io/fuzzbench/builders/benchmark/leveldb_fuzz_db
#4 sha256:7d9908ba63753cf2d6880d362a2da14457179d9fe10e6c5ba23b0512b16df63c
#4 DONE 0.0s

#9 [internal] load build context
#9 sha256:d7cd4c079b05c51e950cd8f0623b492416b41cbf072702b7d71c4a08ff5c29a2
#9 transferring context: 94B done
#9 DONE 0.0s

#8 [4/7] WORKDIR /src/
#8 sha256:aaca341d0c5aeff56f26deb096091838a057371cbf57d313a3e8a2f03be0f24f
#8 CACHED

#11 [6/7] COPY *.cc /src/leveldb/
#11 sha256:318d86e35d57fbc3e4bcf928ce571ce7c5d3f4c16a744fe5e01e312f74929d3b
#11 CACHED

#7 [3/7] RUN git clone --recurse-submodules https://github.com/google/leveldb.git
#7 sha256:39d1fe90ac2ca89d106215b5f192898be0cf56723b6413a7362b71f05ee7150a
#7 CACHED

#6 [2/7] RUN apt-get update && apt-get install -y make autoconf automake libtool gettext pkg-config build-essential
#6 sha256:d3e9bc0e90033fb1cf04b38d3df2d698bc3abeb1cd1c756ba4ea7a49d6bdae55
#6 CACHED

#10 [5/7] COPY build.sh /src/
#10 sha256:ef55eb6b28f90e0cf97968bb9098145fabbd7e0db01690c158ff7030a0e47645
#10 CACHED

#12 [7/7] COPY *.options /src/
#12 sha256:2f8e0937126c0c605492510bc7729065cf85051f1c8c48b848bffed620005182
#12 CACHED

#13 exporting to image
#13 sha256:e8c613e07b0b7ff33893b694f7759a10d42e180f2b4dc349fb57dc6b71dcab00
#13 exporting layers done
#13 writing image sha256:44e3a248c42c135cf654cbfc1f5dd74537b236c439e3f614916d6eab8d0ce4a3 done
#13 naming to gcr.io/fuzzbench/builders/benchmark/leveldb_fuzz_db done
#13 DONE 0.1s

#14 exporting cache
#14 sha256:2700d4ef94dee473593c5c614b55b2dedcca7893909811a8f2b48291a1f581e4
#14 preparing build cache for export done
#14 DONE 0.0s
#1 [internal] load build definition from builder.Dockerfile
#1 sha256:58362347434911da370276da18b9b67b38fe7d27b1a39f48ec80ea00231b62f1
#1 transferring dockerfile: 46B done
#1 DONE 0.1s

#2 [internal] load .dockerignore
#2 sha256:eef1b0354d8334240fa96cc76211c4a7de716c2c2bf08d8c5c1c798c0ccfd5eb
#2 transferring context: 2B done
#2 DONE 0.2s

#3 [internal] load metadata for gcr.io/fuzzbench/builders/benchmark/leveldb_fuzz_db:latest
#3 sha256:ad59758077779b46494dd0b5ee394dd956539929f38d0ef055ffec943d93d765
#3 DONE 0.0s

#4 importing cache manifest from gcr.io/fuzzbench/builders/afl/leveldb_fuzz_db-intermediate
#4 sha256:8a057b9ed8fe4931bb76fec1a4952c832876696a003f9ff7b780a6b40ff6d6a0
#4 DONE 0.0s

#5 [1/3] FROM gcr.io/fuzzbench/builders/benchmark/leveldb_fuzz_db
#5 sha256:192512c88e2b5a004f251c2fddc09f6400d6bdc8f14e3d01197363f8e5eaccad
#5 DONE 0.0s

#6 [2/3] RUN git clone https://github.com/google/AFL.git /afl &&     cd /afl &&     git checkout 61037103ae3722c8060ff7082994836a794f978e &&     AFL_NO_X86=1 make
#6 sha256:df7616c957e934db6fcc7ee1849ab0b5d38f5f5bcd2a6cfa81fdef8e8b8f4ad1
#6 CACHED

#7 [3/3] RUN apt-get update &&     apt-get install wget -y &&     wget https://raw.githubusercontent.com/llvm/llvm-project/5feb80e748924606531ba28c97fe65145c65372e/compiler-rt/lib/fuzzer/afl/afl_driver.cpp -O /afl/afl_driver.cpp &&     clang -Wno-pointer-sign -c /afl/llvm_mode/afl-llvm-rt.o.c -I/afl &&     clang++ -stdlib=libc++ -std=c++11 -O2 -c /afl/afl_driver.cpp &&     ar r /libAFL.a *.o
#7 sha256:b05ed52ba86ad06f87ff8f16d4b3e018d4d4d9c8e246d6523fd62255a57b40ad
#7 CACHED

#8 exporting to image
#8 sha256:e8c613e07b0b7ff33893b694f7759a10d42e180f2b4dc349fb57dc6b71dcab00
#8 exporting layers done
#8 writing image sha256:8eb3092076074f043d9694143fcb4bb98d9a78447471f23cc33cc06060d9f6bb done
#8 naming to gcr.io/fuzzbench/builders/afl/leveldb_fuzz_db-intermediate done
#8 DONE 0.1s

#9 exporting cache
#9 sha256:2700d4ef94dee473593c5c614b55b2dedcca7893909811a8f2b48291a1f581e4
#9 preparing build cache for export done
#9 DONE 0.0s
#1 [internal] load build definition from Dockerfile
#1 sha256:eed0a101380cc0357eec92a832d0059ecc5e93a7fb77931215036f32a40127b9
#1 transferring dockerfile: 2.00kB done
#1 DONE 0.0s

#2 [internal] load .dockerignore
#2 sha256:de8e89131ab0d8bebb611b81faa9468d2695349a2124b707d9250144d7da22f2
#2 transferring context: 34B done
#2 DONE 0.0s

#3 [internal] load metadata for docker.io/library/ubuntu:xenial
#3 sha256:f62bae18ed588840f045c881b2502661f2a89578a2f8f99b83f5200ee83dd25b
#3 DONE 0.0s

#5 [1/7] FROM docker.io/library/ubuntu:xenial
#5 sha256:14dd403f25ae9e519bd44f27dc17af7ce80f5a4f9f48ca88108364e67ec5d360
#5 DONE 0.0s

#4 importing cache manifest from gcr.io/fuzzbench/base-image
#4 sha256:9b220ebb4d4daceed1b96df9b6dca076e762f1cd612574f010b82d5b9e5ad896
#4 DONE 0.0s

#8 [internal] load build context
#8 sha256:587a8b86e21f52f395a4411a520c041d3f11def25a4f0bbad48cc6e87efb4d94
#8 transferring context: 559B 0.0s done
#8 DONE 0.0s

#7 [3/7] RUN cd /tmp/ &&     curl -O https://www.python.org/ftp/python/3.8.6/Python-3.8.6.tar.xz &&     tar -xvf Python-3.8.6.tar.xz &&     cd Python-3.8.6 &&     ./configure --enable-loadable-sqlite-extensions --enable-optimizations &&     make -j install &&     rm -r /tmp/Python-3.8.6.tar.xz /tmp/Python-3.8.6
#7 sha256:c5b9d1fb3371e84dbc60b76e7b2f8d5913bc93bcd4910ab65daa03e7b2ec4bb0
#7 CACHED

#6 [2/7] RUN apt-get update -y && apt-get install -y     build-essential     rsync     curl     zlib1g-dev     libncurses5-dev     libgdbm-dev     libnss3-dev     libssl-dev     libreadline-dev     libffi-dev     virtualenv     libbz2-dev     liblzma-dev     libsqlite3-dev
#6 sha256:3a1b0960f17eed529eaae93dc8fd3554f2743dd584d8fa569cdbe6bc734371ac
#6 CACHED

#9 [4/7] COPY ./requirements.txt /
#9 sha256:382d8369a04acc3aa7dbe06e49180672f60145d25b9776d2a41eaa2db8263efb
#9 CACHED

#10 [5/7] RUN pip3 install -r /requirements.txt
#10 sha256:033cb155650226f77f22863511dc57bb44f03730585e976f08985f8a59a948c4
#10 CACHED

#11 [6/7] RUN apt-get update -y && apt-get install -y     apt-transport-https     lsb-release
#11 sha256:4788d68690133094fad02dd3c9ff3e35f42ec709d71ad44c46a0edb7fec8f366
#11 CACHED

#12 [7/7] RUN CLOUD_SDK_REPO="cloud-sdk-$(lsb_release -c -s)" &&     echo "deb https://packages.cloud.google.com/apt $CLOUD_SDK_REPO main"     | tee -a /etc/apt/sources.list.d/google-cloud-sdk.list &&     curl https://packages.cloud.google.com/apt/doc/apt-key.gpg     | apt-key add - &&     apt-get update -y &&     apt-get install -y google-cloud-sdk
#12 sha256:155fdd5a098aad1e4113a188a49693cc9e60d821e280a5ae60c246fedeeedf8d
#12 CACHED

#13 exporting to image
#13 sha256:e8c613e07b0b7ff33893b694f7759a10d42e180f2b4dc349fb57dc6b71dcab00
#13 exporting layers done
#13 writing image sha256:139540fb22a119f888cb3e5ed6e013e8d868574697f5fb839e5da9e23de73e0a done
#13 naming to gcr.io/fuzzbench/base-image done
#13 DONE 0.0s

#14 exporting cache
#14 sha256:2700d4ef94dee473593c5c614b55b2dedcca7893909811a8f2b48291a1f581e4
#14 preparing build cache for export done
#14 DONE 0.0s
#1 [internal] load build definition from Dockerfile
#1 sha256:8dd66ae32082590a9304021a063ef214dba284ae0fd7bce626ad3142cea728a1
#1 transferring dockerfile: 2.22kB done
#1 DONE 0.0s

#2 [internal] load .dockerignore
#2 sha256:5eff74d6a75784e168fc8712e02fd95c8fc7278c37c73cd26050a81e542e0331
#2 transferring context: 34B done
#2 DONE 0.0s

#3 [internal] load metadata for gcr.io/fuzzbench/base-image:latest
#3 sha256:932022888f650cc455b10eb5123bb08c0cccacac29a693e69314abbfd28a72c3
#3 DONE 0.0s

#4 [internal] load metadata for gcr.io/fuzzbench/builders/afl/leveldb_fuzz_db-intermediate:latest
#4 sha256:4dc07d8b67e379f49730d0b4c7cab30e0472567c6e59dcb822d815365e7be7eb
#4 DONE 0.0s

#12 [internal] load build context
#12 sha256:a0e8ff9252c5afb17b569ba3f01617a5521ce765df8fcd7d4bfddba67b8c4b99
#12 DONE 0.0s

#7 [base-image 1/1] FROM gcr.io/fuzzbench/base-image
#7 sha256:4d07825694520f8b6f6a0d8592dbd345433361ae044cb7f06706c5a95e3daaad
#7 DONE 0.0s

#6 [stage-1  1/13] FROM gcr.io/fuzzbench/builders/afl/leveldb_fuzz_db-intermediate
#6 sha256:eaf84a818b23f8956fb6adc3cd42519d54b3a9a01c44f2149aaae5e12d3c1bf9
#6 DONE 0.0s

#5 importing cache manifest from gcr.io/fuzzbench/builders/afl/leveldb_fuzz_db
#5 sha256:65658048e93c249a88fcc56e5c597480afba36bf2337afd0a4c0b6151ad5f421
#5 ERROR: gcr.io/fuzzbench/builders/afl/leveldb_fuzz_db:latest: not found

#12 [internal] load build context
#12 sha256:a0e8ff9252c5afb17b569ba3f01617a5521ce765df8fcd7d4bfddba67b8c4b99
#12 transferring context: 669.87kB 0.1s done
#12 DONE 0.1s

#15 [stage-1  8/13] COPY benchmarks/leveldb_fuzz_db/benchmark.yaml /
#15 sha256:c33a1885af4c81f1db089fc282c6e1a13c5e9b442e94743c6b43e8df07294959
#15 CACHED

#17 [stage-1 10/13] COPY docker/benchmark-builder/checkout_commit.py /opt/fuzzbench/
#17 sha256:d40778abbbd379a754fda37bcbc817f5bb35cdbe4f3811930301370177798eff
#17 CACHED

#8 [stage-1  2/13] COPY --from=base-image /usr/local/bin/python3* /usr/local/bin/
#8 sha256:4fbb53fb972da0208ba1c0a97272507d0cf286647cca91fe6b5a170a3bf09e98
#8 CACHED

#18 [stage-1 11/13] RUN export CHECKOUT_COMMIT=$(cat /benchmark.yaml | tr -d ' ' | grep 'commit:' | cut -d ':' -f2) &&     python3 -u /opt/fuzzbench/checkout_commit.py $CHECKOUT_COMMIT /src
#18 sha256:118b4d141e079c29f2096e5dca1320af8b2baaeb0831b71c99b818275b27ddc2
#18 CACHED

#14 [stage-1  7/13] RUN touch /src/__init__.py
#14 sha256:1368e027500d2ea24fa8fbcb3f82dcd2606283193737e5fea723f372996ed4e3
#14 CACHED

#9 [stage-1  3/13] COPY --from=base-image /usr/local/lib/python3.8 /usr/local/lib/python3.8
#9 sha256:4ca1663c861abdb8a466f58e24fd96d6707c53608b0bd631c4396a7aba9381a2
#9 CACHED

#10 [stage-1  4/13] COPY --from=base-image /usr/local/include/python3.8 /usr/local/include/python3.8
#10 sha256:52e0a9f5eb1eb248e1dcae584fb20842eafb63be6379c67d8b10f1c2f0f1cc78
#10 CACHED

#11 [stage-1  5/13] COPY --from=base-image /usr/local/lib/python3.8/site-packages /usr/local/lib/python3.8/site-packages
#11 sha256:ea22dd75975af4ea21fddd49b0b9b5ee34b28419cf33e7572bd6cad8d553cab2
#11 CACHED

#16 [stage-1  9/13] RUN mkdir /opt/fuzzbench/
#16 sha256:7e59b012024dc1f5810ff0c9754b0d24f0cf101edd41f31232fdd9bfba4210c0
#16 CACHED

#13 [stage-1  6/13] COPY fuzzers /src/fuzzers
#13 sha256:709aa1ccf46d888f28b6a17c8bd818822ebf7d709bd2bf78c3cf10e859efaa14
#13 CACHED

#19 [stage-1 12/13] RUN echo "#!/bin/bash\nPYTHONPATH=/src python3 -u -c "from fuzzers import utils; utils.initialize_env(); from fuzzers.afl import fuzzer; fuzzer.build()"" > /usr/bin/fuzzer_build &&     chmod +x /usr/bin/fuzzer_build
#19 sha256:b7820cc6990ff2b89f4a8ab0ee3d023220711a4a789abdd0b77033f9a082872b
#19 CACHED

#20 [stage-1 13/13] RUN echo "Run fuzzer_build to build the target" && if [ -z "$debug_builder" ] ; then fuzzer_build; fi
#20 sha256:475aa4eb9e4999051d924fbcd543b56ec0c45bfd63adfc6b1987e22b203cca88
#20 0.333 Run fuzzer_build to build the target
#20 0.445 FUZZ_TARGET = fuzz_db
#20 0.445 CFLAGS = -DFUZZING_BUILD_MODE_UNSAFE_FOR_PRODUCTION -pthread -Wl,--no-as-needed -Wl,-ldl -Wl,-lm -Wno-unused-command-line-argument -O3
#20 0.445 CXXFLAGS = -DFUZZING_BUILD_MODE_UNSAFE_FOR_PRODUCTION -pthread -Wl,--no-as-needed -Wl,-ldl -Wl,-lm -Wno-unused-command-line-argument -stdlib=libc++ -O3
#20 0.451 Building benchmark leveldb_fuzz_db with fuzzer afl
#20 0.455 + cd /src/leveldb
#20 0.455 + mkdir -p build
#20 0.458 + cd build
#20 0.458 + cmake -DCMAKE_BUILD_TYPE=Release ..
#20 0.661 -- The C compiler identification is Clang 14.0.0
#20 0.908 -- The CXX compiler identification is Clang 14.0.0
#20 0.919 -- Detecting C compiler ABI info
#20 1.073 -- Detecting C compiler ABI info - done
#20 1.124 -- Check for working C compiler: /usr/local/bin/clang - skipped
#20 1.125 -- Detecting C compile features
#20 1.126 -- Detecting C compile features - done
#20 1.134 -- Detecting CXX compiler ABI info
#20 1.331 -- Detecting CXX compiler ABI info - done
#20 1.397 -- Check for working CXX compiler: /usr/local/bin/clang++ - skipped
#20 1.397 -- Detecting CXX compile features
#20 1.399 -- Detecting CXX compile features - done
#20 1.401 -- Looking for unistd.h
#20 1.567 -- Looking for unistd.h - found
#20 1.568 -- Looking for crc32c_value in crc32c
#20 1.663 -- Looking for crc32c_value in crc32c - not found
#20 1.664 -- Looking for snappy_compress in snappy
#20 1.758 -- Looking for snappy_compress in snappy - not found
#20 1.758 -- Looking for malloc in tcmalloc
#20 1.857 -- Looking for malloc in tcmalloc - not found
#20 1.859 -- Looking for fdatasync
#20 2.080 -- Looking for fdatasync - found
#20 2.081 -- Looking for F_FULLFSYNC
#20 2.129 -- Looking for F_FULLFSYNC - not found
#20 2.129 -- Looking for O_CLOEXEC
#20 2.340 -- Looking for O_CLOEXEC - found
#20 2.344 -- Performing Test HAVE_CLANG_THREAD_SAFETY
#20 2.525 -- Performing Test HAVE_CLANG_THREAD_SAFETY - Success
#20 2.528 -- Performing Test LEVELDB_HAVE_NO_MISSING_FIELD_INITIALIZERS
#20 2.711 -- Performing Test LEVELDB_HAVE_NO_MISSING_FIELD_INITIALIZERS - Success
#20 2.711 -- Performing Test HAVE_CXX17_HAS_INCLUDE
#20 3.611 -- Performing Test HAVE_CXX17_HAS_INCLUDE - Success
#20 3.621 -- Looking for pthread.h
#20 3.783 -- Looking for pthread.h - found
#20 3.783 -- Performing Test CMAKE_HAVE_LIBC_PTHREAD
#20 3.960 -- Performing Test CMAKE_HAVE_LIBC_PTHREAD - Success
#20 3.963 -- Found Threads: TRUE  
#20 4.442 -- Found Python: /usr/local/bin/python3.8 (found version "3.8.6") found components: Interpreter 
#20 4.460 -- Failed to find LLVM FileCheck
#20 4.468 -- Found Git: /usr/bin/git (found version "2.35.1") 
#20 4.500 -- git Version: v1.5.3-7d0d9061
#20 4.500 -- Version: 1.5.3
#20 4.504 -- Performing Test HAVE_CXX_FLAG_STD_CXX11
#20 4.694 -- Performing Test HAVE_CXX_FLAG_STD_CXX11 - Success
#20 4.696 -- Performing Test HAVE_CXX_FLAG_WALL
#20 4.877 -- Performing Test HAVE_CXX_FLAG_WALL - Success
#20 4.879 -- Performing Test HAVE_CXX_FLAG_WEXTRA
#20 5.064 -- Performing Test HAVE_CXX_FLAG_WEXTRA - Success
#20 5.066 -- Performing Test HAVE_CXX_FLAG_WSHADOW
#20 5.256 -- Performing Test HAVE_CXX_FLAG_WSHADOW - Success
#20 5.258 -- Performing Test HAVE_CXX_FLAG_WERROR
#20 5.444 -- Performing Test HAVE_CXX_FLAG_WERROR - Success
#20 5.448 -- Performing Test HAVE_CXX_FLAG_WSUGGEST_OVERRIDE
#20 5.635 -- Performing Test HAVE_CXX_FLAG_WSUGGEST_OVERRIDE - Success
#20 5.637 -- Performing Test HAVE_CXX_FLAG_WSHORTEN_64_TO_32
#20 5.828 -- Performing Test HAVE_CXX_FLAG_WSHORTEN_64_TO_32 - Success
#20 5.831 -- Performing Test HAVE_CXX_FLAG_FSTRICT_ALIASING
#20 6.019 -- Performing Test HAVE_CXX_FLAG_FSTRICT_ALIASING - Success
#20 6.022 -- Performing Test HAVE_CXX_FLAG_WNO_DEPRECATED_DECLARATIONS
#20 6.203 -- Performing Test HAVE_CXX_FLAG_WNO_DEPRECATED_DECLARATIONS - Success
#20 6.206 -- Performing Test HAVE_CXX_FLAG_WNO_DEPRECATED
#20 6.388 -- Performing Test HAVE_CXX_FLAG_WNO_DEPRECATED - Success
#20 6.392 -- Performing Test HAVE_CXX_FLAG_FNO_EXCEPTIONS
#20 6.582 -- Performing Test HAVE_CXX_FLAG_FNO_EXCEPTIONS - Success
#20 6.584 -- Performing Test HAVE_CXX_FLAG_WSTRICT_ALIASING
#20 6.778 -- Performing Test HAVE_CXX_FLAG_WSTRICT_ALIASING - Success
#20 6.780 -- Performing Test HAVE_CXX_FLAG_WD654
#20 6.820 -- Performing Test HAVE_CXX_FLAG_WD654 - Failed
#20 6.822 -- Performing Test HAVE_CXX_FLAG_WTHREAD_SAFETY
#20 7.016 -- Performing Test HAVE_CXX_FLAG_WTHREAD_SAFETY - Success
#20 7.017 -- Performing Test HAVE_THREAD_SAFETY_ATTRIBUTES
#20 7.017 -- Performing Test HAVE_THREAD_SAFETY_ATTRIBUTES
#20 8.085 -- Performing Test HAVE_THREAD_SAFETY_ATTRIBUTES -- failed to compile
#20 8.087 -- Performing Test HAVE_CXX_FLAG_COVERAGE
#20 8.272 -- Performing Test HAVE_CXX_FLAG_COVERAGE - Success
#20 8.273 -- Performing Test HAVE_STD_REGEX
#20 8.273 -- Performing Test HAVE_STD_REGEX
#20 12.28 -- Performing Test HAVE_STD_REGEX -- success
#20 12.28 -- Performing Test HAVE_GNU_POSIX_REGEX
#20 12.28 -- Performing Test HAVE_GNU_POSIX_REGEX
#20 12.86 -- Performing Test HAVE_GNU_POSIX_REGEX -- failed to compile
#20 12.86 -- Performing Test HAVE_POSIX_REGEX
#20 12.86 -- Performing Test HAVE_POSIX_REGEX
#20 13.80 -- Performing Test HAVE_POSIX_REGEX -- success
#20 13.80 -- Performing Test HAVE_STEADY_CLOCK
#20 13.80 -- Performing Test HAVE_STEADY_CLOCK
#20 14.13 -- Performing Test HAVE_STEADY_CLOCK -- success
#20 14.15 -- Looking for sqlite3_open in sqlite3
#20 14.25 -- Looking for sqlite3_open in sqlite3 - not found
#20 14.25 -- Performing Test HAVE_KYOTOCABINET
#20 14.29 -- Performing Test HAVE_KYOTOCABINET - Failed
#20 14.29 -- Configuring done
#20 14.36 -- Generating done
#20 14.36 -- Build files have been written to: /src/leveldb/build
#20 14.37 + cmake --build .
#20 14.40 [  1%] Building CXX object third_party/googletest/googletest/CMakeFiles/gtest.dir/src/gtest-all.cc.o
#20 29.07 [  2%] Linking CXX static library ../../../lib/libgtest.a
#20 29.10 [  2%] Built target gtest
#20 29.11 [  3%] Building CXX object third_party/googletest/googlemock/CMakeFiles/gmock.dir/src/gmock-all.cc.o
#20 33.96 [  4%] Linking CXX static library ../../../lib/libgmock.a
#20 33.98 [  4%] Built target gmock
#20 33.99 [  5%] Building CXX object CMakeFiles/leveldb.dir/db/builder.cc.o
#20 35.08 [  6%] Building CXX object CMakeFiles/leveldb.dir/db/c.cc.o
#20 36.21 [  7%] Building CXX object CMakeFiles/leveldb.dir/db/db_impl.cc.o
#20 39.37 [  8%] Building CXX object CMakeFiles/leveldb.dir/db/db_iter.cc.o
#20 40.53 [  9%] Building CXX object CMakeFiles/leveldb.dir/db/dbformat.cc.o
#20 41.87 [ 10%] Building CXX object CMakeFiles/leveldb.dir/db/dumpfile.cc.o
#20 43.19 [ 11%] Building CXX object CMakeFiles/leveldb.dir/db/filename.cc.o
#20 44.19 [ 12%] Building CXX object CMakeFiles/leveldb.dir/db/log_reader.cc.o
#20 45.17 [ 13%] Building CXX object CMakeFiles/leveldb.dir/db/log_writer.cc.o
#20 46.06 [ 14%] Building CXX object CMakeFiles/leveldb.dir/db/memtable.cc.o
#20 47.15 [ 15%] Building CXX object CMakeFiles/leveldb.dir/db/repair.cc.o
#20 49.19 [ 16%] Building CXX object CMakeFiles/leveldb.dir/db/table_cache.cc.o
#20 50.10 [ 17%] Building CXX object CMakeFiles/leveldb.dir/db/version_edit.cc.o
#20 51.57 [ 17%] Building CXX object CMakeFiles/leveldb.dir/db/version_set.cc.o
#20 54.82 [ 18%] Building CXX object CMakeFiles/leveldb.dir/db/write_batch.cc.o
#20 55.79 [ 19%] Building CXX object CMakeFiles/leveldb.dir/table/block_builder.cc.o
#20 56.76 [ 20%] Building CXX object CMakeFiles/leveldb.dir/table/block.cc.o
#20 57.78 [ 21%] Building CXX object CMakeFiles/leveldb.dir/table/filter_block.cc.o
#20 58.92 [ 22%] Building CXX object CMakeFiles/leveldb.dir/table/format.cc.o
#20 59.83 [ 23%] Building CXX object CMakeFiles/leveldb.dir/table/iterator.cc.o
#20 60.61 [ 24%] Building CXX object CMakeFiles/leveldb.dir/table/merger.cc.o
#20 61.48 [ 25%] Building CXX object CMakeFiles/leveldb.dir/table/table_builder.cc.o
#20 62.57 [ 26%] Building CXX object CMakeFiles/leveldb.dir/table/table.cc.o
#20 63.57 [ 27%] Building CXX object CMakeFiles/leveldb.dir/table/two_level_iterator.cc.o
#20 64.41 [ 28%] Building CXX object CMakeFiles/leveldb.dir/util/arena.cc.o
#20 65.17 [ 29%] Building CXX object CMakeFiles/leveldb.dir/util/bloom.cc.o
#20 65.93 [ 30%] Building CXX object CMakeFiles/leveldb.dir/util/cache.cc.o
#20 66.95 [ 31%] Building CXX object CMakeFiles/leveldb.dir/util/coding.cc.o
#20 67.82 [ 32%] Building CXX object CMakeFiles/leveldb.dir/util/comparator.cc.o
#20 68.63 [ 33%] Building CXX object CMakeFiles/leveldb.dir/util/crc32c.cc.o
#20 69.49 [ 33%] Building CXX object CMakeFiles/leveldb.dir/util/env.cc.o
#20 70.37 [ 34%] Building CXX object CMakeFiles/leveldb.dir/util/filter_policy.cc.o
#20 71.09 [ 35%] Building CXX object CMakeFiles/leveldb.dir/util/hash.cc.o
#20 71.88 [ 36%] Building CXX object CMakeFiles/leveldb.dir/util/logging.cc.o
#20 72.79 [ 37%] Building CXX object CMakeFiles/leveldb.dir/util/options.cc.o
#20 73.60 [ 38%] Building CXX object CMakeFiles/leveldb.dir/util/status.cc.o
#20 74.40 [ 39%] Building CXX object CMakeFiles/leveldb.dir/util/env_posix.cc.o
#20 76.94 [ 40%] Building CXX object CMakeFiles/leveldb.dir/helpers/memenv/memenv.cc.o
#20 78.49 [ 41%] Linking CXX static library libleveldb.a
#20 78.52 [ 41%] Built target leveldb
#20 78.54 [ 42%] Building CXX object third_party/googletest/googletest/CMakeFiles/gtest_main.dir/src/gtest_main.cc.o
#20 80.32 [ 43%] Linking CXX static library ../../../lib/libgtest_main.a
#20 80.34 [ 43%] Built target gtest_main
#20 80.35 [ 44%] Building CXX object CMakeFiles/leveldb_tests.dir/util/status_test.cc.o
#20 82.42 [ 45%] Building CXX object CMakeFiles/leveldb_tests.dir/util/no_destructor_test.cc.o
#20 84.49 [ 46%] Building CXX object CMakeFiles/leveldb_tests.dir/util/testutil.cc.o
#20 86.78 [ 47%] Building CXX object CMakeFiles/leveldb_tests.dir/db/autocompact_test.cc.o
#20 89.89 [ 48%] Building CXX object CMakeFiles/leveldb_tests.dir/db/corruption_test.cc.o
#20 93.64 [ 49%] Building CXX object CMakeFiles/leveldb_tests.dir/db/db_test.cc.o
#20 104.9 [ 50%] Building CXX object CMakeFiles/leveldb_tests.dir/db/dbformat_test.cc.o
#20 107.4 [ 51%] Building CXX object CMakeFiles/leveldb_tests.dir/db/filename_test.cc.o
#20 109.8 [ 52%] Building CXX object CMakeFiles/leveldb_tests.dir/db/log_test.cc.o
#20 113.7 [ 52%] Building CXX object CMakeFiles/leveldb_tests.dir/db/recovery_test.cc.o
#20 117.9 [ 53%] Building CXX object CMakeFiles/leveldb_tests.dir/db/skiplist_test.cc.o
#20 121.2 [ 54%] Building CXX object CMakeFiles/leveldb_tests.dir/db/version_edit_test.cc.o
#20 123.7 [ 55%] Building CXX object CMakeFiles/leveldb_tests.dir/db/version_set_test.cc.o
#20 127.5 [ 56%] Building CXX object CMakeFiles/leveldb_tests.dir/db/write_batch_test.cc.o
#20 129.9 [ 57%] Building CXX object CMakeFiles/leveldb_tests.dir/helpers/memenv/memenv_test.cc.o
#20 133.7 [ 58%] Building CXX object CMakeFiles/leveldb_tests.dir/table/filter_block_test.cc.o
#20 136.5 [ 59%] Building CXX object CMakeFiles/leveldb_tests.dir/table/table_test.cc.o
#20 141.0 [ 60%] Building CXX object CMakeFiles/leveldb_tests.dir/util/arena_test.cc.o
#20 143.4 [ 61%] Building CXX object CMakeFiles/leveldb_tests.dir/util/bloom_test.cc.o
#20 146.5 [ 62%] Building CXX object CMakeFiles/leveldb_tests.dir/util/cache_test.cc.o
#20 149.3 [ 63%] Building CXX object CMakeFiles/leveldb_tests.dir/util/coding_test.cc.o
#20 152.1 [ 64%] Building CXX object CMakeFiles/leveldb_tests.dir/util/crc32c_test.cc.o
#20 154.4 [ 65%] Building CXX object CMakeFiles/leveldb_tests.dir/util/hash_test.cc.o
#20 156.4 [ 66%] Building CXX object CMakeFiles/leveldb_tests.dir/util/logging_test.cc.o
#20 158.9 [ 67%] Linking CXX executable leveldb_tests
#20 159.4 [ 67%] Built target leveldb_tests
#20 159.4 [ 68%] Building CXX object CMakeFiles/env_posix_test.dir/util/testutil.cc.o
#20 161.7 [ 69%] Building CXX object CMakeFiles/env_posix_test.dir/util/env_posix_test.cc.o
#20 165.5 [ 70%] Linking CXX executable env_posix_test
#20 165.9 [ 70%] Built target env_posix_test
#20 165.9 [ 71%] Building CXX object CMakeFiles/leveldbutil.dir/db/leveldbutil.cc.o
#20 166.7 [ 72%] Linking CXX executable leveldbutil
#20 167.0 [ 72%] Built target leveldbutil
#20 167.0 [ 73%] Building CXX object CMakeFiles/c_test.dir/util/testutil.cc.o
#20 169.3 [ 74%] Building C object CMakeFiles/c_test.dir/db/c_test.c.o
#20 169.5 [ 75%] Linking CXX executable c_test
#20 169.8 [ 75%] Built target c_test
#20 169.8 [ 75%] Building CXX object third_party/benchmark/src/CMakeFiles/benchmark.dir/benchmark.cc.o
#20 173.3 [ 76%] Building CXX object third_party/benchmark/src/CMakeFiles/benchmark.dir/benchmark_api_internal.cc.o
#20 174.8 [ 77%] Building CXX object third_party/benchmark/src/CMakeFiles/benchmark.dir/benchmark_name.cc.o
#20 176.0 [ 78%] Building CXX object third_party/benchmark/src/CMakeFiles/benchmark.dir/benchmark_register.cc.o
#20 182.0 [ 79%] Building CXX object third_party/benchmark/src/CMakeFiles/benchmark.dir/benchmark_runner.cc.o
#20 185.9 [ 80%] Building CXX object third_party/benchmark/src/CMakeFiles/benchmark.dir/colorprint.cc.o
#20 187.5 [ 81%] Building CXX object third_party/benchmark/src/CMakeFiles/benchmark.dir/commandlineflags.cc.o
#20 189.4 [ 82%] Building CXX object third_party/benchmark/src/CMakeFiles/benchmark.dir/complexity.cc.o
#20 190.7 /src/leveldb/third_party/benchmark/src/complexity.cc:85:10: error: variable 'sigma_gn' set but not used [-Werror,-Wunused-but-set-variable]
#20 190.7   double sigma_gn = 0.0;
#20 190.7          ^
#20 190.9 1 error generated.
#20 190.9 make[2]: *** [third_party/benchmark/src/CMakeFiles/benchmark.dir/build.make:174: third_party/benchmark/src/CMakeFiles/benchmark.dir/complexity.cc.o] Error 1
#20 190.9 make[1]: *** [CMakeFiles/Makefile2:452: third_party/benchmark/src/CMakeFiles/benchmark.dir/all] Error 2
#20 190.9 make: *** [Makefile:146: all] Error 2
#20 190.9 Traceback (most recent call last):
#20 190.9   File "<string>", line 1, in <module>
#20 190.9   File "/src/fuzzers/afl/fuzzer.py", line 40, in build
#20 190.9     utils.build_benchmark()
#20 190.9   File "/src/fuzzers/utils.py", line 82, in build_benchmark
#20 190.9     subprocess.check_call(['/bin/bash', '-ex', build_script], env=env)
#20 190.9   File "/usr/local/lib/python3.8/subprocess.py", line 364, in check_call
#20 190.9     raise CalledProcessError(retcode, cmd)
#20 190.9 subprocess.CalledProcessError: Command '['/bin/bash', '-ex', '/src/build.sh']' returned non-zero exit status 2.
#20 ERROR: executor failed running [/bin/sh -c echo "Run fuzzer_build to build the target" && if [ -z "$debug_builder" ] ; then fuzzer_build; fi]: exit code: 1
------
 > importing cache manifest from gcr.io/fuzzbench/builders/afl/leveldb_fuzz_db:
------
------
 > [stage-1 13/13] RUN echo "Run fuzzer_build to build the target" && if [ -z "$debug_builder" ] ; then fuzzer_build; fi:
------
executor failed running [/bin/sh -c echo "Run fuzzer_build to build the target" && if [ -z "$debug_builder" ] ; then fuzzer_build; fi]: exit code: 1
make: *** [docker/generated.mk:2694394: .afl-leveldb_fuzz_db-builder] Error 1
