WARNING:root:gcloud not found in PATH.
INFO:root:Successfully integrated benchmark: open62541_open62541.
INFO:root:Please run "make test-run-afl-open62541_open62541" to test integration.
#2 [internal] load .dockerignore
#2 sha256:92ca2d2abb113fb1af2ec84d6975bb2e3da662ae9dc9536305377b85510d7383
#2 transferring context: 2B done
#2 ...

#1 [internal] load build definition from Dockerfile
#1 sha256:1e5f6ea3468d7af48feae8ba6a675f90888221392c307f9e781bbe5625a8d9c7
#1 transferring dockerfile: 997B done
#1 DONE 2.0s

#2 [internal] load .dockerignore
#2 sha256:92ca2d2abb113fb1af2ec84d6975bb2e3da662ae9dc9536305377b85510d7383
#2 DONE 2.3s

#3 [internal] load metadata for gcr.io/oss-fuzz-base/base-builder:latest
#3 sha256:f10dc39cc9d418a5bc416dead31a1902b6821fdae909cd3b08f7a3fd1faba7b5
#3 DONE 0.8s

#10 [internal] load build context
#10 sha256:f923aabd2ed19a496dabeaa6f2fc9eafa77eade7ed73df839bd2fa5d390d5598
#10 DONE 0.0s

#5 [1/6] FROM gcr.io/oss-fuzz-base/base-builder@sha256:4ad017ca53699eda684c1c444948c93a4af848fe34baee3a765d3c4693fe6a56
#5 sha256:3f10b3978a3951f6e2692fa5e5890ee5a755650381dedece7198ed0b1dcdaa8c
#5 DONE 0.0s

#4 importing cache manifest from gcr.io/fuzzbench/builders/benchmark/open62541_open62541
#4 sha256:a0e81becbf052b83e0e8fd2393bba4fd57ec85872d99175834ea1b585afe1c87
#4 ERROR: gcr.io/fuzzbench/builders/benchmark/open62541_open62541:latest: not found

#5 [1/6] FROM gcr.io/oss-fuzz-base/base-builder@sha256:4ad017ca53699eda684c1c444948c93a4af848fe34baee3a765d3c4693fe6a56
#5 sha256:3f10b3978a3951f6e2692fa5e5890ee5a755650381dedece7198ed0b1dcdaa8c
#5 CACHED

#6 [2/6] RUN apt-get update && apt-get install -y make cmake
#6 sha256:fc243ccb7260051d1e9513f035346378e3586419558df39e485be5de01d50db0
#6 ...

#10 [internal] load build context
#10 sha256:f923aabd2ed19a496dabeaa6f2fc9eafa77eade7ed73df839bd2fa5d390d5598
#10 transferring context: 2.26kB done
#10 DONE 0.2s

#6 [2/6] RUN apt-get update && apt-get install -y make cmake
#6 sha256:fc243ccb7260051d1e9513f035346378e3586419558df39e485be5de01d50db0
#6 0.792 Hit:1 http://ppa.launchpad.net/git-core/ppa/ubuntu focal InRelease
#6 0.792 Hit:2 http://archive.ubuntu.com/ubuntu focal InRelease
#6 0.792 Get:3 http://security.ubuntu.com/ubuntu focal-security InRelease [114 kB]
#6 0.801 Get:4 http://archive.ubuntu.com/ubuntu focal-updates InRelease [114 kB]
#6 0.896 Get:5 http://archive.ubuntu.com/ubuntu focal-backports InRelease [108 kB]
#6 1.347 Get:6 http://security.ubuntu.com/ubuntu focal-security/main amd64 Packages [1547 kB]
#6 1.534 Get:7 http://archive.ubuntu.com/ubuntu focal-updates/main amd64 Packages [1973 kB]
#6 1.787 Get:8 http://archive.ubuntu.com/ubuntu focal-updates/universe amd64 Packages [1134 kB]
#6 1.902 Get:9 http://archive.ubuntu.com/ubuntu focal-updates/universe i386 Packages [827 kB]
#6 1.984 Get:10 http://archive.ubuntu.com/ubuntu focal-updates/main i386 Packages [752 kB]
#6 2.040 Get:11 http://archive.ubuntu.com/ubuntu focal-backports/universe amd64 Packages [24.8 kB]
#6 2.042 Get:12 http://archive.ubuntu.com/ubuntu focal-backports/universe i386 Packages [13.1 kB]
#6 2.254 Fetched 6606 kB in 1s (4523 kB/s)
#6 2.254 Reading package lists...
#6 3.933 Reading package lists...
#6 5.343 Building dependency tree...
#6 5.552 Reading state information...
#6 5.760 make is already the newest version (4.2.1-1.2).
#6 5.760 make set to manually installed.
#6 5.760 The following additional packages will be installed:
#6 5.761   cmake-data libarchive13 libjsoncpp1 librhash0 libuv1
#6 5.763 Suggested packages:
#6 5.763   cmake-doc ninja-build lrzip
#6 5.800 The following NEW packages will be installed:
#6 5.802   cmake cmake-data libarchive13 libjsoncpp1 librhash0 libuv1
#6 5.874 0 upgraded, 6 newly installed, 0 to remove and 0 not upgraded.
#6 5.874 Need to get 5877 kB of archives.
#6 5.874 After this operation, 29.5 MB of additional disk space will be used.
#6 5.874 Get:1 http://archive.ubuntu.com/ubuntu focal-updates/main amd64 libuv1 amd64 1.34.2-1ubuntu1.3 [80.8 kB]
#6 5.970 Get:2 http://archive.ubuntu.com/ubuntu focal/main amd64 cmake-data all 3.16.3-1ubuntu1 [1612 kB]
#6 6.132 Get:3 http://archive.ubuntu.com/ubuntu focal/main amd64 libarchive13 amd64 3.4.0-2ubuntu1 [327 kB]
#6 6.156 Get:4 http://archive.ubuntu.com/ubuntu focal/main amd64 libjsoncpp1 amd64 1.7.4-3.1ubuntu2 [75.6 kB]
#6 6.161 Get:5 http://archive.ubuntu.com/ubuntu focal/main amd64 librhash0 amd64 1.3.9-1 [113 kB]
#6 6.170 Get:6 http://archive.ubuntu.com/ubuntu focal/main amd64 cmake amd64 3.16.3-1ubuntu1 [3669 kB]
#6 7.521 debconf: delaying package configuration, since apt-utils is not installed
#6 8.146 Fetched 5877 kB in 1s (7365 kB/s)
#6 8.299 Selecting previously unselected package libuv1:amd64.
#6 8.299 (Reading database ... (Reading database ... 5%(Reading database ... 10%(Reading database ... 15%(Reading database ... 20%(Reading database ... 25%(Reading database ... 30%(Reading database ... 35%(Reading database ... 40%(Reading database ... 45%(Reading database ... 50%(Reading database ... 55%(Reading database ... 60%(Reading database ... 65%(Reading database ... 70%(Reading database ... 75%(Reading database ... 80%(Reading database ... 85%(Reading database ... 90%(Reading database ... 95%(Reading database ... 100%(Reading database ... 21291 files and directories currently installed.)
#6 8.381 Preparing to unpack .../0-libuv1_1.34.2-1ubuntu1.3_amd64.deb ...
#6 8.417 Unpacking libuv1:amd64 (1.34.2-1ubuntu1.3) ...
#6 8.607 Selecting previously unselected package cmake-data.
#6 8.610 Preparing to unpack .../1-cmake-data_3.16.3-1ubuntu1_all.deb ...
#6 8.639 Unpacking cmake-data (3.16.3-1ubuntu1) ...
#6 9.348 Selecting previously unselected package libarchive13:amd64.
#6 9.352 Preparing to unpack .../2-libarchive13_3.4.0-2ubuntu1_amd64.deb ...
#6 9.369 Unpacking libarchive13:amd64 (3.4.0-2ubuntu1) ...
#6 9.579 Selecting previously unselected package libjsoncpp1:amd64.
#6 9.583 Preparing to unpack .../3-libjsoncpp1_1.7.4-3.1ubuntu2_amd64.deb ...
#6 9.610 Unpacking libjsoncpp1:amd64 (1.7.4-3.1ubuntu2) ...
#6 9.795 Selecting previously unselected package librhash0:amd64.
#6 9.797 Preparing to unpack .../4-librhash0_1.3.9-1_amd64.deb ...
#6 9.825 Unpacking librhash0:amd64 (1.3.9-1) ...
#6 9.978 Selecting previously unselected package cmake.
#6 9.982 Preparing to unpack .../5-cmake_3.16.3-1ubuntu1_amd64.deb ...
#6 10.01 Unpacking cmake (3.16.3-1ubuntu1) ...
#6 10.55 Setting up libarchive13:amd64 (3.4.0-2ubuntu1) ...
#6 10.63 Setting up libuv1:amd64 (1.34.2-1ubuntu1.3) ...
#6 10.70 Setting up librhash0:amd64 (1.3.9-1) ...
#6 10.76 Setting up cmake-data (3.16.3-1ubuntu1) ...
#6 10.83 Setting up libjsoncpp1:amd64 (1.7.4-3.1ubuntu2) ...
#6 10.88 Setting up cmake (3.16.3-1ubuntu1) ...
#6 10.94 Processing triggers for libc-bin (2.31-0ubuntu9.2) ...
#6 DONE 12.2s

#7 [3/6] RUN git clone --depth 1 https://github.com/open62541/open62541.git -bfeature/fuzzing open62541
#7 sha256:83d99ab9eee63d88fa059dda73b1bd3cb11f32f1973f883f6db4212f36c77fa5
#7 0.587 Cloning into 'open62541'...
#7 0.991 warning: Could not find remote branch feature/fuzzing to clone.
#7 0.991 fatal: Remote branch feature/fuzzing not found in upstream origin
#7 ERROR: executor failed running [/bin/sh -c git clone --depth 1 https://github.com/open62541/open62541.git -bfeature/fuzzing open62541]: exit code: 128
------
 > importing cache manifest from gcr.io/fuzzbench/builders/benchmark/open62541_open62541:
------
------
 > [3/6] RUN git clone --depth 1 https://github.com/open62541/open62541.git -bfeature/fuzzing open62541:
------
executor failed running [/bin/sh -c git clone --depth 1 https://github.com/open62541/open62541.git -bfeature/fuzzing open62541]: exit code: 128
make: *** [docker/generated.mk:48910: .open62541_open62541-project-builder] Error 1
/bin/sh: 1: source: not found
#1 [internal] load build definition from Dockerfile
#1 sha256:f0e72423beae81e3fafcf64159c47cd3a7954fff3f92da955be25303f5b4159c
#1 transferring dockerfile: 32B done
#1 DONE 0.4s

#2 [internal] load .dockerignore
#2 sha256:5bf01654b0a8cd5d8101b809436f6baa8e9042c0e7e30b77f9fdeec923d98ada
#2 transferring context: 2B done
#2 DONE 0.5s

#3 [internal] load metadata for gcr.io/oss-fuzz-base/base-builder:latest
#3 sha256:f10dc39cc9d418a5bc416dead31a1902b6821fdae909cd3b08f7a3fd1faba7b5
#3 DONE 0.4s

#10 [internal] load build context
#10 sha256:a77b7f5c612905cceafe13cbf7ea3660bac2c3f9ad7c3797704c3529a320ff04
#10 DONE 0.0s

#5 [1/6] FROM gcr.io/oss-fuzz-base/base-builder@sha256:4ad017ca53699eda684c1c444948c93a4af848fe34baee3a765d3c4693fe6a56
#5 sha256:3f10b3978a3951f6e2692fa5e5890ee5a755650381dedece7198ed0b1dcdaa8c
#5 DONE 0.0s

#4 importing cache manifest from gcr.io/fuzzbench/builders/benchmark/open62541_open62541
#4 sha256:a0e81becbf052b83e0e8fd2393bba4fd57ec85872d99175834ea1b585afe1c87
#4 ERROR: gcr.io/fuzzbench/builders/benchmark/open62541_open62541:latest: not found

#6 [2/6] RUN apt-get update && apt-get install -y make cmake
#6 sha256:fc243ccb7260051d1e9513f035346378e3586419558df39e485be5de01d50db0
#6 CACHED

#10 [internal] load build context
#10 sha256:a77b7f5c612905cceafe13cbf7ea3660bac2c3f9ad7c3797704c3529a320ff04
#10 transferring context: 30B done
#10 DONE 0.1s

#7 [3/6] RUN git clone --depth 1 https://github.com/open62541/open62541.git -bfeature/fuzzing open62541
#7 sha256:83d99ab9eee63d88fa059dda73b1bd3cb11f32f1973f883f6db4212f36c77fa5
#7 0.556 Cloning into 'open62541'...
#7 0.935 warning: Could not find remote branch feature/fuzzing to clone.
#7 0.935 fatal: Remote branch feature/fuzzing not found in upstream origin
#7 ERROR: executor failed running [/bin/sh -c git clone --depth 1 https://github.com/open62541/open62541.git -bfeature/fuzzing open62541]: exit code: 128
------
 > importing cache manifest from gcr.io/fuzzbench/builders/benchmark/open62541_open62541:
------
------
 > [3/6] RUN git clone --depth 1 https://github.com/open62541/open62541.git -bfeature/fuzzing open62541:
------
executor failed running [/bin/sh -c git clone --depth 1 https://github.com/open62541/open62541.git -bfeature/fuzzing open62541]: exit code: 128
make: *** [docker/generated.mk:48910: .open62541_open62541-project-builder] Error 1
