WARNING:root:gcloud not found in PATH.
INFO:root:Successfully integrated benchmark: opencv_core_fuzzer.
INFO:root:Please run "make test-run-afl-opencv_core_fuzzer" to test integration.
#1 [internal] load build definition from Dockerfile
#1 sha256:d7bb1f378ed0ee0654dd599e45ff7c243cd46469fff9ce56c5d9eb0074643af9
#1 transferring dockerfile: 32B done
#1 DONE 0.2s

#2 [internal] load .dockerignore
#2 sha256:8997efbc5148b42feea0c450566520cdfcc221740df72c8ed59d904d97ce35b2
#2 transferring context: 2B done
#2 DONE 0.1s

#3 [internal] load metadata for gcr.io/oss-fuzz-base/base-builder:latest
#3 sha256:f10dc39cc9d418a5bc416dead31a1902b6821fdae909cd3b08f7a3fd1faba7b5
#3 DONE 0.5s

#5 [1/6] FROM gcr.io/oss-fuzz-base/base-builder@sha256:112044a9815d235113677d459cf2ece740a51f2b85081c8f66943dcdc72ddf7f
#5 sha256:4aee4bf9f7280ac8b7f02b8d29e6e084dd034d2c294b4e3e05d8ce7048a1450f
#5 DONE 0.0s

#9 [internal] load build context
#9 sha256:3b96970c24ba74e506558a08beeb9683e79570c0b0609129e09a6043f4f9c3da
#9 DONE 0.0s

#4 importing cache manifest from gcr.io/fuzzbench/builders/benchmark/opencv_core_fuzzer
#4 sha256:825e7d189e57b82d27dfb019a1915b68696076204dd5bdd23181f180933fc2ae
#4 ERROR: gcr.io/fuzzbench/builders/benchmark/opencv_core_fuzzer:latest: not found

#9 [internal] load build context
#9 sha256:3b96970c24ba74e506558a08beeb9683e79570c0b0609129e09a6043f4f9c3da
#9 transferring context: 2.18kB done
#9 DONE 0.0s

#10 [5/6] COPY build.sh /src/
#10 sha256:a77edfce05b508634cebda8799d7419a3d19c7d587302b68dc6dc7bef444d70f
#10 CACHED

#6 [2/6] RUN apt-get update && apt-get install -y build-essential cmake pkg-config
#6 sha256:5b4cdd543f7676d762d91b87c637b12e81d197a5de05812a3f0a2dc7aead2436
#6 CACHED

#7 [3/6] RUN git clone --depth 1 https://github.com/opencv/opencv.git opencv
#7 sha256:59a9fb61118231e7c2a207bca2277cafcfad95bb7e22f5ee768b2c0e041e7f83
#7 CACHED

#8 [4/6] WORKDIR opencv/
#8 sha256:fda6c4b7e211bdd8ec1ae001cbb40929be694af912454da7105b1ff5a7d1ef7e
#8 CACHED

#11 [6/6] COPY *.cc *.h /src/
#11 sha256:acf711836eb6597457148b84e9f77b0236305b3aa3890f1aa2cd7f0b0fe7afcb
#11 CACHED

#12 exporting to image
#12 sha256:e8c613e07b0b7ff33893b694f7759a10d42e180f2b4dc349fb57dc6b71dcab00
#12 exporting layers done
#12 writing image sha256:8a497c7e790611b7a92bb9829260fb3a936252ecb7d9088bba013e8d2b52277b
#12 writing image sha256:8a497c7e790611b7a92bb9829260fb3a936252ecb7d9088bba013e8d2b52277b done
#12 naming to gcr.io/fuzzbench/builders/benchmark/opencv_core_fuzzer done
#12 DONE 0.1s

#13 exporting cache
#13 sha256:2700d4ef94dee473593c5c614b55b2dedcca7893909811a8f2b48291a1f581e4
#13 preparing build cache for export done
#13 DONE 0.0s
------
 > importing cache manifest from gcr.io/fuzzbench/builders/benchmark/opencv_core_fuzzer:
------
#1 [internal] load build definition from builder.Dockerfile
#1 sha256:fb4afb8cba358d4ba1ca334eb668357dd99ba8f2fa1bb9dae12fd60628a50a62
#1 transferring dockerfile: 46B done
#1 DONE 0.1s

#2 [internal] load .dockerignore
#2 sha256:0e0268e45c9887e26cbf352ef70d0c82b4dd2374031916d15668f5a16b9a5e80
#2 transferring context: 2B done
#2 DONE 0.1s

#3 [internal] load metadata for gcr.io/fuzzbench/builders/benchmark/opencv_core_fuzzer:latest
#3 sha256:7e679078f46fb4a28103f5458ae64afa19248ffd31ecef6fbd7d2f070b61aaa9
#3 DONE 0.0s

#4 [1/3] FROM gcr.io/fuzzbench/builders/benchmark/opencv_core_fuzzer
#4 sha256:41e42725ec1ceedee3fb3a9c680db059939e34862c1f983a3954558c2fb637f0
#4 DONE 0.0s

#7 importing cache manifest from gcr.io/fuzzbench/builders/afl/opencv_core_fuzzer-intermediate
#7 sha256:5c2e946e519cb0f086173fd6b8b9eb29e06cffd8816198e7df309aa3402fe049
#7 ERROR: gcr.io/fuzzbench/builders/afl/opencv_core_fuzzer-intermediate:latest: not found

#5 [2/3] RUN git clone https://github.com/google/AFL.git /afl &&     cd /afl &&     git checkout 61037103ae3722c8060ff7082994836a794f978e &&     AFL_NO_X86=1 make
#5 sha256:54b0bdcbd32155a4a62949962d180c3972b214912e0a9e8a519381c95a9fb759
#5 CACHED

#6 [3/3] RUN apt-get update &&     apt-get install wget -y &&     wget https://raw.githubusercontent.com/llvm/llvm-project/5feb80e748924606531ba28c97fe65145c65372e/compiler-rt/lib/fuzzer/afl/afl_driver.cpp -O /afl/afl_driver.cpp &&     clang -Wno-pointer-sign -c /afl/llvm_mode/afl-llvm-rt.o.c -I/afl &&     clang++ -stdlib=libc++ -std=c++11 -O2 -c /afl/afl_driver.cpp &&     ar r /libAFL.a *.o
#6 sha256:dac6c6e2ce6e02e11c3c3aceedf55a663df1a400c14dbb87ec0a6a47bc73a48a
#6 CACHED

#8 exporting to image
#8 sha256:e8c613e07b0b7ff33893b694f7759a10d42e180f2b4dc349fb57dc6b71dcab00
#8 exporting layers done
#8 writing image sha256:abe2b32671846efe952468466ad42dff64a887ab71f481b7118d3c0190ecbd7a
#8 writing image sha256:abe2b32671846efe952468466ad42dff64a887ab71f481b7118d3c0190ecbd7a done
#8 naming to gcr.io/fuzzbench/builders/afl/opencv_core_fuzzer-intermediate done
#8 DONE 0.1s

#9 exporting cache
#9 sha256:2700d4ef94dee473593c5c614b55b2dedcca7893909811a8f2b48291a1f581e4
#9 preparing build cache for export done
#9 DONE 0.0s
------
 > importing cache manifest from gcr.io/fuzzbench/builders/afl/opencv_core_fuzzer-intermediate:
------
#1 [internal] load build definition from Dockerfile
#1 sha256:689dbd34ad41db257c268239fc9efe09d5413d62a34866b1f0ebaf34498f17c6
#1 transferring dockerfile: 2.00kB done
#1 DONE 0.0s

#2 [internal] load .dockerignore
#2 sha256:91c6ec9a30d28acb2e28a9a0b1f8a31a0b8cc0be505506b5938ede0d2eb06681
#2 transferring context: 34B done
#2 DONE 0.1s

#3 [internal] load metadata for docker.io/library/ubuntu:xenial
#3 sha256:f62bae18ed588840f045c881b2502661f2a89578a2f8f99b83f5200ee83dd25b
#3 DONE 0.0s

#11 [1/7] FROM docker.io/library/ubuntu:xenial
#11 sha256:14dd403f25ae9e519bd44f27dc17af7ce80f5a4f9f48ca88108364e67ec5d360
#11 DONE 0.0s

#12 importing cache manifest from gcr.io/fuzzbench/base-image
#12 sha256:9b220ebb4d4daceed1b96df9b6dca076e762f1cd612574f010b82d5b9e5ad896
#12 DONE 0.0s

#6 [internal] load build context
#6 sha256:0b04cc4b3e2500381e8a4b7a629e73badac80055043de6d1703bf7d8e2884492
#6 transferring context: 559B 0.1s done
#6 DONE 0.1s

#8 [5/7] RUN pip3 install -r /requirements.txt
#8 sha256:a95a6a22cb18806ba0d4fe2699fe02abced760ce7c967031ddb9f3a28a2754a2
#8 CACHED

#9 [6/7] RUN apt-get update -y && apt-get install -y     apt-transport-https     lsb-release
#9 sha256:484c65edcc1d65f7b6971137825e00dc61e483977d77410dd48bc0c403e3b5be
#9 CACHED

#4 [2/7] RUN apt-get update -y && apt-get install -y     build-essential     rsync     curl     zlib1g-dev     libncurses5-dev     libgdbm-dev     libnss3-dev     libssl-dev     libreadline-dev     libffi-dev     virtualenv     libbz2-dev     liblzma-dev     libsqlite3-dev
#4 sha256:3a1b0960f17eed529eaae93dc8fd3554f2743dd584d8fa569cdbe6bc734371ac
#4 CACHED

#5 [3/7] RUN cd /tmp/ &&     curl -O https://www.python.org/ftp/python/3.8.6/Python-3.8.6.tar.xz &&     tar -xvf Python-3.8.6.tar.xz &&     cd Python-3.8.6 &&     ./configure --enable-loadable-sqlite-extensions --enable-optimizations &&     make -j install &&     rm -r /tmp/Python-3.8.6.tar.xz /tmp/Python-3.8.6
#5 sha256:c5b9d1fb3371e84dbc60b76e7b2f8d5913bc93bcd4910ab65daa03e7b2ec4bb0
#5 CACHED

#7 [4/7] COPY ./requirements.txt /
#7 sha256:7661598be0004b98152af5e6e7a0df8f968cf97e99d3a0f105f0268ab2398501
#7 CACHED

#10 [7/7] RUN CLOUD_SDK_REPO="cloud-sdk-$(lsb_release -c -s)" &&     echo "deb https://packages.cloud.google.com/apt $CLOUD_SDK_REPO main"     | tee -a /etc/apt/sources.list.d/google-cloud-sdk.list &&     curl https://packages.cloud.google.com/apt/doc/apt-key.gpg     | apt-key add - &&     apt-get update -y &&     apt-get install -y google-cloud-sdk
#10 sha256:affb41ecf98b39c27e3a0e82dddaafc3cec325b1842c35b37d748f2e11cf60ef
#10 CACHED

#13 exporting to image
#13 sha256:e8c613e07b0b7ff33893b694f7759a10d42e180f2b4dc349fb57dc6b71dcab00
#13 exporting layers done
#13 writing image sha256:55e5825902805b10e1ba0cd27e4af0d82c25f9e225d6218342d4b6474bd3ddae
#13 writing image sha256:55e5825902805b10e1ba0cd27e4af0d82c25f9e225d6218342d4b6474bd3ddae 0.0s done
#13 naming to gcr.io/fuzzbench/base-image done
#13 DONE 0.1s

#14 exporting cache
#14 sha256:2700d4ef94dee473593c5c614b55b2dedcca7893909811a8f2b48291a1f581e4
#14 preparing build cache for export done
#14 DONE 0.0s
#1 [internal] load build definition from Dockerfile
#1 sha256:9678ef8329d6f3027b54b57a577b8d4a3e2cbf4f57b2273c477fcc3632d35470
#1 transferring dockerfile: 2.22kB done
#1 DONE 0.0s

#2 [internal] load .dockerignore
#2 sha256:e9ecf534778a7db8ee4afa7e1ac1efd5ee4977b282085a8e55840b272cbf1fb3
#2 transferring context: 34B 0.0s done
#2 DONE 0.1s

#3 [internal] load metadata for gcr.io/fuzzbench/builders/afl/opencv_core_fuzzer-intermediate:latest
#3 sha256:26e02d64b02857ccbc026a5909bb0532adb731d7353e5f7efef5c92f3669e0b4
#3 DONE 0.0s

#4 [internal] load metadata for gcr.io/fuzzbench/base-image:latest
#4 sha256:932022888f650cc455b10eb5123bb08c0cccacac29a693e69314abbfd28a72c3
#4 DONE 0.0s

#5 importing cache manifest from gcr.io/fuzzbench/builders/afl/opencv_core_fuzzer
#5 sha256:7a8cb461dfc521f5114a553fb927e5c48aa6a12725176926560d9f0cfef26f85
#5 ...

#7 [base-image 1/1] FROM gcr.io/fuzzbench/base-image
#7 sha256:4d07825694520f8b6f6a0d8592dbd345433361ae044cb7f06706c5a95e3daaad
#7 DONE 1.0s

#6 [stage-1  1/13] FROM gcr.io/fuzzbench/builders/afl/opencv_core_fuzzer-intermediate
#6 sha256:7094a14b00f030098f0c51eaebc45dfd827301f9a37ac9b2118c36ed0d83af54
#6 DONE 0.0s

#12 [internal] load build context
#12 sha256:4049abeb5c1dc8fc8045521ca4eaa7f585ebe79edf1092630fedf38ec4f63211
#12 DONE 0.0s

#5 importing cache manifest from gcr.io/fuzzbench/builders/afl/opencv_core_fuzzer
#5 sha256:7a8cb461dfc521f5114a553fb927e5c48aa6a12725176926560d9f0cfef26f85
#5 ERROR: gcr.io/fuzzbench/builders/afl/opencv_core_fuzzer:latest: not found

#12 [internal] load build context
#12 sha256:4049abeb5c1dc8fc8045521ca4eaa7f585ebe79edf1092630fedf38ec4f63211
#12 transferring context: 669.88kB 0.3s done
#12 DONE 0.3s

#11 [stage-1  5/13] COPY --from=base-image /usr/local/lib/python3.8/site-packages /usr/local/lib/python3.8/site-packages
#11 sha256:1855118e1118187f2c542b6eb3ee31ce2d0dde76b7a3e13886b40db85bf2188e
#11 CACHED

#13 [stage-1  6/13] COPY fuzzers /src/fuzzers
#13 sha256:3b26354ceda90894bcc2b6bfa516a86dd4e7ce53190a6f2c5e27dec71f40ee55
#13 CACHED

#8 [stage-1  2/13] COPY --from=base-image /usr/local/bin/python3* /usr/local/bin/
#8 sha256:8af48da9093116a912ad441749ffcd94dc2ddbe5974b03d76a9e94ff0df8af66
#8 CACHED

#9 [stage-1  3/13] COPY --from=base-image /usr/local/lib/python3.8 /usr/local/lib/python3.8
#9 sha256:d65b848e788342982a9e0c5868cff05b694324d646f50309e791262a7ea50285
#9 CACHED

#10 [stage-1  4/13] COPY --from=base-image /usr/local/include/python3.8 /usr/local/include/python3.8
#10 sha256:53aacb0d6eaa87b046de58e23b6a1fb13b4b9f76264ef7943efb288765524e53
#10 CACHED

#14 [stage-1  7/13] RUN touch /src/__init__.py
#14 sha256:b77044301d530f1c067b83680be273d9fbe08b582f0138fe72ab60e78ebcf899
#14 DONE 1.2s

#15 [stage-1  8/13] COPY benchmarks/opencv_core_fuzzer/benchmark.yaml /
#15 sha256:7a2217ca5221a8a0a2b12733c70ed61a56f8ce8a69f11f6f8b3b4bd09187ed11
#15 DONE 0.1s

#16 [stage-1  9/13] RUN mkdir /opt/fuzzbench/
#16 sha256:7862b7510e3ec259d1edca723330cc1601da61d3d6475b513998ac64de2f9039
#16 DONE 1.3s

#17 [stage-1 10/13] COPY docker/benchmark-builder/checkout_commit.py /opt/fuzzbench/
#17 sha256:9e604e24127ae6d680ae4d5d7f01b34582422860af2119ea281d05602ddf358c
#17 DONE 0.1s

#18 [stage-1 11/13] RUN export CHECKOUT_COMMIT=$(cat /benchmark.yaml | tr -d ' ' | grep 'commit:' | cut -d ':' -f2) &&     python3 -u /opt/fuzzbench/checkout_commit.py $CHECKOUT_COMMIT /src
#18 sha256:59e23100bc4bee30effd0206f29bf49b70bb5645bb9dcf0d96cfa34e4ee9f700
#18 1.335 Checking out commit b27c51de
#18 143.9 From https://github.com/opencv/opencv
#18 143.9  * [new tag]               2.2                  -> 2.2
#18 143.9  * [new tag]               2.4.0                -> 2.4.0
#18 143.9  * [new tag]               2.4.1                -> 2.4.1
#18 143.9  * [new tag]               2.4.10               -> 2.4.10
#18 143.9  * [new tag]               2.4.10.1             -> 2.4.10.1
#18 143.9  * [new tag]               2.4.10.2             -> 2.4.10.2
#18 143.9  * [new tag]               2.4.10.3             -> 2.4.10.3
#18 143.9  * [new tag]               2.4.10.4             -> 2.4.10.4
#18 143.9  * [new tag]               2.4.11               -> 2.4.11
#18 143.9  * [new tag]               2.4.12               -> 2.4.12
#18 143.9  * [new tag]               2.4.12.1             -> 2.4.12.1
#18 143.9  * [new tag]               2.4.12.2             -> 2.4.12.2
#18 143.9  * [new tag]               2.4.12.3             -> 2.4.12.3
#18 143.9  * [new tag]               2.4.13               -> 2.4.13
#18 143.9  * [new tag]               2.4.13.1             -> 2.4.13.1
#18 143.9  * [new tag]               2.4.2                -> 2.4.2
#18 143.9  * [new tag]               2.4.3                -> 2.4.3
#18 143.9  * [new tag]               2.4.3-rc             -> 2.4.3-rc
#18 143.9  * [new tag]               2.4.3.1              -> 2.4.3.1
#18 143.9  * [new tag]               2.4.3.2              -> 2.4.3.2
#18 143.9  * [new tag]               2.4.4                -> 2.4.4
#18 143.9  * [new tag]               2.4.4-beta           -> 2.4.4-beta
#18 143.9  * [new tag]               2.4.5                -> 2.4.5
#18 143.9  * [new tag]               2.4.6                -> 2.4.6
#18 143.9  * [new tag]               2.4.6.1              -> 2.4.6.1
#18 143.9  * [new tag]               2.4.6.2              -> 2.4.6.2
#18 143.9  * [new tag]               2.4.6.2-rc1          -> 2.4.6.2-rc1
#18 143.9  * [new tag]               2.4.7                -> 2.4.7
#18 143.9  * [new tag]               2.4.7-rc1            -> 2.4.7-rc1
#18 143.9  * [new tag]               2.4.7.1              -> 2.4.7.1
#18 143.9  * [new tag]               2.4.7.2              -> 2.4.7.2
#18 143.9  * [new tag]               2.4.8                -> 2.4.8
#18 143.9  * [new tag]               2.4.8.1              -> 2.4.8.1
#18 143.9  * [new tag]               2.4.8.2              -> 2.4.8.2
#18 143.9  * [new tag]               2.4.8.3              -> 2.4.8.3
#18 143.9  * [new tag]               2.4.9                -> 2.4.9
#18 143.9  * [new tag]               2.4.9.1              -> 2.4.9.1
#18 143.9  * [new tag]               3.0-ocl-tech-preview -> 3.0-ocl-tech-preview
#18 143.9  * [new tag]               3.0-ocl-tp2          -> 3.0-ocl-tp2
#18 143.9  * [new tag]               3.0.0                -> 3.0.0
#18 143.9  * [new tag]               3.0.0-alpha          -> 3.0.0-alpha
#18 143.9  * [new tag]               3.0.0-beta           -> 3.0.0-beta
#18 143.9  * [new tag]               3.0.0-rc1            -> 3.0.0-rc1
#18 143.9  * [new tag]               3.1.0                -> 3.1.0
#18 143.9  * [new tag]               3.2.0                -> 3.2.0
#18 143.9  * [new tag]               3.2.0-rc             -> 3.2.0-rc
#18 143.9  * [new tag]               3.3.0                -> 3.3.0
#18 143.9  * [new tag]               3.3.0-cvsdk          -> 3.3.0-cvsdk
#18 143.9  * [new tag]               3.3.0-rc             -> 3.3.0-rc
#18 143.9  * [new tag]               3.3.1                -> 3.3.1
#18 143.9  * [new tag]               3.3.1-cvsdk          -> 3.3.1-cvsdk
#18 143.9  * [new tag]               3.4.0                -> 3.4.0
#18 143.9  * [new tag]               3.4.0-rc             -> 3.4.0-rc
#18 143.9  * [new tag]               3.4.1                -> 3.4.1
#18 143.9  * [new tag]               3.4.1-cvsdk          -> 3.4.1-cvsdk
#18 144.0  * [new tag]               3.4.10               -> 3.4.10
#18 144.0  * [new tag]               3.4.11               -> 3.4.11
#18 144.0  * [new tag]               3.4.12               -> 3.4.12
#18 144.0  * [new tag]               3.4.13               -> 3.4.13
#18 144.0  * [new tag]               3.4.14               -> 3.4.14
#18 144.0  * [new tag]               3.4.15               -> 3.4.15
#18 144.0  * [new tag]               3.4.16               -> 3.4.16
#18 144.0  * [new tag]               3.4.17               -> 3.4.17
#18 144.0  * [new tag]               3.4.2                -> 3.4.2
#18 144.0  * [new tag]               3.4.2-openvino       -> 3.4.2-openvino
#18 144.0  * [new tag]               3.4.3                -> 3.4.3
#18 144.0  * [new tag]               3.4.3-openvino       -> 3.4.3-openvino
#18 144.0  * [new tag]               3.4.4                -> 3.4.4
#18 144.0  * [new tag]               3.4.5                -> 3.4.5
#18 144.0  * [new tag]               3.4.6                -> 3.4.6
#18 144.0  * [new tag]               3.4.7                -> 3.4.7
#18 144.0  * [new tag]               3.4.8                -> 3.4.8
#18 144.0  * [new tag]               3.4.9                -> 3.4.9
#18 144.0  * [new tag]               4.0.0                -> 4.0.0
#18 144.0  * [new tag]               4.0.0-alpha          -> 4.0.0-alpha
#18 144.0  * [new tag]               4.0.0-beta           -> 4.0.0-beta
#18 144.0  * [new tag]               4.0.0-openvino       -> 4.0.0-openvino
#18 144.0  * [new tag]               4.0.0-rc             -> 4.0.0-rc
#18 144.0  * [new tag]               4.0.1                -> 4.0.1
#18 144.0  * [new tag]               4.0.1-openvino       -> 4.0.1-openvino
#18 144.0  * [new tag]               4.1.0                -> 4.1.0
#18 144.0  * [new tag]               4.1.0-openvino       -> 4.1.0-openvino
#18 144.0  * [new tag]               4.1.1                -> 4.1.1
#18 144.0  * [new tag]               4.1.1-openvino       -> 4.1.1-openvino
#18 144.0  * [new tag]               4.1.2                -> 4.1.2
#18 144.0  * [new tag]               4.1.2-openvino       -> 4.1.2-openvino
#18 144.0  * [new tag]               4.2.0                -> 4.2.0
#18 144.0  * [new tag]               4.3.0                -> 4.3.0
#18 144.0  * [new tag]               4.4.0                -> 4.4.0
#18 144.0  * [new tag]               4.5.0                -> 4.5.0
#18 144.0  * [new tag]               4.5.1                -> 4.5.1
#18 144.0  * [new tag]               4.5.2                -> 4.5.2
#18 144.0  * [new tag]               4.5.3                -> 4.5.3
#18 144.0  * [new tag]               4.5.4                -> 4.5.4
#18 144.0  * [new tag]               4.5.5                -> 4.5.5
#18 144.1 error: pathspec 'b27c51de' did not match any file(s) known to git
#18 144.1 error: pathspec 'b27c51de' did not match any file(s) known to git
#18 144.1 error: pathspec 'b27c51de' did not match any file(s) known to git
#18 144.4 error: pathspec 'b27c51de' did not match any file(s) known to git
#18 144.4 error: pathspec 'b27c51de' did not match any file(s) known to git
#18 144.5 error: pathspec 'b27c51de' did not match any file(s) known to git
#18 144.5 error: pathspec 'b27c51de' did not match any file(s) known to git
#18 144.5 error: pathspec 'b27c51de' did not match any file(s) known to git
#18 144.6 error: pathspec 'b27c51de' did not match any file(s) known to git
#18 144.7 error: pathspec 'b27c51de' did not match any file(s) known to git
#18 144.8 error: pathspec 'b27c51de' did not match any file(s) known to git
#18 144.9 error: pathspec 'b27c51de' did not match any file(s) known to git
#18 145.1 error: pathspec 'b27c51de' did not match any file(s) known to git
#18 145.1 error: pathspec 'b27c51de' did not match any file(s) known to git
#18 145.2 error: pathspec 'b27c51de' did not match any file(s) known to git
#18 145.2 error: pathspec 'b27c51de' did not match any file(s) known to git
#18 145.3 error: pathspec 'b27c51de' did not match any file(s) known to git
#18 145.3 error: pathspec 'b27c51de' did not match any file(s) known to git
#18 145.3 error: pathspec 'b27c51de' did not match any file(s) known to git
#18 145.4 error: pathspec 'b27c51de' did not match any file(s) known to git
#18 145.4 error: pathspec 'b27c51de' did not match any file(s) known to git
#18 145.5 error: pathspec 'b27c51de' did not match any file(s) known to git
#18 145.9 Checkout unsuccessful.
#18 DONE 146.4s

#19 [stage-1 12/13] RUN echo "#!/bin/bash\nPYTHONPATH=/src python3 -u -c "from fuzzers import utils; utils.initialize_env(); from fuzzers.afl import fuzzer; fuzzer.build()"" > /usr/bin/fuzzer_build &&     chmod +x /usr/bin/fuzzer_build
#19 sha256:5981d2c9fe26d0d3a56824d5cfec06efb64bdea029c820f74c5c3f2596eb6125
#19 DONE 2.2s

#20 [stage-1 13/13] RUN echo "Run fuzzer_build to build the target" && if [ -z "$debug_builder" ] ; then fuzzer_build; fi
#20 sha256:c2d7f4d52f54b81fcf450ed6fb48f8a09cb51ed53b7294ab0c43699a6772e692
#20 1.355 Run fuzzer_build to build the target
#20 1.863 FUZZ_TARGET = core_fuzzer
#20 1.863 CFLAGS = -DFUZZING_BUILD_MODE_UNSAFE_FOR_PRODUCTION -pthread -Wl,--no-as-needed -Wl,-ldl -Wl,-lm -Wno-unused-command-line-argument -O3
#20 1.863 CXXFLAGS = -DFUZZING_BUILD_MODE_UNSAFE_FOR_PRODUCTION -pthread -Wl,--no-as-needed -Wl,-ldl -Wl,-lm -Wno-unused-command-line-argument -stdlib=libc++ -O3
#20 1.884 Building benchmark opencv_core_fuzzer with fuzzer afl
#20 1.890 + mkdir opencv/build
#20 1.896 mkdir: cannot create directory ‘opencv/build’: No such file or directory
#20 1.898 Traceback (most recent call last):
#20 1.898   File "<string>", line 1, in <module>
#20 1.898   File "/src/fuzzers/afl/fuzzer.py", line 40, in build
#20 1.899     utils.build_benchmark()
#20 1.899   File "/src/fuzzers/utils.py", line 82, in build_benchmark
#20 1.900     subprocess.check_call(['/bin/bash', '-ex', build_script], env=env)
#20 1.901   File "/usr/local/lib/python3.8/subprocess.py", line 364, in check_call
#20 1.902     raise CalledProcessError(retcode, cmd)
#20 1.902 subprocess.CalledProcessError: Command '['/bin/bash', '-ex', '/src/build.sh']' returned non-zero exit status 1.
#20 ERROR: executor failed running [/bin/sh -c echo "Run fuzzer_build to build the target" && if [ -z "$debug_builder" ] ; then fuzzer_build; fi]: exit code: 1
------
 > importing cache manifest from gcr.io/fuzzbench/builders/afl/opencv_core_fuzzer:
------
------
 > [stage-1 13/13] RUN echo "Run fuzzer_build to build the target" && if [ -z "$debug_builder" ] ; then fuzzer_build; fi:
------
executor failed running [/bin/sh -c echo "Run fuzzer_build to build the target" && if [ -z "$debug_builder" ] ; then fuzzer_build; fi]: exit code: 1
make: *** [docker/generated.mk:2853801: .afl-opencv_core_fuzzer-builder] Error 1
/bin/sh: 1: source: not found
#1 [internal] load build definition from Dockerfile
#1 sha256:f02f3e6ecb90758218e2de33f7c00234ec06f8af41808af9097e69e0b3a661f4
#1 transferring dockerfile: 32B 0.0s done
#1 DONE 0.1s

#2 [internal] load .dockerignore
#2 sha256:bc86c4a6975cdfad1bbb56eecb7c9a182e56f1bd0c1e03f428685bfb8164bcf3
#2 transferring context: 2B done
#2 DONE 0.1s

#3 [internal] load metadata for gcr.io/oss-fuzz-base/base-builder:latest
#3 sha256:f10dc39cc9d418a5bc416dead31a1902b6821fdae909cd3b08f7a3fd1faba7b5
#3 DONE 0.6s

#5 [1/6] FROM gcr.io/oss-fuzz-base/base-builder@sha256:112044a9815d235113677d459cf2ece740a51f2b85081c8f66943dcdc72ddf7f
#5 sha256:4aee4bf9f7280ac8b7f02b8d29e6e084dd034d2c294b4e3e05d8ce7048a1450f
#5 DONE 0.0s

#4 importing cache manifest from gcr.io/fuzzbench/builders/benchmark/opencv_core_fuzzer
#4 sha256:825e7d189e57b82d27dfb019a1915b68696076204dd5bdd23181f180933fc2ae
#4 DONE 0.0s

#9 [internal] load build context
#9 sha256:5aaeb5c2219325df47b2dba5ae811a0a242d1f8ee20040ee24301bb0146f39c7
#9 transferring context: 429B done
#9 DONE 0.2s

#6 [2/6] RUN apt-get update && apt-get install -y build-essential cmake pkg-config
#6 sha256:5b4cdd543f7676d762d91b87c637b12e81d197a5de05812a3f0a2dc7aead2436
#6 CACHED

#7 [3/6] RUN git clone --depth 1 https://github.com/opencv/opencv.git opencv
#7 sha256:59a9fb61118231e7c2a207bca2277cafcfad95bb7e22f5ee768b2c0e041e7f83
#7 CACHED

#8 [4/6] WORKDIR opencv/
#8 sha256:fda6c4b7e211bdd8ec1ae001cbb40929be694af912454da7105b1ff5a7d1ef7e
#8 CACHED

#10 [5/6] COPY build.sh /src/
#10 sha256:19983f9de6c57efdd752ca0f5b7a662380afae67da3c99e103dba1b74d7065c5
#10 CACHED

#11 [6/6] COPY *.cc *.h /src/
#11 sha256:397af1b7fd36cc7b7ffa58d267b48cf1116b827a418f8b967a18210aa7f64039
#11 CACHED

#12 exporting to image
#12 sha256:e8c613e07b0b7ff33893b694f7759a10d42e180f2b4dc349fb57dc6b71dcab00
#12 exporting layers done
#12 writing image sha256:8a497c7e790611b7a92bb9829260fb3a936252ecb7d9088bba013e8d2b52277b 0.0s done
#12 naming to gcr.io/fuzzbench/builders/benchmark/opencv_core_fuzzer done
#12 DONE 0.5s

#13 exporting cache
#13 sha256:2700d4ef94dee473593c5c614b55b2dedcca7893909811a8f2b48291a1f581e4
#13 preparing build cache for export done
#13 DONE 0.0s
#1 [internal] load build definition from builder.Dockerfile
#1 sha256:e90f8f8a96f47705daa44af41637d53ba0c5bfe5bf984fd1a2e1df4f5805fa23
#1 transferring dockerfile: 46B done
#1 DONE 0.1s

#2 [internal] load .dockerignore
#2 sha256:dd747486abeeaa38caa3f6ccaf6b503dfc71d75f8eb1b72f97d9e7c58730db31
#2 transferring context: 2B 0.0s done
#2 DONE 0.2s

#3 [internal] load metadata for gcr.io/fuzzbench/builders/benchmark/opencv_core_fuzzer:latest
#3 sha256:7e679078f46fb4a28103f5458ae64afa19248ffd31ecef6fbd7d2f070b61aaa9
#3 DONE 0.0s

#5 [1/3] FROM gcr.io/fuzzbench/builders/benchmark/opencv_core_fuzzer
#5 sha256:41e42725ec1ceedee3fb3a9c680db059939e34862c1f983a3954558c2fb637f0
#5 DONE 0.0s

#4 importing cache manifest from gcr.io/fuzzbench/builders/afl/opencv_core_fuzzer-intermediate
#4 sha256:5c2e946e519cb0f086173fd6b8b9eb29e06cffd8816198e7df309aa3402fe049
#4 DONE 0.0s

#6 [2/3] RUN git clone https://github.com/google/AFL.git /afl &&     cd /afl &&     git checkout 61037103ae3722c8060ff7082994836a794f978e &&     AFL_NO_X86=1 make
#6 sha256:54b0bdcbd32155a4a62949962d180c3972b214912e0a9e8a519381c95a9fb759
#6 CACHED

#7 [3/3] RUN apt-get update &&     apt-get install wget -y &&     wget https://raw.githubusercontent.com/llvm/llvm-project/5feb80e748924606531ba28c97fe65145c65372e/compiler-rt/lib/fuzzer/afl/afl_driver.cpp -O /afl/afl_driver.cpp &&     clang -Wno-pointer-sign -c /afl/llvm_mode/afl-llvm-rt.o.c -I/afl &&     clang++ -stdlib=libc++ -std=c++11 -O2 -c /afl/afl_driver.cpp &&     ar r /libAFL.a *.o
#7 sha256:dac6c6e2ce6e02e11c3c3aceedf55a663df1a400c14dbb87ec0a6a47bc73a48a
#7 CACHED

#8 exporting to image
#8 sha256:e8c613e07b0b7ff33893b694f7759a10d42e180f2b4dc349fb57dc6b71dcab00
#8 exporting layers done
#8 writing image sha256:abe2b32671846efe952468466ad42dff64a887ab71f481b7118d3c0190ecbd7a done
#8 naming to gcr.io/fuzzbench/builders/afl/opencv_core_fuzzer-intermediate done
#8 DONE 0.3s

#9 exporting cache
#9 sha256:2700d4ef94dee473593c5c614b55b2dedcca7893909811a8f2b48291a1f581e4
#9 preparing build cache for export done
#9 DONE 0.0s
#1 [internal] load build definition from Dockerfile
#1 sha256:f7a45c5ab7419422250275cb4de1260cab65f479682c2fc268f1c2e79379bec2
#1 transferring dockerfile: 2.00kB done
#1 DONE 0.2s

#2 [internal] load .dockerignore
#2 sha256:28c04f6944e551ffef8273b301a125ccece62f7af79341f8ae4af7ae996b08c1
#2 transferring context: 34B 0.0s done
#2 DONE 0.3s

#3 [internal] load metadata for docker.io/library/ubuntu:xenial
#3 sha256:f62bae18ed588840f045c881b2502661f2a89578a2f8f99b83f5200ee83dd25b
#3 DONE 0.0s

#4 [1/7] FROM docker.io/library/ubuntu:xenial
#4 sha256:14dd403f25ae9e519bd44f27dc17af7ce80f5a4f9f48ca88108364e67ec5d360
#4 DONE 0.0s

#7 [internal] load build context
#7 sha256:19e97297adb885a63ba000ee373af674f19c7ea4419b0e4c705f4d306da2b6e9
#7 DONE 0.0s

#12 importing cache manifest from gcr.io/fuzzbench/base-image
#12 sha256:9b220ebb4d4daceed1b96df9b6dca076e762f1cd612574f010b82d5b9e5ad896
#12 DONE 0.0s

#7 [internal] load build context
#7 sha256:19e97297adb885a63ba000ee373af674f19c7ea4419b0e4c705f4d306da2b6e9
#7 transferring context: 559B 0.1s done
#7 DONE 0.7s

#5 [2/7] RUN apt-get update -y && apt-get install -y     build-essential     rsync     curl     zlib1g-dev     libncurses5-dev     libgdbm-dev     libnss3-dev     libssl-dev     libreadline-dev     libffi-dev     virtualenv     libbz2-dev     liblzma-dev     libsqlite3-dev
#5 sha256:3a1b0960f17eed529eaae93dc8fd3554f2743dd584d8fa569cdbe6bc734371ac
#5 CACHED

#6 [3/7] RUN cd /tmp/ &&     curl -O https://www.python.org/ftp/python/3.8.6/Python-3.8.6.tar.xz &&     tar -xvf Python-3.8.6.tar.xz &&     cd Python-3.8.6 &&     ./configure --enable-loadable-sqlite-extensions --enable-optimizations &&     make -j install &&     rm -r /tmp/Python-3.8.6.tar.xz /tmp/Python-3.8.6
#6 sha256:c5b9d1fb3371e84dbc60b76e7b2f8d5913bc93bcd4910ab65daa03e7b2ec4bb0
#6 CACHED

#8 [4/7] COPY ./requirements.txt /
#8 sha256:e623b83e128e9b8100fb4691f338f3b908df75cbcb6892c731cc394af206cdc2
#8 CACHED

#9 [5/7] RUN pip3 install -r /requirements.txt
#9 sha256:5018b3696a971bda2beaab7482c683115cdf9d74433b9b5519e41e0562bc52fd
#9 CACHED

#10 [6/7] RUN apt-get update -y && apt-get install -y     apt-transport-https     lsb-release
#10 sha256:c712f909a5d236dd258ed7cd321fa022a6c9bcefe3d44cf18469b9f7471089b9
#10 CACHED

#11 [7/7] RUN CLOUD_SDK_REPO="cloud-sdk-$(lsb_release -c -s)" &&     echo "deb https://packages.cloud.google.com/apt $CLOUD_SDK_REPO main"     | tee -a /etc/apt/sources.list.d/google-cloud-sdk.list &&     curl https://packages.cloud.google.com/apt/doc/apt-key.gpg     | apt-key add - &&     apt-get update -y &&     apt-get install -y google-cloud-sdk
#11 sha256:b5566f9a1aba76091f0c638df47d4ef23417a8f208c0a9e7affd085f901af99c
#11 CACHED

#13 exporting to image
#13 sha256:e8c613e07b0b7ff33893b694f7759a10d42e180f2b4dc349fb57dc6b71dcab00
#13 exporting layers done
#13 writing image sha256:55e5825902805b10e1ba0cd27e4af0d82c25f9e225d6218342d4b6474bd3ddae
#13 writing image sha256:55e5825902805b10e1ba0cd27e4af0d82c25f9e225d6218342d4b6474bd3ddae done
#13 naming to gcr.io/fuzzbench/base-image done
#13 DONE 0.1s

#14 exporting cache
#14 sha256:2700d4ef94dee473593c5c614b55b2dedcca7893909811a8f2b48291a1f581e4
#14 preparing build cache for export done
#14 DONE 0.0s
#1 [internal] load build definition from Dockerfile
#1 sha256:c01fbfad939d20dff855b2ef53321b735abe133df6ddc3857ff93bc2948e3a78
#1 transferring dockerfile: 2.22kB done
#1 DONE 0.1s

#2 [internal] load .dockerignore
#2 sha256:0bf125f58e07a4d13c1acee8430c9c7d822eae444347394a89d762a97cec52a5
#2 transferring context: 34B done
#2 DONE 0.0s

#7 [base-image 1/1] FROM gcr.io/fuzzbench/base-image
#7 sha256:4d07825694520f8b6f6a0d8592dbd345433361ae044cb7f06706c5a95e3daaad
#7 DONE 1.0s

#6 [stage-1  1/13] FROM gcr.io/fuzzbench/builders/afl/opencv_core_fuzzer-intermediate
#6 sha256:7094a14b00f030098f0c51eaebc45dfd827301f9a37ac9b2118c36ed0d83af54
#6 DONE 0.0s

#3 [internal] load metadata for gcr.io/fuzzbench/base-image:latest
#3 sha256:932022888f650cc455b10eb5123bb08c0cccacac29a693e69314abbfd28a72c3
#3 DONE 0.0s

#4 [internal] load metadata for gcr.io/fuzzbench/builders/afl/opencv_core_fuzzer-intermediate:latest
#4 sha256:26e02d64b02857ccbc026a5909bb0532adb731d7353e5f7efef5c92f3669e0b4
#4 DONE 0.0s

#12 [internal] load build context
#12 sha256:c6d0cff842e9addb64f5b5118ad29872c1ea980e2ba9c2f85c51abd544eaadc6
#12 DONE 0.0s

#5 importing cache manifest from gcr.io/fuzzbench/builders/afl/opencv_core_fuzzer
#5 sha256:7a8cb461dfc521f5114a553fb927e5c48aa6a12725176926560d9f0cfef26f85
#5 ERROR: gcr.io/fuzzbench/builders/afl/opencv_core_fuzzer:latest: not found

#12 [internal] load build context
#12 sha256:c6d0cff842e9addb64f5b5118ad29872c1ea980e2ba9c2f85c51abd544eaadc6
#12 transferring context: 669.88kB 1.0s done
#12 DONE 1.1s

#8 [stage-1  2/13] COPY --from=base-image /usr/local/bin/python3* /usr/local/bin/
#8 sha256:8af48da9093116a912ad441749ffcd94dc2ddbe5974b03d76a9e94ff0df8af66
#8 CACHED

#9 [stage-1  3/13] COPY --from=base-image /usr/local/lib/python3.8 /usr/local/lib/python3.8
#9 sha256:d65b848e788342982a9e0c5868cff05b694324d646f50309e791262a7ea50285
#9 CACHED

#10 [stage-1  4/13] COPY --from=base-image /usr/local/include/python3.8 /usr/local/include/python3.8
#10 sha256:53aacb0d6eaa87b046de58e23b6a1fb13b4b9f76264ef7943efb288765524e53
#10 CACHED

#11 [stage-1  5/13] COPY --from=base-image /usr/local/lib/python3.8/site-packages /usr/local/lib/python3.8/site-packages
#11 sha256:1855118e1118187f2c542b6eb3ee31ce2d0dde76b7a3e13886b40db85bf2188e
#11 CACHED

#13 [stage-1  6/13] COPY fuzzers /src/fuzzers
#13 sha256:608f0f9849c32740af4bc6e1ff1a43bc0843bced5b616b8364ac4a4793e674ae
#13 CACHED

#14 [stage-1  7/13] RUN touch /src/__init__.py
#14 sha256:2a262249213e6438b1cb18da871b0e274bbe48a5fd89bf6bffe4c8e7ef1686f5
#14 DONE 2.0s

#15 [stage-1  8/13] COPY benchmarks/opencv_core_fuzzer/benchmark.yaml /
#15 sha256:1698ce73f906f9daa4065e6e8f6fea80fc163ecf68dabb388a74f062cc7c276b
#15 DONE 0.4s

#16 [stage-1  9/13] RUN mkdir /opt/fuzzbench/
#16 sha256:b2b25f1e62e7130a859be07c72d49eacf95ac30362f17e069ce3358a5e86a528
#16 DONE 1.6s

#17 [stage-1 10/13] COPY docker/benchmark-builder/checkout_commit.py /opt/fuzzbench/
#17 sha256:02f373538b238fd83fbe123ecbd91636d13b5d93fd748d8e1734c1fc884f9d26
#17 DONE 0.5s

#18 [stage-1 11/13] RUN export CHECKOUT_COMMIT=$(cat /benchmark.yaml | tr -d ' ' | grep 'commit:' | cut -d ':' -f2) &&     python3 -u /opt/fuzzbench/checkout_commit.py $CHECKOUT_COMMIT /src
#18 sha256:dfccf0282f246f5c853d42d97c3cc16db1c56461c9e56c5af468fa0ea272eff4
#18 1.824 Checking out commit b27c51de
#18 138.1 From https://github.com/opencv/opencv
#18 138.1  * [new tag]               2.2                  -> 2.2
#18 138.1  * [new tag]               2.4.0                -> 2.4.0
#18 138.1  * [new tag]               2.4.1                -> 2.4.1
#18 138.1  * [new tag]               2.4.10               -> 2.4.10
#18 138.1  * [new tag]               2.4.10.1             -> 2.4.10.1
#18 138.1  * [new tag]               2.4.10.2             -> 2.4.10.2
#18 138.1  * [new tag]               2.4.10.3             -> 2.4.10.3
#18 138.1  * [new tag]               2.4.10.4             -> 2.4.10.4
#18 138.1  * [new tag]               2.4.11               -> 2.4.11
#18 138.1  * [new tag]               2.4.12               -> 2.4.12
#18 138.1  * [new tag]               2.4.12.1             -> 2.4.12.1
#18 138.1  * [new tag]               2.4.12.2             -> 2.4.12.2
#18 138.1  * [new tag]               2.4.12.3             -> 2.4.12.3
#18 138.1  * [new tag]               2.4.13               -> 2.4.13
#18 138.1  * [new tag]               2.4.13.1             -> 2.4.13.1
#18 138.1  * [new tag]               2.4.2                -> 2.4.2
#18 138.1  * [new tag]               2.4.3                -> 2.4.3
#18 138.1  * [new tag]               2.4.3-rc             -> 2.4.3-rc
#18 138.1  * [new tag]               2.4.3.1              -> 2.4.3.1
#18 138.1  * [new tag]               2.4.3.2              -> 2.4.3.2
#18 138.1  * [new tag]               2.4.4                -> 2.4.4
#18 138.1  * [new tag]               2.4.4-beta           -> 2.4.4-beta
#18 138.1  * [new tag]               2.4.5                -> 2.4.5
#18 138.1  * [new tag]               2.4.6                -> 2.4.6
#18 138.1  * [new tag]               2.4.6.1              -> 2.4.6.1
#18 138.1  * [new tag]               2.4.6.2              -> 2.4.6.2
#18 138.1  * [new tag]               2.4.6.2-rc1          -> 2.4.6.2-rc1
#18 138.1  * [new tag]               2.4.7                -> 2.4.7
#18 138.1  * [new tag]               2.4.7-rc1            -> 2.4.7-rc1
#18 138.1  * [new tag]               2.4.7.1              -> 2.4.7.1
#18 138.1  * [new tag]               2.4.7.2              -> 2.4.7.2
#18 138.1  * [new tag]               2.4.8                -> 2.4.8
#18 138.1  * [new tag]               2.4.8.1              -> 2.4.8.1
#18 138.1  * [new tag]               2.4.8.2              -> 2.4.8.2
#18 138.1  * [new tag]               2.4.8.3              -> 2.4.8.3
#18 138.1  * [new tag]               2.4.9                -> 2.4.9
#18 138.1  * [new tag]               2.4.9.1              -> 2.4.9.1
#18 138.1  * [new tag]               3.0-ocl-tech-preview -> 3.0-ocl-tech-preview
#18 138.1  * [new tag]               3.0-ocl-tp2          -> 3.0-ocl-tp2
#18 138.1  * [new tag]               3.0.0                -> 3.0.0
#18 138.1  * [new tag]               3.0.0-alpha          -> 3.0.0-alpha
#18 138.1  * [new tag]               3.0.0-beta           -> 3.0.0-beta
#18 138.1  * [new tag]               3.0.0-rc1            -> 3.0.0-rc1
#18 138.1  * [new tag]               3.1.0                -> 3.1.0
#18 138.1  * [new tag]               3.2.0                -> 3.2.0
#18 138.1  * [new tag]               3.2.0-rc             -> 3.2.0-rc
#18 138.1  * [new tag]               3.3.0                -> 3.3.0
#18 138.1  * [new tag]               3.3.0-cvsdk          -> 3.3.0-cvsdk
#18 138.1  * [new tag]               3.3.0-rc             -> 3.3.0-rc
#18 138.1  * [new tag]               3.3.1                -> 3.3.1
#18 138.1  * [new tag]               3.3.1-cvsdk          -> 3.3.1-cvsdk
#18 138.2  * [new tag]               3.4.0                -> 3.4.0
#18 138.2  * [new tag]               3.4.0-rc             -> 3.4.0-rc
#18 138.2  * [new tag]               3.4.1                -> 3.4.1
#18 138.2  * [new tag]               3.4.1-cvsdk          -> 3.4.1-cvsdk
#18 138.2  * [new tag]               3.4.10               -> 3.4.10
#18 138.2  * [new tag]               3.4.11               -> 3.4.11
#18 138.2  * [new tag]               3.4.12               -> 3.4.12
#18 138.2  * [new tag]               3.4.13               -> 3.4.13
#18 138.2  * [new tag]               3.4.14               -> 3.4.14
#18 138.2  * [new tag]               3.4.15               -> 3.4.15
#18 138.2  * [new tag]               3.4.16               -> 3.4.16
#18 138.2  * [new tag]               3.4.17               -> 3.4.17
#18 138.2  * [new tag]               3.4.2                -> 3.4.2
#18 138.2  * [new tag]               3.4.2-openvino       -> 3.4.2-openvino
#18 138.2  * [new tag]               3.4.3                -> 3.4.3
#18 138.2  * [new tag]               3.4.3-openvino       -> 3.4.3-openvino
#18 138.2  * [new tag]               3.4.4                -> 3.4.4
#18 138.2  * [new tag]               3.4.5                -> 3.4.5
#18 138.2  * [new tag]               3.4.6                -> 3.4.6
#18 138.2  * [new tag]               3.4.7                -> 3.4.7
#18 138.2  * [new tag]               3.4.8                -> 3.4.8
#18 138.2  * [new tag]               3.4.9                -> 3.4.9
#18 138.2  * [new tag]               4.0.0                -> 4.0.0
#18 138.2  * [new tag]               4.0.0-alpha          -> 4.0.0-alpha
#18 138.2  * [new tag]               4.0.0-beta           -> 4.0.0-beta
#18 138.2  * [new tag]               4.0.0-openvino       -> 4.0.0-openvino
#18 138.2  * [new tag]               4.0.0-rc             -> 4.0.0-rc
#18 138.2  * [new tag]               4.0.1                -> 4.0.1
#18 138.2  * [new tag]               4.0.1-openvino       -> 4.0.1-openvino
#18 138.2  * [new tag]               4.1.0                -> 4.1.0
#18 138.2  * [new tag]               4.1.0-openvino       -> 4.1.0-openvino
#18 138.2  * [new tag]               4.1.1                -> 4.1.1
#18 138.2  * [new tag]               4.1.1-openvino       -> 4.1.1-openvino
#18 138.2  * [new tag]               4.1.2                -> 4.1.2
#18 138.2  * [new tag]               4.1.2-openvino       -> 4.1.2-openvino
#18 138.2  * [new tag]               4.2.0                -> 4.2.0
#18 138.2  * [new tag]               4.3.0                -> 4.3.0
#18 138.2  * [new tag]               4.4.0                -> 4.4.0
#18 138.2  * [new tag]               4.5.0                -> 4.5.0
#18 138.2  * [new tag]               4.5.1                -> 4.5.1
#18 138.2  * [new tag]               4.5.2                -> 4.5.2
#18 138.2  * [new tag]               4.5.3                -> 4.5.3
#18 138.2  * [new tag]               4.5.4                -> 4.5.4
#18 138.2  * [new tag]               4.5.5                -> 4.5.5
#18 138.2 error: pathspec 'b27c51de' did not match any file(s) known to git
#18 138.3 error: pathspec 'b27c51de' did not match any file(s) known to git
#18 138.3 error: pathspec 'b27c51de' did not match any file(s) known to git
#18 138.4 error: pathspec 'b27c51de' did not match any file(s) known to git
#18 138.5 error: pathspec 'b27c51de' did not match any file(s) known to git
#18 138.5 error: pathspec 'b27c51de' did not match any file(s) known to git
#18 138.6 error: pathspec 'b27c51de' did not match any file(s) known to git
#18 138.6 error: pathspec 'b27c51de' did not match any file(s) known to git
#18 138.7 error: pathspec 'b27c51de' did not match any file(s) known to git
#18 138.8 error: pathspec 'b27c51de' did not match any file(s) known to git
#18 138.8 error: pathspec 'b27c51de' did not match any file(s) known to git
#18 138.9 error: pathspec 'b27c51de' did not match any file(s) known to git
#18 139.1 error: pathspec 'b27c51de' did not match any file(s) known to git
#18 139.2 error: pathspec 'b27c51de' did not match any file(s) known to git
#18 139.2 error: pathspec 'b27c51de' did not match any file(s) known to git
#18 139.3 error: pathspec 'b27c51de' did not match any file(s) known to git
#18 139.3 error: pathspec 'b27c51de' did not match any file(s) known to git
#18 139.4 error: pathspec 'b27c51de' did not match any file(s) known to git
#18 139.5 error: pathspec 'b27c51de' did not match any file(s) known to git
#18 139.5 error: pathspec 'b27c51de' did not match any file(s) known to git
#18 139.5 error: pathspec 'b27c51de' did not match any file(s) known to git
#18 139.6 error: pathspec 'b27c51de' did not match any file(s) known to git
#18 139.9 Checkout unsuccessful.
#18 DONE 140.6s

#19 [stage-1 12/13] RUN echo "#!/bin/bash\nPYTHONPATH=/src python3 -u -c "from fuzzers import utils; utils.initialize_env(); from fuzzers.afl import fuzzer; fuzzer.build()"" > /usr/bin/fuzzer_build &&     chmod +x /usr/bin/fuzzer_build
#19 sha256:31c36c8233051600e63d02f4c45c1684f9c277706b323d596cfe2db4679af28a
#19 DONE 1.7s

#20 [stage-1 13/13] RUN echo "Run fuzzer_build to build the target" && if [ -z "$debug_builder" ] ; then fuzzer_build; fi
#20 sha256:8508cb51594533de2453703b3fffd63d9e3278f73cb0aa9b3d8198d936896562
#20 1.333 Run fuzzer_build to build the target
#20 1.811 FUZZ_TARGET = core_fuzzer
#20 1.812 CFLAGS = -DFUZZING_BUILD_MODE_UNSAFE_FOR_PRODUCTION -pthread -Wl,--no-as-needed -Wl,-ldl -Wl,-lm -Wno-unused-command-line-argument -O3
#20 1.813 CXXFLAGS = -DFUZZING_BUILD_MODE_UNSAFE_FOR_PRODUCTION -pthread -Wl,--no-as-needed -Wl,-ldl -Wl,-lm -Wno-unused-command-line-argument -stdlib=libc++ -O3
#20 1.836 Building benchmark opencv_core_fuzzer with fuzzer afl
#20 1.850 + mkdir opencv/build
#20 1.856 mkdir: cannot create directory ‘opencv/build’: No such file or directory
#20 1.859 Traceback (most recent call last):
#20 1.860   File "<string>", line 1, in <module>
#20 1.860   File "/src/fuzzers/afl/fuzzer.py", line 40, in build
#20 1.861     utils.build_benchmark()
#20 1.861   File "/src/fuzzers/utils.py", line 82, in build_benchmark
#20 1.862     subprocess.check_call(['/bin/bash', '-ex', build_script], env=env)
#20 1.862   File "/usr/local/lib/python3.8/subprocess.py", line 364, in check_call
#20 1.864     raise CalledProcessError(retcode, cmd)
#20 1.864 subprocess.CalledProcessError: Command '['/bin/bash', '-ex', '/src/build.sh']' returned non-zero exit status 1.
#20 ERROR: executor failed running [/bin/sh -c echo "Run fuzzer_build to build the target" && if [ -z "$debug_builder" ] ; then fuzzer_build; fi]: exit code: 1
------
 > importing cache manifest from gcr.io/fuzzbench/builders/afl/opencv_core_fuzzer:
------
------
 > [stage-1 13/13] RUN echo "Run fuzzer_build to build the target" && if [ -z "$debug_builder" ] ; then fuzzer_build; fi:
------
executor failed running [/bin/sh -c echo "Run fuzzer_build to build the target" && if [ -z "$debug_builder" ] ; then fuzzer_build; fi]: exit code: 1
make: *** [docker/generated.mk:2853801: .afl-opencv_core_fuzzer-builder] Error 1
