WARNING:root:gcloud not found in PATH.
INFO:root:Successfully integrated benchmark: go-attestation_go-attestation.
INFO:root:Please run "make test-run-afl-go-attestation_go-attestation" to test integration.
#1 [internal] load build definition from Dockerfile
#1 sha256:3c439b6e81a0c2782b23902a18a2a175cd4956bf500b56925394a743c60040e7
#1 transferring dockerfile: 837B done
#1 DONE 0.4s

#2 [internal] load .dockerignore
#2 sha256:212462ce0467d1f7c6203156ec29d0f8084f14d79e87fcda4ddae974044a1867
#2 transferring context: 2B done
#2 DONE 0.4s

#3 [internal] load metadata for gcr.io/oss-fuzz-base/base-builder:latest
#3 sha256:f10dc39cc9d418a5bc416dead31a1902b6821fdae909cd3b08f7a3fd1faba7b5
#3 DONE 0.4s

#8 [internal] load build context
#8 sha256:a568e8701155d4aa326ba60ded878cb7000a449962d5eab93ddc1a3db45e717c
#8 DONE 0.0s

#5 [1/4] FROM gcr.io/oss-fuzz-base/base-builder@sha256:f4e5ea12494fab091c5d830cf803b3421f2860f729b9d1b07da44924396cf8cf
#5 sha256:ef290950573a2779ee526af357b28fbddfc20d7409aa51f58f777c9e972cba29
#5 DONE 0.0s

#4 importing cache manifest from gcr.io/fuzzbench/builders/benchmark/go-attestation_go-attestation
#4 sha256:fd79057ff2399e5649beeb43335aa60ace090c11db5c8ee14c356160e502e4fb
#4 ERROR: gcr.io/fuzzbench/builders/benchmark/go-attestation_go-attestation:latest: not found

#5 [1/4] FROM gcr.io/oss-fuzz-base/base-builder@sha256:f4e5ea12494fab091c5d830cf803b3421f2860f729b9d1b07da44924396cf8cf
#5 sha256:ef290950573a2779ee526af357b28fbddfc20d7409aa51f58f777c9e972cba29
#5 CACHED

#8 [internal] load build context
#8 sha256:a568e8701155d4aa326ba60ded878cb7000a449962d5eab93ddc1a3db45e717c
#8 transferring context: 1.15kB done
#8 DONE 0.1s

#6 [2/4] RUN go get -u -d github.com/google/go-attestation/...
#6 sha256:4c1683cfce2bff39fbb781cd3551f4a8fd414f3b43054e27e4a8fd0945af4e33
#6 0.529 /bin/sh: 1: go: not found
#6 ERROR: executor failed running [/bin/sh -c go get -u -d github.com/google/go-attestation/...]: exit code: 127
------
 > importing cache manifest from gcr.io/fuzzbench/builders/benchmark/go-attestation_go-attestation:
------
------
 > [2/4] RUN go get -u -d github.com/google/go-attestation/...:
------
executor failed running [/bin/sh -c go get -u -d github.com/google/go-attestation/...]: exit code: 127
make: *** [docker/generated.mk:18032: .go-attestation_go-attestation-project-builder] Error 1
/bin/sh: 1: source: not found
#1 [internal] load build definition from Dockerfile
#1 sha256:6bd80aa52430e39098d7aa448e92d97aa440e6c41d06b1e4ed13c2cd54636394
#1 transferring dockerfile: 32B done
#1 DONE 0.3s

#2 [internal] load .dockerignore
#2 sha256:70d439fe0a107081959726d6b966effed97ba1b6fd1d349263cb140e7dd37cc6
#2 transferring context: 2B done
#2 DONE 0.3s

#3 [internal] load metadata for gcr.io/oss-fuzz-base/base-builder:latest
#3 sha256:f10dc39cc9d418a5bc416dead31a1902b6821fdae909cd3b08f7a3fd1faba7b5
#3 DONE 0.5s

#8 [internal] load build context
#8 sha256:101f325b282f803fa764b3c746493d5705536368644d957ef068cfcb24946399
#8 DONE 0.0s

#5 [1/4] FROM gcr.io/oss-fuzz-base/base-builder@sha256:f4e5ea12494fab091c5d830cf803b3421f2860f729b9d1b07da44924396cf8cf
#5 sha256:ef290950573a2779ee526af357b28fbddfc20d7409aa51f58f777c9e972cba29
#5 DONE 0.0s

#4 importing cache manifest from gcr.io/fuzzbench/builders/benchmark/go-attestation_go-attestation
#4 sha256:fd79057ff2399e5649beeb43335aa60ace090c11db5c8ee14c356160e502e4fb
#4 ERROR: gcr.io/fuzzbench/builders/benchmark/go-attestation_go-attestation:latest: not found

#5 [1/4] FROM gcr.io/oss-fuzz-base/base-builder@sha256:f4e5ea12494fab091c5d830cf803b3421f2860f729b9d1b07da44924396cf8cf
#5 sha256:ef290950573a2779ee526af357b28fbddfc20d7409aa51f58f777c9e972cba29
#5 CACHED

#8 [internal] load build context
#8 sha256:101f325b282f803fa764b3c746493d5705536368644d957ef068cfcb24946399
#8 transferring context: 30B done
#8 DONE 0.7s

#6 [2/4] RUN go get -u -d github.com/google/go-attestation/...
#6 sha256:4c1683cfce2bff39fbb781cd3551f4a8fd414f3b43054e27e4a8fd0945af4e33
#6 1.075 /bin/sh: 1: go: not found
#6 ERROR: executor failed running [/bin/sh -c go get -u -d github.com/google/go-attestation/...]: exit code: 127
------
 > importing cache manifest from gcr.io/fuzzbench/builders/benchmark/go-attestation_go-attestation:
------
------
 > [2/4] RUN go get -u -d github.com/google/go-attestation/...:
------
executor failed running [/bin/sh -c go get -u -d github.com/google/go-attestation/...]: exit code: 127
make: *** [docker/generated.mk:18032: .go-attestation_go-attestation-project-builder] Error 1
