WARNING:root:gcloud not found in PATH.
INFO:root:Successfully integrated benchmark: xerces-c_parse_target_proto.
INFO:root:Please run "make test-run-afl-xerces-c_parse_target_proto" to test integration.
#2 [internal] load .dockerignore
#2 sha256:e60df4fef666bf94da10c9a76bdce039ab354a4cc7f54a126355bb60f6eea335
#2 transferring context:
#2 transferring context: 2B done
#2 DONE 0.4s

#1 [internal] load build definition from Dockerfile
#1 sha256:2f288a4fc528c98d60c80c24f9c83ebf0a5cff08843397fa9a34dba03d351596
#1 transferring dockerfile: 1.25kB done
#1 DONE 0.3s

#3 [internal] load metadata for gcr.io/oss-fuzz-base/base-builder:latest
#3 sha256:f10dc39cc9d418a5bc416dead31a1902b6821fdae909cd3b08f7a3fd1faba7b5
#3 DONE 0.4s

#10 [internal] load build context
#10 sha256:07fcdeb420849afcf519b0fa50a0de06a8db37408ec225be2bd3737238f4b170
#10 DONE 0.0s

#5 [1/6] FROM gcr.io/oss-fuzz-base/base-builder@sha256:f4e5ea12494fab091c5d830cf803b3421f2860f729b9d1b07da44924396cf8cf
#5 sha256:ef290950573a2779ee526af357b28fbddfc20d7409aa51f58f777c9e972cba29
#5 DONE 0.0s

#4 importing cache manifest from gcr.io/fuzzbench/builders/benchmark/xerces-c_parse_target_proto
#4 sha256:905cae1174e1fd966f91f123e74f5994e5321727ae156fddeed0b8cf77ee66b6
#4 ERROR: gcr.io/fuzzbench/builders/benchmark/xerces-c_parse_target_proto:latest: not found

#7 [3/6] RUN svn co https://svn.apache.org/repos/asf/xerces/c/trunk /src/xerces-c
#7 sha256:2d69086665ffa0ba5e8cd5f963a9e6563ce2c73682d46e1d7780d66f0f453ddb
#7 CACHED

#6 [2/6] RUN apt-get update && apt-get install -y make autoconf automake libtool wget zlib1g-dev libtool ninja-build cmake subversion
#6 sha256:49a7be0d1426a251f412403b6f3dd299746dfa7d77c2a0d17974e8e219c1ab51
#6 CACHED

#8 [4/6] RUN git clone --depth 1 https://github.com/google/libprotobuf-mutator.git
#8 sha256:bee7b0dcd969c3fa01d5a1c50ef58aceb1d1ff26454b357d14091e8c06c30b6c
#8 CACHED

#9 [5/6] RUN (mkdir LPM && cd LPM && cmake ../libprotobuf-mutator -GNinja -DLIB_PROTO_MUTATOR_DOWNLOAD_PROTOBUF=ON -DLIB_PROTO_MUTATOR_TESTING=OFF -DCMAKE_BUILD_TYPE=Release && ninja)
#9 sha256:64be309b4d5ca6af803e12213c3728ca03cc31a94bed735864af4240930a4c69
#9 ...

#10 [internal] load build context
#10 sha256:07fcdeb420849afcf519b0fa50a0de06a8db37408ec225be2bd3737238f4b170
#10 transferring context: 32.07kB done
#10 DONE 0.2s

#9 [5/6] RUN (mkdir LPM && cd LPM && cmake ../libprotobuf-mutator -GNinja -DLIB_PROTO_MUTATOR_DOWNLOAD_PROTOBUF=ON -DLIB_PROTO_MUTATOR_TESTING=OFF -DCMAKE_BUILD_TYPE=Release && ninja)
#9 sha256:64be309b4d5ca6af803e12213c3728ca03cc31a94bed735864af4240930a4c69
#9 0.719 -- The CXX compiler identification is Clang 14.0.0
#9 0.734 -- Detecting CXX compiler ABI info
#9 0.828 -- Detecting CXX compiler ABI info - done
#9 0.846 -- Check for working CXX compiler: /usr/local/bin/clang++ - skipped
#9 0.847 -- Detecting CXX compile features
#9 0.848 -- Detecting CXX compile features - done
#9 0.932 -- The C compiler identification is Clang 14.0.0
#9 0.944 -- Detecting C compiler ABI info
#9 1.029 -- Detecting C compiler ABI info - done
#9 1.047 -- Check for working C compiler: /usr/local/bin/clang - skipped
#9 1.048 -- Detecting C compile features
#9 1.048 -- Detecting C compile features - done
#9 1.053 -- Looking for pthread.h
#9 1.146 -- Looking for pthread.h - found
#9 1.147 -- Performing Test CMAKE_HAVE_LIBC_PTHREAD
#9 1.248 -- Performing Test CMAKE_HAVE_LIBC_PTHREAD - Failed
#9 1.248 -- Check if compiler accepts -pthread
#9 1.347 -- Check if compiler accepts -pthread - yes
#9 1.348 -- Found Threads: TRUE  
#9 1.359 -- Could NOT find LibLZMA (missing: LIBLZMA_LIBRARY LIBLZMA_INCLUDE_DIR LIBLZMA_HAS_AUTO_DECODER LIBLZMA_HAS_EASY_ENCODER LIBLZMA_HAS_LZMA_PRESET) 
#9 1.375 -- Found ZLIB: /usr/lib/x86_64-linux-gnu/libz.so (found version "1.2.11") 
#9 1.376 -- Performing Test LIB_PROTO_MUTATOR_HAS_SANITIZE_ADDRESS
#9 1.616 -- Performing Test LIB_PROTO_MUTATOR_HAS_SANITIZE_ADDRESS - Success
#9 1.619 -- Performing Test LIB_PROTO_MUTATOR_HAS_SANITIZE_SCOPE
#9 1.859 -- Performing Test LIB_PROTO_MUTATOR_HAS_SANITIZE_SCOPE - Success
#9 1.861 -- Performing Test LIB_PROTO_MUTATOR_HAS_NO_COVERAGE
#9 1.954 -- Performing Test LIB_PROTO_MUTATOR_HAS_NO_COVERAGE - Success
#9 1.956 -- Performing Test LIB_PROTO_MUTATOR_HAS_SANITIZE_FUZZER
#9 2.138 -- Performing Test LIB_PROTO_MUTATOR_HAS_SANITIZE_FUZZER - Success
#9 2.141 -- Performing Test LIB_PROTO_MUTATOR_HAS_NO_SANITIZE_FUZZER
#9 2.236 -- Performing Test LIB_PROTO_MUTATOR_HAS_NO_SANITIZE_FUZZER - Success
#9 2.237 -- Performing Test LIB_PROTO_MUTATOR_HAS_WSTRING_CONVERSION
#9 2.328 -- Performing Test LIB_PROTO_MUTATOR_HAS_WSTRING_CONVERSION - Success
#9 2.344 -- Could NOT find Protobuf (missing: Protobuf_LIBRARIES Protobuf_INCLUDE_DIR) 
#9 2.438 -- Configuring done
#9 2.440 CMake Error: The following variables are used in this project, but they are set to NOTFOUND.
#9 2.440 Please set them or make sure they are set and tested correctly in the CMake files:
#9 2.440 LIBLZMA_LIBRARY (ADVANCED)
#9 2.440     linked by target "libxml2_example" in directory /src/libprotobuf-mutator/examples/libxml2
#9 2.440 
#9 2.464 -- Generating done
#9 2.468 CMake Generate step failed.  Build files cannot be regenerated correctly.
#9 ERROR: executor failed running [/bin/sh -c (mkdir LPM && cd LPM && cmake ../libprotobuf-mutator -GNinja -DLIB_PROTO_MUTATOR_DOWNLOAD_PROTOBUF=ON -DLIB_PROTO_MUTATOR_TESTING=OFF -DCMAKE_BUILD_TYPE=Release && ninja)]: exit code: 1
------
 > importing cache manifest from gcr.io/fuzzbench/builders/benchmark/xerces-c_parse_target_proto:
------
------
 > [5/6] RUN (mkdir LPM && cd LPM && cmake ../libprotobuf-mutator -GNinja -DLIB_PROTO_MUTATOR_DOWNLOAD_PROTOBUF=ON -DLIB_PROTO_MUTATOR_TESTING=OFF -DCMAKE_BUILD_TYPE=Release && ninja):
------
executor failed running [/bin/sh -c (mkdir LPM && cd LPM && cmake ../libprotobuf-mutator -GNinja -DLIB_PROTO_MUTATOR_DOWNLOAD_PROTOBUF=ON -DLIB_PROTO_MUTATOR_TESTING=OFF -DCMAKE_BUILD_TYPE=Release && ninja)]: exit code: 1
make: *** [docker/generated.mk:71944: .xerces-c_parse_target_proto-project-builder] Error 1
/bin/sh: 1: source: not found
#2 [internal] load .dockerignore
#2 sha256:312423e0db653a68a06411f350b9a9039e7c76da09e6f6a76628e72faca381f5
#2 transferring context: 2B done
#2 DONE 0.2s

#1 [internal] load build definition from Dockerfile
#1 sha256:cc0efd1c68b8ce565f957cdbde76428dfaca136290d2e7dc7c56876259f65c6a
#1 transferring dockerfile: 32B done
#1 DONE 0.2s

#3 [internal] load metadata for gcr.io/oss-fuzz-base/base-builder:latest
#3 sha256:f10dc39cc9d418a5bc416dead31a1902b6821fdae909cd3b08f7a3fd1faba7b5
#3 DONE 0.4s

#10 [internal] load build context
#10 sha256:d6c82d8ae4ea2d0c7e655093009aec6516708cc67dd3104b44ed533f99270ad9
#10 DONE 0.0s

#5 [1/6] FROM gcr.io/oss-fuzz-base/base-builder@sha256:f4e5ea12494fab091c5d830cf803b3421f2860f729b9d1b07da44924396cf8cf
#5 sha256:ef290950573a2779ee526af357b28fbddfc20d7409aa51f58f777c9e972cba29
#5 DONE 0.0s

#4 importing cache manifest from gcr.io/fuzzbench/builders/benchmark/xerces-c_parse_target_proto
#4 sha256:905cae1174e1fd966f91f123e74f5994e5321727ae156fddeed0b8cf77ee66b6
#4 ERROR: gcr.io/fuzzbench/builders/benchmark/xerces-c_parse_target_proto:latest: not found

#6 [2/6] RUN apt-get update && apt-get install -y make autoconf automake libtool wget zlib1g-dev libtool ninja-build cmake subversion
#6 sha256:49a7be0d1426a251f412403b6f3dd299746dfa7d77c2a0d17974e8e219c1ab51
#6 CACHED

#7 [3/6] RUN svn co https://svn.apache.org/repos/asf/xerces/c/trunk /src/xerces-c
#7 sha256:2d69086665ffa0ba5e8cd5f963a9e6563ce2c73682d46e1d7780d66f0f453ddb
#7 CACHED

#8 [4/6] RUN git clone --depth 1 https://github.com/google/libprotobuf-mutator.git
#8 sha256:bee7b0dcd969c3fa01d5a1c50ef58aceb1d1ff26454b357d14091e8c06c30b6c
#8 CACHED

#10 [internal] load build context
#10 sha256:d6c82d8ae4ea2d0c7e655093009aec6516708cc67dd3104b44ed533f99270ad9
#10 transferring context: 300B done
#10 DONE 0.1s

#9 [5/6] RUN (mkdir LPM && cd LPM && cmake ../libprotobuf-mutator -GNinja -DLIB_PROTO_MUTATOR_DOWNLOAD_PROTOBUF=ON -DLIB_PROTO_MUTATOR_TESTING=OFF -DCMAKE_BUILD_TYPE=Release && ninja)
#9 sha256:64be309b4d5ca6af803e12213c3728ca03cc31a94bed735864af4240930a4c69
#9 0.591 -- The CXX compiler identification is Clang 14.0.0
#9 0.607 -- Detecting CXX compiler ABI info
#9 0.696 -- Detecting CXX compiler ABI info - done
#9 0.714 -- Check for working CXX compiler: /usr/local/bin/clang++ - skipped
#9 0.714 -- Detecting CXX compile features
#9 0.715 -- Detecting CXX compile features - done
#9 0.796 -- The C compiler identification is Clang 14.0.0
#9 0.808 -- Detecting C compiler ABI info
#9 0.896 -- Detecting C compiler ABI info - done
#9 0.914 -- Check for working C compiler: /usr/local/bin/clang - skipped
#9 0.915 -- Detecting C compile features
#9 0.915 -- Detecting C compile features - done
#9 0.920 -- Looking for pthread.h
#9 1.019 -- Looking for pthread.h - found
#9 1.020 -- Performing Test CMAKE_HAVE_LIBC_PTHREAD
#9 1.118 -- Performing Test CMAKE_HAVE_LIBC_PTHREAD - Failed
#9 1.119 -- Check if compiler accepts -pthread
#9 1.218 -- Check if compiler accepts -pthread - yes
#9 1.221 -- Found Threads: TRUE  
#9 1.234 -- Could NOT find LibLZMA (missing: LIBLZMA_LIBRARY LIBLZMA_INCLUDE_DIR LIBLZMA_HAS_AUTO_DECODER LIBLZMA_HAS_EASY_ENCODER LIBLZMA_HAS_LZMA_PRESET) 
#9 1.248 -- Found ZLIB: /usr/lib/x86_64-linux-gnu/libz.so (found version "1.2.11") 
#9 1.249 -- Performing Test LIB_PROTO_MUTATOR_HAS_SANITIZE_ADDRESS
#9 1.487 -- Performing Test LIB_PROTO_MUTATOR_HAS_SANITIZE_ADDRESS - Success
#9 1.489 -- Performing Test LIB_PROTO_MUTATOR_HAS_SANITIZE_SCOPE
#9 1.728 -- Performing Test LIB_PROTO_MUTATOR_HAS_SANITIZE_SCOPE - Success
#9 1.730 -- Performing Test LIB_PROTO_MUTATOR_HAS_NO_COVERAGE
#9 1.828 -- Performing Test LIB_PROTO_MUTATOR_HAS_NO_COVERAGE - Success
#9 1.830 -- Performing Test LIB_PROTO_MUTATOR_HAS_SANITIZE_FUZZER
#9 2.014 -- Performing Test LIB_PROTO_MUTATOR_HAS_SANITIZE_FUZZER - Success
#9 2.017 -- Performing Test LIB_PROTO_MUTATOR_HAS_NO_SANITIZE_FUZZER
#9 2.110 -- Performing Test LIB_PROTO_MUTATOR_HAS_NO_SANITIZE_FUZZER - Success
#9 2.111 -- Performing Test LIB_PROTO_MUTATOR_HAS_WSTRING_CONVERSION
#9 2.200 -- Performing Test LIB_PROTO_MUTATOR_HAS_WSTRING_CONVERSION - Success
#9 2.221 -- Could NOT find Protobuf (missing: Protobuf_LIBRARIES Protobuf_INCLUDE_DIR) 
#9 2.325 -- Configuring done
#9 2.327 CMake Error: The following variables are used in this project, but they are set to NOTFOUND.
#9 2.327 Please set them or make sure they are set and tested correctly in the CMake files:
#9 2.327 LIBLZMA_LIBRARY (ADVANCED)
#9 2.327     linked by target "libxml2_example" in directory /src/libprotobuf-mutator/examples/libxml2
#9 2.327 
#9 2.351 -- Generating done
#9 2.356 CMake Generate step failed.  Build files cannot be regenerated correctly.
#9 ERROR: executor failed running [/bin/sh -c (mkdir LPM && cd LPM && cmake ../libprotobuf-mutator -GNinja -DLIB_PROTO_MUTATOR_DOWNLOAD_PROTOBUF=ON -DLIB_PROTO_MUTATOR_TESTING=OFF -DCMAKE_BUILD_TYPE=Release && ninja)]: exit code: 1
------
 > importing cache manifest from gcr.io/fuzzbench/builders/benchmark/xerces-c_parse_target_proto:
------
------
 > [5/6] RUN (mkdir LPM && cd LPM && cmake ../libprotobuf-mutator -GNinja -DLIB_PROTO_MUTATOR_DOWNLOAD_PROTOBUF=ON -DLIB_PROTO_MUTATOR_TESTING=OFF -DCMAKE_BUILD_TYPE=Release && ninja):
------
executor failed running [/bin/sh -c (mkdir LPM && cd LPM && cmake ../libprotobuf-mutator -GNinja -DLIB_PROTO_MUTATOR_DOWNLOAD_PROTOBUF=ON -DLIB_PROTO_MUTATOR_TESTING=OFF -DCMAKE_BUILD_TYPE=Release && ninja)]: exit code: 1
make: *** [docker/generated.mk:71944: .xerces-c_parse_target_proto-project-builder] Error 1
