WARNING:root:gcloud not found in PATH.
INFO:root:Successfully integrated benchmark: librawspeed_librawspeed.
INFO:root:Please run "make test-run-afl-librawspeed_librawspeed" to test integration.
#2 [internal] load .dockerignore
#2 sha256:a2921593a9b4e278589a42291e70695c05437d2fbe99bb5253166640e24befa7
#2 transferring context: 2B done
#2 DONE 0.7s

#1 [internal] load build definition from Dockerfile
#1 sha256:bfed5ff9f8498e89c2a9079651141a0c300c165065222da797f2859ed89f1a45
#1 transferring dockerfile: 32B done
#1 DONE 0.8s

#3 [internal] load metadata for gcr.io/oss-fuzz-base/base-builder:latest
#3 sha256:f10dc39cc9d418a5bc416dead31a1902b6821fdae909cd3b08f7a3fd1faba7b5
#3 DONE 0.4s

#9 [internal] load build context
#9 sha256:39f2ed4473973cad4f7f49ec77091d671074f6732afe4a5a6d4016e64b8d5db5
#9 DONE 0.0s

#5 [1/5] FROM gcr.io/oss-fuzz-base/base-builder@sha256:4ad017ca53699eda684c1c444948c93a4af848fe34baee3a765d3c4693fe6a56
#5 sha256:3f10b3978a3951f6e2692fa5e5890ee5a755650381dedece7198ed0b1dcdaa8c
#5 DONE 0.0s

#4 importing cache manifest from gcr.io/fuzzbench/builders/benchmark/librawspeed_librawspeed
#4 sha256:908e5135f98f8b70f79d41bff4f179d29d6e91b618463c17fbfcedf6df0d5c4a
#4 ERROR: gcr.io/fuzzbench/builders/benchmark/librawspeed_librawspeed:latest: not found

#5 [1/5] FROM gcr.io/oss-fuzz-base/base-builder@sha256:4ad017ca53699eda684c1c444948c93a4af848fe34baee3a765d3c4693fe6a56
#5 sha256:3f10b3978a3951f6e2692fa5e5890ee5a755650381dedece7198ed0b1dcdaa8c
#5 CACHED

#9 [internal] load build context
#9 sha256:39f2ed4473973cad4f7f49ec77091d671074f6732afe4a5a6d4016e64b8d5db5
#9 transferring context: 30B done
#9 DONE 0.1s

#6 [2/5] RUN apt-get update &&     apt-get install -y apt-transport-https ca-certificates gnupg software-properties-common wget &&     wget -O - https://apt.kitware.com/keys/kitware-archive-latest.asc 2>/dev/null | apt-key add - &&     apt-add-repository 'deb https://apt.kitware.com/ubuntu/ xenial main' &&     apt-get update && apt-get install -y cmake make
#6 sha256:4d2c0031fe932f8b1ea65950a913419fe0a1ef773b6b9b727cd79d670aa6fbb1
#6 0.524 Get:1 http://security.ubuntu.com/ubuntu focal-security InRelease [114 kB]
#6 0.571 Hit:2 http://ppa.launchpad.net/git-core/ppa/ubuntu focal InRelease
#6 0.571 Hit:3 http://archive.ubuntu.com/ubuntu focal InRelease
#6 0.571 Get:4 http://archive.ubuntu.com/ubuntu focal-updates InRelease [114 kB]
#6 0.659 Get:5 http://archive.ubuntu.com/ubuntu focal-backports InRelease [108 kB]
#6 1.426 Fetched 336 kB in 1s (350 kB/s)
#6 1.426 Reading package lists...
#6 2.931 Reading package lists...
#6 4.373 Building dependency tree...
#6 4.596 Reading state information...
#6 4.844 ca-certificates is already the newest version (20210119~20.04.2).
#6 4.844 ca-certificates set to manually installed.
#6 4.844 gnupg is already the newest version (2.2.19-3ubuntu2.1).
#6 4.844 gnupg set to manually installed.
#6 4.844 software-properties-common is already the newest version (0.99.9.8).
#6 4.844 wget is already the newest version (1.20.3-1ubuntu2).
#6 4.844 The following NEW packages will be installed:
#6 4.846   apt-transport-https
#6 4.923 0 upgraded, 1 newly installed, 0 to remove and 0 not upgraded.
#6 4.923 Need to get 4680 B of archives.
#6 4.923 After this operation, 162 kB of additional disk space will be used.
#6 4.923 Get:1 http://archive.ubuntu.com/ubuntu focal-updates/universe amd64 apt-transport-https all 2.0.6 [4680 B]
#6 5.243 debconf: delaying package configuration, since apt-utils is not installed
#6 5.366 Fetched 4680 B in 0s (72.2 kB/s)
#6 5.512 Selecting previously unselected package apt-transport-https.
#6 5.512 (Reading database ... (Reading database ... 5%(Reading database ... 10%(Reading database ... 15%(Reading database ... 20%(Reading database ... 25%(Reading database ... 30%(Reading database ... 35%(Reading database ... 40%(Reading database ... 45%(Reading database ... 50%(Reading database ... 55%(Reading database ... 60%(Reading database ... 65%(Reading database ... 70%(Reading database ... 75%(Reading database ... 80%(Reading database ... 85%(Reading database ... 90%(Reading database ... 95%(Reading database ... 100%(Reading database ... 21291 files and directories currently installed.)
#6 5.534 Preparing to unpack .../apt-transport-https_2.0.6_all.deb ...
#6 5.571 Unpacking apt-transport-https (2.0.6) ...
#6 5.689 Setting up apt-transport-https (2.0.6) ...
#6 5.863 Warning: apt-key output should not be parsed (stdout is not a terminal)
#6 6.384 OK
#6 7.278 Hit:1 http://security.ubuntu.com/ubuntu focal-security InRelease
#6 7.278 Hit:2 http://archive.ubuntu.com/ubuntu focal InRelease
#6 7.278 Hit:3 http://ppa.launchpad.net/git-core/ppa/ubuntu focal InRelease
#6 7.296 Hit:4 http://archive.ubuntu.com/ubuntu focal-updates InRelease
#6 7.320 Hit:5 http://archive.ubuntu.com/ubuntu focal-backports InRelease
#6 7.635 Get:6 https://apt.kitware.com/ubuntu xenial InRelease [6800 B]
#6 8.392 Get:7 https://apt.kitware.com/ubuntu xenial/main i386 Packages [49.5 kB]
#6 8.694 Get:8 https://apt.kitware.com/ubuntu xenial/main amd64 Packages [50.2 kB]
#6 8.725 Fetched 107 kB in 2s (69.9 kB/s)
#6 8.725 Reading package lists...
#6 10.35 Hit:1 http://security.ubuntu.com/ubuntu focal-security InRelease
#6 10.35 Hit:2 http://archive.ubuntu.com/ubuntu focal InRelease
#6 10.35 Hit:3 http://ppa.launchpad.net/git-core/ppa/ubuntu focal InRelease
#6 10.36 Hit:4 http://archive.ubuntu.com/ubuntu focal-updates InRelease
#6 10.38 Hit:5 http://archive.ubuntu.com/ubuntu focal-backports InRelease
#6 10.69 Hit:6 https://apt.kitware.com/ubuntu xenial InRelease
#6 11.34 Reading package lists...
#6 12.83 Reading package lists...
#6 14.27 Building dependency tree...
#6 14.48 Reading state information...
#6 14.58 make is already the newest version (4.2.1-1.2).
#6 14.58 make set to manually installed.
#6 14.58 Some packages could not be installed. This may mean that you have
#6 14.58 requested an impossible situation or if you are using the unstable
#6 14.58 distribution that some required packages have not yet been created
#6 14.58 or been moved out of Incoming.
#6 14.58 The following information may help to resolve the situation:
#6 14.58 
#6 14.58 The following packages have unmet dependencies:
#6 14.66  cmake : Depends: libssl1.0.0 (>= 1.0.2~beta3) but it is not installable
#6 14.68 E: Unable to correct problems, you have held broken packages.
#6 ERROR: executor failed running [/bin/sh -c apt-get update &&     apt-get install -y apt-transport-https ca-certificates gnupg software-properties-common wget &&     wget -O - https://apt.kitware.com/keys/kitware-archive-latest.asc 2>/dev/null | apt-key add - &&     apt-add-repository 'deb https://apt.kitware.com/ubuntu/ xenial main' &&     apt-get update && apt-get install -y cmake make]: exit code: 100
------
 > importing cache manifest from gcr.io/fuzzbench/builders/benchmark/librawspeed_librawspeed:
------
------
 > [2/5] RUN apt-get update &&     apt-get install -y apt-transport-https ca-certificates gnupg software-properties-common wget &&     wget -O - https://apt.kitware.com/keys/kitware-archive-latest.asc 2>/dev/null | apt-key add - &&     apt-add-repository 'deb https://apt.kitware.com/ubuntu/ xenial main' &&     apt-get update && apt-get install -y cmake make:
------
executor failed running [/bin/sh -c apt-get update &&     apt-get install -y apt-transport-https ca-certificates gnupg software-properties-common wget &&     wget -O - https://apt.kitware.com/keys/kitware-archive-latest.asc 2>/dev/null | apt-key add - &&     apt-add-repository 'deb https://apt.kitware.com/ubuntu/ xenial main' &&     apt-get update && apt-get install -y cmake make]: exit code: 100
make: *** [docker/generated.mk:33728: .librawspeed_librawspeed-project-builder] Error 1
/bin/sh: 1: source: not found
#2 [internal] load .dockerignore
#2 sha256:6b3507882ec1ba543057d91e1f936bb88e5e0c58c78f281d43414701a46d1f0a
#2 transferring context: 2B done
#2 DONE 0.2s

#1 [internal] load build definition from Dockerfile
#1 sha256:936f5fe05a7ac33816ba1060951bc3a4e22f22827215a095517f31c6aaa8e37a
#1 transferring dockerfile: 32B done
#1 DONE 0.2s

#3 [internal] load metadata for gcr.io/oss-fuzz-base/base-builder:latest
#3 sha256:f10dc39cc9d418a5bc416dead31a1902b6821fdae909cd3b08f7a3fd1faba7b5
#3 DONE 0.4s

#9 [internal] load build context
#9 sha256:9add5d6434ca8aa5c3a15bd837cd0562d72ca18384a73bd597e90209fd24f7ed
#9 DONE 0.0s

#5 [1/5] FROM gcr.io/oss-fuzz-base/base-builder@sha256:4ad017ca53699eda684c1c444948c93a4af848fe34baee3a765d3c4693fe6a56
#5 sha256:3f10b3978a3951f6e2692fa5e5890ee5a755650381dedece7198ed0b1dcdaa8c
#5 DONE 0.0s

#4 importing cache manifest from gcr.io/fuzzbench/builders/benchmark/librawspeed_librawspeed
#4 sha256:908e5135f98f8b70f79d41bff4f179d29d6e91b618463c17fbfcedf6df0d5c4a
#4 ERROR: gcr.io/fuzzbench/builders/benchmark/librawspeed_librawspeed:latest: not found

#5 [1/5] FROM gcr.io/oss-fuzz-base/base-builder@sha256:4ad017ca53699eda684c1c444948c93a4af848fe34baee3a765d3c4693fe6a56
#5 sha256:3f10b3978a3951f6e2692fa5e5890ee5a755650381dedece7198ed0b1dcdaa8c
#5 CACHED

#9 [internal] load build context
#9 sha256:9add5d6434ca8aa5c3a15bd837cd0562d72ca18384a73bd597e90209fd24f7ed
#9 transferring context: 30B done
#9 DONE 0.1s

#6 [2/5] RUN apt-get update &&     apt-get install -y apt-transport-https ca-certificates gnupg software-properties-common wget &&     wget -O - https://apt.kitware.com/keys/kitware-archive-latest.asc 2>/dev/null | apt-key add - &&     apt-add-repository 'deb https://apt.kitware.com/ubuntu/ xenial main' &&     apt-get update && apt-get install -y cmake make
#6 sha256:4d2c0031fe932f8b1ea65950a913419fe0a1ef773b6b9b727cd79d670aa6fbb1
#6 0.582 Hit:1 http://archive.ubuntu.com/ubuntu focal InRelease
#6 0.582 Get:2 http://archive.ubuntu.com/ubuntu focal-updates InRelease [114 kB]
#6 0.582 Get:3 http://security.ubuntu.com/ubuntu focal-security InRelease [114 kB]
#6 0.582 Hit:4 http://ppa.launchpad.net/git-core/ppa/ubuntu focal InRelease
#6 0.661 Get:5 http://archive.ubuntu.com/ubuntu focal-backports InRelease [108 kB]
#6 1.415 Fetched 336 kB in 1s (365 kB/s)
#6 1.415 Reading package lists...
#6 2.911 Reading package lists...
#6 4.334 Building dependency tree...
#6 4.545 Reading state information...
#6 4.789 ca-certificates is already the newest version (20210119~20.04.2).
#6 4.789 ca-certificates set to manually installed.
#6 4.789 gnupg is already the newest version (2.2.19-3ubuntu2.1).
#6 4.789 gnupg set to manually installed.
#6 4.789 software-properties-common is already the newest version (0.99.9.8).
#6 4.789 wget is already the newest version (1.20.3-1ubuntu2).
#6 4.789 The following NEW packages will be installed:
#6 4.792   apt-transport-https
#6 4.902 0 upgraded, 1 newly installed, 0 to remove and 0 not upgraded.
#6 4.902 Need to get 4680 B of archives.
#6 4.902 After this operation, 162 kB of additional disk space will be used.
#6 4.902 Get:1 http://archive.ubuntu.com/ubuntu focal-updates/universe amd64 apt-transport-https all 2.0.6 [4680 B]
#6 5.677 debconf: delaying package configuration, since apt-utils is not installed
#6 5.769 Fetched 4680 B in 0s (47.7 kB/s)
#6 5.866 Selecting previously unselected package apt-transport-https.
#6 5.866 (Reading database ... (Reading database ... 5%(Reading database ... 10%(Reading database ... 15%(Reading database ... 20%(Reading database ... 25%(Reading database ... 30%(Reading database ... 35%(Reading database ... 40%(Reading database ... 45%(Reading database ... 50%(Reading database ... 55%(Reading database ... 60%(Reading database ... 65%(Reading database ... 70%(Reading database ... 75%(Reading database ... 80%(Reading database ... 85%(Reading database ... 90%(Reading database ... 95%(Reading database ... 100%(Reading database ... 21291 files and directories currently installed.)
#6 5.888 Preparing to unpack .../apt-transport-https_2.0.6_all.deb ...
#6 5.913 Unpacking apt-transport-https (2.0.6) ...
#6 6.054 Setting up apt-transport-https (2.0.6) ...
#6 6.253 Warning: apt-key output should not be parsed (stdout is not a terminal)
#6 6.760 OK
#6 7.670 Hit:1 http://ppa.launchpad.net/git-core/ppa/ubuntu focal InRelease
#6 7.670 Hit:2 http://archive.ubuntu.com/ubuntu focal InRelease
#6 7.670 Hit:3 http://security.ubuntu.com/ubuntu focal-security InRelease
#6 7.683 Hit:4 http://archive.ubuntu.com/ubuntu focal-updates InRelease
#6 7.708 Hit:5 http://archive.ubuntu.com/ubuntu focal-backports InRelease
#6 8.015 Get:6 https://apt.kitware.com/ubuntu xenial InRelease [6800 B]
#6 8.788 Get:7 https://apt.kitware.com/ubuntu xenial/main amd64 Packages [50.2 kB]
#6 9.089 Get:8 https://apt.kitware.com/ubuntu xenial/main i386 Packages [49.5 kB]
#6 9.123 Fetched 107 kB in 2s (69.4 kB/s)
#6 9.123 Reading package lists...
#6 10.73 Hit:1 http://ppa.launchpad.net/git-core/ppa/ubuntu focal InRelease
#6 10.73 Hit:2 http://archive.ubuntu.com/ubuntu focal InRelease
#6 10.75 Hit:3 http://archive.ubuntu.com/ubuntu focal-updates InRelease
#6 10.77 Hit:4 http://archive.ubuntu.com/ubuntu focal-backports InRelease
#6 10.79 Hit:5 http://security.ubuntu.com/ubuntu focal-security InRelease
#6 11.07 Hit:6 https://apt.kitware.com/ubuntu xenial InRelease
#6 11.74 Reading package lists...
#6 13.24 Reading package lists...
#6 14.67 Building dependency tree...
#6 14.88 Reading state information...
#6 14.97 make is already the newest version (4.2.1-1.2).
#6 14.97 make set to manually installed.
#6 14.97 Some packages could not be installed. This may mean that you have
#6 14.97 requested an impossible situation or if you are using the unstable
#6 14.97 distribution that some required packages have not yet been created
#6 14.97 or been moved out of Incoming.
#6 14.97 The following information may help to resolve the situation:
#6 14.97 
#6 14.97 The following packages have unmet dependencies:
#6 15.07  cmake : Depends: libssl1.0.0 (>= 1.0.2~beta3) but it is not installable
#6 15.09 E: Unable to correct problems, you have held broken packages.
#6 ERROR: executor failed running [/bin/sh -c apt-get update &&     apt-get install -y apt-transport-https ca-certificates gnupg software-properties-common wget &&     wget -O - https://apt.kitware.com/keys/kitware-archive-latest.asc 2>/dev/null | apt-key add - &&     apt-add-repository 'deb https://apt.kitware.com/ubuntu/ xenial main' &&     apt-get update && apt-get install -y cmake make]: exit code: 100
------
 > importing cache manifest from gcr.io/fuzzbench/builders/benchmark/librawspeed_librawspeed:
------
------
 > [2/5] RUN apt-get update &&     apt-get install -y apt-transport-https ca-certificates gnupg software-properties-common wget &&     wget -O - https://apt.kitware.com/keys/kitware-archive-latest.asc 2>/dev/null | apt-key add - &&     apt-add-repository 'deb https://apt.kitware.com/ubuntu/ xenial main' &&     apt-get update && apt-get install -y cmake make:
------
executor failed running [/bin/sh -c apt-get update &&     apt-get install -y apt-transport-https ca-certificates gnupg software-properties-common wget &&     wget -O - https://apt.kitware.com/keys/kitware-archive-latest.asc 2>/dev/null | apt-key add - &&     apt-add-repository 'deb https://apt.kitware.com/ubuntu/ xenial main' &&     apt-get update && apt-get install -y cmake make]: exit code: 100
make: *** [docker/generated.mk:33728: .librawspeed_librawspeed-project-builder] Error 1
