WARNING:root:gcloud not found in PATH.
INFO:root:Successfully integrated benchmark: json-c_tokener_parse_ex_fuzzer.
INFO:root:Please run "make test-run-afl-json-c_tokener_parse_ex_fuzzer" to test integration.
#1 [internal] load build definition from Dockerfile
#1 sha256:8a03077d61ad30330ed2797d279770d4483d11a2f79f4a1388512be1d3e90528
#1 transferring dockerfile: 905B done
#1 DONE 0.0s

#2 [internal] load .dockerignore
#2 sha256:305eabb774593ae75725fa0ba41d8bfc52cfdf253f4d4845718fd1bf1abe9e63
#2 transferring context: 2B done
#2 DONE 0.0s

#3 [internal] load metadata for gcr.io/oss-fuzz-base/base-builder:latest
#3 sha256:f10dc39cc9d418a5bc416dead31a1902b6821fdae909cd3b08f7a3fd1faba7b5
#3 DONE 0.5s

#9 [internal] load build context
#9 sha256:a1ea933d537f146e38c9fe3b689b6154bf20b4d207c72518b3e3c1b11dd55047
#9 DONE 0.0s

#5 [1/5] FROM gcr.io/oss-fuzz-base/base-builder@sha256:7f76292abe20e3a09554cd7e52e4ba7f174e2726aa0615496ca232017535a443
#5 sha256:b785341069aff1aa420741f46c0341befe7652e19f60afc8069313b0e11f206e
#5 DONE 0.0s

#4 importing cache manifest from gcr.io/fuzzbench/builders/benchmark/json-c_tokener_parse_ex_fuzzer
#4 sha256:370a0b2b5e5a51766b20158a9aa4eb8c5e81d32d4bc758feb6e6b06b1a5b0403
#4 ERROR: gcr.io/fuzzbench/builders/benchmark/json-c_tokener_parse_ex_fuzzer:latest: not found

#5 [1/5] FROM gcr.io/oss-fuzz-base/base-builder@sha256:7f76292abe20e3a09554cd7e52e4ba7f174e2726aa0615496ca232017535a443
#5 sha256:b785341069aff1aa420741f46c0341befe7652e19f60afc8069313b0e11f206e
#5 CACHED

#9 [internal] load build context
#9 sha256:a1ea933d537f146e38c9fe3b689b6154bf20b4d207c72518b3e3c1b11dd55047
#9 transferring context: 1.64kB done
#9 DONE 0.0s

#6 [2/5] RUN apt-get update && apt-get install -y make cmake
#6 sha256:443e15ebe12697fbafec0e10f6f82dc181ec75d1dd99bd5e4994cdeca1302e59
#6 0.523 Hit:1 http://ppa.launchpad.net/git-core/ppa/ubuntu focal InRelease
#6 0.660 Get:2 http://security.ubuntu.com/ubuntu focal-security InRelease [114 kB]
#6 0.660 Hit:3 http://archive.ubuntu.com/ubuntu focal InRelease
#6 0.756 Get:4 http://archive.ubuntu.com/ubuntu focal-updates InRelease [114 kB]
#6 1.142 Get:5 http://archive.ubuntu.com/ubuntu focal-backports InRelease [108 kB]
#6 1.237 Get:6 http://security.ubuntu.com/ubuntu focal-security/universe i386 Packages [679 kB]
#6 1.400 Get:7 http://archive.ubuntu.com/ubuntu focal-updates/restricted amd64 Packages [1214 kB]
#6 1.637 Get:8 http://security.ubuntu.com/ubuntu focal-security/restricted i386 Packages [26.7 kB]
#6 1.640 Get:9 http://security.ubuntu.com/ubuntu focal-security/main amd64 Packages [1771 kB]
#6 1.824 Get:10 http://security.ubuntu.com/ubuntu focal-security/main i386 Packages [526 kB]
#6 1.827 Get:11 http://archive.ubuntu.com/ubuntu focal-updates/universe i386 Packages [839 kB]
#6 1.887 Get:12 http://security.ubuntu.com/ubuntu focal-security/universe amd64 Packages [870 kB]
#6 1.989 Get:13 http://archive.ubuntu.com/ubuntu focal-updates/restricted i386 Packages [29.5 kB]
#6 1.990 Get:14 http://security.ubuntu.com/ubuntu focal-security/restricted amd64 Packages [1139 kB]
#6 1.996 Get:15 http://archive.ubuntu.com/ubuntu focal-updates/main i386 Packages [791 kB]
#6 2.136 Get:16 http://archive.ubuntu.com/ubuntu focal-updates/universe amd64 Packages [1153 kB]
#6 2.222 Get:17 http://archive.ubuntu.com/ubuntu focal-updates/main amd64 Packages [2185 kB]
#6 2.385 Get:18 http://archive.ubuntu.com/ubuntu focal-backports/universe amd64 Packages [26.0 kB]
#6 2.387 Get:19 http://archive.ubuntu.com/ubuntu focal-backports/universe i386 Packages [14.4 kB]
#6 2.660 Fetched 11.6 MB in 2s (5414 kB/s)
#6 2.660 Reading package lists...
#6 4.357 Reading package lists...
#6 5.808 Building dependency tree...
#6 6.025 Reading state information...
#6 6.245 make is already the newest version (4.2.1-1.2).
#6 6.245 make set to manually installed.
#6 6.245 The following additional packages will be installed:
#6 6.246   cmake-data libarchive13 libjsoncpp1 librhash0 libuv1
#6 6.248 Suggested packages:
#6 6.248   cmake-doc ninja-build lrzip
#6 6.300 The following NEW packages will be installed:
#6 6.302   cmake cmake-data libarchive13 libjsoncpp1 librhash0 libuv1
#6 6.532 0 upgraded, 6 newly installed, 0 to remove and 2 not upgraded.
#6 6.532 Need to get 5877 kB of archives.
#6 6.532 After this operation, 29.5 MB of additional disk space will be used.
#6 6.532 Get:1 http://archive.ubuntu.com/ubuntu focal-updates/main amd64 libuv1 amd64 1.34.2-1ubuntu1.3 [80.8 kB]
#6 6.865 Get:2 http://archive.ubuntu.com/ubuntu focal/main amd64 cmake-data all 3.16.3-1ubuntu1 [1612 kB]
#6 7.401 Get:3 http://archive.ubuntu.com/ubuntu focal-updates/main amd64 libarchive13 amd64 3.4.0-2ubuntu1.2 [327 kB]
#6 7.444 Get:4 http://archive.ubuntu.com/ubuntu focal/main amd64 libjsoncpp1 amd64 1.7.4-3.1ubuntu2 [75.6 kB]
#6 7.450 Get:5 http://archive.ubuntu.com/ubuntu focal/main amd64 librhash0 amd64 1.3.9-1 [113 kB]
#6 7.458 Get:6 http://archive.ubuntu.com/ubuntu focal/main amd64 cmake amd64 3.16.3-1ubuntu1 [3669 kB]
#6 7.967 debconf: delaying package configuration, since apt-utils is not installed
#6 8.021 Fetched 5877 kB in 1s (4143 kB/s)
#6 8.063 Selecting previously unselected package libuv1:amd64.
#6 8.063 (Reading database ... (Reading database ... 5%(Reading database ... 10%(Reading database ... 15%(Reading database ... 20%(Reading database ... 25%(Reading database ... 30%(Reading database ... 35%(Reading database ... 40%(Reading database ... 45%(Reading database ... 50%(Reading database ... 55%(Reading database ... 60%(Reading database ... 65%(Reading database ... 70%(Reading database ... 75%(Reading database ... 80%(Reading database ... 85%(Reading database ... 90%(Reading database ... 95%(Reading database ... 100%(Reading database ... 21308 files and directories currently installed.)
#6 8.146 Preparing to unpack .../0-libuv1_1.34.2-1ubuntu1.3_amd64.deb ...
#6 8.154 Unpacking libuv1:amd64 (1.34.2-1ubuntu1.3) ...
#6 8.218 Selecting previously unselected package cmake-data.
#6 8.221 Preparing to unpack .../1-cmake-data_3.16.3-1ubuntu1_all.deb ...
#6 8.227 Unpacking cmake-data (3.16.3-1ubuntu1) ...
#6 8.828 Selecting previously unselected package libarchive13:amd64.
#6 8.832 Preparing to unpack .../2-libarchive13_3.4.0-2ubuntu1.2_amd64.deb ...
#6 8.836 Unpacking libarchive13:amd64 (3.4.0-2ubuntu1.2) ...
#6 8.911 Selecting previously unselected package libjsoncpp1:amd64.
#6 8.914 Preparing to unpack .../3-libjsoncpp1_1.7.4-3.1ubuntu2_amd64.deb ...
#6 8.918 Unpacking libjsoncpp1:amd64 (1.7.4-3.1ubuntu2) ...
#6 8.970 Selecting previously unselected package librhash0:amd64.
#6 8.973 Preparing to unpack .../4-librhash0_1.3.9-1_amd64.deb ...
#6 8.977 Unpacking librhash0:amd64 (1.3.9-1) ...
#6 9.026 Selecting previously unselected package cmake.
#6 9.030 Preparing to unpack .../5-cmake_3.16.3-1ubuntu1_amd64.deb ...
#6 9.035 Unpacking cmake (3.16.3-1ubuntu1) ...
#6 9.479 Setting up libarchive13:amd64 (3.4.0-2ubuntu1.2) ...
#6 9.496 Setting up libuv1:amd64 (1.34.2-1ubuntu1.3) ...
#6 9.512 Setting up librhash0:amd64 (1.3.9-1) ...
#6 9.528 Setting up cmake-data (3.16.3-1ubuntu1) ...
#6 9.550 Setting up libjsoncpp1:amd64 (1.7.4-3.1ubuntu2) ...
#6 9.567 Setting up cmake (3.16.3-1ubuntu1) ...
#6 9.584 Processing triggers for libc-bin (2.31-0ubuntu9.7) ...
#6 DONE 10.0s

#7 [3/5] RUN git clone --depth 1 https://github.com/json-c/json-c.git json-c
#7 sha256:e48b6667ad9469bac97c71003cc80ddfdd9daf9e3ec8663f7a3e3b278116921d
#7 1.135 Cloning into 'json-c'...
#7 DONE 1.9s

#8 [4/5] WORKDIR json-c
#8 sha256:95c27fb784effab481c35198baed3a9ef46ac1be66bfc782d6ee6c71a61e1ab1
#8 DONE 0.2s

#10 [5/5] COPY build.sh *.cc *.dict /src/
#10 sha256:4770f150cdc00b485444bfcf886f1358369469ddeccd8b8b3344579bd4f9956f
#10 DONE 0.3s

#11 exporting to image
#11 sha256:e8c613e07b0b7ff33893b694f7759a10d42e180f2b4dc349fb57dc6b71dcab00
#11 exporting layers done
#11 writing image sha256:b35018c1e7ac2181a3ea3d6de490f64a8db7035a15676a9a3810d8673c3196c2
#11 writing image sha256:b35018c1e7ac2181a3ea3d6de490f64a8db7035a15676a9a3810d8673c3196c2 done
#11 naming to gcr.io/fuzzbench/builders/benchmark/json-c_tokener_parse_ex_fuzzer done
#11 DONE 0.2s

#12 exporting cache
#12 sha256:2700d4ef94dee473593c5c614b55b2dedcca7893909811a8f2b48291a1f581e4
#12 preparing build cache for export done
#12 DONE 0.0s
------
 > importing cache manifest from gcr.io/fuzzbench/builders/benchmark/json-c_tokener_parse_ex_fuzzer:
------
#1 [internal] load build definition from builder.Dockerfile
#1 sha256:d87b82164c80f0866ebf61bd7f451e1d98197db04ae8490579204fd67af8d130
#1 transferring dockerfile: 1.35kB done
#1 DONE 0.0s

#2 [internal] load .dockerignore
#2 sha256:0e3f698f30b386def882d6e4ad73e0cfb57007ade2e43e40d0e20512ac64c198
#2 transferring context: 2B done
#2 DONE 0.1s

#3 [internal] load metadata for gcr.io/fuzzbench/builders/benchmark/json-c_tokener_parse_ex_fuzzer:latest
#3 sha256:fad29d874cadb4de45cc9fa47791a866cbdbb67450fb9c1cd3bd2d8a3295d91d
#3 DONE 0.0s

#5 [1/3] FROM gcr.io/fuzzbench/builders/benchmark/json-c_tokener_parse_ex_fuzzer
#5 sha256:905b52b1335fbac54cab6153234a34b1cfe4857d69d845db4b93dc8979128b2c
#5 DONE 0.0s

#4 importing cache manifest from gcr.io/fuzzbench/builders/afl/json-c_tokener_parse_ex_fuzzer-intermediate
#4 sha256:09b7f4de1d62c260641c81436e30fbd1d989ff3f3aa991b2e9c88d34201ca46c
#4 ERROR: gcr.io/fuzzbench/builders/afl/json-c_tokener_parse_ex_fuzzer-intermediate:latest: not found

#5 [1/3] FROM gcr.io/fuzzbench/builders/benchmark/json-c_tokener_parse_ex_fuzzer
#5 sha256:905b52b1335fbac54cab6153234a34b1cfe4857d69d845db4b93dc8979128b2c
#5 DONE 0.7s

#6 [2/3] RUN git clone https://github.com/google/AFL.git /afl &&     cd /afl &&     git checkout 61037103ae3722c8060ff7082994836a794f978e &&     AFL_NO_X86=1 make
#6 sha256:f2554ba1701b12b958b278eb08e25e869e5bf592fd2bf788008bf19b388541e8
#6 0.352 Cloning into '/afl'...
#6 1.257 Note: switching to '61037103ae3722c8060ff7082994836a794f978e'.
#6 1.257 
#6 1.257 You are in 'detached HEAD' state. You can look around, make experimental
#6 1.257 changes and commit them, and you can discard any commits you make in this
#6 1.257 state without impacting any branches by switching back to a branch.
#6 1.257 
#6 1.257 If you want to create a new branch to retain commits you create, you may
#6 1.257 do so (now or later) by using -c with the switch command. Example:
#6 1.257 
#6 1.257   git switch -c <new-branch-name>
#6 1.257 
#6 1.257 Or undo this operation with:
#6 1.257 
#6 1.257   git switch -
#6 1.257 
#6 1.257 Turn off this advice by setting config variable advice.detachedHead to false
#6 1.257 
#6 1.257 HEAD is now at 6103710 Fix a typo filename comparison in the fuzzer (#139)
#6 1.280 [!] Note: skipping x86 compilation checks (AFL_NO_X86 set).
#6 1.280 clang -O1 -fno-omit-frame-pointer -gline-tables-only -DFUZZING_BUILD_MODE_UNSAFE_FOR_PRODUCTION -Wall -D_FORTIFY_SOURCE=2 -g -Wno-pointer-sign -DAFL_PATH=\"/usr/local/lib/afl\" -DDOC_PATH=\"/usr/local/share/doc/afl\" -DBIN_PATH=\"/usr/local/bin\" afl-gcc.c -o afl-gcc -ldl
#6 1.476 set -e; for i in afl-g++ afl-clang afl-clang++; do ln -sf afl-gcc $i; done
#6 1.485 clang -O1 -fno-omit-frame-pointer -gline-tables-only -DFUZZING_BUILD_MODE_UNSAFE_FOR_PRODUCTION -Wall -D_FORTIFY_SOURCE=2 -g -Wno-pointer-sign -DAFL_PATH=\"/usr/local/lib/afl\" -DDOC_PATH=\"/usr/local/share/doc/afl\" -DBIN_PATH=\"/usr/local/bin\" afl-fuzz.c -o afl-fuzz -ldl
#6 3.886 clang -O1 -fno-omit-frame-pointer -gline-tables-only -DFUZZING_BUILD_MODE_UNSAFE_FOR_PRODUCTION -Wall -D_FORTIFY_SOURCE=2 -g -Wno-pointer-sign -DAFL_PATH=\"/usr/local/lib/afl\" -DDOC_PATH=\"/usr/local/share/doc/afl\" -DBIN_PATH=\"/usr/local/bin\" afl-showmap.c -o afl-showmap -ldl
#6 4.211 clang -O1 -fno-omit-frame-pointer -gline-tables-only -DFUZZING_BUILD_MODE_UNSAFE_FOR_PRODUCTION -Wall -D_FORTIFY_SOURCE=2 -g -Wno-pointer-sign -DAFL_PATH=\"/usr/local/lib/afl\" -DDOC_PATH=\"/usr/local/share/doc/afl\" -DBIN_PATH=\"/usr/local/bin\" afl-tmin.c -o afl-tmin -ldl
#6 4.647 clang -O1 -fno-omit-frame-pointer -gline-tables-only -DFUZZING_BUILD_MODE_UNSAFE_FOR_PRODUCTION -Wall -D_FORTIFY_SOURCE=2 -g -Wno-pointer-sign -DAFL_PATH=\"/usr/local/lib/afl\" -DDOC_PATH=\"/usr/local/share/doc/afl\" -DBIN_PATH=\"/usr/local/bin\" afl-gotcpu.c -o afl-gotcpu -ldl
#6 4.808 clang -O1 -fno-omit-frame-pointer -gline-tables-only -DFUZZING_BUILD_MODE_UNSAFE_FOR_PRODUCTION -Wall -D_FORTIFY_SOURCE=2 -g -Wno-pointer-sign -DAFL_PATH=\"/usr/local/lib/afl\" -DDOC_PATH=\"/usr/local/share/doc/afl\" -DBIN_PATH=\"/usr/local/bin\" afl-analyze.c -o afl-analyze -ldl
#6 5.217 clang -O1 -fno-omit-frame-pointer -gline-tables-only -DFUZZING_BUILD_MODE_UNSAFE_FOR_PRODUCTION -Wall -D_FORTIFY_SOURCE=2 -g -Wno-pointer-sign -DAFL_PATH=\"/usr/local/lib/afl\" -DDOC_PATH=\"/usr/local/share/doc/afl\" -DBIN_PATH=\"/usr/local/bin\" afl-as.c -o afl-as -ldl
#6 5.464 ln -sf afl-as as
#6 5.466 [!] Note: skipping build tests (you may need to use LLVM or QEMU mode).
#6 5.469 [+] LLVM users: see llvm_mode/README.llvm for a faster alternative to afl-gcc.
#6 5.469 [+] All done! Be sure to review README - it's pretty short and useful.
#6 DONE 5.6s

#7 [3/3] RUN apt-get update &&     apt-get install wget -y &&     wget https://raw.githubusercontent.com/llvm/llvm-project/5feb80e748924606531ba28c97fe65145c65372e/compiler-rt/lib/fuzzer/afl/afl_driver.cpp -O /afl/afl_driver.cpp &&     clang -Wno-pointer-sign -c /afl/llvm_mode/afl-llvm-rt.o.c -I/afl &&     clang++ -stdlib=libc++ -std=c++11 -O2 -c /afl/afl_driver.cpp &&     ar r /libAFL.a *.o
#7 sha256:cbcbe8229ea65d154018776957dcccec2aeb70a93e520f594ca15181b4567fe2
#7 0.621 Hit:1 http://ppa.launchpad.net/git-core/ppa/ubuntu focal InRelease
#7 0.747 Hit:2 http://security.ubuntu.com/ubuntu focal-security InRelease
#7 0.747 Hit:3 http://archive.ubuntu.com/ubuntu focal InRelease
#7 0.844 Hit:4 http://archive.ubuntu.com/ubuntu focal-updates InRelease
#7 0.940 Hit:5 http://archive.ubuntu.com/ubuntu focal-backports InRelease
#7 1.468 Reading package lists...
#7 3.006 Reading package lists...
#7 4.463 Building dependency tree...
#7 4.682 Reading state information...
#7 4.937 wget is already the newest version (1.20.3-1ubuntu2).
#7 4.937 0 upgraded, 0 newly installed, 0 to remove and 2 not upgraded.
#7 4.940 --2022-04-23 19:47:09--  https://raw.githubusercontent.com/llvm/llvm-project/5feb80e748924606531ba28c97fe65145c65372e/compiler-rt/lib/fuzzer/afl/afl_driver.cpp
#7 4.942 Resolving raw.githubusercontent.com (raw.githubusercontent.com)... 185.199.109.133, 185.199.110.133, 185.199.111.133, ...
#7 4.944 Connecting to raw.githubusercontent.com (raw.githubusercontent.com)|185.199.109.133|:443... connected.
#7 4.967 HTTP request sent, awaiting response... 200 OK
#7 4.989 Length: 9177 (9.0K) [text/plain]
#7 4.989 Saving to: '/afl/afl_driver.cpp'
#7 4.989 
#7 4.989      0K ........                                              100% 6.45M=0.001s
#7 4.990 
#7 4.990 2022-04-23 19:47:09 (6.45 MB/s) - '/afl/afl_driver.cpp' saved [9177/9177]
#7 4.990 
#7 6.713 ar: creating /libAFL.a
#7 DONE 7.3s

#8 exporting to image
#8 sha256:e8c613e07b0b7ff33893b694f7759a10d42e180f2b4dc349fb57dc6b71dcab00
#8 exporting layers done
#8 writing image sha256:c9e6cd14963f9433704bfadea643ee19ddcde9746872492aed42b3bcee7aec3a done
#8 naming to gcr.io/fuzzbench/builders/afl/json-c_tokener_parse_ex_fuzzer-intermediate done
#8 DONE 0.1s

#9 exporting cache
#9 sha256:2700d4ef94dee473593c5c614b55b2dedcca7893909811a8f2b48291a1f581e4
#9 preparing build cache for export done
#9 DONE 0.0s
------
 > importing cache manifest from gcr.io/fuzzbench/builders/afl/json-c_tokener_parse_ex_fuzzer-intermediate:
------
#1 [internal] load build definition from Dockerfile
#1 sha256:4acf6671ebff47bc0e46d1a71ef9df4f9c2ca8ab35fae5c6cf6db208aa6ab004
#1 transferring dockerfile: 2.00kB done
#1 DONE 0.0s

#2 [internal] load .dockerignore
#2 sha256:dab9e5fc4fde33a5290eec1776a8ddc2d1e794724c8b607457320182f13a8f6c
#2 transferring context: 34B done
#2 DONE 0.0s

#3 [internal] load metadata for docker.io/library/ubuntu:xenial
#3 sha256:f62bae18ed588840f045c881b2502661f2a89578a2f8f99b83f5200ee83dd25b
#3 DONE 0.0s

#5 [1/7] FROM docker.io/library/ubuntu:xenial
#5 sha256:14dd403f25ae9e519bd44f27dc17af7ce80f5a4f9f48ca88108364e67ec5d360
#5 DONE 0.0s

#4 importing cache manifest from gcr.io/fuzzbench/base-image
#4 sha256:9b220ebb4d4daceed1b96df9b6dca076e762f1cd612574f010b82d5b9e5ad896
#4 DONE 0.0s

#8 [internal] load build context
#8 sha256:927351f8bc6b1f9032b7f6dceb940e7a0b58004d98653e1aabe3a67a547dbc9f
#8 transferring context: 591B 0.0s done
#8 DONE 0.1s

#9 [4/7] COPY ./requirements.txt /
#9 sha256:bafbc52c89381ea41f4667e58a7ae113213772af79cddee4a41cbd08e6bee032
#9 CACHED

#6 [2/7] RUN apt-get update -y && apt-get install -y     build-essential     rsync     curl     zlib1g-dev     libncurses5-dev     libgdbm-dev     libnss3-dev     libssl-dev     libreadline-dev     libffi-dev     virtualenv     libbz2-dev     liblzma-dev     libsqlite3-dev
#6 sha256:3a1b0960f17eed529eaae93dc8fd3554f2743dd584d8fa569cdbe6bc734371ac
#6 CACHED

#10 [5/7] RUN pip3 install -r /requirements.txt
#10 sha256:618fa8d2b93d312d6d4ee7f17f62abe7e23ccd64e26f589b3b42836cb785fe1a
#10 CACHED

#7 [3/7] RUN cd /tmp/ &&     curl -O https://www.python.org/ftp/python/3.8.6/Python-3.8.6.tar.xz &&     tar -xvf Python-3.8.6.tar.xz &&     cd Python-3.8.6 &&     ./configure --enable-loadable-sqlite-extensions --enable-optimizations &&     make -j install &&     rm -r /tmp/Python-3.8.6.tar.xz /tmp/Python-3.8.6
#7 sha256:c5b9d1fb3371e84dbc60b76e7b2f8d5913bc93bcd4910ab65daa03e7b2ec4bb0
#7 CACHED

#11 [6/7] RUN apt-get update -y && apt-get install -y     apt-transport-https     lsb-release
#11 sha256:6aa2347d91c2339ac63765c6d031760818b1eee2eba35fd49a0f91d864c729fc
#11 CACHED

#12 [7/7] RUN CLOUD_SDK_REPO="cloud-sdk-$(lsb_release -c -s)" &&     echo "deb https://packages.cloud.google.com/apt $CLOUD_SDK_REPO main"     | tee -a /etc/apt/sources.list.d/google-cloud-sdk.list &&     curl https://packages.cloud.google.com/apt/doc/apt-key.gpg     | apt-key add - &&     apt-get update -y &&     apt-get install -y google-cloud-sdk
#12 sha256:54c848ec322653e5acb08a484ec271e957be0895c31cde994b2183dd008d1ed6
#12 CACHED

#13 exporting to image
#13 sha256:e8c613e07b0b7ff33893b694f7759a10d42e180f2b4dc349fb57dc6b71dcab00
#13 exporting layers done
#13 writing image sha256:06cefeb620ef0a12ea1bcad2e9d41606970bfe3e730adc09f2f646fe13a3a162 done
#13 naming to gcr.io/fuzzbench/base-image done
#13 DONE 0.0s

#14 exporting cache
#14 sha256:2700d4ef94dee473593c5c614b55b2dedcca7893909811a8f2b48291a1f581e4
#14 preparing build cache for export done
#14 DONE 0.0s
#1 [internal] load build definition from Dockerfile
#1 sha256:b917c28a3416614ad3dc1ed534a221d6a740796aefc9e36723b8b670e9ce7a04
#1 transferring dockerfile: 2.22kB done
#1 DONE 0.0s

#2 [internal] load .dockerignore
#2 sha256:670e0c73cd595f591f5fa34419c76ad3f18c6e30f71f15f9c5d5eae9e0cb5315
#2 transferring context: 34B done
#2 DONE 0.0s

#4 [internal] load metadata for gcr.io/fuzzbench/base-image:latest
#4 sha256:932022888f650cc455b10eb5123bb08c0cccacac29a693e69314abbfd28a72c3
#4 DONE 0.0s

#3 [internal] load metadata for gcr.io/fuzzbench/builders/afl/json-c_tokener_parse_ex_fuzzer-intermediate:latest
#3 sha256:2167d9e50509fbc159f3cbdd3ba70273e256e83ef9164ef5cbc305497360bb13
#3 DONE 0.0s

#5 importing cache manifest from gcr.io/fuzzbench/builders/afl/json-c_tokener_parse_ex_fuzzer
#5 sha256:9fe63b7def97b4fc7bcaf1b76abfbe8a4aa094dcf67c093fecf1fdd0964fc004
#5 ...

#12 [internal] load build context
#12 sha256:58bab2347b68cd6965358edec3546d46e4a61ba8e88d353d6a99fb1ac345a51b
#12 DONE 0.0s

#7 [base-image 1/1] FROM gcr.io/fuzzbench/base-image
#7 sha256:4d07825694520f8b6f6a0d8592dbd345433361ae044cb7f06706c5a95e3daaad
#7 DONE 0.0s

#6 [stage-1  1/13] FROM gcr.io/fuzzbench/builders/afl/json-c_tokener_parse_ex_fuzzer-intermediate
#6 sha256:fe1a1209bb11dc49fafad765c809e6262713d8bf8651391acb701fbcb3d35df7
#6 DONE 0.0s

#5 importing cache manifest from gcr.io/fuzzbench/builders/afl/json-c_tokener_parse_ex_fuzzer
#5 sha256:9fe63b7def97b4fc7bcaf1b76abfbe8a4aa094dcf67c093fecf1fdd0964fc004
#5 ERROR: gcr.io/fuzzbench/builders/afl/json-c_tokener_parse_ex_fuzzer:latest: not found

#7 [base-image 1/1] FROM gcr.io/fuzzbench/base-image
#7 sha256:4d07825694520f8b6f6a0d8592dbd345433361ae044cb7f06706c5a95e3daaad
#7 CACHED

#12 [internal] load build context
#12 sha256:58bab2347b68cd6965358edec3546d46e4a61ba8e88d353d6a99fb1ac345a51b
#12 transferring context: 742.42kB 0.1s done
#12 DONE 0.1s

#6 [stage-1  1/13] FROM gcr.io/fuzzbench/builders/afl/json-c_tokener_parse_ex_fuzzer-intermediate
#6 sha256:fe1a1209bb11dc49fafad765c809e6262713d8bf8651391acb701fbcb3d35df7
#6 DONE 0.2s

#8 [stage-1  2/13] COPY --from=base-image /usr/local/bin/python3* /usr/local/bin/
#8 sha256:46a234d2fc15eb7ba0480dc60634a18d4ab4ecaec935620a7cc818df76dcd19a
#8 DONE 0.3s

#9 [stage-1  3/13] COPY --from=base-image /usr/local/lib/python3.8 /usr/local/lib/python3.8
#9 sha256:29cf6a557e0ccd6bed067bed75a0f67eb625fc6db7ee1dd81ef2460c4995083b
#9 DONE 11.6s

#10 [stage-1  4/13] COPY --from=base-image /usr/local/include/python3.8 /usr/local/include/python3.8
#10 sha256:0d7b8754ee62ddc7bde5246b71b0f0e702268920d99ea3a7c4769f6b566eef31
#10 DONE 0.3s

#11 [stage-1  5/13] COPY --from=base-image /usr/local/lib/python3.8/site-packages /usr/local/lib/python3.8/site-packages
#11 sha256:b994791b9d213cc5b9a88f0c8c919857e5a4967b7c0efc626eef17ef1382e99d
#11 DONE 16.8s

#13 [stage-1  6/13] COPY fuzzers /src/fuzzers
#13 sha256:0555ef0077bda26fce70bdd64245f03eebafc92b10a0749bdd85cba7754f2f9c
#13 DONE 0.2s

#14 [stage-1  7/13] RUN touch /src/__init__.py
#14 sha256:f1ae6de0221610fb6d8267f713f9ca947bcbe8b0c8536fceda94640939265dab
#14 DONE 0.9s

#15 [stage-1  8/13] COPY benchmarks/json-c_tokener_parse_ex_fuzzer/benchmark.yaml /
#15 sha256:c9598fc7548a4a9600c66d3762aced4122ea5f97f64e1fd9d8ed987b8de7facf
#15 DONE 0.1s

#16 [stage-1  9/13] RUN mkdir /opt/fuzzbench/
#16 sha256:52febeb347ad8815c816a4c8c945f3352cb6cf6ff0576cbf9ce754b8b61a123d
#16 DONE 0.6s

#17 [stage-1 10/13] COPY docker/benchmark-builder/checkout_commit.py /opt/fuzzbench/
#17 sha256:c95e3781911fe05657c0df0c286c5bdaff8f362a8bd8145ec97c96fa8d018f4d
#17 DONE 0.1s

#18 [stage-1 11/13] RUN export CHECKOUT_COMMIT=$(cat /benchmark.yaml | tr -d ' ' | grep 'commit:' | cut -d ':' -f2) &&     python3 -u /opt/fuzzbench/checkout_commit.py $CHECKOUT_COMMIT /src
#18 sha256:b8c0fb05b164b5b6d3820081f4b07aab2439fbe03fc33e775fdcc0b723fa536b
#18 0.531 Checking out commit 84faf557
#18 1.670 error: pathspec '84faf557' did not match any file(s) known to git
#18 1.684 error: pathspec '84faf557' did not match any file(s) known to git
#18 1.691 error: pathspec '84faf557' did not match any file(s) known to git
#18 1.719 error: pathspec '84faf557' did not match any file(s) known to git
#18 1.742 Checkout unsuccessful.
#18 DONE 2.2s

#19 [stage-1 12/13] RUN echo "#!/bin/bash\nPYTHONPATH=/src python3 -u -c "from fuzzers import utils; utils.initialize_env(); from fuzzers.afl import fuzzer; fuzzer.build()"" > /usr/bin/fuzzer_build &&     chmod +x /usr/bin/fuzzer_build
#19 sha256:135b07e258816a36332695679e4dc4136f9b0e32959f78c6609cae64572406b0
#19 DONE 0.9s

#20 [stage-1 13/13] RUN echo "Run fuzzer_build to build the target" && if [ -z "$debug_builder" ] ; then fuzzer_build; fi
#20 sha256:71b90b7ead72c24bb760f41f9c391f1981a2954024d7f6e11a61ccad336a02b6
#20 0.657 Run fuzzer_build to build the target
#20 1.064 FUZZ_TARGET = tokener_parse_ex_fuzzer
#20 1.064 CFLAGS = -DFUZZING_BUILD_MODE_UNSAFE_FOR_PRODUCTION -pthread -Wl,--no-as-needed -Wl,-ldl -Wl,-lm -Wno-unused-command-line-argument -O3
#20 1.064 CXXFLAGS = -DFUZZING_BUILD_MODE_UNSAFE_FOR_PRODUCTION -pthread -Wl,--no-as-needed -Wl,-ldl -Wl,-lm -Wno-unused-command-line-argument -stdlib=libc++ -O3
#20 1.089 Building benchmark json-c_tokener_parse_ex_fuzzer with fuzzer afl
#20 1.092 + mkdir json-c-build
#20 1.095 + cd json-c-build
#20 1.095 + cmake -DBUILD_SHARED_LIBS=OFF ..
#20 1.100 CMake Deprecation Warning at CMakeLists.txt:3 (cmake_minimum_required):
#20 1.100   Compatibility with CMake < 2.8.12 will be removed from a future version of
#20 1.100   CMake.
#20 1.100 
#20 1.100   Update the VERSION argument <min> value or use a ...<max> suffix to tell
#20 1.100   CMake that the project does not need compatibility with older versions.
#20 1.100 
#20 1.100 
#20 1.353 -- The C compiler identification is Clang 14.0.0
#20 1.367 -- Detecting C compiler ABI info
#20 1.541 -- Detecting C compiler ABI info - done
#20 1.591 -- Check for working C compiler: /usr/local/bin/clang - skipped
#20 1.592 -- Detecting C compile features
#20 1.593 -- Detecting C compile features - done
#20 1.640 CMake Deprecation Warning at apps/CMakeLists.txt:2 (cmake_minimum_required):
#20 1.640   Compatibility with CMake < 2.8.12 will be removed from a future version of
#20 1.640   CMake.
#20 1.640 
#20 1.640   Update the VERSION argument <min> value or use a ...<max> suffix to tell
#20 1.640   CMake that the project does not need compatibility with older versions.
#20 1.640 
#20 1.640 
#20 1.644 -- Looking for sys/resource.h
#20 1.826 -- Looking for sys/resource.h - found
#20 1.831 -- Looking for getrusage
#20 2.004 -- Looking for getrusage - found
#20 2.015 -- Wrote /src/json-c/json-c-build/apps_config.h
#20 2.041 -- Looking for fcntl.h
#20 2.211 -- Looking for fcntl.h - found
#20 2.212 -- Looking for inttypes.h
#20 2.388 -- Looking for inttypes.h - found
#20 2.389 -- Looking for stdarg.h
#20 2.574 -- Looking for stdarg.h - found
#20 2.575 -- Looking for strings.h
#20 2.751 -- Looking for strings.h - found
#20 2.752 -- Looking for string.h
#20 2.927 -- Looking for string.h - found
#20 2.928 -- Looking for syslog.h
#20 3.105 -- Looking for syslog.h - found
#20 3.107 -- Looking for 4 include files stdlib.h, ..., float.h
#20 3.293 -- Looking for 4 include files stdlib.h, ..., float.h - found
#20 3.294 -- Looking for unistd.h
#20 3.471 -- Looking for unistd.h - found
#20 3.471 -- Looking for sys/types.h
#20 3.653 -- Looking for sys/types.h - found
#20 3.653 -- Looking for dlfcn.h
#20 3.833 -- Looking for dlfcn.h - found
#20 3.834 -- Looking for endian.h
#20 4.011 -- Looking for endian.h - found
#20 4.012 -- Looking for limits.h
#20 4.181 -- Looking for limits.h - found
#20 4.181 -- Looking for locale.h
#20 4.358 -- Looking for locale.h - found
#20 4.359 -- Looking for memory.h
#20 4.533 -- Looking for memory.h - found
#20 4.533 -- Looking for stdint.h
#20 4.706 -- Looking for stdint.h - found
#20 4.707 -- Looking for stdlib.h
#20 4.902 -- Looking for stdlib.h - found
#20 4.903 -- Looking for sys/cdefs.h
#20 5.081 -- Looking for sys/cdefs.h - found
#20 5.082 -- Looking for sys/param.h
#20 5.272 -- Looking for sys/param.h - found
#20 5.273 -- Looking for sys/random.h
#20 5.465 -- Looking for sys/random.h - found
#20 5.466 -- Looking for sys/stat.h
#20 5.638 -- Looking for sys/stat.h - found
#20 5.639 -- Looking for xlocale.h
#20 5.680 -- Looking for xlocale.h - not found
#20 5.681 -- Looking for _isnan
#20 5.727 -- Looking for _isnan - not found
#20 5.728 -- Looking for _finite
#20 5.771 -- Looking for _finite - not found
#20 5.772 -- Looking for INFINITY
#20 6.005 -- Looking for INFINITY - found
#20 6.006 -- Looking for isinf
#20 6.236 -- Looking for isinf - found
#20 6.237 -- Looking for isnan
#20 6.460 -- Looking for isnan - found
#20 6.462 -- Looking for nan
#20 6.688 -- Looking for nan - found
#20 6.689 -- Looking for _doprnt
#20 6.756 -- Looking for _doprnt - not found
#20 6.757 -- Looking for snprintf
#20 6.936 -- Looking for snprintf - found
#20 6.937 -- Looking for vasprintf
#20 7.129 -- Looking for vasprintf - found
#20 7.130 -- Looking for vsnprintf
#20 7.317 -- Looking for vsnprintf - found
#20 7.318 -- Looking for vprintf
#20 7.495 -- Looking for vprintf - found
#20 7.497 -- Looking for arc4random
#20 7.553 -- Looking for arc4random - not found
#20 7.554 -- Looking for bsd/stdlib.h
#20 7.597 -- Looking for bsd/stdlib.h - not found
#20 7.598 -- Looking for open
#20 7.776 -- Looking for open - found
#20 7.777 -- Looking for realloc
#20 7.963 -- Looking for realloc - found
#20 7.964 -- Looking for setlocale
#20 8.135 -- Looking for setlocale - found
#20 8.136 -- Looking for uselocale
#20 8.307 -- Looking for uselocale - found
#20 8.307 -- Looking for strcasecmp
#20 8.492 -- Looking for strcasecmp - found
#20 8.493 -- Looking for strncasecmp
#20 8.665 -- Looking for strncasecmp - found
#20 8.666 -- Looking for strdup
#20 8.851 -- Looking for strdup - found
#20 8.852 -- Looking for strerror
#20 9.025 -- Looking for strerror - found
#20 9.026 -- Looking for vsyslog
#20 9.195 -- Looking for vsyslog - found
#20 9.196 -- Looking for getrandom
#20 9.420 -- Looking for getrandom - found
#20 9.421 -- Looking for strtoll
#20 9.603 -- Looking for strtoll - found
#20 9.604 -- Looking for strtoull
#20 9.794 -- Looking for strtoull - found
#20 9.796 -- Looking for stddef.h
#20 9.968 -- Looking for stddef.h - found
#20 9.968 -- Check size of int
#20 10.18 -- Check size of int - done
#20 10.18 -- Check size of int64_t
#20 10.40 -- Check size of int64_t - done
#20 10.40 -- Check size of long
#20 10.62 -- Check size of long - done
#20 10.62 -- Check size of long long
#20 10.85 -- Check size of long long - done
#20 10.85 -- Check size of size_t
#20 11.07 -- Check size of size_t - done
#20 11.07 -- Check size of ssize_t
#20 11.30 -- Check size of ssize_t - done
#20 11.31 -- Performing Test HAS_GNU_WARNING_LONG
#20 11.35 -- Performing Test HAS_GNU_WARNING_LONG - Failed
#20 11.35 -- Performing Test HAVE_ATOMIC_BUILTINS
#20 11.53 -- Performing Test HAVE_ATOMIC_BUILTINS - Success
#20 11.53 -- Performing Test HAVE___THREAD
#20 11.70 -- Performing Test HAVE___THREAD - Success
#20 11.71 -- Wrote /src/json-c/json-c-build/config.h
#20 11.71 -- Wrote /src/json-c/json-c-build/json_config.h
#20 11.71 -- Performing Test REENTRANT_WORKS
#20 11.88 -- Performing Test REENTRANT_WORKS - Success
#20 11.88 -- Performing Test BSYMBOLIC_WORKS
#20 12.05 -- Performing Test BSYMBOLIC_WORKS - Success
#20 12.06 -- Performing Test VERSION_SCRIPT_WORKS
#20 12.23 -- Performing Test VERSION_SCRIPT_WORKS - Success
#20 12.24 -- Could NOT find Doxygen (missing: DOXYGEN_EXECUTABLE) 
#20 12.24 Warning: doxygen not found, the 'doc' target will not be included
#20 12.24 -- Configuring done
#20 12.34 -- Generating done
#20 12.35 -- Build files have been written to: /src/json-c/json-c-build
#20 12.35 ++ nproc
#20 12.37 + make -j8
#20 12.40 [  1%] Building C object CMakeFiles/json-c.dir/arraylist.c.o
#20 12.40 [  2%] Building C object CMakeFiles/json-c.dir/debug.c.o
#20 12.40 [  4%] Building C object CMakeFiles/json-c.dir/json_c_version.c.o
#20 12.40 [  5%] Building C object CMakeFiles/json-c.dir/json_object.c.o
#20 12.40 [  8%] Building C object CMakeFiles/json-c.dir/json_object_iterator.c.o
#20 12.40 [  8%] Building C object CMakeFiles/json-c.dir/json_tokener.c.o
#20 12.41 [ 11%] Building C object CMakeFiles/json-c.dir/json_util.c.o
#20 12.41 [ 11%] Building C object CMakeFiles/json-c.dir/json_visit.c.o
#20 12.52 [ 12%] Building C object CMakeFiles/json-c.dir/linkhash.c.o
#20 12.58 [ 14%] Building C object CMakeFiles/json-c.dir/printbuf.c.o
#20 12.58 [ 15%] Building C object CMakeFiles/json-c.dir/random_seed.c.o
#20 12.61 [ 17%] Building C object CMakeFiles/json-c.dir/strerror_override.c.o
#20 12.63 [ 18%] Building C object CMakeFiles/json-c.dir/json_pointer.c.o
#20 13.31 [ 20%] Linking C static library libjson-c.a
#20 13.35 [ 20%] Built target json-c
#20 13.37 [ 22%] Building C object tests/CMakeFiles/test_json_pointer.dir/test_json_pointer.c.o
#20 13.37 [ 24%] Building C object tests/CMakeFiles/test_visit.dir/test_visit.c.o
#20 13.37 [ 24%] Building C object tests/CMakeFiles/test_cast.dir/test_cast.c.o
#20 13.37 [ 25%] Building C object tests/CMakeFiles/test4.dir/test4.c.o
#20 13.37 [ 27%] Building C object tests/CMakeFiles/testReplaceExisting.dir/testReplaceExisting.c.o
#20 13.37 [ 28%] Building C object tests/CMakeFiles/test2.dir/test2.c.o
#20 13.37 [ 30%] Building C object tests/CMakeFiles/test_printbuf.dir/test_printbuf.c.o
#20 13.37 [ 31%] Building C object tests/CMakeFiles/test_locale.dir/test_locale.c.o
#20 13.47 [ 32%] Linking C executable test2
#20 13.48 [ 34%] Linking C executable test_locale
#20 13.49 [ 35%] Linking C executable test_cast
#20 13.50 [ 37%] Linking C executable test4
#20 13.50 [ 38%] Linking C executable testReplaceExisting
#20 13.52 [ 40%] Linking C executable test_visit
#20 13.53 [ 41%] Linking C executable test_printbuf
#20 13.69 [ 41%] Built target test2
#20 13.70 [ 41%] Built target test_locale
#20 13.70 [ 41%] Built target test_cast
#20 13.71 [ 44%] Building C object tests/CMakeFiles/test_parse_int64.dir/test_parse_int64.c.o
#20 13.71 [ 44%] Building C object tests/CMakeFiles/test_deep_copy.dir/test_deep_copy.c.o
#20 13.71 [ 45%] Building C object tests/CMakeFiles/test2Formatted.dir/test2.c.o
#20 13.72 [ 45%] Built target test4
#20 13.73 [ 48%] Linking C executable test_json_pointer
#20 13.73 [ 48%] Building C object tests/CMakeFiles/test_util_file.dir/test_util_file.c.o
#20 13.78 [ 48%] Built target testReplaceExisting
#20 13.78 [ 48%] Built target test_printbuf
#20 13.78 [ 48%] Built target test_visit
#20 13.78 [ 50%] Building C object tests/CMakeFiles/test2Formatted.dir/parse_flags.c.o
#20 13.79 [ 51%] Building C object tests/CMakeFiles/test_util_file.dir/__/strerror_override.c.o
#20 13.79 [ 54%] Building C object tests/CMakeFiles/test_int_add.dir/test_int_add.c.o
#20 13.79 [ 54%] Building C object tests/CMakeFiles/test_compare.dir/test_compare.c.o
#20 13.90 [ 57%] Linking C executable test2Formatted
#20 13.90 [ 57%] Linking C executable test_parse_int64
#20 13.92 [ 58%] Building C object tests/CMakeFiles/test1.dir/test1.c.o
#20 13.92 [ 58%] Built target test_json_pointer
#20 13.92 [ 60%] Linking C executable test_int_add
#20 13.92 [ 61%] Linking C executable test_deep_copy
#20 13.92 [ 62%] Linking C executable test_compare
#20 13.93 [ 64%] Building C object tests/CMakeFiles/test1Formatted.dir/test1.c.o
#20 13.94 [ 65%] Linking C executable test_util_file
#20 14.11 [ 65%] Built target test2Formatted
#20 14.11 [ 65%] Built target test_parse_int64
#20 14.12 [ 67%] Building C object tests/CMakeFiles/test1Formatted.dir/parse_flags.c.o
#20 14.13 [ 68%] Building C object tests/CMakeFiles/test_float.dir/test_float.c.o
#20 14.13 [ 68%] Built target test_int_add
#20 14.14 [ 70%] Linking C executable test1
#20 14.15 [ 71%] Building C object tests/CMakeFiles/test_object_iterator.dir/test_object_iterator.c.o
#20 14.15 [ 71%] Built target test_deep_copy
#20 14.15 [ 71%] Built target test_compare
#20 14.16 [ 72%] Building C object tests/CMakeFiles/test_null.dir/test_null.c.o
#20 14.16 [ 74%] Building C object tests/CMakeFiles/test_double_serializer.dir/test_double_serializer.c.o
#20 14.16 [ 74%] Built target test_util_file
#20 14.16 [ 75%] Building C object tests/CMakeFiles/test_parse.dir/test_parse.c.o
#20 14.17 [ 77%] Building C object tests/CMakeFiles/test_set_serializer.dir/test_set_serializer.c.o
#20 14.20 [ 78%] Linking C executable test_float
#20 14.24 [ 80%] Linking C executable test1Formatted
#20 14.24 [ 81%] Linking C executable test_object_iterator
#20 14.24 [ 82%] Linking C executable test_null
#20 14.26 [ 84%] Linking C executable test_double_serializer
#20 14.28 [ 85%] Linking C executable test_set_serializer
#20 14.35 [ 85%] Built target test1
#20 14.37 [ 87%] Building C object tests/CMakeFiles/test_set_value.dir/test_set_value.c.o
#20 14.40 [ 88%] Linking C executable test_parse
#20 14.41 [ 88%] Built target test_float
#20 14.43 [ 90%] Building C object tests/CMakeFiles/test_charcase.dir/test_charcase.c.o
#20 14.46 [ 90%] Built target test_object_iterator
#20 14.46 [ 90%] Built target test1Formatted
#20 14.47 [ 91%] Building C object tests/CMakeFiles/test_strerror.dir/test_strerror.c.o
#20 14.48 [ 92%] Building C object apps/CMakeFiles/json_parse.dir/json_parse.c.o
#20 14.48 [ 92%] Built target test_double_serializer
#20 14.49 [ 94%] Building C object tests/CMakeFiles/test_strerror.dir/__/strerror_override.c.o
#20 14.49 [ 94%] Built target test_null
#20 14.50 [ 94%] Built target test_set_serializer
#20 14.53 [ 95%] Linking C executable test_charcase
#20 14.53 [ 97%] Linking C executable test_set_value
#20 14.58 [ 98%] Linking C executable test_strerror
#20 14.59 [ 98%] Built target test_parse
#20 14.63 [100%] Linking C executable json_parse
#20 14.68 [100%] Built target test_charcase
#20 14.69 [100%] Built target test_set_value
#20 14.71 [100%] Built target test_strerror
#20 14.76 [100%] Built target json_parse
#20 14.77 + cd ..
#20 14.77 + cp /src/tokener_parse_ex_fuzzer.dict /out/
#20 14.77 + for f in $SRC/*_fuzzer.cc
#20 14.77 ++ basename /src/tokener_parse_ex_fuzzer.cc _fuzzer.cc
#20 14.79 + fuzzer=tokener_parse_ex
#20 14.79 + clang++ -DFUZZING_BUILD_MODE_UNSAFE_FOR_PRODUCTION -pthread -Wl,--no-as-needed -Wl,-ldl -Wl,-lm -Wno-unused-command-line-argument -stdlib=libc++ -O3 -fsanitize-coverage=trace-pc-guard -std=c++11 -I/src/json-c -I/src/json-c/json-c-build /src/tokener_parse_ex_fuzzer.cc -o /out/tokener_parse_ex_fuzzer /libAFL.a /src/json-c/json-c-build/libjson-c.a
#20 15.12 [post_build] Copying afl-fuzz to $OUT directory
#20 DONE 15.6s

#21 exporting to image
#21 sha256:e8c613e07b0b7ff33893b694f7759a10d42e180f2b4dc349fb57dc6b71dcab00
#21 exporting layers done
#21 writing image sha256:634abb309b265c6e985472fac1c279f390c6d73b678c24b0c4bee617ae90059f done
#21 naming to gcr.io/fuzzbench/builders/afl/json-c_tokener_parse_ex_fuzzer
#21 naming to gcr.io/fuzzbench/builders/afl/json-c_tokener_parse_ex_fuzzer done
#21 DONE 0.1s

#22 exporting cache
#22 sha256:2700d4ef94dee473593c5c614b55b2dedcca7893909811a8f2b48291a1f581e4
#22 preparing build cache for export done
#22 DONE 0.0s
------
 > importing cache manifest from gcr.io/fuzzbench/builders/afl/json-c_tokener_parse_ex_fuzzer:
------
#1 [internal] load build definition from runner.Dockerfile
#1 sha256:ed1c2fc82000d8580fec58c8489950d3087adf10710d8d7e6059183899ab39a9
#1 transferring dockerfile: 656B done
#1 DONE 0.0s

#2 [internal] load .dockerignore
#2 sha256:73f024b8759377e2a3cbf5d91ead7f3d4c523047b555cf52978d089418080b68
#2 transferring context: 2B done
#2 DONE 0.1s

#3 [internal] load metadata for gcr.io/fuzzbench/base-image:latest
#3 sha256:932022888f650cc455b10eb5123bb08c0cccacac29a693e69314abbfd28a72c3
#3 DONE 0.0s

#4 [1/1] FROM gcr.io/fuzzbench/base-image
#4 sha256:4d07825694520f8b6f6a0d8592dbd345433361ae044cb7f06706c5a95e3daaad
#4 DONE 0.0s

#5 importing cache manifest from gcr.io/fuzzbench/runners/afl/json-c_tokener_parse_ex_fuzzer-intermediate
#5 sha256:f85b24dddd34eadcdf2fbc53468a90d9ad18bfaae0cd58a682a611c811c0e0a7
#5 ERROR: gcr.io/fuzzbench/runners/afl/json-c_tokener_parse_ex_fuzzer-intermediate:latest: not found

#4 [1/1] FROM gcr.io/fuzzbench/base-image
#4 sha256:4d07825694520f8b6f6a0d8592dbd345433361ae044cb7f06706c5a95e3daaad
#4 CACHED

#6 exporting to image
#6 sha256:e8c613e07b0b7ff33893b694f7759a10d42e180f2b4dc349fb57dc6b71dcab00
#6 exporting layers done
#6 writing image sha256:559804d64fdb09848e27ac6aa062a59b9bde70e4fee70f67b96f8abeb802c389 done
#6 naming to gcr.io/fuzzbench/runners/afl/json-c_tokener_parse_ex_fuzzer-intermediate done
#6 DONE 0.2s

#7 exporting cache
#7 sha256:2700d4ef94dee473593c5c614b55b2dedcca7893909811a8f2b48291a1f581e4
#7 preparing build cache for export done
#7 DONE 0.0s
------
 > importing cache manifest from gcr.io/fuzzbench/runners/afl/json-c_tokener_parse_ex_fuzzer-intermediate:
------
#1 [internal] load build definition from Dockerfile
#1 sha256:53d01e3e8877f7eb892de4e8aed123cb77f630e1d872783c7c81d6fdc182031b
#1 transferring dockerfile: 3.17kB done
#1 DONE 0.0s

#2 [internal] load .dockerignore
#2 sha256:4b36ad894ae0c041116f2a2252f780f86c9fc628cee34c165eb30c72bf79a534
#2 transferring context: 34B done
#2 DONE 0.1s

#4 [internal] load metadata for gcr.io/fuzzbench/builders/afl/json-c_tokener_parse_ex_fuzzer:latest
#4 sha256:89eedb2227028bcfd8d90e1b0a2a21b8874941cb027e3041082fc877b42e21ed
#4 DONE 0.0s

#3 [internal] load metadata for gcr.io/fuzzbench/runners/afl/json-c_tokener_parse_ex_fuzzer-intermediate:latest
#3 sha256:5d6c2dcc21e1009c58bf20483a478b45ebe4b36f35312c097d572c6b6b6a4be8
#3 DONE 0.0s

#12 [internal] load build context
#12 sha256:ed1c585c5431b43c14bc1eeebf1a584642308f1fd64639d26087f914e6b815d0
#12 DONE 0.0s

#6 [stage-1  1/13] FROM gcr.io/fuzzbench/runners/afl/json-c_tokener_parse_ex_fuzzer-intermediate
#6 sha256:d6685151fdc11e170bc66e208d391be39b75ed7fd7483f6cfdc3e2f43f6d8311
#6 DONE 0.0s

#10 [builder 1/1] FROM gcr.io/fuzzbench/builders/afl/json-c_tokener_parse_ex_fuzzer
#10 sha256:1c3f2ce6b772fc1f23e9e9b3e1627e0cd45e0a26f304d3b9c564730f70b6e7de
#10 DONE 0.0s

#5 importing cache manifest from gcr.io/fuzzbench/runners/afl/json-c_tokener_parse_ex_fuzzer
#5 sha256:0fec4b3e264ff6dfd75cf89fe3fc78c28cc4c42ffddd08321c96a0e3ac57e15f
#5 ERROR: gcr.io/fuzzbench/runners/afl/json-c_tokener_parse_ex_fuzzer:latest: not found

#12 [internal] load build context
#12 sha256:ed1c585c5431b43c14bc1eeebf1a584642308f1fd64639d26087f914e6b815d0
#12 transferring context: 9.02MB 0.2s done
#12 DONE 0.3s

#10 [builder 1/1] FROM gcr.io/fuzzbench/builders/afl/json-c_tokener_parse_ex_fuzzer
#10 sha256:1c3f2ce6b772fc1f23e9e9b3e1627e0cd45e0a26f304d3b9c564730f70b6e7de
#10 DONE 1.6s

#7 [stage-1  2/13] RUN apt-get update -y && apt-get install -y     libglib2.0-0     libxml2     libarchive13     libgss3
#7 sha256:c0499f3549e334b1a1fc315379425873e58dde28ffe967ef382e81ed6b2c8d4c
#7 CACHED

#8 [stage-1  3/13] RUN mkdir -p /out
#8 sha256:863ff498954a00575b184bbd26e4be9ee48e7d49a1a4c575e773fac07719d088
#8 CACHED

#9 [stage-1  4/13] WORKDIR /out
#9 sha256:9938d5b46416fbb8a5064cf8bf0b3f8dce88a196d5c9a578b3cd1bb216051acf
#9 CACHED

#11 [stage-1  5/13] COPY --from=builder /out/ ./
#11 sha256:69ee03b774c894ce38b709b928cf5a1e7be7b58a2ca2d07a3acaf8e63e03ea52
#11 DONE 0.3s

#13 [stage-1  6/13] COPY benchmarks /src/benchmarks
#13 sha256:969275e87b2fbec2331175e90daa878006c02f72cf5b00647e7b5c450899ff9a
#13 DONE 0.5s

#14 [stage-1  7/13] COPY fuzzers /src/fuzzers
#14 sha256:5a1fcae4af2966db3369df9a1c62ec868e2722dc08a3aeded2d55c314f3baabd
#14 DONE 0.2s

#15 [stage-1  8/13] RUN touch __init__.py
#15 sha256:506fa56d486bf9489291a649c18cdf7f49f6ba85dac0ab1a14e25de388e6432c
#15 DONE 0.5s

#16 [stage-1  9/13] RUN mkdir -p /out/seeds /out/corpus
#16 sha256:d7da190c837fed16c1a0d5a6c4b83ca035ef410f5e3d48ad9a24bae8b0a2cb38
#16 DONE 0.5s

#17 [stage-1 10/13] COPY common /src/common
#17 sha256:7de2c529f6ae699b53678de4503407b57ab64cb888810fc06948936be1a9a651
#17 DONE 0.1s

#18 [stage-1 11/13] COPY experiment/runner.py /src/experiment/runner.py
#18 sha256:3f2e53786179a27891f826b31da785856e43ed983a8896b9d3d796418fff7dd6
#18 DONE 0.1s

#19 [stage-1 12/13] COPY docker/benchmark-runner /src/docker/benchmark-runner
#19 sha256:94a9196f725a447f39eb41d6cd7428ca5ff2a4e1e54c9feb00dbce869ec34fa6
#19 DONE 0.1s

#20 [stage-1 13/13] RUN chmod +x /src/docker/benchmark-runner/startup-runner.sh
#20 sha256:ef3d6bffb60c78fbeeb3a0a3f2c9f8b65b0cf8581bc9b28396821db790c91f41
#20 DONE 1.2s

#21 exporting to image
#21 sha256:e8c613e07b0b7ff33893b694f7759a10d42e180f2b4dc349fb57dc6b71dcab00
#21 exporting layers done
#21 writing image sha256:07012812c5e52398d300f1eac0857293c23307c2e9c2f504aede19bb7566adc8
#21 writing image sha256:07012812c5e52398d300f1eac0857293c23307c2e9c2f504aede19bb7566adc8 0.0s done
#21 naming to gcr.io/fuzzbench/runners/afl/json-c_tokener_parse_ex_fuzzer done
#21 DONE 0.1s

#22 exporting cache
#22 sha256:2700d4ef94dee473593c5c614b55b2dedcca7893909811a8f2b48291a1f581e4
#22 preparing build cache for export done
#22 DONE 0.0s
------
 > importing cache manifest from gcr.io/fuzzbench/runners/afl/json-c_tokener_parse_ex_fuzzer:
------
INFO:root:Doing trial as part of experiment.
INFO:root:Starting trial.
ERROR:root:Executed command: "nice -n 5 python3 -u -c from fuzzers.afl import fuzzer; fuzzer.fuzz('/out/seeds', '/out/corpus', '/out/tokener_parse_ex_fuzzer')" returned: 1.
ERROR:root:Fuzz process returned nonzero. Extras: {'traceback': 'Traceback (most recent call last):\n  File "/src/experiment/runner.py", line 209, in run_fuzzer\n    new_process.execute(command,\n  File "/src/common/new_process.py", line 124, in execute\n    raise subprocess.CalledProcessError(retcode, command)\nsubprocess.CalledProcessError: Command \'[\'nice\', \'-n\', \'5\', \'python3\', \'-u\', \'-c\', "from fuzzers.afl import fuzzer; fuzzer.fuzz(\'/out/seeds\', \'/out/corpus\', \'/out/tokener_parse_ex_fuzzer\')"]\' returned non-zero exit status 1.\n'}
INFO:root:Doing final sync.
ERROR:root:Call to <function get_stats at 0x7f95b936aee0> failed. Extras: {'traceback': 'Traceback (most recent call last):\n  File "/src/experiment/runner.py", line 374, in record_stats\n    stats_json_str = fuzzer_module_get_stats(output_corpus,\n  File "/src/fuzzers/afl/fuzzer.py", line 51, in get_stats\n    with open(stats_file) as file_handle:\nFileNotFoundError: [Errno 2] No such file or directory: \'/out/corpus/fuzzer_stats\'\n'}
make: *** [docker/generated.mk:279349: test-run-afl-json-c_tokener_parse_ex_fuzzer] Error 1
