WARNING:root:gcloud not found in PATH.
INFO:root:Successfully integrated benchmark: rocksdb_rocksdb.
INFO:root:Please run "make test-run-afl-rocksdb_rocksdb" to test integration.
#2 [internal] load .dockerignore
#2 sha256:117657e11ee3ab20fd6c7c7fdc3789106453584b0a127316eb58abaab2ab532b
#2 transferring context: 2B done
#2 DONE 0.2s

#1 [internal] load build definition from Dockerfile
#1 sha256:66373e78109bb595fef4926a9dbfa45ff05acf2c2870e9391ebd41d806981a35
#1 transferring dockerfile: 32B done
#1 DONE 0.2s

#3 [internal] load metadata for gcr.io/oss-fuzz-base/base-builder:latest
#3 sha256:f10dc39cc9d418a5bc416dead31a1902b6821fdae909cd3b08f7a3fd1faba7b5
#3 DONE 0.4s

#11 [internal] load build context
#11 sha256:e09f8a8314d980af7b9534b40e1964cae2176cf2c4a58539805f8cce8ab09d3b
#11 DONE 0.0s

#5 [1/7] FROM gcr.io/oss-fuzz-base/base-builder@sha256:4ad017ca53699eda684c1c444948c93a4af848fe34baee3a765d3c4693fe6a56
#5 sha256:3f10b3978a3951f6e2692fa5e5890ee5a755650381dedece7198ed0b1dcdaa8c
#5 DONE 0.0s

#4 importing cache manifest from gcr.io/fuzzbench/builders/benchmark/rocksdb_rocksdb
#4 sha256:2c8139e9f5734f436e766d0d57957ffc22edfff520e41d1e2dc1248e4accb8fd
#4 ERROR: gcr.io/fuzzbench/builders/benchmark/rocksdb_rocksdb:latest: not found

#11 [internal] load build context
#11 sha256:e09f8a8314d980af7b9534b40e1964cae2176cf2c4a58539805f8cce8ab09d3b
#11 transferring context: 30B done
#11 DONE 0.1s

#9 [5/7] RUN git clone --depth 1 https://github.com/google/libprotobuf-mutator.git
#9 sha256:f879de86773b50fc9e38c4fa36877dd52828d5c5026f145ba1dd4bb08b31707e
#9 CACHED

#10 [6/7] RUN (mkdir LPM && cd LPM && cmake ../libprotobuf-mutator -GNinja -DLIB_PROTO_MUTATOR_DOWNLOAD_PROTOBUF=ON -DLIB_PROTO_MUTATOR_TESTING=OFF -DCMAKE_BUILD_TYPE=Release && ninja && ninja install)
#10 sha256:8708fbe1c631ad07874a8f6b7d5e3031bcb04a4ec1171147b9c693fe4d802322
#10 CACHED

#7 [3/7] RUN git clone --depth 1 https://github.com/facebook/rocksdb
#7 sha256:a2c74e4da43e8ff3c2165540921c1d2b4a46d973002fd9a361ce963844869a51
#7 CACHED

#8 [4/7] WORKDIR /src/
#8 sha256:8344852cdf12f5c7ffd01001d5f5fccdf10280787644228803b05153fa5b0563
#8 CACHED

#6 [2/7] RUN apt-get update && apt-get install -y make autoconf automake libtool gettext pkg-config build-essential zlib1g-dev libbz2-dev cmake ninja-build liblzma-dev libtool autoconf
#6 sha256:b6b53ffe96133e0a67c4a345ae6d65fdb9f162cc2882b90120b03cdb262e49ee
#6 CACHED

#12 [7/7] COPY build.sh /src/
#12 sha256:2b09f68786c5bad6f504d62a6f5abc5695ade88a17a95446360ae2a65272cfb8
#12 CACHED

#13 exporting to image
#13 sha256:e8c613e07b0b7ff33893b694f7759a10d42e180f2b4dc349fb57dc6b71dcab00
#13 exporting layers done
#13 writing image sha256:bcde7be54c230ee9dbf599101d178fe7441b7b77909313864a865fbfb6117008 done
#13 naming to gcr.io/fuzzbench/builders/benchmark/rocksdb_rocksdb done
#13 DONE 0.2s

#14 exporting cache
#14 sha256:2700d4ef94dee473593c5c614b55b2dedcca7893909811a8f2b48291a1f581e4
#14 preparing build cache for export done
#14 DONE 0.0s
------
 > importing cache manifest from gcr.io/fuzzbench/builders/benchmark/rocksdb_rocksdb:
------
#1 [internal] load build definition from builder.Dockerfile
#1 sha256:888843756c7bc177f04b10d2764f0d22f94eb3408217588ff56ee3d2cf97ab9c
#1 transferring dockerfile: 46B done
#1 DONE 0.0s

#2 [internal] load .dockerignore
#2 sha256:8f4fe042778049288cf129e069956cde1e25b45d34f5b569c3818f3df989b417
#2 transferring context: 2B done
#2 DONE 0.1s

#3 [internal] load metadata for gcr.io/fuzzbench/builders/benchmark/rocksdb_rocksdb:latest
#3 sha256:d4be57ef17896c841526e10eaf5d49dde8cd607898d61622e04147fdca1707ff
#3 DONE 0.0s

#5 [1/3] FROM gcr.io/fuzzbench/builders/benchmark/rocksdb_rocksdb
#5 sha256:f8b4a51329b6fae22483750363ec80d43de0e10c94ed8d343560e996ee863e21
#5 DONE 0.0s

#4 importing cache manifest from gcr.io/fuzzbench/builders/afl/rocksdb_rocksdb-intermediate
#4 sha256:d5ccd24bc8530a7911accbff210be4c70edf31bef22e3e56efd14cbdc07db0b0
#4 ERROR: gcr.io/fuzzbench/builders/afl/rocksdb_rocksdb-intermediate:latest: not found

#6 [2/3] RUN git clone https://github.com/google/AFL.git /afl &&     cd /afl &&     git checkout 61037103ae3722c8060ff7082994836a794f978e &&     AFL_NO_X86=1 make
#6 sha256:d5b03ffe610285426937f80c0bb2bd2089b419d3bb0538c5118e84eaa99b68f3
#6 CACHED

#7 [3/3] RUN apt-get update &&     apt-get install wget -y &&     wget https://raw.githubusercontent.com/llvm/llvm-project/5feb80e748924606531ba28c97fe65145c65372e/compiler-rt/lib/fuzzer/afl/afl_driver.cpp -O /afl/afl_driver.cpp &&     clang -Wno-pointer-sign -c /afl/llvm_mode/afl-llvm-rt.o.c -I/afl &&     clang++ -stdlib=libc++ -std=c++11 -O2 -c /afl/afl_driver.cpp &&     ar r /libAFL.a *.o
#7 sha256:b5176ce1bf6eec9ba8243bcf3ad06b5098eb959af64f32ad2e4ffe6ae1e4cda8
#7 CACHED

#8 exporting to image
#8 sha256:e8c613e07b0b7ff33893b694f7759a10d42e180f2b4dc349fb57dc6b71dcab00
#8 exporting layers done
#8 writing image sha256:9fc7b9856acc937b4a1d5919b41cf1f01b1c6340538e0574ee03f1a4bbcc1514 0.0s done
#8 naming to gcr.io/fuzzbench/builders/afl/rocksdb_rocksdb-intermediate 0.0s done
#8 DONE 0.6s

#9 exporting cache
#9 sha256:2700d4ef94dee473593c5c614b55b2dedcca7893909811a8f2b48291a1f581e4
#9 preparing build cache for export done
#9 DONE 0.0s
------
 > importing cache manifest from gcr.io/fuzzbench/builders/afl/rocksdb_rocksdb-intermediate:
------
#1 [internal] load build definition from Dockerfile
#1 sha256:c711a55b134aec7dd3a27740e7f0ee9cd1ab85429f6ec6fb079f7d1159462f5c
#1 transferring dockerfile: 2.00kB done
#1 DONE 0.1s

#2 [internal] load .dockerignore
#2 sha256:f1383a8283fff0df43ba112638ed4fbf48742ba26642355e7056c71f959b19c6
#2 transferring context: 34B done
#2 DONE 0.2s

#3 [internal] load metadata for docker.io/library/ubuntu:xenial
#3 sha256:f62bae18ed588840f045c881b2502661f2a89578a2f8f99b83f5200ee83dd25b
#3 DONE 0.0s

#4 importing cache manifest from gcr.io/fuzzbench/base-image
#4 sha256:9b220ebb4d4daceed1b96df9b6dca076e762f1cd612574f010b82d5b9e5ad896
#4 DONE 0.0s

#5 [1/7] FROM docker.io/library/ubuntu:xenial
#5 sha256:14dd403f25ae9e519bd44f27dc17af7ce80f5a4f9f48ca88108364e67ec5d360
#5 DONE 0.0s

#8 [internal] load build context
#8 sha256:cd149a707b6b6d4b3ad916f6f91c2918e3b401c7fd4c8af0cc50d5109e3a687e
#8 transferring context: 559B 0.0s done
#8 DONE 0.1s

#6 [2/7] RUN apt-get update -y && apt-get install -y     build-essential     rsync     curl     zlib1g-dev     libncurses5-dev     libgdbm-dev     libnss3-dev     libssl-dev     libreadline-dev     libffi-dev     virtualenv     libbz2-dev     liblzma-dev     libsqlite3-dev
#6 sha256:3a1b0960f17eed529eaae93dc8fd3554f2743dd584d8fa569cdbe6bc734371ac
#6 CACHED

#7 [3/7] RUN cd /tmp/ &&     curl -O https://www.python.org/ftp/python/3.8.6/Python-3.8.6.tar.xz &&     tar -xvf Python-3.8.6.tar.xz &&     cd Python-3.8.6 &&     ./configure --enable-loadable-sqlite-extensions --enable-optimizations &&     make -j install &&     rm -r /tmp/Python-3.8.6.tar.xz /tmp/Python-3.8.6
#7 sha256:c5b9d1fb3371e84dbc60b76e7b2f8d5913bc93bcd4910ab65daa03e7b2ec4bb0
#7 CACHED

#9 [4/7] COPY ./requirements.txt /
#9 sha256:533de120dc36b609b8bbed7c70a6089f73705835a96c89df1991c56ba7ec8cdd
#9 CACHED

#10 [5/7] RUN pip3 install -r /requirements.txt
#10 sha256:8540b9732ba94273db232aa747df1cb23de2c8c273baa60a4607ec9d828b6de4
#10 CACHED

#11 [6/7] RUN apt-get update -y && apt-get install -y     apt-transport-https     lsb-release
#11 sha256:49b1e22b1e6217960177eca49e452441d6522d47359bf5c2d37d2116f8e2aff9
#11 CACHED

#12 [7/7] RUN CLOUD_SDK_REPO="cloud-sdk-$(lsb_release -c -s)" &&     echo "deb https://packages.cloud.google.com/apt $CLOUD_SDK_REPO main"     | tee -a /etc/apt/sources.list.d/google-cloud-sdk.list &&     curl https://packages.cloud.google.com/apt/doc/apt-key.gpg     | apt-key add - &&     apt-get update -y &&     apt-get install -y google-cloud-sdk
#12 sha256:2bf1673f5a48ec1c887aa8a2ecad798b0f6891b4a8b7f6596e80d30cf8ad6d86
#12 CACHED

#13 exporting to image
#13 sha256:e8c613e07b0b7ff33893b694f7759a10d42e180f2b4dc349fb57dc6b71dcab00
#13 exporting layers done
#13 writing image sha256:139540fb22a119f888cb3e5ed6e013e8d868574697f5fb839e5da9e23de73e0a 0.0s done
#13 naming to gcr.io/fuzzbench/base-image done
#13 DONE 0.2s

#14 exporting cache
#14 sha256:2700d4ef94dee473593c5c614b55b2dedcca7893909811a8f2b48291a1f581e4
#14 preparing build cache for export done
#14 DONE 0.0s
#1 [internal] load build definition from Dockerfile
#1 sha256:c4c80823b0f3504b666ffeccc685f0e38c974ab18c689191c0d2140f58758e3f
#1 transferring dockerfile: 2.22kB done
#1 DONE 0.1s

#2 [internal] load .dockerignore
#2 sha256:0b71ecd45110f742be1992f0679aeb7a9d7c0838c1140042c0638eca97d71a12
#2 transferring context: 34B done
#2 DONE 0.1s

#4 [internal] load metadata for gcr.io/fuzzbench/base-image:latest
#4 sha256:932022888f650cc455b10eb5123bb08c0cccacac29a693e69314abbfd28a72c3
#4 DONE 0.0s

#3 [internal] load metadata for gcr.io/fuzzbench/builders/afl/rocksdb_rocksdb-intermediate:latest
#3 sha256:6db53196208ba6adae2351f9cb54b86c6a38dfb4084999d6c9d02217ce8e18d8
#3 DONE 0.0s

#12 [internal] load build context
#12 sha256:a77afc7926d1272b18cd0dbecc55d5f0b9ed51e49a67ec40e804a06178ee2bae
#12 DONE 0.0s

#7 [base-image 1/1] FROM gcr.io/fuzzbench/base-image
#7 sha256:4d07825694520f8b6f6a0d8592dbd345433361ae044cb7f06706c5a95e3daaad
#7 DONE 0.0s

#6 [stage-1  1/13] FROM gcr.io/fuzzbench/builders/afl/rocksdb_rocksdb-intermediate
#6 sha256:c156028fc2301c106e8d757cfe6d6c3e69797a11c54b776ad9fe111893f221e3
#6 DONE 0.0s

#5 importing cache manifest from gcr.io/fuzzbench/builders/afl/rocksdb_rocksdb
#5 sha256:f3ebd1404445f5401d818773598eb2f49ad6edebd38c9e2cbe624bb7417d502b
#5 ERROR: gcr.io/fuzzbench/builders/afl/rocksdb_rocksdb:latest: not found

#12 [internal] load build context
#12 sha256:a77afc7926d1272b18cd0dbecc55d5f0b9ed51e49a67ec40e804a06178ee2bae
#12 transferring context: 669.87kB 0.1s done
#12 DONE 0.2s

#13 [stage-1  6/13] COPY fuzzers /src/fuzzers
#13 sha256:ee298ca8232756596e5e27cd919a7fbc21a1e13fdb5692289d4ba15282b56cf8
#13 CACHED

#8 [stage-1  2/13] COPY --from=base-image /usr/local/bin/python3* /usr/local/bin/
#8 sha256:2bfe817ee5b2b59b940b62e29531f31730d1ec27b86b22f6e885a5a8dab239e2
#8 CACHED

#9 [stage-1  3/13] COPY --from=base-image /usr/local/lib/python3.8 /usr/local/lib/python3.8
#9 sha256:a96d24c2dcd0f50c8170f8f377e45522618e99e5cfcdc9010a8e85fb7869cec4
#9 CACHED

#10 [stage-1  4/13] COPY --from=base-image /usr/local/include/python3.8 /usr/local/include/python3.8
#10 sha256:9b6b31c72bb305cea8c1d8b537c8bd52d841c961be120ecf48ce778d787cecff
#10 CACHED

#11 [stage-1  5/13] COPY --from=base-image /usr/local/lib/python3.8/site-packages /usr/local/lib/python3.8/site-packages
#11 sha256:dcdcdcf5aa2875f10d62497de1b605a8241e34c459e760adb991b58f1a3c5c58
#11 CACHED

#14 [stage-1  7/13] RUN touch /src/__init__.py
#14 sha256:a6a0f7a92317442d17762fefc0402a3ea588b89e8b20b00c6ea9ed6722228922
#14 CACHED

#15 [stage-1  8/13] COPY benchmarks/rocksdb_rocksdb/benchmark.yaml /
#15 sha256:3d8f0f15bb1e0a8af6857001c09777ad64cf7b87cbc965bebb6c7fcd9012b5fc
#15 DONE 0.6s

#16 [stage-1  9/13] RUN mkdir /opt/fuzzbench/
#16 sha256:ed36acefc131ce6e3b1a80127809cdf81c443070aca675c4f7473f2bc077d9f2
#16 DONE 0.7s

#17 [stage-1 10/13] COPY docker/benchmark-builder/checkout_commit.py /opt/fuzzbench/
#17 sha256:0e4d62d7cfc4a63cd7c8fc6472e0b47150c6ff226f8c422b57b3451ad0b302c2
#17 DONE 0.3s

#18 [stage-1 11/13] RUN export CHECKOUT_COMMIT=$(cat /benchmark.yaml | tr -d ' ' | grep 'commit:' | cut -d ':' -f2) &&     python3 -u /opt/fuzzbench/checkout_commit.py $CHECKOUT_COMMIT /src
#18 sha256:a52f7c838ed6db7d898f9125794a13cbc3effce1549667b8ded5c0c6d2ea73a4
#18 0.476 Checking out commit 9cac273d
#18 1.892 From https://github.com/google/libprotobuf-mutator
#18 1.892  * [new tag]         v1.0       -> v1.0
#18 1.899 error: pathspec '9cac273d' did not match any file(s) known to git
#18 27.31 From https://github.com/facebook/rocksdb
#18 27.31  * [new tag]             1.5.7.fb     -> 1.5.7.fb
#18 27.31  * [new tag]             1.5.8.1.fb   -> 1.5.8.1.fb
#18 27.31  * [new tag]             1.5.8.2.fb   -> 1.5.8.2.fb
#18 27.31  * [new tag]             1.5.9.fb     -> 1.5.9.fb
#18 27.31  * [new tag]             2.0.fb       -> 2.0.fb
#18 27.31  * [new tag]             2.1.fb       -> 2.1.fb
#18 27.31  * [new tag]             2.2.fb       -> 2.2.fb
#18 27.31  * [new tag]             2.3.fb       -> 2.3.fb
#18 27.32  * [new tag]             2.4.fb       -> 2.4.fb
#18 27.32  * [new tag]             2.5.fb       -> 2.5.fb
#18 27.32  * [new tag]             2.6.fb       -> 2.6.fb
#18 27.32  * [new tag]             2.7.fb       -> 2.7.fb
#18 27.32  * [new tag]             2.8.fb       -> 2.8.fb
#18 27.32  * [new tag]             rocksdb-3.1  -> rocksdb-3.1
#18 27.32  * [new tag]             rocksdb-3.11 -> rocksdb-3.11
#18 27.32  * [new tag]             rocksdb-3.13 -> rocksdb-3.13
#18 27.32  * [new tag]             rocksdb-3.2  -> rocksdb-3.2
#18 27.32  * [new tag]             rocksdb-3.3  -> rocksdb-3.3
#18 27.32  * [new tag]             rocksdb-3.7  -> rocksdb-3.7
#18 27.32  * [new tag]             rocksdb-3.8  -> rocksdb-3.8
#18 27.32  * [new tag]             rocksdb-4.1  -> rocksdb-4.1
#18 27.32  * [new tag]             rocksdb-4.9  -> rocksdb-4.9
#18 27.32  * [new tag]             rocksdb-5.8  -> rocksdb-5.8
#18 27.32  * [new tag]             v1.5.7       -> v1.5.7
#18 27.32  * [new tag]             v1.5.8       -> v1.5.8
#18 27.32  * [new tag]             v1.5.8.1     -> v1.5.8.1
#18 27.32  * [new tag]             v1.5.8.2     -> v1.5.8.2
#18 27.32  * [new tag]             v1.5.9.1     -> v1.5.9.1
#18 27.32  * [new tag]             v2.0         -> v2.0
#18 27.32  * [new tag]             v2.1         -> v2.1
#18 27.32  * [new tag]             v2.2         -> v2.2
#18 27.32  * [new tag]             v2.3         -> v2.3
#18 27.32  * [new tag]             v2.4         -> v2.4
#18 27.32  * [new tag]             v2.5         -> v2.5
#18 27.32  * [new tag]             v2.6         -> v2.6
#18 27.32  * [new tag]             v2.7         -> v2.7
#18 27.32  * [new tag]             v2.8         -> v2.8
#18 27.32  * [new tag]             v3.0         -> v3.0
#18 27.32  * [new tag]             v3.1         -> v3.1
#18 27.32  * [new tag]             v3.10        -> v3.10
#18 27.33  * [new tag]             v3.11        -> v3.11
#18 27.33  * [new tag]             v3.13        -> v3.13
#18 27.33  * [new tag]             v3.2         -> v3.2
#18 27.33  * [new tag]             v3.3         -> v3.3
#18 27.33  * [new tag]             v3.4         -> v3.4
#18 27.33  * [new tag]             v3.5         -> v3.5
#18 27.33  * [new tag]             v3.6.1       -> v3.6.1
#18 27.33  * [new tag]             v3.7         -> v3.7
#18 27.33  * [new tag]             v3.8         -> v3.8
#18 27.33  * [new tag]             v3.9         -> v3.9
#18 27.33  * [new tag]             v4.9         -> v4.9
#18 27.33  * [new tag]             v5.7.1       -> v5.7.1
#18 27.33  * [new tag]             v5.8         -> v5.8
#18 27.33  * [new tag]             v6.26.0      -> v6.26.0
#18 27.34 error: pathspec '9cac273d' did not match any file(s) known to git
#18 27.34 error: pathspec '9cac273d' did not match any file(s) known to git
#18 27.35 error: pathspec '9cac273d' did not match any file(s) known to git
#18 27.43 error: pathspec '9cac273d' did not match any file(s) known to git
#18 27.44 error: pathspec '9cac273d' did not match any file(s) known to git
#18 27.46 error: pathspec '9cac273d' did not match any file(s) known to git
#18 27.46 error: pathspec '9cac273d' did not match any file(s) known to git
#18 27.47 error: pathspec '9cac273d' did not match any file(s) known to git
#18 27.47 error: pathspec '9cac273d' did not match any file(s) known to git
#18 27.50 Checkout unsuccessful.
#18 DONE 27.8s

#19 [stage-1 12/13] RUN echo "#!/bin/bash\nPYTHONPATH=/src python3 -u -c "from fuzzers import utils; utils.initialize_env(); from fuzzers.afl import fuzzer; fuzzer.build()"" > /usr/bin/fuzzer_build &&     chmod +x /usr/bin/fuzzer_build
#19 sha256:018e633995f363974955e44112049da1b0f0dcd3017d20d31989415286499d7d
#19 DONE 0.9s

#20 [stage-1 13/13] RUN echo "Run fuzzer_build to build the target" && if [ -z "$debug_builder" ] ; then fuzzer_build; fi
#20 sha256:32270196a168668a0a6aa29caaa02e1a9e4298cf4766060d6deef08fda09a372
#20 0.564 Run fuzzer_build to build the target
#20 0.693 FUZZ_TARGET = rocksdb
#20 0.693 CFLAGS = -DFUZZING_BUILD_MODE_UNSAFE_FOR_PRODUCTION -pthread -Wl,--no-as-needed -Wl,-ldl -Wl,-lm -Wno-unused-command-line-argument -O3
#20 0.693 CXXFLAGS = -DFUZZING_BUILD_MODE_UNSAFE_FOR_PRODUCTION -pthread -Wl,--no-as-needed -Wl,-ldl -Wl,-lm -Wno-unused-command-line-argument -stdlib=libc++ -O3
#20 0.703 Building benchmark rocksdb_rocksdb with fuzzer afl
#20 0.707 + cd /src/LPM
#20 0.707 + export PKG_CONFIG_PATH=/src/LPM:/src/LPM/external.protobuf/lib/pkgconfig/
#20 0.707 + PKG_CONFIG_PATH=/src/LPM:/src/LPM/external.protobuf/lib/pkgconfig/
#20 0.707 + export PATH=/src/LPM/external.protobuf/bin:/usr/local/sbin:/usr/local/bin:/usr/sbin:/usr/bin:/sbin:/bin:/out
#20 0.707 + PATH=/src/LPM/external.protobuf/bin:/usr/local/sbin:/usr/local/bin:/usr/sbin:/usr/bin:/sbin:/bin:/out
#20 0.707 + cd /src/rocksdb/fuzz
#20 0.707 + export FUZZ_ENV=ossfuzz
#20 0.707 + FUZZ_ENV=ossfuzz
#20 0.707 + export CC=clang++
#20 0.707 + CC=clang++
#20 0.707 + make db_fuzzer
#20 0.712 Makefile:8: /src/rocksdb/make_config.mk: No such file or directory
#20 0.712 make: *** No rule to make target '/src/rocksdb/make_config.mk'.  Stop.
#20 0.713 Traceback (most recent call last):
#20 0.713   File "<string>", line 1, in <module>
#20 0.713   File "/src/fuzzers/afl/fuzzer.py", line 40, in build
#20 0.714     utils.build_benchmark()
#20 0.714   File "/src/fuzzers/utils.py", line 82, in build_benchmark
#20 0.714     subprocess.check_call(['/bin/bash', '-ex', build_script], env=env)
#20 0.714   File "/usr/local/lib/python3.8/subprocess.py", line 364, in check_call
#20 0.715     raise CalledProcessError(retcode, cmd)
#20 0.715 subprocess.CalledProcessError: Command '['/bin/bash', '-ex', '/src/build.sh']' returned non-zero exit status 2.
#20 ERROR: executor failed running [/bin/sh -c echo "Run fuzzer_build to build the target" && if [ -z "$debug_builder" ] ; then fuzzer_build; fi]: exit code: 1
------
 > importing cache manifest from gcr.io/fuzzbench/builders/afl/rocksdb_rocksdb:
------
------
 > [stage-1 13/13] RUN echo "Run fuzzer_build to build the target" && if [ -z "$debug_builder" ] ; then fuzzer_build; fi:
------
executor failed running [/bin/sh -c echo "Run fuzzer_build to build the target" && if [ -z "$debug_builder" ] ; then fuzzer_build; fi]: exit code: 1
make: *** [docker/generated.mk:2755520: .afl-rocksdb_rocksdb-builder] Error 1
/bin/sh: 1: source: not found
#1 [internal] load build definition from Dockerfile
#1 sha256:bee5107041cd2f499bb5e499baa6a4c4de18d754ff178e3815371da4e9a6bcfc
#1 transferring dockerfile:
#1 transferring dockerfile: 32B done
#1 DONE 0.4s

#2 [internal] load .dockerignore
#2 sha256:0779e4c222605a9fe5bae8680bddd211d0768e7f632b8c2bbb4ff7e903f525fb
#2 transferring context: 2B done
#2 DONE 0.5s

#3 [internal] load metadata for gcr.io/oss-fuzz-base/base-builder:latest
#3 sha256:f10dc39cc9d418a5bc416dead31a1902b6821fdae909cd3b08f7a3fd1faba7b5
#3 DONE 0.7s

#5 [1/7] FROM gcr.io/oss-fuzz-base/base-builder@sha256:4ad017ca53699eda684c1c444948c93a4af848fe34baee3a765d3c4693fe6a56
#5 sha256:3f10b3978a3951f6e2692fa5e5890ee5a755650381dedece7198ed0b1dcdaa8c
#5 DONE 0.0s

#4 importing cache manifest from gcr.io/fuzzbench/builders/benchmark/rocksdb_rocksdb
#4 sha256:2c8139e9f5734f436e766d0d57957ffc22edfff520e41d1e2dc1248e4accb8fd
#4 DONE 0.0s

#11 [internal] load build context
#11 sha256:1621928189358d55b09205151ecbb93842ff8354862fcd57726aad33eb681ae8
#11 transferring context: 30B done
#11 DONE 0.1s

#10 [6/7] RUN (mkdir LPM && cd LPM && cmake ../libprotobuf-mutator -GNinja -DLIB_PROTO_MUTATOR_DOWNLOAD_PROTOBUF=ON -DLIB_PROTO_MUTATOR_TESTING=OFF -DCMAKE_BUILD_TYPE=Release && ninja && ninja install)
#10 sha256:8708fbe1c631ad07874a8f6b7d5e3031bcb04a4ec1171147b9c693fe4d802322
#10 CACHED

#6 [2/7] RUN apt-get update && apt-get install -y make autoconf automake libtool gettext pkg-config build-essential zlib1g-dev libbz2-dev cmake ninja-build liblzma-dev libtool autoconf
#6 sha256:b6b53ffe96133e0a67c4a345ae6d65fdb9f162cc2882b90120b03cdb262e49ee
#6 CACHED

#7 [3/7] RUN git clone --depth 1 https://github.com/facebook/rocksdb
#7 sha256:a2c74e4da43e8ff3c2165540921c1d2b4a46d973002fd9a361ce963844869a51
#7 CACHED

#8 [4/7] WORKDIR /src/
#8 sha256:8344852cdf12f5c7ffd01001d5f5fccdf10280787644228803b05153fa5b0563
#8 CACHED

#9 [5/7] RUN git clone --depth 1 https://github.com/google/libprotobuf-mutator.git
#9 sha256:f879de86773b50fc9e38c4fa36877dd52828d5c5026f145ba1dd4bb08b31707e
#9 CACHED

#12 [7/7] COPY build.sh /src/
#12 sha256:c0e9c252845a69dbbd55397eb0da5557d09467ead96a4f5bff59f639addbb4f9
#12 CACHED

#13 exporting to image
#13 sha256:e8c613e07b0b7ff33893b694f7759a10d42e180f2b4dc349fb57dc6b71dcab00
#13 exporting layers done
#13 writing image sha256:bcde7be54c230ee9dbf599101d178fe7441b7b77909313864a865fbfb6117008 0.0s done
#13 naming to gcr.io/fuzzbench/builders/benchmark/rocksdb_rocksdb done
#13 DONE 0.4s

#14 exporting cache
#14 sha256:2700d4ef94dee473593c5c614b55b2dedcca7893909811a8f2b48291a1f581e4
#14 preparing build cache for export
#14 preparing build cache for export done
#14 DONE 0.0s
#1 [internal] load build definition from builder.Dockerfile
#1 sha256:15200383bf7e108fbf015d12df72cdb647afb849d2424d1ca29387a1e0287271
#1 transferring dockerfile: 46B done
#1 DONE 0.1s

#2 [internal] load .dockerignore
#2 sha256:cf4dcaceee87ffd589fba0f0c45cedf8609188c9ba159eb954e7d250a31a326e
#2 transferring context: 2B done
#2 DONE 0.1s

#3 [internal] load metadata for gcr.io/fuzzbench/builders/benchmark/rocksdb_rocksdb:latest
#3 sha256:d4be57ef17896c841526e10eaf5d49dde8cd607898d61622e04147fdca1707ff
#3 DONE 0.0s

#4 importing cache manifest from gcr.io/fuzzbench/builders/afl/rocksdb_rocksdb-intermediate
#4 sha256:d5ccd24bc8530a7911accbff210be4c70edf31bef22e3e56efd14cbdc07db0b0
#4 DONE 0.0s

#5 [1/3] FROM gcr.io/fuzzbench/builders/benchmark/rocksdb_rocksdb
#5 sha256:f8b4a51329b6fae22483750363ec80d43de0e10c94ed8d343560e996ee863e21
#5 DONE 0.0s

#6 [2/3] RUN git clone https://github.com/google/AFL.git /afl &&     cd /afl &&     git checkout 61037103ae3722c8060ff7082994836a794f978e &&     AFL_NO_X86=1 make
#6 sha256:d5b03ffe610285426937f80c0bb2bd2089b419d3bb0538c5118e84eaa99b68f3
#6 CACHED

#7 [3/3] RUN apt-get update &&     apt-get install wget -y &&     wget https://raw.githubusercontent.com/llvm/llvm-project/5feb80e748924606531ba28c97fe65145c65372e/compiler-rt/lib/fuzzer/afl/afl_driver.cpp -O /afl/afl_driver.cpp &&     clang -Wno-pointer-sign -c /afl/llvm_mode/afl-llvm-rt.o.c -I/afl &&     clang++ -stdlib=libc++ -std=c++11 -O2 -c /afl/afl_driver.cpp &&     ar r /libAFL.a *.o
#7 sha256:b5176ce1bf6eec9ba8243bcf3ad06b5098eb959af64f32ad2e4ffe6ae1e4cda8
#7 CACHED

#8 exporting to image
#8 sha256:e8c613e07b0b7ff33893b694f7759a10d42e180f2b4dc349fb57dc6b71dcab00
#8 exporting layers done
#8 writing image sha256:9fc7b9856acc937b4a1d5919b41cf1f01b1c6340538e0574ee03f1a4bbcc1514
#8 writing image sha256:9fc7b9856acc937b4a1d5919b41cf1f01b1c6340538e0574ee03f1a4bbcc1514 0.0s done
#8 naming to gcr.io/fuzzbench/builders/afl/rocksdb_rocksdb-intermediate done
#8 DONE 0.4s

#9 exporting cache
#9 sha256:2700d4ef94dee473593c5c614b55b2dedcca7893909811a8f2b48291a1f581e4
#9 preparing build cache for export done
#9 DONE 0.0s
#2 [internal] load .dockerignore
#2 sha256:7447e8c773aaffd56e5d2a8726f46d087a022953797c0211ac6a00fcee03b30f
#2 transferring context: 34B done
#2 DONE 0.2s

#1 [internal] load build definition from Dockerfile
#1 sha256:f25b1316968b139da15337bf71c68891b0b3cb2b1b7324d5b83706dd90ca5951
#1 transferring dockerfile: 2.00kB done
#1 DONE 0.2s

#3 [internal] load metadata for docker.io/library/ubuntu:xenial
#3 sha256:f62bae18ed588840f045c881b2502661f2a89578a2f8f99b83f5200ee83dd25b
#3 DONE 0.0s

#5 [1/7] FROM docker.io/library/ubuntu:xenial
#5 sha256:14dd403f25ae9e519bd44f27dc17af7ce80f5a4f9f48ca88108364e67ec5d360
#5 DONE 0.0s

#4 importing cache manifest from gcr.io/fuzzbench/base-image
#4 sha256:9b220ebb4d4daceed1b96df9b6dca076e762f1cd612574f010b82d5b9e5ad896
#4 DONE 0.0s

#8 [internal] load build context
#8 sha256:2c1fb7605ffb1062839a43dba78b8e14b389f516ccb5187754e75023bf17d3b1
#8 transferring context: 559B 0.0s done
#8 DONE 0.1s

#10 [5/7] RUN pip3 install -r /requirements.txt
#10 sha256:03253e5346c0005d5cca4a5a7a1ebacc52e823eeb39174a934827dd5058ff6e8
#10 CACHED

#11 [6/7] RUN apt-get update -y && apt-get install -y     apt-transport-https     lsb-release
#11 sha256:727e1077d4d014662a6d7b39b1ff60c94f254ae03bcba0c4d1300781c119993c
#11 CACHED

#6 [2/7] RUN apt-get update -y && apt-get install -y     build-essential     rsync     curl     zlib1g-dev     libncurses5-dev     libgdbm-dev     libnss3-dev     libssl-dev     libreadline-dev     libffi-dev     virtualenv     libbz2-dev     liblzma-dev     libsqlite3-dev
#6 sha256:3a1b0960f17eed529eaae93dc8fd3554f2743dd584d8fa569cdbe6bc734371ac
#6 CACHED

#7 [3/7] RUN cd /tmp/ &&     curl -O https://www.python.org/ftp/python/3.8.6/Python-3.8.6.tar.xz &&     tar -xvf Python-3.8.6.tar.xz &&     cd Python-3.8.6 &&     ./configure --enable-loadable-sqlite-extensions --enable-optimizations &&     make -j install &&     rm -r /tmp/Python-3.8.6.tar.xz /tmp/Python-3.8.6
#7 sha256:c5b9d1fb3371e84dbc60b76e7b2f8d5913bc93bcd4910ab65daa03e7b2ec4bb0
#7 CACHED

#9 [4/7] COPY ./requirements.txt /
#9 sha256:7848999c7a5556acb2155581466400686ea35600e2f4783d610f4239d3b115da
#9 CACHED

#12 [7/7] RUN CLOUD_SDK_REPO="cloud-sdk-$(lsb_release -c -s)" &&     echo "deb https://packages.cloud.google.com/apt $CLOUD_SDK_REPO main"     | tee -a /etc/apt/sources.list.d/google-cloud-sdk.list &&     curl https://packages.cloud.google.com/apt/doc/apt-key.gpg     | apt-key add - &&     apt-get update -y &&     apt-get install -y google-cloud-sdk
#12 sha256:7c4bf55ab95b8bc6d7f6118ca8ffe35fd2f272be2ac7c9cdc75ec8e28915c7a7
#12 CACHED

#13 exporting to image
#13 sha256:e8c613e07b0b7ff33893b694f7759a10d42e180f2b4dc349fb57dc6b71dcab00
#13 exporting layers done
#13 writing image sha256:139540fb22a119f888cb3e5ed6e013e8d868574697f5fb839e5da9e23de73e0a
#13 writing image sha256:139540fb22a119f888cb3e5ed6e013e8d868574697f5fb839e5da9e23de73e0a 0.0s done
#13 naming to gcr.io/fuzzbench/base-image done
#13 DONE 0.1s

#14 exporting cache
#14 sha256:2700d4ef94dee473593c5c614b55b2dedcca7893909811a8f2b48291a1f581e4
#14 preparing build cache for export done
#14 DONE 0.0s
#1 [internal] load build definition from Dockerfile
#1 sha256:4daaa1be9b318a9397aef79867b05a584a0a8c90f27262ccfdf2c32404dacdb2
#1 transferring dockerfile: 2.22kB done
#1 DONE 0.1s

#2 [internal] load .dockerignore
#2 sha256:115a7463d6c61fd0f2d5f90828a9d7b0dcb915900bd78e385c8cc8874aab46e4
#2 transferring context: 34B done
#2 DONE 0.1s

#3 [internal] load metadata for gcr.io/fuzzbench/base-image:latest
#3 sha256:932022888f650cc455b10eb5123bb08c0cccacac29a693e69314abbfd28a72c3
#3 DONE 0.0s

#4 [internal] load metadata for gcr.io/fuzzbench/builders/afl/rocksdb_rocksdb-intermediate:latest
#4 sha256:6db53196208ba6adae2351f9cb54b86c6a38dfb4084999d6c9d02217ce8e18d8
#4 DONE 0.0s

#12 [internal] load build context
#12 sha256:3e54c975c7cb63910dd5b991d667d635b208ee55b5588958ad6326dea4b6f8dd
#12 DONE 0.0s

#7 [base-image 1/1] FROM gcr.io/fuzzbench/base-image
#7 sha256:4d07825694520f8b6f6a0d8592dbd345433361ae044cb7f06706c5a95e3daaad
#7 DONE 0.0s

#6 [stage-1  1/13] FROM gcr.io/fuzzbench/builders/afl/rocksdb_rocksdb-intermediate
#6 sha256:c156028fc2301c106e8d757cfe6d6c3e69797a11c54b776ad9fe111893f221e3
#6 DONE 0.0s

#5 importing cache manifest from gcr.io/fuzzbench/builders/afl/rocksdb_rocksdb
#5 sha256:f3ebd1404445f5401d818773598eb2f49ad6edebd38c9e2cbe624bb7417d502b
#5 ERROR: gcr.io/fuzzbench/builders/afl/rocksdb_rocksdb:latest: not found

#12 [internal] load build context
#12 sha256:3e54c975c7cb63910dd5b991d667d635b208ee55b5588958ad6326dea4b6f8dd
#12 transferring context: 669.87kB 0.1s done
#12 DONE 0.1s

#11 [stage-1  5/13] COPY --from=base-image /usr/local/lib/python3.8/site-packages /usr/local/lib/python3.8/site-packages
#11 sha256:dcdcdcf5aa2875f10d62497de1b605a8241e34c459e760adb991b58f1a3c5c58
#11 CACHED

#13 [stage-1  6/13] COPY fuzzers /src/fuzzers
#13 sha256:50dcb14eab811fc038b6a97b1504ad5c8bb8c996aa512c63e8fb04ad46f6ffb6
#13 CACHED

#15 [stage-1  8/13] COPY benchmarks/rocksdb_rocksdb/benchmark.yaml /
#15 sha256:e52771ce041cdbdc28cec114c1a8d90c12039284864c55c1f7f5fbf36ec582be
#15 CACHED

#17 [stage-1 10/13] COPY docker/benchmark-builder/checkout_commit.py /opt/fuzzbench/
#17 sha256:e0f33a5565b736fd5dab8f028e99f6a78c941072377e48b5933c2193bda2c30f
#17 CACHED

#14 [stage-1  7/13] RUN touch /src/__init__.py
#14 sha256:8d61a9f7a9007286a853d0a88d8d9c48f4deffeff66d4d624d8913be4d2ec921
#14 CACHED

#9 [stage-1  3/13] COPY --from=base-image /usr/local/lib/python3.8 /usr/local/lib/python3.8
#9 sha256:a96d24c2dcd0f50c8170f8f377e45522618e99e5cfcdc9010a8e85fb7869cec4
#9 CACHED

#8 [stage-1  2/13] COPY --from=base-image /usr/local/bin/python3* /usr/local/bin/
#8 sha256:2bfe817ee5b2b59b940b62e29531f31730d1ec27b86b22f6e885a5a8dab239e2
#8 CACHED

#16 [stage-1  9/13] RUN mkdir /opt/fuzzbench/
#16 sha256:754a453a057844090f9fa3dd3b3350be19a2fed5c943fa011bbaad0068ffefb0
#16 CACHED

#18 [stage-1 11/13] RUN export CHECKOUT_COMMIT=$(cat /benchmark.yaml | tr -d ' ' | grep 'commit:' | cut -d ':' -f2) &&     python3 -u /opt/fuzzbench/checkout_commit.py $CHECKOUT_COMMIT /src
#18 sha256:31b1d601b85b2b1a13df9901e22b6a047ac59a6dfde3f61c665efc58da3733f2
#18 CACHED

#10 [stage-1  4/13] COPY --from=base-image /usr/local/include/python3.8 /usr/local/include/python3.8
#10 sha256:9b6b31c72bb305cea8c1d8b537c8bd52d841c961be120ecf48ce778d787cecff
#10 CACHED

#19 [stage-1 12/13] RUN echo "#!/bin/bash\nPYTHONPATH=/src python3 -u -c "from fuzzers import utils; utils.initialize_env(); from fuzzers.afl import fuzzer; fuzzer.build()"" > /usr/bin/fuzzer_build &&     chmod +x /usr/bin/fuzzer_build
#19 sha256:cdd9bb1f2b105e31be29896ea82258445941d65a42aee63fbd1de090dea905a4
#19 CACHED

#20 [stage-1 13/13] RUN echo "Run fuzzer_build to build the target" && if [ -z "$debug_builder" ] ; then fuzzer_build; fi
#20 sha256:cf0344e3b8994031d9544dd93dffe84ae66f59892bdc08e47706ca63bc249f36
#20 0.406 Run fuzzer_build to build the target
#20 0.516 FUZZ_TARGET = rocksdb
#20 0.516 CFLAGS = -DFUZZING_BUILD_MODE_UNSAFE_FOR_PRODUCTION -pthread -Wl,--no-as-needed -Wl,-ldl -Wl,-lm -Wno-unused-command-line-argument -O3
#20 0.516 CXXFLAGS = -DFUZZING_BUILD_MODE_UNSAFE_FOR_PRODUCTION -pthread -Wl,--no-as-needed -Wl,-ldl -Wl,-lm -Wno-unused-command-line-argument -stdlib=libc++ -O3
#20 0.521 Building benchmark rocksdb_rocksdb with fuzzer afl
#20 0.524 + cd /src/LPM
#20 0.524 + export PKG_CONFIG_PATH=/src/LPM:/src/LPM/external.protobuf/lib/pkgconfig/
#20 0.524 + PKG_CONFIG_PATH=/src/LPM:/src/LPM/external.protobuf/lib/pkgconfig/
#20 0.524 + export PATH=/src/LPM/external.protobuf/bin:/usr/local/sbin:/usr/local/bin:/usr/sbin:/usr/bin:/sbin:/bin:/out
#20 0.525 + PATH=/src/LPM/external.protobuf/bin:/usr/local/sbin:/usr/local/bin:/usr/sbin:/usr/bin:/sbin:/bin:/out
#20 0.525 + cd /src/rocksdb/fuzz
#20 0.525 + export FUZZ_ENV=ossfuzz
#20 0.525 + FUZZ_ENV=ossfuzz
#20 0.525 + export CC=clang++
#20 0.525 + CC=clang++
#20 0.525 + make db_fuzzer
#20 0.528 Makefile:8: /src/rocksdb/make_config.mk: No such file or directory
#20 0.528 make: *** No rule to make target '/src/rocksdb/make_config.mk'.  Stop.
#20 0.528 Traceback (most recent call last):
#20 0.528   File "<string>", line 1, in <module>
#20 0.528   File "/src/fuzzers/afl/fuzzer.py", line 40, in build
#20 0.528     utils.build_benchmark()
#20 0.528   File "/src/fuzzers/utils.py", line 82, in build_benchmark
#20 0.529     subprocess.check_call(['/bin/bash', '-ex', build_script], env=env)
#20 0.529   File "/usr/local/lib/python3.8/subprocess.py", line 364, in check_call
#20 0.529     raise CalledProcessError(retcode, cmd)
#20 0.529 subprocess.CalledProcessError: Command '['/bin/bash', '-ex', '/src/build.sh']' returned non-zero exit status 2.
#20 ERROR: executor failed running [/bin/sh -c echo "Run fuzzer_build to build the target" && if [ -z "$debug_builder" ] ; then fuzzer_build; fi]: exit code: 1
------
 > importing cache manifest from gcr.io/fuzzbench/builders/afl/rocksdb_rocksdb:
------
------
 > [stage-1 13/13] RUN echo "Run fuzzer_build to build the target" && if [ -z "$debug_builder" ] ; then fuzzer_build; fi:
------
executor failed running [/bin/sh -c echo "Run fuzzer_build to build the target" && if [ -z "$debug_builder" ] ; then fuzzer_build; fi]: exit code: 1
make: *** [docker/generated.mk:2755520: .afl-rocksdb_rocksdb-builder] Error 1
