WARNING:root:gcloud not found in PATH.
INFO:root:Successfully integrated benchmark: powerdns_powerdns.
INFO:root:Please run "make test-run-afl-powerdns_powerdns" to test integration.
#1 [internal] load build definition from Dockerfile
#1 sha256:dc57f17f139d18bb11a899f192d3303d202440a68577fb4ef905be15368cbb31
#1 transferring dockerfile:
#1 transferring dockerfile: 1.33kB done
#1 DONE 0.2s

#2 [internal] load .dockerignore
#2 sha256:8b0540feef2f96c7ccb287b569e606a3e25de8cd1e4fc522e49f0f3e22b48c0b
#2 transferring context: 2B done
#2 DONE 0.2s

#3 [internal] load metadata for gcr.io/oss-fuzz-base/base-builder:latest
#3 sha256:f10dc39cc9d418a5bc416dead31a1902b6821fdae909cd3b08f7a3fd1faba7b5
#3 DONE 0.4s

#9 [internal] load build context
#9 sha256:4d55ebceb772cdcc602553ed110105e91053bea1d473fdebc8da1095cd1ce7de
#9 DONE 0.0s

#5 [1/5] FROM gcr.io/oss-fuzz-base/base-builder@sha256:f4e5ea12494fab091c5d830cf803b3421f2860f729b9d1b07da44924396cf8cf
#5 sha256:ef290950573a2779ee526af357b28fbddfc20d7409aa51f58f777c9e972cba29
#5 DONE 0.0s

#4 importing cache manifest from gcr.io/fuzzbench/builders/benchmark/powerdns_powerdns
#4 sha256:fa4ad251623579eb8be117c9858447f45614f2277d5dc70da96f09534eb00816
#4 ERROR: gcr.io/fuzzbench/builders/benchmark/powerdns_powerdns:latest: not found

#5 [1/5] FROM gcr.io/oss-fuzz-base/base-builder@sha256:f4e5ea12494fab091c5d830cf803b3421f2860f729b9d1b07da44924396cf8cf
#5 sha256:ef290950573a2779ee526af357b28fbddfc20d7409aa51f58f777c9e972cba29
#5 CACHED

#9 [internal] load build context
#9 sha256:4d55ebceb772cdcc602553ed110105e91053bea1d473fdebc8da1095cd1ce7de
#9 transferring context: 2.11kB done
#9 DONE 0.2s

#6 [2/5] RUN apt-get update && apt-get install -y autoconf automake bison dh-autoreconf flex libboost-all-dev libluajit-5.1-dev libedit-dev libprotobuf-dev libssl-dev libtool make pkg-config protobuf-compiler ragel
#6 sha256:a4511c2738063aecaf0b3f4d7b5994d38907f03af4381f9ba90db2273610ca76
#6 0.616 Hit:1 http://ppa.launchpad.net/git-core/ppa/ubuntu focal InRelease
#6 0.616 Hit:2 http://archive.ubuntu.com/ubuntu focal InRelease
#6 0.616 Get:3 http://security.ubuntu.com/ubuntu focal-security InRelease [114 kB]
#6 0.618 Get:4 http://archive.ubuntu.com/ubuntu focal-updates InRelease [114 kB]
#6 0.719 Get:5 http://archive.ubuntu.com/ubuntu focal-backports InRelease [108 kB]
#6 1.145 Get:6 http://security.ubuntu.com/ubuntu focal-security/universe amd64 Packages [840 kB]
#6 1.261 Get:7 http://security.ubuntu.com/ubuntu focal-security/main amd64 Packages [1546 kB]
#6 1.396 Get:8 http://archive.ubuntu.com/ubuntu focal-updates/universe i386 Packages [827 kB]
#6 1.467 Get:9 http://security.ubuntu.com/ubuntu focal-security/main i386 Packages [464 kB]
#6 1.525 Get:10 http://security.ubuntu.com/ubuntu focal-security/universe i386 Packages [657 kB]
#6 1.739 Get:11 http://archive.ubuntu.com/ubuntu focal-updates/universe amd64 Packages [1134 kB]
#6 1.907 Get:12 http://archive.ubuntu.com/ubuntu focal-updates/main i386 Packages [752 kB]
#6 1.962 Get:13 http://archive.ubuntu.com/ubuntu focal-updates/main amd64 Packages [1973 kB]
#6 2.338 Fetched 8529 kB in 2s (4872 kB/s)
#6 2.338 Reading package lists...
#6 3.976 Reading package lists...
#6 5.395 Building dependency tree...
#6 5.607 Reading state information...
#6 5.829 make is already the newest version (4.2.1-1.2).
#6 5.829 make set to manually installed.
#6 5.829 The following additional packages will be installed:
#6 5.829   autopoint autotools-dev bsdmainutils cpp-8 debhelper dh-strip-nondeterminism
#6 5.830   dwz gcc-8 gcc-8-base gettext gettext-base gfortran gfortran-8 gfortran-9
#6 5.830   groff-base ibverbs-providers icu-devtools intltool-debian
#6 5.830   libarchive-cpio-perl libarchive-zip-perl libboost-atomic-dev
#6 5.830   libboost-atomic1.71-dev libboost-atomic1.71.0 libboost-chrono-dev
#6 5.830   libboost-chrono1.71-dev libboost-chrono1.71.0 libboost-container-dev
#6 5.830   libboost-container1.71-dev libboost-container1.71.0 libboost-context-dev
#6 5.830   libboost-context1.71-dev libboost-context1.71.0 libboost-coroutine-dev
#6 5.830   libboost-coroutine1.71-dev libboost-coroutine1.71.0 libboost-date-time-dev
#6 5.830   libboost-date-time1.71-dev libboost-date-time1.71.0 libboost-dev
#6 5.830   libboost-exception-dev libboost-exception1.71-dev libboost-fiber-dev
#6 5.830   libboost-fiber1.71-dev libboost-fiber1.71.0 libboost-filesystem-dev
#6 5.830   libboost-filesystem1.71-dev libboost-filesystem1.71.0 libboost-graph-dev
#6 5.830   libboost-graph-parallel-dev libboost-graph-parallel1.71-dev
#6 5.830   libboost-graph-parallel1.71.0 libboost-graph1.71-dev libboost-graph1.71.0
#6 5.830   libboost-iostreams-dev libboost-iostreams1.71-dev libboost-iostreams1.71.0
#6 5.830   libboost-locale-dev libboost-locale1.71-dev libboost-locale1.71.0
#6 5.830   libboost-log-dev libboost-log1.71-dev libboost-log1.71.0 libboost-math-dev
#6 5.830   libboost-math1.71-dev libboost-math1.71.0 libboost-mpi-dev
#6 5.830   libboost-mpi-python-dev libboost-mpi-python1.71-dev
#6 5.830   libboost-mpi-python1.71.0 libboost-mpi1.71-dev libboost-mpi1.71.0
#6 5.830   libboost-numpy-dev libboost-numpy1.71-dev libboost-numpy1.71.0
#6 5.830   libboost-program-options-dev libboost-program-options1.71-dev
#6 5.830   libboost-program-options1.71.0 libboost-python-dev libboost-python1.71-dev
#6 5.830   libboost-python1.71.0 libboost-random-dev libboost-random1.71-dev
#6 5.830   libboost-random1.71.0 libboost-regex-dev libboost-regex1.71-dev
#6 5.830   libboost-regex1.71.0 libboost-serialization-dev
#6 5.830   libboost-serialization1.71-dev libboost-serialization1.71.0
#6 5.830   libboost-stacktrace-dev libboost-stacktrace1.71-dev
#6 5.830   libboost-stacktrace1.71.0 libboost-system-dev libboost-system1.71-dev
#6 5.830   libboost-system1.71.0 libboost-test-dev libboost-test1.71-dev
#6 5.830   libboost-test1.71.0 libboost-thread-dev libboost-thread1.71-dev
#6 5.830   libboost-thread1.71.0 libboost-timer-dev libboost-timer1.71-dev
#6 5.830   libboost-timer1.71.0 libboost-tools-dev libboost-type-erasure-dev
#6 5.830   libboost-type-erasure1.71-dev libboost-type-erasure1.71.0 libboost-wave-dev
#6 5.830   libboost-wave1.71-dev libboost-wave1.71.0 libboost1.71-dev
#6 5.830   libboost1.71-tools-dev libbsd-dev libcaf-openmpi-3 libcoarrays-dev
#6 5.830   libcoarrays-openmpi-dev libcroco3 libdebhelper-perl libevent-2.1-7
#6 5.830   libevent-core-2.1-7 libevent-dev libevent-extra-2.1-7 libevent-openssl-2.1-7
#6 5.830   libevent-pthreads-2.1-7 libexpat1-dev libfabric1
#6 5.830   libfile-stripnondeterminism-perl libfl-dev libfl2 libgcc-8-dev
#6 5.830   libgfortran-8-dev libgfortran-9-dev libgfortran5 libhwloc-dev
#6 5.830   libhwloc-plugins libhwloc15 libibverbs-dev libibverbs1 libicu-dev
#6 5.830   libltdl-dev libltdl7 libluajit-5.1-2 libluajit-5.1-common
#6 5.830   libmail-sendmail-perl libmpx2 libncurses-dev libnl-3-200 libnl-3-dev
#6 5.830   libnl-route-3-200 libnl-route-3-dev libnuma-dev libnuma1 libopenmpi-dev
#6 5.830   libopenmpi3 libpciaccess0 libpipeline1 libpmix2 libprotobuf-lite17
#6 5.830   libprotobuf17 libprotoc17 libpsm-infinipath1 libpsm2-2 libpython3-dev
#6 5.832   libpython3.8 libpython3.8-dev librdmacm1 libsigsegv2 libsub-override-perl
#6 5.832   libsys-hostname-long-perl libuchardet0 libxnvctrl0 m4 man-db mpi-default-bin
#6 5.832   mpi-default-dev ocl-icd-libopencl1 openmpi-bin openmpi-common po-debconf
#6 5.832   python3-dev python3-distutils python3-lib2to3 python3.8-dev zlib1g-dev
#6 5.835 Suggested packages:
#6 5.835   autoconf-archive gnu-standards autoconf-doc bison-doc wamerican | wordlist
#6 5.835   whois vacation gcc-8-locales dh-make flex-doc gcc-8-multilib gcc-8-doc
#6 5.835   gettext-doc libasprintf-dev libgettextpo-dev gfortran-multilib gfortran-doc
#6 5.835   gfortran-8-multilib gfortran-8-doc gfortran-9-multilib gfortran-9-doc groff
#6 5.835   libboost-doc graphviz libboost1.71-doc gccxml libboost-contract1.71-dev
#6 5.835   libmpfrc++-dev libntl-dev xsltproc doxygen docbook-xml docbook-xsl
#6 5.835   default-jdk fop libhwloc-contrib-plugins icu-doc libtool-doc ncurses-doc
#6 5.835   openmpi-doc pciutils libssl-doc gcj-jdk m4-doc apparmor www-browser
#6 5.835   opencl-icd libmail-box-perl
#6 6.681 The following NEW packages will be installed:
#6 6.681   autoconf automake autopoint autotools-dev bison bsdmainutils cpp-8 debhelper
#6 6.681   dh-autoreconf dh-strip-nondeterminism dwz flex gcc-8 gcc-8-base gettext
#6 6.681   gettext-base gfortran gfortran-8 gfortran-9 groff-base ibverbs-providers
#6 6.682   icu-devtools intltool-debian libarchive-cpio-perl libarchive-zip-perl
#6 6.682   libboost-all-dev libboost-atomic-dev libboost-atomic1.71-dev
#6 6.682   libboost-atomic1.71.0 libboost-chrono-dev libboost-chrono1.71-dev
#6 6.682   libboost-chrono1.71.0 libboost-container-dev libboost-container1.71-dev
#6 6.682   libboost-container1.71.0 libboost-context-dev libboost-context1.71-dev
#6 6.682   libboost-context1.71.0 libboost-coroutine-dev libboost-coroutine1.71-dev
#6 6.682   libboost-coroutine1.71.0 libboost-date-time-dev libboost-date-time1.71-dev
#6 6.682   libboost-date-time1.71.0 libboost-dev libboost-exception-dev
#6 6.682   libboost-exception1.71-dev libboost-fiber-dev libboost-fiber1.71-dev
#6 6.682   libboost-fiber1.71.0 libboost-filesystem-dev libboost-filesystem1.71-dev
#6 6.682   libboost-filesystem1.71.0 libboost-graph-dev libboost-graph-parallel-dev
#6 6.682   libboost-graph-parallel1.71-dev libboost-graph-parallel1.71.0
#6 6.682   libboost-graph1.71-dev libboost-graph1.71.0 libboost-iostreams-dev
#6 6.682   libboost-iostreams1.71-dev libboost-iostreams1.71.0 libboost-locale-dev
#6 6.682   libboost-locale1.71-dev libboost-locale1.71.0 libboost-log-dev
#6 6.682   libboost-log1.71-dev libboost-log1.71.0 libboost-math-dev
#6 6.682   libboost-math1.71-dev libboost-math1.71.0 libboost-mpi-dev
#6 6.682   libboost-mpi-python-dev libboost-mpi-python1.71-dev
#6 6.682   libboost-mpi-python1.71.0 libboost-mpi1.71-dev libboost-mpi1.71.0
#6 6.682   libboost-numpy-dev libboost-numpy1.71-dev libboost-numpy1.71.0
#6 6.682   libboost-program-options-dev libboost-program-options1.71-dev
#6 6.682   libboost-program-options1.71.0 libboost-python-dev libboost-python1.71-dev
#6 6.682   libboost-python1.71.0 libboost-random-dev libboost-random1.71-dev
#6 6.682   libboost-random1.71.0 libboost-regex-dev libboost-regex1.71-dev
#6 6.682   libboost-regex1.71.0 libboost-serialization-dev
#6 6.682   libboost-serialization1.71-dev libboost-serialization1.71.0
#6 6.682   libboost-stacktrace-dev libboost-stacktrace1.71-dev
#6 6.682   libboost-stacktrace1.71.0 libboost-system-dev libboost-system1.71-dev
#6 6.682   libboost-system1.71.0 libboost-test-dev libboost-test1.71-dev
#6 6.682   libboost-test1.71.0 libboost-thread-dev libboost-thread1.71-dev
#6 6.682   libboost-thread1.71.0 libboost-timer-dev libboost-timer1.71-dev
#6 6.682   libboost-timer1.71.0 libboost-tools-dev libboost-type-erasure-dev
#6 6.682   libboost-type-erasure1.71-dev libboost-type-erasure1.71.0 libboost-wave-dev
#6 6.682   libboost-wave1.71-dev libboost-wave1.71.0 libboost1.71-dev
#6 6.682   libboost1.71-tools-dev libbsd-dev libcaf-openmpi-3 libcoarrays-dev
#6 6.682   libcoarrays-openmpi-dev libcroco3 libdebhelper-perl libedit-dev
#6 6.682   libevent-2.1-7 libevent-core-2.1-7 libevent-dev libevent-extra-2.1-7
#6 6.682   libevent-openssl-2.1-7 libevent-pthreads-2.1-7 libexpat1-dev libfabric1
#6 6.682   libfile-stripnondeterminism-perl libfl-dev libfl2 libgcc-8-dev
#6 6.682   libgfortran-8-dev libgfortran-9-dev libgfortran5 libhwloc-dev
#6 6.682   libhwloc-plugins libhwloc15 libibverbs-dev libibverbs1 libicu-dev
#6 6.682   libltdl-dev libltdl7 libluajit-5.1-2 libluajit-5.1-common libluajit-5.1-dev
#6 6.682   libmail-sendmail-perl libmpx2 libncurses-dev libnl-3-200 libnl-3-dev
#6 6.682   libnl-route-3-200 libnl-route-3-dev libnuma-dev libnuma1 libopenmpi-dev
#6 6.683   libopenmpi3 libpciaccess0 libpipeline1 libpmix2 libprotobuf-dev
#6 6.683   libprotobuf-lite17 libprotobuf17 libprotoc17 libpsm-infinipath1 libpsm2-2
#6 6.683   libpython3-dev libpython3.8 libpython3.8-dev librdmacm1 libsigsegv2
#6 6.683   libssl-dev libsub-override-perl libsys-hostname-long-perl libtool
#6 6.683   libuchardet0 libxnvctrl0 m4 man-db mpi-default-bin mpi-default-dev
#6 6.683   ocl-icd-libopencl1 openmpi-bin openmpi-common pkg-config po-debconf
#6 6.684   protobuf-compiler python3-dev python3-distutils python3-lib2to3
#6 6.684   python3.8-dev ragel zlib1g-dev
#6 6.856 0 upgraded, 199 newly installed, 0 to remove and 3 not upgraded.
#6 6.856 Need to get 106 MB of archives.
#6 6.856 After this operation, 624 MB of additional disk space will be used.
#6 6.856 Get:1 http://archive.ubuntu.com/ubuntu focal/main amd64 bsdmainutils amd64 11.1.2ubuntu3 [181 kB]
#6 6.969 Get:2 http://archive.ubuntu.com/ubuntu focal/main amd64 libuchardet0 amd64 0.0.6-3build1 [65.2 kB]
#6 6.975 Get:3 http://archive.ubuntu.com/ubuntu focal/main amd64 groff-base amd64 1.22.4-4build1 [847 kB]
#6 7.049 Get:4 http://archive.ubuntu.com/ubuntu focal/main amd64 libpipeline1 amd64 1.5.2-2build1 [27.7 kB]
#6 7.051 Get:5 http://archive.ubuntu.com/ubuntu focal/main amd64 man-db amd64 2.9.1-1 [1112 kB]
#6 7.134 Get:6 http://archive.ubuntu.com/ubuntu focal/main amd64 libsigsegv2 amd64 2.12-2 [13.9 kB]
#6 7.134 Get:7 http://archive.ubuntu.com/ubuntu focal/main amd64 m4 amd64 1.4.18-4 [199 kB]
#6 7.149 Get:8 http://archive.ubuntu.com/ubuntu focal/main amd64 flex amd64 2.6.4-6.2 [317 kB]
#6 7.173 Get:9 http://archive.ubuntu.com/ubuntu focal/main amd64 gettext-base amd64 0.19.8.1-10build1 [50.2 kB]
#6 7.177 Get:10 http://archive.ubuntu.com/ubuntu focal/main amd64 libnuma1 amd64 2.0.12-1 [20.8 kB]
#6 7.178 Get:11 http://archive.ubuntu.com/ubuntu focal/main amd64 autoconf all 2.69-11.1 [321 kB]
#6 7.202 Get:12 http://archive.ubuntu.com/ubuntu focal/main amd64 autotools-dev all 20180224.1 [39.6 kB]
#6 7.205 Get:13 http://archive.ubuntu.com/ubuntu focal/main amd64 automake all 1:1.16.1-4ubuntu6 [522 kB]
#6 7.244 Get:14 http://archive.ubuntu.com/ubuntu focal/main amd64 autopoint all 0.19.8.1-10build1 [412 kB]
#6 7.275 Get:15 http://archive.ubuntu.com/ubuntu focal/main amd64 bison amd64 2:3.5.1+dfsg-1 [657 kB]
#6 7.324 Get:16 http://archive.ubuntu.com/ubuntu focal/universe amd64 gcc-8-base amd64 8.4.0-3ubuntu2 [18.7 kB]
#6 7.325 Get:17 http://archive.ubuntu.com/ubuntu focal/universe amd64 cpp-8 amd64 8.4.0-3ubuntu2 [8945 kB]
#6 8.087 Get:18 http://archive.ubuntu.com/ubuntu focal/universe amd64 libmpx2 amd64 8.4.0-3ubuntu2 [11.8 kB]
#6 8.087 Get:19 http://archive.ubuntu.com/ubuntu focal/universe amd64 libgcc-8-dev amd64 8.4.0-3ubuntu2 [2313 kB]
#6 8.172 Get:20 http://archive.ubuntu.com/ubuntu focal/universe amd64 gcc-8 amd64 8.4.0-3ubuntu2 [9833 kB]
#6 9.033 Get:21 http://archive.ubuntu.com/ubuntu focal/main amd64 libtool all 2.4.6-14 [161 kB]
#6 9.041 Get:22 http://archive.ubuntu.com/ubuntu focal/main amd64 dh-autoreconf all 19 [16.1 kB]
#6 9.041 Get:23 http://archive.ubuntu.com/ubuntu focal/main amd64 libdebhelper-perl all 12.10ubuntu1 [62.1 kB]
#6 9.042 Get:24 http://archive.ubuntu.com/ubuntu focal/main amd64 libarchive-zip-perl all 1.67-2 [90.5 kB]
#6 9.042 Get:25 http://archive.ubuntu.com/ubuntu focal/main amd64 libsub-override-perl all 0.09-2 [9532 B]
#6 9.063 Get:26 http://archive.ubuntu.com/ubuntu focal/main amd64 libfile-stripnondeterminism-perl all 1.7.0-1 [15.9 kB]
#6 9.063 Get:27 http://archive.ubuntu.com/ubuntu focal/main amd64 dh-strip-nondeterminism all 1.7.0-1 [5228 B]
#6 9.063 Get:28 http://archive.ubuntu.com/ubuntu focal/main amd64 dwz amd64 0.13-5 [151 kB]
#6 9.063 Get:29 http://archive.ubuntu.com/ubuntu focal/main amd64 libcroco3 amd64 0.6.13-1 [82.5 kB]
#6 9.063 Get:30 http://archive.ubuntu.com/ubuntu focal/main amd64 gettext amd64 0.19.8.1-10build1 [895 kB]
#6 9.123 Get:31 http://archive.ubuntu.com/ubuntu focal/main amd64 intltool-debian all 0.35.0+20060710.5 [24.9 kB]
#6 9.125 Get:32 http://archive.ubuntu.com/ubuntu focal/main amd64 po-debconf all 1.0.21 [233 kB]
#6 9.142 Get:33 http://archive.ubuntu.com/ubuntu focal/main amd64 debhelper all 12.10ubuntu1 [877 kB]
#6 9.207 Get:34 http://archive.ubuntu.com/ubuntu focal-updates/main amd64 libgfortran5 amd64 10.3.0-1ubuntu1~20.04 [736 kB]
#6 9.262 Get:35 http://archive.ubuntu.com/ubuntu focal-updates/main amd64 libgfortran-9-dev amd64 9.3.0-17ubuntu1~20.04 [684 kB]
#6 9.313 Get:36 http://archive.ubuntu.com/ubuntu focal-updates/main amd64 gfortran-9 amd64 9.3.0-17ubuntu1~20.04 [7921 kB]
#6 9.905 Get:37 http://archive.ubuntu.com/ubuntu focal/main amd64 gfortran amd64 4:9.3.0-1ubuntu2 [1372 B]
#6 9.938 Get:38 http://archive.ubuntu.com/ubuntu focal/universe amd64 libgfortran-8-dev amd64 8.4.0-3ubuntu2 [625 kB]
#6 9.950 Get:39 http://archive.ubuntu.com/ubuntu focal/universe amd64 gfortran-8 amd64 8.4.0-3ubuntu2 [9424 kB]
#6 10.70 Get:40 http://archive.ubuntu.com/ubuntu focal/main amd64 libnl-3-200 amd64 3.4.0-1 [53.9 kB]
#6 10.70 Get:41 http://archive.ubuntu.com/ubuntu focal/main amd64 libnl-route-3-200 amd64 3.4.0-1 [149 kB]
#6 10.70 Get:42 http://archive.ubuntu.com/ubuntu focal/main amd64 libibverbs1 amd64 28.0-1ubuntu1 [53.6 kB]
#6 10.71 Get:43 http://archive.ubuntu.com/ubuntu focal/main amd64 ibverbs-providers amd64 28.0-1ubuntu1 [232 kB]
#6 10.71 Get:44 http://archive.ubuntu.com/ubuntu focal-updates/main amd64 icu-devtools amd64 66.1-2ubuntu2.1 [189 kB]
#6 10.71 Get:45 http://archive.ubuntu.com/ubuntu focal/main amd64 libarchive-cpio-perl all 0.10-1 [9644 B]
#6 10.71 Get:46 http://archive.ubuntu.com/ubuntu focal/main amd64 libboost1.71-dev amd64 1.71.0-6ubuntu6 [9068 kB]
#6 11.50 Get:47 http://archive.ubuntu.com/ubuntu focal/main amd64 libboost-dev amd64 1.71.0.0ubuntu2 [3596 B]
#6 11.50 Get:48 http://archive.ubuntu.com/ubuntu focal/main amd64 libboost1.71-tools-dev amd64 1.71.0-6ubuntu6 [1414 kB]
#6 11.55 Get:49 http://archive.ubuntu.com/ubuntu focal/universe amd64 libboost-tools-dev amd64 1.71.0.0ubuntu2 [3560 B]
#6 11.55 Get:50 http://archive.ubuntu.com/ubuntu focal/main amd64 libboost-atomic1.71.0 amd64 1.71.0-6ubuntu6 [205 kB]
#6 11.56 Get:51 http://archive.ubuntu.com/ubuntu focal/main amd64 libboost-atomic1.71-dev amd64 1.71.0-6ubuntu6 [205 kB]
#6 11.58 Get:52 http://archive.ubuntu.com/ubuntu focal/universe amd64 libboost-atomic-dev amd64 1.71.0.0ubuntu2 [3704 B]
#6 11.58 Get:53 http://archive.ubuntu.com/ubuntu focal/main amd64 libboost-chrono1.71.0 amd64 1.71.0-6ubuntu6 [217 kB]
#6 11.59 Get:54 http://archive.ubuntu.com/ubuntu focal/main amd64 libboost-chrono1.71-dev amd64 1.71.0-6ubuntu6 [225 kB]
#6 11.61 Get:55 http://archive.ubuntu.com/ubuntu focal/universe amd64 libboost-chrono-dev amd64 1.71.0.0ubuntu2 [4016 B]
#6 11.61 Get:56 http://archive.ubuntu.com/ubuntu focal/universe amd64 libboost-container1.71.0 amd64 1.71.0-6ubuntu6 [233 kB]
#6 11.63 Get:57 http://archive.ubuntu.com/ubuntu focal/universe amd64 libboost-container1.71-dev amd64 1.71.0-6ubuntu6 [236 kB]
#6 11.65 Get:58 http://archive.ubuntu.com/ubuntu focal/universe amd64 libboost-container-dev amd64 1.71.0.0ubuntu2 [3868 B]
#6 11.65 Get:59 http://archive.ubuntu.com/ubuntu focal/main amd64 libboost-date-time1.71.0 amd64 1.71.0-6ubuntu6 [219 kB]
#6 11.66 Get:60 http://archive.ubuntu.com/ubuntu focal/main amd64 libboost-serialization1.71.0 amd64 1.71.0-6ubuntu6 [302 kB]
#6 11.68 Get:61 http://archive.ubuntu.com/ubuntu focal/main amd64 libboost-serialization1.71-dev amd64 1.71.0-6ubuntu6 [344 kB]
#6 11.71 Get:62 http://archive.ubuntu.com/ubuntu focal/main amd64 libboost-date-time1.71-dev amd64 1.71.0-6ubuntu6 [228 kB]
#6 11.73 Get:63 http://archive.ubuntu.com/ubuntu focal/main amd64 libboost-system1.71.0 amd64 1.71.0-6ubuntu6 [205 kB]
#6 11.74 Get:64 http://archive.ubuntu.com/ubuntu focal/main amd64 libboost-system1.71-dev amd64 1.71.0-6ubuntu6 [205 kB]
#6 11.76 Get:65 http://archive.ubuntu.com/ubuntu focal/main amd64 libboost-thread1.71.0 amd64 1.71.0-6ubuntu6 [249 kB]
#6 11.78 Get:66 http://archive.ubuntu.com/ubuntu focal/main amd64 libboost-thread1.71-dev amd64 1.71.0-6ubuntu6 [258 kB]
#6 11.80 Get:67 http://archive.ubuntu.com/ubuntu focal/main amd64 libboost-context1.71.0 amd64 1.71.0-6ubuntu6 [207 kB]
#6 11.81 Get:68 http://archive.ubuntu.com/ubuntu focal/universe amd64 libboost-context1.71-dev amd64 1.71.0-6ubuntu6 [208 kB]
#6 11.83 Get:69 http://archive.ubuntu.com/ubuntu focal/universe amd64 libboost-context-dev amd64 1.71.0.0ubuntu2 [3584 B]
#6 11.83 Get:70 http://archive.ubuntu.com/ubuntu focal/universe amd64 libboost-coroutine1.71.0 amd64 1.71.0-6ubuntu6 [219 kB]
#6 11.84 Get:71 http://archive.ubuntu.com/ubuntu focal/universe amd64 libboost-coroutine1.71-dev amd64 1.71.0-6ubuntu6 [227 kB]
#6 11.86 Get:72 http://archive.ubuntu.com/ubuntu focal/universe amd64 libboost-coroutine-dev amd64 1.71.0.0ubuntu2 [3660 B]
#6 11.86 Get:73 http://archive.ubuntu.com/ubuntu focal/universe amd64 libboost-date-time-dev amd64 1.71.0.0ubuntu2 [3396 B]
#6 11.86 Get:74 http://archive.ubuntu.com/ubuntu focal/universe amd64 libboost-exception1.71-dev amd64 1.71.0-6ubuntu6 [203 kB]
#6 11.88 Get:75 http://archive.ubuntu.com/ubuntu focal/universe amd64 libboost-exception-dev amd64 1.71.0.0ubuntu2 [3384 B]
#6 11.88 Get:76 http://archive.ubuntu.com/ubuntu focal/main amd64 libboost-filesystem1.71.0 amd64 1.71.0-6ubuntu6 [242 kB]
#6 11.89 Get:77 http://archive.ubuntu.com/ubuntu focal/main amd64 libboost-filesystem1.71-dev amd64 1.71.0-6ubuntu6 [258 kB]
#6 11.91 Get:78 http://archive.ubuntu.com/ubuntu focal/universe amd64 libboost-fiber1.71.0 amd64 1.71.0-6ubuntu6 [226 kB]
#6 11.93 Get:79 http://archive.ubuntu.com/ubuntu focal/universe amd64 libboost-fiber1.71-dev amd64 1.71.0-6ubuntu6 [237 kB]
#6 11.95 Get:80 http://archive.ubuntu.com/ubuntu focal/universe amd64 libboost-fiber-dev amd64 1.71.0.0ubuntu2 [3824 B]
#6 11.95 Get:81 http://archive.ubuntu.com/ubuntu focal/main amd64 libboost-filesystem-dev amd64 1.71.0.0ubuntu2 [3420 B]
#6 11.95 Get:82 http://archive.ubuntu.com/ubuntu focal/universe amd64 libboost-regex1.71.0 amd64 1.71.0-6ubuntu6 [471 kB]
#6 11.98 Get:83 http://archive.ubuntu.com/ubuntu focal/universe amd64 libboost-graph1.71.0 amd64 1.71.0-6ubuntu6 [297 kB]
#6 12.01 Get:84 http://archive.ubuntu.com/ubuntu focal-updates/main amd64 libicu-dev amd64 66.1-2ubuntu2.1 [9451 kB]
#6 12.74 Get:85 http://archive.ubuntu.com/ubuntu focal/universe amd64 libboost-regex1.71-dev amd64 1.71.0-6ubuntu6 [557 kB]
#6 12.75 Get:86 http://archive.ubuntu.com/ubuntu focal/universe amd64 libboost-test1.71.0 amd64 1.71.0-6ubuntu6 [437 kB]
#6 12.82 Get:87 http://archive.ubuntu.com/ubuntu focal/universe amd64 libboost-test1.71-dev amd64 1.71.0-6ubuntu6 [513 kB]
#6 12.88 Get:88 http://archive.ubuntu.com/ubuntu focal/universe amd64 libboost-graph1.71-dev amd64 1.71.0-6ubuntu6 [317 kB]
#6 12.90 Get:89 http://archive.ubuntu.com/ubuntu focal/universe amd64 libboost-graph-dev amd64 1.71.0.0ubuntu2 [3500 B]
#6 12.90 Get:90 http://archive.ubuntu.com/ubuntu focal/main amd64 libevent-2.1-7 amd64 2.1.11-stable-1 [138 kB]
#6 12.91 Get:91 http://archive.ubuntu.com/ubuntu focal/main amd64 libevent-core-2.1-7 amd64 2.1.11-stable-1 [89.1 kB]
#6 12.92 Get:92 http://archive.ubuntu.com/ubuntu focal/main amd64 libevent-pthreads-2.1-7 amd64 2.1.11-stable-1 [7372 B]
#6 12.92 Get:93 http://archive.ubuntu.com/ubuntu focal/universe amd64 libpsm-infinipath1 amd64 3.3+20.604758e7-6 [168 kB]
#6 12.93 Get:94 http://archive.ubuntu.com/ubuntu focal/universe amd64 libpsm2-2 amd64 11.2.86-1 [178 kB]
#6 12.95 Get:95 http://archive.ubuntu.com/ubuntu focal/main amd64 librdmacm1 amd64 28.0-1ubuntu1 [64.9 kB]
#6 12.95 Get:96 http://archive.ubuntu.com/ubuntu focal/universe amd64 libfabric1 amd64 1.6.2-3 [396 kB]
#6 12.98 Get:97 http://archive.ubuntu.com/ubuntu focal/main amd64 libltdl7 amd64 2.4.6-14 [38.5 kB]
#6 12.99 Get:98 http://archive.ubuntu.com/ubuntu focal/universe amd64 libhwloc15 amd64 2.1.0+dfsg-4 [134 kB]
#6 12.99 Get:99 http://archive.ubuntu.com/ubuntu focal/main amd64 libpciaccess0 amd64 0.16-0ubuntu1 [17.9 kB]
#6 13.00 Get:100 http://archive.ubuntu.com/ubuntu focal-updates/main amd64 libxnvctrl0 amd64 470.57.01-0ubuntu0.20.04.2 [11.1 kB]
#6 13.00 Get:101 http://archive.ubuntu.com/ubuntu focal/main amd64 ocl-icd-libopencl1 amd64 2.2.11-1ubuntu1 [30.3 kB]
#6 13.05 Get:102 http://archive.ubuntu.com/ubuntu focal/universe amd64 libhwloc-plugins amd64 2.1.0+dfsg-4 [14.4 kB]
#6 13.09 Get:103 http://archive.ubuntu.com/ubuntu focal/universe amd64 libpmix2 amd64 3.1.5-1 [442 kB]
#6 13.19 Get:104 http://archive.ubuntu.com/ubuntu focal/universe amd64 libopenmpi3 amd64 4.0.3-0ubuntu1 [1978 kB]
#6 13.33 Get:105 http://archive.ubuntu.com/ubuntu focal/universe amd64 libboost-mpi1.71.0 amd64 1.71.0-6ubuntu6 [257 kB]
#6 13.35 Get:106 http://archive.ubuntu.com/ubuntu focal/universe amd64 libboost-graph-parallel1.71.0 amd64 1.71.0-6ubuntu6 [267 kB]
#6 13.37 Get:107 http://archive.ubuntu.com/ubuntu focal/universe amd64 libboost-graph-parallel1.71-dev amd64 1.71.0-6ubuntu6 [271 kB]
#6 13.39 Get:108 http://archive.ubuntu.com/ubuntu focal/universe amd64 libboost-graph-parallel-dev amd64 1.71.0.0ubuntu2 [3520 B]
#6 13.39 Get:109 http://archive.ubuntu.com/ubuntu focal/main amd64 libboost-iostreams1.71.0 amd64 1.71.0-6ubuntu6 [237 kB]
#6 13.41 Get:110 http://archive.ubuntu.com/ubuntu focal/universe amd64 libboost-iostreams1.71-dev amd64 1.71.0-6ubuntu6 [246 kB]
#6 13.43 Get:111 http://archive.ubuntu.com/ubuntu focal/universe amd64 libboost-iostreams-dev amd64 1.71.0.0ubuntu2 [3380 B]
#6 13.43 Get:112 http://archive.ubuntu.com/ubuntu focal/main amd64 libboost-locale1.71.0 amd64 1.71.0-6ubuntu6 [430 kB]
#6 13.46 Get:113 http://archive.ubuntu.com/ubuntu focal/universe amd64 libboost-locale1.71-dev amd64 1.71.0-6ubuntu6 [548 kB]
#6 13.50 Get:114 http://archive.ubuntu.com/ubuntu focal/universe amd64 libboost-locale-dev amd64 1.71.0.0ubuntu2 [3708 B]
#6 13.50 Get:115 http://archive.ubuntu.com/ubuntu focal/universe amd64 libboost-log1.71.0 amd64 1.71.0-6ubuntu6 [612 kB]
#6 13.55 Get:116 http://archive.ubuntu.com/ubuntu focal/universe amd64 libboost-log1.71-dev amd64 1.71.0-6ubuntu6 [835 kB]
#6 13.61 Get:117 http://archive.ubuntu.com/ubuntu focal/universe amd64 libboost-log-dev amd64 1.71.0.0ubuntu2 [3592 B]
#6 13.61 Get:118 http://archive.ubuntu.com/ubuntu focal/universe amd64 libboost-math1.71.0 amd64 1.71.0-6ubuntu6 [492 kB]
#6 13.65 Get:119 http://archive.ubuntu.com/ubuntu focal/universe amd64 libboost-math1.71-dev amd64 1.71.0-6ubuntu6 [757 kB]
#6 13.70 Get:120 http://archive.ubuntu.com/ubuntu focal/universe amd64 libboost-math-dev amd64 1.71.0.0ubuntu2 [3580 B]
#6 13.70 Get:121 http://archive.ubuntu.com/ubuntu focal/universe amd64 openmpi-common all 4.0.3-0ubuntu1 [151 kB]
#6 13.71 Get:122 http://archive.ubuntu.com/ubuntu focal/main amd64 libnl-3-dev amd64 3.4.0-1 [92.2 kB]
#6 13.72 Get:123 http://archive.ubuntu.com/ubuntu focal/main amd64 libnl-route-3-dev amd64 3.4.0-1 [166 kB]
#6 13.73 Get:124 http://archive.ubuntu.com/ubuntu focal/main amd64 libibverbs-dev amd64 28.0-1ubuntu1 [444 kB]
#6 13.77 Get:125 http://archive.ubuntu.com/ubuntu focal/main amd64 libnuma-dev amd64 2.0.12-1 [32.4 kB]
#6 13.77 Get:126 http://archive.ubuntu.com/ubuntu focal/main amd64 libltdl-dev amd64 2.4.6-14 [162 kB]
#6 13.78 Get:127 http://archive.ubuntu.com/ubuntu focal/universe amd64 libhwloc-dev amd64 2.1.0+dfsg-4 [205 kB]
#6 13.80 Get:128 http://archive.ubuntu.com/ubuntu focal/main amd64 libevent-extra-2.1-7 amd64 2.1.11-stable-1 [60.0 kB]
#6 13.80 Get:129 http://archive.ubuntu.com/ubuntu focal/main amd64 libevent-openssl-2.1-7 amd64 2.1.11-stable-1 [14.3 kB]
#6 13.80 Get:130 http://archive.ubuntu.com/ubuntu focal/main amd64 libevent-dev amd64 2.1.11-stable-1 [261 kB]
#6 13.82 Get:131 http://archive.ubuntu.com/ubuntu focal/universe amd64 openmpi-bin amd64 4.0.3-0ubuntu1 [67.4 kB]
#6 13.83 Get:132 http://archive.ubuntu.com/ubuntu focal/universe amd64 libopenmpi-dev amd64 4.0.3-0ubuntu1 [798 kB]
#6 13.89 Get:133 http://archive.ubuntu.com/ubuntu focal/universe amd64 mpi-default-dev amd64 1.13 [3748 B]
#6 13.89 Get:134 http://archive.ubuntu.com/ubuntu focal/universe amd64 libboost-mpi1.71-dev amd64 1.71.0-6ubuntu6 [384 kB]
#6 13.91 Get:135 http://archive.ubuntu.com/ubuntu focal/universe amd64 libboost-mpi-dev amd64 1.71.0.0ubuntu2 [3480 B]
#6 13.91 Get:136 http://archive.ubuntu.com/ubuntu focal/main amd64 libboost-python1.71.0 amd64 1.71.0-6ubuntu6 [278 kB]
#6 13.94 Get:137 http://archive.ubuntu.com/ubuntu focal/universe amd64 mpi-default-bin amd64 1.13 [2968 B]
#6 13.94 Get:138 http://archive.ubuntu.com/ubuntu focal/universe amd64 libboost-mpi-python1.71.0 amd64 1.71.0-6ubuntu6 [347 kB]
#6 13.96 Get:139 http://archive.ubuntu.com/ubuntu focal/universe amd64 libboost-mpi-python1.71-dev amd64 1.71.0-6ubuntu6 [225 kB]
#6 13.98 Get:140 http://archive.ubuntu.com/ubuntu focal/universe amd64 libboost-mpi-python-dev amd64 1.71.0.0ubuntu2 [3512 B]
#6 13.98 Get:141 http://archive.ubuntu.com/ubuntu focal/universe amd64 libboost-numpy1.71.0 amd64 1.71.0-6ubuntu6 [214 kB]
#6 13.99 Get:142 http://archive.ubuntu.com/ubuntu focal/universe amd64 libboost-numpy1.71-dev amd64 1.71.0-6ubuntu6 [218 kB]
#6 14.01 Get:143 http://archive.ubuntu.com/ubuntu focal/universe amd64 libboost-numpy-dev amd64 1.71.0.0ubuntu2 [3424 B]
#6 14.01 Get:144 http://archive.ubuntu.com/ubuntu focal/main amd64 libboost-program-options1.71.0 amd64 1.71.0-6ubuntu6 [342 kB]
#6 14.04 Get:145 http://archive.ubuntu.com/ubuntu focal/main amd64 libboost-program-options1.71-dev amd64 1.71.0-6ubuntu6 [374 kB]
#6 14.06 Get:146 http://archive.ubuntu.com/ubuntu focal/main amd64 libboost-program-options-dev amd64 1.71.0.0ubuntu2 [3408 B]
#6 14.06 Get:147 http://archive.ubuntu.com/ubuntu focal-updates/main amd64 libpython3.8 amd64 3.8.10-0ubuntu1~20.04.2 [1625 kB]
#6 14.19 Get:148 http://archive.ubuntu.com/ubuntu focal/main amd64 libexpat1-dev amd64 2.2.9-1build1 [116 kB]
#6 14.19 Get:149 http://archive.ubuntu.com/ubuntu focal-updates/main amd64 libpython3.8-dev amd64 3.8.10-0ubuntu1~20.04.2 [3950 kB]
#6 14.49 Get:150 http://archive.ubuntu.com/ubuntu focal/main amd64 libpython3-dev amd64 3.8.2-0ubuntu2 [7236 B]
#6 14.49 Get:151 http://archive.ubuntu.com/ubuntu focal-updates/main amd64 zlib1g-dev amd64 1:1.2.11.dfsg-2ubuntu1.2 [155 kB]
#6 14.50 Get:152 http://archive.ubuntu.com/ubuntu focal-updates/main amd64 python3.8-dev amd64 3.8.10-0ubuntu1~20.04.2 [510 kB]
#6 14.54 Get:153 http://archive.ubuntu.com/ubuntu focal-updates/main amd64 python3-lib2to3 all 3.8.10-0ubuntu1~20.04 [76.3 kB]
#6 14.54 Get:154 http://archive.ubuntu.com/ubuntu focal-updates/main amd64 python3-distutils all 3.8.10-0ubuntu1~20.04 [141 kB]
#6 14.55 Get:155 http://archive.ubuntu.com/ubuntu focal/main amd64 python3-dev amd64 3.8.2-0ubuntu2 [1212 B]
#6 14.56 Get:156 http://archive.ubuntu.com/ubuntu focal/universe amd64 libboost-python1.71-dev amd64 1.71.0-6ubuntu6 [300 kB]
#6 14.58 Get:157 http://archive.ubuntu.com/ubuntu focal/universe amd64 libboost-python-dev amd64 1.71.0.0ubuntu2 [3688 B]
#6 14.58 Get:158 http://archive.ubuntu.com/ubuntu focal/universe amd64 libboost-random1.71.0 amd64 1.71.0-6ubuntu6 [216 kB]
#6 14.59 Get:159 http://archive.ubuntu.com/ubuntu focal/universe amd64 libboost-random1.71-dev amd64 1.71.0-6ubuntu6 [217 kB]
#6 14.61 Get:160 http://archive.ubuntu.com/ubuntu focal/universe amd64 libboost-random-dev amd64 1.71.0.0ubuntu2 [3388 B]
#6 14.61 Get:161 http://archive.ubuntu.com/ubuntu focal/universe amd64 libboost-regex-dev amd64 1.71.0.0ubuntu2 [3656 B]
#6 14.61 Get:162 http://archive.ubuntu.com/ubuntu focal/universe amd64 libboost-serialization-dev amd64 1.71.0.0ubuntu2 [3612 B]
#6 14.61 Get:163 http://archive.ubuntu.com/ubuntu focal/universe amd64 libboost-stacktrace1.71.0 amd64 1.71.0-6ubuntu6 [239 kB]
#6 14.63 Get:164 http://archive.ubuntu.com/ubuntu focal/universe amd64 libboost-stacktrace1.71-dev amd64 1.71.0-6ubuntu6 [217 kB]
#6 14.65 Get:165 http://archive.ubuntu.com/ubuntu focal/universe amd64 libboost-stacktrace-dev amd64 1.71.0.0ubuntu2 [3392 B]
#6 14.65 Get:166 http://archive.ubuntu.com/ubuntu focal/main amd64 libboost-system-dev amd64 1.71.0.0ubuntu2 [3536 B]
#6 14.65 Get:167 http://archive.ubuntu.com/ubuntu focal/universe amd64 libboost-test-dev amd64 1.71.0.0ubuntu2 [3424 B]
#6 14.65 Get:168 http://archive.ubuntu.com/ubuntu focal/main amd64 libboost-thread-dev amd64 1.71.0.0ubuntu2 [3416 B]
#6 14.65 Get:169 http://archive.ubuntu.com/ubuntu focal/universe amd64 libboost-timer1.71.0 amd64 1.71.0-6ubuntu6 [213 kB]
#6 14.67 Get:170 http://archive.ubuntu.com/ubuntu focal/universe amd64 libboost-timer1.71-dev amd64 1.71.0-6ubuntu6 [215 kB]
#6 14.70 Get:171 http://archive.ubuntu.com/ubuntu focal/universe amd64 libboost-timer-dev amd64 1.71.0.0ubuntu2 [3516 B]
#6 14.70 Get:172 http://archive.ubuntu.com/ubuntu focal/universe amd64 libboost-type-erasure1.71.0 amd64 1.71.0-6ubuntu6 [222 kB]
#6 14.73 Get:173 http://archive.ubuntu.com/ubuntu focal/universe amd64 libboost-type-erasure1.71-dev amd64 1.71.0-6ubuntu6 [225 kB]
#6 14.76 Get:174 http://archive.ubuntu.com/ubuntu focal/universe amd64 libboost-type-erasure-dev amd64 1.71.0.0ubuntu2 [3488 B]
#6 14.76 Get:175 http://archive.ubuntu.com/ubuntu focal/universe amd64 libboost-wave1.71.0 amd64 1.71.0-6ubuntu6 [394 kB]
#6 14.80 Get:176 http://archive.ubuntu.com/ubuntu focal/universe amd64 libboost-wave1.71-dev amd64 1.71.0-6ubuntu6 [450 kB]
#6 14.84 Get:177 http://archive.ubuntu.com/ubuntu focal/universe amd64 libboost-wave-dev amd64 1.71.0.0ubuntu2 [3420 B]
#6 14.84 Get:178 http://archive.ubuntu.com/ubuntu focal/universe amd64 libboost-all-dev amd64 1.71.0.0ubuntu2 [2468 B]
#6 14.84 Get:179 http://archive.ubuntu.com/ubuntu focal/main amd64 libbsd-dev amd64 0.10.0-1 [164 kB]
#6 14.85 Get:180 http://archive.ubuntu.com/ubuntu focal/universe amd64 libcaf-openmpi-3 amd64 2.8.0-1 [35.5 kB]
#6 14.85 Get:181 http://archive.ubuntu.com/ubuntu focal/universe amd64 libcoarrays-dev amd64 2.8.0-1 [28.2 kB]
#6 14.85 Get:182 http://archive.ubuntu.com/ubuntu focal/universe amd64 libcoarrays-openmpi-dev amd64 2.8.0-1 [34.2 kB]
#6 14.86 Get:183 http://archive.ubuntu.com/ubuntu focal/main amd64 libncurses-dev amd64 6.2-0ubuntu2 [339 kB]
#6 14.88 Get:184 http://archive.ubuntu.com/ubuntu focal/main amd64 libedit-dev amd64 3.1-20191231-1 [106 kB]
#6 14.89 Get:185 http://archive.ubuntu.com/ubuntu focal/main amd64 libfl2 amd64 2.6.4-6.2 [11.5 kB]
#6 14.89 Get:186 http://archive.ubuntu.com/ubuntu focal/main amd64 libfl-dev amd64 2.6.4-6.2 [6316 B]
#6 14.89 Get:187 http://archive.ubuntu.com/ubuntu focal/universe amd64 libluajit-5.1-common all 2.1.0~beta3+dfsg-5.1build1 [44.3 kB]
#6 14.89 Get:188 http://archive.ubuntu.com/ubuntu focal/universe amd64 libluajit-5.1-2 amd64 2.1.0~beta3+dfsg-5.1build1 [228 kB]
#6 14.91 Get:189 http://archive.ubuntu.com/ubuntu focal/universe amd64 libluajit-5.1-dev amd64 2.1.0~beta3+dfsg-5.1build1 [243 kB]
#6 14.93 Get:190 http://archive.ubuntu.com/ubuntu focal/main amd64 libsys-hostname-long-perl all 1.5-1 [11.7 kB]
#6 14.93 Get:191 http://archive.ubuntu.com/ubuntu focal/main amd64 libmail-sendmail-perl all 0.80-1 [22.6 kB]
#6 14.93 Get:192 http://archive.ubuntu.com/ubuntu focal/main amd64 libprotobuf-lite17 amd64 3.6.1.3-2ubuntu5 [132 kB]
#6 14.94 Get:193 http://archive.ubuntu.com/ubuntu focal/main amd64 libprotobuf17 amd64 3.6.1.3-2ubuntu5 [798 kB]
#6 15.00 Get:194 http://archive.ubuntu.com/ubuntu focal/main amd64 libprotoc17 amd64 3.6.1.3-2ubuntu5 [646 kB]
#6 15.05 Get:195 http://archive.ubuntu.com/ubuntu focal-updates/main amd64 libssl-dev amd64 1.1.1f-1ubuntu2.10 [1584 kB]
#6 15.17 Get:196 http://archive.ubuntu.com/ubuntu focal/main amd64 pkg-config amd64 0.29.1-0ubuntu4 [45.5 kB]
#6 15.17 Get:197 http://archive.ubuntu.com/ubuntu focal/universe amd64 ragel amd64 6.10-1build1 [1048 kB]
#6 15.25 Get:198 http://archive.ubuntu.com/ubuntu focal/main amd64 libprotobuf-dev amd64 3.6.1.3-2ubuntu5 [1155 kB]
#6 15.33 Get:199 http://archive.ubuntu.com/ubuntu focal/universe amd64 protobuf-compiler amd64 3.6.1.3-2ubuntu5 [27.6 kB]
#6 15.67 debconf: delaying package configuration, since apt-utils is not installed
#6 15.82 Fetched 106 MB in 9s (12.3 MB/s)
#6 15.93 Selecting previously unselected package bsdmainutils.
#6 15.93 (Reading database ... (Reading database ... 5%(Reading database ... 10%(Reading database ... 15%(Reading database ... 20%(Reading database ... 25%(Reading database ... 30%(Reading database ... 35%(Reading database ... 40%(Reading database ... 45%(Reading database ... 50%(Reading database ... 55%(Reading database ... 60%(Reading database ... 65%(Reading database ... 70%(Reading database ... 75%(Reading database ... 80%(Reading database ... 85%(Reading database ... 90%(Reading database ... 95%(Reading database ... 100%(Reading database ... 21291 files and directories currently installed.)
#6 15.96 Preparing to unpack .../000-bsdmainutils_11.1.2ubuntu3_amd64.deb ...
#6 15.96 Unpacking bsdmainutils (11.1.2ubuntu3) ...
#6 16.05 Selecting previously unselected package libuchardet0:amd64.
#6 16.05 Preparing to unpack .../001-libuchardet0_0.0.6-3build1_amd64.deb ...
#6 16.07 Unpacking libuchardet0:amd64 (0.0.6-3build1) ...
#6 16.12 Selecting previously unselected package groff-base.
#6 16.12 Preparing to unpack .../002-groff-base_1.22.4-4build1_amd64.deb ...
#6 16.12 Unpacking groff-base (1.22.4-4build1) ...
#6 16.29 Selecting previously unselected package libpipeline1:amd64.
#6 16.30 Preparing to unpack .../003-libpipeline1_1.5.2-2build1_amd64.deb ...
#6 16.30 Unpacking libpipeline1:amd64 (1.5.2-2build1) ...
#6 16.36 Selecting previously unselected package man-db.
#6 16.37 Preparing to unpack .../004-man-db_2.9.1-1_amd64.deb ...
#6 16.38 Unpacking man-db (2.9.1-1) ...
#6 16.53 Selecting previously unselected package libsigsegv2:amd64.
#6 16.53 Preparing to unpack .../005-libsigsegv2_2.12-2_amd64.deb ...
#6 16.54 Unpacking libsigsegv2:amd64 (2.12-2) ...
#6 16.57 Selecting previously unselected package m4.
#6 16.58 Preparing to unpack .../006-m4_1.4.18-4_amd64.deb ...
#6 16.58 Unpacking m4 (1.4.18-4) ...
#6 16.65 Selecting previously unselected package flex.
#6 16.65 Preparing to unpack .../007-flex_2.6.4-6.2_amd64.deb ...
#6 16.65 Unpacking flex (2.6.4-6.2) ...
#6 16.74 Selecting previously unselected package gettext-base.
#6 16.74 Preparing to unpack .../008-gettext-base_0.19.8.1-10build1_amd64.deb ...
#6 16.74 Unpacking gettext-base (0.19.8.1-10build1) ...
#6 16.79 Selecting previously unselected package libnuma1:amd64.
#6 16.79 Preparing to unpack .../009-libnuma1_2.0.12-1_amd64.deb ...
#6 16.80 Unpacking libnuma1:amd64 (2.0.12-1) ...
#6 16.83 Selecting previously unselected package autoconf.
#6 16.84 Preparing to unpack .../010-autoconf_2.69-11.1_all.deb ...
#6 16.84 Unpacking autoconf (2.69-11.1) ...
#6 16.93 Selecting previously unselected package autotools-dev.
#6 16.93 Preparing to unpack .../011-autotools-dev_20180224.1_all.deb ...
#6 16.93 Unpacking autotools-dev (20180224.1) ...
#6 16.98 Selecting previously unselected package automake.
#6 16.98 Preparing to unpack .../012-automake_1%3a1.16.1-4ubuntu6_all.deb ...
#6 16.99 Unpacking automake (1:1.16.1-4ubuntu6) ...
#6 17.09 Selecting previously unselected package autopoint.
#6 17.09 Preparing to unpack .../013-autopoint_0.19.8.1-10build1_all.deb ...
#6 17.10 Unpacking autopoint (0.19.8.1-10build1) ...
#6 17.18 Selecting previously unselected package bison.
#6 17.18 Preparing to unpack .../014-bison_2%3a3.5.1+dfsg-1_amd64.deb ...
#6 17.19 Unpacking bison (2:3.5.1+dfsg-1) ...
#6 17.28 Selecting previously unselected package gcc-8-base:amd64.
#6 17.29 Preparing to unpack .../015-gcc-8-base_8.4.0-3ubuntu2_amd64.deb ...
#6 17.29 Unpacking gcc-8-base:amd64 (8.4.0-3ubuntu2) ...
#6 17.33 Selecting previously unselected package cpp-8.
#6 17.33 Preparing to unpack .../016-cpp-8_8.4.0-3ubuntu2_amd64.deb ...
#6 17.34 Unpacking cpp-8 (8.4.0-3ubuntu2) ...
#6 18.22 Selecting previously unselected package libmpx2:amd64.
#6 18.22 Preparing to unpack .../017-libmpx2_8.4.0-3ubuntu2_amd64.deb ...
#6 18.23 Unpacking libmpx2:amd64 (8.4.0-3ubuntu2) ...
#6 18.26 Selecting previously unselected package libgcc-8-dev:amd64.
#6 18.27 Preparing to unpack .../018-libgcc-8-dev_8.4.0-3ubuntu2_amd64.deb ...
#6 18.27 Unpacking libgcc-8-dev:amd64 (8.4.0-3ubuntu2) ...
#6 18.54 Selecting previously unselected package gcc-8.
#6 18.54 Preparing to unpack .../019-gcc-8_8.4.0-3ubuntu2_amd64.deb ...
#6 18.54 Unpacking gcc-8 (8.4.0-3ubuntu2) ...
#6 19.49 Selecting previously unselected package libtool.
#6 19.49 Preparing to unpack .../020-libtool_2.4.6-14_all.deb ...
#6 19.50 Unpacking libtool (2.4.6-14) ...
#6 19.55 Selecting previously unselected package dh-autoreconf.
#6 19.55 Preparing to unpack .../021-dh-autoreconf_19_all.deb ...
#6 19.56 Unpacking dh-autoreconf (19) ...
#6 19.60 Selecting previously unselected package libdebhelper-perl.
#6 19.60 Preparing to unpack .../022-libdebhelper-perl_12.10ubuntu1_all.deb ...
#6 19.61 Unpacking libdebhelper-perl (12.10ubuntu1) ...
#6 19.66 Selecting previously unselected package libarchive-zip-perl.
#6 19.66 Preparing to unpack .../023-libarchive-zip-perl_1.67-2_all.deb ...
#6 19.66 Unpacking libarchive-zip-perl (1.67-2) ...
#6 19.71 Selecting previously unselected package libsub-override-perl.
#6 19.72 Preparing to unpack .../024-libsub-override-perl_0.09-2_all.deb ...
#6 19.72 Unpacking libsub-override-perl (0.09-2) ...
#6 19.75 Selecting previously unselected package libfile-stripnondeterminism-perl.
#6 19.76 Preparing to unpack .../025-libfile-stripnondeterminism-perl_1.7.0-1_all.deb ...
#6 19.76 Unpacking libfile-stripnondeterminism-perl (1.7.0-1) ...
#6 19.80 Selecting previously unselected package dh-strip-nondeterminism.
#6 19.80 Preparing to unpack .../026-dh-strip-nondeterminism_1.7.0-1_all.deb ...
#6 19.81 Unpacking dh-strip-nondeterminism (1.7.0-1) ...
#6 19.84 Selecting previously unselected package dwz.
#6 19.85 Preparing to unpack .../027-dwz_0.13-5_amd64.deb ...
#6 19.85 Unpacking dwz (0.13-5) ...
#6 19.91 Selecting previously unselected package libcroco3:amd64.
#6 19.91 Preparing to unpack .../028-libcroco3_0.6.13-1_amd64.deb ...
#6 19.92 Unpacking libcroco3:amd64 (0.6.13-1) ...
#6 19.97 Selecting previously unselected package gettext.
#6 19.97 Preparing to unpack .../029-gettext_0.19.8.1-10build1_amd64.deb ...
#6 19.97 Unpacking gettext (0.19.8.1-10build1) ...
#6 20.10 Selecting previously unselected package intltool-debian.
#6 20.11 Preparing to unpack .../030-intltool-debian_0.35.0+20060710.5_all.deb ...
#6 20.11 Unpacking intltool-debian (0.35.0+20060710.5) ...
#6 20.15 Selecting previously unselected package po-debconf.
#6 20.15 Preparing to unpack .../031-po-debconf_1.0.21_all.deb ...
#6 20.16 Unpacking po-debconf (1.0.21) ...
#6 20.22 Selecting previously unselected package debhelper.
#6 20.22 Preparing to unpack .../032-debhelper_12.10ubuntu1_all.deb ...
#6 20.23 Unpacking debhelper (12.10ubuntu1) ...
#6 20.36 Selecting previously unselected package libgfortran5:amd64.
#6 20.36 Preparing to unpack .../033-libgfortran5_10.3.0-1ubuntu1~20.04_amd64.deb ...
#6 20.37 Unpacking libgfortran5:amd64 (10.3.0-1ubuntu1~20.04) ...
#6 20.48 Selecting previously unselected package libgfortran-9-dev:amd64.
#6 20.48 Preparing to unpack .../034-libgfortran-9-dev_9.3.0-17ubuntu1~20.04_amd64.deb ...
#6 20.48 Unpacking libgfortran-9-dev:amd64 (9.3.0-17ubuntu1~20.04) ...
#6 20.62 Selecting previously unselected package gfortran-9.
#6 20.62 Preparing to unpack .../035-gfortran-9_9.3.0-17ubuntu1~20.04_amd64.deb ...
#6 20.62 Unpacking gfortran-9 (9.3.0-17ubuntu1~20.04) ...
#6 21.46 Selecting previously unselected package gfortran.
#6 21.47 Preparing to unpack .../036-gfortran_4%3a9.3.0-1ubuntu2_amd64.deb ...
#6 21.48 Unpacking gfortran (4:9.3.0-1ubuntu2) ...
#6 21.55 Selecting previously unselected package libgfortran-8-dev:amd64.
#6 21.55 Preparing to unpack .../037-libgfortran-8-dev_8.4.0-3ubuntu2_amd64.deb ...
#6 21.56 Unpacking libgfortran-8-dev:amd64 (8.4.0-3ubuntu2) ...
#6 21.69 Selecting previously unselected package gfortran-8.
#6 21.69 Preparing to unpack .../038-gfortran-8_8.4.0-3ubuntu2_amd64.deb ...
#6 21.70 Unpacking gfortran-8 (8.4.0-3ubuntu2) ...
#6 23.29 Selecting previously unselected package libnl-3-200:amd64.
#6 23.29 Preparing to unpack .../039-libnl-3-200_3.4.0-1_amd64.deb ...
#6 23.29 Unpacking libnl-3-200:amd64 (3.4.0-1) ...
#6 23.35 Selecting previously unselected package libnl-route-3-200:amd64.
#6 23.35 Preparing to unpack .../040-libnl-route-3-200_3.4.0-1_amd64.deb ...
#6 23.36 Unpacking libnl-route-3-200:amd64 (3.4.0-1) ...
#6 23.51 Selecting previously unselected package libibverbs1:amd64.
#6 23.52 Preparing to unpack .../041-libibverbs1_28.0-1ubuntu1_amd64.deb ...
#6 23.53 Unpacking libibverbs1:amd64 (28.0-1ubuntu1) ...
#6 23.66 Selecting previously unselected package ibverbs-providers:amd64.
#6 23.67 Preparing to unpack .../042-ibverbs-providers_28.0-1ubuntu1_amd64.deb ...
#6 23.69 Unpacking ibverbs-providers:amd64 (28.0-1ubuntu1) ...
#6 23.84 Selecting previously unselected package icu-devtools.
#6 23.85 Preparing to unpack .../043-icu-devtools_66.1-2ubuntu2.1_amd64.deb ...
#6 23.87 Unpacking icu-devtools (66.1-2ubuntu2.1) ...
#6 23.99 Selecting previously unselected package libarchive-cpio-perl.
#6 23.99 Preparing to unpack .../044-libarchive-cpio-perl_0.10-1_all.deb ...
#6 24.00 Unpacking libarchive-cpio-perl (0.10-1) ...
#6 24.14 Selecting previously unselected package libboost1.71-dev:amd64.
#6 24.14 Preparing to unpack .../045-libboost1.71-dev_1.71.0-6ubuntu6_amd64.deb ...
#6 24.15 Unpacking libboost1.71-dev:amd64 (1.71.0-6ubuntu6) ...
#6 28.48 Selecting previously unselected package libboost-dev:amd64.
#6 28.49 Preparing to unpack .../046-libboost-dev_1.71.0.0ubuntu2_amd64.deb ...
#6 28.52 Unpacking libboost-dev:amd64 (1.71.0.0ubuntu2) ...
#6 28.62 Selecting previously unselected package libboost1.71-tools-dev.
#6 28.62 Preparing to unpack .../047-libboost1.71-tools-dev_1.71.0-6ubuntu6_amd64.deb ...
#6 28.64 Unpacking libboost1.71-tools-dev (1.71.0-6ubuntu6) ...
#6 28.93 Selecting previously unselected package libboost-tools-dev.
#6 28.94 Preparing to unpack .../048-libboost-tools-dev_1.71.0.0ubuntu2_amd64.deb ...
#6 28.95 Unpacking libboost-tools-dev (1.71.0.0ubuntu2) ...
#6 29.05 Selecting previously unselected package libboost-atomic1.71.0:amd64.
#6 29.05 Preparing to unpack .../049-libboost-atomic1.71.0_1.71.0-6ubuntu6_amd64.deb ...
#6 29.06 Unpacking libboost-atomic1.71.0:amd64 (1.71.0-6ubuntu6) ...
#6 29.16 Selecting previously unselected package libboost-atomic1.71-dev:amd64.
#6 29.16 Preparing to unpack .../050-libboost-atomic1.71-dev_1.71.0-6ubuntu6_amd64.deb ...
#6 29.17 Unpacking libboost-atomic1.71-dev:amd64 (1.71.0-6ubuntu6) ...
#6 29.30 Selecting previously unselected package libboost-atomic-dev:amd64.
#6 29.30 Preparing to unpack .../051-libboost-atomic-dev_1.71.0.0ubuntu2_amd64.deb ...
#6 29.33 Unpacking libboost-atomic-dev:amd64 (1.71.0.0ubuntu2) ...
#6 29.47 Selecting previously unselected package libboost-chrono1.71.0:amd64.
#6 29.48 Preparing to unpack .../052-libboost-chrono1.71.0_1.71.0-6ubuntu6_amd64.deb ...
#6 29.50 Unpacking libboost-chrono1.71.0:amd64 (1.71.0-6ubuntu6) ...
#6 29.67 Selecting previously unselected package libboost-chrono1.71-dev:amd64.
#6 29.67 Preparing to unpack .../053-libboost-chrono1.71-dev_1.71.0-6ubuntu6_amd64.deb ...
#6 29.70 Unpacking libboost-chrono1.71-dev:amd64 (1.71.0-6ubuntu6) ...
#6 29.86 Selecting previously unselected package libboost-chrono-dev:amd64.
#6 29.86 Preparing to unpack .../054-libboost-chrono-dev_1.71.0.0ubuntu2_amd64.deb ...
#6 29.88 Unpacking libboost-chrono-dev:amd64 (1.71.0.0ubuntu2) ...
#6 29.98 Selecting previously unselected package libboost-container1.71.0:amd64.
#6 29.99 Preparing to unpack .../055-libboost-container1.71.0_1.71.0-6ubuntu6_amd64.deb ...
#6 29.99 Unpacking libboost-container1.71.0:amd64 (1.71.0-6ubuntu6) ...
#6 30.09 Selecting previously unselected package libboost-container1.71-dev:amd64.
#6 30.09 Preparing to unpack .../056-libboost-container1.71-dev_1.71.0-6ubuntu6_amd64.deb ...
#6 30.10 Unpacking libboost-container1.71-dev:amd64 (1.71.0-6ubuntu6) ...
#6 30.23 Selecting previously unselected package libboost-container-dev:amd64.
#6 30.24 Preparing to unpack .../057-libboost-container-dev_1.71.0.0ubuntu2_amd64.deb ...
#6 30.26 Unpacking libboost-container-dev:amd64 (1.71.0.0ubuntu2) ...
#6 30.39 Selecting previously unselected package libboost-date-time1.71.0:amd64.
#6 30.39 Preparing to unpack .../058-libboost-date-time1.71.0_1.71.0-6ubuntu6_amd64.deb ...
#6 30.41 Unpacking libboost-date-time1.71.0:amd64 (1.71.0-6ubuntu6) ...
#6 30.59 Selecting previously unselected package libboost-serialization1.71.0:amd64.
#6 30.60 Preparing to unpack .../059-libboost-serialization1.71.0_1.71.0-6ubuntu6_amd64.deb ...
#6 30.62 Unpacking libboost-serialization1.71.0:amd64 (1.71.0-6ubuntu6) ...
#6 30.78 Selecting previously unselected package libboost-serialization1.71-dev:amd64.
#6 30.79 Preparing to unpack .../060-libboost-serialization1.71-dev_1.71.0-6ubuntu6_amd64.deb ...
#6 30.79 Unpacking libboost-serialization1.71-dev:amd64 (1.71.0-6ubuntu6) ...
#6 30.88 Selecting previously unselected package libboost-date-time1.71-dev:amd64.
#6 30.89 Preparing to unpack .../061-libboost-date-time1.71-dev_1.71.0-6ubuntu6_amd64.deb ...
#6 30.89 Unpacking libboost-date-time1.71-dev:amd64 (1.71.0-6ubuntu6) ...
#6 30.97 Selecting previously unselected package libboost-system1.71.0:amd64.
#6 30.97 Preparing to unpack .../062-libboost-system1.71.0_1.71.0-6ubuntu6_amd64.deb ...
#6 30.98 Unpacking libboost-system1.71.0:amd64 (1.71.0-6ubuntu6) ...
#6 31.06 Selecting previously unselected package libboost-system1.71-dev:amd64.
#6 31.06 Preparing to unpack .../063-libboost-system1.71-dev_1.71.0-6ubuntu6_amd64.deb ...
#6 31.07 Unpacking libboost-system1.71-dev:amd64 (1.71.0-6ubuntu6) ...
#6 31.14 Selecting previously unselected package libboost-thread1.71.0:amd64.
#6 31.15 Preparing to unpack .../064-libboost-thread1.71.0_1.71.0-6ubuntu6_amd64.deb ...
#6 31.15 Unpacking libboost-thread1.71.0:amd64 (1.71.0-6ubuntu6) ...
#6 31.22 Selecting previously unselected package libboost-thread1.71-dev:amd64.
#6 31.23 Preparing to unpack .../065-libboost-thread1.71-dev_1.71.0-6ubuntu6_amd64.deb ...
#6 31.23 Unpacking libboost-thread1.71-dev:amd64 (1.71.0-6ubuntu6) ...
#6 31.32 Selecting previously unselected package libboost-context1.71.0:amd64.
#6 31.32 Preparing to unpack .../066-libboost-context1.71.0_1.71.0-6ubuntu6_amd64.deb ...
#6 31.33 Unpacking libboost-context1.71.0:amd64 (1.71.0-6ubuntu6) ...
#6 31.41 Selecting previously unselected package libboost-context1.71-dev:amd64.
#6 31.41 Preparing to unpack .../067-libboost-context1.71-dev_1.71.0-6ubuntu6_amd64.deb ...
#6 31.42 Unpacking libboost-context1.71-dev:amd64 (1.71.0-6ubuntu6) ...
#6 31.49 Selecting previously unselected package libboost-context-dev:amd64.
#6 31.49 Preparing to unpack .../068-libboost-context-dev_1.71.0.0ubuntu2_amd64.deb ...
#6 31.50 Unpacking libboost-context-dev:amd64 (1.71.0.0ubuntu2) ...
#6 31.55 Selecting previously unselected package libboost-coroutine1.71.0:amd64.
#6 31.55 Preparing to unpack .../069-libboost-coroutine1.71.0_1.71.0-6ubuntu6_amd64.deb ...
#6 31.56 Unpacking libboost-coroutine1.71.0:amd64 (1.71.0-6ubuntu6) ...
#6 31.73 Selecting previously unselected package libboost-coroutine1.71-dev:amd64.
#6 31.73 Preparing to unpack .../070-libboost-coroutine1.71-dev_1.71.0-6ubuntu6_amd64.deb ...
#6 31.77 Unpacking libboost-coroutine1.71-dev:amd64 (1.71.0-6ubuntu6) ...
#6 31.86 Selecting previously unselected package libboost-coroutine-dev:amd64.
#6 31.87 Preparing to unpack .../071-libboost-coroutine-dev_1.71.0.0ubuntu2_amd64.deb ...
#6 31.87 Unpacking libboost-coroutine-dev:amd64 (1.71.0.0ubuntu2) ...
#6 31.90 Selecting previously unselected package libboost-date-time-dev:amd64.
#6 31.91 Preparing to unpack .../072-libboost-date-time-dev_1.71.0.0ubuntu2_amd64.deb ...
#6 31.91 Unpacking libboost-date-time-dev:amd64 (1.71.0.0ubuntu2) ...
#6 31.95 Selecting previously unselected package libboost-exception1.71-dev:amd64.
#6 31.96 Preparing to unpack .../073-libboost-exception1.71-dev_1.71.0-6ubuntu6_amd64.deb ...
#6 31.96 Unpacking libboost-exception1.71-dev:amd64 (1.71.0-6ubuntu6) ...
#6 32.03 Selecting previously unselected package libboost-exception-dev:amd64.
#6 32.04 Preparing to unpack .../074-libboost-exception-dev_1.71.0.0ubuntu2_amd64.deb ...
#6 32.04 Unpacking libboost-exception-dev:amd64 (1.71.0.0ubuntu2) ...
#6 32.08 Selecting previously unselected package libboost-filesystem1.71.0:amd64.
#6 32.08 Preparing to unpack .../075-libboost-filesystem1.71.0_1.71.0-6ubuntu6_amd64.deb ...
#6 32.09 Unpacking libboost-filesystem1.71.0:amd64 (1.71.0-6ubuntu6) ...
#6 32.16 Selecting previously unselected package libboost-filesystem1.71-dev:amd64.
#6 32.17 Preparing to unpack .../076-libboost-filesystem1.71-dev_1.71.0-6ubuntu6_amd64.deb ...
#6 32.17 Unpacking libboost-filesystem1.71-dev:amd64 (1.71.0-6ubuntu6) ...
#6 32.25 Selecting previously unselected package libboost-fiber1.71.0:amd64.
#6 32.25 Preparing to unpack .../077-libboost-fiber1.71.0_1.71.0-6ubuntu6_amd64.deb ...
#6 32.26 Unpacking libboost-fiber1.71.0:amd64 (1.71.0-6ubuntu6) ...
#6 32.33 Selecting previously unselected package libboost-fiber1.71-dev:amd64.
#6 32.34 Preparing to unpack .../078-libboost-fiber1.71-dev_1.71.0-6ubuntu6_amd64.deb ...
#6 32.34 Unpacking libboost-fiber1.71-dev:amd64 (1.71.0-6ubuntu6) ...
#6 32.42 Selecting previously unselected package libboost-fiber-dev:amd64.
#6 32.42 Preparing to unpack .../079-libboost-fiber-dev_1.71.0.0ubuntu2_amd64.deb ...
#6 32.43 Unpacking libboost-fiber-dev:amd64 (1.71.0.0ubuntu2) ...
#6 32.47 Selecting previously unselected package libboost-filesystem-dev:amd64.
#6 32.48 Preparing to unpack .../080-libboost-filesystem-dev_1.71.0.0ubuntu2_amd64.deb ...
#6 32.48 Unpacking libboost-filesystem-dev:amd64 (1.71.0.0ubuntu2) ...
#6 32.53 Selecting previously unselected package libboost-regex1.71.0:amd64.
#6 32.53 Preparing to unpack .../081-libboost-regex1.71.0_1.71.0-6ubuntu6_amd64.deb ...
#6 32.54 Unpacking libboost-regex1.71.0:amd64 (1.71.0-6ubuntu6) ...
#6 32.65 Selecting previously unselected package libboost-graph1.71.0:amd64.
#6 32.65 Preparing to unpack .../082-libboost-graph1.71.0_1.71.0-6ubuntu6_amd64.deb ...
#6 32.66 Unpacking libboost-graph1.71.0:amd64 (1.71.0-6ubuntu6) ...
#6 32.76 Selecting previously unselected package libicu-dev:amd64.
#6 32.76 Preparing to unpack .../083-libicu-dev_66.1-2ubuntu2.1_amd64.deb ...
#6 32.77 Unpacking libicu-dev:amd64 (66.1-2ubuntu2.1) ...
#6 33.85 Selecting previously unselected package libboost-regex1.71-dev:amd64.
#6 33.86 Preparing to unpack .../084-libboost-regex1.71-dev_1.71.0-6ubuntu6_amd64.deb ...
#6 33.87 Unpacking libboost-regex1.71-dev:amd64 (1.71.0-6ubuntu6) ...
#6 34.06 Selecting previously unselected package libboost-test1.71.0:amd64.
#6 34.07 Preparing to unpack .../085-libboost-test1.71.0_1.71.0-6ubuntu6_amd64.deb ...
#6 34.09 Unpacking libboost-test1.71.0:amd64 (1.71.0-6ubuntu6) ...
#6 34.25 Selecting previously unselected package libboost-test1.71-dev:amd64.
#6 34.26 Preparing to unpack .../086-libboost-test1.71-dev_1.71.0-6ubuntu6_amd64.deb ...
#6 34.27 Unpacking libboost-test1.71-dev:amd64 (1.71.0-6ubuntu6) ...
#6 34.50 Selecting previously unselected package libboost-graph1.71-dev:amd64.
#6 34.51 Preparing to unpack .../087-libboost-graph1.71-dev_1.71.0-6ubuntu6_amd64.deb ...
#6 34.52 Unpacking libboost-graph1.71-dev:amd64 (1.71.0-6ubuntu6) ...
#6 34.70 Selecting previously unselected package libboost-graph-dev:amd64.
#6 34.70 Preparing to unpack .../088-libboost-graph-dev_1.71.0.0ubuntu2_amd64.deb ...
#6 34.72 Unpacking libboost-graph-dev:amd64 (1.71.0.0ubuntu2) ...
#6 34.85 Selecting previously unselected package libevent-2.1-7:amd64.
#6 34.86 Preparing to unpack .../089-libevent-2.1-7_2.1.11-stable-1_amd64.deb ...
#6 34.87 Unpacking libevent-2.1-7:amd64 (2.1.11-stable-1) ...
#6 35.01 Selecting previously unselected package libevent-core-2.1-7:amd64.
#6 35.01 Preparing to unpack .../090-libevent-core-2.1-7_2.1.11-stable-1_amd64.deb ...
#6 35.02 Unpacking libevent-core-2.1-7:amd64 (2.1.11-stable-1) ...
#6 35.13 Selecting previously unselected package libevent-pthreads-2.1-7:amd64.
#6 35.13 Preparing to unpack .../091-libevent-pthreads-2.1-7_2.1.11-stable-1_amd64.deb ...
#6 35.15 Unpacking libevent-pthreads-2.1-7:amd64 (2.1.11-stable-1) ...
#6 35.27 Selecting previously unselected package libpsm-infinipath1.
#6 35.28 Preparing to unpack .../092-libpsm-infinipath1_3.3+20.604758e7-6_amd64.deb ...
#6 35.29 Unpacking libpsm-infinipath1 (3.3+20.604758e7-6) ...
#6 35.40 Selecting previously unselected package libpsm2-2.
#6 35.41 Preparing to unpack .../093-libpsm2-2_11.2.86-1_amd64.deb ...
#6 35.43 Unpacking libpsm2-2 (11.2.86-1) ...
#6 35.62 Selecting previously unselected package librdmacm1:amd64.
#6 35.62 Preparing to unpack .../094-librdmacm1_28.0-1ubuntu1_amd64.deb ...
#6 35.64 Unpacking librdmacm1:amd64 (28.0-1ubuntu1) ...
#6 35.75 Selecting previously unselected package libfabric1.
#6 35.75 Preparing to unpack .../095-libfabric1_1.6.2-3_amd64.deb ...
#6 35.76 Unpacking libfabric1 (1.6.2-3) ...
#6 35.89 Selecting previously unselected package libltdl7:amd64.
#6 35.89 Preparing to unpack .../096-libltdl7_2.4.6-14_amd64.deb ...
#6 35.91 Unpacking libltdl7:amd64 (2.4.6-14) ...
#6 36.00 Selecting previously unselected package libhwloc15:amd64.
#6 36.01 Preparing to unpack .../097-libhwloc15_2.1.0+dfsg-4_amd64.deb ...
#6 36.01 Unpacking libhwloc15:amd64 (2.1.0+dfsg-4) ...
#6 36.13 Selecting previously unselected package libpciaccess0:amd64.
#6 36.14 Preparing to unpack .../098-libpciaccess0_0.16-0ubuntu1_amd64.deb ...
#6 36.16 Unpacking libpciaccess0:amd64 (0.16-0ubuntu1) ...
#6 36.31 Selecting previously unselected package libxnvctrl0:amd64.
#6 36.32 Preparing to unpack .../099-libxnvctrl0_470.57.01-0ubuntu0.20.04.2_amd64.deb ...
#6 36.34 Unpacking libxnvctrl0:amd64 (470.57.01-0ubuntu0.20.04.2) ...
#6 36.46 Selecting previously unselected package ocl-icd-libopencl1:amd64.
#6 36.46 Preparing to unpack .../100-ocl-icd-libopencl1_2.2.11-1ubuntu1_amd64.deb ...
#6 36.47 Unpacking ocl-icd-libopencl1:amd64 (2.2.11-1ubuntu1) ...
#6 36.55 Selecting previously unselected package libhwloc-plugins:amd64.
#6 36.55 Preparing to unpack .../101-libhwloc-plugins_2.1.0+dfsg-4_amd64.deb ...
#6 36.56 Unpacking libhwloc-plugins:amd64 (2.1.0+dfsg-4) ...
#6 36.64 Selecting previously unselected package libpmix2:amd64.
#6 36.64 Preparing to unpack .../102-libpmix2_3.1.5-1_amd64.deb ...
#6 36.66 Unpacking libpmix2:amd64 (3.1.5-1) ...
#6 36.81 Selecting previously unselected package libopenmpi3:amd64.
#6 36.82 Preparing to unpack .../103-libopenmpi3_4.0.3-0ubuntu1_amd64.deb ...
#6 36.82 Unpacking libopenmpi3:amd64 (4.0.3-0ubuntu1) ...
#6 37.11 Selecting previously unselected package libboost-mpi1.71.0.
#6 37.12 Preparing to unpack .../104-libboost-mpi1.71.0_1.71.0-6ubuntu6_amd64.deb ...
#6 37.12 Unpacking libboost-mpi1.71.0 (1.71.0-6ubuntu6) ...
#6 37.23 Selecting previously unselected package libboost-graph-parallel1.71.0.
#6 37.23 Preparing to unpack .../105-libboost-graph-parallel1.71.0_1.71.0-6ubuntu6_amd64.deb ...
#6 37.24 Unpacking libboost-graph-parallel1.71.0 (1.71.0-6ubuntu6) ...
#6 37.36 Selecting previously unselected package libboost-graph-parallel1.71-dev.
#6 37.36 Preparing to unpack .../106-libboost-graph-parallel1.71-dev_1.71.0-6ubuntu6_amd64.deb ...
#6 37.37 Unpacking libboost-graph-parallel1.71-dev (1.71.0-6ubuntu6) ...
#6 37.46 Selecting previously unselected package libboost-graph-parallel-dev.
#6 37.46 Preparing to unpack .../107-libboost-graph-parallel-dev_1.71.0.0ubuntu2_amd64.deb ...
#6 37.47 Unpacking libboost-graph-parallel-dev (1.71.0.0ubuntu2) ...
#6 37.52 Selecting previously unselected package libboost-iostreams1.71.0:amd64.
#6 37.52 Preparing to unpack .../108-libboost-iostreams1.71.0_1.71.0-6ubuntu6_amd64.deb ...
#6 37.53 Unpacking libboost-iostreams1.71.0:amd64 (1.71.0-6ubuntu6) ...
#6 37.60 Selecting previously unselected package libboost-iostreams1.71-dev:amd64.
#6 37.61 Preparing to unpack .../109-libboost-iostreams1.71-dev_1.71.0-6ubuntu6_amd64.deb ...
#6 37.62 Unpacking libboost-iostreams1.71-dev:amd64 (1.71.0-6ubuntu6) ...
#6 37.69 Selecting previously unselected package libboost-iostreams-dev:amd64.
#6 37.69 Preparing to unpack .../110-libboost-iostreams-dev_1.71.0.0ubuntu2_amd64.deb ...
#6 37.70 Unpacking libboost-iostreams-dev:amd64 (1.71.0.0ubuntu2) ...
#6 37.75 Selecting previously unselected package libboost-locale1.71.0:amd64.
#6 37.75 Preparing to unpack .../111-libboost-locale1.71.0_1.71.0-6ubuntu6_amd64.deb ...
#6 37.76 Unpacking libboost-locale1.71.0:amd64 (1.71.0-6ubuntu6) ...
#6 37.86 Selecting previously unselected package libboost-locale1.71-dev:amd64.
#6 37.86 Preparing to unpack .../112-libboost-locale1.71-dev_1.71.0-6ubuntu6_amd64.deb ...
#6 37.87 Unpacking libboost-locale1.71-dev:amd64 (1.71.0-6ubuntu6) ...
#6 37.99 Selecting previously unselected package libboost-locale-dev:amd64.
#6 38.00 Preparing to unpack .../113-libboost-locale-dev_1.71.0.0ubuntu2_amd64.deb ...
#6 38.00 Unpacking libboost-locale-dev:amd64 (1.71.0.0ubuntu2) ...
#6 38.05 Selecting previously unselected package libboost-log1.71.0.
#6 38.06 Preparing to unpack .../114-libboost-log1.71.0_1.71.0-6ubuntu6_amd64.deb ...
#6 38.06 Unpacking libboost-log1.71.0 (1.71.0-6ubuntu6) ...
#6 38.18 Selecting previously unselected package libboost-log1.71-dev.
#6 38.19 Preparing to unpack .../115-libboost-log1.71-dev_1.71.0-6ubuntu6_amd64.deb ...
#6 38.19 Unpacking libboost-log1.71-dev (1.71.0-6ubuntu6) ...
#6 38.35 Selecting previously unselected package libboost-log-dev.
#6 38.35 Preparing to unpack .../116-libboost-log-dev_1.71.0.0ubuntu2_amd64.deb ...
#6 38.36 Unpacking libboost-log-dev (1.71.0.0ubuntu2) ...
#6 38.40 Selecting previously unselected package libboost-math1.71.0:amd64.
#6 38.40 Preparing to unpack .../117-libboost-math1.71.0_1.71.0-6ubuntu6_amd64.deb ...
#6 38.40 Unpacking libboost-math1.71.0:amd64 (1.71.0-6ubuntu6) ...
#6 38.51 Selecting previously unselected package libboost-math1.71-dev:amd64.
#6 38.52 Preparing to unpack .../118-libboost-math1.71-dev_1.71.0-6ubuntu6_amd64.deb ...
#6 38.52 Unpacking libboost-math1.71-dev:amd64 (1.71.0-6ubuntu6) ...
#6 38.67 Selecting previously unselected package libboost-math-dev:amd64.
#6 38.68 Preparing to unpack .../119-libboost-math-dev_1.71.0.0ubuntu2_amd64.deb ...
#6 38.68 Unpacking libboost-math-dev:amd64 (1.71.0.0ubuntu2) ...
#6 38.73 Selecting previously unselected package openmpi-common.
#6 38.74 Preparing to unpack .../120-openmpi-common_4.0.3-0ubuntu1_all.deb ...
#6 38.74 Unpacking openmpi-common (4.0.3-0ubuntu1) ...
#6 38.82 Selecting previously unselected package libnl-3-dev:amd64.
#6 38.83 Preparing to unpack .../121-libnl-3-dev_3.4.0-1_amd64.deb ...
#6 38.83 Unpacking libnl-3-dev:amd64 (3.4.0-1) ...
#6 38.91 Selecting previously unselected package libnl-route-3-dev:amd64.
#6 38.91 Preparing to unpack .../122-libnl-route-3-dev_3.4.0-1_amd64.deb ...
#6 38.92 Unpacking libnl-route-3-dev:amd64 (3.4.0-1) ...
#6 38.99 Selecting previously unselected package libibverbs-dev:amd64.
#6 38.99 Preparing to unpack .../123-libibverbs-dev_28.0-1ubuntu1_amd64.deb ...
#6 39.00 Unpacking libibverbs-dev:amd64 (28.0-1ubuntu1) ...
#6 39.09 Selecting previously unselected package libnuma-dev:amd64.
#6 39.10 Preparing to unpack .../124-libnuma-dev_2.0.12-1_amd64.deb ...
#6 39.10 Unpacking libnuma-dev:amd64 (2.0.12-1) ...
#6 39.14 Selecting previously unselected package libltdl-dev:amd64.
#6 39.15 Preparing to unpack .../125-libltdl-dev_2.4.6-14_amd64.deb ...
#6 39.15 Unpacking libltdl-dev:amd64 (2.4.6-14) ...
#6 39.22 Selecting previously unselected package libhwloc-dev:amd64.
#6 39.23 Preparing to unpack .../126-libhwloc-dev_2.1.0+dfsg-4_amd64.deb ...
#6 39.23 Unpacking libhwloc-dev:amd64 (2.1.0+dfsg-4) ...
#6 39.32 Selecting previously unselected package libevent-extra-2.1-7:amd64.
#6 39.33 Preparing to unpack .../127-libevent-extra-2.1-7_2.1.11-stable-1_amd64.deb ...
#6 39.33 Unpacking libevent-extra-2.1-7:amd64 (2.1.11-stable-1) ...
#6 39.38 Selecting previously unselected package libevent-openssl-2.1-7:amd64.
#6 39.39 Preparing to unpack .../128-libevent-openssl-2.1-7_2.1.11-stable-1_amd64.deb ...
#6 39.39 Unpacking libevent-openssl-2.1-7:amd64 (2.1.11-stable-1) ...
#6 39.43 Selecting previously unselected package libevent-dev.
#6 39.44 Preparing to unpack .../129-libevent-dev_2.1.11-stable-1_amd64.deb ...
#6 39.44 Unpacking libevent-dev (2.1.11-stable-1) ...
#6 39.56 Selecting previously unselected package openmpi-bin.
#6 39.57 Preparing to unpack .../130-openmpi-bin_4.0.3-0ubuntu1_amd64.deb ...
#6 39.57 Unpacking openmpi-bin (4.0.3-0ubuntu1) ...
#6 39.66 Selecting previously unselected package libopenmpi-dev:amd64.
#6 39.66 Preparing to unpack .../131-libopenmpi-dev_4.0.3-0ubuntu1_amd64.deb ...
#6 39.68 Unpacking libopenmpi-dev:amd64 (4.0.3-0ubuntu1) ...
#6 39.93 Selecting previously unselected package mpi-default-dev.
#6 39.94 Preparing to unpack .../132-mpi-default-dev_1.13_amd64.deb ...
#6 39.94 Unpacking mpi-default-dev (1.13) ...
#6 40.01 Selecting previously unselected package libboost-mpi1.71-dev.
#6 40.02 Preparing to unpack .../133-libboost-mpi1.71-dev_1.71.0-6ubuntu6_amd64.deb ...
#6 40.02 Unpacking libboost-mpi1.71-dev (1.71.0-6ubuntu6) ...
#6 40.14 Selecting previously unselected package libboost-mpi-dev.
#6 40.14 Preparing to unpack .../134-libboost-mpi-dev_1.71.0.0ubuntu2_amd64.deb ...
#6 40.15 Unpacking libboost-mpi-dev (1.71.0.0ubuntu2) ...
#6 40.22 Selecting previously unselected package libboost-python1.71.0.
#6 40.23 Preparing to unpack .../135-libboost-python1.71.0_1.71.0-6ubuntu6_amd64.deb ...
#6 40.24 Unpacking libboost-python1.71.0 (1.71.0-6ubuntu6) ...
#6 40.35 Selecting previously unselected package mpi-default-bin.
#6 40.36 Preparing to unpack .../136-mpi-default-bin_1.13_amd64.deb ...
#6 40.37 Unpacking mpi-default-bin (1.13) ...
#6 40.43 Selecting previously unselected package libboost-mpi-python1.71.0.
#6 40.43 Preparing to unpack .../137-libboost-mpi-python1.71.0_1.71.0-6ubuntu6_amd64.deb ...
#6 40.45 Unpacking libboost-mpi-python1.71.0 (1.71.0-6ubuntu6) ...
#6 40.60 Selecting previously unselected package libboost-mpi-python1.71-dev.
#6 40.61 Preparing to unpack .../138-libboost-mpi-python1.71-dev_1.71.0-6ubuntu6_amd64.deb ...
#6 40.62 Unpacking libboost-mpi-python1.71-dev (1.71.0-6ubuntu6) ...
#6 40.71 Selecting previously unselected package libboost-mpi-python-dev.
#6 40.72 Preparing to unpack .../139-libboost-mpi-python-dev_1.71.0.0ubuntu2_amd64.deb ...
#6 40.72 Unpacking libboost-mpi-python-dev (1.71.0.0ubuntu2) ...
#6 40.80 Selecting previously unselected package libboost-numpy1.71.0.
#6 40.80 Preparing to unpack .../140-libboost-numpy1.71.0_1.71.0-6ubuntu6_amd64.deb ...
#6 40.81 Unpacking libboost-numpy1.71.0 (1.71.0-6ubuntu6) ...
#6 40.91 Selecting previously unselected package libboost-numpy1.71-dev.
#6 40.92 Preparing to unpack .../141-libboost-numpy1.71-dev_1.71.0-6ubuntu6_amd64.deb ...
#6 40.93 Unpacking libboost-numpy1.71-dev (1.71.0-6ubuntu6) ...
#6 41.02 Selecting previously unselected package libboost-numpy-dev.
#6 41.02 Preparing to unpack .../142-libboost-numpy-dev_1.71.0.0ubuntu2_amd64.deb ...
#6 41.03 Unpacking libboost-numpy-dev (1.71.0.0ubuntu2) ...
#6 41.09 Selecting previously unselected package libboost-program-options1.71.0:amd64.
#6 41.10 Preparing to unpack .../143-libboost-program-options1.71.0_1.71.0-6ubuntu6_amd64.deb ...
#6 41.11 Unpacking libboost-program-options1.71.0:amd64 (1.71.0-6ubuntu6) ...
#6 41.23 Selecting previously unselected package libboost-program-options1.71-dev:amd64.
#6 41.24 Preparing to unpack .../144-libboost-program-options1.71-dev_1.71.0-6ubuntu6_amd64.deb ...
#6 41.25 Unpacking libboost-program-options1.71-dev:amd64 (1.71.0-6ubuntu6) ...
#6 41.40 Selecting previously unselected package libboost-program-options-dev:amd64.
#6 41.41 Preparing to unpack .../145-libboost-program-options-dev_1.71.0.0ubuntu2_amd64.deb ...
#6 41.42 Unpacking libboost-program-options-dev:amd64 (1.71.0.0ubuntu2) ...
#6 41.49 Selecting previously unselected package libpython3.8:amd64.
#6 41.50 Preparing to unpack .../146-libpython3.8_3.8.10-0ubuntu1~20.04.2_amd64.deb ...
#6 41.50 Unpacking libpython3.8:amd64 (3.8.10-0ubuntu1~20.04.2) ...
#6 41.78 Selecting previously unselected package libexpat1-dev:amd64.
#6 41.79 Preparing to unpack .../147-libexpat1-dev_2.2.9-1build1_amd64.deb ...
#6 41.79 Unpacking libexpat1-dev:amd64 (2.2.9-1build1) ...
#6 41.92 Selecting previously unselected package libpython3.8-dev:amd64.
#6 41.93 Preparing to unpack .../148-libpython3.8-dev_3.8.10-0ubuntu1~20.04.2_amd64.deb ...
#6 41.94 Unpacking libpython3.8-dev:amd64 (3.8.10-0ubuntu1~20.04.2) ...
#6 42.44 Selecting previously unselected package libpython3-dev:amd64.
#6 42.44 Preparing to unpack .../149-libpython3-dev_3.8.2-0ubuntu2_amd64.deb ...
#6 42.46 Unpacking libpython3-dev:amd64 (3.8.2-0ubuntu2) ...
#6 42.52 Selecting previously unselected package zlib1g-dev:amd64.
#6 42.53 Preparing to unpack .../150-zlib1g-dev_1%3a1.2.11.dfsg-2ubuntu1.2_amd64.deb ...
#6 42.53 Unpacking zlib1g-dev:amd64 (1:1.2.11.dfsg-2ubuntu1.2) ...
#6 42.62 Selecting previously unselected package python3.8-dev.
#6 42.62 Preparing to unpack .../151-python3.8-dev_3.8.10-0ubuntu1~20.04.2_amd64.deb ...
#6 42.63 Unpacking python3.8-dev (3.8.10-0ubuntu1~20.04.2) ...
#6 42.71 Selecting previously unselected package python3-lib2to3.
#6 42.71 Preparing to unpack .../152-python3-lib2to3_3.8.10-0ubuntu1~20.04_all.deb ...
#6 42.72 Unpacking python3-lib2to3 (3.8.10-0ubuntu1~20.04) ...
#6 42.83 Selecting previously unselected package python3-distutils.
#6 42.84 Preparing to unpack .../153-python3-distutils_3.8.10-0ubuntu1~20.04_all.deb ...
#6 42.84 Unpacking python3-distutils (3.8.10-0ubuntu1~20.04) ...
#6 42.94 Selecting previously unselected package python3-dev.
#6 42.95 Preparing to unpack .../154-python3-dev_3.8.2-0ubuntu2_amd64.deb ...
#6 42.96 Unpacking python3-dev (3.8.2-0ubuntu2) ...
#6 43.02 Selecting previously unselected package libboost-python1.71-dev.
#6 43.02 Preparing to unpack .../155-libboost-python1.71-dev_1.71.0-6ubuntu6_amd64.deb ...
#6 43.03 Unpacking libboost-python1.71-dev (1.71.0-6ubuntu6) ...
#6 43.13 Selecting previously unselected package libboost-python-dev.
#6 43.14 Preparing to unpack .../156-libboost-python-dev_1.71.0.0ubuntu2_amd64.deb ...
#6 43.15 Unpacking libboost-python-dev (1.71.0.0ubuntu2) ...
#6 43.21 Selecting previously unselected package libboost-random1.71.0:amd64.
#6 43.22 Preparing to unpack .../157-libboost-random1.71.0_1.71.0-6ubuntu6_amd64.deb ...
#6 43.23 Unpacking libboost-random1.71.0:amd64 (1.71.0-6ubuntu6) ...
#6 43.34 Selecting previously unselected package libboost-random1.71-dev:amd64.
#6 43.35 Preparing to unpack .../158-libboost-random1.71-dev_1.71.0-6ubuntu6_amd64.deb ...
#6 43.35 Unpacking libboost-random1.71-dev:amd64 (1.71.0-6ubuntu6) ...
#6 43.44 Selecting previously unselected package libboost-random-dev:amd64.
#6 43.45 Preparing to unpack .../159-libboost-random-dev_1.71.0.0ubuntu2_amd64.deb ...
#6 43.45 Unpacking libboost-random-dev:amd64 (1.71.0.0ubuntu2) ...
#6 43.52 Selecting previously unselected package libboost-regex-dev:amd64.
#6 43.52 Preparing to unpack .../160-libboost-regex-dev_1.71.0.0ubuntu2_amd64.deb ...
#6 43.53 Unpacking libboost-regex-dev:amd64 (1.71.0.0ubuntu2) ...
#6 43.59 Selecting previously unselected package libboost-serialization-dev:amd64.
#6 43.59 Preparing to unpack .../161-libboost-serialization-dev_1.71.0.0ubuntu2_amd64.deb ...
#6 43.60 Unpacking libboost-serialization-dev:amd64 (1.71.0.0ubuntu2) ...
#6 43.66 Selecting previously unselected package libboost-stacktrace1.71.0:amd64.
#6 43.67 Preparing to unpack .../162-libboost-stacktrace1.71.0_1.71.0-6ubuntu6_amd64.deb ...
#6 43.67 Unpacking libboost-stacktrace1.71.0:amd64 (1.71.0-6ubuntu6) ...
#6 43.77 Selecting previously unselected package libboost-stacktrace1.71-dev:amd64.
#6 43.77 Preparing to unpack .../163-libboost-stacktrace1.71-dev_1.71.0-6ubuntu6_amd64.deb ...
#6 43.78 Unpacking libboost-stacktrace1.71-dev:amd64 (1.71.0-6ubuntu6) ...
#6 43.89 Selecting previously unselected package libboost-stacktrace-dev:amd64.
#6 43.90 Preparing to unpack .../164-libboost-stacktrace-dev_1.71.0.0ubuntu2_amd64.deb ...
#6 43.91 Unpacking libboost-stacktrace-dev:amd64 (1.71.0.0ubuntu2) ...
#6 43.97 Selecting previously unselected package libboost-system-dev:amd64.
#6 43.98 Preparing to unpack .../165-libboost-system-dev_1.71.0.0ubuntu2_amd64.deb ...
#6 43.98 Unpacking libboost-system-dev:amd64 (1.71.0.0ubuntu2) ...
#6 44.06 Selecting previously unselected package libboost-test-dev:amd64.
#6 44.06 Preparing to unpack .../166-libboost-test-dev_1.71.0.0ubuntu2_amd64.deb ...
#6 44.07 Unpacking libboost-test-dev:amd64 (1.71.0.0ubuntu2) ...
#6 44.14 Selecting previously unselected package libboost-thread-dev:amd64.
#6 44.14 Preparing to unpack .../167-libboost-thread-dev_1.71.0.0ubuntu2_amd64.deb ...
#6 44.15 Unpacking libboost-thread-dev:amd64 (1.71.0.0ubuntu2) ...
#6 44.18 Selecting previously unselected package libboost-timer1.71.0:amd64.
#6 44.19 Preparing to unpack .../168-libboost-timer1.71.0_1.71.0-6ubuntu6_amd64.deb ...
#6 44.19 Unpacking libboost-timer1.71.0:amd64 (1.71.0-6ubuntu6) ...
#6 44.36 Selecting previously unselected package libboost-timer1.71-dev:amd64.
#6 44.37 Preparing to unpack .../169-libboost-timer1.71-dev_1.71.0-6ubuntu6_amd64.deb ...
#6 44.37 Unpacking libboost-timer1.71-dev:amd64 (1.71.0-6ubuntu6) ...
#6 44.45 Selecting previously unselected package libboost-timer-dev:amd64.
#6 44.45 Preparing to unpack .../170-libboost-timer-dev_1.71.0.0ubuntu2_amd64.deb ...
#6 44.46 Unpacking libboost-timer-dev:amd64 (1.71.0.0ubuntu2) ...
#6 44.49 Selecting previously unselected package libboost-type-erasure1.71.0:amd64.
#6 44.50 Preparing to unpack .../171-libboost-type-erasure1.71.0_1.71.0-6ubuntu6_amd64.deb ...
#6 44.50 Unpacking libboost-type-erasure1.71.0:amd64 (1.71.0-6ubuntu6) ...
#6 44.57 Selecting previously unselected package libboost-type-erasure1.71-dev:amd64.
#6 44.58 Preparing to unpack .../172-libboost-type-erasure1.71-dev_1.71.0-6ubuntu6_amd64.deb ...
#6 44.58 Unpacking libboost-type-erasure1.71-dev:amd64 (1.71.0-6ubuntu6) ...
#6 44.65 Selecting previously unselected package libboost-type-erasure-dev:amd64.
#6 44.65 Preparing to unpack .../173-libboost-type-erasure-dev_1.71.0.0ubuntu2_amd64.deb ...
#6 44.65 Unpacking libboost-type-erasure-dev:amd64 (1.71.0.0ubuntu2) ...
#6 44.69 Selecting previously unselected package libboost-wave1.71.0:amd64.
#6 44.70 Preparing to unpack .../174-libboost-wave1.71.0_1.71.0-6ubuntu6_amd64.deb ...
#6 44.70 Unpacking libboost-wave1.71.0:amd64 (1.71.0-6ubuntu6) ...
#6 44.80 Selecting previously unselected package libboost-wave1.71-dev:amd64.
#6 44.80 Preparing to unpack .../175-libboost-wave1.71-dev_1.71.0-6ubuntu6_amd64.deb ...
#6 44.81 Unpacking libboost-wave1.71-dev:amd64 (1.71.0-6ubuntu6) ...
#6 44.91 Selecting previously unselected package libboost-wave-dev:amd64.
#6 44.92 Preparing to unpack .../176-libboost-wave-dev_1.71.0.0ubuntu2_amd64.deb ...
#6 44.92 Unpacking libboost-wave-dev:amd64 (1.71.0.0ubuntu2) ...
#6 44.96 Selecting previously unselected package libboost-all-dev.
#6 44.96 Preparing to unpack .../177-libboost-all-dev_1.71.0.0ubuntu2_amd64.deb ...
#6 44.96 Unpacking libboost-all-dev (1.71.0.0ubuntu2) ...
#6 45.00 Selecting previously unselected package libbsd-dev:amd64.
#6 45.01 Preparing to unpack .../178-libbsd-dev_0.10.0-1_amd64.deb ...
#6 45.01 Unpacking libbsd-dev:amd64 (0.10.0-1) ...
#6 45.09 Selecting previously unselected package libcaf-openmpi-3:amd64.
#6 45.09 Preparing to unpack .../179-libcaf-openmpi-3_2.8.0-1_amd64.deb ...
#6 45.10 Unpacking libcaf-openmpi-3:amd64 (2.8.0-1) ...
#6 45.14 Selecting previously unselected package libcoarrays-dev:amd64.
#6 45.15 Preparing to unpack .../180-libcoarrays-dev_2.8.0-1_amd64.deb ...
#6 45.16 Unpacking libcoarrays-dev:amd64 (2.8.0-1) ...
#6 45.20 Selecting previously unselected package libcoarrays-openmpi-dev:amd64.
#6 45.21 Preparing to unpack .../181-libcoarrays-openmpi-dev_2.8.0-1_amd64.deb ...
#6 45.21 Unpacking libcoarrays-openmpi-dev:amd64 (2.8.0-1) ...
#6 45.26 Selecting previously unselected package libncurses-dev:amd64.
#6 45.26 Preparing to unpack .../182-libncurses-dev_6.2-0ubuntu2_amd64.deb ...
#6 45.26 Unpacking libncurses-dev:amd64 (6.2-0ubuntu2) ...
#6 45.36 Selecting previously unselected package libedit-dev:amd64.
#6 45.37 Preparing to unpack .../183-libedit-dev_3.1-20191231-1_amd64.deb ...
#6 45.37 Unpacking libedit-dev:amd64 (3.1-20191231-1) ...
#6 45.44 Selecting previously unselected package libfl2:amd64.
#6 45.44 Preparing to unpack .../184-libfl2_2.6.4-6.2_amd64.deb ...
#6 45.45 Unpacking libfl2:amd64 (2.6.4-6.2) ...
#6 45.49 Selecting previously unselected package libfl-dev:amd64.
#6 45.49 Preparing to unpack .../185-libfl-dev_2.6.4-6.2_amd64.deb ...
#6 45.49 Unpacking libfl-dev:amd64 (2.6.4-6.2) ...
#6 45.53 Selecting previously unselected package libluajit-5.1-common.
#6 45.54 Preparing to unpack .../186-libluajit-5.1-common_2.1.0~beta3+dfsg-5.1build1_all.deb ...
#6 45.54 Unpacking libluajit-5.1-common (2.1.0~beta3+dfsg-5.1build1) ...
#6 45.59 Selecting previously unselected package libluajit-5.1-2:amd64.
#6 45.60 Preparing to unpack .../187-libluajit-5.1-2_2.1.0~beta3+dfsg-5.1build1_amd64.deb ...
#6 45.60 Unpacking libluajit-5.1-2:amd64 (2.1.0~beta3+dfsg-5.1build1) ...
#6 45.67 Selecting previously unselected package libluajit-5.1-dev:amd64.
#6 45.68 Preparing to unpack .../188-libluajit-5.1-dev_2.1.0~beta3+dfsg-5.1build1_amd64.deb ...
#6 45.68 Unpacking libluajit-5.1-dev:amd64 (2.1.0~beta3+dfsg-5.1build1) ...
#6 45.76 Selecting previously unselected package libsys-hostname-long-perl.
#6 45.76 Preparing to unpack .../189-libsys-hostname-long-perl_1.5-1_all.deb ...
#6 45.77 Unpacking libsys-hostname-long-perl (1.5-1) ...
#6 45.80 Selecting previously unselected package libmail-sendmail-perl.
#6 45.81 Preparing to unpack .../190-libmail-sendmail-perl_0.80-1_all.deb ...
#6 45.81 Unpacking libmail-sendmail-perl (0.80-1) ...
#6 45.86 Selecting previously unselected package libprotobuf-lite17:amd64.
#6 45.86 Preparing to unpack .../191-libprotobuf-lite17_3.6.1.3-2ubuntu5_amd64.deb ...
#6 45.87 Unpacking libprotobuf-lite17:amd64 (3.6.1.3-2ubuntu5) ...
#6 46.03 Selecting previously unselected package libprotobuf17:amd64.
#6 46.04 Preparing to unpack .../192-libprotobuf17_3.6.1.3-2ubuntu5_amd64.deb ...
#6 46.07 Unpacking libprotobuf17:amd64 (3.6.1.3-2ubuntu5) ...
#6 46.28 Selecting previously unselected package libprotoc17:amd64.
#6 46.29 Preparing to unpack .../193-libprotoc17_3.6.1.3-2ubuntu5_amd64.deb ...
#6 46.29 Unpacking libprotoc17:amd64 (3.6.1.3-2ubuntu5) ...
#6 46.43 Selecting previously unselected package libssl-dev:amd64.
#6 46.44 Preparing to unpack .../194-libssl-dev_1.1.1f-1ubuntu2.10_amd64.deb ...
#6 46.45 Unpacking libssl-dev:amd64 (1.1.1f-1ubuntu2.10) ...
#6 46.78 Selecting previously unselected package pkg-config.
#6 46.79 Preparing to unpack .../195-pkg-config_0.29.1-0ubuntu4_amd64.deb ...
#6 46.80 Unpacking pkg-config (0.29.1-0ubuntu4) ...
#6 46.88 Selecting previously unselected package ragel.
#6 46.89 Preparing to unpack .../196-ragel_6.10-1build1_amd64.deb ...
#6 46.89 Unpacking ragel (6.10-1build1) ...
#6 47.03 Selecting previously unselected package libprotobuf-dev:amd64.
#6 47.04 Preparing to unpack .../197-libprotobuf-dev_3.6.1.3-2ubuntu5_amd64.deb ...
#6 47.05 Unpacking libprotobuf-dev:amd64 (3.6.1.3-2ubuntu5) ...
#6 47.29 Selecting previously unselected package protobuf-compiler.
#6 47.30 Preparing to unpack .../198-protobuf-compiler_3.6.1.3-2ubuntu5_amd64.deb ...
#6 47.30 Unpacking protobuf-compiler (3.6.1.3-2ubuntu5) ...
#6 47.40 Setting up libboost1.71-tools-dev (1.71.0-6ubuntu6) ...
#6 47.43 Setting up libpipeline1:amd64 (1.5.2-2build1) ...
#6 47.47 Setting up libboost-stacktrace1.71.0:amd64 (1.71.0-6ubuntu6) ...
#6 47.50 Setting up libpciaccess0:amd64 (0.16-0ubuntu1) ...
#6 47.53 Setting up libncurses-dev:amd64 (6.2-0ubuntu2) ...
#6 47.56 Setting up libboost-container1.71.0:amd64 (1.71.0-6ubuntu6) ...
#6 47.59 Setting up libarchive-zip-perl (1.67-2) ...
#6 47.61 Setting up libprotobuf-lite17:amd64 (3.6.1.3-2ubuntu5) ...
#6 47.64 Setting up libdebhelper-perl (12.10ubuntu1) ...
#6 47.67 Setting up libboost1.71-dev:amd64 (1.71.0-6ubuntu6) ...
#6 47.71 Setting up libboost-chrono1.71.0:amd64 (1.71.0-6ubuntu6) ...
#6 47.74 Setting up gettext-base (0.19.8.1-10build1) ...
#6 47.77 Setting up libboost-container1.71-dev:amd64 (1.71.0-6ubuntu6) ...
#6 47.79 Setting up libboost-tools-dev (1.71.0.0ubuntu2) ...
#6 47.82 Setting up libboost-filesystem1.71.0:amd64 (1.71.0-6ubuntu6) ...
#6 47.84 Setting up libboost-iostreams1.71.0:amd64 (1.71.0-6ubuntu6) ...
#6 47.85 Setting up libboost-python1.71.0 (1.71.0-6ubuntu6) ...
#6 47.88 Setting up libboost-date-time1.71.0:amd64 (1.71.0-6ubuntu6) ...
#6 47.91 Setting up libboost-container-dev:amd64 (1.71.0.0ubuntu2) ...
#6 47.93 Setting up libxnvctrl0:amd64 (470.57.01-0ubuntu0.20.04.2) ...
#6 47.95 Setting up libboost-numpy1.71.0 (1.71.0-6ubuntu6) ...
#6 47.97 Setting up ragel (6.10-1build1) ...
#6 48.00 Setting up autotools-dev (20180224.1) ...
#6 48.01 Setting up libboost-math1.71.0:amd64 (1.71.0-6ubuntu6) ...
#6 48.04 Setting up libexpat1-dev:amd64 (2.2.9-1build1) ...
#6 48.07 Setting up libboost-atomic1.71.0:amd64 (1.71.0-6ubuntu6) ...
#6 48.10 Setting up libpython3.8:amd64 (3.8.10-0ubuntu1~20.04.2) ...
#6 48.38 Setting up libsigsegv2:amd64 (2.12-2) ...
#6 48.63 Setting up bsdmainutils (11.1.2ubuntu3) ...
#6 48.68 update-alternatives: using /usr/bin/bsd-write to provide /usr/bin/write (write) in auto mode
#6 48.68 update-alternatives: warning: skip creation of /usr/share/man/man1/write.1.gz because associated file /usr/share/man/man1/bsd-write.1.gz (of link group write) doesn't exist
#6 48.69 update-alternatives: using /usr/bin/bsd-from to provide /usr/bin/from (from) in auto mode
#6 48.69 update-alternatives: warning: skip creation of /usr/share/man/man1/from.1.gz because associated file /usr/share/man/man1/bsd-from.1.gz (of link group from) doesn't exist
#6 48.71 Setting up libluajit-5.1-common (2.1.0~beta3+dfsg-5.1build1) ...
#6 48.73 Setting up libssl-dev:amd64 (1.1.1f-1ubuntu2.10) ...
#6 48.75 Setting up libevent-core-2.1-7:amd64 (2.1.11-stable-1) ...
#6 48.77 Setting up libevent-2.1-7:amd64 (2.1.11-stable-1) ...
#6 48.79 Setting up gcc-8-base:amd64 (8.4.0-3ubuntu2) ...
#6 48.81 Setting up autopoint (0.19.8.1-10build1) ...
#6 48.84 Setting up libcroco3:amd64 (0.6.13-1) ...
#6 48.85 Setting up icu-devtools (66.1-2ubuntu2.1) ...
#6 48.87 Setting up pkg-config (0.29.1-0ubuntu4) ...
#6 48.96 Setting up libboost-regex1.71.0:amd64 (1.71.0-6ubuntu6) ...
#6 48.98 Setting up libfl2:amd64 (2.6.4-6.2) ...
#6 49.00 Setting up libboost-math1.71-dev:amd64 (1.71.0-6ubuntu6) ...
#6 49.02 Setting up libltdl7:amd64 (2.4.6-14) ...
#6 49.03 Setting up libgfortran5:amd64 (10.3.0-1ubuntu1~20.04) ...
#6 49.05 Setting up libmpx2:amd64 (8.4.0-3ubuntu2) ...
#6 49.08 Setting up zlib1g-dev:amd64 (1:1.2.11.dfsg-2ubuntu1.2) ...
#6 49.11 Setting up libnuma1:amd64 (2.0.12-1) ...
#6 49.14 Setting up dwz (0.13-5) ...
#6 49.17 Setting up libboost-timer1.71.0:amd64 (1.71.0-6ubuntu6) ...
#6 49.20 Setting up ocl-icd-libopencl1:amd64 (2.2.11-1ubuntu1) ...
#6 49.23 Setting up libboost-test1.71.0:amd64 (1.71.0-6ubuntu6) ...
#6 49.25 Setting up libarchive-cpio-perl (0.10-1) ...
#6 49.29 Setting up libuchardet0:amd64 (0.0.6-3build1) ...
#6 49.32 Setting up libnl-3-200:amd64 (3.4.0-1) ...
#6 49.34 Setting up libboost-thread1.71.0:amd64 (1.71.0-6ubuntu6) ...
#6 49.36 Setting up libpsm2-2 (11.2.86-1) ...
#6 49.37 Setting up openmpi-common (4.0.3-0ubuntu1) ...
#6 49.38 Setting up libsub-override-perl (0.09-2) ...
#6 49.39 Setting up libboost-context1.71.0:amd64 (1.71.0-6ubuntu6) ...
#6 49.40 Setting up libboost-serialization1.71.0:amd64 (1.71.0-6ubuntu6) ...
#6 49.41 Setting up libboost-random1.71.0:amd64 (1.71.0-6ubuntu6) ...
#6 49.42 Setting up libboost-system1.71.0:amd64 (1.71.0-6ubuntu6) ...
#6 49.43 Setting up libboost-atomic1.71-dev:amd64 (1.71.0-6ubuntu6) ...
#6 49.44 Setting up libboost-dev:amd64 (1.71.0.0ubuntu2) ...
#6 49.45 Setting up libboost-fiber1.71.0:amd64 (1.71.0-6ubuntu6) ...
#6 49.46 Setting up libprotobuf17:amd64 (3.6.1.3-2ubuntu5) ...
#6 49.47 Setting up libboost-locale1.71.0:amd64 (1.71.0-6ubuntu6) ...
#6 49.49 Setting up libpsm-infinipath1 (3.3+20.604758e7-6) ...
#6 49.50 update-alternatives: using /usr/lib/libpsm1/libpsm_infinipath.so.1.16 to provide /usr/lib/x86_64-linux-gnu/libpsm_infinipath.so.1 (libpsm_infinipath.so.1) in auto mode
#6 49.50 Setting up libboost-graph1.71.0:amd64 (1.71.0-6ubuntu6) ...
#6 49.51 Setting up cpp-8 (8.4.0-3ubuntu2) ...
#6 49.52 Setting up libboost-stacktrace1.71-dev:amd64 (1.71.0-6ubuntu6) ...
#6 49.54 Setting up libboost-wave1.71.0:amd64 (1.71.0-6ubuntu6) ...
#6 49.56 Setting up python3-lib2to3 (3.8.10-0ubuntu1~20.04) ...
#6 49.76 Setting up libsys-hostname-long-perl (1.5-1) ...
#6 49.82 Setting up libicu-dev:amd64 (66.1-2ubuntu2.1) ...
#6 49.83 Setting up libbsd-dev:amd64 (0.10.0-1) ...
#6 49.86 Setting up libevent-pthreads-2.1-7:amd64 (2.1.11-stable-1) ...
#6 49.88 Setting up libboost-program-options1.71.0:amd64 (1.71.0-6ubuntu6) ...
#6 49.92 Setting up python3-distutils (3.8.10-0ubuntu1~20.04) ...
#6 50.12 Setting up libfile-stripnondeterminism-perl (1.7.0-1) ...
#6 50.15 Setting up libboost-program-options1.71-dev:amd64 (1.71.0-6ubuntu6) ...
#6 50.19 Setting up libboost-chrono1.71-dev:amd64 (1.71.0-6ubuntu6) ...
#6 50.21 Setting up libevent-extra-2.1-7:amd64 (2.1.11-stable-1) ...
#6 50.27 Setting up gettext (0.19.8.1-10build1) ...
#6 50.29 Setting up libboost-exception1.71-dev:amd64 (1.71.0-6ubuntu6) ...
#6 50.30 Setting up libprotoc17:amd64 (3.6.1.3-2ubuntu5) ...
#6 50.34 Setting up protobuf-compiler (3.6.1.3-2ubuntu5) ...
#6 50.36 Setting up libboost-log1.71.0 (1.71.0-6ubuntu6) ...
#6 50.40 Setting up libtool (2.4.6-14) ...
#6 50.43 Setting up libboost-chrono-dev:amd64 (1.71.0.0ubuntu2) ...
#6 50.45 Setting up libboost-numpy1.71-dev (1.71.0-6ubuntu6) ...
#6 50.47 Setting up libboost-math-dev:amd64 (1.71.0.0ubuntu2) ...
#6 50.49 Setting up libgfortran-9-dev:amd64 (9.3.0-17ubuntu1~20.04) ...
#6 50.52 Setting up libevent-openssl-2.1-7:amd64 (2.1.11-stable-1) ...
#6 50.55 Setting up m4 (1.4.18-4) ...
#6 50.59 Setting up libboost-exception-dev:amd64 (1.71.0.0ubuntu2) ...
#6 50.61 Setting up libluajit-5.1-2:amd64 (2.1.0~beta3+dfsg-5.1build1) ...
#6 50.63 Setting up intltool-debian (0.35.0+20060710.5) ...
#6 50.65 Setting up libnuma-dev:amd64 (2.0.12-1) ...
#6 50.67 Setting up libboost-system1.71-dev:amd64 (1.71.0-6ubuntu6) ...
#6 50.69 Setting up libnl-route-3-200:amd64 (3.4.0-1) ...
#6 50.72 Setting up libprotobuf-dev:amd64 (3.6.1.3-2ubuntu5) ...
#6 50.74 Setting up libboost-random1.71-dev:amd64 (1.71.0-6ubuntu6) ...
#6 50.78 Setting up libmail-sendmail-perl (0.80-1) ...
#6 50.81 Setting up libboost-coroutine1.71.0:amd64 (1.71.0-6ubuntu6) ...
#6 50.85 Setting up libboost-timer1.71-dev:amd64 (1.71.0-6ubuntu6) ...
#6 50.88 Setting up libboost-type-erasure1.71.0:amd64 (1.71.0-6ubuntu6) ...
#6 50.93 Setting up libboost-test1.71-dev:amd64 (1.71.0-6ubuntu6) ...
#6 50.97 Setting up libboost-program-options-dev:amd64 (1.71.0.0ubuntu2) ...
#6 50.99 Setting up libpython3.8-dev:amd64 (3.8.10-0ubuntu1~20.04.2) ...
#6 51.01 Setting up libboost-filesystem1.71-dev:amd64 (1.71.0-6ubuntu6) ...
#6 51.03 Setting up libboost-numpy-dev (1.71.0.0ubuntu2) ...
#6 51.05 Setting up libedit-dev:amd64 (3.1-20191231-1) ...
#6 51.09 Setting up libevent-dev (2.1.11-stable-1) ...
#6 51.14 Setting up libhwloc15:amd64 (2.1.0+dfsg-4) ...
#6 51.16 Setting up libboost-regex1.71-dev:amd64 (1.71.0-6ubuntu6) ...
#6 51.19 Setting up libboost-serialization1.71-dev:amd64 (1.71.0-6ubuntu6) ...
#6 51.21 Setting up libboost-serialization-dev:amd64 (1.71.0.0ubuntu2) ...
#6 51.24 Setting up libgcc-8-dev:amd64 (8.4.0-3ubuntu2) ...
#6 51.26 Setting up autoconf (2.69-11.1) ...
#6 51.29 Setting up python3.8-dev (3.8.10-0ubuntu1~20.04.2) ...
#6 51.31 Setting up libluajit-5.1-dev:amd64 (2.1.0~beta3+dfsg-5.1build1) ...
#6 51.37 Setting up dh-strip-nondeterminism (1.7.0-1) ...
#6 51.43 Setting up libboost-atomic-dev:amd64 (1.71.0.0ubuntu2) ...
#6 51.49 Setting up libboost-date-time1.71-dev:amd64 (1.71.0-6ubuntu6) ...
#6 51.54 Setting up libnl-3-dev:amd64 (3.4.0-1) ...
#6 51.58 Setting up groff-base (1.22.4-4build1) ...
#6 51.61 Setting up libboost-stacktrace-dev:amd64 (1.71.0.0ubuntu2) ...
#6 51.62 Setting up bison (2:3.5.1+dfsg-1) ...
#6 51.64 update-alternatives: using /usr/bin/bison.yacc to provide /usr/bin/yacc (yacc) in auto mode
#6 51.64 update-alternatives: warning: skip creation of /usr/share/man/man1/yacc.1.gz because associated file /usr/share/man/man1/bison.yacc.1.gz (of link group yacc) doesn't exist
#6 51.64 Setting up libboost-regex-dev:amd64 (1.71.0.0ubuntu2) ...
#6 51.66 Setting up libboost-timer-dev:amd64 (1.71.0.0ubuntu2) ...
#6 51.67 Setting up libboost-filesystem-dev:amd64 (1.71.0.0ubuntu2) ...
#6 51.69 Setting up libboost-iostreams1.71-dev:amd64 (1.71.0-6ubuntu6) ...
#6 51.70 Setting up libboost-graph1.71-dev:amd64 (1.71.0-6ubuntu6) ...
#6 51.72 Setting up automake (1:1.16.1-4ubuntu6) ...
#6 51.74 update-alternatives: using /usr/bin/automake-1.16 to provide /usr/bin/automake (automake) in auto mode
#6 51.74 update-alternatives: warning: skip creation of /usr/share/man/man1/automake.1.gz because associated file /usr/share/man/man1/automake-1.16.1.gz (of link group automake) doesn't exist
#6 51.74 update-alternatives: warning: skip creation of /usr/share/man/man1/aclocal.1.gz because associated file /usr/share/man/man1/aclocal-1.16.1.gz (of link group automake) doesn't exist
#6 51.74 Setting up libgfortran-8-dev:amd64 (8.4.0-3ubuntu2) ...
#6 51.76 Setting up libboost-graph-dev:amd64 (1.71.0.0ubuntu2) ...
#6 51.78 Setting up libibverbs1:amd64 (28.0-1ubuntu1) ...
#6 51.90 Setting up flex (2.6.4-6.2) ...
#6 51.91 Setting up gcc-8 (8.4.0-3ubuntu2) ...
#6 51.92 Setting up libpython3-dev:amd64 (3.8.2-0ubuntu2) ...
#6 51.93 Setting up gfortran-9 (9.3.0-17ubuntu1~20.04) ...
#6 51.94 Setting up ibverbs-providers:amd64 (28.0-1ubuntu1) ...
#6 52.02 Setting up gfortran-8 (8.4.0-3ubuntu2) ...
#6 52.04 Setting up po-debconf (1.0.21) ...
#6 52.05 Setting up libboost-thread1.71-dev:amd64 (1.71.0-6ubuntu6) ...
#6 52.06 Setting up libboost-system-dev:amd64 (1.71.0.0ubuntu2) ...
#6 52.07 Setting up libboost-context1.71-dev:amd64 (1.71.0-6ubuntu6) ...
#6 52.08 Setting up libboost-wave1.71-dev:amd64 (1.71.0-6ubuntu6) ...
#6 52.09 Setting up libboost-random-dev:amd64 (1.71.0.0ubuntu2) ...
#6 52.11 Setting up libboost-wave-dev:amd64 (1.71.0.0ubuntu2) ...
#6 52.12 Setting up libboost-context-dev:amd64 (1.71.0.0ubuntu2) ...
#6 52.14 Setting up libboost-iostreams-dev:amd64 (1.71.0.0ubuntu2) ...
#6 52.15 Setting up libhwloc-plugins:amd64 (2.1.0+dfsg-4) ...
#6 52.16 Setting up man-db (2.9.1-1) ...
#6 52.35 Building database of manual pages ...
#6 52.80 Created symlink /etc/systemd/system/timers.target.wants/man-db.timer  /lib/systemd/system/man-db.timer.
#6 52.84 Setting up gfortran (4:9.3.0-1ubuntu2) ...
#6 52.85 update-alternatives: using /usr/bin/gfortran to provide /usr/bin/f95 (f95) in auto mode
#6 52.85 update-alternatives: warning: skip creation of /usr/share/man/man1/f95.1.gz because associated file /usr/share/man/man1/gfortran.1.gz (of link group f95) doesn't exist
#6 52.85 update-alternatives: using /usr/bin/gfortran to provide /usr/bin/f77 (f77) in auto mode
#6 52.85 update-alternatives: warning: skip creation of /usr/share/man/man1/f77.1.gz because associated file /usr/share/man/man1/gfortran.1.gz (of link group f77) doesn't exist
#6 52.86 Setting up libfl-dev:amd64 (2.6.4-6.2) ...
#6 52.88 Setting up libboost-fiber1.71-dev:amd64 (1.71.0-6ubuntu6) ...
#6 52.89 Setting up libboost-test-dev:amd64 (1.71.0.0ubuntu2) ...
#6 52.92 Setting up libnl-route-3-dev:amd64 (3.4.0-1) ...
#6 52.93 Setting up libltdl-dev:amd64 (2.4.6-14) ...
#6 52.95 Setting up python3-dev (3.8.2-0ubuntu2) ...
#6 52.96 Setting up libboost-date-time-dev:amd64 (1.71.0.0ubuntu2) ...
#6 52.97 Setting up libboost-type-erasure1.71-dev:amd64 (1.71.0-6ubuntu6) ...
#6 52.98 Setting up libboost-log1.71-dev (1.71.0-6ubuntu6) ...
#6 53.00 Setting up libboost-coroutine1.71-dev:amd64 (1.71.0-6ubuntu6) ...
#6 53.02 Setting up libhwloc-dev:amd64 (2.1.0+dfsg-4) ...
#6 53.03 Setting up libboost-coroutine-dev:amd64 (1.71.0.0ubuntu2) ...
#6 53.04 Setting up libboost-log-dev (1.71.0.0ubuntu2) ...
#6 53.05 Setting up libboost-thread-dev:amd64 (1.71.0.0ubuntu2) ...
#6 53.06 Setting up libboost-fiber-dev:amd64 (1.71.0.0ubuntu2) ...
#6 53.08 Setting up librdmacm1:amd64 (28.0-1ubuntu1) ...
#6 53.09 Setting up libboost-locale1.71-dev:amd64 (1.71.0-6ubuntu6) ...
#6 53.10 Setting up libpmix2:amd64 (3.1.5-1) ...
#6 53.11 Setting up libcoarrays-dev:amd64 (2.8.0-1) ...
#6 53.12 Setting up libboost-python1.71-dev (1.71.0-6ubuntu6) ...
#6 53.13 Setting up libboost-locale-dev:amd64 (1.71.0.0ubuntu2) ...
#6 53.15 Setting up libibverbs-dev:amd64 (28.0-1ubuntu1) ...
#6 53.16 Setting up libboost-python-dev (1.71.0.0ubuntu2) ...
#6 53.17 Setting up libboost-type-erasure-dev:amd64 (1.71.0.0ubuntu2) ...
#6 53.18 Setting up libfabric1 (1.6.2-3) ...
#6 53.19 Setting up libopenmpi3:amd64 (4.0.3-0ubuntu1) ...
#6 53.20 Setting up libboost-mpi1.71.0 (1.71.0-6ubuntu6) ...
#6 53.21 Setting up libcaf-openmpi-3:amd64 (2.8.0-1) ...
#6 53.23 Setting up libboost-graph-parallel1.71.0 (1.71.0-6ubuntu6) ...
#6 53.24 Setting up openmpi-bin (4.0.3-0ubuntu1) ...
#6 53.27 update-alternatives: using /usr/bin/mpirun.openmpi to provide /usr/bin/mpirun (mpirun) in auto mode
#6 53.27 update-alternatives: warning: skip creation of /usr/share/man/man1/mpirun.1.gz because associated file /usr/share/man/man1/mpirun.openmpi.1.gz (of link group mpirun) doesn't exist
#6 53.27 update-alternatives: warning: skip creation of /usr/share/man/man1/mpiexec.1.gz because associated file /usr/share/man/man1/mpiexec.openmpi.1.gz (of link group mpirun) doesn't exist
#6 53.27 update-alternatives: using /usr/bin/mpicc.openmpi to provide /usr/bin/mpicc (mpi) in auto mode
#6 53.27 update-alternatives: warning: skip creation of /usr/share/man/man1/mpicc.1.gz because associated file /usr/share/man/man1/mpicc.openmpi.1.gz (of link group mpi) doesn't exist
#6 53.27 update-alternatives: warning: skip creation of /usr/share/man/man1/mpic++.1.gz because associated file /usr/share/man/man1/mpic++.openmpi.1.gz (of link group mpi) doesn't exist
#6 53.27 update-alternatives: warning: skip creation of /usr/share/man/man1/mpicxx.1.gz because associated file /usr/share/man/man1/mpicxx.openmpi.1.gz (of link group mpi) doesn't exist
#6 53.27 update-alternatives: warning: skip creation of /usr/share/man/man1/mpiCC.1.gz because associated file /usr/share/man/man1/mpiCC.openmpi.1.gz (of link group mpi) doesn't exist
#6 53.27 update-alternatives: warning: skip creation of /usr/share/man/man1/mpif77.1.gz because associated file /usr/share/man/man1/mpif77.openmpi.1.gz (of link group mpi) doesn't exist
#6 53.27 update-alternatives: warning: skip creation of /usr/share/man/man1/mpif90.1.gz because associated file /usr/share/man/man1/mpif90.openmpi.1.gz (of link group mpi) doesn't exist
#6 53.27 update-alternatives: warning: skip creation of /usr/share/man/man1/mpifort.1.gz because associated file /usr/share/man/man1/mpifort.openmpi.1.gz (of link group mpi) doesn't exist
#6 53.28 Setting up mpi-default-bin (1.13) ...
#6 53.30 Setting up libcoarrays-openmpi-dev:amd64 (2.8.0-1) ...
#6 53.31 Setting up libboost-graph-parallel1.71-dev (1.71.0-6ubuntu6) ...
#6 53.32 Setting up libopenmpi-dev:amd64 (4.0.3-0ubuntu1) ...
#6 53.33 update-alternatives: using /usr/lib/x86_64-linux-gnu/openmpi/include to provide /usr/include/x86_64-linux-gnu/mpi (mpi-x86_64-linux-gnu) in auto mode
#6 53.34 Setting up libboost-mpi-python1.71.0 (1.71.0-6ubuntu6) ...
#6 53.55 Setting up libboost-graph-parallel-dev (1.71.0.0ubuntu2) ...
#6 53.56 Setting up mpi-default-dev (1.13) ...
#6 53.58 Setting up libboost-mpi1.71-dev (1.71.0-6ubuntu6) ...
#6 53.59 Setting up libboost-mpi-python1.71-dev (1.71.0-6ubuntu6) ...
#6 53.61 Setting up libboost-mpi-python-dev (1.71.0.0ubuntu2) ...
#6 53.63 Setting up libboost-mpi-dev (1.71.0.0ubuntu2) ...
#6 53.64 Setting up libboost-all-dev (1.71.0.0ubuntu2) ...
#6 53.66 Setting up dh-autoreconf (19) ...
#6 53.68 Setting up debhelper (12.10ubuntu1) ...
#6 53.70 Processing triggers for mime-support (3.64ubuntu1) ...
#6 53.75 Processing triggers for libc-bin (2.31-0ubuntu9.2) ...
#6 DONE 56.7s

#7 [3/5] RUN git clone https://github.com/PowerDNS/pdns.git pdns
#7 sha256:6dcce47b9b9bbb7536f0d121b17a73ffaf0172189ac844d77e2239fc182592fb
#7 0.438 Cloning into 'pdns'...
#7 DONE 15.5s

#8 [4/5] WORKDIR pdns
#8 sha256:bb97d2f8526594598f6cd32e1b2e8c941e7bc63e54e7ae745cea3c60fa340c90
#8 DONE 0.1s

#10 [5/5] COPY build.sh /src/
#10 sha256:0ddba825d69d8911df765b0fe19515ac217a11c19ce25cf22734ae7d556a66be
#10 DONE 0.1s

#11 exporting to image
#11 sha256:e8c613e07b0b7ff33893b694f7759a10d42e180f2b4dc349fb57dc6b71dcab00
#11 exporting layers done
#11 writing image sha256:10784011df50249e27676d3f795da9ddfd4345aa5f1463fcb9d7d909580d38b9
#11 writing image sha256:10784011df50249e27676d3f795da9ddfd4345aa5f1463fcb9d7d909580d38b9 done
#11 naming to gcr.io/fuzzbench/builders/benchmark/powerdns_powerdns done
#11 DONE 0.1s

#12 exporting cache
#12 sha256:2700d4ef94dee473593c5c614b55b2dedcca7893909811a8f2b48291a1f581e4
#12 preparing build cache for export done
#12 DONE 0.0s
------
 > importing cache manifest from gcr.io/fuzzbench/builders/benchmark/powerdns_powerdns:
------
#1 [internal] load build definition from builder.Dockerfile
#1 sha256:82cfa2695415b7daf43c2e15c1f0421ba0e1b53ddeeac628e3c136e2f3b30cf7
#1 transferring dockerfile: 46B done
#1 DONE 0.0s

#2 [internal] load .dockerignore
#2 sha256:9dd5b62157cbd4968a72adbb52866ee41708332d43dcf185add67556a6be6790
#2 transferring context: 2B done
#2 DONE 0.0s

#3 [internal] load metadata for gcr.io/fuzzbench/builders/benchmark/powerdns_powerdns:latest
#3 sha256:2b602c74a204a217e420147de9ef2244e5ea58c2b7efaed0ea3dbdf3e6eeb0e8
#3 DONE 0.0s

#5 [1/3] FROM gcr.io/fuzzbench/builders/benchmark/powerdns_powerdns
#5 sha256:2a49a4774849eec4dbeffea0da52b215f53ab913d1c2a26f4596a66f03efbec6
#5 DONE 0.0s

#4 importing cache manifest from gcr.io/fuzzbench/builders/afl/powerdns_powerdns-intermediate
#4 sha256:11f55936b1d64b2a4b9ff3763c61ffbeed32c669b0930816f417fb28b2dc8b30
#4 ERROR: gcr.io/fuzzbench/builders/afl/powerdns_powerdns-intermediate:latest: not found

#5 [1/3] FROM gcr.io/fuzzbench/builders/benchmark/powerdns_powerdns
#5 sha256:2a49a4774849eec4dbeffea0da52b215f53ab913d1c2a26f4596a66f03efbec6
#5 DONE 0.2s

#6 [2/3] RUN git clone https://github.com/google/AFL.git /afl &&     cd /afl &&     git checkout 61037103ae3722c8060ff7082994836a794f978e &&     AFL_NO_X86=1 make
#6 sha256:b91adaa8d087c70b1cefa6becf1c7bfacb9a3a3946bb911fbf518cd5269f1b3f
#6 0.387 Cloning into '/afl'...
#6 1.661 Note: switching to '61037103ae3722c8060ff7082994836a794f978e'.
#6 1.661 
#6 1.661 You are in 'detached HEAD' state. You can look around, make experimental
#6 1.661 changes and commit them, and you can discard any commits you make in this
#6 1.661 state without impacting any branches by switching back to a branch.
#6 1.661 
#6 1.661 If you want to create a new branch to retain commits you create, you may
#6 1.661 do so (now or later) by using -c with the switch command. Example:
#6 1.661 
#6 1.661   git switch -c <new-branch-name>
#6 1.661 
#6 1.661 Or undo this operation with:
#6 1.661 
#6 1.661   git switch -
#6 1.661 
#6 1.661 Turn off this advice by setting config variable advice.detachedHead to false
#6 1.661 
#6 1.661 HEAD is now at 6103710 Fix a typo filename comparison in the fuzzer (#139)
#6 1.690 [!] Note: skipping x86 compilation checks (AFL_NO_X86 set).
#6 1.690 clang -O1 -fno-omit-frame-pointer -gline-tables-only -DFUZZING_BUILD_MODE_UNSAFE_FOR_PRODUCTION -Wall -D_FORTIFY_SOURCE=2 -g -Wno-pointer-sign -DAFL_PATH=\"/usr/local/lib/afl\" -DDOC_PATH=\"/usr/local/share/doc/afl\" -DBIN_PATH=\"/usr/local/bin\" afl-gcc.c -o afl-gcc -ldl
#6 1.864 set -e; for i in afl-g++ afl-clang afl-clang++; do ln -sf afl-gcc $i; done
#6 1.869 clang -O1 -fno-omit-frame-pointer -gline-tables-only -DFUZZING_BUILD_MODE_UNSAFE_FOR_PRODUCTION -Wall -D_FORTIFY_SOURCE=2 -g -Wno-pointer-sign -DAFL_PATH=\"/usr/local/lib/afl\" -DDOC_PATH=\"/usr/local/share/doc/afl\" -DBIN_PATH=\"/usr/local/bin\" afl-fuzz.c -o afl-fuzz -ldl
#6 4.234 clang -O1 -fno-omit-frame-pointer -gline-tables-only -DFUZZING_BUILD_MODE_UNSAFE_FOR_PRODUCTION -Wall -D_FORTIFY_SOURCE=2 -g -Wno-pointer-sign -DAFL_PATH=\"/usr/local/lib/afl\" -DDOC_PATH=\"/usr/local/share/doc/afl\" -DBIN_PATH=\"/usr/local/bin\" afl-showmap.c -o afl-showmap -ldl
#6 4.561 clang -O1 -fno-omit-frame-pointer -gline-tables-only -DFUZZING_BUILD_MODE_UNSAFE_FOR_PRODUCTION -Wall -D_FORTIFY_SOURCE=2 -g -Wno-pointer-sign -DAFL_PATH=\"/usr/local/lib/afl\" -DDOC_PATH=\"/usr/local/share/doc/afl\" -DBIN_PATH=\"/usr/local/bin\" afl-tmin.c -o afl-tmin -ldl
#6 4.981 clang -O1 -fno-omit-frame-pointer -gline-tables-only -DFUZZING_BUILD_MODE_UNSAFE_FOR_PRODUCTION -Wall -D_FORTIFY_SOURCE=2 -g -Wno-pointer-sign -DAFL_PATH=\"/usr/local/lib/afl\" -DDOC_PATH=\"/usr/local/share/doc/afl\" -DBIN_PATH=\"/usr/local/bin\" afl-gotcpu.c -o afl-gotcpu -ldl
#6 5.130 clang -O1 -fno-omit-frame-pointer -gline-tables-only -DFUZZING_BUILD_MODE_UNSAFE_FOR_PRODUCTION -Wall -D_FORTIFY_SOURCE=2 -g -Wno-pointer-sign -DAFL_PATH=\"/usr/local/lib/afl\" -DDOC_PATH=\"/usr/local/share/doc/afl\" -DBIN_PATH=\"/usr/local/bin\" afl-analyze.c -o afl-analyze -ldl
#6 5.527 clang -O1 -fno-omit-frame-pointer -gline-tables-only -DFUZZING_BUILD_MODE_UNSAFE_FOR_PRODUCTION -Wall -D_FORTIFY_SOURCE=2 -g -Wno-pointer-sign -DAFL_PATH=\"/usr/local/lib/afl\" -DDOC_PATH=\"/usr/local/share/doc/afl\" -DBIN_PATH=\"/usr/local/bin\" afl-as.c -o afl-as -ldl
#6 5.765 ln -sf afl-as as
#6 5.767 [!] Note: skipping build tests (you may need to use LLVM or QEMU mode).
#6 5.770 [+] LLVM users: see llvm_mode/README.llvm for a faster alternative to afl-gcc.
#6 5.771 [+] All done! Be sure to review README - it's pretty short and useful.
#6 DONE 6.0s

#7 [3/3] RUN apt-get update &&     apt-get install wget -y &&     wget https://raw.githubusercontent.com/llvm/llvm-project/5feb80e748924606531ba28c97fe65145c65372e/compiler-rt/lib/fuzzer/afl/afl_driver.cpp -O /afl/afl_driver.cpp &&     clang -Wno-pointer-sign -c /afl/llvm_mode/afl-llvm-rt.o.c -I/afl &&     clang++ -stdlib=libc++ -std=c++11 -O2 -c /afl/afl_driver.cpp &&     ar r /libAFL.a *.o
#7 sha256:a29d4bd7a3f10290bc0aed474af937cad90aaa372b6771d14e4c5258f147e84d
#7 0.684 Hit:1 http://ppa.launchpad.net/git-core/ppa/ubuntu focal InRelease
#7 0.684 Hit:2 http://archive.ubuntu.com/ubuntu focal InRelease
#7 0.695 Hit:3 http://archive.ubuntu.com/ubuntu focal-updates InRelease
#7 0.720 Hit:4 http://archive.ubuntu.com/ubuntu focal-backports InRelease
#7 0.813 Hit:5 http://security.ubuntu.com/ubuntu focal-security InRelease
#7 1.595 Reading package lists...
#7 3.096 Reading package lists...
#7 4.535 Building dependency tree...
#7 4.747 Reading state information...
#7 5.002 wget is already the newest version (1.20.3-1ubuntu2).
#7 5.002 0 upgraded, 0 newly installed, 0 to remove and 3 not upgraded.
#7 5.015 --2022-02-15 22:16:31--  https://raw.githubusercontent.com/llvm/llvm-project/5feb80e748924606531ba28c97fe65145c65372e/compiler-rt/lib/fuzzer/afl/afl_driver.cpp
#7 5.017 Resolving raw.githubusercontent.com (raw.githubusercontent.com)... 185.199.109.133, 185.199.110.133, 185.199.111.133, ...
#7 5.019 Connecting to raw.githubusercontent.com (raw.githubusercontent.com)|185.199.109.133|:443... connected.
#7 5.043 HTTP request sent, awaiting response... 200 OK
#7 5.063 Length: 9177 (9.0K) [text/plain]
#7 5.063 Saving to: '/afl/afl_driver.cpp'
#7 5.064 
#7 5.064      0K ........                                              100% 5.58M=0.002s
#7 5.065 
#7 5.065 2022-02-15 22:16:31 (5.58 MB/s) - '/afl/afl_driver.cpp' saved [9177/9177]
#7 5.065 
#7 6.817 ar: creating /libAFL.a
#7 DONE 7.0s

#8 exporting to image
#8 sha256:e8c613e07b0b7ff33893b694f7759a10d42e180f2b4dc349fb57dc6b71dcab00
#8 exporting layers done
#8 writing image sha256:ac3fe35f92780abf34d2182e92bc493adcd0ba5df5e7c182f48b02681e1d580d done
#8 naming to gcr.io/fuzzbench/builders/afl/powerdns_powerdns-intermediate done
#8 DONE 0.1s

#9 exporting cache
#9 sha256:2700d4ef94dee473593c5c614b55b2dedcca7893909811a8f2b48291a1f581e4
#9 preparing build cache for export done
#9 DONE 0.0s
------
 > importing cache manifest from gcr.io/fuzzbench/builders/afl/powerdns_powerdns-intermediate:
------
#1 [internal] load build definition from Dockerfile
#1 sha256:267c4a03b259b90534219f72de5ec4d185f46977b368203741c0b2a883dfcbad
#1 transferring dockerfile: 2.00kB done
#1 DONE 0.1s

#2 [internal] load .dockerignore
#2 sha256:55fe1240867c6afbcc6ef5ff4714f034c592ddd295439cc75710be0f3d128041
#2 transferring context: 34B done
#2 DONE 0.1s

#3 [internal] load metadata for docker.io/library/ubuntu:xenial
#3 sha256:f62bae18ed588840f045c881b2502661f2a89578a2f8f99b83f5200ee83dd25b
#3 DONE 0.0s

#5 [1/7] FROM docker.io/library/ubuntu:xenial
#5 sha256:14dd403f25ae9e519bd44f27dc17af7ce80f5a4f9f48ca88108364e67ec5d360
#5 DONE 0.0s

#4 importing cache manifest from gcr.io/fuzzbench/base-image
#4 sha256:9b220ebb4d4daceed1b96df9b6dca076e762f1cd612574f010b82d5b9e5ad896
#4 DONE 0.0s

#8 [internal] load build context
#8 sha256:0691fa06bccef9d537982a9088aa614be289161a13fe7174090f0475ae3e59b8
#8 transferring context: 559B 0.0s done
#8 DONE 0.1s

#9 [4/7] COPY ./requirements.txt /
#9 sha256:b6775b16afa3a8151ca385593b22228cfe731674705d9b0ace906e7ca448cd1e
#9 CACHED

#6 [2/7] RUN apt-get update -y && apt-get install -y     build-essential     rsync     curl     zlib1g-dev     libncurses5-dev     libgdbm-dev     libnss3-dev     libssl-dev     libreadline-dev     libffi-dev     virtualenv     libbz2-dev     liblzma-dev     libsqlite3-dev
#6 sha256:3a1b0960f17eed529eaae93dc8fd3554f2743dd584d8fa569cdbe6bc734371ac
#6 CACHED

#7 [3/7] RUN cd /tmp/ &&     curl -O https://www.python.org/ftp/python/3.8.6/Python-3.8.6.tar.xz &&     tar -xvf Python-3.8.6.tar.xz &&     cd Python-3.8.6 &&     ./configure --enable-loadable-sqlite-extensions --enable-optimizations &&     make -j install &&     rm -r /tmp/Python-3.8.6.tar.xz /tmp/Python-3.8.6
#7 sha256:c5b9d1fb3371e84dbc60b76e7b2f8d5913bc93bcd4910ab65daa03e7b2ec4bb0
#7 CACHED

#10 [5/7] RUN pip3 install -r /requirements.txt
#10 sha256:78a27f8fb21501241d3b3afcd512b42f7844556cfd5676267575488ba884e631
#10 CACHED

#11 [6/7] RUN apt-get update -y && apt-get install -y     apt-transport-https     lsb-release
#11 sha256:ce2ae17f72ab53dd6b1c440fefc50c8826bf59ade95d66b9a5404d1804a27261
#11 CACHED

#12 [7/7] RUN CLOUD_SDK_REPO="cloud-sdk-$(lsb_release -c -s)" &&     echo "deb https://packages.cloud.google.com/apt $CLOUD_SDK_REPO main"     | tee -a /etc/apt/sources.list.d/google-cloud-sdk.list &&     curl https://packages.cloud.google.com/apt/doc/apt-key.gpg     | apt-key add - &&     apt-get update -y &&     apt-get install -y google-cloud-sdk
#12 sha256:0a9f012c0f2e843037437bc64a820a5e7684e8ad399c67be031945b8d79b332e
#12 CACHED

#13 exporting to image
#13 sha256:e8c613e07b0b7ff33893b694f7759a10d42e180f2b4dc349fb57dc6b71dcab00
#13 exporting layers done
#13 writing image sha256:139540fb22a119f888cb3e5ed6e013e8d868574697f5fb839e5da9e23de73e0a done
#13 naming to gcr.io/fuzzbench/base-image done
#13 DONE 0.1s

#14 exporting cache
#14 sha256:2700d4ef94dee473593c5c614b55b2dedcca7893909811a8f2b48291a1f581e4
#14 preparing build cache for export done
#14 DONE 0.0s
#1 [internal] load build definition from Dockerfile
#1 sha256:ebfe9b48353d3b08bb35edcff761030e945e80873939a8f8c7852637466dd535
#1 transferring dockerfile: 2.22kB done
#1 DONE 0.0s

#2 [internal] load .dockerignore
#2 sha256:a2aa53b9a4490efd4ac984328495af93a4d61c1487e6aff319fec965f39481b0
#2 transferring context: 34B done
#2 DONE 0.1s

#3 [internal] load metadata for gcr.io/fuzzbench/builders/afl/powerdns_powerdns-intermediate:latest
#3 sha256:8eb20057668f817466e49c4acc2ab1603d041b937f31d89f50dd7ed1b07bf758
#3 DONE 0.0s

#4 [internal] load metadata for gcr.io/fuzzbench/base-image:latest
#4 sha256:932022888f650cc455b10eb5123bb08c0cccacac29a693e69314abbfd28a72c3
#4 DONE 0.0s

#12 [internal] load build context
#12 sha256:116e5be92951fc25549a68df9b1f7957489c6ea870947908df5c2f2a882e89b7
#12 DONE 0.0s

#7 [base-image 1/1] FROM gcr.io/fuzzbench/base-image
#7 sha256:4d07825694520f8b6f6a0d8592dbd345433361ae044cb7f06706c5a95e3daaad
#7 DONE 0.0s

#6 [stage-1  1/13] FROM gcr.io/fuzzbench/builders/afl/powerdns_powerdns-intermediate
#6 sha256:52c577c8092119292f50cc0aeb5a69c8ff24c6219f885e064518ddca1db02788
#6 DONE 0.0s

#5 importing cache manifest from gcr.io/fuzzbench/builders/afl/powerdns_powerdns
#5 sha256:ae27ece60e2d5228a63e48e7ad0ec9cb726397046c75aa49b860535c1962f053
#5 ERROR: gcr.io/fuzzbench/builders/afl/powerdns_powerdns:latest: not found

#7 [base-image 1/1] FROM gcr.io/fuzzbench/base-image
#7 sha256:4d07825694520f8b6f6a0d8592dbd345433361ae044cb7f06706c5a95e3daaad
#7 CACHED

#12 [internal] load build context
#12 sha256:116e5be92951fc25549a68df9b1f7957489c6ea870947908df5c2f2a882e89b7
#12 transferring context: 669.87kB 0.1s done
#12 DONE 0.1s

#6 [stage-1  1/13] FROM gcr.io/fuzzbench/builders/afl/powerdns_powerdns-intermediate
#6 sha256:52c577c8092119292f50cc0aeb5a69c8ff24c6219f885e064518ddca1db02788
#6 DONE 0.4s

#8 [stage-1  2/13] COPY --from=base-image /usr/local/bin/python3* /usr/local/bin/
#8 sha256:44d2148961eb9fa76f10b1393cd7dffde8d8ab49f3873c66ac6f76de3640ef3f
#8 DONE 0.5s

#9 [stage-1  3/13] COPY --from=base-image /usr/local/lib/python3.8 /usr/local/lib/python3.8
#9 sha256:14fdbb5bf0d040261d5bf5b1188eead4d218abca73d03d52ebdbc0c12fddcd07
#9 DONE 14.5s

#10 [stage-1  4/13] COPY --from=base-image /usr/local/include/python3.8 /usr/local/include/python3.8
#10 sha256:03a5479f483fbdfe9bee841ddb7fb0978bc546de0b59199d8a9790a1f801c4f3
#10 DONE 0.2s

#11 [stage-1  5/13] COPY --from=base-image /usr/local/lib/python3.8/site-packages /usr/local/lib/python3.8/site-packages
#11 sha256:e0883c9718f2b49b3c9387c726739bddac44de4f79b7fea6dd9b4f1e447c84c3
#11 DONE 17.2s

#13 [stage-1  6/13] COPY fuzzers /src/fuzzers
#13 sha256:1d9a2da4fd35e9ee48214c3fbb9d632de07cfbae2b35c497701719b040033978
#13 DONE 0.4s

#14 [stage-1  7/13] RUN touch /src/__init__.py
#14 sha256:bdcd6ce5d802df8b89b91b71bb1e3bf95499696b4b4899ce0b2f6708ac3beb70
#14 DONE 0.6s

#15 [stage-1  8/13] COPY benchmarks/powerdns_powerdns/benchmark.yaml /
#15 sha256:bc01a8b30ecf45adc0994472e23e5b930ac1bac25f3def0c6dd3aaab6057ff1d
#15 DONE 0.1s

#16 [stage-1  9/13] RUN mkdir /opt/fuzzbench/
#16 sha256:5022c0c3bc9651283536ff06beb3c4a23550f263c4c96009ce96d13e4909c2f3
#16 DONE 0.5s

#17 [stage-1 10/13] COPY docker/benchmark-builder/checkout_commit.py /opt/fuzzbench/
#17 sha256:e78ed1657632665c21fb494a9fbbebf94c91b41edf5ee6fcb632b53a910555e2
#17 DONE 0.1s

#18 [stage-1 11/13] RUN export CHECKOUT_COMMIT=$(cat /benchmark.yaml | tr -d ' ' | grep 'commit:' | cut -d ':' -f2) &&     python3 -u /opt/fuzzbench/checkout_commit.py $CHECKOUT_COMMIT /src
#18 sha256:fdbdd86c33dcae8f68a23d0368eebe6203773e767b14640f52057cd4cb2231a6
#18 0.512 Checking out commit 71f4914c
#18 0.518 error: pathspec '71f4914c' did not match any file(s) known to git
#18 0.524 error: pathspec '71f4914c' did not match any file(s) known to git
#18 0.531 error: pathspec '71f4914c' did not match any file(s) known to git
#18 0.551 error: pathspec '71f4914c' did not match any file(s) known to git
#18 0.665 Checkout unsuccessful.
#18 DONE 0.8s

#19 [stage-1 12/13] RUN echo "#!/bin/bash\nPYTHONPATH=/src python3 -u -c "from fuzzers import utils; utils.initialize_env(); from fuzzers.afl import fuzzer; fuzzer.build()"" > /usr/bin/fuzzer_build &&     chmod +x /usr/bin/fuzzer_build
#19 sha256:86e580f424189baae600b62c972bacae0512beb51d0ec76176cee8b6c3091175
#19 DONE 0.5s

#20 [stage-1 13/13] RUN echo "Run fuzzer_build to build the target" && if [ -z "$debug_builder" ] ; then fuzzer_build; fi
#20 sha256:2bf901916974345ccbd98c46d69f647181901573dec4890fb7b4f8284047e687
#20 0.478 Run fuzzer_build to build the target
#20 0.595 FUZZ_TARGET = powerdns
#20 0.595 CFLAGS = -DFUZZING_BUILD_MODE_UNSAFE_FOR_PRODUCTION -pthread -Wl,--no-as-needed -Wl,-ldl -Wl,-lm -Wno-unused-command-line-argument -O3
#20 0.595 CXXFLAGS = -DFUZZING_BUILD_MODE_UNSAFE_FOR_PRODUCTION -pthread -Wl,--no-as-needed -Wl,-ldl -Wl,-lm -Wno-unused-command-line-argument -stdlib=libc++ -O3
#20 0.610 Building benchmark powerdns_powerdns with fuzzer afl
#20 0.614 + sed -i 's/BOOST_PROGRAM_OPTIONS(\[mt\])//' configure.ac
#20 0.618 + sed -i 's/AC_MSG_ERROR(\[Boost Program Options library not found\])/AC_MSG_NOTICE(\[Boost Program Options library not found\])/' configure.ac
#20 0.621 + sed -i s/AC_CC_PIE// configure.ac
#20 0.624 + autoreconf -vi
#20 1.023 autoreconf: Entering directory `.'
#20 1.025 autoreconf: configure.ac: not using Gettext
#20 2.026 autoreconf: running: aclocal -I m4
#20 6.941 autoreconf: configure.ac: tracing
#20 8.206 autoreconf: running: libtoolize --copy
#20 9.692 libtoolize: putting auxiliary files in AC_CONFIG_AUX_DIR, 'build-aux'.
#20 9.692 libtoolize: copying file 'build-aux/ltmain.sh'
#20 10.27 libtoolize: putting macros in AC_CONFIG_MACRO_DIRS, 'm4'.
#20 10.27 libtoolize: copying file 'm4/libtool.m4'
#20 10.56 libtoolize: copying file 'm4/ltoptions.m4'
#20 10.86 libtoolize: copying file 'm4/ltsugar.m4'
#20 11.14 libtoolize: copying file 'm4/ltversion.m4'
#20 11.43 libtoolize: copying file 'm4/lt~obsolete.m4'
#20 16.43 autoreconf: running: /usr/bin/autoconf
#20 18.25 autoreconf: running: /usr/bin/autoheader
#20 18.61 autoreconf: running: automake --add-missing --copy --no-force
#20 20.15 configure.ac:10: installing 'build-aux/compile'
#20 20.15 configure.ac:13: installing 'build-aux/config.guess'
#20 20.16 configure.ac:13: installing 'build-aux/config.sub'
#20 20.16 configure.ac:5: installing 'build-aux/install-sh'
#20 20.16 configure.ac:5: installing 'build-aux/missing'
#20 20.42 ext/ipcrypt/Makefile.am: installing 'build-aux/depcomp'
#20 21.45 parallel-tests: installing 'build-aux/test-driver'
#20 21.86 configure.ac: installing 'build-aux/ylwrap'
#20 21.97 autoreconf: Leaving directory `.'
#20 21.97 + ./configure --without-dynmodules --with-modules= --disable-lua-records --disable-ixfrdist --enable-fuzz-targets --disable-dependency-tracking --disable-silent-rules
#20 22.27 checking for a BSD-compatible install... /usr/bin/install -c
#20 22.32 checking whether build environment is sane... yes
#20 22.34 checking for a thread-safe mkdir -p... /usr/bin/mkdir -p
#20 22.34 checking for gawk... no
#20 22.34 checking for mawk... mawk
#20 22.34 checking whether make sets $(MAKE)... yes
#20 22.38 checking whether make supports nested variables... yes
#20 22.39 checking whether UID '0' is supported by ustar format... yes
#20 22.39 checking whether GID '0' is supported by ustar format... yes
#20 22.40 checking how to create a ustar tar archive... gnutar
#20 22.42 checking whether make supports nested variables... (cached) yes
#20 22.42 checking whether make supports the include directive... yes (GNU style)
#20 22.44 checking for gcc... clang
#20 22.55 checking whether the C compiler works... yes
#20 22.67 checking for C compiler default output file name... a.out
#20 22.67 checking for suffix of executables... 
#20 22.80 checking whether we are cross compiling... no
#20 22.94 checking for suffix of object files... o
#20 22.97 checking whether we are using the GNU C compiler... yes
#20 23.00 checking whether clang accepts -g... yes
#20 23.02 checking for clang option to accept ISO C89... none needed
#20 23.07 checking whether clang understands -c and -o together... yes
#20 23.11 checking dependency style of clang... none
#20 23.11 checking how to run the C preprocessor... clang -E
#20 23.23 checking for grep that handles long lines and -e... /usr/bin/grep
#20 23.24 checking for egrep... /usr/bin/grep -E
#20 23.24 checking for ANSI C header files... yes
#20 23.50 checking for sys/types.h... yes
#20 23.55 checking for sys/stat.h... yes
#20 23.61 checking for stdlib.h... yes
#20 23.66 checking for string.h... yes
#20 23.72 checking for memory.h... yes
#20 23.78 checking for strings.h... yes
#20 23.84 checking for inttypes.h... yes
#20 23.90 checking for stdint.h... yes
#20 23.96 checking for unistd.h... yes
#20 24.02 checking minix/config.h usability... no
#20 24.09 checking minix/config.h presence... no
#20 24.12 checking for minix/config.h... no
#20 24.12 checking whether it is safe to define __EXTENSIONS__... yes
#20 24.19 checking build system type... x86_64-pc-linux-gnu
#20 24.28 checking host system type... x86_64-pc-linux-gnu
#20 24.28 checking for gcc... (cached) clang
#20 24.35 checking whether we are using the GNU C compiler... (cached) yes
#20 24.35 checking whether clang accepts -g... (cached) yes
#20 24.35 checking for clang option to accept ISO C89... (cached) none needed
#20 24.35 checking whether clang understands -c and -o together... (cached) yes
#20 24.35 checking dependency style of clang... (cached) none
#20 24.42 checking whether we are using the GNU C++ compiler... yes
#20 24.45 checking whether clang++ accepts -g... yes
#20 24.47 checking dependency style of clang++... none
#20 24.47 checking size of time_t... 8
#20 24.57 checking whether time_t is signed... yes
#20 24.61 checking for bison... bison -y
#20 24.61 checking if bison is the parser generator... yes
#20 24.64 checking for flex... flex
#20 24.66 checking lex output file root... lex.yy
#20 24.66 checking lex library... none needed
#20 25.00 checking whether yytext is a pointer... no
#20 25.10 checking if the lexer is flex... yes
#20 25.11 checking whether clang++ supports C++17 features with -std=c++17... yes
#20 25.37 checking how to print strings... printf
#20 25.42 checking for a sed that does not truncate output... /usr/bin/sed
#20 25.43 checking for fgrep... /usr/bin/grep -F
#20 25.43 checking for ld used by clang... /usr/bin/ld
#20 25.45 checking if the linker (/usr/bin/ld) is GNU ld... yes
#20 25.46 checking for BSD- or MS-compatible name lister (nm)... /usr/bin/nm -B
#20 25.46 checking the name lister (/usr/bin/nm -B) interface... BSD nm
#20 25.50 checking whether ln -s works... yes
#20 25.50 checking the maximum length of command line arguments... 1572864
#20 25.51 checking how to convert x86_64-pc-linux-gnu file names to x86_64-pc-linux-gnu format... func_convert_file_noop
#20 25.52 checking how to convert x86_64-pc-linux-gnu file names to toolchain format... func_convert_file_noop
#20 25.52 checking for /usr/bin/ld option to reload object files... -r
#20 25.52 checking for objdump... objdump
#20 25.52 checking how to recognize dependent libraries... pass_all
#20 25.52 checking for dlltool... no
#20 25.52 checking how to associate runtime and link libraries... printf %s\n
#20 25.52 checking for ar... ar
#20 25.53 checking for archiver @FILE support... @
#20 25.57 checking for strip... strip
#20 25.57 checking for ranlib... ranlib
#20 25.57 checking command to parse /usr/bin/nm -B output from clang object... ok
#20 25.79 checking for sysroot... no
#20 25.79 checking for a working dd... /usr/bin/dd
#20 25.80 checking how to truncate binary pipes... /usr/bin/dd bs=4096 count=1
#20 25.84 checking for mt... no
#20 25.84 checking if : is a manifest tool... no
#20 25.86 checking for dlfcn.h... yes
#20 25.94 checking for objdir... .libs
#20 26.11 checking if clang supports -fno-rtti -fno-exceptions... yes
#20 26.14 checking for clang option to produce PIC... -fPIC -DPIC
#20 26.14 checking if clang PIC flag -fPIC -DPIC works... yes
#20 26.18 checking if clang static flag -static works... yes
#20 26.36 checking if clang supports -c -o file.o... yes
#20 26.44 checking if clang supports -c -o file.o... (cached) yes
#20 26.44 checking whether the clang linker (/usr/bin/ld -m elf_x86_64) supports shared libraries... yes
#20 26.46 checking whether -lc should be explicitly linked in... no
#20 26.52 checking dynamic linker characteristics... GNU/Linux ld.so
#20 26.69 checking how to hardcode library paths into programs... immediate
#20 26.70 checking for shl_load... no
#20 26.83 checking for shl_load in -ldld... no
#20 26.91 checking for dlopen... yes
#20 27.03 checking whether a program can dlopen itself... yes
#20 27.17 checking whether a statically linked program can dlopen itself... no
#20 27.81 checking whether stripping libraries is possible... yes
#20 27.82 checking if libtool supports shared libraries... yes
#20 27.82 checking whether to build shared libraries... yes
#20 27.82 checking whether to build static libraries... no
#20 27.82 checking how to run the C++ preprocessor... clang++ -std=c++17 -E
#20 28.13 checking for ld used by clang++ -std=c++17... /usr/bin/ld -m elf_x86_64
#20 28.15 checking if the linker (/usr/bin/ld -m elf_x86_64) is GNU ld... yes
#20 28.17 checking whether the clang++ -std=c++17 linker (/usr/bin/ld -m elf_x86_64) supports shared libraries... yes
#20 28.32 checking for clang++ -std=c++17 option to produce PIC... -fPIC -DPIC
#20 28.32 checking if clang++ -std=c++17 PIC flag -fPIC -DPIC works... yes
#20 28.36 checking if clang++ -std=c++17 static flag -static works... yes
#20 28.57 checking if clang++ -std=c++17 supports -c -o file.o... yes
#20 28.62 checking if clang++ -std=c++17 supports -c -o file.o... (cached) yes
#20 28.62 checking whether the clang++ -std=c++17 linker (/usr/bin/ld -m elf_x86_64) supports shared libraries... yes
#20 28.62 checking dynamic linker characteristics... (cached) GNU/Linux ld.so
#20 28.63 checking how to hardcode library paths into programs... immediate
#20 28.63 checking whether -latomic is needed for __atomic builtins... no
#20 28.80 checking for pthread_np.h... no
#20 28.85 checking for 2-arg pthread_setname_np... yes
#20 29.03 checking for pkg-config... /usr/bin/pkg-config
#20 29.03 checking pkg-config is at least version 0.9.0... yes
#20 29.03 checking for grep that handles long lines and -e... (cached) /usr/bin/grep
#20 29.03 checking which Lua implementation to use... auto
#20 29.04 checking for LUA... yes
#20 29.06 checking lua.hpp usability... yes
#20 29.14 checking lua.hpp presence... yes
#20 29.17 checking for lua.hpp... yes
#20 29.17 checking whether we will enable compiler security checks... yes
#20 29.17 checking whether C++ compiler handles -fstack-protector... yes
#20 29.33 checking whether C++ compiler handles --param ssp-buffer-size=4... yes
#20 29.50 checking whether C++ compiler handles -D_FORTIFY_SOURCE=2... yes
#20 29.67 checking for how to force completely read-only GOT table... -Wl,-z -Wl,relro -Wl,-z -Wl,now
#20 29.69 checking for library containing inet_aton... none required
#20 29.86 checking for library containing gethostbyname... none required
#20 30.02 checking for library containing socket... none required
#20 30.19 checking for library containing gethostent... none required
#20 30.36 checking for recvmmsg... yes
#20 30.54 checking for sendmmsg... yes
#20 30.72 checking for accept4... yes
#20 30.90 checking whether getifaddrs is declared... yes
#20 30.96 checking whether struct tm is in sys/time.h or time.h... time.h
#20 31.00 checking for tm_gmtoff in struct tm... 
#20 31.04 checking for pkg-config... (cached) /usr/bin/pkg-config
#20 31.04 checking pkg-config is at least version 0.9.0... yes
#20 31.04 checking sys/mman.h usability... yes
#20 31.14 checking sys/mman.h presence... yes
#20 31.16 checking for sys/mman.h... yes
#20 31.17 checking for mmap... yes
#20 31.33 checking whether we will be linking in libsodium... auto
#20 31.33 checking for LIBSODIUM... no
#20 31.35 checking whether we will be linking in libdecaf... no
#20 31.35 checking for pkg-config... /usr/bin/pkg-config
#20 31.37 checking whether compiling and linking against OpenSSL's libcrypto works... yes
#20 31.64 checking for RAND_bytes... yes
#20 31.87 checking for RAND_pseudo_bytes... yes
#20 32.09 checking for CRYPTO_memcmp... yes
#20 32.31 checking for OPENSSL_init_crypto... yes
#20 32.53 checking for EVP_MD_CTX_new... yes
#20 32.74 checking for EVP_MD_CTX_free... yes
#20 32.96 checking for RSA_get0_key... yes
#20 33.18 checking whether EVP_PKEY_CTX_set1_scrypt_salt is declared... yes
#20 33.22 checking /usr/include/openssl/ecdsa.h usability... yes
#20 33.40 checking /usr/include/openssl/ecdsa.h presence... yes
#20 33.46 checking for /usr/include/openssl/ecdsa.h... yes
#20 33.47 checking whether NID_X9_62_prime256v1 is declared... yes
#20 33.69 checking whether NID_secp384r1 is declared... yes
#20 33.91 checking whether NID_ED25519 is declared... yes
#20 34.11 checking whether NID_ED448 is declared... yes
#20 34.32 checking whether to enable DNS over TLS support... no
#20 34.32 checking whether to enable ipcipher support... auto
#20 34.33 checking for ragel... ragel
#20 34.33 checking for library containing clock_gettime... none required
#20 34.49 checking for Boost headers version >= 1.42.0... yes
#20 34.53 checking for Boost's header version... 1_71
#20 34.55 checking for the toolset name used by Boost for clang++ -std=c++17... gcc42 -gcc
#20 38.46 checking whether to enable unit test building... no
#20 38.47 checking whether to enable backend unit test building... no
#20 38.47 checking whether to enable reproducible builds.... no
#20 38.48 checking whether to enable fuzzing targets... yes
#20 38.48 checking whether user requires sqlite3... no
#20 38.48 checking for a Python interpreter with version >= 3.6... python
#20 38.66 checking for python... /usr/bin/python
#20 38.66 checking for python version... 3.8
#20 38.68 checking for python platform... linux
#20 38.70 checking for python script directory... ${prefix}/lib/python3.8/site-packages
#20 38.77 checking for python extension module directory... ${exec_prefix}/lib/python3.8/site-packages
#20 38.82 checking python module: venv... yes
#20 38.89 checking for strcasestr... yes
#20 39.07 checking for localtime_r... yes
#20 39.25 checking for gmtime_r... yes
#20 39.43 checking for recvmmsg... (cached) yes
#20 39.45 checking for sched_setscheduler... yes
#20 39.62 checking for getrandom... yes
#20 39.81 checking for arc4random... no
#20 39.98 checking whether to enable verbose logging... no
#20 39.98 checking whether to enable PKCS11 support... no
#20 40.00 checking whether to enable ZeroMQ connector in remotebackend... no
#20 40.00 checking for gawk... (cached) mawk
#20 40.00 checking for curl-config... no
#20 40.00 checking whether libcurl is usable... no
#20 40.06 checking whether we will be building and installing the extra tools... no
#20 40.06 checking whether we will be building ixfrdist... no
#20 40.06 checking whether we will enable LUA records... no
#20 40.06 checking systemd/sd-daemon.h usability... no
#20 40.16 checking systemd/sd-daemon.h presence... no
#20 40.19 checking for systemd/sd-daemon.h... no
#20 40.20 checking What user and group will be used by service... pdns
#20 40.20 checking whether to enable code coverage... no
#20 40.20 checking whether C++ compiler handles -Werror -Wunknown-warning-option... yes
#20 40.37 checking whether to enable AddressSanitizer... no
#20 40.37 checking whether to enable MemorySanitizer... no
#20 40.37 checking whether to enable ThreadSanitizer... no
#20 40.37 checking whether to enable LeakSanitizer... no
#20 40.37 checking whether to enable Undefined Behaviour Sanitizer... no
#20 40.37 checking whether to enable code malloc-trace... no
#20 40.45 checking that generated files are newer than configure... done
#20 40.45 configure: creating ./config.status
#20 41.54 config.status: creating Makefile
#20 41.57 config.status: creating modules/Makefile
#20 41.59 config.status: creating pdns/Makefile
#20 41.63 config.status: creating codedocs/Makefile
#20 41.66 config.status: creating docs/Makefile
#20 41.69 config.status: creating pdns/pdns.init
#20 41.71 config.status: creating ext/Makefile
#20 41.74 config.status: creating ext/ipcrypt/Makefile
#20 41.77 config.status: creating ext/yahttp/Makefile
#20 41.82 config.status: creating ext/yahttp/yahttp/Makefile
#20 41.84 config.status: creating ext/json11/Makefile
#20 41.87 config.status: creating modules/bindbackend/Makefile
#20 41.90 config.status: creating modules/geoipbackend/Makefile
#20 41.92 config.status: creating modules/gmysqlbackend/Makefile
#20 41.95 config.status: creating modules/godbcbackend/Makefile
#20 41.98 config.status: creating modules/gpgsqlbackend/Makefile
#20 42.01 config.status: creating modules/gsqlite3backend/Makefile
#20 42.03 config.status: creating modules/ldapbackend/Makefile
#20 42.06 config.status: creating modules/lmdbbackend/Makefile
#20 42.09 config.status: creating modules/lua2backend/Makefile
#20 42.12 config.status: creating modules/pipebackend/Makefile
#20 42.14 config.status: creating modules/remotebackend/Makefile
#20 42.17 config.status: creating modules/tinydnsbackend/Makefile
#20 42.20 config.status: creating config.h
#20 42.22 config.status: executing depfiles commands
#20 42.22 config.status: executing libtool commands
#20 42.24 configure: 
#20 42.24 configure: Configuration summary
#20 42.24 configure: =====================
#20 42.24 configure: 
#20 42.24 configure: Configured with:  '--without-dynmodules' '--with-modules=' '--disable-lua-records' '--disable-ixfrdist' '--enable-fuzz-targets' '--disable-dependency-tracking' '--disable-silent-rules' 'CC=clang' 'CFLAGS=-DFUZZING_BUILD_MODE_UNSAFE_FOR_PRODUCTION -pthread -Wl,--no-as-needed -Wl,-ldl -Wl,-lm -Wno-unused-command-line-argument -O3 -fsanitize-coverage=trace-pc-guard' 'CXX=clang++' 'CXXFLAGS=-DFUZZING_BUILD_MODE_UNSAFE_FOR_PRODUCTION -pthread -Wl,--no-as-needed -Wl,-ldl -Wl,-lm -Wno-unused-command-line-argument -stdlib=libc++ -O3 -fsanitize-coverage=trace-pc-guard' 'CCC=clang++'
#20 42.24 configure: 
#20 42.24 configure: CC: clang
#20 42.24 configure: CXX: clang++ -std=c++17
#20 42.24 configure: LD: /usr/bin/ld -m elf_x86_64
#20 42.24 configure: CFLAGS:   -U_FORTIFY_SOURCE -D_FORTIFY_SOURCE=2 --param ssp-buffer-size=4 -fstack-protector -g -O2 -Wall -Wextra -Wshadow -Wno-unused-parameter -Wmissing-declarations -Wredundant-decls -DFUZZING_BUILD_MODE_UNSAFE_FOR_PRODUCTION -pthread -Wl,--no-as-needed -Wl,-ldl -Wl,-lm -Wno-unused-command-line-argument -O3 -fsanitize-coverage=trace-pc-guard
#20 42.24 configure: CPPFLAGS: 
#20 42.24 configure: CXXFLAGS:   -U_FORTIFY_SOURCE -D_FORTIFY_SOURCE=2 --param ssp-buffer-size=4 -fstack-protector -g -O2 -Wall -Wextra -Wshadow -Wno-unused-parameter -Wmissing-declarations -Wredundant-decls -DFUZZING_BUILD_MODE_UNSAFE_FOR_PRODUCTION -pthread -Wl,--no-as-needed -Wl,-ldl -Wl,-lm -Wno-unused-command-line-argument -stdlib=libc++ -O3 -fsanitize-coverage=trace-pc-guard
#20 42.24 configure: LDFLAGS: -Wl,-z -Wl,relro -Wl,-z -Wl,now 
#20 42.24 configure: LIBS: 
#20 42.24 configure: BOOST_CPPFLAGS: 
#20 42.24 configure: 
#20 42.24 configure: Extras enabled
#20 42.24 configure: --------------
#20 42.24 configure: Tools: no
#20 42.24 configure: ixfrdist: no
#20 42.25 configure: 
#20 42.25 configure: Server Features enabled
#20 42.25 configure: -----------------------
#20 42.25 configure: Built-in modules: 
#20 42.25 configure: Dynamic modules: 
#20 42.25 configure: 
#20 42.25 configure: OpenSSL ecdsa: yes
#20 42.25 configure: ed25519: yes
#20 42.25 configure: ed448: yes
#20 42.25 configure: SQLite3: no
#20 42.25 configure: Lua: luajit
#20 42.25 configure: systemd: no
#20 42.25 configure: 
#20 42.39 + cd pdns
#20 42.39 ++ nproc
#20 42.40 + make -j8 fuzz_targets
#20 42.42 clang++ -std=c++17 -DHAVE_CONFIG_H -I. -I..  -I.. -I.. -pthread  -I../ext/json11 -I../ext/yahttp     -I../ext/protozero/include -DBOOST_CONTAINER_USE_STD_EXCEPTIONS   -I/usr/include/luajit-2.1   -DSYSCONFDIR=\"/usr/local/etc\" -DPKGLIBDIR=\"/usr/local/lib/pdns\" -DLOCALSTATEDIR=\"/var/run\" -U_FORTIFY_SOURCE -D_FORTIFY_SOURCE=2 --param ssp-buffer-size=4 -fstack-protector -g -O2 -Wall -Wextra -Wshadow -Wno-unused-parameter -Wmissing-declarations -Wredundant-decls -DFUZZING_BUILD_MODE_UNSAFE_FOR_PRODUCTION -pthread -Wl,--no-as-needed -Wl,-ldl -Wl,-lm -Wno-unused-command-line-argument -stdlib=libc++ -O3 -fsanitize-coverage=trace-pc-guard -c -o dns.o dns.cc
#20 42.42 clang++ -std=c++17 -DHAVE_CONFIG_H -I. -I..  -I.. -I.. -pthread  -I../ext/json11 -I../ext/yahttp     -I../ext/protozero/include -DBOOST_CONTAINER_USE_STD_EXCEPTIONS   -I/usr/include/luajit-2.1   -DSYSCONFDIR=\"/usr/local/etc\" -DPKGLIBDIR=\"/usr/local/lib/pdns\" -DLOCALSTATEDIR=\"/var/run\" -U_FORTIFY_SOURCE -D_FORTIFY_SOURCE=2 --param ssp-buffer-size=4 -fstack-protector -g -O2 -Wall -Wextra -Wshadow -Wno-unused-parameter -Wmissing-declarations -Wredundant-decls -DFUZZING_BUILD_MODE_UNSAFE_FOR_PRODUCTION -pthread -Wl,--no-as-needed -Wl,-ldl -Wl,-lm -Wno-unused-command-line-argument -stdlib=libc++ -O3 -fsanitize-coverage=trace-pc-guard -c -o dnsdist-cache.o dnsdist-cache.cc
#20 42.42 clang++ -std=c++17 -DHAVE_CONFIG_H -I. -I..  -I.. -I.. -pthread  -I../ext/json11 -I../ext/yahttp     -I../ext/protozero/include -DBOOST_CONTAINER_USE_STD_EXCEPTIONS   -I/usr/include/luajit-2.1   -DSYSCONFDIR=\"/usr/local/etc\" -DPKGLIBDIR=\"/usr/local/lib/pdns\" -DLOCALSTATEDIR=\"/var/run\" -U_FORTIFY_SOURCE -D_FORTIFY_SOURCE=2 --param ssp-buffer-size=4 -fstack-protector -g -O2 -Wall -Wextra -Wshadow -Wno-unused-parameter -Wmissing-declarations -Wredundant-decls -DFUZZING_BUILD_MODE_UNSAFE_FOR_PRODUCTION -pthread -Wl,--no-as-needed -Wl,-ldl -Wl,-lm -Wno-unused-command-line-argument -stdlib=libc++ -O3 -fsanitize-coverage=trace-pc-guard -c -o dnsdist-ecs.o dnsdist-ecs.cc
#20 42.42 clang++ -std=c++17 -DHAVE_CONFIG_H -I. -I..  -I.. -I.. -pthread  -I../ext/json11 -I../ext/yahttp     -I../ext/protozero/include -DBOOST_CONTAINER_USE_STD_EXCEPTIONS   -I/usr/include/luajit-2.1   -DSYSCONFDIR=\"/usr/local/etc\" -DPKGLIBDIR=\"/usr/local/lib/pdns\" -DLOCALSTATEDIR=\"/var/run\" -U_FORTIFY_SOURCE -D_FORTIFY_SOURCE=2 --param ssp-buffer-size=4 -fstack-protector -g -O2 -Wall -Wextra -Wshadow -Wno-unused-parameter -Wmissing-declarations -Wredundant-decls -DFUZZING_BUILD_MODE_UNSAFE_FOR_PRODUCTION -pthread -Wl,--no-as-needed -Wl,-ldl -Wl,-lm -Wno-unused-command-line-argument -stdlib=libc++ -O3 -fsanitize-coverage=trace-pc-guard -c -o dnsdist-protocols.o dnsdist-protocols.cc
#20 42.42 ragel dnslabeltext.rl -o dnslabeltext.cc
#20 42.42 clang++ -std=c++17 -DHAVE_CONFIG_H -I. -I..  -I.. -I.. -pthread  -I../ext/json11 -I../ext/yahttp     -I../ext/protozero/include -DBOOST_CONTAINER_USE_STD_EXCEPTIONS   -I/usr/include/luajit-2.1   -DSYSCONFDIR=\"/usr/local/etc\" -DPKGLIBDIR=\"/usr/local/lib/pdns\" -DLOCALSTATEDIR=\"/var/run\" -U_FORTIFY_SOURCE -D_FORTIFY_SOURCE=2 --param ssp-buffer-size=4 -fstack-protector -g -O2 -Wall -Wextra -Wshadow -Wno-unused-parameter -Wmissing-declarations -Wredundant-decls -DFUZZING_BUILD_MODE_UNSAFE_FOR_PRODUCTION -pthread -Wl,--no-as-needed -Wl,-ldl -Wl,-lm -Wno-unused-command-line-argument -stdlib=libc++ -O3 -fsanitize-coverage=trace-pc-guard -c -o dnsname.o dnsname.cc
#20 42.42 clang++ -std=c++17 -DHAVE_CONFIG_H -I. -I..  -I.. -I.. -pthread  -I../ext/json11 -I../ext/yahttp     -I../ext/protozero/include -DBOOST_CONTAINER_USE_STD_EXCEPTIONS   -I/usr/include/luajit-2.1   -DSYSCONFDIR=\"/usr/local/etc\" -DPKGLIBDIR=\"/usr/local/lib/pdns\" -DLOCALSTATEDIR=\"/var/run\" -U_FORTIFY_SOURCE -D_FORTIFY_SOURCE=2 --param ssp-buffer-size=4 -fstack-protector -g -O2 -Wall -Wextra -Wshadow -Wno-unused-parameter -Wmissing-declarations -Wredundant-decls -DFUZZING_BUILD_MODE_UNSAFE_FOR_PRODUCTION -pthread -Wl,--no-as-needed -Wl,-ldl -Wl,-lm -Wno-unused-command-line-argument -stdlib=libc++ -O3 -fsanitize-coverage=trace-pc-guard -c -o dnsparser.o dnsparser.cc
#20 42.42 clang++ -std=c++17 -DHAVE_CONFIG_H -I. -I..  -I.. -I.. -pthread  -I../ext/json11 -I../ext/yahttp     -I../ext/protozero/include -DBOOST_CONTAINER_USE_STD_EXCEPTIONS   -I/usr/include/luajit-2.1   -DSYSCONFDIR=\"/usr/local/etc\" -DPKGLIBDIR=\"/usr/local/lib/pdns\" -DLOCALSTATEDIR=\"/var/run\" -U_FORTIFY_SOURCE -D_FORTIFY_SOURCE=2 --param ssp-buffer-size=4 -fstack-protector -g -O2 -Wall -Wextra -Wshadow -Wno-unused-parameter -Wmissing-declarations -Wredundant-decls -DFUZZING_BUILD_MODE_UNSAFE_FOR_PRODUCTION -pthread -Wl,--no-as-needed -Wl,-ldl -Wl,-lm -Wno-unused-command-line-argument -stdlib=libc++ -O3 -fsanitize-coverage=trace-pc-guard -c -o dnswriter.o dnswriter.cc
#20 42.43 clang++ -std=c++17 -DHAVE_CONFIG_H -I. -I..  -I.. -I.. -pthread  -I../ext/json11 -I../ext/yahttp     -I../ext/protozero/include -DBOOST_CONTAINER_USE_STD_EXCEPTIONS   -I/usr/include/luajit-2.1   -DSYSCONFDIR=\"/usr/local/etc\" -DPKGLIBDIR=\"/usr/local/lib/pdns\" -DLOCALSTATEDIR=\"/var/run\" -U_FORTIFY_SOURCE -D_FORTIFY_SOURCE=2 --param ssp-buffer-size=4 -fstack-protector -g -O2 -Wall -Wextra -Wshadow -Wno-unused-parameter -Wmissing-declarations -Wredundant-decls -DFUZZING_BUILD_MODE_UNSAFE_FOR_PRODUCTION -pthread -Wl,--no-as-needed -Wl,-ldl -Wl,-lm -Wno-unused-command-line-argument -stdlib=libc++ -O3 -fsanitize-coverage=trace-pc-guard -c -o ednsoptions.o ednsoptions.cc
#20 44.80 clang++ -std=c++17 -DHAVE_CONFIG_H -I. -I..  -I.. -I.. -pthread  -I../ext/json11 -I../ext/yahttp     -I../ext/protozero/include -DBOOST_CONTAINER_USE_STD_EXCEPTIONS   -I/usr/include/luajit-2.1   -DSYSCONFDIR=\"/usr/local/etc\" -DPKGLIBDIR=\"/usr/local/lib/pdns\" -DLOCALSTATEDIR=\"/var/run\" -U_FORTIFY_SOURCE -D_FORTIFY_SOURCE=2 --param ssp-buffer-size=4 -fstack-protector -g -O2 -Wall -Wextra -Wshadow -Wno-unused-parameter -Wmissing-declarations -Wredundant-decls -DFUZZING_BUILD_MODE_UNSAFE_FOR_PRODUCTION -pthread -Wl,--no-as-needed -Wl,-ldl -Wl,-lm -Wno-unused-command-line-argument -stdlib=libc++ -O3 -fsanitize-coverage=trace-pc-guard -c -o ednssubnet.o ednssubnet.cc
#20 49.08 clang++ -std=c++17 -DHAVE_CONFIG_H -I. -I..  -I.. -I.. -pthread  -I../ext/json11 -I../ext/yahttp     -I../ext/protozero/include -DBOOST_CONTAINER_USE_STD_EXCEPTIONS   -I/usr/include/luajit-2.1   -DSYSCONFDIR=\"/usr/local/etc\" -DPKGLIBDIR=\"/usr/local/lib/pdns\" -DLOCALSTATEDIR=\"/var/run\" -U_FORTIFY_SOURCE -D_FORTIFY_SOURCE=2 --param ssp-buffer-size=4 -fstack-protector -g -O2 -Wall -Wextra -Wshadow -Wno-unused-parameter -Wmissing-declarations -Wredundant-decls -DFUZZING_BUILD_MODE_UNSAFE_FOR_PRODUCTION -pthread -Wl,--no-as-needed -Wl,-ldl -Wl,-lm -Wno-unused-command-line-argument -stdlib=libc++ -O3 -fsanitize-coverage=trace-pc-guard -c -o fuzz_dnsdistcache.o fuzz_dnsdistcache.cc
#20 50.31 clang++ -std=c++17 -DHAVE_CONFIG_H -I. -I..  -I.. -I.. -pthread  -I../ext/json11 -I../ext/yahttp     -I../ext/protozero/include -DBOOST_CONTAINER_USE_STD_EXCEPTIONS   -I/usr/include/luajit-2.1   -DSYSCONFDIR=\"/usr/local/etc\" -DPKGLIBDIR=\"/usr/local/lib/pdns\" -DLOCALSTATEDIR=\"/var/run\" -U_FORTIFY_SOURCE -D_FORTIFY_SOURCE=2 --param ssp-buffer-size=4 -fstack-protector -g -O2 -Wall -Wextra -Wshadow -Wno-unused-parameter -Wmissing-declarations -Wredundant-decls -DFUZZING_BUILD_MODE_UNSAFE_FOR_PRODUCTION -pthread -Wl,--no-as-needed -Wl,-ldl -Wl,-lm -Wno-unused-command-line-argument -stdlib=libc++ -O3 -fsanitize-coverage=trace-pc-guard -c -o iputils.o iputils.cc
#20 50.47 clang++ -std=c++17 -DHAVE_CONFIG_H -I. -I..  -I.. -I.. -pthread  -I../ext/json11 -I../ext/yahttp     -I../ext/protozero/include -DBOOST_CONTAINER_USE_STD_EXCEPTIONS   -I/usr/include/luajit-2.1   -DSYSCONFDIR=\"/usr/local/etc\" -DPKGLIBDIR=\"/usr/local/lib/pdns\" -DLOCALSTATEDIR=\"/var/run\" -U_FORTIFY_SOURCE -D_FORTIFY_SOURCE=2 --param ssp-buffer-size=4 -fstack-protector -g -O2 -Wall -Wextra -Wshadow -Wno-unused-parameter -Wmissing-declarations -Wredundant-decls -DFUZZING_BUILD_MODE_UNSAFE_FOR_PRODUCTION -pthread -Wl,--no-as-needed -Wl,-ldl -Wl,-lm -Wno-unused-command-line-argument -stdlib=libc++ -O3 -fsanitize-coverage=trace-pc-guard -c -o misc.o misc.cc
#20 51.73 clang++ -std=c++17 -DHAVE_CONFIG_H -I. -I..  -I.. -I.. -pthread  -I../ext/json11 -I../ext/yahttp     -I../ext/protozero/include -DBOOST_CONTAINER_USE_STD_EXCEPTIONS   -I/usr/include/luajit-2.1   -DSYSCONFDIR=\"/usr/local/etc\" -DPKGLIBDIR=\"/usr/local/lib/pdns\" -DLOCALSTATEDIR=\"/var/run\" -U_FORTIFY_SOURCE -D_FORTIFY_SOURCE=2 --param ssp-buffer-size=4 -fstack-protector -g -O2 -Wall -Wextra -Wshadow -Wno-unused-parameter -Wmissing-declarations -Wredundant-decls -DFUZZING_BUILD_MODE_UNSAFE_FOR_PRODUCTION -pthread -Wl,--no-as-needed -Wl,-ldl -Wl,-lm -Wno-unused-command-line-argument -stdlib=libc++ -O3 -fsanitize-coverage=trace-pc-guard -c -o qtype.o qtype.cc
#20 54.92 clang++ -std=c++17 -DHAVE_CONFIG_H -I. -I..  -I.. -I.. -pthread  -I../ext/json11 -I../ext/yahttp     -I../ext/protozero/include -DBOOST_CONTAINER_USE_STD_EXCEPTIONS   -I/usr/include/luajit-2.1   -DSYSCONFDIR=\"/usr/local/etc\" -DPKGLIBDIR=\"/usr/local/lib/pdns\" -DLOCALSTATEDIR=\"/var/run\" -U_FORTIFY_SOURCE -D_FORTIFY_SOURCE=2 --param ssp-buffer-size=4 -fstack-protector -g -O2 -Wall -Wextra -Wshadow -Wno-unused-parameter -Wmissing-declarations -Wredundant-decls -DFUZZING_BUILD_MODE_UNSAFE_FOR_PRODUCTION -pthread -Wl,--no-as-needed -Wl,-ldl -Wl,-lm -Wno-unused-command-line-argument -stdlib=libc++ -O3 -fsanitize-coverage=trace-pc-guard -c -o svc-records.o svc-records.cc
#20 55.37 clang++ -std=c++17 -DHAVE_CONFIG_H -I. -I..  -I.. -I.. -pthread  -I../ext/json11 -I../ext/yahttp     -I../ext/protozero/include -DBOOST_CONTAINER_USE_STD_EXCEPTIONS   -I/usr/include/luajit-2.1   -DSYSCONFDIR=\"/usr/local/etc\" -DPKGLIBDIR=\"/usr/local/lib/pdns\" -DLOCALSTATEDIR=\"/var/run\" -U_FORTIFY_SOURCE -D_FORTIFY_SOURCE=2 --param ssp-buffer-size=4 -fstack-protector -g -O2 -Wall -Wextra -Wshadow -Wno-unused-parameter -Wmissing-declarations -Wredundant-decls -DFUZZING_BUILD_MODE_UNSAFE_FOR_PRODUCTION -pthread -Wl,--no-as-needed -Wl,-ldl -Wl,-lm -Wno-unused-command-line-argument -stdlib=libc++ -O3 -fsanitize-coverage=trace-pc-guard -c -o standalone_fuzz_target_runner.o standalone_fuzz_target_runner.cc
#20 58.66 clang++ -std=c++17 -DHAVE_CONFIG_H -I. -I..  -I.. -I.. -pthread  -I../ext/json11 -I../ext/yahttp     -I../ext/protozero/include -DBOOST_CONTAINER_USE_STD_EXCEPTIONS   -I/usr/include/luajit-2.1   -DSYSCONFDIR=\"/usr/local/etc\" -DPKGLIBDIR=\"/usr/local/lib/pdns\" -DLOCALSTATEDIR=\"/var/run\" -U_FORTIFY_SOURCE -D_FORTIFY_SOURCE=2 --param ssp-buffer-size=4 -fstack-protector -g -O2 -Wall -Wextra -Wshadow -Wno-unused-parameter -Wmissing-declarations -Wredundant-decls -DFUZZING_BUILD_MODE_UNSAFE_FOR_PRODUCTION -pthread -Wl,--no-as-needed -Wl,-ldl -Wl,-lm -Wno-unused-command-line-argument -stdlib=libc++ -O3 -fsanitize-coverage=trace-pc-guard -c -o base32.o base32.cc
#20 58.73 clang++ -std=c++17 -DHAVE_CONFIG_H -I. -I..  -I.. -I.. -pthread  -I../ext/json11 -I../ext/yahttp     -I../ext/protozero/include -DBOOST_CONTAINER_USE_STD_EXCEPTIONS   -I/usr/include/luajit-2.1   -DSYSCONFDIR=\"/usr/local/etc\" -DPKGLIBDIR=\"/usr/local/lib/pdns\" -DLOCALSTATEDIR=\"/var/run\" -U_FORTIFY_SOURCE -D_FORTIFY_SOURCE=2 --param ssp-buffer-size=4 -fstack-protector -g -O2 -Wall -Wextra -Wshadow -Wno-unused-parameter -Wmissing-declarations -Wredundant-decls -DFUZZING_BUILD_MODE_UNSAFE_FOR_PRODUCTION -pthread -Wl,--no-as-needed -Wl,-ldl -Wl,-lm -Wno-unused-command-line-argument -stdlib=libc++ -O3 -fsanitize-coverage=trace-pc-guard -c -o base64.o base64.cc
#20 59.91 clang++ -std=c++17 -DHAVE_CONFIG_H -I. -I..  -I.. -I.. -pthread  -I../ext/json11 -I../ext/yahttp     -I../ext/protozero/include -DBOOST_CONTAINER_USE_STD_EXCEPTIONS   -I/usr/include/luajit-2.1   -DSYSCONFDIR=\"/usr/local/etc\" -DPKGLIBDIR=\"/usr/local/lib/pdns\" -DLOCALSTATEDIR=\"/var/run\" -U_FORTIFY_SOURCE -D_FORTIFY_SOURCE=2 --param ssp-buffer-size=4 -fstack-protector -g -O2 -Wall -Wextra -Wshadow -Wno-unused-parameter -Wmissing-declarations -Wredundant-decls -DFUZZING_BUILD_MODE_UNSAFE_FOR_PRODUCTION -pthread -Wl,--no-as-needed -Wl,-ldl -Wl,-lm -Wno-unused-command-line-argument -stdlib=libc++ -O3 -fsanitize-coverage=trace-pc-guard -c -o dnsrecords.o dnsrecords.cc
#20 60.51 clang++ -std=c++17 -DHAVE_CONFIG_H -I. -I..  -I.. -I.. -pthread  -I../ext/json11 -I../ext/yahttp     -I../ext/protozero/include -DBOOST_CONTAINER_USE_STD_EXCEPTIONS   -I/usr/include/luajit-2.1   -DSYSCONFDIR=\"/usr/local/etc\" -DPKGLIBDIR=\"/usr/local/lib/pdns\" -DLOCALSTATEDIR=\"/var/run\" -U_FORTIFY_SOURCE -D_FORTIFY_SOURCE=2 --param ssp-buffer-size=4 -fstack-protector -g -O2 -Wall -Wextra -Wshadow -Wno-unused-parameter -Wmissing-declarations -Wredundant-decls -DFUZZING_BUILD_MODE_UNSAFE_FOR_PRODUCTION -pthread -Wl,--no-as-needed -Wl,-ldl -Wl,-lm -Wno-unused-command-line-argument -stdlib=libc++ -O3 -fsanitize-coverage=trace-pc-guard -c -o fuzz_moadnsparser.o fuzz_moadnsparser.cc
#20 60.57 clang++ -std=c++17 -DHAVE_CONFIG_H -I. -I..  -I.. -I.. -pthread  -I../ext/json11 -I../ext/yahttp     -I../ext/protozero/include -DBOOST_CONTAINER_USE_STD_EXCEPTIONS   -I/usr/include/luajit-2.1   -DSYSCONFDIR=\"/usr/local/etc\" -DPKGLIBDIR=\"/usr/local/lib/pdns\" -DLOCALSTATEDIR=\"/var/run\" -U_FORTIFY_SOURCE -D_FORTIFY_SOURCE=2 --param ssp-buffer-size=4 -fstack-protector -g -O2 -Wall -Wextra -Wshadow -Wno-unused-parameter -Wmissing-declarations -Wredundant-decls -DFUZZING_BUILD_MODE_UNSAFE_FOR_PRODUCTION -pthread -Wl,--no-as-needed -Wl,-ldl -Wl,-lm -Wno-unused-command-line-argument -stdlib=libc++ -O3 -fsanitize-coverage=trace-pc-guard -c -o logger.o logger.cc
#20 61.41 clang++ -std=c++17 -DHAVE_CONFIG_H -I. -I..  -I.. -I.. -pthread  -I../ext/json11 -I../ext/yahttp     -I../ext/protozero/include -DBOOST_CONTAINER_USE_STD_EXCEPTIONS   -I/usr/include/luajit-2.1   -DSYSCONFDIR=\"/usr/local/etc\" -DPKGLIBDIR=\"/usr/local/lib/pdns\" -DLOCALSTATEDIR=\"/var/run\" -U_FORTIFY_SOURCE -D_FORTIFY_SOURCE=2 --param ssp-buffer-size=4 -fstack-protector -g -O2 -Wall -Wextra -Wshadow -Wno-unused-parameter -Wmissing-declarations -Wredundant-decls -DFUZZING_BUILD_MODE_UNSAFE_FOR_PRODUCTION -pthread -Wl,--no-as-needed -Wl,-ldl -Wl,-lm -Wno-unused-command-line-argument -stdlib=libc++ -O3 -fsanitize-coverage=trace-pc-guard -c -o nsecrecords.o nsecrecords.cc
#20 61.49 clang++ -std=c++17 -DHAVE_CONFIG_H -I. -I..  -I.. -I.. -pthread  -I../ext/json11 -I../ext/yahttp     -I../ext/protozero/include -DBOOST_CONTAINER_USE_STD_EXCEPTIONS   -I/usr/include/luajit-2.1   -DSYSCONFDIR=\"/usr/local/etc\" -DPKGLIBDIR=\"/usr/local/lib/pdns\" -DLOCALSTATEDIR=\"/var/run\" -U_FORTIFY_SOURCE -D_FORTIFY_SOURCE=2 --param ssp-buffer-size=4 -fstack-protector -g -O2 -Wall -Wextra -Wshadow -Wno-unused-parameter -Wmissing-declarations -Wredundant-decls -DFUZZING_BUILD_MODE_UNSAFE_FOR_PRODUCTION -pthread -Wl,--no-as-needed -Wl,-ldl -Wl,-lm -Wno-unused-command-line-argument -stdlib=libc++ -O3 -fsanitize-coverage=trace-pc-guard -c -o rcpgenerator.o rcpgenerator.cc
#20 61.55 clang++ -std=c++17 -DHAVE_CONFIG_H -I. -I..  -I.. -I.. -pthread  -I../ext/json11 -I../ext/yahttp     -I../ext/protozero/include -DBOOST_CONTAINER_USE_STD_EXCEPTIONS   -I/usr/include/luajit-2.1   -DSYSCONFDIR=\"/usr/local/etc\" -DPKGLIBDIR=\"/usr/local/lib/pdns\" -DLOCALSTATEDIR=\"/var/run\" -U_FORTIFY_SOURCE -D_FORTIFY_SOURCE=2 --param ssp-buffer-size=4 -fstack-protector -g -O2 -Wall -Wextra -Wshadow -Wno-unused-parameter -Wmissing-declarations -Wredundant-decls -DFUZZING_BUILD_MODE_UNSAFE_FOR_PRODUCTION -pthread -Wl,--no-as-needed -Wl,-ldl -Wl,-lm -Wno-unused-command-line-argument -stdlib=libc++ -O3 -fsanitize-coverage=trace-pc-guard -c -o sillyrecords.o sillyrecords.cc
#20 62.49 clang++ -std=c++17 -DHAVE_CONFIG_H -I. -I..  -I.. -I.. -pthread  -I../ext/json11 -I../ext/yahttp     -I../ext/protozero/include -DBOOST_CONTAINER_USE_STD_EXCEPTIONS   -I/usr/include/luajit-2.1   -DSYSCONFDIR=\"/usr/local/etc\" -DPKGLIBDIR=\"/usr/local/lib/pdns\" -DLOCALSTATEDIR=\"/var/run\" -U_FORTIFY_SOURCE -D_FORTIFY_SOURCE=2 --param ssp-buffer-size=4 -fstack-protector -g -O2 -Wall -Wextra -Wshadow -Wno-unused-parameter -Wmissing-declarations -Wredundant-decls -DFUZZING_BUILD_MODE_UNSAFE_FOR_PRODUCTION -pthread -Wl,--no-as-needed -Wl,-ldl -Wl,-lm -Wno-unused-command-line-argument -stdlib=libc++ -O3 -fsanitize-coverage=trace-pc-guard -c -o statbag.o statbag.cc
#20 67.54 clang++ -std=c++17 -DHAVE_CONFIG_H -I. -I..  -I.. -I.. -pthread  -I../ext/json11 -I../ext/yahttp     -I../ext/protozero/include -DBOOST_CONTAINER_USE_STD_EXCEPTIONS   -I/usr/include/luajit-2.1   -DSYSCONFDIR=\"/usr/local/etc\" -DPKGLIBDIR=\"/usr/local/lib/pdns\" -DLOCALSTATEDIR=\"/var/run\" -U_FORTIFY_SOURCE -D_FORTIFY_SOURCE=2 --param ssp-buffer-size=4 -fstack-protector -g -O2 -Wall -Wextra -Wshadow -Wno-unused-parameter -Wmissing-declarations -Wredundant-decls -DFUZZING_BUILD_MODE_UNSAFE_FOR_PRODUCTION -pthread -Wl,--no-as-needed -Wl,-ldl -Wl,-lm -Wno-unused-command-line-argument -stdlib=libc++ -O3 -fsanitize-coverage=trace-pc-guard -c -o unix_utility.o unix_utility.cc
#20 67.91 clang++ -std=c++17 -DHAVE_CONFIG_H -I. -I..  -I.. -I.. -pthread  -I../ext/json11 -I../ext/yahttp     -I../ext/protozero/include -DBOOST_CONTAINER_USE_STD_EXCEPTIONS   -I/usr/include/luajit-2.1   -DSYSCONFDIR=\"/usr/local/etc\" -DPKGLIBDIR=\"/usr/local/lib/pdns\" -DLOCALSTATEDIR=\"/var/run\" -U_FORTIFY_SOURCE -D_FORTIFY_SOURCE=2 --param ssp-buffer-size=4 -fstack-protector -g -O2 -Wall -Wextra -Wshadow -Wno-unused-parameter -Wmissing-declarations -Wredundant-decls -DFUZZING_BUILD_MODE_UNSAFE_FOR_PRODUCTION -pthread -Wl,--no-as-needed -Wl,-ldl -Wl,-lm -Wno-unused-command-line-argument -stdlib=libc++ -O3 -fsanitize-coverage=trace-pc-guard -c -o fuzz_packetcache.o fuzz_packetcache.cc
#20 68.91 clang++ -std=c++17 -DHAVE_CONFIG_H -I. -I..  -I.. -I.. -pthread  -I../ext/json11 -I../ext/yahttp     -I../ext/protozero/include -DBOOST_CONTAINER_USE_STD_EXCEPTIONS   -I/usr/include/luajit-2.1   -DSYSCONFDIR=\"/usr/local/etc\" -DPKGLIBDIR=\"/usr/local/lib/pdns\" -DLOCALSTATEDIR=\"/var/run\" -U_FORTIFY_SOURCE -D_FORTIFY_SOURCE=2 --param ssp-buffer-size=4 -fstack-protector -g -O2 -Wall -Wextra -Wshadow -Wno-unused-parameter -Wmissing-declarations -Wredundant-decls -DFUZZING_BUILD_MODE_UNSAFE_FOR_PRODUCTION -pthread -Wl,--no-as-needed -Wl,-ldl -Wl,-lm -Wno-unused-command-line-argument -stdlib=libc++ -O3 -fsanitize-coverage=trace-pc-guard -c -o fuzz_proxyprotocol.o fuzz_proxyprotocol.cc
#20 71.03 clang++ -std=c++17 -DHAVE_CONFIG_H -I. -I..  -I.. -I.. -pthread  -I../ext/json11 -I../ext/yahttp     -I../ext/protozero/include -DBOOST_CONTAINER_USE_STD_EXCEPTIONS   -I/usr/include/luajit-2.1   -DSYSCONFDIR=\"/usr/local/etc\" -DPKGLIBDIR=\"/usr/local/lib/pdns\" -DLOCALSTATEDIR=\"/var/run\" -U_FORTIFY_SOURCE -D_FORTIFY_SOURCE=2 --param ssp-buffer-size=4 -fstack-protector -g -O2 -Wall -Wextra -Wshadow -Wno-unused-parameter -Wmissing-declarations -Wredundant-decls -DFUZZING_BUILD_MODE_UNSAFE_FOR_PRODUCTION -pthread -Wl,--no-as-needed -Wl,-ldl -Wl,-lm -Wno-unused-command-line-argument -stdlib=libc++ -O3 -fsanitize-coverage=trace-pc-guard -c -o proxy-protocol.o proxy-protocol.cc
#20 73.30 clang++ -std=c++17 -DHAVE_CONFIG_H -I. -I..  -I.. -I.. -pthread  -I../ext/json11 -I../ext/yahttp     -I../ext/protozero/include -DBOOST_CONTAINER_USE_STD_EXCEPTIONS   -I/usr/include/luajit-2.1   -DSYSCONFDIR=\"/usr/local/etc\" -DPKGLIBDIR=\"/usr/local/lib/pdns\" -DLOCALSTATEDIR=\"/var/run\" -U_FORTIFY_SOURCE -D_FORTIFY_SOURCE=2 --param ssp-buffer-size=4 -fstack-protector -g -O2 -Wall -Wextra -Wshadow -Wno-unused-parameter -Wmissing-declarations -Wredundant-decls -DFUZZING_BUILD_MODE_UNSAFE_FOR_PRODUCTION -pthread -Wl,--no-as-needed -Wl,-ldl -Wl,-lm -Wno-unused-command-line-argument -stdlib=libc++ -O3 -fsanitize-coverage=trace-pc-guard -c -o fuzz_zoneparsertng.o fuzz_zoneparsertng.cc
#20 74.03 clang++ -std=c++17 -DHAVE_CONFIG_H -I. -I..  -I.. -I.. -pthread  -I../ext/json11 -I../ext/yahttp     -I../ext/protozero/include -DBOOST_CONTAINER_USE_STD_EXCEPTIONS   -I/usr/include/luajit-2.1   -DSYSCONFDIR=\"/usr/local/etc\" -DPKGLIBDIR=\"/usr/local/lib/pdns\" -DLOCALSTATEDIR=\"/var/run\" -U_FORTIFY_SOURCE -D_FORTIFY_SOURCE=2 --param ssp-buffer-size=4 -fstack-protector -g -O2 -Wall -Wextra -Wshadow -Wno-unused-parameter -Wmissing-declarations -Wredundant-decls -DFUZZING_BUILD_MODE_UNSAFE_FOR_PRODUCTION -pthread -Wl,--no-as-needed -Wl,-ldl -Wl,-lm -Wno-unused-command-line-argument -stdlib=libc++ -O3 -fsanitize-coverage=trace-pc-guard -c -o zoneparser-tng.o zoneparser-tng.cc
#20 75.11 clang++ -std=c++17 -DHAVE_CONFIG_H -I. -I..  -I.. -I.. -pthread  -I../ext/json11 -I../ext/yahttp     -I../ext/protozero/include -DBOOST_CONTAINER_USE_STD_EXCEPTIONS   -I/usr/include/luajit-2.1   -DSYSCONFDIR=\"/usr/local/etc\" -DPKGLIBDIR=\"/usr/local/lib/pdns\" -DLOCALSTATEDIR=\"/var/run\" -U_FORTIFY_SOURCE -D_FORTIFY_SOURCE=2 --param ssp-buffer-size=4 -fstack-protector -g -O2 -Wall -Wextra -Wshadow -Wno-unused-parameter -Wmissing-declarations -Wredundant-decls -DFUZZING_BUILD_MODE_UNSAFE_FOR_PRODUCTION -pthread -Wl,--no-as-needed -Wl,-ldl -Wl,-lm -Wno-unused-command-line-argument -stdlib=libc++ -O3 -fsanitize-coverage=trace-pc-guard -c -o fuzz_dnslabeltext_parseRFC1035CharString.o fuzz_dnslabeltext_parseRFC1035CharString.cc
#20 75.27 clang++ -std=c++17 -DHAVE_CONFIG_H -I. -I..  -I.. -I.. -pthread  -I../ext/json11 -I../ext/yahttp     -I../ext/protozero/include -DBOOST_CONTAINER_USE_STD_EXCEPTIONS   -I/usr/include/luajit-2.1   -DSYSCONFDIR=\"/usr/local/etc\" -DPKGLIBDIR=\"/usr/local/lib/pdns\" -DLOCALSTATEDIR=\"/var/run\" -U_FORTIFY_SOURCE -D_FORTIFY_SOURCE=2 --param ssp-buffer-size=4 -fstack-protector -g -O2 -Wall -Wextra -Wshadow -Wno-unused-parameter -Wmissing-declarations -Wredundant-decls -DFUZZING_BUILD_MODE_UNSAFE_FOR_PRODUCTION -pthread -Wl,--no-as-needed -Wl,-ldl -Wl,-lm -Wno-unused-command-line-argument -stdlib=libc++ -O3 -fsanitize-coverage=trace-pc-guard -c -o dnslabeltext.o dnslabeltext.cc
#20 77.82 /bin/bash ../libtool  --tag=CXX   --mode=link clang++ -std=c++17 -DSYSCONFDIR=\"/usr/local/etc\" -DPKGLIBDIR=\"/usr/local/lib/pdns\" -DLOCALSTATEDIR=\"/var/run\" -U_FORTIFY_SOURCE -D_FORTIFY_SOURCE=2 --param ssp-buffer-size=4 -fstack-protector -g -O2 -Wall -Wextra -Wshadow -Wno-unused-parameter -Wmissing-declarations -Wredundant-decls -DFUZZING_BUILD_MODE_UNSAFE_FOR_PRODUCTION -pthread -Wl,--no-as-needed -Wl,-ldl -Wl,-lm -Wno-unused-command-line-argument -stdlib=libc++ -O3 -fsanitize-coverage=trace-pc-guard  -lcrypto -pthread -export-dynamic   -Wl,-z -Wl,relro -Wl,-z -Wl,now  -o fuzz_target_proxyprotocol fuzz_proxyprotocol.o proxy-protocol.o -lcrypto /libAFL.a 
#20 78.24 libtool: link: clang++ -std=c++17 -DSYSCONFDIR=\"/usr/local/etc\" -DPKGLIBDIR=\"/usr/local/lib/pdns\" -DLOCALSTATEDIR=\"/var/run\" -U_FORTIFY_SOURCE -D_FORTIFY_SOURCE=2 --param ssp-buffer-size=4 -fstack-protector -g -O2 -Wall -Wextra -Wshadow -Wno-unused-parameter -Wmissing-declarations -Wredundant-decls -DFUZZING_BUILD_MODE_UNSAFE_FOR_PRODUCTION -pthread -Wl,--no-as-needed -Wl,-ldl -Wl,-lm -Wno-unused-command-line-argument -stdlib=libc++ -O3 -fsanitize-coverage=trace-pc-guard -pthread -Wl,-z -Wl,relro -Wl,-z -Wl,now -o fuzz_target_proxyprotocol fuzz_proxyprotocol.o proxy-protocol.o -Wl,--export-dynamic  -lcrypto /libAFL.a -pthread
#20 81.45 /bin/bash ../libtool  --tag=CXX   --mode=link clang++ -std=c++17 -DSYSCONFDIR=\"/usr/local/etc\" -DPKGLIBDIR=\"/usr/local/lib/pdns\" -DLOCALSTATEDIR=\"/var/run\" -U_FORTIFY_SOURCE -D_FORTIFY_SOURCE=2 --param ssp-buffer-size=4 -fstack-protector -g -O2 -Wall -Wextra -Wshadow -Wno-unused-parameter -Wmissing-declarations -Wredundant-decls -DFUZZING_BUILD_MODE_UNSAFE_FOR_PRODUCTION -pthread -Wl,--no-as-needed -Wl,-ldl -Wl,-lm -Wno-unused-command-line-argument -stdlib=libc++ -O3 -fsanitize-coverage=trace-pc-guard  -lcrypto -pthread -export-dynamic   -Wl,-z -Wl,relro -Wl,-z -Wl,now  -o fuzz_target_dnsdistcache dns.o dnsdist-cache.o dnsdist-ecs.o dnsdist-protocols.o dnslabeltext.o dnsname.o dnsparser.o dnswriter.o ednsoptions.o ednssubnet.o fuzz_dnsdistcache.o iputils.o misc.o qtype.o svc-records.o -lcrypto /libAFL.a 
#20 81.45 /bin/bash ../libtool  --tag=CXX   --mode=link clang++ -std=c++17 -DSYSCONFDIR=\"/usr/local/etc\" -DPKGLIBDIR=\"/usr/local/lib/pdns\" -DLOCALSTATEDIR=\"/var/run\" -U_FORTIFY_SOURCE -D_FORTIFY_SOURCE=2 --param ssp-buffer-size=4 -fstack-protector -g -O2 -Wall -Wextra -Wshadow -Wno-unused-parameter -Wmissing-declarations -Wredundant-decls -DFUZZING_BUILD_MODE_UNSAFE_FOR_PRODUCTION -pthread -Wl,--no-as-needed -Wl,-ldl -Wl,-lm -Wno-unused-command-line-argument -stdlib=libc++ -O3 -fsanitize-coverage=trace-pc-guard  -lcrypto -pthread -export-dynamic   -Wl,-z -Wl,relro -Wl,-z -Wl,now  -o fuzz_target_packetcache dnslabeltext.o dnsname.o ednsoptions.o fuzz_packetcache.o misc.o qtype.o statbag.o svc-records.o -lcrypto /libAFL.a 
#20 81.45 /bin/bash ../libtool  --tag=CXX   --mode=link clang++ -std=c++17 -DSYSCONFDIR=\"/usr/local/etc\" -DPKGLIBDIR=\"/usr/local/lib/pdns\" -DLOCALSTATEDIR=\"/var/run\" -U_FORTIFY_SOURCE -D_FORTIFY_SOURCE=2 --param ssp-buffer-size=4 -fstack-protector -g -O2 -Wall -Wextra -Wshadow -Wno-unused-parameter -Wmissing-declarations -Wredundant-decls -DFUZZING_BUILD_MODE_UNSAFE_FOR_PRODUCTION -pthread -Wl,--no-as-needed -Wl,-ldl -Wl,-lm -Wno-unused-command-line-argument -stdlib=libc++ -O3 -fsanitize-coverage=trace-pc-guard  -lcrypto -pthread -export-dynamic   -Wl,-z -Wl,relro -Wl,-z -Wl,now  -o fuzz_target_dnslabeltext_parseRFC1035CharString dnslabeltext.o fuzz_dnslabeltext_parseRFC1035CharString.o -lcrypto /libAFL.a 
#20 81.78 libtool: link: clang++ -std=c++17 -DSYSCONFDIR=\"/usr/local/etc\" -DPKGLIBDIR=\"/usr/local/lib/pdns\" -DLOCALSTATEDIR=\"/var/run\" -U_FORTIFY_SOURCE -D_FORTIFY_SOURCE=2 --param ssp-buffer-size=4 -fstack-protector -g -O2 -Wall -Wextra -Wshadow -Wno-unused-parameter -Wmissing-declarations -Wredundant-decls -DFUZZING_BUILD_MODE_UNSAFE_FOR_PRODUCTION -pthread -Wl,--no-as-needed -Wl,-ldl -Wl,-lm -Wno-unused-command-line-argument -stdlib=libc++ -O3 -fsanitize-coverage=trace-pc-guard -pthread -Wl,-z -Wl,relro -Wl,-z -Wl,now -o fuzz_target_packetcache dnslabeltext.o dnsname.o ednsoptions.o fuzz_packetcache.o misc.o qtype.o statbag.o svc-records.o -Wl,--export-dynamic  -lcrypto /libAFL.a -pthread
#20 81.79 libtool: link: clang++ -std=c++17 -DSYSCONFDIR=\"/usr/local/etc\" -DPKGLIBDIR=\"/usr/local/lib/pdns\" -DLOCALSTATEDIR=\"/var/run\" -U_FORTIFY_SOURCE -D_FORTIFY_SOURCE=2 --param ssp-buffer-size=4 -fstack-protector -g -O2 -Wall -Wextra -Wshadow -Wno-unused-parameter -Wmissing-declarations -Wredundant-decls -DFUZZING_BUILD_MODE_UNSAFE_FOR_PRODUCTION -pthread -Wl,--no-as-needed -Wl,-ldl -Wl,-lm -Wno-unused-command-line-argument -stdlib=libc++ -O3 -fsanitize-coverage=trace-pc-guard -pthread -Wl,-z -Wl,relro -Wl,-z -Wl,now -o fuzz_target_dnslabeltext_parseRFC1035CharString dnslabeltext.o fuzz_dnslabeltext_parseRFC1035CharString.o -Wl,--export-dynamic  -lcrypto /libAFL.a -pthread
#20 81.80 libtool: link: clang++ -std=c++17 -DSYSCONFDIR=\"/usr/local/etc\" -DPKGLIBDIR=\"/usr/local/lib/pdns\" -DLOCALSTATEDIR=\"/var/run\" -U_FORTIFY_SOURCE -D_FORTIFY_SOURCE=2 --param ssp-buffer-size=4 -fstack-protector -g -O2 -Wall -Wextra -Wshadow -Wno-unused-parameter -Wmissing-declarations -Wredundant-decls -DFUZZING_BUILD_MODE_UNSAFE_FOR_PRODUCTION -pthread -Wl,--no-as-needed -Wl,-ldl -Wl,-lm -Wno-unused-command-line-argument -stdlib=libc++ -O3 -fsanitize-coverage=trace-pc-guard -pthread -Wl,-z -Wl,relro -Wl,-z -Wl,now -o fuzz_target_dnsdistcache dns.o dnsdist-cache.o dnsdist-ecs.o dnsdist-protocols.o dnslabeltext.o dnsname.o dnsparser.o dnswriter.o ednsoptions.o ednssubnet.o fuzz_dnsdistcache.o iputils.o misc.o qtype.o svc-records.o -Wl,--export-dynamic  -lcrypto /libAFL.a -pthread
#20 86.85 /bin/bash ../libtool  --tag=CXX   --mode=link clang++ -std=c++17 -DSYSCONFDIR=\"/usr/local/etc\" -DPKGLIBDIR=\"/usr/local/lib/pdns\" -DLOCALSTATEDIR=\"/var/run\" -U_FORTIFY_SOURCE -D_FORTIFY_SOURCE=2 --param ssp-buffer-size=4 -fstack-protector -g -O2 -Wall -Wextra -Wshadow -Wno-unused-parameter -Wmissing-declarations -Wredundant-decls -DFUZZING_BUILD_MODE_UNSAFE_FOR_PRODUCTION -pthread -Wl,--no-as-needed -Wl,-ldl -Wl,-lm -Wno-unused-command-line-argument -stdlib=libc++ -O3 -fsanitize-coverage=trace-pc-guard  -lcrypto -pthread -export-dynamic   -Wl,-z -Wl,relro -Wl,-z -Wl,now  -o fuzz_target_moadnsparser base32.o base64.o dnslabeltext.o dnsname.o dnsparser.o dnsrecords.o dnswriter.o fuzz_moadnsparser.o logger.o misc.o nsecrecords.o qtype.o rcpgenerator.o sillyrecords.o statbag.o svc-records.o unix_utility.o -lcrypto /libAFL.a 
#20 86.85 /bin/bash ../libtool  --tag=CXX   --mode=link clang++ -std=c++17 -DSYSCONFDIR=\"/usr/local/etc\" -DPKGLIBDIR=\"/usr/local/lib/pdns\" -DLOCALSTATEDIR=\"/var/run\" -U_FORTIFY_SOURCE -D_FORTIFY_SOURCE=2 --param ssp-buffer-size=4 -fstack-protector -g -O2 -Wall -Wextra -Wshadow -Wno-unused-parameter -Wmissing-declarations -Wredundant-decls -DFUZZING_BUILD_MODE_UNSAFE_FOR_PRODUCTION -pthread -Wl,--no-as-needed -Wl,-ldl -Wl,-lm -Wno-unused-command-line-argument -stdlib=libc++ -O3 -fsanitize-coverage=trace-pc-guard  -lcrypto -pthread -export-dynamic   -Wl,-z -Wl,relro -Wl,-z -Wl,now  -o fuzz_target_zoneparsertng base32.o base64.o dnslabeltext.o dnsname.o dnsparser.o dnsrecords.o dnswriter.o fuzz_zoneparsertng.o logger.o misc.o nsecrecords.o qtype.o rcpgenerator.o sillyrecords.o statbag.o svc-records.o unix_utility.o zoneparser-tng.o -lcrypto /libAFL.a 
#20 87.12 libtool: link: clang++ -std=c++17 -DSYSCONFDIR=\"/usr/local/etc\" -DPKGLIBDIR=\"/usr/local/lib/pdns\" -DLOCALSTATEDIR=\"/var/run\" -U_FORTIFY_SOURCE -D_FORTIFY_SOURCE=2 --param ssp-buffer-size=4 -fstack-protector -g -O2 -Wall -Wextra -Wshadow -Wno-unused-parameter -Wmissing-declarations -Wredundant-decls -DFUZZING_BUILD_MODE_UNSAFE_FOR_PRODUCTION -pthread -Wl,--no-as-needed -Wl,-ldl -Wl,-lm -Wno-unused-command-line-argument -stdlib=libc++ -O3 -fsanitize-coverage=trace-pc-guard -pthread -Wl,-z -Wl,relro -Wl,-z -Wl,now -o fuzz_target_moadnsparser base32.o base64.o dnslabeltext.o dnsname.o dnsparser.o dnsrecords.o dnswriter.o fuzz_moadnsparser.o logger.o misc.o nsecrecords.o qtype.o rcpgenerator.o sillyrecords.o statbag.o svc-records.o unix_utility.o -Wl,--export-dynamic  -lcrypto /libAFL.a -pthread
#20 87.12 libtool: link: clang++ -std=c++17 -DSYSCONFDIR=\"/usr/local/etc\" -DPKGLIBDIR=\"/usr/local/lib/pdns\" -DLOCALSTATEDIR=\"/var/run\" -U_FORTIFY_SOURCE -D_FORTIFY_SOURCE=2 --param ssp-buffer-size=4 -fstack-protector -g -O2 -Wall -Wextra -Wshadow -Wno-unused-parameter -Wmissing-declarations -Wredundant-decls -DFUZZING_BUILD_MODE_UNSAFE_FOR_PRODUCTION -pthread -Wl,--no-as-needed -Wl,-ldl -Wl,-lm -Wno-unused-command-line-argument -stdlib=libc++ -O3 -fsanitize-coverage=trace-pc-guard -pthread -Wl,-z -Wl,relro -Wl,-z -Wl,now -o fuzz_target_zoneparsertng base32.o base64.o dnslabeltext.o dnsname.o dnsparser.o dnsrecords.o dnswriter.o fuzz_zoneparsertng.o logger.o misc.o nsecrecords.o qtype.o rcpgenerator.o sillyrecords.o statbag.o svc-records.o unix_utility.o zoneparser-tng.o -Wl,--export-dynamic  -lcrypto /libAFL.a -pthread
#20 87.75 + cp fuzz_target_dnsdistcache fuzz_target_dnslabeltext_parseRFC1035CharString fuzz_target_moadnsparser fuzz_target_packetcache fuzz_target_proxyprotocol fuzz_target_zoneparsertng /out/
#20 87.82 + cp ../regression-tests/zones/2.0.192.in-addr.arpa ../regression-tests/zones/addzone.com ../regression-tests/zones/cdnskey-cds-test.com ../regression-tests/zones/cryptokeys.org ../regression-tests/zones/delegated.dnssec-parent.com ../regression-tests/zones/dnssec-parent.com ../regression-tests/zones/example.com ../regression-tests/zones/hiddencryptokeys.org ../regression-tests/zones/insecure.dnssec-parent.com ../regression-tests/zones/minimal.com ../regression-tests/zones/nztest.com ../regression-tests/zones/powerdnssec.org ../regression-tests/zones/secure-delegated.dnssec-parent.com ../regression-tests/zones/stest.com ../regression-tests/zones/sub.test.dyndns.orig ../regression-tests/zones/test.com ../regression-tests/zones/test.dyndns.orig ../regression-tests/zones/tsig.com ../regression-tests/zones/unit.test ../regression-tests/zones/unit2.test ../regression-tests/zones/wtest.com ../regression-tests/zones/zonemd-allunsup.zone ../regression-tests/zones/zonemd-duplicate.zone ../regression-tests/zones/zonemd-invalid.zone ../regression-tests/zones/zonemd-nozonemd.zone ../regression-tests/zones/zonemd-serialmismatch.zone ../regression-tests/zones/zonemd-sha512.zone ../regression-tests/zones/zonemd-syntax.zone ../regression-tests/zones/zonemd1.zone ../regression-tests/zones/zonemd2.zone ../regression-tests/zones/zonemd3.zone ../regression-tests/zones/zonemd4.zone ../regression-tests/zones/zonemd5.zone ../fuzzing/corpus/zones/
#20 87.83 + zip -j /out/fuzz_target_dnsdistcache_seed_corpus.zip ../fuzzing/corpus/raw-dns-packets/basic.raw ../fuzzing/corpus/raw-dns-packets/ecs.raw ../fuzzing/corpus/raw-dns-packets/powerdns-ds.raw ../fuzzing/corpus/raw-dns-packets/powerdns-referral-com.raw ../fuzzing/corpus/raw-dns-packets/root-ns-answer.raw
#20 87.83   adding: basic.raw (deflated 10%)
#20 87.83   adding: ecs.raw (deflated 14%)
#20 87.83   adding: powerdns-ds.raw (deflated 41%)
#20 87.83   adding: powerdns-referral-com.raw (deflated 44%)
#20 87.83   adding: root-ns-answer.raw (deflated 45%)
#20 87.83 + zip -j /out/fuzz_target_moadnsparser_seed_corpus.zip ../fuzzing/corpus/raw-dns-packets/basic.raw ../fuzzing/corpus/raw-dns-packets/ecs.raw ../fuzzing/corpus/raw-dns-packets/powerdns-ds.raw ../fuzzing/corpus/raw-dns-packets/powerdns-referral-com.raw ../fuzzing/corpus/raw-dns-packets/root-ns-answer.raw
#20 87.84   adding: basic.raw (deflated 10%)
#20 87.84   adding: ecs.raw (deflated 14%)
#20 87.84   adding: powerdns-ds.raw (deflated 41%)
#20 87.84   adding: powerdns-referral-com.raw (deflated 44%)
#20 87.84   adding: root-ns-answer.raw (deflated 45%)
#20 87.84 + zip -j /out/fuzz_target_packetcache_seed_corpus.zip ../fuzzing/corpus/raw-dns-packets/basic.raw ../fuzzing/corpus/raw-dns-packets/ecs.raw ../fuzzing/corpus/raw-dns-packets/powerdns-ds.raw ../fuzzing/corpus/raw-dns-packets/powerdns-referral-com.raw ../fuzzing/corpus/raw-dns-packets/root-ns-answer.raw
#20 87.84   adding: basic.raw (deflated 10%)
#20 87.84   adding: ecs.raw (deflated 14%)
#20 87.84   adding: powerdns-ds.raw (deflated 41%)
#20 87.84   adding: powerdns-referral-com.raw (deflated 44%)
#20 87.84   adding: root-ns-answer.raw (deflated 45%)
#20 87.84 + zip -j /out/fuzz_target_zoneparsertng_seed_corpus.zip ../fuzzing/corpus/zones/2.0.192.in-addr.arpa ../fuzzing/corpus/zones/addzone.com ../fuzzing/corpus/zones/basic.rpz ../fuzzing/corpus/zones/cdnskey-cds-test.com ../fuzzing/corpus/zones/cryptokeys.org ../fuzzing/corpus/zones/delegated.dnssec-parent.com ../fuzzing/corpus/zones/dnssec-parent.com ../fuzzing/corpus/zones/example.com ../fuzzing/corpus/zones/hiddencryptokeys.org ../fuzzing/corpus/zones/insecure.dnssec-parent.com ../fuzzing/corpus/zones/minimal.com ../fuzzing/corpus/zones/nztest.com ../fuzzing/corpus/zones/powerdnssec.org ../fuzzing/corpus/zones/secure-delegated.dnssec-parent.com ../fuzzing/corpus/zones/stest.com ../fuzzing/corpus/zones/sub.test.dyndns.orig ../fuzzing/corpus/zones/test.com ../fuzzing/corpus/zones/test.dyndns.orig ../fuzzing/corpus/zones/tsig.com ../fuzzing/corpus/zones/unit.test ../fuzzing/corpus/zones/unit2.test ../fuzzing/corpus/zones/wtest.com ../fuzzing/corpus/zones/zonemd-allunsup.zone ../fuzzing/corpus/zones/zonemd-duplicate.zone ../fuzzing/corpus/zones/zonemd-invalid.zone ../fuzzing/corpus/zones/zonemd-nozonemd.zone ../fuzzing/corpus/zones/zonemd-serialmismatch.zone ../fuzzing/corpus/zones/zonemd-sha512.zone ../fuzzing/corpus/zones/zonemd-syntax.zone ../fuzzing/corpus/zones/zonemd1.zone ../fuzzing/corpus/zones/zonemd2.zone ../fuzzing/corpus/zones/zonemd3.zone ../fuzzing/corpus/zones/zonemd4.zone ../fuzzing/corpus/zones/zonemd5.zone
#20 87.84   adding: 2.0.192.in-addr.arpa (deflated 33%)
#20 87.84   adding: addzone.com (deflated 57%)
#20 87.84   adding: basic.rpz (deflated 64%)
#20 87.84   adding: cdnskey-cds-test.com (deflated 33%)
#20 87.84   adding: cryptokeys.org (deflated 57%)
#20 87.84   adding: delegated.dnssec-parent.com (deflated 34%)
#20 87.84   adding: dnssec-parent.com (deflated 59%)
#20 87.84   adding: example.com (deflated 85%)
#20 87.86   adding: hiddencryptokeys.org (deflated 55%)
#20 87.86   adding: insecure.dnssec-parent.com (deflated 35%)
#20 87.86   adding: minimal.com (deflated 35%)
#20 87.86   adding: nztest.com (deflated 42%)
#20 87.86   adding: powerdnssec.org (deflated 57%)
#20 87.86   adding: secure-delegated.dnssec-parent.com (deflated 36%)
#20 87.86   adding: stest.com (deflated 35%)
#20 87.86   adding: sub.test.dyndns.orig (deflated 33%)
#20 87.86   adding: test.com (deflated 57%)
#20 87.86   adding: test.dyndns.orig (deflated 60%)
#20 87.86   adding: tsig.com (deflated 35%)
#20 87.86   adding: unit.test (deflated 58%)
#20 87.86   adding: unit2.test (deflated 6%)
#20 87.86   adding: wtest.com (deflated 42%)
#20 87.86   adding: zonemd-allunsup.zone (deflated 64%)
#20 87.86   adding: zonemd-duplicate.zone (deflated 74%)
#20 87.86   adding: zonemd-invalid.zone (deflated 65%)
#20 87.86   adding: zonemd-nozonemd.zone (deflated 56%)
#20 87.86   adding: zonemd-serialmismatch.zone (deflated 50%)
#20 87.86   adding: zonemd-sha512.zone (deflated 72%)
#20 87.86   adding: zonemd-syntax.zone (deflated 81%)
#20 87.86   adding: zonemd1.zone (deflated 65%)
#20 87.86   adding: zonemd2.zone (deflated 70%)
#20 87.86   adding: zonemd3.zone (deflated 69%)
#20 87.86   adding: zonemd4.zone (deflated 50%)
#20 87.86   adding: zonemd5.zone (deflated 81%)
#20 87.87 [post_build] Copying afl-fuzz to $OUT directory
#20 DONE 88.7s

#21 exporting to image
#21 sha256:e8c613e07b0b7ff33893b694f7759a10d42e180f2b4dc349fb57dc6b71dcab00
#21 exporting layers done
#21 writing image sha256:bbafb4bb984a326d2bcb7c1752cad219227bf1fec8c5c6e5af46dd629621a02f
#21 writing image sha256:bbafb4bb984a326d2bcb7c1752cad219227bf1fec8c5c6e5af46dd629621a02f done
#21 naming to gcr.io/fuzzbench/builders/afl/powerdns_powerdns done
#21 DONE 0.1s

#22 exporting cache
#22 sha256:2700d4ef94dee473593c5c614b55b2dedcca7893909811a8f2b48291a1f581e4
#22 preparing build cache for export done
#22 DONE 0.0s
------
 > importing cache manifest from gcr.io/fuzzbench/builders/afl/powerdns_powerdns:
------
#1 [internal] load build definition from runner.Dockerfile
#1 sha256:356a91b32b52ea3d4cc877583cef61625ec4ae20da54a39ec740a1cbf7bf8d9d
#1 transferring dockerfile: 656B done
#1 DONE 0.0s

#2 [internal] load .dockerignore
#2 sha256:8ac671feff9d2de048b47ca6a803cb787fffdd85f0d7b3f1f93f8214f9fa85e1
#2 transferring context: 2B done
#2 DONE 0.1s

#3 [internal] load metadata for gcr.io/fuzzbench/base-image:latest
#3 sha256:932022888f650cc455b10eb5123bb08c0cccacac29a693e69314abbfd28a72c3
#3 DONE 0.0s

#5 [1/1] FROM gcr.io/fuzzbench/base-image
#5 sha256:4d07825694520f8b6f6a0d8592dbd345433361ae044cb7f06706c5a95e3daaad
#5 DONE 0.0s

#4 importing cache manifest from gcr.io/fuzzbench/runners/afl/powerdns_powerdns-intermediate
#4 sha256:284f05831f9082e891b6195105f7a412890dd7ff4265eea38dc158b2cd70dfd2
#4 ERROR: gcr.io/fuzzbench/runners/afl/powerdns_powerdns-intermediate:latest: not found

#5 [1/1] FROM gcr.io/fuzzbench/base-image
#5 sha256:4d07825694520f8b6f6a0d8592dbd345433361ae044cb7f06706c5a95e3daaad
#5 CACHED

#6 exporting to image
#6 sha256:e8c613e07b0b7ff33893b694f7759a10d42e180f2b4dc349fb57dc6b71dcab00
#6 exporting layers done
#6 writing image sha256:3e4588a9aebaeeab0d6e65a047af35e4caf540bb58ccd8719f28cf6fa6b3868f
#6 writing image sha256:3e4588a9aebaeeab0d6e65a047af35e4caf540bb58ccd8719f28cf6fa6b3868f done
#6 naming to gcr.io/fuzzbench/runners/afl/powerdns_powerdns-intermediate done
#6 DONE 0.0s

#7 exporting cache
#7 sha256:2700d4ef94dee473593c5c614b55b2dedcca7893909811a8f2b48291a1f581e4
#7 preparing build cache for export done
#7 DONE 0.0s
------
 > importing cache manifest from gcr.io/fuzzbench/runners/afl/powerdns_powerdns-intermediate:
------
#1 [internal] load build definition from Dockerfile
#1 sha256:6bf2366986116030f240c6a2e010c0e8abbbe64d8fc4957c5a409b8713ecdedc
#1 transferring dockerfile: 3.17kB done
#1 DONE 0.0s

#2 [internal] load .dockerignore
#2 sha256:44d6b93df9c4c1c9e7b3bf7e37104e5b6ca5bab05b902fc3b1a9208e672eeddb
#2 transferring context: 34B done
#2 DONE 0.0s

#3 [internal] load metadata for gcr.io/fuzzbench/runners/afl/powerdns_powerdns-intermediate:latest
#3 sha256:5469850839ca132063a81ec7f7b3189bee12f7313fd2d3cb5cfd2928f5badcea
#3 DONE 0.0s

#4 [internal] load metadata for gcr.io/fuzzbench/builders/afl/powerdns_powerdns:latest
#4 sha256:f653217ffba4189c4df4adfcdce4f80b6d0d5b85ee91f6dd19a964fd0352fbb0
#4 DONE 0.0s

#12 [internal] load build context
#12 sha256:b673035e035c59fe98c045303f682073a543ab1c60739b205316e2fd3e9f908c
#12 DONE 0.0s

#6 [stage-1  1/13] FROM gcr.io/fuzzbench/runners/afl/powerdns_powerdns-intermediate
#6 sha256:90143da353bce63560a1e47eba746137cf4a5f42d9e3abae3e77d48600de17ee
#6 DONE 0.0s

#10 [builder 1/1] FROM gcr.io/fuzzbench/builders/afl/powerdns_powerdns
#10 sha256:f7aeca7de5082cfeff953bb86b589c823f236b714dbb6499f7262a9d25ae0d18
#10 DONE 0.0s

#5 importing cache manifest from gcr.io/fuzzbench/runners/afl/powerdns_powerdns
#5 sha256:c3158ca6ed04dad116a7446aa7cd7f436f71ea73de61d60280da5b53faf28b2b
#5 ERROR: gcr.io/fuzzbench/runners/afl/powerdns_powerdns:latest: not found

#12 [internal] load build context
#12 sha256:b673035e035c59fe98c045303f682073a543ab1c60739b205316e2fd3e9f908c
#12 ...

#10 [builder 1/1] FROM gcr.io/fuzzbench/builders/afl/powerdns_powerdns
#10 sha256:f7aeca7de5082cfeff953bb86b589c823f236b714dbb6499f7262a9d25ae0d18
#10 DONE 0.5s

#12 [internal] load build context
#12 sha256:b673035e035c59fe98c045303f682073a543ab1c60739b205316e2fd3e9f908c
#12 transferring context: 17.56MB 0.6s done
#12 DONE 0.7s

#7 [stage-1  2/13] RUN apt-get update -y && apt-get install -y     libglib2.0-0     libxml2     libarchive13     libgss3
#7 sha256:8e541797dcbf1c72626c9901ed191a6eca1bf272c9da8f1d6eed5fefb4af95a1
#7 CACHED

#8 [stage-1  3/13] RUN mkdir -p /out
#8 sha256:c54eef3daf48d3bac3315fe24c448e308142b703ea6d2efbd974889ac31013ff
#8 CACHED

#9 [stage-1  4/13] WORKDIR /out
#9 sha256:53d636660a124d8dcf5e55e701fbc279371360e0d3964a5c3d0efff9345edb99
#9 CACHED

#11 [stage-1  5/13] COPY --from=builder /out/ ./
#11 sha256:6b7375d08b89a2c518bffb91efdfd298b1c2224b64f853ba2e7cf4ffaeb1c0bf
#11 DONE 0.5s

#13 [stage-1  6/13] COPY benchmarks /src/benchmarks
#13 sha256:290e23b59a8236e16d592cd3629567d1e8d6de61f13ee1c801ad0376ad1abfeb
#13 DONE 0.9s

#14 [stage-1  7/13] COPY fuzzers /src/fuzzers
#14 sha256:9ce9af7e920c1b24c457629f2edd3e1c967619bb9e0eb221dffe2927beee4e25
#14 DONE 0.2s

#15 [stage-1  8/13] RUN touch __init__.py
#15 sha256:7ed03b46af6dada2e6b9c80d1a0627b4919800510951a34afb45984f82c90fdf
#15 DONE 1.4s

#16 [stage-1  9/13] RUN mkdir -p /out/seeds /out/corpus
#16 sha256:919ab9dfebb58ea71cef0309051665c5658605d3cb0d382a3c75fb2896661c8c
#16 DONE 0.8s

#17 [stage-1 10/13] COPY common /src/common
#17 sha256:bdb4d295c3e2476a03275c89e9c72f8aa1043506805895aef2ba24cc8b143d7a
#17 DONE 0.3s

#18 [stage-1 11/13] COPY experiment/runner.py /src/experiment/runner.py
#18 sha256:f199dd448350c8d49d7639b8c7bfdaa715ca4e8ccbab1e4190e76a2f55cba82c
#18 DONE 0.3s

#19 [stage-1 12/13] COPY docker/benchmark-runner /src/docker/benchmark-runner
#19 sha256:aa0adb5cb81d5dfeb1abb7be8708ddc1f798b5b5c842d95c685e5b2e5be508f8
#19 DONE 0.3s

#20 [stage-1 13/13] RUN chmod +x /src/docker/benchmark-runner/startup-runner.sh
#20 sha256:11d26def9e37cfb89fd734d450d9fff29dba524b053c0523ca4273e34a0bf308
#20 DONE 0.7s

#21 exporting to image
#21 sha256:e8c613e07b0b7ff33893b694f7759a10d42e180f2b4dc349fb57dc6b71dcab00
#21 exporting layers done
#21 writing image sha256:9da38a6e4b56824dcb69f8518b3eafcba7cdc5f1bf239f9c8dc115978b83c9e2 done
#21 naming to gcr.io/fuzzbench/runners/afl/powerdns_powerdns done
#21 DONE 0.1s

#22 exporting cache
#22 sha256:2700d4ef94dee473593c5c614b55b2dedcca7893909811a8f2b48291a1f581e4
#22 preparing build cache for export done
#22 DONE 0.0s
------
 > importing cache manifest from gcr.io/fuzzbench/runners/afl/powerdns_powerdns:
------
INFO:root:Doing trial as part of experiment.
INFO:root:Starting trial.
ERROR:root:Fuzz target binary not found.
INFO:root:Doing final sync.
ERROR:root:Call to <function get_stats at 0x7fa574550f70> failed. Extras: {'traceback': 'Traceback (most recent call last):\n  File "/src/experiment/runner.py", line 374, in record_stats\n    stats_json_str = fuzzer_module_get_stats(output_corpus,\n  File "/src/fuzzers/afl/fuzzer.py", line 51, in get_stats\n    with open(stats_file) as file_handle:\nFileNotFoundError: [Errno 2] No such file or directory: \'/out/corpus/fuzzer_stats\'\n'}
/bin/sh: 1: source: not found
#1 [internal] load build definition from Dockerfile
#1 sha256:38fd653e8d9853d8d701898faa5b54b218d9bbb1d513914e97051d5b919aa537
#1 transferring dockerfile: 32B done
#1 DONE 0.1s

#2 [internal] load .dockerignore
#2 sha256:99b277c59a775f46fa52fddcd2e2358f006d2086cf80ad407eff77bf2f9776ea
#2 transferring context: 2B done
#2 DONE 0.1s

#3 [internal] load metadata for gcr.io/oss-fuzz-base/base-builder:latest
#3 sha256:f10dc39cc9d418a5bc416dead31a1902b6821fdae909cd3b08f7a3fd1faba7b5
#3 DONE 0.4s

#5 [1/5] FROM gcr.io/oss-fuzz-base/base-builder@sha256:f4e5ea12494fab091c5d830cf803b3421f2860f729b9d1b07da44924396cf8cf
#5 sha256:ef290950573a2779ee526af357b28fbddfc20d7409aa51f58f777c9e972cba29
#5 DONE 0.0s

#4 importing cache manifest from gcr.io/fuzzbench/builders/benchmark/powerdns_powerdns
#4 sha256:fa4ad251623579eb8be117c9858447f45614f2277d5dc70da96f09534eb00816
#4 DONE 0.0s

#9 [internal] load build context
#9 sha256:3809d21949579c6ddeee9e7a357d9c95bd127145f99c00dc855a63b01c1b9f1f
#9 transferring context: 30B done
#9 DONE 0.0s

#6 [2/5] RUN apt-get update && apt-get install -y autoconf automake bison dh-autoreconf flex libboost-all-dev libluajit-5.1-dev libedit-dev libprotobuf-dev libssl-dev libtool make pkg-config protobuf-compiler ragel
#6 sha256:a4511c2738063aecaf0b3f4d7b5994d38907f03af4381f9ba90db2273610ca76
#6 CACHED

#7 [3/5] RUN git clone https://github.com/PowerDNS/pdns.git pdns
#7 sha256:6dcce47b9b9bbb7536f0d121b17a73ffaf0172189ac844d77e2239fc182592fb
#7 CACHED

#8 [4/5] WORKDIR pdns
#8 sha256:bb97d2f8526594598f6cd32e1b2e8c941e7bc63e54e7ae745cea3c60fa340c90
#8 CACHED

#10 [5/5] COPY build.sh /src/
#10 sha256:2d054f53f0765ca1179e318dcf8796834f5720ced2f14487bfda0c86b0e2380e
#10 CACHED

#11 exporting to image
#11 sha256:e8c613e07b0b7ff33893b694f7759a10d42e180f2b4dc349fb57dc6b71dcab00
#11 exporting layers done
#11 writing image sha256:10784011df50249e27676d3f795da9ddfd4345aa5f1463fcb9d7d909580d38b9 done
#11 naming to gcr.io/fuzzbench/builders/benchmark/powerdns_powerdns done
#11 DONE 0.1s

#12 exporting cache
#12 sha256:2700d4ef94dee473593c5c614b55b2dedcca7893909811a8f2b48291a1f581e4
#12 preparing build cache for export done
#12 DONE 0.0s
#1 [internal] load build definition from builder.Dockerfile
#1 sha256:db8859378239da29c522c5e1545b8e888a79c417955fa0e84ee551c0baa28a97
#1 transferring dockerfile: 1.35kB done
#1 DONE 0.0s

#2 [internal] load .dockerignore
#2 sha256:30c8aeadf5a12a444ee7efdcea6e0ba7fd87c6d6ee8d3df01bb6e9d24b10eef7
#2 transferring context: 2B done
#2 DONE 0.0s

#3 [internal] load metadata for gcr.io/fuzzbench/builders/benchmark/powerdns_powerdns:latest
#3 sha256:2b602c74a204a217e420147de9ef2244e5ea58c2b7efaed0ea3dbdf3e6eeb0e8
#3 DONE 0.0s

#4 importing cache manifest from gcr.io/fuzzbench/builders/afl/powerdns_powerdns-intermediate
#4 sha256:11f55936b1d64b2a4b9ff3763c61ffbeed32c669b0930816f417fb28b2dc8b30
#4 DONE 0.0s

#5 [1/3] FROM gcr.io/fuzzbench/builders/benchmark/powerdns_powerdns
#5 sha256:2a49a4774849eec4dbeffea0da52b215f53ab913d1c2a26f4596a66f03efbec6
#5 DONE 0.0s

#6 [2/3] RUN git clone https://github.com/google/AFL.git /afl &&     cd /afl &&     git checkout 61037103ae3722c8060ff7082994836a794f978e &&     AFL_NO_X86=1 make
#6 sha256:b91adaa8d087c70b1cefa6becf1c7bfacb9a3a3946bb911fbf518cd5269f1b3f
#6 CACHED

#7 [3/3] RUN apt-get update &&     apt-get install wget -y &&     wget https://raw.githubusercontent.com/llvm/llvm-project/5feb80e748924606531ba28c97fe65145c65372e/compiler-rt/lib/fuzzer/afl/afl_driver.cpp -O /afl/afl_driver.cpp &&     clang -Wno-pointer-sign -c /afl/llvm_mode/afl-llvm-rt.o.c -I/afl &&     clang++ -stdlib=libc++ -std=c++11 -O2 -c /afl/afl_driver.cpp &&     ar r /libAFL.a *.o
#7 sha256:a29d4bd7a3f10290bc0aed474af937cad90aaa372b6771d14e4c5258f147e84d
#7 CACHED

#8 exporting to image
#8 sha256:e8c613e07b0b7ff33893b694f7759a10d42e180f2b4dc349fb57dc6b71dcab00
#8 exporting layers done
#8 writing image sha256:ac3fe35f92780abf34d2182e92bc493adcd0ba5df5e7c182f48b02681e1d580d
#8 writing image sha256:ac3fe35f92780abf34d2182e92bc493adcd0ba5df5e7c182f48b02681e1d580d done
#8 naming to gcr.io/fuzzbench/builders/afl/powerdns_powerdns-intermediate done
#8 DONE 0.1s

#9 exporting cache
#9 sha256:2700d4ef94dee473593c5c614b55b2dedcca7893909811a8f2b48291a1f581e4
#9 preparing build cache for export done
#9 DONE 0.0s
#1 [internal] load build definition from Dockerfile
#1 sha256:8341c6253fc1b3fb201cca102c95ebe51df8cb19af3c17840ef742781681522f
#1 transferring dockerfile: 2.00kB done
#1 DONE 0.0s

#2 [internal] load .dockerignore
#2 sha256:097beea78d9fffaeb2851db6431530bba0606974061427d0f54f6687613b33e1
#2 transferring context: 34B done
#2 DONE 0.1s

#3 [internal] load metadata for docker.io/library/ubuntu:xenial
#3 sha256:f62bae18ed588840f045c881b2502661f2a89578a2f8f99b83f5200ee83dd25b
#3 DONE 0.0s

#5 [1/7] FROM docker.io/library/ubuntu:xenial
#5 sha256:14dd403f25ae9e519bd44f27dc17af7ce80f5a4f9f48ca88108364e67ec5d360
#5 DONE 0.0s

#4 importing cache manifest from gcr.io/fuzzbench/base-image
#4 sha256:9b220ebb4d4daceed1b96df9b6dca076e762f1cd612574f010b82d5b9e5ad896
#4 DONE 0.0s

#8 [internal] load build context
#8 sha256:7963653ee813ad51c3b1b70da5270a641a3488cfab364a7488ffd3e885a80e57
#8 transferring context: 559B 0.1s done
#8 DONE 0.2s

#10 [5/7] RUN pip3 install -r /requirements.txt
#10 sha256:846df2566ccac3b46bba2719b0a29d82ec39dbdd5c03f471abdbb79d3f172cc6
#10 CACHED

#11 [6/7] RUN apt-get update -y && apt-get install -y     apt-transport-https     lsb-release
#11 sha256:1f93f390a8a8cb8838d9ff5176c35cec936476513d553aec62417fe31e9d7df5
#11 CACHED

#6 [2/7] RUN apt-get update -y && apt-get install -y     build-essential     rsync     curl     zlib1g-dev     libncurses5-dev     libgdbm-dev     libnss3-dev     libssl-dev     libreadline-dev     libffi-dev     virtualenv     libbz2-dev     liblzma-dev     libsqlite3-dev
#6 sha256:3a1b0960f17eed529eaae93dc8fd3554f2743dd584d8fa569cdbe6bc734371ac
#6 CACHED

#7 [3/7] RUN cd /tmp/ &&     curl -O https://www.python.org/ftp/python/3.8.6/Python-3.8.6.tar.xz &&     tar -xvf Python-3.8.6.tar.xz &&     cd Python-3.8.6 &&     ./configure --enable-loadable-sqlite-extensions --enable-optimizations &&     make -j install &&     rm -r /tmp/Python-3.8.6.tar.xz /tmp/Python-3.8.6
#7 sha256:c5b9d1fb3371e84dbc60b76e7b2f8d5913bc93bcd4910ab65daa03e7b2ec4bb0
#7 CACHED

#9 [4/7] COPY ./requirements.txt /
#9 sha256:495cdc05ba4fda6dd9ee70f5e823be99b8becaed088516c0abda7e0c2c63e4ab
#9 CACHED

#12 [7/7] RUN CLOUD_SDK_REPO="cloud-sdk-$(lsb_release -c -s)" &&     echo "deb https://packages.cloud.google.com/apt $CLOUD_SDK_REPO main"     | tee -a /etc/apt/sources.list.d/google-cloud-sdk.list &&     curl https://packages.cloud.google.com/apt/doc/apt-key.gpg     | apt-key add - &&     apt-get update -y &&     apt-get install -y google-cloud-sdk
#12 sha256:b1c4769608b78beb9d293205b5610c86bf00d223f055774a6603193e9fab79b0
#12 CACHED

#13 exporting to image
#13 sha256:e8c613e07b0b7ff33893b694f7759a10d42e180f2b4dc349fb57dc6b71dcab00
#13 exporting layers done
#13 writing image sha256:139540fb22a119f888cb3e5ed6e013e8d868574697f5fb839e5da9e23de73e0a
#13 writing image sha256:139540fb22a119f888cb3e5ed6e013e8d868574697f5fb839e5da9e23de73e0a 0.0s done
#13 naming to gcr.io/fuzzbench/base-image done
#13 DONE 0.1s

#14 exporting cache
#14 sha256:2700d4ef94dee473593c5c614b55b2dedcca7893909811a8f2b48291a1f581e4
#14 preparing build cache for export done
#14 DONE 0.0s
#1 [internal] load build definition from Dockerfile
#1 sha256:fe22c0aa4edeb7bef1a85fb20c77ae01a9f9167a958747aed49055e626780830
#1 transferring dockerfile: 2.22kB done
#1 DONE 0.1s

#2 [internal] load .dockerignore
#2 sha256:bcdbde2868fd95210fc80b3c5a1063bb31cf3a0f437642a6f95545cfc4c19b85
#2 transferring context: 34B done
#2 DONE 0.1s

#3 [internal] load metadata for gcr.io/fuzzbench/base-image:latest
#3 sha256:932022888f650cc455b10eb5123bb08c0cccacac29a693e69314abbfd28a72c3
#3 DONE 0.0s

#4 [internal] load metadata for gcr.io/fuzzbench/builders/afl/powerdns_powerdns-intermediate:latest
#4 sha256:8eb20057668f817466e49c4acc2ab1603d041b937f31d89f50dd7ed1b07bf758
#4 DONE 0.0s

#7 [base-image 1/1] FROM gcr.io/fuzzbench/base-image
#7 sha256:4d07825694520f8b6f6a0d8592dbd345433361ae044cb7f06706c5a95e3daaad
#7 DONE 0.0s

#6 [stage-1  1/13] FROM gcr.io/fuzzbench/builders/afl/powerdns_powerdns-intermediate
#6 sha256:52c577c8092119292f50cc0aeb5a69c8ff24c6219f885e064518ddca1db02788
#6 DONE 0.0s

#5 importing cache manifest from gcr.io/fuzzbench/builders/afl/powerdns_powerdns
#5 sha256:ae27ece60e2d5228a63e48e7ad0ec9cb726397046c75aa49b860535c1962f053
#5 DONE 0.0s

#12 [internal] load build context
#12 sha256:84b6d966ac8043db06d58d1c667e3a5c4a36650b6e9df52636395e0667aaffd6
#12 transferring context: 669.87kB 0.1s done
#12 DONE 0.1s

#16 [stage-1  9/13] RUN mkdir /opt/fuzzbench/
#16 sha256:232d95c13059d303a4a06a1274c3276e6734c184535792657495155996cf1e01
#16 CACHED

#17 [stage-1 10/13] COPY docker/benchmark-builder/checkout_commit.py /opt/fuzzbench/
#17 sha256:0704cdb982c9c11d38445b5dc9ebecda8c84d7c40f6a30d7a6a134084c6b2ec1
#17 CACHED

#15 [stage-1  8/13] COPY benchmarks/powerdns_powerdns/benchmark.yaml /
#15 sha256:aacc7fdfa6cf451ef2c7642443809d0d1e24f9478bfa0445a1fba61b6aaa2b4c
#15 CACHED

#11 [stage-1  5/13] COPY --from=base-image /usr/local/lib/python3.8/site-packages /usr/local/lib/python3.8/site-packages
#11 sha256:e0883c9718f2b49b3c9387c726739bddac44de4f79b7fea6dd9b4f1e447c84c3
#11 CACHED

#9 [stage-1  3/13] COPY --from=base-image /usr/local/lib/python3.8 /usr/local/lib/python3.8
#9 sha256:14fdbb5bf0d040261d5bf5b1188eead4d218abca73d03d52ebdbc0c12fddcd07
#9 CACHED

#10 [stage-1  4/13] COPY --from=base-image /usr/local/include/python3.8 /usr/local/include/python3.8
#10 sha256:03a5479f483fbdfe9bee841ddb7fb0978bc546de0b59199d8a9790a1f801c4f3
#10 CACHED

#14 [stage-1  7/13] RUN touch /src/__init__.py
#14 sha256:088c4791e78a0ea79a16c1acc0cbe0ce4e52b2b6da1c8aa276448067e3ba1c00
#14 CACHED

#19 [stage-1 12/13] RUN echo "#!/bin/bash\nPYTHONPATH=/src python3 -u -c "from fuzzers import utils; utils.initialize_env(); from fuzzers.afl import fuzzer; fuzzer.build()"" > /usr/bin/fuzzer_build &&     chmod +x /usr/bin/fuzzer_build
#19 sha256:979ed6f674dfb95a432b49a519e8c9ecda713dcd590e770e693471e05abdb65b
#19 CACHED

#18 [stage-1 11/13] RUN export CHECKOUT_COMMIT=$(cat /benchmark.yaml | tr -d ' ' | grep 'commit:' | cut -d ':' -f2) &&     python3 -u /opt/fuzzbench/checkout_commit.py $CHECKOUT_COMMIT /src
#18 sha256:b198b444ce4250ce93563eba2d9a27e64707634f3322ae42be430809378db588
#18 CACHED

#8 [stage-1  2/13] COPY --from=base-image /usr/local/bin/python3* /usr/local/bin/
#8 sha256:44d2148961eb9fa76f10b1393cd7dffde8d8ab49f3873c66ac6f76de3640ef3f
#8 CACHED

#13 [stage-1  6/13] COPY fuzzers /src/fuzzers
#13 sha256:11e48daf561298adf2017415f906f101b25ea70aae639c55b58d8c02550f3c95
#13 CACHED

#20 [stage-1 13/13] RUN echo "Run fuzzer_build to build the target" && if [ -z "$debug_builder" ] ; then fuzzer_build; fi
#20 sha256:ec0eedb15112dc3010d3f8948a439e8592b7763f39ac77425b19bb84894b88fa
#20 CACHED

#21 exporting to image
#21 sha256:e8c613e07b0b7ff33893b694f7759a10d42e180f2b4dc349fb57dc6b71dcab00
#21 exporting layers done
#21 writing image sha256:bbafb4bb984a326d2bcb7c1752cad219227bf1fec8c5c6e5af46dd629621a02f 0.0s done
#21 naming to gcr.io/fuzzbench/builders/afl/powerdns_powerdns done
#21 DONE 0.3s

#22 exporting cache
#22 sha256:2700d4ef94dee473593c5c614b55b2dedcca7893909811a8f2b48291a1f581e4
#22 preparing build cache for export done
#22 DONE 0.0s
#1 [internal] load build definition from runner.Dockerfile
#1 sha256:1fcd0207d35e6fe865f7387614787de5b60c64b307b9d827ea7df7addeb0c2a6
#1 transferring dockerfile: 656B done
#1 DONE 0.1s

#2 [internal] load .dockerignore
#2 sha256:c7f51b2865b28f13896cebb542e508405e61b385d4d0ef67543f2826002cc8d9
#2 transferring context: 2B done
#2 DONE 0.1s

#3 [internal] load metadata for gcr.io/fuzzbench/base-image:latest
#3 sha256:932022888f650cc455b10eb5123bb08c0cccacac29a693e69314abbfd28a72c3
#3 DONE 0.0s

#5 importing cache manifest from gcr.io/fuzzbench/runners/afl/powerdns_powerdns-intermediate
#5 sha256:284f05831f9082e891b6195105f7a412890dd7ff4265eea38dc158b2cd70dfd2
#5 DONE 0.0s

#4 [1/1] FROM gcr.io/fuzzbench/base-image
#4 sha256:4d07825694520f8b6f6a0d8592dbd345433361ae044cb7f06706c5a95e3daaad
#4 CACHED

#6 exporting to image
#6 sha256:e8c613e07b0b7ff33893b694f7759a10d42e180f2b4dc349fb57dc6b71dcab00
#6 exporting layers done
#6 writing image sha256:3e4588a9aebaeeab0d6e65a047af35e4caf540bb58ccd8719f28cf6fa6b3868f done
#6 naming to gcr.io/fuzzbench/runners/afl/powerdns_powerdns-intermediate done
#6 DONE 0.1s

#7 exporting cache
#7 sha256:2700d4ef94dee473593c5c614b55b2dedcca7893909811a8f2b48291a1f581e4
#7 preparing build cache for export done
#7 DONE 0.0s
#1 [internal] load build definition from Dockerfile
#1 sha256:d0b4e226d9c732ac4ac669555a3a8e7b996ffb7e8ebd6a088e51efe6b09ae04f
#1 transferring dockerfile: 3.17kB done
#1 DONE 0.1s

#2 [internal] load .dockerignore
#2 sha256:d9eea163afe095d307626f1722b0a31cafed963c071e511446ae92b7bbe36f2c
#2 transferring context: 34B done
#2 DONE 0.1s

#3 [internal] load metadata for gcr.io/fuzzbench/runners/afl/powerdns_powerdns-intermediate:latest
#3 sha256:5469850839ca132063a81ec7f7b3189bee12f7313fd2d3cb5cfd2928f5badcea
#3 DONE 0.0s

#4 [internal] load metadata for gcr.io/fuzzbench/builders/afl/powerdns_powerdns:latest
#4 sha256:f653217ffba4189c4df4adfcdce4f80b6d0d5b85ee91f6dd19a964fd0352fbb0
#4 DONE 0.0s

#6 [stage-1  1/13] FROM gcr.io/fuzzbench/runners/afl/powerdns_powerdns-intermediate
#6 sha256:90143da353bce63560a1e47eba746137cf4a5f42d9e3abae3e77d48600de17ee
#6 DONE 0.0s

#5 importing cache manifest from gcr.io/fuzzbench/runners/afl/powerdns_powerdns
#5 sha256:c3158ca6ed04dad116a7446aa7cd7f436f71ea73de61d60280da5b53faf28b2b
#5 DONE 0.0s

#10 [builder 1/1] FROM gcr.io/fuzzbench/builders/afl/powerdns_powerdns
#10 sha256:f7aeca7de5082cfeff953bb86b589c823f236b714dbb6499f7262a9d25ae0d18
#10 DONE 0.0s

#12 [internal] load build context
#12 sha256:1cf1c734ad13933fcc382abf3ba8e2ddb8deb702a44083160d4358f8983ed223
#12 transferring context: 17.56MB 0.6s done
#12 DONE 0.6s

#16 [stage-1  9/13] RUN mkdir -p /out/seeds /out/corpus
#16 sha256:b4ca4b5de1041d772032c01d71640174cc4db5dbb5d0dec96818b74f2c0ca877
#16 CACHED

#17 [stage-1 10/13] COPY common /src/common
#17 sha256:bb62e51304b380cf16eda5ef4a24d4d7a440e236c38c58ead2611c67c5208744
#17 CACHED

#19 [stage-1 12/13] COPY docker/benchmark-runner /src/docker/benchmark-runner
#19 sha256:c6b9948163ca363d44570cbec19d006d783475571099c99ad3df05ad459d3d74
#19 CACHED

#8 [stage-1  3/13] RUN mkdir -p /out
#8 sha256:c54eef3daf48d3bac3315fe24c448e308142b703ea6d2efbd974889ac31013ff
#8 CACHED

#11 [stage-1  5/13] COPY --from=builder /out/ ./
#11 sha256:6b7375d08b89a2c518bffb91efdfd298b1c2224b64f853ba2e7cf4ffaeb1c0bf
#11 CACHED

#7 [stage-1  2/13] RUN apt-get update -y && apt-get install -y     libglib2.0-0     libxml2     libarchive13     libgss3
#7 sha256:8e541797dcbf1c72626c9901ed191a6eca1bf272c9da8f1d6eed5fefb4af95a1
#7 CACHED

#14 [stage-1  7/13] COPY fuzzers /src/fuzzers
#14 sha256:f61ffb6993f7a46af6044ad7dcf0ef7f270897564074cfe045859fe15af6425a
#14 CACHED

#15 [stage-1  8/13] RUN touch __init__.py
#15 sha256:04ea058dc20e57b86680e4a405c542508f8df20cf599aec75dd65ae8e8e7552b
#15 CACHED

#18 [stage-1 11/13] COPY experiment/runner.py /src/experiment/runner.py
#18 sha256:914baf14a3e78e44ec051b2a1911faa58d30ff3fafa66e0fce83f8caebfdd5ab
#18 CACHED

#9 [stage-1  4/13] WORKDIR /out
#9 sha256:53d636660a124d8dcf5e55e701fbc279371360e0d3964a5c3d0efff9345edb99
#9 CACHED

#13 [stage-1  6/13] COPY benchmarks /src/benchmarks
#13 sha256:083242af70c0c16791378e8cb0664583b6c79875d7e3fcf4f1b419cbda91511f
#13 CACHED

#20 [stage-1 13/13] RUN chmod +x /src/docker/benchmark-runner/startup-runner.sh
#20 sha256:048a827cdb6992eaced87237be797bc098ae2fe44d4b0d4fc9267d5ce4c8be82
#20 CACHED

#21 exporting to image
#21 sha256:e8c613e07b0b7ff33893b694f7759a10d42e180f2b4dc349fb57dc6b71dcab00
#21 exporting layers done
#21 writing image sha256:9da38a6e4b56824dcb69f8518b3eafcba7cdc5f1bf239f9c8dc115978b83c9e2
#21 writing image sha256:9da38a6e4b56824dcb69f8518b3eafcba7cdc5f1bf239f9c8dc115978b83c9e2 0.0s done
#21 naming to gcr.io/fuzzbench/runners/afl/powerdns_powerdns done
#21 DONE 0.1s

#22 exporting cache
#22 sha256:2700d4ef94dee473593c5c614b55b2dedcca7893909811a8f2b48291a1f581e4
#22 preparing build cache for export done
#22 DONE 0.0s
INFO:root:Doing trial as part of experiment.
INFO:root:Starting trial.
ERROR:root:Fuzz target binary not found.
INFO:root:Doing final sync.
ERROR:root:Call to <function get_stats at 0x7faaa07d1f70> failed. Extras: {'traceback': 'Traceback (most recent call last):\n  File "/src/experiment/runner.py", line 374, in record_stats\n    stats_json_str = fuzzer_module_get_stats(output_corpus,\n  File "/src/fuzzers/afl/fuzzer.py", line 51, in get_stats\n    with open(stats_file) as file_handle:\nFileNotFoundError: [Errno 2] No such file or directory: \'/out/corpus/fuzzer_stats\'\n'}
