WARNING:root:gcloud not found in PATH.
INFO:root:Successfully integrated benchmark: boost_boost_ptree_iniread_fuzzer.
INFO:root:Please run "make test-run-afl-boost_boost_ptree_iniread_fuzzer" to test integration.
#1 [internal] load build definition from Dockerfile
#1 sha256:284b3df6aef529462b0cfe05ce5bf299b276852f56351e0008e8a7fddf97eff1
#1 transferring dockerfile: 1.12kB done
#1 DONE 0.0s

#2 [internal] load .dockerignore
#2 sha256:b19b7c88be34cbcd0f21fc0f60e23aa2415f3b2ed1bf36f6a7a1f7154a3b509b
#2 transferring context: 2B done
#2 DONE 0.0s

#3 [internal] load metadata for gcr.io/oss-fuzz-base/base-builder:latest
#3 sha256:f10dc39cc9d418a5bc416dead31a1902b6821fdae909cd3b08f7a3fd1faba7b5
#3 DONE 0.4s

#10 [internal] load build context
#10 sha256:b119dedd1d9d9b3d3fe98d333d8b360c8df8828dd711481c479d103b64f97e79
#10 DONE 0.0s

#5 [1/6] FROM gcr.io/oss-fuzz-base/base-builder@sha256:41d7bbe7827592680a606c9bba1aeb6e23c7502ce8b633923b06542f4c706e7c
#5 sha256:660db69324ed478291dd329cbbfe422dccbc173f9ab806c069fac341073eab8c
#5 DONE 0.0s

#4 importing cache manifest from gcr.io/fuzzbench/builders/benchmark/boost_boost_ptree_iniread_fuzzer
#4 sha256:2606a5b72e9e0b979aa9661284e6c5043ca1a0ab12dff7089e0c207567cfb3f2
#4 ERROR: gcr.io/fuzzbench/builders/benchmark/boost_boost_ptree_iniread_fuzzer:latest: not found

#10 [internal] load build context
#10 sha256:b119dedd1d9d9b3d3fe98d333d8b360c8df8828dd711481c479d103b64f97e79
#10 transferring context: 2.40kB done
#10 DONE 0.0s

#9 [5/6] RUN ./bootstrap.sh && ./b2 headers
#9 sha256:22cb100c1bc39190d79f2ede1ffe043110b390c776b0bd1716ee5931553a4a03
#9 CACHED

#6 [2/6] RUN apt-get update && apt-get install -y g++
#6 sha256:af3a28fbaef1d043919d93747061c5755e2161896ee0b66b13300fc7e54c3d90
#6 CACHED

#7 [3/6] RUN git clone --recursive https://github.com/boostorg/boost.git
#7 sha256:67869b6b2869a34d8198f8ddb8ff78e8a8b8e5a898b3f72376b5ac365e825fe2
#7 CACHED

#8 [4/6] WORKDIR boost
#8 sha256:755c9caf20b728150890ac7a5930f5fbc4bb14055a1d076889c70231e26b5020
#8 CACHED

#11 [6/6] COPY build.sh boost_regex_fuzzer.cc /src/
#11 sha256:ac4606ad76540096f0e65d3245e07e29fbcc8fac057224a42ed20c457933a87d
#11 CACHED

#12 exporting to image
#12 sha256:e8c613e07b0b7ff33893b694f7759a10d42e180f2b4dc349fb57dc6b71dcab00
#12 exporting layers done
#12 writing image sha256:fbba3a9e34102c20d4647c811eacf93c19f3012f925257c3e0790533d74736e9 done
#12 naming to gcr.io/fuzzbench/builders/benchmark/boost_boost_ptree_iniread_fuzzer done
#12 DONE 0.1s

#13 exporting cache
#13 sha256:2700d4ef94dee473593c5c614b55b2dedcca7893909811a8f2b48291a1f581e4
#13 preparing build cache for export done
#13 DONE 0.0s
------
 > importing cache manifest from gcr.io/fuzzbench/builders/benchmark/boost_boost_ptree_iniread_fuzzer:
------
#1 [internal] load build definition from builder.Dockerfile
#1 sha256:bf1d655dd78ebbf4cc8c663db0235e21e924c064ab8fb4074df3222807eaebf9
#1 transferring dockerfile: 46B done
#1 DONE 0.0s

#2 [internal] load .dockerignore
#2 sha256:cb40f0a1d0e09158f1524de3cbb200ae3bd8337703527ec48fac52a0a0ed65b9
#2 transferring context: 2B done
#2 DONE 0.0s

#3 [internal] load metadata for gcr.io/fuzzbench/builders/benchmark/boost_boost_ptree_iniread_fuzzer:latest
#3 sha256:f6b89fc95009c8554c0e6678d84336d37cc0fa6b47d5fa8521a191763179be69
#3 DONE 0.0s

#5 [1/3] FROM gcr.io/fuzzbench/builders/benchmark/boost_boost_ptree_iniread_fuzzer
#5 sha256:c2070eb4f734ababced0d0a60b3a66b34592224bc8b1a6361ce9151e56de2ef6
#5 DONE 0.0s

#4 importing cache manifest from gcr.io/fuzzbench/builders/afl/boost_boost_ptree_iniread_fuzzer-intermediate
#4 sha256:901166d5abe26ad2ca6e91b8b0c306c20caab91c3ca62cea43af0f432e7dd4ac
#4 ERROR: gcr.io/fuzzbench/builders/afl/boost_boost_ptree_iniread_fuzzer-intermediate:latest: not found

#6 [2/3] RUN git clone https://github.com/google/AFL.git /afl &&     cd /afl &&     git checkout 61037103ae3722c8060ff7082994836a794f978e &&     AFL_NO_X86=1 make
#6 sha256:f2ea250b90266580cc8e62c0d2cedf58d6a3b6c4f23bafc69cab22e87d4261b1
#6 CACHED

#7 [3/3] RUN apt-get update &&     apt-get install wget -y &&     wget https://raw.githubusercontent.com/llvm/llvm-project/5feb80e748924606531ba28c97fe65145c65372e/compiler-rt/lib/fuzzer/afl/afl_driver.cpp -O /afl/afl_driver.cpp &&     clang -Wno-pointer-sign -c /afl/llvm_mode/afl-llvm-rt.o.c -I/afl &&     clang++ -stdlib=libc++ -std=c++11 -O2 -c /afl/afl_driver.cpp &&     ar r /libAFL.a *.o
#7 sha256:a7f9f96349b153668ac23b5dc95150ba958d8059e23a7ca502af0fbe2a40eda8
#7 CACHED

#8 exporting to image
#8 sha256:e8c613e07b0b7ff33893b694f7759a10d42e180f2b4dc349fb57dc6b71dcab00
#8 exporting layers done
#8 writing image sha256:475471697422e350d24a776c9eba65b2e29b7ee75efad0055f2aaa929eb5c476 done
#8 naming to gcr.io/fuzzbench/builders/afl/boost_boost_ptree_iniread_fuzzer-intermediate done
#8 DONE 0.1s

#9 exporting cache
#9 sha256:2700d4ef94dee473593c5c614b55b2dedcca7893909811a8f2b48291a1f581e4
#9 preparing build cache for export done
#9 DONE 0.0s
------
 > importing cache manifest from gcr.io/fuzzbench/builders/afl/boost_boost_ptree_iniread_fuzzer-intermediate:
------
#1 [internal] load build definition from Dockerfile
#1 sha256:d4003c7e36b952a9f41e30f9659c2ba6e7efe4ce290e98a966bdc18a7145c806
#1 transferring dockerfile: 2.00kB done
#1 DONE 0.0s

#2 [internal] load .dockerignore
#2 sha256:944d62cf8cd2ef46338ca764177b7b2189e21519a72d51edcf381b348ad1f2c7
#2 transferring context: 34B done
#2 DONE 0.0s

#3 [internal] load metadata for docker.io/library/ubuntu:xenial
#3 sha256:f62bae18ed588840f045c881b2502661f2a89578a2f8f99b83f5200ee83dd25b
#3 DONE 0.0s

#4 importing cache manifest from gcr.io/fuzzbench/base-image
#4 sha256:9b220ebb4d4daceed1b96df9b6dca076e762f1cd612574f010b82d5b9e5ad896
#4 DONE 0.0s

#5 [1/7] FROM docker.io/library/ubuntu:xenial
#5 sha256:14dd403f25ae9e519bd44f27dc17af7ce80f5a4f9f48ca88108364e67ec5d360
#5 DONE 0.0s

#8 [internal] load build context
#8 sha256:8ab2589858e2bcc2d2ad234da3272e14ea282de53190c664b844ad78871da561
#8 transferring context: 559B 0.0s done
#8 DONE 0.0s

#7 [3/7] RUN cd /tmp/ &&     curl -O https://www.python.org/ftp/python/3.8.6/Python-3.8.6.tar.xz &&     tar -xvf Python-3.8.6.tar.xz &&     cd Python-3.8.6 &&     ./configure --enable-loadable-sqlite-extensions --enable-optimizations &&     make -j install &&     rm -r /tmp/Python-3.8.6.tar.xz /tmp/Python-3.8.6
#7 sha256:c5b9d1fb3371e84dbc60b76e7b2f8d5913bc93bcd4910ab65daa03e7b2ec4bb0
#7 CACHED

#9 [4/7] COPY ./requirements.txt /
#9 sha256:f1c6a0d49ea7d6dcf221132682b0bd56c24d23340b77ec40d4f7d547fa701611
#9 CACHED

#10 [5/7] RUN pip3 install -r /requirements.txt
#10 sha256:e993f1c53a07fb45a631995ad0f2483e4ff8b3de9338622940256ef3bdf981a8
#10 CACHED

#11 [6/7] RUN apt-get update -y && apt-get install -y     apt-transport-https     lsb-release
#11 sha256:662cd9c54d72a79167aa94cdac9197213bea6b94babe7eb9aeb63d7aaa03fcc6
#11 CACHED

#6 [2/7] RUN apt-get update -y && apt-get install -y     build-essential     rsync     curl     zlib1g-dev     libncurses5-dev     libgdbm-dev     libnss3-dev     libssl-dev     libreadline-dev     libffi-dev     virtualenv     libbz2-dev     liblzma-dev     libsqlite3-dev
#6 sha256:3a1b0960f17eed529eaae93dc8fd3554f2743dd584d8fa569cdbe6bc734371ac
#6 CACHED

#12 [7/7] RUN CLOUD_SDK_REPO="cloud-sdk-$(lsb_release -c -s)" &&     echo "deb https://packages.cloud.google.com/apt $CLOUD_SDK_REPO main"     | tee -a /etc/apt/sources.list.d/google-cloud-sdk.list &&     curl https://packages.cloud.google.com/apt/doc/apt-key.gpg     | apt-key add - &&     apt-get update -y &&     apt-get install -y google-cloud-sdk
#12 sha256:12716db664d6d5ae5a268961efd4ac7537bb5092da4b562850c2e71130221674
#12 CACHED

#13 exporting to image
#13 sha256:e8c613e07b0b7ff33893b694f7759a10d42e180f2b4dc349fb57dc6b71dcab00
#13 exporting layers done
#13 writing image sha256:cdb478538a35041a0b5608a1313087aff20fc062fe25108e635bb6f1faebe08e done
#13 naming to gcr.io/fuzzbench/base-image done
#13 DONE 0.0s

#14 exporting cache
#14 sha256:2700d4ef94dee473593c5c614b55b2dedcca7893909811a8f2b48291a1f581e4
#14 preparing build cache for export done
#14 DONE 0.0s
#1 [internal] load build definition from Dockerfile
#1 sha256:3f5c30e89ef46c9cad21e2992c83af68481e49272a57592220f43ff660446310
#1 transferring dockerfile: 2.22kB done
#1 DONE 0.0s

#2 [internal] load .dockerignore
#2 sha256:ea2641af6ae254293724e8688225cf703140c4dc8c5ebe8c98c7bd2d4368159c
#2 transferring context: 34B done
#2 DONE 0.0s

#4 [internal] load metadata for gcr.io/fuzzbench/base-image:latest
#4 sha256:932022888f650cc455b10eb5123bb08c0cccacac29a693e69314abbfd28a72c3
#4 DONE 0.0s

#3 [internal] load metadata for gcr.io/fuzzbench/builders/afl/boost_boost_ptree_iniread_fuzzer-intermediate:latest
#3 sha256:520b00892d4147222b477c32856b0338492b94b572bc71f6fcc19ff84973c644
#3 DONE 0.0s

#12 [internal] load build context
#12 sha256:3650e2cf4d511d760d115fba3259cfb7e21a8a916bcf51ed464368926acdf30b
#12 DONE 0.0s

#7 [base-image 1/1] FROM gcr.io/fuzzbench/base-image
#7 sha256:4d07825694520f8b6f6a0d8592dbd345433361ae044cb7f06706c5a95e3daaad
#7 DONE 0.0s

#6 [stage-1  1/13] FROM gcr.io/fuzzbench/builders/afl/boost_boost_ptree_iniread_fuzzer-intermediate
#6 sha256:479a98df7932ff6a88911af7ccaeefe9b5d1f23b1d38e186bf4b3a49d9e2f84c
#6 DONE 0.0s

#5 importing cache manifest from gcr.io/fuzzbench/builders/afl/boost_boost_ptree_iniread_fuzzer
#5 sha256:1249947f93964ad7706de3f2f8fc828659287cabecb2450f3f56d4d59c9db680
#5 ERROR: gcr.io/fuzzbench/builders/afl/boost_boost_ptree_iniread_fuzzer:latest: not found

#12 [internal] load build context
#12 sha256:3650e2cf4d511d760d115fba3259cfb7e21a8a916bcf51ed464368926acdf30b
#12 transferring context: 669.92kB 0.1s done
#12 DONE 0.1s

#8 [stage-1  2/13] COPY --from=base-image /usr/local/bin/python3* /usr/local/bin/
#8 sha256:7d8173f0aa332f5e4b9b0bf4de1cb775a5bad284a2d1a3d6add5eb1c78580eda
#8 CACHED

#9 [stage-1  3/13] COPY --from=base-image /usr/local/lib/python3.8 /usr/local/lib/python3.8
#9 sha256:9839805bfbbd1dfb9a0e8f66a6efbbaee38fedb5e15d4a63fd72e470447e75aa
#9 CACHED

#10 [stage-1  4/13] COPY --from=base-image /usr/local/include/python3.8 /usr/local/include/python3.8
#10 sha256:88814a6beb72d6db67e75c278b1f204be255eccb85482e771c7f4a7eed4cc5b6
#10 CACHED

#11 [stage-1  5/13] COPY --from=base-image /usr/local/lib/python3.8/site-packages /usr/local/lib/python3.8/site-packages
#11 sha256:4d3453f2df429c3e79cce6d7fb8245fec0740deb9f869825ca6db23c244bd54c
#11 CACHED

#13 [stage-1  6/13] COPY fuzzers /src/fuzzers
#13 sha256:9a0268c0e7d6482dec26ff187be7c096462a0ceb3131631d66b3cdf6571367d5
#13 CACHED

#14 [stage-1  7/13] RUN touch /src/__init__.py
#14 sha256:e1fd19f30d0252b5fc66aeecffd84bbb8eb0eef44bb30b096aff38a884bd7c5e
#14 DONE 0.5s

#15 [stage-1  8/13] COPY benchmarks/boost_boost_ptree_iniread_fuzzer/benchmark.yaml /
#15 sha256:7b38448d5a695710bf5f66c0aa12e0b48dfbc9815fd687435a64505d89884342
#15 DONE 0.1s

#16 [stage-1  9/13] RUN mkdir /opt/fuzzbench/
#16 sha256:cc1135fddf000b77135d7ed9a082688885710370e8326e24284772f6ac857a56
#16 DONE 0.5s

#17 [stage-1 10/13] COPY docker/benchmark-builder/checkout_commit.py /opt/fuzzbench/
#17 sha256:533b38028d7acac7350d33d5366f5c7c875201b03e3c46ef0dda42501f6cb9f0
#17 DONE 0.1s

#18 [stage-1 11/13] RUN export CHECKOUT_COMMIT=$(cat /benchmark.yaml | tr -d ' ' | grep 'commit:' | cut -d ':' -f2) &&     python3 -u /opt/fuzzbench/checkout_commit.py $CHECKOUT_COMMIT /src
#18 sha256:da1b472fdaec1c9930d282102b52ae1ecda937be0826ab321b142c9cc5d06443
#18 0.469 Checking out commit 88d167f9
#18 0.475 error: pathspec '88d167f9' did not match any file(s) known to git
#18 0.478 error: pathspec '88d167f9' did not match any file(s) known to git
#18 0.485 error: pathspec '88d167f9' did not match any file(s) known to git
#18 0.503 error: pathspec '88d167f9' did not match any file(s) known to git
#18 0.533 error: pathspec '88d167f9' did not match any file(s) known to git
#18 0.554 error: pathspec '88d167f9' did not match any file(s) known to git
#18 0.572 error: pathspec '88d167f9' did not match any file(s) known to git
#18 0.587 error: pathspec '88d167f9' did not match any file(s) known to git
#18 0.602 error: pathspec '88d167f9' did not match any file(s) known to git
#18 0.609 error: pathspec '88d167f9' did not match any file(s) known to git
#18 0.618 error: pathspec '88d167f9' did not match any file(s) known to git
#18 0.623 error: pathspec '88d167f9' did not match any file(s) known to git
#18 0.632 error: pathspec '88d167f9' did not match any file(s) known to git
#18 0.639 error: pathspec '88d167f9' did not match any file(s) known to git
#18 0.647 error: pathspec '88d167f9' did not match any file(s) known to git
#18 0.656 error: pathspec '88d167f9' did not match any file(s) known to git
#18 0.662 error: pathspec '88d167f9' did not match any file(s) known to git
#18 0.669 error: pathspec '88d167f9' did not match any file(s) known to git
#18 0.675 error: pathspec '88d167f9' did not match any file(s) known to git
#18 0.687 error: pathspec '88d167f9' did not match any file(s) known to git
#18 0.698 error: pathspec '88d167f9' did not match any file(s) known to git
#18 0.704 error: pathspec '88d167f9' did not match any file(s) known to git
#18 0.713 error: pathspec '88d167f9' did not match any file(s) known to git
#18 0.720 error: pathspec '88d167f9' did not match any file(s) known to git
#18 0.728 error: pathspec '88d167f9' did not match any file(s) known to git
#18 0.736 error: pathspec '88d167f9' did not match any file(s) known to git
#18 0.743 error: pathspec '88d167f9' did not match any file(s) known to git
#18 0.749 error: pathspec '88d167f9' did not match any file(s) known to git
#18 0.757 error: pathspec '88d167f9' did not match any file(s) known to git
#18 0.764 error: pathspec '88d167f9' did not match any file(s) known to git
#18 0.771 error: pathspec '88d167f9' did not match any file(s) known to git
#18 0.780 error: pathspec '88d167f9' did not match any file(s) known to git
#18 0.787 error: pathspec '88d167f9' did not match any file(s) known to git
#18 0.794 error: pathspec '88d167f9' did not match any file(s) known to git
#18 0.811 error: pathspec '88d167f9' did not match any file(s) known to git
#18 0.818 error: pathspec '88d167f9' did not match any file(s) known to git
#18 0.824 error: pathspec '88d167f9' did not match any file(s) known to git
#18 0.830 error: pathspec '88d167f9' did not match any file(s) known to git
#18 0.839 error: pathspec '88d167f9' did not match any file(s) known to git
#18 0.849 error: pathspec '88d167f9' did not match any file(s) known to git
#18 0.862 error: pathspec '88d167f9' did not match any file(s) known to git
#18 0.882 error: pathspec '88d167f9' did not match any file(s) known to git
#18 0.890 error: pathspec '88d167f9' did not match any file(s) known to git
#18 0.897 error: pathspec '88d167f9' did not match any file(s) known to git
#18 0.906 error: pathspec '88d167f9' did not match any file(s) known to git
#18 0.915 error: pathspec '88d167f9' did not match any file(s) known to git
#18 0.946 error: pathspec '88d167f9' did not match any file(s) known to git
#18 0.953 error: pathspec '88d167f9' did not match any file(s) known to git
#18 0.958 error: pathspec '88d167f9' did not match any file(s) known to git
#18 0.966 error: pathspec '88d167f9' did not match any file(s) known to git
#18 0.974 error: pathspec '88d167f9' did not match any file(s) known to git
#18 1.003 error: pathspec '88d167f9' did not match any file(s) known to git
#18 1.013 error: pathspec '88d167f9' did not match any file(s) known to git
#18 1.022 error: pathspec '88d167f9' did not match any file(s) known to git
#18 1.030 error: pathspec '88d167f9' did not match any file(s) known to git
#18 1.036 error: pathspec '88d167f9' did not match any file(s) known to git
#18 1.043 error: pathspec '88d167f9' did not match any file(s) known to git
#18 1.050 error: pathspec '88d167f9' did not match any file(s) known to git
#18 1.056 error: pathspec '88d167f9' did not match any file(s) known to git
#18 1.063 error: pathspec '88d167f9' did not match any file(s) known to git
#18 1.068 error: pathspec '88d167f9' did not match any file(s) known to git
#18 1.075 error: pathspec '88d167f9' did not match any file(s) known to git
#18 1.082 error: pathspec '88d167f9' did not match any file(s) known to git
#18 1.102 error: pathspec '88d167f9' did not match any file(s) known to git
#18 1.109 error: pathspec '88d167f9' did not match any file(s) known to git
#18 1.121 error: pathspec '88d167f9' did not match any file(s) known to git
#18 1.132 error: pathspec '88d167f9' did not match any file(s) known to git
#18 1.139 error: pathspec '88d167f9' did not match any file(s) known to git
#18 1.148 error: pathspec '88d167f9' did not match any file(s) known to git
#18 1.154 error: pathspec '88d167f9' did not match any file(s) known to git
#18 1.161 error: pathspec '88d167f9' did not match any file(s) known to git
#18 1.168 error: pathspec '88d167f9' did not match any file(s) known to git
#18 1.179 error: pathspec '88d167f9' did not match any file(s) known to git
#18 1.192 error: pathspec '88d167f9' did not match any file(s) known to git
#18 1.199 error: pathspec '88d167f9' did not match any file(s) known to git
#18 1.209 error: pathspec '88d167f9' did not match any file(s) known to git
#18 1.232 error: pathspec '88d167f9' did not match any file(s) known to git
#18 1.240 error: pathspec '88d167f9' did not match any file(s) known to git
#18 1.245 error: pathspec '88d167f9' did not match any file(s) known to git
#18 1.253 error: pathspec '88d167f9' did not match any file(s) known to git
#18 1.259 error: pathspec '88d167f9' did not match any file(s) known to git
#18 1.265 error: pathspec '88d167f9' did not match any file(s) known to git
#18 1.273 error: pathspec '88d167f9' did not match any file(s) known to git
#18 1.280 error: pathspec '88d167f9' did not match any file(s) known to git
#18 1.288 error: pathspec '88d167f9' did not match any file(s) known to git
#18 1.295 error: pathspec '88d167f9' did not match any file(s) known to git
#18 1.303 error: pathspec '88d167f9' did not match any file(s) known to git
#18 1.311 error: pathspec '88d167f9' did not match any file(s) known to git
#18 1.324 error: pathspec '88d167f9' did not match any file(s) known to git
#18 1.340 error: pathspec '88d167f9' did not match any file(s) known to git
#18 1.345 error: pathspec '88d167f9' did not match any file(s) known to git
#18 1.353 error: pathspec '88d167f9' did not match any file(s) known to git
#18 1.361 error: pathspec '88d167f9' did not match any file(s) known to git
#18 1.376 error: pathspec '88d167f9' did not match any file(s) known to git
#18 1.406 error: pathspec '88d167f9' did not match any file(s) known to git
#18 1.412 error: pathspec '88d167f9' did not match any file(s) known to git
#18 1.421 error: pathspec '88d167f9' did not match any file(s) known to git
#18 1.429 error: pathspec '88d167f9' did not match any file(s) known to git
#18 1.436 error: pathspec '88d167f9' did not match any file(s) known to git
#18 1.442 error: pathspec '88d167f9' did not match any file(s) known to git
#18 1.451 error: pathspec '88d167f9' did not match any file(s) known to git
#18 1.459 error: pathspec '88d167f9' did not match any file(s) known to git
#18 1.466 error: pathspec '88d167f9' did not match any file(s) known to git
#18 1.473 error: pathspec '88d167f9' did not match any file(s) known to git
#18 1.480 error: pathspec '88d167f9' did not match any file(s) known to git
#18 1.487 error: pathspec '88d167f9' did not match any file(s) known to git
#18 1.494 error: pathspec '88d167f9' did not match any file(s) known to git
#18 1.504 error: pathspec '88d167f9' did not match any file(s) known to git
#18 1.511 error: pathspec '88d167f9' did not match any file(s) known to git
#18 1.517 error: pathspec '88d167f9' did not match any file(s) known to git
#18 1.523 error: pathspec '88d167f9' did not match any file(s) known to git
#18 1.534 error: pathspec '88d167f9' did not match any file(s) known to git
#18 1.548 error: pathspec '88d167f9' did not match any file(s) known to git
#18 1.560 error: pathspec '88d167f9' did not match any file(s) known to git
#18 1.570 error: pathspec '88d167f9' did not match any file(s) known to git
#18 1.576 error: pathspec '88d167f9' did not match any file(s) known to git
#18 1.583 error: pathspec '88d167f9' did not match any file(s) known to git
#18 1.588 error: pathspec '88d167f9' did not match any file(s) known to git
#18 1.594 error: pathspec '88d167f9' did not match any file(s) known to git
#18 1.601 error: pathspec '88d167f9' did not match any file(s) known to git
#18 1.606 error: pathspec '88d167f9' did not match any file(s) known to git
#18 1.614 error: pathspec '88d167f9' did not match any file(s) known to git
#18 1.627 error: pathspec '88d167f9' did not match any file(s) known to git
#18 1.632 error: pathspec '88d167f9' did not match any file(s) known to git
#18 1.639 error: pathspec '88d167f9' did not match any file(s) known to git
#18 1.645 error: pathspec '88d167f9' did not match any file(s) known to git
#18 1.651 error: pathspec '88d167f9' did not match any file(s) known to git
#18 1.659 error: pathspec '88d167f9' did not match any file(s) known to git
#18 1.665 error: pathspec '88d167f9' did not match any file(s) known to git
#18 1.673 error: pathspec '88d167f9' did not match any file(s) known to git
#18 1.692 error: pathspec '88d167f9' did not match any file(s) known to git
#18 1.700 error: pathspec '88d167f9' did not match any file(s) known to git
#18 1.712 error: pathspec '88d167f9' did not match any file(s) known to git
#18 1.719 error: pathspec '88d167f9' did not match any file(s) known to git
#18 1.729 error: pathspec '88d167f9' did not match any file(s) known to git
#18 1.736 error: pathspec '88d167f9' did not match any file(s) known to git
#18 1.741 error: pathspec '88d167f9' did not match any file(s) known to git
#18 1.748 error: pathspec '88d167f9' did not match any file(s) known to git
#18 1.756 error: pathspec '88d167f9' did not match any file(s) known to git
#18 1.767 error: pathspec '88d167f9' did not match any file(s) known to git
#18 1.778 error: pathspec '88d167f9' did not match any file(s) known to git
#18 1.797 error: pathspec '88d167f9' did not match any file(s) known to git
#18 1.803 error: pathspec '88d167f9' did not match any file(s) known to git
#18 1.812 error: pathspec '88d167f9' did not match any file(s) known to git
#18 1.819 error: pathspec '88d167f9' did not match any file(s) known to git
#18 1.825 error: pathspec '88d167f9' did not match any file(s) known to git
#18 1.831 error: pathspec '88d167f9' did not match any file(s) known to git
#18 1.848 error: pathspec '88d167f9' did not match any file(s) known to git
#18 1.856 error: pathspec '88d167f9' did not match any file(s) known to git
#18 1.862 error: pathspec '88d167f9' did not match any file(s) known to git
#18 1.870 error: pathspec '88d167f9' did not match any file(s) known to git
#18 1.877 error: pathspec '88d167f9' did not match any file(s) known to git
#18 1.886 error: pathspec '88d167f9' did not match any file(s) known to git
#18 1.893 error: pathspec '88d167f9' did not match any file(s) known to git
#18 1.899 error: pathspec '88d167f9' did not match any file(s) known to git
#18 1.907 error: pathspec '88d167f9' did not match any file(s) known to git
#18 1.914 error: pathspec '88d167f9' did not match any file(s) known to git
#18 1.921 error: pathspec '88d167f9' did not match any file(s) known to git
#18 1.931 error: pathspec '88d167f9' did not match any file(s) known to git
#18 1.939 error: pathspec '88d167f9' did not match any file(s) known to git
#18 1.946 error: pathspec '88d167f9' did not match any file(s) known to git
#18 1.952 error: pathspec '88d167f9' did not match any file(s) known to git
#18 1.963 error: pathspec '88d167f9' did not match any file(s) known to git
#18 1.971 error: pathspec '88d167f9' did not match any file(s) known to git
#18 1.977 error: pathspec '88d167f9' did not match any file(s) known to git
#18 2.264 Checkout unsuccessful.
#18 DONE 2.4s

#19 [stage-1 12/13] RUN echo "#!/bin/bash\nPYTHONPATH=/src python3 -u -c "from fuzzers import utils; utils.initialize_env(); from fuzzers.afl import fuzzer; fuzzer.build()"" > /usr/bin/fuzzer_build &&     chmod +x /usr/bin/fuzzer_build
#19 sha256:6b7b1191b526e66bc147486a99ea5553f38bb62899461aafb9d3693e531fd96d
#19 DONE 0.5s

#20 [stage-1 13/13] RUN echo "Run fuzzer_build to build the target" && if [ -z "$debug_builder" ] ; then fuzzer_build; fi
#20 sha256:e995a11504cb4d6008a600fc400334ab8e932f7c806eb6901c4c9451f7d9dd7a
#20 0.409 Run fuzzer_build to build the target
#20 0.518 FUZZ_TARGET = boost_ptree_iniread_fuzzer
#20 0.518 CFLAGS = -DFUZZING_BUILD_MODE_UNSAFE_FOR_PRODUCTION -pthread -Wl,--no-as-needed -Wl,-ldl -Wl,-lm -Wno-unused-command-line-argument -O3
#20 0.518 CXXFLAGS = -DFUZZING_BUILD_MODE_UNSAFE_FOR_PRODUCTION -pthread -Wl,--no-as-needed -Wl,-ldl -Wl,-lm -Wno-unused-command-line-argument -stdlib=libc++ -O3
#20 0.522 Building benchmark boost_boost_ptree_iniread_fuzzer with fuzzer afl
#20 0.526 + clang++ -DFUZZING_BUILD_MODE_UNSAFE_FOR_PRODUCTION -pthread -Wl,--no-as-needed -Wl,-ldl -Wl,-lm -Wno-unused-command-line-argument -stdlib=libc++ -O3 -fsanitize-coverage=trace-pc-guard -I . ../boost_regex_fuzzer.cc libs/regex/src/posix_api.cpp libs/regex/src/regex.cpp libs/regex/src/regex_debug.cpp libs/regex/src/static_mutex.cpp libs/regex/src/wide_posix_api.cpp /libAFL.a -o boost_regex_fuzzer
#20 25.65 + clang++ -DFUZZING_BUILD_MODE_UNSAFE_FOR_PRODUCTION -pthread -Wl,--no-as-needed -Wl,-ldl -Wl,-lm -Wno-unused-command-line-argument -stdlib=libc++ -O3 -fsanitize-coverage=trace-pc-guard -I . ../boost_ptree_xmlread_fuzzer.cc /libAFL.a -o boost_ptree_xmlread_fuzzer
#20 25.66 clang-14: error: no such file or directory: '../boost_ptree_xmlread_fuzzer.cc'
#20 25.66 Traceback (most recent call last):
#20 25.66   File "<string>", line 1, in <module>
#20 25.66   File "/src/fuzzers/afl/fuzzer.py", line 40, in build
#20 25.66     utils.build_benchmark()
#20 25.66   File "/src/fuzzers/utils.py", line 82, in build_benchmark
#20 25.66     subprocess.check_call(['/bin/bash', '-ex', build_script], env=env)
#20 25.66   File "/usr/local/lib/python3.8/subprocess.py", line 364, in check_call
#20 25.67     raise CalledProcessError(retcode, cmd)
#20 25.67 subprocess.CalledProcessError: Command '['/bin/bash', '-ex', '/src/build.sh']' returned non-zero exit status 1.
#20 ERROR: executor failed running [/bin/sh -c echo "Run fuzzer_build to build the target" && if [ -z "$debug_builder" ] ; then fuzzer_build; fi]: exit code: 1
------
 > importing cache manifest from gcr.io/fuzzbench/builders/afl/boost_boost_ptree_iniread_fuzzer:
------
------
 > [stage-1 13/13] RUN echo "Run fuzzer_build to build the target" && if [ -z "$debug_builder" ] ; then fuzzer_build; fi:
------
executor failed running [/bin/sh -c echo "Run fuzzer_build to build the target" && if [ -z "$debug_builder" ] ; then fuzzer_build; fi]: exit code: 1
make: *** [docker/generated.mk:2764791: .afl-boost_boost_ptree_iniread_fuzzer-builder] Error 1
/bin/sh: 1: source: not found
#1 [internal] load build definition from Dockerfile
#1 sha256:ae67900089710c622b2341bd18c9a401ad553bcbb52ae1fe71237fc617857141
#1 transferring dockerfile: 32B done
#1 DONE 0.0s

#2 [internal] load .dockerignore
#2 sha256:e991875671617c6b3108ea5eb742008a808e13486635bfd11c7cbe838fb5a18f
#2 transferring context: 2B done
#2 DONE 0.0s

#3 [internal] load metadata for gcr.io/oss-fuzz-base/base-builder:latest
#3 sha256:f10dc39cc9d418a5bc416dead31a1902b6821fdae909cd3b08f7a3fd1faba7b5
#3 DONE 0.4s

#5 [1/6] FROM gcr.io/oss-fuzz-base/base-builder@sha256:41d7bbe7827592680a606c9bba1aeb6e23c7502ce8b633923b06542f4c706e7c
#5 sha256:660db69324ed478291dd329cbbfe422dccbc173f9ab806c069fac341073eab8c
#5 DONE 0.0s

#4 importing cache manifest from gcr.io/fuzzbench/builders/benchmark/boost_boost_ptree_iniread_fuzzer
#4 sha256:2606a5b72e9e0b979aa9661284e6c5043ca1a0ab12dff7089e0c207567cfb3f2
#4 DONE 0.0s

#10 [internal] load build context
#10 sha256:7b9ae77e3723a983c6bd2ad32f97e5e4e2e6e5b8f0fe56ddc675822b863aa8ea
#10 transferring context: 71B done
#10 DONE 0.0s

#7 [3/6] RUN git clone --recursive https://github.com/boostorg/boost.git
#7 sha256:67869b6b2869a34d8198f8ddb8ff78e8a8b8e5a898b3f72376b5ac365e825fe2
#7 CACHED

#9 [5/6] RUN ./bootstrap.sh && ./b2 headers
#9 sha256:22cb100c1bc39190d79f2ede1ffe043110b390c776b0bd1716ee5931553a4a03
#9 CACHED

#6 [2/6] RUN apt-get update && apt-get install -y g++
#6 sha256:af3a28fbaef1d043919d93747061c5755e2161896ee0b66b13300fc7e54c3d90
#6 CACHED

#8 [4/6] WORKDIR boost
#8 sha256:755c9caf20b728150890ac7a5930f5fbc4bb14055a1d076889c70231e26b5020
#8 CACHED

#11 [6/6] COPY build.sh boost_regex_fuzzer.cc /src/
#11 sha256:fef4f125aafb0995a2aab8dcfc48792e7ca7f41914813598472ad847aea10f64
#11 CACHED

#12 exporting to image
#12 sha256:e8c613e07b0b7ff33893b694f7759a10d42e180f2b4dc349fb57dc6b71dcab00
#12 exporting layers done
#12 writing image sha256:fbba3a9e34102c20d4647c811eacf93c19f3012f925257c3e0790533d74736e9 done
#12 naming to gcr.io/fuzzbench/builders/benchmark/boost_boost_ptree_iniread_fuzzer done
#12 DONE 0.1s

#13 exporting cache
#13 sha256:2700d4ef94dee473593c5c614b55b2dedcca7893909811a8f2b48291a1f581e4
#13 preparing build cache for export done
#13 DONE 0.0s
#1 [internal] load build definition from builder.Dockerfile
#1 sha256:3dd7ba6842b1303f09dd70ad97c952177a25bb377d2b153340d4f5459046ec06
#1 transferring dockerfile: 46B done
#1 DONE 0.0s

#2 [internal] load .dockerignore
#2 sha256:a1fc439a2499c42da4f8b1125100cf5fc38211e03fe11f4e2afd5b1cfacbb08c
#2 transferring context: 2B done
#2 DONE 0.0s

#3 [internal] load metadata for gcr.io/fuzzbench/builders/benchmark/boost_boost_ptree_iniread_fuzzer:latest
#3 sha256:f6b89fc95009c8554c0e6678d84336d37cc0fa6b47d5fa8521a191763179be69
#3 DONE 0.0s

#5 [1/3] FROM gcr.io/fuzzbench/builders/benchmark/boost_boost_ptree_iniread_fuzzer
#5 sha256:c2070eb4f734ababced0d0a60b3a66b34592224bc8b1a6361ce9151e56de2ef6
#5 DONE 0.0s

#4 importing cache manifest from gcr.io/fuzzbench/builders/afl/boost_boost_ptree_iniread_fuzzer-intermediate
#4 sha256:901166d5abe26ad2ca6e91b8b0c306c20caab91c3ca62cea43af0f432e7dd4ac
#4 DONE 0.0s

#6 [2/3] RUN git clone https://github.com/google/AFL.git /afl &&     cd /afl &&     git checkout 61037103ae3722c8060ff7082994836a794f978e &&     AFL_NO_X86=1 make
#6 sha256:f2ea250b90266580cc8e62c0d2cedf58d6a3b6c4f23bafc69cab22e87d4261b1
#6 CACHED

#7 [3/3] RUN apt-get update &&     apt-get install wget -y &&     wget https://raw.githubusercontent.com/llvm/llvm-project/5feb80e748924606531ba28c97fe65145c65372e/compiler-rt/lib/fuzzer/afl/afl_driver.cpp -O /afl/afl_driver.cpp &&     clang -Wno-pointer-sign -c /afl/llvm_mode/afl-llvm-rt.o.c -I/afl &&     clang++ -stdlib=libc++ -std=c++11 -O2 -c /afl/afl_driver.cpp &&     ar r /libAFL.a *.o
#7 sha256:a7f9f96349b153668ac23b5dc95150ba958d8059e23a7ca502af0fbe2a40eda8
#7 CACHED

#8 exporting to image
#8 sha256:e8c613e07b0b7ff33893b694f7759a10d42e180f2b4dc349fb57dc6b71dcab00
#8 exporting layers done
#8 writing image sha256:475471697422e350d24a776c9eba65b2e29b7ee75efad0055f2aaa929eb5c476 done
#8 naming to gcr.io/fuzzbench/builders/afl/boost_boost_ptree_iniread_fuzzer-intermediate done
#8 DONE 0.1s

#9 exporting cache
#9 sha256:2700d4ef94dee473593c5c614b55b2dedcca7893909811a8f2b48291a1f581e4
#9 preparing build cache for export done
#9 DONE 0.0s
#1 [internal] load build definition from Dockerfile
#1 sha256:8ae15193ed5841b4cc02d93f1a0814aef69e0f7d19d9640798f93359155a514d
#1 transferring dockerfile: 2.00kB done
#1 DONE 0.0s

#2 [internal] load .dockerignore
#2 sha256:07aca829288a474a8fdb1d377adec9dc6ce493ca5afde6058626f4d60f3df49f
#2 transferring context: 34B done
#2 DONE 0.0s

#3 [internal] load metadata for docker.io/library/ubuntu:xenial
#3 sha256:f62bae18ed588840f045c881b2502661f2a89578a2f8f99b83f5200ee83dd25b
#3 DONE 0.0s

#5 [1/7] FROM docker.io/library/ubuntu:xenial
#5 sha256:14dd403f25ae9e519bd44f27dc17af7ce80f5a4f9f48ca88108364e67ec5d360
#5 DONE 0.0s

#4 importing cache manifest from gcr.io/fuzzbench/base-image
#4 sha256:9b220ebb4d4daceed1b96df9b6dca076e762f1cd612574f010b82d5b9e5ad896
#4 DONE 0.0s

#8 [internal] load build context
#8 sha256:b1d18fdbec1b99baf56cf92b669072a7a30fae081296994b3371df2b0a83b953
#8 transferring context: 559B 0.0s done
#8 DONE 0.0s

#6 [2/7] RUN apt-get update -y && apt-get install -y     build-essential     rsync     curl     zlib1g-dev     libncurses5-dev     libgdbm-dev     libnss3-dev     libssl-dev     libreadline-dev     libffi-dev     virtualenv     libbz2-dev     liblzma-dev     libsqlite3-dev
#6 sha256:3a1b0960f17eed529eaae93dc8fd3554f2743dd584d8fa569cdbe6bc734371ac
#6 CACHED

#10 [5/7] RUN pip3 install -r /requirements.txt
#10 sha256:436d0a838454d620d7bf4a8bc9196ec5a3dbb6a0e1f59c44413ab3b796689305
#10 CACHED

#11 [6/7] RUN apt-get update -y && apt-get install -y     apt-transport-https     lsb-release
#11 sha256:3fae86adff5b3341cb4e6fb117850e26d9bc9bbb4721953d80becdec13da73f9
#11 CACHED

#9 [4/7] COPY ./requirements.txt /
#9 sha256:793f0540df5b11a587e12c5c91474d51a6d7a6e61d936a495951f15667df7bbe
#9 CACHED

#7 [3/7] RUN cd /tmp/ &&     curl -O https://www.python.org/ftp/python/3.8.6/Python-3.8.6.tar.xz &&     tar -xvf Python-3.8.6.tar.xz &&     cd Python-3.8.6 &&     ./configure --enable-loadable-sqlite-extensions --enable-optimizations &&     make -j install &&     rm -r /tmp/Python-3.8.6.tar.xz /tmp/Python-3.8.6
#7 sha256:c5b9d1fb3371e84dbc60b76e7b2f8d5913bc93bcd4910ab65daa03e7b2ec4bb0
#7 CACHED

#12 [7/7] RUN CLOUD_SDK_REPO="cloud-sdk-$(lsb_release -c -s)" &&     echo "deb https://packages.cloud.google.com/apt $CLOUD_SDK_REPO main"     | tee -a /etc/apt/sources.list.d/google-cloud-sdk.list &&     curl https://packages.cloud.google.com/apt/doc/apt-key.gpg     | apt-key add - &&     apt-get update -y &&     apt-get install -y google-cloud-sdk
#12 sha256:6552013374e72102d73d480e8848a35d48a809ac0899f12b21bde3939703a035
#12 CACHED

#13 exporting to image
#13 sha256:e8c613e07b0b7ff33893b694f7759a10d42e180f2b4dc349fb57dc6b71dcab00
#13 exporting layers done
#13 writing image sha256:cdb478538a35041a0b5608a1313087aff20fc062fe25108e635bb6f1faebe08e done
#13 naming to gcr.io/fuzzbench/base-image done
#13 DONE 0.0s

#14 exporting cache
#14 sha256:2700d4ef94dee473593c5c614b55b2dedcca7893909811a8f2b48291a1f581e4
#14 preparing build cache for export done
#14 DONE 0.0s
#1 [internal] load build definition from Dockerfile
#1 sha256:054a9165c9121b5e61a0ea59be3c42c50140eb6a9404245081e3c84aaf3b2a8a
#1 transferring dockerfile: 2.22kB done
#1 DONE 0.0s

#2 [internal] load .dockerignore
#2 sha256:4b534707047512da30e778d71e8ad7b6ad59bb181d289bfd2e398c20fea831cd
#2 transferring context: 34B done
#2 DONE 0.0s

#4 [internal] load metadata for gcr.io/fuzzbench/base-image:latest
#4 sha256:932022888f650cc455b10eb5123bb08c0cccacac29a693e69314abbfd28a72c3
#4 DONE 0.0s

#3 [internal] load metadata for gcr.io/fuzzbench/builders/afl/boost_boost_ptree_iniread_fuzzer-intermediate:latest
#3 sha256:520b00892d4147222b477c32856b0338492b94b572bc71f6fcc19ff84973c644
#3 DONE 0.0s

#12 [internal] load build context
#12 sha256:74de04b77c8f6460532c4a7ada9b8c5ef797f59e893a17ad05ad96dc10b85c1e
#12 DONE 0.0s

#7 [base-image 1/1] FROM gcr.io/fuzzbench/base-image
#7 sha256:4d07825694520f8b6f6a0d8592dbd345433361ae044cb7f06706c5a95e3daaad
#7 DONE 0.0s

#6 [stage-1  1/13] FROM gcr.io/fuzzbench/builders/afl/boost_boost_ptree_iniread_fuzzer-intermediate
#6 sha256:479a98df7932ff6a88911af7ccaeefe9b5d1f23b1d38e186bf4b3a49d9e2f84c
#6 DONE 0.0s

#5 importing cache manifest from gcr.io/fuzzbench/builders/afl/boost_boost_ptree_iniread_fuzzer
#5 sha256:1249947f93964ad7706de3f2f8fc828659287cabecb2450f3f56d4d59c9db680
#5 ERROR: gcr.io/fuzzbench/builders/afl/boost_boost_ptree_iniread_fuzzer:latest: not found

#12 [internal] load build context
#12 sha256:74de04b77c8f6460532c4a7ada9b8c5ef797f59e893a17ad05ad96dc10b85c1e
#12 transferring context: 669.92kB 0.1s done
#12 DONE 0.1s

#8 [stage-1  2/13] COPY --from=base-image /usr/local/bin/python3* /usr/local/bin/
#8 sha256:7d8173f0aa332f5e4b9b0bf4de1cb775a5bad284a2d1a3d6add5eb1c78580eda
#8 CACHED

#17 [stage-1 10/13] COPY docker/benchmark-builder/checkout_commit.py /opt/fuzzbench/
#17 sha256:1649b998899a8f4b71b8075889df6bc535ce79d38fd2a262fc2db98165ec7d2c
#17 CACHED

#10 [stage-1  4/13] COPY --from=base-image /usr/local/include/python3.8 /usr/local/include/python3.8
#10 sha256:88814a6beb72d6db67e75c278b1f204be255eccb85482e771c7f4a7eed4cc5b6
#10 CACHED

#13 [stage-1  6/13] COPY fuzzers /src/fuzzers
#13 sha256:526d74d7a091e5a8060eb588f0b860d9fb4b2c7190704a0d61bbae1a14d8ac3d
#13 CACHED

#16 [stage-1  9/13] RUN mkdir /opt/fuzzbench/
#16 sha256:8c97ef6af72147c6eb1f31f83ebf8ae8d6b0c8424a9abe9331b1799e7042b693
#16 CACHED

#18 [stage-1 11/13] RUN export CHECKOUT_COMMIT=$(cat /benchmark.yaml | tr -d ' ' | grep 'commit:' | cut -d ':' -f2) &&     python3 -u /opt/fuzzbench/checkout_commit.py $CHECKOUT_COMMIT /src
#18 sha256:c9534c969ccacf1715fe693cb68d8ae4dcee08580a3237ccaef8bb5671e70212
#18 CACHED

#9 [stage-1  3/13] COPY --from=base-image /usr/local/lib/python3.8 /usr/local/lib/python3.8
#9 sha256:9839805bfbbd1dfb9a0e8f66a6efbbaee38fedb5e15d4a63fd72e470447e75aa
#9 CACHED

#11 [stage-1  5/13] COPY --from=base-image /usr/local/lib/python3.8/site-packages /usr/local/lib/python3.8/site-packages
#11 sha256:4d3453f2df429c3e79cce6d7fb8245fec0740deb9f869825ca6db23c244bd54c
#11 CACHED

#14 [stage-1  7/13] RUN touch /src/__init__.py
#14 sha256:d023e4c0cebb99e4b6ae40002c10cbb02c10a76602ca38fa7d3c8d0d65f0bd6c
#14 CACHED

#15 [stage-1  8/13] COPY benchmarks/boost_boost_ptree_iniread_fuzzer/benchmark.yaml /
#15 sha256:6ef9d4b0413e033b0f52d8f5333bcea4017010665f3c4c48a8da7aa409125d4a
#15 CACHED

#19 [stage-1 12/13] RUN echo "#!/bin/bash\nPYTHONPATH=/src python3 -u -c "from fuzzers import utils; utils.initialize_env(); from fuzzers.afl import fuzzer; fuzzer.build()"" > /usr/bin/fuzzer_build &&     chmod +x /usr/bin/fuzzer_build
#19 sha256:2c38884c0913b80b942ca21f83ff92d7e2954ebc1885ce401b440bf4be08fd84
#19 CACHED

#20 [stage-1 13/13] RUN echo "Run fuzzer_build to build the target" && if [ -z "$debug_builder" ] ; then fuzzer_build; fi
#20 sha256:ada2b10465610a16a496590f1395bab6b84b05709673c9d93a15804a6f74b2a8
#20 0.316 Run fuzzer_build to build the target
#20 0.440 FUZZ_TARGET = boost_ptree_iniread_fuzzer
#20 0.440 CFLAGS = -DFUZZING_BUILD_MODE_UNSAFE_FOR_PRODUCTION -pthread -Wl,--no-as-needed -Wl,-ldl -Wl,-lm -Wno-unused-command-line-argument -O3
#20 0.440 CXXFLAGS = -DFUZZING_BUILD_MODE_UNSAFE_FOR_PRODUCTION -pthread -Wl,--no-as-needed -Wl,-ldl -Wl,-lm -Wno-unused-command-line-argument -stdlib=libc++ -O3
#20 0.444 Building benchmark boost_boost_ptree_iniread_fuzzer with fuzzer afl
#20 0.448 + clang++ -DFUZZING_BUILD_MODE_UNSAFE_FOR_PRODUCTION -pthread -Wl,--no-as-needed -Wl,-ldl -Wl,-lm -Wno-unused-command-line-argument -stdlib=libc++ -O3 -fsanitize-coverage=trace-pc-guard -I . ../boost_regex_fuzzer.cc libs/regex/src/posix_api.cpp libs/regex/src/regex.cpp libs/regex/src/regex_debug.cpp libs/regex/src/static_mutex.cpp libs/regex/src/wide_posix_api.cpp /libAFL.a -o boost_regex_fuzzer
#20 26.06 + clang++ -DFUZZING_BUILD_MODE_UNSAFE_FOR_PRODUCTION -pthread -Wl,--no-as-needed -Wl,-ldl -Wl,-lm -Wno-unused-command-line-argument -stdlib=libc++ -O3 -fsanitize-coverage=trace-pc-guard -I . ../boost_ptree_xmlread_fuzzer.cc /libAFL.a -o boost_ptree_xmlread_fuzzer
#20 26.07 clang-14: error: no such file or directory: '../boost_ptree_xmlread_fuzzer.cc'
#20 26.07 Traceback (most recent call last):
#20 26.07   File "<string>", line 1, in <module>
#20 26.07   File "/src/fuzzers/afl/fuzzer.py", line 40, in build
#20 26.07     utils.build_benchmark()
#20 26.07   File "/src/fuzzers/utils.py", line 82, in build_benchmark
#20 26.07     subprocess.check_call(['/bin/bash', '-ex', build_script], env=env)
#20 26.07   File "/usr/local/lib/python3.8/subprocess.py", line 364, in check_call
#20 26.07     raise CalledProcessError(retcode, cmd)
#20 26.07 subprocess.CalledProcessError: Command '['/bin/bash', '-ex', '/src/build.sh']' returned non-zero exit status 1.
#20 ERROR: executor failed running [/bin/sh -c echo "Run fuzzer_build to build the target" && if [ -z "$debug_builder" ] ; then fuzzer_build; fi]: exit code: 1
------
 > importing cache manifest from gcr.io/fuzzbench/builders/afl/boost_boost_ptree_iniread_fuzzer:
------
------
 > [stage-1 13/13] RUN echo "Run fuzzer_build to build the target" && if [ -z "$debug_builder" ] ; then fuzzer_build; fi:
------
executor failed running [/bin/sh -c echo "Run fuzzer_build to build the target" && if [ -z "$debug_builder" ] ; then fuzzer_build; fi]: exit code: 1
make: *** [docker/generated.mk:2764791: .afl-boost_boost_ptree_iniread_fuzzer-builder] Error 1
