WARNING:root:gcloud not found in PATH.
INFO:root:Successfully integrated benchmark: arrow_arrow.
INFO:root:Please run "make test-run-afl-arrow_arrow" to test integration.
#1 [internal] load build definition from Dockerfile
#1 sha256:7d8b2479f17a8bc954ee036a5fdbd8c9c4935232d9390f16d7071ad983ebc27f
#1 transferring dockerfile: 1.18kB done
#1 DONE 0.0s

#2 [internal] load .dockerignore
#2 sha256:c01a495b504a4a8e0cf3ea8730fa19f0438a7e3db28b1794f522212a226e2294
#2 transferring context: 2B done
#2 DONE 0.0s

#3 [internal] load metadata for gcr.io/oss-fuzz-base/base-builder:latest
#3 sha256:f10dc39cc9d418a5bc416dead31a1902b6821fdae909cd3b08f7a3fd1faba7b5
#3 DONE 0.4s

#8 [internal] load build context
#8 sha256:810344f10ac8d4ee28c73091e971d898cc799ba74afc24fac7ed6ff9fbeba801
#8 DONE 0.0s

#5 [1/4] FROM gcr.io/oss-fuzz-base/base-builder@sha256:112044a9815d235113677d459cf2ece740a51f2b85081c8f66943dcdc72ddf7f
#5 sha256:4aee4bf9f7280ac8b7f02b8d29e6e084dd034d2c294b4e3e05d8ce7048a1450f
#5 DONE 0.0s

#4 importing cache manifest from gcr.io/fuzzbench/builders/benchmark/arrow_arrow
#4 sha256:52b8c4ac6a410079727c30037fea5ee309fa67e7f74f09300e9080158057aa8e
#4 ERROR: gcr.io/fuzzbench/builders/benchmark/arrow_arrow:latest: not found

#5 [1/4] FROM gcr.io/oss-fuzz-base/base-builder@sha256:112044a9815d235113677d459cf2ece740a51f2b85081c8f66943dcdc72ddf7f
#5 sha256:4aee4bf9f7280ac8b7f02b8d29e6e084dd034d2c294b4e3e05d8ce7048a1450f
#5 CACHED

#8 [internal] load build context
#8 sha256:810344f10ac8d4ee28c73091e971d898cc799ba74afc24fac7ed6ff9fbeba801
#8 transferring context: 2.03kB done
#8 DONE 0.0s

#6 [2/4] RUN apt-get update -y -q &&     apt-get update -y -q &&     apt-get install -y -q --no-install-recommends         bison         build-essential         cmake         flex         libboost-all-dev         ninja-build         python3
#6 sha256:1d5367ae4dc4bb149dd8c570a647ca472074ec442b2497f7822c948aff7fd7a5
#6 0.527 Hit:1 http://archive.ubuntu.com/ubuntu focal InRelease
#6 0.527 Hit:2 http://ppa.launchpad.net/git-core/ppa/ubuntu focal InRelease
#6 0.536 Get:3 http://archive.ubuntu.com/ubuntu focal-updates InRelease [114 kB]
#6 0.638 Get:4 http://archive.ubuntu.com/ubuntu focal-backports InRelease [108 kB]
#6 0.655 Get:5 http://security.ubuntu.com/ubuntu focal-security InRelease [114 kB]
#6 1.048 Get:6 http://archive.ubuntu.com/ubuntu focal-updates/universe amd64 Packages [1134 kB]
#6 1.185 Get:7 http://archive.ubuntu.com/ubuntu focal-updates/main i386 Packages [755 kB]
#6 1.241 Get:8 http://archive.ubuntu.com/ubuntu focal-updates/main amd64 Packages [1984 kB]
#6 1.389 Get:9 http://archive.ubuntu.com/ubuntu focal-updates/universe i386 Packages [827 kB]
#6 1.619 Fetched 5036 kB in 1s (4271 kB/s)
#6 1.619 Reading package lists...
#6 3.228 Hit:1 http://ppa.launchpad.net/git-core/ppa/ubuntu focal InRelease
#6 3.228 Hit:2 http://archive.ubuntu.com/ubuntu focal InRelease
#6 3.239 Hit:3 http://archive.ubuntu.com/ubuntu focal-updates InRelease
#6 3.262 Hit:4 http://archive.ubuntu.com/ubuntu focal-backports InRelease
#6 3.362 Hit:5 http://security.ubuntu.com/ubuntu focal-security InRelease
#6 4.041 Reading package lists...
#6 5.533 Reading package lists...
#6 6.938 Building dependency tree...
#6 7.148 Reading state information...
#6 7.361 python3 is already the newest version (3.8.2-0ubuntu2).
#6 7.361 python3 set to manually installed.
#6 7.361 build-essential is already the newest version (12.8ubuntu1.1).
#6 7.361 The following additional packages will be installed:
#6 7.361   autoconf automake autotools-dev cmake-data cpp-8 gcc-8 gcc-8-base gfortran-8
#6 7.361   ibverbs-providers icu-devtools libarchive13 libboost-atomic-dev
#6 7.361   libboost-atomic1.71-dev libboost-atomic1.71.0 libboost-chrono-dev
#6 7.361   libboost-chrono1.71-dev libboost-chrono1.71.0 libboost-container-dev
#6 7.361   libboost-container1.71-dev libboost-container1.71.0 libboost-context-dev
#6 7.361   libboost-context1.71-dev libboost-context1.71.0 libboost-coroutine-dev
#6 7.361   libboost-coroutine1.71-dev libboost-coroutine1.71.0 libboost-date-time-dev
#6 7.361   libboost-date-time1.71-dev libboost-date-time1.71.0 libboost-dev
#6 7.361   libboost-exception-dev libboost-exception1.71-dev libboost-fiber-dev
#6 7.361   libboost-fiber1.71-dev libboost-fiber1.71.0 libboost-filesystem-dev
#6 7.361   libboost-filesystem1.71-dev libboost-filesystem1.71.0 libboost-graph-dev
#6 7.361   libboost-graph-parallel-dev libboost-graph-parallel1.71-dev
#6 7.361   libboost-graph-parallel1.71.0 libboost-graph1.71-dev libboost-graph1.71.0
#6 7.361   libboost-iostreams-dev libboost-iostreams1.71-dev libboost-iostreams1.71.0
#6 7.361   libboost-locale-dev libboost-locale1.71-dev libboost-locale1.71.0
#6 7.361   libboost-log-dev libboost-log1.71-dev libboost-log1.71.0 libboost-math-dev
#6 7.361   libboost-math1.71-dev libboost-math1.71.0 libboost-mpi-dev
#6 7.361   libboost-mpi-python-dev libboost-mpi-python1.71-dev
#6 7.361   libboost-mpi-python1.71.0 libboost-mpi1.71-dev libboost-mpi1.71.0
#6 7.361   libboost-numpy-dev libboost-numpy1.71-dev libboost-numpy1.71.0
#6 7.361   libboost-program-options-dev libboost-program-options1.71-dev
#6 7.361   libboost-program-options1.71.0 libboost-python-dev libboost-python1.71-dev
#6 7.361   libboost-python1.71.0 libboost-random-dev libboost-random1.71-dev
#6 7.361   libboost-random1.71.0 libboost-regex-dev libboost-regex1.71-dev
#6 7.361   libboost-regex1.71.0 libboost-serialization-dev
#6 7.361   libboost-serialization1.71-dev libboost-serialization1.71.0
#6 7.361   libboost-stacktrace-dev libboost-stacktrace1.71-dev
#6 7.361   libboost-stacktrace1.71.0 libboost-system-dev libboost-system1.71-dev
#6 7.361   libboost-system1.71.0 libboost-test-dev libboost-test1.71-dev
#6 7.361   libboost-test1.71.0 libboost-thread-dev libboost-thread1.71-dev
#6 7.361   libboost-thread1.71.0 libboost-timer-dev libboost-timer1.71-dev
#6 7.361   libboost-timer1.71.0 libboost-tools-dev libboost-type-erasure-dev
#6 7.361   libboost-type-erasure1.71-dev libboost-type-erasure1.71.0 libboost-wave-dev
#6 7.361   libboost-wave1.71-dev libboost-wave1.71.0 libboost1.71-dev
#6 7.361   libboost1.71-tools-dev libevent-2.1-7 libevent-core-2.1-7 libevent-dev
#6 7.361   libevent-extra-2.1-7 libevent-openssl-2.1-7 libevent-pthreads-2.1-7
#6 7.362   libexpat1-dev libfabric1 libgcc-8-dev libgfortran-8-dev libgfortran5
#6 7.362   libhwloc-dev libhwloc-plugins libhwloc15 libibverbs-dev libibverbs1
#6 7.362   libicu-dev libjsoncpp1 libltdl-dev libltdl7 libmpx2 libnl-3-200 libnl-3-dev
#6 7.362   libnl-route-3-200 libnl-route-3-dev libnuma-dev libnuma1 libopenmpi-dev
#6 7.362   libopenmpi3 libpciaccess0 libpmix2 libpsm-infinipath1 libpsm2-2
#6 7.362   libpython3-dev libpython3.8 libpython3.8-dev librdmacm1 librhash0
#6 7.362   libsigsegv2 libuv1 libxnvctrl0 m4 mpi-default-bin mpi-default-dev
#6 7.363   ocl-icd-libopencl1 openmpi-bin openmpi-common python3-dev python3-distutils
#6 7.363   python3-lib2to3 python3.8-dev zlib1g-dev
#6 7.365 Suggested packages:
#6 7.365   autoconf-archive gnu-standards autoconf-doc libtool gettext bison-doc
#6 7.365   cmake-doc gcc-8-locales flex-doc gcc-8-multilib gcc-8-doc
#6 7.365   gfortran-8-multilib gfortran-8-doc libcoarrays-dev lrzip libboost-doc
#6 7.365   graphviz libboost1.71-doc gccxml libboost-contract1.71-dev libmpfrc++-dev
#6 7.365   libntl-dev xsltproc doxygen docbook-xml docbook-xsl default-jdk fop
#6 7.365   libhwloc-contrib-plugins icu-doc libtool-doc openmpi-doc pciutils m4-doc
#6 7.365   opencl-icd gfortran | fortran-compiler
#6 7.365 Recommended packages:
#6 7.365   libfl-dev libtool libcoarrays-openmpi-dev
#6 8.111 The following NEW packages will be installed:
#6 8.111   autoconf automake autotools-dev bison cmake cmake-data cpp-8 flex gcc-8
#6 8.111   gcc-8-base gfortran-8 ibverbs-providers icu-devtools libarchive13
#6 8.111   libboost-all-dev libboost-atomic-dev libboost-atomic1.71-dev
#6 8.111   libboost-atomic1.71.0 libboost-chrono-dev libboost-chrono1.71-dev
#6 8.111   libboost-chrono1.71.0 libboost-container-dev libboost-container1.71-dev
#6 8.111   libboost-container1.71.0 libboost-context-dev libboost-context1.71-dev
#6 8.111   libboost-context1.71.0 libboost-coroutine-dev libboost-coroutine1.71-dev
#6 8.111   libboost-coroutine1.71.0 libboost-date-time-dev libboost-date-time1.71-dev
#6 8.111   libboost-date-time1.71.0 libboost-dev libboost-exception-dev
#6 8.111   libboost-exception1.71-dev libboost-fiber-dev libboost-fiber1.71-dev
#6 8.111   libboost-fiber1.71.0 libboost-filesystem-dev libboost-filesystem1.71-dev
#6 8.111   libboost-filesystem1.71.0 libboost-graph-dev libboost-graph-parallel-dev
#6 8.111   libboost-graph-parallel1.71-dev libboost-graph-parallel1.71.0
#6 8.111   libboost-graph1.71-dev libboost-graph1.71.0 libboost-iostreams-dev
#6 8.111   libboost-iostreams1.71-dev libboost-iostreams1.71.0 libboost-locale-dev
#6 8.111   libboost-locale1.71-dev libboost-locale1.71.0 libboost-log-dev
#6 8.111   libboost-log1.71-dev libboost-log1.71.0 libboost-math-dev
#6 8.111   libboost-math1.71-dev libboost-math1.71.0 libboost-mpi-dev
#6 8.111   libboost-mpi-python-dev libboost-mpi-python1.71-dev
#6 8.111   libboost-mpi-python1.71.0 libboost-mpi1.71-dev libboost-mpi1.71.0
#6 8.111   libboost-numpy-dev libboost-numpy1.71-dev libboost-numpy1.71.0
#6 8.111   libboost-program-options-dev libboost-program-options1.71-dev
#6 8.111   libboost-program-options1.71.0 libboost-python-dev libboost-python1.71-dev
#6 8.111   libboost-python1.71.0 libboost-random-dev libboost-random1.71-dev
#6 8.111   libboost-random1.71.0 libboost-regex-dev libboost-regex1.71-dev
#6 8.111   libboost-regex1.71.0 libboost-serialization-dev
#6 8.111   libboost-serialization1.71-dev libboost-serialization1.71.0
#6 8.111   libboost-stacktrace-dev libboost-stacktrace1.71-dev
#6 8.111   libboost-stacktrace1.71.0 libboost-system-dev libboost-system1.71-dev
#6 8.111   libboost-system1.71.0 libboost-test-dev libboost-test1.71-dev
#6 8.111   libboost-test1.71.0 libboost-thread-dev libboost-thread1.71-dev
#6 8.111   libboost-thread1.71.0 libboost-timer-dev libboost-timer1.71-dev
#6 8.111   libboost-timer1.71.0 libboost-tools-dev libboost-type-erasure-dev
#6 8.111   libboost-type-erasure1.71-dev libboost-type-erasure1.71.0 libboost-wave-dev
#6 8.111   libboost-wave1.71-dev libboost-wave1.71.0 libboost1.71-dev
#6 8.111   libboost1.71-tools-dev libevent-2.1-7 libevent-core-2.1-7 libevent-dev
#6 8.111   libevent-extra-2.1-7 libevent-openssl-2.1-7 libevent-pthreads-2.1-7
#6 8.113   libexpat1-dev libfabric1 libgcc-8-dev libgfortran-8-dev libgfortran5
#6 8.113   libhwloc-dev libhwloc-plugins libhwloc15 libibverbs-dev libibverbs1
#6 8.113   libicu-dev libjsoncpp1 libltdl-dev libltdl7 libmpx2 libnl-3-200 libnl-3-dev
#6 8.113   libnl-route-3-200 libnl-route-3-dev libnuma-dev libnuma1 libopenmpi-dev
#6 8.113   libopenmpi3 libpciaccess0 libpmix2 libpsm-infinipath1 libpsm2-2
#6 8.113   libpython3-dev libpython3.8 libpython3.8-dev librdmacm1 librhash0
#6 8.113   libsigsegv2 libuv1 libxnvctrl0 m4 mpi-default-bin mpi-default-dev
#6 8.113   ninja-build ocl-icd-libopencl1 openmpi-bin openmpi-common python3-dev
#6 8.114   python3-distutils python3-lib2to3 python3.8-dev zlib1g-dev
#6 8.201 0 upgraded, 161 newly installed, 0 to remove and 0 not upgraded.
#6 8.201 Need to get 91.7 MB of archives.
#6 8.201 After this operation, 570 MB of additional disk space will be used.
#6 8.201 Get:1 http://archive.ubuntu.com/ubuntu focal/main amd64 libsigsegv2 amd64 2.12-2 [13.9 kB]
#6 8.229 Get:2 http://archive.ubuntu.com/ubuntu focal/main amd64 m4 amd64 1.4.18-4 [199 kB]
#6 8.305 Get:3 http://archive.ubuntu.com/ubuntu focal/main amd64 flex amd64 2.6.4-6.2 [317 kB]
#6 8.339 Get:4 http://archive.ubuntu.com/ubuntu focal/main amd64 libnuma1 amd64 2.0.12-1 [20.8 kB]
#6 8.340 Get:5 http://archive.ubuntu.com/ubuntu focal-updates/main amd64 libuv1 amd64 1.34.2-1ubuntu1.3 [80.8 kB]
#6 8.346 Get:6 http://archive.ubuntu.com/ubuntu focal/main amd64 autoconf all 2.69-11.1 [321 kB]
#6 8.370 Get:7 http://archive.ubuntu.com/ubuntu focal/main amd64 autotools-dev all 20180224.1 [39.6 kB]
#6 8.373 Get:8 http://archive.ubuntu.com/ubuntu focal/main amd64 automake all 1:1.16.1-4ubuntu6 [522 kB]
#6 8.418 Get:9 http://archive.ubuntu.com/ubuntu focal/main amd64 bison amd64 2:3.5.1+dfsg-1 [657 kB]
#6 8.476 Get:10 http://archive.ubuntu.com/ubuntu focal/main amd64 cmake-data all 3.16.3-1ubuntu1 [1612 kB]
#6 8.644 Get:11 http://archive.ubuntu.com/ubuntu focal-updates/main amd64 libarchive13 amd64 3.4.0-2ubuntu1.1 [327 kB]
#6 8.670 Get:12 http://archive.ubuntu.com/ubuntu focal/main amd64 libjsoncpp1 amd64 1.7.4-3.1ubuntu2 [75.6 kB]
#6 8.675 Get:13 http://archive.ubuntu.com/ubuntu focal/main amd64 librhash0 amd64 1.3.9-1 [113 kB]
#6 8.684 Get:14 http://archive.ubuntu.com/ubuntu focal/main amd64 cmake amd64 3.16.3-1ubuntu1 [3669 kB]
#6 8.957 Get:15 http://archive.ubuntu.com/ubuntu focal/universe amd64 gcc-8-base amd64 8.4.0-3ubuntu2 [18.7 kB]
#6 8.958 Get:16 http://archive.ubuntu.com/ubuntu focal/universe amd64 cpp-8 amd64 8.4.0-3ubuntu2 [8945 kB]
#6 9.628 Get:17 http://archive.ubuntu.com/ubuntu focal/universe amd64 libmpx2 amd64 8.4.0-3ubuntu2 [11.8 kB]
#6 9.629 Get:18 http://archive.ubuntu.com/ubuntu focal/universe amd64 libgcc-8-dev amd64 8.4.0-3ubuntu2 [2313 kB]
#6 9.801 Get:19 http://archive.ubuntu.com/ubuntu focal/universe amd64 gcc-8 amd64 8.4.0-3ubuntu2 [9833 kB]
#6 10.59 Get:20 http://archive.ubuntu.com/ubuntu focal-updates/main amd64 libgfortran5 amd64 10.3.0-1ubuntu1~20.04 [736 kB]
#6 10.61 Get:21 http://archive.ubuntu.com/ubuntu focal/universe amd64 libgfortran-8-dev amd64 8.4.0-3ubuntu2 [625 kB]
#6 10.64 Get:22 http://archive.ubuntu.com/ubuntu focal/universe amd64 gfortran-8 amd64 8.4.0-3ubuntu2 [9424 kB]
#6 11.34 Get:23 http://archive.ubuntu.com/ubuntu focal/main amd64 libnl-3-200 amd64 3.4.0-1 [53.9 kB]
#6 11.39 Get:24 http://archive.ubuntu.com/ubuntu focal/main amd64 libnl-route-3-200 amd64 3.4.0-1 [149 kB]
#6 11.39 Get:25 http://archive.ubuntu.com/ubuntu focal/main amd64 libibverbs1 amd64 28.0-1ubuntu1 [53.6 kB]
#6 11.39 Get:26 http://archive.ubuntu.com/ubuntu focal/main amd64 ibverbs-providers amd64 28.0-1ubuntu1 [232 kB]
#6 11.40 Get:27 http://archive.ubuntu.com/ubuntu focal-updates/main amd64 icu-devtools amd64 66.1-2ubuntu2.1 [189 kB]
#6 11.40 Get:28 http://archive.ubuntu.com/ubuntu focal/main amd64 libboost1.71-dev amd64 1.71.0-6ubuntu6 [9068 kB]
#6 12.07 Get:29 http://archive.ubuntu.com/ubuntu focal/main amd64 libboost-dev amd64 1.71.0.0ubuntu2 [3596 B]
#6 12.07 Get:30 http://archive.ubuntu.com/ubuntu focal/main amd64 libboost1.71-tools-dev amd64 1.71.0-6ubuntu6 [1414 kB]
#6 12.18 Get:31 http://archive.ubuntu.com/ubuntu focal/universe amd64 libboost-tools-dev amd64 1.71.0.0ubuntu2 [3560 B]
#6 12.18 Get:32 http://archive.ubuntu.com/ubuntu focal/main amd64 libboost-atomic1.71.0 amd64 1.71.0-6ubuntu6 [205 kB]
#6 12.19 Get:33 http://archive.ubuntu.com/ubuntu focal/main amd64 libboost-atomic1.71-dev amd64 1.71.0-6ubuntu6 [205 kB]
#6 12.21 Get:34 http://archive.ubuntu.com/ubuntu focal/universe amd64 libboost-atomic-dev amd64 1.71.0.0ubuntu2 [3704 B]
#6 12.21 Get:35 http://archive.ubuntu.com/ubuntu focal/main amd64 libboost-chrono1.71.0 amd64 1.71.0-6ubuntu6 [217 kB]
#6 12.22 Get:36 http://archive.ubuntu.com/ubuntu focal/main amd64 libboost-chrono1.71-dev amd64 1.71.0-6ubuntu6 [225 kB]
#6 12.24 Get:37 http://archive.ubuntu.com/ubuntu focal/universe amd64 libboost-chrono-dev amd64 1.71.0.0ubuntu2 [4016 B]
#6 12.24 Get:38 http://archive.ubuntu.com/ubuntu focal/universe amd64 libboost-container1.71.0 amd64 1.71.0-6ubuntu6 [233 kB]
#6 12.26 Get:39 http://archive.ubuntu.com/ubuntu focal/universe amd64 libboost-container1.71-dev amd64 1.71.0-6ubuntu6 [236 kB]
#6 12.28 Get:40 http://archive.ubuntu.com/ubuntu focal/universe amd64 libboost-container-dev amd64 1.71.0.0ubuntu2 [3868 B]
#6 12.28 Get:41 http://archive.ubuntu.com/ubuntu focal/main amd64 libboost-date-time1.71.0 amd64 1.71.0-6ubuntu6 [219 kB]
#6 12.29 Get:42 http://archive.ubuntu.com/ubuntu focal/main amd64 libboost-serialization1.71.0 amd64 1.71.0-6ubuntu6 [302 kB]
#6 12.32 Get:43 http://archive.ubuntu.com/ubuntu focal/main amd64 libboost-serialization1.71-dev amd64 1.71.0-6ubuntu6 [344 kB]
#6 12.34 Get:44 http://archive.ubuntu.com/ubuntu focal/main amd64 libboost-date-time1.71-dev amd64 1.71.0-6ubuntu6 [228 kB]
#6 12.36 Get:45 http://archive.ubuntu.com/ubuntu focal/main amd64 libboost-system1.71.0 amd64 1.71.0-6ubuntu6 [205 kB]
#6 12.37 Get:46 http://archive.ubuntu.com/ubuntu focal/main amd64 libboost-system1.71-dev amd64 1.71.0-6ubuntu6 [205 kB]
#6 12.39 Get:47 http://archive.ubuntu.com/ubuntu focal/main amd64 libboost-thread1.71.0 amd64 1.71.0-6ubuntu6 [249 kB]
#6 12.41 Get:48 http://archive.ubuntu.com/ubuntu focal/main amd64 libboost-thread1.71-dev amd64 1.71.0-6ubuntu6 [258 kB]
#6 12.43 Get:49 http://archive.ubuntu.com/ubuntu focal/main amd64 libboost-context1.71.0 amd64 1.71.0-6ubuntu6 [207 kB]
#6 12.44 Get:50 http://archive.ubuntu.com/ubuntu focal/universe amd64 libboost-context1.71-dev amd64 1.71.0-6ubuntu6 [208 kB]
#6 12.46 Get:51 http://archive.ubuntu.com/ubuntu focal/universe amd64 libboost-context-dev amd64 1.71.0.0ubuntu2 [3584 B]
#6 12.46 Get:52 http://archive.ubuntu.com/ubuntu focal/universe amd64 libboost-coroutine1.71.0 amd64 1.71.0-6ubuntu6 [219 kB]
#6 12.47 Get:53 http://archive.ubuntu.com/ubuntu focal/universe amd64 libboost-coroutine1.71-dev amd64 1.71.0-6ubuntu6 [227 kB]
#6 12.49 Get:54 http://archive.ubuntu.com/ubuntu focal/universe amd64 libboost-coroutine-dev amd64 1.71.0.0ubuntu2 [3660 B]
#6 12.49 Get:55 http://archive.ubuntu.com/ubuntu focal/universe amd64 libboost-date-time-dev amd64 1.71.0.0ubuntu2 [3396 B]
#6 12.49 Get:56 http://archive.ubuntu.com/ubuntu focal/universe amd64 libboost-exception1.71-dev amd64 1.71.0-6ubuntu6 [203 kB]
#6 12.51 Get:57 http://archive.ubuntu.com/ubuntu focal/universe amd64 libboost-exception-dev amd64 1.71.0.0ubuntu2 [3384 B]
#6 12.51 Get:58 http://archive.ubuntu.com/ubuntu focal/main amd64 libboost-filesystem1.71.0 amd64 1.71.0-6ubuntu6 [242 kB]
#6 12.53 Get:59 http://archive.ubuntu.com/ubuntu focal/main amd64 libboost-filesystem1.71-dev amd64 1.71.0-6ubuntu6 [258 kB]
#6 12.55 Get:60 http://archive.ubuntu.com/ubuntu focal/universe amd64 libboost-fiber1.71.0 amd64 1.71.0-6ubuntu6 [226 kB]
#6 12.56 Get:61 http://archive.ubuntu.com/ubuntu focal/universe amd64 libboost-fiber1.71-dev amd64 1.71.0-6ubuntu6 [237 kB]
#6 12.58 Get:62 http://archive.ubuntu.com/ubuntu focal/universe amd64 libboost-fiber-dev amd64 1.71.0.0ubuntu2 [3824 B]
#6 12.58 Get:63 http://archive.ubuntu.com/ubuntu focal/main amd64 libboost-filesystem-dev amd64 1.71.0.0ubuntu2 [3420 B]
#6 12.58 Get:64 http://archive.ubuntu.com/ubuntu focal/universe amd64 libboost-regex1.71.0 amd64 1.71.0-6ubuntu6 [471 kB]
#6 12.62 Get:65 http://archive.ubuntu.com/ubuntu focal/universe amd64 libboost-graph1.71.0 amd64 1.71.0-6ubuntu6 [297 kB]
#6 12.64 Get:66 http://archive.ubuntu.com/ubuntu focal-updates/main amd64 libicu-dev amd64 66.1-2ubuntu2.1 [9451 kB]
#6 13.35 Get:67 http://archive.ubuntu.com/ubuntu focal/universe amd64 libboost-regex1.71-dev amd64 1.71.0-6ubuntu6 [557 kB]
#6 13.39 Get:68 http://archive.ubuntu.com/ubuntu focal/universe amd64 libboost-test1.71.0 amd64 1.71.0-6ubuntu6 [437 kB]
#6 13.42 Get:69 http://archive.ubuntu.com/ubuntu focal/universe amd64 libboost-test1.71-dev amd64 1.71.0-6ubuntu6 [513 kB]
#6 13.46 Get:70 http://archive.ubuntu.com/ubuntu focal/universe amd64 libboost-graph1.71-dev amd64 1.71.0-6ubuntu6 [317 kB]
#6 13.48 Get:71 http://archive.ubuntu.com/ubuntu focal/universe amd64 libboost-graph-dev amd64 1.71.0.0ubuntu2 [3500 B]
#6 13.48 Get:72 http://archive.ubuntu.com/ubuntu focal/main amd64 libevent-2.1-7 amd64 2.1.11-stable-1 [138 kB]
#6 13.49 Get:73 http://archive.ubuntu.com/ubuntu focal/main amd64 libevent-core-2.1-7 amd64 2.1.11-stable-1 [89.1 kB]
#6 13.50 Get:74 http://archive.ubuntu.com/ubuntu focal/main amd64 libevent-pthreads-2.1-7 amd64 2.1.11-stable-1 [7372 B]
#6 13.50 Get:75 http://archive.ubuntu.com/ubuntu focal/universe amd64 libpsm-infinipath1 amd64 3.3+20.604758e7-6 [168 kB]
#6 13.51 Get:76 http://archive.ubuntu.com/ubuntu focal/universe amd64 libpsm2-2 amd64 11.2.86-1 [178 kB]
#6 13.52 Get:77 http://archive.ubuntu.com/ubuntu focal/main amd64 librdmacm1 amd64 28.0-1ubuntu1 [64.9 kB]
#6 13.53 Get:78 http://archive.ubuntu.com/ubuntu focal/universe amd64 libfabric1 amd64 1.6.2-3 [396 kB]
#6 13.56 Get:79 http://archive.ubuntu.com/ubuntu focal/main amd64 libltdl7 amd64 2.4.6-14 [38.5 kB]
#6 13.56 Get:80 http://archive.ubuntu.com/ubuntu focal/universe amd64 libhwloc15 amd64 2.1.0+dfsg-4 [134 kB]
#6 13.57 Get:81 http://archive.ubuntu.com/ubuntu focal/main amd64 libpciaccess0 amd64 0.16-0ubuntu1 [17.9 kB]
#6 13.57 Get:82 http://archive.ubuntu.com/ubuntu focal-updates/main amd64 libxnvctrl0 amd64 470.57.01-0ubuntu0.20.04.3 [10.9 kB]
#6 13.57 Get:83 http://archive.ubuntu.com/ubuntu focal/main amd64 ocl-icd-libopencl1 amd64 2.2.11-1ubuntu1 [30.3 kB]
#6 13.58 Get:84 http://archive.ubuntu.com/ubuntu focal/universe amd64 libhwloc-plugins amd64 2.1.0+dfsg-4 [14.4 kB]
#6 13.58 Get:85 http://archive.ubuntu.com/ubuntu focal/universe amd64 libpmix2 amd64 3.1.5-1 [442 kB]
#6 13.61 Get:86 http://archive.ubuntu.com/ubuntu focal/universe amd64 libopenmpi3 amd64 4.0.3-0ubuntu1 [1978 kB]
#6 13.76 Get:87 http://archive.ubuntu.com/ubuntu focal/universe amd64 libboost-mpi1.71.0 amd64 1.71.0-6ubuntu6 [257 kB]
#6 13.78 Get:88 http://archive.ubuntu.com/ubuntu focal/universe amd64 libboost-graph-parallel1.71.0 amd64 1.71.0-6ubuntu6 [267 kB]
#6 13.80 Get:89 http://archive.ubuntu.com/ubuntu focal/universe amd64 libboost-graph-parallel1.71-dev amd64 1.71.0-6ubuntu6 [271 kB]
#6 13.82 Get:90 http://archive.ubuntu.com/ubuntu focal/universe amd64 libboost-graph-parallel-dev amd64 1.71.0.0ubuntu2 [3520 B]
#6 13.82 Get:91 http://archive.ubuntu.com/ubuntu focal/main amd64 libboost-iostreams1.71.0 amd64 1.71.0-6ubuntu6 [237 kB]
#6 13.84 Get:92 http://archive.ubuntu.com/ubuntu focal/universe amd64 libboost-iostreams1.71-dev amd64 1.71.0-6ubuntu6 [246 kB]
#6 13.85 Get:93 http://archive.ubuntu.com/ubuntu focal/universe amd64 libboost-iostreams-dev amd64 1.71.0.0ubuntu2 [3380 B]
#6 13.85 Get:94 http://archive.ubuntu.com/ubuntu focal/main amd64 libboost-locale1.71.0 amd64 1.71.0-6ubuntu6 [430 kB]
#6 13.89 Get:95 http://archive.ubuntu.com/ubuntu focal/universe amd64 libboost-locale1.71-dev amd64 1.71.0-6ubuntu6 [548 kB]
#6 13.93 Get:96 http://archive.ubuntu.com/ubuntu focal/universe amd64 libboost-locale-dev amd64 1.71.0.0ubuntu2 [3708 B]
#6 13.93 Get:97 http://archive.ubuntu.com/ubuntu focal/universe amd64 libboost-log1.71.0 amd64 1.71.0-6ubuntu6 [612 kB]
#6 13.97 Get:98 http://archive.ubuntu.com/ubuntu focal/universe amd64 libboost-log1.71-dev amd64 1.71.0-6ubuntu6 [835 kB]
#6 14.04 Get:99 http://archive.ubuntu.com/ubuntu focal/universe amd64 libboost-log-dev amd64 1.71.0.0ubuntu2 [3592 B]
#6 14.04 Get:100 http://archive.ubuntu.com/ubuntu focal/universe amd64 libboost-math1.71.0 amd64 1.71.0-6ubuntu6 [492 kB]
#6 14.07 Get:101 http://archive.ubuntu.com/ubuntu focal/universe amd64 libboost-math1.71-dev amd64 1.71.0-6ubuntu6 [757 kB]
#6 14.18 Get:102 http://archive.ubuntu.com/ubuntu focal/universe amd64 libboost-math-dev amd64 1.71.0.0ubuntu2 [3580 B]
#6 14.21 Get:103 http://archive.ubuntu.com/ubuntu focal/universe amd64 openmpi-common all 4.0.3-0ubuntu1 [151 kB]
#6 14.28 Get:104 http://archive.ubuntu.com/ubuntu focal/main amd64 libnl-3-dev amd64 3.4.0-1 [92.2 kB]
#6 14.30 Get:105 http://archive.ubuntu.com/ubuntu focal/main amd64 libnl-route-3-dev amd64 3.4.0-1 [166 kB]
#6 14.32 Get:106 http://archive.ubuntu.com/ubuntu focal/main amd64 libibverbs-dev amd64 28.0-1ubuntu1 [444 kB]
#6 14.36 Get:107 http://archive.ubuntu.com/ubuntu focal/main amd64 libnuma-dev amd64 2.0.12-1 [32.4 kB]
#6 14.36 Get:108 http://archive.ubuntu.com/ubuntu focal/main amd64 libltdl-dev amd64 2.4.6-14 [162 kB]
#6 14.37 Get:109 http://archive.ubuntu.com/ubuntu focal/universe amd64 libhwloc-dev amd64 2.1.0+dfsg-4 [205 kB]
#6 14.39 Get:110 http://archive.ubuntu.com/ubuntu focal/main amd64 libevent-extra-2.1-7 amd64 2.1.11-stable-1 [60.0 kB]
#6 14.39 Get:111 http://archive.ubuntu.com/ubuntu focal/main amd64 libevent-openssl-2.1-7 amd64 2.1.11-stable-1 [14.3 kB]
#6 14.39 Get:112 http://archive.ubuntu.com/ubuntu focal/main amd64 libevent-dev amd64 2.1.11-stable-1 [261 kB]
#6 14.41 Get:113 http://archive.ubuntu.com/ubuntu focal/universe amd64 openmpi-bin amd64 4.0.3-0ubuntu1 [67.4 kB]
#6 14.42 Get:114 http://archive.ubuntu.com/ubuntu focal/universe amd64 libopenmpi-dev amd64 4.0.3-0ubuntu1 [798 kB]
#6 14.47 Get:115 http://archive.ubuntu.com/ubuntu focal/universe amd64 mpi-default-dev amd64 1.13 [3748 B]
#6 14.48 Get:116 http://archive.ubuntu.com/ubuntu focal/universe amd64 libboost-mpi1.71-dev amd64 1.71.0-6ubuntu6 [384 kB]
#6 14.50 Get:117 http://archive.ubuntu.com/ubuntu focal/universe amd64 libboost-mpi-dev amd64 1.71.0.0ubuntu2 [3480 B]
#6 14.50 Get:118 http://archive.ubuntu.com/ubuntu focal/main amd64 libboost-python1.71.0 amd64 1.71.0-6ubuntu6 [278 kB]
#6 14.52 Get:119 http://archive.ubuntu.com/ubuntu focal/universe amd64 mpi-default-bin amd64 1.13 [2968 B]
#6 14.52 Get:120 http://archive.ubuntu.com/ubuntu focal/universe amd64 libboost-mpi-python1.71.0 amd64 1.71.0-6ubuntu6 [347 kB]
#6 14.55 Get:121 http://archive.ubuntu.com/ubuntu focal/universe amd64 libboost-mpi-python1.71-dev amd64 1.71.0-6ubuntu6 [225 kB]
#6 14.57 Get:122 http://archive.ubuntu.com/ubuntu focal/universe amd64 libboost-mpi-python-dev amd64 1.71.0.0ubuntu2 [3512 B]
#6 14.57 Get:123 http://archive.ubuntu.com/ubuntu focal/universe amd64 libboost-numpy1.71.0 amd64 1.71.0-6ubuntu6 [214 kB]
#6 14.58 Get:124 http://archive.ubuntu.com/ubuntu focal/universe amd64 libboost-numpy1.71-dev amd64 1.71.0-6ubuntu6 [218 kB]
#6 14.60 Get:125 http://archive.ubuntu.com/ubuntu focal/universe amd64 libboost-numpy-dev amd64 1.71.0.0ubuntu2 [3424 B]
#6 14.60 Get:126 http://archive.ubuntu.com/ubuntu focal/main amd64 libboost-program-options1.71.0 amd64 1.71.0-6ubuntu6 [342 kB]
#6 14.63 Get:127 http://archive.ubuntu.com/ubuntu focal/main amd64 libboost-program-options1.71-dev amd64 1.71.0-6ubuntu6 [374 kB]
#6 14.65 Get:128 http://archive.ubuntu.com/ubuntu focal/main amd64 libboost-program-options-dev amd64 1.71.0.0ubuntu2 [3408 B]
#6 14.65 Get:129 http://archive.ubuntu.com/ubuntu focal-updates/main amd64 libpython3.8 amd64 3.8.10-0ubuntu1~20.04.2 [1625 kB]
#6 14.77 Get:130 http://archive.ubuntu.com/ubuntu focal/main amd64 libexpat1-dev amd64 2.2.9-1build1 [116 kB]
#6 14.78 Get:131 http://archive.ubuntu.com/ubuntu focal-updates/main amd64 libpython3.8-dev amd64 3.8.10-0ubuntu1~20.04.2 [3950 kB]
#6 15.08 Get:132 http://archive.ubuntu.com/ubuntu focal/main amd64 libpython3-dev amd64 3.8.2-0ubuntu2 [7236 B]
#6 15.08 Get:133 http://archive.ubuntu.com/ubuntu focal-updates/main amd64 zlib1g-dev amd64 1:1.2.11.dfsg-2ubuntu1.2 [155 kB]
#6 15.09 Get:134 http://archive.ubuntu.com/ubuntu focal-updates/main amd64 python3.8-dev amd64 3.8.10-0ubuntu1~20.04.2 [510 kB]
#6 15.13 Get:135 http://archive.ubuntu.com/ubuntu focal-updates/main amd64 python3-lib2to3 all 3.8.10-0ubuntu1~20.04 [76.3 kB]
#6 15.13 Get:136 http://archive.ubuntu.com/ubuntu focal-updates/main amd64 python3-distutils all 3.8.10-0ubuntu1~20.04 [141 kB]
#6 15.14 Get:137 http://archive.ubuntu.com/ubuntu focal/main amd64 python3-dev amd64 3.8.2-0ubuntu2 [1212 B]
#6 15.15 Get:138 http://archive.ubuntu.com/ubuntu focal/universe amd64 libboost-python1.71-dev amd64 1.71.0-6ubuntu6 [300 kB]
#6 15.17 Get:139 http://archive.ubuntu.com/ubuntu focal/universe amd64 libboost-python-dev amd64 1.71.0.0ubuntu2 [3688 B]
#6 15.17 Get:140 http://archive.ubuntu.com/ubuntu focal/universe amd64 libboost-random1.71.0 amd64 1.71.0-6ubuntu6 [216 kB]
#6 15.18 Get:141 http://archive.ubuntu.com/ubuntu focal/universe amd64 libboost-random1.71-dev amd64 1.71.0-6ubuntu6 [217 kB]
#6 15.20 Get:142 http://archive.ubuntu.com/ubuntu focal/universe amd64 libboost-random-dev amd64 1.71.0.0ubuntu2 [3388 B]
#6 15.20 Get:143 http://archive.ubuntu.com/ubuntu focal/universe amd64 libboost-regex-dev amd64 1.71.0.0ubuntu2 [3656 B]
#6 15.20 Get:144 http://archive.ubuntu.com/ubuntu focal/universe amd64 libboost-serialization-dev amd64 1.71.0.0ubuntu2 [3612 B]
#6 15.20 Get:145 http://archive.ubuntu.com/ubuntu focal/universe amd64 libboost-stacktrace1.71.0 amd64 1.71.0-6ubuntu6 [239 kB]
#6 15.22 Get:146 http://archive.ubuntu.com/ubuntu focal/universe amd64 libboost-stacktrace1.71-dev amd64 1.71.0-6ubuntu6 [217 kB]
#6 15.23 Get:147 http://archive.ubuntu.com/ubuntu focal/universe amd64 libboost-stacktrace-dev amd64 1.71.0.0ubuntu2 [3392 B]
#6 15.23 Get:148 http://archive.ubuntu.com/ubuntu focal/main amd64 libboost-system-dev amd64 1.71.0.0ubuntu2 [3536 B]
#6 15.24 Get:149 http://archive.ubuntu.com/ubuntu focal/universe amd64 libboost-test-dev amd64 1.71.0.0ubuntu2 [3424 B]
#6 15.24 Get:150 http://archive.ubuntu.com/ubuntu focal/main amd64 libboost-thread-dev amd64 1.71.0.0ubuntu2 [3416 B]
#6 15.26 Get:151 http://archive.ubuntu.com/ubuntu focal/universe amd64 libboost-timer1.71.0 amd64 1.71.0-6ubuntu6 [213 kB]
#6 15.27 Get:152 http://archive.ubuntu.com/ubuntu focal/universe amd64 libboost-timer1.71-dev amd64 1.71.0-6ubuntu6 [215 kB]
#6 15.29 Get:153 http://archive.ubuntu.com/ubuntu focal/universe amd64 libboost-timer-dev amd64 1.71.0.0ubuntu2 [3516 B]
#6 15.29 Get:154 http://archive.ubuntu.com/ubuntu focal/universe amd64 libboost-type-erasure1.71.0 amd64 1.71.0-6ubuntu6 [222 kB]
#6 15.31 Get:155 http://archive.ubuntu.com/ubuntu focal/universe amd64 libboost-type-erasure1.71-dev amd64 1.71.0-6ubuntu6 [225 kB]
#6 15.32 Get:156 http://archive.ubuntu.com/ubuntu focal/universe amd64 libboost-type-erasure-dev amd64 1.71.0.0ubuntu2 [3488 B]
#6 15.32 Get:157 http://archive.ubuntu.com/ubuntu focal/universe amd64 libboost-wave1.71.0 amd64 1.71.0-6ubuntu6 [394 kB]
#6 15.35 Get:158 http://archive.ubuntu.com/ubuntu focal/universe amd64 libboost-wave1.71-dev amd64 1.71.0-6ubuntu6 [450 kB]
#6 15.39 Get:159 http://archive.ubuntu.com/ubuntu focal/universe amd64 libboost-wave-dev amd64 1.71.0.0ubuntu2 [3420 B]
#6 15.39 Get:160 http://archive.ubuntu.com/ubuntu focal/universe amd64 libboost-all-dev amd64 1.71.0.0ubuntu2 [2468 B]
#6 15.39 Get:161 http://archive.ubuntu.com/ubuntu focal/universe amd64 ninja-build amd64 1.10.0-1build1 [107 kB]
#6 15.65 debconf: delaying package configuration, since apt-utils is not installed
#6 15.73 Fetched 91.7 MB in 7s (12.6 MB/s)
#6 15.83 Selecting previously unselected package libsigsegv2:amd64.
#6 15.83 (Reading database ... (Reading database ... 5%(Reading database ... 10%(Reading database ... 15%(Reading database ... 20%(Reading database ... 25%(Reading database ... 30%(Reading database ... 35%(Reading database ... 40%(Reading database ... 45%(Reading database ... 50%(Reading database ... 55%(Reading database ... 60%(Reading database ... 65%(Reading database ... 70%(Reading database ... 75%(Reading database ... 80%(Reading database ... 85%(Reading database ... 90%(Reading database ... 95%(Reading database ... 100%(Reading database ... 21291 files and directories currently installed.)
#6 15.85 Preparing to unpack .../000-libsigsegv2_2.12-2_amd64.deb ...
#6 15.90 Unpacking libsigsegv2:amd64 (2.12-2) ...
#6 16.00 Selecting previously unselected package m4.
#6 16.00 Preparing to unpack .../001-m4_1.4.18-4_amd64.deb ...
#6 16.03 Unpacking m4 (1.4.18-4) ...
#6 16.17 Selecting previously unselected package flex.
#6 16.17 Preparing to unpack .../002-flex_2.6.4-6.2_amd64.deb ...
#6 16.18 Unpacking flex (2.6.4-6.2) ...
#6 16.28 Selecting previously unselected package libnuma1:amd64.
#6 16.29 Preparing to unpack .../003-libnuma1_2.0.12-1_amd64.deb ...
#6 16.29 Unpacking libnuma1:amd64 (2.0.12-1) ...
#6 16.36 Selecting previously unselected package libuv1:amd64.
#6 16.37 Preparing to unpack .../004-libuv1_1.34.2-1ubuntu1.3_amd64.deb ...
#6 16.37 Unpacking libuv1:amd64 (1.34.2-1ubuntu1.3) ...
#6 16.43 Selecting previously unselected package autoconf.
#6 16.44 Preparing to unpack .../005-autoconf_2.69-11.1_all.deb ...
#6 16.44 Unpacking autoconf (2.69-11.1) ...
#6 16.56 Selecting previously unselected package autotools-dev.
#6 16.57 Preparing to unpack .../006-autotools-dev_20180224.1_all.deb ...
#6 16.58 Unpacking autotools-dev (20180224.1) ...
#6 16.66 Selecting previously unselected package automake.
#6 16.66 Preparing to unpack .../007-automake_1%3a1.16.1-4ubuntu6_all.deb ...
#6 16.67 Unpacking automake (1:1.16.1-4ubuntu6) ...
#6 16.78 Selecting previously unselected package bison.
#6 16.78 Preparing to unpack .../008-bison_2%3a3.5.1+dfsg-1_amd64.deb ...
#6 16.78 Unpacking bison (2:3.5.1+dfsg-1) ...
#6 17.49 Selecting previously unselected package cmake-data.
#6 17.49 Preparing to unpack .../009-cmake-data_3.16.3-1ubuntu1_all.deb ...
#6 17.50 Unpacking cmake-data (3.16.3-1ubuntu1) ...
#6 18.26 Selecting previously unselected package libarchive13:amd64.
#6 18.26 Preparing to unpack .../010-libarchive13_3.4.0-2ubuntu1.1_amd64.deb ...
#6 18.26 Unpacking libarchive13:amd64 (3.4.0-2ubuntu1.1) ...
#6 18.35 Selecting previously unselected package libjsoncpp1:amd64.
#6 18.35 Preparing to unpack .../011-libjsoncpp1_1.7.4-3.1ubuntu2_amd64.deb ...
#6 18.35 Unpacking libjsoncpp1:amd64 (1.7.4-3.1ubuntu2) ...
#6 18.41 Selecting previously unselected package librhash0:amd64.
#6 18.41 Preparing to unpack .../012-librhash0_1.3.9-1_amd64.deb ...
#6 18.41 Unpacking librhash0:amd64 (1.3.9-1) ...
#6 18.47 Selecting previously unselected package cmake.
#6 18.47 Preparing to unpack .../013-cmake_3.16.3-1ubuntu1_amd64.deb ...
#6 18.48 Unpacking cmake (3.16.3-1ubuntu1) ...
#6 18.91 Selecting previously unselected package gcc-8-base:amd64.
#6 18.92 Preparing to unpack .../014-gcc-8-base_8.4.0-3ubuntu2_amd64.deb ...
#6 18.92 Unpacking gcc-8-base:amd64 (8.4.0-3ubuntu2) ...
#6 18.96 Selecting previously unselected package cpp-8.
#6 18.97 Preparing to unpack .../015-cpp-8_8.4.0-3ubuntu2_amd64.deb ...
#6 18.97 Unpacking cpp-8 (8.4.0-3ubuntu2) ...
#6 19.86 Selecting previously unselected package libmpx2:amd64.
#6 19.86 Preparing to unpack .../016-libmpx2_8.4.0-3ubuntu2_amd64.deb ...
#6 19.87 Unpacking libmpx2:amd64 (8.4.0-3ubuntu2) ...
#6 19.90 Selecting previously unselected package libgcc-8-dev:amd64.
#6 19.90 Preparing to unpack .../017-libgcc-8-dev_8.4.0-3ubuntu2_amd64.deb ...
#6 19.91 Unpacking libgcc-8-dev:amd64 (8.4.0-3ubuntu2) ...
#6 20.17 Selecting previously unselected package gcc-8.
#6 20.17 Preparing to unpack .../018-gcc-8_8.4.0-3ubuntu2_amd64.deb ...
#6 20.18 Unpacking gcc-8 (8.4.0-3ubuntu2) ...
#6 21.15 Selecting previously unselected package libgfortran5:amd64.
#6 21.15 Preparing to unpack .../019-libgfortran5_10.3.0-1ubuntu1~20.04_amd64.deb ...
#6 21.15 Unpacking libgfortran5:amd64 (10.3.0-1ubuntu1~20.04) ...
#6 21.29 Selecting previously unselected package libgfortran-8-dev:amd64.
#6 21.29 Preparing to unpack .../020-libgfortran-8-dev_8.4.0-3ubuntu2_amd64.deb ...
#6 21.30 Unpacking libgfortran-8-dev:amd64 (8.4.0-3ubuntu2) ...
#6 21.43 Selecting previously unselected package gfortran-8.
#6 21.44 Preparing to unpack .../021-gfortran-8_8.4.0-3ubuntu2_amd64.deb ...
#6 21.44 Unpacking gfortran-8 (8.4.0-3ubuntu2) ...
#6 22.41 Selecting previously unselected package libnl-3-200:amd64.
#6 22.42 Preparing to unpack .../022-libnl-3-200_3.4.0-1_amd64.deb ...
#6 22.42 Unpacking libnl-3-200:amd64 (3.4.0-1) ...
#6 22.48 Selecting previously unselected package libnl-route-3-200:amd64.
#6 22.48 Preparing to unpack .../023-libnl-route-3-200_3.4.0-1_amd64.deb ...
#6 22.48 Unpacking libnl-route-3-200:amd64 (3.4.0-1) ...
#6 22.55 Selecting previously unselected package libibverbs1:amd64.
#6 22.55 Preparing to unpack .../024-libibverbs1_28.0-1ubuntu1_amd64.deb ...
#6 22.55 Unpacking libibverbs1:amd64 (28.0-1ubuntu1) ...
#6 22.61 Selecting previously unselected package ibverbs-providers:amd64.
#6 22.61 Preparing to unpack .../025-ibverbs-providers_28.0-1ubuntu1_amd64.deb ...
#6 22.63 Unpacking ibverbs-providers:amd64 (28.0-1ubuntu1) ...
#6 22.71 Selecting previously unselected package icu-devtools.
#6 22.71 Preparing to unpack .../026-icu-devtools_66.1-2ubuntu2.1_amd64.deb ...
#6 22.72 Unpacking icu-devtools (66.1-2ubuntu2.1) ...
#6 22.83 Selecting previously unselected package libboost1.71-dev:amd64.
#6 22.83 Preparing to unpack .../027-libboost1.71-dev_1.71.0-6ubuntu6_amd64.deb ...
#6 22.84 Unpacking libboost1.71-dev:amd64 (1.71.0-6ubuntu6) ...
#6 26.02 Selecting previously unselected package libboost-dev:amd64.
#6 26.03 Preparing to unpack .../028-libboost-dev_1.71.0.0ubuntu2_amd64.deb ...
#6 26.06 Unpacking libboost-dev:amd64 (1.71.0.0ubuntu2) ...
#6 26.19 Selecting previously unselected package libboost1.71-tools-dev.
#6 26.20 Preparing to unpack .../029-libboost1.71-tools-dev_1.71.0-6ubuntu6_amd64.deb ...
#6 26.20 Unpacking libboost1.71-tools-dev (1.71.0-6ubuntu6) ...
#6 26.41 Selecting previously unselected package libboost-tools-dev.
#6 26.41 Preparing to unpack .../030-libboost-tools-dev_1.71.0.0ubuntu2_amd64.deb ...
#6 26.42 Unpacking libboost-tools-dev (1.71.0.0ubuntu2) ...
#6 26.46 Selecting previously unselected package libboost-atomic1.71.0:amd64.
#6 26.46 Preparing to unpack .../031-libboost-atomic1.71.0_1.71.0-6ubuntu6_amd64.deb ...
#6 26.46 Unpacking libboost-atomic1.71.0:amd64 (1.71.0-6ubuntu6) ...
#6 26.53 Selecting previously unselected package libboost-atomic1.71-dev:amd64.
#6 26.54 Preparing to unpack .../032-libboost-atomic1.71-dev_1.71.0-6ubuntu6_amd64.deb ...
#6 26.54 Unpacking libboost-atomic1.71-dev:amd64 (1.71.0-6ubuntu6) ...
#6 26.62 Selecting previously unselected package libboost-atomic-dev:amd64.
#6 26.62 Preparing to unpack .../033-libboost-atomic-dev_1.71.0.0ubuntu2_amd64.deb ...
#6 26.63 Unpacking libboost-atomic-dev:amd64 (1.71.0.0ubuntu2) ...
#6 26.67 Selecting previously unselected package libboost-chrono1.71.0:amd64.
#6 26.67 Preparing to unpack .../034-libboost-chrono1.71.0_1.71.0-6ubuntu6_amd64.deb ...
#6 26.67 Unpacking libboost-chrono1.71.0:amd64 (1.71.0-6ubuntu6) ...
#6 26.75 Selecting previously unselected package libboost-chrono1.71-dev:amd64.
#6 26.75 Preparing to unpack .../035-libboost-chrono1.71-dev_1.71.0-6ubuntu6_amd64.deb ...
#6 26.75 Unpacking libboost-chrono1.71-dev:amd64 (1.71.0-6ubuntu6) ...
#6 26.83 Selecting previously unselected package libboost-chrono-dev:amd64.
#6 26.83 Preparing to unpack .../036-libboost-chrono-dev_1.71.0.0ubuntu2_amd64.deb ...
#6 26.83 Unpacking libboost-chrono-dev:amd64 (1.71.0.0ubuntu2) ...
#6 26.87 Selecting previously unselected package libboost-container1.71.0:amd64.
#6 26.88 Preparing to unpack .../037-libboost-container1.71.0_1.71.0-6ubuntu6_amd64.deb ...
#6 26.88 Unpacking libboost-container1.71.0:amd64 (1.71.0-6ubuntu6) ...
#6 26.95 Selecting previously unselected package libboost-container1.71-dev:amd64.
#6 26.96 Preparing to unpack .../038-libboost-container1.71-dev_1.71.0-6ubuntu6_amd64.deb ...
#6 26.96 Unpacking libboost-container1.71-dev:amd64 (1.71.0-6ubuntu6) ...
#6 27.03 Selecting previously unselected package libboost-container-dev:amd64.
#6 27.04 Preparing to unpack .../039-libboost-container-dev_1.71.0.0ubuntu2_amd64.deb ...
#6 27.04 Unpacking libboost-container-dev:amd64 (1.71.0.0ubuntu2) ...
#6 27.08 Selecting previously unselected package libboost-date-time1.71.0:amd64.
#6 27.09 Preparing to unpack .../040-libboost-date-time1.71.0_1.71.0-6ubuntu6_amd64.deb ...
#6 27.09 Unpacking libboost-date-time1.71.0:amd64 (1.71.0-6ubuntu6) ...
#6 27.17 Selecting previously unselected package libboost-serialization1.71.0:amd64.
#6 27.17 Preparing to unpack .../041-libboost-serialization1.71.0_1.71.0-6ubuntu6_amd64.deb ...
#6 27.17 Unpacking libboost-serialization1.71.0:amd64 (1.71.0-6ubuntu6) ...
#6 27.26 Selecting previously unselected package libboost-serialization1.71-dev:amd64.
#6 27.27 Preparing to unpack .../042-libboost-serialization1.71-dev_1.71.0-6ubuntu6_amd64.deb ...
#6 27.27 Unpacking libboost-serialization1.71-dev:amd64 (1.71.0-6ubuntu6) ...
#6 27.37 Selecting previously unselected package libboost-date-time1.71-dev:amd64.
#6 27.38 Preparing to unpack .../043-libboost-date-time1.71-dev_1.71.0-6ubuntu6_amd64.deb ...
#6 27.38 Unpacking libboost-date-time1.71-dev:amd64 (1.71.0-6ubuntu6) ...
#6 27.79 Selecting previously unselected package libboost-system1.71.0:amd64.
#6 27.79 Preparing to unpack .../044-libboost-system1.71.0_1.71.0-6ubuntu6_amd64.deb ...
#6 27.80 Unpacking libboost-system1.71.0:amd64 (1.71.0-6ubuntu6) ...
#6 27.87 Selecting previously unselected package libboost-system1.71-dev:amd64.
#6 27.88 Preparing to unpack .../045-libboost-system1.71-dev_1.71.0-6ubuntu6_amd64.deb ...
#6 27.88 Unpacking libboost-system1.71-dev:amd64 (1.71.0-6ubuntu6) ...
#6 27.96 Selecting previously unselected package libboost-thread1.71.0:amd64.
#6 27.96 Preparing to unpack .../046-libboost-thread1.71.0_1.71.0-6ubuntu6_amd64.deb ...
#6 27.97 Unpacking libboost-thread1.71.0:amd64 (1.71.0-6ubuntu6) ...
#6 28.04 Selecting previously unselected package libboost-thread1.71-dev:amd64.
#6 28.04 Preparing to unpack .../047-libboost-thread1.71-dev_1.71.0-6ubuntu6_amd64.deb ...
#6 28.05 Unpacking libboost-thread1.71-dev:amd64 (1.71.0-6ubuntu6) ...
#6 28.13 Selecting previously unselected package libboost-context1.71.0:amd64.
#6 28.14 Preparing to unpack .../048-libboost-context1.71.0_1.71.0-6ubuntu6_amd64.deb ...
#6 28.14 Unpacking libboost-context1.71.0:amd64 (1.71.0-6ubuntu6) ...
#6 28.22 Selecting previously unselected package libboost-context1.71-dev:amd64.
#6 28.23 Preparing to unpack .../049-libboost-context1.71-dev_1.71.0-6ubuntu6_amd64.deb ...
#6 28.23 Unpacking libboost-context1.71-dev:amd64 (1.71.0-6ubuntu6) ...
#6 28.31 Selecting previously unselected package libboost-context-dev:amd64.
#6 28.31 Preparing to unpack .../050-libboost-context-dev_1.71.0.0ubuntu2_amd64.deb ...
#6 28.32 Unpacking libboost-context-dev:amd64 (1.71.0.0ubuntu2) ...
#6 28.36 Selecting previously unselected package libboost-coroutine1.71.0:amd64.
#6 28.37 Preparing to unpack .../051-libboost-coroutine1.71.0_1.71.0-6ubuntu6_amd64.deb ...
#6 28.37 Unpacking libboost-coroutine1.71.0:amd64 (1.71.0-6ubuntu6) ...
#6 28.43 Selecting previously unselected package libboost-coroutine1.71-dev:amd64.
#6 28.44 Preparing to unpack .../052-libboost-coroutine1.71-dev_1.71.0-6ubuntu6_amd64.deb ...
#6 28.44 Unpacking libboost-coroutine1.71-dev:amd64 (1.71.0-6ubuntu6) ...
#6 28.52 Selecting previously unselected package libboost-coroutine-dev:amd64.
#6 28.53 Preparing to unpack .../053-libboost-coroutine-dev_1.71.0.0ubuntu2_amd64.deb ...
#6 28.53 Unpacking libboost-coroutine-dev:amd64 (1.71.0.0ubuntu2) ...
#6 28.58 Selecting previously unselected package libboost-date-time-dev:amd64.
#6 28.58 Preparing to unpack .../054-libboost-date-time-dev_1.71.0.0ubuntu2_amd64.deb ...
#6 28.59 Unpacking libboost-date-time-dev:amd64 (1.71.0.0ubuntu2) ...
#6 28.63 Selecting previously unselected package libboost-exception1.71-dev:amd64.
#6 28.64 Preparing to unpack .../055-libboost-exception1.71-dev_1.71.0-6ubuntu6_amd64.deb ...
#6 28.64 Unpacking libboost-exception1.71-dev:amd64 (1.71.0-6ubuntu6) ...
#6 28.73 Selecting previously unselected package libboost-exception-dev:amd64.
#6 28.73 Preparing to unpack .../056-libboost-exception-dev_1.71.0.0ubuntu2_amd64.deb ...
#6 28.74 Unpacking libboost-exception-dev:amd64 (1.71.0.0ubuntu2) ...
#6 28.78 Selecting previously unselected package libboost-filesystem1.71.0:amd64.
#6 28.78 Preparing to unpack .../057-libboost-filesystem1.71.0_1.71.0-6ubuntu6_amd64.deb ...
#6 28.78 Unpacking libboost-filesystem1.71.0:amd64 (1.71.0-6ubuntu6) ...
#6 28.86 Selecting previously unselected package libboost-filesystem1.71-dev:amd64.
#6 28.86 Preparing to unpack .../058-libboost-filesystem1.71-dev_1.71.0-6ubuntu6_amd64.deb ...
#6 28.86 Unpacking libboost-filesystem1.71-dev:amd64 (1.71.0-6ubuntu6) ...
#6 28.94 Selecting previously unselected package libboost-fiber1.71.0:amd64.
#6 28.95 Preparing to unpack .../059-libboost-fiber1.71.0_1.71.0-6ubuntu6_amd64.deb ...
#6 28.95 Unpacking libboost-fiber1.71.0:amd64 (1.71.0-6ubuntu6) ...
#6 29.02 Selecting previously unselected package libboost-fiber1.71-dev:amd64.
#6 29.02 Preparing to unpack .../060-libboost-fiber1.71-dev_1.71.0-6ubuntu6_amd64.deb ...
#6 29.03 Unpacking libboost-fiber1.71-dev:amd64 (1.71.0-6ubuntu6) ...
#6 29.10 Selecting previously unselected package libboost-fiber-dev:amd64.
#6 29.10 Preparing to unpack .../061-libboost-fiber-dev_1.71.0.0ubuntu2_amd64.deb ...
#6 29.11 Unpacking libboost-fiber-dev:amd64 (1.71.0.0ubuntu2) ...
#6 29.14 Selecting previously unselected package libboost-filesystem-dev:amd64.
#6 29.15 Preparing to unpack .../062-libboost-filesystem-dev_1.71.0.0ubuntu2_amd64.deb ...
#6 29.15 Unpacking libboost-filesystem-dev:amd64 (1.71.0.0ubuntu2) ...
#6 29.19 Selecting previously unselected package libboost-regex1.71.0:amd64.
#6 29.20 Preparing to unpack .../063-libboost-regex1.71.0_1.71.0-6ubuntu6_amd64.deb ...
#6 29.20 Unpacking libboost-regex1.71.0:amd64 (1.71.0-6ubuntu6) ...
#6 29.30 Selecting previously unselected package libboost-graph1.71.0:amd64.
#6 29.31 Preparing to unpack .../064-libboost-graph1.71.0_1.71.0-6ubuntu6_amd64.deb ...
#6 29.31 Unpacking libboost-graph1.71.0:amd64 (1.71.0-6ubuntu6) ...
#6 29.39 Selecting previously unselected package libicu-dev:amd64.
#6 29.39 Preparing to unpack .../065-libicu-dev_66.1-2ubuntu2.1_amd64.deb ...
#6 29.40 Unpacking libicu-dev:amd64 (66.1-2ubuntu2.1) ...
#6 30.38 Selecting previously unselected package libboost-regex1.71-dev:amd64.
#6 30.39 Preparing to unpack .../066-libboost-regex1.71-dev_1.71.0-6ubuntu6_amd64.deb ...
#6 30.39 Unpacking libboost-regex1.71-dev:amd64 (1.71.0-6ubuntu6) ...
#6 30.50 Selecting previously unselected package libboost-test1.71.0:amd64.
#6 30.51 Preparing to unpack .../067-libboost-test1.71.0_1.71.0-6ubuntu6_amd64.deb ...
#6 30.51 Unpacking libboost-test1.71.0:amd64 (1.71.0-6ubuntu6) ...
#6 30.60 Selecting previously unselected package libboost-test1.71-dev:amd64.
#6 30.60 Preparing to unpack .../068-libboost-test1.71-dev_1.71.0-6ubuntu6_amd64.deb ...
#6 30.61 Unpacking libboost-test1.71-dev:amd64 (1.71.0-6ubuntu6) ...
#6 30.71 Selecting previously unselected package libboost-graph1.71-dev:amd64.
#6 30.72 Preparing to unpack .../069-libboost-graph1.71-dev_1.71.0-6ubuntu6_amd64.deb ...
#6 30.72 Unpacking libboost-graph1.71-dev:amd64 (1.71.0-6ubuntu6) ...
#6 30.81 Selecting previously unselected package libboost-graph-dev:amd64.
#6 30.81 Preparing to unpack .../070-libboost-graph-dev_1.71.0.0ubuntu2_amd64.deb ...
#6 30.82 Unpacking libboost-graph-dev:amd64 (1.71.0.0ubuntu2) ...
#6 30.87 Selecting previously unselected package libevent-2.1-7:amd64.
#6 30.87 Preparing to unpack .../071-libevent-2.1-7_2.1.11-stable-1_amd64.deb ...
#6 30.88 Unpacking libevent-2.1-7:amd64 (2.1.11-stable-1) ...
#6 30.94 Selecting previously unselected package libevent-core-2.1-7:amd64.
#6 30.94 Preparing to unpack .../072-libevent-core-2.1-7_2.1.11-stable-1_amd64.deb ...
#6 30.94 Unpacking libevent-core-2.1-7:amd64 (2.1.11-stable-1) ...
#6 31.00 Selecting previously unselected package libevent-pthreads-2.1-7:amd64.
#6 31.00 Preparing to unpack .../073-libevent-pthreads-2.1-7_2.1.11-stable-1_amd64.deb ...
#6 31.01 Unpacking libevent-pthreads-2.1-7:amd64 (2.1.11-stable-1) ...
#6 31.06 Selecting previously unselected package libpsm-infinipath1.
#6 31.06 Preparing to unpack .../074-libpsm-infinipath1_3.3+20.604758e7-6_amd64.deb ...
#6 31.07 Unpacking libpsm-infinipath1 (3.3+20.604758e7-6) ...
#6 31.13 Selecting previously unselected package libpsm2-2.
#6 31.13 Preparing to unpack .../075-libpsm2-2_11.2.86-1_amd64.deb ...
#6 31.14 Unpacking libpsm2-2 (11.2.86-1) ...
#6 31.22 Selecting previously unselected package librdmacm1:amd64.
#6 31.22 Preparing to unpack .../076-librdmacm1_28.0-1ubuntu1_amd64.deb ...
#6 31.23 Unpacking librdmacm1:amd64 (28.0-1ubuntu1) ...
#6 31.29 Selecting previously unselected package libfabric1.
#6 31.29 Preparing to unpack .../077-libfabric1_1.6.2-3_amd64.deb ...
#6 31.30 Unpacking libfabric1 (1.6.2-3) ...
#6 31.38 Selecting previously unselected package libltdl7:amd64.
#6 31.39 Preparing to unpack .../078-libltdl7_2.4.6-14_amd64.deb ...
#6 31.39 Unpacking libltdl7:amd64 (2.4.6-14) ...
#6 31.44 Selecting previously unselected package libhwloc15:amd64.
#6 31.44 Preparing to unpack .../079-libhwloc15_2.1.0+dfsg-4_amd64.deb ...
#6 31.45 Unpacking libhwloc15:amd64 (2.1.0+dfsg-4) ...
#6 31.51 Selecting previously unselected package libpciaccess0:amd64.
#6 31.52 Preparing to unpack .../080-libpciaccess0_0.16-0ubuntu1_amd64.deb ...
#6 31.52 Unpacking libpciaccess0:amd64 (0.16-0ubuntu1) ...
#6 31.58 Selecting previously unselected package libxnvctrl0:amd64.
#6 31.58 Preparing to unpack .../081-libxnvctrl0_470.57.01-0ubuntu0.20.04.3_amd64.deb ...
#6 31.59 Unpacking libxnvctrl0:amd64 (470.57.01-0ubuntu0.20.04.3) ...
#6 31.64 Selecting previously unselected package ocl-icd-libopencl1:amd64.
#6 31.64 Preparing to unpack .../082-ocl-icd-libopencl1_2.2.11-1ubuntu1_amd64.deb ...
#6 31.65 Unpacking ocl-icd-libopencl1:amd64 (2.2.11-1ubuntu1) ...
#6 31.69 Selecting previously unselected package libhwloc-plugins:amd64.
#6 31.69 Preparing to unpack .../083-libhwloc-plugins_2.1.0+dfsg-4_amd64.deb ...
#6 31.72 Unpacking libhwloc-plugins:amd64 (2.1.0+dfsg-4) ...
#6 31.78 Selecting previously unselected package libpmix2:amd64.
#6 31.78 Preparing to unpack .../084-libpmix2_3.1.5-1_amd64.deb ...
#6 31.78 Unpacking libpmix2:amd64 (3.1.5-1) ...
#6 31.89 Selecting previously unselected package libopenmpi3:amd64.
#6 31.89 Preparing to unpack .../085-libopenmpi3_4.0.3-0ubuntu1_amd64.deb ...
#6 31.90 Unpacking libopenmpi3:amd64 (4.0.3-0ubuntu1) ...
#6 32.14 Selecting previously unselected package libboost-mpi1.71.0.
#6 32.14 Preparing to unpack .../086-libboost-mpi1.71.0_1.71.0-6ubuntu6_amd64.deb ...
#6 32.15 Unpacking libboost-mpi1.71.0 (1.71.0-6ubuntu6) ...
#6 32.22 Selecting previously unselected package libboost-graph-parallel1.71.0.
#6 32.22 Preparing to unpack .../087-libboost-graph-parallel1.71.0_1.71.0-6ubuntu6_amd64.deb ...
#6 32.23 Unpacking libboost-graph-parallel1.71.0 (1.71.0-6ubuntu6) ...
#6 32.30 Selecting previously unselected package libboost-graph-parallel1.71-dev.
#6 32.30 Preparing to unpack .../088-libboost-graph-parallel1.71-dev_1.71.0-6ubuntu6_amd64.deb ...
#6 32.31 Unpacking libboost-graph-parallel1.71-dev (1.71.0-6ubuntu6) ...
#6 32.39 Selecting previously unselected package libboost-graph-parallel-dev.
#6 32.39 Preparing to unpack .../089-libboost-graph-parallel-dev_1.71.0.0ubuntu2_amd64.deb ...
#6 32.40 Unpacking libboost-graph-parallel-dev (1.71.0.0ubuntu2) ...
#6 32.43 Selecting previously unselected package libboost-iostreams1.71.0:amd64.
#6 32.44 Preparing to unpack .../090-libboost-iostreams1.71.0_1.71.0-6ubuntu6_amd64.deb ...
#6 32.44 Unpacking libboost-iostreams1.71.0:amd64 (1.71.0-6ubuntu6) ...
#6 32.52 Selecting previously unselected package libboost-iostreams1.71-dev:amd64.
#6 32.53 Preparing to unpack .../091-libboost-iostreams1.71-dev_1.71.0-6ubuntu6_amd64.deb ...
#6 32.53 Unpacking libboost-iostreams1.71-dev:amd64 (1.71.0-6ubuntu6) ...
#6 32.62 Selecting previously unselected package libboost-iostreams-dev:amd64.
#6 32.63 Preparing to unpack .../092-libboost-iostreams-dev_1.71.0.0ubuntu2_amd64.deb ...
#6 32.63 Unpacking libboost-iostreams-dev:amd64 (1.71.0.0ubuntu2) ...
#6 32.67 Selecting previously unselected package libboost-locale1.71.0:amd64.
#6 32.67 Preparing to unpack .../093-libboost-locale1.71.0_1.71.0-6ubuntu6_amd64.deb ...
#6 32.68 Unpacking libboost-locale1.71.0:amd64 (1.71.0-6ubuntu6) ...
#6 32.78 Selecting previously unselected package libboost-locale1.71-dev:amd64.
#6 32.78 Preparing to unpack .../094-libboost-locale1.71-dev_1.71.0-6ubuntu6_amd64.deb ...
#6 32.79 Unpacking libboost-locale1.71-dev:amd64 (1.71.0-6ubuntu6) ...
#6 32.91 Selecting previously unselected package libboost-locale-dev:amd64.
#6 32.91 Preparing to unpack .../095-libboost-locale-dev_1.71.0.0ubuntu2_amd64.deb ...
#6 32.92 Unpacking libboost-locale-dev:amd64 (1.71.0.0ubuntu2) ...
#6 32.97 Selecting previously unselected package libboost-log1.71.0.
#6 32.97 Preparing to unpack .../096-libboost-log1.71.0_1.71.0-6ubuntu6_amd64.deb ...
#6 32.97 Unpacking libboost-log1.71.0 (1.71.0-6ubuntu6) ...
#6 33.09 Selecting previously unselected package libboost-log1.71-dev.
#6 33.09 Preparing to unpack .../097-libboost-log1.71-dev_1.71.0-6ubuntu6_amd64.deb ...
#6 33.09 Unpacking libboost-log1.71-dev (1.71.0-6ubuntu6) ...
#6 33.24 Selecting previously unselected package libboost-log-dev.
#6 33.25 Preparing to unpack .../098-libboost-log-dev_1.71.0.0ubuntu2_amd64.deb ...
#6 33.25 Unpacking libboost-log-dev (1.71.0.0ubuntu2) ...
#6 33.30 Selecting previously unselected package libboost-math1.71.0:amd64.
#6 33.30 Preparing to unpack .../099-libboost-math1.71.0_1.71.0-6ubuntu6_amd64.deb ...
#6 33.31 Unpacking libboost-math1.71.0:amd64 (1.71.0-6ubuntu6) ...
#6 33.42 Selecting previously unselected package libboost-math1.71-dev:amd64.
#6 33.42 Preparing to unpack .../100-libboost-math1.71-dev_1.71.0-6ubuntu6_amd64.deb ...
#6 33.43 Unpacking libboost-math1.71-dev:amd64 (1.71.0-6ubuntu6) ...
#6 33.59 Selecting previously unselected package libboost-math-dev:amd64.
#6 33.60 Preparing to unpack .../101-libboost-math-dev_1.71.0.0ubuntu2_amd64.deb ...
#6 33.60 Unpacking libboost-math-dev:amd64 (1.71.0.0ubuntu2) ...
#6 33.64 Selecting previously unselected package openmpi-common.
#6 33.65 Preparing to unpack .../102-openmpi-common_4.0.3-0ubuntu1_all.deb ...
#6 33.65 Unpacking openmpi-common (4.0.3-0ubuntu1) ...
#6 33.72 Selecting previously unselected package libnl-3-dev:amd64.
#6 33.72 Preparing to unpack .../103-libnl-3-dev_3.4.0-1_amd64.deb ...
#6 33.73 Unpacking libnl-3-dev:amd64 (3.4.0-1) ...
#6 33.80 Selecting previously unselected package libnl-route-3-dev:amd64.
#6 33.81 Preparing to unpack .../104-libnl-route-3-dev_3.4.0-1_amd64.deb ...
#6 33.81 Unpacking libnl-route-3-dev:amd64 (3.4.0-1) ...
#6 33.88 Selecting previously unselected package libibverbs-dev:amd64.
#6 33.89 Preparing to unpack .../105-libibverbs-dev_28.0-1ubuntu1_amd64.deb ...
#6 33.89 Unpacking libibverbs-dev:amd64 (28.0-1ubuntu1) ...
#6 33.99 Selecting previously unselected package libnuma-dev:amd64.
#6 33.99 Preparing to unpack .../106-libnuma-dev_2.0.12-1_amd64.deb ...
#6 34.00 Unpacking libnuma-dev:amd64 (2.0.12-1) ...
#6 34.04 Selecting previously unselected package libltdl-dev:amd64.
#6 34.04 Preparing to unpack .../107-libltdl-dev_2.4.6-14_amd64.deb ...
#6 34.05 Unpacking libltdl-dev:amd64 (2.4.6-14) ...
#6 34.12 Selecting previously unselected package libhwloc-dev:amd64.
#6 34.12 Preparing to unpack .../108-libhwloc-dev_2.1.0+dfsg-4_amd64.deb ...
#6 34.13 Unpacking libhwloc-dev:amd64 (2.1.0+dfsg-4) ...
#6 34.21 Selecting previously unselected package libevent-extra-2.1-7:amd64.
#6 34.22 Preparing to unpack .../109-libevent-extra-2.1-7_2.1.11-stable-1_amd64.deb ...
#6 34.22 Unpacking libevent-extra-2.1-7:amd64 (2.1.11-stable-1) ...
#6 34.28 Selecting previously unselected package libevent-openssl-2.1-7:amd64.
#6 34.28 Preparing to unpack .../110-libevent-openssl-2.1-7_2.1.11-stable-1_amd64.deb ...
#6 34.29 Unpacking libevent-openssl-2.1-7:amd64 (2.1.11-stable-1) ...
#6 34.34 Selecting previously unselected package libevent-dev.
#6 34.34 Preparing to unpack .../111-libevent-dev_2.1.11-stable-1_amd64.deb ...
#6 34.34 Unpacking libevent-dev (2.1.11-stable-1) ...
#6 34.43 Selecting previously unselected package openmpi-bin.
#6 34.44 Preparing to unpack .../112-openmpi-bin_4.0.3-0ubuntu1_amd64.deb ...
#6 34.44 Unpacking openmpi-bin (4.0.3-0ubuntu1) ...
#6 34.51 Selecting previously unselected package libopenmpi-dev:amd64.
#6 34.51 Preparing to unpack .../113-libopenmpi-dev_4.0.3-0ubuntu1_amd64.deb ...
#6 34.53 Unpacking libopenmpi-dev:amd64 (4.0.3-0ubuntu1) ...
#6 34.73 Selecting previously unselected package mpi-default-dev.
#6 34.74 Preparing to unpack .../114-mpi-default-dev_1.13_amd64.deb ...
#6 34.74 Unpacking mpi-default-dev (1.13) ...
#6 34.78 Selecting previously unselected package libboost-mpi1.71-dev.
#6 34.78 Preparing to unpack .../115-libboost-mpi1.71-dev_1.71.0-6ubuntu6_amd64.deb ...
#6 34.79 Unpacking libboost-mpi1.71-dev (1.71.0-6ubuntu6) ...
#6 34.89 Selecting previously unselected package libboost-mpi-dev.
#6 34.89 Preparing to unpack .../116-libboost-mpi-dev_1.71.0.0ubuntu2_amd64.deb ...
#6 34.90 Unpacking libboost-mpi-dev (1.71.0.0ubuntu2) ...
#6 34.94 Selecting previously unselected package libboost-python1.71.0.
#6 34.95 Preparing to unpack .../117-libboost-python1.71.0_1.71.0-6ubuntu6_amd64.deb ...
#6 34.95 Unpacking libboost-python1.71.0 (1.71.0-6ubuntu6) ...
#6 35.02 Selecting previously unselected package mpi-default-bin.
#6 35.02 Preparing to unpack .../118-mpi-default-bin_1.13_amd64.deb ...
#6 35.03 Unpacking mpi-default-bin (1.13) ...
#6 35.07 Selecting previously unselected package libboost-mpi-python1.71.0.
#6 35.07 Preparing to unpack .../119-libboost-mpi-python1.71.0_1.71.0-6ubuntu6_amd64.deb ...
#6 35.08 Unpacking libboost-mpi-python1.71.0 (1.71.0-6ubuntu6) ...
#6 35.15 Selecting previously unselected package libboost-mpi-python1.71-dev.
#6 35.16 Preparing to unpack .../120-libboost-mpi-python1.71-dev_1.71.0-6ubuntu6_amd64.deb ...
#6 35.16 Unpacking libboost-mpi-python1.71-dev (1.71.0-6ubuntu6) ...
#6 35.23 Selecting previously unselected package libboost-mpi-python-dev.
#6 35.23 Preparing to unpack .../121-libboost-mpi-python-dev_1.71.0.0ubuntu2_amd64.deb ...
#6 35.24 Unpacking libboost-mpi-python-dev (1.71.0.0ubuntu2) ...
#6 35.27 Selecting previously unselected package libboost-numpy1.71.0.
#6 35.28 Preparing to unpack .../122-libboost-numpy1.71.0_1.71.0-6ubuntu6_amd64.deb ...
#6 35.28 Unpacking libboost-numpy1.71.0 (1.71.0-6ubuntu6) ...
#6 35.35 Selecting previously unselected package libboost-numpy1.71-dev.
#6 35.35 Preparing to unpack .../123-libboost-numpy1.71-dev_1.71.0-6ubuntu6_amd64.deb ...
#6 35.36 Unpacking libboost-numpy1.71-dev (1.71.0-6ubuntu6) ...
#6 35.42 Selecting previously unselected package libboost-numpy-dev.
#6 35.43 Preparing to unpack .../124-libboost-numpy-dev_1.71.0.0ubuntu2_amd64.deb ...
#6 35.43 Unpacking libboost-numpy-dev (1.71.0.0ubuntu2) ...
#6 35.47 Selecting previously unselected package libboost-program-options1.71.0:amd64.
#6 35.48 Preparing to unpack .../125-libboost-program-options1.71.0_1.71.0-6ubuntu6_amd64.deb ...
#6 35.48 Unpacking libboost-program-options1.71.0:amd64 (1.71.0-6ubuntu6) ...
#6 35.56 Selecting previously unselected package libboost-program-options1.71-dev:amd64.
#6 35.56 Preparing to unpack .../126-libboost-program-options1.71-dev_1.71.0-6ubuntu6_amd64.deb ...
#6 35.57 Unpacking libboost-program-options1.71-dev:amd64 (1.71.0-6ubuntu6) ...
#6 35.66 Selecting previously unselected package libboost-program-options-dev:amd64.
#6 35.66 Preparing to unpack .../127-libboost-program-options-dev_1.71.0.0ubuntu2_amd64.deb ...
#6 35.67 Unpacking libboost-program-options-dev:amd64 (1.71.0.0ubuntu2) ...
#6 35.71 Selecting previously unselected package libpython3.8:amd64.
#6 35.72 Preparing to unpack .../128-libpython3.8_3.8.10-0ubuntu1~20.04.2_amd64.deb ...
#6 35.72 Unpacking libpython3.8:amd64 (3.8.10-0ubuntu1~20.04.2) ...
#6 35.92 Selecting previously unselected package libexpat1-dev:amd64.
#6 35.93 Preparing to unpack .../129-libexpat1-dev_2.2.9-1build1_amd64.deb ...
#6 35.93 Unpacking libexpat1-dev:amd64 (2.2.9-1build1) ...
#6 35.99 Selecting previously unselected package libpython3.8-dev:amd64.
#6 35.99 Preparing to unpack .../130-libpython3.8-dev_3.8.10-0ubuntu1~20.04.2_amd64.deb ...
#6 36.00 Unpacking libpython3.8-dev:amd64 (3.8.10-0ubuntu1~20.04.2) ...
#6 36.46 Selecting previously unselected package libpython3-dev:amd64.
#6 36.46 Preparing to unpack .../131-libpython3-dev_3.8.2-0ubuntu2_amd64.deb ...
#6 36.47 Unpacking libpython3-dev:amd64 (3.8.2-0ubuntu2) ...
#6 36.51 Selecting previously unselected package zlib1g-dev:amd64.
#6 36.51 Preparing to unpack .../132-zlib1g-dev_1%3a1.2.11.dfsg-2ubuntu1.2_amd64.deb ...
#6 36.52 Unpacking zlib1g-dev:amd64 (1:1.2.11.dfsg-2ubuntu1.2) ...
#6 36.59 Selecting previously unselected package python3.8-dev.
#6 36.60 Preparing to unpack .../133-python3.8-dev_3.8.10-0ubuntu1~20.04.2_amd64.deb ...
#6 36.60 Unpacking python3.8-dev (3.8.10-0ubuntu1~20.04.2) ...
#6 36.66 Selecting previously unselected package python3-lib2to3.
#6 36.66 Preparing to unpack .../134-python3-lib2to3_3.8.10-0ubuntu1~20.04_all.deb ...
#6 36.67 Unpacking python3-lib2to3 (3.8.10-0ubuntu1~20.04) ...
#6 36.74 Selecting previously unselected package python3-distutils.
#6 36.75 Preparing to unpack .../135-python3-distutils_3.8.10-0ubuntu1~20.04_all.deb ...
#6 36.75 Unpacking python3-distutils (3.8.10-0ubuntu1~20.04) ...
#6 36.82 Selecting previously unselected package python3-dev.
#6 36.83 Preparing to unpack .../136-python3-dev_3.8.2-0ubuntu2_amd64.deb ...
#6 36.83 Unpacking python3-dev (3.8.2-0ubuntu2) ...
#6 36.86 Selecting previously unselected package libboost-python1.71-dev.
#6 36.87 Preparing to unpack .../137-libboost-python1.71-dev_1.71.0-6ubuntu6_amd64.deb ...
#6 36.87 Unpacking libboost-python1.71-dev (1.71.0-6ubuntu6) ...
#6 36.95 Selecting previously unselected package libboost-python-dev.
#6 36.96 Preparing to unpack .../138-libboost-python-dev_1.71.0.0ubuntu2_amd64.deb ...
#6 36.96 Unpacking libboost-python-dev (1.71.0.0ubuntu2) ...
#6 37.00 Selecting previously unselected package libboost-random1.71.0:amd64.
#6 37.00 Preparing to unpack .../139-libboost-random1.71.0_1.71.0-6ubuntu6_amd64.deb ...
#6 37.01 Unpacking libboost-random1.71.0:amd64 (1.71.0-6ubuntu6) ...
#6 37.07 Selecting previously unselected package libboost-random1.71-dev:amd64.
#6 37.08 Preparing to unpack .../140-libboost-random1.71-dev_1.71.0-6ubuntu6_amd64.deb ...
#6 37.08 Unpacking libboost-random1.71-dev:amd64 (1.71.0-6ubuntu6) ...
#6 37.15 Selecting previously unselected package libboost-random-dev:amd64.
#6 37.16 Preparing to unpack .../141-libboost-random-dev_1.71.0.0ubuntu2_amd64.deb ...
#6 37.16 Unpacking libboost-random-dev:amd64 (1.71.0.0ubuntu2) ...
#6 37.19 Selecting previously unselected package libboost-regex-dev:amd64.
#6 37.20 Preparing to unpack .../142-libboost-regex-dev_1.71.0.0ubuntu2_amd64.deb ...
#6 37.20 Unpacking libboost-regex-dev:amd64 (1.71.0.0ubuntu2) ...
#6 37.24 Selecting previously unselected package libboost-serialization-dev:amd64.
#6 37.25 Preparing to unpack .../143-libboost-serialization-dev_1.71.0.0ubuntu2_amd64.deb ...
#6 37.25 Unpacking libboost-serialization-dev:amd64 (1.71.0.0ubuntu2) ...
#6 37.29 Selecting previously unselected package libboost-stacktrace1.71.0:amd64.
#6 37.30 Preparing to unpack .../144-libboost-stacktrace1.71.0_1.71.0-6ubuntu6_amd64.deb ...
#6 37.30 Unpacking libboost-stacktrace1.71.0:amd64 (1.71.0-6ubuntu6) ...
#6 37.37 Selecting previously unselected package libboost-stacktrace1.71-dev:amd64.
#6 37.38 Preparing to unpack .../145-libboost-stacktrace1.71-dev_1.71.0-6ubuntu6_amd64.deb ...
#6 37.38 Unpacking libboost-stacktrace1.71-dev:amd64 (1.71.0-6ubuntu6) ...
#6 37.45 Selecting previously unselected package libboost-stacktrace-dev:amd64.
#6 37.46 Preparing to unpack .../146-libboost-stacktrace-dev_1.71.0.0ubuntu2_amd64.deb ...
#6 37.46 Unpacking libboost-stacktrace-dev:amd64 (1.71.0.0ubuntu2) ...
#6 37.49 Selecting previously unselected package libboost-system-dev:amd64.
#6 37.50 Preparing to unpack .../147-libboost-system-dev_1.71.0.0ubuntu2_amd64.deb ...
#6 37.50 Unpacking libboost-system-dev:amd64 (1.71.0.0ubuntu2) ...
#6 37.54 Selecting previously unselected package libboost-test-dev:amd64.
#6 37.54 Preparing to unpack .../148-libboost-test-dev_1.71.0.0ubuntu2_amd64.deb ...
#6 37.55 Unpacking libboost-test-dev:amd64 (1.71.0.0ubuntu2) ...
#6 37.58 Selecting previously unselected package libboost-thread-dev:amd64.
#6 37.59 Preparing to unpack .../149-libboost-thread-dev_1.71.0.0ubuntu2_amd64.deb ...
#6 37.59 Unpacking libboost-thread-dev:amd64 (1.71.0.0ubuntu2) ...
#6 37.63 Selecting previously unselected package libboost-timer1.71.0:amd64.
#6 37.64 Preparing to unpack .../150-libboost-timer1.71.0_1.71.0-6ubuntu6_amd64.deb ...
#6 37.64 Unpacking libboost-timer1.71.0:amd64 (1.71.0-6ubuntu6) ...
#6 37.71 Selecting previously unselected package libboost-timer1.71-dev:amd64.
#6 37.72 Preparing to unpack .../151-libboost-timer1.71-dev_1.71.0-6ubuntu6_amd64.deb ...
#6 37.72 Unpacking libboost-timer1.71-dev:amd64 (1.71.0-6ubuntu6) ...
#6 37.79 Selecting previously unselected package libboost-timer-dev:amd64.
#6 37.80 Preparing to unpack .../152-libboost-timer-dev_1.71.0.0ubuntu2_amd64.deb ...
#6 37.80 Unpacking libboost-timer-dev:amd64 (1.71.0.0ubuntu2) ...
#6 37.84 Selecting previously unselected package libboost-type-erasure1.71.0:amd64.
#6 37.84 Preparing to unpack .../153-libboost-type-erasure1.71.0_1.71.0-6ubuntu6_amd64.deb ...
#6 37.85 Unpacking libboost-type-erasure1.71.0:amd64 (1.71.0-6ubuntu6) ...
#6 37.93 Selecting previously unselected package libboost-type-erasure1.71-dev:amd64.
#6 37.93 Preparing to unpack .../154-libboost-type-erasure1.71-dev_1.71.0-6ubuntu6_amd64.deb ...
#6 37.94 Unpacking libboost-type-erasure1.71-dev:amd64 (1.71.0-6ubuntu6) ...
#6 38.01 Selecting previously unselected package libboost-type-erasure-dev:amd64.
#6 38.02 Preparing to unpack .../155-libboost-type-erasure-dev_1.71.0.0ubuntu2_amd64.deb ...
#6 38.02 Unpacking libboost-type-erasure-dev:amd64 (1.71.0.0ubuntu2) ...
#6 38.06 Selecting previously unselected package libboost-wave1.71.0:amd64.
#6 38.07 Preparing to unpack .../156-libboost-wave1.71.0_1.71.0-6ubuntu6_amd64.deb ...
#6 38.07 Unpacking libboost-wave1.71.0:amd64 (1.71.0-6ubuntu6) ...
#6 38.16 Selecting previously unselected package libboost-wave1.71-dev:amd64.
#6 38.16 Preparing to unpack .../157-libboost-wave1.71-dev_1.71.0-6ubuntu6_amd64.deb ...
#6 38.17 Unpacking libboost-wave1.71-dev:amd64 (1.71.0-6ubuntu6) ...
#6 38.27 Selecting previously unselected package libboost-wave-dev:amd64.
#6 38.28 Preparing to unpack .../158-libboost-wave-dev_1.71.0.0ubuntu2_amd64.deb ...
#6 38.28 Unpacking libboost-wave-dev:amd64 (1.71.0.0ubuntu2) ...
#6 38.32 Selecting previously unselected package libboost-all-dev.
#6 38.33 Preparing to unpack .../159-libboost-all-dev_1.71.0.0ubuntu2_amd64.deb ...
#6 38.33 Unpacking libboost-all-dev (1.71.0.0ubuntu2) ...
#6 38.37 Selecting previously unselected package ninja-build.
#6 38.37 Preparing to unpack .../160-ninja-build_1.10.0-1build1_amd64.deb ...
#6 38.38 Unpacking ninja-build (1.10.0-1build1) ...
#6 38.48 Setting up libboost1.71-tools-dev (1.71.0-6ubuntu6) ...
#6 38.50 Setting up libboost-stacktrace1.71.0:amd64 (1.71.0-6ubuntu6) ...
#6 38.51 Setting up libpciaccess0:amd64 (0.16-0ubuntu1) ...
#6 38.52 Setting up libarchive13:amd64 (3.4.0-2ubuntu1.1) ...
#6 38.53 Setting up libboost-container1.71.0:amd64 (1.71.0-6ubuntu6) ...
#6 38.54 Setting up libboost1.71-dev:amd64 (1.71.0-6ubuntu6) ...
#6 38.56 Setting up libboost-chrono1.71.0:amd64 (1.71.0-6ubuntu6) ...
#6 38.57 Setting up libboost-container1.71-dev:amd64 (1.71.0-6ubuntu6) ...
#6 38.58 Setting up libboost-tools-dev (1.71.0.0ubuntu2) ...
#6 38.59 Setting up libboost-filesystem1.71.0:amd64 (1.71.0-6ubuntu6) ...
#6 38.60 Setting up libboost-iostreams1.71.0:amd64 (1.71.0-6ubuntu6) ...
#6 38.62 Setting up libboost-python1.71.0 (1.71.0-6ubuntu6) ...
#6 38.63 Setting up libboost-date-time1.71.0:amd64 (1.71.0-6ubuntu6) ...
#6 38.64 Setting up libboost-container-dev:amd64 (1.71.0.0ubuntu2) ...
#6 38.65 Setting up ninja-build (1.10.0-1build1) ...
#6 38.66 Setting up libxnvctrl0:amd64 (470.57.01-0ubuntu0.20.04.3) ...
#6 38.67 Setting up libboost-numpy1.71.0 (1.71.0-6ubuntu6) ...
#6 38.68 Setting up autotools-dev (20180224.1) ...
#6 38.70 Setting up libuv1:amd64 (1.34.2-1ubuntu1.3) ...
#6 38.71 Setting up libboost-math1.71.0:amd64 (1.71.0-6ubuntu6) ...
#6 38.72 Setting up libexpat1-dev:amd64 (2.2.9-1build1) ...
#6 38.73 Setting up libboost-atomic1.71.0:amd64 (1.71.0-6ubuntu6) ...
#6 38.74 Setting up libpython3.8:amd64 (3.8.10-0ubuntu1~20.04.2) ...
#6 38.75 Setting up libsigsegv2:amd64 (2.12-2) ...
#6 38.76 Setting up libevent-core-2.1-7:amd64 (2.1.11-stable-1) ...
#6 38.77 Setting up libevent-2.1-7:amd64 (2.1.11-stable-1) ...
#6 38.79 Setting up gcc-8-base:amd64 (8.4.0-3ubuntu2) ...
#6 38.80 Setting up icu-devtools (66.1-2ubuntu2.1) ...
#6 38.81 Setting up libboost-regex1.71.0:amd64 (1.71.0-6ubuntu6) ...
#6 38.82 Setting up libboost-math1.71-dev:amd64 (1.71.0-6ubuntu6) ...
#6 38.83 Setting up libltdl7:amd64 (2.4.6-14) ...
#6 38.84 Setting up libgfortran5:amd64 (10.3.0-1ubuntu1~20.04) ...
#6 38.85 Setting up libmpx2:amd64 (8.4.0-3ubuntu2) ...
#6 38.86 Setting up zlib1g-dev:amd64 (1:1.2.11.dfsg-2ubuntu1.2) ...
#6 38.87 Setting up libnuma1:amd64 (2.0.12-1) ...
#6 38.89 Setting up libboost-timer1.71.0:amd64 (1.71.0-6ubuntu6) ...
#6 38.90 Setting up ocl-icd-libopencl1:amd64 (2.2.11-1ubuntu1) ...
#6 38.91 Setting up libboost-test1.71.0:amd64 (1.71.0-6ubuntu6) ...
#6 38.92 Setting up librhash0:amd64 (1.3.9-1) ...
#6 38.93 Setting up libnl-3-200:amd64 (3.4.0-1) ...
#6 38.95 Setting up libboost-thread1.71.0:amd64 (1.71.0-6ubuntu6) ...
#6 38.96 Setting up libpsm2-2 (11.2.86-1) ...
#6 38.97 Setting up openmpi-common (4.0.3-0ubuntu1) ...
#6 38.98 Setting up libboost-context1.71.0:amd64 (1.71.0-6ubuntu6) ...
#6 39.00 Setting up libboost-serialization1.71.0:amd64 (1.71.0-6ubuntu6) ...
#6 39.01 Setting up libboost-random1.71.0:amd64 (1.71.0-6ubuntu6) ...
#6 39.02 Setting up cmake-data (3.16.3-1ubuntu1) ...
#6 39.04 Setting up libboost-system1.71.0:amd64 (1.71.0-6ubuntu6) ...
#6 39.05 Setting up libboost-atomic1.71-dev:amd64 (1.71.0-6ubuntu6) ...
#6 39.06 Setting up libboost-dev:amd64 (1.71.0.0ubuntu2) ...
#6 39.07 Setting up libboost-fiber1.71.0:amd64 (1.71.0-6ubuntu6) ...
#6 39.08 Setting up libboost-locale1.71.0:amd64 (1.71.0-6ubuntu6) ...
#6 39.09 Setting up libpsm-infinipath1 (3.3+20.604758e7-6) ...
#6 39.11 update-alternatives: using /usr/lib/libpsm1/libpsm_infinipath.so.1.16 to provide /usr/lib/x86_64-linux-gnu/libpsm_infinipath.so.1 (libpsm_infinipath.so.1) in auto mode
#6 39.11 Setting up libboost-graph1.71.0:amd64 (1.71.0-6ubuntu6) ...
#6 39.13 Setting up cpp-8 (8.4.0-3ubuntu2) ...
#6 39.14 Setting up libboost-stacktrace1.71-dev:amd64 (1.71.0-6ubuntu6) ...
#6 39.15 Setting up libboost-wave1.71.0:amd64 (1.71.0-6ubuntu6) ...
#6 39.16 Setting up python3-lib2to3 (3.8.10-0ubuntu1~20.04) ...
#6 39.38 Setting up libicu-dev:amd64 (66.1-2ubuntu2.1) ...
#6 39.40 Setting up libjsoncpp1:amd64 (1.7.4-3.1ubuntu2) ...
#6 39.42 Setting up libevent-pthreads-2.1-7:amd64 (2.1.11-stable-1) ...
#6 39.44 Setting up libboost-program-options1.71.0:amd64 (1.71.0-6ubuntu6) ...
#6 39.45 Setting up python3-distutils (3.8.10-0ubuntu1~20.04) ...
#6 39.64 Setting up libboost-program-options1.71-dev:amd64 (1.71.0-6ubuntu6) ...
#6 39.66 Setting up libboost-chrono1.71-dev:amd64 (1.71.0-6ubuntu6) ...
#6 39.67 Setting up libevent-extra-2.1-7:amd64 (2.1.11-stable-1) ...
#6 39.69 Setting up libboost-exception1.71-dev:amd64 (1.71.0-6ubuntu6) ...
#6 39.70 Setting up libboost-log1.71.0 (1.71.0-6ubuntu6) ...
#6 39.72 Setting up libboost-chrono-dev:amd64 (1.71.0.0ubuntu2) ...
#6 39.74 Setting up libboost-numpy1.71-dev (1.71.0-6ubuntu6) ...
#6 39.76 Setting up libboost-math-dev:amd64 (1.71.0.0ubuntu2) ...
#6 39.77 Setting up libevent-openssl-2.1-7:amd64 (2.1.11-stable-1) ...
#6 39.79 Setting up m4 (1.4.18-4) ...
#6 39.81 Setting up libboost-exception-dev:amd64 (1.71.0.0ubuntu2) ...
#6 39.82 Setting up libnuma-dev:amd64 (2.0.12-1) ...
#6 39.84 Setting up libboost-system1.71-dev:amd64 (1.71.0-6ubuntu6) ...
#6 39.86 Setting up libnl-route-3-200:amd64 (3.4.0-1) ...
#6 39.87 Setting up libboost-random1.71-dev:amd64 (1.71.0-6ubuntu6) ...
#6 39.89 Setting up libboost-coroutine1.71.0:amd64 (1.71.0-6ubuntu6) ...
#6 39.91 Setting up libboost-timer1.71-dev:amd64 (1.71.0-6ubuntu6) ...
#6 39.92 Setting up libboost-type-erasure1.71.0:amd64 (1.71.0-6ubuntu6) ...
#6 39.94 Setting up libboost-test1.71-dev:amd64 (1.71.0-6ubuntu6) ...
#6 39.96 Setting up libboost-program-options-dev:amd64 (1.71.0.0ubuntu2) ...
#6 40.00 Setting up libpython3.8-dev:amd64 (3.8.10-0ubuntu1~20.04.2) ...
#6 40.01 Setting up libboost-filesystem1.71-dev:amd64 (1.71.0-6ubuntu6) ...
#6 40.03 Setting up libboost-numpy-dev (1.71.0.0ubuntu2) ...
#6 40.05 Setting up libevent-dev (2.1.11-stable-1) ...
#6 40.06 Setting up libhwloc15:amd64 (2.1.0+dfsg-4) ...
#6 40.08 Setting up libboost-regex1.71-dev:amd64 (1.71.0-6ubuntu6) ...
#6 40.10 Setting up libboost-serialization1.71-dev:amd64 (1.71.0-6ubuntu6) ...
#6 40.11 Setting up libboost-serialization-dev:amd64 (1.71.0.0ubuntu2) ...
#6 40.13 Setting up libgcc-8-dev:amd64 (8.4.0-3ubuntu2) ...
#6 40.15 Setting up autoconf (2.69-11.1) ...
#6 40.17 Setting up python3.8-dev (3.8.10-0ubuntu1~20.04.2) ...
#6 40.19 Setting up libboost-atomic-dev:amd64 (1.71.0.0ubuntu2) ...
#6 40.20 Setting up libboost-date-time1.71-dev:amd64 (1.71.0-6ubuntu6) ...
#6 40.22 Setting up libnl-3-dev:amd64 (3.4.0-1) ...
#6 40.24 Setting up libboost-stacktrace-dev:amd64 (1.71.0.0ubuntu2) ...
#6 40.26 Setting up bison (2:3.5.1+dfsg-1) ...
#6 40.27 update-alternatives: using /usr/bin/bison.yacc to provide /usr/bin/yacc (yacc) in auto mode
#6 40.27 update-alternatives: warning: skip creation of /usr/share/man/man1/yacc.1.gz because associated file /usr/share/man/man1/bison.yacc.1.gz (of link group yacc) doesn't exist
#6 40.28 Setting up cmake (3.16.3-1ubuntu1) ...
#6 40.30 Setting up libboost-regex-dev:amd64 (1.71.0.0ubuntu2) ...
#6 40.31 Setting up libboost-timer-dev:amd64 (1.71.0.0ubuntu2) ...
#6 40.33 Setting up libboost-filesystem-dev:amd64 (1.71.0.0ubuntu2) ...
#6 40.34 Setting up libboost-iostreams1.71-dev:amd64 (1.71.0-6ubuntu6) ...
#6 40.36 Setting up libboost-graph1.71-dev:amd64 (1.71.0-6ubuntu6) ...
#6 40.38 Setting up automake (1:1.16.1-4ubuntu6) ...
#6 40.40 update-alternatives: using /usr/bin/automake-1.16 to provide /usr/bin/automake (automake) in auto mode
#6 40.40 update-alternatives: warning: skip creation of /usr/share/man/man1/automake.1.gz because associated file /usr/share/man/man1/automake-1.16.1.gz (of link group automake) doesn't exist
#6 40.40 update-alternatives: warning: skip creation of /usr/share/man/man1/aclocal.1.gz because associated file /usr/share/man/man1/aclocal-1.16.1.gz (of link group automake) doesn't exist
#6 40.41 Setting up libgfortran-8-dev:amd64 (8.4.0-3ubuntu2) ...
#6 40.42 Setting up libboost-graph-dev:amd64 (1.71.0.0ubuntu2) ...
#6 40.44 Setting up libibverbs1:amd64 (28.0-1ubuntu1) ...
#6 40.58 Setting up flex (2.6.4-6.2) ...
#6 40.60 Setting up gcc-8 (8.4.0-3ubuntu2) ...
#6 40.61 Setting up libpython3-dev:amd64 (3.8.2-0ubuntu2) ...
#6 40.63 Setting up ibverbs-providers:amd64 (28.0-1ubuntu1) ...
#6 40.75 Setting up gfortran-8 (8.4.0-3ubuntu2) ...
#6 40.77 Setting up libboost-thread1.71-dev:amd64 (1.71.0-6ubuntu6) ...
#6 40.79 Setting up libboost-system-dev:amd64 (1.71.0.0ubuntu2) ...
#6 40.80 Setting up libboost-context1.71-dev:amd64 (1.71.0-6ubuntu6) ...
#6 40.82 Setting up libboost-wave1.71-dev:amd64 (1.71.0-6ubuntu6) ...
#6 40.84 Setting up libboost-random-dev:amd64 (1.71.0.0ubuntu2) ...
#6 40.85 Setting up libboost-wave-dev:amd64 (1.71.0.0ubuntu2) ...
#6 40.88 Setting up libboost-context-dev:amd64 (1.71.0.0ubuntu2) ...
#6 40.89 Setting up libboost-iostreams-dev:amd64 (1.71.0.0ubuntu2) ...
#6 40.91 Setting up libhwloc-plugins:amd64 (2.1.0+dfsg-4) ...
#6 40.93 Setting up libboost-fiber1.71-dev:amd64 (1.71.0-6ubuntu6) ...
#6 40.94 Setting up libboost-test-dev:amd64 (1.71.0.0ubuntu2) ...
#6 40.96 Setting up libnl-route-3-dev:amd64 (3.4.0-1) ...
#6 40.98 Setting up libltdl-dev:amd64 (2.4.6-14) ...
#6 41.00 Setting up python3-dev (3.8.2-0ubuntu2) ...
#6 41.01 Setting up libboost-date-time-dev:amd64 (1.71.0.0ubuntu2) ...
#6 41.03 Setting up libboost-type-erasure1.71-dev:amd64 (1.71.0-6ubuntu6) ...
#6 41.05 Setting up libboost-log1.71-dev (1.71.0-6ubuntu6) ...
#6 41.06 Setting up libboost-coroutine1.71-dev:amd64 (1.71.0-6ubuntu6) ...
#6 41.09 Setting up libhwloc-dev:amd64 (2.1.0+dfsg-4) ...
#6 41.11 Setting up libboost-coroutine-dev:amd64 (1.71.0.0ubuntu2) ...
#6 41.12 Setting up libboost-log-dev (1.71.0.0ubuntu2) ...
#6 41.14 Setting up libboost-thread-dev:amd64 (1.71.0.0ubuntu2) ...
#6 41.16 Setting up libboost-fiber-dev:amd64 (1.71.0.0ubuntu2) ...
#6 41.18 Setting up librdmacm1:amd64 (28.0-1ubuntu1) ...
#6 41.19 Setting up libboost-locale1.71-dev:amd64 (1.71.0-6ubuntu6) ...
#6 41.21 Setting up libpmix2:amd64 (3.1.5-1) ...
#6 41.23 Setting up libboost-python1.71-dev (1.71.0-6ubuntu6) ...
#6 41.25 Setting up libboost-locale-dev:amd64 (1.71.0.0ubuntu2) ...
#6 41.27 Setting up libibverbs-dev:amd64 (28.0-1ubuntu1) ...
#6 41.28 Setting up libboost-python-dev (1.71.0.0ubuntu2) ...
#6 41.30 Setting up libboost-type-erasure-dev:amd64 (1.71.0.0ubuntu2) ...
#6 41.32 Setting up libfabric1 (1.6.2-3) ...
#6 41.33 Setting up libopenmpi3:amd64 (4.0.3-0ubuntu1) ...
#6 41.35 Setting up libboost-mpi1.71.0 (1.71.0-6ubuntu6) ...
#6 41.37 Setting up libboost-graph-parallel1.71.0 (1.71.0-6ubuntu6) ...
#6 41.38 Setting up openmpi-bin (4.0.3-0ubuntu1) ...
#6 41.41 update-alternatives: using /usr/bin/mpirun.openmpi to provide /usr/bin/mpirun (mpirun) in auto mode
#6 41.41 update-alternatives: warning: skip creation of /usr/share/man/man1/mpirun.1.gz because associated file /usr/share/man/man1/mpirun.openmpi.1.gz (of link group mpirun) doesn't exist
#6 41.41 update-alternatives: warning: skip creation of /usr/share/man/man1/mpiexec.1.gz because associated file /usr/share/man/man1/mpiexec.openmpi.1.gz (of link group mpirun) doesn't exist
#6 41.42 update-alternatives: using /usr/bin/mpicc.openmpi to provide /usr/bin/mpicc (mpi) in auto mode
#6 41.42 update-alternatives: warning: skip creation of /usr/share/man/man1/mpicc.1.gz because associated file /usr/share/man/man1/mpicc.openmpi.1.gz (of link group mpi) doesn't exist
#6 41.42 update-alternatives: warning: skip creation of /usr/share/man/man1/mpic++.1.gz because associated file /usr/share/man/man1/mpic++.openmpi.1.gz (of link group mpi) doesn't exist
#6 41.42 update-alternatives: warning: skip creation of /usr/share/man/man1/mpicxx.1.gz because associated file /usr/share/man/man1/mpicxx.openmpi.1.gz (of link group mpi) doesn't exist
#6 41.42 update-alternatives: warning: skip creation of /usr/share/man/man1/mpiCC.1.gz because associated file /usr/share/man/man1/mpiCC.openmpi.1.gz (of link group mpi) doesn't exist
#6 41.42 update-alternatives: warning: skip creation of /usr/share/man/man1/mpif77.1.gz because associated file /usr/share/man/man1/mpif77.openmpi.1.gz (of link group mpi) doesn't exist
#6 41.42 update-alternatives: warning: skip creation of /usr/share/man/man1/mpif90.1.gz because associated file /usr/share/man/man1/mpif90.openmpi.1.gz (of link group mpi) doesn't exist
#6 41.42 update-alternatives: warning: skip creation of /usr/share/man/man1/mpifort.1.gz because associated file /usr/share/man/man1/mpifort.openmpi.1.gz (of link group mpi) doesn't exist
#6 41.43 Setting up mpi-default-bin (1.13) ...
#6 41.45 Setting up libboost-graph-parallel1.71-dev (1.71.0-6ubuntu6) ...
#6 41.46 Setting up libopenmpi-dev:amd64 (4.0.3-0ubuntu1) ...
#6 41.48 update-alternatives: using /usr/lib/x86_64-linux-gnu/openmpi/include to provide /usr/include/x86_64-linux-gnu/mpi (mpi-x86_64-linux-gnu) in auto mode
#6 41.49 Setting up libboost-mpi-python1.71.0 (1.71.0-6ubuntu6) ...
#6 41.73 Setting up libboost-graph-parallel-dev (1.71.0.0ubuntu2) ...
#6 41.75 Setting up mpi-default-dev (1.13) ...
#6 41.77 Setting up libboost-mpi1.71-dev (1.71.0-6ubuntu6) ...
#6 41.78 Setting up libboost-mpi-python1.71-dev (1.71.0-6ubuntu6) ...
#6 41.80 Setting up libboost-mpi-python-dev (1.71.0.0ubuntu2) ...
#6 41.82 Setting up libboost-mpi-dev (1.71.0.0ubuntu2) ...
#6 41.86 Setting up libboost-all-dev (1.71.0.0ubuntu2) ...
#6 41.87 Processing triggers for libc-bin (2.31-0ubuntu9.2) ...
#6 DONE 45.4s

#7 [3/4] RUN git clone --depth=1 --recurse-submodules     https://github.com/apache/arrow.git /src/arrow
#7 sha256:9e3c29812b7af98fed6bac31af121930a90f9567199b447495f5149ac8fe4386
#7 0.564 Cloning into '/src/arrow'...
#7 6.834 Submodule 'cpp/submodules/parquet-testing' (https://github.com/apache/parquet-testing.git) registered for path 'cpp/submodules/parquet-testing'
#7 6.835 Submodule 'testing' (https://github.com/apache/arrow-testing) registered for path 'testing'
#7 6.845 Cloning into '/src/arrow/cpp/submodules/parquet-testing'...
#7 7.505 Cloning into '/src/arrow/testing'...
#7 11.05 Submodule path 'cpp/submodules/parquet-testing': checked out 'acd375eb86a81cd856476fca0f52ba6036a067ff'
#7 11.14 Submodule path 'testing': checked out '634739c664433cec366b4b9a81d1e1044a8c5eda'
#7 DONE 12.0s

#9 [4/4] COPY build.sh /src/
#9 sha256:eabdf59fae5a91871d105c73fe579ba9351b8f92f1168d0e8a9c836ae14eaca4
#9 DONE 0.1s

#10 exporting to image
#10 sha256:e8c613e07b0b7ff33893b694f7759a10d42e180f2b4dc349fb57dc6b71dcab00
#10 exporting layers done
#10 writing image sha256:1c05432e07412622e32f0c91cb5df8e9c4dc056d5cf96ee22078ea6831201c95
#10 writing image sha256:1c05432e07412622e32f0c91cb5df8e9c4dc056d5cf96ee22078ea6831201c95 done
#10 naming to gcr.io/fuzzbench/builders/benchmark/arrow_arrow done
#10 DONE 0.2s

#11 exporting cache
#11 sha256:2700d4ef94dee473593c5c614b55b2dedcca7893909811a8f2b48291a1f581e4
#11 preparing build cache for export done
#11 DONE 0.0s
------
 > importing cache manifest from gcr.io/fuzzbench/builders/benchmark/arrow_arrow:
------
#2 [internal] load .dockerignore
#2 sha256:30884b598f7a7f0ffbb706d2e5208a2ee6493f9272f7bd85952ae940e5469c42
#2 transferring context: 2B done
#2 DONE 0.2s

#1 [internal] load build definition from builder.Dockerfile
#1 sha256:5d9bf911a7ceacffd5ecf5244bbc7ee93887f73af249af8e6a69e62aeb709e58
#1 transferring dockerfile: 46B done
#1 DONE 0.2s

#3 [internal] load metadata for gcr.io/fuzzbench/builders/benchmark/arrow_arrow:latest
#3 sha256:c791f821c5a2390e1458185242c42fbc45669871d0f2714d44c84d757aac8c0f
#3 DONE 0.0s

#5 [1/3] FROM gcr.io/fuzzbench/builders/benchmark/arrow_arrow
#5 sha256:3d396ea1521cdb01f8e77f21b1291e9b6db35a56849f508e9865ca3febf35e11
#5 DONE 0.0s

#4 importing cache manifest from gcr.io/fuzzbench/builders/afl/arrow_arrow-intermediate
#4 sha256:612c95e9e3811d71d89f0ef8ee259029c0051e2b1e030bab4ed6d93133bf26ad
#4 ERROR: gcr.io/fuzzbench/builders/afl/arrow_arrow-intermediate:latest: not found

#5 [1/3] FROM gcr.io/fuzzbench/builders/benchmark/arrow_arrow
#5 sha256:3d396ea1521cdb01f8e77f21b1291e9b6db35a56849f508e9865ca3febf35e11
#5 DONE 0.5s

#6 [2/3] RUN git clone https://github.com/google/AFL.git /afl &&     cd /afl &&     git checkout 61037103ae3722c8060ff7082994836a794f978e &&     AFL_NO_X86=1 make
#6 sha256:87a23b288fc2a3c30b9afc79464377074dd989e166dd27479a347cbf7a7ad1f7
#6 0.353 Cloning into '/afl'...
#6 1.241 Note: switching to '61037103ae3722c8060ff7082994836a794f978e'.
#6 1.241 
#6 1.241 You are in 'detached HEAD' state. You can look around, make experimental
#6 1.241 changes and commit them, and you can discard any commits you make in this
#6 1.241 state without impacting any branches by switching back to a branch.
#6 1.241 
#6 1.241 If you want to create a new branch to retain commits you create, you may
#6 1.241 do so (now or later) by using -c with the switch command. Example:
#6 1.241 
#6 1.241   git switch -c <new-branch-name>
#6 1.241 
#6 1.241 Or undo this operation with:
#6 1.241 
#6 1.241   git switch -
#6 1.241 
#6 1.241 Turn off this advice by setting config variable advice.detachedHead to false
#6 1.241 
#6 1.241 HEAD is now at 6103710 Fix a typo filename comparison in the fuzzer (#139)
#6 1.256 [!] Note: skipping x86 compilation checks (AFL_NO_X86 set).
#6 1.256 clang -O1 -fno-omit-frame-pointer -gline-tables-only -DFUZZING_BUILD_MODE_UNSAFE_FOR_PRODUCTION -Wall -D_FORTIFY_SOURCE=2 -g -Wno-pointer-sign -DAFL_PATH=\"/usr/local/lib/afl\" -DDOC_PATH=\"/usr/local/share/doc/afl\" -DBIN_PATH=\"/usr/local/bin\" afl-gcc.c -o afl-gcc -ldl
#6 1.434 set -e; for i in afl-g++ afl-clang afl-clang++; do ln -sf afl-gcc $i; done
#6 1.439 clang -O1 -fno-omit-frame-pointer -gline-tables-only -DFUZZING_BUILD_MODE_UNSAFE_FOR_PRODUCTION -Wall -D_FORTIFY_SOURCE=2 -g -Wno-pointer-sign -DAFL_PATH=\"/usr/local/lib/afl\" -DDOC_PATH=\"/usr/local/share/doc/afl\" -DBIN_PATH=\"/usr/local/bin\" afl-fuzz.c -o afl-fuzz -ldl
#6 3.804 clang -O1 -fno-omit-frame-pointer -gline-tables-only -DFUZZING_BUILD_MODE_UNSAFE_FOR_PRODUCTION -Wall -D_FORTIFY_SOURCE=2 -g -Wno-pointer-sign -DAFL_PATH=\"/usr/local/lib/afl\" -DDOC_PATH=\"/usr/local/share/doc/afl\" -DBIN_PATH=\"/usr/local/bin\" afl-showmap.c -o afl-showmap -ldl
#6 4.117 clang -O1 -fno-omit-frame-pointer -gline-tables-only -DFUZZING_BUILD_MODE_UNSAFE_FOR_PRODUCTION -Wall -D_FORTIFY_SOURCE=2 -g -Wno-pointer-sign -DAFL_PATH=\"/usr/local/lib/afl\" -DDOC_PATH=\"/usr/local/share/doc/afl\" -DBIN_PATH=\"/usr/local/bin\" afl-tmin.c -o afl-tmin -ldl
#6 4.544 clang -O1 -fno-omit-frame-pointer -gline-tables-only -DFUZZING_BUILD_MODE_UNSAFE_FOR_PRODUCTION -Wall -D_FORTIFY_SOURCE=2 -g -Wno-pointer-sign -DAFL_PATH=\"/usr/local/lib/afl\" -DDOC_PATH=\"/usr/local/share/doc/afl\" -DBIN_PATH=\"/usr/local/bin\" afl-gotcpu.c -o afl-gotcpu -ldl
#6 4.690 clang -O1 -fno-omit-frame-pointer -gline-tables-only -DFUZZING_BUILD_MODE_UNSAFE_FOR_PRODUCTION -Wall -D_FORTIFY_SOURCE=2 -g -Wno-pointer-sign -DAFL_PATH=\"/usr/local/lib/afl\" -DDOC_PATH=\"/usr/local/share/doc/afl\" -DBIN_PATH=\"/usr/local/bin\" afl-analyze.c -o afl-analyze -ldl
#6 5.086 clang -O1 -fno-omit-frame-pointer -gline-tables-only -DFUZZING_BUILD_MODE_UNSAFE_FOR_PRODUCTION -Wall -D_FORTIFY_SOURCE=2 -g -Wno-pointer-sign -DAFL_PATH=\"/usr/local/lib/afl\" -DDOC_PATH=\"/usr/local/share/doc/afl\" -DBIN_PATH=\"/usr/local/bin\" afl-as.c -o afl-as -ldl
#6 5.322 ln -sf afl-as as
#6 5.324 [!] Note: skipping build tests (you may need to use LLVM or QEMU mode).
#6 5.327 [+] LLVM users: see llvm_mode/README.llvm for a faster alternative to afl-gcc.
#6 5.328 [+] All done! Be sure to review README - it's pretty short and useful.
#6 DONE 6.2s

#7 [3/3] RUN apt-get update &&     apt-get install wget -y &&     wget https://raw.githubusercontent.com/llvm/llvm-project/5feb80e748924606531ba28c97fe65145c65372e/compiler-rt/lib/fuzzer/afl/afl_driver.cpp -O /afl/afl_driver.cpp &&     clang -Wno-pointer-sign -c /afl/llvm_mode/afl-llvm-rt.o.c -I/afl &&     clang++ -stdlib=libc++ -std=c++11 -O2 -c /afl/afl_driver.cpp &&     ar r /libAFL.a *.o
#7 sha256:f9725b1c21330f7154e137d333189d4047b676390275c4d79aa526bc85367fca
#7 0.717 Hit:1 http://ppa.launchpad.net/git-core/ppa/ubuntu focal InRelease
#7 0.717 Hit:2 http://archive.ubuntu.com/ubuntu focal InRelease
#7 0.718 Hit:3 http://archive.ubuntu.com/ubuntu focal-updates InRelease
#7 0.718 Hit:4 http://security.ubuntu.com/ubuntu focal-security InRelease
#7 0.722 Hit:5 http://archive.ubuntu.com/ubuntu focal-backports InRelease
#7 1.725 Reading package lists...
#7 3.221 Reading package lists...
#7 4.632 Building dependency tree...
#7 4.843 Reading state information...
#7 5.087 wget is already the newest version (1.20.3-1ubuntu2).
#7 5.087 0 upgraded, 0 newly installed, 0 to remove and 0 not upgraded.
#7 5.102 --2022-02-18 08:25:01--  https://raw.githubusercontent.com/llvm/llvm-project/5feb80e748924606531ba28c97fe65145c65372e/compiler-rt/lib/fuzzer/afl/afl_driver.cpp
#7 5.104 Resolving raw.githubusercontent.com (raw.githubusercontent.com)... 185.199.111.133, 185.199.108.133, 185.199.109.133, ...
#7 5.117 Connecting to raw.githubusercontent.com (raw.githubusercontent.com)|185.199.111.133|:443... connected.
#7 5.139 HTTP request sent, awaiting response... 200 OK
#7 5.339 Length: 9177 (9.0K) [text/plain]
#7 5.339 Saving to: '/afl/afl_driver.cpp'
#7 5.339 
#7 5.339      0K ........                                              100% 12.7M=0.001s
#7 5.340 
#7 5.340 2022-02-18 08:25:01 (12.7 MB/s) - '/afl/afl_driver.cpp' saved [9177/9177]
#7 5.340 
#7 7.124 ar: creating /libAFL.a
#7 DONE 8.1s

#8 exporting to image
#8 sha256:e8c613e07b0b7ff33893b694f7759a10d42e180f2b4dc349fb57dc6b71dcab00
#8 exporting layers done
#8 writing image sha256:59756f3d42a42981bb70e5a09c829e297f4968752ae76f775d3891345d2d5560 done
#8 naming to gcr.io/fuzzbench/builders/afl/arrow_arrow-intermediate done
#8 DONE 0.2s

#9 exporting cache
#9 sha256:2700d4ef94dee473593c5c614b55b2dedcca7893909811a8f2b48291a1f581e4
#9 preparing build cache for export
#9 preparing build cache for export done
#9 DONE 0.0s
------
 > importing cache manifest from gcr.io/fuzzbench/builders/afl/arrow_arrow-intermediate:
------
#1 [internal] load build definition from Dockerfile
#1 sha256:171375af2c0b954b9bb38f54a1501f03e5ddbfa9a8656b18042b9e73907f1553
#1 transferring dockerfile: 2.00kB done
#1 DONE 0.6s

#2 [internal] load .dockerignore
#2 sha256:42e29bfbb56e560aea3d27b63943e29aa1497aa7a7240c51e3c0f04c84d42e91
#2 transferring context: 34B done
#2 DONE 0.8s

#3 [internal] load metadata for docker.io/library/ubuntu:xenial
#3 sha256:f62bae18ed588840f045c881b2502661f2a89578a2f8f99b83f5200ee83dd25b
#3 DONE 0.0s

#5 [1/7] FROM docker.io/library/ubuntu:xenial
#5 sha256:14dd403f25ae9e519bd44f27dc17af7ce80f5a4f9f48ca88108364e67ec5d360
#5 DONE 0.0s

#4 importing cache manifest from gcr.io/fuzzbench/base-image
#4 sha256:9b220ebb4d4daceed1b96df9b6dca076e762f1cd612574f010b82d5b9e5ad896
#4 DONE 0.0s

#8 [internal] load build context
#8 sha256:870bd8f23a0058bab7403ba795b1c9d78ef74fee8f84ee8e0537a4600cfa064e
#8 transferring context: 559B 0.0s done
#8 DONE 0.3s

#11 [6/7] RUN apt-get update -y && apt-get install -y     apt-transport-https     lsb-release
#11 sha256:8fdb8f8a9c568b126dee390f4711bb45ea3dc09410866aae4cb08de5d8d3d334
#11 CACHED

#6 [2/7] RUN apt-get update -y && apt-get install -y     build-essential     rsync     curl     zlib1g-dev     libncurses5-dev     libgdbm-dev     libnss3-dev     libssl-dev     libreadline-dev     libffi-dev     virtualenv     libbz2-dev     liblzma-dev     libsqlite3-dev
#6 sha256:3a1b0960f17eed529eaae93dc8fd3554f2743dd584d8fa569cdbe6bc734371ac
#6 CACHED

#7 [3/7] RUN cd /tmp/ &&     curl -O https://www.python.org/ftp/python/3.8.6/Python-3.8.6.tar.xz &&     tar -xvf Python-3.8.6.tar.xz &&     cd Python-3.8.6 &&     ./configure --enable-loadable-sqlite-extensions --enable-optimizations &&     make -j install &&     rm -r /tmp/Python-3.8.6.tar.xz /tmp/Python-3.8.6
#7 sha256:c5b9d1fb3371e84dbc60b76e7b2f8d5913bc93bcd4910ab65daa03e7b2ec4bb0
#7 CACHED

#9 [4/7] COPY ./requirements.txt /
#9 sha256:2755e6d7e7e98cd3c34a208cab5e91826ec1ef970ef0b6c44a5eee14b1cfb1d9
#9 CACHED

#10 [5/7] RUN pip3 install -r /requirements.txt
#10 sha256:9c397ee2c8a0d2651bb5cb0016d90f1ac073e9c4592cf5b94cdc75ed2a8c5125
#10 CACHED

#12 [7/7] RUN CLOUD_SDK_REPO="cloud-sdk-$(lsb_release -c -s)" &&     echo "deb https://packages.cloud.google.com/apt $CLOUD_SDK_REPO main"     | tee -a /etc/apt/sources.list.d/google-cloud-sdk.list &&     curl https://packages.cloud.google.com/apt/doc/apt-key.gpg     | apt-key add - &&     apt-get update -y &&     apt-get install -y google-cloud-sdk
#12 sha256:176fe40102a3e4848fdadd766ad73df99ff94bdcb360a93c0901e68d002be656
#12 CACHED

#13 exporting to image
#13 sha256:e8c613e07b0b7ff33893b694f7759a10d42e180f2b4dc349fb57dc6b71dcab00
#13 exporting layers done
#13 writing image sha256:7c312afc0c92be055a6e596de5bde5bb2ff79522f51f5d5c5b849c01586f4ff7
#13 writing image sha256:7c312afc0c92be055a6e596de5bde5bb2ff79522f51f5d5c5b849c01586f4ff7 0.1s done
#13 naming to gcr.io/fuzzbench/base-image done
#13 DONE 0.6s

#14 exporting cache
#14 sha256:2700d4ef94dee473593c5c614b55b2dedcca7893909811a8f2b48291a1f581e4
#14 preparing build cache for export done
#14 DONE 0.0s
#1 [internal] load build definition from Dockerfile
#1 sha256:45a3793fe7d8eac1bd184da2061238d28dd0c1836bfa74808ed1c959f9ec9012
#1 transferring dockerfile: 2.22kB done
#1 DONE 0.4s

#2 [internal] load .dockerignore
#2 sha256:ac0240a7c975b1ae2e55cb8df748ced8a8957e5d10f69cd53207d33507a3322b
#2 transferring context: 34B done
#2 DONE 0.5s

#4 [internal] load metadata for gcr.io/fuzzbench/base-image:latest
#4 sha256:932022888f650cc455b10eb5123bb08c0cccacac29a693e69314abbfd28a72c3
#4 DONE 0.0s

#3 [internal] load metadata for gcr.io/fuzzbench/builders/afl/arrow_arrow-intermediate:latest
#3 sha256:1f76ad463f9d8861547faadb7105ce0c99ca3c8fc00e6524c3d5c9d02c179ccf
#3 DONE 0.0s

#12 [internal] load build context
#12 sha256:e2dd4b5417e32c175a217daf6e89d5ebefae6f529eeaa8c5d1792b7cfef1351d
#12 DONE 0.0s

#7 [base-image 1/1] FROM gcr.io/fuzzbench/base-image
#7 sha256:4d07825694520f8b6f6a0d8592dbd345433361ae044cb7f06706c5a95e3daaad
#7 DONE 0.0s

#6 [stage-1  1/13] FROM gcr.io/fuzzbench/builders/afl/arrow_arrow-intermediate
#6 sha256:709fd35d9144b867e2c2693fd1cf7c030e24ca311d5b97a3e7bee0aa35cb98e6
#6 DONE 0.0s

#5 importing cache manifest from gcr.io/fuzzbench/builders/afl/arrow_arrow
#5 sha256:00b7629c0669f5746dd8f72499c93dec53c82621ce904c7868e96cab88164536
#5 ERROR: gcr.io/fuzzbench/builders/afl/arrow_arrow:latest: not found

#7 [base-image 1/1] FROM gcr.io/fuzzbench/base-image
#7 sha256:4d07825694520f8b6f6a0d8592dbd345433361ae044cb7f06706c5a95e3daaad
#7 CACHED

#12 [internal] load build context
#12 sha256:e2dd4b5417e32c175a217daf6e89d5ebefae6f529eeaa8c5d1792b7cfef1351d
#12 transferring context: 669.86kB 0.1s done
#12 DONE 0.3s

#6 [stage-1  1/13] FROM gcr.io/fuzzbench/builders/afl/arrow_arrow-intermediate
#6 sha256:709fd35d9144b867e2c2693fd1cf7c030e24ca311d5b97a3e7bee0aa35cb98e6
#6 DONE 0.5s

#8 [stage-1  2/13] COPY --from=base-image /usr/local/bin/python3* /usr/local/bin/
#8 sha256:92680b7f7d697f488a6c6db5ecd76cfef0f31a1f398cb4543b320ea229dc585c
#8 DONE 0.6s

#9 [stage-1  3/13] COPY --from=base-image /usr/local/lib/python3.8 /usr/local/lib/python3.8
#9 sha256:959676c46abe6e5dfbeefe64b4f9d8a51edac248f1da794be0f16e8b0cf078fc
#9 DONE 14.7s

#10 [stage-1  4/13] COPY --from=base-image /usr/local/include/python3.8 /usr/local/include/python3.8
#10 sha256:56f3668c581ebbfd178b77f1987e19cf64af45644f75afe2eae13a33a045a4e9
#10 DONE 0.2s

#11 [stage-1  5/13] COPY --from=base-image /usr/local/lib/python3.8/site-packages /usr/local/lib/python3.8/site-packages
#11 sha256:94244727a380325e3d532e7e5f08f882d442be30a6cf9f1a79d6c0afb3817719
#11 DONE 22.8s

#13 [stage-1  6/13] COPY fuzzers /src/fuzzers
#13 sha256:0a16814b812598b5eb657c75306dd896fb5335a169d12bb70edbd5500894998d
#13 DONE 2.1s

#14 [stage-1  7/13] RUN touch /src/__init__.py
#14 sha256:9b09c5b68fdc956518147276cfaaa701aed2cc7ed1a23a86025dd9e685351fab
#14 DONE 0.8s

#15 [stage-1  8/13] COPY benchmarks/arrow_arrow/benchmark.yaml /
#15 sha256:b2c9f44e83692ffa1aee84a2f8313a2674d414d619898c5dda83958a53795d44
#15 DONE 0.4s

#16 [stage-1  9/13] RUN mkdir /opt/fuzzbench/
#16 sha256:acffc69db7bdd576a9dd612c015af05a11732b911b1b70b7065b96c109f4dc9e
#16 DONE 0.8s

#17 [stage-1 10/13] COPY docker/benchmark-builder/checkout_commit.py /opt/fuzzbench/
#17 sha256:b945dcf20a0cc43fc7090a9c36cebf117dc62f72a7f1861d8eb506b30a819359
#17 DONE 0.4s

#18 [stage-1 11/13] RUN export CHECKOUT_COMMIT=$(cat /benchmark.yaml | tr -d ' ' | grep 'commit:' | cut -d ':' -f2) &&     python3 -u /opt/fuzzbench/checkout_commit.py $CHECKOUT_COMMIT /src
#18 sha256:23a0a17f52b9074bb730d16dbd9a289e483533a40b6271556cc6d9f406e6d6ab
#18 0.696 Checking out commit 3df5b280
#18 20.73 From https://github.com/apache/arrow
#18 20.73  * [new tag]             apache-arrow-0.1.0     -> apache-arrow-0.1.0
#18 20.73  * [new tag]             apache-arrow-0.10.0    -> apache-arrow-0.10.0
#18 20.73  * [new tag]             apache-arrow-0.11.0    -> apache-arrow-0.11.0
#18 20.73  * [new tag]             apache-arrow-0.12.0    -> apache-arrow-0.12.0
#18 20.73  * [new tag]             apache-arrow-0.13.0    -> apache-arrow-0.13.0
#18 20.73  * [new tag]             apache-arrow-0.14.0    -> apache-arrow-0.14.0
#18 20.73  * [new tag]             apache-arrow-0.15.0    -> apache-arrow-0.15.0
#18 20.73  * [new tag]             apache-arrow-0.16.0    -> apache-arrow-0.16.0
#18 20.73  * [new tag]             apache-arrow-0.17.0    -> apache-arrow-0.17.0
#18 20.73  * [new tag]             apache-arrow-0.2.0     -> apache-arrow-0.2.0
#18 20.73  * [new tag]             apache-arrow-0.4.0     -> apache-arrow-0.4.0
#18 20.73  * [new tag]             apache-arrow-0.4.1     -> apache-arrow-0.4.1
#18 20.73  * [new tag]             apache-arrow-0.5.0     -> apache-arrow-0.5.0
#18 20.73  * [new tag]             apache-arrow-0.6.0     -> apache-arrow-0.6.0
#18 20.73  * [new tag]             apache-arrow-0.7.0     -> apache-arrow-0.7.0
#18 20.73  * [new tag]             apache-arrow-0.7.1     -> apache-arrow-0.7.1
#18 20.74  * [new tag]             apache-arrow-0.8.0     -> apache-arrow-0.8.0
#18 20.74  * [new tag]             apache-arrow-0.9.0     -> apache-arrow-0.9.0
#18 20.74  * [new tag]             apache-arrow-1.0.0     -> apache-arrow-1.0.0
#18 20.74  * [new tag]             apache-arrow-2.0.0     -> apache-arrow-2.0.0
#18 20.74  * [new tag]             apache-arrow-3.0.0     -> apache-arrow-3.0.0
#18 20.74  * [new tag]             apache-arrow-5.0.0.dev -> apache-arrow-5.0.0.dev
#18 20.74  * [new tag]             apache-arrow-6.0.0.dev -> apache-arrow-6.0.0.dev
#18 20.74  * [new tag]             apache-arrow-7.0.0.dev -> apache-arrow-7.0.0.dev
#18 20.74  * [new tag]             apache-arrow-8.0.0.dev -> apache-arrow-8.0.0.dev
#18 20.74  * [new tag]             apache-arrow-js-0.2.0  -> apache-arrow-js-0.2.0
#18 20.74  * [new tag]             apache-arrow-js-0.3.0  -> apache-arrow-js-0.3.0
#18 20.74  * [new tag]             apache-arrow-js-0.4.0  -> apache-arrow-js-0.4.0
#18 20.74  * [new tag]             apache-arrow-js-0.4.1  -> apache-arrow-js-0.4.1
#18 21.96 Fetching submodule cpp/submodules/parquet-testing
#18 22.35 Fetching submodule testing
#18 24.03 From https://github.com/apache/arrow-testing
#18 24.03  * branch            0beeda3a0b9dc28cf18b6bb09f706e5caa5160d1 -> FETCH_HEAD
#18 25.93 From https://github.com/apache/parquet-testing
#18 25.93  * branch            8f2a069ed2c58787e5be2a3ca8c68bc801b8eafa -> FETCH_HEAD
#18 25.96 error: pathspec '3df5b280' did not match any file(s) known to git
#18 25.97 error: pathspec '3df5b280' did not match any file(s) known to git
#18 25.98 error: pathspec '3df5b280' did not match any file(s) known to git
#18 26.01 error: pathspec '3df5b280' did not match any file(s) known to git
#18 26.02 error: pathspec '3df5b280' did not match any file(s) known to git
#18 26.04 error: pathspec '3df5b280' did not match any file(s) known to git
#18 26.04 error: pathspec '3df5b280' did not match any file(s) known to git
#18 26.05 error: pathspec '3df5b280' did not match any file(s) known to git
#18 26.07 error: pathspec '3df5b280' did not match any file(s) known to git
#18 26.09 error: pathspec '3df5b280' did not match any file(s) known to git
#18 26.10 error: pathspec '3df5b280' did not match any file(s) known to git
#18 26.11 error: pathspec '3df5b280' did not match any file(s) known to git
#18 26.11 error: pathspec '3df5b280' did not match any file(s) known to git
#18 26.12 error: pathspec '3df5b280' did not match any file(s) known to git
#18 26.13 error: pathspec '3df5b280' did not match any file(s) known to git
#18 26.14 error: pathspec '3df5b280' did not match any file(s) known to git
#18 26.15 error: pathspec '3df5b280' did not match any file(s) known to git
#18 26.15 error: pathspec '3df5b280' did not match any file(s) known to git
#18 26.16 error: pathspec '3df5b280' did not match any file(s) known to git
#18 26.17 error: pathspec '3df5b280' did not match any file(s) known to git
#18 26.18 error: pathspec '3df5b280' did not match any file(s) known to git
#18 26.18 error: pathspec '3df5b280' did not match any file(s) known to git
#18 26.19 error: pathspec '3df5b280' did not match any file(s) known to git
#18 26.20 error: pathspec '3df5b280' did not match any file(s) known to git
#18 26.21 error: pathspec '3df5b280' did not match any file(s) known to git
#18 26.22 error: pathspec '3df5b280' did not match any file(s) known to git
#18 26.22 error: pathspec '3df5b280' did not match any file(s) known to git
#18 26.23 error: pathspec '3df5b280' did not match any file(s) known to git
#18 26.24 error: pathspec '3df5b280' did not match any file(s) known to git
#18 26.25 error: pathspec '3df5b280' did not match any file(s) known to git
#18 26.26 error: pathspec '3df5b280' did not match any file(s) known to git
#18 26.26 error: pathspec '3df5b280' did not match any file(s) known to git
#18 26.27 error: pathspec '3df5b280' did not match any file(s) known to git
#18 26.28 error: pathspec '3df5b280' did not match any file(s) known to git
#18 26.29 error: pathspec '3df5b280' did not match any file(s) known to git
#18 26.30 error: pathspec '3df5b280' did not match any file(s) known to git
#18 26.30 error: pathspec '3df5b280' did not match any file(s) known to git
#18 26.31 error: pathspec '3df5b280' did not match any file(s) known to git
#18 26.32 error: pathspec '3df5b280' did not match any file(s) known to git
#18 26.33 error: pathspec '3df5b280' did not match any file(s) known to git
#18 26.34 error: pathspec '3df5b280' did not match any file(s) known to git
#18 26.35 error: pathspec '3df5b280' did not match any file(s) known to git
#18 26.36 error: pathspec '3df5b280' did not match any file(s) known to git
#18 26.37 error: pathspec '3df5b280' did not match any file(s) known to git
#18 26.37 error: pathspec '3df5b280' did not match any file(s) known to git
#18 26.38 error: pathspec '3df5b280' did not match any file(s) known to git
#18 26.40 error: pathspec '3df5b280' did not match any file(s) known to git
#18 26.41 error: pathspec '3df5b280' did not match any file(s) known to git
#18 26.45 Checkout unsuccessful.
#18 DONE 27.0s

#19 [stage-1 12/13] RUN echo "#!/bin/bash\nPYTHONPATH=/src python3 -u -c "from fuzzers import utils; utils.initialize_env(); from fuzzers.afl import fuzzer; fuzzer.build()"" > /usr/bin/fuzzer_build &&     chmod +x /usr/bin/fuzzer_build
#19 sha256:e3305faa7342c9beab15c6d7bcc27aa5ebc0c4e5b63b6f31f9c9c5863b69f29c
#19 DONE 0.9s

#20 [stage-1 13/13] RUN echo "Run fuzzer_build to build the target" && if [ -z "$debug_builder" ] ; then fuzzer_build; fi
#20 sha256:d97b4125674c86e7a7587efc0f1cf6cd66f0b39c83042f2455139c37cadc1664
#20 0.550 Run fuzzer_build to build the target
#20 0.667 FUZZ_TARGET = arrow
#20 0.667 CFLAGS = -DFUZZING_BUILD_MODE_UNSAFE_FOR_PRODUCTION -pthread -Wl,--no-as-needed -Wl,-ldl -Wl,-lm -Wno-unused-command-line-argument -O3
#20 0.667 CXXFLAGS = -DFUZZING_BUILD_MODE_UNSAFE_FOR_PRODUCTION -pthread -Wl,--no-as-needed -Wl,-ldl -Wl,-lm -Wno-unused-command-line-argument -stdlib=libc++ -O3
#20 0.691 Building benchmark arrow_arrow with fuzzer afl
#20 0.695 + set -ex
#20 0.695 + ARROW=/src/arrow/cpp
#20 0.695 + cd /work
#20 0.695 + export ASAN_OPTIONS=detect_leaks=0
#20 0.695 + ASAN_OPTIONS=detect_leaks=0
#20 0.695 + cmake /src/arrow/cpp -GNinja -DCMAKE_BUILD_TYPE=Release -DARROW_DEPENDENCY_SOURCE=BUNDLED -DBOOST_SOURCE=SYSTEM '-DCMAKE_C_FLAGS=-DFUZZING_BUILD_MODE_UNSAFE_FOR_PRODUCTION -pthread -Wl,--no-as-needed -Wl,-ldl -Wl,-lm -Wno-unused-command-line-argument -O3 -fsanitize-coverage=trace-pc-guard' '-DCMAKE_CXX_FLAGS=-DFUZZING_BUILD_MODE_UNSAFE_FOR_PRODUCTION -pthread -Wl,--no-as-needed -Wl,-ldl -Wl,-lm -Wno-unused-command-line-argument -stdlib=libc++ -O3 -fsanitize-coverage=trace-pc-guard' -DARROW_EXTRA_ERROR_CONTEXT=off -DARROW_JEMALLOC=off -DARROW_MIMALLOC=off -DARROW_FILESYSTEM=off -DARROW_PARQUET=on -DARROW_BUILD_SHARED=off -DARROW_BUILD_STATIC=on -DARROW_BUILD_TESTS=off -DARROW_BUILD_INTEGRATION=off -DARROW_BUILD_BENCHMARKS=off -DARROW_BUILD_EXAMPLES=off -DARROW_BUILD_UTILITIES=off -DARROW_TEST_LINKAGE=static -DPARQUET_BUILD_EXAMPLES=off -DPARQUET_BUILD_EXECUTABLES=off -DPARQUET_REQUIRE_ENCRYPTION=off -DARROW_WITH_BROTLI=off -DARROW_WITH_BZ2=off -DARROW_WITH_LZ4=off -DARROW_WITH_SNAPPY=off -DARROW_WITH_ZLIB=off -DARROW_WITH_ZSTD=off -DARROW_USE_GLOG=off -DARROW_USE_ASAN=off -DARROW_USE_UBSAN=off -DARROW_USE_TSAN=off -DARROW_FUZZING=on
#20 0.767 -- Building using CMake version: 3.21.1
#20 1.005 -- The C compiler identification is Clang 14.0.0
#20 1.268 -- The CXX compiler identification is Clang 14.0.0
#20 1.290 -- Detecting C compiler ABI info
#20 1.447 -- Detecting C compiler ABI info - done
#20 1.497 -- Check for working C compiler: /usr/local/bin/clang - skipped
#20 1.511 -- Detecting C compile features
#20 1.512 -- Detecting C compile features - done
#20 1.521 -- Detecting CXX compiler ABI info
#20 1.712 -- Detecting CXX compiler ABI info - done
#20 1.777 -- Check for working CXX compiler: /usr/local/bin/clang++ - skipped
#20 1.777 -- Detecting CXX compile features
#20 1.778 -- Detecting CXX compile features - done
#20 1.786 -- Arrow version: 8.0.0 (full: '8.0.0-SNAPSHOT')
#20 1.786 -- Arrow SO version: 800 (full: 800.0.0)
#20 1.807 -- clang-tidy 12 not found
#20 1.807 -- clang-format 12 not found
#20 1.807 -- Could NOT find ClangTools (missing: CLANG_FORMAT_BIN CLANG_TIDY_BIN) 
#20 1.808 -- infer not found
#20 2.467 -- Found Python3: /usr/local/bin/python3.8 (found version "3.8.6") found components: Interpreter 
#20 2.472 -- Found cpplint executable at /src/arrow/cpp/build-support/cpplint.py
#20 2.477 -- System processor: x86_64
#20 2.478 -- Performing Test CXX_SUPPORTS_SSE4_2
#20 2.665 -- Performing Test CXX_SUPPORTS_SSE4_2 - Success
#20 2.667 -- Performing Test CXX_SUPPORTS_AVX2
#20 2.848 -- Performing Test CXX_SUPPORTS_AVX2 - Success
#20 2.849 -- Performing Test CXX_SUPPORTS_AVX512
#20 3.745 -- Performing Test CXX_SUPPORTS_AVX512 - Success
#20 3.746 -- Arrow build warning level: PRODUCTION
#20 3.761 Using ld linker
#20 3.761 Configured for RELEASE build (set with cmake -DCMAKE_BUILD_TYPE={release,debug,...})
#20 3.761 -- Build Type: RELEASE
#20 3.793 -- Performing Test CXX_LINKER_SUPPORTS_VERSION_SCRIPT
#20 3.976 -- Performing Test CXX_LINKER_SUPPORTS_VERSION_SCRIPT - Success
#20 4.380 -- Using BUNDLED approach to find dependencies
#20 4.382 -- ARROW_ABSL_BUILD_VERSION: 20210324.2
#20 4.382 -- ARROW_ABSL_BUILD_SHA256_CHECKSUM: 59b862f50e710277f8ede96f083a5bb8d7c9595376146838b9580be90374ee1f
#20 4.382 -- ARROW_AWSSDK_BUILD_VERSION: 1.8.133
#20 4.382 -- ARROW_AWSSDK_BUILD_SHA256_CHECKSUM: d6c495bc06be5e21dac716571305d77437e7cfd62a2226b8fe48d9ab5785a8d6
#20 4.382 -- ARROW_AWS_CHECKSUMS_BUILD_VERSION: v0.1.12
#20 4.382 -- ARROW_AWS_CHECKSUMS_BUILD_SHA256_CHECKSUM: 394723034b81cc7cd528401775bc7aca2b12c7471c92350c80a0e2fb9d2909fe
#20 4.382 -- ARROW_AWS_C_COMMON_BUILD_VERSION: v0.6.9
#20 4.382 -- ARROW_AWS_C_COMMON_BUILD_SHA256_CHECKSUM: 928a3e36f24d1ee46f9eec360ec5cebfe8b9b8994fe39d4fa74ff51aebb12717
#20 4.382 -- ARROW_AWS_C_EVENT_STREAM_BUILD_VERSION: v0.1.5
#20 4.382 -- ARROW_AWS_C_EVENT_STREAM_BUILD_SHA256_CHECKSUM: f1b423a487b5d6dca118bfc0d0c6cc596dc476b282258a3228e73a8f730422d4
#20 4.382 -- ARROW_BOOST_BUILD_VERSION: 1.75.0
#20 4.383 -- ARROW_BOOST_BUILD_SHA256_CHECKSUM: 267e04a7c0bfe85daf796dedc789c3a27a76707e1c968f0a2a87bb96331e2b61
#20 4.383 -- ARROW_BROTLI_BUILD_VERSION: v1.0.9
#20 4.383 -- ARROW_BROTLI_BUILD_SHA256_CHECKSUM: f9e8d81d0405ba66d181529af42a3354f838c939095ff99930da6aa9cdf6fe46
#20 4.383 -- ARROW_BZIP2_BUILD_VERSION: 1.0.8
#20 4.383 -- ARROW_BZIP2_BUILD_SHA256_CHECKSUM: ab5a03176ee106d3f0fa90e381da478ddae405918153cca248e682cd0c4a2269
#20 4.383 -- ARROW_CARES_BUILD_VERSION: 1.17.2
#20 4.383 -- ARROW_CARES_BUILD_SHA256_CHECKSUM: 4803c844ce20ce510ef0eb83f8ea41fa24ecaae9d280c468c582d2bb25b3913d
#20 4.383 -- ARROW_CRC32C_BUILD_VERSION: 1.1.2
#20 4.383 -- ARROW_CRC32C_BUILD_SHA256_CHECKSUM: ac07840513072b7fcebda6e821068aa04889018f24e10e46181068fb214d7e56
#20 4.383 -- ARROW_GBENCHMARK_BUILD_VERSION: v1.6.0
#20 4.383 -- ARROW_GBENCHMARK_BUILD_SHA256_CHECKSUM: 1f71c72ce08d2c1310011ea6436b31e39ccab8c2db94186d26657d41747c85d6
#20 4.383 -- ARROW_GFLAGS_BUILD_VERSION: v2.2.2
#20 4.383 -- ARROW_GFLAGS_BUILD_SHA256_CHECKSUM: 34af2f15cf7367513b352bdcd2493ab14ce43692d2dcd9dfc499492966c64dcf
#20 4.383 -- ARROW_GLOG_BUILD_VERSION: v0.5.0
#20 4.383 -- ARROW_GLOG_BUILD_SHA256_CHECKSUM: eede71f28371bf39aa69b45de23b329d37214016e2055269b3b5e7cfd40b59f5
#20 4.384 -- ARROW_GOOGLE_CLOUD_CPP_BUILD_VERSION: v1.35.0
#20 4.384 -- ARROW_GOOGLE_CLOUD_CPP_BUILD_SHA256_CHECKSUM: e4e9eac1e7999eff195db270bc2a719004660b3730ebb5d2f444f2d2057e49b2
#20 4.384 -- ARROW_GRPC_BUILD_VERSION: v1.35.0
#20 4.384 -- ARROW_GRPC_BUILD_SHA256_CHECKSUM: 27dd2fc5c9809ddcde8eb6fa1fa278a3486566dfc28335fca13eb8df8bd3b958
#20 4.384 -- ARROW_GTEST_BUILD_VERSION: 1.11.0
#20 4.384 -- ARROW_GTEST_BUILD_SHA256_CHECKSUM: b4870bf121ff7795ba20d20bcdd8627b8e088f2d1dab299a031c1034eddc93d5
#20 4.384 -- ARROW_JEMALLOC_BUILD_VERSION: 5.2.1
#20 4.384 -- ARROW_JEMALLOC_BUILD_SHA256_CHECKSUM: 34330e5ce276099e2e8950d9335db5a875689a4c6a56751ef3b1d8c537f887f6
#20 4.384 -- ARROW_LZ4_BUILD_VERSION: 8f61d8eb7c6979769a484cde8df61ff7c4c77765
#20 4.384 -- ARROW_LZ4_BUILD_SHA256_CHECKSUM: 5b072d848f2f93fddb97e1143e22c1bd7fa19fc8431ee69e21758190a88125b4
#20 4.384 -- ARROW_MIMALLOC_BUILD_VERSION: v1.7.3
#20 4.384 -- ARROW_MIMALLOC_BUILD_SHA256_CHECKSUM: 0f987bda01ca9df87ec90e9d98c63fa893ee61f3cca565e5ca5ed744fdcc5109
#20 4.384 -- ARROW_NLOHMANN_JSON_BUILD_VERSION: v3.10.2
#20 4.385 -- ARROW_NLOHMANN_JSON_BUILD_SHA256_CHECKSUM: 081ed0f9f89805c2d96335c3acfa993b39a0a5b4b4cef7edb68dd2210a13458c
#20 4.385 -- ARROW_OPENTELEMETRY_BUILD_VERSION: v1.1.0
#20 4.385 -- ARROW_OPENTELEMETRY_BUILD_SHA256_CHECKSUM: f8fd3adddd47be382dc79c19d7e7efcf86a0dfbb5a237db6e0618dbb7eb8e058
#20 4.385 -- ARROW_OPENTELEMETRY_PROTO_BUILD_VERSION: v0.11.0
#20 4.385 -- ARROW_OPENTELEMETRY_PROTO_BUILD_SHA256_CHECKSUM: 985367f8905e91018e636cbf0d83ab3f834b665c4f5899a27d10cae9657710e2
#20 4.385 -- ARROW_ORC_BUILD_VERSION: 1.7.3
#20 4.385 -- ARROW_ORC_BUILD_SHA256_CHECKSUM: 535c4d7588172e85b8fc941cd0575d67f2155a55e4cd65d87d5b194b0bb28a31
#20 4.385 -- ARROW_PROTOBUF_BUILD_VERSION: v3.18.1
#20 4.385 -- ARROW_PROTOBUF_BUILD_SHA256_CHECKSUM: b8ab9bbdf0c6968cf20060794bc61e231fae82aaf69d6e3577c154181991f576
#20 4.385 -- ARROW_RAPIDJSON_BUILD_VERSION: 1a803826f1197b5e30703afe4b9c0e7dd48074f5
#20 4.385 -- ARROW_RAPIDJSON_BUILD_SHA256_CHECKSUM: 0b6b780b6c534bfb0b23d29910bfe361e486bcfeaf106db8bc8995792072905a
#20 4.385 -- ARROW_RE2_BUILD_VERSION: 2021-11-01
#20 4.386 -- ARROW_RE2_BUILD_SHA256_CHECKSUM: 8c45f7fba029ab41f2a7e6545058d9eec94eef97ce70df58e92d85cfc08b4669
#20 4.386 -- ARROW_SNAPPY_BUILD_VERSION: 1.1.9
#20 4.386 -- ARROW_SNAPPY_BUILD_SHA256_CHECKSUM: 75c1fbb3d618dd3a0483bff0e26d0a92b495bbe5059c8b4f1c962b478b6e06e7
#20 4.386 -- ARROW_SNAPPY_OLD_BUILD_VERSION: 1.1.8
#20 4.386 -- ARROW_SNAPPY_OLD_BUILD_SHA256_CHECKSUM: 16b677f07832a612b0836178db7f374e414f94657c138e6993cbfc5dcc58651f
#20 4.386 -- ARROW_THRIFT_BUILD_VERSION: 0.13.0
#20 4.386 -- ARROW_THRIFT_BUILD_SHA256_CHECKSUM: 7ad348b88033af46ce49148097afe354d513c1fca7c607b59c33ebb6064b5179
#20 4.386 -- ARROW_UTF8PROC_BUILD_VERSION: v2.7.0
#20 4.386 -- ARROW_UTF8PROC_BUILD_SHA256_CHECKSUM: 4bb121e297293c0fd55f08f83afab6d35d48f0af4ecc07523ad8ec99aa2b12a1
#20 4.386 -- ARROW_XSIMD_BUILD_VERSION: aeec9c872c8b475dedd7781336710f2dd2666cb2
#20 4.386 -- ARROW_XSIMD_BUILD_SHA256_CHECKSUM: 0a841e6c8acf216150e4fc19fca8e29fbab9614b56ac7b96e56019264ca27b26
#20 4.387 -- ARROW_ZLIB_BUILD_VERSION: 1.2.11
#20 4.387 -- ARROW_ZLIB_BUILD_SHA256_CHECKSUM: c3e5e9fdd5004dcb542feda5ee4f0ff0744628baf8ed2dd5d66f8ca1197cb1a1
#20 4.387 -- ARROW_ZSTD_BUILD_VERSION: v1.5.1
#20 4.387 -- ARROW_ZSTD_BUILD_SHA256_CHECKSUM: dc05773342b28f11658604381afd22cb0a13e8ba17ff2bd7516df377060c18dd
#20 4.392 -- Looking for pthread.h
#20 4.556 -- Looking for pthread.h - found
#20 4.556 -- Performing Test CMAKE_HAVE_LIBC_PTHREAD
#20 4.729 -- Performing Test CMAKE_HAVE_LIBC_PTHREAD - Success
#20 4.731 -- Found Threads: TRUE  
#20 4.737 -- Looking for _M_ARM64
#20 4.786 -- Looking for _M_ARM64 - not found
#20 4.787 -- Looking for __SIZEOF_INT128__
#20 4.989 -- Looking for __SIZEOF_INT128__ - found
#20 5.013 -- Found Boost: /usr/lib/x86_64-linux-gnu/cmake/Boost-1.71.0/BoostConfig.cmake (found suitable version "1.71.0", minimum required is "1.58") found components: system filesystem 
#20 5.015 -- Boost include dir: /usr/include
#20 5.015 -- Boost libraries: Boost::system;Boost::filesystem
#20 5.015 -- Building without OpenSSL support. Minimum OpenSSL version 1.0.2 required.
#20 5.015 Building Apache Thrift from source
#20 5.094 -- Building gtest from source
#20 5.115 -- Building RapidJSON from source
#20 5.136 -- Building xsimd from source
#20 5.157 -- Building RE2 from source
#20 5.178 -- Building utf8proc from source
#20 5.199 -- Found hdfs.h at: /src/arrow/cpp/thirdparty/hadoop/include/hdfs.h
#20 5.199 -- All bundled static libraries: thrift::thrift;re2::re2;utf8proc::utf8proc
#20 5.206 -- CMAKE_C_FLAGS: -DFUZZING_BUILD_MODE_UNSAFE_FOR_PRODUCTION -pthread -Wl,--no-as-needed -Wl,-ldl -Wl,-lm -Wno-unused-command-line-argument -O3 -fsanitize-coverage=trace-pc-guard -Qunused-arguments -O3 -DNDEBUG  -Wall -Wno-unknown-warning-option -Wno-pass-failed -msse4.2 
#20 5.206 -- CMAKE_CXX_FLAGS:  -DFUZZING_BUILD_MODE_UNSAFE_FOR_PRODUCTION -pthread -Wl,--no-as-needed -Wl,-ldl -Wl,-lm -Wno-unused-command-line-argument -stdlib=libc++ -O3 -fsanitize-coverage=trace-pc-guard -Qunused-arguments -fcolor-diagnostics -O3 -DNDEBUG  -Wall -Wno-unknown-warning-option -Wno-pass-failed -msse4.2  -fsanitize-coverage=pc-table,inline-8bit-counters,edge,no-prune,trace-cmp,trace-div,trace-gep
#20 5.223 -- Looking for backtrace
#20 5.394 -- Looking for backtrace - found
#20 5.395 -- backtrace facility detected in default set of libraries
#20 5.396 -- Found Backtrace: /usr/include  
#20 5.397 -- Creating bundled static library target arrow_bundled_dependencies at /work/release/libarrow_bundled_dependencies.a
#20 5.473 -- ---------------------------------------------------------------------
#20 5.473 -- Arrow version:                                 8.0.0-SNAPSHOT
#20 5.473 -- 
#20 5.473 -- Build configuration summary:
#20 5.473 --   Generator: Ninja
#20 5.473 --   Build type: RELEASE
#20 5.473 --   Source directory: /src/arrow/cpp
#20 5.473 --   Install prefix: /usr/local
#20 5.473 -- 
#20 5.473 -- Compile and link options:
#20 5.473 -- 
#20 5.473 --   ARROW_CXXFLAGS="" [default=""]
#20 5.473 --       Compiler flags to append when compiling Arrow
#20 5.473 --   ARROW_BUILD_STATIC=on [default=ON]
#20 5.473 --       Build static libraries
#20 5.473 --   ARROW_BUILD_SHARED=off [default=ON]
#20 5.473 --       Build shared libraries
#20 5.473 --   ARROW_PACKAGE_KIND="" [default=""]
#20 5.473 --       Arbitrary string that identifies the kind of package
#20 5.473 --       (for informational purposes)
#20 5.473 --   ARROW_GIT_ID=2a196601d520e7844f5cc70aa95f93a6fcb2d3bb [default=""]
#20 5.473 --       The Arrow git commit id (if any)
#20 5.473 --   ARROW_GIT_DESCRIPTION=apache-arrow-8.0.0.dev-94-g2a196601d [default=""]
#20 5.473 --       The Arrow git commit description (if any)
#20 5.473 --   ARROW_NO_DEPRECATED_API=OFF [default=OFF]
#20 5.473 --       Exclude deprecated APIs from build
#20 5.473 --   ARROW_USE_CCACHE=ON [default=ON]
#20 5.473 --       Use ccache when compiling (if available)
#20 5.473 --   ARROW_USE_LD_GOLD=OFF [default=OFF]
#20 5.473 --       Use ld.gold for linking on Linux (if available)
#20 5.474 --   ARROW_USE_PRECOMPILED_HEADERS=OFF [default=OFF]
#20 5.474 --       Use precompiled headers when compiling
#20 5.474 --   ARROW_SIMD_LEVEL=SSE4_2 [default=NONE|SSE4_2|AVX2|AVX512|NEON|DEFAULT]
#20 5.474 --       Compile-time SIMD optimization level
#20 5.474 --   ARROW_RUNTIME_SIMD_LEVEL=MAX [default=NONE|SSE4_2|AVX2|AVX512|MAX]
#20 5.474 --       Max runtime SIMD optimization level
#20 5.474 --   ARROW_ARMV8_ARCH=armv8-a [default=armv8-a|armv8-a+crc+crypto]
#20 5.474 --       Arm64 arch and extensions
#20 5.474 --   ARROW_ALTIVEC=ON [default=ON]
#20 5.474 --       Build with Altivec if compiler has support
#20 5.474 --   ARROW_RPATH_ORIGIN=OFF [default=OFF]
#20 5.474 --       Build Arrow libraries with RATH set to $ORIGIN
#20 5.474 --   ARROW_INSTALL_NAME_RPATH=ON [default=ON]
#20 5.474 --       Build Arrow libraries with install_name set to @rpath
#20 5.474 --   ARROW_GGDB_DEBUG=ON [default=ON]
#20 5.474 --       Pass -ggdb flag to debug builds
#20 5.474 -- 
#20 5.474 -- Test and benchmark options:
#20 5.474 -- 
#20 5.474 --   ARROW_BUILD_EXAMPLES=off [default=OFF]
#20 5.474 --       Build the Arrow examples
#20 5.474 --   ARROW_BUILD_TESTS=off [default=OFF]
#20 5.474 --       Build the Arrow googletest unit tests
#20 5.474 --   ARROW_ENABLE_TIMING_TESTS=ON [default=ON]
#20 5.474 --       Enable timing-sensitive tests
#20 5.474 --   ARROW_BUILD_INTEGRATION=off [default=OFF]
#20 5.474 --       Build the Arrow integration test executables
#20 5.474 --   ARROW_BUILD_BENCHMARKS=off [default=OFF]
#20 5.475 --       Build the Arrow micro benchmarks
#20 5.475 --   ARROW_BUILD_BENCHMARKS_REFERENCE=OFF [default=OFF]
#20 5.475 --       Build the Arrow micro reference benchmarks
#20 5.475 --   ARROW_BUILD_OPENMP_BENCHMARKS=OFF [default=OFF]
#20 5.475 --       Build the Arrow benchmarks that rely on OpenMP
#20 5.475 --   ARROW_BUILD_DETAILED_BENCHMARKS=OFF [default=OFF]
#20 5.475 --       Build benchmarks that do a longer exploration of performance
#20 5.475 --   ARROW_TEST_LINKAGE=static [default=shared|static]
#20 5.475 --       Linkage of Arrow libraries with unit tests executables.
#20 5.475 --   ARROW_FUZZING=on [default=OFF]
#20 5.475 --       Build Arrow Fuzzing executables
#20 5.475 --   ARROW_LARGE_MEMORY_TESTS=OFF [default=OFF]
#20 5.475 --       Enable unit tests which use large memory
#20 5.475 -- 
#20 5.475 -- Lint options:
#20 5.475 -- 
#20 5.475 --   ARROW_ONLY_LINT=OFF [default=OFF]
#20 5.475 --       Only define the lint and check-format targets
#20 5.475 --   ARROW_VERBOSE_LINT=OFF [default=OFF]
#20 5.475 --       If off, 'quiet' flags will be passed to linting tools
#20 5.475 --   ARROW_GENERATE_COVERAGE=OFF [default=OFF]
#20 5.475 --       Build with C++ code coverage enabled
#20 5.475 -- 
#20 5.475 -- Checks options:
#20 5.475 -- 
#20 5.475 --   ARROW_TEST_MEMCHECK=OFF [default=OFF]
#20 5.475 --       Run the test suite using valgrind --tool=memcheck
#20 5.475 --   ARROW_USE_ASAN=off [default=OFF]
#20 5.475 --       Enable Address Sanitizer checks
#20 5.476 --   ARROW_USE_TSAN=off [default=OFF]
#20 5.476 --       Enable Thread Sanitizer checks
#20 5.476 --   ARROW_USE_UBSAN=off [default=OFF]
#20 5.476 --       Enable Undefined Behavior sanitizer checks
#20 5.476 -- 
#20 5.476 -- Project component options:
#20 5.476 -- 
#20 5.476 --   ARROW_BUILD_UTILITIES=off [default=OFF]
#20 5.476 --       Build Arrow commandline utilities
#20 5.476 --   ARROW_COMPUTE=ON [default=OFF]
#20 5.476 --       Build the Arrow Compute Modules
#20 5.476 --   ARROW_CSV=OFF [default=OFF]
#20 5.476 --       Build the Arrow CSV Parser Module
#20 5.476 --   ARROW_CUDA=OFF [default=OFF]
#20 5.476 --       Build the Arrow CUDA extensions (requires CUDA toolkit)
#20 5.476 --   ARROW_DATASET=OFF [default=OFF]
#20 5.476 --       Build the Arrow Dataset Modules
#20 5.476 --   ARROW_ENGINE=OFF [default=OFF]
#20 5.476 --       Build the Arrow Query Engine Module
#20 5.476 --   ARROW_FILESYSTEM=off [default=OFF]
#20 5.476 --       Build the Arrow Filesystem Layer
#20 5.476 --   ARROW_FLIGHT=OFF [default=OFF]
#20 5.476 --       Build the Arrow Flight RPC System (requires GRPC, Protocol Buffers)
#20 5.476 --   ARROW_FLIGHT_SQL=OFF [default=OFF]
#20 5.476 --       Build the Arrow Flight SQL extension
#20 5.476 --   ARROW_GANDIVA=OFF [default=OFF]
#20 5.476 --       Build the Gandiva libraries
#20 5.476 --   ARROW_GCS=OFF [default=OFF]
#20 5.476 --       Build Arrow with GCS support (requires the GCloud SDK for C++)
#20 5.477 --   ARROW_HDFS=OFF [default=OFF]
#20 5.477 --       Build the Arrow HDFS bridge
#20 5.477 --   ARROW_HIVESERVER2=OFF [default=OFF]
#20 5.477 --       Build the HiveServer2 client and Arrow adapter
#20 5.477 --   ARROW_IPC=ON [default=ON]
#20 5.477 --       Build the Arrow IPC extensions
#20 5.477 --   ARROW_JEMALLOC=off [default=ON]
#20 5.477 --       Build the Arrow jemalloc-based allocator
#20 5.477 --   ARROW_JNI=OFF [default=OFF]
#20 5.477 --       Build the Arrow JNI lib
#20 5.477 --   ARROW_JSON=ON [default=OFF]
#20 5.477 --       Build Arrow with JSON support (requires RapidJSON)
#20 5.477 --   ARROW_MIMALLOC=off [default=OFF]
#20 5.477 --       Build the Arrow mimalloc-based allocator
#20 5.477 --   ARROW_PARQUET=on [default=OFF]
#20 5.477 --       Build the Parquet libraries
#20 5.477 --   ARROW_ORC=OFF [default=OFF]
#20 5.477 --       Build the Arrow ORC adapter
#20 5.477 --   ARROW_PLASMA=OFF [default=OFF]
#20 5.477 --       Build the plasma object store along with Arrow
#20 5.477 --   ARROW_PLASMA_JAVA_CLIENT=OFF [default=OFF]
#20 5.477 --       Build the plasma object store java client
#20 5.477 --   ARROW_PYTHON=OFF [default=OFF]
#20 5.477 --       Build the Arrow CPython extensions
#20 5.477 --   ARROW_S3=OFF [default=OFF]
#20 5.477 --       Build Arrow with S3 support (requires the AWS SDK for C++)
#20 5.477 --   ARROW_SKYHOOK=OFF [default=OFF]
#20 5.477 --       Build the Skyhook libraries
#20 5.477 --   ARROW_TENSORFLOW=OFF [default=OFF]
#20 5.477 --       Build Arrow with TensorFlow support enabled
#20 5.478 --   ARROW_TESTING=ON [default=OFF]
#20 5.478 --       Build the Arrow testing libraries
#20 5.478 -- 
#20 5.478 -- Thirdparty toolchain options:
#20 5.478 -- 
#20 5.478 --   ARROW_DEPENDENCY_SOURCE=BUNDLED [default=AUTO|BUNDLED|SYSTEM|CONDA|VCPKG|BREW]
#20 5.478 --       Method to use for acquiring arrow's build dependencies
#20 5.478 --   ARROW_VERBOSE_THIRDPARTY_BUILD=OFF [default=OFF]
#20 5.478 --       Show output from ExternalProjects rather than just logging to files
#20 5.478 --   ARROW_DEPENDENCY_USE_SHARED=ON [default=ON]
#20 5.478 --       Link to shared libraries
#20 5.478 --   ARROW_BOOST_USE_SHARED=ON [default=ON]
#20 5.478 --       Rely on boost shared libraries where relevant
#20 5.478 --   ARROW_BROTLI_USE_SHARED=ON [default=ON]
#20 5.478 --       Rely on Brotli shared libraries where relevant
#20 5.478 --   ARROW_BZ2_USE_SHARED=ON [default=ON]
#20 5.478 --       Rely on Bz2 shared libraries where relevant
#20 5.478 --   ARROW_GFLAGS_USE_SHARED=ON [default=ON]
#20 5.478 --       Rely on GFlags shared libraries where relevant
#20 5.478 --   ARROW_GRPC_USE_SHARED=ON [default=ON]
#20 5.478 --       Rely on gRPC shared libraries where relevant
#20 5.478 --   ARROW_LZ4_USE_SHARED=ON [default=ON]
#20 5.478 --       Rely on lz4 shared libraries where relevant
#20 5.478 --   ARROW_OPENSSL_USE_SHARED=ON [default=ON]
#20 5.478 --       Rely on OpenSSL shared libraries where relevant
#20 5.478 --   ARROW_PROTOBUF_USE_SHARED=ON [default=ON]
#20 5.478 --       Rely on Protocol Buffers shared libraries where relevant
#20 5.478 --   ARROW_THRIFT_USE_SHARED=ON [default=ON]
#20 5.478 --       Rely on thrift shared libraries where relevant
#20 5.478 --   ARROW_UTF8PROC_USE_SHARED=ON [default=ON]
#20 5.478 --       Rely on utf8proc shared libraries where relevant
#20 5.479 --   ARROW_SNAPPY_USE_SHARED=ON [default=ON]
#20 5.479 --       Rely on snappy shared libraries where relevant
#20 5.479 --   ARROW_UTF8PROC_USE_SHARED=ON [default=ON]
#20 5.479 --       Rely on utf8proc shared libraries where relevant
#20 5.479 --   ARROW_ZSTD_USE_SHARED=ON [default=ON]
#20 5.479 --       Rely on zstd shared libraries where relevant
#20 5.479 --   ARROW_USE_GLOG=off [default=OFF]
#20 5.479 --       Build libraries with glog support for pluggable logging
#20 5.479 --   ARROW_WITH_BACKTRACE=ON [default=ON]
#20 5.479 --       Build with backtrace support
#20 5.479 --   ARROW_WITH_OPENTELEMETRY=OFF [default=OFF]
#20 5.479 --       Build libraries with OpenTelemetry support for distributed tracing
#20 5.479 --   ARROW_WITH_BROTLI=off [default=OFF]
#20 5.479 --       Build with Brotli compression
#20 5.479 --   ARROW_WITH_BZ2=off [default=OFF]
#20 5.479 --       Build with BZ2 compression
#20 5.479 --   ARROW_WITH_LZ4=off [default=OFF]
#20 5.479 --       Build with lz4 compression
#20 5.479 --   ARROW_WITH_SNAPPY=off [default=OFF]
#20 5.479 --       Build with Snappy compression
#20 5.479 --   ARROW_WITH_ZLIB=off [default=OFF]
#20 5.479 --       Build with zlib compression
#20 5.479 --   ARROW_WITH_ZSTD=off [default=OFF]
#20 5.479 --       Build with zstd compression
#20 5.479 --   ARROW_WITH_UTF8PROC=ON [default=ON]
#20 5.479 --       Build with support for Unicode properties using the utf8proc library
#20 5.479 --       (only used if ARROW_COMPUTE is ON or ARROW_GANDIVA is ON)
#20 5.480 --   ARROW_WITH_RE2=ON [default=ON]
#20 5.480 --       Build with support for regular expressions using the re2 library
#20 5.480 --       (only used if ARROW_COMPUTE or ARROW_GANDIVA is ON)
#20 5.480 -- 
#20 5.480 -- Parquet options:
#20 5.480 -- 
#20 5.480 --   PARQUET_MINIMAL_DEPENDENCY=OFF [default=OFF]
#20 5.480 --       Depend only on Thirdparty headers to build libparquet.
#20 5.480 --       Always OFF if building binaries
#20 5.480 --   PARQUET_BUILD_EXECUTABLES=off [default=OFF]
#20 5.480 --       Build the Parquet executable CLI tools. Requires static libraries to be built.
#20 5.480 --   PARQUET_BUILD_EXAMPLES=off [default=OFF]
#20 5.480 --       Build the Parquet examples. Requires static libraries to be built.
#20 5.480 --   PARQUET_REQUIRE_ENCRYPTION=off [default=OFF]
#20 5.480 --       Build support for encryption. Fail if OpenSSL is not found
#20 5.480 -- 
#20 5.480 -- Gandiva options:
#20 5.480 -- 
#20 5.480 --   ARROW_GANDIVA_JAVA=OFF [default=OFF]
#20 5.480 --       Build the Gandiva JNI wrappers
#20 5.480 --   ARROW_GANDIVA_STATIC_LIBSTDCPP=OFF [default=OFF]
#20 5.480 --       Include -static-libstdc++ -static-libgcc when linking with
#20 5.480 --       Gandiva static libraries
#20 5.480 --   ARROW_GANDIVA_PC_CXX_FLAGS="" [default=""]
#20 5.480 --       Compiler flags to append when pre-compiling Gandiva operations
#20 5.480 -- 
#20 5.480 -- Advanced developer options:
#20 5.480 -- 
#20 5.480 --   ARROW_EXTRA_ERROR_CONTEXT=off [default=OFF]
#20 5.480 --       Compile with extra error context (line numbers, code)
#20 5.480 --   ARROW_OPTIONAL_INSTALL=OFF [default=OFF]
#20 5.480 --       If enabled install ONLY targets that have already been built. Please be
#20 5.480 --       advised that if this is enabled 'install' will fail silently on components
#20 5.480 --       that have not been built
#20 5.480 --   ARROW_SUBSTRAIT_REPO=https://github.com/substrait-io/substrait [default="https://github.com/substrait-io/substrait"]
#20 5.480 --       Custom git repository URL for downloading Substrait sources.
#20 5.480 --       See also ARROW_SUBSTRAIT_TAG
#20 5.480 --   ARROW_SUBSTRAIT_TAG=e1b4c04a1b518912f4c4065b16a1b2c0ac8e14cf [default="e1b4c04a1b518912f4c4065b16a1b2c0ac8e14cf"]
#20 5.480 --       Custom git hash/tag/branch for Substrait repository.
#20 5.481 --       See also ARROW_SUBSTRAIT_REPO
#20 5.481 --   Outputting build configuration summary to /work/cmake_summary.json
#20 5.487 -- Configuring done
#20 5.596 -- Generating done
#20 5.619 -- Build files have been written to: /work
#20 5.637 + cmake --build .
#20 5.678 [1/314] Creating directories for 'thrift_ep'
#20 5.679 [2/314] Creating directories for 'rapidjson_ep'
#20 5.679 [3/314] Creating directories for 'xsimd_ep'
#20 5.679 [4/314] Creating directories for 'utf8proc_ep'
#20 5.680 [5/314] Creating directories for 'googletest_ep'
#20 5.681 [6/314] Creating directories for 're2_ep'
#20 6.125 [7/314] Performing download step (download, verify and extract) for 'utf8proc_ep'
#20 6.131 [8/314] No update step for 'utf8proc_ep'
#20 6.134 [9/314] Performing download step (download, verify and extract) for 'xsimd_ep'
#20 6.136 [10/314] No patch step for 'utf8proc_ep'
#20 6.136 [11/314] Performing download step (download, verify and extract) for 're2_ep'
#20 6.142 [12/314] No update step for 'xsimd_ep'
#20 6.142 [13/314] No update step for 're2_ep'
#20 6.147 [14/314] No patch step for 'xsimd_ep'
#20 6.147 [15/314] No patch step for 're2_ep'
#20 6.251 [16/314] Performing download step (download, verify and extract) for 'googletest_ep'
#20 6.257 [17/314] No update step for 'googletest_ep'
#20 6.261 [18/314] No patch step for 'googletest_ep'
#20 6.319 [19/314] Performing download step (download, verify and extract) for 'rapidjson_ep'
#20 6.324 [20/314] No update step for 'rapidjson_ep'
#20 6.328 [21/314] No patch step for 'rapidjson_ep'
#20 6.602 [22/314] Performing configure step for 'utf8proc_ep'
#20 6.980 [23/314] Performing configure step for 'rapidjson_ep'
#20 6.996 [24/314] Performing build step for 'rapidjson_ep'
#20 7.054 [25/314] Performing install step for 'rapidjson_ep'
#20 7.063 [26/314] Completed 'rapidjson_ep'
#20 7.199 [27/314] Performing download step (download, verify and extract) for 'thrift_ep'
#20 7.204 [28/314] No update step for 'thrift_ep'
#20 7.208 [29/314] No patch step for 'thrift_ep'
#20 7.338 [30/314] Performing configure step for 'xsimd_ep'
#20 7.354 [31/314] Performing build step for 'xsimd_ep'
#20 7.393 [32/314] Performing install step for 'xsimd_ep'
#20 7.399 [33/314] Completed 'xsimd_ep'
#20 7.474 [34/314] Performing configure step for 're2_ep'
#20 9.144 [35/314] Performing build step for 'utf8proc_ep'
#20 9.288 [36/314] Performing install step for 'utf8proc_ep'
#20 9.314 [37/314] Completed 'utf8proc_ep'
#20 9.804 [38/314] Performing configure step for 'googletest_ep'
#20 25.82 [39/314] Performing configure step for 'thrift_ep'
#20 58.84 [40/314] Performing build step for 'thrift_ep'
#20 58.91 [41/314] Performing install step for 'thrift_ep'
#20 58.92 [42/314] Completed 'thrift_ep'
#20 60.92 [43/314] Performing build step for 're2_ep'
#20 60.95 [44/314] Performing build step for 'googletest_ep'
#20 60.97 [45/314] Performing install step for 're2_ep'
#20 60.97 [46/314] Completed 're2_ep'
#20 61.02 [47/314] Performing install step for 'googletest_ep'
#20 61.10 [48/314] Completed 'googletest_ep'
#20 64.79 [49/314] Building CXX object src/arrow/CMakeFiles/arrow_objlib.dir/array/array_decimal.cc.o
#20 65.11 [50/314] Building CXX object src/arrow/CMakeFiles/arrow_objlib.dir/array/array_primitive.cc.o
#20 65.61 [51/314] Building CXX object src/arrow/CMakeFiles/arrow_objlib.dir/array/array_binary.cc.o
#20 66.27 [52/314] Building CXX object src/arrow/CMakeFiles/arrow_objlib.dir/array/builder_decimal.cc.o
#20 67.67 [53/314] Building CXX object src/arrow/CMakeFiles/arrow_objlib.dir/array/builder_adaptive.cc.o
#20 68.22 [54/314] Building CXX object src/arrow/CMakeFiles/arrow_objlib.dir/array/builder_binary.cc.o
#20 72.66 [55/314] Building CXX object src/arrow/CMakeFiles/arrow_objlib.dir/array/builder_primitive.cc.o
#20 72.69 [56/314] Building CXX object src/arrow/CMakeFiles/arrow_objlib.dir/array/builder_base.cc.o
#20 73.94 [57/314] Building CXX object src/arrow/CMakeFiles/arrow_objlib.dir/array/builder_nested.cc.o
#20 74.25 [58/314] Building CXX object src/arrow/CMakeFiles/arrow_objlib.dir/array/builder_union.cc.o
#20 75.38 [59/314] Building CXX object src/arrow/CMakeFiles/arrow_objlib.dir/array/array_nested.cc.o
#20 75.71 [60/314] Building CXX object src/arrow/CMakeFiles/arrow_objlib.dir/array/data.cc.o
#20 79.09 [61/314] Building CXX object src/arrow/CMakeFiles/arrow_objlib.dir/array/concatenate.cc.o
#20 80.88 [62/314] Building CXX object src/arrow/CMakeFiles/arrow_objlib.dir/buffer.cc.o
#20 82.72 [63/314] Building CXX object src/arrow/CMakeFiles/arrow_objlib.dir/config.cc.o
#20 83.23 [64/314] Building CXX object src/arrow/CMakeFiles/arrow_objlib.dir/chunked_array.cc.o
#20 87.16 [65/314] Building CXX object src/arrow/CMakeFiles/arrow_objlib.dir/array/array_base.cc.o
#20 87.20 [66/314] Building CXX object src/arrow/CMakeFiles/arrow_objlib.dir/array/builder_dict.cc.o
#20 88.60 [67/314] Building CXX object src/arrow/CMakeFiles/arrow_objlib.dir/array/validate.cc.o
#20 91.55 [68/314] Building CXX object src/arrow/CMakeFiles/arrow_objlib.dir/datum.cc.o
#20 91.97 [69/314] Building CXX object src/arrow/CMakeFiles/arrow_objlib.dir/device.cc.o
#20 94.05 [70/314] Building CXX object src/arrow/CMakeFiles/arrow_objlib.dir/compare.cc.o
#20 94.54 [71/314] Building CXX object src/arrow/CMakeFiles/arrow_objlib.dir/array/util.cc.o
#20 94.80 [72/314] Building CXX object src/arrow/CMakeFiles/arrow_objlib.dir/array/array_dict.cc.o
#20 94.94 [73/314] Building CXX object src/arrow/CMakeFiles/arrow_objlib.dir/extension_type.cc.o
#20 96.79 [74/314] Building CXX object src/arrow/CMakeFiles/arrow_objlib.dir/result.cc.o
#20 97.82 [75/314] Building CXX object src/arrow/CMakeFiles/arrow_objlib.dir/status.cc.o
#20 97.92 [76/314] Building CXX object src/arrow/CMakeFiles/arrow_objlib.dir/memory_pool.cc.o
#20 102.6 [77/314] Building CXX object src/arrow/CMakeFiles/arrow_objlib.dir/record_batch.cc.o
#20 102.9 [78/314] Building CXX object src/arrow/CMakeFiles/arrow_objlib.dir/sparse_tensor.cc.o
#20 104.0 [79/314] Building CXX object src/arrow/CMakeFiles/arrow_objlib.dir/table_builder.cc.o
#20 106.2 [80/314] Building CXX object src/arrow/CMakeFiles/arrow_objlib.dir/tensor.cc.o
#20 110.7 [81/314] Building CXX object src/arrow/CMakeFiles/arrow_objlib.dir/table.cc.o
#20 110.7 [82/314] Building CXX object src/arrow/CMakeFiles/arrow_objlib.dir/tensor/csf_converter.cc.o
#20 110.7 [83/314] Building CXX object src/arrow/CMakeFiles/arrow_objlib.dir/tensor/csx_converter.cc.o
#20 116.8 [84/314] Building CXX object src/arrow/CMakeFiles/arrow_objlib.dir/visitor.cc.o
#20 118.2 [85/314] Building CXX object src/arrow/CMakeFiles/arrow_objlib.dir/io/buffered.cc.o
#20 119.9 [86/314] Building CXX object src/arrow/CMakeFiles/arrow_objlib.dir/pretty_print.cc.o
#20 125.1 [87/314] Building CXX object src/arrow/CMakeFiles/arrow_objlib.dir/io/compressed.cc.o
#20 125.1 [88/314] Building CXX object src/arrow/CMakeFiles/arrow_objlib.dir/io/caching.cc.o
#20 128.1 [89/314] Building CXX object src/arrow/CMakeFiles/arrow_objlib.dir/compute/kernels/aggregate_basic_avx2.cc.o
/bin/sh: 1: source: not found
#20 131.3 [90/314] Building CXX object src/arrow/CMakeFiles/arrow_objlib.dir/array/diff.cc.o
#20 131.6 [91/314] Building CXX object src/arrow/CMakeFiles/arrow_objlib.dir/io/file.cc.o
#20 133.1 [92/314] Building CXX object src/arrow/CMakeFiles/arrow_objlib.dir/tensor/coo_converter.cc.o
#20 134.4 [93/314] Building CXX object src/arrow/CMakeFiles/arrow_objlib.dir/io/hdfs_internal.cc.o
#1 [internal] load build definition from Dockerfile
#1 sha256:ebc7d46092fd39295cec870d38362efd4b116d8713138f550df5111ce30fda2e
#1 transferring dockerfile: 32B done
#1 DONE 0.4s

#2 [internal] load .dockerignore
#2 sha256:771daae9c82e6ae2792255593c3fc610038aa87b56937f7c77cf6f5fd0674d51
#2 transferring context: 2B done
#20 135.8 [94/314] Building CXX object src/arrow/CMakeFiles/arrow_objlib.dir/c/bridge.cc.o
#2 DONE 0.5s
#20 136.1 [95/314] Building CXX object src/arrow/CMakeFiles/arrow_objlib.dir/io/hdfs.cc.o

#3 [internal] load metadata for gcr.io/oss-fuzz-base/base-builder:latest
#3 sha256:f10dc39cc9d418a5bc416dead31a1902b6821fdae909cd3b08f7a3fd1faba7b5
#20 137.1 [96/314] Building CXX object src/arrow/CMakeFiles/arrow_objlib.dir/io/stdio.cc.o
#3 DONE 1.2s

#9 importing cache manifest from gcr.io/fuzzbench/builders/benchmark/arrow_arrow
#9 sha256:52b8c4ac6a410079727c30037fea5ee309fa67e7f74f09300e9080158057aa8e
#9 DONE 0.0s

#4 [1/4] FROM gcr.io/oss-fuzz-base/base-builder@sha256:112044a9815d235113677d459cf2ece740a51f2b85081c8f66943dcdc72ddf7f
#4 sha256:4aee4bf9f7280ac8b7f02b8d29e6e084dd034d2c294b4e3e05d8ce7048a1450f
#4 DONE 0.0s

#7 [internal] load build context
#7 sha256:20e1a0ce0ba7bdb8a757a73ad5c6e2ba319c6822f0cec64b112833b505eb8320
#7 transferring context: 30B done
#20 137.6 [97/314] Building CXX object src/arrow/CMakeFiles/arrow_objlib.dir/io/slow.cc.o
#7 DONE 0.4s

#6 [3/4] RUN git clone --depth=1 --recurse-submodules     https://github.com/apache/arrow.git /src/arrow
#6 sha256:9e3c29812b7af98fed6bac31af121930a90f9567199b447495f5149ac8fe4386
#6 CACHED

#5 [2/4] RUN apt-get update -y -q &&     apt-get update -y -q &&     apt-get install -y -q --no-install-recommends         bison         build-essential         cmake         flex         libboost-all-dev         ninja-build         python3
#5 sha256:1d5367ae4dc4bb149dd8c570a647ca472074ec442b2497f7822c948aff7fd7a5
#5 CACHED

#8 [4/4] COPY build.sh /src/
#8 sha256:e03432250c571caa549de5fc52e450d1f52b82dc5a5bd53e65c07948842ca507
#8 CACHED

#10 exporting to image
#10 sha256:e8c613e07b0b7ff33893b694f7759a10d42e180f2b4dc349fb57dc6b71dcab00
#10 exporting layers done
#10 writing image sha256:1c05432e07412622e32f0c91cb5df8e9c4dc056d5cf96ee22078ea6831201c95
#10 writing image sha256:1c05432e07412622e32f0c91cb5df8e9c4dc056d5cf96ee22078ea6831201c95 0.1s done
#10 naming to gcr.io/fuzzbench/builders/benchmark/arrow_arrow done
#10 DONE 1.3s

#11 exporting cache
#11 sha256:2700d4ef94dee473593c5c614b55b2dedcca7893909811a8f2b48291a1f581e4
#11 preparing build cache for export done
#11 DONE 0.0s
#20 139.3 [98/314] Building CXX object src/arrow/CMakeFiles/arrow_objlib.dir/type.cc.o
#20 140.1 [99/314] Building CXX object src/arrow/CMakeFiles/arrow_objlib.dir/io/memory.cc.o
#20 140.2 [100/314] Building CXX object src/arrow/CMakeFiles/arrow_objlib.dir/util/bit_block_counter.cc.o
#1 [internal] load build definition from builder.Dockerfile
#1 sha256:4b21f7b76c4ea0dbf1047ce64e89741e8776c4f02efc7db351e5d95dd1ec2102
#1 transferring dockerfile: 46B done
#20 140.4 [101/314] Building CXX object src/arrow/CMakeFiles/arrow_objlib.dir/io/interfaces.cc.o
#1 DONE 0.6s

#2 [internal] load .dockerignore
#2 sha256:60226b4e418cd73fe4b533027c3a46907a321f69401e2a5514b0f2cfadb69785
#2 transferring context: 2B done
#2 DONE 0.6s

#3 [internal] load metadata for gcr.io/fuzzbench/builders/benchmark/arrow_arrow:latest
#3 sha256:c791f821c5a2390e1458185242c42fbc45669871d0f2714d44c84d757aac8c0f
#3 DONE 0.0s

#4 importing cache manifest from gcr.io/fuzzbench/builders/afl/arrow_arrow-intermediate
#4 sha256:612c95e9e3811d71d89f0ef8ee259029c0051e2b1e030bab4ed6d93133bf26ad
#4 DONE 0.0s

#5 [1/3] FROM gcr.io/fuzzbench/builders/benchmark/arrow_arrow
#5 sha256:3d396ea1521cdb01f8e77f21b1291e9b6db35a56849f508e9865ca3febf35e11
#5 DONE 0.0s

#6 [2/3] RUN git clone https://github.com/google/AFL.git /afl &&     cd /afl &&     git checkout 61037103ae3722c8060ff7082994836a794f978e &&     AFL_NO_X86=1 make
#6 sha256:87a23b288fc2a3c30b9afc79464377074dd989e166dd27479a347cbf7a7ad1f7
#6 CACHED

#7 [3/3] RUN apt-get update &&     apt-get install wget -y &&     wget https://raw.githubusercontent.com/llvm/llvm-project/5feb80e748924606531ba28c97fe65145c65372e/compiler-rt/lib/fuzzer/afl/afl_driver.cpp -O /afl/afl_driver.cpp &&     clang -Wno-pointer-sign -c /afl/llvm_mode/afl-llvm-rt.o.c -I/afl &&     clang++ -stdlib=libc++ -std=c++11 -O2 -c /afl/afl_driver.cpp &&     ar r /libAFL.a *.o
#7 sha256:f9725b1c21330f7154e137d333189d4047b676390275c4d79aa526bc85367fca
#7 CACHED

#8 exporting to image
#8 sha256:e8c613e07b0b7ff33893b694f7759a10d42e180f2b4dc349fb57dc6b71dcab00
#8 exporting layers done
#8 writing image sha256:59756f3d42a42981bb70e5a09c829e297f4968752ae76f775d3891345d2d5560
#8 writing image sha256:59756f3d42a42981bb70e5a09c829e297f4968752ae76f775d3891345d2d5560 0.0s done
#8 naming to gcr.io/fuzzbench/builders/afl/arrow_arrow-intermediate done
#8 DONE 0.2s

#9 exporting cache
#9 sha256:2700d4ef94dee473593c5c614b55b2dedcca7893909811a8f2b48291a1f581e4
#9 preparing build cache for export done
#9 DONE 0.0s
#20 141.1 [102/314] Building CXX object src/arrow/CMakeFiles/arrow_objlib.dir/util/bit_run_reader.cc.o
#20 141.6 [103/314] Building CXX object src/arrow/CMakeFiles/arrow_objlib.dir/io/transform.cc.o
#20 142.0 [104/314] Building CXX object src/arrow/CMakeFiles/arrow_objlib.dir/util/basic_decimal.cc.o
#20 142.1 [105/314] Building CXX object src/arrow/CMakeFiles/arrow_objlib.dir/util/bit_util.cc.o
#20 143.6 [106/314] Building CXX object src/arrow/CMakeFiles/arrow_objlib.dir/util/bitmap_builders.cc.o
#1 [internal] load build definition from Dockerfile
#1 sha256:0f00ddea45610dd9c6446388ee4d38c5e5c4ce554c68a24d5be85057bf997155
#1 transferring dockerfile: 2.00kB done
#1 DONE 0.1s

#2 [internal] load .dockerignore
#2 sha256:522fb369902612a04d78030428b16758d65922f4ce908162e5bcb7a61c2a6187
#2 transferring context: 34B done
#2 DONE 0.2s

#3 [internal] load metadata for docker.io/library/ubuntu:xenial
#3 sha256:f62bae18ed588840f045c881b2502661f2a89578a2f8f99b83f5200ee83dd25b
#3 DONE 0.0s

#11 [1/7] FROM docker.io/library/ubuntu:xenial
#11 sha256:14dd403f25ae9e519bd44f27dc17af7ce80f5a4f9f48ca88108364e67ec5d360
#11 DONE 0.0s

#12 importing cache manifest from gcr.io/fuzzbench/base-image
#12 sha256:9b220ebb4d4daceed1b96df9b6dca076e762f1cd612574f010b82d5b9e5ad896
#12 DONE 0.0s

#6 [internal] load build context
#6 sha256:398181698dd68791fa5a1eb08cf5c246fe849fbfea9fb1943d7730371bc568af
#6 transferring context: 559B 0.0s done
#20 144.2 [107/314] Building CXX object src/arrow/CMakeFiles/arrow_objlib.dir/util/async_util.cc.o
#6 DONE 0.2s

#7 [4/7] COPY ./requirements.txt /
#7 sha256:11df7d090a94aa2789bdf533277d4ae54c770da48474a35ead772e189646ad8f
#7 CACHED

#8 [5/7] RUN pip3 install -r /requirements.txt
#8 sha256:c22e8a4d72d50cce4da7458768bcd53a2dec3944da2d0218f32a387130c29fb9
#8 CACHED

#9 [6/7] RUN apt-get update -y && apt-get install -y     apt-transport-https     lsb-release
#9 sha256:d788be4438d892ffd42d0affda62c72b16210b0868017aea8f4bd5c7969cc42b
#9 CACHED

#4 [2/7] RUN apt-get update -y && apt-get install -y     build-essential     rsync     curl     zlib1g-dev     libncurses5-dev     libgdbm-dev     libnss3-dev     libssl-dev     libreadline-dev     libffi-dev     virtualenv     libbz2-dev     liblzma-dev     libsqlite3-dev
#4 sha256:3a1b0960f17eed529eaae93dc8fd3554f2743dd584d8fa569cdbe6bc734371ac
#4 CACHED

#5 [3/7] RUN cd /tmp/ &&     curl -O https://www.python.org/ftp/python/3.8.6/Python-3.8.6.tar.xz &&     tar -xvf Python-3.8.6.tar.xz &&     cd Python-3.8.6 &&     ./configure --enable-loadable-sqlite-extensions --enable-optimizations &&     make -j install &&     rm -r /tmp/Python-3.8.6.tar.xz /tmp/Python-3.8.6
#5 sha256:c5b9d1fb3371e84dbc60b76e7b2f8d5913bc93bcd4910ab65daa03e7b2ec4bb0
#5 CACHED

#10 [7/7] RUN CLOUD_SDK_REPO="cloud-sdk-$(lsb_release -c -s)" &&     echo "deb https://packages.cloud.google.com/apt $CLOUD_SDK_REPO main"     | tee -a /etc/apt/sources.list.d/google-cloud-sdk.list &&     curl https://packages.cloud.google.com/apt/doc/apt-key.gpg     | apt-key add - &&     apt-get update -y &&     apt-get install -y google-cloud-sdk
#10 sha256:6952f45deb2529f63c18f8049043c6d27167b7ed0457d543f86a9c2771576789
#10 CACHED

#13 exporting to image
#13 sha256:e8c613e07b0b7ff33893b694f7759a10d42e180f2b4dc349fb57dc6b71dcab00
#13 exporting layers done
#13 writing image sha256:7c312afc0c92be055a6e596de5bde5bb2ff79522f51f5d5c5b849c01586f4ff7 0.0s done
#13 naming to gcr.io/fuzzbench/base-image done
#13 DONE 0.2s

#14 exporting cache
#14 sha256:2700d4ef94dee473593c5c614b55b2dedcca7893909811a8f2b48291a1f581e4
#14 preparing build cache for export done
#14 DONE 0.0s
#20 145.2 [108/314] Building CXX object src/arrow/CMakeFiles/arrow_objlib.dir/util/bitmap.cc.o
#20 145.4 [109/314] Building CXX object src/arrow/CMakeFiles/arrow_objlib.dir/util/debug.cc.o
#1 [internal] load build definition from Dockerfile
#1 sha256:f01ecb33efb5bc466f6c30f788cb0ad0ac4e1454cf6325d27fcfec7eff824d94
#1 transferring dockerfile: 2.22kB done
#1 DONE 0.1s

#2 [internal] load .dockerignore
#2 sha256:fb416f8d4aab76c53dd115266687cf3ace4d3509546321486e96b7684345238c
#2 transferring context: 34B done
#2 DONE 0.1s

#8 [base-image 1/1] FROM gcr.io/fuzzbench/base-image
#8 sha256:4d07825694520f8b6f6a0d8592dbd345433361ae044cb7f06706c5a95e3daaad
#8 CACHED

#7 [stage-1  1/13] FROM gcr.io/fuzzbench/builders/afl/arrow_arrow-intermediate
#7 sha256:709fd35d9144b867e2c2693fd1cf7c030e24ca311d5b97a3e7bee0aa35cb98e6
#7 DONE 0.5s

#6 [stage-1  2/13] COPY --from=base-image /usr/local/bin/python3* /usr/local/bin/
#6 sha256:92680b7f7d697f488a6c6db5ecd76cfef0f31a1f398cb4543b320ea229dc585c
#6 DONE 0.6s

#9 [stage-1  3/13] COPY --from=base-image /usr/local/lib/python3.8 /usr/local/lib/python3.8
#9 sha256:959676c46abe6e5dfbeefe64b4f9d8a51edac248f1da794be0f16e8b0cf078fc
#9 DONE 14.7s

#10 [stage-1  4/13] COPY --from=base-image /usr/local/include/python3.8 /usr/local/include/python3.8
#10 sha256:56f3668c581ebbfd178b77f1987e19cf64af45644f75afe2eae13a33a045a4e9
#10 DONE 0.2s

#11 [stage-1  5/13] COPY --from=base-image /usr/local/lib/python3.8/site-packages /usr/local/lib/python3.8/site-packages
#11 sha256:94244727a380325e3d532e7e5f08f882d442be30a6cf9f1a79d6c0afb3817719
#11 DONE 22.8s

#3 [internal] load metadata for gcr.io/fuzzbench/base-image:latest
#3 sha256:932022888f650cc455b10eb5123bb08c0cccacac29a693e69314abbfd28a72c3
#3 DONE 0.0s

#4 [internal] load metadata for gcr.io/fuzzbench/builders/afl/arrow_arrow-intermediate:latest
#4 sha256:1f76ad463f9d8861547faadb7105ce0c99ca3c8fc00e6524c3d5c9d02c179ccf
#4 DONE 0.0s

#12 [internal] load build context
#12 sha256:05896dd3ae4f319809f0931673a635275b36bd46da989ecc18789a6b6db8705c
#12 DONE 0.0s

#5 importing cache manifest from gcr.io/fuzzbench/builders/afl/arrow_arrow
#5 sha256:00b7629c0669f5746dd8f72499c93dec53c82621ce904c7868e96cab88164536
#20 145.9 [110/314] Building CXX object src/arrow/CMakeFiles/arrow_objlib.dir/util/compression.cc.o
#5 ERROR: gcr.io/fuzzbench/builders/afl/arrow_arrow:latest: not found

#12 [internal] load build context
#12 sha256:05896dd3ae4f319809f0931673a635275b36bd46da989ecc18789a6b6db8705c
#12 transferring context: 669.86kB 0.2s done
#12 DONE 0.2s
#20 147.0 [111/314] Building CXX object src/arrow/CMakeFiles/arrow_objlib.dir/util/cancel.cc.o
#20 147.5 [112/314] Building CXX object src/arrow/CMakeFiles/arrow_objlib.dir/util/counting_semaphore.cc.o
#20 149.4 [113/314] Building CXX object src/arrow/CMakeFiles/arrow_objlib.dir/util/delimiting.cc.o
#20 149.4 [114/314] Building CXX object src/arrow/CMakeFiles/arrow_objlib.dir/util/bitmap_ops.cc.o
#20 149.8 [115/314] Building CXX object src/arrow/CMakeFiles/arrow_objlib.dir/util/cpu_info.cc.o
#20 151.2 [116/314] Building CXX object src/arrow/CMakeFiles/arrow_objlib.dir/util/bpacking.cc.o
#20 151.8 [117/314] Building CXX object src/arrow/CMakeFiles/arrow_objlib.dir/scalar.cc.o
#20 152.0 [118/314] Building CXX object src/arrow/CMakeFiles/arrow_objlib.dir/util/formatting.cc.o
#20 152.5 [119/314] Building CXX object src/arrow/CMakeFiles/arrow_objlib.dir/util/logging.cc.o
#20 152.6 [120/314] Building CXX object src/arrow/CMakeFiles/arrow_objlib.dir/util/byte_size.cc.o
#20 154.5 [121/314] Building CXX object src/arrow/CMakeFiles/arrow_objlib.dir/util/mutex.cc.o
#20 155.2 [122/314] Building CXX object src/arrow/CMakeFiles/arrow_objlib.dir/util/decimal.cc.o
#20 155.5 [123/314] Building CXX object src/arrow/CMakeFiles/arrow_objlib.dir/util/string_builder.cc.o
#20 156.6 [124/314] Building CXX object src/arrow/CMakeFiles/arrow_objlib.dir/util/future.cc.o
#20 156.9 [125/314] Building CXX object src/arrow/CMakeFiles/arrow_objlib.dir/util/string.cc.o
#20 158.0 [126/314] Building CXX object src/arrow/CMakeFiles/arrow_objlib.dir/util/memory.cc.o
#20 160.1 [127/314] Building CXX object src/arrow/CMakeFiles/arrow_objlib.dir/util/time.cc.o
#20 160.8 [128/314] Building CXX object src/arrow/CMakeFiles/arrow_objlib.dir/util/task_group.cc.o
#20 160.8 [129/314] Building CXX object src/arrow/CMakeFiles/arrow_objlib.dir/util/io_util.cc.o
#20 161.1 [130/314] Building CXX object src/arrow/CMakeFiles/arrow_objlib.dir/util/tdigest.cc.o
#20 161.4 [131/314] Building CXX object src/arrow/CMakeFiles/arrow_objlib.dir/util/tracing.cc.o
#20 161.4 [132/314] Building CXX object src/arrow/CMakeFiles/arrow_objlib.dir/util/key_value_metadata.cc.o
#20 162.5 [133/314] Building CXX object src/arrow/CMakeFiles/arrow_objlib.dir/util/unreachable.cc.o
#20 162.6 [134/314] Building CXX object src/arrow/CMakeFiles/arrow_objlib.dir/util/trie.cc.o
#20 163.8 [135/314] Building CXX object src/arrow/CMakeFiles/arrow_objlib.dir/util/thread_pool.cc.o
#20 164.3 [136/314] Building CXX object src/arrow/CMakeFiles/arrow_objlib.dir/vendored/double-conversion/bignum.cc.o
#20 164.4 [137/314] Building CXX object src/arrow/CMakeFiles/arrow_objlib.dir/vendored/base64.cpp.o
#20 164.6 [138/314] Building CXX object src/arrow/CMakeFiles/arrow_objlib.dir/vendored/double-conversion/bignum-dtoa.cc.o
#20 165.0 [139/314] Building CXX object src/arrow/CMakeFiles/arrow_objlib.dir/vendored/double-conversion/cached-powers.cc.o
#20 165.1 [140/314] Building CXX object src/arrow/CMakeFiles/arrow_objlib.dir/vendored/double-conversion/fast-dtoa.cc.o
#20 165.2 [141/314] Building CXX object src/arrow/CMakeFiles/arrow_objlib.dir/vendored/double-conversion/diy-fp.cc.o
#20 165.7 [142/314] Building CXX object src/arrow/CMakeFiles/arrow_objlib.dir/vendored/double-conversion/fixed-dtoa.cc.o
#20 165.8 [143/314] Building CXX object src/arrow/CMakeFiles/arrow_objlib.dir/vendored/double-conversion/strtod.cc.o
#20 166.2 [144/314] Building CXX object src/arrow/CMakeFiles/arrow_objlib.dir/util/utf8.cc.o
#20 169.1 [145/314] Building CXX object src/arrow/CMakeFiles/arrow_objlib.dir/util/uri.cc.o
#20 169.3 [146/314] Building CXX object src/arrow/CMakeFiles/arrow_objlib.dir/vendored/double-conversion/double-conversion.cc.o
#20 170.4 [147/314] Building CXX object src/arrow/CMakeFiles/arrow_objlib.dir/util/value_parsing.cc.o
#20 173.6 [148/314] Building CXX object src/arrow/CMakeFiles/arrow_objlib.dir/util/int_util.cc.o
#20 173.9 [149/314] Building CXX object src/arrow/CMakeFiles/arrow_objlib.dir/util/bpacking_avx2.cc.o
#20 174.8 [150/314] Building CXX object src/arrow/CMakeFiles/arrow_objlib.dir/util/bpacking_avx512.cc.o
#20 177.1 [151/314] Building CXX object src/arrow/CMakeFiles/arrow_objlib.dir/vendored/datetime/tz.cpp.o
#20 186.1 [152/314] Building CXX object src/arrow/CMakeFiles/arrow_objlib.dir/compute/cast.cc.o
#20 187.6 [153/314] Building CXX object src/arrow/CMakeFiles/arrow_objlib.dir/compute/exec.cc.o
#20 188.5 [154/314] Building CXX object src/arrow/CMakeFiles/arrow_objlib.dir/compute/exec/filter_node.cc.o
#20 192.9 [155/314] Building CXX object src/arrow/CMakeFiles/arrow_objlib.dir/compute/api_aggregate.cc.o
#20 193.8 [156/314] Building CXX object src/arrow/CMakeFiles/arrow_objlib.dir/compute/exec/aggregate_node.cc.o
#20 197.9 [157/314] Building CXX object src/arrow/CMakeFiles/arrow_objlib.dir/compute/api_vector.cc.o
#20 198.1 [158/314] Building CXX object src/arrow/CMakeFiles/arrow_objlib.dir/compute/exec/exec_plan.cc.o
#20 201.1 [159/314] Building CXX object src/arrow/CMakeFiles/arrow_objlib.dir/compute/exec/key_compare.cc.o
#20 203.7 [160/314] Building CXX object src/arrow/CMakeFiles/arrow_objlib.dir/compute/exec/key_hash.cc.o
#20 206.7 [161/314] Building CXX object src/arrow/CMakeFiles/arrow_objlib.dir/compute/exec/hash_join.cc.o
#20 208.1 [162/314] Building CXX object src/arrow/CMakeFiles/arrow_objlib.dir/compute/exec/key_map.cc.o
#20 210.4 [163/314] Building CXX object src/arrow/CMakeFiles/arrow_objlib.dir/compute/exec/options.cc.o
#20 211.1 [164/314] Building CXX object src/arrow/CMakeFiles/arrow_objlib.dir/compute/exec/key_encode.cc.o
#20 213.8 [165/314] Building CXX object src/arrow/CMakeFiles/arrow_objlib.dir/compute/exec/expression.cc.o
#20 214.0 [166/314] Building CXX object src/arrow/CMakeFiles/arrow_objlib.dir/compute/exec/hash_join_node.cc.o
#20 214.2 [167/314] Building CXX object src/arrow/CMakeFiles/arrow_objlib.dir/compute/exec/hash_join_dict.cc.o
#20 215.0 [168/314] Building CXX object src/arrow/CMakeFiles/arrow_objlib.dir/compute/exec/order_by_impl.cc.o
#20 218.6 [169/314] Building CXX object src/arrow/CMakeFiles/arrow_objlib.dir/compute/exec/task_util.cc.o
#20 220.3 [170/314] Building CXX object src/arrow/CMakeFiles/arrow_objlib.dir/compute/exec/project_node.cc.o
#20 222.9 [171/314] Building CXX object src/arrow/CMakeFiles/arrow_objlib.dir/compute/exec/util.cc.o
#20 224.9 [172/314] Building CXX object src/arrow/CMakeFiles/arrow_objlib.dir/compute/exec/union_node.cc.o
#20 225.2 [173/314] Building CXX object src/arrow/CMakeFiles/arrow_objlib.dir/compute/exec/sink_node.cc.o
#20 225.6 [174/314] Building CXX object src/arrow/CMakeFiles/arrow_objlib.dir/compute/exec/source_node.cc.o
#20 226.5 [175/314] Building CXX object src/arrow/CMakeFiles/arrow_objlib.dir/compute/exec/ir_consumer.cc.o
#20 229.6 [176/314] Building CXX object src/arrow/CMakeFiles/arrow_objlib.dir/compute/kernel.cc.o
#20 229.8 [177/314] Building CXX object src/arrow/CMakeFiles/arrow_objlib.dir/compute/function.cc.o
#20 231.4 [178/314] Building CXX object src/arrow/CMakeFiles/arrow_objlib.dir/compute/function_internal.cc.o
#20 234.5 [179/314] Building CXX object src/arrow/CMakeFiles/arrow_objlib.dir/compute/registry.cc.o
#20 239.4 [180/314] Building CXX object src/arrow/CMakeFiles/arrow_objlib.dir/compute/kernels/codegen_internal.cc.o
#20 241.1 [181/314] Building CXX object src/arrow/CMakeFiles/arrow_objlib.dir/compute/api_scalar.cc.o
#20 243.6 [182/314] Building CXX object src/arrow/CMakeFiles/arrow_objlib.dir/compute/kernels/aggregate_tdigest.cc.o
#20 247.0 [183/314] Building CXX object src/arrow/CMakeFiles/arrow_objlib.dir/compute/kernels/aggregate_var_std.cc.o
#20 247.0 [184/314] Building CXX object src/arrow/CMakeFiles/arrow_objlib.dir/compute/kernels/row_encoder.cc.o
#20 255.9 [185/314] Building CXX object src/arrow/CMakeFiles/arrow_objlib.dir/compute/kernels/scalar_cast_boolean.cc.o
#20 257.2 [186/314] Building CXX object src/arrow/CMakeFiles/arrow_objlib.dir/compute/kernels/scalar_cast_dictionary.cc.o
#20 269.6 [187/314] Building CXX object src/arrow/CMakeFiles/arrow_objlib.dir/compute/kernels/scalar_cast_nested.cc.o
#20 270.3 [188/314] Building CXX object src/arrow/CMakeFiles/arrow_objlib.dir/compute/kernels/aggregate_quantile.cc.o
#20 270.4 [189/314] Building CXX object src/arrow/CMakeFiles/arrow_objlib.dir/builder.cc.o
#20 273.5 [190/314] Building CXX object src/arrow/CMakeFiles/arrow_objlib.dir/compute/kernels/scalar_boolean.cc.o
#20 275.6 [191/314] Building CXX object src/arrow/ipc/CMakeFiles/arrow-ipc-tensor-stream-fuzz.dir/tensor_stream_fuzz.cc.o
#20 278.7 [192/314] Building CXX object src/arrow/CMakeFiles/arrow_objlib.dir/compute/kernels/aggregate_mode.cc.o
#20 279.8 [193/314] Building CXX object src/arrow/CMakeFiles/arrow_objlib.dir/compute/kernels/scalar_cast_internal.cc.o
#20 290.5 [194/314] Building CXX object src/arrow/CMakeFiles/arrow_objlib.dir/compute/kernels/scalar_random.cc.o
#20 310.2 [195/314] Building CXX object src/arrow/CMakeFiles/arrow_objlib.dir/compute/kernels/scalar_cast_temporal.cc.o
#20 323.1 [196/314] Building CXX object src/arrow/CMakeFiles/arrow_objlib.dir/compute/kernels/scalar_set_lookup.cc.o
#20 327.7 [197/314] Building CXX object src/arrow/CMakeFiles/arrow_objlib.dir/compute/kernels/scalar_cast_numeric.cc.o
#20 327.8 [198/314] Building CXX object src/arrow/CMakeFiles/arrow_objlib.dir/compute/kernels/aggregate_basic.cc.o
#20 335.7 [199/314] Building CXX object src/arrow/CMakeFiles/arrow_objlib.dir/compute/kernels/scalar_cast_string.cc.o
#20 351.8 [200/314] Building CXX object src/arrow/CMakeFiles/arrow_objlib.dir/compute/kernels/scalar_validity.cc.o
#20 361.4 [201/314] Building CXX object src/arrow/CMakeFiles/arrow_objlib.dir/compute/kernels/util_internal.cc.o
#20 388.6 [202/314] Building CXX object src/arrow/CMakeFiles/arrow_objlib.dir/compute/kernels/scalar_if_else.cc.o
#20 403.7 [203/314] Building CXX object src/arrow/CMakeFiles/arrow_objlib.dir/compute/kernels/scalar_nested.cc.o
#20 403.9 [204/314] Building CXX object src/arrow/CMakeFiles/arrow_objlib.dir/compute/kernels/scalar_compare.cc.o
#20 403.9 [205/314] Building CXX object src/arrow/CMakeFiles/arrow_objlib.dir/compute/kernels/scalar_string_utf8.cc.o
#20 416.0 [206/314] Building CXX object src/arrow/CMakeFiles/arrow_objlib.dir/compute/kernels/vector_nested.cc.o
#20 428.5 [207/314] Building CXX object src/arrow/CMakeFiles/arrow_objlib.dir/compute/kernels/hash_aggregate.cc.o
#20 438.5 [208/314] Building CXX object src/arrow/CMakeFiles/arrow_objlib.dir/compute/kernels/vector_hash.cc.o
#20 446.4 [209/314] Building CXX object src/arrow/CMakeFiles/arrow_objlib.dir/compute/exec/key_compare_avx2.cc.o
#20 448.1 [210/314] Building CXX object src/arrow/CMakeFiles/arrow_objlib.dir/compute/kernels/vector_replace.cc.o
#20 452.4 [211/314] Building CXX object src/arrow/CMakeFiles/arrow_objlib.dir/compute/exec/key_encode_avx2.cc.o
#20 455.6 [212/314] Building CXX object src/arrow/CMakeFiles/arrow_objlib.dir/compute/exec/key_hash_avx2.cc.o
#20 460.1 [213/314] Building CXX object src/arrow/CMakeFiles/arrow_objlib.dir/compute/kernels/vector_array_sort.cc.o
#20 460.1 [214/314] Building CXX object src/arrow/CMakeFiles/arrow_objlib.dir/compute/exec/key_map_avx2.cc.o
#20 464.1 [215/314] Building CXX object src/arrow/CMakeFiles/arrow_objlib.dir/compute/exec/util_avx2.cc.o
#20 474.0 [216/314] Building CXX object src/arrow/CMakeFiles/arrow_objlib.dir/ipc/dictionary.cc.o
#20 478.3 [217/314] Building CXX object src/arrow/CMakeFiles/arrow_objlib.dir/compute/kernels/aggregate_basic_avx512.cc.o
#20 482.2 [218/314] Building CXX object src/arrow/CMakeFiles/arrow_objlib.dir/ipc/feather.cc.o
#20 482.3 [219/314] Building CXX object src/arrow/CMakeFiles/arrow_objlib.dir/ipc/options.cc.o
#20 486.5 [220/314] Building CXX object src/arrow/CMakeFiles/arrow_objlib.dir/ipc/message.cc.o
#20 489.2 [221/314] Building CXX object src/arrow/CMakeFiles/arrow_objlib.dir/compute/kernels/vector_selection.cc.o
#20 490.3 [222/314] Building CXX object src/arrow/CMakeFiles/arrow_objlib.dir/json/options.cc.o
#20 492.2 [223/314] Building CXX object src/arrow/CMakeFiles/arrow_objlib.dir/compute/kernels/scalar_string_ascii.cc.o
#20 502.7 [224/314] Building CXX object src/arrow/CMakeFiles/arrow_objlib.dir/json/chunker.cc.o
#20 505.6 [225/314] Building CXX object src/arrow/CMakeFiles/arrow_objlib.dir/ipc/metadata_internal.cc.o
#20 507.3 [226/314] Building CXX object src/arrow/CMakeFiles/arrow_objlib.dir/json/chunked_builder.cc.o
#20 512.8 [227/314] Building CXX object src/arrow/CMakeFiles/arrow_objlib.dir/json/object_parser.cc.o
#20 513.2 [228/314] Building CXX object src/arrow/CMakeFiles/arrow_objlib.dir/ipc/writer.cc.o
#20 514.2 [229/314] Building CXX object src/arrow/CMakeFiles/arrow_objlib.dir/json/object_writer.cc.o
#20 514.6 [230/314] Building C object src/arrow/CMakeFiles/arrow_objlib.dir/vendored/musl/strptime.c.o
#20 515.8 [231/314] Building C object src/arrow/CMakeFiles/arrow_objlib.dir/vendored/uriparser/UriCommon.c.o
#20 516.2 [232/314] Building C object src/arrow/CMakeFiles/arrow_objlib.dir/vendored/uriparser/UriCompare.c.o
#20 517.4 [233/314] Building C object src/arrow/CMakeFiles/arrow_objlib.dir/vendored/uriparser/UriEscape.c.o
#20 517.8 [234/314] Building C object src/arrow/CMakeFiles/arrow_objlib.dir/vendored/uriparser/UriFile.c.o
#20 517.9 [235/314] Building C object src/arrow/CMakeFiles/arrow_objlib.dir/vendored/uriparser/UriIp4Base.c.o
#20 518.8 [236/314] Building C object src/arrow/CMakeFiles/arrow_objlib.dir/vendored/uriparser/UriIp4.c.o
#20 519.3 [237/314] Building C object src/arrow/CMakeFiles/arrow_objlib.dir/vendored/uriparser/UriMemory.c.o
#20 519.5 [238/314] Building C object src/arrow/CMakeFiles/arrow_objlib.dir/vendored/uriparser/UriNormalizeBase.c.o
#20 523.2 [239/314] Building C object src/arrow/CMakeFiles/arrow_objlib.dir/vendored/uriparser/UriNormalize.c.o
#20 523.5 [240/314] Building C object src/arrow/CMakeFiles/arrow_objlib.dir/vendored/uriparser/UriParseBase.c.o
#20 528.8 [241/314] Building C object src/arrow/CMakeFiles/arrow_objlib.dir/vendored/uriparser/UriParse.c.o
#20 529.0 [242/314] Building CXX object src/arrow/CMakeFiles/arrow_objlib.dir/json/reader.cc.o
#20 530.1 [243/314] Building C object src/arrow/CMakeFiles/arrow_objlib.dir/vendored/uriparser/UriQuery.c.o
#20 530.5 [244/314] Building C object src/arrow/CMakeFiles/arrow_objlib.dir/vendored/uriparser/UriRecompose.c.o
#20 530.5 [245/314] Building C object src/arrow/CMakeFiles/arrow_objlib.dir/vendored/uriparser/UriResolve.c.o
#20 531.4 [246/314] Building C object src/arrow/CMakeFiles/arrow_objlib.dir/vendored/uriparser/UriShorten.c.o
#20 532.6 [247/314] Building CXX object src/arrow/CMakeFiles/arrow_objlib.dir/json/converter.cc.o
#20 542.4 [248/314] Building CXX object src/arrow/CMakeFiles/arrow_objlib.dir/json/parser.cc.o
#20 546.5 [249/314] Building CXX object src/arrow/CMakeFiles/arrow_testing_objlib.dir/testing/json_integration.cc.o
#20 546.9 [250/314] Building CXX object src/arrow/CMakeFiles/arrow_testing_objlib.dir/io/test_common.cc.o
#20 552.7 [251/314] Building CXX object src/arrow/CMakeFiles/arrow_objlib.dir/ipc/reader.cc.o
#20 555.1 [252/314] Building CXX object src/arrow/CMakeFiles/arrow_objlib.dir/ipc/json_simple.cc.o
#20 568.3 [253/314] Building CXX object src/arrow/CMakeFiles/arrow_testing_objlib.dir/testing/util.cc.o
#20 588.1 [254/314] Building CXX object src/arrow/CMakeFiles/arrow_testing_objlib.dir/testing/generator.cc.o
#20 588.3 [255/314] Bundling /work/release/libarrow_bundled_dependencies.a
#20 599.4 [256/314] Building CXX object src/arrow/ipc/CMakeFiles/arrow-ipc-file-fuzz.dir/file_fuzz.cc.o
#20 601.8 [257/314] Building CXX object src/arrow/CMakeFiles/arrow_testing_objlib.dir/testing/gtest_util.cc.o
#20 607.9 [258/314] Building CXX object src/arrow/CMakeFiles/arrow_testing_objlib.dir/ipc/test_common.cc.o
#20 615.3 [259/314] Building CXX object src/arrow/ipc/CMakeFiles/arrow-ipc-generate-tensor-fuzz-corpus.dir/generate_tensor_fuzz_corpus.cc.o
#20 618.3 [260/314] Building CXX object src/arrow/ipc/CMakeFiles/arrow-ipc-stream-fuzz.dir/stream_fuzz.cc.o
#20 619.0 [261/314] Building CXX object src/arrow/ipc/CMakeFiles/arrow-ipc-generate-fuzz-corpus.dir/generate_fuzz_corpus.cc.o
#20 627.7 [262/314] Building CXX object src/arrow/CMakeFiles/arrow_testing_objlib.dir/compute/exec/test_util.cc.o
#20 628.6 [263/314] Building CXX object src/arrow/CMakeFiles/arrow_testing_objlib.dir/testing/random.cc.o
#20 641.2 [264/314] Building CXX object src/parquet/CMakeFiles/parquet_objlib.dir/arrow/schema_internal.cc.o
#20 649.2 [265/314] Building CXX object src/arrow/CMakeFiles/arrow_objlib.dir/compute/kernels/scalar_arithmetic.cc.o
#20 658.7 [266/314] Building CXX object src/parquet/CMakeFiles/parquet_objlib.dir/bloom_filter.cc.o
#20 660.8 [267/314] Building CXX object src/arrow/CMakeFiles/arrow_objlib.dir/compute/kernels/scalar_temporal_unary.cc.o
#20 662.5 [268/314] Building CXX object src/parquet/CMakeFiles/parquet_objlib.dir/arrow/path_internal.cc.o
#20 664.1 [269/314] Building CXX object src/parquet/CMakeFiles/parquet_objlib.dir/arrow/writer.cc.o
#20 669.0 [270/314] Building CXX object src/parquet/CMakeFiles/parquet_objlib.dir/arrow/schema.cc.o
#20 670.8 [271/314] Building CXX object src/arrow/CMakeFiles/arrow_testing_objlib.dir/testing/json_internal.cc.o
#20 676.5 [272/314] Building CXX object src/parquet/CMakeFiles/parquet_objlib.dir/column_scanner.cc.o
#20 682.1 [273/314] Building CXX object src/parquet/CMakeFiles/parquet_objlib.dir/arrow/reader_internal.cc.o
#20 688.8 [274/314] Building CXX object src/parquet/CMakeFiles/parquet_objlib.dir/exception.cc.o
#20 689.7 [275/314] Building CXX object src/parquet/CMakeFiles/parquet_objlib.dir/encryption/internal_file_decryptor.cc.o
#20 694.1 [276/314] Building CXX object src/parquet/CMakeFiles/parquet_objlib.dir/encryption/internal_file_encryptor.cc.o
#20 694.6 [277/314] Building CXX object src/parquet/CMakeFiles/parquet_objlib.dir/encryption/encryption.cc.o
#20 702.3 [278/314] Building CXX object src/parquet/CMakeFiles/parquet_objlib.dir/level_comparison.cc.o
#20 707.9 [279/314] Building CXX object src/parquet/CMakeFiles/parquet_objlib.dir/level_conversion.cc.o
#20 712.3 [280/314] Building CXX object src/parquet/CMakeFiles/parquet_objlib.dir/arrow/reader.cc.o
#20 714.9 [281/314] Building CXX object src/parquet/CMakeFiles/parquet_objlib.dir/murmur3.cc.o
#20 716.0 [282/314] Building CXX object src/parquet/CMakeFiles/parquet_objlib.dir/file_writer.cc.o
#20 719.5 [283/314] Building CXX object src/arrow/CMakeFiles/arrow_objlib.dir/compute/kernels/scalar_temporal_binary.cc.o
#20 720.8 [284/314] Building CXX object src/parquet/CMakeFiles/parquet_objlib.dir/__/generated/parquet_constants.cpp.o
#20 723.6 [285/314] Building CXX object src/parquet/CMakeFiles/parquet_objlib.dir/platform.cc.o
#20 726.6 [286/314] Building CXX object src/parquet/CMakeFiles/parquet_objlib.dir/file_reader.cc.o
#20 739.2 [287/314] Building CXX object src/parquet/CMakeFiles/parquet_objlib.dir/properties.cc.o
#20 740.3 [288/314] Building CXX object src/parquet/CMakeFiles/parquet_objlib.dir/printer.cc.o
#20 758.8 [289/314] Building CXX object src/parquet/CMakeFiles/parquet_objlib.dir/stream_writer.cc.o
#20 759.3 [290/314] Building CXX object src/parquet/CMakeFiles/parquet_objlib.dir/schema.cc.o
#20 760.9 [291/314] Building CXX object src/parquet/CMakeFiles/parquet_objlib.dir/column_writer.cc.o
#20 764.5 [292/314] Building CXX object src/parquet/CMakeFiles/parquet_objlib.dir/stream_reader.cc.o
#20 765.7 [293/314] Building CXX object src/parquet/CMakeFiles/parquet_objlib.dir/level_comparison_avx2.cc.o
#20 768.3 [294/314] Building CXX object src/parquet/CMakeFiles/parquet_objlib.dir/column_reader.cc.o
#20 769.2 [295/314] Building CXX object src/parquet/CMakeFiles/parquet_objlib.dir/metadata.cc.o
#20 769.8 [296/314] Building CXX object src/parquet/CMakeFiles/parquet_objlib.dir/statistics.cc.o
#20 774.0 [297/314] Building CXX object src/parquet/CMakeFiles/parquet_objlib.dir/level_conversion_bmi2.cc.o
#20 776.7 [298/314] Building CXX object src/parquet/arrow/CMakeFiles/parquet-arrow-fuzz.dir/fuzz.cc.o
#20 777.1 [299/314] Building CXX object src/parquet/CMakeFiles/parquet_objlib.dir/__/generated/parquet_types.cpp.o
#20 777.8 [300/314] Building CXX object src/parquet/CMakeFiles/parquet_objlib.dir/encoding.cc.o
#20 777.9 [301/314] Building CXX object src/parquet/CMakeFiles/parquet_objlib.dir/encryption/encryption_internal_nossl.cc.o
#20 778.5 [302/314] Building CXX object src/parquet/CMakeFiles/parquet_objlib.dir/types.cc.o
#20 786.4 [303/314] Building CXX object src/parquet/arrow/CMakeFiles/parquet-arrow-generate-fuzz-corpus.dir/generate_fuzz_corpus.cc.o
#20 913.1 [304/314] Building CXX object src/arrow/CMakeFiles/arrow_objlib.dir/compute/kernels/vector_sort.cc.o
#20 913.8 [305/314] Linking CXX static library release/libarrow.a
#20 913.9 [306/314] Linking CXX static library release/libarrow_testing.a
#20 914.0 [307/314] Linking CXX static library release/libparquet.a
#20 920.4 [308/314] Linking CXX executable release/arrow-ipc-file-fuzz
#20 920.7 [309/314] Linking CXX executable release/arrow-ipc-stream-fuzz
#20 920.8 [310/314] Linking CXX executable release/arrow-ipc-tensor-stream-fuzz
#20 921.2 [311/314] Linking CXX executable release/arrow-ipc-generate-tensor-fuzz-corpus
#20 921.5 [312/314] Linking CXX executable release/arrow-ipc-generate-fuzz-corpus
#20 928.9 [313/314] Linking CXX executable release/parquet-arrow-generate-fuzz-corpus
#20 929.2 [314/314] Linking CXX executable release/parquet-arrow-fuzz
#20 929.3 + cp -a release/arrow-ipc-file-fuzz release/arrow-ipc-generate-fuzz-corpus release/arrow-ipc-generate-tensor-fuzz-corpus release/arrow-ipc-stream-fuzz release/arrow-ipc-tensor-stream-fuzz release/libarrow.a release/libarrow_bundled_dependencies.a release/libarrow_testing.a release/libparquet.a release/parquet-arrow-fuzz release/parquet-arrow-generate-fuzz-corpus /out
#20 930.6 + /src/arrow/cpp/build-support/fuzzing/generate_corpuses.sh /out
#20 930.6 + CORPUS_DIR=/tmp/corpus
#20 930.6 +++ dirname /src/arrow/cpp/build-support/fuzzing/generate_corpuses.sh
#20 930.6 ++ cd /src/arrow/cpp/build-support/fuzzing/../../..
#20 930.6 ++ pwd
#20 930.6 + ARROW_ROOT=/src/arrow
#20 930.6 + ARROW_CPP=/src/arrow/cpp
#20 930.6 + OUT=/out
#20 930.6 ++ find /src/arrow/testing/data/arrow-ipc-stream/integration -name '*.stream'
#20 930.6 + IPC_INTEGRATION_FILES='/src/arrow/testing/data/arrow-ipc-stream/integration/2.0.0-compression/generated_zstd.stream
#20 930.6 /src/arrow/testing/data/arrow-ipc-stream/integration/2.0.0-compression/generated_lz4.stream
#20 930.6 /src/arrow/testing/data/arrow-ipc-stream/integration/1.0.0-bigendian/generated_decimal256.stream
#20 930.6 /src/arrow/testing/data/arrow-ipc-stream/integration/1.0.0-bigendian/generated_nested.stream
#20 930.6 /src/arrow/testing/data/arrow-ipc-stream/integration/1.0.0-bigendian/generated_interval.stream
#20 930.6 /src/arrow/testing/data/arrow-ipc-stream/integration/1.0.0-bigendian/generated_map.stream
#20 930.6 /src/arrow/testing/data/arrow-ipc-stream/integration/1.0.0-bigendian/generated_custom_metadata.stream
#20 930.6 /src/arrow/testing/data/arrow-ipc-stream/integration/1.0.0-bigendian/generated_null.stream
#20 930.6 /src/arrow/testing/data/arrow-ipc-stream/integration/1.0.0-bigendian/generated_union.stream
#20 930.6 /src/arrow/testing/data/arrow-ipc-stream/integration/1.0.0-bigendian/generated_null_trivial.stream
#20 930.6 /src/arrow/testing/data/arrow-ipc-stream/integration/1.0.0-bigendian/generated_map_non_canonical.stream
#20 930.6 /src/arrow/testing/data/arrow-ipc-stream/integration/1.0.0-bigendian/generated_primitive_no_batches.stream
#20 930.6 /src/arrow/testing/data/arrow-ipc-stream/integration/1.0.0-bigendian/generated_duplicate_fieldnames.stream
#20 930.6 /src/arrow/testing/data/arrow-ipc-stream/integration/1.0.0-bigendian/generated_decimal.stream
#20 930.6 /src/arrow/testing/data/arrow-ipc-stream/integration/1.0.0-bigendian/generated_nested_dictionary.stream
#20 930.6 /src/arrow/testing/data/arrow-ipc-stream/integration/1.0.0-bigendian/generated_primitive_large_offsets.stream
#20 930.6 /src/arrow/testing/data/arrow-ipc-stream/integration/1.0.0-bigendian/generated_extension.stream
#20 930.6 /src/arrow/testing/data/arrow-ipc-stream/integration/1.0.0-bigendian/generated_nested_large_offsets.stream
#20 930.6 /src/arrow/testing/data/arrow-ipc-stream/integration/1.0.0-bigendian/generated_primitive_zerolength.stream
#20 930.6 /src/arrow/testing/data/arrow-ipc-stream/integration/1.0.0-bigendian/generated_datetime.stream
#20 930.6 /src/arrow/testing/data/arrow-ipc-stream/integration/1.0.0-bigendian/generated_recursive_nested.stream
#20 930.6 /src/arrow/testing/data/arrow-ipc-stream/integration/1.0.0-bigendian/generated_primitive.stream
#20 930.6 /src/arrow/testing/data/arrow-ipc-stream/integration/1.0.0-bigendian/generated_dictionary_unsigned.stream
#20 930.6 /src/arrow/testing/data/arrow-ipc-stream/integration/1.0.0-bigendian/generated_dictionary.stream
#20 930.6 /src/arrow/testing/data/arrow-ipc-stream/integration/0.14.1/generated_nested.stream
#20 930.6 /src/arrow/testing/data/arrow-ipc-stream/integration/0.14.1/generated_interval.stream
#20 930.6 /src/arrow/testing/data/arrow-ipc-stream/integration/0.14.1/generated_map.stream
#20 930.6 /src/arrow/testing/data/arrow-ipc-stream/integration/0.14.1/generated_primitive_no_batches.stream
#20 930.6 /src/arrow/testing/data/arrow-ipc-stream/integration/0.14.1/generated_decimal.stream
#20 930.6 /src/arrow/testing/data/arrow-ipc-stream/integration/0.14.1/generated_primitive_zerolength.stream
#20 930.6 /src/arrow/testing/data/arrow-ipc-stream/integration/0.14.1/generated_datetime.stream
#20 930.6 /src/arrow/testing/data/arrow-ipc-stream/integration/0.14.1/generated_primitive.stream
#20 930.6 /src/arrow/testing/data/arrow-ipc-stream/integration/0.14.1/generated_dictionary.stream
#20 930.6 /src/arrow/testing/data/arrow-ipc-stream/integration/0.17.1/generated_union.stream
#20 930.6 /src/arrow/testing/data/arrow-ipc-stream/integration/1.0.0-littleendian/generated_decimal256.stream
#20 930.6 /src/arrow/testing/data/arrow-ipc-stream/integration/1.0.0-littleendian/generated_nested.stream
#20 930.6 /src/arrow/testing/data/arrow-ipc-stream/integration/1.0.0-littleendian/generated_interval.stream
#20 930.6 /src/arrow/testing/data/arrow-ipc-stream/integration/1.0.0-littleendian/generated_map.stream
#20 930.6 /src/arrow/testing/data/arrow-ipc-stream/integration/1.0.0-littleendian/generated_custom_metadata.stream
#20 930.6 /src/arrow/testing/data/arrow-ipc-stream/integration/1.0.0-littleendian/generated_null.stream
#20 930.6 /src/arrow/testing/data/arrow-ipc-stream/integration/1.0.0-littleendian/generated_union.stream
#20 930.6 /src/arrow/testing/data/arrow-ipc-stream/integration/1.0.0-littleendian/generated_null_trivial.stream
#20 930.6 /src/arrow/testing/data/arrow-ipc-stream/integration/1.0.0-littleendian/generated_map_non_canonical.stream
#20 930.6 /src/arrow/testing/data/arrow-ipc-stream/integration/1.0.0-littleendian/generated_primitive_no_batches.stream
#20 930.6 /src/arrow/testing/data/arrow-ipc-stream/integration/1.0.0-littleendian/generated_duplicate_fieldnames.stream
#20 930.6 /src/arrow/testing/data/arrow-ipc-stream/integration/1.0.0-littleendian/generated_decimal.stream
#20 930.6 /src/arrow/testing/data/arrow-ipc-stream/integration/1.0.0-littleendian/generated_nested_dictionary.stream
#20 930.6 /src/arrow/testing/data/arrow-ipc-stream/integration/1.0.0-littleendian/generated_primitive_large_offsets.stream
#20 930.6 /src/arrow/testing/data/arrow-ipc-stream/integration/1.0.0-littleendian/generated_extension.stream
#20 930.6 /src/arrow/testing/data/arrow-ipc-stream/integration/1.0.0-littleendian/generated_nested_large_offsets.stream
#20 930.6 /src/arrow/testing/data/arrow-ipc-stream/integration/1.0.0-littleendian/generated_primitive_zerolength.stream
#20 930.6 /src/arrow/testing/data/arrow-ipc-stream/integration/1.0.0-littleendian/generated_datetime.stream
#20 930.6 /src/arrow/testing/data/arrow-ipc-stream/integration/1.0.0-littleendian/generated_recursive_nested.stream
#20 930.6 /src/arrow/testing/data/arrow-ipc-stream/integration/1.0.0-littleendian/generated_primitive.stream
#20 930.6 /src/arrow/testing/data/arrow-ipc-stream/integration/1.0.0-littleendian/generated_dictionary_unsigned.stream
#20 930.6 /src/arrow/testing/data/arrow-ipc-stream/integration/1.0.0-littleendian/generated_dictionary.stream
#20 930.6 /src/arrow/testing/data/arrow-ipc-stream/integration/4.0.0-shareddict/generated_shared_dict.stream'
#20 930.6 + rm -rf /tmp/corpus
#20 930.6 + /out/arrow-ipc-generate-fuzz-corpus -stream /tmp/corpus
#20 930.7 /tmp/corpus/batch-1
#20 930.7 /tmp/corpus/batch-2
#20 930.7 /tmp/corpus/batch-3
#20 930.7 /tmp/corpus/batch-4
#20 930.7 /tmp/corpus/batch-5
#20 930.7 /tmp/corpus/batch-6
#20 930.7 /tmp/corpus/batch-7
#20 930.7 /tmp/corpus/batch-8
#20 930.7 /tmp/corpus/batch-9
#20 930.7 /tmp/corpus/batch-10
#20 930.7 + cp --backup=numbered /src/arrow/testing/data/arrow-ipc-stream/integration/2.0.0-compression/generated_zstd.stream /src/arrow/testing/data/arrow-ipc-stream/integration/2.0.0-compression/generated_lz4.stream /src/arrow/testing/data/arrow-ipc-stream/integration/1.0.0-bigendian/generated_decimal256.stream /src/arrow/testing/data/arrow-ipc-stream/integration/1.0.0-bigendian/generated_nested.stream /src/arrow/testing/data/arrow-ipc-stream/integration/1.0.0-bigendian/generated_interval.stream /src/arrow/testing/data/arrow-ipc-stream/integration/1.0.0-bigendian/generated_map.stream /src/arrow/testing/data/arrow-ipc-stream/integration/1.0.0-bigendian/generated_custom_metadata.stream /src/arrow/testing/data/arrow-ipc-stream/integration/1.0.0-bigendian/generated_null.stream /src/arrow/testing/data/arrow-ipc-stream/integration/1.0.0-bigendian/generated_union.stream /src/arrow/testing/data/arrow-ipc-stream/integration/1.0.0-bigendian/generated_null_trivial.stream /src/arrow/testing/data/arrow-ipc-stream/integration/1.0.0-bigendian/generated_map_non_canonical.stream /src/arrow/testing/data/arrow-ipc-stream/integration/1.0.0-bigendian/generated_primitive_no_batches.stream /src/arrow/testing/data/arrow-ipc-stream/integration/1.0.0-bigendian/generated_duplicate_fieldnames.stream /src/arrow/testing/data/arrow-ipc-stream/integration/1.0.0-bigendian/generated_decimal.stream /src/arrow/testing/data/arrow-ipc-stream/integration/1.0.0-bigendian/generated_nested_dictionary.stream /src/arrow/testing/data/arrow-ipc-stream/integration/1.0.0-bigendian/generated_primitive_large_offsets.stream /src/arrow/testing/data/arrow-ipc-stream/integration/1.0.0-bigendian/generated_extension.stream /src/arrow/testing/data/arrow-ipc-stream/integration/1.0.0-bigendian/generated_nested_large_offsets.stream /src/arrow/testing/data/arrow-ipc-stream/integration/1.0.0-bigendian/generated_primitive_zerolength.stream /src/arrow/testing/data/arrow-ipc-stream/integration/1.0.0-bigendian/generated_datetime.stream /src/arrow/testing/data/arrow-ipc-stream/integration/1.0.0-bigendian/generated_recursive_nested.stream /src/arrow/testing/data/arrow-ipc-stream/integration/1.0.0-bigendian/generated_primitive.stream /src/arrow/testing/data/arrow-ipc-stream/integration/1.0.0-bigendian/generated_dictionary_unsigned.stream /src/arrow/testing/data/arrow-ipc-stream/integration/1.0.0-bigendian/generated_dictionary.stream /src/arrow/testing/data/arrow-ipc-stream/integration/0.14.1/generated_nested.stream /src/arrow/testing/data/arrow-ipc-stream/integration/0.14.1/generated_interval.stream /src/arrow/testing/data/arrow-ipc-stream/integration/0.14.1/generated_map.stream /src/arrow/testing/data/arrow-ipc-stream/integration/0.14.1/generated_primitive_no_batches.stream /src/arrow/testing/data/arrow-ipc-stream/integration/0.14.1/generated_decimal.stream /src/arrow/testing/data/arrow-ipc-stream/integration/0.14.1/generated_primitive_zerolength.stream /src/arrow/testing/data/arrow-ipc-stream/integration/0.14.1/generated_datetime.stream /src/arrow/testing/data/arrow-ipc-stream/integration/0.14.1/generated_primitive.stream /src/arrow/testing/data/arrow-ipc-stream/integration/0.14.1/generated_dictionary.stream /src/arrow/testing/data/arrow-ipc-stream/integration/0.17.1/generated_union.stream /src/arrow/testing/data/arrow-ipc-stream/integration/1.0.0-littleendian/generated_decimal256.stream /src/arrow/testing/data/arrow-ipc-stream/integration/1.0.0-littleendian/generated_nested.stream /src/arrow/testing/data/arrow-ipc-stream/integration/1.0.0-littleendian/generated_interval.stream /src/arrow/testing/data/arrow-ipc-stream/integration/1.0.0-littleendian/generated_map.stream /src/arrow/testing/data/arrow-ipc-stream/integration/1.0.0-littleendian/generated_custom_metadata.stream /src/arrow/testing/data/arrow-ipc-stream/integration/1.0.0-littleendian/generated_null.stream /src/arrow/testing/data/arrow-ipc-stream/integration/1.0.0-littleendian/generated_union.stream /src/arrow/testing/data/arrow-ipc-stream/integration/1.0.0-littleendian/generated_null_trivial.stream /src/arrow/testing/data/arrow-ipc-stream/integration/1.0.0-littleendian/generated_map_non_canonical.stream /src/arrow/testing/data/arrow-ipc-stream/integration/1.0.0-littleendian/generated_primitive_no_batches.stream /src/arrow/testing/data/arrow-ipc-stream/integration/1.0.0-littleendian/generated_duplicate_fieldnames.stream /src/arrow/testing/data/arrow-ipc-stream/integration/1.0.0-littleendian/generated_decimal.stream /src/arrow/testing/data/arrow-ipc-stream/integration/1.0.0-littleendian/generated_nested_dictionary.stream /src/arrow/testing/data/arrow-ipc-stream/integration/1.0.0-littleendian/generated_primitive_large_offsets.stream /src/arrow/testing/data/arrow-ipc-stream/integration/1.0.0-littleendian/generated_extension.stream /src/arrow/testing/data/arrow-ipc-stream/integration/1.0.0-littleendian/generated_nested_large_offsets.stream /src/arrow/testing/data/arrow-ipc-stream/integration/1.0.0-littleendian/generated_primitive_zerolength.stream /src/arrow/testing/data/arrow-ipc-stream/integration/1.0.0-littleendian/generated_datetime.stream /src/arrow/testing/data/arrow-ipc-stream/integration/1.0.0-littleendian/generated_recursive_nested.stream /src/arrow/testing/data/arrow-ipc-stream/integration/1.0.0-littleendian/generated_primitive.stream /src/arrow/testing/data/arrow-ipc-stream/integration/1.0.0-littleendian/generated_dictionary_unsigned.stream /src/arrow/testing/data/arrow-ipc-stream/integration/1.0.0-littleendian/generated_dictionary.stream /src/arrow/testing/data/arrow-ipc-stream/integration/4.0.0-shareddict/generated_shared_dict.stream /tmp/corpus
#20 930.7 + /src/arrow/cpp/build-support/fuzzing/pack_corpus.py /tmp/corpus /out/arrow-ipc-stream-fuzz_seed_corpus.zip
#20 930.9 + rm -rf /tmp/corpus
#20 930.9 + /out/arrow-ipc-generate-fuzz-corpus -file /tmp/corpus
#20 930.9 /tmp/corpus/batch-1
#20 930.9 /tmp/corpus/batch-2
#20 930.9 /tmp/corpus/batch-3
#20 930.9 /tmp/corpus/batch-4
#20 930.9 /tmp/corpus/batch-5
#20 930.9 /tmp/corpus/batch-6
#20 930.9 /tmp/corpus/batch-7
#20 930.9 /tmp/corpus/batch-8
#20 930.9 /tmp/corpus/batch-9
#20 930.9 /tmp/corpus/batch-10
#20 930.9 + /src/arrow/cpp/build-support/fuzzing/pack_corpus.py /tmp/corpus /out/arrow-ipc-file-fuzz_seed_corpus.zip
#20 931.1 + rm -rf /tmp/corpus
#20 931.1 + /out/arrow-ipc-generate-tensor-fuzz-corpus -stream /tmp/corpus
#20 931.1 /tmp/corpus/tensor-1
#20 931.1 /tmp/corpus/tensor-2
#20 931.1 /tmp/corpus/tensor-3
#20 931.1 /tmp/corpus/tensor-4
#20 931.1 /tmp/corpus/tensor-5
#20 931.1 /tmp/corpus/tensor-6
#20 931.1 /tmp/corpus/tensor-7
#20 931.1 /tmp/corpus/tensor-8
#20 931.1 /tmp/corpus/tensor-9
#20 931.1 /tmp/corpus/tensor-10
#20 931.1 /tmp/corpus/tensor-11
#20 931.1 /tmp/corpus/tensor-12
#20 931.1 /tmp/corpus/tensor-13
#20 931.1 /tmp/corpus/tensor-14
#20 931.1 /tmp/corpus/tensor-15
#20 931.1 /tmp/corpus/tensor-16
#20 931.1 + /src/arrow/cpp/build-support/fuzzing/pack_corpus.py /tmp/corpus /out/arrow-ipc-tensor-stream-fuzz_seed_corpus.zip
#20 931.3 + rm -rf /tmp/corpus
#20 931.3 + /out/parquet-arrow-generate-fuzz-corpus /tmp/corpus
#20 931.3 /tmp/corpus/pq-table-1
#20 931.3 NotImplemented: Support for codec 'brotli' not built
#20 931.4 Traceback (most recent call last):
#20 931.4   File "<string>", line 1, in <module>
#20 931.4   File "/src/fuzzers/afl/fuzzer.py", line 40, in build
#20 931.5     utils.build_benchmark()
#20 931.5   File "/src/fuzzers/utils.py", line 82, in build_benchmark
#20 931.5     subprocess.check_call(['/bin/bash', '-ex', build_script], env=env)
#20 931.5   File "/usr/local/lib/python3.8/subprocess.py", line 364, in check_call
#20 931.5     raise CalledProcessError(retcode, cmd)
#20 931.5 subprocess.CalledProcessError: Command '['/bin/bash', '-ex', '/src/build.sh']' returned non-zero exit status 1.
------
 > importing cache manifest from gcr.io/fuzzbench/builders/afl/arrow_arrow:
------
executor failed running [/bin/sh -c echo "Run fuzzer_build to build the target" && if [ -z "$debug_builder" ] ; then fuzzer_build; fi]: exit code: 1
#20 ERROR: executor failed running [/bin/sh -c echo "Run fuzzer_build to build the target" && if [ -z "$debug_builder" ] ; then fuzzer_build; fi]: exit code: 1
------
 > importing cache manifest from gcr.io/fuzzbench/builders/afl/arrow_arrow:
------
------
 > [stage-1 13/13] RUN echo "Run fuzzer_build to build the target" && if [ -z "$debug_builder" ] ; then fuzzer_build; fi:
------
executor failed running [/bin/sh -c echo "Run fuzzer_build to build the target" && if [ -z "$debug_builder" ] ; then fuzzer_build; fi]: exit code: 1
make: *** [docker/generated.mk:2810445: .afl-arrow_arrow-builder] Error 1
make: *** [docker/generated.mk:2810445: .afl-arrow_arrow-builder] Error 1
