WARNING:root:gcloud not found in PATH.
INFO:root:Successfully integrated benchmark: gopacket_gopacket.
INFO:root:Please run "make test-run-afl-gopacket_gopacket" to test integration.
#1 [internal] load build definition from Dockerfile
#1 sha256:c379180661145415596980041ae5df37e8db3e3115dfb7f112acadb2cd40b2c6
#1 transferring dockerfile: 32B done
#1 DONE 0.0s

#2 [internal] load .dockerignore
#2 sha256:e8ddbf4ce3438cc0b704378ff652ed352bad421f3330c3b54a6668b761837271
#2 transferring context: 2B done
#2 DONE 0.0s

#3 [internal] load metadata for gcr.io/oss-fuzz-base/base-builder:latest
#3 sha256:f10dc39cc9d418a5bc416dead31a1902b6821fdae909cd3b08f7a3fd1faba7b5
#3 DONE 0.4s

#7 [internal] load build context
#7 sha256:83ed612f5c2e37d4c05a47c01bf407ae7fdcf3801023a04d3f0b1b9857c8283a
#7 DONE 0.0s

#5 [1/4] FROM gcr.io/oss-fuzz-base/base-builder@sha256:4ad017ca53699eda684c1c444948c93a4af848fe34baee3a765d3c4693fe6a56
#5 sha256:3f10b3978a3951f6e2692fa5e5890ee5a755650381dedece7198ed0b1dcdaa8c
#5 DONE 0.0s

#4 importing cache manifest from gcr.io/fuzzbench/builders/benchmark/gopacket_gopacket
#4 sha256:b92bf1f9babdf5ebbfad5b02605cdf81d4f6943356f4ed0ff3c9816a317769dd
#4 ERROR: gcr.io/fuzzbench/builders/benchmark/gopacket_gopacket:latest: not found

#5 [1/4] FROM gcr.io/oss-fuzz-base/base-builder@sha256:4ad017ca53699eda684c1c444948c93a4af848fe34baee3a765d3c4693fe6a56
#5 sha256:3f10b3978a3951f6e2692fa5e5890ee5a755650381dedece7198ed0b1dcdaa8c
#5 CACHED

#7 [internal] load build context
#7 sha256:83ed612f5c2e37d4c05a47c01bf407ae7fdcf3801023a04d3f0b1b9857c8283a
#7 transferring context: 789B done
#7 DONE 0.0s

#6 [2/4] RUN go get github.com/google/gopacket
#6 sha256:b81e5c8dead57f432db95411dc02a17c25f4cc4ec48d1f3031a799aec5c06b26
#6 0.323 /bin/sh: 1: go: not found
#6 ERROR: executor failed running [/bin/sh -c go get github.com/google/gopacket]: exit code: 127
------
 > importing cache manifest from gcr.io/fuzzbench/builders/benchmark/gopacket_gopacket:
------
------
 > [2/4] RUN go get github.com/google/gopacket:
------
executor failed running [/bin/sh -c go get github.com/google/gopacket]: exit code: 127
make: *** [docker/generated.mk:18981: .gopacket_gopacket-project-builder] Error 1
/bin/sh: 1: source: not found
#1 [internal] load build definition from Dockerfile
#1 sha256:89d7c1f7735861fa245a1e023e6d0a4d36b17f5d63c48fd25f0325872af1792b
#1 transferring dockerfile: 32B done
#1 DONE 0.0s

#2 [internal] load .dockerignore
#2 sha256:65b57979e12ef39326a3278aa0fe846c4460b641a18146401d96268f0ea07c0c
#2 transferring context: 2B done
#2 DONE 0.0s

#3 [internal] load metadata for gcr.io/oss-fuzz-base/base-builder:latest
#3 sha256:f10dc39cc9d418a5bc416dead31a1902b6821fdae909cd3b08f7a3fd1faba7b5
#3 DONE 0.4s

#7 [internal] load build context
#7 sha256:00705f0b8a55f7ab018dcbfc6d431100c9ebf42da00cf81d306ba7b688703bbd
#7 DONE 0.0s

#5 [1/4] FROM gcr.io/oss-fuzz-base/base-builder@sha256:4ad017ca53699eda684c1c444948c93a4af848fe34baee3a765d3c4693fe6a56
#5 sha256:3f10b3978a3951f6e2692fa5e5890ee5a755650381dedece7198ed0b1dcdaa8c
#5 DONE 0.0s

#4 importing cache manifest from gcr.io/fuzzbench/builders/benchmark/gopacket_gopacket
#4 sha256:b92bf1f9babdf5ebbfad5b02605cdf81d4f6943356f4ed0ff3c9816a317769dd
#4 ERROR: gcr.io/fuzzbench/builders/benchmark/gopacket_gopacket:latest: not found

#5 [1/4] FROM gcr.io/oss-fuzz-base/base-builder@sha256:4ad017ca53699eda684c1c444948c93a4af848fe34baee3a765d3c4693fe6a56
#5 sha256:3f10b3978a3951f6e2692fa5e5890ee5a755650381dedece7198ed0b1dcdaa8c
#5 CACHED

#7 [internal] load build context
#7 sha256:00705f0b8a55f7ab018dcbfc6d431100c9ebf42da00cf81d306ba7b688703bbd
#7 transferring context: 30B done
#7 DONE 0.0s

#6 [2/4] RUN go get github.com/google/gopacket
#6 sha256:b81e5c8dead57f432db95411dc02a17c25f4cc4ec48d1f3031a799aec5c06b26
#6 0.367 /bin/sh: 1: go: not found
#6 ERROR: executor failed running [/bin/sh -c go get github.com/google/gopacket]: exit code: 127
------
 > importing cache manifest from gcr.io/fuzzbench/builders/benchmark/gopacket_gopacket:
------
------
 > [2/4] RUN go get github.com/google/gopacket:
------
executor failed running [/bin/sh -c go get github.com/google/gopacket]: exit code: 127
make: *** [docker/generated.mk:18981: .gopacket_gopacket-project-builder] Error 1
