WARNING:root:gcloud not found in PATH.
INFO:root:Successfully integrated benchmark: lwan_lwan.
INFO:root:Please run "make test-run-afl-lwan_lwan" to test integration.
#1 [internal] load build definition from Dockerfile
#1 sha256:acb1d040ff1645fec428eff6a376376a3a2771dc4c47dea852521a124206298a
#1 transferring dockerfile: 919B done
#1 DONE 0.4s

#2 [internal] load .dockerignore
#2 sha256:90d2dea058067883780c5d5026af52d3c9589ef16506d3bccc9f034898e410e0
#2 transferring context: 2B done
#2 DONE 0.3s

#3 [internal] load metadata for gcr.io/oss-fuzz-base/base-builder:latest
#3 sha256:f10dc39cc9d418a5bc416dead31a1902b6821fdae909cd3b08f7a3fd1faba7b5
#3 DONE 0.5s

#10 [internal] load build context
#10 sha256:d39421af95a6d6772f082cdd74011ebd82d11d76c41163369a1b15bceeb9a1b1
#10 DONE 0.0s

#5 [1/6] FROM gcr.io/oss-fuzz-base/base-builder@sha256:112044a9815d235113677d459cf2ece740a51f2b85081c8f66943dcdc72ddf7f
#5 sha256:4aee4bf9f7280ac8b7f02b8d29e6e084dd034d2c294b4e3e05d8ce7048a1450f
#5 DONE 0.0s

#4 importing cache manifest from gcr.io/fuzzbench/builders/benchmark/lwan_lwan
#4 sha256:c9039c755abc84f97422785f5ad0863afccbb18af45b01b290a2a88c820d0931
#4 ERROR: gcr.io/fuzzbench/builders/benchmark/lwan_lwan:latest: not found

#10 [internal] load build context
#10 sha256:d39421af95a6d6772f082cdd74011ebd82d11d76c41163369a1b15bceeb9a1b1
#10 transferring context: 1.35kB done
#10 DONE 0.2s

#6 [2/6] RUN apt-get update
#6 sha256:0cd80fe396dd52c284721de0d47bfcef9687ed3f0277e07193287c084c4259c8
#6 CACHED

#7 [3/6] RUN apt-get install -y build-essential cmake git ninja-build zlib1g-dev
#7 sha256:1550c2edbecc526fa6bb7c4c67bbb221e4561fc3fec74f422ffe788844c423b1
#7 CACHED

#8 [4/6] RUN git clone --depth 1 git://github.com/lpereira/lwan
#8 sha256:4780fc79fd3865f446ebd1ea9bf04dc59adcc98d408542bf3048949df43a71f3
#8 CACHED

#9 [5/6] WORKDIR lwan
#9 sha256:de7862d7fe543be2192bd428672e805e37c496d9668c32d1ca1ca2557847778d
#9 CACHED

#11 [6/6] COPY build.sh /src/
#11 sha256:e5ff0b7db1822279617b0947c939c4e85c49dc8a1a7ea1923c884626f2c376bb
#11 DONE 0.4s

#12 exporting to image
#12 sha256:e8c613e07b0b7ff33893b694f7759a10d42e180f2b4dc349fb57dc6b71dcab00
#12 exporting layers done
#12 writing image sha256:d2f6b8aafd8e8717e55a4c8bfc878d6ef3cb8311eeae334bf1a9afed12a2bd0b 0.0s done
#12 naming to gcr.io/fuzzbench/builders/benchmark/lwan_lwan 0.0s done
#12 DONE 0.3s

#13 exporting cache
#13 sha256:2700d4ef94dee473593c5c614b55b2dedcca7893909811a8f2b48291a1f581e4
#13 preparing build cache for export done
#13 DONE 0.0s
------
 > importing cache manifest from gcr.io/fuzzbench/builders/benchmark/lwan_lwan:
------
#1 [internal] load build definition from builder.Dockerfile
#1 sha256:86eca1add31147b6647dbf6b57651e841e7f39833bedcaf986f41f9438d930f4
#1 transferring dockerfile: 1.35kB done
#1 DONE 0.1s

#2 [internal] load .dockerignore
#2 sha256:07fa829ad2a9bae0198e35c13463a8263fc1183a5f8ec5385ff1cd398b529102
#2 transferring context: 2B done
#2 DONE 0.1s

#3 [internal] load metadata for gcr.io/fuzzbench/builders/benchmark/lwan_lwan:latest
#3 sha256:e135cb06006f20c1cbf26a025ce5e4f38ee60dd46b62d0f462b62f0582001a5d
#3 DONE 0.0s

#5 [1/3] FROM gcr.io/fuzzbench/builders/benchmark/lwan_lwan
#5 sha256:a3cb8566e4dd0ae019c7b1e1321704e8fff1b203a5a44adf2a1b9faed2ac45fe
#5 DONE 0.0s

#4 importing cache manifest from gcr.io/fuzzbench/builders/afl/lwan_lwan-intermediate
#4 sha256:f6515b19d23f4f011198317ef9f5018efaf20bd52bc34ec4cf27a5aaea0832d5
#4 ERROR: gcr.io/fuzzbench/builders/afl/lwan_lwan-intermediate:latest: not found

#5 [1/3] FROM gcr.io/fuzzbench/builders/benchmark/lwan_lwan
#5 sha256:a3cb8566e4dd0ae019c7b1e1321704e8fff1b203a5a44adf2a1b9faed2ac45fe
#5 DONE 0.6s

#6 [2/3] RUN git clone https://github.com/google/AFL.git /afl &&     cd /afl &&     git checkout 61037103ae3722c8060ff7082994836a794f978e &&     AFL_NO_X86=1 make
#6 sha256:68fcbfafb5ed58558ebefe872b0d3b8e0b385fdf2d79836ebd0b112b314f8342
#6 0.477 Cloning into '/afl'...
#6 1.514 Note: switching to '61037103ae3722c8060ff7082994836a794f978e'.
#6 1.514 
#6 1.514 You are in 'detached HEAD' state. You can look around, make experimental
#6 1.514 changes and commit them, and you can discard any commits you make in this
#6 1.514 state without impacting any branches by switching back to a branch.
#6 1.514 
#6 1.514 If you want to create a new branch to retain commits you create, you may
#6 1.514 do so (now or later) by using -c with the switch command. Example:
#6 1.514 
#6 1.514   git switch -c <new-branch-name>
#6 1.514 
#6 1.514 Or undo this operation with:
#6 1.514 
#6 1.514   git switch -
#6 1.514 
#6 1.514 Turn off this advice by setting config variable advice.detachedHead to false
#6 1.514 
#6 1.514 HEAD is now at 6103710 Fix a typo filename comparison in the fuzzer (#139)
#6 1.532 [!] Note: skipping x86 compilation checks (AFL_NO_X86 set).
#6 1.532 clang -O1 -fno-omit-frame-pointer -gline-tables-only -DFUZZING_BUILD_MODE_UNSAFE_FOR_PRODUCTION -Wall -D_FORTIFY_SOURCE=2 -g -Wno-pointer-sign -DAFL_PATH=\"/usr/local/lib/afl\" -DDOC_PATH=\"/usr/local/share/doc/afl\" -DBIN_PATH=\"/usr/local/bin\" afl-gcc.c -o afl-gcc -ldl
#6 1.707 set -e; for i in afl-g++ afl-clang afl-clang++; do ln -sf afl-gcc $i; done
#6 1.712 clang -O1 -fno-omit-frame-pointer -gline-tables-only -DFUZZING_BUILD_MODE_UNSAFE_FOR_PRODUCTION -Wall -D_FORTIFY_SOURCE=2 -g -Wno-pointer-sign -DAFL_PATH=\"/usr/local/lib/afl\" -DDOC_PATH=\"/usr/local/share/doc/afl\" -DBIN_PATH=\"/usr/local/bin\" afl-fuzz.c -o afl-fuzz -ldl
#6 4.113 clang -O1 -fno-omit-frame-pointer -gline-tables-only -DFUZZING_BUILD_MODE_UNSAFE_FOR_PRODUCTION -Wall -D_FORTIFY_SOURCE=2 -g -Wno-pointer-sign -DAFL_PATH=\"/usr/local/lib/afl\" -DDOC_PATH=\"/usr/local/share/doc/afl\" -DBIN_PATH=\"/usr/local/bin\" afl-showmap.c -o afl-showmap -ldl
#6 4.426 clang -O1 -fno-omit-frame-pointer -gline-tables-only -DFUZZING_BUILD_MODE_UNSAFE_FOR_PRODUCTION -Wall -D_FORTIFY_SOURCE=2 -g -Wno-pointer-sign -DAFL_PATH=\"/usr/local/lib/afl\" -DDOC_PATH=\"/usr/local/share/doc/afl\" -DBIN_PATH=\"/usr/local/bin\" afl-tmin.c -o afl-tmin -ldl
#6 4.854 clang -O1 -fno-omit-frame-pointer -gline-tables-only -DFUZZING_BUILD_MODE_UNSAFE_FOR_PRODUCTION -Wall -D_FORTIFY_SOURCE=2 -g -Wno-pointer-sign -DAFL_PATH=\"/usr/local/lib/afl\" -DDOC_PATH=\"/usr/local/share/doc/afl\" -DBIN_PATH=\"/usr/local/bin\" afl-gotcpu.c -o afl-gotcpu -ldl
#6 5.008 clang -O1 -fno-omit-frame-pointer -gline-tables-only -DFUZZING_BUILD_MODE_UNSAFE_FOR_PRODUCTION -Wall -D_FORTIFY_SOURCE=2 -g -Wno-pointer-sign -DAFL_PATH=\"/usr/local/lib/afl\" -DDOC_PATH=\"/usr/local/share/doc/afl\" -DBIN_PATH=\"/usr/local/bin\" afl-analyze.c -o afl-analyze -ldl
#6 5.402 clang -O1 -fno-omit-frame-pointer -gline-tables-only -DFUZZING_BUILD_MODE_UNSAFE_FOR_PRODUCTION -Wall -D_FORTIFY_SOURCE=2 -g -Wno-pointer-sign -DAFL_PATH=\"/usr/local/lib/afl\" -DDOC_PATH=\"/usr/local/share/doc/afl\" -DBIN_PATH=\"/usr/local/bin\" afl-as.c -o afl-as -ldl
#6 5.641 ln -sf afl-as as
#6 5.643 [!] Note: skipping build tests (you may need to use LLVM or QEMU mode).
#6 5.645 [+] LLVM users: see llvm_mode/README.llvm for a faster alternative to afl-gcc.
#6 5.646 [+] All done! Be sure to review README - it's pretty short and useful.
#6 DONE 6.5s

#7 [3/3] RUN apt-get update &&     apt-get install wget -y &&     wget https://raw.githubusercontent.com/llvm/llvm-project/5feb80e748924606531ba28c97fe65145c65372e/compiler-rt/lib/fuzzer/afl/afl_driver.cpp -O /afl/afl_driver.cpp &&     clang -Wno-pointer-sign -c /afl/llvm_mode/afl-llvm-rt.o.c -I/afl &&     clang++ -stdlib=libc++ -std=c++11 -O2 -c /afl/afl_driver.cpp &&     ar r /libAFL.a *.o
#7 sha256:64eb123ba97d9e7ddaf7afa0959d7ab00718baf1e93d803230a8bc507fbb5fa1
#7 0.824 Hit:1 http://archive.ubuntu.com/ubuntu focal InRelease
#7 0.824 Hit:2 http://archive.ubuntu.com/ubuntu focal-updates InRelease
#7 0.824 Hit:3 http://ppa.launchpad.net/git-core/ppa/ubuntu focal InRelease
#7 0.832 Hit:4 http://archive.ubuntu.com/ubuntu focal-backports InRelease
#7 0.948 Hit:5 http://security.ubuntu.com/ubuntu focal-security InRelease
#7 1.735 Reading package lists...
#7 3.242 Reading package lists...
#7 4.665 Building dependency tree...
#7 4.875 Reading state information...
#7 5.121 wget is already the newest version (1.20.3-1ubuntu2).
#7 5.121 0 upgraded, 0 newly installed, 0 to remove and 1 not upgraded.
#7 5.125 --2022-02-19 01:54:58--  https://raw.githubusercontent.com/llvm/llvm-project/5feb80e748924606531ba28c97fe65145c65372e/compiler-rt/lib/fuzzer/afl/afl_driver.cpp
#7 5.128 Resolving raw.githubusercontent.com (raw.githubusercontent.com)... 185.199.111.133, 185.199.110.133, 185.199.108.133, ...
#7 5.140 Connecting to raw.githubusercontent.com (raw.githubusercontent.com)|185.199.111.133|:443... connected.
#7 5.163 HTTP request sent, awaiting response... 200 OK
#7 5.334 Length: 9177 (9.0K) [text/plain]
#7 5.334 Saving to: '/afl/afl_driver.cpp'
#7 5.334 
#7 5.334      0K ........                                              100% 11.2M=0.001s
#7 5.335 
#7 5.335 2022-02-19 01:54:58 (11.2 MB/s) - '/afl/afl_driver.cpp' saved [9177/9177]
#7 5.335 
#7 7.411 ar: creating /libAFL.a
#7 DONE 8.0s

#8 exporting to image
#8 sha256:e8c613e07b0b7ff33893b694f7759a10d42e180f2b4dc349fb57dc6b71dcab00
#8 exporting layers done
#8 writing image sha256:6c698152ccabd96588081dd89b3ba2e46ca5c7fe587e2c24a2f44c221df7b3aa 0.0s done
#8 naming to gcr.io/fuzzbench/builders/afl/lwan_lwan-intermediate
#8 naming to gcr.io/fuzzbench/builders/afl/lwan_lwan-intermediate 0.0s done
#8 DONE 0.4s

#9 exporting cache
#9 sha256:2700d4ef94dee473593c5c614b55b2dedcca7893909811a8f2b48291a1f581e4
#9 preparing build cache for export done
#9 DONE 0.0s
------
 > importing cache manifest from gcr.io/fuzzbench/builders/afl/lwan_lwan-intermediate:
------
#1 [internal] load build definition from Dockerfile
#1 sha256:36817e4a8539301c9a9e17c950fb1961aae150c9208819313792cf7e1b1e6d33
#1 transferring dockerfile: 2.00kB done
#1 DONE 0.1s

#2 [internal] load .dockerignore
#2 sha256:3b353dd8d53072a10a0bbb9913ba255e0a62ccb7c4a0bd111c05b71a30d40782
#2 transferring context: 34B done
#2 DONE 0.1s

#3 [internal] load metadata for docker.io/library/ubuntu:xenial
#3 sha256:f62bae18ed588840f045c881b2502661f2a89578a2f8f99b83f5200ee83dd25b
#3 DONE 0.0s

#4 importing cache manifest from gcr.io/fuzzbench/base-image
#4 sha256:9b220ebb4d4daceed1b96df9b6dca076e762f1cd612574f010b82d5b9e5ad896
#4 DONE 0.0s

#5 [1/7] FROM docker.io/library/ubuntu:xenial
#5 sha256:14dd403f25ae9e519bd44f27dc17af7ce80f5a4f9f48ca88108364e67ec5d360
#5 DONE 0.0s

#8 [internal] load build context
#8 sha256:c0666a25c43a2643da670ee9767ebbb55dba1a91c40cd16fd23a630ca8749e39
#8 transferring context: 559B 0.2s done
#8 DONE 0.2s

#9 [4/7] COPY ./requirements.txt /
#9 sha256:978ceaa8491f3fcd6be0224b28c1a5cec5c1ce558e57661cfc019d78aede7c97
#9 CACHED

#10 [5/7] RUN pip3 install -r /requirements.txt
#10 sha256:42124c6b3c6ddadbb46f926fc2abad1f32cc0d5c42a9fe61c387b74a641536cd
#10 CACHED

#11 [6/7] RUN apt-get update -y && apt-get install -y     apt-transport-https     lsb-release
#11 sha256:4b3c874d40f5e615f98f2f92189fc8a4bd5091968dcd56d2f03193d0895d5813
#11 CACHED

#6 [2/7] RUN apt-get update -y && apt-get install -y     build-essential     rsync     curl     zlib1g-dev     libncurses5-dev     libgdbm-dev     libnss3-dev     libssl-dev     libreadline-dev     libffi-dev     virtualenv     libbz2-dev     liblzma-dev     libsqlite3-dev
#6 sha256:3a1b0960f17eed529eaae93dc8fd3554f2743dd584d8fa569cdbe6bc734371ac
#6 CACHED

#7 [3/7] RUN cd /tmp/ &&     curl -O https://www.python.org/ftp/python/3.8.6/Python-3.8.6.tar.xz &&     tar -xvf Python-3.8.6.tar.xz &&     cd Python-3.8.6 &&     ./configure --enable-loadable-sqlite-extensions --enable-optimizations &&     make -j install &&     rm -r /tmp/Python-3.8.6.tar.xz /tmp/Python-3.8.6
#7 sha256:c5b9d1fb3371e84dbc60b76e7b2f8d5913bc93bcd4910ab65daa03e7b2ec4bb0
#7 CACHED

#12 [7/7] RUN CLOUD_SDK_REPO="cloud-sdk-$(lsb_release -c -s)" &&     echo "deb https://packages.cloud.google.com/apt $CLOUD_SDK_REPO main"     | tee -a /etc/apt/sources.list.d/google-cloud-sdk.list &&     curl https://packages.cloud.google.com/apt/doc/apt-key.gpg     | apt-key add - &&     apt-get update -y &&     apt-get install -y google-cloud-sdk
#12 sha256:57f09bd979245aaaa203dcdc73b9a64282afc05425482785bd0a871319dc634a
#12 CACHED

#13 exporting to image
#13 sha256:e8c613e07b0b7ff33893b694f7759a10d42e180f2b4dc349fb57dc6b71dcab00
#13 exporting layers done
#13 writing image sha256:e1fa3f275ef7ad2553590e7204281a5a2ad685bd7462476fda6757b0aea51a9c
#13 writing image sha256:e1fa3f275ef7ad2553590e7204281a5a2ad685bd7462476fda6757b0aea51a9c 0.0s done
#13 naming to gcr.io/fuzzbench/base-image done
#13 DONE 0.2s

#14 exporting cache
#14 sha256:2700d4ef94dee473593c5c614b55b2dedcca7893909811a8f2b48291a1f581e4
#14 preparing build cache for export done
#14 DONE 0.0s
#1 [internal] load build definition from Dockerfile
#1 sha256:23c0b771f5d9c94f6ec9a818491e64fe2b6c4e1bd614f9d7444c6da285231e26
#1 transferring dockerfile: 2.22kB done
#1 DONE 0.1s

#2 [internal] load .dockerignore
#2 sha256:8259dbc366ff4e7b8663339e0433600881c85036942c5d8aaf6f0ab83c0f6bd7
#2 transferring context: 34B done
#2 DONE 0.1s

#4 [internal] load metadata for gcr.io/fuzzbench/base-image:latest
#4 sha256:932022888f650cc455b10eb5123bb08c0cccacac29a693e69314abbfd28a72c3
#4 DONE 0.0s

#3 [internal] load metadata for gcr.io/fuzzbench/builders/afl/lwan_lwan-intermediate:latest
#3 sha256:7bf9f173c5e9bffaae80f357ae405e7d130af476d99952737c85bd62c9bd209a
#3 DONE 0.0s

#12 [internal] load build context
#12 sha256:bfb2e97280beed78316c3a94dce20614a70743d8f7f0fe1c3e9c66dfae3890e4
#12 DONE 0.0s

#7 [base-image 1/1] FROM gcr.io/fuzzbench/base-image
#7 sha256:4d07825694520f8b6f6a0d8592dbd345433361ae044cb7f06706c5a95e3daaad
#7 DONE 0.0s

#6 [stage-1  1/13] FROM gcr.io/fuzzbench/builders/afl/lwan_lwan-intermediate
#6 sha256:9e6a4c6021db6d53d07ebf621c5d8c6460cabae3c467c2e31dcbb36662f5fd25
#6 DONE 0.0s

#5 importing cache manifest from gcr.io/fuzzbench/builders/afl/lwan_lwan
#5 sha256:bc0584f7e808d980663e4dabe1c94d5dcdbb6a2461bcbb9d082e318f04883e75
#5 ERROR: gcr.io/fuzzbench/builders/afl/lwan_lwan:latest: not found

#7 [base-image 1/1] FROM gcr.io/fuzzbench/base-image
#7 sha256:4d07825694520f8b6f6a0d8592dbd345433361ae044cb7f06706c5a95e3daaad
#7 CACHED

#12 [internal] load build context
#12 sha256:bfb2e97280beed78316c3a94dce20614a70743d8f7f0fe1c3e9c66dfae3890e4
#12 transferring context: 669.85kB 0.1s done
#12 DONE 0.2s

#6 [stage-1  1/13] FROM gcr.io/fuzzbench/builders/afl/lwan_lwan-intermediate
#6 sha256:9e6a4c6021db6d53d07ebf621c5d8c6460cabae3c467c2e31dcbb36662f5fd25
#6 DONE 1.0s

#8 [stage-1  2/13] COPY --from=base-image /usr/local/bin/python3* /usr/local/bin/
#8 sha256:5829fe543ce2fe24b988b8878269345db22082f4401d67fc75d1ebecf44c8288
#8 DONE 0.9s

#9 [stage-1  3/13] COPY --from=base-image /usr/local/lib/python3.8 /usr/local/lib/python3.8
#9 sha256:9476c5e3ed3e38164cbefbd9d6dbbb16963e94fa8b50e6b7919ee7ad2e03ceab
#9 DONE 47.6s

#10 [stage-1  4/13] COPY --from=base-image /usr/local/include/python3.8 /usr/local/include/python3.8
#10 sha256:ccd5ae1ada005ccf4d536ae50c4f08c61e345e97a6ec7156d0900609cfd5f762
#10 DONE 0.4s

#11 [stage-1  5/13] COPY --from=base-image /usr/local/lib/python3.8/site-packages /usr/local/lib/python3.8/site-packages
#11 sha256:e576a684be5a198e26e991f7bd811514d8f932ae178bc5ee642aef8c6414f4af
#11 DONE 74.3s

#13 [stage-1  6/13] COPY fuzzers /src/fuzzers
#13 sha256:d6cb71410ce1c2550c09828fddc79c268a6e5ece05f4c796841645e3293729c1
#13 DONE 0.5s

#14 [stage-1  7/13] RUN touch /src/__init__.py
#14 sha256:12e4cadec4bfb47e19b75d5e98d63dc90517c5765e732cbc2cb0d49a8b424a55
#14 DONE 0.8s

#15 [stage-1  8/13] COPY benchmarks/lwan_lwan/benchmark.yaml /
#15 sha256:c15e891a40120f78e4c01b37589d83dc74c68956e949d08c7ee246eee4c6ca16
#15 DONE 1.0s

#16 [stage-1  9/13] RUN mkdir /opt/fuzzbench/
#16 sha256:a4a7b842a1e8467a17d79e2233eebb5b2f74cc5b1f7659981d500d30c29bea46
#16 DONE 3.4s

#17 [stage-1 10/13] COPY docker/benchmark-builder/checkout_commit.py /opt/fuzzbench/
#17 sha256:3c9b5ada2434d922d1251d35718feaaa3c1cb7d8a204cdb6cdd88a1300307e37
#17 DONE 5.6s

#18 [stage-1 11/13] RUN export CHECKOUT_COMMIT=$(cat /benchmark.yaml | tr -d ' ' | grep 'commit:' | cut -d ':' -f2) &&     python3 -u /opt/fuzzbench/checkout_commit.py $CHECKOUT_COMMIT /src
#18 sha256:03e1c16ce1ca88df17f5fb9cccef6396e11d3d2e1d23c076125b0ad67d76b94a
#18 1.709 Checking out commit 3bc121dd
#18 4.927 From git://github.com/lpereira/lwan
#18 4.927  * [new tag]         v0.1       -> v0.1
#18 4.927  * [new tag]         v0.2       -> v0.2
#18 4.927  * [new tag]         v0.3       -> v0.3
#18 4.927  * [new tag]         v0.4       -> v0.4
#18 4.932 error: pathspec '3bc121dd' did not match any file(s) known to git
#18 4.936 error: pathspec '3bc121dd' did not match any file(s) known to git
#18 4.943 error: pathspec '3bc121dd' did not match any file(s) known to git
#18 4.963 error: pathspec '3bc121dd' did not match any file(s) known to git
#18 4.991 Checkout unsuccessful.
#18 DONE 8.7s

#19 [stage-1 12/13] RUN echo "#!/bin/bash\nPYTHONPATH=/src python3 -u -c "from fuzzers import utils; utils.initialize_env(); from fuzzers.afl import fuzzer; fuzzer.build()"" > /usr/bin/fuzzer_build &&     chmod +x /usr/bin/fuzzer_build
#19 sha256:0ec4c10de5c323dbcab7569f9ef00b461cb2abfe61bbd31638dd9f97b07e12d7
#19 DONE 3.3s

#20 [stage-1 13/13] RUN echo "Run fuzzer_build to build the target" && if [ -z "$debug_builder" ] ; then fuzzer_build; fi
#20 sha256:fa4a8d8adc2ca711a71aa9596a57797d4f04e610f0bc0d087257d496d2138fe4
#20 0.612 Run fuzzer_build to build the target
#20 0.723 FUZZ_TARGET = lwan
#20 0.723 CFLAGS = -DFUZZING_BUILD_MODE_UNSAFE_FOR_PRODUCTION -pthread -Wl,--no-as-needed -Wl,-ldl -Wl,-lm -Wno-unused-command-line-argument -O3
#20 0.723 CXXFLAGS = -DFUZZING_BUILD_MODE_UNSAFE_FOR_PRODUCTION -pthread -Wl,--no-as-needed -Wl,-ldl -Wl,-lm -Wno-unused-command-line-argument -stdlib=libc++ -O3
#20 0.728 Building benchmark lwan_lwan with fuzzer afl
#20 0.731 + mkdir -p /work/lwan
#20 0.734 + cd /work/lwan
#20 0.734 + cmake -GNinja -DCMAKE_BUILD_TYPE=Debug -DCMAKE_C_COMPILER=clang '-DCMAKE_C_FLAGS=-DFUZZING_BUILD_MODE_UNSAFE_FOR_PRODUCTION -pthread -Wl,--no-as-needed -Wl,-ldl -Wl,-lm -Wno-unused-command-line-argument -O3 -fsanitize-coverage=trace-pc-guard' /src/lwan/
#20 0.947 -- The C compiler identification is Clang 14.0.0
#20 0.961 -- Detecting C compiler ABI info
#20 1.109 -- Detecting C compiler ABI info - done
#20 1.166 -- Check for working C compiler: /usr/local/bin/clang - skipped
#20 1.166 -- Detecting C compile features
#20 1.168 -- Detecting C compile features - done
#20 1.169 -- Running CMake for lwan (Scalable, high performance, experimental web server)
#20 1.173 CMake Warning at src/cmake/CodeCoverage.cmake:80 (MESSAGE):
#20 1.173   Compiler is not GNU gcc! Clang Version 3.0.0 and greater supports gcov as
#20 1.173   well, but older versions don't.
#20 1.173 Call Stack (most recent call first):
#20 1.173   CMakeLists.txt:14 (include)
#20 1.173 
#20 1.173 
#20 1.176 -- Could NOT find PkgConfig (missing: PKG_CONFIG_EXECUTABLE) 
#20 1.201 -- Found ZLIB: /usr/lib/x86_64-linux-gnu/libz.so (found version "1.2.11") 
#20 1.203 -- Looking for pthread.h
#20 1.372 -- Looking for pthread.h - found
#20 1.373 -- Performing Test CMAKE_HAVE_LIBC_PTHREAD
#20 1.546 -- Performing Test CMAKE_HAVE_LIBC_PTHREAD - Success
#20 1.550 -- Found Threads: TRUE  
#20 1.556 -- Disabling Lua support
#20 1.558 -- Looking for linux/tls.h
#20 1.715 -- Looking for linux/tls.h - found
#20 1.716 -- mbedTLS not found: not building with TLS support
#20 1.717 -- Looking for linux/capability.h
#20 1.875 -- Looking for linux/capability.h - found
#20 1.875 -- Looking for sys/auxv.h
#20 2.042 -- Looking for sys/auxv.h - found
#20 2.043 -- Looking for sys/epoll.h
#20 2.212 -- Looking for sys/epoll.h - found
#20 2.213 -- Looking for 3 include files sys/time.h, ..., sys/event.h
#20 2.264 -- Looking for 3 include files sys/time.h, ..., sys/event.h - not found
#20 2.265 -- Looking for alloca.h
#20 2.424 -- Looking for alloca.h - found
#20 2.424 -- Looking for getauxval
#20 2.584 -- Looking for getauxval - found
#20 2.585 -- Looking for get_current_dir_name
#20 2.749 -- Looking for get_current_dir_name - found
#20 2.750 -- Looking for reallocarray
#20 2.927 -- Looking for reallocarray - found
#20 2.928 -- Looking for mempcpy
#20 3.088 -- Looking for mempcpy - found
#20 3.088 -- Looking for memrchr
#20 3.266 -- Looking for memrchr - found
#20 3.266 -- Looking for pipe2
#20 3.428 -- Looking for pipe2 - found
#20 3.428 -- Looking for accept4
#20 3.587 -- Looking for accept4 - found
#20 3.587 -- Looking for readahead
#20 3.746 -- Looking for readahead - found
#20 3.746 -- Looking for mkostemp
#20 3.908 -- Looking for mkostemp - found
#20 3.908 -- Looking for clock_gettime
#20 4.071 -- Looking for clock_gettime - found
#20 4.071 -- Looking for pthread_barrier_init
#20 4.234 -- Looking for pthread_barrier_init - found
#20 4.234 -- Looking for pthread_set_name_np
#20 4.397 -- Looking for pthread_set_name_np - not found
#20 4.397 -- Looking for posix_fadvise
#20 4.561 -- Looking for posix_fadvise - found
#20 4.561 -- Looking for getentropy
#20 4.723 -- Looking for getentropy - found
#20 4.723 -- Looking for fwrite_unlocked
#20 4.888 -- Looking for fwrite_unlocked - found
#20 4.888 -- Looking for gettid
#20 5.052 -- Looking for gettid - found
#20 5.052 -- Looking for secure_getenv
#20 5.211 -- Looking for secure_getenv - found
#20 5.211 -- Looking for statfs
#20 5.369 -- Looking for statfs - found
#20 5.370 -- Looking for syslog
#20 5.533 -- Looking for syslog - found
#20 5.533 -- Looking for dladdr
#20 5.701 -- Looking for dladdr - found
#20 5.704 -- Performing Test HAVE_STD_GNU99
#20 5.854 -- Performing Test HAVE_STD_GNU99 - Success
#20 5.855 -- Performing Test HAVE_BUILTIN_CPU_INIT
#20 6.023 -- Performing Test HAVE_BUILTIN_CPU_INIT - Success
#20 6.023 -- Performing Test HAVE_BUILTIN_CLZLL
#20 6.184 -- Performing Test HAVE_BUILTIN_CLZLL - Success
#20 6.184 -- Performing Test HAVE_BUILTIN_FPCLASSIFY
#20 6.341 -- Performing Test HAVE_BUILTIN_FPCLASSIFY - Success
#20 6.342 -- Performing Test HAVE_BUILTIN_MUL_OVERFLOW
#20 6.507 -- Performing Test HAVE_BUILTIN_MUL_OVERFLOW - Success
#20 6.508 -- Performing Test HAVE_BUILTIN_ADD_OVERFLOW
#20 6.669 -- Performing Test HAVE_BUILTIN_ADD_OVERFLOW - Success
#20 6.669 -- Performing Test HAVE_STATIC_ASSERT
#20 6.830 -- Performing Test HAVE_STATIC_ASSERT - Success
#20 6.831 -- Performing Test HAVE_SO_ATTACH_REUSEPORT_CBPF
#20 7.013 -- Performing Test HAVE_SO_ATTACH_REUSEPORT_CBPF - Success
#20 7.014 -- Performing Test HAVE_SO_INCOMING_CPU
#20 7.203 -- Performing Test HAVE_SO_INCOMING_CPU - Success
#20 7.204 -- Valgrind headers not found -- disabling valgrind support
#20 7.207 -- Performing Test HAVE_MTUNE_NATIVE
#20 7.364 -- Performing Test HAVE_MTUNE_NATIVE - Success
#20 7.367 -- Performing Test HAVE_MARCH_NATIVE
#20 7.518 -- Performing Test HAVE_MARCH_NATIVE - Success
#20 7.520 -- Performing Test HAVE_STACK_PROTECTOR_EXPLICIT
#20 7.564 -- Performing Test HAVE_STACK_PROTECTOR_EXPLICIT - Failed
#20 7.566 -- Performing Test HAVE_IMMEDIATE_BINDING
#20 7.713 -- Performing Test HAVE_IMMEDIATE_BINDING - Success
#20 7.716 -- Performing Test HAVE_READ_ONLY_GOT
#20 7.866 -- Performing Test HAVE_READ_ONLY_GOT - Success
#20 7.869 -- Performing Test HAVE_NO_PLT
#20 8.022 -- Performing Test HAVE_NO_PLT - Success
#20 8.025 -- Performing Test HAVE_NO_PIE
#20 8.172 -- Performing Test HAVE_NO_PIE - Success
#20 8.176 -- Performing Test HAVE_NOEXEC_STACK
#20 8.328 -- Performing Test HAVE_NOEXEC_STACK - Success
#20 8.329 -- Building without a sanitizer
#20 8.331 -- Performing Test supports -Wduplicated-cond
#20 8.481 -- Performing Test supports -Wduplicated-cond - Failed
#20 8.483 -- Performing Test supports -Wduplicated-branches
#20 8.630 -- Performing Test supports -Wduplicated-branches - Failed
#20 8.633 -- Performing Test supports -Wlogical-op
#20 8.779 -- Performing Test supports -Wlogical-op - Failed
#20 8.782 -- Performing Test supports -Wrestrict
#20 8.929 -- Performing Test supports -Wrestrict - Failed
#20 8.932 -- Performing Test supports -Wdouble-promotion
#20 9.084 -- Performing Test supports -Wdouble-promotion - Success
#20 9.086 -- Performing Test supports -Wno-unused-parameter
#20 9.231 -- Performing Test supports -Wno-unused-parameter - Success
#20 9.234 -- Performing Test supports -Wstringop-truncation
#20 9.387 -- Performing Test supports -Wstringop-truncation - Failed
#20 9.390 -- Performing Test supports -Wvla
#20 9.538 -- Performing Test supports -Wvla - Success
#20 9.542 -- Performing Test supports -Wunsequenced
#20 9.686 -- Performing Test supports -Wunsequenced - Success
#20 9.689 -- Performing Test supports -Wno-free-nonheap-object
#20 9.841 -- Performing Test supports -Wno-free-nonheap-object - Success
#20 9.905 -- Found PythonInterp: /usr/local/bin/python3 (found suitable version "3.8.6", minimum required is "3") 
#20 9.909 -- Using built-in context switching routines for x86_64 processors
#20 9.912 -- Using zlib (/usr/lib/x86_64-linux-gnu/libz.so) for mimegen
#20 9.919 -- Could NOT find PkgConfig (missing: PKG_CONFIG_EXECUTABLE) 
#20 9.920 -- Freegeoip sample application not being built: SQLite not found
#20 9.927 -- Could NOT find PkgConfig (missing: PKG_CONFIG_EXECUTABLE) 
#20 9.929 -- Not building benchmark suite: database libraries not found.
#20 9.930 -- Configuring done
#20 9.963 -- Generating done
#20 9.976 -- Build files have been written to: /work/lwan
#20 9.983 + ninja -v liblwan.a
#20 10.13 [1/49] /usr/local/bin/clang -D_FILE_OFFSET_BITS=64 -D_TIME_BITS=64 -I/src/lwan/src/lib/missing -I/src/lwan/src/lib -DFUZZING_BUILD_MODE_UNSAFE_FOR_PRODUCTION -pthread -Wl,--no-as-needed -Wl,-ldl -Wl,-lm -Wno-unused-command-line-argument -O3 -fsanitize-coverage=trace-pc-guard -fno-plt -no-pie -Wdouble-promotion -Wno-unused-parameter -Wvla -Wunsequenced -Wno-free-nonheap-object -Wall -Wextra -Wshadow -Wconversion -std=gnu99 -g   -include /work/lwan/lwan-build-config.h -MD -MT src/bin/tools/CMakeFiles/mimegen.dir/__/__/lib/missing.c.o -MF src/bin/tools/CMakeFiles/mimegen.dir/__/__/lib/missing.c.o.d -o src/bin/tools/CMakeFiles/mimegen.dir/__/__/lib/missing.c.o -c /src/lwan/src/lib/missing.c
#20 10.13 In file included from /src/lwan/src/lib/missing.c:35:
#20 10.13 In file included from /src/lwan/src/lib/lwan.h:34:
#20 10.13 In file included from /src/lwan/src/lib/timeout.h:34:
#20 10.13 /src/lwan/src/lib/list.h:396:9: warning: the argument to '__builtin_assume' has side effects that will be discarded [-Wassume]
#20 10.13         assert(!list_empty(h));
#20 10.13                ^~~~~~~~~~~~~~
#20 10.13 /src/lwan/src/lib/missing/assert.h:36:39: note: expanded from macro 'assert'
#20 10.13 #define assert(expr) __builtin_assume(expr)
#20 10.13                                       ^~~~
#20 10.13 1 warning generated.
#20 10.13 [2/49] /usr/local/bin/clang -D_FILE_OFFSET_BITS=64 -D_TIME_BITS=64 -I/src/lwan/src/lib/missing -I/src/lwan/src/lib -DFUZZING_BUILD_MODE_UNSAFE_FOR_PRODUCTION -pthread -Wl,--no-as-needed -Wl,-ldl -Wl,-lm -Wno-unused-command-line-argument -O3 -fsanitize-coverage=trace-pc-guard -fno-plt -no-pie -Wdouble-promotion -Wno-unused-parameter -Wvla -Wunsequenced -Wno-free-nonheap-object -Wall -Wextra -Wshadow -Wconversion -std=gnu99 -g   -include /work/lwan/lwan-build-config.h -MD -MT src/bin/tools/CMakeFiles/bin2hex.dir/bin2hex.c.o -MF src/bin/tools/CMakeFiles/bin2hex.dir/bin2hex.c.o.d -o src/bin/tools/CMakeFiles/bin2hex.dir/bin2hex.c.o -c /src/lwan/src/bin/tools/bin2hex.c
#20 10.13 In file included from /src/lwan/src/bin/tools/bin2hex.c:29:
#20 10.13 In file included from /src/lwan/src/lib/lwan.h:34:
#20 10.13 In file included from /src/lwan/src/lib/timeout.h:34:
#20 10.13 /src/lwan/src/lib/list.h:396:9: warning: the argument to '__builtin_assume' has side effects that will be discarded [-Wassume]
#20 10.13         assert(!list_empty(h));
#20 10.13                ^~~~~~~~~~~~~~
#20 10.13 /src/lwan/src/lib/missing/assert.h:36:39: note: expanded from macro 'assert'
#20 10.13 #define assert(expr) __builtin_assume(expr)
#20 10.13                                       ^~~~
#20 10.13 1 warning generated.
#20 10.13 [3/49] /usr/local/bin/clang -D_FILE_OFFSET_BITS=64 -D_TIME_BITS=64 -I/src/lwan/src/lib/missing -I/src/lwan/src/lib -DFUZZING_BUILD_MODE_UNSAFE_FOR_PRODUCTION -pthread -Wl,--no-as-needed -Wl,-ldl -Wl,-lm -Wno-unused-command-line-argument -O3 -fsanitize-coverage=trace-pc-guard -fno-plt -no-pie -Wdouble-promotion -Wno-unused-parameter -Wvla -Wunsequenced -Wno-free-nonheap-object -Wall -Wextra -Wshadow -Wconversion -std=gnu99 -g   -include /work/lwan/lwan-build-config.h -MD -MT src/bin/tools/CMakeFiles/mimegen.dir/__/__/lib/murmur3.c.o -MF src/bin/tools/CMakeFiles/mimegen.dir/__/__/lib/murmur3.c.o.d -o src/bin/tools/CMakeFiles/mimegen.dir/__/__/lib/murmur3.c.o -c /src/lwan/src/lib/murmur3.c
#20 10.20 [4/49] /usr/local/bin/clang -D_FILE_OFFSET_BITS=64 -D_TIME_BITS=64 -I/src/lwan/src/lib/missing -I/src/lwan/src/lib -DFUZZING_BUILD_MODE_UNSAFE_FOR_PRODUCTION -pthread -Wl,--no-as-needed -Wl,-ldl -Wl,-lm -Wno-unused-command-line-argument -O3 -fsanitize-coverage=trace-pc-guard -fno-plt -no-pie -Wdouble-promotion -Wno-unused-parameter -Wvla -Wunsequenced -Wno-free-nonheap-object -Wall -Wextra -Wshadow -Wconversion -std=gnu99 -g   -include /work/lwan/lwan-build-config.h -MD -MT src/bin/tools/CMakeFiles/mimegen.dir/mimegen.c.o -MF src/bin/tools/CMakeFiles/mimegen.dir/mimegen.c.o.d -o src/bin/tools/CMakeFiles/mimegen.dir/mimegen.c.o -c /src/lwan/src/bin/tools/mimegen.c
#20 10.24 [5/49] : && /usr/local/bin/clang -DFUZZING_BUILD_MODE_UNSAFE_FOR_PRODUCTION -pthread -Wl,--no-as-needed -Wl,-ldl -Wl,-lm -Wno-unused-command-line-argument -O3 -fsanitize-coverage=trace-pc-guard -fno-plt -no-pie -Wdouble-promotion -Wno-unused-parameter -Wvla -Wunsequenced -Wno-free-nonheap-object -Wall -Wextra -Wshadow -Wconversion -std=gnu99 -g -Wl,-z,now -Wl,-z,relro -Wl,-z,noexecstack   -rdynamic src/bin/tools/CMakeFiles/bin2hex.dir/bin2hex.c.o -o src/bin/tools/bin2hex   && :
#20 10.24 [6/49] cd /work/lwan/src/lib && /work/lwan/src/bin/tools/bin2hex /src/lwan/wwwroot/icons/back.gif back_gif /src/lwan/wwwroot/icons/file.gif file_gif /src/lwan/wwwroot/icons/folder.gif folder_gif > /work/lwan/auto-index-icons.h
#20 10.26 [7/49] /usr/local/bin/clang -D_FILE_OFFSET_BITS=64 -D_TIME_BITS=64 -I/src/lwan/src/lib/missing -I/src/lwan/src/lib -DFUZZING_BUILD_MODE_UNSAFE_FOR_PRODUCTION -pthread -Wl,--no-as-needed -Wl,-ldl -Wl,-lm -Wno-unused-command-line-argument -O3 -fsanitize-coverage=trace-pc-guard -fno-plt -no-pie -Wdouble-promotion -Wno-unused-parameter -Wvla -Wunsequenced -Wno-free-nonheap-object -Wall -Wextra -Wshadow -Wconversion -std=gnu99 -g   -include /work/lwan/lwan-build-config.h -MD -MT src/bin/tools/CMakeFiles/mimegen.dir/__/__/lib/hash.c.o -MF src/bin/tools/CMakeFiles/mimegen.dir/__/__/lib/hash.c.o.d -o src/bin/tools/CMakeFiles/mimegen.dir/__/__/lib/hash.c.o -c /src/lwan/src/lib/hash.c
#20 10.38 [8/49] : && /usr/local/bin/clang -DFUZZING_BUILD_MODE_UNSAFE_FOR_PRODUCTION -pthread -Wl,--no-as-needed -Wl,-ldl -Wl,-lm -Wno-unused-command-line-argument -O3 -fsanitize-coverage=trace-pc-guard -fno-plt -no-pie -Wdouble-promotion -Wno-unused-parameter -Wvla -Wunsequenced -Wno-free-nonheap-object -Wall -Wextra -Wshadow -Wconversion -std=gnu99 -g -Wl,-z,now -Wl,-z,relro -Wl,-z,noexecstack   -rdynamic src/bin/tools/CMakeFiles/mimegen.dir/mimegen.c.o src/bin/tools/CMakeFiles/mimegen.dir/__/__/lib/hash.c.o src/bin/tools/CMakeFiles/mimegen.dir/__/__/lib/murmur3.c.o src/bin/tools/CMakeFiles/mimegen.dir/__/__/lib/missing.c.o -o src/bin/tools/mimegen  -lz && :
#20 10.39 [9/49] cd /work/lwan/src/lib && /work/lwan/src/bin/tools/mimegen /src/lwan/src/bin/tools/mime.types > /work/lwan/mime-types.h
#20 10.49 [10/49] /usr/local/bin/clang -D_FILE_OFFSET_BITS=64 -D_TIME_BITS=64 -I/src/lwan/src/lib/missing -I/src/lwan/src/lib -I/work/lwan -DFUZZING_BUILD_MODE_UNSAFE_FOR_PRODUCTION -pthread -Wl,--no-as-needed -Wl,-ldl -Wl,-lm -Wno-unused-command-line-argument -O3 -fsanitize-coverage=trace-pc-guard -fno-plt -no-pie -Wdouble-promotion -Wno-unused-parameter -Wvla -Wunsequenced -Wno-free-nonheap-object -Wall -Wextra -Wshadow -Wconversion -std=gnu99 -g   -include /work/lwan/lwan-build-config.h -fPIC -MD -MT src/lib/CMakeFiles/lwan-static.dir/list.c.o -MF src/lib/CMakeFiles/lwan-static.dir/list.c.o.d -o src/lib/CMakeFiles/lwan-static.dir/list.c.o -c /src/lwan/src/lib/list.c
#20 10.49 In file included from /src/lwan/src/lib/list.c:33:
#20 10.49 /src/lwan/src/lib/list.h:396:9: warning: the argument to '__builtin_assume' has side effects that will be discarded [-Wassume]
#20 10.49         assert(!list_empty(h));
#20 10.49                ^~~~~~~~~~~~~~
#20 10.49 /src/lwan/src/lib/missing/assert.h:36:39: note: expanded from macro 'assert'
#20 10.49 #define assert(expr) __builtin_assume(expr)
#20 10.49                                       ^~~~
#20 10.49 1 warning generated.
#20 10.56 [11/49] /usr/local/bin/clang -D_FILE_OFFSET_BITS=64 -D_TIME_BITS=64 -I/src/lwan/src/lib/missing -I/src/lwan/src/lib -I/work/lwan -DFUZZING_BUILD_MODE_UNSAFE_FOR_PRODUCTION -pthread -Wl,--no-as-needed -Wl,-ldl -Wl,-lm -Wno-unused-command-line-argument -O3 -fsanitize-coverage=trace-pc-guard -fno-plt -no-pie -Wdouble-promotion -Wno-unused-parameter -Wvla -Wunsequenced -Wno-free-nonheap-object -Wall -Wextra -Wshadow -Wconversion -std=gnu99 -g   -include /work/lwan/lwan-build-config.h -fPIC -MD -MT src/lib/CMakeFiles/lwan-static.dir/lwan-array.c.o -MF src/lib/CMakeFiles/lwan-static.dir/lwan-array.c.o.d -o src/lib/CMakeFiles/lwan-static.dir/lwan-array.c.o -c /src/lwan/src/lib/lwan-array.c
#20 10.56 In file included from /src/lwan/src/lib/lwan-array.c:27:
#20 10.56 In file included from /src/lwan/src/lib/lwan.h:34:
#20 10.56 In file included from /src/lwan/src/lib/timeout.h:34:
#20 10.56 /src/lwan/src/lib/list.h:396:9: warning: the argument to '__builtin_assume' has side effects that will be discarded [-Wassume]
#20 10.56         assert(!list_empty(h));
#20 10.56                ^~~~~~~~~~~~~~
#20 10.56 /src/lwan/src/lib/missing/assert.h:36:39: note: expanded from macro 'assert'
#20 10.56 #define assert(expr) __builtin_assume(expr)
#20 10.56                                       ^~~~
#20 10.56 1 warning generated.
#20 10.64 [12/49] /usr/local/bin/clang -D_FILE_OFFSET_BITS=64 -D_TIME_BITS=64 -I/src/lwan/src/lib/missing -I/src/lwan/src/lib -I/work/lwan -DFUZZING_BUILD_MODE_UNSAFE_FOR_PRODUCTION -pthread -Wl,--no-as-needed -Wl,-ldl -Wl,-lm -Wno-unused-command-line-argument -O3 -fsanitize-coverage=trace-pc-guard -fno-plt -no-pie -Wdouble-promotion -Wno-unused-parameter -Wvla -Wunsequenced -Wno-free-nonheap-object -Wall -Wextra -Wshadow -Wconversion -std=gnu99 -g   -include /work/lwan/lwan-build-config.h -fPIC -MD -MT src/lib/CMakeFiles/lwan-static.dir/int-to-str.c.o -MF src/lib/CMakeFiles/lwan-static.dir/int-to-str.c.o.d -o src/lib/CMakeFiles/lwan-static.dir/int-to-str.c.o -c /src/lwan/src/lib/int-to-str.c
#20 10.65 [13/49] /usr/local/bin/clang -D_FILE_OFFSET_BITS=64 -D_TIME_BITS=64 -I/src/lwan/src/lib/missing -I/src/lwan/src/lib -I/work/lwan -DFUZZING_BUILD_MODE_UNSAFE_FOR_PRODUCTION -pthread -Wl,--no-as-needed -Wl,-ldl -Wl,-lm -Wno-unused-command-line-argument -O3 -fsanitize-coverage=trace-pc-guard -fno-plt -no-pie -Wdouble-promotion -Wno-unused-parameter -Wvla -Wunsequenced -Wno-free-nonheap-object -Wall -Wextra -Wshadow -Wconversion -std=gnu99 -g   -include /work/lwan/lwan-build-config.h -fPIC -MD -MT src/lib/CMakeFiles/lwan-static.dir/base64.c.o -MF src/lib/CMakeFiles/lwan-static.dir/base64.c.o.d -o src/lib/CMakeFiles/lwan-static.dir/base64.c.o -c /src/lwan/src/lib/base64.c
#20 10.68 [14/49] /usr/local/bin/clang -D_FILE_OFFSET_BITS=64 -D_TIME_BITS=64 -I/src/lwan/src/lib/missing -I/src/lwan/src/lib -I/work/lwan -DFUZZING_BUILD_MODE_UNSAFE_FOR_PRODUCTION -pthread -Wl,--no-as-needed -Wl,-ldl -Wl,-lm -Wno-unused-command-line-argument -O3 -fsanitize-coverage=trace-pc-guard -fno-plt -no-pie -Wdouble-promotion -Wno-unused-parameter -Wvla -Wunsequenced -Wno-free-nonheap-object -Wall -Wextra -Wshadow -Wconversion -std=gnu99 -g   -include /work/lwan/lwan-build-config.h -fPIC -MD -MT src/lib/CMakeFiles/lwan-static.dir/lwan-cache.c.o -MF src/lib/CMakeFiles/lwan-static.dir/lwan-cache.c.o.d -o src/lib/CMakeFiles/lwan-static.dir/lwan-cache.c.o -c /src/lwan/src/lib/lwan-cache.c
#20 10.74 [15/49] /usr/local/bin/clang -D_FILE_OFFSET_BITS=64 -D_TIME_BITS=64 -I/src/lwan/src/lib/missing -I/src/lwan/src/lib -I/work/lwan -DFUZZING_BUILD_MODE_UNSAFE_FOR_PRODUCTION -pthread -Wl,--no-as-needed -Wl,-ldl -Wl,-lm -Wno-unused-command-line-argument -O3 -fsanitize-coverage=trace-pc-guard -fno-plt -no-pie -Wdouble-promotion -Wno-unused-parameter -Wvla -Wunsequenced -Wno-free-nonheap-object -Wall -Wextra -Wshadow -Wconversion -std=gnu99 -g   -include /work/lwan/lwan-build-config.h -fPIC -MD -MT src/lib/CMakeFiles/lwan-static.dir/lwan-http-authorize.c.o -MF src/lib/CMakeFiles/lwan-static.dir/lwan-http-authorize.c.o.d -o src/lib/CMakeFiles/lwan-static.dir/lwan-http-authorize.c.o -c /src/lwan/src/lib/lwan-http-authorize.c
#20 10.74 In file included from /src/lwan/src/lib/lwan-http-authorize.c:27:
#20 10.74 In file included from /src/lwan/src/lib/lwan-private.h:25:
#20 10.74 In file included from /src/lwan/src/lib/lwan.h:34:
#20 10.74 In file included from /src/lwan/src/lib/timeout.h:34:
#20 10.74 /src/lwan/src/lib/list.h:396:9: warning: the argument to '__builtin_assume' has side effects that will be discarded [-Wassume]
#20 10.74         assert(!list_empty(h));
#20 10.74                ^~~~~~~~~~~~~~
#20 10.74 /src/lwan/src/lib/missing/assert.h:36:39: note: expanded from macro 'assert'
#20 10.74 #define assert(expr) __builtin_assume(expr)
#20 10.74                                       ^~~~
#20 10.74 1 warning generated.
#20 10.77 [16/49] /usr/local/bin/clang -D_FILE_OFFSET_BITS=64 -D_TIME_BITS=64 -I/src/lwan/src/lib/missing -I/src/lwan/src/lib -I/work/lwan -DFUZZING_BUILD_MODE_UNSAFE_FOR_PRODUCTION -pthread -Wl,--no-as-needed -Wl,-ldl -Wl,-lm -Wno-unused-command-line-argument -O3 -fsanitize-coverage=trace-pc-guard -fno-plt -no-pie -Wdouble-promotion -Wno-unused-parameter -Wvla -Wunsequenced -Wno-free-nonheap-object -Wall -Wextra -Wshadow -Wconversion -std=gnu99 -g   -include /work/lwan/lwan-build-config.h -fPIC -MD -MT src/lib/CMakeFiles/lwan-static.dir/lwan-io-wrappers.c.o -MF src/lib/CMakeFiles/lwan-static.dir/lwan-io-wrappers.c.o.d -o src/lib/CMakeFiles/lwan-static.dir/lwan-io-wrappers.c.o -c /src/lwan/src/lib/lwan-io-wrappers.c
#20 10.85 [17/49] /usr/local/bin/clang -D_FILE_OFFSET_BITS=64 -D_TIME_BITS=64 -I/src/lwan/src/lib/missing -I/src/lwan/src/lib -I/work/lwan -DFUZZING_BUILD_MODE_UNSAFE_FOR_PRODUCTION -pthread -Wl,--no-as-needed -Wl,-ldl -Wl,-lm -Wno-unused-command-line-argument -O3 -fsanitize-coverage=trace-pc-guard -fno-plt -no-pie -Wdouble-promotion -Wno-unused-parameter -Wvla -Wunsequenced -Wno-free-nonheap-object -Wall -Wextra -Wshadow -Wconversion -std=gnu99 -g   -include /work/lwan/lwan-build-config.h -fPIC -MD -MT src/lib/CMakeFiles/lwan-static.dir/lwan-job.c.o -MF src/lib/CMakeFiles/lwan-static.dir/lwan-job.c.o.d -o src/lib/CMakeFiles/lwan-static.dir/lwan-job.c.o -c /src/lwan/src/lib/lwan-job.c
#20 10.85 [18/49] /usr/local/bin/clang -D_FILE_OFFSET_BITS=64 -D_TIME_BITS=64 -I/src/lwan/src/lib/missing -I/src/lwan/src/lib -I/work/lwan -DFUZZING_BUILD_MODE_UNSAFE_FOR_PRODUCTION -pthread -Wl,--no-as-needed -Wl,-ldl -Wl,-lm -Wno-unused-command-line-argument -O3 -fsanitize-coverage=trace-pc-guard -fno-plt -no-pie -Wdouble-promotion -Wno-unused-parameter -Wvla -Wunsequenced -Wno-free-nonheap-object -Wall -Wextra -Wshadow -Wconversion -std=gnu99 -g   -include /work/lwan/lwan-build-config.h -fPIC -MD -MT src/lib/CMakeFiles/lwan-static.dir/lwan-coro.c.o -MF src/lib/CMakeFiles/lwan-static.dir/lwan-coro.c.o.d -o src/lib/CMakeFiles/lwan-static.dir/lwan-coro.c.o -c /src/lwan/src/lib/lwan-coro.c
#20 10.86 [19/49] /usr/local/bin/clang -D_FILE_OFFSET_BITS=64 -D_TIME_BITS=64 -I/src/lwan/src/lib/missing -I/src/lwan/src/lib -I/work/lwan -DFUZZING_BUILD_MODE_UNSAFE_FOR_PRODUCTION -pthread -Wl,--no-as-needed -Wl,-ldl -Wl,-lm -Wno-unused-command-line-argument -O3 -fsanitize-coverage=trace-pc-guard -fno-plt -no-pie -Wdouble-promotion -Wno-unused-parameter -Wvla -Wunsequenced -Wno-free-nonheap-object -Wall -Wextra -Wshadow -Wconversion -std=gnu99 -g   -include /work/lwan/lwan-build-config.h -fPIC -MD -MT src/lib/CMakeFiles/lwan-static.dir/lwan-mod-redirect.c.o -MF src/lib/CMakeFiles/lwan-static.dir/lwan-mod-redirect.c.o.d -o src/lib/CMakeFiles/lwan-static.dir/lwan-mod-redirect.c.o -c /src/lwan/src/lib/lwan-mod-redirect.c
#20 10.86 In file included from /src/lwan/src/lib/lwan-mod-redirect.c:24:
#20 10.86 In file included from /src/lwan/src/lib/lwan-private.h:25:
#20 10.86 In file included from /src/lwan/src/lib/lwan.h:34:
#20 10.86 In file included from /src/lwan/src/lib/timeout.h:34:
#20 10.86 /src/lwan/src/lib/list.h:396:9: warning: the argument to '__builtin_assume' has side effects that will be discarded [-Wassume]
#20 10.86         assert(!list_empty(h));
#20 10.86                ^~~~~~~~~~~~~~
#20 10.86 /src/lwan/src/lib/missing/assert.h:36:39: note: expanded from macro 'assert'
#20 10.86 #define assert(expr) __builtin_assume(expr)
#20 10.86                                       ^~~~
#20 10.86 1 warning generated.
#20 10.91 [20/49] /usr/local/bin/clang -D_FILE_OFFSET_BITS=64 -D_TIME_BITS=64 -I/src/lwan/src/lib/missing -I/src/lwan/src/lib -I/work/lwan -DFUZZING_BUILD_MODE_UNSAFE_FOR_PRODUCTION -pthread -Wl,--no-as-needed -Wl,-ldl -Wl,-lm -Wno-unused-command-line-argument -O3 -fsanitize-coverage=trace-pc-guard -fno-plt -no-pie -Wdouble-promotion -Wno-unused-parameter -Wvla -Wunsequenced -Wno-free-nonheap-object -Wall -Wextra -Wshadow -Wconversion -std=gnu99 -g   -include /work/lwan/lwan-build-config.h -fPIC -MD -MT src/lib/CMakeFiles/lwan-static.dir/lwan-mod-response.c.o -MF src/lib/CMakeFiles/lwan-static.dir/lwan-mod-response.c.o.d -o src/lib/CMakeFiles/lwan-static.dir/lwan-mod-response.c.o -c /src/lwan/src/lib/lwan-mod-response.c
#20 10.91 In file included from /src/lwan/src/lib/lwan-mod-response.c:24:
#20 10.91 In file included from /src/lwan/src/lib/lwan-private.h:25:
#20 10.91 In file included from /src/lwan/src/lib/lwan.h:34:
#20 10.91 In file included from /src/lwan/src/lib/timeout.h:34:
#20 10.91 /src/lwan/src/lib/list.h:396:9: warning: the argument to '__builtin_assume' has side effects that will be discarded [-Wassume]
#20 10.91         assert(!list_empty(h));
#20 10.91                ^~~~~~~~~~~~~~
#20 10.91 /src/lwan/src/lib/missing/assert.h:36:39: note: expanded from macro 'assert'
#20 10.91 #define assert(expr) __builtin_assume(expr)
#20 10.91                                       ^~~~
#20 10.91 /src/lwan/src/lib/lwan-mod-response.c:32:12: warning: cast to smaller integer type 'enum lwan_http_status' from 'void *' [-Wvoid-pointer-to-enum-cast]
#20 10.91     return (enum lwan_http_status)instance;
#20 10.91            ^~~~~~~~~~~~~~~~~~~~~~~~~~~~~~~
#20 10.91 2 warnings generated.
#20 10.93 [21/49] /usr/local/bin/clang -D_FILE_OFFSET_BITS=64 -D_TIME_BITS=64 -I/src/lwan/src/lib/missing -I/src/lwan/src/lib -I/work/lwan -DFUZZING_BUILD_MODE_UNSAFE_FOR_PRODUCTION -pthread -Wl,--no-as-needed -Wl,-ldl -Wl,-lm -Wno-unused-command-line-argument -O3 -fsanitize-coverage=trace-pc-guard -fno-plt -no-pie -Wdouble-promotion -Wno-unused-parameter -Wvla -Wunsequenced -Wno-free-nonheap-object -Wall -Wextra -Wshadow -Wconversion -std=gnu99 -g   -include /work/lwan/lwan-build-config.h -fPIC -MD -MT src/lib/CMakeFiles/lwan-static.dir/hash.c.o -MF src/lib/CMakeFiles/lwan-static.dir/hash.c.o.d -o src/lib/CMakeFiles/lwan-static.dir/hash.c.o -c /src/lwan/src/lib/hash.c
#20 11.04 [22/49] /usr/local/bin/clang -D_FILE_OFFSET_BITS=64 -D_TIME_BITS=64 -I/src/lwan/src/lib/missing -I/src/lwan/src/lib -I/work/lwan -DFUZZING_BUILD_MODE_UNSAFE_FOR_PRODUCTION -pthread -Wl,--no-as-needed -Wl,-ldl -Wl,-lm -Wno-unused-command-line-argument -O3 -fsanitize-coverage=trace-pc-guard -fno-plt -no-pie -Wdouble-promotion -Wno-unused-parameter -Wvla -Wunsequenced -Wno-free-nonheap-object -Wall -Wextra -Wshadow -Wconversion -std=gnu99 -g   -include /work/lwan/lwan-build-config.h -fPIC -MD -MT src/lib/CMakeFiles/lwan-static.dir/lwan-readahead.c.o -MF src/lib/CMakeFiles/lwan-static.dir/lwan-readahead.c.o.d -o src/lib/CMakeFiles/lwan-static.dir/lwan-readahead.c.o -c /src/lwan/src/lib/lwan-readahead.c
#20 11.04 In file included from /src/lwan/src/lib/lwan-readahead.c:29:
#20 11.04 In file included from /src/lwan/src/lib/lwan-private.h:25:
#20 11.04 In file included from /src/lwan/src/lib/lwan.h:34:
#20 11.04 In file included from /src/lwan/src/lib/timeout.h:34:
#20 11.04 /src/lwan/src/lib/list.h:396:9: warning: the argument to '__builtin_assume' has side effects that will be discarded [-Wassume]
#20 11.04         assert(!list_empty(h));
#20 11.04                ^~~~~~~~~~~~~~
#20 11.04 /src/lwan/src/lib/missing/assert.h:36:39: note: expanded from macro 'assert'
#20 11.04 #define assert(expr) __builtin_assume(expr)
#20 11.04                                       ^~~~
#20 11.04 1 warning generated.
#20 11.18 [23/49] /usr/local/bin/clang -D_FILE_OFFSET_BITS=64 -D_TIME_BITS=64 -I/src/lwan/src/lib/missing -I/src/lwan/src/lib -I/work/lwan -DFUZZING_BUILD_MODE_UNSAFE_FOR_PRODUCTION -pthread -Wl,--no-as-needed -Wl,-ldl -Wl,-lm -Wno-unused-command-line-argument -O3 -fsanitize-coverage=trace-pc-guard -fno-plt -no-pie -Wdouble-promotion -Wno-unused-parameter -Wvla -Wunsequenced -Wno-free-nonheap-object -Wall -Wextra -Wshadow -Wconversion -std=gnu99 -g   -include /work/lwan/lwan-build-config.h -fPIC -MD -MT src/lib/CMakeFiles/lwan-static.dir/lwan-config.c.o -MF src/lib/CMakeFiles/lwan-static.dir/lwan-config.c.o.d -o src/lib/CMakeFiles/lwan-static.dir/lwan-config.c.o -c /src/lwan/src/lib/lwan-config.c
#20 11.18 In file included from /src/lwan/src/lib/lwan-config.c:35:
#20 11.18 In file included from /src/lwan/src/lib/lwan-private.h:25:
#20 11.18 In file included from /src/lwan/src/lib/lwan.h:34:
#20 11.18 In file included from /src/lwan/src/lib/timeout.h:34:
#20 11.18 /src/lwan/src/lib/list.h:396:9: warning: the argument to '__builtin_assume' has side effects that will be discarded [-Wassume]
#20 11.18         assert(!list_empty(h));
#20 11.18                ^~~~~~~~~~~~~~
#20 11.18 /src/lwan/src/lib/missing/assert.h:36:39: note: expanded from macro 'assert'
#20 11.18 #define assert(expr) __builtin_assume(expr)
#20 11.18                                       ^~~~
#20 11.18 1 warning generated.
#20 11.19 [24/49] /usr/local/bin/clang -D_FILE_OFFSET_BITS=64 -D_TIME_BITS=64 -I/src/lwan/src/lib/missing -I/src/lwan/src/lib -I/work/lwan -DFUZZING_BUILD_MODE_UNSAFE_FOR_PRODUCTION -pthread -Wl,--no-as-needed -Wl,-ldl -Wl,-lm -Wno-unused-command-line-argument -O3 -fsanitize-coverage=trace-pc-guard -fno-plt -no-pie -Wdouble-promotion -Wno-unused-parameter -Wvla -Wunsequenced -Wno-free-nonheap-object -Wall -Wextra -Wshadow -Wconversion -std=gnu99 -g   -include /work/lwan/lwan-build-config.h -fPIC -MD -MT src/lib/CMakeFiles/lwan-static.dir/lwan.c.o -MF src/lib/CMakeFiles/lwan-static.dir/lwan.c.o.d -o src/lib/CMakeFiles/lwan-static.dir/lwan.c.o -c /src/lwan/src/lib/lwan.c
#20 11.19 /src/lwan/src/lib/lwan.c:886:34: warning: unused parameter 'l' [-Wunused-parameter]
#20 11.19 void lwan_main_loop(struct lwan *l)
#20 11.19                                  ^
#20 11.19 1 warning generated.
#20 11.20 [25/49] /usr/local/bin/clang -D_FILE_OFFSET_BITS=64 -D_TIME_BITS=64 -I/src/lwan/src/lib/missing -I/src/lwan/src/lib -I/work/lwan -DFUZZING_BUILD_MODE_UNSAFE_FOR_PRODUCTION -pthread -Wl,--no-as-needed -Wl,-ldl -Wl,-lm -Wno-unused-command-line-argument -O3 -fsanitize-coverage=trace-pc-guard -fno-plt -no-pie -Wdouble-promotion -Wno-unused-parameter -Wvla -Wunsequenced -Wno-free-nonheap-object -Wall -Wextra -Wshadow -Wconversion -std=gnu99 -g   -include /work/lwan/lwan-build-config.h -fPIC -MD -MT src/lib/CMakeFiles/lwan-static.dir/lwan-status.c.o -MF src/lib/CMakeFiles/lwan-static.dir/lwan-status.c.o.d -o src/lib/CMakeFiles/lwan-static.dir/lwan-status.c.o -c /src/lwan/src/lib/lwan-status.c
#20 11.20 In file included from /src/lwan/src/lib/lwan-status.c:31:
#20 11.20 In file included from /src/lwan/src/lib/lwan-private.h:25:
#20 11.20 In file included from /src/lwan/src/lib/lwan.h:34:
#20 11.20 In file included from /src/lwan/src/lib/timeout.h:34:
#20 11.20 /src/lwan/src/lib/list.h:396:9: warning: the argument to '__builtin_assume' has side effects that will be discarded [-Wassume]
#20 11.20         assert(!list_empty(h));
#20 11.20                ^~~~~~~~~~~~~~
#20 11.20 /src/lwan/src/lib/missing/assert.h:36:39: note: expanded from macro 'assert'
#20 11.20 #define assert(expr) __builtin_assume(expr)
#20 11.20                                       ^~~~
#20 11.20 1 warning generated.
#20 11.28 [26/49] /usr/local/bin/clang -D_FILE_OFFSET_BITS=64 -D_TIME_BITS=64 -I/src/lwan/src/lib/missing -I/src/lwan/src/lib -I/work/lwan -DFUZZING_BUILD_MODE_UNSAFE_FOR_PRODUCTION -pthread -Wl,--no-as-needed -Wl,-ldl -Wl,-lm -Wno-unused-command-line-argument -O3 -fsanitize-coverage=trace-pc-guard -fno-plt -no-pie -Wdouble-promotion -Wno-unused-parameter -Wvla -Wunsequenced -Wno-free-nonheap-object -Wall -Wextra -Wshadow -Wconversion -std=gnu99 -g   -include /work/lwan/lwan-build-config.h -fPIC -MD -MT src/lib/CMakeFiles/lwan-static.dir/lwan-socket.c.o -MF src/lib/CMakeFiles/lwan-static.dir/lwan-socket.c.o.d -o src/lib/CMakeFiles/lwan-static.dir/lwan-socket.c.o -c /src/lwan/src/lib/lwan-socket.c
#20 11.28 In file included from /src/lwan/src/lib/lwan-socket.c:35:
#20 11.28 In file included from /src/lwan/src/lib/lwan-private.h:25:
#20 11.28 In file included from /src/lwan/src/lib/lwan.h:34:
#20 11.28 In file included from /src/lwan/src/lib/timeout.h:34:
#20 11.28 /src/lwan/src/lib/list.h:396:9: warning: the argument to '__builtin_assume' has side effects that will be discarded [-Wassume]
#20 11.28         assert(!list_empty(h));
#20 11.28                ^~~~~~~~~~~~~~
#20 11.28 /src/lwan/src/lib/missing/assert.h:36:39: note: expanded from macro 'assert'
#20 11.28 #define assert(expr) __builtin_assume(expr)
#20 11.28                                       ^~~~
#20 11.28 1 warning generated.
#20 11.29 [27/49] /usr/local/bin/clang -D_FILE_OFFSET_BITS=64 -D_TIME_BITS=64 -I/src/lwan/src/lib/missing -I/src/lwan/src/lib -I/work/lwan -DFUZZING_BUILD_MODE_UNSAFE_FOR_PRODUCTION -pthread -Wl,--no-as-needed -Wl,-ldl -Wl,-lm -Wno-unused-command-line-argument -O3 -fsanitize-coverage=trace-pc-guard -fno-plt -no-pie -Wdouble-promotion -Wno-unused-parameter -Wvla -Wunsequenced -Wno-free-nonheap-object -Wall -Wextra -Wshadow -Wconversion -std=gnu99 -g   -include /work/lwan/lwan-build-config.h -fPIC -MD -MT src/lib/CMakeFiles/lwan-static.dir/lwan-straitjacket.c.o -MF src/lib/CMakeFiles/lwan-static.dir/lwan-straitjacket.c.o.d -o src/lib/CMakeFiles/lwan-static.dir/lwan-straitjacket.c.o -c /src/lwan/src/lib/lwan-straitjacket.c
#20 11.29 In file included from /src/lwan/src/lib/lwan-straitjacket.c:34:
#20 11.29 In file included from /src/lwan/src/lib/lwan-private.h:25:
#20 11.29 In file included from /src/lwan/src/lib/lwan.h:34:
#20 11.29 In file included from /src/lwan/src/lib/timeout.h:34:
#20 11.29 /src/lwan/src/lib/list.h:396:9: warning: the argument to '__builtin_assume' has side effects that will be discarded [-Wassume]
#20 11.29         assert(!list_empty(h));
#20 11.29                ^~~~~~~~~~~~~~
#20 11.29 /src/lwan/src/lib/missing/assert.h:36:39: note: expanded from macro 'assert'
#20 11.29 #define assert(expr) __builtin_assume(expr)
#20 11.29                                       ^~~~
#20 11.29 1 warning generated.
#20 11.38 [28/49] /usr/local/bin/clang -D_FILE_OFFSET_BITS=64 -D_TIME_BITS=64 -I/src/lwan/src/lib/missing -I/src/lwan/src/lib -I/work/lwan -DFUZZING_BUILD_MODE_UNSAFE_FOR_PRODUCTION -pthread -Wl,--no-as-needed -Wl,-ldl -Wl,-lm -Wno-unused-command-line-argument -O3 -fsanitize-coverage=trace-pc-guard -fno-plt -no-pie -Wdouble-promotion -Wno-unused-parameter -Wvla -Wunsequenced -Wno-free-nonheap-object -Wall -Wextra -Wshadow -Wconversion -std=gnu99 -g   -include /work/lwan/lwan-build-config.h -fPIC -MD -MT src/lib/CMakeFiles/lwan-static.dir/lwan-response.c.o -MF src/lib/CMakeFiles/lwan-static.dir/lwan-response.c.o.d -o src/lib/CMakeFiles/lwan-static.dir/lwan-response.c.o -c /src/lwan/src/lib/lwan-response.c
#20 11.39 [29/49] /usr/local/bin/clang -D_FILE_OFFSET_BITS=64 -D_TIME_BITS=64 -I/src/lwan/src/lib/missing -I/src/lwan/src/lib -I/work/lwan -DFUZZING_BUILD_MODE_UNSAFE_FOR_PRODUCTION -pthread -Wl,--no-as-needed -Wl,-ldl -Wl,-lm -Wno-unused-command-line-argument -O3 -fsanitize-coverage=trace-pc-guard -fno-plt -no-pie -Wdouble-promotion -Wno-unused-parameter -Wvla -Wunsequenced -Wno-free-nonheap-object -Wall -Wextra -Wshadow -Wconversion -std=gnu99 -g   -include /work/lwan/lwan-build-config.h -fPIC -MD -MT src/lib/CMakeFiles/lwan-static.dir/lwan-mod-serve-files.c.o -MF src/lib/CMakeFiles/lwan-static.dir/lwan-mod-serve-files.c.o.d -o src/lib/CMakeFiles/lwan-static.dir/lwan-mod-serve-files.c.o -c /src/lwan/src/lib/lwan-mod-serve-files.c
#20 11.39 In file included from /src/lwan/src/lib/lwan-mod-serve-files.c:32:
#20 11.39 In file included from /src/lwan/src/lib/lwan-private.h:25:
#20 11.39 In file included from /src/lwan/src/lib/lwan.h:34:
#20 11.39 In file included from /src/lwan/src/lib/timeout.h:34:
#20 11.39 /src/lwan/src/lib/list.h:396:9: warning: the argument to '__builtin_assume' has side effects that will be discarded [-Wassume]
#20 11.39         assert(!list_empty(h));
#20 11.39                ^~~~~~~~~~~~~~
#20 11.39 /src/lwan/src/lib/missing/assert.h:36:39: note: expanded from macro 'assert'
#20 11.39 #define assert(expr) __builtin_assume(expr)
#20 11.39                                       ^~~~
#20 11.39 /src/lwan/src/lib/lwan-mod-serve-files.c:532:52: warning: unused parameter 'priv' [-Wunused-parameter]
#20 11.39 static bool mmap_fd(const struct serve_files_priv *priv,
#20 11.39                                                    ^
#20 11.39 2 warnings generated.
#20 11.42 [30/49] /usr/local/bin/clang -D_FILE_OFFSET_BITS=64 -D_TIME_BITS=64 -I/src/lwan/src/lib/missing -I/src/lwan/src/lib -I/work/lwan -DFUZZING_BUILD_MODE_UNSAFE_FOR_PRODUCTION -pthread -Wl,--no-as-needed -Wl,-ldl -Wl,-lm -Wno-unused-command-line-argument -O3 -fsanitize-coverage=trace-pc-guard -fno-plt -no-pie -Wdouble-promotion -Wno-unused-parameter -Wvla -Wunsequenced -Wno-free-nonheap-object -Wall -Wextra -Wshadow -Wconversion -std=gnu99 -g   -include /work/lwan/lwan-build-config.h -fPIC -MD -MT src/lib/CMakeFiles/lwan-static.dir/lwan-strbuf.c.o -MF src/lib/CMakeFiles/lwan-static.dir/lwan-strbuf.c.o.d -o src/lib/CMakeFiles/lwan-static.dir/lwan-strbuf.c.o -c /src/lwan/src/lib/lwan-strbuf.c
#20 11.42 In file included from /src/lwan/src/lib/lwan-strbuf.c:27:
#20 11.42 In file included from /src/lwan/src/lib/lwan-private.h:25:
#20 11.42 In file included from /src/lwan/src/lib/lwan.h:34:
#20 11.42 In file included from /src/lwan/src/lib/timeout.h:34:
#20 11.42 /src/lwan/src/lib/list.h:396:9: warning: the argument to '__builtin_assume' has side effects that will be discarded [-Wassume]
#20 11.42         assert(!list_empty(h));
#20 11.42                ^~~~~~~~~~~~~~
#20 11.42 /src/lwan/src/lib/missing/assert.h:36:39: note: expanded from macro 'assert'
#20 11.42 #define assert(expr) __builtin_assume(expr)
#20 11.42                                       ^~~~
#20 11.42 1 warning generated.
#20 11.43 [31/49] /usr/local/bin/clang -D_FILE_OFFSET_BITS=64 -D_TIME_BITS=64 -I/src/lwan/src/lib/missing -I/src/lwan/src/lib -I/work/lwan -DFUZZING_BUILD_MODE_UNSAFE_FOR_PRODUCTION -pthread -Wl,--no-as-needed -Wl,-ldl -Wl,-lm -Wno-unused-command-line-argument -O3 -fsanitize-coverage=trace-pc-guard -fno-plt -no-pie -Wdouble-promotion -Wno-unused-parameter -Wvla -Wunsequenced -Wno-free-nonheap-object -Wall -Wextra -Wshadow -Wconversion -std=gnu99 -g   -include /work/lwan/lwan-build-config.h -fPIC -MD -MT src/lib/CMakeFiles/lwan-static.dir/lwan-mod-rewrite.c.o -MF src/lib/CMakeFiles/lwan-static.dir/lwan-mod-rewrite.c.o.d -o src/lib/CMakeFiles/lwan-static.dir/lwan-mod-rewrite.c.o -c /src/lwan/src/lib/lwan-mod-rewrite.c
#20 11.43 In file included from /src/lwan/src/lib/lwan-mod-rewrite.c:28:
#20 11.43 In file included from /src/lwan/src/lib/lwan-private.h:25:
#20 11.43 In file included from /src/lwan/src/lib/lwan.h:34:
#20 11.43 In file included from /src/lwan/src/lib/timeout.h:34:
#20 11.43 /src/lwan/src/lib/list.h:396:9: warning: the argument to '__builtin_assume' has side effects that will be discarded [-Wassume]
#20 11.43         assert(!list_empty(h));
#20 11.43                ^~~~~~~~~~~~~~
#20 11.43 /src/lwan/src/lib/missing/assert.h:36:39: note: expanded from macro 'assert'
#20 11.43 #define assert(expr) __builtin_assume(expr)
#20 11.43                                       ^~~~
#20 11.43 1 warning generated.
#20 11.51 [32/49] /usr/local/bin/clang -D_FILE_OFFSET_BITS=64 -D_TIME_BITS=64 -I/src/lwan/src/lib/missing -I/src/lwan/src/lib -I/work/lwan -DFUZZING_BUILD_MODE_UNSAFE_FOR_PRODUCTION -pthread -Wl,--no-as-needed -Wl,-ldl -Wl,-lm -Wno-unused-command-line-argument -O3 -fsanitize-coverage=trace-pc-guard -fno-plt -no-pie -Wdouble-promotion -Wno-unused-parameter -Wvla -Wunsequenced -Wno-free-nonheap-object -Wall -Wextra -Wshadow -Wconversion -std=gnu99 -g   -include /work/lwan/lwan-build-config.h -fPIC -MD -MT src/lib/CMakeFiles/lwan-static.dir/lwan-time.c.o -MF src/lib/CMakeFiles/lwan-static.dir/lwan-time.c.o.d -o src/lib/CMakeFiles/lwan-static.dir/lwan-time.c.o -c /src/lwan/src/lib/lwan-time.c
#20 11.52 In file included from /src/lwan/src/lib/lwan-time.c:26:
#20 11.52 In file included from /src/lwan/src/lib/lwan-private.h:25:
#20 11.52 In file included from /src/lwan/src/lib/lwan.h:34:
#20 11.52 In file included from /src/lwan/src/lib/timeout.h:34:
#20 11.52 /src/lwan/src/lib/list.h:396:9: warning: the argument to '__builtin_assume' has side effects that will be discarded [-Wassume]
#20 11.52         assert(!list_empty(h));
#20 11.52                ^~~~~~~~~~~~~~
#20 11.52 /src/lwan/src/lib/missing/assert.h:36:39: note: expanded from macro 'assert'
#20 11.52 #define assert(expr) __builtin_assume(expr)
#20 11.52                                       ^~~~
#20 11.52 1 warning generated.
#20 11.57 [33/49] /usr/local/bin/clang -D_FILE_OFFSET_BITS=64 -D_TIME_BITS=64 -I/src/lwan/src/lib/missing -I/src/lwan/src/lib -I/work/lwan -DFUZZING_BUILD_MODE_UNSAFE_FOR_PRODUCTION -pthread -Wl,--no-as-needed -Wl,-ldl -Wl,-lm -Wno-unused-command-line-argument -O3 -fsanitize-coverage=trace-pc-guard -fno-plt -no-pie -Wdouble-promotion -Wno-unused-parameter -Wvla -Wunsequenced -Wno-free-nonheap-object -Wall -Wextra -Wshadow -Wconversion -std=gnu99 -g   -include /work/lwan/lwan-build-config.h -fPIC -MD -MT src/lib/CMakeFiles/lwan-static.dir/lwan-tq.c.o -MF src/lib/CMakeFiles/lwan-static.dir/lwan-tq.c.o.d -o src/lib/CMakeFiles/lwan-static.dir/lwan-tq.c.o -c /src/lwan/src/lib/lwan-tq.c
#20 11.57 In file included from /src/lwan/src/lib/lwan-tq.c:23:
#20 11.57 In file included from /src/lwan/src/lib/lwan-private.h:25:
#20 11.57 In file included from /src/lwan/src/lib/lwan.h:34:
#20 11.57 In file included from /src/lwan/src/lib/timeout.h:34:
#20 11.57 /src/lwan/src/lib/list.h:396:9: warning: the argument to '__builtin_assume' has side effects that will be discarded [-Wassume]
#20 11.57         assert(!list_empty(h));
#20 11.57                ^~~~~~~~~~~~~~
#20 11.57 /src/lwan/src/lib/missing/assert.h:36:39: note: expanded from macro 'assert'
#20 11.57 #define assert(expr) __builtin_assume(expr)
#20 11.57                                       ^~~~
#20 11.57 1 warning generated.
#20 11.63 [34/49] /usr/local/bin/clang -D_FILE_OFFSET_BITS=64 -D_TIME_BITS=64 -I/src/lwan/src/lib/missing -I/src/lwan/src/lib -I/work/lwan -DFUZZING_BUILD_MODE_UNSAFE_FOR_PRODUCTION -pthread -Wl,--no-as-needed -Wl,-ldl -Wl,-lm -Wno-unused-command-line-argument -O3 -fsanitize-coverage=trace-pc-guard -fno-plt -no-pie -Wdouble-promotion -Wno-unused-parameter -Wvla -Wunsequenced -Wno-free-nonheap-object -Wall -Wextra -Wshadow -Wconversion -std=gnu99 -g   -include /work/lwan/lwan-build-config.h -fPIC -MD -MT src/lib/CMakeFiles/lwan-static.dir/lwan-tables.c.o -MF src/lib/CMakeFiles/lwan-static.dir/lwan-tables.c.o.d -o src/lib/CMakeFiles/lwan-static.dir/lwan-tables.c.o -c /src/lwan/src/lib/lwan-tables.c
#20 11.64 [35/49] /usr/local/bin/clang -D_FILE_OFFSET_BITS=64 -D_TIME_BITS=64 -I/src/lwan/src/lib/missing -I/src/lwan/src/lib -I/work/lwan -DFUZZING_BUILD_MODE_UNSAFE_FOR_PRODUCTION -pthread -Wl,--no-as-needed -Wl,-ldl -Wl,-lm -Wno-unused-command-line-argument -O3 -fsanitize-coverage=trace-pc-guard -fno-plt -no-pie -Wdouble-promotion -Wno-unused-parameter -Wvla -Wunsequenced -Wno-free-nonheap-object -Wall -Wextra -Wshadow -Wconversion -std=gnu99 -g   -include /work/lwan/lwan-build-config.h -fPIC -MD -MT src/lib/CMakeFiles/lwan-static.dir/missing.c.o -MF src/lib/CMakeFiles/lwan-static.dir/missing.c.o.d -o src/lib/CMakeFiles/lwan-static.dir/missing.c.o -c /src/lwan/src/lib/missing.c
#20 11.64 In file included from /src/lwan/src/lib/missing.c:35:
#20 11.64 In file included from /src/lwan/src/lib/lwan.h:34:
#20 11.64 In file included from /src/lwan/src/lib/timeout.h:34:
#20 11.64 /src/lwan/src/lib/list.h:396:9: warning: the argument to '__builtin_assume' has side effects that will be discarded [-Wassume]
#20 11.64         assert(!list_empty(h));
#20 11.64                ^~~~~~~~~~~~~~
#20 11.64 /src/lwan/src/lib/missing/assert.h:36:39: note: expanded from macro 'assert'
#20 11.64 #define assert(expr) __builtin_assume(expr)
#20 11.64                                       ^~~~
#20 11.64 1 warning generated.
#20 11.65 [36/49] /usr/local/bin/clang -D_FILE_OFFSET_BITS=64 -D_TIME_BITS=64 -I/src/lwan/src/lib/missing -I/src/lwan/src/lib -I/work/lwan -DFUZZING_BUILD_MODE_UNSAFE_FOR_PRODUCTION -pthread -Wl,--no-as-needed -Wl,-ldl -Wl,-lm -Wno-unused-command-line-argument -O3 -fsanitize-coverage=trace-pc-guard -fno-plt -no-pie -Wdouble-promotion -Wno-unused-parameter -Wvla -Wunsequenced -Wno-free-nonheap-object -Wall -Wextra -Wshadow -Wconversion -std=gnu99 -g   -include /work/lwan/lwan-build-config.h -fPIC -MD -MT src/lib/CMakeFiles/lwan-static.dir/missing-pthread.c.o -MF src/lib/CMakeFiles/lwan-static.dir/missing-pthread.c.o.d -o src/lib/CMakeFiles/lwan-static.dir/missing-pthread.c.o -c /src/lwan/src/lib/missing-pthread.c
#20 11.65 In file included from /src/lwan/src/lib/missing-pthread.c:29:
#20 11.65 In file included from /src/lwan/src/lib/lwan-private.h:25:
#20 11.65 In file included from /src/lwan/src/lib/lwan.h:34:
#20 11.65 In file included from /src/lwan/src/lib/timeout.h:34:
#20 11.65 /src/lwan/src/lib/list.h:396:9: warning: the argument to '__builtin_assume' has side effects that will be discarded [-Wassume]
#20 11.65         assert(!list_empty(h));
#20 11.65                ^~~~~~~~~~~~~~
#20 11.65 /src/lwan/src/lib/missing/assert.h:36:39: note: expanded from macro 'assert'
#20 11.65 #define assert(expr) __builtin_assume(expr)
#20 11.65                                       ^~~~
#20 11.65 1 warning generated.
#20 11.67 [37/49] /usr/local/bin/clang -D_FILE_OFFSET_BITS=64 -D_TIME_BITS=64 -I/src/lwan/src/lib/missing -I/src/lwan/src/lib -I/work/lwan -DFUZZING_BUILD_MODE_UNSAFE_FOR_PRODUCTION -pthread -Wl,--no-as-needed -Wl,-ldl -Wl,-lm -Wno-unused-command-line-argument -O3 -fsanitize-coverage=trace-pc-guard -fno-plt -no-pie -Wdouble-promotion -Wno-unused-parameter -Wvla -Wunsequenced -Wno-free-nonheap-object -Wall -Wextra -Wshadow -Wconversion -std=gnu99 -g   -include /work/lwan/lwan-build-config.h -fPIC -MD -MT src/lib/CMakeFiles/lwan-static.dir/lwan-trie.c.o -MF src/lib/CMakeFiles/lwan-static.dir/lwan-trie.c.o.d -o src/lib/CMakeFiles/lwan-static.dir/lwan-trie.c.o -c /src/lwan/src/lib/lwan-trie.c
#20 11.67 In file included from /src/lwan/src/lib/lwan-trie.c:24:
#20 11.67 In file included from /src/lwan/src/lib/lwan-private.h:25:
#20 11.67 In file included from /src/lwan/src/lib/lwan.h:34:
#20 11.67 In file included from /src/lwan/src/lib/timeout.h:34:
#20 11.67 /src/lwan/src/lib/list.h:396:9: warning: the argument to '__builtin_assume' has side effects that will be discarded [-Wassume]
#20 11.67         assert(!list_empty(h));
#20 11.67                ^~~~~~~~~~~~~~
#20 11.67 /src/lwan/src/lib/missing/assert.h:36:39: note: expanded from macro 'assert'
#20 11.67 #define assert(expr) __builtin_assume(expr)
#20 11.67                                       ^~~~
#20 11.67 1 warning generated.
#20 11.71 [38/49] /usr/local/bin/clang -D_FILE_OFFSET_BITS=64 -D_TIME_BITS=64 -I/src/lwan/src/lib/missing -I/src/lwan/src/lib -I/work/lwan -DFUZZING_BUILD_MODE_UNSAFE_FOR_PRODUCTION -pthread -Wl,--no-as-needed -Wl,-ldl -Wl,-lm -Wno-unused-command-line-argument -O3 -fsanitize-coverage=trace-pc-guard -fno-plt -no-pie -Wdouble-promotion -Wno-unused-parameter -Wvla -Wunsequenced -Wno-free-nonheap-object -Wall -Wextra -Wshadow -Wconversion -std=gnu99 -g   -include /work/lwan/lwan-build-config.h -fPIC -MD -MT src/lib/CMakeFiles/lwan-static.dir/lwan-pubsub.c.o -MF src/lib/CMakeFiles/lwan-static.dir/lwan-pubsub.c.o.d -o src/lib/CMakeFiles/lwan-static.dir/lwan-pubsub.c.o -c /src/lwan/src/lib/lwan-pubsub.c
#20 11.71 In file included from /src/lwan/src/lib/lwan-pubsub.c:26:
#20 11.71 /src/lwan/src/lib/list.h:396:9: warning: the argument to '__builtin_assume' has side effects that will be discarded [-Wassume]
#20 11.71         assert(!list_empty(h));
#20 11.71                ^~~~~~~~~~~~~~
#20 11.71 /src/lwan/src/lib/missing/assert.h:36:39: note: expanded from macro 'assert'
#20 11.71 #define assert(expr) __builtin_assume(expr)
#20 11.71                                       ^~~~
#20 11.71 1 warning generated.
#20 11.75 [39/49] /usr/local/bin/clang -D_FILE_OFFSET_BITS=64 -D_TIME_BITS=64 -I/src/lwan/src/lib/missing -I/src/lwan/src/lib -I/work/lwan -DFUZZING_BUILD_MODE_UNSAFE_FOR_PRODUCTION -pthread -Wl,--no-as-needed -Wl,-ldl -Wl,-lm -Wno-unused-command-line-argument -O3 -fsanitize-coverage=trace-pc-guard -fno-plt -no-pie -Wdouble-promotion -Wno-unused-parameter -Wvla -Wunsequenced -Wno-free-nonheap-object -Wall -Wextra -Wshadow -Wconversion -std=gnu99 -g   -include /work/lwan/lwan-build-config.h -fPIC -MD -MT src/lib/CMakeFiles/lwan-static.dir/murmur3.c.o -MF src/lib/CMakeFiles/lwan-static.dir/murmur3.c.o.d -o src/lib/CMakeFiles/lwan-static.dir/murmur3.c.o -c /src/lwan/src/lib/murmur3.c
#20 11.82 [40/49] /usr/local/bin/clang -D_FILE_OFFSET_BITS=64 -D_TIME_BITS=64 -I/src/lwan/src/lib/missing -I/src/lwan/src/lib -I/work/lwan -DFUZZING_BUILD_MODE_UNSAFE_FOR_PRODUCTION -pthread -Wl,--no-as-needed -Wl,-ldl -Wl,-lm -Wno-unused-command-line-argument -O3 -fsanitize-coverage=trace-pc-guard -fno-plt -no-pie -Wdouble-promotion -Wno-unused-parameter -Wvla -Wunsequenced -Wno-free-nonheap-object -Wall -Wextra -Wshadow -Wconversion -std=gnu99 -g   -include /work/lwan/lwan-build-config.h -fPIC -MD -MT src/lib/CMakeFiles/lwan-static.dir/lwan-websocket.c.o -MF src/lib/CMakeFiles/lwan-static.dir/lwan-websocket.c.o.d -o src/lib/CMakeFiles/lwan-static.dir/lwan-websocket.c.o -c /src/lwan/src/lib/lwan-websocket.c
#20 11.94 [41/49] /usr/local/bin/clang -D_FILE_OFFSET_BITS=64 -D_TIME_BITS=64 -I/src/lwan/src/lib/missing -I/src/lwan/src/lib -I/work/lwan -DFUZZING_BUILD_MODE_UNSAFE_FOR_PRODUCTION -pthread -Wl,--no-as-needed -Wl,-ldl -Wl,-lm -Wno-unused-command-line-argument -O3 -fsanitize-coverage=trace-pc-guard -fno-plt -no-pie -Wdouble-promotion -Wno-unused-parameter -Wvla -Wunsequenced -Wno-free-nonheap-object -Wall -Wextra -Wshadow -Wconversion -std=gnu99 -g   -include /work/lwan/lwan-build-config.h -fPIC -MD -MT src/lib/CMakeFiles/lwan-static.dir/realpathat.c.o -MF src/lib/CMakeFiles/lwan-static.dir/realpathat.c.o.d -o src/lib/CMakeFiles/lwan-static.dir/realpathat.c.o -c /src/lwan/src/lib/realpathat.c
#20 11.96 [42/49] /usr/local/bin/clang -D_FILE_OFFSET_BITS=64 -D_TIME_BITS=64 -I/src/lwan/src/lib/missing -I/src/lwan/src/lib -I/work/lwan -DFUZZING_BUILD_MODE_UNSAFE_FOR_PRODUCTION -pthread -Wl,--no-as-needed -Wl,-ldl -Wl,-lm -Wno-unused-command-line-argument -O3 -fsanitize-coverage=trace-pc-guard -fno-plt -no-pie -Wdouble-promotion -Wno-unused-parameter -Wvla -Wunsequenced -Wno-free-nonheap-object -Wall -Wextra -Wshadow -Wconversion -std=gnu99 -g   -include /work/lwan/lwan-build-config.h -fPIC -MD -MT src/lib/CMakeFiles/lwan-static.dir/sd-daemon.c.o -MF src/lib/CMakeFiles/lwan-static.dir/sd-daemon.c.o.d -o src/lib/CMakeFiles/lwan-static.dir/sd-daemon.c.o -c /src/lwan/src/lib/sd-daemon.c
#20 12.02 [43/49] /usr/local/bin/clang -D_FILE_OFFSET_BITS=64 -D_TIME_BITS=64 -I/src/lwan/src/lib/missing -I/src/lwan/src/lib -I/work/lwan -DFUZZING_BUILD_MODE_UNSAFE_FOR_PRODUCTION -pthread -Wl,--no-as-needed -Wl,-ldl -Wl,-lm -Wno-unused-command-line-argument -O3 -fsanitize-coverage=trace-pc-guard -fno-plt -no-pie -Wdouble-promotion -Wno-unused-parameter -Wvla -Wunsequenced -Wno-free-nonheap-object -Wall -Wextra -Wshadow -Wconversion -std=gnu99 -g   -include /work/lwan/lwan-build-config.h -fPIC -MD -MT src/lib/CMakeFiles/lwan-static.dir/sha1.c.o -MF src/lib/CMakeFiles/lwan-static.dir/sha1.c.o.d -o src/lib/CMakeFiles/lwan-static.dir/sha1.c.o -c /src/lwan/src/lib/sha1.c
#20 12.04 [44/49] /usr/local/bin/clang -D_FILE_OFFSET_BITS=64 -D_TIME_BITS=64 -I/src/lwan/src/lib/missing -I/src/lwan/src/lib -I/work/lwan -DFUZZING_BUILD_MODE_UNSAFE_FOR_PRODUCTION -pthread -Wl,--no-as-needed -Wl,-ldl -Wl,-lm -Wno-unused-command-line-argument -O3 -fsanitize-coverage=trace-pc-guard -fno-plt -no-pie -Wdouble-promotion -Wno-unused-parameter -Wvla -Wunsequenced -Wno-free-nonheap-object -Wall -Wextra -Wshadow -Wconversion -std=gnu99 -g   -include /work/lwan/lwan-build-config.h -fPIC -MD -MT src/lib/CMakeFiles/lwan-static.dir/timeout.c.o -MF src/lib/CMakeFiles/lwan-static.dir/timeout.c.o.d -o src/lib/CMakeFiles/lwan-static.dir/timeout.c.o -c /src/lwan/src/lib/timeout.c
#20 12.04 /src/lwan/src/lib/timeout.c:124:30: warning: higher order bits are zeroes after implicit conversion [-Wimplicit-int-conversion]
#20 12.04     return (v << n) | (v >> (-n & (WHEEL_T_BITS - 1)));
#20 12.04                              ^~ ~
#20 12.04 /src/lwan/src/lib/timeout.c:130:30: warning: higher order bits are zeroes after implicit conversion [-Wimplicit-int-conversion]
#20 12.04     return (v >> n) | (v << (-n & (WHEEL_T_BITS - 1)));
#20 12.04                              ^~ ~
#20 12.04 2 warnings generated.
#20 12.06 [45/49] /usr/local/bin/clang -D_FILE_OFFSET_BITS=64 -D_TIME_BITS=64 -I/src/lwan/src/lib/missing -I/src/lwan/src/lib -I/work/lwan -DFUZZING_BUILD_MODE_UNSAFE_FOR_PRODUCTION -pthread -Wl,--no-as-needed -Wl,-ldl -Wl,-lm -Wno-unused-command-line-argument -O3 -fsanitize-coverage=trace-pc-guard -fno-plt -no-pie -Wdouble-promotion -Wno-unused-parameter -Wvla -Wunsequenced -Wno-free-nonheap-object -Wall -Wextra -Wshadow -Wconversion -std=gnu99 -g   -include /work/lwan/lwan-build-config.h -fPIC -MD -MT src/lib/CMakeFiles/lwan-static.dir/lwan-thread.c.o -MF src/lib/CMakeFiles/lwan-static.dir/lwan-thread.c.o.d -o src/lib/CMakeFiles/lwan-static.dir/lwan-thread.c.o -c /src/lwan/src/lib/lwan-thread.c
#20 12.19 [46/49] /usr/local/bin/clang -D_FILE_OFFSET_BITS=64 -D_TIME_BITS=64 -I/src/lwan/src/lib/missing -I/src/lwan/src/lib -I/work/lwan -DFUZZING_BUILD_MODE_UNSAFE_FOR_PRODUCTION -pthread -Wl,--no-as-needed -Wl,-ldl -Wl,-lm -Wno-unused-command-line-argument -O3 -fsanitize-coverage=trace-pc-guard -fno-plt -no-pie -Wdouble-promotion -Wno-unused-parameter -Wvla -Wunsequenced -Wno-free-nonheap-object -Wall -Wextra -Wshadow -Wconversion -std=gnu99 -g   -include /work/lwan/lwan-build-config.h -fPIC -MD -MT src/lib/CMakeFiles/lwan-static.dir/lwan-request.c.o -MF src/lib/CMakeFiles/lwan-static.dir/lwan-request.c.o.d -o src/lib/CMakeFiles/lwan-static.dir/lwan-request.c.o -c /src/lwan/src/lib/lwan-request.c
#20 12.19 /src/lwan/src/lib/lwan-request.c:799:28: warning: implicit conversion changes signedness: 'ssize_t' (aka 'long') to 'unsigned long' [-Wsign-conversion]
#20 12.19         buffer_copy.len -= r;
#20 12.19                         ~~ ^
#20 12.19 1 warning generated.
#20 12.29 [47/49] /usr/local/bin/clang -D_FILE_OFFSET_BITS=64 -D_TIME_BITS=64 -I/src/lwan/src/lib/missing -I/src/lwan/src/lib -I/work/lwan -DFUZZING_BUILD_MODE_UNSAFE_FOR_PRODUCTION -pthread -Wl,--no-as-needed -Wl,-ldl -Wl,-lm -Wno-unused-command-line-argument -O3 -fsanitize-coverage=trace-pc-guard -fno-plt -no-pie -Wdouble-promotion -Wno-unused-parameter -Wvla -Wunsequenced -Wno-free-nonheap-object -Wall -Wextra -Wshadow -Wconversion -std=gnu99 -g   -include /work/lwan/lwan-build-config.h -fPIC -MD -MT src/lib/CMakeFiles/lwan-static.dir/patterns.c.o -MF src/lib/CMakeFiles/lwan-static.dir/patterns.c.o.d -o src/lib/CMakeFiles/lwan-static.dir/patterns.c.o -c /src/lwan/src/lib/patterns.c
#20 12.29 In file included from /src/lwan/src/lib/patterns.c:41:
#20 12.29 In file included from /src/lwan/src/lib/lwan.h:34:
#20 12.29 In file included from /src/lwan/src/lib/timeout.h:34:
#20 12.29 /src/lwan/src/lib/list.h:396:9: warning: the argument to '__builtin_assume' has side effects that will be discarded [-Wassume]
#20 12.29         assert(!list_empty(h));
#20 12.29                ^~~~~~~~~~~~~~
#20 12.29 /src/lwan/src/lib/missing/assert.h:36:39: note: expanded from macro 'assert'
#20 12.29 #define assert(expr) __builtin_assume(expr)
#20 12.29                                       ^~~~
#20 12.29 1 warning generated.
#20 12.44 [48/49] /usr/local/bin/clang -D_FILE_OFFSET_BITS=64 -D_TIME_BITS=64 -I/src/lwan/src/lib/missing -I/src/lwan/src/lib -I/work/lwan -DFUZZING_BUILD_MODE_UNSAFE_FOR_PRODUCTION -pthread -Wl,--no-as-needed -Wl,-ldl -Wl,-lm -Wno-unused-command-line-argument -O3 -fsanitize-coverage=trace-pc-guard -fno-plt -no-pie -Wdouble-promotion -Wno-unused-parameter -Wvla -Wunsequenced -Wno-free-nonheap-object -Wall -Wextra -Wshadow -Wconversion -std=gnu99 -g   -include /work/lwan/lwan-build-config.h -fPIC -MD -MT src/lib/CMakeFiles/lwan-static.dir/lwan-template.c.o -MF src/lib/CMakeFiles/lwan-static.dir/lwan-template.c.o.d -o src/lib/CMakeFiles/lwan-static.dir/lwan-template.c.o -c /src/lwan/src/lib/lwan-template.c
#20 12.44 In file included from /src/lwan/src/lib/lwan-template.c:42:
#20 12.44 In file included from /src/lwan/src/lib/lwan-private.h:25:
#20 12.44 In file included from /src/lwan/src/lib/lwan.h:34:
#20 12.44 In file included from /src/lwan/src/lib/timeout.h:34:
#20 12.44 /src/lwan/src/lib/list.h:396:9: warning: the argument to '__builtin_assume' has side effects that will be discarded [-Wassume]
#20 12.44         assert(!list_empty(h));
#20 12.44                ^~~~~~~~~~~~~~
#20 12.44 /src/lwan/src/lib/missing/assert.h:36:39: note: expanded from macro 'assert'
#20 12.44 #define assert(expr) __builtin_assume(expr)
#20 12.44                                       ^~~~
#20 12.44 1 warning generated.
#20 12.46 [49/49] : && /usr/local/bin/cmake -E rm -f src/lib/liblwan.a && /usr/local/bin/llvm-ar qc src/lib/liblwan.a  src/lib/CMakeFiles/lwan-static.dir/base64.c.o src/lib/CMakeFiles/lwan-static.dir/hash.c.o src/lib/CMakeFiles/lwan-static.dir/int-to-str.c.o src/lib/CMakeFiles/lwan-static.dir/list.c.o src/lib/CMakeFiles/lwan-static.dir/lwan-array.c.o src/lib/CMakeFiles/lwan-static.dir/lwan.c.o src/lib/CMakeFiles/lwan-static.dir/lwan-cache.c.o src/lib/CMakeFiles/lwan-static.dir/lwan-config.c.o src/lib/CMakeFiles/lwan-static.dir/lwan-coro.c.o src/lib/CMakeFiles/lwan-static.dir/lwan-http-authorize.c.o src/lib/CMakeFiles/lwan-static.dir/lwan-io-wrappers.c.o src/lib/CMakeFiles/lwan-static.dir/lwan-job.c.o src/lib/CMakeFiles/lwan-static.dir/lwan-mod-redirect.c.o src/lib/CMakeFiles/lwan-static.dir/lwan-mod-response.c.o src/lib/CMakeFiles/lwan-static.dir/lwan-mod-rewrite.c.o src/lib/CMakeFiles/lwan-static.dir/lwan-mod-serve-files.c.o src/lib/CMakeFiles/lwan-static.dir/lwan-readahead.c.o src/lib/CMakeFiles/lwan-static.dir/lwan-request.c.o src/lib/CMakeFiles/lwan-static.dir/lwan-response.c.o src/lib/CMakeFiles/lwan-static.dir/lwan-socket.c.o src/lib/CMakeFiles/lwan-static.dir/lwan-status.c.o src/lib/CMakeFiles/lwan-static.dir/lwan-straitjacket.c.o src/lib/CMakeFiles/lwan-static.dir/lwan-strbuf.c.o src/lib/CMakeFiles/lwan-static.dir/lwan-tables.c.o src/lib/CMakeFiles/lwan-static.dir/lwan-template.c.o src/lib/CMakeFiles/lwan-static.dir/lwan-thread.c.o src/lib/CMakeFiles/lwan-static.dir/lwan-time.c.o src/lib/CMakeFiles/lwan-static.dir/lwan-tq.c.o src/lib/CMakeFiles/lwan-static.dir/lwan-trie.c.o src/lib/CMakeFiles/lwan-static.dir/lwan-websocket.c.o src/lib/CMakeFiles/lwan-static.dir/lwan-pubsub.c.o src/lib/CMakeFiles/lwan-static.dir/missing.c.o src/lib/CMakeFiles/lwan-static.dir/missing-pthread.c.o src/lib/CMakeFiles/lwan-static.dir/murmur3.c.o src/lib/CMakeFiles/lwan-static.dir/patterns.c.o src/lib/CMakeFiles/lwan-static.dir/realpathat.c.o src/lib/CMakeFiles/lwan-static.dir/sd-daemon.c.o src/lib/CMakeFiles/lwan-static.dir/sha1.c.o src/lib/CMakeFiles/lwan-static.dir/timeout.c.o && /usr/local/bin/llvm-ranlib src/lib/liblwan.a && :
#20 12.46 + cp /src/lwan/fuzz/request_fuzzer.dict /out/
#20 12.47 + for fuzzer in $SRC/lwan/src/bin/fuzz/*_fuzzer.cc
#20 12.47 ++ basename /src/lwan/src/bin/fuzz/config_fuzzer.cc .cc
#20 12.47 + executable=config_fuzzer
#20 12.47 ++ basename /src/lwan/src/bin/fuzz/config_fuzzer.cc _fuzzer.cc
#20 12.47 + corpus_base=config
#20 12.47 + zip -jr /out/config_fuzzer_seed_corpus.zip /src/lwan/fuzz/corpus/corpus-config-234910329
#20 12.47   adding: corpus-config-234910329 (deflated 59%)
#20 12.47 + clang++ -DFUZZING_BUILD_MODE_UNSAFE_FOR_PRODUCTION -pthread -Wl,--no-as-needed -Wl,-ldl -Wl,-lm -Wno-unused-command-line-argument -stdlib=libc++ -O3 -fsanitize-coverage=trace-pc-guard -std=c++11 -Wl,-whole-archive /work/lwan/src/lib/liblwan.a -Wl,-no-whole-archive -I/src/lwan/src/lib /src/lwan/src/bin/fuzz/config_fuzzer.cc /libAFL.a -lpthread -lz -o /out/config_fuzzer
#20 12.85 + for fuzzer in $SRC/lwan/src/bin/fuzz/*_fuzzer.cc
#20 12.85 ++ basename /src/lwan/src/bin/fuzz/pattern_fuzzer.cc .cc
#20 12.85 + executable=pattern_fuzzer
#20 12.85 ++ basename /src/lwan/src/bin/fuzz/pattern_fuzzer.cc _fuzzer.cc
#20 12.85 + corpus_base=pattern
#20 12.85 + zip -jr /out/pattern_fuzzer_seed_corpus.zip /src/lwan/fuzz/corpus/corpus-pattern-1 /src/lwan/fuzz/corpus/corpus-pattern-2 /src/lwan/fuzz/corpus/corpus-pattern-3 /src/lwan/fuzz/corpus/corpus-pattern-4
#20 12.85   adding: corpus-pattern-1 (stored 0%)
#20 12.85   adding: corpus-pattern-2 (stored 0%)
#20 12.85   adding: corpus-pattern-3 (stored 0%)
#20 12.85   adding: corpus-pattern-4 (stored 0%)
#20 12.85 + clang++ -DFUZZING_BUILD_MODE_UNSAFE_FOR_PRODUCTION -pthread -Wl,--no-as-needed -Wl,-ldl -Wl,-lm -Wno-unused-command-line-argument -stdlib=libc++ -O3 -fsanitize-coverage=trace-pc-guard -std=c++11 -Wl,-whole-archive /work/lwan/src/lib/liblwan.a -Wl,-no-whole-archive -I/src/lwan/src/lib /src/lwan/src/bin/fuzz/pattern_fuzzer.cc /libAFL.a -lpthread -lz -o /out/pattern_fuzzer
#20 13.23 + for fuzzer in $SRC/lwan/src/bin/fuzz/*_fuzzer.cc
#20 13.23 ++ basename /src/lwan/src/bin/fuzz/request_fuzzer.cc .cc
#20 13.23 + executable=request_fuzzer
#20 13.23 ++ basename /src/lwan/src/bin/fuzz/request_fuzzer.cc _fuzzer.cc
#20 13.24 + corpus_base=request
#20 13.24 + zip -jr /out/request_fuzzer_seed_corpus.zip /src/lwan/fuzz/corpus/corpus-request-1012502954 /src/lwan/fuzz/corpus/corpus-request-1025202362 /src/lwan/fuzz/corpus/corpus-request-1036140795 /src/lwan/fuzz/corpus/corpus-request-1067854538 /src/lwan/fuzz/corpus/corpus-request-1102520059 /src/lwan/fuzz/corpus/corpus-request-1117142618 /src/lwan/fuzz/corpus/corpus-request-1129566413 /src/lwan/fuzz/corpus/corpus-request-1139901474 /src/lwan/fuzz/corpus/corpus-request-116087764 /src/lwan/fuzz/corpus/corpus-request-1186452551 /src/lwan/fuzz/corpus/corpus-request-1231192379 /src/lwan/fuzz/corpus/corpus-request-1239036029 /src/lwan/fuzz/corpus/corpus-request-1244316437 /src/lwan/fuzz/corpus/corpus-request-1264095060 /src/lwan/fuzz/corpus/corpus-request-1285228804 /src/lwan/fuzz/corpus/corpus-request-1335354340 /src/lwan/fuzz/corpus/corpus-request-1350573793 /src/lwan/fuzz/corpus/corpus-request-1365180540 /src/lwan/fuzz/corpus/corpus-request-1374344043 /src/lwan/fuzz/corpus/corpus-request-1376710097 /src/lwan/fuzz/corpus/corpus-request-137806862 /src/lwan/fuzz/corpus/corpus-request-1398295499 /src/lwan/fuzz/corpus/corpus-request-1409959708 /src/lwan/fuzz/corpus/corpus-request-1424268980 /src/lwan/fuzz/corpus/corpus-request-1433925857 /src/lwan/fuzz/corpus/corpus-request-1450573622 /src/lwan/fuzz/corpus/corpus-request-1476153275 /src/lwan/fuzz/corpus/corpus-request-1494613810 /src/lwan/fuzz/corpus/corpus-request-1504569917 /src/lwan/fuzz/corpus/corpus-request-1548233367 /src/lwan/fuzz/corpus/corpus-request-159259470 /src/lwan/fuzz/corpus/corpus-request-1600028624 /src/lwan/fuzz/corpus/corpus-request-1605894428 /src/lwan/fuzz/corpus/corpus-request-1605908235 /src/lwan/fuzz/corpus/corpus-request-1626276121 /src/lwan/fuzz/corpus/corpus-request-1631518149 /src/lwan/fuzz/corpus/corpus-request-1649760492 /src/lwan/fuzz/corpus/corpus-request-1714636915 /src/lwan/fuzz/corpus/corpus-request-1726956429 /src/lwan/fuzz/corpus/corpus-request-1749698586 /src/lwan/fuzz/corpus/corpus-request-1780695788 /src/lwan/fuzz/corpus/corpus-request-1827336327 /src/lwan/fuzz/corpus/corpus-request-184803526 /src/lwan/fuzz/corpus/corpus-request-187309218 /src/lwan/fuzz/corpus/corpus-request-1884661237 /src/lwan/fuzz/corpus/corpus-request-1889947178 /src/lwan/fuzz/corpus/corpus-request-1909002904 /src/lwan/fuzz/corpus/corpus-request-1911165193 /src/lwan/fuzz/corpus/corpus-request-1939964443 /src/lwan/fuzz/corpus/corpus-request-1957747793 /src/lwan/fuzz/corpus/corpus-request-1973594324 /src/lwan/fuzz/corpus/corpus-request-1975960378 /src/lwan/fuzz/corpus/corpus-request-2114738097 /src/lwan/fuzz/corpus/corpus-request-2130794395 /src/lwan/fuzz/corpus/corpus-request-213975407 /src/lwan/fuzz/corpus/corpus-request-269455306 /src/lwan/fuzz/corpus/corpus-request-321123 /src/lwan/fuzz/corpus/corpus-request-3298283 /src/lwan/fuzz/corpus/corpus-request-338888228 /src/lwan/fuzz/corpus/corpus-request-356426808 /src/lwan/fuzz/corpus/corpus-request-364228444 /src/lwan/fuzz/corpus/corpus-request-387346491 /src/lwan/fuzz/corpus/corpus-request-412776091 /src/lwan/fuzz/corpus/corpus-request-42999170 /src/lwan/fuzz/corpus/corpus-request-439493451 /src/lwan/fuzz/corpus/corpus-request-511702305 /src/lwan/fuzz/corpus/corpus-request-515530019 /src/lwan/fuzz/corpus/corpus-request-524872353 /src/lwan/fuzz/corpus/corpus-request-532670688 /src/lwan/fuzz/corpus/corpus-request-593209441 /src/lwan/fuzz/corpus/corpus-request-603570492 /src/lwan/fuzz/corpus/corpus-request-631704567 /src/lwan/fuzz/corpus/corpus-request-653468858 /src/lwan/fuzz/corpus/corpus-request-654887343 /src/lwan/fuzz/corpus/corpus-request-709393584 /src/lwan/fuzz/corpus/corpus-request-745425661 /src/lwan/fuzz/corpus/corpus-request-752392754 /src/lwan/fuzz/corpus/corpus-request-76065818 /src/lwan/fuzz/corpus/corpus-request-771151432 /src/lwan/fuzz/corpus/corpus-request-805750846 /src/lwan/fuzz/corpus/corpus-request-846930886 /src/lwan/fuzz/corpus/corpus-request-8936987 /src/lwan/fuzz/corpus/corpus-request-933110197 /src/lwan/fuzz/corpus/corpus-request-943947739 /src/lwan/fuzz/corpus/corpus-request-945117276 /src/lwan/fuzz/corpus/corpus-request-959997301 /src/lwan/fuzz/corpus/corpus-request-968338082 /src/lwan/fuzz/corpus/corpus-request-971899228
#20 13.24   adding: corpus-request-1012502954 (deflated 12%)
#20 13.24   adding: corpus-request-1025202362 (deflated 13%)
#20 13.24   adding: corpus-request-1036140795 (deflated 14%)
#20 13.24   adding: corpus-request-1067854538 (deflated 20%)
#20 13.24   adding: corpus-request-1102520059 (deflated 12%)
#20 13.24   adding: corpus-request-1117142618 (deflated 12%)
#20 13.24   adding: corpus-request-1129566413 (deflated 12%)
#20 13.24   adding: corpus-request-1139901474 (deflated 24%)
#20 13.24   adding: corpus-request-116087764 (stored 0%)
#20 13.24   adding: corpus-request-1186452551 (deflated 24%)
#20 13.24   adding: corpus-request-1231192379 (deflated 12%)
#20 13.24   adding: corpus-request-1239036029 (deflated 24%)
#20 13.24   adding: corpus-request-1244316437 (deflated 24%)
#20 13.24   adding: corpus-request-1264095060 (deflated 13%)
#20 13.24   adding: corpus-request-1285228804 (deflated 13%)
#20 13.24   adding: corpus-request-1335354340 (deflated 12%)
#20 13.24   adding: corpus-request-1350573793 (deflated 24%)
#20 13.24   adding: corpus-request-1365180540 (deflated 11%)
#20 13.24   adding: corpus-request-1374344043 (deflated 12%)
#20 13.24   adding: corpus-request-1376710097 (deflated 14%)
#20 13.24   adding: corpus-request-137806862 (deflated 12%)
#20 13.24   adding: corpus-request-1398295499 (stored 0%)
#20 13.24   adding: corpus-request-1409959708 (deflated 13%)
#20 13.24   adding: corpus-request-1424268980 (deflated 12%)
#20 13.24   adding: corpus-request-1433925857 (deflated 12%)
#20 13.24   adding: corpus-request-1450573622 (deflated 13%)
#20 13.24   adding: corpus-request-1476153275 (deflated 24%)
#20 13.24   adding: corpus-request-1494613810 (deflated 14%)
#20 13.24   adding: corpus-request-1504569917 (deflated 15%)
#20 13.24   adding: corpus-request-1548233367 (deflated 11%)
#20 13.24   adding: corpus-request-159259470 (stored 0%)
#20 13.24   adding: corpus-request-1600028624 (deflated 13%)
#20 13.24   adding: corpus-request-1605894428 (deflated 24%)
#20 13.24   adding: corpus-request-1605908235 (deflated 24%)
#20 13.24   adding: corpus-request-1626276121 (deflated 24%)
#20 13.24   adding: corpus-request-1631518149 (deflated 12%)
#20 13.24   adding: corpus-request-1649760492 (deflated 11%)
#20 13.24   adding: corpus-request-1714636915 (deflated 12%)
#20 13.24   adding: corpus-request-1726956429 (deflated 12%)
#20 13.24   adding: corpus-request-1749698586 (deflated 13%)
#20 13.24   adding: corpus-request-1780695788 (deflated 13%)
#20 13.24   adding: corpus-request-1827336327 (deflated 24%)
#20 13.24   adding: corpus-request-184803526 (deflated 12%)
#20 13.24   adding: corpus-request-187309218 (deflated 30%)
#20 13.24   adding: corpus-request-1884661237 (deflated 24%)
#20 13.24   adding: corpus-request-1889947178 (deflated 13%)
#20 13.24   adding: corpus-request-1909002904 (deflated 20%)
#20 13.24   adding: corpus-request-1911165193 (stored 0%)
#20 13.24   adding: corpus-request-1939964443 (deflated 19%)
#20 13.24   adding: corpus-request-1957747793 (deflated 13%)
#20 13.25   adding: corpus-request-1973594324 (deflated 12%)
#20 13.25   adding: corpus-request-1975960378 (deflated 13%)
#20 13.25   adding: corpus-request-2114738097 (deflated 11%)
#20 13.25   adding: corpus-request-2130794395 (deflated 24%)
#20 13.25   adding: corpus-request-213975407 (deflated 24%)
#20 13.25   adding: corpus-request-269455306 (deflated 15%)
#20 13.25   adding: corpus-request-321123 (deflated 18%)
#20 13.25   adding: corpus-request-3298283 (deflated 9%)
#20 13.25   adding: corpus-request-338888228 (stored 0%)
#20 13.25   adding: corpus-request-356426808 (deflated 12%)
#20 13.25   adding: corpus-request-364228444 (deflated 17%)
#20 13.25   adding: corpus-request-387346491 (stored 0%)
#20 13.25   adding: corpus-request-412776091 (deflated 13%)
#20 13.25   adding: corpus-request-42999170 (deflated 12%)
#20 13.25   adding: corpus-request-439493451 (deflated 12%)
#20 13.25   adding: corpus-request-511702305 (deflated 13%)
#20 13.25   adding: corpus-request-515530019 (deflated 13%)
#20 13.25   adding: corpus-request-524872353 (deflated 13%)
#20 13.25   adding: corpus-request-532670688 (deflated 19%)
#20 13.25   adding: corpus-request-593209441 (deflated 12%)
#20 13.25   adding: corpus-request-603570492 (deflated 16%)
#20 13.25   adding: corpus-request-631704567 (deflated 18%)
#20 13.25   adding: corpus-request-653468858 (deflated 24%)
#20 13.25   adding: corpus-request-654887343 (deflated 14%)
#20 13.25   adding: corpus-request-709393584 (deflated 11%)
#20 13.25   adding: corpus-request-745425661 (deflated 11%)
#20 13.25   adding: corpus-request-752392754 (deflated 15%)
#20 13.25   adding: corpus-request-76065818 (deflated 24%)
#20 13.25   adding: corpus-request-771151432 (deflated 24%)
#20 13.25   adding: corpus-request-805750846 (deflated 11%)
#20 13.25   adding: corpus-request-846930886 (deflated 12%)
#20 13.25   adding: corpus-request-8936987 (stored 0%)
#20 13.25   adding: corpus-request-933110197 (deflated 13%)
#20 13.25   adding: corpus-request-943947739 (deflated 13%)
#20 13.25   adding: corpus-request-945117276 (deflated 13%)
#20 13.25   adding: corpus-request-959997301 (deflated 16%)
#20 13.25   adding: corpus-request-968338082 (deflated 12%)
#20 13.25   adding: corpus-request-971899228 (deflated 24%)
#20 13.25 + clang++ -DFUZZING_BUILD_MODE_UNSAFE_FOR_PRODUCTION -pthread -Wl,--no-as-needed -Wl,-ldl -Wl,-lm -Wno-unused-command-line-argument -stdlib=libc++ -O3 -fsanitize-coverage=trace-pc-guard -std=c++11 -Wl,-whole-archive /work/lwan/src/lib/liblwan.a -Wl,-no-whole-archive -I/src/lwan/src/lib /src/lwan/src/bin/fuzz/request_fuzzer.cc /libAFL.a -lpthread -lz -o /out/request_fuzzer
#20 13.61 + for fuzzer in $SRC/lwan/src/bin/fuzz/*_fuzzer.cc
#20 13.61 ++ basename /src/lwan/src/bin/fuzz/template_fuzzer.cc .cc
#20 13.61 + executable=template_fuzzer
#20 13.61 ++ basename /src/lwan/src/bin/fuzz/template_fuzzer.cc _fuzzer.cc
#20 13.61 + corpus_base=template
#20 13.61 + zip -jr /out/template_fuzzer_seed_corpus.zip /src/lwan/fuzz/corpus/corpus-template-1
#20 13.61   adding: corpus-template-1 (deflated 63%)
#20 13.62 + clang++ -DFUZZING_BUILD_MODE_UNSAFE_FOR_PRODUCTION -pthread -Wl,--no-as-needed -Wl,-ldl -Wl,-lm -Wno-unused-command-line-argument -stdlib=libc++ -O3 -fsanitize-coverage=trace-pc-guard -std=c++11 -Wl,-whole-archive /work/lwan/src/lib/liblwan.a -Wl,-no-whole-archive -I/src/lwan/src/lib /src/lwan/src/bin/fuzz/template_fuzzer.cc /libAFL.a -lpthread -lz -o /out/template_fuzzer
#20 13.99 [post_build] Copying afl-fuzz to $OUT directory
#20 DONE 17.9s

#21 exporting to image
#21 sha256:e8c613e07b0b7ff33893b694f7759a10d42e180f2b4dc349fb57dc6b71dcab00
#21 exporting layers done
#21 writing image sha256:2743b2deb57cb17e757e73faf3227c17a79e74f34b0232035460dcb4bf14aedf 0.0s done
#21 naming to gcr.io/fuzzbench/builders/afl/lwan_lwan 0.0s done
#21 DONE 0.5s

#22 exporting cache
#22 sha256:2700d4ef94dee473593c5c614b55b2dedcca7893909811a8f2b48291a1f581e4
#22 preparing build cache for export done
#22 DONE 0.0s
------
 > importing cache manifest from gcr.io/fuzzbench/builders/afl/lwan_lwan:
------
#2 [internal] load .dockerignore
#2 sha256:f12f063df15365f9da9433f88f36c8c7ba5bf08795a8019b207339f8cd66e572
#2 transferring context: 2B done
#2 DONE 0.2s

#1 [internal] load build definition from runner.Dockerfile
#1 sha256:863f6867bf3fbff4b6210ffc76b279c97d27eda938ffc5a89d464da0241b95d9
#1 transferring dockerfile: 656B done
#1 DONE 0.2s

#3 [internal] load metadata for gcr.io/fuzzbench/base-image:latest
#3 sha256:932022888f650cc455b10eb5123bb08c0cccacac29a693e69314abbfd28a72c3
#3 DONE 0.0s

#4 [1/1] FROM gcr.io/fuzzbench/base-image
#4 sha256:4d07825694520f8b6f6a0d8592dbd345433361ae044cb7f06706c5a95e3daaad
#4 DONE 0.0s

#5 importing cache manifest from gcr.io/fuzzbench/runners/afl/lwan_lwan-intermediate
#5 sha256:22f03a297b5879f6bad3537d4c50cb2fd40066a0cc7a2b539f98d4f92998a42d
#5 ERROR: gcr.io/fuzzbench/runners/afl/lwan_lwan-intermediate:latest: not found

#4 [1/1] FROM gcr.io/fuzzbench/base-image
#4 sha256:4d07825694520f8b6f6a0d8592dbd345433361ae044cb7f06706c5a95e3daaad
#4 CACHED

#6 exporting to image
#6 sha256:e8c613e07b0b7ff33893b694f7759a10d42e180f2b4dc349fb57dc6b71dcab00
#6 exporting layers done
#6 writing image sha256:0be13cc299ea0e54ec5de825181e3bed3eb180c53e5a326522f59bc9b5a62000
#6 writing image sha256:0be13cc299ea0e54ec5de825181e3bed3eb180c53e5a326522f59bc9b5a62000 0.0s done
#6 naming to gcr.io/fuzzbench/runners/afl/lwan_lwan-intermediate 0.0s done
#6 DONE 0.2s

#7 exporting cache
#7 sha256:2700d4ef94dee473593c5c614b55b2dedcca7893909811a8f2b48291a1f581e4
#7 preparing build cache for export done
#7 DONE 0.0s
------
 > importing cache manifest from gcr.io/fuzzbench/runners/afl/lwan_lwan-intermediate:
------
#1 [internal] load build definition from Dockerfile
#1 sha256:e667b01cfb6689f409d7e11d30d265caee9fa4861cdad85a957ee6d38aaadd92
#1 transferring dockerfile: 3.17kB done
#1 DONE 0.1s

#2 [internal] load .dockerignore
#2 sha256:ed73dca3fee90c5bbf0b7cc7c6011891cf0dc6821700f06624232a2072580c25
#2 transferring context: 34B done
#2 DONE 0.1s

#4 [internal] load metadata for gcr.io/fuzzbench/builders/afl/lwan_lwan:latest
#4 sha256:884a4fc6d3aed02903afba176e7869fcdd41a0be13312688779e7bd8622f1173
#4 DONE 0.0s

#3 [internal] load metadata for gcr.io/fuzzbench/runners/afl/lwan_lwan-intermediate:latest
#3 sha256:0ab898f115c5e50c08587896087cff3614cbc971735eca8f4c7f7425bdd5fb15
#3 DONE 0.0s

#12 [internal] load build context
#12 sha256:b42d200fd5799932a9522494472e41c3967966531cf2ed9299066cf67dce3e8c
#12 DONE 0.0s

#6 [stage-1  1/13] FROM gcr.io/fuzzbench/runners/afl/lwan_lwan-intermediate
#6 sha256:11f9da0fbc60441afff87476a4609b34ea51940c93d058eb651d4809d787eec5
#6 DONE 0.0s

#10 [builder 1/1] FROM gcr.io/fuzzbench/builders/afl/lwan_lwan
#10 sha256:12628b26ee9aaf8074766bf24e83a72d24d7d5f4cd9db620d226aef765aaf526
#10 DONE 0.0s

#5 importing cache manifest from gcr.io/fuzzbench/runners/afl/lwan_lwan
#5 sha256:ea73d2bd3b0b5a7b1145daab1363d86f84a4b2d8529da18f17d6a9ed01de0e4a
#5 ERROR: gcr.io/fuzzbench/runners/afl/lwan_lwan:latest: not found

#12 [internal] load build context
#12 sha256:b42d200fd5799932a9522494472e41c3967966531cf2ed9299066cf67dce3e8c
#12 transferring context: 19.01MB 0.7s done
#12 DONE 0.8s

#10 [builder 1/1] FROM gcr.io/fuzzbench/builders/afl/lwan_lwan
#10 sha256:12628b26ee9aaf8074766bf24e83a72d24d7d5f4cd9db620d226aef765aaf526
#10 DONE 3.2s

#7 [stage-1  2/13] RUN apt-get update -y && apt-get install -y     libglib2.0-0     libxml2     libarchive13     libgss3
#7 sha256:b9a0ba899a0d2331dc6c61ba910ed1c8f7b5d055f77ceaddefe81c069e313c67
#7 CACHED

#8 [stage-1  3/13] RUN mkdir -p /out
#8 sha256:3fd50946eb36c30ed83e263ffa602b648ae758f938ca9f608671ac8dfac267d6
#8 CACHED

#9 [stage-1  4/13] WORKDIR /out
#9 sha256:e667f959874bc792f0febf8caf756adc9e66fd7ae9cf03cea2474133cdbf5306
#9 CACHED

#11 [stage-1  5/13] COPY --from=builder /out/ ./
#11 sha256:675cf16f11ac5130b926db429230c7c6b82250b806329619f13410a83aca37f8
#11 DONE 0.4s

#13 [stage-1  6/13] COPY benchmarks /src/benchmarks
#13 sha256:91b166ea7ab6ff923c9f542b2ef44844571f4c3362916bb20ff1db6e6aac010d
#13 DONE 1.9s

#14 [stage-1  7/13] COPY fuzzers /src/fuzzers
#14 sha256:d90e41988f673ef7345d3864f0a37f3b1e8e573fe2efe85837d10813fcc7610d
#14 DONE 0.8s

#15 [stage-1  8/13] RUN touch __init__.py
#15 sha256:960db64883687f1ec46d0b11a138d220e6c70fc6904714360064a67c7b418def
#15 DONE 0.7s

#16 [stage-1  9/13] RUN mkdir -p /out/seeds /out/corpus
#16 sha256:0ba66bc124f40fca8e1fd110316323f334d21ed267c370f8c22a603ceb92f498
#16 DONE 0.8s

#17 [stage-1 10/13] COPY common /src/common
#17 sha256:3f8bb0f414880bbd7ebd3af9676228403b2ba093c4b5ef616a59b3f0aca91da2
#17 DONE 0.4s

#18 [stage-1 11/13] COPY experiment/runner.py /src/experiment/runner.py
#18 sha256:6667db8be95579060c0223613e9fbda7dc5c6bdefb6d5be1cda838a7bedb9ac7
#18 DONE 0.3s

#19 [stage-1 12/13] COPY docker/benchmark-runner /src/docker/benchmark-runner
#19 sha256:b8dc548b2c1636630902c70c6df60709b130a44746e0acbcf54e000b6fdbade3
#19 DONE 0.4s

#20 [stage-1 13/13] RUN chmod +x /src/docker/benchmark-runner/startup-runner.sh
#20 sha256:9a7b3ff2aebf861e641c258d5a6aae3e6601d7085256463cb9b4e6f8593f29bb
#20 DONE 0.7s

#21 exporting to image
#21 sha256:e8c613e07b0b7ff33893b694f7759a10d42e180f2b4dc349fb57dc6b71dcab00
#21 exporting layers done
#21 writing image sha256:b55876657cc76147b22680d6678bf2419169657133ca3187a3efea72b8c1dd6c done
#21 naming to gcr.io/fuzzbench/runners/afl/lwan_lwan done
#21 DONE 0.1s

#22 exporting cache
#22 sha256:2700d4ef94dee473593c5c614b55b2dedcca7893909811a8f2b48291a1f581e4
#22 preparing build cache for export done
#22 DONE 0.0s
------
 > importing cache manifest from gcr.io/fuzzbench/runners/afl/lwan_lwan:
------
INFO:root:Doing trial as part of experiment.
INFO:root:Starting trial.
ERROR:root:Fuzz target binary not found.
INFO:root:Doing final sync.
ERROR:root:Call to <function get_stats at 0x7f4c74cd7ee0> failed. Extras: {'traceback': 'Traceback (most recent call last):\n  File "/src/experiment/runner.py", line 374, in record_stats\n    stats_json_str = fuzzer_module_get_stats(output_corpus,\n  File "/src/fuzzers/afl/fuzzer.py", line 51, in get_stats\n    with open(stats_file) as file_handle:\nFileNotFoundError: [Errno 2] No such file or directory: \'/out/corpus/fuzzer_stats\'\n'}
/bin/sh: 1: source: not found
#1 [internal] load build definition from Dockerfile
#1 sha256:c9f3a9b0d2756128811162889278b4f95e20f7e63043ef63133c5aa4fa3f906d
#1 transferring dockerfile: 32B done
#1 DONE 0.9s

#2 [internal] load .dockerignore
#2 sha256:f7f5180b1a2ec8707b41879b8653fcc850fdc586a2ab1f79a89920ecdba59a78
#2 transferring context: 2B done
#2 DONE 1.2s

#3 [internal] load metadata for gcr.io/oss-fuzz-base/base-builder:latest
#3 sha256:f10dc39cc9d418a5bc416dead31a1902b6821fdae909cd3b08f7a3fd1faba7b5
#3 DONE 0.9s

#5 [1/6] FROM gcr.io/oss-fuzz-base/base-builder@sha256:112044a9815d235113677d459cf2ece740a51f2b85081c8f66943dcdc72ddf7f
#5 sha256:4aee4bf9f7280ac8b7f02b8d29e6e084dd034d2c294b4e3e05d8ce7048a1450f
#5 DONE 0.0s

#4 importing cache manifest from gcr.io/fuzzbench/builders/benchmark/lwan_lwan
#4 sha256:c9039c755abc84f97422785f5ad0863afccbb18af45b01b290a2a88c820d0931
#4 DONE 0.0s

#10 [internal] load build context
#10 sha256:39ea1f5a2b8e66d55421dccffe3e4b2b63f66ab6c3eb983558bf54265fa90795
#10 transferring context: 30B done
#10 DONE 0.1s

#7 [3/6] RUN apt-get install -y build-essential cmake git ninja-build zlib1g-dev
#7 sha256:1550c2edbecc526fa6bb7c4c67bbb221e4561fc3fec74f422ffe788844c423b1
#7 CACHED

#8 [4/6] RUN git clone --depth 1 git://github.com/lpereira/lwan
#8 sha256:4780fc79fd3865f446ebd1ea9bf04dc59adcc98d408542bf3048949df43a71f3
#8 CACHED

#9 [5/6] WORKDIR lwan
#9 sha256:de7862d7fe543be2192bd428672e805e37c496d9668c32d1ca1ca2557847778d
#9 CACHED

#6 [2/6] RUN apt-get update
#6 sha256:0cd80fe396dd52c284721de0d47bfcef9687ed3f0277e07193287c084c4259c8
#6 CACHED

#11 [6/6] COPY build.sh /src/
#11 sha256:608b8e56a6da537d7fd464f99cbd48d47f3ef83c6a0a9c415025cf96369dbee2
#11 CACHED

#12 exporting to image
#12 sha256:e8c613e07b0b7ff33893b694f7759a10d42e180f2b4dc349fb57dc6b71dcab00
#12 exporting layers done
#12 writing image sha256:d2f6b8aafd8e8717e55a4c8bfc878d6ef3cb8311eeae334bf1a9afed12a2bd0b 0.0s done
#12 naming to gcr.io/fuzzbench/builders/benchmark/lwan_lwan done
#12 DONE 0.4s

#13 exporting cache
#13 sha256:2700d4ef94dee473593c5c614b55b2dedcca7893909811a8f2b48291a1f581e4
#13 preparing build cache for export done
#13 DONE 0.0s
#1 [internal] load build definition from builder.Dockerfile
#1 sha256:531e2d0a95cb43a5efe932d7c369aa985497944d16afa0bde1c4aeec0b9d6052
#1 transferring dockerfile: 1.35kB done
#1 DONE 0.1s

#2 [internal] load .dockerignore
#2 sha256:1bec85a954da8dd4c9d94e94531b64ad181157d6be257830662a1e009b07b1c3
#2 transferring context: 2B done
#2 DONE 0.1s

#3 [internal] load metadata for gcr.io/fuzzbench/builders/benchmark/lwan_lwan:latest
#3 sha256:e135cb06006f20c1cbf26a025ce5e4f38ee60dd46b62d0f462b62f0582001a5d
#3 DONE 0.0s

#4 importing cache manifest from gcr.io/fuzzbench/builders/afl/lwan_lwan-intermediate
#4 sha256:f6515b19d23f4f011198317ef9f5018efaf20bd52bc34ec4cf27a5aaea0832d5
#4 DONE 0.0s

#5 [1/3] FROM gcr.io/fuzzbench/builders/benchmark/lwan_lwan
#5 sha256:a3cb8566e4dd0ae019c7b1e1321704e8fff1b203a5a44adf2a1b9faed2ac45fe
#5 DONE 0.0s

#6 [2/3] RUN git clone https://github.com/google/AFL.git /afl &&     cd /afl &&     git checkout 61037103ae3722c8060ff7082994836a794f978e &&     AFL_NO_X86=1 make
#6 sha256:68fcbfafb5ed58558ebefe872b0d3b8e0b385fdf2d79836ebd0b112b314f8342
#6 CACHED

#7 [3/3] RUN apt-get update &&     apt-get install wget -y &&     wget https://raw.githubusercontent.com/llvm/llvm-project/5feb80e748924606531ba28c97fe65145c65372e/compiler-rt/lib/fuzzer/afl/afl_driver.cpp -O /afl/afl_driver.cpp &&     clang -Wno-pointer-sign -c /afl/llvm_mode/afl-llvm-rt.o.c -I/afl &&     clang++ -stdlib=libc++ -std=c++11 -O2 -c /afl/afl_driver.cpp &&     ar r /libAFL.a *.o
#7 sha256:64eb123ba97d9e7ddaf7afa0959d7ab00718baf1e93d803230a8bc507fbb5fa1
#7 CACHED

#8 exporting to image
#8 sha256:e8c613e07b0b7ff33893b694f7759a10d42e180f2b4dc349fb57dc6b71dcab00
#8 exporting layers done
#8 writing image sha256:6c698152ccabd96588081dd89b3ba2e46ca5c7fe587e2c24a2f44c221df7b3aa
#8 writing image sha256:6c698152ccabd96588081dd89b3ba2e46ca5c7fe587e2c24a2f44c221df7b3aa 0.0s done
#8 naming to gcr.io/fuzzbench/builders/afl/lwan_lwan-intermediate done
#8 DONE 0.4s

#9 exporting cache
#9 sha256:2700d4ef94dee473593c5c614b55b2dedcca7893909811a8f2b48291a1f581e4
#9 preparing build cache for export done
#9 DONE 0.0s
#1 [internal] load build definition from Dockerfile
#1 sha256:09b73fa4d58aa0b527c7e7eb1304928f4115c8356c307a36f6b46d6c3a3f7b2b
#1 transferring dockerfile: 2.00kB done
#1 DONE 0.1s

#2 [internal] load .dockerignore
#2 sha256:85f69d318613d7f0aae25dcb81b2aa27ae956ebab690ed0af2fdd6049870179c
#2 transferring context: 34B done
#2 DONE 0.1s

#3 [internal] load metadata for docker.io/library/ubuntu:xenial
#3 sha256:f62bae18ed588840f045c881b2502661f2a89578a2f8f99b83f5200ee83dd25b
#3 DONE 0.0s

#5 [1/7] FROM docker.io/library/ubuntu:xenial
#5 sha256:14dd403f25ae9e519bd44f27dc17af7ce80f5a4f9f48ca88108364e67ec5d360
#5 DONE 0.0s

#4 importing cache manifest from gcr.io/fuzzbench/base-image
#4 sha256:9b220ebb4d4daceed1b96df9b6dca076e762f1cd612574f010b82d5b9e5ad896
#4 DONE 0.0s

#8 [internal] load build context
#8 sha256:8fa96af167ae4f59652eeda709b3d77012ab4665b24631f03e86cc31ae7693fe
#8 transferring context: 559B 0.2s done
#8 DONE 0.2s

#9 [4/7] COPY ./requirements.txt /
#9 sha256:97889d9b7fad7dc67b7c520435c9d513d13028b612c3fcf48ad79f576f995730
#9 CACHED

#10 [5/7] RUN pip3 install -r /requirements.txt
#10 sha256:1ca2ef3e46459993d9686a56b0820f66d8ee97c77e99c883d33af31532113330
#10 CACHED

#11 [6/7] RUN apt-get update -y && apt-get install -y     apt-transport-https     lsb-release
#11 sha256:09f1d5b268bdd5f1752f24acb2f8e1b542f909f7c292a8e913cfc7ed57e43dbc
#11 CACHED

#6 [2/7] RUN apt-get update -y && apt-get install -y     build-essential     rsync     curl     zlib1g-dev     libncurses5-dev     libgdbm-dev     libnss3-dev     libssl-dev     libreadline-dev     libffi-dev     virtualenv     libbz2-dev     liblzma-dev     libsqlite3-dev
#6 sha256:3a1b0960f17eed529eaae93dc8fd3554f2743dd584d8fa569cdbe6bc734371ac
#6 CACHED

#7 [3/7] RUN cd /tmp/ &&     curl -O https://www.python.org/ftp/python/3.8.6/Python-3.8.6.tar.xz &&     tar -xvf Python-3.8.6.tar.xz &&     cd Python-3.8.6 &&     ./configure --enable-loadable-sqlite-extensions --enable-optimizations &&     make -j install &&     rm -r /tmp/Python-3.8.6.tar.xz /tmp/Python-3.8.6
#7 sha256:c5b9d1fb3371e84dbc60b76e7b2f8d5913bc93bcd4910ab65daa03e7b2ec4bb0
#7 CACHED

#12 [7/7] RUN CLOUD_SDK_REPO="cloud-sdk-$(lsb_release -c -s)" &&     echo "deb https://packages.cloud.google.com/apt $CLOUD_SDK_REPO main"     | tee -a /etc/apt/sources.list.d/google-cloud-sdk.list &&     curl https://packages.cloud.google.com/apt/doc/apt-key.gpg     | apt-key add - &&     apt-get update -y &&     apt-get install -y google-cloud-sdk
#12 sha256:763a6bb0a0a667f782128865143e45163f5733df756cc009010bcefe7fe10786
#12 CACHED

#13 exporting to image
#13 sha256:e8c613e07b0b7ff33893b694f7759a10d42e180f2b4dc349fb57dc6b71dcab00
#13 exporting layers done
#13 writing image sha256:e1fa3f275ef7ad2553590e7204281a5a2ad685bd7462476fda6757b0aea51a9c 0.0s done
#13 naming to gcr.io/fuzzbench/base-image done
#13 DONE 0.1s

#14 exporting cache
#14 sha256:2700d4ef94dee473593c5c614b55b2dedcca7893909811a8f2b48291a1f581e4
#14 preparing build cache for export done
#14 DONE 0.0s
#2 [internal] load .dockerignore
#2 sha256:34f95d45bd78d2c7de7b841895192d164751484908cdee6823db62642c61076a
#2 transferring context: 34B done
#2 DONE 0.2s

#1 [internal] load build definition from Dockerfile
#1 sha256:2bc72ef9b05ff43b94297e1c23f5727f759554f7d43ba24cf1d5fb90e3bca58d
#1 transferring dockerfile: 2.22kB done
#1 DONE 0.2s

#4 [internal] load metadata for gcr.io/fuzzbench/base-image:latest
#4 sha256:932022888f650cc455b10eb5123bb08c0cccacac29a693e69314abbfd28a72c3
#4 DONE 0.0s

#3 [internal] load metadata for gcr.io/fuzzbench/builders/afl/lwan_lwan-intermediate:latest
#3 sha256:7bf9f173c5e9bffaae80f357ae405e7d130af476d99952737c85bd62c9bd209a
#3 DONE 0.0s

#7 [base-image 1/1] FROM gcr.io/fuzzbench/base-image
#7 sha256:4d07825694520f8b6f6a0d8592dbd345433361ae044cb7f06706c5a95e3daaad
#7 DONE 0.0s

#5 importing cache manifest from gcr.io/fuzzbench/builders/afl/lwan_lwan
#5 sha256:bc0584f7e808d980663e4dabe1c94d5dcdbb6a2461bcbb9d082e318f04883e75
#5 DONE 0.0s

#6 [stage-1  1/13] FROM gcr.io/fuzzbench/builders/afl/lwan_lwan-intermediate
#6 sha256:9e6a4c6021db6d53d07ebf621c5d8c6460cabae3c467c2e31dcbb36662f5fd25
#6 DONE 0.0s

#12 [internal] load build context
#12 sha256:af3a789a6b9fc55453d5efc2a537d8a881b693507bb6510e25f6ab6cc21b0e86
#12 transferring context: 669.85kB 0.1s done
#12 DONE 0.1s

#10 [stage-1  4/13] COPY --from=base-image /usr/local/include/python3.8 /usr/local/include/python3.8
#10 sha256:ccd5ae1ada005ccf4d536ae50c4f08c61e345e97a6ec7156d0900609cfd5f762
#10 CACHED

#16 [stage-1  9/13] RUN mkdir /opt/fuzzbench/
#16 sha256:54392cefae5c86f362c93151830c575b11ce6503db12c8aff0e6dcdb76314731
#16 CACHED

#19 [stage-1 12/13] RUN echo "#!/bin/bash\nPYTHONPATH=/src python3 -u -c "from fuzzers import utils; utils.initialize_env(); from fuzzers.afl import fuzzer; fuzzer.build()"" > /usr/bin/fuzzer_build &&     chmod +x /usr/bin/fuzzer_build
#19 sha256:181c3877fbf6069591e2fb2a00d0e3c27952880898c82edafb603e86263398c7
#19 CACHED

#17 [stage-1 10/13] COPY docker/benchmark-builder/checkout_commit.py /opt/fuzzbench/
#17 sha256:e67a0e8cbe24fcc2ddcb75deb14247b9045391593ac625561da08ff85f99565d
#17 CACHED

#9 [stage-1  3/13] COPY --from=base-image /usr/local/lib/python3.8 /usr/local/lib/python3.8
#9 sha256:9476c5e3ed3e38164cbefbd9d6dbbb16963e94fa8b50e6b7919ee7ad2e03ceab
#9 CACHED

#14 [stage-1  7/13] RUN touch /src/__init__.py
#14 sha256:5cd6059c5bb0ef64239a30b09d7f0268ed8ecd1db4ad92637e9df8bcb39e4ca0
#14 CACHED

#13 [stage-1  6/13] COPY fuzzers /src/fuzzers
#13 sha256:cadd96379bdff28993169001f37d04b914defade5375624bcdfa7135d93d049c
#13 CACHED

#11 [stage-1  5/13] COPY --from=base-image /usr/local/lib/python3.8/site-packages /usr/local/lib/python3.8/site-packages
#11 sha256:e576a684be5a198e26e991f7bd811514d8f932ae178bc5ee642aef8c6414f4af
#11 CACHED

#8 [stage-1  2/13] COPY --from=base-image /usr/local/bin/python3* /usr/local/bin/
#8 sha256:5829fe543ce2fe24b988b8878269345db22082f4401d67fc75d1ebecf44c8288
#8 CACHED

#18 [stage-1 11/13] RUN export CHECKOUT_COMMIT=$(cat /benchmark.yaml | tr -d ' ' | grep 'commit:' | cut -d ':' -f2) &&     python3 -u /opt/fuzzbench/checkout_commit.py $CHECKOUT_COMMIT /src
#18 sha256:aa9e44f444c5a2410fc6cf8dc60fbcff263d614e1df1f5e3b5451d04067a7281
#18 CACHED

#15 [stage-1  8/13] COPY benchmarks/lwan_lwan/benchmark.yaml /
#15 sha256:dd4c22c8326dcd656e8426f87c86dc5cf8fa616a35c11e14073975704a6b1f96
#15 CACHED

#20 [stage-1 13/13] RUN echo "Run fuzzer_build to build the target" && if [ -z "$debug_builder" ] ; then fuzzer_build; fi
#20 sha256:216a65c20c41b0c0b319d1c4787b86b3c6bd091e28c23046310b45cb201b69b9
#20 CACHED

#21 exporting to image
#21 sha256:e8c613e07b0b7ff33893b694f7759a10d42e180f2b4dc349fb57dc6b71dcab00
#21 exporting layers done
#21 writing image sha256:2743b2deb57cb17e757e73faf3227c17a79e74f34b0232035460dcb4bf14aedf 0.0s done
#21 naming to gcr.io/fuzzbench/builders/afl/lwan_lwan done
#21 DONE 0.4s

#22 exporting cache
#22 sha256:2700d4ef94dee473593c5c614b55b2dedcca7893909811a8f2b48291a1f581e4
#22 preparing build cache for export
#22 preparing build cache for export done
#22 DONE 0.0s
#1 [internal] load build definition from runner.Dockerfile
#1 sha256:a13d06c5573b099f80b04263f0c18d015e9ef0ab5a52fbf8cd44332df2d0dc2a
#1 transferring dockerfile: 656B done
#1 DONE 0.1s

#2 [internal] load .dockerignore
#2 sha256:72c7fe0c4b0fd1c4f04ade40dc97e9d9f7fc15a508ad5a923e985f555f6d4187
#2 transferring context: 2B done
#2 DONE 0.1s

#3 [internal] load metadata for gcr.io/fuzzbench/base-image:latest
#3 sha256:932022888f650cc455b10eb5123bb08c0cccacac29a693e69314abbfd28a72c3
#3 DONE 0.0s

#4 importing cache manifest from gcr.io/fuzzbench/runners/afl/lwan_lwan-intermediate
#4 sha256:22f03a297b5879f6bad3537d4c50cb2fd40066a0cc7a2b539f98d4f92998a42d
#4 DONE 0.0s

#5 [1/1] FROM gcr.io/fuzzbench/base-image
#5 sha256:4d07825694520f8b6f6a0d8592dbd345433361ae044cb7f06706c5a95e3daaad
#5 CACHED

#6 exporting to image
#6 sha256:e8c613e07b0b7ff33893b694f7759a10d42e180f2b4dc349fb57dc6b71dcab00
#6 exporting layers done
#6 writing image sha256:0be13cc299ea0e54ec5de825181e3bed3eb180c53e5a326522f59bc9b5a62000
#6 writing image sha256:0be13cc299ea0e54ec5de825181e3bed3eb180c53e5a326522f59bc9b5a62000 0.0s done
#6 naming to gcr.io/fuzzbench/runners/afl/lwan_lwan-intermediate done
#6 DONE 0.5s

#7 exporting cache
#7 sha256:2700d4ef94dee473593c5c614b55b2dedcca7893909811a8f2b48291a1f581e4
#7 preparing build cache for export done
#7 DONE 0.0s
#1 [internal] load build definition from Dockerfile
#1 sha256:566ba397fdb65b6bdddbcaf5dd1c962c527e5f008d58222d0e2b73048e990c15
#1 transferring dockerfile: 3.17kB done
#1 DONE 0.1s

#2 [internal] load .dockerignore
#2 sha256:a0e2c233b4b379e95366c6c03d655f09836067426425d6dafd747dc78c45886c
#2 transferring context: 34B done
#2 DONE 0.2s

#4 [internal] load metadata for gcr.io/fuzzbench/builders/afl/lwan_lwan:latest
#4 sha256:884a4fc6d3aed02903afba176e7869fcdd41a0be13312688779e7bd8622f1173
#4 DONE 0.0s

#3 [internal] load metadata for gcr.io/fuzzbench/runners/afl/lwan_lwan-intermediate:latest
#3 sha256:0ab898f115c5e50c08587896087cff3614cbc971735eca8f4c7f7425bdd5fb15
#3 DONE 0.0s

#6 [stage-1  1/13] FROM gcr.io/fuzzbench/runners/afl/lwan_lwan-intermediate
#6 sha256:11f9da0fbc60441afff87476a4609b34ea51940c93d058eb651d4809d787eec5
#6 DONE 0.0s

#5 importing cache manifest from gcr.io/fuzzbench/runners/afl/lwan_lwan
#5 sha256:ea73d2bd3b0b5a7b1145daab1363d86f84a4b2d8529da18f17d6a9ed01de0e4a
#5 DONE 0.0s

#10 [builder 1/1] FROM gcr.io/fuzzbench/builders/afl/lwan_lwan
#10 sha256:12628b26ee9aaf8074766bf24e83a72d24d7d5f4cd9db620d226aef765aaf526
#10 DONE 0.0s

#12 [internal] load build context
#12 sha256:bf7a19716220903ff7cf1ecfa4bce0413e1957c88ddd3d364fb878b458eda4ef
#12 transferring context: 19.01MB 0.7s done
#12 DONE 0.9s

#17 [stage-1 10/13] COPY common /src/common
#17 sha256:0f5e88e38cfefe4470f48c3f6fd88a81b4d9710e5890e00e2a3c4b44a14d0ef0
#17 CACHED

#19 [stage-1 12/13] COPY docker/benchmark-runner /src/docker/benchmark-runner
#19 sha256:e8d31399dbd08ad50e508e0974812c5e0ac028d90558968a73c33ffae9d3ec4a
#19 CACHED

#7 [stage-1  2/13] RUN apt-get update -y && apt-get install -y     libglib2.0-0     libxml2     libarchive13     libgss3
#7 sha256:b9a0ba899a0d2331dc6c61ba910ed1c8f7b5d055f77ceaddefe81c069e313c67
#7 CACHED

#11 [stage-1  5/13] COPY --from=builder /out/ ./
#11 sha256:675cf16f11ac5130b926db429230c7c6b82250b806329619f13410a83aca37f8
#11 CACHED

#8 [stage-1  3/13] RUN mkdir -p /out
#8 sha256:3fd50946eb36c30ed83e263ffa602b648ae758f938ca9f608671ac8dfac267d6
#8 CACHED

#13 [stage-1  6/13] COPY benchmarks /src/benchmarks
#13 sha256:9db93903e3864190a95ae3a7a8c14c30fd407e6791e3a42f96af873804b0d1c2
#13 CACHED

#15 [stage-1  8/13] RUN touch __init__.py
#15 sha256:669d558883a300e3abf5c58a21586f760edddd355d46665c235e562d9230214d
#15 CACHED

#9 [stage-1  4/13] WORKDIR /out
#9 sha256:e667f959874bc792f0febf8caf756adc9e66fd7ae9cf03cea2474133cdbf5306
#9 CACHED

#16 [stage-1  9/13] RUN mkdir -p /out/seeds /out/corpus
#16 sha256:53150d100da432ef6c11c864f18275b2a5a9f85b3a19b04dc2e155b58c682c75
#16 CACHED

#18 [stage-1 11/13] COPY experiment/runner.py /src/experiment/runner.py
#18 sha256:6999aa27fe2598a4a21f405427ea60924abdc5ae9f19c41e6dff00eff69fff41
#18 CACHED

#14 [stage-1  7/13] COPY fuzzers /src/fuzzers
#14 sha256:3a99993f667f40bdd72e51a06961afb8937beb51537efb8634ca77fa0218a4ab
#14 CACHED

#20 [stage-1 13/13] RUN chmod +x /src/docker/benchmark-runner/startup-runner.sh
#20 sha256:8585a2058bba4e34f56adf62c5a5ac26d56cdc13eb8c3b597318c14f9dfb8c82
#20 CACHED

#21 exporting to image
#21 sha256:e8c613e07b0b7ff33893b694f7759a10d42e180f2b4dc349fb57dc6b71dcab00
#21 exporting layers done
#21 writing image sha256:b55876657cc76147b22680d6678bf2419169657133ca3187a3efea72b8c1dd6c 0.0s done
#21 naming to gcr.io/fuzzbench/runners/afl/lwan_lwan done
#21 DONE 0.4s

#22 exporting cache
#22 sha256:2700d4ef94dee473593c5c614b55b2dedcca7893909811a8f2b48291a1f581e4
#22 preparing build cache for export done
#22 DONE 0.0s
INFO:root:Doing trial as part of experiment.
INFO:root:Starting trial.
ERROR:root:Fuzz target binary not found.
INFO:root:Doing final sync.
ERROR:root:Call to <function get_stats at 0x7f11e00aeee0> failed. Extras: {'traceback': 'Traceback (most recent call last):\n  File "/src/experiment/runner.py", line 374, in record_stats\n    stats_json_str = fuzzer_module_get_stats(output_corpus,\n  File "/src/fuzzers/afl/fuzzer.py", line 51, in get_stats\n    with open(stats_file) as file_handle:\nFileNotFoundError: [Errno 2] No such file or directory: \'/out/corpus/fuzzer_stats\'\n'}
