WARNING:root:gcloud not found in PATH.
INFO:root:Successfully integrated benchmark: ecc-diff-fuzzer_ecc-diff-fuzzer.
INFO:root:Please run "make test-run-afl-ecc-diff-fuzzer_ecc-diff-fuzzer" to test integration.
#1 [internal] load build definition from Dockerfile
#1 sha256:b746eecdf869ab69604c46d93d9ac3e56c37790530191a71ddb6da4317511cbe
#1 transferring dockerfile: 1.96kB done
#1 DONE 0.0s

#2 [internal] load .dockerignore
#2 sha256:d90cf05818c9b8c7651a9932194f855b41af0734960f3439c3c4157a27620fdf
#2 transferring context: 2B done
#2 DONE 0.0s

#3 [internal] load metadata for gcr.io/oss-fuzz-base/base-builder:latest
#3 sha256:f10dc39cc9d418a5bc416dead31a1902b6821fdae909cd3b08f7a3fd1faba7b5
#3 DONE 0.4s

#26 [internal] load build context
#26 sha256:0b9e2d8866d63b699caf1a98e0e51d68729b8b938396e1cc51dff159e7c97ba7
#26 DONE 0.0s

#21 https://gmplib.org/download/gmp/gmp-6.1.2.tar.bz2
#21 sha256:930d0f8a157357fe359cf9c1f98df83dc0015f886673e23f1c8a9fd0d1c76d50
#21 ...

#4 importing cache manifest from gcr.io/fuzzbench/builders/benchmark/ecc-diff-fuzzer_ecc-diff-fuzzer
#4 sha256:972ac9284d75d1120ae3b9057ad788dbaef546d995547185b82a98e5e388d3ee
#4 ERROR: gcr.io/fuzzbench/builders/benchmark/ecc-diff-fuzzer_ecc-diff-fuzzer:latest: not found

#5 [ 1/21] FROM gcr.io/oss-fuzz-base/base-builder@sha256:77750d283f2957d1beeddda2e8f6c5604ab5f969a3616e9cac40f4261ca04c0a
#5 sha256:7999addb2cd81975cd6421c6aaef5643a901995c540a40e8df741ab4c30f6043
#5 CACHED

#26 [internal] load build context
#26 sha256:0b9e2d8866d63b699caf1a98e0e51d68729b8b938396e1cc51dff159e7c97ba7
#26 transferring context: 3.65kB done
#26 DONE 0.0s

#21 https://gmplib.org/download/gmp/gmp-6.1.2.tar.bz2
#21 sha256:930d0f8a157357fe359cf9c1f98df83dc0015f886673e23f1c8a9fd0d1c76d50
#21 DONE 0.6s

#6 [ 2/21] RUN apt-get update && apt-get install -y make cmake bzip2 autoconf automake gettext libtool python curl
#6 sha256:beac5603f67bcf32b2795b1abc8716a04d8b4f95287b1b747309eb09486c1ffc
#6 ...

#21 https://gmplib.org/download/gmp/gmp-6.1.2.tar.bz2
#21 sha256:930d0f8a157357fe359cf9c1f98df83dc0015f886673e23f1c8a9fd0d1c76d50
#21 DONE 0.0s

#6 [ 2/21] RUN apt-get update && apt-get install -y make cmake bzip2 autoconf automake gettext libtool python curl
#6 sha256:beac5603f67bcf32b2795b1abc8716a04d8b4f95287b1b747309eb09486c1ffc
#6 0.549 Hit:1 http://archive.ubuntu.com/ubuntu focal InRelease
#6 0.549 Hit:2 http://ppa.launchpad.net/git-core/ppa/ubuntu focal InRelease
#6 0.556 Get:3 http://archive.ubuntu.com/ubuntu focal-updates InRelease [114 kB]
#6 0.648 Get:4 http://archive.ubuntu.com/ubuntu focal-backports InRelease [108 kB]
#6 0.714 Get:5 http://security.ubuntu.com/ubuntu focal-security InRelease [114 kB]
#6 1.070 Get:6 http://archive.ubuntu.com/ubuntu focal-updates/universe i386 Packages [826 kB]
#6 1.181 Get:7 http://archive.ubuntu.com/ubuntu focal-updates/main i386 Packages [752 kB]
#6 1.237 Get:8 http://archive.ubuntu.com/ubuntu focal-updates/main amd64 Packages [1973 kB]
#6 1.385 Get:9 http://archive.ubuntu.com/ubuntu focal-updates/universe amd64 Packages [1133 kB]
#6 1.470 Get:10 http://security.ubuntu.com/ubuntu focal-security/universe i386 Packages [656 kB]
#6 1.860 Get:11 http://security.ubuntu.com/ubuntu focal-security/restricted amd64 Packages [961 kB]
#6 1.989 Get:12 http://security.ubuntu.com/ubuntu focal-security/main amd64 Packages [1546 kB]
#6 2.118 Get:13 http://security.ubuntu.com/ubuntu focal-security/universe amd64 Packages [839 kB]
#6 2.180 Get:14 http://security.ubuntu.com/ubuntu focal-security/main i386 Packages [464 kB]
#6 2.459 Fetched 9486 kB in 2s (4982 kB/s)
#6 2.459 Reading package lists...
#6 4.041 Reading package lists...
#6 5.450 Building dependency tree...
#6 5.660 Reading state information...
#6 5.876 bzip2 is already the newest version (1.0.8-2).
#6 5.876 make is already the newest version (4.2.1-1.2).
#6 5.876 make set to manually installed.
#6 5.876 curl is already the newest version (7.68.0-1ubuntu2.7).
#6 5.876 The following additional packages will be installed:
#6 5.877   autotools-dev cmake-data gettext-base libarchive13 libcroco3 libjsoncpp1
#6 5.877   libltdl-dev libltdl7 libpython2-stdlib libpython2.7-minimal
#6 5.878   libpython2.7-stdlib librhash0 libsigsegv2 libuv1 m4 python2 python2-minimal
#6 5.878   python2.7 python2.7-minimal
#6 5.880 Suggested packages:
#6 5.880   autoconf-archive gnu-standards autoconf-doc cmake-doc ninja-build
#6 5.880   gettext-doc autopoint libasprintf-dev libgettextpo-dev lrzip libtool-doc
#6 5.880   gfortran | fortran95-compiler gcj-jdk m4-doc python2-doc python-tk
#6 5.880   python2.7-doc binfmt-support
#6 6.038 The following NEW packages will be installed:
#6 6.039   autoconf automake autotools-dev cmake cmake-data gettext gettext-base
#6 6.039   libarchive13 libcroco3 libjsoncpp1 libltdl-dev libltdl7 libpython2-stdlib
#6 6.040   libpython2.7-minimal libpython2.7-stdlib librhash0 libsigsegv2 libtool
#6 6.040   libuv1 m4 python-is-python2 python2 python2-minimal python2.7
#6 6.040   python2.7-minimal
#6 6.116 0 upgraded, 25 newly installed, 0 to remove and 0 not upgraded.
#6 6.116 Need to get 12.2 MB of archives.
#6 6.116 After this operation, 57.1 MB of additional disk space will be used.
#6 6.116 Get:1 http://archive.ubuntu.com/ubuntu focal-updates/universe amd64 libpython2.7-minimal amd64 2.7.18-1~20.04.1 [335 kB]
#6 6.248 Get:2 http://archive.ubuntu.com/ubuntu focal-updates/universe amd64 python2.7-minimal amd64 2.7.18-1~20.04.1 [1285 kB]
#6 6.344 Get:3 http://archive.ubuntu.com/ubuntu focal/universe amd64 python2-minimal amd64 2.7.17-2ubuntu4 [27.5 kB]
#6 6.345 Get:4 http://archive.ubuntu.com/ubuntu focal-updates/universe amd64 libpython2.7-stdlib amd64 2.7.18-1~20.04.1 [1887 kB]
#6 6.487 Get:5 http://archive.ubuntu.com/ubuntu focal-updates/universe amd64 python2.7 amd64 2.7.18-1~20.04.1 [248 kB]
#6 6.505 Get:6 http://archive.ubuntu.com/ubuntu focal/universe amd64 libpython2-stdlib amd64 2.7.17-2ubuntu4 [7072 B]
#6 6.506 Get:7 http://archive.ubuntu.com/ubuntu focal/universe amd64 python2 amd64 2.7.17-2ubuntu4 [26.5 kB]
#6 6.507 Get:8 http://archive.ubuntu.com/ubuntu focal/main amd64 gettext-base amd64 0.19.8.1-10build1 [50.2 kB]
#6 6.511 Get:9 http://archive.ubuntu.com/ubuntu focal-updates/main amd64 libuv1 amd64 1.34.2-1ubuntu1.3 [80.8 kB]
#6 6.517 Get:10 http://archive.ubuntu.com/ubuntu focal/main amd64 libsigsegv2 amd64 2.12-2 [13.9 kB]
#6 6.518 Get:11 http://archive.ubuntu.com/ubuntu focal/main amd64 m4 amd64 1.4.18-4 [199 kB]
#6 6.533 Get:12 http://archive.ubuntu.com/ubuntu focal/main amd64 autoconf all 2.69-11.1 [321 kB]
#6 6.558 Get:13 http://archive.ubuntu.com/ubuntu focal/main amd64 autotools-dev all 20180224.1 [39.6 kB]
#6 6.561 Get:14 http://archive.ubuntu.com/ubuntu focal/main amd64 automake all 1:1.16.1-4ubuntu6 [522 kB]
#6 6.601 Get:15 http://archive.ubuntu.com/ubuntu focal/main amd64 cmake-data all 3.16.3-1ubuntu1 [1612 kB]
#6 6.722 Get:16 http://archive.ubuntu.com/ubuntu focal/main amd64 libarchive13 amd64 3.4.0-2ubuntu1 [327 kB]
#6 6.746 Get:17 http://archive.ubuntu.com/ubuntu focal/main amd64 libjsoncpp1 amd64 1.7.4-3.1ubuntu2 [75.6 kB]
#6 6.752 Get:18 http://archive.ubuntu.com/ubuntu focal/main amd64 librhash0 amd64 1.3.9-1 [113 kB]
#6 6.761 Get:19 http://archive.ubuntu.com/ubuntu focal/main amd64 cmake amd64 3.16.3-1ubuntu1 [3669 kB]
#6 7.037 Get:20 http://archive.ubuntu.com/ubuntu focal/main amd64 libcroco3 amd64 0.6.13-1 [82.5 kB]
#6 7.043 Get:21 http://archive.ubuntu.com/ubuntu focal/main amd64 gettext amd64 0.19.8.1-10build1 [895 kB]
#6 7.110 Get:22 http://archive.ubuntu.com/ubuntu focal/main amd64 libltdl7 amd64 2.4.6-14 [38.5 kB]
#6 7.112 Get:23 http://archive.ubuntu.com/ubuntu focal/main amd64 libltdl-dev amd64 2.4.6-14 [162 kB]
#6 7.125 Get:24 http://archive.ubuntu.com/ubuntu focal/main amd64 libtool all 2.4.6-14 [161 kB]
#6 7.137 Get:25 http://archive.ubuntu.com/ubuntu focal/universe amd64 python-is-python2 all 2.7.17-4 [2496 B]
#6 7.932 debconf: delaying package configuration, since apt-utils is not installed
#6 8.005 Fetched 12.2 MB in 1s (11.2 MB/s)
#6 8.075 Selecting previously unselected package libpython2.7-minimal:amd64.
#6 8.075 (Reading database ... (Reading database ... 5%(Reading database ... 10%(Reading database ... 15%(Reading database ... 20%(Reading database ... 25%(Reading database ... 30%(Reading database ... 35%(Reading database ... 40%(Reading database ... 45%(Reading database ... 50%(Reading database ... 55%(Reading database ... 60%(Reading database ... 65%(Reading database ... 70%(Reading database ... 75%(Reading database ... 80%(Reading database ... 85%(Reading database ... 90%(Reading database ... 95%(Reading database ... 100%(Reading database ... 21291 files and directories currently installed.)
#6 8.229 Preparing to unpack .../0-libpython2.7-minimal_2.7.18-1~20.04.1_amd64.deb ...
#6 8.237 Unpacking libpython2.7-minimal:amd64 (2.7.18-1~20.04.1) ...
#6 8.437 Selecting previously unselected package python2.7-minimal.
#6 8.440 Preparing to unpack .../1-python2.7-minimal_2.7.18-1~20.04.1_amd64.deb ...
#6 8.459 Unpacking python2.7-minimal (2.7.18-1~20.04.1) ...
#6 8.707 Selecting previously unselected package python2-minimal.
#6 8.710 Preparing to unpack .../2-python2-minimal_2.7.17-2ubuntu4_amd64.deb ...
#6 8.730 Unpacking python2-minimal (2.7.17-2ubuntu4) ...
#6 8.835 Selecting previously unselected package libpython2.7-stdlib:amd64.
#6 8.838 Preparing to unpack .../3-libpython2.7-stdlib_2.7.18-1~20.04.1_amd64.deb ...
#6 8.842 Unpacking libpython2.7-stdlib:amd64 (2.7.18-1~20.04.1) ...
#6 9.128 Selecting previously unselected package python2.7.
#6 9.131 Preparing to unpack .../4-python2.7_2.7.18-1~20.04.1_amd64.deb ...
#6 9.137 Unpacking python2.7 (2.7.18-1~20.04.1) ...
#6 9.226 Selecting previously unselected package libpython2-stdlib:amd64.
#6 9.229 Preparing to unpack .../5-libpython2-stdlib_2.7.17-2ubuntu4_amd64.deb ...
#6 9.244 Unpacking libpython2-stdlib:amd64 (2.7.17-2ubuntu4) ...
#6 9.346 Setting up libpython2.7-minimal:amd64 (2.7.18-1~20.04.1) ...
#6 9.408 Setting up python2.7-minimal (2.7.18-1~20.04.1) ...
#6 9.784 Setting up python2-minimal (2.7.17-2ubuntu4) ...
#6 9.889 Selecting previously unselected package python2.
#6 9.889 (Reading database ... (Reading database ... 5%(Reading database ... 10%(Reading database ... 15%(Reading database ... 20%(Reading database ... 25%(Reading database ... 30%(Reading database ... 35%(Reading database ... 40%(Reading database ... 45%(Reading database ... 50%(Reading database ... 55%(Reading database ... 60%(Reading database ... 65%(Reading database ... 70%(Reading database ... 75%(Reading database ... 80%(Reading database ... 85%(Reading database ... 90%(Reading database ... 95%(Reading database ... 100%(Reading database ... 22038 files and directories currently installed.)
#6 9.911 Preparing to unpack .../00-python2_2.7.17-2ubuntu4_amd64.deb ...
#6 9.923 Unpacking python2 (2.7.17-2ubuntu4) ...
#6 9.976 Selecting previously unselected package gettext-base.
#6 9.979 Preparing to unpack .../01-gettext-base_0.19.8.1-10build1_amd64.deb ...
#6 9.987 Unpacking gettext-base (0.19.8.1-10build1) ...
#6 10.04 Selecting previously unselected package libuv1:amd64.
#6 10.04 Preparing to unpack .../02-libuv1_1.34.2-1ubuntu1.3_amd64.deb ...
#6 10.05 Unpacking libuv1:amd64 (1.34.2-1ubuntu1.3) ...
#6 10.10 Selecting previously unselected package libsigsegv2:amd64.
#6 10.10 Preparing to unpack .../03-libsigsegv2_2.12-2_amd64.deb ...
#6 10.11 Unpacking libsigsegv2:amd64 (2.12-2) ...
#6 10.14 Selecting previously unselected package m4.
#6 10.14 Preparing to unpack .../04-m4_1.4.18-4_amd64.deb ...
#6 10.15 Unpacking m4 (1.4.18-4) ...
#6 10.21 Selecting previously unselected package autoconf.
#6 10.21 Preparing to unpack .../05-autoconf_2.69-11.1_all.deb ...
#6 10.22 Unpacking autoconf (2.69-11.1) ...
#6 10.31 Selecting previously unselected package autotools-dev.
#6 10.31 Preparing to unpack .../06-autotools-dev_20180224.1_all.deb ...
#6 10.31 Unpacking autotools-dev (20180224.1) ...
#6 10.36 Selecting previously unselected package automake.
#6 10.36 Preparing to unpack .../07-automake_1%3a1.16.1-4ubuntu6_all.deb ...
#6 10.37 Unpacking automake (1:1.16.1-4ubuntu6) ...
#6 10.49 Selecting previously unselected package cmake-data.
#6 10.49 Preparing to unpack .../08-cmake-data_3.16.3-1ubuntu1_all.deb ...
#6 10.50 Unpacking cmake-data (3.16.3-1ubuntu1) ...
#6 11.14 Selecting previously unselected package libarchive13:amd64.
#6 11.15 Preparing to unpack .../09-libarchive13_3.4.0-2ubuntu1_amd64.deb ...
#6 11.15 Unpacking libarchive13:amd64 (3.4.0-2ubuntu1) ...
#6 11.23 Selecting previously unselected package libjsoncpp1:amd64.
#6 11.23 Preparing to unpack .../10-libjsoncpp1_1.7.4-3.1ubuntu2_amd64.deb ...
#6 11.24 Unpacking libjsoncpp1:amd64 (1.7.4-3.1ubuntu2) ...
#6 11.30 Selecting previously unselected package librhash0:amd64.
#6 11.30 Preparing to unpack .../11-librhash0_1.3.9-1_amd64.deb ...
#6 11.31 Unpacking librhash0:amd64 (1.3.9-1) ...
#6 11.38 Selecting previously unselected package cmake.
#6 11.38 Preparing to unpack .../12-cmake_3.16.3-1ubuntu1_amd64.deb ...
#6 11.39 Unpacking cmake (3.16.3-1ubuntu1) ...
#6 11.84 Selecting previously unselected package libcroco3:amd64.
#6 11.84 Preparing to unpack .../13-libcroco3_0.6.13-1_amd64.deb ...
#6 11.84 Unpacking libcroco3:amd64 (0.6.13-1) ...
#6 11.89 Selecting previously unselected package gettext.
#6 11.89 Preparing to unpack .../14-gettext_0.19.8.1-10build1_amd64.deb ...
#6 11.90 Unpacking gettext (0.19.8.1-10build1) ...
#6 12.03 Selecting previously unselected package libltdl7:amd64.
#6 12.04 Preparing to unpack .../15-libltdl7_2.4.6-14_amd64.deb ...
#6 12.04 Unpacking libltdl7:amd64 (2.4.6-14) ...
#6 12.09 Selecting previously unselected package libltdl-dev:amd64.
#6 12.10 Preparing to unpack .../16-libltdl-dev_2.4.6-14_amd64.deb ...
#6 12.10 Unpacking libltdl-dev:amd64 (2.4.6-14) ...
#6 12.18 Selecting previously unselected package libtool.
#6 12.18 Preparing to unpack .../17-libtool_2.4.6-14_all.deb ...
#6 12.19 Unpacking libtool (2.4.6-14) ...
#6 12.25 Selecting previously unselected package python-is-python2.
#6 12.26 Preparing to unpack .../18-python-is-python2_2.7.17-4_all.deb ...
#6 12.26 Unpacking python-is-python2 (2.7.17-4) ...
#6 12.31 Setting up libarchive13:amd64 (3.4.0-2ubuntu1) ...
#6 12.33 Setting up gettext-base (0.19.8.1-10build1) ...
#6 12.34 Setting up libpython2.7-stdlib:amd64 (2.7.18-1~20.04.1) ...
#6 12.36 Setting up autotools-dev (20180224.1) ...
#6 12.37 Setting up libuv1:amd64 (1.34.2-1ubuntu1.3) ...
#6 12.38 Setting up libsigsegv2:amd64 (2.12-2) ...
#6 12.39 Setting up libcroco3:amd64 (0.6.13-1) ...
#6 12.40 Setting up libltdl7:amd64 (2.4.6-14) ...
#6 12.41 Setting up librhash0:amd64 (1.3.9-1) ...
#6 12.42 Setting up cmake-data (3.16.3-1ubuntu1) ...
#6 12.44 Setting up libjsoncpp1:amd64 (1.7.4-3.1ubuntu2) ...
#6 12.45 Setting up gettext (0.19.8.1-10build1) ...
#6 12.46 Setting up python2.7 (2.7.18-1~20.04.1) ...
#6 13.41 Setting up libtool (2.4.6-14) ...
#6 13.43 Setting up libpython2-stdlib:amd64 (2.7.17-2ubuntu4) ...
#6 13.44 Setting up m4 (1.4.18-4) ...
#6 13.46 Setting up python2 (2.7.17-2ubuntu4) ...
#6 13.47 Setting up autoconf (2.69-11.1) ...
#6 13.49 Setting up cmake (3.16.3-1ubuntu1) ...
#6 13.51 Setting up python-is-python2 (2.7.17-4) ...
#6 13.52 Setting up automake (1:1.16.1-4ubuntu6) ...
#6 13.55 update-alternatives: using /usr/bin/automake-1.16 to provide /usr/bin/automake (automake) in auto mode
#6 13.55 update-alternatives: warning: skip creation of /usr/share/man/man1/automake.1.gz because associated file /usr/share/man/man1/automake-1.16.1.gz (of link group automake) doesn't exist
#6 13.55 update-alternatives: warning: skip creation of /usr/share/man/man1/aclocal.1.gz because associated file /usr/share/man/man1/aclocal-1.16.1.gz (of link group automake) doesn't exist
#6 13.56 Setting up libltdl-dev:amd64 (2.4.6-14) ...
#6 13.58 Processing triggers for libc-bin (2.31-0ubuntu9.2) ...
#6 13.71 Processing triggers for mime-support (3.64ubuntu1) ...
#6 DONE 14.5s

#7 [ 3/21] RUN rustup target add i686-unknown-linux-gnu
#7 sha256:4caffeb912985578292b0c5e7cdbc48baed68faf181fa6729defd6a868794dc5
#7 0.594 /bin/sh: 1: rustup: not found
#7 ERROR: executor failed running [/bin/sh -c rustup target add i686-unknown-linux-gnu]: exit code: 127
------
 > importing cache manifest from gcr.io/fuzzbench/builders/benchmark/ecc-diff-fuzzer_ecc-diff-fuzzer:
------
------
 > [ 3/21] RUN rustup target add i686-unknown-linux-gnu:
------
executor failed running [/bin/sh -c rustup target add i686-unknown-linux-gnu]: exit code: 127
make: *** [docker/generated.mk:12344: .ecc-diff-fuzzer_ecc-diff-fuzzer-project-builder] Error 1
/bin/sh: 1: source: not found
#1 [internal] load build definition from Dockerfile
#1 sha256:7dfbbff8a72232e3828bbeac9719e7aff279c3e708744715d8690f4d0bfd33ab
#1 transferring dockerfile: 32B done
#1 DONE 0.2s

#2 [internal] load .dockerignore
#2 sha256:33c6c778a0af33ca526d2732bbe29895f2d98cec407487508ecc7c0e4e953e6a
#2 transferring context: 2B done
#2 DONE 0.2s

#3 [internal] load metadata for gcr.io/oss-fuzz-base/base-builder:latest
#3 sha256:f10dc39cc9d418a5bc416dead31a1902b6821fdae909cd3b08f7a3fd1faba7b5
#3 DONE 0.4s

#26 [internal] load build context
#26 sha256:61a109231215ac0d1f10ad91aae37b8d18b09a3308e5321f1efe9efc96d6ea6c
#26 DONE 0.0s

#21 https://gmplib.org/download/gmp/gmp-6.1.2.tar.bz2
#21 sha256:930d0f8a157357fe359cf9c1f98df83dc0015f886673e23f1c8a9fd0d1c76d50
#21 DONE 0.0s

#4 importing cache manifest from gcr.io/fuzzbench/builders/benchmark/ecc-diff-fuzzer_ecc-diff-fuzzer
#4 sha256:972ac9284d75d1120ae3b9057ad788dbaef546d995547185b82a98e5e388d3ee
#4 ERROR: gcr.io/fuzzbench/builders/benchmark/ecc-diff-fuzzer_ecc-diff-fuzzer:latest: not found

#5 [ 1/21] FROM gcr.io/oss-fuzz-base/base-builder@sha256:77750d283f2957d1beeddda2e8f6c5604ab5f969a3616e9cac40f4261ca04c0a
#5 sha256:7999addb2cd81975cd6421c6aaef5643a901995c540a40e8df741ab4c30f6043
#5 DONE 0.0s

#6 [ 2/21] RUN apt-get update && apt-get install -y make cmake bzip2 autoconf automake gettext libtool python curl
#6 sha256:beac5603f67bcf32b2795b1abc8716a04d8b4f95287b1b747309eb09486c1ffc
#6 CACHED

#21 https://gmplib.org/download/gmp/gmp-6.1.2.tar.bz2
#21 sha256:930d0f8a157357fe359cf9c1f98df83dc0015f886673e23f1c8a9fd0d1c76d50
#21 CACHED

#26 [internal] load build context
#26 sha256:61a109231215ac0d1f10ad91aae37b8d18b09a3308e5321f1efe9efc96d6ea6c
#26 transferring context: 30B done
#26 DONE 0.0s

#7 [ 3/21] RUN rustup target add i686-unknown-linux-gnu
#7 sha256:4caffeb912985578292b0c5e7cdbc48baed68faf181fa6729defd6a868794dc5
#7 0.354 /bin/sh: 1: rustup: not found
#7 ERROR: executor failed running [/bin/sh -c rustup target add i686-unknown-linux-gnu]: exit code: 127
------
 > importing cache manifest from gcr.io/fuzzbench/builders/benchmark/ecc-diff-fuzzer_ecc-diff-fuzzer:
------
------
 > [ 3/21] RUN rustup target add i686-unknown-linux-gnu:
------
executor failed running [/bin/sh -c rustup target add i686-unknown-linux-gnu]: exit code: 127
make: *** [docker/generated.mk:12344: .ecc-diff-fuzzer_ecc-diff-fuzzer-project-builder] Error 1
